<?xml version="1.0" encoding="UTF-8"?>
<testsuite xmlns:xsi="http://www.w3.org/2001/XMLSchema-instance" xsi:noNamespaceSchemaLocation="https://maven.apache.org/surefire/maven-surefire-plugin/xsd/surefire-test-report-3.0.xsd" version="3.0" name="org.apache.nifi.security.util.crypto.Argon2CipherProviderGroovyTest" time="0.194" tests="16" errors="0" skipped="0" failures="0">
  <properties>
    <property name="sun.desktop" value="gnome"/>
    <property name="awt.toolkit" value="sun.awt.X11.XToolkit"/>
    <property name="java.specification.version" value="1.8"/>
    <property name="file.encoding.pkg" value="sun.io"/>
    <property name="nondexStart" value="0"/>
    <property name="sun.cpu.isalist" value=""/>
    <property name="sun.jnu.encoding" value="UTF-8"/>
    <property name="java.class.path" value="/home/alex/Repositories/nifi/nifi-commons/nifi-security-utils/target/test-classes:/home/alex/Repositories/nifi/nifi-commons/nifi-security-utils/target/classes:/home/alex/Repositories/nifi/nifi-api/target/classes:/home/alex/Repositories/nifi/nifi-commons/nifi-utils/target/classes:/home/alex/Repositories/nifi/nifi-commons/nifi-security-utils-api/target/classes:/home/alex/Repositories/nifi/nifi-commons/nifi-security-kms/target/classes:/home/alex/.m2/repository/org/apache/commons/commons-lang3/3.12.0/commons-lang3-3.12.0.jar:/home/alex/.m2/repository/commons-codec/commons-codec/1.14/commons-codec-1.14.jar:/home/alex/.m2/repository/org/bouncycastle/bcprov-jdk15on/1.69/bcprov-jdk15on-1.69.jar:/home/alex/.m2/repository/org/bouncycastle/bcpkix-jdk15on/1.69/bcpkix-jdk15on-1.69.jar:/home/alex/.m2/repository/org/bouncycastle/bcutil-jdk15on/1.69/bcutil-jdk15on-1.69.jar:/home/alex/Repositories/nifi/nifi-commons/nifi-properties/target/classes:/home/alex/Repositories/nifi/nifi-commons/nifi-property-utils/target/classes:/home/alex/.m2/repository/at/favre/lib/bcrypt/0.9.0/bcrypt-0.9.0.jar:/home/alex/.m2/repository/at/favre/lib/bytes/1.3.0/bytes-1.3.0.jar:/home/alex/.m2/repository/org/apache/commons/commons-configuration2/2.7/commons-configuration2-2.7.jar:/home/alex/.m2/repository/org/apache/commons/commons-text/1.8/commons-text-1.8.jar:/home/alex/.m2/repository/org/slf4j/jcl-over-slf4j/1.7.32/jcl-over-slf4j-1.7.32.jar:/home/alex/.m2/repository/org/slf4j/slf4j-api/1.7.32/slf4j-api-1.7.32.jar:/home/alex/.m2/repository/org/junit/jupiter/junit-jupiter-api/5.7.2/junit-jupiter-api-5.7.2.jar:/home/alex/.m2/repository/org/apiguardian/apiguardian-api/1.1.0/apiguardian-api-1.1.0.jar:/home/alex/.m2/repository/org/opentest4j/opentest4j/1.2.0/opentest4j-1.2.0.jar:/home/alex/.m2/repository/org/junit/platform/junit-platform-commons/1.7.2/junit-platform-commons-1.7.2.jar:/home/alex/.m2/repository/org/junit/jupiter/junit-jupiter-engine/5.7.2/junit-jupiter-engine-5.7.2.jar:/home/alex/.m2/repository/org/junit/platform/junit-platform-engine/1.7.2/junit-platform-engine-1.7.2.jar:/home/alex/.m2/repository/org/junit/vintage/junit-vintage-engine/5.7.2/junit-vintage-engine-5.7.2.jar:/home/alex/.m2/repository/junit/junit/4.13.2/junit-4.13.2.jar:/home/alex/.m2/repository/org/hamcrest/hamcrest-core/1.3/hamcrest-core-1.3.jar:/home/alex/.m2/repository/org/junit/jupiter/junit-jupiter-params/5.7.2/junit-jupiter-params-5.7.2.jar:/home/alex/.m2/repository/org/mockito/mockito-core/3.11.2/mockito-core-3.11.2.jar:/home/alex/.m2/repository/net/bytebuddy/byte-buddy/1.11.3/byte-buddy-1.11.3.jar:/home/alex/.m2/repository/net/bytebuddy/byte-buddy-agent/1.11.3/byte-buddy-agent-1.11.3.jar:/home/alex/.m2/repository/org/objenesis/objenesis/3.2/objenesis-3.2.jar:/home/alex/.m2/repository/org/mockito/mockito-junit-jupiter/3.11.2/mockito-junit-jupiter-3.11.2.jar:/home/alex/.m2/repository/org/slf4j/slf4j-simple/1.7.32/slf4j-simple-1.7.32.jar:/home/alex/.m2/repository/org/codehaus/groovy/groovy-test/2.5.14/groovy-test-2.5.14.jar:/home/alex/.m2/repository/org/codehaus/groovy/groovy/2.5.14/groovy-2.5.14.jar:"/>
    <property name="java.vm.vendor" value="Private Build"/>
    <property name="nondexPrintstack" value="false"/>
    <property name="sun.arch.data.model" value="64"/>
    <property name="java.vendor.url" value="http://java.oracle.com/"/>
    <property name="user.timezone" value="Europe/Lisbon"/>
    <property name="java.vm.specification.version" value="1.8"/>
    <property name="os.name" value="Linux"/>
    <property name="user.country" value="US"/>
    <property name="sun.java.launcher" value="SUN_STANDARD"/>
    <property name="sun.boot.library.path" value="/usr/lib/jvm/java-8-openjdk-amd64/jre/lib/amd64"/>
    <property name="sun.java.command" value="/home/alex/Repositories/nifi/nifi-commons/nifi-security-utils/target/surefire/surefirebooter7479839884695289743.jar /home/alex/Repositories/nifi/nifi-commons/nifi-security-utils/target/surefire 2024-04-23T18-28-02_696-jvmRun1 surefire1250316220140015404tmp surefire_253210710469498413815tmp"/>
    <property name="nondexLogging" value="CONFIG"/>
    <property name="surefire.test.class.path" value="/home/alex/Repositories/nifi/nifi-commons/nifi-security-utils/target/test-classes:/home/alex/Repositories/nifi/nifi-commons/nifi-security-utils/target/classes:/home/alex/Repositories/nifi/nifi-api/target/classes:/home/alex/Repositories/nifi/nifi-commons/nifi-utils/target/classes:/home/alex/Repositories/nifi/nifi-commons/nifi-security-utils-api/target/classes:/home/alex/Repositories/nifi/nifi-commons/nifi-security-kms/target/classes:/home/alex/.m2/repository/org/apache/commons/commons-lang3/3.12.0/commons-lang3-3.12.0.jar:/home/alex/.m2/repository/commons-codec/commons-codec/1.14/commons-codec-1.14.jar:/home/alex/.m2/repository/org/bouncycastle/bcprov-jdk15on/1.69/bcprov-jdk15on-1.69.jar:/home/alex/.m2/repository/org/bouncycastle/bcpkix-jdk15on/1.69/bcpkix-jdk15on-1.69.jar:/home/alex/.m2/repository/org/bouncycastle/bcutil-jdk15on/1.69/bcutil-jdk15on-1.69.jar:/home/alex/Repositories/nifi/nifi-commons/nifi-properties/target/classes:/home/alex/Repositories/nifi/nifi-commons/nifi-property-utils/target/classes:/home/alex/.m2/repository/at/favre/lib/bcrypt/0.9.0/bcrypt-0.9.0.jar:/home/alex/.m2/repository/at/favre/lib/bytes/1.3.0/bytes-1.3.0.jar:/home/alex/.m2/repository/org/apache/commons/commons-configuration2/2.7/commons-configuration2-2.7.jar:/home/alex/.m2/repository/org/apache/commons/commons-text/1.8/commons-text-1.8.jar:/home/alex/.m2/repository/org/slf4j/jcl-over-slf4j/1.7.32/jcl-over-slf4j-1.7.32.jar:/home/alex/.m2/repository/org/slf4j/slf4j-api/1.7.32/slf4j-api-1.7.32.jar:/home/alex/.m2/repository/org/junit/jupiter/junit-jupiter-api/5.7.2/junit-jupiter-api-5.7.2.jar:/home/alex/.m2/repository/org/apiguardian/apiguardian-api/1.1.0/apiguardian-api-1.1.0.jar:/home/alex/.m2/repository/org/opentest4j/opentest4j/1.2.0/opentest4j-1.2.0.jar:/home/alex/.m2/repository/org/junit/platform/junit-platform-commons/1.7.2/junit-platform-commons-1.7.2.jar:/home/alex/.m2/repository/org/junit/jupiter/junit-jupiter-engine/5.7.2/junit-jupiter-engine-5.7.2.jar:/home/alex/.m2/repository/org/junit/platform/junit-platform-engine/1.7.2/junit-platform-engine-1.7.2.jar:/home/alex/.m2/repository/org/junit/vintage/junit-vintage-engine/5.7.2/junit-vintage-engine-5.7.2.jar:/home/alex/.m2/repository/junit/junit/4.13.2/junit-4.13.2.jar:/home/alex/.m2/repository/org/hamcrest/hamcrest-core/1.3/hamcrest-core-1.3.jar:/home/alex/.m2/repository/org/junit/jupiter/junit-jupiter-params/5.7.2/junit-jupiter-params-5.7.2.jar:/home/alex/.m2/repository/org/mockito/mockito-core/3.11.2/mockito-core-3.11.2.jar:/home/alex/.m2/repository/net/bytebuddy/byte-buddy/1.11.3/byte-buddy-1.11.3.jar:/home/alex/.m2/repository/net/bytebuddy/byte-buddy-agent/1.11.3/byte-buddy-agent-1.11.3.jar:/home/alex/.m2/repository/org/objenesis/objenesis/3.2/objenesis-3.2.jar:/home/alex/.m2/repository/org/mockito/mockito-junit-jupiter/3.11.2/mockito-junit-jupiter-3.11.2.jar:/home/alex/.m2/repository/org/slf4j/slf4j-simple/1.7.32/slf4j-simple-1.7.32.jar:/home/alex/.m2/repository/org/codehaus/groovy/groovy-test/2.5.14/groovy-test-2.5.14.jar:/home/alex/.m2/repository/org/codehaus/groovy/groovy/2.5.14/groovy-2.5.14.jar:"/>
    <property name="sun.cpu.endian" value="little"/>
    <property name="nondexExecid" value="0fV1I+UVovF9IFolCxJUUU3MYwEbwhra3CrBT5ZLSbQ="/>
    <property name="user.home" value="/home/alex"/>
    <property name="user.language" value="en"/>
    <property name="java.specification.vendor" value="Oracle Corporation"/>
    <property name="java.home" value="/usr/lib/jvm/java-8-openjdk-amd64/jre"/>
    <property name="file.separator" value="/"/>
    <property name="basedir" value="/home/alex/Repositories/nifi/nifi-commons/nifi-security-utils"/>
    <property name="line.separator" value="&#10;"/>
    <property name="nondexEnd" value="9223372036854775807"/>
    <property name="java.vm.specification.vendor" value="Oracle Corporation"/>
    <property name="java.specification.name" value="Java Platform API Specification"/>
    <property name="java.awt.graphicsenv" value="sun.awt.X11GraphicsEnvironment"/>
    <property name="java.awt.headless" value="true"/>
    <property name="nondexFilter" value=".*"/>
    <property name="nondexSeed" value="933178"/>
    <property name="surefire.real.class.path" value="/home/alex/Repositories/nifi/nifi-commons/nifi-security-utils/target/surefire/surefirebooter7479839884695289743.jar"/>
    <property name="sun.boot.class.path" value="/home/alex/Repositories/nifi/nifi-commons/nifi-security-utils/.nondex/nondex-instr.jar:/home/alex/.m2/repository/edu/illinois/nondex-common/2.1.7/nondex-common-2.1.7.jar:/home/alex/.m2/repository/edu/illinois/nondex-annotations/2.1.7/nondex-annotations-2.1.7.jar:/usr/lib/jvm/java-8-openjdk-amd64/jre/lib/resources.jar:/usr/lib/jvm/java-8-openjdk-amd64/jre/lib/rt.jar:/usr/lib/jvm/java-8-openjdk-amd64/jre/lib/sunrsasign.jar:/usr/lib/jvm/java-8-openjdk-amd64/jre/lib/jsse.jar:/usr/lib/jvm/java-8-openjdk-amd64/jre/lib/jce.jar:/usr/lib/jvm/java-8-openjdk-amd64/jre/lib/charsets.jar:/usr/lib/jvm/java-8-openjdk-amd64/jre/lib/jfr.jar:/usr/lib/jvm/java-8-openjdk-amd64/jre/classes"/>
    <property name="sun.management.compiler" value="HotSpot 64-Bit Tiered Compilers"/>
    <property name="java.runtime.version" value="1.8.0_402-8u402-ga-2ubuntu1~22.04-b06"/>
    <property name="java.net.preferIPv4Stack" value="true"/>
    <property name="user.name" value="alex"/>
    <property name="path.separator" value=":"/>
    <property name="os.version" value="6.5.0-28-generic"/>
    <property name="java.endorsed.dirs" value="/usr/lib/jvm/java-8-openjdk-amd64/jre/lib/endorsed"/>
    <property name="java.runtime.name" value="OpenJDK Runtime Environment"/>
    <property name="file.encoding" value="UTF-8"/>
    <property name="java.vm.name" value="OpenJDK 64-Bit Server VM"/>
    <property name="localRepository" value="/home/alex/.m2/repository"/>
    <property name="nondexDir" value="/home/alex/Repositories/nifi/nifi-commons/nifi-security-utils/.nondex"/>
    <property name="nondexJarDir" value="/home/alex/Repositories/nifi/nifi-commons/nifi-security-utils/.nondex"/>
    <property name="java.vendor.url.bug" value="http://bugreport.sun.com/bugreport/"/>
    <property name="java.io.tmpdir" value="/tmp"/>
    <property name="java.version" value="1.8.0_402"/>
    <property name="user.dir" value="/home/alex/Repositories/nifi/nifi-commons/nifi-security-utils"/>
    <property name="os.arch" value="amd64"/>
    <property name="nondexMode" value="FULL"/>
    <property name="java.vm.specification.name" value="Java Virtual Machine Specification"/>
    <property name="java.awt.printerjob" value="sun.print.PSPrinterJob"/>
    <property name="sun.os.patch.level" value="unknown"/>
    <property name="java.library.path" value="/usr/java/packages/lib/amd64:/usr/lib/x86_64-linux-gnu/jni:/lib/x86_64-linux-gnu:/usr/lib/x86_64-linux-gnu:/usr/lib/jni:/lib:/usr/lib"/>
    <property name="java.vendor" value="Private Build"/>
    <property name="java.vm.info" value="mixed mode"/>
    <property name="java.vm.version" value="25.402-b06"/>
    <property name="java.specification.maintenance.version" value="5"/>
    <property name="java.ext.dirs" value="/usr/lib/jvm/java-8-openjdk-amd64/jre/lib/ext:/usr/java/packages/lib/ext"/>
    <property name="sun.io.unicode.encoding" value="UnicodeLittle"/>
    <property name="java.class.version" value="52.0"/>
  </properties>
  <testcase name="testGetCipherForDecryptShouldRequireIV" classname="org.apache.nifi.security.util.crypto.Argon2CipherProviderGroovyTest" time="0.029">
    <system-err><![CDATA[[main] WARN org.apache.nifi.security.util.crypto.Argon2CipherProvider - The provided memory size 1024 KiB is below the recommended minimum 65536 KiB
[main] WARN org.apache.nifi.security.util.crypto.Argon2CipherProvider - The provided parallelization factor 1 is below the recommended minimum 8
[main] WARN org.apache.nifi.security.util.crypto.Argon2CipherProvider - The provided iterations count 3 is below the recommended minimum 5
[main] INFO org.apache.nifi.security.util.crypto.Argon2CipherProviderGroovyTest - Using algorithm: AES/CBC/NoPadding
[main] WARN org.apache.nifi.security.util.crypto.Argon2SecureHasher - The provided memory size 1024 KiB is below the recommended minimum 65536 KiB.
[main] WARN org.apache.nifi.security.util.crypto.Argon2SecureHasher - The provided parallelization factor 1 is below the recommended minimum 8.
[main] WARN org.apache.nifi.security.util.crypto.Argon2SecureHasher - The provided iteration count 3 is below the recommended minimum 5.
[main] WARN org.apache.nifi.security.util.crypto.AESKeyedCipherProvider - An empty IV was provided of length 16 for encryption
[main] WARN org.apache.nifi.security.util.crypto.AESKeyedCipherProvider - Generating new IV. The value can be obtained in the calling code by invoking 'cipher.getIV()';
[main] INFO org.apache.nifi.security.util.crypto.Argon2CipherProviderGroovyTest - IV: 00000000000000000000000000000000
[main] INFO org.apache.nifi.security.util.crypto.Argon2CipherProviderGroovyTest - Cipher text: e7d0be7e6872299dfc9795f74d559a7ac7f619da79ee79504f89f5cca7c23312 32
[main] WARN org.apache.nifi.security.util.crypto.Argon2SecureHasher - The provided memory size 1024 KiB is below the recommended minimum 65536 KiB.
[main] WARN org.apache.nifi.security.util.crypto.Argon2SecureHasher - The provided parallelization factor 1 is below the recommended minimum 8.
[main] WARN org.apache.nifi.security.util.crypto.Argon2SecureHasher - The provided iteration count 3 is below the recommended minimum 5.
[main] WARN org.apache.nifi.security.util.crypto.AESKeyedCipherProvider - An IV was provided of length 0 bytes for decryption but should be 16 bytes
[main] ERROR org.apache.nifi.security.util.crypto.Argon2CipherProvider - Encountered an error generating the Argon2 hash
java.lang.IllegalArgumentException: Cannot decrypt without a valid IV
	at org.apache.nifi.security.util.crypto.AESKeyedCipherProvider.getInitializedCipher(AESKeyedCipherProvider.java:128)
	at org.apache.nifi.security.util.crypto.AESKeyedCipherProvider.getCipher(AESKeyedCipherProvider.java:60)
	at org.apache.nifi.security.util.crypto.Argon2CipherProvider.getInitializedCipher(Argon2CipherProvider.java:177)
	at org.apache.nifi.security.util.crypto.Argon2CipherProvider.getCipher(Argon2CipherProvider.java:103)
	at org.apache.nifi.security.util.crypto.Argon2CipherProvider.getCipher(Argon2CipherProvider.java:131)
	at org.apache.nifi.security.util.crypto.PBECipherProvider$getCipher$0.call(Unknown Source)
	at org.codehaus.groovy.runtime.callsite.CallSiteArray.defaultCall(CallSiteArray.java:47)
	at org.codehaus.groovy.runtime.callsite.AbstractCallSite.call(AbstractCallSite.java:115)
	at org.apache.nifi.security.util.crypto.Argon2CipherProviderGroovyTest$_testGetCipherForDecryptShouldRequireIV_closure9.doCall(Argon2CipherProviderGroovyTest.groovy:371)
	at org.apache.nifi.security.util.crypto.Argon2CipherProviderGroovyTest$_testGetCipherForDecryptShouldRequireIV_closure9.doCall(Argon2CipherProviderGroovyTest.groovy)
	at sun.reflect.NativeMethodAccessorImpl.invoke0(Native Method)
	at sun.reflect.NativeMethodAccessorImpl.invoke(NativeMethodAccessorImpl.java:62)
	at sun.reflect.DelegatingMethodAccessorImpl.invoke(DelegatingMethodAccessorImpl.java:43)
	at java.lang.reflect.Method.invoke(Method.java:498)
	at org.codehaus.groovy.reflection.CachedMethod.invoke(CachedMethod.java:101)
	at groovy.lang.MetaMethod.doMethodInvoke(MetaMethod.java:323)
	at org.codehaus.groovy.runtime.metaclass.ClosureMetaClass.invokeMethod(ClosureMetaClass.java:263)
	at groovy.lang.MetaClassImpl.invokeMethod(MetaClassImpl.java:1041)
	at groovy.lang.Closure.call(Closure.java:405)
	at groovy.lang.Closure.call(Closure.java:399)
	at groovy.test.GroovyAssert.shouldFail(GroovyAssert.java:118)
	at groovy.test.GroovyAssert$shouldFail.callStatic(Unknown Source)
	at org.codehaus.groovy.runtime.callsite.CallSiteArray.defaultCallStatic(CallSiteArray.java:55)
	at org.codehaus.groovy.runtime.callsite.AbstractCallSite.callStatic(AbstractCallSite.java:196)
	at org.codehaus.groovy.runtime.callsite.AbstractCallSite.callStatic(AbstractCallSite.java:216)
	at org.apache.nifi.security.util.crypto.Argon2CipherProviderGroovyTest.testGetCipherForDecryptShouldRequireIV(Argon2CipherProviderGroovyTest.groovy:370)
	at sun.reflect.NativeMethodAccessorImpl.invoke0(Native Method)
	at sun.reflect.NativeMethodAccessorImpl.invoke(NativeMethodAccessorImpl.java:62)
	at sun.reflect.DelegatingMethodAccessorImpl.invoke(DelegatingMethodAccessorImpl.java:43)
	at java.lang.reflect.Method.invoke(Method.java:498)
	at org.junit.platform.commons.util.ReflectionUtils.invokeMethod(ReflectionUtils.java:688)
	at org.junit.jupiter.engine.execution.MethodInvocation.proceed(MethodInvocation.java:60)
	at org.junit.jupiter.engine.execution.InvocationInterceptorChain$ValidatingInvocation.proceed(InvocationInterceptorChain.java:131)
	at org.junit.jupiter.engine.extension.TimeoutExtension.intercept(TimeoutExtension.java:149)
	at org.junit.jupiter.engine.extension.TimeoutExtension.interceptTestableMethod(TimeoutExtension.java:140)
	at org.junit.jupiter.engine.extension.TimeoutExtension.interceptTestMethod(TimeoutExtension.java:84)
	at org.junit.jupiter.engine.execution.ExecutableInvoker$ReflectiveInterceptorCall.lambda$ofVoidMethod$0(ExecutableInvoker.java:115)
	at org.junit.jupiter.engine.execution.ExecutableInvoker.lambda$invoke$0(ExecutableInvoker.java:105)
	at org.junit.jupiter.engine.execution.InvocationInterceptorChain$InterceptedInvocation.proceed(InvocationInterceptorChain.java:106)
	at org.junit.jupiter.engine.execution.InvocationInterceptorChain.proceed(InvocationInterceptorChain.java:64)
	at org.junit.jupiter.engine.execution.InvocationInterceptorChain.chainAndInvoke(InvocationInterceptorChain.java:45)
	at org.junit.jupiter.engine.execution.InvocationInterceptorChain.invoke(InvocationInterceptorChain.java:37)
	at org.junit.jupiter.engine.execution.ExecutableInvoker.invoke(ExecutableInvoker.java:104)
	at org.junit.jupiter.engine.execution.ExecutableInvoker.invoke(ExecutableInvoker.java:98)
	at org.junit.jupiter.engine.descriptor.TestMethodTestDescriptor.lambda$invokeTestMethod$6(TestMethodTestDescriptor.java:210)
	at org.junit.platform.engine.support.hierarchical.ThrowableCollector.execute(ThrowableCollector.java:73)
	at org.junit.jupiter.engine.descriptor.TestMethodTestDescriptor.invokeTestMethod(TestMethodTestDescriptor.java:206)
	at org.junit.jupiter.engine.descriptor.TestMethodTestDescriptor.execute(TestMethodTestDescriptor.java:131)
	at org.junit.jupiter.engine.descriptor.TestMethodTestDescriptor.execute(TestMethodTestDescriptor.java:65)
	at org.junit.platform.engine.support.hierarchical.NodeTestTask.lambda$executeRecursively$5(NodeTestTask.java:139)
	at org.junit.platform.engine.support.hierarchical.ThrowableCollector.execute(ThrowableCollector.java:73)
	at org.junit.platform.engine.support.hierarchical.NodeTestTask.lambda$executeRecursively$7(NodeTestTask.java:129)
	at org.junit.platform.engine.support.hierarchical.Node.around(Node.java:137)
	at org.junit.platform.engine.support.hierarchical.NodeTestTask.lambda$executeRecursively$8(NodeTestTask.java:127)
	at org.junit.platform.engine.support.hierarchical.ThrowableCollector.execute(ThrowableCollector.java:73)
	at org.junit.platform.engine.support.hierarchical.NodeTestTask.executeRecursively(NodeTestTask.java:126)
	at org.junit.platform.engine.support.hierarchical.NodeTestTask.execute(NodeTestTask.java:84)
	at java.util.ArrayList.forEach(ArrayList.java:1259)
	at org.junit.platform.engine.support.hierarchical.SameThreadHierarchicalTestExecutorService.invokeAll(SameThreadHierarchicalTestExecutorService.java:38)
	at org.junit.platform.engine.support.hierarchical.NodeTestTask.lambda$executeRecursively$5(NodeTestTask.java:143)
	at org.junit.platform.engine.support.hierarchical.ThrowableCollector.execute(ThrowableCollector.java:73)
	at org.junit.platform.engine.support.hierarchical.NodeTestTask.lambda$executeRecursively$7(NodeTestTask.java:129)
	at org.junit.platform.engine.support.hierarchical.Node.around(Node.java:137)
	at org.junit.platform.engine.support.hierarchical.NodeTestTask.lambda$executeRecursively$8(NodeTestTask.java:127)
	at org.junit.platform.engine.support.hierarchical.ThrowableCollector.execute(ThrowableCollector.java:73)
	at org.junit.platform.engine.support.hierarchical.NodeTestTask.executeRecursively(NodeTestTask.java:126)
	at org.junit.platform.engine.support.hierarchical.NodeTestTask.execute(NodeTestTask.java:84)
	at java.util.ArrayList.forEach(ArrayList.java:1259)
	at org.junit.platform.engine.support.hierarchical.SameThreadHierarchicalTestExecutorService.invokeAll(SameThreadHierarchicalTestExecutorService.java:38)
	at org.junit.platform.engine.support.hierarchical.NodeTestTask.lambda$executeRecursively$5(NodeTestTask.java:143)
	at org.junit.platform.engine.support.hierarchical.ThrowableCollector.execute(ThrowableCollector.java:73)
	at org.junit.platform.engine.support.hierarchical.NodeTestTask.lambda$executeRecursively$7(NodeTestTask.java:129)
	at org.junit.platform.engine.support.hierarchical.Node.around(Node.java:137)
	at org.junit.platform.engine.support.hierarchical.NodeTestTask.lambda$executeRecursively$8(NodeTestTask.java:127)
	at org.junit.platform.engine.support.hierarchical.ThrowableCollector.execute(ThrowableCollector.java:73)
	at org.junit.platform.engine.support.hierarchical.NodeTestTask.executeRecursively(NodeTestTask.java:126)
	at org.junit.platform.engine.support.hierarchical.NodeTestTask.execute(NodeTestTask.java:84)
	at org.junit.platform.engine.support.hierarchical.SameThreadHierarchicalTestExecutorService.submit(SameThreadHierarchicalTestExecutorService.java:32)
	at org.junit.platform.engine.support.hierarchical.HierarchicalTestExecutor.execute(HierarchicalTestExecutor.java:57)
	at org.junit.platform.engine.support.hierarchical.HierarchicalTestEngine.execute(HierarchicalTestEngine.java:51)
	at org.junit.platform.launcher.core.EngineExecutionOrchestrator.execute(EngineExecutionOrchestrator.java:108)
	at org.junit.platform.launcher.core.EngineExecutionOrchestrator.execute(EngineExecutionOrchestrator.java:88)
	at org.junit.platform.launcher.core.EngineExecutionOrchestrator.lambda$execute$0(EngineExecutionOrchestrator.java:54)
	at org.junit.platform.launcher.core.EngineExecutionOrchestrator.withInterceptedStreams(EngineExecutionOrchestrator.java:67)
	at org.junit.platform.launcher.core.EngineExecutionOrchestrator.execute(EngineExecutionOrchestrator.java:52)
	at org.junit.platform.launcher.core.DefaultLauncher.execute(DefaultLauncher.java:96)
	at org.junit.platform.launcher.core.DefaultLauncher.execute(DefaultLauncher.java:75)
	at org.apache.maven.surefire.junitplatform.JUnitPlatformProvider.execute(JUnitPlatformProvider.java:188)
	at org.apache.maven.surefire.junitplatform.JUnitPlatformProvider.invokeAllTests(JUnitPlatformProvider.java:154)
	at org.apache.maven.surefire.junitplatform.JUnitPlatformProvider.invoke(JUnitPlatformProvider.java:128)
	at org.apache.maven.surefire.booter.ForkedBooter.runSuitesInProcess(ForkedBooter.java:428)
	at org.apache.maven.surefire.booter.ForkedBooter.execute(ForkedBooter.java:162)
	at org.apache.maven.surefire.booter.ForkedBooter.run(ForkedBooter.java:562)
	at org.apache.maven.surefire.booter.ForkedBooter.main(ForkedBooter.java:548)
[main] INFO org.apache.nifi.security.util.crypto.Argon2CipherProviderGroovyTest - [EXPECTED] java.lang.IllegalArgumentException: Cannot decrypt without a valid IV
[main] INFO org.apache.nifi.security.util.crypto.Argon2CipherProviderGroovyTest - Using algorithm: AES/CBC/PKCS7Padding
[main] WARN org.apache.nifi.security.util.crypto.Argon2SecureHasher - The provided memory size 1024 KiB is below the recommended minimum 65536 KiB.
[main] WARN org.apache.nifi.security.util.crypto.Argon2SecureHasher - The provided parallelization factor 1 is below the recommended minimum 8.
[main] WARN org.apache.nifi.security.util.crypto.Argon2SecureHasher - The provided iteration count 3 is below the recommended minimum 5.
[main] WARN org.apache.nifi.security.util.crypto.AESKeyedCipherProvider - An empty IV was provided of length 16 for encryption
[main] WARN org.apache.nifi.security.util.crypto.AESKeyedCipherProvider - Generating new IV. The value can be obtained in the calling code by invoking 'cipher.getIV()';
[main] INFO org.apache.nifi.security.util.crypto.Argon2CipherProviderGroovyTest - IV: 00000000000000000000000000000000
[main] INFO org.apache.nifi.security.util.crypto.Argon2CipherProviderGroovyTest - Cipher text: dc597eecc7b2f3158460b38cd7f8402d0e980368ee498ab7321c9336558579caa56f30e226ccdd8b8759aaea85e0bf08 48
[main] WARN org.apache.nifi.security.util.crypto.Argon2SecureHasher - The provided memory size 1024 KiB is below the recommended minimum 65536 KiB.
[main] WARN org.apache.nifi.security.util.crypto.Argon2SecureHasher - The provided parallelization factor 1 is below the recommended minimum 8.
[main] WARN org.apache.nifi.security.util.crypto.Argon2SecureHasher - The provided iteration count 3 is below the recommended minimum 5.
[main] WARN org.apache.nifi.security.util.crypto.AESKeyedCipherProvider - An IV was provided of length 0 bytes for decryption but should be 16 bytes
[main] ERROR org.apache.nifi.security.util.crypto.Argon2CipherProvider - Encountered an error generating the Argon2 hash
java.lang.IllegalArgumentException: Cannot decrypt without a valid IV
	at org.apache.nifi.security.util.crypto.AESKeyedCipherProvider.getInitializedCipher(AESKeyedCipherProvider.java:128)
	at org.apache.nifi.security.util.crypto.AESKeyedCipherProvider.getCipher(AESKeyedCipherProvider.java:60)
	at org.apache.nifi.security.util.crypto.Argon2CipherProvider.getInitializedCipher(Argon2CipherProvider.java:177)
	at org.apache.nifi.security.util.crypto.Argon2CipherProvider.getCipher(Argon2CipherProvider.java:103)
	at org.apache.nifi.security.util.crypto.Argon2CipherProvider.getCipher(Argon2CipherProvider.java:131)
	at org.apache.nifi.security.util.crypto.PBECipherProvider$getCipher$0.call(Unknown Source)
	at org.apache.nifi.security.util.crypto.Argon2CipherProviderGroovyTest$_testGetCipherForDecryptShouldRequireIV_closure9.doCall(Argon2CipherProviderGroovyTest.groovy:371)
	at org.apache.nifi.security.util.crypto.Argon2CipherProviderGroovyTest$_testGetCipherForDecryptShouldRequireIV_closure9.doCall(Argon2CipherProviderGroovyTest.groovy)
	at sun.reflect.NativeMethodAccessorImpl.invoke0(Native Method)
	at sun.reflect.NativeMethodAccessorImpl.invoke(NativeMethodAccessorImpl.java:62)
	at sun.reflect.DelegatingMethodAccessorImpl.invoke(DelegatingMethodAccessorImpl.java:43)
	at java.lang.reflect.Method.invoke(Method.java:498)
	at org.codehaus.groovy.reflection.CachedMethod.invoke(CachedMethod.java:101)
	at groovy.lang.MetaMethod.doMethodInvoke(MetaMethod.java:323)
	at org.codehaus.groovy.runtime.metaclass.ClosureMetaClass.invokeMethod(ClosureMetaClass.java:263)
	at groovy.lang.MetaClassImpl.invokeMethod(MetaClassImpl.java:1041)
	at groovy.lang.Closure.call(Closure.java:405)
	at groovy.lang.Closure.call(Closure.java:399)
	at groovy.test.GroovyAssert.shouldFail(GroovyAssert.java:118)
	at groovy.test.GroovyAssert$shouldFail.callStatic(Unknown Source)
	at org.apache.nifi.security.util.crypto.Argon2CipherProviderGroovyTest.testGetCipherForDecryptShouldRequireIV(Argon2CipherProviderGroovyTest.groovy:370)
	at sun.reflect.NativeMethodAccessorImpl.invoke0(Native Method)
	at sun.reflect.NativeMethodAccessorImpl.invoke(NativeMethodAccessorImpl.java:62)
	at sun.reflect.DelegatingMethodAccessorImpl.invoke(DelegatingMethodAccessorImpl.java:43)
	at java.lang.reflect.Method.invoke(Method.java:498)
	at org.junit.platform.commons.util.ReflectionUtils.invokeMethod(ReflectionUtils.java:688)
	at org.junit.jupiter.engine.execution.MethodInvocation.proceed(MethodInvocation.java:60)
	at org.junit.jupiter.engine.execution.InvocationInterceptorChain$ValidatingInvocation.proceed(InvocationInterceptorChain.java:131)
	at org.junit.jupiter.engine.extension.TimeoutExtension.intercept(TimeoutExtension.java:149)
	at org.junit.jupiter.engine.extension.TimeoutExtension.interceptTestableMethod(TimeoutExtension.java:140)
	at org.junit.jupiter.engine.extension.TimeoutExtension.interceptTestMethod(TimeoutExtension.java:84)
	at org.junit.jupiter.engine.execution.ExecutableInvoker$ReflectiveInterceptorCall.lambda$ofVoidMethod$0(ExecutableInvoker.java:115)
	at org.junit.jupiter.engine.execution.ExecutableInvoker.lambda$invoke$0(ExecutableInvoker.java:105)
	at org.junit.jupiter.engine.execution.InvocationInterceptorChain$InterceptedInvocation.proceed(InvocationInterceptorChain.java:106)
	at org.junit.jupiter.engine.execution.InvocationInterceptorChain.proceed(InvocationInterceptorChain.java:64)
	at org.junit.jupiter.engine.execution.InvocationInterceptorChain.chainAndInvoke(InvocationInterceptorChain.java:45)
	at org.junit.jupiter.engine.execution.InvocationInterceptorChain.invoke(InvocationInterceptorChain.java:37)
	at org.junit.jupiter.engine.execution.ExecutableInvoker.invoke(ExecutableInvoker.java:104)
	at org.junit.jupiter.engine.execution.ExecutableInvoker.invoke(ExecutableInvoker.java:98)
	at org.junit.jupiter.engine.descriptor.TestMethodTestDescriptor.lambda$invokeTestMethod$6(TestMethodTestDescriptor.java:210)
	at org.junit.platform.engine.support.hierarchical.ThrowableCollector.execute(ThrowableCollector.java:73)
	at org.junit.jupiter.engine.descriptor.TestMethodTestDescriptor.invokeTestMethod(TestMethodTestDescriptor.java:206)
	at org.junit.jupiter.engine.descriptor.TestMethodTestDescriptor.execute(TestMethodTestDescriptor.java:131)
	at org.junit.jupiter.engine.descriptor.TestMethodTestDescriptor.execute(TestMethodTestDescriptor.java:65)
	at org.junit.platform.engine.support.hierarchical.NodeTestTask.lambda$executeRecursively$5(NodeTestTask.java:139)
	at org.junit.platform.engine.support.hierarchical.ThrowableCollector.execute(ThrowableCollector.java:73)
	at org.junit.platform.engine.support.hierarchical.NodeTestTask.lambda$executeRecursively$7(NodeTestTask.java:129)
	at org.junit.platform.engine.support.hierarchical.Node.around(Node.java:137)
	at org.junit.platform.engine.support.hierarchical.NodeTestTask.lambda$executeRecursively$8(NodeTestTask.java:127)
	at org.junit.platform.engine.support.hierarchical.ThrowableCollector.execute(ThrowableCollector.java:73)
	at org.junit.platform.engine.support.hierarchical.NodeTestTask.executeRecursively(NodeTestTask.java:126)
	at org.junit.platform.engine.support.hierarchical.NodeTestTask.execute(NodeTestTask.java:84)
	at java.util.ArrayList.forEach(ArrayList.java:1259)
	at org.junit.platform.engine.support.hierarchical.SameThreadHierarchicalTestExecutorService.invokeAll(SameThreadHierarchicalTestExecutorService.java:38)
	at org.junit.platform.engine.support.hierarchical.NodeTestTask.lambda$executeRecursively$5(NodeTestTask.java:143)
	at org.junit.platform.engine.support.hierarchical.ThrowableCollector.execute(ThrowableCollector.java:73)
	at org.junit.platform.engine.support.hierarchical.NodeTestTask.lambda$executeRecursively$7(NodeTestTask.java:129)
	at org.junit.platform.engine.support.hierarchical.Node.around(Node.java:137)
	at org.junit.platform.engine.support.hierarchical.NodeTestTask.lambda$executeRecursively$8(NodeTestTask.java:127)
	at org.junit.platform.engine.support.hierarchical.ThrowableCollector.execute(ThrowableCollector.java:73)
	at org.junit.platform.engine.support.hierarchical.NodeTestTask.executeRecursively(NodeTestTask.java:126)
	at org.junit.platform.engine.support.hierarchical.NodeTestTask.execute(NodeTestTask.java:84)
	at java.util.ArrayList.forEach(ArrayList.java:1259)
	at org.junit.platform.engine.support.hierarchical.SameThreadHierarchicalTestExecutorService.invokeAll(SameThreadHierarchicalTestExecutorService.java:38)
	at org.junit.platform.engine.support.hierarchical.NodeTestTask.lambda$executeRecursively$5(NodeTestTask.java:143)
	at org.junit.platform.engine.support.hierarchical.ThrowableCollector.execute(ThrowableCollector.java:73)
	at org.junit.platform.engine.support.hierarchical.NodeTestTask.lambda$executeRecursively$7(NodeTestTask.java:129)
	at org.junit.platform.engine.support.hierarchical.Node.around(Node.java:137)
	at org.junit.platform.engine.support.hierarchical.NodeTestTask.lambda$executeRecursively$8(NodeTestTask.java:127)
	at org.junit.platform.engine.support.hierarchical.ThrowableCollector.execute(ThrowableCollector.java:73)
	at org.junit.platform.engine.support.hierarchical.NodeTestTask.executeRecursively(NodeTestTask.java:126)
	at org.junit.platform.engine.support.hierarchical.NodeTestTask.execute(NodeTestTask.java:84)
	at org.junit.platform.engine.support.hierarchical.SameThreadHierarchicalTestExecutorService.submit(SameThreadHierarchicalTestExecutorService.java:32)
	at org.junit.platform.engine.support.hierarchical.HierarchicalTestExecutor.execute(HierarchicalTestExecutor.java:57)
	at org.junit.platform.engine.support.hierarchical.HierarchicalTestEngine.execute(HierarchicalTestEngine.java:51)
	at org.junit.platform.launcher.core.EngineExecutionOrchestrator.execute(EngineExecutionOrchestrator.java:108)
	at org.junit.platform.launcher.core.EngineExecutionOrchestrator.execute(EngineExecutionOrchestrator.java:88)
	at org.junit.platform.launcher.core.EngineExecutionOrchestrator.lambda$execute$0(EngineExecutionOrchestrator.java:54)
	at org.junit.platform.launcher.core.EngineExecutionOrchestrator.withInterceptedStreams(EngineExecutionOrchestrator.java:67)
	at org.junit.platform.launcher.core.EngineExecutionOrchestrator.execute(EngineExecutionOrchestrator.java:52)
	at org.junit.platform.launcher.core.DefaultLauncher.execute(DefaultLauncher.java:96)
	at org.junit.platform.launcher.core.DefaultLauncher.execute(DefaultLauncher.java:75)
	at org.apache.maven.surefire.junitplatform.JUnitPlatformProvider.execute(JUnitPlatformProvider.java:188)
	at org.apache.maven.surefire.junitplatform.JUnitPlatformProvider.invokeAllTests(JUnitPlatformProvider.java:154)
	at org.apache.maven.surefire.junitplatform.JUnitPlatformProvider.invoke(JUnitPlatformProvider.java:128)
	at org.apache.maven.surefire.booter.ForkedBooter.runSuitesInProcess(ForkedBooter.java:428)
	at org.apache.maven.surefire.booter.ForkedBooter.execute(ForkedBooter.java:162)
	at org.apache.maven.surefire.booter.ForkedBooter.run(ForkedBooter.java:562)
	at org.apache.maven.surefire.booter.ForkedBooter.main(ForkedBooter.java:548)
[main] INFO org.apache.nifi.security.util.crypto.Argon2CipherProviderGroovyTest - [EXPECTED] java.lang.IllegalArgumentException: Cannot decrypt without a valid IV
[main] INFO org.apache.nifi.security.util.crypto.Argon2CipherProviderGroovyTest - Using algorithm: AES/CTR/NoPadding
[main] WARN org.apache.nifi.security.util.crypto.Argon2SecureHasher - The provided memory size 1024 KiB is below the recommended minimum 65536 KiB.
[main] WARN org.apache.nifi.security.util.crypto.Argon2SecureHasher - The provided parallelization factor 1 is below the recommended minimum 8.
[main] WARN org.apache.nifi.security.util.crypto.Argon2SecureHasher - The provided iteration count 3 is below the recommended minimum 5.
[main] WARN org.apache.nifi.security.util.crypto.AESKeyedCipherProvider - An empty IV was provided of length 16 for encryption
[main] WARN org.apache.nifi.security.util.crypto.AESKeyedCipherProvider - Generating new IV. The value can be obtained in the calling code by invoking 'cipher.getIV()';
[main] INFO org.apache.nifi.security.util.crypto.Argon2CipherProviderGroovyTest - IV: 00000000000000000000000000000000
[main] INFO org.apache.nifi.security.util.crypto.Argon2CipherProviderGroovyTest - Cipher text: f1cb949fb8dd52c34074411c11cf924206943a97b24872d4ee0ac894ae689d65 32
[main] WARN org.apache.nifi.security.util.crypto.Argon2SecureHasher - The provided memory size 1024 KiB is below the recommended minimum 65536 KiB.
[main] WARN org.apache.nifi.security.util.crypto.Argon2SecureHasher - The provided parallelization factor 1 is below the recommended minimum 8.
[main] WARN org.apache.nifi.security.util.crypto.Argon2SecureHasher - The provided iteration count 3 is below the recommended minimum 5.
[main] WARN org.apache.nifi.security.util.crypto.AESKeyedCipherProvider - An IV was provided of length 0 bytes for decryption but should be 16 bytes
[main] ERROR org.apache.nifi.security.util.crypto.Argon2CipherProvider - Encountered an error generating the Argon2 hash
java.lang.IllegalArgumentException: Cannot decrypt without a valid IV
	at org.apache.nifi.security.util.crypto.AESKeyedCipherProvider.getInitializedCipher(AESKeyedCipherProvider.java:128)
	at org.apache.nifi.security.util.crypto.AESKeyedCipherProvider.getCipher(AESKeyedCipherProvider.java:60)
	at org.apache.nifi.security.util.crypto.Argon2CipherProvider.getInitializedCipher(Argon2CipherProvider.java:177)
	at org.apache.nifi.security.util.crypto.Argon2CipherProvider.getCipher(Argon2CipherProvider.java:103)
	at org.apache.nifi.security.util.crypto.Argon2CipherProvider.getCipher(Argon2CipherProvider.java:131)
	at org.apache.nifi.security.util.crypto.PBECipherProvider$getCipher$0.call(Unknown Source)
	at org.apache.nifi.security.util.crypto.Argon2CipherProviderGroovyTest$_testGetCipherForDecryptShouldRequireIV_closure9.doCall(Argon2CipherProviderGroovyTest.groovy:371)
	at org.apache.nifi.security.util.crypto.Argon2CipherProviderGroovyTest$_testGetCipherForDecryptShouldRequireIV_closure9.doCall(Argon2CipherProviderGroovyTest.groovy)
	at sun.reflect.NativeMethodAccessorImpl.invoke0(Native Method)
	at sun.reflect.NativeMethodAccessorImpl.invoke(NativeMethodAccessorImpl.java:62)
	at sun.reflect.DelegatingMethodAccessorImpl.invoke(DelegatingMethodAccessorImpl.java:43)
	at java.lang.reflect.Method.invoke(Method.java:498)
	at org.codehaus.groovy.reflection.CachedMethod.invoke(CachedMethod.java:101)
	at groovy.lang.MetaMethod.doMethodInvoke(MetaMethod.java:323)
	at org.codehaus.groovy.runtime.metaclass.ClosureMetaClass.invokeMethod(ClosureMetaClass.java:263)
	at groovy.lang.MetaClassImpl.invokeMethod(MetaClassImpl.java:1041)
	at groovy.lang.Closure.call(Closure.java:405)
	at groovy.lang.Closure.call(Closure.java:399)
	at groovy.test.GroovyAssert.shouldFail(GroovyAssert.java:118)
	at groovy.test.GroovyAssert$shouldFail.callStatic(Unknown Source)
	at org.apache.nifi.security.util.crypto.Argon2CipherProviderGroovyTest.testGetCipherForDecryptShouldRequireIV(Argon2CipherProviderGroovyTest.groovy:370)
	at sun.reflect.NativeMethodAccessorImpl.invoke0(Native Method)
	at sun.reflect.NativeMethodAccessorImpl.invoke(NativeMethodAccessorImpl.java:62)
	at sun.reflect.DelegatingMethodAccessorImpl.invoke(DelegatingMethodAccessorImpl.java:43)
	at java.lang.reflect.Method.invoke(Method.java:498)
	at org.junit.platform.commons.util.ReflectionUtils.invokeMethod(ReflectionUtils.java:688)
	at org.junit.jupiter.engine.execution.MethodInvocation.proceed(MethodInvocation.java:60)
	at org.junit.jupiter.engine.execution.InvocationInterceptorChain$ValidatingInvocation.proceed(InvocationInterceptorChain.java:131)
	at org.junit.jupiter.engine.extension.TimeoutExtension.intercept(TimeoutExtension.java:149)
	at org.junit.jupiter.engine.extension.TimeoutExtension.interceptTestableMethod(TimeoutExtension.java:140)
	at org.junit.jupiter.engine.extension.TimeoutExtension.interceptTestMethod(TimeoutExtension.java:84)
	at org.junit.jupiter.engine.execution.ExecutableInvoker$ReflectiveInterceptorCall.lambda$ofVoidMethod$0(ExecutableInvoker.java:115)
	at org.junit.jupiter.engine.execution.ExecutableInvoker.lambda$invoke$0(ExecutableInvoker.java:105)
	at org.junit.jupiter.engine.execution.InvocationInterceptorChain$InterceptedInvocation.proceed(InvocationInterceptorChain.java:106)
	at org.junit.jupiter.engine.execution.InvocationInterceptorChain.proceed(InvocationInterceptorChain.java:64)
	at org.junit.jupiter.engine.execution.InvocationInterceptorChain.chainAndInvoke(InvocationInterceptorChain.java:45)
	at org.junit.jupiter.engine.execution.InvocationInterceptorChain.invoke(InvocationInterceptorChain.java:37)
	at org.junit.jupiter.engine.execution.ExecutableInvoker.invoke(ExecutableInvoker.java:104)
	at org.junit.jupiter.engine.execution.ExecutableInvoker.invoke(ExecutableInvoker.java:98)
	at org.junit.jupiter.engine.descriptor.TestMethodTestDescriptor.lambda$invokeTestMethod$6(TestMethodTestDescriptor.java:210)
	at org.junit.platform.engine.support.hierarchical.ThrowableCollector.execute(ThrowableCollector.java:73)
	at org.junit.jupiter.engine.descriptor.TestMethodTestDescriptor.invokeTestMethod(TestMethodTestDescriptor.java:206)
	at org.junit.jupiter.engine.descriptor.TestMethodTestDescriptor.execute(TestMethodTestDescriptor.java:131)
	at org.junit.jupiter.engine.descriptor.TestMethodTestDescriptor.execute(TestMethodTestDescriptor.java:65)
	at org.junit.platform.engine.support.hierarchical.NodeTestTask.lambda$executeRecursively$5(NodeTestTask.java:139)
	at org.junit.platform.engine.support.hierarchical.ThrowableCollector.execute(ThrowableCollector.java:73)
	at org.junit.platform.engine.support.hierarchical.NodeTestTask.lambda$executeRecursively$7(NodeTestTask.java:129)
	at org.junit.platform.engine.support.hierarchical.Node.around(Node.java:137)
	at org.junit.platform.engine.support.hierarchical.NodeTestTask.lambda$executeRecursively$8(NodeTestTask.java:127)
	at org.junit.platform.engine.support.hierarchical.ThrowableCollector.execute(ThrowableCollector.java:73)
	at org.junit.platform.engine.support.hierarchical.NodeTestTask.executeRecursively(NodeTestTask.java:126)
	at org.junit.platform.engine.support.hierarchical.NodeTestTask.execute(NodeTestTask.java:84)
	at java.util.ArrayList.forEach(ArrayList.java:1259)
	at org.junit.platform.engine.support.hierarchical.SameThreadHierarchicalTestExecutorService.invokeAll(SameThreadHierarchicalTestExecutorService.java:38)
	at org.junit.platform.engine.support.hierarchical.NodeTestTask.lambda$executeRecursively$5(NodeTestTask.java:143)
	at org.junit.platform.engine.support.hierarchical.ThrowableCollector.execute(ThrowableCollector.java:73)
	at org.junit.platform.engine.support.hierarchical.NodeTestTask.lambda$executeRecursively$7(NodeTestTask.java:129)
	at org.junit.platform.engine.support.hierarchical.Node.around(Node.java:137)
	at org.junit.platform.engine.support.hierarchical.NodeTestTask.lambda$executeRecursively$8(NodeTestTask.java:127)
	at org.junit.platform.engine.support.hierarchical.ThrowableCollector.execute(ThrowableCollector.java:73)
	at org.junit.platform.engine.support.hierarchical.NodeTestTask.executeRecursively(NodeTestTask.java:126)
	at org.junit.platform.engine.support.hierarchical.NodeTestTask.execute(NodeTestTask.java:84)
	at java.util.ArrayList.forEach(ArrayList.java:1259)
	at org.junit.platform.engine.support.hierarchical.SameThreadHierarchicalTestExecutorService.invokeAll(SameThreadHierarchicalTestExecutorService.java:38)
	at org.junit.platform.engine.support.hierarchical.NodeTestTask.lambda$executeRecursively$5(NodeTestTask.java:143)
	at org.junit.platform.engine.support.hierarchical.ThrowableCollector.execute(ThrowableCollector.java:73)
	at org.junit.platform.engine.support.hierarchical.NodeTestTask.lambda$executeRecursively$7(NodeTestTask.java:129)
	at org.junit.platform.engine.support.hierarchical.Node.around(Node.java:137)
	at org.junit.platform.engine.support.hierarchical.NodeTestTask.lambda$executeRecursively$8(NodeTestTask.java:127)
	at org.junit.platform.engine.support.hierarchical.ThrowableCollector.execute(ThrowableCollector.java:73)
	at org.junit.platform.engine.support.hierarchical.NodeTestTask.executeRecursively(NodeTestTask.java:126)
	at org.junit.platform.engine.support.hierarchical.NodeTestTask.execute(NodeTestTask.java:84)
	at org.junit.platform.engine.support.hierarchical.SameThreadHierarchicalTestExecutorService.submit(SameThreadHierarchicalTestExecutorService.java:32)
	at org.junit.platform.engine.support.hierarchical.HierarchicalTestExecutor.execute(HierarchicalTestExecutor.java:57)
	at org.junit.platform.engine.support.hierarchical.HierarchicalTestEngine.execute(HierarchicalTestEngine.java:51)
	at org.junit.platform.launcher.core.EngineExecutionOrchestrator.execute(EngineExecutionOrchestrator.java:108)
	at org.junit.platform.launcher.core.EngineExecutionOrchestrator.execute(EngineExecutionOrchestrator.java:88)
	at org.junit.platform.launcher.core.EngineExecutionOrchestrator.lambda$execute$0(EngineExecutionOrchestrator.java:54)
	at org.junit.platform.launcher.core.EngineExecutionOrchestrator.withInterceptedStreams(EngineExecutionOrchestrator.java:67)
	at org.junit.platform.launcher.core.EngineExecutionOrchestrator.execute(EngineExecutionOrchestrator.java:52)
	at org.junit.platform.launcher.core.DefaultLauncher.execute(DefaultLauncher.java:96)
	at org.junit.platform.launcher.core.DefaultLauncher.execute(DefaultLauncher.java:75)
	at org.apache.maven.surefire.junitplatform.JUnitPlatformProvider.execute(JUnitPlatformProvider.java:188)
	at org.apache.maven.surefire.junitplatform.JUnitPlatformProvider.invokeAllTests(JUnitPlatformProvider.java:154)
	at org.apache.maven.surefire.junitplatform.JUnitPlatformProvider.invoke(JUnitPlatformProvider.java:128)
	at org.apache.maven.surefire.booter.ForkedBooter.runSuitesInProcess(ForkedBooter.java:428)
	at org.apache.maven.surefire.booter.ForkedBooter.execute(ForkedBooter.java:162)
	at org.apache.maven.surefire.booter.ForkedBooter.run(ForkedBooter.java:562)
	at org.apache.maven.surefire.booter.ForkedBooter.main(ForkedBooter.java:548)
[main] INFO org.apache.nifi.security.util.crypto.Argon2CipherProviderGroovyTest - [EXPECTED] java.lang.IllegalArgumentException: Cannot decrypt without a valid IV
[main] INFO org.apache.nifi.security.util.crypto.Argon2CipherProviderGroovyTest - Using algorithm: AES/GCM/NoPadding
[main] WARN org.apache.nifi.security.util.crypto.Argon2SecureHasher - The provided memory size 1024 KiB is below the recommended minimum 65536 KiB.
[main] WARN org.apache.nifi.security.util.crypto.Argon2SecureHasher - The provided parallelization factor 1 is below the recommended minimum 8.
[main] WARN org.apache.nifi.security.util.crypto.Argon2SecureHasher - The provided iteration count 3 is below the recommended minimum 5.
[main] WARN org.apache.nifi.security.util.crypto.AESKeyedCipherProvider - An empty IV was provided of length 16 for encryption
[main] WARN org.apache.nifi.security.util.crypto.AESKeyedCipherProvider - Generating new IV. The value can be obtained in the calling code by invoking 'cipher.getIV()';
[main] INFO org.apache.nifi.security.util.crypto.Argon2CipherProviderGroovyTest - IV: 00000000000000000000000000000000
[main] INFO org.apache.nifi.security.util.crypto.Argon2CipherProviderGroovyTest - Cipher text: 270f8cb1cb1ae7a77c6af8eb7822c6182828cde95c447db0afaaa471c122c1af3ae674da08dd0214727daaeab1a2eb9c 48
[main] WARN org.apache.nifi.security.util.crypto.Argon2SecureHasher - The provided memory size 1024 KiB is below the recommended minimum 65536 KiB.
[main] WARN org.apache.nifi.security.util.crypto.Argon2SecureHasher - The provided parallelization factor 1 is below the recommended minimum 8.
[main] WARN org.apache.nifi.security.util.crypto.Argon2SecureHasher - The provided iteration count 3 is below the recommended minimum 5.
[main] WARN org.apache.nifi.security.util.crypto.AESKeyedCipherProvider - An IV was provided of length 0 bytes for decryption but should be 16 bytes
[main] ERROR org.apache.nifi.security.util.crypto.Argon2CipherProvider - Encountered an error generating the Argon2 hash
java.lang.IllegalArgumentException: Cannot decrypt without a valid IV
	at org.apache.nifi.security.util.crypto.AESKeyedCipherProvider.getInitializedCipher(AESKeyedCipherProvider.java:128)
	at org.apache.nifi.security.util.crypto.AESKeyedCipherProvider.getCipher(AESKeyedCipherProvider.java:60)
	at org.apache.nifi.security.util.crypto.Argon2CipherProvider.getInitializedCipher(Argon2CipherProvider.java:177)
	at org.apache.nifi.security.util.crypto.Argon2CipherProvider.getCipher(Argon2CipherProvider.java:103)
	at org.apache.nifi.security.util.crypto.Argon2CipherProvider.getCipher(Argon2CipherProvider.java:131)
	at org.apache.nifi.security.util.crypto.PBECipherProvider$getCipher$0.call(Unknown Source)
	at org.apache.nifi.security.util.crypto.Argon2CipherProviderGroovyTest$_testGetCipherForDecryptShouldRequireIV_closure9.doCall(Argon2CipherProviderGroovyTest.groovy:371)
	at org.apache.nifi.security.util.crypto.Argon2CipherProviderGroovyTest$_testGetCipherForDecryptShouldRequireIV_closure9.doCall(Argon2CipherProviderGroovyTest.groovy)
	at sun.reflect.NativeMethodAccessorImpl.invoke0(Native Method)
	at sun.reflect.NativeMethodAccessorImpl.invoke(NativeMethodAccessorImpl.java:62)
	at sun.reflect.DelegatingMethodAccessorImpl.invoke(DelegatingMethodAccessorImpl.java:43)
	at java.lang.reflect.Method.invoke(Method.java:498)
	at org.codehaus.groovy.reflection.CachedMethod.invoke(CachedMethod.java:101)
	at groovy.lang.MetaMethod.doMethodInvoke(MetaMethod.java:323)
	at org.codehaus.groovy.runtime.metaclass.ClosureMetaClass.invokeMethod(ClosureMetaClass.java:263)
	at groovy.lang.MetaClassImpl.invokeMethod(MetaClassImpl.java:1041)
	at groovy.lang.Closure.call(Closure.java:405)
	at groovy.lang.Closure.call(Closure.java:399)
	at groovy.test.GroovyAssert.shouldFail(GroovyAssert.java:118)
	at groovy.test.GroovyAssert$shouldFail.callStatic(Unknown Source)
	at org.apache.nifi.security.util.crypto.Argon2CipherProviderGroovyTest.testGetCipherForDecryptShouldRequireIV(Argon2CipherProviderGroovyTest.groovy:370)
	at sun.reflect.NativeMethodAccessorImpl.invoke0(Native Method)
	at sun.reflect.NativeMethodAccessorImpl.invoke(NativeMethodAccessorImpl.java:62)
	at sun.reflect.DelegatingMethodAccessorImpl.invoke(DelegatingMethodAccessorImpl.java:43)
	at java.lang.reflect.Method.invoke(Method.java:498)
	at org.junit.platform.commons.util.ReflectionUtils.invokeMethod(ReflectionUtils.java:688)
	at org.junit.jupiter.engine.execution.MethodInvocation.proceed(MethodInvocation.java:60)
	at org.junit.jupiter.engine.execution.InvocationInterceptorChain$ValidatingInvocation.proceed(InvocationInterceptorChain.java:131)
	at org.junit.jupiter.engine.extension.TimeoutExtension.intercept(TimeoutExtension.java:149)
	at org.junit.jupiter.engine.extension.TimeoutExtension.interceptTestableMethod(TimeoutExtension.java:140)
	at org.junit.jupiter.engine.extension.TimeoutExtension.interceptTestMethod(TimeoutExtension.java:84)
	at org.junit.jupiter.engine.execution.ExecutableInvoker$ReflectiveInterceptorCall.lambda$ofVoidMethod$0(ExecutableInvoker.java:115)
	at org.junit.jupiter.engine.execution.ExecutableInvoker.lambda$invoke$0(ExecutableInvoker.java:105)
	at org.junit.jupiter.engine.execution.InvocationInterceptorChain$InterceptedInvocation.proceed(InvocationInterceptorChain.java:106)
	at org.junit.jupiter.engine.execution.InvocationInterceptorChain.proceed(InvocationInterceptorChain.java:64)
	at org.junit.jupiter.engine.execution.InvocationInterceptorChain.chainAndInvoke(InvocationInterceptorChain.java:45)
	at org.junit.jupiter.engine.execution.InvocationInterceptorChain.invoke(InvocationInterceptorChain.java:37)
	at org.junit.jupiter.engine.execution.ExecutableInvoker.invoke(ExecutableInvoker.java:104)
	at org.junit.jupiter.engine.execution.ExecutableInvoker.invoke(ExecutableInvoker.java:98)
	at org.junit.jupiter.engine.descriptor.TestMethodTestDescriptor.lambda$invokeTestMethod$6(TestMethodTestDescriptor.java:210)
	at org.junit.platform.engine.support.hierarchical.ThrowableCollector.execute(ThrowableCollector.java:73)
	at org.junit.jupiter.engine.descriptor.TestMethodTestDescriptor.invokeTestMethod(TestMethodTestDescriptor.java:206)
	at org.junit.jupiter.engine.descriptor.TestMethodTestDescriptor.execute(TestMethodTestDescriptor.java:131)
	at org.junit.jupiter.engine.descriptor.TestMethodTestDescriptor.execute(TestMethodTestDescriptor.java:65)
	at org.junit.platform.engine.support.hierarchical.NodeTestTask.lambda$executeRecursively$5(NodeTestTask.java:139)
	at org.junit.platform.engine.support.hierarchical.ThrowableCollector.execute(ThrowableCollector.java:73)
	at org.junit.platform.engine.support.hierarchical.NodeTestTask.lambda$executeRecursively$7(NodeTestTask.java:129)
	at org.junit.platform.engine.support.hierarchical.Node.around(Node.java:137)
	at org.junit.platform.engine.support.hierarchical.NodeTestTask.lambda$executeRecursively$8(NodeTestTask.java:127)
	at org.junit.platform.engine.support.hierarchical.ThrowableCollector.execute(ThrowableCollector.java:73)
	at org.junit.platform.engine.support.hierarchical.NodeTestTask.executeRecursively(NodeTestTask.java:126)
	at org.junit.platform.engine.support.hierarchical.NodeTestTask.execute(NodeTestTask.java:84)
	at java.util.ArrayList.forEach(ArrayList.java:1259)
	at org.junit.platform.engine.support.hierarchical.SameThreadHierarchicalTestExecutorService.invokeAll(SameThreadHierarchicalTestExecutorService.java:38)
	at org.junit.platform.engine.support.hierarchical.NodeTestTask.lambda$executeRecursively$5(NodeTestTask.java:143)
	at org.junit.platform.engine.support.hierarchical.ThrowableCollector.execute(ThrowableCollector.java:73)
	at org.junit.platform.engine.support.hierarchical.NodeTestTask.lambda$executeRecursively$7(NodeTestTask.java:129)
	at org.junit.platform.engine.support.hierarchical.Node.around(Node.java:137)
	at org.junit.platform.engine.support.hierarchical.NodeTestTask.lambda$executeRecursively$8(NodeTestTask.java:127)
	at org.junit.platform.engine.support.hierarchical.ThrowableCollector.execute(ThrowableCollector.java:73)
	at org.junit.platform.engine.support.hierarchical.NodeTestTask.executeRecursively(NodeTestTask.java:126)
	at org.junit.platform.engine.support.hierarchical.NodeTestTask.execute(NodeTestTask.java:84)
	at java.util.ArrayList.forEach(ArrayList.java:1259)
	at org.junit.platform.engine.support.hierarchical.SameThreadHierarchicalTestExecutorService.invokeAll(SameThreadHierarchicalTestExecutorService.java:38)
	at org.junit.platform.engine.support.hierarchical.NodeTestTask.lambda$executeRecursively$5(NodeTestTask.java:143)
	at org.junit.platform.engine.support.hierarchical.ThrowableCollector.execute(ThrowableCollector.java:73)
	at org.junit.platform.engine.support.hierarchical.NodeTestTask.lambda$executeRecursively$7(NodeTestTask.java:129)
	at org.junit.platform.engine.support.hierarchical.Node.around(Node.java:137)
	at org.junit.platform.engine.support.hierarchical.NodeTestTask.lambda$executeRecursively$8(NodeTestTask.java:127)
	at org.junit.platform.engine.support.hierarchical.ThrowableCollector.execute(ThrowableCollector.java:73)
	at org.junit.platform.engine.support.hierarchical.NodeTestTask.executeRecursively(NodeTestTask.java:126)
	at org.junit.platform.engine.support.hierarchical.NodeTestTask.execute(NodeTestTask.java:84)
	at org.junit.platform.engine.support.hierarchical.SameThreadHierarchicalTestExecutorService.submit(SameThreadHierarchicalTestExecutorService.java:32)
	at org.junit.platform.engine.support.hierarchical.HierarchicalTestExecutor.execute(HierarchicalTestExecutor.java:57)
	at org.junit.platform.engine.support.hierarchical.HierarchicalTestEngine.execute(HierarchicalTestEngine.java:51)
	at org.junit.platform.launcher.core.EngineExecutionOrchestrator.execute(EngineExecutionOrchestrator.java:108)
	at org.junit.platform.launcher.core.EngineExecutionOrchestrator.execute(EngineExecutionOrchestrator.java:88)
	at org.junit.platform.launcher.core.EngineExecutionOrchestrator.lambda$execute$0(EngineExecutionOrchestrator.java:54)
	at org.junit.platform.launcher.core.EngineExecutionOrchestrator.withInterceptedStreams(EngineExecutionOrchestrator.java:67)
	at org.junit.platform.launcher.core.EngineExecutionOrchestrator.execute(EngineExecutionOrchestrator.java:52)
	at org.junit.platform.launcher.core.DefaultLauncher.execute(DefaultLauncher.java:96)
	at org.junit.platform.launcher.core.DefaultLauncher.execute(DefaultLauncher.java:75)
	at org.apache.maven.surefire.junitplatform.JUnitPlatformProvider.execute(JUnitPlatformProvider.java:188)
	at org.apache.maven.surefire.junitplatform.JUnitPlatformProvider.invokeAllTests(JUnitPlatformProvider.java:154)
	at org.apache.maven.surefire.junitplatform.JUnitPlatformProvider.invoke(JUnitPlatformProvider.java:128)
	at org.apache.maven.surefire.booter.ForkedBooter.runSuitesInProcess(ForkedBooter.java:428)
	at org.apache.maven.surefire.booter.ForkedBooter.execute(ForkedBooter.java:162)
	at org.apache.maven.surefire.booter.ForkedBooter.run(ForkedBooter.java:562)
	at org.apache.maven.surefire.booter.ForkedBooter.main(ForkedBooter.java:548)
[main] INFO org.apache.nifi.security.util.crypto.Argon2CipherProviderGroovyTest - [EXPECTED] java.lang.IllegalArgumentException: Cannot decrypt without a valid IV
]]></system-err>
  </testcase>
  <testcase name="testGetCipherForDecryptShouldRequireIV" classname="org.apache.nifi.security.util.crypto.Argon2CipherProviderGroovyTest" time="0.028">
    <system-err><![CDATA[[main] WARN org.apache.nifi.security.util.crypto.Argon2CipherProvider - The provided memory size 1024 KiB is below the recommended minimum 65536 KiB
[main] WARN org.apache.nifi.security.util.crypto.Argon2CipherProvider - The provided parallelization factor 1 is below the recommended minimum 8
[main] WARN org.apache.nifi.security.util.crypto.Argon2CipherProvider - The provided iterations count 3 is below the recommended minimum 5
[main] INFO org.apache.nifi.security.util.crypto.Argon2CipherProviderGroovyTest - Using algorithm: AES/CBC/NoPadding
[main] WARN org.apache.nifi.security.util.crypto.Argon2SecureHasher - The provided memory size 1024 KiB is below the recommended minimum 65536 KiB.
[main] WARN org.apache.nifi.security.util.crypto.Argon2SecureHasher - The provided parallelization factor 1 is below the recommended minimum 8.
[main] WARN org.apache.nifi.security.util.crypto.Argon2SecureHasher - The provided iteration count 3 is below the recommended minimum 5.
[main] WARN org.apache.nifi.security.util.crypto.AESKeyedCipherProvider - An empty IV was provided of length 16 for encryption
[main] WARN org.apache.nifi.security.util.crypto.AESKeyedCipherProvider - Generating new IV. The value can be obtained in the calling code by invoking 'cipher.getIV()';
[main] INFO org.apache.nifi.security.util.crypto.Argon2CipherProviderGroovyTest - IV: 00000000000000000000000000000000
[main] INFO org.apache.nifi.security.util.crypto.Argon2CipherProviderGroovyTest - Cipher text: 529fe18502ffb94c2b793b3755bf2f282b64aa5ca1c2b14f28389a35214498ed 32
[main] WARN org.apache.nifi.security.util.crypto.Argon2SecureHasher - The provided memory size 1024 KiB is below the recommended minimum 65536 KiB.
[main] WARN org.apache.nifi.security.util.crypto.Argon2SecureHasher - The provided parallelization factor 1 is below the recommended minimum 8.
[main] WARN org.apache.nifi.security.util.crypto.Argon2SecureHasher - The provided iteration count 3 is below the recommended minimum 5.
[main] WARN org.apache.nifi.security.util.crypto.AESKeyedCipherProvider - An IV was provided of length 0 bytes for decryption but should be 16 bytes
[main] ERROR org.apache.nifi.security.util.crypto.Argon2CipherProvider - Encountered an error generating the Argon2 hash
java.lang.IllegalArgumentException: Cannot decrypt without a valid IV
	at org.apache.nifi.security.util.crypto.AESKeyedCipherProvider.getInitializedCipher(AESKeyedCipherProvider.java:128)
	at org.apache.nifi.security.util.crypto.AESKeyedCipherProvider.getCipher(AESKeyedCipherProvider.java:60)
	at org.apache.nifi.security.util.crypto.Argon2CipherProvider.getInitializedCipher(Argon2CipherProvider.java:177)
	at org.apache.nifi.security.util.crypto.Argon2CipherProvider.getCipher(Argon2CipherProvider.java:103)
	at org.apache.nifi.security.util.crypto.Argon2CipherProvider.getCipher(Argon2CipherProvider.java:131)
	at org.apache.nifi.security.util.crypto.PBECipherProvider$getCipher$0.call(Unknown Source)
	at org.apache.nifi.security.util.crypto.Argon2CipherProviderGroovyTest$_testGetCipherForDecryptShouldRequireIV_closure9.doCall(Argon2CipherProviderGroovyTest.groovy:371)
	at org.apache.nifi.security.util.crypto.Argon2CipherProviderGroovyTest$_testGetCipherForDecryptShouldRequireIV_closure9.doCall(Argon2CipherProviderGroovyTest.groovy)
	at sun.reflect.NativeMethodAccessorImpl.invoke0(Native Method)
	at sun.reflect.NativeMethodAccessorImpl.invoke(NativeMethodAccessorImpl.java:62)
	at sun.reflect.DelegatingMethodAccessorImpl.invoke(DelegatingMethodAccessorImpl.java:43)
	at java.lang.reflect.Method.invoke(Method.java:498)
	at org.codehaus.groovy.reflection.CachedMethod.invoke(CachedMethod.java:101)
	at groovy.lang.MetaMethod.doMethodInvoke(MetaMethod.java:323)
	at org.codehaus.groovy.runtime.metaclass.ClosureMetaClass.invokeMethod(ClosureMetaClass.java:263)
	at groovy.lang.MetaClassImpl.invokeMethod(MetaClassImpl.java:1041)
	at groovy.lang.Closure.call(Closure.java:405)
	at groovy.lang.Closure.call(Closure.java:399)
	at groovy.test.GroovyAssert.shouldFail(GroovyAssert.java:118)
	at groovy.test.GroovyAssert$shouldFail.callStatic(Unknown Source)
	at org.apache.nifi.security.util.crypto.Argon2CipherProviderGroovyTest.testGetCipherForDecryptShouldRequireIV(Argon2CipherProviderGroovyTest.groovy:370)
	at sun.reflect.NativeMethodAccessorImpl.invoke0(Native Method)
	at sun.reflect.NativeMethodAccessorImpl.invoke(NativeMethodAccessorImpl.java:62)
	at sun.reflect.DelegatingMethodAccessorImpl.invoke(DelegatingMethodAccessorImpl.java:43)
	at java.lang.reflect.Method.invoke(Method.java:498)
	at junit.framework.TestCase.runTest(TestCase.java:177)
	at junit.framework.TestCase.runBare(TestCase.java:142)
	at junit.framework.TestResult$1.protect(TestResult.java:122)
	at junit.framework.TestResult.runProtected(TestResult.java:142)
	at junit.framework.TestResult.run(TestResult.java:125)
	at junit.framework.TestCase.run(TestCase.java:130)
	at junit.framework.TestSuite.runTest(TestSuite.java:241)
	at junit.framework.TestSuite.run(TestSuite.java:236)
	at org.junit.internal.runners.JUnit38ClassRunner.run(JUnit38ClassRunner.java:90)
	at org.junit.runner.JUnitCore.run(JUnitCore.java:137)
	at org.junit.runner.JUnitCore.run(JUnitCore.java:115)
	at org.junit.vintage.engine.execution.RunnerExecutor.execute(RunnerExecutor.java:43)
	at java.util.stream.ForEachOps$ForEachOp$OfRef.accept(ForEachOps.java:183)
	at java.util.stream.ReferencePipeline$3$1.accept(ReferencePipeline.java:193)
	at java.util.Iterator.forEachRemaining(Iterator.java:116)
	at java.util.Spliterators$IteratorSpliterator.forEachRemaining(Spliterators.java:1801)
	at java.util.stream.AbstractPipeline.copyInto(AbstractPipeline.java:482)
	at java.util.stream.AbstractPipeline.wrapAndCopyInto(AbstractPipeline.java:472)
	at java.util.stream.ForEachOps$ForEachOp.evaluateSequential(ForEachOps.java:150)
	at java.util.stream.ForEachOps$ForEachOp$OfRef.evaluateSequential(ForEachOps.java:173)
	at java.util.stream.AbstractPipeline.evaluate(AbstractPipeline.java:234)
	at java.util.stream.ReferencePipeline.forEach(ReferencePipeline.java:485)
	at org.junit.vintage.engine.VintageTestEngine.executeAllChildren(VintageTestEngine.java:82)
	at org.junit.vintage.engine.VintageTestEngine.execute(VintageTestEngine.java:73)
	at org.junit.platform.launcher.core.EngineExecutionOrchestrator.execute(EngineExecutionOrchestrator.java:108)
	at org.junit.platform.launcher.core.EngineExecutionOrchestrator.execute(EngineExecutionOrchestrator.java:88)
	at org.junit.platform.launcher.core.EngineExecutionOrchestrator.lambda$execute$0(EngineExecutionOrchestrator.java:54)
	at org.junit.platform.launcher.core.EngineExecutionOrchestrator.withInterceptedStreams(EngineExecutionOrchestrator.java:67)
	at org.junit.platform.launcher.core.EngineExecutionOrchestrator.execute(EngineExecutionOrchestrator.java:52)
	at org.junit.platform.launcher.core.DefaultLauncher.execute(DefaultLauncher.java:96)
	at org.junit.platform.launcher.core.DefaultLauncher.execute(DefaultLauncher.java:75)
	at org.apache.maven.surefire.junitplatform.JUnitPlatformProvider.execute(JUnitPlatformProvider.java:188)
	at org.apache.maven.surefire.junitplatform.JUnitPlatformProvider.invokeAllTests(JUnitPlatformProvider.java:154)
	at org.apache.maven.surefire.junitplatform.JUnitPlatformProvider.invoke(JUnitPlatformProvider.java:128)
	at org.apache.maven.surefire.booter.ForkedBooter.runSuitesInProcess(ForkedBooter.java:428)
	at org.apache.maven.surefire.booter.ForkedBooter.execute(ForkedBooter.java:162)
	at org.apache.maven.surefire.booter.ForkedBooter.run(ForkedBooter.java:562)
	at org.apache.maven.surefire.booter.ForkedBooter.main(ForkedBooter.java:548)
[main] INFO org.apache.nifi.security.util.crypto.Argon2CipherProviderGroovyTest - [EXPECTED] java.lang.IllegalArgumentException: Cannot decrypt without a valid IV
[main] INFO org.apache.nifi.security.util.crypto.Argon2CipherProviderGroovyTest - Using algorithm: AES/CBC/PKCS7Padding
[main] WARN org.apache.nifi.security.util.crypto.Argon2SecureHasher - The provided memory size 1024 KiB is below the recommended minimum 65536 KiB.
[main] WARN org.apache.nifi.security.util.crypto.Argon2SecureHasher - The provided parallelization factor 1 is below the recommended minimum 8.
[main] WARN org.apache.nifi.security.util.crypto.Argon2SecureHasher - The provided iteration count 3 is below the recommended minimum 5.
[main] WARN org.apache.nifi.security.util.crypto.AESKeyedCipherProvider - An empty IV was provided of length 16 for encryption
[main] WARN org.apache.nifi.security.util.crypto.AESKeyedCipherProvider - Generating new IV. The value can be obtained in the calling code by invoking 'cipher.getIV()';
[main] INFO org.apache.nifi.security.util.crypto.Argon2CipherProviderGroovyTest - IV: 00000000000000000000000000000000
[main] INFO org.apache.nifi.security.util.crypto.Argon2CipherProviderGroovyTest - Cipher text: 5b5876ba461d3d20118c762cea941eeff4bfa5ebe0f18812443e92bebe1483292c6b4b455abf74970877f99afc1fa522 48
[main] WARN org.apache.nifi.security.util.crypto.Argon2SecureHasher - The provided memory size 1024 KiB is below the recommended minimum 65536 KiB.
[main] WARN org.apache.nifi.security.util.crypto.Argon2SecureHasher - The provided parallelization factor 1 is below the recommended minimum 8.
[main] WARN org.apache.nifi.security.util.crypto.Argon2SecureHasher - The provided iteration count 3 is below the recommended minimum 5.
[main] WARN org.apache.nifi.security.util.crypto.AESKeyedCipherProvider - An IV was provided of length 0 bytes for decryption but should be 16 bytes
[main] ERROR org.apache.nifi.security.util.crypto.Argon2CipherProvider - Encountered an error generating the Argon2 hash
java.lang.IllegalArgumentException: Cannot decrypt without a valid IV
	at org.apache.nifi.security.util.crypto.AESKeyedCipherProvider.getInitializedCipher(AESKeyedCipherProvider.java:128)
	at org.apache.nifi.security.util.crypto.AESKeyedCipherProvider.getCipher(AESKeyedCipherProvider.java:60)
	at org.apache.nifi.security.util.crypto.Argon2CipherProvider.getInitializedCipher(Argon2CipherProvider.java:177)
	at org.apache.nifi.security.util.crypto.Argon2CipherProvider.getCipher(Argon2CipherProvider.java:103)
	at org.apache.nifi.security.util.crypto.Argon2CipherProvider.getCipher(Argon2CipherProvider.java:131)
	at org.apache.nifi.security.util.crypto.PBECipherProvider$getCipher$0.call(Unknown Source)
	at org.apache.nifi.security.util.crypto.Argon2CipherProviderGroovyTest$_testGetCipherForDecryptShouldRequireIV_closure9.doCall(Argon2CipherProviderGroovyTest.groovy:371)
	at org.apache.nifi.security.util.crypto.Argon2CipherProviderGroovyTest$_testGetCipherForDecryptShouldRequireIV_closure9.doCall(Argon2CipherProviderGroovyTest.groovy)
	at sun.reflect.NativeMethodAccessorImpl.invoke0(Native Method)
	at sun.reflect.NativeMethodAccessorImpl.invoke(NativeMethodAccessorImpl.java:62)
	at sun.reflect.DelegatingMethodAccessorImpl.invoke(DelegatingMethodAccessorImpl.java:43)
	at java.lang.reflect.Method.invoke(Method.java:498)
	at org.codehaus.groovy.reflection.CachedMethod.invoke(CachedMethod.java:101)
	at groovy.lang.MetaMethod.doMethodInvoke(MetaMethod.java:323)
	at org.codehaus.groovy.runtime.metaclass.ClosureMetaClass.invokeMethod(ClosureMetaClass.java:263)
	at groovy.lang.MetaClassImpl.invokeMethod(MetaClassImpl.java:1041)
	at groovy.lang.Closure.call(Closure.java:405)
	at groovy.lang.Closure.call(Closure.java:399)
	at groovy.test.GroovyAssert.shouldFail(GroovyAssert.java:118)
	at groovy.test.GroovyAssert$shouldFail.callStatic(Unknown Source)
	at org.apache.nifi.security.util.crypto.Argon2CipherProviderGroovyTest.testGetCipherForDecryptShouldRequireIV(Argon2CipherProviderGroovyTest.groovy:370)
	at sun.reflect.NativeMethodAccessorImpl.invoke0(Native Method)
	at sun.reflect.NativeMethodAccessorImpl.invoke(NativeMethodAccessorImpl.java:62)
	at sun.reflect.DelegatingMethodAccessorImpl.invoke(DelegatingMethodAccessorImpl.java:43)
	at java.lang.reflect.Method.invoke(Method.java:498)
	at junit.framework.TestCase.runTest(TestCase.java:177)
	at junit.framework.TestCase.runBare(TestCase.java:142)
	at junit.framework.TestResult$1.protect(TestResult.java:122)
	at junit.framework.TestResult.runProtected(TestResult.java:142)
	at junit.framework.TestResult.run(TestResult.java:125)
	at junit.framework.TestCase.run(TestCase.java:130)
	at junit.framework.TestSuite.runTest(TestSuite.java:241)
	at junit.framework.TestSuite.run(TestSuite.java:236)
	at org.junit.internal.runners.JUnit38ClassRunner.run(JUnit38ClassRunner.java:90)
	at org.junit.runner.JUnitCore.run(JUnitCore.java:137)
	at org.junit.runner.JUnitCore.run(JUnitCore.java:115)
	at org.junit.vintage.engine.execution.RunnerExecutor.execute(RunnerExecutor.java:43)
	at java.util.stream.ForEachOps$ForEachOp$OfRef.accept(ForEachOps.java:183)
	at java.util.stream.ReferencePipeline$3$1.accept(ReferencePipeline.java:193)
	at java.util.Iterator.forEachRemaining(Iterator.java:116)
	at java.util.Spliterators$IteratorSpliterator.forEachRemaining(Spliterators.java:1801)
	at java.util.stream.AbstractPipeline.copyInto(AbstractPipeline.java:482)
	at java.util.stream.AbstractPipeline.wrapAndCopyInto(AbstractPipeline.java:472)
	at java.util.stream.ForEachOps$ForEachOp.evaluateSequential(ForEachOps.java:150)
	at java.util.stream.ForEachOps$ForEachOp$OfRef.evaluateSequential(ForEachOps.java:173)
	at java.util.stream.AbstractPipeline.evaluate(AbstractPipeline.java:234)
	at java.util.stream.ReferencePipeline.forEach(ReferencePipeline.java:485)
	at org.junit.vintage.engine.VintageTestEngine.executeAllChildren(VintageTestEngine.java:82)
	at org.junit.vintage.engine.VintageTestEngine.execute(VintageTestEngine.java:73)
	at org.junit.platform.launcher.core.EngineExecutionOrchestrator.execute(EngineExecutionOrchestrator.java:108)
	at org.junit.platform.launcher.core.EngineExecutionOrchestrator.execute(EngineExecutionOrchestrator.java:88)
	at org.junit.platform.launcher.core.EngineExecutionOrchestrator.lambda$execute$0(EngineExecutionOrchestrator.java:54)
	at org.junit.platform.launcher.core.EngineExecutionOrchestrator.withInterceptedStreams(EngineExecutionOrchestrator.java:67)
	at org.junit.platform.launcher.core.EngineExecutionOrchestrator.execute(EngineExecutionOrchestrator.java:52)
	at org.junit.platform.launcher.core.DefaultLauncher.execute(DefaultLauncher.java:96)
	at org.junit.platform.launcher.core.DefaultLauncher.execute(DefaultLauncher.java:75)
	at org.apache.maven.surefire.junitplatform.JUnitPlatformProvider.execute(JUnitPlatformProvider.java:188)
	at org.apache.maven.surefire.junitplatform.JUnitPlatformProvider.invokeAllTests(JUnitPlatformProvider.java:154)
	at org.apache.maven.surefire.junitplatform.JUnitPlatformProvider.invoke(JUnitPlatformProvider.java:128)
	at org.apache.maven.surefire.booter.ForkedBooter.runSuitesInProcess(ForkedBooter.java:428)
	at org.apache.maven.surefire.booter.ForkedBooter.execute(ForkedBooter.java:162)
	at org.apache.maven.surefire.booter.ForkedBooter.run(ForkedBooter.java:562)
	at org.apache.maven.surefire.booter.ForkedBooter.main(ForkedBooter.java:548)
[main] INFO org.apache.nifi.security.util.crypto.Argon2CipherProviderGroovyTest - [EXPECTED] java.lang.IllegalArgumentException: Cannot decrypt without a valid IV
[main] INFO org.apache.nifi.security.util.crypto.Argon2CipherProviderGroovyTest - Using algorithm: AES/CTR/NoPadding
[main] WARN org.apache.nifi.security.util.crypto.Argon2SecureHasher - The provided memory size 1024 KiB is below the recommended minimum 65536 KiB.
[main] WARN org.apache.nifi.security.util.crypto.Argon2SecureHasher - The provided parallelization factor 1 is below the recommended minimum 8.
[main] WARN org.apache.nifi.security.util.crypto.Argon2SecureHasher - The provided iteration count 3 is below the recommended minimum 5.
[main] WARN org.apache.nifi.security.util.crypto.AESKeyedCipherProvider - An empty IV was provided of length 16 for encryption
[main] WARN org.apache.nifi.security.util.crypto.AESKeyedCipherProvider - Generating new IV. The value can be obtained in the calling code by invoking 'cipher.getIV()';
[main] INFO org.apache.nifi.security.util.crypto.Argon2CipherProviderGroovyTest - IV: 00000000000000000000000000000000
[main] INFO org.apache.nifi.security.util.crypto.Argon2CipherProviderGroovyTest - Cipher text: 62d65864150e143fe2aab34c60c155e284c47cef8e80b7fa14a2c991bc7e9e4e 32
[main] WARN org.apache.nifi.security.util.crypto.Argon2SecureHasher - The provided memory size 1024 KiB is below the recommended minimum 65536 KiB.
[main] WARN org.apache.nifi.security.util.crypto.Argon2SecureHasher - The provided parallelization factor 1 is below the recommended minimum 8.
[main] WARN org.apache.nifi.security.util.crypto.Argon2SecureHasher - The provided iteration count 3 is below the recommended minimum 5.
[main] WARN org.apache.nifi.security.util.crypto.AESKeyedCipherProvider - An IV was provided of length 0 bytes for decryption but should be 16 bytes
[main] ERROR org.apache.nifi.security.util.crypto.Argon2CipherProvider - Encountered an error generating the Argon2 hash
java.lang.IllegalArgumentException: Cannot decrypt without a valid IV
	at org.apache.nifi.security.util.crypto.AESKeyedCipherProvider.getInitializedCipher(AESKeyedCipherProvider.java:128)
	at org.apache.nifi.security.util.crypto.AESKeyedCipherProvider.getCipher(AESKeyedCipherProvider.java:60)
	at org.apache.nifi.security.util.crypto.Argon2CipherProvider.getInitializedCipher(Argon2CipherProvider.java:177)
	at org.apache.nifi.security.util.crypto.Argon2CipherProvider.getCipher(Argon2CipherProvider.java:103)
	at org.apache.nifi.security.util.crypto.Argon2CipherProvider.getCipher(Argon2CipherProvider.java:131)
	at org.apache.nifi.security.util.crypto.PBECipherProvider$getCipher$0.call(Unknown Source)
	at org.apache.nifi.security.util.crypto.Argon2CipherProviderGroovyTest$_testGetCipherForDecryptShouldRequireIV_closure9.doCall(Argon2CipherProviderGroovyTest.groovy:371)
	at org.apache.nifi.security.util.crypto.Argon2CipherProviderGroovyTest$_testGetCipherForDecryptShouldRequireIV_closure9.doCall(Argon2CipherProviderGroovyTest.groovy)
	at sun.reflect.NativeMethodAccessorImpl.invoke0(Native Method)
	at sun.reflect.NativeMethodAccessorImpl.invoke(NativeMethodAccessorImpl.java:62)
	at sun.reflect.DelegatingMethodAccessorImpl.invoke(DelegatingMethodAccessorImpl.java:43)
	at java.lang.reflect.Method.invoke(Method.java:498)
	at org.codehaus.groovy.reflection.CachedMethod.invoke(CachedMethod.java:101)
	at groovy.lang.MetaMethod.doMethodInvoke(MetaMethod.java:323)
	at org.codehaus.groovy.runtime.metaclass.ClosureMetaClass.invokeMethod(ClosureMetaClass.java:263)
	at groovy.lang.MetaClassImpl.invokeMethod(MetaClassImpl.java:1041)
	at groovy.lang.Closure.call(Closure.java:405)
	at groovy.lang.Closure.call(Closure.java:399)
	at groovy.test.GroovyAssert.shouldFail(GroovyAssert.java:118)
	at groovy.test.GroovyAssert$shouldFail.callStatic(Unknown Source)
	at org.apache.nifi.security.util.crypto.Argon2CipherProviderGroovyTest.testGetCipherForDecryptShouldRequireIV(Argon2CipherProviderGroovyTest.groovy:370)
	at sun.reflect.NativeMethodAccessorImpl.invoke0(Native Method)
	at sun.reflect.NativeMethodAccessorImpl.invoke(NativeMethodAccessorImpl.java:62)
	at sun.reflect.DelegatingMethodAccessorImpl.invoke(DelegatingMethodAccessorImpl.java:43)
	at java.lang.reflect.Method.invoke(Method.java:498)
	at junit.framework.TestCase.runTest(TestCase.java:177)
	at junit.framework.TestCase.runBare(TestCase.java:142)
	at junit.framework.TestResult$1.protect(TestResult.java:122)
	at junit.framework.TestResult.runProtected(TestResult.java:142)
	at junit.framework.TestResult.run(TestResult.java:125)
	at junit.framework.TestCase.run(TestCase.java:130)
	at junit.framework.TestSuite.runTest(TestSuite.java:241)
	at junit.framework.TestSuite.run(TestSuite.java:236)
	at org.junit.internal.runners.JUnit38ClassRunner.run(JUnit38ClassRunner.java:90)
	at org.junit.runner.JUnitCore.run(JUnitCore.java:137)
	at org.junit.runner.JUnitCore.run(JUnitCore.java:115)
	at org.junit.vintage.engine.execution.RunnerExecutor.execute(RunnerExecutor.java:43)
	at java.util.stream.ForEachOps$ForEachOp$OfRef.accept(ForEachOps.java:183)
	at java.util.stream.ReferencePipeline$3$1.accept(ReferencePipeline.java:193)
	at java.util.Iterator.forEachRemaining(Iterator.java:116)
	at java.util.Spliterators$IteratorSpliterator.forEachRemaining(Spliterators.java:1801)
	at java.util.stream.AbstractPipeline.copyInto(AbstractPipeline.java:482)
	at java.util.stream.AbstractPipeline.wrapAndCopyInto(AbstractPipeline.java:472)
	at java.util.stream.ForEachOps$ForEachOp.evaluateSequential(ForEachOps.java:150)
	at java.util.stream.ForEachOps$ForEachOp$OfRef.evaluateSequential(ForEachOps.java:173)
	at java.util.stream.AbstractPipeline.evaluate(AbstractPipeline.java:234)
	at java.util.stream.ReferencePipeline.forEach(ReferencePipeline.java:485)
	at org.junit.vintage.engine.VintageTestEngine.executeAllChildren(VintageTestEngine.java:82)
	at org.junit.vintage.engine.VintageTestEngine.execute(VintageTestEngine.java:73)
	at org.junit.platform.launcher.core.EngineExecutionOrchestrator.execute(EngineExecutionOrchestrator.java:108)
	at org.junit.platform.launcher.core.EngineExecutionOrchestrator.execute(EngineExecutionOrchestrator.java:88)
	at org.junit.platform.launcher.core.EngineExecutionOrchestrator.lambda$execute$0(EngineExecutionOrchestrator.java:54)
	at org.junit.platform.launcher.core.EngineExecutionOrchestrator.withInterceptedStreams(EngineExecutionOrchestrator.java:67)
	at org.junit.platform.launcher.core.EngineExecutionOrchestrator.execute(EngineExecutionOrchestrator.java:52)
	at org.junit.platform.launcher.core.DefaultLauncher.execute(DefaultLauncher.java:96)
	at org.junit.platform.launcher.core.DefaultLauncher.execute(DefaultLauncher.java:75)
	at org.apache.maven.surefire.junitplatform.JUnitPlatformProvider.execute(JUnitPlatformProvider.java:188)
	at org.apache.maven.surefire.junitplatform.JUnitPlatformProvider.invokeAllTests(JUnitPlatformProvider.java:154)
	at org.apache.maven.surefire.junitplatform.JUnitPlatformProvider.invoke(JUnitPlatformProvider.java:128)
	at org.apache.maven.surefire.booter.ForkedBooter.runSuitesInProcess(ForkedBooter.java:428)
	at org.apache.maven.surefire.booter.ForkedBooter.execute(ForkedBooter.java:162)
	at org.apache.maven.surefire.booter.ForkedBooter.run(ForkedBooter.java:562)
	at org.apache.maven.surefire.booter.ForkedBooter.main(ForkedBooter.java:548)
[main] INFO org.apache.nifi.security.util.crypto.Argon2CipherProviderGroovyTest - [EXPECTED] java.lang.IllegalArgumentException: Cannot decrypt without a valid IV
[main] INFO org.apache.nifi.security.util.crypto.Argon2CipherProviderGroovyTest - Using algorithm: AES/GCM/NoPadding
[main] WARN org.apache.nifi.security.util.crypto.Argon2SecureHasher - The provided memory size 1024 KiB is below the recommended minimum 65536 KiB.
[main] WARN org.apache.nifi.security.util.crypto.Argon2SecureHasher - The provided parallelization factor 1 is below the recommended minimum 8.
[main] WARN org.apache.nifi.security.util.crypto.Argon2SecureHasher - The provided iteration count 3 is below the recommended minimum 5.
[main] WARN org.apache.nifi.security.util.crypto.AESKeyedCipherProvider - An empty IV was provided of length 16 for encryption
[main] WARN org.apache.nifi.security.util.crypto.AESKeyedCipherProvider - Generating new IV. The value can be obtained in the calling code by invoking 'cipher.getIV()';
[main] INFO org.apache.nifi.security.util.crypto.Argon2CipherProviderGroovyTest - IV: 00000000000000000000000000000000
[main] INFO org.apache.nifi.security.util.crypto.Argon2CipherProviderGroovyTest - Cipher text: 601dfccdd7eb4ece67616a29aaf1f17bcdc166b428a46a0ab37c1bb6decd793e6b1b879ef17fa27c1cad2bb69e71a4ba 48
[main] WARN org.apache.nifi.security.util.crypto.Argon2SecureHasher - The provided memory size 1024 KiB is below the recommended minimum 65536 KiB.
[main] WARN org.apache.nifi.security.util.crypto.Argon2SecureHasher - The provided parallelization factor 1 is below the recommended minimum 8.
[main] WARN org.apache.nifi.security.util.crypto.Argon2SecureHasher - The provided iteration count 3 is below the recommended minimum 5.
[main] WARN org.apache.nifi.security.util.crypto.AESKeyedCipherProvider - An IV was provided of length 0 bytes for decryption but should be 16 bytes
[main] ERROR org.apache.nifi.security.util.crypto.Argon2CipherProvider - Encountered an error generating the Argon2 hash
java.lang.IllegalArgumentException: Cannot decrypt without a valid IV
	at org.apache.nifi.security.util.crypto.AESKeyedCipherProvider.getInitializedCipher(AESKeyedCipherProvider.java:128)
	at org.apache.nifi.security.util.crypto.AESKeyedCipherProvider.getCipher(AESKeyedCipherProvider.java:60)
	at org.apache.nifi.security.util.crypto.Argon2CipherProvider.getInitializedCipher(Argon2CipherProvider.java:177)
	at org.apache.nifi.security.util.crypto.Argon2CipherProvider.getCipher(Argon2CipherProvider.java:103)
	at org.apache.nifi.security.util.crypto.Argon2CipherProvider.getCipher(Argon2CipherProvider.java:131)
	at org.apache.nifi.security.util.crypto.PBECipherProvider$getCipher$0.call(Unknown Source)
	at org.apache.nifi.security.util.crypto.Argon2CipherProviderGroovyTest$_testGetCipherForDecryptShouldRequireIV_closure9.doCall(Argon2CipherProviderGroovyTest.groovy:371)
	at org.apache.nifi.security.util.crypto.Argon2CipherProviderGroovyTest$_testGetCipherForDecryptShouldRequireIV_closure9.doCall(Argon2CipherProviderGroovyTest.groovy)
	at sun.reflect.NativeMethodAccessorImpl.invoke0(Native Method)
	at sun.reflect.NativeMethodAccessorImpl.invoke(NativeMethodAccessorImpl.java:62)
	at sun.reflect.DelegatingMethodAccessorImpl.invoke(DelegatingMethodAccessorImpl.java:43)
	at java.lang.reflect.Method.invoke(Method.java:498)
	at org.codehaus.groovy.reflection.CachedMethod.invoke(CachedMethod.java:101)
	at groovy.lang.MetaMethod.doMethodInvoke(MetaMethod.java:323)
	at org.codehaus.groovy.runtime.metaclass.ClosureMetaClass.invokeMethod(ClosureMetaClass.java:263)
	at groovy.lang.MetaClassImpl.invokeMethod(MetaClassImpl.java:1041)
	at groovy.lang.Closure.call(Closure.java:405)
	at groovy.lang.Closure.call(Closure.java:399)
	at groovy.test.GroovyAssert.shouldFail(GroovyAssert.java:118)
	at groovy.test.GroovyAssert$shouldFail.callStatic(Unknown Source)
	at org.apache.nifi.security.util.crypto.Argon2CipherProviderGroovyTest.testGetCipherForDecryptShouldRequireIV(Argon2CipherProviderGroovyTest.groovy:370)
	at sun.reflect.NativeMethodAccessorImpl.invoke0(Native Method)
	at sun.reflect.NativeMethodAccessorImpl.invoke(NativeMethodAccessorImpl.java:62)
	at sun.reflect.DelegatingMethodAccessorImpl.invoke(DelegatingMethodAccessorImpl.java:43)
	at java.lang.reflect.Method.invoke(Method.java:498)
	at junit.framework.TestCase.runTest(TestCase.java:177)
	at junit.framework.TestCase.runBare(TestCase.java:142)
	at junit.framework.TestResult$1.protect(TestResult.java:122)
	at junit.framework.TestResult.runProtected(TestResult.java:142)
	at junit.framework.TestResult.run(TestResult.java:125)
	at junit.framework.TestCase.run(TestCase.java:130)
	at junit.framework.TestSuite.runTest(TestSuite.java:241)
	at junit.framework.TestSuite.run(TestSuite.java:236)
	at org.junit.internal.runners.JUnit38ClassRunner.run(JUnit38ClassRunner.java:90)
	at org.junit.runner.JUnitCore.run(JUnitCore.java:137)
	at org.junit.runner.JUnitCore.run(JUnitCore.java:115)
	at org.junit.vintage.engine.execution.RunnerExecutor.execute(RunnerExecutor.java:43)
	at java.util.stream.ForEachOps$ForEachOp$OfRef.accept(ForEachOps.java:183)
	at java.util.stream.ReferencePipeline$3$1.accept(ReferencePipeline.java:193)
	at java.util.Iterator.forEachRemaining(Iterator.java:116)
	at java.util.Spliterators$IteratorSpliterator.forEachRemaining(Spliterators.java:1801)
	at java.util.stream.AbstractPipeline.copyInto(AbstractPipeline.java:482)
	at java.util.stream.AbstractPipeline.wrapAndCopyInto(AbstractPipeline.java:472)
	at java.util.stream.ForEachOps$ForEachOp.evaluateSequential(ForEachOps.java:150)
	at java.util.stream.ForEachOps$ForEachOp$OfRef.evaluateSequential(ForEachOps.java:173)
	at java.util.stream.AbstractPipeline.evaluate(AbstractPipeline.java:234)
	at java.util.stream.ReferencePipeline.forEach(ReferencePipeline.java:485)
	at org.junit.vintage.engine.VintageTestEngine.executeAllChildren(VintageTestEngine.java:82)
	at org.junit.vintage.engine.VintageTestEngine.execute(VintageTestEngine.java:73)
	at org.junit.platform.launcher.core.EngineExecutionOrchestrator.execute(EngineExecutionOrchestrator.java:108)
	at org.junit.platform.launcher.core.EngineExecutionOrchestrator.execute(EngineExecutionOrchestrator.java:88)
	at org.junit.platform.launcher.core.EngineExecutionOrchestrator.lambda$execute$0(EngineExecutionOrchestrator.java:54)
	at org.junit.platform.launcher.core.EngineExecutionOrchestrator.withInterceptedStreams(EngineExecutionOrchestrator.java:67)
	at org.junit.platform.launcher.core.EngineExecutionOrchestrator.execute(EngineExecutionOrchestrator.java:52)
	at org.junit.platform.launcher.core.DefaultLauncher.execute(DefaultLauncher.java:96)
	at org.junit.platform.launcher.core.DefaultLauncher.execute(DefaultLauncher.java:75)
	at org.apache.maven.surefire.junitplatform.JUnitPlatformProvider.execute(JUnitPlatformProvider.java:188)
	at org.apache.maven.surefire.junitplatform.JUnitPlatformProvider.invokeAllTests(JUnitPlatformProvider.java:154)
	at org.apache.maven.surefire.junitplatform.JUnitPlatformProvider.invoke(JUnitPlatformProvider.java:128)
	at org.apache.maven.surefire.booter.ForkedBooter.runSuitesInProcess(ForkedBooter.java:428)
	at org.apache.maven.surefire.booter.ForkedBooter.execute(ForkedBooter.java:162)
	at org.apache.maven.surefire.booter.ForkedBooter.run(ForkedBooter.java:562)
	at org.apache.maven.surefire.booter.ForkedBooter.main(ForkedBooter.java:548)
[main] INFO org.apache.nifi.security.util.crypto.Argon2CipherProviderGroovyTest - [EXPECTED] java.lang.IllegalArgumentException: Cannot decrypt without a valid IV
]]></system-err>
  </testcase>
  <testcase name="testArgon2ShouldNotAcceptInvalidPassword" classname="org.apache.nifi.security.util.crypto.Argon2CipherProviderGroovyTest" time="0.003">
    <system-err><![CDATA[[main] WARN org.apache.nifi.security.util.crypto.Argon2CipherProvider - The provided memory size 1024 KiB is below the recommended minimum 65536 KiB
[main] WARN org.apache.nifi.security.util.crypto.Argon2CipherProvider - The provided parallelization factor 1 is below the recommended minimum 8
[main] WARN org.apache.nifi.security.util.crypto.Argon2CipherProvider - The provided iterations count 3 is below the recommended minimum 5
]]></system-err>
  </testcase>
  <testcase name="testArgon2ShouldNotAcceptInvalidPassword" classname="org.apache.nifi.security.util.crypto.Argon2CipherProviderGroovyTest" time="0.001">
    <system-err><![CDATA[[main] WARN org.apache.nifi.security.util.crypto.Argon2CipherProvider - The provided memory size 1024 KiB is below the recommended minimum 65536 KiB
[main] WARN org.apache.nifi.security.util.crypto.Argon2CipherProvider - The provided parallelization factor 1 is below the recommended minimum 8
[main] WARN org.apache.nifi.security.util.crypto.Argon2CipherProvider - The provided iterations count 3 is below the recommended minimum 5
]]></system-err>
  </testcase>
  <testcase name="testGetCipherShouldNotAcceptInvalidKeyLengths" classname="org.apache.nifi.security.util.crypto.Argon2CipherProviderGroovyTest" time="0.004">
    <system-err><![CDATA[[main] WARN org.apache.nifi.security.util.crypto.Argon2CipherProvider - The provided memory size 1024 KiB is below the recommended minimum 65536 KiB
[main] WARN org.apache.nifi.security.util.crypto.Argon2CipherProvider - The provided parallelization factor 1 is below the recommended minimum 8
[main] WARN org.apache.nifi.security.util.crypto.Argon2CipherProvider - The provided iterations count 3 is below the recommended minimum 5
[main] INFO org.apache.nifi.security.util.crypto.Argon2CipherProviderGroovyTest - Using algorithm: AES/CBC/PKCS7Padding with key length -1
[main] INFO org.apache.nifi.security.util.crypto.Argon2CipherProviderGroovyTest - [EXPECTED] java.lang.IllegalArgumentException: -1 is not a valid key length for AES
[main] INFO org.apache.nifi.security.util.crypto.Argon2CipherProviderGroovyTest - Using algorithm: AES/CBC/PKCS7Padding with key length 40
[main] INFO org.apache.nifi.security.util.crypto.Argon2CipherProviderGroovyTest - [EXPECTED] java.lang.IllegalArgumentException: 40 is not a valid key length for AES
[main] INFO org.apache.nifi.security.util.crypto.Argon2CipherProviderGroovyTest - Using algorithm: AES/CBC/PKCS7Padding with key length 64
[main] INFO org.apache.nifi.security.util.crypto.Argon2CipherProviderGroovyTest - [EXPECTED] java.lang.IllegalArgumentException: 64 is not a valid key length for AES
[main] INFO org.apache.nifi.security.util.crypto.Argon2CipherProviderGroovyTest - Using algorithm: AES/CBC/PKCS7Padding with key length 112
[main] INFO org.apache.nifi.security.util.crypto.Argon2CipherProviderGroovyTest - [EXPECTED] java.lang.IllegalArgumentException: 112 is not a valid key length for AES
[main] INFO org.apache.nifi.security.util.crypto.Argon2CipherProviderGroovyTest - Using algorithm: AES/CBC/PKCS7Padding with key length 512
[main] INFO org.apache.nifi.security.util.crypto.Argon2CipherProviderGroovyTest - [EXPECTED] java.lang.IllegalArgumentException: 512 is not a valid key length for AES
]]></system-err>
  </testcase>
  <testcase name="testGetCipherShouldNotAcceptInvalidKeyLengths" classname="org.apache.nifi.security.util.crypto.Argon2CipherProviderGroovyTest" time="0">
    <system-err><![CDATA[[main] WARN org.apache.nifi.security.util.crypto.Argon2CipherProvider - The provided memory size 1024 KiB is below the recommended minimum 65536 KiB
[main] WARN org.apache.nifi.security.util.crypto.Argon2CipherProvider - The provided parallelization factor 1 is below the recommended minimum 8
[main] WARN org.apache.nifi.security.util.crypto.Argon2CipherProvider - The provided iterations count 3 is below the recommended minimum 5
[main] INFO org.apache.nifi.security.util.crypto.Argon2CipherProviderGroovyTest - Using algorithm: AES/CBC/PKCS7Padding with key length -1
[main] INFO org.apache.nifi.security.util.crypto.Argon2CipherProviderGroovyTest - [EXPECTED] java.lang.IllegalArgumentException: -1 is not a valid key length for AES
[main] INFO org.apache.nifi.security.util.crypto.Argon2CipherProviderGroovyTest - Using algorithm: AES/CBC/PKCS7Padding with key length 40
[main] INFO org.apache.nifi.security.util.crypto.Argon2CipherProviderGroovyTest - [EXPECTED] java.lang.IllegalArgumentException: 40 is not a valid key length for AES
[main] INFO org.apache.nifi.security.util.crypto.Argon2CipherProviderGroovyTest - Using algorithm: AES/CBC/PKCS7Padding with key length 64
[main] INFO org.apache.nifi.security.util.crypto.Argon2CipherProviderGroovyTest - [EXPECTED] java.lang.IllegalArgumentException: 64 is not a valid key length for AES
[main] INFO org.apache.nifi.security.util.crypto.Argon2CipherProviderGroovyTest - Using algorithm: AES/CBC/PKCS7Padding with key length 112
[main] INFO org.apache.nifi.security.util.crypto.Argon2CipherProviderGroovyTest - [EXPECTED] java.lang.IllegalArgumentException: 112 is not a valid key length for AES
[main] INFO org.apache.nifi.security.util.crypto.Argon2CipherProviderGroovyTest - Using algorithm: AES/CBC/PKCS7Padding with key length 512
[main] INFO org.apache.nifi.security.util.crypto.Argon2CipherProviderGroovyTest - [EXPECTED] java.lang.IllegalArgumentException: 512 is not a valid key length for AES
]]></system-err>
  </testcase>
  <testcase name="testGetCipherShouldNotAcceptInvalidSalts" classname="org.apache.nifi.security.util.crypto.Argon2CipherProviderGroovyTest" time="0.004">
    <system-err><![CDATA[[main] WARN org.apache.nifi.security.util.crypto.Argon2CipherProvider - The provided memory size 1024 KiB is below the recommended minimum 65536 KiB
[main] WARN org.apache.nifi.security.util.crypto.Argon2CipherProvider - The provided parallelization factor 1 is below the recommended minimum 8
[main] WARN org.apache.nifi.security.util.crypto.Argon2CipherProvider - The provided iterations count 3 is below the recommended minimum 5
[main] INFO org.apache.nifi.security.util.crypto.Argon2CipherProviderGroovyTest - Using algorithm: AES/CBC/PKCS7Padding
[main] INFO org.apache.nifi.security.util.crypto.Argon2CipherProviderGroovyTest - Checking salt argon2
[main] WARN org.apache.nifi.security.util.crypto.Argon2SecureHasher - The provided memory size 1024 KiB is below the recommended minimum 65536 KiB.
[main] WARN org.apache.nifi.security.util.crypto.Argon2SecureHasher - The provided parallelization factor 1 is below the recommended minimum 8.
[main] WARN org.apache.nifi.security.util.crypto.Argon2SecureHasher - The provided iteration count 3 is below the recommended minimum 5.
[main] WARN org.apache.nifi.security.util.crypto.AbstractSecureHasher - The provided dynamic salt length 6 is below the recommended minimum 16
[main] INFO org.apache.nifi.security.util.crypto.Argon2CipherProviderGroovyTest - [EXPECTED] java.lang.IllegalArgumentException: The raw salt must be greater than or equal to 8 bytes
[main] INFO org.apache.nifi.security.util.crypto.Argon2CipherProviderGroovyTest - Checking salt $3a$11$
[main] WARN org.apache.nifi.security.util.crypto.Argon2SecureHasher - The provided memory size 1024 KiB is below the recommended minimum 65536 KiB.
[main] WARN org.apache.nifi.security.util.crypto.Argon2SecureHasher - The provided parallelization factor 1 is below the recommended minimum 8.
[main] WARN org.apache.nifi.security.util.crypto.Argon2SecureHasher - The provided iteration count 3 is below the recommended minimum 5.
[main] WARN org.apache.nifi.security.util.crypto.AbstractSecureHasher - The provided dynamic salt length 7 is below the recommended minimum 16
[main] INFO org.apache.nifi.security.util.crypto.Argon2CipherProviderGroovyTest - [EXPECTED] java.lang.IllegalArgumentException: The raw salt must be greater than or equal to 8 bytes
[main] INFO org.apache.nifi.security.util.crypto.Argon2CipherProviderGroovyTest - Checking salt x
[main] WARN org.apache.nifi.security.util.crypto.Argon2SecureHasher - The provided memory size 1024 KiB is below the recommended minimum 65536 KiB.
[main] WARN org.apache.nifi.security.util.crypto.Argon2SecureHasher - The provided parallelization factor 1 is below the recommended minimum 8.
[main] WARN org.apache.nifi.security.util.crypto.Argon2SecureHasher - The provided iteration count 3 is below the recommended minimum 5.
[main] WARN org.apache.nifi.security.util.crypto.AbstractSecureHasher - The provided dynamic salt length 1 is below the recommended minimum 16
[main] INFO org.apache.nifi.security.util.crypto.Argon2CipherProviderGroovyTest - [EXPECTED] java.lang.IllegalArgumentException: The raw salt must be greater than or equal to 8 bytes
[main] INFO org.apache.nifi.security.util.crypto.Argon2CipherProviderGroovyTest - Checking salt $2a$10$
[main] WARN org.apache.nifi.security.util.crypto.Argon2SecureHasher - The provided memory size 1024 KiB is below the recommended minimum 65536 KiB.
[main] WARN org.apache.nifi.security.util.crypto.Argon2SecureHasher - The provided parallelization factor 1 is below the recommended minimum 8.
[main] WARN org.apache.nifi.security.util.crypto.Argon2SecureHasher - The provided iteration count 3 is below the recommended minimum 5.
[main] WARN org.apache.nifi.security.util.crypto.AbstractSecureHasher - The provided dynamic salt length 7 is below the recommended minimum 16
[main] INFO org.apache.nifi.security.util.crypto.Argon2CipherProviderGroovyTest - [EXPECTED] java.lang.IllegalArgumentException: The raw salt must be greater than or equal to 8 bytes
]]></system-err>
  </testcase>
  <testcase name="testGetCipherShouldNotAcceptInvalidSalts" classname="org.apache.nifi.security.util.crypto.Argon2CipherProviderGroovyTest" time="0.001">
    <system-err><![CDATA[[main] WARN org.apache.nifi.security.util.crypto.Argon2CipherProvider - The provided memory size 1024 KiB is below the recommended minimum 65536 KiB
[main] WARN org.apache.nifi.security.util.crypto.Argon2CipherProvider - The provided parallelization factor 1 is below the recommended minimum 8
[main] WARN org.apache.nifi.security.util.crypto.Argon2CipherProvider - The provided iterations count 3 is below the recommended minimum 5
[main] INFO org.apache.nifi.security.util.crypto.Argon2CipherProviderGroovyTest - Using algorithm: AES/CBC/PKCS7Padding
[main] INFO org.apache.nifi.security.util.crypto.Argon2CipherProviderGroovyTest - Checking salt argon2
[main] WARN org.apache.nifi.security.util.crypto.Argon2SecureHasher - The provided memory size 1024 KiB is below the recommended minimum 65536 KiB.
[main] WARN org.apache.nifi.security.util.crypto.Argon2SecureHasher - The provided parallelization factor 1 is below the recommended minimum 8.
[main] WARN org.apache.nifi.security.util.crypto.Argon2SecureHasher - The provided iteration count 3 is below the recommended minimum 5.
[main] WARN org.apache.nifi.security.util.crypto.AbstractSecureHasher - The provided dynamic salt length 6 is below the recommended minimum 16
[main] INFO org.apache.nifi.security.util.crypto.Argon2CipherProviderGroovyTest - [EXPECTED] java.lang.IllegalArgumentException: The raw salt must be greater than or equal to 8 bytes
[main] INFO org.apache.nifi.security.util.crypto.Argon2CipherProviderGroovyTest - Checking salt $3a$11$
[main] WARN org.apache.nifi.security.util.crypto.Argon2SecureHasher - The provided memory size 1024 KiB is below the recommended minimum 65536 KiB.
[main] WARN org.apache.nifi.security.util.crypto.Argon2SecureHasher - The provided parallelization factor 1 is below the recommended minimum 8.
[main] WARN org.apache.nifi.security.util.crypto.Argon2SecureHasher - The provided iteration count 3 is below the recommended minimum 5.
[main] WARN org.apache.nifi.security.util.crypto.AbstractSecureHasher - The provided dynamic salt length 7 is below the recommended minimum 16
[main] INFO org.apache.nifi.security.util.crypto.Argon2CipherProviderGroovyTest - [EXPECTED] java.lang.IllegalArgumentException: The raw salt must be greater than or equal to 8 bytes
[main] INFO org.apache.nifi.security.util.crypto.Argon2CipherProviderGroovyTest - Checking salt x
[main] WARN org.apache.nifi.security.util.crypto.Argon2SecureHasher - The provided memory size 1024 KiB is below the recommended minimum 65536 KiB.
[main] WARN org.apache.nifi.security.util.crypto.Argon2SecureHasher - The provided parallelization factor 1 is below the recommended minimum 8.
[main] WARN org.apache.nifi.security.util.crypto.Argon2SecureHasher - The provided iteration count 3 is below the recommended minimum 5.
[main] WARN org.apache.nifi.security.util.crypto.AbstractSecureHasher - The provided dynamic salt length 1 is below the recommended minimum 16
[main] INFO org.apache.nifi.security.util.crypto.Argon2CipherProviderGroovyTest - [EXPECTED] java.lang.IllegalArgumentException: The raw salt must be greater than or equal to 8 bytes
[main] INFO org.apache.nifi.security.util.crypto.Argon2CipherProviderGroovyTest - Checking salt $2a$10$
[main] WARN org.apache.nifi.security.util.crypto.Argon2SecureHasher - The provided memory size 1024 KiB is below the recommended minimum 65536 KiB.
[main] WARN org.apache.nifi.security.util.crypto.Argon2SecureHasher - The provided parallelization factor 1 is below the recommended minimum 8.
[main] WARN org.apache.nifi.security.util.crypto.Argon2SecureHasher - The provided iteration count 3 is below the recommended minimum 5.
[main] WARN org.apache.nifi.security.util.crypto.AbstractSecureHasher - The provided dynamic salt length 7 is below the recommended minimum 16
[main] INFO org.apache.nifi.security.util.crypto.Argon2CipherProviderGroovyTest - [EXPECTED] java.lang.IllegalArgumentException: The raw salt must be greater than or equal to 8 bytes
]]></system-err>
  </testcase>
  <testcase name="testGetCipherWithUnlimitedStrengthShouldBeInternallyConsistent" classname="org.apache.nifi.security.util.crypto.Argon2CipherProviderGroovyTest" time="0.022">
    <system-err><![CDATA[[main] WARN org.apache.nifi.security.util.crypto.Argon2CipherProvider - The provided memory size 1024 KiB is below the recommended minimum 65536 KiB
[main] WARN org.apache.nifi.security.util.crypto.Argon2CipherProvider - The provided parallelization factor 1 is below the recommended minimum 8
[main] WARN org.apache.nifi.security.util.crypto.Argon2CipherProvider - The provided iterations count 3 is below the recommended minimum 5
[main] INFO org.apache.nifi.security.util.crypto.Argon2CipherProviderGroovyTest - Using algorithm: AES/CBC/NoPadding
[main] WARN org.apache.nifi.security.util.crypto.Argon2SecureHasher - The provided memory size 1024 KiB is below the recommended minimum 65536 KiB.
[main] WARN org.apache.nifi.security.util.crypto.Argon2SecureHasher - The provided parallelization factor 1 is below the recommended minimum 8.
[main] WARN org.apache.nifi.security.util.crypto.Argon2SecureHasher - The provided iteration count 3 is below the recommended minimum 5.
[main] WARN org.apache.nifi.security.util.crypto.AESKeyedCipherProvider - An IV was provided of length 0 bytes for encryption but should be 16 bytes
[main] WARN org.apache.nifi.security.util.crypto.AESKeyedCipherProvider - Generating new IV. The value can be obtained in the calling code by invoking 'cipher.getIV()';
[main] INFO org.apache.nifi.security.util.crypto.Argon2CipherProviderGroovyTest - IV: 2955478886731f139bed93a8286e4337
[main] INFO org.apache.nifi.security.util.crypto.Argon2CipherProviderGroovyTest - Cipher text: 44389c1b28add66df495771847774c6882c7aea9a362bacc19f3c84baa63e418 32
[main] WARN org.apache.nifi.security.util.crypto.Argon2SecureHasher - The provided memory size 1024 KiB is below the recommended minimum 65536 KiB.
[main] WARN org.apache.nifi.security.util.crypto.Argon2SecureHasher - The provided parallelization factor 1 is below the recommended minimum 8.
[main] WARN org.apache.nifi.security.util.crypto.Argon2SecureHasher - The provided iteration count 3 is below the recommended minimum 5.
[main] INFO org.apache.nifi.security.util.crypto.Argon2CipherProviderGroovyTest - Recovered: ExactBlockSizeRequiredForProcess
[main] INFO org.apache.nifi.security.util.crypto.Argon2CipherProviderGroovyTest - Using algorithm: AES/CBC/PKCS7Padding
[main] WARN org.apache.nifi.security.util.crypto.Argon2SecureHasher - The provided memory size 1024 KiB is below the recommended minimum 65536 KiB.
[main] WARN org.apache.nifi.security.util.crypto.Argon2SecureHasher - The provided parallelization factor 1 is below the recommended minimum 8.
[main] WARN org.apache.nifi.security.util.crypto.Argon2SecureHasher - The provided iteration count 3 is below the recommended minimum 5.
[main] WARN org.apache.nifi.security.util.crypto.AESKeyedCipherProvider - An IV was provided of length 0 bytes for encryption but should be 16 bytes
[main] WARN org.apache.nifi.security.util.crypto.AESKeyedCipherProvider - Generating new IV. The value can be obtained in the calling code by invoking 'cipher.getIV()';
[main] INFO org.apache.nifi.security.util.crypto.Argon2CipherProviderGroovyTest - IV: 12f9d5eeb633c56bac03eb92d54b8159
[main] INFO org.apache.nifi.security.util.crypto.Argon2CipherProviderGroovyTest - Cipher text: eb87291739727dccade22747cf12c2b0a1ec8fbbfa7adbac9fd18b7c7097ce8eeebae5eaca5336b6cf875622f628c009 48
[main] WARN org.apache.nifi.security.util.crypto.Argon2SecureHasher - The provided memory size 1024 KiB is below the recommended minimum 65536 KiB.
[main] WARN org.apache.nifi.security.util.crypto.Argon2SecureHasher - The provided parallelization factor 1 is below the recommended minimum 8.
[main] WARN org.apache.nifi.security.util.crypto.Argon2SecureHasher - The provided iteration count 3 is below the recommended minimum 5.
[main] INFO org.apache.nifi.security.util.crypto.Argon2CipherProviderGroovyTest - Recovered: ExactBlockSizeRequiredForProcess
[main] INFO org.apache.nifi.security.util.crypto.Argon2CipherProviderGroovyTest - Using algorithm: AES/CTR/NoPadding
[main] WARN org.apache.nifi.security.util.crypto.Argon2SecureHasher - The provided memory size 1024 KiB is below the recommended minimum 65536 KiB.
[main] WARN org.apache.nifi.security.util.crypto.Argon2SecureHasher - The provided parallelization factor 1 is below the recommended minimum 8.
[main] WARN org.apache.nifi.security.util.crypto.Argon2SecureHasher - The provided iteration count 3 is below the recommended minimum 5.
[main] WARN org.apache.nifi.security.util.crypto.AESKeyedCipherProvider - An IV was provided of length 0 bytes for encryption but should be 16 bytes
[main] WARN org.apache.nifi.security.util.crypto.AESKeyedCipherProvider - Generating new IV. The value can be obtained in the calling code by invoking 'cipher.getIV()';
[main] INFO org.apache.nifi.security.util.crypto.Argon2CipherProviderGroovyTest - IV: e55fbbe8afbea9cefac4495021e453c5
[main] INFO org.apache.nifi.security.util.crypto.Argon2CipherProviderGroovyTest - Cipher text: c9f7c3bb095796e4af265d0331bb6d99fab2789029ef8dfd9bf75cb73a787e6b 32
[main] WARN org.apache.nifi.security.util.crypto.Argon2SecureHasher - The provided memory size 1024 KiB is below the recommended minimum 65536 KiB.
[main] WARN org.apache.nifi.security.util.crypto.Argon2SecureHasher - The provided parallelization factor 1 is below the recommended minimum 8.
[main] WARN org.apache.nifi.security.util.crypto.Argon2SecureHasher - The provided iteration count 3 is below the recommended minimum 5.
[main] INFO org.apache.nifi.security.util.crypto.Argon2CipherProviderGroovyTest - Recovered: ExactBlockSizeRequiredForProcess
[main] INFO org.apache.nifi.security.util.crypto.Argon2CipherProviderGroovyTest - Using algorithm: AES/GCM/NoPadding
[main] WARN org.apache.nifi.security.util.crypto.Argon2SecureHasher - The provided memory size 1024 KiB is below the recommended minimum 65536 KiB.
[main] WARN org.apache.nifi.security.util.crypto.Argon2SecureHasher - The provided parallelization factor 1 is below the recommended minimum 8.
[main] WARN org.apache.nifi.security.util.crypto.Argon2SecureHasher - The provided iteration count 3 is below the recommended minimum 5.
[main] WARN org.apache.nifi.security.util.crypto.AESKeyedCipherProvider - An IV was provided of length 0 bytes for encryption but should be 16 bytes
[main] WARN org.apache.nifi.security.util.crypto.AESKeyedCipherProvider - Generating new IV. The value can be obtained in the calling code by invoking 'cipher.getIV()';
[main] INFO org.apache.nifi.security.util.crypto.Argon2CipherProviderGroovyTest - IV: 73bda42ccc89a43c474cf3f4d7af49cb
[main] INFO org.apache.nifi.security.util.crypto.Argon2CipherProviderGroovyTest - Cipher text: fa4916357441e49df1ac1c1b69fa9241d91490543d2940fb577973779b37871796acc6adfdbda6bed182fd1c76ae4b38 48
[main] WARN org.apache.nifi.security.util.crypto.Argon2SecureHasher - The provided memory size 1024 KiB is below the recommended minimum 65536 KiB.
[main] WARN org.apache.nifi.security.util.crypto.Argon2SecureHasher - The provided parallelization factor 1 is below the recommended minimum 8.
[main] WARN org.apache.nifi.security.util.crypto.Argon2SecureHasher - The provided iteration count 3 is below the recommended minimum 5.
[main] INFO org.apache.nifi.security.util.crypto.Argon2CipherProviderGroovyTest - Recovered: ExactBlockSizeRequiredForProcess
]]></system-err>
  </testcase>
  <testcase name="testGetCipherWithUnlimitedStrengthShouldBeInternallyConsistent" classname="org.apache.nifi.security.util.crypto.Argon2CipherProviderGroovyTest" time="0.019">
    <system-err><![CDATA[[main] WARN org.apache.nifi.security.util.crypto.Argon2CipherProvider - The provided memory size 1024 KiB is below the recommended minimum 65536 KiB
[main] WARN org.apache.nifi.security.util.crypto.Argon2CipherProvider - The provided parallelization factor 1 is below the recommended minimum 8
[main] WARN org.apache.nifi.security.util.crypto.Argon2CipherProvider - The provided iterations count 3 is below the recommended minimum 5
[main] INFO org.apache.nifi.security.util.crypto.Argon2CipherProviderGroovyTest - Using algorithm: AES/CBC/NoPadding
[main] WARN org.apache.nifi.security.util.crypto.Argon2SecureHasher - The provided memory size 1024 KiB is below the recommended minimum 65536 KiB.
[main] WARN org.apache.nifi.security.util.crypto.Argon2SecureHasher - The provided parallelization factor 1 is below the recommended minimum 8.
[main] WARN org.apache.nifi.security.util.crypto.Argon2SecureHasher - The provided iteration count 3 is below the recommended minimum 5.
[main] WARN org.apache.nifi.security.util.crypto.AESKeyedCipherProvider - An IV was provided of length 0 bytes for encryption but should be 16 bytes
[main] WARN org.apache.nifi.security.util.crypto.AESKeyedCipherProvider - Generating new IV. The value can be obtained in the calling code by invoking 'cipher.getIV()';
[main] INFO org.apache.nifi.security.util.crypto.Argon2CipherProviderGroovyTest - IV: d89cfc24d28a3235a6c5c5401419c2ef
[main] INFO org.apache.nifi.security.util.crypto.Argon2CipherProviderGroovyTest - Cipher text: bf4b985c5072ca0b74d76aeb3f2eece0e1f2f47592f719608d1a8d63ee5eb9ca 32
[main] WARN org.apache.nifi.security.util.crypto.Argon2SecureHasher - The provided memory size 1024 KiB is below the recommended minimum 65536 KiB.
[main] WARN org.apache.nifi.security.util.crypto.Argon2SecureHasher - The provided parallelization factor 1 is below the recommended minimum 8.
[main] WARN org.apache.nifi.security.util.crypto.Argon2SecureHasher - The provided iteration count 3 is below the recommended minimum 5.
[main] INFO org.apache.nifi.security.util.crypto.Argon2CipherProviderGroovyTest - Recovered: ExactBlockSizeRequiredForProcess
[main] INFO org.apache.nifi.security.util.crypto.Argon2CipherProviderGroovyTest - Using algorithm: AES/CBC/PKCS7Padding
[main] WARN org.apache.nifi.security.util.crypto.Argon2SecureHasher - The provided memory size 1024 KiB is below the recommended minimum 65536 KiB.
[main] WARN org.apache.nifi.security.util.crypto.Argon2SecureHasher - The provided parallelization factor 1 is below the recommended minimum 8.
[main] WARN org.apache.nifi.security.util.crypto.Argon2SecureHasher - The provided iteration count 3 is below the recommended minimum 5.
[main] WARN org.apache.nifi.security.util.crypto.AESKeyedCipherProvider - An IV was provided of length 0 bytes for encryption but should be 16 bytes
[main] WARN org.apache.nifi.security.util.crypto.AESKeyedCipherProvider - Generating new IV. The value can be obtained in the calling code by invoking 'cipher.getIV()';
[main] INFO org.apache.nifi.security.util.crypto.Argon2CipherProviderGroovyTest - IV: ff1f0079144f32fad27eb10d8267666b
[main] INFO org.apache.nifi.security.util.crypto.Argon2CipherProviderGroovyTest - Cipher text: e68bf3a577fdbce9906318f46cda7f2fc0310b634a4cb70e5142503f69e4602728c24b2af0f5ccfd52f6b8c5dc8b8423 48
[main] WARN org.apache.nifi.security.util.crypto.Argon2SecureHasher - The provided memory size 1024 KiB is below the recommended minimum 65536 KiB.
[main] WARN org.apache.nifi.security.util.crypto.Argon2SecureHasher - The provided parallelization factor 1 is below the recommended minimum 8.
[main] WARN org.apache.nifi.security.util.crypto.Argon2SecureHasher - The provided iteration count 3 is below the recommended minimum 5.
[main] INFO org.apache.nifi.security.util.crypto.Argon2CipherProviderGroovyTest - Recovered: ExactBlockSizeRequiredForProcess
[main] INFO org.apache.nifi.security.util.crypto.Argon2CipherProviderGroovyTest - Using algorithm: AES/CTR/NoPadding
[main] WARN org.apache.nifi.security.util.crypto.Argon2SecureHasher - The provided memory size 1024 KiB is below the recommended minimum 65536 KiB.
[main] WARN org.apache.nifi.security.util.crypto.Argon2SecureHasher - The provided parallelization factor 1 is below the recommended minimum 8.
[main] WARN org.apache.nifi.security.util.crypto.Argon2SecureHasher - The provided iteration count 3 is below the recommended minimum 5.
[main] WARN org.apache.nifi.security.util.crypto.AESKeyedCipherProvider - An IV was provided of length 0 bytes for encryption but should be 16 bytes
[main] WARN org.apache.nifi.security.util.crypto.AESKeyedCipherProvider - Generating new IV. The value can be obtained in the calling code by invoking 'cipher.getIV()';
[main] INFO org.apache.nifi.security.util.crypto.Argon2CipherProviderGroovyTest - IV: 081a2f3dc767d0de6cdd892c3c7b1d3c
[main] INFO org.apache.nifi.security.util.crypto.Argon2CipherProviderGroovyTest - Cipher text: 54dc9ffc06bc5999856631b85124e073359cb1dd097d7e28ec4d8fe3e8e7590a 32
[main] WARN org.apache.nifi.security.util.crypto.Argon2SecureHasher - The provided memory size 1024 KiB is below the recommended minimum 65536 KiB.
[main] WARN org.apache.nifi.security.util.crypto.Argon2SecureHasher - The provided parallelization factor 1 is below the recommended minimum 8.
[main] WARN org.apache.nifi.security.util.crypto.Argon2SecureHasher - The provided iteration count 3 is below the recommended minimum 5.
[main] INFO org.apache.nifi.security.util.crypto.Argon2CipherProviderGroovyTest - Recovered: ExactBlockSizeRequiredForProcess
[main] INFO org.apache.nifi.security.util.crypto.Argon2CipherProviderGroovyTest - Using algorithm: AES/GCM/NoPadding
[main] WARN org.apache.nifi.security.util.crypto.Argon2SecureHasher - The provided memory size 1024 KiB is below the recommended minimum 65536 KiB.
[main] WARN org.apache.nifi.security.util.crypto.Argon2SecureHasher - The provided parallelization factor 1 is below the recommended minimum 8.
[main] WARN org.apache.nifi.security.util.crypto.Argon2SecureHasher - The provided iteration count 3 is below the recommended minimum 5.
[main] WARN org.apache.nifi.security.util.crypto.AESKeyedCipherProvider - An IV was provided of length 0 bytes for encryption but should be 16 bytes
[main] WARN org.apache.nifi.security.util.crypto.AESKeyedCipherProvider - Generating new IV. The value can be obtained in the calling code by invoking 'cipher.getIV()';
[main] INFO org.apache.nifi.security.util.crypto.Argon2CipherProviderGroovyTest - IV: 238c75a232ef38dcbae6f0d738977566
[main] INFO org.apache.nifi.security.util.crypto.Argon2CipherProviderGroovyTest - Cipher text: 75328c3f3d75b64288847c6bcbeb32d1201f6ebd1c4327676e3adf7413cc6ca6c82ea3d2191c010d11bba17db21dec7d 48
[main] WARN org.apache.nifi.security.util.crypto.Argon2SecureHasher - The provided memory size 1024 KiB is below the recommended minimum 65536 KiB.
[main] WARN org.apache.nifi.security.util.crypto.Argon2SecureHasher - The provided parallelization factor 1 is below the recommended minimum 8.
[main] WARN org.apache.nifi.security.util.crypto.Argon2SecureHasher - The provided iteration count 3 is below the recommended minimum 5.
[main] INFO org.apache.nifi.security.util.crypto.Argon2CipherProviderGroovyTest - Recovered: ExactBlockSizeRequiredForProcess
]]></system-err>
  </testcase>
  <testcase name="testGetCipherShouldBeInternallyConsistent" classname="org.apache.nifi.security.util.crypto.Argon2CipherProviderGroovyTest" time="0.02">
    <system-err><![CDATA[[main] WARN org.apache.nifi.security.util.crypto.Argon2CipherProvider - The provided memory size 1024 KiB is below the recommended minimum 65536 KiB
[main] WARN org.apache.nifi.security.util.crypto.Argon2CipherProvider - The provided parallelization factor 1 is below the recommended minimum 8
[main] WARN org.apache.nifi.security.util.crypto.Argon2CipherProvider - The provided iterations count 3 is below the recommended minimum 5
[main] INFO org.apache.nifi.security.util.crypto.Argon2CipherProviderGroovyTest - Using algorithm: AES/CBC/NoPadding
[main] WARN org.apache.nifi.security.util.crypto.Argon2SecureHasher - The provided memory size 1024 KiB is below the recommended minimum 65536 KiB.
[main] WARN org.apache.nifi.security.util.crypto.Argon2SecureHasher - The provided parallelization factor 1 is below the recommended minimum 8.
[main] WARN org.apache.nifi.security.util.crypto.Argon2SecureHasher - The provided iteration count 3 is below the recommended minimum 5.
[main] WARN org.apache.nifi.security.util.crypto.AESKeyedCipherProvider - An IV was provided of length 0 bytes for encryption but should be 16 bytes
[main] WARN org.apache.nifi.security.util.crypto.AESKeyedCipherProvider - Generating new IV. The value can be obtained in the calling code by invoking 'cipher.getIV()';
[main] INFO org.apache.nifi.security.util.crypto.Argon2CipherProviderGroovyTest - IV: dd6e832e6b878c6f1e95d5fe1764dd43
[main] INFO org.apache.nifi.security.util.crypto.Argon2CipherProviderGroovyTest - Cipher text: aae0e64cfae216b69620f2f302a1dc8bec99f526e3f53cb4d48dad50ab08b0a9 32
[main] WARN org.apache.nifi.security.util.crypto.Argon2SecureHasher - The provided memory size 1024 KiB is below the recommended minimum 65536 KiB.
[main] WARN org.apache.nifi.security.util.crypto.Argon2SecureHasher - The provided parallelization factor 1 is below the recommended minimum 8.
[main] WARN org.apache.nifi.security.util.crypto.Argon2SecureHasher - The provided iteration count 3 is below the recommended minimum 5.
[main] INFO org.apache.nifi.security.util.crypto.Argon2CipherProviderGroovyTest - Recovered: ExactBlockSizeRequiredForProcess
[main] INFO org.apache.nifi.security.util.crypto.Argon2CipherProviderGroovyTest - Using algorithm: AES/CBC/PKCS7Padding
[main] WARN org.apache.nifi.security.util.crypto.Argon2SecureHasher - The provided memory size 1024 KiB is below the recommended minimum 65536 KiB.
[main] WARN org.apache.nifi.security.util.crypto.Argon2SecureHasher - The provided parallelization factor 1 is below the recommended minimum 8.
[main] WARN org.apache.nifi.security.util.crypto.Argon2SecureHasher - The provided iteration count 3 is below the recommended minimum 5.
[main] WARN org.apache.nifi.security.util.crypto.AESKeyedCipherProvider - An IV was provided of length 0 bytes for encryption but should be 16 bytes
[main] WARN org.apache.nifi.security.util.crypto.AESKeyedCipherProvider - Generating new IV. The value can be obtained in the calling code by invoking 'cipher.getIV()';
[main] INFO org.apache.nifi.security.util.crypto.Argon2CipherProviderGroovyTest - IV: 79f40c2d04b4cea5280e13e707f97a24
[main] INFO org.apache.nifi.security.util.crypto.Argon2CipherProviderGroovyTest - Cipher text: 97ddae66efd6811553c5779f372ffea6a6c43a4fdb52be1f5315a54eef40bcbaa33d9a366e4cc377de03697ab3588f22 48
[main] WARN org.apache.nifi.security.util.crypto.Argon2SecureHasher - The provided memory size 1024 KiB is below the recommended minimum 65536 KiB.
[main] WARN org.apache.nifi.security.util.crypto.Argon2SecureHasher - The provided parallelization factor 1 is below the recommended minimum 8.
[main] WARN org.apache.nifi.security.util.crypto.Argon2SecureHasher - The provided iteration count 3 is below the recommended minimum 5.
[main] INFO org.apache.nifi.security.util.crypto.Argon2CipherProviderGroovyTest - Recovered: ExactBlockSizeRequiredForProcess
[main] INFO org.apache.nifi.security.util.crypto.Argon2CipherProviderGroovyTest - Using algorithm: AES/CTR/NoPadding
[main] WARN org.apache.nifi.security.util.crypto.Argon2SecureHasher - The provided memory size 1024 KiB is below the recommended minimum 65536 KiB.
[main] WARN org.apache.nifi.security.util.crypto.Argon2SecureHasher - The provided parallelization factor 1 is below the recommended minimum 8.
[main] WARN org.apache.nifi.security.util.crypto.Argon2SecureHasher - The provided iteration count 3 is below the recommended minimum 5.
[main] WARN org.apache.nifi.security.util.crypto.AESKeyedCipherProvider - An IV was provided of length 0 bytes for encryption but should be 16 bytes
[main] WARN org.apache.nifi.security.util.crypto.AESKeyedCipherProvider - Generating new IV. The value can be obtained in the calling code by invoking 'cipher.getIV()';
[main] INFO org.apache.nifi.security.util.crypto.Argon2CipherProviderGroovyTest - IV: 2f775913196bf6f58ed9033a51ce3a0b
[main] INFO org.apache.nifi.security.util.crypto.Argon2CipherProviderGroovyTest - Cipher text: 481c4859ffd04b90d00b6521b6532f5935c66eba5047bb64e75128061d953bb6 32
[main] WARN org.apache.nifi.security.util.crypto.Argon2SecureHasher - The provided memory size 1024 KiB is below the recommended minimum 65536 KiB.
[main] WARN org.apache.nifi.security.util.crypto.Argon2SecureHasher - The provided parallelization factor 1 is below the recommended minimum 8.
[main] WARN org.apache.nifi.security.util.crypto.Argon2SecureHasher - The provided iteration count 3 is below the recommended minimum 5.
[main] INFO org.apache.nifi.security.util.crypto.Argon2CipherProviderGroovyTest - Recovered: ExactBlockSizeRequiredForProcess
[main] INFO org.apache.nifi.security.util.crypto.Argon2CipherProviderGroovyTest - Using algorithm: AES/GCM/NoPadding
[main] WARN org.apache.nifi.security.util.crypto.Argon2SecureHasher - The provided memory size 1024 KiB is below the recommended minimum 65536 KiB.
[main] WARN org.apache.nifi.security.util.crypto.Argon2SecureHasher - The provided parallelization factor 1 is below the recommended minimum 8.
[main] WARN org.apache.nifi.security.util.crypto.Argon2SecureHasher - The provided iteration count 3 is below the recommended minimum 5.
[main] WARN org.apache.nifi.security.util.crypto.AESKeyedCipherProvider - An IV was provided of length 0 bytes for encryption but should be 16 bytes
[main] WARN org.apache.nifi.security.util.crypto.AESKeyedCipherProvider - Generating new IV. The value can be obtained in the calling code by invoking 'cipher.getIV()';
[main] INFO org.apache.nifi.security.util.crypto.Argon2CipherProviderGroovyTest - IV: 5d6975e2df518cd3848b987f9ba9d986
[main] INFO org.apache.nifi.security.util.crypto.Argon2CipherProviderGroovyTest - Cipher text: a90117175357ae0eeea680bbf984b4abeb1dc6755344a3189847826d6d3ce95ff108dec2bfef8816ceb2950212008c8a 48
[main] WARN org.apache.nifi.security.util.crypto.Argon2SecureHasher - The provided memory size 1024 KiB is below the recommended minimum 65536 KiB.
[main] WARN org.apache.nifi.security.util.crypto.Argon2SecureHasher - The provided parallelization factor 1 is below the recommended minimum 8.
[main] WARN org.apache.nifi.security.util.crypto.Argon2SecureHasher - The provided iteration count 3 is below the recommended minimum 5.
[main] INFO org.apache.nifi.security.util.crypto.Argon2CipherProviderGroovyTest - Recovered: ExactBlockSizeRequiredForProcess
]]></system-err>
  </testcase>
  <testcase name="testGetCipherShouldBeInternallyConsistent" classname="org.apache.nifi.security.util.crypto.Argon2CipherProviderGroovyTest" time="0.019">
    <system-err><![CDATA[[main] WARN org.apache.nifi.security.util.crypto.Argon2CipherProvider - The provided memory size 1024 KiB is below the recommended minimum 65536 KiB
[main] WARN org.apache.nifi.security.util.crypto.Argon2CipherProvider - The provided parallelization factor 1 is below the recommended minimum 8
[main] WARN org.apache.nifi.security.util.crypto.Argon2CipherProvider - The provided iterations count 3 is below the recommended minimum 5
[main] INFO org.apache.nifi.security.util.crypto.Argon2CipherProviderGroovyTest - Using algorithm: AES/CBC/NoPadding
[main] WARN org.apache.nifi.security.util.crypto.Argon2SecureHasher - The provided memory size 1024 KiB is below the recommended minimum 65536 KiB.
[main] WARN org.apache.nifi.security.util.crypto.Argon2SecureHasher - The provided parallelization factor 1 is below the recommended minimum 8.
[main] WARN org.apache.nifi.security.util.crypto.Argon2SecureHasher - The provided iteration count 3 is below the recommended minimum 5.
[main] WARN org.apache.nifi.security.util.crypto.AESKeyedCipherProvider - An IV was provided of length 0 bytes for encryption but should be 16 bytes
[main] WARN org.apache.nifi.security.util.crypto.AESKeyedCipherProvider - Generating new IV. The value can be obtained in the calling code by invoking 'cipher.getIV()';
[main] INFO org.apache.nifi.security.util.crypto.Argon2CipherProviderGroovyTest - IV: 0f6190015202aeb86b38f3072bdc1776
[main] INFO org.apache.nifi.security.util.crypto.Argon2CipherProviderGroovyTest - Cipher text: 0bf43d86fe0c4bc90e969a7fcdeadf7c9839eacc6ecfd9c37fe24fe75ba10a83 32
[main] WARN org.apache.nifi.security.util.crypto.Argon2SecureHasher - The provided memory size 1024 KiB is below the recommended minimum 65536 KiB.
[main] WARN org.apache.nifi.security.util.crypto.Argon2SecureHasher - The provided parallelization factor 1 is below the recommended minimum 8.
[main] WARN org.apache.nifi.security.util.crypto.Argon2SecureHasher - The provided iteration count 3 is below the recommended minimum 5.
[main] INFO org.apache.nifi.security.util.crypto.Argon2CipherProviderGroovyTest - Recovered: ExactBlockSizeRequiredForProcess
[main] INFO org.apache.nifi.security.util.crypto.Argon2CipherProviderGroovyTest - Using algorithm: AES/CBC/PKCS7Padding
[main] WARN org.apache.nifi.security.util.crypto.Argon2SecureHasher - The provided memory size 1024 KiB is below the recommended minimum 65536 KiB.
[main] WARN org.apache.nifi.security.util.crypto.Argon2SecureHasher - The provided parallelization factor 1 is below the recommended minimum 8.
[main] WARN org.apache.nifi.security.util.crypto.Argon2SecureHasher - The provided iteration count 3 is below the recommended minimum 5.
[main] WARN org.apache.nifi.security.util.crypto.AESKeyedCipherProvider - An IV was provided of length 0 bytes for encryption but should be 16 bytes
[main] WARN org.apache.nifi.security.util.crypto.AESKeyedCipherProvider - Generating new IV. The value can be obtained in the calling code by invoking 'cipher.getIV()';
[main] INFO org.apache.nifi.security.util.crypto.Argon2CipherProviderGroovyTest - IV: 0d7b960223e15083697f3d55af49670e
[main] INFO org.apache.nifi.security.util.crypto.Argon2CipherProviderGroovyTest - Cipher text: 9870b9b0609f150657ac8bb7a0bdf09d7cf9aa4a25388b8eb828df28c086192390385dbc9301c87a074b4b6ebad0e439 48
[main] WARN org.apache.nifi.security.util.crypto.Argon2SecureHasher - The provided memory size 1024 KiB is below the recommended minimum 65536 KiB.
[main] WARN org.apache.nifi.security.util.crypto.Argon2SecureHasher - The provided parallelization factor 1 is below the recommended minimum 8.
[main] WARN org.apache.nifi.security.util.crypto.Argon2SecureHasher - The provided iteration count 3 is below the recommended minimum 5.
[main] INFO org.apache.nifi.security.util.crypto.Argon2CipherProviderGroovyTest - Recovered: ExactBlockSizeRequiredForProcess
[main] INFO org.apache.nifi.security.util.crypto.Argon2CipherProviderGroovyTest - Using algorithm: AES/CTR/NoPadding
[main] WARN org.apache.nifi.security.util.crypto.Argon2SecureHasher - The provided memory size 1024 KiB is below the recommended minimum 65536 KiB.
[main] WARN org.apache.nifi.security.util.crypto.Argon2SecureHasher - The provided parallelization factor 1 is below the recommended minimum 8.
[main] WARN org.apache.nifi.security.util.crypto.Argon2SecureHasher - The provided iteration count 3 is below the recommended minimum 5.
[main] WARN org.apache.nifi.security.util.crypto.AESKeyedCipherProvider - An IV was provided of length 0 bytes for encryption but should be 16 bytes
[main] WARN org.apache.nifi.security.util.crypto.AESKeyedCipherProvider - Generating new IV. The value can be obtained in the calling code by invoking 'cipher.getIV()';
[main] INFO org.apache.nifi.security.util.crypto.Argon2CipherProviderGroovyTest - IV: 8ce78d863e08c49a51ec3b493351f9f0
[main] INFO org.apache.nifi.security.util.crypto.Argon2CipherProviderGroovyTest - Cipher text: b67c5b6e35fff8ea9ecd9f61115b95d5500d70ef960f0b8c948559f72a42684e 32
[main] WARN org.apache.nifi.security.util.crypto.Argon2SecureHasher - The provided memory size 1024 KiB is below the recommended minimum 65536 KiB.
[main] WARN org.apache.nifi.security.util.crypto.Argon2SecureHasher - The provided parallelization factor 1 is below the recommended minimum 8.
[main] WARN org.apache.nifi.security.util.crypto.Argon2SecureHasher - The provided iteration count 3 is below the recommended minimum 5.
[main] INFO org.apache.nifi.security.util.crypto.Argon2CipherProviderGroovyTest - Recovered: ExactBlockSizeRequiredForProcess
[main] INFO org.apache.nifi.security.util.crypto.Argon2CipherProviderGroovyTest - Using algorithm: AES/GCM/NoPadding
[main] WARN org.apache.nifi.security.util.crypto.Argon2SecureHasher - The provided memory size 1024 KiB is below the recommended minimum 65536 KiB.
[main] WARN org.apache.nifi.security.util.crypto.Argon2SecureHasher - The provided parallelization factor 1 is below the recommended minimum 8.
[main] WARN org.apache.nifi.security.util.crypto.Argon2SecureHasher - The provided iteration count 3 is below the recommended minimum 5.
[main] WARN org.apache.nifi.security.util.crypto.AESKeyedCipherProvider - An IV was provided of length 0 bytes for encryption but should be 16 bytes
[main] WARN org.apache.nifi.security.util.crypto.AESKeyedCipherProvider - Generating new IV. The value can be obtained in the calling code by invoking 'cipher.getIV()';
[main] INFO org.apache.nifi.security.util.crypto.Argon2CipherProviderGroovyTest - IV: 6fc9ba755f57dfaba9829dc92c08018e
[main] INFO org.apache.nifi.security.util.crypto.Argon2CipherProviderGroovyTest - Cipher text: 847cd864f0fcb82ccccc973d64bc8c125a78be026d32defdfbb0b55fa18b31eaa01165732a62fa7ea8fac7a1b6b892be 48
[main] WARN org.apache.nifi.security.util.crypto.Argon2SecureHasher - The provided memory size 1024 KiB is below the recommended minimum 65536 KiB.
[main] WARN org.apache.nifi.security.util.crypto.Argon2SecureHasher - The provided parallelization factor 1 is below the recommended minimum 8.
[main] WARN org.apache.nifi.security.util.crypto.Argon2SecureHasher - The provided iteration count 3 is below the recommended minimum 5.
[main] INFO org.apache.nifi.security.util.crypto.Argon2CipherProviderGroovyTest - Recovered: ExactBlockSizeRequiredForProcess
]]></system-err>
  </testcase>
  <testcase name="testArgon2ShouldSupportExternalCompatibility" classname="org.apache.nifi.security.util.crypto.Argon2CipherProviderGroovyTest" time="0.004">
    <system-err><![CDATA[[main] WARN org.apache.nifi.security.util.crypto.Argon2CipherProvider - The provided memory size 1024 KiB is below the recommended minimum 65536 KiB
[main] WARN org.apache.nifi.security.util.crypto.Argon2CipherProvider - The provided parallelization factor 1 is below the recommended minimum 8
[main] WARN org.apache.nifi.security.util.crypto.Argon2CipherProvider - The provided iterations count 3 is below the recommended minimum 5
[main] INFO org.apache.nifi.security.util.crypto.Argon2CipherProviderGroovyTest - Expected salt: 68d29a1d8021f45954333767358a2492
[main] INFO org.apache.nifi.security.util.crypto.Argon2CipherProviderGroovyTest - [SANITY] Ruby cipher text: d672412857916880c79d573aa4f9d4971b85f07438d6f62f38a0e31314caa2e5
[main] INFO org.apache.nifi.security.util.crypto.Argon2CipherProviderGroovyTest - [SANITY] Using key: 8caf581795886d38f0c605e3d674f4961c658ee3625a8e8868be36c902d234ef
[main] INFO org.apache.nifi.security.util.crypto.Argon2CipherProviderGroovyTest - [SANITY] Using IV:  808590f35f9fba14dbda9c2bb2b76a79
[main] INFO org.apache.nifi.security.util.crypto.Argon2CipherProviderGroovyTest - [SANITY] Created cipher text: d672412857916880c79d573aa4f9d4971b85f07438d6f62f38a0e31314caa2e5
[main] INFO org.apache.nifi.security.util.crypto.Argon2CipherProviderGroovyTest - [SANITY] Decrypted generated cipher text successfully
[main] INFO org.apache.nifi.security.util.crypto.Argon2CipherProviderGroovyTest - [SANITY] Decrypted external cipher text successfully
[main] INFO org.apache.nifi.security.util.crypto.Argon2CipherProviderGroovyTest - Full Hash: $argon2id$v=19$m=256,t=3,p=1$aNKaHYAh9FlUMzdnNYokkg$jK9YF5WIbTjwxgXj1nT0lhxljuNiWo6IaL42yQLSNO8
[main] INFO org.apache.nifi.security.util.crypto.Argon2CipherProviderGroovyTest - Full salt: $argon2id$v=19$m=256,t=3,p=1$aNKaHYAh9FlUMzdnNYokkg
[main] INFO org.apache.nifi.security.util.crypto.Argon2CipherProviderGroovyTest - hashComponents: [, argon2id, v=19, m=256,t=3,p=1, aNKaHYAh9FlUMzdnNYokkg, jK9YF5WIbTjwxgXj1nT0lhxljuNiWo6IaL42yQLSNO8]
[main] INFO org.apache.nifi.security.util.crypto.Argon2CipherProviderGroovyTest - saltParams: [m:256, t:3, p:1]
[main] INFO org.apache.nifi.security.util.crypto.Argon2CipherProviderGroovyTest - Salt: 68d29a1d8021f45954333767358a2492
[main] INFO org.apache.nifi.security.util.crypto.Argon2CipherProviderGroovyTest - Using algorithm: AES/CBC/PKCS7Padding
[main] INFO org.apache.nifi.security.util.crypto.Argon2CipherProviderGroovyTest - External cipher text: d672412857916880c79d573aa4f9d4971b85f07438d6f62f38a0e31314caa2e5 32
[main] WARN org.apache.nifi.security.util.crypto.Argon2SecureHasher - The provided memory size 256 KiB is below the recommended minimum 65536 KiB.
[main] WARN org.apache.nifi.security.util.crypto.Argon2SecureHasher - The provided parallelization factor 1 is below the recommended minimum 8.
[main] WARN org.apache.nifi.security.util.crypto.Argon2SecureHasher - The provided iteration count 3 is below the recommended minimum 5.
[main] INFO org.apache.nifi.security.util.crypto.Argon2CipherProviderGroovyTest - Recovered: This is a plaintext message.
]]></system-err>
  </testcase>
  <testcase name="testArgon2ShouldSupportExternalCompatibility" classname="org.apache.nifi.security.util.crypto.Argon2CipherProviderGroovyTest" time="0.002">
    <system-err><![CDATA[[main] WARN org.apache.nifi.security.util.crypto.Argon2CipherProvider - The provided memory size 1024 KiB is below the recommended minimum 65536 KiB
[main] WARN org.apache.nifi.security.util.crypto.Argon2CipherProvider - The provided parallelization factor 1 is below the recommended minimum 8
[main] WARN org.apache.nifi.security.util.crypto.Argon2CipherProvider - The provided iterations count 3 is below the recommended minimum 5
[main] INFO org.apache.nifi.security.util.crypto.Argon2CipherProviderGroovyTest - Expected salt: 68d29a1d8021f45954333767358a2492
[main] INFO org.apache.nifi.security.util.crypto.Argon2CipherProviderGroovyTest - [SANITY] Ruby cipher text: d672412857916880c79d573aa4f9d4971b85f07438d6f62f38a0e31314caa2e5
[main] INFO org.apache.nifi.security.util.crypto.Argon2CipherProviderGroovyTest - [SANITY] Using key: 8caf581795886d38f0c605e3d674f4961c658ee3625a8e8868be36c902d234ef
[main] INFO org.apache.nifi.security.util.crypto.Argon2CipherProviderGroovyTest - [SANITY] Using IV:  808590f35f9fba14dbda9c2bb2b76a79
[main] INFO org.apache.nifi.security.util.crypto.Argon2CipherProviderGroovyTest - [SANITY] Created cipher text: d672412857916880c79d573aa4f9d4971b85f07438d6f62f38a0e31314caa2e5
[main] INFO org.apache.nifi.security.util.crypto.Argon2CipherProviderGroovyTest - [SANITY] Decrypted generated cipher text successfully
[main] INFO org.apache.nifi.security.util.crypto.Argon2CipherProviderGroovyTest - [SANITY] Decrypted external cipher text successfully
[main] INFO org.apache.nifi.security.util.crypto.Argon2CipherProviderGroovyTest - Full Hash: $argon2id$v=19$m=256,t=3,p=1$aNKaHYAh9FlUMzdnNYokkg$jK9YF5WIbTjwxgXj1nT0lhxljuNiWo6IaL42yQLSNO8
[main] INFO org.apache.nifi.security.util.crypto.Argon2CipherProviderGroovyTest - Full salt: $argon2id$v=19$m=256,t=3,p=1$aNKaHYAh9FlUMzdnNYokkg
[main] INFO org.apache.nifi.security.util.crypto.Argon2CipherProviderGroovyTest - hashComponents: [, argon2id, v=19, m=256,t=3,p=1, aNKaHYAh9FlUMzdnNYokkg, jK9YF5WIbTjwxgXj1nT0lhxljuNiWo6IaL42yQLSNO8]
[main] INFO org.apache.nifi.security.util.crypto.Argon2CipherProviderGroovyTest - saltParams: [m:256, t:3, p:1]
[main] INFO org.apache.nifi.security.util.crypto.Argon2CipherProviderGroovyTest - Salt: 68d29a1d8021f45954333767358a2492
[main] INFO org.apache.nifi.security.util.crypto.Argon2CipherProviderGroovyTest - Using algorithm: AES/CBC/PKCS7Padding
[main] INFO org.apache.nifi.security.util.crypto.Argon2CipherProviderGroovyTest - External cipher text: d672412857916880c79d573aa4f9d4971b85f07438d6f62f38a0e31314caa2e5 32
[main] WARN org.apache.nifi.security.util.crypto.Argon2SecureHasher - The provided memory size 256 KiB is below the recommended minimum 65536 KiB.
[main] WARN org.apache.nifi.security.util.crypto.Argon2SecureHasher - The provided parallelization factor 1 is below the recommended minimum 8.
[main] WARN org.apache.nifi.security.util.crypto.Argon2SecureHasher - The provided iteration count 3 is below the recommended minimum 5.
[main] INFO org.apache.nifi.security.util.crypto.Argon2CipherProviderGroovyTest - Recovered: This is a plaintext message.
]]></system-err>
  </testcase>
  <testcase name="testShouldRejectInvalidSalt" classname="org.apache.nifi.security.util.crypto.Argon2CipherProviderGroovyTest" time="0.001">
    <system-err><![CDATA[[main] WARN org.apache.nifi.security.util.crypto.Argon2CipherProvider - The provided memory size 1024 KiB is below the recommended minimum 65536 KiB
[main] WARN org.apache.nifi.security.util.crypto.Argon2CipherProvider - The provided parallelization factor 1 is below the recommended minimum 8
[main] WARN org.apache.nifi.security.util.crypto.Argon2CipherProvider - The provided iterations count 3 is below the recommended minimum 5
[main] INFO org.apache.nifi.security.util.crypto.Argon2CipherProviderGroovyTest - Using salt: $argon2id$v=19$m=1024,t=4,p=1$hiKyaQbZyQBmCmD1zGcyMw$rc+ec+/hQeBcwzjH+OEmUtaTUqhZYKN4ZKJtWzFZYjQ
[main] INFO org.apache.nifi.security.util.crypto.Argon2CipherProviderGroovyTest - Argon2 formatted salt: false
]]></system-err>
  </testcase>
  <testcase name="testShouldRejectInvalidSalt" classname="org.apache.nifi.security.util.crypto.Argon2CipherProviderGroovyTest" time="0">
    <system-err><![CDATA[[main] WARN org.apache.nifi.security.util.crypto.Argon2CipherProvider - The provided memory size 1024 KiB is below the recommended minimum 65536 KiB
[main] WARN org.apache.nifi.security.util.crypto.Argon2CipherProvider - The provided parallelization factor 1 is below the recommended minimum 8
[main] WARN org.apache.nifi.security.util.crypto.Argon2CipherProvider - The provided iterations count 3 is below the recommended minimum 5
[main] INFO org.apache.nifi.security.util.crypto.Argon2CipherProviderGroovyTest - Using salt: $argon2id$v=19$m=1024,t=4,p=1$hiKyaQbZyQBmCmD1zGcyMw$rc+ec+/hQeBcwzjH+OEmUtaTUqhZYKN4ZKJtWzFZYjQ
[main] INFO org.apache.nifi.security.util.crypto.Argon2CipherProviderGroovyTest - Argon2 formatted salt: false
]]></system-err>
  </testcase>
  <testcase name="testGetCipherShouldHandleUnformattedSalts" classname="org.apache.nifi.security.util.crypto.Argon2CipherProviderGroovyTest" time="0.01">
    <system-err><![CDATA[[main] WARN org.apache.nifi.security.util.crypto.Argon2CipherProvider - The provided memory size 1024 KiB is below the recommended minimum 65536 KiB
[main] WARN org.apache.nifi.security.util.crypto.Argon2CipherProvider - The provided parallelization factor 1 is below the recommended minimum 8
[main] WARN org.apache.nifi.security.util.crypto.Argon2CipherProvider - The provided iterations count 3 is below the recommended minimum 5
[main] INFO org.apache.nifi.security.util.crypto.Argon2CipherProviderGroovyTest - Using algorithm: AES/CBC/PKCS7Padding
[main] INFO org.apache.nifi.security.util.crypto.Argon2CipherProviderGroovyTest - Checking salt $ab$00$acbdefghijklmnopqrstuv
[main] WARN org.apache.nifi.security.util.crypto.Argon2SecureHasher - The provided memory size 1024 KiB is below the recommended minimum 65536 KiB.
[main] WARN org.apache.nifi.security.util.crypto.Argon2SecureHasher - The provided parallelization factor 1 is below the recommended minimum 8.
[main] WARN org.apache.nifi.security.util.crypto.Argon2SecureHasher - The provided iteration count 3 is below the recommended minimum 5.
[main] WARN org.apache.nifi.security.util.crypto.AESKeyedCipherProvider - An IV was provided of length 0 bytes for encryption but should be 16 bytes
[main] WARN org.apache.nifi.security.util.crypto.AESKeyedCipherProvider - Generating new IV. The value can be obtained in the calling code by invoking 'cipher.getIV()';
[main] INFO org.apache.nifi.security.util.crypto.Argon2CipherProviderGroovyTest - Checking salt $4$1$1$0123456789abcdef
[main] WARN org.apache.nifi.security.util.crypto.Argon2SecureHasher - The provided memory size 1024 KiB is below the recommended minimum 65536 KiB.
[main] WARN org.apache.nifi.security.util.crypto.Argon2SecureHasher - The provided parallelization factor 1 is below the recommended minimum 8.
[main] WARN org.apache.nifi.security.util.crypto.Argon2SecureHasher - The provided iteration count 3 is below the recommended minimum 5.
[main] WARN org.apache.nifi.security.util.crypto.AESKeyedCipherProvider - An IV was provided of length 0 bytes for encryption but should be 16 bytes
[main] WARN org.apache.nifi.security.util.crypto.AESKeyedCipherProvider - Generating new IV. The value can be obtained in the calling code by invoking 'cipher.getIV()';
[main] INFO org.apache.nifi.security.util.crypto.Argon2CipherProviderGroovyTest - Checking salt $400$1$1$abcdefghijklmnopqrstuv
[main] WARN org.apache.nifi.security.util.crypto.Argon2SecureHasher - The provided memory size 1024 KiB is below the recommended minimum 65536 KiB.
[main] WARN org.apache.nifi.security.util.crypto.Argon2SecureHasher - The provided parallelization factor 1 is below the recommended minimum 8.
[main] WARN org.apache.nifi.security.util.crypto.Argon2SecureHasher - The provided iteration count 3 is below the recommended minimum 5.
[main] WARN org.apache.nifi.security.util.crypto.AESKeyedCipherProvider - An IV was provided of length 0 bytes for encryption but should be 16 bytes
[main] WARN org.apache.nifi.security.util.crypto.AESKeyedCipherProvider - Generating new IV. The value can be obtained in the calling code by invoking 'cipher.getIV()';
]]></system-err>
  </testcase>
  <testcase name="testGetCipherShouldHandleUnformattedSalts" classname="org.apache.nifi.security.util.crypto.Argon2CipherProviderGroovyTest" time="0.006">
    <system-err><![CDATA[[main] WARN org.apache.nifi.security.util.crypto.Argon2CipherProvider - The provided memory size 1024 KiB is below the recommended minimum 65536 KiB
[main] WARN org.apache.nifi.security.util.crypto.Argon2CipherProvider - The provided parallelization factor 1 is below the recommended minimum 8
[main] WARN org.apache.nifi.security.util.crypto.Argon2CipherProvider - The provided iterations count 3 is below the recommended minimum 5
[main] INFO org.apache.nifi.security.util.crypto.Argon2CipherProviderGroovyTest - Using algorithm: AES/CBC/PKCS7Padding
[main] INFO org.apache.nifi.security.util.crypto.Argon2CipherProviderGroovyTest - Checking salt $ab$00$acbdefghijklmnopqrstuv
[main] WARN org.apache.nifi.security.util.crypto.Argon2SecureHasher - The provided memory size 1024 KiB is below the recommended minimum 65536 KiB.
[main] WARN org.apache.nifi.security.util.crypto.Argon2SecureHasher - The provided parallelization factor 1 is below the recommended minimum 8.
[main] WARN org.apache.nifi.security.util.crypto.Argon2SecureHasher - The provided iteration count 3 is below the recommended minimum 5.
[main] WARN org.apache.nifi.security.util.crypto.AESKeyedCipherProvider - An IV was provided of length 0 bytes for encryption but should be 16 bytes
[main] WARN org.apache.nifi.security.util.crypto.AESKeyedCipherProvider - Generating new IV. The value can be obtained in the calling code by invoking 'cipher.getIV()';
[main] INFO org.apache.nifi.security.util.crypto.Argon2CipherProviderGroovyTest - Checking salt $4$1$1$0123456789abcdef
[main] WARN org.apache.nifi.security.util.crypto.Argon2SecureHasher - The provided memory size 1024 KiB is below the recommended minimum 65536 KiB.
[main] WARN org.apache.nifi.security.util.crypto.Argon2SecureHasher - The provided parallelization factor 1 is below the recommended minimum 8.
[main] WARN org.apache.nifi.security.util.crypto.Argon2SecureHasher - The provided iteration count 3 is below the recommended minimum 5.
[main] WARN org.apache.nifi.security.util.crypto.AESKeyedCipherProvider - An IV was provided of length 0 bytes for encryption but should be 16 bytes
[main] WARN org.apache.nifi.security.util.crypto.AESKeyedCipherProvider - Generating new IV. The value can be obtained in the calling code by invoking 'cipher.getIV()';
[main] INFO org.apache.nifi.security.util.crypto.Argon2CipherProviderGroovyTest - Checking salt $400$1$1$abcdefghijklmnopqrstuv
[main] WARN org.apache.nifi.security.util.crypto.Argon2SecureHasher - The provided memory size 1024 KiB is below the recommended minimum 65536 KiB.
[main] WARN org.apache.nifi.security.util.crypto.Argon2SecureHasher - The provided parallelization factor 1 is below the recommended minimum 8.
[main] WARN org.apache.nifi.security.util.crypto.Argon2SecureHasher - The provided iteration count 3 is below the recommended minimum 5.
[main] WARN org.apache.nifi.security.util.crypto.AESKeyedCipherProvider - An IV was provided of length 0 bytes for encryption but should be 16 bytes
[main] WARN org.apache.nifi.security.util.crypto.AESKeyedCipherProvider - Generating new IV. The value can be obtained in the calling code by invoking 'cipher.getIV()';
]]></system-err>
  </testcase>
  <testcase name="testShouldExtractSalt" classname="org.apache.nifi.security.util.crypto.Argon2CipherProviderGroovyTest" time="0.001">
    <system-err><![CDATA[[main] WARN org.apache.nifi.security.util.crypto.Argon2CipherProvider - The provided memory size 1024 KiB is below the recommended minimum 65536 KiB
[main] WARN org.apache.nifi.security.util.crypto.Argon2CipherProvider - The provided parallelization factor 1 is below the recommended minimum 8
[main] WARN org.apache.nifi.security.util.crypto.Argon2CipherProvider - The provided iterations count 3 is below the recommended minimum 5
[main] INFO org.apache.nifi.security.util.crypto.Argon2CipherProviderGroovyTest - Using salt: $argon2id$v=19$m=1024,t=4,p=1$hiKyaQbZyQBmCmD1zGcyMw
[main] INFO org.apache.nifi.security.util.crypto.Argon2CipherProviderGroovyTest - rawSalt: 8622b26906d9c900660a60f5cc673233
]]></system-err>
  </testcase>
  <testcase name="testShouldExtractSalt" classname="org.apache.nifi.security.util.crypto.Argon2CipherProviderGroovyTest" time="0">
    <system-err><![CDATA[[main] WARN org.apache.nifi.security.util.crypto.Argon2CipherProvider - The provided memory size 1024 KiB is below the recommended minimum 65536 KiB
[main] WARN org.apache.nifi.security.util.crypto.Argon2CipherProvider - The provided parallelization factor 1 is below the recommended minimum 8
[main] WARN org.apache.nifi.security.util.crypto.Argon2CipherProvider - The provided iterations count 3 is below the recommended minimum 5
[main] INFO org.apache.nifi.security.util.crypto.Argon2CipherProviderGroovyTest - Using salt: $argon2id$v=19$m=1024,t=4,p=1$hiKyaQbZyQBmCmD1zGcyMw
[main] INFO org.apache.nifi.security.util.crypto.Argon2CipherProviderGroovyTest - rawSalt: 8622b26906d9c900660a60f5cc673233
]]></system-err>
  </testcase>
  <testcase name="testGetCipherShouldAcceptValidKeyLengths" classname="org.apache.nifi.security.util.crypto.Argon2CipherProviderGroovyTest" time="0.016">
    <system-err><![CDATA[[main] WARN org.apache.nifi.security.util.crypto.Argon2CipherProvider - The provided memory size 1024 KiB is below the recommended minimum 65536 KiB
[main] WARN org.apache.nifi.security.util.crypto.Argon2CipherProvider - The provided parallelization factor 1 is below the recommended minimum 8
[main] WARN org.apache.nifi.security.util.crypto.Argon2CipherProvider - The provided iterations count 3 is below the recommended minimum 5
[main] INFO org.apache.nifi.security.util.crypto.Argon2CipherProviderGroovyTest - Using algorithm: AES/CBC/PKCS7Padding with key length 128
[main] WARN org.apache.nifi.security.util.crypto.Argon2SecureHasher - The provided memory size 1024 KiB is below the recommended minimum 65536 KiB.
[main] WARN org.apache.nifi.security.util.crypto.Argon2SecureHasher - The provided parallelization factor 1 is below the recommended minimum 8.
[main] WARN org.apache.nifi.security.util.crypto.Argon2SecureHasher - The provided iteration count 3 is below the recommended minimum 5.
[main] INFO org.apache.nifi.security.util.crypto.Argon2CipherProviderGroovyTest - IV: 01010101010101010101010101010101
[main] INFO org.apache.nifi.security.util.crypto.Argon2CipherProviderGroovyTest - Cipher text: e891f5532824de681720691a4553c45225f54ec0c8ff8284ad06c4b71448dcd1ea6042245fd4f631d2cc1f9d04873279 48
[main] WARN org.apache.nifi.security.util.crypto.Argon2SecureHasher - The provided memory size 1024 KiB is below the recommended minimum 65536 KiB.
[main] WARN org.apache.nifi.security.util.crypto.Argon2SecureHasher - The provided parallelization factor 1 is below the recommended minimum 8.
[main] WARN org.apache.nifi.security.util.crypto.Argon2SecureHasher - The provided iteration count 3 is below the recommended minimum 5.
[main] INFO org.apache.nifi.security.util.crypto.Argon2CipherProviderGroovyTest - Recovered: ExactBlockSizeRequiredForProcess
[main] INFO org.apache.nifi.security.util.crypto.Argon2CipherProviderGroovyTest - Using algorithm: AES/CBC/PKCS7Padding with key length 192
[main] WARN org.apache.nifi.security.util.crypto.Argon2SecureHasher - The provided memory size 1024 KiB is below the recommended minimum 65536 KiB.
[main] WARN org.apache.nifi.security.util.crypto.Argon2SecureHasher - The provided parallelization factor 1 is below the recommended minimum 8.
[main] WARN org.apache.nifi.security.util.crypto.Argon2SecureHasher - The provided iteration count 3 is below the recommended minimum 5.
[main] INFO org.apache.nifi.security.util.crypto.Argon2CipherProviderGroovyTest - IV: 01010101010101010101010101010101
[main] INFO org.apache.nifi.security.util.crypto.Argon2CipherProviderGroovyTest - Cipher text: 32cfbf90aae15ffe271847573ff1adaa570a39aa62b3239903b27e78cb6f53a18826606572f9a06bddce30e9894efe22 48
[main] WARN org.apache.nifi.security.util.crypto.Argon2SecureHasher - The provided memory size 1024 KiB is below the recommended minimum 65536 KiB.
[main] WARN org.apache.nifi.security.util.crypto.Argon2SecureHasher - The provided parallelization factor 1 is below the recommended minimum 8.
[main] WARN org.apache.nifi.security.util.crypto.Argon2SecureHasher - The provided iteration count 3 is below the recommended minimum 5.
[main] INFO org.apache.nifi.security.util.crypto.Argon2CipherProviderGroovyTest - Recovered: ExactBlockSizeRequiredForProcess
[main] INFO org.apache.nifi.security.util.crypto.Argon2CipherProviderGroovyTest - Using algorithm: AES/CBC/PKCS7Padding with key length 256
[main] WARN org.apache.nifi.security.util.crypto.Argon2SecureHasher - The provided memory size 1024 KiB is below the recommended minimum 65536 KiB.
[main] WARN org.apache.nifi.security.util.crypto.Argon2SecureHasher - The provided parallelization factor 1 is below the recommended minimum 8.
[main] WARN org.apache.nifi.security.util.crypto.Argon2SecureHasher - The provided iteration count 3 is below the recommended minimum 5.
[main] INFO org.apache.nifi.security.util.crypto.Argon2CipherProviderGroovyTest - IV: 01010101010101010101010101010101
[main] INFO org.apache.nifi.security.util.crypto.Argon2CipherProviderGroovyTest - Cipher text: f0f0165e17baffccfc8683294556b9a90808f5a11d5a04673d3e3fb35cb637776d7788ecb63bbac4b62ff4c0eec32372 48
[main] WARN org.apache.nifi.security.util.crypto.Argon2SecureHasher - The provided memory size 1024 KiB is below the recommended minimum 65536 KiB.
[main] WARN org.apache.nifi.security.util.crypto.Argon2SecureHasher - The provided parallelization factor 1 is below the recommended minimum 8.
[main] WARN org.apache.nifi.security.util.crypto.Argon2SecureHasher - The provided iteration count 3 is below the recommended minimum 5.
[main] INFO org.apache.nifi.security.util.crypto.Argon2CipherProviderGroovyTest - Recovered: ExactBlockSizeRequiredForProcess
]]></system-err>
  </testcase>
  <testcase name="testGetCipherShouldAcceptValidKeyLengths" classname="org.apache.nifi.security.util.crypto.Argon2CipherProviderGroovyTest" time="0.014">
    <system-err><![CDATA[[main] WARN org.apache.nifi.security.util.crypto.Argon2CipherProvider - The provided memory size 1024 KiB is below the recommended minimum 65536 KiB
[main] WARN org.apache.nifi.security.util.crypto.Argon2CipherProvider - The provided parallelization factor 1 is below the recommended minimum 8
[main] WARN org.apache.nifi.security.util.crypto.Argon2CipherProvider - The provided iterations count 3 is below the recommended minimum 5
[main] INFO org.apache.nifi.security.util.crypto.Argon2CipherProviderGroovyTest - Using algorithm: AES/CBC/PKCS7Padding with key length 128
[main] WARN org.apache.nifi.security.util.crypto.Argon2SecureHasher - The provided memory size 1024 KiB is below the recommended minimum 65536 KiB.
[main] WARN org.apache.nifi.security.util.crypto.Argon2SecureHasher - The provided parallelization factor 1 is below the recommended minimum 8.
[main] WARN org.apache.nifi.security.util.crypto.Argon2SecureHasher - The provided iteration count 3 is below the recommended minimum 5.
[main] INFO org.apache.nifi.security.util.crypto.Argon2CipherProviderGroovyTest - IV: 01010101010101010101010101010101
[main] INFO org.apache.nifi.security.util.crypto.Argon2CipherProviderGroovyTest - Cipher text: 1f2183cff253b8d3bd60c62089a83dceb091d57314d9f2333c4b6957becb8b34b8318be7cc4cfa5eafa9d2663b0581ba 48
[main] WARN org.apache.nifi.security.util.crypto.Argon2SecureHasher - The provided memory size 1024 KiB is below the recommended minimum 65536 KiB.
[main] WARN org.apache.nifi.security.util.crypto.Argon2SecureHasher - The provided parallelization factor 1 is below the recommended minimum 8.
[main] WARN org.apache.nifi.security.util.crypto.Argon2SecureHasher - The provided iteration count 3 is below the recommended minimum 5.
[main] INFO org.apache.nifi.security.util.crypto.Argon2CipherProviderGroovyTest - Recovered: ExactBlockSizeRequiredForProcess
[main] INFO org.apache.nifi.security.util.crypto.Argon2CipherProviderGroovyTest - Using algorithm: AES/CBC/PKCS7Padding with key length 192
[main] WARN org.apache.nifi.security.util.crypto.Argon2SecureHasher - The provided memory size 1024 KiB is below the recommended minimum 65536 KiB.
[main] WARN org.apache.nifi.security.util.crypto.Argon2SecureHasher - The provided parallelization factor 1 is below the recommended minimum 8.
[main] WARN org.apache.nifi.security.util.crypto.Argon2SecureHasher - The provided iteration count 3 is below the recommended minimum 5.
[main] INFO org.apache.nifi.security.util.crypto.Argon2CipherProviderGroovyTest - IV: 01010101010101010101010101010101
[main] INFO org.apache.nifi.security.util.crypto.Argon2CipherProviderGroovyTest - Cipher text: 27f4dc4037be33ccc3761b5f4e1c82dc50b9219798aed7b8d51dbc075dc94c0c971bf561cd41a3659fbf62dbd1e8042a 48
[main] WARN org.apache.nifi.security.util.crypto.Argon2SecureHasher - The provided memory size 1024 KiB is below the recommended minimum 65536 KiB.
[main] WARN org.apache.nifi.security.util.crypto.Argon2SecureHasher - The provided parallelization factor 1 is below the recommended minimum 8.
[main] WARN org.apache.nifi.security.util.crypto.Argon2SecureHasher - The provided iteration count 3 is below the recommended minimum 5.
[main] INFO org.apache.nifi.security.util.crypto.Argon2CipherProviderGroovyTest - Recovered: ExactBlockSizeRequiredForProcess
[main] INFO org.apache.nifi.security.util.crypto.Argon2CipherProviderGroovyTest - Using algorithm: AES/CBC/PKCS7Padding with key length 256
[main] WARN org.apache.nifi.security.util.crypto.Argon2SecureHasher - The provided memory size 1024 KiB is below the recommended minimum 65536 KiB.
[main] WARN org.apache.nifi.security.util.crypto.Argon2SecureHasher - The provided parallelization factor 1 is below the recommended minimum 8.
[main] WARN org.apache.nifi.security.util.crypto.Argon2SecureHasher - The provided iteration count 3 is below the recommended minimum 5.
[main] INFO org.apache.nifi.security.util.crypto.Argon2CipherProviderGroovyTest - IV: 01010101010101010101010101010101
[main] INFO org.apache.nifi.security.util.crypto.Argon2CipherProviderGroovyTest - Cipher text: 32cc2487dd2ba54e7c3cfcf755b546a9224cf69da06c06fb38820a31b81040fa4dc35a4d9f0cd340a662f9d8b432d22c 48
[main] WARN org.apache.nifi.security.util.crypto.Argon2SecureHasher - The provided memory size 1024 KiB is below the recommended minimum 65536 KiB.
[main] WARN org.apache.nifi.security.util.crypto.Argon2SecureHasher - The provided parallelization factor 1 is below the recommended minimum 8.
[main] WARN org.apache.nifi.security.util.crypto.Argon2SecureHasher - The provided iteration count 3 is below the recommended minimum 5.
[main] INFO org.apache.nifi.security.util.crypto.Argon2CipherProviderGroovyTest - Recovered: ExactBlockSizeRequiredForProcess
]]></system-err>
  </testcase>
  <testcase name="testGetCipherShouldRejectInvalidIV" classname="org.apache.nifi.security.util.crypto.Argon2CipherProviderGroovyTest" time="0.088">
    <system-err><![CDATA[[main] WARN org.apache.nifi.security.util.crypto.Argon2CipherProvider - The provided memory size 1024 KiB is below the recommended minimum 65536 KiB
[main] WARN org.apache.nifi.security.util.crypto.Argon2CipherProvider - The provided parallelization factor 1 is below the recommended minimum 8
[main] WARN org.apache.nifi.security.util.crypto.Argon2CipherProvider - The provided iterations count 3 is below the recommended minimum 5
[main] INFO org.apache.nifi.security.util.crypto.Argon2CipherProviderGroovyTest - IV:  0
[main] WARN org.apache.nifi.security.util.crypto.Argon2SecureHasher - The provided memory size 1024 KiB is below the recommended minimum 65536 KiB.
[main] WARN org.apache.nifi.security.util.crypto.Argon2SecureHasher - The provided parallelization factor 1 is below the recommended minimum 8.
[main] WARN org.apache.nifi.security.util.crypto.Argon2SecureHasher - The provided iteration count 3 is below the recommended minimum 5.
[main] WARN org.apache.nifi.security.util.crypto.AESKeyedCipherProvider - An IV was provided of length 0 bytes for encryption but should be 16 bytes
[main] WARN org.apache.nifi.security.util.crypto.AESKeyedCipherProvider - Generating new IV. The value can be obtained in the calling code by invoking 'cipher.getIV()';
[main] WARN org.apache.nifi.security.util.crypto.Argon2SecureHasher - The provided memory size 1024 KiB is below the recommended minimum 65536 KiB.
[main] WARN org.apache.nifi.security.util.crypto.Argon2SecureHasher - The provided parallelization factor 1 is below the recommended minimum 8.
[main] WARN org.apache.nifi.security.util.crypto.Argon2SecureHasher - The provided iteration count 3 is below the recommended minimum 5.
[main] WARN org.apache.nifi.security.util.crypto.AESKeyedCipherProvider - An IV was provided of length 0 bytes for decryption but should be 16 bytes
[main] ERROR org.apache.nifi.security.util.crypto.Argon2CipherProvider - Encountered an error generating the Argon2 hash
java.lang.IllegalArgumentException: Cannot decrypt without a valid IV
	at org.apache.nifi.security.util.crypto.AESKeyedCipherProvider.getInitializedCipher(AESKeyedCipherProvider.java:128)
	at org.apache.nifi.security.util.crypto.AESKeyedCipherProvider.getCipher(AESKeyedCipherProvider.java:60)
	at org.apache.nifi.security.util.crypto.Argon2CipherProvider.getInitializedCipher(Argon2CipherProvider.java:177)
	at org.apache.nifi.security.util.crypto.Argon2CipherProvider.getCipher(Argon2CipherProvider.java:103)
	at org.apache.nifi.security.util.crypto.Argon2CipherProvider$getCipher$0.call(Unknown Source)
	at org.codehaus.groovy.runtime.callsite.CallSiteArray.defaultCall(CallSiteArray.java:47)
	at org.codehaus.groovy.runtime.callsite.AbstractCallSite.call(AbstractCallSite.java:115)
	at org.apache.nifi.security.util.crypto.Argon2CipherProviderGroovyTest$_testGetCipherShouldRejectInvalidIV_closure5$_closure13.doCall(Argon2CipherProviderGroovyTest.groovy:189)
	at org.apache.nifi.security.util.crypto.Argon2CipherProviderGroovyTest$_testGetCipherShouldRejectInvalidIV_closure5$_closure13.doCall(Argon2CipherProviderGroovyTest.groovy)
	at sun.reflect.NativeMethodAccessorImpl.invoke0(Native Method)
	at sun.reflect.NativeMethodAccessorImpl.invoke(NativeMethodAccessorImpl.java:62)
	at sun.reflect.DelegatingMethodAccessorImpl.invoke(DelegatingMethodAccessorImpl.java:43)
	at java.lang.reflect.Method.invoke(Method.java:498)
	at org.codehaus.groovy.reflection.CachedMethod.invoke(CachedMethod.java:101)
	at groovy.lang.MetaMethod.doMethodInvoke(MetaMethod.java:323)
	at org.codehaus.groovy.runtime.metaclass.ClosureMetaClass.invokeMethod(ClosureMetaClass.java:263)
	at groovy.lang.MetaClassImpl.invokeMethod(MetaClassImpl.java:1041)
	at groovy.lang.Closure.call(Closure.java:405)
	at groovy.lang.Closure.call(Closure.java:399)
	at groovy.test.GroovyAssert.shouldFail(GroovyAssert.java:118)
	at groovy.test.GroovyAssert$shouldFail.callStatic(Unknown Source)
	at org.codehaus.groovy.runtime.callsite.CallSiteArray.defaultCallStatic(CallSiteArray.java:55)
	at org.codehaus.groovy.runtime.callsite.AbstractCallSite.callStatic(AbstractCallSite.java:196)
	at org.codehaus.groovy.runtime.callsite.AbstractCallSite.callStatic(AbstractCallSite.java:216)
	at org.apache.nifi.security.util.crypto.Argon2CipherProviderGroovyTest$_testGetCipherShouldRejectInvalidIV_closure5.doCall(Argon2CipherProviderGroovyTest.groovy:188)
	at sun.reflect.NativeMethodAccessorImpl.invoke0(Native Method)
	at sun.reflect.NativeMethodAccessorImpl.invoke(NativeMethodAccessorImpl.java:62)
	at sun.reflect.DelegatingMethodAccessorImpl.invoke(DelegatingMethodAccessorImpl.java:43)
	at java.lang.reflect.Method.invoke(Method.java:498)
	at org.codehaus.groovy.reflection.CachedMethod.invoke(CachedMethod.java:101)
	at groovy.lang.MetaMethod.doMethodInvoke(MetaMethod.java:323)
	at org.codehaus.groovy.runtime.metaclass.ClosureMetaClass.invokeMethod(ClosureMetaClass.java:263)
	at groovy.lang.MetaClassImpl.invokeMethod(MetaClassImpl.java:1041)
	at groovy.lang.Closure.call(Closure.java:405)
	at groovy.lang.Closure.call(Closure.java:421)
	at org.codehaus.groovy.runtime.DefaultGroovyMethods.each(DefaultGroovyMethods.java:2330)
	at org.codehaus.groovy.runtime.DefaultGroovyMethods.each(DefaultGroovyMethods.java:2315)
	at org.codehaus.groovy.runtime.DefaultGroovyMethods.each(DefaultGroovyMethods.java:2356)
	at org.codehaus.groovy.runtime.dgm$186.invoke(Unknown Source)
	at org.codehaus.groovy.runtime.callsite.PojoMetaMethodSite$PojoMetaMethodSiteNoUnwrapNoCoerce.invoke(PojoMetaMethodSite.java:244)
	at org.codehaus.groovy.runtime.callsite.PojoMetaMethodSite.call(PojoMetaMethodSite.java:53)
	at org.codehaus.groovy.runtime.callsite.CallSiteArray.defaultCall(CallSiteArray.java:47)
	at org.codehaus.groovy.runtime.callsite.AbstractCallSite.call(AbstractCallSite.java:115)
	at org.codehaus.groovy.runtime.callsite.AbstractCallSite.call(AbstractCallSite.java:127)
	at org.apache.nifi.security.util.crypto.Argon2CipherProviderGroovyTest.testGetCipherShouldRejectInvalidIV(Argon2CipherProviderGroovyTest.groovy:181)
	at sun.reflect.NativeMethodAccessorImpl.invoke0(Native Method)
	at sun.reflect.NativeMethodAccessorImpl.invoke(NativeMethodAccessorImpl.java:62)
	at sun.reflect.DelegatingMethodAccessorImpl.invoke(DelegatingMethodAccessorImpl.java:43)
	at java.lang.reflect.Method.invoke(Method.java:498)
	at org.junit.platform.commons.util.ReflectionUtils.invokeMethod(ReflectionUtils.java:688)
	at org.junit.jupiter.engine.execution.MethodInvocation.proceed(MethodInvocation.java:60)
	at org.junit.jupiter.engine.execution.InvocationInterceptorChain$ValidatingInvocation.proceed(InvocationInterceptorChain.java:131)
	at org.junit.jupiter.engine.extension.TimeoutExtension.intercept(TimeoutExtension.java:149)
	at org.junit.jupiter.engine.extension.TimeoutExtension.interceptTestableMethod(TimeoutExtension.java:140)
	at org.junit.jupiter.engine.extension.TimeoutExtension.interceptTestMethod(TimeoutExtension.java:84)
	at org.junit.jupiter.engine.execution.ExecutableInvoker$ReflectiveInterceptorCall.lambda$ofVoidMethod$0(ExecutableInvoker.java:115)
	at org.junit.jupiter.engine.execution.ExecutableInvoker.lambda$invoke$0(ExecutableInvoker.java:105)
	at org.junit.jupiter.engine.execution.InvocationInterceptorChain$InterceptedInvocation.proceed(InvocationInterceptorChain.java:106)
	at org.junit.jupiter.engine.execution.InvocationInterceptorChain.proceed(InvocationInterceptorChain.java:64)
	at org.junit.jupiter.engine.execution.InvocationInterceptorChain.chainAndInvoke(InvocationInterceptorChain.java:45)
	at org.junit.jupiter.engine.execution.InvocationInterceptorChain.invoke(InvocationInterceptorChain.java:37)
	at org.junit.jupiter.engine.execution.ExecutableInvoker.invoke(ExecutableInvoker.java:104)
	at org.junit.jupiter.engine.execution.ExecutableInvoker.invoke(ExecutableInvoker.java:98)
	at org.junit.jupiter.engine.descriptor.TestMethodTestDescriptor.lambda$invokeTestMethod$6(TestMethodTestDescriptor.java:210)
	at org.junit.platform.engine.support.hierarchical.ThrowableCollector.execute(ThrowableCollector.java:73)
	at org.junit.jupiter.engine.descriptor.TestMethodTestDescriptor.invokeTestMethod(TestMethodTestDescriptor.java:206)
	at org.junit.jupiter.engine.descriptor.TestMethodTestDescriptor.execute(TestMethodTestDescriptor.java:131)
	at org.junit.jupiter.engine.descriptor.TestMethodTestDescriptor.execute(TestMethodTestDescriptor.java:65)
	at org.junit.platform.engine.support.hierarchical.NodeTestTask.lambda$executeRecursively$5(NodeTestTask.java:139)
	at org.junit.platform.engine.support.hierarchical.ThrowableCollector.execute(ThrowableCollector.java:73)
	at org.junit.platform.engine.support.hierarchical.NodeTestTask.lambda$executeRecursively$7(NodeTestTask.java:129)
	at org.junit.platform.engine.support.hierarchical.Node.around(Node.java:137)
	at org.junit.platform.engine.support.hierarchical.NodeTestTask.lambda$executeRecursively$8(NodeTestTask.java:127)
	at org.junit.platform.engine.support.hierarchical.ThrowableCollector.execute(ThrowableCollector.java:73)
	at org.junit.platform.engine.support.hierarchical.NodeTestTask.executeRecursively(NodeTestTask.java:126)
	at org.junit.platform.engine.support.hierarchical.NodeTestTask.execute(NodeTestTask.java:84)
	at java.util.ArrayList.forEach(ArrayList.java:1259)
	at org.junit.platform.engine.support.hierarchical.SameThreadHierarchicalTestExecutorService.invokeAll(SameThreadHierarchicalTestExecutorService.java:38)
	at org.junit.platform.engine.support.hierarchical.NodeTestTask.lambda$executeRecursively$5(NodeTestTask.java:143)
	at org.junit.platform.engine.support.hierarchical.ThrowableCollector.execute(ThrowableCollector.java:73)
	at org.junit.platform.engine.support.hierarchical.NodeTestTask.lambda$executeRecursively$7(NodeTestTask.java:129)
	at org.junit.platform.engine.support.hierarchical.Node.around(Node.java:137)
	at org.junit.platform.engine.support.hierarchical.NodeTestTask.lambda$executeRecursively$8(NodeTestTask.java:127)
	at org.junit.platform.engine.support.hierarchical.ThrowableCollector.execute(ThrowableCollector.java:73)
	at org.junit.platform.engine.support.hierarchical.NodeTestTask.executeRecursively(NodeTestTask.java:126)
	at org.junit.platform.engine.support.hierarchical.NodeTestTask.execute(NodeTestTask.java:84)
	at java.util.ArrayList.forEach(ArrayList.java:1259)
	at org.junit.platform.engine.support.hierarchical.SameThreadHierarchicalTestExecutorService.invokeAll(SameThreadHierarchicalTestExecutorService.java:38)
	at org.junit.platform.engine.support.hierarchical.NodeTestTask.lambda$executeRecursively$5(NodeTestTask.java:143)
	at org.junit.platform.engine.support.hierarchical.ThrowableCollector.execute(ThrowableCollector.java:73)
	at org.junit.platform.engine.support.hierarchical.NodeTestTask.lambda$executeRecursively$7(NodeTestTask.java:129)
	at org.junit.platform.engine.support.hierarchical.Node.around(Node.java:137)
	at org.junit.platform.engine.support.hierarchical.NodeTestTask.lambda$executeRecursively$8(NodeTestTask.java:127)
	at org.junit.platform.engine.support.hierarchical.ThrowableCollector.execute(ThrowableCollector.java:73)
	at org.junit.platform.engine.support.hierarchical.NodeTestTask.executeRecursively(NodeTestTask.java:126)
	at org.junit.platform.engine.support.hierarchical.NodeTestTask.execute(NodeTestTask.java:84)
	at org.junit.platform.engine.support.hierarchical.SameThreadHierarchicalTestExecutorService.submit(SameThreadHierarchicalTestExecutorService.java:32)
	at org.junit.platform.engine.support.hierarchical.HierarchicalTestExecutor.execute(HierarchicalTestExecutor.java:57)
	at org.junit.platform.engine.support.hierarchical.HierarchicalTestEngine.execute(HierarchicalTestEngine.java:51)
	at org.junit.platform.launcher.core.EngineExecutionOrchestrator.execute(EngineExecutionOrchestrator.java:108)
	at org.junit.platform.launcher.core.EngineExecutionOrchestrator.execute(EngineExecutionOrchestrator.java:88)
	at org.junit.platform.launcher.core.EngineExecutionOrchestrator.lambda$execute$0(EngineExecutionOrchestrator.java:54)
	at org.junit.platform.launcher.core.EngineExecutionOrchestrator.withInterceptedStreams(EngineExecutionOrchestrator.java:67)
	at org.junit.platform.launcher.core.EngineExecutionOrchestrator.execute(EngineExecutionOrchestrator.java:52)
	at org.junit.platform.launcher.core.DefaultLauncher.execute(DefaultLauncher.java:96)
	at org.junit.platform.launcher.core.DefaultLauncher.execute(DefaultLauncher.java:75)
	at org.apache.maven.surefire.junitplatform.JUnitPlatformProvider.execute(JUnitPlatformProvider.java:188)
	at org.apache.maven.surefire.junitplatform.JUnitPlatformProvider.invokeAllTests(JUnitPlatformProvider.java:154)
	at org.apache.maven.surefire.junitplatform.JUnitPlatformProvider.invoke(JUnitPlatformProvider.java:128)
	at org.apache.maven.surefire.booter.ForkedBooter.runSuitesInProcess(ForkedBooter.java:428)
	at org.apache.maven.surefire.booter.ForkedBooter.execute(ForkedBooter.java:162)
	at org.apache.maven.surefire.booter.ForkedBooter.run(ForkedBooter.java:562)
	at org.apache.maven.surefire.booter.ForkedBooter.main(ForkedBooter.java:548)
[main] INFO org.apache.nifi.security.util.crypto.Argon2CipherProviderGroovyTest - IV: 00 1
[main] WARN org.apache.nifi.security.util.crypto.Argon2SecureHasher - The provided memory size 1024 KiB is below the recommended minimum 65536 KiB.
[main] WARN org.apache.nifi.security.util.crypto.Argon2SecureHasher - The provided parallelization factor 1 is below the recommended minimum 8.
[main] WARN org.apache.nifi.security.util.crypto.Argon2SecureHasher - The provided iteration count 3 is below the recommended minimum 5.
[main] WARN org.apache.nifi.security.util.crypto.AESKeyedCipherProvider - An IV was provided of length 1 bytes for encryption but should be 16 bytes
[main] WARN org.apache.nifi.security.util.crypto.AESKeyedCipherProvider - Generating new IV. The value can be obtained in the calling code by invoking 'cipher.getIV()';
[main] WARN org.apache.nifi.security.util.crypto.Argon2SecureHasher - The provided memory size 1024 KiB is below the recommended minimum 65536 KiB.
[main] WARN org.apache.nifi.security.util.crypto.Argon2SecureHasher - The provided parallelization factor 1 is below the recommended minimum 8.
[main] WARN org.apache.nifi.security.util.crypto.Argon2SecureHasher - The provided iteration count 3 is below the recommended minimum 5.
[main] WARN org.apache.nifi.security.util.crypto.AESKeyedCipherProvider - An IV was provided of length 1 bytes for decryption but should be 16 bytes
[main] ERROR org.apache.nifi.security.util.crypto.Argon2CipherProvider - Encountered an error generating the Argon2 hash
java.lang.IllegalArgumentException: Cannot decrypt without a valid IV
	at org.apache.nifi.security.util.crypto.AESKeyedCipherProvider.getInitializedCipher(AESKeyedCipherProvider.java:128)
	at org.apache.nifi.security.util.crypto.AESKeyedCipherProvider.getCipher(AESKeyedCipherProvider.java:60)
	at org.apache.nifi.security.util.crypto.Argon2CipherProvider.getInitializedCipher(Argon2CipherProvider.java:177)
	at org.apache.nifi.security.util.crypto.Argon2CipherProvider.getCipher(Argon2CipherProvider.java:103)
	at org.apache.nifi.security.util.crypto.Argon2CipherProvider$getCipher$0.call(Unknown Source)
	at org.apache.nifi.security.util.crypto.Argon2CipherProviderGroovyTest$_testGetCipherShouldRejectInvalidIV_closure5$_closure13.doCall(Argon2CipherProviderGroovyTest.groovy:189)
	at org.apache.nifi.security.util.crypto.Argon2CipherProviderGroovyTest$_testGetCipherShouldRejectInvalidIV_closure5$_closure13.doCall(Argon2CipherProviderGroovyTest.groovy)
	at sun.reflect.NativeMethodAccessorImpl.invoke0(Native Method)
	at sun.reflect.NativeMethodAccessorImpl.invoke(NativeMethodAccessorImpl.java:62)
	at sun.reflect.DelegatingMethodAccessorImpl.invoke(DelegatingMethodAccessorImpl.java:43)
	at java.lang.reflect.Method.invoke(Method.java:498)
	at org.codehaus.groovy.reflection.CachedMethod.invoke(CachedMethod.java:101)
	at groovy.lang.MetaMethod.doMethodInvoke(MetaMethod.java:323)
	at org.codehaus.groovy.runtime.metaclass.ClosureMetaClass.invokeMethod(ClosureMetaClass.java:263)
	at groovy.lang.MetaClassImpl.invokeMethod(MetaClassImpl.java:1041)
	at groovy.lang.Closure.call(Closure.java:405)
	at groovy.lang.Closure.call(Closure.java:399)
	at groovy.test.GroovyAssert.shouldFail(GroovyAssert.java:118)
	at groovy.test.GroovyAssert$shouldFail.callStatic(Unknown Source)
	at org.apache.nifi.security.util.crypto.Argon2CipherProviderGroovyTest$_testGetCipherShouldRejectInvalidIV_closure5.doCall(Argon2CipherProviderGroovyTest.groovy:188)
	at sun.reflect.NativeMethodAccessorImpl.invoke0(Native Method)
	at sun.reflect.NativeMethodAccessorImpl.invoke(NativeMethodAccessorImpl.java:62)
	at sun.reflect.DelegatingMethodAccessorImpl.invoke(DelegatingMethodAccessorImpl.java:43)
	at java.lang.reflect.Method.invoke(Method.java:498)
	at org.codehaus.groovy.reflection.CachedMethod.invoke(CachedMethod.java:101)
	at groovy.lang.MetaMethod.doMethodInvoke(MetaMethod.java:323)
	at org.codehaus.groovy.runtime.metaclass.ClosureMetaClass.invokeMethod(ClosureMetaClass.java:263)
	at groovy.lang.MetaClassImpl.invokeMethod(MetaClassImpl.java:1041)
	at groovy.lang.Closure.call(Closure.java:405)
	at groovy.lang.Closure.call(Closure.java:421)
	at org.codehaus.groovy.runtime.DefaultGroovyMethods.each(DefaultGroovyMethods.java:2330)
	at org.codehaus.groovy.runtime.DefaultGroovyMethods.each(DefaultGroovyMethods.java:2315)
	at org.codehaus.groovy.runtime.DefaultGroovyMethods.each(DefaultGroovyMethods.java:2356)
	at org.codehaus.groovy.runtime.dgm$186.invoke(Unknown Source)
	at org.codehaus.groovy.runtime.callsite.PojoMetaMethodSite$PojoMetaMethodSiteNoUnwrapNoCoerce.invoke(PojoMetaMethodSite.java:244)
	at org.codehaus.groovy.runtime.callsite.PojoMetaMethodSite.call(PojoMetaMethodSite.java:53)
	at org.codehaus.groovy.runtime.callsite.CallSiteArray.defaultCall(CallSiteArray.java:47)
	at org.codehaus.groovy.runtime.callsite.AbstractCallSite.call(AbstractCallSite.java:115)
	at org.codehaus.groovy.runtime.callsite.AbstractCallSite.call(AbstractCallSite.java:127)
	at org.apache.nifi.security.util.crypto.Argon2CipherProviderGroovyTest.testGetCipherShouldRejectInvalidIV(Argon2CipherProviderGroovyTest.groovy:181)
	at sun.reflect.NativeMethodAccessorImpl.invoke0(Native Method)
	at sun.reflect.NativeMethodAccessorImpl.invoke(NativeMethodAccessorImpl.java:62)
	at sun.reflect.DelegatingMethodAccessorImpl.invoke(DelegatingMethodAccessorImpl.java:43)
	at java.lang.reflect.Method.invoke(Method.java:498)
	at org.junit.platform.commons.util.ReflectionUtils.invokeMethod(ReflectionUtils.java:688)
	at org.junit.jupiter.engine.execution.MethodInvocation.proceed(MethodInvocation.java:60)
	at org.junit.jupiter.engine.execution.InvocationInterceptorChain$ValidatingInvocation.proceed(InvocationInterceptorChain.java:131)
	at org.junit.jupiter.engine.extension.TimeoutExtension.intercept(TimeoutExtension.java:149)
	at org.junit.jupiter.engine.extension.TimeoutExtension.interceptTestableMethod(TimeoutExtension.java:140)
	at org.junit.jupiter.engine.extension.TimeoutExtension.interceptTestMethod(TimeoutExtension.java:84)
	at org.junit.jupiter.engine.execution.ExecutableInvoker$ReflectiveInterceptorCall.lambda$ofVoidMethod$0(ExecutableInvoker.java:115)
	at org.junit.jupiter.engine.execution.ExecutableInvoker.lambda$invoke$0(ExecutableInvoker.java:105)
	at org.junit.jupiter.engine.execution.InvocationInterceptorChain$InterceptedInvocation.proceed(InvocationInterceptorChain.java:106)
	at org.junit.jupiter.engine.execution.InvocationInterceptorChain.proceed(InvocationInterceptorChain.java:64)
	at org.junit.jupiter.engine.execution.InvocationInterceptorChain.chainAndInvoke(InvocationInterceptorChain.java:45)
	at org.junit.jupiter.engine.execution.InvocationInterceptorChain.invoke(InvocationInterceptorChain.java:37)
	at org.junit.jupiter.engine.execution.ExecutableInvoker.invoke(ExecutableInvoker.java:104)
	at org.junit.jupiter.engine.execution.ExecutableInvoker.invoke(ExecutableInvoker.java:98)
	at org.junit.jupiter.engine.descriptor.TestMethodTestDescriptor.lambda$invokeTestMethod$6(TestMethodTestDescriptor.java:210)
	at org.junit.platform.engine.support.hierarchical.ThrowableCollector.execute(ThrowableCollector.java:73)
	at org.junit.jupiter.engine.descriptor.TestMethodTestDescriptor.invokeTestMethod(TestMethodTestDescriptor.java:206)
	at org.junit.jupiter.engine.descriptor.TestMethodTestDescriptor.execute(TestMethodTestDescriptor.java:131)
	at org.junit.jupiter.engine.descriptor.TestMethodTestDescriptor.execute(TestMethodTestDescriptor.java:65)
	at org.junit.platform.engine.support.hierarchical.NodeTestTask.lambda$executeRecursively$5(NodeTestTask.java:139)
	at org.junit.platform.engine.support.hierarchical.ThrowableCollector.execute(ThrowableCollector.java:73)
	at org.junit.platform.engine.support.hierarchical.NodeTestTask.lambda$executeRecursively$7(NodeTestTask.java:129)
	at org.junit.platform.engine.support.hierarchical.Node.around(Node.java:137)
	at org.junit.platform.engine.support.hierarchical.NodeTestTask.lambda$executeRecursively$8(NodeTestTask.java:127)
	at org.junit.platform.engine.support.hierarchical.ThrowableCollector.execute(ThrowableCollector.java:73)
	at org.junit.platform.engine.support.hierarchical.NodeTestTask.executeRecursively(NodeTestTask.java:126)
	at org.junit.platform.engine.support.hierarchical.NodeTestTask.execute(NodeTestTask.java:84)
	at java.util.ArrayList.forEach(ArrayList.java:1259)
	at org.junit.platform.engine.support.hierarchical.SameThreadHierarchicalTestExecutorService.invokeAll(SameThreadHierarchicalTestExecutorService.java:38)
	at org.junit.platform.engine.support.hierarchical.NodeTestTask.lambda$executeRecursively$5(NodeTestTask.java:143)
	at org.junit.platform.engine.support.hierarchical.ThrowableCollector.execute(ThrowableCollector.java:73)
	at org.junit.platform.engine.support.hierarchical.NodeTestTask.lambda$executeRecursively$7(NodeTestTask.java:129)
	at org.junit.platform.engine.support.hierarchical.Node.around(Node.java:137)
	at org.junit.platform.engine.support.hierarchical.NodeTestTask.lambda$executeRecursively$8(NodeTestTask.java:127)
	at org.junit.platform.engine.support.hierarchical.ThrowableCollector.execute(ThrowableCollector.java:73)
	at org.junit.platform.engine.support.hierarchical.NodeTestTask.executeRecursively(NodeTestTask.java:126)
	at org.junit.platform.engine.support.hierarchical.NodeTestTask.execute(NodeTestTask.java:84)
	at java.util.ArrayList.forEach(ArrayList.java:1259)
	at org.junit.platform.engine.support.hierarchical.SameThreadHierarchicalTestExecutorService.invokeAll(SameThreadHierarchicalTestExecutorService.java:38)
	at org.junit.platform.engine.support.hierarchical.NodeTestTask.lambda$executeRecursively$5(NodeTestTask.java:143)
	at org.junit.platform.engine.support.hierarchical.ThrowableCollector.execute(ThrowableCollector.java:73)
	at org.junit.platform.engine.support.hierarchical.NodeTestTask.lambda$executeRecursively$7(NodeTestTask.java:129)
	at org.junit.platform.engine.support.hierarchical.Node.around(Node.java:137)
	at org.junit.platform.engine.support.hierarchical.NodeTestTask.lambda$executeRecursively$8(NodeTestTask.java:127)
	at org.junit.platform.engine.support.hierarchical.ThrowableCollector.execute(ThrowableCollector.java:73)
	at org.junit.platform.engine.support.hierarchical.NodeTestTask.executeRecursively(NodeTestTask.java:126)
	at org.junit.platform.engine.support.hierarchical.NodeTestTask.execute(NodeTestTask.java:84)
	at org.junit.platform.engine.support.hierarchical.SameThreadHierarchicalTestExecutorService.submit(SameThreadHierarchicalTestExecutorService.java:32)
	at org.junit.platform.engine.support.hierarchical.HierarchicalTestExecutor.execute(HierarchicalTestExecutor.java:57)
	at org.junit.platform.engine.support.hierarchical.HierarchicalTestEngine.execute(HierarchicalTestEngine.java:51)
	at org.junit.platform.launcher.core.EngineExecutionOrchestrator.execute(EngineExecutionOrchestrator.java:108)
	at org.junit.platform.launcher.core.EngineExecutionOrchestrator.execute(EngineExecutionOrchestrator.java:88)
	at org.junit.platform.launcher.core.EngineExecutionOrchestrator.lambda$execute$0(EngineExecutionOrchestrator.java:54)
	at org.junit.platform.launcher.core.EngineExecutionOrchestrator.withInterceptedStreams(EngineExecutionOrchestrator.java:67)
	at org.junit.platform.launcher.core.EngineExecutionOrchestrator.execute(EngineExecutionOrchestrator.java:52)
	at org.junit.platform.launcher.core.DefaultLauncher.execute(DefaultLauncher.java:96)
	at org.junit.platform.launcher.core.DefaultLauncher.execute(DefaultLauncher.java:75)
	at org.apache.maven.surefire.junitplatform.JUnitPlatformProvider.execute(JUnitPlatformProvider.java:188)
	at org.apache.maven.surefire.junitplatform.JUnitPlatformProvider.invokeAllTests(JUnitPlatformProvider.java:154)
	at org.apache.maven.surefire.junitplatform.JUnitPlatformProvider.invoke(JUnitPlatformProvider.java:128)
	at org.apache.maven.surefire.booter.ForkedBooter.runSuitesInProcess(ForkedBooter.java:428)
	at org.apache.maven.surefire.booter.ForkedBooter.execute(ForkedBooter.java:162)
	at org.apache.maven.surefire.booter.ForkedBooter.run(ForkedBooter.java:562)
	at org.apache.maven.surefire.booter.ForkedBooter.main(ForkedBooter.java:548)
[main] INFO org.apache.nifi.security.util.crypto.Argon2CipherProviderGroovyTest - IV: 0000 2
[main] WARN org.apache.nifi.security.util.crypto.Argon2SecureHasher - The provided memory size 1024 KiB is below the recommended minimum 65536 KiB.
[main] WARN org.apache.nifi.security.util.crypto.Argon2SecureHasher - The provided parallelization factor 1 is below the recommended minimum 8.
[main] WARN org.apache.nifi.security.util.crypto.Argon2SecureHasher - The provided iteration count 3 is below the recommended minimum 5.
[main] WARN org.apache.nifi.security.util.crypto.AESKeyedCipherProvider - An IV was provided of length 2 bytes for encryption but should be 16 bytes
[main] WARN org.apache.nifi.security.util.crypto.AESKeyedCipherProvider - Generating new IV. The value can be obtained in the calling code by invoking 'cipher.getIV()';
[main] WARN org.apache.nifi.security.util.crypto.Argon2SecureHasher - The provided memory size 1024 KiB is below the recommended minimum 65536 KiB.
[main] WARN org.apache.nifi.security.util.crypto.Argon2SecureHasher - The provided parallelization factor 1 is below the recommended minimum 8.
[main] WARN org.apache.nifi.security.util.crypto.Argon2SecureHasher - The provided iteration count 3 is below the recommended minimum 5.
[main] WARN org.apache.nifi.security.util.crypto.AESKeyedCipherProvider - An IV was provided of length 2 bytes for decryption but should be 16 bytes
[main] ERROR org.apache.nifi.security.util.crypto.Argon2CipherProvider - Encountered an error generating the Argon2 hash
java.lang.IllegalArgumentException: Cannot decrypt without a valid IV
	at org.apache.nifi.security.util.crypto.AESKeyedCipherProvider.getInitializedCipher(AESKeyedCipherProvider.java:128)
	at org.apache.nifi.security.util.crypto.AESKeyedCipherProvider.getCipher(AESKeyedCipherProvider.java:60)
	at org.apache.nifi.security.util.crypto.Argon2CipherProvider.getInitializedCipher(Argon2CipherProvider.java:177)
	at org.apache.nifi.security.util.crypto.Argon2CipherProvider.getCipher(Argon2CipherProvider.java:103)
	at org.apache.nifi.security.util.crypto.Argon2CipherProvider$getCipher$0.call(Unknown Source)
	at org.apache.nifi.security.util.crypto.Argon2CipherProviderGroovyTest$_testGetCipherShouldRejectInvalidIV_closure5$_closure13.doCall(Argon2CipherProviderGroovyTest.groovy:189)
	at org.apache.nifi.security.util.crypto.Argon2CipherProviderGroovyTest$_testGetCipherShouldRejectInvalidIV_closure5$_closure13.doCall(Argon2CipherProviderGroovyTest.groovy)
	at sun.reflect.NativeMethodAccessorImpl.invoke0(Native Method)
	at sun.reflect.NativeMethodAccessorImpl.invoke(NativeMethodAccessorImpl.java:62)
	at sun.reflect.DelegatingMethodAccessorImpl.invoke(DelegatingMethodAccessorImpl.java:43)
	at java.lang.reflect.Method.invoke(Method.java:498)
	at org.codehaus.groovy.reflection.CachedMethod.invoke(CachedMethod.java:101)
	at groovy.lang.MetaMethod.doMethodInvoke(MetaMethod.java:323)
	at org.codehaus.groovy.runtime.metaclass.ClosureMetaClass.invokeMethod(ClosureMetaClass.java:263)
	at groovy.lang.MetaClassImpl.invokeMethod(MetaClassImpl.java:1041)
	at groovy.lang.Closure.call(Closure.java:405)
	at groovy.lang.Closure.call(Closure.java:399)
	at groovy.test.GroovyAssert.shouldFail(GroovyAssert.java:118)
	at groovy.test.GroovyAssert$shouldFail.callStatic(Unknown Source)
	at org.apache.nifi.security.util.crypto.Argon2CipherProviderGroovyTest$_testGetCipherShouldRejectInvalidIV_closure5.doCall(Argon2CipherProviderGroovyTest.groovy:188)
	at sun.reflect.NativeMethodAccessorImpl.invoke0(Native Method)
	at sun.reflect.NativeMethodAccessorImpl.invoke(NativeMethodAccessorImpl.java:62)
	at sun.reflect.DelegatingMethodAccessorImpl.invoke(DelegatingMethodAccessorImpl.java:43)
	at java.lang.reflect.Method.invoke(Method.java:498)
	at org.codehaus.groovy.reflection.CachedMethod.invoke(CachedMethod.java:101)
	at groovy.lang.MetaMethod.doMethodInvoke(MetaMethod.java:323)
	at org.codehaus.groovy.runtime.metaclass.ClosureMetaClass.invokeMethod(ClosureMetaClass.java:263)
	at groovy.lang.MetaClassImpl.invokeMethod(MetaClassImpl.java:1041)
	at groovy.lang.Closure.call(Closure.java:405)
	at groovy.lang.Closure.call(Closure.java:421)
	at org.codehaus.groovy.runtime.DefaultGroovyMethods.each(DefaultGroovyMethods.java:2330)
	at org.codehaus.groovy.runtime.DefaultGroovyMethods.each(DefaultGroovyMethods.java:2315)
	at org.codehaus.groovy.runtime.DefaultGroovyMethods.each(DefaultGroovyMethods.java:2356)
	at org.codehaus.groovy.runtime.dgm$186.invoke(Unknown Source)
	at org.codehaus.groovy.runtime.callsite.PojoMetaMethodSite$PojoMetaMethodSiteNoUnwrapNoCoerce.invoke(PojoMetaMethodSite.java:244)
	at org.codehaus.groovy.runtime.callsite.PojoMetaMethodSite.call(PojoMetaMethodSite.java:53)
	at org.codehaus.groovy.runtime.callsite.CallSiteArray.defaultCall(CallSiteArray.java:47)
	at org.codehaus.groovy.runtime.callsite.AbstractCallSite.call(AbstractCallSite.java:115)
	at org.codehaus.groovy.runtime.callsite.AbstractCallSite.call(AbstractCallSite.java:127)
	at org.apache.nifi.security.util.crypto.Argon2CipherProviderGroovyTest.testGetCipherShouldRejectInvalidIV(Argon2CipherProviderGroovyTest.groovy:181)
	at sun.reflect.NativeMethodAccessorImpl.invoke0(Native Method)
	at sun.reflect.NativeMethodAccessorImpl.invoke(NativeMethodAccessorImpl.java:62)
	at sun.reflect.DelegatingMethodAccessorImpl.invoke(DelegatingMethodAccessorImpl.java:43)
	at java.lang.reflect.Method.invoke(Method.java:498)
	at org.junit.platform.commons.util.ReflectionUtils.invokeMethod(ReflectionUtils.java:688)
	at org.junit.jupiter.engine.execution.MethodInvocation.proceed(MethodInvocation.java:60)
	at org.junit.jupiter.engine.execution.InvocationInterceptorChain$ValidatingInvocation.proceed(InvocationInterceptorChain.java:131)
	at org.junit.jupiter.engine.extension.TimeoutExtension.intercept(TimeoutExtension.java:149)
	at org.junit.jupiter.engine.extension.TimeoutExtension.interceptTestableMethod(TimeoutExtension.java:140)
	at org.junit.jupiter.engine.extension.TimeoutExtension.interceptTestMethod(TimeoutExtension.java:84)
	at org.junit.jupiter.engine.execution.ExecutableInvoker$ReflectiveInterceptorCall.lambda$ofVoidMethod$0(ExecutableInvoker.java:115)
	at org.junit.jupiter.engine.execution.ExecutableInvoker.lambda$invoke$0(ExecutableInvoker.java:105)
	at org.junit.jupiter.engine.execution.InvocationInterceptorChain$InterceptedInvocation.proceed(InvocationInterceptorChain.java:106)
	at org.junit.jupiter.engine.execution.InvocationInterceptorChain.proceed(InvocationInterceptorChain.java:64)
	at org.junit.jupiter.engine.execution.InvocationInterceptorChain.chainAndInvoke(InvocationInterceptorChain.java:45)
	at org.junit.jupiter.engine.execution.InvocationInterceptorChain.invoke(InvocationInterceptorChain.java:37)
	at org.junit.jupiter.engine.execution.ExecutableInvoker.invoke(ExecutableInvoker.java:104)
	at org.junit.jupiter.engine.execution.ExecutableInvoker.invoke(ExecutableInvoker.java:98)
	at org.junit.jupiter.engine.descriptor.TestMethodTestDescriptor.lambda$invokeTestMethod$6(TestMethodTestDescriptor.java:210)
	at org.junit.platform.engine.support.hierarchical.ThrowableCollector.execute(ThrowableCollector.java:73)
	at org.junit.jupiter.engine.descriptor.TestMethodTestDescriptor.invokeTestMethod(TestMethodTestDescriptor.java:206)
	at org.junit.jupiter.engine.descriptor.TestMethodTestDescriptor.execute(TestMethodTestDescriptor.java:131)
	at org.junit.jupiter.engine.descriptor.TestMethodTestDescriptor.execute(TestMethodTestDescriptor.java:65)
	at org.junit.platform.engine.support.hierarchical.NodeTestTask.lambda$executeRecursively$5(NodeTestTask.java:139)
	at org.junit.platform.engine.support.hierarchical.ThrowableCollector.execute(ThrowableCollector.java:73)
	at org.junit.platform.engine.support.hierarchical.NodeTestTask.lambda$executeRecursively$7(NodeTestTask.java:129)
	at org.junit.platform.engine.support.hierarchical.Node.around(Node.java:137)
	at org.junit.platform.engine.support.hierarchical.NodeTestTask.lambda$executeRecursively$8(NodeTestTask.java:127)
	at org.junit.platform.engine.support.hierarchical.ThrowableCollector.execute(ThrowableCollector.java:73)
	at org.junit.platform.engine.support.hierarchical.NodeTestTask.executeRecursively(NodeTestTask.java:126)
	at org.junit.platform.engine.support.hierarchical.NodeTestTask.execute(NodeTestTask.java:84)
	at java.util.ArrayList.forEach(ArrayList.java:1259)
	at org.junit.platform.engine.support.hierarchical.SameThreadHierarchicalTestExecutorService.invokeAll(SameThreadHierarchicalTestExecutorService.java:38)
	at org.junit.platform.engine.support.hierarchical.NodeTestTask.lambda$executeRecursively$5(NodeTestTask.java:143)
	at org.junit.platform.engine.support.hierarchical.ThrowableCollector.execute(ThrowableCollector.java:73)
	at org.junit.platform.engine.support.hierarchical.NodeTestTask.lambda$executeRecursively$7(NodeTestTask.java:129)
	at org.junit.platform.engine.support.hierarchical.Node.around(Node.java:137)
	at org.junit.platform.engine.support.hierarchical.NodeTestTask.lambda$executeRecursively$8(NodeTestTask.java:127)
	at org.junit.platform.engine.support.hierarchical.ThrowableCollector.execute(ThrowableCollector.java:73)
	at org.junit.platform.engine.support.hierarchical.NodeTestTask.executeRecursively(NodeTestTask.java:126)
	at org.junit.platform.engine.support.hierarchical.NodeTestTask.execute(NodeTestTask.java:84)
	at java.util.ArrayList.forEach(ArrayList.java:1259)
	at org.junit.platform.engine.support.hierarchical.SameThreadHierarchicalTestExecutorService.invokeAll(SameThreadHierarchicalTestExecutorService.java:38)
	at org.junit.platform.engine.support.hierarchical.NodeTestTask.lambda$executeRecursively$5(NodeTestTask.java:143)
	at org.junit.platform.engine.support.hierarchical.ThrowableCollector.execute(ThrowableCollector.java:73)
	at org.junit.platform.engine.support.hierarchical.NodeTestTask.lambda$executeRecursively$7(NodeTestTask.java:129)
	at org.junit.platform.engine.support.hierarchical.Node.around(Node.java:137)
	at org.junit.platform.engine.support.hierarchical.NodeTestTask.lambda$executeRecursively$8(NodeTestTask.java:127)
	at org.junit.platform.engine.support.hierarchical.ThrowableCollector.execute(ThrowableCollector.java:73)
	at org.junit.platform.engine.support.hierarchical.NodeTestTask.executeRecursively(NodeTestTask.java:126)
	at org.junit.platform.engine.support.hierarchical.NodeTestTask.execute(NodeTestTask.java:84)
	at org.junit.platform.engine.support.hierarchical.SameThreadHierarchicalTestExecutorService.submit(SameThreadHierarchicalTestExecutorService.java:32)
	at org.junit.platform.engine.support.hierarchical.HierarchicalTestExecutor.execute(HierarchicalTestExecutor.java:57)
	at org.junit.platform.engine.support.hierarchical.HierarchicalTestEngine.execute(HierarchicalTestEngine.java:51)
	at org.junit.platform.launcher.core.EngineExecutionOrchestrator.execute(EngineExecutionOrchestrator.java:108)
	at org.junit.platform.launcher.core.EngineExecutionOrchestrator.execute(EngineExecutionOrchestrator.java:88)
	at org.junit.platform.launcher.core.EngineExecutionOrchestrator.lambda$execute$0(EngineExecutionOrchestrator.java:54)
	at org.junit.platform.launcher.core.EngineExecutionOrchestrator.withInterceptedStreams(EngineExecutionOrchestrator.java:67)
	at org.junit.platform.launcher.core.EngineExecutionOrchestrator.execute(EngineExecutionOrchestrator.java:52)
	at org.junit.platform.launcher.core.DefaultLauncher.execute(DefaultLauncher.java:96)
	at org.junit.platform.launcher.core.DefaultLauncher.execute(DefaultLauncher.java:75)
	at org.apache.maven.surefire.junitplatform.JUnitPlatformProvider.execute(JUnitPlatformProvider.java:188)
	at org.apache.maven.surefire.junitplatform.JUnitPlatformProvider.invokeAllTests(JUnitPlatformProvider.java:154)
	at org.apache.maven.surefire.junitplatform.JUnitPlatformProvider.invoke(JUnitPlatformProvider.java:128)
	at org.apache.maven.surefire.booter.ForkedBooter.runSuitesInProcess(ForkedBooter.java:428)
	at org.apache.maven.surefire.booter.ForkedBooter.execute(ForkedBooter.java:162)
	at org.apache.maven.surefire.booter.ForkedBooter.run(ForkedBooter.java:562)
	at org.apache.maven.surefire.booter.ForkedBooter.main(ForkedBooter.java:548)
[main] INFO org.apache.nifi.security.util.crypto.Argon2CipherProviderGroovyTest - IV: 000000 3
[main] WARN org.apache.nifi.security.util.crypto.Argon2SecureHasher - The provided memory size 1024 KiB is below the recommended minimum 65536 KiB.
[main] WARN org.apache.nifi.security.util.crypto.Argon2SecureHasher - The provided parallelization factor 1 is below the recommended minimum 8.
[main] WARN org.apache.nifi.security.util.crypto.Argon2SecureHasher - The provided iteration count 3 is below the recommended minimum 5.
[main] WARN org.apache.nifi.security.util.crypto.AESKeyedCipherProvider - An IV was provided of length 3 bytes for encryption but should be 16 bytes
[main] WARN org.apache.nifi.security.util.crypto.AESKeyedCipherProvider - Generating new IV. The value can be obtained in the calling code by invoking 'cipher.getIV()';
[main] WARN org.apache.nifi.security.util.crypto.Argon2SecureHasher - The provided memory size 1024 KiB is below the recommended minimum 65536 KiB.
[main] WARN org.apache.nifi.security.util.crypto.Argon2SecureHasher - The provided parallelization factor 1 is below the recommended minimum 8.
[main] WARN org.apache.nifi.security.util.crypto.Argon2SecureHasher - The provided iteration count 3 is below the recommended minimum 5.
[main] WARN org.apache.nifi.security.util.crypto.AESKeyedCipherProvider - An IV was provided of length 3 bytes for decryption but should be 16 bytes
[main] ERROR org.apache.nifi.security.util.crypto.Argon2CipherProvider - Encountered an error generating the Argon2 hash
java.lang.IllegalArgumentException: Cannot decrypt without a valid IV
	at org.apache.nifi.security.util.crypto.AESKeyedCipherProvider.getInitializedCipher(AESKeyedCipherProvider.java:128)
	at org.apache.nifi.security.util.crypto.AESKeyedCipherProvider.getCipher(AESKeyedCipherProvider.java:60)
	at org.apache.nifi.security.util.crypto.Argon2CipherProvider.getInitializedCipher(Argon2CipherProvider.java:177)
	at org.apache.nifi.security.util.crypto.Argon2CipherProvider.getCipher(Argon2CipherProvider.java:103)
	at org.apache.nifi.security.util.crypto.Argon2CipherProvider$getCipher$0.call(Unknown Source)
	at org.apache.nifi.security.util.crypto.Argon2CipherProviderGroovyTest$_testGetCipherShouldRejectInvalidIV_closure5$_closure13.doCall(Argon2CipherProviderGroovyTest.groovy:189)
	at org.apache.nifi.security.util.crypto.Argon2CipherProviderGroovyTest$_testGetCipherShouldRejectInvalidIV_closure5$_closure13.doCall(Argon2CipherProviderGroovyTest.groovy)
	at sun.reflect.NativeMethodAccessorImpl.invoke0(Native Method)
	at sun.reflect.NativeMethodAccessorImpl.invoke(NativeMethodAccessorImpl.java:62)
	at sun.reflect.DelegatingMethodAccessorImpl.invoke(DelegatingMethodAccessorImpl.java:43)
	at java.lang.reflect.Method.invoke(Method.java:498)
	at org.codehaus.groovy.reflection.CachedMethod.invoke(CachedMethod.java:101)
	at groovy.lang.MetaMethod.doMethodInvoke(MetaMethod.java:323)
	at org.codehaus.groovy.runtime.metaclass.ClosureMetaClass.invokeMethod(ClosureMetaClass.java:263)
	at groovy.lang.MetaClassImpl.invokeMethod(MetaClassImpl.java:1041)
	at groovy.lang.Closure.call(Closure.java:405)
	at groovy.lang.Closure.call(Closure.java:399)
	at groovy.test.GroovyAssert.shouldFail(GroovyAssert.java:118)
	at groovy.test.GroovyAssert$shouldFail.callStatic(Unknown Source)
	at org.apache.nifi.security.util.crypto.Argon2CipherProviderGroovyTest$_testGetCipherShouldRejectInvalidIV_closure5.doCall(Argon2CipherProviderGroovyTest.groovy:188)
	at sun.reflect.NativeMethodAccessorImpl.invoke0(Native Method)
	at sun.reflect.NativeMethodAccessorImpl.invoke(NativeMethodAccessorImpl.java:62)
	at sun.reflect.DelegatingMethodAccessorImpl.invoke(DelegatingMethodAccessorImpl.java:43)
	at java.lang.reflect.Method.invoke(Method.java:498)
	at org.codehaus.groovy.reflection.CachedMethod.invoke(CachedMethod.java:101)
	at groovy.lang.MetaMethod.doMethodInvoke(MetaMethod.java:323)
	at org.codehaus.groovy.runtime.metaclass.ClosureMetaClass.invokeMethod(ClosureMetaClass.java:263)
	at groovy.lang.MetaClassImpl.invokeMethod(MetaClassImpl.java:1041)
	at groovy.lang.Closure.call(Closure.java:405)
	at groovy.lang.Closure.call(Closure.java:421)
	at org.codehaus.groovy.runtime.DefaultGroovyMethods.each(DefaultGroovyMethods.java:2330)
	at org.codehaus.groovy.runtime.DefaultGroovyMethods.each(DefaultGroovyMethods.java:2315)
	at org.codehaus.groovy.runtime.DefaultGroovyMethods.each(DefaultGroovyMethods.java:2356)
	at org.codehaus.groovy.runtime.dgm$186.invoke(Unknown Source)
	at org.codehaus.groovy.runtime.callsite.PojoMetaMethodSite$PojoMetaMethodSiteNoUnwrapNoCoerce.invoke(PojoMetaMethodSite.java:244)
	at org.codehaus.groovy.runtime.callsite.PojoMetaMethodSite.call(PojoMetaMethodSite.java:53)
	at org.codehaus.groovy.runtime.callsite.CallSiteArray.defaultCall(CallSiteArray.java:47)
	at org.codehaus.groovy.runtime.callsite.AbstractCallSite.call(AbstractCallSite.java:115)
	at org.codehaus.groovy.runtime.callsite.AbstractCallSite.call(AbstractCallSite.java:127)
	at org.apache.nifi.security.util.crypto.Argon2CipherProviderGroovyTest.testGetCipherShouldRejectInvalidIV(Argon2CipherProviderGroovyTest.groovy:181)
	at sun.reflect.NativeMethodAccessorImpl.invoke0(Native Method)
	at sun.reflect.NativeMethodAccessorImpl.invoke(NativeMethodAccessorImpl.java:62)
	at sun.reflect.DelegatingMethodAccessorImpl.invoke(DelegatingMethodAccessorImpl.java:43)
	at java.lang.reflect.Method.invoke(Method.java:498)
	at org.junit.platform.commons.util.ReflectionUtils.invokeMethod(ReflectionUtils.java:688)
	at org.junit.jupiter.engine.execution.MethodInvocation.proceed(MethodInvocation.java:60)
	at org.junit.jupiter.engine.execution.InvocationInterceptorChain$ValidatingInvocation.proceed(InvocationInterceptorChain.java:131)
	at org.junit.jupiter.engine.extension.TimeoutExtension.intercept(TimeoutExtension.java:149)
	at org.junit.jupiter.engine.extension.TimeoutExtension.interceptTestableMethod(TimeoutExtension.java:140)
	at org.junit.jupiter.engine.extension.TimeoutExtension.interceptTestMethod(TimeoutExtension.java:84)
	at org.junit.jupiter.engine.execution.ExecutableInvoker$ReflectiveInterceptorCall.lambda$ofVoidMethod$0(ExecutableInvoker.java:115)
	at org.junit.jupiter.engine.execution.ExecutableInvoker.lambda$invoke$0(ExecutableInvoker.java:105)
	at org.junit.jupiter.engine.execution.InvocationInterceptorChain$InterceptedInvocation.proceed(InvocationInterceptorChain.java:106)
	at org.junit.jupiter.engine.execution.InvocationInterceptorChain.proceed(InvocationInterceptorChain.java:64)
	at org.junit.jupiter.engine.execution.InvocationInterceptorChain.chainAndInvoke(InvocationInterceptorChain.java:45)
	at org.junit.jupiter.engine.execution.InvocationInterceptorChain.invoke(InvocationInterceptorChain.java:37)
	at org.junit.jupiter.engine.execution.ExecutableInvoker.invoke(ExecutableInvoker.java:104)
	at org.junit.jupiter.engine.execution.ExecutableInvoker.invoke(ExecutableInvoker.java:98)
	at org.junit.jupiter.engine.descriptor.TestMethodTestDescriptor.lambda$invokeTestMethod$6(TestMethodTestDescriptor.java:210)
	at org.junit.platform.engine.support.hierarchical.ThrowableCollector.execute(ThrowableCollector.java:73)
	at org.junit.jupiter.engine.descriptor.TestMethodTestDescriptor.invokeTestMethod(TestMethodTestDescriptor.java:206)
	at org.junit.jupiter.engine.descriptor.TestMethodTestDescriptor.execute(TestMethodTestDescriptor.java:131)
	at org.junit.jupiter.engine.descriptor.TestMethodTestDescriptor.execute(TestMethodTestDescriptor.java:65)
	at org.junit.platform.engine.support.hierarchical.NodeTestTask.lambda$executeRecursively$5(NodeTestTask.java:139)
	at org.junit.platform.engine.support.hierarchical.ThrowableCollector.execute(ThrowableCollector.java:73)
	at org.junit.platform.engine.support.hierarchical.NodeTestTask.lambda$executeRecursively$7(NodeTestTask.java:129)
	at org.junit.platform.engine.support.hierarchical.Node.around(Node.java:137)
	at org.junit.platform.engine.support.hierarchical.NodeTestTask.lambda$executeRecursively$8(NodeTestTask.java:127)
	at org.junit.platform.engine.support.hierarchical.ThrowableCollector.execute(ThrowableCollector.java:73)
	at org.junit.platform.engine.support.hierarchical.NodeTestTask.executeRecursively(NodeTestTask.java:126)
	at org.junit.platform.engine.support.hierarchical.NodeTestTask.execute(NodeTestTask.java:84)
	at java.util.ArrayList.forEach(ArrayList.java:1259)
	at org.junit.platform.engine.support.hierarchical.SameThreadHierarchicalTestExecutorService.invokeAll(SameThreadHierarchicalTestExecutorService.java:38)
	at org.junit.platform.engine.support.hierarchical.NodeTestTask.lambda$executeRecursively$5(NodeTestTask.java:143)
	at org.junit.platform.engine.support.hierarchical.ThrowableCollector.execute(ThrowableCollector.java:73)
	at org.junit.platform.engine.support.hierarchical.NodeTestTask.lambda$executeRecursively$7(NodeTestTask.java:129)
	at org.junit.platform.engine.support.hierarchical.Node.around(Node.java:137)
	at org.junit.platform.engine.support.hierarchical.NodeTestTask.lambda$executeRecursively$8(NodeTestTask.java:127)
	at org.junit.platform.engine.support.hierarchical.ThrowableCollector.execute(ThrowableCollector.java:73)
	at org.junit.platform.engine.support.hierarchical.NodeTestTask.executeRecursively(NodeTestTask.java:126)
	at org.junit.platform.engine.support.hierarchical.NodeTestTask.execute(NodeTestTask.java:84)
	at java.util.ArrayList.forEach(ArrayList.java:1259)
	at org.junit.platform.engine.support.hierarchical.SameThreadHierarchicalTestExecutorService.invokeAll(SameThreadHierarchicalTestExecutorService.java:38)
	at org.junit.platform.engine.support.hierarchical.NodeTestTask.lambda$executeRecursively$5(NodeTestTask.java:143)
	at org.junit.platform.engine.support.hierarchical.ThrowableCollector.execute(ThrowableCollector.java:73)
	at org.junit.platform.engine.support.hierarchical.NodeTestTask.lambda$executeRecursively$7(NodeTestTask.java:129)
	at org.junit.platform.engine.support.hierarchical.Node.around(Node.java:137)
	at org.junit.platform.engine.support.hierarchical.NodeTestTask.lambda$executeRecursively$8(NodeTestTask.java:127)
	at org.junit.platform.engine.support.hierarchical.ThrowableCollector.execute(ThrowableCollector.java:73)
	at org.junit.platform.engine.support.hierarchical.NodeTestTask.executeRecursively(NodeTestTask.java:126)
	at org.junit.platform.engine.support.hierarchical.NodeTestTask.execute(NodeTestTask.java:84)
	at org.junit.platform.engine.support.hierarchical.SameThreadHierarchicalTestExecutorService.submit(SameThreadHierarchicalTestExecutorService.java:32)
	at org.junit.platform.engine.support.hierarchical.HierarchicalTestExecutor.execute(HierarchicalTestExecutor.java:57)
	at org.junit.platform.engine.support.hierarchical.HierarchicalTestEngine.execute(HierarchicalTestEngine.java:51)
	at org.junit.platform.launcher.core.EngineExecutionOrchestrator.execute(EngineExecutionOrchestrator.java:108)
	at org.junit.platform.launcher.core.EngineExecutionOrchestrator.execute(EngineExecutionOrchestrator.java:88)
	at org.junit.platform.launcher.core.EngineExecutionOrchestrator.lambda$execute$0(EngineExecutionOrchestrator.java:54)
	at org.junit.platform.launcher.core.EngineExecutionOrchestrator.withInterceptedStreams(EngineExecutionOrchestrator.java:67)
	at org.junit.platform.launcher.core.EngineExecutionOrchestrator.execute(EngineExecutionOrchestrator.java:52)
	at org.junit.platform.launcher.core.DefaultLauncher.execute(DefaultLauncher.java:96)
	at org.junit.platform.launcher.core.DefaultLauncher.execute(DefaultLauncher.java:75)
	at org.apache.maven.surefire.junitplatform.JUnitPlatformProvider.execute(JUnitPlatformProvider.java:188)
	at org.apache.maven.surefire.junitplatform.JUnitPlatformProvider.invokeAllTests(JUnitPlatformProvider.java:154)
	at org.apache.maven.surefire.junitplatform.JUnitPlatformProvider.invoke(JUnitPlatformProvider.java:128)
	at org.apache.maven.surefire.booter.ForkedBooter.runSuitesInProcess(ForkedBooter.java:428)
	at org.apache.maven.surefire.booter.ForkedBooter.execute(ForkedBooter.java:162)
	at org.apache.maven.surefire.booter.ForkedBooter.run(ForkedBooter.java:562)
	at org.apache.maven.surefire.booter.ForkedBooter.main(ForkedBooter.java:548)
[main] INFO org.apache.nifi.security.util.crypto.Argon2CipherProviderGroovyTest - IV: 00000000 4
[main] WARN org.apache.nifi.security.util.crypto.Argon2SecureHasher - The provided memory size 1024 KiB is below the recommended minimum 65536 KiB.
[main] WARN org.apache.nifi.security.util.crypto.Argon2SecureHasher - The provided parallelization factor 1 is below the recommended minimum 8.
[main] WARN org.apache.nifi.security.util.crypto.Argon2SecureHasher - The provided iteration count 3 is below the recommended minimum 5.
[main] WARN org.apache.nifi.security.util.crypto.AESKeyedCipherProvider - An IV was provided of length 4 bytes for encryption but should be 16 bytes
[main] WARN org.apache.nifi.security.util.crypto.AESKeyedCipherProvider - Generating new IV. The value can be obtained in the calling code by invoking 'cipher.getIV()';
[main] WARN org.apache.nifi.security.util.crypto.Argon2SecureHasher - The provided memory size 1024 KiB is below the recommended minimum 65536 KiB.
[main] WARN org.apache.nifi.security.util.crypto.Argon2SecureHasher - The provided parallelization factor 1 is below the recommended minimum 8.
[main] WARN org.apache.nifi.security.util.crypto.Argon2SecureHasher - The provided iteration count 3 is below the recommended minimum 5.
[main] WARN org.apache.nifi.security.util.crypto.AESKeyedCipherProvider - An IV was provided of length 4 bytes for decryption but should be 16 bytes
[main] ERROR org.apache.nifi.security.util.crypto.Argon2CipherProvider - Encountered an error generating the Argon2 hash
java.lang.IllegalArgumentException: Cannot decrypt without a valid IV
	at org.apache.nifi.security.util.crypto.AESKeyedCipherProvider.getInitializedCipher(AESKeyedCipherProvider.java:128)
	at org.apache.nifi.security.util.crypto.AESKeyedCipherProvider.getCipher(AESKeyedCipherProvider.java:60)
	at org.apache.nifi.security.util.crypto.Argon2CipherProvider.getInitializedCipher(Argon2CipherProvider.java:177)
	at org.apache.nifi.security.util.crypto.Argon2CipherProvider.getCipher(Argon2CipherProvider.java:103)
	at org.apache.nifi.security.util.crypto.Argon2CipherProvider$getCipher$0.call(Unknown Source)
	at org.apache.nifi.security.util.crypto.Argon2CipherProviderGroovyTest$_testGetCipherShouldRejectInvalidIV_closure5$_closure13.doCall(Argon2CipherProviderGroovyTest.groovy:189)
	at org.apache.nifi.security.util.crypto.Argon2CipherProviderGroovyTest$_testGetCipherShouldRejectInvalidIV_closure5$_closure13.doCall(Argon2CipherProviderGroovyTest.groovy)
	at sun.reflect.NativeMethodAccessorImpl.invoke0(Native Method)
	at sun.reflect.NativeMethodAccessorImpl.invoke(NativeMethodAccessorImpl.java:62)
	at sun.reflect.DelegatingMethodAccessorImpl.invoke(DelegatingMethodAccessorImpl.java:43)
	at java.lang.reflect.Method.invoke(Method.java:498)
	at org.codehaus.groovy.reflection.CachedMethod.invoke(CachedMethod.java:101)
	at groovy.lang.MetaMethod.doMethodInvoke(MetaMethod.java:323)
	at org.codehaus.groovy.runtime.metaclass.ClosureMetaClass.invokeMethod(ClosureMetaClass.java:263)
	at groovy.lang.MetaClassImpl.invokeMethod(MetaClassImpl.java:1041)
	at groovy.lang.Closure.call(Closure.java:405)
	at groovy.lang.Closure.call(Closure.java:399)
	at groovy.test.GroovyAssert.shouldFail(GroovyAssert.java:118)
	at groovy.test.GroovyAssert$shouldFail.callStatic(Unknown Source)
	at org.apache.nifi.security.util.crypto.Argon2CipherProviderGroovyTest$_testGetCipherShouldRejectInvalidIV_closure5.doCall(Argon2CipherProviderGroovyTest.groovy:188)
	at sun.reflect.NativeMethodAccessorImpl.invoke0(Native Method)
	at sun.reflect.NativeMethodAccessorImpl.invoke(NativeMethodAccessorImpl.java:62)
	at sun.reflect.DelegatingMethodAccessorImpl.invoke(DelegatingMethodAccessorImpl.java:43)
	at java.lang.reflect.Method.invoke(Method.java:498)
	at org.codehaus.groovy.reflection.CachedMethod.invoke(CachedMethod.java:101)
	at groovy.lang.MetaMethod.doMethodInvoke(MetaMethod.java:323)
	at org.codehaus.groovy.runtime.metaclass.ClosureMetaClass.invokeMethod(ClosureMetaClass.java:263)
	at groovy.lang.MetaClassImpl.invokeMethod(MetaClassImpl.java:1041)
	at groovy.lang.Closure.call(Closure.java:405)
	at groovy.lang.Closure.call(Closure.java:421)
	at org.codehaus.groovy.runtime.DefaultGroovyMethods.each(DefaultGroovyMethods.java:2330)
	at org.codehaus.groovy.runtime.DefaultGroovyMethods.each(DefaultGroovyMethods.java:2315)
	at org.codehaus.groovy.runtime.DefaultGroovyMethods.each(DefaultGroovyMethods.java:2356)
	at org.codehaus.groovy.runtime.dgm$186.invoke(Unknown Source)
	at org.codehaus.groovy.runtime.callsite.PojoMetaMethodSite$PojoMetaMethodSiteNoUnwrapNoCoerce.invoke(PojoMetaMethodSite.java:244)
	at org.codehaus.groovy.runtime.callsite.PojoMetaMethodSite.call(PojoMetaMethodSite.java:53)
	at org.codehaus.groovy.runtime.callsite.CallSiteArray.defaultCall(CallSiteArray.java:47)
	at org.codehaus.groovy.runtime.callsite.AbstractCallSite.call(AbstractCallSite.java:115)
	at org.codehaus.groovy.runtime.callsite.AbstractCallSite.call(AbstractCallSite.java:127)
	at org.apache.nifi.security.util.crypto.Argon2CipherProviderGroovyTest.testGetCipherShouldRejectInvalidIV(Argon2CipherProviderGroovyTest.groovy:181)
	at sun.reflect.NativeMethodAccessorImpl.invoke0(Native Method)
	at sun.reflect.NativeMethodAccessorImpl.invoke(NativeMethodAccessorImpl.java:62)
	at sun.reflect.DelegatingMethodAccessorImpl.invoke(DelegatingMethodAccessorImpl.java:43)
	at java.lang.reflect.Method.invoke(Method.java:498)
	at org.junit.platform.commons.util.ReflectionUtils.invokeMethod(ReflectionUtils.java:688)
	at org.junit.jupiter.engine.execution.MethodInvocation.proceed(MethodInvocation.java:60)
	at org.junit.jupiter.engine.execution.InvocationInterceptorChain$ValidatingInvocation.proceed(InvocationInterceptorChain.java:131)
	at org.junit.jupiter.engine.extension.TimeoutExtension.intercept(TimeoutExtension.java:149)
	at org.junit.jupiter.engine.extension.TimeoutExtension.interceptTestableMethod(TimeoutExtension.java:140)
	at org.junit.jupiter.engine.extension.TimeoutExtension.interceptTestMethod(TimeoutExtension.java:84)
	at org.junit.jupiter.engine.execution.ExecutableInvoker$ReflectiveInterceptorCall.lambda$ofVoidMethod$0(ExecutableInvoker.java:115)
	at org.junit.jupiter.engine.execution.ExecutableInvoker.lambda$invoke$0(ExecutableInvoker.java:105)
	at org.junit.jupiter.engine.execution.InvocationInterceptorChain$InterceptedInvocation.proceed(InvocationInterceptorChain.java:106)
	at org.junit.jupiter.engine.execution.InvocationInterceptorChain.proceed(InvocationInterceptorChain.java:64)
	at org.junit.jupiter.engine.execution.InvocationInterceptorChain.chainAndInvoke(InvocationInterceptorChain.java:45)
	at org.junit.jupiter.engine.execution.InvocationInterceptorChain.invoke(InvocationInterceptorChain.java:37)
	at org.junit.jupiter.engine.execution.ExecutableInvoker.invoke(ExecutableInvoker.java:104)
	at org.junit.jupiter.engine.execution.ExecutableInvoker.invoke(ExecutableInvoker.java:98)
	at org.junit.jupiter.engine.descriptor.TestMethodTestDescriptor.lambda$invokeTestMethod$6(TestMethodTestDescriptor.java:210)
	at org.junit.platform.engine.support.hierarchical.ThrowableCollector.execute(ThrowableCollector.java:73)
	at org.junit.jupiter.engine.descriptor.TestMethodTestDescriptor.invokeTestMethod(TestMethodTestDescriptor.java:206)
	at org.junit.jupiter.engine.descriptor.TestMethodTestDescriptor.execute(TestMethodTestDescriptor.java:131)
	at org.junit.jupiter.engine.descriptor.TestMethodTestDescriptor.execute(TestMethodTestDescriptor.java:65)
	at org.junit.platform.engine.support.hierarchical.NodeTestTask.lambda$executeRecursively$5(NodeTestTask.java:139)
	at org.junit.platform.engine.support.hierarchical.ThrowableCollector.execute(ThrowableCollector.java:73)
	at org.junit.platform.engine.support.hierarchical.NodeTestTask.lambda$executeRecursively$7(NodeTestTask.java:129)
	at org.junit.platform.engine.support.hierarchical.Node.around(Node.java:137)
	at org.junit.platform.engine.support.hierarchical.NodeTestTask.lambda$executeRecursively$8(NodeTestTask.java:127)
	at org.junit.platform.engine.support.hierarchical.ThrowableCollector.execute(ThrowableCollector.java:73)
	at org.junit.platform.engine.support.hierarchical.NodeTestTask.executeRecursively(NodeTestTask.java:126)
	at org.junit.platform.engine.support.hierarchical.NodeTestTask.execute(NodeTestTask.java:84)
	at java.util.ArrayList.forEach(ArrayList.java:1259)
	at org.junit.platform.engine.support.hierarchical.SameThreadHierarchicalTestExecutorService.invokeAll(SameThreadHierarchicalTestExecutorService.java:38)
	at org.junit.platform.engine.support.hierarchical.NodeTestTask.lambda$executeRecursively$5(NodeTestTask.java:143)
	at org.junit.platform.engine.support.hierarchical.ThrowableCollector.execute(ThrowableCollector.java:73)
	at org.junit.platform.engine.support.hierarchical.NodeTestTask.lambda$executeRecursively$7(NodeTestTask.java:129)
	at org.junit.platform.engine.support.hierarchical.Node.around(Node.java:137)
	at org.junit.platform.engine.support.hierarchical.NodeTestTask.lambda$executeRecursively$8(NodeTestTask.java:127)
	at org.junit.platform.engine.support.hierarchical.ThrowableCollector.execute(ThrowableCollector.java:73)
	at org.junit.platform.engine.support.hierarchical.NodeTestTask.executeRecursively(NodeTestTask.java:126)
	at org.junit.platform.engine.support.hierarchical.NodeTestTask.execute(NodeTestTask.java:84)
	at java.util.ArrayList.forEach(ArrayList.java:1259)
	at org.junit.platform.engine.support.hierarchical.SameThreadHierarchicalTestExecutorService.invokeAll(SameThreadHierarchicalTestExecutorService.java:38)
	at org.junit.platform.engine.support.hierarchical.NodeTestTask.lambda$executeRecursively$5(NodeTestTask.java:143)
	at org.junit.platform.engine.support.hierarchical.ThrowableCollector.execute(ThrowableCollector.java:73)
	at org.junit.platform.engine.support.hierarchical.NodeTestTask.lambda$executeRecursively$7(NodeTestTask.java:129)
	at org.junit.platform.engine.support.hierarchical.Node.around(Node.java:137)
	at org.junit.platform.engine.support.hierarchical.NodeTestTask.lambda$executeRecursively$8(NodeTestTask.java:127)
	at org.junit.platform.engine.support.hierarchical.ThrowableCollector.execute(ThrowableCollector.java:73)
	at org.junit.platform.engine.support.hierarchical.NodeTestTask.executeRecursively(NodeTestTask.java:126)
	at org.junit.platform.engine.support.hierarchical.NodeTestTask.execute(NodeTestTask.java:84)
	at org.junit.platform.engine.support.hierarchical.SameThreadHierarchicalTestExecutorService.submit(SameThreadHierarchicalTestExecutorService.java:32)
	at org.junit.platform.engine.support.hierarchical.HierarchicalTestExecutor.execute(HierarchicalTestExecutor.java:57)
	at org.junit.platform.engine.support.hierarchical.HierarchicalTestEngine.execute(HierarchicalTestEngine.java:51)
	at org.junit.platform.launcher.core.EngineExecutionOrchestrator.execute(EngineExecutionOrchestrator.java:108)
	at org.junit.platform.launcher.core.EngineExecutionOrchestrator.execute(EngineExecutionOrchestrator.java:88)
	at org.junit.platform.launcher.core.EngineExecutionOrchestrator.lambda$execute$0(EngineExecutionOrchestrator.java:54)
	at org.junit.platform.launcher.core.EngineExecutionOrchestrator.withInterceptedStreams(EngineExecutionOrchestrator.java:67)
	at org.junit.platform.launcher.core.EngineExecutionOrchestrator.execute(EngineExecutionOrchestrator.java:52)
	at org.junit.platform.launcher.core.DefaultLauncher.execute(DefaultLauncher.java:96)
	at org.junit.platform.launcher.core.DefaultLauncher.execute(DefaultLauncher.java:75)
	at org.apache.maven.surefire.junitplatform.JUnitPlatformProvider.execute(JUnitPlatformProvider.java:188)
	at org.apache.maven.surefire.junitplatform.JUnitPlatformProvider.invokeAllTests(JUnitPlatformProvider.java:154)
	at org.apache.maven.surefire.junitplatform.JUnitPlatformProvider.invoke(JUnitPlatformProvider.java:128)
	at org.apache.maven.surefire.booter.ForkedBooter.runSuitesInProcess(ForkedBooter.java:428)
	at org.apache.maven.surefire.booter.ForkedBooter.execute(ForkedBooter.java:162)
	at org.apache.maven.surefire.booter.ForkedBooter.run(ForkedBooter.java:562)
	at org.apache.maven.surefire.booter.ForkedBooter.main(ForkedBooter.java:548)
[main] INFO org.apache.nifi.security.util.crypto.Argon2CipherProviderGroovyTest - IV: 0000000000 5
[main] WARN org.apache.nifi.security.util.crypto.Argon2SecureHasher - The provided memory size 1024 KiB is below the recommended minimum 65536 KiB.
[main] WARN org.apache.nifi.security.util.crypto.Argon2SecureHasher - The provided parallelization factor 1 is below the recommended minimum 8.
[main] WARN org.apache.nifi.security.util.crypto.Argon2SecureHasher - The provided iteration count 3 is below the recommended minimum 5.
[main] WARN org.apache.nifi.security.util.crypto.AESKeyedCipherProvider - An IV was provided of length 5 bytes for encryption but should be 16 bytes
[main] WARN org.apache.nifi.security.util.crypto.AESKeyedCipherProvider - Generating new IV. The value can be obtained in the calling code by invoking 'cipher.getIV()';
[main] WARN org.apache.nifi.security.util.crypto.Argon2SecureHasher - The provided memory size 1024 KiB is below the recommended minimum 65536 KiB.
[main] WARN org.apache.nifi.security.util.crypto.Argon2SecureHasher - The provided parallelization factor 1 is below the recommended minimum 8.
[main] WARN org.apache.nifi.security.util.crypto.Argon2SecureHasher - The provided iteration count 3 is below the recommended minimum 5.
[main] WARN org.apache.nifi.security.util.crypto.AESKeyedCipherProvider - An IV was provided of length 5 bytes for decryption but should be 16 bytes
[main] ERROR org.apache.nifi.security.util.crypto.Argon2CipherProvider - Encountered an error generating the Argon2 hash
java.lang.IllegalArgumentException: Cannot decrypt without a valid IV
	at org.apache.nifi.security.util.crypto.AESKeyedCipherProvider.getInitializedCipher(AESKeyedCipherProvider.java:128)
	at org.apache.nifi.security.util.crypto.AESKeyedCipherProvider.getCipher(AESKeyedCipherProvider.java:60)
	at org.apache.nifi.security.util.crypto.Argon2CipherProvider.getInitializedCipher(Argon2CipherProvider.java:177)
	at org.apache.nifi.security.util.crypto.Argon2CipherProvider.getCipher(Argon2CipherProvider.java:103)
	at org.apache.nifi.security.util.crypto.Argon2CipherProvider$getCipher$0.call(Unknown Source)
	at org.apache.nifi.security.util.crypto.Argon2CipherProviderGroovyTest$_testGetCipherShouldRejectInvalidIV_closure5$_closure13.doCall(Argon2CipherProviderGroovyTest.groovy:189)
	at org.apache.nifi.security.util.crypto.Argon2CipherProviderGroovyTest$_testGetCipherShouldRejectInvalidIV_closure5$_closure13.doCall(Argon2CipherProviderGroovyTest.groovy)
	at sun.reflect.NativeMethodAccessorImpl.invoke0(Native Method)
	at sun.reflect.NativeMethodAccessorImpl.invoke(NativeMethodAccessorImpl.java:62)
	at sun.reflect.DelegatingMethodAccessorImpl.invoke(DelegatingMethodAccessorImpl.java:43)
	at java.lang.reflect.Method.invoke(Method.java:498)
	at org.codehaus.groovy.reflection.CachedMethod.invoke(CachedMethod.java:101)
	at groovy.lang.MetaMethod.doMethodInvoke(MetaMethod.java:323)
	at org.codehaus.groovy.runtime.metaclass.ClosureMetaClass.invokeMethod(ClosureMetaClass.java:263)
	at groovy.lang.MetaClassImpl.invokeMethod(MetaClassImpl.java:1041)
	at groovy.lang.Closure.call(Closure.java:405)
	at groovy.lang.Closure.call(Closure.java:399)
	at groovy.test.GroovyAssert.shouldFail(GroovyAssert.java:118)
	at groovy.test.GroovyAssert$shouldFail.callStatic(Unknown Source)
	at org.apache.nifi.security.util.crypto.Argon2CipherProviderGroovyTest$_testGetCipherShouldRejectInvalidIV_closure5.doCall(Argon2CipherProviderGroovyTest.groovy:188)
	at sun.reflect.NativeMethodAccessorImpl.invoke0(Native Method)
	at sun.reflect.NativeMethodAccessorImpl.invoke(NativeMethodAccessorImpl.java:62)
	at sun.reflect.DelegatingMethodAccessorImpl.invoke(DelegatingMethodAccessorImpl.java:43)
	at java.lang.reflect.Method.invoke(Method.java:498)
	at org.codehaus.groovy.reflection.CachedMethod.invoke(CachedMethod.java:101)
	at groovy.lang.MetaMethod.doMethodInvoke(MetaMethod.java:323)
	at org.codehaus.groovy.runtime.metaclass.ClosureMetaClass.invokeMethod(ClosureMetaClass.java:263)
	at groovy.lang.MetaClassImpl.invokeMethod(MetaClassImpl.java:1041)
	at groovy.lang.Closure.call(Closure.java:405)
	at groovy.lang.Closure.call(Closure.java:421)
	at org.codehaus.groovy.runtime.DefaultGroovyMethods.each(DefaultGroovyMethods.java:2330)
	at org.codehaus.groovy.runtime.DefaultGroovyMethods.each(DefaultGroovyMethods.java:2315)
	at org.codehaus.groovy.runtime.DefaultGroovyMethods.each(DefaultGroovyMethods.java:2356)
	at org.codehaus.groovy.runtime.dgm$186.invoke(Unknown Source)
	at org.codehaus.groovy.runtime.callsite.PojoMetaMethodSite$PojoMetaMethodSiteNoUnwrapNoCoerce.invoke(PojoMetaMethodSite.java:244)
	at org.codehaus.groovy.runtime.callsite.PojoMetaMethodSite.call(PojoMetaMethodSite.java:53)
	at org.codehaus.groovy.runtime.callsite.CallSiteArray.defaultCall(CallSiteArray.java:47)
	at org.codehaus.groovy.runtime.callsite.AbstractCallSite.call(AbstractCallSite.java:115)
	at org.codehaus.groovy.runtime.callsite.AbstractCallSite.call(AbstractCallSite.java:127)
	at org.apache.nifi.security.util.crypto.Argon2CipherProviderGroovyTest.testGetCipherShouldRejectInvalidIV(Argon2CipherProviderGroovyTest.groovy:181)
	at sun.reflect.NativeMethodAccessorImpl.invoke0(Native Method)
	at sun.reflect.NativeMethodAccessorImpl.invoke(NativeMethodAccessorImpl.java:62)
	at sun.reflect.DelegatingMethodAccessorImpl.invoke(DelegatingMethodAccessorImpl.java:43)
	at java.lang.reflect.Method.invoke(Method.java:498)
	at org.junit.platform.commons.util.ReflectionUtils.invokeMethod(ReflectionUtils.java:688)
	at org.junit.jupiter.engine.execution.MethodInvocation.proceed(MethodInvocation.java:60)
	at org.junit.jupiter.engine.execution.InvocationInterceptorChain$ValidatingInvocation.proceed(InvocationInterceptorChain.java:131)
	at org.junit.jupiter.engine.extension.TimeoutExtension.intercept(TimeoutExtension.java:149)
	at org.junit.jupiter.engine.extension.TimeoutExtension.interceptTestableMethod(TimeoutExtension.java:140)
	at org.junit.jupiter.engine.extension.TimeoutExtension.interceptTestMethod(TimeoutExtension.java:84)
	at org.junit.jupiter.engine.execution.ExecutableInvoker$ReflectiveInterceptorCall.lambda$ofVoidMethod$0(ExecutableInvoker.java:115)
	at org.junit.jupiter.engine.execution.ExecutableInvoker.lambda$invoke$0(ExecutableInvoker.java:105)
	at org.junit.jupiter.engine.execution.InvocationInterceptorChain$InterceptedInvocation.proceed(InvocationInterceptorChain.java:106)
	at org.junit.jupiter.engine.execution.InvocationInterceptorChain.proceed(InvocationInterceptorChain.java:64)
	at org.junit.jupiter.engine.execution.InvocationInterceptorChain.chainAndInvoke(InvocationInterceptorChain.java:45)
	at org.junit.jupiter.engine.execution.InvocationInterceptorChain.invoke(InvocationInterceptorChain.java:37)
	at org.junit.jupiter.engine.execution.ExecutableInvoker.invoke(ExecutableInvoker.java:104)
	at org.junit.jupiter.engine.execution.ExecutableInvoker.invoke(ExecutableInvoker.java:98)
	at org.junit.jupiter.engine.descriptor.TestMethodTestDescriptor.lambda$invokeTestMethod$6(TestMethodTestDescriptor.java:210)
	at org.junit.platform.engine.support.hierarchical.ThrowableCollector.execute(ThrowableCollector.java:73)
	at org.junit.jupiter.engine.descriptor.TestMethodTestDescriptor.invokeTestMethod(TestMethodTestDescriptor.java:206)
	at org.junit.jupiter.engine.descriptor.TestMethodTestDescriptor.execute(TestMethodTestDescriptor.java:131)
	at org.junit.jupiter.engine.descriptor.TestMethodTestDescriptor.execute(TestMethodTestDescriptor.java:65)
	at org.junit.platform.engine.support.hierarchical.NodeTestTask.lambda$executeRecursively$5(NodeTestTask.java:139)
	at org.junit.platform.engine.support.hierarchical.ThrowableCollector.execute(ThrowableCollector.java:73)
	at org.junit.platform.engine.support.hierarchical.NodeTestTask.lambda$executeRecursively$7(NodeTestTask.java:129)
	at org.junit.platform.engine.support.hierarchical.Node.around(Node.java:137)
	at org.junit.platform.engine.support.hierarchical.NodeTestTask.lambda$executeRecursively$8(NodeTestTask.java:127)
	at org.junit.platform.engine.support.hierarchical.ThrowableCollector.execute(ThrowableCollector.java:73)
	at org.junit.platform.engine.support.hierarchical.NodeTestTask.executeRecursively(NodeTestTask.java:126)
	at org.junit.platform.engine.support.hierarchical.NodeTestTask.execute(NodeTestTask.java:84)
	at java.util.ArrayList.forEach(ArrayList.java:1259)
	at org.junit.platform.engine.support.hierarchical.SameThreadHierarchicalTestExecutorService.invokeAll(SameThreadHierarchicalTestExecutorService.java:38)
	at org.junit.platform.engine.support.hierarchical.NodeTestTask.lambda$executeRecursively$5(NodeTestTask.java:143)
	at org.junit.platform.engine.support.hierarchical.ThrowableCollector.execute(ThrowableCollector.java:73)
	at org.junit.platform.engine.support.hierarchical.NodeTestTask.lambda$executeRecursively$7(NodeTestTask.java:129)
	at org.junit.platform.engine.support.hierarchical.Node.around(Node.java:137)
	at org.junit.platform.engine.support.hierarchical.NodeTestTask.lambda$executeRecursively$8(NodeTestTask.java:127)
	at org.junit.platform.engine.support.hierarchical.ThrowableCollector.execute(ThrowableCollector.java:73)
	at org.junit.platform.engine.support.hierarchical.NodeTestTask.executeRecursively(NodeTestTask.java:126)
	at org.junit.platform.engine.support.hierarchical.NodeTestTask.execute(NodeTestTask.java:84)
	at java.util.ArrayList.forEach(ArrayList.java:1259)
	at org.junit.platform.engine.support.hierarchical.SameThreadHierarchicalTestExecutorService.invokeAll(SameThreadHierarchicalTestExecutorService.java:38)
	at org.junit.platform.engine.support.hierarchical.NodeTestTask.lambda$executeRecursively$5(NodeTestTask.java:143)
	at org.junit.platform.engine.support.hierarchical.ThrowableCollector.execute(ThrowableCollector.java:73)
	at org.junit.platform.engine.support.hierarchical.NodeTestTask.lambda$executeRecursively$7(NodeTestTask.java:129)
	at org.junit.platform.engine.support.hierarchical.Node.around(Node.java:137)
	at org.junit.platform.engine.support.hierarchical.NodeTestTask.lambda$executeRecursively$8(NodeTestTask.java:127)
	at org.junit.platform.engine.support.hierarchical.ThrowableCollector.execute(ThrowableCollector.java:73)
	at org.junit.platform.engine.support.hierarchical.NodeTestTask.executeRecursively(NodeTestTask.java:126)
	at org.junit.platform.engine.support.hierarchical.NodeTestTask.execute(NodeTestTask.java:84)
	at org.junit.platform.engine.support.hierarchical.SameThreadHierarchicalTestExecutorService.submit(SameThreadHierarchicalTestExecutorService.java:32)
	at org.junit.platform.engine.support.hierarchical.HierarchicalTestExecutor.execute(HierarchicalTestExecutor.java:57)
	at org.junit.platform.engine.support.hierarchical.HierarchicalTestEngine.execute(HierarchicalTestEngine.java:51)
	at org.junit.platform.launcher.core.EngineExecutionOrchestrator.execute(EngineExecutionOrchestrator.java:108)
	at org.junit.platform.launcher.core.EngineExecutionOrchestrator.execute(EngineExecutionOrchestrator.java:88)
	at org.junit.platform.launcher.core.EngineExecutionOrchestrator.lambda$execute$0(EngineExecutionOrchestrator.java:54)
	at org.junit.platform.launcher.core.EngineExecutionOrchestrator.withInterceptedStreams(EngineExecutionOrchestrator.java:67)
	at org.junit.platform.launcher.core.EngineExecutionOrchestrator.execute(EngineExecutionOrchestrator.java:52)
	at org.junit.platform.launcher.core.DefaultLauncher.execute(DefaultLauncher.java:96)
	at org.junit.platform.launcher.core.DefaultLauncher.execute(DefaultLauncher.java:75)
	at org.apache.maven.surefire.junitplatform.JUnitPlatformProvider.execute(JUnitPlatformProvider.java:188)
	at org.apache.maven.surefire.junitplatform.JUnitPlatformProvider.invokeAllTests(JUnitPlatformProvider.java:154)
	at org.apache.maven.surefire.junitplatform.JUnitPlatformProvider.invoke(JUnitPlatformProvider.java:128)
	at org.apache.maven.surefire.booter.ForkedBooter.runSuitesInProcess(ForkedBooter.java:428)
	at org.apache.maven.surefire.booter.ForkedBooter.execute(ForkedBooter.java:162)
	at org.apache.maven.surefire.booter.ForkedBooter.run(ForkedBooter.java:562)
	at org.apache.maven.surefire.booter.ForkedBooter.main(ForkedBooter.java:548)
[main] INFO org.apache.nifi.security.util.crypto.Argon2CipherProviderGroovyTest - IV: 000000000000 6
[main] WARN org.apache.nifi.security.util.crypto.Argon2SecureHasher - The provided memory size 1024 KiB is below the recommended minimum 65536 KiB.
[main] WARN org.apache.nifi.security.util.crypto.Argon2SecureHasher - The provided parallelization factor 1 is below the recommended minimum 8.
[main] WARN org.apache.nifi.security.util.crypto.Argon2SecureHasher - The provided iteration count 3 is below the recommended minimum 5.
[main] WARN org.apache.nifi.security.util.crypto.AESKeyedCipherProvider - An IV was provided of length 6 bytes for encryption but should be 16 bytes
[main] WARN org.apache.nifi.security.util.crypto.AESKeyedCipherProvider - Generating new IV. The value can be obtained in the calling code by invoking 'cipher.getIV()';
[main] WARN org.apache.nifi.security.util.crypto.Argon2SecureHasher - The provided memory size 1024 KiB is below the recommended minimum 65536 KiB.
[main] WARN org.apache.nifi.security.util.crypto.Argon2SecureHasher - The provided parallelization factor 1 is below the recommended minimum 8.
[main] WARN org.apache.nifi.security.util.crypto.Argon2SecureHasher - The provided iteration count 3 is below the recommended minimum 5.
[main] WARN org.apache.nifi.security.util.crypto.AESKeyedCipherProvider - An IV was provided of length 6 bytes for decryption but should be 16 bytes
[main] ERROR org.apache.nifi.security.util.crypto.Argon2CipherProvider - Encountered an error generating the Argon2 hash
java.lang.IllegalArgumentException: Cannot decrypt without a valid IV
	at org.apache.nifi.security.util.crypto.AESKeyedCipherProvider.getInitializedCipher(AESKeyedCipherProvider.java:128)
	at org.apache.nifi.security.util.crypto.AESKeyedCipherProvider.getCipher(AESKeyedCipherProvider.java:60)
	at org.apache.nifi.security.util.crypto.Argon2CipherProvider.getInitializedCipher(Argon2CipherProvider.java:177)
	at org.apache.nifi.security.util.crypto.Argon2CipherProvider.getCipher(Argon2CipherProvider.java:103)
	at org.apache.nifi.security.util.crypto.Argon2CipherProvider$getCipher$0.call(Unknown Source)
	at org.apache.nifi.security.util.crypto.Argon2CipherProviderGroovyTest$_testGetCipherShouldRejectInvalidIV_closure5$_closure13.doCall(Argon2CipherProviderGroovyTest.groovy:189)
	at org.apache.nifi.security.util.crypto.Argon2CipherProviderGroovyTest$_testGetCipherShouldRejectInvalidIV_closure5$_closure13.doCall(Argon2CipherProviderGroovyTest.groovy)
	at sun.reflect.NativeMethodAccessorImpl.invoke0(Native Method)
	at sun.reflect.NativeMethodAccessorImpl.invoke(NativeMethodAccessorImpl.java:62)
	at sun.reflect.DelegatingMethodAccessorImpl.invoke(DelegatingMethodAccessorImpl.java:43)
	at java.lang.reflect.Method.invoke(Method.java:498)
	at org.codehaus.groovy.reflection.CachedMethod.invoke(CachedMethod.java:101)
	at groovy.lang.MetaMethod.doMethodInvoke(MetaMethod.java:323)
	at org.codehaus.groovy.runtime.metaclass.ClosureMetaClass.invokeMethod(ClosureMetaClass.java:263)
	at groovy.lang.MetaClassImpl.invokeMethod(MetaClassImpl.java:1041)
	at groovy.lang.Closure.call(Closure.java:405)
	at groovy.lang.Closure.call(Closure.java:399)
	at groovy.test.GroovyAssert.shouldFail(GroovyAssert.java:118)
	at groovy.test.GroovyAssert$shouldFail.callStatic(Unknown Source)
	at org.apache.nifi.security.util.crypto.Argon2CipherProviderGroovyTest$_testGetCipherShouldRejectInvalidIV_closure5.doCall(Argon2CipherProviderGroovyTest.groovy:188)
	at sun.reflect.NativeMethodAccessorImpl.invoke0(Native Method)
	at sun.reflect.NativeMethodAccessorImpl.invoke(NativeMethodAccessorImpl.java:62)
	at sun.reflect.DelegatingMethodAccessorImpl.invoke(DelegatingMethodAccessorImpl.java:43)
	at java.lang.reflect.Method.invoke(Method.java:498)
	at org.codehaus.groovy.reflection.CachedMethod.invoke(CachedMethod.java:101)
	at groovy.lang.MetaMethod.doMethodInvoke(MetaMethod.java:323)
	at org.codehaus.groovy.runtime.metaclass.ClosureMetaClass.invokeMethod(ClosureMetaClass.java:263)
	at groovy.lang.MetaClassImpl.invokeMethod(MetaClassImpl.java:1041)
	at groovy.lang.Closure.call(Closure.java:405)
	at groovy.lang.Closure.call(Closure.java:421)
	at org.codehaus.groovy.runtime.DefaultGroovyMethods.each(DefaultGroovyMethods.java:2330)
	at org.codehaus.groovy.runtime.DefaultGroovyMethods.each(DefaultGroovyMethods.java:2315)
	at org.codehaus.groovy.runtime.DefaultGroovyMethods.each(DefaultGroovyMethods.java:2356)
	at org.codehaus.groovy.runtime.dgm$186.invoke(Unknown Source)
	at org.codehaus.groovy.runtime.callsite.PojoMetaMethodSite$PojoMetaMethodSiteNoUnwrapNoCoerce.invoke(PojoMetaMethodSite.java:244)
	at org.codehaus.groovy.runtime.callsite.PojoMetaMethodSite.call(PojoMetaMethodSite.java:53)
	at org.codehaus.groovy.runtime.callsite.CallSiteArray.defaultCall(CallSiteArray.java:47)
	at org.codehaus.groovy.runtime.callsite.AbstractCallSite.call(AbstractCallSite.java:115)
	at org.codehaus.groovy.runtime.callsite.AbstractCallSite.call(AbstractCallSite.java:127)
	at org.apache.nifi.security.util.crypto.Argon2CipherProviderGroovyTest.testGetCipherShouldRejectInvalidIV(Argon2CipherProviderGroovyTest.groovy:181)
	at sun.reflect.NativeMethodAccessorImpl.invoke0(Native Method)
	at sun.reflect.NativeMethodAccessorImpl.invoke(NativeMethodAccessorImpl.java:62)
	at sun.reflect.DelegatingMethodAccessorImpl.invoke(DelegatingMethodAccessorImpl.java:43)
	at java.lang.reflect.Method.invoke(Method.java:498)
	at org.junit.platform.commons.util.ReflectionUtils.invokeMethod(ReflectionUtils.java:688)
	at org.junit.jupiter.engine.execution.MethodInvocation.proceed(MethodInvocation.java:60)
	at org.junit.jupiter.engine.execution.InvocationInterceptorChain$ValidatingInvocation.proceed(InvocationInterceptorChain.java:131)
	at org.junit.jupiter.engine.extension.TimeoutExtension.intercept(TimeoutExtension.java:149)
	at org.junit.jupiter.engine.extension.TimeoutExtension.interceptTestableMethod(TimeoutExtension.java:140)
	at org.junit.jupiter.engine.extension.TimeoutExtension.interceptTestMethod(TimeoutExtension.java:84)
	at org.junit.jupiter.engine.execution.ExecutableInvoker$ReflectiveInterceptorCall.lambda$ofVoidMethod$0(ExecutableInvoker.java:115)
	at org.junit.jupiter.engine.execution.ExecutableInvoker.lambda$invoke$0(ExecutableInvoker.java:105)
	at org.junit.jupiter.engine.execution.InvocationInterceptorChain$InterceptedInvocation.proceed(InvocationInterceptorChain.java:106)
	at org.junit.jupiter.engine.execution.InvocationInterceptorChain.proceed(InvocationInterceptorChain.java:64)
	at org.junit.jupiter.engine.execution.InvocationInterceptorChain.chainAndInvoke(InvocationInterceptorChain.java:45)
	at org.junit.jupiter.engine.execution.InvocationInterceptorChain.invoke(InvocationInterceptorChain.java:37)
	at org.junit.jupiter.engine.execution.ExecutableInvoker.invoke(ExecutableInvoker.java:104)
	at org.junit.jupiter.engine.execution.ExecutableInvoker.invoke(ExecutableInvoker.java:98)
	at org.junit.jupiter.engine.descriptor.TestMethodTestDescriptor.lambda$invokeTestMethod$6(TestMethodTestDescriptor.java:210)
	at org.junit.platform.engine.support.hierarchical.ThrowableCollector.execute(ThrowableCollector.java:73)
	at org.junit.jupiter.engine.descriptor.TestMethodTestDescriptor.invokeTestMethod(TestMethodTestDescriptor.java:206)
	at org.junit.jupiter.engine.descriptor.TestMethodTestDescriptor.execute(TestMethodTestDescriptor.java:131)
	at org.junit.jupiter.engine.descriptor.TestMethodTestDescriptor.execute(TestMethodTestDescriptor.java:65)
	at org.junit.platform.engine.support.hierarchical.NodeTestTask.lambda$executeRecursively$5(NodeTestTask.java:139)
	at org.junit.platform.engine.support.hierarchical.ThrowableCollector.execute(ThrowableCollector.java:73)
	at org.junit.platform.engine.support.hierarchical.NodeTestTask.lambda$executeRecursively$7(NodeTestTask.java:129)
	at org.junit.platform.engine.support.hierarchical.Node.around(Node.java:137)
	at org.junit.platform.engine.support.hierarchical.NodeTestTask.lambda$executeRecursively$8(NodeTestTask.java:127)
	at org.junit.platform.engine.support.hierarchical.ThrowableCollector.execute(ThrowableCollector.java:73)
	at org.junit.platform.engine.support.hierarchical.NodeTestTask.executeRecursively(NodeTestTask.java:126)
	at org.junit.platform.engine.support.hierarchical.NodeTestTask.execute(NodeTestTask.java:84)
	at java.util.ArrayList.forEach(ArrayList.java:1259)
	at org.junit.platform.engine.support.hierarchical.SameThreadHierarchicalTestExecutorService.invokeAll(SameThreadHierarchicalTestExecutorService.java:38)
	at org.junit.platform.engine.support.hierarchical.NodeTestTask.lambda$executeRecursively$5(NodeTestTask.java:143)
	at org.junit.platform.engine.support.hierarchical.ThrowableCollector.execute(ThrowableCollector.java:73)
	at org.junit.platform.engine.support.hierarchical.NodeTestTask.lambda$executeRecursively$7(NodeTestTask.java:129)
	at org.junit.platform.engine.support.hierarchical.Node.around(Node.java:137)
	at org.junit.platform.engine.support.hierarchical.NodeTestTask.lambda$executeRecursively$8(NodeTestTask.java:127)
	at org.junit.platform.engine.support.hierarchical.ThrowableCollector.execute(ThrowableCollector.java:73)
	at org.junit.platform.engine.support.hierarchical.NodeTestTask.executeRecursively(NodeTestTask.java:126)
	at org.junit.platform.engine.support.hierarchical.NodeTestTask.execute(NodeTestTask.java:84)
	at java.util.ArrayList.forEach(ArrayList.java:1259)
	at org.junit.platform.engine.support.hierarchical.SameThreadHierarchicalTestExecutorService.invokeAll(SameThreadHierarchicalTestExecutorService.java:38)
	at org.junit.platform.engine.support.hierarchical.NodeTestTask.lambda$executeRecursively$5(NodeTestTask.java:143)
	at org.junit.platform.engine.support.hierarchical.ThrowableCollector.execute(ThrowableCollector.java:73)
	at org.junit.platform.engine.support.hierarchical.NodeTestTask.lambda$executeRecursively$7(NodeTestTask.java:129)
	at org.junit.platform.engine.support.hierarchical.Node.around(Node.java:137)
	at org.junit.platform.engine.support.hierarchical.NodeTestTask.lambda$executeRecursively$8(NodeTestTask.java:127)
	at org.junit.platform.engine.support.hierarchical.ThrowableCollector.execute(ThrowableCollector.java:73)
	at org.junit.platform.engine.support.hierarchical.NodeTestTask.executeRecursively(NodeTestTask.java:126)
	at org.junit.platform.engine.support.hierarchical.NodeTestTask.execute(NodeTestTask.java:84)
	at org.junit.platform.engine.support.hierarchical.SameThreadHierarchicalTestExecutorService.submit(SameThreadHierarchicalTestExecutorService.java:32)
	at org.junit.platform.engine.support.hierarchical.HierarchicalTestExecutor.execute(HierarchicalTestExecutor.java:57)
	at org.junit.platform.engine.support.hierarchical.HierarchicalTestEngine.execute(HierarchicalTestEngine.java:51)
	at org.junit.platform.launcher.core.EngineExecutionOrchestrator.execute(EngineExecutionOrchestrator.java:108)
	at org.junit.platform.launcher.core.EngineExecutionOrchestrator.execute(EngineExecutionOrchestrator.java:88)
	at org.junit.platform.launcher.core.EngineExecutionOrchestrator.lambda$execute$0(EngineExecutionOrchestrator.java:54)
	at org.junit.platform.launcher.core.EngineExecutionOrchestrator.withInterceptedStreams(EngineExecutionOrchestrator.java:67)
	at org.junit.platform.launcher.core.EngineExecutionOrchestrator.execute(EngineExecutionOrchestrator.java:52)
	at org.junit.platform.launcher.core.DefaultLauncher.execute(DefaultLauncher.java:96)
	at org.junit.platform.launcher.core.DefaultLauncher.execute(DefaultLauncher.java:75)
	at org.apache.maven.surefire.junitplatform.JUnitPlatformProvider.execute(JUnitPlatformProvider.java:188)
	at org.apache.maven.surefire.junitplatform.JUnitPlatformProvider.invokeAllTests(JUnitPlatformProvider.java:154)
	at org.apache.maven.surefire.junitplatform.JUnitPlatformProvider.invoke(JUnitPlatformProvider.java:128)
	at org.apache.maven.surefire.booter.ForkedBooter.runSuitesInProcess(ForkedBooter.java:428)
	at org.apache.maven.surefire.booter.ForkedBooter.execute(ForkedBooter.java:162)
	at org.apache.maven.surefire.booter.ForkedBooter.run(ForkedBooter.java:562)
	at org.apache.maven.surefire.booter.ForkedBooter.main(ForkedBooter.java:548)
[main] INFO org.apache.nifi.security.util.crypto.Argon2CipherProviderGroovyTest - IV: 00000000000000 7
[main] WARN org.apache.nifi.security.util.crypto.Argon2SecureHasher - The provided memory size 1024 KiB is below the recommended minimum 65536 KiB.
[main] WARN org.apache.nifi.security.util.crypto.Argon2SecureHasher - The provided parallelization factor 1 is below the recommended minimum 8.
[main] WARN org.apache.nifi.security.util.crypto.Argon2SecureHasher - The provided iteration count 3 is below the recommended minimum 5.
[main] WARN org.apache.nifi.security.util.crypto.AESKeyedCipherProvider - An IV was provided of length 7 bytes for encryption but should be 16 bytes
[main] WARN org.apache.nifi.security.util.crypto.AESKeyedCipherProvider - Generating new IV. The value can be obtained in the calling code by invoking 'cipher.getIV()';
[main] WARN org.apache.nifi.security.util.crypto.Argon2SecureHasher - The provided memory size 1024 KiB is below the recommended minimum 65536 KiB.
[main] WARN org.apache.nifi.security.util.crypto.Argon2SecureHasher - The provided parallelization factor 1 is below the recommended minimum 8.
[main] WARN org.apache.nifi.security.util.crypto.Argon2SecureHasher - The provided iteration count 3 is below the recommended minimum 5.
[main] WARN org.apache.nifi.security.util.crypto.AESKeyedCipherProvider - An IV was provided of length 7 bytes for decryption but should be 16 bytes
[main] ERROR org.apache.nifi.security.util.crypto.Argon2CipherProvider - Encountered an error generating the Argon2 hash
java.lang.IllegalArgumentException: Cannot decrypt without a valid IV
	at org.apache.nifi.security.util.crypto.AESKeyedCipherProvider.getInitializedCipher(AESKeyedCipherProvider.java:128)
	at org.apache.nifi.security.util.crypto.AESKeyedCipherProvider.getCipher(AESKeyedCipherProvider.java:60)
	at org.apache.nifi.security.util.crypto.Argon2CipherProvider.getInitializedCipher(Argon2CipherProvider.java:177)
	at org.apache.nifi.security.util.crypto.Argon2CipherProvider.getCipher(Argon2CipherProvider.java:103)
	at org.apache.nifi.security.util.crypto.Argon2CipherProvider$getCipher$0.call(Unknown Source)
	at org.apache.nifi.security.util.crypto.Argon2CipherProviderGroovyTest$_testGetCipherShouldRejectInvalidIV_closure5$_closure13.doCall(Argon2CipherProviderGroovyTest.groovy:189)
	at org.apache.nifi.security.util.crypto.Argon2CipherProviderGroovyTest$_testGetCipherShouldRejectInvalidIV_closure5$_closure13.doCall(Argon2CipherProviderGroovyTest.groovy)
	at sun.reflect.NativeMethodAccessorImpl.invoke0(Native Method)
	at sun.reflect.NativeMethodAccessorImpl.invoke(NativeMethodAccessorImpl.java:62)
	at sun.reflect.DelegatingMethodAccessorImpl.invoke(DelegatingMethodAccessorImpl.java:43)
	at java.lang.reflect.Method.invoke(Method.java:498)
	at org.codehaus.groovy.reflection.CachedMethod.invoke(CachedMethod.java:101)
	at groovy.lang.MetaMethod.doMethodInvoke(MetaMethod.java:323)
	at org.codehaus.groovy.runtime.metaclass.ClosureMetaClass.invokeMethod(ClosureMetaClass.java:263)
	at groovy.lang.MetaClassImpl.invokeMethod(MetaClassImpl.java:1041)
	at groovy.lang.Closure.call(Closure.java:405)
	at groovy.lang.Closure.call(Closure.java:399)
	at groovy.test.GroovyAssert.shouldFail(GroovyAssert.java:118)
	at groovy.test.GroovyAssert$shouldFail.callStatic(Unknown Source)
	at org.apache.nifi.security.util.crypto.Argon2CipherProviderGroovyTest$_testGetCipherShouldRejectInvalidIV_closure5.doCall(Argon2CipherProviderGroovyTest.groovy:188)
	at sun.reflect.NativeMethodAccessorImpl.invoke0(Native Method)
	at sun.reflect.NativeMethodAccessorImpl.invoke(NativeMethodAccessorImpl.java:62)
	at sun.reflect.DelegatingMethodAccessorImpl.invoke(DelegatingMethodAccessorImpl.java:43)
	at java.lang.reflect.Method.invoke(Method.java:498)
	at org.codehaus.groovy.reflection.CachedMethod.invoke(CachedMethod.java:101)
	at groovy.lang.MetaMethod.doMethodInvoke(MetaMethod.java:323)
	at org.codehaus.groovy.runtime.metaclass.ClosureMetaClass.invokeMethod(ClosureMetaClass.java:263)
	at groovy.lang.MetaClassImpl.invokeMethod(MetaClassImpl.java:1041)
	at groovy.lang.Closure.call(Closure.java:405)
	at groovy.lang.Closure.call(Closure.java:421)
	at org.codehaus.groovy.runtime.DefaultGroovyMethods.each(DefaultGroovyMethods.java:2330)
	at org.codehaus.groovy.runtime.DefaultGroovyMethods.each(DefaultGroovyMethods.java:2315)
	at org.codehaus.groovy.runtime.DefaultGroovyMethods.each(DefaultGroovyMethods.java:2356)
	at org.codehaus.groovy.runtime.dgm$186.invoke(Unknown Source)
	at org.codehaus.groovy.runtime.callsite.PojoMetaMethodSite$PojoMetaMethodSiteNoUnwrapNoCoerce.invoke(PojoMetaMethodSite.java:244)
	at org.codehaus.groovy.runtime.callsite.PojoMetaMethodSite.call(PojoMetaMethodSite.java:53)
	at org.codehaus.groovy.runtime.callsite.CallSiteArray.defaultCall(CallSiteArray.java:47)
	at org.codehaus.groovy.runtime.callsite.AbstractCallSite.call(AbstractCallSite.java:115)
	at org.codehaus.groovy.runtime.callsite.AbstractCallSite.call(AbstractCallSite.java:127)
	at org.apache.nifi.security.util.crypto.Argon2CipherProviderGroovyTest.testGetCipherShouldRejectInvalidIV(Argon2CipherProviderGroovyTest.groovy:181)
	at sun.reflect.NativeMethodAccessorImpl.invoke0(Native Method)
	at sun.reflect.NativeMethodAccessorImpl.invoke(NativeMethodAccessorImpl.java:62)
	at sun.reflect.DelegatingMethodAccessorImpl.invoke(DelegatingMethodAccessorImpl.java:43)
	at java.lang.reflect.Method.invoke(Method.java:498)
	at org.junit.platform.commons.util.ReflectionUtils.invokeMethod(ReflectionUtils.java:688)
	at org.junit.jupiter.engine.execution.MethodInvocation.proceed(MethodInvocation.java:60)
	at org.junit.jupiter.engine.execution.InvocationInterceptorChain$ValidatingInvocation.proceed(InvocationInterceptorChain.java:131)
	at org.junit.jupiter.engine.extension.TimeoutExtension.intercept(TimeoutExtension.java:149)
	at org.junit.jupiter.engine.extension.TimeoutExtension.interceptTestableMethod(TimeoutExtension.java:140)
	at org.junit.jupiter.engine.extension.TimeoutExtension.interceptTestMethod(TimeoutExtension.java:84)
	at org.junit.jupiter.engine.execution.ExecutableInvoker$ReflectiveInterceptorCall.lambda$ofVoidMethod$0(ExecutableInvoker.java:115)
	at org.junit.jupiter.engine.execution.ExecutableInvoker.lambda$invoke$0(ExecutableInvoker.java:105)
	at org.junit.jupiter.engine.execution.InvocationInterceptorChain$InterceptedInvocation.proceed(InvocationInterceptorChain.java:106)
	at org.junit.jupiter.engine.execution.InvocationInterceptorChain.proceed(InvocationInterceptorChain.java:64)
	at org.junit.jupiter.engine.execution.InvocationInterceptorChain.chainAndInvoke(InvocationInterceptorChain.java:45)
	at org.junit.jupiter.engine.execution.InvocationInterceptorChain.invoke(InvocationInterceptorChain.java:37)
	at org.junit.jupiter.engine.execution.ExecutableInvoker.invoke(ExecutableInvoker.java:104)
	at org.junit.jupiter.engine.execution.ExecutableInvoker.invoke(ExecutableInvoker.java:98)
	at org.junit.jupiter.engine.descriptor.TestMethodTestDescriptor.lambda$invokeTestMethod$6(TestMethodTestDescriptor.java:210)
	at org.junit.platform.engine.support.hierarchical.ThrowableCollector.execute(ThrowableCollector.java:73)
	at org.junit.jupiter.engine.descriptor.TestMethodTestDescriptor.invokeTestMethod(TestMethodTestDescriptor.java:206)
	at org.junit.jupiter.engine.descriptor.TestMethodTestDescriptor.execute(TestMethodTestDescriptor.java:131)
	at org.junit.jupiter.engine.descriptor.TestMethodTestDescriptor.execute(TestMethodTestDescriptor.java:65)
	at org.junit.platform.engine.support.hierarchical.NodeTestTask.lambda$executeRecursively$5(NodeTestTask.java:139)
	at org.junit.platform.engine.support.hierarchical.ThrowableCollector.execute(ThrowableCollector.java:73)
	at org.junit.platform.engine.support.hierarchical.NodeTestTask.lambda$executeRecursively$7(NodeTestTask.java:129)
	at org.junit.platform.engine.support.hierarchical.Node.around(Node.java:137)
	at org.junit.platform.engine.support.hierarchical.NodeTestTask.lambda$executeRecursively$8(NodeTestTask.java:127)
	at org.junit.platform.engine.support.hierarchical.ThrowableCollector.execute(ThrowableCollector.java:73)
	at org.junit.platform.engine.support.hierarchical.NodeTestTask.executeRecursively(NodeTestTask.java:126)
	at org.junit.platform.engine.support.hierarchical.NodeTestTask.execute(NodeTestTask.java:84)
	at java.util.ArrayList.forEach(ArrayList.java:1259)
	at org.junit.platform.engine.support.hierarchical.SameThreadHierarchicalTestExecutorService.invokeAll(SameThreadHierarchicalTestExecutorService.java:38)
	at org.junit.platform.engine.support.hierarchical.NodeTestTask.lambda$executeRecursively$5(NodeTestTask.java:143)
	at org.junit.platform.engine.support.hierarchical.ThrowableCollector.execute(ThrowableCollector.java:73)
	at org.junit.platform.engine.support.hierarchical.NodeTestTask.lambda$executeRecursively$7(NodeTestTask.java:129)
	at org.junit.platform.engine.support.hierarchical.Node.around(Node.java:137)
	at org.junit.platform.engine.support.hierarchical.NodeTestTask.lambda$executeRecursively$8(NodeTestTask.java:127)
	at org.junit.platform.engine.support.hierarchical.ThrowableCollector.execute(ThrowableCollector.java:73)
	at org.junit.platform.engine.support.hierarchical.NodeTestTask.executeRecursively(NodeTestTask.java:126)
	at org.junit.platform.engine.support.hierarchical.NodeTestTask.execute(NodeTestTask.java:84)
	at java.util.ArrayList.forEach(ArrayList.java:1259)
	at org.junit.platform.engine.support.hierarchical.SameThreadHierarchicalTestExecutorService.invokeAll(SameThreadHierarchicalTestExecutorService.java:38)
	at org.junit.platform.engine.support.hierarchical.NodeTestTask.lambda$executeRecursively$5(NodeTestTask.java:143)
	at org.junit.platform.engine.support.hierarchical.ThrowableCollector.execute(ThrowableCollector.java:73)
	at org.junit.platform.engine.support.hierarchical.NodeTestTask.lambda$executeRecursively$7(NodeTestTask.java:129)
	at org.junit.platform.engine.support.hierarchical.Node.around(Node.java:137)
	at org.junit.platform.engine.support.hierarchical.NodeTestTask.lambda$executeRecursively$8(NodeTestTask.java:127)
	at org.junit.platform.engine.support.hierarchical.ThrowableCollector.execute(ThrowableCollector.java:73)
	at org.junit.platform.engine.support.hierarchical.NodeTestTask.executeRecursively(NodeTestTask.java:126)
	at org.junit.platform.engine.support.hierarchical.NodeTestTask.execute(NodeTestTask.java:84)
	at org.junit.platform.engine.support.hierarchical.SameThreadHierarchicalTestExecutorService.submit(SameThreadHierarchicalTestExecutorService.java:32)
	at org.junit.platform.engine.support.hierarchical.HierarchicalTestExecutor.execute(HierarchicalTestExecutor.java:57)
	at org.junit.platform.engine.support.hierarchical.HierarchicalTestEngine.execute(HierarchicalTestEngine.java:51)
	at org.junit.platform.launcher.core.EngineExecutionOrchestrator.execute(EngineExecutionOrchestrator.java:108)
	at org.junit.platform.launcher.core.EngineExecutionOrchestrator.execute(EngineExecutionOrchestrator.java:88)
	at org.junit.platform.launcher.core.EngineExecutionOrchestrator.lambda$execute$0(EngineExecutionOrchestrator.java:54)
	at org.junit.platform.launcher.core.EngineExecutionOrchestrator.withInterceptedStreams(EngineExecutionOrchestrator.java:67)
	at org.junit.platform.launcher.core.EngineExecutionOrchestrator.execute(EngineExecutionOrchestrator.java:52)
	at org.junit.platform.launcher.core.DefaultLauncher.execute(DefaultLauncher.java:96)
	at org.junit.platform.launcher.core.DefaultLauncher.execute(DefaultLauncher.java:75)
	at org.apache.maven.surefire.junitplatform.JUnitPlatformProvider.execute(JUnitPlatformProvider.java:188)
	at org.apache.maven.surefire.junitplatform.JUnitPlatformProvider.invokeAllTests(JUnitPlatformProvider.java:154)
	at org.apache.maven.surefire.junitplatform.JUnitPlatformProvider.invoke(JUnitPlatformProvider.java:128)
	at org.apache.maven.surefire.booter.ForkedBooter.runSuitesInProcess(ForkedBooter.java:428)
	at org.apache.maven.surefire.booter.ForkedBooter.execute(ForkedBooter.java:162)
	at org.apache.maven.surefire.booter.ForkedBooter.run(ForkedBooter.java:562)
	at org.apache.maven.surefire.booter.ForkedBooter.main(ForkedBooter.java:548)
[main] INFO org.apache.nifi.security.util.crypto.Argon2CipherProviderGroovyTest - IV: 0000000000000000 8
[main] WARN org.apache.nifi.security.util.crypto.Argon2SecureHasher - The provided memory size 1024 KiB is below the recommended minimum 65536 KiB.
[main] WARN org.apache.nifi.security.util.crypto.Argon2SecureHasher - The provided parallelization factor 1 is below the recommended minimum 8.
[main] WARN org.apache.nifi.security.util.crypto.Argon2SecureHasher - The provided iteration count 3 is below the recommended minimum 5.
[main] WARN org.apache.nifi.security.util.crypto.AESKeyedCipherProvider - An IV was provided of length 8 bytes for encryption but should be 16 bytes
[main] WARN org.apache.nifi.security.util.crypto.AESKeyedCipherProvider - Generating new IV. The value can be obtained in the calling code by invoking 'cipher.getIV()';
[main] WARN org.apache.nifi.security.util.crypto.Argon2SecureHasher - The provided memory size 1024 KiB is below the recommended minimum 65536 KiB.
[main] WARN org.apache.nifi.security.util.crypto.Argon2SecureHasher - The provided parallelization factor 1 is below the recommended minimum 8.
[main] WARN org.apache.nifi.security.util.crypto.Argon2SecureHasher - The provided iteration count 3 is below the recommended minimum 5.
[main] WARN org.apache.nifi.security.util.crypto.AESKeyedCipherProvider - An IV was provided of length 8 bytes for decryption but should be 16 bytes
[main] ERROR org.apache.nifi.security.util.crypto.Argon2CipherProvider - Encountered an error generating the Argon2 hash
java.lang.IllegalArgumentException: Cannot decrypt without a valid IV
	at org.apache.nifi.security.util.crypto.AESKeyedCipherProvider.getInitializedCipher(AESKeyedCipherProvider.java:128)
	at org.apache.nifi.security.util.crypto.AESKeyedCipherProvider.getCipher(AESKeyedCipherProvider.java:60)
	at org.apache.nifi.security.util.crypto.Argon2CipherProvider.getInitializedCipher(Argon2CipherProvider.java:177)
	at org.apache.nifi.security.util.crypto.Argon2CipherProvider.getCipher(Argon2CipherProvider.java:103)
	at org.apache.nifi.security.util.crypto.Argon2CipherProvider$getCipher$0.call(Unknown Source)
	at org.apache.nifi.security.util.crypto.Argon2CipherProviderGroovyTest$_testGetCipherShouldRejectInvalidIV_closure5$_closure13.doCall(Argon2CipherProviderGroovyTest.groovy:189)
	at org.apache.nifi.security.util.crypto.Argon2CipherProviderGroovyTest$_testGetCipherShouldRejectInvalidIV_closure5$_closure13.doCall(Argon2CipherProviderGroovyTest.groovy)
	at sun.reflect.NativeMethodAccessorImpl.invoke0(Native Method)
	at sun.reflect.NativeMethodAccessorImpl.invoke(NativeMethodAccessorImpl.java:62)
	at sun.reflect.DelegatingMethodAccessorImpl.invoke(DelegatingMethodAccessorImpl.java:43)
	at java.lang.reflect.Method.invoke(Method.java:498)
	at org.codehaus.groovy.reflection.CachedMethod.invoke(CachedMethod.java:101)
	at groovy.lang.MetaMethod.doMethodInvoke(MetaMethod.java:323)
	at org.codehaus.groovy.runtime.metaclass.ClosureMetaClass.invokeMethod(ClosureMetaClass.java:263)
	at groovy.lang.MetaClassImpl.invokeMethod(MetaClassImpl.java:1041)
	at groovy.lang.Closure.call(Closure.java:405)
	at groovy.lang.Closure.call(Closure.java:399)
	at groovy.test.GroovyAssert.shouldFail(GroovyAssert.java:118)
	at groovy.test.GroovyAssert$shouldFail.callStatic(Unknown Source)
	at org.apache.nifi.security.util.crypto.Argon2CipherProviderGroovyTest$_testGetCipherShouldRejectInvalidIV_closure5.doCall(Argon2CipherProviderGroovyTest.groovy:188)
	at sun.reflect.NativeMethodAccessorImpl.invoke0(Native Method)
	at sun.reflect.NativeMethodAccessorImpl.invoke(NativeMethodAccessorImpl.java:62)
	at sun.reflect.DelegatingMethodAccessorImpl.invoke(DelegatingMethodAccessorImpl.java:43)
	at java.lang.reflect.Method.invoke(Method.java:498)
	at org.codehaus.groovy.reflection.CachedMethod.invoke(CachedMethod.java:101)
	at groovy.lang.MetaMethod.doMethodInvoke(MetaMethod.java:323)
	at org.codehaus.groovy.runtime.metaclass.ClosureMetaClass.invokeMethod(ClosureMetaClass.java:263)
	at groovy.lang.MetaClassImpl.invokeMethod(MetaClassImpl.java:1041)
	at groovy.lang.Closure.call(Closure.java:405)
	at groovy.lang.Closure.call(Closure.java:421)
	at org.codehaus.groovy.runtime.DefaultGroovyMethods.each(DefaultGroovyMethods.java:2330)
	at org.codehaus.groovy.runtime.DefaultGroovyMethods.each(DefaultGroovyMethods.java:2315)
	at org.codehaus.groovy.runtime.DefaultGroovyMethods.each(DefaultGroovyMethods.java:2356)
	at org.codehaus.groovy.runtime.dgm$186.invoke(Unknown Source)
	at org.codehaus.groovy.runtime.callsite.PojoMetaMethodSite$PojoMetaMethodSiteNoUnwrapNoCoerce.invoke(PojoMetaMethodSite.java:244)
	at org.codehaus.groovy.runtime.callsite.PojoMetaMethodSite.call(PojoMetaMethodSite.java:53)
	at org.codehaus.groovy.runtime.callsite.CallSiteArray.defaultCall(CallSiteArray.java:47)
	at org.codehaus.groovy.runtime.callsite.AbstractCallSite.call(AbstractCallSite.java:115)
	at org.codehaus.groovy.runtime.callsite.AbstractCallSite.call(AbstractCallSite.java:127)
	at org.apache.nifi.security.util.crypto.Argon2CipherProviderGroovyTest.testGetCipherShouldRejectInvalidIV(Argon2CipherProviderGroovyTest.groovy:181)
	at sun.reflect.NativeMethodAccessorImpl.invoke0(Native Method)
	at sun.reflect.NativeMethodAccessorImpl.invoke(NativeMethodAccessorImpl.java:62)
	at sun.reflect.DelegatingMethodAccessorImpl.invoke(DelegatingMethodAccessorImpl.java:43)
	at java.lang.reflect.Method.invoke(Method.java:498)
	at org.junit.platform.commons.util.ReflectionUtils.invokeMethod(ReflectionUtils.java:688)
	at org.junit.jupiter.engine.execution.MethodInvocation.proceed(MethodInvocation.java:60)
	at org.junit.jupiter.engine.execution.InvocationInterceptorChain$ValidatingInvocation.proceed(InvocationInterceptorChain.java:131)
	at org.junit.jupiter.engine.extension.TimeoutExtension.intercept(TimeoutExtension.java:149)
	at org.junit.jupiter.engine.extension.TimeoutExtension.interceptTestableMethod(TimeoutExtension.java:140)
	at org.junit.jupiter.engine.extension.TimeoutExtension.interceptTestMethod(TimeoutExtension.java:84)
	at org.junit.jupiter.engine.execution.ExecutableInvoker$ReflectiveInterceptorCall.lambda$ofVoidMethod$0(ExecutableInvoker.java:115)
	at org.junit.jupiter.engine.execution.ExecutableInvoker.lambda$invoke$0(ExecutableInvoker.java:105)
	at org.junit.jupiter.engine.execution.InvocationInterceptorChain$InterceptedInvocation.proceed(InvocationInterceptorChain.java:106)
	at org.junit.jupiter.engine.execution.InvocationInterceptorChain.proceed(InvocationInterceptorChain.java:64)
	at org.junit.jupiter.engine.execution.InvocationInterceptorChain.chainAndInvoke(InvocationInterceptorChain.java:45)
	at org.junit.jupiter.engine.execution.InvocationInterceptorChain.invoke(InvocationInterceptorChain.java:37)
	at org.junit.jupiter.engine.execution.ExecutableInvoker.invoke(ExecutableInvoker.java:104)
	at org.junit.jupiter.engine.execution.ExecutableInvoker.invoke(ExecutableInvoker.java:98)
	at org.junit.jupiter.engine.descriptor.TestMethodTestDescriptor.lambda$invokeTestMethod$6(TestMethodTestDescriptor.java:210)
	at org.junit.platform.engine.support.hierarchical.ThrowableCollector.execute(ThrowableCollector.java:73)
	at org.junit.jupiter.engine.descriptor.TestMethodTestDescriptor.invokeTestMethod(TestMethodTestDescriptor.java:206)
	at org.junit.jupiter.engine.descriptor.TestMethodTestDescriptor.execute(TestMethodTestDescriptor.java:131)
	at org.junit.jupiter.engine.descriptor.TestMethodTestDescriptor.execute(TestMethodTestDescriptor.java:65)
	at org.junit.platform.engine.support.hierarchical.NodeTestTask.lambda$executeRecursively$5(NodeTestTask.java:139)
	at org.junit.platform.engine.support.hierarchical.ThrowableCollector.execute(ThrowableCollector.java:73)
	at org.junit.platform.engine.support.hierarchical.NodeTestTask.lambda$executeRecursively$7(NodeTestTask.java:129)
	at org.junit.platform.engine.support.hierarchical.Node.around(Node.java:137)
	at org.junit.platform.engine.support.hierarchical.NodeTestTask.lambda$executeRecursively$8(NodeTestTask.java:127)
	at org.junit.platform.engine.support.hierarchical.ThrowableCollector.execute(ThrowableCollector.java:73)
	at org.junit.platform.engine.support.hierarchical.NodeTestTask.executeRecursively(NodeTestTask.java:126)
	at org.junit.platform.engine.support.hierarchical.NodeTestTask.execute(NodeTestTask.java:84)
	at java.util.ArrayList.forEach(ArrayList.java:1259)
	at org.junit.platform.engine.support.hierarchical.SameThreadHierarchicalTestExecutorService.invokeAll(SameThreadHierarchicalTestExecutorService.java:38)
	at org.junit.platform.engine.support.hierarchical.NodeTestTask.lambda$executeRecursively$5(NodeTestTask.java:143)
	at org.junit.platform.engine.support.hierarchical.ThrowableCollector.execute(ThrowableCollector.java:73)
	at org.junit.platform.engine.support.hierarchical.NodeTestTask.lambda$executeRecursively$7(NodeTestTask.java:129)
	at org.junit.platform.engine.support.hierarchical.Node.around(Node.java:137)
	at org.junit.platform.engine.support.hierarchical.NodeTestTask.lambda$executeRecursively$8(NodeTestTask.java:127)
	at org.junit.platform.engine.support.hierarchical.ThrowableCollector.execute(ThrowableCollector.java:73)
	at org.junit.platform.engine.support.hierarchical.NodeTestTask.executeRecursively(NodeTestTask.java:126)
	at org.junit.platform.engine.support.hierarchical.NodeTestTask.execute(NodeTestTask.java:84)
	at java.util.ArrayList.forEach(ArrayList.java:1259)
	at org.junit.platform.engine.support.hierarchical.SameThreadHierarchicalTestExecutorService.invokeAll(SameThreadHierarchicalTestExecutorService.java:38)
	at org.junit.platform.engine.support.hierarchical.NodeTestTask.lambda$executeRecursively$5(NodeTestTask.java:143)
	at org.junit.platform.engine.support.hierarchical.ThrowableCollector.execute(ThrowableCollector.java:73)
	at org.junit.platform.engine.support.hierarchical.NodeTestTask.lambda$executeRecursively$7(NodeTestTask.java:129)
	at org.junit.platform.engine.support.hierarchical.Node.around(Node.java:137)
	at org.junit.platform.engine.support.hierarchical.NodeTestTask.lambda$executeRecursively$8(NodeTestTask.java:127)
	at org.junit.platform.engine.support.hierarchical.ThrowableCollector.execute(ThrowableCollector.java:73)
	at org.junit.platform.engine.support.hierarchical.NodeTestTask.executeRecursively(NodeTestTask.java:126)
	at org.junit.platform.engine.support.hierarchical.NodeTestTask.execute(NodeTestTask.java:84)
	at org.junit.platform.engine.support.hierarchical.SameThreadHierarchicalTestExecutorService.submit(SameThreadHierarchicalTestExecutorService.java:32)
	at org.junit.platform.engine.support.hierarchical.HierarchicalTestExecutor.execute(HierarchicalTestExecutor.java:57)
	at org.junit.platform.engine.support.hierarchical.HierarchicalTestEngine.execute(HierarchicalTestEngine.java:51)
	at org.junit.platform.launcher.core.EngineExecutionOrchestrator.execute(EngineExecutionOrchestrator.java:108)
	at org.junit.platform.launcher.core.EngineExecutionOrchestrator.execute(EngineExecutionOrchestrator.java:88)
	at org.junit.platform.launcher.core.EngineExecutionOrchestrator.lambda$execute$0(EngineExecutionOrchestrator.java:54)
	at org.junit.platform.launcher.core.EngineExecutionOrchestrator.withInterceptedStreams(EngineExecutionOrchestrator.java:67)
	at org.junit.platform.launcher.core.EngineExecutionOrchestrator.execute(EngineExecutionOrchestrator.java:52)
	at org.junit.platform.launcher.core.DefaultLauncher.execute(DefaultLauncher.java:96)
	at org.junit.platform.launcher.core.DefaultLauncher.execute(DefaultLauncher.java:75)
	at org.apache.maven.surefire.junitplatform.JUnitPlatformProvider.execute(JUnitPlatformProvider.java:188)
	at org.apache.maven.surefire.junitplatform.JUnitPlatformProvider.invokeAllTests(JUnitPlatformProvider.java:154)
	at org.apache.maven.surefire.junitplatform.JUnitPlatformProvider.invoke(JUnitPlatformProvider.java:128)
	at org.apache.maven.surefire.booter.ForkedBooter.runSuitesInProcess(ForkedBooter.java:428)
	at org.apache.maven.surefire.booter.ForkedBooter.execute(ForkedBooter.java:162)
	at org.apache.maven.surefire.booter.ForkedBooter.run(ForkedBooter.java:562)
	at org.apache.maven.surefire.booter.ForkedBooter.main(ForkedBooter.java:548)
[main] INFO org.apache.nifi.security.util.crypto.Argon2CipherProviderGroovyTest - IV: 000000000000000000 9
[main] WARN org.apache.nifi.security.util.crypto.Argon2SecureHasher - The provided memory size 1024 KiB is below the recommended minimum 65536 KiB.
[main] WARN org.apache.nifi.security.util.crypto.Argon2SecureHasher - The provided parallelization factor 1 is below the recommended minimum 8.
[main] WARN org.apache.nifi.security.util.crypto.Argon2SecureHasher - The provided iteration count 3 is below the recommended minimum 5.
[main] WARN org.apache.nifi.security.util.crypto.AESKeyedCipherProvider - An IV was provided of length 9 bytes for encryption but should be 16 bytes
[main] WARN org.apache.nifi.security.util.crypto.AESKeyedCipherProvider - Generating new IV. The value can be obtained in the calling code by invoking 'cipher.getIV()';
[main] WARN org.apache.nifi.security.util.crypto.Argon2SecureHasher - The provided memory size 1024 KiB is below the recommended minimum 65536 KiB.
[main] WARN org.apache.nifi.security.util.crypto.Argon2SecureHasher - The provided parallelization factor 1 is below the recommended minimum 8.
[main] WARN org.apache.nifi.security.util.crypto.Argon2SecureHasher - The provided iteration count 3 is below the recommended minimum 5.
[main] WARN org.apache.nifi.security.util.crypto.AESKeyedCipherProvider - An IV was provided of length 9 bytes for decryption but should be 16 bytes
[main] ERROR org.apache.nifi.security.util.crypto.Argon2CipherProvider - Encountered an error generating the Argon2 hash
java.lang.IllegalArgumentException: Cannot decrypt without a valid IV
	at org.apache.nifi.security.util.crypto.AESKeyedCipherProvider.getInitializedCipher(AESKeyedCipherProvider.java:128)
	at org.apache.nifi.security.util.crypto.AESKeyedCipherProvider.getCipher(AESKeyedCipherProvider.java:60)
	at org.apache.nifi.security.util.crypto.Argon2CipherProvider.getInitializedCipher(Argon2CipherProvider.java:177)
	at org.apache.nifi.security.util.crypto.Argon2CipherProvider.getCipher(Argon2CipherProvider.java:103)
	at org.apache.nifi.security.util.crypto.Argon2CipherProvider$getCipher$0.call(Unknown Source)
	at org.apache.nifi.security.util.crypto.Argon2CipherProviderGroovyTest$_testGetCipherShouldRejectInvalidIV_closure5$_closure13.doCall(Argon2CipherProviderGroovyTest.groovy:189)
	at org.apache.nifi.security.util.crypto.Argon2CipherProviderGroovyTest$_testGetCipherShouldRejectInvalidIV_closure5$_closure13.doCall(Argon2CipherProviderGroovyTest.groovy)
	at sun.reflect.NativeMethodAccessorImpl.invoke0(Native Method)
	at sun.reflect.NativeMethodAccessorImpl.invoke(NativeMethodAccessorImpl.java:62)
	at sun.reflect.DelegatingMethodAccessorImpl.invoke(DelegatingMethodAccessorImpl.java:43)
	at java.lang.reflect.Method.invoke(Method.java:498)
	at org.codehaus.groovy.reflection.CachedMethod.invoke(CachedMethod.java:101)
	at groovy.lang.MetaMethod.doMethodInvoke(MetaMethod.java:323)
	at org.codehaus.groovy.runtime.metaclass.ClosureMetaClass.invokeMethod(ClosureMetaClass.java:263)
	at groovy.lang.MetaClassImpl.invokeMethod(MetaClassImpl.java:1041)
	at groovy.lang.Closure.call(Closure.java:405)
	at groovy.lang.Closure.call(Closure.java:399)
	at groovy.test.GroovyAssert.shouldFail(GroovyAssert.java:118)
	at groovy.test.GroovyAssert$shouldFail.callStatic(Unknown Source)
	at org.apache.nifi.security.util.crypto.Argon2CipherProviderGroovyTest$_testGetCipherShouldRejectInvalidIV_closure5.doCall(Argon2CipherProviderGroovyTest.groovy:188)
	at sun.reflect.NativeMethodAccessorImpl.invoke0(Native Method)
	at sun.reflect.NativeMethodAccessorImpl.invoke(NativeMethodAccessorImpl.java:62)
	at sun.reflect.DelegatingMethodAccessorImpl.invoke(DelegatingMethodAccessorImpl.java:43)
	at java.lang.reflect.Method.invoke(Method.java:498)
	at org.codehaus.groovy.reflection.CachedMethod.invoke(CachedMethod.java:101)
	at groovy.lang.MetaMethod.doMethodInvoke(MetaMethod.java:323)
	at org.codehaus.groovy.runtime.metaclass.ClosureMetaClass.invokeMethod(ClosureMetaClass.java:263)
	at groovy.lang.MetaClassImpl.invokeMethod(MetaClassImpl.java:1041)
	at groovy.lang.Closure.call(Closure.java:405)
	at groovy.lang.Closure.call(Closure.java:421)
	at org.codehaus.groovy.runtime.DefaultGroovyMethods.each(DefaultGroovyMethods.java:2330)
	at org.codehaus.groovy.runtime.DefaultGroovyMethods.each(DefaultGroovyMethods.java:2315)
	at org.codehaus.groovy.runtime.DefaultGroovyMethods.each(DefaultGroovyMethods.java:2356)
	at org.codehaus.groovy.runtime.dgm$186.invoke(Unknown Source)
	at org.codehaus.groovy.runtime.callsite.PojoMetaMethodSite$PojoMetaMethodSiteNoUnwrapNoCoerce.invoke(PojoMetaMethodSite.java:244)
	at org.codehaus.groovy.runtime.callsite.PojoMetaMethodSite.call(PojoMetaMethodSite.java:53)
	at org.codehaus.groovy.runtime.callsite.CallSiteArray.defaultCall(CallSiteArray.java:47)
	at org.codehaus.groovy.runtime.callsite.AbstractCallSite.call(AbstractCallSite.java:115)
	at org.codehaus.groovy.runtime.callsite.AbstractCallSite.call(AbstractCallSite.java:127)
	at org.apache.nifi.security.util.crypto.Argon2CipherProviderGroovyTest.testGetCipherShouldRejectInvalidIV(Argon2CipherProviderGroovyTest.groovy:181)
	at sun.reflect.NativeMethodAccessorImpl.invoke0(Native Method)
	at sun.reflect.NativeMethodAccessorImpl.invoke(NativeMethodAccessorImpl.java:62)
	at sun.reflect.DelegatingMethodAccessorImpl.invoke(DelegatingMethodAccessorImpl.java:43)
	at java.lang.reflect.Method.invoke(Method.java:498)
	at org.junit.platform.commons.util.ReflectionUtils.invokeMethod(ReflectionUtils.java:688)
	at org.junit.jupiter.engine.execution.MethodInvocation.proceed(MethodInvocation.java:60)
	at org.junit.jupiter.engine.execution.InvocationInterceptorChain$ValidatingInvocation.proceed(InvocationInterceptorChain.java:131)
	at org.junit.jupiter.engine.extension.TimeoutExtension.intercept(TimeoutExtension.java:149)
	at org.junit.jupiter.engine.extension.TimeoutExtension.interceptTestableMethod(TimeoutExtension.java:140)
	at org.junit.jupiter.engine.extension.TimeoutExtension.interceptTestMethod(TimeoutExtension.java:84)
	at org.junit.jupiter.engine.execution.ExecutableInvoker$ReflectiveInterceptorCall.lambda$ofVoidMethod$0(ExecutableInvoker.java:115)
	at org.junit.jupiter.engine.execution.ExecutableInvoker.lambda$invoke$0(ExecutableInvoker.java:105)
	at org.junit.jupiter.engine.execution.InvocationInterceptorChain$InterceptedInvocation.proceed(InvocationInterceptorChain.java:106)
	at org.junit.jupiter.engine.execution.InvocationInterceptorChain.proceed(InvocationInterceptorChain.java:64)
	at org.junit.jupiter.engine.execution.InvocationInterceptorChain.chainAndInvoke(InvocationInterceptorChain.java:45)
	at org.junit.jupiter.engine.execution.InvocationInterceptorChain.invoke(InvocationInterceptorChain.java:37)
	at org.junit.jupiter.engine.execution.ExecutableInvoker.invoke(ExecutableInvoker.java:104)
	at org.junit.jupiter.engine.execution.ExecutableInvoker.invoke(ExecutableInvoker.java:98)
	at org.junit.jupiter.engine.descriptor.TestMethodTestDescriptor.lambda$invokeTestMethod$6(TestMethodTestDescriptor.java:210)
	at org.junit.platform.engine.support.hierarchical.ThrowableCollector.execute(ThrowableCollector.java:73)
	at org.junit.jupiter.engine.descriptor.TestMethodTestDescriptor.invokeTestMethod(TestMethodTestDescriptor.java:206)
	at org.junit.jupiter.engine.descriptor.TestMethodTestDescriptor.execute(TestMethodTestDescriptor.java:131)
	at org.junit.jupiter.engine.descriptor.TestMethodTestDescriptor.execute(TestMethodTestDescriptor.java:65)
	at org.junit.platform.engine.support.hierarchical.NodeTestTask.lambda$executeRecursively$5(NodeTestTask.java:139)
	at org.junit.platform.engine.support.hierarchical.ThrowableCollector.execute(ThrowableCollector.java:73)
	at org.junit.platform.engine.support.hierarchical.NodeTestTask.lambda$executeRecursively$7(NodeTestTask.java:129)
	at org.junit.platform.engine.support.hierarchical.Node.around(Node.java:137)
	at org.junit.platform.engine.support.hierarchical.NodeTestTask.lambda$executeRecursively$8(NodeTestTask.java:127)
	at org.junit.platform.engine.support.hierarchical.ThrowableCollector.execute(ThrowableCollector.java:73)
	at org.junit.platform.engine.support.hierarchical.NodeTestTask.executeRecursively(NodeTestTask.java:126)
	at org.junit.platform.engine.support.hierarchical.NodeTestTask.execute(NodeTestTask.java:84)
	at java.util.ArrayList.forEach(ArrayList.java:1259)
	at org.junit.platform.engine.support.hierarchical.SameThreadHierarchicalTestExecutorService.invokeAll(SameThreadHierarchicalTestExecutorService.java:38)
	at org.junit.platform.engine.support.hierarchical.NodeTestTask.lambda$executeRecursively$5(NodeTestTask.java:143)
	at org.junit.platform.engine.support.hierarchical.ThrowableCollector.execute(ThrowableCollector.java:73)
	at org.junit.platform.engine.support.hierarchical.NodeTestTask.lambda$executeRecursively$7(NodeTestTask.java:129)
	at org.junit.platform.engine.support.hierarchical.Node.around(Node.java:137)
	at org.junit.platform.engine.support.hierarchical.NodeTestTask.lambda$executeRecursively$8(NodeTestTask.java:127)
	at org.junit.platform.engine.support.hierarchical.ThrowableCollector.execute(ThrowableCollector.java:73)
	at org.junit.platform.engine.support.hierarchical.NodeTestTask.executeRecursively(NodeTestTask.java:126)
	at org.junit.platform.engine.support.hierarchical.NodeTestTask.execute(NodeTestTask.java:84)
	at java.util.ArrayList.forEach(ArrayList.java:1259)
	at org.junit.platform.engine.support.hierarchical.SameThreadHierarchicalTestExecutorService.invokeAll(SameThreadHierarchicalTestExecutorService.java:38)
	at org.junit.platform.engine.support.hierarchical.NodeTestTask.lambda$executeRecursively$5(NodeTestTask.java:143)
	at org.junit.platform.engine.support.hierarchical.ThrowableCollector.execute(ThrowableCollector.java:73)
	at org.junit.platform.engine.support.hierarchical.NodeTestTask.lambda$executeRecursively$7(NodeTestTask.java:129)
	at org.junit.platform.engine.support.hierarchical.Node.around(Node.java:137)
	at org.junit.platform.engine.support.hierarchical.NodeTestTask.lambda$executeRecursively$8(NodeTestTask.java:127)
	at org.junit.platform.engine.support.hierarchical.ThrowableCollector.execute(ThrowableCollector.java:73)
	at org.junit.platform.engine.support.hierarchical.NodeTestTask.executeRecursively(NodeTestTask.java:126)
	at org.junit.platform.engine.support.hierarchical.NodeTestTask.execute(NodeTestTask.java:84)
	at org.junit.platform.engine.support.hierarchical.SameThreadHierarchicalTestExecutorService.submit(SameThreadHierarchicalTestExecutorService.java:32)
	at org.junit.platform.engine.support.hierarchical.HierarchicalTestExecutor.execute(HierarchicalTestExecutor.java:57)
	at org.junit.platform.engine.support.hierarchical.HierarchicalTestEngine.execute(HierarchicalTestEngine.java:51)
	at org.junit.platform.launcher.core.EngineExecutionOrchestrator.execute(EngineExecutionOrchestrator.java:108)
	at org.junit.platform.launcher.core.EngineExecutionOrchestrator.execute(EngineExecutionOrchestrator.java:88)
	at org.junit.platform.launcher.core.EngineExecutionOrchestrator.lambda$execute$0(EngineExecutionOrchestrator.java:54)
	at org.junit.platform.launcher.core.EngineExecutionOrchestrator.withInterceptedStreams(EngineExecutionOrchestrator.java:67)
	at org.junit.platform.launcher.core.EngineExecutionOrchestrator.execute(EngineExecutionOrchestrator.java:52)
	at org.junit.platform.launcher.core.DefaultLauncher.execute(DefaultLauncher.java:96)
	at org.junit.platform.launcher.core.DefaultLauncher.execute(DefaultLauncher.java:75)
	at org.apache.maven.surefire.junitplatform.JUnitPlatformProvider.execute(JUnitPlatformProvider.java:188)
	at org.apache.maven.surefire.junitplatform.JUnitPlatformProvider.invokeAllTests(JUnitPlatformProvider.java:154)
	at org.apache.maven.surefire.junitplatform.JUnitPlatformProvider.invoke(JUnitPlatformProvider.java:128)
	at org.apache.maven.surefire.booter.ForkedBooter.runSuitesInProcess(ForkedBooter.java:428)
	at org.apache.maven.surefire.booter.ForkedBooter.execute(ForkedBooter.java:162)
	at org.apache.maven.surefire.booter.ForkedBooter.run(ForkedBooter.java:562)
	at org.apache.maven.surefire.booter.ForkedBooter.main(ForkedBooter.java:548)
[main] INFO org.apache.nifi.security.util.crypto.Argon2CipherProviderGroovyTest - IV: 00000000000000000000 10
[main] WARN org.apache.nifi.security.util.crypto.Argon2SecureHasher - The provided memory size 1024 KiB is below the recommended minimum 65536 KiB.
[main] WARN org.apache.nifi.security.util.crypto.Argon2SecureHasher - The provided parallelization factor 1 is below the recommended minimum 8.
[main] WARN org.apache.nifi.security.util.crypto.Argon2SecureHasher - The provided iteration count 3 is below the recommended minimum 5.
[main] WARN org.apache.nifi.security.util.crypto.AESKeyedCipherProvider - An IV was provided of length 10 bytes for encryption but should be 16 bytes
[main] WARN org.apache.nifi.security.util.crypto.AESKeyedCipherProvider - Generating new IV. The value can be obtained in the calling code by invoking 'cipher.getIV()';
[main] WARN org.apache.nifi.security.util.crypto.Argon2SecureHasher - The provided memory size 1024 KiB is below the recommended minimum 65536 KiB.
[main] WARN org.apache.nifi.security.util.crypto.Argon2SecureHasher - The provided parallelization factor 1 is below the recommended minimum 8.
[main] WARN org.apache.nifi.security.util.crypto.Argon2SecureHasher - The provided iteration count 3 is below the recommended minimum 5.
[main] WARN org.apache.nifi.security.util.crypto.AESKeyedCipherProvider - An IV was provided of length 10 bytes for decryption but should be 16 bytes
[main] ERROR org.apache.nifi.security.util.crypto.Argon2CipherProvider - Encountered an error generating the Argon2 hash
java.lang.IllegalArgumentException: Cannot decrypt without a valid IV
	at org.apache.nifi.security.util.crypto.AESKeyedCipherProvider.getInitializedCipher(AESKeyedCipherProvider.java:128)
	at org.apache.nifi.security.util.crypto.AESKeyedCipherProvider.getCipher(AESKeyedCipherProvider.java:60)
	at org.apache.nifi.security.util.crypto.Argon2CipherProvider.getInitializedCipher(Argon2CipherProvider.java:177)
	at org.apache.nifi.security.util.crypto.Argon2CipherProvider.getCipher(Argon2CipherProvider.java:103)
	at org.apache.nifi.security.util.crypto.Argon2CipherProvider$getCipher$0.call(Unknown Source)
	at org.apache.nifi.security.util.crypto.Argon2CipherProviderGroovyTest$_testGetCipherShouldRejectInvalidIV_closure5$_closure13.doCall(Argon2CipherProviderGroovyTest.groovy:189)
	at org.apache.nifi.security.util.crypto.Argon2CipherProviderGroovyTest$_testGetCipherShouldRejectInvalidIV_closure5$_closure13.doCall(Argon2CipherProviderGroovyTest.groovy)
	at sun.reflect.NativeMethodAccessorImpl.invoke0(Native Method)
	at sun.reflect.NativeMethodAccessorImpl.invoke(NativeMethodAccessorImpl.java:62)
	at sun.reflect.DelegatingMethodAccessorImpl.invoke(DelegatingMethodAccessorImpl.java:43)
	at java.lang.reflect.Method.invoke(Method.java:498)
	at org.codehaus.groovy.reflection.CachedMethod.invoke(CachedMethod.java:101)
	at groovy.lang.MetaMethod.doMethodInvoke(MetaMethod.java:323)
	at org.codehaus.groovy.runtime.metaclass.ClosureMetaClass.invokeMethod(ClosureMetaClass.java:263)
	at groovy.lang.MetaClassImpl.invokeMethod(MetaClassImpl.java:1041)
	at groovy.lang.Closure.call(Closure.java:405)
	at groovy.lang.Closure.call(Closure.java:399)
	at groovy.test.GroovyAssert.shouldFail(GroovyAssert.java:118)
	at groovy.test.GroovyAssert$shouldFail.callStatic(Unknown Source)
	at org.apache.nifi.security.util.crypto.Argon2CipherProviderGroovyTest$_testGetCipherShouldRejectInvalidIV_closure5.doCall(Argon2CipherProviderGroovyTest.groovy:188)
	at sun.reflect.NativeMethodAccessorImpl.invoke0(Native Method)
	at sun.reflect.NativeMethodAccessorImpl.invoke(NativeMethodAccessorImpl.java:62)
	at sun.reflect.DelegatingMethodAccessorImpl.invoke(DelegatingMethodAccessorImpl.java:43)
	at java.lang.reflect.Method.invoke(Method.java:498)
	at org.codehaus.groovy.reflection.CachedMethod.invoke(CachedMethod.java:101)
	at groovy.lang.MetaMethod.doMethodInvoke(MetaMethod.java:323)
	at org.codehaus.groovy.runtime.metaclass.ClosureMetaClass.invokeMethod(ClosureMetaClass.java:263)
	at groovy.lang.MetaClassImpl.invokeMethod(MetaClassImpl.java:1041)
	at groovy.lang.Closure.call(Closure.java:405)
	at groovy.lang.Closure.call(Closure.java:421)
	at org.codehaus.groovy.runtime.DefaultGroovyMethods.each(DefaultGroovyMethods.java:2330)
	at org.codehaus.groovy.runtime.DefaultGroovyMethods.each(DefaultGroovyMethods.java:2315)
	at org.codehaus.groovy.runtime.DefaultGroovyMethods.each(DefaultGroovyMethods.java:2356)
	at org.codehaus.groovy.runtime.dgm$186.invoke(Unknown Source)
	at org.codehaus.groovy.runtime.callsite.PojoMetaMethodSite$PojoMetaMethodSiteNoUnwrapNoCoerce.invoke(PojoMetaMethodSite.java:244)
	at org.codehaus.groovy.runtime.callsite.PojoMetaMethodSite.call(PojoMetaMethodSite.java:53)
	at org.codehaus.groovy.runtime.callsite.CallSiteArray.defaultCall(CallSiteArray.java:47)
	at org.codehaus.groovy.runtime.callsite.AbstractCallSite.call(AbstractCallSite.java:115)
	at org.codehaus.groovy.runtime.callsite.AbstractCallSite.call(AbstractCallSite.java:127)
	at org.apache.nifi.security.util.crypto.Argon2CipherProviderGroovyTest.testGetCipherShouldRejectInvalidIV(Argon2CipherProviderGroovyTest.groovy:181)
	at sun.reflect.NativeMethodAccessorImpl.invoke0(Native Method)
	at sun.reflect.NativeMethodAccessorImpl.invoke(NativeMethodAccessorImpl.java:62)
	at sun.reflect.DelegatingMethodAccessorImpl.invoke(DelegatingMethodAccessorImpl.java:43)
	at java.lang.reflect.Method.invoke(Method.java:498)
	at org.junit.platform.commons.util.ReflectionUtils.invokeMethod(ReflectionUtils.java:688)
	at org.junit.jupiter.engine.execution.MethodInvocation.proceed(MethodInvocation.java:60)
	at org.junit.jupiter.engine.execution.InvocationInterceptorChain$ValidatingInvocation.proceed(InvocationInterceptorChain.java:131)
	at org.junit.jupiter.engine.extension.TimeoutExtension.intercept(TimeoutExtension.java:149)
	at org.junit.jupiter.engine.extension.TimeoutExtension.interceptTestableMethod(TimeoutExtension.java:140)
	at org.junit.jupiter.engine.extension.TimeoutExtension.interceptTestMethod(TimeoutExtension.java:84)
	at org.junit.jupiter.engine.execution.ExecutableInvoker$ReflectiveInterceptorCall.lambda$ofVoidMethod$0(ExecutableInvoker.java:115)
	at org.junit.jupiter.engine.execution.ExecutableInvoker.lambda$invoke$0(ExecutableInvoker.java:105)
	at org.junit.jupiter.engine.execution.InvocationInterceptorChain$InterceptedInvocation.proceed(InvocationInterceptorChain.java:106)
	at org.junit.jupiter.engine.execution.InvocationInterceptorChain.proceed(InvocationInterceptorChain.java:64)
	at org.junit.jupiter.engine.execution.InvocationInterceptorChain.chainAndInvoke(InvocationInterceptorChain.java:45)
	at org.junit.jupiter.engine.execution.InvocationInterceptorChain.invoke(InvocationInterceptorChain.java:37)
	at org.junit.jupiter.engine.execution.ExecutableInvoker.invoke(ExecutableInvoker.java:104)
	at org.junit.jupiter.engine.execution.ExecutableInvoker.invoke(ExecutableInvoker.java:98)
	at org.junit.jupiter.engine.descriptor.TestMethodTestDescriptor.lambda$invokeTestMethod$6(TestMethodTestDescriptor.java:210)
	at org.junit.platform.engine.support.hierarchical.ThrowableCollector.execute(ThrowableCollector.java:73)
	at org.junit.jupiter.engine.descriptor.TestMethodTestDescriptor.invokeTestMethod(TestMethodTestDescriptor.java:206)
	at org.junit.jupiter.engine.descriptor.TestMethodTestDescriptor.execute(TestMethodTestDescriptor.java:131)
	at org.junit.jupiter.engine.descriptor.TestMethodTestDescriptor.execute(TestMethodTestDescriptor.java:65)
	at org.junit.platform.engine.support.hierarchical.NodeTestTask.lambda$executeRecursively$5(NodeTestTask.java:139)
	at org.junit.platform.engine.support.hierarchical.ThrowableCollector.execute(ThrowableCollector.java:73)
	at org.junit.platform.engine.support.hierarchical.NodeTestTask.lambda$executeRecursively$7(NodeTestTask.java:129)
	at org.junit.platform.engine.support.hierarchical.Node.around(Node.java:137)
	at org.junit.platform.engine.support.hierarchical.NodeTestTask.lambda$executeRecursively$8(NodeTestTask.java:127)
	at org.junit.platform.engine.support.hierarchical.ThrowableCollector.execute(ThrowableCollector.java:73)
	at org.junit.platform.engine.support.hierarchical.NodeTestTask.executeRecursively(NodeTestTask.java:126)
	at org.junit.platform.engine.support.hierarchical.NodeTestTask.execute(NodeTestTask.java:84)
	at java.util.ArrayList.forEach(ArrayList.java:1259)
	at org.junit.platform.engine.support.hierarchical.SameThreadHierarchicalTestExecutorService.invokeAll(SameThreadHierarchicalTestExecutorService.java:38)
	at org.junit.platform.engine.support.hierarchical.NodeTestTask.lambda$executeRecursively$5(NodeTestTask.java:143)
	at org.junit.platform.engine.support.hierarchical.ThrowableCollector.execute(ThrowableCollector.java:73)
	at org.junit.platform.engine.support.hierarchical.NodeTestTask.lambda$executeRecursively$7(NodeTestTask.java:129)
	at org.junit.platform.engine.support.hierarchical.Node.around(Node.java:137)
	at org.junit.platform.engine.support.hierarchical.NodeTestTask.lambda$executeRecursively$8(NodeTestTask.java:127)
	at org.junit.platform.engine.support.hierarchical.ThrowableCollector.execute(ThrowableCollector.java:73)
	at org.junit.platform.engine.support.hierarchical.NodeTestTask.executeRecursively(NodeTestTask.java:126)
	at org.junit.platform.engine.support.hierarchical.NodeTestTask.execute(NodeTestTask.java:84)
	at java.util.ArrayList.forEach(ArrayList.java:1259)
	at org.junit.platform.engine.support.hierarchical.SameThreadHierarchicalTestExecutorService.invokeAll(SameThreadHierarchicalTestExecutorService.java:38)
	at org.junit.platform.engine.support.hierarchical.NodeTestTask.lambda$executeRecursively$5(NodeTestTask.java:143)
	at org.junit.platform.engine.support.hierarchical.ThrowableCollector.execute(ThrowableCollector.java:73)
	at org.junit.platform.engine.support.hierarchical.NodeTestTask.lambda$executeRecursively$7(NodeTestTask.java:129)
	at org.junit.platform.engine.support.hierarchical.Node.around(Node.java:137)
	at org.junit.platform.engine.support.hierarchical.NodeTestTask.lambda$executeRecursively$8(NodeTestTask.java:127)
	at org.junit.platform.engine.support.hierarchical.ThrowableCollector.execute(ThrowableCollector.java:73)
	at org.junit.platform.engine.support.hierarchical.NodeTestTask.executeRecursively(NodeTestTask.java:126)
	at org.junit.platform.engine.support.hierarchical.NodeTestTask.execute(NodeTestTask.java:84)
	at org.junit.platform.engine.support.hierarchical.SameThreadHierarchicalTestExecutorService.submit(SameThreadHierarchicalTestExecutorService.java:32)
	at org.junit.platform.engine.support.hierarchical.HierarchicalTestExecutor.execute(HierarchicalTestExecutor.java:57)
	at org.junit.platform.engine.support.hierarchical.HierarchicalTestEngine.execute(HierarchicalTestEngine.java:51)
	at org.junit.platform.launcher.core.EngineExecutionOrchestrator.execute(EngineExecutionOrchestrator.java:108)
	at org.junit.platform.launcher.core.EngineExecutionOrchestrator.execute(EngineExecutionOrchestrator.java:88)
	at org.junit.platform.launcher.core.EngineExecutionOrchestrator.lambda$execute$0(EngineExecutionOrchestrator.java:54)
	at org.junit.platform.launcher.core.EngineExecutionOrchestrator.withInterceptedStreams(EngineExecutionOrchestrator.java:67)
	at org.junit.platform.launcher.core.EngineExecutionOrchestrator.execute(EngineExecutionOrchestrator.java:52)
	at org.junit.platform.launcher.core.DefaultLauncher.execute(DefaultLauncher.java:96)
	at org.junit.platform.launcher.core.DefaultLauncher.execute(DefaultLauncher.java:75)
	at org.apache.maven.surefire.junitplatform.JUnitPlatformProvider.execute(JUnitPlatformProvider.java:188)
	at org.apache.maven.surefire.junitplatform.JUnitPlatformProvider.invokeAllTests(JUnitPlatformProvider.java:154)
	at org.apache.maven.surefire.junitplatform.JUnitPlatformProvider.invoke(JUnitPlatformProvider.java:128)
	at org.apache.maven.surefire.booter.ForkedBooter.runSuitesInProcess(ForkedBooter.java:428)
	at org.apache.maven.surefire.booter.ForkedBooter.execute(ForkedBooter.java:162)
	at org.apache.maven.surefire.booter.ForkedBooter.run(ForkedBooter.java:562)
	at org.apache.maven.surefire.booter.ForkedBooter.main(ForkedBooter.java:548)
[main] INFO org.apache.nifi.security.util.crypto.Argon2CipherProviderGroovyTest - IV: 0000000000000000000000 11
[main] WARN org.apache.nifi.security.util.crypto.Argon2SecureHasher - The provided memory size 1024 KiB is below the recommended minimum 65536 KiB.
[main] WARN org.apache.nifi.security.util.crypto.Argon2SecureHasher - The provided parallelization factor 1 is below the recommended minimum 8.
[main] WARN org.apache.nifi.security.util.crypto.Argon2SecureHasher - The provided iteration count 3 is below the recommended minimum 5.
[main] WARN org.apache.nifi.security.util.crypto.AESKeyedCipherProvider - An IV was provided of length 11 bytes for encryption but should be 16 bytes
[main] WARN org.apache.nifi.security.util.crypto.AESKeyedCipherProvider - Generating new IV. The value can be obtained in the calling code by invoking 'cipher.getIV()';
[main] WARN org.apache.nifi.security.util.crypto.Argon2SecureHasher - The provided memory size 1024 KiB is below the recommended minimum 65536 KiB.
[main] WARN org.apache.nifi.security.util.crypto.Argon2SecureHasher - The provided parallelization factor 1 is below the recommended minimum 8.
[main] WARN org.apache.nifi.security.util.crypto.Argon2SecureHasher - The provided iteration count 3 is below the recommended minimum 5.
[main] WARN org.apache.nifi.security.util.crypto.AESKeyedCipherProvider - An IV was provided of length 11 bytes for decryption but should be 16 bytes
[main] ERROR org.apache.nifi.security.util.crypto.Argon2CipherProvider - Encountered an error generating the Argon2 hash
java.lang.IllegalArgumentException: Cannot decrypt without a valid IV
	at org.apache.nifi.security.util.crypto.AESKeyedCipherProvider.getInitializedCipher(AESKeyedCipherProvider.java:128)
	at org.apache.nifi.security.util.crypto.AESKeyedCipherProvider.getCipher(AESKeyedCipherProvider.java:60)
	at org.apache.nifi.security.util.crypto.Argon2CipherProvider.getInitializedCipher(Argon2CipherProvider.java:177)
	at org.apache.nifi.security.util.crypto.Argon2CipherProvider.getCipher(Argon2CipherProvider.java:103)
	at org.apache.nifi.security.util.crypto.Argon2CipherProvider$getCipher$0.call(Unknown Source)
	at org.apache.nifi.security.util.crypto.Argon2CipherProviderGroovyTest$_testGetCipherShouldRejectInvalidIV_closure5$_closure13.doCall(Argon2CipherProviderGroovyTest.groovy:189)
	at org.apache.nifi.security.util.crypto.Argon2CipherProviderGroovyTest$_testGetCipherShouldRejectInvalidIV_closure5$_closure13.doCall(Argon2CipherProviderGroovyTest.groovy)
	at sun.reflect.NativeMethodAccessorImpl.invoke0(Native Method)
	at sun.reflect.NativeMethodAccessorImpl.invoke(NativeMethodAccessorImpl.java:62)
	at sun.reflect.DelegatingMethodAccessorImpl.invoke(DelegatingMethodAccessorImpl.java:43)
	at java.lang.reflect.Method.invoke(Method.java:498)
	at org.codehaus.groovy.reflection.CachedMethod.invoke(CachedMethod.java:101)
	at groovy.lang.MetaMethod.doMethodInvoke(MetaMethod.java:323)
	at org.codehaus.groovy.runtime.metaclass.ClosureMetaClass.invokeMethod(ClosureMetaClass.java:263)
	at groovy.lang.MetaClassImpl.invokeMethod(MetaClassImpl.java:1041)
	at groovy.lang.Closure.call(Closure.java:405)
	at groovy.lang.Closure.call(Closure.java:399)
	at groovy.test.GroovyAssert.shouldFail(GroovyAssert.java:118)
	at groovy.test.GroovyAssert$shouldFail.callStatic(Unknown Source)
	at org.apache.nifi.security.util.crypto.Argon2CipherProviderGroovyTest$_testGetCipherShouldRejectInvalidIV_closure5.doCall(Argon2CipherProviderGroovyTest.groovy:188)
	at sun.reflect.NativeMethodAccessorImpl.invoke0(Native Method)
	at sun.reflect.NativeMethodAccessorImpl.invoke(NativeMethodAccessorImpl.java:62)
	at sun.reflect.DelegatingMethodAccessorImpl.invoke(DelegatingMethodAccessorImpl.java:43)
	at java.lang.reflect.Method.invoke(Method.java:498)
	at org.codehaus.groovy.reflection.CachedMethod.invoke(CachedMethod.java:101)
	at groovy.lang.MetaMethod.doMethodInvoke(MetaMethod.java:323)
	at org.codehaus.groovy.runtime.metaclass.ClosureMetaClass.invokeMethod(ClosureMetaClass.java:263)
	at groovy.lang.MetaClassImpl.invokeMethod(MetaClassImpl.java:1041)
	at groovy.lang.Closure.call(Closure.java:405)
	at groovy.lang.Closure.call(Closure.java:421)
	at org.codehaus.groovy.runtime.DefaultGroovyMethods.each(DefaultGroovyMethods.java:2330)
	at org.codehaus.groovy.runtime.DefaultGroovyMethods.each(DefaultGroovyMethods.java:2315)
	at org.codehaus.groovy.runtime.DefaultGroovyMethods.each(DefaultGroovyMethods.java:2356)
	at org.codehaus.groovy.runtime.dgm$186.invoke(Unknown Source)
	at org.codehaus.groovy.runtime.callsite.PojoMetaMethodSite$PojoMetaMethodSiteNoUnwrapNoCoerce.invoke(PojoMetaMethodSite.java:244)
	at org.codehaus.groovy.runtime.callsite.PojoMetaMethodSite.call(PojoMetaMethodSite.java:53)
	at org.codehaus.groovy.runtime.callsite.CallSiteArray.defaultCall(CallSiteArray.java:47)
	at org.codehaus.groovy.runtime.callsite.AbstractCallSite.call(AbstractCallSite.java:115)
	at org.codehaus.groovy.runtime.callsite.AbstractCallSite.call(AbstractCallSite.java:127)
	at org.apache.nifi.security.util.crypto.Argon2CipherProviderGroovyTest.testGetCipherShouldRejectInvalidIV(Argon2CipherProviderGroovyTest.groovy:181)
	at sun.reflect.NativeMethodAccessorImpl.invoke0(Native Method)
	at sun.reflect.NativeMethodAccessorImpl.invoke(NativeMethodAccessorImpl.java:62)
	at sun.reflect.DelegatingMethodAccessorImpl.invoke(DelegatingMethodAccessorImpl.java:43)
	at java.lang.reflect.Method.invoke(Method.java:498)
	at org.junit.platform.commons.util.ReflectionUtils.invokeMethod(ReflectionUtils.java:688)
	at org.junit.jupiter.engine.execution.MethodInvocation.proceed(MethodInvocation.java:60)
	at org.junit.jupiter.engine.execution.InvocationInterceptorChain$ValidatingInvocation.proceed(InvocationInterceptorChain.java:131)
	at org.junit.jupiter.engine.extension.TimeoutExtension.intercept(TimeoutExtension.java:149)
	at org.junit.jupiter.engine.extension.TimeoutExtension.interceptTestableMethod(TimeoutExtension.java:140)
	at org.junit.jupiter.engine.extension.TimeoutExtension.interceptTestMethod(TimeoutExtension.java:84)
	at org.junit.jupiter.engine.execution.ExecutableInvoker$ReflectiveInterceptorCall.lambda$ofVoidMethod$0(ExecutableInvoker.java:115)
	at org.junit.jupiter.engine.execution.ExecutableInvoker.lambda$invoke$0(ExecutableInvoker.java:105)
	at org.junit.jupiter.engine.execution.InvocationInterceptorChain$InterceptedInvocation.proceed(InvocationInterceptorChain.java:106)
	at org.junit.jupiter.engine.execution.InvocationInterceptorChain.proceed(InvocationInterceptorChain.java:64)
	at org.junit.jupiter.engine.execution.InvocationInterceptorChain.chainAndInvoke(InvocationInterceptorChain.java:45)
	at org.junit.jupiter.engine.execution.InvocationInterceptorChain.invoke(InvocationInterceptorChain.java:37)
	at org.junit.jupiter.engine.execution.ExecutableInvoker.invoke(ExecutableInvoker.java:104)
	at org.junit.jupiter.engine.execution.ExecutableInvoker.invoke(ExecutableInvoker.java:98)
	at org.junit.jupiter.engine.descriptor.TestMethodTestDescriptor.lambda$invokeTestMethod$6(TestMethodTestDescriptor.java:210)
	at org.junit.platform.engine.support.hierarchical.ThrowableCollector.execute(ThrowableCollector.java:73)
	at org.junit.jupiter.engine.descriptor.TestMethodTestDescriptor.invokeTestMethod(TestMethodTestDescriptor.java:206)
	at org.junit.jupiter.engine.descriptor.TestMethodTestDescriptor.execute(TestMethodTestDescriptor.java:131)
	at org.junit.jupiter.engine.descriptor.TestMethodTestDescriptor.execute(TestMethodTestDescriptor.java:65)
	at org.junit.platform.engine.support.hierarchical.NodeTestTask.lambda$executeRecursively$5(NodeTestTask.java:139)
	at org.junit.platform.engine.support.hierarchical.ThrowableCollector.execute(ThrowableCollector.java:73)
	at org.junit.platform.engine.support.hierarchical.NodeTestTask.lambda$executeRecursively$7(NodeTestTask.java:129)
	at org.junit.platform.engine.support.hierarchical.Node.around(Node.java:137)
	at org.junit.platform.engine.support.hierarchical.NodeTestTask.lambda$executeRecursively$8(NodeTestTask.java:127)
	at org.junit.platform.engine.support.hierarchical.ThrowableCollector.execute(ThrowableCollector.java:73)
	at org.junit.platform.engine.support.hierarchical.NodeTestTask.executeRecursively(NodeTestTask.java:126)
	at org.junit.platform.engine.support.hierarchical.NodeTestTask.execute(NodeTestTask.java:84)
	at java.util.ArrayList.forEach(ArrayList.java:1259)
	at org.junit.platform.engine.support.hierarchical.SameThreadHierarchicalTestExecutorService.invokeAll(SameThreadHierarchicalTestExecutorService.java:38)
	at org.junit.platform.engine.support.hierarchical.NodeTestTask.lambda$executeRecursively$5(NodeTestTask.java:143)
	at org.junit.platform.engine.support.hierarchical.ThrowableCollector.execute(ThrowableCollector.java:73)
	at org.junit.platform.engine.support.hierarchical.NodeTestTask.lambda$executeRecursively$7(NodeTestTask.java:129)
	at org.junit.platform.engine.support.hierarchical.Node.around(Node.java:137)
	at org.junit.platform.engine.support.hierarchical.NodeTestTask.lambda$executeRecursively$8(NodeTestTask.java:127)
	at org.junit.platform.engine.support.hierarchical.ThrowableCollector.execute(ThrowableCollector.java:73)
	at org.junit.platform.engine.support.hierarchical.NodeTestTask.executeRecursively(NodeTestTask.java:126)
	at org.junit.platform.engine.support.hierarchical.NodeTestTask.execute(NodeTestTask.java:84)
	at java.util.ArrayList.forEach(ArrayList.java:1259)
	at org.junit.platform.engine.support.hierarchical.SameThreadHierarchicalTestExecutorService.invokeAll(SameThreadHierarchicalTestExecutorService.java:38)
	at org.junit.platform.engine.support.hierarchical.NodeTestTask.lambda$executeRecursively$5(NodeTestTask.java:143)
	at org.junit.platform.engine.support.hierarchical.ThrowableCollector.execute(ThrowableCollector.java:73)
	at org.junit.platform.engine.support.hierarchical.NodeTestTask.lambda$executeRecursively$7(NodeTestTask.java:129)
	at org.junit.platform.engine.support.hierarchical.Node.around(Node.java:137)
	at org.junit.platform.engine.support.hierarchical.NodeTestTask.lambda$executeRecursively$8(NodeTestTask.java:127)
	at org.junit.platform.engine.support.hierarchical.ThrowableCollector.execute(ThrowableCollector.java:73)
	at org.junit.platform.engine.support.hierarchical.NodeTestTask.executeRecursively(NodeTestTask.java:126)
	at org.junit.platform.engine.support.hierarchical.NodeTestTask.execute(NodeTestTask.java:84)
	at org.junit.platform.engine.support.hierarchical.SameThreadHierarchicalTestExecutorService.submit(SameThreadHierarchicalTestExecutorService.java:32)
	at org.junit.platform.engine.support.hierarchical.HierarchicalTestExecutor.execute(HierarchicalTestExecutor.java:57)
	at org.junit.platform.engine.support.hierarchical.HierarchicalTestEngine.execute(HierarchicalTestEngine.java:51)
	at org.junit.platform.launcher.core.EngineExecutionOrchestrator.execute(EngineExecutionOrchestrator.java:108)
	at org.junit.platform.launcher.core.EngineExecutionOrchestrator.execute(EngineExecutionOrchestrator.java:88)
	at org.junit.platform.launcher.core.EngineExecutionOrchestrator.lambda$execute$0(EngineExecutionOrchestrator.java:54)
	at org.junit.platform.launcher.core.EngineExecutionOrchestrator.withInterceptedStreams(EngineExecutionOrchestrator.java:67)
	at org.junit.platform.launcher.core.EngineExecutionOrchestrator.execute(EngineExecutionOrchestrator.java:52)
	at org.junit.platform.launcher.core.DefaultLauncher.execute(DefaultLauncher.java:96)
	at org.junit.platform.launcher.core.DefaultLauncher.execute(DefaultLauncher.java:75)
	at org.apache.maven.surefire.junitplatform.JUnitPlatformProvider.execute(JUnitPlatformProvider.java:188)
	at org.apache.maven.surefire.junitplatform.JUnitPlatformProvider.invokeAllTests(JUnitPlatformProvider.java:154)
	at org.apache.maven.surefire.junitplatform.JUnitPlatformProvider.invoke(JUnitPlatformProvider.java:128)
	at org.apache.maven.surefire.booter.ForkedBooter.runSuitesInProcess(ForkedBooter.java:428)
	at org.apache.maven.surefire.booter.ForkedBooter.execute(ForkedBooter.java:162)
	at org.apache.maven.surefire.booter.ForkedBooter.run(ForkedBooter.java:562)
	at org.apache.maven.surefire.booter.ForkedBooter.main(ForkedBooter.java:548)
[main] INFO org.apache.nifi.security.util.crypto.Argon2CipherProviderGroovyTest - IV: 000000000000000000000000 12
[main] WARN org.apache.nifi.security.util.crypto.Argon2SecureHasher - The provided memory size 1024 KiB is below the recommended minimum 65536 KiB.
[main] WARN org.apache.nifi.security.util.crypto.Argon2SecureHasher - The provided parallelization factor 1 is below the recommended minimum 8.
[main] WARN org.apache.nifi.security.util.crypto.Argon2SecureHasher - The provided iteration count 3 is below the recommended minimum 5.
[main] WARN org.apache.nifi.security.util.crypto.AESKeyedCipherProvider - An IV was provided of length 12 bytes for encryption but should be 16 bytes
[main] WARN org.apache.nifi.security.util.crypto.AESKeyedCipherProvider - Generating new IV. The value can be obtained in the calling code by invoking 'cipher.getIV()';
[main] WARN org.apache.nifi.security.util.crypto.Argon2SecureHasher - The provided memory size 1024 KiB is below the recommended minimum 65536 KiB.
[main] WARN org.apache.nifi.security.util.crypto.Argon2SecureHasher - The provided parallelization factor 1 is below the recommended minimum 8.
[main] WARN org.apache.nifi.security.util.crypto.Argon2SecureHasher - The provided iteration count 3 is below the recommended minimum 5.
[main] WARN org.apache.nifi.security.util.crypto.AESKeyedCipherProvider - An IV was provided of length 12 bytes for decryption but should be 16 bytes
[main] ERROR org.apache.nifi.security.util.crypto.Argon2CipherProvider - Encountered an error generating the Argon2 hash
java.lang.IllegalArgumentException: Cannot decrypt without a valid IV
	at org.apache.nifi.security.util.crypto.AESKeyedCipherProvider.getInitializedCipher(AESKeyedCipherProvider.java:128)
	at org.apache.nifi.security.util.crypto.AESKeyedCipherProvider.getCipher(AESKeyedCipherProvider.java:60)
	at org.apache.nifi.security.util.crypto.Argon2CipherProvider.getInitializedCipher(Argon2CipherProvider.java:177)
	at org.apache.nifi.security.util.crypto.Argon2CipherProvider.getCipher(Argon2CipherProvider.java:103)
	at org.apache.nifi.security.util.crypto.Argon2CipherProvider$getCipher$0.call(Unknown Source)
	at org.apache.nifi.security.util.crypto.Argon2CipherProviderGroovyTest$_testGetCipherShouldRejectInvalidIV_closure5$_closure13.doCall(Argon2CipherProviderGroovyTest.groovy:189)
	at org.apache.nifi.security.util.crypto.Argon2CipherProviderGroovyTest$_testGetCipherShouldRejectInvalidIV_closure5$_closure13.doCall(Argon2CipherProviderGroovyTest.groovy)
	at sun.reflect.NativeMethodAccessorImpl.invoke0(Native Method)
	at sun.reflect.NativeMethodAccessorImpl.invoke(NativeMethodAccessorImpl.java:62)
	at sun.reflect.DelegatingMethodAccessorImpl.invoke(DelegatingMethodAccessorImpl.java:43)
	at java.lang.reflect.Method.invoke(Method.java:498)
	at org.codehaus.groovy.reflection.CachedMethod.invoke(CachedMethod.java:101)
	at groovy.lang.MetaMethod.doMethodInvoke(MetaMethod.java:323)
	at org.codehaus.groovy.runtime.metaclass.ClosureMetaClass.invokeMethod(ClosureMetaClass.java:263)
	at groovy.lang.MetaClassImpl.invokeMethod(MetaClassImpl.java:1041)
	at groovy.lang.Closure.call(Closure.java:405)
	at groovy.lang.Closure.call(Closure.java:399)
	at groovy.test.GroovyAssert.shouldFail(GroovyAssert.java:118)
	at groovy.test.GroovyAssert$shouldFail.callStatic(Unknown Source)
	at org.apache.nifi.security.util.crypto.Argon2CipherProviderGroovyTest$_testGetCipherShouldRejectInvalidIV_closure5.doCall(Argon2CipherProviderGroovyTest.groovy:188)
	at sun.reflect.NativeMethodAccessorImpl.invoke0(Native Method)
	at sun.reflect.NativeMethodAccessorImpl.invoke(NativeMethodAccessorImpl.java:62)
	at sun.reflect.DelegatingMethodAccessorImpl.invoke(DelegatingMethodAccessorImpl.java:43)
	at java.lang.reflect.Method.invoke(Method.java:498)
	at org.codehaus.groovy.reflection.CachedMethod.invoke(CachedMethod.java:101)
	at groovy.lang.MetaMethod.doMethodInvoke(MetaMethod.java:323)
	at org.codehaus.groovy.runtime.metaclass.ClosureMetaClass.invokeMethod(ClosureMetaClass.java:263)
	at groovy.lang.MetaClassImpl.invokeMethod(MetaClassImpl.java:1041)
	at groovy.lang.Closure.call(Closure.java:405)
	at groovy.lang.Closure.call(Closure.java:421)
	at org.codehaus.groovy.runtime.DefaultGroovyMethods.each(DefaultGroovyMethods.java:2330)
	at org.codehaus.groovy.runtime.DefaultGroovyMethods.each(DefaultGroovyMethods.java:2315)
	at org.codehaus.groovy.runtime.DefaultGroovyMethods.each(DefaultGroovyMethods.java:2356)
	at org.codehaus.groovy.runtime.dgm$186.invoke(Unknown Source)
	at org.codehaus.groovy.runtime.callsite.PojoMetaMethodSite$PojoMetaMethodSiteNoUnwrapNoCoerce.invoke(PojoMetaMethodSite.java:244)
	at org.codehaus.groovy.runtime.callsite.PojoMetaMethodSite.call(PojoMetaMethodSite.java:53)
	at org.codehaus.groovy.runtime.callsite.CallSiteArray.defaultCall(CallSiteArray.java:47)
	at org.codehaus.groovy.runtime.callsite.AbstractCallSite.call(AbstractCallSite.java:115)
	at org.codehaus.groovy.runtime.callsite.AbstractCallSite.call(AbstractCallSite.java:127)
	at org.apache.nifi.security.util.crypto.Argon2CipherProviderGroovyTest.testGetCipherShouldRejectInvalidIV(Argon2CipherProviderGroovyTest.groovy:181)
	at sun.reflect.NativeMethodAccessorImpl.invoke0(Native Method)
	at sun.reflect.NativeMethodAccessorImpl.invoke(NativeMethodAccessorImpl.java:62)
	at sun.reflect.DelegatingMethodAccessorImpl.invoke(DelegatingMethodAccessorImpl.java:43)
	at java.lang.reflect.Method.invoke(Method.java:498)
	at org.junit.platform.commons.util.ReflectionUtils.invokeMethod(ReflectionUtils.java:688)
	at org.junit.jupiter.engine.execution.MethodInvocation.proceed(MethodInvocation.java:60)
	at org.junit.jupiter.engine.execution.InvocationInterceptorChain$ValidatingInvocation.proceed(InvocationInterceptorChain.java:131)
	at org.junit.jupiter.engine.extension.TimeoutExtension.intercept(TimeoutExtension.java:149)
	at org.junit.jupiter.engine.extension.TimeoutExtension.interceptTestableMethod(TimeoutExtension.java:140)
	at org.junit.jupiter.engine.extension.TimeoutExtension.interceptTestMethod(TimeoutExtension.java:84)
	at org.junit.jupiter.engine.execution.ExecutableInvoker$ReflectiveInterceptorCall.lambda$ofVoidMethod$0(ExecutableInvoker.java:115)
	at org.junit.jupiter.engine.execution.ExecutableInvoker.lambda$invoke$0(ExecutableInvoker.java:105)
	at org.junit.jupiter.engine.execution.InvocationInterceptorChain$InterceptedInvocation.proceed(InvocationInterceptorChain.java:106)
	at org.junit.jupiter.engine.execution.InvocationInterceptorChain.proceed(InvocationInterceptorChain.java:64)
	at org.junit.jupiter.engine.execution.InvocationInterceptorChain.chainAndInvoke(InvocationInterceptorChain.java:45)
	at org.junit.jupiter.engine.execution.InvocationInterceptorChain.invoke(InvocationInterceptorChain.java:37)
	at org.junit.jupiter.engine.execution.ExecutableInvoker.invoke(ExecutableInvoker.java:104)
	at org.junit.jupiter.engine.execution.ExecutableInvoker.invoke(ExecutableInvoker.java:98)
	at org.junit.jupiter.engine.descriptor.TestMethodTestDescriptor.lambda$invokeTestMethod$6(TestMethodTestDescriptor.java:210)
	at org.junit.platform.engine.support.hierarchical.ThrowableCollector.execute(ThrowableCollector.java:73)
	at org.junit.jupiter.engine.descriptor.TestMethodTestDescriptor.invokeTestMethod(TestMethodTestDescriptor.java:206)
	at org.junit.jupiter.engine.descriptor.TestMethodTestDescriptor.execute(TestMethodTestDescriptor.java:131)
	at org.junit.jupiter.engine.descriptor.TestMethodTestDescriptor.execute(TestMethodTestDescriptor.java:65)
	at org.junit.platform.engine.support.hierarchical.NodeTestTask.lambda$executeRecursively$5(NodeTestTask.java:139)
	at org.junit.platform.engine.support.hierarchical.ThrowableCollector.execute(ThrowableCollector.java:73)
	at org.junit.platform.engine.support.hierarchical.NodeTestTask.lambda$executeRecursively$7(NodeTestTask.java:129)
	at org.junit.platform.engine.support.hierarchical.Node.around(Node.java:137)
	at org.junit.platform.engine.support.hierarchical.NodeTestTask.lambda$executeRecursively$8(NodeTestTask.java:127)
	at org.junit.platform.engine.support.hierarchical.ThrowableCollector.execute(ThrowableCollector.java:73)
	at org.junit.platform.engine.support.hierarchical.NodeTestTask.executeRecursively(NodeTestTask.java:126)
	at org.junit.platform.engine.support.hierarchical.NodeTestTask.execute(NodeTestTask.java:84)
	at java.util.ArrayList.forEach(ArrayList.java:1259)
	at org.junit.platform.engine.support.hierarchical.SameThreadHierarchicalTestExecutorService.invokeAll(SameThreadHierarchicalTestExecutorService.java:38)
	at org.junit.platform.engine.support.hierarchical.NodeTestTask.lambda$executeRecursively$5(NodeTestTask.java:143)
	at org.junit.platform.engine.support.hierarchical.ThrowableCollector.execute(ThrowableCollector.java:73)
	at org.junit.platform.engine.support.hierarchical.NodeTestTask.lambda$executeRecursively$7(NodeTestTask.java:129)
	at org.junit.platform.engine.support.hierarchical.Node.around(Node.java:137)
	at org.junit.platform.engine.support.hierarchical.NodeTestTask.lambda$executeRecursively$8(NodeTestTask.java:127)
	at org.junit.platform.engine.support.hierarchical.ThrowableCollector.execute(ThrowableCollector.java:73)
	at org.junit.platform.engine.support.hierarchical.NodeTestTask.executeRecursively(NodeTestTask.java:126)
	at org.junit.platform.engine.support.hierarchical.NodeTestTask.execute(NodeTestTask.java:84)
	at java.util.ArrayList.forEach(ArrayList.java:1259)
	at org.junit.platform.engine.support.hierarchical.SameThreadHierarchicalTestExecutorService.invokeAll(SameThreadHierarchicalTestExecutorService.java:38)
	at org.junit.platform.engine.support.hierarchical.NodeTestTask.lambda$executeRecursively$5(NodeTestTask.java:143)
	at org.junit.platform.engine.support.hierarchical.ThrowableCollector.execute(ThrowableCollector.java:73)
	at org.junit.platform.engine.support.hierarchical.NodeTestTask.lambda$executeRecursively$7(NodeTestTask.java:129)
	at org.junit.platform.engine.support.hierarchical.Node.around(Node.java:137)
	at org.junit.platform.engine.support.hierarchical.NodeTestTask.lambda$executeRecursively$8(NodeTestTask.java:127)
	at org.junit.platform.engine.support.hierarchical.ThrowableCollector.execute(ThrowableCollector.java:73)
	at org.junit.platform.engine.support.hierarchical.NodeTestTask.executeRecursively(NodeTestTask.java:126)
	at org.junit.platform.engine.support.hierarchical.NodeTestTask.execute(NodeTestTask.java:84)
	at org.junit.platform.engine.support.hierarchical.SameThreadHierarchicalTestExecutorService.submit(SameThreadHierarchicalTestExecutorService.java:32)
	at org.junit.platform.engine.support.hierarchical.HierarchicalTestExecutor.execute(HierarchicalTestExecutor.java:57)
	at org.junit.platform.engine.support.hierarchical.HierarchicalTestEngine.execute(HierarchicalTestEngine.java:51)
	at org.junit.platform.launcher.core.EngineExecutionOrchestrator.execute(EngineExecutionOrchestrator.java:108)
	at org.junit.platform.launcher.core.EngineExecutionOrchestrator.execute(EngineExecutionOrchestrator.java:88)
	at org.junit.platform.launcher.core.EngineExecutionOrchestrator.lambda$execute$0(EngineExecutionOrchestrator.java:54)
	at org.junit.platform.launcher.core.EngineExecutionOrchestrator.withInterceptedStreams(EngineExecutionOrchestrator.java:67)
	at org.junit.platform.launcher.core.EngineExecutionOrchestrator.execute(EngineExecutionOrchestrator.java:52)
	at org.junit.platform.launcher.core.DefaultLauncher.execute(DefaultLauncher.java:96)
	at org.junit.platform.launcher.core.DefaultLauncher.execute(DefaultLauncher.java:75)
	at org.apache.maven.surefire.junitplatform.JUnitPlatformProvider.execute(JUnitPlatformProvider.java:188)
	at org.apache.maven.surefire.junitplatform.JUnitPlatformProvider.invokeAllTests(JUnitPlatformProvider.java:154)
	at org.apache.maven.surefire.junitplatform.JUnitPlatformProvider.invoke(JUnitPlatformProvider.java:128)
	at org.apache.maven.surefire.booter.ForkedBooter.runSuitesInProcess(ForkedBooter.java:428)
	at org.apache.maven.surefire.booter.ForkedBooter.execute(ForkedBooter.java:162)
	at org.apache.maven.surefire.booter.ForkedBooter.run(ForkedBooter.java:562)
	at org.apache.maven.surefire.booter.ForkedBooter.main(ForkedBooter.java:548)
[main] INFO org.apache.nifi.security.util.crypto.Argon2CipherProviderGroovyTest - IV: 00000000000000000000000000 13
[main] WARN org.apache.nifi.security.util.crypto.Argon2SecureHasher - The provided memory size 1024 KiB is below the recommended minimum 65536 KiB.
[main] WARN org.apache.nifi.security.util.crypto.Argon2SecureHasher - The provided parallelization factor 1 is below the recommended minimum 8.
[main] WARN org.apache.nifi.security.util.crypto.Argon2SecureHasher - The provided iteration count 3 is below the recommended minimum 5.
[main] WARN org.apache.nifi.security.util.crypto.AESKeyedCipherProvider - An IV was provided of length 13 bytes for encryption but should be 16 bytes
[main] WARN org.apache.nifi.security.util.crypto.AESKeyedCipherProvider - Generating new IV. The value can be obtained in the calling code by invoking 'cipher.getIV()';
[main] WARN org.apache.nifi.security.util.crypto.Argon2SecureHasher - The provided memory size 1024 KiB is below the recommended minimum 65536 KiB.
[main] WARN org.apache.nifi.security.util.crypto.Argon2SecureHasher - The provided parallelization factor 1 is below the recommended minimum 8.
[main] WARN org.apache.nifi.security.util.crypto.Argon2SecureHasher - The provided iteration count 3 is below the recommended minimum 5.
[main] WARN org.apache.nifi.security.util.crypto.AESKeyedCipherProvider - An IV was provided of length 13 bytes for decryption but should be 16 bytes
[main] ERROR org.apache.nifi.security.util.crypto.Argon2CipherProvider - Encountered an error generating the Argon2 hash
java.lang.IllegalArgumentException: Cannot decrypt without a valid IV
	at org.apache.nifi.security.util.crypto.AESKeyedCipherProvider.getInitializedCipher(AESKeyedCipherProvider.java:128)
	at org.apache.nifi.security.util.crypto.AESKeyedCipherProvider.getCipher(AESKeyedCipherProvider.java:60)
	at org.apache.nifi.security.util.crypto.Argon2CipherProvider.getInitializedCipher(Argon2CipherProvider.java:177)
	at org.apache.nifi.security.util.crypto.Argon2CipherProvider.getCipher(Argon2CipherProvider.java:103)
	at org.apache.nifi.security.util.crypto.Argon2CipherProvider$getCipher$0.call(Unknown Source)
	at org.apache.nifi.security.util.crypto.Argon2CipherProviderGroovyTest$_testGetCipherShouldRejectInvalidIV_closure5$_closure13.doCall(Argon2CipherProviderGroovyTest.groovy:189)
	at org.apache.nifi.security.util.crypto.Argon2CipherProviderGroovyTest$_testGetCipherShouldRejectInvalidIV_closure5$_closure13.doCall(Argon2CipherProviderGroovyTest.groovy)
	at sun.reflect.NativeMethodAccessorImpl.invoke0(Native Method)
	at sun.reflect.NativeMethodAccessorImpl.invoke(NativeMethodAccessorImpl.java:62)
	at sun.reflect.DelegatingMethodAccessorImpl.invoke(DelegatingMethodAccessorImpl.java:43)
	at java.lang.reflect.Method.invoke(Method.java:498)
	at org.codehaus.groovy.reflection.CachedMethod.invoke(CachedMethod.java:101)
	at groovy.lang.MetaMethod.doMethodInvoke(MetaMethod.java:323)
	at org.codehaus.groovy.runtime.metaclass.ClosureMetaClass.invokeMethod(ClosureMetaClass.java:263)
	at groovy.lang.MetaClassImpl.invokeMethod(MetaClassImpl.java:1041)
	at groovy.lang.Closure.call(Closure.java:405)
	at groovy.lang.Closure.call(Closure.java:399)
	at groovy.test.GroovyAssert.shouldFail(GroovyAssert.java:118)
	at groovy.test.GroovyAssert$shouldFail.callStatic(Unknown Source)
	at org.apache.nifi.security.util.crypto.Argon2CipherProviderGroovyTest$_testGetCipherShouldRejectInvalidIV_closure5.doCall(Argon2CipherProviderGroovyTest.groovy:188)
	at sun.reflect.NativeMethodAccessorImpl.invoke0(Native Method)
	at sun.reflect.NativeMethodAccessorImpl.invoke(NativeMethodAccessorImpl.java:62)
	at sun.reflect.DelegatingMethodAccessorImpl.invoke(DelegatingMethodAccessorImpl.java:43)
	at java.lang.reflect.Method.invoke(Method.java:498)
	at org.codehaus.groovy.reflection.CachedMethod.invoke(CachedMethod.java:101)
	at groovy.lang.MetaMethod.doMethodInvoke(MetaMethod.java:323)
	at org.codehaus.groovy.runtime.metaclass.ClosureMetaClass.invokeMethod(ClosureMetaClass.java:263)
	at groovy.lang.MetaClassImpl.invokeMethod(MetaClassImpl.java:1041)
	at groovy.lang.Closure.call(Closure.java:405)
	at groovy.lang.Closure.call(Closure.java:421)
	at org.codehaus.groovy.runtime.DefaultGroovyMethods.each(DefaultGroovyMethods.java:2330)
	at org.codehaus.groovy.runtime.DefaultGroovyMethods.each(DefaultGroovyMethods.java:2315)
	at org.codehaus.groovy.runtime.DefaultGroovyMethods.each(DefaultGroovyMethods.java:2356)
	at org.codehaus.groovy.runtime.dgm$186.invoke(Unknown Source)
	at org.codehaus.groovy.runtime.callsite.PojoMetaMethodSite$PojoMetaMethodSiteNoUnwrapNoCoerce.invoke(PojoMetaMethodSite.java:244)
	at org.codehaus.groovy.runtime.callsite.PojoMetaMethodSite.call(PojoMetaMethodSite.java:53)
	at org.codehaus.groovy.runtime.callsite.CallSiteArray.defaultCall(CallSiteArray.java:47)
	at org.codehaus.groovy.runtime.callsite.AbstractCallSite.call(AbstractCallSite.java:115)
	at org.codehaus.groovy.runtime.callsite.AbstractCallSite.call(AbstractCallSite.java:127)
	at org.apache.nifi.security.util.crypto.Argon2CipherProviderGroovyTest.testGetCipherShouldRejectInvalidIV(Argon2CipherProviderGroovyTest.groovy:181)
	at sun.reflect.NativeMethodAccessorImpl.invoke0(Native Method)
	at sun.reflect.NativeMethodAccessorImpl.invoke(NativeMethodAccessorImpl.java:62)
	at sun.reflect.DelegatingMethodAccessorImpl.invoke(DelegatingMethodAccessorImpl.java:43)
	at java.lang.reflect.Method.invoke(Method.java:498)
	at org.junit.platform.commons.util.ReflectionUtils.invokeMethod(ReflectionUtils.java:688)
	at org.junit.jupiter.engine.execution.MethodInvocation.proceed(MethodInvocation.java:60)
	at org.junit.jupiter.engine.execution.InvocationInterceptorChain$ValidatingInvocation.proceed(InvocationInterceptorChain.java:131)
	at org.junit.jupiter.engine.extension.TimeoutExtension.intercept(TimeoutExtension.java:149)
	at org.junit.jupiter.engine.extension.TimeoutExtension.interceptTestableMethod(TimeoutExtension.java:140)
	at org.junit.jupiter.engine.extension.TimeoutExtension.interceptTestMethod(TimeoutExtension.java:84)
	at org.junit.jupiter.engine.execution.ExecutableInvoker$ReflectiveInterceptorCall.lambda$ofVoidMethod$0(ExecutableInvoker.java:115)
	at org.junit.jupiter.engine.execution.ExecutableInvoker.lambda$invoke$0(ExecutableInvoker.java:105)
	at org.junit.jupiter.engine.execution.InvocationInterceptorChain$InterceptedInvocation.proceed(InvocationInterceptorChain.java:106)
	at org.junit.jupiter.engine.execution.InvocationInterceptorChain.proceed(InvocationInterceptorChain.java:64)
	at org.junit.jupiter.engine.execution.InvocationInterceptorChain.chainAndInvoke(InvocationInterceptorChain.java:45)
	at org.junit.jupiter.engine.execution.InvocationInterceptorChain.invoke(InvocationInterceptorChain.java:37)
	at org.junit.jupiter.engine.execution.ExecutableInvoker.invoke(ExecutableInvoker.java:104)
	at org.junit.jupiter.engine.execution.ExecutableInvoker.invoke(ExecutableInvoker.java:98)
	at org.junit.jupiter.engine.descriptor.TestMethodTestDescriptor.lambda$invokeTestMethod$6(TestMethodTestDescriptor.java:210)
	at org.junit.platform.engine.support.hierarchical.ThrowableCollector.execute(ThrowableCollector.java:73)
	at org.junit.jupiter.engine.descriptor.TestMethodTestDescriptor.invokeTestMethod(TestMethodTestDescriptor.java:206)
	at org.junit.jupiter.engine.descriptor.TestMethodTestDescriptor.execute(TestMethodTestDescriptor.java:131)
	at org.junit.jupiter.engine.descriptor.TestMethodTestDescriptor.execute(TestMethodTestDescriptor.java:65)
	at org.junit.platform.engine.support.hierarchical.NodeTestTask.lambda$executeRecursively$5(NodeTestTask.java:139)
	at org.junit.platform.engine.support.hierarchical.ThrowableCollector.execute(ThrowableCollector.java:73)
	at org.junit.platform.engine.support.hierarchical.NodeTestTask.lambda$executeRecursively$7(NodeTestTask.java:129)
	at org.junit.platform.engine.support.hierarchical.Node.around(Node.java:137)
	at org.junit.platform.engine.support.hierarchical.NodeTestTask.lambda$executeRecursively$8(NodeTestTask.java:127)
	at org.junit.platform.engine.support.hierarchical.ThrowableCollector.execute(ThrowableCollector.java:73)
	at org.junit.platform.engine.support.hierarchical.NodeTestTask.executeRecursively(NodeTestTask.java:126)
	at org.junit.platform.engine.support.hierarchical.NodeTestTask.execute(NodeTestTask.java:84)
	at java.util.ArrayList.forEach(ArrayList.java:1259)
	at org.junit.platform.engine.support.hierarchical.SameThreadHierarchicalTestExecutorService.invokeAll(SameThreadHierarchicalTestExecutorService.java:38)
	at org.junit.platform.engine.support.hierarchical.NodeTestTask.lambda$executeRecursively$5(NodeTestTask.java:143)
	at org.junit.platform.engine.support.hierarchical.ThrowableCollector.execute(ThrowableCollector.java:73)
	at org.junit.platform.engine.support.hierarchical.NodeTestTask.lambda$executeRecursively$7(NodeTestTask.java:129)
	at org.junit.platform.engine.support.hierarchical.Node.around(Node.java:137)
	at org.junit.platform.engine.support.hierarchical.NodeTestTask.lambda$executeRecursively$8(NodeTestTask.java:127)
	at org.junit.platform.engine.support.hierarchical.ThrowableCollector.execute(ThrowableCollector.java:73)
	at org.junit.platform.engine.support.hierarchical.NodeTestTask.executeRecursively(NodeTestTask.java:126)
	at org.junit.platform.engine.support.hierarchical.NodeTestTask.execute(NodeTestTask.java:84)
	at java.util.ArrayList.forEach(ArrayList.java:1259)
	at org.junit.platform.engine.support.hierarchical.SameThreadHierarchicalTestExecutorService.invokeAll(SameThreadHierarchicalTestExecutorService.java:38)
	at org.junit.platform.engine.support.hierarchical.NodeTestTask.lambda$executeRecursively$5(NodeTestTask.java:143)
	at org.junit.platform.engine.support.hierarchical.ThrowableCollector.execute(ThrowableCollector.java:73)
	at org.junit.platform.engine.support.hierarchical.NodeTestTask.lambda$executeRecursively$7(NodeTestTask.java:129)
	at org.junit.platform.engine.support.hierarchical.Node.around(Node.java:137)
	at org.junit.platform.engine.support.hierarchical.NodeTestTask.lambda$executeRecursively$8(NodeTestTask.java:127)
	at org.junit.platform.engine.support.hierarchical.ThrowableCollector.execute(ThrowableCollector.java:73)
	at org.junit.platform.engine.support.hierarchical.NodeTestTask.executeRecursively(NodeTestTask.java:126)
	at org.junit.platform.engine.support.hierarchical.NodeTestTask.execute(NodeTestTask.java:84)
	at org.junit.platform.engine.support.hierarchical.SameThreadHierarchicalTestExecutorService.submit(SameThreadHierarchicalTestExecutorService.java:32)
	at org.junit.platform.engine.support.hierarchical.HierarchicalTestExecutor.execute(HierarchicalTestExecutor.java:57)
	at org.junit.platform.engine.support.hierarchical.HierarchicalTestEngine.execute(HierarchicalTestEngine.java:51)
	at org.junit.platform.launcher.core.EngineExecutionOrchestrator.execute(EngineExecutionOrchestrator.java:108)
	at org.junit.platform.launcher.core.EngineExecutionOrchestrator.execute(EngineExecutionOrchestrator.java:88)
	at org.junit.platform.launcher.core.EngineExecutionOrchestrator.lambda$execute$0(EngineExecutionOrchestrator.java:54)
	at org.junit.platform.launcher.core.EngineExecutionOrchestrator.withInterceptedStreams(EngineExecutionOrchestrator.java:67)
	at org.junit.platform.launcher.core.EngineExecutionOrchestrator.execute(EngineExecutionOrchestrator.java:52)
	at org.junit.platform.launcher.core.DefaultLauncher.execute(DefaultLauncher.java:96)
	at org.junit.platform.launcher.core.DefaultLauncher.execute(DefaultLauncher.java:75)
	at org.apache.maven.surefire.junitplatform.JUnitPlatformProvider.execute(JUnitPlatformProvider.java:188)
	at org.apache.maven.surefire.junitplatform.JUnitPlatformProvider.invokeAllTests(JUnitPlatformProvider.java:154)
	at org.apache.maven.surefire.junitplatform.JUnitPlatformProvider.invoke(JUnitPlatformProvider.java:128)
	at org.apache.maven.surefire.booter.ForkedBooter.runSuitesInProcess(ForkedBooter.java:428)
	at org.apache.maven.surefire.booter.ForkedBooter.execute(ForkedBooter.java:162)
	at org.apache.maven.surefire.booter.ForkedBooter.run(ForkedBooter.java:562)
	at org.apache.maven.surefire.booter.ForkedBooter.main(ForkedBooter.java:548)
[main] INFO org.apache.nifi.security.util.crypto.Argon2CipherProviderGroovyTest - IV: 0000000000000000000000000000 14
[main] WARN org.apache.nifi.security.util.crypto.Argon2SecureHasher - The provided memory size 1024 KiB is below the recommended minimum 65536 KiB.
[main] WARN org.apache.nifi.security.util.crypto.Argon2SecureHasher - The provided parallelization factor 1 is below the recommended minimum 8.
[main] WARN org.apache.nifi.security.util.crypto.Argon2SecureHasher - The provided iteration count 3 is below the recommended minimum 5.
[main] WARN org.apache.nifi.security.util.crypto.AESKeyedCipherProvider - An IV was provided of length 14 bytes for encryption but should be 16 bytes
[main] WARN org.apache.nifi.security.util.crypto.AESKeyedCipherProvider - Generating new IV. The value can be obtained in the calling code by invoking 'cipher.getIV()';
[main] WARN org.apache.nifi.security.util.crypto.Argon2SecureHasher - The provided memory size 1024 KiB is below the recommended minimum 65536 KiB.
[main] WARN org.apache.nifi.security.util.crypto.Argon2SecureHasher - The provided parallelization factor 1 is below the recommended minimum 8.
[main] WARN org.apache.nifi.security.util.crypto.Argon2SecureHasher - The provided iteration count 3 is below the recommended minimum 5.
[main] WARN org.apache.nifi.security.util.crypto.AESKeyedCipherProvider - An IV was provided of length 14 bytes for decryption but should be 16 bytes
[main] ERROR org.apache.nifi.security.util.crypto.Argon2CipherProvider - Encountered an error generating the Argon2 hash
java.lang.IllegalArgumentException: Cannot decrypt without a valid IV
	at org.apache.nifi.security.util.crypto.AESKeyedCipherProvider.getInitializedCipher(AESKeyedCipherProvider.java:128)
	at org.apache.nifi.security.util.crypto.AESKeyedCipherProvider.getCipher(AESKeyedCipherProvider.java:60)
	at org.apache.nifi.security.util.crypto.Argon2CipherProvider.getInitializedCipher(Argon2CipherProvider.java:177)
	at org.apache.nifi.security.util.crypto.Argon2CipherProvider.getCipher(Argon2CipherProvider.java:103)
	at org.apache.nifi.security.util.crypto.Argon2CipherProvider$getCipher$0.call(Unknown Source)
	at org.apache.nifi.security.util.crypto.Argon2CipherProviderGroovyTest$_testGetCipherShouldRejectInvalidIV_closure5$_closure13.doCall(Argon2CipherProviderGroovyTest.groovy:189)
	at org.apache.nifi.security.util.crypto.Argon2CipherProviderGroovyTest$_testGetCipherShouldRejectInvalidIV_closure5$_closure13.doCall(Argon2CipherProviderGroovyTest.groovy)
	at sun.reflect.NativeMethodAccessorImpl.invoke0(Native Method)
	at sun.reflect.NativeMethodAccessorImpl.invoke(NativeMethodAccessorImpl.java:62)
	at sun.reflect.DelegatingMethodAccessorImpl.invoke(DelegatingMethodAccessorImpl.java:43)
	at java.lang.reflect.Method.invoke(Method.java:498)
	at org.codehaus.groovy.reflection.CachedMethod.invoke(CachedMethod.java:101)
	at groovy.lang.MetaMethod.doMethodInvoke(MetaMethod.java:323)
	at org.codehaus.groovy.runtime.metaclass.ClosureMetaClass.invokeMethod(ClosureMetaClass.java:263)
	at groovy.lang.MetaClassImpl.invokeMethod(MetaClassImpl.java:1041)
	at groovy.lang.Closure.call(Closure.java:405)
	at groovy.lang.Closure.call(Closure.java:399)
	at groovy.test.GroovyAssert.shouldFail(GroovyAssert.java:118)
	at groovy.test.GroovyAssert$shouldFail.callStatic(Unknown Source)
	at org.apache.nifi.security.util.crypto.Argon2CipherProviderGroovyTest$_testGetCipherShouldRejectInvalidIV_closure5.doCall(Argon2CipherProviderGroovyTest.groovy:188)
	at sun.reflect.NativeMethodAccessorImpl.invoke0(Native Method)
	at sun.reflect.NativeMethodAccessorImpl.invoke(NativeMethodAccessorImpl.java:62)
	at sun.reflect.DelegatingMethodAccessorImpl.invoke(DelegatingMethodAccessorImpl.java:43)
	at java.lang.reflect.Method.invoke(Method.java:498)
	at org.codehaus.groovy.reflection.CachedMethod.invoke(CachedMethod.java:101)
	at groovy.lang.MetaMethod.doMethodInvoke(MetaMethod.java:323)
	at org.codehaus.groovy.runtime.metaclass.ClosureMetaClass.invokeMethod(ClosureMetaClass.java:263)
	at groovy.lang.MetaClassImpl.invokeMethod(MetaClassImpl.java:1041)
	at groovy.lang.Closure.call(Closure.java:405)
	at groovy.lang.Closure.call(Closure.java:421)
	at org.codehaus.groovy.runtime.DefaultGroovyMethods.each(DefaultGroovyMethods.java:2330)
	at org.codehaus.groovy.runtime.DefaultGroovyMethods.each(DefaultGroovyMethods.java:2315)
	at org.codehaus.groovy.runtime.DefaultGroovyMethods.each(DefaultGroovyMethods.java:2356)
	at org.codehaus.groovy.runtime.dgm$186.invoke(Unknown Source)
	at org.codehaus.groovy.runtime.callsite.PojoMetaMethodSite$PojoMetaMethodSiteNoUnwrapNoCoerce.invoke(PojoMetaMethodSite.java:244)
	at org.codehaus.groovy.runtime.callsite.PojoMetaMethodSite.call(PojoMetaMethodSite.java:53)
	at org.codehaus.groovy.runtime.callsite.CallSiteArray.defaultCall(CallSiteArray.java:47)
	at org.codehaus.groovy.runtime.callsite.AbstractCallSite.call(AbstractCallSite.java:115)
	at org.codehaus.groovy.runtime.callsite.AbstractCallSite.call(AbstractCallSite.java:127)
	at org.apache.nifi.security.util.crypto.Argon2CipherProviderGroovyTest.testGetCipherShouldRejectInvalidIV(Argon2CipherProviderGroovyTest.groovy:181)
	at sun.reflect.NativeMethodAccessorImpl.invoke0(Native Method)
	at sun.reflect.NativeMethodAccessorImpl.invoke(NativeMethodAccessorImpl.java:62)
	at sun.reflect.DelegatingMethodAccessorImpl.invoke(DelegatingMethodAccessorImpl.java:43)
	at java.lang.reflect.Method.invoke(Method.java:498)
	at org.junit.platform.commons.util.ReflectionUtils.invokeMethod(ReflectionUtils.java:688)
	at org.junit.jupiter.engine.execution.MethodInvocation.proceed(MethodInvocation.java:60)
	at org.junit.jupiter.engine.execution.InvocationInterceptorChain$ValidatingInvocation.proceed(InvocationInterceptorChain.java:131)
	at org.junit.jupiter.engine.extension.TimeoutExtension.intercept(TimeoutExtension.java:149)
	at org.junit.jupiter.engine.extension.TimeoutExtension.interceptTestableMethod(TimeoutExtension.java:140)
	at org.junit.jupiter.engine.extension.TimeoutExtension.interceptTestMethod(TimeoutExtension.java:84)
	at org.junit.jupiter.engine.execution.ExecutableInvoker$ReflectiveInterceptorCall.lambda$ofVoidMethod$0(ExecutableInvoker.java:115)
	at org.junit.jupiter.engine.execution.ExecutableInvoker.lambda$invoke$0(ExecutableInvoker.java:105)
	at org.junit.jupiter.engine.execution.InvocationInterceptorChain$InterceptedInvocation.proceed(InvocationInterceptorChain.java:106)
	at org.junit.jupiter.engine.execution.InvocationInterceptorChain.proceed(InvocationInterceptorChain.java:64)
	at org.junit.jupiter.engine.execution.InvocationInterceptorChain.chainAndInvoke(InvocationInterceptorChain.java:45)
	at org.junit.jupiter.engine.execution.InvocationInterceptorChain.invoke(InvocationInterceptorChain.java:37)
	at org.junit.jupiter.engine.execution.ExecutableInvoker.invoke(ExecutableInvoker.java:104)
	at org.junit.jupiter.engine.execution.ExecutableInvoker.invoke(ExecutableInvoker.java:98)
	at org.junit.jupiter.engine.descriptor.TestMethodTestDescriptor.lambda$invokeTestMethod$6(TestMethodTestDescriptor.java:210)
	at org.junit.platform.engine.support.hierarchical.ThrowableCollector.execute(ThrowableCollector.java:73)
	at org.junit.jupiter.engine.descriptor.TestMethodTestDescriptor.invokeTestMethod(TestMethodTestDescriptor.java:206)
	at org.junit.jupiter.engine.descriptor.TestMethodTestDescriptor.execute(TestMethodTestDescriptor.java:131)
	at org.junit.jupiter.engine.descriptor.TestMethodTestDescriptor.execute(TestMethodTestDescriptor.java:65)
	at org.junit.platform.engine.support.hierarchical.NodeTestTask.lambda$executeRecursively$5(NodeTestTask.java:139)
	at org.junit.platform.engine.support.hierarchical.ThrowableCollector.execute(ThrowableCollector.java:73)
	at org.junit.platform.engine.support.hierarchical.NodeTestTask.lambda$executeRecursively$7(NodeTestTask.java:129)
	at org.junit.platform.engine.support.hierarchical.Node.around(Node.java:137)
	at org.junit.platform.engine.support.hierarchical.NodeTestTask.lambda$executeRecursively$8(NodeTestTask.java:127)
	at org.junit.platform.engine.support.hierarchical.ThrowableCollector.execute(ThrowableCollector.java:73)
	at org.junit.platform.engine.support.hierarchical.NodeTestTask.executeRecursively(NodeTestTask.java:126)
	at org.junit.platform.engine.support.hierarchical.NodeTestTask.execute(NodeTestTask.java:84)
	at java.util.ArrayList.forEach(ArrayList.java:1259)
	at org.junit.platform.engine.support.hierarchical.SameThreadHierarchicalTestExecutorService.invokeAll(SameThreadHierarchicalTestExecutorService.java:38)
	at org.junit.platform.engine.support.hierarchical.NodeTestTask.lambda$executeRecursively$5(NodeTestTask.java:143)
	at org.junit.platform.engine.support.hierarchical.ThrowableCollector.execute(ThrowableCollector.java:73)
	at org.junit.platform.engine.support.hierarchical.NodeTestTask.lambda$executeRecursively$7(NodeTestTask.java:129)
	at org.junit.platform.engine.support.hierarchical.Node.around(Node.java:137)
	at org.junit.platform.engine.support.hierarchical.NodeTestTask.lambda$executeRecursively$8(NodeTestTask.java:127)
	at org.junit.platform.engine.support.hierarchical.ThrowableCollector.execute(ThrowableCollector.java:73)
	at org.junit.platform.engine.support.hierarchical.NodeTestTask.executeRecursively(NodeTestTask.java:126)
	at org.junit.platform.engine.support.hierarchical.NodeTestTask.execute(NodeTestTask.java:84)
	at java.util.ArrayList.forEach(ArrayList.java:1259)
	at org.junit.platform.engine.support.hierarchical.SameThreadHierarchicalTestExecutorService.invokeAll(SameThreadHierarchicalTestExecutorService.java:38)
	at org.junit.platform.engine.support.hierarchical.NodeTestTask.lambda$executeRecursively$5(NodeTestTask.java:143)
	at org.junit.platform.engine.support.hierarchical.ThrowableCollector.execute(ThrowableCollector.java:73)
	at org.junit.platform.engine.support.hierarchical.NodeTestTask.lambda$executeRecursively$7(NodeTestTask.java:129)
	at org.junit.platform.engine.support.hierarchical.Node.around(Node.java:137)
	at org.junit.platform.engine.support.hierarchical.NodeTestTask.lambda$executeRecursively$8(NodeTestTask.java:127)
	at org.junit.platform.engine.support.hierarchical.ThrowableCollector.execute(ThrowableCollector.java:73)
	at org.junit.platform.engine.support.hierarchical.NodeTestTask.executeRecursively(NodeTestTask.java:126)
	at org.junit.platform.engine.support.hierarchical.NodeTestTask.execute(NodeTestTask.java:84)
	at org.junit.platform.engine.support.hierarchical.SameThreadHierarchicalTestExecutorService.submit(SameThreadHierarchicalTestExecutorService.java:32)
	at org.junit.platform.engine.support.hierarchical.HierarchicalTestExecutor.execute(HierarchicalTestExecutor.java:57)
	at org.junit.platform.engine.support.hierarchical.HierarchicalTestEngine.execute(HierarchicalTestEngine.java:51)
	at org.junit.platform.launcher.core.EngineExecutionOrchestrator.execute(EngineExecutionOrchestrator.java:108)
	at org.junit.platform.launcher.core.EngineExecutionOrchestrator.execute(EngineExecutionOrchestrator.java:88)
	at org.junit.platform.launcher.core.EngineExecutionOrchestrator.lambda$execute$0(EngineExecutionOrchestrator.java:54)
	at org.junit.platform.launcher.core.EngineExecutionOrchestrator.withInterceptedStreams(EngineExecutionOrchestrator.java:67)
	at org.junit.platform.launcher.core.EngineExecutionOrchestrator.execute(EngineExecutionOrchestrator.java:52)
	at org.junit.platform.launcher.core.DefaultLauncher.execute(DefaultLauncher.java:96)
	at org.junit.platform.launcher.core.DefaultLauncher.execute(DefaultLauncher.java:75)
	at org.apache.maven.surefire.junitplatform.JUnitPlatformProvider.execute(JUnitPlatformProvider.java:188)
	at org.apache.maven.surefire.junitplatform.JUnitPlatformProvider.invokeAllTests(JUnitPlatformProvider.java:154)
	at org.apache.maven.surefire.junitplatform.JUnitPlatformProvider.invoke(JUnitPlatformProvider.java:128)
	at org.apache.maven.surefire.booter.ForkedBooter.runSuitesInProcess(ForkedBooter.java:428)
	at org.apache.maven.surefire.booter.ForkedBooter.execute(ForkedBooter.java:162)
	at org.apache.maven.surefire.booter.ForkedBooter.run(ForkedBooter.java:562)
	at org.apache.maven.surefire.booter.ForkedBooter.main(ForkedBooter.java:548)
[main] INFO org.apache.nifi.security.util.crypto.Argon2CipherProviderGroovyTest - IV: 000000000000000000000000000000 15
[main] WARN org.apache.nifi.security.util.crypto.Argon2SecureHasher - The provided memory size 1024 KiB is below the recommended minimum 65536 KiB.
[main] WARN org.apache.nifi.security.util.crypto.Argon2SecureHasher - The provided parallelization factor 1 is below the recommended minimum 8.
[main] WARN org.apache.nifi.security.util.crypto.Argon2SecureHasher - The provided iteration count 3 is below the recommended minimum 5.
[main] WARN org.apache.nifi.security.util.crypto.AESKeyedCipherProvider - An IV was provided of length 15 bytes for encryption but should be 16 bytes
[main] WARN org.apache.nifi.security.util.crypto.AESKeyedCipherProvider - Generating new IV. The value can be obtained in the calling code by invoking 'cipher.getIV()';
[main] WARN org.apache.nifi.security.util.crypto.Argon2SecureHasher - The provided memory size 1024 KiB is below the recommended minimum 65536 KiB.
[main] WARN org.apache.nifi.security.util.crypto.Argon2SecureHasher - The provided parallelization factor 1 is below the recommended minimum 8.
[main] WARN org.apache.nifi.security.util.crypto.Argon2SecureHasher - The provided iteration count 3 is below the recommended minimum 5.
[main] WARN org.apache.nifi.security.util.crypto.AESKeyedCipherProvider - An IV was provided of length 15 bytes for decryption but should be 16 bytes
[main] ERROR org.apache.nifi.security.util.crypto.Argon2CipherProvider - Encountered an error generating the Argon2 hash
java.lang.IllegalArgumentException: Cannot decrypt without a valid IV
	at org.apache.nifi.security.util.crypto.AESKeyedCipherProvider.getInitializedCipher(AESKeyedCipherProvider.java:128)
	at org.apache.nifi.security.util.crypto.AESKeyedCipherProvider.getCipher(AESKeyedCipherProvider.java:60)
	at org.apache.nifi.security.util.crypto.Argon2CipherProvider.getInitializedCipher(Argon2CipherProvider.java:177)
	at org.apache.nifi.security.util.crypto.Argon2CipherProvider.getCipher(Argon2CipherProvider.java:103)
	at org.apache.nifi.security.util.crypto.Argon2CipherProvider$getCipher$0.call(Unknown Source)
	at org.apache.nifi.security.util.crypto.Argon2CipherProviderGroovyTest$_testGetCipherShouldRejectInvalidIV_closure5$_closure13.doCall(Argon2CipherProviderGroovyTest.groovy:189)
	at org.apache.nifi.security.util.crypto.Argon2CipherProviderGroovyTest$_testGetCipherShouldRejectInvalidIV_closure5$_closure13.doCall(Argon2CipherProviderGroovyTest.groovy)
	at sun.reflect.NativeMethodAccessorImpl.invoke0(Native Method)
	at sun.reflect.NativeMethodAccessorImpl.invoke(NativeMethodAccessorImpl.java:62)
	at sun.reflect.DelegatingMethodAccessorImpl.invoke(DelegatingMethodAccessorImpl.java:43)
	at java.lang.reflect.Method.invoke(Method.java:498)
	at org.codehaus.groovy.reflection.CachedMethod.invoke(CachedMethod.java:101)
	at groovy.lang.MetaMethod.doMethodInvoke(MetaMethod.java:323)
	at org.codehaus.groovy.runtime.metaclass.ClosureMetaClass.invokeMethod(ClosureMetaClass.java:263)
	at groovy.lang.MetaClassImpl.invokeMethod(MetaClassImpl.java:1041)
	at groovy.lang.Closure.call(Closure.java:405)
	at groovy.lang.Closure.call(Closure.java:399)
	at groovy.test.GroovyAssert.shouldFail(GroovyAssert.java:118)
	at groovy.test.GroovyAssert$shouldFail.callStatic(Unknown Source)
	at org.apache.nifi.security.util.crypto.Argon2CipherProviderGroovyTest$_testGetCipherShouldRejectInvalidIV_closure5.doCall(Argon2CipherProviderGroovyTest.groovy:188)
	at sun.reflect.NativeMethodAccessorImpl.invoke0(Native Method)
	at sun.reflect.NativeMethodAccessorImpl.invoke(NativeMethodAccessorImpl.java:62)
	at sun.reflect.DelegatingMethodAccessorImpl.invoke(DelegatingMethodAccessorImpl.java:43)
	at java.lang.reflect.Method.invoke(Method.java:498)
	at org.codehaus.groovy.reflection.CachedMethod.invoke(CachedMethod.java:101)
	at groovy.lang.MetaMethod.doMethodInvoke(MetaMethod.java:323)
	at org.codehaus.groovy.runtime.metaclass.ClosureMetaClass.invokeMethod(ClosureMetaClass.java:263)
	at groovy.lang.MetaClassImpl.invokeMethod(MetaClassImpl.java:1041)
	at groovy.lang.Closure.call(Closure.java:405)
	at groovy.lang.Closure.call(Closure.java:421)
	at org.codehaus.groovy.runtime.DefaultGroovyMethods.each(DefaultGroovyMethods.java:2330)
	at org.codehaus.groovy.runtime.DefaultGroovyMethods.each(DefaultGroovyMethods.java:2315)
	at org.codehaus.groovy.runtime.DefaultGroovyMethods.each(DefaultGroovyMethods.java:2356)
	at org.codehaus.groovy.runtime.dgm$186.invoke(Unknown Source)
	at org.codehaus.groovy.runtime.callsite.PojoMetaMethodSite$PojoMetaMethodSiteNoUnwrapNoCoerce.invoke(PojoMetaMethodSite.java:244)
	at org.codehaus.groovy.runtime.callsite.PojoMetaMethodSite.call(PojoMetaMethodSite.java:53)
	at org.codehaus.groovy.runtime.callsite.CallSiteArray.defaultCall(CallSiteArray.java:47)
	at org.codehaus.groovy.runtime.callsite.AbstractCallSite.call(AbstractCallSite.java:115)
	at org.codehaus.groovy.runtime.callsite.AbstractCallSite.call(AbstractCallSite.java:127)
	at org.apache.nifi.security.util.crypto.Argon2CipherProviderGroovyTest.testGetCipherShouldRejectInvalidIV(Argon2CipherProviderGroovyTest.groovy:181)
	at sun.reflect.NativeMethodAccessorImpl.invoke0(Native Method)
	at sun.reflect.NativeMethodAccessorImpl.invoke(NativeMethodAccessorImpl.java:62)
	at sun.reflect.DelegatingMethodAccessorImpl.invoke(DelegatingMethodAccessorImpl.java:43)
	at java.lang.reflect.Method.invoke(Method.java:498)
	at org.junit.platform.commons.util.ReflectionUtils.invokeMethod(ReflectionUtils.java:688)
	at org.junit.jupiter.engine.execution.MethodInvocation.proceed(MethodInvocation.java:60)
	at org.junit.jupiter.engine.execution.InvocationInterceptorChain$ValidatingInvocation.proceed(InvocationInterceptorChain.java:131)
	at org.junit.jupiter.engine.extension.TimeoutExtension.intercept(TimeoutExtension.java:149)
	at org.junit.jupiter.engine.extension.TimeoutExtension.interceptTestableMethod(TimeoutExtension.java:140)
	at org.junit.jupiter.engine.extension.TimeoutExtension.interceptTestMethod(TimeoutExtension.java:84)
	at org.junit.jupiter.engine.execution.ExecutableInvoker$ReflectiveInterceptorCall.lambda$ofVoidMethod$0(ExecutableInvoker.java:115)
	at org.junit.jupiter.engine.execution.ExecutableInvoker.lambda$invoke$0(ExecutableInvoker.java:105)
	at org.junit.jupiter.engine.execution.InvocationInterceptorChain$InterceptedInvocation.proceed(InvocationInterceptorChain.java:106)
	at org.junit.jupiter.engine.execution.InvocationInterceptorChain.proceed(InvocationInterceptorChain.java:64)
	at org.junit.jupiter.engine.execution.InvocationInterceptorChain.chainAndInvoke(InvocationInterceptorChain.java:45)
	at org.junit.jupiter.engine.execution.InvocationInterceptorChain.invoke(InvocationInterceptorChain.java:37)
	at org.junit.jupiter.engine.execution.ExecutableInvoker.invoke(ExecutableInvoker.java:104)
	at org.junit.jupiter.engine.execution.ExecutableInvoker.invoke(ExecutableInvoker.java:98)
	at org.junit.jupiter.engine.descriptor.TestMethodTestDescriptor.lambda$invokeTestMethod$6(TestMethodTestDescriptor.java:210)
	at org.junit.platform.engine.support.hierarchical.ThrowableCollector.execute(ThrowableCollector.java:73)
	at org.junit.jupiter.engine.descriptor.TestMethodTestDescriptor.invokeTestMethod(TestMethodTestDescriptor.java:206)
	at org.junit.jupiter.engine.descriptor.TestMethodTestDescriptor.execute(TestMethodTestDescriptor.java:131)
	at org.junit.jupiter.engine.descriptor.TestMethodTestDescriptor.execute(TestMethodTestDescriptor.java:65)
	at org.junit.platform.engine.support.hierarchical.NodeTestTask.lambda$executeRecursively$5(NodeTestTask.java:139)
	at org.junit.platform.engine.support.hierarchical.ThrowableCollector.execute(ThrowableCollector.java:73)
	at org.junit.platform.engine.support.hierarchical.NodeTestTask.lambda$executeRecursively$7(NodeTestTask.java:129)
	at org.junit.platform.engine.support.hierarchical.Node.around(Node.java:137)
	at org.junit.platform.engine.support.hierarchical.NodeTestTask.lambda$executeRecursively$8(NodeTestTask.java:127)
	at org.junit.platform.engine.support.hierarchical.ThrowableCollector.execute(ThrowableCollector.java:73)
	at org.junit.platform.engine.support.hierarchical.NodeTestTask.executeRecursively(NodeTestTask.java:126)
	at org.junit.platform.engine.support.hierarchical.NodeTestTask.execute(NodeTestTask.java:84)
	at java.util.ArrayList.forEach(ArrayList.java:1259)
	at org.junit.platform.engine.support.hierarchical.SameThreadHierarchicalTestExecutorService.invokeAll(SameThreadHierarchicalTestExecutorService.java:38)
	at org.junit.platform.engine.support.hierarchical.NodeTestTask.lambda$executeRecursively$5(NodeTestTask.java:143)
	at org.junit.platform.engine.support.hierarchical.ThrowableCollector.execute(ThrowableCollector.java:73)
	at org.junit.platform.engine.support.hierarchical.NodeTestTask.lambda$executeRecursively$7(NodeTestTask.java:129)
	at org.junit.platform.engine.support.hierarchical.Node.around(Node.java:137)
	at org.junit.platform.engine.support.hierarchical.NodeTestTask.lambda$executeRecursively$8(NodeTestTask.java:127)
	at org.junit.platform.engine.support.hierarchical.ThrowableCollector.execute(ThrowableCollector.java:73)
	at org.junit.platform.engine.support.hierarchical.NodeTestTask.executeRecursively(NodeTestTask.java:126)
	at org.junit.platform.engine.support.hierarchical.NodeTestTask.execute(NodeTestTask.java:84)
	at java.util.ArrayList.forEach(ArrayList.java:1259)
	at org.junit.platform.engine.support.hierarchical.SameThreadHierarchicalTestExecutorService.invokeAll(SameThreadHierarchicalTestExecutorService.java:38)
	at org.junit.platform.engine.support.hierarchical.NodeTestTask.lambda$executeRecursively$5(NodeTestTask.java:143)
	at org.junit.platform.engine.support.hierarchical.ThrowableCollector.execute(ThrowableCollector.java:73)
	at org.junit.platform.engine.support.hierarchical.NodeTestTask.lambda$executeRecursively$7(NodeTestTask.java:129)
	at org.junit.platform.engine.support.hierarchical.Node.around(Node.java:137)
	at org.junit.platform.engine.support.hierarchical.NodeTestTask.lambda$executeRecursively$8(NodeTestTask.java:127)
	at org.junit.platform.engine.support.hierarchical.ThrowableCollector.execute(ThrowableCollector.java:73)
	at org.junit.platform.engine.support.hierarchical.NodeTestTask.executeRecursively(NodeTestTask.java:126)
	at org.junit.platform.engine.support.hierarchical.NodeTestTask.execute(NodeTestTask.java:84)
	at org.junit.platform.engine.support.hierarchical.SameThreadHierarchicalTestExecutorService.submit(SameThreadHierarchicalTestExecutorService.java:32)
	at org.junit.platform.engine.support.hierarchical.HierarchicalTestExecutor.execute(HierarchicalTestExecutor.java:57)
	at org.junit.platform.engine.support.hierarchical.HierarchicalTestEngine.execute(HierarchicalTestEngine.java:51)
	at org.junit.platform.launcher.core.EngineExecutionOrchestrator.execute(EngineExecutionOrchestrator.java:108)
	at org.junit.platform.launcher.core.EngineExecutionOrchestrator.execute(EngineExecutionOrchestrator.java:88)
	at org.junit.platform.launcher.core.EngineExecutionOrchestrator.lambda$execute$0(EngineExecutionOrchestrator.java:54)
	at org.junit.platform.launcher.core.EngineExecutionOrchestrator.withInterceptedStreams(EngineExecutionOrchestrator.java:67)
	at org.junit.platform.launcher.core.EngineExecutionOrchestrator.execute(EngineExecutionOrchestrator.java:52)
	at org.junit.platform.launcher.core.DefaultLauncher.execute(DefaultLauncher.java:96)
	at org.junit.platform.launcher.core.DefaultLauncher.execute(DefaultLauncher.java:75)
	at org.apache.maven.surefire.junitplatform.JUnitPlatformProvider.execute(JUnitPlatformProvider.java:188)
	at org.apache.maven.surefire.junitplatform.JUnitPlatformProvider.invokeAllTests(JUnitPlatformProvider.java:154)
	at org.apache.maven.surefire.junitplatform.JUnitPlatformProvider.invoke(JUnitPlatformProvider.java:128)
	at org.apache.maven.surefire.booter.ForkedBooter.runSuitesInProcess(ForkedBooter.java:428)
	at org.apache.maven.surefire.booter.ForkedBooter.execute(ForkedBooter.java:162)
	at org.apache.maven.surefire.booter.ForkedBooter.run(ForkedBooter.java:562)
	at org.apache.maven.surefire.booter.ForkedBooter.main(ForkedBooter.java:548)
]]></system-err>
  </testcase>
  <testcase name="testGetCipherShouldRejectInvalidIV" classname="org.apache.nifi.security.util.crypto.Argon2CipherProviderGroovyTest" time="0.083">
    <system-err><![CDATA[[main] WARN org.apache.nifi.security.util.crypto.Argon2CipherProvider - The provided memory size 1024 KiB is below the recommended minimum 65536 KiB
[main] WARN org.apache.nifi.security.util.crypto.Argon2CipherProvider - The provided parallelization factor 1 is below the recommended minimum 8
[main] WARN org.apache.nifi.security.util.crypto.Argon2CipherProvider - The provided iterations count 3 is below the recommended minimum 5
[main] INFO org.apache.nifi.security.util.crypto.Argon2CipherProviderGroovyTest - IV:  0
[main] WARN org.apache.nifi.security.util.crypto.Argon2SecureHasher - The provided memory size 1024 KiB is below the recommended minimum 65536 KiB.
[main] WARN org.apache.nifi.security.util.crypto.Argon2SecureHasher - The provided parallelization factor 1 is below the recommended minimum 8.
[main] WARN org.apache.nifi.security.util.crypto.Argon2SecureHasher - The provided iteration count 3 is below the recommended minimum 5.
[main] WARN org.apache.nifi.security.util.crypto.AESKeyedCipherProvider - An IV was provided of length 0 bytes for encryption but should be 16 bytes
[main] WARN org.apache.nifi.security.util.crypto.AESKeyedCipherProvider - Generating new IV. The value can be obtained in the calling code by invoking 'cipher.getIV()';
[main] WARN org.apache.nifi.security.util.crypto.Argon2SecureHasher - The provided memory size 1024 KiB is below the recommended minimum 65536 KiB.
[main] WARN org.apache.nifi.security.util.crypto.Argon2SecureHasher - The provided parallelization factor 1 is below the recommended minimum 8.
[main] WARN org.apache.nifi.security.util.crypto.Argon2SecureHasher - The provided iteration count 3 is below the recommended minimum 5.
[main] WARN org.apache.nifi.security.util.crypto.AESKeyedCipherProvider - An IV was provided of length 0 bytes for decryption but should be 16 bytes
[main] ERROR org.apache.nifi.security.util.crypto.Argon2CipherProvider - Encountered an error generating the Argon2 hash
java.lang.IllegalArgumentException: Cannot decrypt without a valid IV
	at org.apache.nifi.security.util.crypto.AESKeyedCipherProvider.getInitializedCipher(AESKeyedCipherProvider.java:128)
	at org.apache.nifi.security.util.crypto.AESKeyedCipherProvider.getCipher(AESKeyedCipherProvider.java:60)
	at org.apache.nifi.security.util.crypto.Argon2CipherProvider.getInitializedCipher(Argon2CipherProvider.java:177)
	at org.apache.nifi.security.util.crypto.Argon2CipherProvider.getCipher(Argon2CipherProvider.java:103)
	at org.apache.nifi.security.util.crypto.Argon2CipherProvider$getCipher$0.call(Unknown Source)
	at org.apache.nifi.security.util.crypto.Argon2CipherProviderGroovyTest$_testGetCipherShouldRejectInvalidIV_closure5$_closure13.doCall(Argon2CipherProviderGroovyTest.groovy:189)
	at org.apache.nifi.security.util.crypto.Argon2CipherProviderGroovyTest$_testGetCipherShouldRejectInvalidIV_closure5$_closure13.doCall(Argon2CipherProviderGroovyTest.groovy)
	at sun.reflect.GeneratedMethodAccessor77.invoke(Unknown Source)
	at sun.reflect.DelegatingMethodAccessorImpl.invoke(DelegatingMethodAccessorImpl.java:43)
	at java.lang.reflect.Method.invoke(Method.java:498)
	at org.codehaus.groovy.reflection.CachedMethod.invoke(CachedMethod.java:101)
	at groovy.lang.MetaMethod.doMethodInvoke(MetaMethod.java:323)
	at org.codehaus.groovy.runtime.metaclass.ClosureMetaClass.invokeMethod(ClosureMetaClass.java:263)
	at groovy.lang.MetaClassImpl.invokeMethod(MetaClassImpl.java:1041)
	at groovy.lang.Closure.call(Closure.java:405)
	at groovy.lang.Closure.call(Closure.java:399)
	at groovy.test.GroovyAssert.shouldFail(GroovyAssert.java:118)
	at groovy.test.GroovyAssert$shouldFail.callStatic(Unknown Source)
	at org.apache.nifi.security.util.crypto.Argon2CipherProviderGroovyTest$_testGetCipherShouldRejectInvalidIV_closure5.doCall(Argon2CipherProviderGroovyTest.groovy:188)
	at sun.reflect.GeneratedMethodAccessor76.invoke(Unknown Source)
	at sun.reflect.DelegatingMethodAccessorImpl.invoke(DelegatingMethodAccessorImpl.java:43)
	at java.lang.reflect.Method.invoke(Method.java:498)
	at org.codehaus.groovy.reflection.CachedMethod.invoke(CachedMethod.java:101)
	at groovy.lang.MetaMethod.doMethodInvoke(MetaMethod.java:323)
	at org.codehaus.groovy.runtime.metaclass.ClosureMetaClass.invokeMethod(ClosureMetaClass.java:263)
	at groovy.lang.MetaClassImpl.invokeMethod(MetaClassImpl.java:1041)
	at groovy.lang.Closure.call(Closure.java:405)
	at groovy.lang.Closure.call(Closure.java:421)
	at org.codehaus.groovy.runtime.DefaultGroovyMethods.each(DefaultGroovyMethods.java:2330)
	at org.codehaus.groovy.runtime.DefaultGroovyMethods.each(DefaultGroovyMethods.java:2315)
	at org.codehaus.groovy.runtime.DefaultGroovyMethods.each(DefaultGroovyMethods.java:2356)
	at org.codehaus.groovy.runtime.dgm$186.invoke(Unknown Source)
	at org.codehaus.groovy.runtime.callsite.PojoMetaMethodSite$PojoMetaMethodSiteNoUnwrapNoCoerce.invoke(PojoMetaMethodSite.java:244)
	at org.codehaus.groovy.runtime.callsite.PojoMetaMethodSite.call(PojoMetaMethodSite.java:53)
	at org.codehaus.groovy.runtime.callsite.AbstractCallSite.call(AbstractCallSite.java:127)
	at org.apache.nifi.security.util.crypto.Argon2CipherProviderGroovyTest.testGetCipherShouldRejectInvalidIV(Argon2CipherProviderGroovyTest.groovy:181)
	at sun.reflect.NativeMethodAccessorImpl.invoke0(Native Method)
	at sun.reflect.NativeMethodAccessorImpl.invoke(NativeMethodAccessorImpl.java:62)
	at sun.reflect.DelegatingMethodAccessorImpl.invoke(DelegatingMethodAccessorImpl.java:43)
	at java.lang.reflect.Method.invoke(Method.java:498)
	at junit.framework.TestCase.runTest(TestCase.java:177)
	at junit.framework.TestCase.runBare(TestCase.java:142)
	at junit.framework.TestResult$1.protect(TestResult.java:122)
	at junit.framework.TestResult.runProtected(TestResult.java:142)
	at junit.framework.TestResult.run(TestResult.java:125)
	at junit.framework.TestCase.run(TestCase.java:130)
	at junit.framework.TestSuite.runTest(TestSuite.java:241)
	at junit.framework.TestSuite.run(TestSuite.java:236)
	at org.junit.internal.runners.JUnit38ClassRunner.run(JUnit38ClassRunner.java:90)
	at org.junit.runner.JUnitCore.run(JUnitCore.java:137)
	at org.junit.runner.JUnitCore.run(JUnitCore.java:115)
	at org.junit.vintage.engine.execution.RunnerExecutor.execute(RunnerExecutor.java:43)
	at java.util.stream.ForEachOps$ForEachOp$OfRef.accept(ForEachOps.java:183)
	at java.util.stream.ReferencePipeline$3$1.accept(ReferencePipeline.java:193)
	at java.util.Iterator.forEachRemaining(Iterator.java:116)
	at java.util.Spliterators$IteratorSpliterator.forEachRemaining(Spliterators.java:1801)
	at java.util.stream.AbstractPipeline.copyInto(AbstractPipeline.java:482)
	at java.util.stream.AbstractPipeline.wrapAndCopyInto(AbstractPipeline.java:472)
	at java.util.stream.ForEachOps$ForEachOp.evaluateSequential(ForEachOps.java:150)
	at java.util.stream.ForEachOps$ForEachOp$OfRef.evaluateSequential(ForEachOps.java:173)
	at java.util.stream.AbstractPipeline.evaluate(AbstractPipeline.java:234)
	at java.util.stream.ReferencePipeline.forEach(ReferencePipeline.java:485)
	at org.junit.vintage.engine.VintageTestEngine.executeAllChildren(VintageTestEngine.java:82)
	at org.junit.vintage.engine.VintageTestEngine.execute(VintageTestEngine.java:73)
	at org.junit.platform.launcher.core.EngineExecutionOrchestrator.execute(EngineExecutionOrchestrator.java:108)
	at org.junit.platform.launcher.core.EngineExecutionOrchestrator.execute(EngineExecutionOrchestrator.java:88)
	at org.junit.platform.launcher.core.EngineExecutionOrchestrator.lambda$execute$0(EngineExecutionOrchestrator.java:54)
	at org.junit.platform.launcher.core.EngineExecutionOrchestrator.withInterceptedStreams(EngineExecutionOrchestrator.java:67)
	at org.junit.platform.launcher.core.EngineExecutionOrchestrator.execute(EngineExecutionOrchestrator.java:52)
	at org.junit.platform.launcher.core.DefaultLauncher.execute(DefaultLauncher.java:96)
	at org.junit.platform.launcher.core.DefaultLauncher.execute(DefaultLauncher.java:75)
	at org.apache.maven.surefire.junitplatform.JUnitPlatformProvider.execute(JUnitPlatformProvider.java:188)
	at org.apache.maven.surefire.junitplatform.JUnitPlatformProvider.invokeAllTests(JUnitPlatformProvider.java:154)
	at org.apache.maven.surefire.junitplatform.JUnitPlatformProvider.invoke(JUnitPlatformProvider.java:128)
	at org.apache.maven.surefire.booter.ForkedBooter.runSuitesInProcess(ForkedBooter.java:428)
	at org.apache.maven.surefire.booter.ForkedBooter.execute(ForkedBooter.java:162)
	at org.apache.maven.surefire.booter.ForkedBooter.run(ForkedBooter.java:562)
	at org.apache.maven.surefire.booter.ForkedBooter.main(ForkedBooter.java:548)
[main] INFO org.apache.nifi.security.util.crypto.Argon2CipherProviderGroovyTest - IV: 00 1
[main] WARN org.apache.nifi.security.util.crypto.Argon2SecureHasher - The provided memory size 1024 KiB is below the recommended minimum 65536 KiB.
[main] WARN org.apache.nifi.security.util.crypto.Argon2SecureHasher - The provided parallelization factor 1 is below the recommended minimum 8.
[main] WARN org.apache.nifi.security.util.crypto.Argon2SecureHasher - The provided iteration count 3 is below the recommended minimum 5.
[main] WARN org.apache.nifi.security.util.crypto.AESKeyedCipherProvider - An IV was provided of length 1 bytes for encryption but should be 16 bytes
[main] WARN org.apache.nifi.security.util.crypto.AESKeyedCipherProvider - Generating new IV. The value can be obtained in the calling code by invoking 'cipher.getIV()';
[main] WARN org.apache.nifi.security.util.crypto.Argon2SecureHasher - The provided memory size 1024 KiB is below the recommended minimum 65536 KiB.
[main] WARN org.apache.nifi.security.util.crypto.Argon2SecureHasher - The provided parallelization factor 1 is below the recommended minimum 8.
[main] WARN org.apache.nifi.security.util.crypto.Argon2SecureHasher - The provided iteration count 3 is below the recommended minimum 5.
[main] WARN org.apache.nifi.security.util.crypto.AESKeyedCipherProvider - An IV was provided of length 1 bytes for decryption but should be 16 bytes
[main] ERROR org.apache.nifi.security.util.crypto.Argon2CipherProvider - Encountered an error generating the Argon2 hash
java.lang.IllegalArgumentException: Cannot decrypt without a valid IV
	at org.apache.nifi.security.util.crypto.AESKeyedCipherProvider.getInitializedCipher(AESKeyedCipherProvider.java:128)
	at org.apache.nifi.security.util.crypto.AESKeyedCipherProvider.getCipher(AESKeyedCipherProvider.java:60)
	at org.apache.nifi.security.util.crypto.Argon2CipherProvider.getInitializedCipher(Argon2CipherProvider.java:177)
	at org.apache.nifi.security.util.crypto.Argon2CipherProvider.getCipher(Argon2CipherProvider.java:103)
	at org.apache.nifi.security.util.crypto.Argon2CipherProvider$getCipher$0.call(Unknown Source)
	at org.apache.nifi.security.util.crypto.Argon2CipherProviderGroovyTest$_testGetCipherShouldRejectInvalidIV_closure5$_closure13.doCall(Argon2CipherProviderGroovyTest.groovy:189)
	at org.apache.nifi.security.util.crypto.Argon2CipherProviderGroovyTest$_testGetCipherShouldRejectInvalidIV_closure5$_closure13.doCall(Argon2CipherProviderGroovyTest.groovy)
	at sun.reflect.GeneratedMethodAccessor77.invoke(Unknown Source)
	at sun.reflect.DelegatingMethodAccessorImpl.invoke(DelegatingMethodAccessorImpl.java:43)
	at java.lang.reflect.Method.invoke(Method.java:498)
	at org.codehaus.groovy.reflection.CachedMethod.invoke(CachedMethod.java:101)
	at groovy.lang.MetaMethod.doMethodInvoke(MetaMethod.java:323)
	at org.codehaus.groovy.runtime.metaclass.ClosureMetaClass.invokeMethod(ClosureMetaClass.java:263)
	at groovy.lang.MetaClassImpl.invokeMethod(MetaClassImpl.java:1041)
	at groovy.lang.Closure.call(Closure.java:405)
	at groovy.lang.Closure.call(Closure.java:399)
	at groovy.test.GroovyAssert.shouldFail(GroovyAssert.java:118)
	at groovy.test.GroovyAssert$shouldFail.callStatic(Unknown Source)
	at org.apache.nifi.security.util.crypto.Argon2CipherProviderGroovyTest$_testGetCipherShouldRejectInvalidIV_closure5.doCall(Argon2CipherProviderGroovyTest.groovy:188)
	at sun.reflect.GeneratedMethodAccessor76.invoke(Unknown Source)
	at sun.reflect.DelegatingMethodAccessorImpl.invoke(DelegatingMethodAccessorImpl.java:43)
	at java.lang.reflect.Method.invoke(Method.java:498)
	at org.codehaus.groovy.reflection.CachedMethod.invoke(CachedMethod.java:101)
	at groovy.lang.MetaMethod.doMethodInvoke(MetaMethod.java:323)
	at org.codehaus.groovy.runtime.metaclass.ClosureMetaClass.invokeMethod(ClosureMetaClass.java:263)
	at groovy.lang.MetaClassImpl.invokeMethod(MetaClassImpl.java:1041)
	at groovy.lang.Closure.call(Closure.java:405)
	at groovy.lang.Closure.call(Closure.java:421)
	at org.codehaus.groovy.runtime.DefaultGroovyMethods.each(DefaultGroovyMethods.java:2330)
	at org.codehaus.groovy.runtime.DefaultGroovyMethods.each(DefaultGroovyMethods.java:2315)
	at org.codehaus.groovy.runtime.DefaultGroovyMethods.each(DefaultGroovyMethods.java:2356)
	at org.codehaus.groovy.runtime.dgm$186.invoke(Unknown Source)
	at org.codehaus.groovy.runtime.callsite.PojoMetaMethodSite$PojoMetaMethodSiteNoUnwrapNoCoerce.invoke(PojoMetaMethodSite.java:244)
	at org.codehaus.groovy.runtime.callsite.PojoMetaMethodSite.call(PojoMetaMethodSite.java:53)
	at org.codehaus.groovy.runtime.callsite.AbstractCallSite.call(AbstractCallSite.java:127)
	at org.apache.nifi.security.util.crypto.Argon2CipherProviderGroovyTest.testGetCipherShouldRejectInvalidIV(Argon2CipherProviderGroovyTest.groovy:181)
	at sun.reflect.NativeMethodAccessorImpl.invoke0(Native Method)
	at sun.reflect.NativeMethodAccessorImpl.invoke(NativeMethodAccessorImpl.java:62)
	at sun.reflect.DelegatingMethodAccessorImpl.invoke(DelegatingMethodAccessorImpl.java:43)
	at java.lang.reflect.Method.invoke(Method.java:498)
	at junit.framework.TestCase.runTest(TestCase.java:177)
	at junit.framework.TestCase.runBare(TestCase.java:142)
	at junit.framework.TestResult$1.protect(TestResult.java:122)
	at junit.framework.TestResult.runProtected(TestResult.java:142)
	at junit.framework.TestResult.run(TestResult.java:125)
	at junit.framework.TestCase.run(TestCase.java:130)
	at junit.framework.TestSuite.runTest(TestSuite.java:241)
	at junit.framework.TestSuite.run(TestSuite.java:236)
	at org.junit.internal.runners.JUnit38ClassRunner.run(JUnit38ClassRunner.java:90)
	at org.junit.runner.JUnitCore.run(JUnitCore.java:137)
	at org.junit.runner.JUnitCore.run(JUnitCore.java:115)
	at org.junit.vintage.engine.execution.RunnerExecutor.execute(RunnerExecutor.java:43)
	at java.util.stream.ForEachOps$ForEachOp$OfRef.accept(ForEachOps.java:183)
	at java.util.stream.ReferencePipeline$3$1.accept(ReferencePipeline.java:193)
	at java.util.Iterator.forEachRemaining(Iterator.java:116)
	at java.util.Spliterators$IteratorSpliterator.forEachRemaining(Spliterators.java:1801)
	at java.util.stream.AbstractPipeline.copyInto(AbstractPipeline.java:482)
	at java.util.stream.AbstractPipeline.wrapAndCopyInto(AbstractPipeline.java:472)
	at java.util.stream.ForEachOps$ForEachOp.evaluateSequential(ForEachOps.java:150)
	at java.util.stream.ForEachOps$ForEachOp$OfRef.evaluateSequential(ForEachOps.java:173)
	at java.util.stream.AbstractPipeline.evaluate(AbstractPipeline.java:234)
	at java.util.stream.ReferencePipeline.forEach(ReferencePipeline.java:485)
	at org.junit.vintage.engine.VintageTestEngine.executeAllChildren(VintageTestEngine.java:82)
	at org.junit.vintage.engine.VintageTestEngine.execute(VintageTestEngine.java:73)
	at org.junit.platform.launcher.core.EngineExecutionOrchestrator.execute(EngineExecutionOrchestrator.java:108)
	at org.junit.platform.launcher.core.EngineExecutionOrchestrator.execute(EngineExecutionOrchestrator.java:88)
	at org.junit.platform.launcher.core.EngineExecutionOrchestrator.lambda$execute$0(EngineExecutionOrchestrator.java:54)
	at org.junit.platform.launcher.core.EngineExecutionOrchestrator.withInterceptedStreams(EngineExecutionOrchestrator.java:67)
	at org.junit.platform.launcher.core.EngineExecutionOrchestrator.execute(EngineExecutionOrchestrator.java:52)
	at org.junit.platform.launcher.core.DefaultLauncher.execute(DefaultLauncher.java:96)
	at org.junit.platform.launcher.core.DefaultLauncher.execute(DefaultLauncher.java:75)
	at org.apache.maven.surefire.junitplatform.JUnitPlatformProvider.execute(JUnitPlatformProvider.java:188)
	at org.apache.maven.surefire.junitplatform.JUnitPlatformProvider.invokeAllTests(JUnitPlatformProvider.java:154)
	at org.apache.maven.surefire.junitplatform.JUnitPlatformProvider.invoke(JUnitPlatformProvider.java:128)
	at org.apache.maven.surefire.booter.ForkedBooter.runSuitesInProcess(ForkedBooter.java:428)
	at org.apache.maven.surefire.booter.ForkedBooter.execute(ForkedBooter.java:162)
	at org.apache.maven.surefire.booter.ForkedBooter.run(ForkedBooter.java:562)
	at org.apache.maven.surefire.booter.ForkedBooter.main(ForkedBooter.java:548)
[main] INFO org.apache.nifi.security.util.crypto.Argon2CipherProviderGroovyTest - IV: 0000 2
[main] WARN org.apache.nifi.security.util.crypto.Argon2SecureHasher - The provided memory size 1024 KiB is below the recommended minimum 65536 KiB.
[main] WARN org.apache.nifi.security.util.crypto.Argon2SecureHasher - The provided parallelization factor 1 is below the recommended minimum 8.
[main] WARN org.apache.nifi.security.util.crypto.Argon2SecureHasher - The provided iteration count 3 is below the recommended minimum 5.
[main] WARN org.apache.nifi.security.util.crypto.AESKeyedCipherProvider - An IV was provided of length 2 bytes for encryption but should be 16 bytes
[main] WARN org.apache.nifi.security.util.crypto.AESKeyedCipherProvider - Generating new IV. The value can be obtained in the calling code by invoking 'cipher.getIV()';
[main] WARN org.apache.nifi.security.util.crypto.Argon2SecureHasher - The provided memory size 1024 KiB is below the recommended minimum 65536 KiB.
[main] WARN org.apache.nifi.security.util.crypto.Argon2SecureHasher - The provided parallelization factor 1 is below the recommended minimum 8.
[main] WARN org.apache.nifi.security.util.crypto.Argon2SecureHasher - The provided iteration count 3 is below the recommended minimum 5.
[main] WARN org.apache.nifi.security.util.crypto.AESKeyedCipherProvider - An IV was provided of length 2 bytes for decryption but should be 16 bytes
[main] ERROR org.apache.nifi.security.util.crypto.Argon2CipherProvider - Encountered an error generating the Argon2 hash
java.lang.IllegalArgumentException: Cannot decrypt without a valid IV
	at org.apache.nifi.security.util.crypto.AESKeyedCipherProvider.getInitializedCipher(AESKeyedCipherProvider.java:128)
	at org.apache.nifi.security.util.crypto.AESKeyedCipherProvider.getCipher(AESKeyedCipherProvider.java:60)
	at org.apache.nifi.security.util.crypto.Argon2CipherProvider.getInitializedCipher(Argon2CipherProvider.java:177)
	at org.apache.nifi.security.util.crypto.Argon2CipherProvider.getCipher(Argon2CipherProvider.java:103)
	at org.apache.nifi.security.util.crypto.Argon2CipherProvider$getCipher$0.call(Unknown Source)
	at org.apache.nifi.security.util.crypto.Argon2CipherProviderGroovyTest$_testGetCipherShouldRejectInvalidIV_closure5$_closure13.doCall(Argon2CipherProviderGroovyTest.groovy:189)
	at org.apache.nifi.security.util.crypto.Argon2CipherProviderGroovyTest$_testGetCipherShouldRejectInvalidIV_closure5$_closure13.doCall(Argon2CipherProviderGroovyTest.groovy)
	at sun.reflect.GeneratedMethodAccessor77.invoke(Unknown Source)
	at sun.reflect.DelegatingMethodAccessorImpl.invoke(DelegatingMethodAccessorImpl.java:43)
	at java.lang.reflect.Method.invoke(Method.java:498)
	at org.codehaus.groovy.reflection.CachedMethod.invoke(CachedMethod.java:101)
	at groovy.lang.MetaMethod.doMethodInvoke(MetaMethod.java:323)
	at org.codehaus.groovy.runtime.metaclass.ClosureMetaClass.invokeMethod(ClosureMetaClass.java:263)
	at groovy.lang.MetaClassImpl.invokeMethod(MetaClassImpl.java:1041)
	at groovy.lang.Closure.call(Closure.java:405)
	at groovy.lang.Closure.call(Closure.java:399)
	at groovy.test.GroovyAssert.shouldFail(GroovyAssert.java:118)
	at groovy.test.GroovyAssert$shouldFail.callStatic(Unknown Source)
	at org.apache.nifi.security.util.crypto.Argon2CipherProviderGroovyTest$_testGetCipherShouldRejectInvalidIV_closure5.doCall(Argon2CipherProviderGroovyTest.groovy:188)
	at sun.reflect.GeneratedMethodAccessor76.invoke(Unknown Source)
	at sun.reflect.DelegatingMethodAccessorImpl.invoke(DelegatingMethodAccessorImpl.java:43)
	at java.lang.reflect.Method.invoke(Method.java:498)
	at org.codehaus.groovy.reflection.CachedMethod.invoke(CachedMethod.java:101)
	at groovy.lang.MetaMethod.doMethodInvoke(MetaMethod.java:323)
	at org.codehaus.groovy.runtime.metaclass.ClosureMetaClass.invokeMethod(ClosureMetaClass.java:263)
	at groovy.lang.MetaClassImpl.invokeMethod(MetaClassImpl.java:1041)
	at groovy.lang.Closure.call(Closure.java:405)
	at groovy.lang.Closure.call(Closure.java:421)
	at org.codehaus.groovy.runtime.DefaultGroovyMethods.each(DefaultGroovyMethods.java:2330)
	at org.codehaus.groovy.runtime.DefaultGroovyMethods.each(DefaultGroovyMethods.java:2315)
	at org.codehaus.groovy.runtime.DefaultGroovyMethods.each(DefaultGroovyMethods.java:2356)
	at org.codehaus.groovy.runtime.dgm$186.invoke(Unknown Source)
	at org.codehaus.groovy.runtime.callsite.PojoMetaMethodSite$PojoMetaMethodSiteNoUnwrapNoCoerce.invoke(PojoMetaMethodSite.java:244)
	at org.codehaus.groovy.runtime.callsite.PojoMetaMethodSite.call(PojoMetaMethodSite.java:53)
	at org.codehaus.groovy.runtime.callsite.AbstractCallSite.call(AbstractCallSite.java:127)
	at org.apache.nifi.security.util.crypto.Argon2CipherProviderGroovyTest.testGetCipherShouldRejectInvalidIV(Argon2CipherProviderGroovyTest.groovy:181)
	at sun.reflect.NativeMethodAccessorImpl.invoke0(Native Method)
	at sun.reflect.NativeMethodAccessorImpl.invoke(NativeMethodAccessorImpl.java:62)
	at sun.reflect.DelegatingMethodAccessorImpl.invoke(DelegatingMethodAccessorImpl.java:43)
	at java.lang.reflect.Method.invoke(Method.java:498)
	at junit.framework.TestCase.runTest(TestCase.java:177)
	at junit.framework.TestCase.runBare(TestCase.java:142)
	at junit.framework.TestResult$1.protect(TestResult.java:122)
	at junit.framework.TestResult.runProtected(TestResult.java:142)
	at junit.framework.TestResult.run(TestResult.java:125)
	at junit.framework.TestCase.run(TestCase.java:130)
	at junit.framework.TestSuite.runTest(TestSuite.java:241)
	at junit.framework.TestSuite.run(TestSuite.java:236)
	at org.junit.internal.runners.JUnit38ClassRunner.run(JUnit38ClassRunner.java:90)
	at org.junit.runner.JUnitCore.run(JUnitCore.java:137)
	at org.junit.runner.JUnitCore.run(JUnitCore.java:115)
	at org.junit.vintage.engine.execution.RunnerExecutor.execute(RunnerExecutor.java:43)
	at java.util.stream.ForEachOps$ForEachOp$OfRef.accept(ForEachOps.java:183)
	at java.util.stream.ReferencePipeline$3$1.accept(ReferencePipeline.java:193)
	at java.util.Iterator.forEachRemaining(Iterator.java:116)
	at java.util.Spliterators$IteratorSpliterator.forEachRemaining(Spliterators.java:1801)
	at java.util.stream.AbstractPipeline.copyInto(AbstractPipeline.java:482)
	at java.util.stream.AbstractPipeline.wrapAndCopyInto(AbstractPipeline.java:472)
	at java.util.stream.ForEachOps$ForEachOp.evaluateSequential(ForEachOps.java:150)
	at java.util.stream.ForEachOps$ForEachOp$OfRef.evaluateSequential(ForEachOps.java:173)
	at java.util.stream.AbstractPipeline.evaluate(AbstractPipeline.java:234)
	at java.util.stream.ReferencePipeline.forEach(ReferencePipeline.java:485)
	at org.junit.vintage.engine.VintageTestEngine.executeAllChildren(VintageTestEngine.java:82)
	at org.junit.vintage.engine.VintageTestEngine.execute(VintageTestEngine.java:73)
	at org.junit.platform.launcher.core.EngineExecutionOrchestrator.execute(EngineExecutionOrchestrator.java:108)
	at org.junit.platform.launcher.core.EngineExecutionOrchestrator.execute(EngineExecutionOrchestrator.java:88)
	at org.junit.platform.launcher.core.EngineExecutionOrchestrator.lambda$execute$0(EngineExecutionOrchestrator.java:54)
	at org.junit.platform.launcher.core.EngineExecutionOrchestrator.withInterceptedStreams(EngineExecutionOrchestrator.java:67)
	at org.junit.platform.launcher.core.EngineExecutionOrchestrator.execute(EngineExecutionOrchestrator.java:52)
	at org.junit.platform.launcher.core.DefaultLauncher.execute(DefaultLauncher.java:96)
	at org.junit.platform.launcher.core.DefaultLauncher.execute(DefaultLauncher.java:75)
	at org.apache.maven.surefire.junitplatform.JUnitPlatformProvider.execute(JUnitPlatformProvider.java:188)
	at org.apache.maven.surefire.junitplatform.JUnitPlatformProvider.invokeAllTests(JUnitPlatformProvider.java:154)
	at org.apache.maven.surefire.junitplatform.JUnitPlatformProvider.invoke(JUnitPlatformProvider.java:128)
	at org.apache.maven.surefire.booter.ForkedBooter.runSuitesInProcess(ForkedBooter.java:428)
	at org.apache.maven.surefire.booter.ForkedBooter.execute(ForkedBooter.java:162)
	at org.apache.maven.surefire.booter.ForkedBooter.run(ForkedBooter.java:562)
	at org.apache.maven.surefire.booter.ForkedBooter.main(ForkedBooter.java:548)
[main] INFO org.apache.nifi.security.util.crypto.Argon2CipherProviderGroovyTest - IV: 000000 3
[main] WARN org.apache.nifi.security.util.crypto.Argon2SecureHasher - The provided memory size 1024 KiB is below the recommended minimum 65536 KiB.
[main] WARN org.apache.nifi.security.util.crypto.Argon2SecureHasher - The provided parallelization factor 1 is below the recommended minimum 8.
[main] WARN org.apache.nifi.security.util.crypto.Argon2SecureHasher - The provided iteration count 3 is below the recommended minimum 5.
[main] WARN org.apache.nifi.security.util.crypto.AESKeyedCipherProvider - An IV was provided of length 3 bytes for encryption but should be 16 bytes
[main] WARN org.apache.nifi.security.util.crypto.AESKeyedCipherProvider - Generating new IV. The value can be obtained in the calling code by invoking 'cipher.getIV()';
[main] WARN org.apache.nifi.security.util.crypto.Argon2SecureHasher - The provided memory size 1024 KiB is below the recommended minimum 65536 KiB.
[main] WARN org.apache.nifi.security.util.crypto.Argon2SecureHasher - The provided parallelization factor 1 is below the recommended minimum 8.
[main] WARN org.apache.nifi.security.util.crypto.Argon2SecureHasher - The provided iteration count 3 is below the recommended minimum 5.
[main] WARN org.apache.nifi.security.util.crypto.AESKeyedCipherProvider - An IV was provided of length 3 bytes for decryption but should be 16 bytes
[main] ERROR org.apache.nifi.security.util.crypto.Argon2CipherProvider - Encountered an error generating the Argon2 hash
java.lang.IllegalArgumentException: Cannot decrypt without a valid IV
	at org.apache.nifi.security.util.crypto.AESKeyedCipherProvider.getInitializedCipher(AESKeyedCipherProvider.java:128)
	at org.apache.nifi.security.util.crypto.AESKeyedCipherProvider.getCipher(AESKeyedCipherProvider.java:60)
	at org.apache.nifi.security.util.crypto.Argon2CipherProvider.getInitializedCipher(Argon2CipherProvider.java:177)
	at org.apache.nifi.security.util.crypto.Argon2CipherProvider.getCipher(Argon2CipherProvider.java:103)
	at org.apache.nifi.security.util.crypto.Argon2CipherProvider$getCipher$0.call(Unknown Source)
	at org.apache.nifi.security.util.crypto.Argon2CipherProviderGroovyTest$_testGetCipherShouldRejectInvalidIV_closure5$_closure13.doCall(Argon2CipherProviderGroovyTest.groovy:189)
	at org.apache.nifi.security.util.crypto.Argon2CipherProviderGroovyTest$_testGetCipherShouldRejectInvalidIV_closure5$_closure13.doCall(Argon2CipherProviderGroovyTest.groovy)
	at sun.reflect.GeneratedMethodAccessor77.invoke(Unknown Source)
	at sun.reflect.DelegatingMethodAccessorImpl.invoke(DelegatingMethodAccessorImpl.java:43)
	at java.lang.reflect.Method.invoke(Method.java:498)
	at org.codehaus.groovy.reflection.CachedMethod.invoke(CachedMethod.java:101)
	at groovy.lang.MetaMethod.doMethodInvoke(MetaMethod.java:323)
	at org.codehaus.groovy.runtime.metaclass.ClosureMetaClass.invokeMethod(ClosureMetaClass.java:263)
	at groovy.lang.MetaClassImpl.invokeMethod(MetaClassImpl.java:1041)
	at groovy.lang.Closure.call(Closure.java:405)
	at groovy.lang.Closure.call(Closure.java:399)
	at groovy.test.GroovyAssert.shouldFail(GroovyAssert.java:118)
	at groovy.test.GroovyAssert$shouldFail.callStatic(Unknown Source)
	at org.apache.nifi.security.util.crypto.Argon2CipherProviderGroovyTest$_testGetCipherShouldRejectInvalidIV_closure5.doCall(Argon2CipherProviderGroovyTest.groovy:188)
	at sun.reflect.GeneratedMethodAccessor76.invoke(Unknown Source)
	at sun.reflect.DelegatingMethodAccessorImpl.invoke(DelegatingMethodAccessorImpl.java:43)
	at java.lang.reflect.Method.invoke(Method.java:498)
	at org.codehaus.groovy.reflection.CachedMethod.invoke(CachedMethod.java:101)
	at groovy.lang.MetaMethod.doMethodInvoke(MetaMethod.java:323)
	at org.codehaus.groovy.runtime.metaclass.ClosureMetaClass.invokeMethod(ClosureMetaClass.java:263)
	at groovy.lang.MetaClassImpl.invokeMethod(MetaClassImpl.java:1041)
	at groovy.lang.Closure.call(Closure.java:405)
	at groovy.lang.Closure.call(Closure.java:421)
	at org.codehaus.groovy.runtime.DefaultGroovyMethods.each(DefaultGroovyMethods.java:2330)
	at org.codehaus.groovy.runtime.DefaultGroovyMethods.each(DefaultGroovyMethods.java:2315)
	at org.codehaus.groovy.runtime.DefaultGroovyMethods.each(DefaultGroovyMethods.java:2356)
	at org.codehaus.groovy.runtime.dgm$186.invoke(Unknown Source)
	at org.codehaus.groovy.runtime.callsite.PojoMetaMethodSite$PojoMetaMethodSiteNoUnwrapNoCoerce.invoke(PojoMetaMethodSite.java:244)
	at org.codehaus.groovy.runtime.callsite.PojoMetaMethodSite.call(PojoMetaMethodSite.java:53)
	at org.codehaus.groovy.runtime.callsite.AbstractCallSite.call(AbstractCallSite.java:127)
	at org.apache.nifi.security.util.crypto.Argon2CipherProviderGroovyTest.testGetCipherShouldRejectInvalidIV(Argon2CipherProviderGroovyTest.groovy:181)
	at sun.reflect.NativeMethodAccessorImpl.invoke0(Native Method)
	at sun.reflect.NativeMethodAccessorImpl.invoke(NativeMethodAccessorImpl.java:62)
	at sun.reflect.DelegatingMethodAccessorImpl.invoke(DelegatingMethodAccessorImpl.java:43)
	at java.lang.reflect.Method.invoke(Method.java:498)
	at junit.framework.TestCase.runTest(TestCase.java:177)
	at junit.framework.TestCase.runBare(TestCase.java:142)
	at junit.framework.TestResult$1.protect(TestResult.java:122)
	at junit.framework.TestResult.runProtected(TestResult.java:142)
	at junit.framework.TestResult.run(TestResult.java:125)
	at junit.framework.TestCase.run(TestCase.java:130)
	at junit.framework.TestSuite.runTest(TestSuite.java:241)
	at junit.framework.TestSuite.run(TestSuite.java:236)
	at org.junit.internal.runners.JUnit38ClassRunner.run(JUnit38ClassRunner.java:90)
	at org.junit.runner.JUnitCore.run(JUnitCore.java:137)
	at org.junit.runner.JUnitCore.run(JUnitCore.java:115)
	at org.junit.vintage.engine.execution.RunnerExecutor.execute(RunnerExecutor.java:43)
	at java.util.stream.ForEachOps$ForEachOp$OfRef.accept(ForEachOps.java:183)
	at java.util.stream.ReferencePipeline$3$1.accept(ReferencePipeline.java:193)
	at java.util.Iterator.forEachRemaining(Iterator.java:116)
	at java.util.Spliterators$IteratorSpliterator.forEachRemaining(Spliterators.java:1801)
	at java.util.stream.AbstractPipeline.copyInto(AbstractPipeline.java:482)
	at java.util.stream.AbstractPipeline.wrapAndCopyInto(AbstractPipeline.java:472)
	at java.util.stream.ForEachOps$ForEachOp.evaluateSequential(ForEachOps.java:150)
	at java.util.stream.ForEachOps$ForEachOp$OfRef.evaluateSequential(ForEachOps.java:173)
	at java.util.stream.AbstractPipeline.evaluate(AbstractPipeline.java:234)
	at java.util.stream.ReferencePipeline.forEach(ReferencePipeline.java:485)
	at org.junit.vintage.engine.VintageTestEngine.executeAllChildren(VintageTestEngine.java:82)
	at org.junit.vintage.engine.VintageTestEngine.execute(VintageTestEngine.java:73)
	at org.junit.platform.launcher.core.EngineExecutionOrchestrator.execute(EngineExecutionOrchestrator.java:108)
	at org.junit.platform.launcher.core.EngineExecutionOrchestrator.execute(EngineExecutionOrchestrator.java:88)
	at org.junit.platform.launcher.core.EngineExecutionOrchestrator.lambda$execute$0(EngineExecutionOrchestrator.java:54)
	at org.junit.platform.launcher.core.EngineExecutionOrchestrator.withInterceptedStreams(EngineExecutionOrchestrator.java:67)
	at org.junit.platform.launcher.core.EngineExecutionOrchestrator.execute(EngineExecutionOrchestrator.java:52)
	at org.junit.platform.launcher.core.DefaultLauncher.execute(DefaultLauncher.java:96)
	at org.junit.platform.launcher.core.DefaultLauncher.execute(DefaultLauncher.java:75)
	at org.apache.maven.surefire.junitplatform.JUnitPlatformProvider.execute(JUnitPlatformProvider.java:188)
	at org.apache.maven.surefire.junitplatform.JUnitPlatformProvider.invokeAllTests(JUnitPlatformProvider.java:154)
	at org.apache.maven.surefire.junitplatform.JUnitPlatformProvider.invoke(JUnitPlatformProvider.java:128)
	at org.apache.maven.surefire.booter.ForkedBooter.runSuitesInProcess(ForkedBooter.java:428)
	at org.apache.maven.surefire.booter.ForkedBooter.execute(ForkedBooter.java:162)
	at org.apache.maven.surefire.booter.ForkedBooter.run(ForkedBooter.java:562)
	at org.apache.maven.surefire.booter.ForkedBooter.main(ForkedBooter.java:548)
[main] INFO org.apache.nifi.security.util.crypto.Argon2CipherProviderGroovyTest - IV: 00000000 4
[main] WARN org.apache.nifi.security.util.crypto.Argon2SecureHasher - The provided memory size 1024 KiB is below the recommended minimum 65536 KiB.
[main] WARN org.apache.nifi.security.util.crypto.Argon2SecureHasher - The provided parallelization factor 1 is below the recommended minimum 8.
[main] WARN org.apache.nifi.security.util.crypto.Argon2SecureHasher - The provided iteration count 3 is below the recommended minimum 5.
[main] WARN org.apache.nifi.security.util.crypto.AESKeyedCipherProvider - An IV was provided of length 4 bytes for encryption but should be 16 bytes
[main] WARN org.apache.nifi.security.util.crypto.AESKeyedCipherProvider - Generating new IV. The value can be obtained in the calling code by invoking 'cipher.getIV()';
[main] WARN org.apache.nifi.security.util.crypto.Argon2SecureHasher - The provided memory size 1024 KiB is below the recommended minimum 65536 KiB.
[main] WARN org.apache.nifi.security.util.crypto.Argon2SecureHasher - The provided parallelization factor 1 is below the recommended minimum 8.
[main] WARN org.apache.nifi.security.util.crypto.Argon2SecureHasher - The provided iteration count 3 is below the recommended minimum 5.
[main] WARN org.apache.nifi.security.util.crypto.AESKeyedCipherProvider - An IV was provided of length 4 bytes for decryption but should be 16 bytes
[main] ERROR org.apache.nifi.security.util.crypto.Argon2CipherProvider - Encountered an error generating the Argon2 hash
java.lang.IllegalArgumentException: Cannot decrypt without a valid IV
	at org.apache.nifi.security.util.crypto.AESKeyedCipherProvider.getInitializedCipher(AESKeyedCipherProvider.java:128)
	at org.apache.nifi.security.util.crypto.AESKeyedCipherProvider.getCipher(AESKeyedCipherProvider.java:60)
	at org.apache.nifi.security.util.crypto.Argon2CipherProvider.getInitializedCipher(Argon2CipherProvider.java:177)
	at org.apache.nifi.security.util.crypto.Argon2CipherProvider.getCipher(Argon2CipherProvider.java:103)
	at org.apache.nifi.security.util.crypto.Argon2CipherProvider$getCipher$0.call(Unknown Source)
	at org.apache.nifi.security.util.crypto.Argon2CipherProviderGroovyTest$_testGetCipherShouldRejectInvalidIV_closure5$_closure13.doCall(Argon2CipherProviderGroovyTest.groovy:189)
	at org.apache.nifi.security.util.crypto.Argon2CipherProviderGroovyTest$_testGetCipherShouldRejectInvalidIV_closure5$_closure13.doCall(Argon2CipherProviderGroovyTest.groovy)
	at sun.reflect.GeneratedMethodAccessor77.invoke(Unknown Source)
	at sun.reflect.DelegatingMethodAccessorImpl.invoke(DelegatingMethodAccessorImpl.java:43)
	at java.lang.reflect.Method.invoke(Method.java:498)
	at org.codehaus.groovy.reflection.CachedMethod.invoke(CachedMethod.java:101)
	at groovy.lang.MetaMethod.doMethodInvoke(MetaMethod.java:323)
	at org.codehaus.groovy.runtime.metaclass.ClosureMetaClass.invokeMethod(ClosureMetaClass.java:263)
	at groovy.lang.MetaClassImpl.invokeMethod(MetaClassImpl.java:1041)
	at groovy.lang.Closure.call(Closure.java:405)
	at groovy.lang.Closure.call(Closure.java:399)
	at groovy.test.GroovyAssert.shouldFail(GroovyAssert.java:118)
	at groovy.test.GroovyAssert$shouldFail.callStatic(Unknown Source)
	at org.apache.nifi.security.util.crypto.Argon2CipherProviderGroovyTest$_testGetCipherShouldRejectInvalidIV_closure5.doCall(Argon2CipherProviderGroovyTest.groovy:188)
	at sun.reflect.GeneratedMethodAccessor76.invoke(Unknown Source)
	at sun.reflect.DelegatingMethodAccessorImpl.invoke(DelegatingMethodAccessorImpl.java:43)
	at java.lang.reflect.Method.invoke(Method.java:498)
	at org.codehaus.groovy.reflection.CachedMethod.invoke(CachedMethod.java:101)
	at groovy.lang.MetaMethod.doMethodInvoke(MetaMethod.java:323)
	at org.codehaus.groovy.runtime.metaclass.ClosureMetaClass.invokeMethod(ClosureMetaClass.java:263)
	at groovy.lang.MetaClassImpl.invokeMethod(MetaClassImpl.java:1041)
	at groovy.lang.Closure.call(Closure.java:405)
	at groovy.lang.Closure.call(Closure.java:421)
	at org.codehaus.groovy.runtime.DefaultGroovyMethods.each(DefaultGroovyMethods.java:2330)
	at org.codehaus.groovy.runtime.DefaultGroovyMethods.each(DefaultGroovyMethods.java:2315)
	at org.codehaus.groovy.runtime.DefaultGroovyMethods.each(DefaultGroovyMethods.java:2356)
	at org.codehaus.groovy.runtime.dgm$186.invoke(Unknown Source)
	at org.codehaus.groovy.runtime.callsite.PojoMetaMethodSite$PojoMetaMethodSiteNoUnwrapNoCoerce.invoke(PojoMetaMethodSite.java:244)
	at org.codehaus.groovy.runtime.callsite.PojoMetaMethodSite.call(PojoMetaMethodSite.java:53)
	at org.codehaus.groovy.runtime.callsite.AbstractCallSite.call(AbstractCallSite.java:127)
	at org.apache.nifi.security.util.crypto.Argon2CipherProviderGroovyTest.testGetCipherShouldRejectInvalidIV(Argon2CipherProviderGroovyTest.groovy:181)
	at sun.reflect.NativeMethodAccessorImpl.invoke0(Native Method)
	at sun.reflect.NativeMethodAccessorImpl.invoke(NativeMethodAccessorImpl.java:62)
	at sun.reflect.DelegatingMethodAccessorImpl.invoke(DelegatingMethodAccessorImpl.java:43)
	at java.lang.reflect.Method.invoke(Method.java:498)
	at junit.framework.TestCase.runTest(TestCase.java:177)
	at junit.framework.TestCase.runBare(TestCase.java:142)
	at junit.framework.TestResult$1.protect(TestResult.java:122)
	at junit.framework.TestResult.runProtected(TestResult.java:142)
	at junit.framework.TestResult.run(TestResult.java:125)
	at junit.framework.TestCase.run(TestCase.java:130)
	at junit.framework.TestSuite.runTest(TestSuite.java:241)
	at junit.framework.TestSuite.run(TestSuite.java:236)
	at org.junit.internal.runners.JUnit38ClassRunner.run(JUnit38ClassRunner.java:90)
	at org.junit.runner.JUnitCore.run(JUnitCore.java:137)
	at org.junit.runner.JUnitCore.run(JUnitCore.java:115)
	at org.junit.vintage.engine.execution.RunnerExecutor.execute(RunnerExecutor.java:43)
	at java.util.stream.ForEachOps$ForEachOp$OfRef.accept(ForEachOps.java:183)
	at java.util.stream.ReferencePipeline$3$1.accept(ReferencePipeline.java:193)
	at java.util.Iterator.forEachRemaining(Iterator.java:116)
	at java.util.Spliterators$IteratorSpliterator.forEachRemaining(Spliterators.java:1801)
	at java.util.stream.AbstractPipeline.copyInto(AbstractPipeline.java:482)
	at java.util.stream.AbstractPipeline.wrapAndCopyInto(AbstractPipeline.java:472)
	at java.util.stream.ForEachOps$ForEachOp.evaluateSequential(ForEachOps.java:150)
	at java.util.stream.ForEachOps$ForEachOp$OfRef.evaluateSequential(ForEachOps.java:173)
	at java.util.stream.AbstractPipeline.evaluate(AbstractPipeline.java:234)
	at java.util.stream.ReferencePipeline.forEach(ReferencePipeline.java:485)
	at org.junit.vintage.engine.VintageTestEngine.executeAllChildren(VintageTestEngine.java:82)
	at org.junit.vintage.engine.VintageTestEngine.execute(VintageTestEngine.java:73)
	at org.junit.platform.launcher.core.EngineExecutionOrchestrator.execute(EngineExecutionOrchestrator.java:108)
	at org.junit.platform.launcher.core.EngineExecutionOrchestrator.execute(EngineExecutionOrchestrator.java:88)
	at org.junit.platform.launcher.core.EngineExecutionOrchestrator.lambda$execute$0(EngineExecutionOrchestrator.java:54)
	at org.junit.platform.launcher.core.EngineExecutionOrchestrator.withInterceptedStreams(EngineExecutionOrchestrator.java:67)
	at org.junit.platform.launcher.core.EngineExecutionOrchestrator.execute(EngineExecutionOrchestrator.java:52)
	at org.junit.platform.launcher.core.DefaultLauncher.execute(DefaultLauncher.java:96)
	at org.junit.platform.launcher.core.DefaultLauncher.execute(DefaultLauncher.java:75)
	at org.apache.maven.surefire.junitplatform.JUnitPlatformProvider.execute(JUnitPlatformProvider.java:188)
	at org.apache.maven.surefire.junitplatform.JUnitPlatformProvider.invokeAllTests(JUnitPlatformProvider.java:154)
	at org.apache.maven.surefire.junitplatform.JUnitPlatformProvider.invoke(JUnitPlatformProvider.java:128)
	at org.apache.maven.surefire.booter.ForkedBooter.runSuitesInProcess(ForkedBooter.java:428)
	at org.apache.maven.surefire.booter.ForkedBooter.execute(ForkedBooter.java:162)
	at org.apache.maven.surefire.booter.ForkedBooter.run(ForkedBooter.java:562)
	at org.apache.maven.surefire.booter.ForkedBooter.main(ForkedBooter.java:548)
[main] INFO org.apache.nifi.security.util.crypto.Argon2CipherProviderGroovyTest - IV: 0000000000 5
[main] WARN org.apache.nifi.security.util.crypto.Argon2SecureHasher - The provided memory size 1024 KiB is below the recommended minimum 65536 KiB.
[main] WARN org.apache.nifi.security.util.crypto.Argon2SecureHasher - The provided parallelization factor 1 is below the recommended minimum 8.
[main] WARN org.apache.nifi.security.util.crypto.Argon2SecureHasher - The provided iteration count 3 is below the recommended minimum 5.
[main] WARN org.apache.nifi.security.util.crypto.AESKeyedCipherProvider - An IV was provided of length 5 bytes for encryption but should be 16 bytes
[main] WARN org.apache.nifi.security.util.crypto.AESKeyedCipherProvider - Generating new IV. The value can be obtained in the calling code by invoking 'cipher.getIV()';
[main] WARN org.apache.nifi.security.util.crypto.Argon2SecureHasher - The provided memory size 1024 KiB is below the recommended minimum 65536 KiB.
[main] WARN org.apache.nifi.security.util.crypto.Argon2SecureHasher - The provided parallelization factor 1 is below the recommended minimum 8.
[main] WARN org.apache.nifi.security.util.crypto.Argon2SecureHasher - The provided iteration count 3 is below the recommended minimum 5.
[main] WARN org.apache.nifi.security.util.crypto.AESKeyedCipherProvider - An IV was provided of length 5 bytes for decryption but should be 16 bytes
[main] ERROR org.apache.nifi.security.util.crypto.Argon2CipherProvider - Encountered an error generating the Argon2 hash
java.lang.IllegalArgumentException: Cannot decrypt without a valid IV
	at org.apache.nifi.security.util.crypto.AESKeyedCipherProvider.getInitializedCipher(AESKeyedCipherProvider.java:128)
	at org.apache.nifi.security.util.crypto.AESKeyedCipherProvider.getCipher(AESKeyedCipherProvider.java:60)
	at org.apache.nifi.security.util.crypto.Argon2CipherProvider.getInitializedCipher(Argon2CipherProvider.java:177)
	at org.apache.nifi.security.util.crypto.Argon2CipherProvider.getCipher(Argon2CipherProvider.java:103)
	at org.apache.nifi.security.util.crypto.Argon2CipherProvider$getCipher$0.call(Unknown Source)
	at org.apache.nifi.security.util.crypto.Argon2CipherProviderGroovyTest$_testGetCipherShouldRejectInvalidIV_closure5$_closure13.doCall(Argon2CipherProviderGroovyTest.groovy:189)
	at org.apache.nifi.security.util.crypto.Argon2CipherProviderGroovyTest$_testGetCipherShouldRejectInvalidIV_closure5$_closure13.doCall(Argon2CipherProviderGroovyTest.groovy)
	at sun.reflect.GeneratedMethodAccessor77.invoke(Unknown Source)
	at sun.reflect.DelegatingMethodAccessorImpl.invoke(DelegatingMethodAccessorImpl.java:43)
	at java.lang.reflect.Method.invoke(Method.java:498)
	at org.codehaus.groovy.reflection.CachedMethod.invoke(CachedMethod.java:101)
	at groovy.lang.MetaMethod.doMethodInvoke(MetaMethod.java:323)
	at org.codehaus.groovy.runtime.metaclass.ClosureMetaClass.invokeMethod(ClosureMetaClass.java:263)
	at groovy.lang.MetaClassImpl.invokeMethod(MetaClassImpl.java:1041)
	at groovy.lang.Closure.call(Closure.java:405)
	at groovy.lang.Closure.call(Closure.java:399)
	at groovy.test.GroovyAssert.shouldFail(GroovyAssert.java:118)
	at groovy.test.GroovyAssert$shouldFail.callStatic(Unknown Source)
	at org.apache.nifi.security.util.crypto.Argon2CipherProviderGroovyTest$_testGetCipherShouldRejectInvalidIV_closure5.doCall(Argon2CipherProviderGroovyTest.groovy:188)
	at sun.reflect.GeneratedMethodAccessor76.invoke(Unknown Source)
	at sun.reflect.DelegatingMethodAccessorImpl.invoke(DelegatingMethodAccessorImpl.java:43)
	at java.lang.reflect.Method.invoke(Method.java:498)
	at org.codehaus.groovy.reflection.CachedMethod.invoke(CachedMethod.java:101)
	at groovy.lang.MetaMethod.doMethodInvoke(MetaMethod.java:323)
	at org.codehaus.groovy.runtime.metaclass.ClosureMetaClass.invokeMethod(ClosureMetaClass.java:263)
	at groovy.lang.MetaClassImpl.invokeMethod(MetaClassImpl.java:1041)
	at groovy.lang.Closure.call(Closure.java:405)
	at groovy.lang.Closure.call(Closure.java:421)
	at org.codehaus.groovy.runtime.DefaultGroovyMethods.each(DefaultGroovyMethods.java:2330)
	at org.codehaus.groovy.runtime.DefaultGroovyMethods.each(DefaultGroovyMethods.java:2315)
	at org.codehaus.groovy.runtime.DefaultGroovyMethods.each(DefaultGroovyMethods.java:2356)
	at org.codehaus.groovy.runtime.dgm$186.invoke(Unknown Source)
	at org.codehaus.groovy.runtime.callsite.PojoMetaMethodSite$PojoMetaMethodSiteNoUnwrapNoCoerce.invoke(PojoMetaMethodSite.java:244)
	at org.codehaus.groovy.runtime.callsite.PojoMetaMethodSite.call(PojoMetaMethodSite.java:53)
	at org.codehaus.groovy.runtime.callsite.AbstractCallSite.call(AbstractCallSite.java:127)
	at org.apache.nifi.security.util.crypto.Argon2CipherProviderGroovyTest.testGetCipherShouldRejectInvalidIV(Argon2CipherProviderGroovyTest.groovy:181)
	at sun.reflect.NativeMethodAccessorImpl.invoke0(Native Method)
	at sun.reflect.NativeMethodAccessorImpl.invoke(NativeMethodAccessorImpl.java:62)
	at sun.reflect.DelegatingMethodAccessorImpl.invoke(DelegatingMethodAccessorImpl.java:43)
	at java.lang.reflect.Method.invoke(Method.java:498)
	at junit.framework.TestCase.runTest(TestCase.java:177)
	at junit.framework.TestCase.runBare(TestCase.java:142)
	at junit.framework.TestResult$1.protect(TestResult.java:122)
	at junit.framework.TestResult.runProtected(TestResult.java:142)
	at junit.framework.TestResult.run(TestResult.java:125)
	at junit.framework.TestCase.run(TestCase.java:130)
	at junit.framework.TestSuite.runTest(TestSuite.java:241)
	at junit.framework.TestSuite.run(TestSuite.java:236)
	at org.junit.internal.runners.JUnit38ClassRunner.run(JUnit38ClassRunner.java:90)
	at org.junit.runner.JUnitCore.run(JUnitCore.java:137)
	at org.junit.runner.JUnitCore.run(JUnitCore.java:115)
	at org.junit.vintage.engine.execution.RunnerExecutor.execute(RunnerExecutor.java:43)
	at java.util.stream.ForEachOps$ForEachOp$OfRef.accept(ForEachOps.java:183)
	at java.util.stream.ReferencePipeline$3$1.accept(ReferencePipeline.java:193)
	at java.util.Iterator.forEachRemaining(Iterator.java:116)
	at java.util.Spliterators$IteratorSpliterator.forEachRemaining(Spliterators.java:1801)
	at java.util.stream.AbstractPipeline.copyInto(AbstractPipeline.java:482)
	at java.util.stream.AbstractPipeline.wrapAndCopyInto(AbstractPipeline.java:472)
	at java.util.stream.ForEachOps$ForEachOp.evaluateSequential(ForEachOps.java:150)
	at java.util.stream.ForEachOps$ForEachOp$OfRef.evaluateSequential(ForEachOps.java:173)
	at java.util.stream.AbstractPipeline.evaluate(AbstractPipeline.java:234)
	at java.util.stream.ReferencePipeline.forEach(ReferencePipeline.java:485)
	at org.junit.vintage.engine.VintageTestEngine.executeAllChildren(VintageTestEngine.java:82)
	at org.junit.vintage.engine.VintageTestEngine.execute(VintageTestEngine.java:73)
	at org.junit.platform.launcher.core.EngineExecutionOrchestrator.execute(EngineExecutionOrchestrator.java:108)
	at org.junit.platform.launcher.core.EngineExecutionOrchestrator.execute(EngineExecutionOrchestrator.java:88)
	at org.junit.platform.launcher.core.EngineExecutionOrchestrator.lambda$execute$0(EngineExecutionOrchestrator.java:54)
	at org.junit.platform.launcher.core.EngineExecutionOrchestrator.withInterceptedStreams(EngineExecutionOrchestrator.java:67)
	at org.junit.platform.launcher.core.EngineExecutionOrchestrator.execute(EngineExecutionOrchestrator.java:52)
	at org.junit.platform.launcher.core.DefaultLauncher.execute(DefaultLauncher.java:96)
	at org.junit.platform.launcher.core.DefaultLauncher.execute(DefaultLauncher.java:75)
	at org.apache.maven.surefire.junitplatform.JUnitPlatformProvider.execute(JUnitPlatformProvider.java:188)
	at org.apache.maven.surefire.junitplatform.JUnitPlatformProvider.invokeAllTests(JUnitPlatformProvider.java:154)
	at org.apache.maven.surefire.junitplatform.JUnitPlatformProvider.invoke(JUnitPlatformProvider.java:128)
	at org.apache.maven.surefire.booter.ForkedBooter.runSuitesInProcess(ForkedBooter.java:428)
	at org.apache.maven.surefire.booter.ForkedBooter.execute(ForkedBooter.java:162)
	at org.apache.maven.surefire.booter.ForkedBooter.run(ForkedBooter.java:562)
	at org.apache.maven.surefire.booter.ForkedBooter.main(ForkedBooter.java:548)
[main] INFO org.apache.nifi.security.util.crypto.Argon2CipherProviderGroovyTest - IV: 000000000000 6
[main] WARN org.apache.nifi.security.util.crypto.Argon2SecureHasher - The provided memory size 1024 KiB is below the recommended minimum 65536 KiB.
[main] WARN org.apache.nifi.security.util.crypto.Argon2SecureHasher - The provided parallelization factor 1 is below the recommended minimum 8.
[main] WARN org.apache.nifi.security.util.crypto.Argon2SecureHasher - The provided iteration count 3 is below the recommended minimum 5.
[main] WARN org.apache.nifi.security.util.crypto.AESKeyedCipherProvider - An IV was provided of length 6 bytes for encryption but should be 16 bytes
[main] WARN org.apache.nifi.security.util.crypto.AESKeyedCipherProvider - Generating new IV. The value can be obtained in the calling code by invoking 'cipher.getIV()';
[main] WARN org.apache.nifi.security.util.crypto.Argon2SecureHasher - The provided memory size 1024 KiB is below the recommended minimum 65536 KiB.
[main] WARN org.apache.nifi.security.util.crypto.Argon2SecureHasher - The provided parallelization factor 1 is below the recommended minimum 8.
[main] WARN org.apache.nifi.security.util.crypto.Argon2SecureHasher - The provided iteration count 3 is below the recommended minimum 5.
[main] WARN org.apache.nifi.security.util.crypto.AESKeyedCipherProvider - An IV was provided of length 6 bytes for decryption but should be 16 bytes
[main] ERROR org.apache.nifi.security.util.crypto.Argon2CipherProvider - Encountered an error generating the Argon2 hash
java.lang.IllegalArgumentException: Cannot decrypt without a valid IV
	at org.apache.nifi.security.util.crypto.AESKeyedCipherProvider.getInitializedCipher(AESKeyedCipherProvider.java:128)
	at org.apache.nifi.security.util.crypto.AESKeyedCipherProvider.getCipher(AESKeyedCipherProvider.java:60)
	at org.apache.nifi.security.util.crypto.Argon2CipherProvider.getInitializedCipher(Argon2CipherProvider.java:177)
	at org.apache.nifi.security.util.crypto.Argon2CipherProvider.getCipher(Argon2CipherProvider.java:103)
	at org.apache.nifi.security.util.crypto.Argon2CipherProvider$getCipher$0.call(Unknown Source)
	at org.apache.nifi.security.util.crypto.Argon2CipherProviderGroovyTest$_testGetCipherShouldRejectInvalidIV_closure5$_closure13.doCall(Argon2CipherProviderGroovyTest.groovy:189)
	at org.apache.nifi.security.util.crypto.Argon2CipherProviderGroovyTest$_testGetCipherShouldRejectInvalidIV_closure5$_closure13.doCall(Argon2CipherProviderGroovyTest.groovy)
	at sun.reflect.GeneratedMethodAccessor77.invoke(Unknown Source)
	at sun.reflect.DelegatingMethodAccessorImpl.invoke(DelegatingMethodAccessorImpl.java:43)
	at java.lang.reflect.Method.invoke(Method.java:498)
	at org.codehaus.groovy.reflection.CachedMethod.invoke(CachedMethod.java:101)
	at groovy.lang.MetaMethod.doMethodInvoke(MetaMethod.java:323)
	at org.codehaus.groovy.runtime.metaclass.ClosureMetaClass.invokeMethod(ClosureMetaClass.java:263)
	at groovy.lang.MetaClassImpl.invokeMethod(MetaClassImpl.java:1041)
	at groovy.lang.Closure.call(Closure.java:405)
	at groovy.lang.Closure.call(Closure.java:399)
	at groovy.test.GroovyAssert.shouldFail(GroovyAssert.java:118)
	at groovy.test.GroovyAssert$shouldFail.callStatic(Unknown Source)
	at org.apache.nifi.security.util.crypto.Argon2CipherProviderGroovyTest$_testGetCipherShouldRejectInvalidIV_closure5.doCall(Argon2CipherProviderGroovyTest.groovy:188)
	at sun.reflect.GeneratedMethodAccessor76.invoke(Unknown Source)
	at sun.reflect.DelegatingMethodAccessorImpl.invoke(DelegatingMethodAccessorImpl.java:43)
	at java.lang.reflect.Method.invoke(Method.java:498)
	at org.codehaus.groovy.reflection.CachedMethod.invoke(CachedMethod.java:101)
	at groovy.lang.MetaMethod.doMethodInvoke(MetaMethod.java:323)
	at org.codehaus.groovy.runtime.metaclass.ClosureMetaClass.invokeMethod(ClosureMetaClass.java:263)
	at groovy.lang.MetaClassImpl.invokeMethod(MetaClassImpl.java:1041)
	at groovy.lang.Closure.call(Closure.java:405)
	at groovy.lang.Closure.call(Closure.java:421)
	at org.codehaus.groovy.runtime.DefaultGroovyMethods.each(DefaultGroovyMethods.java:2330)
	at org.codehaus.groovy.runtime.DefaultGroovyMethods.each(DefaultGroovyMethods.java:2315)
	at org.codehaus.groovy.runtime.DefaultGroovyMethods.each(DefaultGroovyMethods.java:2356)
	at org.codehaus.groovy.runtime.dgm$186.invoke(Unknown Source)
	at org.codehaus.groovy.runtime.callsite.PojoMetaMethodSite$PojoMetaMethodSiteNoUnwrapNoCoerce.invoke(PojoMetaMethodSite.java:244)
	at org.codehaus.groovy.runtime.callsite.PojoMetaMethodSite.call(PojoMetaMethodSite.java:53)
	at org.codehaus.groovy.runtime.callsite.AbstractCallSite.call(AbstractCallSite.java:127)
	at org.apache.nifi.security.util.crypto.Argon2CipherProviderGroovyTest.testGetCipherShouldRejectInvalidIV(Argon2CipherProviderGroovyTest.groovy:181)
	at sun.reflect.NativeMethodAccessorImpl.invoke0(Native Method)
	at sun.reflect.NativeMethodAccessorImpl.invoke(NativeMethodAccessorImpl.java:62)
	at sun.reflect.DelegatingMethodAccessorImpl.invoke(DelegatingMethodAccessorImpl.java:43)
	at java.lang.reflect.Method.invoke(Method.java:498)
	at junit.framework.TestCase.runTest(TestCase.java:177)
	at junit.framework.TestCase.runBare(TestCase.java:142)
	at junit.framework.TestResult$1.protect(TestResult.java:122)
	at junit.framework.TestResult.runProtected(TestResult.java:142)
	at junit.framework.TestResult.run(TestResult.java:125)
	at junit.framework.TestCase.run(TestCase.java:130)
	at junit.framework.TestSuite.runTest(TestSuite.java:241)
	at junit.framework.TestSuite.run(TestSuite.java:236)
	at org.junit.internal.runners.JUnit38ClassRunner.run(JUnit38ClassRunner.java:90)
	at org.junit.runner.JUnitCore.run(JUnitCore.java:137)
	at org.junit.runner.JUnitCore.run(JUnitCore.java:115)
	at org.junit.vintage.engine.execution.RunnerExecutor.execute(RunnerExecutor.java:43)
	at java.util.stream.ForEachOps$ForEachOp$OfRef.accept(ForEachOps.java:183)
	at java.util.stream.ReferencePipeline$3$1.accept(ReferencePipeline.java:193)
	at java.util.Iterator.forEachRemaining(Iterator.java:116)
	at java.util.Spliterators$IteratorSpliterator.forEachRemaining(Spliterators.java:1801)
	at java.util.stream.AbstractPipeline.copyInto(AbstractPipeline.java:482)
	at java.util.stream.AbstractPipeline.wrapAndCopyInto(AbstractPipeline.java:472)
	at java.util.stream.ForEachOps$ForEachOp.evaluateSequential(ForEachOps.java:150)
	at java.util.stream.ForEachOps$ForEachOp$OfRef.evaluateSequential(ForEachOps.java:173)
	at java.util.stream.AbstractPipeline.evaluate(AbstractPipeline.java:234)
	at java.util.stream.ReferencePipeline.forEach(ReferencePipeline.java:485)
	at org.junit.vintage.engine.VintageTestEngine.executeAllChildren(VintageTestEngine.java:82)
	at org.junit.vintage.engine.VintageTestEngine.execute(VintageTestEngine.java:73)
	at org.junit.platform.launcher.core.EngineExecutionOrchestrator.execute(EngineExecutionOrchestrator.java:108)
	at org.junit.platform.launcher.core.EngineExecutionOrchestrator.execute(EngineExecutionOrchestrator.java:88)
	at org.junit.platform.launcher.core.EngineExecutionOrchestrator.lambda$execute$0(EngineExecutionOrchestrator.java:54)
	at org.junit.platform.launcher.core.EngineExecutionOrchestrator.withInterceptedStreams(EngineExecutionOrchestrator.java:67)
	at org.junit.platform.launcher.core.EngineExecutionOrchestrator.execute(EngineExecutionOrchestrator.java:52)
	at org.junit.platform.launcher.core.DefaultLauncher.execute(DefaultLauncher.java:96)
	at org.junit.platform.launcher.core.DefaultLauncher.execute(DefaultLauncher.java:75)
	at org.apache.maven.surefire.junitplatform.JUnitPlatformProvider.execute(JUnitPlatformProvider.java:188)
	at org.apache.maven.surefire.junitplatform.JUnitPlatformProvider.invokeAllTests(JUnitPlatformProvider.java:154)
	at org.apache.maven.surefire.junitplatform.JUnitPlatformProvider.invoke(JUnitPlatformProvider.java:128)
	at org.apache.maven.surefire.booter.ForkedBooter.runSuitesInProcess(ForkedBooter.java:428)
	at org.apache.maven.surefire.booter.ForkedBooter.execute(ForkedBooter.java:162)
	at org.apache.maven.surefire.booter.ForkedBooter.run(ForkedBooter.java:562)
	at org.apache.maven.surefire.booter.ForkedBooter.main(ForkedBooter.java:548)
[main] INFO org.apache.nifi.security.util.crypto.Argon2CipherProviderGroovyTest - IV: 00000000000000 7
[main] WARN org.apache.nifi.security.util.crypto.Argon2SecureHasher - The provided memory size 1024 KiB is below the recommended minimum 65536 KiB.
[main] WARN org.apache.nifi.security.util.crypto.Argon2SecureHasher - The provided parallelization factor 1 is below the recommended minimum 8.
[main] WARN org.apache.nifi.security.util.crypto.Argon2SecureHasher - The provided iteration count 3 is below the recommended minimum 5.
[main] WARN org.apache.nifi.security.util.crypto.AESKeyedCipherProvider - An IV was provided of length 7 bytes for encryption but should be 16 bytes
[main] WARN org.apache.nifi.security.util.crypto.AESKeyedCipherProvider - Generating new IV. The value can be obtained in the calling code by invoking 'cipher.getIV()';
[main] WARN org.apache.nifi.security.util.crypto.Argon2SecureHasher - The provided memory size 1024 KiB is below the recommended minimum 65536 KiB.
[main] WARN org.apache.nifi.security.util.crypto.Argon2SecureHasher - The provided parallelization factor 1 is below the recommended minimum 8.
[main] WARN org.apache.nifi.security.util.crypto.Argon2SecureHasher - The provided iteration count 3 is below the recommended minimum 5.
[main] WARN org.apache.nifi.security.util.crypto.AESKeyedCipherProvider - An IV was provided of length 7 bytes for decryption but should be 16 bytes
[main] ERROR org.apache.nifi.security.util.crypto.Argon2CipherProvider - Encountered an error generating the Argon2 hash
java.lang.IllegalArgumentException: Cannot decrypt without a valid IV
	at org.apache.nifi.security.util.crypto.AESKeyedCipherProvider.getInitializedCipher(AESKeyedCipherProvider.java:128)
	at org.apache.nifi.security.util.crypto.AESKeyedCipherProvider.getCipher(AESKeyedCipherProvider.java:60)
	at org.apache.nifi.security.util.crypto.Argon2CipherProvider.getInitializedCipher(Argon2CipherProvider.java:177)
	at org.apache.nifi.security.util.crypto.Argon2CipherProvider.getCipher(Argon2CipherProvider.java:103)
	at org.apache.nifi.security.util.crypto.Argon2CipherProvider$getCipher$0.call(Unknown Source)
	at org.apache.nifi.security.util.crypto.Argon2CipherProviderGroovyTest$_testGetCipherShouldRejectInvalidIV_closure5$_closure13.doCall(Argon2CipherProviderGroovyTest.groovy:189)
	at org.apache.nifi.security.util.crypto.Argon2CipherProviderGroovyTest$_testGetCipherShouldRejectInvalidIV_closure5$_closure13.doCall(Argon2CipherProviderGroovyTest.groovy)
	at sun.reflect.GeneratedMethodAccessor77.invoke(Unknown Source)
	at sun.reflect.DelegatingMethodAccessorImpl.invoke(DelegatingMethodAccessorImpl.java:43)
	at java.lang.reflect.Method.invoke(Method.java:498)
	at org.codehaus.groovy.reflection.CachedMethod.invoke(CachedMethod.java:101)
	at groovy.lang.MetaMethod.doMethodInvoke(MetaMethod.java:323)
	at org.codehaus.groovy.runtime.metaclass.ClosureMetaClass.invokeMethod(ClosureMetaClass.java:263)
	at groovy.lang.MetaClassImpl.invokeMethod(MetaClassImpl.java:1041)
	at groovy.lang.Closure.call(Closure.java:405)
	at groovy.lang.Closure.call(Closure.java:399)
	at groovy.test.GroovyAssert.shouldFail(GroovyAssert.java:118)
	at groovy.test.GroovyAssert$shouldFail.callStatic(Unknown Source)
	at org.apache.nifi.security.util.crypto.Argon2CipherProviderGroovyTest$_testGetCipherShouldRejectInvalidIV_closure5.doCall(Argon2CipherProviderGroovyTest.groovy:188)
	at sun.reflect.GeneratedMethodAccessor76.invoke(Unknown Source)
	at sun.reflect.DelegatingMethodAccessorImpl.invoke(DelegatingMethodAccessorImpl.java:43)
	at java.lang.reflect.Method.invoke(Method.java:498)
	at org.codehaus.groovy.reflection.CachedMethod.invoke(CachedMethod.java:101)
	at groovy.lang.MetaMethod.doMethodInvoke(MetaMethod.java:323)
	at org.codehaus.groovy.runtime.metaclass.ClosureMetaClass.invokeMethod(ClosureMetaClass.java:263)
	at groovy.lang.MetaClassImpl.invokeMethod(MetaClassImpl.java:1041)
	at groovy.lang.Closure.call(Closure.java:405)
	at groovy.lang.Closure.call(Closure.java:421)
	at org.codehaus.groovy.runtime.DefaultGroovyMethods.each(DefaultGroovyMethods.java:2330)
	at org.codehaus.groovy.runtime.DefaultGroovyMethods.each(DefaultGroovyMethods.java:2315)
	at org.codehaus.groovy.runtime.DefaultGroovyMethods.each(DefaultGroovyMethods.java:2356)
	at org.codehaus.groovy.runtime.dgm$186.invoke(Unknown Source)
	at org.codehaus.groovy.runtime.callsite.PojoMetaMethodSite$PojoMetaMethodSiteNoUnwrapNoCoerce.invoke(PojoMetaMethodSite.java:244)
	at org.codehaus.groovy.runtime.callsite.PojoMetaMethodSite.call(PojoMetaMethodSite.java:53)
	at org.codehaus.groovy.runtime.callsite.AbstractCallSite.call(AbstractCallSite.java:127)
	at org.apache.nifi.security.util.crypto.Argon2CipherProviderGroovyTest.testGetCipherShouldRejectInvalidIV(Argon2CipherProviderGroovyTest.groovy:181)
	at sun.reflect.NativeMethodAccessorImpl.invoke0(Native Method)
	at sun.reflect.NativeMethodAccessorImpl.invoke(NativeMethodAccessorImpl.java:62)
	at sun.reflect.DelegatingMethodAccessorImpl.invoke(DelegatingMethodAccessorImpl.java:43)
	at java.lang.reflect.Method.invoke(Method.java:498)
	at junit.framework.TestCase.runTest(TestCase.java:177)
	at junit.framework.TestCase.runBare(TestCase.java:142)
	at junit.framework.TestResult$1.protect(TestResult.java:122)
	at junit.framework.TestResult.runProtected(TestResult.java:142)
	at junit.framework.TestResult.run(TestResult.java:125)
	at junit.framework.TestCase.run(TestCase.java:130)
	at junit.framework.TestSuite.runTest(TestSuite.java:241)
	at junit.framework.TestSuite.run(TestSuite.java:236)
	at org.junit.internal.runners.JUnit38ClassRunner.run(JUnit38ClassRunner.java:90)
	at org.junit.runner.JUnitCore.run(JUnitCore.java:137)
	at org.junit.runner.JUnitCore.run(JUnitCore.java:115)
	at org.junit.vintage.engine.execution.RunnerExecutor.execute(RunnerExecutor.java:43)
	at java.util.stream.ForEachOps$ForEachOp$OfRef.accept(ForEachOps.java:183)
	at java.util.stream.ReferencePipeline$3$1.accept(ReferencePipeline.java:193)
	at java.util.Iterator.forEachRemaining(Iterator.java:116)
	at java.util.Spliterators$IteratorSpliterator.forEachRemaining(Spliterators.java:1801)
	at java.util.stream.AbstractPipeline.copyInto(AbstractPipeline.java:482)
	at java.util.stream.AbstractPipeline.wrapAndCopyInto(AbstractPipeline.java:472)
	at java.util.stream.ForEachOps$ForEachOp.evaluateSequential(ForEachOps.java:150)
	at java.util.stream.ForEachOps$ForEachOp$OfRef.evaluateSequential(ForEachOps.java:173)
	at java.util.stream.AbstractPipeline.evaluate(AbstractPipeline.java:234)
	at java.util.stream.ReferencePipeline.forEach(ReferencePipeline.java:485)
	at org.junit.vintage.engine.VintageTestEngine.executeAllChildren(VintageTestEngine.java:82)
	at org.junit.vintage.engine.VintageTestEngine.execute(VintageTestEngine.java:73)
	at org.junit.platform.launcher.core.EngineExecutionOrchestrator.execute(EngineExecutionOrchestrator.java:108)
	at org.junit.platform.launcher.core.EngineExecutionOrchestrator.execute(EngineExecutionOrchestrator.java:88)
	at org.junit.platform.launcher.core.EngineExecutionOrchestrator.lambda$execute$0(EngineExecutionOrchestrator.java:54)
	at org.junit.platform.launcher.core.EngineExecutionOrchestrator.withInterceptedStreams(EngineExecutionOrchestrator.java:67)
	at org.junit.platform.launcher.core.EngineExecutionOrchestrator.execute(EngineExecutionOrchestrator.java:52)
	at org.junit.platform.launcher.core.DefaultLauncher.execute(DefaultLauncher.java:96)
	at org.junit.platform.launcher.core.DefaultLauncher.execute(DefaultLauncher.java:75)
	at org.apache.maven.surefire.junitplatform.JUnitPlatformProvider.execute(JUnitPlatformProvider.java:188)
	at org.apache.maven.surefire.junitplatform.JUnitPlatformProvider.invokeAllTests(JUnitPlatformProvider.java:154)
	at org.apache.maven.surefire.junitplatform.JUnitPlatformProvider.invoke(JUnitPlatformProvider.java:128)
	at org.apache.maven.surefire.booter.ForkedBooter.runSuitesInProcess(ForkedBooter.java:428)
	at org.apache.maven.surefire.booter.ForkedBooter.execute(ForkedBooter.java:162)
	at org.apache.maven.surefire.booter.ForkedBooter.run(ForkedBooter.java:562)
	at org.apache.maven.surefire.booter.ForkedBooter.main(ForkedBooter.java:548)
[main] INFO org.apache.nifi.security.util.crypto.Argon2CipherProviderGroovyTest - IV: 0000000000000000 8
[main] WARN org.apache.nifi.security.util.crypto.Argon2SecureHasher - The provided memory size 1024 KiB is below the recommended minimum 65536 KiB.
[main] WARN org.apache.nifi.security.util.crypto.Argon2SecureHasher - The provided parallelization factor 1 is below the recommended minimum 8.
[main] WARN org.apache.nifi.security.util.crypto.Argon2SecureHasher - The provided iteration count 3 is below the recommended minimum 5.
[main] WARN org.apache.nifi.security.util.crypto.AESKeyedCipherProvider - An IV was provided of length 8 bytes for encryption but should be 16 bytes
[main] WARN org.apache.nifi.security.util.crypto.AESKeyedCipherProvider - Generating new IV. The value can be obtained in the calling code by invoking 'cipher.getIV()';
[main] WARN org.apache.nifi.security.util.crypto.Argon2SecureHasher - The provided memory size 1024 KiB is below the recommended minimum 65536 KiB.
[main] WARN org.apache.nifi.security.util.crypto.Argon2SecureHasher - The provided parallelization factor 1 is below the recommended minimum 8.
[main] WARN org.apache.nifi.security.util.crypto.Argon2SecureHasher - The provided iteration count 3 is below the recommended minimum 5.
[main] WARN org.apache.nifi.security.util.crypto.AESKeyedCipherProvider - An IV was provided of length 8 bytes for decryption but should be 16 bytes
[main] ERROR org.apache.nifi.security.util.crypto.Argon2CipherProvider - Encountered an error generating the Argon2 hash
java.lang.IllegalArgumentException: Cannot decrypt without a valid IV
	at org.apache.nifi.security.util.crypto.AESKeyedCipherProvider.getInitializedCipher(AESKeyedCipherProvider.java:128)
	at org.apache.nifi.security.util.crypto.AESKeyedCipherProvider.getCipher(AESKeyedCipherProvider.java:60)
	at org.apache.nifi.security.util.crypto.Argon2CipherProvider.getInitializedCipher(Argon2CipherProvider.java:177)
	at org.apache.nifi.security.util.crypto.Argon2CipherProvider.getCipher(Argon2CipherProvider.java:103)
	at org.apache.nifi.security.util.crypto.Argon2CipherProvider$getCipher$0.call(Unknown Source)
	at org.apache.nifi.security.util.crypto.Argon2CipherProviderGroovyTest$_testGetCipherShouldRejectInvalidIV_closure5$_closure13.doCall(Argon2CipherProviderGroovyTest.groovy:189)
	at org.apache.nifi.security.util.crypto.Argon2CipherProviderGroovyTest$_testGetCipherShouldRejectInvalidIV_closure5$_closure13.doCall(Argon2CipherProviderGroovyTest.groovy)
	at sun.reflect.GeneratedMethodAccessor77.invoke(Unknown Source)
	at sun.reflect.DelegatingMethodAccessorImpl.invoke(DelegatingMethodAccessorImpl.java:43)
	at java.lang.reflect.Method.invoke(Method.java:498)
	at org.codehaus.groovy.reflection.CachedMethod.invoke(CachedMethod.java:101)
	at groovy.lang.MetaMethod.doMethodInvoke(MetaMethod.java:323)
	at org.codehaus.groovy.runtime.metaclass.ClosureMetaClass.invokeMethod(ClosureMetaClass.java:263)
	at groovy.lang.MetaClassImpl.invokeMethod(MetaClassImpl.java:1041)
	at groovy.lang.Closure.call(Closure.java:405)
	at groovy.lang.Closure.call(Closure.java:399)
	at groovy.test.GroovyAssert.shouldFail(GroovyAssert.java:118)
	at groovy.test.GroovyAssert$shouldFail.callStatic(Unknown Source)
	at org.apache.nifi.security.util.crypto.Argon2CipherProviderGroovyTest$_testGetCipherShouldRejectInvalidIV_closure5.doCall(Argon2CipherProviderGroovyTest.groovy:188)
	at sun.reflect.GeneratedMethodAccessor76.invoke(Unknown Source)
	at sun.reflect.DelegatingMethodAccessorImpl.invoke(DelegatingMethodAccessorImpl.java:43)
	at java.lang.reflect.Method.invoke(Method.java:498)
	at org.codehaus.groovy.reflection.CachedMethod.invoke(CachedMethod.java:101)
	at groovy.lang.MetaMethod.doMethodInvoke(MetaMethod.java:323)
	at org.codehaus.groovy.runtime.metaclass.ClosureMetaClass.invokeMethod(ClosureMetaClass.java:263)
	at groovy.lang.MetaClassImpl.invokeMethod(MetaClassImpl.java:1041)
	at groovy.lang.Closure.call(Closure.java:405)
	at groovy.lang.Closure.call(Closure.java:421)
	at org.codehaus.groovy.runtime.DefaultGroovyMethods.each(DefaultGroovyMethods.java:2330)
	at org.codehaus.groovy.runtime.DefaultGroovyMethods.each(DefaultGroovyMethods.java:2315)
	at org.codehaus.groovy.runtime.DefaultGroovyMethods.each(DefaultGroovyMethods.java:2356)
	at org.codehaus.groovy.runtime.dgm$186.invoke(Unknown Source)
	at org.codehaus.groovy.runtime.callsite.PojoMetaMethodSite$PojoMetaMethodSiteNoUnwrapNoCoerce.invoke(PojoMetaMethodSite.java:244)
	at org.codehaus.groovy.runtime.callsite.PojoMetaMethodSite.call(PojoMetaMethodSite.java:53)
	at org.codehaus.groovy.runtime.callsite.AbstractCallSite.call(AbstractCallSite.java:127)
	at org.apache.nifi.security.util.crypto.Argon2CipherProviderGroovyTest.testGetCipherShouldRejectInvalidIV(Argon2CipherProviderGroovyTest.groovy:181)
	at sun.reflect.NativeMethodAccessorImpl.invoke0(Native Method)
	at sun.reflect.NativeMethodAccessorImpl.invoke(NativeMethodAccessorImpl.java:62)
	at sun.reflect.DelegatingMethodAccessorImpl.invoke(DelegatingMethodAccessorImpl.java:43)
	at java.lang.reflect.Method.invoke(Method.java:498)
	at junit.framework.TestCase.runTest(TestCase.java:177)
	at junit.framework.TestCase.runBare(TestCase.java:142)
	at junit.framework.TestResult$1.protect(TestResult.java:122)
	at junit.framework.TestResult.runProtected(TestResult.java:142)
	at junit.framework.TestResult.run(TestResult.java:125)
	at junit.framework.TestCase.run(TestCase.java:130)
	at junit.framework.TestSuite.runTest(TestSuite.java:241)
	at junit.framework.TestSuite.run(TestSuite.java:236)
	at org.junit.internal.runners.JUnit38ClassRunner.run(JUnit38ClassRunner.java:90)
	at org.junit.runner.JUnitCore.run(JUnitCore.java:137)
	at org.junit.runner.JUnitCore.run(JUnitCore.java:115)
	at org.junit.vintage.engine.execution.RunnerExecutor.execute(RunnerExecutor.java:43)
	at java.util.stream.ForEachOps$ForEachOp$OfRef.accept(ForEachOps.java:183)
	at java.util.stream.ReferencePipeline$3$1.accept(ReferencePipeline.java:193)
	at java.util.Iterator.forEachRemaining(Iterator.java:116)
	at java.util.Spliterators$IteratorSpliterator.forEachRemaining(Spliterators.java:1801)
	at java.util.stream.AbstractPipeline.copyInto(AbstractPipeline.java:482)
	at java.util.stream.AbstractPipeline.wrapAndCopyInto(AbstractPipeline.java:472)
	at java.util.stream.ForEachOps$ForEachOp.evaluateSequential(ForEachOps.java:150)
	at java.util.stream.ForEachOps$ForEachOp$OfRef.evaluateSequential(ForEachOps.java:173)
	at java.util.stream.AbstractPipeline.evaluate(AbstractPipeline.java:234)
	at java.util.stream.ReferencePipeline.forEach(ReferencePipeline.java:485)
	at org.junit.vintage.engine.VintageTestEngine.executeAllChildren(VintageTestEngine.java:82)
	at org.junit.vintage.engine.VintageTestEngine.execute(VintageTestEngine.java:73)
	at org.junit.platform.launcher.core.EngineExecutionOrchestrator.execute(EngineExecutionOrchestrator.java:108)
	at org.junit.platform.launcher.core.EngineExecutionOrchestrator.execute(EngineExecutionOrchestrator.java:88)
	at org.junit.platform.launcher.core.EngineExecutionOrchestrator.lambda$execute$0(EngineExecutionOrchestrator.java:54)
	at org.junit.platform.launcher.core.EngineExecutionOrchestrator.withInterceptedStreams(EngineExecutionOrchestrator.java:67)
	at org.junit.platform.launcher.core.EngineExecutionOrchestrator.execute(EngineExecutionOrchestrator.java:52)
	at org.junit.platform.launcher.core.DefaultLauncher.execute(DefaultLauncher.java:96)
	at org.junit.platform.launcher.core.DefaultLauncher.execute(DefaultLauncher.java:75)
	at org.apache.maven.surefire.junitplatform.JUnitPlatformProvider.execute(JUnitPlatformProvider.java:188)
	at org.apache.maven.surefire.junitplatform.JUnitPlatformProvider.invokeAllTests(JUnitPlatformProvider.java:154)
	at org.apache.maven.surefire.junitplatform.JUnitPlatformProvider.invoke(JUnitPlatformProvider.java:128)
	at org.apache.maven.surefire.booter.ForkedBooter.runSuitesInProcess(ForkedBooter.java:428)
	at org.apache.maven.surefire.booter.ForkedBooter.execute(ForkedBooter.java:162)
	at org.apache.maven.surefire.booter.ForkedBooter.run(ForkedBooter.java:562)
	at org.apache.maven.surefire.booter.ForkedBooter.main(ForkedBooter.java:548)
[main] INFO org.apache.nifi.security.util.crypto.Argon2CipherProviderGroovyTest - IV: 000000000000000000 9
[main] WARN org.apache.nifi.security.util.crypto.Argon2SecureHasher - The provided memory size 1024 KiB is below the recommended minimum 65536 KiB.
[main] WARN org.apache.nifi.security.util.crypto.Argon2SecureHasher - The provided parallelization factor 1 is below the recommended minimum 8.
[main] WARN org.apache.nifi.security.util.crypto.Argon2SecureHasher - The provided iteration count 3 is below the recommended minimum 5.
[main] WARN org.apache.nifi.security.util.crypto.AESKeyedCipherProvider - An IV was provided of length 9 bytes for encryption but should be 16 bytes
[main] WARN org.apache.nifi.security.util.crypto.AESKeyedCipherProvider - Generating new IV. The value can be obtained in the calling code by invoking 'cipher.getIV()';
[main] WARN org.apache.nifi.security.util.crypto.Argon2SecureHasher - The provided memory size 1024 KiB is below the recommended minimum 65536 KiB.
[main] WARN org.apache.nifi.security.util.crypto.Argon2SecureHasher - The provided parallelization factor 1 is below the recommended minimum 8.
[main] WARN org.apache.nifi.security.util.crypto.Argon2SecureHasher - The provided iteration count 3 is below the recommended minimum 5.
[main] WARN org.apache.nifi.security.util.crypto.AESKeyedCipherProvider - An IV was provided of length 9 bytes for decryption but should be 16 bytes
[main] ERROR org.apache.nifi.security.util.crypto.Argon2CipherProvider - Encountered an error generating the Argon2 hash
java.lang.IllegalArgumentException: Cannot decrypt without a valid IV
	at org.apache.nifi.security.util.crypto.AESKeyedCipherProvider.getInitializedCipher(AESKeyedCipherProvider.java:128)
	at org.apache.nifi.security.util.crypto.AESKeyedCipherProvider.getCipher(AESKeyedCipherProvider.java:60)
	at org.apache.nifi.security.util.crypto.Argon2CipherProvider.getInitializedCipher(Argon2CipherProvider.java:177)
	at org.apache.nifi.security.util.crypto.Argon2CipherProvider.getCipher(Argon2CipherProvider.java:103)
	at org.apache.nifi.security.util.crypto.Argon2CipherProvider$getCipher$0.call(Unknown Source)
	at org.apache.nifi.security.util.crypto.Argon2CipherProviderGroovyTest$_testGetCipherShouldRejectInvalidIV_closure5$_closure13.doCall(Argon2CipherProviderGroovyTest.groovy:189)
	at org.apache.nifi.security.util.crypto.Argon2CipherProviderGroovyTest$_testGetCipherShouldRejectInvalidIV_closure5$_closure13.doCall(Argon2CipherProviderGroovyTest.groovy)
	at sun.reflect.GeneratedMethodAccessor77.invoke(Unknown Source)
	at sun.reflect.DelegatingMethodAccessorImpl.invoke(DelegatingMethodAccessorImpl.java:43)
	at java.lang.reflect.Method.invoke(Method.java:498)
	at org.codehaus.groovy.reflection.CachedMethod.invoke(CachedMethod.java:101)
	at groovy.lang.MetaMethod.doMethodInvoke(MetaMethod.java:323)
	at org.codehaus.groovy.runtime.metaclass.ClosureMetaClass.invokeMethod(ClosureMetaClass.java:263)
	at groovy.lang.MetaClassImpl.invokeMethod(MetaClassImpl.java:1041)
	at groovy.lang.Closure.call(Closure.java:405)
	at groovy.lang.Closure.call(Closure.java:399)
	at groovy.test.GroovyAssert.shouldFail(GroovyAssert.java:118)
	at groovy.test.GroovyAssert$shouldFail.callStatic(Unknown Source)
	at org.apache.nifi.security.util.crypto.Argon2CipherProviderGroovyTest$_testGetCipherShouldRejectInvalidIV_closure5.doCall(Argon2CipherProviderGroovyTest.groovy:188)
	at sun.reflect.GeneratedMethodAccessor76.invoke(Unknown Source)
	at sun.reflect.DelegatingMethodAccessorImpl.invoke(DelegatingMethodAccessorImpl.java:43)
	at java.lang.reflect.Method.invoke(Method.java:498)
	at org.codehaus.groovy.reflection.CachedMethod.invoke(CachedMethod.java:101)
	at groovy.lang.MetaMethod.doMethodInvoke(MetaMethod.java:323)
	at org.codehaus.groovy.runtime.metaclass.ClosureMetaClass.invokeMethod(ClosureMetaClass.java:263)
	at groovy.lang.MetaClassImpl.invokeMethod(MetaClassImpl.java:1041)
	at groovy.lang.Closure.call(Closure.java:405)
	at groovy.lang.Closure.call(Closure.java:421)
	at org.codehaus.groovy.runtime.DefaultGroovyMethods.each(DefaultGroovyMethods.java:2330)
	at org.codehaus.groovy.runtime.DefaultGroovyMethods.each(DefaultGroovyMethods.java:2315)
	at org.codehaus.groovy.runtime.DefaultGroovyMethods.each(DefaultGroovyMethods.java:2356)
	at org.codehaus.groovy.runtime.dgm$186.invoke(Unknown Source)
	at org.codehaus.groovy.runtime.callsite.PojoMetaMethodSite$PojoMetaMethodSiteNoUnwrapNoCoerce.invoke(PojoMetaMethodSite.java:244)
	at org.codehaus.groovy.runtime.callsite.PojoMetaMethodSite.call(PojoMetaMethodSite.java:53)
	at org.codehaus.groovy.runtime.callsite.AbstractCallSite.call(AbstractCallSite.java:127)
	at org.apache.nifi.security.util.crypto.Argon2CipherProviderGroovyTest.testGetCipherShouldRejectInvalidIV(Argon2CipherProviderGroovyTest.groovy:181)
	at sun.reflect.NativeMethodAccessorImpl.invoke0(Native Method)
	at sun.reflect.NativeMethodAccessorImpl.invoke(NativeMethodAccessorImpl.java:62)
	at sun.reflect.DelegatingMethodAccessorImpl.invoke(DelegatingMethodAccessorImpl.java:43)
	at java.lang.reflect.Method.invoke(Method.java:498)
	at junit.framework.TestCase.runTest(TestCase.java:177)
	at junit.framework.TestCase.runBare(TestCase.java:142)
	at junit.framework.TestResult$1.protect(TestResult.java:122)
	at junit.framework.TestResult.runProtected(TestResult.java:142)
	at junit.framework.TestResult.run(TestResult.java:125)
	at junit.framework.TestCase.run(TestCase.java:130)
	at junit.framework.TestSuite.runTest(TestSuite.java:241)
	at junit.framework.TestSuite.run(TestSuite.java:236)
	at org.junit.internal.runners.JUnit38ClassRunner.run(JUnit38ClassRunner.java:90)
	at org.junit.runner.JUnitCore.run(JUnitCore.java:137)
	at org.junit.runner.JUnitCore.run(JUnitCore.java:115)
	at org.junit.vintage.engine.execution.RunnerExecutor.execute(RunnerExecutor.java:43)
	at java.util.stream.ForEachOps$ForEachOp$OfRef.accept(ForEachOps.java:183)
	at java.util.stream.ReferencePipeline$3$1.accept(ReferencePipeline.java:193)
	at java.util.Iterator.forEachRemaining(Iterator.java:116)
	at java.util.Spliterators$IteratorSpliterator.forEachRemaining(Spliterators.java:1801)
	at java.util.stream.AbstractPipeline.copyInto(AbstractPipeline.java:482)
	at java.util.stream.AbstractPipeline.wrapAndCopyInto(AbstractPipeline.java:472)
	at java.util.stream.ForEachOps$ForEachOp.evaluateSequential(ForEachOps.java:150)
	at java.util.stream.ForEachOps$ForEachOp$OfRef.evaluateSequential(ForEachOps.java:173)
	at java.util.stream.AbstractPipeline.evaluate(AbstractPipeline.java:234)
	at java.util.stream.ReferencePipeline.forEach(ReferencePipeline.java:485)
	at org.junit.vintage.engine.VintageTestEngine.executeAllChildren(VintageTestEngine.java:82)
	at org.junit.vintage.engine.VintageTestEngine.execute(VintageTestEngine.java:73)
	at org.junit.platform.launcher.core.EngineExecutionOrchestrator.execute(EngineExecutionOrchestrator.java:108)
	at org.junit.platform.launcher.core.EngineExecutionOrchestrator.execute(EngineExecutionOrchestrator.java:88)
	at org.junit.platform.launcher.core.EngineExecutionOrchestrator.lambda$execute$0(EngineExecutionOrchestrator.java:54)
	at org.junit.platform.launcher.core.EngineExecutionOrchestrator.withInterceptedStreams(EngineExecutionOrchestrator.java:67)
	at org.junit.platform.launcher.core.EngineExecutionOrchestrator.execute(EngineExecutionOrchestrator.java:52)
	at org.junit.platform.launcher.core.DefaultLauncher.execute(DefaultLauncher.java:96)
	at org.junit.platform.launcher.core.DefaultLauncher.execute(DefaultLauncher.java:75)
	at org.apache.maven.surefire.junitplatform.JUnitPlatformProvider.execute(JUnitPlatformProvider.java:188)
	at org.apache.maven.surefire.junitplatform.JUnitPlatformProvider.invokeAllTests(JUnitPlatformProvider.java:154)
	at org.apache.maven.surefire.junitplatform.JUnitPlatformProvider.invoke(JUnitPlatformProvider.java:128)
	at org.apache.maven.surefire.booter.ForkedBooter.runSuitesInProcess(ForkedBooter.java:428)
	at org.apache.maven.surefire.booter.ForkedBooter.execute(ForkedBooter.java:162)
	at org.apache.maven.surefire.booter.ForkedBooter.run(ForkedBooter.java:562)
	at org.apache.maven.surefire.booter.ForkedBooter.main(ForkedBooter.java:548)
[main] INFO org.apache.nifi.security.util.crypto.Argon2CipherProviderGroovyTest - IV: 00000000000000000000 10
[main] WARN org.apache.nifi.security.util.crypto.Argon2SecureHasher - The provided memory size 1024 KiB is below the recommended minimum 65536 KiB.
[main] WARN org.apache.nifi.security.util.crypto.Argon2SecureHasher - The provided parallelization factor 1 is below the recommended minimum 8.
[main] WARN org.apache.nifi.security.util.crypto.Argon2SecureHasher - The provided iteration count 3 is below the recommended minimum 5.
[main] WARN org.apache.nifi.security.util.crypto.AESKeyedCipherProvider - An IV was provided of length 10 bytes for encryption but should be 16 bytes
[main] WARN org.apache.nifi.security.util.crypto.AESKeyedCipherProvider - Generating new IV. The value can be obtained in the calling code by invoking 'cipher.getIV()';
[main] WARN org.apache.nifi.security.util.crypto.Argon2SecureHasher - The provided memory size 1024 KiB is below the recommended minimum 65536 KiB.
[main] WARN org.apache.nifi.security.util.crypto.Argon2SecureHasher - The provided parallelization factor 1 is below the recommended minimum 8.
[main] WARN org.apache.nifi.security.util.crypto.Argon2SecureHasher - The provided iteration count 3 is below the recommended minimum 5.
[main] WARN org.apache.nifi.security.util.crypto.AESKeyedCipherProvider - An IV was provided of length 10 bytes for decryption but should be 16 bytes
[main] ERROR org.apache.nifi.security.util.crypto.Argon2CipherProvider - Encountered an error generating the Argon2 hash
java.lang.IllegalArgumentException: Cannot decrypt without a valid IV
	at org.apache.nifi.security.util.crypto.AESKeyedCipherProvider.getInitializedCipher(AESKeyedCipherProvider.java:128)
	at org.apache.nifi.security.util.crypto.AESKeyedCipherProvider.getCipher(AESKeyedCipherProvider.java:60)
	at org.apache.nifi.security.util.crypto.Argon2CipherProvider.getInitializedCipher(Argon2CipherProvider.java:177)
	at org.apache.nifi.security.util.crypto.Argon2CipherProvider.getCipher(Argon2CipherProvider.java:103)
	at org.apache.nifi.security.util.crypto.Argon2CipherProvider$getCipher$0.call(Unknown Source)
	at org.apache.nifi.security.util.crypto.Argon2CipherProviderGroovyTest$_testGetCipherShouldRejectInvalidIV_closure5$_closure13.doCall(Argon2CipherProviderGroovyTest.groovy:189)
	at org.apache.nifi.security.util.crypto.Argon2CipherProviderGroovyTest$_testGetCipherShouldRejectInvalidIV_closure5$_closure13.doCall(Argon2CipherProviderGroovyTest.groovy)
	at sun.reflect.GeneratedMethodAccessor77.invoke(Unknown Source)
	at sun.reflect.DelegatingMethodAccessorImpl.invoke(DelegatingMethodAccessorImpl.java:43)
	at java.lang.reflect.Method.invoke(Method.java:498)
	at org.codehaus.groovy.reflection.CachedMethod.invoke(CachedMethod.java:101)
	at groovy.lang.MetaMethod.doMethodInvoke(MetaMethod.java:323)
	at org.codehaus.groovy.runtime.metaclass.ClosureMetaClass.invokeMethod(ClosureMetaClass.java:263)
	at groovy.lang.MetaClassImpl.invokeMethod(MetaClassImpl.java:1041)
	at groovy.lang.Closure.call(Closure.java:405)
	at groovy.lang.Closure.call(Closure.java:399)
	at groovy.test.GroovyAssert.shouldFail(GroovyAssert.java:118)
	at groovy.test.GroovyAssert$shouldFail.callStatic(Unknown Source)
	at org.apache.nifi.security.util.crypto.Argon2CipherProviderGroovyTest$_testGetCipherShouldRejectInvalidIV_closure5.doCall(Argon2CipherProviderGroovyTest.groovy:188)
	at sun.reflect.GeneratedMethodAccessor76.invoke(Unknown Source)
	at sun.reflect.DelegatingMethodAccessorImpl.invoke(DelegatingMethodAccessorImpl.java:43)
	at java.lang.reflect.Method.invoke(Method.java:498)
	at org.codehaus.groovy.reflection.CachedMethod.invoke(CachedMethod.java:101)
	at groovy.lang.MetaMethod.doMethodInvoke(MetaMethod.java:323)
	at org.codehaus.groovy.runtime.metaclass.ClosureMetaClass.invokeMethod(ClosureMetaClass.java:263)
	at groovy.lang.MetaClassImpl.invokeMethod(MetaClassImpl.java:1041)
	at groovy.lang.Closure.call(Closure.java:405)
	at groovy.lang.Closure.call(Closure.java:421)
	at org.codehaus.groovy.runtime.DefaultGroovyMethods.each(DefaultGroovyMethods.java:2330)
	at org.codehaus.groovy.runtime.DefaultGroovyMethods.each(DefaultGroovyMethods.java:2315)
	at org.codehaus.groovy.runtime.DefaultGroovyMethods.each(DefaultGroovyMethods.java:2356)
	at org.codehaus.groovy.runtime.dgm$186.invoke(Unknown Source)
	at org.codehaus.groovy.runtime.callsite.PojoMetaMethodSite$PojoMetaMethodSiteNoUnwrapNoCoerce.invoke(PojoMetaMethodSite.java:244)
	at org.codehaus.groovy.runtime.callsite.PojoMetaMethodSite.call(PojoMetaMethodSite.java:53)
	at org.codehaus.groovy.runtime.callsite.AbstractCallSite.call(AbstractCallSite.java:127)
	at org.apache.nifi.security.util.crypto.Argon2CipherProviderGroovyTest.testGetCipherShouldRejectInvalidIV(Argon2CipherProviderGroovyTest.groovy:181)
	at sun.reflect.NativeMethodAccessorImpl.invoke0(Native Method)
	at sun.reflect.NativeMethodAccessorImpl.invoke(NativeMethodAccessorImpl.java:62)
	at sun.reflect.DelegatingMethodAccessorImpl.invoke(DelegatingMethodAccessorImpl.java:43)
	at java.lang.reflect.Method.invoke(Method.java:498)
	at junit.framework.TestCase.runTest(TestCase.java:177)
	at junit.framework.TestCase.runBare(TestCase.java:142)
	at junit.framework.TestResult$1.protect(TestResult.java:122)
	at junit.framework.TestResult.runProtected(TestResult.java:142)
	at junit.framework.TestResult.run(TestResult.java:125)
	at junit.framework.TestCase.run(TestCase.java:130)
	at junit.framework.TestSuite.runTest(TestSuite.java:241)
	at junit.framework.TestSuite.run(TestSuite.java:236)
	at org.junit.internal.runners.JUnit38ClassRunner.run(JUnit38ClassRunner.java:90)
	at org.junit.runner.JUnitCore.run(JUnitCore.java:137)
	at org.junit.runner.JUnitCore.run(JUnitCore.java:115)
	at org.junit.vintage.engine.execution.RunnerExecutor.execute(RunnerExecutor.java:43)
	at java.util.stream.ForEachOps$ForEachOp$OfRef.accept(ForEachOps.java:183)
	at java.util.stream.ReferencePipeline$3$1.accept(ReferencePipeline.java:193)
	at java.util.Iterator.forEachRemaining(Iterator.java:116)
	at java.util.Spliterators$IteratorSpliterator.forEachRemaining(Spliterators.java:1801)
	at java.util.stream.AbstractPipeline.copyInto(AbstractPipeline.java:482)
	at java.util.stream.AbstractPipeline.wrapAndCopyInto(AbstractPipeline.java:472)
	at java.util.stream.ForEachOps$ForEachOp.evaluateSequential(ForEachOps.java:150)
	at java.util.stream.ForEachOps$ForEachOp$OfRef.evaluateSequential(ForEachOps.java:173)
	at java.util.stream.AbstractPipeline.evaluate(AbstractPipeline.java:234)
	at java.util.stream.ReferencePipeline.forEach(ReferencePipeline.java:485)
	at org.junit.vintage.engine.VintageTestEngine.executeAllChildren(VintageTestEngine.java:82)
	at org.junit.vintage.engine.VintageTestEngine.execute(VintageTestEngine.java:73)
	at org.junit.platform.launcher.core.EngineExecutionOrchestrator.execute(EngineExecutionOrchestrator.java:108)
	at org.junit.platform.launcher.core.EngineExecutionOrchestrator.execute(EngineExecutionOrchestrator.java:88)
	at org.junit.platform.launcher.core.EngineExecutionOrchestrator.lambda$execute$0(EngineExecutionOrchestrator.java:54)
	at org.junit.platform.launcher.core.EngineExecutionOrchestrator.withInterceptedStreams(EngineExecutionOrchestrator.java:67)
	at org.junit.platform.launcher.core.EngineExecutionOrchestrator.execute(EngineExecutionOrchestrator.java:52)
	at org.junit.platform.launcher.core.DefaultLauncher.execute(DefaultLauncher.java:96)
	at org.junit.platform.launcher.core.DefaultLauncher.execute(DefaultLauncher.java:75)
	at org.apache.maven.surefire.junitplatform.JUnitPlatformProvider.execute(JUnitPlatformProvider.java:188)
	at org.apache.maven.surefire.junitplatform.JUnitPlatformProvider.invokeAllTests(JUnitPlatformProvider.java:154)
	at org.apache.maven.surefire.junitplatform.JUnitPlatformProvider.invoke(JUnitPlatformProvider.java:128)
	at org.apache.maven.surefire.booter.ForkedBooter.runSuitesInProcess(ForkedBooter.java:428)
	at org.apache.maven.surefire.booter.ForkedBooter.execute(ForkedBooter.java:162)
	at org.apache.maven.surefire.booter.ForkedBooter.run(ForkedBooter.java:562)
	at org.apache.maven.surefire.booter.ForkedBooter.main(ForkedBooter.java:548)
[main] INFO org.apache.nifi.security.util.crypto.Argon2CipherProviderGroovyTest - IV: 0000000000000000000000 11
[main] WARN org.apache.nifi.security.util.crypto.Argon2SecureHasher - The provided memory size 1024 KiB is below the recommended minimum 65536 KiB.
[main] WARN org.apache.nifi.security.util.crypto.Argon2SecureHasher - The provided parallelization factor 1 is below the recommended minimum 8.
[main] WARN org.apache.nifi.security.util.crypto.Argon2SecureHasher - The provided iteration count 3 is below the recommended minimum 5.
[main] WARN org.apache.nifi.security.util.crypto.AESKeyedCipherProvider - An IV was provided of length 11 bytes for encryption but should be 16 bytes
[main] WARN org.apache.nifi.security.util.crypto.AESKeyedCipherProvider - Generating new IV. The value can be obtained in the calling code by invoking 'cipher.getIV()';
[main] WARN org.apache.nifi.security.util.crypto.Argon2SecureHasher - The provided memory size 1024 KiB is below the recommended minimum 65536 KiB.
[main] WARN org.apache.nifi.security.util.crypto.Argon2SecureHasher - The provided parallelization factor 1 is below the recommended minimum 8.
[main] WARN org.apache.nifi.security.util.crypto.Argon2SecureHasher - The provided iteration count 3 is below the recommended minimum 5.
[main] WARN org.apache.nifi.security.util.crypto.AESKeyedCipherProvider - An IV was provided of length 11 bytes for decryption but should be 16 bytes
[main] ERROR org.apache.nifi.security.util.crypto.Argon2CipherProvider - Encountered an error generating the Argon2 hash
java.lang.IllegalArgumentException: Cannot decrypt without a valid IV
	at org.apache.nifi.security.util.crypto.AESKeyedCipherProvider.getInitializedCipher(AESKeyedCipherProvider.java:128)
	at org.apache.nifi.security.util.crypto.AESKeyedCipherProvider.getCipher(AESKeyedCipherProvider.java:60)
	at org.apache.nifi.security.util.crypto.Argon2CipherProvider.getInitializedCipher(Argon2CipherProvider.java:177)
	at org.apache.nifi.security.util.crypto.Argon2CipherProvider.getCipher(Argon2CipherProvider.java:103)
	at org.apache.nifi.security.util.crypto.Argon2CipherProvider$getCipher$0.call(Unknown Source)
	at org.apache.nifi.security.util.crypto.Argon2CipherProviderGroovyTest$_testGetCipherShouldRejectInvalidIV_closure5$_closure13.doCall(Argon2CipherProviderGroovyTest.groovy:189)
	at org.apache.nifi.security.util.crypto.Argon2CipherProviderGroovyTest$_testGetCipherShouldRejectInvalidIV_closure5$_closure13.doCall(Argon2CipherProviderGroovyTest.groovy)
	at sun.reflect.GeneratedMethodAccessor77.invoke(Unknown Source)
	at sun.reflect.DelegatingMethodAccessorImpl.invoke(DelegatingMethodAccessorImpl.java:43)
	at java.lang.reflect.Method.invoke(Method.java:498)
	at org.codehaus.groovy.reflection.CachedMethod.invoke(CachedMethod.java:101)
	at groovy.lang.MetaMethod.doMethodInvoke(MetaMethod.java:323)
	at org.codehaus.groovy.runtime.metaclass.ClosureMetaClass.invokeMethod(ClosureMetaClass.java:263)
	at groovy.lang.MetaClassImpl.invokeMethod(MetaClassImpl.java:1041)
	at groovy.lang.Closure.call(Closure.java:405)
	at groovy.lang.Closure.call(Closure.java:399)
	at groovy.test.GroovyAssert.shouldFail(GroovyAssert.java:118)
	at groovy.test.GroovyAssert$shouldFail.callStatic(Unknown Source)
	at org.apache.nifi.security.util.crypto.Argon2CipherProviderGroovyTest$_testGetCipherShouldRejectInvalidIV_closure5.doCall(Argon2CipherProviderGroovyTest.groovy:188)
	at sun.reflect.GeneratedMethodAccessor76.invoke(Unknown Source)
	at sun.reflect.DelegatingMethodAccessorImpl.invoke(DelegatingMethodAccessorImpl.java:43)
	at java.lang.reflect.Method.invoke(Method.java:498)
	at org.codehaus.groovy.reflection.CachedMethod.invoke(CachedMethod.java:101)
	at groovy.lang.MetaMethod.doMethodInvoke(MetaMethod.java:323)
	at org.codehaus.groovy.runtime.metaclass.ClosureMetaClass.invokeMethod(ClosureMetaClass.java:263)
	at groovy.lang.MetaClassImpl.invokeMethod(MetaClassImpl.java:1041)
	at groovy.lang.Closure.call(Closure.java:405)
	at groovy.lang.Closure.call(Closure.java:421)
	at org.codehaus.groovy.runtime.DefaultGroovyMethods.each(DefaultGroovyMethods.java:2330)
	at org.codehaus.groovy.runtime.DefaultGroovyMethods.each(DefaultGroovyMethods.java:2315)
	at org.codehaus.groovy.runtime.DefaultGroovyMethods.each(DefaultGroovyMethods.java:2356)
	at org.codehaus.groovy.runtime.dgm$186.invoke(Unknown Source)
	at org.codehaus.groovy.runtime.callsite.PojoMetaMethodSite$PojoMetaMethodSiteNoUnwrapNoCoerce.invoke(PojoMetaMethodSite.java:244)
	at org.codehaus.groovy.runtime.callsite.PojoMetaMethodSite.call(PojoMetaMethodSite.java:53)
	at org.codehaus.groovy.runtime.callsite.AbstractCallSite.call(AbstractCallSite.java:127)
	at org.apache.nifi.security.util.crypto.Argon2CipherProviderGroovyTest.testGetCipherShouldRejectInvalidIV(Argon2CipherProviderGroovyTest.groovy:181)
	at sun.reflect.NativeMethodAccessorImpl.invoke0(Native Method)
	at sun.reflect.NativeMethodAccessorImpl.invoke(NativeMethodAccessorImpl.java:62)
	at sun.reflect.DelegatingMethodAccessorImpl.invoke(DelegatingMethodAccessorImpl.java:43)
	at java.lang.reflect.Method.invoke(Method.java:498)
	at junit.framework.TestCase.runTest(TestCase.java:177)
	at junit.framework.TestCase.runBare(TestCase.java:142)
	at junit.framework.TestResult$1.protect(TestResult.java:122)
	at junit.framework.TestResult.runProtected(TestResult.java:142)
	at junit.framework.TestResult.run(TestResult.java:125)
	at junit.framework.TestCase.run(TestCase.java:130)
	at junit.framework.TestSuite.runTest(TestSuite.java:241)
	at junit.framework.TestSuite.run(TestSuite.java:236)
	at org.junit.internal.runners.JUnit38ClassRunner.run(JUnit38ClassRunner.java:90)
	at org.junit.runner.JUnitCore.run(JUnitCore.java:137)
	at org.junit.runner.JUnitCore.run(JUnitCore.java:115)
	at org.junit.vintage.engine.execution.RunnerExecutor.execute(RunnerExecutor.java:43)
	at java.util.stream.ForEachOps$ForEachOp$OfRef.accept(ForEachOps.java:183)
	at java.util.stream.ReferencePipeline$3$1.accept(ReferencePipeline.java:193)
	at java.util.Iterator.forEachRemaining(Iterator.java:116)
	at java.util.Spliterators$IteratorSpliterator.forEachRemaining(Spliterators.java:1801)
	at java.util.stream.AbstractPipeline.copyInto(AbstractPipeline.java:482)
	at java.util.stream.AbstractPipeline.wrapAndCopyInto(AbstractPipeline.java:472)
	at java.util.stream.ForEachOps$ForEachOp.evaluateSequential(ForEachOps.java:150)
	at java.util.stream.ForEachOps$ForEachOp$OfRef.evaluateSequential(ForEachOps.java:173)
	at java.util.stream.AbstractPipeline.evaluate(AbstractPipeline.java:234)
	at java.util.stream.ReferencePipeline.forEach(ReferencePipeline.java:485)
	at org.junit.vintage.engine.VintageTestEngine.executeAllChildren(VintageTestEngine.java:82)
	at org.junit.vintage.engine.VintageTestEngine.execute(VintageTestEngine.java:73)
	at org.junit.platform.launcher.core.EngineExecutionOrchestrator.execute(EngineExecutionOrchestrator.java:108)
	at org.junit.platform.launcher.core.EngineExecutionOrchestrator.execute(EngineExecutionOrchestrator.java:88)
	at org.junit.platform.launcher.core.EngineExecutionOrchestrator.lambda$execute$0(EngineExecutionOrchestrator.java:54)
	at org.junit.platform.launcher.core.EngineExecutionOrchestrator.withInterceptedStreams(EngineExecutionOrchestrator.java:67)
	at org.junit.platform.launcher.core.EngineExecutionOrchestrator.execute(EngineExecutionOrchestrator.java:52)
	at org.junit.platform.launcher.core.DefaultLauncher.execute(DefaultLauncher.java:96)
	at org.junit.platform.launcher.core.DefaultLauncher.execute(DefaultLauncher.java:75)
	at org.apache.maven.surefire.junitplatform.JUnitPlatformProvider.execute(JUnitPlatformProvider.java:188)
	at org.apache.maven.surefire.junitplatform.JUnitPlatformProvider.invokeAllTests(JUnitPlatformProvider.java:154)
	at org.apache.maven.surefire.junitplatform.JUnitPlatformProvider.invoke(JUnitPlatformProvider.java:128)
	at org.apache.maven.surefire.booter.ForkedBooter.runSuitesInProcess(ForkedBooter.java:428)
	at org.apache.maven.surefire.booter.ForkedBooter.execute(ForkedBooter.java:162)
	at org.apache.maven.surefire.booter.ForkedBooter.run(ForkedBooter.java:562)
	at org.apache.maven.surefire.booter.ForkedBooter.main(ForkedBooter.java:548)
[main] INFO org.apache.nifi.security.util.crypto.Argon2CipherProviderGroovyTest - IV: 000000000000000000000000 12
[main] WARN org.apache.nifi.security.util.crypto.Argon2SecureHasher - The provided memory size 1024 KiB is below the recommended minimum 65536 KiB.
[main] WARN org.apache.nifi.security.util.crypto.Argon2SecureHasher - The provided parallelization factor 1 is below the recommended minimum 8.
[main] WARN org.apache.nifi.security.util.crypto.Argon2SecureHasher - The provided iteration count 3 is below the recommended minimum 5.
[main] WARN org.apache.nifi.security.util.crypto.AESKeyedCipherProvider - An IV was provided of length 12 bytes for encryption but should be 16 bytes
[main] WARN org.apache.nifi.security.util.crypto.AESKeyedCipherProvider - Generating new IV. The value can be obtained in the calling code by invoking 'cipher.getIV()';
[main] WARN org.apache.nifi.security.util.crypto.Argon2SecureHasher - The provided memory size 1024 KiB is below the recommended minimum 65536 KiB.
[main] WARN org.apache.nifi.security.util.crypto.Argon2SecureHasher - The provided parallelization factor 1 is below the recommended minimum 8.
[main] WARN org.apache.nifi.security.util.crypto.Argon2SecureHasher - The provided iteration count 3 is below the recommended minimum 5.
[main] WARN org.apache.nifi.security.util.crypto.AESKeyedCipherProvider - An IV was provided of length 12 bytes for decryption but should be 16 bytes
[main] ERROR org.apache.nifi.security.util.crypto.Argon2CipherProvider - Encountered an error generating the Argon2 hash
java.lang.IllegalArgumentException: Cannot decrypt without a valid IV
	at org.apache.nifi.security.util.crypto.AESKeyedCipherProvider.getInitializedCipher(AESKeyedCipherProvider.java:128)
	at org.apache.nifi.security.util.crypto.AESKeyedCipherProvider.getCipher(AESKeyedCipherProvider.java:60)
	at org.apache.nifi.security.util.crypto.Argon2CipherProvider.getInitializedCipher(Argon2CipherProvider.java:177)
	at org.apache.nifi.security.util.crypto.Argon2CipherProvider.getCipher(Argon2CipherProvider.java:103)
	at org.apache.nifi.security.util.crypto.Argon2CipherProvider$getCipher$0.call(Unknown Source)
	at org.apache.nifi.security.util.crypto.Argon2CipherProviderGroovyTest$_testGetCipherShouldRejectInvalidIV_closure5$_closure13.doCall(Argon2CipherProviderGroovyTest.groovy:189)
	at org.apache.nifi.security.util.crypto.Argon2CipherProviderGroovyTest$_testGetCipherShouldRejectInvalidIV_closure5$_closure13.doCall(Argon2CipherProviderGroovyTest.groovy)
	at sun.reflect.GeneratedMethodAccessor77.invoke(Unknown Source)
	at sun.reflect.DelegatingMethodAccessorImpl.invoke(DelegatingMethodAccessorImpl.java:43)
	at java.lang.reflect.Method.invoke(Method.java:498)
	at org.codehaus.groovy.reflection.CachedMethod.invoke(CachedMethod.java:101)
	at groovy.lang.MetaMethod.doMethodInvoke(MetaMethod.java:323)
	at org.codehaus.groovy.runtime.metaclass.ClosureMetaClass.invokeMethod(ClosureMetaClass.java:263)
	at groovy.lang.MetaClassImpl.invokeMethod(MetaClassImpl.java:1041)
	at groovy.lang.Closure.call(Closure.java:405)
	at groovy.lang.Closure.call(Closure.java:399)
	at groovy.test.GroovyAssert.shouldFail(GroovyAssert.java:118)
	at groovy.test.GroovyAssert$shouldFail.callStatic(Unknown Source)
	at org.apache.nifi.security.util.crypto.Argon2CipherProviderGroovyTest$_testGetCipherShouldRejectInvalidIV_closure5.doCall(Argon2CipherProviderGroovyTest.groovy:188)
	at sun.reflect.GeneratedMethodAccessor76.invoke(Unknown Source)
	at sun.reflect.DelegatingMethodAccessorImpl.invoke(DelegatingMethodAccessorImpl.java:43)
	at java.lang.reflect.Method.invoke(Method.java:498)
	at org.codehaus.groovy.reflection.CachedMethod.invoke(CachedMethod.java:101)
	at groovy.lang.MetaMethod.doMethodInvoke(MetaMethod.java:323)
	at org.codehaus.groovy.runtime.metaclass.ClosureMetaClass.invokeMethod(ClosureMetaClass.java:263)
	at groovy.lang.MetaClassImpl.invokeMethod(MetaClassImpl.java:1041)
	at groovy.lang.Closure.call(Closure.java:405)
	at groovy.lang.Closure.call(Closure.java:421)
	at org.codehaus.groovy.runtime.DefaultGroovyMethods.each(DefaultGroovyMethods.java:2330)
	at org.codehaus.groovy.runtime.DefaultGroovyMethods.each(DefaultGroovyMethods.java:2315)
	at org.codehaus.groovy.runtime.DefaultGroovyMethods.each(DefaultGroovyMethods.java:2356)
	at org.codehaus.groovy.runtime.dgm$186.invoke(Unknown Source)
	at org.codehaus.groovy.runtime.callsite.PojoMetaMethodSite$PojoMetaMethodSiteNoUnwrapNoCoerce.invoke(PojoMetaMethodSite.java:244)
	at org.codehaus.groovy.runtime.callsite.PojoMetaMethodSite.call(PojoMetaMethodSite.java:53)
	at org.codehaus.groovy.runtime.callsite.AbstractCallSite.call(AbstractCallSite.java:127)
	at org.apache.nifi.security.util.crypto.Argon2CipherProviderGroovyTest.testGetCipherShouldRejectInvalidIV(Argon2CipherProviderGroovyTest.groovy:181)
	at sun.reflect.NativeMethodAccessorImpl.invoke0(Native Method)
	at sun.reflect.NativeMethodAccessorImpl.invoke(NativeMethodAccessorImpl.java:62)
	at sun.reflect.DelegatingMethodAccessorImpl.invoke(DelegatingMethodAccessorImpl.java:43)
	at java.lang.reflect.Method.invoke(Method.java:498)
	at junit.framework.TestCase.runTest(TestCase.java:177)
	at junit.framework.TestCase.runBare(TestCase.java:142)
	at junit.framework.TestResult$1.protect(TestResult.java:122)
	at junit.framework.TestResult.runProtected(TestResult.java:142)
	at junit.framework.TestResult.run(TestResult.java:125)
	at junit.framework.TestCase.run(TestCase.java:130)
	at junit.framework.TestSuite.runTest(TestSuite.java:241)
	at junit.framework.TestSuite.run(TestSuite.java:236)
	at org.junit.internal.runners.JUnit38ClassRunner.run(JUnit38ClassRunner.java:90)
	at org.junit.runner.JUnitCore.run(JUnitCore.java:137)
	at org.junit.runner.JUnitCore.run(JUnitCore.java:115)
	at org.junit.vintage.engine.execution.RunnerExecutor.execute(RunnerExecutor.java:43)
	at java.util.stream.ForEachOps$ForEachOp$OfRef.accept(ForEachOps.java:183)
	at java.util.stream.ReferencePipeline$3$1.accept(ReferencePipeline.java:193)
	at java.util.Iterator.forEachRemaining(Iterator.java:116)
	at java.util.Spliterators$IteratorSpliterator.forEachRemaining(Spliterators.java:1801)
	at java.util.stream.AbstractPipeline.copyInto(AbstractPipeline.java:482)
	at java.util.stream.AbstractPipeline.wrapAndCopyInto(AbstractPipeline.java:472)
	at java.util.stream.ForEachOps$ForEachOp.evaluateSequential(ForEachOps.java:150)
	at java.util.stream.ForEachOps$ForEachOp$OfRef.evaluateSequential(ForEachOps.java:173)
	at java.util.stream.AbstractPipeline.evaluate(AbstractPipeline.java:234)
	at java.util.stream.ReferencePipeline.forEach(ReferencePipeline.java:485)
	at org.junit.vintage.engine.VintageTestEngine.executeAllChildren(VintageTestEngine.java:82)
	at org.junit.vintage.engine.VintageTestEngine.execute(VintageTestEngine.java:73)
	at org.junit.platform.launcher.core.EngineExecutionOrchestrator.execute(EngineExecutionOrchestrator.java:108)
	at org.junit.platform.launcher.core.EngineExecutionOrchestrator.execute(EngineExecutionOrchestrator.java:88)
	at org.junit.platform.launcher.core.EngineExecutionOrchestrator.lambda$execute$0(EngineExecutionOrchestrator.java:54)
	at org.junit.platform.launcher.core.EngineExecutionOrchestrator.withInterceptedStreams(EngineExecutionOrchestrator.java:67)
	at org.junit.platform.launcher.core.EngineExecutionOrchestrator.execute(EngineExecutionOrchestrator.java:52)
	at org.junit.platform.launcher.core.DefaultLauncher.execute(DefaultLauncher.java:96)
	at org.junit.platform.launcher.core.DefaultLauncher.execute(DefaultLauncher.java:75)
	at org.apache.maven.surefire.junitplatform.JUnitPlatformProvider.execute(JUnitPlatformProvider.java:188)
	at org.apache.maven.surefire.junitplatform.JUnitPlatformProvider.invokeAllTests(JUnitPlatformProvider.java:154)
	at org.apache.maven.surefire.junitplatform.JUnitPlatformProvider.invoke(JUnitPlatformProvider.java:128)
	at org.apache.maven.surefire.booter.ForkedBooter.runSuitesInProcess(ForkedBooter.java:428)
	at org.apache.maven.surefire.booter.ForkedBooter.execute(ForkedBooter.java:162)
	at org.apache.maven.surefire.booter.ForkedBooter.run(ForkedBooter.java:562)
	at org.apache.maven.surefire.booter.ForkedBooter.main(ForkedBooter.java:548)
[main] INFO org.apache.nifi.security.util.crypto.Argon2CipherProviderGroovyTest - IV: 00000000000000000000000000 13
[main] WARN org.apache.nifi.security.util.crypto.Argon2SecureHasher - The provided memory size 1024 KiB is below the recommended minimum 65536 KiB.
[main] WARN org.apache.nifi.security.util.crypto.Argon2SecureHasher - The provided parallelization factor 1 is below the recommended minimum 8.
[main] WARN org.apache.nifi.security.util.crypto.Argon2SecureHasher - The provided iteration count 3 is below the recommended minimum 5.
[main] WARN org.apache.nifi.security.util.crypto.AESKeyedCipherProvider - An IV was provided of length 13 bytes for encryption but should be 16 bytes
[main] WARN org.apache.nifi.security.util.crypto.AESKeyedCipherProvider - Generating new IV. The value can be obtained in the calling code by invoking 'cipher.getIV()';
[main] WARN org.apache.nifi.security.util.crypto.Argon2SecureHasher - The provided memory size 1024 KiB is below the recommended minimum 65536 KiB.
[main] WARN org.apache.nifi.security.util.crypto.Argon2SecureHasher - The provided parallelization factor 1 is below the recommended minimum 8.
[main] WARN org.apache.nifi.security.util.crypto.Argon2SecureHasher - The provided iteration count 3 is below the recommended minimum 5.
[main] WARN org.apache.nifi.security.util.crypto.AESKeyedCipherProvider - An IV was provided of length 13 bytes for decryption but should be 16 bytes
[main] ERROR org.apache.nifi.security.util.crypto.Argon2CipherProvider - Encountered an error generating the Argon2 hash
java.lang.IllegalArgumentException: Cannot decrypt without a valid IV
	at org.apache.nifi.security.util.crypto.AESKeyedCipherProvider.getInitializedCipher(AESKeyedCipherProvider.java:128)
	at org.apache.nifi.security.util.crypto.AESKeyedCipherProvider.getCipher(AESKeyedCipherProvider.java:60)
	at org.apache.nifi.security.util.crypto.Argon2CipherProvider.getInitializedCipher(Argon2CipherProvider.java:177)
	at org.apache.nifi.security.util.crypto.Argon2CipherProvider.getCipher(Argon2CipherProvider.java:103)
	at org.apache.nifi.security.util.crypto.Argon2CipherProvider$getCipher$0.call(Unknown Source)
	at org.apache.nifi.security.util.crypto.Argon2CipherProviderGroovyTest$_testGetCipherShouldRejectInvalidIV_closure5$_closure13.doCall(Argon2CipherProviderGroovyTest.groovy:189)
	at org.apache.nifi.security.util.crypto.Argon2CipherProviderGroovyTest$_testGetCipherShouldRejectInvalidIV_closure5$_closure13.doCall(Argon2CipherProviderGroovyTest.groovy)
	at sun.reflect.GeneratedMethodAccessor77.invoke(Unknown Source)
	at sun.reflect.DelegatingMethodAccessorImpl.invoke(DelegatingMethodAccessorImpl.java:43)
	at java.lang.reflect.Method.invoke(Method.java:498)
	at org.codehaus.groovy.reflection.CachedMethod.invoke(CachedMethod.java:101)
	at groovy.lang.MetaMethod.doMethodInvoke(MetaMethod.java:323)
	at org.codehaus.groovy.runtime.metaclass.ClosureMetaClass.invokeMethod(ClosureMetaClass.java:263)
	at groovy.lang.MetaClassImpl.invokeMethod(MetaClassImpl.java:1041)
	at groovy.lang.Closure.call(Closure.java:405)
	at groovy.lang.Closure.call(Closure.java:399)
	at groovy.test.GroovyAssert.shouldFail(GroovyAssert.java:118)
	at groovy.test.GroovyAssert$shouldFail.callStatic(Unknown Source)
	at org.apache.nifi.security.util.crypto.Argon2CipherProviderGroovyTest$_testGetCipherShouldRejectInvalidIV_closure5.doCall(Argon2CipherProviderGroovyTest.groovy:188)
	at sun.reflect.GeneratedMethodAccessor76.invoke(Unknown Source)
	at sun.reflect.DelegatingMethodAccessorImpl.invoke(DelegatingMethodAccessorImpl.java:43)
	at java.lang.reflect.Method.invoke(Method.java:498)
	at org.codehaus.groovy.reflection.CachedMethod.invoke(CachedMethod.java:101)
	at groovy.lang.MetaMethod.doMethodInvoke(MetaMethod.java:323)
	at org.codehaus.groovy.runtime.metaclass.ClosureMetaClass.invokeMethod(ClosureMetaClass.java:263)
	at groovy.lang.MetaClassImpl.invokeMethod(MetaClassImpl.java:1041)
	at groovy.lang.Closure.call(Closure.java:405)
	at groovy.lang.Closure.call(Closure.java:421)
	at org.codehaus.groovy.runtime.DefaultGroovyMethods.each(DefaultGroovyMethods.java:2330)
	at org.codehaus.groovy.runtime.DefaultGroovyMethods.each(DefaultGroovyMethods.java:2315)
	at org.codehaus.groovy.runtime.DefaultGroovyMethods.each(DefaultGroovyMethods.java:2356)
	at org.codehaus.groovy.runtime.dgm$186.invoke(Unknown Source)
	at org.codehaus.groovy.runtime.callsite.PojoMetaMethodSite$PojoMetaMethodSiteNoUnwrapNoCoerce.invoke(PojoMetaMethodSite.java:244)
	at org.codehaus.groovy.runtime.callsite.PojoMetaMethodSite.call(PojoMetaMethodSite.java:53)
	at org.codehaus.groovy.runtime.callsite.AbstractCallSite.call(AbstractCallSite.java:127)
	at org.apache.nifi.security.util.crypto.Argon2CipherProviderGroovyTest.testGetCipherShouldRejectInvalidIV(Argon2CipherProviderGroovyTest.groovy:181)
	at sun.reflect.NativeMethodAccessorImpl.invoke0(Native Method)
	at sun.reflect.NativeMethodAccessorImpl.invoke(NativeMethodAccessorImpl.java:62)
	at sun.reflect.DelegatingMethodAccessorImpl.invoke(DelegatingMethodAccessorImpl.java:43)
	at java.lang.reflect.Method.invoke(Method.java:498)
	at junit.framework.TestCase.runTest(TestCase.java:177)
	at junit.framework.TestCase.runBare(TestCase.java:142)
	at junit.framework.TestResult$1.protect(TestResult.java:122)
	at junit.framework.TestResult.runProtected(TestResult.java:142)
	at junit.framework.TestResult.run(TestResult.java:125)
	at junit.framework.TestCase.run(TestCase.java:130)
	at junit.framework.TestSuite.runTest(TestSuite.java:241)
	at junit.framework.TestSuite.run(TestSuite.java:236)
	at org.junit.internal.runners.JUnit38ClassRunner.run(JUnit38ClassRunner.java:90)
	at org.junit.runner.JUnitCore.run(JUnitCore.java:137)
	at org.junit.runner.JUnitCore.run(JUnitCore.java:115)
	at org.junit.vintage.engine.execution.RunnerExecutor.execute(RunnerExecutor.java:43)
	at java.util.stream.ForEachOps$ForEachOp$OfRef.accept(ForEachOps.java:183)
	at java.util.stream.ReferencePipeline$3$1.accept(ReferencePipeline.java:193)
	at java.util.Iterator.forEachRemaining(Iterator.java:116)
	at java.util.Spliterators$IteratorSpliterator.forEachRemaining(Spliterators.java:1801)
	at java.util.stream.AbstractPipeline.copyInto(AbstractPipeline.java:482)
	at java.util.stream.AbstractPipeline.wrapAndCopyInto(AbstractPipeline.java:472)
	at java.util.stream.ForEachOps$ForEachOp.evaluateSequential(ForEachOps.java:150)
	at java.util.stream.ForEachOps$ForEachOp$OfRef.evaluateSequential(ForEachOps.java:173)
	at java.util.stream.AbstractPipeline.evaluate(AbstractPipeline.java:234)
	at java.util.stream.ReferencePipeline.forEach(ReferencePipeline.java:485)
	at org.junit.vintage.engine.VintageTestEngine.executeAllChildren(VintageTestEngine.java:82)
	at org.junit.vintage.engine.VintageTestEngine.execute(VintageTestEngine.java:73)
	at org.junit.platform.launcher.core.EngineExecutionOrchestrator.execute(EngineExecutionOrchestrator.java:108)
	at org.junit.platform.launcher.core.EngineExecutionOrchestrator.execute(EngineExecutionOrchestrator.java:88)
	at org.junit.platform.launcher.core.EngineExecutionOrchestrator.lambda$execute$0(EngineExecutionOrchestrator.java:54)
	at org.junit.platform.launcher.core.EngineExecutionOrchestrator.withInterceptedStreams(EngineExecutionOrchestrator.java:67)
	at org.junit.platform.launcher.core.EngineExecutionOrchestrator.execute(EngineExecutionOrchestrator.java:52)
	at org.junit.platform.launcher.core.DefaultLauncher.execute(DefaultLauncher.java:96)
	at org.junit.platform.launcher.core.DefaultLauncher.execute(DefaultLauncher.java:75)
	at org.apache.maven.surefire.junitplatform.JUnitPlatformProvider.execute(JUnitPlatformProvider.java:188)
	at org.apache.maven.surefire.junitplatform.JUnitPlatformProvider.invokeAllTests(JUnitPlatformProvider.java:154)
	at org.apache.maven.surefire.junitplatform.JUnitPlatformProvider.invoke(JUnitPlatformProvider.java:128)
	at org.apache.maven.surefire.booter.ForkedBooter.runSuitesInProcess(ForkedBooter.java:428)
	at org.apache.maven.surefire.booter.ForkedBooter.execute(ForkedBooter.java:162)
	at org.apache.maven.surefire.booter.ForkedBooter.run(ForkedBooter.java:562)
	at org.apache.maven.surefire.booter.ForkedBooter.main(ForkedBooter.java:548)
[main] INFO org.apache.nifi.security.util.crypto.Argon2CipherProviderGroovyTest - IV: 0000000000000000000000000000 14
[main] WARN org.apache.nifi.security.util.crypto.Argon2SecureHasher - The provided memory size 1024 KiB is below the recommended minimum 65536 KiB.
[main] WARN org.apache.nifi.security.util.crypto.Argon2SecureHasher - The provided parallelization factor 1 is below the recommended minimum 8.
[main] WARN org.apache.nifi.security.util.crypto.Argon2SecureHasher - The provided iteration count 3 is below the recommended minimum 5.
[main] WARN org.apache.nifi.security.util.crypto.AESKeyedCipherProvider - An IV was provided of length 14 bytes for encryption but should be 16 bytes
[main] WARN org.apache.nifi.security.util.crypto.AESKeyedCipherProvider - Generating new IV. The value can be obtained in the calling code by invoking 'cipher.getIV()';
[main] WARN org.apache.nifi.security.util.crypto.Argon2SecureHasher - The provided memory size 1024 KiB is below the recommended minimum 65536 KiB.
[main] WARN org.apache.nifi.security.util.crypto.Argon2SecureHasher - The provided parallelization factor 1 is below the recommended minimum 8.
[main] WARN org.apache.nifi.security.util.crypto.Argon2SecureHasher - The provided iteration count 3 is below the recommended minimum 5.
[main] WARN org.apache.nifi.security.util.crypto.AESKeyedCipherProvider - An IV was provided of length 14 bytes for decryption but should be 16 bytes
[main] ERROR org.apache.nifi.security.util.crypto.Argon2CipherProvider - Encountered an error generating the Argon2 hash
java.lang.IllegalArgumentException: Cannot decrypt without a valid IV
	at org.apache.nifi.security.util.crypto.AESKeyedCipherProvider.getInitializedCipher(AESKeyedCipherProvider.java:128)
	at org.apache.nifi.security.util.crypto.AESKeyedCipherProvider.getCipher(AESKeyedCipherProvider.java:60)
	at org.apache.nifi.security.util.crypto.Argon2CipherProvider.getInitializedCipher(Argon2CipherProvider.java:177)
	at org.apache.nifi.security.util.crypto.Argon2CipherProvider.getCipher(Argon2CipherProvider.java:103)
	at org.apache.nifi.security.util.crypto.Argon2CipherProvider$getCipher$0.call(Unknown Source)
	at org.apache.nifi.security.util.crypto.Argon2CipherProviderGroovyTest$_testGetCipherShouldRejectInvalidIV_closure5$_closure13.doCall(Argon2CipherProviderGroovyTest.groovy:189)
	at org.apache.nifi.security.util.crypto.Argon2CipherProviderGroovyTest$_testGetCipherShouldRejectInvalidIV_closure5$_closure13.doCall(Argon2CipherProviderGroovyTest.groovy)
	at sun.reflect.GeneratedMethodAccessor77.invoke(Unknown Source)
	at sun.reflect.DelegatingMethodAccessorImpl.invoke(DelegatingMethodAccessorImpl.java:43)
	at java.lang.reflect.Method.invoke(Method.java:498)
	at org.codehaus.groovy.reflection.CachedMethod.invoke(CachedMethod.java:101)
	at groovy.lang.MetaMethod.doMethodInvoke(MetaMethod.java:323)
	at org.codehaus.groovy.runtime.metaclass.ClosureMetaClass.invokeMethod(ClosureMetaClass.java:263)
	at groovy.lang.MetaClassImpl.invokeMethod(MetaClassImpl.java:1041)
	at groovy.lang.Closure.call(Closure.java:405)
	at groovy.lang.Closure.call(Closure.java:399)
	at groovy.test.GroovyAssert.shouldFail(GroovyAssert.java:118)
	at groovy.test.GroovyAssert$shouldFail.callStatic(Unknown Source)
	at org.apache.nifi.security.util.crypto.Argon2CipherProviderGroovyTest$_testGetCipherShouldRejectInvalidIV_closure5.doCall(Argon2CipherProviderGroovyTest.groovy:188)
	at sun.reflect.GeneratedMethodAccessor76.invoke(Unknown Source)
	at sun.reflect.DelegatingMethodAccessorImpl.invoke(DelegatingMethodAccessorImpl.java:43)
	at java.lang.reflect.Method.invoke(Method.java:498)
	at org.codehaus.groovy.reflection.CachedMethod.invoke(CachedMethod.java:101)
	at groovy.lang.MetaMethod.doMethodInvoke(MetaMethod.java:323)
	at org.codehaus.groovy.runtime.metaclass.ClosureMetaClass.invokeMethod(ClosureMetaClass.java:263)
	at groovy.lang.MetaClassImpl.invokeMethod(MetaClassImpl.java:1041)
	at groovy.lang.Closure.call(Closure.java:405)
	at groovy.lang.Closure.call(Closure.java:421)
	at org.codehaus.groovy.runtime.DefaultGroovyMethods.each(DefaultGroovyMethods.java:2330)
	at org.codehaus.groovy.runtime.DefaultGroovyMethods.each(DefaultGroovyMethods.java:2315)
	at org.codehaus.groovy.runtime.DefaultGroovyMethods.each(DefaultGroovyMethods.java:2356)
	at org.codehaus.groovy.runtime.dgm$186.invoke(Unknown Source)
	at org.codehaus.groovy.runtime.callsite.PojoMetaMethodSite$PojoMetaMethodSiteNoUnwrapNoCoerce.invoke(PojoMetaMethodSite.java:244)
	at org.codehaus.groovy.runtime.callsite.PojoMetaMethodSite.call(PojoMetaMethodSite.java:53)
	at org.codehaus.groovy.runtime.callsite.AbstractCallSite.call(AbstractCallSite.java:127)
	at org.apache.nifi.security.util.crypto.Argon2CipherProviderGroovyTest.testGetCipherShouldRejectInvalidIV(Argon2CipherProviderGroovyTest.groovy:181)
	at sun.reflect.NativeMethodAccessorImpl.invoke0(Native Method)
	at sun.reflect.NativeMethodAccessorImpl.invoke(NativeMethodAccessorImpl.java:62)
	at sun.reflect.DelegatingMethodAccessorImpl.invoke(DelegatingMethodAccessorImpl.java:43)
	at java.lang.reflect.Method.invoke(Method.java:498)
	at junit.framework.TestCase.runTest(TestCase.java:177)
	at junit.framework.TestCase.runBare(TestCase.java:142)
	at junit.framework.TestResult$1.protect(TestResult.java:122)
	at junit.framework.TestResult.runProtected(TestResult.java:142)
	at junit.framework.TestResult.run(TestResult.java:125)
	at junit.framework.TestCase.run(TestCase.java:130)
	at junit.framework.TestSuite.runTest(TestSuite.java:241)
	at junit.framework.TestSuite.run(TestSuite.java:236)
	at org.junit.internal.runners.JUnit38ClassRunner.run(JUnit38ClassRunner.java:90)
	at org.junit.runner.JUnitCore.run(JUnitCore.java:137)
	at org.junit.runner.JUnitCore.run(JUnitCore.java:115)
	at org.junit.vintage.engine.execution.RunnerExecutor.execute(RunnerExecutor.java:43)
	at java.util.stream.ForEachOps$ForEachOp$OfRef.accept(ForEachOps.java:183)
	at java.util.stream.ReferencePipeline$3$1.accept(ReferencePipeline.java:193)
	at java.util.Iterator.forEachRemaining(Iterator.java:116)
	at java.util.Spliterators$IteratorSpliterator.forEachRemaining(Spliterators.java:1801)
	at java.util.stream.AbstractPipeline.copyInto(AbstractPipeline.java:482)
	at java.util.stream.AbstractPipeline.wrapAndCopyInto(AbstractPipeline.java:472)
	at java.util.stream.ForEachOps$ForEachOp.evaluateSequential(ForEachOps.java:150)
	at java.util.stream.ForEachOps$ForEachOp$OfRef.evaluateSequential(ForEachOps.java:173)
	at java.util.stream.AbstractPipeline.evaluate(AbstractPipeline.java:234)
	at java.util.stream.ReferencePipeline.forEach(ReferencePipeline.java:485)
	at org.junit.vintage.engine.VintageTestEngine.executeAllChildren(VintageTestEngine.java:82)
	at org.junit.vintage.engine.VintageTestEngine.execute(VintageTestEngine.java:73)
	at org.junit.platform.launcher.core.EngineExecutionOrchestrator.execute(EngineExecutionOrchestrator.java:108)
	at org.junit.platform.launcher.core.EngineExecutionOrchestrator.execute(EngineExecutionOrchestrator.java:88)
	at org.junit.platform.launcher.core.EngineExecutionOrchestrator.lambda$execute$0(EngineExecutionOrchestrator.java:54)
	at org.junit.platform.launcher.core.EngineExecutionOrchestrator.withInterceptedStreams(EngineExecutionOrchestrator.java:67)
	at org.junit.platform.launcher.core.EngineExecutionOrchestrator.execute(EngineExecutionOrchestrator.java:52)
	at org.junit.platform.launcher.core.DefaultLauncher.execute(DefaultLauncher.java:96)
	at org.junit.platform.launcher.core.DefaultLauncher.execute(DefaultLauncher.java:75)
	at org.apache.maven.surefire.junitplatform.JUnitPlatformProvider.execute(JUnitPlatformProvider.java:188)
	at org.apache.maven.surefire.junitplatform.JUnitPlatformProvider.invokeAllTests(JUnitPlatformProvider.java:154)
	at org.apache.maven.surefire.junitplatform.JUnitPlatformProvider.invoke(JUnitPlatformProvider.java:128)
	at org.apache.maven.surefire.booter.ForkedBooter.runSuitesInProcess(ForkedBooter.java:428)
	at org.apache.maven.surefire.booter.ForkedBooter.execute(ForkedBooter.java:162)
	at org.apache.maven.surefire.booter.ForkedBooter.run(ForkedBooter.java:562)
	at org.apache.maven.surefire.booter.ForkedBooter.main(ForkedBooter.java:548)
[main] INFO org.apache.nifi.security.util.crypto.Argon2CipherProviderGroovyTest - IV: 000000000000000000000000000000 15
[main] WARN org.apache.nifi.security.util.crypto.Argon2SecureHasher - The provided memory size 1024 KiB is below the recommended minimum 65536 KiB.
[main] WARN org.apache.nifi.security.util.crypto.Argon2SecureHasher - The provided parallelization factor 1 is below the recommended minimum 8.
[main] WARN org.apache.nifi.security.util.crypto.Argon2SecureHasher - The provided iteration count 3 is below the recommended minimum 5.
[main] WARN org.apache.nifi.security.util.crypto.AESKeyedCipherProvider - An IV was provided of length 15 bytes for encryption but should be 16 bytes
[main] WARN org.apache.nifi.security.util.crypto.AESKeyedCipherProvider - Generating new IV. The value can be obtained in the calling code by invoking 'cipher.getIV()';
[main] WARN org.apache.nifi.security.util.crypto.Argon2SecureHasher - The provided memory size 1024 KiB is below the recommended minimum 65536 KiB.
[main] WARN org.apache.nifi.security.util.crypto.Argon2SecureHasher - The provided parallelization factor 1 is below the recommended minimum 8.
[main] WARN org.apache.nifi.security.util.crypto.Argon2SecureHasher - The provided iteration count 3 is below the recommended minimum 5.
[main] WARN org.apache.nifi.security.util.crypto.AESKeyedCipherProvider - An IV was provided of length 15 bytes for decryption but should be 16 bytes
[main] ERROR org.apache.nifi.security.util.crypto.Argon2CipherProvider - Encountered an error generating the Argon2 hash
java.lang.IllegalArgumentException: Cannot decrypt without a valid IV
	at org.apache.nifi.security.util.crypto.AESKeyedCipherProvider.getInitializedCipher(AESKeyedCipherProvider.java:128)
	at org.apache.nifi.security.util.crypto.AESKeyedCipherProvider.getCipher(AESKeyedCipherProvider.java:60)
	at org.apache.nifi.security.util.crypto.Argon2CipherProvider.getInitializedCipher(Argon2CipherProvider.java:177)
	at org.apache.nifi.security.util.crypto.Argon2CipherProvider.getCipher(Argon2CipherProvider.java:103)
	at org.apache.nifi.security.util.crypto.Argon2CipherProvider$getCipher$0.call(Unknown Source)
	at org.apache.nifi.security.util.crypto.Argon2CipherProviderGroovyTest$_testGetCipherShouldRejectInvalidIV_closure5$_closure13.doCall(Argon2CipherProviderGroovyTest.groovy:189)
	at org.apache.nifi.security.util.crypto.Argon2CipherProviderGroovyTest$_testGetCipherShouldRejectInvalidIV_closure5$_closure13.doCall(Argon2CipherProviderGroovyTest.groovy)
	at sun.reflect.GeneratedMethodAccessor77.invoke(Unknown Source)
	at sun.reflect.DelegatingMethodAccessorImpl.invoke(DelegatingMethodAccessorImpl.java:43)
	at java.lang.reflect.Method.invoke(Method.java:498)
	at org.codehaus.groovy.reflection.CachedMethod.invoke(CachedMethod.java:101)
	at groovy.lang.MetaMethod.doMethodInvoke(MetaMethod.java:323)
	at org.codehaus.groovy.runtime.metaclass.ClosureMetaClass.invokeMethod(ClosureMetaClass.java:263)
	at groovy.lang.MetaClassImpl.invokeMethod(MetaClassImpl.java:1041)
	at groovy.lang.Closure.call(Closure.java:405)
	at groovy.lang.Closure.call(Closure.java:399)
	at groovy.test.GroovyAssert.shouldFail(GroovyAssert.java:118)
	at groovy.test.GroovyAssert$shouldFail.callStatic(Unknown Source)
	at org.apache.nifi.security.util.crypto.Argon2CipherProviderGroovyTest$_testGetCipherShouldRejectInvalidIV_closure5.doCall(Argon2CipherProviderGroovyTest.groovy:188)
	at sun.reflect.GeneratedMethodAccessor76.invoke(Unknown Source)
	at sun.reflect.DelegatingMethodAccessorImpl.invoke(DelegatingMethodAccessorImpl.java:43)
	at java.lang.reflect.Method.invoke(Method.java:498)
	at org.codehaus.groovy.reflection.CachedMethod.invoke(CachedMethod.java:101)
	at groovy.lang.MetaMethod.doMethodInvoke(MetaMethod.java:323)
	at org.codehaus.groovy.runtime.metaclass.ClosureMetaClass.invokeMethod(ClosureMetaClass.java:263)
	at groovy.lang.MetaClassImpl.invokeMethod(MetaClassImpl.java:1041)
	at groovy.lang.Closure.call(Closure.java:405)
	at groovy.lang.Closure.call(Closure.java:421)
	at org.codehaus.groovy.runtime.DefaultGroovyMethods.each(DefaultGroovyMethods.java:2330)
	at org.codehaus.groovy.runtime.DefaultGroovyMethods.each(DefaultGroovyMethods.java:2315)
	at org.codehaus.groovy.runtime.DefaultGroovyMethods.each(DefaultGroovyMethods.java:2356)
	at org.codehaus.groovy.runtime.dgm$186.invoke(Unknown Source)
	at org.codehaus.groovy.runtime.callsite.PojoMetaMethodSite$PojoMetaMethodSiteNoUnwrapNoCoerce.invoke(PojoMetaMethodSite.java:244)
	at org.codehaus.groovy.runtime.callsite.PojoMetaMethodSite.call(PojoMetaMethodSite.java:53)
	at org.codehaus.groovy.runtime.callsite.AbstractCallSite.call(AbstractCallSite.java:127)
	at org.apache.nifi.security.util.crypto.Argon2CipherProviderGroovyTest.testGetCipherShouldRejectInvalidIV(Argon2CipherProviderGroovyTest.groovy:181)
	at sun.reflect.NativeMethodAccessorImpl.invoke0(Native Method)
	at sun.reflect.NativeMethodAccessorImpl.invoke(NativeMethodAccessorImpl.java:62)
	at sun.reflect.DelegatingMethodAccessorImpl.invoke(DelegatingMethodAccessorImpl.java:43)
	at java.lang.reflect.Method.invoke(Method.java:498)
	at junit.framework.TestCase.runTest(TestCase.java:177)
	at junit.framework.TestCase.runBare(TestCase.java:142)
	at junit.framework.TestResult$1.protect(TestResult.java:122)
	at junit.framework.TestResult.runProtected(TestResult.java:142)
	at junit.framework.TestResult.run(TestResult.java:125)
	at junit.framework.TestCase.run(TestCase.java:130)
	at junit.framework.TestSuite.runTest(TestSuite.java:241)
	at junit.framework.TestSuite.run(TestSuite.java:236)
	at org.junit.internal.runners.JUnit38ClassRunner.run(JUnit38ClassRunner.java:90)
	at org.junit.runner.JUnitCore.run(JUnitCore.java:137)
	at org.junit.runner.JUnitCore.run(JUnitCore.java:115)
	at org.junit.vintage.engine.execution.RunnerExecutor.execute(RunnerExecutor.java:43)
	at java.util.stream.ForEachOps$ForEachOp$OfRef.accept(ForEachOps.java:183)
	at java.util.stream.ReferencePipeline$3$1.accept(ReferencePipeline.java:193)
	at java.util.Iterator.forEachRemaining(Iterator.java:116)
	at java.util.Spliterators$IteratorSpliterator.forEachRemaining(Spliterators.java:1801)
	at java.util.stream.AbstractPipeline.copyInto(AbstractPipeline.java:482)
	at java.util.stream.AbstractPipeline.wrapAndCopyInto(AbstractPipeline.java:472)
	at java.util.stream.ForEachOps$ForEachOp.evaluateSequential(ForEachOps.java:150)
	at java.util.stream.ForEachOps$ForEachOp$OfRef.evaluateSequential(ForEachOps.java:173)
	at java.util.stream.AbstractPipeline.evaluate(AbstractPipeline.java:234)
	at java.util.stream.ReferencePipeline.forEach(ReferencePipeline.java:485)
	at org.junit.vintage.engine.VintageTestEngine.executeAllChildren(VintageTestEngine.java:82)
	at org.junit.vintage.engine.VintageTestEngine.execute(VintageTestEngine.java:73)
	at org.junit.platform.launcher.core.EngineExecutionOrchestrator.execute(EngineExecutionOrchestrator.java:108)
	at org.junit.platform.launcher.core.EngineExecutionOrchestrator.execute(EngineExecutionOrchestrator.java:88)
	at org.junit.platform.launcher.core.EngineExecutionOrchestrator.lambda$execute$0(EngineExecutionOrchestrator.java:54)
	at org.junit.platform.launcher.core.EngineExecutionOrchestrator.withInterceptedStreams(EngineExecutionOrchestrator.java:67)
	at org.junit.platform.launcher.core.EngineExecutionOrchestrator.execute(EngineExecutionOrchestrator.java:52)
	at org.junit.platform.launcher.core.DefaultLauncher.execute(DefaultLauncher.java:96)
	at org.junit.platform.launcher.core.DefaultLauncher.execute(DefaultLauncher.java:75)
	at org.apache.maven.surefire.junitplatform.JUnitPlatformProvider.execute(JUnitPlatformProvider.java:188)
	at org.apache.maven.surefire.junitplatform.JUnitPlatformProvider.invokeAllTests(JUnitPlatformProvider.java:154)
	at org.apache.maven.surefire.junitplatform.JUnitPlatformProvider.invoke(JUnitPlatformProvider.java:128)
	at org.apache.maven.surefire.booter.ForkedBooter.runSuitesInProcess(ForkedBooter.java:428)
	at org.apache.maven.surefire.booter.ForkedBooter.execute(ForkedBooter.java:162)
	at org.apache.maven.surefire.booter.ForkedBooter.run(ForkedBooter.java:562)
	at org.apache.maven.surefire.booter.ForkedBooter.main(ForkedBooter.java:548)
]]></system-err>
  </testcase>
  <testcase name="testGetCipherShouldRejectEmptySalt" classname="org.apache.nifi.security.util.crypto.Argon2CipherProviderGroovyTest" time="0.002">
    <system-err><![CDATA[[main] WARN org.apache.nifi.security.util.crypto.Argon2CipherProvider - The provided memory size 1024 KiB is below the recommended minimum 65536 KiB
[main] WARN org.apache.nifi.security.util.crypto.Argon2CipherProvider - The provided parallelization factor 1 is below the recommended minimum 8
[main] WARN org.apache.nifi.security.util.crypto.Argon2CipherProvider - The provided iterations count 3 is below the recommended minimum 5
[main] INFO org.apache.nifi.security.util.crypto.Argon2CipherProviderGroovyTest - Using algorithm: AES/CBC/PKCS7Padding
[main] INFO org.apache.nifi.security.util.crypto.Argon2CipherProviderGroovyTest - [EXPECTED] java.lang.IllegalArgumentException: The salt cannot be empty. To generate a salt, use Argon2CipherProvider#generateSalt()
]]></system-err>
  </testcase>
  <testcase name="testGetCipherShouldRejectEmptySalt" classname="org.apache.nifi.security.util.crypto.Argon2CipherProviderGroovyTest" time="0.001">
    <system-err><![CDATA[[main] WARN org.apache.nifi.security.util.crypto.Argon2CipherProvider - The provided memory size 1024 KiB is below the recommended minimum 65536 KiB
[main] WARN org.apache.nifi.security.util.crypto.Argon2CipherProvider - The provided parallelization factor 1 is below the recommended minimum 8
[main] WARN org.apache.nifi.security.util.crypto.Argon2CipherProvider - The provided iterations count 3 is below the recommended minimum 5
[main] INFO org.apache.nifi.security.util.crypto.Argon2CipherProviderGroovyTest - Using algorithm: AES/CBC/PKCS7Padding
[main] INFO org.apache.nifi.security.util.crypto.Argon2CipherProviderGroovyTest - [EXPECTED] java.lang.IllegalArgumentException: The salt cannot be empty. To generate a salt, use Argon2CipherProvider#generateSalt()
]]></system-err>
  </testcase>
  <testcase name="testGenerateSaltShouldProvideValidSalt" classname="org.apache.nifi.security.util.crypto.Argon2CipherProviderGroovyTest" time="0.003">
    <system-err><![CDATA[[main] WARN org.apache.nifi.security.util.crypto.Argon2CipherProvider - The provided memory size 1024 KiB is below the recommended minimum 65536 KiB
[main] WARN org.apache.nifi.security.util.crypto.Argon2CipherProvider - The provided parallelization factor 1 is below the recommended minimum 8
[main] WARN org.apache.nifi.security.util.crypto.Argon2CipherProvider - The provided iterations count 3 is below the recommended minimum 5
[main] INFO org.apache.nifi.security.util.crypto.Argon2CipherProviderGroovyTest - Generated salt 246172676f6e32696424763d3139246d3d36353533362c743d352c703d38247942626a7730644c4c515969423976704a6479513441
[main] INFO org.apache.nifi.security.util.crypto.Argon2CipherProviderGroovyTest - Generated salt (53): $argon2id$v=19$m=65536,t=5,p=8$yBbjw0dLLQYiB9vpJdyQ4A
[main] INFO org.apache.nifi.security.util.crypto.Argon2CipherProviderGroovyTest - Extracted B64 raw salt (22): yBbjw0dLLQYiB9vpJdyQ4A
[main] INFO org.apache.nifi.security.util.crypto.Argon2CipherProviderGroovyTest - Salt is Argon2 format: true
[main] INFO org.apache.nifi.security.util.crypto.Argon2CipherProviderGroovyTest - Salt length (53) in valid range ([49, 50, 51, 52, 53])
]]></system-err>
  </testcase>
  <testcase name="testGenerateSaltShouldProvideValidSalt" classname="org.apache.nifi.security.util.crypto.Argon2CipherProviderGroovyTest" time="0">
    <system-err><![CDATA[[main] WARN org.apache.nifi.security.util.crypto.Argon2CipherProvider - The provided memory size 1024 KiB is below the recommended minimum 65536 KiB
[main] WARN org.apache.nifi.security.util.crypto.Argon2CipherProvider - The provided parallelization factor 1 is below the recommended minimum 8
[main] WARN org.apache.nifi.security.util.crypto.Argon2CipherProvider - The provided iterations count 3 is below the recommended minimum 5
[main] INFO org.apache.nifi.security.util.crypto.Argon2CipherProviderGroovyTest - Generated salt 246172676f6e32696424763d3139246d3d36353533362c743d352c703d38244e694f6567756156356347545a794f49583252614e51
[main] INFO org.apache.nifi.security.util.crypto.Argon2CipherProviderGroovyTest - Generated salt (53): $argon2id$v=19$m=65536,t=5,p=8$NiOeguaV5cGTZyOIX2RaNQ
[main] INFO org.apache.nifi.security.util.crypto.Argon2CipherProviderGroovyTest - Extracted B64 raw salt (22): NiOeguaV5cGTZyOIX2RaNQ
[main] INFO org.apache.nifi.security.util.crypto.Argon2CipherProviderGroovyTest - Salt is Argon2 format: true
[main] INFO org.apache.nifi.security.util.crypto.Argon2CipherProviderGroovyTest - Salt length (53) in valid range ([49, 50, 51, 52, 53])
]]></system-err>
  </testcase>
  <testcase name="testGetCipherWithExternalIVShouldBeInternallyConsistent" classname="org.apache.nifi.security.util.crypto.Argon2CipherProviderGroovyTest" time="0.019">
    <system-err><![CDATA[[main] WARN org.apache.nifi.security.util.crypto.Argon2CipherProvider - The provided memory size 1024 KiB is below the recommended minimum 65536 KiB
[main] WARN org.apache.nifi.security.util.crypto.Argon2CipherProvider - The provided parallelization factor 1 is below the recommended minimum 8
[main] WARN org.apache.nifi.security.util.crypto.Argon2CipherProvider - The provided iterations count 3 is below the recommended minimum 5
[main] INFO org.apache.nifi.security.util.crypto.Argon2CipherProviderGroovyTest - Using algorithm: AES/CBC/NoPadding
[main] WARN org.apache.nifi.security.util.crypto.Argon2SecureHasher - The provided memory size 1024 KiB is below the recommended minimum 65536 KiB.
[main] WARN org.apache.nifi.security.util.crypto.Argon2SecureHasher - The provided parallelization factor 1 is below the recommended minimum 8.
[main] WARN org.apache.nifi.security.util.crypto.Argon2SecureHasher - The provided iteration count 3 is below the recommended minimum 5.
[main] INFO org.apache.nifi.security.util.crypto.Argon2CipherProviderGroovyTest - IV: 01010101010101010101010101010101
[main] INFO org.apache.nifi.security.util.crypto.Argon2CipherProviderGroovyTest - Cipher text: 4aa9e56423e1714171cb8a238604eba124722c80e21efd441698034f96182c5a 32
[main] WARN org.apache.nifi.security.util.crypto.Argon2SecureHasher - The provided memory size 1024 KiB is below the recommended minimum 65536 KiB.
[main] WARN org.apache.nifi.security.util.crypto.Argon2SecureHasher - The provided parallelization factor 1 is below the recommended minimum 8.
[main] WARN org.apache.nifi.security.util.crypto.Argon2SecureHasher - The provided iteration count 3 is below the recommended minimum 5.
[main] INFO org.apache.nifi.security.util.crypto.Argon2CipherProviderGroovyTest - Recovered: ExactBlockSizeRequiredForProcess
[main] INFO org.apache.nifi.security.util.crypto.Argon2CipherProviderGroovyTest - Using algorithm: AES/CBC/PKCS7Padding
[main] WARN org.apache.nifi.security.util.crypto.Argon2SecureHasher - The provided memory size 1024 KiB is below the recommended minimum 65536 KiB.
[main] WARN org.apache.nifi.security.util.crypto.Argon2SecureHasher - The provided parallelization factor 1 is below the recommended minimum 8.
[main] WARN org.apache.nifi.security.util.crypto.Argon2SecureHasher - The provided iteration count 3 is below the recommended minimum 5.
[main] INFO org.apache.nifi.security.util.crypto.Argon2CipherProviderGroovyTest - IV: 01010101010101010101010101010101
[main] INFO org.apache.nifi.security.util.crypto.Argon2CipherProviderGroovyTest - Cipher text: 4aa9e56423e1714171cb8a238604eba124722c80e21efd441698034f96182c5a34ecf413b7d2caa3ff09aae64f72a7c2 48
[main] WARN org.apache.nifi.security.util.crypto.Argon2SecureHasher - The provided memory size 1024 KiB is below the recommended minimum 65536 KiB.
[main] WARN org.apache.nifi.security.util.crypto.Argon2SecureHasher - The provided parallelization factor 1 is below the recommended minimum 8.
[main] WARN org.apache.nifi.security.util.crypto.Argon2SecureHasher - The provided iteration count 3 is below the recommended minimum 5.
[main] INFO org.apache.nifi.security.util.crypto.Argon2CipherProviderGroovyTest - Recovered: ExactBlockSizeRequiredForProcess
[main] INFO org.apache.nifi.security.util.crypto.Argon2CipherProviderGroovyTest - Using algorithm: AES/CTR/NoPadding
[main] WARN org.apache.nifi.security.util.crypto.Argon2SecureHasher - The provided memory size 1024 KiB is below the recommended minimum 65536 KiB.
[main] WARN org.apache.nifi.security.util.crypto.Argon2SecureHasher - The provided parallelization factor 1 is below the recommended minimum 8.
[main] WARN org.apache.nifi.security.util.crypto.Argon2SecureHasher - The provided iteration count 3 is below the recommended minimum 5.
[main] INFO org.apache.nifi.security.util.crypto.Argon2CipherProviderGroovyTest - IV: 01010101010101010101010101010101
[main] INFO org.apache.nifi.security.util.crypto.Argon2CipherProviderGroovyTest - Cipher text: 9bfc21c52e019946af33750890f0ba6747e1670e5c9c2bdc035283a62d1221ed 32
[main] WARN org.apache.nifi.security.util.crypto.Argon2SecureHasher - The provided memory size 1024 KiB is below the recommended minimum 65536 KiB.
[main] WARN org.apache.nifi.security.util.crypto.Argon2SecureHasher - The provided parallelization factor 1 is below the recommended minimum 8.
[main] WARN org.apache.nifi.security.util.crypto.Argon2SecureHasher - The provided iteration count 3 is below the recommended minimum 5.
[main] INFO org.apache.nifi.security.util.crypto.Argon2CipherProviderGroovyTest - Recovered: ExactBlockSizeRequiredForProcess
[main] INFO org.apache.nifi.security.util.crypto.Argon2CipherProviderGroovyTest - Using algorithm: AES/GCM/NoPadding
[main] WARN org.apache.nifi.security.util.crypto.Argon2SecureHasher - The provided memory size 1024 KiB is below the recommended minimum 65536 KiB.
[main] WARN org.apache.nifi.security.util.crypto.Argon2SecureHasher - The provided parallelization factor 1 is below the recommended minimum 8.
[main] WARN org.apache.nifi.security.util.crypto.Argon2SecureHasher - The provided iteration count 3 is below the recommended minimum 5.
[main] INFO org.apache.nifi.security.util.crypto.Argon2CipherProviderGroovyTest - IV: 01010101010101010101010101010101
[main] INFO org.apache.nifi.security.util.crypto.Argon2CipherProviderGroovyTest - Cipher text: 36ada5ec091356c083b92225fc2451aa7087ac9367940caa45c635b1eb4885ea02d584588a5997927b5ede73c127f480 48
[main] WARN org.apache.nifi.security.util.crypto.Argon2SecureHasher - The provided memory size 1024 KiB is below the recommended minimum 65536 KiB.
[main] WARN org.apache.nifi.security.util.crypto.Argon2SecureHasher - The provided parallelization factor 1 is below the recommended minimum 8.
[main] WARN org.apache.nifi.security.util.crypto.Argon2SecureHasher - The provided iteration count 3 is below the recommended minimum 5.
[main] INFO org.apache.nifi.security.util.crypto.Argon2CipherProviderGroovyTest - Recovered: ExactBlockSizeRequiredForProcess
]]></system-err>
  </testcase>
  <testcase name="testGetCipherWithExternalIVShouldBeInternallyConsistent" classname="org.apache.nifi.security.util.crypto.Argon2CipherProviderGroovyTest" time="0.019">
    <system-err><![CDATA[[main] WARN org.apache.nifi.security.util.crypto.Argon2CipherProvider - The provided memory size 1024 KiB is below the recommended minimum 65536 KiB
[main] WARN org.apache.nifi.security.util.crypto.Argon2CipherProvider - The provided parallelization factor 1 is below the recommended minimum 8
[main] WARN org.apache.nifi.security.util.crypto.Argon2CipherProvider - The provided iterations count 3 is below the recommended minimum 5
[main] INFO org.apache.nifi.security.util.crypto.Argon2CipherProviderGroovyTest - Using algorithm: AES/CBC/NoPadding
[main] WARN org.apache.nifi.security.util.crypto.Argon2SecureHasher - The provided memory size 1024 KiB is below the recommended minimum 65536 KiB.
[main] WARN org.apache.nifi.security.util.crypto.Argon2SecureHasher - The provided parallelization factor 1 is below the recommended minimum 8.
[main] WARN org.apache.nifi.security.util.crypto.Argon2SecureHasher - The provided iteration count 3 is below the recommended minimum 5.
[main] INFO org.apache.nifi.security.util.crypto.Argon2CipherProviderGroovyTest - IV: 01010101010101010101010101010101
[main] INFO org.apache.nifi.security.util.crypto.Argon2CipherProviderGroovyTest - Cipher text: fd05422d9e2304e6b288f21d2a58d4185e5544f5ca5b7c492c5bec76ad36de4e 32
[main] WARN org.apache.nifi.security.util.crypto.Argon2SecureHasher - The provided memory size 1024 KiB is below the recommended minimum 65536 KiB.
[main] WARN org.apache.nifi.security.util.crypto.Argon2SecureHasher - The provided parallelization factor 1 is below the recommended minimum 8.
[main] WARN org.apache.nifi.security.util.crypto.Argon2SecureHasher - The provided iteration count 3 is below the recommended minimum 5.
[main] INFO org.apache.nifi.security.util.crypto.Argon2CipherProviderGroovyTest - Recovered: ExactBlockSizeRequiredForProcess
[main] INFO org.apache.nifi.security.util.crypto.Argon2CipherProviderGroovyTest - Using algorithm: AES/CBC/PKCS7Padding
[main] WARN org.apache.nifi.security.util.crypto.Argon2SecureHasher - The provided memory size 1024 KiB is below the recommended minimum 65536 KiB.
[main] WARN org.apache.nifi.security.util.crypto.Argon2SecureHasher - The provided parallelization factor 1 is below the recommended minimum 8.
[main] WARN org.apache.nifi.security.util.crypto.Argon2SecureHasher - The provided iteration count 3 is below the recommended minimum 5.
[main] INFO org.apache.nifi.security.util.crypto.Argon2CipherProviderGroovyTest - IV: 01010101010101010101010101010101
[main] INFO org.apache.nifi.security.util.crypto.Argon2CipherProviderGroovyTest - Cipher text: fd05422d9e2304e6b288f21d2a58d4185e5544f5ca5b7c492c5bec76ad36de4e07ee0b254875c29c7ffcc14fc6d3af52 48
[main] WARN org.apache.nifi.security.util.crypto.Argon2SecureHasher - The provided memory size 1024 KiB is below the recommended minimum 65536 KiB.
[main] WARN org.apache.nifi.security.util.crypto.Argon2SecureHasher - The provided parallelization factor 1 is below the recommended minimum 8.
[main] WARN org.apache.nifi.security.util.crypto.Argon2SecureHasher - The provided iteration count 3 is below the recommended minimum 5.
[main] INFO org.apache.nifi.security.util.crypto.Argon2CipherProviderGroovyTest - Recovered: ExactBlockSizeRequiredForProcess
[main] INFO org.apache.nifi.security.util.crypto.Argon2CipherProviderGroovyTest - Using algorithm: AES/CTR/NoPadding
[main] WARN org.apache.nifi.security.util.crypto.Argon2SecureHasher - The provided memory size 1024 KiB is below the recommended minimum 65536 KiB.
[main] WARN org.apache.nifi.security.util.crypto.Argon2SecureHasher - The provided parallelization factor 1 is below the recommended minimum 8.
[main] WARN org.apache.nifi.security.util.crypto.Argon2SecureHasher - The provided iteration count 3 is below the recommended minimum 5.
[main] INFO org.apache.nifi.security.util.crypto.Argon2CipherProviderGroovyTest - IV: 01010101010101010101010101010101
[main] INFO org.apache.nifi.security.util.crypto.Argon2CipherProviderGroovyTest - Cipher text: 0daa5f4b0c32fdbc159de1f0ca9775d7b0f06189f3fbdad6a84da79dc1f89ca2 32
[main] WARN org.apache.nifi.security.util.crypto.Argon2SecureHasher - The provided memory size 1024 KiB is below the recommended minimum 65536 KiB.
[main] WARN org.apache.nifi.security.util.crypto.Argon2SecureHasher - The provided parallelization factor 1 is below the recommended minimum 8.
[main] WARN org.apache.nifi.security.util.crypto.Argon2SecureHasher - The provided iteration count 3 is below the recommended minimum 5.
[main] INFO org.apache.nifi.security.util.crypto.Argon2CipherProviderGroovyTest - Recovered: ExactBlockSizeRequiredForProcess
[main] INFO org.apache.nifi.security.util.crypto.Argon2CipherProviderGroovyTest - Using algorithm: AES/GCM/NoPadding
[main] WARN org.apache.nifi.security.util.crypto.Argon2SecureHasher - The provided memory size 1024 KiB is below the recommended minimum 65536 KiB.
[main] WARN org.apache.nifi.security.util.crypto.Argon2SecureHasher - The provided parallelization factor 1 is below the recommended minimum 8.
[main] WARN org.apache.nifi.security.util.crypto.Argon2SecureHasher - The provided iteration count 3 is below the recommended minimum 5.
[main] INFO org.apache.nifi.security.util.crypto.Argon2CipherProviderGroovyTest - IV: 01010101010101010101010101010101
[main] INFO org.apache.nifi.security.util.crypto.Argon2CipherProviderGroovyTest - Cipher text: 4adffb7d8624ad7e884fda8a8423d9931638e0e99fc8293b874437dda6f297a7f5a2c76308c464573143df357ad82285 48
[main] WARN org.apache.nifi.security.util.crypto.Argon2SecureHasher - The provided memory size 1024 KiB is below the recommended minimum 65536 KiB.
[main] WARN org.apache.nifi.security.util.crypto.Argon2SecureHasher - The provided parallelization factor 1 is below the recommended minimum 8.
[main] WARN org.apache.nifi.security.util.crypto.Argon2SecureHasher - The provided iteration count 3 is below the recommended minimum 5.
[main] INFO org.apache.nifi.security.util.crypto.Argon2CipherProviderGroovyTest - Recovered: ExactBlockSizeRequiredForProcess
]]></system-err>
  </testcase>
  <testcase name="testShouldParseSalt" classname="org.apache.nifi.security.util.crypto.Argon2CipherProviderGroovyTest" time="0.002">
    <system-err><![CDATA[[main] WARN org.apache.nifi.security.util.crypto.Argon2CipherProvider - The provided memory size 1024 KiB is below the recommended minimum 65536 KiB
[main] WARN org.apache.nifi.security.util.crypto.Argon2CipherProvider - The provided parallelization factor 1 is below the recommended minimum 8
[main] WARN org.apache.nifi.security.util.crypto.Argon2CipherProvider - The provided iterations count 3 is below the recommended minimum 5
[main] INFO org.apache.nifi.security.util.crypto.Argon2CipherProviderGroovyTest - Using salt: $argon2id$v=19$m=1024,t=4,p=1$hiKyaQbZyQBmCmD1zGcyMw
]]></system-err>
  </testcase>
  <testcase name="testShouldParseSalt" classname="org.apache.nifi.security.util.crypto.Argon2CipherProviderGroovyTest" time="0">
    <system-err><![CDATA[[main] WARN org.apache.nifi.security.util.crypto.Argon2CipherProvider - The provided memory size 1024 KiB is below the recommended minimum 65536 KiB
[main] WARN org.apache.nifi.security.util.crypto.Argon2CipherProvider - The provided parallelization factor 1 is below the recommended minimum 8
[main] WARN org.apache.nifi.security.util.crypto.Argon2CipherProvider - The provided iterations count 3 is below the recommended minimum 5
[main] INFO org.apache.nifi.security.util.crypto.Argon2CipherProviderGroovyTest - Using salt: $argon2id$v=19$m=1024,t=4,p=1$hiKyaQbZyQBmCmD1zGcyMw
]]></system-err>
  </testcase>
</testsuite>