<?xml version="1.0" encoding="UTF-8"?>
<testsuite xmlns:xsi="http://www.w3.org/2001/XMLSchema-instance" xsi:noNamespaceSchemaLocation="https://maven.apache.org/surefire/maven-surefire-plugin/xsd/surefire-test-report-3.0.xsd" version="3.0" name="org.apache.nifi.security.util.crypto.AESKeyedCipherProviderGroovyTest" time="0.068" tests="11" errors="0" skipped="0" failures="0">
  <properties>
    <property name="sun.desktop" value="gnome"/>
    <property name="awt.toolkit" value="sun.awt.X11.XToolkit"/>
    <property name="java.specification.version" value="1.8"/>
    <property name="file.encoding.pkg" value="sun.io"/>
    <property name="nondexStart" value="0"/>
    <property name="sun.cpu.isalist" value=""/>
    <property name="sun.jnu.encoding" value="UTF-8"/>
    <property name="java.class.path" value="/home/alex/Repositories/nifi/nifi-commons/nifi-security-utils/target/test-classes:/home/alex/Repositories/nifi/nifi-commons/nifi-security-utils/target/classes:/home/alex/Repositories/nifi/nifi-api/target/classes:/home/alex/Repositories/nifi/nifi-commons/nifi-utils/target/classes:/home/alex/Repositories/nifi/nifi-commons/nifi-security-utils-api/target/classes:/home/alex/Repositories/nifi/nifi-commons/nifi-security-kms/target/classes:/home/alex/.m2/repository/org/apache/commons/commons-lang3/3.12.0/commons-lang3-3.12.0.jar:/home/alex/.m2/repository/commons-codec/commons-codec/1.14/commons-codec-1.14.jar:/home/alex/.m2/repository/org/bouncycastle/bcprov-jdk15on/1.69/bcprov-jdk15on-1.69.jar:/home/alex/.m2/repository/org/bouncycastle/bcpkix-jdk15on/1.69/bcpkix-jdk15on-1.69.jar:/home/alex/.m2/repository/org/bouncycastle/bcutil-jdk15on/1.69/bcutil-jdk15on-1.69.jar:/home/alex/Repositories/nifi/nifi-commons/nifi-properties/target/classes:/home/alex/Repositories/nifi/nifi-commons/nifi-property-utils/target/classes:/home/alex/.m2/repository/at/favre/lib/bcrypt/0.9.0/bcrypt-0.9.0.jar:/home/alex/.m2/repository/at/favre/lib/bytes/1.3.0/bytes-1.3.0.jar:/home/alex/.m2/repository/org/apache/commons/commons-configuration2/2.7/commons-configuration2-2.7.jar:/home/alex/.m2/repository/org/apache/commons/commons-text/1.8/commons-text-1.8.jar:/home/alex/.m2/repository/org/slf4j/jcl-over-slf4j/1.7.32/jcl-over-slf4j-1.7.32.jar:/home/alex/.m2/repository/org/slf4j/slf4j-api/1.7.32/slf4j-api-1.7.32.jar:/home/alex/.m2/repository/org/junit/jupiter/junit-jupiter-api/5.7.2/junit-jupiter-api-5.7.2.jar:/home/alex/.m2/repository/org/apiguardian/apiguardian-api/1.1.0/apiguardian-api-1.1.0.jar:/home/alex/.m2/repository/org/opentest4j/opentest4j/1.2.0/opentest4j-1.2.0.jar:/home/alex/.m2/repository/org/junit/platform/junit-platform-commons/1.7.2/junit-platform-commons-1.7.2.jar:/home/alex/.m2/repository/org/junit/jupiter/junit-jupiter-engine/5.7.2/junit-jupiter-engine-5.7.2.jar:/home/alex/.m2/repository/org/junit/platform/junit-platform-engine/1.7.2/junit-platform-engine-1.7.2.jar:/home/alex/.m2/repository/org/junit/vintage/junit-vintage-engine/5.7.2/junit-vintage-engine-5.7.2.jar:/home/alex/.m2/repository/junit/junit/4.13.2/junit-4.13.2.jar:/home/alex/.m2/repository/org/hamcrest/hamcrest-core/1.3/hamcrest-core-1.3.jar:/home/alex/.m2/repository/org/junit/jupiter/junit-jupiter-params/5.7.2/junit-jupiter-params-5.7.2.jar:/home/alex/.m2/repository/org/mockito/mockito-core/3.11.2/mockito-core-3.11.2.jar:/home/alex/.m2/repository/net/bytebuddy/byte-buddy/1.11.3/byte-buddy-1.11.3.jar:/home/alex/.m2/repository/net/bytebuddy/byte-buddy-agent/1.11.3/byte-buddy-agent-1.11.3.jar:/home/alex/.m2/repository/org/objenesis/objenesis/3.2/objenesis-3.2.jar:/home/alex/.m2/repository/org/mockito/mockito-junit-jupiter/3.11.2/mockito-junit-jupiter-3.11.2.jar:/home/alex/.m2/repository/org/slf4j/slf4j-simple/1.7.32/slf4j-simple-1.7.32.jar:/home/alex/.m2/repository/org/codehaus/groovy/groovy-test/2.5.14/groovy-test-2.5.14.jar:/home/alex/.m2/repository/org/codehaus/groovy/groovy/2.5.14/groovy-2.5.14.jar:"/>
    <property name="java.vm.vendor" value="Private Build"/>
    <property name="nondexPrintstack" value="false"/>
    <property name="sun.arch.data.model" value="64"/>
    <property name="java.vendor.url" value="http://java.oracle.com/"/>
    <property name="user.timezone" value=""/>
    <property name="java.vm.specification.version" value="1.8"/>
    <property name="os.name" value="Linux"/>
    <property name="user.country" value="US"/>
    <property name="sun.java.launcher" value="SUN_STANDARD"/>
    <property name="sun.boot.library.path" value="/usr/lib/jvm/java-8-openjdk-amd64/jre/lib/amd64"/>
    <property name="sun.java.command" value="/home/alex/Repositories/nifi/nifi-commons/nifi-security-utils/target/surefire/surefirebooter7479839884695289743.jar /home/alex/Repositories/nifi/nifi-commons/nifi-security-utils/target/surefire 2024-04-23T18-28-02_696-jvmRun1 surefire1250316220140015404tmp surefire_253210710469498413815tmp"/>
    <property name="nondexLogging" value="CONFIG"/>
    <property name="surefire.test.class.path" value="/home/alex/Repositories/nifi/nifi-commons/nifi-security-utils/target/test-classes:/home/alex/Repositories/nifi/nifi-commons/nifi-security-utils/target/classes:/home/alex/Repositories/nifi/nifi-api/target/classes:/home/alex/Repositories/nifi/nifi-commons/nifi-utils/target/classes:/home/alex/Repositories/nifi/nifi-commons/nifi-security-utils-api/target/classes:/home/alex/Repositories/nifi/nifi-commons/nifi-security-kms/target/classes:/home/alex/.m2/repository/org/apache/commons/commons-lang3/3.12.0/commons-lang3-3.12.0.jar:/home/alex/.m2/repository/commons-codec/commons-codec/1.14/commons-codec-1.14.jar:/home/alex/.m2/repository/org/bouncycastle/bcprov-jdk15on/1.69/bcprov-jdk15on-1.69.jar:/home/alex/.m2/repository/org/bouncycastle/bcpkix-jdk15on/1.69/bcpkix-jdk15on-1.69.jar:/home/alex/.m2/repository/org/bouncycastle/bcutil-jdk15on/1.69/bcutil-jdk15on-1.69.jar:/home/alex/Repositories/nifi/nifi-commons/nifi-properties/target/classes:/home/alex/Repositories/nifi/nifi-commons/nifi-property-utils/target/classes:/home/alex/.m2/repository/at/favre/lib/bcrypt/0.9.0/bcrypt-0.9.0.jar:/home/alex/.m2/repository/at/favre/lib/bytes/1.3.0/bytes-1.3.0.jar:/home/alex/.m2/repository/org/apache/commons/commons-configuration2/2.7/commons-configuration2-2.7.jar:/home/alex/.m2/repository/org/apache/commons/commons-text/1.8/commons-text-1.8.jar:/home/alex/.m2/repository/org/slf4j/jcl-over-slf4j/1.7.32/jcl-over-slf4j-1.7.32.jar:/home/alex/.m2/repository/org/slf4j/slf4j-api/1.7.32/slf4j-api-1.7.32.jar:/home/alex/.m2/repository/org/junit/jupiter/junit-jupiter-api/5.7.2/junit-jupiter-api-5.7.2.jar:/home/alex/.m2/repository/org/apiguardian/apiguardian-api/1.1.0/apiguardian-api-1.1.0.jar:/home/alex/.m2/repository/org/opentest4j/opentest4j/1.2.0/opentest4j-1.2.0.jar:/home/alex/.m2/repository/org/junit/platform/junit-platform-commons/1.7.2/junit-platform-commons-1.7.2.jar:/home/alex/.m2/repository/org/junit/jupiter/junit-jupiter-engine/5.7.2/junit-jupiter-engine-5.7.2.jar:/home/alex/.m2/repository/org/junit/platform/junit-platform-engine/1.7.2/junit-platform-engine-1.7.2.jar:/home/alex/.m2/repository/org/junit/vintage/junit-vintage-engine/5.7.2/junit-vintage-engine-5.7.2.jar:/home/alex/.m2/repository/junit/junit/4.13.2/junit-4.13.2.jar:/home/alex/.m2/repository/org/hamcrest/hamcrest-core/1.3/hamcrest-core-1.3.jar:/home/alex/.m2/repository/org/junit/jupiter/junit-jupiter-params/5.7.2/junit-jupiter-params-5.7.2.jar:/home/alex/.m2/repository/org/mockito/mockito-core/3.11.2/mockito-core-3.11.2.jar:/home/alex/.m2/repository/net/bytebuddy/byte-buddy/1.11.3/byte-buddy-1.11.3.jar:/home/alex/.m2/repository/net/bytebuddy/byte-buddy-agent/1.11.3/byte-buddy-agent-1.11.3.jar:/home/alex/.m2/repository/org/objenesis/objenesis/3.2/objenesis-3.2.jar:/home/alex/.m2/repository/org/mockito/mockito-junit-jupiter/3.11.2/mockito-junit-jupiter-3.11.2.jar:/home/alex/.m2/repository/org/slf4j/slf4j-simple/1.7.32/slf4j-simple-1.7.32.jar:/home/alex/.m2/repository/org/codehaus/groovy/groovy-test/2.5.14/groovy-test-2.5.14.jar:/home/alex/.m2/repository/org/codehaus/groovy/groovy/2.5.14/groovy-2.5.14.jar:"/>
    <property name="sun.cpu.endian" value="little"/>
    <property name="nondexExecid" value="0fV1I+UVovF9IFolCxJUUU3MYwEbwhra3CrBT5ZLSbQ="/>
    <property name="user.home" value="/home/alex"/>
    <property name="user.language" value="en"/>
    <property name="java.specification.vendor" value="Oracle Corporation"/>
    <property name="java.home" value="/usr/lib/jvm/java-8-openjdk-amd64/jre"/>
    <property name="file.separator" value="/"/>
    <property name="basedir" value="/home/alex/Repositories/nifi/nifi-commons/nifi-security-utils"/>
    <property name="line.separator" value="&#10;"/>
    <property name="nondexEnd" value="9223372036854775807"/>
    <property name="java.vm.specification.vendor" value="Oracle Corporation"/>
    <property name="java.specification.name" value="Java Platform API Specification"/>
    <property name="java.awt.graphicsenv" value="sun.awt.X11GraphicsEnvironment"/>
    <property name="java.awt.headless" value="true"/>
    <property name="nondexFilter" value=".*"/>
    <property name="nondexSeed" value="933178"/>
    <property name="surefire.real.class.path" value="/home/alex/Repositories/nifi/nifi-commons/nifi-security-utils/target/surefire/surefirebooter7479839884695289743.jar"/>
    <property name="sun.boot.class.path" value="/home/alex/Repositories/nifi/nifi-commons/nifi-security-utils/.nondex/nondex-instr.jar:/home/alex/.m2/repository/edu/illinois/nondex-common/2.1.7/nondex-common-2.1.7.jar:/home/alex/.m2/repository/edu/illinois/nondex-annotations/2.1.7/nondex-annotations-2.1.7.jar:/usr/lib/jvm/java-8-openjdk-amd64/jre/lib/resources.jar:/usr/lib/jvm/java-8-openjdk-amd64/jre/lib/rt.jar:/usr/lib/jvm/java-8-openjdk-amd64/jre/lib/sunrsasign.jar:/usr/lib/jvm/java-8-openjdk-amd64/jre/lib/jsse.jar:/usr/lib/jvm/java-8-openjdk-amd64/jre/lib/jce.jar:/usr/lib/jvm/java-8-openjdk-amd64/jre/lib/charsets.jar:/usr/lib/jvm/java-8-openjdk-amd64/jre/lib/jfr.jar:/usr/lib/jvm/java-8-openjdk-amd64/jre/classes"/>
    <property name="sun.management.compiler" value="HotSpot 64-Bit Tiered Compilers"/>
    <property name="java.runtime.version" value="1.8.0_402-8u402-ga-2ubuntu1~22.04-b06"/>
    <property name="java.net.preferIPv4Stack" value="true"/>
    <property name="user.name" value="alex"/>
    <property name="path.separator" value=":"/>
    <property name="os.version" value="6.5.0-28-generic"/>
    <property name="java.endorsed.dirs" value="/usr/lib/jvm/java-8-openjdk-amd64/jre/lib/endorsed"/>
    <property name="java.runtime.name" value="OpenJDK Runtime Environment"/>
    <property name="file.encoding" value="UTF-8"/>
    <property name="java.vm.name" value="OpenJDK 64-Bit Server VM"/>
    <property name="localRepository" value="/home/alex/.m2/repository"/>
    <property name="nondexDir" value="/home/alex/Repositories/nifi/nifi-commons/nifi-security-utils/.nondex"/>
    <property name="nondexJarDir" value="/home/alex/Repositories/nifi/nifi-commons/nifi-security-utils/.nondex"/>
    <property name="java.vendor.url.bug" value="http://bugreport.sun.com/bugreport/"/>
    <property name="java.io.tmpdir" value="/tmp"/>
    <property name="java.version" value="1.8.0_402"/>
    <property name="user.dir" value="/home/alex/Repositories/nifi/nifi-commons/nifi-security-utils"/>
    <property name="os.arch" value="amd64"/>
    <property name="nondexMode" value="FULL"/>
    <property name="java.vm.specification.name" value="Java Virtual Machine Specification"/>
    <property name="java.awt.printerjob" value="sun.print.PSPrinterJob"/>
    <property name="sun.os.patch.level" value="unknown"/>
    <property name="java.library.path" value="/usr/java/packages/lib/amd64:/usr/lib/x86_64-linux-gnu/jni:/lib/x86_64-linux-gnu:/usr/lib/x86_64-linux-gnu:/usr/lib/jni:/lib:/usr/lib"/>
    <property name="java.vendor" value="Private Build"/>
    <property name="java.vm.info" value="mixed mode"/>
    <property name="java.vm.version" value="25.402-b06"/>
    <property name="java.specification.maintenance.version" value="5"/>
    <property name="java.ext.dirs" value="/usr/lib/jvm/java-8-openjdk-amd64/jre/lib/ext:/usr/java/packages/lib/ext"/>
    <property name="sun.io.unicode.encoding" value="UnicodeLittle"/>
    <property name="java.class.version" value="52.0"/>
  </properties>
  <testcase name="testGetCipherForDecryptShouldRequireIV" classname="org.apache.nifi.security.util.crypto.AESKeyedCipherProviderGroovyTest" time="0.007">
    <system-err><![CDATA[[main] INFO org.apache.nifi.security.util.crypto.AESKeyedCipherProviderGroovyTest - Using algorithm: AES/CBC/NoPadding
[main] INFO org.apache.nifi.security.util.crypto.AESKeyedCipherProviderGroovyTest - IV: 422a8774997fc5bb21788dc40c7cef48
[main] INFO org.apache.nifi.security.util.crypto.AESKeyedCipherProviderGroovyTest - Cipher text: 3f00cae4f5a55d13e5e94425fa33b810d977bd93a2872bc1ed44204cd948a3a4 32
[main] WARN org.apache.nifi.security.util.crypto.AESKeyedCipherProvider - An IV was provided of length 0 bytes for decryption but should be 16 bytes
[main] INFO org.apache.nifi.security.util.crypto.AESKeyedCipherProviderGroovyTest - Using algorithm: AES/CBC/PKCS7Padding
[main] INFO org.apache.nifi.security.util.crypto.AESKeyedCipherProviderGroovyTest - IV: cd17008e5e050b5087f2fc7baee09839
[main] INFO org.apache.nifi.security.util.crypto.AESKeyedCipherProviderGroovyTest - Cipher text: 42fabf0238b56b0c52a9e0e03e044b6cc6bbda65a625d8acb37baebc9bcd6d4bb839e7016176f50a05b15f75dccd44ee 48
[main] WARN org.apache.nifi.security.util.crypto.AESKeyedCipherProvider - An IV was provided of length 0 bytes for decryption but should be 16 bytes
[main] INFO org.apache.nifi.security.util.crypto.AESKeyedCipherProviderGroovyTest - Using algorithm: AES/CTR/NoPadding
[main] INFO org.apache.nifi.security.util.crypto.AESKeyedCipherProviderGroovyTest - IV: 75874e1a512ad67463fdc1475327eab7
[main] INFO org.apache.nifi.security.util.crypto.AESKeyedCipherProviderGroovyTest - Cipher text: 56fb875ff16cc08678471d07f5f81e5b76a70e0d61683faeaf47ebbbbe627099 32
[main] WARN org.apache.nifi.security.util.crypto.AESKeyedCipherProvider - An IV was provided of length 0 bytes for decryption but should be 16 bytes
[main] INFO org.apache.nifi.security.util.crypto.AESKeyedCipherProviderGroovyTest - Using algorithm: AES/GCM/NoPadding
[main] INFO org.apache.nifi.security.util.crypto.AESKeyedCipherProviderGroovyTest - IV: 0da50e4620601be1848c9169d9b53dea
[main] INFO org.apache.nifi.security.util.crypto.AESKeyedCipherProviderGroovyTest - Cipher text: 8fd5f03881afc77cac1a9dee847d1c7ca61602be5b407944c5cd6f75384b6998fed2a8c25309582b1f82d65ab50a8f33 48
[main] WARN org.apache.nifi.security.util.crypto.AESKeyedCipherProvider - An IV was provided of length 0 bytes for decryption but should be 16 bytes
]]></system-err>
  </testcase>
  <testcase name="testGetCipherShouldSupportExternalCompatibility" classname="org.apache.nifi.security.util.crypto.AESKeyedCipherProviderGroovyTest" time="0.002">
    <system-err><![CDATA[[main] INFO org.apache.nifi.security.util.crypto.AESKeyedCipherProviderGroovyTest - Using algorithm: AES/CBC/PKCS7Padding
[main] INFO org.apache.nifi.security.util.crypto.AESKeyedCipherProviderGroovyTest - Cipher text: a2725ea55c7dd717664d044cab0f0b5f763653e322c27df21954f5be394efb1b 32
[main] INFO org.apache.nifi.security.util.crypto.AESKeyedCipherProviderGroovyTest - Recovered: This is a plaintext message.
]]></system-err>
  </testcase>
  <testcase name="testGetCipherWithUnlimitedStrengthShouldBeInternallyConsistent" classname="org.apache.nifi.security.util.crypto.AESKeyedCipherProviderGroovyTest" time="0.009">
    <system-err><![CDATA[[main] INFO org.apache.nifi.security.util.crypto.AESKeyedCipherProviderGroovyTest - IV: f5a62d7f942205a0041af23f9d26baeb
[main] INFO org.apache.nifi.security.util.crypto.AESKeyedCipherProviderGroovyTest - Using algorithm: AES/CBC/NoPadding with key length 192
[main] INFO org.apache.nifi.security.util.crypto.AESKeyedCipherProviderGroovyTest - Key: 94c5a10ba8bef1d83d8cfc91f28d1eca38fea48fb5f73b2b 24
[main] INFO org.apache.nifi.security.util.crypto.AESKeyedCipherProviderGroovyTest - Cipher text: 0dbac23502a07ae1edbee738309cd241462ef03cfbff41ec49b7d03ce1ea921d 32
[main] INFO org.apache.nifi.security.util.crypto.AESKeyedCipherProviderGroovyTest - Recovered: ExactBlockSizeRequiredForProcess
[main] INFO org.apache.nifi.security.util.crypto.AESKeyedCipherProviderGroovyTest - Using algorithm: AES/CBC/NoPadding with key length 256
[main] INFO org.apache.nifi.security.util.crypto.AESKeyedCipherProviderGroovyTest - Key: 56228af1e764ea3f31f00b9332eae525b70aa1874cff780c4e6243656aea08f4 32
[main] INFO org.apache.nifi.security.util.crypto.AESKeyedCipherProviderGroovyTest - Cipher text: 671dd8d7e121a933c75f986b48ab15ad6ff0435ef382e771c30ff45c335b98d8 32
[main] INFO org.apache.nifi.security.util.crypto.AESKeyedCipherProviderGroovyTest - Recovered: ExactBlockSizeRequiredForProcess
[main] INFO org.apache.nifi.security.util.crypto.AESKeyedCipherProviderGroovyTest - IV: 85358a3df79da0b2be5e5fbf7a0f8fb6
[main] INFO org.apache.nifi.security.util.crypto.AESKeyedCipherProviderGroovyTest - Using algorithm: AES/CBC/PKCS7Padding with key length 192
[main] INFO org.apache.nifi.security.util.crypto.AESKeyedCipherProviderGroovyTest - Key: 3edbb4f72456763dcdba827df55578d9f7e07f286afd3454 24
[main] INFO org.apache.nifi.security.util.crypto.AESKeyedCipherProviderGroovyTest - Cipher text: 7dc39519bf2e17eb8be45de71ca4f9b98a5940a3f9e6c433c83cfd8a638a697e666279bfbc901fbc2543d8e2079897ae 48
[main] INFO org.apache.nifi.security.util.crypto.AESKeyedCipherProviderGroovyTest - Recovered: ExactBlockSizeRequiredForProcess
[main] INFO org.apache.nifi.security.util.crypto.AESKeyedCipherProviderGroovyTest - Using algorithm: AES/CBC/PKCS7Padding with key length 256
[main] INFO org.apache.nifi.security.util.crypto.AESKeyedCipherProviderGroovyTest - Key: ffc1f6b856021bff7ccf435d237e3eeb2dca98a78bff19761e7265890aa248af 32
[main] INFO org.apache.nifi.security.util.crypto.AESKeyedCipherProviderGroovyTest - Cipher text: 8eae5e37ebb41fed6b1c8301f45be419b9096de3b238141d862a26c03e62988381ff244131adde784dc68713e285308c 48
[main] INFO org.apache.nifi.security.util.crypto.AESKeyedCipherProviderGroovyTest - Recovered: ExactBlockSizeRequiredForProcess
[main] INFO org.apache.nifi.security.util.crypto.AESKeyedCipherProviderGroovyTest - IV: 7152d1da889c22571315b8aefb74eda3
[main] INFO org.apache.nifi.security.util.crypto.AESKeyedCipherProviderGroovyTest - Using algorithm: AES/CTR/NoPadding with key length 192
[main] INFO org.apache.nifi.security.util.crypto.AESKeyedCipherProviderGroovyTest - Key: a1750975e6f59485d501300877528a5276e352bd74c2b8d9 24
[main] INFO org.apache.nifi.security.util.crypto.AESKeyedCipherProviderGroovyTest - Cipher text: c8709868841023c73da2ac95dc0486d5dfa36050754974d7af69e06ab03c9f04 32
[main] INFO org.apache.nifi.security.util.crypto.AESKeyedCipherProviderGroovyTest - Recovered: ExactBlockSizeRequiredForProcess
[main] INFO org.apache.nifi.security.util.crypto.AESKeyedCipherProviderGroovyTest - Using algorithm: AES/CTR/NoPadding with key length 256
[main] INFO org.apache.nifi.security.util.crypto.AESKeyedCipherProviderGroovyTest - Key: 89220e8ba42d6c11afbf48188b0ab22e0f4b708f5035883a3597ee75e40f0ecc 32
[main] INFO org.apache.nifi.security.util.crypto.AESKeyedCipherProviderGroovyTest - Cipher text: 29250ad225196b2be48adeddd3f7c54cda8743025963f707a0ff0df43eb7a242 32
[main] INFO org.apache.nifi.security.util.crypto.AESKeyedCipherProviderGroovyTest - Recovered: ExactBlockSizeRequiredForProcess
[main] INFO org.apache.nifi.security.util.crypto.AESKeyedCipherProviderGroovyTest - IV: 263d1fdb1b845ec693ad03b1f013bc68
[main] INFO org.apache.nifi.security.util.crypto.AESKeyedCipherProviderGroovyTest - Using algorithm: AES/GCM/NoPadding with key length 192
[main] INFO org.apache.nifi.security.util.crypto.AESKeyedCipherProviderGroovyTest - Key: 195db13cb268b344b5eefce227a343873da87ef209062c15 24
[main] INFO org.apache.nifi.security.util.crypto.AESKeyedCipherProviderGroovyTest - Cipher text: 5f6124c94f27f9c5bf79bfe086797ae5e2ad5e855bc28b2f2c15e65d9b8161c22fa4fbdcd29b0b97885f05f6301bf44f 48
[main] INFO org.apache.nifi.security.util.crypto.AESKeyedCipherProviderGroovyTest - Recovered: ExactBlockSizeRequiredForProcess
[main] INFO org.apache.nifi.security.util.crypto.AESKeyedCipherProviderGroovyTest - Using algorithm: AES/GCM/NoPadding with key length 256
[main] INFO org.apache.nifi.security.util.crypto.AESKeyedCipherProviderGroovyTest - Key: ece5381ee57d3183cc3f7c8ffb771f41d8828f54f35474eb0518019660f70f3b 32
[main] INFO org.apache.nifi.security.util.crypto.AESKeyedCipherProviderGroovyTest - Cipher text: 6aee94636e6a885eb7f37683d65180561e904870c574da697c69be2a3ae0dd7db941c52de2d636daaaaf4ee3e20ca723 48
[main] INFO org.apache.nifi.security.util.crypto.AESKeyedCipherProviderGroovyTest - Recovered: ExactBlockSizeRequiredForProcess
]]></system-err>
  </testcase>
  <testcase name="testGetCipherShouldBeInternallyConsistent" classname="org.apache.nifi.security.util.crypto.AESKeyedCipherProviderGroovyTest" time="0.002">
    <system-err><![CDATA[[main] INFO org.apache.nifi.security.util.crypto.AESKeyedCipherProviderGroovyTest - Using algorithm: AES/CBC/NoPadding
[main] WARN org.apache.nifi.security.util.crypto.AESKeyedCipherProvider - An IV was provided of length 0 bytes for encryption but should be 16 bytes
[main] WARN org.apache.nifi.security.util.crypto.AESKeyedCipherProvider - Generating new IV. The value can be obtained in the calling code by invoking 'cipher.getIV()';
[main] INFO org.apache.nifi.security.util.crypto.AESKeyedCipherProviderGroovyTest - IV: 1699cdea12dab3dfa5ad0584d550c2f4
[main] INFO org.apache.nifi.security.util.crypto.AESKeyedCipherProviderGroovyTest - Cipher text: 2797da94e83cfe948784a015d88d84359333fdb88cefa4a0702bcc9fd85d8de5 32
[main] INFO org.apache.nifi.security.util.crypto.AESKeyedCipherProviderGroovyTest - Recovered: ExactBlockSizeRequiredForProcess
[main] INFO org.apache.nifi.security.util.crypto.AESKeyedCipherProviderGroovyTest - Using algorithm: AES/CBC/PKCS7Padding
[main] WARN org.apache.nifi.security.util.crypto.AESKeyedCipherProvider - An IV was provided of length 0 bytes for encryption but should be 16 bytes
[main] WARN org.apache.nifi.security.util.crypto.AESKeyedCipherProvider - Generating new IV. The value can be obtained in the calling code by invoking 'cipher.getIV()';
[main] INFO org.apache.nifi.security.util.crypto.AESKeyedCipherProviderGroovyTest - IV: 0fe701d663828a28649fba68902aac64
[main] INFO org.apache.nifi.security.util.crypto.AESKeyedCipherProviderGroovyTest - Cipher text: b5cda7ac5978c2c301238a62966260fab324c691efcabb515059924d6dbe8008c4a55cc2d74c1a4fdc998a909f251f27 48
[main] INFO org.apache.nifi.security.util.crypto.AESKeyedCipherProviderGroovyTest - Recovered: ExactBlockSizeRequiredForProcess
[main] INFO org.apache.nifi.security.util.crypto.AESKeyedCipherProviderGroovyTest - Using algorithm: AES/CTR/NoPadding
[main] WARN org.apache.nifi.security.util.crypto.AESKeyedCipherProvider - An IV was provided of length 0 bytes for encryption but should be 16 bytes
[main] WARN org.apache.nifi.security.util.crypto.AESKeyedCipherProvider - Generating new IV. The value can be obtained in the calling code by invoking 'cipher.getIV()';
[main] INFO org.apache.nifi.security.util.crypto.AESKeyedCipherProviderGroovyTest - IV: d23cf421071a9e8c250f1a3f552075eb
[main] INFO org.apache.nifi.security.util.crypto.AESKeyedCipherProviderGroovyTest - Cipher text: 0faf934b79620d086a0caf1a294a90003308c3f669027c8cb078f1700ea15ee1 32
[main] INFO org.apache.nifi.security.util.crypto.AESKeyedCipherProviderGroovyTest - Recovered: ExactBlockSizeRequiredForProcess
[main] INFO org.apache.nifi.security.util.crypto.AESKeyedCipherProviderGroovyTest - Using algorithm: AES/GCM/NoPadding
[main] WARN org.apache.nifi.security.util.crypto.AESKeyedCipherProvider - An IV was provided of length 0 bytes for encryption but should be 16 bytes
[main] WARN org.apache.nifi.security.util.crypto.AESKeyedCipherProvider - Generating new IV. The value can be obtained in the calling code by invoking 'cipher.getIV()';
[main] INFO org.apache.nifi.security.util.crypto.AESKeyedCipherProviderGroovyTest - IV: 9afa74740222b67fd699ffc8aae2b449
[main] INFO org.apache.nifi.security.util.crypto.AESKeyedCipherProviderGroovyTest - Cipher text: 272bd55b802e03020db42b44a3537dad58d2d37f96f185be0a401256e8956d28a28c337a147e062eb69a2de897c5f22f 48
[main] INFO org.apache.nifi.security.util.crypto.AESKeyedCipherProviderGroovyTest - Recovered: ExactBlockSizeRequiredForProcess
]]></system-err>
  </testcase>
  <testcase name="testShouldRejectIncorrectLengthKey" classname="org.apache.nifi.security.util.crypto.AESKeyedCipherProviderGroovyTest" time="0.003"/>
  <testcase name="testShouldRejectEmptyKey" classname="org.apache.nifi.security.util.crypto.AESKeyedCipherProviderGroovyTest" time="0.002"/>
  <testcase name="testGetCipherShouldRejectEmptyIV" classname="org.apache.nifi.security.util.crypto.AESKeyedCipherProviderGroovyTest" time="0.003">
    <system-err><![CDATA[[main] INFO org.apache.nifi.security.util.crypto.AESKeyedCipherProviderGroovyTest - IV: 00000000000000000000000000000000 16
[main] WARN org.apache.nifi.security.util.crypto.AESKeyedCipherProvider - An empty IV was provided of length 16 for encryption
[main] WARN org.apache.nifi.security.util.crypto.AESKeyedCipherProvider - Generating new IV. The value can be obtained in the calling code by invoking 'cipher.getIV()';
[main] INFO org.apache.nifi.security.util.crypto.AESKeyedCipherProviderGroovyTest - IV after encrypt: 7f5cba803cf18ada9e3c70f5cbf89b58
[main] WARN org.apache.nifi.security.util.crypto.AESKeyedCipherProvider - An empty IV was provided of length 16 for decryption
[main] INFO org.apache.nifi.security.util.crypto.AESKeyedCipherProviderGroovyTest - [EXPECTED] java.lang.IllegalArgumentException: Cannot decrypt without a valid IV
]]></system-err>
  </testcase>
  <testcase name="testGetCipherShouldRejectInvalidIVLengths" classname="org.apache.nifi.security.util.crypto.AESKeyedCipherProviderGroovyTest" time="0.008">
    <system-err><![CDATA[[main] INFO org.apache.nifi.security.util.crypto.AESKeyedCipherProviderGroovyTest - IV:  0
[main] WARN org.apache.nifi.security.util.crypto.AESKeyedCipherProvider - An IV was provided of length 0 bytes for encryption but should be 16 bytes
[main] WARN org.apache.nifi.security.util.crypto.AESKeyedCipherProvider - Generating new IV. The value can be obtained in the calling code by invoking 'cipher.getIV()';
[main] WARN org.apache.nifi.security.util.crypto.AESKeyedCipherProvider - An IV was provided of length 0 bytes for decryption but should be 16 bytes
[main] INFO org.apache.nifi.security.util.crypto.AESKeyedCipherProviderGroovyTest - [EXPECTED] java.lang.IllegalArgumentException: Cannot decrypt without a valid IV
[main] INFO org.apache.nifi.security.util.crypto.AESKeyedCipherProviderGroovyTest - IV: 00 1
[main] WARN org.apache.nifi.security.util.crypto.AESKeyedCipherProvider - An IV was provided of length 1 bytes for encryption but should be 16 bytes
[main] WARN org.apache.nifi.security.util.crypto.AESKeyedCipherProvider - Generating new IV. The value can be obtained in the calling code by invoking 'cipher.getIV()';
[main] WARN org.apache.nifi.security.util.crypto.AESKeyedCipherProvider - An IV was provided of length 1 bytes for decryption but should be 16 bytes
[main] INFO org.apache.nifi.security.util.crypto.AESKeyedCipherProviderGroovyTest - [EXPECTED] java.lang.IllegalArgumentException: Cannot decrypt without a valid IV
[main] INFO org.apache.nifi.security.util.crypto.AESKeyedCipherProviderGroovyTest - IV: 0000 2
[main] WARN org.apache.nifi.security.util.crypto.AESKeyedCipherProvider - An IV was provided of length 2 bytes for encryption but should be 16 bytes
[main] WARN org.apache.nifi.security.util.crypto.AESKeyedCipherProvider - Generating new IV. The value can be obtained in the calling code by invoking 'cipher.getIV()';
[main] WARN org.apache.nifi.security.util.crypto.AESKeyedCipherProvider - An IV was provided of length 2 bytes for decryption but should be 16 bytes
[main] INFO org.apache.nifi.security.util.crypto.AESKeyedCipherProviderGroovyTest - [EXPECTED] java.lang.IllegalArgumentException: Cannot decrypt without a valid IV
[main] INFO org.apache.nifi.security.util.crypto.AESKeyedCipherProviderGroovyTest - IV: 000000 3
[main] WARN org.apache.nifi.security.util.crypto.AESKeyedCipherProvider - An IV was provided of length 3 bytes for encryption but should be 16 bytes
[main] WARN org.apache.nifi.security.util.crypto.AESKeyedCipherProvider - Generating new IV. The value can be obtained in the calling code by invoking 'cipher.getIV()';
[main] WARN org.apache.nifi.security.util.crypto.AESKeyedCipherProvider - An IV was provided of length 3 bytes for decryption but should be 16 bytes
[main] INFO org.apache.nifi.security.util.crypto.AESKeyedCipherProviderGroovyTest - [EXPECTED] java.lang.IllegalArgumentException: Cannot decrypt without a valid IV
[main] INFO org.apache.nifi.security.util.crypto.AESKeyedCipherProviderGroovyTest - IV: 00000000 4
[main] WARN org.apache.nifi.security.util.crypto.AESKeyedCipherProvider - An IV was provided of length 4 bytes for encryption but should be 16 bytes
[main] WARN org.apache.nifi.security.util.crypto.AESKeyedCipherProvider - Generating new IV. The value can be obtained in the calling code by invoking 'cipher.getIV()';
[main] WARN org.apache.nifi.security.util.crypto.AESKeyedCipherProvider - An IV was provided of length 4 bytes for decryption but should be 16 bytes
[main] INFO org.apache.nifi.security.util.crypto.AESKeyedCipherProviderGroovyTest - [EXPECTED] java.lang.IllegalArgumentException: Cannot decrypt without a valid IV
[main] INFO org.apache.nifi.security.util.crypto.AESKeyedCipherProviderGroovyTest - IV: 0000000000 5
[main] WARN org.apache.nifi.security.util.crypto.AESKeyedCipherProvider - An IV was provided of length 5 bytes for encryption but should be 16 bytes
[main] WARN org.apache.nifi.security.util.crypto.AESKeyedCipherProvider - Generating new IV. The value can be obtained in the calling code by invoking 'cipher.getIV()';
[main] WARN org.apache.nifi.security.util.crypto.AESKeyedCipherProvider - An IV was provided of length 5 bytes for decryption but should be 16 bytes
[main] INFO org.apache.nifi.security.util.crypto.AESKeyedCipherProviderGroovyTest - [EXPECTED] java.lang.IllegalArgumentException: Cannot decrypt without a valid IV
[main] INFO org.apache.nifi.security.util.crypto.AESKeyedCipherProviderGroovyTest - IV: 000000000000 6
[main] WARN org.apache.nifi.security.util.crypto.AESKeyedCipherProvider - An IV was provided of length 6 bytes for encryption but should be 16 bytes
[main] WARN org.apache.nifi.security.util.crypto.AESKeyedCipherProvider - Generating new IV. The value can be obtained in the calling code by invoking 'cipher.getIV()';
[main] WARN org.apache.nifi.security.util.crypto.AESKeyedCipherProvider - An IV was provided of length 6 bytes for decryption but should be 16 bytes
[main] INFO org.apache.nifi.security.util.crypto.AESKeyedCipherProviderGroovyTest - [EXPECTED] java.lang.IllegalArgumentException: Cannot decrypt without a valid IV
[main] INFO org.apache.nifi.security.util.crypto.AESKeyedCipherProviderGroovyTest - IV: 00000000000000 7
[main] WARN org.apache.nifi.security.util.crypto.AESKeyedCipherProvider - An IV was provided of length 7 bytes for encryption but should be 16 bytes
[main] WARN org.apache.nifi.security.util.crypto.AESKeyedCipherProvider - Generating new IV. The value can be obtained in the calling code by invoking 'cipher.getIV()';
[main] WARN org.apache.nifi.security.util.crypto.AESKeyedCipherProvider - An IV was provided of length 7 bytes for decryption but should be 16 bytes
[main] INFO org.apache.nifi.security.util.crypto.AESKeyedCipherProviderGroovyTest - [EXPECTED] java.lang.IllegalArgumentException: Cannot decrypt without a valid IV
[main] INFO org.apache.nifi.security.util.crypto.AESKeyedCipherProviderGroovyTest - IV: 0000000000000000 8
[main] WARN org.apache.nifi.security.util.crypto.AESKeyedCipherProvider - An IV was provided of length 8 bytes for encryption but should be 16 bytes
[main] WARN org.apache.nifi.security.util.crypto.AESKeyedCipherProvider - Generating new IV. The value can be obtained in the calling code by invoking 'cipher.getIV()';
[main] WARN org.apache.nifi.security.util.crypto.AESKeyedCipherProvider - An IV was provided of length 8 bytes for decryption but should be 16 bytes
[main] INFO org.apache.nifi.security.util.crypto.AESKeyedCipherProviderGroovyTest - [EXPECTED] java.lang.IllegalArgumentException: Cannot decrypt without a valid IV
[main] INFO org.apache.nifi.security.util.crypto.AESKeyedCipherProviderGroovyTest - IV: 000000000000000000 9
[main] WARN org.apache.nifi.security.util.crypto.AESKeyedCipherProvider - An IV was provided of length 9 bytes for encryption but should be 16 bytes
[main] WARN org.apache.nifi.security.util.crypto.AESKeyedCipherProvider - Generating new IV. The value can be obtained in the calling code by invoking 'cipher.getIV()';
[main] WARN org.apache.nifi.security.util.crypto.AESKeyedCipherProvider - An IV was provided of length 9 bytes for decryption but should be 16 bytes
[main] INFO org.apache.nifi.security.util.crypto.AESKeyedCipherProviderGroovyTest - [EXPECTED] java.lang.IllegalArgumentException: Cannot decrypt without a valid IV
[main] INFO org.apache.nifi.security.util.crypto.AESKeyedCipherProviderGroovyTest - IV: 00000000000000000000 10
[main] WARN org.apache.nifi.security.util.crypto.AESKeyedCipherProvider - An IV was provided of length 10 bytes for encryption but should be 16 bytes
[main] WARN org.apache.nifi.security.util.crypto.AESKeyedCipherProvider - Generating new IV. The value can be obtained in the calling code by invoking 'cipher.getIV()';
[main] WARN org.apache.nifi.security.util.crypto.AESKeyedCipherProvider - An IV was provided of length 10 bytes for decryption but should be 16 bytes
[main] INFO org.apache.nifi.security.util.crypto.AESKeyedCipherProviderGroovyTest - [EXPECTED] java.lang.IllegalArgumentException: Cannot decrypt without a valid IV
[main] INFO org.apache.nifi.security.util.crypto.AESKeyedCipherProviderGroovyTest - IV: 0000000000000000000000 11
[main] WARN org.apache.nifi.security.util.crypto.AESKeyedCipherProvider - An IV was provided of length 11 bytes for encryption but should be 16 bytes
[main] WARN org.apache.nifi.security.util.crypto.AESKeyedCipherProvider - Generating new IV. The value can be obtained in the calling code by invoking 'cipher.getIV()';
[main] WARN org.apache.nifi.security.util.crypto.AESKeyedCipherProvider - An IV was provided of length 11 bytes for decryption but should be 16 bytes
[main] INFO org.apache.nifi.security.util.crypto.AESKeyedCipherProviderGroovyTest - [EXPECTED] java.lang.IllegalArgumentException: Cannot decrypt without a valid IV
[main] INFO org.apache.nifi.security.util.crypto.AESKeyedCipherProviderGroovyTest - IV: 000000000000000000000000 12
[main] WARN org.apache.nifi.security.util.crypto.AESKeyedCipherProvider - An IV was provided of length 12 bytes for encryption but should be 16 bytes
[main] WARN org.apache.nifi.security.util.crypto.AESKeyedCipherProvider - Generating new IV. The value can be obtained in the calling code by invoking 'cipher.getIV()';
[main] WARN org.apache.nifi.security.util.crypto.AESKeyedCipherProvider - An IV was provided of length 12 bytes for decryption but should be 16 bytes
[main] INFO org.apache.nifi.security.util.crypto.AESKeyedCipherProviderGroovyTest - [EXPECTED] java.lang.IllegalArgumentException: Cannot decrypt without a valid IV
[main] INFO org.apache.nifi.security.util.crypto.AESKeyedCipherProviderGroovyTest - IV: 00000000000000000000000000 13
[main] WARN org.apache.nifi.security.util.crypto.AESKeyedCipherProvider - An IV was provided of length 13 bytes for encryption but should be 16 bytes
[main] WARN org.apache.nifi.security.util.crypto.AESKeyedCipherProvider - Generating new IV. The value can be obtained in the calling code by invoking 'cipher.getIV()';
[main] WARN org.apache.nifi.security.util.crypto.AESKeyedCipherProvider - An IV was provided of length 13 bytes for decryption but should be 16 bytes
[main] INFO org.apache.nifi.security.util.crypto.AESKeyedCipherProviderGroovyTest - [EXPECTED] java.lang.IllegalArgumentException: Cannot decrypt without a valid IV
[main] INFO org.apache.nifi.security.util.crypto.AESKeyedCipherProviderGroovyTest - IV: 0000000000000000000000000000 14
[main] WARN org.apache.nifi.security.util.crypto.AESKeyedCipherProvider - An IV was provided of length 14 bytes for encryption but should be 16 bytes
[main] WARN org.apache.nifi.security.util.crypto.AESKeyedCipherProvider - Generating new IV. The value can be obtained in the calling code by invoking 'cipher.getIV()';
[main] WARN org.apache.nifi.security.util.crypto.AESKeyedCipherProvider - An IV was provided of length 14 bytes for decryption but should be 16 bytes
[main] INFO org.apache.nifi.security.util.crypto.AESKeyedCipherProviderGroovyTest - [EXPECTED] java.lang.IllegalArgumentException: Cannot decrypt without a valid IV
[main] INFO org.apache.nifi.security.util.crypto.AESKeyedCipherProviderGroovyTest - IV: 000000000000000000000000000000 15
[main] WARN org.apache.nifi.security.util.crypto.AESKeyedCipherProvider - An IV was provided of length 15 bytes for encryption but should be 16 bytes
[main] WARN org.apache.nifi.security.util.crypto.AESKeyedCipherProvider - Generating new IV. The value can be obtained in the calling code by invoking 'cipher.getIV()';
[main] WARN org.apache.nifi.security.util.crypto.AESKeyedCipherProvider - An IV was provided of length 15 bytes for decryption but should be 16 bytes
[main] INFO org.apache.nifi.security.util.crypto.AESKeyedCipherProviderGroovyTest - [EXPECTED] java.lang.IllegalArgumentException: Cannot decrypt without a valid IV
]]></system-err>
  </testcase>
  <testcase name="testShouldRejectUnsupportedEncryptionMethod" classname="org.apache.nifi.security.util.crypto.AESKeyedCipherProviderGroovyTest" time="0.002"/>
  <testcase name="testGetCipherWithExternalIVShouldBeInternallyConsistent" classname="org.apache.nifi.security.util.crypto.AESKeyedCipherProviderGroovyTest" time="0.003">
    <system-err><![CDATA[[main] INFO org.apache.nifi.security.util.crypto.AESKeyedCipherProviderGroovyTest - Using algorithm: AES/CBC/NoPadding
[main] INFO org.apache.nifi.security.util.crypto.AESKeyedCipherProviderGroovyTest - IV: a976ff4321ffb711582cb854f90a5ced
[main] INFO org.apache.nifi.security.util.crypto.AESKeyedCipherProviderGroovyTest - Cipher text: eb5b2abbb5c54c7c27bb05ef4dd9908ae773af9bf34339cdef48e4bc6fa2cc7b 32
[main] INFO org.apache.nifi.security.util.crypto.AESKeyedCipherProviderGroovyTest - Recovered: ExactBlockSizeRequiredForProcess
[main] INFO org.apache.nifi.security.util.crypto.AESKeyedCipherProviderGroovyTest - Using algorithm: AES/CBC/PKCS7Padding
[main] INFO org.apache.nifi.security.util.crypto.AESKeyedCipherProviderGroovyTest - IV: 84366a5ea0d56fdaa1a32e57d150c0fb
[main] INFO org.apache.nifi.security.util.crypto.AESKeyedCipherProviderGroovyTest - Cipher text: a0431f2fc09f981265782e3f1d7bc405a1115bdbf2926a04e9072f3aeb9e93f18c9144573cb994d413229ac4d2411443 48
[main] INFO org.apache.nifi.security.util.crypto.AESKeyedCipherProviderGroovyTest - Recovered: ExactBlockSizeRequiredForProcess
[main] INFO org.apache.nifi.security.util.crypto.AESKeyedCipherProviderGroovyTest - Using algorithm: AES/CTR/NoPadding
[main] INFO org.apache.nifi.security.util.crypto.AESKeyedCipherProviderGroovyTest - IV: 8ad8433d86ca9126ebabdbea3360bd6f
[main] INFO org.apache.nifi.security.util.crypto.AESKeyedCipherProviderGroovyTest - Cipher text: 63bdbbedf05f27b99f631ac9efd163622651ed7270129d9f1d9a32d72d724566 32
[main] INFO org.apache.nifi.security.util.crypto.AESKeyedCipherProviderGroovyTest - Recovered: ExactBlockSizeRequiredForProcess
[main] INFO org.apache.nifi.security.util.crypto.AESKeyedCipherProviderGroovyTest - Using algorithm: AES/GCM/NoPadding
[main] INFO org.apache.nifi.security.util.crypto.AESKeyedCipherProviderGroovyTest - IV: 9e1fc00ab731f683aeb76c5784d98bfb
[main] INFO org.apache.nifi.security.util.crypto.AESKeyedCipherProviderGroovyTest - Cipher text: a17462583fb76c1a7247eebbfe0eb7e751a94e1ae6fcea8fea2aff90e85dcbe673d8f721eb270ba97c08dba6f8769a85 48
[main] INFO org.apache.nifi.security.util.crypto.AESKeyedCipherProviderGroovyTest - Recovered: ExactBlockSizeRequiredForProcess
]]></system-err>
  </testcase>
  <testcase name="testShouldRejectEmptyEncryptionMethod" classname="org.apache.nifi.security.util.crypto.AESKeyedCipherProviderGroovyTest" time="0.002"/>
</testsuite>