<?xml version="1.0" encoding="UTF-8"?>
<testsuite xmlns:xsi="http://www.w3.org/2001/XMLSchema-instance" xsi:noNamespaceSchemaLocation="https://maven.apache.org/surefire/maven-surefire-plugin/xsd/surefire-test-report-3.0.xsd" version="3.0" name="org.apache.nifi.processors.standard.TestTailFile" time="18.382" tests="32" errors="0" skipped="0" failures="0">
  <properties>
    <property name="sun.desktop" value="gnome"/>
    <property name="awt.toolkit" value="sun.awt.X11.XToolkit"/>
    <property name="file.encoding.pkg" value="sun.io"/>
    <property name="java.specification.version" value="1.8"/>
    <property name="sun.cpu.isalist" value=""/>
    <property name="sun.jnu.encoding" value="UTF-8"/>
    <property name="java.class.path" value="/home/alex/Repositories/nifi/nifi-nar-bundles/nifi-standard-bundle/nifi-standard-processors/target/test-classes:/home/alex/Repositories/nifi/nifi-nar-bundles/nifi-standard-bundle/nifi-standard-processors/target/classes:/home/alex/.m2/repository/org/apache/ftpserver/ftpserver-core/1.1.1/ftpserver-core-1.1.1.jar:/home/alex/.m2/repository/org/apache/ftpserver/ftplet-api/1.1.1/ftplet-api-1.1.1.jar:/home/alex/.m2/repository/org/slf4j/slf4j-api/1.7.32/slf4j-api-1.7.32.jar:/home/alex/.m2/repository/org/apache/mina/mina-core/2.0.16/mina-core-2.0.16.jar:/home/alex/Repositories/nifi/nifi-api/target/classes:/home/alex/Repositories/nifi/nifi-commons/nifi-expression-language/target/classes:/home/alex/.m2/repository/org/antlr/antlr-runtime/3.5.2/antlr-runtime-3.5.2.jar:/home/alex/Repositories/nifi/nifi-commons/nifi-parameter/target/classes:/home/alex/Repositories/nifi/nifi-commons/nifi-uuid5/target/classes:/home/alex/.m2/repository/org/apache/commons/commons-text/1.8/commons-text-1.8.jar:/home/alex/Repositories/nifi/nifi-nar-bundles/nifi-extension-utils/nifi-processor-utils/target/classes:/home/alex/Repositories/nifi/nifi-commons/nifi-security-socket-ssl/target/classes:/home/alex/Repositories/nifi/nifi-nar-bundles/nifi-extension-utils/nifi-event-transport/target/classes:/home/alex/.m2/repository/io/netty/netty-handler/4.1.69.Final/netty-handler-4.1.69.Final.jar:/home/alex/.m2/repository/io/netty/netty-common/4.1.69.Final/netty-common-4.1.69.Final.jar:/home/alex/.m2/repository/io/netty/netty-resolver/4.1.69.Final/netty-resolver-4.1.69.Final.jar:/home/alex/.m2/repository/io/netty/netty-transport/4.1.69.Final/netty-transport-4.1.69.Final.jar:/home/alex/.m2/repository/io/netty/netty-codec/4.1.69.Final/netty-codec-4.1.69.Final.jar:/home/alex/Repositories/nifi/nifi-nar-bundles/nifi-extension-utils/nifi-syslog-utils/target/classes:/home/alex/.m2/repository/com/github/palindromicity/simple-syslog-5424/0.0.16/simple-syslog-5424-0.0.16.jar:/home/alex/.m2/repository/org/antlr/antlr4-runtime/4.7.2/antlr4-runtime-4.7.2.jar:/home/alex/Repositories/nifi/nifi-commons/nifi-utils/target/classes:/home/alex/Repositories/nifi/nifi-commons/nifi-record-path/target/classes:/home/alex/Repositories/nifi/nifi-commons/nifi-properties/target/classes:/home/alex/Repositories/nifi/nifi-commons/nifi-property-utils/target/classes:/home/alex/.m2/repository/com/github/ben-manes/caffeine/caffeine/2.8.1/caffeine-2.8.1.jar:/home/alex/Repositories/nifi/nifi-nar-bundles/nifi-standard-services/nifi-ssl-context-service-api/target/classes:/home/alex/Repositories/nifi/nifi-commons/nifi-security-utils-api/target/classes:/home/alex/Repositories/nifi/nifi-nar-bundles/nifi-standard-services/nifi-lookup-service-api/target/classes:/home/alex/Repositories/nifi/nifi-commons/nifi-flowfile-packager/target/classes:/home/alex/Repositories/nifi/nifi-nar-bundles/nifi-standard-services/nifi-distributed-cache-client-service-api/target/classes:/home/alex/Repositories/nifi/nifi-nar-bundles/nifi-standard-services/nifi-http-context-map-api/target/classes:/home/alex/Repositories/nifi/nifi-nar-bundles/nifi-standard-services/nifi-record-serialization-service-api/target/classes:/home/alex/Repositories/nifi/nifi-nar-bundles/nifi-standard-services/nifi-proxy-configuration-api/target/classes:/home/alex/Repositories/nifi/nifi-commons/nifi-record/target/classes:/home/alex/Repositories/nifi/nifi-nar-bundles/nifi-standard-services/nifi-record-sink-api/target/classes:/home/alex/.m2/repository/commons-io/commons-io/2.10.0/commons-io-2.10.0.jar:/home/alex/.m2/repository/javax/ws/rs/javax.ws.rs-api/2.1/javax.ws.rs-api-2.1.jar:/home/alex/.m2/repository/commons-net/commons-net/3.6/commons-net-3.6.jar:/home/alex/.m2/repository/org/apache/commons/commons-compress/1.21/commons-compress-1.21.jar:/home/alex/.m2/repository/org/apache/commons/commons-lang3/3.9/commons-lang3-3.9.jar:/home/alex/.m2/repository/org/bouncycastle/bcprov-jdk15on/1.69/bcprov-jdk15on-1.69.jar:/home/alex/.m2/repository/org/bouncycastle/bcpg-jdk15on/1.69/bcpg-jdk15on-1.69.jar:/home/alex/.m2/repository/org/bouncycastle/bcpkix-jdk15on/1.69/bcpkix-jdk15on-1.69.jar:/home/alex/.m2/repository/org/bouncycastle/bcutil-jdk15on/1.69/bcutil-jdk15on-1.69.jar:/home/alex/.m2/repository/commons-codec/commons-codec/1.14/commons-codec-1.14.jar:/home/alex/Repositories/nifi/nifi-commons/nifi-security-utils/target/classes:/home/alex/Repositories/nifi/nifi-commons/nifi-security-kms/target/classes:/home/alex/.m2/repository/org/apache/commons/commons-configuration2/2.7/commons-configuration2-2.7.jar:/home/alex/.m2/repository/com/hierynomus/sshj/0.32.0/sshj-0.32.0.jar:/home/alex/.m2/repository/com/jcraft/jzlib/1.1.3/jzlib-1.1.3.jar:/home/alex/.m2/repository/com/hierynomus/asn-one/0.6.0/asn-one-0.6.0.jar:/home/alex/.m2/repository/net/i2p/crypto/eddsa/0.3.0/eddsa-0.3.0.jar:/home/alex/.m2/repository/org/eclipse/jetty/jetty-server/9.4.44.v20210927/jetty-server-9.4.44.v20210927.jar:/home/alex/.m2/repository/javax/servlet/javax.servlet-api/3.1.0/javax.servlet-api-3.1.0.jar:/home/alex/.m2/repository/org/eclipse/jetty/jetty-http/9.4.44.v20210927/jetty-http-9.4.44.v20210927.jar:/home/alex/.m2/repository/org/eclipse/jetty/jetty-util/9.4.44.v20210927/jetty-util-9.4.44.v20210927.jar:/home/alex/.m2/repository/org/eclipse/jetty/jetty-io/9.4.44.v20210927/jetty-io-9.4.44.v20210927.jar:/home/alex/.m2/repository/org/eclipse/jetty/jetty-servlet/9.4.44.v20210927/jetty-servlet-9.4.44.v20210927.jar:/home/alex/.m2/repository/org/eclipse/jetty/jetty-security/9.4.44.v20210927/jetty-security-9.4.44.v20210927.jar:/home/alex/.m2/repository/org/eclipse/jetty/jetty-util-ajax/9.4.44.v20210927/jetty-util-ajax-9.4.44.v20210927.jar:/home/alex/.m2/repository/org/apache/httpcomponents/httpclient/4.5.5/httpclient-4.5.5.jar:/home/alex/.m2/repository/commons-logging/commons-logging/1.2/commons-logging-1.2.jar:/home/alex/.m2/repository/org/apache/httpcomponents/httpcore/4.4.9/httpcore-4.4.9.jar:/home/alex/.m2/repository/jakarta/activation/jakarta.activation-api/2.0.1/jakarta.activation-api-2.0.1.jar:/home/alex/.m2/repository/com/sun/activation/jakarta.activation/2.0.1/jakarta.activation-2.0.1.jar:/home/alex/.m2/repository/jakarta/mail/jakarta.mail-api/2.0.1/jakarta.mail-api-2.0.1.jar:/home/alex/.m2/repository/com/sun/mail/jakarta.mail/2.0.1/jakarta.mail-2.0.1.jar:/home/alex/.m2/repository/com/github/jponge/lzma-java/1.3/lzma-java-1.3.jar:/home/alex/.m2/repository/org/tukaani/xz/1.8/xz-1.8.jar:/home/alex/.m2/repository/net/sf/saxon/Saxon-HE/10.6/Saxon-HE-10.6.jar:/home/alex/Repositories/nifi/nifi-commons/nifi-socket-utils/target/classes:/home/alex/Repositories/nifi/nifi-commons/nifi-logging-utils/target/classes:/home/alex/Repositories/nifi/nifi-nar-bundles/nifi-standard-services/nifi-load-distribution-service-api/target/classes:/home/alex/.m2/repository/javax/jms/javax.jms-api/2.0.1/javax.jms-api-2.0.1.jar:/home/alex/.m2/repository/org/apache/activemq/activemq-client/5.15.15/activemq-client-5.15.15.jar:/home/alex/.m2/repository/org/apache/geronimo/specs/geronimo-jms_1.1_spec/1.1.1/geronimo-jms_1.1_spec-1.1.1.jar:/home/alex/.m2/repository/org/fusesource/hawtbuf/hawtbuf/1.11/hawtbuf-1.11.jar:/home/alex/.m2/repository/org/apache/geronimo/specs/geronimo-j2ee-management_1.1_spec/1.0.1/geronimo-j2ee-management_1.1_spec-1.0.1.jar:/home/alex/.m2/repository/com/jayway/jsonpath/json-path/2.6.0/json-path-2.6.0.jar:/home/alex/.m2/repository/net/minidev/json-smart/2.4.7/json-smart-2.4.7.jar:/home/alex/.m2/repository/net/minidev/accessors-smart/2.4.7/accessors-smart-2.4.7.jar:/home/alex/.m2/repository/org/ow2/asm/asm/9.1/asm-9.1.jar:/home/alex/.m2/repository/org/apache/tika/tika-core/1.26/tika-core-1.26.jar:/home/alex/.m2/repository/com/fasterxml/jackson/core/jackson-databind/2.12.3/jackson-databind-2.12.3.jar:/home/alex/.m2/repository/com/fasterxml/jackson/core/jackson-annotations/2.12.3/jackson-annotations-2.12.3.jar:/home/alex/.m2/repository/com/fasterxml/jackson/core/jackson-core/2.12.3/jackson-core-2.12.3.jar:/home/alex/Repositories/nifi/nifi-nar-bundles/nifi-extension-utils/nifi-record-utils/nifi-avro-record-utils/target/classes:/home/alex/Repositories/nifi/nifi-nar-bundles/nifi-extension-utils/nifi-record-utils/nifi-standard-record-utils/target/classes:/home/alex/.m2/repository/org/apache/avro/avro/1.8.1/avro-1.8.1.jar:/home/alex/.m2/repository/org/codehaus/jackson/jackson-core-asl/1.9.13/jackson-core-asl-1.9.13.jar:/home/alex/.m2/repository/org/codehaus/jackson/jackson-mapper-asl/1.9.13/jackson-mapper-asl-1.9.13.jar:/home/alex/.m2/repository/com/thoughtworks/paranamer/paranamer/2.7/paranamer-2.7.jar:/home/alex/Repositories/nifi/nifi-nar-bundles/nifi-standard-services/nifi-dbcp-service-api/target/classes:/home/alex/.m2/repository/com/squareup/okhttp3/okhttp/4.9.2/okhttp-4.9.2.jar:/home/alex/.m2/repository/com/squareup/okio/okio/2.8.0/okio-2.8.0.jar:/home/alex/.m2/repository/org/jetbrains/kotlin/kotlin-stdlib-common/1.4.0/kotlin-stdlib-common-1.4.0.jar:/home/alex/.m2/repository/org/jetbrains/kotlin/kotlin-stdlib/1.4.10/kotlin-stdlib-1.4.10.jar:/home/alex/.m2/repository/org/jetbrains/annotations/13.0/annotations-13.0.jar:/home/alex/.m2/repository/io/github/rburgst/okhttp-digest/2.5/okhttp-digest-2.5.jar:/home/alex/.m2/repository/at/favre/lib/bcrypt/0.9.0/bcrypt-0.9.0.jar:/home/alex/.m2/repository/at/favre/lib/bytes/1.3.0/bytes-1.3.0.jar:/home/alex/.m2/repository/com/google/guava/guava/28.0-jre/guava-28.0-jre.jar:/home/alex/.m2/repository/com/google/guava/failureaccess/1.0.1/failureaccess-1.0.1.jar:/home/alex/.m2/repository/com/google/guava/listenablefuture/9999.0-empty-to-avoid-conflict-with-guava/listenablefuture-9999.0-empty-to-avoid-conflict-with-guava.jar:/home/alex/.m2/repository/com/google/code/findbugs/jsr305/3.0.2/jsr305-3.0.2.jar:/home/alex/.m2/repository/org/checkerframework/checker-qual/2.8.1/checker-qual-2.8.1.jar:/home/alex/.m2/repository/com/google/errorprone/error_prone_annotations/2.3.2/error_prone_annotations-2.3.2.jar:/home/alex/.m2/repository/com/google/j2objc/j2objc-annotations/1.3/j2objc-annotations-1.3.jar:/home/alex/.m2/repository/org/codehaus/mojo/animal-sniffer-annotations/1.17/animal-sniffer-annotations-1.17.jar:/home/alex/Repositories/nifi/nifi-mock/target/classes:/home/alex/Repositories/nifi/nifi-framework-api/target/classes:/home/alex/Repositories/nifi/nifi-nar-bundles/nifi-framework-bundle/nifi-framework/nifi-framework-core-api/target/classes:/home/alex/Repositories/nifi/nifi-nar-bundles/nifi-framework-bundle/nifi-framework/nifi-framework-nar-utils/target/classes:/home/alex/Repositories/nifi/nifi-nar-bundles/nifi-framework-bundle/nifi-framework/nifi-client-dto/target/classes:/home/alex/.m2/repository/io/swagger/swagger-annotations/1.6.0/swagger-annotations-1.6.0.jar:/home/alex/Repositories/nifi/nifi-commons/nifi-site-to-site-client/target/classes:/home/alex/.m2/repository/org/apache/httpcomponents/httpasyncclient/4.1.4/httpasyncclient-4.1.4.jar:/home/alex/.m2/repository/org/apache/httpcomponents/httpcore-nio/4.4.10/httpcore-nio-4.4.10.jar:/home/alex/Repositories/nifi/nifi-nar-bundles/nifi-framework-bundle/nifi-framework/nifi-framework-authorization/target/classes:/home/alex/Repositories/nifi/nifi-registry/nifi-registry-core/nifi-registry-data-model/target/classes:/home/alex/Repositories/nifi/nifi-registry/nifi-registry-core/nifi-registry-revision/nifi-registry-revision-entity-model/target/classes:/home/alex/Repositories/nifi/nifi-registry/nifi-registry-core/nifi-registry-client/target/classes:/home/alex/Repositories/nifi/nifi-registry/nifi-registry-core/nifi-registry-security-utils/target/classes:/home/alex/.m2/repository/org/glassfish/jersey/core/jersey-client/2.33/jersey-client-2.33.jar:/home/alex/.m2/repository/jakarta/ws/rs/jakarta.ws.rs-api/2.1.6/jakarta.ws.rs-api-2.1.6.jar:/home/alex/.m2/repository/org/glassfish/hk2/external/jakarta.inject/2.6.1/jakarta.inject-2.6.1.jar:/home/alex/.m2/repository/org/glassfish/jersey/media/jersey-media-json-jackson/2.33/jersey-media-json-jackson-2.33.jar:/home/alex/.m2/repository/org/glassfish/jersey/ext/jersey-entity-filtering/2.33/jersey-entity-filtering-2.33.jar:/home/alex/.m2/repository/org/glassfish/jersey/inject/jersey-hk2/2.33/jersey-hk2-2.33.jar:/home/alex/.m2/repository/org/glassfish/hk2/hk2-locator/2.6.1/hk2-locator-2.6.1.jar:/home/alex/.m2/repository/org/glassfish/hk2/external/aopalliance-repackaged/2.6.1/aopalliance-repackaged-2.6.1.jar:/home/alex/.m2/repository/org/glassfish/hk2/hk2-api/2.6.1/hk2-api-2.6.1.jar:/home/alex/.m2/repository/org/glassfish/hk2/hk2-utils/2.6.1/hk2-utils-2.6.1.jar:/home/alex/.m2/repository/org/javassist/javassist/3.25.0-GA/javassist-3.25.0-GA.jar:/home/alex/.m2/repository/org/glassfish/jersey/core/jersey-common/2.33/jersey-common-2.33.jar:/home/alex/.m2/repository/jakarta/annotation/jakarta.annotation-api/1.3.5/jakarta.annotation-api-1.3.5.jar:/home/alex/.m2/repository/org/glassfish/hk2/osgi-resource-locator/1.0.3/osgi-resource-locator-1.0.3.jar:/home/alex/.m2/repository/org/glassfish/jersey/media/jersey-media-multipart/2.33/jersey-media-multipart-2.33.jar:/home/alex/.m2/repository/org/jvnet/mimepull/mimepull/1.9.13/mimepull-1.9.13.jar:/home/alex/Repositories/nifi/nifi-commons/nifi-data-provenance-utils/target/classes:/home/alex/Repositories/nifi/nifi-nar-bundles/nifi-standard-services/nifi-distributed-cache-services-bundle/nifi-distributed-cache-client-service/target/classes:/home/alex/Repositories/nifi/nifi-nar-bundles/nifi-standard-services/nifi-distributed-cache-services-bundle/nifi-distributed-cache-protocol/target/classes:/home/alex/.m2/repository/io/netty/netty-buffer/4.1.69.Final/netty-buffer-4.1.69.Final.jar:/home/alex/.m2/repository/com/google/http-client/google-http-client/1.28.0/google-http-client-1.28.0.jar:/home/alex/.m2/repository/io/opencensus/opencensus-api/0.18.0/opencensus-api-0.18.0.jar:/home/alex/.m2/repository/io/grpc/grpc-context/1.14.0/grpc-context-1.14.0.jar:/home/alex/.m2/repository/io/opencensus/opencensus-contrib-http-util/0.18.0/opencensus-contrib-http-util-0.18.0.jar:/home/alex/.m2/repository/org/apache/activemq/activemq-broker/5.15.14/activemq-broker-5.15.14.jar:/home/alex/.m2/repository/org/apache/activemq/activemq-openwire-legacy/5.15.14/activemq-openwire-legacy-5.15.14.jar:/home/alex/Repositories/nifi/nifi-nar-bundles/nifi-standard-services/nifi-ssl-context-bundle/nifi-ssl-context-service/target/classes:/home/alex/Repositories/nifi/nifi-nar-bundles/nifi-framework-bundle/nifi-framework/nifi-standard-prioritizers/target/classes:/home/alex/Repositories/nifi/nifi-nar-bundles/nifi-extension-utils/nifi-record-utils/nifi-mock-record-utils/target/classes:/home/alex/Repositories/nifi/nifi-nar-bundles/nifi-standard-services/nifi-record-serialization-services-bundle/nifi-record-serialization-services/target/classes:/home/alex/.m2/repository/org/apache/commons/commons-csv/1.8/commons-csv-1.8.jar:/home/alex/.m2/repository/com/fasterxml/jackson/dataformat/jackson-dataformat-csv/2.12.3/jackson-dataformat-csv-2.12.3.jar:/home/alex/.m2/repository/net/java/dev/stax-utils/stax-utils/20070216/stax-utils-20070216.jar:/home/alex/Repositories/nifi/nifi-nar-bundles/nifi-standard-services/nifi-lookup-services-bundle/nifi-lookup-services/target/classes:/home/alex/.m2/repository/commons-beanutils/commons-beanutils/1.9.4/commons-beanutils-1.9.4.jar:/home/alex/.m2/repository/commons-collections/commons-collections/3.2.2/commons-collections-3.2.2.jar:/home/alex/.m2/repository/com/maxmind/geoip2/geoip2/2.12.0/geoip2-2.12.0.jar:/home/alex/.m2/repository/com/maxmind/db/maxmind-db/1.2.2/maxmind-db-1.2.2.jar:/home/alex/.m2/repository/org/apache/derby/derby/10.14.2.0/derby-10.14.2.0.jar:/home/alex/.m2/repository/org/xerial/snappy/snappy-java/1.1.7.3/snappy-java-1.1.7.3.jar:/home/alex/.m2/repository/net/lingala/zip4j/zip4j/2.8.0/zip4j-2.8.0.jar:/home/alex/.m2/repository/com/h2database/h2/1.4.187/h2-1.4.187.jar:/home/alex/.m2/repository/org/mockftpserver/MockFtpServer/2.7.1/MockFtpServer-2.7.1.jar:/home/alex/.m2/repository/org/apache/sshd/sshd-core/1.7.0/sshd-core-1.7.0.jar:/home/alex/.m2/repository/com/bazaarvoice/jolt/jolt-core/0.1.1/jolt-core-0.1.1.jar:/home/alex/.m2/repository/javax/inject/javax.inject/1/javax.inject-1.jar:/home/alex/.m2/repository/com/bazaarvoice/jolt/json-utils/0.1.1/json-utils-0.1.1.jar:/home/alex/Repositories/nifi/nifi-nar-bundles/nifi-standard-bundle/nifi-standard-utils/target/classes:/home/alex/.m2/repository/net/sf/supercsv/super-csv/2.4.0/super-csv-2.4.0.jar:/home/alex/.m2/repository/com/fluenda/parcefone/2.1.0/parcefone-2.1.0.jar:/home/alex/.m2/repository/javax/validation/validation-api/1.1.0.Final/validation-api-1.1.0.Final.jar:/home/alex/.m2/repository/javax/el/javax.el-api/3.0.0/javax.el-api-3.0.0.jar:/home/alex/.m2/repository/com/github/wnameless/json/json-flattener/0.12.0/json-flattener-0.12.0.jar:/home/alex/.m2/repository/com/github/wnameless/json/json-base/2.0.0/json-base-2.0.0.jar:/home/alex/.m2/repository/org/apache/bval/bval-jsr/1.1.2/bval-jsr-1.1.2.jar:/home/alex/.m2/repository/org/apache/bval/bval-core/1.1.2/bval-core-1.1.2.jar:/home/alex/.m2/repository/io/krakens/java-grok/0.1.9/java-grok-0.1.9.jar:/home/alex/.m2/repository/org/apache/calcite/calcite-core/1.27.0/calcite-core-1.27.0.jar:/home/alex/.m2/repository/org/apache/calcite/calcite-linq4j/1.27.0/calcite-linq4j-1.27.0.jar:/home/alex/.m2/repository/com/esri/geometry/esri-geometry-api/2.2.0/esri-geometry-api-2.2.0.jar:/home/alex/.m2/repository/org/apache/calcite/avatica/avatica-core/1.18.0/avatica-core-1.18.0.jar:/home/alex/.m2/repository/org/apache/calcite/avatica/avatica-metrics/1.18.0/avatica-metrics-1.18.0.jar:/home/alex/.m2/repository/com/google/protobuf/protobuf-java/3.6.1/protobuf-java-3.6.1.jar:/home/alex/.m2/repository/org/apiguardian/apiguardian-api/1.1.0/apiguardian-api-1.1.0.jar:/home/alex/.m2/repository/com/fasterxml/jackson/dataformat/jackson-dataformat-yaml/2.10.0/jackson-dataformat-yaml-2.10.0.jar:/home/alex/.m2/repository/org/yaml/snakeyaml/1.29/snakeyaml-1.29.jar:/home/alex/.m2/repository/com/google/uzaygezen/uzaygezen-core/0.2/uzaygezen-core-0.2.jar:/home/alex/.m2/repository/com/yahoo/datasketches/sketches-core/0.9.0/sketches-core-0.9.0.jar:/home/alex/.m2/repository/com/yahoo/datasketches/memory/0.9.0/memory-0.9.0.jar:/home/alex/.m2/repository/net/hydromatic/aggdesigner-algorithm/6.0/aggdesigner-algorithm-6.0.jar:/home/alex/.m2/repository/commons-lang/commons-lang/2.4/commons-lang-2.4.jar:/home/alex/.m2/repository/org/apache/commons/commons-dbcp2/2.6.0/commons-dbcp2-2.6.0.jar:/home/alex/.m2/repository/org/apache/commons/commons-pool2/2.6.1/commons-pool2-2.6.1.jar:/home/alex/.m2/repository/org/codehaus/janino/commons-compiler/3.0.11/commons-compiler-3.0.11.jar:/home/alex/.m2/repository/org/codehaus/janino/janino/3.0.11/janino-3.0.11.jar:/home/alex/Repositories/nifi/nifi-nar-bundles/nifi-standard-services/nifi-schema-registry-service-api/target/classes:/home/alex/Repositories/nifi/nifi-nar-bundles/nifi-extension-utils/nifi-database-utils/target/classes:/home/alex/Repositories/nifi/nifi-nar-bundles/nifi-standard-bundle/nifi-standard-web-test-utils/target/classes:/home/alex/.m2/repository/com/github/stefanbirkner/fake-sftp-server-rule/2.0.1/fake-sftp-server-rule-2.0.1.jar:/home/alex/.m2/repository/com/github/marschall/memoryfilesystem/2.8.0/memoryfilesystem-2.8.0.jar:/home/alex/.m2/repository/junit/junit/4.13.2/junit-4.13.2.jar:/home/alex/.m2/repository/org/hamcrest/hamcrest-core/1.3/hamcrest-core-1.3.jar:/home/alex/Repositories/nifi/nifi-nar-bundles/nifi-extension-utils/nifi-database-test-utils/target/classes:/home/alex/.m2/repository/org/codehaus/groovy/groovy-json/2.5.14/groovy-json-2.5.14.jar:/home/alex/.m2/repository/org/codehaus/groovy/groovy/2.5.14/groovy-2.5.14.jar:/home/alex/.m2/repository/org/codehaus/groovy/groovy-servlet/2.5.14/groovy-servlet-2.5.14.jar:/home/alex/.m2/repository/org/codehaus/groovy/groovy-templates/2.5.14/groovy-templates-2.5.14.jar:/home/alex/.m2/repository/org/codehaus/groovy/groovy-xml/2.5.14/groovy-xml-2.5.14.jar:/home/alex/.m2/repository/org/hamcrest/hamcrest-all/1.3/hamcrest-all-1.3.jar:/home/alex/.m2/repository/com/squareup/okhttp3/mockwebserver/4.9.2/mockwebserver-4.9.2.jar:/home/alex/.m2/repository/org/jetbrains/kotlin/kotlin-stdlib-jdk8/1.4.10/kotlin-stdlib-jdk8-1.4.10.jar:/home/alex/.m2/repository/org/jetbrains/kotlin/kotlin-stdlib-jdk7/1.4.10/kotlin-stdlib-jdk7-1.4.10.jar:/home/alex/.m2/repository/org/mockito/mockito-inline/3.12.4/mockito-inline-3.12.4.jar:/home/alex/.m2/repository/org/junit/jupiter/junit-jupiter-api/5.7.2/junit-jupiter-api-5.7.2.jar:/home/alex/.m2/repository/org/opentest4j/opentest4j/1.2.0/opentest4j-1.2.0.jar:/home/alex/.m2/repository/org/junit/platform/junit-platform-commons/1.7.2/junit-platform-commons-1.7.2.jar:/home/alex/.m2/repository/org/junit/jupiter/junit-jupiter-engine/5.7.2/junit-jupiter-engine-5.7.2.jar:/home/alex/.m2/repository/org/junit/platform/junit-platform-engine/1.7.2/junit-platform-engine-1.7.2.jar:/home/alex/.m2/repository/org/junit/vintage/junit-vintage-engine/5.7.2/junit-vintage-engine-5.7.2.jar:/home/alex/.m2/repository/org/junit/jupiter/junit-jupiter-params/5.7.2/junit-jupiter-params-5.7.2.jar:/home/alex/.m2/repository/org/mockito/mockito-core/3.11.2/mockito-core-3.11.2.jar:/home/alex/.m2/repository/net/bytebuddy/byte-buddy/1.11.3/byte-buddy-1.11.3.jar:/home/alex/.m2/repository/net/bytebuddy/byte-buddy-agent/1.11.3/byte-buddy-agent-1.11.3.jar:/home/alex/.m2/repository/org/objenesis/objenesis/3.2/objenesis-3.2.jar:/home/alex/.m2/repository/org/mockito/mockito-junit-jupiter/3.11.2/mockito-junit-jupiter-3.11.2.jar:/home/alex/.m2/repository/org/slf4j/slf4j-simple/1.7.32/slf4j-simple-1.7.32.jar:/home/alex/.m2/repository/org/codehaus/groovy/groovy-test/2.5.14/groovy-test-2.5.14.jar:"/>
    <property name="org.slf4j.simpleLogger.log.nifi.processors.standard.TestExecuteSQLRecord" value="debug"/>
    <property name="java.vm.vendor" value="Private Build"/>
    <property name="sun.arch.data.model" value="64"/>
    <property name="java.vendor.url" value="http://java.oracle.com/"/>
    <property name="user.timezone" value="Europe/Lisbon"/>
    <property name="java.vm.specification.version" value="1.8"/>
    <property name="os.name" value="Linux"/>
    <property name="user.country" value="US"/>
    <property name="sun.java.launcher" value="SUN_STANDARD"/>
    <property name="sun.boot.library.path" value="/usr/lib/jvm/java-8-openjdk-amd64/jre/lib/amd64"/>
    <property name="sun.java.command" value="/home/alex/Repositories/nifi/nifi-nar-bundles/nifi-standard-bundle/nifi-standard-processors/target/surefire/surefirebooter262180563015504354.jar /home/alex/Repositories/nifi/nifi-nar-bundles/nifi-standard-bundle/nifi-standard-processors/target/surefire 2024-05-02T02-13-54_999-jvmRun1 surefire7006267633466184684tmp surefire_695365209324004685157tmp"/>
    <property name="org.slf4j.simpleLogger.log.nifi.io.nio" value="debug"/>
    <property name="surefire.test.class.path" value="/home/alex/Repositories/nifi/nifi-nar-bundles/nifi-standard-bundle/nifi-standard-processors/target/test-classes:/home/alex/Repositories/nifi/nifi-nar-bundles/nifi-standard-bundle/nifi-standard-processors/target/classes:/home/alex/.m2/repository/org/apache/ftpserver/ftpserver-core/1.1.1/ftpserver-core-1.1.1.jar:/home/alex/.m2/repository/org/apache/ftpserver/ftplet-api/1.1.1/ftplet-api-1.1.1.jar:/home/alex/.m2/repository/org/slf4j/slf4j-api/1.7.32/slf4j-api-1.7.32.jar:/home/alex/.m2/repository/org/apache/mina/mina-core/2.0.16/mina-core-2.0.16.jar:/home/alex/Repositories/nifi/nifi-api/target/classes:/home/alex/Repositories/nifi/nifi-commons/nifi-expression-language/target/classes:/home/alex/.m2/repository/org/antlr/antlr-runtime/3.5.2/antlr-runtime-3.5.2.jar:/home/alex/Repositories/nifi/nifi-commons/nifi-parameter/target/classes:/home/alex/Repositories/nifi/nifi-commons/nifi-uuid5/target/classes:/home/alex/.m2/repository/org/apache/commons/commons-text/1.8/commons-text-1.8.jar:/home/alex/Repositories/nifi/nifi-nar-bundles/nifi-extension-utils/nifi-processor-utils/target/classes:/home/alex/Repositories/nifi/nifi-commons/nifi-security-socket-ssl/target/classes:/home/alex/Repositories/nifi/nifi-nar-bundles/nifi-extension-utils/nifi-event-transport/target/classes:/home/alex/.m2/repository/io/netty/netty-handler/4.1.69.Final/netty-handler-4.1.69.Final.jar:/home/alex/.m2/repository/io/netty/netty-common/4.1.69.Final/netty-common-4.1.69.Final.jar:/home/alex/.m2/repository/io/netty/netty-resolver/4.1.69.Final/netty-resolver-4.1.69.Final.jar:/home/alex/.m2/repository/io/netty/netty-transport/4.1.69.Final/netty-transport-4.1.69.Final.jar:/home/alex/.m2/repository/io/netty/netty-codec/4.1.69.Final/netty-codec-4.1.69.Final.jar:/home/alex/Repositories/nifi/nifi-nar-bundles/nifi-extension-utils/nifi-syslog-utils/target/classes:/home/alex/.m2/repository/com/github/palindromicity/simple-syslog-5424/0.0.16/simple-syslog-5424-0.0.16.jar:/home/alex/.m2/repository/org/antlr/antlr4-runtime/4.7.2/antlr4-runtime-4.7.2.jar:/home/alex/Repositories/nifi/nifi-commons/nifi-utils/target/classes:/home/alex/Repositories/nifi/nifi-commons/nifi-record-path/target/classes:/home/alex/Repositories/nifi/nifi-commons/nifi-properties/target/classes:/home/alex/Repositories/nifi/nifi-commons/nifi-property-utils/target/classes:/home/alex/.m2/repository/com/github/ben-manes/caffeine/caffeine/2.8.1/caffeine-2.8.1.jar:/home/alex/Repositories/nifi/nifi-nar-bundles/nifi-standard-services/nifi-ssl-context-service-api/target/classes:/home/alex/Repositories/nifi/nifi-commons/nifi-security-utils-api/target/classes:/home/alex/Repositories/nifi/nifi-nar-bundles/nifi-standard-services/nifi-lookup-service-api/target/classes:/home/alex/Repositories/nifi/nifi-commons/nifi-flowfile-packager/target/classes:/home/alex/Repositories/nifi/nifi-nar-bundles/nifi-standard-services/nifi-distributed-cache-client-service-api/target/classes:/home/alex/Repositories/nifi/nifi-nar-bundles/nifi-standard-services/nifi-http-context-map-api/target/classes:/home/alex/Repositories/nifi/nifi-nar-bundles/nifi-standard-services/nifi-record-serialization-service-api/target/classes:/home/alex/Repositories/nifi/nifi-nar-bundles/nifi-standard-services/nifi-proxy-configuration-api/target/classes:/home/alex/Repositories/nifi/nifi-commons/nifi-record/target/classes:/home/alex/Repositories/nifi/nifi-nar-bundles/nifi-standard-services/nifi-record-sink-api/target/classes:/home/alex/.m2/repository/commons-io/commons-io/2.10.0/commons-io-2.10.0.jar:/home/alex/.m2/repository/javax/ws/rs/javax.ws.rs-api/2.1/javax.ws.rs-api-2.1.jar:/home/alex/.m2/repository/commons-net/commons-net/3.6/commons-net-3.6.jar:/home/alex/.m2/repository/org/apache/commons/commons-compress/1.21/commons-compress-1.21.jar:/home/alex/.m2/repository/org/apache/commons/commons-lang3/3.9/commons-lang3-3.9.jar:/home/alex/.m2/repository/org/bouncycastle/bcprov-jdk15on/1.69/bcprov-jdk15on-1.69.jar:/home/alex/.m2/repository/org/bouncycastle/bcpg-jdk15on/1.69/bcpg-jdk15on-1.69.jar:/home/alex/.m2/repository/org/bouncycastle/bcpkix-jdk15on/1.69/bcpkix-jdk15on-1.69.jar:/home/alex/.m2/repository/org/bouncycastle/bcutil-jdk15on/1.69/bcutil-jdk15on-1.69.jar:/home/alex/.m2/repository/commons-codec/commons-codec/1.14/commons-codec-1.14.jar:/home/alex/Repositories/nifi/nifi-commons/nifi-security-utils/target/classes:/home/alex/Repositories/nifi/nifi-commons/nifi-security-kms/target/classes:/home/alex/.m2/repository/org/apache/commons/commons-configuration2/2.7/commons-configuration2-2.7.jar:/home/alex/.m2/repository/com/hierynomus/sshj/0.32.0/sshj-0.32.0.jar:/home/alex/.m2/repository/com/jcraft/jzlib/1.1.3/jzlib-1.1.3.jar:/home/alex/.m2/repository/com/hierynomus/asn-one/0.6.0/asn-one-0.6.0.jar:/home/alex/.m2/repository/net/i2p/crypto/eddsa/0.3.0/eddsa-0.3.0.jar:/home/alex/.m2/repository/org/eclipse/jetty/jetty-server/9.4.44.v20210927/jetty-server-9.4.44.v20210927.jar:/home/alex/.m2/repository/javax/servlet/javax.servlet-api/3.1.0/javax.servlet-api-3.1.0.jar:/home/alex/.m2/repository/org/eclipse/jetty/jetty-http/9.4.44.v20210927/jetty-http-9.4.44.v20210927.jar:/home/alex/.m2/repository/org/eclipse/jetty/jetty-util/9.4.44.v20210927/jetty-util-9.4.44.v20210927.jar:/home/alex/.m2/repository/org/eclipse/jetty/jetty-io/9.4.44.v20210927/jetty-io-9.4.44.v20210927.jar:/home/alex/.m2/repository/org/eclipse/jetty/jetty-servlet/9.4.44.v20210927/jetty-servlet-9.4.44.v20210927.jar:/home/alex/.m2/repository/org/eclipse/jetty/jetty-security/9.4.44.v20210927/jetty-security-9.4.44.v20210927.jar:/home/alex/.m2/repository/org/eclipse/jetty/jetty-util-ajax/9.4.44.v20210927/jetty-util-ajax-9.4.44.v20210927.jar:/home/alex/.m2/repository/org/apache/httpcomponents/httpclient/4.5.5/httpclient-4.5.5.jar:/home/alex/.m2/repository/commons-logging/commons-logging/1.2/commons-logging-1.2.jar:/home/alex/.m2/repository/org/apache/httpcomponents/httpcore/4.4.9/httpcore-4.4.9.jar:/home/alex/.m2/repository/jakarta/activation/jakarta.activation-api/2.0.1/jakarta.activation-api-2.0.1.jar:/home/alex/.m2/repository/com/sun/activation/jakarta.activation/2.0.1/jakarta.activation-2.0.1.jar:/home/alex/.m2/repository/jakarta/mail/jakarta.mail-api/2.0.1/jakarta.mail-api-2.0.1.jar:/home/alex/.m2/repository/com/sun/mail/jakarta.mail/2.0.1/jakarta.mail-2.0.1.jar:/home/alex/.m2/repository/com/github/jponge/lzma-java/1.3/lzma-java-1.3.jar:/home/alex/.m2/repository/org/tukaani/xz/1.8/xz-1.8.jar:/home/alex/.m2/repository/net/sf/saxon/Saxon-HE/10.6/Saxon-HE-10.6.jar:/home/alex/Repositories/nifi/nifi-commons/nifi-socket-utils/target/classes:/home/alex/Repositories/nifi/nifi-commons/nifi-logging-utils/target/classes:/home/alex/Repositories/nifi/nifi-nar-bundles/nifi-standard-services/nifi-load-distribution-service-api/target/classes:/home/alex/.m2/repository/javax/jms/javax.jms-api/2.0.1/javax.jms-api-2.0.1.jar:/home/alex/.m2/repository/org/apache/activemq/activemq-client/5.15.15/activemq-client-5.15.15.jar:/home/alex/.m2/repository/org/apache/geronimo/specs/geronimo-jms_1.1_spec/1.1.1/geronimo-jms_1.1_spec-1.1.1.jar:/home/alex/.m2/repository/org/fusesource/hawtbuf/hawtbuf/1.11/hawtbuf-1.11.jar:/home/alex/.m2/repository/org/apache/geronimo/specs/geronimo-j2ee-management_1.1_spec/1.0.1/geronimo-j2ee-management_1.1_spec-1.0.1.jar:/home/alex/.m2/repository/com/jayway/jsonpath/json-path/2.6.0/json-path-2.6.0.jar:/home/alex/.m2/repository/net/minidev/json-smart/2.4.7/json-smart-2.4.7.jar:/home/alex/.m2/repository/net/minidev/accessors-smart/2.4.7/accessors-smart-2.4.7.jar:/home/alex/.m2/repository/org/ow2/asm/asm/9.1/asm-9.1.jar:/home/alex/.m2/repository/org/apache/tika/tika-core/1.26/tika-core-1.26.jar:/home/alex/.m2/repository/com/fasterxml/jackson/core/jackson-databind/2.12.3/jackson-databind-2.12.3.jar:/home/alex/.m2/repository/com/fasterxml/jackson/core/jackson-annotations/2.12.3/jackson-annotations-2.12.3.jar:/home/alex/.m2/repository/com/fasterxml/jackson/core/jackson-core/2.12.3/jackson-core-2.12.3.jar:/home/alex/Repositories/nifi/nifi-nar-bundles/nifi-extension-utils/nifi-record-utils/nifi-avro-record-utils/target/classes:/home/alex/Repositories/nifi/nifi-nar-bundles/nifi-extension-utils/nifi-record-utils/nifi-standard-record-utils/target/classes:/home/alex/.m2/repository/org/apache/avro/avro/1.8.1/avro-1.8.1.jar:/home/alex/.m2/repository/org/codehaus/jackson/jackson-core-asl/1.9.13/jackson-core-asl-1.9.13.jar:/home/alex/.m2/repository/org/codehaus/jackson/jackson-mapper-asl/1.9.13/jackson-mapper-asl-1.9.13.jar:/home/alex/.m2/repository/com/thoughtworks/paranamer/paranamer/2.7/paranamer-2.7.jar:/home/alex/Repositories/nifi/nifi-nar-bundles/nifi-standard-services/nifi-dbcp-service-api/target/classes:/home/alex/.m2/repository/com/squareup/okhttp3/okhttp/4.9.2/okhttp-4.9.2.jar:/home/alex/.m2/repository/com/squareup/okio/okio/2.8.0/okio-2.8.0.jar:/home/alex/.m2/repository/org/jetbrains/kotlin/kotlin-stdlib-common/1.4.0/kotlin-stdlib-common-1.4.0.jar:/home/alex/.m2/repository/org/jetbrains/kotlin/kotlin-stdlib/1.4.10/kotlin-stdlib-1.4.10.jar:/home/alex/.m2/repository/org/jetbrains/annotations/13.0/annotations-13.0.jar:/home/alex/.m2/repository/io/github/rburgst/okhttp-digest/2.5/okhttp-digest-2.5.jar:/home/alex/.m2/repository/at/favre/lib/bcrypt/0.9.0/bcrypt-0.9.0.jar:/home/alex/.m2/repository/at/favre/lib/bytes/1.3.0/bytes-1.3.0.jar:/home/alex/.m2/repository/com/google/guava/guava/28.0-jre/guava-28.0-jre.jar:/home/alex/.m2/repository/com/google/guava/failureaccess/1.0.1/failureaccess-1.0.1.jar:/home/alex/.m2/repository/com/google/guava/listenablefuture/9999.0-empty-to-avoid-conflict-with-guava/listenablefuture-9999.0-empty-to-avoid-conflict-with-guava.jar:/home/alex/.m2/repository/com/google/code/findbugs/jsr305/3.0.2/jsr305-3.0.2.jar:/home/alex/.m2/repository/org/checkerframework/checker-qual/2.8.1/checker-qual-2.8.1.jar:/home/alex/.m2/repository/com/google/errorprone/error_prone_annotations/2.3.2/error_prone_annotations-2.3.2.jar:/home/alex/.m2/repository/com/google/j2objc/j2objc-annotations/1.3/j2objc-annotations-1.3.jar:/home/alex/.m2/repository/org/codehaus/mojo/animal-sniffer-annotations/1.17/animal-sniffer-annotations-1.17.jar:/home/alex/Repositories/nifi/nifi-mock/target/classes:/home/alex/Repositories/nifi/nifi-framework-api/target/classes:/home/alex/Repositories/nifi/nifi-nar-bundles/nifi-framework-bundle/nifi-framework/nifi-framework-core-api/target/classes:/home/alex/Repositories/nifi/nifi-nar-bundles/nifi-framework-bundle/nifi-framework/nifi-framework-nar-utils/target/classes:/home/alex/Repositories/nifi/nifi-nar-bundles/nifi-framework-bundle/nifi-framework/nifi-client-dto/target/classes:/home/alex/.m2/repository/io/swagger/swagger-annotations/1.6.0/swagger-annotations-1.6.0.jar:/home/alex/Repositories/nifi/nifi-commons/nifi-site-to-site-client/target/classes:/home/alex/.m2/repository/org/apache/httpcomponents/httpasyncclient/4.1.4/httpasyncclient-4.1.4.jar:/home/alex/.m2/repository/org/apache/httpcomponents/httpcore-nio/4.4.10/httpcore-nio-4.4.10.jar:/home/alex/Repositories/nifi/nifi-nar-bundles/nifi-framework-bundle/nifi-framework/nifi-framework-authorization/target/classes:/home/alex/Repositories/nifi/nifi-registry/nifi-registry-core/nifi-registry-data-model/target/classes:/home/alex/Repositories/nifi/nifi-registry/nifi-registry-core/nifi-registry-revision/nifi-registry-revision-entity-model/target/classes:/home/alex/Repositories/nifi/nifi-registry/nifi-registry-core/nifi-registry-client/target/classes:/home/alex/Repositories/nifi/nifi-registry/nifi-registry-core/nifi-registry-security-utils/target/classes:/home/alex/.m2/repository/org/glassfish/jersey/core/jersey-client/2.33/jersey-client-2.33.jar:/home/alex/.m2/repository/jakarta/ws/rs/jakarta.ws.rs-api/2.1.6/jakarta.ws.rs-api-2.1.6.jar:/home/alex/.m2/repository/org/glassfish/hk2/external/jakarta.inject/2.6.1/jakarta.inject-2.6.1.jar:/home/alex/.m2/repository/org/glassfish/jersey/media/jersey-media-json-jackson/2.33/jersey-media-json-jackson-2.33.jar:/home/alex/.m2/repository/org/glassfish/jersey/ext/jersey-entity-filtering/2.33/jersey-entity-filtering-2.33.jar:/home/alex/.m2/repository/org/glassfish/jersey/inject/jersey-hk2/2.33/jersey-hk2-2.33.jar:/home/alex/.m2/repository/org/glassfish/hk2/hk2-locator/2.6.1/hk2-locator-2.6.1.jar:/home/alex/.m2/repository/org/glassfish/hk2/external/aopalliance-repackaged/2.6.1/aopalliance-repackaged-2.6.1.jar:/home/alex/.m2/repository/org/glassfish/hk2/hk2-api/2.6.1/hk2-api-2.6.1.jar:/home/alex/.m2/repository/org/glassfish/hk2/hk2-utils/2.6.1/hk2-utils-2.6.1.jar:/home/alex/.m2/repository/org/javassist/javassist/3.25.0-GA/javassist-3.25.0-GA.jar:/home/alex/.m2/repository/org/glassfish/jersey/core/jersey-common/2.33/jersey-common-2.33.jar:/home/alex/.m2/repository/jakarta/annotation/jakarta.annotation-api/1.3.5/jakarta.annotation-api-1.3.5.jar:/home/alex/.m2/repository/org/glassfish/hk2/osgi-resource-locator/1.0.3/osgi-resource-locator-1.0.3.jar:/home/alex/.m2/repository/org/glassfish/jersey/media/jersey-media-multipart/2.33/jersey-media-multipart-2.33.jar:/home/alex/.m2/repository/org/jvnet/mimepull/mimepull/1.9.13/mimepull-1.9.13.jar:/home/alex/Repositories/nifi/nifi-commons/nifi-data-provenance-utils/target/classes:/home/alex/Repositories/nifi/nifi-nar-bundles/nifi-standard-services/nifi-distributed-cache-services-bundle/nifi-distributed-cache-client-service/target/classes:/home/alex/Repositories/nifi/nifi-nar-bundles/nifi-standard-services/nifi-distributed-cache-services-bundle/nifi-distributed-cache-protocol/target/classes:/home/alex/.m2/repository/io/netty/netty-buffer/4.1.69.Final/netty-buffer-4.1.69.Final.jar:/home/alex/.m2/repository/com/google/http-client/google-http-client/1.28.0/google-http-client-1.28.0.jar:/home/alex/.m2/repository/io/opencensus/opencensus-api/0.18.0/opencensus-api-0.18.0.jar:/home/alex/.m2/repository/io/grpc/grpc-context/1.14.0/grpc-context-1.14.0.jar:/home/alex/.m2/repository/io/opencensus/opencensus-contrib-http-util/0.18.0/opencensus-contrib-http-util-0.18.0.jar:/home/alex/.m2/repository/org/apache/activemq/activemq-broker/5.15.14/activemq-broker-5.15.14.jar:/home/alex/.m2/repository/org/apache/activemq/activemq-openwire-legacy/5.15.14/activemq-openwire-legacy-5.15.14.jar:/home/alex/Repositories/nifi/nifi-nar-bundles/nifi-standard-services/nifi-ssl-context-bundle/nifi-ssl-context-service/target/classes:/home/alex/Repositories/nifi/nifi-nar-bundles/nifi-framework-bundle/nifi-framework/nifi-standard-prioritizers/target/classes:/home/alex/Repositories/nifi/nifi-nar-bundles/nifi-extension-utils/nifi-record-utils/nifi-mock-record-utils/target/classes:/home/alex/Repositories/nifi/nifi-nar-bundles/nifi-standard-services/nifi-record-serialization-services-bundle/nifi-record-serialization-services/target/classes:/home/alex/.m2/repository/org/apache/commons/commons-csv/1.8/commons-csv-1.8.jar:/home/alex/.m2/repository/com/fasterxml/jackson/dataformat/jackson-dataformat-csv/2.12.3/jackson-dataformat-csv-2.12.3.jar:/home/alex/.m2/repository/net/java/dev/stax-utils/stax-utils/20070216/stax-utils-20070216.jar:/home/alex/Repositories/nifi/nifi-nar-bundles/nifi-standard-services/nifi-lookup-services-bundle/nifi-lookup-services/target/classes:/home/alex/.m2/repository/commons-beanutils/commons-beanutils/1.9.4/commons-beanutils-1.9.4.jar:/home/alex/.m2/repository/commons-collections/commons-collections/3.2.2/commons-collections-3.2.2.jar:/home/alex/.m2/repository/com/maxmind/geoip2/geoip2/2.12.0/geoip2-2.12.0.jar:/home/alex/.m2/repository/com/maxmind/db/maxmind-db/1.2.2/maxmind-db-1.2.2.jar:/home/alex/.m2/repository/org/apache/derby/derby/10.14.2.0/derby-10.14.2.0.jar:/home/alex/.m2/repository/org/xerial/snappy/snappy-java/1.1.7.3/snappy-java-1.1.7.3.jar:/home/alex/.m2/repository/net/lingala/zip4j/zip4j/2.8.0/zip4j-2.8.0.jar:/home/alex/.m2/repository/com/h2database/h2/1.4.187/h2-1.4.187.jar:/home/alex/.m2/repository/org/mockftpserver/MockFtpServer/2.7.1/MockFtpServer-2.7.1.jar:/home/alex/.m2/repository/org/apache/sshd/sshd-core/1.7.0/sshd-core-1.7.0.jar:/home/alex/.m2/repository/com/bazaarvoice/jolt/jolt-core/0.1.1/jolt-core-0.1.1.jar:/home/alex/.m2/repository/javax/inject/javax.inject/1/javax.inject-1.jar:/home/alex/.m2/repository/com/bazaarvoice/jolt/json-utils/0.1.1/json-utils-0.1.1.jar:/home/alex/Repositories/nifi/nifi-nar-bundles/nifi-standard-bundle/nifi-standard-utils/target/classes:/home/alex/.m2/repository/net/sf/supercsv/super-csv/2.4.0/super-csv-2.4.0.jar:/home/alex/.m2/repository/com/fluenda/parcefone/2.1.0/parcefone-2.1.0.jar:/home/alex/.m2/repository/javax/validation/validation-api/1.1.0.Final/validation-api-1.1.0.Final.jar:/home/alex/.m2/repository/javax/el/javax.el-api/3.0.0/javax.el-api-3.0.0.jar:/home/alex/.m2/repository/com/github/wnameless/json/json-flattener/0.12.0/json-flattener-0.12.0.jar:/home/alex/.m2/repository/com/github/wnameless/json/json-base/2.0.0/json-base-2.0.0.jar:/home/alex/.m2/repository/org/apache/bval/bval-jsr/1.1.2/bval-jsr-1.1.2.jar:/home/alex/.m2/repository/org/apache/bval/bval-core/1.1.2/bval-core-1.1.2.jar:/home/alex/.m2/repository/io/krakens/java-grok/0.1.9/java-grok-0.1.9.jar:/home/alex/.m2/repository/org/apache/calcite/calcite-core/1.27.0/calcite-core-1.27.0.jar:/home/alex/.m2/repository/org/apache/calcite/calcite-linq4j/1.27.0/calcite-linq4j-1.27.0.jar:/home/alex/.m2/repository/com/esri/geometry/esri-geometry-api/2.2.0/esri-geometry-api-2.2.0.jar:/home/alex/.m2/repository/org/apache/calcite/avatica/avatica-core/1.18.0/avatica-core-1.18.0.jar:/home/alex/.m2/repository/org/apache/calcite/avatica/avatica-metrics/1.18.0/avatica-metrics-1.18.0.jar:/home/alex/.m2/repository/com/google/protobuf/protobuf-java/3.6.1/protobuf-java-3.6.1.jar:/home/alex/.m2/repository/org/apiguardian/apiguardian-api/1.1.0/apiguardian-api-1.1.0.jar:/home/alex/.m2/repository/com/fasterxml/jackson/dataformat/jackson-dataformat-yaml/2.10.0/jackson-dataformat-yaml-2.10.0.jar:/home/alex/.m2/repository/org/yaml/snakeyaml/1.29/snakeyaml-1.29.jar:/home/alex/.m2/repository/com/google/uzaygezen/uzaygezen-core/0.2/uzaygezen-core-0.2.jar:/home/alex/.m2/repository/com/yahoo/datasketches/sketches-core/0.9.0/sketches-core-0.9.0.jar:/home/alex/.m2/repository/com/yahoo/datasketches/memory/0.9.0/memory-0.9.0.jar:/home/alex/.m2/repository/net/hydromatic/aggdesigner-algorithm/6.0/aggdesigner-algorithm-6.0.jar:/home/alex/.m2/repository/commons-lang/commons-lang/2.4/commons-lang-2.4.jar:/home/alex/.m2/repository/org/apache/commons/commons-dbcp2/2.6.0/commons-dbcp2-2.6.0.jar:/home/alex/.m2/repository/org/apache/commons/commons-pool2/2.6.1/commons-pool2-2.6.1.jar:/home/alex/.m2/repository/org/codehaus/janino/commons-compiler/3.0.11/commons-compiler-3.0.11.jar:/home/alex/.m2/repository/org/codehaus/janino/janino/3.0.11/janino-3.0.11.jar:/home/alex/Repositories/nifi/nifi-nar-bundles/nifi-standard-services/nifi-schema-registry-service-api/target/classes:/home/alex/Repositories/nifi/nifi-nar-bundles/nifi-extension-utils/nifi-database-utils/target/classes:/home/alex/Repositories/nifi/nifi-nar-bundles/nifi-standard-bundle/nifi-standard-web-test-utils/target/classes:/home/alex/.m2/repository/com/github/stefanbirkner/fake-sftp-server-rule/2.0.1/fake-sftp-server-rule-2.0.1.jar:/home/alex/.m2/repository/com/github/marschall/memoryfilesystem/2.8.0/memoryfilesystem-2.8.0.jar:/home/alex/.m2/repository/junit/junit/4.13.2/junit-4.13.2.jar:/home/alex/.m2/repository/org/hamcrest/hamcrest-core/1.3/hamcrest-core-1.3.jar:/home/alex/Repositories/nifi/nifi-nar-bundles/nifi-extension-utils/nifi-database-test-utils/target/classes:/home/alex/.m2/repository/org/codehaus/groovy/groovy-json/2.5.14/groovy-json-2.5.14.jar:/home/alex/.m2/repository/org/codehaus/groovy/groovy/2.5.14/groovy-2.5.14.jar:/home/alex/.m2/repository/org/codehaus/groovy/groovy-servlet/2.5.14/groovy-servlet-2.5.14.jar:/home/alex/.m2/repository/org/codehaus/groovy/groovy-templates/2.5.14/groovy-templates-2.5.14.jar:/home/alex/.m2/repository/org/codehaus/groovy/groovy-xml/2.5.14/groovy-xml-2.5.14.jar:/home/alex/.m2/repository/org/hamcrest/hamcrest-all/1.3/hamcrest-all-1.3.jar:/home/alex/.m2/repository/com/squareup/okhttp3/mockwebserver/4.9.2/mockwebserver-4.9.2.jar:/home/alex/.m2/repository/org/jetbrains/kotlin/kotlin-stdlib-jdk8/1.4.10/kotlin-stdlib-jdk8-1.4.10.jar:/home/alex/.m2/repository/org/jetbrains/kotlin/kotlin-stdlib-jdk7/1.4.10/kotlin-stdlib-jdk7-1.4.10.jar:/home/alex/.m2/repository/org/mockito/mockito-inline/3.12.4/mockito-inline-3.12.4.jar:/home/alex/.m2/repository/org/junit/jupiter/junit-jupiter-api/5.7.2/junit-jupiter-api-5.7.2.jar:/home/alex/.m2/repository/org/opentest4j/opentest4j/1.2.0/opentest4j-1.2.0.jar:/home/alex/.m2/repository/org/junit/platform/junit-platform-commons/1.7.2/junit-platform-commons-1.7.2.jar:/home/alex/.m2/repository/org/junit/jupiter/junit-jupiter-engine/5.7.2/junit-jupiter-engine-5.7.2.jar:/home/alex/.m2/repository/org/junit/platform/junit-platform-engine/1.7.2/junit-platform-engine-1.7.2.jar:/home/alex/.m2/repository/org/junit/vintage/junit-vintage-engine/5.7.2/junit-vintage-engine-5.7.2.jar:/home/alex/.m2/repository/org/junit/jupiter/junit-jupiter-params/5.7.2/junit-jupiter-params-5.7.2.jar:/home/alex/.m2/repository/org/mockito/mockito-core/3.11.2/mockito-core-3.11.2.jar:/home/alex/.m2/repository/net/bytebuddy/byte-buddy/1.11.3/byte-buddy-1.11.3.jar:/home/alex/.m2/repository/net/bytebuddy/byte-buddy-agent/1.11.3/byte-buddy-agent-1.11.3.jar:/home/alex/.m2/repository/org/objenesis/objenesis/3.2/objenesis-3.2.jar:/home/alex/.m2/repository/org/mockito/mockito-junit-jupiter/3.11.2/mockito-junit-jupiter-3.11.2.jar:/home/alex/.m2/repository/org/slf4j/slf4j-simple/1.7.32/slf4j-simple-1.7.32.jar:/home/alex/.m2/repository/org/codehaus/groovy/groovy-test/2.5.14/groovy-test-2.5.14.jar:"/>
    <property name="sun.cpu.endian" value="little"/>
    <property name="user.home" value="/home/alex"/>
    <property name="user.language" value="en"/>
    <property name="java.specification.vendor" value="Oracle Corporation"/>
    <property name="java.home" value="/usr/lib/jvm/java-8-openjdk-amd64/jre"/>
    <property name="basedir" value="/home/alex/Repositories/nifi/nifi-nar-bundles/nifi-standard-bundle/nifi-standard-processors"/>
    <property name="file.separator" value="/"/>
    <property name="line.separator" value="&#10;"/>
    <property name="java.vm.specification.vendor" value="Oracle Corporation"/>
    <property name="java.specification.name" value="Java Platform API Specification"/>
    <property name="derby.stream.error.file" value="target/derby.log"/>
    <property name="org.slf4j.simpleLogger.log.org.apache.nifi" value="TRACE"/>
    <property name="javax.xml.xpath.XPathFactory:http://saxon.sf.net/jaxp/xpath/om" value="net.sf.saxon.xpath.XPathFactoryImpl"/>
    <property name="java.awt.graphicsenv" value="sun.awt.X11GraphicsEnvironment"/>
    <property name="org.slf4j.simpleLogger.log.org.apache.nifi.processors.standard.SQLTransform" value="debug"/>
    <property name="java.awt.headless" value="true"/>
    <property name="org.slf4j.simpleLogger.log.nifi.processors.standard.ExecuteSQLRecord" value="debug"/>
    <property name="org.slf4j.simpleLogger.showDateTime" value="true"/>
    <property name="surefire.real.class.path" value="/home/alex/Repositories/nifi/nifi-nar-bundles/nifi-standard-bundle/nifi-standard-processors/target/surefire/surefirebooter262180563015504354.jar"/>
    <property name="sun.boot.class.path" value="/usr/lib/jvm/java-8-openjdk-amd64/jre/lib/resources.jar:/usr/lib/jvm/java-8-openjdk-amd64/jre/lib/rt.jar:/usr/lib/jvm/java-8-openjdk-amd64/jre/lib/sunrsasign.jar:/usr/lib/jvm/java-8-openjdk-amd64/jre/lib/jsse.jar:/usr/lib/jvm/java-8-openjdk-amd64/jre/lib/jce.jar:/usr/lib/jvm/java-8-openjdk-amd64/jre/lib/charsets.jar:/usr/lib/jvm/java-8-openjdk-amd64/jre/lib/jfr.jar:/usr/lib/jvm/java-8-openjdk-amd64/jre/classes"/>
    <property name="sun.management.compiler" value="HotSpot 64-Bit Tiered Compilers"/>
    <property name="org.slf4j.simpleLogger.log.nifi.processors.standard.TestExecuteSQL" value="debug"/>
    <property name="java.runtime.version" value="1.8.0_402-8u402-ga-2ubuntu1~22.04-b06"/>
    <property name="java.net.preferIPv4Stack" value="true"/>
    <property name="user.name" value="alex"/>
    <property name="path.separator" value=":"/>
    <property name="os.version" value="6.5.0-28-generic"/>
    <property name="java.endorsed.dirs" value="/usr/lib/jvm/java-8-openjdk-amd64/jre/lib/endorsed"/>
    <property name="java.runtime.name" value="OpenJDK Runtime Environment"/>
    <property name="org.slf4j.simpleLogger.log.nifi.processors.standard.DistributeLoad" value="debug"/>
    <property name="file.encoding" value="UTF-8"/>
    <property name="org.slf4j.simpleLogger.log.org.apache.nifi.processors.standard" value="TRACE"/>
    <property name="org.slf4j.simpleLogger.log.nifi.processors.standard.ExecuteSQL" value="debug"/>
    <property name="sun.nio.ch.bugLevel" value=""/>
    <property name="java.vm.name" value="OpenJDK 64-Bit Server VM"/>
    <property name="localRepository" value="/home/alex/.m2/repository"/>
    <property name="java.vendor.url.bug" value="http://bugreport.sun.com/bugreport/"/>
    <property name="jetty.git.hash" value="8da83308eeca865e495e53ef315a249d63ba9332"/>
    <property name="java.io.tmpdir" value="/tmp"/>
    <property name="java.version" value="1.8.0_402"/>
    <property name="user.dir" value="/home/alex/Repositories/nifi/nifi-nar-bundles/nifi-standard-bundle/nifi-standard-processors"/>
    <property name="org.slf4j.simpleLogger.log.nifi.processors.standard.TestDetectDuplicate" value="debug"/>
    <property name="os.arch" value="amd64"/>
    <property name="java.vm.specification.name" value="Java Virtual Machine Specification"/>
    <property name="java.awt.printerjob" value="sun.print.PSPrinterJob"/>
    <property name="sun.os.patch.level" value="unknown"/>
    <property name="org.slf4j.simpleLogger.defaultLogLevel" value="info"/>
    <property name="java.library.path" value="/usr/java/packages/lib/amd64:/usr/lib/x86_64-linux-gnu/jni:/lib/x86_64-linux-gnu:/usr/lib/x86_64-linux-gnu:/usr/lib/jni:/lib:/usr/lib"/>
    <property name="java.vm.info" value="mixed mode"/>
    <property name="java.vendor" value="Private Build"/>
    <property name="java.vm.version" value="25.402-b06"/>
    <property name="org.slf4j.simpleLogger.log.nifi.processors.standard.DetectDuplicate" value="debug"/>
    <property name="java.specification.maintenance.version" value="5"/>
    <property name="java.ext.dirs" value="/usr/lib/jvm/java-8-openjdk-amd64/jre/lib/ext:/usr/java/packages/lib/ext"/>
    <property name="sun.io.unicode.encoding" value="UnicodeLittle"/>
    <property name="java.class.version" value="52.0"/>
  </properties>
  <testcase name="testMultipleFilesInSameDirectory" classname="org.apache.nifi.processors.standard.TestTailFile" time="0.123">
    <system-err><![CDATA[[pool-4389-thread-1] DEBUG org.apache.nifi.processors.standard.TailFile - TailFile[id=e266304c-a1ef-4c08-80a1-f26fd882b35b] Created FileChannel sun.nio.ch.FileChannelImpl@7f39e5a2 for target/log.txt
[pool-4389-thread-1] DEBUG org.apache.nifi.processors.standard.TailFile - TailFile[id=e266304c-a1ef-4c08-80a1-f26fd882b35b] No data to consume; created no FlowFiles
[main] DEBUG org.apache.nifi.processors.standard.TailFile - TailFile[id=e266304c-a1ef-4c08-80a1-f26fd882b35b] Closed FileChannel sun.nio.ch.FileChannelImpl@7f39e5a2
[main] DEBUG org.apache.nifi.processors.standard.TailFile - TailFile[id=e266304c-a1ef-4c08-80a1-f26fd882b35b] When recovering state, checksum of tailed file matches the stored checksum. Will resume where left off.
[main] DEBUG org.apache.nifi.processors.standard.TailFile - TailFile[id=e266304c-a1ef-4c08-80a1-f26fd882b35b] Created FileChannel sun.nio.ch.FileChannelImpl@17d9adff for target/log.txt in recoverState
[main] DEBUG org.apache.nifi.processors.standard.TailFile - TailFile[id=e266304c-a1ef-4c08-80a1-f26fd882b35b] Recovered state TailFileState[filename=target/log.txt, position=0, timestamp=0, checksum=0, tailingPostRollover=false]
[pool-4390-thread-1] DEBUG org.apache.nifi.processors.standard.TailFile - TailFile[id=e266304c-a1ef-4c08-80a1-f26fd882b35b] Closed FileChannel sun.nio.ch.FileChannelImpl@17d9adff
[pool-4390-thread-1] DEBUG org.apache.nifi.processors.standard.TailFile - TailFile[id=e266304c-a1ef-4c08-80a1-f26fd882b35b] Created FileChannel sun.nio.ch.FileChannelImpl@3084af45 for target/logging.txt
[pool-4390-thread-1] DEBUG org.apache.nifi.processors.standard.TailFile - TailFile[id=e266304c-a1ef-4c08-80a1-f26fd882b35b] Reading lines starting at position 0
[pool-4390-thread-1] TRACE org.apache.nifi.processors.standard.TailFile - TailFile[id=e266304c-a1ef-4c08-80a1-f26fd882b35b] Checksum updated to 2413961882
[pool-4390-thread-1] DEBUG org.apache.nifi.processors.standard.TailFile - TailFile[id=e266304c-a1ef-4c08-80a1-f26fd882b35b] Created FlowFile[0,logging.0-4.txt,4B] and routed to success
[pool-4390-thread-1] DEBUG org.apache.nifi.processors.standard.TailFile - TailFile[id=e266304c-a1ef-4c08-80a1-f26fd882b35b] Recovering Rolled Off Files; total number of files rolled off = 0
[pool-4390-thread-1] DEBUG org.apache.nifi.processors.standard.TailFile - TailFile[id=e266304c-a1ef-4c08-80a1-f26fd882b35b] Created FileChannel sun.nio.ch.FileChannelImpl@5569711a for target/log.txt
[pool-4390-thread-1] DEBUG org.apache.nifi.processors.standard.TailFile - TailFile[id=e266304c-a1ef-4c08-80a1-f26fd882b35b] Reading lines starting at position 0
[pool-4390-thread-1] TRACE org.apache.nifi.processors.standard.TailFile - TailFile[id=e266304c-a1ef-4c08-80a1-f26fd882b35b] Checksum updated to 909783072
[pool-4390-thread-1] DEBUG org.apache.nifi.processors.standard.TailFile - TailFile[id=e266304c-a1ef-4c08-80a1-f26fd882b35b] Created FlowFile[1,log.0-6.txt,6B] and routed to success
[main] DEBUG org.apache.nifi.processors.standard.TailFile - TailFile[id=e266304c-a1ef-4c08-80a1-f26fd882b35b] Closed FileChannel sun.nio.ch.FileChannelImpl@3084af45
[main] DEBUG org.apache.nifi.processors.standard.TailFile - TailFile[id=e266304c-a1ef-4c08-80a1-f26fd882b35b] Closed FileChannel sun.nio.ch.FileChannelImpl@5569711a
[main] DEBUG org.apache.nifi.processors.standard.TailFile - TailFile[id=e266304c-a1ef-4c08-80a1-f26fd882b35b] When recovering state, checksum of tailed file matches the stored checksum. Will resume where left off.
[main] DEBUG org.apache.nifi.processors.standard.TailFile - TailFile[id=e266304c-a1ef-4c08-80a1-f26fd882b35b] Created FileChannel sun.nio.ch.FileChannelImpl@6e4e11ac for target/logging.txt in recoverState
[main] DEBUG org.apache.nifi.processors.standard.TailFile - TailFile[id=e266304c-a1ef-4c08-80a1-f26fd882b35b] Recovered state TailFileState[filename=target/logging.txt, position=4, timestamp=1714613009474, checksum=2413961882, tailingPostRollover=false]
[main] DEBUG org.apache.nifi.processors.standard.TailFile - TailFile[id=e266304c-a1ef-4c08-80a1-f26fd882b35b] When recovering state, checksum of tailed file matches the stored checksum. Will resume where left off.
[main] DEBUG org.apache.nifi.processors.standard.TailFile - TailFile[id=e266304c-a1ef-4c08-80a1-f26fd882b35b] Created FileChannel sun.nio.ch.FileChannelImpl@d0f8e0b for target/log.txt in recoverState
[main] DEBUG org.apache.nifi.processors.standard.TailFile - TailFile[id=e266304c-a1ef-4c08-80a1-f26fd882b35b] Recovered state TailFileState[filename=target/log.txt, position=6, timestamp=1714613009474, checksum=909783072, tailingPostRollover=false]
[pool-4391-thread-1] DEBUG org.apache.nifi.processors.standard.TailFile - TailFile[id=e266304c-a1ef-4c08-80a1-f26fd882b35b] Recovering Rolled Off Files; total number of files rolled off = 0
[pool-4391-thread-1] DEBUG org.apache.nifi.processors.standard.TailFile - TailFile[id=e266304c-a1ef-4c08-80a1-f26fd882b35b] Reading lines starting at position 4
[pool-4391-thread-1] DEBUG org.apache.nifi.processors.standard.TailFile - TailFile[id=e266304c-a1ef-4c08-80a1-f26fd882b35b] Read 0 lines; repositioning reader from 8 to 4
[pool-4391-thread-1] DEBUG org.apache.nifi.processors.standard.TailFile - TailFile[id=e266304c-a1ef-4c08-80a1-f26fd882b35b] No data to consume; removed created FlowFile
[pool-4391-thread-1] DEBUG org.apache.nifi.processors.standard.TailFile - TailFile[id=e266304c-a1ef-4c08-80a1-f26fd882b35b] Recovering Rolled Off Files; total number of files rolled off = 0
[pool-4391-thread-1] DEBUG org.apache.nifi.processors.standard.TailFile - TailFile[id=e266304c-a1ef-4c08-80a1-f26fd882b35b] Reading lines starting at position 6
[pool-4391-thread-1] DEBUG org.apache.nifi.processors.standard.TailFile - TailFile[id=e266304c-a1ef-4c08-80a1-f26fd882b35b] Read 0 lines; repositioning reader from 11 to 6
[pool-4391-thread-1] DEBUG org.apache.nifi.processors.standard.TailFile - TailFile[id=e266304c-a1ef-4c08-80a1-f26fd882b35b] No data to consume; removed created FlowFile
[main] DEBUG org.apache.nifi.processors.standard.TailFile - TailFile[id=e266304c-a1ef-4c08-80a1-f26fd882b35b] Closed FileChannel sun.nio.ch.FileChannelImpl@6e4e11ac
[main] DEBUG org.apache.nifi.processors.standard.TailFile - TailFile[id=e266304c-a1ef-4c08-80a1-f26fd882b35b] Closed FileChannel sun.nio.ch.FileChannelImpl@d0f8e0b
[main] DEBUG org.apache.nifi.processors.standard.TailFile - TailFile[id=e266304c-a1ef-4c08-80a1-f26fd882b35b] When recovering state, existing file to tail is only 2 bytes but position flag is 4; this indicates that the file has rotated. Will begin tailing current file from beginning.
[main] DEBUG org.apache.nifi.processors.standard.TailFile - TailFile[id=e266304c-a1ef-4c08-80a1-f26fd882b35b] Recovered state TailFileState[filename=target/logging.txt, position=4, timestamp=1714613009474, checksum=0, tailingPostRollover=false]
[main] DEBUG org.apache.nifi.processors.standard.TailFile - TailFile[id=e266304c-a1ef-4c08-80a1-f26fd882b35b] When recovering state, existing file to tail is only 2 bytes but position flag is 6; this indicates that the file has rotated. Will begin tailing current file from beginning.
[main] DEBUG org.apache.nifi.processors.standard.TailFile - TailFile[id=e266304c-a1ef-4c08-80a1-f26fd882b35b] Recovered state TailFileState[filename=target/log.txt, position=6, timestamp=1714613009474, checksum=0, tailingPostRollover=false]
[pool-4392-thread-1] DEBUG org.apache.nifi.processors.standard.TailFile - TailFile[id=e266304c-a1ef-4c08-80a1-f26fd882b35b] Recovering Rolled Off Files; total number of files rolled off = 1
[pool-4392-thread-1] DEBUG org.apache.nifi.processors.standard.TailFile - TailFile[id=e266304c-a1ef-4c08-80a1-f26fd882b35b] Checksum for target/logging.1 matched expected checksum. Will skip first 4 bytes
[pool-4392-thread-1] DEBUG org.apache.nifi.processors.standard.TailFile - TailFile[id=e266304c-a1ef-4c08-80a1-f26fd882b35b] Reading lines starting at position 4
[pool-4392-thread-1] TRACE org.apache.nifi.processors.standard.TailFile - TailFile[id=e266304c-a1ef-4c08-80a1-f26fd882b35b] Checksum updated to 0
[pool-4392-thread-1] TRACE org.apache.nifi.processors.standard.TailFile - TailFile[id=e266304c-a1ef-4c08-80a1-f26fd882b35b] Checksum updated to 3799930916
[pool-4392-thread-1] DEBUG org.apache.nifi.processors.standard.TailFile - TailFile[id=e266304c-a1ef-4c08-80a1-f26fd882b35b] Created FlowFile[4,logging.1,4B] from rolled over file target/logging.1 and routed to success
[pool-4392-thread-1] DEBUG org.apache.nifi.processors.standard.TailFile - TailFile[id=e266304c-a1ef-4c08-80a1-f26fd882b35b] Completed tailing of file target/logging.txt; will cleanup state
[pool-4392-thread-1] DEBUG org.apache.nifi.processors.standard.TailFile - TailFile[id=e266304c-a1ef-4c08-80a1-f26fd882b35b] Created FileChannel sun.nio.ch.FileChannelImpl@61f877e4 for target/logging.txt
[pool-4392-thread-1] DEBUG org.apache.nifi.processors.standard.TailFile - TailFile[id=e266304c-a1ef-4c08-80a1-f26fd882b35b] Closed FileChannel sun.nio.ch.FileChannelImpl@61f877e4
[pool-4392-thread-1] DEBUG org.apache.nifi.processors.standard.TailFile - TailFile[id=e266304c-a1ef-4c08-80a1-f26fd882b35b] Created FileChannel sun.nio.ch.FileChannelImpl@5bf3a44a for target/logging.txt
[pool-4392-thread-1] DEBUG org.apache.nifi.processors.standard.TailFile - TailFile[id=e266304c-a1ef-4c08-80a1-f26fd882b35b] Reading lines starting at position 0
[pool-4392-thread-1] TRACE org.apache.nifi.processors.standard.TailFile - TailFile[id=e266304c-a1ef-4c08-80a1-f26fd882b35b] Checksum updated to 1283239824
[pool-4392-thread-1] DEBUG org.apache.nifi.processors.standard.TailFile - TailFile[id=e266304c-a1ef-4c08-80a1-f26fd882b35b] Created FlowFile[5,logging.0-2.txt,2B] and routed to success
[pool-4392-thread-1] DEBUG org.apache.nifi.processors.standard.TailFile - TailFile[id=e266304c-a1ef-4c08-80a1-f26fd882b35b] Recovering Rolled Off Files; total number of files rolled off = 1
[pool-4392-thread-1] DEBUG org.apache.nifi.processors.standard.TailFile - TailFile[id=e266304c-a1ef-4c08-80a1-f26fd882b35b] Checksum for target/log.1 matched expected checksum. Will skip first 6 bytes
[pool-4392-thread-1] DEBUG org.apache.nifi.processors.standard.TailFile - TailFile[id=e266304c-a1ef-4c08-80a1-f26fd882b35b] Reading lines starting at position 6
[pool-4392-thread-1] TRACE org.apache.nifi.processors.standard.TailFile - TailFile[id=e266304c-a1ef-4c08-80a1-f26fd882b35b] Checksum updated to 0
[pool-4392-thread-1] TRACE org.apache.nifi.processors.standard.TailFile - TailFile[id=e266304c-a1ef-4c08-80a1-f26fd882b35b] Checksum updated to 980881731
[pool-4392-thread-1] DEBUG org.apache.nifi.processors.standard.TailFile - TailFile[id=e266304c-a1ef-4c08-80a1-f26fd882b35b] Created FlowFile[6,log.1,5B] from rolled over file target/log.1 and routed to success
[pool-4392-thread-1] DEBUG org.apache.nifi.processors.standard.TailFile - TailFile[id=e266304c-a1ef-4c08-80a1-f26fd882b35b] Completed tailing of file target/log.txt; will cleanup state
[pool-4392-thread-1] DEBUG org.apache.nifi.processors.standard.TailFile - TailFile[id=e266304c-a1ef-4c08-80a1-f26fd882b35b] Closed FileChannel sun.nio.ch.FileChannelImpl@5bf3a44a
[pool-4392-thread-1] DEBUG org.apache.nifi.processors.standard.TailFile - TailFile[id=e266304c-a1ef-4c08-80a1-f26fd882b35b] Created FileChannel sun.nio.ch.FileChannelImpl@1d788ab for target/log.txt
[pool-4392-thread-1] DEBUG org.apache.nifi.processors.standard.TailFile - TailFile[id=e266304c-a1ef-4c08-80a1-f26fd882b35b] Closed FileChannel sun.nio.ch.FileChannelImpl@1d788ab
[pool-4392-thread-1] DEBUG org.apache.nifi.processors.standard.TailFile - TailFile[id=e266304c-a1ef-4c08-80a1-f26fd882b35b] Created FileChannel sun.nio.ch.FileChannelImpl@4740ad2f for target/log.txt
[pool-4392-thread-1] DEBUG org.apache.nifi.processors.standard.TailFile - TailFile[id=e266304c-a1ef-4c08-80a1-f26fd882b35b] Reading lines starting at position 0
[pool-4392-thread-1] TRACE org.apache.nifi.processors.standard.TailFile - TailFile[id=e266304c-a1ef-4c08-80a1-f26fd882b35b] Checksum updated to 1733426259
[pool-4392-thread-1] DEBUG org.apache.nifi.processors.standard.TailFile - TailFile[id=e266304c-a1ef-4c08-80a1-f26fd882b35b] Created FlowFile[7,log.0-2.txt,2B] and routed to success
[main] DEBUG org.apache.nifi.processors.standard.TailFile - TailFile[id=e266304c-a1ef-4c08-80a1-f26fd882b35b] Closed FileChannel sun.nio.ch.FileChannelImpl@4740ad2f
]]></system-err>
  </testcase>
  <testcase name="testRolloverWhenNoRollingPattern" classname="org.apache.nifi.processors.standard.TestTailFile" time="0.005">
    <system-err><![CDATA[[pool-4393-thread-1] DEBUG org.apache.nifi.processors.standard.TailFile - TailFile[id=927453ad-e796-4b5f-b034-cde3362bc71d] Created FileChannel sun.nio.ch.FileChannelImpl@350b0f93 for target/log.txt
[pool-4393-thread-1] DEBUG org.apache.nifi.processors.standard.TailFile - TailFile[id=927453ad-e796-4b5f-b034-cde3362bc71d] Reading lines starting at position 0
[pool-4393-thread-1] TRACE org.apache.nifi.processors.standard.TailFile - TailFile[id=927453ad-e796-4b5f-b034-cde3362bc71d] Checksum updated to 1506887054
[pool-4393-thread-1] DEBUG org.apache.nifi.processors.standard.TailFile - TailFile[id=927453ad-e796-4b5f-b034-cde3362bc71d] Created FlowFile[0,log.0-12.txt,12B] and routed to success
[main] DEBUG org.apache.nifi.processors.standard.TailFile - TailFile[id=927453ad-e796-4b5f-b034-cde3362bc71d] Closed FileChannel sun.nio.ch.FileChannelImpl@350b0f93
[main] DEBUG org.apache.nifi.processors.standard.TailFile - TailFile[id=927453ad-e796-4b5f-b034-cde3362bc71d] When recovering state, existing file to tail is only 9 bytes but position flag is 12; this indicates that the file has rotated. Will begin tailing current file from beginning.
[main] DEBUG org.apache.nifi.processors.standard.TailFile - TailFile[id=927453ad-e796-4b5f-b034-cde3362bc71d] Recovered state TailFileState[filename=target/log.txt, position=12, timestamp=1714613009590, checksum=0, tailingPostRollover=false]
[pool-4394-thread-1] DEBUG org.apache.nifi.processors.standard.TailFile - TailFile[id=927453ad-e796-4b5f-b034-cde3362bc71d] Recovering Rolled Off Files; total number of files rolled off = 0
[pool-4394-thread-1] DEBUG org.apache.nifi.processors.standard.TailFile - TailFile[id=927453ad-e796-4b5f-b034-cde3362bc71d] Created FileChannel sun.nio.ch.FileChannelImpl@7087eda8 for target/log.txt
[pool-4394-thread-1] DEBUG org.apache.nifi.processors.standard.TailFile - TailFile[id=927453ad-e796-4b5f-b034-cde3362bc71d] Rotated = true because TailFileState Length = 12, File Length = 9
[pool-4394-thread-1] DEBUG org.apache.nifi.processors.standard.TailFile - TailFile[id=927453ad-e796-4b5f-b034-cde3362bc71d] Closed FileChannel sun.nio.ch.FileChannelImpl@7087eda8
[pool-4394-thread-1] DEBUG org.apache.nifi.processors.standard.TailFile - TailFile[id=927453ad-e796-4b5f-b034-cde3362bc71d] Created FileChannel sun.nio.ch.FileChannelImpl@74b86760 for target/log.txt
[pool-4394-thread-1] DEBUG org.apache.nifi.processors.standard.TailFile - TailFile[id=927453ad-e796-4b5f-b034-cde3362bc71d] Reading lines starting at position 0
[pool-4394-thread-1] TRACE org.apache.nifi.processors.standard.TailFile - TailFile[id=927453ad-e796-4b5f-b034-cde3362bc71d] Checksum updated to 755922184
[pool-4394-thread-1] DEBUG org.apache.nifi.processors.standard.TailFile - TailFile[id=927453ad-e796-4b5f-b034-cde3362bc71d] Created FlowFile[1,log.0-9.txt,9B] and routed to success
[main] DEBUG org.apache.nifi.processors.standard.TailFile - TailFile[id=927453ad-e796-4b5f-b034-cde3362bc71d] Closed FileChannel sun.nio.ch.FileChannelImpl@74b86760
[main] DEBUG org.apache.nifi.processors.standard.TailFile - TailFile[id=927453ad-e796-4b5f-b034-cde3362bc71d] When recovering state, checksum of tailed file does not match the stored checksum. Will begin tailing current file from beginning.
[main] DEBUG org.apache.nifi.processors.standard.TailFile - TailFile[id=927453ad-e796-4b5f-b034-cde3362bc71d] Recovered state TailFileState[filename=target/log.txt, position=9, timestamp=1714613009590, checksum=4139105502, tailingPostRollover=false]
[pool-4395-thread-1] DEBUG org.apache.nifi.processors.standard.TailFile - TailFile[id=927453ad-e796-4b5f-b034-cde3362bc71d] Recovering Rolled Off Files; total number of files rolled off = 0
[pool-4395-thread-1] DEBUG org.apache.nifi.processors.standard.TailFile - TailFile[id=927453ad-e796-4b5f-b034-cde3362bc71d] Created FileChannel sun.nio.ch.FileChannelImpl@2c44d8ea for target/log.txt
[pool-4395-thread-1] DEBUG org.apache.nifi.processors.standard.TailFile - TailFile[id=927453ad-e796-4b5f-b034-cde3362bc71d] Reading lines starting at position 9
[pool-4395-thread-1] TRACE org.apache.nifi.processors.standard.TailFile - TailFile[id=927453ad-e796-4b5f-b034-cde3362bc71d] Checksum updated to 423079842
[pool-4395-thread-1] DEBUG org.apache.nifi.processors.standard.TailFile - TailFile[id=927453ad-e796-4b5f-b034-cde3362bc71d] Created FlowFile[2,log.9-42.txt,33B] and routed to success
[main] DEBUG org.apache.nifi.processors.standard.TailFile - TailFile[id=927453ad-e796-4b5f-b034-cde3362bc71d] Closed FileChannel sun.nio.ch.FileChannelImpl@2c44d8ea
]]></system-err>
  </testcase>
  <testcase name="testMultiLineWaitsForRegexMatchShutdownBetweenReads" classname="org.apache.nifi.processors.standard.TestTailFile" time="0.023">
    <system-err><![CDATA[[pool-4396-thread-1] DEBUG org.apache.nifi.processors.standard.TailFile - TailFile[id=fcab4847-0f38-494a-8d88-fb67c4dd5a7d] Created FileChannel sun.nio.ch.FileChannelImpl@5bb2c6a7 for target/log.txt
[pool-4396-thread-1] DEBUG org.apache.nifi.processors.standard.TailFile - TailFile[id=fcab4847-0f38-494a-8d88-fb67c4dd5a7d] Reading lines starting at position 0
[pool-4396-thread-1] TRACE org.apache.nifi.processors.standard.TailFile - TailFile[id=fcab4847-0f38-494a-8d88-fb67c4dd5a7d] Checksum updated to 0
[pool-4396-thread-1] TRACE org.apache.nifi.processors.standard.TailFile - TailFile[id=fcab4847-0f38-494a-8d88-fb67c4dd5a7d] Checksum updated to 3759327841
[pool-4396-thread-1] DEBUG org.apache.nifi.processors.standard.TailFile - TailFile[id=fcab4847-0f38-494a-8d88-fb67c4dd5a7d] Created FlowFile[0,log.0-35.txt,16B] and routed to success
[pool-4396-thread-1] DEBUG org.apache.nifi.processors.standard.TailFile - TailFile[id=fcab4847-0f38-494a-8d88-fb67c4dd5a7d] Closed FileChannel sun.nio.ch.FileChannelImpl@5bb2c6a7
[main] DEBUG org.apache.nifi.processors.standard.TailFile - TailFile[id=fcab4847-0f38-494a-8d88-fb67c4dd5a7d] When recovering state, checksum of tailed file matches the stored checksum. Will resume where left off.
[main] DEBUG org.apache.nifi.processors.standard.TailFile - TailFile[id=fcab4847-0f38-494a-8d88-fb67c4dd5a7d] Created FileChannel sun.nio.ch.FileChannelImpl@4ef3bc5d for target/log.txt in recoverState
[main] DEBUG org.apache.nifi.processors.standard.TailFile - TailFile[id=fcab4847-0f38-494a-8d88-fb67c4dd5a7d] Recovered state TailFileState[filename=target/log.txt, position=16, timestamp=1714613009594, checksum=3759327841, tailingPostRollover=false]
[pool-4397-thread-1] DEBUG org.apache.nifi.processors.standard.TailFile - TailFile[id=fcab4847-0f38-494a-8d88-fb67c4dd5a7d] Recovering Rolled Off Files; total number of files rolled off = 0
[pool-4397-thread-1] DEBUG org.apache.nifi.processors.standard.TailFile - TailFile[id=fcab4847-0f38-494a-8d88-fb67c4dd5a7d] Reading lines starting at position 16
[pool-4397-thread-1] TRACE org.apache.nifi.processors.standard.TailFile - TailFile[id=fcab4847-0f38-494a-8d88-fb67c4dd5a7d] Checksum updated to 3759327841
[pool-4397-thread-1] TRACE org.apache.nifi.processors.standard.TailFile - TailFile[id=fcab4847-0f38-494a-8d88-fb67c4dd5a7d] Checksum updated to 1420984167
[pool-4397-thread-1] DEBUG org.apache.nifi.processors.standard.TailFile - TailFile[id=fcab4847-0f38-494a-8d88-fb67c4dd5a7d] Created FlowFile[1,log.16-58.txt,19B] and routed to success
[pool-4397-thread-1] DEBUG org.apache.nifi.processors.standard.TailFile - TailFile[id=fcab4847-0f38-494a-8d88-fb67c4dd5a7d] Closed FileChannel sun.nio.ch.FileChannelImpl@4ef3bc5d
[main] INFO org.apache.nifi.processors.standard.TestTailFile - i = 0
[main] DEBUG org.apache.nifi.processors.standard.TailFile - TailFile[id=fcab4847-0f38-494a-8d88-fb67c4dd5a7d] When recovering state, checksum of tailed file matches the stored checksum. Will resume where left off.
[main] DEBUG org.apache.nifi.processors.standard.TailFile - TailFile[id=fcab4847-0f38-494a-8d88-fb67c4dd5a7d] Created FileChannel sun.nio.ch.FileChannelImpl@527bf76f for target/log.txt in recoverState
[main] DEBUG org.apache.nifi.processors.standard.TailFile - TailFile[id=fcab4847-0f38-494a-8d88-fb67c4dd5a7d] Recovered state TailFileState[filename=target/log.txt, position=35, timestamp=1714613009598, checksum=1420984167, tailingPostRollover=false]
[pool-4398-thread-1] DEBUG org.apache.nifi.processors.standard.TailFile - TailFile[id=fcab4847-0f38-494a-8d88-fb67c4dd5a7d] Recovering Rolled Off Files; total number of files rolled off = 0
[pool-4398-thread-1] DEBUG org.apache.nifi.processors.standard.TailFile - TailFile[id=fcab4847-0f38-494a-8d88-fb67c4dd5a7d] Reading lines starting at position 35
[pool-4398-thread-1] TRACE org.apache.nifi.processors.standard.TailFile - TailFile[id=fcab4847-0f38-494a-8d88-fb67c4dd5a7d] Checksum updated to 1420984167
[pool-4398-thread-1] DEBUG org.apache.nifi.processors.standard.TailFile - TailFile[id=fcab4847-0f38-494a-8d88-fb67c4dd5a7d] No data to consume; removed created FlowFile
[pool-4398-thread-1] DEBUG org.apache.nifi.processors.standard.TailFile - TailFile[id=fcab4847-0f38-494a-8d88-fb67c4dd5a7d] Closed FileChannel sun.nio.ch.FileChannelImpl@527bf76f
[main] INFO org.apache.nifi.processors.standard.TestTailFile - i = 1
[main] DEBUG org.apache.nifi.processors.standard.TailFile - TailFile[id=fcab4847-0f38-494a-8d88-fb67c4dd5a7d] When recovering state, checksum of tailed file matches the stored checksum. Will resume where left off.
[main] DEBUG org.apache.nifi.processors.standard.TailFile - TailFile[id=fcab4847-0f38-494a-8d88-fb67c4dd5a7d] Created FileChannel sun.nio.ch.FileChannelImpl@1412f5eb for target/log.txt in recoverState
[main] DEBUG org.apache.nifi.processors.standard.TailFile - TailFile[id=fcab4847-0f38-494a-8d88-fb67c4dd5a7d] Recovered state TailFileState[filename=target/log.txt, position=35, timestamp=1714613009598, checksum=1420984167, tailingPostRollover=false]
[pool-4399-thread-1] DEBUG org.apache.nifi.processors.standard.TailFile - TailFile[id=fcab4847-0f38-494a-8d88-fb67c4dd5a7d] Recovering Rolled Off Files; total number of files rolled off = 0
[pool-4399-thread-1] DEBUG org.apache.nifi.processors.standard.TailFile - TailFile[id=fcab4847-0f38-494a-8d88-fb67c4dd5a7d] Reading lines starting at position 35
[pool-4399-thread-1] TRACE org.apache.nifi.processors.standard.TailFile - TailFile[id=fcab4847-0f38-494a-8d88-fb67c4dd5a7d] Checksum updated to 1420984167
[pool-4399-thread-1] DEBUG org.apache.nifi.processors.standard.TailFile - TailFile[id=fcab4847-0f38-494a-8d88-fb67c4dd5a7d] No data to consume; removed created FlowFile
[pool-4399-thread-1] DEBUG org.apache.nifi.processors.standard.TailFile - TailFile[id=fcab4847-0f38-494a-8d88-fb67c4dd5a7d] Closed FileChannel sun.nio.ch.FileChannelImpl@1412f5eb
[main] INFO org.apache.nifi.processors.standard.TestTailFile - i = 2
[main] DEBUG org.apache.nifi.processors.standard.TailFile - TailFile[id=fcab4847-0f38-494a-8d88-fb67c4dd5a7d] When recovering state, checksum of tailed file matches the stored checksum. Will resume where left off.
[main] DEBUG org.apache.nifi.processors.standard.TailFile - TailFile[id=fcab4847-0f38-494a-8d88-fb67c4dd5a7d] Created FileChannel sun.nio.ch.FileChannelImpl@4670eaf4 for target/log.txt in recoverState
[main] DEBUG org.apache.nifi.processors.standard.TailFile - TailFile[id=fcab4847-0f38-494a-8d88-fb67c4dd5a7d] Recovered state TailFileState[filename=target/log.txt, position=35, timestamp=1714613009598, checksum=1420984167, tailingPostRollover=false]
[pool-4400-thread-1] DEBUG org.apache.nifi.processors.standard.TailFile - TailFile[id=fcab4847-0f38-494a-8d88-fb67c4dd5a7d] Recovering Rolled Off Files; total number of files rolled off = 0
[pool-4400-thread-1] DEBUG org.apache.nifi.processors.standard.TailFile - TailFile[id=fcab4847-0f38-494a-8d88-fb67c4dd5a7d] Reading lines starting at position 35
[pool-4400-thread-1] TRACE org.apache.nifi.processors.standard.TailFile - TailFile[id=fcab4847-0f38-494a-8d88-fb67c4dd5a7d] Checksum updated to 1420984167
[pool-4400-thread-1] DEBUG org.apache.nifi.processors.standard.TailFile - TailFile[id=fcab4847-0f38-494a-8d88-fb67c4dd5a7d] No data to consume; removed created FlowFile
[pool-4400-thread-1] DEBUG org.apache.nifi.processors.standard.TailFile - TailFile[id=fcab4847-0f38-494a-8d88-fb67c4dd5a7d] Closed FileChannel sun.nio.ch.FileChannelImpl@4670eaf4
[main] INFO org.apache.nifi.processors.standard.TestTailFile - i = 3
[main] DEBUG org.apache.nifi.processors.standard.TailFile - TailFile[id=fcab4847-0f38-494a-8d88-fb67c4dd5a7d] When recovering state, checksum of tailed file matches the stored checksum. Will resume where left off.
[main] DEBUG org.apache.nifi.processors.standard.TailFile - TailFile[id=fcab4847-0f38-494a-8d88-fb67c4dd5a7d] Created FileChannel sun.nio.ch.FileChannelImpl@79c0a98 for target/log.txt in recoverState
[main] DEBUG org.apache.nifi.processors.standard.TailFile - TailFile[id=fcab4847-0f38-494a-8d88-fb67c4dd5a7d] Recovered state TailFileState[filename=target/log.txt, position=35, timestamp=1714613009602, checksum=1420984167, tailingPostRollover=false]
[pool-4401-thread-1] DEBUG org.apache.nifi.processors.standard.TailFile - TailFile[id=fcab4847-0f38-494a-8d88-fb67c4dd5a7d] Recovering Rolled Off Files; total number of files rolled off = 0
[pool-4401-thread-1] DEBUG org.apache.nifi.processors.standard.TailFile - TailFile[id=fcab4847-0f38-494a-8d88-fb67c4dd5a7d] Reading lines starting at position 35
[pool-4401-thread-1] TRACE org.apache.nifi.processors.standard.TailFile - TailFile[id=fcab4847-0f38-494a-8d88-fb67c4dd5a7d] Checksum updated to 1420984167
[pool-4401-thread-1] DEBUG org.apache.nifi.processors.standard.TailFile - TailFile[id=fcab4847-0f38-494a-8d88-fb67c4dd5a7d] No data to consume; removed created FlowFile
[pool-4401-thread-1] DEBUG org.apache.nifi.processors.standard.TailFile - TailFile[id=fcab4847-0f38-494a-8d88-fb67c4dd5a7d] Closed FileChannel sun.nio.ch.FileChannelImpl@79c0a98
[main] INFO org.apache.nifi.processors.standard.TestTailFile - i = 4
[main] DEBUG org.apache.nifi.processors.standard.TailFile - TailFile[id=fcab4847-0f38-494a-8d88-fb67c4dd5a7d] When recovering state, checksum of tailed file matches the stored checksum. Will resume where left off.
[main] DEBUG org.apache.nifi.processors.standard.TailFile - TailFile[id=fcab4847-0f38-494a-8d88-fb67c4dd5a7d] Created FileChannel sun.nio.ch.FileChannelImpl@6002193e for target/log.txt in recoverState
[main] DEBUG org.apache.nifi.processors.standard.TailFile - TailFile[id=fcab4847-0f38-494a-8d88-fb67c4dd5a7d] Recovered state TailFileState[filename=target/log.txt, position=35, timestamp=1714613009602, checksum=1420984167, tailingPostRollover=false]
[pool-4402-thread-1] DEBUG org.apache.nifi.processors.standard.TailFile - TailFile[id=fcab4847-0f38-494a-8d88-fb67c4dd5a7d] Recovering Rolled Off Files; total number of files rolled off = 0
[pool-4402-thread-1] DEBUG org.apache.nifi.processors.standard.TailFile - TailFile[id=fcab4847-0f38-494a-8d88-fb67c4dd5a7d] Reading lines starting at position 35
[pool-4402-thread-1] TRACE org.apache.nifi.processors.standard.TailFile - TailFile[id=fcab4847-0f38-494a-8d88-fb67c4dd5a7d] Checksum updated to 1420984167
[pool-4402-thread-1] DEBUG org.apache.nifi.processors.standard.TailFile - TailFile[id=fcab4847-0f38-494a-8d88-fb67c4dd5a7d] No data to consume; removed created FlowFile
[pool-4402-thread-1] DEBUG org.apache.nifi.processors.standard.TailFile - TailFile[id=fcab4847-0f38-494a-8d88-fb67c4dd5a7d] Closed FileChannel sun.nio.ch.FileChannelImpl@6002193e
[main] INFO org.apache.nifi.processors.standard.TestTailFile - i = 5
[main] DEBUG org.apache.nifi.processors.standard.TailFile - TailFile[id=fcab4847-0f38-494a-8d88-fb67c4dd5a7d] When recovering state, checksum of tailed file matches the stored checksum. Will resume where left off.
[main] DEBUG org.apache.nifi.processors.standard.TailFile - TailFile[id=fcab4847-0f38-494a-8d88-fb67c4dd5a7d] Created FileChannel sun.nio.ch.FileChannelImpl@13c923e0 for target/log.txt in recoverState
[main] DEBUG org.apache.nifi.processors.standard.TailFile - TailFile[id=fcab4847-0f38-494a-8d88-fb67c4dd5a7d] Recovered state TailFileState[filename=target/log.txt, position=35, timestamp=1714613009602, checksum=1420984167, tailingPostRollover=false]
[pool-4403-thread-1] DEBUG org.apache.nifi.processors.standard.TailFile - TailFile[id=fcab4847-0f38-494a-8d88-fb67c4dd5a7d] Recovering Rolled Off Files; total number of files rolled off = 0
[pool-4403-thread-1] DEBUG org.apache.nifi.processors.standard.TailFile - TailFile[id=fcab4847-0f38-494a-8d88-fb67c4dd5a7d] Reading lines starting at position 35
[pool-4403-thread-1] TRACE org.apache.nifi.processors.standard.TailFile - TailFile[id=fcab4847-0f38-494a-8d88-fb67c4dd5a7d] Checksum updated to 1420984167
[pool-4403-thread-1] DEBUG org.apache.nifi.processors.standard.TailFile - TailFile[id=fcab4847-0f38-494a-8d88-fb67c4dd5a7d] No data to consume; removed created FlowFile
[pool-4403-thread-1] DEBUG org.apache.nifi.processors.standard.TailFile - TailFile[id=fcab4847-0f38-494a-8d88-fb67c4dd5a7d] Closed FileChannel sun.nio.ch.FileChannelImpl@13c923e0
[main] INFO org.apache.nifi.processors.standard.TestTailFile - i = 6
[main] DEBUG org.apache.nifi.processors.standard.TailFile - TailFile[id=fcab4847-0f38-494a-8d88-fb67c4dd5a7d] When recovering state, checksum of tailed file matches the stored checksum. Will resume where left off.
[main] DEBUG org.apache.nifi.processors.standard.TailFile - TailFile[id=fcab4847-0f38-494a-8d88-fb67c4dd5a7d] Created FileChannel sun.nio.ch.FileChannelImpl@24cbac94 for target/log.txt in recoverState
[main] DEBUG org.apache.nifi.processors.standard.TailFile - TailFile[id=fcab4847-0f38-494a-8d88-fb67c4dd5a7d] Recovered state TailFileState[filename=target/log.txt, position=35, timestamp=1714613009606, checksum=1420984167, tailingPostRollover=false]
[pool-4404-thread-1] DEBUG org.apache.nifi.processors.standard.TailFile - TailFile[id=fcab4847-0f38-494a-8d88-fb67c4dd5a7d] Recovering Rolled Off Files; total number of files rolled off = 0
[pool-4404-thread-1] DEBUG org.apache.nifi.processors.standard.TailFile - TailFile[id=fcab4847-0f38-494a-8d88-fb67c4dd5a7d] Reading lines starting at position 35
[pool-4404-thread-1] TRACE org.apache.nifi.processors.standard.TailFile - TailFile[id=fcab4847-0f38-494a-8d88-fb67c4dd5a7d] Checksum updated to 1420984167
[pool-4404-thread-1] DEBUG org.apache.nifi.processors.standard.TailFile - TailFile[id=fcab4847-0f38-494a-8d88-fb67c4dd5a7d] No data to consume; removed created FlowFile
[pool-4404-thread-1] DEBUG org.apache.nifi.processors.standard.TailFile - TailFile[id=fcab4847-0f38-494a-8d88-fb67c4dd5a7d] Closed FileChannel sun.nio.ch.FileChannelImpl@24cbac94
[main] INFO org.apache.nifi.processors.standard.TestTailFile - i = 7
[main] DEBUG org.apache.nifi.processors.standard.TailFile - TailFile[id=fcab4847-0f38-494a-8d88-fb67c4dd5a7d] When recovering state, checksum of tailed file matches the stored checksum. Will resume where left off.
[main] DEBUG org.apache.nifi.processors.standard.TailFile - TailFile[id=fcab4847-0f38-494a-8d88-fb67c4dd5a7d] Created FileChannel sun.nio.ch.FileChannelImpl@2e046093 for target/log.txt in recoverState
[main] DEBUG org.apache.nifi.processors.standard.TailFile - TailFile[id=fcab4847-0f38-494a-8d88-fb67c4dd5a7d] Recovered state TailFileState[filename=target/log.txt, position=35, timestamp=1714613009606, checksum=1420984167, tailingPostRollover=false]
[pool-4405-thread-1] DEBUG org.apache.nifi.processors.standard.TailFile - TailFile[id=fcab4847-0f38-494a-8d88-fb67c4dd5a7d] Recovering Rolled Off Files; total number of files rolled off = 0
[pool-4405-thread-1] DEBUG org.apache.nifi.processors.standard.TailFile - TailFile[id=fcab4847-0f38-494a-8d88-fb67c4dd5a7d] Reading lines starting at position 35
[pool-4405-thread-1] TRACE org.apache.nifi.processors.standard.TailFile - TailFile[id=fcab4847-0f38-494a-8d88-fb67c4dd5a7d] Checksum updated to 1420984167
[pool-4405-thread-1] DEBUG org.apache.nifi.processors.standard.TailFile - TailFile[id=fcab4847-0f38-494a-8d88-fb67c4dd5a7d] No data to consume; removed created FlowFile
[pool-4405-thread-1] DEBUG org.apache.nifi.processors.standard.TailFile - TailFile[id=fcab4847-0f38-494a-8d88-fb67c4dd5a7d] Closed FileChannel sun.nio.ch.FileChannelImpl@2e046093
[main] INFO org.apache.nifi.processors.standard.TestTailFile - i = 8
[main] DEBUG org.apache.nifi.processors.standard.TailFile - TailFile[id=fcab4847-0f38-494a-8d88-fb67c4dd5a7d] When recovering state, checksum of tailed file matches the stored checksum. Will resume where left off.
[main] DEBUG org.apache.nifi.processors.standard.TailFile - TailFile[id=fcab4847-0f38-494a-8d88-fb67c4dd5a7d] Created FileChannel sun.nio.ch.FileChannelImpl@2fada0eb for target/log.txt in recoverState
[main] DEBUG org.apache.nifi.processors.standard.TailFile - TailFile[id=fcab4847-0f38-494a-8d88-fb67c4dd5a7d] Recovered state TailFileState[filename=target/log.txt, position=35, timestamp=1714613009610, checksum=1420984167, tailingPostRollover=false]
[pool-4406-thread-1] DEBUG org.apache.nifi.processors.standard.TailFile - TailFile[id=fcab4847-0f38-494a-8d88-fb67c4dd5a7d] Recovering Rolled Off Files; total number of files rolled off = 0
[pool-4406-thread-1] DEBUG org.apache.nifi.processors.standard.TailFile - TailFile[id=fcab4847-0f38-494a-8d88-fb67c4dd5a7d] Reading lines starting at position 35
[pool-4406-thread-1] TRACE org.apache.nifi.processors.standard.TailFile - TailFile[id=fcab4847-0f38-494a-8d88-fb67c4dd5a7d] Checksum updated to 1420984167
[pool-4406-thread-1] DEBUG org.apache.nifi.processors.standard.TailFile - TailFile[id=fcab4847-0f38-494a-8d88-fb67c4dd5a7d] No data to consume; removed created FlowFile
[pool-4406-thread-1] DEBUG org.apache.nifi.processors.standard.TailFile - TailFile[id=fcab4847-0f38-494a-8d88-fb67c4dd5a7d] Closed FileChannel sun.nio.ch.FileChannelImpl@2fada0eb
[main] INFO org.apache.nifi.processors.standard.TestTailFile - i = 9
[main] DEBUG org.apache.nifi.processors.standard.TailFile - TailFile[id=fcab4847-0f38-494a-8d88-fb67c4dd5a7d] When recovering state, checksum of tailed file matches the stored checksum. Will resume where left off.
[main] DEBUG org.apache.nifi.processors.standard.TailFile - TailFile[id=fcab4847-0f38-494a-8d88-fb67c4dd5a7d] Created FileChannel sun.nio.ch.FileChannelImpl@63fc9c9b for target/log.txt in recoverState
[main] DEBUG org.apache.nifi.processors.standard.TailFile - TailFile[id=fcab4847-0f38-494a-8d88-fb67c4dd5a7d] Recovered state TailFileState[filename=target/log.txt, position=35, timestamp=1714613009610, checksum=1420984167, tailingPostRollover=false]
[pool-4407-thread-1] DEBUG org.apache.nifi.processors.standard.TailFile - TailFile[id=fcab4847-0f38-494a-8d88-fb67c4dd5a7d] Recovering Rolled Off Files; total number of files rolled off = 0
[pool-4407-thread-1] DEBUG org.apache.nifi.processors.standard.TailFile - TailFile[id=fcab4847-0f38-494a-8d88-fb67c4dd5a7d] Reading lines starting at position 35
[pool-4407-thread-1] TRACE org.apache.nifi.processors.standard.TailFile - TailFile[id=fcab4847-0f38-494a-8d88-fb67c4dd5a7d] Checksum updated to 1420984167
[pool-4407-thread-1] DEBUG org.apache.nifi.processors.standard.TailFile - TailFile[id=fcab4847-0f38-494a-8d88-fb67c4dd5a7d] No data to consume; removed created FlowFile
[pool-4407-thread-1] DEBUG org.apache.nifi.processors.standard.TailFile - TailFile[id=fcab4847-0f38-494a-8d88-fb67c4dd5a7d] Closed FileChannel sun.nio.ch.FileChannelImpl@63fc9c9b
[main] DEBUG org.apache.nifi.processors.standard.TailFile - TailFile[id=fcab4847-0f38-494a-8d88-fb67c4dd5a7d] When recovering state, checksum of tailed file matches the stored checksum. Will resume where left off.
[main] DEBUG org.apache.nifi.processors.standard.TailFile - TailFile[id=fcab4847-0f38-494a-8d88-fb67c4dd5a7d] Created FileChannel sun.nio.ch.FileChannelImpl@455df61 for target/log.txt in recoverState
[main] DEBUG org.apache.nifi.processors.standard.TailFile - TailFile[id=fcab4847-0f38-494a-8d88-fb67c4dd5a7d] Recovered state TailFileState[filename=target/log.txt, position=35, timestamp=1714613009614, checksum=1420984167, tailingPostRollover=false]
[pool-4408-thread-1] DEBUG org.apache.nifi.processors.standard.TailFile - TailFile[id=fcab4847-0f38-494a-8d88-fb67c4dd5a7d] Recovering Rolled Off Files; total number of files rolled off = 0
[pool-4408-thread-1] DEBUG org.apache.nifi.processors.standard.TailFile - TailFile[id=fcab4847-0f38-494a-8d88-fb67c4dd5a7d] Reading lines starting at position 35
[pool-4408-thread-1] TRACE org.apache.nifi.processors.standard.TailFile - TailFile[id=fcab4847-0f38-494a-8d88-fb67c4dd5a7d] Checksum updated to 1420984167
[pool-4408-thread-1] TRACE org.apache.nifi.processors.standard.TailFile - TailFile[id=fcab4847-0f38-494a-8d88-fb67c4dd5a7d] Checksum updated to 309541038
[pool-4408-thread-1] DEBUG org.apache.nifi.processors.standard.TailFile - TailFile[id=fcab4847-0f38-494a-8d88-fb67c4dd5a7d] Created FlowFile[12,log.35-90.txt,43B] and routed to success
[pool-4408-thread-1] DEBUG org.apache.nifi.processors.standard.TailFile - TailFile[id=fcab4847-0f38-494a-8d88-fb67c4dd5a7d] Closed FileChannel sun.nio.ch.FileChannelImpl@455df61
[main] DEBUG org.apache.nifi.processors.standard.TailFile - TailFile[id=fcab4847-0f38-494a-8d88-fb67c4dd5a7d] When recovering state, existing file to tail is only 0 bytes but position flag is 78; this indicates that the file has rotated. Will begin tailing current file from beginning.
[main] DEBUG org.apache.nifi.processors.standard.TailFile - TailFile[id=fcab4847-0f38-494a-8d88-fb67c4dd5a7d] Recovered state TailFileState[filename=target/log.txt, position=78, timestamp=1714613009614, checksum=0, tailingPostRollover=false]
[pool-4409-thread-1] DEBUG org.apache.nifi.processors.standard.TailFile - TailFile[id=fcab4847-0f38-494a-8d88-fb67c4dd5a7d] Recovering Rolled Off Files; total number of files rolled off = 1
[pool-4409-thread-1] DEBUG org.apache.nifi.processors.standard.TailFile - TailFile[id=fcab4847-0f38-494a-8d88-fb67c4dd5a7d] Checksum for target/log.1 matched expected checksum. Will skip first 78 bytes
[pool-4409-thread-1] DEBUG org.apache.nifi.processors.standard.TailFile - TailFile[id=fcab4847-0f38-494a-8d88-fb67c4dd5a7d] Reading lines starting at position 78
[pool-4409-thread-1] TRACE org.apache.nifi.processors.standard.TailFile - TailFile[id=fcab4847-0f38-494a-8d88-fb67c4dd5a7d] Checksum updated to 0
[pool-4409-thread-1] TRACE org.apache.nifi.processors.standard.TailFile - TailFile[id=fcab4847-0f38-494a-8d88-fb67c4dd5a7d] Checksum updated to 1426789649
[pool-4409-thread-1] DEBUG org.apache.nifi.processors.standard.TailFile - TailFile[id=fcab4847-0f38-494a-8d88-fb67c4dd5a7d] Created FlowFile[13,log.1,12B] from rolled over file target/log.1 and routed to success
[pool-4409-thread-1] DEBUG org.apache.nifi.processors.standard.TailFile - TailFile[id=fcab4847-0f38-494a-8d88-fb67c4dd5a7d] Completed tailing of file target/log.txt; will cleanup state
[pool-4409-thread-1] DEBUG org.apache.nifi.processors.standard.TailFile - TailFile[id=fcab4847-0f38-494a-8d88-fb67c4dd5a7d] Created FileChannel sun.nio.ch.FileChannelImpl@65c9592a for target/log.txt
[pool-4409-thread-1] DEBUG org.apache.nifi.processors.standard.TailFile - TailFile[id=fcab4847-0f38-494a-8d88-fb67c4dd5a7d] Closed FileChannel sun.nio.ch.FileChannelImpl@65c9592a
[pool-4409-thread-1] DEBUG org.apache.nifi.processors.standard.TailFile - TailFile[id=fcab4847-0f38-494a-8d88-fb67c4dd5a7d] Created FileChannel sun.nio.ch.FileChannelImpl@61f6c14b for target/log.txt
[pool-4409-thread-1] DEBUG org.apache.nifi.processors.standard.TailFile - TailFile[id=fcab4847-0f38-494a-8d88-fb67c4dd5a7d] No data to consume; created no FlowFiles
[main] DEBUG org.apache.nifi.processors.standard.TailFile - TailFile[id=fcab4847-0f38-494a-8d88-fb67c4dd5a7d] Closed FileChannel sun.nio.ch.FileChannelImpl@61f6c14b
]]></system-err>
  </testcase>
  <testcase name="testRolloverAfterHavingReadAllData" classname="org.apache.nifi.processors.standard.TestTailFile" time="1.005">
    <system-err><![CDATA[[pool-4410-thread-1] DEBUG org.apache.nifi.processors.standard.TailFile - TailFile[id=58e9f004-a209-48f7-a460-be291829830b] Created FileChannel sun.nio.ch.FileChannelImpl@1b1d5621 for target/log.txt
[pool-4410-thread-1] DEBUG org.apache.nifi.processors.standard.TailFile - TailFile[id=58e9f004-a209-48f7-a460-be291829830b] No data to consume; created no FlowFiles
[pool-4411-thread-1] DEBUG org.apache.nifi.processors.standard.TailFile - TailFile[id=58e9f004-a209-48f7-a460-be291829830b] Recovering Rolled Off Files; total number of files rolled off = 0
[pool-4411-thread-1] DEBUG org.apache.nifi.processors.standard.TailFile - TailFile[id=58e9f004-a209-48f7-a460-be291829830b] Reading lines starting at position 0
[pool-4411-thread-1] TRACE org.apache.nifi.processors.standard.TailFile - TailFile[id=58e9f004-a209-48f7-a460-be291829830b] Checksum updated to 909783072
[pool-4411-thread-1] DEBUG org.apache.nifi.processors.standard.TailFile - TailFile[id=58e9f004-a209-48f7-a460-be291829830b] Created FlowFile[0,log.0-6.txt,6B] and routed to success
[main] DEBUG org.apache.nifi.processors.standard.TailFile - TailFile[id=58e9f004-a209-48f7-a460-be291829830b] Closed FileChannel sun.nio.ch.FileChannelImpl@1b1d5621
[main] DEBUG org.apache.nifi.processors.standard.TailFile - TailFile[id=58e9f004-a209-48f7-a460-be291829830b] When recovering state, checksum of tailed file matches the stored checksum. Will resume where left off.
[main] DEBUG org.apache.nifi.processors.standard.TailFile - TailFile[id=58e9f004-a209-48f7-a460-be291829830b] Created FileChannel sun.nio.ch.FileChannelImpl@1b4cd35e for target/log.txt in recoverState
[main] DEBUG org.apache.nifi.processors.standard.TailFile - TailFile[id=58e9f004-a209-48f7-a460-be291829830b] Recovered state TailFileState[filename=target/log.txt, position=6, timestamp=1714613009618, checksum=909783072, tailingPostRollover=false]
[pool-4412-thread-1] DEBUG org.apache.nifi.processors.standard.TailFile - TailFile[id=58e9f004-a209-48f7-a460-be291829830b] Recovering Rolled Off Files; total number of files rolled off = 0
[pool-4412-thread-1] DEBUG org.apache.nifi.processors.standard.TailFile - TailFile[id=58e9f004-a209-48f7-a460-be291829830b] Reading lines starting at position 6
[pool-4412-thread-1] DEBUG org.apache.nifi.processors.standard.TailFile - TailFile[id=58e9f004-a209-48f7-a460-be291829830b] Read 0 lines; repositioning reader from 11 to 6
[pool-4412-thread-1] DEBUG org.apache.nifi.processors.standard.TailFile - TailFile[id=58e9f004-a209-48f7-a460-be291829830b] No data to consume; removed created FlowFile
[main] DEBUG org.apache.nifi.processors.standard.TailFile - TailFile[id=58e9f004-a209-48f7-a460-be291829830b] Closed FileChannel sun.nio.ch.FileChannelImpl@1b4cd35e
[main] DEBUG org.apache.nifi.processors.standard.TailFile - TailFile[id=58e9f004-a209-48f7-a460-be291829830b] When recovering state, existing file to tail is only 2 bytes but position flag is 6; this indicates that the file has rotated. Will begin tailing current file from beginning.
[main] DEBUG org.apache.nifi.processors.standard.TailFile - TailFile[id=58e9f004-a209-48f7-a460-be291829830b] Recovered state TailFileState[filename=target/log.txt, position=6, timestamp=1714613009618, checksum=0, tailingPostRollover=false]
[pool-4413-thread-1] DEBUG org.apache.nifi.processors.standard.TailFile - TailFile[id=58e9f004-a209-48f7-a460-be291829830b] Recovering Rolled Off Files; total number of files rolled off = 1
[pool-4413-thread-1] DEBUG org.apache.nifi.processors.standard.TailFile - TailFile[id=58e9f004-a209-48f7-a460-be291829830b] Checksum for target/log.1 matched expected checksum. Will skip first 6 bytes
[pool-4413-thread-1] DEBUG org.apache.nifi.processors.standard.TailFile - TailFile[id=58e9f004-a209-48f7-a460-be291829830b] Reading lines starting at position 6
[pool-4413-thread-1] TRACE org.apache.nifi.processors.standard.TailFile - TailFile[id=58e9f004-a209-48f7-a460-be291829830b] Checksum updated to 0
[pool-4413-thread-1] TRACE org.apache.nifi.processors.standard.TailFile - TailFile[id=58e9f004-a209-48f7-a460-be291829830b] Checksum updated to 980881731
[pool-4413-thread-1] DEBUG org.apache.nifi.processors.standard.TailFile - TailFile[id=58e9f004-a209-48f7-a460-be291829830b] Created FlowFile[2,log.1,5B] from rolled over file target/log.1 and routed to success
[pool-4413-thread-1] DEBUG org.apache.nifi.processors.standard.TailFile - TailFile[id=58e9f004-a209-48f7-a460-be291829830b] Completed tailing of file target/log.txt; will cleanup state
[pool-4413-thread-1] DEBUG org.apache.nifi.processors.standard.TailFile - TailFile[id=58e9f004-a209-48f7-a460-be291829830b] Created FileChannel sun.nio.ch.FileChannelImpl@4e69b1f2 for target/log.txt
[pool-4413-thread-1] DEBUG org.apache.nifi.processors.standard.TailFile - TailFile[id=58e9f004-a209-48f7-a460-be291829830b] Closed FileChannel sun.nio.ch.FileChannelImpl@4e69b1f2
[pool-4413-thread-1] DEBUG org.apache.nifi.processors.standard.TailFile - TailFile[id=58e9f004-a209-48f7-a460-be291829830b] Created FileChannel sun.nio.ch.FileChannelImpl@4a563ce7 for target/log.txt
[pool-4413-thread-1] DEBUG org.apache.nifi.processors.standard.TailFile - TailFile[id=58e9f004-a209-48f7-a460-be291829830b] Reading lines starting at position 0
[pool-4413-thread-1] TRACE org.apache.nifi.processors.standard.TailFile - TailFile[id=58e9f004-a209-48f7-a460-be291829830b] Checksum updated to 1733426259
[pool-4413-thread-1] DEBUG org.apache.nifi.processors.standard.TailFile - TailFile[id=58e9f004-a209-48f7-a460-be291829830b] Created FlowFile[3,log.0-2.txt,2B] and routed to success
[main] DEBUG org.apache.nifi.processors.standard.TailFile - TailFile[id=58e9f004-a209-48f7-a460-be291829830b] Closed FileChannel sun.nio.ch.FileChannelImpl@4a563ce7
]]></system-err>
  </testcase>
  <testcase name="testConsumeAfterTruncationStartAtBeginningOfFile" classname="org.apache.nifi.processors.standard.TestTailFile" time="1.005">
    <system-out><![CDATA[Ingested 6 bytes
Rolled over file to log.txt.previous
Wrote out 6 bytes to tailed file
]]></system-out>
    <system-err><![CDATA[[pool-4414-thread-1] DEBUG org.apache.nifi.processors.standard.TailFile - TailFile[id=ddc804db-7f92-498e-be9e-fdb47b6e121d] Created FileChannel sun.nio.ch.FileChannelImpl@16ae8a40 for target/log.txt
[pool-4414-thread-1] DEBUG org.apache.nifi.processors.standard.TailFile - TailFile[id=ddc804db-7f92-498e-be9e-fdb47b6e121d] No data to consume; created no FlowFiles
[main] DEBUG org.apache.nifi.processors.standard.TailFile - TailFile[id=ddc804db-7f92-498e-be9e-fdb47b6e121d] Closed FileChannel sun.nio.ch.FileChannelImpl@16ae8a40
[main] DEBUG org.apache.nifi.processors.standard.TailFile - TailFile[id=ddc804db-7f92-498e-be9e-fdb47b6e121d] When recovering state, checksum of tailed file matches the stored checksum. Will resume where left off.
[main] DEBUG org.apache.nifi.processors.standard.TailFile - TailFile[id=ddc804db-7f92-498e-be9e-fdb47b6e121d] Created FileChannel sun.nio.ch.FileChannelImpl@4a73c169 for target/log.txt in recoverState
[main] DEBUG org.apache.nifi.processors.standard.TailFile - TailFile[id=ddc804db-7f92-498e-be9e-fdb47b6e121d] Recovered state TailFileState[filename=target/log.txt, position=0, timestamp=0, checksum=0, tailingPostRollover=false]
[pool-4415-thread-1] DEBUG org.apache.nifi.processors.standard.TailFile - TailFile[id=ddc804db-7f92-498e-be9e-fdb47b6e121d] Recovering Rolled Off Files; total number of files rolled off = 0
[pool-4415-thread-1] DEBUG org.apache.nifi.processors.standard.TailFile - TailFile[id=ddc804db-7f92-498e-be9e-fdb47b6e121d] Reading lines starting at position 0
[pool-4415-thread-1] TRACE org.apache.nifi.processors.standard.TailFile - TailFile[id=ddc804db-7f92-498e-be9e-fdb47b6e121d] Checksum updated to 909783072
[pool-4415-thread-1] DEBUG org.apache.nifi.processors.standard.TailFile - TailFile[id=ddc804db-7f92-498e-be9e-fdb47b6e121d] Created FlowFile[0,log.0-6.txt,6B] and routed to success
[main] DEBUG org.apache.nifi.processors.standard.TailFile - TailFile[id=ddc804db-7f92-498e-be9e-fdb47b6e121d] Closed FileChannel sun.nio.ch.FileChannelImpl@4a73c169
[main] DEBUG org.apache.nifi.processors.standard.TailFile - TailFile[id=ddc804db-7f92-498e-be9e-fdb47b6e121d] When recovering state, existing file to tail is only 0 bytes but position flag is 6; this indicates that the file has rotated. Will begin tailing current file from beginning.
[main] DEBUG org.apache.nifi.processors.standard.TailFile - TailFile[id=ddc804db-7f92-498e-be9e-fdb47b6e121d] Recovered state TailFileState[filename=target/log.txt, position=6, timestamp=1714613010626, checksum=0, tailingPostRollover=false]
[pool-4416-thread-1] DEBUG org.apache.nifi.processors.standard.TailFile - TailFile[id=ddc804db-7f92-498e-be9e-fdb47b6e121d] Recovering Rolled Off Files; total number of files rolled off = 1
[pool-4416-thread-1] DEBUG org.apache.nifi.processors.standard.TailFile - TailFile[id=ddc804db-7f92-498e-be9e-fdb47b6e121d] Checksum for target/log.txt.previous matched expected checksum. Will skip first 6 bytes
[pool-4416-thread-1] DEBUG org.apache.nifi.processors.standard.TailFile - TailFile[id=ddc804db-7f92-498e-be9e-fdb47b6e121d] Reading lines starting at position 6
[pool-4416-thread-1] TRACE org.apache.nifi.processors.standard.TailFile - TailFile[id=ddc804db-7f92-498e-be9e-fdb47b6e121d] Checksum updated to 0
[pool-4416-thread-1] TRACE org.apache.nifi.processors.standard.TailFile - TailFile[id=ddc804db-7f92-498e-be9e-fdb47b6e121d] Checksum updated to 0
[pool-4416-thread-1] DEBUG org.apache.nifi.processors.standard.TailFile - TailFile[id=ddc804db-7f92-498e-be9e-fdb47b6e121d] Completed tailing of file target/log.txt; will cleanup state
[pool-4416-thread-1] DEBUG org.apache.nifi.processors.standard.TailFile - TailFile[id=ddc804db-7f92-498e-be9e-fdb47b6e121d] Created FileChannel sun.nio.ch.FileChannelImpl@6d50c64f for target/log.txt
[pool-4416-thread-1] DEBUG org.apache.nifi.processors.standard.TailFile - TailFile[id=ddc804db-7f92-498e-be9e-fdb47b6e121d] Closed FileChannel sun.nio.ch.FileChannelImpl@6d50c64f
[pool-4416-thread-1] DEBUG org.apache.nifi.processors.standard.TailFile - TailFile[id=ddc804db-7f92-498e-be9e-fdb47b6e121d] Created FileChannel sun.nio.ch.FileChannelImpl@696f5f3d for target/log.txt
[pool-4416-thread-1] DEBUG org.apache.nifi.processors.standard.TailFile - TailFile[id=ddc804db-7f92-498e-be9e-fdb47b6e121d] No data to consume; created no FlowFiles
[main] DEBUG org.apache.nifi.processors.standard.TailFile - TailFile[id=ddc804db-7f92-498e-be9e-fdb47b6e121d] Closed FileChannel sun.nio.ch.FileChannelImpl@696f5f3d
[main] DEBUG org.apache.nifi.processors.standard.TailFile - TailFile[id=ddc804db-7f92-498e-be9e-fdb47b6e121d] When recovering state, checksum of tailed file matches the stored checksum. Will resume where left off.
[main] DEBUG org.apache.nifi.processors.standard.TailFile - TailFile[id=ddc804db-7f92-498e-be9e-fdb47b6e121d] Created FileChannel sun.nio.ch.FileChannelImpl@7ba8aec9 for target/log.txt in recoverState
[main] DEBUG org.apache.nifi.processors.standard.TailFile - TailFile[id=ddc804db-7f92-498e-be9e-fdb47b6e121d] Recovered state TailFileState[filename=target/log.txt, position=0, timestamp=1714613010627, checksum=0, tailingPostRollover=false]
[pool-4417-thread-1] DEBUG org.apache.nifi.processors.standard.TailFile - TailFile[id=ddc804db-7f92-498e-be9e-fdb47b6e121d] Found rolled off file target/log.txt.previous but its last modified timestamp is before the cutoff (Last Mod = 1714613010626, Cutoff = 1714613010627) so will not consume it
[pool-4417-thread-1] DEBUG org.apache.nifi.processors.standard.TailFile - TailFile[id=ddc804db-7f92-498e-be9e-fdb47b6e121d] Recovering Rolled Off Files; total number of files rolled off = 0
[pool-4417-thread-1] DEBUG org.apache.nifi.processors.standard.TailFile - TailFile[id=ddc804db-7f92-498e-be9e-fdb47b6e121d] Reading lines starting at position 0
[pool-4417-thread-1] TRACE org.apache.nifi.processors.standard.TailFile - TailFile[id=ddc804db-7f92-498e-be9e-fdb47b6e121d] Checksum updated to 4255962990
[pool-4417-thread-1] DEBUG org.apache.nifi.processors.standard.TailFile - TailFile[id=ddc804db-7f92-498e-be9e-fdb47b6e121d] Created FlowFile[2,log.0-6.txt,6B] and routed to success
[main] DEBUG org.apache.nifi.processors.standard.TailFile - TailFile[id=ddc804db-7f92-498e-be9e-fdb47b6e121d] Closed FileChannel sun.nio.ch.FileChannelImpl@7ba8aec9
]]></system-err>
  </testcase>
  <testcase name="testDetectNewFile" classname="org.apache.nifi.processors.standard.TestTailFile" time="4.005">
    <system-err><![CDATA[[pool-4419-thread-1] DEBUG org.apache.nifi.processors.standard.TailFile - TailFile[id=3670110f-f515-4a81-b398-14341b1bb95c] Created FileChannel sun.nio.ch.FileChannelImpl@4836f01b for target/log_1.txt
[pool-4419-thread-1] DEBUG org.apache.nifi.processors.standard.TailFile - TailFile[id=3670110f-f515-4a81-b398-14341b1bb95c] Reading lines starting at position 0
[pool-4419-thread-1] TRACE org.apache.nifi.processors.standard.TailFile - TailFile[id=3670110f-f515-4a81-b398-14341b1bb95c] Checksum updated to 231646501
[pool-4419-thread-1] DEBUG org.apache.nifi.processors.standard.TailFile - TailFile[id=3670110f-f515-4a81-b398-14341b1bb95c] Created FlowFile[0,log_1.0-10.txt,10B] and routed to success
[pool-4419-thread-1] DEBUG org.apache.nifi.processors.standard.TailFile - TailFile[id=3670110f-f515-4a81-b398-14341b1bb95c] Recovering Rolled Off Files; total number of files rolled off = 0
[pool-4419-thread-1] DEBUG org.apache.nifi.processors.standard.TailFile - TailFile[id=3670110f-f515-4a81-b398-14341b1bb95c] No data to consume; created no FlowFiles
[pool-4419-thread-1] DEBUG org.apache.nifi.processors.standard.TailFile - TailFile[id=3670110f-f515-4a81-b398-14341b1bb95c] Closed FileChannel sun.nio.ch.FileChannelImpl@4836f01b
[pool-4419-thread-1] DEBUG org.apache.nifi.processors.standard.TailFile - TailFile[id=3670110f-f515-4a81-b398-14341b1bb95c] Created FileChannel sun.nio.ch.FileChannelImpl@90bfa20 for target/log_2.txt
[pool-4419-thread-1] DEBUG org.apache.nifi.processors.standard.TailFile - TailFile[id=3670110f-f515-4a81-b398-14341b1bb95c] Reading lines starting at position 0
[pool-4419-thread-1] TRACE org.apache.nifi.processors.standard.TailFile - TailFile[id=3670110f-f515-4a81-b398-14341b1bb95c] Checksum updated to 1206215171
[pool-4419-thread-1] DEBUG org.apache.nifi.processors.standard.TailFile - TailFile[id=3670110f-f515-4a81-b398-14341b1bb95c] Created FlowFile[1,log_2.0-8.txt,8B] and routed to success
[pool-4419-thread-1] DEBUG org.apache.nifi.processors.standard.TailFile - TailFile[id=3670110f-f515-4a81-b398-14341b1bb95c] Recovering Rolled Off Files; total number of files rolled off = 0
[pool-4419-thread-1] DEBUG org.apache.nifi.processors.standard.TailFile - TailFile[id=3670110f-f515-4a81-b398-14341b1bb95c] Created FileChannel sun.nio.ch.FileChannelImpl@38c817c9 for target/log_1.txt
[pool-4419-thread-1] DEBUG org.apache.nifi.processors.standard.TailFile - TailFile[id=3670110f-f515-4a81-b398-14341b1bb95c] No data to consume; created no FlowFiles
[pool-4419-thread-1] DEBUG org.apache.nifi.processors.standard.TailFile - TailFile[id=3670110f-f515-4a81-b398-14341b1bb95c] Recovering Rolled Off Files; total number of files rolled off = 0
[pool-4419-thread-1] DEBUG org.apache.nifi.processors.standard.TailFile - TailFile[id=3670110f-f515-4a81-b398-14341b1bb95c] No data to consume; created no FlowFiles
[main] DEBUG org.apache.nifi.processors.standard.TailFile - TailFile[id=3670110f-f515-4a81-b398-14341b1bb95c] Closed FileChannel sun.nio.ch.FileChannelImpl@38c817c9
[main] DEBUG org.apache.nifi.processors.standard.TailFile - TailFile[id=3670110f-f515-4a81-b398-14341b1bb95c] Closed FileChannel sun.nio.ch.FileChannelImpl@90bfa20
]]></system-err>
  </testcase>
  <testcase name="testMigrateFrom100To110" classname="org.apache.nifi.processors.standard.TestTailFile" time="0.003">
    <system-err><![CDATA[[main] INFO org.apache.nifi.processors.standard.TailFile - TailFile[id=b1d98a78-6e45-46fe-88e0-65c4bb4456eb] statesMap has been migrated. {file.0.filename=target/existing-log.txt, file.0.length=14, file.0.position=14, file.0.checksum=2279929157, file.0.timestamp=1480639134000}
[main] DEBUG org.apache.nifi.processors.standard.TailFile - TailFile[id=b1d98a78-6e45-46fe-88e0-65c4bb4456eb] When recovering state, checksum of tailed file matches the stored checksum. Will resume where left off.
[main] DEBUG org.apache.nifi.processors.standard.TailFile - TailFile[id=b1d98a78-6e45-46fe-88e0-65c4bb4456eb] Created FileChannel sun.nio.ch.FileChannelImpl@2dbdcd27 for target/existing-log.txt in recoverState
[main] DEBUG org.apache.nifi.processors.standard.TailFile - TailFile[id=b1d98a78-6e45-46fe-88e0-65c4bb4456eb] Recovered state TailFileState[filename=target/existing-log.txt, position=14, timestamp=1480639134000, checksum=2279929157, tailingPostRollover=false]
[pool-4420-thread-1] INFO org.apache.nifi.processors.standard.TailFile - TailFile[id=b1d98a78-6e45-46fe-88e0-65c4bb4456eb] statesMap has been migrated. {file.0.filename=target/existing-log.txt, file.0.length=14, file.0.position=14, file.0.checksum=2279929157, file.0.timestamp=1480639134000}
[pool-4420-thread-1] DEBUG org.apache.nifi.processors.standard.TailFile - TailFile[id=b1d98a78-6e45-46fe-88e0-65c4bb4456eb] When recovering state, checksum of tailed file matches the stored checksum. Will resume where left off.
[pool-4420-thread-1] DEBUG org.apache.nifi.processors.standard.TailFile - TailFile[id=b1d98a78-6e45-46fe-88e0-65c4bb4456eb] Created FileChannel sun.nio.ch.FileChannelImpl@35d6f0d for target/existing-log.txt in recoverState
[pool-4420-thread-1] DEBUG org.apache.nifi.processors.standard.TailFile - TailFile[id=b1d98a78-6e45-46fe-88e0-65c4bb4456eb] Recovered state TailFileState[filename=target/existing-log.txt, position=14, timestamp=1480639134000, checksum=2279929157, tailingPostRollover=false]
[pool-4420-thread-1] DEBUG org.apache.nifi.processors.standard.TailFile - TailFile[id=b1d98a78-6e45-46fe-88e0-65c4bb4456eb] Recovering Rolled Off Files; total number of files rolled off = 0
[pool-4420-thread-1] DEBUG org.apache.nifi.processors.standard.TailFile - TailFile[id=b1d98a78-6e45-46fe-88e0-65c4bb4456eb] Reading lines starting at position 14
[pool-4420-thread-1] TRACE org.apache.nifi.processors.standard.TailFile - TailFile[id=b1d98a78-6e45-46fe-88e0-65c4bb4456eb] Checksum updated to 3380848603
[pool-4420-thread-1] DEBUG org.apache.nifi.processors.standard.TailFile - TailFile[id=b1d98a78-6e45-46fe-88e0-65c4bb4456eb] Created FlowFile[0,existing-log.14-21.txt,7B] and routed to success
[pool-4420-thread-1] INFO org.apache.nifi.processors.standard.TailFile - TailFile[id=b1d98a78-6e45-46fe-88e0-65c4bb4456eb] Removed state checksum=2279929157 stored by older version of NiFi.
[pool-4420-thread-1] INFO org.apache.nifi.processors.standard.TailFile - TailFile[id=b1d98a78-6e45-46fe-88e0-65c4bb4456eb] Removed state filename=target/existing-log.txt stored by older version of NiFi.
[pool-4420-thread-1] INFO org.apache.nifi.processors.standard.TailFile - TailFile[id=b1d98a78-6e45-46fe-88e0-65c4bb4456eb] Removed state position=14 stored by older version of NiFi.
[pool-4420-thread-1] INFO org.apache.nifi.processors.standard.TailFile - TailFile[id=b1d98a78-6e45-46fe-88e0-65c4bb4456eb] Removed state timestamp=1480639134000 stored by older version of NiFi.
[main] DEBUG org.apache.nifi.processors.standard.TailFile - TailFile[id=b1d98a78-6e45-46fe-88e0-65c4bb4456eb] Closed FileChannel sun.nio.ch.FileChannelImpl@35d6f0d
[main] DEBUG org.apache.nifi.processors.standard.TailFile - TailFile[id=b1d98a78-6e45-46fe-88e0-65c4bb4456eb] When recovering state, checksum of tailed file matches the stored checksum. Will resume where left off.
[main] DEBUG org.apache.nifi.processors.standard.TailFile - TailFile[id=b1d98a78-6e45-46fe-88e0-65c4bb4456eb] Created FileChannel sun.nio.ch.FileChannelImpl@d720586 for target/existing-log.txt in recoverState
[main] DEBUG org.apache.nifi.processors.standard.TailFile - TailFile[id=b1d98a78-6e45-46fe-88e0-65c4bb4456eb] Recovered state TailFileState[filename=target/existing-log.txt, position=21, timestamp=1714613015634, checksum=3380848603, tailingPostRollover=false]
[pool-4421-thread-1] DEBUG org.apache.nifi.processors.standard.TailFile - TailFile[id=b1d98a78-6e45-46fe-88e0-65c4bb4456eb] Recovering Rolled Off Files; total number of files rolled off = 0
[pool-4421-thread-1] DEBUG org.apache.nifi.processors.standard.TailFile - TailFile[id=b1d98a78-6e45-46fe-88e0-65c4bb4456eb] No data to consume; created no FlowFiles
[main] DEBUG org.apache.nifi.processors.standard.TailFile - TailFile[id=b1d98a78-6e45-46fe-88e0-65c4bb4456eb] Closed FileChannel sun.nio.ch.FileChannelImpl@d720586
]]></system-err>
  </testcase>
  <testcase name="testMultipleFilesWithBasedirAndFilenameEL" classname="org.apache.nifi.processors.standard.TestTailFile" time="0.061">
    <system-err><![CDATA[[pool-4422-thread-1] DEBUG org.apache.nifi.processors.standard.TailFile - TailFile[id=278f1b72-7daa-41e0-9c74-275a15636636] Created FileChannel sun.nio.ch.FileChannelImpl@41994bcb for target/testDir/log.txt
[pool-4422-thread-1] DEBUG org.apache.nifi.processors.standard.TailFile - TailFile[id=278f1b72-7daa-41e0-9c74-275a15636636] No data to consume; created no FlowFiles
[pool-4422-thread-1] DEBUG org.apache.nifi.processors.standard.TailFile - TailFile[id=278f1b72-7daa-41e0-9c74-275a15636636] Closed FileChannel sun.nio.ch.FileChannelImpl@41994bcb
[pool-4422-thread-1] DEBUG org.apache.nifi.processors.standard.TailFile - TailFile[id=278f1b72-7daa-41e0-9c74-275a15636636] Created FileChannel sun.nio.ch.FileChannelImpl@7f387b17 for target/log.txt
[pool-4422-thread-1] DEBUG org.apache.nifi.processors.standard.TailFile - TailFile[id=278f1b72-7daa-41e0-9c74-275a15636636] No data to consume; created no FlowFiles
[main] DEBUG org.apache.nifi.processors.standard.TailFile - TailFile[id=278f1b72-7daa-41e0-9c74-275a15636636] Closed FileChannel sun.nio.ch.FileChannelImpl@7f387b17
[main] DEBUG org.apache.nifi.processors.standard.TailFile - TailFile[id=278f1b72-7daa-41e0-9c74-275a15636636] When recovering state, checksum of tailed file matches the stored checksum. Will resume where left off.
[main] DEBUG org.apache.nifi.processors.standard.TailFile - TailFile[id=278f1b72-7daa-41e0-9c74-275a15636636] Created FileChannel sun.nio.ch.FileChannelImpl@446c0a17 for target/log.txt in recoverState
[main] DEBUG org.apache.nifi.processors.standard.TailFile - TailFile[id=278f1b72-7daa-41e0-9c74-275a15636636] Recovered state TailFileState[filename=target/log.txt, position=0, timestamp=0, checksum=0, tailingPostRollover=false]
[main] DEBUG org.apache.nifi.processors.standard.TailFile - TailFile[id=278f1b72-7daa-41e0-9c74-275a15636636] When recovering state, checksum of tailed file matches the stored checksum. Will resume where left off.
[main] DEBUG org.apache.nifi.processors.standard.TailFile - TailFile[id=278f1b72-7daa-41e0-9c74-275a15636636] Created FileChannel sun.nio.ch.FileChannelImpl@1ece2c33 for target/testDir/log.txt in recoverState
[main] DEBUG org.apache.nifi.processors.standard.TailFile - TailFile[id=278f1b72-7daa-41e0-9c74-275a15636636] Recovered state TailFileState[filename=target/testDir/log.txt, position=0, timestamp=0, checksum=0, tailingPostRollover=false]
[pool-4423-thread-1] DEBUG org.apache.nifi.processors.standard.TailFile - TailFile[id=278f1b72-7daa-41e0-9c74-275a15636636] Recovering Rolled Off Files; total number of files rolled off = 0
[pool-4423-thread-1] DEBUG org.apache.nifi.processors.standard.TailFile - TailFile[id=278f1b72-7daa-41e0-9c74-275a15636636] Reading lines starting at position 0
[pool-4423-thread-1] TRACE org.apache.nifi.processors.standard.TailFile - TailFile[id=278f1b72-7daa-41e0-9c74-275a15636636] Checksum updated to 3983506042
[pool-4423-thread-1] DEBUG org.apache.nifi.processors.standard.TailFile - TailFile[id=278f1b72-7daa-41e0-9c74-275a15636636] Created FlowFile[0,log.0-3.txt,3B] and routed to success
[pool-4423-thread-1] DEBUG org.apache.nifi.processors.standard.TailFile - TailFile[id=278f1b72-7daa-41e0-9c74-275a15636636] Recovering Rolled Off Files; total number of files rolled off = 0
[pool-4423-thread-1] DEBUG org.apache.nifi.processors.standard.TailFile - TailFile[id=278f1b72-7daa-41e0-9c74-275a15636636] Reading lines starting at position 0
[pool-4423-thread-1] TRACE org.apache.nifi.processors.standard.TailFile - TailFile[id=278f1b72-7daa-41e0-9c74-275a15636636] Checksum updated to 909783072
[pool-4423-thread-1] DEBUG org.apache.nifi.processors.standard.TailFile - TailFile[id=278f1b72-7daa-41e0-9c74-275a15636636] Created FlowFile[1,log.0-6.txt,6B] and routed to success
[main] DEBUG org.apache.nifi.processors.standard.TailFile - TailFile[id=278f1b72-7daa-41e0-9c74-275a15636636] Closed FileChannel sun.nio.ch.FileChannelImpl@1ece2c33
[main] DEBUG org.apache.nifi.processors.standard.TailFile - TailFile[id=278f1b72-7daa-41e0-9c74-275a15636636] Closed FileChannel sun.nio.ch.FileChannelImpl@446c0a17
]]></system-err>
  </testcase>
  <testcase name="testMultipleRolloversAfterHavingReadAllDataWhileStillRunning" classname="org.apache.nifi.processors.standard.TestTailFile" time="1.105">
    <system-err><![CDATA[[pool-4424-thread-1] DEBUG org.apache.nifi.processors.standard.TailFile - TailFile[id=b5e3ac5d-c877-47fc-88af-4214ba1c8535] Created FileChannel sun.nio.ch.FileChannelImpl@7fe89f6a for target/log.txt
[pool-4424-thread-1] DEBUG org.apache.nifi.processors.standard.TailFile - TailFile[id=b5e3ac5d-c877-47fc-88af-4214ba1c8535] No data to consume; created no FlowFiles
[pool-4425-thread-1] DEBUG org.apache.nifi.processors.standard.TailFile - TailFile[id=b5e3ac5d-c877-47fc-88af-4214ba1c8535] Recovering Rolled Off Files; total number of files rolled off = 0
[pool-4425-thread-1] DEBUG org.apache.nifi.processors.standard.TailFile - TailFile[id=b5e3ac5d-c877-47fc-88af-4214ba1c8535] Reading lines starting at position 0
[pool-4425-thread-1] TRACE org.apache.nifi.processors.standard.TailFile - TailFile[id=b5e3ac5d-c877-47fc-88af-4214ba1c8535] Checksum updated to 909783072
[pool-4425-thread-1] DEBUG org.apache.nifi.processors.standard.TailFile - TailFile[id=b5e3ac5d-c877-47fc-88af-4214ba1c8535] Created FlowFile[0,log.0-6.txt,6B] and routed to success
[pool-4426-thread-1] DEBUG org.apache.nifi.processors.standard.TailFile - TailFile[id=b5e3ac5d-c877-47fc-88af-4214ba1c8535] Recovering Rolled Off Files; total number of files rolled off = 0
[pool-4426-thread-1] DEBUG org.apache.nifi.processors.standard.TailFile - TailFile[id=b5e3ac5d-c877-47fc-88af-4214ba1c8535] Reading lines starting at position 6
[pool-4426-thread-1] DEBUG org.apache.nifi.processors.standard.TailFile - TailFile[id=b5e3ac5d-c877-47fc-88af-4214ba1c8535] Read 0 lines; repositioning reader from 11 to 6
[pool-4426-thread-1] DEBUG org.apache.nifi.processors.standard.TailFile - TailFile[id=b5e3ac5d-c877-47fc-88af-4214ba1c8535] No data to consume; removed created FlowFile
[pool-4427-thread-1] DEBUG org.apache.nifi.processors.standard.TailFile - TailFile[id=b5e3ac5d-c877-47fc-88af-4214ba1c8535] Recovering Rolled Off Files; total number of files rolled off = 2
[pool-4427-thread-1] DEBUG org.apache.nifi.processors.standard.TailFile - TailFile[id=b5e3ac5d-c877-47fc-88af-4214ba1c8535] Checksum for target/log.2 matched expected checksum. Will skip first 6 bytes
[pool-4427-thread-1] DEBUG org.apache.nifi.processors.standard.TailFile - TailFile[id=b5e3ac5d-c877-47fc-88af-4214ba1c8535] Reading lines starting at position 6
[pool-4427-thread-1] TRACE org.apache.nifi.processors.standard.TailFile - TailFile[id=b5e3ac5d-c877-47fc-88af-4214ba1c8535] Checksum updated to 909783072
[pool-4427-thread-1] TRACE org.apache.nifi.processors.standard.TailFile - TailFile[id=b5e3ac5d-c877-47fc-88af-4214ba1c8535] Checksum updated to 2877110229
[pool-4427-thread-1] DEBUG org.apache.nifi.processors.standard.TailFile - TailFile[id=b5e3ac5d-c877-47fc-88af-4214ba1c8535] Created FlowFile[2,log.2,5B] from rolled over file target/log.2 and routed to success
[pool-4427-thread-1] DEBUG org.apache.nifi.processors.standard.TailFile - TailFile[id=b5e3ac5d-c877-47fc-88af-4214ba1c8535] Completed tailing of file target/log.txt; will cleanup state
[pool-4427-thread-1] DEBUG org.apache.nifi.processors.standard.TailFile - TailFile[id=b5e3ac5d-c877-47fc-88af-4214ba1c8535] Closed FileChannel sun.nio.ch.FileChannelImpl@7fe89f6a
[pool-4427-thread-1] TRACE org.apache.nifi.processors.standard.TailFile - TailFile[id=b5e3ac5d-c877-47fc-88af-4214ba1c8535] Checksum updated to 0
[pool-4427-thread-1] DEBUG org.apache.nifi.processors.standard.TailFile - TailFile[id=b5e3ac5d-c877-47fc-88af-4214ba1c8535] Created FlowFile[3,log.1,4B] from target/log.1 and routed to success
[pool-4427-thread-1] DEBUG org.apache.nifi.processors.standard.TailFile - TailFile[id=b5e3ac5d-c877-47fc-88af-4214ba1c8535] Created FileChannel sun.nio.ch.FileChannelImpl@bf69722 for target/log.txt
[pool-4427-thread-1] DEBUG org.apache.nifi.processors.standard.TailFile - TailFile[id=b5e3ac5d-c877-47fc-88af-4214ba1c8535] Closed FileChannel sun.nio.ch.FileChannelImpl@bf69722
[pool-4427-thread-1] DEBUG org.apache.nifi.processors.standard.TailFile - TailFile[id=b5e3ac5d-c877-47fc-88af-4214ba1c8535] Created FileChannel sun.nio.ch.FileChannelImpl@4ef40838 for target/log.txt
[pool-4427-thread-1] DEBUG org.apache.nifi.processors.standard.TailFile - TailFile[id=b5e3ac5d-c877-47fc-88af-4214ba1c8535] Reading lines starting at position 0
[pool-4427-thread-1] TRACE org.apache.nifi.processors.standard.TailFile - TailFile[id=b5e3ac5d-c877-47fc-88af-4214ba1c8535] Checksum updated to 1733426259
[pool-4427-thread-1] DEBUG org.apache.nifi.processors.standard.TailFile - TailFile[id=b5e3ac5d-c877-47fc-88af-4214ba1c8535] Created FlowFile[4,log.0-2.txt,2B] and routed to success
[main] DEBUG org.apache.nifi.processors.standard.TailFile - TailFile[id=b5e3ac5d-c877-47fc-88af-4214ba1c8535] Closed FileChannel sun.nio.ch.FileChannelImpl@4ef40838
]]></system-err>
  </testcase>
  <testcase name="testMultipleRolloversWithLongerFileLength" classname="org.apache.nifi.processors.standard.TestTailFile" time="2.404">
    <system-err><![CDATA[[pool-4428-thread-1] DEBUG org.apache.nifi.processors.standard.TailFile - TailFile[id=232efb91-bfd7-4270-a2e2-2478c3100a35] Created FileChannel sun.nio.ch.FileChannelImpl@5942974f for target/log.txt
[pool-4428-thread-1] DEBUG org.apache.nifi.processors.standard.TailFile - TailFile[id=232efb91-bfd7-4270-a2e2-2478c3100a35] No data to consume; created no FlowFiles
[pool-4429-thread-1] DEBUG org.apache.nifi.processors.standard.TailFile - TailFile[id=232efb91-bfd7-4270-a2e2-2478c3100a35] Recovering Rolled Off Files; total number of files rolled off = 0
[pool-4429-thread-1] DEBUG org.apache.nifi.processors.standard.TailFile - TailFile[id=232efb91-bfd7-4270-a2e2-2478c3100a35] Reading lines starting at position 0
[pool-4429-thread-1] TRACE org.apache.nifi.processors.standard.TailFile - TailFile[id=232efb91-bfd7-4270-a2e2-2478c3100a35] Checksum updated to 909783072
[pool-4429-thread-1] DEBUG org.apache.nifi.processors.standard.TailFile - TailFile[id=232efb91-bfd7-4270-a2e2-2478c3100a35] Created FlowFile[0,log.0-6.txt,6B] and routed to success
[pool-4430-thread-1] DEBUG org.apache.nifi.processors.standard.TailFile - TailFile[id=232efb91-bfd7-4270-a2e2-2478c3100a35] Recovering Rolled Off Files; total number of files rolled off = 2
[pool-4430-thread-1] DEBUG org.apache.nifi.processors.standard.TailFile - TailFile[id=232efb91-bfd7-4270-a2e2-2478c3100a35] Checksum for target/log.2 matched expected checksum. Will skip first 6 bytes
[pool-4430-thread-1] DEBUG org.apache.nifi.processors.standard.TailFile - TailFile[id=232efb91-bfd7-4270-a2e2-2478c3100a35] Reading lines starting at position 6
[pool-4430-thread-1] TRACE org.apache.nifi.processors.standard.TailFile - TailFile[id=232efb91-bfd7-4270-a2e2-2478c3100a35] Checksum updated to 909783072
[pool-4430-thread-1] TRACE org.apache.nifi.processors.standard.TailFile - TailFile[id=232efb91-bfd7-4270-a2e2-2478c3100a35] Checksum updated to 2877110229
[pool-4430-thread-1] DEBUG org.apache.nifi.processors.standard.TailFile - TailFile[id=232efb91-bfd7-4270-a2e2-2478c3100a35] Created FlowFile[1,log.2,5B] from rolled over file target/log.2 and routed to success
[pool-4430-thread-1] DEBUG org.apache.nifi.processors.standard.TailFile - TailFile[id=232efb91-bfd7-4270-a2e2-2478c3100a35] Completed tailing of file target/log.txt; will cleanup state
[pool-4430-thread-1] DEBUG org.apache.nifi.processors.standard.TailFile - TailFile[id=232efb91-bfd7-4270-a2e2-2478c3100a35] Closed FileChannel sun.nio.ch.FileChannelImpl@5942974f
[pool-4430-thread-1] TRACE org.apache.nifi.processors.standard.TailFile - TailFile[id=232efb91-bfd7-4270-a2e2-2478c3100a35] Checksum updated to 0
[pool-4430-thread-1] DEBUG org.apache.nifi.processors.standard.TailFile - TailFile[id=232efb91-bfd7-4270-a2e2-2478c3100a35] Created FlowFile[2,log.1,4B] from target/log.1 and routed to success
[pool-4430-thread-1] DEBUG org.apache.nifi.processors.standard.TailFile - TailFile[id=232efb91-bfd7-4270-a2e2-2478c3100a35] Created FileChannel sun.nio.ch.FileChannelImpl@69b60cd for target/log.txt
[pool-4430-thread-1] DEBUG org.apache.nifi.processors.standard.TailFile - TailFile[id=232efb91-bfd7-4270-a2e2-2478c3100a35] Closed FileChannel sun.nio.ch.FileChannelImpl@69b60cd
[pool-4430-thread-1] DEBUG org.apache.nifi.processors.standard.TailFile - TailFile[id=232efb91-bfd7-4270-a2e2-2478c3100a35] Created FileChannel sun.nio.ch.FileChannelImpl@2a4e4c6 for target/log.txt
[pool-4430-thread-1] DEBUG org.apache.nifi.processors.standard.TailFile - TailFile[id=232efb91-bfd7-4270-a2e2-2478c3100a35] Reading lines starting at position 0
[pool-4430-thread-1] TRACE org.apache.nifi.processors.standard.TailFile - TailFile[id=232efb91-bfd7-4270-a2e2-2478c3100a35] Checksum updated to 2550994848
[pool-4430-thread-1] DEBUG org.apache.nifi.processors.standard.TailFile - TailFile[id=232efb91-bfd7-4270-a2e2-2478c3100a35] Created FlowFile[3,log.0-48.txt,48B] and routed to success
[main] DEBUG org.apache.nifi.processors.standard.TailFile - TailFile[id=232efb91-bfd7-4270-a2e2-2478c3100a35] Closed FileChannel sun.nio.ch.FileChannelImpl@2a4e4c6
]]></system-err>
  </testcase>
  <testcase name="testStartAtCurrentTime" classname="org.apache.nifi.processors.standard.TestTailFile" time="1.005">
    <system-err><![CDATA[[pool-4431-thread-1] DEBUG org.apache.nifi.processors.standard.TailFile - TailFile[id=ad1198ec-c44d-4583-95c8-76017d63778e] Created FileChannel sun.nio.ch.FileChannelImpl@3d3f081f for target/log.txt
[pool-4431-thread-1] DEBUG org.apache.nifi.processors.standard.TailFile - TailFile[id=ad1198ec-c44d-4583-95c8-76017d63778e] No data to consume; created no FlowFiles
[pool-4431-thread-1] DEBUG org.apache.nifi.processors.standard.TailFile - TailFile[id=ad1198ec-c44d-4583-95c8-76017d63778e] Recovering Rolled Off Files; total number of files rolled off = 0
[pool-4431-thread-1] DEBUG org.apache.nifi.processors.standard.TailFile - TailFile[id=ad1198ec-c44d-4583-95c8-76017d63778e] No data to consume; created no FlowFiles
[pool-4431-thread-1] DEBUG org.apache.nifi.processors.standard.TailFile - TailFile[id=ad1198ec-c44d-4583-95c8-76017d63778e] Recovering Rolled Off Files; total number of files rolled off = 0
[pool-4431-thread-1] DEBUG org.apache.nifi.processors.standard.TailFile - TailFile[id=ad1198ec-c44d-4583-95c8-76017d63778e] No data to consume; created no FlowFiles
[pool-4431-thread-1] DEBUG org.apache.nifi.processors.standard.TailFile - TailFile[id=ad1198ec-c44d-4583-95c8-76017d63778e] Recovering Rolled Off Files; total number of files rolled off = 0
[pool-4431-thread-1] DEBUG org.apache.nifi.processors.standard.TailFile - TailFile[id=ad1198ec-c44d-4583-95c8-76017d63778e] No data to consume; created no FlowFiles
[pool-4431-thread-1] DEBUG org.apache.nifi.processors.standard.TailFile - TailFile[id=ad1198ec-c44d-4583-95c8-76017d63778e] Recovering Rolled Off Files; total number of files rolled off = 0
[pool-4431-thread-1] DEBUG org.apache.nifi.processors.standard.TailFile - TailFile[id=ad1198ec-c44d-4583-95c8-76017d63778e] No data to consume; created no FlowFiles
[pool-4431-thread-1] DEBUG org.apache.nifi.processors.standard.TailFile - TailFile[id=ad1198ec-c44d-4583-95c8-76017d63778e] Recovering Rolled Off Files; total number of files rolled off = 0
[pool-4431-thread-1] DEBUG org.apache.nifi.processors.standard.TailFile - TailFile[id=ad1198ec-c44d-4583-95c8-76017d63778e] No data to consume; created no FlowFiles
[pool-4431-thread-1] DEBUG org.apache.nifi.processors.standard.TailFile - TailFile[id=ad1198ec-c44d-4583-95c8-76017d63778e] Recovering Rolled Off Files; total number of files rolled off = 0
[pool-4431-thread-1] DEBUG org.apache.nifi.processors.standard.TailFile - TailFile[id=ad1198ec-c44d-4583-95c8-76017d63778e] No data to consume; created no FlowFiles
[pool-4431-thread-1] DEBUG org.apache.nifi.processors.standard.TailFile - TailFile[id=ad1198ec-c44d-4583-95c8-76017d63778e] Recovering Rolled Off Files; total number of files rolled off = 0
[pool-4431-thread-1] DEBUG org.apache.nifi.processors.standard.TailFile - TailFile[id=ad1198ec-c44d-4583-95c8-76017d63778e] No data to consume; created no FlowFiles
[pool-4431-thread-1] DEBUG org.apache.nifi.processors.standard.TailFile - TailFile[id=ad1198ec-c44d-4583-95c8-76017d63778e] Recovering Rolled Off Files; total number of files rolled off = 0
[pool-4431-thread-1] DEBUG org.apache.nifi.processors.standard.TailFile - TailFile[id=ad1198ec-c44d-4583-95c8-76017d63778e] No data to consume; created no FlowFiles
[pool-4431-thread-1] DEBUG org.apache.nifi.processors.standard.TailFile - TailFile[id=ad1198ec-c44d-4583-95c8-76017d63778e] Recovering Rolled Off Files; total number of files rolled off = 0
[pool-4431-thread-1] DEBUG org.apache.nifi.processors.standard.TailFile - TailFile[id=ad1198ec-c44d-4583-95c8-76017d63778e] No data to consume; created no FlowFiles
[pool-4431-thread-1] DEBUG org.apache.nifi.processors.standard.TailFile - TailFile[id=ad1198ec-c44d-4583-95c8-76017d63778e] Recovering Rolled Off Files; total number of files rolled off = 0
[pool-4431-thread-1] DEBUG org.apache.nifi.processors.standard.TailFile - TailFile[id=ad1198ec-c44d-4583-95c8-76017d63778e] No data to consume; created no FlowFiles
[pool-4431-thread-1] DEBUG org.apache.nifi.processors.standard.TailFile - TailFile[id=ad1198ec-c44d-4583-95c8-76017d63778e] Recovering Rolled Off Files; total number of files rolled off = 0
[pool-4431-thread-1] DEBUG org.apache.nifi.processors.standard.TailFile - TailFile[id=ad1198ec-c44d-4583-95c8-76017d63778e] No data to consume; created no FlowFiles
[pool-4431-thread-1] DEBUG org.apache.nifi.processors.standard.TailFile - TailFile[id=ad1198ec-c44d-4583-95c8-76017d63778e] Recovering Rolled Off Files; total number of files rolled off = 0
[pool-4431-thread-1] DEBUG org.apache.nifi.processors.standard.TailFile - TailFile[id=ad1198ec-c44d-4583-95c8-76017d63778e] No data to consume; created no FlowFiles
[pool-4431-thread-1] DEBUG org.apache.nifi.processors.standard.TailFile - TailFile[id=ad1198ec-c44d-4583-95c8-76017d63778e] Recovering Rolled Off Files; total number of files rolled off = 0
[pool-4431-thread-1] DEBUG org.apache.nifi.processors.standard.TailFile - TailFile[id=ad1198ec-c44d-4583-95c8-76017d63778e] No data to consume; created no FlowFiles
[pool-4431-thread-1] DEBUG org.apache.nifi.processors.standard.TailFile - TailFile[id=ad1198ec-c44d-4583-95c8-76017d63778e] Recovering Rolled Off Files; total number of files rolled off = 0
[pool-4431-thread-1] DEBUG org.apache.nifi.processors.standard.TailFile - TailFile[id=ad1198ec-c44d-4583-95c8-76017d63778e] No data to consume; created no FlowFiles
[pool-4431-thread-1] DEBUG org.apache.nifi.processors.standard.TailFile - TailFile[id=ad1198ec-c44d-4583-95c8-76017d63778e] Recovering Rolled Off Files; total number of files rolled off = 0
[pool-4431-thread-1] DEBUG org.apache.nifi.processors.standard.TailFile - TailFile[id=ad1198ec-c44d-4583-95c8-76017d63778e] No data to consume; created no FlowFiles
[pool-4431-thread-1] DEBUG org.apache.nifi.processors.standard.TailFile - TailFile[id=ad1198ec-c44d-4583-95c8-76017d63778e] Recovering Rolled Off Files; total number of files rolled off = 0
[pool-4431-thread-1] DEBUG org.apache.nifi.processors.standard.TailFile - TailFile[id=ad1198ec-c44d-4583-95c8-76017d63778e] No data to consume; created no FlowFiles
[pool-4431-thread-1] DEBUG org.apache.nifi.processors.standard.TailFile - TailFile[id=ad1198ec-c44d-4583-95c8-76017d63778e] Recovering Rolled Off Files; total number of files rolled off = 0
[pool-4431-thread-1] DEBUG org.apache.nifi.processors.standard.TailFile - TailFile[id=ad1198ec-c44d-4583-95c8-76017d63778e] No data to consume; created no FlowFiles
[pool-4431-thread-1] DEBUG org.apache.nifi.processors.standard.TailFile - TailFile[id=ad1198ec-c44d-4583-95c8-76017d63778e] Recovering Rolled Off Files; total number of files rolled off = 0
[pool-4431-thread-1] DEBUG org.apache.nifi.processors.standard.TailFile - TailFile[id=ad1198ec-c44d-4583-95c8-76017d63778e] No data to consume; created no FlowFiles
[pool-4431-thread-1] DEBUG org.apache.nifi.processors.standard.TailFile - TailFile[id=ad1198ec-c44d-4583-95c8-76017d63778e] Recovering Rolled Off Files; total number of files rolled off = 0
[pool-4431-thread-1] DEBUG org.apache.nifi.processors.standard.TailFile - TailFile[id=ad1198ec-c44d-4583-95c8-76017d63778e] No data to consume; created no FlowFiles
[pool-4431-thread-1] DEBUG org.apache.nifi.processors.standard.TailFile - TailFile[id=ad1198ec-c44d-4583-95c8-76017d63778e] Recovering Rolled Off Files; total number of files rolled off = 0
[pool-4431-thread-1] DEBUG org.apache.nifi.processors.standard.TailFile - TailFile[id=ad1198ec-c44d-4583-95c8-76017d63778e] No data to consume; created no FlowFiles
[pool-4431-thread-1] DEBUG org.apache.nifi.processors.standard.TailFile - TailFile[id=ad1198ec-c44d-4583-95c8-76017d63778e] Recovering Rolled Off Files; total number of files rolled off = 0
[pool-4431-thread-1] DEBUG org.apache.nifi.processors.standard.TailFile - TailFile[id=ad1198ec-c44d-4583-95c8-76017d63778e] No data to consume; created no FlowFiles
[pool-4431-thread-1] DEBUG org.apache.nifi.processors.standard.TailFile - TailFile[id=ad1198ec-c44d-4583-95c8-76017d63778e] Recovering Rolled Off Files; total number of files rolled off = 0
[pool-4431-thread-1] DEBUG org.apache.nifi.processors.standard.TailFile - TailFile[id=ad1198ec-c44d-4583-95c8-76017d63778e] No data to consume; created no FlowFiles
[pool-4431-thread-1] DEBUG org.apache.nifi.processors.standard.TailFile - TailFile[id=ad1198ec-c44d-4583-95c8-76017d63778e] Recovering Rolled Off Files; total number of files rolled off = 0
[pool-4431-thread-1] DEBUG org.apache.nifi.processors.standard.TailFile - TailFile[id=ad1198ec-c44d-4583-95c8-76017d63778e] No data to consume; created no FlowFiles
[pool-4431-thread-1] DEBUG org.apache.nifi.processors.standard.TailFile - TailFile[id=ad1198ec-c44d-4583-95c8-76017d63778e] Recovering Rolled Off Files; total number of files rolled off = 0
[pool-4431-thread-1] DEBUG org.apache.nifi.processors.standard.TailFile - TailFile[id=ad1198ec-c44d-4583-95c8-76017d63778e] No data to consume; created no FlowFiles
[pool-4431-thread-1] DEBUG org.apache.nifi.processors.standard.TailFile - TailFile[id=ad1198ec-c44d-4583-95c8-76017d63778e] Recovering Rolled Off Files; total number of files rolled off = 0
[pool-4431-thread-1] DEBUG org.apache.nifi.processors.standard.TailFile - TailFile[id=ad1198ec-c44d-4583-95c8-76017d63778e] No data to consume; created no FlowFiles
[pool-4431-thread-1] DEBUG org.apache.nifi.processors.standard.TailFile - TailFile[id=ad1198ec-c44d-4583-95c8-76017d63778e] Recovering Rolled Off Files; total number of files rolled off = 0
[pool-4431-thread-1] DEBUG org.apache.nifi.processors.standard.TailFile - TailFile[id=ad1198ec-c44d-4583-95c8-76017d63778e] No data to consume; created no FlowFiles
[pool-4431-thread-1] DEBUG org.apache.nifi.processors.standard.TailFile - TailFile[id=ad1198ec-c44d-4583-95c8-76017d63778e] Recovering Rolled Off Files; total number of files rolled off = 0
[pool-4431-thread-1] DEBUG org.apache.nifi.processors.standard.TailFile - TailFile[id=ad1198ec-c44d-4583-95c8-76017d63778e] No data to consume; created no FlowFiles
[pool-4431-thread-1] DEBUG org.apache.nifi.processors.standard.TailFile - TailFile[id=ad1198ec-c44d-4583-95c8-76017d63778e] Recovering Rolled Off Files; total number of files rolled off = 0
[pool-4431-thread-1] DEBUG org.apache.nifi.processors.standard.TailFile - TailFile[id=ad1198ec-c44d-4583-95c8-76017d63778e] No data to consume; created no FlowFiles
[pool-4431-thread-1] DEBUG org.apache.nifi.processors.standard.TailFile - TailFile[id=ad1198ec-c44d-4583-95c8-76017d63778e] Recovering Rolled Off Files; total number of files rolled off = 0
[pool-4431-thread-1] DEBUG org.apache.nifi.processors.standard.TailFile - TailFile[id=ad1198ec-c44d-4583-95c8-76017d63778e] No data to consume; created no FlowFiles
[pool-4431-thread-1] DEBUG org.apache.nifi.processors.standard.TailFile - TailFile[id=ad1198ec-c44d-4583-95c8-76017d63778e] Recovering Rolled Off Files; total number of files rolled off = 0
[pool-4431-thread-1] DEBUG org.apache.nifi.processors.standard.TailFile - TailFile[id=ad1198ec-c44d-4583-95c8-76017d63778e] No data to consume; created no FlowFiles
[pool-4431-thread-1] DEBUG org.apache.nifi.processors.standard.TailFile - TailFile[id=ad1198ec-c44d-4583-95c8-76017d63778e] Recovering Rolled Off Files; total number of files rolled off = 0
[pool-4431-thread-1] DEBUG org.apache.nifi.processors.standard.TailFile - TailFile[id=ad1198ec-c44d-4583-95c8-76017d63778e] No data to consume; created no FlowFiles
[pool-4431-thread-1] DEBUG org.apache.nifi.processors.standard.TailFile - TailFile[id=ad1198ec-c44d-4583-95c8-76017d63778e] Recovering Rolled Off Files; total number of files rolled off = 0
[pool-4431-thread-1] DEBUG org.apache.nifi.processors.standard.TailFile - TailFile[id=ad1198ec-c44d-4583-95c8-76017d63778e] No data to consume; created no FlowFiles
[pool-4431-thread-1] DEBUG org.apache.nifi.processors.standard.TailFile - TailFile[id=ad1198ec-c44d-4583-95c8-76017d63778e] Recovering Rolled Off Files; total number of files rolled off = 0
[pool-4431-thread-1] DEBUG org.apache.nifi.processors.standard.TailFile - TailFile[id=ad1198ec-c44d-4583-95c8-76017d63778e] No data to consume; created no FlowFiles
[pool-4431-thread-1] DEBUG org.apache.nifi.processors.standard.TailFile - TailFile[id=ad1198ec-c44d-4583-95c8-76017d63778e] Recovering Rolled Off Files; total number of files rolled off = 0
[pool-4431-thread-1] DEBUG org.apache.nifi.processors.standard.TailFile - TailFile[id=ad1198ec-c44d-4583-95c8-76017d63778e] No data to consume; created no FlowFiles
[pool-4431-thread-1] DEBUG org.apache.nifi.processors.standard.TailFile - TailFile[id=ad1198ec-c44d-4583-95c8-76017d63778e] Recovering Rolled Off Files; total number of files rolled off = 0
[pool-4431-thread-1] DEBUG org.apache.nifi.processors.standard.TailFile - TailFile[id=ad1198ec-c44d-4583-95c8-76017d63778e] No data to consume; created no FlowFiles
[pool-4431-thread-1] DEBUG org.apache.nifi.processors.standard.TailFile - TailFile[id=ad1198ec-c44d-4583-95c8-76017d63778e] Recovering Rolled Off Files; total number of files rolled off = 0
[pool-4431-thread-1] DEBUG org.apache.nifi.processors.standard.TailFile - TailFile[id=ad1198ec-c44d-4583-95c8-76017d63778e] No data to consume; created no FlowFiles
[pool-4431-thread-1] DEBUG org.apache.nifi.processors.standard.TailFile - TailFile[id=ad1198ec-c44d-4583-95c8-76017d63778e] Recovering Rolled Off Files; total number of files rolled off = 0
[pool-4431-thread-1] DEBUG org.apache.nifi.processors.standard.TailFile - TailFile[id=ad1198ec-c44d-4583-95c8-76017d63778e] No data to consume; created no FlowFiles
[pool-4431-thread-1] DEBUG org.apache.nifi.processors.standard.TailFile - TailFile[id=ad1198ec-c44d-4583-95c8-76017d63778e] Recovering Rolled Off Files; total number of files rolled off = 0
[pool-4431-thread-1] DEBUG org.apache.nifi.processors.standard.TailFile - TailFile[id=ad1198ec-c44d-4583-95c8-76017d63778e] No data to consume; created no FlowFiles
[pool-4431-thread-1] DEBUG org.apache.nifi.processors.standard.TailFile - TailFile[id=ad1198ec-c44d-4583-95c8-76017d63778e] Recovering Rolled Off Files; total number of files rolled off = 0
[pool-4431-thread-1] DEBUG org.apache.nifi.processors.standard.TailFile - TailFile[id=ad1198ec-c44d-4583-95c8-76017d63778e] No data to consume; created no FlowFiles
[pool-4431-thread-1] DEBUG org.apache.nifi.processors.standard.TailFile - TailFile[id=ad1198ec-c44d-4583-95c8-76017d63778e] Recovering Rolled Off Files; total number of files rolled off = 0
[pool-4431-thread-1] DEBUG org.apache.nifi.processors.standard.TailFile - TailFile[id=ad1198ec-c44d-4583-95c8-76017d63778e] No data to consume; created no FlowFiles
[pool-4431-thread-1] DEBUG org.apache.nifi.processors.standard.TailFile - TailFile[id=ad1198ec-c44d-4583-95c8-76017d63778e] Recovering Rolled Off Files; total number of files rolled off = 0
[pool-4431-thread-1] DEBUG org.apache.nifi.processors.standard.TailFile - TailFile[id=ad1198ec-c44d-4583-95c8-76017d63778e] No data to consume; created no FlowFiles
[pool-4431-thread-1] DEBUG org.apache.nifi.processors.standard.TailFile - TailFile[id=ad1198ec-c44d-4583-95c8-76017d63778e] Recovering Rolled Off Files; total number of files rolled off = 0
[pool-4431-thread-1] DEBUG org.apache.nifi.processors.standard.TailFile - TailFile[id=ad1198ec-c44d-4583-95c8-76017d63778e] No data to consume; created no FlowFiles
[pool-4431-thread-1] DEBUG org.apache.nifi.processors.standard.TailFile - TailFile[id=ad1198ec-c44d-4583-95c8-76017d63778e] Recovering Rolled Off Files; total number of files rolled off = 0
[pool-4431-thread-1] DEBUG org.apache.nifi.processors.standard.TailFile - TailFile[id=ad1198ec-c44d-4583-95c8-76017d63778e] No data to consume; created no FlowFiles
[pool-4431-thread-1] DEBUG org.apache.nifi.processors.standard.TailFile - TailFile[id=ad1198ec-c44d-4583-95c8-76017d63778e] Recovering Rolled Off Files; total number of files rolled off = 0
[pool-4431-thread-1] DEBUG org.apache.nifi.processors.standard.TailFile - TailFile[id=ad1198ec-c44d-4583-95c8-76017d63778e] No data to consume; created no FlowFiles
[pool-4431-thread-1] DEBUG org.apache.nifi.processors.standard.TailFile - TailFile[id=ad1198ec-c44d-4583-95c8-76017d63778e] Recovering Rolled Off Files; total number of files rolled off = 0
[pool-4431-thread-1] DEBUG org.apache.nifi.processors.standard.TailFile - TailFile[id=ad1198ec-c44d-4583-95c8-76017d63778e] No data to consume; created no FlowFiles
[pool-4431-thread-1] DEBUG org.apache.nifi.processors.standard.TailFile - TailFile[id=ad1198ec-c44d-4583-95c8-76017d63778e] Recovering Rolled Off Files; total number of files rolled off = 0
[pool-4431-thread-1] DEBUG org.apache.nifi.processors.standard.TailFile - TailFile[id=ad1198ec-c44d-4583-95c8-76017d63778e] No data to consume; created no FlowFiles
[pool-4431-thread-1] DEBUG org.apache.nifi.processors.standard.TailFile - TailFile[id=ad1198ec-c44d-4583-95c8-76017d63778e] Recovering Rolled Off Files; total number of files rolled off = 0
[pool-4431-thread-1] DEBUG org.apache.nifi.processors.standard.TailFile - TailFile[id=ad1198ec-c44d-4583-95c8-76017d63778e] No data to consume; created no FlowFiles
[pool-4431-thread-1] DEBUG org.apache.nifi.processors.standard.TailFile - TailFile[id=ad1198ec-c44d-4583-95c8-76017d63778e] Recovering Rolled Off Files; total number of files rolled off = 0
[pool-4431-thread-1] DEBUG org.apache.nifi.processors.standard.TailFile - TailFile[id=ad1198ec-c44d-4583-95c8-76017d63778e] No data to consume; created no FlowFiles
[pool-4431-thread-1] DEBUG org.apache.nifi.processors.standard.TailFile - TailFile[id=ad1198ec-c44d-4583-95c8-76017d63778e] Recovering Rolled Off Files; total number of files rolled off = 0
[pool-4431-thread-1] DEBUG org.apache.nifi.processors.standard.TailFile - TailFile[id=ad1198ec-c44d-4583-95c8-76017d63778e] No data to consume; created no FlowFiles
[pool-4431-thread-1] DEBUG org.apache.nifi.processors.standard.TailFile - TailFile[id=ad1198ec-c44d-4583-95c8-76017d63778e] Recovering Rolled Off Files; total number of files rolled off = 0
[pool-4431-thread-1] DEBUG org.apache.nifi.processors.standard.TailFile - TailFile[id=ad1198ec-c44d-4583-95c8-76017d63778e] No data to consume; created no FlowFiles
[pool-4431-thread-1] DEBUG org.apache.nifi.processors.standard.TailFile - TailFile[id=ad1198ec-c44d-4583-95c8-76017d63778e] Recovering Rolled Off Files; total number of files rolled off = 0
[pool-4431-thread-1] DEBUG org.apache.nifi.processors.standard.TailFile - TailFile[id=ad1198ec-c44d-4583-95c8-76017d63778e] No data to consume; created no FlowFiles
[pool-4431-thread-1] DEBUG org.apache.nifi.processors.standard.TailFile - TailFile[id=ad1198ec-c44d-4583-95c8-76017d63778e] Recovering Rolled Off Files; total number of files rolled off = 0
[pool-4431-thread-1] DEBUG org.apache.nifi.processors.standard.TailFile - TailFile[id=ad1198ec-c44d-4583-95c8-76017d63778e] No data to consume; created no FlowFiles
[pool-4431-thread-1] DEBUG org.apache.nifi.processors.standard.TailFile - TailFile[id=ad1198ec-c44d-4583-95c8-76017d63778e] Recovering Rolled Off Files; total number of files rolled off = 0
[pool-4431-thread-1] DEBUG org.apache.nifi.processors.standard.TailFile - TailFile[id=ad1198ec-c44d-4583-95c8-76017d63778e] No data to consume; created no FlowFiles
[pool-4431-thread-1] DEBUG org.apache.nifi.processors.standard.TailFile - TailFile[id=ad1198ec-c44d-4583-95c8-76017d63778e] Recovering Rolled Off Files; total number of files rolled off = 0
[pool-4431-thread-1] DEBUG org.apache.nifi.processors.standard.TailFile - TailFile[id=ad1198ec-c44d-4583-95c8-76017d63778e] No data to consume; created no FlowFiles
[pool-4431-thread-1] DEBUG org.apache.nifi.processors.standard.TailFile - TailFile[id=ad1198ec-c44d-4583-95c8-76017d63778e] Recovering Rolled Off Files; total number of files rolled off = 0
[pool-4431-thread-1] DEBUG org.apache.nifi.processors.standard.TailFile - TailFile[id=ad1198ec-c44d-4583-95c8-76017d63778e] No data to consume; created no FlowFiles
[pool-4431-thread-1] DEBUG org.apache.nifi.processors.standard.TailFile - TailFile[id=ad1198ec-c44d-4583-95c8-76017d63778e] Recovering Rolled Off Files; total number of files rolled off = 0
[pool-4431-thread-1] DEBUG org.apache.nifi.processors.standard.TailFile - TailFile[id=ad1198ec-c44d-4583-95c8-76017d63778e] No data to consume; created no FlowFiles
[pool-4431-thread-1] DEBUG org.apache.nifi.processors.standard.TailFile - TailFile[id=ad1198ec-c44d-4583-95c8-76017d63778e] Recovering Rolled Off Files; total number of files rolled off = 0
[pool-4431-thread-1] DEBUG org.apache.nifi.processors.standard.TailFile - TailFile[id=ad1198ec-c44d-4583-95c8-76017d63778e] No data to consume; created no FlowFiles
[pool-4431-thread-1] DEBUG org.apache.nifi.processors.standard.TailFile - TailFile[id=ad1198ec-c44d-4583-95c8-76017d63778e] Recovering Rolled Off Files; total number of files rolled off = 0
[pool-4431-thread-1] DEBUG org.apache.nifi.processors.standard.TailFile - TailFile[id=ad1198ec-c44d-4583-95c8-76017d63778e] No data to consume; created no FlowFiles
[pool-4431-thread-1] DEBUG org.apache.nifi.processors.standard.TailFile - TailFile[id=ad1198ec-c44d-4583-95c8-76017d63778e] Recovering Rolled Off Files; total number of files rolled off = 0
[pool-4431-thread-1] DEBUG org.apache.nifi.processors.standard.TailFile - TailFile[id=ad1198ec-c44d-4583-95c8-76017d63778e] No data to consume; created no FlowFiles
[pool-4431-thread-1] DEBUG org.apache.nifi.processors.standard.TailFile - TailFile[id=ad1198ec-c44d-4583-95c8-76017d63778e] Recovering Rolled Off Files; total number of files rolled off = 0
[pool-4431-thread-1] DEBUG org.apache.nifi.processors.standard.TailFile - TailFile[id=ad1198ec-c44d-4583-95c8-76017d63778e] No data to consume; created no FlowFiles
[pool-4431-thread-1] DEBUG org.apache.nifi.processors.standard.TailFile - TailFile[id=ad1198ec-c44d-4583-95c8-76017d63778e] Recovering Rolled Off Files; total number of files rolled off = 0
[pool-4431-thread-1] DEBUG org.apache.nifi.processors.standard.TailFile - TailFile[id=ad1198ec-c44d-4583-95c8-76017d63778e] No data to consume; created no FlowFiles
[pool-4431-thread-1] DEBUG org.apache.nifi.processors.standard.TailFile - TailFile[id=ad1198ec-c44d-4583-95c8-76017d63778e] Recovering Rolled Off Files; total number of files rolled off = 0
[pool-4431-thread-1] DEBUG org.apache.nifi.processors.standard.TailFile - TailFile[id=ad1198ec-c44d-4583-95c8-76017d63778e] No data to consume; created no FlowFiles
[pool-4431-thread-1] DEBUG org.apache.nifi.processors.standard.TailFile - TailFile[id=ad1198ec-c44d-4583-95c8-76017d63778e] Recovering Rolled Off Files; total number of files rolled off = 0
[pool-4431-thread-1] DEBUG org.apache.nifi.processors.standard.TailFile - TailFile[id=ad1198ec-c44d-4583-95c8-76017d63778e] No data to consume; created no FlowFiles
[pool-4431-thread-1] DEBUG org.apache.nifi.processors.standard.TailFile - TailFile[id=ad1198ec-c44d-4583-95c8-76017d63778e] Recovering Rolled Off Files; total number of files rolled off = 0
[pool-4431-thread-1] DEBUG org.apache.nifi.processors.standard.TailFile - TailFile[id=ad1198ec-c44d-4583-95c8-76017d63778e] No data to consume; created no FlowFiles
[pool-4431-thread-1] DEBUG org.apache.nifi.processors.standard.TailFile - TailFile[id=ad1198ec-c44d-4583-95c8-76017d63778e] Recovering Rolled Off Files; total number of files rolled off = 0
[pool-4431-thread-1] DEBUG org.apache.nifi.processors.standard.TailFile - TailFile[id=ad1198ec-c44d-4583-95c8-76017d63778e] No data to consume; created no FlowFiles
[pool-4431-thread-1] DEBUG org.apache.nifi.processors.standard.TailFile - TailFile[id=ad1198ec-c44d-4583-95c8-76017d63778e] Recovering Rolled Off Files; total number of files rolled off = 0
[pool-4431-thread-1] DEBUG org.apache.nifi.processors.standard.TailFile - TailFile[id=ad1198ec-c44d-4583-95c8-76017d63778e] No data to consume; created no FlowFiles
[pool-4431-thread-1] DEBUG org.apache.nifi.processors.standard.TailFile - TailFile[id=ad1198ec-c44d-4583-95c8-76017d63778e] Recovering Rolled Off Files; total number of files rolled off = 0
[pool-4431-thread-1] DEBUG org.apache.nifi.processors.standard.TailFile - TailFile[id=ad1198ec-c44d-4583-95c8-76017d63778e] No data to consume; created no FlowFiles
[pool-4431-thread-1] DEBUG org.apache.nifi.processors.standard.TailFile - TailFile[id=ad1198ec-c44d-4583-95c8-76017d63778e] Recovering Rolled Off Files; total number of files rolled off = 0
[pool-4431-thread-1] DEBUG org.apache.nifi.processors.standard.TailFile - TailFile[id=ad1198ec-c44d-4583-95c8-76017d63778e] No data to consume; created no FlowFiles
[pool-4431-thread-1] DEBUG org.apache.nifi.processors.standard.TailFile - TailFile[id=ad1198ec-c44d-4583-95c8-76017d63778e] Recovering Rolled Off Files; total number of files rolled off = 0
[pool-4431-thread-1] DEBUG org.apache.nifi.processors.standard.TailFile - TailFile[id=ad1198ec-c44d-4583-95c8-76017d63778e] No data to consume; created no FlowFiles
[pool-4431-thread-1] DEBUG org.apache.nifi.processors.standard.TailFile - TailFile[id=ad1198ec-c44d-4583-95c8-76017d63778e] Recovering Rolled Off Files; total number of files rolled off = 0
[pool-4431-thread-1] DEBUG org.apache.nifi.processors.standard.TailFile - TailFile[id=ad1198ec-c44d-4583-95c8-76017d63778e] No data to consume; created no FlowFiles
[pool-4431-thread-1] DEBUG org.apache.nifi.processors.standard.TailFile - TailFile[id=ad1198ec-c44d-4583-95c8-76017d63778e] Recovering Rolled Off Files; total number of files rolled off = 0
[pool-4431-thread-1] DEBUG org.apache.nifi.processors.standard.TailFile - TailFile[id=ad1198ec-c44d-4583-95c8-76017d63778e] No data to consume; created no FlowFiles
[pool-4431-thread-1] DEBUG org.apache.nifi.processors.standard.TailFile - TailFile[id=ad1198ec-c44d-4583-95c8-76017d63778e] Recovering Rolled Off Files; total number of files rolled off = 0
[pool-4431-thread-1] DEBUG org.apache.nifi.processors.standard.TailFile - TailFile[id=ad1198ec-c44d-4583-95c8-76017d63778e] No data to consume; created no FlowFiles
[pool-4431-thread-1] DEBUG org.apache.nifi.processors.standard.TailFile - TailFile[id=ad1198ec-c44d-4583-95c8-76017d63778e] Recovering Rolled Off Files; total number of files rolled off = 0
[pool-4431-thread-1] DEBUG org.apache.nifi.processors.standard.TailFile - TailFile[id=ad1198ec-c44d-4583-95c8-76017d63778e] No data to consume; created no FlowFiles
[pool-4431-thread-1] DEBUG org.apache.nifi.processors.standard.TailFile - TailFile[id=ad1198ec-c44d-4583-95c8-76017d63778e] Recovering Rolled Off Files; total number of files rolled off = 0
[pool-4431-thread-1] DEBUG org.apache.nifi.processors.standard.TailFile - TailFile[id=ad1198ec-c44d-4583-95c8-76017d63778e] No data to consume; created no FlowFiles
[pool-4431-thread-1] DEBUG org.apache.nifi.processors.standard.TailFile - TailFile[id=ad1198ec-c44d-4583-95c8-76017d63778e] Recovering Rolled Off Files; total number of files rolled off = 0
[pool-4431-thread-1] DEBUG org.apache.nifi.processors.standard.TailFile - TailFile[id=ad1198ec-c44d-4583-95c8-76017d63778e] No data to consume; created no FlowFiles
[pool-4431-thread-1] DEBUG org.apache.nifi.processors.standard.TailFile - TailFile[id=ad1198ec-c44d-4583-95c8-76017d63778e] Recovering Rolled Off Files; total number of files rolled off = 0
[pool-4431-thread-1] DEBUG org.apache.nifi.processors.standard.TailFile - TailFile[id=ad1198ec-c44d-4583-95c8-76017d63778e] No data to consume; created no FlowFiles
[pool-4431-thread-1] DEBUG org.apache.nifi.processors.standard.TailFile - TailFile[id=ad1198ec-c44d-4583-95c8-76017d63778e] Recovering Rolled Off Files; total number of files rolled off = 0
[pool-4431-thread-1] DEBUG org.apache.nifi.processors.standard.TailFile - TailFile[id=ad1198ec-c44d-4583-95c8-76017d63778e] No data to consume; created no FlowFiles
[pool-4431-thread-1] DEBUG org.apache.nifi.processors.standard.TailFile - TailFile[id=ad1198ec-c44d-4583-95c8-76017d63778e] Recovering Rolled Off Files; total number of files rolled off = 0
[pool-4431-thread-1] DEBUG org.apache.nifi.processors.standard.TailFile - TailFile[id=ad1198ec-c44d-4583-95c8-76017d63778e] No data to consume; created no FlowFiles
[pool-4431-thread-1] DEBUG org.apache.nifi.processors.standard.TailFile - TailFile[id=ad1198ec-c44d-4583-95c8-76017d63778e] Recovering Rolled Off Files; total number of files rolled off = 0
[pool-4431-thread-1] DEBUG org.apache.nifi.processors.standard.TailFile - TailFile[id=ad1198ec-c44d-4583-95c8-76017d63778e] No data to consume; created no FlowFiles
[pool-4431-thread-1] DEBUG org.apache.nifi.processors.standard.TailFile - TailFile[id=ad1198ec-c44d-4583-95c8-76017d63778e] Recovering Rolled Off Files; total number of files rolled off = 0
[pool-4431-thread-1] DEBUG org.apache.nifi.processors.standard.TailFile - TailFile[id=ad1198ec-c44d-4583-95c8-76017d63778e] No data to consume; created no FlowFiles
[pool-4431-thread-1] DEBUG org.apache.nifi.processors.standard.TailFile - TailFile[id=ad1198ec-c44d-4583-95c8-76017d63778e] Recovering Rolled Off Files; total number of files rolled off = 0
[pool-4431-thread-1] DEBUG org.apache.nifi.processors.standard.TailFile - TailFile[id=ad1198ec-c44d-4583-95c8-76017d63778e] No data to consume; created no FlowFiles
[pool-4431-thread-1] DEBUG org.apache.nifi.processors.standard.TailFile - TailFile[id=ad1198ec-c44d-4583-95c8-76017d63778e] Recovering Rolled Off Files; total number of files rolled off = 0
[pool-4431-thread-1] DEBUG org.apache.nifi.processors.standard.TailFile - TailFile[id=ad1198ec-c44d-4583-95c8-76017d63778e] No data to consume; created no FlowFiles
[pool-4431-thread-1] DEBUG org.apache.nifi.processors.standard.TailFile - TailFile[id=ad1198ec-c44d-4583-95c8-76017d63778e] Recovering Rolled Off Files; total number of files rolled off = 0
[pool-4431-thread-1] DEBUG org.apache.nifi.processors.standard.TailFile - TailFile[id=ad1198ec-c44d-4583-95c8-76017d63778e] No data to consume; created no FlowFiles
[pool-4431-thread-1] DEBUG org.apache.nifi.processors.standard.TailFile - TailFile[id=ad1198ec-c44d-4583-95c8-76017d63778e] Recovering Rolled Off Files; total number of files rolled off = 0
[pool-4431-thread-1] DEBUG org.apache.nifi.processors.standard.TailFile - TailFile[id=ad1198ec-c44d-4583-95c8-76017d63778e] No data to consume; created no FlowFiles
[pool-4431-thread-1] DEBUG org.apache.nifi.processors.standard.TailFile - TailFile[id=ad1198ec-c44d-4583-95c8-76017d63778e] Recovering Rolled Off Files; total number of files rolled off = 0
[pool-4431-thread-1] DEBUG org.apache.nifi.processors.standard.TailFile - TailFile[id=ad1198ec-c44d-4583-95c8-76017d63778e] No data to consume; created no FlowFiles
[pool-4431-thread-1] DEBUG org.apache.nifi.processors.standard.TailFile - TailFile[id=ad1198ec-c44d-4583-95c8-76017d63778e] Recovering Rolled Off Files; total number of files rolled off = 0
[pool-4431-thread-1] DEBUG org.apache.nifi.processors.standard.TailFile - TailFile[id=ad1198ec-c44d-4583-95c8-76017d63778e] No data to consume; created no FlowFiles
[pool-4431-thread-1] DEBUG org.apache.nifi.processors.standard.TailFile - TailFile[id=ad1198ec-c44d-4583-95c8-76017d63778e] Recovering Rolled Off Files; total number of files rolled off = 0
[pool-4431-thread-1] DEBUG org.apache.nifi.processors.standard.TailFile - TailFile[id=ad1198ec-c44d-4583-95c8-76017d63778e] No data to consume; created no FlowFiles
[pool-4431-thread-1] DEBUG org.apache.nifi.processors.standard.TailFile - TailFile[id=ad1198ec-c44d-4583-95c8-76017d63778e] Recovering Rolled Off Files; total number of files rolled off = 0
[pool-4431-thread-1] DEBUG org.apache.nifi.processors.standard.TailFile - TailFile[id=ad1198ec-c44d-4583-95c8-76017d63778e] No data to consume; created no FlowFiles
[pool-4431-thread-1] DEBUG org.apache.nifi.processors.standard.TailFile - TailFile[id=ad1198ec-c44d-4583-95c8-76017d63778e] Recovering Rolled Off Files; total number of files rolled off = 0
[pool-4431-thread-1] DEBUG org.apache.nifi.processors.standard.TailFile - TailFile[id=ad1198ec-c44d-4583-95c8-76017d63778e] No data to consume; created no FlowFiles
[pool-4431-thread-1] DEBUG org.apache.nifi.processors.standard.TailFile - TailFile[id=ad1198ec-c44d-4583-95c8-76017d63778e] Recovering Rolled Off Files; total number of files rolled off = 0
[pool-4431-thread-1] DEBUG org.apache.nifi.processors.standard.TailFile - TailFile[id=ad1198ec-c44d-4583-95c8-76017d63778e] No data to consume; created no FlowFiles
[pool-4431-thread-1] DEBUG org.apache.nifi.processors.standard.TailFile - TailFile[id=ad1198ec-c44d-4583-95c8-76017d63778e] Recovering Rolled Off Files; total number of files rolled off = 0
[pool-4431-thread-1] DEBUG org.apache.nifi.processors.standard.TailFile - TailFile[id=ad1198ec-c44d-4583-95c8-76017d63778e] No data to consume; created no FlowFiles
[pool-4431-thread-1] DEBUG org.apache.nifi.processors.standard.TailFile - TailFile[id=ad1198ec-c44d-4583-95c8-76017d63778e] Recovering Rolled Off Files; total number of files rolled off = 0
[pool-4431-thread-1] DEBUG org.apache.nifi.processors.standard.TailFile - TailFile[id=ad1198ec-c44d-4583-95c8-76017d63778e] No data to consume; created no FlowFiles
[pool-4431-thread-1] DEBUG org.apache.nifi.processors.standard.TailFile - TailFile[id=ad1198ec-c44d-4583-95c8-76017d63778e] Recovering Rolled Off Files; total number of files rolled off = 0
[pool-4431-thread-1] DEBUG org.apache.nifi.processors.standard.TailFile - TailFile[id=ad1198ec-c44d-4583-95c8-76017d63778e] No data to consume; created no FlowFiles
[pool-4431-thread-1] DEBUG org.apache.nifi.processors.standard.TailFile - TailFile[id=ad1198ec-c44d-4583-95c8-76017d63778e] Recovering Rolled Off Files; total number of files rolled off = 0
[pool-4431-thread-1] DEBUG org.apache.nifi.processors.standard.TailFile - TailFile[id=ad1198ec-c44d-4583-95c8-76017d63778e] No data to consume; created no FlowFiles
[pool-4431-thread-1] DEBUG org.apache.nifi.processors.standard.TailFile - TailFile[id=ad1198ec-c44d-4583-95c8-76017d63778e] Recovering Rolled Off Files; total number of files rolled off = 0
[pool-4431-thread-1] DEBUG org.apache.nifi.processors.standard.TailFile - TailFile[id=ad1198ec-c44d-4583-95c8-76017d63778e] No data to consume; created no FlowFiles
[pool-4431-thread-1] DEBUG org.apache.nifi.processors.standard.TailFile - TailFile[id=ad1198ec-c44d-4583-95c8-76017d63778e] Recovering Rolled Off Files; total number of files rolled off = 0
[pool-4431-thread-1] DEBUG org.apache.nifi.processors.standard.TailFile - TailFile[id=ad1198ec-c44d-4583-95c8-76017d63778e] No data to consume; created no FlowFiles
[pool-4431-thread-1] DEBUG org.apache.nifi.processors.standard.TailFile - TailFile[id=ad1198ec-c44d-4583-95c8-76017d63778e] Recovering Rolled Off Files; total number of files rolled off = 0
[pool-4431-thread-1] DEBUG org.apache.nifi.processors.standard.TailFile - TailFile[id=ad1198ec-c44d-4583-95c8-76017d63778e] No data to consume; created no FlowFiles
[pool-4431-thread-1] DEBUG org.apache.nifi.processors.standard.TailFile - TailFile[id=ad1198ec-c44d-4583-95c8-76017d63778e] Recovering Rolled Off Files; total number of files rolled off = 0
[pool-4431-thread-1] DEBUG org.apache.nifi.processors.standard.TailFile - TailFile[id=ad1198ec-c44d-4583-95c8-76017d63778e] No data to consume; created no FlowFiles
[pool-4431-thread-1] DEBUG org.apache.nifi.processors.standard.TailFile - TailFile[id=ad1198ec-c44d-4583-95c8-76017d63778e] Recovering Rolled Off Files; total number of files rolled off = 0
[pool-4431-thread-1] DEBUG org.apache.nifi.processors.standard.TailFile - TailFile[id=ad1198ec-c44d-4583-95c8-76017d63778e] No data to consume; created no FlowFiles
[main] DEBUG org.apache.nifi.processors.standard.TailFile - TailFile[id=ad1198ec-c44d-4583-95c8-76017d63778e] Closed FileChannel sun.nio.ch.FileChannelImpl@3d3f081f
]]></system-err>
  </testcase>
  <testcase name="testRolloverAndUpdateAtSameTime" classname="org.apache.nifi.processors.standard.TestTailFile" time="0.004">
    <system-err><![CDATA[[pool-4432-thread-1] DEBUG org.apache.nifi.processors.standard.TailFile - TailFile[id=726771d1-bdd6-4d4d-ac50-02448a301169] Created FileChannel sun.nio.ch.FileChannelImpl@2bdc4c9f for target/log.txt
[pool-4432-thread-1] DEBUG org.apache.nifi.processors.standard.TailFile - TailFile[id=726771d1-bdd6-4d4d-ac50-02448a301169] Reading lines starting at position 0
[pool-4432-thread-1] TRACE org.apache.nifi.processors.standard.TailFile - TailFile[id=726771d1-bdd6-4d4d-ac50-02448a301169] Checksum updated to 1506887054
[pool-4432-thread-1] DEBUG org.apache.nifi.processors.standard.TailFile - TailFile[id=726771d1-bdd6-4d4d-ac50-02448a301169] Created FlowFile[0,log.0-12.txt,12B] and routed to success
[main] DEBUG org.apache.nifi.processors.standard.TailFile - TailFile[id=726771d1-bdd6-4d4d-ac50-02448a301169] Closed FileChannel sun.nio.ch.FileChannelImpl@2bdc4c9f
[main] DEBUG org.apache.nifi.processors.standard.TailFile - TailFile[id=726771d1-bdd6-4d4d-ac50-02448a301169] When recovering state, existing file to tail is only 9 bytes but position flag is 12; this indicates that the file has rotated. Will begin tailing current file from beginning.
[main] DEBUG org.apache.nifi.processors.standard.TailFile - TailFile[id=726771d1-bdd6-4d4d-ac50-02448a301169] Recovered state TailFileState[filename=target/log.txt, position=12, timestamp=1714613020214, checksum=0, tailingPostRollover=false]
[pool-4433-thread-1] DEBUG org.apache.nifi.processors.standard.TailFile - TailFile[id=726771d1-bdd6-4d4d-ac50-02448a301169] Recovering Rolled Off Files; total number of files rolled off = 1
[pool-4433-thread-1] DEBUG org.apache.nifi.processors.standard.TailFile - TailFile[id=726771d1-bdd6-4d4d-ac50-02448a301169] Checksum for target/log.1 matched expected checksum. Will skip first 12 bytes
[pool-4433-thread-1] DEBUG org.apache.nifi.processors.standard.TailFile - TailFile[id=726771d1-bdd6-4d4d-ac50-02448a301169] Reading lines starting at position 12
[pool-4433-thread-1] TRACE org.apache.nifi.processors.standard.TailFile - TailFile[id=726771d1-bdd6-4d4d-ac50-02448a301169] Checksum updated to 0
[pool-4433-thread-1] TRACE org.apache.nifi.processors.standard.TailFile - TailFile[id=726771d1-bdd6-4d4d-ac50-02448a301169] Checksum updated to 2636723256
[pool-4433-thread-1] DEBUG org.apache.nifi.processors.standard.TailFile - TailFile[id=726771d1-bdd6-4d4d-ac50-02448a301169] Created FlowFile[1,log.1,7B] from rolled over file target/log.1 and routed to success
[pool-4433-thread-1] DEBUG org.apache.nifi.processors.standard.TailFile - TailFile[id=726771d1-bdd6-4d4d-ac50-02448a301169] Completed tailing of file target/log.txt; will cleanup state
[pool-4433-thread-1] DEBUG org.apache.nifi.processors.standard.TailFile - TailFile[id=726771d1-bdd6-4d4d-ac50-02448a301169] Created FileChannel sun.nio.ch.FileChannelImpl@424cc44f for target/log.txt
[pool-4433-thread-1] DEBUG org.apache.nifi.processors.standard.TailFile - TailFile[id=726771d1-bdd6-4d4d-ac50-02448a301169] Closed FileChannel sun.nio.ch.FileChannelImpl@424cc44f
[pool-4433-thread-1] DEBUG org.apache.nifi.processors.standard.TailFile - TailFile[id=726771d1-bdd6-4d4d-ac50-02448a301169] Created FileChannel sun.nio.ch.FileChannelImpl@467348de for target/log.txt
[pool-4433-thread-1] DEBUG org.apache.nifi.processors.standard.TailFile - TailFile[id=726771d1-bdd6-4d4d-ac50-02448a301169] Reading lines starting at position 0
[pool-4433-thread-1] TRACE org.apache.nifi.processors.standard.TailFile - TailFile[id=726771d1-bdd6-4d4d-ac50-02448a301169] Checksum updated to 755922184
[pool-4433-thread-1] DEBUG org.apache.nifi.processors.standard.TailFile - TailFile[id=726771d1-bdd6-4d4d-ac50-02448a301169] Created FlowFile[2,log.0-9.txt,9B] and routed to success
[pool-4434-thread-1] DEBUG org.apache.nifi.processors.standard.TailFile - TailFile[id=726771d1-bdd6-4d4d-ac50-02448a301169] Found rolled off file target/log.txt but its last modified timestamp is before the cutoff (Last Mod = 1714613020214, Cutoff = 1714613020215) so will not consume it
[pool-4434-thread-1] DEBUG org.apache.nifi.processors.standard.TailFile - TailFile[id=726771d1-bdd6-4d4d-ac50-02448a301169] Found rolled off file target/log.1 but its last modified timestamp is before the cutoff (Last Mod = 1714613020214, Cutoff = 1714613020215) so will not consume it
[pool-4434-thread-1] DEBUG org.apache.nifi.processors.standard.TailFile - TailFile[id=726771d1-bdd6-4d4d-ac50-02448a301169] Recovering Rolled Off Files; total number of files rolled off = 0
[pool-4434-thread-1] DEBUG org.apache.nifi.processors.standard.TailFile - TailFile[id=726771d1-bdd6-4d4d-ac50-02448a301169] No data to consume; created no FlowFiles
[main] DEBUG org.apache.nifi.processors.standard.TailFile - TailFile[id=726771d1-bdd6-4d4d-ac50-02448a301169] Closed FileChannel sun.nio.ch.FileChannelImpl@467348de
]]></system-err>
  </testcase>
  <testcase name="testNULContentWithReReadOnNulDefault" classname="org.apache.nifi.processors.standard.TestTailFile" time="0.003">
    <system-err><![CDATA[[pool-4435-thread-1] DEBUG org.apache.nifi.processors.standard.TailFile - TailFile[id=8d1a95fa-9449-4905-8995-87512ec57a57] Created FileChannel sun.nio.ch.FileChannelImpl@19a44aac for target/log.txt
[pool-4435-thread-1] DEBUG org.apache.nifi.processors.standard.TailFile - TailFile[id=8d1a95fa-9449-4905-8995-87512ec57a57] Reading lines starting at position 0
[pool-4435-thread-1] TRACE org.apache.nifi.processors.standard.TailFile - TailFile[id=8d1a95fa-9449-4905-8995-87512ec57a57] Checksum updated to 2783226356
[pool-4435-thread-1] DEBUG org.apache.nifi.processors.standard.TailFile - TailFile[id=8d1a95fa-9449-4905-8995-87512ec57a57] Created FlowFile[0,log.0-21.txt,21B] and routed to success
[pool-4436-thread-1] DEBUG org.apache.nifi.processors.standard.TailFile - TailFile[id=8d1a95fa-9449-4905-8995-87512ec57a57] Recovering Rolled Off Files; total number of files rolled off = 0
[pool-4436-thread-1] DEBUG org.apache.nifi.processors.standard.TailFile - TailFile[id=8d1a95fa-9449-4905-8995-87512ec57a57] Reading lines starting at position 21
[pool-4436-thread-1] TRACE org.apache.nifi.processors.standard.TailFile - TailFile[id=8d1a95fa-9449-4905-8995-87512ec57a57] Checksum updated to 179550039
[pool-4436-thread-1] DEBUG org.apache.nifi.processors.standard.TailFile - TailFile[id=8d1a95fa-9449-4905-8995-87512ec57a57] Created FlowFile[1,log.21-33.txt,12B] and routed to success
[main] DEBUG org.apache.nifi.processors.standard.TailFile - TailFile[id=8d1a95fa-9449-4905-8995-87512ec57a57] Closed FileChannel sun.nio.ch.FileChannelImpl@19a44aac
]]></system-err>
  </testcase>
  <testcase name="testRolloverWriteMoreDataThanPrevious" classname="org.apache.nifi.processors.standard.TestTailFile" time="0.004">
    <system-err><![CDATA[[pool-4437-thread-1] DEBUG org.apache.nifi.processors.standard.TailFile - TailFile[id=082f0715-ef45-478a-8ef9-b4e5ddfecab6] Created FileChannel sun.nio.ch.FileChannelImpl@349e6f18 for target/log.txt
[pool-4437-thread-1] DEBUG org.apache.nifi.processors.standard.TailFile - TailFile[id=082f0715-ef45-478a-8ef9-b4e5ddfecab6] No data to consume; created no FlowFiles
[pool-4438-thread-1] DEBUG org.apache.nifi.processors.standard.TailFile - TailFile[id=082f0715-ef45-478a-8ef9-b4e5ddfecab6] Recovering Rolled Off Files; total number of files rolled off = 0
[pool-4438-thread-1] DEBUG org.apache.nifi.processors.standard.TailFile - TailFile[id=082f0715-ef45-478a-8ef9-b4e5ddfecab6] Reading lines starting at position 0
[pool-4438-thread-1] TRACE org.apache.nifi.processors.standard.TailFile - TailFile[id=082f0715-ef45-478a-8ef9-b4e5ddfecab6] Checksum updated to 909783072
[pool-4438-thread-1] DEBUG org.apache.nifi.processors.standard.TailFile - TailFile[id=082f0715-ef45-478a-8ef9-b4e5ddfecab6] Created FlowFile[0,log.0-6.txt,6B] and routed to success
[main] DEBUG org.apache.nifi.processors.standard.TailFile - TailFile[id=082f0715-ef45-478a-8ef9-b4e5ddfecab6] Closed FileChannel sun.nio.ch.FileChannelImpl@349e6f18
[main] DEBUG org.apache.nifi.processors.standard.TailFile - TailFile[id=082f0715-ef45-478a-8ef9-b4e5ddfecab6] When recovering state, checksum of tailed file matches the stored checksum. Will resume where left off.
[main] DEBUG org.apache.nifi.processors.standard.TailFile - TailFile[id=082f0715-ef45-478a-8ef9-b4e5ddfecab6] Created FileChannel sun.nio.ch.FileChannelImpl@21596e9a for target/log.txt in recoverState
[main] DEBUG org.apache.nifi.processors.standard.TailFile - TailFile[id=082f0715-ef45-478a-8ef9-b4e5ddfecab6] Recovered state TailFileState[filename=target/log.txt, position=6, timestamp=1714613020218, checksum=909783072, tailingPostRollover=false]
[pool-4439-thread-1] DEBUG org.apache.nifi.processors.standard.TailFile - TailFile[id=082f0715-ef45-478a-8ef9-b4e5ddfecab6] Recovering Rolled Off Files; total number of files rolled off = 0
[pool-4439-thread-1] DEBUG org.apache.nifi.processors.standard.TailFile - TailFile[id=082f0715-ef45-478a-8ef9-b4e5ddfecab6] Reading lines starting at position 6
[pool-4439-thread-1] DEBUG org.apache.nifi.processors.standard.TailFile - TailFile[id=082f0715-ef45-478a-8ef9-b4e5ddfecab6] Read 0 lines; repositioning reader from 11 to 6
[pool-4439-thread-1] DEBUG org.apache.nifi.processors.standard.TailFile - TailFile[id=082f0715-ef45-478a-8ef9-b4e5ddfecab6] No data to consume; removed created FlowFile
[main] DEBUG org.apache.nifi.processors.standard.TailFile - TailFile[id=082f0715-ef45-478a-8ef9-b4e5ddfecab6] Closed FileChannel sun.nio.ch.FileChannelImpl@21596e9a
[main] DEBUG org.apache.nifi.processors.standard.TailFile - TailFile[id=082f0715-ef45-478a-8ef9-b4e5ddfecab6] When recovering state, checksum of tailed file does not match the stored checksum. Will begin tailing current file from beginning.
[main] DEBUG org.apache.nifi.processors.standard.TailFile - TailFile[id=082f0715-ef45-478a-8ef9-b4e5ddfecab6] Recovered state TailFileState[filename=target/log.txt, position=6, timestamp=1714613020218, checksum=3849739385, tailingPostRollover=false]
[pool-4440-thread-1] DEBUG org.apache.nifi.processors.standard.TailFile - TailFile[id=082f0715-ef45-478a-8ef9-b4e5ddfecab6] Recovering Rolled Off Files; total number of files rolled off = 1
[pool-4440-thread-1] DEBUG org.apache.nifi.processors.standard.TailFile - TailFile[id=082f0715-ef45-478a-8ef9-b4e5ddfecab6] Checksum for target/log.1 matched expected checksum. Will skip first 6 bytes
[pool-4440-thread-1] DEBUG org.apache.nifi.processors.standard.TailFile - TailFile[id=082f0715-ef45-478a-8ef9-b4e5ddfecab6] Reading lines starting at position 6
[pool-4440-thread-1] TRACE org.apache.nifi.processors.standard.TailFile - TailFile[id=082f0715-ef45-478a-8ef9-b4e5ddfecab6] Checksum updated to 3849739385
[pool-4440-thread-1] TRACE org.apache.nifi.processors.standard.TailFile - TailFile[id=082f0715-ef45-478a-8ef9-b4e5ddfecab6] Checksum updated to 1008414892
[pool-4440-thread-1] DEBUG org.apache.nifi.processors.standard.TailFile - TailFile[id=082f0715-ef45-478a-8ef9-b4e5ddfecab6] Created FlowFile[2,log.1,5B] from rolled over file target/log.1 and routed to success
[pool-4440-thread-1] DEBUG org.apache.nifi.processors.standard.TailFile - TailFile[id=082f0715-ef45-478a-8ef9-b4e5ddfecab6] Completed tailing of file target/log.txt; will cleanup state
[pool-4440-thread-1] DEBUG org.apache.nifi.processors.standard.TailFile - TailFile[id=082f0715-ef45-478a-8ef9-b4e5ddfecab6] Created FileChannel sun.nio.ch.FileChannelImpl@56cee272 for target/log.txt
[pool-4440-thread-1] DEBUG org.apache.nifi.processors.standard.TailFile - TailFile[id=082f0715-ef45-478a-8ef9-b4e5ddfecab6] Closed FileChannel sun.nio.ch.FileChannelImpl@56cee272
[pool-4440-thread-1] DEBUG org.apache.nifi.processors.standard.TailFile - TailFile[id=082f0715-ef45-478a-8ef9-b4e5ddfecab6] Created FileChannel sun.nio.ch.FileChannelImpl@52f16c73 for target/log.txt
[pool-4440-thread-1] DEBUG org.apache.nifi.processors.standard.TailFile - TailFile[id=082f0715-ef45-478a-8ef9-b4e5ddfecab6] Reading lines starting at position 0
[pool-4440-thread-1] TRACE org.apache.nifi.processors.standard.TailFile - TailFile[id=082f0715-ef45-478a-8ef9-b4e5ddfecab6] Checksum updated to 1772237550
[pool-4440-thread-1] DEBUG org.apache.nifi.processors.standard.TailFile - TailFile[id=082f0715-ef45-478a-8ef9-b4e5ddfecab6] Created FlowFile[3,log.0-18.txt,18B] and routed to success
[main] DEBUG org.apache.nifi.processors.standard.TailFile - TailFile[id=082f0715-ef45-478a-8ef9-b4e5ddfecab6] Closed FileChannel sun.nio.ch.FileChannelImpl@52f16c73
]]></system-err>
  </testcase>
  <testcase name="testStartAtBeginningOfFile" classname="org.apache.nifi.processors.standard.TestTailFile" time="0.002">
    <system-err><![CDATA[[pool-4441-thread-1] DEBUG org.apache.nifi.processors.standard.TailFile - TailFile[id=8f638b42-3046-46f4-a21d-e4b0827667a2] Created FileChannel sun.nio.ch.FileChannelImpl@3bbacc5c for target/log.txt
[pool-4441-thread-1] DEBUG org.apache.nifi.processors.standard.TailFile - TailFile[id=8f638b42-3046-46f4-a21d-e4b0827667a2] Reading lines starting at position 0
[pool-4441-thread-1] TRACE org.apache.nifi.processors.standard.TailFile - TailFile[id=8f638b42-3046-46f4-a21d-e4b0827667a2] Checksum updated to 2936552237
[pool-4441-thread-1] DEBUG org.apache.nifi.processors.standard.TailFile - TailFile[id=8f638b42-3046-46f4-a21d-e4b0827667a2] Created FlowFile[0,log.0-12.txt,12B] and routed to success
[main] DEBUG org.apache.nifi.processors.standard.TailFile - TailFile[id=8f638b42-3046-46f4-a21d-e4b0827667a2] Closed FileChannel sun.nio.ch.FileChannelImpl@3bbacc5c
]]></system-err>
  </testcase>
  <testcase name="testStartAtBeginningOfTime" classname="org.apache.nifi.processors.standard.TestTailFile" time="0.003">
    <system-err><![CDATA[[pool-4442-thread-1] DEBUG org.apache.nifi.processors.standard.TailFile - TailFile[id=2099f36b-4e0c-4f2b-8724-66a850932e00] Recovering Rolled Off Files; total number of files rolled off = 1
[pool-4442-thread-1] TRACE org.apache.nifi.processors.standard.TailFile - TailFile[id=2099f36b-4e0c-4f2b-8724-66a850932e00] Checksum updated to 0
[pool-4442-thread-1] DEBUG org.apache.nifi.processors.standard.TailFile - TailFile[id=2099f36b-4e0c-4f2b-8724-66a850932e00] Created FlowFile[0,log.txt.previous,5B] from target/log.txt.previous and routed to success
[pool-4442-thread-1] DEBUG org.apache.nifi.processors.standard.TailFile - TailFile[id=2099f36b-4e0c-4f2b-8724-66a850932e00] Created FileChannel sun.nio.ch.FileChannelImpl@487f3809 for target/log.txt
[pool-4442-thread-1] DEBUG org.apache.nifi.processors.standard.TailFile - TailFile[id=2099f36b-4e0c-4f2b-8724-66a850932e00] Reading lines starting at position 0
[pool-4442-thread-1] TRACE org.apache.nifi.processors.standard.TailFile - TailFile[id=2099f36b-4e0c-4f2b-8724-66a850932e00] Checksum updated to 3711459752
[pool-4442-thread-1] DEBUG org.apache.nifi.processors.standard.TailFile - TailFile[id=2099f36b-4e0c-4f2b-8724-66a850932e00] Created FlowFile[1,log.0-6.txt,6B] and routed to success
[main] DEBUG org.apache.nifi.processors.standard.TailFile - TailFile[id=2099f36b-4e0c-4f2b-8724-66a850932e00] Closed FileChannel sun.nio.ch.FileChannelImpl@487f3809
]]></system-err>
  </testcase>
  <testcase name="testRemainderOfFileRecoveredAfterRestart" classname="org.apache.nifi.processors.standard.TestTailFile" time="0.004">
    <system-err><![CDATA[[pool-4443-thread-1] DEBUG org.apache.nifi.processors.standard.TailFile - TailFile[id=72bf4767-7700-4532-aa11-bad085352e39] Created FileChannel sun.nio.ch.FileChannelImpl@109d308a for target/log.txt
[pool-4443-thread-1] DEBUG org.apache.nifi.processors.standard.TailFile - TailFile[id=72bf4767-7700-4532-aa11-bad085352e39] No data to consume; created no FlowFiles
[main] DEBUG org.apache.nifi.processors.standard.TailFile - TailFile[id=72bf4767-7700-4532-aa11-bad085352e39] Closed FileChannel sun.nio.ch.FileChannelImpl@109d308a
[main] DEBUG org.apache.nifi.processors.standard.TailFile - TailFile[id=72bf4767-7700-4532-aa11-bad085352e39] When recovering state, checksum of tailed file matches the stored checksum. Will resume where left off.
[main] DEBUG org.apache.nifi.processors.standard.TailFile - TailFile[id=72bf4767-7700-4532-aa11-bad085352e39] Created FileChannel sun.nio.ch.FileChannelImpl@36b185b2 for target/log.txt in recoverState
[main] DEBUG org.apache.nifi.processors.standard.TailFile - TailFile[id=72bf4767-7700-4532-aa11-bad085352e39] Recovered state TailFileState[filename=target/log.txt, position=0, timestamp=0, checksum=0, tailingPostRollover=false]
[pool-4444-thread-1] DEBUG org.apache.nifi.processors.standard.TailFile - TailFile[id=72bf4767-7700-4532-aa11-bad085352e39] Recovering Rolled Off Files; total number of files rolled off = 0
[pool-4444-thread-1] DEBUG org.apache.nifi.processors.standard.TailFile - TailFile[id=72bf4767-7700-4532-aa11-bad085352e39] Reading lines starting at position 0
[pool-4444-thread-1] TRACE org.apache.nifi.processors.standard.TailFile - TailFile[id=72bf4767-7700-4532-aa11-bad085352e39] Checksum updated to 909783072
[pool-4444-thread-1] DEBUG org.apache.nifi.processors.standard.TailFile - TailFile[id=72bf4767-7700-4532-aa11-bad085352e39] Created FlowFile[0,log.0-6.txt,6B] and routed to success
[main] DEBUG org.apache.nifi.processors.standard.TailFile - TailFile[id=72bf4767-7700-4532-aa11-bad085352e39] Closed FileChannel sun.nio.ch.FileChannelImpl@36b185b2
[main] DEBUG org.apache.nifi.processors.standard.TailFile - TailFile[id=72bf4767-7700-4532-aa11-bad085352e39] When recovering state, checksum of tailed file does not match the stored checksum. Will begin tailing current file from beginning.
[main] DEBUG org.apache.nifi.processors.standard.TailFile - TailFile[id=72bf4767-7700-4532-aa11-bad085352e39] Recovered state TailFileState[filename=target/log.txt, position=6, timestamp=1714613020230, checksum=461569196, tailingPostRollover=false]
[pool-4445-thread-1] DEBUG org.apache.nifi.processors.standard.TailFile - TailFile[id=72bf4767-7700-4532-aa11-bad085352e39] Recovering Rolled Off Files; total number of files rolled off = 1
[pool-4445-thread-1] DEBUG org.apache.nifi.processors.standard.TailFile - TailFile[id=72bf4767-7700-4532-aa11-bad085352e39] Checksum for target/log1.txt matched expected checksum. Will skip first 6 bytes
[pool-4445-thread-1] DEBUG org.apache.nifi.processors.standard.TailFile - TailFile[id=72bf4767-7700-4532-aa11-bad085352e39] Reading lines starting at position 6
[pool-4445-thread-1] TRACE org.apache.nifi.processors.standard.TailFile - TailFile[id=72bf4767-7700-4532-aa11-bad085352e39] Checksum updated to 461569196
[pool-4445-thread-1] TRACE org.apache.nifi.processors.standard.TailFile - TailFile[id=72bf4767-7700-4532-aa11-bad085352e39] Checksum updated to 144166591
[pool-4445-thread-1] DEBUG org.apache.nifi.processors.standard.TailFile - TailFile[id=72bf4767-7700-4532-aa11-bad085352e39] Created FlowFile[1,log1.txt,5B] from rolled over file target/log1.txt and routed to success
[pool-4445-thread-1] DEBUG org.apache.nifi.processors.standard.TailFile - TailFile[id=72bf4767-7700-4532-aa11-bad085352e39] Completed tailing of file target/log.txt; will cleanup state
[pool-4445-thread-1] DEBUG org.apache.nifi.processors.standard.TailFile - TailFile[id=72bf4767-7700-4532-aa11-bad085352e39] Created FileChannel sun.nio.ch.FileChannelImpl@6abbfa29 for target/log.txt
[pool-4445-thread-1] DEBUG org.apache.nifi.processors.standard.TailFile - TailFile[id=72bf4767-7700-4532-aa11-bad085352e39] Closed FileChannel sun.nio.ch.FileChannelImpl@6abbfa29
[pool-4445-thread-1] DEBUG org.apache.nifi.processors.standard.TailFile - TailFile[id=72bf4767-7700-4532-aa11-bad085352e39] Created FileChannel sun.nio.ch.FileChannelImpl@6e8463a6 for target/log.txt
[pool-4445-thread-1] DEBUG org.apache.nifi.processors.standard.TailFile - TailFile[id=72bf4767-7700-4532-aa11-bad085352e39] Reading lines starting at position 0
[pool-4445-thread-1] TRACE org.apache.nifi.processors.standard.TailFile - TailFile[id=72bf4767-7700-4532-aa11-bad085352e39] Checksum updated to 755922184
[pool-4445-thread-1] DEBUG org.apache.nifi.processors.standard.TailFile - TailFile[id=72bf4767-7700-4532-aa11-bad085352e39] Created FlowFile[2,log.0-9.txt,9B] and routed to success
[main] DEBUG org.apache.nifi.processors.standard.TailFile - TailFile[id=72bf4767-7700-4532-aa11-bad085352e39] Closed FileChannel sun.nio.ch.FileChannelImpl@6e8463a6
]]></system-err>
  </testcase>
  <testcase name="testMultiLineWaitsForRegexMatchWithoutShutdownBetweenReads" classname="org.apache.nifi.processors.standard.TestTailFile" time="0.011">
    <system-err><![CDATA[[pool-4446-thread-1] DEBUG org.apache.nifi.processors.standard.TailFile - TailFile[id=f640e189-f4bc-453c-965b-77f5469e9c51] Created FileChannel sun.nio.ch.FileChannelImpl@6fb689ef for target/log.txt
[pool-4446-thread-1] DEBUG org.apache.nifi.processors.standard.TailFile - TailFile[id=f640e189-f4bc-453c-965b-77f5469e9c51] Reading lines starting at position 0
[pool-4446-thread-1] TRACE org.apache.nifi.processors.standard.TailFile - TailFile[id=f640e189-f4bc-453c-965b-77f5469e9c51] Checksum updated to 0
[pool-4446-thread-1] TRACE org.apache.nifi.processors.standard.TailFile - TailFile[id=f640e189-f4bc-453c-965b-77f5469e9c51] Checksum updated to 3759327841
[pool-4446-thread-1] DEBUG org.apache.nifi.processors.standard.TailFile - TailFile[id=f640e189-f4bc-453c-965b-77f5469e9c51] Created FlowFile[0,log.0-35.txt,16B] and routed to success
[pool-4446-thread-1] DEBUG org.apache.nifi.processors.standard.TailFile - TailFile[id=f640e189-f4bc-453c-965b-77f5469e9c51] Closed FileChannel sun.nio.ch.FileChannelImpl@6fb689ef
[pool-4447-thread-1] DEBUG org.apache.nifi.processors.standard.TailFile - TailFile[id=f640e189-f4bc-453c-965b-77f5469e9c51] Recovering Rolled Off Files; total number of files rolled off = 0
[pool-4447-thread-1] DEBUG org.apache.nifi.processors.standard.TailFile - TailFile[id=f640e189-f4bc-453c-965b-77f5469e9c51] Created FileChannel sun.nio.ch.FileChannelImpl@327ae7a0 for target/log.txt
[pool-4447-thread-1] DEBUG org.apache.nifi.processors.standard.TailFile - TailFile[id=f640e189-f4bc-453c-965b-77f5469e9c51] Reading lines starting at position 16
[pool-4447-thread-1] TRACE org.apache.nifi.processors.standard.TailFile - TailFile[id=f640e189-f4bc-453c-965b-77f5469e9c51] Checksum updated to 3759327841
[pool-4447-thread-1] TRACE org.apache.nifi.processors.standard.TailFile - TailFile[id=f640e189-f4bc-453c-965b-77f5469e9c51] Checksum updated to 1420984167
[pool-4447-thread-1] DEBUG org.apache.nifi.processors.standard.TailFile - TailFile[id=f640e189-f4bc-453c-965b-77f5469e9c51] Created FlowFile[1,log.16-58.txt,19B] and routed to success
[pool-4447-thread-1] DEBUG org.apache.nifi.processors.standard.TailFile - TailFile[id=f640e189-f4bc-453c-965b-77f5469e9c51] Closed FileChannel sun.nio.ch.FileChannelImpl@327ae7a0
[main] INFO org.apache.nifi.processors.standard.TestTailFile - i = 0
[pool-4448-thread-1] DEBUG org.apache.nifi.processors.standard.TailFile - TailFile[id=f640e189-f4bc-453c-965b-77f5469e9c51] Recovering Rolled Off Files; total number of files rolled off = 0
[pool-4448-thread-1] DEBUG org.apache.nifi.processors.standard.TailFile - TailFile[id=f640e189-f4bc-453c-965b-77f5469e9c51] Created FileChannel sun.nio.ch.FileChannelImpl@70feadc8 for target/log.txt
[pool-4448-thread-1] DEBUG org.apache.nifi.processors.standard.TailFile - TailFile[id=f640e189-f4bc-453c-965b-77f5469e9c51] Reading lines starting at position 35
[pool-4448-thread-1] TRACE org.apache.nifi.processors.standard.TailFile - TailFile[id=f640e189-f4bc-453c-965b-77f5469e9c51] Checksum updated to 1420984167
[pool-4448-thread-1] DEBUG org.apache.nifi.processors.standard.TailFile - TailFile[id=f640e189-f4bc-453c-965b-77f5469e9c51] No data to consume; removed created FlowFile
[pool-4448-thread-1] DEBUG org.apache.nifi.processors.standard.TailFile - TailFile[id=f640e189-f4bc-453c-965b-77f5469e9c51] Closed FileChannel sun.nio.ch.FileChannelImpl@70feadc8
[main] INFO org.apache.nifi.processors.standard.TestTailFile - i = 1
[pool-4449-thread-1] DEBUG org.apache.nifi.processors.standard.TailFile - TailFile[id=f640e189-f4bc-453c-965b-77f5469e9c51] Recovering Rolled Off Files; total number of files rolled off = 0
[pool-4449-thread-1] DEBUG org.apache.nifi.processors.standard.TailFile - TailFile[id=f640e189-f4bc-453c-965b-77f5469e9c51] Created FileChannel sun.nio.ch.FileChannelImpl@f9461cd for target/log.txt
[pool-4449-thread-1] DEBUG org.apache.nifi.processors.standard.TailFile - TailFile[id=f640e189-f4bc-453c-965b-77f5469e9c51] Reading lines starting at position 35
[pool-4449-thread-1] TRACE org.apache.nifi.processors.standard.TailFile - TailFile[id=f640e189-f4bc-453c-965b-77f5469e9c51] Checksum updated to 1420984167
[pool-4449-thread-1] DEBUG org.apache.nifi.processors.standard.TailFile - TailFile[id=f640e189-f4bc-453c-965b-77f5469e9c51] No data to consume; removed created FlowFile
[pool-4449-thread-1] DEBUG org.apache.nifi.processors.standard.TailFile - TailFile[id=f640e189-f4bc-453c-965b-77f5469e9c51] Closed FileChannel sun.nio.ch.FileChannelImpl@f9461cd
[main] INFO org.apache.nifi.processors.standard.TestTailFile - i = 2
[pool-4450-thread-1] DEBUG org.apache.nifi.processors.standard.TailFile - TailFile[id=f640e189-f4bc-453c-965b-77f5469e9c51] Recovering Rolled Off Files; total number of files rolled off = 0
[pool-4450-thread-1] DEBUG org.apache.nifi.processors.standard.TailFile - TailFile[id=f640e189-f4bc-453c-965b-77f5469e9c51] Created FileChannel sun.nio.ch.FileChannelImpl@7541acaf for target/log.txt
[pool-4450-thread-1] DEBUG org.apache.nifi.processors.standard.TailFile - TailFile[id=f640e189-f4bc-453c-965b-77f5469e9c51] Reading lines starting at position 35
[pool-4450-thread-1] TRACE org.apache.nifi.processors.standard.TailFile - TailFile[id=f640e189-f4bc-453c-965b-77f5469e9c51] Checksum updated to 1420984167
[pool-4450-thread-1] DEBUG org.apache.nifi.processors.standard.TailFile - TailFile[id=f640e189-f4bc-453c-965b-77f5469e9c51] No data to consume; removed created FlowFile
[pool-4450-thread-1] DEBUG org.apache.nifi.processors.standard.TailFile - TailFile[id=f640e189-f4bc-453c-965b-77f5469e9c51] Closed FileChannel sun.nio.ch.FileChannelImpl@7541acaf
[main] INFO org.apache.nifi.processors.standard.TestTailFile - i = 3
[pool-4451-thread-1] DEBUG org.apache.nifi.processors.standard.TailFile - TailFile[id=f640e189-f4bc-453c-965b-77f5469e9c51] Recovering Rolled Off Files; total number of files rolled off = 0
[pool-4451-thread-1] DEBUG org.apache.nifi.processors.standard.TailFile - TailFile[id=f640e189-f4bc-453c-965b-77f5469e9c51] Created FileChannel sun.nio.ch.FileChannelImpl@41225dc9 for target/log.txt
[pool-4451-thread-1] DEBUG org.apache.nifi.processors.standard.TailFile - TailFile[id=f640e189-f4bc-453c-965b-77f5469e9c51] Reading lines starting at position 35
[pool-4451-thread-1] TRACE org.apache.nifi.processors.standard.TailFile - TailFile[id=f640e189-f4bc-453c-965b-77f5469e9c51] Checksum updated to 1420984167
[pool-4451-thread-1] DEBUG org.apache.nifi.processors.standard.TailFile - TailFile[id=f640e189-f4bc-453c-965b-77f5469e9c51] No data to consume; removed created FlowFile
[pool-4451-thread-1] DEBUG org.apache.nifi.processors.standard.TailFile - TailFile[id=f640e189-f4bc-453c-965b-77f5469e9c51] Closed FileChannel sun.nio.ch.FileChannelImpl@41225dc9
[main] INFO org.apache.nifi.processors.standard.TestTailFile - i = 4
[pool-4452-thread-1] DEBUG org.apache.nifi.processors.standard.TailFile - TailFile[id=f640e189-f4bc-453c-965b-77f5469e9c51] Recovering Rolled Off Files; total number of files rolled off = 0
[pool-4452-thread-1] DEBUG org.apache.nifi.processors.standard.TailFile - TailFile[id=f640e189-f4bc-453c-965b-77f5469e9c51] Created FileChannel sun.nio.ch.FileChannelImpl@14b0ce9e for target/log.txt
[pool-4452-thread-1] DEBUG org.apache.nifi.processors.standard.TailFile - TailFile[id=f640e189-f4bc-453c-965b-77f5469e9c51] Reading lines starting at position 35
[pool-4452-thread-1] TRACE org.apache.nifi.processors.standard.TailFile - TailFile[id=f640e189-f4bc-453c-965b-77f5469e9c51] Checksum updated to 1420984167
[pool-4452-thread-1] DEBUG org.apache.nifi.processors.standard.TailFile - TailFile[id=f640e189-f4bc-453c-965b-77f5469e9c51] No data to consume; removed created FlowFile
[pool-4452-thread-1] DEBUG org.apache.nifi.processors.standard.TailFile - TailFile[id=f640e189-f4bc-453c-965b-77f5469e9c51] Closed FileChannel sun.nio.ch.FileChannelImpl@14b0ce9e
[main] INFO org.apache.nifi.processors.standard.TestTailFile - i = 5
[pool-4453-thread-1] DEBUG org.apache.nifi.processors.standard.TailFile - TailFile[id=f640e189-f4bc-453c-965b-77f5469e9c51] Recovering Rolled Off Files; total number of files rolled off = 0
[pool-4453-thread-1] DEBUG org.apache.nifi.processors.standard.TailFile - TailFile[id=f640e189-f4bc-453c-965b-77f5469e9c51] Created FileChannel sun.nio.ch.FileChannelImpl@35f62de3 for target/log.txt
[pool-4453-thread-1] DEBUG org.apache.nifi.processors.standard.TailFile - TailFile[id=f640e189-f4bc-453c-965b-77f5469e9c51] Reading lines starting at position 35
[pool-4453-thread-1] TRACE org.apache.nifi.processors.standard.TailFile - TailFile[id=f640e189-f4bc-453c-965b-77f5469e9c51] Checksum updated to 1420984167
[pool-4453-thread-1] DEBUG org.apache.nifi.processors.standard.TailFile - TailFile[id=f640e189-f4bc-453c-965b-77f5469e9c51] No data to consume; removed created FlowFile
[pool-4453-thread-1] DEBUG org.apache.nifi.processors.standard.TailFile - TailFile[id=f640e189-f4bc-453c-965b-77f5469e9c51] Closed FileChannel sun.nio.ch.FileChannelImpl@35f62de3
[main] INFO org.apache.nifi.processors.standard.TestTailFile - i = 6
[pool-4454-thread-1] DEBUG org.apache.nifi.processors.standard.TailFile - TailFile[id=f640e189-f4bc-453c-965b-77f5469e9c51] Recovering Rolled Off Files; total number of files rolled off = 0
[pool-4454-thread-1] DEBUG org.apache.nifi.processors.standard.TailFile - TailFile[id=f640e189-f4bc-453c-965b-77f5469e9c51] Created FileChannel sun.nio.ch.FileChannelImpl@3a8794c1 for target/log.txt
[pool-4454-thread-1] DEBUG org.apache.nifi.processors.standard.TailFile - TailFile[id=f640e189-f4bc-453c-965b-77f5469e9c51] Reading lines starting at position 35
[pool-4454-thread-1] TRACE org.apache.nifi.processors.standard.TailFile - TailFile[id=f640e189-f4bc-453c-965b-77f5469e9c51] Checksum updated to 1420984167
[pool-4454-thread-1] DEBUG org.apache.nifi.processors.standard.TailFile - TailFile[id=f640e189-f4bc-453c-965b-77f5469e9c51] No data to consume; removed created FlowFile
[pool-4454-thread-1] DEBUG org.apache.nifi.processors.standard.TailFile - TailFile[id=f640e189-f4bc-453c-965b-77f5469e9c51] Closed FileChannel sun.nio.ch.FileChannelImpl@3a8794c1
[main] INFO org.apache.nifi.processors.standard.TestTailFile - i = 7
[pool-4455-thread-1] DEBUG org.apache.nifi.processors.standard.TailFile - TailFile[id=f640e189-f4bc-453c-965b-77f5469e9c51] Recovering Rolled Off Files; total number of files rolled off = 0
[pool-4455-thread-1] DEBUG org.apache.nifi.processors.standard.TailFile - TailFile[id=f640e189-f4bc-453c-965b-77f5469e9c51] Created FileChannel sun.nio.ch.FileChannelImpl@6cab8f0d for target/log.txt
[pool-4455-thread-1] DEBUG org.apache.nifi.processors.standard.TailFile - TailFile[id=f640e189-f4bc-453c-965b-77f5469e9c51] Reading lines starting at position 35
[pool-4455-thread-1] TRACE org.apache.nifi.processors.standard.TailFile - TailFile[id=f640e189-f4bc-453c-965b-77f5469e9c51] Checksum updated to 1420984167
[pool-4455-thread-1] DEBUG org.apache.nifi.processors.standard.TailFile - TailFile[id=f640e189-f4bc-453c-965b-77f5469e9c51] No data to consume; removed created FlowFile
[pool-4455-thread-1] DEBUG org.apache.nifi.processors.standard.TailFile - TailFile[id=f640e189-f4bc-453c-965b-77f5469e9c51] Closed FileChannel sun.nio.ch.FileChannelImpl@6cab8f0d
[main] INFO org.apache.nifi.processors.standard.TestTailFile - i = 8
[pool-4456-thread-1] DEBUG org.apache.nifi.processors.standard.TailFile - TailFile[id=f640e189-f4bc-453c-965b-77f5469e9c51] Recovering Rolled Off Files; total number of files rolled off = 0
[pool-4456-thread-1] DEBUG org.apache.nifi.processors.standard.TailFile - TailFile[id=f640e189-f4bc-453c-965b-77f5469e9c51] Created FileChannel sun.nio.ch.FileChannelImpl@2550c7be for target/log.txt
[pool-4456-thread-1] DEBUG org.apache.nifi.processors.standard.TailFile - TailFile[id=f640e189-f4bc-453c-965b-77f5469e9c51] Reading lines starting at position 35
[pool-4456-thread-1] TRACE org.apache.nifi.processors.standard.TailFile - TailFile[id=f640e189-f4bc-453c-965b-77f5469e9c51] Checksum updated to 1420984167
[pool-4456-thread-1] DEBUG org.apache.nifi.processors.standard.TailFile - TailFile[id=f640e189-f4bc-453c-965b-77f5469e9c51] No data to consume; removed created FlowFile
[pool-4456-thread-1] DEBUG org.apache.nifi.processors.standard.TailFile - TailFile[id=f640e189-f4bc-453c-965b-77f5469e9c51] Closed FileChannel sun.nio.ch.FileChannelImpl@2550c7be
[main] INFO org.apache.nifi.processors.standard.TestTailFile - i = 9
[pool-4457-thread-1] DEBUG org.apache.nifi.processors.standard.TailFile - TailFile[id=f640e189-f4bc-453c-965b-77f5469e9c51] Recovering Rolled Off Files; total number of files rolled off = 0
[pool-4457-thread-1] DEBUG org.apache.nifi.processors.standard.TailFile - TailFile[id=f640e189-f4bc-453c-965b-77f5469e9c51] Created FileChannel sun.nio.ch.FileChannelImpl@29908b41 for target/log.txt
[pool-4457-thread-1] DEBUG org.apache.nifi.processors.standard.TailFile - TailFile[id=f640e189-f4bc-453c-965b-77f5469e9c51] Reading lines starting at position 35
[pool-4457-thread-1] TRACE org.apache.nifi.processors.standard.TailFile - TailFile[id=f640e189-f4bc-453c-965b-77f5469e9c51] Checksum updated to 1420984167
[pool-4457-thread-1] DEBUG org.apache.nifi.processors.standard.TailFile - TailFile[id=f640e189-f4bc-453c-965b-77f5469e9c51] No data to consume; removed created FlowFile
[pool-4457-thread-1] DEBUG org.apache.nifi.processors.standard.TailFile - TailFile[id=f640e189-f4bc-453c-965b-77f5469e9c51] Closed FileChannel sun.nio.ch.FileChannelImpl@29908b41
[pool-4458-thread-1] DEBUG org.apache.nifi.processors.standard.TailFile - TailFile[id=f640e189-f4bc-453c-965b-77f5469e9c51] Recovering Rolled Off Files; total number of files rolled off = 0
[pool-4458-thread-1] DEBUG org.apache.nifi.processors.standard.TailFile - TailFile[id=f640e189-f4bc-453c-965b-77f5469e9c51] Created FileChannel sun.nio.ch.FileChannelImpl@6a98c8d8 for target/log.txt
[pool-4458-thread-1] DEBUG org.apache.nifi.processors.standard.TailFile - TailFile[id=f640e189-f4bc-453c-965b-77f5469e9c51] Reading lines starting at position 35
[pool-4458-thread-1] TRACE org.apache.nifi.processors.standard.TailFile - TailFile[id=f640e189-f4bc-453c-965b-77f5469e9c51] Checksum updated to 1420984167
[pool-4458-thread-1] TRACE org.apache.nifi.processors.standard.TailFile - TailFile[id=f640e189-f4bc-453c-965b-77f5469e9c51] Checksum updated to 309541038
[pool-4458-thread-1] DEBUG org.apache.nifi.processors.standard.TailFile - TailFile[id=f640e189-f4bc-453c-965b-77f5469e9c51] Created FlowFile[12,log.35-90.txt,43B] and routed to success
[pool-4458-thread-1] DEBUG org.apache.nifi.processors.standard.TailFile - TailFile[id=f640e189-f4bc-453c-965b-77f5469e9c51] Closed FileChannel sun.nio.ch.FileChannelImpl@6a98c8d8
[pool-4459-thread-1] DEBUG org.apache.nifi.processors.standard.TailFile - TailFile[id=f640e189-f4bc-453c-965b-77f5469e9c51] Recovering Rolled Off Files; total number of files rolled off = 1
[pool-4459-thread-1] DEBUG org.apache.nifi.processors.standard.TailFile - TailFile[id=f640e189-f4bc-453c-965b-77f5469e9c51] Checksum for target/log.1 matched expected checksum. Will skip first 78 bytes
[pool-4459-thread-1] DEBUG org.apache.nifi.processors.standard.TailFile - TailFile[id=f640e189-f4bc-453c-965b-77f5469e9c51] Reading lines starting at position 78
[pool-4459-thread-1] TRACE org.apache.nifi.processors.standard.TailFile - TailFile[id=f640e189-f4bc-453c-965b-77f5469e9c51] Checksum updated to 309541038
[pool-4459-thread-1] TRACE org.apache.nifi.processors.standard.TailFile - TailFile[id=f640e189-f4bc-453c-965b-77f5469e9c51] Checksum updated to 3375205410
[pool-4459-thread-1] DEBUG org.apache.nifi.processors.standard.TailFile - TailFile[id=f640e189-f4bc-453c-965b-77f5469e9c51] Created FlowFile[13,log.1,12B] from rolled over file target/log.1 and routed to success
[pool-4459-thread-1] DEBUG org.apache.nifi.processors.standard.TailFile - TailFile[id=f640e189-f4bc-453c-965b-77f5469e9c51] Completed tailing of file target/log.txt; will cleanup state
[pool-4459-thread-1] DEBUG org.apache.nifi.processors.standard.TailFile - TailFile[id=f640e189-f4bc-453c-965b-77f5469e9c51] Created FileChannel sun.nio.ch.FileChannelImpl@368113e4 for target/log.txt
[pool-4459-thread-1] DEBUG org.apache.nifi.processors.standard.TailFile - TailFile[id=f640e189-f4bc-453c-965b-77f5469e9c51] Closed FileChannel sun.nio.ch.FileChannelImpl@368113e4
[pool-4459-thread-1] DEBUG org.apache.nifi.processors.standard.TailFile - TailFile[id=f640e189-f4bc-453c-965b-77f5469e9c51] Created FileChannel sun.nio.ch.FileChannelImpl@32be81ec for target/log.txt
[pool-4459-thread-1] DEBUG org.apache.nifi.processors.standard.TailFile - TailFile[id=f640e189-f4bc-453c-965b-77f5469e9c51] No data to consume; created no FlowFiles
[main] DEBUG org.apache.nifi.processors.standard.TailFile - TailFile[id=f640e189-f4bc-453c-965b-77f5469e9c51] Closed FileChannel sun.nio.ch.FileChannelImpl@32be81ec
]]></system-err>
  </testcase>
  <testcase name="testRemainderOfFileRecoveredIfRolledOverWhileRunning" classname="org.apache.nifi.processors.standard.TestTailFile" time="0.003">
    <system-err><![CDATA[[pool-4460-thread-1] DEBUG org.apache.nifi.processors.standard.TailFile - TailFile[id=176d2058-c942-4d40-affe-f9c06da2894c] Created FileChannel sun.nio.ch.FileChannelImpl@6e3df68d for target/log.txt
[pool-4460-thread-1] DEBUG org.apache.nifi.processors.standard.TailFile - TailFile[id=176d2058-c942-4d40-affe-f9c06da2894c] No data to consume; created no FlowFiles
[pool-4461-thread-1] DEBUG org.apache.nifi.processors.standard.TailFile - TailFile[id=176d2058-c942-4d40-affe-f9c06da2894c] Recovering Rolled Off Files; total number of files rolled off = 0
[pool-4461-thread-1] DEBUG org.apache.nifi.processors.standard.TailFile - TailFile[id=176d2058-c942-4d40-affe-f9c06da2894c] Reading lines starting at position 0
[pool-4461-thread-1] TRACE org.apache.nifi.processors.standard.TailFile - TailFile[id=176d2058-c942-4d40-affe-f9c06da2894c] Checksum updated to 909783072
[pool-4461-thread-1] DEBUG org.apache.nifi.processors.standard.TailFile - TailFile[id=176d2058-c942-4d40-affe-f9c06da2894c] Created FlowFile[0,log.0-6.txt,6B] and routed to success
[pool-4462-thread-1] DEBUG org.apache.nifi.processors.standard.TailFile - TailFile[id=176d2058-c942-4d40-affe-f9c06da2894c] Recovering Rolled Off Files; total number of files rolled off = 1
[pool-4462-thread-1] DEBUG org.apache.nifi.processors.standard.TailFile - TailFile[id=176d2058-c942-4d40-affe-f9c06da2894c] Checksum for target/log1.txt matched expected checksum. Will skip first 6 bytes
[pool-4462-thread-1] DEBUG org.apache.nifi.processors.standard.TailFile - TailFile[id=176d2058-c942-4d40-affe-f9c06da2894c] Reading lines starting at position 6
[pool-4462-thread-1] TRACE org.apache.nifi.processors.standard.TailFile - TailFile[id=176d2058-c942-4d40-affe-f9c06da2894c] Checksum updated to 909783072
[pool-4462-thread-1] TRACE org.apache.nifi.processors.standard.TailFile - TailFile[id=176d2058-c942-4d40-affe-f9c06da2894c] Checksum updated to 2877110229
[pool-4462-thread-1] DEBUG org.apache.nifi.processors.standard.TailFile - TailFile[id=176d2058-c942-4d40-affe-f9c06da2894c] Created FlowFile[1,log1.txt,5B] from rolled over file target/log1.txt and routed to success
[pool-4462-thread-1] DEBUG org.apache.nifi.processors.standard.TailFile - TailFile[id=176d2058-c942-4d40-affe-f9c06da2894c] Completed tailing of file target/log.txt; will cleanup state
[pool-4462-thread-1] DEBUG org.apache.nifi.processors.standard.TailFile - TailFile[id=176d2058-c942-4d40-affe-f9c06da2894c] Closed FileChannel sun.nio.ch.FileChannelImpl@6e3df68d
[pool-4462-thread-1] DEBUG org.apache.nifi.processors.standard.TailFile - TailFile[id=176d2058-c942-4d40-affe-f9c06da2894c] Created FileChannel sun.nio.ch.FileChannelImpl@382dc03a for target/log.txt
[pool-4462-thread-1] DEBUG org.apache.nifi.processors.standard.TailFile - TailFile[id=176d2058-c942-4d40-affe-f9c06da2894c] Closed FileChannel sun.nio.ch.FileChannelImpl@382dc03a
[pool-4462-thread-1] DEBUG org.apache.nifi.processors.standard.TailFile - TailFile[id=176d2058-c942-4d40-affe-f9c06da2894c] Created FileChannel sun.nio.ch.FileChannelImpl@3c1253e7 for target/log.txt
[pool-4462-thread-1] DEBUG org.apache.nifi.processors.standard.TailFile - TailFile[id=176d2058-c942-4d40-affe-f9c06da2894c] Reading lines starting at position 0
[pool-4462-thread-1] TRACE org.apache.nifi.processors.standard.TailFile - TailFile[id=176d2058-c942-4d40-affe-f9c06da2894c] Checksum updated to 1733426259
[pool-4462-thread-1] DEBUG org.apache.nifi.processors.standard.TailFile - TailFile[id=176d2058-c942-4d40-affe-f9c06da2894c] Created FlowFile[2,log.0-2.txt,2B] and routed to success
[main] DEBUG org.apache.nifi.processors.standard.TailFile - TailFile[id=176d2058-c942-4d40-affe-f9c06da2894c] Closed FileChannel sun.nio.ch.FileChannelImpl@3c1253e7
]]></system-err>
  </testcase>
  <testcase name="testMigrateFrom100To110FileNotFound" classname="org.apache.nifi.processors.standard.TestTailFile" time="0.002">
    <system-err><![CDATA[[main] INFO org.apache.nifi.processors.standard.TailFile - TailFile[id=c12f9377-7e83-4a90-9823-80f12a8d754b] statesMap has been migrated. {file.0.filename=target/not-existing-log.txt, file.0.length=14, file.0.position=14, file.0.checksum=2279929157, file.0.timestamp=1480639134000}
[main] DEBUG org.apache.nifi.processors.standard.TailFile - TailFile[id=c12f9377-7e83-4a90-9823-80f12a8d754b] When recovering state, existing file to tail is only 0 bytes but position flag is 14; this indicates that the file has rotated. Will begin tailing current file from beginning.
[main] DEBUG org.apache.nifi.processors.standard.TailFile - TailFile[id=c12f9377-7e83-4a90-9823-80f12a8d754b] Recovered state TailFileState[filename=target/not-existing-log.txt, position=14, timestamp=1480639134000, checksum=0, tailingPostRollover=false]
[pool-4463-thread-1] INFO org.apache.nifi.processors.standard.TailFile - TailFile[id=c12f9377-7e83-4a90-9823-80f12a8d754b] statesMap has been migrated. {file.0.filename=target/not-existing-log.txt, file.0.length=14, file.0.position=14, file.0.checksum=2279929157, file.0.timestamp=1480639134000}
[pool-4463-thread-1] DEBUG org.apache.nifi.processors.standard.TailFile - TailFile[id=c12f9377-7e83-4a90-9823-80f12a8d754b] When recovering state, existing file to tail is only 0 bytes but position flag is 14; this indicates that the file has rotated. Will begin tailing current file from beginning.
[pool-4463-thread-1] DEBUG org.apache.nifi.processors.standard.TailFile - TailFile[id=c12f9377-7e83-4a90-9823-80f12a8d754b] Recovered state TailFileState[filename=target/not-existing-log.txt, position=14, timestamp=1480639134000, checksum=0, tailingPostRollover=false]
[pool-4463-thread-1] DEBUG org.apache.nifi.processors.standard.TailFile - TailFile[id=c12f9377-7e83-4a90-9823-80f12a8d754b] Recovering Rolled Off Files; total number of files rolled off = 0
[pool-4463-thread-1] WARN org.apache.nifi.processors.standard.TailFile - TailFile[id=c12f9377-7e83-4a90-9823-80f12a8d754b] Unable to open file target/not-existing-log.txt; will attempt to access file again after the configured Yield Duration has elapsed: java.nio.file.NoSuchFileException: target/not-existing-log.txt: java.nio.file.NoSuchFileException: target/not-existing-log.txt
[pool-4463-thread-1] WARN org.apache.nifi.processors.standard.TailFile - 
java.nio.file.NoSuchFileException: target/not-existing-log.txt
	at sun.nio.fs.UnixException.translateToIOException(UnixException.java:86)
	at sun.nio.fs.UnixException.rethrowAsIOException(UnixException.java:102)
	at sun.nio.fs.UnixException.rethrowAsIOException(UnixException.java:107)
	at sun.nio.fs.UnixFileSystemProvider.newFileChannel(UnixFileSystemProvider.java:177)
	at java.nio.channels.FileChannel.open(FileChannel.java:287)
	at java.nio.channels.FileChannel.open(FileChannel.java:335)
	at org.apache.nifi.processors.standard.TailFile.createReader(TailFile.java:1205)
	at org.apache.nifi.processors.standard.TailFile.processTailFile(TailFile.java:792)
	at org.apache.nifi.processors.standard.TailFile.onTrigger(TailFile.java:695)
	at org.apache.nifi.processor.AbstractProcessor.onTrigger(AbstractProcessor.java:27)
	at org.apache.nifi.util.StandardProcessorTestRunner$RunProcessor.call(StandardProcessorTestRunner.java:284)
	at org.apache.nifi.util.StandardProcessorTestRunner$RunProcessor.call(StandardProcessorTestRunner.java:278)
	at java.util.concurrent.FutureTask.run(FutureTask.java:266)
	at java.util.concurrent.ScheduledThreadPoolExecutor$ScheduledFutureTask.access$201(ScheduledThreadPoolExecutor.java:180)
	at java.util.concurrent.ScheduledThreadPoolExecutor$ScheduledFutureTask.run(ScheduledThreadPoolExecutor.java:293)
	at java.util.concurrent.ThreadPoolExecutor.runWorker(ThreadPoolExecutor.java:1149)
	at java.util.concurrent.ThreadPoolExecutor$Worker.run(ThreadPoolExecutor.java:624)
	at java.lang.Thread.run(Thread.java:750)
[main] INFO org.apache.nifi.processors.standard.TailFile - TailFile[id=c12f9377-7e83-4a90-9823-80f12a8d754b] Removed state checksum=2279929157 stored by older version of NiFi.
[main] INFO org.apache.nifi.processors.standard.TailFile - TailFile[id=c12f9377-7e83-4a90-9823-80f12a8d754b] Removed state filename=target/not-existing-log.txt stored by older version of NiFi.
[main] INFO org.apache.nifi.processors.standard.TailFile - TailFile[id=c12f9377-7e83-4a90-9823-80f12a8d754b] Removed state position=14 stored by older version of NiFi.
[main] INFO org.apache.nifi.processors.standard.TailFile - TailFile[id=c12f9377-7e83-4a90-9823-80f12a8d754b] Removed state timestamp=1480639134000 stored by older version of NiFi.
]]></system-err>
  </testcase>
  <testcase name="testMultipleRolloversAfterHavingReadAllData" classname="org.apache.nifi.processors.standard.TestTailFile" time="1.104">
    <system-err><![CDATA[[pool-4464-thread-1] DEBUG org.apache.nifi.processors.standard.TailFile - TailFile[id=a2229c8b-843a-40f2-a728-a9b13846d559] Created FileChannel sun.nio.ch.FileChannelImpl@4960defe for target/log.txt
[pool-4464-thread-1] DEBUG org.apache.nifi.processors.standard.TailFile - TailFile[id=a2229c8b-843a-40f2-a728-a9b13846d559] No data to consume; created no FlowFiles
[pool-4465-thread-1] DEBUG org.apache.nifi.processors.standard.TailFile - TailFile[id=a2229c8b-843a-40f2-a728-a9b13846d559] Recovering Rolled Off Files; total number of files rolled off = 0
[pool-4465-thread-1] DEBUG org.apache.nifi.processors.standard.TailFile - TailFile[id=a2229c8b-843a-40f2-a728-a9b13846d559] Reading lines starting at position 0
[pool-4465-thread-1] TRACE org.apache.nifi.processors.standard.TailFile - TailFile[id=a2229c8b-843a-40f2-a728-a9b13846d559] Checksum updated to 909783072
[pool-4465-thread-1] DEBUG org.apache.nifi.processors.standard.TailFile - TailFile[id=a2229c8b-843a-40f2-a728-a9b13846d559] Created FlowFile[0,log.0-6.txt,6B] and routed to success
[main] DEBUG org.apache.nifi.processors.standard.TailFile - TailFile[id=a2229c8b-843a-40f2-a728-a9b13846d559] Closed FileChannel sun.nio.ch.FileChannelImpl@4960defe
[main] DEBUG org.apache.nifi.processors.standard.TailFile - TailFile[id=a2229c8b-843a-40f2-a728-a9b13846d559] When recovering state, checksum of tailed file matches the stored checksum. Will resume where left off.
[main] DEBUG org.apache.nifi.processors.standard.TailFile - TailFile[id=a2229c8b-843a-40f2-a728-a9b13846d559] Created FileChannel sun.nio.ch.FileChannelImpl@8cf3084 for target/log.txt in recoverState
[main] DEBUG org.apache.nifi.processors.standard.TailFile - TailFile[id=a2229c8b-843a-40f2-a728-a9b13846d559] Recovered state TailFileState[filename=target/log.txt, position=6, timestamp=1714613020250, checksum=909783072, tailingPostRollover=false]
[pool-4466-thread-1] DEBUG org.apache.nifi.processors.standard.TailFile - TailFile[id=a2229c8b-843a-40f2-a728-a9b13846d559] Recovering Rolled Off Files; total number of files rolled off = 0
[pool-4466-thread-1] DEBUG org.apache.nifi.processors.standard.TailFile - TailFile[id=a2229c8b-843a-40f2-a728-a9b13846d559] Reading lines starting at position 6
[pool-4466-thread-1] DEBUG org.apache.nifi.processors.standard.TailFile - TailFile[id=a2229c8b-843a-40f2-a728-a9b13846d559] Read 0 lines; repositioning reader from 11 to 6
[pool-4466-thread-1] DEBUG org.apache.nifi.processors.standard.TailFile - TailFile[id=a2229c8b-843a-40f2-a728-a9b13846d559] No data to consume; removed created FlowFile
[main] DEBUG org.apache.nifi.processors.standard.TailFile - TailFile[id=a2229c8b-843a-40f2-a728-a9b13846d559] Closed FileChannel sun.nio.ch.FileChannelImpl@8cf3084
[main] DEBUG org.apache.nifi.processors.standard.TailFile - TailFile[id=a2229c8b-843a-40f2-a728-a9b13846d559] When recovering state, existing file to tail is only 2 bytes but position flag is 6; this indicates that the file has rotated. Will begin tailing current file from beginning.
[main] DEBUG org.apache.nifi.processors.standard.TailFile - TailFile[id=a2229c8b-843a-40f2-a728-a9b13846d559] Recovered state TailFileState[filename=target/log.txt, position=6, timestamp=1714613020250, checksum=0, tailingPostRollover=false]
[pool-4467-thread-1] DEBUG org.apache.nifi.processors.standard.TailFile - TailFile[id=a2229c8b-843a-40f2-a728-a9b13846d559] Recovering Rolled Off Files; total number of files rolled off = 2
[pool-4467-thread-1] DEBUG org.apache.nifi.processors.standard.TailFile - TailFile[id=a2229c8b-843a-40f2-a728-a9b13846d559] Checksum for target/log.2 matched expected checksum. Will skip first 6 bytes
[pool-4467-thread-1] DEBUG org.apache.nifi.processors.standard.TailFile - TailFile[id=a2229c8b-843a-40f2-a728-a9b13846d559] Reading lines starting at position 6
[pool-4467-thread-1] TRACE org.apache.nifi.processors.standard.TailFile - TailFile[id=a2229c8b-843a-40f2-a728-a9b13846d559] Checksum updated to 0
[pool-4467-thread-1] TRACE org.apache.nifi.processors.standard.TailFile - TailFile[id=a2229c8b-843a-40f2-a728-a9b13846d559] Checksum updated to 980881731
[pool-4467-thread-1] DEBUG org.apache.nifi.processors.standard.TailFile - TailFile[id=a2229c8b-843a-40f2-a728-a9b13846d559] Created FlowFile[2,log.2,5B] from rolled over file target/log.2 and routed to success
[pool-4467-thread-1] DEBUG org.apache.nifi.processors.standard.TailFile - TailFile[id=a2229c8b-843a-40f2-a728-a9b13846d559] Completed tailing of file target/log.txt; will cleanup state
[pool-4467-thread-1] TRACE org.apache.nifi.processors.standard.TailFile - TailFile[id=a2229c8b-843a-40f2-a728-a9b13846d559] Checksum updated to 0
[pool-4467-thread-1] DEBUG org.apache.nifi.processors.standard.TailFile - TailFile[id=a2229c8b-843a-40f2-a728-a9b13846d559] Created FlowFile[3,log.1,4B] from target/log.1 and routed to success
[pool-4467-thread-1] DEBUG org.apache.nifi.processors.standard.TailFile - TailFile[id=a2229c8b-843a-40f2-a728-a9b13846d559] Created FileChannel sun.nio.ch.FileChannelImpl@73842670 for target/log.txt
[pool-4467-thread-1] DEBUG org.apache.nifi.processors.standard.TailFile - TailFile[id=a2229c8b-843a-40f2-a728-a9b13846d559] Closed FileChannel sun.nio.ch.FileChannelImpl@73842670
[pool-4467-thread-1] DEBUG org.apache.nifi.processors.standard.TailFile - TailFile[id=a2229c8b-843a-40f2-a728-a9b13846d559] Created FileChannel sun.nio.ch.FileChannelImpl@77bbbcd8 for target/log.txt
[pool-4467-thread-1] DEBUG org.apache.nifi.processors.standard.TailFile - TailFile[id=a2229c8b-843a-40f2-a728-a9b13846d559] Reading lines starting at position 0
[pool-4467-thread-1] TRACE org.apache.nifi.processors.standard.TailFile - TailFile[id=a2229c8b-843a-40f2-a728-a9b13846d559] Checksum updated to 1733426259
[pool-4467-thread-1] DEBUG org.apache.nifi.processors.standard.TailFile - TailFile[id=a2229c8b-843a-40f2-a728-a9b13846d559] Created FlowFile[4,log.0-2.txt,2B] and routed to success
[main] DEBUG org.apache.nifi.processors.standard.TailFile - TailFile[id=a2229c8b-843a-40f2-a728-a9b13846d559] Closed FileChannel sun.nio.ch.FileChannelImpl@77bbbcd8
]]></system-err>
  </testcase>
  <testcase name="testConsumeAfterTruncationStartAtCurrentTime" classname="org.apache.nifi.processors.standard.TestTailFile" time="1.004">
    <system-err><![CDATA[[pool-4468-thread-1] DEBUG org.apache.nifi.processors.standard.TailFile - TailFile[id=4e07babd-a7fe-4a45-ad75-ebdd2b2253c9] Created FileChannel sun.nio.ch.FileChannelImpl@1de4b991 for target/log.txt
[pool-4468-thread-1] DEBUG org.apache.nifi.processors.standard.TailFile - TailFile[id=4e07babd-a7fe-4a45-ad75-ebdd2b2253c9] No data to consume; created no FlowFiles
[main] DEBUG org.apache.nifi.processors.standard.TailFile - TailFile[id=4e07babd-a7fe-4a45-ad75-ebdd2b2253c9] Closed FileChannel sun.nio.ch.FileChannelImpl@1de4b991
[main] DEBUG org.apache.nifi.processors.standard.TailFile - TailFile[id=4e07babd-a7fe-4a45-ad75-ebdd2b2253c9] When recovering state, checksum of tailed file matches the stored checksum. Will resume where left off.
[main] DEBUG org.apache.nifi.processors.standard.TailFile - TailFile[id=4e07babd-a7fe-4a45-ad75-ebdd2b2253c9] Created FileChannel sun.nio.ch.FileChannelImpl@6384fb8b for target/log.txt in recoverState
[main] DEBUG org.apache.nifi.processors.standard.TailFile - TailFile[id=4e07babd-a7fe-4a45-ad75-ebdd2b2253c9] Recovered state TailFileState[filename=target/log.txt, position=0, timestamp=1714613021355, checksum=0, tailingPostRollover=false]
[pool-4469-thread-1] DEBUG org.apache.nifi.processors.standard.TailFile - TailFile[id=4e07babd-a7fe-4a45-ad75-ebdd2b2253c9] Found rolled off file target/log.txt but its last modified timestamp is before the cutoff (Last Mod = 1714613021354, Cutoff = 1714613021355) so will not consume it
[pool-4469-thread-1] DEBUG org.apache.nifi.processors.standard.TailFile - TailFile[id=4e07babd-a7fe-4a45-ad75-ebdd2b2253c9] Recovering Rolled Off Files; total number of files rolled off = 0
[pool-4469-thread-1] DEBUG org.apache.nifi.processors.standard.TailFile - TailFile[id=4e07babd-a7fe-4a45-ad75-ebdd2b2253c9] Reading lines starting at position 0
[pool-4469-thread-1] TRACE org.apache.nifi.processors.standard.TailFile - TailFile[id=4e07babd-a7fe-4a45-ad75-ebdd2b2253c9] Checksum updated to 909783072
[pool-4469-thread-1] DEBUG org.apache.nifi.processors.standard.TailFile - TailFile[id=4e07babd-a7fe-4a45-ad75-ebdd2b2253c9] Created FlowFile[0,log.0-6.txt,6B] and routed to success
[main] DEBUG org.apache.nifi.processors.standard.TailFile - TailFile[id=4e07babd-a7fe-4a45-ad75-ebdd2b2253c9] Closed FileChannel sun.nio.ch.FileChannelImpl@6384fb8b
[main] DEBUG org.apache.nifi.processors.standard.TailFile - TailFile[id=4e07babd-a7fe-4a45-ad75-ebdd2b2253c9] When recovering state, existing file to tail is only 0 bytes but position flag is 6; this indicates that the file has rotated. Will begin tailing current file from beginning.
[main] DEBUG org.apache.nifi.processors.standard.TailFile - TailFile[id=4e07babd-a7fe-4a45-ad75-ebdd2b2253c9] Recovered state TailFileState[filename=target/log.txt, position=6, timestamp=1714613021355, checksum=0, tailingPostRollover=false]
[pool-4470-thread-1] DEBUG org.apache.nifi.processors.standard.TailFile - TailFile[id=4e07babd-a7fe-4a45-ad75-ebdd2b2253c9] Found rolled off file target/log.txt but its last modified timestamp is before the cutoff (Last Mod = 1714613021354, Cutoff = 1714613021355) so will not consume it
[pool-4470-thread-1] DEBUG org.apache.nifi.processors.standard.TailFile - TailFile[id=4e07babd-a7fe-4a45-ad75-ebdd2b2253c9] Found rolled off file target/log.txt.1 but its last modified timestamp is before the cutoff (Last Mod = 1714613021354, Cutoff = 1714613021355) so will not consume it
[pool-4470-thread-1] DEBUG org.apache.nifi.processors.standard.TailFile - TailFile[id=4e07babd-a7fe-4a45-ad75-ebdd2b2253c9] Recovering Rolled Off Files; total number of files rolled off = 0
[pool-4470-thread-1] DEBUG org.apache.nifi.processors.standard.TailFile - TailFile[id=4e07babd-a7fe-4a45-ad75-ebdd2b2253c9] Created FileChannel sun.nio.ch.FileChannelImpl@5b9704a1 for target/log.txt
[pool-4470-thread-1] DEBUG org.apache.nifi.processors.standard.TailFile - TailFile[id=4e07babd-a7fe-4a45-ad75-ebdd2b2253c9] Rotated = true because TailFileState Length = 6, File Length = 0
[pool-4470-thread-1] DEBUG org.apache.nifi.processors.standard.TailFile - TailFile[id=4e07babd-a7fe-4a45-ad75-ebdd2b2253c9] Closed FileChannel sun.nio.ch.FileChannelImpl@5b9704a1
[pool-4470-thread-1] DEBUG org.apache.nifi.processors.standard.TailFile - TailFile[id=4e07babd-a7fe-4a45-ad75-ebdd2b2253c9] Created FileChannel sun.nio.ch.FileChannelImpl@5fa88b0b for target/log.txt
[pool-4470-thread-1] DEBUG org.apache.nifi.processors.standard.TailFile - TailFile[id=4e07babd-a7fe-4a45-ad75-ebdd2b2253c9] No data to consume; created no FlowFiles
[main] DEBUG org.apache.nifi.processors.standard.TailFile - TailFile[id=4e07babd-a7fe-4a45-ad75-ebdd2b2253c9] Closed FileChannel sun.nio.ch.FileChannelImpl@5fa88b0b
[main] DEBUG org.apache.nifi.processors.standard.TailFile - TailFile[id=4e07babd-a7fe-4a45-ad75-ebdd2b2253c9] When recovering state, checksum of tailed file matches the stored checksum. Will resume where left off.
[main] DEBUG org.apache.nifi.processors.standard.TailFile - TailFile[id=4e07babd-a7fe-4a45-ad75-ebdd2b2253c9] Created FileChannel sun.nio.ch.FileChannelImpl@48cae428 for target/log.txt in recoverState
[main] DEBUG org.apache.nifi.processors.standard.TailFile - TailFile[id=4e07babd-a7fe-4a45-ad75-ebdd2b2253c9] Recovered state TailFileState[filename=target/log.txt, position=0, timestamp=1714613021355, checksum=0, tailingPostRollover=false]
[pool-4471-thread-1] DEBUG org.apache.nifi.processors.standard.TailFile - TailFile[id=4e07babd-a7fe-4a45-ad75-ebdd2b2253c9] Found rolled off file target/log.txt.1 but its last modified timestamp is before the cutoff (Last Mod = 1714613021354, Cutoff = 1714613021355) so will not consume it
[pool-4471-thread-1] DEBUG org.apache.nifi.processors.standard.TailFile - TailFile[id=4e07babd-a7fe-4a45-ad75-ebdd2b2253c9] Recovering Rolled Off Files; total number of files rolled off = 0
[pool-4471-thread-1] DEBUG org.apache.nifi.processors.standard.TailFile - TailFile[id=4e07babd-a7fe-4a45-ad75-ebdd2b2253c9] Reading lines starting at position 0
[pool-4471-thread-1] TRACE org.apache.nifi.processors.standard.TailFile - TailFile[id=4e07babd-a7fe-4a45-ad75-ebdd2b2253c9] Checksum updated to 4255962990
[pool-4471-thread-1] DEBUG org.apache.nifi.processors.standard.TailFile - TailFile[id=4e07babd-a7fe-4a45-ad75-ebdd2b2253c9] Created FlowFile[1,log.0-6.txt,6B] and routed to success
[main] DEBUG org.apache.nifi.processors.standard.TailFile - TailFile[id=4e07babd-a7fe-4a45-ad75-ebdd2b2253c9] Closed FileChannel sun.nio.ch.FileChannelImpl@48cae428
]]></system-err>
  </testcase>
  <testcase name="testStartPositionCurrentTime" classname="org.apache.nifi.processors.standard.TestTailFile" time="0.002">
    <system-err><![CDATA[[pool-4472-thread-1] DEBUG org.apache.nifi.processors.standard.TailFile - TailFile[id=2da18449-2257-406e-b129-2a8979dc1a9d] Created FileChannel sun.nio.ch.FileChannelImpl@669bc6ed for target/log.txt
[pool-4472-thread-1] DEBUG org.apache.nifi.processors.standard.TailFile - TailFile[id=2da18449-2257-406e-b129-2a8979dc1a9d] No data to consume; created no FlowFiles
[main] DEBUG org.apache.nifi.processors.standard.TailFile - TailFile[id=2da18449-2257-406e-b129-2a8979dc1a9d] Closed FileChannel sun.nio.ch.FileChannelImpl@669bc6ed
[main] DEBUG org.apache.nifi.processors.standard.TailFile - TailFile[id=2da18449-2257-406e-b129-2a8979dc1a9d] When recovering state, checksum of tailed file matches the stored checksum. Will resume where left off.
[main] DEBUG org.apache.nifi.processors.standard.TailFile - TailFile[id=2da18449-2257-406e-b129-2a8979dc1a9d] Created FileChannel sun.nio.ch.FileChannelImpl@641df0cd for target/log.txt in recoverState
[main] DEBUG org.apache.nifi.processors.standard.TailFile - TailFile[id=2da18449-2257-406e-b129-2a8979dc1a9d] Recovered state TailFileState[filename=target/log.txt, position=6, timestamp=1714613022359, checksum=1235619209, tailingPostRollover=false]
[pool-4473-thread-1] DEBUG org.apache.nifi.processors.standard.TailFile - TailFile[id=2da18449-2257-406e-b129-2a8979dc1a9d] Recovering Rolled Off Files; total number of files rolled off = 0
[pool-4473-thread-1] DEBUG org.apache.nifi.processors.standard.TailFile - TailFile[id=2da18449-2257-406e-b129-2a8979dc1a9d] Reading lines starting at position 6
[pool-4473-thread-1] TRACE org.apache.nifi.processors.standard.TailFile - TailFile[id=2da18449-2257-406e-b129-2a8979dc1a9d] Checksum updated to 3168828557
[pool-4473-thread-1] DEBUG org.apache.nifi.processors.standard.TailFile - TailFile[id=2da18449-2257-406e-b129-2a8979dc1a9d] Created FlowFile[0,log.6-8.txt,2B] and routed to success
[main] DEBUG org.apache.nifi.processors.standard.TailFile - TailFile[id=2da18449-2257-406e-b129-2a8979dc1a9d] Closed FileChannel sun.nio.ch.FileChannelImpl@641df0cd
]]></system-err>
  </testcase>
  <testcase name="testNULContentWithReReadOnNulFalseLeaveNul" classname="org.apache.nifi.processors.standard.TestTailFile" time="0.002">
    <system-err><![CDATA[[pool-4474-thread-1] DEBUG org.apache.nifi.processors.standard.TailFile - TailFile[id=c1c60568-0699-4442-84be-57bc6214cebf] Created FileChannel sun.nio.ch.FileChannelImpl@7450c6c2 for target/log.txt
[pool-4474-thread-1] DEBUG org.apache.nifi.processors.standard.TailFile - TailFile[id=c1c60568-0699-4442-84be-57bc6214cebf] Reading lines starting at position 0
[pool-4474-thread-1] TRACE org.apache.nifi.processors.standard.TailFile - TailFile[id=c1c60568-0699-4442-84be-57bc6214cebf] Checksum updated to 2783226356
[pool-4474-thread-1] DEBUG org.apache.nifi.processors.standard.TailFile - TailFile[id=c1c60568-0699-4442-84be-57bc6214cebf] Created FlowFile[0,log.0-21.txt,21B] and routed to success
[pool-4475-thread-1] DEBUG org.apache.nifi.processors.standard.TailFile - TailFile[id=c1c60568-0699-4442-84be-57bc6214cebf] Recovering Rolled Off Files; total number of files rolled off = 0
[pool-4475-thread-1] DEBUG org.apache.nifi.processors.standard.TailFile - TailFile[id=c1c60568-0699-4442-84be-57bc6214cebf] Reading lines starting at position 21
[pool-4475-thread-1] TRACE org.apache.nifi.processors.standard.TailFile - TailFile[id=c1c60568-0699-4442-84be-57bc6214cebf] Checksum updated to 179550039
[pool-4475-thread-1] DEBUG org.apache.nifi.processors.standard.TailFile - TailFile[id=c1c60568-0699-4442-84be-57bc6214cebf] Created FlowFile[1,log.21-33.txt,12B] and routed to success
[main] DEBUG org.apache.nifi.processors.standard.TailFile - TailFile[id=c1c60568-0699-4442-84be-57bc6214cebf] Closed FileChannel sun.nio.ch.FileChannelImpl@7450c6c2
]]></system-err>
  </testcase>
  <testcase name="testRotateMultipleBeforeConsuming" classname="org.apache.nifi.processors.standard.TestTailFile" time="0.004">
    <system-err><![CDATA[[pool-4476-thread-1] DEBUG org.apache.nifi.processors.standard.TailFile - TailFile[id=6cc144fa-5e89-491e-ae66-1d4a612d5ea6] Created FileChannel sun.nio.ch.FileChannelImpl@19c9eabd for target/log.txt
[pool-4476-thread-1] DEBUG org.apache.nifi.processors.standard.TailFile - TailFile[id=6cc144fa-5e89-491e-ae66-1d4a612d5ea6] Reading lines starting at position 0
[pool-4476-thread-1] TRACE org.apache.nifi.processors.standard.TailFile - TailFile[id=6cc144fa-5e89-491e-ae66-1d4a612d5ea6] Checksum updated to 1733426259
[pool-4476-thread-1] DEBUG org.apache.nifi.processors.standard.TailFile - TailFile[id=6cc144fa-5e89-491e-ae66-1d4a612d5ea6] Created FlowFile[0,log.0-2.txt,2B] and routed to success
[main] DEBUG org.apache.nifi.processors.standard.TailFile - TailFile[id=6cc144fa-5e89-491e-ae66-1d4a612d5ea6] Closed FileChannel sun.nio.ch.FileChannelImpl@19c9eabd
[main] DEBUG org.apache.nifi.processors.standard.TailFile - TailFile[id=6cc144fa-5e89-491e-ae66-1d4a612d5ea6] When recovering state, existing file to tail is only 0 bytes but position flag is 2; this indicates that the file has rotated. Will begin tailing current file from beginning.
[main] DEBUG org.apache.nifi.processors.standard.TailFile - TailFile[id=6cc144fa-5e89-491e-ae66-1d4a612d5ea6] Recovered state TailFileState[filename=target/log.txt, position=2, timestamp=1714613022362, checksum=0, tailingPostRollover=false]
[pool-4477-thread-1] DEBUG org.apache.nifi.processors.standard.TailFile - TailFile[id=6cc144fa-5e89-491e-ae66-1d4a612d5ea6] Recovering Rolled Off Files; total number of files rolled off = 4
[pool-4477-thread-1] DEBUG org.apache.nifi.processors.standard.TailFile - TailFile[id=6cc144fa-5e89-491e-ae66-1d4a612d5ea6] Checksum for target/log.txt.0.log matched expected checksum. Will skip first 2 bytes
[pool-4477-thread-1] DEBUG org.apache.nifi.processors.standard.TailFile - TailFile[id=6cc144fa-5e89-491e-ae66-1d4a612d5ea6] Reading lines starting at position 2
[pool-4477-thread-1] TRACE org.apache.nifi.processors.standard.TailFile - TailFile[id=6cc144fa-5e89-491e-ae66-1d4a612d5ea6] Checksum updated to 434372762
[pool-4477-thread-1] TRACE org.apache.nifi.processors.standard.TailFile - TailFile[id=6cc144fa-5e89-491e-ae66-1d4a612d5ea6] Checksum updated to 434372762
[pool-4477-thread-1] TRACE org.apache.nifi.processors.standard.TailFile - TailFile[id=6cc144fa-5e89-491e-ae66-1d4a612d5ea6] Checksum updated to 434372762
[pool-4477-thread-1] DEBUG org.apache.nifi.processors.standard.TailFile - TailFile[id=6cc144fa-5e89-491e-ae66-1d4a612d5ea6] Created FlowFile[1,log.txt.0.log,4B] from rolled over file target/log.txt.0.log and routed to success
[pool-4477-thread-1] DEBUG org.apache.nifi.processors.standard.TailFile - TailFile[id=6cc144fa-5e89-491e-ae66-1d4a612d5ea6] Completed tailing of file target/log.txt; will cleanup state
[pool-4477-thread-1] TRACE org.apache.nifi.processors.standard.TailFile - TailFile[id=6cc144fa-5e89-491e-ae66-1d4a612d5ea6] Checksum updated to 0
[pool-4477-thread-1] DEBUG org.apache.nifi.processors.standard.TailFile - TailFile[id=6cc144fa-5e89-491e-ae66-1d4a612d5ea6] Created FlowFile[2,log.txt.1.log,2B] from target/log.txt.1.log and routed to success
[pool-4477-thread-1] TRACE org.apache.nifi.processors.standard.TailFile - TailFile[id=6cc144fa-5e89-491e-ae66-1d4a612d5ea6] Checksum updated to 0
[pool-4477-thread-1] DEBUG org.apache.nifi.processors.standard.TailFile - TailFile[id=6cc144fa-5e89-491e-ae66-1d4a612d5ea6] Created FlowFile[3,log.txt.2.log,2B] from target/log.txt.2.log and routed to success
[pool-4477-thread-1] TRACE org.apache.nifi.processors.standard.TailFile - TailFile[id=6cc144fa-5e89-491e-ae66-1d4a612d5ea6] Checksum updated to 0
[pool-4477-thread-1] DEBUG org.apache.nifi.processors.standard.TailFile - TailFile[id=6cc144fa-5e89-491e-ae66-1d4a612d5ea6] Created FlowFile[4,log.txt.3.log,2B] from target/log.txt.3.log and routed to success
[pool-4477-thread-1] DEBUG org.apache.nifi.processors.standard.TailFile - TailFile[id=6cc144fa-5e89-491e-ae66-1d4a612d5ea6] Created FileChannel sun.nio.ch.FileChannelImpl@43e6e589 for target/log.txt
[pool-4477-thread-1] DEBUG org.apache.nifi.processors.standard.TailFile - TailFile[id=6cc144fa-5e89-491e-ae66-1d4a612d5ea6] Closed FileChannel sun.nio.ch.FileChannelImpl@43e6e589
[pool-4477-thread-1] DEBUG org.apache.nifi.processors.standard.TailFile - TailFile[id=6cc144fa-5e89-491e-ae66-1d4a612d5ea6] Created FileChannel sun.nio.ch.FileChannelImpl@47d9792d for target/log.txt
[pool-4477-thread-1] DEBUG org.apache.nifi.processors.standard.TailFile - TailFile[id=6cc144fa-5e89-491e-ae66-1d4a612d5ea6] No data to consume; created no FlowFiles
[main] DEBUG org.apache.nifi.processors.standard.TailFile - TailFile[id=6cc144fa-5e89-491e-ae66-1d4a612d5ea6] Closed FileChannel sun.nio.ch.FileChannelImpl@47d9792d
]]></system-err>
  </testcase>
  <testcase name="testFileWrittenToAfterRollover" classname="org.apache.nifi.processors.standard.TestTailFile" time="0.19">
    <system-out><![CDATA[Wrote d\n and rolled file
Wrote e\nf
Wrote \n\0\0\0
Truncated the NUL bytes and replaced with g\nh
Set lastModified on target/log.1 to 500
]]></system-out>
    <system-err><![CDATA[[pool-4478-thread-1] DEBUG org.apache.nifi.processors.standard.TailFile - TailFile[id=6884e455-1dd2-4a0b-8fd3-239adeacbce4] Recovering Rolled Off Files; total number of files rolled off = 0
[pool-4478-thread-1] DEBUG org.apache.nifi.processors.standard.TailFile - TailFile[id=6884e455-1dd2-4a0b-8fd3-239adeacbce4] Created FileChannel sun.nio.ch.FileChannelImpl@6a9e3594 for target/log.txt
[pool-4478-thread-1] DEBUG org.apache.nifi.processors.standard.TailFile - TailFile[id=6884e455-1dd2-4a0b-8fd3-239adeacbce4] Reading lines starting at position 0
[pool-4478-thread-1] TRACE org.apache.nifi.processors.standard.TailFile - TailFile[id=6884e455-1dd2-4a0b-8fd3-239adeacbce4] Checksum updated to 3723141383
[pool-4478-thread-1] TRACE org.apache.nifi.processors.standard.TailFile - TailFile[id=6884e455-1dd2-4a0b-8fd3-239adeacbce4] Checksum updated to 408365719
[pool-4478-thread-1] DEBUG org.apache.nifi.processors.standard.TailFile - TailFile[id=6884e455-1dd2-4a0b-8fd3-239adeacbce4] Created FlowFile[0,log.0-4.txt,4B] and routed to success
[pool-4479-thread-1] DEBUG org.apache.nifi.processors.standard.TailFile - TailFile[id=6884e455-1dd2-4a0b-8fd3-239adeacbce4] Recovering Rolled Off Files; total number of files rolled off = 0
[pool-4479-thread-1] DEBUG org.apache.nifi.processors.standard.TailFile - TailFile[id=6884e455-1dd2-4a0b-8fd3-239adeacbce4] Reading lines starting at position 4
[pool-4479-thread-1] TRACE org.apache.nifi.processors.standard.TailFile - TailFile[id=6884e455-1dd2-4a0b-8fd3-239adeacbce4] Checksum updated to 174526169
[pool-4479-thread-1] DEBUG org.apache.nifi.processors.standard.TailFile - TailFile[id=6884e455-1dd2-4a0b-8fd3-239adeacbce4] Created FlowFile[1,log.4-6.txt,2B] and routed to success
[pool-4480-thread-1] DEBUG org.apache.nifi.processors.standard.TailFile - TailFile[id=6884e455-1dd2-4a0b-8fd3-239adeacbce4] Recovering Rolled Off Files; total number of files rolled off = 1
[pool-4480-thread-1] DEBUG org.apache.nifi.processors.standard.TailFile - TailFile[id=6884e455-1dd2-4a0b-8fd3-239adeacbce4] Checksum for target/log.1 matched expected checksum. Will skip first 6 bytes
[pool-4480-thread-1] DEBUG org.apache.nifi.processors.standard.TailFile - TailFile[id=6884e455-1dd2-4a0b-8fd3-239adeacbce4] Reading lines starting at position 6
[pool-4480-thread-1] TRACE org.apache.nifi.processors.standard.TailFile - TailFile[id=6884e455-1dd2-4a0b-8fd3-239adeacbce4] Checksum updated to 400493684
[pool-4480-thread-1] DEBUG org.apache.nifi.processors.standard.TailFile - TailFile[id=6884e455-1dd2-4a0b-8fd3-239adeacbce4] Created FlowFile[2,log.1,2B] from rolled over file target/log.1 and routed to success
[pool-4480-thread-1] DEBUG org.apache.nifi.processors.standard.TailFile - TailFile[id=6884e455-1dd2-4a0b-8fd3-239adeacbce4] File target/log.1 has been rolled over, but it was updated 7 millis ago, which is less than the configured Post-Rollover Tail Period (600000 ms), so will continue tailing
[pool-4480-thread-1] DEBUG org.apache.nifi.processors.standard.TailFile - TailFile[id=6884e455-1dd2-4a0b-8fd3-239adeacbce4] File target/log.txt was rolled over and the Rollover Tail Period is set, so will not consume from new file during this iteration.
[pool-4481-thread-1] DEBUG org.apache.nifi.processors.standard.TailFile - TailFile[id=6884e455-1dd2-4a0b-8fd3-239adeacbce4] Recovering Rolled Off Files; total number of files rolled off = 1
[pool-4481-thread-1] DEBUG org.apache.nifi.processors.standard.TailFile - TailFile[id=6884e455-1dd2-4a0b-8fd3-239adeacbce4] Checksum for target/log.1 matched expected checksum. Will skip first 8 bytes
[pool-4481-thread-1] DEBUG org.apache.nifi.processors.standard.TailFile - TailFile[id=6884e455-1dd2-4a0b-8fd3-239adeacbce4] Reading lines starting at position 8
[pool-4481-thread-1] TRACE org.apache.nifi.processors.standard.TailFile - TailFile[id=6884e455-1dd2-4a0b-8fd3-239adeacbce4] Checksum updated to 4217602821
[pool-4481-thread-1] DEBUG org.apache.nifi.processors.standard.TailFile - TailFile[id=6884e455-1dd2-4a0b-8fd3-239adeacbce4] Read 1 lines; repositioning reader from 11 to 10
[pool-4481-thread-1] DEBUG org.apache.nifi.processors.standard.TailFile - TailFile[id=6884e455-1dd2-4a0b-8fd3-239adeacbce4] Created FlowFile[3,log.1,2B] from rolled over file target/log.1 and routed to success
[pool-4481-thread-1] DEBUG org.apache.nifi.processors.standard.TailFile - TailFile[id=6884e455-1dd2-4a0b-8fd3-239adeacbce4] File target/log.1 has been rolled over, but it was updated 4 millis ago, which is less than the configured Post-Rollover Tail Period (600000 ms), so will continue tailing
[pool-4481-thread-1] DEBUG org.apache.nifi.processors.standard.TailFile - TailFile[id=6884e455-1dd2-4a0b-8fd3-239adeacbce4] File target/log.txt was rolled over and the Rollover Tail Period is set, so will not consume from new file during this iteration.
[pool-4482-thread-1] DEBUG org.apache.nifi.processors.standard.TailFile - TailFile[id=6884e455-1dd2-4a0b-8fd3-239adeacbce4] Found rolled off file target/log.txt but its last modified timestamp is before the cutoff (Last Mod = 1714613022366, Cutoff = 1714613022370) so will not consume it
[pool-4482-thread-1] DEBUG org.apache.nifi.processors.standard.TailFile - TailFile[id=6884e455-1dd2-4a0b-8fd3-239adeacbce4] Recovering Rolled Off Files; total number of files rolled off = 1
[pool-4482-thread-1] DEBUG org.apache.nifi.processors.standard.TailFile - TailFile[id=6884e455-1dd2-4a0b-8fd3-239adeacbce4] Checksum for target/log.1 matched expected checksum. Will skip first 10 bytes
[pool-4482-thread-1] DEBUG org.apache.nifi.processors.standard.TailFile - TailFile[id=6884e455-1dd2-4a0b-8fd3-239adeacbce4] Reading lines starting at position 10
[pool-4482-thread-1] TRACE org.apache.nifi.processors.standard.TailFile - TailFile[id=6884e455-1dd2-4a0b-8fd3-239adeacbce4] Checksum updated to 2607671932
[pool-4482-thread-1] INFO org.apache.nifi.processors.standard.TailFile - TailFile[id=6884e455-1dd2-4a0b-8fd3-239adeacbce4] Encountered NUL character when tailing file target/log.txt; will yield
[pool-4482-thread-1] DEBUG org.apache.nifi.processors.standard.TailFile - TailFile[id=6884e455-1dd2-4a0b-8fd3-239adeacbce4] Created FlowFile[4,log.1,2B] from rolled over file target/log.1 and routed to success
[pool-4482-thread-1] DEBUG org.apache.nifi.processors.standard.TailFile - TailFile[id=6884e455-1dd2-4a0b-8fd3-239adeacbce4] File target/log.1 has been rolled over, but it was updated 5 millis ago, which is less than the configured Post-Rollover Tail Period (600000 ms), so will continue tailing
[pool-4482-thread-1] DEBUG org.apache.nifi.processors.standard.TailFile - TailFile[id=6884e455-1dd2-4a0b-8fd3-239adeacbce4] File target/log.txt was rolled over and the Rollover Tail Period is set, so will not consume from new file during this iteration.
[pool-4483-thread-1] DEBUG org.apache.nifi.processors.standard.TailFile - TailFile[id=6884e455-1dd2-4a0b-8fd3-239adeacbce4] Found rolled off file target/log.txt but its last modified timestamp is before the cutoff (Last Mod = 1714613022366, Cutoff = 1714613022370) so will not consume it
[pool-4483-thread-1] DEBUG org.apache.nifi.processors.standard.TailFile - TailFile[id=6884e455-1dd2-4a0b-8fd3-239adeacbce4] Recovering Rolled Off Files; total number of files rolled off = 1
[pool-4483-thread-1] DEBUG org.apache.nifi.processors.standard.TailFile - TailFile[id=6884e455-1dd2-4a0b-8fd3-239adeacbce4] Checksum for target/log.1 matched expected checksum. Will skip first 12 bytes
[pool-4483-thread-1] DEBUG org.apache.nifi.processors.standard.TailFile - TailFile[id=6884e455-1dd2-4a0b-8fd3-239adeacbce4] Reading lines starting at position 12
[pool-4483-thread-1] TRACE org.apache.nifi.processors.standard.TailFile - TailFile[id=6884e455-1dd2-4a0b-8fd3-239adeacbce4] Checksum updated to 1223008368
[pool-4483-thread-1] DEBUG org.apache.nifi.processors.standard.TailFile - TailFile[id=6884e455-1dd2-4a0b-8fd3-239adeacbce4] Read 1 lines; repositioning reader from 15 to 14
[pool-4483-thread-1] DEBUG org.apache.nifi.processors.standard.TailFile - TailFile[id=6884e455-1dd2-4a0b-8fd3-239adeacbce4] Created FlowFile[5,log.1,2B] from rolled over file target/log.1 and routed to success
[pool-4483-thread-1] DEBUG org.apache.nifi.processors.standard.TailFile - TailFile[id=6884e455-1dd2-4a0b-8fd3-239adeacbce4] File target/log.1 has been rolled over, but it was updated 5 millis ago, which is less than the configured Post-Rollover Tail Period (600000 ms), so will continue tailing
[pool-4483-thread-1] DEBUG org.apache.nifi.processors.standard.TailFile - TailFile[id=6884e455-1dd2-4a0b-8fd3-239adeacbce4] File target/log.txt was rolled over and the Rollover Tail Period is set, so will not consume from new file during this iteration.
[pool-4484-thread-1] DEBUG org.apache.nifi.processors.standard.TailFile - TailFile[id=6884e455-1dd2-4a0b-8fd3-239adeacbce4] Found rolled off file target/log.txt but its last modified timestamp is before the cutoff (Last Mod = 1714613022366, Cutoff = 1714613022370) so will not consume it
[pool-4484-thread-1] DEBUG org.apache.nifi.processors.standard.TailFile - TailFile[id=6884e455-1dd2-4a0b-8fd3-239adeacbce4] Recovering Rolled Off Files; total number of files rolled off = 1
[pool-4484-thread-1] DEBUG org.apache.nifi.processors.standard.TailFile - TailFile[id=6884e455-1dd2-4a0b-8fd3-239adeacbce4] Checksum for target/log.1 matched expected checksum. Will skip first 14 bytes
[pool-4484-thread-1] DEBUG org.apache.nifi.processors.standard.TailFile - TailFile[id=6884e455-1dd2-4a0b-8fd3-239adeacbce4] Reading lines starting at position 14
[pool-4484-thread-1] DEBUG org.apache.nifi.processors.standard.TailFile - TailFile[id=6884e455-1dd2-4a0b-8fd3-239adeacbce4] Read 0 lines; repositioning reader from 15 to 14
[pool-4484-thread-1] DEBUG org.apache.nifi.processors.standard.TailFile - TailFile[id=6884e455-1dd2-4a0b-8fd3-239adeacbce4] File target/log.1 has been rolled over, but it was updated 6 millis ago, which is less than the configured Post-Rollover Tail Period (600000 ms), so will continue tailing
[pool-4484-thread-1] DEBUG org.apache.nifi.processors.standard.TailFile - TailFile[id=6884e455-1dd2-4a0b-8fd3-239adeacbce4] File target/log.txt was rolled over and the Rollover Tail Period is set, so will not consume from new file during this iteration.
[pool-4485-thread-1] DEBUG org.apache.nifi.processors.standard.TailFile - TailFile[id=6884e455-1dd2-4a0b-8fd3-239adeacbce4] Found rolled off file target/log.txt but its last modified timestamp is before the cutoff (Last Mod = 1714613022366, Cutoff = 1714613022370) so will not consume it
[pool-4485-thread-1] DEBUG org.apache.nifi.processors.standard.TailFile - TailFile[id=6884e455-1dd2-4a0b-8fd3-239adeacbce4] Recovering Rolled Off Files; total number of files rolled off = 1
[pool-4485-thread-1] DEBUG org.apache.nifi.processors.standard.TailFile - TailFile[id=6884e455-1dd2-4a0b-8fd3-239adeacbce4] Checksum for target/log.1 matched expected checksum. Will skip first 14 bytes
[pool-4485-thread-1] DEBUG org.apache.nifi.processors.standard.TailFile - TailFile[id=6884e455-1dd2-4a0b-8fd3-239adeacbce4] Reading lines starting at position 14
[pool-4485-thread-1] DEBUG org.apache.nifi.processors.standard.TailFile - TailFile[id=6884e455-1dd2-4a0b-8fd3-239adeacbce4] Read 0 lines; repositioning reader from 15 to 14
[pool-4485-thread-1] DEBUG org.apache.nifi.processors.standard.TailFile - TailFile[id=6884e455-1dd2-4a0b-8fd3-239adeacbce4] File target/log.1 has been rolled over, but it was updated 8 millis ago, which is less than the configured Post-Rollover Tail Period (600000 ms), so will continue tailing
[pool-4485-thread-1] DEBUG org.apache.nifi.processors.standard.TailFile - TailFile[id=6884e455-1dd2-4a0b-8fd3-239adeacbce4] File target/log.txt was rolled over and the Rollover Tail Period is set, so will not consume from new file during this iteration.
[pool-4486-thread-1] DEBUG org.apache.nifi.processors.standard.TailFile - TailFile[id=6884e455-1dd2-4a0b-8fd3-239adeacbce4] Found rolled off file target/log.txt but its last modified timestamp is before the cutoff (Last Mod = 1714613022366, Cutoff = 1714613022370) so will not consume it
[pool-4486-thread-1] DEBUG org.apache.nifi.processors.standard.TailFile - TailFile[id=6884e455-1dd2-4a0b-8fd3-239adeacbce4] Recovering Rolled Off Files; total number of files rolled off = 1
[pool-4486-thread-1] DEBUG org.apache.nifi.processors.standard.TailFile - TailFile[id=6884e455-1dd2-4a0b-8fd3-239adeacbce4] Checksum for target/log.1 matched expected checksum. Will skip first 14 bytes
[pool-4486-thread-1] DEBUG org.apache.nifi.processors.standard.TailFile - TailFile[id=6884e455-1dd2-4a0b-8fd3-239adeacbce4] Reading lines starting at position 14
[pool-4486-thread-1] DEBUG org.apache.nifi.processors.standard.TailFile - TailFile[id=6884e455-1dd2-4a0b-8fd3-239adeacbce4] Read 0 lines; repositioning reader from 15 to 14
[pool-4486-thread-1] DEBUG org.apache.nifi.processors.standard.TailFile - TailFile[id=6884e455-1dd2-4a0b-8fd3-239adeacbce4] File target/log.1 has been rolled over, but it was updated 9 millis ago, which is less than the configured Post-Rollover Tail Period (600000 ms), so will continue tailing
[pool-4486-thread-1] DEBUG org.apache.nifi.processors.standard.TailFile - TailFile[id=6884e455-1dd2-4a0b-8fd3-239adeacbce4] File target/log.txt was rolled over and the Rollover Tail Period is set, so will not consume from new file during this iteration.
[pool-4487-thread-1] DEBUG org.apache.nifi.processors.standard.TailFile - TailFile[id=6884e455-1dd2-4a0b-8fd3-239adeacbce4] Found rolled off file target/log.txt but its last modified timestamp is before the cutoff (Last Mod = 1714613022366, Cutoff = 1714613022370) so will not consume it
[pool-4487-thread-1] DEBUG org.apache.nifi.processors.standard.TailFile - TailFile[id=6884e455-1dd2-4a0b-8fd3-239adeacbce4] Recovering Rolled Off Files; total number of files rolled off = 1
[pool-4487-thread-1] DEBUG org.apache.nifi.processors.standard.TailFile - TailFile[id=6884e455-1dd2-4a0b-8fd3-239adeacbce4] Checksum for target/log.1 matched expected checksum. Will skip first 14 bytes
[pool-4487-thread-1] DEBUG org.apache.nifi.processors.standard.TailFile - TailFile[id=6884e455-1dd2-4a0b-8fd3-239adeacbce4] Reading lines starting at position 14
[pool-4487-thread-1] DEBUG org.apache.nifi.processors.standard.TailFile - TailFile[id=6884e455-1dd2-4a0b-8fd3-239adeacbce4] Read 0 lines; repositioning reader from 15 to 14
[pool-4487-thread-1] DEBUG org.apache.nifi.processors.standard.TailFile - TailFile[id=6884e455-1dd2-4a0b-8fd3-239adeacbce4] File target/log.1 has been rolled over, but it was updated 11 millis ago, which is less than the configured Post-Rollover Tail Period (600000 ms), so will continue tailing
[pool-4487-thread-1] DEBUG org.apache.nifi.processors.standard.TailFile - TailFile[id=6884e455-1dd2-4a0b-8fd3-239adeacbce4] File target/log.txt was rolled over and the Rollover Tail Period is set, so will not consume from new file during this iteration.
[pool-4488-thread-1] DEBUG org.apache.nifi.processors.standard.TailFile - TailFile[id=6884e455-1dd2-4a0b-8fd3-239adeacbce4] Found rolled off file target/log.txt but its last modified timestamp is before the cutoff (Last Mod = 1714613022366, Cutoff = 1714613022370) so will not consume it
[pool-4488-thread-1] DEBUG org.apache.nifi.processors.standard.TailFile - TailFile[id=6884e455-1dd2-4a0b-8fd3-239adeacbce4] Recovering Rolled Off Files; total number of files rolled off = 1
[pool-4488-thread-1] DEBUG org.apache.nifi.processors.standard.TailFile - TailFile[id=6884e455-1dd2-4a0b-8fd3-239adeacbce4] Checksum for target/log.1 matched expected checksum. Will skip first 14 bytes
[pool-4488-thread-1] DEBUG org.apache.nifi.processors.standard.TailFile - TailFile[id=6884e455-1dd2-4a0b-8fd3-239adeacbce4] Reading lines starting at position 14
[pool-4488-thread-1] DEBUG org.apache.nifi.processors.standard.TailFile - TailFile[id=6884e455-1dd2-4a0b-8fd3-239adeacbce4] Read 0 lines; repositioning reader from 15 to 14
[pool-4488-thread-1] DEBUG org.apache.nifi.processors.standard.TailFile - TailFile[id=6884e455-1dd2-4a0b-8fd3-239adeacbce4] File target/log.1 has been rolled over, but it was updated 13 millis ago, which is less than the configured Post-Rollover Tail Period (600000 ms), so will continue tailing
[pool-4488-thread-1] DEBUG org.apache.nifi.processors.standard.TailFile - TailFile[id=6884e455-1dd2-4a0b-8fd3-239adeacbce4] File target/log.txt was rolled over and the Rollover Tail Period is set, so will not consume from new file during this iteration.
[pool-4489-thread-1] DEBUG org.apache.nifi.processors.standard.TailFile - TailFile[id=6884e455-1dd2-4a0b-8fd3-239adeacbce4] Found rolled off file target/log.txt but its last modified timestamp is before the cutoff (Last Mod = 1714613022366, Cutoff = 1714613022370) so will not consume it
[pool-4489-thread-1] DEBUG org.apache.nifi.processors.standard.TailFile - TailFile[id=6884e455-1dd2-4a0b-8fd3-239adeacbce4] Recovering Rolled Off Files; total number of files rolled off = 1
[pool-4489-thread-1] DEBUG org.apache.nifi.processors.standard.TailFile - TailFile[id=6884e455-1dd2-4a0b-8fd3-239adeacbce4] Checksum for target/log.1 matched expected checksum. Will skip first 14 bytes
[pool-4489-thread-1] DEBUG org.apache.nifi.processors.standard.TailFile - TailFile[id=6884e455-1dd2-4a0b-8fd3-239adeacbce4] Reading lines starting at position 14
[pool-4489-thread-1] DEBUG org.apache.nifi.processors.standard.TailFile - TailFile[id=6884e455-1dd2-4a0b-8fd3-239adeacbce4] Read 0 lines; repositioning reader from 15 to 14
[pool-4489-thread-1] DEBUG org.apache.nifi.processors.standard.TailFile - TailFile[id=6884e455-1dd2-4a0b-8fd3-239adeacbce4] File target/log.1 has been rolled over, but it was updated 15 millis ago, which is less than the configured Post-Rollover Tail Period (600000 ms), so will continue tailing
[pool-4489-thread-1] DEBUG org.apache.nifi.processors.standard.TailFile - TailFile[id=6884e455-1dd2-4a0b-8fd3-239adeacbce4] File target/log.txt was rolled over and the Rollover Tail Period is set, so will not consume from new file during this iteration.
[pool-4490-thread-1] DEBUG org.apache.nifi.processors.standard.TailFile - TailFile[id=6884e455-1dd2-4a0b-8fd3-239adeacbce4] Found rolled off file target/log.txt but its last modified timestamp is before the cutoff (Last Mod = 1714613022366, Cutoff = 1714613022370) so will not consume it
[pool-4490-thread-1] DEBUG org.apache.nifi.processors.standard.TailFile - TailFile[id=6884e455-1dd2-4a0b-8fd3-239adeacbce4] Recovering Rolled Off Files; total number of files rolled off = 1
[pool-4490-thread-1] DEBUG org.apache.nifi.processors.standard.TailFile - TailFile[id=6884e455-1dd2-4a0b-8fd3-239adeacbce4] Checksum for target/log.1 matched expected checksum. Will skip first 14 bytes
[pool-4490-thread-1] DEBUG org.apache.nifi.processors.standard.TailFile - TailFile[id=6884e455-1dd2-4a0b-8fd3-239adeacbce4] Reading lines starting at position 14
[pool-4490-thread-1] DEBUG org.apache.nifi.processors.standard.TailFile - TailFile[id=6884e455-1dd2-4a0b-8fd3-239adeacbce4] Read 0 lines; repositioning reader from 15 to 14
[pool-4490-thread-1] DEBUG org.apache.nifi.processors.standard.TailFile - TailFile[id=6884e455-1dd2-4a0b-8fd3-239adeacbce4] File target/log.1 has been rolled over, but it was updated 17 millis ago, which is less than the configured Post-Rollover Tail Period (600000 ms), so will continue tailing
[pool-4490-thread-1] DEBUG org.apache.nifi.processors.standard.TailFile - TailFile[id=6884e455-1dd2-4a0b-8fd3-239adeacbce4] File target/log.txt was rolled over and the Rollover Tail Period is set, so will not consume from new file during this iteration.
[pool-4491-thread-1] DEBUG org.apache.nifi.processors.standard.TailFile - TailFile[id=6884e455-1dd2-4a0b-8fd3-239adeacbce4] Found rolled off file target/log.txt but its last modified timestamp is before the cutoff (Last Mod = 1714613022366, Cutoff = 1714613022370) so will not consume it
[pool-4491-thread-1] DEBUG org.apache.nifi.processors.standard.TailFile - TailFile[id=6884e455-1dd2-4a0b-8fd3-239adeacbce4] Recovering Rolled Off Files; total number of files rolled off = 1
[pool-4491-thread-1] DEBUG org.apache.nifi.processors.standard.TailFile - TailFile[id=6884e455-1dd2-4a0b-8fd3-239adeacbce4] Checksum for target/log.1 matched expected checksum. Will skip first 14 bytes
[pool-4491-thread-1] DEBUG org.apache.nifi.processors.standard.TailFile - TailFile[id=6884e455-1dd2-4a0b-8fd3-239adeacbce4] Reading lines starting at position 14
[pool-4491-thread-1] DEBUG org.apache.nifi.processors.standard.TailFile - TailFile[id=6884e455-1dd2-4a0b-8fd3-239adeacbce4] Read 0 lines; repositioning reader from 15 to 14
[pool-4491-thread-1] DEBUG org.apache.nifi.processors.standard.TailFile - TailFile[id=6884e455-1dd2-4a0b-8fd3-239adeacbce4] File target/log.1 has been rolled over, but it was updated 19 millis ago, which is less than the configured Post-Rollover Tail Period (600000 ms), so will continue tailing
[pool-4491-thread-1] DEBUG org.apache.nifi.processors.standard.TailFile - TailFile[id=6884e455-1dd2-4a0b-8fd3-239adeacbce4] File target/log.txt was rolled over and the Rollover Tail Period is set, so will not consume from new file during this iteration.
[pool-4492-thread-1] DEBUG org.apache.nifi.processors.standard.TailFile - TailFile[id=6884e455-1dd2-4a0b-8fd3-239adeacbce4] Found rolled off file target/log.txt but its last modified timestamp is before the cutoff (Last Mod = 1714613022366, Cutoff = 1714613022370) so will not consume it
[pool-4492-thread-1] DEBUG org.apache.nifi.processors.standard.TailFile - TailFile[id=6884e455-1dd2-4a0b-8fd3-239adeacbce4] Recovering Rolled Off Files; total number of files rolled off = 1
[pool-4492-thread-1] DEBUG org.apache.nifi.processors.standard.TailFile - TailFile[id=6884e455-1dd2-4a0b-8fd3-239adeacbce4] Checksum for target/log.1 matched expected checksum. Will skip first 14 bytes
[pool-4492-thread-1] DEBUG org.apache.nifi.processors.standard.TailFile - TailFile[id=6884e455-1dd2-4a0b-8fd3-239adeacbce4] Reading lines starting at position 14
[pool-4492-thread-1] DEBUG org.apache.nifi.processors.standard.TailFile - TailFile[id=6884e455-1dd2-4a0b-8fd3-239adeacbce4] Read 0 lines; repositioning reader from 15 to 14
[pool-4492-thread-1] DEBUG org.apache.nifi.processors.standard.TailFile - TailFile[id=6884e455-1dd2-4a0b-8fd3-239adeacbce4] File target/log.1 has been rolled over, but it was updated 21 millis ago, which is less than the configured Post-Rollover Tail Period (600000 ms), so will continue tailing
[pool-4492-thread-1] DEBUG org.apache.nifi.processors.standard.TailFile - TailFile[id=6884e455-1dd2-4a0b-8fd3-239adeacbce4] File target/log.txt was rolled over and the Rollover Tail Period is set, so will not consume from new file during this iteration.
[pool-4493-thread-1] DEBUG org.apache.nifi.processors.standard.TailFile - TailFile[id=6884e455-1dd2-4a0b-8fd3-239adeacbce4] Found rolled off file target/log.txt but its last modified timestamp is before the cutoff (Last Mod = 1714613022366, Cutoff = 1714613022370) so will not consume it
[pool-4493-thread-1] DEBUG org.apache.nifi.processors.standard.TailFile - TailFile[id=6884e455-1dd2-4a0b-8fd3-239adeacbce4] Recovering Rolled Off Files; total number of files rolled off = 1
[pool-4493-thread-1] DEBUG org.apache.nifi.processors.standard.TailFile - TailFile[id=6884e455-1dd2-4a0b-8fd3-239adeacbce4] Checksum for target/log.1 matched expected checksum. Will skip first 14 bytes
[pool-4493-thread-1] DEBUG org.apache.nifi.processors.standard.TailFile - TailFile[id=6884e455-1dd2-4a0b-8fd3-239adeacbce4] Reading lines starting at position 14
[pool-4493-thread-1] DEBUG org.apache.nifi.processors.standard.TailFile - TailFile[id=6884e455-1dd2-4a0b-8fd3-239adeacbce4] Read 0 lines; repositioning reader from 15 to 14
[pool-4493-thread-1] DEBUG org.apache.nifi.processors.standard.TailFile - TailFile[id=6884e455-1dd2-4a0b-8fd3-239adeacbce4] File target/log.1 has been rolled over, but it was updated 23 millis ago, which is less than the configured Post-Rollover Tail Period (600000 ms), so will continue tailing
[pool-4493-thread-1] DEBUG org.apache.nifi.processors.standard.TailFile - TailFile[id=6884e455-1dd2-4a0b-8fd3-239adeacbce4] File target/log.txt was rolled over and the Rollover Tail Period is set, so will not consume from new file during this iteration.
[pool-4494-thread-1] DEBUG org.apache.nifi.processors.standard.TailFile - TailFile[id=6884e455-1dd2-4a0b-8fd3-239adeacbce4] Found rolled off file target/log.txt but its last modified timestamp is before the cutoff (Last Mod = 1714613022366, Cutoff = 1714613022370) so will not consume it
[pool-4494-thread-1] DEBUG org.apache.nifi.processors.standard.TailFile - TailFile[id=6884e455-1dd2-4a0b-8fd3-239adeacbce4] Recovering Rolled Off Files; total number of files rolled off = 1
[pool-4494-thread-1] DEBUG org.apache.nifi.processors.standard.TailFile - TailFile[id=6884e455-1dd2-4a0b-8fd3-239adeacbce4] Checksum for target/log.1 matched expected checksum. Will skip first 14 bytes
[pool-4494-thread-1] DEBUG org.apache.nifi.processors.standard.TailFile - TailFile[id=6884e455-1dd2-4a0b-8fd3-239adeacbce4] Reading lines starting at position 14
[pool-4494-thread-1] DEBUG org.apache.nifi.processors.standard.TailFile - TailFile[id=6884e455-1dd2-4a0b-8fd3-239adeacbce4] Read 0 lines; repositioning reader from 15 to 14
[pool-4494-thread-1] DEBUG org.apache.nifi.processors.standard.TailFile - TailFile[id=6884e455-1dd2-4a0b-8fd3-239adeacbce4] File target/log.1 has been rolled over, but it was updated 25 millis ago, which is less than the configured Post-Rollover Tail Period (600000 ms), so will continue tailing
[pool-4494-thread-1] DEBUG org.apache.nifi.processors.standard.TailFile - TailFile[id=6884e455-1dd2-4a0b-8fd3-239adeacbce4] File target/log.txt was rolled over and the Rollover Tail Period is set, so will not consume from new file during this iteration.
[pool-4495-thread-1] DEBUG org.apache.nifi.processors.standard.TailFile - TailFile[id=6884e455-1dd2-4a0b-8fd3-239adeacbce4] Found rolled off file target/log.txt but its last modified timestamp is before the cutoff (Last Mod = 1714613022366, Cutoff = 1714613022370) so will not consume it
[pool-4495-thread-1] DEBUG org.apache.nifi.processors.standard.TailFile - TailFile[id=6884e455-1dd2-4a0b-8fd3-239adeacbce4] Recovering Rolled Off Files; total number of files rolled off = 1
[pool-4495-thread-1] DEBUG org.apache.nifi.processors.standard.TailFile - TailFile[id=6884e455-1dd2-4a0b-8fd3-239adeacbce4] Checksum for target/log.1 matched expected checksum. Will skip first 14 bytes
[pool-4495-thread-1] DEBUG org.apache.nifi.processors.standard.TailFile - TailFile[id=6884e455-1dd2-4a0b-8fd3-239adeacbce4] Reading lines starting at position 14
[pool-4495-thread-1] DEBUG org.apache.nifi.processors.standard.TailFile - TailFile[id=6884e455-1dd2-4a0b-8fd3-239adeacbce4] Read 0 lines; repositioning reader from 15 to 14
[pool-4495-thread-1] DEBUG org.apache.nifi.processors.standard.TailFile - TailFile[id=6884e455-1dd2-4a0b-8fd3-239adeacbce4] File target/log.1 has been rolled over, but it was updated 27 millis ago, which is less than the configured Post-Rollover Tail Period (600000 ms), so will continue tailing
[pool-4495-thread-1] DEBUG org.apache.nifi.processors.standard.TailFile - TailFile[id=6884e455-1dd2-4a0b-8fd3-239adeacbce4] File target/log.txt was rolled over and the Rollover Tail Period is set, so will not consume from new file during this iteration.
[pool-4496-thread-1] DEBUG org.apache.nifi.processors.standard.TailFile - TailFile[id=6884e455-1dd2-4a0b-8fd3-239adeacbce4] Found rolled off file target/log.txt but its last modified timestamp is before the cutoff (Last Mod = 1714613022366, Cutoff = 1714613022370) so will not consume it
[pool-4496-thread-1] DEBUG org.apache.nifi.processors.standard.TailFile - TailFile[id=6884e455-1dd2-4a0b-8fd3-239adeacbce4] Recovering Rolled Off Files; total number of files rolled off = 1
[pool-4496-thread-1] DEBUG org.apache.nifi.processors.standard.TailFile - TailFile[id=6884e455-1dd2-4a0b-8fd3-239adeacbce4] Checksum for target/log.1 matched expected checksum. Will skip first 14 bytes
[pool-4496-thread-1] DEBUG org.apache.nifi.processors.standard.TailFile - TailFile[id=6884e455-1dd2-4a0b-8fd3-239adeacbce4] Reading lines starting at position 14
[pool-4496-thread-1] DEBUG org.apache.nifi.processors.standard.TailFile - TailFile[id=6884e455-1dd2-4a0b-8fd3-239adeacbce4] Read 0 lines; repositioning reader from 15 to 14
[pool-4496-thread-1] DEBUG org.apache.nifi.processors.standard.TailFile - TailFile[id=6884e455-1dd2-4a0b-8fd3-239adeacbce4] File target/log.1 has been rolled over, but it was updated 29 millis ago, which is less than the configured Post-Rollover Tail Period (600000 ms), so will continue tailing
[pool-4496-thread-1] DEBUG org.apache.nifi.processors.standard.TailFile - TailFile[id=6884e455-1dd2-4a0b-8fd3-239adeacbce4] File target/log.txt was rolled over and the Rollover Tail Period is set, so will not consume from new file during this iteration.
[pool-4497-thread-1] DEBUG org.apache.nifi.processors.standard.TailFile - TailFile[id=6884e455-1dd2-4a0b-8fd3-239adeacbce4] Found rolled off file target/log.txt but its last modified timestamp is before the cutoff (Last Mod = 1714613022366, Cutoff = 1714613022370) so will not consume it
[pool-4497-thread-1] DEBUG org.apache.nifi.processors.standard.TailFile - TailFile[id=6884e455-1dd2-4a0b-8fd3-239adeacbce4] Recovering Rolled Off Files; total number of files rolled off = 1
[pool-4497-thread-1] DEBUG org.apache.nifi.processors.standard.TailFile - TailFile[id=6884e455-1dd2-4a0b-8fd3-239adeacbce4] Checksum for target/log.1 matched expected checksum. Will skip first 14 bytes
[pool-4497-thread-1] DEBUG org.apache.nifi.processors.standard.TailFile - TailFile[id=6884e455-1dd2-4a0b-8fd3-239adeacbce4] Reading lines starting at position 14
[pool-4497-thread-1] DEBUG org.apache.nifi.processors.standard.TailFile - TailFile[id=6884e455-1dd2-4a0b-8fd3-239adeacbce4] Read 0 lines; repositioning reader from 15 to 14
[pool-4497-thread-1] DEBUG org.apache.nifi.processors.standard.TailFile - TailFile[id=6884e455-1dd2-4a0b-8fd3-239adeacbce4] File target/log.1 has been rolled over, but it was updated 30 millis ago, which is less than the configured Post-Rollover Tail Period (600000 ms), so will continue tailing
[pool-4497-thread-1] DEBUG org.apache.nifi.processors.standard.TailFile - TailFile[id=6884e455-1dd2-4a0b-8fd3-239adeacbce4] File target/log.txt was rolled over and the Rollover Tail Period is set, so will not consume from new file during this iteration.
[pool-4498-thread-1] DEBUG org.apache.nifi.processors.standard.TailFile - TailFile[id=6884e455-1dd2-4a0b-8fd3-239adeacbce4] Found rolled off file target/log.txt but its last modified timestamp is before the cutoff (Last Mod = 1714613022366, Cutoff = 1714613022370) so will not consume it
[pool-4498-thread-1] DEBUG org.apache.nifi.processors.standard.TailFile - TailFile[id=6884e455-1dd2-4a0b-8fd3-239adeacbce4] Recovering Rolled Off Files; total number of files rolled off = 1
[pool-4498-thread-1] DEBUG org.apache.nifi.processors.standard.TailFile - TailFile[id=6884e455-1dd2-4a0b-8fd3-239adeacbce4] Checksum for target/log.1 matched expected checksum. Will skip first 14 bytes
[pool-4498-thread-1] DEBUG org.apache.nifi.processors.standard.TailFile - TailFile[id=6884e455-1dd2-4a0b-8fd3-239adeacbce4] Reading lines starting at position 14
[pool-4498-thread-1] DEBUG org.apache.nifi.processors.standard.TailFile - TailFile[id=6884e455-1dd2-4a0b-8fd3-239adeacbce4] Read 0 lines; repositioning reader from 15 to 14
[pool-4498-thread-1] DEBUG org.apache.nifi.processors.standard.TailFile - TailFile[id=6884e455-1dd2-4a0b-8fd3-239adeacbce4] File target/log.1 has been rolled over, but it was updated 32 millis ago, which is less than the configured Post-Rollover Tail Period (600000 ms), so will continue tailing
[pool-4498-thread-1] DEBUG org.apache.nifi.processors.standard.TailFile - TailFile[id=6884e455-1dd2-4a0b-8fd3-239adeacbce4] File target/log.txt was rolled over and the Rollover Tail Period is set, so will not consume from new file during this iteration.
[pool-4499-thread-1] DEBUG org.apache.nifi.processors.standard.TailFile - TailFile[id=6884e455-1dd2-4a0b-8fd3-239adeacbce4] Found rolled off file target/log.txt but its last modified timestamp is before the cutoff (Last Mod = 1714613022366, Cutoff = 1714613022370) so will not consume it
[pool-4499-thread-1] DEBUG org.apache.nifi.processors.standard.TailFile - TailFile[id=6884e455-1dd2-4a0b-8fd3-239adeacbce4] Recovering Rolled Off Files; total number of files rolled off = 1
[pool-4499-thread-1] DEBUG org.apache.nifi.processors.standard.TailFile - TailFile[id=6884e455-1dd2-4a0b-8fd3-239adeacbce4] Checksum for target/log.1 matched expected checksum. Will skip first 14 bytes
[pool-4499-thread-1] DEBUG org.apache.nifi.processors.standard.TailFile - TailFile[id=6884e455-1dd2-4a0b-8fd3-239adeacbce4] Reading lines starting at position 14
[pool-4499-thread-1] DEBUG org.apache.nifi.processors.standard.TailFile - TailFile[id=6884e455-1dd2-4a0b-8fd3-239adeacbce4] Read 0 lines; repositioning reader from 15 to 14
[pool-4499-thread-1] DEBUG org.apache.nifi.processors.standard.TailFile - TailFile[id=6884e455-1dd2-4a0b-8fd3-239adeacbce4] File target/log.1 has been rolled over, but it was updated 34 millis ago, which is less than the configured Post-Rollover Tail Period (600000 ms), so will continue tailing
[pool-4499-thread-1] DEBUG org.apache.nifi.processors.standard.TailFile - TailFile[id=6884e455-1dd2-4a0b-8fd3-239adeacbce4] File target/log.txt was rolled over and the Rollover Tail Period is set, so will not consume from new file during this iteration.
[pool-4500-thread-1] DEBUG org.apache.nifi.processors.standard.TailFile - TailFile[id=6884e455-1dd2-4a0b-8fd3-239adeacbce4] Found rolled off file target/log.txt but its last modified timestamp is before the cutoff (Last Mod = 1714613022366, Cutoff = 1714613022370) so will not consume it
[pool-4500-thread-1] DEBUG org.apache.nifi.processors.standard.TailFile - TailFile[id=6884e455-1dd2-4a0b-8fd3-239adeacbce4] Recovering Rolled Off Files; total number of files rolled off = 1
[pool-4500-thread-1] DEBUG org.apache.nifi.processors.standard.TailFile - TailFile[id=6884e455-1dd2-4a0b-8fd3-239adeacbce4] Checksum for target/log.1 matched expected checksum. Will skip first 14 bytes
[pool-4500-thread-1] DEBUG org.apache.nifi.processors.standard.TailFile - TailFile[id=6884e455-1dd2-4a0b-8fd3-239adeacbce4] Reading lines starting at position 14
[pool-4500-thread-1] DEBUG org.apache.nifi.processors.standard.TailFile - TailFile[id=6884e455-1dd2-4a0b-8fd3-239adeacbce4] Read 0 lines; repositioning reader from 15 to 14
[pool-4500-thread-1] DEBUG org.apache.nifi.processors.standard.TailFile - TailFile[id=6884e455-1dd2-4a0b-8fd3-239adeacbce4] File target/log.1 has been rolled over, but it was updated 35 millis ago, which is less than the configured Post-Rollover Tail Period (600000 ms), so will continue tailing
[pool-4500-thread-1] DEBUG org.apache.nifi.processors.standard.TailFile - TailFile[id=6884e455-1dd2-4a0b-8fd3-239adeacbce4] File target/log.txt was rolled over and the Rollover Tail Period is set, so will not consume from new file during this iteration.
[pool-4501-thread-1] DEBUG org.apache.nifi.processors.standard.TailFile - TailFile[id=6884e455-1dd2-4a0b-8fd3-239adeacbce4] Found rolled off file target/log.txt but its last modified timestamp is before the cutoff (Last Mod = 1714613022366, Cutoff = 1714613022370) so will not consume it
[pool-4501-thread-1] DEBUG org.apache.nifi.processors.standard.TailFile - TailFile[id=6884e455-1dd2-4a0b-8fd3-239adeacbce4] Recovering Rolled Off Files; total number of files rolled off = 1
[pool-4501-thread-1] DEBUG org.apache.nifi.processors.standard.TailFile - TailFile[id=6884e455-1dd2-4a0b-8fd3-239adeacbce4] Checksum for target/log.1 matched expected checksum. Will skip first 14 bytes
[pool-4501-thread-1] DEBUG org.apache.nifi.processors.standard.TailFile - TailFile[id=6884e455-1dd2-4a0b-8fd3-239adeacbce4] Reading lines starting at position 14
[pool-4501-thread-1] DEBUG org.apache.nifi.processors.standard.TailFile - TailFile[id=6884e455-1dd2-4a0b-8fd3-239adeacbce4] Read 0 lines; repositioning reader from 15 to 14
[pool-4501-thread-1] DEBUG org.apache.nifi.processors.standard.TailFile - TailFile[id=6884e455-1dd2-4a0b-8fd3-239adeacbce4] File target/log.1 has been rolled over, but it was updated 37 millis ago, which is less than the configured Post-Rollover Tail Period (600000 ms), so will continue tailing
[pool-4501-thread-1] DEBUG org.apache.nifi.processors.standard.TailFile - TailFile[id=6884e455-1dd2-4a0b-8fd3-239adeacbce4] File target/log.txt was rolled over and the Rollover Tail Period is set, so will not consume from new file during this iteration.
[pool-4502-thread-1] DEBUG org.apache.nifi.processors.standard.TailFile - TailFile[id=6884e455-1dd2-4a0b-8fd3-239adeacbce4] Found rolled off file target/log.txt but its last modified timestamp is before the cutoff (Last Mod = 1714613022366, Cutoff = 1714613022370) so will not consume it
[pool-4502-thread-1] DEBUG org.apache.nifi.processors.standard.TailFile - TailFile[id=6884e455-1dd2-4a0b-8fd3-239adeacbce4] Recovering Rolled Off Files; total number of files rolled off = 1
[pool-4502-thread-1] DEBUG org.apache.nifi.processors.standard.TailFile - TailFile[id=6884e455-1dd2-4a0b-8fd3-239adeacbce4] Checksum for target/log.1 matched expected checksum. Will skip first 14 bytes
[pool-4502-thread-1] DEBUG org.apache.nifi.processors.standard.TailFile - TailFile[id=6884e455-1dd2-4a0b-8fd3-239adeacbce4] Reading lines starting at position 14
[pool-4502-thread-1] DEBUG org.apache.nifi.processors.standard.TailFile - TailFile[id=6884e455-1dd2-4a0b-8fd3-239adeacbce4] Read 0 lines; repositioning reader from 15 to 14
[pool-4502-thread-1] DEBUG org.apache.nifi.processors.standard.TailFile - TailFile[id=6884e455-1dd2-4a0b-8fd3-239adeacbce4] File target/log.1 has been rolled over, but it was updated 39 millis ago, which is less than the configured Post-Rollover Tail Period (600000 ms), so will continue tailing
[pool-4502-thread-1] DEBUG org.apache.nifi.processors.standard.TailFile - TailFile[id=6884e455-1dd2-4a0b-8fd3-239adeacbce4] File target/log.txt was rolled over and the Rollover Tail Period is set, so will not consume from new file during this iteration.
[pool-4503-thread-1] DEBUG org.apache.nifi.processors.standard.TailFile - TailFile[id=6884e455-1dd2-4a0b-8fd3-239adeacbce4] Found rolled off file target/log.txt but its last modified timestamp is before the cutoff (Last Mod = 1714613022366, Cutoff = 1714613022370) so will not consume it
[pool-4503-thread-1] DEBUG org.apache.nifi.processors.standard.TailFile - TailFile[id=6884e455-1dd2-4a0b-8fd3-239adeacbce4] Recovering Rolled Off Files; total number of files rolled off = 1
[pool-4503-thread-1] DEBUG org.apache.nifi.processors.standard.TailFile - TailFile[id=6884e455-1dd2-4a0b-8fd3-239adeacbce4] Checksum for target/log.1 matched expected checksum. Will skip first 14 bytes
[pool-4503-thread-1] DEBUG org.apache.nifi.processors.standard.TailFile - TailFile[id=6884e455-1dd2-4a0b-8fd3-239adeacbce4] Reading lines starting at position 14
[pool-4503-thread-1] DEBUG org.apache.nifi.processors.standard.TailFile - TailFile[id=6884e455-1dd2-4a0b-8fd3-239adeacbce4] Read 0 lines; repositioning reader from 15 to 14
[pool-4503-thread-1] DEBUG org.apache.nifi.processors.standard.TailFile - TailFile[id=6884e455-1dd2-4a0b-8fd3-239adeacbce4] File target/log.1 has been rolled over, but it was updated 41 millis ago, which is less than the configured Post-Rollover Tail Period (600000 ms), so will continue tailing
[pool-4503-thread-1] DEBUG org.apache.nifi.processors.standard.TailFile - TailFile[id=6884e455-1dd2-4a0b-8fd3-239adeacbce4] File target/log.txt was rolled over and the Rollover Tail Period is set, so will not consume from new file during this iteration.
[pool-4504-thread-1] DEBUG org.apache.nifi.processors.standard.TailFile - TailFile[id=6884e455-1dd2-4a0b-8fd3-239adeacbce4] Found rolled off file target/log.txt but its last modified timestamp is before the cutoff (Last Mod = 1714613022366, Cutoff = 1714613022370) so will not consume it
[pool-4504-thread-1] DEBUG org.apache.nifi.processors.standard.TailFile - TailFile[id=6884e455-1dd2-4a0b-8fd3-239adeacbce4] Recovering Rolled Off Files; total number of files rolled off = 1
[pool-4504-thread-1] DEBUG org.apache.nifi.processors.standard.TailFile - TailFile[id=6884e455-1dd2-4a0b-8fd3-239adeacbce4] Checksum for target/log.1 matched expected checksum. Will skip first 14 bytes
[pool-4504-thread-1] DEBUG org.apache.nifi.processors.standard.TailFile - TailFile[id=6884e455-1dd2-4a0b-8fd3-239adeacbce4] Reading lines starting at position 14
[pool-4504-thread-1] DEBUG org.apache.nifi.processors.standard.TailFile - TailFile[id=6884e455-1dd2-4a0b-8fd3-239adeacbce4] Read 0 lines; repositioning reader from 15 to 14
[pool-4504-thread-1] DEBUG org.apache.nifi.processors.standard.TailFile - TailFile[id=6884e455-1dd2-4a0b-8fd3-239adeacbce4] File target/log.1 has been rolled over, but it was updated 43 millis ago, which is less than the configured Post-Rollover Tail Period (600000 ms), so will continue tailing
[pool-4504-thread-1] DEBUG org.apache.nifi.processors.standard.TailFile - TailFile[id=6884e455-1dd2-4a0b-8fd3-239adeacbce4] File target/log.txt was rolled over and the Rollover Tail Period is set, so will not consume from new file during this iteration.
[pool-4505-thread-1] DEBUG org.apache.nifi.processors.standard.TailFile - TailFile[id=6884e455-1dd2-4a0b-8fd3-239adeacbce4] Found rolled off file target/log.txt but its last modified timestamp is before the cutoff (Last Mod = 1714613022366, Cutoff = 1714613022370) so will not consume it
[pool-4505-thread-1] DEBUG org.apache.nifi.processors.standard.TailFile - TailFile[id=6884e455-1dd2-4a0b-8fd3-239adeacbce4] Recovering Rolled Off Files; total number of files rolled off = 1
[pool-4505-thread-1] DEBUG org.apache.nifi.processors.standard.TailFile - TailFile[id=6884e455-1dd2-4a0b-8fd3-239adeacbce4] Checksum for target/log.1 matched expected checksum. Will skip first 14 bytes
[pool-4505-thread-1] DEBUG org.apache.nifi.processors.standard.TailFile - TailFile[id=6884e455-1dd2-4a0b-8fd3-239adeacbce4] Reading lines starting at position 14
[pool-4505-thread-1] DEBUG org.apache.nifi.processors.standard.TailFile - TailFile[id=6884e455-1dd2-4a0b-8fd3-239adeacbce4] Read 0 lines; repositioning reader from 15 to 14
[pool-4505-thread-1] DEBUG org.apache.nifi.processors.standard.TailFile - TailFile[id=6884e455-1dd2-4a0b-8fd3-239adeacbce4] File target/log.1 has been rolled over, but it was updated 45 millis ago, which is less than the configured Post-Rollover Tail Period (600000 ms), so will continue tailing
[pool-4505-thread-1] DEBUG org.apache.nifi.processors.standard.TailFile - TailFile[id=6884e455-1dd2-4a0b-8fd3-239adeacbce4] File target/log.txt was rolled over and the Rollover Tail Period is set, so will not consume from new file during this iteration.
[pool-4506-thread-1] DEBUG org.apache.nifi.processors.standard.TailFile - TailFile[id=6884e455-1dd2-4a0b-8fd3-239adeacbce4] Found rolled off file target/log.txt but its last modified timestamp is before the cutoff (Last Mod = 1714613022366, Cutoff = 1714613022370) so will not consume it
[pool-4506-thread-1] DEBUG org.apache.nifi.processors.standard.TailFile - TailFile[id=6884e455-1dd2-4a0b-8fd3-239adeacbce4] Recovering Rolled Off Files; total number of files rolled off = 1
[pool-4506-thread-1] DEBUG org.apache.nifi.processors.standard.TailFile - TailFile[id=6884e455-1dd2-4a0b-8fd3-239adeacbce4] Checksum for target/log.1 matched expected checksum. Will skip first 14 bytes
[pool-4506-thread-1] DEBUG org.apache.nifi.processors.standard.TailFile - TailFile[id=6884e455-1dd2-4a0b-8fd3-239adeacbce4] Reading lines starting at position 14
[pool-4506-thread-1] DEBUG org.apache.nifi.processors.standard.TailFile - TailFile[id=6884e455-1dd2-4a0b-8fd3-239adeacbce4] Read 0 lines; repositioning reader from 15 to 14
[pool-4506-thread-1] DEBUG org.apache.nifi.processors.standard.TailFile - TailFile[id=6884e455-1dd2-4a0b-8fd3-239adeacbce4] File target/log.1 has been rolled over, but it was updated 46 millis ago, which is less than the configured Post-Rollover Tail Period (600000 ms), so will continue tailing
[pool-4506-thread-1] DEBUG org.apache.nifi.processors.standard.TailFile - TailFile[id=6884e455-1dd2-4a0b-8fd3-239adeacbce4] File target/log.txt was rolled over and the Rollover Tail Period is set, so will not consume from new file during this iteration.
[pool-4507-thread-1] DEBUG org.apache.nifi.processors.standard.TailFile - TailFile[id=6884e455-1dd2-4a0b-8fd3-239adeacbce4] Found rolled off file target/log.txt but its last modified timestamp is before the cutoff (Last Mod = 1714613022366, Cutoff = 1714613022370) so will not consume it
[pool-4507-thread-1] DEBUG org.apache.nifi.processors.standard.TailFile - TailFile[id=6884e455-1dd2-4a0b-8fd3-239adeacbce4] Recovering Rolled Off Files; total number of files rolled off = 1
[pool-4507-thread-1] DEBUG org.apache.nifi.processors.standard.TailFile - TailFile[id=6884e455-1dd2-4a0b-8fd3-239adeacbce4] Checksum for target/log.1 matched expected checksum. Will skip first 14 bytes
[pool-4507-thread-1] DEBUG org.apache.nifi.processors.standard.TailFile - TailFile[id=6884e455-1dd2-4a0b-8fd3-239adeacbce4] Reading lines starting at position 14
[pool-4507-thread-1] DEBUG org.apache.nifi.processors.standard.TailFile - TailFile[id=6884e455-1dd2-4a0b-8fd3-239adeacbce4] Read 0 lines; repositioning reader from 15 to 14
[pool-4507-thread-1] DEBUG org.apache.nifi.processors.standard.TailFile - TailFile[id=6884e455-1dd2-4a0b-8fd3-239adeacbce4] File target/log.1 has been rolled over, but it was updated 48 millis ago, which is less than the configured Post-Rollover Tail Period (600000 ms), so will continue tailing
[pool-4507-thread-1] DEBUG org.apache.nifi.processors.standard.TailFile - TailFile[id=6884e455-1dd2-4a0b-8fd3-239adeacbce4] File target/log.txt was rolled over and the Rollover Tail Period is set, so will not consume from new file during this iteration.
[pool-4508-thread-1] DEBUG org.apache.nifi.processors.standard.TailFile - TailFile[id=6884e455-1dd2-4a0b-8fd3-239adeacbce4] Found rolled off file target/log.txt but its last modified timestamp is before the cutoff (Last Mod = 1714613022366, Cutoff = 1714613022370) so will not consume it
[pool-4508-thread-1] DEBUG org.apache.nifi.processors.standard.TailFile - TailFile[id=6884e455-1dd2-4a0b-8fd3-239adeacbce4] Recovering Rolled Off Files; total number of files rolled off = 1
[pool-4508-thread-1] DEBUG org.apache.nifi.processors.standard.TailFile - TailFile[id=6884e455-1dd2-4a0b-8fd3-239adeacbce4] Checksum for target/log.1 matched expected checksum. Will skip first 14 bytes
[pool-4508-thread-1] DEBUG org.apache.nifi.processors.standard.TailFile - TailFile[id=6884e455-1dd2-4a0b-8fd3-239adeacbce4] Reading lines starting at position 14
[pool-4508-thread-1] DEBUG org.apache.nifi.processors.standard.TailFile - TailFile[id=6884e455-1dd2-4a0b-8fd3-239adeacbce4] Read 0 lines; repositioning reader from 15 to 14
[pool-4508-thread-1] DEBUG org.apache.nifi.processors.standard.TailFile - TailFile[id=6884e455-1dd2-4a0b-8fd3-239adeacbce4] File target/log.1 has been rolled over, but it was updated 50 millis ago, which is less than the configured Post-Rollover Tail Period (600000 ms), so will continue tailing
[pool-4508-thread-1] DEBUG org.apache.nifi.processors.standard.TailFile - TailFile[id=6884e455-1dd2-4a0b-8fd3-239adeacbce4] File target/log.txt was rolled over and the Rollover Tail Period is set, so will not consume from new file during this iteration.
[pool-4509-thread-1] DEBUG org.apache.nifi.processors.standard.TailFile - TailFile[id=6884e455-1dd2-4a0b-8fd3-239adeacbce4] Found rolled off file target/log.txt but its last modified timestamp is before the cutoff (Last Mod = 1714613022366, Cutoff = 1714613022370) so will not consume it
[pool-4509-thread-1] DEBUG org.apache.nifi.processors.standard.TailFile - TailFile[id=6884e455-1dd2-4a0b-8fd3-239adeacbce4] Recovering Rolled Off Files; total number of files rolled off = 1
[pool-4509-thread-1] DEBUG org.apache.nifi.processors.standard.TailFile - TailFile[id=6884e455-1dd2-4a0b-8fd3-239adeacbce4] Checksum for target/log.1 matched expected checksum. Will skip first 14 bytes
[pool-4509-thread-1] DEBUG org.apache.nifi.processors.standard.TailFile - TailFile[id=6884e455-1dd2-4a0b-8fd3-239adeacbce4] Reading lines starting at position 14
[pool-4509-thread-1] DEBUG org.apache.nifi.processors.standard.TailFile - TailFile[id=6884e455-1dd2-4a0b-8fd3-239adeacbce4] Read 0 lines; repositioning reader from 15 to 14
[pool-4509-thread-1] DEBUG org.apache.nifi.processors.standard.TailFile - TailFile[id=6884e455-1dd2-4a0b-8fd3-239adeacbce4] File target/log.1 has been rolled over, but it was updated 52 millis ago, which is less than the configured Post-Rollover Tail Period (600000 ms), so will continue tailing
[pool-4509-thread-1] DEBUG org.apache.nifi.processors.standard.TailFile - TailFile[id=6884e455-1dd2-4a0b-8fd3-239adeacbce4] File target/log.txt was rolled over and the Rollover Tail Period is set, so will not consume from new file during this iteration.
[pool-4510-thread-1] DEBUG org.apache.nifi.processors.standard.TailFile - TailFile[id=6884e455-1dd2-4a0b-8fd3-239adeacbce4] Found rolled off file target/log.txt but its last modified timestamp is before the cutoff (Last Mod = 1714613022366, Cutoff = 1714613022370) so will not consume it
[pool-4510-thread-1] DEBUG org.apache.nifi.processors.standard.TailFile - TailFile[id=6884e455-1dd2-4a0b-8fd3-239adeacbce4] Recovering Rolled Off Files; total number of files rolled off = 1
[pool-4510-thread-1] DEBUG org.apache.nifi.processors.standard.TailFile - TailFile[id=6884e455-1dd2-4a0b-8fd3-239adeacbce4] Checksum for target/log.1 matched expected checksum. Will skip first 14 bytes
[pool-4510-thread-1] DEBUG org.apache.nifi.processors.standard.TailFile - TailFile[id=6884e455-1dd2-4a0b-8fd3-239adeacbce4] Reading lines starting at position 14
[pool-4510-thread-1] DEBUG org.apache.nifi.processors.standard.TailFile - TailFile[id=6884e455-1dd2-4a0b-8fd3-239adeacbce4] Read 0 lines; repositioning reader from 15 to 14
[pool-4510-thread-1] DEBUG org.apache.nifi.processors.standard.TailFile - TailFile[id=6884e455-1dd2-4a0b-8fd3-239adeacbce4] File target/log.1 has been rolled over, but it was updated 54 millis ago, which is less than the configured Post-Rollover Tail Period (600000 ms), so will continue tailing
[pool-4510-thread-1] DEBUG org.apache.nifi.processors.standard.TailFile - TailFile[id=6884e455-1dd2-4a0b-8fd3-239adeacbce4] File target/log.txt was rolled over and the Rollover Tail Period is set, so will not consume from new file during this iteration.
[pool-4511-thread-1] DEBUG org.apache.nifi.processors.standard.TailFile - TailFile[id=6884e455-1dd2-4a0b-8fd3-239adeacbce4] Found rolled off file target/log.txt but its last modified timestamp is before the cutoff (Last Mod = 1714613022366, Cutoff = 1714613022370) so will not consume it
[pool-4511-thread-1] DEBUG org.apache.nifi.processors.standard.TailFile - TailFile[id=6884e455-1dd2-4a0b-8fd3-239adeacbce4] Recovering Rolled Off Files; total number of files rolled off = 1
[pool-4511-thread-1] DEBUG org.apache.nifi.processors.standard.TailFile - TailFile[id=6884e455-1dd2-4a0b-8fd3-239adeacbce4] Checksum for target/log.1 matched expected checksum. Will skip first 14 bytes
[pool-4511-thread-1] DEBUG org.apache.nifi.processors.standard.TailFile - TailFile[id=6884e455-1dd2-4a0b-8fd3-239adeacbce4] Reading lines starting at position 14
[pool-4511-thread-1] DEBUG org.apache.nifi.processors.standard.TailFile - TailFile[id=6884e455-1dd2-4a0b-8fd3-239adeacbce4] Read 0 lines; repositioning reader from 15 to 14
[pool-4511-thread-1] DEBUG org.apache.nifi.processors.standard.TailFile - TailFile[id=6884e455-1dd2-4a0b-8fd3-239adeacbce4] File target/log.1 has been rolled over, but it was updated 55 millis ago, which is less than the configured Post-Rollover Tail Period (600000 ms), so will continue tailing
[pool-4511-thread-1] DEBUG org.apache.nifi.processors.standard.TailFile - TailFile[id=6884e455-1dd2-4a0b-8fd3-239adeacbce4] File target/log.txt was rolled over and the Rollover Tail Period is set, so will not consume from new file during this iteration.
[pool-4512-thread-1] DEBUG org.apache.nifi.processors.standard.TailFile - TailFile[id=6884e455-1dd2-4a0b-8fd3-239adeacbce4] Found rolled off file target/log.txt but its last modified timestamp is before the cutoff (Last Mod = 1714613022366, Cutoff = 1714613022370) so will not consume it
[pool-4512-thread-1] DEBUG org.apache.nifi.processors.standard.TailFile - TailFile[id=6884e455-1dd2-4a0b-8fd3-239adeacbce4] Recovering Rolled Off Files; total number of files rolled off = 1
[pool-4512-thread-1] DEBUG org.apache.nifi.processors.standard.TailFile - TailFile[id=6884e455-1dd2-4a0b-8fd3-239adeacbce4] Checksum for target/log.1 matched expected checksum. Will skip first 14 bytes
[pool-4512-thread-1] DEBUG org.apache.nifi.processors.standard.TailFile - TailFile[id=6884e455-1dd2-4a0b-8fd3-239adeacbce4] Reading lines starting at position 14
[pool-4512-thread-1] DEBUG org.apache.nifi.processors.standard.TailFile - TailFile[id=6884e455-1dd2-4a0b-8fd3-239adeacbce4] Read 0 lines; repositioning reader from 15 to 14
[pool-4512-thread-1] DEBUG org.apache.nifi.processors.standard.TailFile - TailFile[id=6884e455-1dd2-4a0b-8fd3-239adeacbce4] File target/log.1 has been rolled over, but it was updated 57 millis ago, which is less than the configured Post-Rollover Tail Period (600000 ms), so will continue tailing
[pool-4512-thread-1] DEBUG org.apache.nifi.processors.standard.TailFile - TailFile[id=6884e455-1dd2-4a0b-8fd3-239adeacbce4] File target/log.txt was rolled over and the Rollover Tail Period is set, so will not consume from new file during this iteration.
[pool-4513-thread-1] DEBUG org.apache.nifi.processors.standard.TailFile - TailFile[id=6884e455-1dd2-4a0b-8fd3-239adeacbce4] Found rolled off file target/log.txt but its last modified timestamp is before the cutoff (Last Mod = 1714613022366, Cutoff = 1714613022370) so will not consume it
[pool-4513-thread-1] DEBUG org.apache.nifi.processors.standard.TailFile - TailFile[id=6884e455-1dd2-4a0b-8fd3-239adeacbce4] Recovering Rolled Off Files; total number of files rolled off = 1
[pool-4513-thread-1] DEBUG org.apache.nifi.processors.standard.TailFile - TailFile[id=6884e455-1dd2-4a0b-8fd3-239adeacbce4] Checksum for target/log.1 matched expected checksum. Will skip first 14 bytes
[pool-4513-thread-1] DEBUG org.apache.nifi.processors.standard.TailFile - TailFile[id=6884e455-1dd2-4a0b-8fd3-239adeacbce4] Reading lines starting at position 14
[pool-4513-thread-1] DEBUG org.apache.nifi.processors.standard.TailFile - TailFile[id=6884e455-1dd2-4a0b-8fd3-239adeacbce4] Read 0 lines; repositioning reader from 15 to 14
[pool-4513-thread-1] DEBUG org.apache.nifi.processors.standard.TailFile - TailFile[id=6884e455-1dd2-4a0b-8fd3-239adeacbce4] File target/log.1 has been rolled over, but it was updated 59 millis ago, which is less than the configured Post-Rollover Tail Period (600000 ms), so will continue tailing
[pool-4513-thread-1] DEBUG org.apache.nifi.processors.standard.TailFile - TailFile[id=6884e455-1dd2-4a0b-8fd3-239adeacbce4] File target/log.txt was rolled over and the Rollover Tail Period is set, so will not consume from new file during this iteration.
[pool-4514-thread-1] DEBUG org.apache.nifi.processors.standard.TailFile - TailFile[id=6884e455-1dd2-4a0b-8fd3-239adeacbce4] Found rolled off file target/log.txt but its last modified timestamp is before the cutoff (Last Mod = 1714613022366, Cutoff = 1714613022370) so will not consume it
[pool-4514-thread-1] DEBUG org.apache.nifi.processors.standard.TailFile - TailFile[id=6884e455-1dd2-4a0b-8fd3-239adeacbce4] Recovering Rolled Off Files; total number of files rolled off = 1
[pool-4514-thread-1] DEBUG org.apache.nifi.processors.standard.TailFile - TailFile[id=6884e455-1dd2-4a0b-8fd3-239adeacbce4] Checksum for target/log.1 matched expected checksum. Will skip first 14 bytes
[pool-4514-thread-1] DEBUG org.apache.nifi.processors.standard.TailFile - TailFile[id=6884e455-1dd2-4a0b-8fd3-239adeacbce4] Reading lines starting at position 14
[pool-4514-thread-1] DEBUG org.apache.nifi.processors.standard.TailFile - TailFile[id=6884e455-1dd2-4a0b-8fd3-239adeacbce4] Read 0 lines; repositioning reader from 15 to 14
[pool-4514-thread-1] DEBUG org.apache.nifi.processors.standard.TailFile - TailFile[id=6884e455-1dd2-4a0b-8fd3-239adeacbce4] File target/log.1 has been rolled over, but it was updated 61 millis ago, which is less than the configured Post-Rollover Tail Period (600000 ms), so will continue tailing
[pool-4514-thread-1] DEBUG org.apache.nifi.processors.standard.TailFile - TailFile[id=6884e455-1dd2-4a0b-8fd3-239adeacbce4] File target/log.txt was rolled over and the Rollover Tail Period is set, so will not consume from new file during this iteration.
[pool-4515-thread-1] DEBUG org.apache.nifi.processors.standard.TailFile - TailFile[id=6884e455-1dd2-4a0b-8fd3-239adeacbce4] Found rolled off file target/log.txt but its last modified timestamp is before the cutoff (Last Mod = 1714613022366, Cutoff = 1714613022370) so will not consume it
[pool-4515-thread-1] DEBUG org.apache.nifi.processors.standard.TailFile - TailFile[id=6884e455-1dd2-4a0b-8fd3-239adeacbce4] Recovering Rolled Off Files; total number of files rolled off = 1
[pool-4515-thread-1] DEBUG org.apache.nifi.processors.standard.TailFile - TailFile[id=6884e455-1dd2-4a0b-8fd3-239adeacbce4] Checksum for target/log.1 matched expected checksum. Will skip first 14 bytes
[pool-4515-thread-1] DEBUG org.apache.nifi.processors.standard.TailFile - TailFile[id=6884e455-1dd2-4a0b-8fd3-239adeacbce4] Reading lines starting at position 14
[pool-4515-thread-1] DEBUG org.apache.nifi.processors.standard.TailFile - TailFile[id=6884e455-1dd2-4a0b-8fd3-239adeacbce4] Read 0 lines; repositioning reader from 15 to 14
[pool-4515-thread-1] DEBUG org.apache.nifi.processors.standard.TailFile - TailFile[id=6884e455-1dd2-4a0b-8fd3-239adeacbce4] File target/log.1 has been rolled over, but it was updated 63 millis ago, which is less than the configured Post-Rollover Tail Period (600000 ms), so will continue tailing
[pool-4515-thread-1] DEBUG org.apache.nifi.processors.standard.TailFile - TailFile[id=6884e455-1dd2-4a0b-8fd3-239adeacbce4] File target/log.txt was rolled over and the Rollover Tail Period is set, so will not consume from new file during this iteration.
[pool-4516-thread-1] DEBUG org.apache.nifi.processors.standard.TailFile - TailFile[id=6884e455-1dd2-4a0b-8fd3-239adeacbce4] Found rolled off file target/log.txt but its last modified timestamp is before the cutoff (Last Mod = 1714613022366, Cutoff = 1714613022370) so will not consume it
[pool-4516-thread-1] DEBUG org.apache.nifi.processors.standard.TailFile - TailFile[id=6884e455-1dd2-4a0b-8fd3-239adeacbce4] Recovering Rolled Off Files; total number of files rolled off = 1
[pool-4516-thread-1] DEBUG org.apache.nifi.processors.standard.TailFile - TailFile[id=6884e455-1dd2-4a0b-8fd3-239adeacbce4] Checksum for target/log.1 matched expected checksum. Will skip first 14 bytes
[pool-4516-thread-1] DEBUG org.apache.nifi.processors.standard.TailFile - TailFile[id=6884e455-1dd2-4a0b-8fd3-239adeacbce4] Reading lines starting at position 14
[pool-4516-thread-1] DEBUG org.apache.nifi.processors.standard.TailFile - TailFile[id=6884e455-1dd2-4a0b-8fd3-239adeacbce4] Read 0 lines; repositioning reader from 15 to 14
[pool-4516-thread-1] DEBUG org.apache.nifi.processors.standard.TailFile - TailFile[id=6884e455-1dd2-4a0b-8fd3-239adeacbce4] File target/log.1 has been rolled over, but it was updated 65 millis ago, which is less than the configured Post-Rollover Tail Period (600000 ms), so will continue tailing
[pool-4516-thread-1] DEBUG org.apache.nifi.processors.standard.TailFile - TailFile[id=6884e455-1dd2-4a0b-8fd3-239adeacbce4] File target/log.txt was rolled over and the Rollover Tail Period is set, so will not consume from new file during this iteration.
[pool-4517-thread-1] DEBUG org.apache.nifi.processors.standard.TailFile - TailFile[id=6884e455-1dd2-4a0b-8fd3-239adeacbce4] Found rolled off file target/log.txt but its last modified timestamp is before the cutoff (Last Mod = 1714613022366, Cutoff = 1714613022370) so will not consume it
[pool-4517-thread-1] DEBUG org.apache.nifi.processors.standard.TailFile - TailFile[id=6884e455-1dd2-4a0b-8fd3-239adeacbce4] Recovering Rolled Off Files; total number of files rolled off = 1
[pool-4517-thread-1] DEBUG org.apache.nifi.processors.standard.TailFile - TailFile[id=6884e455-1dd2-4a0b-8fd3-239adeacbce4] Checksum for target/log.1 matched expected checksum. Will skip first 14 bytes
[pool-4517-thread-1] DEBUG org.apache.nifi.processors.standard.TailFile - TailFile[id=6884e455-1dd2-4a0b-8fd3-239adeacbce4] Reading lines starting at position 14
[pool-4517-thread-1] DEBUG org.apache.nifi.processors.standard.TailFile - TailFile[id=6884e455-1dd2-4a0b-8fd3-239adeacbce4] Read 0 lines; repositioning reader from 15 to 14
[pool-4517-thread-1] DEBUG org.apache.nifi.processors.standard.TailFile - TailFile[id=6884e455-1dd2-4a0b-8fd3-239adeacbce4] File target/log.1 has been rolled over, but it was updated 67 millis ago, which is less than the configured Post-Rollover Tail Period (600000 ms), so will continue tailing
[pool-4517-thread-1] DEBUG org.apache.nifi.processors.standard.TailFile - TailFile[id=6884e455-1dd2-4a0b-8fd3-239adeacbce4] File target/log.txt was rolled over and the Rollover Tail Period is set, so will not consume from new file during this iteration.
[pool-4518-thread-1] DEBUG org.apache.nifi.processors.standard.TailFile - TailFile[id=6884e455-1dd2-4a0b-8fd3-239adeacbce4] Found rolled off file target/log.txt but its last modified timestamp is before the cutoff (Last Mod = 1714613022366, Cutoff = 1714613022370) so will not consume it
[pool-4518-thread-1] DEBUG org.apache.nifi.processors.standard.TailFile - TailFile[id=6884e455-1dd2-4a0b-8fd3-239adeacbce4] Recovering Rolled Off Files; total number of files rolled off = 1
[pool-4518-thread-1] DEBUG org.apache.nifi.processors.standard.TailFile - TailFile[id=6884e455-1dd2-4a0b-8fd3-239adeacbce4] Checksum for target/log.1 matched expected checksum. Will skip first 14 bytes
[pool-4518-thread-1] DEBUG org.apache.nifi.processors.standard.TailFile - TailFile[id=6884e455-1dd2-4a0b-8fd3-239adeacbce4] Reading lines starting at position 14
[pool-4518-thread-1] DEBUG org.apache.nifi.processors.standard.TailFile - TailFile[id=6884e455-1dd2-4a0b-8fd3-239adeacbce4] Read 0 lines; repositioning reader from 15 to 14
[pool-4518-thread-1] DEBUG org.apache.nifi.processors.standard.TailFile - TailFile[id=6884e455-1dd2-4a0b-8fd3-239adeacbce4] File target/log.1 has been rolled over, but it was updated 68 millis ago, which is less than the configured Post-Rollover Tail Period (600000 ms), so will continue tailing
[pool-4518-thread-1] DEBUG org.apache.nifi.processors.standard.TailFile - TailFile[id=6884e455-1dd2-4a0b-8fd3-239adeacbce4] File target/log.txt was rolled over and the Rollover Tail Period is set, so will not consume from new file during this iteration.
[pool-4519-thread-1] DEBUG org.apache.nifi.processors.standard.TailFile - TailFile[id=6884e455-1dd2-4a0b-8fd3-239adeacbce4] Found rolled off file target/log.txt but its last modified timestamp is before the cutoff (Last Mod = 1714613022366, Cutoff = 1714613022370) so will not consume it
[pool-4519-thread-1] DEBUG org.apache.nifi.processors.standard.TailFile - TailFile[id=6884e455-1dd2-4a0b-8fd3-239adeacbce4] Recovering Rolled Off Files; total number of files rolled off = 1
[pool-4519-thread-1] DEBUG org.apache.nifi.processors.standard.TailFile - TailFile[id=6884e455-1dd2-4a0b-8fd3-239adeacbce4] Checksum for target/log.1 matched expected checksum. Will skip first 14 bytes
[pool-4519-thread-1] DEBUG org.apache.nifi.processors.standard.TailFile - TailFile[id=6884e455-1dd2-4a0b-8fd3-239adeacbce4] Reading lines starting at position 14
[pool-4519-thread-1] DEBUG org.apache.nifi.processors.standard.TailFile - TailFile[id=6884e455-1dd2-4a0b-8fd3-239adeacbce4] Read 0 lines; repositioning reader from 15 to 14
[pool-4519-thread-1] DEBUG org.apache.nifi.processors.standard.TailFile - TailFile[id=6884e455-1dd2-4a0b-8fd3-239adeacbce4] File target/log.1 has been rolled over, but it was updated 70 millis ago, which is less than the configured Post-Rollover Tail Period (600000 ms), so will continue tailing
[pool-4519-thread-1] DEBUG org.apache.nifi.processors.standard.TailFile - TailFile[id=6884e455-1dd2-4a0b-8fd3-239adeacbce4] File target/log.txt was rolled over and the Rollover Tail Period is set, so will not consume from new file during this iteration.
[pool-4520-thread-1] DEBUG org.apache.nifi.processors.standard.TailFile - TailFile[id=6884e455-1dd2-4a0b-8fd3-239adeacbce4] Found rolled off file target/log.txt but its last modified timestamp is before the cutoff (Last Mod = 1714613022366, Cutoff = 1714613022370) so will not consume it
[pool-4520-thread-1] DEBUG org.apache.nifi.processors.standard.TailFile - TailFile[id=6884e455-1dd2-4a0b-8fd3-239adeacbce4] Recovering Rolled Off Files; total number of files rolled off = 1
[pool-4520-thread-1] DEBUG org.apache.nifi.processors.standard.TailFile - TailFile[id=6884e455-1dd2-4a0b-8fd3-239adeacbce4] Checksum for target/log.1 matched expected checksum. Will skip first 14 bytes
[pool-4520-thread-1] DEBUG org.apache.nifi.processors.standard.TailFile - TailFile[id=6884e455-1dd2-4a0b-8fd3-239adeacbce4] Reading lines starting at position 14
[pool-4520-thread-1] DEBUG org.apache.nifi.processors.standard.TailFile - TailFile[id=6884e455-1dd2-4a0b-8fd3-239adeacbce4] Read 0 lines; repositioning reader from 15 to 14
[pool-4520-thread-1] DEBUG org.apache.nifi.processors.standard.TailFile - TailFile[id=6884e455-1dd2-4a0b-8fd3-239adeacbce4] File target/log.1 has been rolled over, but it was updated 72 millis ago, which is less than the configured Post-Rollover Tail Period (600000 ms), so will continue tailing
[pool-4520-thread-1] DEBUG org.apache.nifi.processors.standard.TailFile - TailFile[id=6884e455-1dd2-4a0b-8fd3-239adeacbce4] File target/log.txt was rolled over and the Rollover Tail Period is set, so will not consume from new file during this iteration.
[pool-4521-thread-1] DEBUG org.apache.nifi.processors.standard.TailFile - TailFile[id=6884e455-1dd2-4a0b-8fd3-239adeacbce4] Found rolled off file target/log.txt but its last modified timestamp is before the cutoff (Last Mod = 1714613022366, Cutoff = 1714613022370) so will not consume it
[pool-4521-thread-1] DEBUG org.apache.nifi.processors.standard.TailFile - TailFile[id=6884e455-1dd2-4a0b-8fd3-239adeacbce4] Recovering Rolled Off Files; total number of files rolled off = 1
[pool-4521-thread-1] DEBUG org.apache.nifi.processors.standard.TailFile - TailFile[id=6884e455-1dd2-4a0b-8fd3-239adeacbce4] Checksum for target/log.1 matched expected checksum. Will skip first 14 bytes
[pool-4521-thread-1] DEBUG org.apache.nifi.processors.standard.TailFile - TailFile[id=6884e455-1dd2-4a0b-8fd3-239adeacbce4] Reading lines starting at position 14
[pool-4521-thread-1] DEBUG org.apache.nifi.processors.standard.TailFile - TailFile[id=6884e455-1dd2-4a0b-8fd3-239adeacbce4] Read 0 lines; repositioning reader from 15 to 14
[pool-4521-thread-1] DEBUG org.apache.nifi.processors.standard.TailFile - TailFile[id=6884e455-1dd2-4a0b-8fd3-239adeacbce4] File target/log.1 has been rolled over, but it was updated 74 millis ago, which is less than the configured Post-Rollover Tail Period (600000 ms), so will continue tailing
[pool-4521-thread-1] DEBUG org.apache.nifi.processors.standard.TailFile - TailFile[id=6884e455-1dd2-4a0b-8fd3-239adeacbce4] File target/log.txt was rolled over and the Rollover Tail Period is set, so will not consume from new file during this iteration.
[pool-4522-thread-1] DEBUG org.apache.nifi.processors.standard.TailFile - TailFile[id=6884e455-1dd2-4a0b-8fd3-239adeacbce4] Found rolled off file target/log.txt but its last modified timestamp is before the cutoff (Last Mod = 1714613022366, Cutoff = 1714613022370) so will not consume it
[pool-4522-thread-1] DEBUG org.apache.nifi.processors.standard.TailFile - TailFile[id=6884e455-1dd2-4a0b-8fd3-239adeacbce4] Recovering Rolled Off Files; total number of files rolled off = 1
[pool-4522-thread-1] DEBUG org.apache.nifi.processors.standard.TailFile - TailFile[id=6884e455-1dd2-4a0b-8fd3-239adeacbce4] Checksum for target/log.1 matched expected checksum. Will skip first 14 bytes
[pool-4522-thread-1] DEBUG org.apache.nifi.processors.standard.TailFile - TailFile[id=6884e455-1dd2-4a0b-8fd3-239adeacbce4] Reading lines starting at position 14
[pool-4522-thread-1] DEBUG org.apache.nifi.processors.standard.TailFile - TailFile[id=6884e455-1dd2-4a0b-8fd3-239adeacbce4] Read 0 lines; repositioning reader from 15 to 14
[pool-4522-thread-1] DEBUG org.apache.nifi.processors.standard.TailFile - TailFile[id=6884e455-1dd2-4a0b-8fd3-239adeacbce4] File target/log.1 has been rolled over, but it was updated 76 millis ago, which is less than the configured Post-Rollover Tail Period (600000 ms), so will continue tailing
[pool-4522-thread-1] DEBUG org.apache.nifi.processors.standard.TailFile - TailFile[id=6884e455-1dd2-4a0b-8fd3-239adeacbce4] File target/log.txt was rolled over and the Rollover Tail Period is set, so will not consume from new file during this iteration.
[pool-4523-thread-1] DEBUG org.apache.nifi.processors.standard.TailFile - TailFile[id=6884e455-1dd2-4a0b-8fd3-239adeacbce4] Found rolled off file target/log.txt but its last modified timestamp is before the cutoff (Last Mod = 1714613022366, Cutoff = 1714613022370) so will not consume it
[pool-4523-thread-1] DEBUG org.apache.nifi.processors.standard.TailFile - TailFile[id=6884e455-1dd2-4a0b-8fd3-239adeacbce4] Recovering Rolled Off Files; total number of files rolled off = 1
[pool-4523-thread-1] DEBUG org.apache.nifi.processors.standard.TailFile - TailFile[id=6884e455-1dd2-4a0b-8fd3-239adeacbce4] Checksum for target/log.1 matched expected checksum. Will skip first 14 bytes
[pool-4523-thread-1] DEBUG org.apache.nifi.processors.standard.TailFile - TailFile[id=6884e455-1dd2-4a0b-8fd3-239adeacbce4] Reading lines starting at position 14
[pool-4523-thread-1] DEBUG org.apache.nifi.processors.standard.TailFile - TailFile[id=6884e455-1dd2-4a0b-8fd3-239adeacbce4] Read 0 lines; repositioning reader from 15 to 14
[pool-4523-thread-1] DEBUG org.apache.nifi.processors.standard.TailFile - TailFile[id=6884e455-1dd2-4a0b-8fd3-239adeacbce4] File target/log.1 has been rolled over, but it was updated 78 millis ago, which is less than the configured Post-Rollover Tail Period (600000 ms), so will continue tailing
[pool-4523-thread-1] DEBUG org.apache.nifi.processors.standard.TailFile - TailFile[id=6884e455-1dd2-4a0b-8fd3-239adeacbce4] File target/log.txt was rolled over and the Rollover Tail Period is set, so will not consume from new file during this iteration.
[pool-4524-thread-1] DEBUG org.apache.nifi.processors.standard.TailFile - TailFile[id=6884e455-1dd2-4a0b-8fd3-239adeacbce4] Found rolled off file target/log.txt but its last modified timestamp is before the cutoff (Last Mod = 1714613022366, Cutoff = 1714613022370) so will not consume it
[pool-4524-thread-1] DEBUG org.apache.nifi.processors.standard.TailFile - TailFile[id=6884e455-1dd2-4a0b-8fd3-239adeacbce4] Recovering Rolled Off Files; total number of files rolled off = 1
[pool-4524-thread-1] DEBUG org.apache.nifi.processors.standard.TailFile - TailFile[id=6884e455-1dd2-4a0b-8fd3-239adeacbce4] Checksum for target/log.1 matched expected checksum. Will skip first 14 bytes
[pool-4524-thread-1] DEBUG org.apache.nifi.processors.standard.TailFile - TailFile[id=6884e455-1dd2-4a0b-8fd3-239adeacbce4] Reading lines starting at position 14
[pool-4524-thread-1] DEBUG org.apache.nifi.processors.standard.TailFile - TailFile[id=6884e455-1dd2-4a0b-8fd3-239adeacbce4] Read 0 lines; repositioning reader from 15 to 14
[pool-4524-thread-1] DEBUG org.apache.nifi.processors.standard.TailFile - TailFile[id=6884e455-1dd2-4a0b-8fd3-239adeacbce4] File target/log.1 has been rolled over, but it was updated 80 millis ago, which is less than the configured Post-Rollover Tail Period (600000 ms), so will continue tailing
[pool-4524-thread-1] DEBUG org.apache.nifi.processors.standard.TailFile - TailFile[id=6884e455-1dd2-4a0b-8fd3-239adeacbce4] File target/log.txt was rolled over and the Rollover Tail Period is set, so will not consume from new file during this iteration.
[pool-4525-thread-1] DEBUG org.apache.nifi.processors.standard.TailFile - TailFile[id=6884e455-1dd2-4a0b-8fd3-239adeacbce4] Found rolled off file target/log.txt but its last modified timestamp is before the cutoff (Last Mod = 1714613022366, Cutoff = 1714613022370) so will not consume it
[pool-4525-thread-1] DEBUG org.apache.nifi.processors.standard.TailFile - TailFile[id=6884e455-1dd2-4a0b-8fd3-239adeacbce4] Recovering Rolled Off Files; total number of files rolled off = 1
[pool-4525-thread-1] DEBUG org.apache.nifi.processors.standard.TailFile - TailFile[id=6884e455-1dd2-4a0b-8fd3-239adeacbce4] Checksum for target/log.1 matched expected checksum. Will skip first 14 bytes
[pool-4525-thread-1] DEBUG org.apache.nifi.processors.standard.TailFile - TailFile[id=6884e455-1dd2-4a0b-8fd3-239adeacbce4] Reading lines starting at position 14
[pool-4525-thread-1] DEBUG org.apache.nifi.processors.standard.TailFile - TailFile[id=6884e455-1dd2-4a0b-8fd3-239adeacbce4] Read 0 lines; repositioning reader from 15 to 14
[pool-4525-thread-1] DEBUG org.apache.nifi.processors.standard.TailFile - TailFile[id=6884e455-1dd2-4a0b-8fd3-239adeacbce4] File target/log.1 has been rolled over, but it was updated 82 millis ago, which is less than the configured Post-Rollover Tail Period (600000 ms), so will continue tailing
[pool-4525-thread-1] DEBUG org.apache.nifi.processors.standard.TailFile - TailFile[id=6884e455-1dd2-4a0b-8fd3-239adeacbce4] File target/log.txt was rolled over and the Rollover Tail Period is set, so will not consume from new file during this iteration.
[pool-4526-thread-1] DEBUG org.apache.nifi.processors.standard.TailFile - TailFile[id=6884e455-1dd2-4a0b-8fd3-239adeacbce4] Found rolled off file target/log.txt but its last modified timestamp is before the cutoff (Last Mod = 1714613022366, Cutoff = 1714613022370) so will not consume it
[pool-4526-thread-1] DEBUG org.apache.nifi.processors.standard.TailFile - TailFile[id=6884e455-1dd2-4a0b-8fd3-239adeacbce4] Recovering Rolled Off Files; total number of files rolled off = 1
[pool-4526-thread-1] DEBUG org.apache.nifi.processors.standard.TailFile - TailFile[id=6884e455-1dd2-4a0b-8fd3-239adeacbce4] Checksum for target/log.1 matched expected checksum. Will skip first 14 bytes
[pool-4526-thread-1] DEBUG org.apache.nifi.processors.standard.TailFile - TailFile[id=6884e455-1dd2-4a0b-8fd3-239adeacbce4] Reading lines starting at position 14
[pool-4526-thread-1] DEBUG org.apache.nifi.processors.standard.TailFile - TailFile[id=6884e455-1dd2-4a0b-8fd3-239adeacbce4] Read 0 lines; repositioning reader from 15 to 14
[pool-4526-thread-1] DEBUG org.apache.nifi.processors.standard.TailFile - TailFile[id=6884e455-1dd2-4a0b-8fd3-239adeacbce4] File target/log.1 has been rolled over, but it was updated 84 millis ago, which is less than the configured Post-Rollover Tail Period (600000 ms), so will continue tailing
[pool-4526-thread-1] DEBUG org.apache.nifi.processors.standard.TailFile - TailFile[id=6884e455-1dd2-4a0b-8fd3-239adeacbce4] File target/log.txt was rolled over and the Rollover Tail Period is set, so will not consume from new file during this iteration.
[pool-4527-thread-1] DEBUG org.apache.nifi.processors.standard.TailFile - TailFile[id=6884e455-1dd2-4a0b-8fd3-239adeacbce4] Found rolled off file target/log.txt but its last modified timestamp is before the cutoff (Last Mod = 1714613022366, Cutoff = 1714613022370) so will not consume it
[pool-4527-thread-1] DEBUG org.apache.nifi.processors.standard.TailFile - TailFile[id=6884e455-1dd2-4a0b-8fd3-239adeacbce4] Recovering Rolled Off Files; total number of files rolled off = 1
[pool-4527-thread-1] DEBUG org.apache.nifi.processors.standard.TailFile - TailFile[id=6884e455-1dd2-4a0b-8fd3-239adeacbce4] Checksum for target/log.1 matched expected checksum. Will skip first 14 bytes
[pool-4527-thread-1] DEBUG org.apache.nifi.processors.standard.TailFile - TailFile[id=6884e455-1dd2-4a0b-8fd3-239adeacbce4] Reading lines starting at position 14
[pool-4527-thread-1] DEBUG org.apache.nifi.processors.standard.TailFile - TailFile[id=6884e455-1dd2-4a0b-8fd3-239adeacbce4] Read 0 lines; repositioning reader from 15 to 14
[pool-4527-thread-1] DEBUG org.apache.nifi.processors.standard.TailFile - TailFile[id=6884e455-1dd2-4a0b-8fd3-239adeacbce4] File target/log.1 has been rolled over, but it was updated 86 millis ago, which is less than the configured Post-Rollover Tail Period (600000 ms), so will continue tailing
[pool-4527-thread-1] DEBUG org.apache.nifi.processors.standard.TailFile - TailFile[id=6884e455-1dd2-4a0b-8fd3-239adeacbce4] File target/log.txt was rolled over and the Rollover Tail Period is set, so will not consume from new file during this iteration.
[pool-4528-thread-1] DEBUG org.apache.nifi.processors.standard.TailFile - TailFile[id=6884e455-1dd2-4a0b-8fd3-239adeacbce4] Found rolled off file target/log.txt but its last modified timestamp is before the cutoff (Last Mod = 1714613022366, Cutoff = 1714613022370) so will not consume it
[pool-4528-thread-1] DEBUG org.apache.nifi.processors.standard.TailFile - TailFile[id=6884e455-1dd2-4a0b-8fd3-239adeacbce4] Recovering Rolled Off Files; total number of files rolled off = 1
[pool-4528-thread-1] DEBUG org.apache.nifi.processors.standard.TailFile - TailFile[id=6884e455-1dd2-4a0b-8fd3-239adeacbce4] Checksum for target/log.1 matched expected checksum. Will skip first 14 bytes
[pool-4528-thread-1] DEBUG org.apache.nifi.processors.standard.TailFile - TailFile[id=6884e455-1dd2-4a0b-8fd3-239adeacbce4] Reading lines starting at position 14
[pool-4528-thread-1] DEBUG org.apache.nifi.processors.standard.TailFile - TailFile[id=6884e455-1dd2-4a0b-8fd3-239adeacbce4] Read 0 lines; repositioning reader from 15 to 14
[pool-4528-thread-1] DEBUG org.apache.nifi.processors.standard.TailFile - TailFile[id=6884e455-1dd2-4a0b-8fd3-239adeacbce4] File target/log.1 has been rolled over, but it was updated 87 millis ago, which is less than the configured Post-Rollover Tail Period (600000 ms), so will continue tailing
[pool-4528-thread-1] DEBUG org.apache.nifi.processors.standard.TailFile - TailFile[id=6884e455-1dd2-4a0b-8fd3-239adeacbce4] File target/log.txt was rolled over and the Rollover Tail Period is set, so will not consume from new file during this iteration.
[pool-4529-thread-1] DEBUG org.apache.nifi.processors.standard.TailFile - TailFile[id=6884e455-1dd2-4a0b-8fd3-239adeacbce4] Found rolled off file target/log.txt but its last modified timestamp is before the cutoff (Last Mod = 1714613022366, Cutoff = 1714613022370) so will not consume it
[pool-4529-thread-1] DEBUG org.apache.nifi.processors.standard.TailFile - TailFile[id=6884e455-1dd2-4a0b-8fd3-239adeacbce4] Recovering Rolled Off Files; total number of files rolled off = 1
[pool-4529-thread-1] DEBUG org.apache.nifi.processors.standard.TailFile - TailFile[id=6884e455-1dd2-4a0b-8fd3-239adeacbce4] Checksum for target/log.1 matched expected checksum. Will skip first 14 bytes
[pool-4529-thread-1] DEBUG org.apache.nifi.processors.standard.TailFile - TailFile[id=6884e455-1dd2-4a0b-8fd3-239adeacbce4] Reading lines starting at position 14
[pool-4529-thread-1] DEBUG org.apache.nifi.processors.standard.TailFile - TailFile[id=6884e455-1dd2-4a0b-8fd3-239adeacbce4] Read 0 lines; repositioning reader from 15 to 14
[pool-4529-thread-1] DEBUG org.apache.nifi.processors.standard.TailFile - TailFile[id=6884e455-1dd2-4a0b-8fd3-239adeacbce4] File target/log.1 has been rolled over, but it was updated 89 millis ago, which is less than the configured Post-Rollover Tail Period (600000 ms), so will continue tailing
[pool-4529-thread-1] DEBUG org.apache.nifi.processors.standard.TailFile - TailFile[id=6884e455-1dd2-4a0b-8fd3-239adeacbce4] File target/log.txt was rolled over and the Rollover Tail Period is set, so will not consume from new file during this iteration.
[pool-4530-thread-1] DEBUG org.apache.nifi.processors.standard.TailFile - TailFile[id=6884e455-1dd2-4a0b-8fd3-239adeacbce4] Found rolled off file target/log.txt but its last modified timestamp is before the cutoff (Last Mod = 1714613022366, Cutoff = 1714613022370) so will not consume it
[pool-4530-thread-1] DEBUG org.apache.nifi.processors.standard.TailFile - TailFile[id=6884e455-1dd2-4a0b-8fd3-239adeacbce4] Recovering Rolled Off Files; total number of files rolled off = 1
[pool-4530-thread-1] DEBUG org.apache.nifi.processors.standard.TailFile - TailFile[id=6884e455-1dd2-4a0b-8fd3-239adeacbce4] Checksum for target/log.1 matched expected checksum. Will skip first 14 bytes
[pool-4530-thread-1] DEBUG org.apache.nifi.processors.standard.TailFile - TailFile[id=6884e455-1dd2-4a0b-8fd3-239adeacbce4] Reading lines starting at position 14
[pool-4530-thread-1] DEBUG org.apache.nifi.processors.standard.TailFile - TailFile[id=6884e455-1dd2-4a0b-8fd3-239adeacbce4] Read 0 lines; repositioning reader from 15 to 14
[pool-4530-thread-1] DEBUG org.apache.nifi.processors.standard.TailFile - TailFile[id=6884e455-1dd2-4a0b-8fd3-239adeacbce4] File target/log.1 has been rolled over, but it was updated 91 millis ago, which is less than the configured Post-Rollover Tail Period (600000 ms), so will continue tailing
[pool-4530-thread-1] DEBUG org.apache.nifi.processors.standard.TailFile - TailFile[id=6884e455-1dd2-4a0b-8fd3-239adeacbce4] File target/log.txt was rolled over and the Rollover Tail Period is set, so will not consume from new file during this iteration.
[pool-4531-thread-1] DEBUG org.apache.nifi.processors.standard.TailFile - TailFile[id=6884e455-1dd2-4a0b-8fd3-239adeacbce4] Found rolled off file target/log.txt but its last modified timestamp is before the cutoff (Last Mod = 1714613022366, Cutoff = 1714613022370) so will not consume it
[pool-4531-thread-1] DEBUG org.apache.nifi.processors.standard.TailFile - TailFile[id=6884e455-1dd2-4a0b-8fd3-239adeacbce4] Recovering Rolled Off Files; total number of files rolled off = 1
[pool-4531-thread-1] DEBUG org.apache.nifi.processors.standard.TailFile - TailFile[id=6884e455-1dd2-4a0b-8fd3-239adeacbce4] Checksum for target/log.1 matched expected checksum. Will skip first 14 bytes
[pool-4531-thread-1] DEBUG org.apache.nifi.processors.standard.TailFile - TailFile[id=6884e455-1dd2-4a0b-8fd3-239adeacbce4] Reading lines starting at position 14
[pool-4531-thread-1] DEBUG org.apache.nifi.processors.standard.TailFile - TailFile[id=6884e455-1dd2-4a0b-8fd3-239adeacbce4] Read 0 lines; repositioning reader from 15 to 14
[pool-4531-thread-1] DEBUG org.apache.nifi.processors.standard.TailFile - TailFile[id=6884e455-1dd2-4a0b-8fd3-239adeacbce4] File target/log.1 has been rolled over, but it was updated 93 millis ago, which is less than the configured Post-Rollover Tail Period (600000 ms), so will continue tailing
[pool-4531-thread-1] DEBUG org.apache.nifi.processors.standard.TailFile - TailFile[id=6884e455-1dd2-4a0b-8fd3-239adeacbce4] File target/log.txt was rolled over and the Rollover Tail Period is set, so will not consume from new file during this iteration.
[pool-4532-thread-1] DEBUG org.apache.nifi.processors.standard.TailFile - TailFile[id=6884e455-1dd2-4a0b-8fd3-239adeacbce4] Found rolled off file target/log.txt but its last modified timestamp is before the cutoff (Last Mod = 1714613022366, Cutoff = 1714613022370) so will not consume it
[pool-4532-thread-1] DEBUG org.apache.nifi.processors.standard.TailFile - TailFile[id=6884e455-1dd2-4a0b-8fd3-239adeacbce4] Recovering Rolled Off Files; total number of files rolled off = 1
[pool-4532-thread-1] DEBUG org.apache.nifi.processors.standard.TailFile - TailFile[id=6884e455-1dd2-4a0b-8fd3-239adeacbce4] Checksum for target/log.1 matched expected checksum. Will skip first 14 bytes
[pool-4532-thread-1] DEBUG org.apache.nifi.processors.standard.TailFile - TailFile[id=6884e455-1dd2-4a0b-8fd3-239adeacbce4] Reading lines starting at position 14
[pool-4532-thread-1] DEBUG org.apache.nifi.processors.standard.TailFile - TailFile[id=6884e455-1dd2-4a0b-8fd3-239adeacbce4] Read 0 lines; repositioning reader from 15 to 14
[pool-4532-thread-1] DEBUG org.apache.nifi.processors.standard.TailFile - TailFile[id=6884e455-1dd2-4a0b-8fd3-239adeacbce4] File target/log.1 has been rolled over, but it was updated 94 millis ago, which is less than the configured Post-Rollover Tail Period (600000 ms), so will continue tailing
[pool-4532-thread-1] DEBUG org.apache.nifi.processors.standard.TailFile - TailFile[id=6884e455-1dd2-4a0b-8fd3-239adeacbce4] File target/log.txt was rolled over and the Rollover Tail Period is set, so will not consume from new file during this iteration.
[pool-4533-thread-1] DEBUG org.apache.nifi.processors.standard.TailFile - TailFile[id=6884e455-1dd2-4a0b-8fd3-239adeacbce4] Found rolled off file target/log.txt but its last modified timestamp is before the cutoff (Last Mod = 1714613022366, Cutoff = 1714613022370) so will not consume it
[pool-4533-thread-1] DEBUG org.apache.nifi.processors.standard.TailFile - TailFile[id=6884e455-1dd2-4a0b-8fd3-239adeacbce4] Recovering Rolled Off Files; total number of files rolled off = 1
[pool-4533-thread-1] DEBUG org.apache.nifi.processors.standard.TailFile - TailFile[id=6884e455-1dd2-4a0b-8fd3-239adeacbce4] Checksum for target/log.1 matched expected checksum. Will skip first 14 bytes
[pool-4533-thread-1] DEBUG org.apache.nifi.processors.standard.TailFile - TailFile[id=6884e455-1dd2-4a0b-8fd3-239adeacbce4] Reading lines starting at position 14
[pool-4533-thread-1] DEBUG org.apache.nifi.processors.standard.TailFile - TailFile[id=6884e455-1dd2-4a0b-8fd3-239adeacbce4] Read 0 lines; repositioning reader from 15 to 14
[pool-4533-thread-1] DEBUG org.apache.nifi.processors.standard.TailFile - TailFile[id=6884e455-1dd2-4a0b-8fd3-239adeacbce4] File target/log.1 has been rolled over, but it was updated 96 millis ago, which is less than the configured Post-Rollover Tail Period (600000 ms), so will continue tailing
[pool-4533-thread-1] DEBUG org.apache.nifi.processors.standard.TailFile - TailFile[id=6884e455-1dd2-4a0b-8fd3-239adeacbce4] File target/log.txt was rolled over and the Rollover Tail Period is set, so will not consume from new file during this iteration.
[pool-4534-thread-1] DEBUG org.apache.nifi.processors.standard.TailFile - TailFile[id=6884e455-1dd2-4a0b-8fd3-239adeacbce4] Found rolled off file target/log.txt but its last modified timestamp is before the cutoff (Last Mod = 1714613022366, Cutoff = 1714613022370) so will not consume it
[pool-4534-thread-1] DEBUG org.apache.nifi.processors.standard.TailFile - TailFile[id=6884e455-1dd2-4a0b-8fd3-239adeacbce4] Recovering Rolled Off Files; total number of files rolled off = 1
[pool-4534-thread-1] DEBUG org.apache.nifi.processors.standard.TailFile - TailFile[id=6884e455-1dd2-4a0b-8fd3-239adeacbce4] Checksum for target/log.1 matched expected checksum. Will skip first 14 bytes
[pool-4534-thread-1] DEBUG org.apache.nifi.processors.standard.TailFile - TailFile[id=6884e455-1dd2-4a0b-8fd3-239adeacbce4] Reading lines starting at position 14
[pool-4534-thread-1] DEBUG org.apache.nifi.processors.standard.TailFile - TailFile[id=6884e455-1dd2-4a0b-8fd3-239adeacbce4] Read 0 lines; repositioning reader from 15 to 14
[pool-4534-thread-1] DEBUG org.apache.nifi.processors.standard.TailFile - TailFile[id=6884e455-1dd2-4a0b-8fd3-239adeacbce4] File target/log.1 has been rolled over, but it was updated 98 millis ago, which is less than the configured Post-Rollover Tail Period (600000 ms), so will continue tailing
[pool-4534-thread-1] DEBUG org.apache.nifi.processors.standard.TailFile - TailFile[id=6884e455-1dd2-4a0b-8fd3-239adeacbce4] File target/log.txt was rolled over and the Rollover Tail Period is set, so will not consume from new file during this iteration.
[pool-4535-thread-1] DEBUG org.apache.nifi.processors.standard.TailFile - TailFile[id=6884e455-1dd2-4a0b-8fd3-239adeacbce4] Found rolled off file target/log.txt but its last modified timestamp is before the cutoff (Last Mod = 1714613022366, Cutoff = 1714613022370) so will not consume it
[pool-4535-thread-1] DEBUG org.apache.nifi.processors.standard.TailFile - TailFile[id=6884e455-1dd2-4a0b-8fd3-239adeacbce4] Recovering Rolled Off Files; total number of files rolled off = 1
[pool-4535-thread-1] DEBUG org.apache.nifi.processors.standard.TailFile - TailFile[id=6884e455-1dd2-4a0b-8fd3-239adeacbce4] Checksum for target/log.1 matched expected checksum. Will skip first 14 bytes
[pool-4535-thread-1] DEBUG org.apache.nifi.processors.standard.TailFile - TailFile[id=6884e455-1dd2-4a0b-8fd3-239adeacbce4] Reading lines starting at position 14
[pool-4535-thread-1] DEBUG org.apache.nifi.processors.standard.TailFile - TailFile[id=6884e455-1dd2-4a0b-8fd3-239adeacbce4] Read 0 lines; repositioning reader from 15 to 14
[pool-4535-thread-1] DEBUG org.apache.nifi.processors.standard.TailFile - TailFile[id=6884e455-1dd2-4a0b-8fd3-239adeacbce4] File target/log.1 has been rolled over, but it was updated 100 millis ago, which is less than the configured Post-Rollover Tail Period (600000 ms), so will continue tailing
[pool-4535-thread-1] DEBUG org.apache.nifi.processors.standard.TailFile - TailFile[id=6884e455-1dd2-4a0b-8fd3-239adeacbce4] File target/log.txt was rolled over and the Rollover Tail Period is set, so will not consume from new file during this iteration.
[pool-4536-thread-1] DEBUG org.apache.nifi.processors.standard.TailFile - TailFile[id=6884e455-1dd2-4a0b-8fd3-239adeacbce4] Found rolled off file target/log.txt but its last modified timestamp is before the cutoff (Last Mod = 1714613022366, Cutoff = 1714613022370) so will not consume it
[pool-4536-thread-1] DEBUG org.apache.nifi.processors.standard.TailFile - TailFile[id=6884e455-1dd2-4a0b-8fd3-239adeacbce4] Recovering Rolled Off Files; total number of files rolled off = 1
[pool-4536-thread-1] DEBUG org.apache.nifi.processors.standard.TailFile - TailFile[id=6884e455-1dd2-4a0b-8fd3-239adeacbce4] Checksum for target/log.1 matched expected checksum. Will skip first 14 bytes
[pool-4536-thread-1] DEBUG org.apache.nifi.processors.standard.TailFile - TailFile[id=6884e455-1dd2-4a0b-8fd3-239adeacbce4] Reading lines starting at position 14
[pool-4536-thread-1] DEBUG org.apache.nifi.processors.standard.TailFile - TailFile[id=6884e455-1dd2-4a0b-8fd3-239adeacbce4] Read 0 lines; repositioning reader from 15 to 14
[pool-4536-thread-1] DEBUG org.apache.nifi.processors.standard.TailFile - TailFile[id=6884e455-1dd2-4a0b-8fd3-239adeacbce4] File target/log.1 has been rolled over, but it was updated 101 millis ago, which is less than the configured Post-Rollover Tail Period (600000 ms), so will continue tailing
[pool-4536-thread-1] DEBUG org.apache.nifi.processors.standard.TailFile - TailFile[id=6884e455-1dd2-4a0b-8fd3-239adeacbce4] File target/log.txt was rolled over and the Rollover Tail Period is set, so will not consume from new file during this iteration.
[pool-4537-thread-1] DEBUG org.apache.nifi.processors.standard.TailFile - TailFile[id=6884e455-1dd2-4a0b-8fd3-239adeacbce4] Found rolled off file target/log.txt but its last modified timestamp is before the cutoff (Last Mod = 1714613022366, Cutoff = 1714613022370) so will not consume it
[pool-4537-thread-1] DEBUG org.apache.nifi.processors.standard.TailFile - TailFile[id=6884e455-1dd2-4a0b-8fd3-239adeacbce4] Recovering Rolled Off Files; total number of files rolled off = 1
[pool-4537-thread-1] DEBUG org.apache.nifi.processors.standard.TailFile - TailFile[id=6884e455-1dd2-4a0b-8fd3-239adeacbce4] Checksum for target/log.1 matched expected checksum. Will skip first 14 bytes
[pool-4537-thread-1] DEBUG org.apache.nifi.processors.standard.TailFile - TailFile[id=6884e455-1dd2-4a0b-8fd3-239adeacbce4] Reading lines starting at position 14
[pool-4537-thread-1] DEBUG org.apache.nifi.processors.standard.TailFile - TailFile[id=6884e455-1dd2-4a0b-8fd3-239adeacbce4] Read 0 lines; repositioning reader from 15 to 14
[pool-4537-thread-1] DEBUG org.apache.nifi.processors.standard.TailFile - TailFile[id=6884e455-1dd2-4a0b-8fd3-239adeacbce4] File target/log.1 has been rolled over, but it was updated 103 millis ago, which is less than the configured Post-Rollover Tail Period (600000 ms), so will continue tailing
[pool-4537-thread-1] DEBUG org.apache.nifi.processors.standard.TailFile - TailFile[id=6884e455-1dd2-4a0b-8fd3-239adeacbce4] File target/log.txt was rolled over and the Rollover Tail Period is set, so will not consume from new file during this iteration.
[pool-4538-thread-1] DEBUG org.apache.nifi.processors.standard.TailFile - TailFile[id=6884e455-1dd2-4a0b-8fd3-239adeacbce4] Found rolled off file target/log.txt but its last modified timestamp is before the cutoff (Last Mod = 1714613022366, Cutoff = 1714613022370) so will not consume it
[pool-4538-thread-1] DEBUG org.apache.nifi.processors.standard.TailFile - TailFile[id=6884e455-1dd2-4a0b-8fd3-239adeacbce4] Recovering Rolled Off Files; total number of files rolled off = 1
[pool-4538-thread-1] DEBUG org.apache.nifi.processors.standard.TailFile - TailFile[id=6884e455-1dd2-4a0b-8fd3-239adeacbce4] Checksum for target/log.1 matched expected checksum. Will skip first 14 bytes
[pool-4538-thread-1] DEBUG org.apache.nifi.processors.standard.TailFile - TailFile[id=6884e455-1dd2-4a0b-8fd3-239adeacbce4] Reading lines starting at position 14
[pool-4538-thread-1] DEBUG org.apache.nifi.processors.standard.TailFile - TailFile[id=6884e455-1dd2-4a0b-8fd3-239adeacbce4] Read 0 lines; repositioning reader from 15 to 14
[pool-4538-thread-1] DEBUG org.apache.nifi.processors.standard.TailFile - TailFile[id=6884e455-1dd2-4a0b-8fd3-239adeacbce4] File target/log.1 has been rolled over, but it was updated 105 millis ago, which is less than the configured Post-Rollover Tail Period (600000 ms), so will continue tailing
[pool-4538-thread-1] DEBUG org.apache.nifi.processors.standard.TailFile - TailFile[id=6884e455-1dd2-4a0b-8fd3-239adeacbce4] File target/log.txt was rolled over and the Rollover Tail Period is set, so will not consume from new file during this iteration.
[pool-4539-thread-1] DEBUG org.apache.nifi.processors.standard.TailFile - TailFile[id=6884e455-1dd2-4a0b-8fd3-239adeacbce4] Found rolled off file target/log.txt but its last modified timestamp is before the cutoff (Last Mod = 1714613022366, Cutoff = 1714613022370) so will not consume it
[pool-4539-thread-1] DEBUG org.apache.nifi.processors.standard.TailFile - TailFile[id=6884e455-1dd2-4a0b-8fd3-239adeacbce4] Recovering Rolled Off Files; total number of files rolled off = 1
[pool-4539-thread-1] DEBUG org.apache.nifi.processors.standard.TailFile - TailFile[id=6884e455-1dd2-4a0b-8fd3-239adeacbce4] Checksum for target/log.1 matched expected checksum. Will skip first 14 bytes
[pool-4539-thread-1] DEBUG org.apache.nifi.processors.standard.TailFile - TailFile[id=6884e455-1dd2-4a0b-8fd3-239adeacbce4] Reading lines starting at position 14
[pool-4539-thread-1] DEBUG org.apache.nifi.processors.standard.TailFile - TailFile[id=6884e455-1dd2-4a0b-8fd3-239adeacbce4] Read 0 lines; repositioning reader from 15 to 14
[pool-4539-thread-1] DEBUG org.apache.nifi.processors.standard.TailFile - TailFile[id=6884e455-1dd2-4a0b-8fd3-239adeacbce4] File target/log.1 has been rolled over, but it was updated 106 millis ago, which is less than the configured Post-Rollover Tail Period (600000 ms), so will continue tailing
[pool-4539-thread-1] DEBUG org.apache.nifi.processors.standard.TailFile - TailFile[id=6884e455-1dd2-4a0b-8fd3-239adeacbce4] File target/log.txt was rolled over and the Rollover Tail Period is set, so will not consume from new file during this iteration.
[pool-4540-thread-1] DEBUG org.apache.nifi.processors.standard.TailFile - TailFile[id=6884e455-1dd2-4a0b-8fd3-239adeacbce4] Found rolled off file target/log.txt but its last modified timestamp is before the cutoff (Last Mod = 1714613022366, Cutoff = 1714613022370) so will not consume it
[pool-4540-thread-1] DEBUG org.apache.nifi.processors.standard.TailFile - TailFile[id=6884e455-1dd2-4a0b-8fd3-239adeacbce4] Recovering Rolled Off Files; total number of files rolled off = 1
[pool-4540-thread-1] DEBUG org.apache.nifi.processors.standard.TailFile - TailFile[id=6884e455-1dd2-4a0b-8fd3-239adeacbce4] Checksum for target/log.1 matched expected checksum. Will skip first 14 bytes
[pool-4540-thread-1] DEBUG org.apache.nifi.processors.standard.TailFile - TailFile[id=6884e455-1dd2-4a0b-8fd3-239adeacbce4] Reading lines starting at position 14
[pool-4540-thread-1] DEBUG org.apache.nifi.processors.standard.TailFile - TailFile[id=6884e455-1dd2-4a0b-8fd3-239adeacbce4] Read 0 lines; repositioning reader from 15 to 14
[pool-4540-thread-1] DEBUG org.apache.nifi.processors.standard.TailFile - TailFile[id=6884e455-1dd2-4a0b-8fd3-239adeacbce4] File target/log.1 has been rolled over, but it was updated 108 millis ago, which is less than the configured Post-Rollover Tail Period (600000 ms), so will continue tailing
[pool-4540-thread-1] DEBUG org.apache.nifi.processors.standard.TailFile - TailFile[id=6884e455-1dd2-4a0b-8fd3-239adeacbce4] File target/log.txt was rolled over and the Rollover Tail Period is set, so will not consume from new file during this iteration.
[pool-4541-thread-1] DEBUG org.apache.nifi.processors.standard.TailFile - TailFile[id=6884e455-1dd2-4a0b-8fd3-239adeacbce4] Found rolled off file target/log.txt but its last modified timestamp is before the cutoff (Last Mod = 1714613022366, Cutoff = 1714613022370) so will not consume it
[pool-4541-thread-1] DEBUG org.apache.nifi.processors.standard.TailFile - TailFile[id=6884e455-1dd2-4a0b-8fd3-239adeacbce4] Recovering Rolled Off Files; total number of files rolled off = 1
[pool-4541-thread-1] DEBUG org.apache.nifi.processors.standard.TailFile - TailFile[id=6884e455-1dd2-4a0b-8fd3-239adeacbce4] Checksum for target/log.1 matched expected checksum. Will skip first 14 bytes
[pool-4541-thread-1] DEBUG org.apache.nifi.processors.standard.TailFile - TailFile[id=6884e455-1dd2-4a0b-8fd3-239adeacbce4] Reading lines starting at position 14
[pool-4541-thread-1] DEBUG org.apache.nifi.processors.standard.TailFile - TailFile[id=6884e455-1dd2-4a0b-8fd3-239adeacbce4] Read 0 lines; repositioning reader from 15 to 14
[pool-4541-thread-1] DEBUG org.apache.nifi.processors.standard.TailFile - TailFile[id=6884e455-1dd2-4a0b-8fd3-239adeacbce4] File target/log.1 has been rolled over, but it was updated 110 millis ago, which is less than the configured Post-Rollover Tail Period (600000 ms), so will continue tailing
[pool-4541-thread-1] DEBUG org.apache.nifi.processors.standard.TailFile - TailFile[id=6884e455-1dd2-4a0b-8fd3-239adeacbce4] File target/log.txt was rolled over and the Rollover Tail Period is set, so will not consume from new file during this iteration.
[pool-4542-thread-1] DEBUG org.apache.nifi.processors.standard.TailFile - TailFile[id=6884e455-1dd2-4a0b-8fd3-239adeacbce4] Found rolled off file target/log.txt but its last modified timestamp is before the cutoff (Last Mod = 1714613022366, Cutoff = 1714613022370) so will not consume it
[pool-4542-thread-1] DEBUG org.apache.nifi.processors.standard.TailFile - TailFile[id=6884e455-1dd2-4a0b-8fd3-239adeacbce4] Recovering Rolled Off Files; total number of files rolled off = 1
[pool-4542-thread-1] DEBUG org.apache.nifi.processors.standard.TailFile - TailFile[id=6884e455-1dd2-4a0b-8fd3-239adeacbce4] Checksum for target/log.1 matched expected checksum. Will skip first 14 bytes
[pool-4542-thread-1] DEBUG org.apache.nifi.processors.standard.TailFile - TailFile[id=6884e455-1dd2-4a0b-8fd3-239adeacbce4] Reading lines starting at position 14
[pool-4542-thread-1] DEBUG org.apache.nifi.processors.standard.TailFile - TailFile[id=6884e455-1dd2-4a0b-8fd3-239adeacbce4] Read 0 lines; repositioning reader from 15 to 14
[pool-4542-thread-1] DEBUG org.apache.nifi.processors.standard.TailFile - TailFile[id=6884e455-1dd2-4a0b-8fd3-239adeacbce4] File target/log.1 has been rolled over, but it was updated 112 millis ago, which is less than the configured Post-Rollover Tail Period (600000 ms), so will continue tailing
[pool-4542-thread-1] DEBUG org.apache.nifi.processors.standard.TailFile - TailFile[id=6884e455-1dd2-4a0b-8fd3-239adeacbce4] File target/log.txt was rolled over and the Rollover Tail Period is set, so will not consume from new file during this iteration.
[pool-4543-thread-1] DEBUG org.apache.nifi.processors.standard.TailFile - TailFile[id=6884e455-1dd2-4a0b-8fd3-239adeacbce4] Found rolled off file target/log.txt but its last modified timestamp is before the cutoff (Last Mod = 1714613022366, Cutoff = 1714613022370) so will not consume it
[pool-4543-thread-1] DEBUG org.apache.nifi.processors.standard.TailFile - TailFile[id=6884e455-1dd2-4a0b-8fd3-239adeacbce4] Recovering Rolled Off Files; total number of files rolled off = 1
[pool-4543-thread-1] DEBUG org.apache.nifi.processors.standard.TailFile - TailFile[id=6884e455-1dd2-4a0b-8fd3-239adeacbce4] Checksum for target/log.1 matched expected checksum. Will skip first 14 bytes
[pool-4543-thread-1] DEBUG org.apache.nifi.processors.standard.TailFile - TailFile[id=6884e455-1dd2-4a0b-8fd3-239adeacbce4] Reading lines starting at position 14
[pool-4543-thread-1] DEBUG org.apache.nifi.processors.standard.TailFile - TailFile[id=6884e455-1dd2-4a0b-8fd3-239adeacbce4] Read 0 lines; repositioning reader from 15 to 14
[pool-4543-thread-1] DEBUG org.apache.nifi.processors.standard.TailFile - TailFile[id=6884e455-1dd2-4a0b-8fd3-239adeacbce4] File target/log.1 has been rolled over, but it was updated 114 millis ago, which is less than the configured Post-Rollover Tail Period (600000 ms), so will continue tailing
[pool-4543-thread-1] DEBUG org.apache.nifi.processors.standard.TailFile - TailFile[id=6884e455-1dd2-4a0b-8fd3-239adeacbce4] File target/log.txt was rolled over and the Rollover Tail Period is set, so will not consume from new file during this iteration.
[pool-4544-thread-1] DEBUG org.apache.nifi.processors.standard.TailFile - TailFile[id=6884e455-1dd2-4a0b-8fd3-239adeacbce4] Found rolled off file target/log.txt but its last modified timestamp is before the cutoff (Last Mod = 1714613022366, Cutoff = 1714613022370) so will not consume it
[pool-4544-thread-1] DEBUG org.apache.nifi.processors.standard.TailFile - TailFile[id=6884e455-1dd2-4a0b-8fd3-239adeacbce4] Recovering Rolled Off Files; total number of files rolled off = 1
[pool-4544-thread-1] DEBUG org.apache.nifi.processors.standard.TailFile - TailFile[id=6884e455-1dd2-4a0b-8fd3-239adeacbce4] Checksum for target/log.1 matched expected checksum. Will skip first 14 bytes
[pool-4544-thread-1] DEBUG org.apache.nifi.processors.standard.TailFile - TailFile[id=6884e455-1dd2-4a0b-8fd3-239adeacbce4] Reading lines starting at position 14
[pool-4544-thread-1] DEBUG org.apache.nifi.processors.standard.TailFile - TailFile[id=6884e455-1dd2-4a0b-8fd3-239adeacbce4] Read 0 lines; repositioning reader from 15 to 14
[pool-4544-thread-1] DEBUG org.apache.nifi.processors.standard.TailFile - TailFile[id=6884e455-1dd2-4a0b-8fd3-239adeacbce4] File target/log.1 has been rolled over, but it was updated 115 millis ago, which is less than the configured Post-Rollover Tail Period (600000 ms), so will continue tailing
[pool-4544-thread-1] DEBUG org.apache.nifi.processors.standard.TailFile - TailFile[id=6884e455-1dd2-4a0b-8fd3-239adeacbce4] File target/log.txt was rolled over and the Rollover Tail Period is set, so will not consume from new file during this iteration.
[pool-4545-thread-1] DEBUG org.apache.nifi.processors.standard.TailFile - TailFile[id=6884e455-1dd2-4a0b-8fd3-239adeacbce4] Found rolled off file target/log.txt but its last modified timestamp is before the cutoff (Last Mod = 1714613022366, Cutoff = 1714613022370) so will not consume it
[pool-4545-thread-1] DEBUG org.apache.nifi.processors.standard.TailFile - TailFile[id=6884e455-1dd2-4a0b-8fd3-239adeacbce4] Recovering Rolled Off Files; total number of files rolled off = 1
[pool-4545-thread-1] DEBUG org.apache.nifi.processors.standard.TailFile - TailFile[id=6884e455-1dd2-4a0b-8fd3-239adeacbce4] Checksum for target/log.1 matched expected checksum. Will skip first 14 bytes
[pool-4545-thread-1] DEBUG org.apache.nifi.processors.standard.TailFile - TailFile[id=6884e455-1dd2-4a0b-8fd3-239adeacbce4] Reading lines starting at position 14
[pool-4545-thread-1] DEBUG org.apache.nifi.processors.standard.TailFile - TailFile[id=6884e455-1dd2-4a0b-8fd3-239adeacbce4] Read 0 lines; repositioning reader from 15 to 14
[pool-4545-thread-1] DEBUG org.apache.nifi.processors.standard.TailFile - TailFile[id=6884e455-1dd2-4a0b-8fd3-239adeacbce4] File target/log.1 has been rolled over, but it was updated 117 millis ago, which is less than the configured Post-Rollover Tail Period (600000 ms), so will continue tailing
[pool-4545-thread-1] DEBUG org.apache.nifi.processors.standard.TailFile - TailFile[id=6884e455-1dd2-4a0b-8fd3-239adeacbce4] File target/log.txt was rolled over and the Rollover Tail Period is set, so will not consume from new file during this iteration.
[pool-4546-thread-1] DEBUG org.apache.nifi.processors.standard.TailFile - TailFile[id=6884e455-1dd2-4a0b-8fd3-239adeacbce4] Found rolled off file target/log.txt but its last modified timestamp is before the cutoff (Last Mod = 1714613022366, Cutoff = 1714613022370) so will not consume it
[pool-4546-thread-1] DEBUG org.apache.nifi.processors.standard.TailFile - TailFile[id=6884e455-1dd2-4a0b-8fd3-239adeacbce4] Recovering Rolled Off Files; total number of files rolled off = 1
[pool-4546-thread-1] DEBUG org.apache.nifi.processors.standard.TailFile - TailFile[id=6884e455-1dd2-4a0b-8fd3-239adeacbce4] Checksum for target/log.1 matched expected checksum. Will skip first 14 bytes
[pool-4546-thread-1] DEBUG org.apache.nifi.processors.standard.TailFile - TailFile[id=6884e455-1dd2-4a0b-8fd3-239adeacbce4] Reading lines starting at position 14
[pool-4546-thread-1] DEBUG org.apache.nifi.processors.standard.TailFile - TailFile[id=6884e455-1dd2-4a0b-8fd3-239adeacbce4] Read 0 lines; repositioning reader from 15 to 14
[pool-4546-thread-1] DEBUG org.apache.nifi.processors.standard.TailFile - TailFile[id=6884e455-1dd2-4a0b-8fd3-239adeacbce4] File target/log.1 has been rolled over, but it was updated 119 millis ago, which is less than the configured Post-Rollover Tail Period (600000 ms), so will continue tailing
[pool-4546-thread-1] DEBUG org.apache.nifi.processors.standard.TailFile - TailFile[id=6884e455-1dd2-4a0b-8fd3-239adeacbce4] File target/log.txt was rolled over and the Rollover Tail Period is set, so will not consume from new file during this iteration.
[pool-4547-thread-1] DEBUG org.apache.nifi.processors.standard.TailFile - TailFile[id=6884e455-1dd2-4a0b-8fd3-239adeacbce4] Found rolled off file target/log.txt but its last modified timestamp is before the cutoff (Last Mod = 1714613022366, Cutoff = 1714613022370) so will not consume it
[pool-4547-thread-1] DEBUG org.apache.nifi.processors.standard.TailFile - TailFile[id=6884e455-1dd2-4a0b-8fd3-239adeacbce4] Recovering Rolled Off Files; total number of files rolled off = 1
[pool-4547-thread-1] DEBUG org.apache.nifi.processors.standard.TailFile - TailFile[id=6884e455-1dd2-4a0b-8fd3-239adeacbce4] Checksum for target/log.1 matched expected checksum. Will skip first 14 bytes
[pool-4547-thread-1] DEBUG org.apache.nifi.processors.standard.TailFile - TailFile[id=6884e455-1dd2-4a0b-8fd3-239adeacbce4] Reading lines starting at position 14
[pool-4547-thread-1] DEBUG org.apache.nifi.processors.standard.TailFile - TailFile[id=6884e455-1dd2-4a0b-8fd3-239adeacbce4] Read 0 lines; repositioning reader from 15 to 14
[pool-4547-thread-1] DEBUG org.apache.nifi.processors.standard.TailFile - TailFile[id=6884e455-1dd2-4a0b-8fd3-239adeacbce4] File target/log.1 has been rolled over, but it was updated 120 millis ago, which is less than the configured Post-Rollover Tail Period (600000 ms), so will continue tailing
[pool-4547-thread-1] DEBUG org.apache.nifi.processors.standard.TailFile - TailFile[id=6884e455-1dd2-4a0b-8fd3-239adeacbce4] File target/log.txt was rolled over and the Rollover Tail Period is set, so will not consume from new file during this iteration.
[pool-4548-thread-1] DEBUG org.apache.nifi.processors.standard.TailFile - TailFile[id=6884e455-1dd2-4a0b-8fd3-239adeacbce4] Found rolled off file target/log.txt but its last modified timestamp is before the cutoff (Last Mod = 1714613022366, Cutoff = 1714613022370) so will not consume it
[pool-4548-thread-1] DEBUG org.apache.nifi.processors.standard.TailFile - TailFile[id=6884e455-1dd2-4a0b-8fd3-239adeacbce4] Recovering Rolled Off Files; total number of files rolled off = 1
[pool-4548-thread-1] DEBUG org.apache.nifi.processors.standard.TailFile - TailFile[id=6884e455-1dd2-4a0b-8fd3-239adeacbce4] Checksum for target/log.1 matched expected checksum. Will skip first 14 bytes
[pool-4548-thread-1] DEBUG org.apache.nifi.processors.standard.TailFile - TailFile[id=6884e455-1dd2-4a0b-8fd3-239adeacbce4] Reading lines starting at position 14
[pool-4548-thread-1] DEBUG org.apache.nifi.processors.standard.TailFile - TailFile[id=6884e455-1dd2-4a0b-8fd3-239adeacbce4] Read 0 lines; repositioning reader from 15 to 14
[pool-4548-thread-1] DEBUG org.apache.nifi.processors.standard.TailFile - TailFile[id=6884e455-1dd2-4a0b-8fd3-239adeacbce4] File target/log.1 has been rolled over, but it was updated 122 millis ago, which is less than the configured Post-Rollover Tail Period (600000 ms), so will continue tailing
[pool-4548-thread-1] DEBUG org.apache.nifi.processors.standard.TailFile - TailFile[id=6884e455-1dd2-4a0b-8fd3-239adeacbce4] File target/log.txt was rolled over and the Rollover Tail Period is set, so will not consume from new file during this iteration.
[pool-4549-thread-1] DEBUG org.apache.nifi.processors.standard.TailFile - TailFile[id=6884e455-1dd2-4a0b-8fd3-239adeacbce4] Found rolled off file target/log.txt but its last modified timestamp is before the cutoff (Last Mod = 1714613022366, Cutoff = 1714613022370) so will not consume it
[pool-4549-thread-1] DEBUG org.apache.nifi.processors.standard.TailFile - TailFile[id=6884e455-1dd2-4a0b-8fd3-239adeacbce4] Recovering Rolled Off Files; total number of files rolled off = 1
[pool-4549-thread-1] DEBUG org.apache.nifi.processors.standard.TailFile - TailFile[id=6884e455-1dd2-4a0b-8fd3-239adeacbce4] Checksum for target/log.1 matched expected checksum. Will skip first 14 bytes
[pool-4549-thread-1] DEBUG org.apache.nifi.processors.standard.TailFile - TailFile[id=6884e455-1dd2-4a0b-8fd3-239adeacbce4] Reading lines starting at position 14
[pool-4549-thread-1] DEBUG org.apache.nifi.processors.standard.TailFile - TailFile[id=6884e455-1dd2-4a0b-8fd3-239adeacbce4] Read 0 lines; repositioning reader from 15 to 14
[pool-4549-thread-1] DEBUG org.apache.nifi.processors.standard.TailFile - TailFile[id=6884e455-1dd2-4a0b-8fd3-239adeacbce4] File target/log.1 has been rolled over, but it was updated 124 millis ago, which is less than the configured Post-Rollover Tail Period (600000 ms), so will continue tailing
[pool-4549-thread-1] DEBUG org.apache.nifi.processors.standard.TailFile - TailFile[id=6884e455-1dd2-4a0b-8fd3-239adeacbce4] File target/log.txt was rolled over and the Rollover Tail Period is set, so will not consume from new file during this iteration.
[pool-4550-thread-1] DEBUG org.apache.nifi.processors.standard.TailFile - TailFile[id=6884e455-1dd2-4a0b-8fd3-239adeacbce4] Found rolled off file target/log.txt but its last modified timestamp is before the cutoff (Last Mod = 1714613022366, Cutoff = 1714613022370) so will not consume it
[pool-4550-thread-1] DEBUG org.apache.nifi.processors.standard.TailFile - TailFile[id=6884e455-1dd2-4a0b-8fd3-239adeacbce4] Recovering Rolled Off Files; total number of files rolled off = 1
[pool-4550-thread-1] DEBUG org.apache.nifi.processors.standard.TailFile - TailFile[id=6884e455-1dd2-4a0b-8fd3-239adeacbce4] Checksum for target/log.1 matched expected checksum. Will skip first 14 bytes
[pool-4550-thread-1] DEBUG org.apache.nifi.processors.standard.TailFile - TailFile[id=6884e455-1dd2-4a0b-8fd3-239adeacbce4] Reading lines starting at position 14
[pool-4550-thread-1] DEBUG org.apache.nifi.processors.standard.TailFile - TailFile[id=6884e455-1dd2-4a0b-8fd3-239adeacbce4] Read 0 lines; repositioning reader from 15 to 14
[pool-4550-thread-1] DEBUG org.apache.nifi.processors.standard.TailFile - TailFile[id=6884e455-1dd2-4a0b-8fd3-239adeacbce4] File target/log.1 has been rolled over, but it was updated 126 millis ago, which is less than the configured Post-Rollover Tail Period (600000 ms), so will continue tailing
[pool-4550-thread-1] DEBUG org.apache.nifi.processors.standard.TailFile - TailFile[id=6884e455-1dd2-4a0b-8fd3-239adeacbce4] File target/log.txt was rolled over and the Rollover Tail Period is set, so will not consume from new file during this iteration.
[pool-4551-thread-1] DEBUG org.apache.nifi.processors.standard.TailFile - TailFile[id=6884e455-1dd2-4a0b-8fd3-239adeacbce4] Found rolled off file target/log.txt but its last modified timestamp is before the cutoff (Last Mod = 1714613022366, Cutoff = 1714613022370) so will not consume it
[pool-4551-thread-1] DEBUG org.apache.nifi.processors.standard.TailFile - TailFile[id=6884e455-1dd2-4a0b-8fd3-239adeacbce4] Recovering Rolled Off Files; total number of files rolled off = 1
[pool-4551-thread-1] DEBUG org.apache.nifi.processors.standard.TailFile - TailFile[id=6884e455-1dd2-4a0b-8fd3-239adeacbce4] Checksum for target/log.1 matched expected checksum. Will skip first 14 bytes
[pool-4551-thread-1] DEBUG org.apache.nifi.processors.standard.TailFile - TailFile[id=6884e455-1dd2-4a0b-8fd3-239adeacbce4] Reading lines starting at position 14
[pool-4551-thread-1] DEBUG org.apache.nifi.processors.standard.TailFile - TailFile[id=6884e455-1dd2-4a0b-8fd3-239adeacbce4] Read 0 lines; repositioning reader from 15 to 14
[pool-4551-thread-1] DEBUG org.apache.nifi.processors.standard.TailFile - TailFile[id=6884e455-1dd2-4a0b-8fd3-239adeacbce4] File target/log.1 has been rolled over, but it was updated 128 millis ago, which is less than the configured Post-Rollover Tail Period (600000 ms), so will continue tailing
[pool-4551-thread-1] DEBUG org.apache.nifi.processors.standard.TailFile - TailFile[id=6884e455-1dd2-4a0b-8fd3-239adeacbce4] File target/log.txt was rolled over and the Rollover Tail Period is set, so will not consume from new file during this iteration.
[pool-4552-thread-1] DEBUG org.apache.nifi.processors.standard.TailFile - TailFile[id=6884e455-1dd2-4a0b-8fd3-239adeacbce4] Found rolled off file target/log.txt but its last modified timestamp is before the cutoff (Last Mod = 1714613022366, Cutoff = 1714613022370) so will not consume it
[pool-4552-thread-1] DEBUG org.apache.nifi.processors.standard.TailFile - TailFile[id=6884e455-1dd2-4a0b-8fd3-239adeacbce4] Recovering Rolled Off Files; total number of files rolled off = 1
[pool-4552-thread-1] DEBUG org.apache.nifi.processors.standard.TailFile - TailFile[id=6884e455-1dd2-4a0b-8fd3-239adeacbce4] Checksum for target/log.1 matched expected checksum. Will skip first 14 bytes
[pool-4552-thread-1] DEBUG org.apache.nifi.processors.standard.TailFile - TailFile[id=6884e455-1dd2-4a0b-8fd3-239adeacbce4] Reading lines starting at position 14
[pool-4552-thread-1] DEBUG org.apache.nifi.processors.standard.TailFile - TailFile[id=6884e455-1dd2-4a0b-8fd3-239adeacbce4] Read 0 lines; repositioning reader from 15 to 14
[pool-4552-thread-1] DEBUG org.apache.nifi.processors.standard.TailFile - TailFile[id=6884e455-1dd2-4a0b-8fd3-239adeacbce4] File target/log.1 has been rolled over, but it was updated 130 millis ago, which is less than the configured Post-Rollover Tail Period (600000 ms), so will continue tailing
[pool-4552-thread-1] DEBUG org.apache.nifi.processors.standard.TailFile - TailFile[id=6884e455-1dd2-4a0b-8fd3-239adeacbce4] File target/log.txt was rolled over and the Rollover Tail Period is set, so will not consume from new file during this iteration.
[pool-4553-thread-1] DEBUG org.apache.nifi.processors.standard.TailFile - TailFile[id=6884e455-1dd2-4a0b-8fd3-239adeacbce4] Found rolled off file target/log.txt but its last modified timestamp is before the cutoff (Last Mod = 1714613022366, Cutoff = 1714613022370) so will not consume it
[pool-4553-thread-1] DEBUG org.apache.nifi.processors.standard.TailFile - TailFile[id=6884e455-1dd2-4a0b-8fd3-239adeacbce4] Recovering Rolled Off Files; total number of files rolled off = 1
[pool-4553-thread-1] DEBUG org.apache.nifi.processors.standard.TailFile - TailFile[id=6884e455-1dd2-4a0b-8fd3-239adeacbce4] Checksum for target/log.1 matched expected checksum. Will skip first 14 bytes
[pool-4553-thread-1] DEBUG org.apache.nifi.processors.standard.TailFile - TailFile[id=6884e455-1dd2-4a0b-8fd3-239adeacbce4] Reading lines starting at position 14
[pool-4553-thread-1] DEBUG org.apache.nifi.processors.standard.TailFile - TailFile[id=6884e455-1dd2-4a0b-8fd3-239adeacbce4] Read 0 lines; repositioning reader from 15 to 14
[pool-4553-thread-1] DEBUG org.apache.nifi.processors.standard.TailFile - TailFile[id=6884e455-1dd2-4a0b-8fd3-239adeacbce4] File target/log.1 has been rolled over, but it was updated 131 millis ago, which is less than the configured Post-Rollover Tail Period (600000 ms), so will continue tailing
[pool-4553-thread-1] DEBUG org.apache.nifi.processors.standard.TailFile - TailFile[id=6884e455-1dd2-4a0b-8fd3-239adeacbce4] File target/log.txt was rolled over and the Rollover Tail Period is set, so will not consume from new file during this iteration.
[pool-4554-thread-1] DEBUG org.apache.nifi.processors.standard.TailFile - TailFile[id=6884e455-1dd2-4a0b-8fd3-239adeacbce4] Found rolled off file target/log.txt but its last modified timestamp is before the cutoff (Last Mod = 1714613022366, Cutoff = 1714613022370) so will not consume it
[pool-4554-thread-1] DEBUG org.apache.nifi.processors.standard.TailFile - TailFile[id=6884e455-1dd2-4a0b-8fd3-239adeacbce4] Recovering Rolled Off Files; total number of files rolled off = 1
[pool-4554-thread-1] DEBUG org.apache.nifi.processors.standard.TailFile - TailFile[id=6884e455-1dd2-4a0b-8fd3-239adeacbce4] Checksum for target/log.1 matched expected checksum. Will skip first 14 bytes
[pool-4554-thread-1] DEBUG org.apache.nifi.processors.standard.TailFile - TailFile[id=6884e455-1dd2-4a0b-8fd3-239adeacbce4] Reading lines starting at position 14
[pool-4554-thread-1] DEBUG org.apache.nifi.processors.standard.TailFile - TailFile[id=6884e455-1dd2-4a0b-8fd3-239adeacbce4] Read 0 lines; repositioning reader from 15 to 14
[pool-4554-thread-1] DEBUG org.apache.nifi.processors.standard.TailFile - TailFile[id=6884e455-1dd2-4a0b-8fd3-239adeacbce4] File target/log.1 has been rolled over, but it was updated 133 millis ago, which is less than the configured Post-Rollover Tail Period (600000 ms), so will continue tailing
[pool-4554-thread-1] DEBUG org.apache.nifi.processors.standard.TailFile - TailFile[id=6884e455-1dd2-4a0b-8fd3-239adeacbce4] File target/log.txt was rolled over and the Rollover Tail Period is set, so will not consume from new file during this iteration.
[pool-4555-thread-1] DEBUG org.apache.nifi.processors.standard.TailFile - TailFile[id=6884e455-1dd2-4a0b-8fd3-239adeacbce4] Found rolled off file target/log.txt but its last modified timestamp is before the cutoff (Last Mod = 1714613022366, Cutoff = 1714613022370) so will not consume it
[pool-4555-thread-1] DEBUG org.apache.nifi.processors.standard.TailFile - TailFile[id=6884e455-1dd2-4a0b-8fd3-239adeacbce4] Recovering Rolled Off Files; total number of files rolled off = 1
[pool-4555-thread-1] DEBUG org.apache.nifi.processors.standard.TailFile - TailFile[id=6884e455-1dd2-4a0b-8fd3-239adeacbce4] Checksum for target/log.1 matched expected checksum. Will skip first 14 bytes
[pool-4555-thread-1] DEBUG org.apache.nifi.processors.standard.TailFile - TailFile[id=6884e455-1dd2-4a0b-8fd3-239adeacbce4] Reading lines starting at position 14
[pool-4555-thread-1] DEBUG org.apache.nifi.processors.standard.TailFile - TailFile[id=6884e455-1dd2-4a0b-8fd3-239adeacbce4] Read 0 lines; repositioning reader from 15 to 14
[pool-4555-thread-1] DEBUG org.apache.nifi.processors.standard.TailFile - TailFile[id=6884e455-1dd2-4a0b-8fd3-239adeacbce4] File target/log.1 has been rolled over, but it was updated 135 millis ago, which is less than the configured Post-Rollover Tail Period (600000 ms), so will continue tailing
[pool-4555-thread-1] DEBUG org.apache.nifi.processors.standard.TailFile - TailFile[id=6884e455-1dd2-4a0b-8fd3-239adeacbce4] File target/log.txt was rolled over and the Rollover Tail Period is set, so will not consume from new file during this iteration.
[pool-4556-thread-1] DEBUG org.apache.nifi.processors.standard.TailFile - TailFile[id=6884e455-1dd2-4a0b-8fd3-239adeacbce4] Found rolled off file target/log.txt but its last modified timestamp is before the cutoff (Last Mod = 1714613022366, Cutoff = 1714613022370) so will not consume it
[pool-4556-thread-1] DEBUG org.apache.nifi.processors.standard.TailFile - TailFile[id=6884e455-1dd2-4a0b-8fd3-239adeacbce4] Recovering Rolled Off Files; total number of files rolled off = 1
[pool-4556-thread-1] DEBUG org.apache.nifi.processors.standard.TailFile - TailFile[id=6884e455-1dd2-4a0b-8fd3-239adeacbce4] Checksum for target/log.1 matched expected checksum. Will skip first 14 bytes
[pool-4556-thread-1] DEBUG org.apache.nifi.processors.standard.TailFile - TailFile[id=6884e455-1dd2-4a0b-8fd3-239adeacbce4] Reading lines starting at position 14
[pool-4556-thread-1] DEBUG org.apache.nifi.processors.standard.TailFile - TailFile[id=6884e455-1dd2-4a0b-8fd3-239adeacbce4] Read 0 lines; repositioning reader from 15 to 14
[pool-4556-thread-1] DEBUG org.apache.nifi.processors.standard.TailFile - TailFile[id=6884e455-1dd2-4a0b-8fd3-239adeacbce4] File target/log.1 has been rolled over, but it was updated 137 millis ago, which is less than the configured Post-Rollover Tail Period (600000 ms), so will continue tailing
[pool-4556-thread-1] DEBUG org.apache.nifi.processors.standard.TailFile - TailFile[id=6884e455-1dd2-4a0b-8fd3-239adeacbce4] File target/log.txt was rolled over and the Rollover Tail Period is set, so will not consume from new file during this iteration.
[pool-4557-thread-1] DEBUG org.apache.nifi.processors.standard.TailFile - TailFile[id=6884e455-1dd2-4a0b-8fd3-239adeacbce4] Found rolled off file target/log.txt but its last modified timestamp is before the cutoff (Last Mod = 1714613022366, Cutoff = 1714613022370) so will not consume it
[pool-4557-thread-1] DEBUG org.apache.nifi.processors.standard.TailFile - TailFile[id=6884e455-1dd2-4a0b-8fd3-239adeacbce4] Recovering Rolled Off Files; total number of files rolled off = 1
[pool-4557-thread-1] DEBUG org.apache.nifi.processors.standard.TailFile - TailFile[id=6884e455-1dd2-4a0b-8fd3-239adeacbce4] Checksum for target/log.1 matched expected checksum. Will skip first 14 bytes
[pool-4557-thread-1] DEBUG org.apache.nifi.processors.standard.TailFile - TailFile[id=6884e455-1dd2-4a0b-8fd3-239adeacbce4] Reading lines starting at position 14
[pool-4557-thread-1] DEBUG org.apache.nifi.processors.standard.TailFile - TailFile[id=6884e455-1dd2-4a0b-8fd3-239adeacbce4] Read 0 lines; repositioning reader from 15 to 14
[pool-4557-thread-1] DEBUG org.apache.nifi.processors.standard.TailFile - TailFile[id=6884e455-1dd2-4a0b-8fd3-239adeacbce4] File target/log.1 has been rolled over, but it was updated 139 millis ago, which is less than the configured Post-Rollover Tail Period (600000 ms), so will continue tailing
[pool-4557-thread-1] DEBUG org.apache.nifi.processors.standard.TailFile - TailFile[id=6884e455-1dd2-4a0b-8fd3-239adeacbce4] File target/log.txt was rolled over and the Rollover Tail Period is set, so will not consume from new file during this iteration.
[pool-4558-thread-1] DEBUG org.apache.nifi.processors.standard.TailFile - TailFile[id=6884e455-1dd2-4a0b-8fd3-239adeacbce4] Found rolled off file target/log.txt but its last modified timestamp is before the cutoff (Last Mod = 1714613022366, Cutoff = 1714613022370) so will not consume it
[pool-4558-thread-1] DEBUG org.apache.nifi.processors.standard.TailFile - TailFile[id=6884e455-1dd2-4a0b-8fd3-239adeacbce4] Recovering Rolled Off Files; total number of files rolled off = 1
[pool-4558-thread-1] DEBUG org.apache.nifi.processors.standard.TailFile - TailFile[id=6884e455-1dd2-4a0b-8fd3-239adeacbce4] Checksum for target/log.1 matched expected checksum. Will skip first 14 bytes
[pool-4558-thread-1] DEBUG org.apache.nifi.processors.standard.TailFile - TailFile[id=6884e455-1dd2-4a0b-8fd3-239adeacbce4] Reading lines starting at position 14
[pool-4558-thread-1] DEBUG org.apache.nifi.processors.standard.TailFile - TailFile[id=6884e455-1dd2-4a0b-8fd3-239adeacbce4] Read 0 lines; repositioning reader from 15 to 14
[pool-4558-thread-1] DEBUG org.apache.nifi.processors.standard.TailFile - TailFile[id=6884e455-1dd2-4a0b-8fd3-239adeacbce4] File target/log.1 has been rolled over, but it was updated 141 millis ago, which is less than the configured Post-Rollover Tail Period (600000 ms), so will continue tailing
[pool-4558-thread-1] DEBUG org.apache.nifi.processors.standard.TailFile - TailFile[id=6884e455-1dd2-4a0b-8fd3-239adeacbce4] File target/log.txt was rolled over and the Rollover Tail Period is set, so will not consume from new file during this iteration.
[pool-4559-thread-1] DEBUG org.apache.nifi.processors.standard.TailFile - TailFile[id=6884e455-1dd2-4a0b-8fd3-239adeacbce4] Found rolled off file target/log.txt but its last modified timestamp is before the cutoff (Last Mod = 1714613022366, Cutoff = 1714613022370) so will not consume it
[pool-4559-thread-1] DEBUG org.apache.nifi.processors.standard.TailFile - TailFile[id=6884e455-1dd2-4a0b-8fd3-239adeacbce4] Recovering Rolled Off Files; total number of files rolled off = 1
[pool-4559-thread-1] DEBUG org.apache.nifi.processors.standard.TailFile - TailFile[id=6884e455-1dd2-4a0b-8fd3-239adeacbce4] Checksum for target/log.1 matched expected checksum. Will skip first 14 bytes
[pool-4559-thread-1] DEBUG org.apache.nifi.processors.standard.TailFile - TailFile[id=6884e455-1dd2-4a0b-8fd3-239adeacbce4] Reading lines starting at position 14
[pool-4559-thread-1] DEBUG org.apache.nifi.processors.standard.TailFile - TailFile[id=6884e455-1dd2-4a0b-8fd3-239adeacbce4] Read 0 lines; repositioning reader from 15 to 14
[pool-4559-thread-1] DEBUG org.apache.nifi.processors.standard.TailFile - TailFile[id=6884e455-1dd2-4a0b-8fd3-239adeacbce4] File target/log.1 has been rolled over, but it was updated 142 millis ago, which is less than the configured Post-Rollover Tail Period (600000 ms), so will continue tailing
[pool-4559-thread-1] DEBUG org.apache.nifi.processors.standard.TailFile - TailFile[id=6884e455-1dd2-4a0b-8fd3-239adeacbce4] File target/log.txt was rolled over and the Rollover Tail Period is set, so will not consume from new file during this iteration.
[pool-4560-thread-1] DEBUG org.apache.nifi.processors.standard.TailFile - TailFile[id=6884e455-1dd2-4a0b-8fd3-239adeacbce4] Found rolled off file target/log.txt but its last modified timestamp is before the cutoff (Last Mod = 1714613022366, Cutoff = 1714613022370) so will not consume it
[pool-4560-thread-1] DEBUG org.apache.nifi.processors.standard.TailFile - TailFile[id=6884e455-1dd2-4a0b-8fd3-239adeacbce4] Recovering Rolled Off Files; total number of files rolled off = 1
[pool-4560-thread-1] DEBUG org.apache.nifi.processors.standard.TailFile - TailFile[id=6884e455-1dd2-4a0b-8fd3-239adeacbce4] Checksum for target/log.1 matched expected checksum. Will skip first 14 bytes
[pool-4560-thread-1] DEBUG org.apache.nifi.processors.standard.TailFile - TailFile[id=6884e455-1dd2-4a0b-8fd3-239adeacbce4] Reading lines starting at position 14
[pool-4560-thread-1] DEBUG org.apache.nifi.processors.standard.TailFile - TailFile[id=6884e455-1dd2-4a0b-8fd3-239adeacbce4] Read 0 lines; repositioning reader from 15 to 14
[pool-4560-thread-1] DEBUG org.apache.nifi.processors.standard.TailFile - TailFile[id=6884e455-1dd2-4a0b-8fd3-239adeacbce4] File target/log.1 has been rolled over, but it was updated 144 millis ago, which is less than the configured Post-Rollover Tail Period (600000 ms), so will continue tailing
[pool-4560-thread-1] DEBUG org.apache.nifi.processors.standard.TailFile - TailFile[id=6884e455-1dd2-4a0b-8fd3-239adeacbce4] File target/log.txt was rolled over and the Rollover Tail Period is set, so will not consume from new file during this iteration.
[pool-4561-thread-1] DEBUG org.apache.nifi.processors.standard.TailFile - TailFile[id=6884e455-1dd2-4a0b-8fd3-239adeacbce4] Found rolled off file target/log.txt but its last modified timestamp is before the cutoff (Last Mod = 1714613022366, Cutoff = 1714613022370) so will not consume it
[pool-4561-thread-1] DEBUG org.apache.nifi.processors.standard.TailFile - TailFile[id=6884e455-1dd2-4a0b-8fd3-239adeacbce4] Recovering Rolled Off Files; total number of files rolled off = 1
[pool-4561-thread-1] DEBUG org.apache.nifi.processors.standard.TailFile - TailFile[id=6884e455-1dd2-4a0b-8fd3-239adeacbce4] Checksum for target/log.1 matched expected checksum. Will skip first 14 bytes
[pool-4561-thread-1] DEBUG org.apache.nifi.processors.standard.TailFile - TailFile[id=6884e455-1dd2-4a0b-8fd3-239adeacbce4] Reading lines starting at position 14
[pool-4561-thread-1] DEBUG org.apache.nifi.processors.standard.TailFile - TailFile[id=6884e455-1dd2-4a0b-8fd3-239adeacbce4] Read 0 lines; repositioning reader from 15 to 14
[pool-4561-thread-1] DEBUG org.apache.nifi.processors.standard.TailFile - TailFile[id=6884e455-1dd2-4a0b-8fd3-239adeacbce4] File target/log.1 has been rolled over, but it was updated 146 millis ago, which is less than the configured Post-Rollover Tail Period (600000 ms), so will continue tailing
[pool-4561-thread-1] DEBUG org.apache.nifi.processors.standard.TailFile - TailFile[id=6884e455-1dd2-4a0b-8fd3-239adeacbce4] File target/log.txt was rolled over and the Rollover Tail Period is set, so will not consume from new file during this iteration.
[pool-4562-thread-1] DEBUG org.apache.nifi.processors.standard.TailFile - TailFile[id=6884e455-1dd2-4a0b-8fd3-239adeacbce4] Found rolled off file target/log.txt but its last modified timestamp is before the cutoff (Last Mod = 1714613022366, Cutoff = 1714613022370) so will not consume it
[pool-4562-thread-1] DEBUG org.apache.nifi.processors.standard.TailFile - TailFile[id=6884e455-1dd2-4a0b-8fd3-239adeacbce4] Recovering Rolled Off Files; total number of files rolled off = 1
[pool-4562-thread-1] DEBUG org.apache.nifi.processors.standard.TailFile - TailFile[id=6884e455-1dd2-4a0b-8fd3-239adeacbce4] Checksum for target/log.1 matched expected checksum. Will skip first 14 bytes
[pool-4562-thread-1] DEBUG org.apache.nifi.processors.standard.TailFile - TailFile[id=6884e455-1dd2-4a0b-8fd3-239adeacbce4] Reading lines starting at position 14
[pool-4562-thread-1] DEBUG org.apache.nifi.processors.standard.TailFile - TailFile[id=6884e455-1dd2-4a0b-8fd3-239adeacbce4] Read 0 lines; repositioning reader from 15 to 14
[pool-4562-thread-1] DEBUG org.apache.nifi.processors.standard.TailFile - TailFile[id=6884e455-1dd2-4a0b-8fd3-239adeacbce4] File target/log.1 has been rolled over, but it was updated 148 millis ago, which is less than the configured Post-Rollover Tail Period (600000 ms), so will continue tailing
[pool-4562-thread-1] DEBUG org.apache.nifi.processors.standard.TailFile - TailFile[id=6884e455-1dd2-4a0b-8fd3-239adeacbce4] File target/log.txt was rolled over and the Rollover Tail Period is set, so will not consume from new file during this iteration.
[pool-4563-thread-1] DEBUG org.apache.nifi.processors.standard.TailFile - TailFile[id=6884e455-1dd2-4a0b-8fd3-239adeacbce4] Found rolled off file target/log.txt but its last modified timestamp is before the cutoff (Last Mod = 1714613022366, Cutoff = 1714613022370) so will not consume it
[pool-4563-thread-1] DEBUG org.apache.nifi.processors.standard.TailFile - TailFile[id=6884e455-1dd2-4a0b-8fd3-239adeacbce4] Recovering Rolled Off Files; total number of files rolled off = 1
[pool-4563-thread-1] DEBUG org.apache.nifi.processors.standard.TailFile - TailFile[id=6884e455-1dd2-4a0b-8fd3-239adeacbce4] Checksum for target/log.1 matched expected checksum. Will skip first 14 bytes
[pool-4563-thread-1] DEBUG org.apache.nifi.processors.standard.TailFile - TailFile[id=6884e455-1dd2-4a0b-8fd3-239adeacbce4] Reading lines starting at position 14
[pool-4563-thread-1] DEBUG org.apache.nifi.processors.standard.TailFile - TailFile[id=6884e455-1dd2-4a0b-8fd3-239adeacbce4] Read 0 lines; repositioning reader from 15 to 14
[pool-4563-thread-1] DEBUG org.apache.nifi.processors.standard.TailFile - TailFile[id=6884e455-1dd2-4a0b-8fd3-239adeacbce4] File target/log.1 has been rolled over, but it was updated 149 millis ago, which is less than the configured Post-Rollover Tail Period (600000 ms), so will continue tailing
[pool-4563-thread-1] DEBUG org.apache.nifi.processors.standard.TailFile - TailFile[id=6884e455-1dd2-4a0b-8fd3-239adeacbce4] File target/log.txt was rolled over and the Rollover Tail Period is set, so will not consume from new file during this iteration.
[pool-4564-thread-1] DEBUG org.apache.nifi.processors.standard.TailFile - TailFile[id=6884e455-1dd2-4a0b-8fd3-239adeacbce4] Found rolled off file target/log.txt but its last modified timestamp is before the cutoff (Last Mod = 1714613022366, Cutoff = 1714613022370) so will not consume it
[pool-4564-thread-1] DEBUG org.apache.nifi.processors.standard.TailFile - TailFile[id=6884e455-1dd2-4a0b-8fd3-239adeacbce4] Recovering Rolled Off Files; total number of files rolled off = 1
[pool-4564-thread-1] DEBUG org.apache.nifi.processors.standard.TailFile - TailFile[id=6884e455-1dd2-4a0b-8fd3-239adeacbce4] Checksum for target/log.1 matched expected checksum. Will skip first 14 bytes
[pool-4564-thread-1] DEBUG org.apache.nifi.processors.standard.TailFile - TailFile[id=6884e455-1dd2-4a0b-8fd3-239adeacbce4] Reading lines starting at position 14
[pool-4564-thread-1] DEBUG org.apache.nifi.processors.standard.TailFile - TailFile[id=6884e455-1dd2-4a0b-8fd3-239adeacbce4] Read 0 lines; repositioning reader from 15 to 14
[pool-4564-thread-1] DEBUG org.apache.nifi.processors.standard.TailFile - TailFile[id=6884e455-1dd2-4a0b-8fd3-239adeacbce4] File target/log.1 has been rolled over, but it was updated 151 millis ago, which is less than the configured Post-Rollover Tail Period (600000 ms), so will continue tailing
[pool-4564-thread-1] DEBUG org.apache.nifi.processors.standard.TailFile - TailFile[id=6884e455-1dd2-4a0b-8fd3-239adeacbce4] File target/log.txt was rolled over and the Rollover Tail Period is set, so will not consume from new file during this iteration.
[pool-4565-thread-1] DEBUG org.apache.nifi.processors.standard.TailFile - TailFile[id=6884e455-1dd2-4a0b-8fd3-239adeacbce4] Found rolled off file target/log.txt but its last modified timestamp is before the cutoff (Last Mod = 1714613022366, Cutoff = 1714613022370) so will not consume it
[pool-4565-thread-1] DEBUG org.apache.nifi.processors.standard.TailFile - TailFile[id=6884e455-1dd2-4a0b-8fd3-239adeacbce4] Recovering Rolled Off Files; total number of files rolled off = 1
[pool-4565-thread-1] DEBUG org.apache.nifi.processors.standard.TailFile - TailFile[id=6884e455-1dd2-4a0b-8fd3-239adeacbce4] Checksum for target/log.1 matched expected checksum. Will skip first 14 bytes
[pool-4565-thread-1] DEBUG org.apache.nifi.processors.standard.TailFile - TailFile[id=6884e455-1dd2-4a0b-8fd3-239adeacbce4] Reading lines starting at position 14
[pool-4565-thread-1] DEBUG org.apache.nifi.processors.standard.TailFile - TailFile[id=6884e455-1dd2-4a0b-8fd3-239adeacbce4] Read 0 lines; repositioning reader from 15 to 14
[pool-4565-thread-1] DEBUG org.apache.nifi.processors.standard.TailFile - TailFile[id=6884e455-1dd2-4a0b-8fd3-239adeacbce4] File target/log.1 has been rolled over, but it was updated 153 millis ago, which is less than the configured Post-Rollover Tail Period (600000 ms), so will continue tailing
[pool-4565-thread-1] DEBUG org.apache.nifi.processors.standard.TailFile - TailFile[id=6884e455-1dd2-4a0b-8fd3-239adeacbce4] File target/log.txt was rolled over and the Rollover Tail Period is set, so will not consume from new file during this iteration.
[pool-4566-thread-1] DEBUG org.apache.nifi.processors.standard.TailFile - TailFile[id=6884e455-1dd2-4a0b-8fd3-239adeacbce4] Found rolled off file target/log.txt but its last modified timestamp is before the cutoff (Last Mod = 1714613022366, Cutoff = 1714613022370) so will not consume it
[pool-4566-thread-1] DEBUG org.apache.nifi.processors.standard.TailFile - TailFile[id=6884e455-1dd2-4a0b-8fd3-239adeacbce4] Recovering Rolled Off Files; total number of files rolled off = 1
[pool-4566-thread-1] DEBUG org.apache.nifi.processors.standard.TailFile - TailFile[id=6884e455-1dd2-4a0b-8fd3-239adeacbce4] Checksum for target/log.1 matched expected checksum. Will skip first 14 bytes
[pool-4566-thread-1] DEBUG org.apache.nifi.processors.standard.TailFile - TailFile[id=6884e455-1dd2-4a0b-8fd3-239adeacbce4] Reading lines starting at position 14
[pool-4566-thread-1] DEBUG org.apache.nifi.processors.standard.TailFile - TailFile[id=6884e455-1dd2-4a0b-8fd3-239adeacbce4] Read 0 lines; repositioning reader from 15 to 14
[pool-4566-thread-1] DEBUG org.apache.nifi.processors.standard.TailFile - TailFile[id=6884e455-1dd2-4a0b-8fd3-239adeacbce4] File target/log.1 has been rolled over, but it was updated 155 millis ago, which is less than the configured Post-Rollover Tail Period (600000 ms), so will continue tailing
[pool-4566-thread-1] DEBUG org.apache.nifi.processors.standard.TailFile - TailFile[id=6884e455-1dd2-4a0b-8fd3-239adeacbce4] File target/log.txt was rolled over and the Rollover Tail Period is set, so will not consume from new file during this iteration.
[pool-4567-thread-1] DEBUG org.apache.nifi.processors.standard.TailFile - TailFile[id=6884e455-1dd2-4a0b-8fd3-239adeacbce4] Found rolled off file target/log.txt but its last modified timestamp is before the cutoff (Last Mod = 1714613022366, Cutoff = 1714613022370) so will not consume it
[pool-4567-thread-1] DEBUG org.apache.nifi.processors.standard.TailFile - TailFile[id=6884e455-1dd2-4a0b-8fd3-239adeacbce4] Recovering Rolled Off Files; total number of files rolled off = 1
[pool-4567-thread-1] DEBUG org.apache.nifi.processors.standard.TailFile - TailFile[id=6884e455-1dd2-4a0b-8fd3-239adeacbce4] Checksum for target/log.1 matched expected checksum. Will skip first 14 bytes
[pool-4567-thread-1] DEBUG org.apache.nifi.processors.standard.TailFile - TailFile[id=6884e455-1dd2-4a0b-8fd3-239adeacbce4] Reading lines starting at position 14
[pool-4567-thread-1] DEBUG org.apache.nifi.processors.standard.TailFile - TailFile[id=6884e455-1dd2-4a0b-8fd3-239adeacbce4] Read 0 lines; repositioning reader from 15 to 14
[pool-4567-thread-1] DEBUG org.apache.nifi.processors.standard.TailFile - TailFile[id=6884e455-1dd2-4a0b-8fd3-239adeacbce4] File target/log.1 has been rolled over, but it was updated 156 millis ago, which is less than the configured Post-Rollover Tail Period (600000 ms), so will continue tailing
[pool-4567-thread-1] DEBUG org.apache.nifi.processors.standard.TailFile - TailFile[id=6884e455-1dd2-4a0b-8fd3-239adeacbce4] File target/log.txt was rolled over and the Rollover Tail Period is set, so will not consume from new file during this iteration.
[pool-4568-thread-1] DEBUG org.apache.nifi.processors.standard.TailFile - TailFile[id=6884e455-1dd2-4a0b-8fd3-239adeacbce4] Found rolled off file target/log.txt but its last modified timestamp is before the cutoff (Last Mod = 1714613022366, Cutoff = 1714613022370) so will not consume it
[pool-4568-thread-1] DEBUG org.apache.nifi.processors.standard.TailFile - TailFile[id=6884e455-1dd2-4a0b-8fd3-239adeacbce4] Recovering Rolled Off Files; total number of files rolled off = 1
[pool-4568-thread-1] DEBUG org.apache.nifi.processors.standard.TailFile - TailFile[id=6884e455-1dd2-4a0b-8fd3-239adeacbce4] Checksum for target/log.1 matched expected checksum. Will skip first 14 bytes
[pool-4568-thread-1] DEBUG org.apache.nifi.processors.standard.TailFile - TailFile[id=6884e455-1dd2-4a0b-8fd3-239adeacbce4] Reading lines starting at position 14
[pool-4568-thread-1] DEBUG org.apache.nifi.processors.standard.TailFile - TailFile[id=6884e455-1dd2-4a0b-8fd3-239adeacbce4] Read 0 lines; repositioning reader from 15 to 14
[pool-4568-thread-1] DEBUG org.apache.nifi.processors.standard.TailFile - TailFile[id=6884e455-1dd2-4a0b-8fd3-239adeacbce4] File target/log.1 has been rolled over, but it was updated 158 millis ago, which is less than the configured Post-Rollover Tail Period (600000 ms), so will continue tailing
[pool-4568-thread-1] DEBUG org.apache.nifi.processors.standard.TailFile - TailFile[id=6884e455-1dd2-4a0b-8fd3-239adeacbce4] File target/log.txt was rolled over and the Rollover Tail Period is set, so will not consume from new file during this iteration.
[pool-4569-thread-1] DEBUG org.apache.nifi.processors.standard.TailFile - TailFile[id=6884e455-1dd2-4a0b-8fd3-239adeacbce4] Found rolled off file target/log.txt but its last modified timestamp is before the cutoff (Last Mod = 1714613022366, Cutoff = 1714613022370) so will not consume it
[pool-4569-thread-1] DEBUG org.apache.nifi.processors.standard.TailFile - TailFile[id=6884e455-1dd2-4a0b-8fd3-239adeacbce4] Recovering Rolled Off Files; total number of files rolled off = 1
[pool-4569-thread-1] DEBUG org.apache.nifi.processors.standard.TailFile - TailFile[id=6884e455-1dd2-4a0b-8fd3-239adeacbce4] Checksum for target/log.1 matched expected checksum. Will skip first 14 bytes
[pool-4569-thread-1] DEBUG org.apache.nifi.processors.standard.TailFile - TailFile[id=6884e455-1dd2-4a0b-8fd3-239adeacbce4] Reading lines starting at position 14
[pool-4569-thread-1] DEBUG org.apache.nifi.processors.standard.TailFile - TailFile[id=6884e455-1dd2-4a0b-8fd3-239adeacbce4] Read 0 lines; repositioning reader from 15 to 14
[pool-4569-thread-1] DEBUG org.apache.nifi.processors.standard.TailFile - TailFile[id=6884e455-1dd2-4a0b-8fd3-239adeacbce4] File target/log.1 has been rolled over, but it was updated 160 millis ago, which is less than the configured Post-Rollover Tail Period (600000 ms), so will continue tailing
[pool-4569-thread-1] DEBUG org.apache.nifi.processors.standard.TailFile - TailFile[id=6884e455-1dd2-4a0b-8fd3-239adeacbce4] File target/log.txt was rolled over and the Rollover Tail Period is set, so will not consume from new file during this iteration.
[pool-4570-thread-1] DEBUG org.apache.nifi.processors.standard.TailFile - TailFile[id=6884e455-1dd2-4a0b-8fd3-239adeacbce4] Found rolled off file target/log.txt but its last modified timestamp is before the cutoff (Last Mod = 1714613022366, Cutoff = 1714613022370) so will not consume it
[pool-4570-thread-1] DEBUG org.apache.nifi.processors.standard.TailFile - TailFile[id=6884e455-1dd2-4a0b-8fd3-239adeacbce4] Recovering Rolled Off Files; total number of files rolled off = 1
[pool-4570-thread-1] DEBUG org.apache.nifi.processors.standard.TailFile - TailFile[id=6884e455-1dd2-4a0b-8fd3-239adeacbce4] Checksum for target/log.1 matched expected checksum. Will skip first 14 bytes
[pool-4570-thread-1] DEBUG org.apache.nifi.processors.standard.TailFile - TailFile[id=6884e455-1dd2-4a0b-8fd3-239adeacbce4] Reading lines starting at position 14
[pool-4570-thread-1] DEBUG org.apache.nifi.processors.standard.TailFile - TailFile[id=6884e455-1dd2-4a0b-8fd3-239adeacbce4] Read 0 lines; repositioning reader from 15 to 14
[pool-4570-thread-1] DEBUG org.apache.nifi.processors.standard.TailFile - TailFile[id=6884e455-1dd2-4a0b-8fd3-239adeacbce4] File target/log.1 has been rolled over, but it was updated 162 millis ago, which is less than the configured Post-Rollover Tail Period (600000 ms), so will continue tailing
[pool-4570-thread-1] DEBUG org.apache.nifi.processors.standard.TailFile - TailFile[id=6884e455-1dd2-4a0b-8fd3-239adeacbce4] File target/log.txt was rolled over and the Rollover Tail Period is set, so will not consume from new file during this iteration.
[pool-4571-thread-1] DEBUG org.apache.nifi.processors.standard.TailFile - TailFile[id=6884e455-1dd2-4a0b-8fd3-239adeacbce4] Found rolled off file target/log.txt but its last modified timestamp is before the cutoff (Last Mod = 1714613022366, Cutoff = 1714613022370) so will not consume it
[pool-4571-thread-1] DEBUG org.apache.nifi.processors.standard.TailFile - TailFile[id=6884e455-1dd2-4a0b-8fd3-239adeacbce4] Recovering Rolled Off Files; total number of files rolled off = 1
[pool-4571-thread-1] DEBUG org.apache.nifi.processors.standard.TailFile - TailFile[id=6884e455-1dd2-4a0b-8fd3-239adeacbce4] Checksum for target/log.1 matched expected checksum. Will skip first 14 bytes
[pool-4571-thread-1] DEBUG org.apache.nifi.processors.standard.TailFile - TailFile[id=6884e455-1dd2-4a0b-8fd3-239adeacbce4] Reading lines starting at position 14
[pool-4571-thread-1] DEBUG org.apache.nifi.processors.standard.TailFile - TailFile[id=6884e455-1dd2-4a0b-8fd3-239adeacbce4] Read 0 lines; repositioning reader from 15 to 14
[pool-4571-thread-1] DEBUG org.apache.nifi.processors.standard.TailFile - TailFile[id=6884e455-1dd2-4a0b-8fd3-239adeacbce4] File target/log.1 has been rolled over, but it was updated 164 millis ago, which is less than the configured Post-Rollover Tail Period (600000 ms), so will continue tailing
[pool-4571-thread-1] DEBUG org.apache.nifi.processors.standard.TailFile - TailFile[id=6884e455-1dd2-4a0b-8fd3-239adeacbce4] File target/log.txt was rolled over and the Rollover Tail Period is set, so will not consume from new file during this iteration.
[pool-4572-thread-1] DEBUG org.apache.nifi.processors.standard.TailFile - TailFile[id=6884e455-1dd2-4a0b-8fd3-239adeacbce4] Found rolled off file target/log.txt but its last modified timestamp is before the cutoff (Last Mod = 1714613022366, Cutoff = 1714613022370) so will not consume it
[pool-4572-thread-1] DEBUG org.apache.nifi.processors.standard.TailFile - TailFile[id=6884e455-1dd2-4a0b-8fd3-239adeacbce4] Recovering Rolled Off Files; total number of files rolled off = 1
[pool-4572-thread-1] DEBUG org.apache.nifi.processors.standard.TailFile - TailFile[id=6884e455-1dd2-4a0b-8fd3-239adeacbce4] Checksum for target/log.1 matched expected checksum. Will skip first 14 bytes
[pool-4572-thread-1] DEBUG org.apache.nifi.processors.standard.TailFile - TailFile[id=6884e455-1dd2-4a0b-8fd3-239adeacbce4] Reading lines starting at position 14
[pool-4572-thread-1] DEBUG org.apache.nifi.processors.standard.TailFile - TailFile[id=6884e455-1dd2-4a0b-8fd3-239adeacbce4] Read 0 lines; repositioning reader from 15 to 14
[pool-4572-thread-1] DEBUG org.apache.nifi.processors.standard.TailFile - TailFile[id=6884e455-1dd2-4a0b-8fd3-239adeacbce4] File target/log.1 has been rolled over, but it was updated 165 millis ago, which is less than the configured Post-Rollover Tail Period (600000 ms), so will continue tailing
[pool-4572-thread-1] DEBUG org.apache.nifi.processors.standard.TailFile - TailFile[id=6884e455-1dd2-4a0b-8fd3-239adeacbce4] File target/log.txt was rolled over and the Rollover Tail Period is set, so will not consume from new file during this iteration.
[pool-4573-thread-1] DEBUG org.apache.nifi.processors.standard.TailFile - TailFile[id=6884e455-1dd2-4a0b-8fd3-239adeacbce4] Found rolled off file target/log.txt but its last modified timestamp is before the cutoff (Last Mod = 1714613022366, Cutoff = 1714613022370) so will not consume it
[pool-4573-thread-1] DEBUG org.apache.nifi.processors.standard.TailFile - TailFile[id=6884e455-1dd2-4a0b-8fd3-239adeacbce4] Recovering Rolled Off Files; total number of files rolled off = 1
[pool-4573-thread-1] DEBUG org.apache.nifi.processors.standard.TailFile - TailFile[id=6884e455-1dd2-4a0b-8fd3-239adeacbce4] Checksum for target/log.1 matched expected checksum. Will skip first 14 bytes
[pool-4573-thread-1] DEBUG org.apache.nifi.processors.standard.TailFile - TailFile[id=6884e455-1dd2-4a0b-8fd3-239adeacbce4] Reading lines starting at position 14
[pool-4573-thread-1] DEBUG org.apache.nifi.processors.standard.TailFile - TailFile[id=6884e455-1dd2-4a0b-8fd3-239adeacbce4] Read 0 lines; repositioning reader from 15 to 14
[pool-4573-thread-1] DEBUG org.apache.nifi.processors.standard.TailFile - TailFile[id=6884e455-1dd2-4a0b-8fd3-239adeacbce4] File target/log.1 has been rolled over, but it was updated 167 millis ago, which is less than the configured Post-Rollover Tail Period (600000 ms), so will continue tailing
[pool-4573-thread-1] DEBUG org.apache.nifi.processors.standard.TailFile - TailFile[id=6884e455-1dd2-4a0b-8fd3-239adeacbce4] File target/log.txt was rolled over and the Rollover Tail Period is set, so will not consume from new file during this iteration.
[pool-4574-thread-1] DEBUG org.apache.nifi.processors.standard.TailFile - TailFile[id=6884e455-1dd2-4a0b-8fd3-239adeacbce4] Found rolled off file target/log.txt but its last modified timestamp is before the cutoff (Last Mod = 1714613022366, Cutoff = 1714613022370) so will not consume it
[pool-4574-thread-1] DEBUG org.apache.nifi.processors.standard.TailFile - TailFile[id=6884e455-1dd2-4a0b-8fd3-239adeacbce4] Recovering Rolled Off Files; total number of files rolled off = 1
[pool-4574-thread-1] DEBUG org.apache.nifi.processors.standard.TailFile - TailFile[id=6884e455-1dd2-4a0b-8fd3-239adeacbce4] Checksum for target/log.1 matched expected checksum. Will skip first 14 bytes
[pool-4574-thread-1] DEBUG org.apache.nifi.processors.standard.TailFile - TailFile[id=6884e455-1dd2-4a0b-8fd3-239adeacbce4] Reading lines starting at position 14
[pool-4574-thread-1] DEBUG org.apache.nifi.processors.standard.TailFile - TailFile[id=6884e455-1dd2-4a0b-8fd3-239adeacbce4] Read 0 lines; repositioning reader from 15 to 14
[pool-4574-thread-1] DEBUG org.apache.nifi.processors.standard.TailFile - TailFile[id=6884e455-1dd2-4a0b-8fd3-239adeacbce4] File target/log.1 has been rolled over, but it was updated 169 millis ago, which is less than the configured Post-Rollover Tail Period (600000 ms), so will continue tailing
[pool-4574-thread-1] DEBUG org.apache.nifi.processors.standard.TailFile - TailFile[id=6884e455-1dd2-4a0b-8fd3-239adeacbce4] File target/log.txt was rolled over and the Rollover Tail Period is set, so will not consume from new file during this iteration.
[pool-4575-thread-1] DEBUG org.apache.nifi.processors.standard.TailFile - TailFile[id=6884e455-1dd2-4a0b-8fd3-239adeacbce4] Found rolled off file target/log.txt but its last modified timestamp is before the cutoff (Last Mod = 1714613022366, Cutoff = 1714613022370) so will not consume it
[pool-4575-thread-1] DEBUG org.apache.nifi.processors.standard.TailFile - TailFile[id=6884e455-1dd2-4a0b-8fd3-239adeacbce4] Recovering Rolled Off Files; total number of files rolled off = 1
[pool-4575-thread-1] DEBUG org.apache.nifi.processors.standard.TailFile - TailFile[id=6884e455-1dd2-4a0b-8fd3-239adeacbce4] Checksum for target/log.1 matched expected checksum. Will skip first 14 bytes
[pool-4575-thread-1] DEBUG org.apache.nifi.processors.standard.TailFile - TailFile[id=6884e455-1dd2-4a0b-8fd3-239adeacbce4] Reading lines starting at position 14
[pool-4575-thread-1] DEBUG org.apache.nifi.processors.standard.TailFile - TailFile[id=6884e455-1dd2-4a0b-8fd3-239adeacbce4] Read 0 lines; repositioning reader from 15 to 14
[pool-4575-thread-1] DEBUG org.apache.nifi.processors.standard.TailFile - TailFile[id=6884e455-1dd2-4a0b-8fd3-239adeacbce4] File target/log.1 has been rolled over, but it was updated 171 millis ago, which is less than the configured Post-Rollover Tail Period (600000 ms), so will continue tailing
[pool-4575-thread-1] DEBUG org.apache.nifi.processors.standard.TailFile - TailFile[id=6884e455-1dd2-4a0b-8fd3-239adeacbce4] File target/log.txt was rolled over and the Rollover Tail Period is set, so will not consume from new file during this iteration.
[pool-4576-thread-1] DEBUG org.apache.nifi.processors.standard.TailFile - TailFile[id=6884e455-1dd2-4a0b-8fd3-239adeacbce4] Found rolled off file target/log.txt but its last modified timestamp is before the cutoff (Last Mod = 1714613022366, Cutoff = 1714613022370) so will not consume it
[pool-4576-thread-1] DEBUG org.apache.nifi.processors.standard.TailFile - TailFile[id=6884e455-1dd2-4a0b-8fd3-239adeacbce4] Recovering Rolled Off Files; total number of files rolled off = 1
[pool-4576-thread-1] DEBUG org.apache.nifi.processors.standard.TailFile - TailFile[id=6884e455-1dd2-4a0b-8fd3-239adeacbce4] Checksum for target/log.1 matched expected checksum. Will skip first 14 bytes
[pool-4576-thread-1] DEBUG org.apache.nifi.processors.standard.TailFile - TailFile[id=6884e455-1dd2-4a0b-8fd3-239adeacbce4] Reading lines starting at position 14
[pool-4576-thread-1] DEBUG org.apache.nifi.processors.standard.TailFile - TailFile[id=6884e455-1dd2-4a0b-8fd3-239adeacbce4] Read 0 lines; repositioning reader from 15 to 14
[pool-4576-thread-1] DEBUG org.apache.nifi.processors.standard.TailFile - TailFile[id=6884e455-1dd2-4a0b-8fd3-239adeacbce4] File target/log.1 has been rolled over, but it was updated 173 millis ago, which is less than the configured Post-Rollover Tail Period (600000 ms), so will continue tailing
[pool-4576-thread-1] DEBUG org.apache.nifi.processors.standard.TailFile - TailFile[id=6884e455-1dd2-4a0b-8fd3-239adeacbce4] File target/log.txt was rolled over and the Rollover Tail Period is set, so will not consume from new file during this iteration.
[pool-4577-thread-1] DEBUG org.apache.nifi.processors.standard.TailFile - TailFile[id=6884e455-1dd2-4a0b-8fd3-239adeacbce4] Found rolled off file target/log.txt but its last modified timestamp is before the cutoff (Last Mod = 1714613022366, Cutoff = 1714613022370) so will not consume it
[pool-4577-thread-1] DEBUG org.apache.nifi.processors.standard.TailFile - TailFile[id=6884e455-1dd2-4a0b-8fd3-239adeacbce4] Recovering Rolled Off Files; total number of files rolled off = 1
[pool-4577-thread-1] DEBUG org.apache.nifi.processors.standard.TailFile - TailFile[id=6884e455-1dd2-4a0b-8fd3-239adeacbce4] Checksum for target/log.1 matched expected checksum. Will skip first 14 bytes
[pool-4577-thread-1] DEBUG org.apache.nifi.processors.standard.TailFile - TailFile[id=6884e455-1dd2-4a0b-8fd3-239adeacbce4] Reading lines starting at position 14
[pool-4577-thread-1] DEBUG org.apache.nifi.processors.standard.TailFile - TailFile[id=6884e455-1dd2-4a0b-8fd3-239adeacbce4] Read 0 lines; repositioning reader from 15 to 14
[pool-4577-thread-1] DEBUG org.apache.nifi.processors.standard.TailFile - TailFile[id=6884e455-1dd2-4a0b-8fd3-239adeacbce4] File target/log.1 has been rolled over, but it was updated 174 millis ago, which is less than the configured Post-Rollover Tail Period (600000 ms), so will continue tailing
[pool-4577-thread-1] DEBUG org.apache.nifi.processors.standard.TailFile - TailFile[id=6884e455-1dd2-4a0b-8fd3-239adeacbce4] File target/log.txt was rolled over and the Rollover Tail Period is set, so will not consume from new file during this iteration.
[pool-4578-thread-1] DEBUG org.apache.nifi.processors.standard.TailFile - TailFile[id=6884e455-1dd2-4a0b-8fd3-239adeacbce4] Found rolled off file target/log.txt but its last modified timestamp is before the cutoff (Last Mod = 1714613022366, Cutoff = 1714613022370) so will not consume it
[pool-4578-thread-1] DEBUG org.apache.nifi.processors.standard.TailFile - TailFile[id=6884e455-1dd2-4a0b-8fd3-239adeacbce4] Recovering Rolled Off Files; total number of files rolled off = 1
[pool-4578-thread-1] DEBUG org.apache.nifi.processors.standard.TailFile - TailFile[id=6884e455-1dd2-4a0b-8fd3-239adeacbce4] Checksum for target/log.1 matched expected checksum. Will skip first 14 bytes
[pool-4578-thread-1] DEBUG org.apache.nifi.processors.standard.TailFile - TailFile[id=6884e455-1dd2-4a0b-8fd3-239adeacbce4] Reading lines starting at position 14
[pool-4578-thread-1] DEBUG org.apache.nifi.processors.standard.TailFile - TailFile[id=6884e455-1dd2-4a0b-8fd3-239adeacbce4] Read 0 lines; repositioning reader from 15 to 14
[pool-4578-thread-1] DEBUG org.apache.nifi.processors.standard.TailFile - TailFile[id=6884e455-1dd2-4a0b-8fd3-239adeacbce4] File target/log.1 has been rolled over, but it was updated 176 millis ago, which is less than the configured Post-Rollover Tail Period (600000 ms), so will continue tailing
[pool-4578-thread-1] DEBUG org.apache.nifi.processors.standard.TailFile - TailFile[id=6884e455-1dd2-4a0b-8fd3-239adeacbce4] File target/log.txt was rolled over and the Rollover Tail Period is set, so will not consume from new file during this iteration.
[pool-4579-thread-1] DEBUG org.apache.nifi.processors.standard.TailFile - TailFile[id=6884e455-1dd2-4a0b-8fd3-239adeacbce4] Found rolled off file target/log.txt but its last modified timestamp is before the cutoff (Last Mod = 1714613022366, Cutoff = 1714613022370) so will not consume it
[pool-4579-thread-1] DEBUG org.apache.nifi.processors.standard.TailFile - TailFile[id=6884e455-1dd2-4a0b-8fd3-239adeacbce4] Recovering Rolled Off Files; total number of files rolled off = 1
[pool-4579-thread-1] DEBUG org.apache.nifi.processors.standard.TailFile - TailFile[id=6884e455-1dd2-4a0b-8fd3-239adeacbce4] Checksum for target/log.1 matched expected checksum. Will skip first 14 bytes
[pool-4579-thread-1] DEBUG org.apache.nifi.processors.standard.TailFile - TailFile[id=6884e455-1dd2-4a0b-8fd3-239adeacbce4] Reading lines starting at position 14
[pool-4579-thread-1] DEBUG org.apache.nifi.processors.standard.TailFile - TailFile[id=6884e455-1dd2-4a0b-8fd3-239adeacbce4] Read 0 lines; repositioning reader from 15 to 14
[pool-4579-thread-1] DEBUG org.apache.nifi.processors.standard.TailFile - TailFile[id=6884e455-1dd2-4a0b-8fd3-239adeacbce4] File target/log.1 has been rolled over, but it was updated 178 millis ago, which is less than the configured Post-Rollover Tail Period (600000 ms), so will continue tailing
[pool-4579-thread-1] DEBUG org.apache.nifi.processors.standard.TailFile - TailFile[id=6884e455-1dd2-4a0b-8fd3-239adeacbce4] File target/log.txt was rolled over and the Rollover Tail Period is set, so will not consume from new file during this iteration.
[pool-4580-thread-1] DEBUG org.apache.nifi.processors.standard.TailFile - TailFile[id=6884e455-1dd2-4a0b-8fd3-239adeacbce4] Found rolled off file target/log.txt but its last modified timestamp is before the cutoff (Last Mod = 1714613022366, Cutoff = 1714613022370) so will not consume it
[pool-4580-thread-1] DEBUG org.apache.nifi.processors.standard.TailFile - TailFile[id=6884e455-1dd2-4a0b-8fd3-239adeacbce4] Recovering Rolled Off Files; total number of files rolled off = 1
[pool-4580-thread-1] DEBUG org.apache.nifi.processors.standard.TailFile - TailFile[id=6884e455-1dd2-4a0b-8fd3-239adeacbce4] Checksum for target/log.1 matched expected checksum. Will skip first 14 bytes
[pool-4580-thread-1] DEBUG org.apache.nifi.processors.standard.TailFile - TailFile[id=6884e455-1dd2-4a0b-8fd3-239adeacbce4] Reading lines starting at position 14
[pool-4580-thread-1] DEBUG org.apache.nifi.processors.standard.TailFile - TailFile[id=6884e455-1dd2-4a0b-8fd3-239adeacbce4] Read 0 lines; repositioning reader from 15 to 14
[pool-4580-thread-1] DEBUG org.apache.nifi.processors.standard.TailFile - TailFile[id=6884e455-1dd2-4a0b-8fd3-239adeacbce4] File target/log.1 has been rolled over, but it was updated 180 millis ago, which is less than the configured Post-Rollover Tail Period (600000 ms), so will continue tailing
[pool-4580-thread-1] DEBUG org.apache.nifi.processors.standard.TailFile - TailFile[id=6884e455-1dd2-4a0b-8fd3-239adeacbce4] File target/log.txt was rolled over and the Rollover Tail Period is set, so will not consume from new file during this iteration.
[pool-4581-thread-1] DEBUG org.apache.nifi.processors.standard.TailFile - TailFile[id=6884e455-1dd2-4a0b-8fd3-239adeacbce4] Found rolled off file target/log.txt but its last modified timestamp is before the cutoff (Last Mod = 1714613022366, Cutoff = 1714613022370) so will not consume it
[pool-4581-thread-1] DEBUG org.apache.nifi.processors.standard.TailFile - TailFile[id=6884e455-1dd2-4a0b-8fd3-239adeacbce4] Recovering Rolled Off Files; total number of files rolled off = 1
[pool-4581-thread-1] DEBUG org.apache.nifi.processors.standard.TailFile - TailFile[id=6884e455-1dd2-4a0b-8fd3-239adeacbce4] Checksum for target/log.1 matched expected checksum. Will skip first 14 bytes
[pool-4581-thread-1] DEBUG org.apache.nifi.processors.standard.TailFile - TailFile[id=6884e455-1dd2-4a0b-8fd3-239adeacbce4] Reading lines starting at position 14
[pool-4581-thread-1] DEBUG org.apache.nifi.processors.standard.TailFile - TailFile[id=6884e455-1dd2-4a0b-8fd3-239adeacbce4] Read 0 lines; repositioning reader from 15 to 14
[pool-4581-thread-1] DEBUG org.apache.nifi.processors.standard.TailFile - TailFile[id=6884e455-1dd2-4a0b-8fd3-239adeacbce4] File target/log.1 has been rolled over, but it was updated 181 millis ago, which is less than the configured Post-Rollover Tail Period (600000 ms), so will continue tailing
[pool-4581-thread-1] DEBUG org.apache.nifi.processors.standard.TailFile - TailFile[id=6884e455-1dd2-4a0b-8fd3-239adeacbce4] File target/log.txt was rolled over and the Rollover Tail Period is set, so will not consume from new file during this iteration.
[pool-4582-thread-1] DEBUG org.apache.nifi.processors.standard.TailFile - TailFile[id=6884e455-1dd2-4a0b-8fd3-239adeacbce4] Found rolled off file target/log.txt but its last modified timestamp is before the cutoff (Last Mod = 1714613022366, Cutoff = 1714613022370) so will not consume it
[pool-4582-thread-1] DEBUG org.apache.nifi.processors.standard.TailFile - TailFile[id=6884e455-1dd2-4a0b-8fd3-239adeacbce4] Recovering Rolled Off Files; total number of files rolled off = 1
[pool-4582-thread-1] DEBUG org.apache.nifi.processors.standard.TailFile - TailFile[id=6884e455-1dd2-4a0b-8fd3-239adeacbce4] Checksum for target/log.1 matched expected checksum. Will skip first 14 bytes
[pool-4582-thread-1] DEBUG org.apache.nifi.processors.standard.TailFile - TailFile[id=6884e455-1dd2-4a0b-8fd3-239adeacbce4] Reading lines starting at position 14
[pool-4582-thread-1] DEBUG org.apache.nifi.processors.standard.TailFile - TailFile[id=6884e455-1dd2-4a0b-8fd3-239adeacbce4] Read 0 lines; repositioning reader from 15 to 14
[pool-4582-thread-1] DEBUG org.apache.nifi.processors.standard.TailFile - TailFile[id=6884e455-1dd2-4a0b-8fd3-239adeacbce4] File target/log.1 has been rolled over, but it was updated 184 millis ago, which is less than the configured Post-Rollover Tail Period (600000 ms), so will continue tailing
[pool-4582-thread-1] DEBUG org.apache.nifi.processors.standard.TailFile - TailFile[id=6884e455-1dd2-4a0b-8fd3-239adeacbce4] File target/log.txt was rolled over and the Rollover Tail Period is set, so will not consume from new file during this iteration.
[pool-4583-thread-1] DEBUG org.apache.nifi.processors.standard.TailFile - TailFile[id=6884e455-1dd2-4a0b-8fd3-239adeacbce4] Found rolled off file target/log.txt but its last modified timestamp is before the cutoff (Last Mod = 1714613022366, Cutoff = 1714613022370) so will not consume it
[pool-4583-thread-1] DEBUG org.apache.nifi.processors.standard.TailFile - TailFile[id=6884e455-1dd2-4a0b-8fd3-239adeacbce4] Recovering Rolled Off Files; total number of files rolled off = 1
[pool-4583-thread-1] DEBUG org.apache.nifi.processors.standard.TailFile - TailFile[id=6884e455-1dd2-4a0b-8fd3-239adeacbce4] Checksum for target/log.1 matched expected checksum. Will skip first 14 bytes
[pool-4583-thread-1] DEBUG org.apache.nifi.processors.standard.TailFile - TailFile[id=6884e455-1dd2-4a0b-8fd3-239adeacbce4] Reading lines starting at position 14
[pool-4583-thread-1] DEBUG org.apache.nifi.processors.standard.TailFile - TailFile[id=6884e455-1dd2-4a0b-8fd3-239adeacbce4] Read 0 lines; repositioning reader from 15 to 14
[pool-4583-thread-1] DEBUG org.apache.nifi.processors.standard.TailFile - TailFile[id=6884e455-1dd2-4a0b-8fd3-239adeacbce4] File target/log.1 has been rolled over, but it was updated 185 millis ago, which is less than the configured Post-Rollover Tail Period (600000 ms), so will continue tailing
[pool-4583-thread-1] DEBUG org.apache.nifi.processors.standard.TailFile - TailFile[id=6884e455-1dd2-4a0b-8fd3-239adeacbce4] File target/log.txt was rolled over and the Rollover Tail Period is set, so will not consume from new file during this iteration.
[pool-4584-thread-1] DEBUG org.apache.nifi.processors.standard.TailFile - TailFile[id=6884e455-1dd2-4a0b-8fd3-239adeacbce4] Found rolled off file target/log.txt but its last modified timestamp is before the cutoff (Last Mod = 1714613022366, Cutoff = 1714613022370) so will not consume it
[pool-4584-thread-1] DEBUG org.apache.nifi.processors.standard.TailFile - TailFile[id=6884e455-1dd2-4a0b-8fd3-239adeacbce4] Found rolled off file target/log.1 but its last modified timestamp is before the cutoff (Last Mod = 500, Cutoff = 1714613022370) so will not consume it
[pool-4584-thread-1] DEBUG org.apache.nifi.processors.standard.TailFile - TailFile[id=6884e455-1dd2-4a0b-8fd3-239adeacbce4] Recovering Rolled Off Files; total number of files rolled off = 0
[pool-4584-thread-1] DEBUG org.apache.nifi.processors.standard.TailFile - TailFile[id=6884e455-1dd2-4a0b-8fd3-239adeacbce4] Checksum for target/log.1 matched expected checksum. Will skip first 14 bytes
[pool-4584-thread-1] DEBUG org.apache.nifi.processors.standard.TailFile - TailFile[id=6884e455-1dd2-4a0b-8fd3-239adeacbce4] Reading lines starting at position 14
[pool-4584-thread-1] TRACE org.apache.nifi.processors.standard.TailFile - TailFile[id=6884e455-1dd2-4a0b-8fd3-239adeacbce4] Checksum updated to 1223008368
[pool-4584-thread-1] TRACE org.apache.nifi.processors.standard.TailFile - TailFile[id=6884e455-1dd2-4a0b-8fd3-239adeacbce4] Checksum updated to 3240530555
[pool-4584-thread-1] DEBUG org.apache.nifi.processors.standard.TailFile - TailFile[id=6884e455-1dd2-4a0b-8fd3-239adeacbce4] Created FlowFile[106,log.1,1B] from rolled over file target/log.1 and routed to success
[pool-4584-thread-1] DEBUG org.apache.nifi.processors.standard.TailFile - TailFile[id=6884e455-1dd2-4a0b-8fd3-239adeacbce4] Completed tailing of file target/log.txt; will cleanup state
[pool-4584-thread-1] DEBUG org.apache.nifi.processors.standard.TailFile - TailFile[id=6884e455-1dd2-4a0b-8fd3-239adeacbce4] Closed FileChannel sun.nio.ch.FileChannelImpl@677fc6b3
[pool-4584-thread-1] DEBUG org.apache.nifi.processors.standard.TailFile - TailFile[id=6884e455-1dd2-4a0b-8fd3-239adeacbce4] Consumed the final data from target/log.1
[pool-4584-thread-1] DEBUG org.apache.nifi.processors.standard.TailFile - TailFile[id=6884e455-1dd2-4a0b-8fd3-239adeacbce4] Created FileChannel sun.nio.ch.FileChannelImpl@63405e84 for target/log.txt
[pool-4584-thread-1] DEBUG org.apache.nifi.processors.standard.TailFile - TailFile[id=6884e455-1dd2-4a0b-8fd3-239adeacbce4] Rotated = true because TailFileState Length = 15, File Length = 9
[pool-4584-thread-1] DEBUG org.apache.nifi.processors.standard.TailFile - TailFile[id=6884e455-1dd2-4a0b-8fd3-239adeacbce4] Closed FileChannel sun.nio.ch.FileChannelImpl@63405e84
[pool-4584-thread-1] DEBUG org.apache.nifi.processors.standard.TailFile - TailFile[id=6884e455-1dd2-4a0b-8fd3-239adeacbce4] Created FileChannel sun.nio.ch.FileChannelImpl@2642cc88 for target/log.txt
[pool-4584-thread-1] DEBUG org.apache.nifi.processors.standard.TailFile - TailFile[id=6884e455-1dd2-4a0b-8fd3-239adeacbce4] Reading lines starting at position 0
[pool-4584-thread-1] TRACE org.apache.nifi.processors.standard.TailFile - TailFile[id=6884e455-1dd2-4a0b-8fd3-239adeacbce4] Checksum updated to 755922184
[pool-4584-thread-1] DEBUG org.apache.nifi.processors.standard.TailFile - TailFile[id=6884e455-1dd2-4a0b-8fd3-239adeacbce4] Created FlowFile[107,log.0-9.txt,9B] and routed to success
[main] DEBUG org.apache.nifi.processors.standard.TailFile - TailFile[id=6884e455-1dd2-4a0b-8fd3-239adeacbce4] Closed FileChannel sun.nio.ch.FileChannelImpl@2642cc88
]]></system-err>
  </testcase>
  <testcase name="testMultipleFilesChangingNameStrategy" classname="org.apache.nifi.processors.standard.TestTailFile" time="4.009">
    <system-err><![CDATA[[pool-4585-thread-1] DEBUG org.apache.nifi.processors.standard.TailFile - TailFile[id=f6d27f94-b4c2-4ed5-84d5-788a826a0bb9] Created FileChannel sun.nio.ch.FileChannelImpl@4dbf962d for target/my-app-2016-09-07.log
[pool-4585-thread-1] DEBUG org.apache.nifi.processors.standard.TailFile - TailFile[id=f6d27f94-b4c2-4ed5-84d5-788a826a0bb9] Reading lines starting at position 0
[pool-4585-thread-1] TRACE org.apache.nifi.processors.standard.TailFile - TailFile[id=f6d27f94-b4c2-4ed5-84d5-788a826a0bb9] Checksum updated to 909783072
[pool-4585-thread-1] DEBUG org.apache.nifi.processors.standard.TailFile - TailFile[id=f6d27f94-b4c2-4ed5-84d5-788a826a0bb9] Created FlowFile[0,my-app-2016-09-07.0-6.log,6B] and routed to success
[pool-4585-thread-1] DEBUG org.apache.nifi.processors.standard.TailFile - TailFile[id=f6d27f94-b4c2-4ed5-84d5-788a826a0bb9] Closed FileChannel sun.nio.ch.FileChannelImpl@4dbf962d
[pool-4585-thread-1] DEBUG org.apache.nifi.processors.standard.TailFile - TailFile[id=f6d27f94-b4c2-4ed5-84d5-788a826a0bb9] Created FileChannel sun.nio.ch.FileChannelImpl@49801b42 for target/app-2016-09-07.log
[pool-4585-thread-1] DEBUG org.apache.nifi.processors.standard.TailFile - TailFile[id=f6d27f94-b4c2-4ed5-84d5-788a826a0bb9] Reading lines starting at position 0
[pool-4585-thread-1] TRACE org.apache.nifi.processors.standard.TailFile - TailFile[id=f6d27f94-b4c2-4ed5-84d5-788a826a0bb9] Checksum updated to 2413961882
[pool-4585-thread-1] DEBUG org.apache.nifi.processors.standard.TailFile - TailFile[id=f6d27f94-b4c2-4ed5-84d5-788a826a0bb9] Created FlowFile[1,app-2016-09-07.0-4.log,4B] and routed to success
[main] DEBUG org.apache.nifi.processors.standard.TailFile - TailFile[id=f6d27f94-b4c2-4ed5-84d5-788a826a0bb9] When recovering state, checksum of tailed file matches the stored checksum. Will resume where left off.
[main] DEBUG org.apache.nifi.processors.standard.TailFile - TailFile[id=f6d27f94-b4c2-4ed5-84d5-788a826a0bb9] Created FileChannel sun.nio.ch.FileChannelImpl@41ea5848 for target/app-2016-09-07.log in recoverState
[main] DEBUG org.apache.nifi.processors.standard.TailFile - TailFile[id=f6d27f94-b4c2-4ed5-84d5-788a826a0bb9] Recovered state TailFileState[filename=target/app-2016-09-07.log, position=4, timestamp=1714613022554, checksum=2413961882, tailingPostRollover=false]
[main] DEBUG org.apache.nifi.processors.standard.TailFile - TailFile[id=f6d27f94-b4c2-4ed5-84d5-788a826a0bb9] When recovering state, checksum of tailed file matches the stored checksum. Will resume where left off.
[main] DEBUG org.apache.nifi.processors.standard.TailFile - TailFile[id=f6d27f94-b4c2-4ed5-84d5-788a826a0bb9] Created FileChannel sun.nio.ch.FileChannelImpl@f57d246 for target/my-app-2016-09-07.log in recoverState
[main] DEBUG org.apache.nifi.processors.standard.TailFile - TailFile[id=f6d27f94-b4c2-4ed5-84d5-788a826a0bb9] Recovered state TailFileState[filename=target/my-app-2016-09-07.log, position=6, timestamp=1714613022554, checksum=909783072, tailingPostRollover=false]
[pool-4586-thread-1] DEBUG org.apache.nifi.processors.standard.TailFile - TailFile[id=f6d27f94-b4c2-4ed5-84d5-788a826a0bb9] Recovering Rolled Off Files; total number of files rolled off = 0
[pool-4586-thread-1] DEBUG org.apache.nifi.processors.standard.TailFile - TailFile[id=f6d27f94-b4c2-4ed5-84d5-788a826a0bb9] Reading lines starting at position 6
[pool-4586-thread-1] TRACE org.apache.nifi.processors.standard.TailFile - TailFile[id=f6d27f94-b4c2-4ed5-84d5-788a826a0bb9] Checksum updated to 3943078395
[pool-4586-thread-1] DEBUG org.apache.nifi.processors.standard.TailFile - TailFile[id=f6d27f94-b4c2-4ed5-84d5-788a826a0bb9] Created FlowFile[2,my-app-2016-09-07.6-13.log,7B] and routed to success
[pool-4586-thread-1] DEBUG org.apache.nifi.processors.standard.TailFile - TailFile[id=f6d27f94-b4c2-4ed5-84d5-788a826a0bb9] Recovering Rolled Off Files; total number of files rolled off = 0
[pool-4586-thread-1] DEBUG org.apache.nifi.processors.standard.TailFile - TailFile[id=f6d27f94-b4c2-4ed5-84d5-788a826a0bb9] Reading lines starting at position 4
[pool-4586-thread-1] TRACE org.apache.nifi.processors.standard.TailFile - TailFile[id=f6d27f94-b4c2-4ed5-84d5-788a826a0bb9] Checksum updated to 3001940574
[pool-4586-thread-1] DEBUG org.apache.nifi.processors.standard.TailFile - TailFile[id=f6d27f94-b4c2-4ed5-84d5-788a826a0bb9] Created FlowFile[3,app-2016-09-07.4-9.log,5B] and routed to success
[main] DEBUG org.apache.nifi.processors.standard.TailFile - TailFile[id=f6d27f94-b4c2-4ed5-84d5-788a826a0bb9] When recovering state, checksum of tailed file matches the stored checksum. Will resume where left off.
[main] DEBUG org.apache.nifi.processors.standard.TailFile - TailFile[id=f6d27f94-b4c2-4ed5-84d5-788a826a0bb9] Created FileChannel sun.nio.ch.FileChannelImpl@3ac1995c for target/app-2016-09-07.log in recoverState
[main] DEBUG org.apache.nifi.processors.standard.TailFile - TailFile[id=f6d27f94-b4c2-4ed5-84d5-788a826a0bb9] Recovered state TailFileState[filename=target/app-2016-09-07.log, position=9, timestamp=1714613022558, checksum=3001940574, tailingPostRollover=false]
[main] DEBUG org.apache.nifi.processors.standard.TailFile - TailFile[id=f6d27f94-b4c2-4ed5-84d5-788a826a0bb9] When recovering state, checksum of tailed file matches the stored checksum. Will resume where left off.
[main] DEBUG org.apache.nifi.processors.standard.TailFile - TailFile[id=f6d27f94-b4c2-4ed5-84d5-788a826a0bb9] Created FileChannel sun.nio.ch.FileChannelImpl@36b8e160 for target/my-app-2016-09-07.log in recoverState
[main] DEBUG org.apache.nifi.processors.standard.TailFile - TailFile[id=f6d27f94-b4c2-4ed5-84d5-788a826a0bb9] Recovered state TailFileState[filename=target/my-app-2016-09-07.log, position=13, timestamp=1714613022558, checksum=3943078395, tailingPostRollover=false]
[pool-4587-thread-1] DEBUG org.apache.nifi.processors.standard.TailFile - TailFile[id=f6d27f94-b4c2-4ed5-84d5-788a826a0bb9] Recovering Rolled Off Files; total number of files rolled off = 0
[pool-4587-thread-1] DEBUG org.apache.nifi.processors.standard.TailFile - TailFile[id=f6d27f94-b4c2-4ed5-84d5-788a826a0bb9] Reading lines starting at position 13
[pool-4587-thread-1] TRACE org.apache.nifi.processors.standard.TailFile - TailFile[id=f6d27f94-b4c2-4ed5-84d5-788a826a0bb9] Checksum updated to 3576007648
[pool-4587-thread-1] DEBUG org.apache.nifi.processors.standard.TailFile - TailFile[id=f6d27f94-b4c2-4ed5-84d5-788a826a0bb9] Created FlowFile[4,my-app-2016-09-07.13-20.log,7B] and routed to success
[pool-4587-thread-1] DEBUG org.apache.nifi.processors.standard.TailFile - TailFile[id=f6d27f94-b4c2-4ed5-84d5-788a826a0bb9] Closed FileChannel sun.nio.ch.FileChannelImpl@36b8e160
[pool-4587-thread-1] DEBUG org.apache.nifi.processors.standard.TailFile - TailFile[id=f6d27f94-b4c2-4ed5-84d5-788a826a0bb9] Closed FileChannel sun.nio.ch.FileChannelImpl@3ac1995c
[pool-4587-thread-1] DEBUG org.apache.nifi.processors.standard.TailFile - TailFile[id=f6d27f94-b4c2-4ed5-84d5-788a826a0bb9] Created FileChannel sun.nio.ch.FileChannelImpl@32d40513 for target/my-app-2016-09-08.log
[pool-4587-thread-1] DEBUG org.apache.nifi.processors.standard.TailFile - TailFile[id=f6d27f94-b4c2-4ed5-84d5-788a826a0bb9] Reading lines starting at position 0
[pool-4587-thread-1] TRACE org.apache.nifi.processors.standard.TailFile - TailFile[id=f6d27f94-b4c2-4ed5-84d5-788a826a0bb9] Checksum updated to 909783072
[pool-4587-thread-1] DEBUG org.apache.nifi.processors.standard.TailFile - TailFile[id=f6d27f94-b4c2-4ed5-84d5-788a826a0bb9] Created FlowFile[5,my-app-2016-09-08.0-6.log,6B] and routed to success
[pool-4587-thread-1] DEBUG org.apache.nifi.processors.standard.TailFile - TailFile[id=f6d27f94-b4c2-4ed5-84d5-788a826a0bb9] Recovering Rolled Off Files; total number of files rolled off = 0
[pool-4587-thread-1] DEBUG org.apache.nifi.processors.standard.TailFile - TailFile[id=f6d27f94-b4c2-4ed5-84d5-788a826a0bb9] Created FileChannel sun.nio.ch.FileChannelImpl@36eb9791 for target/app-2016-09-07.log
[pool-4587-thread-1] DEBUG org.apache.nifi.processors.standard.TailFile - TailFile[id=f6d27f94-b4c2-4ed5-84d5-788a826a0bb9] Reading lines starting at position 9
[pool-4587-thread-1] TRACE org.apache.nifi.processors.standard.TailFile - TailFile[id=f6d27f94-b4c2-4ed5-84d5-788a826a0bb9] Checksum updated to 892804081
[pool-4587-thread-1] DEBUG org.apache.nifi.processors.standard.TailFile - TailFile[id=f6d27f94-b4c2-4ed5-84d5-788a826a0bb9] Created FlowFile[6,app-2016-09-07.9-14.log,5B] and routed to success
[pool-4587-thread-1] DEBUG org.apache.nifi.processors.standard.TailFile - TailFile[id=f6d27f94-b4c2-4ed5-84d5-788a826a0bb9] Closed FileChannel sun.nio.ch.FileChannelImpl@32d40513
[pool-4587-thread-1] DEBUG org.apache.nifi.processors.standard.TailFile - TailFile[id=f6d27f94-b4c2-4ed5-84d5-788a826a0bb9] Closed FileChannel sun.nio.ch.FileChannelImpl@36eb9791
[pool-4587-thread-1] DEBUG org.apache.nifi.processors.standard.TailFile - TailFile[id=f6d27f94-b4c2-4ed5-84d5-788a826a0bb9] Created FileChannel sun.nio.ch.FileChannelImpl@73e90f28 for target/app-2016-09-08.log
[pool-4587-thread-1] DEBUG org.apache.nifi.processors.standard.TailFile - TailFile[id=f6d27f94-b4c2-4ed5-84d5-788a826a0bb9] Reading lines starting at position 0
[pool-4587-thread-1] TRACE org.apache.nifi.processors.standard.TailFile - TailFile[id=f6d27f94-b4c2-4ed5-84d5-788a826a0bb9] Checksum updated to 2413961882
[pool-4587-thread-1] DEBUG org.apache.nifi.processors.standard.TailFile - TailFile[id=f6d27f94-b4c2-4ed5-84d5-788a826a0bb9] Created FlowFile[7,app-2016-09-08.0-4.log,4B] and routed to success
[main] DEBUG org.apache.nifi.processors.standard.TailFile - TailFile[id=f6d27f94-b4c2-4ed5-84d5-788a826a0bb9] Closed FileChannel sun.nio.ch.FileChannelImpl@73e90f28
]]></system-err>
  </testcase>
  <testcase name="testMultipleFiles" classname="org.apache.nifi.processors.standard.TestTailFile" time="0.17">
    <system-err><![CDATA[[pool-4588-thread-1] DEBUG org.apache.nifi.processors.standard.TailFile - TailFile[id=03831ecb-0e75-4319-b6e9-77e62c352cb7] Created FileChannel sun.nio.ch.FileChannelImpl@7375ce5a for target/testDir/log.txt
[pool-4588-thread-1] DEBUG org.apache.nifi.processors.standard.TailFile - TailFile[id=03831ecb-0e75-4319-b6e9-77e62c352cb7] No data to consume; created no FlowFiles
[pool-4588-thread-1] DEBUG org.apache.nifi.processors.standard.TailFile - TailFile[id=03831ecb-0e75-4319-b6e9-77e62c352cb7] Closed FileChannel sun.nio.ch.FileChannelImpl@7375ce5a
[pool-4588-thread-1] DEBUG org.apache.nifi.processors.standard.TailFile - TailFile[id=03831ecb-0e75-4319-b6e9-77e62c352cb7] Created FileChannel sun.nio.ch.FileChannelImpl@774a44ec for target/log.txt
[pool-4588-thread-1] DEBUG org.apache.nifi.processors.standard.TailFile - TailFile[id=03831ecb-0e75-4319-b6e9-77e62c352cb7] No data to consume; created no FlowFiles
[main] DEBUG org.apache.nifi.processors.standard.TailFile - TailFile[id=03831ecb-0e75-4319-b6e9-77e62c352cb7] Closed FileChannel sun.nio.ch.FileChannelImpl@774a44ec
[main] DEBUG org.apache.nifi.processors.standard.TailFile - TailFile[id=03831ecb-0e75-4319-b6e9-77e62c352cb7] When recovering state, checksum of tailed file matches the stored checksum. Will resume where left off.
[main] DEBUG org.apache.nifi.processors.standard.TailFile - TailFile[id=03831ecb-0e75-4319-b6e9-77e62c352cb7] Created FileChannel sun.nio.ch.FileChannelImpl@2f9eefd4 for target/log.txt in recoverState
[main] DEBUG org.apache.nifi.processors.standard.TailFile - TailFile[id=03831ecb-0e75-4319-b6e9-77e62c352cb7] Recovered state TailFileState[filename=target/log.txt, position=0, timestamp=0, checksum=0, tailingPostRollover=false]
[main] DEBUG org.apache.nifi.processors.standard.TailFile - TailFile[id=03831ecb-0e75-4319-b6e9-77e62c352cb7] When recovering state, checksum of tailed file matches the stored checksum. Will resume where left off.
[main] DEBUG org.apache.nifi.processors.standard.TailFile - TailFile[id=03831ecb-0e75-4319-b6e9-77e62c352cb7] Created FileChannel sun.nio.ch.FileChannelImpl@741a962 for target/testDir/log.txt in recoverState
[main] DEBUG org.apache.nifi.processors.standard.TailFile - TailFile[id=03831ecb-0e75-4319-b6e9-77e62c352cb7] Recovered state TailFileState[filename=target/testDir/log.txt, position=0, timestamp=0, checksum=0, tailingPostRollover=false]
[pool-4589-thread-1] DEBUG org.apache.nifi.processors.standard.TailFile - TailFile[id=03831ecb-0e75-4319-b6e9-77e62c352cb7] Closed FileChannel sun.nio.ch.FileChannelImpl@741a962
[pool-4589-thread-1] DEBUG org.apache.nifi.processors.standard.TailFile - TailFile[id=03831ecb-0e75-4319-b6e9-77e62c352cb7] Closed FileChannel sun.nio.ch.FileChannelImpl@2f9eefd4
[pool-4589-thread-1] DEBUG org.apache.nifi.processors.standard.TailFile - TailFile[id=03831ecb-0e75-4319-b6e9-77e62c352cb7] Created FileChannel sun.nio.ch.FileChannelImpl@46e7709a for target/logging.txt
[pool-4589-thread-1] DEBUG org.apache.nifi.processors.standard.TailFile - TailFile[id=03831ecb-0e75-4319-b6e9-77e62c352cb7] Reading lines starting at position 0
[pool-4589-thread-1] TRACE org.apache.nifi.processors.standard.TailFile - TailFile[id=03831ecb-0e75-4319-b6e9-77e62c352cb7] Checksum updated to 2413961882
[pool-4589-thread-1] DEBUG org.apache.nifi.processors.standard.TailFile - TailFile[id=03831ecb-0e75-4319-b6e9-77e62c352cb7] Created FlowFile[0,logging.0-4.txt,4B] and routed to success
[pool-4589-thread-1] DEBUG org.apache.nifi.processors.standard.TailFile - TailFile[id=03831ecb-0e75-4319-b6e9-77e62c352cb7] Recovering Rolled Off Files; total number of files rolled off = 0
[pool-4589-thread-1] DEBUG org.apache.nifi.processors.standard.TailFile - TailFile[id=03831ecb-0e75-4319-b6e9-77e62c352cb7] Created FileChannel sun.nio.ch.FileChannelImpl@4b898243 for target/testDir/log.txt
[pool-4589-thread-1] DEBUG org.apache.nifi.processors.standard.TailFile - TailFile[id=03831ecb-0e75-4319-b6e9-77e62c352cb7] Reading lines starting at position 0
[pool-4589-thread-1] TRACE org.apache.nifi.processors.standard.TailFile - TailFile[id=03831ecb-0e75-4319-b6e9-77e62c352cb7] Checksum updated to 3983506042
[pool-4589-thread-1] DEBUG org.apache.nifi.processors.standard.TailFile - TailFile[id=03831ecb-0e75-4319-b6e9-77e62c352cb7] Created FlowFile[1,log.0-3.txt,3B] and routed to success
[pool-4589-thread-1] DEBUG org.apache.nifi.processors.standard.TailFile - TailFile[id=03831ecb-0e75-4319-b6e9-77e62c352cb7] Recovering Rolled Off Files; total number of files rolled off = 0
[pool-4589-thread-1] DEBUG org.apache.nifi.processors.standard.TailFile - TailFile[id=03831ecb-0e75-4319-b6e9-77e62c352cb7] Created FileChannel sun.nio.ch.FileChannelImpl@67f585ee for target/log.txt
[pool-4589-thread-1] DEBUG org.apache.nifi.processors.standard.TailFile - TailFile[id=03831ecb-0e75-4319-b6e9-77e62c352cb7] Reading lines starting at position 0
[pool-4589-thread-1] TRACE org.apache.nifi.processors.standard.TailFile - TailFile[id=03831ecb-0e75-4319-b6e9-77e62c352cb7] Checksum updated to 909783072
[pool-4589-thread-1] DEBUG org.apache.nifi.processors.standard.TailFile - TailFile[id=03831ecb-0e75-4319-b6e9-77e62c352cb7] Created FlowFile[2,log.0-6.txt,6B] and routed to success
[main] DEBUG org.apache.nifi.processors.standard.TailFile - TailFile[id=03831ecb-0e75-4319-b6e9-77e62c352cb7] Closed FileChannel sun.nio.ch.FileChannelImpl@46e7709a
[main] DEBUG org.apache.nifi.processors.standard.TailFile - TailFile[id=03831ecb-0e75-4319-b6e9-77e62c352cb7] Closed FileChannel sun.nio.ch.FileChannelImpl@4b898243
[main] DEBUG org.apache.nifi.processors.standard.TailFile - TailFile[id=03831ecb-0e75-4319-b6e9-77e62c352cb7] Closed FileChannel sun.nio.ch.FileChannelImpl@67f585ee
[main] DEBUG org.apache.nifi.processors.standard.TailFile - TailFile[id=03831ecb-0e75-4319-b6e9-77e62c352cb7] When recovering state, checksum of tailed file matches the stored checksum. Will resume where left off.
[main] DEBUG org.apache.nifi.processors.standard.TailFile - TailFile[id=03831ecb-0e75-4319-b6e9-77e62c352cb7] Created FileChannel sun.nio.ch.FileChannelImpl@544bedc2 for target/logging.txt in recoverState
[main] DEBUG org.apache.nifi.processors.standard.TailFile - TailFile[id=03831ecb-0e75-4319-b6e9-77e62c352cb7] Recovered state TailFileState[filename=target/logging.txt, position=4, timestamp=1714613026590, checksum=2413961882, tailingPostRollover=false]
[main] DEBUG org.apache.nifi.processors.standard.TailFile - TailFile[id=03831ecb-0e75-4319-b6e9-77e62c352cb7] When recovering state, checksum of tailed file matches the stored checksum. Will resume where left off.
[main] DEBUG org.apache.nifi.processors.standard.TailFile - TailFile[id=03831ecb-0e75-4319-b6e9-77e62c352cb7] Created FileChannel sun.nio.ch.FileChannelImpl@4a9dcebe for target/log.txt in recoverState
[main] DEBUG org.apache.nifi.processors.standard.TailFile - TailFile[id=03831ecb-0e75-4319-b6e9-77e62c352cb7] Recovered state TailFileState[filename=target/log.txt, position=6, timestamp=1714613026590, checksum=909783072, tailingPostRollover=false]
[main] DEBUG org.apache.nifi.processors.standard.TailFile - TailFile[id=03831ecb-0e75-4319-b6e9-77e62c352cb7] When recovering state, checksum of tailed file matches the stored checksum. Will resume where left off.
[main] DEBUG org.apache.nifi.processors.standard.TailFile - TailFile[id=03831ecb-0e75-4319-b6e9-77e62c352cb7] Created FileChannel sun.nio.ch.FileChannelImpl@406f9b41 for target/testDir/log.txt in recoverState
[main] DEBUG org.apache.nifi.processors.standard.TailFile - TailFile[id=03831ecb-0e75-4319-b6e9-77e62c352cb7] Recovered state TailFileState[filename=target/testDir/log.txt, position=3, timestamp=1714613026590, checksum=3983506042, tailingPostRollover=false]
[pool-4590-thread-1] DEBUG org.apache.nifi.processors.standard.TailFile - TailFile[id=03831ecb-0e75-4319-b6e9-77e62c352cb7] Recovering Rolled Off Files; total number of files rolled off = 0
[pool-4590-thread-1] DEBUG org.apache.nifi.processors.standard.TailFile - TailFile[id=03831ecb-0e75-4319-b6e9-77e62c352cb7] No data to consume; created no FlowFiles
[pool-4590-thread-1] DEBUG org.apache.nifi.processors.standard.TailFile - TailFile[id=03831ecb-0e75-4319-b6e9-77e62c352cb7] Recovering Rolled Off Files; total number of files rolled off = 0
[pool-4590-thread-1] DEBUG org.apache.nifi.processors.standard.TailFile - TailFile[id=03831ecb-0e75-4319-b6e9-77e62c352cb7] Reading lines starting at position 3
[pool-4590-thread-1] DEBUG org.apache.nifi.processors.standard.TailFile - TailFile[id=03831ecb-0e75-4319-b6e9-77e62c352cb7] Read 0 lines; repositioning reader from 9 to 3
[pool-4590-thread-1] DEBUG org.apache.nifi.processors.standard.TailFile - TailFile[id=03831ecb-0e75-4319-b6e9-77e62c352cb7] No data to consume; removed created FlowFile
[pool-4590-thread-1] DEBUG org.apache.nifi.processors.standard.TailFile - TailFile[id=03831ecb-0e75-4319-b6e9-77e62c352cb7] Recovering Rolled Off Files; total number of files rolled off = 0
[pool-4590-thread-1] DEBUG org.apache.nifi.processors.standard.TailFile - TailFile[id=03831ecb-0e75-4319-b6e9-77e62c352cb7] Reading lines starting at position 6
[pool-4590-thread-1] DEBUG org.apache.nifi.processors.standard.TailFile - TailFile[id=03831ecb-0e75-4319-b6e9-77e62c352cb7] Read 0 lines; repositioning reader from 11 to 6
[pool-4590-thread-1] DEBUG org.apache.nifi.processors.standard.TailFile - TailFile[id=03831ecb-0e75-4319-b6e9-77e62c352cb7] No data to consume; removed created FlowFile
[main] DEBUG org.apache.nifi.processors.standard.TailFile - TailFile[id=03831ecb-0e75-4319-b6e9-77e62c352cb7] Closed FileChannel sun.nio.ch.FileChannelImpl@544bedc2
[main] DEBUG org.apache.nifi.processors.standard.TailFile - TailFile[id=03831ecb-0e75-4319-b6e9-77e62c352cb7] Closed FileChannel sun.nio.ch.FileChannelImpl@406f9b41
[main] DEBUG org.apache.nifi.processors.standard.TailFile - TailFile[id=03831ecb-0e75-4319-b6e9-77e62c352cb7] Closed FileChannel sun.nio.ch.FileChannelImpl@4a9dcebe
[main] DEBUG org.apache.nifi.processors.standard.TailFile - TailFile[id=03831ecb-0e75-4319-b6e9-77e62c352cb7] When recovering state, existing file to tail is only 2 bytes but position flag is 6; this indicates that the file has rotated. Will begin tailing current file from beginning.
[main] DEBUG org.apache.nifi.processors.standard.TailFile - TailFile[id=03831ecb-0e75-4319-b6e9-77e62c352cb7] Recovered state TailFileState[filename=target/log.txt, position=6, timestamp=1714613026590, checksum=0, tailingPostRollover=false]
[main] DEBUG org.apache.nifi.processors.standard.TailFile - TailFile[id=03831ecb-0e75-4319-b6e9-77e62c352cb7] Recovered state TailFileState[filename=target/testDir/logging.txt, position=0, timestamp=0, checksum=null, tailingPostRollover=false]
[main] DEBUG org.apache.nifi.processors.standard.TailFile - TailFile[id=03831ecb-0e75-4319-b6e9-77e62c352cb7] When recovering state, existing file to tail is only 2 bytes but position flag is 3; this indicates that the file has rotated. Will begin tailing current file from beginning.
[main] DEBUG org.apache.nifi.processors.standard.TailFile - TailFile[id=03831ecb-0e75-4319-b6e9-77e62c352cb7] Recovered state TailFileState[filename=target/testDir/log.txt, position=3, timestamp=1714613026590, checksum=0, tailingPostRollover=false]
[pool-4591-thread-1] DEBUG org.apache.nifi.processors.standard.TailFile - TailFile[id=03831ecb-0e75-4319-b6e9-77e62c352cb7] Created FileChannel sun.nio.ch.FileChannelImpl@26b18f95 for target/testDir/logging.txt
[pool-4591-thread-1] DEBUG org.apache.nifi.processors.standard.TailFile - TailFile[id=03831ecb-0e75-4319-b6e9-77e62c352cb7] Reading lines starting at position 0
[pool-4591-thread-1] TRACE org.apache.nifi.processors.standard.TailFile - TailFile[id=03831ecb-0e75-4319-b6e9-77e62c352cb7] Checksum updated to 1432854225
[pool-4591-thread-1] DEBUG org.apache.nifi.processors.standard.TailFile - TailFile[id=03831ecb-0e75-4319-b6e9-77e62c352cb7] Created FlowFile[5,logging.0-2.txt,2B] and routed to success
[pool-4591-thread-1] DEBUG org.apache.nifi.processors.standard.TailFile - TailFile[id=03831ecb-0e75-4319-b6e9-77e62c352cb7] Recovering Rolled Off Files; total number of files rolled off = 1
[pool-4591-thread-1] DEBUG org.apache.nifi.processors.standard.TailFile - TailFile[id=03831ecb-0e75-4319-b6e9-77e62c352cb7] Checksum for target/testDir/log.1 matched expected checksum. Will skip first 3 bytes
[pool-4591-thread-1] DEBUG org.apache.nifi.processors.standard.TailFile - TailFile[id=03831ecb-0e75-4319-b6e9-77e62c352cb7] Reading lines starting at position 3
[pool-4591-thread-1] TRACE org.apache.nifi.processors.standard.TailFile - TailFile[id=03831ecb-0e75-4319-b6e9-77e62c352cb7] Checksum updated to 0
[pool-4591-thread-1] TRACE org.apache.nifi.processors.standard.TailFile - TailFile[id=03831ecb-0e75-4319-b6e9-77e62c352cb7] Checksum updated to 1904515304
[pool-4591-thread-1] DEBUG org.apache.nifi.processors.standard.TailFile - TailFile[id=03831ecb-0e75-4319-b6e9-77e62c352cb7] Created FlowFile[6,log.1,6B] from rolled over file target/testDir/log.1 and routed to success
[pool-4591-thread-1] DEBUG org.apache.nifi.processors.standard.TailFile - TailFile[id=03831ecb-0e75-4319-b6e9-77e62c352cb7] Completed tailing of file target/testDir/log.txt; will cleanup state
[pool-4591-thread-1] DEBUG org.apache.nifi.processors.standard.TailFile - TailFile[id=03831ecb-0e75-4319-b6e9-77e62c352cb7] Closed FileChannel sun.nio.ch.FileChannelImpl@26b18f95
[pool-4591-thread-1] DEBUG org.apache.nifi.processors.standard.TailFile - TailFile[id=03831ecb-0e75-4319-b6e9-77e62c352cb7] Created FileChannel sun.nio.ch.FileChannelImpl@7cc6e488 for target/testDir/log.txt
[pool-4591-thread-1] DEBUG org.apache.nifi.processors.standard.TailFile - TailFile[id=03831ecb-0e75-4319-b6e9-77e62c352cb7] Closed FileChannel sun.nio.ch.FileChannelImpl@7cc6e488
[pool-4591-thread-1] DEBUG org.apache.nifi.processors.standard.TailFile - TailFile[id=03831ecb-0e75-4319-b6e9-77e62c352cb7] Created FileChannel sun.nio.ch.FileChannelImpl@56a101a2 for target/testDir/log.txt
[pool-4591-thread-1] DEBUG org.apache.nifi.processors.standard.TailFile - TailFile[id=03831ecb-0e75-4319-b6e9-77e62c352cb7] Reading lines starting at position 0
[pool-4591-thread-1] TRACE org.apache.nifi.processors.standard.TailFile - TailFile[id=03831ecb-0e75-4319-b6e9-77e62c352cb7] Checksum updated to 1283239824
[pool-4591-thread-1] DEBUG org.apache.nifi.processors.standard.TailFile - TailFile[id=03831ecb-0e75-4319-b6e9-77e62c352cb7] Created FlowFile[7,log.0-2.txt,2B] and routed to success
[pool-4591-thread-1] DEBUG org.apache.nifi.processors.standard.TailFile - TailFile[id=03831ecb-0e75-4319-b6e9-77e62c352cb7] Recovering Rolled Off Files; total number of files rolled off = 1
[pool-4591-thread-1] DEBUG org.apache.nifi.processors.standard.TailFile - TailFile[id=03831ecb-0e75-4319-b6e9-77e62c352cb7] Checksum for target/log.1 matched expected checksum. Will skip first 6 bytes
[pool-4591-thread-1] DEBUG org.apache.nifi.processors.standard.TailFile - TailFile[id=03831ecb-0e75-4319-b6e9-77e62c352cb7] Reading lines starting at position 6
[pool-4591-thread-1] TRACE org.apache.nifi.processors.standard.TailFile - TailFile[id=03831ecb-0e75-4319-b6e9-77e62c352cb7] Checksum updated to 0
[pool-4591-thread-1] TRACE org.apache.nifi.processors.standard.TailFile - TailFile[id=03831ecb-0e75-4319-b6e9-77e62c352cb7] Checksum updated to 980881731
[pool-4591-thread-1] DEBUG org.apache.nifi.processors.standard.TailFile - TailFile[id=03831ecb-0e75-4319-b6e9-77e62c352cb7] Created FlowFile[8,log.1,5B] from rolled over file target/log.1 and routed to success
[pool-4591-thread-1] DEBUG org.apache.nifi.processors.standard.TailFile - TailFile[id=03831ecb-0e75-4319-b6e9-77e62c352cb7] Completed tailing of file target/log.txt; will cleanup state
[pool-4591-thread-1] DEBUG org.apache.nifi.processors.standard.TailFile - TailFile[id=03831ecb-0e75-4319-b6e9-77e62c352cb7] Closed FileChannel sun.nio.ch.FileChannelImpl@56a101a2
[pool-4591-thread-1] DEBUG org.apache.nifi.processors.standard.TailFile - TailFile[id=03831ecb-0e75-4319-b6e9-77e62c352cb7] Created FileChannel sun.nio.ch.FileChannelImpl@4c0a2c39 for target/log.txt
[pool-4591-thread-1] DEBUG org.apache.nifi.processors.standard.TailFile - TailFile[id=03831ecb-0e75-4319-b6e9-77e62c352cb7] Closed FileChannel sun.nio.ch.FileChannelImpl@4c0a2c39
[pool-4591-thread-1] DEBUG org.apache.nifi.processors.standard.TailFile - TailFile[id=03831ecb-0e75-4319-b6e9-77e62c352cb7] Created FileChannel sun.nio.ch.FileChannelImpl@1278880b for target/log.txt
[pool-4591-thread-1] DEBUG org.apache.nifi.processors.standard.TailFile - TailFile[id=03831ecb-0e75-4319-b6e9-77e62c352cb7] Reading lines starting at position 0
[pool-4591-thread-1] TRACE org.apache.nifi.processors.standard.TailFile - TailFile[id=03831ecb-0e75-4319-b6e9-77e62c352cb7] Checksum updated to 1733426259
[pool-4591-thread-1] DEBUG org.apache.nifi.processors.standard.TailFile - TailFile[id=03831ecb-0e75-4319-b6e9-77e62c352cb7] Created FlowFile[9,log.0-2.txt,2B] and routed to success
[main] DEBUG org.apache.nifi.processors.standard.TailFile - TailFile[id=03831ecb-0e75-4319-b6e9-77e62c352cb7] Closed FileChannel sun.nio.ch.FileChannelImpl@1278880b
]]></system-err>
  </testcase>
  <testcase name="testNULContentWithReReadOnNulTrue" classname="org.apache.nifi.processors.standard.TestTailFile" time="0.003">
    <system-err><![CDATA[[pool-4592-thread-1] DEBUG org.apache.nifi.processors.standard.TailFile - TailFile[id=d6413761-0fc8-419c-878c-b9a241293119] Created FileChannel sun.nio.ch.FileChannelImpl@67a22bc3 for target/log.txt
[pool-4592-thread-1] DEBUG org.apache.nifi.processors.standard.TailFile - TailFile[id=d6413761-0fc8-419c-878c-b9a241293119] Reading lines starting at position 0
[pool-4592-thread-1] DEBUG org.apache.nifi.processors.standard.TailFile - TailFile[id=d6413761-0fc8-419c-878c-b9a241293119] No data to consume; removed created FlowFile
[pool-4592-thread-1] WARN org.apache.nifi.processors.standard.TailFile - TailFile[id=d6413761-0fc8-419c-878c-b9a241293119] NUL character encountered in target/log.txt and 'Reread when NUL encountered' is set to 'true', yielding.
[pool-4593-thread-1] DEBUG org.apache.nifi.processors.standard.TailFile - TailFile[id=d6413761-0fc8-419c-878c-b9a241293119] Recovering Rolled Off Files; total number of files rolled off = 0
[pool-4593-thread-1] DEBUG org.apache.nifi.processors.standard.TailFile - TailFile[id=d6413761-0fc8-419c-878c-b9a241293119] Reading lines starting at position 0
[pool-4593-thread-1] TRACE org.apache.nifi.processors.standard.TailFile - TailFile[id=d6413761-0fc8-419c-878c-b9a241293119] Checksum updated to 361017702
[pool-4593-thread-1] DEBUG org.apache.nifi.processors.standard.TailFile - TailFile[id=d6413761-0fc8-419c-878c-b9a241293119] Created FlowFile[1,log.0-58.txt,58B] and routed to success
[main] DEBUG org.apache.nifi.processors.standard.TailFile - TailFile[id=d6413761-0fc8-419c-878c-b9a241293119] Closed FileChannel sun.nio.ch.FileChannelImpl@67a22bc3
]]></system-err>
  </testcase>
  <testcase name="testNULContentWithReReadOnNulFalseOverwriteNul" classname="org.apache.nifi.processors.standard.TestTailFile" time="0.002">
    <system-err><![CDATA[[pool-4594-thread-1] DEBUG org.apache.nifi.processors.standard.TailFile - TailFile[id=75eea3b3-1a50-4d76-a36b-758a041066dc] Created FileChannel sun.nio.ch.FileChannelImpl@210b50c6 for target/log.txt
[pool-4594-thread-1] DEBUG org.apache.nifi.processors.standard.TailFile - TailFile[id=75eea3b3-1a50-4d76-a36b-758a041066dc] Reading lines starting at position 0
[pool-4594-thread-1] TRACE org.apache.nifi.processors.standard.TailFile - TailFile[id=75eea3b3-1a50-4d76-a36b-758a041066dc] Checksum updated to 2783226356
[pool-4594-thread-1] DEBUG org.apache.nifi.processors.standard.TailFile - TailFile[id=75eea3b3-1a50-4d76-a36b-758a041066dc] Created FlowFile[0,log.0-21.txt,21B] and routed to success
[pool-4595-thread-1] DEBUG org.apache.nifi.processors.standard.TailFile - TailFile[id=75eea3b3-1a50-4d76-a36b-758a041066dc] Recovering Rolled Off Files; total number of files rolled off = 0
[pool-4595-thread-1] DEBUG org.apache.nifi.processors.standard.TailFile - TailFile[id=75eea3b3-1a50-4d76-a36b-758a041066dc] Reading lines starting at position 21
[pool-4595-thread-1] TRACE org.apache.nifi.processors.standard.TailFile - TailFile[id=75eea3b3-1a50-4d76-a36b-758a041066dc] Checksum updated to 652681583
[pool-4595-thread-1] DEBUG org.apache.nifi.processors.standard.TailFile - TailFile[id=75eea3b3-1a50-4d76-a36b-758a041066dc] Created FlowFile[1,log.21-92.txt,71B] and routed to success
[main] DEBUG org.apache.nifi.processors.standard.TailFile - TailFile[id=75eea3b3-1a50-4d76-a36b-758a041066dc] Closed FileChannel sun.nio.ch.FileChannelImpl@210b50c6
]]></system-err>
  </testcase>
  <testcase name="testConsumeWhenNewLineFound" classname="org.apache.nifi.processors.standard.TestTailFile" time="1.106">
    <system-err><![CDATA[[pool-4596-thread-1] DEBUG org.apache.nifi.processors.standard.TailFile - TailFile[id=91d9bd94-d5b0-4287-8898-51a809b97fdf] Created FileChannel sun.nio.ch.FileChannelImpl@451b479 for target/log.txt
[pool-4596-thread-1] DEBUG org.apache.nifi.processors.standard.TailFile - TailFile[id=91d9bd94-d5b0-4287-8898-51a809b97fdf] No data to consume; created no FlowFiles
[main] DEBUG org.apache.nifi.processors.standard.TailFile - TailFile[id=91d9bd94-d5b0-4287-8898-51a809b97fdf] Closed FileChannel sun.nio.ch.FileChannelImpl@451b479
[main] DEBUG org.apache.nifi.processors.standard.TailFile - TailFile[id=91d9bd94-d5b0-4287-8898-51a809b97fdf] When recovering state, checksum of tailed file matches the stored checksum. Will resume where left off.
[main] DEBUG org.apache.nifi.processors.standard.TailFile - TailFile[id=91d9bd94-d5b0-4287-8898-51a809b97fdf] Created FileChannel sun.nio.ch.FileChannelImpl@50dd5b2a for target/log.txt in recoverState
[main] DEBUG org.apache.nifi.processors.standard.TailFile - TailFile[id=91d9bd94-d5b0-4287-8898-51a809b97fdf] Recovered state TailFileState[filename=target/log.txt, position=0, timestamp=0, checksum=0, tailingPostRollover=false]
[pool-4597-thread-1] DEBUG org.apache.nifi.processors.standard.TailFile - TailFile[id=91d9bd94-d5b0-4287-8898-51a809b97fdf] Recovering Rolled Off Files; total number of files rolled off = 0
[pool-4597-thread-1] DEBUG org.apache.nifi.processors.standard.TailFile - TailFile[id=91d9bd94-d5b0-4287-8898-51a809b97fdf] Reading lines starting at position 0
[pool-4597-thread-1] DEBUG org.apache.nifi.processors.standard.TailFile - TailFile[id=91d9bd94-d5b0-4287-8898-51a809b97fdf] Read 0 lines; repositioning reader from 12 to 0
[pool-4597-thread-1] DEBUG org.apache.nifi.processors.standard.TailFile - TailFile[id=91d9bd94-d5b0-4287-8898-51a809b97fdf] No data to consume; removed created FlowFile
[main] DEBUG org.apache.nifi.processors.standard.TailFile - TailFile[id=91d9bd94-d5b0-4287-8898-51a809b97fdf] Closed FileChannel sun.nio.ch.FileChannelImpl@50dd5b2a
[main] DEBUG org.apache.nifi.processors.standard.TailFile - TailFile[id=91d9bd94-d5b0-4287-8898-51a809b97fdf] When recovering state, checksum of tailed file matches the stored checksum. Will resume where left off.
[main] DEBUG org.apache.nifi.processors.standard.TailFile - TailFile[id=91d9bd94-d5b0-4287-8898-51a809b97fdf] Created FileChannel sun.nio.ch.FileChannelImpl@3a2f91bd for target/log.txt in recoverState
[main] DEBUG org.apache.nifi.processors.standard.TailFile - TailFile[id=91d9bd94-d5b0-4287-8898-51a809b97fdf] Recovered state TailFileState[filename=target/log.txt, position=0, timestamp=0, checksum=0, tailingPostRollover=false]
[pool-4598-thread-1] DEBUG org.apache.nifi.processors.standard.TailFile - TailFile[id=91d9bd94-d5b0-4287-8898-51a809b97fdf] Recovering Rolled Off Files; total number of files rolled off = 0
[pool-4598-thread-1] DEBUG org.apache.nifi.processors.standard.TailFile - TailFile[id=91d9bd94-d5b0-4287-8898-51a809b97fdf] Reading lines starting at position 0
[pool-4598-thread-1] TRACE org.apache.nifi.processors.standard.TailFile - TailFile[id=91d9bd94-d5b0-4287-8898-51a809b97fdf] Checksum updated to 2379871530
[pool-4598-thread-1] DEBUG org.apache.nifi.processors.standard.TailFile - TailFile[id=91d9bd94-d5b0-4287-8898-51a809b97fdf] Created FlowFile[1,log.0-14.txt,14B] and routed to success
[main] DEBUG org.apache.nifi.processors.standard.TailFile - TailFile[id=91d9bd94-d5b0-4287-8898-51a809b97fdf] Closed FileChannel sun.nio.ch.FileChannelImpl@3a2f91bd
[main] DEBUG org.apache.nifi.processors.standard.TailFile - TailFile[id=91d9bd94-d5b0-4287-8898-51a809b97fdf] When recovering state, checksum of tailed file matches the stored checksum. Will resume where left off.
[main] DEBUG org.apache.nifi.processors.standard.TailFile - TailFile[id=91d9bd94-d5b0-4287-8898-51a809b97fdf] Created FileChannel sun.nio.ch.FileChannelImpl@4b21d84 for target/log.txt in recoverState
[main] DEBUG org.apache.nifi.processors.standard.TailFile - TailFile[id=91d9bd94-d5b0-4287-8898-51a809b97fdf] Recovered state TailFileState[filename=target/log.txt, position=14, timestamp=1714613027842, checksum=2379871530, tailingPostRollover=false]
[pool-4599-thread-1] DEBUG org.apache.nifi.processors.standard.TailFile - TailFile[id=91d9bd94-d5b0-4287-8898-51a809b97fdf] Recovering Rolled Off Files; total number of files rolled off = 0
[pool-4599-thread-1] DEBUG org.apache.nifi.processors.standard.TailFile - TailFile[id=91d9bd94-d5b0-4287-8898-51a809b97fdf] Reading lines starting at position 14
[pool-4599-thread-1] DEBUG org.apache.nifi.processors.standard.TailFile - TailFile[id=91d9bd94-d5b0-4287-8898-51a809b97fdf] Read 0 lines; repositioning reader from 19 to 14
[pool-4599-thread-1] DEBUG org.apache.nifi.processors.standard.TailFile - TailFile[id=91d9bd94-d5b0-4287-8898-51a809b97fdf] No data to consume; removed created FlowFile
[main] DEBUG org.apache.nifi.processors.standard.TailFile - TailFile[id=91d9bd94-d5b0-4287-8898-51a809b97fdf] Closed FileChannel sun.nio.ch.FileChannelImpl@4b21d84
[main] DEBUG org.apache.nifi.processors.standard.TailFile - TailFile[id=91d9bd94-d5b0-4287-8898-51a809b97fdf] When recovering state, checksum of tailed file matches the stored checksum. Will resume where left off.
[main] DEBUG org.apache.nifi.processors.standard.TailFile - TailFile[id=91d9bd94-d5b0-4287-8898-51a809b97fdf] Created FileChannel sun.nio.ch.FileChannelImpl@c36c098 for target/log.txt in recoverState
[main] DEBUG org.apache.nifi.processors.standard.TailFile - TailFile[id=91d9bd94-d5b0-4287-8898-51a809b97fdf] Recovered state TailFileState[filename=target/log.txt, position=14, timestamp=1714613027842, checksum=2379871530, tailingPostRollover=false]
[pool-4600-thread-1] DEBUG org.apache.nifi.processors.standard.TailFile - TailFile[id=91d9bd94-d5b0-4287-8898-51a809b97fdf] Recovering Rolled Off Files; total number of files rolled off = 0
[pool-4600-thread-1] DEBUG org.apache.nifi.processors.standard.TailFile - TailFile[id=91d9bd94-d5b0-4287-8898-51a809b97fdf] Reading lines starting at position 14
[pool-4600-thread-1] TRACE org.apache.nifi.processors.standard.TailFile - TailFile[id=91d9bd94-d5b0-4287-8898-51a809b97fdf] Checksum updated to 2991532123
[pool-4600-thread-1] DEBUG org.apache.nifi.processors.standard.TailFile - TailFile[id=91d9bd94-d5b0-4287-8898-51a809b97fdf] Created FlowFile[3,log.14-20.txt,6B] and routed to success
[main] DEBUG org.apache.nifi.processors.standard.TailFile - TailFile[id=91d9bd94-d5b0-4287-8898-51a809b97fdf] Closed FileChannel sun.nio.ch.FileChannelImpl@c36c098
[main] DEBUG org.apache.nifi.processors.standard.TailFile - TailFile[id=91d9bd94-d5b0-4287-8898-51a809b97fdf] When recovering state, checksum of tailed file matches the stored checksum. Will resume where left off.
[main] DEBUG org.apache.nifi.processors.standard.TailFile - TailFile[id=91d9bd94-d5b0-4287-8898-51a809b97fdf] Created FileChannel sun.nio.ch.FileChannelImpl@4605babf for target/log.txt in recoverState
[main] DEBUG org.apache.nifi.processors.standard.TailFile - TailFile[id=91d9bd94-d5b0-4287-8898-51a809b97fdf] Recovered state TailFileState[filename=target/log.txt, position=20, timestamp=1714613027842, checksum=2991532123, tailingPostRollover=false]
[pool-4601-thread-1] DEBUG org.apache.nifi.processors.standard.TailFile - TailFile[id=91d9bd94-d5b0-4287-8898-51a809b97fdf] Recovering Rolled Off Files; total number of files rolled off = 0
[pool-4601-thread-1] DEBUG org.apache.nifi.processors.standard.TailFile - TailFile[id=91d9bd94-d5b0-4287-8898-51a809b97fdf] Reading lines starting at position 20
[pool-4601-thread-1] TRACE org.apache.nifi.processors.standard.TailFile - TailFile[id=91d9bd94-d5b0-4287-8898-51a809b97fdf] Checksum updated to 2708852260
[pool-4601-thread-1] DEBUG org.apache.nifi.processors.standard.TailFile - TailFile[id=91d9bd94-d5b0-4287-8898-51a809b97fdf] Read 1 lines; repositioning reader from 36 to 29
[pool-4601-thread-1] DEBUG org.apache.nifi.processors.standard.TailFile - TailFile[id=91d9bd94-d5b0-4287-8898-51a809b97fdf] Created FlowFile[4,log.20-29.txt,9B] and routed to success
[main] DEBUG org.apache.nifi.processors.standard.TailFile - TailFile[id=91d9bd94-d5b0-4287-8898-51a809b97fdf] Closed FileChannel sun.nio.ch.FileChannelImpl@4605babf
[main] DEBUG org.apache.nifi.processors.standard.TailFile - TailFile[id=91d9bd94-d5b0-4287-8898-51a809b97fdf] When recovering state, checksum of tailed file matches the stored checksum. Will resume where left off.
[main] DEBUG org.apache.nifi.processors.standard.TailFile - TailFile[id=91d9bd94-d5b0-4287-8898-51a809b97fdf] Created FileChannel sun.nio.ch.FileChannelImpl@2615f350 for target/log.txt in recoverState
[main] DEBUG org.apache.nifi.processors.standard.TailFile - TailFile[id=91d9bd94-d5b0-4287-8898-51a809b97fdf] Recovered state TailFileState[filename=target/log.txt, position=29, timestamp=1714613027842, checksum=2708852260, tailingPostRollover=false]
[pool-4602-thread-1] DEBUG org.apache.nifi.processors.standard.TailFile - TailFile[id=91d9bd94-d5b0-4287-8898-51a809b97fdf] Recovering Rolled Off Files; total number of files rolled off = 0
[pool-4602-thread-1] DEBUG org.apache.nifi.processors.standard.TailFile - TailFile[id=91d9bd94-d5b0-4287-8898-51a809b97fdf] Reading lines starting at position 29
[pool-4602-thread-1] TRACE org.apache.nifi.processors.standard.TailFile - TailFile[id=91d9bd94-d5b0-4287-8898-51a809b97fdf] Checksum updated to 989246874
[pool-4602-thread-1] DEBUG org.apache.nifi.processors.standard.TailFile - TailFile[id=91d9bd94-d5b0-4287-8898-51a809b97fdf] Created FlowFile[5,log.29-38.txt,9B] and routed to success
[main] DEBUG org.apache.nifi.processors.standard.TailFile - TailFile[id=91d9bd94-d5b0-4287-8898-51a809b97fdf] Closed FileChannel sun.nio.ch.FileChannelImpl@2615f350
]]></system-err>
  </testcase>
  <testcase name="testNULContentWhenRolledOver" classname="org.apache.nifi.processors.standard.TestTailFile" time="0.004">
    <system-err><![CDATA[[pool-4603-thread-1] DEBUG org.apache.nifi.processors.standard.TailFile - TailFile[id=b4f3e1ee-90c9-4d98-a385-537547a4a4ae] Created FileChannel sun.nio.ch.FileChannelImpl@21b3518c for target/log.txt
[pool-4603-thread-1] DEBUG org.apache.nifi.processors.standard.TailFile - TailFile[id=b4f3e1ee-90c9-4d98-a385-537547a4a4ae] Reading lines starting at position 0
[pool-4603-thread-1] TRACE org.apache.nifi.processors.standard.TailFile - TailFile[id=b4f3e1ee-90c9-4d98-a385-537547a4a4ae] Checksum updated to 3723141383
[pool-4603-thread-1] DEBUG org.apache.nifi.processors.standard.TailFile - TailFile[id=b4f3e1ee-90c9-4d98-a385-537547a4a4ae] Read 1 lines; repositioning reader from 3 to 2
[pool-4603-thread-1] DEBUG org.apache.nifi.processors.standard.TailFile - TailFile[id=b4f3e1ee-90c9-4d98-a385-537547a4a4ae] Created FlowFile[0,log.0-2.txt,2B] and routed to success
[pool-4604-thread-1] DEBUG org.apache.nifi.processors.standard.TailFile - TailFile[id=b4f3e1ee-90c9-4d98-a385-537547a4a4ae] Recovering Rolled Off Files; total number of files rolled off = 1
[pool-4604-thread-1] DEBUG org.apache.nifi.processors.standard.TailFile - TailFile[id=b4f3e1ee-90c9-4d98-a385-537547a4a4ae] Checksum for target/log.txt.0.log matched expected checksum. Will skip first 2 bytes
[pool-4604-thread-1] DEBUG org.apache.nifi.processors.standard.TailFile - TailFile[id=b4f3e1ee-90c9-4d98-a385-537547a4a4ae] Reading lines starting at position 2
[pool-4604-thread-1] INFO org.apache.nifi.processors.standard.TailFile - TailFile[id=b4f3e1ee-90c9-4d98-a385-537547a4a4ae] Encountered NUL character when tailing file target/log.txt; will yield
[pool-4604-thread-1] WARN org.apache.nifi.processors.standard.TailFile - TailFile[id=b4f3e1ee-90c9-4d98-a385-537547a4a4ae] NUL character encountered in target/log.txt and 'Reread when NUL encountered' is set to 'true', yielding.
[pool-4605-thread-1] DEBUG org.apache.nifi.processors.standard.TailFile - TailFile[id=b4f3e1ee-90c9-4d98-a385-537547a4a4ae] Recovering Rolled Off Files; total number of files rolled off = 1
[pool-4605-thread-1] DEBUG org.apache.nifi.processors.standard.TailFile - TailFile[id=b4f3e1ee-90c9-4d98-a385-537547a4a4ae] Checksum for target/log.txt.0.log matched expected checksum. Will skip first 2 bytes
[pool-4605-thread-1] DEBUG org.apache.nifi.processors.standard.TailFile - TailFile[id=b4f3e1ee-90c9-4d98-a385-537547a4a4ae] Reading lines starting at position 2
[pool-4605-thread-1] TRACE org.apache.nifi.processors.standard.TailFile - TailFile[id=b4f3e1ee-90c9-4d98-a385-537547a4a4ae] Checksum updated to 3902506928
[pool-4605-thread-1] TRACE org.apache.nifi.processors.standard.TailFile - TailFile[id=b4f3e1ee-90c9-4d98-a385-537547a4a4ae] Checksum updated to 3902506928
[pool-4605-thread-1] TRACE org.apache.nifi.processors.standard.TailFile - TailFile[id=b4f3e1ee-90c9-4d98-a385-537547a4a4ae] Checksum updated to 3902506928
[pool-4605-thread-1] DEBUG org.apache.nifi.processors.standard.TailFile - TailFile[id=b4f3e1ee-90c9-4d98-a385-537547a4a4ae] Created FlowFile[2,log.txt.0.log,3B] from rolled over file target/log.txt.0.log and routed to success
[pool-4605-thread-1] DEBUG org.apache.nifi.processors.standard.TailFile - TailFile[id=b4f3e1ee-90c9-4d98-a385-537547a4a4ae] Completed tailing of file target/log.txt; will cleanup state
[pool-4605-thread-1] DEBUG org.apache.nifi.processors.standard.TailFile - TailFile[id=b4f3e1ee-90c9-4d98-a385-537547a4a4ae] Closed FileChannel sun.nio.ch.FileChannelImpl@21b3518c
[pool-4605-thread-1] DEBUG org.apache.nifi.processors.standard.TailFile - TailFile[id=b4f3e1ee-90c9-4d98-a385-537547a4a4ae] Created FileChannel sun.nio.ch.FileChannelImpl@27bee074 for target/log.txt
[pool-4605-thread-1] DEBUG org.apache.nifi.processors.standard.TailFile - TailFile[id=b4f3e1ee-90c9-4d98-a385-537547a4a4ae] Closed FileChannel sun.nio.ch.FileChannelImpl@27bee074
[pool-4605-thread-1] DEBUG org.apache.nifi.processors.standard.TailFile - TailFile[id=b4f3e1ee-90c9-4d98-a385-537547a4a4ae] Created FileChannel sun.nio.ch.FileChannelImpl@2381605b for target/log.txt
[pool-4605-thread-1] DEBUG org.apache.nifi.processors.standard.TailFile - TailFile[id=b4f3e1ee-90c9-4d98-a385-537547a4a4ae] No data to consume; created no FlowFiles
[pool-4606-thread-1] DEBUG org.apache.nifi.processors.standard.TailFile - TailFile[id=b4f3e1ee-90c9-4d98-a385-537547a4a4ae] Found rolled off file target/log.txt.0.log but its last modified timestamp is before the cutoff (Last Mod = 1714613027846, Cutoff = 1714613027847) so will not consume it
[pool-4606-thread-1] DEBUG org.apache.nifi.processors.standard.TailFile - TailFile[id=b4f3e1ee-90c9-4d98-a385-537547a4a4ae] Found rolled off file target/log.txt but its last modified timestamp is before the cutoff (Last Mod = 1714613027846, Cutoff = 1714613027847) so will not consume it
[pool-4606-thread-1] DEBUG org.apache.nifi.processors.standard.TailFile - TailFile[id=b4f3e1ee-90c9-4d98-a385-537547a4a4ae] Recovering Rolled Off Files; total number of files rolled off = 0
[pool-4606-thread-1] DEBUG org.apache.nifi.processors.standard.TailFile - TailFile[id=b4f3e1ee-90c9-4d98-a385-537547a4a4ae] Rotated = true because TailFileState Length = 5, File Length = 2
[pool-4606-thread-1] DEBUG org.apache.nifi.processors.standard.TailFile - TailFile[id=b4f3e1ee-90c9-4d98-a385-537547a4a4ae] Closed FileChannel sun.nio.ch.FileChannelImpl@2381605b
[pool-4606-thread-1] DEBUG org.apache.nifi.processors.standard.TailFile - TailFile[id=b4f3e1ee-90c9-4d98-a385-537547a4a4ae] Created FileChannel sun.nio.ch.FileChannelImpl@18a17324 for target/log.txt
[pool-4606-thread-1] DEBUG org.apache.nifi.processors.standard.TailFile - TailFile[id=b4f3e1ee-90c9-4d98-a385-537547a4a4ae] Reading lines starting at position 0
[pool-4606-thread-1] TRACE org.apache.nifi.processors.standard.TailFile - TailFile[id=b4f3e1ee-90c9-4d98-a385-537547a4a4ae] Checksum updated to 2694665538
[pool-4606-thread-1] DEBUG org.apache.nifi.processors.standard.TailFile - TailFile[id=b4f3e1ee-90c9-4d98-a385-537547a4a4ae] Created FlowFile[3,log.0-2.txt,2B] and routed to success
[main] DEBUG org.apache.nifi.processors.standard.TailFile - TailFile[id=b4f3e1ee-90c9-4d98-a385-537547a4a4ae] Closed FileChannel sun.nio.ch.FileChannelImpl@18a17324
]]></system-err>
  </testcase>
</testsuite>