<?xml version="1.0" encoding="UTF-8"?>
<testsuite xmlns:xsi="http://www.w3.org/2001/XMLSchema-instance" xsi:noNamespaceSchemaLocation="https://maven.apache.org/surefire/maven-surefire-plugin/xsd/surefire-test-report-3.0.xsd" version="3.0" name="org.apache.nifi.processors.standard.TestExecuteSQLRecord" time="8.789" tests="18" errors="0" skipped="0" failures="0">
  <properties>
    <property name="sun.desktop" value="gnome"/>
    <property name="awt.toolkit" value="sun.awt.X11.XToolkit"/>
    <property name="file.encoding.pkg" value="sun.io"/>
    <property name="java.specification.version" value="1.8"/>
    <property name="sun.cpu.isalist" value=""/>
    <property name="sun.jnu.encoding" value="UTF-8"/>
    <property name="java.class.path" value="/home/alex/Repositories/nifi/nifi-nar-bundles/nifi-standard-bundle/nifi-standard-processors/target/test-classes:/home/alex/Repositories/nifi/nifi-nar-bundles/nifi-standard-bundle/nifi-standard-processors/target/classes:/home/alex/.m2/repository/org/apache/ftpserver/ftpserver-core/1.1.1/ftpserver-core-1.1.1.jar:/home/alex/.m2/repository/org/apache/ftpserver/ftplet-api/1.1.1/ftplet-api-1.1.1.jar:/home/alex/.m2/repository/org/slf4j/slf4j-api/1.7.32/slf4j-api-1.7.32.jar:/home/alex/.m2/repository/org/apache/mina/mina-core/2.0.16/mina-core-2.0.16.jar:/home/alex/Repositories/nifi/nifi-api/target/classes:/home/alex/Repositories/nifi/nifi-commons/nifi-expression-language/target/classes:/home/alex/.m2/repository/org/antlr/antlr-runtime/3.5.2/antlr-runtime-3.5.2.jar:/home/alex/Repositories/nifi/nifi-commons/nifi-parameter/target/classes:/home/alex/Repositories/nifi/nifi-commons/nifi-uuid5/target/classes:/home/alex/.m2/repository/org/apache/commons/commons-text/1.8/commons-text-1.8.jar:/home/alex/Repositories/nifi/nifi-nar-bundles/nifi-extension-utils/nifi-processor-utils/target/classes:/home/alex/Repositories/nifi/nifi-commons/nifi-security-socket-ssl/target/classes:/home/alex/Repositories/nifi/nifi-nar-bundles/nifi-extension-utils/nifi-event-transport/target/classes:/home/alex/.m2/repository/io/netty/netty-handler/4.1.69.Final/netty-handler-4.1.69.Final.jar:/home/alex/.m2/repository/io/netty/netty-common/4.1.69.Final/netty-common-4.1.69.Final.jar:/home/alex/.m2/repository/io/netty/netty-resolver/4.1.69.Final/netty-resolver-4.1.69.Final.jar:/home/alex/.m2/repository/io/netty/netty-transport/4.1.69.Final/netty-transport-4.1.69.Final.jar:/home/alex/.m2/repository/io/netty/netty-codec/4.1.69.Final/netty-codec-4.1.69.Final.jar:/home/alex/Repositories/nifi/nifi-nar-bundles/nifi-extension-utils/nifi-syslog-utils/target/classes:/home/alex/.m2/repository/com/github/palindromicity/simple-syslog-5424/0.0.16/simple-syslog-5424-0.0.16.jar:/home/alex/.m2/repository/org/antlr/antlr4-runtime/4.7.2/antlr4-runtime-4.7.2.jar:/home/alex/Repositories/nifi/nifi-commons/nifi-utils/target/classes:/home/alex/Repositories/nifi/nifi-commons/nifi-record-path/target/classes:/home/alex/Repositories/nifi/nifi-commons/nifi-properties/target/classes:/home/alex/Repositories/nifi/nifi-commons/nifi-property-utils/target/classes:/home/alex/.m2/repository/com/github/ben-manes/caffeine/caffeine/2.8.1/caffeine-2.8.1.jar:/home/alex/Repositories/nifi/nifi-nar-bundles/nifi-standard-services/nifi-ssl-context-service-api/target/classes:/home/alex/Repositories/nifi/nifi-commons/nifi-security-utils-api/target/classes:/home/alex/Repositories/nifi/nifi-nar-bundles/nifi-standard-services/nifi-lookup-service-api/target/classes:/home/alex/Repositories/nifi/nifi-commons/nifi-flowfile-packager/target/classes:/home/alex/Repositories/nifi/nifi-nar-bundles/nifi-standard-services/nifi-distributed-cache-client-service-api/target/classes:/home/alex/Repositories/nifi/nifi-nar-bundles/nifi-standard-services/nifi-http-context-map-api/target/classes:/home/alex/Repositories/nifi/nifi-nar-bundles/nifi-standard-services/nifi-record-serialization-service-api/target/classes:/home/alex/Repositories/nifi/nifi-nar-bundles/nifi-standard-services/nifi-proxy-configuration-api/target/classes:/home/alex/Repositories/nifi/nifi-commons/nifi-record/target/classes:/home/alex/Repositories/nifi/nifi-nar-bundles/nifi-standard-services/nifi-record-sink-api/target/classes:/home/alex/.m2/repository/commons-io/commons-io/2.10.0/commons-io-2.10.0.jar:/home/alex/.m2/repository/javax/ws/rs/javax.ws.rs-api/2.1/javax.ws.rs-api-2.1.jar:/home/alex/.m2/repository/commons-net/commons-net/3.6/commons-net-3.6.jar:/home/alex/.m2/repository/org/apache/commons/commons-compress/1.21/commons-compress-1.21.jar:/home/alex/.m2/repository/org/apache/commons/commons-lang3/3.9/commons-lang3-3.9.jar:/home/alex/.m2/repository/org/bouncycastle/bcprov-jdk15on/1.69/bcprov-jdk15on-1.69.jar:/home/alex/.m2/repository/org/bouncycastle/bcpg-jdk15on/1.69/bcpg-jdk15on-1.69.jar:/home/alex/.m2/repository/org/bouncycastle/bcpkix-jdk15on/1.69/bcpkix-jdk15on-1.69.jar:/home/alex/.m2/repository/org/bouncycastle/bcutil-jdk15on/1.69/bcutil-jdk15on-1.69.jar:/home/alex/.m2/repository/commons-codec/commons-codec/1.14/commons-codec-1.14.jar:/home/alex/Repositories/nifi/nifi-commons/nifi-security-utils/target/classes:/home/alex/Repositories/nifi/nifi-commons/nifi-security-kms/target/classes:/home/alex/.m2/repository/org/apache/commons/commons-configuration2/2.7/commons-configuration2-2.7.jar:/home/alex/.m2/repository/com/hierynomus/sshj/0.32.0/sshj-0.32.0.jar:/home/alex/.m2/repository/com/jcraft/jzlib/1.1.3/jzlib-1.1.3.jar:/home/alex/.m2/repository/com/hierynomus/asn-one/0.6.0/asn-one-0.6.0.jar:/home/alex/.m2/repository/net/i2p/crypto/eddsa/0.3.0/eddsa-0.3.0.jar:/home/alex/.m2/repository/org/eclipse/jetty/jetty-server/9.4.44.v20210927/jetty-server-9.4.44.v20210927.jar:/home/alex/.m2/repository/javax/servlet/javax.servlet-api/3.1.0/javax.servlet-api-3.1.0.jar:/home/alex/.m2/repository/org/eclipse/jetty/jetty-http/9.4.44.v20210927/jetty-http-9.4.44.v20210927.jar:/home/alex/.m2/repository/org/eclipse/jetty/jetty-util/9.4.44.v20210927/jetty-util-9.4.44.v20210927.jar:/home/alex/.m2/repository/org/eclipse/jetty/jetty-io/9.4.44.v20210927/jetty-io-9.4.44.v20210927.jar:/home/alex/.m2/repository/org/eclipse/jetty/jetty-servlet/9.4.44.v20210927/jetty-servlet-9.4.44.v20210927.jar:/home/alex/.m2/repository/org/eclipse/jetty/jetty-security/9.4.44.v20210927/jetty-security-9.4.44.v20210927.jar:/home/alex/.m2/repository/org/eclipse/jetty/jetty-util-ajax/9.4.44.v20210927/jetty-util-ajax-9.4.44.v20210927.jar:/home/alex/.m2/repository/org/apache/httpcomponents/httpclient/4.5.5/httpclient-4.5.5.jar:/home/alex/.m2/repository/commons-logging/commons-logging/1.2/commons-logging-1.2.jar:/home/alex/.m2/repository/org/apache/httpcomponents/httpcore/4.4.9/httpcore-4.4.9.jar:/home/alex/.m2/repository/jakarta/activation/jakarta.activation-api/2.0.1/jakarta.activation-api-2.0.1.jar:/home/alex/.m2/repository/com/sun/activation/jakarta.activation/2.0.1/jakarta.activation-2.0.1.jar:/home/alex/.m2/repository/jakarta/mail/jakarta.mail-api/2.0.1/jakarta.mail-api-2.0.1.jar:/home/alex/.m2/repository/com/sun/mail/jakarta.mail/2.0.1/jakarta.mail-2.0.1.jar:/home/alex/.m2/repository/com/github/jponge/lzma-java/1.3/lzma-java-1.3.jar:/home/alex/.m2/repository/org/tukaani/xz/1.8/xz-1.8.jar:/home/alex/.m2/repository/net/sf/saxon/Saxon-HE/10.6/Saxon-HE-10.6.jar:/home/alex/Repositories/nifi/nifi-commons/nifi-socket-utils/target/classes:/home/alex/Repositories/nifi/nifi-commons/nifi-logging-utils/target/classes:/home/alex/Repositories/nifi/nifi-nar-bundles/nifi-standard-services/nifi-load-distribution-service-api/target/classes:/home/alex/.m2/repository/javax/jms/javax.jms-api/2.0.1/javax.jms-api-2.0.1.jar:/home/alex/.m2/repository/org/apache/activemq/activemq-client/5.15.15/activemq-client-5.15.15.jar:/home/alex/.m2/repository/org/apache/geronimo/specs/geronimo-jms_1.1_spec/1.1.1/geronimo-jms_1.1_spec-1.1.1.jar:/home/alex/.m2/repository/org/fusesource/hawtbuf/hawtbuf/1.11/hawtbuf-1.11.jar:/home/alex/.m2/repository/org/apache/geronimo/specs/geronimo-j2ee-management_1.1_spec/1.0.1/geronimo-j2ee-management_1.1_spec-1.0.1.jar:/home/alex/.m2/repository/com/jayway/jsonpath/json-path/2.6.0/json-path-2.6.0.jar:/home/alex/.m2/repository/net/minidev/json-smart/2.4.7/json-smart-2.4.7.jar:/home/alex/.m2/repository/net/minidev/accessors-smart/2.4.7/accessors-smart-2.4.7.jar:/home/alex/.m2/repository/org/ow2/asm/asm/9.1/asm-9.1.jar:/home/alex/.m2/repository/org/apache/tika/tika-core/1.26/tika-core-1.26.jar:/home/alex/.m2/repository/com/fasterxml/jackson/core/jackson-databind/2.12.3/jackson-databind-2.12.3.jar:/home/alex/.m2/repository/com/fasterxml/jackson/core/jackson-annotations/2.12.3/jackson-annotations-2.12.3.jar:/home/alex/.m2/repository/com/fasterxml/jackson/core/jackson-core/2.12.3/jackson-core-2.12.3.jar:/home/alex/Repositories/nifi/nifi-nar-bundles/nifi-extension-utils/nifi-record-utils/nifi-avro-record-utils/target/classes:/home/alex/Repositories/nifi/nifi-nar-bundles/nifi-extension-utils/nifi-record-utils/nifi-standard-record-utils/target/classes:/home/alex/.m2/repository/org/apache/avro/avro/1.8.1/avro-1.8.1.jar:/home/alex/.m2/repository/org/codehaus/jackson/jackson-core-asl/1.9.13/jackson-core-asl-1.9.13.jar:/home/alex/.m2/repository/org/codehaus/jackson/jackson-mapper-asl/1.9.13/jackson-mapper-asl-1.9.13.jar:/home/alex/.m2/repository/com/thoughtworks/paranamer/paranamer/2.7/paranamer-2.7.jar:/home/alex/Repositories/nifi/nifi-nar-bundles/nifi-standard-services/nifi-dbcp-service-api/target/classes:/home/alex/.m2/repository/com/squareup/okhttp3/okhttp/4.9.2/okhttp-4.9.2.jar:/home/alex/.m2/repository/com/squareup/okio/okio/2.8.0/okio-2.8.0.jar:/home/alex/.m2/repository/org/jetbrains/kotlin/kotlin-stdlib-common/1.4.0/kotlin-stdlib-common-1.4.0.jar:/home/alex/.m2/repository/org/jetbrains/kotlin/kotlin-stdlib/1.4.10/kotlin-stdlib-1.4.10.jar:/home/alex/.m2/repository/org/jetbrains/annotations/13.0/annotations-13.0.jar:/home/alex/.m2/repository/io/github/rburgst/okhttp-digest/2.5/okhttp-digest-2.5.jar:/home/alex/.m2/repository/at/favre/lib/bcrypt/0.9.0/bcrypt-0.9.0.jar:/home/alex/.m2/repository/at/favre/lib/bytes/1.3.0/bytes-1.3.0.jar:/home/alex/.m2/repository/com/google/guava/guava/28.0-jre/guava-28.0-jre.jar:/home/alex/.m2/repository/com/google/guava/failureaccess/1.0.1/failureaccess-1.0.1.jar:/home/alex/.m2/repository/com/google/guava/listenablefuture/9999.0-empty-to-avoid-conflict-with-guava/listenablefuture-9999.0-empty-to-avoid-conflict-with-guava.jar:/home/alex/.m2/repository/com/google/code/findbugs/jsr305/3.0.2/jsr305-3.0.2.jar:/home/alex/.m2/repository/org/checkerframework/checker-qual/2.8.1/checker-qual-2.8.1.jar:/home/alex/.m2/repository/com/google/errorprone/error_prone_annotations/2.3.2/error_prone_annotations-2.3.2.jar:/home/alex/.m2/repository/com/google/j2objc/j2objc-annotations/1.3/j2objc-annotations-1.3.jar:/home/alex/.m2/repository/org/codehaus/mojo/animal-sniffer-annotations/1.17/animal-sniffer-annotations-1.17.jar:/home/alex/Repositories/nifi/nifi-mock/target/classes:/home/alex/Repositories/nifi/nifi-framework-api/target/classes:/home/alex/Repositories/nifi/nifi-nar-bundles/nifi-framework-bundle/nifi-framework/nifi-framework-core-api/target/classes:/home/alex/Repositories/nifi/nifi-nar-bundles/nifi-framework-bundle/nifi-framework/nifi-framework-nar-utils/target/classes:/home/alex/Repositories/nifi/nifi-nar-bundles/nifi-framework-bundle/nifi-framework/nifi-client-dto/target/classes:/home/alex/.m2/repository/io/swagger/swagger-annotations/1.6.0/swagger-annotations-1.6.0.jar:/home/alex/Repositories/nifi/nifi-commons/nifi-site-to-site-client/target/classes:/home/alex/.m2/repository/org/apache/httpcomponents/httpasyncclient/4.1.4/httpasyncclient-4.1.4.jar:/home/alex/.m2/repository/org/apache/httpcomponents/httpcore-nio/4.4.10/httpcore-nio-4.4.10.jar:/home/alex/Repositories/nifi/nifi-nar-bundles/nifi-framework-bundle/nifi-framework/nifi-framework-authorization/target/classes:/home/alex/Repositories/nifi/nifi-registry/nifi-registry-core/nifi-registry-data-model/target/classes:/home/alex/Repositories/nifi/nifi-registry/nifi-registry-core/nifi-registry-revision/nifi-registry-revision-entity-model/target/classes:/home/alex/Repositories/nifi/nifi-registry/nifi-registry-core/nifi-registry-client/target/classes:/home/alex/Repositories/nifi/nifi-registry/nifi-registry-core/nifi-registry-security-utils/target/classes:/home/alex/.m2/repository/org/glassfish/jersey/core/jersey-client/2.33/jersey-client-2.33.jar:/home/alex/.m2/repository/jakarta/ws/rs/jakarta.ws.rs-api/2.1.6/jakarta.ws.rs-api-2.1.6.jar:/home/alex/.m2/repository/org/glassfish/hk2/external/jakarta.inject/2.6.1/jakarta.inject-2.6.1.jar:/home/alex/.m2/repository/org/glassfish/jersey/media/jersey-media-json-jackson/2.33/jersey-media-json-jackson-2.33.jar:/home/alex/.m2/repository/org/glassfish/jersey/ext/jersey-entity-filtering/2.33/jersey-entity-filtering-2.33.jar:/home/alex/.m2/repository/org/glassfish/jersey/inject/jersey-hk2/2.33/jersey-hk2-2.33.jar:/home/alex/.m2/repository/org/glassfish/hk2/hk2-locator/2.6.1/hk2-locator-2.6.1.jar:/home/alex/.m2/repository/org/glassfish/hk2/external/aopalliance-repackaged/2.6.1/aopalliance-repackaged-2.6.1.jar:/home/alex/.m2/repository/org/glassfish/hk2/hk2-api/2.6.1/hk2-api-2.6.1.jar:/home/alex/.m2/repository/org/glassfish/hk2/hk2-utils/2.6.1/hk2-utils-2.6.1.jar:/home/alex/.m2/repository/org/javassist/javassist/3.25.0-GA/javassist-3.25.0-GA.jar:/home/alex/.m2/repository/org/glassfish/jersey/core/jersey-common/2.33/jersey-common-2.33.jar:/home/alex/.m2/repository/jakarta/annotation/jakarta.annotation-api/1.3.5/jakarta.annotation-api-1.3.5.jar:/home/alex/.m2/repository/org/glassfish/hk2/osgi-resource-locator/1.0.3/osgi-resource-locator-1.0.3.jar:/home/alex/.m2/repository/org/glassfish/jersey/media/jersey-media-multipart/2.33/jersey-media-multipart-2.33.jar:/home/alex/.m2/repository/org/jvnet/mimepull/mimepull/1.9.13/mimepull-1.9.13.jar:/home/alex/Repositories/nifi/nifi-commons/nifi-data-provenance-utils/target/classes:/home/alex/Repositories/nifi/nifi-nar-bundles/nifi-standard-services/nifi-distributed-cache-services-bundle/nifi-distributed-cache-client-service/target/classes:/home/alex/Repositories/nifi/nifi-nar-bundles/nifi-standard-services/nifi-distributed-cache-services-bundle/nifi-distributed-cache-protocol/target/classes:/home/alex/.m2/repository/io/netty/netty-buffer/4.1.69.Final/netty-buffer-4.1.69.Final.jar:/home/alex/.m2/repository/com/google/http-client/google-http-client/1.28.0/google-http-client-1.28.0.jar:/home/alex/.m2/repository/io/opencensus/opencensus-api/0.18.0/opencensus-api-0.18.0.jar:/home/alex/.m2/repository/io/grpc/grpc-context/1.14.0/grpc-context-1.14.0.jar:/home/alex/.m2/repository/io/opencensus/opencensus-contrib-http-util/0.18.0/opencensus-contrib-http-util-0.18.0.jar:/home/alex/.m2/repository/org/apache/activemq/activemq-broker/5.15.14/activemq-broker-5.15.14.jar:/home/alex/.m2/repository/org/apache/activemq/activemq-openwire-legacy/5.15.14/activemq-openwire-legacy-5.15.14.jar:/home/alex/Repositories/nifi/nifi-nar-bundles/nifi-standard-services/nifi-ssl-context-bundle/nifi-ssl-context-service/target/classes:/home/alex/Repositories/nifi/nifi-nar-bundles/nifi-framework-bundle/nifi-framework/nifi-standard-prioritizers/target/classes:/home/alex/Repositories/nifi/nifi-nar-bundles/nifi-extension-utils/nifi-record-utils/nifi-mock-record-utils/target/classes:/home/alex/Repositories/nifi/nifi-nar-bundles/nifi-standard-services/nifi-record-serialization-services-bundle/nifi-record-serialization-services/target/classes:/home/alex/.m2/repository/org/apache/commons/commons-csv/1.8/commons-csv-1.8.jar:/home/alex/.m2/repository/com/fasterxml/jackson/dataformat/jackson-dataformat-csv/2.12.3/jackson-dataformat-csv-2.12.3.jar:/home/alex/.m2/repository/net/java/dev/stax-utils/stax-utils/20070216/stax-utils-20070216.jar:/home/alex/Repositories/nifi/nifi-nar-bundles/nifi-standard-services/nifi-lookup-services-bundle/nifi-lookup-services/target/classes:/home/alex/.m2/repository/commons-beanutils/commons-beanutils/1.9.4/commons-beanutils-1.9.4.jar:/home/alex/.m2/repository/commons-collections/commons-collections/3.2.2/commons-collections-3.2.2.jar:/home/alex/.m2/repository/com/maxmind/geoip2/geoip2/2.12.0/geoip2-2.12.0.jar:/home/alex/.m2/repository/com/maxmind/db/maxmind-db/1.2.2/maxmind-db-1.2.2.jar:/home/alex/.m2/repository/org/apache/derby/derby/10.14.2.0/derby-10.14.2.0.jar:/home/alex/.m2/repository/org/xerial/snappy/snappy-java/1.1.7.3/snappy-java-1.1.7.3.jar:/home/alex/.m2/repository/net/lingala/zip4j/zip4j/2.8.0/zip4j-2.8.0.jar:/home/alex/.m2/repository/com/h2database/h2/1.4.187/h2-1.4.187.jar:/home/alex/.m2/repository/org/mockftpserver/MockFtpServer/2.7.1/MockFtpServer-2.7.1.jar:/home/alex/.m2/repository/org/apache/sshd/sshd-core/1.7.0/sshd-core-1.7.0.jar:/home/alex/.m2/repository/com/bazaarvoice/jolt/jolt-core/0.1.1/jolt-core-0.1.1.jar:/home/alex/.m2/repository/javax/inject/javax.inject/1/javax.inject-1.jar:/home/alex/.m2/repository/com/bazaarvoice/jolt/json-utils/0.1.1/json-utils-0.1.1.jar:/home/alex/Repositories/nifi/nifi-nar-bundles/nifi-standard-bundle/nifi-standard-utils/target/classes:/home/alex/.m2/repository/net/sf/supercsv/super-csv/2.4.0/super-csv-2.4.0.jar:/home/alex/.m2/repository/com/fluenda/parcefone/2.1.0/parcefone-2.1.0.jar:/home/alex/.m2/repository/javax/validation/validation-api/1.1.0.Final/validation-api-1.1.0.Final.jar:/home/alex/.m2/repository/javax/el/javax.el-api/3.0.0/javax.el-api-3.0.0.jar:/home/alex/.m2/repository/com/github/wnameless/json/json-flattener/0.12.0/json-flattener-0.12.0.jar:/home/alex/.m2/repository/com/github/wnameless/json/json-base/2.0.0/json-base-2.0.0.jar:/home/alex/.m2/repository/org/apache/bval/bval-jsr/1.1.2/bval-jsr-1.1.2.jar:/home/alex/.m2/repository/org/apache/bval/bval-core/1.1.2/bval-core-1.1.2.jar:/home/alex/.m2/repository/io/krakens/java-grok/0.1.9/java-grok-0.1.9.jar:/home/alex/.m2/repository/org/apache/calcite/calcite-core/1.27.0/calcite-core-1.27.0.jar:/home/alex/.m2/repository/org/apache/calcite/calcite-linq4j/1.27.0/calcite-linq4j-1.27.0.jar:/home/alex/.m2/repository/com/esri/geometry/esri-geometry-api/2.2.0/esri-geometry-api-2.2.0.jar:/home/alex/.m2/repository/org/apache/calcite/avatica/avatica-core/1.18.0/avatica-core-1.18.0.jar:/home/alex/.m2/repository/org/apache/calcite/avatica/avatica-metrics/1.18.0/avatica-metrics-1.18.0.jar:/home/alex/.m2/repository/com/google/protobuf/protobuf-java/3.6.1/protobuf-java-3.6.1.jar:/home/alex/.m2/repository/org/apiguardian/apiguardian-api/1.1.0/apiguardian-api-1.1.0.jar:/home/alex/.m2/repository/com/fasterxml/jackson/dataformat/jackson-dataformat-yaml/2.10.0/jackson-dataformat-yaml-2.10.0.jar:/home/alex/.m2/repository/org/yaml/snakeyaml/1.29/snakeyaml-1.29.jar:/home/alex/.m2/repository/com/google/uzaygezen/uzaygezen-core/0.2/uzaygezen-core-0.2.jar:/home/alex/.m2/repository/com/yahoo/datasketches/sketches-core/0.9.0/sketches-core-0.9.0.jar:/home/alex/.m2/repository/com/yahoo/datasketches/memory/0.9.0/memory-0.9.0.jar:/home/alex/.m2/repository/net/hydromatic/aggdesigner-algorithm/6.0/aggdesigner-algorithm-6.0.jar:/home/alex/.m2/repository/commons-lang/commons-lang/2.4/commons-lang-2.4.jar:/home/alex/.m2/repository/org/apache/commons/commons-dbcp2/2.6.0/commons-dbcp2-2.6.0.jar:/home/alex/.m2/repository/org/apache/commons/commons-pool2/2.6.1/commons-pool2-2.6.1.jar:/home/alex/.m2/repository/org/codehaus/janino/commons-compiler/3.0.11/commons-compiler-3.0.11.jar:/home/alex/.m2/repository/org/codehaus/janino/janino/3.0.11/janino-3.0.11.jar:/home/alex/Repositories/nifi/nifi-nar-bundles/nifi-standard-services/nifi-schema-registry-service-api/target/classes:/home/alex/Repositories/nifi/nifi-nar-bundles/nifi-extension-utils/nifi-database-utils/target/classes:/home/alex/Repositories/nifi/nifi-nar-bundles/nifi-standard-bundle/nifi-standard-web-test-utils/target/classes:/home/alex/.m2/repository/com/github/stefanbirkner/fake-sftp-server-rule/2.0.1/fake-sftp-server-rule-2.0.1.jar:/home/alex/.m2/repository/com/github/marschall/memoryfilesystem/2.8.0/memoryfilesystem-2.8.0.jar:/home/alex/.m2/repository/junit/junit/4.13.2/junit-4.13.2.jar:/home/alex/.m2/repository/org/hamcrest/hamcrest-core/1.3/hamcrest-core-1.3.jar:/home/alex/Repositories/nifi/nifi-nar-bundles/nifi-extension-utils/nifi-database-test-utils/target/classes:/home/alex/.m2/repository/org/codehaus/groovy/groovy-json/2.5.14/groovy-json-2.5.14.jar:/home/alex/.m2/repository/org/codehaus/groovy/groovy/2.5.14/groovy-2.5.14.jar:/home/alex/.m2/repository/org/codehaus/groovy/groovy-servlet/2.5.14/groovy-servlet-2.5.14.jar:/home/alex/.m2/repository/org/codehaus/groovy/groovy-templates/2.5.14/groovy-templates-2.5.14.jar:/home/alex/.m2/repository/org/codehaus/groovy/groovy-xml/2.5.14/groovy-xml-2.5.14.jar:/home/alex/.m2/repository/org/hamcrest/hamcrest-all/1.3/hamcrest-all-1.3.jar:/home/alex/.m2/repository/com/squareup/okhttp3/mockwebserver/4.9.2/mockwebserver-4.9.2.jar:/home/alex/.m2/repository/org/jetbrains/kotlin/kotlin-stdlib-jdk8/1.4.10/kotlin-stdlib-jdk8-1.4.10.jar:/home/alex/.m2/repository/org/jetbrains/kotlin/kotlin-stdlib-jdk7/1.4.10/kotlin-stdlib-jdk7-1.4.10.jar:/home/alex/.m2/repository/org/mockito/mockito-inline/3.12.4/mockito-inline-3.12.4.jar:/home/alex/.m2/repository/org/junit/jupiter/junit-jupiter-api/5.7.2/junit-jupiter-api-5.7.2.jar:/home/alex/.m2/repository/org/opentest4j/opentest4j/1.2.0/opentest4j-1.2.0.jar:/home/alex/.m2/repository/org/junit/platform/junit-platform-commons/1.7.2/junit-platform-commons-1.7.2.jar:/home/alex/.m2/repository/org/junit/jupiter/junit-jupiter-engine/5.7.2/junit-jupiter-engine-5.7.2.jar:/home/alex/.m2/repository/org/junit/platform/junit-platform-engine/1.7.2/junit-platform-engine-1.7.2.jar:/home/alex/.m2/repository/org/junit/vintage/junit-vintage-engine/5.7.2/junit-vintage-engine-5.7.2.jar:/home/alex/.m2/repository/org/junit/jupiter/junit-jupiter-params/5.7.2/junit-jupiter-params-5.7.2.jar:/home/alex/.m2/repository/org/mockito/mockito-core/3.11.2/mockito-core-3.11.2.jar:/home/alex/.m2/repository/net/bytebuddy/byte-buddy/1.11.3/byte-buddy-1.11.3.jar:/home/alex/.m2/repository/net/bytebuddy/byte-buddy-agent/1.11.3/byte-buddy-agent-1.11.3.jar:/home/alex/.m2/repository/org/objenesis/objenesis/3.2/objenesis-3.2.jar:/home/alex/.m2/repository/org/mockito/mockito-junit-jupiter/3.11.2/mockito-junit-jupiter-3.11.2.jar:/home/alex/.m2/repository/org/slf4j/slf4j-simple/1.7.32/slf4j-simple-1.7.32.jar:/home/alex/.m2/repository/org/codehaus/groovy/groovy-test/2.5.14/groovy-test-2.5.14.jar:"/>
    <property name="org.slf4j.simpleLogger.log.nifi.processors.standard.TestExecuteSQLRecord" value="debug"/>
    <property name="java.vm.vendor" value="Private Build"/>
    <property name="sun.arch.data.model" value="64"/>
    <property name="java.vendor.url" value="http://java.oracle.com/"/>
    <property name="user.timezone" value="Europe/Lisbon"/>
    <property name="java.vm.specification.version" value="1.8"/>
    <property name="os.name" value="Linux"/>
    <property name="user.country" value="US"/>
    <property name="sun.java.launcher" value="SUN_STANDARD"/>
    <property name="sun.boot.library.path" value="/usr/lib/jvm/java-8-openjdk-amd64/jre/lib/amd64"/>
    <property name="sun.java.command" value="/home/alex/Repositories/nifi/nifi-nar-bundles/nifi-standard-bundle/nifi-standard-processors/target/surefire/surefirebooter262180563015504354.jar /home/alex/Repositories/nifi/nifi-nar-bundles/nifi-standard-bundle/nifi-standard-processors/target/surefire 2024-05-02T02-13-54_999-jvmRun1 surefire7006267633466184684tmp surefire_695365209324004685157tmp"/>
    <property name="org.slf4j.simpleLogger.log.nifi.io.nio" value="debug"/>
    <property name="surefire.test.class.path" value="/home/alex/Repositories/nifi/nifi-nar-bundles/nifi-standard-bundle/nifi-standard-processors/target/test-classes:/home/alex/Repositories/nifi/nifi-nar-bundles/nifi-standard-bundle/nifi-standard-processors/target/classes:/home/alex/.m2/repository/org/apache/ftpserver/ftpserver-core/1.1.1/ftpserver-core-1.1.1.jar:/home/alex/.m2/repository/org/apache/ftpserver/ftplet-api/1.1.1/ftplet-api-1.1.1.jar:/home/alex/.m2/repository/org/slf4j/slf4j-api/1.7.32/slf4j-api-1.7.32.jar:/home/alex/.m2/repository/org/apache/mina/mina-core/2.0.16/mina-core-2.0.16.jar:/home/alex/Repositories/nifi/nifi-api/target/classes:/home/alex/Repositories/nifi/nifi-commons/nifi-expression-language/target/classes:/home/alex/.m2/repository/org/antlr/antlr-runtime/3.5.2/antlr-runtime-3.5.2.jar:/home/alex/Repositories/nifi/nifi-commons/nifi-parameter/target/classes:/home/alex/Repositories/nifi/nifi-commons/nifi-uuid5/target/classes:/home/alex/.m2/repository/org/apache/commons/commons-text/1.8/commons-text-1.8.jar:/home/alex/Repositories/nifi/nifi-nar-bundles/nifi-extension-utils/nifi-processor-utils/target/classes:/home/alex/Repositories/nifi/nifi-commons/nifi-security-socket-ssl/target/classes:/home/alex/Repositories/nifi/nifi-nar-bundles/nifi-extension-utils/nifi-event-transport/target/classes:/home/alex/.m2/repository/io/netty/netty-handler/4.1.69.Final/netty-handler-4.1.69.Final.jar:/home/alex/.m2/repository/io/netty/netty-common/4.1.69.Final/netty-common-4.1.69.Final.jar:/home/alex/.m2/repository/io/netty/netty-resolver/4.1.69.Final/netty-resolver-4.1.69.Final.jar:/home/alex/.m2/repository/io/netty/netty-transport/4.1.69.Final/netty-transport-4.1.69.Final.jar:/home/alex/.m2/repository/io/netty/netty-codec/4.1.69.Final/netty-codec-4.1.69.Final.jar:/home/alex/Repositories/nifi/nifi-nar-bundles/nifi-extension-utils/nifi-syslog-utils/target/classes:/home/alex/.m2/repository/com/github/palindromicity/simple-syslog-5424/0.0.16/simple-syslog-5424-0.0.16.jar:/home/alex/.m2/repository/org/antlr/antlr4-runtime/4.7.2/antlr4-runtime-4.7.2.jar:/home/alex/Repositories/nifi/nifi-commons/nifi-utils/target/classes:/home/alex/Repositories/nifi/nifi-commons/nifi-record-path/target/classes:/home/alex/Repositories/nifi/nifi-commons/nifi-properties/target/classes:/home/alex/Repositories/nifi/nifi-commons/nifi-property-utils/target/classes:/home/alex/.m2/repository/com/github/ben-manes/caffeine/caffeine/2.8.1/caffeine-2.8.1.jar:/home/alex/Repositories/nifi/nifi-nar-bundles/nifi-standard-services/nifi-ssl-context-service-api/target/classes:/home/alex/Repositories/nifi/nifi-commons/nifi-security-utils-api/target/classes:/home/alex/Repositories/nifi/nifi-nar-bundles/nifi-standard-services/nifi-lookup-service-api/target/classes:/home/alex/Repositories/nifi/nifi-commons/nifi-flowfile-packager/target/classes:/home/alex/Repositories/nifi/nifi-nar-bundles/nifi-standard-services/nifi-distributed-cache-client-service-api/target/classes:/home/alex/Repositories/nifi/nifi-nar-bundles/nifi-standard-services/nifi-http-context-map-api/target/classes:/home/alex/Repositories/nifi/nifi-nar-bundles/nifi-standard-services/nifi-record-serialization-service-api/target/classes:/home/alex/Repositories/nifi/nifi-nar-bundles/nifi-standard-services/nifi-proxy-configuration-api/target/classes:/home/alex/Repositories/nifi/nifi-commons/nifi-record/target/classes:/home/alex/Repositories/nifi/nifi-nar-bundles/nifi-standard-services/nifi-record-sink-api/target/classes:/home/alex/.m2/repository/commons-io/commons-io/2.10.0/commons-io-2.10.0.jar:/home/alex/.m2/repository/javax/ws/rs/javax.ws.rs-api/2.1/javax.ws.rs-api-2.1.jar:/home/alex/.m2/repository/commons-net/commons-net/3.6/commons-net-3.6.jar:/home/alex/.m2/repository/org/apache/commons/commons-compress/1.21/commons-compress-1.21.jar:/home/alex/.m2/repository/org/apache/commons/commons-lang3/3.9/commons-lang3-3.9.jar:/home/alex/.m2/repository/org/bouncycastle/bcprov-jdk15on/1.69/bcprov-jdk15on-1.69.jar:/home/alex/.m2/repository/org/bouncycastle/bcpg-jdk15on/1.69/bcpg-jdk15on-1.69.jar:/home/alex/.m2/repository/org/bouncycastle/bcpkix-jdk15on/1.69/bcpkix-jdk15on-1.69.jar:/home/alex/.m2/repository/org/bouncycastle/bcutil-jdk15on/1.69/bcutil-jdk15on-1.69.jar:/home/alex/.m2/repository/commons-codec/commons-codec/1.14/commons-codec-1.14.jar:/home/alex/Repositories/nifi/nifi-commons/nifi-security-utils/target/classes:/home/alex/Repositories/nifi/nifi-commons/nifi-security-kms/target/classes:/home/alex/.m2/repository/org/apache/commons/commons-configuration2/2.7/commons-configuration2-2.7.jar:/home/alex/.m2/repository/com/hierynomus/sshj/0.32.0/sshj-0.32.0.jar:/home/alex/.m2/repository/com/jcraft/jzlib/1.1.3/jzlib-1.1.3.jar:/home/alex/.m2/repository/com/hierynomus/asn-one/0.6.0/asn-one-0.6.0.jar:/home/alex/.m2/repository/net/i2p/crypto/eddsa/0.3.0/eddsa-0.3.0.jar:/home/alex/.m2/repository/org/eclipse/jetty/jetty-server/9.4.44.v20210927/jetty-server-9.4.44.v20210927.jar:/home/alex/.m2/repository/javax/servlet/javax.servlet-api/3.1.0/javax.servlet-api-3.1.0.jar:/home/alex/.m2/repository/org/eclipse/jetty/jetty-http/9.4.44.v20210927/jetty-http-9.4.44.v20210927.jar:/home/alex/.m2/repository/org/eclipse/jetty/jetty-util/9.4.44.v20210927/jetty-util-9.4.44.v20210927.jar:/home/alex/.m2/repository/org/eclipse/jetty/jetty-io/9.4.44.v20210927/jetty-io-9.4.44.v20210927.jar:/home/alex/.m2/repository/org/eclipse/jetty/jetty-servlet/9.4.44.v20210927/jetty-servlet-9.4.44.v20210927.jar:/home/alex/.m2/repository/org/eclipse/jetty/jetty-security/9.4.44.v20210927/jetty-security-9.4.44.v20210927.jar:/home/alex/.m2/repository/org/eclipse/jetty/jetty-util-ajax/9.4.44.v20210927/jetty-util-ajax-9.4.44.v20210927.jar:/home/alex/.m2/repository/org/apache/httpcomponents/httpclient/4.5.5/httpclient-4.5.5.jar:/home/alex/.m2/repository/commons-logging/commons-logging/1.2/commons-logging-1.2.jar:/home/alex/.m2/repository/org/apache/httpcomponents/httpcore/4.4.9/httpcore-4.4.9.jar:/home/alex/.m2/repository/jakarta/activation/jakarta.activation-api/2.0.1/jakarta.activation-api-2.0.1.jar:/home/alex/.m2/repository/com/sun/activation/jakarta.activation/2.0.1/jakarta.activation-2.0.1.jar:/home/alex/.m2/repository/jakarta/mail/jakarta.mail-api/2.0.1/jakarta.mail-api-2.0.1.jar:/home/alex/.m2/repository/com/sun/mail/jakarta.mail/2.0.1/jakarta.mail-2.0.1.jar:/home/alex/.m2/repository/com/github/jponge/lzma-java/1.3/lzma-java-1.3.jar:/home/alex/.m2/repository/org/tukaani/xz/1.8/xz-1.8.jar:/home/alex/.m2/repository/net/sf/saxon/Saxon-HE/10.6/Saxon-HE-10.6.jar:/home/alex/Repositories/nifi/nifi-commons/nifi-socket-utils/target/classes:/home/alex/Repositories/nifi/nifi-commons/nifi-logging-utils/target/classes:/home/alex/Repositories/nifi/nifi-nar-bundles/nifi-standard-services/nifi-load-distribution-service-api/target/classes:/home/alex/.m2/repository/javax/jms/javax.jms-api/2.0.1/javax.jms-api-2.0.1.jar:/home/alex/.m2/repository/org/apache/activemq/activemq-client/5.15.15/activemq-client-5.15.15.jar:/home/alex/.m2/repository/org/apache/geronimo/specs/geronimo-jms_1.1_spec/1.1.1/geronimo-jms_1.1_spec-1.1.1.jar:/home/alex/.m2/repository/org/fusesource/hawtbuf/hawtbuf/1.11/hawtbuf-1.11.jar:/home/alex/.m2/repository/org/apache/geronimo/specs/geronimo-j2ee-management_1.1_spec/1.0.1/geronimo-j2ee-management_1.1_spec-1.0.1.jar:/home/alex/.m2/repository/com/jayway/jsonpath/json-path/2.6.0/json-path-2.6.0.jar:/home/alex/.m2/repository/net/minidev/json-smart/2.4.7/json-smart-2.4.7.jar:/home/alex/.m2/repository/net/minidev/accessors-smart/2.4.7/accessors-smart-2.4.7.jar:/home/alex/.m2/repository/org/ow2/asm/asm/9.1/asm-9.1.jar:/home/alex/.m2/repository/org/apache/tika/tika-core/1.26/tika-core-1.26.jar:/home/alex/.m2/repository/com/fasterxml/jackson/core/jackson-databind/2.12.3/jackson-databind-2.12.3.jar:/home/alex/.m2/repository/com/fasterxml/jackson/core/jackson-annotations/2.12.3/jackson-annotations-2.12.3.jar:/home/alex/.m2/repository/com/fasterxml/jackson/core/jackson-core/2.12.3/jackson-core-2.12.3.jar:/home/alex/Repositories/nifi/nifi-nar-bundles/nifi-extension-utils/nifi-record-utils/nifi-avro-record-utils/target/classes:/home/alex/Repositories/nifi/nifi-nar-bundles/nifi-extension-utils/nifi-record-utils/nifi-standard-record-utils/target/classes:/home/alex/.m2/repository/org/apache/avro/avro/1.8.1/avro-1.8.1.jar:/home/alex/.m2/repository/org/codehaus/jackson/jackson-core-asl/1.9.13/jackson-core-asl-1.9.13.jar:/home/alex/.m2/repository/org/codehaus/jackson/jackson-mapper-asl/1.9.13/jackson-mapper-asl-1.9.13.jar:/home/alex/.m2/repository/com/thoughtworks/paranamer/paranamer/2.7/paranamer-2.7.jar:/home/alex/Repositories/nifi/nifi-nar-bundles/nifi-standard-services/nifi-dbcp-service-api/target/classes:/home/alex/.m2/repository/com/squareup/okhttp3/okhttp/4.9.2/okhttp-4.9.2.jar:/home/alex/.m2/repository/com/squareup/okio/okio/2.8.0/okio-2.8.0.jar:/home/alex/.m2/repository/org/jetbrains/kotlin/kotlin-stdlib-common/1.4.0/kotlin-stdlib-common-1.4.0.jar:/home/alex/.m2/repository/org/jetbrains/kotlin/kotlin-stdlib/1.4.10/kotlin-stdlib-1.4.10.jar:/home/alex/.m2/repository/org/jetbrains/annotations/13.0/annotations-13.0.jar:/home/alex/.m2/repository/io/github/rburgst/okhttp-digest/2.5/okhttp-digest-2.5.jar:/home/alex/.m2/repository/at/favre/lib/bcrypt/0.9.0/bcrypt-0.9.0.jar:/home/alex/.m2/repository/at/favre/lib/bytes/1.3.0/bytes-1.3.0.jar:/home/alex/.m2/repository/com/google/guava/guava/28.0-jre/guava-28.0-jre.jar:/home/alex/.m2/repository/com/google/guava/failureaccess/1.0.1/failureaccess-1.0.1.jar:/home/alex/.m2/repository/com/google/guava/listenablefuture/9999.0-empty-to-avoid-conflict-with-guava/listenablefuture-9999.0-empty-to-avoid-conflict-with-guava.jar:/home/alex/.m2/repository/com/google/code/findbugs/jsr305/3.0.2/jsr305-3.0.2.jar:/home/alex/.m2/repository/org/checkerframework/checker-qual/2.8.1/checker-qual-2.8.1.jar:/home/alex/.m2/repository/com/google/errorprone/error_prone_annotations/2.3.2/error_prone_annotations-2.3.2.jar:/home/alex/.m2/repository/com/google/j2objc/j2objc-annotations/1.3/j2objc-annotations-1.3.jar:/home/alex/.m2/repository/org/codehaus/mojo/animal-sniffer-annotations/1.17/animal-sniffer-annotations-1.17.jar:/home/alex/Repositories/nifi/nifi-mock/target/classes:/home/alex/Repositories/nifi/nifi-framework-api/target/classes:/home/alex/Repositories/nifi/nifi-nar-bundles/nifi-framework-bundle/nifi-framework/nifi-framework-core-api/target/classes:/home/alex/Repositories/nifi/nifi-nar-bundles/nifi-framework-bundle/nifi-framework/nifi-framework-nar-utils/target/classes:/home/alex/Repositories/nifi/nifi-nar-bundles/nifi-framework-bundle/nifi-framework/nifi-client-dto/target/classes:/home/alex/.m2/repository/io/swagger/swagger-annotations/1.6.0/swagger-annotations-1.6.0.jar:/home/alex/Repositories/nifi/nifi-commons/nifi-site-to-site-client/target/classes:/home/alex/.m2/repository/org/apache/httpcomponents/httpasyncclient/4.1.4/httpasyncclient-4.1.4.jar:/home/alex/.m2/repository/org/apache/httpcomponents/httpcore-nio/4.4.10/httpcore-nio-4.4.10.jar:/home/alex/Repositories/nifi/nifi-nar-bundles/nifi-framework-bundle/nifi-framework/nifi-framework-authorization/target/classes:/home/alex/Repositories/nifi/nifi-registry/nifi-registry-core/nifi-registry-data-model/target/classes:/home/alex/Repositories/nifi/nifi-registry/nifi-registry-core/nifi-registry-revision/nifi-registry-revision-entity-model/target/classes:/home/alex/Repositories/nifi/nifi-registry/nifi-registry-core/nifi-registry-client/target/classes:/home/alex/Repositories/nifi/nifi-registry/nifi-registry-core/nifi-registry-security-utils/target/classes:/home/alex/.m2/repository/org/glassfish/jersey/core/jersey-client/2.33/jersey-client-2.33.jar:/home/alex/.m2/repository/jakarta/ws/rs/jakarta.ws.rs-api/2.1.6/jakarta.ws.rs-api-2.1.6.jar:/home/alex/.m2/repository/org/glassfish/hk2/external/jakarta.inject/2.6.1/jakarta.inject-2.6.1.jar:/home/alex/.m2/repository/org/glassfish/jersey/media/jersey-media-json-jackson/2.33/jersey-media-json-jackson-2.33.jar:/home/alex/.m2/repository/org/glassfish/jersey/ext/jersey-entity-filtering/2.33/jersey-entity-filtering-2.33.jar:/home/alex/.m2/repository/org/glassfish/jersey/inject/jersey-hk2/2.33/jersey-hk2-2.33.jar:/home/alex/.m2/repository/org/glassfish/hk2/hk2-locator/2.6.1/hk2-locator-2.6.1.jar:/home/alex/.m2/repository/org/glassfish/hk2/external/aopalliance-repackaged/2.6.1/aopalliance-repackaged-2.6.1.jar:/home/alex/.m2/repository/org/glassfish/hk2/hk2-api/2.6.1/hk2-api-2.6.1.jar:/home/alex/.m2/repository/org/glassfish/hk2/hk2-utils/2.6.1/hk2-utils-2.6.1.jar:/home/alex/.m2/repository/org/javassist/javassist/3.25.0-GA/javassist-3.25.0-GA.jar:/home/alex/.m2/repository/org/glassfish/jersey/core/jersey-common/2.33/jersey-common-2.33.jar:/home/alex/.m2/repository/jakarta/annotation/jakarta.annotation-api/1.3.5/jakarta.annotation-api-1.3.5.jar:/home/alex/.m2/repository/org/glassfish/hk2/osgi-resource-locator/1.0.3/osgi-resource-locator-1.0.3.jar:/home/alex/.m2/repository/org/glassfish/jersey/media/jersey-media-multipart/2.33/jersey-media-multipart-2.33.jar:/home/alex/.m2/repository/org/jvnet/mimepull/mimepull/1.9.13/mimepull-1.9.13.jar:/home/alex/Repositories/nifi/nifi-commons/nifi-data-provenance-utils/target/classes:/home/alex/Repositories/nifi/nifi-nar-bundles/nifi-standard-services/nifi-distributed-cache-services-bundle/nifi-distributed-cache-client-service/target/classes:/home/alex/Repositories/nifi/nifi-nar-bundles/nifi-standard-services/nifi-distributed-cache-services-bundle/nifi-distributed-cache-protocol/target/classes:/home/alex/.m2/repository/io/netty/netty-buffer/4.1.69.Final/netty-buffer-4.1.69.Final.jar:/home/alex/.m2/repository/com/google/http-client/google-http-client/1.28.0/google-http-client-1.28.0.jar:/home/alex/.m2/repository/io/opencensus/opencensus-api/0.18.0/opencensus-api-0.18.0.jar:/home/alex/.m2/repository/io/grpc/grpc-context/1.14.0/grpc-context-1.14.0.jar:/home/alex/.m2/repository/io/opencensus/opencensus-contrib-http-util/0.18.0/opencensus-contrib-http-util-0.18.0.jar:/home/alex/.m2/repository/org/apache/activemq/activemq-broker/5.15.14/activemq-broker-5.15.14.jar:/home/alex/.m2/repository/org/apache/activemq/activemq-openwire-legacy/5.15.14/activemq-openwire-legacy-5.15.14.jar:/home/alex/Repositories/nifi/nifi-nar-bundles/nifi-standard-services/nifi-ssl-context-bundle/nifi-ssl-context-service/target/classes:/home/alex/Repositories/nifi/nifi-nar-bundles/nifi-framework-bundle/nifi-framework/nifi-standard-prioritizers/target/classes:/home/alex/Repositories/nifi/nifi-nar-bundles/nifi-extension-utils/nifi-record-utils/nifi-mock-record-utils/target/classes:/home/alex/Repositories/nifi/nifi-nar-bundles/nifi-standard-services/nifi-record-serialization-services-bundle/nifi-record-serialization-services/target/classes:/home/alex/.m2/repository/org/apache/commons/commons-csv/1.8/commons-csv-1.8.jar:/home/alex/.m2/repository/com/fasterxml/jackson/dataformat/jackson-dataformat-csv/2.12.3/jackson-dataformat-csv-2.12.3.jar:/home/alex/.m2/repository/net/java/dev/stax-utils/stax-utils/20070216/stax-utils-20070216.jar:/home/alex/Repositories/nifi/nifi-nar-bundles/nifi-standard-services/nifi-lookup-services-bundle/nifi-lookup-services/target/classes:/home/alex/.m2/repository/commons-beanutils/commons-beanutils/1.9.4/commons-beanutils-1.9.4.jar:/home/alex/.m2/repository/commons-collections/commons-collections/3.2.2/commons-collections-3.2.2.jar:/home/alex/.m2/repository/com/maxmind/geoip2/geoip2/2.12.0/geoip2-2.12.0.jar:/home/alex/.m2/repository/com/maxmind/db/maxmind-db/1.2.2/maxmind-db-1.2.2.jar:/home/alex/.m2/repository/org/apache/derby/derby/10.14.2.0/derby-10.14.2.0.jar:/home/alex/.m2/repository/org/xerial/snappy/snappy-java/1.1.7.3/snappy-java-1.1.7.3.jar:/home/alex/.m2/repository/net/lingala/zip4j/zip4j/2.8.0/zip4j-2.8.0.jar:/home/alex/.m2/repository/com/h2database/h2/1.4.187/h2-1.4.187.jar:/home/alex/.m2/repository/org/mockftpserver/MockFtpServer/2.7.1/MockFtpServer-2.7.1.jar:/home/alex/.m2/repository/org/apache/sshd/sshd-core/1.7.0/sshd-core-1.7.0.jar:/home/alex/.m2/repository/com/bazaarvoice/jolt/jolt-core/0.1.1/jolt-core-0.1.1.jar:/home/alex/.m2/repository/javax/inject/javax.inject/1/javax.inject-1.jar:/home/alex/.m2/repository/com/bazaarvoice/jolt/json-utils/0.1.1/json-utils-0.1.1.jar:/home/alex/Repositories/nifi/nifi-nar-bundles/nifi-standard-bundle/nifi-standard-utils/target/classes:/home/alex/.m2/repository/net/sf/supercsv/super-csv/2.4.0/super-csv-2.4.0.jar:/home/alex/.m2/repository/com/fluenda/parcefone/2.1.0/parcefone-2.1.0.jar:/home/alex/.m2/repository/javax/validation/validation-api/1.1.0.Final/validation-api-1.1.0.Final.jar:/home/alex/.m2/repository/javax/el/javax.el-api/3.0.0/javax.el-api-3.0.0.jar:/home/alex/.m2/repository/com/github/wnameless/json/json-flattener/0.12.0/json-flattener-0.12.0.jar:/home/alex/.m2/repository/com/github/wnameless/json/json-base/2.0.0/json-base-2.0.0.jar:/home/alex/.m2/repository/org/apache/bval/bval-jsr/1.1.2/bval-jsr-1.1.2.jar:/home/alex/.m2/repository/org/apache/bval/bval-core/1.1.2/bval-core-1.1.2.jar:/home/alex/.m2/repository/io/krakens/java-grok/0.1.9/java-grok-0.1.9.jar:/home/alex/.m2/repository/org/apache/calcite/calcite-core/1.27.0/calcite-core-1.27.0.jar:/home/alex/.m2/repository/org/apache/calcite/calcite-linq4j/1.27.0/calcite-linq4j-1.27.0.jar:/home/alex/.m2/repository/com/esri/geometry/esri-geometry-api/2.2.0/esri-geometry-api-2.2.0.jar:/home/alex/.m2/repository/org/apache/calcite/avatica/avatica-core/1.18.0/avatica-core-1.18.0.jar:/home/alex/.m2/repository/org/apache/calcite/avatica/avatica-metrics/1.18.0/avatica-metrics-1.18.0.jar:/home/alex/.m2/repository/com/google/protobuf/protobuf-java/3.6.1/protobuf-java-3.6.1.jar:/home/alex/.m2/repository/org/apiguardian/apiguardian-api/1.1.0/apiguardian-api-1.1.0.jar:/home/alex/.m2/repository/com/fasterxml/jackson/dataformat/jackson-dataformat-yaml/2.10.0/jackson-dataformat-yaml-2.10.0.jar:/home/alex/.m2/repository/org/yaml/snakeyaml/1.29/snakeyaml-1.29.jar:/home/alex/.m2/repository/com/google/uzaygezen/uzaygezen-core/0.2/uzaygezen-core-0.2.jar:/home/alex/.m2/repository/com/yahoo/datasketches/sketches-core/0.9.0/sketches-core-0.9.0.jar:/home/alex/.m2/repository/com/yahoo/datasketches/memory/0.9.0/memory-0.9.0.jar:/home/alex/.m2/repository/net/hydromatic/aggdesigner-algorithm/6.0/aggdesigner-algorithm-6.0.jar:/home/alex/.m2/repository/commons-lang/commons-lang/2.4/commons-lang-2.4.jar:/home/alex/.m2/repository/org/apache/commons/commons-dbcp2/2.6.0/commons-dbcp2-2.6.0.jar:/home/alex/.m2/repository/org/apache/commons/commons-pool2/2.6.1/commons-pool2-2.6.1.jar:/home/alex/.m2/repository/org/codehaus/janino/commons-compiler/3.0.11/commons-compiler-3.0.11.jar:/home/alex/.m2/repository/org/codehaus/janino/janino/3.0.11/janino-3.0.11.jar:/home/alex/Repositories/nifi/nifi-nar-bundles/nifi-standard-services/nifi-schema-registry-service-api/target/classes:/home/alex/Repositories/nifi/nifi-nar-bundles/nifi-extension-utils/nifi-database-utils/target/classes:/home/alex/Repositories/nifi/nifi-nar-bundles/nifi-standard-bundle/nifi-standard-web-test-utils/target/classes:/home/alex/.m2/repository/com/github/stefanbirkner/fake-sftp-server-rule/2.0.1/fake-sftp-server-rule-2.0.1.jar:/home/alex/.m2/repository/com/github/marschall/memoryfilesystem/2.8.0/memoryfilesystem-2.8.0.jar:/home/alex/.m2/repository/junit/junit/4.13.2/junit-4.13.2.jar:/home/alex/.m2/repository/org/hamcrest/hamcrest-core/1.3/hamcrest-core-1.3.jar:/home/alex/Repositories/nifi/nifi-nar-bundles/nifi-extension-utils/nifi-database-test-utils/target/classes:/home/alex/.m2/repository/org/codehaus/groovy/groovy-json/2.5.14/groovy-json-2.5.14.jar:/home/alex/.m2/repository/org/codehaus/groovy/groovy/2.5.14/groovy-2.5.14.jar:/home/alex/.m2/repository/org/codehaus/groovy/groovy-servlet/2.5.14/groovy-servlet-2.5.14.jar:/home/alex/.m2/repository/org/codehaus/groovy/groovy-templates/2.5.14/groovy-templates-2.5.14.jar:/home/alex/.m2/repository/org/codehaus/groovy/groovy-xml/2.5.14/groovy-xml-2.5.14.jar:/home/alex/.m2/repository/org/hamcrest/hamcrest-all/1.3/hamcrest-all-1.3.jar:/home/alex/.m2/repository/com/squareup/okhttp3/mockwebserver/4.9.2/mockwebserver-4.9.2.jar:/home/alex/.m2/repository/org/jetbrains/kotlin/kotlin-stdlib-jdk8/1.4.10/kotlin-stdlib-jdk8-1.4.10.jar:/home/alex/.m2/repository/org/jetbrains/kotlin/kotlin-stdlib-jdk7/1.4.10/kotlin-stdlib-jdk7-1.4.10.jar:/home/alex/.m2/repository/org/mockito/mockito-inline/3.12.4/mockito-inline-3.12.4.jar:/home/alex/.m2/repository/org/junit/jupiter/junit-jupiter-api/5.7.2/junit-jupiter-api-5.7.2.jar:/home/alex/.m2/repository/org/opentest4j/opentest4j/1.2.0/opentest4j-1.2.0.jar:/home/alex/.m2/repository/org/junit/platform/junit-platform-commons/1.7.2/junit-platform-commons-1.7.2.jar:/home/alex/.m2/repository/org/junit/jupiter/junit-jupiter-engine/5.7.2/junit-jupiter-engine-5.7.2.jar:/home/alex/.m2/repository/org/junit/platform/junit-platform-engine/1.7.2/junit-platform-engine-1.7.2.jar:/home/alex/.m2/repository/org/junit/vintage/junit-vintage-engine/5.7.2/junit-vintage-engine-5.7.2.jar:/home/alex/.m2/repository/org/junit/jupiter/junit-jupiter-params/5.7.2/junit-jupiter-params-5.7.2.jar:/home/alex/.m2/repository/org/mockito/mockito-core/3.11.2/mockito-core-3.11.2.jar:/home/alex/.m2/repository/net/bytebuddy/byte-buddy/1.11.3/byte-buddy-1.11.3.jar:/home/alex/.m2/repository/net/bytebuddy/byte-buddy-agent/1.11.3/byte-buddy-agent-1.11.3.jar:/home/alex/.m2/repository/org/objenesis/objenesis/3.2/objenesis-3.2.jar:/home/alex/.m2/repository/org/mockito/mockito-junit-jupiter/3.11.2/mockito-junit-jupiter-3.11.2.jar:/home/alex/.m2/repository/org/slf4j/slf4j-simple/1.7.32/slf4j-simple-1.7.32.jar:/home/alex/.m2/repository/org/codehaus/groovy/groovy-test/2.5.14/groovy-test-2.5.14.jar:"/>
    <property name="sun.cpu.endian" value="little"/>
    <property name="user.home" value="/home/alex"/>
    <property name="user.language" value="en"/>
    <property name="java.specification.vendor" value="Oracle Corporation"/>
    <property name="java.home" value="/usr/lib/jvm/java-8-openjdk-amd64/jre"/>
    <property name="basedir" value="/home/alex/Repositories/nifi/nifi-nar-bundles/nifi-standard-bundle/nifi-standard-processors"/>
    <property name="file.separator" value="/"/>
    <property name="line.separator" value="&#10;"/>
    <property name="java.vm.specification.vendor" value="Oracle Corporation"/>
    <property name="java.specification.name" value="Java Platform API Specification"/>
    <property name="derby.stream.error.file" value="target/derby.log"/>
    <property name="java.awt.graphicsenv" value="sun.awt.X11GraphicsEnvironment"/>
    <property name="org.slf4j.simpleLogger.log.org.apache.nifi.processors.standard.SQLTransform" value="debug"/>
    <property name="java.awt.headless" value="true"/>
    <property name="org.slf4j.simpleLogger.log.nifi.processors.standard.ExecuteSQLRecord" value="debug"/>
    <property name="org.slf4j.simpleLogger.showDateTime" value="true"/>
    <property name="surefire.real.class.path" value="/home/alex/Repositories/nifi/nifi-nar-bundles/nifi-standard-bundle/nifi-standard-processors/target/surefire/surefirebooter262180563015504354.jar"/>
    <property name="sun.boot.class.path" value="/usr/lib/jvm/java-8-openjdk-amd64/jre/lib/resources.jar:/usr/lib/jvm/java-8-openjdk-amd64/jre/lib/rt.jar:/usr/lib/jvm/java-8-openjdk-amd64/jre/lib/sunrsasign.jar:/usr/lib/jvm/java-8-openjdk-amd64/jre/lib/jsse.jar:/usr/lib/jvm/java-8-openjdk-amd64/jre/lib/jce.jar:/usr/lib/jvm/java-8-openjdk-amd64/jre/lib/charsets.jar:/usr/lib/jvm/java-8-openjdk-amd64/jre/lib/jfr.jar:/usr/lib/jvm/java-8-openjdk-amd64/jre/classes"/>
    <property name="sun.management.compiler" value="HotSpot 64-Bit Tiered Compilers"/>
    <property name="java.runtime.version" value="1.8.0_402-8u402-ga-2ubuntu1~22.04-b06"/>
    <property name="java.net.preferIPv4Stack" value="true"/>
    <property name="user.name" value="alex"/>
    <property name="path.separator" value=":"/>
    <property name="os.version" value="6.5.0-28-generic"/>
    <property name="java.endorsed.dirs" value="/usr/lib/jvm/java-8-openjdk-amd64/jre/lib/endorsed"/>
    <property name="java.runtime.name" value="OpenJDK Runtime Environment"/>
    <property name="file.encoding" value="UTF-8"/>
    <property name="sun.nio.ch.bugLevel" value=""/>
    <property name="java.vm.name" value="OpenJDK 64-Bit Server VM"/>
    <property name="localRepository" value="/home/alex/.m2/repository"/>
    <property name="java.vendor.url.bug" value="http://bugreport.sun.com/bugreport/"/>
    <property name="java.io.tmpdir" value="/tmp"/>
    <property name="java.version" value="1.8.0_402"/>
    <property name="user.dir" value="/home/alex/Repositories/nifi/nifi-nar-bundles/nifi-standard-bundle/nifi-standard-processors"/>
    <property name="os.arch" value="amd64"/>
    <property name="java.vm.specification.name" value="Java Virtual Machine Specification"/>
    <property name="java.awt.printerjob" value="sun.print.PSPrinterJob"/>
    <property name="sun.os.patch.level" value="unknown"/>
    <property name="org.slf4j.simpleLogger.defaultLogLevel" value="info"/>
    <property name="java.library.path" value="/usr/java/packages/lib/amd64:/usr/lib/x86_64-linux-gnu/jni:/lib/x86_64-linux-gnu:/usr/lib/x86_64-linux-gnu:/usr/lib/jni:/lib:/usr/lib"/>
    <property name="java.vm.info" value="mixed mode"/>
    <property name="java.vendor" value="Private Build"/>
    <property name="java.vm.version" value="25.402-b06"/>
    <property name="java.specification.maintenance.version" value="5"/>
    <property name="java.ext.dirs" value="/usr/lib/jvm/java-8-openjdk-amd64/jre/lib/ext:/usr/java/packages/lib/ext"/>
    <property name="sun.io.unicode.encoding" value="UnicodeLittle"/>
    <property name="java.class.version" value="52.0"/>
  </properties>
  <testcase name="testWithOutputBatching" classname="org.apache.nifi.processors.standard.TestExecuteSQLRecord" time="3.008">
    <system-err><![CDATA[[pool-1541-thread-1] INFO org.apache.nifi.processors.standard.ExecuteSQLRecord - ExecuteSQLRecord[id=ee9c8f90-a420-4423-ad4a-ce435c2558e8] FlowFile[0,93361899286056.mockFlowFile,60B] contains 5 records; transferring to 'success'
[pool-1541-thread-1] INFO org.apache.nifi.processors.standard.ExecuteSQLRecord - ExecuteSQLRecord[id=ee9c8f90-a420-4423-ad4a-ce435c2558e8] FlowFile[1,93361900772511.mockFlowFile,60B] contains 5 records; transferring to 'success'
[pool-1541-thread-1] INFO org.apache.nifi.processors.standard.ExecuteSQLRecord - ExecuteSQLRecord[id=ee9c8f90-a420-4423-ad4a-ce435c2558e8] FlowFile[2,93361901116691.mockFlowFile,65B] contains 5 records; transferring to 'success'
[pool-1541-thread-1] INFO org.apache.nifi.processors.standard.ExecuteSQLRecord - ExecuteSQLRecord[id=ee9c8f90-a420-4423-ad4a-ce435c2558e8] FlowFile[3,93361901216670.mockFlowFile,65B] contains 5 records; transferring to 'success'
[pool-1541-thread-1] INFO org.apache.nifi.processors.standard.ExecuteSQLRecord - ExecuteSQLRecord[id=ee9c8f90-a420-4423-ad4a-ce435c2558e8] FlowFile[4,93361901311963.mockFlowFile,65B] contains 5 records; transferring to 'success'
[pool-1541-thread-1] INFO org.apache.nifi.processors.standard.ExecuteSQLRecord - ExecuteSQLRecord[id=ee9c8f90-a420-4423-ad4a-ce435c2558e8] FlowFile[5,93361901445596.mockFlowFile,65B] contains 5 records; transferring to 'success'
[pool-1541-thread-1] INFO org.apache.nifi.processors.standard.ExecuteSQLRecord - ExecuteSQLRecord[id=ee9c8f90-a420-4423-ad4a-ce435c2558e8] FlowFile[6,93361901532912.mockFlowFile,65B] contains 5 records; transferring to 'success'
[pool-1541-thread-1] INFO org.apache.nifi.processors.standard.ExecuteSQLRecord - ExecuteSQLRecord[id=ee9c8f90-a420-4423-ad4a-ce435c2558e8] FlowFile[7,93361901619199.mockFlowFile,65B] contains 5 records; transferring to 'success'
[pool-1541-thread-1] INFO org.apache.nifi.processors.standard.ExecuteSQLRecord - ExecuteSQLRecord[id=ee9c8f90-a420-4423-ad4a-ce435c2558e8] FlowFile[8,93361901695770.mockFlowFile,65B] contains 5 records; transferring to 'success'
[pool-1541-thread-1] INFO org.apache.nifi.processors.standard.ExecuteSQLRecord - ExecuteSQLRecord[id=ee9c8f90-a420-4423-ad4a-ce435c2558e8] FlowFile[9,93361901772029.mockFlowFile,65B] contains 5 records; transferring to 'success'
[pool-1541-thread-1] INFO org.apache.nifi.processors.standard.ExecuteSQLRecord - ExecuteSQLRecord[id=ee9c8f90-a420-4423-ad4a-ce435c2558e8] FlowFile[10,93361901862873.mockFlowFile,65B] contains 5 records; transferring to 'success'
[pool-1541-thread-1] INFO org.apache.nifi.processors.standard.ExecuteSQLRecord - ExecuteSQLRecord[id=ee9c8f90-a420-4423-ad4a-ce435c2558e8] FlowFile[11,93361901950501.mockFlowFile,65B] contains 5 records; transferring to 'success'
[pool-1541-thread-1] INFO org.apache.nifi.processors.standard.ExecuteSQLRecord - ExecuteSQLRecord[id=ee9c8f90-a420-4423-ad4a-ce435c2558e8] FlowFile[12,93361902069507.mockFlowFile,65B] contains 5 records; transferring to 'success'
[pool-1541-thread-1] INFO org.apache.nifi.processors.standard.ExecuteSQLRecord - ExecuteSQLRecord[id=ee9c8f90-a420-4423-ad4a-ce435c2558e8] FlowFile[13,93361902151575.mockFlowFile,65B] contains 5 records; transferring to 'success'
[pool-1541-thread-1] INFO org.apache.nifi.processors.standard.ExecuteSQLRecord - ExecuteSQLRecord[id=ee9c8f90-a420-4423-ad4a-ce435c2558e8] FlowFile[14,93361902230578.mockFlowFile,65B] contains 5 records; transferring to 'success'
[pool-1541-thread-1] INFO org.apache.nifi.processors.standard.ExecuteSQLRecord - ExecuteSQLRecord[id=ee9c8f90-a420-4423-ad4a-ce435c2558e8] FlowFile[15,93361902310697.mockFlowFile,65B] contains 5 records; transferring to 'success'
[pool-1541-thread-1] INFO org.apache.nifi.processors.standard.ExecuteSQLRecord - ExecuteSQLRecord[id=ee9c8f90-a420-4423-ad4a-ce435c2558e8] FlowFile[16,93361902404799.mockFlowFile,65B] contains 5 records; transferring to 'success'
[pool-1541-thread-1] INFO org.apache.nifi.processors.standard.ExecuteSQLRecord - ExecuteSQLRecord[id=ee9c8f90-a420-4423-ad4a-ce435c2558e8] FlowFile[17,93361902474211.mockFlowFile,65B] contains 5 records; transferring to 'success'
[pool-1541-thread-1] INFO org.apache.nifi.processors.standard.ExecuteSQLRecord - ExecuteSQLRecord[id=ee9c8f90-a420-4423-ad4a-ce435c2558e8] FlowFile[18,93361902545074.mockFlowFile,65B] contains 5 records; transferring to 'success'
[pool-1541-thread-1] INFO org.apache.nifi.processors.standard.ExecuteSQLRecord - ExecuteSQLRecord[id=ee9c8f90-a420-4423-ad4a-ce435c2558e8] FlowFile[19,93361902617144.mockFlowFile,65B] contains 5 records; transferring to 'success'
[pool-1541-thread-1] INFO org.apache.nifi.processors.standard.ExecuteSQLRecord - ExecuteSQLRecord[id=ee9c8f90-a420-4423-ad4a-ce435c2558e8] FlowFile[20,93361902704486.mockFlowFile,70B] contains 5 records; transferring to 'success'
[pool-1541-thread-1] INFO org.apache.nifi.processors.standard.ExecuteSQLRecord - ExecuteSQLRecord[id=ee9c8f90-a420-4423-ad4a-ce435c2558e8] FlowFile[21,93361902787469.mockFlowFile,70B] contains 5 records; transferring to 'success'
[pool-1541-thread-1] INFO org.apache.nifi.processors.standard.ExecuteSQLRecord - ExecuteSQLRecord[id=ee9c8f90-a420-4423-ad4a-ce435c2558e8] FlowFile[22,93361902863994.mockFlowFile,70B] contains 5 records; transferring to 'success'
[pool-1541-thread-1] INFO org.apache.nifi.processors.standard.ExecuteSQLRecord - ExecuteSQLRecord[id=ee9c8f90-a420-4423-ad4a-ce435c2558e8] FlowFile[23,93361902946798.mockFlowFile,70B] contains 5 records; transferring to 'success'
[pool-1541-thread-1] INFO org.apache.nifi.processors.standard.ExecuteSQLRecord - ExecuteSQLRecord[id=ee9c8f90-a420-4423-ad4a-ce435c2558e8] FlowFile[24,93361903024889.mockFlowFile,70B] contains 5 records; transferring to 'success'
[pool-1541-thread-1] INFO org.apache.nifi.processors.standard.ExecuteSQLRecord - ExecuteSQLRecord[id=ee9c8f90-a420-4423-ad4a-ce435c2558e8] FlowFile[25,93361903108323.mockFlowFile,70B] contains 5 records; transferring to 'success'
[pool-1541-thread-1] INFO org.apache.nifi.processors.standard.ExecuteSQLRecord - ExecuteSQLRecord[id=ee9c8f90-a420-4423-ad4a-ce435c2558e8] FlowFile[26,93361903189113.mockFlowFile,70B] contains 5 records; transferring to 'success'
[pool-1541-thread-1] INFO org.apache.nifi.processors.standard.ExecuteSQLRecord - ExecuteSQLRecord[id=ee9c8f90-a420-4423-ad4a-ce435c2558e8] FlowFile[27,93361903257429.mockFlowFile,70B] contains 5 records; transferring to 'success'
[pool-1541-thread-1] INFO org.apache.nifi.processors.standard.ExecuteSQLRecord - ExecuteSQLRecord[id=ee9c8f90-a420-4423-ad4a-ce435c2558e8] FlowFile[28,93361903326142.mockFlowFile,70B] contains 5 records; transferring to 'success'
[pool-1541-thread-1] INFO org.apache.nifi.processors.standard.ExecuteSQLRecord - ExecuteSQLRecord[id=ee9c8f90-a420-4423-ad4a-ce435c2558e8] FlowFile[29,93361903402486.mockFlowFile,70B] contains 5 records; transferring to 'success'
[pool-1541-thread-1] INFO org.apache.nifi.processors.standard.ExecuteSQLRecord - ExecuteSQLRecord[id=ee9c8f90-a420-4423-ad4a-ce435c2558e8] FlowFile[30,93361903478272.mockFlowFile,70B] contains 5 records; transferring to 'success'
[pool-1541-thread-1] INFO org.apache.nifi.processors.standard.ExecuteSQLRecord - ExecuteSQLRecord[id=ee9c8f90-a420-4423-ad4a-ce435c2558e8] FlowFile[31,93361903547421.mockFlowFile,70B] contains 5 records; transferring to 'success'
[pool-1541-thread-1] INFO org.apache.nifi.processors.standard.ExecuteSQLRecord - ExecuteSQLRecord[id=ee9c8f90-a420-4423-ad4a-ce435c2558e8] FlowFile[32,93361903648903.mockFlowFile,70B] contains 5 records; transferring to 'success'
[pool-1541-thread-1] INFO org.apache.nifi.processors.standard.ExecuteSQLRecord - ExecuteSQLRecord[id=ee9c8f90-a420-4423-ad4a-ce435c2558e8] FlowFile[33,93361903720344.mockFlowFile,70B] contains 5 records; transferring to 'success'
[pool-1541-thread-1] INFO org.apache.nifi.processors.standard.ExecuteSQLRecord - ExecuteSQLRecord[id=ee9c8f90-a420-4423-ad4a-ce435c2558e8] FlowFile[34,93361903795793.mockFlowFile,70B] contains 5 records; transferring to 'success'
[pool-1541-thread-1] INFO org.apache.nifi.processors.standard.ExecuteSQLRecord - ExecuteSQLRecord[id=ee9c8f90-a420-4423-ad4a-ce435c2558e8] FlowFile[35,93361903872546.mockFlowFile,70B] contains 5 records; transferring to 'success'
[pool-1541-thread-1] INFO org.apache.nifi.processors.standard.ExecuteSQLRecord - ExecuteSQLRecord[id=ee9c8f90-a420-4423-ad4a-ce435c2558e8] FlowFile[36,93361903951851.mockFlowFile,70B] contains 5 records; transferring to 'success'
[pool-1541-thread-1] INFO org.apache.nifi.processors.standard.ExecuteSQLRecord - ExecuteSQLRecord[id=ee9c8f90-a420-4423-ad4a-ce435c2558e8] FlowFile[37,93361904037437.mockFlowFile,70B] contains 5 records; transferring to 'success'
[pool-1541-thread-1] INFO org.apache.nifi.processors.standard.ExecuteSQLRecord - ExecuteSQLRecord[id=ee9c8f90-a420-4423-ad4a-ce435c2558e8] FlowFile[38,93361904106980.mockFlowFile,70B] contains 5 records; transferring to 'success'
[pool-1541-thread-1] INFO org.apache.nifi.processors.standard.ExecuteSQLRecord - ExecuteSQLRecord[id=ee9c8f90-a420-4423-ad4a-ce435c2558e8] FlowFile[39,93361904343874.mockFlowFile,70B] contains 5 records; transferring to 'success'
[pool-1541-thread-1] INFO org.apache.nifi.processors.standard.ExecuteSQLRecord - ExecuteSQLRecord[id=ee9c8f90-a420-4423-ad4a-ce435c2558e8] FlowFile[40,93361904479739.mockFlowFile,70B] contains 5 records; transferring to 'success'
[pool-1541-thread-1] INFO org.apache.nifi.processors.standard.ExecuteSQLRecord - ExecuteSQLRecord[id=ee9c8f90-a420-4423-ad4a-ce435c2558e8] FlowFile[41,93361904558953.mockFlowFile,70B] contains 5 records; transferring to 'success'
[pool-1541-thread-1] INFO org.apache.nifi.processors.standard.ExecuteSQLRecord - ExecuteSQLRecord[id=ee9c8f90-a420-4423-ad4a-ce435c2558e8] FlowFile[42,93361904651157.mockFlowFile,70B] contains 5 records; transferring to 'success'
[pool-1541-thread-1] INFO org.apache.nifi.processors.standard.ExecuteSQLRecord - ExecuteSQLRecord[id=ee9c8f90-a420-4423-ad4a-ce435c2558e8] FlowFile[43,93361904735781.mockFlowFile,70B] contains 5 records; transferring to 'success'
[pool-1541-thread-1] INFO org.apache.nifi.processors.standard.ExecuteSQLRecord - ExecuteSQLRecord[id=ee9c8f90-a420-4423-ad4a-ce435c2558e8] FlowFile[44,93361904803702.mockFlowFile,70B] contains 5 records; transferring to 'success'
[pool-1541-thread-1] INFO org.apache.nifi.processors.standard.ExecuteSQLRecord - ExecuteSQLRecord[id=ee9c8f90-a420-4423-ad4a-ce435c2558e8] FlowFile[45,93361904893610.mockFlowFile,70B] contains 5 records; transferring to 'success'
[pool-1541-thread-1] INFO org.apache.nifi.processors.standard.ExecuteSQLRecord - ExecuteSQLRecord[id=ee9c8f90-a420-4423-ad4a-ce435c2558e8] FlowFile[46,93361904964506.mockFlowFile,70B] contains 5 records; transferring to 'success'
[pool-1541-thread-1] INFO org.apache.nifi.processors.standard.ExecuteSQLRecord - ExecuteSQLRecord[id=ee9c8f90-a420-4423-ad4a-ce435c2558e8] FlowFile[47,93361905037389.mockFlowFile,70B] contains 5 records; transferring to 'success'
[pool-1541-thread-1] INFO org.apache.nifi.processors.standard.ExecuteSQLRecord - ExecuteSQLRecord[id=ee9c8f90-a420-4423-ad4a-ce435c2558e8] FlowFile[48,93361905126073.mockFlowFile,70B] contains 5 records; transferring to 'success'
[pool-1541-thread-1] INFO org.apache.nifi.processors.standard.ExecuteSQLRecord - ExecuteSQLRecord[id=ee9c8f90-a420-4423-ad4a-ce435c2558e8] FlowFile[49,93361905197447.mockFlowFile,70B] contains 5 records; transferring to 'success'
[pool-1541-thread-1] INFO org.apache.nifi.processors.standard.ExecuteSQLRecord - ExecuteSQLRecord[id=ee9c8f90-a420-4423-ad4a-ce435c2558e8] FlowFile[50,93361905274936.mockFlowFile,70B] contains 5 records; transferring to 'success'
[pool-1541-thread-1] INFO org.apache.nifi.processors.standard.ExecuteSQLRecord - ExecuteSQLRecord[id=ee9c8f90-a420-4423-ad4a-ce435c2558e8] FlowFile[51,93361905343943.mockFlowFile,70B] contains 5 records; transferring to 'success'
[pool-1541-thread-1] INFO org.apache.nifi.processors.standard.ExecuteSQLRecord - ExecuteSQLRecord[id=ee9c8f90-a420-4423-ad4a-ce435c2558e8] FlowFile[52,93361905428791.mockFlowFile,70B] contains 5 records; transferring to 'success'
[pool-1541-thread-1] INFO org.apache.nifi.processors.standard.ExecuteSQLRecord - ExecuteSQLRecord[id=ee9c8f90-a420-4423-ad4a-ce435c2558e8] FlowFile[53,93361905498019.mockFlowFile,70B] contains 5 records; transferring to 'success'
[pool-1541-thread-1] INFO org.apache.nifi.processors.standard.ExecuteSQLRecord - ExecuteSQLRecord[id=ee9c8f90-a420-4423-ad4a-ce435c2558e8] FlowFile[54,93361905567448.mockFlowFile,70B] contains 5 records; transferring to 'success'
[pool-1541-thread-1] INFO org.apache.nifi.processors.standard.ExecuteSQLRecord - ExecuteSQLRecord[id=ee9c8f90-a420-4423-ad4a-ce435c2558e8] FlowFile[55,93361905650679.mockFlowFile,70B] contains 5 records; transferring to 'success'
[pool-1541-thread-1] INFO org.apache.nifi.processors.standard.ExecuteSQLRecord - ExecuteSQLRecord[id=ee9c8f90-a420-4423-ad4a-ce435c2558e8] FlowFile[56,93361905722602.mockFlowFile,70B] contains 5 records; transferring to 'success'
[pool-1541-thread-1] INFO org.apache.nifi.processors.standard.ExecuteSQLRecord - ExecuteSQLRecord[id=ee9c8f90-a420-4423-ad4a-ce435c2558e8] FlowFile[57,93361905798270.mockFlowFile,70B] contains 5 records; transferring to 'success'
[pool-1541-thread-1] INFO org.apache.nifi.processors.standard.ExecuteSQLRecord - ExecuteSQLRecord[id=ee9c8f90-a420-4423-ad4a-ce435c2558e8] FlowFile[58,93361905878702.mockFlowFile,70B] contains 5 records; transferring to 'success'
[pool-1541-thread-1] INFO org.apache.nifi.processors.standard.ExecuteSQLRecord - ExecuteSQLRecord[id=ee9c8f90-a420-4423-ad4a-ce435c2558e8] FlowFile[59,93361905950832.mockFlowFile,70B] contains 5 records; transferring to 'success'
[pool-1541-thread-1] INFO org.apache.nifi.processors.standard.ExecuteSQLRecord - ExecuteSQLRecord[id=ee9c8f90-a420-4423-ad4a-ce435c2558e8] FlowFile[60,93361906224120.mockFlowFile,70B] contains 5 records; transferring to 'success'
[pool-1541-thread-1] INFO org.apache.nifi.processors.standard.ExecuteSQLRecord - ExecuteSQLRecord[id=ee9c8f90-a420-4423-ad4a-ce435c2558e8] FlowFile[61,93361906468364.mockFlowFile,70B] contains 5 records; transferring to 'success'
[pool-1541-thread-1] INFO org.apache.nifi.processors.standard.ExecuteSQLRecord - ExecuteSQLRecord[id=ee9c8f90-a420-4423-ad4a-ce435c2558e8] FlowFile[62,93361906550487.mockFlowFile,70B] contains 5 records; transferring to 'success'
[pool-1541-thread-1] INFO org.apache.nifi.processors.standard.ExecuteSQLRecord - ExecuteSQLRecord[id=ee9c8f90-a420-4423-ad4a-ce435c2558e8] FlowFile[63,93361906624247.mockFlowFile,70B] contains 5 records; transferring to 'success'
[pool-1541-thread-1] INFO org.apache.nifi.processors.standard.ExecuteSQLRecord - ExecuteSQLRecord[id=ee9c8f90-a420-4423-ad4a-ce435c2558e8] FlowFile[64,93361906724884.mockFlowFile,70B] contains 5 records; transferring to 'success'
[pool-1541-thread-1] INFO org.apache.nifi.processors.standard.ExecuteSQLRecord - ExecuteSQLRecord[id=ee9c8f90-a420-4423-ad4a-ce435c2558e8] FlowFile[65,93361906800139.mockFlowFile,70B] contains 5 records; transferring to 'success'
[pool-1541-thread-1] INFO org.apache.nifi.processors.standard.ExecuteSQLRecord - ExecuteSQLRecord[id=ee9c8f90-a420-4423-ad4a-ce435c2558e8] FlowFile[66,93361906867587.mockFlowFile,70B] contains 5 records; transferring to 'success'
[pool-1541-thread-1] INFO org.apache.nifi.processors.standard.ExecuteSQLRecord - ExecuteSQLRecord[id=ee9c8f90-a420-4423-ad4a-ce435c2558e8] FlowFile[67,93361906930392.mockFlowFile,70B] contains 5 records; transferring to 'success'
[pool-1541-thread-1] INFO org.apache.nifi.processors.standard.ExecuteSQLRecord - ExecuteSQLRecord[id=ee9c8f90-a420-4423-ad4a-ce435c2558e8] FlowFile[68,93361907005264.mockFlowFile,70B] contains 5 records; transferring to 'success'
[pool-1541-thread-1] INFO org.apache.nifi.processors.standard.ExecuteSQLRecord - ExecuteSQLRecord[id=ee9c8f90-a420-4423-ad4a-ce435c2558e8] FlowFile[69,93361907087999.mockFlowFile,70B] contains 5 records; transferring to 'success'
[pool-1541-thread-1] INFO org.apache.nifi.processors.standard.ExecuteSQLRecord - ExecuteSQLRecord[id=ee9c8f90-a420-4423-ad4a-ce435c2558e8] FlowFile[70,93361907161146.mockFlowFile,70B] contains 5 records; transferring to 'success'
[pool-1541-thread-1] INFO org.apache.nifi.processors.standard.ExecuteSQLRecord - ExecuteSQLRecord[id=ee9c8f90-a420-4423-ad4a-ce435c2558e8] FlowFile[71,93361907239132.mockFlowFile,70B] contains 5 records; transferring to 'success'
[pool-1541-thread-1] INFO org.apache.nifi.processors.standard.ExecuteSQLRecord - ExecuteSQLRecord[id=ee9c8f90-a420-4423-ad4a-ce435c2558e8] FlowFile[72,93361907307309.mockFlowFile,70B] contains 5 records; transferring to 'success'
[pool-1541-thread-1] INFO org.apache.nifi.processors.standard.ExecuteSQLRecord - ExecuteSQLRecord[id=ee9c8f90-a420-4423-ad4a-ce435c2558e8] FlowFile[73,93361907375033.mockFlowFile,70B] contains 5 records; transferring to 'success'
[pool-1541-thread-1] INFO org.apache.nifi.processors.standard.ExecuteSQLRecord - ExecuteSQLRecord[id=ee9c8f90-a420-4423-ad4a-ce435c2558e8] FlowFile[74,93361907460346.mockFlowFile,70B] contains 5 records; transferring to 'success'
[pool-1541-thread-1] INFO org.apache.nifi.processors.standard.ExecuteSQLRecord - ExecuteSQLRecord[id=ee9c8f90-a420-4423-ad4a-ce435c2558e8] FlowFile[75,93361907574638.mockFlowFile,70B] contains 5 records; transferring to 'success'
[pool-1541-thread-1] INFO org.apache.nifi.processors.standard.ExecuteSQLRecord - ExecuteSQLRecord[id=ee9c8f90-a420-4423-ad4a-ce435c2558e8] FlowFile[76,93361907642405.mockFlowFile,70B] contains 5 records; transferring to 'success'
[pool-1541-thread-1] INFO org.apache.nifi.processors.standard.ExecuteSQLRecord - ExecuteSQLRecord[id=ee9c8f90-a420-4423-ad4a-ce435c2558e8] FlowFile[77,93361907716343.mockFlowFile,70B] contains 5 records; transferring to 'success'
[pool-1541-thread-1] INFO org.apache.nifi.processors.standard.ExecuteSQLRecord - ExecuteSQLRecord[id=ee9c8f90-a420-4423-ad4a-ce435c2558e8] FlowFile[78,93361907780295.mockFlowFile,70B] contains 5 records; transferring to 'success'
[pool-1541-thread-1] INFO org.apache.nifi.processors.standard.ExecuteSQLRecord - ExecuteSQLRecord[id=ee9c8f90-a420-4423-ad4a-ce435c2558e8] FlowFile[79,93361907843448.mockFlowFile,70B] contains 5 records; transferring to 'success'
[pool-1541-thread-1] INFO org.apache.nifi.processors.standard.ExecuteSQLRecord - ExecuteSQLRecord[id=ee9c8f90-a420-4423-ad4a-ce435c2558e8] FlowFile[80,93361907937307.mockFlowFile,70B] contains 5 records; transferring to 'success'
[pool-1541-thread-1] INFO org.apache.nifi.processors.standard.ExecuteSQLRecord - ExecuteSQLRecord[id=ee9c8f90-a420-4423-ad4a-ce435c2558e8] FlowFile[81,93361908022579.mockFlowFile,70B] contains 5 records; transferring to 'success'
[pool-1541-thread-1] INFO org.apache.nifi.processors.standard.ExecuteSQLRecord - ExecuteSQLRecord[id=ee9c8f90-a420-4423-ad4a-ce435c2558e8] FlowFile[82,93361908100207.mockFlowFile,70B] contains 5 records; transferring to 'success'
[pool-1541-thread-1] INFO org.apache.nifi.processors.standard.ExecuteSQLRecord - ExecuteSQLRecord[id=ee9c8f90-a420-4423-ad4a-ce435c2558e8] FlowFile[83,93361908200279.mockFlowFile,70B] contains 5 records; transferring to 'success'
[pool-1541-thread-1] INFO org.apache.nifi.processors.standard.ExecuteSQLRecord - ExecuteSQLRecord[id=ee9c8f90-a420-4423-ad4a-ce435c2558e8] FlowFile[84,93361908276058.mockFlowFile,70B] contains 5 records; transferring to 'success'
[pool-1541-thread-1] INFO org.apache.nifi.processors.standard.ExecuteSQLRecord - ExecuteSQLRecord[id=ee9c8f90-a420-4423-ad4a-ce435c2558e8] FlowFile[85,93361908353639.mockFlowFile,70B] contains 5 records; transferring to 'success'
[pool-1541-thread-1] INFO org.apache.nifi.processors.standard.ExecuteSQLRecord - ExecuteSQLRecord[id=ee9c8f90-a420-4423-ad4a-ce435c2558e8] FlowFile[86,93361908419368.mockFlowFile,70B] contains 5 records; transferring to 'success'
[pool-1541-thread-1] INFO org.apache.nifi.processors.standard.ExecuteSQLRecord - ExecuteSQLRecord[id=ee9c8f90-a420-4423-ad4a-ce435c2558e8] FlowFile[87,93361908490751.mockFlowFile,70B] contains 5 records; transferring to 'success'
[pool-1541-thread-1] INFO org.apache.nifi.processors.standard.ExecuteSQLRecord - ExecuteSQLRecord[id=ee9c8f90-a420-4423-ad4a-ce435c2558e8] FlowFile[88,93361908554407.mockFlowFile,70B] contains 5 records; transferring to 'success'
[pool-1541-thread-1] INFO org.apache.nifi.processors.standard.ExecuteSQLRecord - ExecuteSQLRecord[id=ee9c8f90-a420-4423-ad4a-ce435c2558e8] FlowFile[89,93361908615519.mockFlowFile,70B] contains 5 records; transferring to 'success'
[pool-1541-thread-1] INFO org.apache.nifi.processors.standard.ExecuteSQLRecord - ExecuteSQLRecord[id=ee9c8f90-a420-4423-ad4a-ce435c2558e8] FlowFile[90,93361908695229.mockFlowFile,70B] contains 5 records; transferring to 'success'
[pool-1541-thread-1] INFO org.apache.nifi.processors.standard.ExecuteSQLRecord - ExecuteSQLRecord[id=ee9c8f90-a420-4423-ad4a-ce435c2558e8] FlowFile[91,93361908760048.mockFlowFile,70B] contains 5 records; transferring to 'success'
[pool-1541-thread-1] INFO org.apache.nifi.processors.standard.ExecuteSQLRecord - ExecuteSQLRecord[id=ee9c8f90-a420-4423-ad4a-ce435c2558e8] FlowFile[92,93361908822183.mockFlowFile,70B] contains 5 records; transferring to 'success'
[pool-1541-thread-1] INFO org.apache.nifi.processors.standard.ExecuteSQLRecord - ExecuteSQLRecord[id=ee9c8f90-a420-4423-ad4a-ce435c2558e8] FlowFile[93,93361908899080.mockFlowFile,70B] contains 5 records; transferring to 'success'
[pool-1541-thread-1] INFO org.apache.nifi.processors.standard.ExecuteSQLRecord - ExecuteSQLRecord[id=ee9c8f90-a420-4423-ad4a-ce435c2558e8] FlowFile[94,93361908973882.mockFlowFile,70B] contains 5 records; transferring to 'success'
[pool-1541-thread-1] INFO org.apache.nifi.processors.standard.ExecuteSQLRecord - ExecuteSQLRecord[id=ee9c8f90-a420-4423-ad4a-ce435c2558e8] FlowFile[95,93361909078410.mockFlowFile,70B] contains 5 records; transferring to 'success'
[pool-1541-thread-1] INFO org.apache.nifi.processors.standard.ExecuteSQLRecord - ExecuteSQLRecord[id=ee9c8f90-a420-4423-ad4a-ce435c2558e8] FlowFile[96,93361909158756.mockFlowFile,70B] contains 5 records; transferring to 'success'
[pool-1541-thread-1] INFO org.apache.nifi.processors.standard.ExecuteSQLRecord - ExecuteSQLRecord[id=ee9c8f90-a420-4423-ad4a-ce435c2558e8] FlowFile[97,93361909217895.mockFlowFile,70B] contains 5 records; transferring to 'success'
[pool-1541-thread-1] INFO org.apache.nifi.processors.standard.ExecuteSQLRecord - ExecuteSQLRecord[id=ee9c8f90-a420-4423-ad4a-ce435c2558e8] FlowFile[98,93361909278407.mockFlowFile,70B] contains 5 records; transferring to 'success'
[pool-1541-thread-1] INFO org.apache.nifi.processors.standard.ExecuteSQLRecord - ExecuteSQLRecord[id=ee9c8f90-a420-4423-ad4a-ce435c2558e8] FlowFile[99,93361909341167.mockFlowFile,70B] contains 5 records; transferring to 'success'
[pool-1541-thread-1] INFO org.apache.nifi.processors.standard.ExecuteSQLRecord - ExecuteSQLRecord[id=ee9c8f90-a420-4423-ad4a-ce435c2558e8] FlowFile[100,93361909417902.mockFlowFile,70B] contains 5 records; transferring to 'success'
[pool-1541-thread-1] INFO org.apache.nifi.processors.standard.ExecuteSQLRecord - ExecuteSQLRecord[id=ee9c8f90-a420-4423-ad4a-ce435c2558e8] FlowFile[101,93361909478815.mockFlowFile,70B] contains 5 records; transferring to 'success'
[pool-1541-thread-1] INFO org.apache.nifi.processors.standard.ExecuteSQLRecord - ExecuteSQLRecord[id=ee9c8f90-a420-4423-ad4a-ce435c2558e8] FlowFile[102,93361909536369.mockFlowFile,70B] contains 5 records; transferring to 'success'
[pool-1541-thread-1] INFO org.apache.nifi.processors.standard.ExecuteSQLRecord - ExecuteSQLRecord[id=ee9c8f90-a420-4423-ad4a-ce435c2558e8] FlowFile[103,93361909602460.mockFlowFile,70B] contains 5 records; transferring to 'success'
[pool-1541-thread-1] INFO org.apache.nifi.processors.standard.ExecuteSQLRecord - ExecuteSQLRecord[id=ee9c8f90-a420-4423-ad4a-ce435c2558e8] FlowFile[104,93361909660002.mockFlowFile,70B] contains 5 records; transferring to 'success'
[pool-1541-thread-1] INFO org.apache.nifi.processors.standard.ExecuteSQLRecord - ExecuteSQLRecord[id=ee9c8f90-a420-4423-ad4a-ce435c2558e8] FlowFile[105,93361909727867.mockFlowFile,70B] contains 5 records; transferring to 'success'
[pool-1541-thread-1] INFO org.apache.nifi.processors.standard.ExecuteSQLRecord - ExecuteSQLRecord[id=ee9c8f90-a420-4423-ad4a-ce435c2558e8] FlowFile[106,93361909994804.mockFlowFile,70B] contains 5 records; transferring to 'success'
[pool-1541-thread-1] INFO org.apache.nifi.processors.standard.ExecuteSQLRecord - ExecuteSQLRecord[id=ee9c8f90-a420-4423-ad4a-ce435c2558e8] FlowFile[107,93361910063118.mockFlowFile,70B] contains 5 records; transferring to 'success'
[pool-1541-thread-1] INFO org.apache.nifi.processors.standard.ExecuteSQLRecord - ExecuteSQLRecord[id=ee9c8f90-a420-4423-ad4a-ce435c2558e8] FlowFile[108,93361910125486.mockFlowFile,70B] contains 5 records; transferring to 'success'
[pool-1541-thread-1] INFO org.apache.nifi.processors.standard.ExecuteSQLRecord - ExecuteSQLRecord[id=ee9c8f90-a420-4423-ad4a-ce435c2558e8] FlowFile[109,93361910195623.mockFlowFile,70B] contains 5 records; transferring to 'success'
[pool-1541-thread-1] INFO org.apache.nifi.processors.standard.ExecuteSQLRecord - ExecuteSQLRecord[id=ee9c8f90-a420-4423-ad4a-ce435c2558e8] FlowFile[110,93361910268122.mockFlowFile,70B] contains 5 records; transferring to 'success'
[pool-1541-thread-1] INFO org.apache.nifi.processors.standard.ExecuteSQLRecord - ExecuteSQLRecord[id=ee9c8f90-a420-4423-ad4a-ce435c2558e8] FlowFile[111,93361910328075.mockFlowFile,70B] contains 5 records; transferring to 'success'
[pool-1541-thread-1] INFO org.apache.nifi.processors.standard.ExecuteSQLRecord - ExecuteSQLRecord[id=ee9c8f90-a420-4423-ad4a-ce435c2558e8] FlowFile[112,93361910418587.mockFlowFile,70B] contains 5 records; transferring to 'success'
[pool-1541-thread-1] INFO org.apache.nifi.processors.standard.ExecuteSQLRecord - ExecuteSQLRecord[id=ee9c8f90-a420-4423-ad4a-ce435c2558e8] FlowFile[113,93361910506931.mockFlowFile,70B] contains 5 records; transferring to 'success'
[pool-1541-thread-1] INFO org.apache.nifi.processors.standard.ExecuteSQLRecord - ExecuteSQLRecord[id=ee9c8f90-a420-4423-ad4a-ce435c2558e8] FlowFile[114,93361910569256.mockFlowFile,70B] contains 5 records; transferring to 'success'
[pool-1541-thread-1] INFO org.apache.nifi.processors.standard.ExecuteSQLRecord - ExecuteSQLRecord[id=ee9c8f90-a420-4423-ad4a-ce435c2558e8] FlowFile[115,93361910635117.mockFlowFile,70B] contains 5 records; transferring to 'success'
[pool-1541-thread-1] INFO org.apache.nifi.processors.standard.ExecuteSQLRecord - ExecuteSQLRecord[id=ee9c8f90-a420-4423-ad4a-ce435c2558e8] FlowFile[116,93361910706425.mockFlowFile,70B] contains 5 records; transferring to 'success'
[pool-1541-thread-1] INFO org.apache.nifi.processors.standard.ExecuteSQLRecord - ExecuteSQLRecord[id=ee9c8f90-a420-4423-ad4a-ce435c2558e8] FlowFile[117,93361910764600.mockFlowFile,70B] contains 5 records; transferring to 'success'
[pool-1541-thread-1] INFO org.apache.nifi.processors.standard.ExecuteSQLRecord - ExecuteSQLRecord[id=ee9c8f90-a420-4423-ad4a-ce435c2558e8] FlowFile[118,93361910821220.mockFlowFile,70B] contains 5 records; transferring to 'success'
[pool-1541-thread-1] INFO org.apache.nifi.processors.standard.ExecuteSQLRecord - ExecuteSQLRecord[id=ee9c8f90-a420-4423-ad4a-ce435c2558e8] FlowFile[119,93361910887932.mockFlowFile,70B] contains 5 records; transferring to 'success'
[pool-1541-thread-1] INFO org.apache.nifi.processors.standard.ExecuteSQLRecord - ExecuteSQLRecord[id=ee9c8f90-a420-4423-ad4a-ce435c2558e8] FlowFile[120,93361910953411.mockFlowFile,70B] contains 5 records; transferring to 'success'
[pool-1541-thread-1] INFO org.apache.nifi.processors.standard.ExecuteSQLRecord - ExecuteSQLRecord[id=ee9c8f90-a420-4423-ad4a-ce435c2558e8] FlowFile[121,93361911012888.mockFlowFile,70B] contains 5 records; transferring to 'success'
[pool-1541-thread-1] INFO org.apache.nifi.processors.standard.ExecuteSQLRecord - ExecuteSQLRecord[id=ee9c8f90-a420-4423-ad4a-ce435c2558e8] FlowFile[122,93361911078822.mockFlowFile,70B] contains 5 records; transferring to 'success'
[pool-1541-thread-1] INFO org.apache.nifi.processors.standard.ExecuteSQLRecord - ExecuteSQLRecord[id=ee9c8f90-a420-4423-ad4a-ce435c2558e8] FlowFile[123,93361911136995.mockFlowFile,70B] contains 5 records; transferring to 'success'
[pool-1541-thread-1] INFO org.apache.nifi.processors.standard.ExecuteSQLRecord - ExecuteSQLRecord[id=ee9c8f90-a420-4423-ad4a-ce435c2558e8] FlowFile[124,93361911195716.mockFlowFile,70B] contains 5 records; transferring to 'success'
[pool-1541-thread-1] INFO org.apache.nifi.processors.standard.ExecuteSQLRecord - ExecuteSQLRecord[id=ee9c8f90-a420-4423-ad4a-ce435c2558e8] FlowFile[125,93361911275359.mockFlowFile,70B] contains 5 records; transferring to 'success'
[pool-1541-thread-1] INFO org.apache.nifi.processors.standard.ExecuteSQLRecord - ExecuteSQLRecord[id=ee9c8f90-a420-4423-ad4a-ce435c2558e8] FlowFile[126,93361911337342.mockFlowFile,70B] contains 5 records; transferring to 'success'
[pool-1541-thread-1] INFO org.apache.nifi.processors.standard.ExecuteSQLRecord - ExecuteSQLRecord[id=ee9c8f90-a420-4423-ad4a-ce435c2558e8] FlowFile[127,93361911393740.mockFlowFile,70B] contains 5 records; transferring to 'success'
[pool-1541-thread-1] INFO org.apache.nifi.processors.standard.ExecuteSQLRecord - ExecuteSQLRecord[id=ee9c8f90-a420-4423-ad4a-ce435c2558e8] FlowFile[128,93361911471680.mockFlowFile,70B] contains 5 records; transferring to 'success'
[pool-1541-thread-1] INFO org.apache.nifi.processors.standard.ExecuteSQLRecord - ExecuteSQLRecord[id=ee9c8f90-a420-4423-ad4a-ce435c2558e8] FlowFile[129,93361911540521.mockFlowFile,70B] contains 5 records; transferring to 'success'
[pool-1541-thread-1] INFO org.apache.nifi.processors.standard.ExecuteSQLRecord - ExecuteSQLRecord[id=ee9c8f90-a420-4423-ad4a-ce435c2558e8] FlowFile[130,93361911615371.mockFlowFile,70B] contains 5 records; transferring to 'success'
[pool-1541-thread-1] INFO org.apache.nifi.processors.standard.ExecuteSQLRecord - ExecuteSQLRecord[id=ee9c8f90-a420-4423-ad4a-ce435c2558e8] FlowFile[131,93361911676310.mockFlowFile,70B] contains 5 records; transferring to 'success'
[pool-1541-thread-1] INFO org.apache.nifi.processors.standard.ExecuteSQLRecord - ExecuteSQLRecord[id=ee9c8f90-a420-4423-ad4a-ce435c2558e8] FlowFile[132,93361911741955.mockFlowFile,70B] contains 5 records; transferring to 'success'
[pool-1541-thread-1] INFO org.apache.nifi.processors.standard.ExecuteSQLRecord - ExecuteSQLRecord[id=ee9c8f90-a420-4423-ad4a-ce435c2558e8] FlowFile[133,93361911799451.mockFlowFile,70B] contains 5 records; transferring to 'success'
[pool-1541-thread-1] INFO org.apache.nifi.processors.standard.ExecuteSQLRecord - ExecuteSQLRecord[id=ee9c8f90-a420-4423-ad4a-ce435c2558e8] FlowFile[134,93361911856695.mockFlowFile,70B] contains 5 records; transferring to 'success'
[pool-1541-thread-1] INFO org.apache.nifi.processors.standard.ExecuteSQLRecord - ExecuteSQLRecord[id=ee9c8f90-a420-4423-ad4a-ce435c2558e8] FlowFile[135,93361911931551.mockFlowFile,70B] contains 5 records; transferring to 'success'
[pool-1541-thread-1] INFO org.apache.nifi.processors.standard.ExecuteSQLRecord - ExecuteSQLRecord[id=ee9c8f90-a420-4423-ad4a-ce435c2558e8] FlowFile[136,93361911993179.mockFlowFile,70B] contains 5 records; transferring to 'success'
[pool-1541-thread-1] INFO org.apache.nifi.processors.standard.ExecuteSQLRecord - ExecuteSQLRecord[id=ee9c8f90-a420-4423-ad4a-ce435c2558e8] FlowFile[137,93361912121194.mockFlowFile,70B] contains 5 records; transferring to 'success'
[pool-1541-thread-1] INFO org.apache.nifi.processors.standard.ExecuteSQLRecord - ExecuteSQLRecord[id=ee9c8f90-a420-4423-ad4a-ce435c2558e8] FlowFile[138,93361912198444.mockFlowFile,70B] contains 5 records; transferring to 'success'
[pool-1541-thread-1] INFO org.apache.nifi.processors.standard.ExecuteSQLRecord - ExecuteSQLRecord[id=ee9c8f90-a420-4423-ad4a-ce435c2558e8] FlowFile[139,93361912271022.mockFlowFile,70B] contains 5 records; transferring to 'success'
[pool-1541-thread-1] INFO org.apache.nifi.processors.standard.ExecuteSQLRecord - ExecuteSQLRecord[id=ee9c8f90-a420-4423-ad4a-ce435c2558e8] FlowFile[140,93361912344349.mockFlowFile,70B] contains 5 records; transferring to 'success'
[pool-1541-thread-1] INFO org.apache.nifi.processors.standard.ExecuteSQLRecord - ExecuteSQLRecord[id=ee9c8f90-a420-4423-ad4a-ce435c2558e8] FlowFile[141,93361912415230.mockFlowFile,70B] contains 5 records; transferring to 'success'
[pool-1541-thread-1] INFO org.apache.nifi.processors.standard.ExecuteSQLRecord - ExecuteSQLRecord[id=ee9c8f90-a420-4423-ad4a-ce435c2558e8] FlowFile[142,93361912473308.mockFlowFile,70B] contains 5 records; transferring to 'success'
[pool-1541-thread-1] INFO org.apache.nifi.processors.standard.ExecuteSQLRecord - ExecuteSQLRecord[id=ee9c8f90-a420-4423-ad4a-ce435c2558e8] FlowFile[143,93361912532620.mockFlowFile,70B] contains 5 records; transferring to 'success'
[pool-1541-thread-1] INFO org.apache.nifi.processors.standard.ExecuteSQLRecord - ExecuteSQLRecord[id=ee9c8f90-a420-4423-ad4a-ce435c2558e8] FlowFile[144,93361912607855.mockFlowFile,70B] contains 5 records; transferring to 'success'
[pool-1541-thread-1] INFO org.apache.nifi.processors.standard.ExecuteSQLRecord - ExecuteSQLRecord[id=ee9c8f90-a420-4423-ad4a-ce435c2558e8] FlowFile[145,93361912677230.mockFlowFile,70B] contains 5 records; transferring to 'success'
[pool-1541-thread-1] INFO org.apache.nifi.processors.standard.ExecuteSQLRecord - ExecuteSQLRecord[id=ee9c8f90-a420-4423-ad4a-ce435c2558e8] FlowFile[146,93361912738741.mockFlowFile,70B] contains 5 records; transferring to 'success'
[pool-1541-thread-1] INFO org.apache.nifi.processors.standard.ExecuteSQLRecord - ExecuteSQLRecord[id=ee9c8f90-a420-4423-ad4a-ce435c2558e8] FlowFile[147,93361912797233.mockFlowFile,70B] contains 5 records; transferring to 'success'
[pool-1541-thread-1] INFO org.apache.nifi.processors.standard.ExecuteSQLRecord - ExecuteSQLRecord[id=ee9c8f90-a420-4423-ad4a-ce435c2558e8] FlowFile[148,93361912862442.mockFlowFile,70B] contains 5 records; transferring to 'success'
[pool-1541-thread-1] INFO org.apache.nifi.processors.standard.ExecuteSQLRecord - ExecuteSQLRecord[id=ee9c8f90-a420-4423-ad4a-ce435c2558e8] FlowFile[149,93361912920110.mockFlowFile,70B] contains 5 records; transferring to 'success'
[pool-1541-thread-1] INFO org.apache.nifi.processors.standard.ExecuteSQLRecord - ExecuteSQLRecord[id=ee9c8f90-a420-4423-ad4a-ce435c2558e8] FlowFile[150,93361912988956.mockFlowFile,70B] contains 5 records; transferring to 'success'
[pool-1541-thread-1] INFO org.apache.nifi.processors.standard.ExecuteSQLRecord - ExecuteSQLRecord[id=ee9c8f90-a420-4423-ad4a-ce435c2558e8] FlowFile[151,93361913058101.mockFlowFile,70B] contains 5 records; transferring to 'success'
[pool-1541-thread-1] INFO org.apache.nifi.processors.standard.ExecuteSQLRecord - ExecuteSQLRecord[id=ee9c8f90-a420-4423-ad4a-ce435c2558e8] FlowFile[152,93361913115433.mockFlowFile,70B] contains 5 records; transferring to 'success'
[pool-1541-thread-1] INFO org.apache.nifi.processors.standard.ExecuteSQLRecord - ExecuteSQLRecord[id=ee9c8f90-a420-4423-ad4a-ce435c2558e8] FlowFile[153,93361913172968.mockFlowFile,70B] contains 5 records; transferring to 'success'
[pool-1541-thread-1] INFO org.apache.nifi.processors.standard.ExecuteSQLRecord - ExecuteSQLRecord[id=ee9c8f90-a420-4423-ad4a-ce435c2558e8] FlowFile[154,93361913237540.mockFlowFile,70B] contains 5 records; transferring to 'success'
[pool-1541-thread-1] INFO org.apache.nifi.processors.standard.ExecuteSQLRecord - ExecuteSQLRecord[id=ee9c8f90-a420-4423-ad4a-ce435c2558e8] FlowFile[155,93361913304438.mockFlowFile,70B] contains 5 records; transferring to 'success'
[pool-1541-thread-1] INFO org.apache.nifi.processors.standard.ExecuteSQLRecord - ExecuteSQLRecord[id=ee9c8f90-a420-4423-ad4a-ce435c2558e8] FlowFile[156,93361913365324.mockFlowFile,70B] contains 5 records; transferring to 'success'
[pool-1541-thread-1] INFO org.apache.nifi.processors.standard.ExecuteSQLRecord - ExecuteSQLRecord[id=ee9c8f90-a420-4423-ad4a-ce435c2558e8] FlowFile[157,93361913430699.mockFlowFile,70B] contains 5 records; transferring to 'success'
[pool-1541-thread-1] INFO org.apache.nifi.processors.standard.ExecuteSQLRecord - ExecuteSQLRecord[id=ee9c8f90-a420-4423-ad4a-ce435c2558e8] FlowFile[158,93361913489464.mockFlowFile,70B] contains 5 records; transferring to 'success'
[pool-1541-thread-1] INFO org.apache.nifi.processors.standard.ExecuteSQLRecord - ExecuteSQLRecord[id=ee9c8f90-a420-4423-ad4a-ce435c2558e8] FlowFile[159,93361913548736.mockFlowFile,70B] contains 5 records; transferring to 'success'
[pool-1541-thread-1] INFO org.apache.nifi.processors.standard.ExecuteSQLRecord - ExecuteSQLRecord[id=ee9c8f90-a420-4423-ad4a-ce435c2558e8] FlowFile[160,93361913630988.mockFlowFile,70B] contains 5 records; transferring to 'success'
[pool-1541-thread-1] INFO org.apache.nifi.processors.standard.ExecuteSQLRecord - ExecuteSQLRecord[id=ee9c8f90-a420-4423-ad4a-ce435c2558e8] FlowFile[161,93361913693413.mockFlowFile,70B] contains 5 records; transferring to 'success'
[pool-1541-thread-1] INFO org.apache.nifi.processors.standard.ExecuteSQLRecord - ExecuteSQLRecord[id=ee9c8f90-a420-4423-ad4a-ce435c2558e8] FlowFile[162,93361913776901.mockFlowFile,70B] contains 5 records; transferring to 'success'
[pool-1541-thread-1] INFO org.apache.nifi.processors.standard.ExecuteSQLRecord - ExecuteSQLRecord[id=ee9c8f90-a420-4423-ad4a-ce435c2558e8] FlowFile[163,93361913836315.mockFlowFile,70B] contains 5 records; transferring to 'success'
[pool-1541-thread-1] INFO org.apache.nifi.processors.standard.ExecuteSQLRecord - ExecuteSQLRecord[id=ee9c8f90-a420-4423-ad4a-ce435c2558e8] FlowFile[164,93361913908820.mockFlowFile,70B] contains 5 records; transferring to 'success'
[pool-1541-thread-1] INFO org.apache.nifi.processors.standard.ExecuteSQLRecord - ExecuteSQLRecord[id=ee9c8f90-a420-4423-ad4a-ce435c2558e8] FlowFile[165,93361913978487.mockFlowFile,70B] contains 5 records; transferring to 'success'
[pool-1541-thread-1] INFO org.apache.nifi.processors.standard.ExecuteSQLRecord - ExecuteSQLRecord[id=ee9c8f90-a420-4423-ad4a-ce435c2558e8] FlowFile[166,93361914038711.mockFlowFile,70B] contains 5 records; transferring to 'success'
[pool-1541-thread-1] INFO org.apache.nifi.processors.standard.ExecuteSQLRecord - ExecuteSQLRecord[id=ee9c8f90-a420-4423-ad4a-ce435c2558e8] FlowFile[167,93361914106187.mockFlowFile,70B] contains 5 records; transferring to 'success'
[pool-1541-thread-1] INFO org.apache.nifi.processors.standard.ExecuteSQLRecord - ExecuteSQLRecord[id=ee9c8f90-a420-4423-ad4a-ce435c2558e8] FlowFile[168,93361914164421.mockFlowFile,70B] contains 5 records; transferring to 'success'
[pool-1541-thread-1] INFO org.apache.nifi.processors.standard.ExecuteSQLRecord - ExecuteSQLRecord[id=ee9c8f90-a420-4423-ad4a-ce435c2558e8] FlowFile[169,93361914249268.mockFlowFile,70B] contains 5 records; transferring to 'success'
[pool-1541-thread-1] INFO org.apache.nifi.processors.standard.ExecuteSQLRecord - ExecuteSQLRecord[id=ee9c8f90-a420-4423-ad4a-ce435c2558e8] FlowFile[170,93361914337123.mockFlowFile,70B] contains 5 records; transferring to 'success'
[pool-1541-thread-1] INFO org.apache.nifi.processors.standard.ExecuteSQLRecord - ExecuteSQLRecord[id=ee9c8f90-a420-4423-ad4a-ce435c2558e8] FlowFile[171,93361914397236.mockFlowFile,70B] contains 5 records; transferring to 'success'
[pool-1541-thread-1] INFO org.apache.nifi.processors.standard.ExecuteSQLRecord - ExecuteSQLRecord[id=ee9c8f90-a420-4423-ad4a-ce435c2558e8] FlowFile[172,93361914453668.mockFlowFile,70B] contains 5 records; transferring to 'success'
[pool-1541-thread-1] INFO org.apache.nifi.processors.standard.ExecuteSQLRecord - ExecuteSQLRecord[id=ee9c8f90-a420-4423-ad4a-ce435c2558e8] FlowFile[173,93361914519639.mockFlowFile,70B] contains 5 records; transferring to 'success'
[pool-1541-thread-1] INFO org.apache.nifi.processors.standard.ExecuteSQLRecord - ExecuteSQLRecord[id=ee9c8f90-a420-4423-ad4a-ce435c2558e8] FlowFile[174,93361914580187.mockFlowFile,70B] contains 5 records; transferring to 'success'
[pool-1541-thread-1] INFO org.apache.nifi.processors.standard.ExecuteSQLRecord - ExecuteSQLRecord[id=ee9c8f90-a420-4423-ad4a-ce435c2558e8] FlowFile[175,93361914648330.mockFlowFile,70B] contains 5 records; transferring to 'success'
[pool-1541-thread-1] INFO org.apache.nifi.processors.standard.ExecuteSQLRecord - ExecuteSQLRecord[id=ee9c8f90-a420-4423-ad4a-ce435c2558e8] FlowFile[176,93361914914815.mockFlowFile,70B] contains 5 records; transferring to 'success'
[pool-1541-thread-1] INFO org.apache.nifi.processors.standard.ExecuteSQLRecord - ExecuteSQLRecord[id=ee9c8f90-a420-4423-ad4a-ce435c2558e8] FlowFile[177,93361915036452.mockFlowFile,70B] contains 5 records; transferring to 'success'
[pool-1541-thread-1] INFO org.apache.nifi.processors.standard.ExecuteSQLRecord - ExecuteSQLRecord[id=ee9c8f90-a420-4423-ad4a-ce435c2558e8] FlowFile[178,93361915097311.mockFlowFile,70B] contains 5 records; transferring to 'success'
[pool-1541-thread-1] INFO org.apache.nifi.processors.standard.ExecuteSQLRecord - ExecuteSQLRecord[id=ee9c8f90-a420-4423-ad4a-ce435c2558e8] FlowFile[179,93361915157940.mockFlowFile,70B] contains 5 records; transferring to 'success'
[pool-1541-thread-1] INFO org.apache.nifi.processors.standard.ExecuteSQLRecord - ExecuteSQLRecord[id=ee9c8f90-a420-4423-ad4a-ce435c2558e8] FlowFile[180,93361915239904.mockFlowFile,70B] contains 5 records; transferring to 'success'
[pool-1541-thread-1] INFO org.apache.nifi.processors.standard.ExecuteSQLRecord - ExecuteSQLRecord[id=ee9c8f90-a420-4423-ad4a-ce435c2558e8] FlowFile[181,93361915296975.mockFlowFile,70B] contains 5 records; transferring to 'success'
[pool-1541-thread-1] INFO org.apache.nifi.processors.standard.ExecuteSQLRecord - ExecuteSQLRecord[id=ee9c8f90-a420-4423-ad4a-ce435c2558e8] FlowFile[182,93361915351012.mockFlowFile,70B] contains 5 records; transferring to 'success'
[pool-1541-thread-1] INFO org.apache.nifi.processors.standard.ExecuteSQLRecord - ExecuteSQLRecord[id=ee9c8f90-a420-4423-ad4a-ce435c2558e8] FlowFile[183,93361915414554.mockFlowFile,70B] contains 5 records; transferring to 'success'
[pool-1541-thread-1] INFO org.apache.nifi.processors.standard.ExecuteSQLRecord - ExecuteSQLRecord[id=ee9c8f90-a420-4423-ad4a-ce435c2558e8] FlowFile[184,93361915468896.mockFlowFile,70B] contains 5 records; transferring to 'success'
[pool-1541-thread-1] INFO org.apache.nifi.processors.standard.ExecuteSQLRecord - ExecuteSQLRecord[id=ee9c8f90-a420-4423-ad4a-ce435c2558e8] FlowFile[185,93361915533822.mockFlowFile,70B] contains 5 records; transferring to 'success'
[pool-1541-thread-1] INFO org.apache.nifi.processors.standard.ExecuteSQLRecord - ExecuteSQLRecord[id=ee9c8f90-a420-4423-ad4a-ce435c2558e8] FlowFile[186,93361915615211.mockFlowFile,70B] contains 5 records; transferring to 'success'
[pool-1541-thread-1] INFO org.apache.nifi.processors.standard.ExecuteSQLRecord - ExecuteSQLRecord[id=ee9c8f90-a420-4423-ad4a-ce435c2558e8] FlowFile[187,93361915674757.mockFlowFile,70B] contains 5 records; transferring to 'success'
[pool-1541-thread-1] INFO org.apache.nifi.processors.standard.ExecuteSQLRecord - ExecuteSQLRecord[id=ee9c8f90-a420-4423-ad4a-ce435c2558e8] FlowFile[188,93361915730798.mockFlowFile,70B] contains 5 records; transferring to 'success'
[pool-1541-thread-1] INFO org.apache.nifi.processors.standard.ExecuteSQLRecord - ExecuteSQLRecord[id=ee9c8f90-a420-4423-ad4a-ce435c2558e8] FlowFile[189,93361915795058.mockFlowFile,70B] contains 5 records; transferring to 'success'
[pool-1541-thread-1] INFO org.apache.nifi.processors.standard.ExecuteSQLRecord - ExecuteSQLRecord[id=ee9c8f90-a420-4423-ad4a-ce435c2558e8] FlowFile[190,93361915862045.mockFlowFile,70B] contains 5 records; transferring to 'success'
[pool-1541-thread-1] INFO org.apache.nifi.processors.standard.ExecuteSQLRecord - ExecuteSQLRecord[id=ee9c8f90-a420-4423-ad4a-ce435c2558e8] FlowFile[191,93361915945806.mockFlowFile,70B] contains 5 records; transferring to 'success'
[pool-1541-thread-1] INFO org.apache.nifi.processors.standard.ExecuteSQLRecord - ExecuteSQLRecord[id=ee9c8f90-a420-4423-ad4a-ce435c2558e8] FlowFile[192,93361916043825.mockFlowFile,70B] contains 5 records; transferring to 'success'
[pool-1541-thread-1] INFO org.apache.nifi.processors.standard.ExecuteSQLRecord - ExecuteSQLRecord[id=ee9c8f90-a420-4423-ad4a-ce435c2558e8] FlowFile[193,93361916104133.mockFlowFile,70B] contains 5 records; transferring to 'success'
[pool-1541-thread-1] INFO org.apache.nifi.processors.standard.ExecuteSQLRecord - ExecuteSQLRecord[id=ee9c8f90-a420-4423-ad4a-ce435c2558e8] FlowFile[194,93361916163941.mockFlowFile,70B] contains 5 records; transferring to 'success'
[pool-1541-thread-1] INFO org.apache.nifi.processors.standard.ExecuteSQLRecord - ExecuteSQLRecord[id=ee9c8f90-a420-4423-ad4a-ce435c2558e8] FlowFile[195,93361916230717.mockFlowFile,70B] contains 5 records; transferring to 'success'
[pool-1541-thread-1] INFO org.apache.nifi.processors.standard.ExecuteSQLRecord - ExecuteSQLRecord[id=ee9c8f90-a420-4423-ad4a-ce435c2558e8] FlowFile[196,93361916299772.mockFlowFile,70B] contains 5 records; transferring to 'success'
[pool-1541-thread-1] INFO org.apache.nifi.processors.standard.ExecuteSQLRecord - ExecuteSQLRecord[id=ee9c8f90-a420-4423-ad4a-ce435c2558e8] FlowFile[197,93361916365040.mockFlowFile,70B] contains 5 records; transferring to 'success'
[pool-1541-thread-1] INFO org.apache.nifi.processors.standard.ExecuteSQLRecord - ExecuteSQLRecord[id=ee9c8f90-a420-4423-ad4a-ce435c2558e8] FlowFile[198,93361916463184.mockFlowFile,70B] contains 5 records; transferring to 'success'
[pool-1541-thread-1] INFO org.apache.nifi.processors.standard.ExecuteSQLRecord - ExecuteSQLRecord[id=ee9c8f90-a420-4423-ad4a-ce435c2558e8] FlowFile[199,93361916585670.mockFlowFile,70B] contains 5 records; transferring to 'success'
]]></system-err>
  </testcase>
  <testcase name="testPostQuery" classname="org.apache.nifi.processors.standard.TestExecuteSQLRecord" time="0.079">
    <system-err><![CDATA[[pool-1542-thread-1] INFO org.apache.nifi.processors.standard.ExecuteSQLRecord - ExecuteSQLRecord[id=347caf64-e3ae-4a1e-a7eb-09fe9b7aacc0] FlowFile[1,93361940950459.mockFlowFile,12B] contains 1 records; transferring to 'success'
]]></system-err>
  </testcase>
  <testcase name="testNoIncomingConnection" classname="org.apache.nifi.processors.standard.TestExecuteSQLRecord" time="0.901">
    <system-out><![CDATA[ H
HCGAHAHFE IA
BD IB
]]></system-out>
    <system-err><![CDATA[[main] INFO org.apache.nifi.processors.standard.TestExecuteSQLRecord - test data loaded
[pool-1543-thread-1] INFO org.apache.nifi.processors.standard.ExecuteSQLRecord - ExecuteSQLRecord[id=b96b6eb9-da4d-4e62-86f9-b0f312915cad] FlowFile[0,93362673310195.mockFlowFile,1650894B] contains 20000 records; transferring to 'success'
]]></system-err>
  </testcase>
  <testcase name="testPostQueryFail" classname="org.apache.nifi.processors.standard.TestExecuteSQLRecord" time="0.027">
    <system-err><![CDATA[[pool-1544-thread-1] INFO org.apache.nifi.processors.standard.ExecuteSQLRecord - ExecuteSQLRecord[id=8c6f8eb6-ef3f-424f-836e-338a60b9a291] FlowFile[1,93362918841251.mockFlowFile,0B] contains 0 records; transferring to 'success'
[pool-1544-thread-1] ERROR org.apache.nifi.processors.standard.ExecuteSQLRecord - ExecuteSQLRecord[id=8c6f8eb6-ef3f-424f-836e-338a60b9a291] Unable to execute SQL select query CALL SYSCS_UTIL.SYSCS_SET_RUNTIMESTATISTICS() for FlowFile[0,93362918841251.mockFlowFile,4B] due to java.sql.SQLSyntaxErrorException: 'SYSCS_UTIL.SYSCS_SET_RUNTIMESTATISTICS' is not recognized as a function or procedure.; routing to failure: java.sql.SQLSyntaxErrorException: 'SYSCS_UTIL.SYSCS_SET_RUNTIMESTATISTICS' is not recognized as a function or procedure.
java.sql.SQLSyntaxErrorException: 'SYSCS_UTIL.SYSCS_SET_RUNTIMESTATISTICS' is not recognized as a function or procedure.
	at org.apache.derby.impl.jdbc.SQLExceptionFactory.getSQLException(Unknown Source)
	at org.apache.derby.impl.jdbc.Util.generateCsSQLException(Unknown Source)
	at org.apache.derby.impl.jdbc.TransactionResourceImpl.wrapInSQLException(Unknown Source)
	at org.apache.derby.impl.jdbc.TransactionResourceImpl.handleException(Unknown Source)
	at org.apache.derby.impl.jdbc.EmbedConnection.handleException(Unknown Source)
	at org.apache.derby.impl.jdbc.ConnectionChild.handleException(Unknown Source)
	at org.apache.derby.impl.jdbc.EmbedStatement.execute(Unknown Source)
	at org.apache.derby.impl.jdbc.EmbedStatement.execute(Unknown Source)
	at org.apache.nifi.processors.standard.AbstractExecuteSQL.executeConfigStatements(AbstractExecuteSQL.java:464)
	at org.apache.nifi.processors.standard.AbstractExecuteSQL.onTrigger(AbstractExecuteSQL.java:397)
	at org.apache.nifi.processor.AbstractProcessor.onTrigger(AbstractProcessor.java:27)
	at org.apache.nifi.util.StandardProcessorTestRunner$RunProcessor.call(StandardProcessorTestRunner.java:284)
	at org.apache.nifi.util.StandardProcessorTestRunner$RunProcessor.call(StandardProcessorTestRunner.java:278)
	at java.util.concurrent.FutureTask.run(FutureTask.java:266)
	at java.util.concurrent.ScheduledThreadPoolExecutor$ScheduledFutureTask.access$201(ScheduledThreadPoolExecutor.java:180)
	at java.util.concurrent.ScheduledThreadPoolExecutor$ScheduledFutureTask.run(ScheduledThreadPoolExecutor.java:293)
	at java.util.concurrent.ThreadPoolExecutor.runWorker(ThreadPoolExecutor.java:1149)
	at java.util.concurrent.ThreadPoolExecutor$Worker.run(ThreadPoolExecutor.java:624)
	at java.lang.Thread.run(Thread.java:750)
Caused by: ERROR 42Y03: 'SYSCS_UTIL.SYSCS_SET_RUNTIMESTATISTICS' is not recognized as a function or procedure.
	at org.apache.derby.iapi.error.StandardException.newException(Unknown Source)
	at org.apache.derby.iapi.error.StandardException.newException(Unknown Source)
	at org.apache.derby.impl.sql.compile.StaticMethodCallNode.bindExpressionMinion(Unknown Source)
	at org.apache.derby.impl.sql.compile.StaticMethodCallNode.bindExpression(Unknown Source)
	at org.apache.derby.impl.sql.compile.JavaToSQLValueNode.bindExpression(Unknown Source)
	at org.apache.derby.impl.sql.compile.CallStatementNode.bindStatement(Unknown Source)
	at org.apache.derby.impl.sql.GenericStatement.prepMinion(Unknown Source)
	at org.apache.derby.impl.sql.GenericStatement.prepare(Unknown Source)
	at org.apache.derby.impl.sql.conn.GenericLanguageConnectionContext.prepareInternalStatement(Unknown Source)
	... 13 more
]]></system-err>
  </testcase>
  <testcase name="testWriteLOBsToAvro" classname="org.apache.nifi.processors.standard.TestExecuteSQLRecord" time="0.432">
    <system-err><![CDATA[[pool-1545-thread-1] INFO org.apache.nifi.processors.standard.ExecuteSQLRecord - ExecuteSQLRecord[id=e1716041-06af-468e-b60a-4f7f2bfa883e] FlowFile[0,93363225810292.mockFlowFile,417B] contains 1 records; transferring to 'success'
]]></system-err>
  </testcase>
  <testcase name="testWithSqlException" classname="org.apache.nifi.processors.standard.TestExecuteSQLRecord" time="0.012">
    <system-err><![CDATA[[pool-1546-thread-1] ERROR org.apache.nifi.processors.standard.ExecuteSQLRecord - ExecuteSQLRecord[id=5d36dc47-6854-4eed-ad74-7959062250f8] Unable to execute SQL select query SELECT val1 FROM TEST_NO_ROWS due to java.sql.SQLSyntaxErrorException: Column 'VAL1' is either not in any table in the FROM list or appears within a join specification and is outside the scope of the join specification or appears in a HAVING clause and is not in the GROUP BY list. If this is a CREATE or ALTER TABLE  statement then 'VAL1' is not a column in the target table.. No FlowFile to route to failure: java.sql.SQLSyntaxErrorException: Column 'VAL1' is either not in any table in the FROM list or appears within a join specification and is outside the scope of the join specification or appears in a HAVING clause and is not in the GROUP BY list. If this is a CREATE or ALTER TABLE  statement then 'VAL1' is not a column in the target table.
java.sql.SQLSyntaxErrorException: Column 'VAL1' is either not in any table in the FROM list or appears within a join specification and is outside the scope of the join specification or appears in a HAVING clause and is not in the GROUP BY list. If this is a CREATE or ALTER TABLE  statement then 'VAL1' is not a column in the target table.
	at org.apache.derby.impl.jdbc.SQLExceptionFactory.getSQLException(Unknown Source)
	at org.apache.derby.impl.jdbc.Util.generateCsSQLException(Unknown Source)
	at org.apache.derby.impl.jdbc.TransactionResourceImpl.wrapInSQLException(Unknown Source)
	at org.apache.derby.impl.jdbc.TransactionResourceImpl.handleException(Unknown Source)
	at org.apache.derby.impl.jdbc.EmbedConnection.handleException(Unknown Source)
	at org.apache.derby.impl.jdbc.ConnectionChild.handleException(Unknown Source)
	at org.apache.derby.impl.jdbc.EmbedPreparedStatement.<init>(Unknown Source)
	at org.apache.derby.impl.jdbc.EmbedPreparedStatement42.<init>(Unknown Source)
	at org.apache.derby.jdbc.Driver42.newEmbedPreparedStatement(Unknown Source)
	at org.apache.derby.impl.jdbc.EmbedConnection.prepareStatement(Unknown Source)
	at org.apache.derby.impl.jdbc.EmbedConnection.prepareStatement(Unknown Source)
	at org.apache.nifi.processors.standard.AbstractExecuteSQL.onTrigger(AbstractExecuteSQL.java:240)
	at org.apache.nifi.processor.AbstractProcessor.onTrigger(AbstractProcessor.java:27)
	at org.apache.nifi.util.StandardProcessorTestRunner$RunProcessor.call(StandardProcessorTestRunner.java:284)
	at org.apache.nifi.util.StandardProcessorTestRunner$RunProcessor.call(StandardProcessorTestRunner.java:278)
	at java.util.concurrent.FutureTask.run(FutureTask.java:266)
	at java.util.concurrent.ScheduledThreadPoolExecutor$ScheduledFutureTask.access$201(ScheduledThreadPoolExecutor.java:180)
	at java.util.concurrent.ScheduledThreadPoolExecutor$ScheduledFutureTask.run(ScheduledThreadPoolExecutor.java:293)
	at java.util.concurrent.ThreadPoolExecutor.runWorker(ThreadPoolExecutor.java:1149)
	at java.util.concurrent.ThreadPoolExecutor$Worker.run(ThreadPoolExecutor.java:624)
	at java.lang.Thread.run(Thread.java:750)
Caused by: ERROR 42X04: Column 'VAL1' is either not in any table in the FROM list or appears within a join specification and is outside the scope of the join specification or appears in a HAVING clause and is not in the GROUP BY list. If this is a CREATE or ALTER TABLE  statement then 'VAL1' is not a column in the target table.
	at org.apache.derby.iapi.error.StandardException.newException(Unknown Source)
	at org.apache.derby.iapi.error.StandardException.newException(Unknown Source)
	at org.apache.derby.impl.sql.compile.ColumnReference.bindExpression(Unknown Source)
	at org.apache.derby.impl.sql.compile.ColumnReference.bindExpression(Unknown Source)
	at org.apache.derby.impl.sql.compile.ResultColumn.bindExpression(Unknown Source)
	at org.apache.derby.impl.sql.compile.ResultColumnList.bindExpressions(Unknown Source)
	at org.apache.derby.impl.sql.compile.SelectNode.bindExpressions(Unknown Source)
	at org.apache.derby.impl.sql.compile.DMLStatementNode.bindExpressions(Unknown Source)
	at org.apache.derby.impl.sql.compile.DMLStatementNode.bind(Unknown Source)
	at org.apache.derby.impl.sql.compile.CursorNode.bindStatement(Unknown Source)
	at org.apache.derby.impl.sql.GenericStatement.prepMinion(Unknown Source)
	at org.apache.derby.impl.sql.GenericStatement.prepare(Unknown Source)
	at org.apache.derby.impl.sql.conn.GenericLanguageConnectionContext.prepareInternalStatement(Unknown Source)
	... 15 more
]]></system-err>
  </testcase>
  <testcase name="testPreQuery" classname="org.apache.nifi.processors.standard.TestExecuteSQLRecord" time="0.027">
    <system-err><![CDATA[[pool-1547-thread-1] INFO org.apache.nifi.processors.standard.ExecuteSQLRecord - ExecuteSQLRecord[id=6154788b-468f-4e7f-ad3f-e6a1a55d57ff] FlowFile[1,93363393387158.mockFlowFile,12B] contains 1 records; transferring to 'success'
]]></system-err>
  </testcase>
  <testcase name="testInsertStatementCreatesFlowFile" classname="org.apache.nifi.processors.standard.TestExecuteSQLRecord" time="0.024"/>
  <testcase name="testNoRowsStatementCreatesEmptyFlowFile" classname="org.apache.nifi.processors.standard.TestExecuteSQLRecord" time="0.021">
    <system-err><![CDATA[[pool-1549-thread-1] INFO org.apache.nifi.processors.standard.ExecuteSQLRecord - ExecuteSQLRecord[id=8a8aa7c1-9486-46ce-a1ec-3a53665d3efa] FlowFile[1,93363441554665.mockFlowFile,0B] contains 0 records; transferring to 'success'
]]></system-err>
  </testcase>
  <testcase name="testMaxRowsPerFlowFile" classname="org.apache.nifi.processors.standard.TestExecuteSQLRecord" time="1.625">
    <system-err><![CDATA[[pool-1550-thread-1] INFO org.apache.nifi.processors.standard.ExecuteSQLRecord - ExecuteSQLRecord[id=8baeed4c-9265-4e48-a3c7-e97d8720563c] FlowFile[0,93365051786229.mockFlowFile,60B] contains 5 records; transferring to 'success'
[pool-1550-thread-1] INFO org.apache.nifi.processors.standard.ExecuteSQLRecord - ExecuteSQLRecord[id=8baeed4c-9265-4e48-a3c7-e97d8720563c] FlowFile[1,93365052150692.mockFlowFile,60B] contains 5 records; transferring to 'success'
[pool-1550-thread-1] INFO org.apache.nifi.processors.standard.ExecuteSQLRecord - ExecuteSQLRecord[id=8baeed4c-9265-4e48-a3c7-e97d8720563c] FlowFile[2,93365052204015.mockFlowFile,65B] contains 5 records; transferring to 'success'
[pool-1550-thread-1] INFO org.apache.nifi.processors.standard.ExecuteSQLRecord - ExecuteSQLRecord[id=8baeed4c-9265-4e48-a3c7-e97d8720563c] FlowFile[3,93365052248579.mockFlowFile,65B] contains 5 records; transferring to 'success'
[pool-1550-thread-1] INFO org.apache.nifi.processors.standard.ExecuteSQLRecord - ExecuteSQLRecord[id=8baeed4c-9265-4e48-a3c7-e97d8720563c] FlowFile[4,93365052332942.mockFlowFile,65B] contains 5 records; transferring to 'success'
[pool-1550-thread-1] INFO org.apache.nifi.processors.standard.ExecuteSQLRecord - ExecuteSQLRecord[id=8baeed4c-9265-4e48-a3c7-e97d8720563c] FlowFile[5,93365052377521.mockFlowFile,65B] contains 5 records; transferring to 'success'
[pool-1550-thread-1] INFO org.apache.nifi.processors.standard.ExecuteSQLRecord - ExecuteSQLRecord[id=8baeed4c-9265-4e48-a3c7-e97d8720563c] FlowFile[6,93365052417750.mockFlowFile,65B] contains 5 records; transferring to 'success'
[pool-1550-thread-1] INFO org.apache.nifi.processors.standard.ExecuteSQLRecord - ExecuteSQLRecord[id=8baeed4c-9265-4e48-a3c7-e97d8720563c] FlowFile[7,93365052463188.mockFlowFile,65B] contains 5 records; transferring to 'success'
[pool-1550-thread-1] INFO org.apache.nifi.processors.standard.ExecuteSQLRecord - ExecuteSQLRecord[id=8baeed4c-9265-4e48-a3c7-e97d8720563c] FlowFile[8,93365052503513.mockFlowFile,65B] contains 5 records; transferring to 'success'
[pool-1550-thread-1] INFO org.apache.nifi.processors.standard.ExecuteSQLRecord - ExecuteSQLRecord[id=8baeed4c-9265-4e48-a3c7-e97d8720563c] FlowFile[9,93365052542976.mockFlowFile,65B] contains 5 records; transferring to 'success'
[pool-1550-thread-1] INFO org.apache.nifi.processors.standard.ExecuteSQLRecord - ExecuteSQLRecord[id=8baeed4c-9265-4e48-a3c7-e97d8720563c] FlowFile[10,93365052588660.mockFlowFile,65B] contains 5 records; transferring to 'success'
[pool-1550-thread-1] INFO org.apache.nifi.processors.standard.ExecuteSQLRecord - ExecuteSQLRecord[id=8baeed4c-9265-4e48-a3c7-e97d8720563c] FlowFile[11,93365052633371.mockFlowFile,65B] contains 5 records; transferring to 'success'
[pool-1550-thread-1] INFO org.apache.nifi.processors.standard.ExecuteSQLRecord - ExecuteSQLRecord[id=8baeed4c-9265-4e48-a3c7-e97d8720563c] FlowFile[12,93365052825268.mockFlowFile,65B] contains 5 records; transferring to 'success'
[pool-1550-thread-1] INFO org.apache.nifi.processors.standard.ExecuteSQLRecord - ExecuteSQLRecord[id=8baeed4c-9265-4e48-a3c7-e97d8720563c] FlowFile[13,93365052898154.mockFlowFile,65B] contains 5 records; transferring to 'success'
[pool-1550-thread-1] INFO org.apache.nifi.processors.standard.ExecuteSQLRecord - ExecuteSQLRecord[id=8baeed4c-9265-4e48-a3c7-e97d8720563c] FlowFile[14,93365052970843.mockFlowFile,65B] contains 5 records; transferring to 'success'
[pool-1550-thread-1] INFO org.apache.nifi.processors.standard.ExecuteSQLRecord - ExecuteSQLRecord[id=8baeed4c-9265-4e48-a3c7-e97d8720563c] FlowFile[15,93365053048030.mockFlowFile,65B] contains 5 records; transferring to 'success'
[pool-1550-thread-1] INFO org.apache.nifi.processors.standard.ExecuteSQLRecord - ExecuteSQLRecord[id=8baeed4c-9265-4e48-a3c7-e97d8720563c] FlowFile[16,93365053115839.mockFlowFile,65B] contains 5 records; transferring to 'success'
[pool-1550-thread-1] INFO org.apache.nifi.processors.standard.ExecuteSQLRecord - ExecuteSQLRecord[id=8baeed4c-9265-4e48-a3c7-e97d8720563c] FlowFile[17,93365053154073.mockFlowFile,65B] contains 5 records; transferring to 'success'
[pool-1550-thread-1] INFO org.apache.nifi.processors.standard.ExecuteSQLRecord - ExecuteSQLRecord[id=8baeed4c-9265-4e48-a3c7-e97d8720563c] FlowFile[18,93365053192163.mockFlowFile,65B] contains 5 records; transferring to 'success'
[pool-1550-thread-1] INFO org.apache.nifi.processors.standard.ExecuteSQLRecord - ExecuteSQLRecord[id=8baeed4c-9265-4e48-a3c7-e97d8720563c] FlowFile[19,93365053229666.mockFlowFile,65B] contains 5 records; transferring to 'success'
[pool-1550-thread-1] INFO org.apache.nifi.processors.standard.ExecuteSQLRecord - ExecuteSQLRecord[id=8baeed4c-9265-4e48-a3c7-e97d8720563c] FlowFile[20,93365053301063.mockFlowFile,70B] contains 5 records; transferring to 'success'
[pool-1550-thread-1] INFO org.apache.nifi.processors.standard.ExecuteSQLRecord - ExecuteSQLRecord[id=8baeed4c-9265-4e48-a3c7-e97d8720563c] FlowFile[21,93365053383057.mockFlowFile,70B] contains 5 records; transferring to 'success'
[pool-1550-thread-1] INFO org.apache.nifi.processors.standard.ExecuteSQLRecord - ExecuteSQLRecord[id=8baeed4c-9265-4e48-a3c7-e97d8720563c] FlowFile[22,93365053486298.mockFlowFile,70B] contains 5 records; transferring to 'success'
[pool-1550-thread-1] INFO org.apache.nifi.processors.standard.ExecuteSQLRecord - ExecuteSQLRecord[id=8baeed4c-9265-4e48-a3c7-e97d8720563c] FlowFile[23,93365053537645.mockFlowFile,70B] contains 5 records; transferring to 'success'
[pool-1550-thread-1] INFO org.apache.nifi.processors.standard.ExecuteSQLRecord - ExecuteSQLRecord[id=8baeed4c-9265-4e48-a3c7-e97d8720563c] FlowFile[24,93365053579201.mockFlowFile,70B] contains 5 records; transferring to 'success'
[pool-1550-thread-1] INFO org.apache.nifi.processors.standard.ExecuteSQLRecord - ExecuteSQLRecord[id=8baeed4c-9265-4e48-a3c7-e97d8720563c] FlowFile[25,93365053620894.mockFlowFile,70B] contains 5 records; transferring to 'success'
[pool-1550-thread-1] INFO org.apache.nifi.processors.standard.ExecuteSQLRecord - ExecuteSQLRecord[id=8baeed4c-9265-4e48-a3c7-e97d8720563c] FlowFile[26,93365053667611.mockFlowFile,70B] contains 5 records; transferring to 'success'
[pool-1550-thread-1] INFO org.apache.nifi.processors.standard.ExecuteSQLRecord - ExecuteSQLRecord[id=8baeed4c-9265-4e48-a3c7-e97d8720563c] FlowFile[27,93365053763605.mockFlowFile,70B] contains 5 records; transferring to 'success'
[pool-1550-thread-1] INFO org.apache.nifi.processors.standard.ExecuteSQLRecord - ExecuteSQLRecord[id=8baeed4c-9265-4e48-a3c7-e97d8720563c] FlowFile[28,93365053838340.mockFlowFile,70B] contains 5 records; transferring to 'success'
[pool-1550-thread-1] INFO org.apache.nifi.processors.standard.ExecuteSQLRecord - ExecuteSQLRecord[id=8baeed4c-9265-4e48-a3c7-e97d8720563c] FlowFile[29,93365053921868.mockFlowFile,70B] contains 5 records; transferring to 'success'
[pool-1550-thread-1] INFO org.apache.nifi.processors.standard.ExecuteSQLRecord - ExecuteSQLRecord[id=8baeed4c-9265-4e48-a3c7-e97d8720563c] FlowFile[30,93365053993949.mockFlowFile,70B] contains 5 records; transferring to 'success'
[pool-1550-thread-1] INFO org.apache.nifi.processors.standard.ExecuteSQLRecord - ExecuteSQLRecord[id=8baeed4c-9265-4e48-a3c7-e97d8720563c] FlowFile[31,93365054064735.mockFlowFile,70B] contains 5 records; transferring to 'success'
[pool-1550-thread-1] INFO org.apache.nifi.processors.standard.ExecuteSQLRecord - ExecuteSQLRecord[id=8baeed4c-9265-4e48-a3c7-e97d8720563c] FlowFile[32,93365054156289.mockFlowFile,70B] contains 5 records; transferring to 'success'
[pool-1550-thread-1] INFO org.apache.nifi.processors.standard.ExecuteSQLRecord - ExecuteSQLRecord[id=8baeed4c-9265-4e48-a3c7-e97d8720563c] FlowFile[33,93365054229752.mockFlowFile,70B] contains 5 records; transferring to 'success'
[pool-1550-thread-1] INFO org.apache.nifi.processors.standard.ExecuteSQLRecord - ExecuteSQLRecord[id=8baeed4c-9265-4e48-a3c7-e97d8720563c] FlowFile[34,93365054347410.mockFlowFile,70B] contains 5 records; transferring to 'success'
[pool-1550-thread-1] INFO org.apache.nifi.processors.standard.ExecuteSQLRecord - ExecuteSQLRecord[id=8baeed4c-9265-4e48-a3c7-e97d8720563c] FlowFile[35,93365054431732.mockFlowFile,70B] contains 5 records; transferring to 'success'
[pool-1550-thread-1] INFO org.apache.nifi.processors.standard.ExecuteSQLRecord - ExecuteSQLRecord[id=8baeed4c-9265-4e48-a3c7-e97d8720563c] FlowFile[36,93365054518882.mockFlowFile,70B] contains 5 records; transferring to 'success'
[pool-1550-thread-1] INFO org.apache.nifi.processors.standard.ExecuteSQLRecord - ExecuteSQLRecord[id=8baeed4c-9265-4e48-a3c7-e97d8720563c] FlowFile[37,93365054590734.mockFlowFile,70B] contains 5 records; transferring to 'success'
[pool-1550-thread-1] INFO org.apache.nifi.processors.standard.ExecuteSQLRecord - ExecuteSQLRecord[id=8baeed4c-9265-4e48-a3c7-e97d8720563c] FlowFile[38,93365054666557.mockFlowFile,70B] contains 5 records; transferring to 'success'
[pool-1550-thread-1] INFO org.apache.nifi.processors.standard.ExecuteSQLRecord - ExecuteSQLRecord[id=8baeed4c-9265-4e48-a3c7-e97d8720563c] FlowFile[39,93365054754421.mockFlowFile,70B] contains 5 records; transferring to 'success'
[pool-1550-thread-1] INFO org.apache.nifi.processors.standard.ExecuteSQLRecord - ExecuteSQLRecord[id=8baeed4c-9265-4e48-a3c7-e97d8720563c] FlowFile[40,93365054827709.mockFlowFile,70B] contains 5 records; transferring to 'success'
[pool-1550-thread-1] INFO org.apache.nifi.processors.standard.ExecuteSQLRecord - ExecuteSQLRecord[id=8baeed4c-9265-4e48-a3c7-e97d8720563c] FlowFile[41,93365054900571.mockFlowFile,70B] contains 5 records; transferring to 'success'
[pool-1550-thread-1] INFO org.apache.nifi.processors.standard.ExecuteSQLRecord - ExecuteSQLRecord[id=8baeed4c-9265-4e48-a3c7-e97d8720563c] FlowFile[42,93365054984886.mockFlowFile,70B] contains 5 records; transferring to 'success'
[pool-1550-thread-1] INFO org.apache.nifi.processors.standard.ExecuteSQLRecord - ExecuteSQLRecord[id=8baeed4c-9265-4e48-a3c7-e97d8720563c] FlowFile[43,93365055059284.mockFlowFile,70B] contains 5 records; transferring to 'success'
[pool-1550-thread-1] INFO org.apache.nifi.processors.standard.ExecuteSQLRecord - ExecuteSQLRecord[id=8baeed4c-9265-4e48-a3c7-e97d8720563c] FlowFile[44,93365055132697.mockFlowFile,70B] contains 5 records; transferring to 'success'
[pool-1550-thread-1] INFO org.apache.nifi.processors.standard.ExecuteSQLRecord - ExecuteSQLRecord[id=8baeed4c-9265-4e48-a3c7-e97d8720563c] FlowFile[45,93365055218844.mockFlowFile,70B] contains 5 records; transferring to 'success'
[pool-1550-thread-1] INFO org.apache.nifi.processors.standard.ExecuteSQLRecord - ExecuteSQLRecord[id=8baeed4c-9265-4e48-a3c7-e97d8720563c] FlowFile[46,93365055293622.mockFlowFile,70B] contains 5 records; transferring to 'success'
[pool-1550-thread-1] INFO org.apache.nifi.processors.standard.ExecuteSQLRecord - ExecuteSQLRecord[id=8baeed4c-9265-4e48-a3c7-e97d8720563c] FlowFile[47,93365055368085.mockFlowFile,70B] contains 5 records; transferring to 'success'
[pool-1550-thread-1] INFO org.apache.nifi.processors.standard.ExecuteSQLRecord - ExecuteSQLRecord[id=8baeed4c-9265-4e48-a3c7-e97d8720563c] FlowFile[48,93365055465860.mockFlowFile,70B] contains 5 records; transferring to 'success'
[pool-1550-thread-1] INFO org.apache.nifi.processors.standard.ExecuteSQLRecord - ExecuteSQLRecord[id=8baeed4c-9265-4e48-a3c7-e97d8720563c] FlowFile[49,93365055551989.mockFlowFile,70B] contains 5 records; transferring to 'success'
[pool-1550-thread-1] INFO org.apache.nifi.processors.standard.ExecuteSQLRecord - ExecuteSQLRecord[id=8baeed4c-9265-4e48-a3c7-e97d8720563c] FlowFile[50,93365055628058.mockFlowFile,70B] contains 5 records; transferring to 'success'
[pool-1550-thread-1] INFO org.apache.nifi.processors.standard.ExecuteSQLRecord - ExecuteSQLRecord[id=8baeed4c-9265-4e48-a3c7-e97d8720563c] FlowFile[51,93365055703248.mockFlowFile,70B] contains 5 records; transferring to 'success'
[pool-1550-thread-1] INFO org.apache.nifi.processors.standard.ExecuteSQLRecord - ExecuteSQLRecord[id=8baeed4c-9265-4e48-a3c7-e97d8720563c] FlowFile[52,93365055789174.mockFlowFile,70B] contains 5 records; transferring to 'success'
[pool-1550-thread-1] INFO org.apache.nifi.processors.standard.ExecuteSQLRecord - ExecuteSQLRecord[id=8baeed4c-9265-4e48-a3c7-e97d8720563c] FlowFile[53,93365055864251.mockFlowFile,70B] contains 5 records; transferring to 'success'
[pool-1550-thread-1] INFO org.apache.nifi.processors.standard.ExecuteSQLRecord - ExecuteSQLRecord[id=8baeed4c-9265-4e48-a3c7-e97d8720563c] FlowFile[54,93365055945039.mockFlowFile,70B] contains 5 records; transferring to 'success'
[pool-1550-thread-1] INFO org.apache.nifi.processors.standard.ExecuteSQLRecord - ExecuteSQLRecord[id=8baeed4c-9265-4e48-a3c7-e97d8720563c] FlowFile[55,93365056049899.mockFlowFile,70B] contains 5 records; transferring to 'success'
[pool-1550-thread-1] INFO org.apache.nifi.processors.standard.ExecuteSQLRecord - ExecuteSQLRecord[id=8baeed4c-9265-4e48-a3c7-e97d8720563c] FlowFile[56,93365056124987.mockFlowFile,70B] contains 5 records; transferring to 'success'
[pool-1550-thread-1] INFO org.apache.nifi.processors.standard.ExecuteSQLRecord - ExecuteSQLRecord[id=8baeed4c-9265-4e48-a3c7-e97d8720563c] FlowFile[57,93365056212549.mockFlowFile,70B] contains 5 records; transferring to 'success'
[pool-1550-thread-1] INFO org.apache.nifi.processors.standard.ExecuteSQLRecord - ExecuteSQLRecord[id=8baeed4c-9265-4e48-a3c7-e97d8720563c] FlowFile[58,93365056299706.mockFlowFile,70B] contains 5 records; transferring to 'success'
[pool-1550-thread-1] INFO org.apache.nifi.processors.standard.ExecuteSQLRecord - ExecuteSQLRecord[id=8baeed4c-9265-4e48-a3c7-e97d8720563c] FlowFile[59,93365056376027.mockFlowFile,70B] contains 5 records; transferring to 'success'
[pool-1550-thread-1] INFO org.apache.nifi.processors.standard.ExecuteSQLRecord - ExecuteSQLRecord[id=8baeed4c-9265-4e48-a3c7-e97d8720563c] FlowFile[60,93365056448551.mockFlowFile,70B] contains 5 records; transferring to 'success'
[pool-1550-thread-1] INFO org.apache.nifi.processors.standard.ExecuteSQLRecord - ExecuteSQLRecord[id=8baeed4c-9265-4e48-a3c7-e97d8720563c] FlowFile[61,93365056535105.mockFlowFile,70B] contains 5 records; transferring to 'success'
[pool-1550-thread-1] INFO org.apache.nifi.processors.standard.ExecuteSQLRecord - ExecuteSQLRecord[id=8baeed4c-9265-4e48-a3c7-e97d8720563c] FlowFile[62,93365056608077.mockFlowFile,70B] contains 5 records; transferring to 'success'
[pool-1550-thread-1] INFO org.apache.nifi.processors.standard.ExecuteSQLRecord - ExecuteSQLRecord[id=8baeed4c-9265-4e48-a3c7-e97d8720563c] FlowFile[63,93365056680756.mockFlowFile,70B] contains 5 records; transferring to 'success'
[pool-1550-thread-1] INFO org.apache.nifi.processors.standard.ExecuteSQLRecord - ExecuteSQLRecord[id=8baeed4c-9265-4e48-a3c7-e97d8720563c] FlowFile[64,93365056780437.mockFlowFile,70B] contains 5 records; transferring to 'success'
[pool-1550-thread-1] INFO org.apache.nifi.processors.standard.ExecuteSQLRecord - ExecuteSQLRecord[id=8baeed4c-9265-4e48-a3c7-e97d8720563c] FlowFile[65,93365056860920.mockFlowFile,70B] contains 5 records; transferring to 'success'
[pool-1550-thread-1] INFO org.apache.nifi.processors.standard.ExecuteSQLRecord - ExecuteSQLRecord[id=8baeed4c-9265-4e48-a3c7-e97d8720563c] FlowFile[66,93365056933265.mockFlowFile,70B] contains 5 records; transferring to 'success'
[pool-1550-thread-1] INFO org.apache.nifi.processors.standard.ExecuteSQLRecord - ExecuteSQLRecord[id=8baeed4c-9265-4e48-a3c7-e97d8720563c] FlowFile[67,93365057003408.mockFlowFile,70B] contains 5 records; transferring to 'success'
[pool-1550-thread-1] INFO org.apache.nifi.processors.standard.ExecuteSQLRecord - ExecuteSQLRecord[id=8baeed4c-9265-4e48-a3c7-e97d8720563c] FlowFile[68,93365057096054.mockFlowFile,70B] contains 5 records; transferring to 'success'
[pool-1550-thread-1] INFO org.apache.nifi.processors.standard.ExecuteSQLRecord - ExecuteSQLRecord[id=8baeed4c-9265-4e48-a3c7-e97d8720563c] FlowFile[69,93365057168701.mockFlowFile,70B] contains 5 records; transferring to 'success'
[pool-1550-thread-1] INFO org.apache.nifi.processors.standard.ExecuteSQLRecord - ExecuteSQLRecord[id=8baeed4c-9265-4e48-a3c7-e97d8720563c] FlowFile[70,93365057242885.mockFlowFile,70B] contains 5 records; transferring to 'success'
[pool-1550-thread-1] INFO org.apache.nifi.processors.standard.ExecuteSQLRecord - ExecuteSQLRecord[id=8baeed4c-9265-4e48-a3c7-e97d8720563c] FlowFile[71,93365057327691.mockFlowFile,70B] contains 5 records; transferring to 'success'
[pool-1550-thread-1] INFO org.apache.nifi.processors.standard.ExecuteSQLRecord - ExecuteSQLRecord[id=8baeed4c-9265-4e48-a3c7-e97d8720563c] FlowFile[72,93365057402900.mockFlowFile,70B] contains 5 records; transferring to 'success'
[pool-1550-thread-1] INFO org.apache.nifi.processors.standard.ExecuteSQLRecord - ExecuteSQLRecord[id=8baeed4c-9265-4e48-a3c7-e97d8720563c] FlowFile[73,93365057476403.mockFlowFile,70B] contains 5 records; transferring to 'success'
[pool-1550-thread-1] INFO org.apache.nifi.processors.standard.ExecuteSQLRecord - ExecuteSQLRecord[id=8baeed4c-9265-4e48-a3c7-e97d8720563c] FlowFile[74,93365057562106.mockFlowFile,70B] contains 5 records; transferring to 'success'
[pool-1550-thread-1] INFO org.apache.nifi.processors.standard.ExecuteSQLRecord - ExecuteSQLRecord[id=8baeed4c-9265-4e48-a3c7-e97d8720563c] FlowFile[75,93365057635893.mockFlowFile,70B] contains 5 records; transferring to 'success'
[pool-1550-thread-1] INFO org.apache.nifi.processors.standard.ExecuteSQLRecord - ExecuteSQLRecord[id=8baeed4c-9265-4e48-a3c7-e97d8720563c] FlowFile[76,93365057708085.mockFlowFile,70B] contains 5 records; transferring to 'success'
[pool-1550-thread-1] INFO org.apache.nifi.processors.standard.ExecuteSQLRecord - ExecuteSQLRecord[id=8baeed4c-9265-4e48-a3c7-e97d8720563c] FlowFile[77,93365057790456.mockFlowFile,70B] contains 5 records; transferring to 'success'
[pool-1550-thread-1] INFO org.apache.nifi.processors.standard.ExecuteSQLRecord - ExecuteSQLRecord[id=8baeed4c-9265-4e48-a3c7-e97d8720563c] FlowFile[78,93365057864968.mockFlowFile,70B] contains 5 records; transferring to 'success'
[pool-1550-thread-1] INFO org.apache.nifi.processors.standard.ExecuteSQLRecord - ExecuteSQLRecord[id=8baeed4c-9265-4e48-a3c7-e97d8720563c] FlowFile[79,93365057937972.mockFlowFile,70B] contains 5 records; transferring to 'success'
[pool-1550-thread-1] INFO org.apache.nifi.processors.standard.ExecuteSQLRecord - ExecuteSQLRecord[id=8baeed4c-9265-4e48-a3c7-e97d8720563c] FlowFile[80,93365058034224.mockFlowFile,70B] contains 5 records; transferring to 'success'
[pool-1550-thread-1] INFO org.apache.nifi.processors.standard.ExecuteSQLRecord - ExecuteSQLRecord[id=8baeed4c-9265-4e48-a3c7-e97d8720563c] FlowFile[81,93365058110878.mockFlowFile,70B] contains 5 records; transferring to 'success'
[pool-1550-thread-1] INFO org.apache.nifi.processors.standard.ExecuteSQLRecord - ExecuteSQLRecord[id=8baeed4c-9265-4e48-a3c7-e97d8720563c] FlowFile[82,93365058233770.mockFlowFile,70B] contains 5 records; transferring to 'success'
[pool-1550-thread-1] INFO org.apache.nifi.processors.standard.ExecuteSQLRecord - ExecuteSQLRecord[id=8baeed4c-9265-4e48-a3c7-e97d8720563c] FlowFile[83,93365058309345.mockFlowFile,70B] contains 5 records; transferring to 'success'
[pool-1550-thread-1] INFO org.apache.nifi.processors.standard.ExecuteSQLRecord - ExecuteSQLRecord[id=8baeed4c-9265-4e48-a3c7-e97d8720563c] FlowFile[84,93365058394655.mockFlowFile,70B] contains 5 records; transferring to 'success'
[pool-1550-thread-1] INFO org.apache.nifi.processors.standard.ExecuteSQLRecord - ExecuteSQLRecord[id=8baeed4c-9265-4e48-a3c7-e97d8720563c] FlowFile[85,93365058468309.mockFlowFile,70B] contains 5 records; transferring to 'success'
[pool-1550-thread-1] INFO org.apache.nifi.processors.standard.ExecuteSQLRecord - ExecuteSQLRecord[id=8baeed4c-9265-4e48-a3c7-e97d8720563c] FlowFile[86,93365058536169.mockFlowFile,70B] contains 5 records; transferring to 'success'
[pool-1550-thread-1] INFO org.apache.nifi.processors.standard.ExecuteSQLRecord - ExecuteSQLRecord[id=8baeed4c-9265-4e48-a3c7-e97d8720563c] FlowFile[87,93365058611775.mockFlowFile,70B] contains 5 records; transferring to 'success'
[pool-1550-thread-1] INFO org.apache.nifi.processors.standard.ExecuteSQLRecord - ExecuteSQLRecord[id=8baeed4c-9265-4e48-a3c7-e97d8720563c] FlowFile[88,93365058680903.mockFlowFile,70B] contains 5 records; transferring to 'success'
[pool-1550-thread-1] INFO org.apache.nifi.processors.standard.ExecuteSQLRecord - ExecuteSQLRecord[id=8baeed4c-9265-4e48-a3c7-e97d8720563c] FlowFile[89,93365058745821.mockFlowFile,70B] contains 5 records; transferring to 'success'
[pool-1550-thread-1] INFO org.apache.nifi.processors.standard.ExecuteSQLRecord - ExecuteSQLRecord[id=8baeed4c-9265-4e48-a3c7-e97d8720563c] FlowFile[90,93365058821507.mockFlowFile,70B] contains 5 records; transferring to 'success'
[pool-1550-thread-1] INFO org.apache.nifi.processors.standard.ExecuteSQLRecord - ExecuteSQLRecord[id=8baeed4c-9265-4e48-a3c7-e97d8720563c] FlowFile[91,93365058890563.mockFlowFile,70B] contains 5 records; transferring to 'success'
[pool-1550-thread-1] INFO org.apache.nifi.processors.standard.ExecuteSQLRecord - ExecuteSQLRecord[id=8baeed4c-9265-4e48-a3c7-e97d8720563c] FlowFile[92,93365058959134.mockFlowFile,70B] contains 5 records; transferring to 'success'
[pool-1550-thread-1] INFO org.apache.nifi.processors.standard.ExecuteSQLRecord - ExecuteSQLRecord[id=8baeed4c-9265-4e48-a3c7-e97d8720563c] FlowFile[93,93365059042503.mockFlowFile,70B] contains 5 records; transferring to 'success'
[pool-1550-thread-1] INFO org.apache.nifi.processors.standard.ExecuteSQLRecord - ExecuteSQLRecord[id=8baeed4c-9265-4e48-a3c7-e97d8720563c] FlowFile[94,93365059114332.mockFlowFile,70B] contains 5 records; transferring to 'success'
[pool-1550-thread-1] INFO org.apache.nifi.processors.standard.ExecuteSQLRecord - ExecuteSQLRecord[id=8baeed4c-9265-4e48-a3c7-e97d8720563c] FlowFile[95,93365059186902.mockFlowFile,70B] contains 5 records; transferring to 'success'
[pool-1550-thread-1] INFO org.apache.nifi.processors.standard.ExecuteSQLRecord - ExecuteSQLRecord[id=8baeed4c-9265-4e48-a3c7-e97d8720563c] FlowFile[96,93365059284251.mockFlowFile,70B] contains 5 records; transferring to 'success'
[pool-1550-thread-1] INFO org.apache.nifi.processors.standard.ExecuteSQLRecord - ExecuteSQLRecord[id=8baeed4c-9265-4e48-a3c7-e97d8720563c] FlowFile[97,93365059371518.mockFlowFile,70B] contains 5 records; transferring to 'success'
[pool-1550-thread-1] INFO org.apache.nifi.processors.standard.ExecuteSQLRecord - ExecuteSQLRecord[id=8baeed4c-9265-4e48-a3c7-e97d8720563c] FlowFile[98,93365059445541.mockFlowFile,70B] contains 5 records; transferring to 'success'
[pool-1550-thread-1] INFO org.apache.nifi.processors.standard.ExecuteSQLRecord - ExecuteSQLRecord[id=8baeed4c-9265-4e48-a3c7-e97d8720563c] FlowFile[99,93365059517717.mockFlowFile,70B] contains 5 records; transferring to 'success'
[pool-1550-thread-1] INFO org.apache.nifi.processors.standard.ExecuteSQLRecord - ExecuteSQLRecord[id=8baeed4c-9265-4e48-a3c7-e97d8720563c] FlowFile[100,93365059599472.mockFlowFile,70B] contains 5 records; transferring to 'success'
[pool-1550-thread-1] INFO org.apache.nifi.processors.standard.ExecuteSQLRecord - ExecuteSQLRecord[id=8baeed4c-9265-4e48-a3c7-e97d8720563c] FlowFile[101,93365059675454.mockFlowFile,70B] contains 5 records; transferring to 'success'
[pool-1550-thread-1] INFO org.apache.nifi.processors.standard.ExecuteSQLRecord - ExecuteSQLRecord[id=8baeed4c-9265-4e48-a3c7-e97d8720563c] FlowFile[102,93365059747758.mockFlowFile,70B] contains 5 records; transferring to 'success'
[pool-1550-thread-1] INFO org.apache.nifi.processors.standard.ExecuteSQLRecord - ExecuteSQLRecord[id=8baeed4c-9265-4e48-a3c7-e97d8720563c] FlowFile[103,93365059835301.mockFlowFile,70B] contains 5 records; transferring to 'success'
[pool-1550-thread-1] INFO org.apache.nifi.processors.standard.ExecuteSQLRecord - ExecuteSQLRecord[id=8baeed4c-9265-4e48-a3c7-e97d8720563c] FlowFile[104,93365059953861.mockFlowFile,70B] contains 5 records; transferring to 'success'
[pool-1550-thread-1] INFO org.apache.nifi.processors.standard.ExecuteSQLRecord - ExecuteSQLRecord[id=8baeed4c-9265-4e48-a3c7-e97d8720563c] FlowFile[105,93365060045593.mockFlowFile,70B] contains 5 records; transferring to 'success'
[pool-1550-thread-1] INFO org.apache.nifi.processors.standard.ExecuteSQLRecord - ExecuteSQLRecord[id=8baeed4c-9265-4e48-a3c7-e97d8720563c] FlowFile[106,93365060125842.mockFlowFile,70B] contains 5 records; transferring to 'success'
[pool-1550-thread-1] INFO org.apache.nifi.processors.standard.ExecuteSQLRecord - ExecuteSQLRecord[id=8baeed4c-9265-4e48-a3c7-e97d8720563c] FlowFile[107,93365060192631.mockFlowFile,70B] contains 5 records; transferring to 'success'
[pool-1550-thread-1] INFO org.apache.nifi.processors.standard.ExecuteSQLRecord - ExecuteSQLRecord[id=8baeed4c-9265-4e48-a3c7-e97d8720563c] FlowFile[108,93365060254002.mockFlowFile,70B] contains 5 records; transferring to 'success'
[pool-1550-thread-1] INFO org.apache.nifi.processors.standard.ExecuteSQLRecord - ExecuteSQLRecord[id=8baeed4c-9265-4e48-a3c7-e97d8720563c] FlowFile[109,93365060328696.mockFlowFile,70B] contains 5 records; transferring to 'success'
[pool-1550-thread-1] INFO org.apache.nifi.processors.standard.ExecuteSQLRecord - ExecuteSQLRecord[id=8baeed4c-9265-4e48-a3c7-e97d8720563c] FlowFile[110,93365060402259.mockFlowFile,70B] contains 5 records; transferring to 'success'
[pool-1550-thread-1] INFO org.apache.nifi.processors.standard.ExecuteSQLRecord - ExecuteSQLRecord[id=8baeed4c-9265-4e48-a3c7-e97d8720563c] FlowFile[111,93365060479461.mockFlowFile,70B] contains 5 records; transferring to 'success'
[pool-1550-thread-1] INFO org.apache.nifi.processors.standard.ExecuteSQLRecord - ExecuteSQLRecord[id=8baeed4c-9265-4e48-a3c7-e97d8720563c] FlowFile[112,93365060572754.mockFlowFile,70B] contains 5 records; transferring to 'success'
[pool-1550-thread-1] INFO org.apache.nifi.processors.standard.ExecuteSQLRecord - ExecuteSQLRecord[id=8baeed4c-9265-4e48-a3c7-e97d8720563c] FlowFile[113,93365060640751.mockFlowFile,70B] contains 5 records; transferring to 'success'
[pool-1550-thread-1] INFO org.apache.nifi.processors.standard.ExecuteSQLRecord - ExecuteSQLRecord[id=8baeed4c-9265-4e48-a3c7-e97d8720563c] FlowFile[114,93365060709031.mockFlowFile,70B] contains 5 records; transferring to 'success'
[pool-1550-thread-1] INFO org.apache.nifi.processors.standard.ExecuteSQLRecord - ExecuteSQLRecord[id=8baeed4c-9265-4e48-a3c7-e97d8720563c] FlowFile[115,93365060774944.mockFlowFile,70B] contains 5 records; transferring to 'success'
[pool-1550-thread-1] INFO org.apache.nifi.processors.standard.ExecuteSQLRecord - ExecuteSQLRecord[id=8baeed4c-9265-4e48-a3c7-e97d8720563c] FlowFile[116,93365060854921.mockFlowFile,70B] contains 5 records; transferring to 'success'
[pool-1550-thread-1] INFO org.apache.nifi.processors.standard.ExecuteSQLRecord - ExecuteSQLRecord[id=8baeed4c-9265-4e48-a3c7-e97d8720563c] FlowFile[117,93365060919608.mockFlowFile,70B] contains 5 records; transferring to 'success'
[pool-1550-thread-1] INFO org.apache.nifi.processors.standard.ExecuteSQLRecord - ExecuteSQLRecord[id=8baeed4c-9265-4e48-a3c7-e97d8720563c] FlowFile[118,93365060987205.mockFlowFile,70B] contains 5 records; transferring to 'success'
[pool-1550-thread-1] INFO org.apache.nifi.processors.standard.ExecuteSQLRecord - ExecuteSQLRecord[id=8baeed4c-9265-4e48-a3c7-e97d8720563c] FlowFile[119,93365061063886.mockFlowFile,70B] contains 5 records; transferring to 'success'
[pool-1550-thread-1] INFO org.apache.nifi.processors.standard.ExecuteSQLRecord - ExecuteSQLRecord[id=8baeed4c-9265-4e48-a3c7-e97d8720563c] FlowFile[120,93365061132410.mockFlowFile,70B] contains 5 records; transferring to 'success'
[pool-1550-thread-1] INFO org.apache.nifi.processors.standard.ExecuteSQLRecord - ExecuteSQLRecord[id=8baeed4c-9265-4e48-a3c7-e97d8720563c] FlowFile[121,93365061196841.mockFlowFile,70B] contains 5 records; transferring to 'success'
[pool-1550-thread-1] INFO org.apache.nifi.processors.standard.ExecuteSQLRecord - ExecuteSQLRecord[id=8baeed4c-9265-4e48-a3c7-e97d8720563c] FlowFile[122,93365061268115.mockFlowFile,70B] contains 5 records; transferring to 'success'
[pool-1550-thread-1] INFO org.apache.nifi.processors.standard.ExecuteSQLRecord - ExecuteSQLRecord[id=8baeed4c-9265-4e48-a3c7-e97d8720563c] FlowFile[123,93365061415678.mockFlowFile,70B] contains 5 records; transferring to 'success'
[pool-1550-thread-1] INFO org.apache.nifi.processors.standard.ExecuteSQLRecord - ExecuteSQLRecord[id=8baeed4c-9265-4e48-a3c7-e97d8720563c] FlowFile[124,93365061484188.mockFlowFile,70B] contains 5 records; transferring to 'success'
[pool-1550-thread-1] INFO org.apache.nifi.processors.standard.ExecuteSQLRecord - ExecuteSQLRecord[id=8baeed4c-9265-4e48-a3c7-e97d8720563c] FlowFile[125,93365061573443.mockFlowFile,70B] contains 5 records; transferring to 'success'
[pool-1550-thread-1] INFO org.apache.nifi.processors.standard.ExecuteSQLRecord - ExecuteSQLRecord[id=8baeed4c-9265-4e48-a3c7-e97d8720563c] FlowFile[126,93365061650321.mockFlowFile,70B] contains 5 records; transferring to 'success'
[pool-1550-thread-1] INFO org.apache.nifi.processors.standard.ExecuteSQLRecord - ExecuteSQLRecord[id=8baeed4c-9265-4e48-a3c7-e97d8720563c] FlowFile[127,93365061713733.mockFlowFile,70B] contains 5 records; transferring to 'success'
[pool-1550-thread-1] INFO org.apache.nifi.processors.standard.ExecuteSQLRecord - ExecuteSQLRecord[id=8baeed4c-9265-4e48-a3c7-e97d8720563c] FlowFile[128,93365061801424.mockFlowFile,70B] contains 5 records; transferring to 'success'
[pool-1550-thread-1] INFO org.apache.nifi.processors.standard.ExecuteSQLRecord - ExecuteSQLRecord[id=8baeed4c-9265-4e48-a3c7-e97d8720563c] FlowFile[129,93365061870073.mockFlowFile,70B] contains 5 records; transferring to 'success'
[pool-1550-thread-1] INFO org.apache.nifi.processors.standard.ExecuteSQLRecord - ExecuteSQLRecord[id=8baeed4c-9265-4e48-a3c7-e97d8720563c] FlowFile[130,93365061934915.mockFlowFile,70B] contains 5 records; transferring to 'success'
[pool-1550-thread-1] INFO org.apache.nifi.processors.standard.ExecuteSQLRecord - ExecuteSQLRecord[id=8baeed4c-9265-4e48-a3c7-e97d8720563c] FlowFile[131,93365061999093.mockFlowFile,70B] contains 5 records; transferring to 'success'
[pool-1550-thread-1] INFO org.apache.nifi.processors.standard.ExecuteSQLRecord - ExecuteSQLRecord[id=8baeed4c-9265-4e48-a3c7-e97d8720563c] FlowFile[132,93365062073542.mockFlowFile,70B] contains 5 records; transferring to 'success'
[pool-1550-thread-1] INFO org.apache.nifi.processors.standard.ExecuteSQLRecord - ExecuteSQLRecord[id=8baeed4c-9265-4e48-a3c7-e97d8720563c] FlowFile[133,93365062139928.mockFlowFile,70B] contains 5 records; transferring to 'success'
[pool-1550-thread-1] INFO org.apache.nifi.processors.standard.ExecuteSQLRecord - ExecuteSQLRecord[id=8baeed4c-9265-4e48-a3c7-e97d8720563c] FlowFile[134,93365062203751.mockFlowFile,70B] contains 5 records; transferring to 'success'
[pool-1550-thread-1] INFO org.apache.nifi.processors.standard.ExecuteSQLRecord - ExecuteSQLRecord[id=8baeed4c-9265-4e48-a3c7-e97d8720563c] FlowFile[135,93365062277627.mockFlowFile,70B] contains 5 records; transferring to 'success'
[pool-1550-thread-1] INFO org.apache.nifi.processors.standard.ExecuteSQLRecord - ExecuteSQLRecord[id=8baeed4c-9265-4e48-a3c7-e97d8720563c] FlowFile[136,93365062341237.mockFlowFile,70B] contains 5 records; transferring to 'success'
[pool-1550-thread-1] INFO org.apache.nifi.processors.standard.ExecuteSQLRecord - ExecuteSQLRecord[id=8baeed4c-9265-4e48-a3c7-e97d8720563c] FlowFile[137,93365062403077.mockFlowFile,70B] contains 5 records; transferring to 'success'
[pool-1550-thread-1] INFO org.apache.nifi.processors.standard.ExecuteSQLRecord - ExecuteSQLRecord[id=8baeed4c-9265-4e48-a3c7-e97d8720563c] FlowFile[138,93365062477435.mockFlowFile,70B] contains 5 records; transferring to 'success'
[pool-1550-thread-1] INFO org.apache.nifi.processors.standard.ExecuteSQLRecord - ExecuteSQLRecord[id=8baeed4c-9265-4e48-a3c7-e97d8720563c] FlowFile[139,93365062551494.mockFlowFile,70B] contains 5 records; transferring to 'success'
[pool-1550-thread-1] INFO org.apache.nifi.processors.standard.ExecuteSQLRecord - ExecuteSQLRecord[id=8baeed4c-9265-4e48-a3c7-e97d8720563c] FlowFile[140,93365062626058.mockFlowFile,70B] contains 5 records; transferring to 'success'
[pool-1550-thread-1] INFO org.apache.nifi.processors.standard.ExecuteSQLRecord - ExecuteSQLRecord[id=8baeed4c-9265-4e48-a3c7-e97d8720563c] FlowFile[141,93365062703950.mockFlowFile,70B] contains 5 records; transferring to 'success'
[pool-1550-thread-1] INFO org.apache.nifi.processors.standard.ExecuteSQLRecord - ExecuteSQLRecord[id=8baeed4c-9265-4e48-a3c7-e97d8720563c] FlowFile[142,93365062775010.mockFlowFile,70B] contains 5 records; transferring to 'success'
[pool-1550-thread-1] INFO org.apache.nifi.processors.standard.ExecuteSQLRecord - ExecuteSQLRecord[id=8baeed4c-9265-4e48-a3c7-e97d8720563c] FlowFile[143,93365062839800.mockFlowFile,70B] contains 5 records; transferring to 'success'
[pool-1550-thread-1] INFO org.apache.nifi.processors.standard.ExecuteSQLRecord - ExecuteSQLRecord[id=8baeed4c-9265-4e48-a3c7-e97d8720563c] FlowFile[144,93365062923785.mockFlowFile,70B] contains 5 records; transferring to 'success'
[pool-1550-thread-1] INFO org.apache.nifi.processors.standard.ExecuteSQLRecord - ExecuteSQLRecord[id=8baeed4c-9265-4e48-a3c7-e97d8720563c] FlowFile[145,93365062984236.mockFlowFile,70B] contains 5 records; transferring to 'success'
[pool-1550-thread-1] INFO org.apache.nifi.processors.standard.ExecuteSQLRecord - ExecuteSQLRecord[id=8baeed4c-9265-4e48-a3c7-e97d8720563c] FlowFile[146,93365063043360.mockFlowFile,70B] contains 5 records; transferring to 'success'
[pool-1550-thread-1] INFO org.apache.nifi.processors.standard.ExecuteSQLRecord - ExecuteSQLRecord[id=8baeed4c-9265-4e48-a3c7-e97d8720563c] FlowFile[147,93365063104345.mockFlowFile,70B] contains 5 records; transferring to 'success'
[pool-1550-thread-1] INFO org.apache.nifi.processors.standard.ExecuteSQLRecord - ExecuteSQLRecord[id=8baeed4c-9265-4e48-a3c7-e97d8720563c] FlowFile[148,93365063173653.mockFlowFile,70B] contains 5 records; transferring to 'success'
[pool-1550-thread-1] INFO org.apache.nifi.processors.standard.ExecuteSQLRecord - ExecuteSQLRecord[id=8baeed4c-9265-4e48-a3c7-e97d8720563c] FlowFile[149,93365063234935.mockFlowFile,70B] contains 5 records; transferring to 'success'
[pool-1550-thread-1] INFO org.apache.nifi.processors.standard.ExecuteSQLRecord - ExecuteSQLRecord[id=8baeed4c-9265-4e48-a3c7-e97d8720563c] FlowFile[150,93365063339881.mockFlowFile,70B] contains 5 records; transferring to 'success'
[pool-1550-thread-1] INFO org.apache.nifi.processors.standard.ExecuteSQLRecord - ExecuteSQLRecord[id=8baeed4c-9265-4e48-a3c7-e97d8720563c] FlowFile[151,93365063432704.mockFlowFile,70B] contains 5 records; transferring to 'success'
[pool-1550-thread-1] INFO org.apache.nifi.processors.standard.ExecuteSQLRecord - ExecuteSQLRecord[id=8baeed4c-9265-4e48-a3c7-e97d8720563c] FlowFile[152,93365063506814.mockFlowFile,70B] contains 5 records; transferring to 'success'
[pool-1550-thread-1] INFO org.apache.nifi.processors.standard.ExecuteSQLRecord - ExecuteSQLRecord[id=8baeed4c-9265-4e48-a3c7-e97d8720563c] FlowFile[153,93365063573157.mockFlowFile,70B] contains 5 records; transferring to 'success'
[pool-1550-thread-1] INFO org.apache.nifi.processors.standard.ExecuteSQLRecord - ExecuteSQLRecord[id=8baeed4c-9265-4e48-a3c7-e97d8720563c] FlowFile[154,93365063652359.mockFlowFile,70B] contains 5 records; transferring to 'success'
[pool-1550-thread-1] INFO org.apache.nifi.processors.standard.ExecuteSQLRecord - ExecuteSQLRecord[id=8baeed4c-9265-4e48-a3c7-e97d8720563c] FlowFile[155,93365063728758.mockFlowFile,70B] contains 5 records; transferring to 'success'
[pool-1550-thread-1] INFO org.apache.nifi.processors.standard.ExecuteSQLRecord - ExecuteSQLRecord[id=8baeed4c-9265-4e48-a3c7-e97d8720563c] FlowFile[156,93365063794604.mockFlowFile,70B] contains 5 records; transferring to 'success'
[pool-1550-thread-1] INFO org.apache.nifi.processors.standard.ExecuteSQLRecord - ExecuteSQLRecord[id=8baeed4c-9265-4e48-a3c7-e97d8720563c] FlowFile[157,93365063868729.mockFlowFile,70B] contains 5 records; transferring to 'success'
[pool-1550-thread-1] INFO org.apache.nifi.processors.standard.ExecuteSQLRecord - ExecuteSQLRecord[id=8baeed4c-9265-4e48-a3c7-e97d8720563c] FlowFile[158,93365063934886.mockFlowFile,70B] contains 5 records; transferring to 'success'
[pool-1550-thread-1] INFO org.apache.nifi.processors.standard.ExecuteSQLRecord - ExecuteSQLRecord[id=8baeed4c-9265-4e48-a3c7-e97d8720563c] FlowFile[159,93365063998010.mockFlowFile,70B] contains 5 records; transferring to 'success'
[pool-1550-thread-1] INFO org.apache.nifi.processors.standard.ExecuteSQLRecord - ExecuteSQLRecord[id=8baeed4c-9265-4e48-a3c7-e97d8720563c] FlowFile[160,93365064088882.mockFlowFile,70B] contains 5 records; transferring to 'success'
[pool-1550-thread-1] INFO org.apache.nifi.processors.standard.ExecuteSQLRecord - ExecuteSQLRecord[id=8baeed4c-9265-4e48-a3c7-e97d8720563c] FlowFile[161,93365064163234.mockFlowFile,70B] contains 5 records; transferring to 'success'
[pool-1550-thread-1] INFO org.apache.nifi.processors.standard.ExecuteSQLRecord - ExecuteSQLRecord[id=8baeed4c-9265-4e48-a3c7-e97d8720563c] FlowFile[162,93365064222564.mockFlowFile,70B] contains 5 records; transferring to 'success'
[pool-1550-thread-1] INFO org.apache.nifi.processors.standard.ExecuteSQLRecord - ExecuteSQLRecord[id=8baeed4c-9265-4e48-a3c7-e97d8720563c] FlowFile[163,93365064282002.mockFlowFile,70B] contains 5 records; transferring to 'success'
[pool-1550-thread-1] INFO org.apache.nifi.processors.standard.ExecuteSQLRecord - ExecuteSQLRecord[id=8baeed4c-9265-4e48-a3c7-e97d8720563c] FlowFile[164,93365064356852.mockFlowFile,70B] contains 5 records; transferring to 'success'
[pool-1550-thread-1] INFO org.apache.nifi.processors.standard.ExecuteSQLRecord - ExecuteSQLRecord[id=8baeed4c-9265-4e48-a3c7-e97d8720563c] FlowFile[165,93365064420884.mockFlowFile,70B] contains 5 records; transferring to 'success'
[pool-1550-thread-1] INFO org.apache.nifi.processors.standard.ExecuteSQLRecord - ExecuteSQLRecord[id=8baeed4c-9265-4e48-a3c7-e97d8720563c] FlowFile[166,93365064489686.mockFlowFile,70B] contains 5 records; transferring to 'success'
[pool-1550-thread-1] INFO org.apache.nifi.processors.standard.ExecuteSQLRecord - ExecuteSQLRecord[id=8baeed4c-9265-4e48-a3c7-e97d8720563c] FlowFile[167,93365064567644.mockFlowFile,70B] contains 5 records; transferring to 'success'
[pool-1550-thread-1] INFO org.apache.nifi.processors.standard.ExecuteSQLRecord - ExecuteSQLRecord[id=8baeed4c-9265-4e48-a3c7-e97d8720563c] FlowFile[168,93365064631454.mockFlowFile,70B] contains 5 records; transferring to 'success'
[pool-1550-thread-1] INFO org.apache.nifi.processors.standard.ExecuteSQLRecord - ExecuteSQLRecord[id=8baeed4c-9265-4e48-a3c7-e97d8720563c] FlowFile[169,93365064694764.mockFlowFile,70B] contains 5 records; transferring to 'success'
[pool-1550-thread-1] INFO org.apache.nifi.processors.standard.ExecuteSQLRecord - ExecuteSQLRecord[id=8baeed4c-9265-4e48-a3c7-e97d8720563c] FlowFile[170,93365064766588.mockFlowFile,70B] contains 5 records; transferring to 'success'
[pool-1550-thread-1] INFO org.apache.nifi.processors.standard.ExecuteSQLRecord - ExecuteSQLRecord[id=8baeed4c-9265-4e48-a3c7-e97d8720563c] FlowFile[171,93365064825892.mockFlowFile,70B] contains 5 records; transferring to 'success'
[pool-1550-thread-1] INFO org.apache.nifi.processors.standard.ExecuteSQLRecord - ExecuteSQLRecord[id=8baeed4c-9265-4e48-a3c7-e97d8720563c] FlowFile[172,93365064886159.mockFlowFile,70B] contains 5 records; transferring to 'success'
[pool-1550-thread-1] INFO org.apache.nifi.processors.standard.ExecuteSQLRecord - ExecuteSQLRecord[id=8baeed4c-9265-4e48-a3c7-e97d8720563c] FlowFile[173,93365064955255.mockFlowFile,70B] contains 5 records; transferring to 'success'
[pool-1550-thread-1] INFO org.apache.nifi.processors.standard.ExecuteSQLRecord - ExecuteSQLRecord[id=8baeed4c-9265-4e48-a3c7-e97d8720563c] FlowFile[174,93365065014684.mockFlowFile,70B] contains 5 records; transferring to 'success'
[pool-1550-thread-1] INFO org.apache.nifi.processors.standard.ExecuteSQLRecord - ExecuteSQLRecord[id=8baeed4c-9265-4e48-a3c7-e97d8720563c] FlowFile[175,93365065073576.mockFlowFile,70B] contains 5 records; transferring to 'success'
[pool-1550-thread-1] INFO org.apache.nifi.processors.standard.ExecuteSQLRecord - ExecuteSQLRecord[id=8baeed4c-9265-4e48-a3c7-e97d8720563c] FlowFile[176,93365065283937.mockFlowFile,70B] contains 5 records; transferring to 'success'
[pool-1550-thread-1] INFO org.apache.nifi.processors.standard.ExecuteSQLRecord - ExecuteSQLRecord[id=8baeed4c-9265-4e48-a3c7-e97d8720563c] FlowFile[177,93365065390244.mockFlowFile,70B] contains 5 records; transferring to 'success'
[pool-1550-thread-1] INFO org.apache.nifi.processors.standard.ExecuteSQLRecord - ExecuteSQLRecord[id=8baeed4c-9265-4e48-a3c7-e97d8720563c] FlowFile[178,93365065461482.mockFlowFile,70B] contains 5 records; transferring to 'success'
[pool-1550-thread-1] INFO org.apache.nifi.processors.standard.ExecuteSQLRecord - ExecuteSQLRecord[id=8baeed4c-9265-4e48-a3c7-e97d8720563c] FlowFile[179,93365065531052.mockFlowFile,70B] contains 5 records; transferring to 'success'
[pool-1550-thread-1] INFO org.apache.nifi.processors.standard.ExecuteSQLRecord - ExecuteSQLRecord[id=8baeed4c-9265-4e48-a3c7-e97d8720563c] FlowFile[180,93365065612372.mockFlowFile,70B] contains 5 records; transferring to 'success'
[pool-1550-thread-1] INFO org.apache.nifi.processors.standard.ExecuteSQLRecord - ExecuteSQLRecord[id=8baeed4c-9265-4e48-a3c7-e97d8720563c] FlowFile[181,93365065686392.mockFlowFile,70B] contains 5 records; transferring to 'success'
[pool-1550-thread-1] INFO org.apache.nifi.processors.standard.ExecuteSQLRecord - ExecuteSQLRecord[id=8baeed4c-9265-4e48-a3c7-e97d8720563c] FlowFile[182,93365065813872.mockFlowFile,70B] contains 5 records; transferring to 'success'
[pool-1550-thread-1] INFO org.apache.nifi.processors.standard.ExecuteSQLRecord - ExecuteSQLRecord[id=8baeed4c-9265-4e48-a3c7-e97d8720563c] FlowFile[183,93365065901125.mockFlowFile,70B] contains 5 records; transferring to 'success'
[pool-1550-thread-1] INFO org.apache.nifi.processors.standard.ExecuteSQLRecord - ExecuteSQLRecord[id=8baeed4c-9265-4e48-a3c7-e97d8720563c] FlowFile[184,93365065969068.mockFlowFile,70B] contains 5 records; transferring to 'success'
[pool-1550-thread-1] INFO org.apache.nifi.processors.standard.ExecuteSQLRecord - ExecuteSQLRecord[id=8baeed4c-9265-4e48-a3c7-e97d8720563c] FlowFile[185,93365066038980.mockFlowFile,70B] contains 5 records; transferring to 'success'
[pool-1550-thread-1] INFO org.apache.nifi.processors.standard.ExecuteSQLRecord - ExecuteSQLRecord[id=8baeed4c-9265-4e48-a3c7-e97d8720563c] FlowFile[186,93365066120560.mockFlowFile,70B] contains 5 records; transferring to 'success'
[pool-1550-thread-1] INFO org.apache.nifi.processors.standard.ExecuteSQLRecord - ExecuteSQLRecord[id=8baeed4c-9265-4e48-a3c7-e97d8720563c] FlowFile[187,93365066190641.mockFlowFile,70B] contains 5 records; transferring to 'success'
[pool-1550-thread-1] INFO org.apache.nifi.processors.standard.ExecuteSQLRecord - ExecuteSQLRecord[id=8baeed4c-9265-4e48-a3c7-e97d8720563c] FlowFile[188,93365066256825.mockFlowFile,70B] contains 5 records; transferring to 'success'
[pool-1550-thread-1] INFO org.apache.nifi.processors.standard.ExecuteSQLRecord - ExecuteSQLRecord[id=8baeed4c-9265-4e48-a3c7-e97d8720563c] FlowFile[189,93365066330093.mockFlowFile,70B] contains 5 records; transferring to 'success'
[pool-1550-thread-1] INFO org.apache.nifi.processors.standard.ExecuteSQLRecord - ExecuteSQLRecord[id=8baeed4c-9265-4e48-a3c7-e97d8720563c] FlowFile[190,93365066392769.mockFlowFile,70B] contains 5 records; transferring to 'success'
[pool-1550-thread-1] INFO org.apache.nifi.processors.standard.ExecuteSQLRecord - ExecuteSQLRecord[id=8baeed4c-9265-4e48-a3c7-e97d8720563c] FlowFile[191,93365066453333.mockFlowFile,70B] contains 5 records; transferring to 'success'
[pool-1550-thread-1] INFO org.apache.nifi.processors.standard.ExecuteSQLRecord - ExecuteSQLRecord[id=8baeed4c-9265-4e48-a3c7-e97d8720563c] FlowFile[192,93365066529952.mockFlowFile,70B] contains 5 records; transferring to 'success'
[pool-1550-thread-1] INFO org.apache.nifi.processors.standard.ExecuteSQLRecord - ExecuteSQLRecord[id=8baeed4c-9265-4e48-a3c7-e97d8720563c] FlowFile[193,93365066635039.mockFlowFile,70B] contains 5 records; transferring to 'success'
[pool-1550-thread-1] INFO org.apache.nifi.processors.standard.ExecuteSQLRecord - ExecuteSQLRecord[id=8baeed4c-9265-4e48-a3c7-e97d8720563c] FlowFile[194,93365066695589.mockFlowFile,70B] contains 5 records; transferring to 'success'
[pool-1550-thread-1] INFO org.apache.nifi.processors.standard.ExecuteSQLRecord - ExecuteSQLRecord[id=8baeed4c-9265-4e48-a3c7-e97d8720563c] FlowFile[195,93365066756245.mockFlowFile,70B] contains 5 records; transferring to 'success'
[pool-1550-thread-1] INFO org.apache.nifi.processors.standard.ExecuteSQLRecord - ExecuteSQLRecord[id=8baeed4c-9265-4e48-a3c7-e97d8720563c] FlowFile[196,93365066827545.mockFlowFile,70B] contains 5 records; transferring to 'success'
[pool-1550-thread-1] INFO org.apache.nifi.processors.standard.ExecuteSQLRecord - ExecuteSQLRecord[id=8baeed4c-9265-4e48-a3c7-e97d8720563c] FlowFile[197,93365066890055.mockFlowFile,70B] contains 5 records; transferring to 'success'
[pool-1550-thread-1] INFO org.apache.nifi.processors.standard.ExecuteSQLRecord - ExecuteSQLRecord[id=8baeed4c-9265-4e48-a3c7-e97d8720563c] FlowFile[198,93365066956322.mockFlowFile,70B] contains 5 records; transferring to 'success'
[pool-1550-thread-1] INFO org.apache.nifi.processors.standard.ExecuteSQLRecord - ExecuteSQLRecord[id=8baeed4c-9265-4e48-a3c7-e97d8720563c] FlowFile[199,93365067036720.mockFlowFile,70B] contains 5 records; transferring to 'success'
]]></system-err>
  </testcase>
  <testcase name="testSelectQueryInFlowFile" classname="org.apache.nifi.processors.standard.TestExecuteSQLRecord" time="0.791">
    <system-out><![CDATA[JCFF G
I 
 CC
]]></system-out>
    <system-err><![CDATA[[main] INFO org.apache.nifi.processors.standard.TestExecuteSQLRecord - test data loaded
[pool-1551-thread-1] INFO org.apache.nifi.processors.standard.ExecuteSQLRecord - ExecuteSQLRecord[id=4e182878-1e82-469d-a867-443697487321] FlowFile[1,93365720515976.mockFlowFile,1658494B] contains 20000 records; transferring to 'success'
]]></system-err>
  </testcase>
  <testcase name="testWithOutputBatchingAndIncomingFlowFile" classname="org.apache.nifi.processors.standard.TestExecuteSQLRecord" time="1.582">
    <system-err><![CDATA[[pool-1552-thread-1] INFO org.apache.nifi.processors.standard.ExecuteSQLRecord - ExecuteSQLRecord[id=216843c2-b4af-487c-a76c-151bf35f8e9c] FlowFile[1,93367429588083.mockFlowFile,60B] contains 5 records; transferring to 'success'
[pool-1552-thread-1] INFO org.apache.nifi.processors.standard.ExecuteSQLRecord - ExecuteSQLRecord[id=216843c2-b4af-487c-a76c-151bf35f8e9c] FlowFile[2,93367429588083.mockFlowFile,60B] contains 5 records; transferring to 'success'
[pool-1552-thread-1] INFO org.apache.nifi.processors.standard.ExecuteSQLRecord - ExecuteSQLRecord[id=216843c2-b4af-487c-a76c-151bf35f8e9c] FlowFile[3,93367429588083.mockFlowFile,65B] contains 5 records; transferring to 'success'
[pool-1552-thread-1] INFO org.apache.nifi.processors.standard.ExecuteSQLRecord - ExecuteSQLRecord[id=216843c2-b4af-487c-a76c-151bf35f8e9c] FlowFile[4,93367429588083.mockFlowFile,65B] contains 5 records; transferring to 'success'
[pool-1552-thread-1] INFO org.apache.nifi.processors.standard.ExecuteSQLRecord - ExecuteSQLRecord[id=216843c2-b4af-487c-a76c-151bf35f8e9c] FlowFile[5,93367429588083.mockFlowFile,65B] contains 5 records; transferring to 'success'
[pool-1552-thread-1] INFO org.apache.nifi.processors.standard.ExecuteSQLRecord - ExecuteSQLRecord[id=216843c2-b4af-487c-a76c-151bf35f8e9c] FlowFile[6,93367429588083.mockFlowFile,65B] contains 5 records; transferring to 'success'
[pool-1552-thread-1] INFO org.apache.nifi.processors.standard.ExecuteSQLRecord - ExecuteSQLRecord[id=216843c2-b4af-487c-a76c-151bf35f8e9c] FlowFile[7,93367429588083.mockFlowFile,65B] contains 5 records; transferring to 'success'
[pool-1552-thread-1] INFO org.apache.nifi.processors.standard.ExecuteSQLRecord - ExecuteSQLRecord[id=216843c2-b4af-487c-a76c-151bf35f8e9c] FlowFile[8,93367429588083.mockFlowFile,65B] contains 5 records; transferring to 'success'
[pool-1552-thread-1] INFO org.apache.nifi.processors.standard.ExecuteSQLRecord - ExecuteSQLRecord[id=216843c2-b4af-487c-a76c-151bf35f8e9c] FlowFile[9,93367429588083.mockFlowFile,65B] contains 5 records; transferring to 'success'
[pool-1552-thread-1] INFO org.apache.nifi.processors.standard.ExecuteSQLRecord - ExecuteSQLRecord[id=216843c2-b4af-487c-a76c-151bf35f8e9c] FlowFile[10,93367429588083.mockFlowFile,65B] contains 5 records; transferring to 'success'
[pool-1552-thread-1] INFO org.apache.nifi.processors.standard.ExecuteSQLRecord - ExecuteSQLRecord[id=216843c2-b4af-487c-a76c-151bf35f8e9c] FlowFile[11,93367429588083.mockFlowFile,65B] contains 5 records; transferring to 'success'
[pool-1552-thread-1] INFO org.apache.nifi.processors.standard.ExecuteSQLRecord - ExecuteSQLRecord[id=216843c2-b4af-487c-a76c-151bf35f8e9c] FlowFile[12,93367429588083.mockFlowFile,65B] contains 5 records; transferring to 'success'
[pool-1552-thread-1] INFO org.apache.nifi.processors.standard.ExecuteSQLRecord - ExecuteSQLRecord[id=216843c2-b4af-487c-a76c-151bf35f8e9c] FlowFile[13,93367429588083.mockFlowFile,65B] contains 5 records; transferring to 'success'
[pool-1552-thread-1] INFO org.apache.nifi.processors.standard.ExecuteSQLRecord - ExecuteSQLRecord[id=216843c2-b4af-487c-a76c-151bf35f8e9c] FlowFile[14,93367429588083.mockFlowFile,65B] contains 5 records; transferring to 'success'
[pool-1552-thread-1] INFO org.apache.nifi.processors.standard.ExecuteSQLRecord - ExecuteSQLRecord[id=216843c2-b4af-487c-a76c-151bf35f8e9c] FlowFile[15,93367429588083.mockFlowFile,65B] contains 5 records; transferring to 'success'
[pool-1552-thread-1] INFO org.apache.nifi.processors.standard.ExecuteSQLRecord - ExecuteSQLRecord[id=216843c2-b4af-487c-a76c-151bf35f8e9c] FlowFile[16,93367429588083.mockFlowFile,65B] contains 5 records; transferring to 'success'
[pool-1552-thread-1] INFO org.apache.nifi.processors.standard.ExecuteSQLRecord - ExecuteSQLRecord[id=216843c2-b4af-487c-a76c-151bf35f8e9c] FlowFile[17,93367429588083.mockFlowFile,65B] contains 5 records; transferring to 'success'
[pool-1552-thread-1] INFO org.apache.nifi.processors.standard.ExecuteSQLRecord - ExecuteSQLRecord[id=216843c2-b4af-487c-a76c-151bf35f8e9c] FlowFile[18,93367429588083.mockFlowFile,65B] contains 5 records; transferring to 'success'
[pool-1552-thread-1] INFO org.apache.nifi.processors.standard.ExecuteSQLRecord - ExecuteSQLRecord[id=216843c2-b4af-487c-a76c-151bf35f8e9c] FlowFile[19,93367429588083.mockFlowFile,65B] contains 5 records; transferring to 'success'
[pool-1552-thread-1] INFO org.apache.nifi.processors.standard.ExecuteSQLRecord - ExecuteSQLRecord[id=216843c2-b4af-487c-a76c-151bf35f8e9c] FlowFile[20,93367429588083.mockFlowFile,65B] contains 5 records; transferring to 'success'
[pool-1552-thread-1] INFO org.apache.nifi.processors.standard.ExecuteSQLRecord - ExecuteSQLRecord[id=216843c2-b4af-487c-a76c-151bf35f8e9c] FlowFile[21,93367429588083.mockFlowFile,70B] contains 5 records; transferring to 'success'
[pool-1552-thread-1] INFO org.apache.nifi.processors.standard.ExecuteSQLRecord - ExecuteSQLRecord[id=216843c2-b4af-487c-a76c-151bf35f8e9c] FlowFile[22,93367429588083.mockFlowFile,70B] contains 5 records; transferring to 'success'
[pool-1552-thread-1] INFO org.apache.nifi.processors.standard.ExecuteSQLRecord - ExecuteSQLRecord[id=216843c2-b4af-487c-a76c-151bf35f8e9c] FlowFile[23,93367429588083.mockFlowFile,70B] contains 5 records; transferring to 'success'
[pool-1552-thread-1] INFO org.apache.nifi.processors.standard.ExecuteSQLRecord - ExecuteSQLRecord[id=216843c2-b4af-487c-a76c-151bf35f8e9c] FlowFile[24,93367429588083.mockFlowFile,70B] contains 5 records; transferring to 'success'
[pool-1552-thread-1] INFO org.apache.nifi.processors.standard.ExecuteSQLRecord - ExecuteSQLRecord[id=216843c2-b4af-487c-a76c-151bf35f8e9c] FlowFile[25,93367429588083.mockFlowFile,70B] contains 5 records; transferring to 'success'
[pool-1552-thread-1] INFO org.apache.nifi.processors.standard.ExecuteSQLRecord - ExecuteSQLRecord[id=216843c2-b4af-487c-a76c-151bf35f8e9c] FlowFile[26,93367429588083.mockFlowFile,70B] contains 5 records; transferring to 'success'
[pool-1552-thread-1] INFO org.apache.nifi.processors.standard.ExecuteSQLRecord - ExecuteSQLRecord[id=216843c2-b4af-487c-a76c-151bf35f8e9c] FlowFile[27,93367429588083.mockFlowFile,70B] contains 5 records; transferring to 'success'
[pool-1552-thread-1] INFO org.apache.nifi.processors.standard.ExecuteSQLRecord - ExecuteSQLRecord[id=216843c2-b4af-487c-a76c-151bf35f8e9c] FlowFile[28,93367429588083.mockFlowFile,70B] contains 5 records; transferring to 'success'
[pool-1552-thread-1] INFO org.apache.nifi.processors.standard.ExecuteSQLRecord - ExecuteSQLRecord[id=216843c2-b4af-487c-a76c-151bf35f8e9c] FlowFile[29,93367429588083.mockFlowFile,70B] contains 5 records; transferring to 'success'
[pool-1552-thread-1] INFO org.apache.nifi.processors.standard.ExecuteSQLRecord - ExecuteSQLRecord[id=216843c2-b4af-487c-a76c-151bf35f8e9c] FlowFile[30,93367429588083.mockFlowFile,70B] contains 5 records; transferring to 'success'
[pool-1552-thread-1] INFO org.apache.nifi.processors.standard.ExecuteSQLRecord - ExecuteSQLRecord[id=216843c2-b4af-487c-a76c-151bf35f8e9c] FlowFile[31,93367429588083.mockFlowFile,70B] contains 5 records; transferring to 'success'
[pool-1552-thread-1] INFO org.apache.nifi.processors.standard.ExecuteSQLRecord - ExecuteSQLRecord[id=216843c2-b4af-487c-a76c-151bf35f8e9c] FlowFile[32,93367429588083.mockFlowFile,70B] contains 5 records; transferring to 'success'
[pool-1552-thread-1] INFO org.apache.nifi.processors.standard.ExecuteSQLRecord - ExecuteSQLRecord[id=216843c2-b4af-487c-a76c-151bf35f8e9c] FlowFile[33,93367429588083.mockFlowFile,70B] contains 5 records; transferring to 'success'
[pool-1552-thread-1] INFO org.apache.nifi.processors.standard.ExecuteSQLRecord - ExecuteSQLRecord[id=216843c2-b4af-487c-a76c-151bf35f8e9c] FlowFile[34,93367429588083.mockFlowFile,70B] contains 5 records; transferring to 'success'
[pool-1552-thread-1] INFO org.apache.nifi.processors.standard.ExecuteSQLRecord - ExecuteSQLRecord[id=216843c2-b4af-487c-a76c-151bf35f8e9c] FlowFile[35,93367429588083.mockFlowFile,70B] contains 5 records; transferring to 'success'
[pool-1552-thread-1] INFO org.apache.nifi.processors.standard.ExecuteSQLRecord - ExecuteSQLRecord[id=216843c2-b4af-487c-a76c-151bf35f8e9c] FlowFile[36,93367429588083.mockFlowFile,70B] contains 5 records; transferring to 'success'
[pool-1552-thread-1] INFO org.apache.nifi.processors.standard.ExecuteSQLRecord - ExecuteSQLRecord[id=216843c2-b4af-487c-a76c-151bf35f8e9c] FlowFile[37,93367429588083.mockFlowFile,70B] contains 5 records; transferring to 'success'
[pool-1552-thread-1] INFO org.apache.nifi.processors.standard.ExecuteSQLRecord - ExecuteSQLRecord[id=216843c2-b4af-487c-a76c-151bf35f8e9c] FlowFile[38,93367429588083.mockFlowFile,70B] contains 5 records; transferring to 'success'
[pool-1552-thread-1] INFO org.apache.nifi.processors.standard.ExecuteSQLRecord - ExecuteSQLRecord[id=216843c2-b4af-487c-a76c-151bf35f8e9c] FlowFile[39,93367429588083.mockFlowFile,70B] contains 5 records; transferring to 'success'
[pool-1552-thread-1] INFO org.apache.nifi.processors.standard.ExecuteSQLRecord - ExecuteSQLRecord[id=216843c2-b4af-487c-a76c-151bf35f8e9c] FlowFile[40,93367429588083.mockFlowFile,70B] contains 5 records; transferring to 'success'
[pool-1552-thread-1] INFO org.apache.nifi.processors.standard.ExecuteSQLRecord - ExecuteSQLRecord[id=216843c2-b4af-487c-a76c-151bf35f8e9c] FlowFile[41,93367429588083.mockFlowFile,70B] contains 5 records; transferring to 'success'
[pool-1552-thread-1] INFO org.apache.nifi.processors.standard.ExecuteSQLRecord - ExecuteSQLRecord[id=216843c2-b4af-487c-a76c-151bf35f8e9c] FlowFile[42,93367429588083.mockFlowFile,70B] contains 5 records; transferring to 'success'
[pool-1552-thread-1] INFO org.apache.nifi.processors.standard.ExecuteSQLRecord - ExecuteSQLRecord[id=216843c2-b4af-487c-a76c-151bf35f8e9c] FlowFile[43,93367429588083.mockFlowFile,70B] contains 5 records; transferring to 'success'
[pool-1552-thread-1] INFO org.apache.nifi.processors.standard.ExecuteSQLRecord - ExecuteSQLRecord[id=216843c2-b4af-487c-a76c-151bf35f8e9c] FlowFile[44,93367429588083.mockFlowFile,70B] contains 5 records; transferring to 'success'
[pool-1552-thread-1] INFO org.apache.nifi.processors.standard.ExecuteSQLRecord - ExecuteSQLRecord[id=216843c2-b4af-487c-a76c-151bf35f8e9c] FlowFile[45,93367429588083.mockFlowFile,70B] contains 5 records; transferring to 'success'
[pool-1552-thread-1] INFO org.apache.nifi.processors.standard.ExecuteSQLRecord - ExecuteSQLRecord[id=216843c2-b4af-487c-a76c-151bf35f8e9c] FlowFile[46,93367429588083.mockFlowFile,70B] contains 5 records; transferring to 'success'
[pool-1552-thread-1] INFO org.apache.nifi.processors.standard.ExecuteSQLRecord - ExecuteSQLRecord[id=216843c2-b4af-487c-a76c-151bf35f8e9c] FlowFile[47,93367429588083.mockFlowFile,70B] contains 5 records; transferring to 'success'
[pool-1552-thread-1] INFO org.apache.nifi.processors.standard.ExecuteSQLRecord - ExecuteSQLRecord[id=216843c2-b4af-487c-a76c-151bf35f8e9c] FlowFile[48,93367429588083.mockFlowFile,70B] contains 5 records; transferring to 'success'
[pool-1552-thread-1] INFO org.apache.nifi.processors.standard.ExecuteSQLRecord - ExecuteSQLRecord[id=216843c2-b4af-487c-a76c-151bf35f8e9c] FlowFile[49,93367429588083.mockFlowFile,70B] contains 5 records; transferring to 'success'
[pool-1552-thread-1] INFO org.apache.nifi.processors.standard.ExecuteSQLRecord - ExecuteSQLRecord[id=216843c2-b4af-487c-a76c-151bf35f8e9c] FlowFile[50,93367429588083.mockFlowFile,70B] contains 5 records; transferring to 'success'
[pool-1552-thread-1] INFO org.apache.nifi.processors.standard.ExecuteSQLRecord - ExecuteSQLRecord[id=216843c2-b4af-487c-a76c-151bf35f8e9c] FlowFile[51,93367429588083.mockFlowFile,70B] contains 5 records; transferring to 'success'
[pool-1552-thread-1] INFO org.apache.nifi.processors.standard.ExecuteSQLRecord - ExecuteSQLRecord[id=216843c2-b4af-487c-a76c-151bf35f8e9c] FlowFile[52,93367429588083.mockFlowFile,70B] contains 5 records; transferring to 'success'
[pool-1552-thread-1] INFO org.apache.nifi.processors.standard.ExecuteSQLRecord - ExecuteSQLRecord[id=216843c2-b4af-487c-a76c-151bf35f8e9c] FlowFile[53,93367429588083.mockFlowFile,70B] contains 5 records; transferring to 'success'
[pool-1552-thread-1] INFO org.apache.nifi.processors.standard.ExecuteSQLRecord - ExecuteSQLRecord[id=216843c2-b4af-487c-a76c-151bf35f8e9c] FlowFile[54,93367429588083.mockFlowFile,70B] contains 5 records; transferring to 'success'
[pool-1552-thread-1] INFO org.apache.nifi.processors.standard.ExecuteSQLRecord - ExecuteSQLRecord[id=216843c2-b4af-487c-a76c-151bf35f8e9c] FlowFile[55,93367429588083.mockFlowFile,70B] contains 5 records; transferring to 'success'
[pool-1552-thread-1] INFO org.apache.nifi.processors.standard.ExecuteSQLRecord - ExecuteSQLRecord[id=216843c2-b4af-487c-a76c-151bf35f8e9c] FlowFile[56,93367429588083.mockFlowFile,70B] contains 5 records; transferring to 'success'
[pool-1552-thread-1] INFO org.apache.nifi.processors.standard.ExecuteSQLRecord - ExecuteSQLRecord[id=216843c2-b4af-487c-a76c-151bf35f8e9c] FlowFile[57,93367429588083.mockFlowFile,70B] contains 5 records; transferring to 'success'
[pool-1552-thread-1] INFO org.apache.nifi.processors.standard.ExecuteSQLRecord - ExecuteSQLRecord[id=216843c2-b4af-487c-a76c-151bf35f8e9c] FlowFile[58,93367429588083.mockFlowFile,70B] contains 5 records; transferring to 'success'
[pool-1552-thread-1] INFO org.apache.nifi.processors.standard.ExecuteSQLRecord - ExecuteSQLRecord[id=216843c2-b4af-487c-a76c-151bf35f8e9c] FlowFile[59,93367429588083.mockFlowFile,70B] contains 5 records; transferring to 'success'
[pool-1552-thread-1] INFO org.apache.nifi.processors.standard.ExecuteSQLRecord - ExecuteSQLRecord[id=216843c2-b4af-487c-a76c-151bf35f8e9c] FlowFile[60,93367429588083.mockFlowFile,70B] contains 5 records; transferring to 'success'
[pool-1552-thread-1] INFO org.apache.nifi.processors.standard.ExecuteSQLRecord - ExecuteSQLRecord[id=216843c2-b4af-487c-a76c-151bf35f8e9c] FlowFile[61,93367429588083.mockFlowFile,70B] contains 5 records; transferring to 'success'
[pool-1552-thread-1] INFO org.apache.nifi.processors.standard.ExecuteSQLRecord - ExecuteSQLRecord[id=216843c2-b4af-487c-a76c-151bf35f8e9c] FlowFile[62,93367429588083.mockFlowFile,70B] contains 5 records; transferring to 'success'
[pool-1552-thread-1] INFO org.apache.nifi.processors.standard.ExecuteSQLRecord - ExecuteSQLRecord[id=216843c2-b4af-487c-a76c-151bf35f8e9c] FlowFile[63,93367429588083.mockFlowFile,70B] contains 5 records; transferring to 'success'
[pool-1552-thread-1] INFO org.apache.nifi.processors.standard.ExecuteSQLRecord - ExecuteSQLRecord[id=216843c2-b4af-487c-a76c-151bf35f8e9c] FlowFile[64,93367429588083.mockFlowFile,70B] contains 5 records; transferring to 'success'
[pool-1552-thread-1] INFO org.apache.nifi.processors.standard.ExecuteSQLRecord - ExecuteSQLRecord[id=216843c2-b4af-487c-a76c-151bf35f8e9c] FlowFile[65,93367429588083.mockFlowFile,70B] contains 5 records; transferring to 'success'
[pool-1552-thread-1] INFO org.apache.nifi.processors.standard.ExecuteSQLRecord - ExecuteSQLRecord[id=216843c2-b4af-487c-a76c-151bf35f8e9c] FlowFile[66,93367429588083.mockFlowFile,70B] contains 5 records; transferring to 'success'
[pool-1552-thread-1] INFO org.apache.nifi.processors.standard.ExecuteSQLRecord - ExecuteSQLRecord[id=216843c2-b4af-487c-a76c-151bf35f8e9c] FlowFile[67,93367429588083.mockFlowFile,70B] contains 5 records; transferring to 'success'
[pool-1552-thread-1] INFO org.apache.nifi.processors.standard.ExecuteSQLRecord - ExecuteSQLRecord[id=216843c2-b4af-487c-a76c-151bf35f8e9c] FlowFile[68,93367429588083.mockFlowFile,70B] contains 5 records; transferring to 'success'
[pool-1552-thread-1] INFO org.apache.nifi.processors.standard.ExecuteSQLRecord - ExecuteSQLRecord[id=216843c2-b4af-487c-a76c-151bf35f8e9c] FlowFile[69,93367429588083.mockFlowFile,70B] contains 5 records; transferring to 'success'
[pool-1552-thread-1] INFO org.apache.nifi.processors.standard.ExecuteSQLRecord - ExecuteSQLRecord[id=216843c2-b4af-487c-a76c-151bf35f8e9c] FlowFile[70,93367429588083.mockFlowFile,70B] contains 5 records; transferring to 'success'
[pool-1552-thread-1] INFO org.apache.nifi.processors.standard.ExecuteSQLRecord - ExecuteSQLRecord[id=216843c2-b4af-487c-a76c-151bf35f8e9c] FlowFile[71,93367429588083.mockFlowFile,70B] contains 5 records; transferring to 'success'
[pool-1552-thread-1] INFO org.apache.nifi.processors.standard.ExecuteSQLRecord - ExecuteSQLRecord[id=216843c2-b4af-487c-a76c-151bf35f8e9c] FlowFile[72,93367429588083.mockFlowFile,70B] contains 5 records; transferring to 'success'
[pool-1552-thread-1] INFO org.apache.nifi.processors.standard.ExecuteSQLRecord - ExecuteSQLRecord[id=216843c2-b4af-487c-a76c-151bf35f8e9c] FlowFile[73,93367429588083.mockFlowFile,70B] contains 5 records; transferring to 'success'
[pool-1552-thread-1] INFO org.apache.nifi.processors.standard.ExecuteSQLRecord - ExecuteSQLRecord[id=216843c2-b4af-487c-a76c-151bf35f8e9c] FlowFile[74,93367429588083.mockFlowFile,70B] contains 5 records; transferring to 'success'
[pool-1552-thread-1] INFO org.apache.nifi.processors.standard.ExecuteSQLRecord - ExecuteSQLRecord[id=216843c2-b4af-487c-a76c-151bf35f8e9c] FlowFile[75,93367429588083.mockFlowFile,70B] contains 5 records; transferring to 'success'
[pool-1552-thread-1] INFO org.apache.nifi.processors.standard.ExecuteSQLRecord - ExecuteSQLRecord[id=216843c2-b4af-487c-a76c-151bf35f8e9c] FlowFile[76,93367429588083.mockFlowFile,70B] contains 5 records; transferring to 'success'
[pool-1552-thread-1] INFO org.apache.nifi.processors.standard.ExecuteSQLRecord - ExecuteSQLRecord[id=216843c2-b4af-487c-a76c-151bf35f8e9c] FlowFile[77,93367429588083.mockFlowFile,70B] contains 5 records; transferring to 'success'
[pool-1552-thread-1] INFO org.apache.nifi.processors.standard.ExecuteSQLRecord - ExecuteSQLRecord[id=216843c2-b4af-487c-a76c-151bf35f8e9c] FlowFile[78,93367429588083.mockFlowFile,70B] contains 5 records; transferring to 'success'
[pool-1552-thread-1] INFO org.apache.nifi.processors.standard.ExecuteSQLRecord - ExecuteSQLRecord[id=216843c2-b4af-487c-a76c-151bf35f8e9c] FlowFile[79,93367429588083.mockFlowFile,70B] contains 5 records; transferring to 'success'
[pool-1552-thread-1] INFO org.apache.nifi.processors.standard.ExecuteSQLRecord - ExecuteSQLRecord[id=216843c2-b4af-487c-a76c-151bf35f8e9c] FlowFile[80,93367429588083.mockFlowFile,70B] contains 5 records; transferring to 'success'
[pool-1552-thread-1] INFO org.apache.nifi.processors.standard.ExecuteSQLRecord - ExecuteSQLRecord[id=216843c2-b4af-487c-a76c-151bf35f8e9c] FlowFile[81,93367429588083.mockFlowFile,70B] contains 5 records; transferring to 'success'
[pool-1552-thread-1] INFO org.apache.nifi.processors.standard.ExecuteSQLRecord - ExecuteSQLRecord[id=216843c2-b4af-487c-a76c-151bf35f8e9c] FlowFile[82,93367429588083.mockFlowFile,70B] contains 5 records; transferring to 'success'
[pool-1552-thread-1] INFO org.apache.nifi.processors.standard.ExecuteSQLRecord - ExecuteSQLRecord[id=216843c2-b4af-487c-a76c-151bf35f8e9c] FlowFile[83,93367429588083.mockFlowFile,70B] contains 5 records; transferring to 'success'
[pool-1552-thread-1] INFO org.apache.nifi.processors.standard.ExecuteSQLRecord - ExecuteSQLRecord[id=216843c2-b4af-487c-a76c-151bf35f8e9c] FlowFile[84,93367429588083.mockFlowFile,70B] contains 5 records; transferring to 'success'
[pool-1552-thread-1] INFO org.apache.nifi.processors.standard.ExecuteSQLRecord - ExecuteSQLRecord[id=216843c2-b4af-487c-a76c-151bf35f8e9c] FlowFile[85,93367429588083.mockFlowFile,70B] contains 5 records; transferring to 'success'
[pool-1552-thread-1] INFO org.apache.nifi.processors.standard.ExecuteSQLRecord - ExecuteSQLRecord[id=216843c2-b4af-487c-a76c-151bf35f8e9c] FlowFile[86,93367429588083.mockFlowFile,70B] contains 5 records; transferring to 'success'
[pool-1552-thread-1] INFO org.apache.nifi.processors.standard.ExecuteSQLRecord - ExecuteSQLRecord[id=216843c2-b4af-487c-a76c-151bf35f8e9c] FlowFile[87,93367429588083.mockFlowFile,70B] contains 5 records; transferring to 'success'
[pool-1552-thread-1] INFO org.apache.nifi.processors.standard.ExecuteSQLRecord - ExecuteSQLRecord[id=216843c2-b4af-487c-a76c-151bf35f8e9c] FlowFile[88,93367429588083.mockFlowFile,70B] contains 5 records; transferring to 'success'
[pool-1552-thread-1] INFO org.apache.nifi.processors.standard.ExecuteSQLRecord - ExecuteSQLRecord[id=216843c2-b4af-487c-a76c-151bf35f8e9c] FlowFile[89,93367429588083.mockFlowFile,70B] contains 5 records; transferring to 'success'
[pool-1552-thread-1] INFO org.apache.nifi.processors.standard.ExecuteSQLRecord - ExecuteSQLRecord[id=216843c2-b4af-487c-a76c-151bf35f8e9c] FlowFile[90,93367429588083.mockFlowFile,70B] contains 5 records; transferring to 'success'
[pool-1552-thread-1] INFO org.apache.nifi.processors.standard.ExecuteSQLRecord - ExecuteSQLRecord[id=216843c2-b4af-487c-a76c-151bf35f8e9c] FlowFile[91,93367429588083.mockFlowFile,70B] contains 5 records; transferring to 'success'
[pool-1552-thread-1] INFO org.apache.nifi.processors.standard.ExecuteSQLRecord - ExecuteSQLRecord[id=216843c2-b4af-487c-a76c-151bf35f8e9c] FlowFile[92,93367429588083.mockFlowFile,70B] contains 5 records; transferring to 'success'
[pool-1552-thread-1] INFO org.apache.nifi.processors.standard.ExecuteSQLRecord - ExecuteSQLRecord[id=216843c2-b4af-487c-a76c-151bf35f8e9c] FlowFile[93,93367429588083.mockFlowFile,70B] contains 5 records; transferring to 'success'
[pool-1552-thread-1] INFO org.apache.nifi.processors.standard.ExecuteSQLRecord - ExecuteSQLRecord[id=216843c2-b4af-487c-a76c-151bf35f8e9c] FlowFile[94,93367429588083.mockFlowFile,70B] contains 5 records; transferring to 'success'
[pool-1552-thread-1] INFO org.apache.nifi.processors.standard.ExecuteSQLRecord - ExecuteSQLRecord[id=216843c2-b4af-487c-a76c-151bf35f8e9c] FlowFile[95,93367429588083.mockFlowFile,70B] contains 5 records; transferring to 'success'
[pool-1552-thread-1] INFO org.apache.nifi.processors.standard.ExecuteSQLRecord - ExecuteSQLRecord[id=216843c2-b4af-487c-a76c-151bf35f8e9c] FlowFile[96,93367429588083.mockFlowFile,70B] contains 5 records; transferring to 'success'
[pool-1552-thread-1] INFO org.apache.nifi.processors.standard.ExecuteSQLRecord - ExecuteSQLRecord[id=216843c2-b4af-487c-a76c-151bf35f8e9c] FlowFile[97,93367429588083.mockFlowFile,70B] contains 5 records; transferring to 'success'
[pool-1552-thread-1] INFO org.apache.nifi.processors.standard.ExecuteSQLRecord - ExecuteSQLRecord[id=216843c2-b4af-487c-a76c-151bf35f8e9c] FlowFile[98,93367429588083.mockFlowFile,70B] contains 5 records; transferring to 'success'
[pool-1552-thread-1] INFO org.apache.nifi.processors.standard.ExecuteSQLRecord - ExecuteSQLRecord[id=216843c2-b4af-487c-a76c-151bf35f8e9c] FlowFile[99,93367429588083.mockFlowFile,70B] contains 5 records; transferring to 'success'
[pool-1552-thread-1] INFO org.apache.nifi.processors.standard.ExecuteSQLRecord - ExecuteSQLRecord[id=216843c2-b4af-487c-a76c-151bf35f8e9c] FlowFile[100,93367429588083.mockFlowFile,70B] contains 5 records; transferring to 'success'
[pool-1552-thread-1] INFO org.apache.nifi.processors.standard.ExecuteSQLRecord - ExecuteSQLRecord[id=216843c2-b4af-487c-a76c-151bf35f8e9c] FlowFile[101,93367429588083.mockFlowFile,70B] contains 5 records; transferring to 'success'
[pool-1552-thread-1] INFO org.apache.nifi.processors.standard.ExecuteSQLRecord - ExecuteSQLRecord[id=216843c2-b4af-487c-a76c-151bf35f8e9c] FlowFile[102,93367429588083.mockFlowFile,70B] contains 5 records; transferring to 'success'
[pool-1552-thread-1] INFO org.apache.nifi.processors.standard.ExecuteSQLRecord - ExecuteSQLRecord[id=216843c2-b4af-487c-a76c-151bf35f8e9c] FlowFile[103,93367429588083.mockFlowFile,70B] contains 5 records; transferring to 'success'
[pool-1552-thread-1] INFO org.apache.nifi.processors.standard.ExecuteSQLRecord - ExecuteSQLRecord[id=216843c2-b4af-487c-a76c-151bf35f8e9c] FlowFile[104,93367429588083.mockFlowFile,70B] contains 5 records; transferring to 'success'
[pool-1552-thread-1] INFO org.apache.nifi.processors.standard.ExecuteSQLRecord - ExecuteSQLRecord[id=216843c2-b4af-487c-a76c-151bf35f8e9c] FlowFile[105,93367429588083.mockFlowFile,70B] contains 5 records; transferring to 'success'
[pool-1552-thread-1] INFO org.apache.nifi.processors.standard.ExecuteSQLRecord - ExecuteSQLRecord[id=216843c2-b4af-487c-a76c-151bf35f8e9c] FlowFile[106,93367429588083.mockFlowFile,70B] contains 5 records; transferring to 'success'
[pool-1552-thread-1] INFO org.apache.nifi.processors.standard.ExecuteSQLRecord - ExecuteSQLRecord[id=216843c2-b4af-487c-a76c-151bf35f8e9c] FlowFile[107,93367429588083.mockFlowFile,70B] contains 5 records; transferring to 'success'
[pool-1552-thread-1] INFO org.apache.nifi.processors.standard.ExecuteSQLRecord - ExecuteSQLRecord[id=216843c2-b4af-487c-a76c-151bf35f8e9c] FlowFile[108,93367429588083.mockFlowFile,70B] contains 5 records; transferring to 'success'
[pool-1552-thread-1] INFO org.apache.nifi.processors.standard.ExecuteSQLRecord - ExecuteSQLRecord[id=216843c2-b4af-487c-a76c-151bf35f8e9c] FlowFile[109,93367429588083.mockFlowFile,70B] contains 5 records; transferring to 'success'
[pool-1552-thread-1] INFO org.apache.nifi.processors.standard.ExecuteSQLRecord - ExecuteSQLRecord[id=216843c2-b4af-487c-a76c-151bf35f8e9c] FlowFile[110,93367429588083.mockFlowFile,70B] contains 5 records; transferring to 'success'
[pool-1552-thread-1] INFO org.apache.nifi.processors.standard.ExecuteSQLRecord - ExecuteSQLRecord[id=216843c2-b4af-487c-a76c-151bf35f8e9c] FlowFile[111,93367429588083.mockFlowFile,70B] contains 5 records; transferring to 'success'
[pool-1552-thread-1] INFO org.apache.nifi.processors.standard.ExecuteSQLRecord - ExecuteSQLRecord[id=216843c2-b4af-487c-a76c-151bf35f8e9c] FlowFile[112,93367429588083.mockFlowFile,70B] contains 5 records; transferring to 'success'
[pool-1552-thread-1] INFO org.apache.nifi.processors.standard.ExecuteSQLRecord - ExecuteSQLRecord[id=216843c2-b4af-487c-a76c-151bf35f8e9c] FlowFile[113,93367429588083.mockFlowFile,70B] contains 5 records; transferring to 'success'
[pool-1552-thread-1] INFO org.apache.nifi.processors.standard.ExecuteSQLRecord - ExecuteSQLRecord[id=216843c2-b4af-487c-a76c-151bf35f8e9c] FlowFile[114,93367429588083.mockFlowFile,70B] contains 5 records; transferring to 'success'
[pool-1552-thread-1] INFO org.apache.nifi.processors.standard.ExecuteSQLRecord - ExecuteSQLRecord[id=216843c2-b4af-487c-a76c-151bf35f8e9c] FlowFile[115,93367429588083.mockFlowFile,70B] contains 5 records; transferring to 'success'
[pool-1552-thread-1] INFO org.apache.nifi.processors.standard.ExecuteSQLRecord - ExecuteSQLRecord[id=216843c2-b4af-487c-a76c-151bf35f8e9c] FlowFile[116,93367429588083.mockFlowFile,70B] contains 5 records; transferring to 'success'
[pool-1552-thread-1] INFO org.apache.nifi.processors.standard.ExecuteSQLRecord - ExecuteSQLRecord[id=216843c2-b4af-487c-a76c-151bf35f8e9c] FlowFile[117,93367429588083.mockFlowFile,70B] contains 5 records; transferring to 'success'
[pool-1552-thread-1] INFO org.apache.nifi.processors.standard.ExecuteSQLRecord - ExecuteSQLRecord[id=216843c2-b4af-487c-a76c-151bf35f8e9c] FlowFile[118,93367429588083.mockFlowFile,70B] contains 5 records; transferring to 'success'
[pool-1552-thread-1] INFO org.apache.nifi.processors.standard.ExecuteSQLRecord - ExecuteSQLRecord[id=216843c2-b4af-487c-a76c-151bf35f8e9c] FlowFile[119,93367429588083.mockFlowFile,70B] contains 5 records; transferring to 'success'
[pool-1552-thread-1] INFO org.apache.nifi.processors.standard.ExecuteSQLRecord - ExecuteSQLRecord[id=216843c2-b4af-487c-a76c-151bf35f8e9c] FlowFile[120,93367429588083.mockFlowFile,70B] contains 5 records; transferring to 'success'
[pool-1552-thread-1] INFO org.apache.nifi.processors.standard.ExecuteSQLRecord - ExecuteSQLRecord[id=216843c2-b4af-487c-a76c-151bf35f8e9c] FlowFile[121,93367429588083.mockFlowFile,70B] contains 5 records; transferring to 'success'
[pool-1552-thread-1] INFO org.apache.nifi.processors.standard.ExecuteSQLRecord - ExecuteSQLRecord[id=216843c2-b4af-487c-a76c-151bf35f8e9c] FlowFile[122,93367429588083.mockFlowFile,70B] contains 5 records; transferring to 'success'
[pool-1552-thread-1] INFO org.apache.nifi.processors.standard.ExecuteSQLRecord - ExecuteSQLRecord[id=216843c2-b4af-487c-a76c-151bf35f8e9c] FlowFile[123,93367429588083.mockFlowFile,70B] contains 5 records; transferring to 'success'
[pool-1552-thread-1] INFO org.apache.nifi.processors.standard.ExecuteSQLRecord - ExecuteSQLRecord[id=216843c2-b4af-487c-a76c-151bf35f8e9c] FlowFile[124,93367429588083.mockFlowFile,70B] contains 5 records; transferring to 'success'
[pool-1552-thread-1] INFO org.apache.nifi.processors.standard.ExecuteSQLRecord - ExecuteSQLRecord[id=216843c2-b4af-487c-a76c-151bf35f8e9c] FlowFile[125,93367429588083.mockFlowFile,70B] contains 5 records; transferring to 'success'
[pool-1552-thread-1] INFO org.apache.nifi.processors.standard.ExecuteSQLRecord - ExecuteSQLRecord[id=216843c2-b4af-487c-a76c-151bf35f8e9c] FlowFile[126,93367429588083.mockFlowFile,70B] contains 5 records; transferring to 'success'
[pool-1552-thread-1] INFO org.apache.nifi.processors.standard.ExecuteSQLRecord - ExecuteSQLRecord[id=216843c2-b4af-487c-a76c-151bf35f8e9c] FlowFile[127,93367429588083.mockFlowFile,70B] contains 5 records; transferring to 'success'
[pool-1552-thread-1] INFO org.apache.nifi.processors.standard.ExecuteSQLRecord - ExecuteSQLRecord[id=216843c2-b4af-487c-a76c-151bf35f8e9c] FlowFile[128,93367429588083.mockFlowFile,70B] contains 5 records; transferring to 'success'
[pool-1552-thread-1] INFO org.apache.nifi.processors.standard.ExecuteSQLRecord - ExecuteSQLRecord[id=216843c2-b4af-487c-a76c-151bf35f8e9c] FlowFile[129,93367429588083.mockFlowFile,70B] contains 5 records; transferring to 'success'
[pool-1552-thread-1] INFO org.apache.nifi.processors.standard.ExecuteSQLRecord - ExecuteSQLRecord[id=216843c2-b4af-487c-a76c-151bf35f8e9c] FlowFile[130,93367429588083.mockFlowFile,70B] contains 5 records; transferring to 'success'
[pool-1552-thread-1] INFO org.apache.nifi.processors.standard.ExecuteSQLRecord - ExecuteSQLRecord[id=216843c2-b4af-487c-a76c-151bf35f8e9c] FlowFile[131,93367429588083.mockFlowFile,70B] contains 5 records; transferring to 'success'
[pool-1552-thread-1] INFO org.apache.nifi.processors.standard.ExecuteSQLRecord - ExecuteSQLRecord[id=216843c2-b4af-487c-a76c-151bf35f8e9c] FlowFile[132,93367429588083.mockFlowFile,70B] contains 5 records; transferring to 'success'
[pool-1552-thread-1] INFO org.apache.nifi.processors.standard.ExecuteSQLRecord - ExecuteSQLRecord[id=216843c2-b4af-487c-a76c-151bf35f8e9c] FlowFile[133,93367429588083.mockFlowFile,70B] contains 5 records; transferring to 'success'
[pool-1552-thread-1] INFO org.apache.nifi.processors.standard.ExecuteSQLRecord - ExecuteSQLRecord[id=216843c2-b4af-487c-a76c-151bf35f8e9c] FlowFile[134,93367429588083.mockFlowFile,70B] contains 5 records; transferring to 'success'
[pool-1552-thread-1] INFO org.apache.nifi.processors.standard.ExecuteSQLRecord - ExecuteSQLRecord[id=216843c2-b4af-487c-a76c-151bf35f8e9c] FlowFile[135,93367429588083.mockFlowFile,70B] contains 5 records; transferring to 'success'
[pool-1552-thread-1] INFO org.apache.nifi.processors.standard.ExecuteSQLRecord - ExecuteSQLRecord[id=216843c2-b4af-487c-a76c-151bf35f8e9c] FlowFile[136,93367429588083.mockFlowFile,70B] contains 5 records; transferring to 'success'
[pool-1552-thread-1] INFO org.apache.nifi.processors.standard.ExecuteSQLRecord - ExecuteSQLRecord[id=216843c2-b4af-487c-a76c-151bf35f8e9c] FlowFile[137,93367429588083.mockFlowFile,70B] contains 5 records; transferring to 'success'
[pool-1552-thread-1] INFO org.apache.nifi.processors.standard.ExecuteSQLRecord - ExecuteSQLRecord[id=216843c2-b4af-487c-a76c-151bf35f8e9c] FlowFile[138,93367429588083.mockFlowFile,70B] contains 5 records; transferring to 'success'
[pool-1552-thread-1] INFO org.apache.nifi.processors.standard.ExecuteSQLRecord - ExecuteSQLRecord[id=216843c2-b4af-487c-a76c-151bf35f8e9c] FlowFile[139,93367429588083.mockFlowFile,70B] contains 5 records; transferring to 'success'
[pool-1552-thread-1] INFO org.apache.nifi.processors.standard.ExecuteSQLRecord - ExecuteSQLRecord[id=216843c2-b4af-487c-a76c-151bf35f8e9c] FlowFile[140,93367429588083.mockFlowFile,70B] contains 5 records; transferring to 'success'
[pool-1552-thread-1] INFO org.apache.nifi.processors.standard.ExecuteSQLRecord - ExecuteSQLRecord[id=216843c2-b4af-487c-a76c-151bf35f8e9c] FlowFile[141,93367429588083.mockFlowFile,70B] contains 5 records; transferring to 'success'
[pool-1552-thread-1] INFO org.apache.nifi.processors.standard.ExecuteSQLRecord - ExecuteSQLRecord[id=216843c2-b4af-487c-a76c-151bf35f8e9c] FlowFile[142,93367429588083.mockFlowFile,70B] contains 5 records; transferring to 'success'
[pool-1552-thread-1] INFO org.apache.nifi.processors.standard.ExecuteSQLRecord - ExecuteSQLRecord[id=216843c2-b4af-487c-a76c-151bf35f8e9c] FlowFile[143,93367429588083.mockFlowFile,70B] contains 5 records; transferring to 'success'
[pool-1552-thread-1] INFO org.apache.nifi.processors.standard.ExecuteSQLRecord - ExecuteSQLRecord[id=216843c2-b4af-487c-a76c-151bf35f8e9c] FlowFile[144,93367429588083.mockFlowFile,70B] contains 5 records; transferring to 'success'
[pool-1552-thread-1] INFO org.apache.nifi.processors.standard.ExecuteSQLRecord - ExecuteSQLRecord[id=216843c2-b4af-487c-a76c-151bf35f8e9c] FlowFile[145,93367429588083.mockFlowFile,70B] contains 5 records; transferring to 'success'
[pool-1552-thread-1] INFO org.apache.nifi.processors.standard.ExecuteSQLRecord - ExecuteSQLRecord[id=216843c2-b4af-487c-a76c-151bf35f8e9c] FlowFile[146,93367429588083.mockFlowFile,70B] contains 5 records; transferring to 'success'
[pool-1552-thread-1] INFO org.apache.nifi.processors.standard.ExecuteSQLRecord - ExecuteSQLRecord[id=216843c2-b4af-487c-a76c-151bf35f8e9c] FlowFile[147,93367429588083.mockFlowFile,70B] contains 5 records; transferring to 'success'
[pool-1552-thread-1] INFO org.apache.nifi.processors.standard.ExecuteSQLRecord - ExecuteSQLRecord[id=216843c2-b4af-487c-a76c-151bf35f8e9c] FlowFile[148,93367429588083.mockFlowFile,70B] contains 5 records; transferring to 'success'
[pool-1552-thread-1] INFO org.apache.nifi.processors.standard.ExecuteSQLRecord - ExecuteSQLRecord[id=216843c2-b4af-487c-a76c-151bf35f8e9c] FlowFile[149,93367429588083.mockFlowFile,70B] contains 5 records; transferring to 'success'
[pool-1552-thread-1] INFO org.apache.nifi.processors.standard.ExecuteSQLRecord - ExecuteSQLRecord[id=216843c2-b4af-487c-a76c-151bf35f8e9c] FlowFile[150,93367429588083.mockFlowFile,70B] contains 5 records; transferring to 'success'
[pool-1552-thread-1] INFO org.apache.nifi.processors.standard.ExecuteSQLRecord - ExecuteSQLRecord[id=216843c2-b4af-487c-a76c-151bf35f8e9c] FlowFile[151,93367429588083.mockFlowFile,70B] contains 5 records; transferring to 'success'
[pool-1552-thread-1] INFO org.apache.nifi.processors.standard.ExecuteSQLRecord - ExecuteSQLRecord[id=216843c2-b4af-487c-a76c-151bf35f8e9c] FlowFile[152,93367429588083.mockFlowFile,70B] contains 5 records; transferring to 'success'
[pool-1552-thread-1] INFO org.apache.nifi.processors.standard.ExecuteSQLRecord - ExecuteSQLRecord[id=216843c2-b4af-487c-a76c-151bf35f8e9c] FlowFile[153,93367429588083.mockFlowFile,70B] contains 5 records; transferring to 'success'
[pool-1552-thread-1] INFO org.apache.nifi.processors.standard.ExecuteSQLRecord - ExecuteSQLRecord[id=216843c2-b4af-487c-a76c-151bf35f8e9c] FlowFile[154,93367429588083.mockFlowFile,70B] contains 5 records; transferring to 'success'
[pool-1552-thread-1] INFO org.apache.nifi.processors.standard.ExecuteSQLRecord - ExecuteSQLRecord[id=216843c2-b4af-487c-a76c-151bf35f8e9c] FlowFile[155,93367429588083.mockFlowFile,70B] contains 5 records; transferring to 'success'
[pool-1552-thread-1] INFO org.apache.nifi.processors.standard.ExecuteSQLRecord - ExecuteSQLRecord[id=216843c2-b4af-487c-a76c-151bf35f8e9c] FlowFile[156,93367429588083.mockFlowFile,70B] contains 5 records; transferring to 'success'
[pool-1552-thread-1] INFO org.apache.nifi.processors.standard.ExecuteSQLRecord - ExecuteSQLRecord[id=216843c2-b4af-487c-a76c-151bf35f8e9c] FlowFile[157,93367429588083.mockFlowFile,70B] contains 5 records; transferring to 'success'
[pool-1552-thread-1] INFO org.apache.nifi.processors.standard.ExecuteSQLRecord - ExecuteSQLRecord[id=216843c2-b4af-487c-a76c-151bf35f8e9c] FlowFile[158,93367429588083.mockFlowFile,70B] contains 5 records; transferring to 'success'
[pool-1552-thread-1] INFO org.apache.nifi.processors.standard.ExecuteSQLRecord - ExecuteSQLRecord[id=216843c2-b4af-487c-a76c-151bf35f8e9c] FlowFile[159,93367429588083.mockFlowFile,70B] contains 5 records; transferring to 'success'
[pool-1552-thread-1] INFO org.apache.nifi.processors.standard.ExecuteSQLRecord - ExecuteSQLRecord[id=216843c2-b4af-487c-a76c-151bf35f8e9c] FlowFile[160,93367429588083.mockFlowFile,70B] contains 5 records; transferring to 'success'
[pool-1552-thread-1] INFO org.apache.nifi.processors.standard.ExecuteSQLRecord - ExecuteSQLRecord[id=216843c2-b4af-487c-a76c-151bf35f8e9c] FlowFile[161,93367429588083.mockFlowFile,70B] contains 5 records; transferring to 'success'
[pool-1552-thread-1] INFO org.apache.nifi.processors.standard.ExecuteSQLRecord - ExecuteSQLRecord[id=216843c2-b4af-487c-a76c-151bf35f8e9c] FlowFile[162,93367429588083.mockFlowFile,70B] contains 5 records; transferring to 'success'
[pool-1552-thread-1] INFO org.apache.nifi.processors.standard.ExecuteSQLRecord - ExecuteSQLRecord[id=216843c2-b4af-487c-a76c-151bf35f8e9c] FlowFile[163,93367429588083.mockFlowFile,70B] contains 5 records; transferring to 'success'
[pool-1552-thread-1] INFO org.apache.nifi.processors.standard.ExecuteSQLRecord - ExecuteSQLRecord[id=216843c2-b4af-487c-a76c-151bf35f8e9c] FlowFile[164,93367429588083.mockFlowFile,70B] contains 5 records; transferring to 'success'
[pool-1552-thread-1] INFO org.apache.nifi.processors.standard.ExecuteSQLRecord - ExecuteSQLRecord[id=216843c2-b4af-487c-a76c-151bf35f8e9c] FlowFile[165,93367429588083.mockFlowFile,70B] contains 5 records; transferring to 'success'
[pool-1552-thread-1] INFO org.apache.nifi.processors.standard.ExecuteSQLRecord - ExecuteSQLRecord[id=216843c2-b4af-487c-a76c-151bf35f8e9c] FlowFile[166,93367429588083.mockFlowFile,70B] contains 5 records; transferring to 'success'
[pool-1552-thread-1] INFO org.apache.nifi.processors.standard.ExecuteSQLRecord - ExecuteSQLRecord[id=216843c2-b4af-487c-a76c-151bf35f8e9c] FlowFile[167,93367429588083.mockFlowFile,70B] contains 5 records; transferring to 'success'
[pool-1552-thread-1] INFO org.apache.nifi.processors.standard.ExecuteSQLRecord - ExecuteSQLRecord[id=216843c2-b4af-487c-a76c-151bf35f8e9c] FlowFile[168,93367429588083.mockFlowFile,70B] contains 5 records; transferring to 'success'
[pool-1552-thread-1] INFO org.apache.nifi.processors.standard.ExecuteSQLRecord - ExecuteSQLRecord[id=216843c2-b4af-487c-a76c-151bf35f8e9c] FlowFile[169,93367429588083.mockFlowFile,70B] contains 5 records; transferring to 'success'
[pool-1552-thread-1] INFO org.apache.nifi.processors.standard.ExecuteSQLRecord - ExecuteSQLRecord[id=216843c2-b4af-487c-a76c-151bf35f8e9c] FlowFile[170,93367429588083.mockFlowFile,70B] contains 5 records; transferring to 'success'
[pool-1552-thread-1] INFO org.apache.nifi.processors.standard.ExecuteSQLRecord - ExecuteSQLRecord[id=216843c2-b4af-487c-a76c-151bf35f8e9c] FlowFile[171,93367429588083.mockFlowFile,70B] contains 5 records; transferring to 'success'
[pool-1552-thread-1] INFO org.apache.nifi.processors.standard.ExecuteSQLRecord - ExecuteSQLRecord[id=216843c2-b4af-487c-a76c-151bf35f8e9c] FlowFile[172,93367429588083.mockFlowFile,70B] contains 5 records; transferring to 'success'
[pool-1552-thread-1] INFO org.apache.nifi.processors.standard.ExecuteSQLRecord - ExecuteSQLRecord[id=216843c2-b4af-487c-a76c-151bf35f8e9c] FlowFile[173,93367429588083.mockFlowFile,70B] contains 5 records; transferring to 'success'
[pool-1552-thread-1] INFO org.apache.nifi.processors.standard.ExecuteSQLRecord - ExecuteSQLRecord[id=216843c2-b4af-487c-a76c-151bf35f8e9c] FlowFile[174,93367429588083.mockFlowFile,70B] contains 5 records; transferring to 'success'
[pool-1552-thread-1] INFO org.apache.nifi.processors.standard.ExecuteSQLRecord - ExecuteSQLRecord[id=216843c2-b4af-487c-a76c-151bf35f8e9c] FlowFile[175,93367429588083.mockFlowFile,70B] contains 5 records; transferring to 'success'
[pool-1552-thread-1] INFO org.apache.nifi.processors.standard.ExecuteSQLRecord - ExecuteSQLRecord[id=216843c2-b4af-487c-a76c-151bf35f8e9c] FlowFile[176,93367429588083.mockFlowFile,70B] contains 5 records; transferring to 'success'
[pool-1552-thread-1] INFO org.apache.nifi.processors.standard.ExecuteSQLRecord - ExecuteSQLRecord[id=216843c2-b4af-487c-a76c-151bf35f8e9c] FlowFile[177,93367429588083.mockFlowFile,70B] contains 5 records; transferring to 'success'
[pool-1552-thread-1] INFO org.apache.nifi.processors.standard.ExecuteSQLRecord - ExecuteSQLRecord[id=216843c2-b4af-487c-a76c-151bf35f8e9c] FlowFile[178,93367429588083.mockFlowFile,70B] contains 5 records; transferring to 'success'
[pool-1552-thread-1] INFO org.apache.nifi.processors.standard.ExecuteSQLRecord - ExecuteSQLRecord[id=216843c2-b4af-487c-a76c-151bf35f8e9c] FlowFile[179,93367429588083.mockFlowFile,70B] contains 5 records; transferring to 'success'
[pool-1552-thread-1] INFO org.apache.nifi.processors.standard.ExecuteSQLRecord - ExecuteSQLRecord[id=216843c2-b4af-487c-a76c-151bf35f8e9c] FlowFile[180,93367429588083.mockFlowFile,70B] contains 5 records; transferring to 'success'
[pool-1552-thread-1] INFO org.apache.nifi.processors.standard.ExecuteSQLRecord - ExecuteSQLRecord[id=216843c2-b4af-487c-a76c-151bf35f8e9c] FlowFile[181,93367429588083.mockFlowFile,70B] contains 5 records; transferring to 'success'
[pool-1552-thread-1] INFO org.apache.nifi.processors.standard.ExecuteSQLRecord - ExecuteSQLRecord[id=216843c2-b4af-487c-a76c-151bf35f8e9c] FlowFile[182,93367429588083.mockFlowFile,70B] contains 5 records; transferring to 'success'
[pool-1552-thread-1] INFO org.apache.nifi.processors.standard.ExecuteSQLRecord - ExecuteSQLRecord[id=216843c2-b4af-487c-a76c-151bf35f8e9c] FlowFile[183,93367429588083.mockFlowFile,70B] contains 5 records; transferring to 'success'
[pool-1552-thread-1] INFO org.apache.nifi.processors.standard.ExecuteSQLRecord - ExecuteSQLRecord[id=216843c2-b4af-487c-a76c-151bf35f8e9c] FlowFile[184,93367429588083.mockFlowFile,70B] contains 5 records; transferring to 'success'
[pool-1552-thread-1] INFO org.apache.nifi.processors.standard.ExecuteSQLRecord - ExecuteSQLRecord[id=216843c2-b4af-487c-a76c-151bf35f8e9c] FlowFile[185,93367429588083.mockFlowFile,70B] contains 5 records; transferring to 'success'
[pool-1552-thread-1] INFO org.apache.nifi.processors.standard.ExecuteSQLRecord - ExecuteSQLRecord[id=216843c2-b4af-487c-a76c-151bf35f8e9c] FlowFile[186,93367429588083.mockFlowFile,70B] contains 5 records; transferring to 'success'
[pool-1552-thread-1] INFO org.apache.nifi.processors.standard.ExecuteSQLRecord - ExecuteSQLRecord[id=216843c2-b4af-487c-a76c-151bf35f8e9c] FlowFile[187,93367429588083.mockFlowFile,70B] contains 5 records; transferring to 'success'
[pool-1552-thread-1] INFO org.apache.nifi.processors.standard.ExecuteSQLRecord - ExecuteSQLRecord[id=216843c2-b4af-487c-a76c-151bf35f8e9c] FlowFile[188,93367429588083.mockFlowFile,70B] contains 5 records; transferring to 'success'
[pool-1552-thread-1] INFO org.apache.nifi.processors.standard.ExecuteSQLRecord - ExecuteSQLRecord[id=216843c2-b4af-487c-a76c-151bf35f8e9c] FlowFile[189,93367429588083.mockFlowFile,70B] contains 5 records; transferring to 'success'
[pool-1552-thread-1] INFO org.apache.nifi.processors.standard.ExecuteSQLRecord - ExecuteSQLRecord[id=216843c2-b4af-487c-a76c-151bf35f8e9c] FlowFile[190,93367429588083.mockFlowFile,70B] contains 5 records; transferring to 'success'
[pool-1552-thread-1] INFO org.apache.nifi.processors.standard.ExecuteSQLRecord - ExecuteSQLRecord[id=216843c2-b4af-487c-a76c-151bf35f8e9c] FlowFile[191,93367429588083.mockFlowFile,70B] contains 5 records; transferring to 'success'
[pool-1552-thread-1] INFO org.apache.nifi.processors.standard.ExecuteSQLRecord - ExecuteSQLRecord[id=216843c2-b4af-487c-a76c-151bf35f8e9c] FlowFile[192,93367429588083.mockFlowFile,70B] contains 5 records; transferring to 'success'
[pool-1552-thread-1] INFO org.apache.nifi.processors.standard.ExecuteSQLRecord - ExecuteSQLRecord[id=216843c2-b4af-487c-a76c-151bf35f8e9c] FlowFile[193,93367429588083.mockFlowFile,70B] contains 5 records; transferring to 'success'
[pool-1552-thread-1] INFO org.apache.nifi.processors.standard.ExecuteSQLRecord - ExecuteSQLRecord[id=216843c2-b4af-487c-a76c-151bf35f8e9c] FlowFile[194,93367429588083.mockFlowFile,70B] contains 5 records; transferring to 'success'
[pool-1552-thread-1] INFO org.apache.nifi.processors.standard.ExecuteSQLRecord - ExecuteSQLRecord[id=216843c2-b4af-487c-a76c-151bf35f8e9c] FlowFile[195,93367429588083.mockFlowFile,70B] contains 5 records; transferring to 'success'
[pool-1552-thread-1] INFO org.apache.nifi.processors.standard.ExecuteSQLRecord - ExecuteSQLRecord[id=216843c2-b4af-487c-a76c-151bf35f8e9c] FlowFile[196,93367429588083.mockFlowFile,70B] contains 5 records; transferring to 'success'
[pool-1552-thread-1] INFO org.apache.nifi.processors.standard.ExecuteSQLRecord - ExecuteSQLRecord[id=216843c2-b4af-487c-a76c-151bf35f8e9c] FlowFile[197,93367429588083.mockFlowFile,70B] contains 5 records; transferring to 'success'
[pool-1552-thread-1] INFO org.apache.nifi.processors.standard.ExecuteSQLRecord - ExecuteSQLRecord[id=216843c2-b4af-487c-a76c-151bf35f8e9c] FlowFile[198,93367429588083.mockFlowFile,70B] contains 5 records; transferring to 'success'
[pool-1552-thread-1] INFO org.apache.nifi.processors.standard.ExecuteSQLRecord - ExecuteSQLRecord[id=216843c2-b4af-487c-a76c-151bf35f8e9c] FlowFile[199,93367429588083.mockFlowFile,70B] contains 5 records; transferring to 'success'
[pool-1552-thread-1] INFO org.apache.nifi.processors.standard.ExecuteSQLRecord - ExecuteSQLRecord[id=216843c2-b4af-487c-a76c-151bf35f8e9c] FlowFile[200,93367429588083.mockFlowFile,70B] contains 5 records; transferring to 'success'
]]></system-err>
  </testcase>
  <testcase name="testWithSqlExceptionErrorProcessingResultSet" classname="org.apache.nifi.processors.standard.TestExecuteSQLRecord" time="0.171">
    <system-err><![CDATA[[pool-1553-thread-1] ERROR org.apache.nifi.processors.standard.ExecuteSQLRecord - ExecuteSQLRecord[id=43fb4869-801d-4f0f-808b-91d156151cc8] Unable to execute SQL select query SELECT 1 for FlowFile[0,93367606889762.mockFlowFile,8B] due to org.apache.nifi.processor.exception.ProcessException: java.sql.SQLException: test execute statement failed; routing to failure: org.apache.nifi.processor.exception.ProcessException: java.sql.SQLException: test execute statement failed
org.apache.nifi.processor.exception.ProcessException: java.sql.SQLException: test execute statement failed
	at org.apache.nifi.processors.standard.sql.RecordSqlWriter.writeResultSet(RecordSqlWriter.java:79)
	at org.apache.nifi.processors.standard.AbstractExecuteSQL.lambda$onTrigger$1(AbstractExecuteSQL.java:302)
	at org.apache.nifi.util.MockProcessSession.write(MockProcessSession.java:907)
	at org.apache.nifi.util.MockProcessSession.write(MockProcessSession.java:67)
	at org.apache.nifi.processors.standard.AbstractExecuteSQL.onTrigger(AbstractExecuteSQL.java:300)
	at org.apache.nifi.processor.AbstractProcessor.onTrigger(AbstractProcessor.java:27)
	at org.apache.nifi.util.StandardProcessorTestRunner$RunProcessor.call(StandardProcessorTestRunner.java:284)
	at org.apache.nifi.util.StandardProcessorTestRunner$RunProcessor.call(StandardProcessorTestRunner.java:278)
	at java.util.concurrent.FutureTask.run(FutureTask.java:266)
	at java.util.concurrent.ScheduledThreadPoolExecutor$ScheduledFutureTask.access$201(ScheduledThreadPoolExecutor.java:180)
	at java.util.concurrent.ScheduledThreadPoolExecutor$ScheduledFutureTask.run(ScheduledThreadPoolExecutor.java:293)
	at java.util.concurrent.ThreadPoolExecutor.runWorker(ThreadPoolExecutor.java:1149)
	at java.util.concurrent.ThreadPoolExecutor$Worker.run(ThreadPoolExecutor.java:624)
	at java.lang.Thread.run(Thread.java:750)
Caused by: java.sql.SQLException: test execute statement failed
	at org.apache.nifi.util.db.JdbcCommon.createSchema(JdbcCommon.java:497)
	at org.apache.nifi.processors.standard.sql.RecordSqlWriter.writeResultSet(RecordSqlWriter.java:71)
	... 13 more
]]></system-err>
  </testcase>
  <testcase name="testIncomingConnectionWithNoFlowFileAndNoQuery" classname="org.apache.nifi.processors.standard.TestExecuteSQLRecord" time="0.001"/>
  <testcase name="testPreQueryFail" classname="org.apache.nifi.processors.standard.TestExecuteSQLRecord" time="0.034">
    <system-err><![CDATA[[pool-1555-thread-1] ERROR org.apache.nifi.processors.standard.ExecuteSQLRecord - ExecuteSQLRecord[id=587bfc5e-bf37-45fb-9704-44af428d2679] Unable to execute SQL select query CALL SYSCS_UTIL.SYSCS_SET_RUNTIMESTATISTICS() for FlowFile[0,93367643540702.mockFlowFile,4B] due to java.sql.SQLSyntaxErrorException: 'SYSCS_UTIL.SYSCS_SET_RUNTIMESTATISTICS' is not recognized as a function or procedure.; routing to failure: java.sql.SQLSyntaxErrorException: 'SYSCS_UTIL.SYSCS_SET_RUNTIMESTATISTICS' is not recognized as a function or procedure.
java.sql.SQLSyntaxErrorException: 'SYSCS_UTIL.SYSCS_SET_RUNTIMESTATISTICS' is not recognized as a function or procedure.
	at org.apache.derby.impl.jdbc.SQLExceptionFactory.getSQLException(Unknown Source)
	at org.apache.derby.impl.jdbc.Util.generateCsSQLException(Unknown Source)
	at org.apache.derby.impl.jdbc.TransactionResourceImpl.wrapInSQLException(Unknown Source)
	at org.apache.derby.impl.jdbc.TransactionResourceImpl.handleException(Unknown Source)
	at org.apache.derby.impl.jdbc.EmbedConnection.handleException(Unknown Source)
	at org.apache.derby.impl.jdbc.ConnectionChild.handleException(Unknown Source)
	at org.apache.derby.impl.jdbc.EmbedStatement.execute(Unknown Source)
	at org.apache.derby.impl.jdbc.EmbedStatement.execute(Unknown Source)
	at org.apache.nifi.processors.standard.AbstractExecuteSQL.executeConfigStatements(AbstractExecuteSQL.java:464)
	at org.apache.nifi.processors.standard.AbstractExecuteSQL.onTrigger(AbstractExecuteSQL.java:252)
	at org.apache.nifi.processor.AbstractProcessor.onTrigger(AbstractProcessor.java:27)
	at org.apache.nifi.util.StandardProcessorTestRunner$RunProcessor.call(StandardProcessorTestRunner.java:284)
	at org.apache.nifi.util.StandardProcessorTestRunner$RunProcessor.call(StandardProcessorTestRunner.java:278)
	at java.util.concurrent.FutureTask.run(FutureTask.java:266)
	at java.util.concurrent.ScheduledThreadPoolExecutor$ScheduledFutureTask.access$201(ScheduledThreadPoolExecutor.java:180)
	at java.util.concurrent.ScheduledThreadPoolExecutor$ScheduledFutureTask.run(ScheduledThreadPoolExecutor.java:293)
	at java.util.concurrent.ThreadPoolExecutor.runWorker(ThreadPoolExecutor.java:1149)
	at java.util.concurrent.ThreadPoolExecutor$Worker.run(ThreadPoolExecutor.java:624)
	at java.lang.Thread.run(Thread.java:750)
Caused by: ERROR 42Y03: 'SYSCS_UTIL.SYSCS_SET_RUNTIMESTATISTICS' is not recognized as a function or procedure.
	at org.apache.derby.iapi.error.StandardException.newException(Unknown Source)
	at org.apache.derby.iapi.error.StandardException.newException(Unknown Source)
	at org.apache.derby.impl.sql.compile.StaticMethodCallNode.bindExpressionMinion(Unknown Source)
	at org.apache.derby.impl.sql.compile.StaticMethodCallNode.bindExpression(Unknown Source)
	at org.apache.derby.impl.sql.compile.JavaToSQLValueNode.bindExpression(Unknown Source)
	at org.apache.derby.impl.sql.compile.CallStatementNode.bindStatement(Unknown Source)
	at org.apache.derby.impl.sql.GenericStatement.prepMinion(Unknown Source)
	at org.apache.derby.impl.sql.GenericStatement.prepare(Unknown Source)
	at org.apache.derby.impl.sql.conn.GenericLanguageConnectionContext.prepareInternalStatement(Unknown Source)
	... 13 more
]]></system-err>
  </testcase>
  <testcase name="testIncomingConnectionWithNoFlowFile" classname="org.apache.nifi.processors.standard.TestExecuteSQLRecord" time="0.002"/>
  <testcase name="testWithOutputBatchingLastBatchFails" classname="org.apache.nifi.processors.standard.TestExecuteSQLRecord" time="0.047">
    <system-err><![CDATA[[pool-1557-thread-1] INFO org.apache.nifi.processors.standard.ExecuteSQLRecord - ExecuteSQLRecord[id=be5fd2f5-38c3-4ed1-a052-940347261f3f] FlowFile[1,93367690132221.mockFlowFile,40B] contains 5 records; transferring to 'success'
[pool-1557-thread-1] INFO org.apache.nifi.processors.standard.ExecuteSQLRecord - ExecuteSQLRecord[id=be5fd2f5-38c3-4ed1-a052-940347261f3f] FlowFile[2,93367690132221.mockFlowFile,40B] contains 5 records; transferring to 'success'
[pool-1557-thread-1] ERROR org.apache.nifi.processors.standard.ExecuteSQLRecord - ExecuteSQLRecord[id=be5fd2f5-38c3-4ed1-a052-940347261f3f] Unable to execute SQL select query SELECT ID, CAST(VAL1 AS INTEGER) AS TN FROM TEST_NULL_INT for FlowFile[0,93367690132221.mockFlowFile,57B] due to org.apache.nifi.processor.exception.ProcessException: java.io.IOException: java.io.IOException: Could not obtain next record from ResultSet; routing to failure: org.apache.nifi.processor.exception.ProcessException: java.io.IOException: java.io.IOException: Could not obtain next record from ResultSet
org.apache.nifi.processor.exception.ProcessException: java.io.IOException: java.io.IOException: Could not obtain next record from ResultSet
	at org.apache.nifi.processors.standard.AbstractExecuteSQL.lambda$onTrigger$1(AbstractExecuteSQL.java:304)
	at org.apache.nifi.util.MockProcessSession.write(MockProcessSession.java:907)
	at org.apache.nifi.util.MockProcessSession.write(MockProcessSession.java:67)
	at org.apache.nifi.processors.standard.AbstractExecuteSQL.onTrigger(AbstractExecuteSQL.java:300)
	at org.apache.nifi.processor.AbstractProcessor.onTrigger(AbstractProcessor.java:27)
	at org.apache.nifi.util.StandardProcessorTestRunner$RunProcessor.call(StandardProcessorTestRunner.java:284)
	at org.apache.nifi.util.StandardProcessorTestRunner$RunProcessor.call(StandardProcessorTestRunner.java:278)
	at java.util.concurrent.FutureTask.run(FutureTask.java:266)
	at java.util.concurrent.ScheduledThreadPoolExecutor$ScheduledFutureTask.access$201(ScheduledThreadPoolExecutor.java:180)
	at java.util.concurrent.ScheduledThreadPoolExecutor$ScheduledFutureTask.run(ScheduledThreadPoolExecutor.java:293)
	at java.util.concurrent.ThreadPoolExecutor.runWorker(ThreadPoolExecutor.java:1149)
	at java.util.concurrent.ThreadPoolExecutor$Worker.run(ThreadPoolExecutor.java:624)
	at java.lang.Thread.run(Thread.java:750)
Caused by: java.io.IOException: java.io.IOException: Could not obtain next record from ResultSet
	at org.apache.nifi.processors.standard.sql.RecordSqlWriter.writeResultSet(RecordSqlWriter.java:88)
	at org.apache.nifi.processors.standard.AbstractExecuteSQL.lambda$onTrigger$1(AbstractExecuteSQL.java:302)
	... 12 more
Caused by: java.io.IOException: Could not obtain next record from ResultSet
	at org.apache.nifi.processors.standard.sql.RecordSqlWriter$ResultSetRecordSetWithCallback.next(RecordSqlWriter.java:158)
	at org.apache.nifi.serialization.record.RecordSet$1.next(RecordSet.java:62)
	at org.apache.nifi.serialization.record.MockRecordWriter$1.write(MockRecordWriter.java:95)
	at org.apache.nifi.processors.standard.sql.RecordSqlWriter.writeResultSet(RecordSqlWriter.java:82)
	... 13 more
Caused by: java.sql.SQLDataException: Invalid character string format for type INTEGER.
	at org.apache.derby.impl.jdbc.SQLExceptionFactory.getSQLException(Unknown Source)
	at org.apache.derby.impl.jdbc.Util.generateCsSQLException(Unknown Source)
	at org.apache.derby.impl.jdbc.TransactionResourceImpl.wrapInSQLException(Unknown Source)
	at org.apache.derby.impl.jdbc.TransactionResourceImpl.handleException(Unknown Source)
	at org.apache.derby.impl.jdbc.EmbedConnection.handleException(Unknown Source)
	at org.apache.derby.impl.jdbc.ConnectionChild.handleException(Unknown Source)
	at org.apache.derby.impl.jdbc.EmbedResultSet.closeOnTransactionError(Unknown Source)
	at org.apache.derby.impl.jdbc.EmbedResultSet.movePosition(Unknown Source)
	at org.apache.derby.impl.jdbc.EmbedResultSet.next(Unknown Source)
	at org.apache.nifi.processors.standard.sql.RecordSqlWriter$ResultSetRecordSetWithCallback.next(RecordSqlWriter.java:152)
	... 16 more
Caused by: ERROR 22018: Invalid character string format for type INTEGER.
	at org.apache.derby.iapi.error.StandardException.newException(Unknown Source)
	at org.apache.derby.iapi.error.StandardException.newException(Unknown Source)
	at org.apache.derby.iapi.types.DataType.invalidFormat(Unknown Source)
	at org.apache.derby.iapi.types.DataType.setValue(Unknown Source)
	at org.apache.derby.exe.ac5760a98cx018fx36e4x28abx00000bfa74600.e0(Unknown Source)
	at org.apache.derby.impl.services.reflect.DirectCall.invoke(Unknown Source)
	at org.apache.derby.impl.sql.execute.ProjectRestrictResultSet.doProjection(Unknown Source)
	at org.apache.derby.impl.sql.execute.ProjectRestrictResultSet.getNextRowCore(Unknown Source)
	at org.apache.derby.impl.sql.execute.BasicNoPutResultSetImpl.getNextRow(Unknown Source)
	... 19 more
]]></system-err>
  </testcase>
  <testcase name="testNoIncomingConnectionAndNoQuery" classname="org.apache.nifi.processors.standard.TestExecuteSQLRecord" time="0.001"/>
</testsuite>