<?xml version="1.0" encoding="UTF-8"?>
<testsuite xmlns:xsi="http://www.w3.org/2001/XMLSchema-instance" xsi:noNamespaceSchemaLocation="https://maven.apache.org/surefire/maven-surefire-plugin/xsd/surefire-test-report-3.0.xsd" version="3.0" name="org.apache.nifi.processors.standard.TestReplaceText" time="0.179" tests="99" errors="0" skipped="0" failures="0">
  <properties>
    <property name="sun.desktop" value="gnome"/>
    <property name="awt.toolkit" value="sun.awt.X11.XToolkit"/>
    <property name="file.encoding.pkg" value="sun.io"/>
    <property name="java.specification.version" value="1.8"/>
    <property name="sun.cpu.isalist" value=""/>
    <property name="sun.jnu.encoding" value="UTF-8"/>
    <property name="java.class.path" value="/home/alex/Repositories/nifi/nifi-nar-bundles/nifi-standard-bundle/nifi-standard-processors/target/test-classes:/home/alex/Repositories/nifi/nifi-nar-bundles/nifi-standard-bundle/nifi-standard-processors/target/classes:/home/alex/.m2/repository/org/apache/ftpserver/ftpserver-core/1.1.1/ftpserver-core-1.1.1.jar:/home/alex/.m2/repository/org/apache/ftpserver/ftplet-api/1.1.1/ftplet-api-1.1.1.jar:/home/alex/.m2/repository/org/slf4j/slf4j-api/1.7.32/slf4j-api-1.7.32.jar:/home/alex/.m2/repository/org/apache/mina/mina-core/2.0.16/mina-core-2.0.16.jar:/home/alex/Repositories/nifi/nifi-api/target/classes:/home/alex/Repositories/nifi/nifi-commons/nifi-expression-language/target/classes:/home/alex/.m2/repository/org/antlr/antlr-runtime/3.5.2/antlr-runtime-3.5.2.jar:/home/alex/Repositories/nifi/nifi-commons/nifi-parameter/target/classes:/home/alex/Repositories/nifi/nifi-commons/nifi-uuid5/target/classes:/home/alex/.m2/repository/org/apache/commons/commons-text/1.8/commons-text-1.8.jar:/home/alex/Repositories/nifi/nifi-nar-bundles/nifi-extension-utils/nifi-processor-utils/target/classes:/home/alex/Repositories/nifi/nifi-commons/nifi-security-socket-ssl/target/classes:/home/alex/Repositories/nifi/nifi-nar-bundles/nifi-extension-utils/nifi-event-transport/target/classes:/home/alex/.m2/repository/io/netty/netty-handler/4.1.69.Final/netty-handler-4.1.69.Final.jar:/home/alex/.m2/repository/io/netty/netty-common/4.1.69.Final/netty-common-4.1.69.Final.jar:/home/alex/.m2/repository/io/netty/netty-resolver/4.1.69.Final/netty-resolver-4.1.69.Final.jar:/home/alex/.m2/repository/io/netty/netty-transport/4.1.69.Final/netty-transport-4.1.69.Final.jar:/home/alex/.m2/repository/io/netty/netty-codec/4.1.69.Final/netty-codec-4.1.69.Final.jar:/home/alex/Repositories/nifi/nifi-nar-bundles/nifi-extension-utils/nifi-syslog-utils/target/classes:/home/alex/.m2/repository/com/github/palindromicity/simple-syslog-5424/0.0.16/simple-syslog-5424-0.0.16.jar:/home/alex/.m2/repository/org/antlr/antlr4-runtime/4.7.2/antlr4-runtime-4.7.2.jar:/home/alex/Repositories/nifi/nifi-commons/nifi-utils/target/classes:/home/alex/Repositories/nifi/nifi-commons/nifi-record-path/target/classes:/home/alex/Repositories/nifi/nifi-commons/nifi-properties/target/classes:/home/alex/Repositories/nifi/nifi-commons/nifi-property-utils/target/classes:/home/alex/.m2/repository/com/github/ben-manes/caffeine/caffeine/2.8.1/caffeine-2.8.1.jar:/home/alex/Repositories/nifi/nifi-nar-bundles/nifi-standard-services/nifi-ssl-context-service-api/target/classes:/home/alex/Repositories/nifi/nifi-commons/nifi-security-utils-api/target/classes:/home/alex/Repositories/nifi/nifi-nar-bundles/nifi-standard-services/nifi-lookup-service-api/target/classes:/home/alex/Repositories/nifi/nifi-commons/nifi-flowfile-packager/target/classes:/home/alex/Repositories/nifi/nifi-nar-bundles/nifi-standard-services/nifi-distributed-cache-client-service-api/target/classes:/home/alex/Repositories/nifi/nifi-nar-bundles/nifi-standard-services/nifi-http-context-map-api/target/classes:/home/alex/Repositories/nifi/nifi-nar-bundles/nifi-standard-services/nifi-record-serialization-service-api/target/classes:/home/alex/Repositories/nifi/nifi-nar-bundles/nifi-standard-services/nifi-proxy-configuration-api/target/classes:/home/alex/Repositories/nifi/nifi-commons/nifi-record/target/classes:/home/alex/Repositories/nifi/nifi-nar-bundles/nifi-standard-services/nifi-record-sink-api/target/classes:/home/alex/.m2/repository/commons-io/commons-io/2.10.0/commons-io-2.10.0.jar:/home/alex/.m2/repository/javax/ws/rs/javax.ws.rs-api/2.1/javax.ws.rs-api-2.1.jar:/home/alex/.m2/repository/commons-net/commons-net/3.6/commons-net-3.6.jar:/home/alex/.m2/repository/org/apache/commons/commons-compress/1.21/commons-compress-1.21.jar:/home/alex/.m2/repository/org/apache/commons/commons-lang3/3.9/commons-lang3-3.9.jar:/home/alex/.m2/repository/org/bouncycastle/bcprov-jdk15on/1.69/bcprov-jdk15on-1.69.jar:/home/alex/.m2/repository/org/bouncycastle/bcpg-jdk15on/1.69/bcpg-jdk15on-1.69.jar:/home/alex/.m2/repository/org/bouncycastle/bcpkix-jdk15on/1.69/bcpkix-jdk15on-1.69.jar:/home/alex/.m2/repository/org/bouncycastle/bcutil-jdk15on/1.69/bcutil-jdk15on-1.69.jar:/home/alex/.m2/repository/commons-codec/commons-codec/1.14/commons-codec-1.14.jar:/home/alex/Repositories/nifi/nifi-commons/nifi-security-utils/target/classes:/home/alex/Repositories/nifi/nifi-commons/nifi-security-kms/target/classes:/home/alex/.m2/repository/org/apache/commons/commons-configuration2/2.7/commons-configuration2-2.7.jar:/home/alex/.m2/repository/com/hierynomus/sshj/0.32.0/sshj-0.32.0.jar:/home/alex/.m2/repository/com/jcraft/jzlib/1.1.3/jzlib-1.1.3.jar:/home/alex/.m2/repository/com/hierynomus/asn-one/0.6.0/asn-one-0.6.0.jar:/home/alex/.m2/repository/net/i2p/crypto/eddsa/0.3.0/eddsa-0.3.0.jar:/home/alex/.m2/repository/org/eclipse/jetty/jetty-server/9.4.44.v20210927/jetty-server-9.4.44.v20210927.jar:/home/alex/.m2/repository/javax/servlet/javax.servlet-api/3.1.0/javax.servlet-api-3.1.0.jar:/home/alex/.m2/repository/org/eclipse/jetty/jetty-http/9.4.44.v20210927/jetty-http-9.4.44.v20210927.jar:/home/alex/.m2/repository/org/eclipse/jetty/jetty-util/9.4.44.v20210927/jetty-util-9.4.44.v20210927.jar:/home/alex/.m2/repository/org/eclipse/jetty/jetty-io/9.4.44.v20210927/jetty-io-9.4.44.v20210927.jar:/home/alex/.m2/repository/org/eclipse/jetty/jetty-servlet/9.4.44.v20210927/jetty-servlet-9.4.44.v20210927.jar:/home/alex/.m2/repository/org/eclipse/jetty/jetty-security/9.4.44.v20210927/jetty-security-9.4.44.v20210927.jar:/home/alex/.m2/repository/org/eclipse/jetty/jetty-util-ajax/9.4.44.v20210927/jetty-util-ajax-9.4.44.v20210927.jar:/home/alex/.m2/repository/org/apache/httpcomponents/httpclient/4.5.5/httpclient-4.5.5.jar:/home/alex/.m2/repository/commons-logging/commons-logging/1.2/commons-logging-1.2.jar:/home/alex/.m2/repository/org/apache/httpcomponents/httpcore/4.4.9/httpcore-4.4.9.jar:/home/alex/.m2/repository/jakarta/activation/jakarta.activation-api/2.0.1/jakarta.activation-api-2.0.1.jar:/home/alex/.m2/repository/com/sun/activation/jakarta.activation/2.0.1/jakarta.activation-2.0.1.jar:/home/alex/.m2/repository/jakarta/mail/jakarta.mail-api/2.0.1/jakarta.mail-api-2.0.1.jar:/home/alex/.m2/repository/com/sun/mail/jakarta.mail/2.0.1/jakarta.mail-2.0.1.jar:/home/alex/.m2/repository/com/github/jponge/lzma-java/1.3/lzma-java-1.3.jar:/home/alex/.m2/repository/org/tukaani/xz/1.8/xz-1.8.jar:/home/alex/.m2/repository/net/sf/saxon/Saxon-HE/10.6/Saxon-HE-10.6.jar:/home/alex/Repositories/nifi/nifi-commons/nifi-socket-utils/target/classes:/home/alex/Repositories/nifi/nifi-commons/nifi-logging-utils/target/classes:/home/alex/Repositories/nifi/nifi-nar-bundles/nifi-standard-services/nifi-load-distribution-service-api/target/classes:/home/alex/.m2/repository/javax/jms/javax.jms-api/2.0.1/javax.jms-api-2.0.1.jar:/home/alex/.m2/repository/org/apache/activemq/activemq-client/5.15.15/activemq-client-5.15.15.jar:/home/alex/.m2/repository/org/apache/geronimo/specs/geronimo-jms_1.1_spec/1.1.1/geronimo-jms_1.1_spec-1.1.1.jar:/home/alex/.m2/repository/org/fusesource/hawtbuf/hawtbuf/1.11/hawtbuf-1.11.jar:/home/alex/.m2/repository/org/apache/geronimo/specs/geronimo-j2ee-management_1.1_spec/1.0.1/geronimo-j2ee-management_1.1_spec-1.0.1.jar:/home/alex/.m2/repository/com/jayway/jsonpath/json-path/2.6.0/json-path-2.6.0.jar:/home/alex/.m2/repository/net/minidev/json-smart/2.4.7/json-smart-2.4.7.jar:/home/alex/.m2/repository/net/minidev/accessors-smart/2.4.7/accessors-smart-2.4.7.jar:/home/alex/.m2/repository/org/ow2/asm/asm/9.1/asm-9.1.jar:/home/alex/.m2/repository/org/apache/tika/tika-core/1.26/tika-core-1.26.jar:/home/alex/.m2/repository/com/fasterxml/jackson/core/jackson-databind/2.12.3/jackson-databind-2.12.3.jar:/home/alex/.m2/repository/com/fasterxml/jackson/core/jackson-annotations/2.12.3/jackson-annotations-2.12.3.jar:/home/alex/.m2/repository/com/fasterxml/jackson/core/jackson-core/2.12.3/jackson-core-2.12.3.jar:/home/alex/Repositories/nifi/nifi-nar-bundles/nifi-extension-utils/nifi-record-utils/nifi-avro-record-utils/target/classes:/home/alex/Repositories/nifi/nifi-nar-bundles/nifi-extension-utils/nifi-record-utils/nifi-standard-record-utils/target/classes:/home/alex/.m2/repository/org/apache/avro/avro/1.8.1/avro-1.8.1.jar:/home/alex/.m2/repository/org/codehaus/jackson/jackson-core-asl/1.9.13/jackson-core-asl-1.9.13.jar:/home/alex/.m2/repository/org/codehaus/jackson/jackson-mapper-asl/1.9.13/jackson-mapper-asl-1.9.13.jar:/home/alex/.m2/repository/com/thoughtworks/paranamer/paranamer/2.7/paranamer-2.7.jar:/home/alex/Repositories/nifi/nifi-nar-bundles/nifi-standard-services/nifi-dbcp-service-api/target/classes:/home/alex/.m2/repository/com/squareup/okhttp3/okhttp/4.9.2/okhttp-4.9.2.jar:/home/alex/.m2/repository/com/squareup/okio/okio/2.8.0/okio-2.8.0.jar:/home/alex/.m2/repository/org/jetbrains/kotlin/kotlin-stdlib-common/1.4.0/kotlin-stdlib-common-1.4.0.jar:/home/alex/.m2/repository/org/jetbrains/kotlin/kotlin-stdlib/1.4.10/kotlin-stdlib-1.4.10.jar:/home/alex/.m2/repository/org/jetbrains/annotations/13.0/annotations-13.0.jar:/home/alex/.m2/repository/io/github/rburgst/okhttp-digest/2.5/okhttp-digest-2.5.jar:/home/alex/.m2/repository/at/favre/lib/bcrypt/0.9.0/bcrypt-0.9.0.jar:/home/alex/.m2/repository/at/favre/lib/bytes/1.3.0/bytes-1.3.0.jar:/home/alex/.m2/repository/com/google/guava/guava/28.0-jre/guava-28.0-jre.jar:/home/alex/.m2/repository/com/google/guava/failureaccess/1.0.1/failureaccess-1.0.1.jar:/home/alex/.m2/repository/com/google/guava/listenablefuture/9999.0-empty-to-avoid-conflict-with-guava/listenablefuture-9999.0-empty-to-avoid-conflict-with-guava.jar:/home/alex/.m2/repository/com/google/code/findbugs/jsr305/3.0.2/jsr305-3.0.2.jar:/home/alex/.m2/repository/org/checkerframework/checker-qual/2.8.1/checker-qual-2.8.1.jar:/home/alex/.m2/repository/com/google/errorprone/error_prone_annotations/2.3.2/error_prone_annotations-2.3.2.jar:/home/alex/.m2/repository/com/google/j2objc/j2objc-annotations/1.3/j2objc-annotations-1.3.jar:/home/alex/.m2/repository/org/codehaus/mojo/animal-sniffer-annotations/1.17/animal-sniffer-annotations-1.17.jar:/home/alex/Repositories/nifi/nifi-mock/target/classes:/home/alex/Repositories/nifi/nifi-framework-api/target/classes:/home/alex/Repositories/nifi/nifi-nar-bundles/nifi-framework-bundle/nifi-framework/nifi-framework-core-api/target/classes:/home/alex/Repositories/nifi/nifi-nar-bundles/nifi-framework-bundle/nifi-framework/nifi-framework-nar-utils/target/classes:/home/alex/Repositories/nifi/nifi-nar-bundles/nifi-framework-bundle/nifi-framework/nifi-client-dto/target/classes:/home/alex/.m2/repository/io/swagger/swagger-annotations/1.6.0/swagger-annotations-1.6.0.jar:/home/alex/Repositories/nifi/nifi-commons/nifi-site-to-site-client/target/classes:/home/alex/.m2/repository/org/apache/httpcomponents/httpasyncclient/4.1.4/httpasyncclient-4.1.4.jar:/home/alex/.m2/repository/org/apache/httpcomponents/httpcore-nio/4.4.10/httpcore-nio-4.4.10.jar:/home/alex/Repositories/nifi/nifi-nar-bundles/nifi-framework-bundle/nifi-framework/nifi-framework-authorization/target/classes:/home/alex/Repositories/nifi/nifi-registry/nifi-registry-core/nifi-registry-data-model/target/classes:/home/alex/Repositories/nifi/nifi-registry/nifi-registry-core/nifi-registry-revision/nifi-registry-revision-entity-model/target/classes:/home/alex/Repositories/nifi/nifi-registry/nifi-registry-core/nifi-registry-client/target/classes:/home/alex/Repositories/nifi/nifi-registry/nifi-registry-core/nifi-registry-security-utils/target/classes:/home/alex/.m2/repository/org/glassfish/jersey/core/jersey-client/2.33/jersey-client-2.33.jar:/home/alex/.m2/repository/jakarta/ws/rs/jakarta.ws.rs-api/2.1.6/jakarta.ws.rs-api-2.1.6.jar:/home/alex/.m2/repository/org/glassfish/hk2/external/jakarta.inject/2.6.1/jakarta.inject-2.6.1.jar:/home/alex/.m2/repository/org/glassfish/jersey/media/jersey-media-json-jackson/2.33/jersey-media-json-jackson-2.33.jar:/home/alex/.m2/repository/org/glassfish/jersey/ext/jersey-entity-filtering/2.33/jersey-entity-filtering-2.33.jar:/home/alex/.m2/repository/org/glassfish/jersey/inject/jersey-hk2/2.33/jersey-hk2-2.33.jar:/home/alex/.m2/repository/org/glassfish/hk2/hk2-locator/2.6.1/hk2-locator-2.6.1.jar:/home/alex/.m2/repository/org/glassfish/hk2/external/aopalliance-repackaged/2.6.1/aopalliance-repackaged-2.6.1.jar:/home/alex/.m2/repository/org/glassfish/hk2/hk2-api/2.6.1/hk2-api-2.6.1.jar:/home/alex/.m2/repository/org/glassfish/hk2/hk2-utils/2.6.1/hk2-utils-2.6.1.jar:/home/alex/.m2/repository/org/javassist/javassist/3.25.0-GA/javassist-3.25.0-GA.jar:/home/alex/.m2/repository/org/glassfish/jersey/core/jersey-common/2.33/jersey-common-2.33.jar:/home/alex/.m2/repository/jakarta/annotation/jakarta.annotation-api/1.3.5/jakarta.annotation-api-1.3.5.jar:/home/alex/.m2/repository/org/glassfish/hk2/osgi-resource-locator/1.0.3/osgi-resource-locator-1.0.3.jar:/home/alex/.m2/repository/org/glassfish/jersey/media/jersey-media-multipart/2.33/jersey-media-multipart-2.33.jar:/home/alex/.m2/repository/org/jvnet/mimepull/mimepull/1.9.13/mimepull-1.9.13.jar:/home/alex/Repositories/nifi/nifi-commons/nifi-data-provenance-utils/target/classes:/home/alex/Repositories/nifi/nifi-nar-bundles/nifi-standard-services/nifi-distributed-cache-services-bundle/nifi-distributed-cache-client-service/target/classes:/home/alex/Repositories/nifi/nifi-nar-bundles/nifi-standard-services/nifi-distributed-cache-services-bundle/nifi-distributed-cache-protocol/target/classes:/home/alex/.m2/repository/io/netty/netty-buffer/4.1.69.Final/netty-buffer-4.1.69.Final.jar:/home/alex/.m2/repository/com/google/http-client/google-http-client/1.28.0/google-http-client-1.28.0.jar:/home/alex/.m2/repository/io/opencensus/opencensus-api/0.18.0/opencensus-api-0.18.0.jar:/home/alex/.m2/repository/io/grpc/grpc-context/1.14.0/grpc-context-1.14.0.jar:/home/alex/.m2/repository/io/opencensus/opencensus-contrib-http-util/0.18.0/opencensus-contrib-http-util-0.18.0.jar:/home/alex/.m2/repository/org/apache/activemq/activemq-broker/5.15.14/activemq-broker-5.15.14.jar:/home/alex/.m2/repository/org/apache/activemq/activemq-openwire-legacy/5.15.14/activemq-openwire-legacy-5.15.14.jar:/home/alex/Repositories/nifi/nifi-nar-bundles/nifi-standard-services/nifi-ssl-context-bundle/nifi-ssl-context-service/target/classes:/home/alex/Repositories/nifi/nifi-nar-bundles/nifi-framework-bundle/nifi-framework/nifi-standard-prioritizers/target/classes:/home/alex/Repositories/nifi/nifi-nar-bundles/nifi-extension-utils/nifi-record-utils/nifi-mock-record-utils/target/classes:/home/alex/Repositories/nifi/nifi-nar-bundles/nifi-standard-services/nifi-record-serialization-services-bundle/nifi-record-serialization-services/target/classes:/home/alex/.m2/repository/org/apache/commons/commons-csv/1.8/commons-csv-1.8.jar:/home/alex/.m2/repository/com/fasterxml/jackson/dataformat/jackson-dataformat-csv/2.12.3/jackson-dataformat-csv-2.12.3.jar:/home/alex/.m2/repository/net/java/dev/stax-utils/stax-utils/20070216/stax-utils-20070216.jar:/home/alex/Repositories/nifi/nifi-nar-bundles/nifi-standard-services/nifi-lookup-services-bundle/nifi-lookup-services/target/classes:/home/alex/.m2/repository/commons-beanutils/commons-beanutils/1.9.4/commons-beanutils-1.9.4.jar:/home/alex/.m2/repository/commons-collections/commons-collections/3.2.2/commons-collections-3.2.2.jar:/home/alex/.m2/repository/com/maxmind/geoip2/geoip2/2.12.0/geoip2-2.12.0.jar:/home/alex/.m2/repository/com/maxmind/db/maxmind-db/1.2.2/maxmind-db-1.2.2.jar:/home/alex/.m2/repository/org/apache/derby/derby/10.14.2.0/derby-10.14.2.0.jar:/home/alex/.m2/repository/org/xerial/snappy/snappy-java/1.1.7.3/snappy-java-1.1.7.3.jar:/home/alex/.m2/repository/net/lingala/zip4j/zip4j/2.8.0/zip4j-2.8.0.jar:/home/alex/.m2/repository/com/h2database/h2/1.4.187/h2-1.4.187.jar:/home/alex/.m2/repository/org/mockftpserver/MockFtpServer/2.7.1/MockFtpServer-2.7.1.jar:/home/alex/.m2/repository/org/apache/sshd/sshd-core/1.7.0/sshd-core-1.7.0.jar:/home/alex/.m2/repository/com/bazaarvoice/jolt/jolt-core/0.1.1/jolt-core-0.1.1.jar:/home/alex/.m2/repository/javax/inject/javax.inject/1/javax.inject-1.jar:/home/alex/.m2/repository/com/bazaarvoice/jolt/json-utils/0.1.1/json-utils-0.1.1.jar:/home/alex/Repositories/nifi/nifi-nar-bundles/nifi-standard-bundle/nifi-standard-utils/target/classes:/home/alex/.m2/repository/net/sf/supercsv/super-csv/2.4.0/super-csv-2.4.0.jar:/home/alex/.m2/repository/com/fluenda/parcefone/2.1.0/parcefone-2.1.0.jar:/home/alex/.m2/repository/javax/validation/validation-api/1.1.0.Final/validation-api-1.1.0.Final.jar:/home/alex/.m2/repository/javax/el/javax.el-api/3.0.0/javax.el-api-3.0.0.jar:/home/alex/.m2/repository/com/github/wnameless/json/json-flattener/0.12.0/json-flattener-0.12.0.jar:/home/alex/.m2/repository/com/github/wnameless/json/json-base/2.0.0/json-base-2.0.0.jar:/home/alex/.m2/repository/org/apache/bval/bval-jsr/1.1.2/bval-jsr-1.1.2.jar:/home/alex/.m2/repository/org/apache/bval/bval-core/1.1.2/bval-core-1.1.2.jar:/home/alex/.m2/repository/io/krakens/java-grok/0.1.9/java-grok-0.1.9.jar:/home/alex/.m2/repository/org/apache/calcite/calcite-core/1.27.0/calcite-core-1.27.0.jar:/home/alex/.m2/repository/org/apache/calcite/calcite-linq4j/1.27.0/calcite-linq4j-1.27.0.jar:/home/alex/.m2/repository/com/esri/geometry/esri-geometry-api/2.2.0/esri-geometry-api-2.2.0.jar:/home/alex/.m2/repository/org/apache/calcite/avatica/avatica-core/1.18.0/avatica-core-1.18.0.jar:/home/alex/.m2/repository/org/apache/calcite/avatica/avatica-metrics/1.18.0/avatica-metrics-1.18.0.jar:/home/alex/.m2/repository/com/google/protobuf/protobuf-java/3.6.1/protobuf-java-3.6.1.jar:/home/alex/.m2/repository/org/apiguardian/apiguardian-api/1.1.0/apiguardian-api-1.1.0.jar:/home/alex/.m2/repository/com/fasterxml/jackson/dataformat/jackson-dataformat-yaml/2.10.0/jackson-dataformat-yaml-2.10.0.jar:/home/alex/.m2/repository/org/yaml/snakeyaml/1.29/snakeyaml-1.29.jar:/home/alex/.m2/repository/com/google/uzaygezen/uzaygezen-core/0.2/uzaygezen-core-0.2.jar:/home/alex/.m2/repository/com/yahoo/datasketches/sketches-core/0.9.0/sketches-core-0.9.0.jar:/home/alex/.m2/repository/com/yahoo/datasketches/memory/0.9.0/memory-0.9.0.jar:/home/alex/.m2/repository/net/hydromatic/aggdesigner-algorithm/6.0/aggdesigner-algorithm-6.0.jar:/home/alex/.m2/repository/commons-lang/commons-lang/2.4/commons-lang-2.4.jar:/home/alex/.m2/repository/org/apache/commons/commons-dbcp2/2.6.0/commons-dbcp2-2.6.0.jar:/home/alex/.m2/repository/org/apache/commons/commons-pool2/2.6.1/commons-pool2-2.6.1.jar:/home/alex/.m2/repository/org/codehaus/janino/commons-compiler/3.0.11/commons-compiler-3.0.11.jar:/home/alex/.m2/repository/org/codehaus/janino/janino/3.0.11/janino-3.0.11.jar:/home/alex/Repositories/nifi/nifi-nar-bundles/nifi-standard-services/nifi-schema-registry-service-api/target/classes:/home/alex/Repositories/nifi/nifi-nar-bundles/nifi-extension-utils/nifi-database-utils/target/classes:/home/alex/Repositories/nifi/nifi-nar-bundles/nifi-standard-bundle/nifi-standard-web-test-utils/target/classes:/home/alex/.m2/repository/com/github/stefanbirkner/fake-sftp-server-rule/2.0.1/fake-sftp-server-rule-2.0.1.jar:/home/alex/.m2/repository/com/github/marschall/memoryfilesystem/2.8.0/memoryfilesystem-2.8.0.jar:/home/alex/.m2/repository/junit/junit/4.13.2/junit-4.13.2.jar:/home/alex/.m2/repository/org/hamcrest/hamcrest-core/1.3/hamcrest-core-1.3.jar:/home/alex/Repositories/nifi/nifi-nar-bundles/nifi-extension-utils/nifi-database-test-utils/target/classes:/home/alex/.m2/repository/org/codehaus/groovy/groovy-json/2.5.14/groovy-json-2.5.14.jar:/home/alex/.m2/repository/org/codehaus/groovy/groovy/2.5.14/groovy-2.5.14.jar:/home/alex/.m2/repository/org/codehaus/groovy/groovy-servlet/2.5.14/groovy-servlet-2.5.14.jar:/home/alex/.m2/repository/org/codehaus/groovy/groovy-templates/2.5.14/groovy-templates-2.5.14.jar:/home/alex/.m2/repository/org/codehaus/groovy/groovy-xml/2.5.14/groovy-xml-2.5.14.jar:/home/alex/.m2/repository/org/hamcrest/hamcrest-all/1.3/hamcrest-all-1.3.jar:/home/alex/.m2/repository/com/squareup/okhttp3/mockwebserver/4.9.2/mockwebserver-4.9.2.jar:/home/alex/.m2/repository/org/jetbrains/kotlin/kotlin-stdlib-jdk8/1.4.10/kotlin-stdlib-jdk8-1.4.10.jar:/home/alex/.m2/repository/org/jetbrains/kotlin/kotlin-stdlib-jdk7/1.4.10/kotlin-stdlib-jdk7-1.4.10.jar:/home/alex/.m2/repository/org/mockito/mockito-inline/3.12.4/mockito-inline-3.12.4.jar:/home/alex/.m2/repository/org/junit/jupiter/junit-jupiter-api/5.7.2/junit-jupiter-api-5.7.2.jar:/home/alex/.m2/repository/org/opentest4j/opentest4j/1.2.0/opentest4j-1.2.0.jar:/home/alex/.m2/repository/org/junit/platform/junit-platform-commons/1.7.2/junit-platform-commons-1.7.2.jar:/home/alex/.m2/repository/org/junit/jupiter/junit-jupiter-engine/5.7.2/junit-jupiter-engine-5.7.2.jar:/home/alex/.m2/repository/org/junit/platform/junit-platform-engine/1.7.2/junit-platform-engine-1.7.2.jar:/home/alex/.m2/repository/org/junit/vintage/junit-vintage-engine/5.7.2/junit-vintage-engine-5.7.2.jar:/home/alex/.m2/repository/org/junit/jupiter/junit-jupiter-params/5.7.2/junit-jupiter-params-5.7.2.jar:/home/alex/.m2/repository/org/mockito/mockito-core/3.11.2/mockito-core-3.11.2.jar:/home/alex/.m2/repository/net/bytebuddy/byte-buddy/1.11.3/byte-buddy-1.11.3.jar:/home/alex/.m2/repository/net/bytebuddy/byte-buddy-agent/1.11.3/byte-buddy-agent-1.11.3.jar:/home/alex/.m2/repository/org/objenesis/objenesis/3.2/objenesis-3.2.jar:/home/alex/.m2/repository/org/mockito/mockito-junit-jupiter/3.11.2/mockito-junit-jupiter-3.11.2.jar:/home/alex/.m2/repository/org/slf4j/slf4j-simple/1.7.32/slf4j-simple-1.7.32.jar:/home/alex/.m2/repository/org/codehaus/groovy/groovy-test/2.5.14/groovy-test-2.5.14.jar:"/>
    <property name="java.vm.vendor" value="Private Build"/>
    <property name="sun.arch.data.model" value="64"/>
    <property name="java.vendor.url" value="http://java.oracle.com/"/>
    <property name="user.timezone" value="Europe/Lisbon"/>
    <property name="java.vm.specification.version" value="1.8"/>
    <property name="os.name" value="Linux"/>
    <property name="user.country" value="US"/>
    <property name="sun.java.launcher" value="SUN_STANDARD"/>
    <property name="sun.boot.library.path" value="/usr/lib/jvm/java-8-openjdk-amd64/jre/lib/amd64"/>
    <property name="sun.java.command" value="/home/alex/Repositories/nifi/nifi-nar-bundles/nifi-standard-bundle/nifi-standard-processors/target/surefire/surefirebooter262180563015504354.jar /home/alex/Repositories/nifi/nifi-nar-bundles/nifi-standard-bundle/nifi-standard-processors/target/surefire 2024-05-02T02-13-54_999-jvmRun1 surefire7006267633466184684tmp surefire_695365209324004685157tmp"/>
    <property name="surefire.test.class.path" value="/home/alex/Repositories/nifi/nifi-nar-bundles/nifi-standard-bundle/nifi-standard-processors/target/test-classes:/home/alex/Repositories/nifi/nifi-nar-bundles/nifi-standard-bundle/nifi-standard-processors/target/classes:/home/alex/.m2/repository/org/apache/ftpserver/ftpserver-core/1.1.1/ftpserver-core-1.1.1.jar:/home/alex/.m2/repository/org/apache/ftpserver/ftplet-api/1.1.1/ftplet-api-1.1.1.jar:/home/alex/.m2/repository/org/slf4j/slf4j-api/1.7.32/slf4j-api-1.7.32.jar:/home/alex/.m2/repository/org/apache/mina/mina-core/2.0.16/mina-core-2.0.16.jar:/home/alex/Repositories/nifi/nifi-api/target/classes:/home/alex/Repositories/nifi/nifi-commons/nifi-expression-language/target/classes:/home/alex/.m2/repository/org/antlr/antlr-runtime/3.5.2/antlr-runtime-3.5.2.jar:/home/alex/Repositories/nifi/nifi-commons/nifi-parameter/target/classes:/home/alex/Repositories/nifi/nifi-commons/nifi-uuid5/target/classes:/home/alex/.m2/repository/org/apache/commons/commons-text/1.8/commons-text-1.8.jar:/home/alex/Repositories/nifi/nifi-nar-bundles/nifi-extension-utils/nifi-processor-utils/target/classes:/home/alex/Repositories/nifi/nifi-commons/nifi-security-socket-ssl/target/classes:/home/alex/Repositories/nifi/nifi-nar-bundles/nifi-extension-utils/nifi-event-transport/target/classes:/home/alex/.m2/repository/io/netty/netty-handler/4.1.69.Final/netty-handler-4.1.69.Final.jar:/home/alex/.m2/repository/io/netty/netty-common/4.1.69.Final/netty-common-4.1.69.Final.jar:/home/alex/.m2/repository/io/netty/netty-resolver/4.1.69.Final/netty-resolver-4.1.69.Final.jar:/home/alex/.m2/repository/io/netty/netty-transport/4.1.69.Final/netty-transport-4.1.69.Final.jar:/home/alex/.m2/repository/io/netty/netty-codec/4.1.69.Final/netty-codec-4.1.69.Final.jar:/home/alex/Repositories/nifi/nifi-nar-bundles/nifi-extension-utils/nifi-syslog-utils/target/classes:/home/alex/.m2/repository/com/github/palindromicity/simple-syslog-5424/0.0.16/simple-syslog-5424-0.0.16.jar:/home/alex/.m2/repository/org/antlr/antlr4-runtime/4.7.2/antlr4-runtime-4.7.2.jar:/home/alex/Repositories/nifi/nifi-commons/nifi-utils/target/classes:/home/alex/Repositories/nifi/nifi-commons/nifi-record-path/target/classes:/home/alex/Repositories/nifi/nifi-commons/nifi-properties/target/classes:/home/alex/Repositories/nifi/nifi-commons/nifi-property-utils/target/classes:/home/alex/.m2/repository/com/github/ben-manes/caffeine/caffeine/2.8.1/caffeine-2.8.1.jar:/home/alex/Repositories/nifi/nifi-nar-bundles/nifi-standard-services/nifi-ssl-context-service-api/target/classes:/home/alex/Repositories/nifi/nifi-commons/nifi-security-utils-api/target/classes:/home/alex/Repositories/nifi/nifi-nar-bundles/nifi-standard-services/nifi-lookup-service-api/target/classes:/home/alex/Repositories/nifi/nifi-commons/nifi-flowfile-packager/target/classes:/home/alex/Repositories/nifi/nifi-nar-bundles/nifi-standard-services/nifi-distributed-cache-client-service-api/target/classes:/home/alex/Repositories/nifi/nifi-nar-bundles/nifi-standard-services/nifi-http-context-map-api/target/classes:/home/alex/Repositories/nifi/nifi-nar-bundles/nifi-standard-services/nifi-record-serialization-service-api/target/classes:/home/alex/Repositories/nifi/nifi-nar-bundles/nifi-standard-services/nifi-proxy-configuration-api/target/classes:/home/alex/Repositories/nifi/nifi-commons/nifi-record/target/classes:/home/alex/Repositories/nifi/nifi-nar-bundles/nifi-standard-services/nifi-record-sink-api/target/classes:/home/alex/.m2/repository/commons-io/commons-io/2.10.0/commons-io-2.10.0.jar:/home/alex/.m2/repository/javax/ws/rs/javax.ws.rs-api/2.1/javax.ws.rs-api-2.1.jar:/home/alex/.m2/repository/commons-net/commons-net/3.6/commons-net-3.6.jar:/home/alex/.m2/repository/org/apache/commons/commons-compress/1.21/commons-compress-1.21.jar:/home/alex/.m2/repository/org/apache/commons/commons-lang3/3.9/commons-lang3-3.9.jar:/home/alex/.m2/repository/org/bouncycastle/bcprov-jdk15on/1.69/bcprov-jdk15on-1.69.jar:/home/alex/.m2/repository/org/bouncycastle/bcpg-jdk15on/1.69/bcpg-jdk15on-1.69.jar:/home/alex/.m2/repository/org/bouncycastle/bcpkix-jdk15on/1.69/bcpkix-jdk15on-1.69.jar:/home/alex/.m2/repository/org/bouncycastle/bcutil-jdk15on/1.69/bcutil-jdk15on-1.69.jar:/home/alex/.m2/repository/commons-codec/commons-codec/1.14/commons-codec-1.14.jar:/home/alex/Repositories/nifi/nifi-commons/nifi-security-utils/target/classes:/home/alex/Repositories/nifi/nifi-commons/nifi-security-kms/target/classes:/home/alex/.m2/repository/org/apache/commons/commons-configuration2/2.7/commons-configuration2-2.7.jar:/home/alex/.m2/repository/com/hierynomus/sshj/0.32.0/sshj-0.32.0.jar:/home/alex/.m2/repository/com/jcraft/jzlib/1.1.3/jzlib-1.1.3.jar:/home/alex/.m2/repository/com/hierynomus/asn-one/0.6.0/asn-one-0.6.0.jar:/home/alex/.m2/repository/net/i2p/crypto/eddsa/0.3.0/eddsa-0.3.0.jar:/home/alex/.m2/repository/org/eclipse/jetty/jetty-server/9.4.44.v20210927/jetty-server-9.4.44.v20210927.jar:/home/alex/.m2/repository/javax/servlet/javax.servlet-api/3.1.0/javax.servlet-api-3.1.0.jar:/home/alex/.m2/repository/org/eclipse/jetty/jetty-http/9.4.44.v20210927/jetty-http-9.4.44.v20210927.jar:/home/alex/.m2/repository/org/eclipse/jetty/jetty-util/9.4.44.v20210927/jetty-util-9.4.44.v20210927.jar:/home/alex/.m2/repository/org/eclipse/jetty/jetty-io/9.4.44.v20210927/jetty-io-9.4.44.v20210927.jar:/home/alex/.m2/repository/org/eclipse/jetty/jetty-servlet/9.4.44.v20210927/jetty-servlet-9.4.44.v20210927.jar:/home/alex/.m2/repository/org/eclipse/jetty/jetty-security/9.4.44.v20210927/jetty-security-9.4.44.v20210927.jar:/home/alex/.m2/repository/org/eclipse/jetty/jetty-util-ajax/9.4.44.v20210927/jetty-util-ajax-9.4.44.v20210927.jar:/home/alex/.m2/repository/org/apache/httpcomponents/httpclient/4.5.5/httpclient-4.5.5.jar:/home/alex/.m2/repository/commons-logging/commons-logging/1.2/commons-logging-1.2.jar:/home/alex/.m2/repository/org/apache/httpcomponents/httpcore/4.4.9/httpcore-4.4.9.jar:/home/alex/.m2/repository/jakarta/activation/jakarta.activation-api/2.0.1/jakarta.activation-api-2.0.1.jar:/home/alex/.m2/repository/com/sun/activation/jakarta.activation/2.0.1/jakarta.activation-2.0.1.jar:/home/alex/.m2/repository/jakarta/mail/jakarta.mail-api/2.0.1/jakarta.mail-api-2.0.1.jar:/home/alex/.m2/repository/com/sun/mail/jakarta.mail/2.0.1/jakarta.mail-2.0.1.jar:/home/alex/.m2/repository/com/github/jponge/lzma-java/1.3/lzma-java-1.3.jar:/home/alex/.m2/repository/org/tukaani/xz/1.8/xz-1.8.jar:/home/alex/.m2/repository/net/sf/saxon/Saxon-HE/10.6/Saxon-HE-10.6.jar:/home/alex/Repositories/nifi/nifi-commons/nifi-socket-utils/target/classes:/home/alex/Repositories/nifi/nifi-commons/nifi-logging-utils/target/classes:/home/alex/Repositories/nifi/nifi-nar-bundles/nifi-standard-services/nifi-load-distribution-service-api/target/classes:/home/alex/.m2/repository/javax/jms/javax.jms-api/2.0.1/javax.jms-api-2.0.1.jar:/home/alex/.m2/repository/org/apache/activemq/activemq-client/5.15.15/activemq-client-5.15.15.jar:/home/alex/.m2/repository/org/apache/geronimo/specs/geronimo-jms_1.1_spec/1.1.1/geronimo-jms_1.1_spec-1.1.1.jar:/home/alex/.m2/repository/org/fusesource/hawtbuf/hawtbuf/1.11/hawtbuf-1.11.jar:/home/alex/.m2/repository/org/apache/geronimo/specs/geronimo-j2ee-management_1.1_spec/1.0.1/geronimo-j2ee-management_1.1_spec-1.0.1.jar:/home/alex/.m2/repository/com/jayway/jsonpath/json-path/2.6.0/json-path-2.6.0.jar:/home/alex/.m2/repository/net/minidev/json-smart/2.4.7/json-smart-2.4.7.jar:/home/alex/.m2/repository/net/minidev/accessors-smart/2.4.7/accessors-smart-2.4.7.jar:/home/alex/.m2/repository/org/ow2/asm/asm/9.1/asm-9.1.jar:/home/alex/.m2/repository/org/apache/tika/tika-core/1.26/tika-core-1.26.jar:/home/alex/.m2/repository/com/fasterxml/jackson/core/jackson-databind/2.12.3/jackson-databind-2.12.3.jar:/home/alex/.m2/repository/com/fasterxml/jackson/core/jackson-annotations/2.12.3/jackson-annotations-2.12.3.jar:/home/alex/.m2/repository/com/fasterxml/jackson/core/jackson-core/2.12.3/jackson-core-2.12.3.jar:/home/alex/Repositories/nifi/nifi-nar-bundles/nifi-extension-utils/nifi-record-utils/nifi-avro-record-utils/target/classes:/home/alex/Repositories/nifi/nifi-nar-bundles/nifi-extension-utils/nifi-record-utils/nifi-standard-record-utils/target/classes:/home/alex/.m2/repository/org/apache/avro/avro/1.8.1/avro-1.8.1.jar:/home/alex/.m2/repository/org/codehaus/jackson/jackson-core-asl/1.9.13/jackson-core-asl-1.9.13.jar:/home/alex/.m2/repository/org/codehaus/jackson/jackson-mapper-asl/1.9.13/jackson-mapper-asl-1.9.13.jar:/home/alex/.m2/repository/com/thoughtworks/paranamer/paranamer/2.7/paranamer-2.7.jar:/home/alex/Repositories/nifi/nifi-nar-bundles/nifi-standard-services/nifi-dbcp-service-api/target/classes:/home/alex/.m2/repository/com/squareup/okhttp3/okhttp/4.9.2/okhttp-4.9.2.jar:/home/alex/.m2/repository/com/squareup/okio/okio/2.8.0/okio-2.8.0.jar:/home/alex/.m2/repository/org/jetbrains/kotlin/kotlin-stdlib-common/1.4.0/kotlin-stdlib-common-1.4.0.jar:/home/alex/.m2/repository/org/jetbrains/kotlin/kotlin-stdlib/1.4.10/kotlin-stdlib-1.4.10.jar:/home/alex/.m2/repository/org/jetbrains/annotations/13.0/annotations-13.0.jar:/home/alex/.m2/repository/io/github/rburgst/okhttp-digest/2.5/okhttp-digest-2.5.jar:/home/alex/.m2/repository/at/favre/lib/bcrypt/0.9.0/bcrypt-0.9.0.jar:/home/alex/.m2/repository/at/favre/lib/bytes/1.3.0/bytes-1.3.0.jar:/home/alex/.m2/repository/com/google/guava/guava/28.0-jre/guava-28.0-jre.jar:/home/alex/.m2/repository/com/google/guava/failureaccess/1.0.1/failureaccess-1.0.1.jar:/home/alex/.m2/repository/com/google/guava/listenablefuture/9999.0-empty-to-avoid-conflict-with-guava/listenablefuture-9999.0-empty-to-avoid-conflict-with-guava.jar:/home/alex/.m2/repository/com/google/code/findbugs/jsr305/3.0.2/jsr305-3.0.2.jar:/home/alex/.m2/repository/org/checkerframework/checker-qual/2.8.1/checker-qual-2.8.1.jar:/home/alex/.m2/repository/com/google/errorprone/error_prone_annotations/2.3.2/error_prone_annotations-2.3.2.jar:/home/alex/.m2/repository/com/google/j2objc/j2objc-annotations/1.3/j2objc-annotations-1.3.jar:/home/alex/.m2/repository/org/codehaus/mojo/animal-sniffer-annotations/1.17/animal-sniffer-annotations-1.17.jar:/home/alex/Repositories/nifi/nifi-mock/target/classes:/home/alex/Repositories/nifi/nifi-framework-api/target/classes:/home/alex/Repositories/nifi/nifi-nar-bundles/nifi-framework-bundle/nifi-framework/nifi-framework-core-api/target/classes:/home/alex/Repositories/nifi/nifi-nar-bundles/nifi-framework-bundle/nifi-framework/nifi-framework-nar-utils/target/classes:/home/alex/Repositories/nifi/nifi-nar-bundles/nifi-framework-bundle/nifi-framework/nifi-client-dto/target/classes:/home/alex/.m2/repository/io/swagger/swagger-annotations/1.6.0/swagger-annotations-1.6.0.jar:/home/alex/Repositories/nifi/nifi-commons/nifi-site-to-site-client/target/classes:/home/alex/.m2/repository/org/apache/httpcomponents/httpasyncclient/4.1.4/httpasyncclient-4.1.4.jar:/home/alex/.m2/repository/org/apache/httpcomponents/httpcore-nio/4.4.10/httpcore-nio-4.4.10.jar:/home/alex/Repositories/nifi/nifi-nar-bundles/nifi-framework-bundle/nifi-framework/nifi-framework-authorization/target/classes:/home/alex/Repositories/nifi/nifi-registry/nifi-registry-core/nifi-registry-data-model/target/classes:/home/alex/Repositories/nifi/nifi-registry/nifi-registry-core/nifi-registry-revision/nifi-registry-revision-entity-model/target/classes:/home/alex/Repositories/nifi/nifi-registry/nifi-registry-core/nifi-registry-client/target/classes:/home/alex/Repositories/nifi/nifi-registry/nifi-registry-core/nifi-registry-security-utils/target/classes:/home/alex/.m2/repository/org/glassfish/jersey/core/jersey-client/2.33/jersey-client-2.33.jar:/home/alex/.m2/repository/jakarta/ws/rs/jakarta.ws.rs-api/2.1.6/jakarta.ws.rs-api-2.1.6.jar:/home/alex/.m2/repository/org/glassfish/hk2/external/jakarta.inject/2.6.1/jakarta.inject-2.6.1.jar:/home/alex/.m2/repository/org/glassfish/jersey/media/jersey-media-json-jackson/2.33/jersey-media-json-jackson-2.33.jar:/home/alex/.m2/repository/org/glassfish/jersey/ext/jersey-entity-filtering/2.33/jersey-entity-filtering-2.33.jar:/home/alex/.m2/repository/org/glassfish/jersey/inject/jersey-hk2/2.33/jersey-hk2-2.33.jar:/home/alex/.m2/repository/org/glassfish/hk2/hk2-locator/2.6.1/hk2-locator-2.6.1.jar:/home/alex/.m2/repository/org/glassfish/hk2/external/aopalliance-repackaged/2.6.1/aopalliance-repackaged-2.6.1.jar:/home/alex/.m2/repository/org/glassfish/hk2/hk2-api/2.6.1/hk2-api-2.6.1.jar:/home/alex/.m2/repository/org/glassfish/hk2/hk2-utils/2.6.1/hk2-utils-2.6.1.jar:/home/alex/.m2/repository/org/javassist/javassist/3.25.0-GA/javassist-3.25.0-GA.jar:/home/alex/.m2/repository/org/glassfish/jersey/core/jersey-common/2.33/jersey-common-2.33.jar:/home/alex/.m2/repository/jakarta/annotation/jakarta.annotation-api/1.3.5/jakarta.annotation-api-1.3.5.jar:/home/alex/.m2/repository/org/glassfish/hk2/osgi-resource-locator/1.0.3/osgi-resource-locator-1.0.3.jar:/home/alex/.m2/repository/org/glassfish/jersey/media/jersey-media-multipart/2.33/jersey-media-multipart-2.33.jar:/home/alex/.m2/repository/org/jvnet/mimepull/mimepull/1.9.13/mimepull-1.9.13.jar:/home/alex/Repositories/nifi/nifi-commons/nifi-data-provenance-utils/target/classes:/home/alex/Repositories/nifi/nifi-nar-bundles/nifi-standard-services/nifi-distributed-cache-services-bundle/nifi-distributed-cache-client-service/target/classes:/home/alex/Repositories/nifi/nifi-nar-bundles/nifi-standard-services/nifi-distributed-cache-services-bundle/nifi-distributed-cache-protocol/target/classes:/home/alex/.m2/repository/io/netty/netty-buffer/4.1.69.Final/netty-buffer-4.1.69.Final.jar:/home/alex/.m2/repository/com/google/http-client/google-http-client/1.28.0/google-http-client-1.28.0.jar:/home/alex/.m2/repository/io/opencensus/opencensus-api/0.18.0/opencensus-api-0.18.0.jar:/home/alex/.m2/repository/io/grpc/grpc-context/1.14.0/grpc-context-1.14.0.jar:/home/alex/.m2/repository/io/opencensus/opencensus-contrib-http-util/0.18.0/opencensus-contrib-http-util-0.18.0.jar:/home/alex/.m2/repository/org/apache/activemq/activemq-broker/5.15.14/activemq-broker-5.15.14.jar:/home/alex/.m2/repository/org/apache/activemq/activemq-openwire-legacy/5.15.14/activemq-openwire-legacy-5.15.14.jar:/home/alex/Repositories/nifi/nifi-nar-bundles/nifi-standard-services/nifi-ssl-context-bundle/nifi-ssl-context-service/target/classes:/home/alex/Repositories/nifi/nifi-nar-bundles/nifi-framework-bundle/nifi-framework/nifi-standard-prioritizers/target/classes:/home/alex/Repositories/nifi/nifi-nar-bundles/nifi-extension-utils/nifi-record-utils/nifi-mock-record-utils/target/classes:/home/alex/Repositories/nifi/nifi-nar-bundles/nifi-standard-services/nifi-record-serialization-services-bundle/nifi-record-serialization-services/target/classes:/home/alex/.m2/repository/org/apache/commons/commons-csv/1.8/commons-csv-1.8.jar:/home/alex/.m2/repository/com/fasterxml/jackson/dataformat/jackson-dataformat-csv/2.12.3/jackson-dataformat-csv-2.12.3.jar:/home/alex/.m2/repository/net/java/dev/stax-utils/stax-utils/20070216/stax-utils-20070216.jar:/home/alex/Repositories/nifi/nifi-nar-bundles/nifi-standard-services/nifi-lookup-services-bundle/nifi-lookup-services/target/classes:/home/alex/.m2/repository/commons-beanutils/commons-beanutils/1.9.4/commons-beanutils-1.9.4.jar:/home/alex/.m2/repository/commons-collections/commons-collections/3.2.2/commons-collections-3.2.2.jar:/home/alex/.m2/repository/com/maxmind/geoip2/geoip2/2.12.0/geoip2-2.12.0.jar:/home/alex/.m2/repository/com/maxmind/db/maxmind-db/1.2.2/maxmind-db-1.2.2.jar:/home/alex/.m2/repository/org/apache/derby/derby/10.14.2.0/derby-10.14.2.0.jar:/home/alex/.m2/repository/org/xerial/snappy/snappy-java/1.1.7.3/snappy-java-1.1.7.3.jar:/home/alex/.m2/repository/net/lingala/zip4j/zip4j/2.8.0/zip4j-2.8.0.jar:/home/alex/.m2/repository/com/h2database/h2/1.4.187/h2-1.4.187.jar:/home/alex/.m2/repository/org/mockftpserver/MockFtpServer/2.7.1/MockFtpServer-2.7.1.jar:/home/alex/.m2/repository/org/apache/sshd/sshd-core/1.7.0/sshd-core-1.7.0.jar:/home/alex/.m2/repository/com/bazaarvoice/jolt/jolt-core/0.1.1/jolt-core-0.1.1.jar:/home/alex/.m2/repository/javax/inject/javax.inject/1/javax.inject-1.jar:/home/alex/.m2/repository/com/bazaarvoice/jolt/json-utils/0.1.1/json-utils-0.1.1.jar:/home/alex/Repositories/nifi/nifi-nar-bundles/nifi-standard-bundle/nifi-standard-utils/target/classes:/home/alex/.m2/repository/net/sf/supercsv/super-csv/2.4.0/super-csv-2.4.0.jar:/home/alex/.m2/repository/com/fluenda/parcefone/2.1.0/parcefone-2.1.0.jar:/home/alex/.m2/repository/javax/validation/validation-api/1.1.0.Final/validation-api-1.1.0.Final.jar:/home/alex/.m2/repository/javax/el/javax.el-api/3.0.0/javax.el-api-3.0.0.jar:/home/alex/.m2/repository/com/github/wnameless/json/json-flattener/0.12.0/json-flattener-0.12.0.jar:/home/alex/.m2/repository/com/github/wnameless/json/json-base/2.0.0/json-base-2.0.0.jar:/home/alex/.m2/repository/org/apache/bval/bval-jsr/1.1.2/bval-jsr-1.1.2.jar:/home/alex/.m2/repository/org/apache/bval/bval-core/1.1.2/bval-core-1.1.2.jar:/home/alex/.m2/repository/io/krakens/java-grok/0.1.9/java-grok-0.1.9.jar:/home/alex/.m2/repository/org/apache/calcite/calcite-core/1.27.0/calcite-core-1.27.0.jar:/home/alex/.m2/repository/org/apache/calcite/calcite-linq4j/1.27.0/calcite-linq4j-1.27.0.jar:/home/alex/.m2/repository/com/esri/geometry/esri-geometry-api/2.2.0/esri-geometry-api-2.2.0.jar:/home/alex/.m2/repository/org/apache/calcite/avatica/avatica-core/1.18.0/avatica-core-1.18.0.jar:/home/alex/.m2/repository/org/apache/calcite/avatica/avatica-metrics/1.18.0/avatica-metrics-1.18.0.jar:/home/alex/.m2/repository/com/google/protobuf/protobuf-java/3.6.1/protobuf-java-3.6.1.jar:/home/alex/.m2/repository/org/apiguardian/apiguardian-api/1.1.0/apiguardian-api-1.1.0.jar:/home/alex/.m2/repository/com/fasterxml/jackson/dataformat/jackson-dataformat-yaml/2.10.0/jackson-dataformat-yaml-2.10.0.jar:/home/alex/.m2/repository/org/yaml/snakeyaml/1.29/snakeyaml-1.29.jar:/home/alex/.m2/repository/com/google/uzaygezen/uzaygezen-core/0.2/uzaygezen-core-0.2.jar:/home/alex/.m2/repository/com/yahoo/datasketches/sketches-core/0.9.0/sketches-core-0.9.0.jar:/home/alex/.m2/repository/com/yahoo/datasketches/memory/0.9.0/memory-0.9.0.jar:/home/alex/.m2/repository/net/hydromatic/aggdesigner-algorithm/6.0/aggdesigner-algorithm-6.0.jar:/home/alex/.m2/repository/commons-lang/commons-lang/2.4/commons-lang-2.4.jar:/home/alex/.m2/repository/org/apache/commons/commons-dbcp2/2.6.0/commons-dbcp2-2.6.0.jar:/home/alex/.m2/repository/org/apache/commons/commons-pool2/2.6.1/commons-pool2-2.6.1.jar:/home/alex/.m2/repository/org/codehaus/janino/commons-compiler/3.0.11/commons-compiler-3.0.11.jar:/home/alex/.m2/repository/org/codehaus/janino/janino/3.0.11/janino-3.0.11.jar:/home/alex/Repositories/nifi/nifi-nar-bundles/nifi-standard-services/nifi-schema-registry-service-api/target/classes:/home/alex/Repositories/nifi/nifi-nar-bundles/nifi-extension-utils/nifi-database-utils/target/classes:/home/alex/Repositories/nifi/nifi-nar-bundles/nifi-standard-bundle/nifi-standard-web-test-utils/target/classes:/home/alex/.m2/repository/com/github/stefanbirkner/fake-sftp-server-rule/2.0.1/fake-sftp-server-rule-2.0.1.jar:/home/alex/.m2/repository/com/github/marschall/memoryfilesystem/2.8.0/memoryfilesystem-2.8.0.jar:/home/alex/.m2/repository/junit/junit/4.13.2/junit-4.13.2.jar:/home/alex/.m2/repository/org/hamcrest/hamcrest-core/1.3/hamcrest-core-1.3.jar:/home/alex/Repositories/nifi/nifi-nar-bundles/nifi-extension-utils/nifi-database-test-utils/target/classes:/home/alex/.m2/repository/org/codehaus/groovy/groovy-json/2.5.14/groovy-json-2.5.14.jar:/home/alex/.m2/repository/org/codehaus/groovy/groovy/2.5.14/groovy-2.5.14.jar:/home/alex/.m2/repository/org/codehaus/groovy/groovy-servlet/2.5.14/groovy-servlet-2.5.14.jar:/home/alex/.m2/repository/org/codehaus/groovy/groovy-templates/2.5.14/groovy-templates-2.5.14.jar:/home/alex/.m2/repository/org/codehaus/groovy/groovy-xml/2.5.14/groovy-xml-2.5.14.jar:/home/alex/.m2/repository/org/hamcrest/hamcrest-all/1.3/hamcrest-all-1.3.jar:/home/alex/.m2/repository/com/squareup/okhttp3/mockwebserver/4.9.2/mockwebserver-4.9.2.jar:/home/alex/.m2/repository/org/jetbrains/kotlin/kotlin-stdlib-jdk8/1.4.10/kotlin-stdlib-jdk8-1.4.10.jar:/home/alex/.m2/repository/org/jetbrains/kotlin/kotlin-stdlib-jdk7/1.4.10/kotlin-stdlib-jdk7-1.4.10.jar:/home/alex/.m2/repository/org/mockito/mockito-inline/3.12.4/mockito-inline-3.12.4.jar:/home/alex/.m2/repository/org/junit/jupiter/junit-jupiter-api/5.7.2/junit-jupiter-api-5.7.2.jar:/home/alex/.m2/repository/org/opentest4j/opentest4j/1.2.0/opentest4j-1.2.0.jar:/home/alex/.m2/repository/org/junit/platform/junit-platform-commons/1.7.2/junit-platform-commons-1.7.2.jar:/home/alex/.m2/repository/org/junit/jupiter/junit-jupiter-engine/5.7.2/junit-jupiter-engine-5.7.2.jar:/home/alex/.m2/repository/org/junit/platform/junit-platform-engine/1.7.2/junit-platform-engine-1.7.2.jar:/home/alex/.m2/repository/org/junit/vintage/junit-vintage-engine/5.7.2/junit-vintage-engine-5.7.2.jar:/home/alex/.m2/repository/org/junit/jupiter/junit-jupiter-params/5.7.2/junit-jupiter-params-5.7.2.jar:/home/alex/.m2/repository/org/mockito/mockito-core/3.11.2/mockito-core-3.11.2.jar:/home/alex/.m2/repository/net/bytebuddy/byte-buddy/1.11.3/byte-buddy-1.11.3.jar:/home/alex/.m2/repository/net/bytebuddy/byte-buddy-agent/1.11.3/byte-buddy-agent-1.11.3.jar:/home/alex/.m2/repository/org/objenesis/objenesis/3.2/objenesis-3.2.jar:/home/alex/.m2/repository/org/mockito/mockito-junit-jupiter/3.11.2/mockito-junit-jupiter-3.11.2.jar:/home/alex/.m2/repository/org/slf4j/slf4j-simple/1.7.32/slf4j-simple-1.7.32.jar:/home/alex/.m2/repository/org/codehaus/groovy/groovy-test/2.5.14/groovy-test-2.5.14.jar:"/>
    <property name="sun.cpu.endian" value="little"/>
    <property name="user.home" value="/home/alex"/>
    <property name="user.language" value="en"/>
    <property name="java.specification.vendor" value="Oracle Corporation"/>
    <property name="java.home" value="/usr/lib/jvm/java-8-openjdk-amd64/jre"/>
    <property name="basedir" value="/home/alex/Repositories/nifi/nifi-nar-bundles/nifi-standard-bundle/nifi-standard-processors"/>
    <property name="file.separator" value="/"/>
    <property name="line.separator" value="&#10;"/>
    <property name="java.vm.specification.vendor" value="Oracle Corporation"/>
    <property name="java.specification.name" value="Java Platform API Specification"/>
    <property name="derby.stream.error.file" value="target/derby.log"/>
    <property name="java.awt.graphicsenv" value="sun.awt.X11GraphicsEnvironment"/>
    <property name="java.awt.headless" value="true"/>
    <property name="surefire.real.class.path" value="/home/alex/Repositories/nifi/nifi-nar-bundles/nifi-standard-bundle/nifi-standard-processors/target/surefire/surefirebooter262180563015504354.jar"/>
    <property name="sun.boot.class.path" value="/usr/lib/jvm/java-8-openjdk-amd64/jre/lib/resources.jar:/usr/lib/jvm/java-8-openjdk-amd64/jre/lib/rt.jar:/usr/lib/jvm/java-8-openjdk-amd64/jre/lib/sunrsasign.jar:/usr/lib/jvm/java-8-openjdk-amd64/jre/lib/jsse.jar:/usr/lib/jvm/java-8-openjdk-amd64/jre/lib/jce.jar:/usr/lib/jvm/java-8-openjdk-amd64/jre/lib/charsets.jar:/usr/lib/jvm/java-8-openjdk-amd64/jre/lib/jfr.jar:/usr/lib/jvm/java-8-openjdk-amd64/jre/classes"/>
    <property name="sun.management.compiler" value="HotSpot 64-Bit Tiered Compilers"/>
    <property name="java.runtime.version" value="1.8.0_402-8u402-ga-2ubuntu1~22.04-b06"/>
    <property name="java.net.preferIPv4Stack" value="true"/>
    <property name="user.name" value="alex"/>
    <property name="path.separator" value=":"/>
    <property name="os.version" value="6.5.0-28-generic"/>
    <property name="java.endorsed.dirs" value="/usr/lib/jvm/java-8-openjdk-amd64/jre/lib/endorsed"/>
    <property name="java.runtime.name" value="OpenJDK Runtime Environment"/>
    <property name="file.encoding" value="UTF-8"/>
    <property name="sun.nio.ch.bugLevel" value=""/>
    <property name="java.vm.name" value="OpenJDK 64-Bit Server VM"/>
    <property name="localRepository" value="/home/alex/.m2/repository"/>
    <property name="java.vendor.url.bug" value="http://bugreport.sun.com/bugreport/"/>
    <property name="java.io.tmpdir" value="/tmp"/>
    <property name="java.version" value="1.8.0_402"/>
    <property name="user.dir" value="/home/alex/Repositories/nifi/nifi-nar-bundles/nifi-standard-bundle/nifi-standard-processors"/>
    <property name="os.arch" value="amd64"/>
    <property name="java.vm.specification.name" value="Java Virtual Machine Specification"/>
    <property name="java.awt.printerjob" value="sun.print.PSPrinterJob"/>
    <property name="sun.os.patch.level" value="unknown"/>
    <property name="java.library.path" value="/usr/java/packages/lib/amd64:/usr/lib/x86_64-linux-gnu/jni:/lib/x86_64-linux-gnu:/usr/lib/x86_64-linux-gnu:/usr/lib/jni:/lib:/usr/lib"/>
    <property name="java.vm.info" value="mixed mode"/>
    <property name="java.vendor" value="Private Build"/>
    <property name="java.vm.version" value="25.402-b06"/>
    <property name="java.specification.maintenance.version" value="5"/>
    <property name="java.ext.dirs" value="/usr/lib/jvm/java-8-openjdk-amd64/jre/lib/ext:/usr/java/packages/lib/ext"/>
    <property name="sun.io.unicode.encoding" value="UnicodeLittle"/>
    <property name="java.class.version" value="52.0"/>
  </properties>
  <testcase name="testEscapingDollarSign" classname="org.apache.nifi.processors.standard.TestReplaceText" time="0.012">
    <system-err><![CDATA[[pool-195-thread-1] INFO org.apache.nifi.processors.standard.ReplaceText - ReplaceText[id=32d2a846-6f16-436e-828e-afd04a011b68] Transferred FlowFile[0,hello.txt,12B] to 'success'
]]></system-err>
  </testcase>
  <testcase name="testWithNoMatch" classname="org.apache.nifi.processors.standard.TestReplaceText" time="0.001">
    <system-err><![CDATA[[pool-196-thread-1] INFO org.apache.nifi.processors.standard.ReplaceText - ReplaceText[id=24e30b3a-2738-4c01-8e7e-1daac79d5335] Transferred FlowFile[0,hello.txt,13B] to 'success'
]]></system-err>
  </testcase>
  <testcase name="testAppendExceptFistLineWithCarriageReturnNewLine" classname="org.apache.nifi.processors.standard.TestReplaceText" time="0.002">
    <system-err><![CDATA[[pool-197-thread-1] INFO org.apache.nifi.processors.standard.ReplaceText - ReplaceText[id=62cafdc1-eba1-4d30-a498-f2a9e093aac9] Transferred FlowFile[0,93318805246179.mockFlowFile,19B] to 'success'
]]></system-err>
  </testcase>
  <testcase name="testSubstituteVariablesWithEvaluationModeLineByLine" classname="org.apache.nifi.processors.standard.TestReplaceText" time="0.008">
    <system-err><![CDATA[[pool-198-thread-1] INFO org.apache.nifi.processors.standard.ReplaceText - ReplaceText[id=e4d651f1-c3de-4974-a540-d12a9d29f381] Transferred FlowFile[0,93318807247390.mockFlowFile,21B] to 'success'
]]></system-err>
  </testcase>
  <testcase name="testAppendSimple" classname="org.apache.nifi.processors.standard.TestReplaceText" time="0.002">
    <system-err><![CDATA[[pool-199-thread-1] INFO org.apache.nifi.processors.standard.ReplaceText - ReplaceText[id=5c712a11-d71e-4faf-a9cb-97268cc0c249] Transferred FlowFile[0,hello.txt,17B] to 'success'
]]></system-err>
  </testcase>
  <testcase name="testSubstituteVariablesWhenVariableValueMissing" classname="org.apache.nifi.processors.standard.TestReplaceText" time="0.001">
    <system-err><![CDATA[[pool-200-thread-1] INFO org.apache.nifi.processors.standard.ReplaceText - ReplaceText[id=8d318b68-02f2-4ad9-8590-8b67ea3d2ad8] Transferred FlowFile[0,93318817505682.mockFlowFile,29B] to 'success'
]]></system-err>
  </testcase>
  <testcase name="testCapturingGroupInExpressionLanguage2" classname="org.apache.nifi.processors.standard.TestReplaceText" time="0.005">
    <system-err><![CDATA[[pool-201-thread-1] INFO org.apache.nifi.processors.standard.ReplaceText - ReplaceText[id=4f590344-89a6-4e6f-a70a-b1ae56727183] Transferred FlowFile[0,93318819126270.mockFlowFile,83B] to 'success'
]]></system-err>
  </testcase>
  <testcase name="testEscapingDollarSignLineByLine" classname="org.apache.nifi.processors.standard.TestReplaceText" time="0.002">
    <system-err><![CDATA[[pool-202-thread-1] INFO org.apache.nifi.processors.standard.ReplaceText - ReplaceText[id=a187c5cc-52c6-4f68-9510-4e1fab4d7efc] Transferred FlowFile[0,93318824252826.mockFlowFile,193B] to 'success'
]]></system-err>
  </testcase>
  <testcase name="testAppendWithCarriageReturnNewLine" classname="org.apache.nifi.processors.standard.TestReplaceText" time="0.001">
    <system-err><![CDATA[[pool-203-thread-1] INFO org.apache.nifi.processors.standard.ReplaceText - ReplaceText[id=5f9b279e-20d7-43d7-9389-e8c1b7f56122] Transferred FlowFile[0,93318825722502.mockFlowFile,20B] to 'success'
]]></system-err>
  </testcase>
  <testcase name="testAppendLastLineWithCarriageReturn" classname="org.apache.nifi.processors.standard.TestReplaceText" time="0.001">
    <system-err><![CDATA[[pool-204-thread-1] INFO org.apache.nifi.processors.standard.ReplaceText - ReplaceText[id=3bd485d7-f755-4f42-b1cd-7f7a68cbec39] Transferred FlowFile[0,93318826969364.mockFlowFile,16B] to 'success'
]]></system-err>
  </testcase>
  <testcase name="testPrependSimpleLineByLine" classname="org.apache.nifi.processors.standard.TestReplaceText" time="0.002">
    <system-err><![CDATA[[pool-205-thread-1] INFO org.apache.nifi.processors.standard.ReplaceText - ReplaceText[id=9f7eccc8-0df6-4824-9b74-59b87cf571a2] Transferred FlowFile[0,93318828172118.mockFlowFile,248B] to 'success'
]]></system-err>
  </testcase>
  <testcase name="testBackReference" classname="org.apache.nifi.processors.standard.TestReplaceText" time="0.002">
    <system-err><![CDATA[[pool-206-thread-1] INFO org.apache.nifi.processors.standard.ReplaceText - ReplaceText[id=0e1a7528-de86-4d81-995c-08e2dfbbe5b2] Transferred FlowFile[0,hello.txt,15B] to 'success'
]]></system-err>
  </testcase>
  <testcase name="testLiteralBackReferenceFistLine" classname="org.apache.nifi.processors.standard.TestReplaceText" time="0.002">
    <system-err><![CDATA[[pool-207-thread-1] INFO org.apache.nifi.processors.standard.ReplaceText - ReplaceText[id=93747f8b-89f6-40d8-97bd-3b12346ece83] Transferred FlowFile[0,93318831521219.mockFlowFile,196B] to 'success'
]]></system-err>
  </testcase>
  <testcase name="testAppendEndlineCR" classname="org.apache.nifi.processors.standard.TestReplaceText" time="0.001">
    <system-err><![CDATA[[pool-208-thread-1] INFO org.apache.nifi.processors.standard.ReplaceText - ReplaceText[id=a3405bbe-5f08-41e9-8c6b-e041a913569d] Transferred FlowFile[0,93318833695014.mockFlowFile,22B] to 'success'
]]></system-err>
  </testcase>
  <testcase name="testProblematicCase1LineByLine" classname="org.apache.nifi.processors.standard.TestReplaceText" time="0.004">
    <system-out><![CDATA[abc.txt	2024/05/02T022138Z	193

abc.txt	2024/05/02T022138Z	193

abc.txt	2024/05/02T022138Z	193

abc.txt	2024/05/02T022138Z	193

abc.txt	2024/05/02T022138Z	193

abc.txt	2024/05/02T022138Z	193

abc.txt	2024/05/02T022138Z	193

abc.txt	2024/05/02T022138Z	193

abc.txt	2024/05/02T022138Z	193

abc.txt	2024/05/02T022138Z	193

abc.txt	2024/05/02T022138Z	193

]]></system-out>
    <system-err><![CDATA[[pool-209-thread-1] INFO org.apache.nifi.processors.standard.ReplaceText - ReplaceText[id=5bb48075-52db-4983-9f79-8bb44745fa6e] Transferred FlowFile[0,abc.txt,351B] to 'success'
]]></system-err>
  </testcase>
  <testcase name="testPrependLastLine" classname="org.apache.nifi.processors.standard.TestReplaceText" time="0.002">
    <system-err><![CDATA[[pool-210-thread-1] INFO org.apache.nifi.processors.standard.ReplaceText - ReplaceText[id=02c4494f-15f5-40be-bb31-2ded08d53188] Transferred FlowFile[0,93318839330535.mockFlowFile,18B] to 'success'
]]></system-err>
  </testcase>
  <testcase name="testAlwaysReplaceEntireText" classname="org.apache.nifi.processors.standard.TestReplaceText" time="0.001">
    <system-err><![CDATA[[pool-211-thread-1] INFO org.apache.nifi.processors.standard.ReplaceText - ReplaceText[id=2f7cbded-a940-4493-aaeb-9641c407313f] Transferred FlowFile[0,abc.txt,7B] to 'success'
]]></system-err>
  </testcase>
  <testcase name="testAppendWithNewLine" classname="org.apache.nifi.processors.standard.TestReplaceText" time="0.001">
    <system-err><![CDATA[[pool-212-thread-1] INFO org.apache.nifi.processors.standard.ReplaceText - ReplaceText[id=af14ef6c-b287-4f1c-8b59-1bc5bf9211a7] Transferred FlowFile[0,93318842267280.mockFlowFile,18B] to 'success'
]]></system-err>
  </testcase>
  <testcase name="testRegexNoCaptureDefaultReplacement" classname="org.apache.nifi.processors.standard.TestReplaceText" time="0.01"/>
  <testcase name="testLiteralReplaceWithExpressionLanguageInSearchEntireText" classname="org.apache.nifi.processors.standard.TestReplaceText" time="0.002">
    <system-err><![CDATA[[pool-214-thread-1] INFO org.apache.nifi.processors.standard.ReplaceText - ReplaceText[id=bcb3823a-f09a-46ae-ab85-a5488f374557] Transferred FlowFile[0,93318853864557.mockFlowFile,23B] to 'success'
]]></system-err>
  </testcase>
  <testcase name="testRegexWithGoodCaptureGroup" classname="org.apache.nifi.processors.standard.TestReplaceText" time="0.002">
    <system-err><![CDATA[[pool-215-thread-1] INFO org.apache.nifi.processors.standard.ReplaceText - ReplaceText[id=9249d5bf-8ffa-4cec-9fe2-5609767252cc] Transferred FlowFile[0,93318855830777.mockFlowFile,11B] to 'success'
]]></system-err>
  </testcase>
  <testcase name="testReplacementWithExpressionLanguageIsEscaped" classname="org.apache.nifi.processors.standard.TestReplaceText" time="0.002">
    <system-err><![CDATA[[pool-216-thread-1] INFO org.apache.nifi.processors.standard.ReplaceText - ReplaceText[id=6090591e-c1b5-4a1d-af57-e23e7a7c0c9e] Transferred FlowFile[0,hello.txt,14B] to 'success'
]]></system-err>
  </testcase>
  <testcase name="testReplaceWithEmptyString" classname="org.apache.nifi.processors.standard.TestReplaceText" time="0.001">
    <system-err><![CDATA[[pool-217-thread-1] INFO org.apache.nifi.processors.standard.ReplaceText - ReplaceText[id=67b3ace3-9f8e-4ebf-badb-f81ab214f96d] Transferred FlowFile[0,hello.txt,10B] to 'success'
]]></system-err>
  </testcase>
  <testcase name="testRegexWithExpressionLanguageIsEscaped" classname="org.apache.nifi.processors.standard.TestReplaceText" time="0.002">
    <system-err><![CDATA[[pool-218-thread-1] INFO org.apache.nifi.processors.standard.ReplaceText - ReplaceText[id=9aed69a3-6201-4c22-8814-7522a1ef74b2] Transferred FlowFile[0,hello.txt,13B] to 'success'
]]></system-err>
  </testcase>
  <testcase name="testZeroByteContentFileLineByLine" classname="org.apache.nifi.processors.standard.TestReplaceText" time="0.001">
    <system-err><![CDATA[[pool-219-thread-1] INFO org.apache.nifi.processors.standard.ReplaceText - ReplaceText[id=80c36e74-7faf-401d-8853-532b4b4ffbad] Transferred FlowFile[0,93318862811580.mockFlowFile,36B] to 'success'
]]></system-err>
  </testcase>
  <testcase name="testLiteralBackReferenceExceptLastLine" classname="org.apache.nifi.processors.standard.TestReplaceText" time="0.001">
    <system-err><![CDATA[[pool-220-thread-1] INFO org.apache.nifi.processors.standard.ReplaceText - ReplaceText[id=b7169bed-5ffe-4c9e-a67f-3d67ef0d6e0b] Transferred FlowFile[0,93318863996475.mockFlowFile,211B] to 'success'
]]></system-err>
  </testcase>
  <testcase name="testBackReferenceWithTooLargeOfIndexIsEscapedLastLine" classname="org.apache.nifi.processors.standard.TestReplaceText" time="0.002">
    <system-err><![CDATA[[pool-221-thread-1] INFO org.apache.nifi.processors.standard.ReplaceText - ReplaceText[id=7a5c09e8-9a22-4267-9213-62b875bbd359] Transferred FlowFile[0,93318865336318.mockFlowFile,197B] to 'success'
]]></system-err>
  </testcase>
  <testcase name="testAppendSimpleLineByLine" classname="org.apache.nifi.processors.standard.TestReplaceText" time="0.001">
    <system-err><![CDATA[[pool-222-thread-1] INFO org.apache.nifi.processors.standard.ReplaceText - ReplaceText[id=6eff44f1-8c9e-4e11-9703-f649b1d169c8] Transferred FlowFile[0,93318866556134.mockFlowFile,248B] to 'success'
]]></system-err>
  </testcase>
  <testcase name="testLiteralBackReference" classname="org.apache.nifi.processors.standard.TestReplaceText" time="0.001">
    <system-err><![CDATA[[pool-223-thread-1] INFO org.apache.nifi.processors.standard.ReplaceText - ReplaceText[id=417da996-1468-4f84-9666-0b766ac78f7c] Transferred FlowFile[0,hello.txt,14B] to 'success'
]]></system-err>
  </testcase>
  <testcase name="testRegexWithExpressionLanguageIsEscapedLineByLine" classname="org.apache.nifi.processors.standard.TestReplaceText" time="0.002">
    <system-err><![CDATA[[pool-224-thread-1] INFO org.apache.nifi.processors.standard.ReplaceText - ReplaceText[id=5118e518-ac41-4547-94dd-5cafc1ca9789] Transferred FlowFile[0,93318868642500.mockFlowFile,193B] to 'success'
]]></system-err>
  </testcase>
  <testcase name="testSimpleLineByLine" classname="org.apache.nifi.processors.standard.TestReplaceText" time="0.001">
    <system-err><![CDATA[[pool-225-thread-1] INFO org.apache.nifi.processors.standard.ReplaceText - ReplaceText[id=3b1bc38c-a249-4359-a361-cc97226639c3] Transferred FlowFile[0,93318870617560.mockFlowFile,193B] to 'success'
]]></system-err>
  </testcase>
  <testcase name="testAppendFirstLineWithCarriageReturn" classname="org.apache.nifi.processors.standard.TestReplaceText" time="0.001">
    <system-err><![CDATA[[pool-226-thread-1] INFO org.apache.nifi.processors.standard.ReplaceText - ReplaceText[id=c2a64c0a-6cc7-48d2-a606-2eb8b55bf0cb] Transferred FlowFile[0,93318871731364.mockFlowFile,16B] to 'success'
]]></system-err>
  </testcase>
  <testcase name="testBackReferenceWithTooLargeOfIndexIsEscapedExceptFirstLine" classname="org.apache.nifi.processors.standard.TestReplaceText" time="0.001">
    <system-err><![CDATA[[pool-227-thread-1] INFO org.apache.nifi.processors.standard.ReplaceText - ReplaceText[id=317f8766-07c2-46ec-8bd5-0ae6715b74b0] Transferred FlowFile[0,93318872608127.mockFlowFile,199B] to 'success'
]]></system-err>
  </testcase>
  <testcase name="testBackReferenceWithTooLargeOfIndexIsEscapedExceptLastLine" classname="org.apache.nifi.processors.standard.TestReplaceText" time="0.001">
    <system-err><![CDATA[[pool-228-thread-1] INFO org.apache.nifi.processors.standard.ReplaceText - ReplaceText[id=a0b0c950-518f-4934-9cbb-8ad18e4cc2cb] Transferred FlowFile[0,93318873727887.mockFlowFile,205B] to 'success'
]]></system-err>
  </testcase>
  <testcase name="testWithNoMatchLineByLine" classname="org.apache.nifi.processors.standard.TestReplaceText" time="0.001">
    <system-err><![CDATA[[pool-229-thread-1] INFO org.apache.nifi.processors.standard.ReplaceText - ReplaceText[id=afc405e2-f806-4d54-bc8a-c400ef90b80a] Transferred FlowFile[0,93318874905127.mockFlowFile,193B] to 'success'
]]></system-err>
  </testcase>
  <testcase name="testWithUnEscaped$InReplacement" classname="org.apache.nifi.processors.standard.TestReplaceText" time="0.001">
    <system-err><![CDATA[[pool-230-thread-1] INFO org.apache.nifi.processors.standard.ReplaceText - ReplaceText[id=86db62ff-df3f-4c80-8d87-6e5da44d5043] Transferred FlowFile[0,93318875884761.mockFlowFile,3B] to 'success'
]]></system-err>
  </testcase>
  <testcase name="testPrependExceptLastLine" classname="org.apache.nifi.processors.standard.TestReplaceText" time="0.001">
    <system-err><![CDATA[[pool-231-thread-1] INFO org.apache.nifi.processors.standard.ReplaceText - ReplaceText[id=4ff962ab-c605-437e-8dec-a4dfca0774d2] Transferred FlowFile[0,93318876907675.mockFlowFile,19B] to 'success'
]]></system-err>
  </testcase>
  <testcase name="testAlwaysReplaceLineByLine" classname="org.apache.nifi.processors.standard.TestReplaceText" time="0.001">
    <system-err><![CDATA[[pool-232-thread-1] INFO org.apache.nifi.processors.standard.ReplaceText - ReplaceText[id=36453306-05ae-4d1b-a43c-71395b1cae2d] Transferred FlowFile[0,abc.txt,25B] to 'success'
]]></system-err>
  </testcase>
  <testcase name="testRegexWithExpressionLanguage" classname="org.apache.nifi.processors.standard.TestReplaceText" time="0.001">
    <system-err><![CDATA[[pool-233-thread-1] INFO org.apache.nifi.processors.standard.ReplaceText - ReplaceText[id=80c5175c-5178-4b3c-ae64-e22358a4a21e] Transferred FlowFile[0,hello.txt,16B] to 'success'
]]></system-err>
  </testcase>
  <testcase name="testBackRefWithNoCapturingGroup" classname="org.apache.nifi.processors.standard.TestReplaceText" time="0.001">
    <system-err><![CDATA[[pool-234-thread-1] INFO org.apache.nifi.processors.standard.ReplaceText - ReplaceText[id=b2dbfdb1-61f4-49e3-a158-36c9ef3e9756] Transferred FlowFile[0,hello.txt,16B] to 'success'
]]></system-err>
  </testcase>
  <testcase name="testPrependExceptFirstLine" classname="org.apache.nifi.processors.standard.TestReplaceText" time="0.001">
    <system-err><![CDATA[[pool-235-thread-1] INFO org.apache.nifi.processors.standard.ReplaceText - ReplaceText[id=adab66f1-6de9-47bd-846e-32861a4658bd] Transferred FlowFile[0,93318881770389.mockFlowFile,19B] to 'success'
]]></system-err>
  </testcase>
  <testcase name="testBackReferenceWithTooLargeOfIndexIsEscapedLineByLine" classname="org.apache.nifi.processors.standard.TestReplaceText" time="0.001">
    <system-err><![CDATA[[pool-236-thread-1] INFO org.apache.nifi.processors.standard.ReplaceText - ReplaceText[id=3b17b5ea-bbae-4e7b-84d6-77ab92bb28cd] Transferred FlowFile[0,93318882829256.mockFlowFile,205B] to 'success'
]]></system-err>
  </testcase>
  <testcase name="testPrependFirstLine" classname="org.apache.nifi.processors.standard.TestReplaceText" time="0.001">
    <system-err><![CDATA[[pool-237-thread-1] INFO org.apache.nifi.processors.standard.ReplaceText - ReplaceText[id=b3beb27c-6271-4237-b4df-91cacfee188b] Transferred FlowFile[0,93318883996252.mockFlowFile,18B] to 'success'
]]></system-err>
  </testcase>
  <testcase name="testWithInvalidExpression" classname="org.apache.nifi.processors.standard.TestReplaceText" time="0.002">
    <system-err><![CDATA[[pool-238-thread-1] WARN org.apache.nifi.processors.standard.ReplaceText - ReplaceText[id=784f127b-e3f5-482b-999b-1e85420531d3] Transferred FlowFile[0,93318884940120.mockFlowFile,2B] to 'failure' due to org.apache.nifi.attribute.expression.language.exception.IllegalAttributeException: Cannot parse attribute value as a date; date format: yyyy/MM/dd; attribute value: 12: org.apache.nifi.attribute.expression.language.exception.IllegalAttributeException: Cannot parse attribute value as a date; date format: yyyy/MM/dd; attribute value: 12
]]></system-err>
  </testcase>
  <testcase name="testLiteralReplaceWithExpressionLanguageInSearchLineByLine" classname="org.apache.nifi.processors.standard.TestReplaceText" time="0.002">
    <system-err><![CDATA[[pool-239-thread-1] INFO org.apache.nifi.processors.standard.ReplaceText - ReplaceText[id=f8502b9b-af3d-4123-84a7-838534cfe587] Transferred FlowFile[0,93318887056113.mockFlowFile,23B] to 'success'
]]></system-err>
  </testcase>
  <testcase name="testLiteralReplaceWithExpressionLanguageInReplacementEntireText" classname="org.apache.nifi.processors.standard.TestReplaceText" time="0.001">
    <system-err><![CDATA[[pool-240-thread-1] INFO org.apache.nifi.processors.standard.ReplaceText - ReplaceText[id=11163719-7a3f-42a6-bb36-3d34c474309a] Transferred FlowFile[0,93318888446447.mockFlowFile,21B] to 'success'
]]></system-err>
  </testcase>
  <testcase name="testGetExistingContent" classname="org.apache.nifi.processors.standard.TestReplaceText" time="0.002">
    <system-out><![CDATA[attribute header

abc.txt

data header

Hello
World!

footer
]]></system-out>
    <system-err><![CDATA[[pool-241-thread-1] INFO org.apache.nifi.processors.standard.ReplaceText - ReplaceText[id=399d91a5-5bcf-496c-9b62-b083be404339] Transferred FlowFile[0,abc.txt,60B] to 'success'
]]></system-err>
  </testcase>
  <testcase name="testRoutesToFailureIfTooLarge" classname="org.apache.nifi.processors.standard.TestReplaceText" time="0.001">
    <system-err><![CDATA[[pool-242-thread-1] WARN org.apache.nifi.processors.standard.ReplaceText - ReplaceText[id=56298263-82f2-4428-9401-874b80962ea6] Transferred null to 'faliure' because it was larger than the buffer size
]]></system-err>
  </testcase>
  <testcase name="testAttributeToContentLineByLine" classname="org.apache.nifi.processors.standard.TestReplaceText" time="0.001">
    <system-err><![CDATA[[pool-243-thread-1] INFO org.apache.nifi.processors.standard.ReplaceText - ReplaceText[id=05af9133-653d-4ec8-9179-c67208d2d36e] Transferred FlowFile[0,testFile.txt,54B] to 'success'
]]></system-err>
  </testcase>
  <testcase name="testWithMultipleMatchesLineByLine" classname="org.apache.nifi.processors.standard.TestReplaceText" time="0.002">
    <system-err><![CDATA[[pool-244-thread-1] INFO org.apache.nifi.processors.standard.ReplaceText - ReplaceText[id=928c3e2b-bd72-4bce-bba0-0cde3a473622] Transferred FlowFile[0,93318894254209.mockFlowFile,193B] to 'success'
]]></system-err>
  </testcase>
  <testcase name="testRoutesToSuccessIfTooLargeButRegexIsDotAsterisk" classname="org.apache.nifi.processors.standard.TestReplaceText" time="0.001">
    <system-err><![CDATA[[pool-245-thread-1] INFO org.apache.nifi.processors.standard.ReplaceText - ReplaceText[id=40e6fb42-af87-4516-b4e0-1e9ed07510b0] Transferred FlowFile[0,hello.txt,4B] to 'success'
]]></system-err>
  </testcase>
  <testcase name="testConfigurationCornerCase" classname="org.apache.nifi.processors.standard.TestReplaceText" time="0.002">
    <system-err><![CDATA[[pool-247-thread-1] INFO org.apache.nifi.processors.standard.ReplaceText - ReplaceText[id=39786fc1-31a9-40dd-8db3-1031cb70a08c] Transferred FlowFile[0,hello.txt,13B] to 'success'
]]></system-err>
  </testcase>
  <testcase name="testAppendEndlineCRLF" classname="org.apache.nifi.processors.standard.TestReplaceText" time="0.001">
    <system-err><![CDATA[[pool-248-thread-1] INFO org.apache.nifi.processors.standard.ReplaceText - ReplaceText[id=6acbdb5a-d222-40ec-8612-f445b23a0c3a] Transferred FlowFile[0,93318898808426.mockFlowFile,24B] to 'success'
]]></system-err>
  </testcase>
  <testcase name="testReplaceWithinCurlyBraces" classname="org.apache.nifi.processors.standard.TestReplaceText" time="0.001">
    <system-err><![CDATA[[pool-249-thread-1] INFO org.apache.nifi.processors.standard.ReplaceText - ReplaceText[id=46ca1e99-9286-4574-b947-47541c540d3b] Transferred FlowFile[0,abc.txt,11B] to 'success'
]]></system-err>
  </testcase>
  <testcase name="testLiteral" classname="org.apache.nifi.processors.standard.TestReplaceText" time="0.002">
    <system-err><![CDATA[[pool-250-thread-1] INFO org.apache.nifi.processors.standard.ReplaceText - ReplaceText[id=1f1d7958-99b0-42ff-b18c-10e3a0881c7e] Transferred FlowFile[0,hello.txt,13B] to 'success'
[pool-251-thread-1] INFO org.apache.nifi.processors.standard.ReplaceText - ReplaceText[id=1f1d7958-99b0-42ff-b18c-10e3a0881c7e] Transferred FlowFile[1,93318901712989.mockFlowFile,19B] to 'success'
]]></system-err>
  </testcase>
  <testcase name="testBackRefFollowedByNumbers" classname="org.apache.nifi.processors.standard.TestReplaceText" time="0.001">
    <system-out><![CDATA[Hell23o, World!
]]></system-out>
    <system-err><![CDATA[[pool-252-thread-1] INFO org.apache.nifi.processors.standard.ReplaceText - ReplaceText[id=785b111e-26d2-44fc-9246-f950d98e5f21] Transferred FlowFile[0,hello.txt,15B] to 'success'
]]></system-err>
  </testcase>
  <testcase name="testDefaultReplacement" classname="org.apache.nifi.processors.standard.TestReplaceText" time="0.001">
    <system-err><![CDATA[[pool-253-thread-1] INFO org.apache.nifi.processors.standard.ReplaceText - ReplaceText[id=b98bf273-9f9f-44bc-af9d-42b5c6d7ffba] Transferred FlowFile[0,93318903750641.mockFlowFile,25B] to 'success'
]]></system-err>
  </testcase>
  <testcase name="testRegexWithBadCaptureGroup" classname="org.apache.nifi.processors.standard.TestReplaceText" time="0.001">
    <system-err><![CDATA[[pool-254-thread-1] INFO org.apache.nifi.processors.standard.ReplaceText - ReplaceText[id=2a4e1929-4ca0-4d9e-b3c5-9cba72bac506] Transferred FlowFile[0,93318904789366.mockFlowFile,0B] to 'success'
]]></system-err>
  </testcase>
  <testcase name="testSimpleLiteral" classname="org.apache.nifi.processors.standard.TestReplaceText" time="0.002">
    <system-err><![CDATA[[pool-255-thread-1] INFO org.apache.nifi.processors.standard.ReplaceText - ReplaceText[id=0f818140-076c-456a-9a10-f188142a20c5] Transferred FlowFile[0,93318906234733.mockFlowFile,193B] to 'success'
]]></system-err>
  </testcase>
  <testcase name="testAppendFirstLineWithCarriageReturnNewLine" classname="org.apache.nifi.processors.standard.TestReplaceText" time="0.001">
    <system-err><![CDATA[[pool-256-thread-1] INFO org.apache.nifi.processors.standard.ReplaceText - ReplaceText[id=abed59db-b38f-4382-8b7c-ab270c118ba8] Transferred FlowFile[0,93318907370032.mockFlowFile,18B] to 'success'
]]></system-err>
  </testcase>
  <testcase name="testForStackOverflow" classname="org.apache.nifi.processors.standard.TestReplaceText" time="0.012">
    <system-err><![CDATA[[pool-257-thread-1] INFO org.apache.nifi.processors.standard.ReplaceText - ReplaceText[id=834424ec-57ba-4b96-8a2d-4dc5995907df] Transferred FlowFile[0,93318916521710.mockFlowFile,1000000B] to 'failure' due to java.lang.StackOverflowError
]]></system-err>
  </testcase>
  <testcase name="testReplaceWithEmptyStringLineByLine" classname="org.apache.nifi.processors.standard.TestReplaceText" time="0.001">
    <system-err><![CDATA[[pool-258-thread-1] INFO org.apache.nifi.processors.standard.ReplaceText - ReplaceText[id=65efdb10-ea45-4ca2-821b-7347fd7b5dd5] Transferred FlowFile[0,93318920926790.mockFlowFile,181B] to 'success'
]]></system-err>
  </testcase>
  <testcase name="testIterativeRegexReplace" classname="org.apache.nifi.processors.standard.TestReplaceText" time="0.001">
    <system-err><![CDATA[[pool-259-thread-1] INFO org.apache.nifi.processors.standard.ReplaceText - ReplaceText[id=e4353959-5182-43b1-8dd1-6e2ce04f5b05] Transferred FlowFile[0,93318922321985.mockFlowFile,51B] to 'success'
]]></system-err>
  </testcase>
  <testcase name="testReplacementWithExpressionLanguageIsEscapedLineByLine" classname="org.apache.nifi.processors.standard.TestReplaceText" time="0.002">
    <system-err><![CDATA[[pool-260-thread-1] INFO org.apache.nifi.processors.standard.ReplaceText - ReplaceText[id=58225c50-f127-46c3-a161-b67437d2c488] Transferred FlowFile[0,93318924100072.mockFlowFile,205B] to 'success'
]]></system-err>
  </testcase>
  <testcase name="testAppendWithCarriageReturn" classname="org.apache.nifi.processors.standard.TestReplaceText" time="0.001">
    <system-err><![CDATA[[pool-261-thread-1] INFO org.apache.nifi.processors.standard.ReplaceText - ReplaceText[id=8b5e198d-b26b-43c4-99cd-69ac87b6721d] Transferred FlowFile[0,93318925793563.mockFlowFile,18B] to 'success'
]]></system-err>
  </testcase>
  <testcase name="testGetExistingContentLineByLine" classname="org.apache.nifi.processors.standard.TestReplaceText" time="0.002">
    <system-out><![CDATA[attribute header

abc.txt

data header

Hello


footer
attribute header

abc.txt

data header

World!

footer

]]></system-out>
    <system-err><![CDATA[[pool-262-thread-1] INFO org.apache.nifi.processors.standard.ReplaceText - ReplaceText[id=34d26d6b-dbbc-4ba8-babd-1ed530d80e1e] Transferred FlowFile[0,abc.txt,110B] to 'success'
]]></system-err>
  </testcase>
  <testcase name="testLiteralReplaceWithExpressionLanguageInReplacementLineByLine" classname="org.apache.nifi.processors.standard.TestReplaceText" time="0.001">
    <system-err><![CDATA[[pool-263-thread-1] INFO org.apache.nifi.processors.standard.ReplaceText - ReplaceText[id=c9ddb52f-849f-473e-bcfc-49538a9f7ac6] Transferred FlowFile[0,93318928336642.mockFlowFile,21B] to 'success'
]]></system-err>
  </testcase>
  <testcase name="testLiteralBackReferenceLineByLine" classname="org.apache.nifi.processors.standard.TestReplaceText" time="0.001">
    <system-err><![CDATA[[pool-264-thread-1] INFO org.apache.nifi.processors.standard.ReplaceText - ReplaceText[id=84cdac3f-3438-49b0-a810-481478bd5697] Transferred FlowFile[0,93318930082431.mockFlowFile,205B] to 'success'
]]></system-err>
  </testcase>
  <testcase name="testLiteralLineByLine" classname="org.apache.nifi.processors.standard.TestReplaceText" time="0.001">
    <system-err><![CDATA[[pool-265-thread-1] INFO org.apache.nifi.processors.standard.ReplaceText - ReplaceText[id=d153e14a-94a3-4a17-96d1-14fe5a102078] Transferred FlowFile[0,93318931293307.mockFlowFile,31B] to 'success'
]]></system-err>
  </testcase>
  <testcase name="testDefaultMultilineReplacement" classname="org.apache.nifi.processors.standard.TestReplaceText" time="0.001">
    <system-err><![CDATA[[pool-266-thread-1] INFO org.apache.nifi.processors.standard.ReplaceText - ReplaceText[id=12f30ec3-e4de-4089-97f6-d4ed546f0c5e] Transferred FlowFile[0,93318932436868.mockFlowFile,25B] to 'success'
]]></system-err>
  </testcase>
  <testcase name="testProcessorConfigurationRegexNotValid" classname="org.apache.nifi.processors.standard.TestReplaceText" time="0.002">
    <system-err><![CDATA[[pool-267-thread-1] INFO org.apache.nifi.processors.standard.ReplaceText - ReplaceText[id=14bf24c2-b3ab-444e-bb4e-5f2199673219] Transferred FlowFile[0,93318934712032.mockFlowFile,5B] to 'success'
]]></system-err>
  </testcase>
  <testcase name="testBackReferenceWithTooLargeOfIndexIsEscaped" classname="org.apache.nifi.processors.standard.TestReplaceText" time="0.001">
    <system-err><![CDATA[[pool-268-thread-1] INFO org.apache.nifi.processors.standard.ReplaceText - ReplaceText[id=5ed82a1b-e22e-47da-a926-bc57825ea0af] Transferred FlowFile[0,hello.txt,15B] to 'success'
]]></system-err>
  </testcase>
  <testcase name="testPrependSimple" classname="org.apache.nifi.processors.standard.TestReplaceText" time="0.002">
    <system-err><![CDATA[[pool-269-thread-1] INFO org.apache.nifi.processors.standard.ReplaceText - ReplaceText[id=377927df-b834-4a0e-8e3b-55853cc1f792] Transferred FlowFile[0,hello.txt,17B] to 'success'
]]></system-err>
  </testcase>
  <testcase name="testAppendExceptLastLineWithCarriageReturnNewLine" classname="org.apache.nifi.processors.standard.TestReplaceText" time="0.001">
    <system-err><![CDATA[[pool-270-thread-1] INFO org.apache.nifi.processors.standard.ReplaceText - ReplaceText[id=5e7e6ecf-e4cd-42a7-b090-15cdc2dc44c6] Transferred FlowFile[0,93318938416360.mockFlowFile,19B] to 'success'
]]></system-err>
  </testcase>
  <testcase name="testAppendExceptFirstLineWithCarriageReturn" classname="org.apache.nifi.processors.standard.TestReplaceText" time="0">
    <system-err><![CDATA[[pool-271-thread-1] INFO org.apache.nifi.processors.standard.ReplaceText - ReplaceText[id=57794178-80af-4b28-9264-aa3fba3a02f4] Transferred FlowFile[0,93318939379429.mockFlowFile,17B] to 'success'
]]></system-err>
  </testcase>
  <testcase name="testAppendLastLineWithCarriageReturnNewLine" classname="org.apache.nifi.processors.standard.TestReplaceText" time="0.001">
    <system-err><![CDATA[[pool-272-thread-1] INFO org.apache.nifi.processors.standard.ReplaceText - ReplaceText[id=244a1ef4-7100-4162-84ad-7e9599d11a85] Transferred FlowFile[0,93318940323679.mockFlowFile,18B] to 'success'
]]></system-err>
  </testcase>
  <testcase name="testBackReferenceLineByLine" classname="org.apache.nifi.processors.standard.TestReplaceText" time="0.001">
    <system-err><![CDATA[[pool-273-thread-1] INFO org.apache.nifi.processors.standard.ReplaceText - ReplaceText[id=cd00b3ef-9be7-4b7c-a83d-01aea79f1490] Transferred FlowFile[0,93318941517087.mockFlowFile,199B] to 'success'
]]></system-err>
  </testcase>
  <testcase name="testAppendExceptLastLineWithCarriageReturn" classname="org.apache.nifi.processors.standard.TestReplaceText" time="0.001">
    <system-err><![CDATA[[pool-274-thread-1] INFO org.apache.nifi.processors.standard.ReplaceText - ReplaceText[id=e1b80e7a-f66a-4e71-a28e-9313cb4027d9] Transferred FlowFile[0,93318942774850.mockFlowFile,17B] to 'success'
]]></system-err>
  </testcase>
  <testcase name="testCapturingGroupInExpressionLanguage" classname="org.apache.nifi.processors.standard.TestReplaceText" time="0.003">
    <system-err><![CDATA[[pool-275-thread-1] INFO org.apache.nifi.processors.standard.ReplaceText - ReplaceText[id=878e41dd-0eb3-4cdd-9fbf-7ddd96441daa] Transferred FlowFile[0,93318943882056.mockFlowFile,79B] to 'success'
]]></system-err>
  </testcase>
  <testcase name="testWithEscaped$InReplacement" classname="org.apache.nifi.processors.standard.TestReplaceText" time="0.001">
    <system-err><![CDATA[[pool-276-thread-1] INFO org.apache.nifi.processors.standard.ReplaceText - ReplaceText[id=ae337fb3-2a80-441f-b82d-9af9a0308a6d] Transferred FlowFile[0,93318946548141.mockFlowFile,4B] to 'success'
]]></system-err>
  </testcase>
  <testcase name="testLiteralBackReferenceExceptFirstLine" classname="org.apache.nifi.processors.standard.TestReplaceText" time="0.001">
    <system-err><![CDATA[[pool-277-thread-1] INFO org.apache.nifi.processors.standard.ReplaceText - ReplaceText[id=247d4f89-2343-4fbc-b8b3-f33aa01d46af] Transferred FlowFile[0,93318947936764.mockFlowFile,202B] to 'success'
]]></system-err>
  </testcase>
  <testcase name="testSubstituteVariablesWithEvaluationModeEntireText" classname="org.apache.nifi.processors.standard.TestReplaceText" time="0.001">
    <system-err><![CDATA[[pool-278-thread-1] INFO org.apache.nifi.processors.standard.ReplaceText - ReplaceText[id=a26264d0-2f28-470b-919a-ef42dab24ab2] Transferred FlowFile[0,93318948969169.mockFlowFile,21B] to 'success'
]]></system-err>
  </testcase>
  <testcase name="testReplacementWithExpressionLanguage" classname="org.apache.nifi.processors.standard.TestReplaceText" time="0.001">
    <system-err><![CDATA[[pool-279-thread-1] INFO org.apache.nifi.processors.standard.ReplaceText - ReplaceText[id=c56a4ce1-3649-4163-9a80-08b24369c82e] Transferred FlowFile[0,hello.txt,13B] to 'success'
]]></system-err>
  </testcase>
  <testcase name="testProblematicCase1" classname="org.apache.nifi.processors.standard.TestReplaceText" time="0.002">
    <system-out><![CDATA[abc.txt	2024/05/02T022139Z	13

]]></system-out>
    <system-err><![CDATA[[pool-280-thread-1] INFO org.apache.nifi.processors.standard.ReplaceText - ReplaceText[id=a6277038-c452-4a8a-801d-07ea271ed5cc] Transferred FlowFile[0,abc.txt,30B] to 'success'
]]></system-err>
  </testcase>
  <testcase name="testBackReferenceWithInvalidReferenceIsEscaped" classname="org.apache.nifi.processors.standard.TestReplaceText" time="0.001">
    <system-err><![CDATA[[pool-281-thread-1] INFO org.apache.nifi.processors.standard.ReplaceText - ReplaceText[id=9d1263f6-9570-4a3a-aed5-445064765fc1] Transferred FlowFile[0,hello.txt,12B] to 'success'
]]></system-err>
  </testcase>
  <testcase name="testIterativeRegexReplaceLineByLine" classname="org.apache.nifi.processors.standard.TestReplaceText" time="0.002">
    <system-err><![CDATA[[pool-282-thread-1] INFO org.apache.nifi.processors.standard.ReplaceText - ReplaceText[id=a10c9c2e-9989-4ec0-aa63-67141d0aaed7] Transferred FlowFile[0,93318954022335.mockFlowFile,51B] to 'success'
]]></system-err>
  </testcase>
  <testcase name="testLiteralSimple" classname="org.apache.nifi.processors.standard.TestReplaceText" time="0.001">
    <system-err><![CDATA[[pool-283-thread-1] INFO org.apache.nifi.processors.standard.ReplaceText - ReplaceText[id=77ce5e16-e88f-465c-9cff-1c0a0945977c] Transferred FlowFile[0,hello.txt,13B] to 'success'
]]></system-err>
  </testcase>
  <testcase name="testBackReferenceWithTooLargeOfIndexIsEscapedFirstLine" classname="org.apache.nifi.processors.standard.TestReplaceText" time="0.001">
    <system-err><![CDATA[[pool-284-thread-1] INFO org.apache.nifi.processors.standard.ReplaceText - ReplaceText[id=4a0135ce-d7d1-4f12-a9e3-075e77215ce4] Transferred FlowFile[0,93318956426187.mockFlowFile,195B] to 'success'
]]></system-err>
  </testcase>
  <testcase name="testPrependLineByLine" classname="org.apache.nifi.processors.standard.TestReplaceText" time="0.001">
    <system-err><![CDATA[[pool-285-thread-1] INFO org.apache.nifi.processors.standard.ReplaceText - ReplaceText[id=e037a79b-ad36-4b38-9bed-622f9685b27e] Transferred FlowFile[0,93318957377964.mockFlowFile,20B] to 'success'
]]></system-err>
  </testcase>
  <testcase name="testLiteralBackReferenceLastLine" classname="org.apache.nifi.processors.standard.TestReplaceText" time="0.001">
    <system-err><![CDATA[[pool-286-thread-1] INFO org.apache.nifi.processors.standard.ReplaceText - ReplaceText[id=eafe4142-11ed-45b8-a295-a40518849241] Transferred FlowFile[0,93318958454323.mockFlowFile,199B] to 'success'
]]></system-err>
  </testcase>
  <testcase name="testBackReferenceWithInvalidReferenceIsEscapedLineByLine" classname="org.apache.nifi.processors.standard.TestReplaceText" time="0.001">
    <system-err><![CDATA[[pool-287-thread-1] INFO org.apache.nifi.processors.standard.ReplaceText - ReplaceText[id=44885f28-1fed-4167-a742-d27a1aeddb45] Transferred FlowFile[0,93318959449276.mockFlowFile,193B] to 'success'
]]></system-err>
  </testcase>
  <testcase name="testSimple" classname="org.apache.nifi.processors.standard.TestReplaceText" time="0.001">
    <system-err><![CDATA[[pool-288-thread-1] INFO org.apache.nifi.processors.standard.ReplaceText - ReplaceText[id=9213d200-2105-4c7d-b86a-f973046c3a9f] Transferred FlowFile[0,hello.txt,13B] to 'success'
]]></system-err>
  </testcase>
  <testcase name="testRegexWithExpressionLanguageLineByLine" classname="org.apache.nifi.processors.standard.TestReplaceText" time="0.002">
    <system-err><![CDATA[[pool-289-thread-1] INFO org.apache.nifi.processors.standard.ReplaceText - ReplaceText[id=8e4613a6-940f-49ac-9788-4b5f1c077914] Transferred FlowFile[0,93318961727744.mockFlowFile,196B] to 'success'
]]></system-err>
  </testcase>
  <testcase name="testWithMultipleMatches" classname="org.apache.nifi.processors.standard.TestReplaceText" time="0.001">
    <system-err><![CDATA[[pool-290-thread-1] INFO org.apache.nifi.processors.standard.ReplaceText - ReplaceText[id=c93b30c5-4590-461b-bd82-85e8a0734f31] Transferred FlowFile[0,hello.txt,13B] to 'success'
]]></system-err>
  </testcase>
  <testcase name="testBackReferenceEscapeWithRegexReplaceUsingEL" classname="org.apache.nifi.processors.standard.TestReplaceText" time="0.003">
    <system-err><![CDATA[[pool-291-thread-1] INFO org.apache.nifi.processors.standard.ReplaceText - ReplaceText[id=6975d61c-9722-4a79-92b7-e53983f093d3] Transferred FlowFile[0,93318964629448.mockFlowFile,5B] to 'success'
[pool-292-thread-1] INFO org.apache.nifi.processors.standard.ReplaceText - ReplaceText[id=6975d61c-9722-4a79-92b7-e53983f093d3] Transferred FlowFile[1,93318965418676.mockFlowFile,6B] to 'success'
[pool-293-thread-1] INFO org.apache.nifi.processors.standard.ReplaceText - ReplaceText[id=6975d61c-9722-4a79-92b7-e53983f093d3] Transferred FlowFile[2,93318966268956.mockFlowFile,8B] to 'success'
]]></system-err>
  </testcase>
  <testcase name="testSubstituteVariablesWhenVariableNameEmpty" classname="org.apache.nifi.processors.standard.TestReplaceText" time="0">
    <system-err><![CDATA[[pool-294-thread-1] INFO org.apache.nifi.processors.standard.ReplaceText - ReplaceText[id=3000fba3-2fd1-4f32-9a75-c465cd8a9f10] Transferred FlowFile[0,93318967384393.mockFlowFile,21B] to 'success'
]]></system-err>
  </testcase>
  <testcase name="testAttributeToContentWindows" classname="org.apache.nifi.processors.standard.TestReplaceText" time="0">
    <system-err><![CDATA[[pool-295-thread-1] INFO org.apache.nifi.processors.standard.ReplaceText - ReplaceText[id=0e4b086e-1f9a-4924-88cc-f373b2db3d96] Transferred FlowFile[0,93318968189538.mockFlowFile,17B] to 'success'
]]></system-err>
  </testcase>
  <testcase name="testAttributeToContent" classname="org.apache.nifi.processors.standard.TestReplaceText" time="0.001">
    <system-err><![CDATA[[pool-296-thread-1] INFO org.apache.nifi.processors.standard.ReplaceText - ReplaceText[id=ee29e371-5f7b-403d-9ace-da51ac408180] Transferred FlowFile[0,hello.txt,4B] to 'success'
]]></system-err>
  </testcase>
  <testcase name="testSubstituteVariablesWhenVariableReferenceEscaped" classname="org.apache.nifi.processors.standard.TestReplaceText" time="0">
    <system-err><![CDATA[[pool-297-thread-1] INFO org.apache.nifi.processors.standard.ReplaceText - ReplaceText[id=d9347eed-ae22-430f-ab82-5f5a2ab092f8] Transferred FlowFile[0,93318970206074.mockFlowFile,29B] to 'success'
]]></system-err>
  </testcase>
</testsuite>