<?xml version="1.0" encoding="UTF-8"?>
<testsuite xmlns:xsi="http://www.w3.org/2001/XMLSchema-instance" xsi:noNamespaceSchemaLocation="https://maven.apache.org/surefire/maven-surefire-plugin/xsd/surefire-test-report-3.0.xsd" version="3.0" name="org.apache.nifi.minifi.bootstrap.configuration.ingestors.PullHttpChangeIngestorTest" time="1.662" tests="7" errors="0" skipped="0" failures="0">
  <properties>
    <property name="sun.desktop" value="gnome"/>
    <property name="awt.toolkit" value="sun.awt.X11.XToolkit"/>
    <property name="file.encoding.pkg" value="sun.io"/>
    <property name="java.specification.version" value="1.8"/>
    <property name="sun.cpu.isalist" value=""/>
    <property name="sun.jnu.encoding" value="UTF-8"/>
    <property name="java.class.path" value="/home/alex/Repositories/nifi/minifi/minifi-bootstrap/target/test-classes:/home/alex/Repositories/nifi/minifi/minifi-bootstrap/target/classes:/home/alex/.m2/repository/org/slf4j/slf4j-api/1.7.32/slf4j-api-1.7.32.jar:/home/alex/.m2/repository/ch/qos/logback/logback-classic/1.2.6/logback-classic-1.2.6.jar:/home/alex/.m2/repository/ch/qos/logback/logback-core/1.2.6/logback-core-1.2.6.jar:/home/alex/Repositories/nifi/nifi-api/target/classes:/home/alex/Repositories/nifi/nifi-commons/nifi-bootstrap-utils/target/classes:/home/alex/.m2/repository/net/java/dev/jna/jna-platform/4.4.0/jna-platform-4.4.0.jar:/home/alex/.m2/repository/net/java/dev/jna/jna/4.4.0/jna-4.4.0.jar:/home/alex/Repositories/nifi/nifi-nar-bundles/nifi-extension-utils/nifi-processor-utils/target/classes:/home/alex/Repositories/nifi/nifi-commons/nifi-security-socket-ssl/target/classes:/home/alex/.m2/repository/org/apache/commons/commons-lang3/3.9/commons-lang3-3.9.jar:/home/alex/.m2/repository/com/fasterxml/jackson/core/jackson-databind/2.12.3/jackson-databind-2.12.3.jar:/home/alex/.m2/repository/com/fasterxml/jackson/core/jackson-annotations/2.12.3/jackson-annotations-2.12.3.jar:/home/alex/.m2/repository/com/fasterxml/jackson/core/jackson-core/2.12.3/jackson-core-2.12.3.jar:/home/alex/Repositories/nifi/nifi-nar-bundles/nifi-standard-services/nifi-record-serialization-service-api/target/classes:/home/alex/Repositories/nifi/nifi-commons/nifi-record/target/classes:/home/alex/Repositories/nifi/nifi-nar-bundles/nifi-extension-utils/nifi-event-transport/target/classes:/home/alex/.m2/repository/io/netty/netty-handler/4.1.69.Final/netty-handler-4.1.69.Final.jar:/home/alex/.m2/repository/io/netty/netty-common/4.1.69.Final/netty-common-4.1.69.Final.jar:/home/alex/.m2/repository/io/netty/netty-resolver/4.1.69.Final/netty-resolver-4.1.69.Final.jar:/home/alex/.m2/repository/io/netty/netty-buffer/4.1.69.Final/netty-buffer-4.1.69.Final.jar:/home/alex/.m2/repository/io/netty/netty-transport/4.1.69.Final/netty-transport-4.1.69.Final.jar:/home/alex/.m2/repository/io/netty/netty-codec/4.1.69.Final/netty-codec-4.1.69.Final.jar:/home/alex/Repositories/nifi/nifi-commons/nifi-expression-language/target/classes:/home/alex/.m2/repository/org/antlr/antlr-runtime/3.5.2/antlr-runtime-3.5.2.jar:/home/alex/Repositories/nifi/nifi-commons/nifi-parameter/target/classes:/home/alex/Repositories/nifi/nifi-commons/nifi-uuid5/target/classes:/home/alex/.m2/repository/com/jayway/jsonpath/json-path/2.6.0/json-path-2.6.0.jar:/home/alex/.m2/repository/net/minidev/json-smart/2.4.7/json-smart-2.4.7.jar:/home/alex/.m2/repository/net/minidev/accessors-smart/2.4.7/accessors-smart-2.4.7.jar:/home/alex/.m2/repository/org/ow2/asm/asm/9.1/asm-9.1.jar:/home/alex/.m2/repository/org/apache/commons/commons-text/1.8/commons-text-1.8.jar:/home/alex/.m2/repository/commons-codec/commons-codec/1.10/commons-codec-1.10.jar:/home/alex/Repositories/nifi/minifi/minifi-commons/minifi-utils/target/classes:/home/alex/Repositories/nifi/nifi-commons/nifi-utils/target/classes:/home/alex/Repositories/nifi/nifi-commons/nifi-properties/target/classes:/home/alex/Repositories/nifi/nifi-commons/nifi-property-utils/target/classes:/home/alex/.m2/repository/org/yaml/snakeyaml/1.29/snakeyaml-1.29.jar:/home/alex/Repositories/nifi/minifi/minifi-commons/minifi-commons-schema/target/classes:/home/alex/.m2/repository/org/eclipse/jetty/jetty-server/9.4.44.v20210927/jetty-server-9.4.44.v20210927.jar:/home/alex/.m2/repository/javax/servlet/javax.servlet-api/3.1.0/javax.servlet-api-3.1.0.jar:/home/alex/.m2/repository/org/eclipse/jetty/jetty-http/9.4.44.v20210927/jetty-http-9.4.44.v20210927.jar:/home/alex/.m2/repository/org/eclipse/jetty/jetty-util/9.4.44.v20210927/jetty-util-9.4.44.v20210927.jar:/home/alex/.m2/repository/org/eclipse/jetty/jetty-io/9.4.44.v20210927/jetty-io-9.4.44.v20210927.jar:/home/alex/.m2/repository/org/eclipse/jetty/jetty-servlet/9.4.44.v20210927/jetty-servlet-9.4.44.v20210927.jar:/home/alex/.m2/repository/org/eclipse/jetty/jetty-security/9.4.44.v20210927/jetty-security-9.4.44.v20210927.jar:/home/alex/.m2/repository/org/eclipse/jetty/jetty-util-ajax/9.4.44.v20210927/jetty-util-ajax-9.4.44.v20210927.jar:/home/alex/.m2/repository/com/squareup/okhttp3/okhttp/3.12.3/okhttp-3.12.3.jar:/home/alex/.m2/repository/com/squareup/okio/okio/1.15.0/okio-1.15.0.jar:/home/alex/.m2/repository/commons-io/commons-io/2.10.0/commons-io-2.10.0.jar:/home/alex/.m2/repository/junit/junit/4.13.2/junit-4.13.2.jar:/home/alex/.m2/repository/org/hamcrest/hamcrest-core/1.3/hamcrest-core-1.3.jar:/home/alex/.m2/repository/org/mockito/mockito-all/1.10.19/mockito-all-1.10.19.jar:/home/alex/.m2/repository/org/slf4j/slf4j-simple/1.7.32/slf4j-simple-1.7.32.jar:/home/alex/.m2/repository/org/junit/jupiter/junit-jupiter-api/5.7.2/junit-jupiter-api-5.7.2.jar:/home/alex/.m2/repository/org/apiguardian/apiguardian-api/1.1.0/apiguardian-api-1.1.0.jar:/home/alex/.m2/repository/org/opentest4j/opentest4j/1.2.0/opentest4j-1.2.0.jar:/home/alex/.m2/repository/org/junit/platform/junit-platform-commons/1.7.2/junit-platform-commons-1.7.2.jar:/home/alex/.m2/repository/org/junit/jupiter/junit-jupiter-engine/5.7.2/junit-jupiter-engine-5.7.2.jar:/home/alex/.m2/repository/org/junit/platform/junit-platform-engine/1.7.2/junit-platform-engine-1.7.2.jar:/home/alex/.m2/repository/org/junit/vintage/junit-vintage-engine/5.7.2/junit-vintage-engine-5.7.2.jar:/home/alex/.m2/repository/org/junit/jupiter/junit-jupiter-params/5.7.2/junit-jupiter-params-5.7.2.jar:/home/alex/.m2/repository/org/mockito/mockito-core/3.11.2/mockito-core-3.11.2.jar:/home/alex/.m2/repository/net/bytebuddy/byte-buddy/1.11.3/byte-buddy-1.11.3.jar:/home/alex/.m2/repository/net/bytebuddy/byte-buddy-agent/1.11.3/byte-buddy-agent-1.11.3.jar:/home/alex/.m2/repository/org/objenesis/objenesis/3.2/objenesis-3.2.jar:/home/alex/.m2/repository/org/mockito/mockito-junit-jupiter/3.11.2/mockito-junit-jupiter-3.11.2.jar:/home/alex/.m2/repository/org/codehaus/groovy/groovy-test/2.5.14/groovy-test-2.5.14.jar:/home/alex/.m2/repository/org/codehaus/groovy/groovy/2.5.14/groovy-2.5.14.jar:"/>
    <property name="java.vm.vendor" value="Private Build"/>
    <property name="sun.arch.data.model" value="64"/>
    <property name="java.vendor.url" value="http://java.oracle.com/"/>
    <property name="user.timezone" value="Europe/Lisbon"/>
    <property name="java.vm.specification.version" value="1.8"/>
    <property name="os.name" value="Linux"/>
    <property name="user.country" value="US"/>
    <property name="sun.java.launcher" value="SUN_STANDARD"/>
    <property name="sun.boot.library.path" value="/usr/lib/jvm/java-8-openjdk-amd64/jre/lib/amd64"/>
    <property name="sun.java.command" value="/home/alex/Repositories/nifi/minifi/minifi-bootstrap/target/surefire/surefirebooter7615888553529736416.jar /home/alex/Repositories/nifi/minifi/minifi-bootstrap/target/surefire 2024-05-02T02-13-54_999-jvmRun1 surefire4288932775162710114tmp surefire_1828943175523126713460tmp"/>
    <property name="surefire.test.class.path" value="/home/alex/Repositories/nifi/minifi/minifi-bootstrap/target/test-classes:/home/alex/Repositories/nifi/minifi/minifi-bootstrap/target/classes:/home/alex/.m2/repository/org/slf4j/slf4j-api/1.7.32/slf4j-api-1.7.32.jar:/home/alex/.m2/repository/ch/qos/logback/logback-classic/1.2.6/logback-classic-1.2.6.jar:/home/alex/.m2/repository/ch/qos/logback/logback-core/1.2.6/logback-core-1.2.6.jar:/home/alex/Repositories/nifi/nifi-api/target/classes:/home/alex/Repositories/nifi/nifi-commons/nifi-bootstrap-utils/target/classes:/home/alex/.m2/repository/net/java/dev/jna/jna-platform/4.4.0/jna-platform-4.4.0.jar:/home/alex/.m2/repository/net/java/dev/jna/jna/4.4.0/jna-4.4.0.jar:/home/alex/Repositories/nifi/nifi-nar-bundles/nifi-extension-utils/nifi-processor-utils/target/classes:/home/alex/Repositories/nifi/nifi-commons/nifi-security-socket-ssl/target/classes:/home/alex/.m2/repository/org/apache/commons/commons-lang3/3.9/commons-lang3-3.9.jar:/home/alex/.m2/repository/com/fasterxml/jackson/core/jackson-databind/2.12.3/jackson-databind-2.12.3.jar:/home/alex/.m2/repository/com/fasterxml/jackson/core/jackson-annotations/2.12.3/jackson-annotations-2.12.3.jar:/home/alex/.m2/repository/com/fasterxml/jackson/core/jackson-core/2.12.3/jackson-core-2.12.3.jar:/home/alex/Repositories/nifi/nifi-nar-bundles/nifi-standard-services/nifi-record-serialization-service-api/target/classes:/home/alex/Repositories/nifi/nifi-commons/nifi-record/target/classes:/home/alex/Repositories/nifi/nifi-nar-bundles/nifi-extension-utils/nifi-event-transport/target/classes:/home/alex/.m2/repository/io/netty/netty-handler/4.1.69.Final/netty-handler-4.1.69.Final.jar:/home/alex/.m2/repository/io/netty/netty-common/4.1.69.Final/netty-common-4.1.69.Final.jar:/home/alex/.m2/repository/io/netty/netty-resolver/4.1.69.Final/netty-resolver-4.1.69.Final.jar:/home/alex/.m2/repository/io/netty/netty-buffer/4.1.69.Final/netty-buffer-4.1.69.Final.jar:/home/alex/.m2/repository/io/netty/netty-transport/4.1.69.Final/netty-transport-4.1.69.Final.jar:/home/alex/.m2/repository/io/netty/netty-codec/4.1.69.Final/netty-codec-4.1.69.Final.jar:/home/alex/Repositories/nifi/nifi-commons/nifi-expression-language/target/classes:/home/alex/.m2/repository/org/antlr/antlr-runtime/3.5.2/antlr-runtime-3.5.2.jar:/home/alex/Repositories/nifi/nifi-commons/nifi-parameter/target/classes:/home/alex/Repositories/nifi/nifi-commons/nifi-uuid5/target/classes:/home/alex/.m2/repository/com/jayway/jsonpath/json-path/2.6.0/json-path-2.6.0.jar:/home/alex/.m2/repository/net/minidev/json-smart/2.4.7/json-smart-2.4.7.jar:/home/alex/.m2/repository/net/minidev/accessors-smart/2.4.7/accessors-smart-2.4.7.jar:/home/alex/.m2/repository/org/ow2/asm/asm/9.1/asm-9.1.jar:/home/alex/.m2/repository/org/apache/commons/commons-text/1.8/commons-text-1.8.jar:/home/alex/.m2/repository/commons-codec/commons-codec/1.10/commons-codec-1.10.jar:/home/alex/Repositories/nifi/minifi/minifi-commons/minifi-utils/target/classes:/home/alex/Repositories/nifi/nifi-commons/nifi-utils/target/classes:/home/alex/Repositories/nifi/nifi-commons/nifi-properties/target/classes:/home/alex/Repositories/nifi/nifi-commons/nifi-property-utils/target/classes:/home/alex/.m2/repository/org/yaml/snakeyaml/1.29/snakeyaml-1.29.jar:/home/alex/Repositories/nifi/minifi/minifi-commons/minifi-commons-schema/target/classes:/home/alex/.m2/repository/org/eclipse/jetty/jetty-server/9.4.44.v20210927/jetty-server-9.4.44.v20210927.jar:/home/alex/.m2/repository/javax/servlet/javax.servlet-api/3.1.0/javax.servlet-api-3.1.0.jar:/home/alex/.m2/repository/org/eclipse/jetty/jetty-http/9.4.44.v20210927/jetty-http-9.4.44.v20210927.jar:/home/alex/.m2/repository/org/eclipse/jetty/jetty-util/9.4.44.v20210927/jetty-util-9.4.44.v20210927.jar:/home/alex/.m2/repository/org/eclipse/jetty/jetty-io/9.4.44.v20210927/jetty-io-9.4.44.v20210927.jar:/home/alex/.m2/repository/org/eclipse/jetty/jetty-servlet/9.4.44.v20210927/jetty-servlet-9.4.44.v20210927.jar:/home/alex/.m2/repository/org/eclipse/jetty/jetty-security/9.4.44.v20210927/jetty-security-9.4.44.v20210927.jar:/home/alex/.m2/repository/org/eclipse/jetty/jetty-util-ajax/9.4.44.v20210927/jetty-util-ajax-9.4.44.v20210927.jar:/home/alex/.m2/repository/com/squareup/okhttp3/okhttp/3.12.3/okhttp-3.12.3.jar:/home/alex/.m2/repository/com/squareup/okio/okio/1.15.0/okio-1.15.0.jar:/home/alex/.m2/repository/commons-io/commons-io/2.10.0/commons-io-2.10.0.jar:/home/alex/.m2/repository/junit/junit/4.13.2/junit-4.13.2.jar:/home/alex/.m2/repository/org/hamcrest/hamcrest-core/1.3/hamcrest-core-1.3.jar:/home/alex/.m2/repository/org/mockito/mockito-all/1.10.19/mockito-all-1.10.19.jar:/home/alex/.m2/repository/org/slf4j/slf4j-simple/1.7.32/slf4j-simple-1.7.32.jar:/home/alex/.m2/repository/org/junit/jupiter/junit-jupiter-api/5.7.2/junit-jupiter-api-5.7.2.jar:/home/alex/.m2/repository/org/apiguardian/apiguardian-api/1.1.0/apiguardian-api-1.1.0.jar:/home/alex/.m2/repository/org/opentest4j/opentest4j/1.2.0/opentest4j-1.2.0.jar:/home/alex/.m2/repository/org/junit/platform/junit-platform-commons/1.7.2/junit-platform-commons-1.7.2.jar:/home/alex/.m2/repository/org/junit/jupiter/junit-jupiter-engine/5.7.2/junit-jupiter-engine-5.7.2.jar:/home/alex/.m2/repository/org/junit/platform/junit-platform-engine/1.7.2/junit-platform-engine-1.7.2.jar:/home/alex/.m2/repository/org/junit/vintage/junit-vintage-engine/5.7.2/junit-vintage-engine-5.7.2.jar:/home/alex/.m2/repository/org/junit/jupiter/junit-jupiter-params/5.7.2/junit-jupiter-params-5.7.2.jar:/home/alex/.m2/repository/org/mockito/mockito-core/3.11.2/mockito-core-3.11.2.jar:/home/alex/.m2/repository/net/bytebuddy/byte-buddy/1.11.3/byte-buddy-1.11.3.jar:/home/alex/.m2/repository/net/bytebuddy/byte-buddy-agent/1.11.3/byte-buddy-agent-1.11.3.jar:/home/alex/.m2/repository/org/objenesis/objenesis/3.2/objenesis-3.2.jar:/home/alex/.m2/repository/org/mockito/mockito-junit-jupiter/3.11.2/mockito-junit-jupiter-3.11.2.jar:/home/alex/.m2/repository/org/codehaus/groovy/groovy-test/2.5.14/groovy-test-2.5.14.jar:/home/alex/.m2/repository/org/codehaus/groovy/groovy/2.5.14/groovy-2.5.14.jar:"/>
    <property name="sun.cpu.endian" value="little"/>
    <property name="user.home" value="/home/alex"/>
    <property name="user.language" value="en"/>
    <property name="java.specification.vendor" value="Oracle Corporation"/>
    <property name="java.home" value="/usr/lib/jvm/java-8-openjdk-amd64/jre"/>
    <property name="basedir" value="/home/alex/Repositories/nifi/minifi/minifi-bootstrap"/>
    <property name="file.separator" value="/"/>
    <property name="line.separator" value="&#10;"/>
    <property name="java.vm.specification.vendor" value="Oracle Corporation"/>
    <property name="java.specification.name" value="Java Platform API Specification"/>
    <property name="java.awt.graphicsenv" value="sun.awt.X11GraphicsEnvironment"/>
    <property name="java.awt.headless" value="true"/>
    <property name="surefire.real.class.path" value="/home/alex/Repositories/nifi/minifi/minifi-bootstrap/target/surefire/surefirebooter7615888553529736416.jar"/>
    <property name="sun.boot.class.path" value="/usr/lib/jvm/java-8-openjdk-amd64/jre/lib/resources.jar:/usr/lib/jvm/java-8-openjdk-amd64/jre/lib/rt.jar:/usr/lib/jvm/java-8-openjdk-amd64/jre/lib/sunrsasign.jar:/usr/lib/jvm/java-8-openjdk-amd64/jre/lib/jsse.jar:/usr/lib/jvm/java-8-openjdk-amd64/jre/lib/jce.jar:/usr/lib/jvm/java-8-openjdk-amd64/jre/lib/charsets.jar:/usr/lib/jvm/java-8-openjdk-amd64/jre/lib/jfr.jar:/usr/lib/jvm/java-8-openjdk-amd64/jre/classes"/>
    <property name="sun.management.compiler" value="HotSpot 64-Bit Tiered Compilers"/>
    <property name="java.runtime.version" value="1.8.0_402-8u402-ga-2ubuntu1~22.04-b06"/>
    <property name="java.net.preferIPv4Stack" value="true"/>
    <property name="user.name" value="alex"/>
    <property name="path.separator" value=":"/>
    <property name="os.version" value="6.5.0-28-generic"/>
    <property name="java.endorsed.dirs" value="/usr/lib/jvm/java-8-openjdk-amd64/jre/lib/endorsed"/>
    <property name="java.runtime.name" value="OpenJDK Runtime Environment"/>
    <property name="file.encoding" value="UTF-8"/>
    <property name="java.vm.name" value="OpenJDK 64-Bit Server VM"/>
    <property name="localRepository" value="/home/alex/.m2/repository"/>
    <property name="java.vendor.url.bug" value="http://bugreport.sun.com/bugreport/"/>
    <property name="jetty.git.hash" value="8da83308eeca865e495e53ef315a249d63ba9332"/>
    <property name="java.io.tmpdir" value="/tmp"/>
    <property name="java.version" value="1.8.0_402"/>
    <property name="user.dir" value="/home/alex/Repositories/nifi/minifi/minifi-bootstrap"/>
    <property name="os.arch" value="amd64"/>
    <property name="java.vm.specification.name" value="Java Virtual Machine Specification"/>
    <property name="java.awt.printerjob" value="sun.print.PSPrinterJob"/>
    <property name="sun.os.patch.level" value="unknown"/>
    <property name="java.library.path" value="/usr/java/packages/lib/amd64:/usr/lib/x86_64-linux-gnu/jni:/lib/x86_64-linux-gnu:/usr/lib/x86_64-linux-gnu:/usr/lib/jni:/lib:/usr/lib"/>
    <property name="java.vm.info" value="mixed mode"/>
    <property name="java.vendor" value="Private Build"/>
    <property name="java.vm.version" value="25.402-b06"/>
    <property name="java.specification.maintenance.version" value="5"/>
    <property name="java.ext.dirs" value="/usr/lib/jvm/java-8-openjdk-amd64/jre/lib/ext:/usr/java/packages/lib/ext"/>
    <property name="sun.io.unicode.encoding" value="UnicodeLittle"/>
    <property name="java.class.version" value="52.0"/>
  </properties>
  <testcase name="testNewUpdateWithPath" classname="org.apache.nifi.minifi.bootstrap.configuration.ingestors.PullHttpChangeIngestorTest" time="0.25">
    <system-out><![CDATA[02:33:20.510 [main] DEBUG org.eclipse.jetty.util.log - Logging to Logger[org.eclipse.jetty.util.log] via org.eclipse.jetty.util.log.Slf4jLog
02:33:20.511 [main] INFO org.eclipse.jetty.util.log - Logging initialized @884ms to org.eclipse.jetty.util.log.Slf4jLog
02:33:20.517 [main] DEBUG org.eclipse.jetty.util.component.ContainerLifeCycle - QueuedThreadPool[qtp961160488]@394a2528{STOPPED,8<=0<=200,i=0,r=-1,q=0}[NO_TRY] added {org.eclipse.jetty.util.thread.ThreadPoolBudget@2a266d09,POJO}
02:33:20.531 [main] DEBUG org.eclipse.jetty.util.component.ContainerLifeCycle - Server@53aad5d5{STOPPED}[9.4.44.v20210927] added {QueuedThreadPool[qtp961160488]@394a2528{STOPPED,8<=0<=200,i=0,r=-1,q=0}[NO_TRY],AUTO}
02:33:20.534 [main] DEBUG org.eclipse.jetty.util.component.ContainerLifeCycle - HandlerCollection@2892dae4{STOPPED} added {JettyHandler@355ce81c{STOPPED},AUTO}
02:33:20.535 [main] DEBUG org.eclipse.jetty.util.component.ContainerLifeCycle - Server@53aad5d5{STOPPED}[9.4.44.v20210927] added {HandlerCollection@2892dae4{STOPPED},MANAGED}
02:33:20.551 [main] DEBUG org.eclipse.jetty.util.component.ContainerLifeCycle - HttpConnectionFactory@22e357dc[HTTP/1.1] added {HttpConfiguration@49912c99{32768/8192,8192/8192,https://:0,[]},POJO}
02:33:20.557 [main] DEBUG org.eclipse.jetty.util.component.ContainerLifeCycle - ServerConnector@446293d{null, ()}{0.0.0.0:0} added {Server@53aad5d5{STOPPED}[9.4.44.v20210927],UNMANAGED}
02:33:20.558 [main] DEBUG org.eclipse.jetty.util.component.ContainerLifeCycle - ServerConnector@446293d{null, ()}{0.0.0.0:0} added {QueuedThreadPool[qtp961160488]@394a2528{STOPPED,8<=0<=200,i=0,r=-1,q=0}[NO_TRY],AUTO}
02:33:20.558 [main] DEBUG org.eclipse.jetty.util.component.ContainerLifeCycle - ServerConnector@446293d{null, ()}{0.0.0.0:0} added {ScheduledExecutorScheduler@3059cbc{STOPPED},AUTO}
02:33:20.558 [main] DEBUG org.eclipse.jetty.util.component.ContainerLifeCycle - ServerConnector@446293d{null, ()}{0.0.0.0:0} added {org.eclipse.jetty.io.ArrayByteBufferPool@7ea9e1e2,POJO}
02:33:20.559 [main] DEBUG org.eclipse.jetty.util.component.ContainerLifeCycle - ServerConnector@446293d{null, (http/1.1)}{0.0.0.0:0} added {HttpConnectionFactory@22e357dc[HTTP/1.1],AUTO}
02:33:20.559 [main] DEBUG org.eclipse.jetty.server.AbstractConnector - ServerConnector@446293d{HTTP/1.1, (http/1.1)}{0.0.0.0:0} added HttpConnectionFactory@22e357dc[HTTP/1.1]
02:33:20.563 [main] DEBUG org.eclipse.jetty.util.component.ContainerLifeCycle - ServerConnector@446293d{HTTP/1.1, (http/1.1)}{0.0.0.0:0} added {SelectorManager@ServerConnector@446293d{HTTP/1.1, (http/1.1)}{0.0.0.0:0},MANAGED}
02:33:20.564 [main] DEBUG org.eclipse.jetty.util.component.ContainerLifeCycle - Server@53aad5d5{STOPPED}[9.4.44.v20210927] added {ServerConnector@446293d{HTTP/1.1, (http/1.1)}{localhost:0},AUTO}
02:33:20.564 [main] DEBUG org.eclipse.jetty.util.component.AbstractLifeCycle - starting Server@53aad5d5{STOPPED}[9.4.44.v20210927]
02:33:20.566 [main] DEBUG org.eclipse.jetty.util.component.ContainerLifeCycle - Server@53aad5d5{STARTING}[9.4.44.v20210927] added {ErrorHandler@4d5b6aac{STOPPED},AUTO}
02:33:20.568 [main] INFO org.eclipse.jetty.server.Server - jetty-9.4.44.v20210927; built: 2021-09-27T23:02:44.612Z; git: 8da83308eeca865e495e53ef315a249d63ba9332; jvm 1.8.0_402-8u402-ga-2ubuntu1~22.04-b06
02:33:20.577 [main] DEBUG org.eclipse.jetty.server.handler.AbstractHandler - starting Server@53aad5d5{STARTING}[9.4.44.v20210927]
02:33:20.577 [main] DEBUG org.eclipse.jetty.util.component.AbstractLifeCycle - starting QueuedThreadPool[qtp961160488]@394a2528{STOPPED,8<=0<=200,i=0,r=-1,q=0}[NO_TRY]
02:33:20.578 [main] DEBUG org.eclipse.jetty.util.thread.ReservedThreadExecutor - ReservedThreadExecutor@383bfa16{reserved=0/8,pending=0}
02:33:20.578 [main] DEBUG org.eclipse.jetty.util.component.ContainerLifeCycle - QueuedThreadPool[qtp961160488]@394a2528{STARTING,8<=0<=200,i=0,r=-1,q=0}[ReservedThreadExecutor@383bfa16{reserved=0/8,pending=0}] added {ReservedThreadExecutor@383bfa16{reserved=0/8,pending=0},AUTO}
02:33:20.578 [main] DEBUG org.eclipse.jetty.util.component.AbstractLifeCycle - starting ReservedThreadExecutor@383bfa16{reserved=0/8,pending=0}
02:33:20.581 [main] DEBUG org.eclipse.jetty.util.component.AbstractLifeCycle - STARTED @953ms ReservedThreadExecutor@383bfa16{reserved=0/8,pending=0}
02:33:20.581 [main] DEBUG org.eclipse.jetty.util.thread.QueuedThreadPool - Starting Thread[qtp961160488-15,5,main]
02:33:20.582 [main] DEBUG org.eclipse.jetty.util.thread.QueuedThreadPool - Starting Thread[qtp961160488-16,5,main]
02:33:20.582 [main] DEBUG org.eclipse.jetty.util.thread.QueuedThreadPool - Starting Thread[qtp961160488-17,5,main]
02:33:20.582 [qtp961160488-15] DEBUG org.eclipse.jetty.util.thread.QueuedThreadPool - Runner started for QueuedThreadPool[qtp961160488]@394a2528{STARTING,8<=2<=200,i=2,r=-1,q=0}[ReservedThreadExecutor@383bfa16{reserved=0/8,pending=0}]
02:33:20.582 [main] DEBUG org.eclipse.jetty.util.thread.QueuedThreadPool - Starting Thread[qtp961160488-18,5,main]
02:33:20.582 [qtp961160488-16] DEBUG org.eclipse.jetty.util.thread.QueuedThreadPool - Runner started for QueuedThreadPool[qtp961160488]@394a2528{STARTING,8<=3<=200,i=3,r=-1,q=0}[ReservedThreadExecutor@383bfa16{reserved=0/8,pending=0}]
02:33:20.582 [main] DEBUG org.eclipse.jetty.util.thread.QueuedThreadPool - Starting Thread[qtp961160488-19,5,main]
02:33:20.582 [qtp961160488-17] DEBUG org.eclipse.jetty.util.thread.QueuedThreadPool - Runner started for QueuedThreadPool[qtp961160488]@394a2528{STARTING,8<=4<=200,i=4,r=-1,q=0}[ReservedThreadExecutor@383bfa16{reserved=0/8,pending=0}]
02:33:20.583 [main] DEBUG org.eclipse.jetty.util.thread.QueuedThreadPool - Starting Thread[qtp961160488-20,5,main]
02:33:20.588 [qtp961160488-18] DEBUG org.eclipse.jetty.util.thread.QueuedThreadPool - Runner started for QueuedThreadPool[qtp961160488]@394a2528{STARTING,8<=6<=200,i=6,r=-1,q=0}[ReservedThreadExecutor@383bfa16{reserved=0/8,pending=0}]
02:33:20.588 [main] DEBUG org.eclipse.jetty.util.thread.QueuedThreadPool - Starting Thread[qtp961160488-21,5,main]
02:33:20.588 [qtp961160488-19] DEBUG org.eclipse.jetty.util.thread.QueuedThreadPool - Runner started for QueuedThreadPool[qtp961160488]@394a2528{STARTING,8<=6<=200,i=6,r=-1,q=0}[ReservedThreadExecutor@383bfa16{reserved=0/8,pending=0}]
02:33:20.589 [main] DEBUG org.eclipse.jetty.util.thread.QueuedThreadPool - Starting Thread[qtp961160488-22,5,main]
02:33:20.589 [main] DEBUG org.eclipse.jetty.util.component.AbstractLifeCycle - STARTED @961ms QueuedThreadPool[qtp961160488]@394a2528{STARTED,8<=8<=200,i=8,r=-1,q=0}[ReservedThreadExecutor@383bfa16{reserved=0/8,pending=0}]
02:33:20.589 [qtp961160488-20] DEBUG org.eclipse.jetty.util.thread.QueuedThreadPool - Runner started for QueuedThreadPool[qtp961160488]@394a2528{STARTED,8<=8<=200,i=8,r=-1,q=0}[ReservedThreadExecutor@383bfa16{reserved=0/8,pending=0}]
02:33:20.589 [main] DEBUG org.eclipse.jetty.util.component.AbstractLifeCycle - starting HandlerCollection@2892dae4{STOPPED}
02:33:20.589 [qtp961160488-22] DEBUG org.eclipse.jetty.util.thread.QueuedThreadPool - Runner started for QueuedThreadPool[qtp961160488]@394a2528{STARTED,8<=8<=200,i=8,r=-1,q=0}[ReservedThreadExecutor@383bfa16{reserved=0/8,pending=0}]
02:33:20.589 [main] DEBUG org.eclipse.jetty.server.handler.AbstractHandler - starting HandlerCollection@2892dae4{STARTING}
02:33:20.589 [main] DEBUG org.eclipse.jetty.util.component.AbstractLifeCycle - starting JettyHandler@355ce81c{STOPPED}
02:33:20.589 [main] DEBUG org.eclipse.jetty.server.handler.AbstractHandler - starting JettyHandler@355ce81c{STARTING}
02:33:20.589 [main] DEBUG org.eclipse.jetty.util.component.AbstractLifeCycle - STARTED @962ms JettyHandler@355ce81c{STARTED}
02:33:20.589 [main] DEBUG org.eclipse.jetty.util.component.AbstractLifeCycle - STARTED @962ms HandlerCollection@2892dae4{STARTED}
02:33:20.590 [main] DEBUG org.eclipse.jetty.util.component.AbstractLifeCycle - starting ErrorHandler@4d5b6aac{STOPPED}
02:33:20.590 [main] DEBUG org.eclipse.jetty.server.handler.AbstractHandler - starting ErrorHandler@4d5b6aac{STARTING}
02:33:20.590 [main] DEBUG org.eclipse.jetty.util.component.AbstractLifeCycle - STARTED @962ms ErrorHandler@4d5b6aac{STARTED}
02:33:20.590 [main] DEBUG org.eclipse.jetty.util.component.AbstractLifeCycle - starting ServerConnector@446293d{HTTP/1.1, (http/1.1)}{localhost:0}
02:33:20.590 [qtp961160488-21] DEBUG org.eclipse.jetty.util.thread.QueuedThreadPool - Runner started for QueuedThreadPool[qtp961160488]@394a2528{STARTED,8<=8<=200,i=8,r=-1,q=0}[ReservedThreadExecutor@383bfa16{reserved=0/8,pending=0}]
02:33:20.594 [main] DEBUG org.eclipse.jetty.util.component.ContainerLifeCycle - ServerConnector@446293d{HTTP/1.1, (http/1.1)}{localhost:44045} added {sun.nio.ch.ServerSocketChannelImpl[/127.0.0.1:44045],POJO}
02:33:20.595 [main] DEBUG org.eclipse.jetty.util.component.AbstractLifeCycle - starting ScheduledExecutorScheduler@3059cbc{STOPPED}
02:33:20.595 [main] DEBUG org.eclipse.jetty.util.component.AbstractLifeCycle - STARTED @968ms ScheduledExecutorScheduler@3059cbc{STARTED}
02:33:20.596 [main] DEBUG org.eclipse.jetty.util.component.AbstractLifeCycle - starting HttpConnectionFactory@22e357dc[HTTP/1.1]
02:33:20.596 [main] DEBUG org.eclipse.jetty.util.component.AbstractLifeCycle - STARTED @968ms HttpConnectionFactory@22e357dc[HTTP/1.1]
02:33:20.596 [main] DEBUG org.eclipse.jetty.util.component.AbstractLifeCycle - starting SelectorManager@ServerConnector@446293d{HTTP/1.1, (http/1.1)}{localhost:44045}
02:33:20.612 [main] DEBUG org.eclipse.jetty.util.component.ContainerLifeCycle - EatWhatYouKill@25fb8912/SelectorProducer@d5b810e/IDLE/p=false/QueuedThreadPool[qtp961160488]@394a2528{STARTED,8<=8<=200,i=8,r=-1,q=0}[ReservedThreadExecutor@383bfa16{reserved=0/8,pending=0}][pc=0,pic=0,pec=0,epc=0]@2024-05-02T02:33:20.608+01:00 added {SelectorProducer@d5b810e,POJO}
02:33:20.612 [main] DEBUG org.eclipse.jetty.util.component.ContainerLifeCycle - EatWhatYouKill@25fb8912/SelectorProducer@d5b810e/IDLE/p=false/QueuedThreadPool[qtp961160488]@394a2528{STARTED,8<=8<=200,i=8,r=-1,q=0}[ReservedThreadExecutor@383bfa16{reserved=0/8,pending=0}][pc=0,pic=0,pec=0,epc=0]@2024-05-02T02:33:20.612+01:00 added {QueuedThreadPool[qtp961160488]@394a2528{STARTED,8<=8<=200,i=8,r=-1,q=0}[ReservedThreadExecutor@383bfa16{reserved=0/8,pending=0}],UNMANAGED}
02:33:20.612 [main] DEBUG org.eclipse.jetty.util.thread.strategy.EatWhatYouKill - EatWhatYouKill@25fb8912/SelectorProducer@d5b810e/IDLE/p=false/QueuedThreadPool[qtp961160488]@394a2528{STARTED,8<=8<=200,i=8,r=-1,q=0}[ReservedThreadExecutor@383bfa16{reserved=0/8,pending=0}][pc=0,pic=0,pec=0,epc=0]@2024-05-02T02:33:20.612+01:00 created
02:33:20.613 [main] DEBUG org.eclipse.jetty.util.component.ContainerLifeCycle - ManagedSelector@194bcebf{STOPPED} id=0 keys=-1 selected=-1 updates=0 added {EatWhatYouKill@25fb8912/SelectorProducer@d5b810e/IDLE/p=false/QueuedThreadPool[qtp961160488]@394a2528{STARTED,8<=8<=200,i=8,r=-1,q=0}[ReservedThreadExecutor@383bfa16{reserved=0/8,pending=0}][pc=0,pic=0,pec=0,epc=0]@2024-05-02T02:33:20.613+01:00,MANAGED}
02:33:20.613 [main] DEBUG org.eclipse.jetty.util.component.ContainerLifeCycle - SelectorManager@ServerConnector@446293d{HTTP/1.1, (http/1.1)}{localhost:44045} added {ManagedSelector@194bcebf{STOPPED} id=0 keys=-1 selected=-1 updates=0,AUTO}
02:33:20.613 [main] DEBUG org.eclipse.jetty.util.component.ContainerLifeCycle - EatWhatYouKill@17497425/SelectorProducer@f0da945/IDLE/p=false/QueuedThreadPool[qtp961160488]@394a2528{STARTED,8<=8<=200,i=8,r=-1,q=0}[ReservedThreadExecutor@383bfa16{reserved=0/8,pending=0}][pc=0,pic=0,pec=0,epc=0]@2024-05-02T02:33:20.613+01:00 added {SelectorProducer@f0da945,POJO}
02:33:20.614 [main] DEBUG org.eclipse.jetty.util.component.ContainerLifeCycle - EatWhatYouKill@17497425/SelectorProducer@f0da945/IDLE/p=false/QueuedThreadPool[qtp961160488]@394a2528{STARTED,8<=8<=200,i=8,r=-1,q=0}[ReservedThreadExecutor@383bfa16{reserved=0/8,pending=0}][pc=0,pic=0,pec=0,epc=0]@2024-05-02T02:33:20.614+01:00 added {QueuedThreadPool[qtp961160488]@394a2528{STARTED,8<=8<=200,i=8,r=-1,q=0}[ReservedThreadExecutor@383bfa16{reserved=0/8,pending=0}],UNMANAGED}
02:33:20.614 [main] DEBUG org.eclipse.jetty.util.thread.strategy.EatWhatYouKill - EatWhatYouKill@17497425/SelectorProducer@f0da945/IDLE/p=false/QueuedThreadPool[qtp961160488]@394a2528{STARTED,8<=8<=200,i=8,r=-1,q=0}[ReservedThreadExecutor@383bfa16{reserved=0/8,pending=0}][pc=0,pic=0,pec=0,epc=0]@2024-05-02T02:33:20.614+01:00 created
02:33:20.614 [main] DEBUG org.eclipse.jetty.util.component.ContainerLifeCycle - ManagedSelector@4803b726{STOPPED} id=1 keys=-1 selected=-1 updates=0 added {EatWhatYouKill@17497425/SelectorProducer@f0da945/IDLE/p=false/QueuedThreadPool[qtp961160488]@394a2528{STARTED,8<=8<=200,i=8,r=-1,q=0}[ReservedThreadExecutor@383bfa16{reserved=0/8,pending=0}][pc=0,pic=0,pec=0,epc=0]@2024-05-02T02:33:20.614+01:00,MANAGED}
02:33:20.615 [main] DEBUG org.eclipse.jetty.util.component.ContainerLifeCycle - SelectorManager@ServerConnector@446293d{HTTP/1.1, (http/1.1)}{localhost:44045} added {ManagedSelector@4803b726{STOPPED} id=1 keys=-1 selected=-1 updates=0,AUTO}
02:33:20.615 [main] DEBUG org.eclipse.jetty.util.component.ContainerLifeCycle - EatWhatYouKill@ffaa6af/SelectorProducer@53ce1329/IDLE/p=false/QueuedThreadPool[qtp961160488]@394a2528{STARTED,8<=8<=200,i=8,r=-1,q=0}[ReservedThreadExecutor@383bfa16{reserved=0/8,pending=0}][pc=0,pic=0,pec=0,epc=0]@2024-05-02T02:33:20.615+01:00 added {SelectorProducer@53ce1329,POJO}
02:33:20.615 [main] DEBUG org.eclipse.jetty.util.component.ContainerLifeCycle - EatWhatYouKill@ffaa6af/SelectorProducer@53ce1329/IDLE/p=false/QueuedThreadPool[qtp961160488]@394a2528{STARTED,8<=8<=200,i=8,r=-1,q=0}[ReservedThreadExecutor@383bfa16{reserved=0/8,pending=0}][pc=0,pic=0,pec=0,epc=0]@2024-05-02T02:33:20.615+01:00 added {QueuedThreadPool[qtp961160488]@394a2528{STARTED,8<=8<=200,i=8,r=-1,q=0}[ReservedThreadExecutor@383bfa16{reserved=0/8,pending=0}],UNMANAGED}
02:33:20.615 [main] DEBUG org.eclipse.jetty.util.thread.strategy.EatWhatYouKill - EatWhatYouKill@ffaa6af/SelectorProducer@53ce1329/IDLE/p=false/QueuedThreadPool[qtp961160488]@394a2528{STARTED,8<=8<=200,i=8,r=-1,q=0}[ReservedThreadExecutor@383bfa16{reserved=0/8,pending=0}][pc=0,pic=0,pec=0,epc=0]@2024-05-02T02:33:20.615+01:00 created
02:33:20.616 [main] DEBUG org.eclipse.jetty.util.component.ContainerLifeCycle - ManagedSelector@316bcf94{STOPPED} id=2 keys=-1 selected=-1 updates=0 added {EatWhatYouKill@ffaa6af/SelectorProducer@53ce1329/IDLE/p=false/QueuedThreadPool[qtp961160488]@394a2528{STARTED,8<=8<=200,i=8,r=-1,q=0}[ReservedThreadExecutor@383bfa16{reserved=0/8,pending=0}][pc=0,pic=0,pec=0,epc=0]@2024-05-02T02:33:20.616+01:00,MANAGED}
02:33:20.616 [main] DEBUG org.eclipse.jetty.util.component.ContainerLifeCycle - SelectorManager@ServerConnector@446293d{HTTP/1.1, (http/1.1)}{localhost:44045} added {ManagedSelector@316bcf94{STOPPED} id=2 keys=-1 selected=-1 updates=0,AUTO}
02:33:20.616 [main] DEBUG org.eclipse.jetty.util.component.ContainerLifeCycle - EatWhatYouKill@6404f418/SelectorProducer@3e11f9e9/IDLE/p=false/QueuedThreadPool[qtp961160488]@394a2528{STARTED,8<=8<=200,i=8,r=-1,q=0}[ReservedThreadExecutor@383bfa16{reserved=0/8,pending=0}][pc=0,pic=0,pec=0,epc=0]@2024-05-02T02:33:20.616+01:00 added {SelectorProducer@3e11f9e9,POJO}
02:33:20.617 [main] DEBUG org.eclipse.jetty.util.component.ContainerLifeCycle - EatWhatYouKill@6404f418/SelectorProducer@3e11f9e9/IDLE/p=false/QueuedThreadPool[qtp961160488]@394a2528{STARTED,8<=8<=200,i=8,r=-1,q=0}[ReservedThreadExecutor@383bfa16{reserved=0/8,pending=0}][pc=0,pic=0,pec=0,epc=0]@2024-05-02T02:33:20.616+01:00 added {QueuedThreadPool[qtp961160488]@394a2528{STARTED,8<=8<=200,i=8,r=-1,q=0}[ReservedThreadExecutor@383bfa16{reserved=0/8,pending=0}],UNMANAGED}
02:33:20.617 [main] DEBUG org.eclipse.jetty.util.thread.strategy.EatWhatYouKill - EatWhatYouKill@6404f418/SelectorProducer@3e11f9e9/IDLE/p=false/QueuedThreadPool[qtp961160488]@394a2528{STARTED,8<=8<=200,i=8,r=-1,q=0}[ReservedThreadExecutor@383bfa16{reserved=0/8,pending=0}][pc=0,pic=0,pec=0,epc=0]@2024-05-02T02:33:20.617+01:00 created
02:33:20.617 [main] DEBUG org.eclipse.jetty.util.component.ContainerLifeCycle - ManagedSelector@1de5f259{STOPPED} id=3 keys=-1 selected=-1 updates=0 added {EatWhatYouKill@6404f418/SelectorProducer@3e11f9e9/IDLE/p=false/QueuedThreadPool[qtp961160488]@394a2528{STARTED,8<=8<=200,i=8,r=-1,q=0}[ReservedThreadExecutor@383bfa16{reserved=0/8,pending=0}][pc=0,pic=0,pec=0,epc=0]@2024-05-02T02:33:20.617+01:00,MANAGED}
02:33:20.617 [main] DEBUG org.eclipse.jetty.util.component.ContainerLifeCycle - SelectorManager@ServerConnector@446293d{HTTP/1.1, (http/1.1)}{localhost:44045} added {ManagedSelector@1de5f259{STOPPED} id=3 keys=-1 selected=-1 updates=0,AUTO}
02:33:20.617 [main] DEBUG org.eclipse.jetty.util.component.AbstractLifeCycle - starting ManagedSelector@194bcebf{STOPPED} id=0 keys=-1 selected=-1 updates=0
02:33:20.618 [main] DEBUG org.eclipse.jetty.util.component.AbstractLifeCycle - starting EatWhatYouKill@25fb8912/SelectorProducer@d5b810e/IDLE/p=false/QueuedThreadPool[qtp961160488]@394a2528{STARTED,8<=8<=200,i=8,r=-1,q=0}[ReservedThreadExecutor@383bfa16{reserved=0/8,pending=0}][pc=0,pic=0,pec=0,epc=0]@2024-05-02T02:33:20.618+01:00
02:33:20.618 [main] DEBUG org.eclipse.jetty.util.component.AbstractLifeCycle - STARTED @990ms EatWhatYouKill@25fb8912/SelectorProducer@d5b810e/IDLE/p=false/QueuedThreadPool[qtp961160488]@394a2528{STARTED,8<=8<=200,i=8,r=-1,q=0}[ReservedThreadExecutor@383bfa16{reserved=0/8,pending=0}][pc=0,pic=0,pec=0,epc=0]@2024-05-02T02:33:20.618+01:00
02:33:20.619 [main] DEBUG org.eclipse.jetty.util.thread.QueuedThreadPool - queue org.eclipse.jetty.io.ManagedSelector$$Lambda$253/838473569@957e06 startThread=0
02:33:20.620 [qtp961160488-15] DEBUG org.eclipse.jetty.util.thread.QueuedThreadPool - run org.eclipse.jetty.io.ManagedSelector$$Lambda$253/838473569@957e06 in QueuedThreadPool[qtp961160488]@394a2528{STARTED,8<=8<=200,i=7,r=-1,q=0}[ReservedThreadExecutor@383bfa16{reserved=0/8,pending=0}]
02:33:20.620 [main] DEBUG org.eclipse.jetty.io.ManagedSelector - Queued change lazy=false org.eclipse.jetty.io.ManagedSelector$Start@32502377 on ManagedSelector@194bcebf{STARTING} id=0 keys=0 selected=0 updates=0
02:33:20.620 [qtp961160488-15] DEBUG org.eclipse.jetty.util.thread.strategy.EatWhatYouKill - EatWhatYouKill@25fb8912/SelectorProducer@d5b810e/IDLE/p=false/QueuedThreadPool[qtp961160488]@394a2528{STARTED,8<=8<=200,i=7,r=-1,q=0}[ReservedThreadExecutor@383bfa16{reserved=0/8,pending=0}][pc=0,pic=0,pec=0,epc=0]@2024-05-02T02:33:20.62+01:00 tryProduce false
02:33:20.622 [qtp961160488-15] DEBUG org.eclipse.jetty.io.ManagedSelector - updateable 1
02:33:20.622 [qtp961160488-15] DEBUG org.eclipse.jetty.io.ManagedSelector - update org.eclipse.jetty.io.ManagedSelector$Start@32502377
02:33:20.622 [qtp961160488-15] DEBUG org.eclipse.jetty.io.ManagedSelector - updates 0
02:33:20.622 [qtp961160488-15] DEBUG org.eclipse.jetty.io.ManagedSelector - Selector sun.nio.ch.EPollSelectorImpl@733114a8 waiting with 0 keys
02:33:20.622 [main] DEBUG org.eclipse.jetty.util.component.AbstractLifeCycle - STARTED @995ms ManagedSelector@194bcebf{STARTED} id=0 keys=0 selected=0 updates=0
02:33:20.623 [main] DEBUG org.eclipse.jetty.util.component.AbstractLifeCycle - starting ManagedSelector@4803b726{STOPPED} id=1 keys=-1 selected=-1 updates=0
02:33:20.623 [main] DEBUG org.eclipse.jetty.util.component.AbstractLifeCycle - starting EatWhatYouKill@17497425/SelectorProducer@f0da945/IDLE/p=false/QueuedThreadPool[qtp961160488]@394a2528{STARTED,8<=8<=200,i=7,r=-1,q=0}[ReservedThreadExecutor@383bfa16{reserved=0/8,pending=0}][pc=0,pic=0,pec=0,epc=0]@2024-05-02T02:33:20.623+01:00
02:33:20.623 [main] DEBUG org.eclipse.jetty.util.component.AbstractLifeCycle - STARTED @996ms EatWhatYouKill@17497425/SelectorProducer@f0da945/IDLE/p=false/QueuedThreadPool[qtp961160488]@394a2528{STARTED,8<=8<=200,i=7,r=-1,q=0}[ReservedThreadExecutor@383bfa16{reserved=0/8,pending=0}][pc=0,pic=0,pec=0,epc=0]@2024-05-02T02:33:20.623+01:00
02:33:20.623 [main] DEBUG org.eclipse.jetty.util.thread.QueuedThreadPool - queue org.eclipse.jetty.io.ManagedSelector$$Lambda$253/838473569@2c1b194a startThread=0
02:33:20.623 [main] DEBUG org.eclipse.jetty.io.ManagedSelector - Queued change lazy=false org.eclipse.jetty.io.ManagedSelector$Start@4dbb42b7 on ManagedSelector@4803b726{STARTING} id=1 keys=0 selected=0 updates=0
02:33:20.623 [qtp961160488-16] DEBUG org.eclipse.jetty.util.thread.QueuedThreadPool - run org.eclipse.jetty.io.ManagedSelector$$Lambda$253/838473569@2c1b194a in QueuedThreadPool[qtp961160488]@394a2528{STARTED,8<=8<=200,i=6,r=-1,q=0}[ReservedThreadExecutor@383bfa16{reserved=0/8,pending=0}]
02:33:20.624 [qtp961160488-16] DEBUG org.eclipse.jetty.util.thread.strategy.EatWhatYouKill - EatWhatYouKill@17497425/SelectorProducer@f0da945/IDLE/p=false/QueuedThreadPool[qtp961160488]@394a2528{STARTED,8<=8<=200,i=6,r=-1,q=0}[ReservedThreadExecutor@383bfa16{reserved=0/8,pending=0}][pc=0,pic=0,pec=0,epc=0]@2024-05-02T02:33:20.624+01:00 tryProduce false
02:33:20.624 [qtp961160488-16] DEBUG org.eclipse.jetty.io.ManagedSelector - updateable 1
02:33:20.624 [qtp961160488-16] DEBUG org.eclipse.jetty.io.ManagedSelector - update org.eclipse.jetty.io.ManagedSelector$Start@4dbb42b7
02:33:20.624 [qtp961160488-16] DEBUG org.eclipse.jetty.io.ManagedSelector - updates 0
02:33:20.624 [qtp961160488-16] DEBUG org.eclipse.jetty.io.ManagedSelector - Selector sun.nio.ch.EPollSelectorImpl@11cfe143 waiting with 0 keys
02:33:20.624 [main] DEBUG org.eclipse.jetty.util.component.AbstractLifeCycle - STARTED @997ms ManagedSelector@4803b726{STARTED} id=1 keys=0 selected=0 updates=0
02:33:20.624 [main] DEBUG org.eclipse.jetty.util.component.AbstractLifeCycle - starting ManagedSelector@316bcf94{STOPPED} id=2 keys=-1 selected=-1 updates=0
02:33:20.624 [main] DEBUG org.eclipse.jetty.util.component.AbstractLifeCycle - starting EatWhatYouKill@ffaa6af/SelectorProducer@53ce1329/IDLE/p=false/QueuedThreadPool[qtp961160488]@394a2528{STARTED,8<=8<=200,i=6,r=-1,q=0}[ReservedThreadExecutor@383bfa16{reserved=0/8,pending=0}][pc=0,pic=0,pec=0,epc=0]@2024-05-02T02:33:20.624+01:00
02:33:20.625 [main] DEBUG org.eclipse.jetty.util.component.AbstractLifeCycle - STARTED @997ms EatWhatYouKill@ffaa6af/SelectorProducer@53ce1329/IDLE/p=false/QueuedThreadPool[qtp961160488]@394a2528{STARTED,8<=8<=200,i=6,r=-1,q=0}[ReservedThreadExecutor@383bfa16{reserved=0/8,pending=0}][pc=0,pic=0,pec=0,epc=0]@2024-05-02T02:33:20.625+01:00
02:33:20.625 [main] DEBUG org.eclipse.jetty.util.thread.QueuedThreadPool - queue org.eclipse.jetty.io.ManagedSelector$$Lambda$253/838473569@66f57048 startThread=0
02:33:20.625 [qtp961160488-17] DEBUG org.eclipse.jetty.util.thread.QueuedThreadPool - run org.eclipse.jetty.io.ManagedSelector$$Lambda$253/838473569@66f57048 in QueuedThreadPool[qtp961160488]@394a2528{STARTED,8<=8<=200,i=5,r=-1,q=0}[ReservedThreadExecutor@383bfa16{reserved=0/8,pending=0}]
02:33:20.625 [main] DEBUG org.eclipse.jetty.io.ManagedSelector - Queued change lazy=false org.eclipse.jetty.io.ManagedSelector$Start@550dbc7a on ManagedSelector@316bcf94{STARTING} id=2 keys=0 selected=0 updates=0
02:33:20.625 [qtp961160488-17] DEBUG org.eclipse.jetty.util.thread.strategy.EatWhatYouKill - EatWhatYouKill@ffaa6af/SelectorProducer@53ce1329/IDLE/p=false/QueuedThreadPool[qtp961160488]@394a2528{STARTED,8<=8<=200,i=5,r=-1,q=0}[ReservedThreadExecutor@383bfa16{reserved=0/8,pending=0}][pc=0,pic=0,pec=0,epc=0]@2024-05-02T02:33:20.625+01:00 tryProduce false
02:33:20.625 [qtp961160488-17] DEBUG org.eclipse.jetty.io.ManagedSelector - updateable 1
02:33:20.625 [qtp961160488-17] DEBUG org.eclipse.jetty.io.ManagedSelector - update org.eclipse.jetty.io.ManagedSelector$Start@550dbc7a
02:33:20.625 [qtp961160488-17] DEBUG org.eclipse.jetty.io.ManagedSelector - updates 0
02:33:20.625 [qtp961160488-17] DEBUG org.eclipse.jetty.io.ManagedSelector - Selector sun.nio.ch.EPollSelectorImpl@2216d458 waiting with 0 keys
02:33:20.625 [main] DEBUG org.eclipse.jetty.util.component.AbstractLifeCycle - STARTED @998ms ManagedSelector@316bcf94{STARTED} id=2 keys=0 selected=0 updates=0
02:33:20.626 [main] DEBUG org.eclipse.jetty.util.component.AbstractLifeCycle - starting ManagedSelector@1de5f259{STOPPED} id=3 keys=-1 selected=-1 updates=0
02:33:20.626 [main] DEBUG org.eclipse.jetty.util.component.AbstractLifeCycle - starting EatWhatYouKill@6404f418/SelectorProducer@3e11f9e9/IDLE/p=false/QueuedThreadPool[qtp961160488]@394a2528{STARTED,8<=8<=200,i=5,r=-1,q=0}[ReservedThreadExecutor@383bfa16{reserved=0/8,pending=0}][pc=0,pic=0,pec=0,epc=0]@2024-05-02T02:33:20.626+01:00
02:33:20.626 [main] DEBUG org.eclipse.jetty.util.component.AbstractLifeCycle - STARTED @999ms EatWhatYouKill@6404f418/SelectorProducer@3e11f9e9/IDLE/p=false/QueuedThreadPool[qtp961160488]@394a2528{STARTED,8<=8<=200,i=5,r=-1,q=0}[ReservedThreadExecutor@383bfa16{reserved=0/8,pending=0}][pc=0,pic=0,pec=0,epc=0]@2024-05-02T02:33:20.626+01:00
02:33:20.626 [main] DEBUG org.eclipse.jetty.util.thread.QueuedThreadPool - queue org.eclipse.jetty.io.ManagedSelector$$Lambda$253/838473569@21282ed8 startThread=0
02:33:20.626 [main] DEBUG org.eclipse.jetty.io.ManagedSelector - Queued change lazy=false org.eclipse.jetty.io.ManagedSelector$Start@36916eb0 on ManagedSelector@1de5f259{STARTING} id=3 keys=0 selected=0 updates=0
02:33:20.626 [qtp961160488-18] DEBUG org.eclipse.jetty.util.thread.QueuedThreadPool - run org.eclipse.jetty.io.ManagedSelector$$Lambda$253/838473569@21282ed8 in QueuedThreadPool[qtp961160488]@394a2528{STARTED,8<=8<=200,i=4,r=-1,q=0}[ReservedThreadExecutor@383bfa16{reserved=0/8,pending=0}]
02:33:20.627 [qtp961160488-18] DEBUG org.eclipse.jetty.util.thread.strategy.EatWhatYouKill - EatWhatYouKill@6404f418/SelectorProducer@3e11f9e9/IDLE/p=false/QueuedThreadPool[qtp961160488]@394a2528{STARTED,8<=8<=200,i=4,r=-1,q=0}[ReservedThreadExecutor@383bfa16{reserved=0/8,pending=0}][pc=0,pic=0,pec=0,epc=0]@2024-05-02T02:33:20.627+01:00 tryProduce false
02:33:20.627 [qtp961160488-18] DEBUG org.eclipse.jetty.io.ManagedSelector - updateable 1
02:33:20.627 [qtp961160488-18] DEBUG org.eclipse.jetty.io.ManagedSelector - update org.eclipse.jetty.io.ManagedSelector$Start@36916eb0
02:33:20.627 [qtp961160488-18] DEBUG org.eclipse.jetty.io.ManagedSelector - updates 0
02:33:20.627 [qtp961160488-18] DEBUG org.eclipse.jetty.io.ManagedSelector - Selector sun.nio.ch.EPollSelectorImpl@81d867 waiting with 0 keys
02:33:20.627 [main] DEBUG org.eclipse.jetty.util.component.AbstractLifeCycle - STARTED @1000ms ManagedSelector@1de5f259{STARTED} id=3 keys=0 selected=0 updates=0
02:33:20.628 [main] DEBUG org.eclipse.jetty.util.component.AbstractLifeCycle - STARTED @1000ms SelectorManager@ServerConnector@446293d{HTTP/1.1, (http/1.1)}{localhost:44045}
02:33:20.628 [main] DEBUG org.eclipse.jetty.util.component.ContainerLifeCycle - ServerConnector@446293d{HTTP/1.1, (http/1.1)}{localhost:44045} added {acceptor-0@1e1a0406,POJO}
02:33:20.629 [main] DEBUG org.eclipse.jetty.util.thread.QueuedThreadPool - queue acceptor-0@1e1a0406 startThread=0
02:33:20.629 [qtp961160488-19] DEBUG org.eclipse.jetty.util.thread.QueuedThreadPool - run acceptor-0@1e1a0406 in QueuedThreadPool[qtp961160488]@394a2528{STARTED,8<=8<=200,i=3,r=-1,q=0}[ReservedThreadExecutor@383bfa16{reserved=0/8,pending=0}]
02:33:20.629 [main] INFO org.eclipse.jetty.server.AbstractConnector - Started ServerConnector@446293d{HTTP/1.1, (http/1.1)}{localhost:44045}
02:33:20.629 [main] DEBUG org.eclipse.jetty.util.component.AbstractLifeCycle - STARTED @1001ms ServerConnector@446293d{HTTP/1.1, (http/1.1)}{localhost:44045}
02:33:20.629 [main] INFO org.eclipse.jetty.server.Server - Started @1002ms
02:33:20.629 [main] DEBUG org.eclipse.jetty.util.component.AbstractLifeCycle - STARTED @1002ms Server@53aad5d5{STARTED}[9.4.44.v20210927]
02:33:21.763 [main] DEBUG org.apache.nifi.minifi.bootstrap.configuration.ingestors.PullHttpChangeIngestor - Attempting to pull new config
02:33:21.780 [qtp961160488-19-acceptor-0@1e1a0406-ServerConnector@446293d{HTTP/1.1, (http/1.1)}{localhost:44045}] DEBUG org.eclipse.jetty.io.ManagedSelector - Queued change lazy=false Accept@4a1ad7[java.nio.channels.SocketChannel[connected local=/127.0.0.1:44045 remote=/127.0.0.1:47378]] on ManagedSelector@4803b726{STARTED} id=1 keys=0 selected=0 updates=0
02:33:21.781 [qtp961160488-19-acceptor-0@1e1a0406-ServerConnector@446293d{HTTP/1.1, (http/1.1)}{localhost:44045}] DEBUG org.eclipse.jetty.io.ManagedSelector - Wakeup on submit ManagedSelector@4803b726{STARTED} id=1 keys=0 selected=0 updates=1
02:33:21.781 [qtp961160488-16] DEBUG org.eclipse.jetty.io.ManagedSelector - Selector sun.nio.ch.EPollSelectorImpl@11cfe143 woken with none selected
02:33:21.781 [qtp961160488-16] DEBUG org.eclipse.jetty.io.ManagedSelector - Selector sun.nio.ch.EPollSelectorImpl@11cfe143 woken up from select, 0/0/0 selected
02:33:21.781 [qtp961160488-16] DEBUG org.eclipse.jetty.io.ManagedSelector - Selector sun.nio.ch.EPollSelectorImpl@11cfe143 processing 0 keys, 1 updates
02:33:21.781 [qtp961160488-16] DEBUG org.eclipse.jetty.io.ManagedSelector - updateable 1
02:33:21.781 [qtp961160488-16] DEBUG org.eclipse.jetty.io.ManagedSelector - update Accept@4a1ad7[java.nio.channels.SocketChannel[connected local=/127.0.0.1:44045 remote=/127.0.0.1:47378]]
02:33:21.782 [qtp961160488-16] DEBUG org.eclipse.jetty.util.thread.QueuedThreadPool - queue Accept@4a1ad7[java.nio.channels.SocketChannel[connected local=/127.0.0.1:44045 remote=/127.0.0.1:47378]] startThread=0
02:33:21.782 [qtp961160488-20] DEBUG org.eclipse.jetty.util.thread.QueuedThreadPool - run Accept@4a1ad7[java.nio.channels.SocketChannel[connected local=/127.0.0.1:44045 remote=/127.0.0.1:47378]] in QueuedThreadPool[qtp961160488]@394a2528{STARTED,8<=8<=200,i=2,r=-1,q=0}[ReservedThreadExecutor@383bfa16{reserved=0/8,pending=0}]
02:33:21.782 [qtp961160488-16] DEBUG org.eclipse.jetty.io.ManagedSelector - updates 0
02:33:21.782 [qtp961160488-16] DEBUG org.eclipse.jetty.io.ManagedSelector - Selector sun.nio.ch.EPollSelectorImpl@11cfe143 waiting with 1 keys
02:33:21.788 [qtp961160488-20] DEBUG org.eclipse.jetty.io.IdleTimeout - SocketChannelEndPoint@5a059f68{l=/127.0.0.1:44045,r=/127.0.0.1:47378,OPEN,fill=-,flush=-,to=4/3000}{io=0/0,kio=0,kro=0}-><null> idle timeout check, elapsed: 3 ms, remaining: 2997 ms
02:33:21.793 [qtp961160488-20] DEBUG org.eclipse.jetty.http.PreEncodedHttpField - HttpField encoders loaded: [org.eclipse.jetty.http.Http1FieldPreEncoder@1289cef3]
02:33:21.819 [qtp961160488-20] DEBUG org.eclipse.jetty.server.HttpChannel - new HttpChannelOverHttp@fc72edf{s=HttpChannelState@4c459f96{s=IDLE rs=BLOCKING os=OPEN is=IDLE awp=false se=false i=true al=0},r=0,c=false/false,a=IDLE,uri=null,age=0} -> SocketChannelEndPoint@5a059f68{l=/127.0.0.1:44045,r=/127.0.0.1:47378,OPEN,fill=-,flush=-,to=35/3000}{io=0/0,kio=0,kro=0}-><null>,null,HttpChannelState@4c459f96{s=IDLE rs=BLOCKING os=OPEN is=IDLE awp=false se=false i=true al=0}
02:33:21.825 [qtp961160488-20] DEBUG org.eclipse.jetty.server.HttpConnection - New HTTP Connection HttpConnection@1d5983ff::SocketChannelEndPoint@5a059f68{l=/127.0.0.1:44045,r=/127.0.0.1:47378,OPEN,fill=-,flush=-,to=41/3000}{io=0/0,kio=0,kro=0}-><null>
02:33:21.826 [qtp961160488-20] DEBUG org.eclipse.jetty.io.ManagedSelector - Queued change lazy=true org.eclipse.jetty.io.ManagedSelector$$Lambda$258/1710399120@3de18639 on ManagedSelector@4803b726{STARTED} id=1 keys=1 selected=0 updates=0
02:33:21.827 [qtp961160488-20] DEBUG org.eclipse.jetty.io.AbstractEndPoint - onOpen SocketChannelEndPoint@5a059f68{l=/127.0.0.1:44045,r=/127.0.0.1:47378,OPEN,fill=-,flush=-,to=42/3000}{io=0/0,kio=0,kro=0}->HttpConnection@1d5983ff[p=HttpParser{s=START,0 of -1},g=HttpGenerator@2340234d{s=START}]=>HttpChannelOverHttp@fc72edf{s=HttpChannelState@4c459f96{s=IDLE rs=BLOCKING os=OPEN is=IDLE awp=false se=false i=true al=0},r=0,c=false/false,a=IDLE,uri=null,age=0}
02:33:21.827 [qtp961160488-20] DEBUG org.eclipse.jetty.io.AbstractConnection - onOpen HttpConnection@1d5983ff::SocketChannelEndPoint@5a059f68{l=/127.0.0.1:44045,r=/127.0.0.1:47378,OPEN,fill=-,flush=-,to=42/3000}{io=0/0,kio=0,kro=0}->HttpConnection@1d5983ff[p=HttpParser{s=START,0 of -1},g=HttpGenerator@2340234d{s=START}]=>HttpChannelOverHttp@fc72edf{s=HttpChannelState@4c459f96{s=IDLE rs=BLOCKING os=OPEN is=IDLE awp=false se=false i=true al=0},r=0,c=false/false,a=IDLE,uri=null,age=0}
02:33:21.827 [qtp961160488-20] DEBUG org.eclipse.jetty.io.AbstractConnection - fillInterested HttpConnection@1d5983ff::SocketChannelEndPoint@5a059f68{l=/127.0.0.1:44045,r=/127.0.0.1:47378,OPEN,fill=-,flush=-,to=43/3000}{io=0/0,kio=0,kro=0}->HttpConnection@1d5983ff[p=HttpParser{s=START,0 of -1},g=HttpGenerator@2340234d{s=START}]=>HttpChannelOverHttp@fc72edf{s=HttpChannelState@4c459f96{s=IDLE rs=BLOCKING os=OPEN is=IDLE awp=false se=false i=true al=0},r=0,c=false/false,a=IDLE,uri=null,age=0}
02:33:21.828 [qtp961160488-20] DEBUG org.eclipse.jetty.io.FillInterest - interested FillInterest@49401ad6{AC.ReadCB@1d5983ff{HttpConnection@1d5983ff::SocketChannelEndPoint@5a059f68{l=/127.0.0.1:44045,r=/127.0.0.1:47378,OPEN,fill=FI,flush=-,to=0/3000}{io=0/0,kio=0,kro=0}->HttpConnection@1d5983ff[p=HttpParser{s=START,0 of -1},g=HttpGenerator@2340234d{s=START}]=>HttpChannelOverHttp@fc72edf{s=HttpChannelState@4c459f96{s=IDLE rs=BLOCKING os=OPEN is=IDLE awp=false se=false i=true al=0},r=0,c=false/false,a=IDLE,uri=null,age=0}}}
02:33:21.828 [qtp961160488-20] DEBUG org.eclipse.jetty.io.ChannelEndPoint - changeInterests p=false 0->1 for SocketChannelEndPoint@5a059f68{l=/127.0.0.1:44045,r=/127.0.0.1:47378,OPEN,fill=FI,flush=-,to=0/3000}{io=0/1,kio=0,kro=0}->HttpConnection@1d5983ff[p=HttpParser{s=START,0 of -1},g=HttpGenerator@2340234d{s=START}]=>HttpChannelOverHttp@fc72edf{s=HttpChannelState@4c459f96{s=IDLE rs=BLOCKING os=OPEN is=IDLE awp=false se=false i=true al=0},r=0,c=false/false,a=IDLE,uri=null,age=0}
02:33:21.828 [qtp961160488-20] DEBUG org.eclipse.jetty.io.ManagedSelector - Queued change lazy=false org.eclipse.jetty.io.ChannelEndPoint$$Lambda$255/1238156519@38b71b70 on ManagedSelector@4803b726{STARTED} id=1 keys=1 selected=0 updates=1
02:33:21.828 [qtp961160488-20] DEBUG org.eclipse.jetty.io.ManagedSelector - Wakeup on submit ManagedSelector@4803b726{STARTED} id=1 keys=1 selected=0 updates=2
02:33:21.828 [qtp961160488-16] DEBUG org.eclipse.jetty.io.ManagedSelector - Selector sun.nio.ch.EPollSelectorImpl@11cfe143 woken with none selected
02:33:21.829 [qtp961160488-16] DEBUG org.eclipse.jetty.io.ManagedSelector - Selector sun.nio.ch.EPollSelectorImpl@11cfe143 woken up from select, 0/0/1 selected
02:33:21.829 [qtp961160488-20] DEBUG org.eclipse.jetty.io.ManagedSelector - Created SocketChannelEndPoint@5a059f68{l=/127.0.0.1:44045,r=/127.0.0.1:47378,OPEN,fill=FI,flush=-,to=0/3000}{io=0/1,kio=0,kro=0}->HttpConnection@1d5983ff[p=HttpParser{s=START,0 of -1},g=HttpGenerator@2340234d{s=START}]=>HttpChannelOverHttp@fc72edf{s=HttpChannelState@4c459f96{s=IDLE rs=BLOCKING os=OPEN is=IDLE awp=false se=false i=true al=0},r=0,c=false/false,a=IDLE,uri=null,age=0}
02:33:21.829 [qtp961160488-16] DEBUG org.eclipse.jetty.io.ManagedSelector - Selector sun.nio.ch.EPollSelectorImpl@11cfe143 processing 0 keys, 2 updates
02:33:21.829 [qtp961160488-16] DEBUG org.eclipse.jetty.io.ManagedSelector - updateable 2
02:33:21.829 [qtp961160488-16] DEBUG org.eclipse.jetty.io.ManagedSelector - update org.eclipse.jetty.io.ManagedSelector$$Lambda$258/1710399120@3de18639
02:33:21.829 [qtp961160488-20] DEBUG org.eclipse.jetty.util.thread.QueuedThreadPool - ran Accept@4a1ad7[java.nio.channels.SocketChannel[connected local=/127.0.0.1:44045 remote=/127.0.0.1:47378]] in QueuedThreadPool[qtp961160488]@394a2528{STARTED,8<=8<=200,i=2,r=-1,q=0}[ReservedThreadExecutor@383bfa16{reserved=0/8,pending=0}]
02:33:21.829 [qtp961160488-16] DEBUG org.eclipse.jetty.io.ManagedSelector - update org.eclipse.jetty.io.ChannelEndPoint$$Lambda$255/1238156519@38b71b70
02:33:21.829 [qtp961160488-16] DEBUG org.eclipse.jetty.io.ChannelEndPoint - Key interests updated 0 -> 1 on SocketChannelEndPoint@5a059f68{l=/127.0.0.1:44045,r=/127.0.0.1:47378,OPEN,fill=FI,flush=-,to=1/3000}{io=1/1,kio=1,kro=0}->HttpConnection@1d5983ff[p=HttpParser{s=START,0 of -1},g=HttpGenerator@2340234d{s=START}]=>HttpChannelOverHttp@fc72edf{s=HttpChannelState@4c459f96{s=IDLE rs=BLOCKING os=OPEN is=IDLE awp=false se=false i=true al=0},r=0,c=false/false,a=IDLE,uri=null,age=0}
02:33:21.829 [qtp961160488-16] DEBUG org.eclipse.jetty.io.ManagedSelector - updates 0
02:33:21.829 [qtp961160488-16] DEBUG org.eclipse.jetty.io.ManagedSelector - Selector sun.nio.ch.EPollSelectorImpl@11cfe143 waiting with 1 keys
02:33:21.829 [qtp961160488-16] DEBUG org.eclipse.jetty.io.ManagedSelector - Selector sun.nio.ch.EPollSelectorImpl@11cfe143 woken up from select, 1/1/1 selected
02:33:21.830 [qtp961160488-16] DEBUG org.eclipse.jetty.io.ManagedSelector - Selector sun.nio.ch.EPollSelectorImpl@11cfe143 processing 1 keys, 0 updates
02:33:21.830 [qtp961160488-16] DEBUG org.eclipse.jetty.io.ManagedSelector - selected 1 sun.nio.ch.SelectionKeyImpl@1b378a33 SocketChannelEndPoint@5a059f68{l=/127.0.0.1:44045,r=/127.0.0.1:47378,OPEN,fill=FI,flush=-,to=2/3000}{io=1/1,kio=1,kro=1}->HttpConnection@1d5983ff[p=HttpParser{s=START,0 of -1},g=HttpGenerator@2340234d{s=START}]=>HttpChannelOverHttp@fc72edf{s=HttpChannelState@4c459f96{s=IDLE rs=BLOCKING os=OPEN is=IDLE awp=false se=false i=true al=0},r=0,c=false/false,a=IDLE,uri=null,age=0} 
02:33:21.830 [qtp961160488-16] DEBUG org.eclipse.jetty.io.ChannelEndPoint - onSelected 1->0 r=true w=false for SocketChannelEndPoint@5a059f68{l=/127.0.0.1:44045,r=/127.0.0.1:47378,OPEN,fill=FI,flush=-,to=2/3000}{io=1/0,kio=1,kro=1}->HttpConnection@1d5983ff[p=HttpParser{s=START,0 of -1},g=HttpGenerator@2340234d{s=START}]=>HttpChannelOverHttp@fc72edf{s=HttpChannelState@4c459f96{s=IDLE rs=BLOCKING os=OPEN is=IDLE awp=false se=false i=true al=0},r=0,c=false/false,a=IDLE,uri=null,age=0}
02:33:21.830 [qtp961160488-16] DEBUG org.eclipse.jetty.io.ChannelEndPoint - task CEP:SocketChannelEndPoint@5a059f68{l=/127.0.0.1:44045,r=/127.0.0.1:47378,OPEN,fill=FI,flush=-,to=2/3000}{io=1/0,kio=1,kro=1}->HttpConnection@1d5983ff[p=HttpParser{s=START,0 of -1},g=HttpGenerator@2340234d{s=START}]=>HttpChannelOverHttp@fc72edf{s=HttpChannelState@4c459f96{s=IDLE rs=BLOCKING os=OPEN is=IDLE awp=false se=false i=true al=0},r=0,c=false/false,a=IDLE,uri=null,age=0}:runFillable:BLOCKING
02:33:21.831 [qtp961160488-16] DEBUG org.eclipse.jetty.util.thread.ReservedThreadExecutor - ReservedThreadExecutor@383bfa16{reserved=0/8,pending=0} tryExecute EatWhatYouKill@17497425/SelectorProducer@f0da945/PRODUCING/p=false/QueuedThreadPool[qtp961160488]@394a2528{STARTED,8<=8<=200,i=3,r=-1,q=0}[ReservedThreadExecutor@383bfa16{reserved=0/8,pending=0}][pc=0,pic=0,pec=0,epc=0]@2024-05-02T02:33:21.83+01:00
02:33:21.831 [qtp961160488-16] DEBUG org.eclipse.jetty.util.thread.ReservedThreadExecutor - ReservedThreadExecutor@383bfa16{reserved=0/8,pending=1} startReservedThread p=1
02:33:21.832 [qtp961160488-22] DEBUG org.eclipse.jetty.util.thread.QueuedThreadPool - run ReservedThread@3e1af87e{PENDING,thread=null} in QueuedThreadPool[qtp961160488]@394a2528{STARTED,8<=8<=200,i=2,r=-1,q=0}[ReservedThreadExecutor@383bfa16{reserved=0/8,pending=1}]
02:33:21.832 [qtp961160488-16] DEBUG org.eclipse.jetty.util.thread.QueuedThreadPool - queue ReservedThread@3e1af87e{PENDING,thread=null} startThread=0
02:33:21.833 [qtp961160488-22] DEBUG org.eclipse.jetty.util.thread.ReservedThreadExecutor - ReservedThread@3e1af87e{PENDING,thread=Thread[qtp961160488-22,5,main]} was=PENDING next=RESERVED size=0+1 capacity=8
02:33:21.833 [qtp961160488-22] DEBUG org.eclipse.jetty.util.thread.ReservedThreadExecutor - ReservedThread@3e1af87e{RESERVED,thread=Thread[qtp961160488-22,5,main]} waiting ReservedThreadExecutor@383bfa16{reserved=1/8,pending=0}
02:33:21.833 [qtp961160488-16] DEBUG org.eclipse.jetty.util.thread.strategy.EatWhatYouKill - EatWhatYouKill@17497425/SelectorProducer@f0da945/PRODUCING/p=false/QueuedThreadPool[qtp961160488]@394a2528{STARTED,8<=8<=200,i=2,r=-1,q=0}[ReservedThreadExecutor@383bfa16{reserved=1/8,pending=0}][pc=0,pic=0,pec=0,epc=0]@2024-05-02T02:33:21.833+01:00 m=PRODUCE_EXECUTE_CONSUME t=CEP:SocketChannelEndPoint@5a059f68{l=/127.0.0.1:44045,r=/127.0.0.1:47378,OPEN,fill=FI,flush=-,to=5/3000}{io=1/0,kio=1,kro=1}->HttpConnection@1d5983ff[p=HttpParser{s=START,0 of -1},g=HttpGenerator@2340234d{s=START}]=>HttpChannelOverHttp@fc72edf{s=HttpChannelState@4c459f96{s=IDLE rs=BLOCKING os=OPEN is=IDLE awp=false se=false i=true al=0},r=0,c=false/false,a=IDLE,uri=null,age=0}:runFillable:BLOCKING/BLOCKING
02:33:21.833 [qtp961160488-16] DEBUG org.eclipse.jetty.util.thread.QueuedThreadPool - queue CEP:SocketChannelEndPoint@5a059f68{l=/127.0.0.1:44045,r=/127.0.0.1:47378,OPEN,fill=FI,flush=-,to=5/3000}{io=1/0,kio=1,kro=1}->HttpConnection@1d5983ff[p=HttpParser{s=START,0 of -1},g=HttpGenerator@2340234d{s=START}]=>HttpChannelOverHttp@fc72edf{s=HttpChannelState@4c459f96{s=IDLE rs=BLOCKING os=OPEN is=IDLE awp=false se=false i=true al=0},r=0,c=false/false,a=IDLE,uri=null,age=0}:runFillable:BLOCKING startThread=0
02:33:21.833 [qtp961160488-21] DEBUG org.eclipse.jetty.util.thread.QueuedThreadPool - run CEP:SocketChannelEndPoint@5a059f68{l=/127.0.0.1:44045,r=/127.0.0.1:47378,OPEN,fill=FI,flush=-,to=5/3000}{io=1/0,kio=1,kro=1}->HttpConnection@1d5983ff[p=HttpParser{s=START,0 of -1},g=HttpGenerator@2340234d{s=START}]=>HttpChannelOverHttp@fc72edf{s=HttpChannelState@4c459f96{s=IDLE rs=BLOCKING os=OPEN is=IDLE awp=false se=false i=true al=0},r=0,c=false/false,a=IDLE,uri=null,age=0}:runFillable:BLOCKING in QueuedThreadPool[qtp961160488]@394a2528{STARTED,8<=8<=200,i=1,r=-1,q=0}[ReservedThreadExecutor@383bfa16{reserved=1/8,pending=0}]
02:33:21.833 [qtp961160488-16] DEBUG org.eclipse.jetty.io.ManagedSelector - updateable 0
02:33:21.833 [qtp961160488-16] DEBUG org.eclipse.jetty.io.ManagedSelector - updates 0
02:33:21.834 [qtp961160488-21] DEBUG org.eclipse.jetty.io.FillInterest - fillable FillInterest@49401ad6{AC.ReadCB@1d5983ff{HttpConnection@1d5983ff::SocketChannelEndPoint@5a059f68{l=/127.0.0.1:44045,r=/127.0.0.1:47378,OPEN,fill=FI,flush=-,to=5/3000}{io=1/0,kio=1,kro=1}->HttpConnection@1d5983ff[p=HttpParser{s=START,0 of -1},g=HttpGenerator@2340234d{s=START}]=>HttpChannelOverHttp@fc72edf{s=HttpChannelState@4c459f96{s=IDLE rs=BLOCKING os=OPEN is=IDLE awp=false se=false i=true al=0},r=0,c=false/false,a=IDLE,uri=null,age=0}}}
02:33:21.834 [qtp961160488-16] DEBUG org.eclipse.jetty.io.ChannelEndPoint - Key interests updated 1 -> 0 on SocketChannelEndPoint@5a059f68{l=/127.0.0.1:44045,r=/127.0.0.1:47378,OPEN,fill=FI,flush=-,to=6/3000}{io=0/0,kio=0,kro=1}->HttpConnection@1d5983ff[p=HttpParser{s=START,0 of -1},g=HttpGenerator@2340234d{s=START}]=>HttpChannelOverHttp@fc72edf{s=HttpChannelState@4c459f96{s=IDLE rs=BLOCKING os=OPEN is=IDLE awp=false se=false i=true al=0},r=0,c=false/false,a=IDLE,uri=null,age=0}
02:33:21.834 [qtp961160488-16] DEBUG org.eclipse.jetty.io.ManagedSelector - Selector sun.nio.ch.EPollSelectorImpl@11cfe143 waiting with 1 keys
02:33:21.834 [qtp961160488-21] DEBUG org.eclipse.jetty.server.HttpConnection - HttpConnection@1d5983ff::SocketChannelEndPoint@5a059f68{l=/127.0.0.1:44045,r=/127.0.0.1:47378,OPEN,fill=-,flush=-,to=6/3000}{io=0/0,kio=0,kro=1}->HttpConnection@1d5983ff[p=HttpParser{s=START,0 of -1},g=HttpGenerator@2340234d{s=START}]=>HttpChannelOverHttp@fc72edf{s=HttpChannelState@4c459f96{s=IDLE rs=BLOCKING os=OPEN is=IDLE awp=false se=false i=true al=0},r=0,c=false/false,a=IDLE,uri=null,age=0} onFillable enter HttpChannelState@4c459f96{s=IDLE rs=BLOCKING os=OPEN is=IDLE awp=false se=false i=true al=0} null
02:33:21.839 [qtp961160488-21] DEBUG org.eclipse.jetty.util.TypeUtil - This JVM Runtime does not support Modules, disabling Jetty internal support
02:33:21.839 [qtp961160488-21] DEBUG org.eclipse.jetty.io.ChannelEndPoint - filled 125 HeapByteBuffer@3276fc12[p=0,l=125,c=8192,r=125]={<<<GET /config.yml HTTP/1.1\r...gent: okhttp/3.12.3\r\n\r\n>>>\x00\x00\x00\x00\x00\x00\x00\x00\x00...\x00\x00\x00\x00\x00\x00\x00}
02:33:21.840 [qtp961160488-21] DEBUG org.eclipse.jetty.server.HttpConnection - HttpConnection@1d5983ff::SocketChannelEndPoint@5a059f68{l=/127.0.0.1:44045,r=/127.0.0.1:47378,OPEN,fill=-,flush=-,to=4/3000}{io=0/0,kio=0,kro=1}->HttpConnection@1d5983ff[p=HttpParser{s=START,0 of -1},g=HttpGenerator@2340234d{s=START}]=>HttpChannelOverHttp@fc72edf{s=HttpChannelState@4c459f96{s=IDLE rs=BLOCKING os=OPEN is=IDLE awp=false se=false i=true al=0},r=0,c=false/false,a=IDLE,uri=null,age=0} filled 125 HeapByteBuffer@3276fc12[p=0,l=125,c=8192,r=125]={<<<GET /config.yml HTTP/1.1\r...gent: okhttp/3.12.3\r\n\r\n>>>\x00\x00\x00\x00\x00\x00\x00\x00\x00...\x00\x00\x00\x00\x00\x00\x00}
02:33:21.840 [qtp961160488-21] DEBUG org.eclipse.jetty.server.HttpConnection - HttpConnection@1d5983ff::SocketChannelEndPoint@5a059f68{l=/127.0.0.1:44045,r=/127.0.0.1:47378,OPEN,fill=-,flush=-,to=5/3000}{io=0/0,kio=0,kro=1}->HttpConnection@1d5983ff[p=HttpParser{s=START,0 of -1},g=HttpGenerator@2340234d{s=START}]=>HttpChannelOverHttp@fc72edf{s=HttpChannelState@4c459f96{s=IDLE rs=BLOCKING os=OPEN is=IDLE awp=false se=false i=true al=0},r=0,c=false/false,a=IDLE,uri=null,age=0} parse HeapByteBuffer@3276fc12[p=0,l=125,c=8192,r=125]={<<<GET /config.yml HTTP/1.1\r...gent: okhttp/3.12.3\r\n\r\n>>>\x00\x00\x00\x00\x00\x00\x00\x00\x00...\x00\x00\x00\x00\x00\x00\x00} {}
02:33:21.840 [qtp961160488-21] DEBUG org.eclipse.jetty.http.HttpParser - parseNext s=START HeapByteBuffer@3276fc12[p=0,l=125,c=8192,r=125]={<<<GET /config.yml HTTP/1.1\r...gent: okhttp/3.12.3\r\n\r\n>>>\x00\x00\x00\x00\x00\x00\x00\x00\x00...\x00\x00\x00\x00\x00\x00\x00}
02:33:21.840 [qtp961160488-21] DEBUG org.eclipse.jetty.http.HttpParser - START --> SPACE1
02:33:21.843 [qtp961160488-21] DEBUG org.eclipse.jetty.http.HttpParser - SPACE1 --> URI
02:33:21.844 [qtp961160488-21] DEBUG org.eclipse.jetty.http.HttpParser - URI --> SPACE2
02:33:21.844 [qtp961160488-21] DEBUG org.eclipse.jetty.http.HttpParser - SPACE2 --> REQUEST_VERSION
02:33:21.844 [qtp961160488-21] DEBUG org.eclipse.jetty.http.HttpParser - REQUEST_VERSION --> HEADER
02:33:21.845 [qtp961160488-21] DEBUG org.eclipse.jetty.http.HttpParser - HEADER:Host --> VALUE
02:33:21.845 [qtp961160488-21] DEBUG org.eclipse.jetty.http.HttpParser - HEADER:Host --> IN_VALUE
02:33:21.845 [qtp961160488-21] DEBUG org.eclipse.jetty.http.HttpParser - HEADER:Host --> FIELD
02:33:21.847 [qtp961160488-21] DEBUG org.eclipse.jetty.http.HttpParser - HEADER:Connection: keep-alive --> IN_VALUE
02:33:21.847 [qtp961160488-21] DEBUG org.eclipse.jetty.http.HttpParser - HEADER:Connection: keep-alive --> FIELD
02:33:21.847 [qtp961160488-21] DEBUG org.eclipse.jetty.http.HttpParser - HEADER:Accept-Encoding: gzip --> IN_VALUE
02:33:21.847 [qtp961160488-21] DEBUG org.eclipse.jetty.http.HttpParser - HEADER:Accept-Encoding: gzip --> FIELD
02:33:21.847 [qtp961160488-21] DEBUG org.eclipse.jetty.http.HttpParser - HEADER:User-Agent --> VALUE
02:33:21.847 [qtp961160488-21] DEBUG org.eclipse.jetty.http.HttpParser - HEADER:User-Agent --> IN_VALUE
02:33:21.847 [qtp961160488-21] DEBUG org.eclipse.jetty.http.HttpParser - HEADER:User-Agent --> FIELD
02:33:21.847 [qtp961160488-21] DEBUG org.eclipse.jetty.http.HttpParser - HEADER --> CONTENT
02:33:21.849 [qtp961160488-21] DEBUG org.eclipse.jetty.server.HttpChannel - REQUEST for //localhost:44045/config.yml on HttpChannelOverHttp@fc72edf{s=HttpChannelState@4c459f96{s=IDLE rs=BLOCKING os=OPEN is=IDLE awp=false se=false i=true al=0},r=1,c=false/false,a=IDLE,uri=//localhost:44045/config.yml,age=1}
GET //localhost:44045/config.yml HTTP/1.1
Host: localhost:44045
Connection: keep-alive
Accept-Encoding: gzip
User-Agent: okhttp/3.12.3


02:33:21.849 [qtp961160488-21] DEBUG org.eclipse.jetty.server.HttpConnection - HttpConnection@1d5983ff::SocketChannelEndPoint@5a059f68{l=/127.0.0.1:44045,r=/127.0.0.1:47378,OPEN,fill=-,flush=-,to=13/3000}{io=0/0,kio=0,kro=1}->HttpConnection@1d5983ff[p=HttpParser{s=CONTENT,0 of -1},g=HttpGenerator@2340234d{s=START}]=>HttpChannelOverHttp@fc72edf{s=HttpChannelState@4c459f96{s=IDLE rs=BLOCKING os=OPEN is=IDLE awp=false se=false i=true al=0},r=1,c=false/false,a=IDLE,uri=//localhost:44045/config.yml,age=2} parsed true HttpParser{s=CONTENT,0 of -1}
02:33:21.849 [qtp961160488-21] DEBUG org.eclipse.jetty.server.HttpConnection - releaseRequestBuffer HttpConnection@1d5983ff::SocketChannelEndPoint@5a059f68{l=/127.0.0.1:44045,r=/127.0.0.1:47378,OPEN,fill=-,flush=-,to=14/3000}{io=0/0,kio=0,kro=1}->HttpConnection@1d5983ff[p=HttpParser{s=CONTENT,0 of -1},g=HttpGenerator@2340234d{s=START}]=>HttpChannelOverHttp@fc72edf{s=HttpChannelState@4c459f96{s=IDLE rs=BLOCKING os=OPEN is=IDLE awp=false se=false i=true al=0},r=1,c=false/false,a=IDLE,uri=//localhost:44045/config.yml,age=2}
02:33:21.851 [qtp961160488-21] DEBUG org.eclipse.jetty.server.HttpChannel - handle //localhost:44045/config.yml HttpChannelOverHttp@fc72edf{s=HttpChannelState@4c459f96{s=IDLE rs=BLOCKING os=OPEN is=IDLE awp=false se=false i=true al=0},r=1,c=false/false,a=IDLE,uri=//localhost:44045/config.yml,age=4} 
02:33:21.851 [qtp961160488-21] DEBUG org.eclipse.jetty.server.HttpChannelState - handling HttpChannelState@4c459f96{s=IDLE rs=BLOCKING os=OPEN is=IDLE awp=false se=false i=true al=0}
02:33:21.852 [qtp961160488-21] DEBUG org.eclipse.jetty.server.HttpChannel - action DISPATCH HttpChannelOverHttp@fc72edf{s=HttpChannelState@4c459f96{s=HANDLING rs=BLOCKING os=OPEN is=IDLE awp=false se=false i=true al=0},r=1,c=false/false,a=HANDLING,uri=//localhost:44045/config.yml,age=5}
02:33:21.854 [qtp961160488-21] DEBUG org.eclipse.jetty.server.Server - REQUEST GET /config.yml on HttpChannelOverHttp@fc72edf{s=HttpChannelState@4c459f96{s=HANDLING rs=BLOCKING os=OPEN is=IDLE awp=false se=false i=true al=0},r=1,c=false/false,a=HANDLING,uri=//localhost:44045/config.yml,age=7}
02:33:21.862 [qtp961160488-21] DEBUG org.eclipse.jetty.server.HttpOutput - write(array HeapByteBuffer@1de0e692[p=0,l=4,c=512,r=4]={<<<path>>>\x00\x00\x00\x00\x00\x00\x00\x00\x00...\x00\x00\x00\x00\x00\x00\x00})
02:33:21.863 [qtp961160488-21] DEBUG org.eclipse.jetty.server.HttpOutput - write(array) s=CLOSING,api=BLOCKED,sc=false,e=null last=true agg=false flush=true async=false, len=4 null
02:33:21.863 [qtp961160488-21] DEBUG org.eclipse.jetty.server.HttpChannel - sendResponse info=null content=HeapByteBuffer@6650580a[p=0,l=4,c=512,r=4]={<<<path>>>\x00\x00\x00\x00\x00\x00\x00\x00\x00...\x00\x00\x00\x00\x00\x00\x00} complete=true committing=true callback=Blocker@7c9ee624{null}
02:33:21.863 [qtp961160488-21] DEBUG org.eclipse.jetty.server.HttpChannel - COMMIT for /config.yml on HttpChannelOverHttp@fc72edf{s=HttpChannelState@4c459f96{s=HANDLING rs=BLOCKING os=COMMITTED is=IDLE awp=false se=false i=true al=0},r=1,c=false/false,a=HANDLING,uri=//localhost:44045/config.yml,age=16}
200 null HTTP/1.1
Date: Thu, 02 May 2024 01:33:21 GMT
ETag: testEtag
Content-Type: text/plain;charset=utf-8
Content-Length: 4


02:33:21.866 [qtp961160488-21] DEBUG org.eclipse.jetty.server.HttpConnection - generate: NEED_HEADER for SendCallback@72bcc669[PROCESSING][i=HTTP/1.1{s=200,h=4,cl=4},cb=org.eclipse.jetty.server.HttpChannel$SendCallback@641a92f9] (null,[p=0,l=4,c=512,r=4],true)@START
02:33:21.867 [qtp961160488-21] DEBUG org.eclipse.jetty.http.HttpGenerator - generateHeaders HTTP/1.1{s=200,h=4,cl=4} last=true content=HeapByteBuffer@6650580a[p=0,l=4,c=512,r=4]={<<<path>>>\x00\x00\x00\x00\x00\x00\x00\x00\x00...\x00\x00\x00\x00\x00\x00\x00}
02:33:21.867 [qtp961160488-21] DEBUG org.eclipse.jetty.http.HttpGenerator - Date: Thu, 02 May 2024 01:33:21 GMT
ETag: testEtag
Content-Type: text/plain;charset=utf-8
Content-Length: 4


02:33:21.867 [qtp961160488-21] DEBUG org.eclipse.jetty.http.HttpGenerator - CONTENT_LENGTH
02:33:21.867 [qtp961160488-21] DEBUG org.eclipse.jetty.server.HttpConnection - generate: FLUSH for SendCallback@72bcc669[PROCESSING][i=HTTP/1.1{s=200,h=4,cl=4},cb=org.eclipse.jetty.server.HttpChannel$SendCallback@641a92f9] ([p=0,l=164,c=8192,r=164],[p=0,l=4,c=512,r=4],true)@COMPLETING
02:33:21.867 [qtp961160488-21] DEBUG org.eclipse.jetty.io.WriteFlusher - write: WriteFlusher@7787c7{IDLE}->null [HeapByteBuffer@3276fc12[p=0,l=164,c=8192,r=164]={<<<HTTP/1.1 200 OK\r\nDate: Th...y(9.4.44.v20210927)\r\n\r\n>>>\x00\x00\x00\x00\x00\x00\x00\x00\x00...\x00\x00\x00\x00\x00\x00\x00},HeapByteBuffer@6650580a[p=0,l=4,c=512,r=4]={<<<path>>>\x00\x00\x00\x00\x00\x00\x00\x00\x00...\x00\x00\x00\x00\x00\x00\x00}]
02:33:21.867 [qtp961160488-21] DEBUG org.eclipse.jetty.io.WriteFlusher - update WriteFlusher@7787c7{WRITING}->null:IDLE-->WRITING
02:33:21.868 [qtp961160488-21] DEBUG org.eclipse.jetty.io.ChannelEndPoint - flushed 168 SocketChannelEndPoint@5a059f68{l=/127.0.0.1:44045,r=/127.0.0.1:47378,OPEN,fill=-,flush=W,to=32/3000}{io=0/0,kio=0,kro=1}->HttpConnection@1d5983ff[p=HttpParser{s=CONTENT,0 of -1},g=HttpGenerator@2340234d{s=COMPLETING}]=>HttpChannelOverHttp@fc72edf{s=HttpChannelState@4c459f96{s=HANDLING rs=BLOCKING os=COMMITTED is=IDLE awp=false se=false i=true al=0},r=1,c=false/false,a=HANDLING,uri=//localhost:44045/config.yml,age=21}
02:33:21.868 [qtp961160488-21] DEBUG org.eclipse.jetty.io.WriteFlusher - Flushed=true written=168 remaining=0 WriteFlusher@7787c7{WRITING}->null
02:33:21.868 [qtp961160488-21] DEBUG org.eclipse.jetty.io.WriteFlusher - update WriteFlusher@7787c7{IDLE}->null:WRITING-->IDLE
02:33:21.868 [qtp961160488-21] DEBUG org.eclipse.jetty.server.HttpConnection - generate: DONE for SendCallback@72bcc669[PROCESSING][i=HTTP/1.1{s=200,h=4,cl=4},cb=org.eclipse.jetty.server.HttpChannel$SendCallback@641a92f9] ([p=164,l=164,c=8192,r=0],[p=4,l=4,c=512,r=0],true)@END
02:33:21.869 [qtp961160488-21] DEBUG org.eclipse.jetty.server.HttpOutput - onWriteComplete(true,null) s=CLOSING,api=BLOCKED,sc=false,e=null->s=CLOSED,api=BLOCKING,sc=false,e=null c=null cb=null w=false
02:33:21.869 [qtp961160488-21] DEBUG org.eclipse.jetty.server.HttpOutput - close() s=CLOSED,api=BLOCKING,sc=false,e=null c=null b=null
02:33:21.869 [qtp961160488-21] DEBUG org.eclipse.jetty.server.Server - handled=true async=false committed=true on HttpChannelOverHttp@fc72edf{s=HttpChannelState@4c459f96{s=HANDLING rs=BLOCKING os=COMPLETED is=IDLE awp=false se=false i=true al=0},r=1,c=false/true,a=HANDLING,uri=//localhost:44045/config.yml,age=22}
02:33:21.869 [qtp961160488-21] DEBUG org.eclipse.jetty.server.HttpChannelState - unhandle HttpChannelState@4c459f96{s=HANDLING rs=BLOCKING os=COMPLETED is=IDLE awp=false se=false i=true al=0}
02:33:21.869 [qtp961160488-21] DEBUG org.eclipse.jetty.server.HttpChannelState - nextAction(false) COMPLETE HttpChannelState@4c459f96{s=HANDLING rs=COMPLETING os=COMPLETED is=IDLE awp=false se=false i=false al=0}
02:33:21.869 [qtp961160488-21] DEBUG org.eclipse.jetty.server.HttpChannel - action COMPLETE HttpChannelOverHttp@fc72edf{s=HttpChannelState@4c459f96{s=HANDLING rs=COMPLETING os=COMPLETED is=IDLE awp=false se=false i=false al=0},r=1,c=false/true,a=HANDLING,uri=//localhost:44045/config.yml,age=22}
02:33:21.870 [qtp961160488-21] DEBUG org.eclipse.jetty.server.HttpOutput - complete(org.eclipse.jetty.util.Callback$3@44d97d14) s=CLOSED,api=BLOCKING,sc=false,e=null s=true e=null, c=null
02:33:21.870 [qtp961160488-21] DEBUG org.eclipse.jetty.server.HttpChannelState - completed HttpChannelState@4c459f96{s=HANDLING rs=COMPLETING os=COMPLETED is=IDLE awp=false se=false i=false al=0}
02:33:21.870 [qtp961160488-21] DEBUG org.eclipse.jetty.server.HttpChannelState - unhandle HttpChannelState@4c459f96{s=HANDLING rs=COMPLETED os=COMPLETED is=IDLE awp=false se=false i=false al=0}
02:33:21.870 [qtp961160488-21] DEBUG org.eclipse.jetty.server.HttpChannelState - nextAction(false) TERMINATED HttpChannelState@4c459f96{s=IDLE rs=COMPLETED os=COMPLETED is=IDLE awp=false se=false i=false al=0}
02:33:21.870 [qtp961160488-21] DEBUG org.eclipse.jetty.server.HttpChannel - action TERMINATED HttpChannelOverHttp@fc72edf{s=HttpChannelState@4c459f96{s=IDLE rs=COMPLETED os=COMPLETED is=IDLE awp=false se=false i=false al=0},r=1,c=true/true,a=IDLE,uri=//localhost:44045/config.yml,age=23}
02:33:21.870 [qtp961160488-21] DEBUG org.eclipse.jetty.server.HttpChannel - onCompleted for /config.yml written=4
02:33:21.870 [qtp961160488-21] DEBUG org.eclipse.jetty.io.ChannelEndPoint - filled 0 HeapByteBuffer@3276fc12[p=0,l=0,c=8192,r=0]={<<<>>>HTTP/1.1 ...\x00\x00\x00\x00\x00\x00\x00}
02:33:21.870 [qtp961160488-21] DEBUG org.eclipse.jetty.io.ChannelEndPoint - filled 0 HeapByteBuffer@3276fc12[p=0,l=0,c=8192,r=0]={<<<>>>HTTP/1.1 ...\x00\x00\x00\x00\x00\x00\x00}
02:33:21.870 [qtp961160488-21] DEBUG org.eclipse.jetty.server.HttpConnection - HttpConnection@1d5983ff::SocketChannelEndPoint@5a059f68{l=/127.0.0.1:44045,r=/127.0.0.1:47378,OPEN,fill=-,flush=-,to=2/3000}{io=0/0,kio=0,kro=1}->HttpConnection@1d5983ff[p=HttpParser{s=CONTENT,0 of -1},g=HttpGenerator@2340234d{s=END}]=>HttpChannelOverHttp@fc72edf{s=HttpChannelState@4c459f96{s=IDLE rs=COMPLETED os=COMPLETED is=IDLE awp=false se=false i=false al=0},r=1,c=true/true,a=IDLE,uri=//localhost:44045/config.yml,age=23} filled 0 HeapByteBuffer@3276fc12[p=0,l=0,c=8192,r=0]={<<<>>>HTTP/1.1 ...\x00\x00\x00\x00\x00\x00\x00}
02:33:21.870 [qtp961160488-21] DEBUG org.eclipse.jetty.server.HttpConnection - HttpConnection@1d5983ff::SocketChannelEndPoint@5a059f68{l=/127.0.0.1:44045,r=/127.0.0.1:47378,OPEN,fill=-,flush=-,to=2/3000}{io=0/0,kio=0,kro=1}->HttpConnection@1d5983ff[p=HttpParser{s=CONTENT,0 of -1},g=HttpGenerator@2340234d{s=END}]=>HttpChannelOverHttp@fc72edf{s=HttpChannelState@4c459f96{s=IDLE rs=COMPLETED os=COMPLETED is=IDLE awp=false se=false i=false al=0},r=1,c=true/true,a=IDLE,uri=//localhost:44045/config.yml,age=23} parse HeapByteBuffer@3276fc12[p=0,l=0,c=8192,r=0]={<<<>>>HTTP/1.1 ...\x00\x00\x00\x00\x00\x00\x00} {}
02:33:21.871 [qtp961160488-21] DEBUG org.eclipse.jetty.http.HttpParser - parseNext s=CONTENT HeapByteBuffer@3276fc12[p=0,l=0,c=8192,r=0]={<<<>>>HTTP/1.1 ...\x00\x00\x00\x00\x00\x00\x00}
02:33:21.871 [qtp961160488-21] DEBUG org.eclipse.jetty.http.HttpParser - CONTENT --> CONTENT_END
02:33:21.871 [qtp961160488-21] DEBUG org.eclipse.jetty.server.HttpChannel - onContentComplete HttpChannelOverHttp@fc72edf{s=HttpChannelState@4c459f96{s=IDLE rs=COMPLETED os=COMPLETED is=IDLE awp=false se=false i=false al=0},r=1,c=true/true,a=IDLE,uri=//localhost:44045/config.yml,age=24}
02:33:21.871 [qtp961160488-21] DEBUG org.eclipse.jetty.http.HttpParser - CONTENT_END --> END
02:33:21.871 [qtp961160488-21] DEBUG org.eclipse.jetty.server.HttpChannel - onRequestComplete HttpChannelOverHttp@fc72edf{s=HttpChannelState@4c459f96{s=IDLE rs=COMPLETED os=COMPLETED is=IDLE awp=false se=false i=false al=0},r=1,c=true/true,a=IDLE,uri=//localhost:44045/config.yml,age=24}
02:33:21.871 [qtp961160488-21] DEBUG org.eclipse.jetty.server.HttpInput - HttpInputOverHTTP@6b3c00fa[c=0,q=0,[0]=null,s=STREAM] addContent EOF
02:33:21.871 [qtp961160488-21] DEBUG org.eclipse.jetty.server.HttpConnection - HttpConnection@1d5983ff::SocketChannelEndPoint@5a059f68{l=/127.0.0.1:44045,r=/127.0.0.1:47378,OPEN,fill=-,flush=-,to=2/3000}{io=0/0,kio=0,kro=1}->HttpConnection@1d5983ff[p=HttpParser{s=END,0 of -1},g=HttpGenerator@2340234d{s=END}]=>HttpChannelOverHttp@fc72edf{s=HttpChannelState@4c459f96{s=IDLE rs=COMPLETED os=COMPLETED is=IDLE awp=false se=false i=false al=0},r=1,c=true/true,a=IDLE,uri=//localhost:44045/config.yml,age=24} parsed false HttpParser{s=END,0 of -1}
02:33:21.871 [qtp961160488-21] DEBUG org.eclipse.jetty.server.HttpConnection - releaseRequestBuffer HttpConnection@1d5983ff::SocketChannelEndPoint@5a059f68{l=/127.0.0.1:44045,r=/127.0.0.1:47378,OPEN,fill=-,flush=-,to=2/3000}{io=0/0,kio=0,kro=1}->HttpConnection@1d5983ff[p=HttpParser{s=END,0 of -1},g=HttpGenerator@2340234d{s=END}]=>HttpChannelOverHttp@fc72edf{s=HttpChannelState@4c459f96{s=IDLE rs=COMPLETED os=COMPLETED is=IDLE awp=false se=false i=false al=0},r=1,c=true/true,a=IDLE,uri=//localhost:44045/config.yml,age=24}
02:33:21.871 [qtp961160488-21] DEBUG org.eclipse.jetty.server.HttpChannelState - recycle HttpChannelState@4c459f96{s=IDLE rs=COMPLETED os=COMPLETED is=IDLE awp=false se=false i=false al=0}
02:33:21.871 [main] DEBUG org.apache.nifi.minifi.bootstrap.configuration.ingestors.PullHttpChangeIngestor - Response received: Response{protocol=http/1.1, code=200, message=OK, url=http://localhost:44045/config.yml}
02:33:21.872 [main] DEBUG org.apache.nifi.minifi.bootstrap.configuration.ingestors.PullHttpChangeIngestor - New change received, notifying listener
02:33:21.872 [main] DEBUG org.apache.nifi.minifi.bootstrap.configuration.ingestors.PullHttpChangeIngestor - Listeners notified
02:33:21.873 [qtp961160488-21] DEBUG org.eclipse.jetty.http.HttpParser - reset HttpParser{s=END,0 of -1}
02:33:21.873 [qtp961160488-21] DEBUG org.eclipse.jetty.http.HttpParser - END --> START
02:33:21.874 [qtp961160488-21] DEBUG org.eclipse.jetty.server.HttpChannel - !handle TERMINATED HttpChannelOverHttp@fc72edf{s=HttpChannelState@4c459f96{s=IDLE rs=BLOCKING os=OPEN is=IDLE awp=false se=false i=true al=0},r=1,c=false/false,a=IDLE,uri=null,age=0}
02:33:21.874 [qtp961160488-21] DEBUG org.eclipse.jetty.io.ChannelEndPoint - filled 0 HeapByteBuffer@3276fc12[p=0,l=0,c=8192,r=0]={<<<>>>HTTP/1.1 ...\x00\x00\x00\x00\x00\x00\x00}
02:33:21.874 [qtp961160488-21] DEBUG org.eclipse.jetty.io.ChannelEndPoint - filled 0 HeapByteBuffer@3276fc12[p=0,l=0,c=8192,r=0]={<<<>>>HTTP/1.1 ...\x00\x00\x00\x00\x00\x00\x00}
02:33:21.874 [qtp961160488-21] DEBUG org.eclipse.jetty.server.HttpConnection - HttpConnection@1d5983ff::SocketChannelEndPoint@5a059f68{l=/127.0.0.1:44045,r=/127.0.0.1:47378,OPEN,fill=-,flush=-,to=5/3000}{io=0/0,kio=0,kro=1}->HttpConnection@1d5983ff[p=HttpParser{s=START,0 of -1},g=HttpGenerator@2340234d{s=START}]=>HttpChannelOverHttp@fc72edf{s=HttpChannelState@4c459f96{s=IDLE rs=BLOCKING os=OPEN is=IDLE awp=false se=false i=true al=0},r=1,c=false/false,a=IDLE,uri=null,age=0} filled 0 HeapByteBuffer@3276fc12[p=0,l=0,c=8192,r=0]={<<<>>>HTTP/1.1 ...\x00\x00\x00\x00\x00\x00\x00}
02:33:21.874 [qtp961160488-21] DEBUG org.eclipse.jetty.server.HttpConnection - HttpConnection@1d5983ff::SocketChannelEndPoint@5a059f68{l=/127.0.0.1:44045,r=/127.0.0.1:47378,OPEN,fill=-,flush=-,to=5/3000}{io=0/0,kio=0,kro=1}->HttpConnection@1d5983ff[p=HttpParser{s=START,0 of -1},g=HttpGenerator@2340234d{s=START}]=>HttpChannelOverHttp@fc72edf{s=HttpChannelState@4c459f96{s=IDLE rs=BLOCKING os=OPEN is=IDLE awp=false se=false i=true al=0},r=1,c=false/false,a=IDLE,uri=null,age=0} parse HeapByteBuffer@3276fc12[p=0,l=0,c=8192,r=0]={<<<>>>HTTP/1.1 ...\x00\x00\x00\x00\x00\x00\x00} {}
02:33:21.874 [qtp961160488-21] DEBUG org.eclipse.jetty.http.HttpParser - parseNext s=START HeapByteBuffer@3276fc12[p=0,l=0,c=8192,r=0]={<<<>>>HTTP/1.1 ...\x00\x00\x00\x00\x00\x00\x00}
02:33:21.875 [qtp961160488-21] DEBUG org.eclipse.jetty.server.HttpConnection - HttpConnection@1d5983ff::SocketChannelEndPoint@5a059f68{l=/127.0.0.1:44045,r=/127.0.0.1:47378,OPEN,fill=-,flush=-,to=6/3000}{io=0/0,kio=0,kro=1}->HttpConnection@1d5983ff[p=HttpParser{s=START,0 of -1},g=HttpGenerator@2340234d{s=START}]=>HttpChannelOverHttp@fc72edf{s=HttpChannelState@4c459f96{s=IDLE rs=BLOCKING os=OPEN is=IDLE awp=false se=false i=true al=0},r=1,c=false/false,a=IDLE,uri=null,age=0} parsed false HttpParser{s=START,0 of -1}
02:33:21.875 [qtp961160488-21] DEBUG org.eclipse.jetty.server.HttpConnection - releaseRequestBuffer HttpConnection@1d5983ff::SocketChannelEndPoint@5a059f68{l=/127.0.0.1:44045,r=/127.0.0.1:47378,OPEN,fill=-,flush=-,to=6/3000}{io=0/0,kio=0,kro=1}->HttpConnection@1d5983ff[p=HttpParser{s=START,0 of -1},g=HttpGenerator@2340234d{s=START}]=>HttpChannelOverHttp@fc72edf{s=HttpChannelState@4c459f96{s=IDLE rs=BLOCKING os=OPEN is=IDLE awp=false se=false i=true al=0},r=1,c=false/false,a=IDLE,uri=null,age=0}
02:33:21.875 [qtp961160488-21] DEBUG org.eclipse.jetty.io.AbstractConnection - fillInterested HttpConnection@1d5983ff::SocketChannelEndPoint@5a059f68{l=/127.0.0.1:44045,r=/127.0.0.1:47378,OPEN,fill=-,flush=-,to=6/3000}{io=0/0,kio=0,kro=1}->HttpConnection@1d5983ff[p=HttpParser{s=START,0 of -1},g=HttpGenerator@2340234d{s=START}]=>HttpChannelOverHttp@fc72edf{s=HttpChannelState@4c459f96{s=IDLE rs=BLOCKING os=OPEN is=IDLE awp=false se=false i=true al=0},r=1,c=false/false,a=IDLE,uri=null,age=0}
02:33:21.875 [qtp961160488-21] DEBUG org.eclipse.jetty.io.FillInterest - interested FillInterest@49401ad6{AC.ReadCB@1d5983ff{HttpConnection@1d5983ff::SocketChannelEndPoint@5a059f68{l=/127.0.0.1:44045,r=/127.0.0.1:47378,OPEN,fill=FI,flush=-,to=0/3000}{io=0/0,kio=0,kro=1}->HttpConnection@1d5983ff[p=HttpParser{s=START,0 of -1},g=HttpGenerator@2340234d{s=START}]=>HttpChannelOverHttp@fc72edf{s=HttpChannelState@4c459f96{s=IDLE rs=BLOCKING os=OPEN is=IDLE awp=false se=false i=true al=0},r=1,c=false/false,a=IDLE,uri=null,age=0}}}
02:33:21.875 [qtp961160488-21] DEBUG org.eclipse.jetty.io.ChannelEndPoint - changeInterests p=false 0->1 for SocketChannelEndPoint@5a059f68{l=/127.0.0.1:44045,r=/127.0.0.1:47378,OPEN,fill=FI,flush=-,to=0/3000}{io=0/1,kio=0,kro=1}->HttpConnection@1d5983ff[p=HttpParser{s=START,0 of -1},g=HttpGenerator@2340234d{s=START}]=>HttpChannelOverHttp@fc72edf{s=HttpChannelState@4c459f96{s=IDLE rs=BLOCKING os=OPEN is=IDLE awp=false se=false i=true al=0},r=1,c=false/false,a=IDLE,uri=null,age=0}
02:33:21.876 [qtp961160488-21] DEBUG org.eclipse.jetty.io.ManagedSelector - Queued change lazy=false org.eclipse.jetty.io.ChannelEndPoint$$Lambda$255/1238156519@38b71b70 on ManagedSelector@4803b726{STARTED} id=1 keys=1 selected=0 updates=0
02:33:21.876 [qtp961160488-21] DEBUG org.eclipse.jetty.io.ManagedSelector - Wakeup on submit ManagedSelector@4803b726{STARTED} id=1 keys=1 selected=0 updates=1
02:33:21.876 [qtp961160488-16] DEBUG org.eclipse.jetty.io.ManagedSelector - Selector sun.nio.ch.EPollSelectorImpl@11cfe143 woken with none selected
02:33:21.876 [qtp961160488-16] DEBUG org.eclipse.jetty.io.ManagedSelector - Selector sun.nio.ch.EPollSelectorImpl@11cfe143 woken up from select, 0/0/1 selected
02:33:21.876 [qtp961160488-16] DEBUG org.eclipse.jetty.io.ManagedSelector - Selector sun.nio.ch.EPollSelectorImpl@11cfe143 processing 0 keys, 1 updates
02:33:21.876 [qtp961160488-16] DEBUG org.eclipse.jetty.io.ManagedSelector - updateable 1
02:33:21.876 [qtp961160488-16] DEBUG org.eclipse.jetty.io.ManagedSelector - update org.eclipse.jetty.io.ChannelEndPoint$$Lambda$255/1238156519@38b71b70
02:33:21.876 [qtp961160488-21] DEBUG org.eclipse.jetty.server.HttpConnection - HttpConnection@1d5983ff::SocketChannelEndPoint@5a059f68{l=/127.0.0.1:44045,r=/127.0.0.1:47378,OPEN,fill=FI,flush=-,to=0/3000}{io=0/1,kio=0,kro=1}->HttpConnection@1d5983ff[p=HttpParser{s=START,0 of -1},g=HttpGenerator@2340234d{s=START}]=>HttpChannelOverHttp@fc72edf{s=HttpChannelState@4c459f96{s=IDLE rs=BLOCKING os=OPEN is=IDLE awp=false se=false i=true al=0},r=1,c=false/false,a=IDLE,uri=null,age=0} onFillable exit HttpChannelState@4c459f96{s=IDLE rs=BLOCKING os=OPEN is=IDLE awp=false se=false i=true al=0} null
02:33:21.876 [qtp961160488-16] DEBUG org.eclipse.jetty.io.ChannelEndPoint - Key interests updated 0 -> 1 on SocketChannelEndPoint@5a059f68{l=/127.0.0.1:44045,r=/127.0.0.1:47378,OPEN,fill=FI,flush=-,to=0/3000}{io=1/1,kio=1,kro=1}->HttpConnection@1d5983ff[p=HttpParser{s=START,0 of -1},g=HttpGenerator@2340234d{s=START}]=>HttpChannelOverHttp@fc72edf{s=HttpChannelState@4c459f96{s=IDLE rs=BLOCKING os=OPEN is=IDLE awp=false se=false i=true al=0},r=1,c=false/false,a=IDLE,uri=null,age=0}
02:33:21.876 [qtp961160488-16] DEBUG org.eclipse.jetty.io.ManagedSelector - updates 0
02:33:21.876 [qtp961160488-21] DEBUG org.eclipse.jetty.util.thread.QueuedThreadPool - ran CEP:SocketChannelEndPoint@5a059f68{l=/127.0.0.1:44045,r=/127.0.0.1:47378,OPEN,fill=FI,flush=-,to=0/3000}{io=1/1,kio=1,kro=1}->HttpConnection@1d5983ff[p=HttpParser{s=START,0 of -1},g=HttpGenerator@2340234d{s=START}]=>HttpChannelOverHttp@fc72edf{s=HttpChannelState@4c459f96{s=IDLE rs=BLOCKING os=OPEN is=IDLE awp=false se=false i=true al=0},r=1,c=false/false,a=IDLE,uri=null,age=0}:runFillable:BLOCKING in QueuedThreadPool[qtp961160488]@394a2528{STARTED,8<=8<=200,i=1,r=-1,q=0}[ReservedThreadExecutor@383bfa16{reserved=1/8,pending=0}]
02:33:21.876 [qtp961160488-16] DEBUG org.eclipse.jetty.io.ManagedSelector - Selector sun.nio.ch.EPollSelectorImpl@11cfe143 waiting with 1 keys
]]></system-out>
  </testcase>
  <testcase name="testUseEtag" classname="org.apache.nifi.minifi.bootstrap.configuration.ingestors.PullHttpChangeIngestorTest" time="0.022">
    <system-out><![CDATA[02:33:21.881 [main] DEBUG org.apache.nifi.minifi.bootstrap.configuration.ingestors.PullHttpChangeIngestor - Attempting to pull new config
02:33:21.882 [qtp961160488-19-acceptor-0@1e1a0406-ServerConnector@446293d{HTTP/1.1, (http/1.1)}{localhost:44045}] DEBUG org.eclipse.jetty.io.ManagedSelector - Queued change lazy=false Accept@e8df4ae[java.nio.channels.SocketChannel[connected local=/127.0.0.1:44045 remote=/127.0.0.1:47380]] on ManagedSelector@316bcf94{STARTED} id=2 keys=0 selected=0 updates=0
02:33:21.882 [qtp961160488-19-acceptor-0@1e1a0406-ServerConnector@446293d{HTTP/1.1, (http/1.1)}{localhost:44045}] DEBUG org.eclipse.jetty.io.ManagedSelector - Wakeup on submit ManagedSelector@316bcf94{STARTED} id=2 keys=0 selected=0 updates=1
02:33:21.882 [qtp961160488-17] DEBUG org.eclipse.jetty.io.ManagedSelector - Selector sun.nio.ch.EPollSelectorImpl@2216d458 woken with none selected
02:33:21.882 [qtp961160488-17] DEBUG org.eclipse.jetty.io.ManagedSelector - Selector sun.nio.ch.EPollSelectorImpl@2216d458 woken up from select, 0/0/0 selected
02:33:21.882 [qtp961160488-17] DEBUG org.eclipse.jetty.io.ManagedSelector - Selector sun.nio.ch.EPollSelectorImpl@2216d458 processing 0 keys, 1 updates
02:33:21.882 [qtp961160488-17] DEBUG org.eclipse.jetty.io.ManagedSelector - updateable 1
02:33:21.882 [qtp961160488-17] DEBUG org.eclipse.jetty.io.ManagedSelector - update Accept@e8df4ae[java.nio.channels.SocketChannel[connected local=/127.0.0.1:44045 remote=/127.0.0.1:47380]]
02:33:21.882 [qtp961160488-17] DEBUG org.eclipse.jetty.util.thread.QueuedThreadPool - queue Accept@e8df4ae[java.nio.channels.SocketChannel[connected local=/127.0.0.1:44045 remote=/127.0.0.1:47380]] startThread=0
02:33:21.882 [qtp961160488-17] DEBUG org.eclipse.jetty.io.ManagedSelector - updates 0
02:33:21.882 [qtp961160488-17] DEBUG org.eclipse.jetty.io.ManagedSelector - Selector sun.nio.ch.EPollSelectorImpl@2216d458 waiting with 1 keys
02:33:21.882 [qtp961160488-20] DEBUG org.eclipse.jetty.util.thread.QueuedThreadPool - run Accept@e8df4ae[java.nio.channels.SocketChannel[connected local=/127.0.0.1:44045 remote=/127.0.0.1:47380]] in QueuedThreadPool[qtp961160488]@394a2528{STARTED,8<=8<=200,i=1,r=-1,q=0}[ReservedThreadExecutor@383bfa16{reserved=1/8,pending=0}]
02:33:21.882 [qtp961160488-20] DEBUG org.eclipse.jetty.io.IdleTimeout - SocketChannelEndPoint@9d68211{l=/127.0.0.1:44045,r=/127.0.0.1:47380,OPEN,fill=-,flush=-,to=0/3000}{io=0/0,kio=0,kro=0}-><null> idle timeout check, elapsed: 0 ms, remaining: 3000 ms
02:33:21.883 [qtp961160488-20] DEBUG org.eclipse.jetty.server.HttpChannel - new HttpChannelOverHttp@2b2e822d{s=HttpChannelState@6271bb34{s=IDLE rs=BLOCKING os=OPEN is=IDLE awp=false se=false i=true al=0},r=0,c=false/false,a=IDLE,uri=null,age=0} -> SocketChannelEndPoint@9d68211{l=/127.0.0.1:44045,r=/127.0.0.1:47380,OPEN,fill=-,flush=-,to=0/3000}{io=0/0,kio=0,kro=0}-><null>,null,HttpChannelState@6271bb34{s=IDLE rs=BLOCKING os=OPEN is=IDLE awp=false se=false i=true al=0}
02:33:21.883 [qtp961160488-20] DEBUG org.eclipse.jetty.server.HttpConnection - New HTTP Connection HttpConnection@629d5091::SocketChannelEndPoint@9d68211{l=/127.0.0.1:44045,r=/127.0.0.1:47380,OPEN,fill=-,flush=-,to=0/3000}{io=0/0,kio=0,kro=0}-><null>
02:33:21.883 [qtp961160488-20] DEBUG org.eclipse.jetty.io.ManagedSelector - Queued change lazy=true org.eclipse.jetty.io.ManagedSelector$$Lambda$258/1710399120@5f6690d9 on ManagedSelector@316bcf94{STARTED} id=2 keys=1 selected=0 updates=0
02:33:21.883 [qtp961160488-20] DEBUG org.eclipse.jetty.io.AbstractEndPoint - onOpen SocketChannelEndPoint@9d68211{l=/127.0.0.1:44045,r=/127.0.0.1:47380,OPEN,fill=-,flush=-,to=0/3000}{io=0/0,kio=0,kro=0}->HttpConnection@629d5091[p=HttpParser{s=START,0 of -1},g=HttpGenerator@64ef2{s=START}]=>HttpChannelOverHttp@2b2e822d{s=HttpChannelState@6271bb34{s=IDLE rs=BLOCKING os=OPEN is=IDLE awp=false se=false i=true al=0},r=0,c=false/false,a=IDLE,uri=null,age=0}
02:33:21.883 [qtp961160488-20] DEBUG org.eclipse.jetty.io.AbstractConnection - onOpen HttpConnection@629d5091::SocketChannelEndPoint@9d68211{l=/127.0.0.1:44045,r=/127.0.0.1:47380,OPEN,fill=-,flush=-,to=0/3000}{io=0/0,kio=0,kro=0}->HttpConnection@629d5091[p=HttpParser{s=START,0 of -1},g=HttpGenerator@64ef2{s=START}]=>HttpChannelOverHttp@2b2e822d{s=HttpChannelState@6271bb34{s=IDLE rs=BLOCKING os=OPEN is=IDLE awp=false se=false i=true al=0},r=0,c=false/false,a=IDLE,uri=null,age=0}
02:33:21.883 [qtp961160488-20] DEBUG org.eclipse.jetty.io.AbstractConnection - fillInterested HttpConnection@629d5091::SocketChannelEndPoint@9d68211{l=/127.0.0.1:44045,r=/127.0.0.1:47380,OPEN,fill=-,flush=-,to=1/3000}{io=0/0,kio=0,kro=0}->HttpConnection@629d5091[p=HttpParser{s=START,0 of -1},g=HttpGenerator@64ef2{s=START}]=>HttpChannelOverHttp@2b2e822d{s=HttpChannelState@6271bb34{s=IDLE rs=BLOCKING os=OPEN is=IDLE awp=false se=false i=true al=0},r=0,c=false/false,a=IDLE,uri=null,age=0}
02:33:21.884 [qtp961160488-20] DEBUG org.eclipse.jetty.io.FillInterest - interested FillInterest@6fc1fddd{AC.ReadCB@629d5091{HttpConnection@629d5091::SocketChannelEndPoint@9d68211{l=/127.0.0.1:44045,r=/127.0.0.1:47380,OPEN,fill=FI,flush=-,to=0/3000}{io=0/0,kio=0,kro=0}->HttpConnection@629d5091[p=HttpParser{s=START,0 of -1},g=HttpGenerator@64ef2{s=START}]=>HttpChannelOverHttp@2b2e822d{s=HttpChannelState@6271bb34{s=IDLE rs=BLOCKING os=OPEN is=IDLE awp=false se=false i=true al=0},r=0,c=false/false,a=IDLE,uri=null,age=0}}}
02:33:21.884 [qtp961160488-20] DEBUG org.eclipse.jetty.io.ChannelEndPoint - changeInterests p=false 0->1 for SocketChannelEndPoint@9d68211{l=/127.0.0.1:44045,r=/127.0.0.1:47380,OPEN,fill=FI,flush=-,to=0/3000}{io=0/1,kio=0,kro=0}->HttpConnection@629d5091[p=HttpParser{s=START,0 of -1},g=HttpGenerator@64ef2{s=START}]=>HttpChannelOverHttp@2b2e822d{s=HttpChannelState@6271bb34{s=IDLE rs=BLOCKING os=OPEN is=IDLE awp=false se=false i=true al=0},r=0,c=false/false,a=IDLE,uri=null,age=0}
02:33:21.884 [qtp961160488-20] DEBUG org.eclipse.jetty.io.ManagedSelector - Queued change lazy=false org.eclipse.jetty.io.ChannelEndPoint$$Lambda$255/1238156519@6750316c on ManagedSelector@316bcf94{STARTED} id=2 keys=1 selected=0 updates=1
02:33:21.884 [qtp961160488-20] DEBUG org.eclipse.jetty.io.ManagedSelector - Wakeup on submit ManagedSelector@316bcf94{STARTED} id=2 keys=1 selected=0 updates=2
02:33:21.884 [qtp961160488-17] DEBUG org.eclipse.jetty.io.ManagedSelector - Selector sun.nio.ch.EPollSelectorImpl@2216d458 woken with none selected
02:33:21.884 [qtp961160488-17] DEBUG org.eclipse.jetty.io.ManagedSelector - Selector sun.nio.ch.EPollSelectorImpl@2216d458 woken up from select, 0/0/1 selected
02:33:21.884 [qtp961160488-17] DEBUG org.eclipse.jetty.io.ManagedSelector - Selector sun.nio.ch.EPollSelectorImpl@2216d458 processing 0 keys, 2 updates
02:33:21.884 [qtp961160488-17] DEBUG org.eclipse.jetty.io.ManagedSelector - updateable 2
02:33:21.884 [qtp961160488-20] DEBUG org.eclipse.jetty.io.ManagedSelector - Created SocketChannelEndPoint@9d68211{l=/127.0.0.1:44045,r=/127.0.0.1:47380,OPEN,fill=FI,flush=-,to=0/3000}{io=0/1,kio=0,kro=0}->HttpConnection@629d5091[p=HttpParser{s=START,0 of -1},g=HttpGenerator@64ef2{s=START}]=>HttpChannelOverHttp@2b2e822d{s=HttpChannelState@6271bb34{s=IDLE rs=BLOCKING os=OPEN is=IDLE awp=false se=false i=true al=0},r=0,c=false/false,a=IDLE,uri=null,age=0}
02:33:21.884 [qtp961160488-17] DEBUG org.eclipse.jetty.io.ManagedSelector - update org.eclipse.jetty.io.ManagedSelector$$Lambda$258/1710399120@5f6690d9
02:33:21.884 [qtp961160488-17] DEBUG org.eclipse.jetty.io.ManagedSelector - update org.eclipse.jetty.io.ChannelEndPoint$$Lambda$255/1238156519@6750316c
02:33:21.884 [qtp961160488-20] DEBUG org.eclipse.jetty.util.thread.QueuedThreadPool - ran Accept@e8df4ae[java.nio.channels.SocketChannel[connected local=/127.0.0.1:44045 remote=/127.0.0.1:47380]] in QueuedThreadPool[qtp961160488]@394a2528{STARTED,8<=8<=200,i=1,r=-1,q=0}[ReservedThreadExecutor@383bfa16{reserved=1/8,pending=0}]
02:33:21.884 [qtp961160488-17] DEBUG org.eclipse.jetty.io.ChannelEndPoint - Key interests updated 0 -> 1 on SocketChannelEndPoint@9d68211{l=/127.0.0.1:44045,r=/127.0.0.1:47380,OPEN,fill=FI,flush=-,to=0/3000}{io=1/1,kio=1,kro=0}->HttpConnection@629d5091[p=HttpParser{s=START,0 of -1},g=HttpGenerator@64ef2{s=START}]=>HttpChannelOverHttp@2b2e822d{s=HttpChannelState@6271bb34{s=IDLE rs=BLOCKING os=OPEN is=IDLE awp=false se=false i=true al=0},r=0,c=false/false,a=IDLE,uri=null,age=0}
02:33:21.884 [qtp961160488-17] DEBUG org.eclipse.jetty.io.ManagedSelector - updates 0
02:33:21.884 [qtp961160488-17] DEBUG org.eclipse.jetty.io.ManagedSelector - Selector sun.nio.ch.EPollSelectorImpl@2216d458 waiting with 1 keys
02:33:21.884 [qtp961160488-17] DEBUG org.eclipse.jetty.io.ManagedSelector - Selector sun.nio.ch.EPollSelectorImpl@2216d458 woken up from select, 1/1/1 selected
02:33:21.884 [qtp961160488-17] DEBUG org.eclipse.jetty.io.ManagedSelector - Selector sun.nio.ch.EPollSelectorImpl@2216d458 processing 1 keys, 0 updates
02:33:21.885 [qtp961160488-17] DEBUG org.eclipse.jetty.io.ManagedSelector - selected 1 sun.nio.ch.SelectionKeyImpl@2cd12e6a SocketChannelEndPoint@9d68211{l=/127.0.0.1:44045,r=/127.0.0.1:47380,OPEN,fill=FI,flush=-,to=1/3000}{io=1/1,kio=1,kro=1}->HttpConnection@629d5091[p=HttpParser{s=START,0 of -1},g=HttpGenerator@64ef2{s=START}]=>HttpChannelOverHttp@2b2e822d{s=HttpChannelState@6271bb34{s=IDLE rs=BLOCKING os=OPEN is=IDLE awp=false se=false i=true al=0},r=0,c=false/false,a=IDLE,uri=null,age=0} 
02:33:21.885 [qtp961160488-17] DEBUG org.eclipse.jetty.io.ChannelEndPoint - onSelected 1->0 r=true w=false for SocketChannelEndPoint@9d68211{l=/127.0.0.1:44045,r=/127.0.0.1:47380,OPEN,fill=FI,flush=-,to=1/3000}{io=1/0,kio=1,kro=1}->HttpConnection@629d5091[p=HttpParser{s=START,0 of -1},g=HttpGenerator@64ef2{s=START}]=>HttpChannelOverHttp@2b2e822d{s=HttpChannelState@6271bb34{s=IDLE rs=BLOCKING os=OPEN is=IDLE awp=false se=false i=true al=0},r=0,c=false/false,a=IDLE,uri=null,age=0}
02:33:21.885 [qtp961160488-17] DEBUG org.eclipse.jetty.io.ChannelEndPoint - task CEP:SocketChannelEndPoint@9d68211{l=/127.0.0.1:44045,r=/127.0.0.1:47380,OPEN,fill=FI,flush=-,to=1/3000}{io=1/0,kio=1,kro=1}->HttpConnection@629d5091[p=HttpParser{s=START,0 of -1},g=HttpGenerator@64ef2{s=START}]=>HttpChannelOverHttp@2b2e822d{s=HttpChannelState@6271bb34{s=IDLE rs=BLOCKING os=OPEN is=IDLE awp=false se=false i=true al=0},r=0,c=false/false,a=IDLE,uri=null,age=0}:runFillable:BLOCKING
02:33:21.885 [qtp961160488-17] DEBUG org.eclipse.jetty.util.thread.ReservedThreadExecutor - ReservedThreadExecutor@383bfa16{reserved=1/8,pending=0} tryExecute EatWhatYouKill@ffaa6af/SelectorProducer@53ce1329/PRODUCING/p=false/QueuedThreadPool[qtp961160488]@394a2528{STARTED,8<=8<=200,i=2,r=-1,q=0}[ReservedThreadExecutor@383bfa16{reserved=1/8,pending=0}][pc=0,pic=0,pec=0,epc=0]@2024-05-02T02:33:21.885+01:00
02:33:21.885 [qtp961160488-17] DEBUG org.eclipse.jetty.util.thread.ReservedThreadExecutor - ReservedThreadExecutor@383bfa16{reserved=0/8,pending=1} startReservedThread p=1
02:33:21.885 [qtp961160488-17] DEBUG org.eclipse.jetty.util.thread.QueuedThreadPool - queue ReservedThread@28eebf28{PENDING,thread=null} startThread=0
02:33:21.886 [qtp961160488-21] DEBUG org.eclipse.jetty.util.thread.QueuedThreadPool - run ReservedThread@28eebf28{PENDING,thread=null} in QueuedThreadPool[qtp961160488]@394a2528{STARTED,8<=8<=200,i=1,r=-1,q=0}[ReservedThreadExecutor@383bfa16{reserved=0/8,pending=1}]
02:33:21.886 [qtp961160488-21] DEBUG org.eclipse.jetty.util.thread.ReservedThreadExecutor - ReservedThread@28eebf28{PENDING,thread=Thread[qtp961160488-21,5,main]} was=PENDING next=RESERVED size=0+1 capacity=8
02:33:21.886 [qtp961160488-21] DEBUG org.eclipse.jetty.util.thread.ReservedThreadExecutor - ReservedThread@28eebf28{RESERVED,thread=Thread[qtp961160488-21,5,main]} waiting ReservedThreadExecutor@383bfa16{reserved=1/8,pending=0}
02:33:21.886 [qtp961160488-17] DEBUG org.eclipse.jetty.util.thread.strategy.EatWhatYouKill - EatWhatYouKill@ffaa6af/SelectorProducer@53ce1329/IDLE/p=true/QueuedThreadPool[qtp961160488]@394a2528{STARTED,8<=8<=200,i=1,r=-1,q=0}[ReservedThreadExecutor@383bfa16{reserved=0/8,pending=1}][pc=0,pic=0,pec=0,epc=0]@2024-05-02T02:33:21.886+01:00 m=EXECUTE_PRODUCE_CONSUME t=CEP:SocketChannelEndPoint@9d68211{l=/127.0.0.1:44045,r=/127.0.0.1:47380,OPEN,fill=FI,flush=-,to=2/3000}{io=1/0,kio=1,kro=1}->HttpConnection@629d5091[p=HttpParser{s=START,0 of -1},g=HttpGenerator@64ef2{s=START}]=>HttpChannelOverHttp@2b2e822d{s=HttpChannelState@6271bb34{s=IDLE rs=BLOCKING os=OPEN is=IDLE awp=false se=false i=true al=0},r=0,c=false/false,a=IDLE,uri=null,age=0}:runFillable:BLOCKING/BLOCKING
02:33:21.886 [qtp961160488-17] DEBUG org.eclipse.jetty.io.FillInterest - fillable FillInterest@6fc1fddd{AC.ReadCB@629d5091{HttpConnection@629d5091::SocketChannelEndPoint@9d68211{l=/127.0.0.1:44045,r=/127.0.0.1:47380,OPEN,fill=FI,flush=-,to=2/3000}{io=1/0,kio=1,kro=1}->HttpConnection@629d5091[p=HttpParser{s=START,0 of -1},g=HttpGenerator@64ef2{s=START}]=>HttpChannelOverHttp@2b2e822d{s=HttpChannelState@6271bb34{s=IDLE rs=BLOCKING os=OPEN is=IDLE awp=false se=false i=true al=0},r=0,c=false/false,a=IDLE,uri=null,age=0}}}
02:33:21.886 [qtp961160488-17] DEBUG org.eclipse.jetty.server.HttpConnection - HttpConnection@629d5091::SocketChannelEndPoint@9d68211{l=/127.0.0.1:44045,r=/127.0.0.1:47380,OPEN,fill=-,flush=-,to=2/3000}{io=1/0,kio=1,kro=1}->HttpConnection@629d5091[p=HttpParser{s=START,0 of -1},g=HttpGenerator@64ef2{s=START}]=>HttpChannelOverHttp@2b2e822d{s=HttpChannelState@6271bb34{s=IDLE rs=BLOCKING os=OPEN is=IDLE awp=false se=false i=true al=0},r=0,c=false/false,a=IDLE,uri=null,age=0} onFillable enter HttpChannelState@6271bb34{s=IDLE rs=BLOCKING os=OPEN is=IDLE awp=false se=false i=true al=0} null
02:33:21.887 [qtp961160488-17] DEBUG org.eclipse.jetty.io.ChannelEndPoint - filled 132 HeapByteBuffer@3276fc12[p=0,l=132,c=8192,r=132]={<<<GET / HTTP/1.1\r\nIf-None-M...gent: okhttp/3.12.3\r\n\r\n>>>ver: Jett...\x00\x00\x00\x00\x00\x00\x00}
02:33:21.887 [qtp961160488-17] DEBUG org.eclipse.jetty.server.HttpConnection - HttpConnection@629d5091::SocketChannelEndPoint@9d68211{l=/127.0.0.1:44045,r=/127.0.0.1:47380,OPEN,fill=-,flush=-,to=0/3000}{io=1/0,kio=1,kro=1}->HttpConnection@629d5091[p=HttpParser{s=START,0 of -1},g=HttpGenerator@64ef2{s=START}]=>HttpChannelOverHttp@2b2e822d{s=HttpChannelState@6271bb34{s=IDLE rs=BLOCKING os=OPEN is=IDLE awp=false se=false i=true al=0},r=0,c=false/false,a=IDLE,uri=null,age=0} filled 132 HeapByteBuffer@3276fc12[p=0,l=132,c=8192,r=132]={<<<GET / HTTP/1.1\r\nIf-None-M...gent: okhttp/3.12.3\r\n\r\n>>>ver: Jett...\x00\x00\x00\x00\x00\x00\x00}
02:33:21.887 [qtp961160488-17] DEBUG org.eclipse.jetty.server.HttpConnection - HttpConnection@629d5091::SocketChannelEndPoint@9d68211{l=/127.0.0.1:44045,r=/127.0.0.1:47380,OPEN,fill=-,flush=-,to=0/3000}{io=1/0,kio=1,kro=1}->HttpConnection@629d5091[p=HttpParser{s=START,0 of -1},g=HttpGenerator@64ef2{s=START}]=>HttpChannelOverHttp@2b2e822d{s=HttpChannelState@6271bb34{s=IDLE rs=BLOCKING os=OPEN is=IDLE awp=false se=false i=true al=0},r=0,c=false/false,a=IDLE,uri=null,age=0} parse HeapByteBuffer@3276fc12[p=0,l=132,c=8192,r=132]={<<<GET / HTTP/1.1\r\nIf-None-M...gent: okhttp/3.12.3\r\n\r\n>>>ver: Jett...\x00\x00\x00\x00\x00\x00\x00} {}
02:33:21.887 [qtp961160488-17] DEBUG org.eclipse.jetty.http.HttpParser - parseNext s=START HeapByteBuffer@3276fc12[p=0,l=132,c=8192,r=132]={<<<GET / HTTP/1.1\r\nIf-None-M...gent: okhttp/3.12.3\r\n\r\n>>>ver: Jett...\x00\x00\x00\x00\x00\x00\x00}
02:33:21.887 [qtp961160488-17] DEBUG org.eclipse.jetty.http.HttpParser - START --> SPACE1
02:33:21.887 [qtp961160488-17] DEBUG org.eclipse.jetty.http.HttpParser - SPACE1 --> URI
02:33:21.887 [qtp961160488-17] DEBUG org.eclipse.jetty.http.HttpParser - URI --> SPACE2
02:33:21.887 [qtp961160488-17] DEBUG org.eclipse.jetty.http.HttpParser - SPACE2 --> REQUEST_VERSION
02:33:21.887 [qtp961160488-17] DEBUG org.eclipse.jetty.http.HttpParser - REQUEST_VERSION --> HEADER
02:33:21.887 [qtp961160488-17] DEBUG org.eclipse.jetty.http.HttpParser - HEADER:If-None-Match --> VALUE
02:33:21.887 [qtp961160488-17] DEBUG org.eclipse.jetty.http.HttpParser - HEADER:If-None-Match --> FIELD
02:33:21.887 [qtp961160488-17] DEBUG org.eclipse.jetty.http.HttpParser - HEADER:Host --> VALUE
02:33:21.887 [qtp961160488-17] DEBUG org.eclipse.jetty.http.HttpParser - HEADER:Host --> IN_VALUE
02:33:21.887 [qtp961160488-17] DEBUG org.eclipse.jetty.http.HttpParser - HEADER:Host --> FIELD
02:33:21.887 [qtp961160488-17] DEBUG org.eclipse.jetty.http.HttpParser - HEADER:Connection: keep-alive --> IN_VALUE
02:33:21.887 [qtp961160488-17] DEBUG org.eclipse.jetty.http.HttpParser - HEADER:Connection: keep-alive --> FIELD
02:33:21.887 [qtp961160488-17] DEBUG org.eclipse.jetty.http.HttpParser - HEADER:Accept-Encoding: gzip --> IN_VALUE
02:33:21.887 [qtp961160488-17] DEBUG org.eclipse.jetty.http.HttpParser - HEADER:Accept-Encoding: gzip --> FIELD
02:33:21.887 [qtp961160488-17] DEBUG org.eclipse.jetty.http.HttpParser - HEADER:User-Agent --> VALUE
02:33:21.888 [qtp961160488-17] DEBUG org.eclipse.jetty.http.HttpParser - HEADER:User-Agent --> IN_VALUE
02:33:21.888 [qtp961160488-17] DEBUG org.eclipse.jetty.http.HttpParser - HEADER:User-Agent --> FIELD
02:33:21.888 [qtp961160488-17] DEBUG org.eclipse.jetty.http.HttpParser - HEADER --> CONTENT
02:33:21.888 [qtp961160488-17] DEBUG org.eclipse.jetty.server.HttpChannel - REQUEST for //localhost:44045/ on HttpChannelOverHttp@2b2e822d{s=HttpChannelState@6271bb34{s=IDLE rs=BLOCKING os=OPEN is=IDLE awp=false se=false i=true al=0},r=1,c=false/false,a=IDLE,uri=//localhost:44045/,age=0}
GET //localhost:44045/ HTTP/1.1
If-None-Match: 
Host: localhost:44045
Connection: keep-alive
Accept-Encoding: gzip
User-Agent: okhttp/3.12.3


02:33:21.888 [qtp961160488-17] DEBUG org.eclipse.jetty.server.HttpConnection - HttpConnection@629d5091::SocketChannelEndPoint@9d68211{l=/127.0.0.1:44045,r=/127.0.0.1:47380,OPEN,fill=-,flush=-,to=1/3000}{io=1/0,kio=1,kro=1}->HttpConnection@629d5091[p=HttpParser{s=CONTENT,0 of -1},g=HttpGenerator@64ef2{s=START}]=>HttpChannelOverHttp@2b2e822d{s=HttpChannelState@6271bb34{s=IDLE rs=BLOCKING os=OPEN is=IDLE awp=false se=false i=true al=0},r=1,c=false/false,a=IDLE,uri=//localhost:44045/,age=0} parsed true HttpParser{s=CONTENT,0 of -1}
02:33:21.888 [qtp961160488-17] DEBUG org.eclipse.jetty.server.HttpConnection - releaseRequestBuffer HttpConnection@629d5091::SocketChannelEndPoint@9d68211{l=/127.0.0.1:44045,r=/127.0.0.1:47380,OPEN,fill=-,flush=-,to=1/3000}{io=1/0,kio=1,kro=1}->HttpConnection@629d5091[p=HttpParser{s=CONTENT,0 of -1},g=HttpGenerator@64ef2{s=START}]=>HttpChannelOverHttp@2b2e822d{s=HttpChannelState@6271bb34{s=IDLE rs=BLOCKING os=OPEN is=IDLE awp=false se=false i=true al=0},r=1,c=false/false,a=IDLE,uri=//localhost:44045/,age=0}
02:33:21.888 [qtp961160488-17] DEBUG org.eclipse.jetty.server.HttpChannel - handle //localhost:44045/ HttpChannelOverHttp@2b2e822d{s=HttpChannelState@6271bb34{s=IDLE rs=BLOCKING os=OPEN is=IDLE awp=false se=false i=true al=0},r=1,c=false/false,a=IDLE,uri=//localhost:44045/,age=0} 
02:33:21.888 [qtp961160488-17] DEBUG org.eclipse.jetty.server.HttpChannelState - handling HttpChannelState@6271bb34{s=IDLE rs=BLOCKING os=OPEN is=IDLE awp=false se=false i=true al=0}
02:33:21.888 [qtp961160488-17] DEBUG org.eclipse.jetty.server.HttpChannel - action DISPATCH HttpChannelOverHttp@2b2e822d{s=HttpChannelState@6271bb34{s=HANDLING rs=BLOCKING os=OPEN is=IDLE awp=false se=false i=true al=0},r=1,c=false/false,a=HANDLING,uri=//localhost:44045/,age=0}
02:33:21.888 [qtp961160488-17] DEBUG org.eclipse.jetty.server.Server - REQUEST GET / on HttpChannelOverHttp@2b2e822d{s=HttpChannelState@6271bb34{s=HANDLING rs=BLOCKING os=OPEN is=IDLE awp=false se=false i=true al=0},r=1,c=false/false,a=HANDLING,uri=//localhost:44045/,age=0}
02:33:21.889 [qtp961160488-17] DEBUG org.eclipse.jetty.server.HttpOutput - write(array HeapByteBuffer@6dec2451[p=0,l=4,c=512,r=4]={<<<test>>>\x00\x00\x00\x00\x00\x00\x00\x00\x00...\x00\x00\x00\x00\x00\x00\x00})
02:33:21.889 [qtp961160488-17] DEBUG org.eclipse.jetty.server.HttpOutput - write(array) s=CLOSING,api=BLOCKED,sc=false,e=null last=true agg=false flush=true async=false, len=4 null
02:33:21.889 [qtp961160488-17] DEBUG org.eclipse.jetty.server.HttpChannel - sendResponse info=null content=HeapByteBuffer@79cc99a0[p=0,l=4,c=512,r=4]={<<<test>>>\x00\x00\x00\x00\x00\x00\x00\x00\x00...\x00\x00\x00\x00\x00\x00\x00} complete=true committing=true callback=Blocker@5c4b4a8d{null}
02:33:21.889 [qtp961160488-17] DEBUG org.eclipse.jetty.server.HttpChannel - COMMIT for / on HttpChannelOverHttp@2b2e822d{s=HttpChannelState@6271bb34{s=HANDLING rs=BLOCKING os=COMMITTED is=IDLE awp=false se=false i=true al=0},r=1,c=false/false,a=HANDLING,uri=//localhost:44045/,age=1}
200 null HTTP/1.1
Date: Thu, 02 May 2024 01:33:21 GMT
ETag: testEtag
Content-Type: text/plain;charset=utf-8
Content-Length: 4


02:33:21.889 [qtp961160488-17] DEBUG org.eclipse.jetty.server.HttpConnection - generate: NEED_HEADER for SendCallback@181a9d3[PROCESSING][i=HTTP/1.1{s=200,h=4,cl=4},cb=org.eclipse.jetty.server.HttpChannel$SendCallback@dc3db1e] (null,[p=0,l=4,c=512,r=4],true)@START
02:33:21.889 [qtp961160488-17] DEBUG org.eclipse.jetty.http.HttpGenerator - generateHeaders HTTP/1.1{s=200,h=4,cl=4} last=true content=HeapByteBuffer@79cc99a0[p=0,l=4,c=512,r=4]={<<<test>>>\x00\x00\x00\x00\x00\x00\x00\x00\x00...\x00\x00\x00\x00\x00\x00\x00}
02:33:21.889 [qtp961160488-17] DEBUG org.eclipse.jetty.http.HttpGenerator - Date: Thu, 02 May 2024 01:33:21 GMT
ETag: testEtag
Content-Type: text/plain;charset=utf-8
Content-Length: 4


02:33:21.889 [qtp961160488-17] DEBUG org.eclipse.jetty.http.HttpGenerator - CONTENT_LENGTH
02:33:21.889 [qtp961160488-17] DEBUG org.eclipse.jetty.server.HttpConnection - generate: FLUSH for SendCallback@181a9d3[PROCESSING][i=HTTP/1.1{s=200,h=4,cl=4},cb=org.eclipse.jetty.server.HttpChannel$SendCallback@dc3db1e] ([p=0,l=164,c=8192,r=164],[p=0,l=4,c=512,r=4],true)@COMPLETING
02:33:21.889 [qtp961160488-17] DEBUG org.eclipse.jetty.io.WriteFlusher - write: WriteFlusher@10df429f{IDLE}->null [HeapByteBuffer@3276fc12[p=0,l=164,c=8192,r=164]={<<<HTTP/1.1 200 OK\r\nDate: Th...y(9.4.44.v20210927)\r\n\r\n>>>\x00\x00\x00\x00\x00\x00\x00\x00\x00...\x00\x00\x00\x00\x00\x00\x00},HeapByteBuffer@79cc99a0[p=0,l=4,c=512,r=4]={<<<test>>>\x00\x00\x00\x00\x00\x00\x00\x00\x00...\x00\x00\x00\x00\x00\x00\x00}]
02:33:21.889 [qtp961160488-17] DEBUG org.eclipse.jetty.io.WriteFlusher - update WriteFlusher@10df429f{WRITING}->null:IDLE-->WRITING
02:33:21.890 [main] DEBUG org.apache.nifi.minifi.bootstrap.configuration.ingestors.PullHttpChangeIngestor - Response received: Response{protocol=http/1.1, code=200, message=OK, url=http://localhost:44045/}
02:33:21.890 [main] DEBUG org.apache.nifi.minifi.bootstrap.configuration.ingestors.PullHttpChangeIngestor - New change received, notifying listener
02:33:21.890 [qtp961160488-22] DEBUG org.eclipse.jetty.util.thread.ReservedThreadExecutor - ReservedThread@3e1af87e{RESERVED,thread=Thread[qtp961160488-22,5,main]} task=EatWhatYouKill@ffaa6af/SelectorProducer@53ce1329/IDLE/p=true/QueuedThreadPool[qtp961160488]@394a2528{STARTED,8<=8<=200,i=1,r=-1,q=0}[ReservedThreadExecutor@383bfa16{reserved=1/8,pending=0}][pc=0,pic=0,pec=0,epc=1]@2024-05-02T02:33:21.89+01:00 ReservedThreadExecutor@383bfa16{reserved=1/8,pending=0}
02:33:21.890 [qtp961160488-22] DEBUG org.eclipse.jetty.util.thread.strategy.EatWhatYouKill - EatWhatYouKill@ffaa6af/SelectorProducer@53ce1329/IDLE/p=true/QueuedThreadPool[qtp961160488]@394a2528{STARTED,8<=8<=200,i=1,r=-1,q=0}[ReservedThreadExecutor@383bfa16{reserved=1/8,pending=0}][pc=0,pic=0,pec=0,epc=1]@2024-05-02T02:33:21.89+01:00 tryProduce true
02:33:21.890 [qtp961160488-22] DEBUG org.eclipse.jetty.io.ManagedSelector - updateable 0
02:33:21.890 [qtp961160488-22] DEBUG org.eclipse.jetty.io.ManagedSelector - updates 0
02:33:21.890 [qtp961160488-22] DEBUG org.eclipse.jetty.io.ChannelEndPoint - Key interests updated 1 -> 0 on SocketChannelEndPoint@9d68211{l=/127.0.0.1:44045,r=/127.0.0.1:47380,OPEN,fill=-,flush=W,to=3/3000}{io=0/0,kio=0,kro=1}->HttpConnection@629d5091[p=HttpParser{s=CONTENT,0 of -1},g=HttpGenerator@64ef2{s=COMPLETING}]=>HttpChannelOverHttp@2b2e822d{s=HttpChannelState@6271bb34{s=HANDLING rs=BLOCKING os=COMMITTED is=IDLE awp=false se=false i=true al=0},r=1,c=false/false,a=HANDLING,uri=//localhost:44045/,age=2}
02:33:21.891 [qtp961160488-22] DEBUG org.eclipse.jetty.io.ManagedSelector - Selector sun.nio.ch.EPollSelectorImpl@2216d458 waiting with 1 keys
02:33:21.890 [qtp961160488-17] DEBUG org.eclipse.jetty.io.ChannelEndPoint - flushed 168 SocketChannelEndPoint@9d68211{l=/127.0.0.1:44045,r=/127.0.0.1:47380,OPEN,fill=-,flush=W,to=3/3000}{io=1/0,kio=1,kro=1}->HttpConnection@629d5091[p=HttpParser{s=CONTENT,0 of -1},g=HttpGenerator@64ef2{s=COMPLETING}]=>HttpChannelOverHttp@2b2e822d{s=HttpChannelState@6271bb34{s=HANDLING rs=BLOCKING os=COMMITTED is=IDLE awp=false se=false i=true al=0},r=1,c=false/false,a=HANDLING,uri=//localhost:44045/,age=2}
02:33:21.890 [main] DEBUG org.apache.nifi.minifi.bootstrap.configuration.ingestors.PullHttpChangeIngestor - Listeners notified
02:33:21.891 [qtp961160488-17] DEBUG org.eclipse.jetty.io.WriteFlusher - Flushed=true written=168 remaining=0 WriteFlusher@10df429f{WRITING}->null
02:33:21.891 [qtp961160488-17] DEBUG org.eclipse.jetty.io.WriteFlusher - update WriteFlusher@10df429f{IDLE}->null:WRITING-->IDLE
02:33:21.891 [qtp961160488-17] DEBUG org.eclipse.jetty.server.HttpConnection - generate: DONE for SendCallback@181a9d3[PROCESSING][i=HTTP/1.1{s=200,h=4,cl=4},cb=org.eclipse.jetty.server.HttpChannel$SendCallback@dc3db1e] ([p=164,l=164,c=8192,r=0],[p=4,l=4,c=512,r=0],true)@END
02:33:21.891 [main] DEBUG org.apache.nifi.minifi.bootstrap.configuration.ingestors.PullHttpChangeIngestor - Attempting to pull new config
02:33:21.891 [qtp961160488-17] DEBUG org.eclipse.jetty.server.HttpOutput - onWriteComplete(true,null) s=CLOSING,api=BLOCKED,sc=false,e=null->s=CLOSED,api=BLOCKING,sc=false,e=null c=null cb=null w=false
02:33:21.891 [qtp961160488-17] DEBUG org.eclipse.jetty.server.HttpOutput - close() s=CLOSED,api=BLOCKING,sc=false,e=null c=null b=null
02:33:21.891 [qtp961160488-17] DEBUG org.eclipse.jetty.server.Server - handled=true async=false committed=true on HttpChannelOverHttp@2b2e822d{s=HttpChannelState@6271bb34{s=HANDLING rs=BLOCKING os=COMPLETED is=IDLE awp=false se=false i=true al=0},r=1,c=false/true,a=HANDLING,uri=//localhost:44045/,age=3}
02:33:21.891 [qtp961160488-17] DEBUG org.eclipse.jetty.server.HttpChannelState - unhandle HttpChannelState@6271bb34{s=HANDLING rs=BLOCKING os=COMPLETED is=IDLE awp=false se=false i=true al=0}
02:33:21.891 [qtp961160488-17] DEBUG org.eclipse.jetty.server.HttpChannelState - nextAction(false) COMPLETE HttpChannelState@6271bb34{s=HANDLING rs=COMPLETING os=COMPLETED is=IDLE awp=false se=false i=false al=0}
02:33:21.891 [qtp961160488-17] DEBUG org.eclipse.jetty.server.HttpChannel - action COMPLETE HttpChannelOverHttp@2b2e822d{s=HttpChannelState@6271bb34{s=HANDLING rs=COMPLETING os=COMPLETED is=IDLE awp=false se=false i=false al=0},r=1,c=false/true,a=HANDLING,uri=//localhost:44045/,age=3}
02:33:21.892 [qtp961160488-17] DEBUG org.eclipse.jetty.server.HttpOutput - complete(org.eclipse.jetty.util.Callback$3@16c67d2b) s=CLOSED,api=BLOCKING,sc=false,e=null s=true e=null, c=null
02:33:21.892 [qtp961160488-17] DEBUG org.eclipse.jetty.server.HttpChannelState - completed HttpChannelState@6271bb34{s=HANDLING rs=COMPLETING os=COMPLETED is=IDLE awp=false se=false i=false al=0}
02:33:21.892 [qtp961160488-17] DEBUG org.eclipse.jetty.server.HttpChannelState - unhandle HttpChannelState@6271bb34{s=HANDLING rs=COMPLETED os=COMPLETED is=IDLE awp=false se=false i=false al=0}
02:33:21.892 [qtp961160488-17] DEBUG org.eclipse.jetty.server.HttpChannelState - nextAction(false) TERMINATED HttpChannelState@6271bb34{s=IDLE rs=COMPLETED os=COMPLETED is=IDLE awp=false se=false i=false al=0}
02:33:21.892 [qtp961160488-17] DEBUG org.eclipse.jetty.server.HttpChannel - action TERMINATED HttpChannelOverHttp@2b2e822d{s=HttpChannelState@6271bb34{s=IDLE rs=COMPLETED os=COMPLETED is=IDLE awp=false se=false i=false al=0},r=1,c=true/true,a=IDLE,uri=//localhost:44045/,age=4}
02:33:21.892 [qtp961160488-17] DEBUG org.eclipse.jetty.server.HttpChannel - onCompleted for / written=4
02:33:21.892 [qtp961160488-17] DEBUG org.eclipse.jetty.io.ChannelEndPoint - filled 142 HeapByteBuffer@3276fc12[p=0,l=142,c=8192,r=142]={<<<GET / HTTP/1.1\r\nIf-None-M...gent: okhttp/3.12.3\r\n\r\n>>>(9.4.44.v...\x00\x00\x00\x00\x00\x00\x00}
02:33:21.892 [qtp961160488-17] DEBUG org.eclipse.jetty.server.HttpConnection - HttpConnection@629d5091::SocketChannelEndPoint@9d68211{l=/127.0.0.1:44045,r=/127.0.0.1:47380,OPEN,fill=-,flush=-,to=0/3000}{io=0/0,kio=0,kro=1}->HttpConnection@629d5091[p=HttpParser{s=CONTENT,0 of -1},g=HttpGenerator@64ef2{s=END}]=>HttpChannelOverHttp@2b2e822d{s=HttpChannelState@6271bb34{s=IDLE rs=COMPLETED os=COMPLETED is=IDLE awp=false se=false i=false al=0},r=1,c=true/true,a=IDLE,uri=//localhost:44045/,age=4} filled 142 HeapByteBuffer@3276fc12[p=0,l=142,c=8192,r=142]={<<<GET / HTTP/1.1\r\nIf-None-M...gent: okhttp/3.12.3\r\n\r\n>>>(9.4.44.v...\x00\x00\x00\x00\x00\x00\x00}
02:33:21.892 [qtp961160488-17] DEBUG org.eclipse.jetty.server.HttpConnection - HttpConnection@629d5091::SocketChannelEndPoint@9d68211{l=/127.0.0.1:44045,r=/127.0.0.1:47380,OPEN,fill=-,flush=-,to=0/3000}{io=0/0,kio=0,kro=1}->HttpConnection@629d5091[p=HttpParser{s=CONTENT,0 of -1},g=HttpGenerator@64ef2{s=END}]=>HttpChannelOverHttp@2b2e822d{s=HttpChannelState@6271bb34{s=IDLE rs=COMPLETED os=COMPLETED is=IDLE awp=false se=false i=false al=0},r=1,c=true/true,a=IDLE,uri=//localhost:44045/,age=4} parse HeapByteBuffer@3276fc12[p=0,l=142,c=8192,r=142]={<<<GET / HTTP/1.1\r\nIf-None-M...gent: okhttp/3.12.3\r\n\r\n>>>(9.4.44.v...\x00\x00\x00\x00\x00\x00\x00} {}
02:33:21.893 [qtp961160488-17] DEBUG org.eclipse.jetty.http.HttpParser - parseNext s=CONTENT HeapByteBuffer@3276fc12[p=0,l=142,c=8192,r=142]={<<<GET / HTTP/1.1\r\nIf-None-M...gent: okhttp/3.12.3\r\n\r\n>>>(9.4.44.v...\x00\x00\x00\x00\x00\x00\x00}
02:33:21.893 [qtp961160488-17] DEBUG org.eclipse.jetty.http.HttpParser - CONTENT --> CONTENT_END
02:33:21.893 [qtp961160488-17] DEBUG org.eclipse.jetty.server.HttpChannel - onContentComplete HttpChannelOverHttp@2b2e822d{s=HttpChannelState@6271bb34{s=IDLE rs=COMPLETED os=COMPLETED is=IDLE awp=false se=false i=false al=0},r=1,c=true/true,a=IDLE,uri=//localhost:44045/,age=5}
02:33:21.893 [qtp961160488-17] DEBUG org.eclipse.jetty.http.HttpParser - CONTENT_END --> END
02:33:21.893 [qtp961160488-17] DEBUG org.eclipse.jetty.server.HttpChannel - onRequestComplete HttpChannelOverHttp@2b2e822d{s=HttpChannelState@6271bb34{s=IDLE rs=COMPLETED os=COMPLETED is=IDLE awp=false se=false i=false al=0},r=1,c=true/true,a=IDLE,uri=//localhost:44045/,age=5}
02:33:21.893 [qtp961160488-17] DEBUG org.eclipse.jetty.server.HttpInput - HttpInputOverHTTP@1a858111[c=0,q=0,[0]=null,s=STREAM] addContent EOF
02:33:21.893 [qtp961160488-17] DEBUG org.eclipse.jetty.server.HttpConnection - HttpConnection@629d5091::SocketChannelEndPoint@9d68211{l=/127.0.0.1:44045,r=/127.0.0.1:47380,OPEN,fill=-,flush=-,to=0/3000}{io=0/0,kio=0,kro=1}->HttpConnection@629d5091[p=HttpParser{s=END,0 of -1},g=HttpGenerator@64ef2{s=END}]=>HttpChannelOverHttp@2b2e822d{s=HttpChannelState@6271bb34{s=IDLE rs=COMPLETED os=COMPLETED is=IDLE awp=false se=false i=false al=0},r=1,c=true/true,a=IDLE,uri=//localhost:44045/,age=5} parsed false HttpParser{s=END,0 of -1}
02:33:21.893 [qtp961160488-17] DEBUG org.eclipse.jetty.server.HttpChannelState - recycle HttpChannelState@6271bb34{s=IDLE rs=COMPLETED os=COMPLETED is=IDLE awp=false se=false i=false al=0}
02:33:21.893 [qtp961160488-17] DEBUG org.eclipse.jetty.http.HttpParser - reset HttpParser{s=END,0 of -1}
02:33:21.893 [qtp961160488-17] DEBUG org.eclipse.jetty.http.HttpParser - END --> START
02:33:21.893 [qtp961160488-17] DEBUG org.eclipse.jetty.server.HttpChannel - !handle TERMINATED HttpChannelOverHttp@2b2e822d{s=HttpChannelState@6271bb34{s=IDLE rs=BLOCKING os=OPEN is=IDLE awp=false se=false i=true al=0},r=1,c=false/false,a=IDLE,uri=null,age=0}
02:33:21.893 [qtp961160488-17] DEBUG org.eclipse.jetty.server.HttpConnection - HttpConnection@629d5091::SocketChannelEndPoint@9d68211{l=/127.0.0.1:44045,r=/127.0.0.1:47380,OPEN,fill=-,flush=-,to=1/3000}{io=0/0,kio=0,kro=1}->HttpConnection@629d5091[p=HttpParser{s=START,0 of -1},g=HttpGenerator@64ef2{s=START}]=>HttpChannelOverHttp@2b2e822d{s=HttpChannelState@6271bb34{s=IDLE rs=BLOCKING os=OPEN is=IDLE awp=false se=false i=true al=0},r=1,c=false/false,a=IDLE,uri=null,age=0} parse HeapByteBuffer@3276fc12[p=0,l=142,c=8192,r=142]={<<<GET / HTTP/1.1\r\nIf-None-M...gent: okhttp/3.12.3\r\n\r\n>>>(9.4.44.v...\x00\x00\x00\x00\x00\x00\x00} {}
02:33:21.893 [qtp961160488-17] DEBUG org.eclipse.jetty.http.HttpParser - parseNext s=START HeapByteBuffer@3276fc12[p=0,l=142,c=8192,r=142]={<<<GET / HTTP/1.1\r\nIf-None-M...gent: okhttp/3.12.3\r\n\r\n>>>(9.4.44.v...\x00\x00\x00\x00\x00\x00\x00}
02:33:21.893 [qtp961160488-17] DEBUG org.eclipse.jetty.http.HttpParser - START --> SPACE1
02:33:21.894 [qtp961160488-17] DEBUG org.eclipse.jetty.http.HttpParser - SPACE1 --> URI
02:33:21.894 [qtp961160488-17] DEBUG org.eclipse.jetty.http.HttpParser - URI --> SPACE2
02:33:21.894 [qtp961160488-17] DEBUG org.eclipse.jetty.http.HttpParser - SPACE2 --> REQUEST_VERSION
02:33:21.894 [qtp961160488-17] DEBUG org.eclipse.jetty.http.HttpParser - REQUEST_VERSION --> HEADER
02:33:21.894 [qtp961160488-17] DEBUG org.eclipse.jetty.http.HttpParser - HEADER:If-None-Match --> VALUE
02:33:21.894 [qtp961160488-17] DEBUG org.eclipse.jetty.http.HttpParser - HEADER:If-None-Match --> IN_VALUE
02:33:21.894 [qtp961160488-17] DEBUG org.eclipse.jetty.http.HttpParser - HEADER:If-None-Match --> FIELD
02:33:21.894 [qtp961160488-17] DEBUG org.eclipse.jetty.http.HttpParser - HEADER:Host: localhost:44045 --> IN_VALUE
02:33:21.894 [qtp961160488-17] DEBUG org.eclipse.jetty.http.HttpParser - HEADER:Host: localhost:44045 --> FIELD
02:33:21.894 [qtp961160488-17] DEBUG org.eclipse.jetty.http.HttpParser - HEADER:Connection: keep-alive --> IN_VALUE
02:33:21.894 [qtp961160488-17] DEBUG org.eclipse.jetty.http.HttpParser - HEADER:Connection: keep-alive --> FIELD
02:33:21.894 [qtp961160488-17] DEBUG org.eclipse.jetty.http.HttpParser - HEADER:Accept-Encoding: gzip --> IN_VALUE
02:33:21.894 [qtp961160488-17] DEBUG org.eclipse.jetty.http.HttpParser - HEADER:Accept-Encoding: gzip --> FIELD
02:33:21.894 [qtp961160488-17] DEBUG org.eclipse.jetty.http.HttpParser - HEADER:User-Agent: okhttp/3.12.3 --> IN_VALUE
02:33:21.894 [qtp961160488-17] DEBUG org.eclipse.jetty.http.HttpParser - HEADER:User-Agent: okhttp/3.12.3 --> FIELD
02:33:21.894 [qtp961160488-17] DEBUG org.eclipse.jetty.http.HttpParser - HEADER --> CONTENT
02:33:21.894 [qtp961160488-17] DEBUG org.eclipse.jetty.server.HttpChannel - REQUEST for //localhost:44045/ on HttpChannelOverHttp@2b2e822d{s=HttpChannelState@6271bb34{s=IDLE rs=BLOCKING os=OPEN is=IDLE awp=false se=false i=true al=0},r=2,c=false/false,a=IDLE,uri=//localhost:44045/,age=0}
GET //localhost:44045/ HTTP/1.1
If-None-Match: "testEtag"
Host: localhost:44045
Connection: keep-alive
Accept-Encoding: gzip
User-Agent: okhttp/3.12.3


02:33:21.894 [qtp961160488-17] DEBUG org.eclipse.jetty.server.HttpConnection - HttpConnection@629d5091::SocketChannelEndPoint@9d68211{l=/127.0.0.1:44045,r=/127.0.0.1:47380,OPEN,fill=-,flush=-,to=2/3000}{io=0/0,kio=0,kro=1}->HttpConnection@629d5091[p=HttpParser{s=CONTENT,0 of -1},g=HttpGenerator@64ef2{s=START}]=>HttpChannelOverHttp@2b2e822d{s=HttpChannelState@6271bb34{s=IDLE rs=BLOCKING os=OPEN is=IDLE awp=false se=false i=true al=0},r=2,c=false/false,a=IDLE,uri=//localhost:44045/,age=0} parsed true HttpParser{s=CONTENT,0 of -1}
02:33:21.894 [qtp961160488-17] DEBUG org.eclipse.jetty.server.HttpConnection - releaseRequestBuffer HttpConnection@629d5091::SocketChannelEndPoint@9d68211{l=/127.0.0.1:44045,r=/127.0.0.1:47380,OPEN,fill=-,flush=-,to=2/3000}{io=0/0,kio=0,kro=1}->HttpConnection@629d5091[p=HttpParser{s=CONTENT,0 of -1},g=HttpGenerator@64ef2{s=START}]=>HttpChannelOverHttp@2b2e822d{s=HttpChannelState@6271bb34{s=IDLE rs=BLOCKING os=OPEN is=IDLE awp=false se=false i=true al=0},r=2,c=false/false,a=IDLE,uri=//localhost:44045/,age=0}
02:33:21.894 [qtp961160488-17] DEBUG org.eclipse.jetty.server.HttpChannel - handle //localhost:44045/ HttpChannelOverHttp@2b2e822d{s=HttpChannelState@6271bb34{s=IDLE rs=BLOCKING os=OPEN is=IDLE awp=false se=false i=true al=0},r=2,c=false/false,a=IDLE,uri=//localhost:44045/,age=0} 
02:33:21.895 [qtp961160488-17] DEBUG org.eclipse.jetty.server.HttpChannelState - handling HttpChannelState@6271bb34{s=IDLE rs=BLOCKING os=OPEN is=IDLE awp=false se=false i=true al=0}
02:33:21.895 [qtp961160488-17] DEBUG org.eclipse.jetty.server.HttpChannel - action DISPATCH HttpChannelOverHttp@2b2e822d{s=HttpChannelState@6271bb34{s=HANDLING rs=BLOCKING os=OPEN is=IDLE awp=false se=false i=true al=0},r=2,c=false/false,a=HANDLING,uri=//localhost:44045/,age=1}
02:33:21.895 [qtp961160488-17] DEBUG org.eclipse.jetty.server.Server - REQUEST GET / on HttpChannelOverHttp@2b2e822d{s=HttpChannelState@6271bb34{s=HANDLING rs=BLOCKING os=OPEN is=IDLE awp=false se=false i=true al=0},r=2,c=false/false,a=HANDLING,uri=//localhost:44045/,age=1}
02:33:21.895 [qtp961160488-17] DEBUG org.eclipse.jetty.server.Server - handled=true async=false committed=false on HttpChannelOverHttp@2b2e822d{s=HttpChannelState@6271bb34{s=HANDLING rs=BLOCKING os=OPEN is=IDLE awp=false se=false i=true al=0},r=2,c=false/false,a=HANDLING,uri=//localhost:44045/,age=1}
02:33:21.895 [qtp961160488-17] DEBUG org.eclipse.jetty.server.HttpChannelState - unhandle HttpChannelState@6271bb34{s=HANDLING rs=BLOCKING os=OPEN is=IDLE awp=false se=false i=true al=0}
02:33:21.895 [qtp961160488-17] DEBUG org.eclipse.jetty.server.HttpChannelState - nextAction(false) COMPLETE HttpChannelState@6271bb34{s=HANDLING rs=COMPLETING os=OPEN is=IDLE awp=false se=false i=false al=0}
02:33:21.895 [qtp961160488-17] DEBUG org.eclipse.jetty.server.HttpChannel - action COMPLETE HttpChannelOverHttp@2b2e822d{s=HttpChannelState@6271bb34{s=HANDLING rs=COMPLETING os=OPEN is=IDLE awp=false se=false i=false al=0},r=2,c=false/false,a=HANDLING,uri=//localhost:44045/,age=1}
02:33:21.895 [qtp961160488-17] DEBUG org.eclipse.jetty.io.ChannelEndPoint - filled 0 HeapByteBuffer@3276fc12[p=0,l=0,c=8192,r=0]={<<<>>>GET / HTT...\x00\x00\x00\x00\x00\x00\x00}
02:33:21.895 [qtp961160488-17] DEBUG org.eclipse.jetty.io.ChannelEndPoint - filled 0 HeapByteBuffer@3276fc12[p=0,l=0,c=8192,r=0]={<<<>>>GET / HTT...\x00\x00\x00\x00\x00\x00\x00}
02:33:21.895 [qtp961160488-17] DEBUG org.eclipse.jetty.server.HttpConnection - HttpConnection@629d5091::SocketChannelEndPoint@9d68211{l=/127.0.0.1:44045,r=/127.0.0.1:47380,OPEN,fill=-,flush=-,to=3/3000}{io=0/0,kio=0,kro=1}->HttpConnection@629d5091[p=HttpParser{s=CONTENT,0 of -1},g=HttpGenerator@64ef2{s=START}]=>HttpChannelOverHttp@2b2e822d{s=HttpChannelState@6271bb34{s=HANDLING rs=COMPLETING os=OPEN is=IDLE awp=false se=false i=false al=0},r=2,c=false/false,a=HANDLING,uri=//localhost:44045/,age=1} filled 0 HeapByteBuffer@3276fc12[p=0,l=0,c=8192,r=0]={<<<>>>GET / HTT...\x00\x00\x00\x00\x00\x00\x00}
02:33:21.896 [qtp961160488-17] DEBUG org.eclipse.jetty.server.HttpConnection - HttpConnection@629d5091::SocketChannelEndPoint@9d68211{l=/127.0.0.1:44045,r=/127.0.0.1:47380,OPEN,fill=-,flush=-,to=3/3000}{io=0/0,kio=0,kro=1}->HttpConnection@629d5091[p=HttpParser{s=CONTENT,0 of -1},g=HttpGenerator@64ef2{s=START}]=>HttpChannelOverHttp@2b2e822d{s=HttpChannelState@6271bb34{s=HANDLING rs=COMPLETING os=OPEN is=IDLE awp=false se=false i=false al=0},r=2,c=false/false,a=HANDLING,uri=//localhost:44045/,age=1} parse HeapByteBuffer@3276fc12[p=0,l=0,c=8192,r=0]={<<<>>>GET / HTT...\x00\x00\x00\x00\x00\x00\x00} {}
02:33:21.896 [qtp961160488-17] DEBUG org.eclipse.jetty.http.HttpParser - parseNext s=CONTENT HeapByteBuffer@3276fc12[p=0,l=0,c=8192,r=0]={<<<>>>GET / HTT...\x00\x00\x00\x00\x00\x00\x00}
02:33:21.896 [qtp961160488-17] DEBUG org.eclipse.jetty.http.HttpParser - CONTENT --> CONTENT_END
02:33:21.896 [qtp961160488-17] DEBUG org.eclipse.jetty.server.HttpChannel - onContentComplete HttpChannelOverHttp@2b2e822d{s=HttpChannelState@6271bb34{s=HANDLING rs=COMPLETING os=OPEN is=IDLE awp=false se=false i=false al=0},r=2,c=false/false,a=HANDLING,uri=//localhost:44045/,age=2}
02:33:21.896 [qtp961160488-17] DEBUG org.eclipse.jetty.http.HttpParser - CONTENT_END --> END
02:33:21.896 [qtp961160488-17] DEBUG org.eclipse.jetty.server.HttpChannel - onRequestComplete HttpChannelOverHttp@2b2e822d{s=HttpChannelState@6271bb34{s=HANDLING rs=COMPLETING os=OPEN is=IDLE awp=false se=false i=false al=0},r=2,c=false/false,a=HANDLING,uri=//localhost:44045/,age=2}
02:33:21.896 [qtp961160488-17] DEBUG org.eclipse.jetty.server.HttpInput - HttpInputOverHTTP@1a858111[c=0,q=0,[0]=null,s=STREAM] addContent EOF
02:33:21.896 [qtp961160488-17] DEBUG org.eclipse.jetty.server.HttpConnection - HttpConnection@629d5091::SocketChannelEndPoint@9d68211{l=/127.0.0.1:44045,r=/127.0.0.1:47380,OPEN,fill=-,flush=-,to=3/3000}{io=0/0,kio=0,kro=1}->HttpConnection@629d5091[p=HttpParser{s=END,0 of -1},g=HttpGenerator@64ef2{s=START}]=>HttpChannelOverHttp@2b2e822d{s=HttpChannelState@6271bb34{s=HANDLING rs=COMPLETING os=OPEN is=IDLE awp=false se=false i=false al=0},r=2,c=false/false,a=HANDLING,uri=//localhost:44045/,age=2} parsed false HttpParser{s=END,0 of -1}
02:33:21.896 [qtp961160488-17] DEBUG org.eclipse.jetty.server.HttpConnection - releaseRequestBuffer HttpConnection@629d5091::SocketChannelEndPoint@9d68211{l=/127.0.0.1:44045,r=/127.0.0.1:47380,OPEN,fill=-,flush=-,to=3/3000}{io=0/0,kio=0,kro=1}->HttpConnection@629d5091[p=HttpParser{s=END,0 of -1},g=HttpGenerator@64ef2{s=START}]=>HttpChannelOverHttp@2b2e822d{s=HttpChannelState@6271bb34{s=HANDLING rs=COMPLETING os=OPEN is=IDLE awp=false se=false i=false al=0},r=2,c=false/false,a=HANDLING,uri=//localhost:44045/,age=2}
02:33:21.899 [qtp961160488-17] DEBUG org.eclipse.jetty.server.HttpOutput - complete(org.eclipse.jetty.util.Callback$3@63acc260) s=CLOSING,api=BLOCKED,sc=false,e=null s=false e=null, c=HeapByteBuffer@98da274[p=0,l=0,c=0,r=0]={<<<>>>}
02:33:21.900 [qtp961160488-17] DEBUG org.eclipse.jetty.server.HttpChannel - sendResponse info=null content=HeapByteBuffer@98da274[p=0,l=0,c=0,r=0]={<<<>>>} complete=true committing=true callback=org.eclipse.jetty.server.HttpOutput$WriteCompleteCB@14e7cab2
02:33:21.900 [qtp961160488-17] DEBUG org.eclipse.jetty.server.HttpChannel - COMMIT for / on HttpChannelOverHttp@2b2e822d{s=HttpChannelState@6271bb34{s=HANDLING rs=COMPLETING os=COMMITTED is=IDLE awp=false se=false i=false al=0},r=2,c=false/false,a=HANDLING,uri=//localhost:44045/,age=6}
304 null HTTP/1.1
Date: Thu, 02 May 2024 01:33:21 GMT
ETag: testEtag


02:33:21.900 [qtp961160488-17] DEBUG org.eclipse.jetty.server.HttpConnection - generate: NEED_HEADER for SendCallback@181a9d3[PROCESSING][i=HTTP/1.1{s=304,h=2,cl=-1},cb=org.eclipse.jetty.server.HttpChannel$SendCallback@115db58c] (null,[p=0,l=0,c=0,r=0],true)@START
02:33:21.900 [qtp961160488-17] DEBUG org.eclipse.jetty.http.HttpGenerator - generateHeaders HTTP/1.1{s=304,h=2,cl=-1} last=true content=HeapByteBuffer@98da274[p=0,l=0,c=0,r=0]={<<<>>>}
02:33:21.900 [qtp961160488-17] DEBUG org.eclipse.jetty.http.HttpGenerator - Date: Thu, 02 May 2024 01:33:21 GMT
ETag: testEtag


02:33:21.900 [qtp961160488-17] DEBUG org.eclipse.jetty.http.HttpGenerator - NO_CONTENT
02:33:21.900 [qtp961160488-17] DEBUG org.eclipse.jetty.server.HttpConnection - generate: FLUSH for SendCallback@181a9d3[PROCESSING][i=HTTP/1.1{s=304,h=2,cl=-1},cb=org.eclipse.jetty.server.HttpChannel$SendCallback@115db58c] ([p=0,l=115,c=8192,r=115],[p=0,l=0,c=0,r=0],true)@COMPLETING
02:33:21.900 [qtp961160488-17] DEBUG org.eclipse.jetty.io.WriteFlusher - write: WriteFlusher@10df429f{IDLE}->null [HeapByteBuffer@3276fc12[p=0,l=115,c=8192,r=115]={<<<HTTP/1.1 304 Not Modified...y(9.4.44.v20210927)\r\n\r\n>>>er-Agent:...\x00\x00\x00\x00\x00\x00\x00}]
02:33:21.900 [qtp961160488-17] DEBUG org.eclipse.jetty.io.WriteFlusher - update WriteFlusher@10df429f{WRITING}->null:IDLE-->WRITING
02:33:21.901 [qtp961160488-17] DEBUG org.eclipse.jetty.io.ChannelEndPoint - flushed 115 SocketChannelEndPoint@9d68211{l=/127.0.0.1:44045,r=/127.0.0.1:47380,OPEN,fill=-,flush=W,to=8/3000}{io=0/0,kio=0,kro=1}->HttpConnection@629d5091[p=HttpParser{s=END,0 of -1},g=HttpGenerator@64ef2{s=COMPLETING}]=>HttpChannelOverHttp@2b2e822d{s=HttpChannelState@6271bb34{s=HANDLING rs=COMPLETING os=COMMITTED is=IDLE awp=false se=false i=false al=0},r=2,c=false/false,a=HANDLING,uri=//localhost:44045/,age=7}
02:33:21.901 [main] DEBUG org.apache.nifi.minifi.bootstrap.configuration.ingestors.PullHttpChangeIngestor - Response received: Response{protocol=http/1.1, code=304, message=Not Modified, url=http://localhost:44045/}
02:33:21.901 [qtp961160488-17] DEBUG org.eclipse.jetty.io.WriteFlusher - Flushed=true written=115 remaining=0 WriteFlusher@10df429f{WRITING}->null
02:33:21.901 [qtp961160488-17] DEBUG org.eclipse.jetty.io.WriteFlusher - update WriteFlusher@10df429f{IDLE}->null:WRITING-->IDLE
02:33:21.901 [qtp961160488-17] DEBUG org.eclipse.jetty.server.HttpConnection - generate: DONE for SendCallback@181a9d3[PROCESSING][i=HTTP/1.1{s=304,h=2,cl=-1},cb=org.eclipse.jetty.server.HttpChannel$SendCallback@115db58c] ([p=115,l=115,c=8192,r=0],[p=0,l=0,c=0,r=0],true)@END
02:33:21.901 [qtp961160488-17] DEBUG org.eclipse.jetty.server.HttpOutput - onWriteComplete(true,null) s=CLOSING,api=BLOCKED,sc=false,e=null->s=CLOSED,api=BLOCKING,sc=false,e=null c=null cb=org.eclipse.jetty.util.Callback$3@63acc260 w=false
02:33:21.901 [qtp961160488-17] DEBUG org.eclipse.jetty.server.HttpChannelState - completed HttpChannelState@6271bb34{s=HANDLING rs=COMPLETING os=COMPLETED is=IDLE awp=false se=false i=false al=0}
]]></system-out>
  </testcase>
  <testcase name="testNewUpdate" classname="org.apache.nifi.minifi.bootstrap.configuration.ingestors.PullHttpChangeIngestorTest" time="0.009">
    <system-out><![CDATA[02:33:21.901 [qtp961160488-17] DEBUG org.eclipse.jetty.server.HttpChannelState - unhandle HttpChannelState@6271bb34{s=HANDLING rs=COMPLETED os=COMPLETED is=IDLE awp=false se=false i=false al=0}
02:33:21.901 [qtp961160488-17] DEBUG org.eclipse.jetty.server.HttpChannelState - nextAction(false) TERMINATED HttpChannelState@6271bb34{s=IDLE rs=COMPLETED os=COMPLETED is=IDLE awp=false se=false i=false al=0}
02:33:21.901 [qtp961160488-17] DEBUG org.eclipse.jetty.server.HttpChannel - action TERMINATED HttpChannelOverHttp@2b2e822d{s=HttpChannelState@6271bb34{s=IDLE rs=COMPLETED os=COMPLETED is=IDLE awp=false se=false i=false al=0},r=2,c=true/true,a=IDLE,uri=//localhost:44045/,age=7}
02:33:21.901 [qtp961160488-17] DEBUG org.eclipse.jetty.server.HttpChannel - onCompleted for / written=0
02:33:21.901 [qtp961160488-17] DEBUG org.eclipse.jetty.server.HttpChannelState - recycle HttpChannelState@6271bb34{s=IDLE rs=COMPLETED os=COMPLETED is=IDLE awp=false se=false i=false al=0}
02:33:21.901 [qtp961160488-17] DEBUG org.eclipse.jetty.http.HttpParser - reset HttpParser{s=END,0 of -1}
02:33:21.901 [qtp961160488-17] DEBUG org.eclipse.jetty.http.HttpParser - END --> START
02:33:21.901 [qtp961160488-17] DEBUG org.eclipse.jetty.server.HttpChannel - !handle TERMINATED HttpChannelOverHttp@2b2e822d{s=HttpChannelState@6271bb34{s=IDLE rs=BLOCKING os=OPEN is=IDLE awp=false se=false i=true al=0},r=2,c=false/false,a=IDLE,uri=null,age=0}
02:33:21.901 [qtp961160488-17] DEBUG org.eclipse.jetty.io.ChannelEndPoint - filled 0 HeapByteBuffer@3276fc12[p=0,l=0,c=8192,r=0]={<<<>>>HTTP/1.1 ...\x00\x00\x00\x00\x00\x00\x00}
02:33:21.902 [qtp961160488-17] DEBUG org.eclipse.jetty.io.ChannelEndPoint - filled 0 HeapByteBuffer@3276fc12[p=0,l=0,c=8192,r=0]={<<<>>>HTTP/1.1 ...\x00\x00\x00\x00\x00\x00\x00}
02:33:21.902 [qtp961160488-17] DEBUG org.eclipse.jetty.server.HttpConnection - HttpConnection@629d5091::SocketChannelEndPoint@9d68211{l=/127.0.0.1:44045,r=/127.0.0.1:47380,OPEN,fill=-,flush=-,to=0/3000}{io=0/0,kio=0,kro=1}->HttpConnection@629d5091[p=HttpParser{s=START,0 of -1},g=HttpGenerator@64ef2{s=START}]=>HttpChannelOverHttp@2b2e822d{s=HttpChannelState@6271bb34{s=IDLE rs=BLOCKING os=OPEN is=IDLE awp=false se=false i=true al=0},r=2,c=false/false,a=IDLE,uri=null,age=0} filled 0 HeapByteBuffer@3276fc12[p=0,l=0,c=8192,r=0]={<<<>>>HTTP/1.1 ...\x00\x00\x00\x00\x00\x00\x00}
02:33:21.902 [qtp961160488-17] DEBUG org.eclipse.jetty.server.HttpConnection - HttpConnection@629d5091::SocketChannelEndPoint@9d68211{l=/127.0.0.1:44045,r=/127.0.0.1:47380,OPEN,fill=-,flush=-,to=1/3000}{io=0/0,kio=0,kro=1}->HttpConnection@629d5091[p=HttpParser{s=START,0 of -1},g=HttpGenerator@64ef2{s=START}]=>HttpChannelOverHttp@2b2e822d{s=HttpChannelState@6271bb34{s=IDLE rs=BLOCKING os=OPEN is=IDLE awp=false se=false i=true al=0},r=2,c=false/false,a=IDLE,uri=null,age=0} parse HeapByteBuffer@3276fc12[p=0,l=0,c=8192,r=0]={<<<>>>HTTP/1.1 ...\x00\x00\x00\x00\x00\x00\x00} {}
02:33:21.902 [qtp961160488-17] DEBUG org.eclipse.jetty.http.HttpParser - parseNext s=START HeapByteBuffer@3276fc12[p=0,l=0,c=8192,r=0]={<<<>>>HTTP/1.1 ...\x00\x00\x00\x00\x00\x00\x00}
02:33:21.902 [qtp961160488-17] DEBUG org.eclipse.jetty.server.HttpConnection - HttpConnection@629d5091::SocketChannelEndPoint@9d68211{l=/127.0.0.1:44045,r=/127.0.0.1:47380,OPEN,fill=-,flush=-,to=1/3000}{io=0/0,kio=0,kro=1}->HttpConnection@629d5091[p=HttpParser{s=START,0 of -1},g=HttpGenerator@64ef2{s=START}]=>HttpChannelOverHttp@2b2e822d{s=HttpChannelState@6271bb34{s=IDLE rs=BLOCKING os=OPEN is=IDLE awp=false se=false i=true al=0},r=2,c=false/false,a=IDLE,uri=null,age=0} parsed false HttpParser{s=START,0 of -1}
02:33:21.902 [qtp961160488-17] DEBUG org.eclipse.jetty.server.HttpConnection - releaseRequestBuffer HttpConnection@629d5091::SocketChannelEndPoint@9d68211{l=/127.0.0.1:44045,r=/127.0.0.1:47380,OPEN,fill=-,flush=-,to=1/3000}{io=0/0,kio=0,kro=1}->HttpConnection@629d5091[p=HttpParser{s=START,0 of -1},g=HttpGenerator@64ef2{s=START}]=>HttpChannelOverHttp@2b2e822d{s=HttpChannelState@6271bb34{s=IDLE rs=BLOCKING os=OPEN is=IDLE awp=false se=false i=true al=0},r=2,c=false/false,a=IDLE,uri=null,age=0}
02:33:21.902 [main] DEBUG org.apache.nifi.minifi.bootstrap.configuration.ingestors.PullHttpChangeIngestor - Attempting to pull new config
02:33:21.902 [qtp961160488-17] DEBUG org.eclipse.jetty.io.AbstractConnection - fillInterested HttpConnection@629d5091::SocketChannelEndPoint@9d68211{l=/127.0.0.1:44045,r=/127.0.0.1:47380,OPEN,fill=-,flush=-,to=1/3000}{io=0/0,kio=0,kro=1}->HttpConnection@629d5091[p=HttpParser{s=START,0 of -1},g=HttpGenerator@64ef2{s=START}]=>HttpChannelOverHttp@2b2e822d{s=HttpChannelState@6271bb34{s=IDLE rs=BLOCKING os=OPEN is=IDLE awp=false se=false i=true al=0},r=2,c=false/false,a=IDLE,uri=null,age=0}
02:33:21.903 [qtp961160488-17] DEBUG org.eclipse.jetty.io.FillInterest - interested FillInterest@6fc1fddd{AC.ReadCB@629d5091{HttpConnection@629d5091::SocketChannelEndPoint@9d68211{l=/127.0.0.1:44045,r=/127.0.0.1:47380,OPEN,fill=FI,flush=-,to=0/3000}{io=0/0,kio=0,kro=1}->HttpConnection@629d5091[p=HttpParser{s=START,0 of -1},g=HttpGenerator@64ef2{s=START}]=>HttpChannelOverHttp@2b2e822d{s=HttpChannelState@6271bb34{s=IDLE rs=BLOCKING os=OPEN is=IDLE awp=false se=false i=true al=0},r=2,c=false/false,a=IDLE,uri=null,age=0}}}
02:33:21.903 [qtp961160488-17] DEBUG org.eclipse.jetty.io.ChannelEndPoint - changeInterests p=false 0->1 for SocketChannelEndPoint@9d68211{l=/127.0.0.1:44045,r=/127.0.0.1:47380,OPEN,fill=FI,flush=-,to=0/3000}{io=0/1,kio=0,kro=1}->HttpConnection@629d5091[p=HttpParser{s=START,0 of -1},g=HttpGenerator@64ef2{s=START}]=>HttpChannelOverHttp@2b2e822d{s=HttpChannelState@6271bb34{s=IDLE rs=BLOCKING os=OPEN is=IDLE awp=false se=false i=true al=0},r=2,c=false/false,a=IDLE,uri=null,age=0}
02:33:21.903 [qtp961160488-19-acceptor-0@1e1a0406-ServerConnector@446293d{HTTP/1.1, (http/1.1)}{localhost:44045}] DEBUG org.eclipse.jetty.io.ManagedSelector - Queued change lazy=false Accept@ab271a7[java.nio.channels.SocketChannel[connected local=/127.0.0.1:44045 remote=/127.0.0.1:47384]] on ManagedSelector@1de5f259{STARTED} id=3 keys=0 selected=0 updates=0
02:33:21.903 [qtp961160488-19-acceptor-0@1e1a0406-ServerConnector@446293d{HTTP/1.1, (http/1.1)}{localhost:44045}] DEBUG org.eclipse.jetty.io.ManagedSelector - Wakeup on submit ManagedSelector@1de5f259{STARTED} id=3 keys=0 selected=0 updates=1
02:33:21.903 [qtp961160488-18] DEBUG org.eclipse.jetty.io.ManagedSelector - Selector sun.nio.ch.EPollSelectorImpl@81d867 woken with none selected
02:33:21.903 [qtp961160488-18] DEBUG org.eclipse.jetty.io.ManagedSelector - Selector sun.nio.ch.EPollSelectorImpl@81d867 woken up from select, 0/0/0 selected
02:33:21.903 [qtp961160488-18] DEBUG org.eclipse.jetty.io.ManagedSelector - Selector sun.nio.ch.EPollSelectorImpl@81d867 processing 0 keys, 1 updates
02:33:21.903 [qtp961160488-18] DEBUG org.eclipse.jetty.io.ManagedSelector - updateable 1
02:33:21.903 [qtp961160488-18] DEBUG org.eclipse.jetty.io.ManagedSelector - update Accept@ab271a7[java.nio.channels.SocketChannel[connected local=/127.0.0.1:44045 remote=/127.0.0.1:47384]]
02:33:21.903 [qtp961160488-18] DEBUG org.eclipse.jetty.util.thread.QueuedThreadPool - queue Accept@ab271a7[java.nio.channels.SocketChannel[connected local=/127.0.0.1:44045 remote=/127.0.0.1:47384]] startThread=0
02:33:21.903 [qtp961160488-18] DEBUG org.eclipse.jetty.io.ManagedSelector - updates 0
02:33:21.903 [qtp961160488-18] DEBUG org.eclipse.jetty.io.ManagedSelector - Selector sun.nio.ch.EPollSelectorImpl@81d867 waiting with 1 keys
02:33:21.903 [qtp961160488-20] DEBUG org.eclipse.jetty.util.thread.QueuedThreadPool - run Accept@ab271a7[java.nio.channels.SocketChannel[connected local=/127.0.0.1:44045 remote=/127.0.0.1:47384]] in QueuedThreadPool[qtp961160488]@394a2528{STARTED,8<=8<=200,i=0,r=-1,q=0}[ReservedThreadExecutor@383bfa16{reserved=1/8,pending=0}]
02:33:21.904 [qtp961160488-17] DEBUG org.eclipse.jetty.io.ManagedSelector - Queued change lazy=false org.eclipse.jetty.io.ChannelEndPoint$$Lambda$255/1238156519@6750316c on ManagedSelector@316bcf94{STARTED} id=2 keys=1 selected=0 updates=0
02:33:21.904 [qtp961160488-20] DEBUG org.eclipse.jetty.io.IdleTimeout - SocketChannelEndPoint@cdb9507{l=/127.0.0.1:44045,r=/127.0.0.1:47384,OPEN,fill=-,flush=-,to=0/3000}{io=0/0,kio=0,kro=0}-><null> idle timeout check, elapsed: 0 ms, remaining: 3000 ms
02:33:21.904 [qtp961160488-20] DEBUG org.eclipse.jetty.server.HttpChannel - new HttpChannelOverHttp@3e982bb0{s=HttpChannelState@5ed706ab{s=IDLE rs=BLOCKING os=OPEN is=IDLE awp=false se=false i=true al=0},r=0,c=false/false,a=IDLE,uri=null,age=0} -> SocketChannelEndPoint@cdb9507{l=/127.0.0.1:44045,r=/127.0.0.1:47384,OPEN,fill=-,flush=-,to=0/3000}{io=0/0,kio=0,kro=0}-><null>,null,HttpChannelState@5ed706ab{s=IDLE rs=BLOCKING os=OPEN is=IDLE awp=false se=false i=true al=0}
02:33:21.904 [qtp961160488-20] DEBUG org.eclipse.jetty.server.HttpConnection - New HTTP Connection HttpConnection@386a974c::SocketChannelEndPoint@cdb9507{l=/127.0.0.1:44045,r=/127.0.0.1:47384,OPEN,fill=-,flush=-,to=0/3000}{io=0/0,kio=0,kro=0}-><null>
02:33:21.904 [qtp961160488-20] DEBUG org.eclipse.jetty.io.ManagedSelector - Queued change lazy=true org.eclipse.jetty.io.ManagedSelector$$Lambda$258/1710399120@68495eeb on ManagedSelector@1de5f259{STARTED} id=3 keys=1 selected=0 updates=0
02:33:21.904 [qtp961160488-20] DEBUG org.eclipse.jetty.io.AbstractEndPoint - onOpen SocketChannelEndPoint@cdb9507{l=/127.0.0.1:44045,r=/127.0.0.1:47384,OPEN,fill=-,flush=-,to=0/3000}{io=0/0,kio=0,kro=0}->HttpConnection@386a974c[p=HttpParser{s=START,0 of -1},g=HttpGenerator@17f32df9{s=START}]=>HttpChannelOverHttp@3e982bb0{s=HttpChannelState@5ed706ab{s=IDLE rs=BLOCKING os=OPEN is=IDLE awp=false se=false i=true al=0},r=0,c=false/false,a=IDLE,uri=null,age=0}
02:33:21.904 [qtp961160488-20] DEBUG org.eclipse.jetty.io.AbstractConnection - onOpen HttpConnection@386a974c::SocketChannelEndPoint@cdb9507{l=/127.0.0.1:44045,r=/127.0.0.1:47384,OPEN,fill=-,flush=-,to=0/3000}{io=0/0,kio=0,kro=0}->HttpConnection@386a974c[p=HttpParser{s=START,0 of -1},g=HttpGenerator@17f32df9{s=START}]=>HttpChannelOverHttp@3e982bb0{s=HttpChannelState@5ed706ab{s=IDLE rs=BLOCKING os=OPEN is=IDLE awp=false se=false i=true al=0},r=0,c=false/false,a=IDLE,uri=null,age=0}
02:33:21.905 [qtp961160488-20] DEBUG org.eclipse.jetty.io.AbstractConnection - fillInterested HttpConnection@386a974c::SocketChannelEndPoint@cdb9507{l=/127.0.0.1:44045,r=/127.0.0.1:47384,OPEN,fill=-,flush=-,to=0/3000}{io=0/0,kio=0,kro=0}->HttpConnection@386a974c[p=HttpParser{s=START,0 of -1},g=HttpGenerator@17f32df9{s=START}]=>HttpChannelOverHttp@3e982bb0{s=HttpChannelState@5ed706ab{s=IDLE rs=BLOCKING os=OPEN is=IDLE awp=false se=false i=true al=0},r=0,c=false/false,a=IDLE,uri=null,age=0}
02:33:21.905 [qtp961160488-20] DEBUG org.eclipse.jetty.io.FillInterest - interested FillInterest@717783f2{AC.ReadCB@386a974c{HttpConnection@386a974c::SocketChannelEndPoint@cdb9507{l=/127.0.0.1:44045,r=/127.0.0.1:47384,OPEN,fill=FI,flush=-,to=0/3000}{io=0/0,kio=0,kro=0}->HttpConnection@386a974c[p=HttpParser{s=START,0 of -1},g=HttpGenerator@17f32df9{s=START}]=>HttpChannelOverHttp@3e982bb0{s=HttpChannelState@5ed706ab{s=IDLE rs=BLOCKING os=OPEN is=IDLE awp=false se=false i=true al=0},r=0,c=false/false,a=IDLE,uri=null,age=0}}}
02:33:21.905 [qtp961160488-20] DEBUG org.eclipse.jetty.io.ChannelEndPoint - changeInterests p=false 0->1 for SocketChannelEndPoint@cdb9507{l=/127.0.0.1:44045,r=/127.0.0.1:47384,OPEN,fill=FI,flush=-,to=0/3000}{io=0/1,kio=0,kro=0}->HttpConnection@386a974c[p=HttpParser{s=START,0 of -1},g=HttpGenerator@17f32df9{s=START}]=>HttpChannelOverHttp@3e982bb0{s=HttpChannelState@5ed706ab{s=IDLE rs=BLOCKING os=OPEN is=IDLE awp=false se=false i=true al=0},r=0,c=false/false,a=IDLE,uri=null,age=0}
02:33:21.905 [qtp961160488-20] DEBUG org.eclipse.jetty.io.ManagedSelector - Queued change lazy=false org.eclipse.jetty.io.ChannelEndPoint$$Lambda$255/1238156519@1d4bba67 on ManagedSelector@1de5f259{STARTED} id=3 keys=1 selected=0 updates=1
02:33:21.905 [qtp961160488-20] DEBUG org.eclipse.jetty.io.ManagedSelector - Wakeup on submit ManagedSelector@1de5f259{STARTED} id=3 keys=1 selected=0 updates=2
02:33:21.905 [qtp961160488-18] DEBUG org.eclipse.jetty.io.ManagedSelector - Selector sun.nio.ch.EPollSelectorImpl@81d867 woken with none selected
02:33:21.905 [qtp961160488-20] DEBUG org.eclipse.jetty.io.ManagedSelector - Created SocketChannelEndPoint@cdb9507{l=/127.0.0.1:44045,r=/127.0.0.1:47384,OPEN,fill=FI,flush=-,to=0/3000}{io=0/1,kio=0,kro=0}->HttpConnection@386a974c[p=HttpParser{s=START,0 of -1},g=HttpGenerator@17f32df9{s=START}]=>HttpChannelOverHttp@3e982bb0{s=HttpChannelState@5ed706ab{s=IDLE rs=BLOCKING os=OPEN is=IDLE awp=false se=false i=true al=0},r=0,c=false/false,a=IDLE,uri=null,age=0}
02:33:21.905 [qtp961160488-18] DEBUG org.eclipse.jetty.io.ManagedSelector - Selector sun.nio.ch.EPollSelectorImpl@81d867 woken up from select, 0/0/1 selected
02:33:21.905 [qtp961160488-18] DEBUG org.eclipse.jetty.io.ManagedSelector - Selector sun.nio.ch.EPollSelectorImpl@81d867 processing 0 keys, 2 updates
02:33:21.905 [qtp961160488-18] DEBUG org.eclipse.jetty.io.ManagedSelector - updateable 2
02:33:21.905 [qtp961160488-20] DEBUG org.eclipse.jetty.util.thread.QueuedThreadPool - ran Accept@ab271a7[java.nio.channels.SocketChannel[connected local=/127.0.0.1:44045 remote=/127.0.0.1:47384]] in QueuedThreadPool[qtp961160488]@394a2528{STARTED,8<=8<=200,i=0,r=-1,q=0}[ReservedThreadExecutor@383bfa16{reserved=1/8,pending=0}]
02:33:21.905 [qtp961160488-18] DEBUG org.eclipse.jetty.io.ManagedSelector - update org.eclipse.jetty.io.ManagedSelector$$Lambda$258/1710399120@68495eeb
02:33:21.905 [qtp961160488-18] DEBUG org.eclipse.jetty.io.ManagedSelector - update org.eclipse.jetty.io.ChannelEndPoint$$Lambda$255/1238156519@1d4bba67
02:33:21.905 [qtp961160488-17] DEBUG org.eclipse.jetty.io.ManagedSelector - Wakeup on submit ManagedSelector@316bcf94{STARTED} id=2 keys=1 selected=0 updates=1
02:33:21.905 [qtp961160488-18] DEBUG org.eclipse.jetty.io.ChannelEndPoint - Key interests updated 0 -> 1 on SocketChannelEndPoint@cdb9507{l=/127.0.0.1:44045,r=/127.0.0.1:47384,OPEN,fill=FI,flush=-,to=0/3000}{io=1/1,kio=1,kro=0}->HttpConnection@386a974c[p=HttpParser{s=START,0 of -1},g=HttpGenerator@17f32df9{s=START}]=>HttpChannelOverHttp@3e982bb0{s=HttpChannelState@5ed706ab{s=IDLE rs=BLOCKING os=OPEN is=IDLE awp=false se=false i=true al=0},r=0,c=false/false,a=IDLE,uri=null,age=0}
02:33:21.905 [qtp961160488-22] DEBUG org.eclipse.jetty.io.ManagedSelector - Selector sun.nio.ch.EPollSelectorImpl@2216d458 woken with none selected
02:33:21.905 [qtp961160488-18] DEBUG org.eclipse.jetty.io.ManagedSelector - updates 0
02:33:21.905 [qtp961160488-22] DEBUG org.eclipse.jetty.io.ManagedSelector - Selector sun.nio.ch.EPollSelectorImpl@2216d458 woken up from select, 0/0/1 selected
02:33:21.905 [qtp961160488-18] DEBUG org.eclipse.jetty.io.ManagedSelector - Selector sun.nio.ch.EPollSelectorImpl@81d867 waiting with 1 keys
02:33:21.905 [qtp961160488-22] DEBUG org.eclipse.jetty.io.ManagedSelector - Selector sun.nio.ch.EPollSelectorImpl@2216d458 processing 0 keys, 1 updates
02:33:21.905 [qtp961160488-22] DEBUG org.eclipse.jetty.io.ManagedSelector - updateable 1
02:33:21.906 [qtp961160488-22] DEBUG org.eclipse.jetty.io.ManagedSelector - update org.eclipse.jetty.io.ChannelEndPoint$$Lambda$255/1238156519@6750316c
02:33:21.906 [qtp961160488-18] DEBUG org.eclipse.jetty.io.ManagedSelector - Selector sun.nio.ch.EPollSelectorImpl@81d867 woken up from select, 1/1/1 selected
02:33:21.906 [qtp961160488-18] DEBUG org.eclipse.jetty.io.ManagedSelector - Selector sun.nio.ch.EPollSelectorImpl@81d867 processing 1 keys, 0 updates
02:33:21.906 [qtp961160488-22] DEBUG org.eclipse.jetty.io.ChannelEndPoint - Key interests updated 0 -> 1 on SocketChannelEndPoint@9d68211{l=/127.0.0.1:44045,r=/127.0.0.1:47380,OPEN,fill=FI,flush=-,to=3/3000}{io=1/1,kio=1,kro=1}->HttpConnection@629d5091[p=HttpParser{s=START,0 of -1},g=HttpGenerator@64ef2{s=START}]=>HttpChannelOverHttp@2b2e822d{s=HttpChannelState@6271bb34{s=IDLE rs=BLOCKING os=OPEN is=IDLE awp=false se=false i=true al=0},r=2,c=false/false,a=IDLE,uri=null,age=0}
02:33:21.906 [qtp961160488-22] DEBUG org.eclipse.jetty.io.ManagedSelector - updates 0
02:33:21.906 [qtp961160488-18] DEBUG org.eclipse.jetty.io.ManagedSelector - selected 1 sun.nio.ch.SelectionKeyImpl@e463607 SocketChannelEndPoint@cdb9507{l=/127.0.0.1:44045,r=/127.0.0.1:47384,OPEN,fill=FI,flush=-,to=1/3000}{io=1/1,kio=1,kro=1}->HttpConnection@386a974c[p=HttpParser{s=START,0 of -1},g=HttpGenerator@17f32df9{s=START}]=>HttpChannelOverHttp@3e982bb0{s=HttpChannelState@5ed706ab{s=IDLE rs=BLOCKING os=OPEN is=IDLE awp=false se=false i=true al=0},r=0,c=false/false,a=IDLE,uri=null,age=0} 
02:33:21.906 [qtp961160488-22] DEBUG org.eclipse.jetty.io.ManagedSelector - Selector sun.nio.ch.EPollSelectorImpl@2216d458 waiting with 1 keys
02:33:21.906 [qtp961160488-18] DEBUG org.eclipse.jetty.io.ChannelEndPoint - onSelected 1->0 r=true w=false for SocketChannelEndPoint@cdb9507{l=/127.0.0.1:44045,r=/127.0.0.1:47384,OPEN,fill=FI,flush=-,to=1/3000}{io=1/0,kio=1,kro=1}->HttpConnection@386a974c[p=HttpParser{s=START,0 of -1},g=HttpGenerator@17f32df9{s=START}]=>HttpChannelOverHttp@3e982bb0{s=HttpChannelState@5ed706ab{s=IDLE rs=BLOCKING os=OPEN is=IDLE awp=false se=false i=true al=0},r=0,c=false/false,a=IDLE,uri=null,age=0}
02:33:21.906 [qtp961160488-17] DEBUG org.eclipse.jetty.server.HttpConnection - HttpConnection@629d5091::SocketChannelEndPoint@9d68211{l=/127.0.0.1:44045,r=/127.0.0.1:47380,OPEN,fill=FI,flush=-,to=3/3000}{io=1/1,kio=1,kro=1}->HttpConnection@629d5091[p=HttpParser{s=START,0 of -1},g=HttpGenerator@64ef2{s=START}]=>HttpChannelOverHttp@2b2e822d{s=HttpChannelState@6271bb34{s=IDLE rs=BLOCKING os=OPEN is=IDLE awp=false se=false i=true al=0},r=2,c=false/false,a=IDLE,uri=null,age=0} onFillable exit HttpChannelState@6271bb34{s=IDLE rs=BLOCKING os=OPEN is=IDLE awp=false se=false i=true al=0} null
02:33:21.906 [qtp961160488-18] DEBUG org.eclipse.jetty.io.ChannelEndPoint - task CEP:SocketChannelEndPoint@cdb9507{l=/127.0.0.1:44045,r=/127.0.0.1:47384,OPEN,fill=FI,flush=-,to=1/3000}{io=1/0,kio=1,kro=1}->HttpConnection@386a974c[p=HttpParser{s=START,0 of -1},g=HttpGenerator@17f32df9{s=START}]=>HttpChannelOverHttp@3e982bb0{s=HttpChannelState@5ed706ab{s=IDLE rs=BLOCKING os=OPEN is=IDLE awp=false se=false i=true al=0},r=0,c=false/false,a=IDLE,uri=null,age=0}:runFillable:BLOCKING
02:33:21.906 [qtp961160488-17] DEBUG org.eclipse.jetty.util.thread.QueuedThreadPool - ran org.eclipse.jetty.io.ManagedSelector$$Lambda$253/838473569@66f57048 in QueuedThreadPool[qtp961160488]@394a2528{STARTED,8<=8<=200,i=1,r=-1,q=0}[ReservedThreadExecutor@383bfa16{reserved=1/8,pending=0}]
02:33:21.906 [qtp961160488-18] DEBUG org.eclipse.jetty.util.thread.ReservedThreadExecutor - ReservedThreadExecutor@383bfa16{reserved=1/8,pending=0} tryExecute EatWhatYouKill@6404f418/SelectorProducer@3e11f9e9/PRODUCING/p=false/QueuedThreadPool[qtp961160488]@394a2528{STARTED,8<=8<=200,i=2,r=-1,q=0}[ReservedThreadExecutor@383bfa16{reserved=1/8,pending=0}][pc=0,pic=0,pec=0,epc=0]@2024-05-02T02:33:21.906+01:00
02:33:21.906 [qtp961160488-18] DEBUG org.eclipse.jetty.util.thread.ReservedThreadExecutor - ReservedThreadExecutor@383bfa16{reserved=0/8,pending=1} startReservedThread p=1
02:33:21.906 [qtp961160488-18] DEBUG org.eclipse.jetty.util.thread.QueuedThreadPool - queue ReservedThread@a79b317{PENDING,thread=null} startThread=0
02:33:21.906 [qtp961160488-20] DEBUG org.eclipse.jetty.util.thread.QueuedThreadPool - run ReservedThread@a79b317{PENDING,thread=null} in QueuedThreadPool[qtp961160488]@394a2528{STARTED,8<=8<=200,i=1,r=-1,q=0}[ReservedThreadExecutor@383bfa16{reserved=0/8,pending=1}]
02:33:21.906 [qtp961160488-20] DEBUG org.eclipse.jetty.util.thread.ReservedThreadExecutor - ReservedThread@a79b317{PENDING,thread=Thread[qtp961160488-20,5,main]} was=PENDING next=RESERVED size=0+1 capacity=8
02:33:21.907 [qtp961160488-20] DEBUG org.eclipse.jetty.util.thread.ReservedThreadExecutor - ReservedThread@a79b317{RESERVED,thread=Thread[qtp961160488-20,5,main]} waiting ReservedThreadExecutor@383bfa16{reserved=1/8,pending=0}
02:33:21.907 [qtp961160488-21] DEBUG org.eclipse.jetty.util.thread.ReservedThreadExecutor - ReservedThread@28eebf28{RESERVED,thread=Thread[qtp961160488-21,5,main]} task=EatWhatYouKill@6404f418/SelectorProducer@3e11f9e9/IDLE/p=true/QueuedThreadPool[qtp961160488]@394a2528{STARTED,8<=8<=200,i=1,r=-1,q=0}[ReservedThreadExecutor@383bfa16{reserved=0/8,pending=1}][pc=0,pic=0,pec=0,epc=0]@2024-05-02T02:33:21.906+01:00 ReservedThreadExecutor@383bfa16{reserved=1/8,pending=0}
02:33:21.907 [qtp961160488-18] DEBUG org.eclipse.jetty.util.thread.strategy.EatWhatYouKill - EatWhatYouKill@6404f418/SelectorProducer@3e11f9e9/IDLE/p=true/QueuedThreadPool[qtp961160488]@394a2528{STARTED,8<=8<=200,i=1,r=-1,q=0}[ReservedThreadExecutor@383bfa16{reserved=1/8,pending=0}][pc=0,pic=0,pec=0,epc=0]@2024-05-02T02:33:21.907+01:00 m=EXECUTE_PRODUCE_CONSUME t=CEP:SocketChannelEndPoint@cdb9507{l=/127.0.0.1:44045,r=/127.0.0.1:47384,OPEN,fill=FI,flush=-,to=2/3000}{io=1/0,kio=1,kro=1}->HttpConnection@386a974c[p=HttpParser{s=START,0 of -1},g=HttpGenerator@17f32df9{s=START}]=>HttpChannelOverHttp@3e982bb0{s=HttpChannelState@5ed706ab{s=IDLE rs=BLOCKING os=OPEN is=IDLE awp=false se=false i=true al=0},r=0,c=false/false,a=IDLE,uri=null,age=0}:runFillable:BLOCKING/BLOCKING
02:33:21.907 [qtp961160488-21] DEBUG org.eclipse.jetty.util.thread.strategy.EatWhatYouKill - EatWhatYouKill@6404f418/SelectorProducer@3e11f9e9/IDLE/p=true/QueuedThreadPool[qtp961160488]@394a2528{STARTED,8<=8<=200,i=1,r=-1,q=0}[ReservedThreadExecutor@383bfa16{reserved=1/8,pending=0}][pc=0,pic=0,pec=0,epc=0]@2024-05-02T02:33:21.907+01:00 tryProduce true
02:33:21.907 [qtp961160488-21] DEBUG org.eclipse.jetty.io.ManagedSelector - updateable 0
02:33:21.907 [qtp961160488-21] DEBUG org.eclipse.jetty.io.ManagedSelector - updates 0
02:33:21.907 [qtp961160488-18] DEBUG org.eclipse.jetty.io.FillInterest - fillable FillInterest@717783f2{AC.ReadCB@386a974c{HttpConnection@386a974c::SocketChannelEndPoint@cdb9507{l=/127.0.0.1:44045,r=/127.0.0.1:47384,OPEN,fill=FI,flush=-,to=2/3000}{io=1/0,kio=1,kro=1}->HttpConnection@386a974c[p=HttpParser{s=START,0 of -1},g=HttpGenerator@17f32df9{s=START}]=>HttpChannelOverHttp@3e982bb0{s=HttpChannelState@5ed706ab{s=IDLE rs=BLOCKING os=OPEN is=IDLE awp=false se=false i=true al=0},r=0,c=false/false,a=IDLE,uri=null,age=0}}}
02:33:21.907 [qtp961160488-21] DEBUG org.eclipse.jetty.io.ChannelEndPoint - Key interests updated 1 -> 0 on SocketChannelEndPoint@cdb9507{l=/127.0.0.1:44045,r=/127.0.0.1:47384,OPEN,fill=FI,flush=-,to=2/3000}{io=0/0,kio=0,kro=1}->HttpConnection@386a974c[p=HttpParser{s=START,0 of -1},g=HttpGenerator@17f32df9{s=START}]=>HttpChannelOverHttp@3e982bb0{s=HttpChannelState@5ed706ab{s=IDLE rs=BLOCKING os=OPEN is=IDLE awp=false se=false i=true al=0},r=0,c=false/false,a=IDLE,uri=null,age=0}
02:33:21.907 [qtp961160488-21] DEBUG org.eclipse.jetty.io.ManagedSelector - Selector sun.nio.ch.EPollSelectorImpl@81d867 waiting with 1 keys
02:33:21.907 [qtp961160488-18] DEBUG org.eclipse.jetty.server.HttpConnection - HttpConnection@386a974c::SocketChannelEndPoint@cdb9507{l=/127.0.0.1:44045,r=/127.0.0.1:47384,OPEN,fill=-,flush=-,to=2/3000}{io=0/0,kio=0,kro=1}->HttpConnection@386a974c[p=HttpParser{s=START,0 of -1},g=HttpGenerator@17f32df9{s=START}]=>HttpChannelOverHttp@3e982bb0{s=HttpChannelState@5ed706ab{s=IDLE rs=BLOCKING os=OPEN is=IDLE awp=false se=false i=true al=0},r=0,c=false/false,a=IDLE,uri=null,age=0} onFillable enter HttpChannelState@5ed706ab{s=IDLE rs=BLOCKING os=OPEN is=IDLE awp=false se=false i=true al=0} null
02:33:21.907 [qtp961160488-18] DEBUG org.eclipse.jetty.io.ChannelEndPoint - filled 115 HeapByteBuffer@3276fc12[p=0,l=115,c=8192,r=115]={<<<GET / HTTP/1.1\r\nHost: loc...gent: okhttp/3.12.3\r\n\r\n>>>er-Agent:...\x00\x00\x00\x00\x00\x00\x00}
02:33:21.907 [qtp961160488-18] DEBUG org.eclipse.jetty.server.HttpConnection - HttpConnection@386a974c::SocketChannelEndPoint@cdb9507{l=/127.0.0.1:44045,r=/127.0.0.1:47384,OPEN,fill=-,flush=-,to=0/3000}{io=0/0,kio=0,kro=1}->HttpConnection@386a974c[p=HttpParser{s=START,0 of -1},g=HttpGenerator@17f32df9{s=START}]=>HttpChannelOverHttp@3e982bb0{s=HttpChannelState@5ed706ab{s=IDLE rs=BLOCKING os=OPEN is=IDLE awp=false se=false i=true al=0},r=0,c=false/false,a=IDLE,uri=null,age=0} filled 115 HeapByteBuffer@3276fc12[p=0,l=115,c=8192,r=115]={<<<GET / HTTP/1.1\r\nHost: loc...gent: okhttp/3.12.3\r\n\r\n>>>er-Agent:...\x00\x00\x00\x00\x00\x00\x00}
02:33:21.908 [qtp961160488-18] DEBUG org.eclipse.jetty.server.HttpConnection - HttpConnection@386a974c::SocketChannelEndPoint@cdb9507{l=/127.0.0.1:44045,r=/127.0.0.1:47384,OPEN,fill=-,flush=-,to=0/3000}{io=0/0,kio=0,kro=1}->HttpConnection@386a974c[p=HttpParser{s=START,0 of -1},g=HttpGenerator@17f32df9{s=START}]=>HttpChannelOverHttp@3e982bb0{s=HttpChannelState@5ed706ab{s=IDLE rs=BLOCKING os=OPEN is=IDLE awp=false se=false i=true al=0},r=0,c=false/false,a=IDLE,uri=null,age=0} parse HeapByteBuffer@3276fc12[p=0,l=115,c=8192,r=115]={<<<GET / HTTP/1.1\r\nHost: loc...gent: okhttp/3.12.3\r\n\r\n>>>er-Agent:...\x00\x00\x00\x00\x00\x00\x00} {}
02:33:21.908 [qtp961160488-18] DEBUG org.eclipse.jetty.http.HttpParser - parseNext s=START HeapByteBuffer@3276fc12[p=0,l=115,c=8192,r=115]={<<<GET / HTTP/1.1\r\nHost: loc...gent: okhttp/3.12.3\r\n\r\n>>>er-Agent:...\x00\x00\x00\x00\x00\x00\x00}
02:33:21.908 [qtp961160488-18] DEBUG org.eclipse.jetty.http.HttpParser - START --> SPACE1
02:33:21.908 [qtp961160488-18] DEBUG org.eclipse.jetty.http.HttpParser - SPACE1 --> URI
02:33:21.908 [qtp961160488-18] DEBUG org.eclipse.jetty.http.HttpParser - URI --> SPACE2
02:33:21.908 [qtp961160488-18] DEBUG org.eclipse.jetty.http.HttpParser - SPACE2 --> REQUEST_VERSION
02:33:21.908 [qtp961160488-18] DEBUG org.eclipse.jetty.http.HttpParser - REQUEST_VERSION --> HEADER
02:33:21.908 [qtp961160488-18] DEBUG org.eclipse.jetty.http.HttpParser - HEADER:Host --> VALUE
02:33:21.908 [qtp961160488-18] DEBUG org.eclipse.jetty.http.HttpParser - HEADER:Host --> IN_VALUE
02:33:21.908 [qtp961160488-18] DEBUG org.eclipse.jetty.http.HttpParser - HEADER:Host --> FIELD
02:33:21.908 [qtp961160488-18] DEBUG org.eclipse.jetty.http.HttpParser - HEADER:Connection: keep-alive --> IN_VALUE
02:33:21.908 [qtp961160488-18] DEBUG org.eclipse.jetty.http.HttpParser - HEADER:Connection: keep-alive --> FIELD
02:33:21.908 [qtp961160488-18] DEBUG org.eclipse.jetty.http.HttpParser - HEADER:Accept-Encoding: gzip --> IN_VALUE
02:33:21.908 [qtp961160488-18] DEBUG org.eclipse.jetty.http.HttpParser - HEADER:Accept-Encoding: gzip --> FIELD
02:33:21.908 [qtp961160488-18] DEBUG org.eclipse.jetty.http.HttpParser - HEADER:User-Agent --> VALUE
02:33:21.908 [qtp961160488-18] DEBUG org.eclipse.jetty.http.HttpParser - HEADER:User-Agent --> IN_VALUE
02:33:21.908 [qtp961160488-18] DEBUG org.eclipse.jetty.http.HttpParser - HEADER:User-Agent --> FIELD
02:33:21.908 [qtp961160488-18] DEBUG org.eclipse.jetty.http.HttpParser - HEADER --> CONTENT
02:33:21.908 [qtp961160488-18] DEBUG org.eclipse.jetty.server.HttpChannel - REQUEST for //localhost:44045/ on HttpChannelOverHttp@3e982bb0{s=HttpChannelState@5ed706ab{s=IDLE rs=BLOCKING os=OPEN is=IDLE awp=false se=false i=true al=0},r=1,c=false/false,a=IDLE,uri=//localhost:44045/,age=0}
GET //localhost:44045/ HTTP/1.1
Host: localhost:44045
Connection: keep-alive
Accept-Encoding: gzip
User-Agent: okhttp/3.12.3


02:33:21.908 [qtp961160488-18] DEBUG org.eclipse.jetty.server.HttpConnection - HttpConnection@386a974c::SocketChannelEndPoint@cdb9507{l=/127.0.0.1:44045,r=/127.0.0.1:47384,OPEN,fill=-,flush=-,to=0/3000}{io=0/0,kio=0,kro=1}->HttpConnection@386a974c[p=HttpParser{s=CONTENT,0 of -1},g=HttpGenerator@17f32df9{s=START}]=>HttpChannelOverHttp@3e982bb0{s=HttpChannelState@5ed706ab{s=IDLE rs=BLOCKING os=OPEN is=IDLE awp=false se=false i=true al=0},r=1,c=false/false,a=IDLE,uri=//localhost:44045/,age=0} parsed true HttpParser{s=CONTENT,0 of -1}
02:33:21.908 [qtp961160488-18] DEBUG org.eclipse.jetty.server.HttpConnection - releaseRequestBuffer HttpConnection@386a974c::SocketChannelEndPoint@cdb9507{l=/127.0.0.1:44045,r=/127.0.0.1:47384,OPEN,fill=-,flush=-,to=1/3000}{io=0/0,kio=0,kro=1}->HttpConnection@386a974c[p=HttpParser{s=CONTENT,0 of -1},g=HttpGenerator@17f32df9{s=START}]=>HttpChannelOverHttp@3e982bb0{s=HttpChannelState@5ed706ab{s=IDLE rs=BLOCKING os=OPEN is=IDLE awp=false se=false i=true al=0},r=1,c=false/false,a=IDLE,uri=//localhost:44045/,age=0}
02:33:21.908 [qtp961160488-18] DEBUG org.eclipse.jetty.server.HttpChannel - handle //localhost:44045/ HttpChannelOverHttp@3e982bb0{s=HttpChannelState@5ed706ab{s=IDLE rs=BLOCKING os=OPEN is=IDLE awp=false se=false i=true al=0},r=1,c=false/false,a=IDLE,uri=//localhost:44045/,age=0} 
02:33:21.909 [qtp961160488-18] DEBUG org.eclipse.jetty.server.HttpChannelState - handling HttpChannelState@5ed706ab{s=IDLE rs=BLOCKING os=OPEN is=IDLE awp=false se=false i=true al=0}
02:33:21.909 [qtp961160488-18] DEBUG org.eclipse.jetty.server.HttpChannel - action DISPATCH HttpChannelOverHttp@3e982bb0{s=HttpChannelState@5ed706ab{s=HANDLING rs=BLOCKING os=OPEN is=IDLE awp=false se=false i=true al=0},r=1,c=false/false,a=HANDLING,uri=//localhost:44045/,age=1}
02:33:21.909 [qtp961160488-18] DEBUG org.eclipse.jetty.server.Server - REQUEST GET / on HttpChannelOverHttp@3e982bb0{s=HttpChannelState@5ed706ab{s=HANDLING rs=BLOCKING os=OPEN is=IDLE awp=false se=false i=true al=0},r=1,c=false/false,a=HANDLING,uri=//localhost:44045/,age=1}
02:33:21.909 [qtp961160488-18] DEBUG org.eclipse.jetty.server.HttpOutput - write(array HeapByteBuffer@4f7b3c3c[p=0,l=4,c=512,r=4]={<<<test>>>\x00\x00\x00\x00\x00\x00\x00\x00\x00...\x00\x00\x00\x00\x00\x00\x00})
02:33:21.909 [qtp961160488-18] DEBUG org.eclipse.jetty.server.HttpOutput - write(array) s=CLOSING,api=BLOCKED,sc=false,e=null last=true agg=false flush=true async=false, len=4 null
02:33:21.909 [qtp961160488-18] DEBUG org.eclipse.jetty.server.HttpChannel - sendResponse info=null content=HeapByteBuffer@41b79754[p=0,l=4,c=512,r=4]={<<<test>>>\x00\x00\x00\x00\x00\x00\x00\x00\x00...\x00\x00\x00\x00\x00\x00\x00} complete=true committing=true callback=Blocker@7e7e776b{null}
02:33:21.909 [qtp961160488-18] DEBUG org.eclipse.jetty.server.HttpChannel - COMMIT for / on HttpChannelOverHttp@3e982bb0{s=HttpChannelState@5ed706ab{s=HANDLING rs=BLOCKING os=COMMITTED is=IDLE awp=false se=false i=true al=0},r=1,c=false/false,a=HANDLING,uri=//localhost:44045/,age=1}
200 null HTTP/1.1
Date: Thu, 02 May 2024 01:33:21 GMT
ETag: testEtag
Content-Type: text/plain;charset=utf-8
Content-Length: 4


02:33:21.909 [qtp961160488-18] DEBUG org.eclipse.jetty.server.HttpConnection - generate: NEED_HEADER for SendCallback@395882b8[PROCESSING][i=HTTP/1.1{s=200,h=4,cl=4},cb=org.eclipse.jetty.server.HttpChannel$SendCallback@2f54c373] (null,[p=0,l=4,c=512,r=4],true)@START
02:33:21.909 [qtp961160488-18] DEBUG org.eclipse.jetty.http.HttpGenerator - generateHeaders HTTP/1.1{s=200,h=4,cl=4} last=true content=HeapByteBuffer@41b79754[p=0,l=4,c=512,r=4]={<<<test>>>\x00\x00\x00\x00\x00\x00\x00\x00\x00...\x00\x00\x00\x00\x00\x00\x00}
02:33:21.909 [qtp961160488-18] DEBUG org.eclipse.jetty.http.HttpGenerator - Date: Thu, 02 May 2024 01:33:21 GMT
ETag: testEtag
Content-Type: text/plain;charset=utf-8
Content-Length: 4


02:33:21.909 [qtp961160488-18] DEBUG org.eclipse.jetty.http.HttpGenerator - CONTENT_LENGTH
02:33:21.909 [qtp961160488-18] DEBUG org.eclipse.jetty.server.HttpConnection - generate: FLUSH for SendCallback@395882b8[PROCESSING][i=HTTP/1.1{s=200,h=4,cl=4},cb=org.eclipse.jetty.server.HttpChannel$SendCallback@2f54c373] ([p=0,l=164,c=8192,r=164],[p=0,l=4,c=512,r=4],true)@COMPLETING
02:33:21.909 [qtp961160488-18] DEBUG org.eclipse.jetty.io.WriteFlusher - write: WriteFlusher@5224ecfa{IDLE}->null [HeapByteBuffer@3276fc12[p=0,l=164,c=8192,r=164]={<<<HTTP/1.1 200 OK\r\nDate: Th...y(9.4.44.v20210927)\r\n\r\n>>>\x00\x00\x00\x00\x00\x00\x00\x00\x00...\x00\x00\x00\x00\x00\x00\x00},HeapByteBuffer@41b79754[p=0,l=4,c=512,r=4]={<<<test>>>\x00\x00\x00\x00\x00\x00\x00\x00\x00...\x00\x00\x00\x00\x00\x00\x00}]
02:33:21.909 [qtp961160488-18] DEBUG org.eclipse.jetty.io.WriteFlusher - update WriteFlusher@5224ecfa{WRITING}->null:IDLE-->WRITING
02:33:21.910 [qtp961160488-18] DEBUG org.eclipse.jetty.io.ChannelEndPoint - flushed 168 SocketChannelEndPoint@cdb9507{l=/127.0.0.1:44045,r=/127.0.0.1:47384,OPEN,fill=-,flush=W,to=2/3000}{io=0/0,kio=0,kro=1}->HttpConnection@386a974c[p=HttpParser{s=CONTENT,0 of -1},g=HttpGenerator@17f32df9{s=COMPLETING}]=>HttpChannelOverHttp@3e982bb0{s=HttpChannelState@5ed706ab{s=HANDLING rs=BLOCKING os=COMMITTED is=IDLE awp=false se=false i=true al=0},r=1,c=false/false,a=HANDLING,uri=//localhost:44045/,age=2}
02:33:21.910 [main] DEBUG org.apache.nifi.minifi.bootstrap.configuration.ingestors.PullHttpChangeIngestor - Response received: Response{protocol=http/1.1, code=200, message=OK, url=http://localhost:44045/}
02:33:21.910 [qtp961160488-18] DEBUG org.eclipse.jetty.io.WriteFlusher - Flushed=true written=168 remaining=0 WriteFlusher@5224ecfa{WRITING}->null
02:33:21.910 [qtp961160488-18] DEBUG org.eclipse.jetty.io.WriteFlusher - update WriteFlusher@5224ecfa{IDLE}->null:WRITING-->IDLE
02:33:21.910 [qtp961160488-18] DEBUG org.eclipse.jetty.server.HttpConnection - generate: DONE for SendCallback@395882b8[PROCESSING][i=HTTP/1.1{s=200,h=4,cl=4},cb=org.eclipse.jetty.server.HttpChannel$SendCallback@2f54c373] ([p=164,l=164,c=8192,r=0],[p=4,l=4,c=512,r=0],true)@END
02:33:21.910 [main] DEBUG org.apache.nifi.minifi.bootstrap.configuration.ingestors.PullHttpChangeIngestor - New change received, notifying listener
02:33:21.910 [qtp961160488-18] DEBUG org.eclipse.jetty.server.HttpOutput - onWriteComplete(true,null) s=CLOSING,api=BLOCKED,sc=false,e=null->s=CLOSED,api=BLOCKING,sc=false,e=null c=null cb=null w=false
02:33:21.910 [qtp961160488-18] DEBUG org.eclipse.jetty.server.HttpOutput - close() s=CLOSED,api=BLOCKING,sc=false,e=null c=null b=null
02:33:21.910 [main] DEBUG org.apache.nifi.minifi.bootstrap.configuration.ingestors.PullHttpChangeIngestor - Listeners notified
02:33:21.910 [qtp961160488-18] DEBUG org.eclipse.jetty.server.Server - handled=true async=false committed=true on HttpChannelOverHttp@3e982bb0{s=HttpChannelState@5ed706ab{s=HANDLING rs=BLOCKING os=COMPLETED is=IDLE awp=false se=false i=true al=0},r=1,c=false/true,a=HANDLING,uri=//localhost:44045/,age=2}
02:33:21.910 [qtp961160488-18] DEBUG org.eclipse.jetty.server.HttpChannelState - unhandle HttpChannelState@5ed706ab{s=HANDLING rs=BLOCKING os=COMPLETED is=IDLE awp=false se=false i=true al=0}
02:33:21.910 [qtp961160488-18] DEBUG org.eclipse.jetty.server.HttpChannelState - nextAction(false) COMPLETE HttpChannelState@5ed706ab{s=HANDLING rs=COMPLETING os=COMPLETED is=IDLE awp=false se=false i=false al=0}
02:33:21.910 [qtp961160488-18] DEBUG org.eclipse.jetty.server.HttpChannel - action COMPLETE HttpChannelOverHttp@3e982bb0{s=HttpChannelState@5ed706ab{s=HANDLING rs=COMPLETING os=COMPLETED is=IDLE awp=false se=false i=false al=0},r=1,c=false/true,a=HANDLING,uri=//localhost:44045/,age=2}
02:33:21.910 [qtp961160488-18] DEBUG org.eclipse.jetty.server.HttpOutput - complete(org.eclipse.jetty.util.Callback$3@5fec1cfa) s=CLOSED,api=BLOCKING,sc=false,e=null s=true e=null, c=null
02:33:21.910 [qtp961160488-18] DEBUG org.eclipse.jetty.server.HttpChannelState - completed HttpChannelState@5ed706ab{s=HANDLING rs=COMPLETING os=COMPLETED is=IDLE awp=false se=false i=false al=0}
02:33:21.910 [qtp961160488-18] DEBUG org.eclipse.jetty.server.HttpChannelState - unhandle HttpChannelState@5ed706ab{s=HANDLING rs=COMPLETED os=COMPLETED is=IDLE awp=false se=false i=false al=0}
]]></system-out>
  </testcase>
  <testcase name="testUseEtagWithPath" classname="org.apache.nifi.minifi.bootstrap.configuration.ingestors.PullHttpChangeIngestorTest" time="0.022">
    <system-out><![CDATA[02:33:21.910 [qtp961160488-18] DEBUG org.eclipse.jetty.server.HttpChannelState - nextAction(false) TERMINATED HttpChannelState@5ed706ab{s=IDLE rs=COMPLETED os=COMPLETED is=IDLE awp=false se=false i=false al=0}
02:33:21.912 [main] DEBUG org.apache.nifi.minifi.bootstrap.configuration.ingestors.PullHttpChangeIngestor - Attempting to pull new config
02:33:21.912 [qtp961160488-18] DEBUG org.eclipse.jetty.server.HttpChannel - action TERMINATED HttpChannelOverHttp@3e982bb0{s=HttpChannelState@5ed706ab{s=IDLE rs=COMPLETED os=COMPLETED is=IDLE awp=false se=false i=false al=0},r=1,c=true/true,a=IDLE,uri=//localhost:44045/,age=4}
02:33:21.912 [qtp961160488-18] DEBUG org.eclipse.jetty.server.HttpChannel - onCompleted for / written=4
02:33:21.912 [qtp961160488-18] DEBUG org.eclipse.jetty.io.ChannelEndPoint - filled 0 HeapByteBuffer@3276fc12[p=0,l=0,c=8192,r=0]={<<<>>>HTTP/1.1 ...\x00\x00\x00\x00\x00\x00\x00}
02:33:21.912 [qtp961160488-18] DEBUG org.eclipse.jetty.io.ChannelEndPoint - filled 0 HeapByteBuffer@3276fc12[p=0,l=0,c=8192,r=0]={<<<>>>HTTP/1.1 ...\x00\x00\x00\x00\x00\x00\x00}
02:33:21.912 [qtp961160488-18] DEBUG org.eclipse.jetty.server.HttpConnection - HttpConnection@386a974c::SocketChannelEndPoint@cdb9507{l=/127.0.0.1:44045,r=/127.0.0.1:47384,OPEN,fill=-,flush=-,to=2/3000}{io=0/0,kio=0,kro=1}->HttpConnection@386a974c[p=HttpParser{s=CONTENT,0 of -1},g=HttpGenerator@17f32df9{s=END}]=>HttpChannelOverHttp@3e982bb0{s=HttpChannelState@5ed706ab{s=IDLE rs=COMPLETED os=COMPLETED is=IDLE awp=false se=false i=false al=0},r=1,c=true/true,a=IDLE,uri=//localhost:44045/,age=4} filled 0 HeapByteBuffer@3276fc12[p=0,l=0,c=8192,r=0]={<<<>>>HTTP/1.1 ...\x00\x00\x00\x00\x00\x00\x00}
02:33:21.913 [qtp961160488-18] DEBUG org.eclipse.jetty.server.HttpConnection - HttpConnection@386a974c::SocketChannelEndPoint@cdb9507{l=/127.0.0.1:44045,r=/127.0.0.1:47384,OPEN,fill=-,flush=-,to=2/3000}{io=0/0,kio=0,kro=1}->HttpConnection@386a974c[p=HttpParser{s=CONTENT,0 of -1},g=HttpGenerator@17f32df9{s=END}]=>HttpChannelOverHttp@3e982bb0{s=HttpChannelState@5ed706ab{s=IDLE rs=COMPLETED os=COMPLETED is=IDLE awp=false se=false i=false al=0},r=1,c=true/true,a=IDLE,uri=//localhost:44045/,age=5} parse HeapByteBuffer@3276fc12[p=0,l=0,c=8192,r=0]={<<<>>>HTTP/1.1 ...\x00\x00\x00\x00\x00\x00\x00} {}
02:33:21.913 [qtp961160488-18] DEBUG org.eclipse.jetty.http.HttpParser - parseNext s=CONTENT HeapByteBuffer@3276fc12[p=0,l=0,c=8192,r=0]={<<<>>>HTTP/1.1 ...\x00\x00\x00\x00\x00\x00\x00}
02:33:21.913 [qtp961160488-18] DEBUG org.eclipse.jetty.http.HttpParser - CONTENT --> CONTENT_END
02:33:21.913 [qtp961160488-18] DEBUG org.eclipse.jetty.server.HttpChannel - onContentComplete HttpChannelOverHttp@3e982bb0{s=HttpChannelState@5ed706ab{s=IDLE rs=COMPLETED os=COMPLETED is=IDLE awp=false se=false i=false al=0},r=1,c=true/true,a=IDLE,uri=//localhost:44045/,age=5}
02:33:21.913 [qtp961160488-19-acceptor-0@1e1a0406-ServerConnector@446293d{HTTP/1.1, (http/1.1)}{localhost:44045}] DEBUG org.eclipse.jetty.io.ManagedSelector - Queued change lazy=false Accept@4fb0fe95[java.nio.channels.SocketChannel[connected local=/127.0.0.1:44045 remote=/127.0.0.1:47386]] on ManagedSelector@194bcebf{STARTED} id=0 keys=0 selected=0 updates=0
02:33:21.913 [qtp961160488-18] DEBUG org.eclipse.jetty.http.HttpParser - CONTENT_END --> END
02:33:21.913 [qtp961160488-19-acceptor-0@1e1a0406-ServerConnector@446293d{HTTP/1.1, (http/1.1)}{localhost:44045}] DEBUG org.eclipse.jetty.io.ManagedSelector - Wakeup on submit ManagedSelector@194bcebf{STARTED} id=0 keys=0 selected=0 updates=1
02:33:21.913 [qtp961160488-18] DEBUG org.eclipse.jetty.server.HttpChannel - onRequestComplete HttpChannelOverHttp@3e982bb0{s=HttpChannelState@5ed706ab{s=IDLE rs=COMPLETED os=COMPLETED is=IDLE awp=false se=false i=false al=0},r=1,c=true/true,a=IDLE,uri=//localhost:44045/,age=5}
02:33:21.913 [qtp961160488-18] DEBUG org.eclipse.jetty.server.HttpInput - HttpInputOverHTTP@225c08fd[c=0,q=0,[0]=null,s=STREAM] addContent EOF
02:33:21.913 [qtp961160488-15] DEBUG org.eclipse.jetty.io.ManagedSelector - Selector sun.nio.ch.EPollSelectorImpl@733114a8 woken with none selected
02:33:21.913 [qtp961160488-15] DEBUG org.eclipse.jetty.io.ManagedSelector - Selector sun.nio.ch.EPollSelectorImpl@733114a8 woken up from select, 0/0/0 selected
02:33:21.913 [qtp961160488-15] DEBUG org.eclipse.jetty.io.ManagedSelector - Selector sun.nio.ch.EPollSelectorImpl@733114a8 processing 0 keys, 1 updates
02:33:21.913 [qtp961160488-15] DEBUG org.eclipse.jetty.io.ManagedSelector - updateable 1
02:33:21.913 [qtp961160488-15] DEBUG org.eclipse.jetty.io.ManagedSelector - update Accept@4fb0fe95[java.nio.channels.SocketChannel[connected local=/127.0.0.1:44045 remote=/127.0.0.1:47386]]
02:33:21.913 [qtp961160488-18] DEBUG org.eclipse.jetty.server.HttpConnection - HttpConnection@386a974c::SocketChannelEndPoint@cdb9507{l=/127.0.0.1:44045,r=/127.0.0.1:47384,OPEN,fill=-,flush=-,to=3/3000}{io=0/0,kio=0,kro=1}->HttpConnection@386a974c[p=HttpParser{s=END,0 of -1},g=HttpGenerator@17f32df9{s=END}]=>HttpChannelOverHttp@3e982bb0{s=HttpChannelState@5ed706ab{s=IDLE rs=COMPLETED os=COMPLETED is=IDLE awp=false se=false i=false al=0},r=1,c=true/true,a=IDLE,uri=//localhost:44045/,age=5} parsed false HttpParser{s=END,0 of -1}
02:33:21.913 [qtp961160488-15] DEBUG org.eclipse.jetty.util.thread.QueuedThreadPool - queue Accept@4fb0fe95[java.nio.channels.SocketChannel[connected local=/127.0.0.1:44045 remote=/127.0.0.1:47386]] startThread=0
02:33:21.913 [qtp961160488-18] DEBUG org.eclipse.jetty.server.HttpConnection - releaseRequestBuffer HttpConnection@386a974c::SocketChannelEndPoint@cdb9507{l=/127.0.0.1:44045,r=/127.0.0.1:47384,OPEN,fill=-,flush=-,to=3/3000}{io=0/0,kio=0,kro=1}->HttpConnection@386a974c[p=HttpParser{s=END,0 of -1},g=HttpGenerator@17f32df9{s=END}]=>HttpChannelOverHttp@3e982bb0{s=HttpChannelState@5ed706ab{s=IDLE rs=COMPLETED os=COMPLETED is=IDLE awp=false se=false i=false al=0},r=1,c=true/true,a=IDLE,uri=//localhost:44045/,age=5}
02:33:21.913 [qtp961160488-15] DEBUG org.eclipse.jetty.io.ManagedSelector - updates 0
02:33:21.913 [qtp961160488-15] DEBUG org.eclipse.jetty.io.ManagedSelector - Selector sun.nio.ch.EPollSelectorImpl@733114a8 waiting with 1 keys
02:33:21.913 [qtp961160488-17] DEBUG org.eclipse.jetty.util.thread.QueuedThreadPool - run Accept@4fb0fe95[java.nio.channels.SocketChannel[connected local=/127.0.0.1:44045 remote=/127.0.0.1:47386]] in QueuedThreadPool[qtp961160488]@394a2528{STARTED,8<=8<=200,i=0,r=-1,q=0}[ReservedThreadExecutor@383bfa16{reserved=1/8,pending=0}]
02:33:21.913 [qtp961160488-18] DEBUG org.eclipse.jetty.server.HttpChannelState - recycle HttpChannelState@5ed706ab{s=IDLE rs=COMPLETED os=COMPLETED is=IDLE awp=false se=false i=false al=0}
02:33:21.913 [qtp961160488-18] DEBUG org.eclipse.jetty.http.HttpParser - reset HttpParser{s=END,0 of -1}
02:33:21.913 [qtp961160488-18] DEBUG org.eclipse.jetty.http.HttpParser - END --> START
02:33:21.913 [qtp961160488-17] DEBUG org.eclipse.jetty.io.IdleTimeout - SocketChannelEndPoint@61ab2da0{l=/127.0.0.1:44045,r=/127.0.0.1:47386,OPEN,fill=-,flush=-,to=0/3000}{io=0/0,kio=0,kro=0}-><null> idle timeout check, elapsed: 0 ms, remaining: 3000 ms
02:33:21.913 [qtp961160488-18] DEBUG org.eclipse.jetty.server.HttpChannel - !handle TERMINATED HttpChannelOverHttp@3e982bb0{s=HttpChannelState@5ed706ab{s=IDLE rs=BLOCKING os=OPEN is=IDLE awp=false se=false i=true al=0},r=1,c=false/false,a=IDLE,uri=null,age=0}
02:33:21.913 [qtp961160488-18] DEBUG org.eclipse.jetty.io.ChannelEndPoint - filled 0 HeapByteBuffer@3276fc12[p=0,l=0,c=8192,r=0]={<<<>>>HTTP/1.1 ...\x00\x00\x00\x00\x00\x00\x00}
02:33:21.914 [qtp961160488-18] DEBUG org.eclipse.jetty.io.ChannelEndPoint - filled 0 HeapByteBuffer@3276fc12[p=0,l=0,c=8192,r=0]={<<<>>>HTTP/1.1 ...\x00\x00\x00\x00\x00\x00\x00}
02:33:21.914 [qtp961160488-17] DEBUG org.eclipse.jetty.server.HttpChannel - new HttpChannelOverHttp@7b6a0ab2{s=HttpChannelState@51f2ed37{s=IDLE rs=BLOCKING os=OPEN is=IDLE awp=false se=false i=true al=0},r=0,c=false/false,a=IDLE,uri=null,age=0} -> SocketChannelEndPoint@61ab2da0{l=/127.0.0.1:44045,r=/127.0.0.1:47386,OPEN,fill=-,flush=-,to=0/3000}{io=0/0,kio=0,kro=0}-><null>,null,HttpChannelState@51f2ed37{s=IDLE rs=BLOCKING os=OPEN is=IDLE awp=false se=false i=true al=0}
02:33:21.914 [qtp961160488-17] DEBUG org.eclipse.jetty.server.HttpConnection - New HTTP Connection HttpConnection@2dffc350::SocketChannelEndPoint@61ab2da0{l=/127.0.0.1:44045,r=/127.0.0.1:47386,OPEN,fill=-,flush=-,to=0/3000}{io=0/0,kio=0,kro=0}-><null>
02:33:21.914 [qtp961160488-18] DEBUG org.eclipse.jetty.server.HttpConnection - HttpConnection@386a974c::SocketChannelEndPoint@cdb9507{l=/127.0.0.1:44045,r=/127.0.0.1:47384,OPEN,fill=-,flush=-,to=3/3000}{io=0/0,kio=0,kro=1}->HttpConnection@386a974c[p=HttpParser{s=START,0 of -1},g=HttpGenerator@17f32df9{s=START}]=>HttpChannelOverHttp@3e982bb0{s=HttpChannelState@5ed706ab{s=IDLE rs=BLOCKING os=OPEN is=IDLE awp=false se=false i=true al=0},r=1,c=false/false,a=IDLE,uri=null,age=0} filled 0 HeapByteBuffer@3276fc12[p=0,l=0,c=8192,r=0]={<<<>>>HTTP/1.1 ...\x00\x00\x00\x00\x00\x00\x00}
02:33:21.914 [qtp961160488-17] DEBUG org.eclipse.jetty.io.ManagedSelector - Queued change lazy=true org.eclipse.jetty.io.ManagedSelector$$Lambda$258/1710399120@15013d62 on ManagedSelector@194bcebf{STARTED} id=0 keys=1 selected=0 updates=0
02:33:21.914 [qtp961160488-18] DEBUG org.eclipse.jetty.server.HttpConnection - HttpConnection@386a974c::SocketChannelEndPoint@cdb9507{l=/127.0.0.1:44045,r=/127.0.0.1:47384,OPEN,fill=-,flush=-,to=4/3000}{io=0/0,kio=0,kro=1}->HttpConnection@386a974c[p=HttpParser{s=START,0 of -1},g=HttpGenerator@17f32df9{s=START}]=>HttpChannelOverHttp@3e982bb0{s=HttpChannelState@5ed706ab{s=IDLE rs=BLOCKING os=OPEN is=IDLE awp=false se=false i=true al=0},r=1,c=false/false,a=IDLE,uri=null,age=0} parse HeapByteBuffer@3276fc12[p=0,l=0,c=8192,r=0]={<<<>>>HTTP/1.1 ...\x00\x00\x00\x00\x00\x00\x00} {}
02:33:21.914 [qtp961160488-18] DEBUG org.eclipse.jetty.http.HttpParser - parseNext s=START HeapByteBuffer@3276fc12[p=0,l=0,c=8192,r=0]={<<<>>>HTTP/1.1 ...\x00\x00\x00\x00\x00\x00\x00}
02:33:21.914 [qtp961160488-17] DEBUG org.eclipse.jetty.io.AbstractEndPoint - onOpen SocketChannelEndPoint@61ab2da0{l=/127.0.0.1:44045,r=/127.0.0.1:47386,OPEN,fill=-,flush=-,to=0/3000}{io=0/0,kio=0,kro=0}->HttpConnection@2dffc350[p=HttpParser{s=START,0 of -1},g=HttpGenerator@3e158aea{s=START}]=>HttpChannelOverHttp@7b6a0ab2{s=HttpChannelState@51f2ed37{s=IDLE rs=BLOCKING os=OPEN is=IDLE awp=false se=false i=true al=0},r=0,c=false/false,a=IDLE,uri=null,age=0}
02:33:21.914 [qtp961160488-18] DEBUG org.eclipse.jetty.server.HttpConnection - HttpConnection@386a974c::SocketChannelEndPoint@cdb9507{l=/127.0.0.1:44045,r=/127.0.0.1:47384,OPEN,fill=-,flush=-,to=4/3000}{io=0/0,kio=0,kro=1}->HttpConnection@386a974c[p=HttpParser{s=START,0 of -1},g=HttpGenerator@17f32df9{s=START}]=>HttpChannelOverHttp@3e982bb0{s=HttpChannelState@5ed706ab{s=IDLE rs=BLOCKING os=OPEN is=IDLE awp=false se=false i=true al=0},r=1,c=false/false,a=IDLE,uri=null,age=0} parsed false HttpParser{s=START,0 of -1}
02:33:21.914 [qtp961160488-17] DEBUG org.eclipse.jetty.io.AbstractConnection - onOpen HttpConnection@2dffc350::SocketChannelEndPoint@61ab2da0{l=/127.0.0.1:44045,r=/127.0.0.1:47386,OPEN,fill=-,flush=-,to=0/3000}{io=0/0,kio=0,kro=0}->HttpConnection@2dffc350[p=HttpParser{s=START,0 of -1},g=HttpGenerator@3e158aea{s=START}]=>HttpChannelOverHttp@7b6a0ab2{s=HttpChannelState@51f2ed37{s=IDLE rs=BLOCKING os=OPEN is=IDLE awp=false se=false i=true al=0},r=0,c=false/false,a=IDLE,uri=null,age=0}
02:33:21.914 [qtp961160488-18] DEBUG org.eclipse.jetty.server.HttpConnection - releaseRequestBuffer HttpConnection@386a974c::SocketChannelEndPoint@cdb9507{l=/127.0.0.1:44045,r=/127.0.0.1:47384,OPEN,fill=-,flush=-,to=4/3000}{io=0/0,kio=0,kro=1}->HttpConnection@386a974c[p=HttpParser{s=START,0 of -1},g=HttpGenerator@17f32df9{s=START}]=>HttpChannelOverHttp@3e982bb0{s=HttpChannelState@5ed706ab{s=IDLE rs=BLOCKING os=OPEN is=IDLE awp=false se=false i=true al=0},r=1,c=false/false,a=IDLE,uri=null,age=0}
02:33:21.914 [qtp961160488-17] DEBUG org.eclipse.jetty.io.AbstractConnection - fillInterested HttpConnection@2dffc350::SocketChannelEndPoint@61ab2da0{l=/127.0.0.1:44045,r=/127.0.0.1:47386,OPEN,fill=-,flush=-,to=0/3000}{io=0/0,kio=0,kro=0}->HttpConnection@2dffc350[p=HttpParser{s=START,0 of -1},g=HttpGenerator@3e158aea{s=START}]=>HttpChannelOverHttp@7b6a0ab2{s=HttpChannelState@51f2ed37{s=IDLE rs=BLOCKING os=OPEN is=IDLE awp=false se=false i=true al=0},r=0,c=false/false,a=IDLE,uri=null,age=0}
02:33:21.914 [qtp961160488-18] DEBUG org.eclipse.jetty.io.AbstractConnection - fillInterested HttpConnection@386a974c::SocketChannelEndPoint@cdb9507{l=/127.0.0.1:44045,r=/127.0.0.1:47384,OPEN,fill=-,flush=-,to=4/3000}{io=0/0,kio=0,kro=1}->HttpConnection@386a974c[p=HttpParser{s=START,0 of -1},g=HttpGenerator@17f32df9{s=START}]=>HttpChannelOverHttp@3e982bb0{s=HttpChannelState@5ed706ab{s=IDLE rs=BLOCKING os=OPEN is=IDLE awp=false se=false i=true al=0},r=1,c=false/false,a=IDLE,uri=null,age=0}
02:33:21.914 [qtp961160488-17] DEBUG org.eclipse.jetty.io.FillInterest - interested FillInterest@7848534a{AC.ReadCB@2dffc350{HttpConnection@2dffc350::SocketChannelEndPoint@61ab2da0{l=/127.0.0.1:44045,r=/127.0.0.1:47386,OPEN,fill=FI,flush=-,to=0/3000}{io=0/0,kio=0,kro=0}->HttpConnection@2dffc350[p=HttpParser{s=START,0 of -1},g=HttpGenerator@3e158aea{s=START}]=>HttpChannelOverHttp@7b6a0ab2{s=HttpChannelState@51f2ed37{s=IDLE rs=BLOCKING os=OPEN is=IDLE awp=false se=false i=true al=0},r=0,c=false/false,a=IDLE,uri=null,age=0}}}
02:33:21.914 [qtp961160488-18] DEBUG org.eclipse.jetty.io.FillInterest - interested FillInterest@717783f2{AC.ReadCB@386a974c{HttpConnection@386a974c::SocketChannelEndPoint@cdb9507{l=/127.0.0.1:44045,r=/127.0.0.1:47384,OPEN,fill=FI,flush=-,to=0/3000}{io=0/0,kio=0,kro=1}->HttpConnection@386a974c[p=HttpParser{s=START,0 of -1},g=HttpGenerator@17f32df9{s=START}]=>HttpChannelOverHttp@3e982bb0{s=HttpChannelState@5ed706ab{s=IDLE rs=BLOCKING os=OPEN is=IDLE awp=false se=false i=true al=0},r=1,c=false/false,a=IDLE,uri=null,age=0}}}
02:33:21.915 [qtp961160488-17] DEBUG org.eclipse.jetty.io.ChannelEndPoint - changeInterests p=false 0->1 for SocketChannelEndPoint@61ab2da0{l=/127.0.0.1:44045,r=/127.0.0.1:47386,OPEN,fill=FI,flush=-,to=0/3000}{io=0/1,kio=0,kro=0}->HttpConnection@2dffc350[p=HttpParser{s=START,0 of -1},g=HttpGenerator@3e158aea{s=START}]=>HttpChannelOverHttp@7b6a0ab2{s=HttpChannelState@51f2ed37{s=IDLE rs=BLOCKING os=OPEN is=IDLE awp=false se=false i=true al=0},r=0,c=false/false,a=IDLE,uri=null,age=0}
02:33:21.915 [qtp961160488-18] DEBUG org.eclipse.jetty.io.ChannelEndPoint - changeInterests p=false 0->1 for SocketChannelEndPoint@cdb9507{l=/127.0.0.1:44045,r=/127.0.0.1:47384,OPEN,fill=FI,flush=-,to=0/3000}{io=0/1,kio=0,kro=1}->HttpConnection@386a974c[p=HttpParser{s=START,0 of -1},g=HttpGenerator@17f32df9{s=START}]=>HttpChannelOverHttp@3e982bb0{s=HttpChannelState@5ed706ab{s=IDLE rs=BLOCKING os=OPEN is=IDLE awp=false se=false i=true al=0},r=1,c=false/false,a=IDLE,uri=null,age=0}
02:33:21.915 [qtp961160488-17] DEBUG org.eclipse.jetty.io.ManagedSelector - Queued change lazy=false org.eclipse.jetty.io.ChannelEndPoint$$Lambda$255/1238156519@2bfefa50 on ManagedSelector@194bcebf{STARTED} id=0 keys=1 selected=0 updates=1
02:33:21.915 [qtp961160488-18] DEBUG org.eclipse.jetty.io.ManagedSelector - Queued change lazy=false org.eclipse.jetty.io.ChannelEndPoint$$Lambda$255/1238156519@1d4bba67 on ManagedSelector@1de5f259{STARTED} id=3 keys=1 selected=0 updates=0
02:33:21.915 [qtp961160488-17] DEBUG org.eclipse.jetty.io.ManagedSelector - Wakeup on submit ManagedSelector@194bcebf{STARTED} id=0 keys=1 selected=0 updates=2
02:33:21.915 [qtp961160488-18] DEBUG org.eclipse.jetty.io.ManagedSelector - Wakeup on submit ManagedSelector@1de5f259{STARTED} id=3 keys=1 selected=0 updates=1
02:33:21.915 [qtp961160488-21] DEBUG org.eclipse.jetty.io.ManagedSelector - Selector sun.nio.ch.EPollSelectorImpl@81d867 woken with none selected
02:33:21.915 [qtp961160488-21] DEBUG org.eclipse.jetty.io.ManagedSelector - Selector sun.nio.ch.EPollSelectorImpl@81d867 woken up from select, 0/0/1 selected
02:33:21.915 [qtp961160488-21] DEBUG org.eclipse.jetty.io.ManagedSelector - Selector sun.nio.ch.EPollSelectorImpl@81d867 processing 0 keys, 1 updates
02:33:21.915 [qtp961160488-21] DEBUG org.eclipse.jetty.io.ManagedSelector - updateable 1
02:33:21.915 [qtp961160488-18] DEBUG org.eclipse.jetty.server.HttpConnection - HttpConnection@386a974c::SocketChannelEndPoint@cdb9507{l=/127.0.0.1:44045,r=/127.0.0.1:47384,OPEN,fill=FI,flush=-,to=0/3000}{io=0/1,kio=0,kro=1}->HttpConnection@386a974c[p=HttpParser{s=START,0 of -1},g=HttpGenerator@17f32df9{s=START}]=>HttpChannelOverHttp@3e982bb0{s=HttpChannelState@5ed706ab{s=IDLE rs=BLOCKING os=OPEN is=IDLE awp=false se=false i=true al=0},r=1,c=false/false,a=IDLE,uri=null,age=0} onFillable exit HttpChannelState@5ed706ab{s=IDLE rs=BLOCKING os=OPEN is=IDLE awp=false se=false i=true al=0} null
02:33:21.915 [qtp961160488-15] DEBUG org.eclipse.jetty.io.ManagedSelector - Selector sun.nio.ch.EPollSelectorImpl@733114a8 woken with none selected
02:33:21.915 [qtp961160488-21] DEBUG org.eclipse.jetty.io.ManagedSelector - update org.eclipse.jetty.io.ChannelEndPoint$$Lambda$255/1238156519@1d4bba67
02:33:21.915 [qtp961160488-15] DEBUG org.eclipse.jetty.io.ManagedSelector - Selector sun.nio.ch.EPollSelectorImpl@733114a8 woken up from select, 0/0/1 selected
02:33:21.915 [qtp961160488-18] DEBUG org.eclipse.jetty.util.thread.QueuedThreadPool - ran org.eclipse.jetty.io.ManagedSelector$$Lambda$253/838473569@21282ed8 in QueuedThreadPool[qtp961160488]@394a2528{STARTED,8<=8<=200,i=0,r=-1,q=0}[ReservedThreadExecutor@383bfa16{reserved=1/8,pending=0}]
02:33:21.915 [qtp961160488-15] DEBUG org.eclipse.jetty.io.ManagedSelector - Selector sun.nio.ch.EPollSelectorImpl@733114a8 processing 0 keys, 2 updates
02:33:21.915 [qtp961160488-15] DEBUG org.eclipse.jetty.io.ManagedSelector - updateable 2
02:33:21.915 [qtp961160488-15] DEBUG org.eclipse.jetty.io.ManagedSelector - update org.eclipse.jetty.io.ManagedSelector$$Lambda$258/1710399120@15013d62
02:33:21.915 [qtp961160488-15] DEBUG org.eclipse.jetty.io.ManagedSelector - update org.eclipse.jetty.io.ChannelEndPoint$$Lambda$255/1238156519@2bfefa50
02:33:21.915 [qtp961160488-21] DEBUG org.eclipse.jetty.io.ChannelEndPoint - Key interests updated 0 -> 1 on SocketChannelEndPoint@cdb9507{l=/127.0.0.1:44045,r=/127.0.0.1:47384,OPEN,fill=FI,flush=-,to=0/3000}{io=1/1,kio=1,kro=1}->HttpConnection@386a974c[p=HttpParser{s=START,0 of -1},g=HttpGenerator@17f32df9{s=START}]=>HttpChannelOverHttp@3e982bb0{s=HttpChannelState@5ed706ab{s=IDLE rs=BLOCKING os=OPEN is=IDLE awp=false se=false i=true al=0},r=1,c=false/false,a=IDLE,uri=null,age=0}
02:33:21.915 [qtp961160488-21] DEBUG org.eclipse.jetty.io.ManagedSelector - updates 0
02:33:21.915 [qtp961160488-21] DEBUG org.eclipse.jetty.io.ManagedSelector - Selector sun.nio.ch.EPollSelectorImpl@81d867 waiting with 1 keys
02:33:21.915 [qtp961160488-15] DEBUG org.eclipse.jetty.io.ChannelEndPoint - Key interests updated 0 -> 1 on SocketChannelEndPoint@61ab2da0{l=/127.0.0.1:44045,r=/127.0.0.1:47386,OPEN,fill=FI,flush=-,to=0/3000}{io=1/1,kio=1,kro=0}->HttpConnection@2dffc350[p=HttpParser{s=START,0 of -1},g=HttpGenerator@3e158aea{s=START}]=>HttpChannelOverHttp@7b6a0ab2{s=HttpChannelState@51f2ed37{s=IDLE rs=BLOCKING os=OPEN is=IDLE awp=false se=false i=true al=0},r=0,c=false/false,a=IDLE,uri=null,age=0}
02:33:21.915 [qtp961160488-15] DEBUG org.eclipse.jetty.io.ManagedSelector - updates 0
02:33:21.915 [qtp961160488-15] DEBUG org.eclipse.jetty.io.ManagedSelector - Selector sun.nio.ch.EPollSelectorImpl@733114a8 waiting with 1 keys
02:33:21.915 [qtp961160488-15] DEBUG org.eclipse.jetty.io.ManagedSelector - Selector sun.nio.ch.EPollSelectorImpl@733114a8 woken up from select, 1/1/1 selected
02:33:21.915 [qtp961160488-15] DEBUG org.eclipse.jetty.io.ManagedSelector - Selector sun.nio.ch.EPollSelectorImpl@733114a8 processing 1 keys, 0 updates
02:33:21.916 [qtp961160488-15] DEBUG org.eclipse.jetty.io.ManagedSelector - selected 1 sun.nio.ch.SelectionKeyImpl@22ed86b0 SocketChannelEndPoint@61ab2da0{l=/127.0.0.1:44045,r=/127.0.0.1:47386,OPEN,fill=FI,flush=-,to=1/3000}{io=1/1,kio=1,kro=1}->HttpConnection@2dffc350[p=HttpParser{s=START,0 of -1},g=HttpGenerator@3e158aea{s=START}]=>HttpChannelOverHttp@7b6a0ab2{s=HttpChannelState@51f2ed37{s=IDLE rs=BLOCKING os=OPEN is=IDLE awp=false se=false i=true al=0},r=0,c=false/false,a=IDLE,uri=null,age=0} 
02:33:21.916 [qtp961160488-15] DEBUG org.eclipse.jetty.io.ChannelEndPoint - onSelected 1->0 r=true w=false for SocketChannelEndPoint@61ab2da0{l=/127.0.0.1:44045,r=/127.0.0.1:47386,OPEN,fill=FI,flush=-,to=1/3000}{io=1/0,kio=1,kro=1}->HttpConnection@2dffc350[p=HttpParser{s=START,0 of -1},g=HttpGenerator@3e158aea{s=START}]=>HttpChannelOverHttp@7b6a0ab2{s=HttpChannelState@51f2ed37{s=IDLE rs=BLOCKING os=OPEN is=IDLE awp=false se=false i=true al=0},r=0,c=false/false,a=IDLE,uri=null,age=0}
02:33:21.916 [qtp961160488-15] DEBUG org.eclipse.jetty.io.ChannelEndPoint - task CEP:SocketChannelEndPoint@61ab2da0{l=/127.0.0.1:44045,r=/127.0.0.1:47386,OPEN,fill=FI,flush=-,to=1/3000}{io=1/0,kio=1,kro=1}->HttpConnection@2dffc350[p=HttpParser{s=START,0 of -1},g=HttpGenerator@3e158aea{s=START}]=>HttpChannelOverHttp@7b6a0ab2{s=HttpChannelState@51f2ed37{s=IDLE rs=BLOCKING os=OPEN is=IDLE awp=false se=false i=true al=0},r=0,c=false/false,a=IDLE,uri=null,age=0}:runFillable:BLOCKING
02:33:21.916 [qtp961160488-15] DEBUG org.eclipse.jetty.util.thread.ReservedThreadExecutor - ReservedThreadExecutor@383bfa16{reserved=1/8,pending=0} tryExecute EatWhatYouKill@25fb8912/SelectorProducer@d5b810e/PRODUCING/p=false/QueuedThreadPool[qtp961160488]@394a2528{STARTED,8<=8<=200,i=1,r=-1,q=0}[ReservedThreadExecutor@383bfa16{reserved=1/8,pending=0}][pc=0,pic=0,pec=0,epc=0]@2024-05-02T02:33:21.916+01:00
02:33:21.916 [qtp961160488-15] DEBUG org.eclipse.jetty.util.thread.ReservedThreadExecutor - ReservedThreadExecutor@383bfa16{reserved=0/8,pending=1} startReservedThread p=1
02:33:21.916 [qtp961160488-15] DEBUG org.eclipse.jetty.util.thread.QueuedThreadPool - queue ReservedThread@30419160{PENDING,thread=null} startThread=0
02:33:21.916 [qtp961160488-20] DEBUG org.eclipse.jetty.util.thread.ReservedThreadExecutor - ReservedThread@a79b317{RESERVED,thread=Thread[qtp961160488-20,5,main]} task=EatWhatYouKill@25fb8912/SelectorProducer@d5b810e/IDLE/p=true/QueuedThreadPool[qtp961160488]@394a2528{STARTED,8<=8<=200,i=0,r=-1,q=0}[ReservedThreadExecutor@383bfa16{reserved=0/8,pending=1}][pc=0,pic=0,pec=0,epc=0]@2024-05-02T02:33:21.916+01:00 ReservedThreadExecutor@383bfa16{reserved=0/8,pending=1}
02:33:21.917 [qtp961160488-15] DEBUG org.eclipse.jetty.util.thread.strategy.EatWhatYouKill - EatWhatYouKill@25fb8912/SelectorProducer@d5b810e/IDLE/p=true/QueuedThreadPool[qtp961160488]@394a2528{STARTED,8<=8<=200,i=0,r=-1,q=0}[ReservedThreadExecutor@383bfa16{reserved=0/8,pending=1}][pc=0,pic=0,pec=0,epc=0]@2024-05-02T02:33:21.916+01:00 m=EXECUTE_PRODUCE_CONSUME t=CEP:SocketChannelEndPoint@61ab2da0{l=/127.0.0.1:44045,r=/127.0.0.1:47386,OPEN,fill=FI,flush=-,to=2/3000}{io=1/0,kio=1,kro=1}->HttpConnection@2dffc350[p=HttpParser{s=START,0 of -1},g=HttpGenerator@3e158aea{s=START}]=>HttpChannelOverHttp@7b6a0ab2{s=HttpChannelState@51f2ed37{s=IDLE rs=BLOCKING os=OPEN is=IDLE awp=false se=false i=true al=0},r=0,c=false/false,a=IDLE,uri=null,age=0}:runFillable:BLOCKING/BLOCKING
02:33:21.917 [qtp961160488-20] DEBUG org.eclipse.jetty.util.thread.strategy.EatWhatYouKill - EatWhatYouKill@25fb8912/SelectorProducer@d5b810e/IDLE/p=true/QueuedThreadPool[qtp961160488]@394a2528{STARTED,8<=8<=200,i=0,r=-1,q=0}[ReservedThreadExecutor@383bfa16{reserved=0/8,pending=1}][pc=0,pic=0,pec=0,epc=0]@2024-05-02T02:33:21.917+01:00 tryProduce true
02:33:21.917 [qtp961160488-20] DEBUG org.eclipse.jetty.io.ManagedSelector - updateable 0
02:33:21.917 [qtp961160488-20] DEBUG org.eclipse.jetty.io.ManagedSelector - updates 0
02:33:21.917 [qtp961160488-15] DEBUG org.eclipse.jetty.io.FillInterest - fillable FillInterest@7848534a{AC.ReadCB@2dffc350{HttpConnection@2dffc350::SocketChannelEndPoint@61ab2da0{l=/127.0.0.1:44045,r=/127.0.0.1:47386,OPEN,fill=FI,flush=-,to=2/3000}{io=1/0,kio=1,kro=1}->HttpConnection@2dffc350[p=HttpParser{s=START,0 of -1},g=HttpGenerator@3e158aea{s=START}]=>HttpChannelOverHttp@7b6a0ab2{s=HttpChannelState@51f2ed37{s=IDLE rs=BLOCKING os=OPEN is=IDLE awp=false se=false i=true al=0},r=0,c=false/false,a=IDLE,uri=null,age=0}}}
02:33:21.917 [qtp961160488-20] DEBUG org.eclipse.jetty.io.ChannelEndPoint - Key interests updated 1 -> 0 on SocketChannelEndPoint@61ab2da0{l=/127.0.0.1:44045,r=/127.0.0.1:47386,OPEN,fill=FI,flush=-,to=2/3000}{io=0/0,kio=0,kro=1}->HttpConnection@2dffc350[p=HttpParser{s=START,0 of -1},g=HttpGenerator@3e158aea{s=START}]=>HttpChannelOverHttp@7b6a0ab2{s=HttpChannelState@51f2ed37{s=IDLE rs=BLOCKING os=OPEN is=IDLE awp=false se=false i=true al=0},r=0,c=false/false,a=IDLE,uri=null,age=0}
02:33:21.917 [qtp961160488-20] DEBUG org.eclipse.jetty.io.ManagedSelector - Selector sun.nio.ch.EPollSelectorImpl@733114a8 waiting with 1 keys
02:33:21.917 [qtp961160488-15] DEBUG org.eclipse.jetty.server.HttpConnection - HttpConnection@2dffc350::SocketChannelEndPoint@61ab2da0{l=/127.0.0.1:44045,r=/127.0.0.1:47386,OPEN,fill=-,flush=-,to=2/3000}{io=0/0,kio=0,kro=1}->HttpConnection@2dffc350[p=HttpParser{s=START,0 of -1},g=HttpGenerator@3e158aea{s=START}]=>HttpChannelOverHttp@7b6a0ab2{s=HttpChannelState@51f2ed37{s=IDLE rs=BLOCKING os=OPEN is=IDLE awp=false se=false i=true al=0},r=0,c=false/false,a=IDLE,uri=null,age=0} onFillable enter HttpChannelState@51f2ed37{s=IDLE rs=BLOCKING os=OPEN is=IDLE awp=false se=false i=true al=0} null
02:33:21.917 [qtp961160488-15] DEBUG org.eclipse.jetty.io.ChannelEndPoint - filled 142 HeapByteBuffer@3276fc12[p=0,l=142,c=8192,r=142]={<<<GET /config.yml HTTP/1.1\r...gent: okhttp/3.12.3\r\n\r\n>>>(9.4.44.v...\x00\x00\x00\x00\x00\x00\x00}
02:33:21.917 [qtp961160488-15] DEBUG org.eclipse.jetty.server.HttpConnection - HttpConnection@2dffc350::SocketChannelEndPoint@61ab2da0{l=/127.0.0.1:44045,r=/127.0.0.1:47386,OPEN,fill=-,flush=-,to=0/3000}{io=0/0,kio=0,kro=1}->HttpConnection@2dffc350[p=HttpParser{s=START,0 of -1},g=HttpGenerator@3e158aea{s=START}]=>HttpChannelOverHttp@7b6a0ab2{s=HttpChannelState@51f2ed37{s=IDLE rs=BLOCKING os=OPEN is=IDLE awp=false se=false i=true al=0},r=0,c=false/false,a=IDLE,uri=null,age=0} filled 142 HeapByteBuffer@3276fc12[p=0,l=142,c=8192,r=142]={<<<GET /config.yml HTTP/1.1\r...gent: okhttp/3.12.3\r\n\r\n>>>(9.4.44.v...\x00\x00\x00\x00\x00\x00\x00}
02:33:21.918 [qtp961160488-15] DEBUG org.eclipse.jetty.server.HttpConnection - HttpConnection@2dffc350::SocketChannelEndPoint@61ab2da0{l=/127.0.0.1:44045,r=/127.0.0.1:47386,OPEN,fill=-,flush=-,to=0/3000}{io=0/0,kio=0,kro=1}->HttpConnection@2dffc350[p=HttpParser{s=START,0 of -1},g=HttpGenerator@3e158aea{s=START}]=>HttpChannelOverHttp@7b6a0ab2{s=HttpChannelState@51f2ed37{s=IDLE rs=BLOCKING os=OPEN is=IDLE awp=false se=false i=true al=0},r=0,c=false/false,a=IDLE,uri=null,age=0} parse HeapByteBuffer@3276fc12[p=0,l=142,c=8192,r=142]={<<<GET /config.yml HTTP/1.1\r...gent: okhttp/3.12.3\r\n\r\n>>>(9.4.44.v...\x00\x00\x00\x00\x00\x00\x00} {}
02:33:21.918 [qtp961160488-15] DEBUG org.eclipse.jetty.http.HttpParser - parseNext s=START HeapByteBuffer@3276fc12[p=0,l=142,c=8192,r=142]={<<<GET /config.yml HTTP/1.1\r...gent: okhttp/3.12.3\r\n\r\n>>>(9.4.44.v...\x00\x00\x00\x00\x00\x00\x00}
02:33:21.918 [qtp961160488-15] DEBUG org.eclipse.jetty.http.HttpParser - START --> SPACE1
02:33:21.918 [qtp961160488-15] DEBUG org.eclipse.jetty.http.HttpParser - SPACE1 --> URI
02:33:21.918 [qtp961160488-15] DEBUG org.eclipse.jetty.http.HttpParser - URI --> SPACE2
02:33:21.918 [qtp961160488-15] DEBUG org.eclipse.jetty.http.HttpParser - SPACE2 --> REQUEST_VERSION
02:33:21.918 [qtp961160488-15] DEBUG org.eclipse.jetty.http.HttpParser - REQUEST_VERSION --> HEADER
02:33:21.918 [qtp961160488-15] DEBUG org.eclipse.jetty.http.HttpParser - HEADER:If-None-Match --> VALUE
02:33:21.918 [qtp961160488-15] DEBUG org.eclipse.jetty.http.HttpParser - HEADER:If-None-Match --> FIELD
02:33:21.918 [qtp961160488-15] DEBUG org.eclipse.jetty.http.HttpParser - HEADER:Host --> VALUE
02:33:21.918 [qtp961160488-15] DEBUG org.eclipse.jetty.http.HttpParser - HEADER:Host --> IN_VALUE
02:33:21.918 [qtp961160488-15] DEBUG org.eclipse.jetty.http.HttpParser - HEADER:Host --> FIELD
02:33:21.918 [qtp961160488-15] DEBUG org.eclipse.jetty.http.HttpParser - HEADER:Connection: keep-alive --> IN_VALUE
02:33:21.918 [qtp961160488-15] DEBUG org.eclipse.jetty.http.HttpParser - HEADER:Connection: keep-alive --> FIELD
02:33:21.918 [qtp961160488-15] DEBUG org.eclipse.jetty.http.HttpParser - HEADER:Accept-Encoding: gzip --> IN_VALUE
02:33:21.918 [qtp961160488-15] DEBUG org.eclipse.jetty.http.HttpParser - HEADER:Accept-Encoding: gzip --> FIELD
02:33:21.918 [qtp961160488-15] DEBUG org.eclipse.jetty.http.HttpParser - HEADER:User-Agent --> VALUE
02:33:21.918 [qtp961160488-18] DEBUG org.eclipse.jetty.util.thread.QueuedThreadPool - run ReservedThread@30419160{PENDING,thread=null} in QueuedThreadPool[qtp961160488]@394a2528{STARTED,8<=8<=200,i=0,r=-1,q=0}[ReservedThreadExecutor@383bfa16{reserved=0/8,pending=1}]
02:33:21.918 [qtp961160488-17] DEBUG org.eclipse.jetty.io.ManagedSelector - Created SocketChannelEndPoint@61ab2da0{l=/127.0.0.1:44045,r=/127.0.0.1:47386,OPEN,fill=FI,flush=-,to=2/3000}{io=1/0,kio=1,kro=1}->HttpConnection@2dffc350[p=HttpParser{s=START,0 of -1},g=HttpGenerator@3e158aea{s=START}]=>HttpChannelOverHttp@7b6a0ab2{s=HttpChannelState@51f2ed37{s=IDLE rs=BLOCKING os=OPEN is=IDLE awp=false se=false i=true al=0},r=0,c=false/false,a=IDLE,uri=null,age=0}
02:33:21.918 [qtp961160488-18] DEBUG org.eclipse.jetty.util.thread.ReservedThreadExecutor - ReservedThread@30419160{PENDING,thread=Thread[qtp961160488-18,5,main]} was=PENDING next=RESERVED size=0+1 capacity=8
02:33:21.918 [qtp961160488-18] DEBUG org.eclipse.jetty.util.thread.ReservedThreadExecutor - ReservedThread@30419160{RESERVED,thread=Thread[qtp961160488-18,5,main]} waiting ReservedThreadExecutor@383bfa16{reserved=1/8,pending=0}
02:33:21.918 [qtp961160488-17] DEBUG org.eclipse.jetty.util.thread.QueuedThreadPool - ran Accept@4fb0fe95[java.nio.channels.SocketChannel[connected local=/127.0.0.1:44045 remote=/127.0.0.1:47386]] in QueuedThreadPool[qtp961160488]@394a2528{STARTED,8<=8<=200,i=0,r=-1,q=0}[ReservedThreadExecutor@383bfa16{reserved=1/8,pending=0}]
02:33:21.918 [qtp961160488-15] DEBUG org.eclipse.jetty.http.HttpParser - HEADER:User-Agent --> IN_VALUE
02:33:21.918 [qtp961160488-15] DEBUG org.eclipse.jetty.http.HttpParser - HEADER:User-Agent --> FIELD
02:33:21.918 [qtp961160488-15] DEBUG org.eclipse.jetty.http.HttpParser - HEADER --> CONTENT
02:33:21.918 [qtp961160488-15] DEBUG org.eclipse.jetty.server.HttpChannel - REQUEST for //localhost:44045/config.yml on HttpChannelOverHttp@7b6a0ab2{s=HttpChannelState@51f2ed37{s=IDLE rs=BLOCKING os=OPEN is=IDLE awp=false se=false i=true al=0},r=1,c=false/false,a=IDLE,uri=//localhost:44045/config.yml,age=0}
GET //localhost:44045/config.yml HTTP/1.1
If-None-Match: 
Host: localhost:44045
Connection: keep-alive
Accept-Encoding: gzip
User-Agent: okhttp/3.12.3


02:33:21.919 [qtp961160488-15] DEBUG org.eclipse.jetty.server.HttpConnection - HttpConnection@2dffc350::SocketChannelEndPoint@61ab2da0{l=/127.0.0.1:44045,r=/127.0.0.1:47386,OPEN,fill=-,flush=-,to=1/3000}{io=0/0,kio=0,kro=1}->HttpConnection@2dffc350[p=HttpParser{s=CONTENT,0 of -1},g=HttpGenerator@3e158aea{s=START}]=>HttpChannelOverHttp@7b6a0ab2{s=HttpChannelState@51f2ed37{s=IDLE rs=BLOCKING os=OPEN is=IDLE awp=false se=false i=true al=0},r=1,c=false/false,a=IDLE,uri=//localhost:44045/config.yml,age=0} parsed true HttpParser{s=CONTENT,0 of -1}
02:33:21.919 [qtp961160488-15] DEBUG org.eclipse.jetty.server.HttpConnection - releaseRequestBuffer HttpConnection@2dffc350::SocketChannelEndPoint@61ab2da0{l=/127.0.0.1:44045,r=/127.0.0.1:47386,OPEN,fill=-,flush=-,to=1/3000}{io=0/0,kio=0,kro=1}->HttpConnection@2dffc350[p=HttpParser{s=CONTENT,0 of -1},g=HttpGenerator@3e158aea{s=START}]=>HttpChannelOverHttp@7b6a0ab2{s=HttpChannelState@51f2ed37{s=IDLE rs=BLOCKING os=OPEN is=IDLE awp=false se=false i=true al=0},r=1,c=false/false,a=IDLE,uri=//localhost:44045/config.yml,age=1}
02:33:21.919 [qtp961160488-15] DEBUG org.eclipse.jetty.server.HttpChannel - handle //localhost:44045/config.yml HttpChannelOverHttp@7b6a0ab2{s=HttpChannelState@51f2ed37{s=IDLE rs=BLOCKING os=OPEN is=IDLE awp=false se=false i=true al=0},r=1,c=false/false,a=IDLE,uri=//localhost:44045/config.yml,age=1} 
02:33:21.919 [qtp961160488-15] DEBUG org.eclipse.jetty.server.HttpChannelState - handling HttpChannelState@51f2ed37{s=IDLE rs=BLOCKING os=OPEN is=IDLE awp=false se=false i=true al=0}
02:33:21.919 [qtp961160488-15] DEBUG org.eclipse.jetty.server.HttpChannel - action DISPATCH HttpChannelOverHttp@7b6a0ab2{s=HttpChannelState@51f2ed37{s=HANDLING rs=BLOCKING os=OPEN is=IDLE awp=false se=false i=true al=0},r=1,c=false/false,a=HANDLING,uri=//localhost:44045/config.yml,age=1}
02:33:21.919 [qtp961160488-15] DEBUG org.eclipse.jetty.server.Server - REQUEST GET /config.yml on HttpChannelOverHttp@7b6a0ab2{s=HttpChannelState@51f2ed37{s=HANDLING rs=BLOCKING os=OPEN is=IDLE awp=false se=false i=true al=0},r=1,c=false/false,a=HANDLING,uri=//localhost:44045/config.yml,age=1}
02:33:21.919 [qtp961160488-15] DEBUG org.eclipse.jetty.server.HttpOutput - write(array HeapByteBuffer@13dac9c3[p=0,l=4,c=512,r=4]={<<<path>>>\x00\x00\x00\x00\x00\x00\x00\x00\x00...\x00\x00\x00\x00\x00\x00\x00})
02:33:21.919 [qtp961160488-15] DEBUG org.eclipse.jetty.server.HttpOutput - write(array) s=CLOSING,api=BLOCKED,sc=false,e=null last=true agg=false flush=true async=false, len=4 null
02:33:21.919 [qtp961160488-15] DEBUG org.eclipse.jetty.server.HttpChannel - sendResponse info=null content=HeapByteBuffer@68351b44[p=0,l=4,c=512,r=4]={<<<path>>>\x00\x00\x00\x00\x00\x00\x00\x00\x00...\x00\x00\x00\x00\x00\x00\x00} complete=true committing=true callback=Blocker@26a3d8f4{null}
02:33:21.919 [qtp961160488-15] DEBUG org.eclipse.jetty.server.HttpChannel - COMMIT for /config.yml on HttpChannelOverHttp@7b6a0ab2{s=HttpChannelState@51f2ed37{s=HANDLING rs=BLOCKING os=COMMITTED is=IDLE awp=false se=false i=true al=0},r=1,c=false/false,a=HANDLING,uri=//localhost:44045/config.yml,age=1}
200 null HTTP/1.1
Date: Thu, 02 May 2024 01:33:21 GMT
ETag: testEtag
Content-Type: text/plain;charset=utf-8
Content-Length: 4


02:33:21.919 [qtp961160488-15] DEBUG org.eclipse.jetty.server.HttpConnection - generate: NEED_HEADER for SendCallback@1ad597d1[PROCESSING][i=HTTP/1.1{s=200,h=4,cl=4},cb=org.eclipse.jetty.server.HttpChannel$SendCallback@5f04d199] (null,[p=0,l=4,c=512,r=4],true)@START
02:33:21.919 [qtp961160488-15] DEBUG org.eclipse.jetty.http.HttpGenerator - generateHeaders HTTP/1.1{s=200,h=4,cl=4} last=true content=HeapByteBuffer@68351b44[p=0,l=4,c=512,r=4]={<<<path>>>\x00\x00\x00\x00\x00\x00\x00\x00\x00...\x00\x00\x00\x00\x00\x00\x00}
02:33:21.919 [qtp961160488-15] DEBUG org.eclipse.jetty.http.HttpGenerator - Date: Thu, 02 May 2024 01:33:21 GMT
ETag: testEtag
Content-Type: text/plain;charset=utf-8
Content-Length: 4


02:33:21.920 [qtp961160488-15] DEBUG org.eclipse.jetty.http.HttpGenerator - CONTENT_LENGTH
02:33:21.920 [qtp961160488-15] DEBUG org.eclipse.jetty.server.HttpConnection - generate: FLUSH for SendCallback@1ad597d1[PROCESSING][i=HTTP/1.1{s=200,h=4,cl=4},cb=org.eclipse.jetty.server.HttpChannel$SendCallback@5f04d199] ([p=0,l=164,c=8192,r=164],[p=0,l=4,c=512,r=4],true)@COMPLETING
02:33:21.920 [qtp961160488-15] DEBUG org.eclipse.jetty.io.WriteFlusher - write: WriteFlusher@1fab0e06{IDLE}->null [HeapByteBuffer@3276fc12[p=0,l=164,c=8192,r=164]={<<<HTTP/1.1 200 OK\r\nDate: Th...y(9.4.44.v20210927)\r\n\r\n>>>\x00\x00\x00\x00\x00\x00\x00\x00\x00...\x00\x00\x00\x00\x00\x00\x00},HeapByteBuffer@68351b44[p=0,l=4,c=512,r=4]={<<<path>>>\x00\x00\x00\x00\x00\x00\x00\x00\x00...\x00\x00\x00\x00\x00\x00\x00}]
02:33:21.920 [qtp961160488-15] DEBUG org.eclipse.jetty.io.WriteFlusher - update WriteFlusher@1fab0e06{WRITING}->null:IDLE-->WRITING
02:33:21.920 [main] DEBUG org.apache.nifi.minifi.bootstrap.configuration.ingestors.PullHttpChangeIngestor - Response received: Response{protocol=http/1.1, code=200, message=OK, url=http://localhost:44045/config.yml}
02:33:21.920 [qtp961160488-15] DEBUG org.eclipse.jetty.io.ChannelEndPoint - flushed 168 SocketChannelEndPoint@61ab2da0{l=/127.0.0.1:44045,r=/127.0.0.1:47386,OPEN,fill=-,flush=W,to=2/3000}{io=0/0,kio=0,kro=1}->HttpConnection@2dffc350[p=HttpParser{s=CONTENT,0 of -1},g=HttpGenerator@3e158aea{s=COMPLETING}]=>HttpChannelOverHttp@7b6a0ab2{s=HttpChannelState@51f2ed37{s=HANDLING rs=BLOCKING os=COMMITTED is=IDLE awp=false se=false i=true al=0},r=1,c=false/false,a=HANDLING,uri=//localhost:44045/config.yml,age=2}
02:33:21.920 [qtp961160488-15] DEBUG org.eclipse.jetty.io.WriteFlusher - Flushed=true written=168 remaining=0 WriteFlusher@1fab0e06{WRITING}->null
02:33:21.920 [qtp961160488-15] DEBUG org.eclipse.jetty.io.WriteFlusher - update WriteFlusher@1fab0e06{IDLE}->null:WRITING-->IDLE
02:33:21.920 [main] DEBUG org.apache.nifi.minifi.bootstrap.configuration.ingestors.PullHttpChangeIngestor - New change received, notifying listener
02:33:21.920 [qtp961160488-15] DEBUG org.eclipse.jetty.server.HttpConnection - generate: DONE for SendCallback@1ad597d1[PROCESSING][i=HTTP/1.1{s=200,h=4,cl=4},cb=org.eclipse.jetty.server.HttpChannel$SendCallback@5f04d199] ([p=164,l=164,c=8192,r=0],[p=4,l=4,c=512,r=0],true)@END
02:33:21.920 [main] DEBUG org.apache.nifi.minifi.bootstrap.configuration.ingestors.PullHttpChangeIngestor - Listeners notified
02:33:21.920 [qtp961160488-15] DEBUG org.eclipse.jetty.server.HttpOutput - onWriteComplete(true,null) s=CLOSING,api=BLOCKED,sc=false,e=null->s=CLOSED,api=BLOCKING,sc=false,e=null c=null cb=null w=false
02:33:21.920 [qtp961160488-15] DEBUG org.eclipse.jetty.server.HttpOutput - close() s=CLOSED,api=BLOCKING,sc=false,e=null c=null b=null
02:33:21.920 [qtp961160488-15] DEBUG org.eclipse.jetty.server.Server - handled=true async=false committed=true on HttpChannelOverHttp@7b6a0ab2{s=HttpChannelState@51f2ed37{s=HANDLING rs=BLOCKING os=COMPLETED is=IDLE awp=false se=false i=true al=0},r=1,c=false/true,a=HANDLING,uri=//localhost:44045/config.yml,age=2}
02:33:21.920 [main] DEBUG org.apache.nifi.minifi.bootstrap.configuration.ingestors.PullHttpChangeIngestor - Attempting to pull new config
02:33:21.920 [qtp961160488-15] DEBUG org.eclipse.jetty.server.HttpChannelState - unhandle HttpChannelState@51f2ed37{s=HANDLING rs=BLOCKING os=COMPLETED is=IDLE awp=false se=false i=true al=0}
02:33:21.920 [qtp961160488-15] DEBUG org.eclipse.jetty.server.HttpChannelState - nextAction(false) COMPLETE HttpChannelState@51f2ed37{s=HANDLING rs=COMPLETING os=COMPLETED is=IDLE awp=false se=false i=false al=0}
02:33:21.920 [qtp961160488-15] DEBUG org.eclipse.jetty.server.HttpChannel - action COMPLETE HttpChannelOverHttp@7b6a0ab2{s=HttpChannelState@51f2ed37{s=HANDLING rs=COMPLETING os=COMPLETED is=IDLE awp=false se=false i=false al=0},r=1,c=false/true,a=HANDLING,uri=//localhost:44045/config.yml,age=2}
02:33:21.921 [qtp961160488-15] DEBUG org.eclipse.jetty.server.HttpOutput - complete(org.eclipse.jetty.util.Callback$3@2777117f) s=CLOSED,api=BLOCKING,sc=false,e=null s=true e=null, c=null
02:33:21.921 [qtp961160488-15] DEBUG org.eclipse.jetty.server.HttpChannelState - completed HttpChannelState@51f2ed37{s=HANDLING rs=COMPLETING os=COMPLETED is=IDLE awp=false se=false i=false al=0}
02:33:21.921 [qtp961160488-15] DEBUG org.eclipse.jetty.server.HttpChannelState - unhandle HttpChannelState@51f2ed37{s=HANDLING rs=COMPLETED os=COMPLETED is=IDLE awp=false se=false i=false al=0}
02:33:21.921 [qtp961160488-15] DEBUG org.eclipse.jetty.server.HttpChannelState - nextAction(false) TERMINATED HttpChannelState@51f2ed37{s=IDLE rs=COMPLETED os=COMPLETED is=IDLE awp=false se=false i=false al=0}
02:33:21.921 [qtp961160488-15] DEBUG org.eclipse.jetty.server.HttpChannel - action TERMINATED HttpChannelOverHttp@7b6a0ab2{s=HttpChannelState@51f2ed37{s=IDLE rs=COMPLETED os=COMPLETED is=IDLE awp=false se=false i=false al=0},r=1,c=true/true,a=IDLE,uri=//localhost:44045/config.yml,age=3}
02:33:21.921 [qtp961160488-15] DEBUG org.eclipse.jetty.server.HttpChannel - onCompleted for /config.yml written=4
02:33:21.921 [qtp961160488-15] DEBUG org.eclipse.jetty.io.ChannelEndPoint - filled 152 HeapByteBuffer@3276fc12[p=0,l=152,c=8192,r=152]={<<<GET /config.yml HTTP/1.1\r...gent: okhttp/3.12.3\r\n\r\n>>>0210927)\r...\x00\x00\x00\x00\x00\x00\x00}
02:33:21.921 [qtp961160488-15] DEBUG org.eclipse.jetty.server.HttpConnection - HttpConnection@2dffc350::SocketChannelEndPoint@61ab2da0{l=/127.0.0.1:44045,r=/127.0.0.1:47386,OPEN,fill=-,flush=-,to=0/3000}{io=0/0,kio=0,kro=1}->HttpConnection@2dffc350[p=HttpParser{s=CONTENT,0 of -1},g=HttpGenerator@3e158aea{s=END}]=>HttpChannelOverHttp@7b6a0ab2{s=HttpChannelState@51f2ed37{s=IDLE rs=COMPLETED os=COMPLETED is=IDLE awp=false se=false i=false al=0},r=1,c=true/true,a=IDLE,uri=//localhost:44045/config.yml,age=3} filled 152 HeapByteBuffer@3276fc12[p=0,l=152,c=8192,r=152]={<<<GET /config.yml HTTP/1.1\r...gent: okhttp/3.12.3\r\n\r\n>>>0210927)\r...\x00\x00\x00\x00\x00\x00\x00}
02:33:21.921 [qtp961160488-15] DEBUG org.eclipse.jetty.server.HttpConnection - HttpConnection@2dffc350::SocketChannelEndPoint@61ab2da0{l=/127.0.0.1:44045,r=/127.0.0.1:47386,OPEN,fill=-,flush=-,to=0/3000}{io=0/0,kio=0,kro=1}->HttpConnection@2dffc350[p=HttpParser{s=CONTENT,0 of -1},g=HttpGenerator@3e158aea{s=END}]=>HttpChannelOverHttp@7b6a0ab2{s=HttpChannelState@51f2ed37{s=IDLE rs=COMPLETED os=COMPLETED is=IDLE awp=false se=false i=false al=0},r=1,c=true/true,a=IDLE,uri=//localhost:44045/config.yml,age=3} parse HeapByteBuffer@3276fc12[p=0,l=152,c=8192,r=152]={<<<GET /config.yml HTTP/1.1\r...gent: okhttp/3.12.3\r\n\r\n>>>0210927)\r...\x00\x00\x00\x00\x00\x00\x00} {}
02:33:21.921 [qtp961160488-15] DEBUG org.eclipse.jetty.http.HttpParser - parseNext s=CONTENT HeapByteBuffer@3276fc12[p=0,l=152,c=8192,r=152]={<<<GET /config.yml HTTP/1.1\r...gent: okhttp/3.12.3\r\n\r\n>>>0210927)\r...\x00\x00\x00\x00\x00\x00\x00}
02:33:21.921 [qtp961160488-15] DEBUG org.eclipse.jetty.http.HttpParser - CONTENT --> CONTENT_END
02:33:21.921 [qtp961160488-15] DEBUG org.eclipse.jetty.server.HttpChannel - onContentComplete HttpChannelOverHttp@7b6a0ab2{s=HttpChannelState@51f2ed37{s=IDLE rs=COMPLETED os=COMPLETED is=IDLE awp=false se=false i=false al=0},r=1,c=true/true,a=IDLE,uri=//localhost:44045/config.yml,age=3}
02:33:21.921 [qtp961160488-15] DEBUG org.eclipse.jetty.http.HttpParser - CONTENT_END --> END
02:33:21.922 [qtp961160488-15] DEBUG org.eclipse.jetty.server.HttpChannel - onRequestComplete HttpChannelOverHttp@7b6a0ab2{s=HttpChannelState@51f2ed37{s=IDLE rs=COMPLETED os=COMPLETED is=IDLE awp=false se=false i=false al=0},r=1,c=true/true,a=IDLE,uri=//localhost:44045/config.yml,age=4}
02:33:21.922 [qtp961160488-15] DEBUG org.eclipse.jetty.server.HttpInput - HttpInputOverHTTP@11aa715f[c=0,q=0,[0]=null,s=STREAM] addContent EOF
02:33:21.922 [qtp961160488-15] DEBUG org.eclipse.jetty.server.HttpConnection - HttpConnection@2dffc350::SocketChannelEndPoint@61ab2da0{l=/127.0.0.1:44045,r=/127.0.0.1:47386,OPEN,fill=-,flush=-,to=0/3000}{io=0/0,kio=0,kro=1}->HttpConnection@2dffc350[p=HttpParser{s=END,0 of -1},g=HttpGenerator@3e158aea{s=END}]=>HttpChannelOverHttp@7b6a0ab2{s=HttpChannelState@51f2ed37{s=IDLE rs=COMPLETED os=COMPLETED is=IDLE awp=false se=false i=false al=0},r=1,c=true/true,a=IDLE,uri=//localhost:44045/config.yml,age=4} parsed false HttpParser{s=END,0 of -1}
02:33:21.922 [qtp961160488-15] DEBUG org.eclipse.jetty.server.HttpChannelState - recycle HttpChannelState@51f2ed37{s=IDLE rs=COMPLETED os=COMPLETED is=IDLE awp=false se=false i=false al=0}
02:33:21.922 [qtp961160488-15] DEBUG org.eclipse.jetty.http.HttpParser - reset HttpParser{s=END,0 of -1}
02:33:21.922 [qtp961160488-15] DEBUG org.eclipse.jetty.http.HttpParser - END --> START
02:33:21.922 [qtp961160488-15] DEBUG org.eclipse.jetty.server.HttpChannel - !handle TERMINATED HttpChannelOverHttp@7b6a0ab2{s=HttpChannelState@51f2ed37{s=IDLE rs=BLOCKING os=OPEN is=IDLE awp=false se=false i=true al=0},r=1,c=false/false,a=IDLE,uri=null,age=0}
02:33:21.922 [qtp961160488-15] DEBUG org.eclipse.jetty.server.HttpConnection - HttpConnection@2dffc350::SocketChannelEndPoint@61ab2da0{l=/127.0.0.1:44045,r=/127.0.0.1:47386,OPEN,fill=-,flush=-,to=1/3000}{io=0/0,kio=0,kro=1}->HttpConnection@2dffc350[p=HttpParser{s=START,0 of -1},g=HttpGenerator@3e158aea{s=START}]=>HttpChannelOverHttp@7b6a0ab2{s=HttpChannelState@51f2ed37{s=IDLE rs=BLOCKING os=OPEN is=IDLE awp=false se=false i=true al=0},r=1,c=false/false,a=IDLE,uri=null,age=0} parse HeapByteBuffer@3276fc12[p=0,l=152,c=8192,r=152]={<<<GET /config.yml HTTP/1.1\r...gent: okhttp/3.12.3\r\n\r\n>>>0210927)\r...\x00\x00\x00\x00\x00\x00\x00} {}
02:33:21.922 [qtp961160488-15] DEBUG org.eclipse.jetty.http.HttpParser - parseNext s=START HeapByteBuffer@3276fc12[p=0,l=152,c=8192,r=152]={<<<GET /config.yml HTTP/1.1\r...gent: okhttp/3.12.3\r\n\r\n>>>0210927)\r...\x00\x00\x00\x00\x00\x00\x00}
02:33:21.922 [qtp961160488-15] DEBUG org.eclipse.jetty.http.HttpParser - START --> SPACE1
02:33:21.922 [qtp961160488-15] DEBUG org.eclipse.jetty.http.HttpParser - SPACE1 --> URI
02:33:21.922 [qtp961160488-15] DEBUG org.eclipse.jetty.http.HttpParser - URI --> SPACE2
02:33:21.922 [qtp961160488-15] DEBUG org.eclipse.jetty.http.HttpParser - SPACE2 --> REQUEST_VERSION
02:33:21.922 [qtp961160488-15] DEBUG org.eclipse.jetty.http.HttpParser - REQUEST_VERSION --> HEADER
02:33:21.922 [qtp961160488-15] DEBUG org.eclipse.jetty.http.HttpParser - HEADER:If-None-Match --> VALUE
02:33:21.922 [qtp961160488-15] DEBUG org.eclipse.jetty.http.HttpParser - HEADER:If-None-Match --> IN_VALUE
02:33:21.922 [qtp961160488-15] DEBUG org.eclipse.jetty.http.HttpParser - HEADER:If-None-Match --> FIELD
02:33:21.922 [qtp961160488-15] DEBUG org.eclipse.jetty.http.HttpParser - HEADER:Host: localhost:44045 --> IN_VALUE
02:33:21.922 [qtp961160488-15] DEBUG org.eclipse.jetty.http.HttpParser - HEADER:Host: localhost:44045 --> FIELD
02:33:21.922 [qtp961160488-15] DEBUG org.eclipse.jetty.http.HttpParser - HEADER:Connection: keep-alive --> IN_VALUE
02:33:21.922 [qtp961160488-15] DEBUG org.eclipse.jetty.http.HttpParser - HEADER:Connection: keep-alive --> FIELD
02:33:21.922 [qtp961160488-15] DEBUG org.eclipse.jetty.http.HttpParser - HEADER:Accept-Encoding: gzip --> IN_VALUE
02:33:21.922 [qtp961160488-15] DEBUG org.eclipse.jetty.http.HttpParser - HEADER:Accept-Encoding: gzip --> FIELD
02:33:21.922 [qtp961160488-15] DEBUG org.eclipse.jetty.http.HttpParser - HEADER:User-Agent: okhttp/3.12.3 --> IN_VALUE
02:33:21.922 [qtp961160488-15] DEBUG org.eclipse.jetty.http.HttpParser - HEADER:User-Agent: okhttp/3.12.3 --> FIELD
02:33:21.923 [qtp961160488-15] DEBUG org.eclipse.jetty.http.HttpParser - HEADER --> CONTENT
02:33:21.923 [qtp961160488-15] DEBUG org.eclipse.jetty.server.HttpChannel - REQUEST for //localhost:44045/config.yml on HttpChannelOverHttp@7b6a0ab2{s=HttpChannelState@51f2ed37{s=IDLE rs=BLOCKING os=OPEN is=IDLE awp=false se=false i=true al=0},r=2,c=false/false,a=IDLE,uri=//localhost:44045/config.yml,age=0}
GET //localhost:44045/config.yml HTTP/1.1
If-None-Match: "testEtag"
Host: localhost:44045
Connection: keep-alive
Accept-Encoding: gzip
User-Agent: okhttp/3.12.3


02:33:21.923 [qtp961160488-15] DEBUG org.eclipse.jetty.server.HttpConnection - HttpConnection@2dffc350::SocketChannelEndPoint@61ab2da0{l=/127.0.0.1:44045,r=/127.0.0.1:47386,OPEN,fill=-,flush=-,to=1/3000}{io=0/0,kio=0,kro=1}->HttpConnection@2dffc350[p=HttpParser{s=CONTENT,0 of -1},g=HttpGenerator@3e158aea{s=START}]=>HttpChannelOverHttp@7b6a0ab2{s=HttpChannelState@51f2ed37{s=IDLE rs=BLOCKING os=OPEN is=IDLE awp=false se=false i=true al=0},r=2,c=false/false,a=IDLE,uri=//localhost:44045/config.yml,age=0} parsed true HttpParser{s=CONTENT,0 of -1}
02:33:21.923 [qtp961160488-15] DEBUG org.eclipse.jetty.server.HttpConnection - releaseRequestBuffer HttpConnection@2dffc350::SocketChannelEndPoint@61ab2da0{l=/127.0.0.1:44045,r=/127.0.0.1:47386,OPEN,fill=-,flush=-,to=2/3000}{io=0/0,kio=0,kro=1}->HttpConnection@2dffc350[p=HttpParser{s=CONTENT,0 of -1},g=HttpGenerator@3e158aea{s=START}]=>HttpChannelOverHttp@7b6a0ab2{s=HttpChannelState@51f2ed37{s=IDLE rs=BLOCKING os=OPEN is=IDLE awp=false se=false i=true al=0},r=2,c=false/false,a=IDLE,uri=//localhost:44045/config.yml,age=0}
02:33:21.923 [qtp961160488-15] DEBUG org.eclipse.jetty.server.HttpChannel - handle //localhost:44045/config.yml HttpChannelOverHttp@7b6a0ab2{s=HttpChannelState@51f2ed37{s=IDLE rs=BLOCKING os=OPEN is=IDLE awp=false se=false i=true al=0},r=2,c=false/false,a=IDLE,uri=//localhost:44045/config.yml,age=0} 
02:33:21.923 [qtp961160488-15] DEBUG org.eclipse.jetty.server.HttpChannelState - handling HttpChannelState@51f2ed37{s=IDLE rs=BLOCKING os=OPEN is=IDLE awp=false se=false i=true al=0}
02:33:21.923 [qtp961160488-15] DEBUG org.eclipse.jetty.server.HttpChannel - action DISPATCH HttpChannelOverHttp@7b6a0ab2{s=HttpChannelState@51f2ed37{s=HANDLING rs=BLOCKING os=OPEN is=IDLE awp=false se=false i=true al=0},r=2,c=false/false,a=HANDLING,uri=//localhost:44045/config.yml,age=0}
02:33:21.923 [qtp961160488-15] DEBUG org.eclipse.jetty.server.Server - REQUEST GET /config.yml on HttpChannelOverHttp@7b6a0ab2{s=HttpChannelState@51f2ed37{s=HANDLING rs=BLOCKING os=OPEN is=IDLE awp=false se=false i=true al=0},r=2,c=false/false,a=HANDLING,uri=//localhost:44045/config.yml,age=0}
02:33:21.923 [qtp961160488-15] DEBUG org.eclipse.jetty.server.Server - handled=true async=false committed=false on HttpChannelOverHttp@7b6a0ab2{s=HttpChannelState@51f2ed37{s=HANDLING rs=BLOCKING os=OPEN is=IDLE awp=false se=false i=true al=0},r=2,c=false/false,a=HANDLING,uri=//localhost:44045/config.yml,age=0}
02:33:21.923 [qtp961160488-15] DEBUG org.eclipse.jetty.server.HttpChannelState - unhandle HttpChannelState@51f2ed37{s=HANDLING rs=BLOCKING os=OPEN is=IDLE awp=false se=false i=true al=0}
02:33:21.923 [qtp961160488-15] DEBUG org.eclipse.jetty.server.HttpChannelState - nextAction(false) COMPLETE HttpChannelState@51f2ed37{s=HANDLING rs=COMPLETING os=OPEN is=IDLE awp=false se=false i=false al=0}
02:33:21.923 [qtp961160488-15] DEBUG org.eclipse.jetty.server.HttpChannel - action COMPLETE HttpChannelOverHttp@7b6a0ab2{s=HttpChannelState@51f2ed37{s=HANDLING rs=COMPLETING os=OPEN is=IDLE awp=false se=false i=false al=0},r=2,c=false/false,a=HANDLING,uri=//localhost:44045/config.yml,age=0}
02:33:21.923 [qtp961160488-15] DEBUG org.eclipse.jetty.io.ChannelEndPoint - filled 0 HeapByteBuffer@3276fc12[p=0,l=0,c=8192,r=0]={<<<>>>GET /conf...\x00\x00\x00\x00\x00\x00\x00}
02:33:21.924 [qtp961160488-15] DEBUG org.eclipse.jetty.io.ChannelEndPoint - filled 0 HeapByteBuffer@3276fc12[p=0,l=0,c=8192,r=0]={<<<>>>GET /conf...\x00\x00\x00\x00\x00\x00\x00}
02:33:21.924 [qtp961160488-15] DEBUG org.eclipse.jetty.server.HttpConnection - HttpConnection@2dffc350::SocketChannelEndPoint@61ab2da0{l=/127.0.0.1:44045,r=/127.0.0.1:47386,OPEN,fill=-,flush=-,to=2/3000}{io=0/0,kio=0,kro=1}->HttpConnection@2dffc350[p=HttpParser{s=CONTENT,0 of -1},g=HttpGenerator@3e158aea{s=START}]=>HttpChannelOverHttp@7b6a0ab2{s=HttpChannelState@51f2ed37{s=HANDLING rs=COMPLETING os=OPEN is=IDLE awp=false se=false i=false al=0},r=2,c=false/false,a=HANDLING,uri=//localhost:44045/config.yml,age=1} filled 0 HeapByteBuffer@3276fc12[p=0,l=0,c=8192,r=0]={<<<>>>GET /conf...\x00\x00\x00\x00\x00\x00\x00}
02:33:21.924 [qtp961160488-15] DEBUG org.eclipse.jetty.server.HttpConnection - HttpConnection@2dffc350::SocketChannelEndPoint@61ab2da0{l=/127.0.0.1:44045,r=/127.0.0.1:47386,OPEN,fill=-,flush=-,to=2/3000}{io=0/0,kio=0,kro=1}->HttpConnection@2dffc350[p=HttpParser{s=CONTENT,0 of -1},g=HttpGenerator@3e158aea{s=START}]=>HttpChannelOverHttp@7b6a0ab2{s=HttpChannelState@51f2ed37{s=HANDLING rs=COMPLETING os=OPEN is=IDLE awp=false se=false i=false al=0},r=2,c=false/false,a=HANDLING,uri=//localhost:44045/config.yml,age=1} parse HeapByteBuffer@3276fc12[p=0,l=0,c=8192,r=0]={<<<>>>GET /conf...\x00\x00\x00\x00\x00\x00\x00} {}
02:33:21.924 [qtp961160488-15] DEBUG org.eclipse.jetty.http.HttpParser - parseNext s=CONTENT HeapByteBuffer@3276fc12[p=0,l=0,c=8192,r=0]={<<<>>>GET /conf...\x00\x00\x00\x00\x00\x00\x00}
02:33:21.924 [qtp961160488-15] DEBUG org.eclipse.jetty.http.HttpParser - CONTENT --> CONTENT_END
02:33:21.924 [qtp961160488-15] DEBUG org.eclipse.jetty.server.HttpChannel - onContentComplete HttpChannelOverHttp@7b6a0ab2{s=HttpChannelState@51f2ed37{s=HANDLING rs=COMPLETING os=OPEN is=IDLE awp=false se=false i=false al=0},r=2,c=false/false,a=HANDLING,uri=//localhost:44045/config.yml,age=1}
02:33:21.924 [qtp961160488-15] DEBUG org.eclipse.jetty.http.HttpParser - CONTENT_END --> END
02:33:21.924 [qtp961160488-15] DEBUG org.eclipse.jetty.server.HttpChannel - onRequestComplete HttpChannelOverHttp@7b6a0ab2{s=HttpChannelState@51f2ed37{s=HANDLING rs=COMPLETING os=OPEN is=IDLE awp=false se=false i=false al=0},r=2,c=false/false,a=HANDLING,uri=//localhost:44045/config.yml,age=1}
02:33:21.931 [qtp961160488-15] DEBUG org.eclipse.jetty.server.HttpInput - HttpInputOverHTTP@11aa715f[c=0,q=0,[0]=null,s=STREAM] addContent EOF
02:33:21.931 [qtp961160488-15] DEBUG org.eclipse.jetty.server.HttpConnection - HttpConnection@2dffc350::SocketChannelEndPoint@61ab2da0{l=/127.0.0.1:44045,r=/127.0.0.1:47386,OPEN,fill=-,flush=-,to=10/3000}{io=0/0,kio=0,kro=1}->HttpConnection@2dffc350[p=HttpParser{s=END,0 of -1},g=HttpGenerator@3e158aea{s=START}]=>HttpChannelOverHttp@7b6a0ab2{s=HttpChannelState@51f2ed37{s=HANDLING rs=COMPLETING os=OPEN is=IDLE awp=false se=false i=false al=0},r=2,c=false/false,a=HANDLING,uri=//localhost:44045/config.yml,age=8} parsed false HttpParser{s=END,0 of -1}
02:33:21.931 [qtp961160488-15] DEBUG org.eclipse.jetty.server.HttpConnection - releaseRequestBuffer HttpConnection@2dffc350::SocketChannelEndPoint@61ab2da0{l=/127.0.0.1:44045,r=/127.0.0.1:47386,OPEN,fill=-,flush=-,to=10/3000}{io=0/0,kio=0,kro=1}->HttpConnection@2dffc350[p=HttpParser{s=END,0 of -1},g=HttpGenerator@3e158aea{s=START}]=>HttpChannelOverHttp@7b6a0ab2{s=HttpChannelState@51f2ed37{s=HANDLING rs=COMPLETING os=OPEN is=IDLE awp=false se=false i=false al=0},r=2,c=false/false,a=HANDLING,uri=//localhost:44045/config.yml,age=8}
02:33:21.931 [qtp961160488-15] DEBUG org.eclipse.jetty.server.HttpOutput - complete(org.eclipse.jetty.util.Callback$3@685be2ea) s=CLOSING,api=BLOCKED,sc=false,e=null s=false e=null, c=HeapByteBuffer@98da274[p=0,l=0,c=0,r=0]={<<<>>>}
02:33:21.931 [qtp961160488-15] DEBUG org.eclipse.jetty.server.HttpChannel - sendResponse info=null content=HeapByteBuffer@98da274[p=0,l=0,c=0,r=0]={<<<>>>} complete=true committing=true callback=org.eclipse.jetty.server.HttpOutput$WriteCompleteCB@2fc70ad9
02:33:21.931 [qtp961160488-15] DEBUG org.eclipse.jetty.server.HttpChannel - COMMIT for /config.yml on HttpChannelOverHttp@7b6a0ab2{s=HttpChannelState@51f2ed37{s=HANDLING rs=COMPLETING os=COMMITTED is=IDLE awp=false se=false i=false al=0},r=2,c=false/false,a=HANDLING,uri=//localhost:44045/config.yml,age=8}
304 null HTTP/1.1
Date: Thu, 02 May 2024 01:33:21 GMT
ETag: testEtag


02:33:21.931 [qtp961160488-15] DEBUG org.eclipse.jetty.server.HttpConnection - generate: NEED_HEADER for SendCallback@1ad597d1[PROCESSING][i=HTTP/1.1{s=304,h=2,cl=-1},cb=org.eclipse.jetty.server.HttpChannel$SendCallback@30241ab7] (null,[p=0,l=0,c=0,r=0],true)@START
02:33:21.931 [qtp961160488-15] DEBUG org.eclipse.jetty.http.HttpGenerator - generateHeaders HTTP/1.1{s=304,h=2,cl=-1} last=true content=HeapByteBuffer@98da274[p=0,l=0,c=0,r=0]={<<<>>>}
02:33:21.931 [qtp961160488-15] DEBUG org.eclipse.jetty.http.HttpGenerator - Date: Thu, 02 May 2024 01:33:21 GMT
ETag: testEtag


02:33:21.931 [qtp961160488-15] DEBUG org.eclipse.jetty.http.HttpGenerator - NO_CONTENT
02:33:21.932 [qtp961160488-15] DEBUG org.eclipse.jetty.server.HttpConnection - generate: FLUSH for SendCallback@1ad597d1[PROCESSING][i=HTTP/1.1{s=304,h=2,cl=-1},cb=org.eclipse.jetty.server.HttpChannel$SendCallback@30241ab7] ([p=0,l=115,c=8192,r=115],[p=0,l=0,c=0,r=0],true)@COMPLETING
02:33:21.932 [qtp961160488-15] DEBUG org.eclipse.jetty.io.WriteFlusher - write: WriteFlusher@1fab0e06{IDLE}->null [HeapByteBuffer@3276fc12[p=0,l=115,c=8192,r=115]={<<<HTTP/1.1 304 Not Modified...y(9.4.44.v20210927)\r\n\r\n>>>: gzip\r\nU...\x00\x00\x00\x00\x00\x00\x00}]
02:33:21.932 [qtp961160488-15] DEBUG org.eclipse.jetty.io.WriteFlusher - update WriteFlusher@1fab0e06{WRITING}->null:IDLE-->WRITING
02:33:21.932 [main] DEBUG org.apache.nifi.minifi.bootstrap.configuration.ingestors.PullHttpChangeIngestor - Response received: Response{protocol=http/1.1, code=304, message=Not Modified, url=http://localhost:44045/config.yml}
]]></system-out>
  </testcase>
  <testcase name="testSecurityOverride" classname="org.apache.nifi.minifi.bootstrap.configuration.ingestors.PullHttpChangeIngestorTest" time="0.194">
    <system-out><![CDATA[02:33:21.933 [qtp961160488-15] DEBUG org.eclipse.jetty.io.ChannelEndPoint - flushed 115 SocketChannelEndPoint@61ab2da0{l=/127.0.0.1:44045,r=/127.0.0.1:47386,OPEN,fill=-,flush=W,to=12/3000}{io=0/0,kio=0,kro=1}->HttpConnection@2dffc350[p=HttpParser{s=END,0 of -1},g=HttpGenerator@3e158aea{s=COMPLETING}]=>HttpChannelOverHttp@7b6a0ab2{s=HttpChannelState@51f2ed37{s=HANDLING rs=COMPLETING os=COMMITTED is=IDLE awp=false se=false i=false al=0},r=2,c=false/false,a=HANDLING,uri=//localhost:44045/config.yml,age=10}
02:33:21.933 [qtp961160488-15] DEBUG org.eclipse.jetty.io.WriteFlusher - Flushed=true written=115 remaining=0 WriteFlusher@1fab0e06{WRITING}->null
02:33:21.933 [qtp961160488-15] DEBUG org.eclipse.jetty.io.WriteFlusher - update WriteFlusher@1fab0e06{IDLE}->null:WRITING-->IDLE
02:33:21.933 [qtp961160488-15] DEBUG org.eclipse.jetty.server.HttpConnection - generate: DONE for SendCallback@1ad597d1[PROCESSING][i=HTTP/1.1{s=304,h=2,cl=-1},cb=org.eclipse.jetty.server.HttpChannel$SendCallback@30241ab7] ([p=115,l=115,c=8192,r=0],[p=0,l=0,c=0,r=0],true)@END
02:33:21.933 [qtp961160488-15] DEBUG org.eclipse.jetty.server.HttpOutput - onWriteComplete(true,null) s=CLOSING,api=BLOCKED,sc=false,e=null->s=CLOSED,api=BLOCKING,sc=false,e=null c=null cb=org.eclipse.jetty.util.Callback$3@685be2ea w=false
02:33:21.933 [qtp961160488-15] DEBUG org.eclipse.jetty.server.HttpChannelState - completed HttpChannelState@51f2ed37{s=HANDLING rs=COMPLETING os=COMPLETED is=IDLE awp=false se=false i=false al=0}
02:33:21.933 [qtp961160488-15] DEBUG org.eclipse.jetty.server.HttpChannelState - unhandle HttpChannelState@51f2ed37{s=HANDLING rs=COMPLETED os=COMPLETED is=IDLE awp=false se=false i=false al=0}
02:33:21.933 [qtp961160488-15] DEBUG org.eclipse.jetty.server.HttpChannelState - nextAction(false) TERMINATED HttpChannelState@51f2ed37{s=IDLE rs=COMPLETED os=COMPLETED is=IDLE awp=false se=false i=false al=0}
02:33:21.933 [main] DEBUG org.apache.nifi.minifi.bootstrap.configuration.ingestors.PullHttpChangeIngestor - Attempting to pull new config
02:33:21.933 [qtp961160488-15] DEBUG org.eclipse.jetty.server.HttpChannel - action TERMINATED HttpChannelOverHttp@7b6a0ab2{s=HttpChannelState@51f2ed37{s=IDLE rs=COMPLETED os=COMPLETED is=IDLE awp=false se=false i=false al=0},r=2,c=true/true,a=IDLE,uri=//localhost:44045/config.yml,age=10}
02:33:21.934 [qtp961160488-15] DEBUG org.eclipse.jetty.server.HttpChannel - onCompleted for /config.yml written=0
02:33:21.934 [qtp961160488-15] DEBUG org.eclipse.jetty.server.HttpChannelState - recycle HttpChannelState@51f2ed37{s=IDLE rs=COMPLETED os=COMPLETED is=IDLE awp=false se=false i=false al=0}
02:33:21.934 [qtp961160488-15] DEBUG org.eclipse.jetty.http.HttpParser - reset HttpParser{s=END,0 of -1}
02:33:21.934 [qtp961160488-15] DEBUG org.eclipse.jetty.http.HttpParser - END --> START
02:33:21.934 [qtp961160488-15] DEBUG org.eclipse.jetty.server.HttpChannel - !handle TERMINATED HttpChannelOverHttp@7b6a0ab2{s=HttpChannelState@51f2ed37{s=IDLE rs=BLOCKING os=OPEN is=IDLE awp=false se=false i=true al=0},r=2,c=false/false,a=IDLE,uri=null,age=0}
02:33:21.934 [qtp961160488-15] DEBUG org.eclipse.jetty.io.ChannelEndPoint - filled 0 HeapByteBuffer@3276fc12[p=0,l=0,c=8192,r=0]={<<<>>>HTTP/1.1 ...\x00\x00\x00\x00\x00\x00\x00}
02:33:21.934 [qtp961160488-15] DEBUG org.eclipse.jetty.io.ChannelEndPoint - filled 0 HeapByteBuffer@3276fc12[p=0,l=0,c=8192,r=0]={<<<>>>HTTP/1.1 ...\x00\x00\x00\x00\x00\x00\x00}
02:33:21.934 [qtp961160488-15] DEBUG org.eclipse.jetty.server.HttpConnection - HttpConnection@2dffc350::SocketChannelEndPoint@61ab2da0{l=/127.0.0.1:44045,r=/127.0.0.1:47386,OPEN,fill=-,flush=-,to=0/3000}{io=0/0,kio=0,kro=1}->HttpConnection@2dffc350[p=HttpParser{s=START,0 of -1},g=HttpGenerator@3e158aea{s=START}]=>HttpChannelOverHttp@7b6a0ab2{s=HttpChannelState@51f2ed37{s=IDLE rs=BLOCKING os=OPEN is=IDLE awp=false se=false i=true al=0},r=2,c=false/false,a=IDLE,uri=null,age=0} filled 0 HeapByteBuffer@3276fc12[p=0,l=0,c=8192,r=0]={<<<>>>HTTP/1.1 ...\x00\x00\x00\x00\x00\x00\x00}
02:33:21.934 [qtp961160488-15] DEBUG org.eclipse.jetty.server.HttpConnection - HttpConnection@2dffc350::SocketChannelEndPoint@61ab2da0{l=/127.0.0.1:44045,r=/127.0.0.1:47386,OPEN,fill=-,flush=-,to=0/3000}{io=0/0,kio=0,kro=1}->HttpConnection@2dffc350[p=HttpParser{s=START,0 of -1},g=HttpGenerator@3e158aea{s=START}]=>HttpChannelOverHttp@7b6a0ab2{s=HttpChannelState@51f2ed37{s=IDLE rs=BLOCKING os=OPEN is=IDLE awp=false se=false i=true al=0},r=2,c=false/false,a=IDLE,uri=null,age=0} parse HeapByteBuffer@3276fc12[p=0,l=0,c=8192,r=0]={<<<>>>HTTP/1.1 ...\x00\x00\x00\x00\x00\x00\x00} {}
02:33:21.934 [qtp961160488-15] DEBUG org.eclipse.jetty.http.HttpParser - parseNext s=START HeapByteBuffer@3276fc12[p=0,l=0,c=8192,r=0]={<<<>>>HTTP/1.1 ...\x00\x00\x00\x00\x00\x00\x00}
02:33:21.934 [qtp961160488-19-acceptor-0@1e1a0406-ServerConnector@446293d{HTTP/1.1, (http/1.1)}{localhost:44045}] DEBUG org.eclipse.jetty.io.ManagedSelector - Queued change lazy=false Accept@1ffcc916[java.nio.channels.SocketChannel[connected local=/127.0.0.1:44045 remote=/127.0.0.1:47402]] on ManagedSelector@4803b726{STARTED} id=1 keys=1 selected=0 updates=0
02:33:21.934 [qtp961160488-19-acceptor-0@1e1a0406-ServerConnector@446293d{HTTP/1.1, (http/1.1)}{localhost:44045}] DEBUG org.eclipse.jetty.io.ManagedSelector - Wakeup on submit ManagedSelector@4803b726{STARTED} id=1 keys=1 selected=0 updates=1
02:33:21.934 [qtp961160488-15] DEBUG org.eclipse.jetty.server.HttpConnection - HttpConnection@2dffc350::SocketChannelEndPoint@61ab2da0{l=/127.0.0.1:44045,r=/127.0.0.1:47386,OPEN,fill=-,flush=-,to=1/3000}{io=0/0,kio=0,kro=1}->HttpConnection@2dffc350[p=HttpParser{s=START,0 of -1},g=HttpGenerator@3e158aea{s=START}]=>HttpChannelOverHttp@7b6a0ab2{s=HttpChannelState@51f2ed37{s=IDLE rs=BLOCKING os=OPEN is=IDLE awp=false se=false i=true al=0},r=2,c=false/false,a=IDLE,uri=null,age=0} parsed false HttpParser{s=START,0 of -1}
02:33:21.934 [qtp961160488-16] DEBUG org.eclipse.jetty.io.ManagedSelector - Selector sun.nio.ch.EPollSelectorImpl@11cfe143 woken with none selected
02:33:21.934 [qtp961160488-16] DEBUG org.eclipse.jetty.io.ManagedSelector - Selector sun.nio.ch.EPollSelectorImpl@11cfe143 woken up from select, 0/0/1 selected
02:33:21.934 [qtp961160488-16] DEBUG org.eclipse.jetty.io.ManagedSelector - Selector sun.nio.ch.EPollSelectorImpl@11cfe143 processing 0 keys, 1 updates
02:33:21.934 [qtp961160488-16] DEBUG org.eclipse.jetty.io.ManagedSelector - updateable 1
02:33:21.934 [qtp961160488-15] DEBUG org.eclipse.jetty.server.HttpConnection - releaseRequestBuffer HttpConnection@2dffc350::SocketChannelEndPoint@61ab2da0{l=/127.0.0.1:44045,r=/127.0.0.1:47386,OPEN,fill=-,flush=-,to=1/3000}{io=0/0,kio=0,kro=1}->HttpConnection@2dffc350[p=HttpParser{s=START,0 of -1},g=HttpGenerator@3e158aea{s=START}]=>HttpChannelOverHttp@7b6a0ab2{s=HttpChannelState@51f2ed37{s=IDLE rs=BLOCKING os=OPEN is=IDLE awp=false se=false i=true al=0},r=2,c=false/false,a=IDLE,uri=null,age=0}
02:33:21.934 [qtp961160488-16] DEBUG org.eclipse.jetty.io.ManagedSelector - update Accept@1ffcc916[java.nio.channels.SocketChannel[connected local=/127.0.0.1:44045 remote=/127.0.0.1:47402]]
02:33:21.935 [qtp961160488-16] DEBUG org.eclipse.jetty.util.thread.QueuedThreadPool - queue Accept@1ffcc916[java.nio.channels.SocketChannel[connected local=/127.0.0.1:44045 remote=/127.0.0.1:47402]] startThread=0
02:33:21.935 [qtp961160488-16] DEBUG org.eclipse.jetty.io.ManagedSelector - updates 0
02:33:21.935 [qtp961160488-17] DEBUG org.eclipse.jetty.util.thread.QueuedThreadPool - run Accept@1ffcc916[java.nio.channels.SocketChannel[connected local=/127.0.0.1:44045 remote=/127.0.0.1:47402]] in QueuedThreadPool[qtp961160488]@394a2528{STARTED,8<=8<=200,i=0,r=-1,q=0}[ReservedThreadExecutor@383bfa16{reserved=1/8,pending=0}]
02:33:21.935 [qtp961160488-16] DEBUG org.eclipse.jetty.io.ManagedSelector - Selector sun.nio.ch.EPollSelectorImpl@11cfe143 waiting with 2 keys
02:33:21.935 [qtp961160488-15] DEBUG org.eclipse.jetty.io.AbstractConnection - fillInterested HttpConnection@2dffc350::SocketChannelEndPoint@61ab2da0{l=/127.0.0.1:44045,r=/127.0.0.1:47386,OPEN,fill=-,flush=-,to=1/3000}{io=0/0,kio=0,kro=1}->HttpConnection@2dffc350[p=HttpParser{s=START,0 of -1},g=HttpGenerator@3e158aea{s=START}]=>HttpChannelOverHttp@7b6a0ab2{s=HttpChannelState@51f2ed37{s=IDLE rs=BLOCKING os=OPEN is=IDLE awp=false se=false i=true al=0},r=2,c=false/false,a=IDLE,uri=null,age=0}
02:33:21.935 [qtp961160488-17] DEBUG org.eclipse.jetty.io.IdleTimeout - SocketChannelEndPoint@37883860{l=/127.0.0.1:44045,r=/127.0.0.1:47402,OPEN,fill=-,flush=-,to=0/3000}{io=0/0,kio=0,kro=0}-><null> idle timeout check, elapsed: 0 ms, remaining: 3000 ms
02:33:21.935 [qtp961160488-15] DEBUG org.eclipse.jetty.io.FillInterest - interested FillInterest@7848534a{AC.ReadCB@2dffc350{HttpConnection@2dffc350::SocketChannelEndPoint@61ab2da0{l=/127.0.0.1:44045,r=/127.0.0.1:47386,OPEN,fill=FI,flush=-,to=0/3000}{io=0/0,kio=0,kro=1}->HttpConnection@2dffc350[p=HttpParser{s=START,0 of -1},g=HttpGenerator@3e158aea{s=START}]=>HttpChannelOverHttp@7b6a0ab2{s=HttpChannelState@51f2ed37{s=IDLE rs=BLOCKING os=OPEN is=IDLE awp=false se=false i=true al=0},r=2,c=false/false,a=IDLE,uri=null,age=0}}}
02:33:21.935 [qtp961160488-15] DEBUG org.eclipse.jetty.io.ChannelEndPoint - changeInterests p=false 0->1 for SocketChannelEndPoint@61ab2da0{l=/127.0.0.1:44045,r=/127.0.0.1:47386,OPEN,fill=FI,flush=-,to=0/3000}{io=0/1,kio=0,kro=1}->HttpConnection@2dffc350[p=HttpParser{s=START,0 of -1},g=HttpGenerator@3e158aea{s=START}]=>HttpChannelOverHttp@7b6a0ab2{s=HttpChannelState@51f2ed37{s=IDLE rs=BLOCKING os=OPEN is=IDLE awp=false se=false i=true al=0},r=2,c=false/false,a=IDLE,uri=null,age=0}
02:33:21.935 [qtp961160488-17] DEBUG org.eclipse.jetty.server.HttpChannel - new HttpChannelOverHttp@25d8b6a1{s=HttpChannelState@1f307353{s=IDLE rs=BLOCKING os=OPEN is=IDLE awp=false se=false i=true al=0},r=0,c=false/false,a=IDLE,uri=null,age=0} -> SocketChannelEndPoint@37883860{l=/127.0.0.1:44045,r=/127.0.0.1:47402,OPEN,fill=-,flush=-,to=0/3000}{io=0/0,kio=0,kro=0}-><null>,null,HttpChannelState@1f307353{s=IDLE rs=BLOCKING os=OPEN is=IDLE awp=false se=false i=true al=0}
02:33:21.935 [qtp961160488-15] DEBUG org.eclipse.jetty.io.ManagedSelector - Queued change lazy=false org.eclipse.jetty.io.ChannelEndPoint$$Lambda$255/1238156519@2bfefa50 on ManagedSelector@194bcebf{STARTED} id=0 keys=1 selected=0 updates=0
02:33:21.935 [qtp961160488-15] DEBUG org.eclipse.jetty.io.ManagedSelector - Wakeup on submit ManagedSelector@194bcebf{STARTED} id=0 keys=1 selected=0 updates=1
02:33:21.935 [qtp961160488-17] DEBUG org.eclipse.jetty.server.HttpConnection - New HTTP Connection HttpConnection@43c0369f::SocketChannelEndPoint@37883860{l=/127.0.0.1:44045,r=/127.0.0.1:47402,OPEN,fill=-,flush=-,to=0/3000}{io=0/0,kio=0,kro=0}-><null>
02:33:21.935 [qtp961160488-17] DEBUG org.eclipse.jetty.io.ManagedSelector - Queued change lazy=true org.eclipse.jetty.io.ManagedSelector$$Lambda$258/1710399120@357d4dbf on ManagedSelector@4803b726{STARTED} id=1 keys=2 selected=0 updates=0
02:33:21.935 [qtp961160488-20] DEBUG org.eclipse.jetty.io.ManagedSelector - Selector sun.nio.ch.EPollSelectorImpl@733114a8 woken with none selected
02:33:21.935 [qtp961160488-20] DEBUG org.eclipse.jetty.io.ManagedSelector - Selector sun.nio.ch.EPollSelectorImpl@733114a8 woken up from select, 0/0/1 selected
02:33:21.935 [qtp961160488-20] DEBUG org.eclipse.jetty.io.ManagedSelector - Selector sun.nio.ch.EPollSelectorImpl@733114a8 processing 0 keys, 1 updates
02:33:21.935 [qtp961160488-17] DEBUG org.eclipse.jetty.io.AbstractEndPoint - onOpen SocketChannelEndPoint@37883860{l=/127.0.0.1:44045,r=/127.0.0.1:47402,OPEN,fill=-,flush=-,to=0/3000}{io=0/0,kio=0,kro=0}->HttpConnection@43c0369f[p=HttpParser{s=START,0 of -1},g=HttpGenerator@5570880f{s=START}]=>HttpChannelOverHttp@25d8b6a1{s=HttpChannelState@1f307353{s=IDLE rs=BLOCKING os=OPEN is=IDLE awp=false se=false i=true al=0},r=0,c=false/false,a=IDLE,uri=null,age=0}
02:33:21.935 [qtp961160488-17] DEBUG org.eclipse.jetty.io.AbstractConnection - onOpen HttpConnection@43c0369f::SocketChannelEndPoint@37883860{l=/127.0.0.1:44045,r=/127.0.0.1:47402,OPEN,fill=-,flush=-,to=0/3000}{io=0/0,kio=0,kro=0}->HttpConnection@43c0369f[p=HttpParser{s=START,0 of -1},g=HttpGenerator@5570880f{s=START}]=>HttpChannelOverHttp@25d8b6a1{s=HttpChannelState@1f307353{s=IDLE rs=BLOCKING os=OPEN is=IDLE awp=false se=false i=true al=0},r=0,c=false/false,a=IDLE,uri=null,age=0}
02:33:21.935 [qtp961160488-15] DEBUG org.eclipse.jetty.server.HttpConnection - HttpConnection@2dffc350::SocketChannelEndPoint@61ab2da0{l=/127.0.0.1:44045,r=/127.0.0.1:47386,OPEN,fill=FI,flush=-,to=0/3000}{io=0/1,kio=0,kro=1}->HttpConnection@2dffc350[p=HttpParser{s=START,0 of -1},g=HttpGenerator@3e158aea{s=START}]=>HttpChannelOverHttp@7b6a0ab2{s=HttpChannelState@51f2ed37{s=IDLE rs=BLOCKING os=OPEN is=IDLE awp=false se=false i=true al=0},r=2,c=false/false,a=IDLE,uri=null,age=0} onFillable exit HttpChannelState@51f2ed37{s=IDLE rs=BLOCKING os=OPEN is=IDLE awp=false se=false i=true al=0} null
02:33:21.936 [qtp961160488-15] DEBUG org.eclipse.jetty.util.thread.QueuedThreadPool - ran org.eclipse.jetty.io.ManagedSelector$$Lambda$253/838473569@957e06 in QueuedThreadPool[qtp961160488]@394a2528{STARTED,8<=8<=200,i=0,r=-1,q=0}[ReservedThreadExecutor@383bfa16{reserved=1/8,pending=0}]
02:33:21.935 [qtp961160488-20] DEBUG org.eclipse.jetty.io.ManagedSelector - updateable 1
02:33:21.936 [qtp961160488-20] DEBUG org.eclipse.jetty.io.ManagedSelector - update org.eclipse.jetty.io.ChannelEndPoint$$Lambda$255/1238156519@2bfefa50
02:33:21.936 [qtp961160488-20] DEBUG org.eclipse.jetty.io.ChannelEndPoint - Key interests updated 0 -> 1 on SocketChannelEndPoint@61ab2da0{l=/127.0.0.1:44045,r=/127.0.0.1:47386,OPEN,fill=FI,flush=-,to=0/3000}{io=1/1,kio=1,kro=1}->HttpConnection@2dffc350[p=HttpParser{s=START,0 of -1},g=HttpGenerator@3e158aea{s=START}]=>HttpChannelOverHttp@7b6a0ab2{s=HttpChannelState@51f2ed37{s=IDLE rs=BLOCKING os=OPEN is=IDLE awp=false se=false i=true al=0},r=2,c=false/false,a=IDLE,uri=null,age=0}
02:33:21.936 [qtp961160488-20] DEBUG org.eclipse.jetty.io.ManagedSelector - updates 0
02:33:21.936 [qtp961160488-20] DEBUG org.eclipse.jetty.io.ManagedSelector - Selector sun.nio.ch.EPollSelectorImpl@733114a8 waiting with 1 keys
02:33:21.936 [qtp961160488-17] DEBUG org.eclipse.jetty.io.AbstractConnection - fillInterested HttpConnection@43c0369f::SocketChannelEndPoint@37883860{l=/127.0.0.1:44045,r=/127.0.0.1:47402,OPEN,fill=-,flush=-,to=0/3000}{io=0/0,kio=0,kro=0}->HttpConnection@43c0369f[p=HttpParser{s=START,0 of -1},g=HttpGenerator@5570880f{s=START}]=>HttpChannelOverHttp@25d8b6a1{s=HttpChannelState@1f307353{s=IDLE rs=BLOCKING os=OPEN is=IDLE awp=false se=false i=true al=0},r=0,c=false/false,a=IDLE,uri=null,age=0}
02:33:21.936 [qtp961160488-17] DEBUG org.eclipse.jetty.io.FillInterest - interested FillInterest@49c6d319{AC.ReadCB@43c0369f{HttpConnection@43c0369f::SocketChannelEndPoint@37883860{l=/127.0.0.1:44045,r=/127.0.0.1:47402,OPEN,fill=FI,flush=-,to=0/3000}{io=0/0,kio=0,kro=0}->HttpConnection@43c0369f[p=HttpParser{s=START,0 of -1},g=HttpGenerator@5570880f{s=START}]=>HttpChannelOverHttp@25d8b6a1{s=HttpChannelState@1f307353{s=IDLE rs=BLOCKING os=OPEN is=IDLE awp=false se=false i=true al=0},r=0,c=false/false,a=IDLE,uri=null,age=0}}}
02:33:21.936 [qtp961160488-17] DEBUG org.eclipse.jetty.io.ChannelEndPoint - changeInterests p=false 0->1 for SocketChannelEndPoint@37883860{l=/127.0.0.1:44045,r=/127.0.0.1:47402,OPEN,fill=FI,flush=-,to=0/3000}{io=0/1,kio=0,kro=0}->HttpConnection@43c0369f[p=HttpParser{s=START,0 of -1},g=HttpGenerator@5570880f{s=START}]=>HttpChannelOverHttp@25d8b6a1{s=HttpChannelState@1f307353{s=IDLE rs=BLOCKING os=OPEN is=IDLE awp=false se=false i=true al=0},r=0,c=false/false,a=IDLE,uri=null,age=0}
02:33:21.936 [qtp961160488-17] DEBUG org.eclipse.jetty.io.ManagedSelector - Queued change lazy=false org.eclipse.jetty.io.ChannelEndPoint$$Lambda$255/1238156519@bf07070 on ManagedSelector@4803b726{STARTED} id=1 keys=2 selected=0 updates=1
02:33:21.936 [qtp961160488-17] DEBUG org.eclipse.jetty.io.ManagedSelector - Wakeup on submit ManagedSelector@4803b726{STARTED} id=1 keys=2 selected=0 updates=2
02:33:21.936 [qtp961160488-16] DEBUG org.eclipse.jetty.io.ManagedSelector - Selector sun.nio.ch.EPollSelectorImpl@11cfe143 woken with none selected
02:33:21.936 [qtp961160488-16] DEBUG org.eclipse.jetty.io.ManagedSelector - Selector sun.nio.ch.EPollSelectorImpl@11cfe143 woken up from select, 0/0/2 selected
02:33:21.936 [qtp961160488-16] DEBUG org.eclipse.jetty.io.ManagedSelector - Selector sun.nio.ch.EPollSelectorImpl@11cfe143 processing 0 keys, 2 updates
02:33:21.936 [qtp961160488-16] DEBUG org.eclipse.jetty.io.ManagedSelector - updateable 2
02:33:21.936 [qtp961160488-16] DEBUG org.eclipse.jetty.io.ManagedSelector - update org.eclipse.jetty.io.ManagedSelector$$Lambda$258/1710399120@357d4dbf
02:33:21.936 [qtp961160488-17] DEBUG org.eclipse.jetty.io.ManagedSelector - Created SocketChannelEndPoint@37883860{l=/127.0.0.1:44045,r=/127.0.0.1:47402,OPEN,fill=FI,flush=-,to=0/3000}{io=0/1,kio=0,kro=0}->HttpConnection@43c0369f[p=HttpParser{s=START,0 of -1},g=HttpGenerator@5570880f{s=START}]=>HttpChannelOverHttp@25d8b6a1{s=HttpChannelState@1f307353{s=IDLE rs=BLOCKING os=OPEN is=IDLE awp=false se=false i=true al=0},r=0,c=false/false,a=IDLE,uri=null,age=0}
02:33:21.936 [qtp961160488-16] DEBUG org.eclipse.jetty.io.ManagedSelector - update org.eclipse.jetty.io.ChannelEndPoint$$Lambda$255/1238156519@bf07070
02:33:21.936 [qtp961160488-17] DEBUG org.eclipse.jetty.util.thread.QueuedThreadPool - ran Accept@1ffcc916[java.nio.channels.SocketChannel[connected local=/127.0.0.1:44045 remote=/127.0.0.1:47402]] in QueuedThreadPool[qtp961160488]@394a2528{STARTED,8<=8<=200,i=1,r=-1,q=0}[ReservedThreadExecutor@383bfa16{reserved=1/8,pending=0}]
02:33:21.936 [qtp961160488-16] DEBUG org.eclipse.jetty.io.ChannelEndPoint - Key interests updated 0 -> 1 on SocketChannelEndPoint@37883860{l=/127.0.0.1:44045,r=/127.0.0.1:47402,OPEN,fill=FI,flush=-,to=0/3000}{io=1/1,kio=1,kro=0}->HttpConnection@43c0369f[p=HttpParser{s=START,0 of -1},g=HttpGenerator@5570880f{s=START}]=>HttpChannelOverHttp@25d8b6a1{s=HttpChannelState@1f307353{s=IDLE rs=BLOCKING os=OPEN is=IDLE awp=false se=false i=true al=0},r=0,c=false/false,a=IDLE,uri=null,age=0}
02:33:21.936 [qtp961160488-16] DEBUG org.eclipse.jetty.io.ManagedSelector - updates 0
02:33:21.937 [qtp961160488-16] DEBUG org.eclipse.jetty.io.ManagedSelector - Selector sun.nio.ch.EPollSelectorImpl@11cfe143 waiting with 2 keys
02:33:21.937 [qtp961160488-16] DEBUG org.eclipse.jetty.io.ManagedSelector - Selector sun.nio.ch.EPollSelectorImpl@11cfe143 woken up from select, 1/1/2 selected
02:33:21.937 [qtp961160488-16] DEBUG org.eclipse.jetty.io.ManagedSelector - Selector sun.nio.ch.EPollSelectorImpl@11cfe143 processing 1 keys, 0 updates
02:33:21.937 [qtp961160488-16] DEBUG org.eclipse.jetty.io.ManagedSelector - selected 1 sun.nio.ch.SelectionKeyImpl@7fc72ba8 SocketChannelEndPoint@37883860{l=/127.0.0.1:44045,r=/127.0.0.1:47402,OPEN,fill=FI,flush=-,to=0/3000}{io=1/1,kio=1,kro=1}->HttpConnection@43c0369f[p=HttpParser{s=START,0 of -1},g=HttpGenerator@5570880f{s=START}]=>HttpChannelOverHttp@25d8b6a1{s=HttpChannelState@1f307353{s=IDLE rs=BLOCKING os=OPEN is=IDLE awp=false se=false i=true al=0},r=0,c=false/false,a=IDLE,uri=null,age=0} 
02:33:21.937 [qtp961160488-16] DEBUG org.eclipse.jetty.io.ChannelEndPoint - onSelected 1->0 r=true w=false for SocketChannelEndPoint@37883860{l=/127.0.0.1:44045,r=/127.0.0.1:47402,OPEN,fill=FI,flush=-,to=0/3000}{io=1/0,kio=1,kro=1}->HttpConnection@43c0369f[p=HttpParser{s=START,0 of -1},g=HttpGenerator@5570880f{s=START}]=>HttpChannelOverHttp@25d8b6a1{s=HttpChannelState@1f307353{s=IDLE rs=BLOCKING os=OPEN is=IDLE awp=false se=false i=true al=0},r=0,c=false/false,a=IDLE,uri=null,age=0}
02:33:21.937 [qtp961160488-16] DEBUG org.eclipse.jetty.io.ChannelEndPoint - task CEP:SocketChannelEndPoint@37883860{l=/127.0.0.1:44045,r=/127.0.0.1:47402,OPEN,fill=FI,flush=-,to=1/3000}{io=1/0,kio=1,kro=1}->HttpConnection@43c0369f[p=HttpParser{s=START,0 of -1},g=HttpGenerator@5570880f{s=START}]=>HttpChannelOverHttp@25d8b6a1{s=HttpChannelState@1f307353{s=IDLE rs=BLOCKING os=OPEN is=IDLE awp=false se=false i=true al=0},r=0,c=false/false,a=IDLE,uri=null,age=0}:runFillable:BLOCKING
02:33:21.937 [qtp961160488-16] DEBUG org.eclipse.jetty.util.thread.ReservedThreadExecutor - ReservedThreadExecutor@383bfa16{reserved=1/8,pending=0} tryExecute EatWhatYouKill@17497425/SelectorProducer@f0da945/PRODUCING/p=false/QueuedThreadPool[qtp961160488]@394a2528{STARTED,8<=8<=200,i=2,r=-1,q=0}[ReservedThreadExecutor@383bfa16{reserved=1/8,pending=0}][pc=0,pic=0,pec=1,epc=0]@2024-05-02T02:33:21.937+01:00
02:33:21.937 [qtp961160488-16] DEBUG org.eclipse.jetty.util.thread.ReservedThreadExecutor - ReservedThreadExecutor@383bfa16{reserved=0/8,pending=1} startReservedThread p=1
02:33:21.937 [qtp961160488-16] DEBUG org.eclipse.jetty.util.thread.QueuedThreadPool - queue ReservedThread@18d91e9a{PENDING,thread=null} startThread=0
02:33:21.937 [qtp961160488-15] DEBUG org.eclipse.jetty.util.thread.QueuedThreadPool - run ReservedThread@18d91e9a{PENDING,thread=null} in QueuedThreadPool[qtp961160488]@394a2528{STARTED,8<=8<=200,i=1,r=-1,q=0}[ReservedThreadExecutor@383bfa16{reserved=0/8,pending=1}]
02:33:21.937 [qtp961160488-15] DEBUG org.eclipse.jetty.util.thread.ReservedThreadExecutor - ReservedThread@18d91e9a{PENDING,thread=Thread[qtp961160488-15,5,main]} was=PENDING next=RESERVED size=0+1 capacity=8
02:33:21.937 [qtp961160488-15] DEBUG org.eclipse.jetty.util.thread.ReservedThreadExecutor - ReservedThread@18d91e9a{RESERVED,thread=Thread[qtp961160488-15,5,main]} waiting ReservedThreadExecutor@383bfa16{reserved=1/8,pending=0}
02:33:21.937 [qtp961160488-18] DEBUG org.eclipse.jetty.util.thread.ReservedThreadExecutor - ReservedThread@30419160{RESERVED,thread=Thread[qtp961160488-18,5,main]} task=EatWhatYouKill@17497425/SelectorProducer@f0da945/IDLE/p=true/QueuedThreadPool[qtp961160488]@394a2528{STARTED,8<=8<=200,i=1,r=-1,q=0}[ReservedThreadExecutor@383bfa16{reserved=0/8,pending=1}][pc=0,pic=0,pec=1,epc=0]@2024-05-02T02:33:21.937+01:00 ReservedThreadExecutor@383bfa16{reserved=1/8,pending=0}
02:33:21.938 [qtp961160488-18] DEBUG org.eclipse.jetty.util.thread.strategy.EatWhatYouKill - EatWhatYouKill@17497425/SelectorProducer@f0da945/IDLE/p=true/QueuedThreadPool[qtp961160488]@394a2528{STARTED,8<=8<=200,i=1,r=-1,q=0}[ReservedThreadExecutor@383bfa16{reserved=1/8,pending=0}][pc=0,pic=0,pec=1,epc=0]@2024-05-02T02:33:21.938+01:00 tryProduce true
02:33:21.938 [qtp961160488-16] DEBUG org.eclipse.jetty.util.thread.strategy.EatWhatYouKill - EatWhatYouKill@17497425/SelectorProducer@f0da945/IDLE/p=true/QueuedThreadPool[qtp961160488]@394a2528{STARTED,8<=8<=200,i=1,r=-1,q=0}[ReservedThreadExecutor@383bfa16{reserved=1/8,pending=0}][pc=0,pic=0,pec=1,epc=0]@2024-05-02T02:33:21.938+01:00 m=EXECUTE_PRODUCE_CONSUME t=CEP:SocketChannelEndPoint@37883860{l=/127.0.0.1:44045,r=/127.0.0.1:47402,OPEN,fill=FI,flush=-,to=1/3000}{io=1/0,kio=1,kro=1}->HttpConnection@43c0369f[p=HttpParser{s=START,0 of -1},g=HttpGenerator@5570880f{s=START}]=>HttpChannelOverHttp@25d8b6a1{s=HttpChannelState@1f307353{s=IDLE rs=BLOCKING os=OPEN is=IDLE awp=false se=false i=true al=0},r=0,c=false/false,a=IDLE,uri=null,age=0}:runFillable:BLOCKING/BLOCKING
02:33:21.938 [qtp961160488-18] DEBUG org.eclipse.jetty.io.ManagedSelector - updateable 0
02:33:21.938 [qtp961160488-18] DEBUG org.eclipse.jetty.io.ManagedSelector - updates 0
02:33:21.938 [qtp961160488-16] DEBUG org.eclipse.jetty.io.FillInterest - fillable FillInterest@49c6d319{AC.ReadCB@43c0369f{HttpConnection@43c0369f::SocketChannelEndPoint@37883860{l=/127.0.0.1:44045,r=/127.0.0.1:47402,OPEN,fill=FI,flush=-,to=2/3000}{io=0/0,kio=1,kro=1}->HttpConnection@43c0369f[p=HttpParser{s=START,0 of -1},g=HttpGenerator@5570880f{s=START}]=>HttpChannelOverHttp@25d8b6a1{s=HttpChannelState@1f307353{s=IDLE rs=BLOCKING os=OPEN is=IDLE awp=false se=false i=true al=0},r=0,c=false/false,a=IDLE,uri=null,age=0}}}
02:33:21.938 [qtp961160488-18] DEBUG org.eclipse.jetty.io.ChannelEndPoint - Key interests updated 1 -> 0 on SocketChannelEndPoint@37883860{l=/127.0.0.1:44045,r=/127.0.0.1:47402,OPEN,fill=FI,flush=-,to=2/3000}{io=0/0,kio=0,kro=1}->HttpConnection@43c0369f[p=HttpParser{s=START,0 of -1},g=HttpGenerator@5570880f{s=START}]=>HttpChannelOverHttp@25d8b6a1{s=HttpChannelState@1f307353{s=IDLE rs=BLOCKING os=OPEN is=IDLE awp=false se=false i=true al=0},r=0,c=false/false,a=IDLE,uri=null,age=0}
02:33:21.938 [qtp961160488-18] DEBUG org.eclipse.jetty.io.ManagedSelector - Selector sun.nio.ch.EPollSelectorImpl@11cfe143 waiting with 2 keys
02:33:21.938 [qtp961160488-16] DEBUG org.eclipse.jetty.server.HttpConnection - HttpConnection@43c0369f::SocketChannelEndPoint@37883860{l=/127.0.0.1:44045,r=/127.0.0.1:47402,OPEN,fill=-,flush=-,to=2/3000}{io=0/0,kio=0,kro=1}->HttpConnection@43c0369f[p=HttpParser{s=START,0 of -1},g=HttpGenerator@5570880f{s=START}]=>HttpChannelOverHttp@25d8b6a1{s=HttpChannelState@1f307353{s=IDLE rs=BLOCKING os=OPEN is=IDLE awp=false se=false i=true al=0},r=0,c=false/false,a=IDLE,uri=null,age=0} onFillable enter HttpChannelState@1f307353{s=IDLE rs=BLOCKING os=OPEN is=IDLE awp=false se=false i=true al=0} null
02:33:21.938 [qtp961160488-16] DEBUG org.eclipse.jetty.io.ChannelEndPoint - filled 133 HeapByteBuffer@3276fc12[p=0,l=133,c=8192,r=133]={<<<GET /config-minimal.yml H...gent: okhttp/3.12.3\r\n\r\n>>>: okhttp/...\x00\x00\x00\x00\x00\x00\x00}
02:33:21.938 [qtp961160488-16] DEBUG org.eclipse.jetty.server.HttpConnection - HttpConnection@43c0369f::SocketChannelEndPoint@37883860{l=/127.0.0.1:44045,r=/127.0.0.1:47402,OPEN,fill=-,flush=-,to=0/3000}{io=0/0,kio=0,kro=1}->HttpConnection@43c0369f[p=HttpParser{s=START,0 of -1},g=HttpGenerator@5570880f{s=START}]=>HttpChannelOverHttp@25d8b6a1{s=HttpChannelState@1f307353{s=IDLE rs=BLOCKING os=OPEN is=IDLE awp=false se=false i=true al=0},r=0,c=false/false,a=IDLE,uri=null,age=0} filled 133 HeapByteBuffer@3276fc12[p=0,l=133,c=8192,r=133]={<<<GET /config-minimal.yml H...gent: okhttp/3.12.3\r\n\r\n>>>: okhttp/...\x00\x00\x00\x00\x00\x00\x00}
02:33:21.938 [qtp961160488-16] DEBUG org.eclipse.jetty.server.HttpConnection - HttpConnection@43c0369f::SocketChannelEndPoint@37883860{l=/127.0.0.1:44045,r=/127.0.0.1:47402,OPEN,fill=-,flush=-,to=0/3000}{io=0/0,kio=0,kro=1}->HttpConnection@43c0369f[p=HttpParser{s=START,0 of -1},g=HttpGenerator@5570880f{s=START}]=>HttpChannelOverHttp@25d8b6a1{s=HttpChannelState@1f307353{s=IDLE rs=BLOCKING os=OPEN is=IDLE awp=false se=false i=true al=0},r=0,c=false/false,a=IDLE,uri=null,age=0} parse HeapByteBuffer@3276fc12[p=0,l=133,c=8192,r=133]={<<<GET /config-minimal.yml H...gent: okhttp/3.12.3\r\n\r\n>>>: okhttp/...\x00\x00\x00\x00\x00\x00\x00} {}
02:33:21.938 [qtp961160488-16] DEBUG org.eclipse.jetty.http.HttpParser - parseNext s=START HeapByteBuffer@3276fc12[p=0,l=133,c=8192,r=133]={<<<GET /config-minimal.yml H...gent: okhttp/3.12.3\r\n\r\n>>>: okhttp/...\x00\x00\x00\x00\x00\x00\x00}
02:33:21.939 [qtp961160488-16] DEBUG org.eclipse.jetty.http.HttpParser - START --> SPACE1
02:33:21.939 [qtp961160488-16] DEBUG org.eclipse.jetty.http.HttpParser - SPACE1 --> URI
02:33:21.939 [qtp961160488-16] DEBUG org.eclipse.jetty.http.HttpParser - URI --> SPACE2
02:33:21.939 [qtp961160488-16] DEBUG org.eclipse.jetty.http.HttpParser - SPACE2 --> REQUEST_VERSION
02:33:21.939 [qtp961160488-16] DEBUG org.eclipse.jetty.http.HttpParser - REQUEST_VERSION --> HEADER
02:33:21.939 [qtp961160488-16] DEBUG org.eclipse.jetty.http.HttpParser - HEADER:Host --> VALUE
02:33:21.939 [qtp961160488-16] DEBUG org.eclipse.jetty.http.HttpParser - HEADER:Host --> IN_VALUE
02:33:21.939 [qtp961160488-16] DEBUG org.eclipse.jetty.http.HttpParser - HEADER:Host --> FIELD
02:33:21.939 [qtp961160488-16] DEBUG org.eclipse.jetty.http.HttpParser - HEADER:Connection: keep-alive --> IN_VALUE
02:33:21.939 [qtp961160488-16] DEBUG org.eclipse.jetty.http.HttpParser - HEADER:Connection: keep-alive --> FIELD
02:33:21.939 [qtp961160488-16] DEBUG org.eclipse.jetty.http.HttpParser - HEADER:Accept-Encoding: gzip --> IN_VALUE
02:33:21.939 [qtp961160488-16] DEBUG org.eclipse.jetty.http.HttpParser - HEADER:Accept-Encoding: gzip --> FIELD
02:33:21.939 [qtp961160488-16] DEBUG org.eclipse.jetty.http.HttpParser - HEADER:User-Agent --> VALUE
02:33:21.939 [qtp961160488-16] DEBUG org.eclipse.jetty.http.HttpParser - HEADER:User-Agent --> IN_VALUE
02:33:21.939 [qtp961160488-16] DEBUG org.eclipse.jetty.http.HttpParser - HEADER:User-Agent --> FIELD
02:33:21.939 [qtp961160488-16] DEBUG org.eclipse.jetty.http.HttpParser - HEADER --> CONTENT
02:33:21.939 [qtp961160488-16] DEBUG org.eclipse.jetty.server.HttpChannel - REQUEST for //localhost:44045/config-minimal.yml on HttpChannelOverHttp@25d8b6a1{s=HttpChannelState@1f307353{s=IDLE rs=BLOCKING os=OPEN is=IDLE awp=false se=false i=true al=0},r=1,c=false/false,a=IDLE,uri=//localhost:44045/config-minimal.yml,age=0}
GET //localhost:44045/config-minimal.yml HTTP/1.1
Host: localhost:44045
Connection: keep-alive
Accept-Encoding: gzip
User-Agent: okhttp/3.12.3


02:33:21.939 [qtp961160488-16] DEBUG org.eclipse.jetty.server.HttpConnection - HttpConnection@43c0369f::SocketChannelEndPoint@37883860{l=/127.0.0.1:44045,r=/127.0.0.1:47402,OPEN,fill=-,flush=-,to=0/3000}{io=0/0,kio=0,kro=1}->HttpConnection@43c0369f[p=HttpParser{s=CONTENT,0 of -1},g=HttpGenerator@5570880f{s=START}]=>HttpChannelOverHttp@25d8b6a1{s=HttpChannelState@1f307353{s=IDLE rs=BLOCKING os=OPEN is=IDLE awp=false se=false i=true al=0},r=1,c=false/false,a=IDLE,uri=//localhost:44045/config-minimal.yml,age=0} parsed true HttpParser{s=CONTENT,0 of -1}
02:33:21.939 [qtp961160488-16] DEBUG org.eclipse.jetty.server.HttpConnection - releaseRequestBuffer HttpConnection@43c0369f::SocketChannelEndPoint@37883860{l=/127.0.0.1:44045,r=/127.0.0.1:47402,OPEN,fill=-,flush=-,to=0/3000}{io=0/0,kio=0,kro=1}->HttpConnection@43c0369f[p=HttpParser{s=CONTENT,0 of -1},g=HttpGenerator@5570880f{s=START}]=>HttpChannelOverHttp@25d8b6a1{s=HttpChannelState@1f307353{s=IDLE rs=BLOCKING os=OPEN is=IDLE awp=false se=false i=true al=0},r=1,c=false/false,a=IDLE,uri=//localhost:44045/config-minimal.yml,age=0}
02:33:21.939 [qtp961160488-16] DEBUG org.eclipse.jetty.server.HttpChannel - handle //localhost:44045/config-minimal.yml HttpChannelOverHttp@25d8b6a1{s=HttpChannelState@1f307353{s=IDLE rs=BLOCKING os=OPEN is=IDLE awp=false se=false i=true al=0},r=1,c=false/false,a=IDLE,uri=//localhost:44045/config-minimal.yml,age=0} 
02:33:21.939 [qtp961160488-16] DEBUG org.eclipse.jetty.server.HttpChannelState - handling HttpChannelState@1f307353{s=IDLE rs=BLOCKING os=OPEN is=IDLE awp=false se=false i=true al=0}
02:33:21.939 [qtp961160488-16] DEBUG org.eclipse.jetty.server.HttpChannel - action DISPATCH HttpChannelOverHttp@25d8b6a1{s=HttpChannelState@1f307353{s=HANDLING rs=BLOCKING os=OPEN is=IDLE awp=false se=false i=true al=0},r=1,c=false/false,a=HANDLING,uri=//localhost:44045/config-minimal.yml,age=0}
02:33:21.939 [qtp961160488-16] DEBUG org.eclipse.jetty.server.Server - REQUEST GET /config-minimal.yml on HttpChannelOverHttp@25d8b6a1{s=HttpChannelState@1f307353{s=HANDLING rs=BLOCKING os=OPEN is=IDLE awp=false se=false i=true al=0},r=1,c=false/false,a=HANDLING,uri=//localhost:44045/config-minimal.yml,age=0}
02:33:21.942 [qtp961160488-16] DEBUG org.eclipse.jetty.server.HttpOutput - write(array HeapByteBuffer@3a5422c5[p=0,l=1469,c=262144,r=1469]={<<<# Licensed to the Apache ...tination name: PutFile\n>>>\x00\x00\x00\x00\x00\x00\x00\x00\x00...\x00\x00\x00\x00\x00\x00\x00})
02:33:21.942 [qtp961160488-16] DEBUG org.eclipse.jetty.server.HttpOutput - write(array) s=CLOSING,api=BLOCKED,sc=false,e=null last=true agg=false flush=true async=false, len=1469 null
02:33:21.943 [qtp961160488-16] DEBUG org.eclipse.jetty.server.HttpChannel - sendResponse info=null content=HeapByteBuffer@7c08d44c[p=0,l=1469,c=262144,r=1469]={<<<# Licensed to the Apache ...tination name: PutFile\n>>>\x00\x00\x00\x00\x00\x00\x00\x00\x00...\x00\x00\x00\x00\x00\x00\x00} complete=true committing=true callback=Blocker@2cf52899{null}
02:33:21.943 [qtp961160488-16] DEBUG org.eclipse.jetty.server.HttpChannel - COMMIT for /config-minimal.yml on HttpChannelOverHttp@25d8b6a1{s=HttpChannelState@1f307353{s=HANDLING rs=BLOCKING os=COMMITTED is=IDLE awp=false se=false i=true al=0},r=1,c=false/false,a=HANDLING,uri=//localhost:44045/config-minimal.yml,age=4}
200 null HTTP/1.1
Date: Thu, 02 May 2024 01:33:21 GMT
ETag: testEtag
Content-Type: text/plain;charset=utf-8
Content-Length: 1469


02:33:21.943 [qtp961160488-16] DEBUG org.eclipse.jetty.server.HttpConnection - generate: NEED_HEADER for SendCallback@58ab8649[PROCESSING][i=HTTP/1.1{s=200,h=4,cl=1469},cb=org.eclipse.jetty.server.HttpChannel$SendCallback@4372c593] (null,[p=0,l=1469,c=262144,r=1469],true)@START
02:33:21.943 [qtp961160488-16] DEBUG org.eclipse.jetty.http.HttpGenerator - generateHeaders HTTP/1.1{s=200,h=4,cl=1469} last=true content=HeapByteBuffer@7c08d44c[p=0,l=1469,c=262144,r=1469]={<<<# Licensed to the Apache ...tination name: PutFile\n>>>\x00\x00\x00\x00\x00\x00\x00\x00\x00...\x00\x00\x00\x00\x00\x00\x00}
02:33:21.943 [qtp961160488-16] DEBUG org.eclipse.jetty.http.HttpGenerator - Date: Thu, 02 May 2024 01:33:21 GMT
ETag: testEtag
Content-Type: text/plain;charset=utf-8
Content-Length: 1469


02:33:21.943 [qtp961160488-16] DEBUG org.eclipse.jetty.http.HttpGenerator - CONTENT_LENGTH
02:33:21.943 [qtp961160488-16] DEBUG org.eclipse.jetty.server.HttpConnection - generate: FLUSH for SendCallback@58ab8649[PROCESSING][i=HTTP/1.1{s=200,h=4,cl=1469},cb=org.eclipse.jetty.server.HttpChannel$SendCallback@4372c593] ([p=0,l=167,c=8192,r=167],[p=0,l=1469,c=262144,r=1469],true)@COMPLETING
02:33:21.943 [qtp961160488-16] DEBUG org.eclipse.jetty.io.WriteFlusher - write: WriteFlusher@7962c305{IDLE}->null [HeapByteBuffer@3276fc12[p=0,l=167,c=8192,r=167]={<<<HTTP/1.1 200 OK\r\nDate: Th...y(9.4.44.v20210927)\r\n\r\n>>>\x00\x00\x00\x00\x00\x00\x00\x00\x00...\x00\x00\x00\x00\x00\x00\x00},HeapByteBuffer@7c08d44c[p=0,l=1469,c=262144,r=1469]={<<<# Licensed to the Apache ...tination name: PutFile\n>>>\x00\x00\x00\x00\x00\x00\x00\x00\x00...\x00\x00\x00\x00\x00\x00\x00}]
02:33:21.943 [qtp961160488-16] DEBUG org.eclipse.jetty.io.WriteFlusher - update WriteFlusher@7962c305{WRITING}->null:IDLE-->WRITING
02:33:21.943 [qtp961160488-16] DEBUG org.eclipse.jetty.io.ChannelEndPoint - flushed 1636 SocketChannelEndPoint@37883860{l=/127.0.0.1:44045,r=/127.0.0.1:47402,OPEN,fill=-,flush=W,to=4/3000}{io=0/0,kio=0,kro=1}->HttpConnection@43c0369f[p=HttpParser{s=CONTENT,0 of -1},g=HttpGenerator@5570880f{s=COMPLETING}]=>HttpChannelOverHttp@25d8b6a1{s=HttpChannelState@1f307353{s=HANDLING rs=BLOCKING os=COMMITTED is=IDLE awp=false se=false i=true al=0},r=1,c=false/false,a=HANDLING,uri=//localhost:44045/config-minimal.yml,age=4}
02:33:21.943 [main] DEBUG org.apache.nifi.minifi.bootstrap.configuration.ingestors.PullHttpChangeIngestor - Response received: Response{protocol=http/1.1, code=200, message=OK, url=http://localhost:44045/config-minimal.yml}
02:33:21.943 [qtp961160488-16] DEBUG org.eclipse.jetty.io.WriteFlusher - Flushed=true written=1636 remaining=0 WriteFlusher@7962c305{WRITING}->null
02:33:21.943 [qtp961160488-16] DEBUG org.eclipse.jetty.io.WriteFlusher - update WriteFlusher@7962c305{IDLE}->null:WRITING-->IDLE
02:33:21.943 [main] DEBUG org.apache.nifi.minifi.bootstrap.configuration.ingestors.PullHttpChangeIngestor - Preserving previous security properties...
02:33:21.943 [qtp961160488-16] DEBUG org.eclipse.jetty.server.HttpConnection - generate: DONE for SendCallback@58ab8649[PROCESSING][i=HTTP/1.1{s=200,h=4,cl=1469},cb=org.eclipse.jetty.server.HttpChannel$SendCallback@4372c593] ([p=167,l=167,c=8192,r=0],[p=1469,l=1469,c=262144,r=0],true)@END
02:33:21.943 [qtp961160488-16] DEBUG org.eclipse.jetty.server.HttpOutput - onWriteComplete(true,null) s=CLOSING,api=BLOCKED,sc=false,e=null->s=CLOSED,api=BLOCKING,sc=false,e=null c=null cb=null w=false
02:33:21.944 [qtp961160488-16] DEBUG org.eclipse.jetty.server.HttpOutput - close() s=CLOSED,api=BLOCKING,sc=false,e=null c=null b=null
02:33:21.944 [qtp961160488-16] DEBUG org.eclipse.jetty.server.Server - handled=true async=false committed=true on HttpChannelOverHttp@25d8b6a1{s=HttpChannelState@1f307353{s=HANDLING rs=BLOCKING os=COMPLETED is=IDLE awp=false se=false i=true al=0},r=1,c=false/true,a=HANDLING,uri=//localhost:44045/config-minimal.yml,age=5}
02:33:21.944 [qtp961160488-16] DEBUG org.eclipse.jetty.server.HttpChannelState - unhandle HttpChannelState@1f307353{s=HANDLING rs=BLOCKING os=COMPLETED is=IDLE awp=false se=false i=true al=0}
02:33:21.944 [qtp961160488-16] DEBUG org.eclipse.jetty.server.HttpChannelState - nextAction(false) COMPLETE HttpChannelState@1f307353{s=HANDLING rs=COMPLETING os=COMPLETED is=IDLE awp=false se=false i=false al=0}
02:33:21.944 [qtp961160488-16] DEBUG org.eclipse.jetty.server.HttpChannel - action COMPLETE HttpChannelOverHttp@25d8b6a1{s=HttpChannelState@1f307353{s=HANDLING rs=COMPLETING os=COMPLETED is=IDLE awp=false se=false i=false al=0},r=1,c=false/true,a=HANDLING,uri=//localhost:44045/config-minimal.yml,age=5}
02:33:21.944 [qtp961160488-16] DEBUG org.eclipse.jetty.server.HttpOutput - complete(org.eclipse.jetty.util.Callback$3@7c569d50) s=CLOSED,api=BLOCKING,sc=false,e=null s=true e=null, c=null
02:33:21.944 [qtp961160488-16] DEBUG org.eclipse.jetty.server.HttpChannelState - completed HttpChannelState@1f307353{s=HANDLING rs=COMPLETING os=COMPLETED is=IDLE awp=false se=false i=false al=0}
02:33:21.944 [qtp961160488-16] DEBUG org.eclipse.jetty.server.HttpChannelState - unhandle HttpChannelState@1f307353{s=HANDLING rs=COMPLETED os=COMPLETED is=IDLE awp=false se=false i=false al=0}
02:33:21.945 [qtp961160488-16] DEBUG org.eclipse.jetty.server.HttpChannelState - nextAction(false) TERMINATED HttpChannelState@1f307353{s=IDLE rs=COMPLETED os=COMPLETED is=IDLE awp=false se=false i=false al=0}
02:33:21.945 [qtp961160488-16] DEBUG org.eclipse.jetty.server.HttpChannel - action TERMINATED HttpChannelOverHttp@25d8b6a1{s=HttpChannelState@1f307353{s=IDLE rs=COMPLETED os=COMPLETED is=IDLE awp=false se=false i=false al=0},r=1,c=true/true,a=IDLE,uri=//localhost:44045/config-minimal.yml,age=6}
02:33:21.945 [qtp961160488-16] DEBUG org.eclipse.jetty.server.HttpChannel - onCompleted for /config-minimal.yml written=1469
02:33:21.945 [qtp961160488-16] DEBUG org.eclipse.jetty.io.ChannelEndPoint - filled 0 HeapByteBuffer@3276fc12[p=0,l=0,c=8192,r=0]={<<<>>>HTTP/1.1 ...\x00\x00\x00\x00\x00\x00\x00}
02:33:21.945 [qtp961160488-16] DEBUG org.eclipse.jetty.io.ChannelEndPoint - filled 0 HeapByteBuffer@3276fc12[p=0,l=0,c=8192,r=0]={<<<>>>HTTP/1.1 ...\x00\x00\x00\x00\x00\x00\x00}
02:33:21.945 [qtp961160488-16] DEBUG org.eclipse.jetty.server.HttpConnection - HttpConnection@43c0369f::SocketChannelEndPoint@37883860{l=/127.0.0.1:44045,r=/127.0.0.1:47402,OPEN,fill=-,flush=-,to=1/3000}{io=0/0,kio=0,kro=1}->HttpConnection@43c0369f[p=HttpParser{s=CONTENT,0 of -1},g=HttpGenerator@5570880f{s=END}]=>HttpChannelOverHttp@25d8b6a1{s=HttpChannelState@1f307353{s=IDLE rs=COMPLETED os=COMPLETED is=IDLE awp=false se=false i=false al=0},r=1,c=true/true,a=IDLE,uri=//localhost:44045/config-minimal.yml,age=6} filled 0 HeapByteBuffer@3276fc12[p=0,l=0,c=8192,r=0]={<<<>>>HTTP/1.1 ...\x00\x00\x00\x00\x00\x00\x00}
02:33:21.945 [qtp961160488-16] DEBUG org.eclipse.jetty.server.HttpConnection - HttpConnection@43c0369f::SocketChannelEndPoint@37883860{l=/127.0.0.1:44045,r=/127.0.0.1:47402,OPEN,fill=-,flush=-,to=1/3000}{io=0/0,kio=0,kro=1}->HttpConnection@43c0369f[p=HttpParser{s=CONTENT,0 of -1},g=HttpGenerator@5570880f{s=END}]=>HttpChannelOverHttp@25d8b6a1{s=HttpChannelState@1f307353{s=IDLE rs=COMPLETED os=COMPLETED is=IDLE awp=false se=false i=false al=0},r=1,c=true/true,a=IDLE,uri=//localhost:44045/config-minimal.yml,age=6} parse HeapByteBuffer@3276fc12[p=0,l=0,c=8192,r=0]={<<<>>>HTTP/1.1 ...\x00\x00\x00\x00\x00\x00\x00} {}
02:33:21.945 [qtp961160488-16] DEBUG org.eclipse.jetty.http.HttpParser - parseNext s=CONTENT HeapByteBuffer@3276fc12[p=0,l=0,c=8192,r=0]={<<<>>>HTTP/1.1 ...\x00\x00\x00\x00\x00\x00\x00}
02:33:21.945 [qtp961160488-16] DEBUG org.eclipse.jetty.http.HttpParser - CONTENT --> CONTENT_END
02:33:21.945 [qtp961160488-16] DEBUG org.eclipse.jetty.server.HttpChannel - onContentComplete HttpChannelOverHttp@25d8b6a1{s=HttpChannelState@1f307353{s=IDLE rs=COMPLETED os=COMPLETED is=IDLE awp=false se=false i=false al=0},r=1,c=true/true,a=IDLE,uri=//localhost:44045/config-minimal.yml,age=6}
02:33:21.945 [qtp961160488-16] DEBUG org.eclipse.jetty.http.HttpParser - CONTENT_END --> END
02:33:21.945 [qtp961160488-16] DEBUG org.eclipse.jetty.server.HttpChannel - onRequestComplete HttpChannelOverHttp@25d8b6a1{s=HttpChannelState@1f307353{s=IDLE rs=COMPLETED os=COMPLETED is=IDLE awp=false se=false i=false al=0},r=1,c=true/true,a=IDLE,uri=//localhost:44045/config-minimal.yml,age=6}
02:33:21.945 [qtp961160488-16] DEBUG org.eclipse.jetty.server.HttpInput - HttpInputOverHTTP@78cbd55d[c=0,q=0,[0]=null,s=STREAM] addContent EOF
02:33:21.945 [qtp961160488-16] DEBUG org.eclipse.jetty.server.HttpConnection - HttpConnection@43c0369f::SocketChannelEndPoint@37883860{l=/127.0.0.1:44045,r=/127.0.0.1:47402,OPEN,fill=-,flush=-,to=2/3000}{io=0/0,kio=0,kro=1}->HttpConnection@43c0369f[p=HttpParser{s=END,0 of -1},g=HttpGenerator@5570880f{s=END}]=>HttpChannelOverHttp@25d8b6a1{s=HttpChannelState@1f307353{s=IDLE rs=COMPLETED os=COMPLETED is=IDLE awp=false se=false i=false al=0},r=1,c=true/true,a=IDLE,uri=//localhost:44045/config-minimal.yml,age=6} parsed false HttpParser{s=END,0 of -1}
02:33:21.945 [qtp961160488-16] DEBUG org.eclipse.jetty.server.HttpConnection - releaseRequestBuffer HttpConnection@43c0369f::SocketChannelEndPoint@37883860{l=/127.0.0.1:44045,r=/127.0.0.1:47402,OPEN,fill=-,flush=-,to=2/3000}{io=0/0,kio=0,kro=1}->HttpConnection@43c0369f[p=HttpParser{s=END,0 of -1},g=HttpGenerator@5570880f{s=END}]=>HttpChannelOverHttp@25d8b6a1{s=HttpChannelState@1f307353{s=IDLE rs=COMPLETED os=COMPLETED is=IDLE awp=false se=false i=false al=0},r=1,c=true/true,a=IDLE,uri=//localhost:44045/config-minimal.yml,age=6}
02:33:21.946 [qtp961160488-16] DEBUG org.eclipse.jetty.server.HttpChannelState - recycle HttpChannelState@1f307353{s=IDLE rs=COMPLETED os=COMPLETED is=IDLE awp=false se=false i=false al=0}
02:33:21.946 [qtp961160488-16] DEBUG org.eclipse.jetty.http.HttpParser - reset HttpParser{s=END,0 of -1}
02:33:21.946 [qtp961160488-16] DEBUG org.eclipse.jetty.http.HttpParser - END --> START
02:33:21.946 [qtp961160488-16] DEBUG org.eclipse.jetty.server.HttpChannel - !handle TERMINATED HttpChannelOverHttp@25d8b6a1{s=HttpChannelState@1f307353{s=IDLE rs=BLOCKING os=OPEN is=IDLE awp=false se=false i=true al=0},r=1,c=false/false,a=IDLE,uri=null,age=0}
02:33:21.946 [qtp961160488-16] DEBUG org.eclipse.jetty.io.ChannelEndPoint - filled 0 HeapByteBuffer@3276fc12[p=0,l=0,c=8192,r=0]={<<<>>>HTTP/1.1 ...\x00\x00\x00\x00\x00\x00\x00}
02:33:21.946 [qtp961160488-16] DEBUG org.eclipse.jetty.io.ChannelEndPoint - filled 0 HeapByteBuffer@3276fc12[p=0,l=0,c=8192,r=0]={<<<>>>HTTP/1.1 ...\x00\x00\x00\x00\x00\x00\x00}
02:33:21.946 [qtp961160488-16] DEBUG org.eclipse.jetty.server.HttpConnection - HttpConnection@43c0369f::SocketChannelEndPoint@37883860{l=/127.0.0.1:44045,r=/127.0.0.1:47402,OPEN,fill=-,flush=-,to=2/3000}{io=0/0,kio=0,kro=1}->HttpConnection@43c0369f[p=HttpParser{s=START,0 of -1},g=HttpGenerator@5570880f{s=START}]=>HttpChannelOverHttp@25d8b6a1{s=HttpChannelState@1f307353{s=IDLE rs=BLOCKING os=OPEN is=IDLE awp=false se=false i=true al=0},r=1,c=false/false,a=IDLE,uri=null,age=0} filled 0 HeapByteBuffer@3276fc12[p=0,l=0,c=8192,r=0]={<<<>>>HTTP/1.1 ...\x00\x00\x00\x00\x00\x00\x00}
02:33:21.946 [qtp961160488-16] DEBUG org.eclipse.jetty.server.HttpConnection - HttpConnection@43c0369f::SocketChannelEndPoint@37883860{l=/127.0.0.1:44045,r=/127.0.0.1:47402,OPEN,fill=-,flush=-,to=2/3000}{io=0/0,kio=0,kro=1}->HttpConnection@43c0369f[p=HttpParser{s=START,0 of -1},g=HttpGenerator@5570880f{s=START}]=>HttpChannelOverHttp@25d8b6a1{s=HttpChannelState@1f307353{s=IDLE rs=BLOCKING os=OPEN is=IDLE awp=false se=false i=true al=0},r=1,c=false/false,a=IDLE,uri=null,age=0} parse HeapByteBuffer@3276fc12[p=0,l=0,c=8192,r=0]={<<<>>>HTTP/1.1 ...\x00\x00\x00\x00\x00\x00\x00} {}
02:33:21.946 [qtp961160488-16] DEBUG org.eclipse.jetty.http.HttpParser - parseNext s=START HeapByteBuffer@3276fc12[p=0,l=0,c=8192,r=0]={<<<>>>HTTP/1.1 ...\x00\x00\x00\x00\x00\x00\x00}
02:33:21.946 [qtp961160488-16] DEBUG org.eclipse.jetty.server.HttpConnection - HttpConnection@43c0369f::SocketChannelEndPoint@37883860{l=/127.0.0.1:44045,r=/127.0.0.1:47402,OPEN,fill=-,flush=-,to=3/3000}{io=0/0,kio=0,kro=1}->HttpConnection@43c0369f[p=HttpParser{s=START,0 of -1},g=HttpGenerator@5570880f{s=START}]=>HttpChannelOverHttp@25d8b6a1{s=HttpChannelState@1f307353{s=IDLE rs=BLOCKING os=OPEN is=IDLE awp=false se=false i=true al=0},r=1,c=false/false,a=IDLE,uri=null,age=0} parsed false HttpParser{s=START,0 of -1}
02:33:21.947 [qtp961160488-16] DEBUG org.eclipse.jetty.server.HttpConnection - releaseRequestBuffer HttpConnection@43c0369f::SocketChannelEndPoint@37883860{l=/127.0.0.1:44045,r=/127.0.0.1:47402,OPEN,fill=-,flush=-,to=3/3000}{io=0/0,kio=0,kro=1}->HttpConnection@43c0369f[p=HttpParser{s=START,0 of -1},g=HttpGenerator@5570880f{s=START}]=>HttpChannelOverHttp@25d8b6a1{s=HttpChannelState@1f307353{s=IDLE rs=BLOCKING os=OPEN is=IDLE awp=false se=false i=true al=0},r=1,c=false/false,a=IDLE,uri=null,age=0}
02:33:21.947 [qtp961160488-16] DEBUG org.eclipse.jetty.io.AbstractConnection - fillInterested HttpConnection@43c0369f::SocketChannelEndPoint@37883860{l=/127.0.0.1:44045,r=/127.0.0.1:47402,OPEN,fill=-,flush=-,to=3/3000}{io=0/0,kio=0,kro=1}->HttpConnection@43c0369f[p=HttpParser{s=START,0 of -1},g=HttpGenerator@5570880f{s=START}]=>HttpChannelOverHttp@25d8b6a1{s=HttpChannelState@1f307353{s=IDLE rs=BLOCKING os=OPEN is=IDLE awp=false se=false i=true al=0},r=1,c=false/false,a=IDLE,uri=null,age=0}
02:33:21.947 [qtp961160488-16] DEBUG org.eclipse.jetty.io.FillInterest - interested FillInterest@49c6d319{AC.ReadCB@43c0369f{HttpConnection@43c0369f::SocketChannelEndPoint@37883860{l=/127.0.0.1:44045,r=/127.0.0.1:47402,OPEN,fill=FI,flush=-,to=0/3000}{io=0/0,kio=0,kro=1}->HttpConnection@43c0369f[p=HttpParser{s=START,0 of -1},g=HttpGenerator@5570880f{s=START}]=>HttpChannelOverHttp@25d8b6a1{s=HttpChannelState@1f307353{s=IDLE rs=BLOCKING os=OPEN is=IDLE awp=false se=false i=true al=0},r=1,c=false/false,a=IDLE,uri=null,age=0}}}
02:33:21.947 [qtp961160488-16] DEBUG org.eclipse.jetty.io.ChannelEndPoint - changeInterests p=false 0->1 for SocketChannelEndPoint@37883860{l=/127.0.0.1:44045,r=/127.0.0.1:47402,OPEN,fill=FI,flush=-,to=0/3000}{io=0/1,kio=0,kro=1}->HttpConnection@43c0369f[p=HttpParser{s=START,0 of -1},g=HttpGenerator@5570880f{s=START}]=>HttpChannelOverHttp@25d8b6a1{s=HttpChannelState@1f307353{s=IDLE rs=BLOCKING os=OPEN is=IDLE awp=false se=false i=true al=0},r=1,c=false/false,a=IDLE,uri=null,age=0}
02:33:21.947 [qtp961160488-16] DEBUG org.eclipse.jetty.io.ManagedSelector - Queued change lazy=false org.eclipse.jetty.io.ChannelEndPoint$$Lambda$255/1238156519@bf07070 on ManagedSelector@4803b726{STARTED} id=1 keys=2 selected=0 updates=0
02:33:21.947 [qtp961160488-16] DEBUG org.eclipse.jetty.io.ManagedSelector - Wakeup on submit ManagedSelector@4803b726{STARTED} id=1 keys=2 selected=0 updates=1
02:33:21.947 [qtp961160488-18] DEBUG org.eclipse.jetty.io.ManagedSelector - Selector sun.nio.ch.EPollSelectorImpl@11cfe143 woken with none selected
02:33:21.947 [qtp961160488-18] DEBUG org.eclipse.jetty.io.ManagedSelector - Selector sun.nio.ch.EPollSelectorImpl@11cfe143 woken up from select, 0/0/2 selected
02:33:21.947 [qtp961160488-18] DEBUG org.eclipse.jetty.io.ManagedSelector - Selector sun.nio.ch.EPollSelectorImpl@11cfe143 processing 0 keys, 1 updates
02:33:21.947 [qtp961160488-18] DEBUG org.eclipse.jetty.io.ManagedSelector - updateable 1
02:33:21.947 [qtp961160488-18] DEBUG org.eclipse.jetty.io.ManagedSelector - update org.eclipse.jetty.io.ChannelEndPoint$$Lambda$255/1238156519@bf07070
02:33:21.947 [qtp961160488-18] DEBUG org.eclipse.jetty.io.ChannelEndPoint - Key interests updated 0 -> 1 on SocketChannelEndPoint@37883860{l=/127.0.0.1:44045,r=/127.0.0.1:47402,OPEN,fill=FI,flush=-,to=0/3000}{io=1/1,kio=1,kro=1}->HttpConnection@43c0369f[p=HttpParser{s=START,0 of -1},g=HttpGenerator@5570880f{s=START}]=>HttpChannelOverHttp@25d8b6a1{s=HttpChannelState@1f307353{s=IDLE rs=BLOCKING os=OPEN is=IDLE awp=false se=false i=true al=0},r=1,c=false/false,a=IDLE,uri=null,age=0}
02:33:21.947 [qtp961160488-18] DEBUG org.eclipse.jetty.io.ManagedSelector - updates 0
02:33:21.947 [qtp961160488-18] DEBUG org.eclipse.jetty.io.ManagedSelector - Selector sun.nio.ch.EPollSelectorImpl@11cfe143 waiting with 2 keys
02:33:21.948 [qtp961160488-16] DEBUG org.eclipse.jetty.server.HttpConnection - HttpConnection@43c0369f::SocketChannelEndPoint@37883860{l=/127.0.0.1:44045,r=/127.0.0.1:47402,OPEN,fill=FI,flush=-,to=0/3000}{io=1/1,kio=1,kro=1}->HttpConnection@43c0369f[p=HttpParser{s=START,0 of -1},g=HttpGenerator@5570880f{s=START}]=>HttpChannelOverHttp@25d8b6a1{s=HttpChannelState@1f307353{s=IDLE rs=BLOCKING os=OPEN is=IDLE awp=false se=false i=true al=0},r=1,c=false/false,a=IDLE,uri=null,age=0} onFillable exit HttpChannelState@1f307353{s=IDLE rs=BLOCKING os=OPEN is=IDLE awp=false se=false i=true al=0} null
02:33:21.948 [qtp961160488-16] DEBUG org.eclipse.jetty.util.thread.QueuedThreadPool - ran org.eclipse.jetty.io.ManagedSelector$$Lambda$253/838473569@2c1b194a in QueuedThreadPool[qtp961160488]@394a2528{STARTED,8<=8<=200,i=1,r=-1,q=0}[ReservedThreadExecutor@383bfa16{reserved=1/8,pending=0}]
02:33:22.115 [main] DEBUG org.apache.nifi.minifi.bootstrap.configuration.ingestors.PullHttpChangeIngestor - New change received, notifying listener
02:33:22.115 [main] DEBUG org.apache.nifi.minifi.bootstrap.configuration.ingestors.PullHttpChangeIngestor - Listeners notified
]]></system-out>
  </testcase>
  <testcase name="testNoUpdate" classname="org.apache.nifi.minifi.bootstrap.configuration.ingestors.PullHttpChangeIngestorTest" time="0.007">
    <system-out><![CDATA[02:33:22.127 [main] DEBUG org.apache.nifi.minifi.bootstrap.configuration.ingestors.PullHttpChangeIngestor - Attempting to pull new config
02:33:22.128 [qtp961160488-19-acceptor-0@1e1a0406-ServerConnector@446293d{HTTP/1.1, (http/1.1)}{localhost:44045}] DEBUG org.eclipse.jetty.io.ManagedSelector - Queued change lazy=false Accept@7eb576c3[java.nio.channels.SocketChannel[connected local=/127.0.0.1:44045 remote=/127.0.0.1:47404]] on ManagedSelector@316bcf94{STARTED} id=2 keys=1 selected=0 updates=0
02:33:22.128 [qtp961160488-19-acceptor-0@1e1a0406-ServerConnector@446293d{HTTP/1.1, (http/1.1)}{localhost:44045}] DEBUG org.eclipse.jetty.io.ManagedSelector - Wakeup on submit ManagedSelector@316bcf94{STARTED} id=2 keys=1 selected=0 updates=1
02:33:22.128 [qtp961160488-22] DEBUG org.eclipse.jetty.io.ManagedSelector - Selector sun.nio.ch.EPollSelectorImpl@2216d458 woken with none selected
02:33:22.128 [qtp961160488-22] DEBUG org.eclipse.jetty.io.ManagedSelector - Selector sun.nio.ch.EPollSelectorImpl@2216d458 woken up from select, 0/0/1 selected
02:33:22.128 [qtp961160488-22] DEBUG org.eclipse.jetty.io.ManagedSelector - Selector sun.nio.ch.EPollSelectorImpl@2216d458 processing 0 keys, 1 updates
02:33:22.128 [qtp961160488-22] DEBUG org.eclipse.jetty.io.ManagedSelector - updateable 1
02:33:22.128 [qtp961160488-22] DEBUG org.eclipse.jetty.io.ManagedSelector - update Accept@7eb576c3[java.nio.channels.SocketChannel[connected local=/127.0.0.1:44045 remote=/127.0.0.1:47404]]
02:33:22.128 [qtp961160488-22] DEBUG org.eclipse.jetty.util.thread.QueuedThreadPool - queue Accept@7eb576c3[java.nio.channels.SocketChannel[connected local=/127.0.0.1:44045 remote=/127.0.0.1:47404]] startThread=0
02:33:22.128 [qtp961160488-22] DEBUG org.eclipse.jetty.io.ManagedSelector - updates 0
02:33:22.128 [qtp961160488-22] DEBUG org.eclipse.jetty.io.ManagedSelector - Selector sun.nio.ch.EPollSelectorImpl@2216d458 waiting with 2 keys
02:33:22.128 [qtp961160488-17] DEBUG org.eclipse.jetty.util.thread.QueuedThreadPool - run Accept@7eb576c3[java.nio.channels.SocketChannel[connected local=/127.0.0.1:44045 remote=/127.0.0.1:47404]] in QueuedThreadPool[qtp961160488]@394a2528{STARTED,8<=8<=200,i=1,r=-1,q=0}[ReservedThreadExecutor@383bfa16{reserved=1/8,pending=0}]
02:33:22.128 [qtp961160488-17] DEBUG org.eclipse.jetty.io.IdleTimeout - SocketChannelEndPoint@54bfc404{l=/127.0.0.1:44045,r=/127.0.0.1:47404,OPEN,fill=-,flush=-,to=0/3000}{io=0/0,kio=0,kro=0}-><null> idle timeout check, elapsed: 0 ms, remaining: 3000 ms
02:33:22.128 [qtp961160488-17] DEBUG org.eclipse.jetty.server.HttpChannel - new HttpChannelOverHttp@5de1e6c{s=HttpChannelState@7a7f4bd5{s=IDLE rs=BLOCKING os=OPEN is=IDLE awp=false se=false i=true al=0},r=0,c=false/false,a=IDLE,uri=null,age=0} -> SocketChannelEndPoint@54bfc404{l=/127.0.0.1:44045,r=/127.0.0.1:47404,OPEN,fill=-,flush=-,to=0/3000}{io=0/0,kio=0,kro=0}-><null>,null,HttpChannelState@7a7f4bd5{s=IDLE rs=BLOCKING os=OPEN is=IDLE awp=false se=false i=true al=0}
02:33:22.128 [qtp961160488-17] DEBUG org.eclipse.jetty.server.HttpConnection - New HTTP Connection HttpConnection@7204c71a::SocketChannelEndPoint@54bfc404{l=/127.0.0.1:44045,r=/127.0.0.1:47404,OPEN,fill=-,flush=-,to=0/3000}{io=0/0,kio=0,kro=0}-><null>
02:33:22.129 [qtp961160488-17] DEBUG org.eclipse.jetty.io.ManagedSelector - Queued change lazy=true org.eclipse.jetty.io.ManagedSelector$$Lambda$258/1710399120@58b1b2ba on ManagedSelector@316bcf94{STARTED} id=2 keys=2 selected=0 updates=0
02:33:22.129 [qtp961160488-17] DEBUG org.eclipse.jetty.io.AbstractEndPoint - onOpen SocketChannelEndPoint@54bfc404{l=/127.0.0.1:44045,r=/127.0.0.1:47404,OPEN,fill=-,flush=-,to=0/3000}{io=0/0,kio=0,kro=0}->HttpConnection@7204c71a[p=HttpParser{s=START,0 of -1},g=HttpGenerator@2de9eabe{s=START}]=>HttpChannelOverHttp@5de1e6c{s=HttpChannelState@7a7f4bd5{s=IDLE rs=BLOCKING os=OPEN is=IDLE awp=false se=false i=true al=0},r=0,c=false/false,a=IDLE,uri=null,age=0}
02:33:22.129 [qtp961160488-17] DEBUG org.eclipse.jetty.io.AbstractConnection - onOpen HttpConnection@7204c71a::SocketChannelEndPoint@54bfc404{l=/127.0.0.1:44045,r=/127.0.0.1:47404,OPEN,fill=-,flush=-,to=0/3000}{io=0/0,kio=0,kro=0}->HttpConnection@7204c71a[p=HttpParser{s=START,0 of -1},g=HttpGenerator@2de9eabe{s=START}]=>HttpChannelOverHttp@5de1e6c{s=HttpChannelState@7a7f4bd5{s=IDLE rs=BLOCKING os=OPEN is=IDLE awp=false se=false i=true al=0},r=0,c=false/false,a=IDLE,uri=null,age=0}
02:33:22.129 [qtp961160488-17] DEBUG org.eclipse.jetty.io.AbstractConnection - fillInterested HttpConnection@7204c71a::SocketChannelEndPoint@54bfc404{l=/127.0.0.1:44045,r=/127.0.0.1:47404,OPEN,fill=-,flush=-,to=0/3000}{io=0/0,kio=0,kro=0}->HttpConnection@7204c71a[p=HttpParser{s=START,0 of -1},g=HttpGenerator@2de9eabe{s=START}]=>HttpChannelOverHttp@5de1e6c{s=HttpChannelState@7a7f4bd5{s=IDLE rs=BLOCKING os=OPEN is=IDLE awp=false se=false i=true al=0},r=0,c=false/false,a=IDLE,uri=null,age=0}
02:33:22.129 [qtp961160488-17] DEBUG org.eclipse.jetty.io.FillInterest - interested FillInterest@2d482d35{AC.ReadCB@7204c71a{HttpConnection@7204c71a::SocketChannelEndPoint@54bfc404{l=/127.0.0.1:44045,r=/127.0.0.1:47404,OPEN,fill=FI,flush=-,to=0/3000}{io=0/0,kio=0,kro=0}->HttpConnection@7204c71a[p=HttpParser{s=START,0 of -1},g=HttpGenerator@2de9eabe{s=START}]=>HttpChannelOverHttp@5de1e6c{s=HttpChannelState@7a7f4bd5{s=IDLE rs=BLOCKING os=OPEN is=IDLE awp=false se=false i=true al=0},r=0,c=false/false,a=IDLE,uri=null,age=0}}}
02:33:22.129 [qtp961160488-17] DEBUG org.eclipse.jetty.io.ChannelEndPoint - changeInterests p=false 0->1 for SocketChannelEndPoint@54bfc404{l=/127.0.0.1:44045,r=/127.0.0.1:47404,OPEN,fill=FI,flush=-,to=0/3000}{io=0/1,kio=0,kro=0}->HttpConnection@7204c71a[p=HttpParser{s=START,0 of -1},g=HttpGenerator@2de9eabe{s=START}]=>HttpChannelOverHttp@5de1e6c{s=HttpChannelState@7a7f4bd5{s=IDLE rs=BLOCKING os=OPEN is=IDLE awp=false se=false i=true al=0},r=0,c=false/false,a=IDLE,uri=null,age=0}
02:33:22.129 [qtp961160488-17] DEBUG org.eclipse.jetty.io.ManagedSelector - Queued change lazy=false org.eclipse.jetty.io.ChannelEndPoint$$Lambda$255/1238156519@79201391 on ManagedSelector@316bcf94{STARTED} id=2 keys=2 selected=0 updates=1
02:33:22.129 [qtp961160488-17] DEBUG org.eclipse.jetty.io.ManagedSelector - Wakeup on submit ManagedSelector@316bcf94{STARTED} id=2 keys=2 selected=0 updates=2
02:33:22.129 [qtp961160488-22] DEBUG org.eclipse.jetty.io.ManagedSelector - Selector sun.nio.ch.EPollSelectorImpl@2216d458 woken with none selected
02:33:22.129 [qtp961160488-22] DEBUG org.eclipse.jetty.io.ManagedSelector - Selector sun.nio.ch.EPollSelectorImpl@2216d458 woken up from select, 0/0/2 selected
02:33:22.129 [qtp961160488-22] DEBUG org.eclipse.jetty.io.ManagedSelector - Selector sun.nio.ch.EPollSelectorImpl@2216d458 processing 0 keys, 2 updates
02:33:22.129 [qtp961160488-22] DEBUG org.eclipse.jetty.io.ManagedSelector - updateable 2
02:33:22.129 [qtp961160488-17] DEBUG org.eclipse.jetty.io.ManagedSelector - Created SocketChannelEndPoint@54bfc404{l=/127.0.0.1:44045,r=/127.0.0.1:47404,OPEN,fill=FI,flush=-,to=0/3000}{io=0/1,kio=0,kro=0}->HttpConnection@7204c71a[p=HttpParser{s=START,0 of -1},g=HttpGenerator@2de9eabe{s=START}]=>HttpChannelOverHttp@5de1e6c{s=HttpChannelState@7a7f4bd5{s=IDLE rs=BLOCKING os=OPEN is=IDLE awp=false se=false i=true al=0},r=0,c=false/false,a=IDLE,uri=null,age=0}
02:33:22.129 [qtp961160488-22] DEBUG org.eclipse.jetty.io.ManagedSelector - update org.eclipse.jetty.io.ManagedSelector$$Lambda$258/1710399120@58b1b2ba
02:33:22.129 [qtp961160488-22] DEBUG org.eclipse.jetty.io.ManagedSelector - update org.eclipse.jetty.io.ChannelEndPoint$$Lambda$255/1238156519@79201391
02:33:22.129 [qtp961160488-17] DEBUG org.eclipse.jetty.util.thread.QueuedThreadPool - ran Accept@7eb576c3[java.nio.channels.SocketChannel[connected local=/127.0.0.1:44045 remote=/127.0.0.1:47404]] in QueuedThreadPool[qtp961160488]@394a2528{STARTED,8<=8<=200,i=1,r=-1,q=0}[ReservedThreadExecutor@383bfa16{reserved=1/8,pending=0}]
02:33:22.129 [qtp961160488-22] DEBUG org.eclipse.jetty.io.ChannelEndPoint - Key interests updated 0 -> 1 on SocketChannelEndPoint@54bfc404{l=/127.0.0.1:44045,r=/127.0.0.1:47404,OPEN,fill=FI,flush=-,to=0/3000}{io=1/1,kio=1,kro=0}->HttpConnection@7204c71a[p=HttpParser{s=START,0 of -1},g=HttpGenerator@2de9eabe{s=START}]=>HttpChannelOverHttp@5de1e6c{s=HttpChannelState@7a7f4bd5{s=IDLE rs=BLOCKING os=OPEN is=IDLE awp=false se=false i=true al=0},r=0,c=false/false,a=IDLE,uri=null,age=0}
02:33:22.130 [qtp961160488-22] DEBUG org.eclipse.jetty.io.ManagedSelector - updates 0
02:33:22.130 [qtp961160488-22] DEBUG org.eclipse.jetty.io.ManagedSelector - Selector sun.nio.ch.EPollSelectorImpl@2216d458 waiting with 2 keys
02:33:22.130 [qtp961160488-22] DEBUG org.eclipse.jetty.io.ManagedSelector - Selector sun.nio.ch.EPollSelectorImpl@2216d458 woken up from select, 1/1/2 selected
02:33:22.130 [qtp961160488-22] DEBUG org.eclipse.jetty.io.ManagedSelector - Selector sun.nio.ch.EPollSelectorImpl@2216d458 processing 1 keys, 0 updates
02:33:22.130 [qtp961160488-22] DEBUG org.eclipse.jetty.io.ManagedSelector - selected 1 sun.nio.ch.SelectionKeyImpl@34207ae4 SocketChannelEndPoint@54bfc404{l=/127.0.0.1:44045,r=/127.0.0.1:47404,OPEN,fill=FI,flush=-,to=0/3000}{io=1/1,kio=1,kro=1}->HttpConnection@7204c71a[p=HttpParser{s=START,0 of -1},g=HttpGenerator@2de9eabe{s=START}]=>HttpChannelOverHttp@5de1e6c{s=HttpChannelState@7a7f4bd5{s=IDLE rs=BLOCKING os=OPEN is=IDLE awp=false se=false i=true al=0},r=0,c=false/false,a=IDLE,uri=null,age=0} 
02:33:22.130 [qtp961160488-22] DEBUG org.eclipse.jetty.io.ChannelEndPoint - onSelected 1->0 r=true w=false for SocketChannelEndPoint@54bfc404{l=/127.0.0.1:44045,r=/127.0.0.1:47404,OPEN,fill=FI,flush=-,to=0/3000}{io=1/0,kio=1,kro=1}->HttpConnection@7204c71a[p=HttpParser{s=START,0 of -1},g=HttpGenerator@2de9eabe{s=START}]=>HttpChannelOverHttp@5de1e6c{s=HttpChannelState@7a7f4bd5{s=IDLE rs=BLOCKING os=OPEN is=IDLE awp=false se=false i=true al=0},r=0,c=false/false,a=IDLE,uri=null,age=0}
02:33:22.130 [qtp961160488-22] DEBUG org.eclipse.jetty.io.ChannelEndPoint - task CEP:SocketChannelEndPoint@54bfc404{l=/127.0.0.1:44045,r=/127.0.0.1:47404,OPEN,fill=FI,flush=-,to=0/3000}{io=1/0,kio=1,kro=1}->HttpConnection@7204c71a[p=HttpParser{s=START,0 of -1},g=HttpGenerator@2de9eabe{s=START}]=>HttpChannelOverHttp@5de1e6c{s=HttpChannelState@7a7f4bd5{s=IDLE rs=BLOCKING os=OPEN is=IDLE awp=false se=false i=true al=0},r=0,c=false/false,a=IDLE,uri=null,age=0}:runFillable:BLOCKING
02:33:22.130 [qtp961160488-22] DEBUG org.eclipse.jetty.util.thread.ReservedThreadExecutor - ReservedThreadExecutor@383bfa16{reserved=1/8,pending=0} tryExecute EatWhatYouKill@ffaa6af/SelectorProducer@53ce1329/PRODUCING/p=false/QueuedThreadPool[qtp961160488]@394a2528{STARTED,8<=8<=200,i=2,r=-1,q=0}[ReservedThreadExecutor@383bfa16{reserved=1/8,pending=0}][pc=0,pic=0,pec=0,epc=1]@2024-05-02T02:33:22.13+01:00
02:33:22.130 [qtp961160488-22] DEBUG org.eclipse.jetty.util.thread.ReservedThreadExecutor - ReservedThreadExecutor@383bfa16{reserved=0/8,pending=1} startReservedThread p=1
02:33:22.130 [qtp961160488-22] DEBUG org.eclipse.jetty.util.thread.QueuedThreadPool - queue ReservedThread@301ff8b8{PENDING,thread=null} startThread=0
02:33:22.130 [qtp961160488-16] DEBUG org.eclipse.jetty.util.thread.QueuedThreadPool - run ReservedThread@301ff8b8{PENDING,thread=null} in QueuedThreadPool[qtp961160488]@394a2528{STARTED,8<=8<=200,i=1,r=-1,q=0}[ReservedThreadExecutor@383bfa16{reserved=0/8,pending=1}]
02:33:22.130 [qtp961160488-16] DEBUG org.eclipse.jetty.util.thread.ReservedThreadExecutor - ReservedThread@301ff8b8{PENDING,thread=Thread[qtp961160488-16,5,main]} was=PENDING next=RESERVED size=0+1 capacity=8
02:33:22.130 [qtp961160488-16] DEBUG org.eclipse.jetty.util.thread.ReservedThreadExecutor - ReservedThread@301ff8b8{RESERVED,thread=Thread[qtp961160488-16,5,main]} waiting ReservedThreadExecutor@383bfa16{reserved=1/8,pending=0}
02:33:22.130 [qtp961160488-15] DEBUG org.eclipse.jetty.util.thread.ReservedThreadExecutor - ReservedThread@18d91e9a{RESERVED,thread=Thread[qtp961160488-15,5,main]} task=EatWhatYouKill@ffaa6af/SelectorProducer@53ce1329/IDLE/p=true/QueuedThreadPool[qtp961160488]@394a2528{STARTED,8<=8<=200,i=1,r=-1,q=0}[ReservedThreadExecutor@383bfa16{reserved=0/8,pending=1}][pc=0,pic=0,pec=0,epc=1]@2024-05-02T02:33:22.13+01:00 ReservedThreadExecutor@383bfa16{reserved=1/8,pending=0}
02:33:22.131 [qtp961160488-22] DEBUG org.eclipse.jetty.util.thread.strategy.EatWhatYouKill - EatWhatYouKill@ffaa6af/SelectorProducer@53ce1329/IDLE/p=true/QueuedThreadPool[qtp961160488]@394a2528{STARTED,8<=8<=200,i=1,r=-1,q=0}[ReservedThreadExecutor@383bfa16{reserved=1/8,pending=0}][pc=0,pic=0,pec=0,epc=1]@2024-05-02T02:33:22.13+01:00 m=EXECUTE_PRODUCE_CONSUME t=CEP:SocketChannelEndPoint@54bfc404{l=/127.0.0.1:44045,r=/127.0.0.1:47404,OPEN,fill=FI,flush=-,to=1/3000}{io=1/0,kio=1,kro=1}->HttpConnection@7204c71a[p=HttpParser{s=START,0 of -1},g=HttpGenerator@2de9eabe{s=START}]=>HttpChannelOverHttp@5de1e6c{s=HttpChannelState@7a7f4bd5{s=IDLE rs=BLOCKING os=OPEN is=IDLE awp=false se=false i=true al=0},r=0,c=false/false,a=IDLE,uri=null,age=0}:runFillable:BLOCKING/BLOCKING
02:33:22.131 [qtp961160488-15] DEBUG org.eclipse.jetty.util.thread.strategy.EatWhatYouKill - EatWhatYouKill@ffaa6af/SelectorProducer@53ce1329/IDLE/p=true/QueuedThreadPool[qtp961160488]@394a2528{STARTED,8<=8<=200,i=1,r=-1,q=0}[ReservedThreadExecutor@383bfa16{reserved=1/8,pending=0}][pc=0,pic=0,pec=0,epc=1]@2024-05-02T02:33:22.131+01:00 tryProduce true
02:33:22.131 [qtp961160488-15] DEBUG org.eclipse.jetty.io.ManagedSelector - updateable 0
02:33:22.131 [qtp961160488-15] DEBUG org.eclipse.jetty.io.ManagedSelector - updates 0
02:33:22.131 [qtp961160488-22] DEBUG org.eclipse.jetty.io.FillInterest - fillable FillInterest@2d482d35{AC.ReadCB@7204c71a{HttpConnection@7204c71a::SocketChannelEndPoint@54bfc404{l=/127.0.0.1:44045,r=/127.0.0.1:47404,OPEN,fill=FI,flush=-,to=1/3000}{io=0/0,kio=0,kro=1}->HttpConnection@7204c71a[p=HttpParser{s=START,0 of -1},g=HttpGenerator@2de9eabe{s=START}]=>HttpChannelOverHttp@5de1e6c{s=HttpChannelState@7a7f4bd5{s=IDLE rs=BLOCKING os=OPEN is=IDLE awp=false se=false i=true al=0},r=0,c=false/false,a=IDLE,uri=null,age=0}}}
02:33:22.131 [qtp961160488-15] DEBUG org.eclipse.jetty.io.ChannelEndPoint - Key interests updated 1 -> 0 on SocketChannelEndPoint@54bfc404{l=/127.0.0.1:44045,r=/127.0.0.1:47404,OPEN,fill=FI,flush=-,to=1/3000}{io=0/0,kio=0,kro=1}->HttpConnection@7204c71a[p=HttpParser{s=START,0 of -1},g=HttpGenerator@2de9eabe{s=START}]=>HttpChannelOverHttp@5de1e6c{s=HttpChannelState@7a7f4bd5{s=IDLE rs=BLOCKING os=OPEN is=IDLE awp=false se=false i=true al=0},r=0,c=false/false,a=IDLE,uri=null,age=0}
02:33:22.131 [qtp961160488-15] DEBUG org.eclipse.jetty.io.ManagedSelector - Selector sun.nio.ch.EPollSelectorImpl@2216d458 waiting with 2 keys
02:33:22.131 [qtp961160488-22] DEBUG org.eclipse.jetty.server.HttpConnection - HttpConnection@7204c71a::SocketChannelEndPoint@54bfc404{l=/127.0.0.1:44045,r=/127.0.0.1:47404,OPEN,fill=-,flush=-,to=1/3000}{io=0/0,kio=0,kro=1}->HttpConnection@7204c71a[p=HttpParser{s=START,0 of -1},g=HttpGenerator@2de9eabe{s=START}]=>HttpChannelOverHttp@5de1e6c{s=HttpChannelState@7a7f4bd5{s=IDLE rs=BLOCKING os=OPEN is=IDLE awp=false se=false i=true al=0},r=0,c=false/false,a=IDLE,uri=null,age=0} onFillable enter HttpChannelState@7a7f4bd5{s=IDLE rs=BLOCKING os=OPEN is=IDLE awp=false se=false i=true al=0} null
02:33:22.131 [qtp961160488-22] DEBUG org.eclipse.jetty.io.ChannelEndPoint - filled 115 HeapByteBuffer@3276fc12[p=0,l=115,c=8192,r=115]={<<<GET / HTTP/1.1\r\nHost: loc...gent: okhttp/3.12.3\r\n\r\n>>>nt-Length...\x00\x00\x00\x00\x00\x00\x00}
02:33:22.131 [qtp961160488-22] DEBUG org.eclipse.jetty.server.HttpConnection - HttpConnection@7204c71a::SocketChannelEndPoint@54bfc404{l=/127.0.0.1:44045,r=/127.0.0.1:47404,OPEN,fill=-,flush=-,to=0/3000}{io=0/0,kio=0,kro=1}->HttpConnection@7204c71a[p=HttpParser{s=START,0 of -1},g=HttpGenerator@2de9eabe{s=START}]=>HttpChannelOverHttp@5de1e6c{s=HttpChannelState@7a7f4bd5{s=IDLE rs=BLOCKING os=OPEN is=IDLE awp=false se=false i=true al=0},r=0,c=false/false,a=IDLE,uri=null,age=0} filled 115 HeapByteBuffer@3276fc12[p=0,l=115,c=8192,r=115]={<<<GET / HTTP/1.1\r\nHost: loc...gent: okhttp/3.12.3\r\n\r\n>>>nt-Length...\x00\x00\x00\x00\x00\x00\x00}
02:33:22.131 [qtp961160488-22] DEBUG org.eclipse.jetty.server.HttpConnection - HttpConnection@7204c71a::SocketChannelEndPoint@54bfc404{l=/127.0.0.1:44045,r=/127.0.0.1:47404,OPEN,fill=-,flush=-,to=0/3000}{io=0/0,kio=0,kro=1}->HttpConnection@7204c71a[p=HttpParser{s=START,0 of -1},g=HttpGenerator@2de9eabe{s=START}]=>HttpChannelOverHttp@5de1e6c{s=HttpChannelState@7a7f4bd5{s=IDLE rs=BLOCKING os=OPEN is=IDLE awp=false se=false i=true al=0},r=0,c=false/false,a=IDLE,uri=null,age=0} parse HeapByteBuffer@3276fc12[p=0,l=115,c=8192,r=115]={<<<GET / HTTP/1.1\r\nHost: loc...gent: okhttp/3.12.3\r\n\r\n>>>nt-Length...\x00\x00\x00\x00\x00\x00\x00} {}
02:33:22.131 [qtp961160488-22] DEBUG org.eclipse.jetty.http.HttpParser - parseNext s=START HeapByteBuffer@3276fc12[p=0,l=115,c=8192,r=115]={<<<GET / HTTP/1.1\r\nHost: loc...gent: okhttp/3.12.3\r\n\r\n>>>nt-Length...\x00\x00\x00\x00\x00\x00\x00}
02:33:22.131 [qtp961160488-22] DEBUG org.eclipse.jetty.http.HttpParser - START --> SPACE1
02:33:22.131 [qtp961160488-22] DEBUG org.eclipse.jetty.http.HttpParser - SPACE1 --> URI
02:33:22.131 [qtp961160488-22] DEBUG org.eclipse.jetty.http.HttpParser - URI --> SPACE2
02:33:22.131 [qtp961160488-22] DEBUG org.eclipse.jetty.http.HttpParser - SPACE2 --> REQUEST_VERSION
02:33:22.131 [qtp961160488-22] DEBUG org.eclipse.jetty.http.HttpParser - REQUEST_VERSION --> HEADER
02:33:22.131 [qtp961160488-22] DEBUG org.eclipse.jetty.http.HttpParser - HEADER:Host --> VALUE
02:33:22.131 [qtp961160488-22] DEBUG org.eclipse.jetty.http.HttpParser - HEADER:Host --> IN_VALUE
02:33:22.132 [qtp961160488-22] DEBUG org.eclipse.jetty.http.HttpParser - HEADER:Host --> FIELD
02:33:22.132 [qtp961160488-22] DEBUG org.eclipse.jetty.http.HttpParser - HEADER:Connection: keep-alive --> IN_VALUE
02:33:22.132 [qtp961160488-22] DEBUG org.eclipse.jetty.http.HttpParser - HEADER:Connection: keep-alive --> FIELD
02:33:22.132 [qtp961160488-22] DEBUG org.eclipse.jetty.http.HttpParser - HEADER:Accept-Encoding: gzip --> IN_VALUE
02:33:22.132 [qtp961160488-22] DEBUG org.eclipse.jetty.http.HttpParser - HEADER:Accept-Encoding: gzip --> FIELD
02:33:22.132 [qtp961160488-22] DEBUG org.eclipse.jetty.http.HttpParser - HEADER:User-Agent --> VALUE
02:33:22.132 [qtp961160488-22] DEBUG org.eclipse.jetty.http.HttpParser - HEADER:User-Agent --> IN_VALUE
02:33:22.132 [qtp961160488-22] DEBUG org.eclipse.jetty.http.HttpParser - HEADER:User-Agent --> FIELD
02:33:22.132 [qtp961160488-22] DEBUG org.eclipse.jetty.http.HttpParser - HEADER --> CONTENT
02:33:22.132 [qtp961160488-22] DEBUG org.eclipse.jetty.server.HttpChannel - REQUEST for //localhost:44045/ on HttpChannelOverHttp@5de1e6c{s=HttpChannelState@7a7f4bd5{s=IDLE rs=BLOCKING os=OPEN is=IDLE awp=false se=false i=true al=0},r=1,c=false/false,a=IDLE,uri=//localhost:44045/,age=0}
GET //localhost:44045/ HTTP/1.1
Host: localhost:44045
Connection: keep-alive
Accept-Encoding: gzip
User-Agent: okhttp/3.12.3


02:33:22.132 [qtp961160488-22] DEBUG org.eclipse.jetty.server.HttpConnection - HttpConnection@7204c71a::SocketChannelEndPoint@54bfc404{l=/127.0.0.1:44045,r=/127.0.0.1:47404,OPEN,fill=-,flush=-,to=0/3000}{io=0/0,kio=0,kro=1}->HttpConnection@7204c71a[p=HttpParser{s=CONTENT,0 of -1},g=HttpGenerator@2de9eabe{s=START}]=>HttpChannelOverHttp@5de1e6c{s=HttpChannelState@7a7f4bd5{s=IDLE rs=BLOCKING os=OPEN is=IDLE awp=false se=false i=true al=0},r=1,c=false/false,a=IDLE,uri=//localhost:44045/,age=0} parsed true HttpParser{s=CONTENT,0 of -1}
02:33:22.132 [qtp961160488-22] DEBUG org.eclipse.jetty.server.HttpConnection - releaseRequestBuffer HttpConnection@7204c71a::SocketChannelEndPoint@54bfc404{l=/127.0.0.1:44045,r=/127.0.0.1:47404,OPEN,fill=-,flush=-,to=0/3000}{io=0/0,kio=0,kro=1}->HttpConnection@7204c71a[p=HttpParser{s=CONTENT,0 of -1},g=HttpGenerator@2de9eabe{s=START}]=>HttpChannelOverHttp@5de1e6c{s=HttpChannelState@7a7f4bd5{s=IDLE rs=BLOCKING os=OPEN is=IDLE awp=false se=false i=true al=0},r=1,c=false/false,a=IDLE,uri=//localhost:44045/,age=0}
02:33:22.132 [qtp961160488-22] DEBUG org.eclipse.jetty.server.HttpChannel - handle //localhost:44045/ HttpChannelOverHttp@5de1e6c{s=HttpChannelState@7a7f4bd5{s=IDLE rs=BLOCKING os=OPEN is=IDLE awp=false se=false i=true al=0},r=1,c=false/false,a=IDLE,uri=//localhost:44045/,age=0} 
02:33:22.132 [qtp961160488-22] DEBUG org.eclipse.jetty.server.HttpChannelState - handling HttpChannelState@7a7f4bd5{s=IDLE rs=BLOCKING os=OPEN is=IDLE awp=false se=false i=true al=0}
02:33:22.132 [qtp961160488-22] DEBUG org.eclipse.jetty.server.HttpChannel - action DISPATCH HttpChannelOverHttp@5de1e6c{s=HttpChannelState@7a7f4bd5{s=HANDLING rs=BLOCKING os=OPEN is=IDLE awp=false se=false i=true al=0},r=1,c=false/false,a=HANDLING,uri=//localhost:44045/,age=0}
02:33:22.132 [qtp961160488-22] DEBUG org.eclipse.jetty.server.Server - REQUEST GET / on HttpChannelOverHttp@5de1e6c{s=HttpChannelState@7a7f4bd5{s=HANDLING rs=BLOCKING os=OPEN is=IDLE awp=false se=false i=true al=0},r=1,c=false/false,a=HANDLING,uri=//localhost:44045/,age=0}
02:33:22.132 [qtp961160488-22] DEBUG org.eclipse.jetty.server.HttpOutput - write(array HeapByteBuffer@751d70df[p=0,l=4,c=512,r=4]={<<<test>>>\x00\x00\x00\x00\x00\x00\x00\x00\x00...\x00\x00\x00\x00\x00\x00\x00})
02:33:22.132 [qtp961160488-22] DEBUG org.eclipse.jetty.server.HttpOutput - write(array) s=CLOSING,api=BLOCKED,sc=false,e=null last=true agg=false flush=true async=false, len=4 null
02:33:22.132 [qtp961160488-22] DEBUG org.eclipse.jetty.server.HttpChannel - sendResponse info=null content=HeapByteBuffer@73e2d467[p=0,l=4,c=512,r=4]={<<<test>>>\x00\x00\x00\x00\x00\x00\x00\x00\x00...\x00\x00\x00\x00\x00\x00\x00} complete=true committing=true callback=Blocker@442267a5{null}
02:33:22.132 [qtp961160488-22] DEBUG org.eclipse.jetty.server.HttpChannel - COMMIT for / on HttpChannelOverHttp@5de1e6c{s=HttpChannelState@7a7f4bd5{s=HANDLING rs=BLOCKING os=COMMITTED is=IDLE awp=false se=false i=true al=0},r=1,c=false/false,a=HANDLING,uri=//localhost:44045/,age=0}
200 null HTTP/1.1
Date: Thu, 02 May 2024 01:33:22 GMT
ETag: testEtag
Content-Type: text/plain;charset=utf-8
Content-Length: 4


02:33:22.132 [qtp961160488-22] DEBUG org.eclipse.jetty.server.HttpConnection - generate: NEED_HEADER for SendCallback@b379da1[PROCESSING][i=HTTP/1.1{s=200,h=4,cl=4},cb=org.eclipse.jetty.server.HttpChannel$SendCallback@15328f90] (null,[p=0,l=4,c=512,r=4],true)@START
02:33:22.133 [qtp961160488-22] DEBUG org.eclipse.jetty.http.HttpGenerator - generateHeaders HTTP/1.1{s=200,h=4,cl=4} last=true content=HeapByteBuffer@73e2d467[p=0,l=4,c=512,r=4]={<<<test>>>\x00\x00\x00\x00\x00\x00\x00\x00\x00...\x00\x00\x00\x00\x00\x00\x00}
02:33:22.133 [qtp961160488-22] DEBUG org.eclipse.jetty.http.HttpGenerator - Date: Thu, 02 May 2024 01:33:22 GMT
ETag: testEtag
Content-Type: text/plain;charset=utf-8
Content-Length: 4


02:33:22.133 [qtp961160488-22] DEBUG org.eclipse.jetty.http.HttpGenerator - CONTENT_LENGTH
02:33:22.133 [qtp961160488-22] DEBUG org.eclipse.jetty.server.HttpConnection - generate: FLUSH for SendCallback@b379da1[PROCESSING][i=HTTP/1.1{s=200,h=4,cl=4},cb=org.eclipse.jetty.server.HttpChannel$SendCallback@15328f90] ([p=0,l=164,c=8192,r=164],[p=0,l=4,c=512,r=4],true)@COMPLETING
02:33:22.133 [qtp961160488-22] DEBUG org.eclipse.jetty.io.WriteFlusher - write: WriteFlusher@709630bd{IDLE}->null [HeapByteBuffer@3276fc12[p=0,l=164,c=8192,r=164]={<<<HTTP/1.1 200 OK\r\nDate: Th...y(9.4.44.v20210927)\r\n\r\n>>>\n\r\n\x00\x00\x00\x00\x00\x00...\x00\x00\x00\x00\x00\x00\x00},HeapByteBuffer@73e2d467[p=0,l=4,c=512,r=4]={<<<test>>>\x00\x00\x00\x00\x00\x00\x00\x00\x00...\x00\x00\x00\x00\x00\x00\x00}]
02:33:22.133 [qtp961160488-22] DEBUG org.eclipse.jetty.io.WriteFlusher - update WriteFlusher@709630bd{WRITING}->null:IDLE-->WRITING
02:33:22.133 [qtp961160488-22] DEBUG org.eclipse.jetty.io.ChannelEndPoint - flushed 168 SocketChannelEndPoint@54bfc404{l=/127.0.0.1:44045,r=/127.0.0.1:47404,OPEN,fill=-,flush=W,to=1/3000}{io=0/0,kio=0,kro=1}->HttpConnection@7204c71a[p=HttpParser{s=CONTENT,0 of -1},g=HttpGenerator@2de9eabe{s=COMPLETING}]=>HttpChannelOverHttp@5de1e6c{s=HttpChannelState@7a7f4bd5{s=HANDLING rs=BLOCKING os=COMMITTED is=IDLE awp=false se=false i=true al=0},r=1,c=false/false,a=HANDLING,uri=//localhost:44045/,age=1}
02:33:22.133 [main] DEBUG org.apache.nifi.minifi.bootstrap.configuration.ingestors.PullHttpChangeIngestor - Response received: Response{protocol=http/1.1, code=200, message=OK, url=http://localhost:44045/}
02:33:22.133 [qtp961160488-22] DEBUG org.eclipse.jetty.io.WriteFlusher - Flushed=true written=168 remaining=0 WriteFlusher@709630bd{WRITING}->null
02:33:22.133 [qtp961160488-22] DEBUG org.eclipse.jetty.io.WriteFlusher - update WriteFlusher@709630bd{IDLE}->null:WRITING-->IDLE
02:33:22.133 [qtp961160488-22] DEBUG org.eclipse.jetty.server.HttpConnection - generate: DONE for SendCallback@b379da1[PROCESSING][i=HTTP/1.1{s=200,h=4,cl=4},cb=org.eclipse.jetty.server.HttpChannel$SendCallback@15328f90] ([p=164,l=164,c=8192,r=0],[p=4,l=4,c=512,r=0],true)@END
02:33:22.133 [main] DEBUG org.apache.nifi.minifi.bootstrap.configuration.ingestors.PullHttpChangeIngestor - Pulled config same as currently running.
02:33:22.133 [qtp961160488-22] DEBUG org.eclipse.jetty.server.HttpOutput - onWriteComplete(true,null) s=CLOSING,api=BLOCKED,sc=false,e=null->s=CLOSED,api=BLOCKING,sc=false,e=null c=null cb=null w=false
02:33:22.133 [qtp961160488-22] DEBUG org.eclipse.jetty.server.HttpOutput - close() s=CLOSED,api=BLOCKING,sc=false,e=null c=null b=null
02:33:22.133 [qtp961160488-22] DEBUG org.eclipse.jetty.server.Server - handled=true async=false committed=true on HttpChannelOverHttp@5de1e6c{s=HttpChannelState@7a7f4bd5{s=HANDLING rs=BLOCKING os=COMPLETED is=IDLE awp=false se=false i=true al=0},r=1,c=false/true,a=HANDLING,uri=//localhost:44045/,age=1}
02:33:22.133 [qtp961160488-22] DEBUG org.eclipse.jetty.server.HttpChannelState - unhandle HttpChannelState@7a7f4bd5{s=HANDLING rs=BLOCKING os=COMPLETED is=IDLE awp=false se=false i=true al=0}
02:33:22.133 [qtp961160488-22] DEBUG org.eclipse.jetty.server.HttpChannelState - nextAction(false) COMPLETE HttpChannelState@7a7f4bd5{s=HANDLING rs=COMPLETING os=COMPLETED is=IDLE awp=false se=false i=false al=0}
02:33:22.133 [qtp961160488-22] DEBUG org.eclipse.jetty.server.HttpChannel - action COMPLETE HttpChannelOverHttp@5de1e6c{s=HttpChannelState@7a7f4bd5{s=HANDLING rs=COMPLETING os=COMPLETED is=IDLE awp=false se=false i=false al=0},r=1,c=false/true,a=HANDLING,uri=//localhost:44045/,age=1}
]]></system-out>
  </testcase>
  <testcase name="testNoUpdateWithPath" classname="org.apache.nifi.minifi.bootstrap.configuration.ingestors.PullHttpChangeIngestorTest" time="0.007">
    <system-out><![CDATA[02:33:22.133 [qtp961160488-22] DEBUG org.eclipse.jetty.server.HttpOutput - complete(org.eclipse.jetty.util.Callback$3@275e6e45) s=CLOSED,api=BLOCKING,sc=false,e=null s=true e=null, c=null
02:33:22.133 [qtp961160488-22] DEBUG org.eclipse.jetty.server.HttpChannelState - completed HttpChannelState@7a7f4bd5{s=HANDLING rs=COMPLETING os=COMPLETED is=IDLE awp=false se=false i=false al=0}
02:33:22.133 [qtp961160488-22] DEBUG org.eclipse.jetty.server.HttpChannelState - unhandle HttpChannelState@7a7f4bd5{s=HANDLING rs=COMPLETED os=COMPLETED is=IDLE awp=false se=false i=false al=0}
02:33:22.134 [qtp961160488-22] DEBUG org.eclipse.jetty.server.HttpChannelState - nextAction(false) TERMINATED HttpChannelState@7a7f4bd5{s=IDLE rs=COMPLETED os=COMPLETED is=IDLE awp=false se=false i=false al=0}
02:33:22.134 [qtp961160488-22] DEBUG org.eclipse.jetty.server.HttpChannel - action TERMINATED HttpChannelOverHttp@5de1e6c{s=HttpChannelState@7a7f4bd5{s=IDLE rs=COMPLETED os=COMPLETED is=IDLE awp=false se=false i=false al=0},r=1,c=true/true,a=IDLE,uri=//localhost:44045/,age=2}
02:33:22.134 [qtp961160488-22] DEBUG org.eclipse.jetty.server.HttpChannel - onCompleted for / written=4
02:33:22.134 [qtp961160488-22] DEBUG org.eclipse.jetty.io.ChannelEndPoint - filled 0 HeapByteBuffer@3276fc12[p=0,l=0,c=8192,r=0]={<<<>>>HTTP/1.1 ...\x00\x00\x00\x00\x00\x00\x00}
02:33:22.134 [qtp961160488-22] DEBUG org.eclipse.jetty.io.ChannelEndPoint - filled 0 HeapByteBuffer@3276fc12[p=0,l=0,c=8192,r=0]={<<<>>>HTTP/1.1 ...\x00\x00\x00\x00\x00\x00\x00}
02:33:22.134 [qtp961160488-22] DEBUG org.eclipse.jetty.server.HttpConnection - HttpConnection@7204c71a::SocketChannelEndPoint@54bfc404{l=/127.0.0.1:44045,r=/127.0.0.1:47404,OPEN,fill=-,flush=-,to=0/3000}{io=0/0,kio=0,kro=1}->HttpConnection@7204c71a[p=HttpParser{s=CONTENT,0 of -1},g=HttpGenerator@2de9eabe{s=END}]=>HttpChannelOverHttp@5de1e6c{s=HttpChannelState@7a7f4bd5{s=IDLE rs=COMPLETED os=COMPLETED is=IDLE awp=false se=false i=false al=0},r=1,c=true/true,a=IDLE,uri=//localhost:44045/,age=2} filled 0 HeapByteBuffer@3276fc12[p=0,l=0,c=8192,r=0]={<<<>>>HTTP/1.1 ...\x00\x00\x00\x00\x00\x00\x00}
02:33:22.134 [qtp961160488-22] DEBUG org.eclipse.jetty.server.HttpConnection - HttpConnection@7204c71a::SocketChannelEndPoint@54bfc404{l=/127.0.0.1:44045,r=/127.0.0.1:47404,OPEN,fill=-,flush=-,to=0/3000}{io=0/0,kio=0,kro=1}->HttpConnection@7204c71a[p=HttpParser{s=CONTENT,0 of -1},g=HttpGenerator@2de9eabe{s=END}]=>HttpChannelOverHttp@5de1e6c{s=HttpChannelState@7a7f4bd5{s=IDLE rs=COMPLETED os=COMPLETED is=IDLE awp=false se=false i=false al=0},r=1,c=true/true,a=IDLE,uri=//localhost:44045/,age=2} parse HeapByteBuffer@3276fc12[p=0,l=0,c=8192,r=0]={<<<>>>HTTP/1.1 ...\x00\x00\x00\x00\x00\x00\x00} {}
02:33:22.134 [qtp961160488-22] DEBUG org.eclipse.jetty.http.HttpParser - parseNext s=CONTENT HeapByteBuffer@3276fc12[p=0,l=0,c=8192,r=0]={<<<>>>HTTP/1.1 ...\x00\x00\x00\x00\x00\x00\x00}
02:33:22.134 [qtp961160488-22] DEBUG org.eclipse.jetty.http.HttpParser - CONTENT --> CONTENT_END
02:33:22.134 [qtp961160488-22] DEBUG org.eclipse.jetty.server.HttpChannel - onContentComplete HttpChannelOverHttp@5de1e6c{s=HttpChannelState@7a7f4bd5{s=IDLE rs=COMPLETED os=COMPLETED is=IDLE awp=false se=false i=false al=0},r=1,c=true/true,a=IDLE,uri=//localhost:44045/,age=2}
02:33:22.134 [qtp961160488-22] DEBUG org.eclipse.jetty.http.HttpParser - CONTENT_END --> END
02:33:22.134 [qtp961160488-22] DEBUG org.eclipse.jetty.server.HttpChannel - onRequestComplete HttpChannelOverHttp@5de1e6c{s=HttpChannelState@7a7f4bd5{s=IDLE rs=COMPLETED os=COMPLETED is=IDLE awp=false se=false i=false al=0},r=1,c=true/true,a=IDLE,uri=//localhost:44045/,age=2}
02:33:22.134 [qtp961160488-22] DEBUG org.eclipse.jetty.server.HttpInput - HttpInputOverHTTP@1033359a[c=0,q=0,[0]=null,s=STREAM] addContent EOF
02:33:22.134 [qtp961160488-22] DEBUG org.eclipse.jetty.server.HttpConnection - HttpConnection@7204c71a::SocketChannelEndPoint@54bfc404{l=/127.0.0.1:44045,r=/127.0.0.1:47404,OPEN,fill=-,flush=-,to=1/3000}{io=0/0,kio=0,kro=1}->HttpConnection@7204c71a[p=HttpParser{s=END,0 of -1},g=HttpGenerator@2de9eabe{s=END}]=>HttpChannelOverHttp@5de1e6c{s=HttpChannelState@7a7f4bd5{s=IDLE rs=COMPLETED os=COMPLETED is=IDLE awp=false se=false i=false al=0},r=1,c=true/true,a=IDLE,uri=//localhost:44045/,age=2} parsed false HttpParser{s=END,0 of -1}
02:33:22.134 [qtp961160488-22] DEBUG org.eclipse.jetty.server.HttpConnection - releaseRequestBuffer HttpConnection@7204c71a::SocketChannelEndPoint@54bfc404{l=/127.0.0.1:44045,r=/127.0.0.1:47404,OPEN,fill=-,flush=-,to=1/3000}{io=0/0,kio=0,kro=1}->HttpConnection@7204c71a[p=HttpParser{s=END,0 of -1},g=HttpGenerator@2de9eabe{s=END}]=>HttpChannelOverHttp@5de1e6c{s=HttpChannelState@7a7f4bd5{s=IDLE rs=COMPLETED os=COMPLETED is=IDLE awp=false se=false i=false al=0},r=1,c=true/true,a=IDLE,uri=//localhost:44045/,age=2}
02:33:22.134 [qtp961160488-22] DEBUG org.eclipse.jetty.server.HttpChannelState - recycle HttpChannelState@7a7f4bd5{s=IDLE rs=COMPLETED os=COMPLETED is=IDLE awp=false se=false i=false al=0}
02:33:22.134 [qtp961160488-22] DEBUG org.eclipse.jetty.http.HttpParser - reset HttpParser{s=END,0 of -1}
02:33:22.134 [qtp961160488-22] DEBUG org.eclipse.jetty.http.HttpParser - END --> START
02:33:22.135 [qtp961160488-22] DEBUG org.eclipse.jetty.server.HttpChannel - !handle TERMINATED HttpChannelOverHttp@5de1e6c{s=HttpChannelState@7a7f4bd5{s=IDLE rs=BLOCKING os=OPEN is=IDLE awp=false se=false i=true al=0},r=1,c=false/false,a=IDLE,uri=null,age=0}
02:33:22.135 [main] DEBUG org.apache.nifi.minifi.bootstrap.configuration.ingestors.PullHttpChangeIngestor - Attempting to pull new config
02:33:22.135 [qtp961160488-22] DEBUG org.eclipse.jetty.io.ChannelEndPoint - filled 0 HeapByteBuffer@3276fc12[p=0,l=0,c=8192,r=0]={<<<>>>HTTP/1.1 ...\x00\x00\x00\x00\x00\x00\x00}
02:33:22.135 [qtp961160488-22] DEBUG org.eclipse.jetty.io.ChannelEndPoint - filled 0 HeapByteBuffer@3276fc12[p=0,l=0,c=8192,r=0]={<<<>>>HTTP/1.1 ...\x00\x00\x00\x00\x00\x00\x00}
02:33:22.135 [qtp961160488-22] DEBUG org.eclipse.jetty.server.HttpConnection - HttpConnection@7204c71a::SocketChannelEndPoint@54bfc404{l=/127.0.0.1:44045,r=/127.0.0.1:47404,OPEN,fill=-,flush=-,to=1/3000}{io=0/0,kio=0,kro=1}->HttpConnection@7204c71a[p=HttpParser{s=START,0 of -1},g=HttpGenerator@2de9eabe{s=START}]=>HttpChannelOverHttp@5de1e6c{s=HttpChannelState@7a7f4bd5{s=IDLE rs=BLOCKING os=OPEN is=IDLE awp=false se=false i=true al=0},r=1,c=false/false,a=IDLE,uri=null,age=0} filled 0 HeapByteBuffer@3276fc12[p=0,l=0,c=8192,r=0]={<<<>>>HTTP/1.1 ...\x00\x00\x00\x00\x00\x00\x00}
02:33:22.135 [qtp961160488-22] DEBUG org.eclipse.jetty.server.HttpConnection - HttpConnection@7204c71a::SocketChannelEndPoint@54bfc404{l=/127.0.0.1:44045,r=/127.0.0.1:47404,OPEN,fill=-,flush=-,to=1/3000}{io=0/0,kio=0,kro=1}->HttpConnection@7204c71a[p=HttpParser{s=START,0 of -1},g=HttpGenerator@2de9eabe{s=START}]=>HttpChannelOverHttp@5de1e6c{s=HttpChannelState@7a7f4bd5{s=IDLE rs=BLOCKING os=OPEN is=IDLE awp=false se=false i=true al=0},r=1,c=false/false,a=IDLE,uri=null,age=0} parse HeapByteBuffer@3276fc12[p=0,l=0,c=8192,r=0]={<<<>>>HTTP/1.1 ...\x00\x00\x00\x00\x00\x00\x00} {}
02:33:22.135 [qtp961160488-22] DEBUG org.eclipse.jetty.http.HttpParser - parseNext s=START HeapByteBuffer@3276fc12[p=0,l=0,c=8192,r=0]={<<<>>>HTTP/1.1 ...\x00\x00\x00\x00\x00\x00\x00}
02:33:22.135 [qtp961160488-22] DEBUG org.eclipse.jetty.server.HttpConnection - HttpConnection@7204c71a::SocketChannelEndPoint@54bfc404{l=/127.0.0.1:44045,r=/127.0.0.1:47404,OPEN,fill=-,flush=-,to=1/3000}{io=0/0,kio=0,kro=1}->HttpConnection@7204c71a[p=HttpParser{s=START,0 of -1},g=HttpGenerator@2de9eabe{s=START}]=>HttpChannelOverHttp@5de1e6c{s=HttpChannelState@7a7f4bd5{s=IDLE rs=BLOCKING os=OPEN is=IDLE awp=false se=false i=true al=0},r=1,c=false/false,a=IDLE,uri=null,age=0} parsed false HttpParser{s=START,0 of -1}
02:33:22.135 [qtp961160488-22] DEBUG org.eclipse.jetty.server.HttpConnection - releaseRequestBuffer HttpConnection@7204c71a::SocketChannelEndPoint@54bfc404{l=/127.0.0.1:44045,r=/127.0.0.1:47404,OPEN,fill=-,flush=-,to=1/3000}{io=0/0,kio=0,kro=1}->HttpConnection@7204c71a[p=HttpParser{s=START,0 of -1},g=HttpGenerator@2de9eabe{s=START}]=>HttpChannelOverHttp@5de1e6c{s=HttpChannelState@7a7f4bd5{s=IDLE rs=BLOCKING os=OPEN is=IDLE awp=false se=false i=true al=0},r=1,c=false/false,a=IDLE,uri=null,age=0}
02:33:22.135 [qtp961160488-22] DEBUG org.eclipse.jetty.io.AbstractConnection - fillInterested HttpConnection@7204c71a::SocketChannelEndPoint@54bfc404{l=/127.0.0.1:44045,r=/127.0.0.1:47404,OPEN,fill=-,flush=-,to=2/3000}{io=0/0,kio=0,kro=1}->HttpConnection@7204c71a[p=HttpParser{s=START,0 of -1},g=HttpGenerator@2de9eabe{s=START}]=>HttpChannelOverHttp@5de1e6c{s=HttpChannelState@7a7f4bd5{s=IDLE rs=BLOCKING os=OPEN is=IDLE awp=false se=false i=true al=0},r=1,c=false/false,a=IDLE,uri=null,age=0}
02:33:22.135 [qtp961160488-22] DEBUG org.eclipse.jetty.io.FillInterest - interested FillInterest@2d482d35{AC.ReadCB@7204c71a{HttpConnection@7204c71a::SocketChannelEndPoint@54bfc404{l=/127.0.0.1:44045,r=/127.0.0.1:47404,OPEN,fill=FI,flush=-,to=0/3000}{io=0/0,kio=0,kro=1}->HttpConnection@7204c71a[p=HttpParser{s=START,0 of -1},g=HttpGenerator@2de9eabe{s=START}]=>HttpChannelOverHttp@5de1e6c{s=HttpChannelState@7a7f4bd5{s=IDLE rs=BLOCKING os=OPEN is=IDLE awp=false se=false i=true al=0},r=1,c=false/false,a=IDLE,uri=null,age=0}}}
02:33:22.135 [qtp961160488-19-acceptor-0@1e1a0406-ServerConnector@446293d{HTTP/1.1, (http/1.1)}{localhost:44045}] DEBUG org.eclipse.jetty.io.ManagedSelector - Queued change lazy=false Accept@67131ffb[java.nio.channels.SocketChannel[connected local=/127.0.0.1:44045 remote=/127.0.0.1:47420]] on ManagedSelector@1de5f259{STARTED} id=3 keys=1 selected=0 updates=0
02:33:22.135 [qtp961160488-22] DEBUG org.eclipse.jetty.io.ChannelEndPoint - changeInterests p=false 0->1 for SocketChannelEndPoint@54bfc404{l=/127.0.0.1:44045,r=/127.0.0.1:47404,OPEN,fill=FI,flush=-,to=0/3000}{io=0/1,kio=0,kro=1}->HttpConnection@7204c71a[p=HttpParser{s=START,0 of -1},g=HttpGenerator@2de9eabe{s=START}]=>HttpChannelOverHttp@5de1e6c{s=HttpChannelState@7a7f4bd5{s=IDLE rs=BLOCKING os=OPEN is=IDLE awp=false se=false i=true al=0},r=1,c=false/false,a=IDLE,uri=null,age=0}
02:33:22.135 [qtp961160488-19-acceptor-0@1e1a0406-ServerConnector@446293d{HTTP/1.1, (http/1.1)}{localhost:44045}] DEBUG org.eclipse.jetty.io.ManagedSelector - Wakeup on submit ManagedSelector@1de5f259{STARTED} id=3 keys=1 selected=0 updates=1
02:33:22.135 [qtp961160488-22] DEBUG org.eclipse.jetty.io.ManagedSelector - Queued change lazy=false org.eclipse.jetty.io.ChannelEndPoint$$Lambda$255/1238156519@79201391 on ManagedSelector@316bcf94{STARTED} id=2 keys=2 selected=0 updates=0
02:33:22.135 [qtp961160488-22] DEBUG org.eclipse.jetty.io.ManagedSelector - Wakeup on submit ManagedSelector@316bcf94{STARTED} id=2 keys=2 selected=0 updates=1
02:33:22.135 [qtp961160488-21] DEBUG org.eclipse.jetty.io.ManagedSelector - Selector sun.nio.ch.EPollSelectorImpl@81d867 woken with none selected
02:33:22.135 [qtp961160488-21] DEBUG org.eclipse.jetty.io.ManagedSelector - Selector sun.nio.ch.EPollSelectorImpl@81d867 woken up from select, 0/0/1 selected
02:33:22.135 [qtp961160488-21] DEBUG org.eclipse.jetty.io.ManagedSelector - Selector sun.nio.ch.EPollSelectorImpl@81d867 processing 0 keys, 1 updates
02:33:22.136 [qtp961160488-21] DEBUG org.eclipse.jetty.io.ManagedSelector - updateable 1
02:33:22.136 [qtp961160488-15] DEBUG org.eclipse.jetty.io.ManagedSelector - Selector sun.nio.ch.EPollSelectorImpl@2216d458 woken with none selected
02:33:22.136 [qtp961160488-21] DEBUG org.eclipse.jetty.io.ManagedSelector - update Accept@67131ffb[java.nio.channels.SocketChannel[connected local=/127.0.0.1:44045 remote=/127.0.0.1:47420]]
02:33:22.136 [qtp961160488-15] DEBUG org.eclipse.jetty.io.ManagedSelector - Selector sun.nio.ch.EPollSelectorImpl@2216d458 woken up from select, 0/0/2 selected
02:33:22.136 [qtp961160488-15] DEBUG org.eclipse.jetty.io.ManagedSelector - Selector sun.nio.ch.EPollSelectorImpl@2216d458 processing 0 keys, 1 updates
02:33:22.136 [qtp961160488-15] DEBUG org.eclipse.jetty.io.ManagedSelector - updateable 1
02:33:22.136 [qtp961160488-21] DEBUG org.eclipse.jetty.util.thread.QueuedThreadPool - queue Accept@67131ffb[java.nio.channels.SocketChannel[connected local=/127.0.0.1:44045 remote=/127.0.0.1:47420]] startThread=0
02:33:22.136 [qtp961160488-15] DEBUG org.eclipse.jetty.io.ManagedSelector - update org.eclipse.jetty.io.ChannelEndPoint$$Lambda$255/1238156519@79201391
02:33:22.136 [qtp961160488-21] DEBUG org.eclipse.jetty.io.ManagedSelector - updates 0
02:33:22.136 [qtp961160488-21] DEBUG org.eclipse.jetty.io.ManagedSelector - Selector sun.nio.ch.EPollSelectorImpl@81d867 waiting with 2 keys
02:33:22.136 [qtp961160488-17] DEBUG org.eclipse.jetty.util.thread.QueuedThreadPool - run Accept@67131ffb[java.nio.channels.SocketChannel[connected local=/127.0.0.1:44045 remote=/127.0.0.1:47420]] in QueuedThreadPool[qtp961160488]@394a2528{STARTED,8<=8<=200,i=0,r=-1,q=0}[ReservedThreadExecutor@383bfa16{reserved=1/8,pending=0}]
02:33:22.136 [qtp961160488-15] DEBUG org.eclipse.jetty.io.ChannelEndPoint - Key interests updated 0 -> 1 on SocketChannelEndPoint@54bfc404{l=/127.0.0.1:44045,r=/127.0.0.1:47404,OPEN,fill=FI,flush=-,to=0/3000}{io=1/1,kio=1,kro=1}->HttpConnection@7204c71a[p=HttpParser{s=START,0 of -1},g=HttpGenerator@2de9eabe{s=START}]=>HttpChannelOverHttp@5de1e6c{s=HttpChannelState@7a7f4bd5{s=IDLE rs=BLOCKING os=OPEN is=IDLE awp=false se=false i=true al=0},r=1,c=false/false,a=IDLE,uri=null,age=0}
02:33:22.136 [qtp961160488-15] DEBUG org.eclipse.jetty.io.ManagedSelector - updates 0
02:33:22.136 [qtp961160488-15] DEBUG org.eclipse.jetty.io.ManagedSelector - Selector sun.nio.ch.EPollSelectorImpl@2216d458 waiting with 2 keys
02:33:22.136 [qtp961160488-17] DEBUG org.eclipse.jetty.io.IdleTimeout - SocketChannelEndPoint@2cd14a6d{l=/127.0.0.1:44045,r=/127.0.0.1:47420,OPEN,fill=-,flush=-,to=0/3000}{io=0/0,kio=0,kro=0}-><null> idle timeout check, elapsed: 0 ms, remaining: 3000 ms
02:33:22.136 [qtp961160488-22] DEBUG org.eclipse.jetty.server.HttpConnection - HttpConnection@7204c71a::SocketChannelEndPoint@54bfc404{l=/127.0.0.1:44045,r=/127.0.0.1:47404,OPEN,fill=FI,flush=-,to=0/3000}{io=1/1,kio=1,kro=1}->HttpConnection@7204c71a[p=HttpParser{s=START,0 of -1},g=HttpGenerator@2de9eabe{s=START}]=>HttpChannelOverHttp@5de1e6c{s=HttpChannelState@7a7f4bd5{s=IDLE rs=BLOCKING os=OPEN is=IDLE awp=false se=false i=true al=0},r=1,c=false/false,a=IDLE,uri=null,age=0} onFillable exit HttpChannelState@7a7f4bd5{s=IDLE rs=BLOCKING os=OPEN is=IDLE awp=false se=false i=true al=0} null
02:33:22.136 [qtp961160488-22] DEBUG org.eclipse.jetty.util.thread.ReservedThreadExecutor - ReservedThread@3e1af87e{RUNNING,thread=Thread[qtp961160488-22,5,main]} was=RUNNING next=RESERVED size=0+2 capacity=8
02:33:22.136 [qtp961160488-22] DEBUG org.eclipse.jetty.util.thread.ReservedThreadExecutor - ReservedThread@3e1af87e{RESERVED,thread=Thread[qtp961160488-22,5,main]} waiting ReservedThreadExecutor@383bfa16{reserved=2/8,pending=0}
02:33:22.136 [qtp961160488-17] DEBUG org.eclipse.jetty.server.HttpChannel - new HttpChannelOverHttp@4e0fe953{s=HttpChannelState@22c24422{s=IDLE rs=BLOCKING os=OPEN is=IDLE awp=false se=false i=true al=0},r=0,c=false/false,a=IDLE,uri=null,age=0} -> SocketChannelEndPoint@2cd14a6d{l=/127.0.0.1:44045,r=/127.0.0.1:47420,OPEN,fill=-,flush=-,to=0/3000}{io=0/0,kio=0,kro=0}-><null>,null,HttpChannelState@22c24422{s=IDLE rs=BLOCKING os=OPEN is=IDLE awp=false se=false i=true al=0}
02:33:22.136 [qtp961160488-17] DEBUG org.eclipse.jetty.server.HttpConnection - New HTTP Connection HttpConnection@5b877770::SocketChannelEndPoint@2cd14a6d{l=/127.0.0.1:44045,r=/127.0.0.1:47420,OPEN,fill=-,flush=-,to=0/3000}{io=0/0,kio=0,kro=0}-><null>
02:33:22.136 [qtp961160488-17] DEBUG org.eclipse.jetty.io.ManagedSelector - Queued change lazy=true org.eclipse.jetty.io.ManagedSelector$$Lambda$258/1710399120@7da3dc4f on ManagedSelector@1de5f259{STARTED} id=3 keys=2 selected=0 updates=0
02:33:22.136 [qtp961160488-17] DEBUG org.eclipse.jetty.io.AbstractEndPoint - onOpen SocketChannelEndPoint@2cd14a6d{l=/127.0.0.1:44045,r=/127.0.0.1:47420,OPEN,fill=-,flush=-,to=0/3000}{io=0/0,kio=0,kro=0}->HttpConnection@5b877770[p=HttpParser{s=START,0 of -1},g=HttpGenerator@4cd7f7d9{s=START}]=>HttpChannelOverHttp@4e0fe953{s=HttpChannelState@22c24422{s=IDLE rs=BLOCKING os=OPEN is=IDLE awp=false se=false i=true al=0},r=0,c=false/false,a=IDLE,uri=null,age=0}
02:33:22.136 [qtp961160488-17] DEBUG org.eclipse.jetty.io.AbstractConnection - onOpen HttpConnection@5b877770::SocketChannelEndPoint@2cd14a6d{l=/127.0.0.1:44045,r=/127.0.0.1:47420,OPEN,fill=-,flush=-,to=0/3000}{io=0/0,kio=0,kro=0}->HttpConnection@5b877770[p=HttpParser{s=START,0 of -1},g=HttpGenerator@4cd7f7d9{s=START}]=>HttpChannelOverHttp@4e0fe953{s=HttpChannelState@22c24422{s=IDLE rs=BLOCKING os=OPEN is=IDLE awp=false se=false i=true al=0},r=0,c=false/false,a=IDLE,uri=null,age=0}
02:33:22.137 [qtp961160488-17] DEBUG org.eclipse.jetty.io.AbstractConnection - fillInterested HttpConnection@5b877770::SocketChannelEndPoint@2cd14a6d{l=/127.0.0.1:44045,r=/127.0.0.1:47420,OPEN,fill=-,flush=-,to=0/3000}{io=0/0,kio=0,kro=0}->HttpConnection@5b877770[p=HttpParser{s=START,0 of -1},g=HttpGenerator@4cd7f7d9{s=START}]=>HttpChannelOverHttp@4e0fe953{s=HttpChannelState@22c24422{s=IDLE rs=BLOCKING os=OPEN is=IDLE awp=false se=false i=true al=0},r=0,c=false/false,a=IDLE,uri=null,age=0}
02:33:22.137 [qtp961160488-17] DEBUG org.eclipse.jetty.io.FillInterest - interested FillInterest@7c845935{AC.ReadCB@5b877770{HttpConnection@5b877770::SocketChannelEndPoint@2cd14a6d{l=/127.0.0.1:44045,r=/127.0.0.1:47420,OPEN,fill=FI,flush=-,to=0/3000}{io=0/0,kio=0,kro=0}->HttpConnection@5b877770[p=HttpParser{s=START,0 of -1},g=HttpGenerator@4cd7f7d9{s=START}]=>HttpChannelOverHttp@4e0fe953{s=HttpChannelState@22c24422{s=IDLE rs=BLOCKING os=OPEN is=IDLE awp=false se=false i=true al=0},r=0,c=false/false,a=IDLE,uri=null,age=0}}}
02:33:22.137 [qtp961160488-17] DEBUG org.eclipse.jetty.io.ChannelEndPoint - changeInterests p=false 0->1 for SocketChannelEndPoint@2cd14a6d{l=/127.0.0.1:44045,r=/127.0.0.1:47420,OPEN,fill=FI,flush=-,to=0/3000}{io=0/1,kio=0,kro=0}->HttpConnection@5b877770[p=HttpParser{s=START,0 of -1},g=HttpGenerator@4cd7f7d9{s=START}]=>HttpChannelOverHttp@4e0fe953{s=HttpChannelState@22c24422{s=IDLE rs=BLOCKING os=OPEN is=IDLE awp=false se=false i=true al=0},r=0,c=false/false,a=IDLE,uri=null,age=0}
02:33:22.137 [qtp961160488-17] DEBUG org.eclipse.jetty.io.ManagedSelector - Queued change lazy=false org.eclipse.jetty.io.ChannelEndPoint$$Lambda$255/1238156519@1cd89d22 on ManagedSelector@1de5f259{STARTED} id=3 keys=2 selected=0 updates=1
02:33:22.137 [qtp961160488-17] DEBUG org.eclipse.jetty.io.ManagedSelector - Wakeup on submit ManagedSelector@1de5f259{STARTED} id=3 keys=2 selected=0 updates=2
02:33:22.137 [qtp961160488-17] DEBUG org.eclipse.jetty.io.ManagedSelector - Created SocketChannelEndPoint@2cd14a6d{l=/127.0.0.1:44045,r=/127.0.0.1:47420,OPEN,fill=FI,flush=-,to=0/3000}{io=0/1,kio=0,kro=0}->HttpConnection@5b877770[p=HttpParser{s=START,0 of -1},g=HttpGenerator@4cd7f7d9{s=START}]=>HttpChannelOverHttp@4e0fe953{s=HttpChannelState@22c24422{s=IDLE rs=BLOCKING os=OPEN is=IDLE awp=false se=false i=true al=0},r=0,c=false/false,a=IDLE,uri=null,age=0}
02:33:22.137 [qtp961160488-21] DEBUG org.eclipse.jetty.io.ManagedSelector - Selector sun.nio.ch.EPollSelectorImpl@81d867 woken with none selected
02:33:22.137 [qtp961160488-21] DEBUG org.eclipse.jetty.io.ManagedSelector - Selector sun.nio.ch.EPollSelectorImpl@81d867 woken up from select, 0/0/2 selected
02:33:22.137 [qtp961160488-17] DEBUG org.eclipse.jetty.util.thread.QueuedThreadPool - ran Accept@67131ffb[java.nio.channels.SocketChannel[connected local=/127.0.0.1:44045 remote=/127.0.0.1:47420]] in QueuedThreadPool[qtp961160488]@394a2528{STARTED,8<=8<=200,i=0,r=-1,q=0}[ReservedThreadExecutor@383bfa16{reserved=2/8,pending=0}]
02:33:22.137 [qtp961160488-21] DEBUG org.eclipse.jetty.io.ManagedSelector - Selector sun.nio.ch.EPollSelectorImpl@81d867 processing 0 keys, 2 updates
02:33:22.137 [qtp961160488-21] DEBUG org.eclipse.jetty.io.ManagedSelector - updateable 2
02:33:22.137 [qtp961160488-21] DEBUG org.eclipse.jetty.io.ManagedSelector - update org.eclipse.jetty.io.ManagedSelector$$Lambda$258/1710399120@7da3dc4f
02:33:22.137 [qtp961160488-21] DEBUG org.eclipse.jetty.io.ManagedSelector - update org.eclipse.jetty.io.ChannelEndPoint$$Lambda$255/1238156519@1cd89d22
02:33:22.137 [qtp961160488-21] DEBUG org.eclipse.jetty.io.ChannelEndPoint - Key interests updated 0 -> 1 on SocketChannelEndPoint@2cd14a6d{l=/127.0.0.1:44045,r=/127.0.0.1:47420,OPEN,fill=FI,flush=-,to=0/3000}{io=1/1,kio=1,kro=0}->HttpConnection@5b877770[p=HttpParser{s=START,0 of -1},g=HttpGenerator@4cd7f7d9{s=START}]=>HttpChannelOverHttp@4e0fe953{s=HttpChannelState@22c24422{s=IDLE rs=BLOCKING os=OPEN is=IDLE awp=false se=false i=true al=0},r=0,c=false/false,a=IDLE,uri=null,age=0}
02:33:22.137 [qtp961160488-21] DEBUG org.eclipse.jetty.io.ManagedSelector - updates 0
02:33:22.137 [qtp961160488-21] DEBUG org.eclipse.jetty.io.ManagedSelector - Selector sun.nio.ch.EPollSelectorImpl@81d867 waiting with 2 keys
02:33:22.137 [qtp961160488-21] DEBUG org.eclipse.jetty.io.ManagedSelector - Selector sun.nio.ch.EPollSelectorImpl@81d867 woken up from select, 1/1/2 selected
02:33:22.137 [qtp961160488-21] DEBUG org.eclipse.jetty.io.ManagedSelector - Selector sun.nio.ch.EPollSelectorImpl@81d867 processing 1 keys, 0 updates
02:33:22.138 [qtp961160488-21] DEBUG org.eclipse.jetty.io.ManagedSelector - selected 1 sun.nio.ch.SelectionKeyImpl@30839b76 SocketChannelEndPoint@2cd14a6d{l=/127.0.0.1:44045,r=/127.0.0.1:47420,OPEN,fill=FI,flush=-,to=0/3000}{io=1/1,kio=1,kro=1}->HttpConnection@5b877770[p=HttpParser{s=START,0 of -1},g=HttpGenerator@4cd7f7d9{s=START}]=>HttpChannelOverHttp@4e0fe953{s=HttpChannelState@22c24422{s=IDLE rs=BLOCKING os=OPEN is=IDLE awp=false se=false i=true al=0},r=0,c=false/false,a=IDLE,uri=null,age=0} 
02:33:22.138 [qtp961160488-21] DEBUG org.eclipse.jetty.io.ChannelEndPoint - onSelected 1->0 r=true w=false for SocketChannelEndPoint@2cd14a6d{l=/127.0.0.1:44045,r=/127.0.0.1:47420,OPEN,fill=FI,flush=-,to=0/3000}{io=1/0,kio=1,kro=1}->HttpConnection@5b877770[p=HttpParser{s=START,0 of -1},g=HttpGenerator@4cd7f7d9{s=START}]=>HttpChannelOverHttp@4e0fe953{s=HttpChannelState@22c24422{s=IDLE rs=BLOCKING os=OPEN is=IDLE awp=false se=false i=true al=0},r=0,c=false/false,a=IDLE,uri=null,age=0}
02:33:22.138 [qtp961160488-21] DEBUG org.eclipse.jetty.io.ChannelEndPoint - task CEP:SocketChannelEndPoint@2cd14a6d{l=/127.0.0.1:44045,r=/127.0.0.1:47420,OPEN,fill=FI,flush=-,to=1/3000}{io=1/0,kio=1,kro=1}->HttpConnection@5b877770[p=HttpParser{s=START,0 of -1},g=HttpGenerator@4cd7f7d9{s=START}]=>HttpChannelOverHttp@4e0fe953{s=HttpChannelState@22c24422{s=IDLE rs=BLOCKING os=OPEN is=IDLE awp=false se=false i=true al=0},r=0,c=false/false,a=IDLE,uri=null,age=0}:runFillable:BLOCKING
02:33:22.138 [qtp961160488-21] DEBUG org.eclipse.jetty.util.thread.ReservedThreadExecutor - ReservedThreadExecutor@383bfa16{reserved=2/8,pending=0} tryExecute EatWhatYouKill@6404f418/SelectorProducer@3e11f9e9/PRODUCING/p=false/QueuedThreadPool[qtp961160488]@394a2528{STARTED,8<=8<=200,i=1,r=-1,q=0}[ReservedThreadExecutor@383bfa16{reserved=2/8,pending=0}][pc=0,pic=0,pec=0,epc=1]@2024-05-02T02:33:22.138+01:00
02:33:22.138 [qtp961160488-21] DEBUG org.eclipse.jetty.util.thread.strategy.EatWhatYouKill - EatWhatYouKill@6404f418/SelectorProducer@3e11f9e9/IDLE/p=true/QueuedThreadPool[qtp961160488]@394a2528{STARTED,8<=8<=200,i=1,r=-1,q=0}[ReservedThreadExecutor@383bfa16{reserved=1/8,pending=0}][pc=0,pic=0,pec=0,epc=1]@2024-05-02T02:33:22.138+01:00 m=EXECUTE_PRODUCE_CONSUME t=CEP:SocketChannelEndPoint@2cd14a6d{l=/127.0.0.1:44045,r=/127.0.0.1:47420,OPEN,fill=FI,flush=-,to=1/3000}{io=1/0,kio=1,kro=1}->HttpConnection@5b877770[p=HttpParser{s=START,0 of -1},g=HttpGenerator@4cd7f7d9{s=START}]=>HttpChannelOverHttp@4e0fe953{s=HttpChannelState@22c24422{s=IDLE rs=BLOCKING os=OPEN is=IDLE awp=false se=false i=true al=0},r=0,c=false/false,a=IDLE,uri=null,age=0}:runFillable:BLOCKING/BLOCKING
02:33:22.138 [qtp961160488-22] DEBUG org.eclipse.jetty.util.thread.ReservedThreadExecutor - ReservedThread@3e1af87e{RESERVED,thread=Thread[qtp961160488-22,5,main]} task=EatWhatYouKill@6404f418/SelectorProducer@3e11f9e9/IDLE/p=true/QueuedThreadPool[qtp961160488]@394a2528{STARTED,8<=8<=200,i=1,r=-1,q=0}[ReservedThreadExecutor@383bfa16{reserved=1/8,pending=0}][pc=0,pic=0,pec=0,epc=1]@2024-05-02T02:33:22.138+01:00 ReservedThreadExecutor@383bfa16{reserved=1/8,pending=0}
02:33:22.138 [qtp961160488-21] DEBUG org.eclipse.jetty.io.FillInterest - fillable FillInterest@7c845935{AC.ReadCB@5b877770{HttpConnection@5b877770::SocketChannelEndPoint@2cd14a6d{l=/127.0.0.1:44045,r=/127.0.0.1:47420,OPEN,fill=FI,flush=-,to=1/3000}{io=1/0,kio=1,kro=1}->HttpConnection@5b877770[p=HttpParser{s=START,0 of -1},g=HttpGenerator@4cd7f7d9{s=START}]=>HttpChannelOverHttp@4e0fe953{s=HttpChannelState@22c24422{s=IDLE rs=BLOCKING os=OPEN is=IDLE awp=false se=false i=true al=0},r=0,c=false/false,a=IDLE,uri=null,age=0}}}
02:33:22.138 [qtp961160488-22] DEBUG org.eclipse.jetty.util.thread.strategy.EatWhatYouKill - EatWhatYouKill@6404f418/SelectorProducer@3e11f9e9/IDLE/p=true/QueuedThreadPool[qtp961160488]@394a2528{STARTED,8<=8<=200,i=1,r=-1,q=0}[ReservedThreadExecutor@383bfa16{reserved=1/8,pending=0}][pc=0,pic=0,pec=0,epc=2]@2024-05-02T02:33:22.138+01:00 tryProduce true
02:33:22.138 [qtp961160488-22] DEBUG org.eclipse.jetty.io.ManagedSelector - updateable 0
02:33:22.138 [qtp961160488-22] DEBUG org.eclipse.jetty.io.ManagedSelector - updates 0
02:33:22.139 [qtp961160488-22] DEBUG org.eclipse.jetty.io.ChannelEndPoint - Key interests updated 1 -> 0 on SocketChannelEndPoint@2cd14a6d{l=/127.0.0.1:44045,r=/127.0.0.1:47420,OPEN,fill=-,flush=-,to=1/3000}{io=0/0,kio=0,kro=1}->HttpConnection@5b877770[p=HttpParser{s=START,0 of -1},g=HttpGenerator@4cd7f7d9{s=START}]=>HttpChannelOverHttp@4e0fe953{s=HttpChannelState@22c24422{s=IDLE rs=BLOCKING os=OPEN is=IDLE awp=false se=false i=true al=0},r=0,c=false/false,a=IDLE,uri=null,age=0}
02:33:22.139 [qtp961160488-21] DEBUG org.eclipse.jetty.server.HttpConnection - HttpConnection@5b877770::SocketChannelEndPoint@2cd14a6d{l=/127.0.0.1:44045,r=/127.0.0.1:47420,OPEN,fill=-,flush=-,to=1/3000}{io=1/0,kio=1,kro=1}->HttpConnection@5b877770[p=HttpParser{s=START,0 of -1},g=HttpGenerator@4cd7f7d9{s=START}]=>HttpChannelOverHttp@4e0fe953{s=HttpChannelState@22c24422{s=IDLE rs=BLOCKING os=OPEN is=IDLE awp=false se=false i=true al=0},r=0,c=false/false,a=IDLE,uri=null,age=0} onFillable enter HttpChannelState@22c24422{s=IDLE rs=BLOCKING os=OPEN is=IDLE awp=false se=false i=true al=0} null
02:33:22.139 [qtp961160488-22] DEBUG org.eclipse.jetty.io.ManagedSelector - Selector sun.nio.ch.EPollSelectorImpl@81d867 waiting with 2 keys
02:33:22.139 [qtp961160488-21] DEBUG org.eclipse.jetty.io.ChannelEndPoint - filled 125 HeapByteBuffer@3276fc12[p=0,l=125,c=8192,r=125]={<<<GET /config.yml HTTP/1.1\r...gent: okhttp/3.12.3\r\n\r\n>>> 4\r\nServe...\x00\x00\x00\x00\x00\x00\x00}
02:33:22.139 [qtp961160488-21] DEBUG org.eclipse.jetty.server.HttpConnection - HttpConnection@5b877770::SocketChannelEndPoint@2cd14a6d{l=/127.0.0.1:44045,r=/127.0.0.1:47420,OPEN,fill=-,flush=-,to=0/3000}{io=0/0,kio=0,kro=1}->HttpConnection@5b877770[p=HttpParser{s=START,0 of -1},g=HttpGenerator@4cd7f7d9{s=START}]=>HttpChannelOverHttp@4e0fe953{s=HttpChannelState@22c24422{s=IDLE rs=BLOCKING os=OPEN is=IDLE awp=false se=false i=true al=0},r=0,c=false/false,a=IDLE,uri=null,age=0} filled 125 HeapByteBuffer@3276fc12[p=0,l=125,c=8192,r=125]={<<<GET /config.yml HTTP/1.1\r...gent: okhttp/3.12.3\r\n\r\n>>> 4\r\nServe...\x00\x00\x00\x00\x00\x00\x00}
02:33:22.139 [qtp961160488-21] DEBUG org.eclipse.jetty.server.HttpConnection - HttpConnection@5b877770::SocketChannelEndPoint@2cd14a6d{l=/127.0.0.1:44045,r=/127.0.0.1:47420,OPEN,fill=-,flush=-,to=0/3000}{io=0/0,kio=0,kro=1}->HttpConnection@5b877770[p=HttpParser{s=START,0 of -1},g=HttpGenerator@4cd7f7d9{s=START}]=>HttpChannelOverHttp@4e0fe953{s=HttpChannelState@22c24422{s=IDLE rs=BLOCKING os=OPEN is=IDLE awp=false se=false i=true al=0},r=0,c=false/false,a=IDLE,uri=null,age=0} parse HeapByteBuffer@3276fc12[p=0,l=125,c=8192,r=125]={<<<GET /config.yml HTTP/1.1\r...gent: okhttp/3.12.3\r\n\r\n>>> 4\r\nServe...\x00\x00\x00\x00\x00\x00\x00} {}
02:33:22.139 [qtp961160488-21] DEBUG org.eclipse.jetty.http.HttpParser - parseNext s=START HeapByteBuffer@3276fc12[p=0,l=125,c=8192,r=125]={<<<GET /config.yml HTTP/1.1\r...gent: okhttp/3.12.3\r\n\r\n>>> 4\r\nServe...\x00\x00\x00\x00\x00\x00\x00}
02:33:22.139 [qtp961160488-21] DEBUG org.eclipse.jetty.http.HttpParser - START --> SPACE1
02:33:22.139 [qtp961160488-21] DEBUG org.eclipse.jetty.http.HttpParser - SPACE1 --> URI
02:33:22.139 [qtp961160488-21] DEBUG org.eclipse.jetty.http.HttpParser - URI --> SPACE2
02:33:22.139 [qtp961160488-21] DEBUG org.eclipse.jetty.http.HttpParser - SPACE2 --> REQUEST_VERSION
02:33:22.139 [qtp961160488-21] DEBUG org.eclipse.jetty.http.HttpParser - REQUEST_VERSION --> HEADER
02:33:22.139 [qtp961160488-21] DEBUG org.eclipse.jetty.http.HttpParser - HEADER:Host --> VALUE
02:33:22.139 [qtp961160488-21] DEBUG org.eclipse.jetty.http.HttpParser - HEADER:Host --> IN_VALUE
02:33:22.139 [qtp961160488-21] DEBUG org.eclipse.jetty.http.HttpParser - HEADER:Host --> FIELD
02:33:22.139 [qtp961160488-21] DEBUG org.eclipse.jetty.http.HttpParser - HEADER:Connection: keep-alive --> IN_VALUE
02:33:22.139 [qtp961160488-21] DEBUG org.eclipse.jetty.http.HttpParser - HEADER:Connection: keep-alive --> FIELD
02:33:22.139 [qtp961160488-21] DEBUG org.eclipse.jetty.http.HttpParser - HEADER:Accept-Encoding: gzip --> IN_VALUE
02:33:22.139 [qtp961160488-21] DEBUG org.eclipse.jetty.http.HttpParser - HEADER:Accept-Encoding: gzip --> FIELD
02:33:22.139 [qtp961160488-21] DEBUG org.eclipse.jetty.http.HttpParser - HEADER:User-Agent --> VALUE
02:33:22.139 [qtp961160488-21] DEBUG org.eclipse.jetty.http.HttpParser - HEADER:User-Agent --> IN_VALUE
02:33:22.139 [qtp961160488-21] DEBUG org.eclipse.jetty.http.HttpParser - HEADER:User-Agent --> FIELD
02:33:22.139 [qtp961160488-21] DEBUG org.eclipse.jetty.http.HttpParser - HEADER --> CONTENT
02:33:22.139 [qtp961160488-21] DEBUG org.eclipse.jetty.server.HttpChannel - REQUEST for //localhost:44045/config.yml on HttpChannelOverHttp@4e0fe953{s=HttpChannelState@22c24422{s=IDLE rs=BLOCKING os=OPEN is=IDLE awp=false se=false i=true al=0},r=1,c=false/false,a=IDLE,uri=//localhost:44045/config.yml,age=0}
GET //localhost:44045/config.yml HTTP/1.1
Host: localhost:44045
Connection: keep-alive
Accept-Encoding: gzip
User-Agent: okhttp/3.12.3


02:33:22.140 [qtp961160488-21] DEBUG org.eclipse.jetty.server.HttpConnection - HttpConnection@5b877770::SocketChannelEndPoint@2cd14a6d{l=/127.0.0.1:44045,r=/127.0.0.1:47420,OPEN,fill=-,flush=-,to=0/3000}{io=0/0,kio=0,kro=1}->HttpConnection@5b877770[p=HttpParser{s=CONTENT,0 of -1},g=HttpGenerator@4cd7f7d9{s=START}]=>HttpChannelOverHttp@4e0fe953{s=HttpChannelState@22c24422{s=IDLE rs=BLOCKING os=OPEN is=IDLE awp=false se=false i=true al=0},r=1,c=false/false,a=IDLE,uri=//localhost:44045/config.yml,age=0} parsed true HttpParser{s=CONTENT,0 of -1}
02:33:22.140 [qtp961160488-21] DEBUG org.eclipse.jetty.server.HttpConnection - releaseRequestBuffer HttpConnection@5b877770::SocketChannelEndPoint@2cd14a6d{l=/127.0.0.1:44045,r=/127.0.0.1:47420,OPEN,fill=-,flush=-,to=0/3000}{io=0/0,kio=0,kro=1}->HttpConnection@5b877770[p=HttpParser{s=CONTENT,0 of -1},g=HttpGenerator@4cd7f7d9{s=START}]=>HttpChannelOverHttp@4e0fe953{s=HttpChannelState@22c24422{s=IDLE rs=BLOCKING os=OPEN is=IDLE awp=false se=false i=true al=0},r=1,c=false/false,a=IDLE,uri=//localhost:44045/config.yml,age=1}
02:33:22.140 [qtp961160488-21] DEBUG org.eclipse.jetty.server.HttpChannel - handle //localhost:44045/config.yml HttpChannelOverHttp@4e0fe953{s=HttpChannelState@22c24422{s=IDLE rs=BLOCKING os=OPEN is=IDLE awp=false se=false i=true al=0},r=1,c=false/false,a=IDLE,uri=//localhost:44045/config.yml,age=1} 
02:33:22.140 [qtp961160488-21] DEBUG org.eclipse.jetty.server.HttpChannelState - handling HttpChannelState@22c24422{s=IDLE rs=BLOCKING os=OPEN is=IDLE awp=false se=false i=true al=0}
02:33:22.140 [qtp961160488-21] DEBUG org.eclipse.jetty.server.HttpChannel - action DISPATCH HttpChannelOverHttp@4e0fe953{s=HttpChannelState@22c24422{s=HANDLING rs=BLOCKING os=OPEN is=IDLE awp=false se=false i=true al=0},r=1,c=false/false,a=HANDLING,uri=//localhost:44045/config.yml,age=1}
02:33:22.140 [qtp961160488-21] DEBUG org.eclipse.jetty.server.Server - REQUEST GET /config.yml on HttpChannelOverHttp@4e0fe953{s=HttpChannelState@22c24422{s=HANDLING rs=BLOCKING os=OPEN is=IDLE awp=false se=false i=true al=0},r=1,c=false/false,a=HANDLING,uri=//localhost:44045/config.yml,age=1}
02:33:22.140 [qtp961160488-21] DEBUG org.eclipse.jetty.server.HttpOutput - write(array HeapByteBuffer@691a6169[p=0,l=4,c=512,r=4]={<<<path>>>\x00\x00\x00\x00\x00\x00\x00\x00\x00...\x00\x00\x00\x00\x00\x00\x00})
02:33:22.140 [qtp961160488-21] DEBUG org.eclipse.jetty.server.HttpOutput - write(array) s=CLOSING,api=BLOCKED,sc=false,e=null last=true agg=false flush=true async=false, len=4 null
02:33:22.140 [qtp961160488-21] DEBUG org.eclipse.jetty.server.HttpChannel - sendResponse info=null content=HeapByteBuffer@43fd23[p=0,l=4,c=512,r=4]={<<<path>>>\x00\x00\x00\x00\x00\x00\x00\x00\x00...\x00\x00\x00\x00\x00\x00\x00} complete=true committing=true callback=Blocker@2903e89f{null}
02:33:22.140 [qtp961160488-21] DEBUG org.eclipse.jetty.server.HttpChannel - COMMIT for /config.yml on HttpChannelOverHttp@4e0fe953{s=HttpChannelState@22c24422{s=HANDLING rs=BLOCKING os=COMMITTED is=IDLE awp=false se=false i=true al=0},r=1,c=false/false,a=HANDLING,uri=//localhost:44045/config.yml,age=1}
200 null HTTP/1.1
Date: Thu, 02 May 2024 01:33:22 GMT
ETag: testEtag
Content-Type: text/plain;charset=utf-8
Content-Length: 4


02:33:22.140 [qtp961160488-21] DEBUG org.eclipse.jetty.server.HttpConnection - generate: NEED_HEADER for SendCallback@5f79ee2[PROCESSING][i=HTTP/1.1{s=200,h=4,cl=4},cb=org.eclipse.jetty.server.HttpChannel$SendCallback@3f5cb61c] (null,[p=0,l=4,c=512,r=4],true)@START
02:33:22.140 [qtp961160488-21] DEBUG org.eclipse.jetty.http.HttpGenerator - generateHeaders HTTP/1.1{s=200,h=4,cl=4} last=true content=HeapByteBuffer@43fd23[p=0,l=4,c=512,r=4]={<<<path>>>\x00\x00\x00\x00\x00\x00\x00\x00\x00...\x00\x00\x00\x00\x00\x00\x00}
02:33:22.140 [qtp961160488-21] DEBUG org.eclipse.jetty.http.HttpGenerator - Date: Thu, 02 May 2024 01:33:22 GMT
ETag: testEtag
Content-Type: text/plain;charset=utf-8
Content-Length: 4


02:33:22.140 [qtp961160488-21] DEBUG org.eclipse.jetty.http.HttpGenerator - CONTENT_LENGTH
02:33:22.140 [qtp961160488-21] DEBUG org.eclipse.jetty.server.HttpConnection - generate: FLUSH for SendCallback@5f79ee2[PROCESSING][i=HTTP/1.1{s=200,h=4,cl=4},cb=org.eclipse.jetty.server.HttpChannel$SendCallback@3f5cb61c] ([p=0,l=164,c=8192,r=164],[p=0,l=4,c=512,r=4],true)@COMPLETING
02:33:22.140 [qtp961160488-21] DEBUG org.eclipse.jetty.io.WriteFlusher - write: WriteFlusher@2069fe31{IDLE}->null [HeapByteBuffer@3276fc12[p=0,l=164,c=8192,r=164]={<<<HTTP/1.1 200 OK\r\nDate: Th...y(9.4.44.v20210927)\r\n\r\n>>>\n\r\n\x00\x00\x00\x00\x00\x00...\x00\x00\x00\x00\x00\x00\x00},HeapByteBuffer@43fd23[p=0,l=4,c=512,r=4]={<<<path>>>\x00\x00\x00\x00\x00\x00\x00\x00\x00...\x00\x00\x00\x00\x00\x00\x00}]
02:33:22.140 [qtp961160488-21] DEBUG org.eclipse.jetty.io.WriteFlusher - update WriteFlusher@2069fe31{WRITING}->null:IDLE-->WRITING
02:33:22.141 [qtp961160488-21] DEBUG org.eclipse.jetty.io.ChannelEndPoint - flushed 168 SocketChannelEndPoint@2cd14a6d{l=/127.0.0.1:44045,r=/127.0.0.1:47420,OPEN,fill=-,flush=W,to=1/3000}{io=0/0,kio=0,kro=1}->HttpConnection@5b877770[p=HttpParser{s=CONTENT,0 of -1},g=HttpGenerator@4cd7f7d9{s=COMPLETING}]=>HttpChannelOverHttp@4e0fe953{s=HttpChannelState@22c24422{s=HANDLING rs=BLOCKING os=COMMITTED is=IDLE awp=false se=false i=true al=0},r=1,c=false/false,a=HANDLING,uri=//localhost:44045/config.yml,age=2}
02:33:22.141 [qtp961160488-21] DEBUG org.eclipse.jetty.io.WriteFlusher - Flushed=true written=168 remaining=0 WriteFlusher@2069fe31{WRITING}->null
02:33:22.141 [qtp961160488-21] DEBUG org.eclipse.jetty.io.WriteFlusher - update WriteFlusher@2069fe31{IDLE}->null:WRITING-->IDLE
02:33:22.141 [qtp961160488-21] DEBUG org.eclipse.jetty.server.HttpConnection - generate: DONE for SendCallback@5f79ee2[PROCESSING][i=HTTP/1.1{s=200,h=4,cl=4},cb=org.eclipse.jetty.server.HttpChannel$SendCallback@3f5cb61c] ([p=164,l=164,c=8192,r=0],[p=4,l=4,c=512,r=0],true)@END
02:33:22.141 [qtp961160488-21] DEBUG org.eclipse.jetty.server.HttpOutput - onWriteComplete(true,null) s=CLOSING,api=BLOCKED,sc=false,e=null->s=CLOSED,api=BLOCKING,sc=false,e=null c=null cb=null w=false
02:33:22.141 [qtp961160488-21] DEBUG org.eclipse.jetty.server.HttpOutput - close() s=CLOSED,api=BLOCKING,sc=false,e=null c=null b=null
02:33:22.141 [qtp961160488-21] DEBUG org.eclipse.jetty.server.Server - handled=true async=false committed=true on HttpChannelOverHttp@4e0fe953{s=HttpChannelState@22c24422{s=HANDLING rs=BLOCKING os=COMPLETED is=IDLE awp=false se=false i=true al=0},r=1,c=false/true,a=HANDLING,uri=//localhost:44045/config.yml,age=2}
02:33:22.141 [qtp961160488-21] DEBUG org.eclipse.jetty.server.HttpChannelState - unhandle HttpChannelState@22c24422{s=HANDLING rs=BLOCKING os=COMPLETED is=IDLE awp=false se=false i=true al=0}
02:33:22.141 [main] DEBUG org.apache.nifi.minifi.bootstrap.configuration.ingestors.PullHttpChangeIngestor - Response received: Response{protocol=http/1.1, code=200, message=OK, url=http://localhost:44045/config.yml}
02:33:22.141 [qtp961160488-21] DEBUG org.eclipse.jetty.server.HttpChannelState - nextAction(false) COMPLETE HttpChannelState@22c24422{s=HANDLING rs=COMPLETING os=COMPLETED is=IDLE awp=false se=false i=false al=0}
02:33:22.141 [qtp961160488-21] DEBUG org.eclipse.jetty.server.HttpChannel - action COMPLETE HttpChannelOverHttp@4e0fe953{s=HttpChannelState@22c24422{s=HANDLING rs=COMPLETING os=COMPLETED is=IDLE awp=false se=false i=false al=0},r=1,c=false/true,a=HANDLING,uri=//localhost:44045/config.yml,age=2}
02:33:22.141 [qtp961160488-21] DEBUG org.eclipse.jetty.server.HttpOutput - complete(org.eclipse.jetty.util.Callback$3@1618bdb3) s=CLOSED,api=BLOCKING,sc=false,e=null s=true e=null, c=null
02:33:22.141 [qtp961160488-21] DEBUG org.eclipse.jetty.server.HttpChannelState - completed HttpChannelState@22c24422{s=HANDLING rs=COMPLETING os=COMPLETED is=IDLE awp=false se=false i=false al=0}
02:33:22.141 [qtp961160488-21] DEBUG org.eclipse.jetty.server.HttpChannelState - unhandle HttpChannelState@22c24422{s=HANDLING rs=COMPLETED os=COMPLETED is=IDLE awp=false se=false i=false al=0}
02:33:22.141 [main] DEBUG org.apache.nifi.minifi.bootstrap.configuration.ingestors.PullHttpChangeIngestor - Pulled config same as currently running.
02:33:22.141 [qtp961160488-21] DEBUG org.eclipse.jetty.server.HttpChannelState - nextAction(false) TERMINATED HttpChannelState@22c24422{s=IDLE rs=COMPLETED os=COMPLETED is=IDLE awp=false se=false i=false al=0}
02:33:22.141 [qtp961160488-21] DEBUG org.eclipse.jetty.server.HttpChannel - action TERMINATED HttpChannelOverHttp@4e0fe953{s=HttpChannelState@22c24422{s=IDLE rs=COMPLETED os=COMPLETED is=IDLE awp=false se=false i=false al=0},r=1,c=true/true,a=IDLE,uri=//localhost:44045/config.yml,age=2}
02:33:22.141 [qtp961160488-21] DEBUG org.eclipse.jetty.server.HttpChannel - onCompleted for /config.yml written=4
02:33:22.141 [qtp961160488-21] DEBUG org.eclipse.jetty.io.ChannelEndPoint - filled 0 HeapByteBuffer@3276fc12[p=0,l=0,c=8192,r=0]={<<<>>>HTTP/1.1 ...\x00\x00\x00\x00\x00\x00\x00}
02:33:22.141 [qtp961160488-21] DEBUG org.eclipse.jetty.io.ChannelEndPoint - filled 0 HeapByteBuffer@3276fc12[p=0,l=0,c=8192,r=0]={<<<>>>HTTP/1.1 ...\x00\x00\x00\x00\x00\x00\x00}
]]></system-out>
  </testcase>
</testsuite>