<?xml version="1.0" encoding="UTF-8"?>
<testsuite xmlns:xsi="http://www.w3.org/2001/XMLSchema-instance" xsi:noNamespaceSchemaLocation="https://maven.apache.org/surefire/maven-surefire-plugin/xsd/surefire-test-report-3.0.xsd" version="3.0" name="org.apache.nifi.processors.standard.TestControlRate" time="5.2" tests="8" errors="0" skipped="0" failures="0">
  <properties>
    <property name="sun.desktop" value="gnome"/>
    <property name="awt.toolkit" value="sun.awt.X11.XToolkit"/>
    <property name="file.encoding.pkg" value="sun.io"/>
    <property name="java.specification.version" value="1.8"/>
    <property name="sun.cpu.isalist" value=""/>
    <property name="sun.jnu.encoding" value="UTF-8"/>
    <property name="java.class.path" value="/home/alex/Repositories/nifi/nifi-nar-bundles/nifi-standard-bundle/nifi-standard-processors/target/test-classes:/home/alex/Repositories/nifi/nifi-nar-bundles/nifi-standard-bundle/nifi-standard-processors/target/classes:/home/alex/.m2/repository/org/apache/ftpserver/ftpserver-core/1.1.1/ftpserver-core-1.1.1.jar:/home/alex/.m2/repository/org/apache/ftpserver/ftplet-api/1.1.1/ftplet-api-1.1.1.jar:/home/alex/.m2/repository/org/slf4j/slf4j-api/1.7.32/slf4j-api-1.7.32.jar:/home/alex/.m2/repository/org/apache/mina/mina-core/2.0.16/mina-core-2.0.16.jar:/home/alex/Repositories/nifi/nifi-api/target/classes:/home/alex/Repositories/nifi/nifi-commons/nifi-expression-language/target/classes:/home/alex/.m2/repository/org/antlr/antlr-runtime/3.5.2/antlr-runtime-3.5.2.jar:/home/alex/Repositories/nifi/nifi-commons/nifi-parameter/target/classes:/home/alex/Repositories/nifi/nifi-commons/nifi-uuid5/target/classes:/home/alex/.m2/repository/org/apache/commons/commons-text/1.8/commons-text-1.8.jar:/home/alex/Repositories/nifi/nifi-nar-bundles/nifi-extension-utils/nifi-processor-utils/target/classes:/home/alex/Repositories/nifi/nifi-commons/nifi-security-socket-ssl/target/classes:/home/alex/Repositories/nifi/nifi-nar-bundles/nifi-extension-utils/nifi-event-transport/target/classes:/home/alex/.m2/repository/io/netty/netty-handler/4.1.69.Final/netty-handler-4.1.69.Final.jar:/home/alex/.m2/repository/io/netty/netty-common/4.1.69.Final/netty-common-4.1.69.Final.jar:/home/alex/.m2/repository/io/netty/netty-resolver/4.1.69.Final/netty-resolver-4.1.69.Final.jar:/home/alex/.m2/repository/io/netty/netty-transport/4.1.69.Final/netty-transport-4.1.69.Final.jar:/home/alex/.m2/repository/io/netty/netty-codec/4.1.69.Final/netty-codec-4.1.69.Final.jar:/home/alex/Repositories/nifi/nifi-nar-bundles/nifi-extension-utils/nifi-syslog-utils/target/classes:/home/alex/.m2/repository/com/github/palindromicity/simple-syslog-5424/0.0.16/simple-syslog-5424-0.0.16.jar:/home/alex/.m2/repository/org/antlr/antlr4-runtime/4.7.2/antlr4-runtime-4.7.2.jar:/home/alex/Repositories/nifi/nifi-commons/nifi-utils/target/classes:/home/alex/Repositories/nifi/nifi-commons/nifi-record-path/target/classes:/home/alex/Repositories/nifi/nifi-commons/nifi-properties/target/classes:/home/alex/Repositories/nifi/nifi-commons/nifi-property-utils/target/classes:/home/alex/.m2/repository/com/github/ben-manes/caffeine/caffeine/2.8.1/caffeine-2.8.1.jar:/home/alex/Repositories/nifi/nifi-nar-bundles/nifi-standard-services/nifi-ssl-context-service-api/target/classes:/home/alex/Repositories/nifi/nifi-commons/nifi-security-utils-api/target/classes:/home/alex/Repositories/nifi/nifi-nar-bundles/nifi-standard-services/nifi-lookup-service-api/target/classes:/home/alex/Repositories/nifi/nifi-commons/nifi-flowfile-packager/target/classes:/home/alex/Repositories/nifi/nifi-nar-bundles/nifi-standard-services/nifi-distributed-cache-client-service-api/target/classes:/home/alex/Repositories/nifi/nifi-nar-bundles/nifi-standard-services/nifi-http-context-map-api/target/classes:/home/alex/Repositories/nifi/nifi-nar-bundles/nifi-standard-services/nifi-record-serialization-service-api/target/classes:/home/alex/Repositories/nifi/nifi-nar-bundles/nifi-standard-services/nifi-proxy-configuration-api/target/classes:/home/alex/Repositories/nifi/nifi-commons/nifi-record/target/classes:/home/alex/Repositories/nifi/nifi-nar-bundles/nifi-standard-services/nifi-record-sink-api/target/classes:/home/alex/.m2/repository/commons-io/commons-io/2.10.0/commons-io-2.10.0.jar:/home/alex/.m2/repository/javax/ws/rs/javax.ws.rs-api/2.1/javax.ws.rs-api-2.1.jar:/home/alex/.m2/repository/commons-net/commons-net/3.6/commons-net-3.6.jar:/home/alex/.m2/repository/org/apache/commons/commons-compress/1.21/commons-compress-1.21.jar:/home/alex/.m2/repository/org/apache/commons/commons-lang3/3.9/commons-lang3-3.9.jar:/home/alex/.m2/repository/org/bouncycastle/bcprov-jdk15on/1.69/bcprov-jdk15on-1.69.jar:/home/alex/.m2/repository/org/bouncycastle/bcpg-jdk15on/1.69/bcpg-jdk15on-1.69.jar:/home/alex/.m2/repository/org/bouncycastle/bcpkix-jdk15on/1.69/bcpkix-jdk15on-1.69.jar:/home/alex/.m2/repository/org/bouncycastle/bcutil-jdk15on/1.69/bcutil-jdk15on-1.69.jar:/home/alex/.m2/repository/commons-codec/commons-codec/1.14/commons-codec-1.14.jar:/home/alex/Repositories/nifi/nifi-commons/nifi-security-utils/target/classes:/home/alex/Repositories/nifi/nifi-commons/nifi-security-kms/target/classes:/home/alex/.m2/repository/org/apache/commons/commons-configuration2/2.7/commons-configuration2-2.7.jar:/home/alex/.m2/repository/com/hierynomus/sshj/0.32.0/sshj-0.32.0.jar:/home/alex/.m2/repository/com/jcraft/jzlib/1.1.3/jzlib-1.1.3.jar:/home/alex/.m2/repository/com/hierynomus/asn-one/0.6.0/asn-one-0.6.0.jar:/home/alex/.m2/repository/net/i2p/crypto/eddsa/0.3.0/eddsa-0.3.0.jar:/home/alex/.m2/repository/org/eclipse/jetty/jetty-server/9.4.44.v20210927/jetty-server-9.4.44.v20210927.jar:/home/alex/.m2/repository/javax/servlet/javax.servlet-api/3.1.0/javax.servlet-api-3.1.0.jar:/home/alex/.m2/repository/org/eclipse/jetty/jetty-http/9.4.44.v20210927/jetty-http-9.4.44.v20210927.jar:/home/alex/.m2/repository/org/eclipse/jetty/jetty-util/9.4.44.v20210927/jetty-util-9.4.44.v20210927.jar:/home/alex/.m2/repository/org/eclipse/jetty/jetty-io/9.4.44.v20210927/jetty-io-9.4.44.v20210927.jar:/home/alex/.m2/repository/org/eclipse/jetty/jetty-servlet/9.4.44.v20210927/jetty-servlet-9.4.44.v20210927.jar:/home/alex/.m2/repository/org/eclipse/jetty/jetty-security/9.4.44.v20210927/jetty-security-9.4.44.v20210927.jar:/home/alex/.m2/repository/org/eclipse/jetty/jetty-util-ajax/9.4.44.v20210927/jetty-util-ajax-9.4.44.v20210927.jar:/home/alex/.m2/repository/org/apache/httpcomponents/httpclient/4.5.5/httpclient-4.5.5.jar:/home/alex/.m2/repository/commons-logging/commons-logging/1.2/commons-logging-1.2.jar:/home/alex/.m2/repository/org/apache/httpcomponents/httpcore/4.4.9/httpcore-4.4.9.jar:/home/alex/.m2/repository/jakarta/activation/jakarta.activation-api/2.0.1/jakarta.activation-api-2.0.1.jar:/home/alex/.m2/repository/com/sun/activation/jakarta.activation/2.0.1/jakarta.activation-2.0.1.jar:/home/alex/.m2/repository/jakarta/mail/jakarta.mail-api/2.0.1/jakarta.mail-api-2.0.1.jar:/home/alex/.m2/repository/com/sun/mail/jakarta.mail/2.0.1/jakarta.mail-2.0.1.jar:/home/alex/.m2/repository/com/github/jponge/lzma-java/1.3/lzma-java-1.3.jar:/home/alex/.m2/repository/org/tukaani/xz/1.8/xz-1.8.jar:/home/alex/.m2/repository/net/sf/saxon/Saxon-HE/10.6/Saxon-HE-10.6.jar:/home/alex/Repositories/nifi/nifi-commons/nifi-socket-utils/target/classes:/home/alex/Repositories/nifi/nifi-commons/nifi-logging-utils/target/classes:/home/alex/Repositories/nifi/nifi-nar-bundles/nifi-standard-services/nifi-load-distribution-service-api/target/classes:/home/alex/.m2/repository/javax/jms/javax.jms-api/2.0.1/javax.jms-api-2.0.1.jar:/home/alex/.m2/repository/org/apache/activemq/activemq-client/5.15.15/activemq-client-5.15.15.jar:/home/alex/.m2/repository/org/apache/geronimo/specs/geronimo-jms_1.1_spec/1.1.1/geronimo-jms_1.1_spec-1.1.1.jar:/home/alex/.m2/repository/org/fusesource/hawtbuf/hawtbuf/1.11/hawtbuf-1.11.jar:/home/alex/.m2/repository/org/apache/geronimo/specs/geronimo-j2ee-management_1.1_spec/1.0.1/geronimo-j2ee-management_1.1_spec-1.0.1.jar:/home/alex/.m2/repository/com/jayway/jsonpath/json-path/2.6.0/json-path-2.6.0.jar:/home/alex/.m2/repository/net/minidev/json-smart/2.4.7/json-smart-2.4.7.jar:/home/alex/.m2/repository/net/minidev/accessors-smart/2.4.7/accessors-smart-2.4.7.jar:/home/alex/.m2/repository/org/ow2/asm/asm/9.1/asm-9.1.jar:/home/alex/.m2/repository/org/apache/tika/tika-core/1.26/tika-core-1.26.jar:/home/alex/.m2/repository/com/fasterxml/jackson/core/jackson-databind/2.12.3/jackson-databind-2.12.3.jar:/home/alex/.m2/repository/com/fasterxml/jackson/core/jackson-annotations/2.12.3/jackson-annotations-2.12.3.jar:/home/alex/.m2/repository/com/fasterxml/jackson/core/jackson-core/2.12.3/jackson-core-2.12.3.jar:/home/alex/Repositories/nifi/nifi-nar-bundles/nifi-extension-utils/nifi-record-utils/nifi-avro-record-utils/target/classes:/home/alex/Repositories/nifi/nifi-nar-bundles/nifi-extension-utils/nifi-record-utils/nifi-standard-record-utils/target/classes:/home/alex/.m2/repository/org/apache/avro/avro/1.8.1/avro-1.8.1.jar:/home/alex/.m2/repository/org/codehaus/jackson/jackson-core-asl/1.9.13/jackson-core-asl-1.9.13.jar:/home/alex/.m2/repository/org/codehaus/jackson/jackson-mapper-asl/1.9.13/jackson-mapper-asl-1.9.13.jar:/home/alex/.m2/repository/com/thoughtworks/paranamer/paranamer/2.7/paranamer-2.7.jar:/home/alex/Repositories/nifi/nifi-nar-bundles/nifi-standard-services/nifi-dbcp-service-api/target/classes:/home/alex/.m2/repository/com/squareup/okhttp3/okhttp/4.9.2/okhttp-4.9.2.jar:/home/alex/.m2/repository/com/squareup/okio/okio/2.8.0/okio-2.8.0.jar:/home/alex/.m2/repository/org/jetbrains/kotlin/kotlin-stdlib-common/1.4.0/kotlin-stdlib-common-1.4.0.jar:/home/alex/.m2/repository/org/jetbrains/kotlin/kotlin-stdlib/1.4.10/kotlin-stdlib-1.4.10.jar:/home/alex/.m2/repository/org/jetbrains/annotations/13.0/annotations-13.0.jar:/home/alex/.m2/repository/io/github/rburgst/okhttp-digest/2.5/okhttp-digest-2.5.jar:/home/alex/.m2/repository/at/favre/lib/bcrypt/0.9.0/bcrypt-0.9.0.jar:/home/alex/.m2/repository/at/favre/lib/bytes/1.3.0/bytes-1.3.0.jar:/home/alex/.m2/repository/com/google/guava/guava/28.0-jre/guava-28.0-jre.jar:/home/alex/.m2/repository/com/google/guava/failureaccess/1.0.1/failureaccess-1.0.1.jar:/home/alex/.m2/repository/com/google/guava/listenablefuture/9999.0-empty-to-avoid-conflict-with-guava/listenablefuture-9999.0-empty-to-avoid-conflict-with-guava.jar:/home/alex/.m2/repository/com/google/code/findbugs/jsr305/3.0.2/jsr305-3.0.2.jar:/home/alex/.m2/repository/org/checkerframework/checker-qual/2.8.1/checker-qual-2.8.1.jar:/home/alex/.m2/repository/com/google/errorprone/error_prone_annotations/2.3.2/error_prone_annotations-2.3.2.jar:/home/alex/.m2/repository/com/google/j2objc/j2objc-annotations/1.3/j2objc-annotations-1.3.jar:/home/alex/.m2/repository/org/codehaus/mojo/animal-sniffer-annotations/1.17/animal-sniffer-annotations-1.17.jar:/home/alex/Repositories/nifi/nifi-mock/target/classes:/home/alex/Repositories/nifi/nifi-framework-api/target/classes:/home/alex/Repositories/nifi/nifi-nar-bundles/nifi-framework-bundle/nifi-framework/nifi-framework-core-api/target/classes:/home/alex/Repositories/nifi/nifi-nar-bundles/nifi-framework-bundle/nifi-framework/nifi-framework-nar-utils/target/classes:/home/alex/Repositories/nifi/nifi-nar-bundles/nifi-framework-bundle/nifi-framework/nifi-client-dto/target/classes:/home/alex/.m2/repository/io/swagger/swagger-annotations/1.6.0/swagger-annotations-1.6.0.jar:/home/alex/Repositories/nifi/nifi-commons/nifi-site-to-site-client/target/classes:/home/alex/.m2/repository/org/apache/httpcomponents/httpasyncclient/4.1.4/httpasyncclient-4.1.4.jar:/home/alex/.m2/repository/org/apache/httpcomponents/httpcore-nio/4.4.10/httpcore-nio-4.4.10.jar:/home/alex/Repositories/nifi/nifi-nar-bundles/nifi-framework-bundle/nifi-framework/nifi-framework-authorization/target/classes:/home/alex/Repositories/nifi/nifi-registry/nifi-registry-core/nifi-registry-data-model/target/classes:/home/alex/Repositories/nifi/nifi-registry/nifi-registry-core/nifi-registry-revision/nifi-registry-revision-entity-model/target/classes:/home/alex/Repositories/nifi/nifi-registry/nifi-registry-core/nifi-registry-client/target/classes:/home/alex/Repositories/nifi/nifi-registry/nifi-registry-core/nifi-registry-security-utils/target/classes:/home/alex/.m2/repository/org/glassfish/jersey/core/jersey-client/2.33/jersey-client-2.33.jar:/home/alex/.m2/repository/jakarta/ws/rs/jakarta.ws.rs-api/2.1.6/jakarta.ws.rs-api-2.1.6.jar:/home/alex/.m2/repository/org/glassfish/hk2/external/jakarta.inject/2.6.1/jakarta.inject-2.6.1.jar:/home/alex/.m2/repository/org/glassfish/jersey/media/jersey-media-json-jackson/2.33/jersey-media-json-jackson-2.33.jar:/home/alex/.m2/repository/org/glassfish/jersey/ext/jersey-entity-filtering/2.33/jersey-entity-filtering-2.33.jar:/home/alex/.m2/repository/org/glassfish/jersey/inject/jersey-hk2/2.33/jersey-hk2-2.33.jar:/home/alex/.m2/repository/org/glassfish/hk2/hk2-locator/2.6.1/hk2-locator-2.6.1.jar:/home/alex/.m2/repository/org/glassfish/hk2/external/aopalliance-repackaged/2.6.1/aopalliance-repackaged-2.6.1.jar:/home/alex/.m2/repository/org/glassfish/hk2/hk2-api/2.6.1/hk2-api-2.6.1.jar:/home/alex/.m2/repository/org/glassfish/hk2/hk2-utils/2.6.1/hk2-utils-2.6.1.jar:/home/alex/.m2/repository/org/javassist/javassist/3.25.0-GA/javassist-3.25.0-GA.jar:/home/alex/.m2/repository/org/glassfish/jersey/core/jersey-common/2.33/jersey-common-2.33.jar:/home/alex/.m2/repository/jakarta/annotation/jakarta.annotation-api/1.3.5/jakarta.annotation-api-1.3.5.jar:/home/alex/.m2/repository/org/glassfish/hk2/osgi-resource-locator/1.0.3/osgi-resource-locator-1.0.3.jar:/home/alex/.m2/repository/org/glassfish/jersey/media/jersey-media-multipart/2.33/jersey-media-multipart-2.33.jar:/home/alex/.m2/repository/org/jvnet/mimepull/mimepull/1.9.13/mimepull-1.9.13.jar:/home/alex/Repositories/nifi/nifi-commons/nifi-data-provenance-utils/target/classes:/home/alex/Repositories/nifi/nifi-nar-bundles/nifi-standard-services/nifi-distributed-cache-services-bundle/nifi-distributed-cache-client-service/target/classes:/home/alex/Repositories/nifi/nifi-nar-bundles/nifi-standard-services/nifi-distributed-cache-services-bundle/nifi-distributed-cache-protocol/target/classes:/home/alex/.m2/repository/io/netty/netty-buffer/4.1.69.Final/netty-buffer-4.1.69.Final.jar:/home/alex/.m2/repository/com/google/http-client/google-http-client/1.28.0/google-http-client-1.28.0.jar:/home/alex/.m2/repository/io/opencensus/opencensus-api/0.18.0/opencensus-api-0.18.0.jar:/home/alex/.m2/repository/io/grpc/grpc-context/1.14.0/grpc-context-1.14.0.jar:/home/alex/.m2/repository/io/opencensus/opencensus-contrib-http-util/0.18.0/opencensus-contrib-http-util-0.18.0.jar:/home/alex/.m2/repository/org/apache/activemq/activemq-broker/5.15.14/activemq-broker-5.15.14.jar:/home/alex/.m2/repository/org/apache/activemq/activemq-openwire-legacy/5.15.14/activemq-openwire-legacy-5.15.14.jar:/home/alex/Repositories/nifi/nifi-nar-bundles/nifi-standard-services/nifi-ssl-context-bundle/nifi-ssl-context-service/target/classes:/home/alex/Repositories/nifi/nifi-nar-bundles/nifi-framework-bundle/nifi-framework/nifi-standard-prioritizers/target/classes:/home/alex/Repositories/nifi/nifi-nar-bundles/nifi-extension-utils/nifi-record-utils/nifi-mock-record-utils/target/classes:/home/alex/Repositories/nifi/nifi-nar-bundles/nifi-standard-services/nifi-record-serialization-services-bundle/nifi-record-serialization-services/target/classes:/home/alex/.m2/repository/org/apache/commons/commons-csv/1.8/commons-csv-1.8.jar:/home/alex/.m2/repository/com/fasterxml/jackson/dataformat/jackson-dataformat-csv/2.12.3/jackson-dataformat-csv-2.12.3.jar:/home/alex/.m2/repository/net/java/dev/stax-utils/stax-utils/20070216/stax-utils-20070216.jar:/home/alex/Repositories/nifi/nifi-nar-bundles/nifi-standard-services/nifi-lookup-services-bundle/nifi-lookup-services/target/classes:/home/alex/.m2/repository/commons-beanutils/commons-beanutils/1.9.4/commons-beanutils-1.9.4.jar:/home/alex/.m2/repository/commons-collections/commons-collections/3.2.2/commons-collections-3.2.2.jar:/home/alex/.m2/repository/com/maxmind/geoip2/geoip2/2.12.0/geoip2-2.12.0.jar:/home/alex/.m2/repository/com/maxmind/db/maxmind-db/1.2.2/maxmind-db-1.2.2.jar:/home/alex/.m2/repository/org/apache/derby/derby/10.14.2.0/derby-10.14.2.0.jar:/home/alex/.m2/repository/org/xerial/snappy/snappy-java/1.1.7.3/snappy-java-1.1.7.3.jar:/home/alex/.m2/repository/net/lingala/zip4j/zip4j/2.8.0/zip4j-2.8.0.jar:/home/alex/.m2/repository/com/h2database/h2/1.4.187/h2-1.4.187.jar:/home/alex/.m2/repository/org/mockftpserver/MockFtpServer/2.7.1/MockFtpServer-2.7.1.jar:/home/alex/.m2/repository/org/apache/sshd/sshd-core/1.7.0/sshd-core-1.7.0.jar:/home/alex/.m2/repository/com/bazaarvoice/jolt/jolt-core/0.1.1/jolt-core-0.1.1.jar:/home/alex/.m2/repository/javax/inject/javax.inject/1/javax.inject-1.jar:/home/alex/.m2/repository/com/bazaarvoice/jolt/json-utils/0.1.1/json-utils-0.1.1.jar:/home/alex/Repositories/nifi/nifi-nar-bundles/nifi-standard-bundle/nifi-standard-utils/target/classes:/home/alex/.m2/repository/net/sf/supercsv/super-csv/2.4.0/super-csv-2.4.0.jar:/home/alex/.m2/repository/com/fluenda/parcefone/2.1.0/parcefone-2.1.0.jar:/home/alex/.m2/repository/javax/validation/validation-api/1.1.0.Final/validation-api-1.1.0.Final.jar:/home/alex/.m2/repository/javax/el/javax.el-api/3.0.0/javax.el-api-3.0.0.jar:/home/alex/.m2/repository/com/github/wnameless/json/json-flattener/0.12.0/json-flattener-0.12.0.jar:/home/alex/.m2/repository/com/github/wnameless/json/json-base/2.0.0/json-base-2.0.0.jar:/home/alex/.m2/repository/org/apache/bval/bval-jsr/1.1.2/bval-jsr-1.1.2.jar:/home/alex/.m2/repository/org/apache/bval/bval-core/1.1.2/bval-core-1.1.2.jar:/home/alex/.m2/repository/io/krakens/java-grok/0.1.9/java-grok-0.1.9.jar:/home/alex/.m2/repository/org/apache/calcite/calcite-core/1.27.0/calcite-core-1.27.0.jar:/home/alex/.m2/repository/org/apache/calcite/calcite-linq4j/1.27.0/calcite-linq4j-1.27.0.jar:/home/alex/.m2/repository/com/esri/geometry/esri-geometry-api/2.2.0/esri-geometry-api-2.2.0.jar:/home/alex/.m2/repository/org/apache/calcite/avatica/avatica-core/1.18.0/avatica-core-1.18.0.jar:/home/alex/.m2/repository/org/apache/calcite/avatica/avatica-metrics/1.18.0/avatica-metrics-1.18.0.jar:/home/alex/.m2/repository/com/google/protobuf/protobuf-java/3.6.1/protobuf-java-3.6.1.jar:/home/alex/.m2/repository/org/apiguardian/apiguardian-api/1.1.0/apiguardian-api-1.1.0.jar:/home/alex/.m2/repository/com/fasterxml/jackson/dataformat/jackson-dataformat-yaml/2.10.0/jackson-dataformat-yaml-2.10.0.jar:/home/alex/.m2/repository/org/yaml/snakeyaml/1.29/snakeyaml-1.29.jar:/home/alex/.m2/repository/com/google/uzaygezen/uzaygezen-core/0.2/uzaygezen-core-0.2.jar:/home/alex/.m2/repository/com/yahoo/datasketches/sketches-core/0.9.0/sketches-core-0.9.0.jar:/home/alex/.m2/repository/com/yahoo/datasketches/memory/0.9.0/memory-0.9.0.jar:/home/alex/.m2/repository/net/hydromatic/aggdesigner-algorithm/6.0/aggdesigner-algorithm-6.0.jar:/home/alex/.m2/repository/commons-lang/commons-lang/2.4/commons-lang-2.4.jar:/home/alex/.m2/repository/org/apache/commons/commons-dbcp2/2.6.0/commons-dbcp2-2.6.0.jar:/home/alex/.m2/repository/org/apache/commons/commons-pool2/2.6.1/commons-pool2-2.6.1.jar:/home/alex/.m2/repository/org/codehaus/janino/commons-compiler/3.0.11/commons-compiler-3.0.11.jar:/home/alex/.m2/repository/org/codehaus/janino/janino/3.0.11/janino-3.0.11.jar:/home/alex/Repositories/nifi/nifi-nar-bundles/nifi-standard-services/nifi-schema-registry-service-api/target/classes:/home/alex/Repositories/nifi/nifi-nar-bundles/nifi-extension-utils/nifi-database-utils/target/classes:/home/alex/Repositories/nifi/nifi-nar-bundles/nifi-standard-bundle/nifi-standard-web-test-utils/target/classes:/home/alex/.m2/repository/com/github/stefanbirkner/fake-sftp-server-rule/2.0.1/fake-sftp-server-rule-2.0.1.jar:/home/alex/.m2/repository/com/github/marschall/memoryfilesystem/2.8.0/memoryfilesystem-2.8.0.jar:/home/alex/.m2/repository/junit/junit/4.13.2/junit-4.13.2.jar:/home/alex/.m2/repository/org/hamcrest/hamcrest-core/1.3/hamcrest-core-1.3.jar:/home/alex/Repositories/nifi/nifi-nar-bundles/nifi-extension-utils/nifi-database-test-utils/target/classes:/home/alex/.m2/repository/org/codehaus/groovy/groovy-json/2.5.14/groovy-json-2.5.14.jar:/home/alex/.m2/repository/org/codehaus/groovy/groovy/2.5.14/groovy-2.5.14.jar:/home/alex/.m2/repository/org/codehaus/groovy/groovy-servlet/2.5.14/groovy-servlet-2.5.14.jar:/home/alex/.m2/repository/org/codehaus/groovy/groovy-templates/2.5.14/groovy-templates-2.5.14.jar:/home/alex/.m2/repository/org/codehaus/groovy/groovy-xml/2.5.14/groovy-xml-2.5.14.jar:/home/alex/.m2/repository/org/hamcrest/hamcrest-all/1.3/hamcrest-all-1.3.jar:/home/alex/.m2/repository/com/squareup/okhttp3/mockwebserver/4.9.2/mockwebserver-4.9.2.jar:/home/alex/.m2/repository/org/jetbrains/kotlin/kotlin-stdlib-jdk8/1.4.10/kotlin-stdlib-jdk8-1.4.10.jar:/home/alex/.m2/repository/org/jetbrains/kotlin/kotlin-stdlib-jdk7/1.4.10/kotlin-stdlib-jdk7-1.4.10.jar:/home/alex/.m2/repository/org/mockito/mockito-inline/3.12.4/mockito-inline-3.12.4.jar:/home/alex/.m2/repository/org/junit/jupiter/junit-jupiter-api/5.7.2/junit-jupiter-api-5.7.2.jar:/home/alex/.m2/repository/org/opentest4j/opentest4j/1.2.0/opentest4j-1.2.0.jar:/home/alex/.m2/repository/org/junit/platform/junit-platform-commons/1.7.2/junit-platform-commons-1.7.2.jar:/home/alex/.m2/repository/org/junit/jupiter/junit-jupiter-engine/5.7.2/junit-jupiter-engine-5.7.2.jar:/home/alex/.m2/repository/org/junit/platform/junit-platform-engine/1.7.2/junit-platform-engine-1.7.2.jar:/home/alex/.m2/repository/org/junit/vintage/junit-vintage-engine/5.7.2/junit-vintage-engine-5.7.2.jar:/home/alex/.m2/repository/org/junit/jupiter/junit-jupiter-params/5.7.2/junit-jupiter-params-5.7.2.jar:/home/alex/.m2/repository/org/mockito/mockito-core/3.11.2/mockito-core-3.11.2.jar:/home/alex/.m2/repository/net/bytebuddy/byte-buddy/1.11.3/byte-buddy-1.11.3.jar:/home/alex/.m2/repository/net/bytebuddy/byte-buddy-agent/1.11.3/byte-buddy-agent-1.11.3.jar:/home/alex/.m2/repository/org/objenesis/objenesis/3.2/objenesis-3.2.jar:/home/alex/.m2/repository/org/mockito/mockito-junit-jupiter/3.11.2/mockito-junit-jupiter-3.11.2.jar:/home/alex/.m2/repository/org/slf4j/slf4j-simple/1.7.32/slf4j-simple-1.7.32.jar:/home/alex/.m2/repository/org/codehaus/groovy/groovy-test/2.5.14/groovy-test-2.5.14.jar:"/>
    <property name="java.vm.vendor" value="Private Build"/>
    <property name="sun.arch.data.model" value="64"/>
    <property name="java.vendor.url" value="http://java.oracle.com/"/>
    <property name="user.timezone" value="Europe/Lisbon"/>
    <property name="java.vm.specification.version" value="1.8"/>
    <property name="os.name" value="Linux"/>
    <property name="user.country" value="US"/>
    <property name="sun.java.launcher" value="SUN_STANDARD"/>
    <property name="sun.boot.library.path" value="/usr/lib/jvm/java-8-openjdk-amd64/jre/lib/amd64"/>
    <property name="sun.java.command" value="/home/alex/Repositories/nifi/nifi-nar-bundles/nifi-standard-bundle/nifi-standard-processors/target/surefire/surefirebooter262180563015504354.jar /home/alex/Repositories/nifi/nifi-nar-bundles/nifi-standard-bundle/nifi-standard-processors/target/surefire 2024-05-02T02-13-54_999-jvmRun1 surefire7006267633466184684tmp surefire_695365209324004685157tmp"/>
    <property name="surefire.test.class.path" value="/home/alex/Repositories/nifi/nifi-nar-bundles/nifi-standard-bundle/nifi-standard-processors/target/test-classes:/home/alex/Repositories/nifi/nifi-nar-bundles/nifi-standard-bundle/nifi-standard-processors/target/classes:/home/alex/.m2/repository/org/apache/ftpserver/ftpserver-core/1.1.1/ftpserver-core-1.1.1.jar:/home/alex/.m2/repository/org/apache/ftpserver/ftplet-api/1.1.1/ftplet-api-1.1.1.jar:/home/alex/.m2/repository/org/slf4j/slf4j-api/1.7.32/slf4j-api-1.7.32.jar:/home/alex/.m2/repository/org/apache/mina/mina-core/2.0.16/mina-core-2.0.16.jar:/home/alex/Repositories/nifi/nifi-api/target/classes:/home/alex/Repositories/nifi/nifi-commons/nifi-expression-language/target/classes:/home/alex/.m2/repository/org/antlr/antlr-runtime/3.5.2/antlr-runtime-3.5.2.jar:/home/alex/Repositories/nifi/nifi-commons/nifi-parameter/target/classes:/home/alex/Repositories/nifi/nifi-commons/nifi-uuid5/target/classes:/home/alex/.m2/repository/org/apache/commons/commons-text/1.8/commons-text-1.8.jar:/home/alex/Repositories/nifi/nifi-nar-bundles/nifi-extension-utils/nifi-processor-utils/target/classes:/home/alex/Repositories/nifi/nifi-commons/nifi-security-socket-ssl/target/classes:/home/alex/Repositories/nifi/nifi-nar-bundles/nifi-extension-utils/nifi-event-transport/target/classes:/home/alex/.m2/repository/io/netty/netty-handler/4.1.69.Final/netty-handler-4.1.69.Final.jar:/home/alex/.m2/repository/io/netty/netty-common/4.1.69.Final/netty-common-4.1.69.Final.jar:/home/alex/.m2/repository/io/netty/netty-resolver/4.1.69.Final/netty-resolver-4.1.69.Final.jar:/home/alex/.m2/repository/io/netty/netty-transport/4.1.69.Final/netty-transport-4.1.69.Final.jar:/home/alex/.m2/repository/io/netty/netty-codec/4.1.69.Final/netty-codec-4.1.69.Final.jar:/home/alex/Repositories/nifi/nifi-nar-bundles/nifi-extension-utils/nifi-syslog-utils/target/classes:/home/alex/.m2/repository/com/github/palindromicity/simple-syslog-5424/0.0.16/simple-syslog-5424-0.0.16.jar:/home/alex/.m2/repository/org/antlr/antlr4-runtime/4.7.2/antlr4-runtime-4.7.2.jar:/home/alex/Repositories/nifi/nifi-commons/nifi-utils/target/classes:/home/alex/Repositories/nifi/nifi-commons/nifi-record-path/target/classes:/home/alex/Repositories/nifi/nifi-commons/nifi-properties/target/classes:/home/alex/Repositories/nifi/nifi-commons/nifi-property-utils/target/classes:/home/alex/.m2/repository/com/github/ben-manes/caffeine/caffeine/2.8.1/caffeine-2.8.1.jar:/home/alex/Repositories/nifi/nifi-nar-bundles/nifi-standard-services/nifi-ssl-context-service-api/target/classes:/home/alex/Repositories/nifi/nifi-commons/nifi-security-utils-api/target/classes:/home/alex/Repositories/nifi/nifi-nar-bundles/nifi-standard-services/nifi-lookup-service-api/target/classes:/home/alex/Repositories/nifi/nifi-commons/nifi-flowfile-packager/target/classes:/home/alex/Repositories/nifi/nifi-nar-bundles/nifi-standard-services/nifi-distributed-cache-client-service-api/target/classes:/home/alex/Repositories/nifi/nifi-nar-bundles/nifi-standard-services/nifi-http-context-map-api/target/classes:/home/alex/Repositories/nifi/nifi-nar-bundles/nifi-standard-services/nifi-record-serialization-service-api/target/classes:/home/alex/Repositories/nifi/nifi-nar-bundles/nifi-standard-services/nifi-proxy-configuration-api/target/classes:/home/alex/Repositories/nifi/nifi-commons/nifi-record/target/classes:/home/alex/Repositories/nifi/nifi-nar-bundles/nifi-standard-services/nifi-record-sink-api/target/classes:/home/alex/.m2/repository/commons-io/commons-io/2.10.0/commons-io-2.10.0.jar:/home/alex/.m2/repository/javax/ws/rs/javax.ws.rs-api/2.1/javax.ws.rs-api-2.1.jar:/home/alex/.m2/repository/commons-net/commons-net/3.6/commons-net-3.6.jar:/home/alex/.m2/repository/org/apache/commons/commons-compress/1.21/commons-compress-1.21.jar:/home/alex/.m2/repository/org/apache/commons/commons-lang3/3.9/commons-lang3-3.9.jar:/home/alex/.m2/repository/org/bouncycastle/bcprov-jdk15on/1.69/bcprov-jdk15on-1.69.jar:/home/alex/.m2/repository/org/bouncycastle/bcpg-jdk15on/1.69/bcpg-jdk15on-1.69.jar:/home/alex/.m2/repository/org/bouncycastle/bcpkix-jdk15on/1.69/bcpkix-jdk15on-1.69.jar:/home/alex/.m2/repository/org/bouncycastle/bcutil-jdk15on/1.69/bcutil-jdk15on-1.69.jar:/home/alex/.m2/repository/commons-codec/commons-codec/1.14/commons-codec-1.14.jar:/home/alex/Repositories/nifi/nifi-commons/nifi-security-utils/target/classes:/home/alex/Repositories/nifi/nifi-commons/nifi-security-kms/target/classes:/home/alex/.m2/repository/org/apache/commons/commons-configuration2/2.7/commons-configuration2-2.7.jar:/home/alex/.m2/repository/com/hierynomus/sshj/0.32.0/sshj-0.32.0.jar:/home/alex/.m2/repository/com/jcraft/jzlib/1.1.3/jzlib-1.1.3.jar:/home/alex/.m2/repository/com/hierynomus/asn-one/0.6.0/asn-one-0.6.0.jar:/home/alex/.m2/repository/net/i2p/crypto/eddsa/0.3.0/eddsa-0.3.0.jar:/home/alex/.m2/repository/org/eclipse/jetty/jetty-server/9.4.44.v20210927/jetty-server-9.4.44.v20210927.jar:/home/alex/.m2/repository/javax/servlet/javax.servlet-api/3.1.0/javax.servlet-api-3.1.0.jar:/home/alex/.m2/repository/org/eclipse/jetty/jetty-http/9.4.44.v20210927/jetty-http-9.4.44.v20210927.jar:/home/alex/.m2/repository/org/eclipse/jetty/jetty-util/9.4.44.v20210927/jetty-util-9.4.44.v20210927.jar:/home/alex/.m2/repository/org/eclipse/jetty/jetty-io/9.4.44.v20210927/jetty-io-9.4.44.v20210927.jar:/home/alex/.m2/repository/org/eclipse/jetty/jetty-servlet/9.4.44.v20210927/jetty-servlet-9.4.44.v20210927.jar:/home/alex/.m2/repository/org/eclipse/jetty/jetty-security/9.4.44.v20210927/jetty-security-9.4.44.v20210927.jar:/home/alex/.m2/repository/org/eclipse/jetty/jetty-util-ajax/9.4.44.v20210927/jetty-util-ajax-9.4.44.v20210927.jar:/home/alex/.m2/repository/org/apache/httpcomponents/httpclient/4.5.5/httpclient-4.5.5.jar:/home/alex/.m2/repository/commons-logging/commons-logging/1.2/commons-logging-1.2.jar:/home/alex/.m2/repository/org/apache/httpcomponents/httpcore/4.4.9/httpcore-4.4.9.jar:/home/alex/.m2/repository/jakarta/activation/jakarta.activation-api/2.0.1/jakarta.activation-api-2.0.1.jar:/home/alex/.m2/repository/com/sun/activation/jakarta.activation/2.0.1/jakarta.activation-2.0.1.jar:/home/alex/.m2/repository/jakarta/mail/jakarta.mail-api/2.0.1/jakarta.mail-api-2.0.1.jar:/home/alex/.m2/repository/com/sun/mail/jakarta.mail/2.0.1/jakarta.mail-2.0.1.jar:/home/alex/.m2/repository/com/github/jponge/lzma-java/1.3/lzma-java-1.3.jar:/home/alex/.m2/repository/org/tukaani/xz/1.8/xz-1.8.jar:/home/alex/.m2/repository/net/sf/saxon/Saxon-HE/10.6/Saxon-HE-10.6.jar:/home/alex/Repositories/nifi/nifi-commons/nifi-socket-utils/target/classes:/home/alex/Repositories/nifi/nifi-commons/nifi-logging-utils/target/classes:/home/alex/Repositories/nifi/nifi-nar-bundles/nifi-standard-services/nifi-load-distribution-service-api/target/classes:/home/alex/.m2/repository/javax/jms/javax.jms-api/2.0.1/javax.jms-api-2.0.1.jar:/home/alex/.m2/repository/org/apache/activemq/activemq-client/5.15.15/activemq-client-5.15.15.jar:/home/alex/.m2/repository/org/apache/geronimo/specs/geronimo-jms_1.1_spec/1.1.1/geronimo-jms_1.1_spec-1.1.1.jar:/home/alex/.m2/repository/org/fusesource/hawtbuf/hawtbuf/1.11/hawtbuf-1.11.jar:/home/alex/.m2/repository/org/apache/geronimo/specs/geronimo-j2ee-management_1.1_spec/1.0.1/geronimo-j2ee-management_1.1_spec-1.0.1.jar:/home/alex/.m2/repository/com/jayway/jsonpath/json-path/2.6.0/json-path-2.6.0.jar:/home/alex/.m2/repository/net/minidev/json-smart/2.4.7/json-smart-2.4.7.jar:/home/alex/.m2/repository/net/minidev/accessors-smart/2.4.7/accessors-smart-2.4.7.jar:/home/alex/.m2/repository/org/ow2/asm/asm/9.1/asm-9.1.jar:/home/alex/.m2/repository/org/apache/tika/tika-core/1.26/tika-core-1.26.jar:/home/alex/.m2/repository/com/fasterxml/jackson/core/jackson-databind/2.12.3/jackson-databind-2.12.3.jar:/home/alex/.m2/repository/com/fasterxml/jackson/core/jackson-annotations/2.12.3/jackson-annotations-2.12.3.jar:/home/alex/.m2/repository/com/fasterxml/jackson/core/jackson-core/2.12.3/jackson-core-2.12.3.jar:/home/alex/Repositories/nifi/nifi-nar-bundles/nifi-extension-utils/nifi-record-utils/nifi-avro-record-utils/target/classes:/home/alex/Repositories/nifi/nifi-nar-bundles/nifi-extension-utils/nifi-record-utils/nifi-standard-record-utils/target/classes:/home/alex/.m2/repository/org/apache/avro/avro/1.8.1/avro-1.8.1.jar:/home/alex/.m2/repository/org/codehaus/jackson/jackson-core-asl/1.9.13/jackson-core-asl-1.9.13.jar:/home/alex/.m2/repository/org/codehaus/jackson/jackson-mapper-asl/1.9.13/jackson-mapper-asl-1.9.13.jar:/home/alex/.m2/repository/com/thoughtworks/paranamer/paranamer/2.7/paranamer-2.7.jar:/home/alex/Repositories/nifi/nifi-nar-bundles/nifi-standard-services/nifi-dbcp-service-api/target/classes:/home/alex/.m2/repository/com/squareup/okhttp3/okhttp/4.9.2/okhttp-4.9.2.jar:/home/alex/.m2/repository/com/squareup/okio/okio/2.8.0/okio-2.8.0.jar:/home/alex/.m2/repository/org/jetbrains/kotlin/kotlin-stdlib-common/1.4.0/kotlin-stdlib-common-1.4.0.jar:/home/alex/.m2/repository/org/jetbrains/kotlin/kotlin-stdlib/1.4.10/kotlin-stdlib-1.4.10.jar:/home/alex/.m2/repository/org/jetbrains/annotations/13.0/annotations-13.0.jar:/home/alex/.m2/repository/io/github/rburgst/okhttp-digest/2.5/okhttp-digest-2.5.jar:/home/alex/.m2/repository/at/favre/lib/bcrypt/0.9.0/bcrypt-0.9.0.jar:/home/alex/.m2/repository/at/favre/lib/bytes/1.3.0/bytes-1.3.0.jar:/home/alex/.m2/repository/com/google/guava/guava/28.0-jre/guava-28.0-jre.jar:/home/alex/.m2/repository/com/google/guava/failureaccess/1.0.1/failureaccess-1.0.1.jar:/home/alex/.m2/repository/com/google/guava/listenablefuture/9999.0-empty-to-avoid-conflict-with-guava/listenablefuture-9999.0-empty-to-avoid-conflict-with-guava.jar:/home/alex/.m2/repository/com/google/code/findbugs/jsr305/3.0.2/jsr305-3.0.2.jar:/home/alex/.m2/repository/org/checkerframework/checker-qual/2.8.1/checker-qual-2.8.1.jar:/home/alex/.m2/repository/com/google/errorprone/error_prone_annotations/2.3.2/error_prone_annotations-2.3.2.jar:/home/alex/.m2/repository/com/google/j2objc/j2objc-annotations/1.3/j2objc-annotations-1.3.jar:/home/alex/.m2/repository/org/codehaus/mojo/animal-sniffer-annotations/1.17/animal-sniffer-annotations-1.17.jar:/home/alex/Repositories/nifi/nifi-mock/target/classes:/home/alex/Repositories/nifi/nifi-framework-api/target/classes:/home/alex/Repositories/nifi/nifi-nar-bundles/nifi-framework-bundle/nifi-framework/nifi-framework-core-api/target/classes:/home/alex/Repositories/nifi/nifi-nar-bundles/nifi-framework-bundle/nifi-framework/nifi-framework-nar-utils/target/classes:/home/alex/Repositories/nifi/nifi-nar-bundles/nifi-framework-bundle/nifi-framework/nifi-client-dto/target/classes:/home/alex/.m2/repository/io/swagger/swagger-annotations/1.6.0/swagger-annotations-1.6.0.jar:/home/alex/Repositories/nifi/nifi-commons/nifi-site-to-site-client/target/classes:/home/alex/.m2/repository/org/apache/httpcomponents/httpasyncclient/4.1.4/httpasyncclient-4.1.4.jar:/home/alex/.m2/repository/org/apache/httpcomponents/httpcore-nio/4.4.10/httpcore-nio-4.4.10.jar:/home/alex/Repositories/nifi/nifi-nar-bundles/nifi-framework-bundle/nifi-framework/nifi-framework-authorization/target/classes:/home/alex/Repositories/nifi/nifi-registry/nifi-registry-core/nifi-registry-data-model/target/classes:/home/alex/Repositories/nifi/nifi-registry/nifi-registry-core/nifi-registry-revision/nifi-registry-revision-entity-model/target/classes:/home/alex/Repositories/nifi/nifi-registry/nifi-registry-core/nifi-registry-client/target/classes:/home/alex/Repositories/nifi/nifi-registry/nifi-registry-core/nifi-registry-security-utils/target/classes:/home/alex/.m2/repository/org/glassfish/jersey/core/jersey-client/2.33/jersey-client-2.33.jar:/home/alex/.m2/repository/jakarta/ws/rs/jakarta.ws.rs-api/2.1.6/jakarta.ws.rs-api-2.1.6.jar:/home/alex/.m2/repository/org/glassfish/hk2/external/jakarta.inject/2.6.1/jakarta.inject-2.6.1.jar:/home/alex/.m2/repository/org/glassfish/jersey/media/jersey-media-json-jackson/2.33/jersey-media-json-jackson-2.33.jar:/home/alex/.m2/repository/org/glassfish/jersey/ext/jersey-entity-filtering/2.33/jersey-entity-filtering-2.33.jar:/home/alex/.m2/repository/org/glassfish/jersey/inject/jersey-hk2/2.33/jersey-hk2-2.33.jar:/home/alex/.m2/repository/org/glassfish/hk2/hk2-locator/2.6.1/hk2-locator-2.6.1.jar:/home/alex/.m2/repository/org/glassfish/hk2/external/aopalliance-repackaged/2.6.1/aopalliance-repackaged-2.6.1.jar:/home/alex/.m2/repository/org/glassfish/hk2/hk2-api/2.6.1/hk2-api-2.6.1.jar:/home/alex/.m2/repository/org/glassfish/hk2/hk2-utils/2.6.1/hk2-utils-2.6.1.jar:/home/alex/.m2/repository/org/javassist/javassist/3.25.0-GA/javassist-3.25.0-GA.jar:/home/alex/.m2/repository/org/glassfish/jersey/core/jersey-common/2.33/jersey-common-2.33.jar:/home/alex/.m2/repository/jakarta/annotation/jakarta.annotation-api/1.3.5/jakarta.annotation-api-1.3.5.jar:/home/alex/.m2/repository/org/glassfish/hk2/osgi-resource-locator/1.0.3/osgi-resource-locator-1.0.3.jar:/home/alex/.m2/repository/org/glassfish/jersey/media/jersey-media-multipart/2.33/jersey-media-multipart-2.33.jar:/home/alex/.m2/repository/org/jvnet/mimepull/mimepull/1.9.13/mimepull-1.9.13.jar:/home/alex/Repositories/nifi/nifi-commons/nifi-data-provenance-utils/target/classes:/home/alex/Repositories/nifi/nifi-nar-bundles/nifi-standard-services/nifi-distributed-cache-services-bundle/nifi-distributed-cache-client-service/target/classes:/home/alex/Repositories/nifi/nifi-nar-bundles/nifi-standard-services/nifi-distributed-cache-services-bundle/nifi-distributed-cache-protocol/target/classes:/home/alex/.m2/repository/io/netty/netty-buffer/4.1.69.Final/netty-buffer-4.1.69.Final.jar:/home/alex/.m2/repository/com/google/http-client/google-http-client/1.28.0/google-http-client-1.28.0.jar:/home/alex/.m2/repository/io/opencensus/opencensus-api/0.18.0/opencensus-api-0.18.0.jar:/home/alex/.m2/repository/io/grpc/grpc-context/1.14.0/grpc-context-1.14.0.jar:/home/alex/.m2/repository/io/opencensus/opencensus-contrib-http-util/0.18.0/opencensus-contrib-http-util-0.18.0.jar:/home/alex/.m2/repository/org/apache/activemq/activemq-broker/5.15.14/activemq-broker-5.15.14.jar:/home/alex/.m2/repository/org/apache/activemq/activemq-openwire-legacy/5.15.14/activemq-openwire-legacy-5.15.14.jar:/home/alex/Repositories/nifi/nifi-nar-bundles/nifi-standard-services/nifi-ssl-context-bundle/nifi-ssl-context-service/target/classes:/home/alex/Repositories/nifi/nifi-nar-bundles/nifi-framework-bundle/nifi-framework/nifi-standard-prioritizers/target/classes:/home/alex/Repositories/nifi/nifi-nar-bundles/nifi-extension-utils/nifi-record-utils/nifi-mock-record-utils/target/classes:/home/alex/Repositories/nifi/nifi-nar-bundles/nifi-standard-services/nifi-record-serialization-services-bundle/nifi-record-serialization-services/target/classes:/home/alex/.m2/repository/org/apache/commons/commons-csv/1.8/commons-csv-1.8.jar:/home/alex/.m2/repository/com/fasterxml/jackson/dataformat/jackson-dataformat-csv/2.12.3/jackson-dataformat-csv-2.12.3.jar:/home/alex/.m2/repository/net/java/dev/stax-utils/stax-utils/20070216/stax-utils-20070216.jar:/home/alex/Repositories/nifi/nifi-nar-bundles/nifi-standard-services/nifi-lookup-services-bundle/nifi-lookup-services/target/classes:/home/alex/.m2/repository/commons-beanutils/commons-beanutils/1.9.4/commons-beanutils-1.9.4.jar:/home/alex/.m2/repository/commons-collections/commons-collections/3.2.2/commons-collections-3.2.2.jar:/home/alex/.m2/repository/com/maxmind/geoip2/geoip2/2.12.0/geoip2-2.12.0.jar:/home/alex/.m2/repository/com/maxmind/db/maxmind-db/1.2.2/maxmind-db-1.2.2.jar:/home/alex/.m2/repository/org/apache/derby/derby/10.14.2.0/derby-10.14.2.0.jar:/home/alex/.m2/repository/org/xerial/snappy/snappy-java/1.1.7.3/snappy-java-1.1.7.3.jar:/home/alex/.m2/repository/net/lingala/zip4j/zip4j/2.8.0/zip4j-2.8.0.jar:/home/alex/.m2/repository/com/h2database/h2/1.4.187/h2-1.4.187.jar:/home/alex/.m2/repository/org/mockftpserver/MockFtpServer/2.7.1/MockFtpServer-2.7.1.jar:/home/alex/.m2/repository/org/apache/sshd/sshd-core/1.7.0/sshd-core-1.7.0.jar:/home/alex/.m2/repository/com/bazaarvoice/jolt/jolt-core/0.1.1/jolt-core-0.1.1.jar:/home/alex/.m2/repository/javax/inject/javax.inject/1/javax.inject-1.jar:/home/alex/.m2/repository/com/bazaarvoice/jolt/json-utils/0.1.1/json-utils-0.1.1.jar:/home/alex/Repositories/nifi/nifi-nar-bundles/nifi-standard-bundle/nifi-standard-utils/target/classes:/home/alex/.m2/repository/net/sf/supercsv/super-csv/2.4.0/super-csv-2.4.0.jar:/home/alex/.m2/repository/com/fluenda/parcefone/2.1.0/parcefone-2.1.0.jar:/home/alex/.m2/repository/javax/validation/validation-api/1.1.0.Final/validation-api-1.1.0.Final.jar:/home/alex/.m2/repository/javax/el/javax.el-api/3.0.0/javax.el-api-3.0.0.jar:/home/alex/.m2/repository/com/github/wnameless/json/json-flattener/0.12.0/json-flattener-0.12.0.jar:/home/alex/.m2/repository/com/github/wnameless/json/json-base/2.0.0/json-base-2.0.0.jar:/home/alex/.m2/repository/org/apache/bval/bval-jsr/1.1.2/bval-jsr-1.1.2.jar:/home/alex/.m2/repository/org/apache/bval/bval-core/1.1.2/bval-core-1.1.2.jar:/home/alex/.m2/repository/io/krakens/java-grok/0.1.9/java-grok-0.1.9.jar:/home/alex/.m2/repository/org/apache/calcite/calcite-core/1.27.0/calcite-core-1.27.0.jar:/home/alex/.m2/repository/org/apache/calcite/calcite-linq4j/1.27.0/calcite-linq4j-1.27.0.jar:/home/alex/.m2/repository/com/esri/geometry/esri-geometry-api/2.2.0/esri-geometry-api-2.2.0.jar:/home/alex/.m2/repository/org/apache/calcite/avatica/avatica-core/1.18.0/avatica-core-1.18.0.jar:/home/alex/.m2/repository/org/apache/calcite/avatica/avatica-metrics/1.18.0/avatica-metrics-1.18.0.jar:/home/alex/.m2/repository/com/google/protobuf/protobuf-java/3.6.1/protobuf-java-3.6.1.jar:/home/alex/.m2/repository/org/apiguardian/apiguardian-api/1.1.0/apiguardian-api-1.1.0.jar:/home/alex/.m2/repository/com/fasterxml/jackson/dataformat/jackson-dataformat-yaml/2.10.0/jackson-dataformat-yaml-2.10.0.jar:/home/alex/.m2/repository/org/yaml/snakeyaml/1.29/snakeyaml-1.29.jar:/home/alex/.m2/repository/com/google/uzaygezen/uzaygezen-core/0.2/uzaygezen-core-0.2.jar:/home/alex/.m2/repository/com/yahoo/datasketches/sketches-core/0.9.0/sketches-core-0.9.0.jar:/home/alex/.m2/repository/com/yahoo/datasketches/memory/0.9.0/memory-0.9.0.jar:/home/alex/.m2/repository/net/hydromatic/aggdesigner-algorithm/6.0/aggdesigner-algorithm-6.0.jar:/home/alex/.m2/repository/commons-lang/commons-lang/2.4/commons-lang-2.4.jar:/home/alex/.m2/repository/org/apache/commons/commons-dbcp2/2.6.0/commons-dbcp2-2.6.0.jar:/home/alex/.m2/repository/org/apache/commons/commons-pool2/2.6.1/commons-pool2-2.6.1.jar:/home/alex/.m2/repository/org/codehaus/janino/commons-compiler/3.0.11/commons-compiler-3.0.11.jar:/home/alex/.m2/repository/org/codehaus/janino/janino/3.0.11/janino-3.0.11.jar:/home/alex/Repositories/nifi/nifi-nar-bundles/nifi-standard-services/nifi-schema-registry-service-api/target/classes:/home/alex/Repositories/nifi/nifi-nar-bundles/nifi-extension-utils/nifi-database-utils/target/classes:/home/alex/Repositories/nifi/nifi-nar-bundles/nifi-standard-bundle/nifi-standard-web-test-utils/target/classes:/home/alex/.m2/repository/com/github/stefanbirkner/fake-sftp-server-rule/2.0.1/fake-sftp-server-rule-2.0.1.jar:/home/alex/.m2/repository/com/github/marschall/memoryfilesystem/2.8.0/memoryfilesystem-2.8.0.jar:/home/alex/.m2/repository/junit/junit/4.13.2/junit-4.13.2.jar:/home/alex/.m2/repository/org/hamcrest/hamcrest-core/1.3/hamcrest-core-1.3.jar:/home/alex/Repositories/nifi/nifi-nar-bundles/nifi-extension-utils/nifi-database-test-utils/target/classes:/home/alex/.m2/repository/org/codehaus/groovy/groovy-json/2.5.14/groovy-json-2.5.14.jar:/home/alex/.m2/repository/org/codehaus/groovy/groovy/2.5.14/groovy-2.5.14.jar:/home/alex/.m2/repository/org/codehaus/groovy/groovy-servlet/2.5.14/groovy-servlet-2.5.14.jar:/home/alex/.m2/repository/org/codehaus/groovy/groovy-templates/2.5.14/groovy-templates-2.5.14.jar:/home/alex/.m2/repository/org/codehaus/groovy/groovy-xml/2.5.14/groovy-xml-2.5.14.jar:/home/alex/.m2/repository/org/hamcrest/hamcrest-all/1.3/hamcrest-all-1.3.jar:/home/alex/.m2/repository/com/squareup/okhttp3/mockwebserver/4.9.2/mockwebserver-4.9.2.jar:/home/alex/.m2/repository/org/jetbrains/kotlin/kotlin-stdlib-jdk8/1.4.10/kotlin-stdlib-jdk8-1.4.10.jar:/home/alex/.m2/repository/org/jetbrains/kotlin/kotlin-stdlib-jdk7/1.4.10/kotlin-stdlib-jdk7-1.4.10.jar:/home/alex/.m2/repository/org/mockito/mockito-inline/3.12.4/mockito-inline-3.12.4.jar:/home/alex/.m2/repository/org/junit/jupiter/junit-jupiter-api/5.7.2/junit-jupiter-api-5.7.2.jar:/home/alex/.m2/repository/org/opentest4j/opentest4j/1.2.0/opentest4j-1.2.0.jar:/home/alex/.m2/repository/org/junit/platform/junit-platform-commons/1.7.2/junit-platform-commons-1.7.2.jar:/home/alex/.m2/repository/org/junit/jupiter/junit-jupiter-engine/5.7.2/junit-jupiter-engine-5.7.2.jar:/home/alex/.m2/repository/org/junit/platform/junit-platform-engine/1.7.2/junit-platform-engine-1.7.2.jar:/home/alex/.m2/repository/org/junit/vintage/junit-vintage-engine/5.7.2/junit-vintage-engine-5.7.2.jar:/home/alex/.m2/repository/org/junit/jupiter/junit-jupiter-params/5.7.2/junit-jupiter-params-5.7.2.jar:/home/alex/.m2/repository/org/mockito/mockito-core/3.11.2/mockito-core-3.11.2.jar:/home/alex/.m2/repository/net/bytebuddy/byte-buddy/1.11.3/byte-buddy-1.11.3.jar:/home/alex/.m2/repository/net/bytebuddy/byte-buddy-agent/1.11.3/byte-buddy-agent-1.11.3.jar:/home/alex/.m2/repository/org/objenesis/objenesis/3.2/objenesis-3.2.jar:/home/alex/.m2/repository/org/mockito/mockito-junit-jupiter/3.11.2/mockito-junit-jupiter-3.11.2.jar:/home/alex/.m2/repository/org/slf4j/slf4j-simple/1.7.32/slf4j-simple-1.7.32.jar:/home/alex/.m2/repository/org/codehaus/groovy/groovy-test/2.5.14/groovy-test-2.5.14.jar:"/>
    <property name="sun.cpu.endian" value="little"/>
    <property name="user.home" value="/home/alex"/>
    <property name="user.language" value="en"/>
    <property name="java.specification.vendor" value="Oracle Corporation"/>
    <property name="java.home" value="/usr/lib/jvm/java-8-openjdk-amd64/jre"/>
    <property name="basedir" value="/home/alex/Repositories/nifi/nifi-nar-bundles/nifi-standard-bundle/nifi-standard-processors"/>
    <property name="file.separator" value="/"/>
    <property name="line.separator" value="&#10;"/>
    <property name="java.vm.specification.vendor" value="Oracle Corporation"/>
    <property name="java.specification.name" value="Java Platform API Specification"/>
    <property name="derby.stream.error.file" value="target/derby.log"/>
    <property name="java.awt.graphicsenv" value="sun.awt.X11GraphicsEnvironment"/>
    <property name="java.awt.headless" value="true"/>
    <property name="surefire.real.class.path" value="/home/alex/Repositories/nifi/nifi-nar-bundles/nifi-standard-bundle/nifi-standard-processors/target/surefire/surefirebooter262180563015504354.jar"/>
    <property name="sun.boot.class.path" value="/usr/lib/jvm/java-8-openjdk-amd64/jre/lib/resources.jar:/usr/lib/jvm/java-8-openjdk-amd64/jre/lib/rt.jar:/usr/lib/jvm/java-8-openjdk-amd64/jre/lib/sunrsasign.jar:/usr/lib/jvm/java-8-openjdk-amd64/jre/lib/jsse.jar:/usr/lib/jvm/java-8-openjdk-amd64/jre/lib/jce.jar:/usr/lib/jvm/java-8-openjdk-amd64/jre/lib/charsets.jar:/usr/lib/jvm/java-8-openjdk-amd64/jre/lib/jfr.jar:/usr/lib/jvm/java-8-openjdk-amd64/jre/classes"/>
    <property name="sun.management.compiler" value="HotSpot 64-Bit Tiered Compilers"/>
    <property name="java.runtime.version" value="1.8.0_402-8u402-ga-2ubuntu1~22.04-b06"/>
    <property name="java.net.preferIPv4Stack" value="true"/>
    <property name="user.name" value="alex"/>
    <property name="path.separator" value=":"/>
    <property name="os.version" value="6.5.0-28-generic"/>
    <property name="java.endorsed.dirs" value="/usr/lib/jvm/java-8-openjdk-amd64/jre/lib/endorsed"/>
    <property name="java.runtime.name" value="OpenJDK Runtime Environment"/>
    <property name="file.encoding" value="UTF-8"/>
    <property name="sun.nio.ch.bugLevel" value=""/>
    <property name="java.vm.name" value="OpenJDK 64-Bit Server VM"/>
    <property name="localRepository" value="/home/alex/.m2/repository"/>
    <property name="java.vendor.url.bug" value="http://bugreport.sun.com/bugreport/"/>
    <property name="java.io.tmpdir" value="/tmp"/>
    <property name="java.version" value="1.8.0_402"/>
    <property name="user.dir" value="/home/alex/Repositories/nifi/nifi-nar-bundles/nifi-standard-bundle/nifi-standard-processors"/>
    <property name="os.arch" value="amd64"/>
    <property name="java.vm.specification.name" value="Java Virtual Machine Specification"/>
    <property name="java.awt.printerjob" value="sun.print.PSPrinterJob"/>
    <property name="sun.os.patch.level" value="unknown"/>
    <property name="java.library.path" value="/usr/java/packages/lib/amd64:/usr/lib/x86_64-linux-gnu/jni:/lib/x86_64-linux-gnu:/usr/lib/x86_64-linux-gnu:/usr/lib/jni:/lib:/usr/lib"/>
    <property name="java.vm.info" value="mixed mode"/>
    <property name="java.vendor" value="Private Build"/>
    <property name="java.vm.version" value="25.402-b06"/>
    <property name="java.specification.maintenance.version" value="5"/>
    <property name="java.ext.dirs" value="/usr/lib/jvm/java-8-openjdk-amd64/jre/lib/ext:/usr/java/packages/lib/ext"/>
    <property name="sun.io.unicode.encoding" value="UnicodeLittle"/>
    <property name="java.class.version" value="52.0"/>
  </properties>
  <testcase name="testFileCountRate" classname="org.apache.nifi.processors.standard.TestControlRate" time="1.109">
    <system-err><![CDATA[[pool-139-thread-1] INFO org.apache.nifi.processors.standard.ControlRate - ControlRate[id=8394b5c0-0228-4aae-808b-77648be75d62] transferring FlowFile[0,93312829516322.mockFlowFile,11B] to 'success'
[pool-139-thread-1] INFO org.apache.nifi.processors.standard.ControlRate - ControlRate[id=8394b5c0-0228-4aae-808b-77648be75d62] transferring FlowFile[1,93312829586997.mockFlowFile,11B] to 'success'
[pool-139-thread-1] INFO org.apache.nifi.processors.standard.ControlRate - ControlRate[id=8394b5c0-0228-4aae-808b-77648be75d62] transferring FlowFile[2,93312829624067.mockFlowFile,11B] to 'success'
[pool-141-thread-1] INFO org.apache.nifi.processors.standard.ControlRate - ControlRate[id=8394b5c0-0228-4aae-808b-77648be75d62] transferring FlowFile[3,93312829667151.mockFlowFile,11B] to 'success'
]]></system-err>
  </testcase>
  <testcase name="testDataSizeRate" classname="org.apache.nifi.processors.standard.TestControlRate" time="1.104">
    <system-err><![CDATA[[pool-142-thread-1] INFO org.apache.nifi.processors.standard.ControlRate - ControlRate[id=a48d768b-c843-4f5b-b7fe-17b8af5d212f] transferring FlowFile[0,93313936498128.mockFlowFile,10B] to 'success'
[pool-142-thread-1] INFO org.apache.nifi.processors.standard.ControlRate - ControlRate[id=a48d768b-c843-4f5b-b7fe-17b8af5d212f] transferring FlowFile[1,93313936541478.mockFlowFile,10B] to 'success'
[pool-144-thread-1] INFO org.apache.nifi.processors.standard.ControlRate - ControlRate[id=a48d768b-c843-4f5b-b7fe-17b8af5d212f] transferring FlowFile[2,93313936567730.mockFlowFile,10B] to 'success'
[pool-144-thread-1] INFO org.apache.nifi.processors.standard.ControlRate - ControlRate[id=a48d768b-c843-4f5b-b7fe-17b8af5d212f] transferring FlowFile[3,93313936590381.mockFlowFile,10B] to 'success'
]]></system-err>
  </testcase>
  <testcase name="testBatchLimit" classname="org.apache.nifi.processors.standard.TestControlRate" time="0.069">
    <system-err><![CDATA[[pool-145-thread-1] INFO org.apache.nifi.processors.standard.ControlRate - ControlRate[id=c9090b62-9119-498c-b924-14dd189e9bd7] transferring FlowFile[0,93315040547402.mockFlowFile,11B] to 'success'
[pool-145-thread-1] INFO org.apache.nifi.processors.standard.ControlRate - ControlRate[id=c9090b62-9119-498c-b924-14dd189e9bd7] transferring FlowFile[1,93315040618471.mockFlowFile,11B] to 'success'
[pool-145-thread-1] INFO org.apache.nifi.processors.standard.ControlRate - ControlRate[id=c9090b62-9119-498c-b924-14dd189e9bd7] transferring FlowFile[2,93315040646760.mockFlowFile,11B] to 'success'
[pool-145-thread-1] INFO org.apache.nifi.processors.standard.ControlRate - ControlRate[id=c9090b62-9119-498c-b924-14dd189e9bd7] transferring FlowFile[3,93315040689802.mockFlowFile,11B] to 'success'
[pool-145-thread-1] INFO org.apache.nifi.processors.standard.ControlRate - ControlRate[id=c9090b62-9119-498c-b924-14dd189e9bd7] transferring FlowFile[4,93315040704540.mockFlowFile,11B] to 'success'
[pool-145-thread-1] INFO org.apache.nifi.processors.standard.ControlRate - ControlRate[id=c9090b62-9119-498c-b924-14dd189e9bd7] transferring FlowFile[5,93315040730857.mockFlowFile,11B] to 'success'
[pool-145-thread-1] INFO org.apache.nifi.processors.standard.ControlRate - ControlRate[id=c9090b62-9119-498c-b924-14dd189e9bd7] transferring FlowFile[6,93315040742962.mockFlowFile,11B] to 'success'
[pool-145-thread-1] INFO org.apache.nifi.processors.standard.ControlRate - ControlRate[id=c9090b62-9119-498c-b924-14dd189e9bd7] transferring FlowFile[7,93315040761244.mockFlowFile,11B] to 'success'
[pool-145-thread-1] INFO org.apache.nifi.processors.standard.ControlRate - ControlRate[id=c9090b62-9119-498c-b924-14dd189e9bd7] transferring FlowFile[8,93315040773878.mockFlowFile,11B] to 'success'
[pool-145-thread-1] INFO org.apache.nifi.processors.standard.ControlRate - ControlRate[id=c9090b62-9119-498c-b924-14dd189e9bd7] transferring FlowFile[9,93315040787120.mockFlowFile,11B] to 'success'
[pool-145-thread-1] INFO org.apache.nifi.processors.standard.ControlRate - ControlRate[id=c9090b62-9119-498c-b924-14dd189e9bd7] transferring FlowFile[10,93315040799309.mockFlowFile,12B] to 'success'
[pool-145-thread-1] INFO org.apache.nifi.processors.standard.ControlRate - ControlRate[id=c9090b62-9119-498c-b924-14dd189e9bd7] transferring FlowFile[11,93315040811054.mockFlowFile,12B] to 'success'
[pool-145-thread-1] INFO org.apache.nifi.processors.standard.ControlRate - ControlRate[id=c9090b62-9119-498c-b924-14dd189e9bd7] transferring FlowFile[12,93315040822971.mockFlowFile,12B] to 'success'
[pool-145-thread-1] INFO org.apache.nifi.processors.standard.ControlRate - ControlRate[id=c9090b62-9119-498c-b924-14dd189e9bd7] transferring FlowFile[13,93315040834067.mockFlowFile,12B] to 'success'
[pool-145-thread-1] INFO org.apache.nifi.processors.standard.ControlRate - ControlRate[id=c9090b62-9119-498c-b924-14dd189e9bd7] transferring FlowFile[14,93315040846273.mockFlowFile,12B] to 'success'
[pool-145-thread-1] INFO org.apache.nifi.processors.standard.ControlRate - ControlRate[id=c9090b62-9119-498c-b924-14dd189e9bd7] transferring FlowFile[15,93315040861177.mockFlowFile,12B] to 'success'
[pool-145-thread-1] INFO org.apache.nifi.processors.standard.ControlRate - ControlRate[id=c9090b62-9119-498c-b924-14dd189e9bd7] transferring FlowFile[16,93315040872855.mockFlowFile,12B] to 'success'
[pool-145-thread-1] INFO org.apache.nifi.processors.standard.ControlRate - ControlRate[id=c9090b62-9119-498c-b924-14dd189e9bd7] transferring FlowFile[17,93315040884518.mockFlowFile,12B] to 'success'
[pool-145-thread-1] INFO org.apache.nifi.processors.standard.ControlRate - ControlRate[id=c9090b62-9119-498c-b924-14dd189e9bd7] transferring FlowFile[18,93315040895529.mockFlowFile,12B] to 'success'
[pool-145-thread-1] INFO org.apache.nifi.processors.standard.ControlRate - ControlRate[id=c9090b62-9119-498c-b924-14dd189e9bd7] transferring FlowFile[19,93315040907368.mockFlowFile,12B] to 'success'
[pool-145-thread-1] INFO org.apache.nifi.processors.standard.ControlRate - ControlRate[id=c9090b62-9119-498c-b924-14dd189e9bd7] transferring FlowFile[20,93315040919129.mockFlowFile,12B] to 'success'
[pool-145-thread-1] INFO org.apache.nifi.processors.standard.ControlRate - ControlRate[id=c9090b62-9119-498c-b924-14dd189e9bd7] transferring FlowFile[21,93315040930185.mockFlowFile,12B] to 'success'
[pool-145-thread-1] INFO org.apache.nifi.processors.standard.ControlRate - ControlRate[id=c9090b62-9119-498c-b924-14dd189e9bd7] transferring FlowFile[22,93315040944438.mockFlowFile,12B] to 'success'
[pool-145-thread-1] INFO org.apache.nifi.processors.standard.ControlRate - ControlRate[id=c9090b62-9119-498c-b924-14dd189e9bd7] transferring FlowFile[23,93315040958485.mockFlowFile,12B] to 'success'
[pool-145-thread-1] INFO org.apache.nifi.processors.standard.ControlRate - ControlRate[id=c9090b62-9119-498c-b924-14dd189e9bd7] transferring FlowFile[24,93315040970367.mockFlowFile,12B] to 'success'
[pool-145-thread-1] INFO org.apache.nifi.processors.standard.ControlRate - ControlRate[id=c9090b62-9119-498c-b924-14dd189e9bd7] transferring FlowFile[25,93315040981853.mockFlowFile,12B] to 'success'
[pool-145-thread-1] INFO org.apache.nifi.processors.standard.ControlRate - ControlRate[id=c9090b62-9119-498c-b924-14dd189e9bd7] transferring FlowFile[26,93315040992823.mockFlowFile,12B] to 'success'
[pool-145-thread-1] INFO org.apache.nifi.processors.standard.ControlRate - ControlRate[id=c9090b62-9119-498c-b924-14dd189e9bd7] transferring FlowFile[27,93315041004297.mockFlowFile,12B] to 'success'
[pool-145-thread-1] INFO org.apache.nifi.processors.standard.ControlRate - ControlRate[id=c9090b62-9119-498c-b924-14dd189e9bd7] transferring FlowFile[28,93315041015130.mockFlowFile,12B] to 'success'
[pool-145-thread-1] INFO org.apache.nifi.processors.standard.ControlRate - ControlRate[id=c9090b62-9119-498c-b924-14dd189e9bd7] transferring FlowFile[29,93315041026801.mockFlowFile,12B] to 'success'
[pool-145-thread-1] INFO org.apache.nifi.processors.standard.ControlRate - ControlRate[id=c9090b62-9119-498c-b924-14dd189e9bd7] transferring FlowFile[30,93315041039375.mockFlowFile,12B] to 'success'
[pool-145-thread-1] INFO org.apache.nifi.processors.standard.ControlRate - ControlRate[id=c9090b62-9119-498c-b924-14dd189e9bd7] transferring FlowFile[31,93315041052882.mockFlowFile,12B] to 'success'
[pool-145-thread-1] INFO org.apache.nifi.processors.standard.ControlRate - ControlRate[id=c9090b62-9119-498c-b924-14dd189e9bd7] transferring FlowFile[32,93315041065742.mockFlowFile,12B] to 'success'
[pool-145-thread-1] INFO org.apache.nifi.processors.standard.ControlRate - ControlRate[id=c9090b62-9119-498c-b924-14dd189e9bd7] transferring FlowFile[33,93315041076613.mockFlowFile,12B] to 'success'
[pool-145-thread-1] INFO org.apache.nifi.processors.standard.ControlRate - ControlRate[id=c9090b62-9119-498c-b924-14dd189e9bd7] transferring FlowFile[34,93315041088081.mockFlowFile,12B] to 'success'
[pool-145-thread-1] INFO org.apache.nifi.processors.standard.ControlRate - ControlRate[id=c9090b62-9119-498c-b924-14dd189e9bd7] transferring FlowFile[35,93315041100267.mockFlowFile,12B] to 'success'
[pool-145-thread-1] INFO org.apache.nifi.processors.standard.ControlRate - ControlRate[id=c9090b62-9119-498c-b924-14dd189e9bd7] transferring FlowFile[36,93315041111081.mockFlowFile,12B] to 'success'
[pool-145-thread-1] INFO org.apache.nifi.processors.standard.ControlRate - ControlRate[id=c9090b62-9119-498c-b924-14dd189e9bd7] transferring FlowFile[37,93315041155742.mockFlowFile,12B] to 'success'
[pool-145-thread-1] INFO org.apache.nifi.processors.standard.ControlRate - ControlRate[id=c9090b62-9119-498c-b924-14dd189e9bd7] transferring FlowFile[38,93315041169391.mockFlowFile,12B] to 'success'
[pool-145-thread-1] INFO org.apache.nifi.processors.standard.ControlRate - ControlRate[id=c9090b62-9119-498c-b924-14dd189e9bd7] transferring FlowFile[39,93315041186278.mockFlowFile,12B] to 'success'
[pool-145-thread-1] INFO org.apache.nifi.processors.standard.ControlRate - ControlRate[id=c9090b62-9119-498c-b924-14dd189e9bd7] transferring FlowFile[40,93315041211374.mockFlowFile,12B] to 'success'
[pool-145-thread-1] INFO org.apache.nifi.processors.standard.ControlRate - ControlRate[id=c9090b62-9119-498c-b924-14dd189e9bd7] transferring FlowFile[41,93315041222360.mockFlowFile,12B] to 'success'
[pool-145-thread-1] INFO org.apache.nifi.processors.standard.ControlRate - ControlRate[id=c9090b62-9119-498c-b924-14dd189e9bd7] transferring FlowFile[42,93315041234063.mockFlowFile,12B] to 'success'
[pool-145-thread-1] INFO org.apache.nifi.processors.standard.ControlRate - ControlRate[id=c9090b62-9119-498c-b924-14dd189e9bd7] transferring FlowFile[43,93315041244901.mockFlowFile,12B] to 'success'
[pool-145-thread-1] INFO org.apache.nifi.processors.standard.ControlRate - ControlRate[id=c9090b62-9119-498c-b924-14dd189e9bd7] transferring FlowFile[44,93315041257627.mockFlowFile,12B] to 'success'
[pool-145-thread-1] INFO org.apache.nifi.processors.standard.ControlRate - ControlRate[id=c9090b62-9119-498c-b924-14dd189e9bd7] transferring FlowFile[45,93315041269035.mockFlowFile,12B] to 'success'
[pool-145-thread-1] INFO org.apache.nifi.processors.standard.ControlRate - ControlRate[id=c9090b62-9119-498c-b924-14dd189e9bd7] transferring FlowFile[46,93315041279953.mockFlowFile,12B] to 'success'
[pool-145-thread-1] INFO org.apache.nifi.processors.standard.ControlRate - ControlRate[id=c9090b62-9119-498c-b924-14dd189e9bd7] transferring FlowFile[47,93315041293995.mockFlowFile,12B] to 'success'
[pool-145-thread-1] INFO org.apache.nifi.processors.standard.ControlRate - ControlRate[id=c9090b62-9119-498c-b924-14dd189e9bd7] transferring FlowFile[48,93315041304926.mockFlowFile,12B] to 'success'
[pool-145-thread-1] INFO org.apache.nifi.processors.standard.ControlRate - ControlRate[id=c9090b62-9119-498c-b924-14dd189e9bd7] transferring FlowFile[49,93315041316854.mockFlowFile,12B] to 'success'
[pool-145-thread-1] INFO org.apache.nifi.processors.standard.ControlRate - ControlRate[id=c9090b62-9119-498c-b924-14dd189e9bd7] transferring FlowFile[50,93315041328844.mockFlowFile,12B] to 'success'
[pool-145-thread-1] INFO org.apache.nifi.processors.standard.ControlRate - ControlRate[id=c9090b62-9119-498c-b924-14dd189e9bd7] transferring FlowFile[51,93315041339693.mockFlowFile,12B] to 'success'
[pool-145-thread-1] INFO org.apache.nifi.processors.standard.ControlRate - ControlRate[id=c9090b62-9119-498c-b924-14dd189e9bd7] transferring FlowFile[52,93315041350734.mockFlowFile,12B] to 'success'
[pool-145-thread-1] INFO org.apache.nifi.processors.standard.ControlRate - ControlRate[id=c9090b62-9119-498c-b924-14dd189e9bd7] transferring FlowFile[53,93315041361326.mockFlowFile,12B] to 'success'
[pool-145-thread-1] INFO org.apache.nifi.processors.standard.ControlRate - ControlRate[id=c9090b62-9119-498c-b924-14dd189e9bd7] transferring FlowFile[54,93315041372745.mockFlowFile,12B] to 'success'
[pool-145-thread-1] INFO org.apache.nifi.processors.standard.ControlRate - ControlRate[id=c9090b62-9119-498c-b924-14dd189e9bd7] transferring FlowFile[55,93315041386655.mockFlowFile,12B] to 'success'
[pool-145-thread-1] INFO org.apache.nifi.processors.standard.ControlRate - ControlRate[id=c9090b62-9119-498c-b924-14dd189e9bd7] transferring FlowFile[56,93315041397667.mockFlowFile,12B] to 'success'
[pool-145-thread-1] INFO org.apache.nifi.processors.standard.ControlRate - ControlRate[id=c9090b62-9119-498c-b924-14dd189e9bd7] transferring FlowFile[57,93315041442526.mockFlowFile,12B] to 'success'
[pool-145-thread-1] INFO org.apache.nifi.processors.standard.ControlRate - ControlRate[id=c9090b62-9119-498c-b924-14dd189e9bd7] transferring FlowFile[58,93315041455488.mockFlowFile,12B] to 'success'
[pool-145-thread-1] INFO org.apache.nifi.processors.standard.ControlRate - ControlRate[id=c9090b62-9119-498c-b924-14dd189e9bd7] transferring FlowFile[59,93315041467467.mockFlowFile,12B] to 'success'
[pool-145-thread-1] INFO org.apache.nifi.processors.standard.ControlRate - ControlRate[id=c9090b62-9119-498c-b924-14dd189e9bd7] transferring FlowFile[60,93315041492280.mockFlowFile,12B] to 'success'
[pool-145-thread-1] INFO org.apache.nifi.processors.standard.ControlRate - ControlRate[id=c9090b62-9119-498c-b924-14dd189e9bd7] transferring FlowFile[61,93315041502932.mockFlowFile,12B] to 'success'
[pool-145-thread-1] INFO org.apache.nifi.processors.standard.ControlRate - ControlRate[id=c9090b62-9119-498c-b924-14dd189e9bd7] transferring FlowFile[62,93315041514218.mockFlowFile,12B] to 'success'
[pool-145-thread-1] INFO org.apache.nifi.processors.standard.ControlRate - ControlRate[id=c9090b62-9119-498c-b924-14dd189e9bd7] transferring FlowFile[63,93315041528111.mockFlowFile,12B] to 'success'
[pool-145-thread-1] INFO org.apache.nifi.processors.standard.ControlRate - ControlRate[id=c9090b62-9119-498c-b924-14dd189e9bd7] transferring FlowFile[64,93315041540128.mockFlowFile,12B] to 'success'
[pool-145-thread-1] INFO org.apache.nifi.processors.standard.ControlRate - ControlRate[id=c9090b62-9119-498c-b924-14dd189e9bd7] transferring FlowFile[65,93315041551680.mockFlowFile,12B] to 'success'
[pool-145-thread-1] INFO org.apache.nifi.processors.standard.ControlRate - ControlRate[id=c9090b62-9119-498c-b924-14dd189e9bd7] transferring FlowFile[66,93315041565225.mockFlowFile,12B] to 'success'
[pool-145-thread-1] INFO org.apache.nifi.processors.standard.ControlRate - ControlRate[id=c9090b62-9119-498c-b924-14dd189e9bd7] transferring FlowFile[67,93315041578471.mockFlowFile,12B] to 'success'
[pool-145-thread-1] INFO org.apache.nifi.processors.standard.ControlRate - ControlRate[id=c9090b62-9119-498c-b924-14dd189e9bd7] transferring FlowFile[68,93315041629152.mockFlowFile,12B] to 'success'
[pool-145-thread-1] INFO org.apache.nifi.processors.standard.ControlRate - ControlRate[id=c9090b62-9119-498c-b924-14dd189e9bd7] transferring FlowFile[69,93315041642070.mockFlowFile,12B] to 'success'
[pool-145-thread-1] INFO org.apache.nifi.processors.standard.ControlRate - ControlRate[id=c9090b62-9119-498c-b924-14dd189e9bd7] transferring FlowFile[70,93315041653246.mockFlowFile,12B] to 'success'
[pool-145-thread-1] INFO org.apache.nifi.processors.standard.ControlRate - ControlRate[id=c9090b62-9119-498c-b924-14dd189e9bd7] transferring FlowFile[71,93315041666977.mockFlowFile,12B] to 'success'
[pool-145-thread-1] INFO org.apache.nifi.processors.standard.ControlRate - ControlRate[id=c9090b62-9119-498c-b924-14dd189e9bd7] transferring FlowFile[72,93315041678136.mockFlowFile,12B] to 'success'
[pool-145-thread-1] INFO org.apache.nifi.processors.standard.ControlRate - ControlRate[id=c9090b62-9119-498c-b924-14dd189e9bd7] transferring FlowFile[73,93315041688417.mockFlowFile,12B] to 'success'
[pool-145-thread-1] INFO org.apache.nifi.processors.standard.ControlRate - ControlRate[id=c9090b62-9119-498c-b924-14dd189e9bd7] transferring FlowFile[74,93315041700492.mockFlowFile,12B] to 'success'
[pool-145-thread-1] INFO org.apache.nifi.processors.standard.ControlRate - ControlRate[id=c9090b62-9119-498c-b924-14dd189e9bd7] transferring FlowFile[75,93315041711358.mockFlowFile,12B] to 'success'
[pool-145-thread-1] INFO org.apache.nifi.processors.standard.ControlRate - ControlRate[id=c9090b62-9119-498c-b924-14dd189e9bd7] transferring FlowFile[76,93315041721551.mockFlowFile,12B] to 'success'
[pool-145-thread-1] INFO org.apache.nifi.processors.standard.ControlRate - ControlRate[id=c9090b62-9119-498c-b924-14dd189e9bd7] transferring FlowFile[77,93315041732200.mockFlowFile,12B] to 'success'
[pool-145-thread-1] INFO org.apache.nifi.processors.standard.ControlRate - ControlRate[id=c9090b62-9119-498c-b924-14dd189e9bd7] transferring FlowFile[78,93315041742200.mockFlowFile,12B] to 'success'
[pool-145-thread-1] INFO org.apache.nifi.processors.standard.ControlRate - ControlRate[id=c9090b62-9119-498c-b924-14dd189e9bd7] transferring FlowFile[79,93315041756050.mockFlowFile,12B] to 'success'
[pool-145-thread-1] INFO org.apache.nifi.processors.standard.ControlRate - ControlRate[id=c9090b62-9119-498c-b924-14dd189e9bd7] transferring FlowFile[80,93315041767091.mockFlowFile,12B] to 'success'
[pool-145-thread-1] INFO org.apache.nifi.processors.standard.ControlRate - ControlRate[id=c9090b62-9119-498c-b924-14dd189e9bd7] transferring FlowFile[81,93315041777162.mockFlowFile,12B] to 'success'
[pool-145-thread-1] INFO org.apache.nifi.processors.standard.ControlRate - ControlRate[id=c9090b62-9119-498c-b924-14dd189e9bd7] transferring FlowFile[82,93315041787858.mockFlowFile,12B] to 'success'
[pool-145-thread-1] INFO org.apache.nifi.processors.standard.ControlRate - ControlRate[id=c9090b62-9119-498c-b924-14dd189e9bd7] transferring FlowFile[83,93315041797816.mockFlowFile,12B] to 'success'
[pool-145-thread-1] INFO org.apache.nifi.processors.standard.ControlRate - ControlRate[id=c9090b62-9119-498c-b924-14dd189e9bd7] transferring FlowFile[84,93315041808338.mockFlowFile,12B] to 'success'
[pool-145-thread-1] INFO org.apache.nifi.processors.standard.ControlRate - ControlRate[id=c9090b62-9119-498c-b924-14dd189e9bd7] transferring FlowFile[85,93315041844472.mockFlowFile,12B] to 'success'
[pool-145-thread-1] INFO org.apache.nifi.processors.standard.ControlRate - ControlRate[id=c9090b62-9119-498c-b924-14dd189e9bd7] transferring FlowFile[86,93315041882070.mockFlowFile,12B] to 'success'
[pool-145-thread-1] INFO org.apache.nifi.processors.standard.ControlRate - ControlRate[id=c9090b62-9119-498c-b924-14dd189e9bd7] transferring FlowFile[87,93315041898247.mockFlowFile,12B] to 'success'
[pool-145-thread-1] INFO org.apache.nifi.processors.standard.ControlRate - ControlRate[id=c9090b62-9119-498c-b924-14dd189e9bd7] transferring FlowFile[88,93315041922715.mockFlowFile,12B] to 'success'
[pool-145-thread-1] INFO org.apache.nifi.processors.standard.ControlRate - ControlRate[id=c9090b62-9119-498c-b924-14dd189e9bd7] transferring FlowFile[89,93315041942554.mockFlowFile,12B] to 'success'
[pool-145-thread-1] INFO org.apache.nifi.processors.standard.ControlRate - ControlRate[id=c9090b62-9119-498c-b924-14dd189e9bd7] transferring FlowFile[90,93315041979856.mockFlowFile,12B] to 'success'
[pool-145-thread-1] INFO org.apache.nifi.processors.standard.ControlRate - ControlRate[id=c9090b62-9119-498c-b924-14dd189e9bd7] transferring FlowFile[91,93315042015916.mockFlowFile,12B] to 'success'
[pool-145-thread-1] INFO org.apache.nifi.processors.standard.ControlRate - ControlRate[id=c9090b62-9119-498c-b924-14dd189e9bd7] transferring FlowFile[92,93315042047626.mockFlowFile,12B] to 'success'
[pool-145-thread-1] INFO org.apache.nifi.processors.standard.ControlRate - ControlRate[id=c9090b62-9119-498c-b924-14dd189e9bd7] transferring FlowFile[93,93315042058783.mockFlowFile,12B] to 'success'
[pool-145-thread-1] INFO org.apache.nifi.processors.standard.ControlRate - ControlRate[id=c9090b62-9119-498c-b924-14dd189e9bd7] transferring FlowFile[94,93315042070304.mockFlowFile,12B] to 'success'
[pool-145-thread-1] INFO org.apache.nifi.processors.standard.ControlRate - ControlRate[id=c9090b62-9119-498c-b924-14dd189e9bd7] transferring FlowFile[95,93315042100104.mockFlowFile,12B] to 'success'
[pool-145-thread-1] INFO org.apache.nifi.processors.standard.ControlRate - ControlRate[id=c9090b62-9119-498c-b924-14dd189e9bd7] transferring FlowFile[96,93315042166815.mockFlowFile,12B] to 'success'
[pool-145-thread-1] INFO org.apache.nifi.processors.standard.ControlRate - ControlRate[id=c9090b62-9119-498c-b924-14dd189e9bd7] transferring FlowFile[97,93315042213129.mockFlowFile,12B] to 'success'
[pool-145-thread-1] INFO org.apache.nifi.processors.standard.ControlRate - ControlRate[id=c9090b62-9119-498c-b924-14dd189e9bd7] transferring FlowFile[98,93315042234004.mockFlowFile,12B] to 'success'
[pool-145-thread-1] INFO org.apache.nifi.processors.standard.ControlRate - ControlRate[id=c9090b62-9119-498c-b924-14dd189e9bd7] transferring FlowFile[99,93315042253025.mockFlowFile,12B] to 'success'
[pool-145-thread-1] INFO org.apache.nifi.processors.standard.ControlRate - ControlRate[id=c9090b62-9119-498c-b924-14dd189e9bd7] transferring FlowFile[100,93315042271257.mockFlowFile,13B] to 'success'
[pool-145-thread-1] INFO org.apache.nifi.processors.standard.ControlRate - ControlRate[id=c9090b62-9119-498c-b924-14dd189e9bd7] transferring FlowFile[101,93315042291716.mockFlowFile,13B] to 'success'
[pool-145-thread-1] INFO org.apache.nifi.processors.standard.ControlRate - ControlRate[id=c9090b62-9119-498c-b924-14dd189e9bd7] transferring FlowFile[102,93315042311617.mockFlowFile,13B] to 'success'
[pool-145-thread-1] INFO org.apache.nifi.processors.standard.ControlRate - ControlRate[id=c9090b62-9119-498c-b924-14dd189e9bd7] transferring FlowFile[103,93315042335497.mockFlowFile,13B] to 'success'
[pool-145-thread-1] INFO org.apache.nifi.processors.standard.ControlRate - ControlRate[id=c9090b62-9119-498c-b924-14dd189e9bd7] transferring FlowFile[104,93315042383645.mockFlowFile,13B] to 'success'
[pool-145-thread-1] INFO org.apache.nifi.processors.standard.ControlRate - ControlRate[id=c9090b62-9119-498c-b924-14dd189e9bd7] transferring FlowFile[105,93315042407036.mockFlowFile,13B] to 'success'
[pool-145-thread-1] INFO org.apache.nifi.processors.standard.ControlRate - ControlRate[id=c9090b62-9119-498c-b924-14dd189e9bd7] transferring FlowFile[106,93315042427906.mockFlowFile,13B] to 'success'
[pool-145-thread-1] INFO org.apache.nifi.processors.standard.ControlRate - ControlRate[id=c9090b62-9119-498c-b924-14dd189e9bd7] transferring FlowFile[107,93315042449872.mockFlowFile,13B] to 'success'
[pool-145-thread-1] INFO org.apache.nifi.processors.standard.ControlRate - ControlRate[id=c9090b62-9119-498c-b924-14dd189e9bd7] transferring FlowFile[108,93315042470531.mockFlowFile,13B] to 'success'
[pool-145-thread-1] INFO org.apache.nifi.processors.standard.ControlRate - ControlRate[id=c9090b62-9119-498c-b924-14dd189e9bd7] transferring FlowFile[109,93315042492991.mockFlowFile,13B] to 'success'
[pool-145-thread-1] INFO org.apache.nifi.processors.standard.ControlRate - ControlRate[id=c9090b62-9119-498c-b924-14dd189e9bd7] transferring FlowFile[110,93315042512845.mockFlowFile,13B] to 'success'
[pool-145-thread-1] INFO org.apache.nifi.processors.standard.ControlRate - ControlRate[id=c9090b62-9119-498c-b924-14dd189e9bd7] transferring FlowFile[111,93315042536379.mockFlowFile,13B] to 'success'
[pool-145-thread-1] INFO org.apache.nifi.processors.standard.ControlRate - ControlRate[id=c9090b62-9119-498c-b924-14dd189e9bd7] transferring FlowFile[112,93315042557320.mockFlowFile,13B] to 'success'
[pool-145-thread-1] INFO org.apache.nifi.processors.standard.ControlRate - ControlRate[id=c9090b62-9119-498c-b924-14dd189e9bd7] transferring FlowFile[113,93315042580471.mockFlowFile,13B] to 'success'
[pool-145-thread-1] INFO org.apache.nifi.processors.standard.ControlRate - ControlRate[id=c9090b62-9119-498c-b924-14dd189e9bd7] transferring FlowFile[114,93315042602378.mockFlowFile,13B] to 'success'
[pool-145-thread-1] INFO org.apache.nifi.processors.standard.ControlRate - ControlRate[id=c9090b62-9119-498c-b924-14dd189e9bd7] transferring FlowFile[115,93315042623238.mockFlowFile,13B] to 'success'
[pool-145-thread-1] INFO org.apache.nifi.processors.standard.ControlRate - ControlRate[id=c9090b62-9119-498c-b924-14dd189e9bd7] transferring FlowFile[116,93315042643446.mockFlowFile,13B] to 'success'
[pool-145-thread-1] INFO org.apache.nifi.processors.standard.ControlRate - ControlRate[id=c9090b62-9119-498c-b924-14dd189e9bd7] transferring FlowFile[117,93315042663745.mockFlowFile,13B] to 'success'
[pool-145-thread-1] INFO org.apache.nifi.processors.standard.ControlRate - ControlRate[id=c9090b62-9119-498c-b924-14dd189e9bd7] transferring FlowFile[118,93315042683189.mockFlowFile,13B] to 'success'
[pool-145-thread-1] INFO org.apache.nifi.processors.standard.ControlRate - ControlRate[id=c9090b62-9119-498c-b924-14dd189e9bd7] transferring FlowFile[119,93315042710145.mockFlowFile,13B] to 'success'
[pool-145-thread-1] INFO org.apache.nifi.processors.standard.ControlRate - ControlRate[id=c9090b62-9119-498c-b924-14dd189e9bd7] transferring FlowFile[120,93315042730967.mockFlowFile,13B] to 'success'
[pool-145-thread-1] INFO org.apache.nifi.processors.standard.ControlRate - ControlRate[id=c9090b62-9119-498c-b924-14dd189e9bd7] transferring FlowFile[121,93315042750058.mockFlowFile,13B] to 'success'
[pool-145-thread-1] INFO org.apache.nifi.processors.standard.ControlRate - ControlRate[id=c9090b62-9119-498c-b924-14dd189e9bd7] transferring FlowFile[122,93315042769903.mockFlowFile,13B] to 'success'
[pool-145-thread-1] INFO org.apache.nifi.processors.standard.ControlRate - ControlRate[id=c9090b62-9119-498c-b924-14dd189e9bd7] transferring FlowFile[123,93315042789187.mockFlowFile,13B] to 'success'
[pool-145-thread-1] INFO org.apache.nifi.processors.standard.ControlRate - ControlRate[id=c9090b62-9119-498c-b924-14dd189e9bd7] transferring FlowFile[124,93315042810300.mockFlowFile,13B] to 'success'
[pool-145-thread-1] INFO org.apache.nifi.processors.standard.ControlRate - ControlRate[id=c9090b62-9119-498c-b924-14dd189e9bd7] transferring FlowFile[125,93315042830721.mockFlowFile,13B] to 'success'
[pool-145-thread-1] INFO org.apache.nifi.processors.standard.ControlRate - ControlRate[id=c9090b62-9119-498c-b924-14dd189e9bd7] transferring FlowFile[126,93315042850953.mockFlowFile,13B] to 'success'
[pool-145-thread-1] INFO org.apache.nifi.processors.standard.ControlRate - ControlRate[id=c9090b62-9119-498c-b924-14dd189e9bd7] transferring FlowFile[127,93315042886174.mockFlowFile,13B] to 'success'
[pool-145-thread-1] INFO org.apache.nifi.processors.standard.ControlRate - ControlRate[id=c9090b62-9119-498c-b924-14dd189e9bd7] transferring FlowFile[128,93315042926064.mockFlowFile,13B] to 'success'
[pool-145-thread-1] INFO org.apache.nifi.processors.standard.ControlRate - ControlRate[id=c9090b62-9119-498c-b924-14dd189e9bd7] transferring FlowFile[129,93315042947863.mockFlowFile,13B] to 'success'
[pool-145-thread-1] INFO org.apache.nifi.processors.standard.ControlRate - ControlRate[id=c9090b62-9119-498c-b924-14dd189e9bd7] transferring FlowFile[130,93315043006619.mockFlowFile,13B] to 'success'
[pool-145-thread-1] INFO org.apache.nifi.processors.standard.ControlRate - ControlRate[id=c9090b62-9119-498c-b924-14dd189e9bd7] transferring FlowFile[131,93315043117224.mockFlowFile,13B] to 'success'
[pool-145-thread-1] INFO org.apache.nifi.processors.standard.ControlRate - ControlRate[id=c9090b62-9119-498c-b924-14dd189e9bd7] transferring FlowFile[132,93315043142566.mockFlowFile,13B] to 'success'
[pool-145-thread-1] INFO org.apache.nifi.processors.standard.ControlRate - ControlRate[id=c9090b62-9119-498c-b924-14dd189e9bd7] transferring FlowFile[133,93315043162552.mockFlowFile,13B] to 'success'
[pool-145-thread-1] INFO org.apache.nifi.processors.standard.ControlRate - ControlRate[id=c9090b62-9119-498c-b924-14dd189e9bd7] transferring FlowFile[134,93315043183083.mockFlowFile,13B] to 'success'
[pool-145-thread-1] INFO org.apache.nifi.processors.standard.ControlRate - ControlRate[id=c9090b62-9119-498c-b924-14dd189e9bd7] transferring FlowFile[135,93315043209016.mockFlowFile,13B] to 'success'
[pool-145-thread-1] INFO org.apache.nifi.processors.standard.ControlRate - ControlRate[id=c9090b62-9119-498c-b924-14dd189e9bd7] transferring FlowFile[136,93315043228233.mockFlowFile,13B] to 'success'
[pool-145-thread-1] INFO org.apache.nifi.processors.standard.ControlRate - ControlRate[id=c9090b62-9119-498c-b924-14dd189e9bd7] transferring FlowFile[137,93315043247633.mockFlowFile,13B] to 'success'
[pool-145-thread-1] INFO org.apache.nifi.processors.standard.ControlRate - ControlRate[id=c9090b62-9119-498c-b924-14dd189e9bd7] transferring FlowFile[138,93315043266383.mockFlowFile,13B] to 'success'
[pool-145-thread-1] INFO org.apache.nifi.processors.standard.ControlRate - ControlRate[id=c9090b62-9119-498c-b924-14dd189e9bd7] transferring FlowFile[139,93315043286911.mockFlowFile,13B] to 'success'
[pool-145-thread-1] INFO org.apache.nifi.processors.standard.ControlRate - ControlRate[id=c9090b62-9119-498c-b924-14dd189e9bd7] transferring FlowFile[140,93315043307190.mockFlowFile,13B] to 'success'
[pool-145-thread-1] INFO org.apache.nifi.processors.standard.ControlRate - ControlRate[id=c9090b62-9119-498c-b924-14dd189e9bd7] transferring FlowFile[141,93315043326408.mockFlowFile,13B] to 'success'
[pool-145-thread-1] INFO org.apache.nifi.processors.standard.ControlRate - ControlRate[id=c9090b62-9119-498c-b924-14dd189e9bd7] transferring FlowFile[142,93315043347052.mockFlowFile,13B] to 'success'
[pool-145-thread-1] INFO org.apache.nifi.processors.standard.ControlRate - ControlRate[id=c9090b62-9119-498c-b924-14dd189e9bd7] transferring FlowFile[143,93315043372636.mockFlowFile,13B] to 'success'
[pool-145-thread-1] INFO org.apache.nifi.processors.standard.ControlRate - ControlRate[id=c9090b62-9119-498c-b924-14dd189e9bd7] transferring FlowFile[144,93315043393064.mockFlowFile,13B] to 'success'
[pool-145-thread-1] INFO org.apache.nifi.processors.standard.ControlRate - ControlRate[id=c9090b62-9119-498c-b924-14dd189e9bd7] transferring FlowFile[145,93315043414641.mockFlowFile,13B] to 'success'
[pool-145-thread-1] INFO org.apache.nifi.processors.standard.ControlRate - ControlRate[id=c9090b62-9119-498c-b924-14dd189e9bd7] transferring FlowFile[146,93315043432777.mockFlowFile,13B] to 'success'
[pool-145-thread-1] INFO org.apache.nifi.processors.standard.ControlRate - ControlRate[id=c9090b62-9119-498c-b924-14dd189e9bd7] transferring FlowFile[147,93315043506506.mockFlowFile,13B] to 'success'
[pool-145-thread-1] INFO org.apache.nifi.processors.standard.ControlRate - ControlRate[id=c9090b62-9119-498c-b924-14dd189e9bd7] transferring FlowFile[148,93315043533282.mockFlowFile,13B] to 'success'
[pool-145-thread-1] INFO org.apache.nifi.processors.standard.ControlRate - ControlRate[id=c9090b62-9119-498c-b924-14dd189e9bd7] transferring FlowFile[149,93315043566360.mockFlowFile,13B] to 'success'
[pool-145-thread-1] INFO org.apache.nifi.processors.standard.ControlRate - ControlRate[id=c9090b62-9119-498c-b924-14dd189e9bd7] transferring FlowFile[150,93315043587920.mockFlowFile,13B] to 'success'
[pool-145-thread-1] INFO org.apache.nifi.processors.standard.ControlRate - ControlRate[id=c9090b62-9119-498c-b924-14dd189e9bd7] transferring FlowFile[151,93315043612240.mockFlowFile,13B] to 'success'
[pool-145-thread-1] INFO org.apache.nifi.processors.standard.ControlRate - ControlRate[id=c9090b62-9119-498c-b924-14dd189e9bd7] transferring FlowFile[152,93315043660690.mockFlowFile,13B] to 'success'
[pool-145-thread-1] INFO org.apache.nifi.processors.standard.ControlRate - ControlRate[id=c9090b62-9119-498c-b924-14dd189e9bd7] transferring FlowFile[153,93315043679889.mockFlowFile,13B] to 'success'
[pool-145-thread-1] INFO org.apache.nifi.processors.standard.ControlRate - ControlRate[id=c9090b62-9119-498c-b924-14dd189e9bd7] transferring FlowFile[154,93315043699364.mockFlowFile,13B] to 'success'
[pool-145-thread-1] INFO org.apache.nifi.processors.standard.ControlRate - ControlRate[id=c9090b62-9119-498c-b924-14dd189e9bd7] transferring FlowFile[155,93315043718204.mockFlowFile,13B] to 'success'
[pool-145-thread-1] INFO org.apache.nifi.processors.standard.ControlRate - ControlRate[id=c9090b62-9119-498c-b924-14dd189e9bd7] transferring FlowFile[156,93315043735562.mockFlowFile,13B] to 'success'
[pool-145-thread-1] INFO org.apache.nifi.processors.standard.ControlRate - ControlRate[id=c9090b62-9119-498c-b924-14dd189e9bd7] transferring FlowFile[157,93315043753801.mockFlowFile,13B] to 'success'
[pool-145-thread-1] INFO org.apache.nifi.processors.standard.ControlRate - ControlRate[id=c9090b62-9119-498c-b924-14dd189e9bd7] transferring FlowFile[158,93315043775758.mockFlowFile,13B] to 'success'
[pool-145-thread-1] INFO org.apache.nifi.processors.standard.ControlRate - ControlRate[id=c9090b62-9119-498c-b924-14dd189e9bd7] transferring FlowFile[159,93315043800649.mockFlowFile,13B] to 'success'
[pool-145-thread-1] INFO org.apache.nifi.processors.standard.ControlRate - ControlRate[id=c9090b62-9119-498c-b924-14dd189e9bd7] transferring FlowFile[160,93315043820637.mockFlowFile,13B] to 'success'
[pool-145-thread-1] INFO org.apache.nifi.processors.standard.ControlRate - ControlRate[id=c9090b62-9119-498c-b924-14dd189e9bd7] transferring FlowFile[161,93315043844504.mockFlowFile,13B] to 'success'
[pool-145-thread-1] INFO org.apache.nifi.processors.standard.ControlRate - ControlRate[id=c9090b62-9119-498c-b924-14dd189e9bd7] transferring FlowFile[162,93315043864505.mockFlowFile,13B] to 'success'
[pool-145-thread-1] INFO org.apache.nifi.processors.standard.ControlRate - ControlRate[id=c9090b62-9119-498c-b924-14dd189e9bd7] transferring FlowFile[163,93315043884476.mockFlowFile,13B] to 'success'
[pool-145-thread-1] INFO org.apache.nifi.processors.standard.ControlRate - ControlRate[id=c9090b62-9119-498c-b924-14dd189e9bd7] transferring FlowFile[164,93315043904707.mockFlowFile,13B] to 'success'
[pool-145-thread-1] INFO org.apache.nifi.processors.standard.ControlRate - ControlRate[id=c9090b62-9119-498c-b924-14dd189e9bd7] transferring FlowFile[165,93315043923955.mockFlowFile,13B] to 'success'
[pool-145-thread-1] INFO org.apache.nifi.processors.standard.ControlRate - ControlRate[id=c9090b62-9119-498c-b924-14dd189e9bd7] transferring FlowFile[166,93315043941737.mockFlowFile,13B] to 'success'
[pool-145-thread-1] INFO org.apache.nifi.processors.standard.ControlRate - ControlRate[id=c9090b62-9119-498c-b924-14dd189e9bd7] transferring FlowFile[167,93315043966010.mockFlowFile,13B] to 'success'
[pool-145-thread-1] INFO org.apache.nifi.processors.standard.ControlRate - ControlRate[id=c9090b62-9119-498c-b924-14dd189e9bd7] transferring FlowFile[168,93315043985044.mockFlowFile,13B] to 'success'
[pool-145-thread-1] INFO org.apache.nifi.processors.standard.ControlRate - ControlRate[id=c9090b62-9119-498c-b924-14dd189e9bd7] transferring FlowFile[169,93315044017000.mockFlowFile,13B] to 'success'
[pool-145-thread-1] INFO org.apache.nifi.processors.standard.ControlRate - ControlRate[id=c9090b62-9119-498c-b924-14dd189e9bd7] transferring FlowFile[170,93315044042913.mockFlowFile,13B] to 'success'
[pool-145-thread-1] INFO org.apache.nifi.processors.standard.ControlRate - ControlRate[id=c9090b62-9119-498c-b924-14dd189e9bd7] transferring FlowFile[171,93315044061911.mockFlowFile,13B] to 'success'
[pool-145-thread-1] INFO org.apache.nifi.processors.standard.ControlRate - ControlRate[id=c9090b62-9119-498c-b924-14dd189e9bd7] transferring FlowFile[172,93315044081396.mockFlowFile,13B] to 'success'
[pool-145-thread-1] INFO org.apache.nifi.processors.standard.ControlRate - ControlRate[id=c9090b62-9119-498c-b924-14dd189e9bd7] transferring FlowFile[173,93315044098571.mockFlowFile,13B] to 'success'
[pool-145-thread-1] INFO org.apache.nifi.processors.standard.ControlRate - ControlRate[id=c9090b62-9119-498c-b924-14dd189e9bd7] transferring FlowFile[174,93315044116908.mockFlowFile,13B] to 'success'
[pool-145-thread-1] INFO org.apache.nifi.processors.standard.ControlRate - ControlRate[id=c9090b62-9119-498c-b924-14dd189e9bd7] transferring FlowFile[175,93315044140400.mockFlowFile,13B] to 'success'
[pool-145-thread-1] INFO org.apache.nifi.processors.standard.ControlRate - ControlRate[id=c9090b62-9119-498c-b924-14dd189e9bd7] transferring FlowFile[176,93315044158334.mockFlowFile,13B] to 'success'
[pool-145-thread-1] INFO org.apache.nifi.processors.standard.ControlRate - ControlRate[id=c9090b62-9119-498c-b924-14dd189e9bd7] transferring FlowFile[177,93315044178543.mockFlowFile,13B] to 'success'
[pool-145-thread-1] INFO org.apache.nifi.processors.standard.ControlRate - ControlRate[id=c9090b62-9119-498c-b924-14dd189e9bd7] transferring FlowFile[178,93315044196753.mockFlowFile,13B] to 'success'
[pool-145-thread-1] INFO org.apache.nifi.processors.standard.ControlRate - ControlRate[id=c9090b62-9119-498c-b924-14dd189e9bd7] transferring FlowFile[179,93315044312909.mockFlowFile,13B] to 'success'
[pool-145-thread-1] INFO org.apache.nifi.processors.standard.ControlRate - ControlRate[id=c9090b62-9119-498c-b924-14dd189e9bd7] transferring FlowFile[180,93315044335532.mockFlowFile,13B] to 'success'
[pool-145-thread-1] INFO org.apache.nifi.processors.standard.ControlRate - ControlRate[id=c9090b62-9119-498c-b924-14dd189e9bd7] transferring FlowFile[181,93315044352704.mockFlowFile,13B] to 'success'
[pool-145-thread-1] INFO org.apache.nifi.processors.standard.ControlRate - ControlRate[id=c9090b62-9119-498c-b924-14dd189e9bd7] transferring FlowFile[182,93315044370336.mockFlowFile,13B] to 'success'
[pool-145-thread-1] INFO org.apache.nifi.processors.standard.ControlRate - ControlRate[id=c9090b62-9119-498c-b924-14dd189e9bd7] transferring FlowFile[183,93315044393040.mockFlowFile,13B] to 'success'
[pool-145-thread-1] INFO org.apache.nifi.processors.standard.ControlRate - ControlRate[id=c9090b62-9119-498c-b924-14dd189e9bd7] transferring FlowFile[184,93315044427373.mockFlowFile,13B] to 'success'
[pool-145-thread-1] INFO org.apache.nifi.processors.standard.ControlRate - ControlRate[id=c9090b62-9119-498c-b924-14dd189e9bd7] transferring FlowFile[185,93315044451618.mockFlowFile,13B] to 'success'
[pool-145-thread-1] INFO org.apache.nifi.processors.standard.ControlRate - ControlRate[id=c9090b62-9119-498c-b924-14dd189e9bd7] transferring FlowFile[186,93315044468035.mockFlowFile,13B] to 'success'
[pool-145-thread-1] INFO org.apache.nifi.processors.standard.ControlRate - ControlRate[id=c9090b62-9119-498c-b924-14dd189e9bd7] transferring FlowFile[187,93315044485720.mockFlowFile,13B] to 'success'
[pool-145-thread-1] INFO org.apache.nifi.processors.standard.ControlRate - ControlRate[id=c9090b62-9119-498c-b924-14dd189e9bd7] transferring FlowFile[188,93315044508031.mockFlowFile,13B] to 'success'
[pool-145-thread-1] INFO org.apache.nifi.processors.standard.ControlRate - ControlRate[id=c9090b62-9119-498c-b924-14dd189e9bd7] transferring FlowFile[189,93315044526348.mockFlowFile,13B] to 'success'
[pool-145-thread-1] INFO org.apache.nifi.processors.standard.ControlRate - ControlRate[id=c9090b62-9119-498c-b924-14dd189e9bd7] transferring FlowFile[190,93315044543400.mockFlowFile,13B] to 'success'
[pool-145-thread-1] INFO org.apache.nifi.processors.standard.ControlRate - ControlRate[id=c9090b62-9119-498c-b924-14dd189e9bd7] transferring FlowFile[191,93315044579636.mockFlowFile,13B] to 'success'
[pool-145-thread-1] INFO org.apache.nifi.processors.standard.ControlRate - ControlRate[id=c9090b62-9119-498c-b924-14dd189e9bd7] transferring FlowFile[192,93315044598545.mockFlowFile,13B] to 'success'
[pool-145-thread-1] INFO org.apache.nifi.processors.standard.ControlRate - ControlRate[id=c9090b62-9119-498c-b924-14dd189e9bd7] transferring FlowFile[193,93315044614765.mockFlowFile,13B] to 'success'
[pool-145-thread-1] INFO org.apache.nifi.processors.standard.ControlRate - ControlRate[id=c9090b62-9119-498c-b924-14dd189e9bd7] transferring FlowFile[194,93315044637216.mockFlowFile,13B] to 'success'
[pool-145-thread-1] INFO org.apache.nifi.processors.standard.ControlRate - ControlRate[id=c9090b62-9119-498c-b924-14dd189e9bd7] transferring FlowFile[195,93315044656382.mockFlowFile,13B] to 'success'
[pool-145-thread-1] INFO org.apache.nifi.processors.standard.ControlRate - ControlRate[id=c9090b62-9119-498c-b924-14dd189e9bd7] transferring FlowFile[196,93315044673878.mockFlowFile,13B] to 'success'
[pool-145-thread-1] INFO org.apache.nifi.processors.standard.ControlRate - ControlRate[id=c9090b62-9119-498c-b924-14dd189e9bd7] transferring FlowFile[197,93315044691781.mockFlowFile,13B] to 'success'
[pool-145-thread-1] INFO org.apache.nifi.processors.standard.ControlRate - ControlRate[id=c9090b62-9119-498c-b924-14dd189e9bd7] transferring FlowFile[198,93315044710219.mockFlowFile,13B] to 'success'
[pool-145-thread-1] INFO org.apache.nifi.processors.standard.ControlRate - ControlRate[id=c9090b62-9119-498c-b924-14dd189e9bd7] transferring FlowFile[199,93315044733213.mockFlowFile,13B] to 'success'
[pool-145-thread-1] INFO org.apache.nifi.processors.standard.ControlRate - ControlRate[id=c9090b62-9119-498c-b924-14dd189e9bd7] transferring FlowFile[200,93315044751227.mockFlowFile,13B] to 'success'
[pool-145-thread-1] INFO org.apache.nifi.processors.standard.ControlRate - ControlRate[id=c9090b62-9119-498c-b924-14dd189e9bd7] transferring FlowFile[201,93315044767192.mockFlowFile,13B] to 'success'
[pool-145-thread-1] INFO org.apache.nifi.processors.standard.ControlRate - ControlRate[id=c9090b62-9119-498c-b924-14dd189e9bd7] transferring FlowFile[202,93315044783864.mockFlowFile,13B] to 'success'
[pool-145-thread-1] INFO org.apache.nifi.processors.standard.ControlRate - ControlRate[id=c9090b62-9119-498c-b924-14dd189e9bd7] transferring FlowFile[203,93315044800156.mockFlowFile,13B] to 'success'
[pool-145-thread-1] INFO org.apache.nifi.processors.standard.ControlRate - ControlRate[id=c9090b62-9119-498c-b924-14dd189e9bd7] transferring FlowFile[204,93315044817550.mockFlowFile,13B] to 'success'
[pool-145-thread-1] INFO org.apache.nifi.processors.standard.ControlRate - ControlRate[id=c9090b62-9119-498c-b924-14dd189e9bd7] transferring FlowFile[205,93315044834932.mockFlowFile,13B] to 'success'
[pool-145-thread-1] INFO org.apache.nifi.processors.standard.ControlRate - ControlRate[id=c9090b62-9119-498c-b924-14dd189e9bd7] transferring FlowFile[206,93315044851011.mockFlowFile,13B] to 'success'
[pool-145-thread-1] INFO org.apache.nifi.processors.standard.ControlRate - ControlRate[id=c9090b62-9119-498c-b924-14dd189e9bd7] transferring FlowFile[207,93315044964771.mockFlowFile,13B] to 'success'
[pool-145-thread-1] INFO org.apache.nifi.processors.standard.ControlRate - ControlRate[id=c9090b62-9119-498c-b924-14dd189e9bd7] transferring FlowFile[208,93315045022992.mockFlowFile,13B] to 'success'
[pool-145-thread-1] INFO org.apache.nifi.processors.standard.ControlRate - ControlRate[id=c9090b62-9119-498c-b924-14dd189e9bd7] transferring FlowFile[209,93315045048772.mockFlowFile,13B] to 'success'
[pool-145-thread-1] INFO org.apache.nifi.processors.standard.ControlRate - ControlRate[id=c9090b62-9119-498c-b924-14dd189e9bd7] transferring FlowFile[210,93315045065726.mockFlowFile,13B] to 'success'
[pool-145-thread-1] INFO org.apache.nifi.processors.standard.ControlRate - ControlRate[id=c9090b62-9119-498c-b924-14dd189e9bd7] transferring FlowFile[211,93315045081117.mockFlowFile,13B] to 'success'
[pool-145-thread-1] INFO org.apache.nifi.processors.standard.ControlRate - ControlRate[id=c9090b62-9119-498c-b924-14dd189e9bd7] transferring FlowFile[212,93315045097864.mockFlowFile,13B] to 'success'
[pool-145-thread-1] INFO org.apache.nifi.processors.standard.ControlRate - ControlRate[id=c9090b62-9119-498c-b924-14dd189e9bd7] transferring FlowFile[213,93315045113672.mockFlowFile,13B] to 'success'
[pool-145-thread-1] INFO org.apache.nifi.processors.standard.ControlRate - ControlRate[id=c9090b62-9119-498c-b924-14dd189e9bd7] transferring FlowFile[214,93315045130030.mockFlowFile,13B] to 'success'
[pool-145-thread-1] INFO org.apache.nifi.processors.standard.ControlRate - ControlRate[id=c9090b62-9119-498c-b924-14dd189e9bd7] transferring FlowFile[215,93315045151290.mockFlowFile,13B] to 'success'
[pool-145-thread-1] INFO org.apache.nifi.processors.standard.ControlRate - ControlRate[id=c9090b62-9119-498c-b924-14dd189e9bd7] transferring FlowFile[216,93315045167040.mockFlowFile,13B] to 'success'
[pool-145-thread-1] INFO org.apache.nifi.processors.standard.ControlRate - ControlRate[id=c9090b62-9119-498c-b924-14dd189e9bd7] transferring FlowFile[217,93315045183497.mockFlowFile,13B] to 'success'
[pool-145-thread-1] INFO org.apache.nifi.processors.standard.ControlRate - ControlRate[id=c9090b62-9119-498c-b924-14dd189e9bd7] transferring FlowFile[218,93315045200915.mockFlowFile,13B] to 'success'
[pool-145-thread-1] INFO org.apache.nifi.processors.standard.ControlRate - ControlRate[id=c9090b62-9119-498c-b924-14dd189e9bd7] transferring FlowFile[219,93315045217470.mockFlowFile,13B] to 'success'
[pool-145-thread-1] INFO org.apache.nifi.processors.standard.ControlRate - ControlRate[id=c9090b62-9119-498c-b924-14dd189e9bd7] transferring FlowFile[220,93315045234196.mockFlowFile,13B] to 'success'
[pool-145-thread-1] INFO org.apache.nifi.processors.standard.ControlRate - ControlRate[id=c9090b62-9119-498c-b924-14dd189e9bd7] transferring FlowFile[221,93315045250138.mockFlowFile,13B] to 'success'
[pool-145-thread-1] INFO org.apache.nifi.processors.standard.ControlRate - ControlRate[id=c9090b62-9119-498c-b924-14dd189e9bd7] transferring FlowFile[222,93315045266793.mockFlowFile,13B] to 'success'
[pool-145-thread-1] INFO org.apache.nifi.processors.standard.ControlRate - ControlRate[id=c9090b62-9119-498c-b924-14dd189e9bd7] transferring FlowFile[223,93315045293523.mockFlowFile,13B] to 'success'
[pool-145-thread-1] INFO org.apache.nifi.processors.standard.ControlRate - ControlRate[id=c9090b62-9119-498c-b924-14dd189e9bd7] transferring FlowFile[224,93315045313615.mockFlowFile,13B] to 'success'
[pool-145-thread-1] INFO org.apache.nifi.processors.standard.ControlRate - ControlRate[id=c9090b62-9119-498c-b924-14dd189e9bd7] transferring FlowFile[225,93315045332115.mockFlowFile,13B] to 'success'
[pool-145-thread-1] INFO org.apache.nifi.processors.standard.ControlRate - ControlRate[id=c9090b62-9119-498c-b924-14dd189e9bd7] transferring FlowFile[226,93315045350153.mockFlowFile,13B] to 'success'
[pool-145-thread-1] INFO org.apache.nifi.processors.standard.ControlRate - ControlRate[id=c9090b62-9119-498c-b924-14dd189e9bd7] transferring FlowFile[227,93315045367659.mockFlowFile,13B] to 'success'
[pool-145-thread-1] INFO org.apache.nifi.processors.standard.ControlRate - ControlRate[id=c9090b62-9119-498c-b924-14dd189e9bd7] transferring FlowFile[228,93315045383308.mockFlowFile,13B] to 'success'
[pool-145-thread-1] INFO org.apache.nifi.processors.standard.ControlRate - ControlRate[id=c9090b62-9119-498c-b924-14dd189e9bd7] transferring FlowFile[229,93315045401659.mockFlowFile,13B] to 'success'
[pool-145-thread-1] INFO org.apache.nifi.processors.standard.ControlRate - ControlRate[id=c9090b62-9119-498c-b924-14dd189e9bd7] transferring FlowFile[230,93315045418356.mockFlowFile,13B] to 'success'
[pool-145-thread-1] INFO org.apache.nifi.processors.standard.ControlRate - ControlRate[id=c9090b62-9119-498c-b924-14dd189e9bd7] transferring FlowFile[231,93315045438531.mockFlowFile,13B] to 'success'
[pool-145-thread-1] INFO org.apache.nifi.processors.standard.ControlRate - ControlRate[id=c9090b62-9119-498c-b924-14dd189e9bd7] transferring FlowFile[232,93315045458615.mockFlowFile,13B] to 'success'
[pool-145-thread-1] INFO org.apache.nifi.processors.standard.ControlRate - ControlRate[id=c9090b62-9119-498c-b924-14dd189e9bd7] transferring FlowFile[233,93315045474208.mockFlowFile,13B] to 'success'
[pool-145-thread-1] INFO org.apache.nifi.processors.standard.ControlRate - ControlRate[id=c9090b62-9119-498c-b924-14dd189e9bd7] transferring FlowFile[234,93315045490812.mockFlowFile,13B] to 'success'
[pool-145-thread-1] INFO org.apache.nifi.processors.standard.ControlRate - ControlRate[id=c9090b62-9119-498c-b924-14dd189e9bd7] transferring FlowFile[235,93315045507188.mockFlowFile,13B] to 'success'
[pool-145-thread-1] INFO org.apache.nifi.processors.standard.ControlRate - ControlRate[id=c9090b62-9119-498c-b924-14dd189e9bd7] transferring FlowFile[236,93315045523574.mockFlowFile,13B] to 'success'
[pool-145-thread-1] INFO org.apache.nifi.processors.standard.ControlRate - ControlRate[id=c9090b62-9119-498c-b924-14dd189e9bd7] transferring FlowFile[237,93315045541220.mockFlowFile,13B] to 'success'
[pool-145-thread-1] INFO org.apache.nifi.processors.standard.ControlRate - ControlRate[id=c9090b62-9119-498c-b924-14dd189e9bd7] transferring FlowFile[238,93315045556599.mockFlowFile,13B] to 'success'
[pool-145-thread-1] INFO org.apache.nifi.processors.standard.ControlRate - ControlRate[id=c9090b62-9119-498c-b924-14dd189e9bd7] transferring FlowFile[239,93315045577384.mockFlowFile,13B] to 'success'
[pool-145-thread-1] INFO org.apache.nifi.processors.standard.ControlRate - ControlRate[id=c9090b62-9119-498c-b924-14dd189e9bd7] transferring FlowFile[240,93315045593727.mockFlowFile,13B] to 'success'
[pool-145-thread-1] INFO org.apache.nifi.processors.standard.ControlRate - ControlRate[id=c9090b62-9119-498c-b924-14dd189e9bd7] transferring FlowFile[241,93315045610240.mockFlowFile,13B] to 'success'
[pool-145-thread-1] INFO org.apache.nifi.processors.standard.ControlRate - ControlRate[id=c9090b62-9119-498c-b924-14dd189e9bd7] transferring FlowFile[242,93315045627103.mockFlowFile,13B] to 'success'
[pool-145-thread-1] INFO org.apache.nifi.processors.standard.ControlRate - ControlRate[id=c9090b62-9119-498c-b924-14dd189e9bd7] transferring FlowFile[243,93315045642635.mockFlowFile,13B] to 'success'
[pool-145-thread-1] INFO org.apache.nifi.processors.standard.ControlRate - ControlRate[id=c9090b62-9119-498c-b924-14dd189e9bd7] transferring FlowFile[244,93315045659133.mockFlowFile,13B] to 'success'
[pool-145-thread-1] INFO org.apache.nifi.processors.standard.ControlRate - ControlRate[id=c9090b62-9119-498c-b924-14dd189e9bd7] transferring FlowFile[245,93315045675364.mockFlowFile,13B] to 'success'
[pool-145-thread-1] INFO org.apache.nifi.processors.standard.ControlRate - ControlRate[id=c9090b62-9119-498c-b924-14dd189e9bd7] transferring FlowFile[246,93315045690557.mockFlowFile,13B] to 'success'
[pool-145-thread-1] INFO org.apache.nifi.processors.standard.ControlRate - ControlRate[id=c9090b62-9119-498c-b924-14dd189e9bd7] transferring FlowFile[247,93315045711498.mockFlowFile,13B] to 'success'
[pool-145-thread-1] INFO org.apache.nifi.processors.standard.ControlRate - ControlRate[id=c9090b62-9119-498c-b924-14dd189e9bd7] transferring FlowFile[248,93315045728832.mockFlowFile,13B] to 'success'
[pool-145-thread-1] INFO org.apache.nifi.processors.standard.ControlRate - ControlRate[id=c9090b62-9119-498c-b924-14dd189e9bd7] transferring FlowFile[249,93315045745165.mockFlowFile,13B] to 'success'
[pool-145-thread-1] INFO org.apache.nifi.processors.standard.ControlRate - ControlRate[id=c9090b62-9119-498c-b924-14dd189e9bd7] transferring FlowFile[250,93315045761633.mockFlowFile,13B] to 'success'
[pool-145-thread-1] INFO org.apache.nifi.processors.standard.ControlRate - ControlRate[id=c9090b62-9119-498c-b924-14dd189e9bd7] transferring FlowFile[251,93315045778400.mockFlowFile,13B] to 'success'
[pool-145-thread-1] INFO org.apache.nifi.processors.standard.ControlRate - ControlRate[id=c9090b62-9119-498c-b924-14dd189e9bd7] transferring FlowFile[252,93315045795032.mockFlowFile,13B] to 'success'
[pool-145-thread-1] INFO org.apache.nifi.processors.standard.ControlRate - ControlRate[id=c9090b62-9119-498c-b924-14dd189e9bd7] transferring FlowFile[253,93315045810426.mockFlowFile,13B] to 'success'
[pool-145-thread-1] INFO org.apache.nifi.processors.standard.ControlRate - ControlRate[id=c9090b62-9119-498c-b924-14dd189e9bd7] transferring FlowFile[254,93315045826893.mockFlowFile,13B] to 'success'
[pool-145-thread-1] INFO org.apache.nifi.processors.standard.ControlRate - ControlRate[id=c9090b62-9119-498c-b924-14dd189e9bd7] transferring FlowFile[255,93315045847948.mockFlowFile,13B] to 'success'
[pool-145-thread-1] INFO org.apache.nifi.processors.standard.ControlRate - ControlRate[id=c9090b62-9119-498c-b924-14dd189e9bd7] transferring FlowFile[256,93315045863531.mockFlowFile,13B] to 'success'
[pool-145-thread-1] INFO org.apache.nifi.processors.standard.ControlRate - ControlRate[id=c9090b62-9119-498c-b924-14dd189e9bd7] transferring FlowFile[257,93315045902196.mockFlowFile,13B] to 'success'
[pool-145-thread-1] INFO org.apache.nifi.processors.standard.ControlRate - ControlRate[id=c9090b62-9119-498c-b924-14dd189e9bd7] transferring FlowFile[258,93315045926738.mockFlowFile,13B] to 'success'
[pool-145-thread-1] INFO org.apache.nifi.processors.standard.ControlRate - ControlRate[id=c9090b62-9119-498c-b924-14dd189e9bd7] transferring FlowFile[259,93315045943150.mockFlowFile,13B] to 'success'
[pool-145-thread-1] INFO org.apache.nifi.processors.standard.ControlRate - ControlRate[id=c9090b62-9119-498c-b924-14dd189e9bd7] transferring FlowFile[260,93315045959602.mockFlowFile,13B] to 'success'
[pool-145-thread-1] INFO org.apache.nifi.processors.standard.ControlRate - ControlRate[id=c9090b62-9119-498c-b924-14dd189e9bd7] transferring FlowFile[261,93315045975853.mockFlowFile,13B] to 'success'
[pool-145-thread-1] INFO org.apache.nifi.processors.standard.ControlRate - ControlRate[id=c9090b62-9119-498c-b924-14dd189e9bd7] transferring FlowFile[262,93315045993030.mockFlowFile,13B] to 'success'
[pool-145-thread-1] INFO org.apache.nifi.processors.standard.ControlRate - ControlRate[id=c9090b62-9119-498c-b924-14dd189e9bd7] transferring FlowFile[263,93315046016502.mockFlowFile,13B] to 'success'
[pool-145-thread-1] INFO org.apache.nifi.processors.standard.ControlRate - ControlRate[id=c9090b62-9119-498c-b924-14dd189e9bd7] transferring FlowFile[264,93315046034256.mockFlowFile,13B] to 'success'
[pool-145-thread-1] INFO org.apache.nifi.processors.standard.ControlRate - ControlRate[id=c9090b62-9119-498c-b924-14dd189e9bd7] transferring FlowFile[265,93315046053893.mockFlowFile,13B] to 'success'
[pool-145-thread-1] INFO org.apache.nifi.processors.standard.ControlRate - ControlRate[id=c9090b62-9119-498c-b924-14dd189e9bd7] transferring FlowFile[266,93315046069749.mockFlowFile,13B] to 'success'
[pool-145-thread-1] INFO org.apache.nifi.processors.standard.ControlRate - ControlRate[id=c9090b62-9119-498c-b924-14dd189e9bd7] transferring FlowFile[267,93315046087709.mockFlowFile,13B] to 'success'
[pool-145-thread-1] INFO org.apache.nifi.processors.standard.ControlRate - ControlRate[id=c9090b62-9119-498c-b924-14dd189e9bd7] transferring FlowFile[268,93315046104236.mockFlowFile,13B] to 'success'
[pool-145-thread-1] INFO org.apache.nifi.processors.standard.ControlRate - ControlRate[id=c9090b62-9119-498c-b924-14dd189e9bd7] transferring FlowFile[269,93315046121414.mockFlowFile,13B] to 'success'
[pool-145-thread-1] INFO org.apache.nifi.processors.standard.ControlRate - ControlRate[id=c9090b62-9119-498c-b924-14dd189e9bd7] transferring FlowFile[270,93315046138863.mockFlowFile,13B] to 'success'
[pool-145-thread-1] INFO org.apache.nifi.processors.standard.ControlRate - ControlRate[id=c9090b62-9119-498c-b924-14dd189e9bd7] transferring FlowFile[271,93315046159823.mockFlowFile,13B] to 'success'
[pool-145-thread-1] INFO org.apache.nifi.processors.standard.ControlRate - ControlRate[id=c9090b62-9119-498c-b924-14dd189e9bd7] transferring FlowFile[272,93315046179040.mockFlowFile,13B] to 'success'
[pool-145-thread-1] INFO org.apache.nifi.processors.standard.ControlRate - ControlRate[id=c9090b62-9119-498c-b924-14dd189e9bd7] transferring FlowFile[273,93315046195414.mockFlowFile,13B] to 'success'
[pool-145-thread-1] INFO org.apache.nifi.processors.standard.ControlRate - ControlRate[id=c9090b62-9119-498c-b924-14dd189e9bd7] transferring FlowFile[274,93315046220757.mockFlowFile,13B] to 'success'
[pool-145-thread-1] INFO org.apache.nifi.processors.standard.ControlRate - ControlRate[id=c9090b62-9119-498c-b924-14dd189e9bd7] transferring FlowFile[275,93315046240398.mockFlowFile,13B] to 'success'
[pool-145-thread-1] INFO org.apache.nifi.processors.standard.ControlRate - ControlRate[id=c9090b62-9119-498c-b924-14dd189e9bd7] transferring FlowFile[276,93315046263841.mockFlowFile,13B] to 'success'
[pool-145-thread-1] INFO org.apache.nifi.processors.standard.ControlRate - ControlRate[id=c9090b62-9119-498c-b924-14dd189e9bd7] transferring FlowFile[277,93315046287720.mockFlowFile,13B] to 'success'
[pool-145-thread-1] INFO org.apache.nifi.processors.standard.ControlRate - ControlRate[id=c9090b62-9119-498c-b924-14dd189e9bd7] transferring FlowFile[278,93315046311698.mockFlowFile,13B] to 'success'
[pool-145-thread-1] INFO org.apache.nifi.processors.standard.ControlRate - ControlRate[id=c9090b62-9119-498c-b924-14dd189e9bd7] transferring FlowFile[279,93315046335840.mockFlowFile,13B] to 'success'
[pool-145-thread-1] INFO org.apache.nifi.processors.standard.ControlRate - ControlRate[id=c9090b62-9119-498c-b924-14dd189e9bd7] transferring FlowFile[280,93315046354271.mockFlowFile,13B] to 'success'
[pool-145-thread-1] INFO org.apache.nifi.processors.standard.ControlRate - ControlRate[id=c9090b62-9119-498c-b924-14dd189e9bd7] transferring FlowFile[281,93315046371412.mockFlowFile,13B] to 'success'
[pool-145-thread-1] INFO org.apache.nifi.processors.standard.ControlRate - ControlRate[id=c9090b62-9119-498c-b924-14dd189e9bd7] transferring FlowFile[282,93315046389371.mockFlowFile,13B] to 'success'
[pool-145-thread-1] INFO org.apache.nifi.processors.standard.ControlRate - ControlRate[id=c9090b62-9119-498c-b924-14dd189e9bd7] transferring FlowFile[283,93315046406023.mockFlowFile,13B] to 'success'
[pool-145-thread-1] INFO org.apache.nifi.processors.standard.ControlRate - ControlRate[id=c9090b62-9119-498c-b924-14dd189e9bd7] transferring FlowFile[284,93315046424999.mockFlowFile,13B] to 'success'
[pool-145-thread-1] INFO org.apache.nifi.processors.standard.ControlRate - ControlRate[id=c9090b62-9119-498c-b924-14dd189e9bd7] transferring FlowFile[285,93315046443125.mockFlowFile,13B] to 'success'
[pool-145-thread-1] INFO org.apache.nifi.processors.standard.ControlRate - ControlRate[id=c9090b62-9119-498c-b924-14dd189e9bd7] transferring FlowFile[286,93315046459451.mockFlowFile,13B] to 'success'
[pool-145-thread-1] INFO org.apache.nifi.processors.standard.ControlRate - ControlRate[id=c9090b62-9119-498c-b924-14dd189e9bd7] transferring FlowFile[287,93315046510665.mockFlowFile,13B] to 'success'
[pool-145-thread-1] INFO org.apache.nifi.processors.standard.ControlRate - ControlRate[id=c9090b62-9119-498c-b924-14dd189e9bd7] transferring FlowFile[288,93315046530361.mockFlowFile,13B] to 'success'
[pool-145-thread-1] INFO org.apache.nifi.processors.standard.ControlRate - ControlRate[id=c9090b62-9119-498c-b924-14dd189e9bd7] transferring FlowFile[289,93315046550595.mockFlowFile,13B] to 'success'
[pool-145-thread-1] INFO org.apache.nifi.processors.standard.ControlRate - ControlRate[id=c9090b62-9119-498c-b924-14dd189e9bd7] transferring FlowFile[290,93315046570078.mockFlowFile,13B] to 'success'
[pool-145-thread-1] INFO org.apache.nifi.processors.standard.ControlRate - ControlRate[id=c9090b62-9119-498c-b924-14dd189e9bd7] transferring FlowFile[291,93315046595022.mockFlowFile,13B] to 'success'
[pool-145-thread-1] INFO org.apache.nifi.processors.standard.ControlRate - ControlRate[id=c9090b62-9119-498c-b924-14dd189e9bd7] transferring FlowFile[292,93315046614087.mockFlowFile,13B] to 'success'
[pool-145-thread-1] INFO org.apache.nifi.processors.standard.ControlRate - ControlRate[id=c9090b62-9119-498c-b924-14dd189e9bd7] transferring FlowFile[293,93315046631170.mockFlowFile,13B] to 'success'
[pool-145-thread-1] INFO org.apache.nifi.processors.standard.ControlRate - ControlRate[id=c9090b62-9119-498c-b924-14dd189e9bd7] transferring FlowFile[294,93315046649184.mockFlowFile,13B] to 'success'
[pool-145-thread-1] INFO org.apache.nifi.processors.standard.ControlRate - ControlRate[id=c9090b62-9119-498c-b924-14dd189e9bd7] transferring FlowFile[295,93315046818783.mockFlowFile,13B] to 'success'
[pool-145-thread-1] INFO org.apache.nifi.processors.standard.ControlRate - ControlRate[id=c9090b62-9119-498c-b924-14dd189e9bd7] transferring FlowFile[296,93315046848553.mockFlowFile,13B] to 'success'
[pool-145-thread-1] INFO org.apache.nifi.processors.standard.ControlRate - ControlRate[id=c9090b62-9119-498c-b924-14dd189e9bd7] transferring FlowFile[297,93315046888779.mockFlowFile,13B] to 'success'
[pool-145-thread-1] INFO org.apache.nifi.processors.standard.ControlRate - ControlRate[id=c9090b62-9119-498c-b924-14dd189e9bd7] transferring FlowFile[298,93315046909068.mockFlowFile,13B] to 'success'
[pool-145-thread-1] INFO org.apache.nifi.processors.standard.ControlRate - ControlRate[id=c9090b62-9119-498c-b924-14dd189e9bd7] transferring FlowFile[299,93315046928779.mockFlowFile,13B] to 'success'
[pool-145-thread-1] INFO org.apache.nifi.processors.standard.ControlRate - ControlRate[id=c9090b62-9119-498c-b924-14dd189e9bd7] transferring FlowFile[300,93315046959600.mockFlowFile,13B] to 'success'
[pool-145-thread-1] INFO org.apache.nifi.processors.standard.ControlRate - ControlRate[id=c9090b62-9119-498c-b924-14dd189e9bd7] transferring FlowFile[301,93315046994745.mockFlowFile,13B] to 'success'
[pool-145-thread-1] INFO org.apache.nifi.processors.standard.ControlRate - ControlRate[id=c9090b62-9119-498c-b924-14dd189e9bd7] transferring FlowFile[302,93315047013570.mockFlowFile,13B] to 'success'
[pool-145-thread-1] INFO org.apache.nifi.processors.standard.ControlRate - ControlRate[id=c9090b62-9119-498c-b924-14dd189e9bd7] transferring FlowFile[303,93315047048999.mockFlowFile,13B] to 'success'
[pool-145-thread-1] INFO org.apache.nifi.processors.standard.ControlRate - ControlRate[id=c9090b62-9119-498c-b924-14dd189e9bd7] transferring FlowFile[304,93315047067380.mockFlowFile,13B] to 'success'
[pool-145-thread-1] INFO org.apache.nifi.processors.standard.ControlRate - ControlRate[id=c9090b62-9119-498c-b924-14dd189e9bd7] transferring FlowFile[305,93315047083005.mockFlowFile,13B] to 'success'
[pool-145-thread-1] INFO org.apache.nifi.processors.standard.ControlRate - ControlRate[id=c9090b62-9119-498c-b924-14dd189e9bd7] transferring FlowFile[306,93315047097972.mockFlowFile,13B] to 'success'
[pool-145-thread-1] INFO org.apache.nifi.processors.standard.ControlRate - ControlRate[id=c9090b62-9119-498c-b924-14dd189e9bd7] transferring FlowFile[307,93315047114756.mockFlowFile,13B] to 'success'
[pool-145-thread-1] INFO org.apache.nifi.processors.standard.ControlRate - ControlRate[id=c9090b62-9119-498c-b924-14dd189e9bd7] transferring FlowFile[308,93315047130608.mockFlowFile,13B] to 'success'
[pool-145-thread-1] INFO org.apache.nifi.processors.standard.ControlRate - ControlRate[id=c9090b62-9119-498c-b924-14dd189e9bd7] transferring FlowFile[309,93315047147334.mockFlowFile,13B] to 'success'
[pool-145-thread-1] INFO org.apache.nifi.processors.standard.ControlRate - ControlRate[id=c9090b62-9119-498c-b924-14dd189e9bd7] transferring FlowFile[310,93315047164657.mockFlowFile,13B] to 'success'
[pool-145-thread-1] INFO org.apache.nifi.processors.standard.ControlRate - ControlRate[id=c9090b62-9119-498c-b924-14dd189e9bd7] transferring FlowFile[311,93315047186371.mockFlowFile,13B] to 'success'
[pool-145-thread-1] INFO org.apache.nifi.processors.standard.ControlRate - ControlRate[id=c9090b62-9119-498c-b924-14dd189e9bd7] transferring FlowFile[312,93315047203771.mockFlowFile,13B] to 'success'
[pool-145-thread-1] INFO org.apache.nifi.processors.standard.ControlRate - ControlRate[id=c9090b62-9119-498c-b924-14dd189e9bd7] transferring FlowFile[313,93315047219712.mockFlowFile,13B] to 'success'
[pool-145-thread-1] INFO org.apache.nifi.processors.standard.ControlRate - ControlRate[id=c9090b62-9119-498c-b924-14dd189e9bd7] transferring FlowFile[314,93315047237368.mockFlowFile,13B] to 'success'
[pool-145-thread-1] INFO org.apache.nifi.processors.standard.ControlRate - ControlRate[id=c9090b62-9119-498c-b924-14dd189e9bd7] transferring FlowFile[315,93315047253825.mockFlowFile,13B] to 'success'
[pool-145-thread-1] INFO org.apache.nifi.processors.standard.ControlRate - ControlRate[id=c9090b62-9119-498c-b924-14dd189e9bd7] transferring FlowFile[316,93315047268965.mockFlowFile,13B] to 'success'
[pool-145-thread-1] INFO org.apache.nifi.processors.standard.ControlRate - ControlRate[id=c9090b62-9119-498c-b924-14dd189e9bd7] transferring FlowFile[317,93315047285890.mockFlowFile,13B] to 'success'
[pool-145-thread-1] INFO org.apache.nifi.processors.standard.ControlRate - ControlRate[id=c9090b62-9119-498c-b924-14dd189e9bd7] transferring FlowFile[318,93315047302126.mockFlowFile,13B] to 'success'
[pool-145-thread-1] INFO org.apache.nifi.processors.standard.ControlRate - ControlRate[id=c9090b62-9119-498c-b924-14dd189e9bd7] transferring FlowFile[319,93315047324867.mockFlowFile,13B] to 'success'
[pool-145-thread-1] INFO org.apache.nifi.processors.standard.ControlRate - ControlRate[id=c9090b62-9119-498c-b924-14dd189e9bd7] transferring FlowFile[320,93315047343404.mockFlowFile,13B] to 'success'
[pool-145-thread-1] INFO org.apache.nifi.processors.standard.ControlRate - ControlRate[id=c9090b62-9119-498c-b924-14dd189e9bd7] transferring FlowFile[321,93315047360274.mockFlowFile,13B] to 'success'
[pool-145-thread-1] INFO org.apache.nifi.processors.standard.ControlRate - ControlRate[id=c9090b62-9119-498c-b924-14dd189e9bd7] transferring FlowFile[322,93315047448947.mockFlowFile,13B] to 'success'
[pool-145-thread-1] INFO org.apache.nifi.processors.standard.ControlRate - ControlRate[id=c9090b62-9119-498c-b924-14dd189e9bd7] transferring FlowFile[323,93315047489212.mockFlowFile,13B] to 'success'
[pool-145-thread-1] INFO org.apache.nifi.processors.standard.ControlRate - ControlRate[id=c9090b62-9119-498c-b924-14dd189e9bd7] transferring FlowFile[324,93315047521564.mockFlowFile,13B] to 'success'
[pool-145-thread-1] INFO org.apache.nifi.processors.standard.ControlRate - ControlRate[id=c9090b62-9119-498c-b924-14dd189e9bd7] transferring FlowFile[325,93315047539472.mockFlowFile,13B] to 'success'
[pool-145-thread-1] INFO org.apache.nifi.processors.standard.ControlRate - ControlRate[id=c9090b62-9119-498c-b924-14dd189e9bd7] transferring FlowFile[326,93315047557413.mockFlowFile,13B] to 'success'
[pool-145-thread-1] INFO org.apache.nifi.processors.standard.ControlRate - ControlRate[id=c9090b62-9119-498c-b924-14dd189e9bd7] transferring FlowFile[327,93315047580718.mockFlowFile,13B] to 'success'
[pool-145-thread-1] INFO org.apache.nifi.processors.standard.ControlRate - ControlRate[id=c9090b62-9119-498c-b924-14dd189e9bd7] transferring FlowFile[328,93315047598167.mockFlowFile,13B] to 'success'
[pool-145-thread-1] INFO org.apache.nifi.processors.standard.ControlRate - ControlRate[id=c9090b62-9119-498c-b924-14dd189e9bd7] transferring FlowFile[329,93315047615574.mockFlowFile,13B] to 'success'
[pool-145-thread-1] INFO org.apache.nifi.processors.standard.ControlRate - ControlRate[id=c9090b62-9119-498c-b924-14dd189e9bd7] transferring FlowFile[330,93315047632419.mockFlowFile,13B] to 'success'
[pool-145-thread-1] INFO org.apache.nifi.processors.standard.ControlRate - ControlRate[id=c9090b62-9119-498c-b924-14dd189e9bd7] transferring FlowFile[331,93315047647537.mockFlowFile,13B] to 'success'
[pool-145-thread-1] INFO org.apache.nifi.processors.standard.ControlRate - ControlRate[id=c9090b62-9119-498c-b924-14dd189e9bd7] transferring FlowFile[332,93315047663087.mockFlowFile,13B] to 'success'
[pool-145-thread-1] INFO org.apache.nifi.processors.standard.ControlRate - ControlRate[id=c9090b62-9119-498c-b924-14dd189e9bd7] transferring FlowFile[333,93315047677343.mockFlowFile,13B] to 'success'
[pool-145-thread-1] INFO org.apache.nifi.processors.standard.ControlRate - ControlRate[id=c9090b62-9119-498c-b924-14dd189e9bd7] transferring FlowFile[334,93315047692682.mockFlowFile,13B] to 'success'
[pool-145-thread-1] INFO org.apache.nifi.processors.standard.ControlRate - ControlRate[id=c9090b62-9119-498c-b924-14dd189e9bd7] transferring FlowFile[335,93315047713456.mockFlowFile,13B] to 'success'
[pool-145-thread-1] INFO org.apache.nifi.processors.standard.ControlRate - ControlRate[id=c9090b62-9119-498c-b924-14dd189e9bd7] transferring FlowFile[336,93315047746785.mockFlowFile,13B] to 'success'
[pool-145-thread-1] INFO org.apache.nifi.processors.standard.ControlRate - ControlRate[id=c9090b62-9119-498c-b924-14dd189e9bd7] transferring FlowFile[337,93315047762387.mockFlowFile,13B] to 'success'
[pool-145-thread-1] INFO org.apache.nifi.processors.standard.ControlRate - ControlRate[id=c9090b62-9119-498c-b924-14dd189e9bd7] transferring FlowFile[338,93315047776968.mockFlowFile,13B] to 'success'
[pool-145-thread-1] INFO org.apache.nifi.processors.standard.ControlRate - ControlRate[id=c9090b62-9119-498c-b924-14dd189e9bd7] transferring FlowFile[339,93315047792213.mockFlowFile,13B] to 'success'
[pool-145-thread-1] INFO org.apache.nifi.processors.standard.ControlRate - ControlRate[id=c9090b62-9119-498c-b924-14dd189e9bd7] transferring FlowFile[340,93315047808821.mockFlowFile,13B] to 'success'
[pool-145-thread-1] INFO org.apache.nifi.processors.standard.ControlRate - ControlRate[id=c9090b62-9119-498c-b924-14dd189e9bd7] transferring FlowFile[341,93315047823229.mockFlowFile,13B] to 'success'
[pool-145-thread-1] INFO org.apache.nifi.processors.standard.ControlRate - ControlRate[id=c9090b62-9119-498c-b924-14dd189e9bd7] transferring FlowFile[342,93315047838478.mockFlowFile,13B] to 'success'
[pool-145-thread-1] INFO org.apache.nifi.processors.standard.ControlRate - ControlRate[id=c9090b62-9119-498c-b924-14dd189e9bd7] transferring FlowFile[343,93315047870833.mockFlowFile,13B] to 'success'
[pool-145-thread-1] INFO org.apache.nifi.processors.standard.ControlRate - ControlRate[id=c9090b62-9119-498c-b924-14dd189e9bd7] transferring FlowFile[344,93315047887860.mockFlowFile,13B] to 'success'
[pool-145-thread-1] INFO org.apache.nifi.processors.standard.ControlRate - ControlRate[id=c9090b62-9119-498c-b924-14dd189e9bd7] transferring FlowFile[345,93315047918624.mockFlowFile,13B] to 'success'
[pool-145-thread-1] INFO org.apache.nifi.processors.standard.ControlRate - ControlRate[id=c9090b62-9119-498c-b924-14dd189e9bd7] transferring FlowFile[346,93315047943586.mockFlowFile,13B] to 'success'
[pool-145-thread-1] INFO org.apache.nifi.processors.standard.ControlRate - ControlRate[id=c9090b62-9119-498c-b924-14dd189e9bd7] transferring FlowFile[347,93315047961475.mockFlowFile,13B] to 'success'
[pool-145-thread-1] INFO org.apache.nifi.processors.standard.ControlRate - ControlRate[id=c9090b62-9119-498c-b924-14dd189e9bd7] transferring FlowFile[348,93315047976196.mockFlowFile,13B] to 'success'
[pool-145-thread-1] INFO org.apache.nifi.processors.standard.ControlRate - ControlRate[id=c9090b62-9119-498c-b924-14dd189e9bd7] transferring FlowFile[349,93315047992357.mockFlowFile,13B] to 'success'
[pool-145-thread-1] INFO org.apache.nifi.processors.standard.ControlRate - ControlRate[id=c9090b62-9119-498c-b924-14dd189e9bd7] transferring FlowFile[350,93315048019606.mockFlowFile,13B] to 'success'
[pool-145-thread-1] INFO org.apache.nifi.processors.standard.ControlRate - ControlRate[id=c9090b62-9119-498c-b924-14dd189e9bd7] transferring FlowFile[351,93315048040737.mockFlowFile,13B] to 'success'
[pool-145-thread-1] INFO org.apache.nifi.processors.standard.ControlRate - ControlRate[id=c9090b62-9119-498c-b924-14dd189e9bd7] transferring FlowFile[352,93315048109392.mockFlowFile,13B] to 'success'
[pool-145-thread-1] INFO org.apache.nifi.processors.standard.ControlRate - ControlRate[id=c9090b62-9119-498c-b924-14dd189e9bd7] transferring FlowFile[353,93315048130306.mockFlowFile,13B] to 'success'
[pool-145-thread-1] INFO org.apache.nifi.processors.standard.ControlRate - ControlRate[id=c9090b62-9119-498c-b924-14dd189e9bd7] transferring FlowFile[354,93315048157512.mockFlowFile,13B] to 'success'
[pool-145-thread-1] INFO org.apache.nifi.processors.standard.ControlRate - ControlRate[id=c9090b62-9119-498c-b924-14dd189e9bd7] transferring FlowFile[355,93315048178564.mockFlowFile,13B] to 'success'
[pool-145-thread-1] INFO org.apache.nifi.processors.standard.ControlRate - ControlRate[id=c9090b62-9119-498c-b924-14dd189e9bd7] transferring FlowFile[356,93315048196226.mockFlowFile,13B] to 'success'
[pool-145-thread-1] INFO org.apache.nifi.processors.standard.ControlRate - ControlRate[id=c9090b62-9119-498c-b924-14dd189e9bd7] transferring FlowFile[357,93315048230947.mockFlowFile,13B] to 'success'
[pool-145-thread-1] INFO org.apache.nifi.processors.standard.ControlRate - ControlRate[id=c9090b62-9119-498c-b924-14dd189e9bd7] transferring FlowFile[358,93315048250588.mockFlowFile,13B] to 'success'
[pool-145-thread-1] INFO org.apache.nifi.processors.standard.ControlRate - ControlRate[id=c9090b62-9119-498c-b924-14dd189e9bd7] transferring FlowFile[359,93315048323739.mockFlowFile,13B] to 'success'
[pool-145-thread-1] INFO org.apache.nifi.processors.standard.ControlRate - ControlRate[id=c9090b62-9119-498c-b924-14dd189e9bd7] transferring FlowFile[360,93315048343351.mockFlowFile,13B] to 'success'
[pool-145-thread-1] INFO org.apache.nifi.processors.standard.ControlRate - ControlRate[id=c9090b62-9119-498c-b924-14dd189e9bd7] transferring FlowFile[361,93315048360074.mockFlowFile,13B] to 'success'
[pool-145-thread-1] INFO org.apache.nifi.processors.standard.ControlRate - ControlRate[id=c9090b62-9119-498c-b924-14dd189e9bd7] transferring FlowFile[362,93315048376315.mockFlowFile,13B] to 'success'
[pool-145-thread-1] INFO org.apache.nifi.processors.standard.ControlRate - ControlRate[id=c9090b62-9119-498c-b924-14dd189e9bd7] transferring FlowFile[363,93315048391787.mockFlowFile,13B] to 'success'
[pool-145-thread-1] INFO org.apache.nifi.processors.standard.ControlRate - ControlRate[id=c9090b62-9119-498c-b924-14dd189e9bd7] transferring FlowFile[364,93315048411121.mockFlowFile,13B] to 'success'
[pool-145-thread-1] INFO org.apache.nifi.processors.standard.ControlRate - ControlRate[id=c9090b62-9119-498c-b924-14dd189e9bd7] transferring FlowFile[365,93315048427636.mockFlowFile,13B] to 'success'
[pool-145-thread-1] INFO org.apache.nifi.processors.standard.ControlRate - ControlRate[id=c9090b62-9119-498c-b924-14dd189e9bd7] transferring FlowFile[366,93315048442953.mockFlowFile,13B] to 'success'
[pool-145-thread-1] INFO org.apache.nifi.processors.standard.ControlRate - ControlRate[id=c9090b62-9119-498c-b924-14dd189e9bd7] transferring FlowFile[367,93315048465674.mockFlowFile,13B] to 'success'
[pool-145-thread-1] INFO org.apache.nifi.processors.standard.ControlRate - ControlRate[id=c9090b62-9119-498c-b924-14dd189e9bd7] transferring FlowFile[368,93315048482402.mockFlowFile,13B] to 'success'
[pool-145-thread-1] INFO org.apache.nifi.processors.standard.ControlRate - ControlRate[id=c9090b62-9119-498c-b924-14dd189e9bd7] transferring FlowFile[369,93315048504902.mockFlowFile,13B] to 'success'
[pool-145-thread-1] INFO org.apache.nifi.processors.standard.ControlRate - ControlRate[id=c9090b62-9119-498c-b924-14dd189e9bd7] transferring FlowFile[370,93315048521820.mockFlowFile,13B] to 'success'
[pool-145-thread-1] INFO org.apache.nifi.processors.standard.ControlRate - ControlRate[id=c9090b62-9119-498c-b924-14dd189e9bd7] transferring FlowFile[371,93315048539039.mockFlowFile,13B] to 'success'
[pool-145-thread-1] INFO org.apache.nifi.processors.standard.ControlRate - ControlRate[id=c9090b62-9119-498c-b924-14dd189e9bd7] transferring FlowFile[372,93315048556378.mockFlowFile,13B] to 'success'
[pool-145-thread-1] INFO org.apache.nifi.processors.standard.ControlRate - ControlRate[id=c9090b62-9119-498c-b924-14dd189e9bd7] transferring FlowFile[373,93315048571697.mockFlowFile,13B] to 'success'
[pool-145-thread-1] INFO org.apache.nifi.processors.standard.ControlRate - ControlRate[id=c9090b62-9119-498c-b924-14dd189e9bd7] transferring FlowFile[374,93315048588954.mockFlowFile,13B] to 'success'
[pool-145-thread-1] INFO org.apache.nifi.processors.standard.ControlRate - ControlRate[id=c9090b62-9119-498c-b924-14dd189e9bd7] transferring FlowFile[375,93315048610943.mockFlowFile,13B] to 'success'
[pool-145-thread-1] INFO org.apache.nifi.processors.standard.ControlRate - ControlRate[id=c9090b62-9119-498c-b924-14dd189e9bd7] transferring FlowFile[376,93315048627805.mockFlowFile,13B] to 'success'
[pool-145-thread-1] INFO org.apache.nifi.processors.standard.ControlRate - ControlRate[id=c9090b62-9119-498c-b924-14dd189e9bd7] transferring FlowFile[377,93315048645354.mockFlowFile,13B] to 'success'
[pool-145-thread-1] INFO org.apache.nifi.processors.standard.ControlRate - ControlRate[id=c9090b62-9119-498c-b924-14dd189e9bd7] transferring FlowFile[378,93315048661536.mockFlowFile,13B] to 'success'
[pool-145-thread-1] INFO org.apache.nifi.processors.standard.ControlRate - ControlRate[id=c9090b62-9119-498c-b924-14dd189e9bd7] transferring FlowFile[379,93315048679164.mockFlowFile,13B] to 'success'
[pool-145-thread-1] INFO org.apache.nifi.processors.standard.ControlRate - ControlRate[id=c9090b62-9119-498c-b924-14dd189e9bd7] transferring FlowFile[380,93315048697175.mockFlowFile,13B] to 'success'
[pool-145-thread-1] INFO org.apache.nifi.processors.standard.ControlRate - ControlRate[id=c9090b62-9119-498c-b924-14dd189e9bd7] transferring FlowFile[381,93315048712774.mockFlowFile,13B] to 'success'
[pool-145-thread-1] INFO org.apache.nifi.processors.standard.ControlRate - ControlRate[id=c9090b62-9119-498c-b924-14dd189e9bd7] transferring FlowFile[382,93315048729577.mockFlowFile,13B] to 'success'
[pool-145-thread-1] INFO org.apache.nifi.processors.standard.ControlRate - ControlRate[id=c9090b62-9119-498c-b924-14dd189e9bd7] transferring FlowFile[383,93315048750660.mockFlowFile,13B] to 'success'
[pool-145-thread-1] INFO org.apache.nifi.processors.standard.ControlRate - ControlRate[id=c9090b62-9119-498c-b924-14dd189e9bd7] transferring FlowFile[384,93315048769143.mockFlowFile,13B] to 'success'
[pool-145-thread-1] INFO org.apache.nifi.processors.standard.ControlRate - ControlRate[id=c9090b62-9119-498c-b924-14dd189e9bd7] transferring FlowFile[385,93315048786677.mockFlowFile,13B] to 'success'
[pool-145-thread-1] INFO org.apache.nifi.processors.standard.ControlRate - ControlRate[id=c9090b62-9119-498c-b924-14dd189e9bd7] transferring FlowFile[386,93315048802456.mockFlowFile,13B] to 'success'
[pool-145-thread-1] INFO org.apache.nifi.processors.standard.ControlRate - ControlRate[id=c9090b62-9119-498c-b924-14dd189e9bd7] transferring FlowFile[387,93315048819087.mockFlowFile,13B] to 'success'
[pool-145-thread-1] INFO org.apache.nifi.processors.standard.ControlRate - ControlRate[id=c9090b62-9119-498c-b924-14dd189e9bd7] transferring FlowFile[388,93315048834375.mockFlowFile,13B] to 'success'
[pool-145-thread-1] INFO org.apache.nifi.processors.standard.ControlRate - ControlRate[id=c9090b62-9119-498c-b924-14dd189e9bd7] transferring FlowFile[389,93315048851448.mockFlowFile,13B] to 'success'
[pool-145-thread-1] INFO org.apache.nifi.processors.standard.ControlRate - ControlRate[id=c9090b62-9119-498c-b924-14dd189e9bd7] transferring FlowFile[390,93315048868266.mockFlowFile,13B] to 'success'
[pool-145-thread-1] INFO org.apache.nifi.processors.standard.ControlRate - ControlRate[id=c9090b62-9119-498c-b924-14dd189e9bd7] transferring FlowFile[391,93315048888960.mockFlowFile,13B] to 'success'
[pool-145-thread-1] INFO org.apache.nifi.processors.standard.ControlRate - ControlRate[id=c9090b62-9119-498c-b924-14dd189e9bd7] transferring FlowFile[392,93315048906235.mockFlowFile,13B] to 'success'
[pool-145-thread-1] INFO org.apache.nifi.processors.standard.ControlRate - ControlRate[id=c9090b62-9119-498c-b924-14dd189e9bd7] transferring FlowFile[393,93315048921814.mockFlowFile,13B] to 'success'
[pool-145-thread-1] INFO org.apache.nifi.processors.standard.ControlRate - ControlRate[id=c9090b62-9119-498c-b924-14dd189e9bd7] transferring FlowFile[394,93315048940733.mockFlowFile,13B] to 'success'
[pool-145-thread-1] INFO org.apache.nifi.processors.standard.ControlRate - ControlRate[id=c9090b62-9119-498c-b924-14dd189e9bd7] transferring FlowFile[395,93315048957713.mockFlowFile,13B] to 'success'
[pool-145-thread-1] INFO org.apache.nifi.processors.standard.ControlRate - ControlRate[id=c9090b62-9119-498c-b924-14dd189e9bd7] transferring FlowFile[396,93315048974155.mockFlowFile,13B] to 'success'
[pool-145-thread-1] INFO org.apache.nifi.processors.standard.ControlRate - ControlRate[id=c9090b62-9119-498c-b924-14dd189e9bd7] transferring FlowFile[397,93315048990818.mockFlowFile,13B] to 'success'
[pool-145-thread-1] INFO org.apache.nifi.processors.standard.ControlRate - ControlRate[id=c9090b62-9119-498c-b924-14dd189e9bd7] transferring FlowFile[398,93315049005995.mockFlowFile,13B] to 'success'
[pool-145-thread-1] INFO org.apache.nifi.processors.standard.ControlRate - ControlRate[id=c9090b62-9119-498c-b924-14dd189e9bd7] transferring FlowFile[399,93315049027724.mockFlowFile,13B] to 'success'
[pool-145-thread-1] INFO org.apache.nifi.processors.standard.ControlRate - ControlRate[id=c9090b62-9119-498c-b924-14dd189e9bd7] transferring FlowFile[400,93315049045162.mockFlowFile,13B] to 'success'
[pool-145-thread-1] INFO org.apache.nifi.processors.standard.ControlRate - ControlRate[id=c9090b62-9119-498c-b924-14dd189e9bd7] transferring FlowFile[401,93315049060999.mockFlowFile,13B] to 'success'
[pool-145-thread-1] INFO org.apache.nifi.processors.standard.ControlRate - ControlRate[id=c9090b62-9119-498c-b924-14dd189e9bd7] transferring FlowFile[402,93315049077450.mockFlowFile,13B] to 'success'
[pool-145-thread-1] INFO org.apache.nifi.processors.standard.ControlRate - ControlRate[id=c9090b62-9119-498c-b924-14dd189e9bd7] transferring FlowFile[403,93315049092753.mockFlowFile,13B] to 'success'
[pool-145-thread-1] INFO org.apache.nifi.processors.standard.ControlRate - ControlRate[id=c9090b62-9119-498c-b924-14dd189e9bd7] transferring FlowFile[404,93315049114655.mockFlowFile,13B] to 'success'
[pool-145-thread-1] INFO org.apache.nifi.processors.standard.ControlRate - ControlRate[id=c9090b62-9119-498c-b924-14dd189e9bd7] transferring FlowFile[405,93315049133439.mockFlowFile,13B] to 'success'
[pool-145-thread-1] INFO org.apache.nifi.processors.standard.ControlRate - ControlRate[id=c9090b62-9119-498c-b924-14dd189e9bd7] transferring FlowFile[406,93315049176344.mockFlowFile,13B] to 'success'
[pool-145-thread-1] INFO org.apache.nifi.processors.standard.ControlRate - ControlRate[id=c9090b62-9119-498c-b924-14dd189e9bd7] transferring FlowFile[407,93315049203216.mockFlowFile,13B] to 'success'
[pool-145-thread-1] INFO org.apache.nifi.processors.standard.ControlRate - ControlRate[id=c9090b62-9119-498c-b924-14dd189e9bd7] transferring FlowFile[408,93315049293683.mockFlowFile,13B] to 'success'
[pool-145-thread-1] INFO org.apache.nifi.processors.standard.ControlRate - ControlRate[id=c9090b62-9119-498c-b924-14dd189e9bd7] transferring FlowFile[409,93315049313820.mockFlowFile,13B] to 'success'
[pool-145-thread-1] INFO org.apache.nifi.processors.standard.ControlRate - ControlRate[id=c9090b62-9119-498c-b924-14dd189e9bd7] transferring FlowFile[410,93315049330970.mockFlowFile,13B] to 'success'
[pool-145-thread-1] INFO org.apache.nifi.processors.standard.ControlRate - ControlRate[id=c9090b62-9119-498c-b924-14dd189e9bd7] transferring FlowFile[411,93315049346449.mockFlowFile,13B] to 'success'
[pool-145-thread-1] INFO org.apache.nifi.processors.standard.ControlRate - ControlRate[id=c9090b62-9119-498c-b924-14dd189e9bd7] transferring FlowFile[412,93315049362555.mockFlowFile,13B] to 'success'
[pool-145-thread-1] INFO org.apache.nifi.processors.standard.ControlRate - ControlRate[id=c9090b62-9119-498c-b924-14dd189e9bd7] transferring FlowFile[413,93315049377504.mockFlowFile,13B] to 'success'
[pool-145-thread-1] INFO org.apache.nifi.processors.standard.ControlRate - ControlRate[id=c9090b62-9119-498c-b924-14dd189e9bd7] transferring FlowFile[414,93315049393433.mockFlowFile,13B] to 'success'
[pool-145-thread-1] INFO org.apache.nifi.processors.standard.ControlRate - ControlRate[id=c9090b62-9119-498c-b924-14dd189e9bd7] transferring FlowFile[415,93315049414914.mockFlowFile,13B] to 'success'
[pool-145-thread-1] INFO org.apache.nifi.processors.standard.ControlRate - ControlRate[id=c9090b62-9119-498c-b924-14dd189e9bd7] transferring FlowFile[416,93315049430694.mockFlowFile,13B] to 'success'
[pool-145-thread-1] INFO org.apache.nifi.processors.standard.ControlRate - ControlRate[id=c9090b62-9119-498c-b924-14dd189e9bd7] transferring FlowFile[417,93315049446814.mockFlowFile,13B] to 'success'
[pool-145-thread-1] INFO org.apache.nifi.processors.standard.ControlRate - ControlRate[id=c9090b62-9119-498c-b924-14dd189e9bd7] transferring FlowFile[418,93315049467744.mockFlowFile,13B] to 'success'
[pool-145-thread-1] INFO org.apache.nifi.processors.standard.ControlRate - ControlRate[id=c9090b62-9119-498c-b924-14dd189e9bd7] transferring FlowFile[419,93315049484124.mockFlowFile,13B] to 'success'
[pool-145-thread-1] INFO org.apache.nifi.processors.standard.ControlRate - ControlRate[id=c9090b62-9119-498c-b924-14dd189e9bd7] transferring FlowFile[420,93315049499851.mockFlowFile,13B] to 'success'
[pool-145-thread-1] INFO org.apache.nifi.processors.standard.ControlRate - ControlRate[id=c9090b62-9119-498c-b924-14dd189e9bd7] transferring FlowFile[421,93315049513769.mockFlowFile,13B] to 'success'
[pool-145-thread-1] INFO org.apache.nifi.processors.standard.ControlRate - ControlRate[id=c9090b62-9119-498c-b924-14dd189e9bd7] transferring FlowFile[422,93315049528132.mockFlowFile,13B] to 'success'
[pool-145-thread-1] INFO org.apache.nifi.processors.standard.ControlRate - ControlRate[id=c9090b62-9119-498c-b924-14dd189e9bd7] transferring FlowFile[423,93315049547449.mockFlowFile,13B] to 'success'
[pool-145-thread-1] INFO org.apache.nifi.processors.standard.ControlRate - ControlRate[id=c9090b62-9119-498c-b924-14dd189e9bd7] transferring FlowFile[424,93315049563780.mockFlowFile,13B] to 'success'
[pool-145-thread-1] INFO org.apache.nifi.processors.standard.ControlRate - ControlRate[id=c9090b62-9119-498c-b924-14dd189e9bd7] transferring FlowFile[425,93315049579096.mockFlowFile,13B] to 'success'
[pool-145-thread-1] INFO org.apache.nifi.processors.standard.ControlRate - ControlRate[id=c9090b62-9119-498c-b924-14dd189e9bd7] transferring FlowFile[426,93315049593033.mockFlowFile,13B] to 'success'
[pool-145-thread-1] INFO org.apache.nifi.processors.standard.ControlRate - ControlRate[id=c9090b62-9119-498c-b924-14dd189e9bd7] transferring FlowFile[427,93315049608207.mockFlowFile,13B] to 'success'
[pool-145-thread-1] INFO org.apache.nifi.processors.standard.ControlRate - ControlRate[id=c9090b62-9119-498c-b924-14dd189e9bd7] transferring FlowFile[428,93315049622483.mockFlowFile,13B] to 'success'
[pool-145-thread-1] INFO org.apache.nifi.processors.standard.ControlRate - ControlRate[id=c9090b62-9119-498c-b924-14dd189e9bd7] transferring FlowFile[429,93315049658835.mockFlowFile,13B] to 'success'
[pool-145-thread-1] INFO org.apache.nifi.processors.standard.ControlRate - ControlRate[id=c9090b62-9119-498c-b924-14dd189e9bd7] transferring FlowFile[430,93315049674893.mockFlowFile,13B] to 'success'
[pool-145-thread-1] INFO org.apache.nifi.processors.standard.ControlRate - ControlRate[id=c9090b62-9119-498c-b924-14dd189e9bd7] transferring FlowFile[431,93315049695282.mockFlowFile,13B] to 'success'
[pool-145-thread-1] INFO org.apache.nifi.processors.standard.ControlRate - ControlRate[id=c9090b62-9119-498c-b924-14dd189e9bd7] transferring FlowFile[432,93315049712304.mockFlowFile,13B] to 'success'
[pool-145-thread-1] INFO org.apache.nifi.processors.standard.ControlRate - ControlRate[id=c9090b62-9119-498c-b924-14dd189e9bd7] transferring FlowFile[433,93315049726558.mockFlowFile,13B] to 'success'
[pool-145-thread-1] INFO org.apache.nifi.processors.standard.ControlRate - ControlRate[id=c9090b62-9119-498c-b924-14dd189e9bd7] transferring FlowFile[434,93315049742305.mockFlowFile,13B] to 'success'
[pool-145-thread-1] INFO org.apache.nifi.processors.standard.ControlRate - ControlRate[id=c9090b62-9119-498c-b924-14dd189e9bd7] transferring FlowFile[435,93315049760415.mockFlowFile,13B] to 'success'
[pool-145-thread-1] INFO org.apache.nifi.processors.standard.ControlRate - ControlRate[id=c9090b62-9119-498c-b924-14dd189e9bd7] transferring FlowFile[436,93315049774579.mockFlowFile,13B] to 'success'
[pool-145-thread-1] INFO org.apache.nifi.processors.standard.ControlRate - ControlRate[id=c9090b62-9119-498c-b924-14dd189e9bd7] transferring FlowFile[437,93315049790077.mockFlowFile,13B] to 'success'
[pool-145-thread-1] INFO org.apache.nifi.processors.standard.ControlRate - ControlRate[id=c9090b62-9119-498c-b924-14dd189e9bd7] transferring FlowFile[438,93315049804204.mockFlowFile,13B] to 'success'
[pool-145-thread-1] INFO org.apache.nifi.processors.standard.ControlRate - ControlRate[id=c9090b62-9119-498c-b924-14dd189e9bd7] transferring FlowFile[439,93315049825313.mockFlowFile,13B] to 'success'
[pool-145-thread-1] INFO org.apache.nifi.processors.standard.ControlRate - ControlRate[id=c9090b62-9119-498c-b924-14dd189e9bd7] transferring FlowFile[440,93315049842183.mockFlowFile,13B] to 'success'
[pool-145-thread-1] INFO org.apache.nifi.processors.standard.ControlRate - ControlRate[id=c9090b62-9119-498c-b924-14dd189e9bd7] transferring FlowFile[441,93315049857598.mockFlowFile,13B] to 'success'
[pool-145-thread-1] INFO org.apache.nifi.processors.standard.ControlRate - ControlRate[id=c9090b62-9119-498c-b924-14dd189e9bd7] transferring FlowFile[442,93315049873515.mockFlowFile,13B] to 'success'
[pool-145-thread-1] INFO org.apache.nifi.processors.standard.ControlRate - ControlRate[id=c9090b62-9119-498c-b924-14dd189e9bd7] transferring FlowFile[443,93315049887573.mockFlowFile,13B] to 'success'
[pool-145-thread-1] INFO org.apache.nifi.processors.standard.ControlRate - ControlRate[id=c9090b62-9119-498c-b924-14dd189e9bd7] transferring FlowFile[444,93315049903127.mockFlowFile,13B] to 'success'
[pool-145-thread-1] INFO org.apache.nifi.processors.standard.ControlRate - ControlRate[id=c9090b62-9119-498c-b924-14dd189e9bd7] transferring FlowFile[445,93315049919119.mockFlowFile,13B] to 'success'
[pool-145-thread-1] INFO org.apache.nifi.processors.standard.ControlRate - ControlRate[id=c9090b62-9119-498c-b924-14dd189e9bd7] transferring FlowFile[446,93315049933600.mockFlowFile,13B] to 'success'
[pool-145-thread-1] INFO org.apache.nifi.processors.standard.ControlRate - ControlRate[id=c9090b62-9119-498c-b924-14dd189e9bd7] transferring FlowFile[447,93315049954633.mockFlowFile,13B] to 'success'
[pool-145-thread-1] INFO org.apache.nifi.processors.standard.ControlRate - ControlRate[id=c9090b62-9119-498c-b924-14dd189e9bd7] transferring FlowFile[448,93315049970742.mockFlowFile,13B] to 'success'
[pool-145-thread-1] INFO org.apache.nifi.processors.standard.ControlRate - ControlRate[id=c9090b62-9119-498c-b924-14dd189e9bd7] transferring FlowFile[449,93315049994362.mockFlowFile,13B] to 'success'
[pool-145-thread-1] INFO org.apache.nifi.processors.standard.ControlRate - ControlRate[id=c9090b62-9119-498c-b924-14dd189e9bd7] transferring FlowFile[450,93315050025635.mockFlowFile,13B] to 'success'
[pool-145-thread-1] INFO org.apache.nifi.processors.standard.ControlRate - ControlRate[id=c9090b62-9119-498c-b924-14dd189e9bd7] transferring FlowFile[451,93315050061980.mockFlowFile,13B] to 'success'
[pool-145-thread-1] INFO org.apache.nifi.processors.standard.ControlRate - ControlRate[id=c9090b62-9119-498c-b924-14dd189e9bd7] transferring FlowFile[452,93315050081737.mockFlowFile,13B] to 'success'
[pool-145-thread-1] INFO org.apache.nifi.processors.standard.ControlRate - ControlRate[id=c9090b62-9119-498c-b924-14dd189e9bd7] transferring FlowFile[453,93315050097227.mockFlowFile,13B] to 'success'
[pool-145-thread-1] INFO org.apache.nifi.processors.standard.ControlRate - ControlRate[id=c9090b62-9119-498c-b924-14dd189e9bd7] transferring FlowFile[454,93315050114099.mockFlowFile,13B] to 'success'
[pool-145-thread-1] INFO org.apache.nifi.processors.standard.ControlRate - ControlRate[id=c9090b62-9119-498c-b924-14dd189e9bd7] transferring FlowFile[455,93315050136178.mockFlowFile,13B] to 'success'
[pool-145-thread-1] INFO org.apache.nifi.processors.standard.ControlRate - ControlRate[id=c9090b62-9119-498c-b924-14dd189e9bd7] transferring FlowFile[456,93315050151949.mockFlowFile,13B] to 'success'
[pool-145-thread-1] INFO org.apache.nifi.processors.standard.ControlRate - ControlRate[id=c9090b62-9119-498c-b924-14dd189e9bd7] transferring FlowFile[457,93315050168206.mockFlowFile,13B] to 'success'
[pool-145-thread-1] INFO org.apache.nifi.processors.standard.ControlRate - ControlRate[id=c9090b62-9119-498c-b924-14dd189e9bd7] transferring FlowFile[458,93315050182952.mockFlowFile,13B] to 'success'
[pool-145-thread-1] INFO org.apache.nifi.processors.standard.ControlRate - ControlRate[id=c9090b62-9119-498c-b924-14dd189e9bd7] transferring FlowFile[459,93315050198847.mockFlowFile,13B] to 'success'
[pool-145-thread-1] INFO org.apache.nifi.processors.standard.ControlRate - ControlRate[id=c9090b62-9119-498c-b924-14dd189e9bd7] transferring FlowFile[460,93315050214730.mockFlowFile,13B] to 'success'
[pool-145-thread-1] INFO org.apache.nifi.processors.standard.ControlRate - ControlRate[id=c9090b62-9119-498c-b924-14dd189e9bd7] transferring FlowFile[461,93315050229205.mockFlowFile,13B] to 'success'
[pool-145-thread-1] INFO org.apache.nifi.processors.standard.ControlRate - ControlRate[id=c9090b62-9119-498c-b924-14dd189e9bd7] transferring FlowFile[462,93315050245572.mockFlowFile,13B] to 'success'
[pool-145-thread-1] INFO org.apache.nifi.processors.standard.ControlRate - ControlRate[id=c9090b62-9119-498c-b924-14dd189e9bd7] transferring FlowFile[463,93315050265340.mockFlowFile,13B] to 'success'
[pool-145-thread-1] INFO org.apache.nifi.processors.standard.ControlRate - ControlRate[id=c9090b62-9119-498c-b924-14dd189e9bd7] transferring FlowFile[464,93315050282932.mockFlowFile,13B] to 'success'
[pool-145-thread-1] INFO org.apache.nifi.processors.standard.ControlRate - ControlRate[id=c9090b62-9119-498c-b924-14dd189e9bd7] transferring FlowFile[465,93315050307184.mockFlowFile,13B] to 'success'
[pool-145-thread-1] INFO org.apache.nifi.processors.standard.ControlRate - ControlRate[id=c9090b62-9119-498c-b924-14dd189e9bd7] transferring FlowFile[466,93315050322598.mockFlowFile,13B] to 'success'
[pool-145-thread-1] INFO org.apache.nifi.processors.standard.ControlRate - ControlRate[id=c9090b62-9119-498c-b924-14dd189e9bd7] transferring FlowFile[467,93315050338626.mockFlowFile,13B] to 'success'
[pool-145-thread-1] INFO org.apache.nifi.processors.standard.ControlRate - ControlRate[id=c9090b62-9119-498c-b924-14dd189e9bd7] transferring FlowFile[468,93315050353248.mockFlowFile,13B] to 'success'
[pool-145-thread-1] INFO org.apache.nifi.processors.standard.ControlRate - ControlRate[id=c9090b62-9119-498c-b924-14dd189e9bd7] transferring FlowFile[469,93315050369111.mockFlowFile,13B] to 'success'
[pool-145-thread-1] INFO org.apache.nifi.processors.standard.ControlRate - ControlRate[id=c9090b62-9119-498c-b924-14dd189e9bd7] transferring FlowFile[470,93315050384911.mockFlowFile,13B] to 'success'
[pool-145-thread-1] INFO org.apache.nifi.processors.standard.ControlRate - ControlRate[id=c9090b62-9119-498c-b924-14dd189e9bd7] transferring FlowFile[471,93315050404957.mockFlowFile,13B] to 'success'
[pool-145-thread-1] INFO org.apache.nifi.processors.standard.ControlRate - ControlRate[id=c9090b62-9119-498c-b924-14dd189e9bd7] transferring FlowFile[472,93315050421610.mockFlowFile,13B] to 'success'
[pool-145-thread-1] INFO org.apache.nifi.processors.standard.ControlRate - ControlRate[id=c9090b62-9119-498c-b924-14dd189e9bd7] transferring FlowFile[473,93315050435896.mockFlowFile,13B] to 'success'
[pool-145-thread-1] INFO org.apache.nifi.processors.standard.ControlRate - ControlRate[id=c9090b62-9119-498c-b924-14dd189e9bd7] transferring FlowFile[474,93315050457616.mockFlowFile,13B] to 'success'
[pool-145-thread-1] INFO org.apache.nifi.processors.standard.ControlRate - ControlRate[id=c9090b62-9119-498c-b924-14dd189e9bd7] transferring FlowFile[475,93315050474694.mockFlowFile,13B] to 'success'
[pool-145-thread-1] INFO org.apache.nifi.processors.standard.ControlRate - ControlRate[id=c9090b62-9119-498c-b924-14dd189e9bd7] transferring FlowFile[476,93315050489648.mockFlowFile,13B] to 'success'
[pool-145-thread-1] INFO org.apache.nifi.processors.standard.ControlRate - ControlRate[id=c9090b62-9119-498c-b924-14dd189e9bd7] transferring FlowFile[477,93315050505365.mockFlowFile,13B] to 'success'
[pool-145-thread-1] INFO org.apache.nifi.processors.standard.ControlRate - ControlRate[id=c9090b62-9119-498c-b924-14dd189e9bd7] transferring FlowFile[478,93315050519706.mockFlowFile,13B] to 'success'
[pool-145-thread-1] INFO org.apache.nifi.processors.standard.ControlRate - ControlRate[id=c9090b62-9119-498c-b924-14dd189e9bd7] transferring FlowFile[479,93315050539869.mockFlowFile,13B] to 'success'
[pool-145-thread-1] INFO org.apache.nifi.processors.standard.ControlRate - ControlRate[id=c9090b62-9119-498c-b924-14dd189e9bd7] transferring FlowFile[480,93315050557111.mockFlowFile,13B] to 'success'
[pool-145-thread-1] INFO org.apache.nifi.processors.standard.ControlRate - ControlRate[id=c9090b62-9119-498c-b924-14dd189e9bd7] transferring FlowFile[481,93315050570994.mockFlowFile,13B] to 'success'
[pool-145-thread-1] INFO org.apache.nifi.processors.standard.ControlRate - ControlRate[id=c9090b62-9119-498c-b924-14dd189e9bd7] transferring FlowFile[482,93315050593270.mockFlowFile,13B] to 'success'
[pool-145-thread-1] INFO org.apache.nifi.processors.standard.ControlRate - ControlRate[id=c9090b62-9119-498c-b924-14dd189e9bd7] transferring FlowFile[483,93315050608991.mockFlowFile,13B] to 'success'
[pool-145-thread-1] INFO org.apache.nifi.processors.standard.ControlRate - ControlRate[id=c9090b62-9119-498c-b924-14dd189e9bd7] transferring FlowFile[484,93315050624273.mockFlowFile,13B] to 'success'
[pool-145-thread-1] INFO org.apache.nifi.processors.standard.ControlRate - ControlRate[id=c9090b62-9119-498c-b924-14dd189e9bd7] transferring FlowFile[485,93315050644823.mockFlowFile,13B] to 'success'
[pool-145-thread-1] INFO org.apache.nifi.processors.standard.ControlRate - ControlRate[id=c9090b62-9119-498c-b924-14dd189e9bd7] transferring FlowFile[486,93315050659200.mockFlowFile,13B] to 'success'
[pool-145-thread-1] INFO org.apache.nifi.processors.standard.ControlRate - ControlRate[id=c9090b62-9119-498c-b924-14dd189e9bd7] transferring FlowFile[487,93315050679028.mockFlowFile,13B] to 'success'
[pool-145-thread-1] INFO org.apache.nifi.processors.standard.ControlRate - ControlRate[id=c9090b62-9119-498c-b924-14dd189e9bd7] transferring FlowFile[488,93315050695655.mockFlowFile,13B] to 'success'
[pool-145-thread-1] INFO org.apache.nifi.processors.standard.ControlRate - ControlRate[id=c9090b62-9119-498c-b924-14dd189e9bd7] transferring FlowFile[489,93315050710345.mockFlowFile,13B] to 'success'
[pool-145-thread-1] INFO org.apache.nifi.processors.standard.ControlRate - ControlRate[id=c9090b62-9119-498c-b924-14dd189e9bd7] transferring FlowFile[490,93315050724818.mockFlowFile,13B] to 'success'
[pool-145-thread-1] INFO org.apache.nifi.processors.standard.ControlRate - ControlRate[id=c9090b62-9119-498c-b924-14dd189e9bd7] transferring FlowFile[491,93315050738207.mockFlowFile,13B] to 'success'
[pool-145-thread-1] INFO org.apache.nifi.processors.standard.ControlRate - ControlRate[id=c9090b62-9119-498c-b924-14dd189e9bd7] transferring FlowFile[492,93315050752659.mockFlowFile,13B] to 'success'
[pool-145-thread-1] INFO org.apache.nifi.processors.standard.ControlRate - ControlRate[id=c9090b62-9119-498c-b924-14dd189e9bd7] transferring FlowFile[493,93315050765565.mockFlowFile,13B] to 'success'
[pool-145-thread-1] INFO org.apache.nifi.processors.standard.ControlRate - ControlRate[id=c9090b62-9119-498c-b924-14dd189e9bd7] transferring FlowFile[494,93315050779091.mockFlowFile,13B] to 'success'
[pool-145-thread-1] INFO org.apache.nifi.processors.standard.ControlRate - ControlRate[id=c9090b62-9119-498c-b924-14dd189e9bd7] transferring FlowFile[495,93315050797327.mockFlowFile,13B] to 'success'
[pool-145-thread-1] INFO org.apache.nifi.processors.standard.ControlRate - ControlRate[id=c9090b62-9119-498c-b924-14dd189e9bd7] transferring FlowFile[496,93315050810551.mockFlowFile,13B] to 'success'
[pool-145-thread-1] INFO org.apache.nifi.processors.standard.ControlRate - ControlRate[id=c9090b62-9119-498c-b924-14dd189e9bd7] transferring FlowFile[497,93315050825246.mockFlowFile,13B] to 'success'
[pool-145-thread-1] INFO org.apache.nifi.processors.standard.ControlRate - ControlRate[id=c9090b62-9119-498c-b924-14dd189e9bd7] transferring FlowFile[498,93315050838055.mockFlowFile,13B] to 'success'
[pool-145-thread-1] INFO org.apache.nifi.processors.standard.ControlRate - ControlRate[id=c9090b62-9119-498c-b924-14dd189e9bd7] transferring FlowFile[499,93315050852198.mockFlowFile,13B] to 'success'
[pool-145-thread-1] INFO org.apache.nifi.processors.standard.ControlRate - ControlRate[id=c9090b62-9119-498c-b924-14dd189e9bd7] transferring FlowFile[500,93315050866883.mockFlowFile,13B] to 'success'
[pool-145-thread-1] INFO org.apache.nifi.processors.standard.ControlRate - ControlRate[id=c9090b62-9119-498c-b924-14dd189e9bd7] transferring FlowFile[501,93315050882785.mockFlowFile,13B] to 'success'
[pool-145-thread-1] INFO org.apache.nifi.processors.standard.ControlRate - ControlRate[id=c9090b62-9119-498c-b924-14dd189e9bd7] transferring FlowFile[502,93315050897124.mockFlowFile,13B] to 'success'
[pool-145-thread-1] INFO org.apache.nifi.processors.standard.ControlRate - ControlRate[id=c9090b62-9119-498c-b924-14dd189e9bd7] transferring FlowFile[503,93315050914657.mockFlowFile,13B] to 'success'
[pool-145-thread-1] INFO org.apache.nifi.processors.standard.ControlRate - ControlRate[id=c9090b62-9119-498c-b924-14dd189e9bd7] transferring FlowFile[504,93315050929527.mockFlowFile,13B] to 'success'
[pool-145-thread-1] INFO org.apache.nifi.processors.standard.ControlRate - ControlRate[id=c9090b62-9119-498c-b924-14dd189e9bd7] transferring FlowFile[505,93315050943792.mockFlowFile,13B] to 'success'
[pool-145-thread-1] INFO org.apache.nifi.processors.standard.ControlRate - ControlRate[id=c9090b62-9119-498c-b924-14dd189e9bd7] transferring FlowFile[506,93315050957025.mockFlowFile,13B] to 'success'
[pool-145-thread-1] INFO org.apache.nifi.processors.standard.ControlRate - ControlRate[id=c9090b62-9119-498c-b924-14dd189e9bd7] transferring FlowFile[507,93315050971815.mockFlowFile,13B] to 'success'
[pool-145-thread-1] INFO org.apache.nifi.processors.standard.ControlRate - ControlRate[id=c9090b62-9119-498c-b924-14dd189e9bd7] transferring FlowFile[508,93315050985123.mockFlowFile,13B] to 'success'
[pool-145-thread-1] INFO org.apache.nifi.processors.standard.ControlRate - ControlRate[id=c9090b62-9119-498c-b924-14dd189e9bd7] transferring FlowFile[509,93315050999279.mockFlowFile,13B] to 'success'
[pool-145-thread-1] INFO org.apache.nifi.processors.standard.ControlRate - ControlRate[id=c9090b62-9119-498c-b924-14dd189e9bd7] transferring FlowFile[510,93315051013523.mockFlowFile,13B] to 'success'
[pool-145-thread-1] INFO org.apache.nifi.processors.standard.ControlRate - ControlRate[id=c9090b62-9119-498c-b924-14dd189e9bd7] transferring FlowFile[511,93315051031940.mockFlowFile,13B] to 'success'
[pool-145-thread-1] INFO org.apache.nifi.processors.standard.ControlRate - ControlRate[id=c9090b62-9119-498c-b924-14dd189e9bd7] transferring FlowFile[512,93315051047127.mockFlowFile,13B] to 'success'
[pool-145-thread-1] INFO org.apache.nifi.processors.standard.ControlRate - ControlRate[id=c9090b62-9119-498c-b924-14dd189e9bd7] transferring FlowFile[513,93315051060878.mockFlowFile,13B] to 'success'
[pool-145-thread-1] INFO org.apache.nifi.processors.standard.ControlRate - ControlRate[id=c9090b62-9119-498c-b924-14dd189e9bd7] transferring FlowFile[514,93315051075489.mockFlowFile,13B] to 'success'
[pool-145-thread-1] INFO org.apache.nifi.processors.standard.ControlRate - ControlRate[id=c9090b62-9119-498c-b924-14dd189e9bd7] transferring FlowFile[515,93315051089897.mockFlowFile,13B] to 'success'
[pool-145-thread-1] INFO org.apache.nifi.processors.standard.ControlRate - ControlRate[id=c9090b62-9119-498c-b924-14dd189e9bd7] transferring FlowFile[516,93315051103435.mockFlowFile,13B] to 'success'
[pool-145-thread-1] INFO org.apache.nifi.processors.standard.ControlRate - ControlRate[id=c9090b62-9119-498c-b924-14dd189e9bd7] transferring FlowFile[517,93315051117899.mockFlowFile,13B] to 'success'
[pool-145-thread-1] INFO org.apache.nifi.processors.standard.ControlRate - ControlRate[id=c9090b62-9119-498c-b924-14dd189e9bd7] transferring FlowFile[518,93315051131267.mockFlowFile,13B] to 'success'
[pool-145-thread-1] INFO org.apache.nifi.processors.standard.ControlRate - ControlRate[id=c9090b62-9119-498c-b924-14dd189e9bd7] transferring FlowFile[519,93315051178801.mockFlowFile,13B] to 'success'
[pool-145-thread-1] INFO org.apache.nifi.processors.standard.ControlRate - ControlRate[id=c9090b62-9119-498c-b924-14dd189e9bd7] transferring FlowFile[520,93315051196562.mockFlowFile,13B] to 'success'
[pool-145-thread-1] INFO org.apache.nifi.processors.standard.ControlRate - ControlRate[id=c9090b62-9119-498c-b924-14dd189e9bd7] transferring FlowFile[521,93315051209672.mockFlowFile,13B] to 'success'
[pool-145-thread-1] INFO org.apache.nifi.processors.standard.ControlRate - ControlRate[id=c9090b62-9119-498c-b924-14dd189e9bd7] transferring FlowFile[522,93315051224036.mockFlowFile,13B] to 'success'
[pool-145-thread-1] INFO org.apache.nifi.processors.standard.ControlRate - ControlRate[id=c9090b62-9119-498c-b924-14dd189e9bd7] transferring FlowFile[523,93315051236887.mockFlowFile,13B] to 'success'
[pool-145-thread-1] INFO org.apache.nifi.processors.standard.ControlRate - ControlRate[id=c9090b62-9119-498c-b924-14dd189e9bd7] transferring FlowFile[524,93315051251120.mockFlowFile,13B] to 'success'
[pool-145-thread-1] INFO org.apache.nifi.processors.standard.ControlRate - ControlRate[id=c9090b62-9119-498c-b924-14dd189e9bd7] transferring FlowFile[525,93315051265351.mockFlowFile,13B] to 'success'
[pool-145-thread-1] INFO org.apache.nifi.processors.standard.ControlRate - ControlRate[id=c9090b62-9119-498c-b924-14dd189e9bd7] transferring FlowFile[526,93315051278283.mockFlowFile,13B] to 'success'
[pool-145-thread-1] INFO org.apache.nifi.processors.standard.ControlRate - ControlRate[id=c9090b62-9119-498c-b924-14dd189e9bd7] transferring FlowFile[527,93315051297839.mockFlowFile,13B] to 'success'
[pool-145-thread-1] INFO org.apache.nifi.processors.standard.ControlRate - ControlRate[id=c9090b62-9119-498c-b924-14dd189e9bd7] transferring FlowFile[528,93315051311420.mockFlowFile,13B] to 'success'
[pool-145-thread-1] INFO org.apache.nifi.processors.standard.ControlRate - ControlRate[id=c9090b62-9119-498c-b924-14dd189e9bd7] transferring FlowFile[529,93315051325683.mockFlowFile,13B] to 'success'
[pool-145-thread-1] INFO org.apache.nifi.processors.standard.ControlRate - ControlRate[id=c9090b62-9119-498c-b924-14dd189e9bd7] transferring FlowFile[530,93315051339972.mockFlowFile,13B] to 'success'
[pool-145-thread-1] INFO org.apache.nifi.processors.standard.ControlRate - ControlRate[id=c9090b62-9119-498c-b924-14dd189e9bd7] transferring FlowFile[531,93315051352645.mockFlowFile,13B] to 'success'
[pool-145-thread-1] INFO org.apache.nifi.processors.standard.ControlRate - ControlRate[id=c9090b62-9119-498c-b924-14dd189e9bd7] transferring FlowFile[532,93315051366991.mockFlowFile,13B] to 'success'
[pool-145-thread-1] INFO org.apache.nifi.processors.standard.ControlRate - ControlRate[id=c9090b62-9119-498c-b924-14dd189e9bd7] transferring FlowFile[533,93315051380344.mockFlowFile,13B] to 'success'
[pool-145-thread-1] INFO org.apache.nifi.processors.standard.ControlRate - ControlRate[id=c9090b62-9119-498c-b924-14dd189e9bd7] transferring FlowFile[534,93315051396035.mockFlowFile,13B] to 'success'
[pool-145-thread-1] INFO org.apache.nifi.processors.standard.ControlRate - ControlRate[id=c9090b62-9119-498c-b924-14dd189e9bd7] transferring FlowFile[535,93315051418150.mockFlowFile,13B] to 'success'
[pool-145-thread-1] INFO org.apache.nifi.processors.standard.ControlRate - ControlRate[id=c9090b62-9119-498c-b924-14dd189e9bd7] transferring FlowFile[536,93315051432028.mockFlowFile,13B] to 'success'
[pool-145-thread-1] INFO org.apache.nifi.processors.standard.ControlRate - ControlRate[id=c9090b62-9119-498c-b924-14dd189e9bd7] transferring FlowFile[537,93315051446647.mockFlowFile,13B] to 'success'
[pool-145-thread-1] INFO org.apache.nifi.processors.standard.ControlRate - ControlRate[id=c9090b62-9119-498c-b924-14dd189e9bd7] transferring FlowFile[538,93315051459701.mockFlowFile,13B] to 'success'
[pool-145-thread-1] INFO org.apache.nifi.processors.standard.ControlRate - ControlRate[id=c9090b62-9119-498c-b924-14dd189e9bd7] transferring FlowFile[539,93315051474245.mockFlowFile,13B] to 'success'
[pool-145-thread-1] INFO org.apache.nifi.processors.standard.ControlRate - ControlRate[id=c9090b62-9119-498c-b924-14dd189e9bd7] transferring FlowFile[540,93315051488710.mockFlowFile,13B] to 'success'
[pool-145-thread-1] INFO org.apache.nifi.processors.standard.ControlRate - ControlRate[id=c9090b62-9119-498c-b924-14dd189e9bd7] transferring FlowFile[541,93315051501823.mockFlowFile,13B] to 'success'
[pool-145-thread-1] INFO org.apache.nifi.processors.standard.ControlRate - ControlRate[id=c9090b62-9119-498c-b924-14dd189e9bd7] transferring FlowFile[542,93315051520575.mockFlowFile,13B] to 'success'
[pool-145-thread-1] INFO org.apache.nifi.processors.standard.ControlRate - ControlRate[id=c9090b62-9119-498c-b924-14dd189e9bd7] transferring FlowFile[543,93315051538498.mockFlowFile,13B] to 'success'
[pool-145-thread-1] INFO org.apache.nifi.processors.standard.ControlRate - ControlRate[id=c9090b62-9119-498c-b924-14dd189e9bd7] transferring FlowFile[544,93315051553840.mockFlowFile,13B] to 'success'
[pool-145-thread-1] INFO org.apache.nifi.processors.standard.ControlRate - ControlRate[id=c9090b62-9119-498c-b924-14dd189e9bd7] transferring FlowFile[545,93315051568447.mockFlowFile,13B] to 'success'
[pool-145-thread-1] INFO org.apache.nifi.processors.standard.ControlRate - ControlRate[id=c9090b62-9119-498c-b924-14dd189e9bd7] transferring FlowFile[546,93315051584669.mockFlowFile,13B] to 'success'
[pool-145-thread-1] INFO org.apache.nifi.processors.standard.ControlRate - ControlRate[id=c9090b62-9119-498c-b924-14dd189e9bd7] transferring FlowFile[547,93315051599717.mockFlowFile,13B] to 'success'
[pool-145-thread-1] INFO org.apache.nifi.processors.standard.ControlRate - ControlRate[id=c9090b62-9119-498c-b924-14dd189e9bd7] transferring FlowFile[548,93315051612889.mockFlowFile,13B] to 'success'
[pool-145-thread-1] INFO org.apache.nifi.processors.standard.ControlRate - ControlRate[id=c9090b62-9119-498c-b924-14dd189e9bd7] transferring FlowFile[549,93315051627058.mockFlowFile,13B] to 'success'
[pool-145-thread-1] INFO org.apache.nifi.processors.standard.ControlRate - ControlRate[id=c9090b62-9119-498c-b924-14dd189e9bd7] transferring FlowFile[550,93315051641368.mockFlowFile,13B] to 'success'
[pool-145-thread-1] INFO org.apache.nifi.processors.standard.ControlRate - ControlRate[id=c9090b62-9119-498c-b924-14dd189e9bd7] transferring FlowFile[551,93315051659089.mockFlowFile,13B] to 'success'
[pool-145-thread-1] INFO org.apache.nifi.processors.standard.ControlRate - ControlRate[id=c9090b62-9119-498c-b924-14dd189e9bd7] transferring FlowFile[552,93315051673825.mockFlowFile,13B] to 'success'
[pool-145-thread-1] INFO org.apache.nifi.processors.standard.ControlRate - ControlRate[id=c9090b62-9119-498c-b924-14dd189e9bd7] transferring FlowFile[553,93315051687150.mockFlowFile,13B] to 'success'
[pool-145-thread-1] INFO org.apache.nifi.processors.standard.ControlRate - ControlRate[id=c9090b62-9119-498c-b924-14dd189e9bd7] transferring FlowFile[554,93315051701997.mockFlowFile,13B] to 'success'
[pool-145-thread-1] INFO org.apache.nifi.processors.standard.ControlRate - ControlRate[id=c9090b62-9119-498c-b924-14dd189e9bd7] transferring FlowFile[555,93315051716202.mockFlowFile,13B] to 'success'
[pool-145-thread-1] INFO org.apache.nifi.processors.standard.ControlRate - ControlRate[id=c9090b62-9119-498c-b924-14dd189e9bd7] transferring FlowFile[556,93315051729304.mockFlowFile,13B] to 'success'
[pool-145-thread-1] INFO org.apache.nifi.processors.standard.ControlRate - ControlRate[id=c9090b62-9119-498c-b924-14dd189e9bd7] transferring FlowFile[557,93315051785135.mockFlowFile,13B] to 'success'
[pool-145-thread-1] INFO org.apache.nifi.processors.standard.ControlRate - ControlRate[id=c9090b62-9119-498c-b924-14dd189e9bd7] transferring FlowFile[558,93315051798731.mockFlowFile,13B] to 'success'
[pool-145-thread-1] INFO org.apache.nifi.processors.standard.ControlRate - ControlRate[id=c9090b62-9119-498c-b924-14dd189e9bd7] transferring FlowFile[559,93315051818245.mockFlowFile,13B] to 'success'
[pool-145-thread-1] INFO org.apache.nifi.processors.standard.ControlRate - ControlRate[id=c9090b62-9119-498c-b924-14dd189e9bd7] transferring FlowFile[560,93315051831934.mockFlowFile,13B] to 'success'
[pool-145-thread-1] INFO org.apache.nifi.processors.standard.ControlRate - ControlRate[id=c9090b62-9119-498c-b924-14dd189e9bd7] transferring FlowFile[561,93315051844797.mockFlowFile,13B] to 'success'
[pool-145-thread-1] INFO org.apache.nifi.processors.standard.ControlRate - ControlRate[id=c9090b62-9119-498c-b924-14dd189e9bd7] transferring FlowFile[562,93315051858715.mockFlowFile,13B] to 'success'
[pool-145-thread-1] INFO org.apache.nifi.processors.standard.ControlRate - ControlRate[id=c9090b62-9119-498c-b924-14dd189e9bd7] transferring FlowFile[563,93315051870987.mockFlowFile,13B] to 'success'
[pool-145-thread-1] INFO org.apache.nifi.processors.standard.ControlRate - ControlRate[id=c9090b62-9119-498c-b924-14dd189e9bd7] transferring FlowFile[564,93315051887967.mockFlowFile,13B] to 'success'
[pool-145-thread-1] INFO org.apache.nifi.processors.standard.ControlRate - ControlRate[id=c9090b62-9119-498c-b924-14dd189e9bd7] transferring FlowFile[565,93315051905062.mockFlowFile,13B] to 'success'
[pool-145-thread-1] INFO org.apache.nifi.processors.standard.ControlRate - ControlRate[id=c9090b62-9119-498c-b924-14dd189e9bd7] transferring FlowFile[566,93315051922457.mockFlowFile,13B] to 'success'
[pool-145-thread-1] INFO org.apache.nifi.processors.standard.ControlRate - ControlRate[id=c9090b62-9119-498c-b924-14dd189e9bd7] transferring FlowFile[567,93315051941410.mockFlowFile,13B] to 'success'
[pool-145-thread-1] INFO org.apache.nifi.processors.standard.ControlRate - ControlRate[id=c9090b62-9119-498c-b924-14dd189e9bd7] transferring FlowFile[568,93315051954252.mockFlowFile,13B] to 'success'
[pool-145-thread-1] INFO org.apache.nifi.processors.standard.ControlRate - ControlRate[id=c9090b62-9119-498c-b924-14dd189e9bd7] transferring FlowFile[569,93315051968063.mockFlowFile,13B] to 'success'
[pool-145-thread-1] INFO org.apache.nifi.processors.standard.ControlRate - ControlRate[id=c9090b62-9119-498c-b924-14dd189e9bd7] transferring FlowFile[570,93315051981922.mockFlowFile,13B] to 'success'
[pool-145-thread-1] INFO org.apache.nifi.processors.standard.ControlRate - ControlRate[id=c9090b62-9119-498c-b924-14dd189e9bd7] transferring FlowFile[571,93315051994299.mockFlowFile,13B] to 'success'
[pool-145-thread-1] INFO org.apache.nifi.processors.standard.ControlRate - ControlRate[id=c9090b62-9119-498c-b924-14dd189e9bd7] transferring FlowFile[572,93315052023491.mockFlowFile,13B] to 'success'
[pool-145-thread-1] INFO org.apache.nifi.processors.standard.ControlRate - ControlRate[id=c9090b62-9119-498c-b924-14dd189e9bd7] transferring FlowFile[573,93315052036088.mockFlowFile,13B] to 'success'
[pool-145-thread-1] INFO org.apache.nifi.processors.standard.ControlRate - ControlRate[id=c9090b62-9119-498c-b924-14dd189e9bd7] transferring FlowFile[574,93315052049754.mockFlowFile,13B] to 'success'
[pool-145-thread-1] INFO org.apache.nifi.processors.standard.ControlRate - ControlRate[id=c9090b62-9119-498c-b924-14dd189e9bd7] transferring FlowFile[575,93315052068121.mockFlowFile,13B] to 'success'
[pool-145-thread-1] INFO org.apache.nifi.processors.standard.ControlRate - ControlRate[id=c9090b62-9119-498c-b924-14dd189e9bd7] transferring FlowFile[576,93315052080893.mockFlowFile,13B] to 'success'
[pool-145-thread-1] INFO org.apache.nifi.processors.standard.ControlRate - ControlRate[id=c9090b62-9119-498c-b924-14dd189e9bd7] transferring FlowFile[577,93315052094381.mockFlowFile,13B] to 'success'
[pool-145-thread-1] INFO org.apache.nifi.processors.standard.ControlRate - ControlRate[id=c9090b62-9119-498c-b924-14dd189e9bd7] transferring FlowFile[578,93315052108791.mockFlowFile,13B] to 'success'
[pool-145-thread-1] INFO org.apache.nifi.processors.standard.ControlRate - ControlRate[id=c9090b62-9119-498c-b924-14dd189e9bd7] transferring FlowFile[579,93315052126072.mockFlowFile,13B] to 'success'
[pool-145-thread-1] INFO org.apache.nifi.processors.standard.ControlRate - ControlRate[id=c9090b62-9119-498c-b924-14dd189e9bd7] transferring FlowFile[580,93315052140489.mockFlowFile,13B] to 'success'
[pool-145-thread-1] INFO org.apache.nifi.processors.standard.ControlRate - ControlRate[id=c9090b62-9119-498c-b924-14dd189e9bd7] transferring FlowFile[581,93315052154287.mockFlowFile,13B] to 'success'
[pool-145-thread-1] INFO org.apache.nifi.processors.standard.ControlRate - ControlRate[id=c9090b62-9119-498c-b924-14dd189e9bd7] transferring FlowFile[582,93315052168082.mockFlowFile,13B] to 'success'
[pool-145-thread-1] INFO org.apache.nifi.processors.standard.ControlRate - ControlRate[id=c9090b62-9119-498c-b924-14dd189e9bd7] transferring FlowFile[583,93315052186026.mockFlowFile,13B] to 'success'
[pool-145-thread-1] INFO org.apache.nifi.processors.standard.ControlRate - ControlRate[id=c9090b62-9119-498c-b924-14dd189e9bd7] transferring FlowFile[584,93315052199842.mockFlowFile,13B] to 'success'
[pool-145-thread-1] INFO org.apache.nifi.processors.standard.ControlRate - ControlRate[id=c9090b62-9119-498c-b924-14dd189e9bd7] transferring FlowFile[585,93315052213477.mockFlowFile,13B] to 'success'
[pool-145-thread-1] INFO org.apache.nifi.processors.standard.ControlRate - ControlRate[id=c9090b62-9119-498c-b924-14dd189e9bd7] transferring FlowFile[586,93315052225851.mockFlowFile,13B] to 'success'
[pool-145-thread-1] INFO org.apache.nifi.processors.standard.ControlRate - ControlRate[id=c9090b62-9119-498c-b924-14dd189e9bd7] transferring FlowFile[587,93315052239298.mockFlowFile,13B] to 'success'
[pool-145-thread-1] INFO org.apache.nifi.processors.standard.ControlRate - ControlRate[id=c9090b62-9119-498c-b924-14dd189e9bd7] transferring FlowFile[588,93315052251850.mockFlowFile,13B] to 'success'
[pool-145-thread-1] INFO org.apache.nifi.processors.standard.ControlRate - ControlRate[id=c9090b62-9119-498c-b924-14dd189e9bd7] transferring FlowFile[589,93315052266751.mockFlowFile,13B] to 'success'
[pool-145-thread-1] INFO org.apache.nifi.processors.standard.ControlRate - ControlRate[id=c9090b62-9119-498c-b924-14dd189e9bd7] transferring FlowFile[590,93315052280461.mockFlowFile,13B] to 'success'
[pool-145-thread-1] INFO org.apache.nifi.processors.standard.ControlRate - ControlRate[id=c9090b62-9119-498c-b924-14dd189e9bd7] transferring FlowFile[591,93315052297311.mockFlowFile,13B] to 'success'
[pool-145-thread-1] INFO org.apache.nifi.processors.standard.ControlRate - ControlRate[id=c9090b62-9119-498c-b924-14dd189e9bd7] transferring FlowFile[592,93315052311840.mockFlowFile,13B] to 'success'
[pool-145-thread-1] INFO org.apache.nifi.processors.standard.ControlRate - ControlRate[id=c9090b62-9119-498c-b924-14dd189e9bd7] transferring FlowFile[593,93315052324382.mockFlowFile,13B] to 'success'
[pool-145-thread-1] INFO org.apache.nifi.processors.standard.ControlRate - ControlRate[id=c9090b62-9119-498c-b924-14dd189e9bd7] transferring FlowFile[594,93315052337785.mockFlowFile,13B] to 'success'
[pool-145-thread-1] INFO org.apache.nifi.processors.standard.ControlRate - ControlRate[id=c9090b62-9119-498c-b924-14dd189e9bd7] transferring FlowFile[595,93315052351522.mockFlowFile,13B] to 'success'
[pool-145-thread-1] INFO org.apache.nifi.processors.standard.ControlRate - ControlRate[id=c9090b62-9119-498c-b924-14dd189e9bd7] transferring FlowFile[596,93315052370129.mockFlowFile,13B] to 'success'
[pool-145-thread-1] INFO org.apache.nifi.processors.standard.ControlRate - ControlRate[id=c9090b62-9119-498c-b924-14dd189e9bd7] transferring FlowFile[597,93315052383847.mockFlowFile,13B] to 'success'
[pool-145-thread-1] INFO org.apache.nifi.processors.standard.ControlRate - ControlRate[id=c9090b62-9119-498c-b924-14dd189e9bd7] transferring FlowFile[598,93315052397247.mockFlowFile,13B] to 'success'
[pool-145-thread-1] INFO org.apache.nifi.processors.standard.ControlRate - ControlRate[id=c9090b62-9119-498c-b924-14dd189e9bd7] transferring FlowFile[599,93315052416240.mockFlowFile,13B] to 'success'
[pool-145-thread-1] INFO org.apache.nifi.processors.standard.ControlRate - ControlRate[id=c9090b62-9119-498c-b924-14dd189e9bd7] transferring FlowFile[600,93315052430545.mockFlowFile,13B] to 'success'
[pool-145-thread-1] INFO org.apache.nifi.processors.standard.ControlRate - ControlRate[id=c9090b62-9119-498c-b924-14dd189e9bd7] transferring FlowFile[601,93315052443116.mockFlowFile,13B] to 'success'
[pool-145-thread-1] INFO org.apache.nifi.processors.standard.ControlRate - ControlRate[id=c9090b62-9119-498c-b924-14dd189e9bd7] transferring FlowFile[602,93315052457713.mockFlowFile,13B] to 'success'
[pool-145-thread-1] INFO org.apache.nifi.processors.standard.ControlRate - ControlRate[id=c9090b62-9119-498c-b924-14dd189e9bd7] transferring FlowFile[603,93315052470490.mockFlowFile,13B] to 'success'
[pool-145-thread-1] INFO org.apache.nifi.processors.standard.ControlRate - ControlRate[id=c9090b62-9119-498c-b924-14dd189e9bd7] transferring FlowFile[604,93315052484388.mockFlowFile,13B] to 'success'
[pool-145-thread-1] INFO org.apache.nifi.processors.standard.ControlRate - ControlRate[id=c9090b62-9119-498c-b924-14dd189e9bd7] transferring FlowFile[605,93315052498393.mockFlowFile,13B] to 'success'
[pool-145-thread-1] INFO org.apache.nifi.processors.standard.ControlRate - ControlRate[id=c9090b62-9119-498c-b924-14dd189e9bd7] transferring FlowFile[606,93315052511287.mockFlowFile,13B] to 'success'
[pool-145-thread-1] INFO org.apache.nifi.processors.standard.ControlRate - ControlRate[id=c9090b62-9119-498c-b924-14dd189e9bd7] transferring FlowFile[607,93315052529980.mockFlowFile,13B] to 'success'
[pool-145-thread-1] INFO org.apache.nifi.processors.standard.ControlRate - ControlRate[id=c9090b62-9119-498c-b924-14dd189e9bd7] transferring FlowFile[608,93315052543092.mockFlowFile,13B] to 'success'
[pool-145-thread-1] INFO org.apache.nifi.processors.standard.ControlRate - ControlRate[id=c9090b62-9119-498c-b924-14dd189e9bd7] transferring FlowFile[609,93315052556765.mockFlowFile,13B] to 'success'
[pool-145-thread-1] INFO org.apache.nifi.processors.standard.ControlRate - ControlRate[id=c9090b62-9119-498c-b924-14dd189e9bd7] transferring FlowFile[610,93315052569920.mockFlowFile,13B] to 'success'
[pool-145-thread-1] INFO org.apache.nifi.processors.standard.ControlRate - ControlRate[id=c9090b62-9119-498c-b924-14dd189e9bd7] transferring FlowFile[611,93315052582499.mockFlowFile,13B] to 'success'
[pool-145-thread-1] INFO org.apache.nifi.processors.standard.ControlRate - ControlRate[id=c9090b62-9119-498c-b924-14dd189e9bd7] transferring FlowFile[612,93315052602292.mockFlowFile,13B] to 'success'
[pool-145-thread-1] INFO org.apache.nifi.processors.standard.ControlRate - ControlRate[id=c9090b62-9119-498c-b924-14dd189e9bd7] transferring FlowFile[613,93315052616021.mockFlowFile,13B] to 'success'
[pool-145-thread-1] INFO org.apache.nifi.processors.standard.ControlRate - ControlRate[id=c9090b62-9119-498c-b924-14dd189e9bd7] transferring FlowFile[614,93315052629785.mockFlowFile,13B] to 'success'
[pool-145-thread-1] INFO org.apache.nifi.processors.standard.ControlRate - ControlRate[id=c9090b62-9119-498c-b924-14dd189e9bd7] transferring FlowFile[615,93315052649028.mockFlowFile,13B] to 'success'
[pool-145-thread-1] INFO org.apache.nifi.processors.standard.ControlRate - ControlRate[id=c9090b62-9119-498c-b924-14dd189e9bd7] transferring FlowFile[616,93315052664351.mockFlowFile,13B] to 'success'
[pool-145-thread-1] INFO org.apache.nifi.processors.standard.ControlRate - ControlRate[id=c9090b62-9119-498c-b924-14dd189e9bd7] transferring FlowFile[617,93315052685874.mockFlowFile,13B] to 'success'
[pool-145-thread-1] INFO org.apache.nifi.processors.standard.ControlRate - ControlRate[id=c9090b62-9119-498c-b924-14dd189e9bd7] transferring FlowFile[618,93315052703000.mockFlowFile,13B] to 'success'
[pool-145-thread-1] INFO org.apache.nifi.processors.standard.ControlRate - ControlRate[id=c9090b62-9119-498c-b924-14dd189e9bd7] transferring FlowFile[619,93315052717424.mockFlowFile,13B] to 'success'
[pool-145-thread-1] INFO org.apache.nifi.processors.standard.ControlRate - ControlRate[id=c9090b62-9119-498c-b924-14dd189e9bd7] transferring FlowFile[620,93315052731497.mockFlowFile,13B] to 'success'
[pool-145-thread-1] INFO org.apache.nifi.processors.standard.ControlRate - ControlRate[id=c9090b62-9119-498c-b924-14dd189e9bd7] transferring FlowFile[621,93315052744295.mockFlowFile,13B] to 'success'
[pool-145-thread-1] INFO org.apache.nifi.processors.standard.ControlRate - ControlRate[id=c9090b62-9119-498c-b924-14dd189e9bd7] transferring FlowFile[622,93315052757909.mockFlowFile,13B] to 'success'
[pool-145-thread-1] INFO org.apache.nifi.processors.standard.ControlRate - ControlRate[id=c9090b62-9119-498c-b924-14dd189e9bd7] transferring FlowFile[623,93315052775705.mockFlowFile,13B] to 'success'
[pool-145-thread-1] INFO org.apache.nifi.processors.standard.ControlRate - ControlRate[id=c9090b62-9119-498c-b924-14dd189e9bd7] transferring FlowFile[624,93315052789940.mockFlowFile,13B] to 'success'
[pool-145-thread-1] INFO org.apache.nifi.processors.standard.ControlRate - ControlRate[id=c9090b62-9119-498c-b924-14dd189e9bd7] transferring FlowFile[625,93315052804633.mockFlowFile,13B] to 'success'
[pool-145-thread-1] INFO org.apache.nifi.processors.standard.ControlRate - ControlRate[id=c9090b62-9119-498c-b924-14dd189e9bd7] transferring FlowFile[626,93315052816818.mockFlowFile,13B] to 'success'
[pool-145-thread-1] INFO org.apache.nifi.processors.standard.ControlRate - ControlRate[id=c9090b62-9119-498c-b924-14dd189e9bd7] transferring FlowFile[627,93315052831138.mockFlowFile,13B] to 'success'
[pool-145-thread-1] INFO org.apache.nifi.processors.standard.ControlRate - ControlRate[id=c9090b62-9119-498c-b924-14dd189e9bd7] transferring FlowFile[628,93315052846324.mockFlowFile,13B] to 'success'
[pool-145-thread-1] INFO org.apache.nifi.processors.standard.ControlRate - ControlRate[id=c9090b62-9119-498c-b924-14dd189e9bd7] transferring FlowFile[629,93315052860709.mockFlowFile,13B] to 'success'
[pool-145-thread-1] INFO org.apache.nifi.processors.standard.ControlRate - ControlRate[id=c9090b62-9119-498c-b924-14dd189e9bd7] transferring FlowFile[630,93315052874008.mockFlowFile,13B] to 'success'
[pool-145-thread-1] INFO org.apache.nifi.processors.standard.ControlRate - ControlRate[id=c9090b62-9119-498c-b924-14dd189e9bd7] transferring FlowFile[631,93315052891352.mockFlowFile,13B] to 'success'
[pool-145-thread-1] INFO org.apache.nifi.processors.standard.ControlRate - ControlRate[id=c9090b62-9119-498c-b924-14dd189e9bd7] transferring FlowFile[632,93315052905677.mockFlowFile,13B] to 'success'
[pool-145-thread-1] INFO org.apache.nifi.processors.standard.ControlRate - ControlRate[id=c9090b62-9119-498c-b924-14dd189e9bd7] transferring FlowFile[633,93315052917671.mockFlowFile,13B] to 'success'
[pool-145-thread-1] INFO org.apache.nifi.processors.standard.ControlRate - ControlRate[id=c9090b62-9119-498c-b924-14dd189e9bd7] transferring FlowFile[634,93315052931008.mockFlowFile,13B] to 'success'
[pool-145-thread-1] INFO org.apache.nifi.processors.standard.ControlRate - ControlRate[id=c9090b62-9119-498c-b924-14dd189e9bd7] transferring FlowFile[635,93315052944252.mockFlowFile,13B] to 'success'
[pool-145-thread-1] INFO org.apache.nifi.processors.standard.ControlRate - ControlRate[id=c9090b62-9119-498c-b924-14dd189e9bd7] transferring FlowFile[636,93315052956571.mockFlowFile,13B] to 'success'
[pool-145-thread-1] INFO org.apache.nifi.processors.standard.ControlRate - ControlRate[id=c9090b62-9119-498c-b924-14dd189e9bd7] transferring FlowFile[637,93315052969920.mockFlowFile,13B] to 'success'
[pool-145-thread-1] INFO org.apache.nifi.processors.standard.ControlRate - ControlRate[id=c9090b62-9119-498c-b924-14dd189e9bd7] transferring FlowFile[638,93315052982124.mockFlowFile,13B] to 'success'
[pool-145-thread-1] INFO org.apache.nifi.processors.standard.ControlRate - ControlRate[id=c9090b62-9119-498c-b924-14dd189e9bd7] transferring FlowFile[639,93315053000131.mockFlowFile,13B] to 'success'
[pool-145-thread-1] INFO org.apache.nifi.processors.standard.ControlRate - ControlRate[id=c9090b62-9119-498c-b924-14dd189e9bd7] transferring FlowFile[640,93315053014140.mockFlowFile,13B] to 'success'
[pool-145-thread-1] INFO org.apache.nifi.processors.standard.ControlRate - ControlRate[id=c9090b62-9119-498c-b924-14dd189e9bd7] transferring FlowFile[641,93315053026413.mockFlowFile,13B] to 'success'
[pool-145-thread-1] INFO org.apache.nifi.processors.standard.ControlRate - ControlRate[id=c9090b62-9119-498c-b924-14dd189e9bd7] transferring FlowFile[642,93315053039939.mockFlowFile,13B] to 'success'
[pool-145-thread-1] INFO org.apache.nifi.processors.standard.ControlRate - ControlRate[id=c9090b62-9119-498c-b924-14dd189e9bd7] transferring FlowFile[643,93315053051842.mockFlowFile,13B] to 'success'
[pool-145-thread-1] INFO org.apache.nifi.processors.standard.ControlRate - ControlRate[id=c9090b62-9119-498c-b924-14dd189e9bd7] transferring FlowFile[644,93315053065503.mockFlowFile,13B] to 'success'
[pool-145-thread-1] INFO org.apache.nifi.processors.standard.ControlRate - ControlRate[id=c9090b62-9119-498c-b924-14dd189e9bd7] transferring FlowFile[645,93315053078948.mockFlowFile,13B] to 'success'
[pool-145-thread-1] INFO org.apache.nifi.processors.standard.ControlRate - ControlRate[id=c9090b62-9119-498c-b924-14dd189e9bd7] transferring FlowFile[646,93315053091404.mockFlowFile,13B] to 'success'
[pool-145-thread-1] INFO org.apache.nifi.processors.standard.ControlRate - ControlRate[id=c9090b62-9119-498c-b924-14dd189e9bd7] transferring FlowFile[647,93315053121588.mockFlowFile,13B] to 'success'
[pool-145-thread-1] INFO org.apache.nifi.processors.standard.ControlRate - ControlRate[id=c9090b62-9119-498c-b924-14dd189e9bd7] transferring FlowFile[648,93315053133780.mockFlowFile,13B] to 'success'
[pool-145-thread-1] INFO org.apache.nifi.processors.standard.ControlRate - ControlRate[id=c9090b62-9119-498c-b924-14dd189e9bd7] transferring FlowFile[649,93315053146896.mockFlowFile,13B] to 'success'
[pool-145-thread-1] INFO org.apache.nifi.processors.standard.ControlRate - ControlRate[id=c9090b62-9119-498c-b924-14dd189e9bd7] transferring FlowFile[650,93315053160192.mockFlowFile,13B] to 'success'
[pool-145-thread-1] INFO org.apache.nifi.processors.standard.ControlRate - ControlRate[id=c9090b62-9119-498c-b924-14dd189e9bd7] transferring FlowFile[651,93315053172195.mockFlowFile,13B] to 'success'
[pool-145-thread-1] INFO org.apache.nifi.processors.standard.ControlRate - ControlRate[id=c9090b62-9119-498c-b924-14dd189e9bd7] transferring FlowFile[652,93315053185493.mockFlowFile,13B] to 'success'
[pool-145-thread-1] INFO org.apache.nifi.processors.standard.ControlRate - ControlRate[id=c9090b62-9119-498c-b924-14dd189e9bd7] transferring FlowFile[653,93315053197514.mockFlowFile,13B] to 'success'
[pool-145-thread-1] INFO org.apache.nifi.processors.standard.ControlRate - ControlRate[id=c9090b62-9119-498c-b924-14dd189e9bd7] transferring FlowFile[654,93315053211503.mockFlowFile,13B] to 'success'
[pool-145-thread-1] INFO org.apache.nifi.processors.standard.ControlRate - ControlRate[id=c9090b62-9119-498c-b924-14dd189e9bd7] transferring FlowFile[655,93315053229332.mockFlowFile,13B] to 'success'
[pool-145-thread-1] INFO org.apache.nifi.processors.standard.ControlRate - ControlRate[id=c9090b62-9119-498c-b924-14dd189e9bd7] transferring FlowFile[656,93315053242386.mockFlowFile,13B] to 'success'
[pool-145-thread-1] INFO org.apache.nifi.processors.standard.ControlRate - ControlRate[id=c9090b62-9119-498c-b924-14dd189e9bd7] transferring FlowFile[657,93315053258485.mockFlowFile,13B] to 'success'
[pool-145-thread-1] INFO org.apache.nifi.processors.standard.ControlRate - ControlRate[id=c9090b62-9119-498c-b924-14dd189e9bd7] transferring FlowFile[658,93315053270516.mockFlowFile,13B] to 'success'
[pool-145-thread-1] INFO org.apache.nifi.processors.standard.ControlRate - ControlRate[id=c9090b62-9119-498c-b924-14dd189e9bd7] transferring FlowFile[659,93315053284157.mockFlowFile,13B] to 'success'
[pool-145-thread-1] INFO org.apache.nifi.processors.standard.ControlRate - ControlRate[id=c9090b62-9119-498c-b924-14dd189e9bd7] transferring FlowFile[660,93315053297282.mockFlowFile,13B] to 'success'
[pool-145-thread-1] INFO org.apache.nifi.processors.standard.ControlRate - ControlRate[id=c9090b62-9119-498c-b924-14dd189e9bd7] transferring FlowFile[661,93315053309540.mockFlowFile,13B] to 'success'
[pool-145-thread-1] INFO org.apache.nifi.processors.standard.ControlRate - ControlRate[id=c9090b62-9119-498c-b924-14dd189e9bd7] transferring FlowFile[662,93315053323050.mockFlowFile,13B] to 'success'
[pool-145-thread-1] INFO org.apache.nifi.processors.standard.ControlRate - ControlRate[id=c9090b62-9119-498c-b924-14dd189e9bd7] transferring FlowFile[663,93315053339700.mockFlowFile,13B] to 'success'
[pool-145-thread-1] INFO org.apache.nifi.processors.standard.ControlRate - ControlRate[id=c9090b62-9119-498c-b924-14dd189e9bd7] transferring FlowFile[664,93315053353643.mockFlowFile,13B] to 'success'
[pool-145-thread-1] INFO org.apache.nifi.processors.standard.ControlRate - ControlRate[id=c9090b62-9119-498c-b924-14dd189e9bd7] transferring FlowFile[665,93315053367468.mockFlowFile,13B] to 'success'
[pool-145-thread-1] INFO org.apache.nifi.processors.standard.ControlRate - ControlRate[id=c9090b62-9119-498c-b924-14dd189e9bd7] transferring FlowFile[666,93315053379431.mockFlowFile,13B] to 'success'
[pool-145-thread-1] INFO org.apache.nifi.processors.standard.ControlRate - ControlRate[id=c9090b62-9119-498c-b924-14dd189e9bd7] transferring FlowFile[667,93315053392899.mockFlowFile,13B] to 'success'
[pool-145-thread-1] INFO org.apache.nifi.processors.standard.ControlRate - ControlRate[id=c9090b62-9119-498c-b924-14dd189e9bd7] transferring FlowFile[668,93315053406577.mockFlowFile,13B] to 'success'
[pool-145-thread-1] INFO org.apache.nifi.processors.standard.ControlRate - ControlRate[id=c9090b62-9119-498c-b924-14dd189e9bd7] transferring FlowFile[669,93315053419483.mockFlowFile,13B] to 'success'
[pool-145-thread-1] INFO org.apache.nifi.processors.standard.ControlRate - ControlRate[id=c9090b62-9119-498c-b924-14dd189e9bd7] transferring FlowFile[670,93315053432333.mockFlowFile,13B] to 'success'
[pool-145-thread-1] INFO org.apache.nifi.processors.standard.ControlRate - ControlRate[id=c9090b62-9119-498c-b924-14dd189e9bd7] transferring FlowFile[671,93315053454907.mockFlowFile,13B] to 'success'
[pool-145-thread-1] INFO org.apache.nifi.processors.standard.ControlRate - ControlRate[id=c9090b62-9119-498c-b924-14dd189e9bd7] transferring FlowFile[672,93315053470467.mockFlowFile,13B] to 'success'
[pool-145-thread-1] INFO org.apache.nifi.processors.standard.ControlRate - ControlRate[id=c9090b62-9119-498c-b924-14dd189e9bd7] transferring FlowFile[673,93315053482382.mockFlowFile,13B] to 'success'
[pool-145-thread-1] INFO org.apache.nifi.processors.standard.ControlRate - ControlRate[id=c9090b62-9119-498c-b924-14dd189e9bd7] transferring FlowFile[674,93315053496180.mockFlowFile,13B] to 'success'
[pool-145-thread-1] INFO org.apache.nifi.processors.standard.ControlRate - ControlRate[id=c9090b62-9119-498c-b924-14dd189e9bd7] transferring FlowFile[675,93315053509275.mockFlowFile,13B] to 'success'
[pool-145-thread-1] INFO org.apache.nifi.processors.standard.ControlRate - ControlRate[id=c9090b62-9119-498c-b924-14dd189e9bd7] transferring FlowFile[676,93315053520926.mockFlowFile,13B] to 'success'
[pool-145-thread-1] INFO org.apache.nifi.processors.standard.ControlRate - ControlRate[id=c9090b62-9119-498c-b924-14dd189e9bd7] transferring FlowFile[677,93315053533634.mockFlowFile,13B] to 'success'
[pool-145-thread-1] INFO org.apache.nifi.processors.standard.ControlRate - ControlRate[id=c9090b62-9119-498c-b924-14dd189e9bd7] transferring FlowFile[678,93315053545299.mockFlowFile,13B] to 'success'
[pool-145-thread-1] INFO org.apache.nifi.processors.standard.ControlRate - ControlRate[id=c9090b62-9119-498c-b924-14dd189e9bd7] transferring FlowFile[679,93315053563725.mockFlowFile,13B] to 'success'
[pool-145-thread-1] INFO org.apache.nifi.processors.standard.ControlRate - ControlRate[id=c9090b62-9119-498c-b924-14dd189e9bd7] transferring FlowFile[680,93315053577072.mockFlowFile,13B] to 'success'
[pool-145-thread-1] INFO org.apache.nifi.processors.standard.ControlRate - ControlRate[id=c9090b62-9119-498c-b924-14dd189e9bd7] transferring FlowFile[681,93315053588793.mockFlowFile,13B] to 'success'
[pool-145-thread-1] INFO org.apache.nifi.processors.standard.ControlRate - ControlRate[id=c9090b62-9119-498c-b924-14dd189e9bd7] transferring FlowFile[682,93315053687963.mockFlowFile,13B] to 'success'
[pool-145-thread-1] INFO org.apache.nifi.processors.standard.ControlRate - ControlRate[id=c9090b62-9119-498c-b924-14dd189e9bd7] transferring FlowFile[683,93315053709387.mockFlowFile,13B] to 'success'
[pool-145-thread-1] INFO org.apache.nifi.processors.standard.ControlRate - ControlRate[id=c9090b62-9119-498c-b924-14dd189e9bd7] transferring FlowFile[684,93315053723254.mockFlowFile,13B] to 'success'
[pool-145-thread-1] INFO org.apache.nifi.processors.standard.ControlRate - ControlRate[id=c9090b62-9119-498c-b924-14dd189e9bd7] transferring FlowFile[685,93315053736618.mockFlowFile,13B] to 'success'
[pool-145-thread-1] INFO org.apache.nifi.processors.standard.ControlRate - ControlRate[id=c9090b62-9119-498c-b924-14dd189e9bd7] transferring FlowFile[686,93315053748488.mockFlowFile,13B] to 'success'
[pool-145-thread-1] INFO org.apache.nifi.processors.standard.ControlRate - ControlRate[id=c9090b62-9119-498c-b924-14dd189e9bd7] transferring FlowFile[687,93315053766897.mockFlowFile,13B] to 'success'
[pool-145-thread-1] INFO org.apache.nifi.processors.standard.ControlRate - ControlRate[id=c9090b62-9119-498c-b924-14dd189e9bd7] transferring FlowFile[688,93315053779772.mockFlowFile,13B] to 'success'
[pool-145-thread-1] INFO org.apache.nifi.processors.standard.ControlRate - ControlRate[id=c9090b62-9119-498c-b924-14dd189e9bd7] transferring FlowFile[689,93315053792942.mockFlowFile,13B] to 'success'
[pool-145-thread-1] INFO org.apache.nifi.processors.standard.ControlRate - ControlRate[id=c9090b62-9119-498c-b924-14dd189e9bd7] transferring FlowFile[690,93315053806027.mockFlowFile,13B] to 'success'
[pool-145-thread-1] INFO org.apache.nifi.processors.standard.ControlRate - ControlRate[id=c9090b62-9119-498c-b924-14dd189e9bd7] transferring FlowFile[691,93315053818382.mockFlowFile,13B] to 'success'
[pool-145-thread-1] INFO org.apache.nifi.processors.standard.ControlRate - ControlRate[id=c9090b62-9119-498c-b924-14dd189e9bd7] transferring FlowFile[692,93315053831642.mockFlowFile,13B] to 'success'
[pool-145-thread-1] INFO org.apache.nifi.processors.standard.ControlRate - ControlRate[id=c9090b62-9119-498c-b924-14dd189e9bd7] transferring FlowFile[693,93315053843873.mockFlowFile,13B] to 'success'
[pool-145-thread-1] INFO org.apache.nifi.processors.standard.ControlRate - ControlRate[id=c9090b62-9119-498c-b924-14dd189e9bd7] transferring FlowFile[694,93315053857467.mockFlowFile,13B] to 'success'
[pool-145-thread-1] INFO org.apache.nifi.processors.standard.ControlRate - ControlRate[id=c9090b62-9119-498c-b924-14dd189e9bd7] transferring FlowFile[695,93315053875315.mockFlowFile,13B] to 'success'
[pool-145-thread-1] INFO org.apache.nifi.processors.standard.ControlRate - ControlRate[id=c9090b62-9119-498c-b924-14dd189e9bd7] transferring FlowFile[696,93315053888325.mockFlowFile,13B] to 'success'
[pool-145-thread-1] INFO org.apache.nifi.processors.standard.ControlRate - ControlRate[id=c9090b62-9119-498c-b924-14dd189e9bd7] transferring FlowFile[697,93315053901938.mockFlowFile,13B] to 'success'
[pool-145-thread-1] INFO org.apache.nifi.processors.standard.ControlRate - ControlRate[id=c9090b62-9119-498c-b924-14dd189e9bd7] transferring FlowFile[698,93315053914538.mockFlowFile,13B] to 'success'
[pool-145-thread-1] INFO org.apache.nifi.processors.standard.ControlRate - ControlRate[id=c9090b62-9119-498c-b924-14dd189e9bd7] transferring FlowFile[699,93315053928407.mockFlowFile,13B] to 'success'
[pool-145-thread-1] INFO org.apache.nifi.processors.standard.ControlRate - ControlRate[id=c9090b62-9119-498c-b924-14dd189e9bd7] transferring FlowFile[700,93315053942268.mockFlowFile,13B] to 'success'
[pool-145-thread-1] INFO org.apache.nifi.processors.standard.ControlRate - ControlRate[id=c9090b62-9119-498c-b924-14dd189e9bd7] transferring FlowFile[701,93315053954623.mockFlowFile,13B] to 'success'
[pool-145-thread-1] INFO org.apache.nifi.processors.standard.ControlRate - ControlRate[id=c9090b62-9119-498c-b924-14dd189e9bd7] transferring FlowFile[702,93315053968108.mockFlowFile,13B] to 'success'
[pool-145-thread-1] INFO org.apache.nifi.processors.standard.ControlRate - ControlRate[id=c9090b62-9119-498c-b924-14dd189e9bd7] transferring FlowFile[703,93315053984934.mockFlowFile,13B] to 'success'
[pool-145-thread-1] INFO org.apache.nifi.processors.standard.ControlRate - ControlRate[id=c9090b62-9119-498c-b924-14dd189e9bd7] transferring FlowFile[704,93315053999387.mockFlowFile,13B] to 'success'
[pool-145-thread-1] INFO org.apache.nifi.processors.standard.ControlRate - ControlRate[id=c9090b62-9119-498c-b924-14dd189e9bd7] transferring FlowFile[705,93315054012882.mockFlowFile,13B] to 'success'
[pool-145-thread-1] INFO org.apache.nifi.processors.standard.ControlRate - ControlRate[id=c9090b62-9119-498c-b924-14dd189e9bd7] transferring FlowFile[706,93315054026454.mockFlowFile,13B] to 'success'
[pool-145-thread-1] INFO org.apache.nifi.processors.standard.ControlRate - ControlRate[id=c9090b62-9119-498c-b924-14dd189e9bd7] transferring FlowFile[707,93315054040532.mockFlowFile,13B] to 'success'
[pool-145-thread-1] INFO org.apache.nifi.processors.standard.ControlRate - ControlRate[id=c9090b62-9119-498c-b924-14dd189e9bd7] transferring FlowFile[708,93315054053059.mockFlowFile,13B] to 'success'
[pool-145-thread-1] INFO org.apache.nifi.processors.standard.ControlRate - ControlRate[id=c9090b62-9119-498c-b924-14dd189e9bd7] transferring FlowFile[709,93315054066625.mockFlowFile,13B] to 'success'
[pool-145-thread-1] INFO org.apache.nifi.processors.standard.ControlRate - ControlRate[id=c9090b62-9119-498c-b924-14dd189e9bd7] transferring FlowFile[710,93315054079986.mockFlowFile,13B] to 'success'
[pool-145-thread-1] INFO org.apache.nifi.processors.standard.ControlRate - ControlRate[id=c9090b62-9119-498c-b924-14dd189e9bd7] transferring FlowFile[711,93315054097004.mockFlowFile,13B] to 'success'
[pool-145-thread-1] INFO org.apache.nifi.processors.standard.ControlRate - ControlRate[id=c9090b62-9119-498c-b924-14dd189e9bd7] transferring FlowFile[712,93315054111226.mockFlowFile,13B] to 'success'
[pool-145-thread-1] INFO org.apache.nifi.processors.standard.ControlRate - ControlRate[id=c9090b62-9119-498c-b924-14dd189e9bd7] transferring FlowFile[713,93315054123676.mockFlowFile,13B] to 'success'
[pool-145-thread-1] INFO org.apache.nifi.processors.standard.ControlRate - ControlRate[id=c9090b62-9119-498c-b924-14dd189e9bd7] transferring FlowFile[714,93315054169857.mockFlowFile,13B] to 'success'
[pool-145-thread-1] INFO org.apache.nifi.processors.standard.ControlRate - ControlRate[id=c9090b62-9119-498c-b924-14dd189e9bd7] transferring FlowFile[715,93315054185200.mockFlowFile,13B] to 'success'
[pool-145-thread-1] INFO org.apache.nifi.processors.standard.ControlRate - ControlRate[id=c9090b62-9119-498c-b924-14dd189e9bd7] transferring FlowFile[716,93315054198202.mockFlowFile,13B] to 'success'
[pool-145-thread-1] INFO org.apache.nifi.processors.standard.ControlRate - ControlRate[id=c9090b62-9119-498c-b924-14dd189e9bd7] transferring FlowFile[717,93315054212083.mockFlowFile,13B] to 'success'
[pool-145-thread-1] INFO org.apache.nifi.processors.standard.ControlRate - ControlRate[id=c9090b62-9119-498c-b924-14dd189e9bd7] transferring FlowFile[718,93315054224860.mockFlowFile,13B] to 'success'
[pool-145-thread-1] INFO org.apache.nifi.processors.standard.ControlRate - ControlRate[id=c9090b62-9119-498c-b924-14dd189e9bd7] transferring FlowFile[719,93315054244061.mockFlowFile,13B] to 'success'
[pool-145-thread-1] INFO org.apache.nifi.processors.standard.ControlRate - ControlRate[id=c9090b62-9119-498c-b924-14dd189e9bd7] transferring FlowFile[720,93315054258464.mockFlowFile,13B] to 'success'
[pool-145-thread-1] INFO org.apache.nifi.processors.standard.ControlRate - ControlRate[id=c9090b62-9119-498c-b924-14dd189e9bd7] transferring FlowFile[721,93315054306109.mockFlowFile,13B] to 'success'
[pool-145-thread-1] INFO org.apache.nifi.processors.standard.ControlRate - ControlRate[id=c9090b62-9119-498c-b924-14dd189e9bd7] transferring FlowFile[722,93315054327994.mockFlowFile,13B] to 'success'
[pool-145-thread-1] INFO org.apache.nifi.processors.standard.ControlRate - ControlRate[id=c9090b62-9119-498c-b924-14dd189e9bd7] transferring FlowFile[723,93315054341429.mockFlowFile,13B] to 'success'
[pool-145-thread-1] INFO org.apache.nifi.processors.standard.ControlRate - ControlRate[id=c9090b62-9119-498c-b924-14dd189e9bd7] transferring FlowFile[724,93315054355052.mockFlowFile,13B] to 'success'
[pool-145-thread-1] INFO org.apache.nifi.processors.standard.ControlRate - ControlRate[id=c9090b62-9119-498c-b924-14dd189e9bd7] transferring FlowFile[725,93315054368611.mockFlowFile,13B] to 'success'
[pool-145-thread-1] INFO org.apache.nifi.processors.standard.ControlRate - ControlRate[id=c9090b62-9119-498c-b924-14dd189e9bd7] transferring FlowFile[726,93315054381229.mockFlowFile,13B] to 'success'
[pool-145-thread-1] INFO org.apache.nifi.processors.standard.ControlRate - ControlRate[id=c9090b62-9119-498c-b924-14dd189e9bd7] transferring FlowFile[727,93315054400174.mockFlowFile,13B] to 'success'
[pool-145-thread-1] INFO org.apache.nifi.processors.standard.ControlRate - ControlRate[id=c9090b62-9119-498c-b924-14dd189e9bd7] transferring FlowFile[728,93315054412782.mockFlowFile,13B] to 'success'
[pool-145-thread-1] INFO org.apache.nifi.processors.standard.ControlRate - ControlRate[id=c9090b62-9119-498c-b924-14dd189e9bd7] transferring FlowFile[729,93315054426171.mockFlowFile,13B] to 'success'
[pool-145-thread-1] INFO org.apache.nifi.processors.standard.ControlRate - ControlRate[id=c9090b62-9119-498c-b924-14dd189e9bd7] transferring FlowFile[730,93315054440739.mockFlowFile,13B] to 'success'
[pool-145-thread-1] INFO org.apache.nifi.processors.standard.ControlRate - ControlRate[id=c9090b62-9119-498c-b924-14dd189e9bd7] transferring FlowFile[731,93315054453134.mockFlowFile,13B] to 'success'
[pool-145-thread-1] INFO org.apache.nifi.processors.standard.ControlRate - ControlRate[id=c9090b62-9119-498c-b924-14dd189e9bd7] transferring FlowFile[732,93315054466652.mockFlowFile,13B] to 'success'
[pool-145-thread-1] INFO org.apache.nifi.processors.standard.ControlRate - ControlRate[id=c9090b62-9119-498c-b924-14dd189e9bd7] transferring FlowFile[733,93315054478857.mockFlowFile,13B] to 'success'
[pool-145-thread-1] INFO org.apache.nifi.processors.standard.ControlRate - ControlRate[id=c9090b62-9119-498c-b924-14dd189e9bd7] transferring FlowFile[734,93315054492554.mockFlowFile,13B] to 'success'
[pool-145-thread-1] INFO org.apache.nifi.processors.standard.ControlRate - ControlRate[id=c9090b62-9119-498c-b924-14dd189e9bd7] transferring FlowFile[735,93315054510557.mockFlowFile,13B] to 'success'
[pool-145-thread-1] INFO org.apache.nifi.processors.standard.ControlRate - ControlRate[id=c9090b62-9119-498c-b924-14dd189e9bd7] transferring FlowFile[736,93315054523082.mockFlowFile,13B] to 'success'
[pool-145-thread-1] INFO org.apache.nifi.processors.standard.ControlRate - ControlRate[id=c9090b62-9119-498c-b924-14dd189e9bd7] transferring FlowFile[737,93315054536033.mockFlowFile,13B] to 'success'
[pool-145-thread-1] INFO org.apache.nifi.processors.standard.ControlRate - ControlRate[id=c9090b62-9119-498c-b924-14dd189e9bd7] transferring FlowFile[738,93315054548129.mockFlowFile,13B] to 'success'
[pool-145-thread-1] INFO org.apache.nifi.processors.standard.ControlRate - ControlRate[id=c9090b62-9119-498c-b924-14dd189e9bd7] transferring FlowFile[739,93315054561662.mockFlowFile,13B] to 'success'
[pool-145-thread-1] INFO org.apache.nifi.processors.standard.ControlRate - ControlRate[id=c9090b62-9119-498c-b924-14dd189e9bd7] transferring FlowFile[740,93315054574814.mockFlowFile,13B] to 'success'
[pool-145-thread-1] INFO org.apache.nifi.processors.standard.ControlRate - ControlRate[id=c9090b62-9119-498c-b924-14dd189e9bd7] transferring FlowFile[741,93315054587860.mockFlowFile,13B] to 'success'
[pool-145-thread-1] INFO org.apache.nifi.processors.standard.ControlRate - ControlRate[id=c9090b62-9119-498c-b924-14dd189e9bd7] transferring FlowFile[742,93315054601587.mockFlowFile,13B] to 'success'
[pool-145-thread-1] INFO org.apache.nifi.processors.standard.ControlRate - ControlRate[id=c9090b62-9119-498c-b924-14dd189e9bd7] transferring FlowFile[743,93315054618235.mockFlowFile,13B] to 'success'
[pool-145-thread-1] INFO org.apache.nifi.processors.standard.ControlRate - ControlRate[id=c9090b62-9119-498c-b924-14dd189e9bd7] transferring FlowFile[744,93315054667786.mockFlowFile,13B] to 'success'
[pool-145-thread-1] INFO org.apache.nifi.processors.standard.ControlRate - ControlRate[id=c9090b62-9119-498c-b924-14dd189e9bd7] transferring FlowFile[745,93315054706459.mockFlowFile,13B] to 'success'
[pool-145-thread-1] INFO org.apache.nifi.processors.standard.ControlRate - ControlRate[id=c9090b62-9119-498c-b924-14dd189e9bd7] transferring FlowFile[746,93315054726930.mockFlowFile,13B] to 'success'
[pool-145-thread-1] INFO org.apache.nifi.processors.standard.ControlRate - ControlRate[id=c9090b62-9119-498c-b924-14dd189e9bd7] transferring FlowFile[747,93315054745280.mockFlowFile,13B] to 'success'
[pool-145-thread-1] INFO org.apache.nifi.processors.standard.ControlRate - ControlRate[id=c9090b62-9119-498c-b924-14dd189e9bd7] transferring FlowFile[748,93315054758476.mockFlowFile,13B] to 'success'
[pool-145-thread-1] INFO org.apache.nifi.processors.standard.ControlRate - ControlRate[id=c9090b62-9119-498c-b924-14dd189e9bd7] transferring FlowFile[749,93315054772379.mockFlowFile,13B] to 'success'
[pool-145-thread-1] INFO org.apache.nifi.processors.standard.ControlRate - ControlRate[id=c9090b62-9119-498c-b924-14dd189e9bd7] transferring FlowFile[750,93315054785848.mockFlowFile,13B] to 'success'
[pool-145-thread-1] INFO org.apache.nifi.processors.standard.ControlRate - ControlRate[id=c9090b62-9119-498c-b924-14dd189e9bd7] transferring FlowFile[751,93315054803909.mockFlowFile,13B] to 'success'
[pool-145-thread-1] INFO org.apache.nifi.processors.standard.ControlRate - ControlRate[id=c9090b62-9119-498c-b924-14dd189e9bd7] transferring FlowFile[752,93315054820549.mockFlowFile,13B] to 'success'
[pool-145-thread-1] INFO org.apache.nifi.processors.standard.ControlRate - ControlRate[id=c9090b62-9119-498c-b924-14dd189e9bd7] transferring FlowFile[753,93315054834932.mockFlowFile,13B] to 'success'
[pool-145-thread-1] INFO org.apache.nifi.processors.standard.ControlRate - ControlRate[id=c9090b62-9119-498c-b924-14dd189e9bd7] transferring FlowFile[754,93315054848461.mockFlowFile,13B] to 'success'
[pool-145-thread-1] INFO org.apache.nifi.processors.standard.ControlRate - ControlRate[id=c9090b62-9119-498c-b924-14dd189e9bd7] transferring FlowFile[755,93315054861946.mockFlowFile,13B] to 'success'
[pool-145-thread-1] INFO org.apache.nifi.processors.standard.ControlRate - ControlRate[id=c9090b62-9119-498c-b924-14dd189e9bd7] transferring FlowFile[756,93315054876725.mockFlowFile,13B] to 'success'
[pool-145-thread-1] INFO org.apache.nifi.processors.standard.ControlRate - ControlRate[id=c9090b62-9119-498c-b924-14dd189e9bd7] transferring FlowFile[757,93315054892540.mockFlowFile,13B] to 'success'
[pool-145-thread-1] INFO org.apache.nifi.processors.standard.ControlRate - ControlRate[id=c9090b62-9119-498c-b924-14dd189e9bd7] transferring FlowFile[758,93315054905294.mockFlowFile,13B] to 'success'
[pool-145-thread-1] INFO org.apache.nifi.processors.standard.ControlRate - ControlRate[id=c9090b62-9119-498c-b924-14dd189e9bd7] transferring FlowFile[759,93315054931011.mockFlowFile,13B] to 'success'
[pool-145-thread-1] INFO org.apache.nifi.processors.standard.ControlRate - ControlRate[id=c9090b62-9119-498c-b924-14dd189e9bd7] transferring FlowFile[760,93315054951444.mockFlowFile,13B] to 'success'
[pool-145-thread-1] INFO org.apache.nifi.processors.standard.ControlRate - ControlRate[id=c9090b62-9119-498c-b924-14dd189e9bd7] transferring FlowFile[761,93315054964076.mockFlowFile,13B] to 'success'
[pool-145-thread-1] INFO org.apache.nifi.processors.standard.ControlRate - ControlRate[id=c9090b62-9119-498c-b924-14dd189e9bd7] transferring FlowFile[762,93315054978017.mockFlowFile,13B] to 'success'
[pool-145-thread-1] INFO org.apache.nifi.processors.standard.ControlRate - ControlRate[id=c9090b62-9119-498c-b924-14dd189e9bd7] transferring FlowFile[763,93315054990458.mockFlowFile,13B] to 'success'
[pool-145-thread-1] INFO org.apache.nifi.processors.standard.ControlRate - ControlRate[id=c9090b62-9119-498c-b924-14dd189e9bd7] transferring FlowFile[764,93315055004173.mockFlowFile,13B] to 'success'
[pool-145-thread-1] INFO org.apache.nifi.processors.standard.ControlRate - ControlRate[id=c9090b62-9119-498c-b924-14dd189e9bd7] transferring FlowFile[765,93315055017990.mockFlowFile,13B] to 'success'
[pool-145-thread-1] INFO org.apache.nifi.processors.standard.ControlRate - ControlRate[id=c9090b62-9119-498c-b924-14dd189e9bd7] transferring FlowFile[766,93315055030767.mockFlowFile,13B] to 'success'
[pool-145-thread-1] INFO org.apache.nifi.processors.standard.ControlRate - ControlRate[id=c9090b62-9119-498c-b924-14dd189e9bd7] transferring FlowFile[767,93315055059269.mockFlowFile,13B] to 'success'
[pool-145-thread-1] INFO org.apache.nifi.processors.standard.ControlRate - ControlRate[id=c9090b62-9119-498c-b924-14dd189e9bd7] transferring FlowFile[768,93315055072305.mockFlowFile,13B] to 'success'
[pool-145-thread-1] INFO org.apache.nifi.processors.standard.ControlRate - ControlRate[id=c9090b62-9119-498c-b924-14dd189e9bd7] transferring FlowFile[769,93315055086623.mockFlowFile,13B] to 'success'
[pool-145-thread-1] INFO org.apache.nifi.processors.standard.ControlRate - ControlRate[id=c9090b62-9119-498c-b924-14dd189e9bd7] transferring FlowFile[770,93315055100289.mockFlowFile,13B] to 'success'
[pool-145-thread-1] INFO org.apache.nifi.processors.standard.ControlRate - ControlRate[id=c9090b62-9119-498c-b924-14dd189e9bd7] transferring FlowFile[771,93315055112580.mockFlowFile,13B] to 'success'
[pool-145-thread-1] INFO org.apache.nifi.processors.standard.ControlRate - ControlRate[id=c9090b62-9119-498c-b924-14dd189e9bd7] transferring FlowFile[772,93315055125721.mockFlowFile,13B] to 'success'
[pool-145-thread-1] INFO org.apache.nifi.processors.standard.ControlRate - ControlRate[id=c9090b62-9119-498c-b924-14dd189e9bd7] transferring FlowFile[773,93315055137839.mockFlowFile,13B] to 'success'
[pool-145-thread-1] INFO org.apache.nifi.processors.standard.ControlRate - ControlRate[id=c9090b62-9119-498c-b924-14dd189e9bd7] transferring FlowFile[774,93315055151250.mockFlowFile,13B] to 'success'
[pool-145-thread-1] INFO org.apache.nifi.processors.standard.ControlRate - ControlRate[id=c9090b62-9119-498c-b924-14dd189e9bd7] transferring FlowFile[775,93315055169579.mockFlowFile,13B] to 'success'
[pool-145-thread-1] INFO org.apache.nifi.processors.standard.ControlRate - ControlRate[id=c9090b62-9119-498c-b924-14dd189e9bd7] transferring FlowFile[776,93315055182583.mockFlowFile,13B] to 'success'
[pool-145-thread-1] INFO org.apache.nifi.processors.standard.ControlRate - ControlRate[id=c9090b62-9119-498c-b924-14dd189e9bd7] transferring FlowFile[777,93315055196129.mockFlowFile,13B] to 'success'
[pool-145-thread-1] INFO org.apache.nifi.processors.standard.ControlRate - ControlRate[id=c9090b62-9119-498c-b924-14dd189e9bd7] transferring FlowFile[778,93315055208517.mockFlowFile,13B] to 'success'
[pool-145-thread-1] INFO org.apache.nifi.processors.standard.ControlRate - ControlRate[id=c9090b62-9119-498c-b924-14dd189e9bd7] transferring FlowFile[779,93315055222168.mockFlowFile,13B] to 'success'
[pool-145-thread-1] INFO org.apache.nifi.processors.standard.ControlRate - ControlRate[id=c9090b62-9119-498c-b924-14dd189e9bd7] transferring FlowFile[780,93315055235565.mockFlowFile,13B] to 'success'
[pool-145-thread-1] INFO org.apache.nifi.processors.standard.ControlRate - ControlRate[id=c9090b62-9119-498c-b924-14dd189e9bd7] transferring FlowFile[781,93315055247973.mockFlowFile,13B] to 'success'
[pool-145-thread-1] INFO org.apache.nifi.processors.standard.ControlRate - ControlRate[id=c9090b62-9119-498c-b924-14dd189e9bd7] transferring FlowFile[782,93315055286656.mockFlowFile,13B] to 'success'
[pool-145-thread-1] INFO org.apache.nifi.processors.standard.ControlRate - ControlRate[id=c9090b62-9119-498c-b924-14dd189e9bd7] transferring FlowFile[783,93315055311003.mockFlowFile,13B] to 'success'
[pool-145-thread-1] INFO org.apache.nifi.processors.standard.ControlRate - ControlRate[id=c9090b62-9119-498c-b924-14dd189e9bd7] transferring FlowFile[784,93315055325533.mockFlowFile,13B] to 'success'
[pool-145-thread-1] INFO org.apache.nifi.processors.standard.ControlRate - ControlRate[id=c9090b62-9119-498c-b924-14dd189e9bd7] transferring FlowFile[785,93315055339394.mockFlowFile,13B] to 'success'
[pool-145-thread-1] INFO org.apache.nifi.processors.standard.ControlRate - ControlRate[id=c9090b62-9119-498c-b924-14dd189e9bd7] transferring FlowFile[786,93315055352216.mockFlowFile,13B] to 'success'
[pool-145-thread-1] INFO org.apache.nifi.processors.standard.ControlRate - ControlRate[id=c9090b62-9119-498c-b924-14dd189e9bd7] transferring FlowFile[787,93315055378361.mockFlowFile,13B] to 'success'
[pool-145-thread-1] INFO org.apache.nifi.processors.standard.ControlRate - ControlRate[id=c9090b62-9119-498c-b924-14dd189e9bd7] transferring FlowFile[788,93315055397143.mockFlowFile,13B] to 'success'
[pool-145-thread-1] INFO org.apache.nifi.processors.standard.ControlRate - ControlRate[id=c9090b62-9119-498c-b924-14dd189e9bd7] transferring FlowFile[789,93315055411030.mockFlowFile,13B] to 'success'
[pool-145-thread-1] INFO org.apache.nifi.processors.standard.ControlRate - ControlRate[id=c9090b62-9119-498c-b924-14dd189e9bd7] transferring FlowFile[790,93315055424418.mockFlowFile,13B] to 'success'
[pool-145-thread-1] INFO org.apache.nifi.processors.standard.ControlRate - ControlRate[id=c9090b62-9119-498c-b924-14dd189e9bd7] transferring FlowFile[791,93315055451073.mockFlowFile,13B] to 'success'
[pool-145-thread-1] INFO org.apache.nifi.processors.standard.ControlRate - ControlRate[id=c9090b62-9119-498c-b924-14dd189e9bd7] transferring FlowFile[792,93315055466404.mockFlowFile,13B] to 'success'
[pool-145-thread-1] INFO org.apache.nifi.processors.standard.ControlRate - ControlRate[id=c9090b62-9119-498c-b924-14dd189e9bd7] transferring FlowFile[793,93315055479255.mockFlowFile,13B] to 'success'
[pool-145-thread-1] INFO org.apache.nifi.processors.standard.ControlRate - ControlRate[id=c9090b62-9119-498c-b924-14dd189e9bd7] transferring FlowFile[794,93315055492964.mockFlowFile,13B] to 'success'
[pool-145-thread-1] INFO org.apache.nifi.processors.standard.ControlRate - ControlRate[id=c9090b62-9119-498c-b924-14dd189e9bd7] transferring FlowFile[795,93315055506734.mockFlowFile,13B] to 'success'
[pool-145-thread-1] INFO org.apache.nifi.processors.standard.ControlRate - ControlRate[id=c9090b62-9119-498c-b924-14dd189e9bd7] transferring FlowFile[796,93315055519517.mockFlowFile,13B] to 'success'
[pool-145-thread-1] INFO org.apache.nifi.processors.standard.ControlRate - ControlRate[id=c9090b62-9119-498c-b924-14dd189e9bd7] transferring FlowFile[797,93315055534886.mockFlowFile,13B] to 'success'
[pool-145-thread-1] INFO org.apache.nifi.processors.standard.ControlRate - ControlRate[id=c9090b62-9119-498c-b924-14dd189e9bd7] transferring FlowFile[798,93315055547839.mockFlowFile,13B] to 'success'
[pool-145-thread-1] INFO org.apache.nifi.processors.standard.ControlRate - ControlRate[id=c9090b62-9119-498c-b924-14dd189e9bd7] transferring FlowFile[799,93315055566569.mockFlowFile,13B] to 'success'
[pool-145-thread-1] INFO org.apache.nifi.processors.standard.ControlRate - ControlRate[id=c9090b62-9119-498c-b924-14dd189e9bd7] transferring FlowFile[800,93315055581347.mockFlowFile,13B] to 'success'
[pool-145-thread-1] INFO org.apache.nifi.processors.standard.ControlRate - ControlRate[id=c9090b62-9119-498c-b924-14dd189e9bd7] transferring FlowFile[801,93315055594115.mockFlowFile,13B] to 'success'
[pool-145-thread-1] INFO org.apache.nifi.processors.standard.ControlRate - ControlRate[id=c9090b62-9119-498c-b924-14dd189e9bd7] transferring FlowFile[802,93315055609188.mockFlowFile,13B] to 'success'
[pool-145-thread-1] INFO org.apache.nifi.processors.standard.ControlRate - ControlRate[id=c9090b62-9119-498c-b924-14dd189e9bd7] transferring FlowFile[803,93315055621967.mockFlowFile,13B] to 'success'
[pool-145-thread-1] INFO org.apache.nifi.processors.standard.ControlRate - ControlRate[id=c9090b62-9119-498c-b924-14dd189e9bd7] transferring FlowFile[804,93315055635957.mockFlowFile,13B] to 'success'
[pool-145-thread-1] INFO org.apache.nifi.processors.standard.ControlRate - ControlRate[id=c9090b62-9119-498c-b924-14dd189e9bd7] transferring FlowFile[805,93315055658687.mockFlowFile,13B] to 'success'
[pool-145-thread-1] INFO org.apache.nifi.processors.standard.ControlRate - ControlRate[id=c9090b62-9119-498c-b924-14dd189e9bd7] transferring FlowFile[806,93315055673599.mockFlowFile,13B] to 'success'
[pool-145-thread-1] INFO org.apache.nifi.processors.standard.ControlRate - ControlRate[id=c9090b62-9119-498c-b924-14dd189e9bd7] transferring FlowFile[807,93315055692465.mockFlowFile,13B] to 'success'
[pool-145-thread-1] INFO org.apache.nifi.processors.standard.ControlRate - ControlRate[id=c9090b62-9119-498c-b924-14dd189e9bd7] transferring FlowFile[808,93315055706126.mockFlowFile,13B] to 'success'
[pool-145-thread-1] INFO org.apache.nifi.processors.standard.ControlRate - ControlRate[id=c9090b62-9119-498c-b924-14dd189e9bd7] transferring FlowFile[809,93315055720609.mockFlowFile,13B] to 'success'
[pool-145-thread-1] INFO org.apache.nifi.processors.standard.ControlRate - ControlRate[id=c9090b62-9119-498c-b924-14dd189e9bd7] transferring FlowFile[810,93315055734660.mockFlowFile,13B] to 'success'
[pool-145-thread-1] INFO org.apache.nifi.processors.standard.ControlRate - ControlRate[id=c9090b62-9119-498c-b924-14dd189e9bd7] transferring FlowFile[811,93315055747473.mockFlowFile,13B] to 'success'
[pool-145-thread-1] INFO org.apache.nifi.processors.standard.ControlRate - ControlRate[id=c9090b62-9119-498c-b924-14dd189e9bd7] transferring FlowFile[812,93315055762116.mockFlowFile,13B] to 'success'
[pool-145-thread-1] INFO org.apache.nifi.processors.standard.ControlRate - ControlRate[id=c9090b62-9119-498c-b924-14dd189e9bd7] transferring FlowFile[813,93315055774717.mockFlowFile,13B] to 'success'
[pool-145-thread-1] INFO org.apache.nifi.processors.standard.ControlRate - ControlRate[id=c9090b62-9119-498c-b924-14dd189e9bd7] transferring FlowFile[814,93315055788652.mockFlowFile,13B] to 'success'
[pool-145-thread-1] INFO org.apache.nifi.processors.standard.ControlRate - ControlRate[id=c9090b62-9119-498c-b924-14dd189e9bd7] transferring FlowFile[815,93315055807368.mockFlowFile,13B] to 'success'
[pool-145-thread-1] INFO org.apache.nifi.processors.standard.ControlRate - ControlRate[id=c9090b62-9119-498c-b924-14dd189e9bd7] transferring FlowFile[816,93315055829868.mockFlowFile,13B] to 'success'
[pool-145-thread-1] INFO org.apache.nifi.processors.standard.ControlRate - ControlRate[id=c9090b62-9119-498c-b924-14dd189e9bd7] transferring FlowFile[817,93315055844424.mockFlowFile,13B] to 'success'
[pool-145-thread-1] INFO org.apache.nifi.processors.standard.ControlRate - ControlRate[id=c9090b62-9119-498c-b924-14dd189e9bd7] transferring FlowFile[818,93315055857332.mockFlowFile,13B] to 'success'
[pool-145-thread-1] INFO org.apache.nifi.processors.standard.ControlRate - ControlRate[id=c9090b62-9119-498c-b924-14dd189e9bd7] transferring FlowFile[819,93315055871794.mockFlowFile,13B] to 'success'
[pool-145-thread-1] INFO org.apache.nifi.processors.standard.ControlRate - ControlRate[id=c9090b62-9119-498c-b924-14dd189e9bd7] transferring FlowFile[820,93315055887808.mockFlowFile,13B] to 'success'
[pool-145-thread-1] INFO org.apache.nifi.processors.standard.ControlRate - ControlRate[id=c9090b62-9119-498c-b924-14dd189e9bd7] transferring FlowFile[821,93315055901077.mockFlowFile,13B] to 'success'
[pool-145-thread-1] INFO org.apache.nifi.processors.standard.ControlRate - ControlRate[id=c9090b62-9119-498c-b924-14dd189e9bd7] transferring FlowFile[822,93315055915518.mockFlowFile,13B] to 'success'
[pool-145-thread-1] INFO org.apache.nifi.processors.standard.ControlRate - ControlRate[id=c9090b62-9119-498c-b924-14dd189e9bd7] transferring FlowFile[823,93315055933442.mockFlowFile,13B] to 'success'
[pool-145-thread-1] INFO org.apache.nifi.processors.standard.ControlRate - ControlRate[id=c9090b62-9119-498c-b924-14dd189e9bd7] transferring FlowFile[824,93315055947742.mockFlowFile,13B] to 'success'
[pool-145-thread-1] INFO org.apache.nifi.processors.standard.ControlRate - ControlRate[id=c9090b62-9119-498c-b924-14dd189e9bd7] transferring FlowFile[825,93315055961462.mockFlowFile,13B] to 'success'
[pool-145-thread-1] INFO org.apache.nifi.processors.standard.ControlRate - ControlRate[id=c9090b62-9119-498c-b924-14dd189e9bd7] transferring FlowFile[826,93315055978454.mockFlowFile,13B] to 'success'
[pool-145-thread-1] INFO org.apache.nifi.processors.standard.ControlRate - ControlRate[id=c9090b62-9119-498c-b924-14dd189e9bd7] transferring FlowFile[827,93315055993273.mockFlowFile,13B] to 'success'
[pool-145-thread-1] INFO org.apache.nifi.processors.standard.ControlRate - ControlRate[id=c9090b62-9119-498c-b924-14dd189e9bd7] transferring FlowFile[828,93315056018090.mockFlowFile,13B] to 'success'
[pool-145-thread-1] INFO org.apache.nifi.processors.standard.ControlRate - ControlRate[id=c9090b62-9119-498c-b924-14dd189e9bd7] transferring FlowFile[829,93315056032366.mockFlowFile,13B] to 'success'
[pool-145-thread-1] INFO org.apache.nifi.processors.standard.ControlRate - ControlRate[id=c9090b62-9119-498c-b924-14dd189e9bd7] transferring FlowFile[830,93315056046167.mockFlowFile,13B] to 'success'
[pool-145-thread-1] INFO org.apache.nifi.processors.standard.ControlRate - ControlRate[id=c9090b62-9119-498c-b924-14dd189e9bd7] transferring FlowFile[831,93315056063453.mockFlowFile,13B] to 'success'
[pool-145-thread-1] INFO org.apache.nifi.processors.standard.ControlRate - ControlRate[id=c9090b62-9119-498c-b924-14dd189e9bd7] transferring FlowFile[832,93315056077442.mockFlowFile,13B] to 'success'
[pool-145-thread-1] INFO org.apache.nifi.processors.standard.ControlRate - ControlRate[id=c9090b62-9119-498c-b924-14dd189e9bd7] transferring FlowFile[833,93315056089849.mockFlowFile,13B] to 'success'
[pool-145-thread-1] INFO org.apache.nifi.processors.standard.ControlRate - ControlRate[id=c9090b62-9119-498c-b924-14dd189e9bd7] transferring FlowFile[834,93315056105960.mockFlowFile,13B] to 'success'
[pool-145-thread-1] INFO org.apache.nifi.processors.standard.ControlRate - ControlRate[id=c9090b62-9119-498c-b924-14dd189e9bd7] transferring FlowFile[835,93315056130876.mockFlowFile,13B] to 'success'
[pool-145-thread-1] INFO org.apache.nifi.processors.standard.ControlRate - ControlRate[id=c9090b62-9119-498c-b924-14dd189e9bd7] transferring FlowFile[836,93315056143793.mockFlowFile,13B] to 'success'
[pool-145-thread-1] INFO org.apache.nifi.processors.standard.ControlRate - ControlRate[id=c9090b62-9119-498c-b924-14dd189e9bd7] transferring FlowFile[837,93315056157443.mockFlowFile,13B] to 'success'
[pool-145-thread-1] INFO org.apache.nifi.processors.standard.ControlRate - ControlRate[id=c9090b62-9119-498c-b924-14dd189e9bd7] transferring FlowFile[838,93315056169812.mockFlowFile,13B] to 'success'
[pool-145-thread-1] INFO org.apache.nifi.processors.standard.ControlRate - ControlRate[id=c9090b62-9119-498c-b924-14dd189e9bd7] transferring FlowFile[839,93315056187555.mockFlowFile,13B] to 'success'
[pool-145-thread-1] INFO org.apache.nifi.processors.standard.ControlRate - ControlRate[id=c9090b62-9119-498c-b924-14dd189e9bd7] transferring FlowFile[840,93315056210586.mockFlowFile,13B] to 'success'
[pool-145-thread-1] INFO org.apache.nifi.processors.standard.ControlRate - ControlRate[id=c9090b62-9119-498c-b924-14dd189e9bd7] transferring FlowFile[841,93315056222922.mockFlowFile,13B] to 'success'
[pool-145-thread-1] INFO org.apache.nifi.processors.standard.ControlRate - ControlRate[id=c9090b62-9119-498c-b924-14dd189e9bd7] transferring FlowFile[842,93315056236064.mockFlowFile,13B] to 'success'
[pool-145-thread-1] INFO org.apache.nifi.processors.standard.ControlRate - ControlRate[id=c9090b62-9119-498c-b924-14dd189e9bd7] transferring FlowFile[843,93315056248042.mockFlowFile,13B] to 'success'
[pool-145-thread-1] INFO org.apache.nifi.processors.standard.ControlRate - ControlRate[id=c9090b62-9119-498c-b924-14dd189e9bd7] transferring FlowFile[844,93315056261527.mockFlowFile,13B] to 'success'
[pool-145-thread-1] INFO org.apache.nifi.processors.standard.ControlRate - ControlRate[id=c9090b62-9119-498c-b924-14dd189e9bd7] transferring FlowFile[845,93315056274928.mockFlowFile,13B] to 'success'
[pool-145-thread-1] INFO org.apache.nifi.processors.standard.ControlRate - ControlRate[id=c9090b62-9119-498c-b924-14dd189e9bd7] transferring FlowFile[846,93315056287176.mockFlowFile,13B] to 'success'
[pool-145-thread-1] INFO org.apache.nifi.processors.standard.ControlRate - ControlRate[id=c9090b62-9119-498c-b924-14dd189e9bd7] transferring FlowFile[847,93315056304978.mockFlowFile,13B] to 'success'
[pool-145-thread-1] INFO org.apache.nifi.processors.standard.ControlRate - ControlRate[id=c9090b62-9119-498c-b924-14dd189e9bd7] transferring FlowFile[848,93315056317506.mockFlowFile,13B] to 'success'
[pool-145-thread-1] INFO org.apache.nifi.processors.standard.ControlRate - ControlRate[id=c9090b62-9119-498c-b924-14dd189e9bd7] transferring FlowFile[849,93315056330848.mockFlowFile,13B] to 'success'
[pool-145-thread-1] INFO org.apache.nifi.processors.standard.ControlRate - ControlRate[id=c9090b62-9119-498c-b924-14dd189e9bd7] transferring FlowFile[850,93315056344437.mockFlowFile,13B] to 'success'
[pool-145-thread-1] INFO org.apache.nifi.processors.standard.ControlRate - ControlRate[id=c9090b62-9119-498c-b924-14dd189e9bd7] transferring FlowFile[851,93315056356896.mockFlowFile,13B] to 'success'
[pool-145-thread-1] INFO org.apache.nifi.processors.standard.ControlRate - ControlRate[id=c9090b62-9119-498c-b924-14dd189e9bd7] transferring FlowFile[852,93315056371521.mockFlowFile,13B] to 'success'
[pool-145-thread-1] INFO org.apache.nifi.processors.standard.ControlRate - ControlRate[id=c9090b62-9119-498c-b924-14dd189e9bd7] transferring FlowFile[853,93315056385326.mockFlowFile,13B] to 'success'
[pool-145-thread-1] INFO org.apache.nifi.processors.standard.ControlRate - ControlRate[id=c9090b62-9119-498c-b924-14dd189e9bd7] transferring FlowFile[854,93315056398906.mockFlowFile,13B] to 'success'
[pool-145-thread-1] INFO org.apache.nifi.processors.standard.ControlRate - ControlRate[id=c9090b62-9119-498c-b924-14dd189e9bd7] transferring FlowFile[855,93315056416901.mockFlowFile,13B] to 'success'
[pool-145-thread-1] INFO org.apache.nifi.processors.standard.ControlRate - ControlRate[id=c9090b62-9119-498c-b924-14dd189e9bd7] transferring FlowFile[856,93315056429621.mockFlowFile,13B] to 'success'
[pool-145-thread-1] INFO org.apache.nifi.processors.standard.ControlRate - ControlRate[id=c9090b62-9119-498c-b924-14dd189e9bd7] transferring FlowFile[857,93315056442978.mockFlowFile,13B] to 'success'
[pool-145-thread-1] INFO org.apache.nifi.processors.standard.ControlRate - ControlRate[id=c9090b62-9119-498c-b924-14dd189e9bd7] transferring FlowFile[858,93315056457723.mockFlowFile,13B] to 'success'
[pool-145-thread-1] INFO org.apache.nifi.processors.standard.ControlRate - ControlRate[id=c9090b62-9119-498c-b924-14dd189e9bd7] transferring FlowFile[859,93315056486091.mockFlowFile,13B] to 'success'
[pool-145-thread-1] INFO org.apache.nifi.processors.standard.ControlRate - ControlRate[id=c9090b62-9119-498c-b924-14dd189e9bd7] transferring FlowFile[860,93315056512080.mockFlowFile,13B] to 'success'
[pool-145-thread-1] INFO org.apache.nifi.processors.standard.ControlRate - ControlRate[id=c9090b62-9119-498c-b924-14dd189e9bd7] transferring FlowFile[861,93315056523837.mockFlowFile,13B] to 'success'
[pool-145-thread-1] INFO org.apache.nifi.processors.standard.ControlRate - ControlRate[id=c9090b62-9119-498c-b924-14dd189e9bd7] transferring FlowFile[862,93315056536509.mockFlowFile,13B] to 'success'
[pool-145-thread-1] INFO org.apache.nifi.processors.standard.ControlRate - ControlRate[id=c9090b62-9119-498c-b924-14dd189e9bd7] transferring FlowFile[863,93315056552479.mockFlowFile,13B] to 'success'
[pool-145-thread-1] INFO org.apache.nifi.processors.standard.ControlRate - ControlRate[id=c9090b62-9119-498c-b924-14dd189e9bd7] transferring FlowFile[864,93315056567799.mockFlowFile,13B] to 'success'
[pool-145-thread-1] INFO org.apache.nifi.processors.standard.ControlRate - ControlRate[id=c9090b62-9119-498c-b924-14dd189e9bd7] transferring FlowFile[865,93315056581089.mockFlowFile,13B] to 'success'
[pool-145-thread-1] INFO org.apache.nifi.processors.standard.ControlRate - ControlRate[id=c9090b62-9119-498c-b924-14dd189e9bd7] transferring FlowFile[866,93315056593306.mockFlowFile,13B] to 'success'
[pool-145-thread-1] INFO org.apache.nifi.processors.standard.ControlRate - ControlRate[id=c9090b62-9119-498c-b924-14dd189e9bd7] transferring FlowFile[867,93315056606267.mockFlowFile,13B] to 'success'
[pool-145-thread-1] INFO org.apache.nifi.processors.standard.ControlRate - ControlRate[id=c9090b62-9119-498c-b924-14dd189e9bd7] transferring FlowFile[868,93315056618068.mockFlowFile,13B] to 'success'
[pool-145-thread-1] INFO org.apache.nifi.processors.standard.ControlRate - ControlRate[id=c9090b62-9119-498c-b924-14dd189e9bd7] transferring FlowFile[869,93315056630556.mockFlowFile,13B] to 'success'
[pool-145-thread-1] INFO org.apache.nifi.processors.standard.ControlRate - ControlRate[id=c9090b62-9119-498c-b924-14dd189e9bd7] transferring FlowFile[870,93315056643492.mockFlowFile,13B] to 'success'
[pool-145-thread-1] INFO org.apache.nifi.processors.standard.ControlRate - ControlRate[id=c9090b62-9119-498c-b924-14dd189e9bd7] transferring FlowFile[871,93315056659586.mockFlowFile,13B] to 'success'
[pool-145-thread-1] INFO org.apache.nifi.processors.standard.ControlRate - ControlRate[id=c9090b62-9119-498c-b924-14dd189e9bd7] transferring FlowFile[872,93315056673721.mockFlowFile,13B] to 'success'
[pool-145-thread-1] INFO org.apache.nifi.processors.standard.ControlRate - ControlRate[id=c9090b62-9119-498c-b924-14dd189e9bd7] transferring FlowFile[873,93315056707464.mockFlowFile,13B] to 'success'
[pool-145-thread-1] INFO org.apache.nifi.processors.standard.ControlRate - ControlRate[id=c9090b62-9119-498c-b924-14dd189e9bd7] transferring FlowFile[874,93315056721121.mockFlowFile,13B] to 'success'
[pool-145-thread-1] INFO org.apache.nifi.processors.standard.ControlRate - ControlRate[id=c9090b62-9119-498c-b924-14dd189e9bd7] transferring FlowFile[875,93315056733649.mockFlowFile,13B] to 'success'
[pool-145-thread-1] INFO org.apache.nifi.processors.standard.ControlRate - ControlRate[id=c9090b62-9119-498c-b924-14dd189e9bd7] transferring FlowFile[876,93315056746428.mockFlowFile,13B] to 'success'
[pool-145-thread-1] INFO org.apache.nifi.processors.standard.ControlRate - ControlRate[id=c9090b62-9119-498c-b924-14dd189e9bd7] transferring FlowFile[877,93315056759990.mockFlowFile,13B] to 'success'
[pool-145-thread-1] INFO org.apache.nifi.processors.standard.ControlRate - ControlRate[id=c9090b62-9119-498c-b924-14dd189e9bd7] transferring FlowFile[878,93315056771562.mockFlowFile,13B] to 'success'
[pool-145-thread-1] INFO org.apache.nifi.processors.standard.ControlRate - ControlRate[id=c9090b62-9119-498c-b924-14dd189e9bd7] transferring FlowFile[879,93315056789230.mockFlowFile,13B] to 'success'
[pool-145-thread-1] INFO org.apache.nifi.processors.standard.ControlRate - ControlRate[id=c9090b62-9119-498c-b924-14dd189e9bd7] transferring FlowFile[880,93315056802540.mockFlowFile,13B] to 'success'
[pool-145-thread-1] INFO org.apache.nifi.processors.standard.ControlRate - ControlRate[id=c9090b62-9119-498c-b924-14dd189e9bd7] transferring FlowFile[881,93315056814512.mockFlowFile,13B] to 'success'
[pool-145-thread-1] INFO org.apache.nifi.processors.standard.ControlRate - ControlRate[id=c9090b62-9119-498c-b924-14dd189e9bd7] transferring FlowFile[882,93315056826656.mockFlowFile,13B] to 'success'
[pool-145-thread-1] INFO org.apache.nifi.processors.standard.ControlRate - ControlRate[id=c9090b62-9119-498c-b924-14dd189e9bd7] transferring FlowFile[883,93315056837905.mockFlowFile,13B] to 'success'
[pool-145-thread-1] INFO org.apache.nifi.processors.standard.ControlRate - ControlRate[id=c9090b62-9119-498c-b924-14dd189e9bd7] transferring FlowFile[884,93315056850479.mockFlowFile,13B] to 'success'
[pool-145-thread-1] INFO org.apache.nifi.processors.standard.ControlRate - ControlRate[id=c9090b62-9119-498c-b924-14dd189e9bd7] transferring FlowFile[885,93315056862701.mockFlowFile,13B] to 'success'
[pool-145-thread-1] INFO org.apache.nifi.processors.standard.ControlRate - ControlRate[id=c9090b62-9119-498c-b924-14dd189e9bd7] transferring FlowFile[886,93315056874161.mockFlowFile,13B] to 'success'
[pool-145-thread-1] INFO org.apache.nifi.processors.standard.ControlRate - ControlRate[id=c9090b62-9119-498c-b924-14dd189e9bd7] transferring FlowFile[887,93315056891296.mockFlowFile,13B] to 'success'
[pool-145-thread-1] INFO org.apache.nifi.processors.standard.ControlRate - ControlRate[id=c9090b62-9119-498c-b924-14dd189e9bd7] transferring FlowFile[888,93315056903142.mockFlowFile,13B] to 'success'
[pool-145-thread-1] INFO org.apache.nifi.processors.standard.ControlRate - ControlRate[id=c9090b62-9119-498c-b924-14dd189e9bd7] transferring FlowFile[889,93315056915806.mockFlowFile,13B] to 'success'
[pool-145-thread-1] INFO org.apache.nifi.processors.standard.ControlRate - ControlRate[id=c9090b62-9119-498c-b924-14dd189e9bd7] transferring FlowFile[890,93315056928365.mockFlowFile,13B] to 'success'
[pool-145-thread-1] INFO org.apache.nifi.processors.standard.ControlRate - ControlRate[id=c9090b62-9119-498c-b924-14dd189e9bd7] transferring FlowFile[891,93315056939526.mockFlowFile,13B] to 'success'
[pool-145-thread-1] INFO org.apache.nifi.processors.standard.ControlRate - ControlRate[id=c9090b62-9119-498c-b924-14dd189e9bd7] transferring FlowFile[892,93315056952114.mockFlowFile,13B] to 'success'
[pool-145-thread-1] INFO org.apache.nifi.processors.standard.ControlRate - ControlRate[id=c9090b62-9119-498c-b924-14dd189e9bd7] transferring FlowFile[893,93315056964316.mockFlowFile,13B] to 'success'
[pool-145-thread-1] INFO org.apache.nifi.processors.standard.ControlRate - ControlRate[id=c9090b62-9119-498c-b924-14dd189e9bd7] transferring FlowFile[894,93315056976990.mockFlowFile,13B] to 'success'
[pool-145-thread-1] INFO org.apache.nifi.processors.standard.ControlRate - ControlRate[id=c9090b62-9119-498c-b924-14dd189e9bd7] transferring FlowFile[895,93315056994061.mockFlowFile,13B] to 'success'
[pool-145-thread-1] INFO org.apache.nifi.processors.standard.ControlRate - ControlRate[id=c9090b62-9119-498c-b924-14dd189e9bd7] transferring FlowFile[896,93315057006217.mockFlowFile,13B] to 'success'
[pool-145-thread-1] INFO org.apache.nifi.processors.standard.ControlRate - ControlRate[id=c9090b62-9119-498c-b924-14dd189e9bd7] transferring FlowFile[897,93315057018823.mockFlowFile,13B] to 'success'
[pool-145-thread-1] INFO org.apache.nifi.processors.standard.ControlRate - ControlRate[id=c9090b62-9119-498c-b924-14dd189e9bd7] transferring FlowFile[898,93315057029864.mockFlowFile,13B] to 'success'
[pool-145-thread-1] INFO org.apache.nifi.processors.standard.ControlRate - ControlRate[id=c9090b62-9119-498c-b924-14dd189e9bd7] transferring FlowFile[899,93315057042104.mockFlowFile,13B] to 'success'
[pool-145-thread-1] INFO org.apache.nifi.processors.standard.ControlRate - ControlRate[id=c9090b62-9119-498c-b924-14dd189e9bd7] transferring FlowFile[900,93315057055047.mockFlowFile,13B] to 'success'
[pool-145-thread-1] INFO org.apache.nifi.processors.standard.ControlRate - ControlRate[id=c9090b62-9119-498c-b924-14dd189e9bd7] transferring FlowFile[901,93315057068520.mockFlowFile,13B] to 'success'
[pool-145-thread-1] INFO org.apache.nifi.processors.standard.ControlRate - ControlRate[id=c9090b62-9119-498c-b924-14dd189e9bd7] transferring FlowFile[902,93315057081446.mockFlowFile,13B] to 'success'
[pool-145-thread-1] INFO org.apache.nifi.processors.standard.ControlRate - ControlRate[id=c9090b62-9119-498c-b924-14dd189e9bd7] transferring FlowFile[903,93315057097390.mockFlowFile,13B] to 'success'
[pool-145-thread-1] INFO org.apache.nifi.processors.standard.ControlRate - ControlRate[id=c9090b62-9119-498c-b924-14dd189e9bd7] transferring FlowFile[904,93315057110063.mockFlowFile,13B] to 'success'
[pool-145-thread-1] INFO org.apache.nifi.processors.standard.ControlRate - ControlRate[id=c9090b62-9119-498c-b924-14dd189e9bd7] transferring FlowFile[905,93315057122230.mockFlowFile,13B] to 'success'
[pool-145-thread-1] INFO org.apache.nifi.processors.standard.ControlRate - ControlRate[id=c9090b62-9119-498c-b924-14dd189e9bd7] transferring FlowFile[906,93315057144005.mockFlowFile,13B] to 'success'
[pool-145-thread-1] INFO org.apache.nifi.processors.standard.ControlRate - ControlRate[id=c9090b62-9119-498c-b924-14dd189e9bd7] transferring FlowFile[907,93315057157998.mockFlowFile,13B] to 'success'
[pool-145-thread-1] INFO org.apache.nifi.processors.standard.ControlRate - ControlRate[id=c9090b62-9119-498c-b924-14dd189e9bd7] transferring FlowFile[908,93315057174957.mockFlowFile,13B] to 'success'
[pool-145-thread-1] INFO org.apache.nifi.processors.standard.ControlRate - ControlRate[id=c9090b62-9119-498c-b924-14dd189e9bd7] transferring FlowFile[909,93315057187710.mockFlowFile,13B] to 'success'
[pool-145-thread-1] INFO org.apache.nifi.processors.standard.ControlRate - ControlRate[id=c9090b62-9119-498c-b924-14dd189e9bd7] transferring FlowFile[910,93315057199903.mockFlowFile,13B] to 'success'
[pool-145-thread-1] INFO org.apache.nifi.processors.standard.ControlRate - ControlRate[id=c9090b62-9119-498c-b924-14dd189e9bd7] transferring FlowFile[911,93315057215870.mockFlowFile,13B] to 'success'
[pool-145-thread-1] INFO org.apache.nifi.processors.standard.ControlRate - ControlRate[id=c9090b62-9119-498c-b924-14dd189e9bd7] transferring FlowFile[912,93315057229047.mockFlowFile,13B] to 'success'
[pool-145-thread-1] INFO org.apache.nifi.processors.standard.ControlRate - ControlRate[id=c9090b62-9119-498c-b924-14dd189e9bd7] transferring FlowFile[913,93315057240088.mockFlowFile,13B] to 'success'
[pool-145-thread-1] INFO org.apache.nifi.processors.standard.ControlRate - ControlRate[id=c9090b62-9119-498c-b924-14dd189e9bd7] transferring FlowFile[914,93315057252026.mockFlowFile,13B] to 'success'
[pool-145-thread-1] INFO org.apache.nifi.processors.standard.ControlRate - ControlRate[id=c9090b62-9119-498c-b924-14dd189e9bd7] transferring FlowFile[915,93315057263666.mockFlowFile,13B] to 'success'
[pool-145-thread-1] INFO org.apache.nifi.processors.standard.ControlRate - ControlRate[id=c9090b62-9119-498c-b924-14dd189e9bd7] transferring FlowFile[916,93315057274410.mockFlowFile,13B] to 'success'
[pool-145-thread-1] INFO org.apache.nifi.processors.standard.ControlRate - ControlRate[id=c9090b62-9119-498c-b924-14dd189e9bd7] transferring FlowFile[917,93315057286114.mockFlowFile,13B] to 'success'
[pool-145-thread-1] INFO org.apache.nifi.processors.standard.ControlRate - ControlRate[id=c9090b62-9119-498c-b924-14dd189e9bd7] transferring FlowFile[918,93315057298535.mockFlowFile,13B] to 'success'
[pool-145-thread-1] INFO org.apache.nifi.processors.standard.ControlRate - ControlRate[id=c9090b62-9119-498c-b924-14dd189e9bd7] transferring FlowFile[919,93315057315737.mockFlowFile,13B] to 'success'
[pool-145-thread-1] INFO org.apache.nifi.processors.standard.ControlRate - ControlRate[id=c9090b62-9119-498c-b924-14dd189e9bd7] transferring FlowFile[920,93315057329236.mockFlowFile,13B] to 'success'
[pool-145-thread-1] INFO org.apache.nifi.processors.standard.ControlRate - ControlRate[id=c9090b62-9119-498c-b924-14dd189e9bd7] transferring FlowFile[921,93315057340340.mockFlowFile,13B] to 'success'
[pool-145-thread-1] INFO org.apache.nifi.processors.standard.ControlRate - ControlRate[id=c9090b62-9119-498c-b924-14dd189e9bd7] transferring FlowFile[922,93315057352081.mockFlowFile,13B] to 'success'
[pool-145-thread-1] INFO org.apache.nifi.processors.standard.ControlRate - ControlRate[id=c9090b62-9119-498c-b924-14dd189e9bd7] transferring FlowFile[923,93315057362797.mockFlowFile,13B] to 'success'
[pool-145-thread-1] INFO org.apache.nifi.processors.standard.ControlRate - ControlRate[id=c9090b62-9119-498c-b924-14dd189e9bd7] transferring FlowFile[924,93315057375017.mockFlowFile,13B] to 'success'
[pool-145-thread-1] INFO org.apache.nifi.processors.standard.ControlRate - ControlRate[id=c9090b62-9119-498c-b924-14dd189e9bd7] transferring FlowFile[925,93315057386756.mockFlowFile,13B] to 'success'
[pool-145-thread-1] INFO org.apache.nifi.processors.standard.ControlRate - ControlRate[id=c9090b62-9119-498c-b924-14dd189e9bd7] transferring FlowFile[926,93315057397447.mockFlowFile,13B] to 'success'
[pool-145-thread-1] INFO org.apache.nifi.processors.standard.ControlRate - ControlRate[id=c9090b62-9119-498c-b924-14dd189e9bd7] transferring FlowFile[927,93315057413274.mockFlowFile,13B] to 'success'
[pool-145-thread-1] INFO org.apache.nifi.processors.standard.ControlRate - ControlRate[id=c9090b62-9119-498c-b924-14dd189e9bd7] transferring FlowFile[928,93315057424747.mockFlowFile,13B] to 'success'
[pool-145-thread-1] INFO org.apache.nifi.processors.standard.ControlRate - ControlRate[id=c9090b62-9119-498c-b924-14dd189e9bd7] transferring FlowFile[929,93315057436306.mockFlowFile,13B] to 'success'
[pool-145-thread-1] INFO org.apache.nifi.processors.standard.ControlRate - ControlRate[id=c9090b62-9119-498c-b924-14dd189e9bd7] transferring FlowFile[930,93315057449310.mockFlowFile,13B] to 'success'
[pool-145-thread-1] INFO org.apache.nifi.processors.standard.ControlRate - ControlRate[id=c9090b62-9119-498c-b924-14dd189e9bd7] transferring FlowFile[931,93315057460292.mockFlowFile,13B] to 'success'
[pool-145-thread-1] INFO org.apache.nifi.processors.standard.ControlRate - ControlRate[id=c9090b62-9119-498c-b924-14dd189e9bd7] transferring FlowFile[932,93315057472087.mockFlowFile,13B] to 'success'
[pool-145-thread-1] INFO org.apache.nifi.processors.standard.ControlRate - ControlRate[id=c9090b62-9119-498c-b924-14dd189e9bd7] transferring FlowFile[933,93315057482950.mockFlowFile,13B] to 'success'
[pool-145-thread-1] INFO org.apache.nifi.processors.standard.ControlRate - ControlRate[id=c9090b62-9119-498c-b924-14dd189e9bd7] transferring FlowFile[934,93315057495072.mockFlowFile,13B] to 'success'
[pool-145-thread-1] INFO org.apache.nifi.processors.standard.ControlRate - ControlRate[id=c9090b62-9119-498c-b924-14dd189e9bd7] transferring FlowFile[935,93315057511065.mockFlowFile,13B] to 'success'
[pool-145-thread-1] INFO org.apache.nifi.processors.standard.ControlRate - ControlRate[id=c9090b62-9119-498c-b924-14dd189e9bd7] transferring FlowFile[936,93315057522544.mockFlowFile,13B] to 'success'
[pool-145-thread-1] INFO org.apache.nifi.processors.standard.ControlRate - ControlRate[id=c9090b62-9119-498c-b924-14dd189e9bd7] transferring FlowFile[937,93315057534336.mockFlowFile,13B] to 'success'
[pool-145-thread-1] INFO org.apache.nifi.processors.standard.ControlRate - ControlRate[id=c9090b62-9119-498c-b924-14dd189e9bd7] transferring FlowFile[938,93315057545343.mockFlowFile,13B] to 'success'
[pool-145-thread-1] INFO org.apache.nifi.processors.standard.ControlRate - ControlRate[id=c9090b62-9119-498c-b924-14dd189e9bd7] transferring FlowFile[939,93315057557440.mockFlowFile,13B] to 'success'
[pool-145-thread-1] INFO org.apache.nifi.processors.standard.ControlRate - ControlRate[id=c9090b62-9119-498c-b924-14dd189e9bd7] transferring FlowFile[940,93315057569570.mockFlowFile,13B] to 'success'
[pool-145-thread-1] INFO org.apache.nifi.processors.standard.ControlRate - ControlRate[id=c9090b62-9119-498c-b924-14dd189e9bd7] transferring FlowFile[941,93315057580253.mockFlowFile,13B] to 'success'
[pool-145-thread-1] INFO org.apache.nifi.processors.standard.ControlRate - ControlRate[id=c9090b62-9119-498c-b924-14dd189e9bd7] transferring FlowFile[942,93315057592069.mockFlowFile,13B] to 'success'
[pool-145-thread-1] INFO org.apache.nifi.processors.standard.ControlRate - ControlRate[id=c9090b62-9119-498c-b924-14dd189e9bd7] transferring FlowFile[943,93315057607437.mockFlowFile,13B] to 'success'
[pool-145-thread-1] INFO org.apache.nifi.processors.standard.ControlRate - ControlRate[id=c9090b62-9119-498c-b924-14dd189e9bd7] transferring FlowFile[944,93315057620120.mockFlowFile,13B] to 'success'
[pool-145-thread-1] INFO org.apache.nifi.processors.standard.ControlRate - ControlRate[id=c9090b62-9119-498c-b924-14dd189e9bd7] transferring FlowFile[945,93315057632246.mockFlowFile,13B] to 'success'
[pool-145-thread-1] INFO org.apache.nifi.processors.standard.ControlRate - ControlRate[id=c9090b62-9119-498c-b924-14dd189e9bd7] transferring FlowFile[946,93315057643216.mockFlowFile,13B] to 'success'
[pool-145-thread-1] INFO org.apache.nifi.processors.standard.ControlRate - ControlRate[id=c9090b62-9119-498c-b924-14dd189e9bd7] transferring FlowFile[947,93315057672726.mockFlowFile,13B] to 'success'
[pool-145-thread-1] INFO org.apache.nifi.processors.standard.ControlRate - ControlRate[id=c9090b62-9119-498c-b924-14dd189e9bd7] transferring FlowFile[948,93315057683886.mockFlowFile,13B] to 'success'
[pool-145-thread-1] INFO org.apache.nifi.processors.standard.ControlRate - ControlRate[id=c9090b62-9119-498c-b924-14dd189e9bd7] transferring FlowFile[949,93315057695951.mockFlowFile,13B] to 'success'
[pool-145-thread-1] INFO org.apache.nifi.processors.standard.ControlRate - ControlRate[id=c9090b62-9119-498c-b924-14dd189e9bd7] transferring FlowFile[950,93315057707940.mockFlowFile,13B] to 'success'
[pool-145-thread-1] INFO org.apache.nifi.processors.standard.ControlRate - ControlRate[id=c9090b62-9119-498c-b924-14dd189e9bd7] transferring FlowFile[951,93315057723655.mockFlowFile,13B] to 'success'
[pool-145-thread-1] INFO org.apache.nifi.processors.standard.ControlRate - ControlRate[id=c9090b62-9119-498c-b924-14dd189e9bd7] transferring FlowFile[952,93315057735916.mockFlowFile,13B] to 'success'
[pool-145-thread-1] INFO org.apache.nifi.processors.standard.ControlRate - ControlRate[id=c9090b62-9119-498c-b924-14dd189e9bd7] transferring FlowFile[953,93315057746749.mockFlowFile,13B] to 'success'
[pool-145-thread-1] INFO org.apache.nifi.processors.standard.ControlRate - ControlRate[id=c9090b62-9119-498c-b924-14dd189e9bd7] transferring FlowFile[954,93315057758839.mockFlowFile,13B] to 'success'
[pool-145-thread-1] INFO org.apache.nifi.processors.standard.ControlRate - ControlRate[id=c9090b62-9119-498c-b924-14dd189e9bd7] transferring FlowFile[955,93315057770706.mockFlowFile,13B] to 'success'
[pool-145-thread-1] INFO org.apache.nifi.processors.standard.ControlRate - ControlRate[id=c9090b62-9119-498c-b924-14dd189e9bd7] transferring FlowFile[956,93315057781514.mockFlowFile,13B] to 'success'
[pool-145-thread-1] INFO org.apache.nifi.processors.standard.ControlRate - ControlRate[id=c9090b62-9119-498c-b924-14dd189e9bd7] transferring FlowFile[957,93315057793558.mockFlowFile,13B] to 'success'
[pool-145-thread-1] INFO org.apache.nifi.processors.standard.ControlRate - ControlRate[id=c9090b62-9119-498c-b924-14dd189e9bd7] transferring FlowFile[958,93315057804594.mockFlowFile,13B] to 'success'
[pool-145-thread-1] INFO org.apache.nifi.processors.standard.ControlRate - ControlRate[id=c9090b62-9119-498c-b924-14dd189e9bd7] transferring FlowFile[959,93315057821177.mockFlowFile,13B] to 'success'
[pool-145-thread-1] INFO org.apache.nifi.processors.standard.ControlRate - ControlRate[id=c9090b62-9119-498c-b924-14dd189e9bd7] transferring FlowFile[960,93315057833842.mockFlowFile,13B] to 'success'
[pool-145-thread-1] INFO org.apache.nifi.processors.standard.ControlRate - ControlRate[id=c9090b62-9119-498c-b924-14dd189e9bd7] transferring FlowFile[961,93315057844695.mockFlowFile,13B] to 'success'
[pool-145-thread-1] INFO org.apache.nifi.processors.standard.ControlRate - ControlRate[id=c9090b62-9119-498c-b924-14dd189e9bd7] transferring FlowFile[962,93315057857794.mockFlowFile,13B] to 'success'
[pool-145-thread-1] INFO org.apache.nifi.processors.standard.ControlRate - ControlRate[id=c9090b62-9119-498c-b924-14dd189e9bd7] transferring FlowFile[963,93315057868904.mockFlowFile,13B] to 'success'
[pool-145-thread-1] INFO org.apache.nifi.processors.standard.ControlRate - ControlRate[id=c9090b62-9119-498c-b924-14dd189e9bd7] transferring FlowFile[964,93315057880862.mockFlowFile,13B] to 'success'
[pool-145-thread-1] INFO org.apache.nifi.processors.standard.ControlRate - ControlRate[id=c9090b62-9119-498c-b924-14dd189e9bd7] transferring FlowFile[965,93315057892902.mockFlowFile,13B] to 'success'
[pool-145-thread-1] INFO org.apache.nifi.processors.standard.ControlRate - ControlRate[id=c9090b62-9119-498c-b924-14dd189e9bd7] transferring FlowFile[966,93315057904870.mockFlowFile,13B] to 'success'
[pool-145-thread-1] INFO org.apache.nifi.processors.standard.ControlRate - ControlRate[id=c9090b62-9119-498c-b924-14dd189e9bd7] transferring FlowFile[967,93315057922522.mockFlowFile,13B] to 'success'
[pool-145-thread-1] INFO org.apache.nifi.processors.standard.ControlRate - ControlRate[id=c9090b62-9119-498c-b924-14dd189e9bd7] transferring FlowFile[968,93315057933915.mockFlowFile,13B] to 'success'
[pool-145-thread-1] INFO org.apache.nifi.processors.standard.ControlRate - ControlRate[id=c9090b62-9119-498c-b924-14dd189e9bd7] transferring FlowFile[969,93315057949736.mockFlowFile,13B] to 'success'
[pool-145-thread-1] INFO org.apache.nifi.processors.standard.ControlRate - ControlRate[id=c9090b62-9119-498c-b924-14dd189e9bd7] transferring FlowFile[970,93315057966293.mockFlowFile,13B] to 'success'
[pool-145-thread-1] INFO org.apache.nifi.processors.standard.ControlRate - ControlRate[id=c9090b62-9119-498c-b924-14dd189e9bd7] transferring FlowFile[971,93315057978714.mockFlowFile,13B] to 'success'
[pool-145-thread-1] INFO org.apache.nifi.processors.standard.ControlRate - ControlRate[id=c9090b62-9119-498c-b924-14dd189e9bd7] transferring FlowFile[972,93315057990842.mockFlowFile,13B] to 'success'
[pool-145-thread-1] INFO org.apache.nifi.processors.standard.ControlRate - ControlRate[id=c9090b62-9119-498c-b924-14dd189e9bd7] transferring FlowFile[973,93315058001707.mockFlowFile,13B] to 'success'
[pool-145-thread-1] INFO org.apache.nifi.processors.standard.ControlRate - ControlRate[id=c9090b62-9119-498c-b924-14dd189e9bd7] transferring FlowFile[974,93315058013925.mockFlowFile,13B] to 'success'
[pool-145-thread-1] INFO org.apache.nifi.processors.standard.ControlRate - ControlRate[id=c9090b62-9119-498c-b924-14dd189e9bd7] transferring FlowFile[975,93315058030528.mockFlowFile,13B] to 'success'
[pool-145-thread-1] INFO org.apache.nifi.processors.standard.ControlRate - ControlRate[id=c9090b62-9119-498c-b924-14dd189e9bd7] transferring FlowFile[976,93315058041702.mockFlowFile,13B] to 'success'
[pool-145-thread-1] INFO org.apache.nifi.processors.standard.ControlRate - ControlRate[id=c9090b62-9119-498c-b924-14dd189e9bd7] transferring FlowFile[977,93315058053556.mockFlowFile,13B] to 'success'
[pool-145-thread-1] INFO org.apache.nifi.processors.standard.ControlRate - ControlRate[id=c9090b62-9119-498c-b924-14dd189e9bd7] transferring FlowFile[978,93315058064234.mockFlowFile,13B] to 'success'
[pool-145-thread-1] INFO org.apache.nifi.processors.standard.ControlRate - ControlRate[id=c9090b62-9119-498c-b924-14dd189e9bd7] transferring FlowFile[979,93315058076023.mockFlowFile,13B] to 'success'
[pool-145-thread-1] INFO org.apache.nifi.processors.standard.ControlRate - ControlRate[id=c9090b62-9119-498c-b924-14dd189e9bd7] transferring FlowFile[980,93315058087903.mockFlowFile,13B] to 'success'
[pool-145-thread-1] INFO org.apache.nifi.processors.standard.ControlRate - ControlRate[id=c9090b62-9119-498c-b924-14dd189e9bd7] transferring FlowFile[981,93315058098546.mockFlowFile,13B] to 'success'
[pool-145-thread-1] INFO org.apache.nifi.processors.standard.ControlRate - ControlRate[id=c9090b62-9119-498c-b924-14dd189e9bd7] transferring FlowFile[982,93315058110313.mockFlowFile,13B] to 'success'
[pool-145-thread-1] INFO org.apache.nifi.processors.standard.ControlRate - ControlRate[id=c9090b62-9119-498c-b924-14dd189e9bd7] transferring FlowFile[983,93315058124741.mockFlowFile,13B] to 'success'
[pool-145-thread-1] INFO org.apache.nifi.processors.standard.ControlRate - ControlRate[id=c9090b62-9119-498c-b924-14dd189e9bd7] transferring FlowFile[984,93315058137454.mockFlowFile,13B] to 'success'
[pool-145-thread-1] INFO org.apache.nifi.processors.standard.ControlRate - ControlRate[id=c9090b62-9119-498c-b924-14dd189e9bd7] transferring FlowFile[985,93315058149393.mockFlowFile,13B] to 'success'
[pool-145-thread-1] INFO org.apache.nifi.processors.standard.ControlRate - ControlRate[id=c9090b62-9119-498c-b924-14dd189e9bd7] transferring FlowFile[986,93315058160720.mockFlowFile,13B] to 'success'
[pool-145-thread-1] INFO org.apache.nifi.processors.standard.ControlRate - ControlRate[id=c9090b62-9119-498c-b924-14dd189e9bd7] transferring FlowFile[987,93315058172563.mockFlowFile,13B] to 'success'
[pool-145-thread-1] INFO org.apache.nifi.processors.standard.ControlRate - ControlRate[id=c9090b62-9119-498c-b924-14dd189e9bd7] transferring FlowFile[988,93315058185883.mockFlowFile,13B] to 'success'
[pool-145-thread-1] INFO org.apache.nifi.processors.standard.ControlRate - ControlRate[id=c9090b62-9119-498c-b924-14dd189e9bd7] transferring FlowFile[989,93315058197902.mockFlowFile,13B] to 'success'
[pool-145-thread-1] INFO org.apache.nifi.processors.standard.ControlRate - ControlRate[id=c9090b62-9119-498c-b924-14dd189e9bd7] transferring FlowFile[990,93315058210051.mockFlowFile,13B] to 'success'
[pool-145-thread-1] INFO org.apache.nifi.processors.standard.ControlRate - ControlRate[id=c9090b62-9119-498c-b924-14dd189e9bd7] transferring FlowFile[991,93315058224905.mockFlowFile,13B] to 'success'
[pool-145-thread-1] INFO org.apache.nifi.processors.standard.ControlRate - ControlRate[id=c9090b62-9119-498c-b924-14dd189e9bd7] transferring FlowFile[992,93315058237236.mockFlowFile,13B] to 'success'
[pool-145-thread-1] INFO org.apache.nifi.processors.standard.ControlRate - ControlRate[id=c9090b62-9119-498c-b924-14dd189e9bd7] transferring FlowFile[993,93315058248052.mockFlowFile,13B] to 'success'
[pool-145-thread-1] INFO org.apache.nifi.processors.standard.ControlRate - ControlRate[id=c9090b62-9119-498c-b924-14dd189e9bd7] transferring FlowFile[994,93315058260078.mockFlowFile,13B] to 'success'
[pool-145-thread-1] INFO org.apache.nifi.processors.standard.ControlRate - ControlRate[id=c9090b62-9119-498c-b924-14dd189e9bd7] transferring FlowFile[995,93315058272070.mockFlowFile,13B] to 'success'
[pool-145-thread-1] INFO org.apache.nifi.processors.standard.ControlRate - ControlRate[id=c9090b62-9119-498c-b924-14dd189e9bd7] transferring FlowFile[996,93315058282896.mockFlowFile,13B] to 'success'
[pool-145-thread-1] INFO org.apache.nifi.processors.standard.ControlRate - ControlRate[id=c9090b62-9119-498c-b924-14dd189e9bd7] transferring FlowFile[997,93315058296298.mockFlowFile,13B] to 'success'
[pool-145-thread-1] INFO org.apache.nifi.processors.standard.ControlRate - ControlRate[id=c9090b62-9119-498c-b924-14dd189e9bd7] transferring FlowFile[998,93315058307380.mockFlowFile,13B] to 'success'
[pool-145-thread-1] INFO org.apache.nifi.processors.standard.ControlRate - ControlRate[id=c9090b62-9119-498c-b924-14dd189e9bd7] transferring FlowFile[999,93315058324540.mockFlowFile,13B] to 'success'
[pool-146-thread-1] INFO org.apache.nifi.processors.standard.ControlRate - ControlRate[id=c9090b62-9119-498c-b924-14dd189e9bd7] transferring FlowFile[1000,93315058338791.mockFlowFile,14B] to 'success'
[pool-146-thread-1] INFO org.apache.nifi.processors.standard.ControlRate - ControlRate[id=c9090b62-9119-498c-b924-14dd189e9bd7] transferring FlowFile[1001,93315058349874.mockFlowFile,14B] to 'success'
[pool-146-thread-1] INFO org.apache.nifi.processors.standard.ControlRate - ControlRate[id=c9090b62-9119-498c-b924-14dd189e9bd7] transferring FlowFile[1002,93315058362052.mockFlowFile,14B] to 'success'
[pool-146-thread-1] INFO org.apache.nifi.processors.standard.ControlRate - ControlRate[id=c9090b62-9119-498c-b924-14dd189e9bd7] transferring FlowFile[1003,93315058373111.mockFlowFile,14B] to 'success'
[pool-146-thread-1] INFO org.apache.nifi.processors.standard.ControlRate - ControlRate[id=c9090b62-9119-498c-b924-14dd189e9bd7] transferring FlowFile[1004,93315058385779.mockFlowFile,14B] to 'success'
[pool-146-thread-1] INFO org.apache.nifi.processors.standard.ControlRate - ControlRate[id=c9090b62-9119-498c-b924-14dd189e9bd7] transferring FlowFile[1005,93315058398113.mockFlowFile,14B] to 'success'
[pool-146-thread-1] INFO org.apache.nifi.processors.standard.ControlRate - ControlRate[id=c9090b62-9119-498c-b924-14dd189e9bd7] transferring FlowFile[1006,93315058409159.mockFlowFile,14B] to 'success'
[pool-146-thread-1] INFO org.apache.nifi.processors.standard.ControlRate - ControlRate[id=c9090b62-9119-498c-b924-14dd189e9bd7] transferring FlowFile[1007,93315058425743.mockFlowFile,14B] to 'success'
[pool-146-thread-1] INFO org.apache.nifi.processors.standard.ControlRate - ControlRate[id=c9090b62-9119-498c-b924-14dd189e9bd7] transferring FlowFile[1008,93315058437246.mockFlowFile,14B] to 'success'
[pool-146-thread-1] INFO org.apache.nifi.processors.standard.ControlRate - ControlRate[id=c9090b62-9119-498c-b924-14dd189e9bd7] transferring FlowFile[1009,93315058449353.mockFlowFile,14B] to 'success'
[pool-146-thread-1] INFO org.apache.nifi.processors.standard.ControlRate - ControlRate[id=c9090b62-9119-498c-b924-14dd189e9bd7] transferring FlowFile[1010,93315058462843.mockFlowFile,14B] to 'success'
[pool-146-thread-1] INFO org.apache.nifi.processors.standard.ControlRate - ControlRate[id=c9090b62-9119-498c-b924-14dd189e9bd7] transferring FlowFile[1011,93315058474273.mockFlowFile,14B] to 'success'
[pool-146-thread-1] INFO org.apache.nifi.processors.standard.ControlRate - ControlRate[id=c9090b62-9119-498c-b924-14dd189e9bd7] transferring FlowFile[1012,93315058486220.mockFlowFile,14B] to 'success'
[pool-146-thread-1] INFO org.apache.nifi.processors.standard.ControlRate - ControlRate[id=c9090b62-9119-498c-b924-14dd189e9bd7] transferring FlowFile[1013,93315058496927.mockFlowFile,14B] to 'success'
[pool-146-thread-1] INFO org.apache.nifi.processors.standard.ControlRate - ControlRate[id=c9090b62-9119-498c-b924-14dd189e9bd7] transferring FlowFile[1014,93315058508611.mockFlowFile,14B] to 'success'
[pool-146-thread-1] INFO org.apache.nifi.processors.standard.ControlRate - ControlRate[id=c9090b62-9119-498c-b924-14dd189e9bd7] transferring FlowFile[1015,93315058526226.mockFlowFile,14B] to 'success'
[pool-146-thread-1] INFO org.apache.nifi.processors.standard.ControlRate - ControlRate[id=c9090b62-9119-498c-b924-14dd189e9bd7] transferring FlowFile[1016,93315058537482.mockFlowFile,14B] to 'success'
[pool-146-thread-1] INFO org.apache.nifi.processors.standard.ControlRate - ControlRate[id=c9090b62-9119-498c-b924-14dd189e9bd7] transferring FlowFile[1017,93315058549481.mockFlowFile,14B] to 'success'
[pool-146-thread-1] INFO org.apache.nifi.processors.standard.ControlRate - ControlRate[id=c9090b62-9119-498c-b924-14dd189e9bd7] transferring FlowFile[1018,93315058560627.mockFlowFile,14B] to 'success'
[pool-146-thread-1] INFO org.apache.nifi.processors.standard.ControlRate - ControlRate[id=c9090b62-9119-498c-b924-14dd189e9bd7] transferring FlowFile[1019,93315058572945.mockFlowFile,14B] to 'success'
[pool-146-thread-1] INFO org.apache.nifi.processors.standard.ControlRate - ControlRate[id=c9090b62-9119-498c-b924-14dd189e9bd7] transferring FlowFile[1020,93315058585175.mockFlowFile,14B] to 'success'
[pool-146-thread-1] INFO org.apache.nifi.processors.standard.ControlRate - ControlRate[id=c9090b62-9119-498c-b924-14dd189e9bd7] transferring FlowFile[1021,93315058595964.mockFlowFile,14B] to 'success'
[pool-146-thread-1] INFO org.apache.nifi.processors.standard.ControlRate - ControlRate[id=c9090b62-9119-498c-b924-14dd189e9bd7] transferring FlowFile[1022,93315058607685.mockFlowFile,14B] to 'success'
[pool-146-thread-1] INFO org.apache.nifi.processors.standard.ControlRate - ControlRate[id=c9090b62-9119-498c-b924-14dd189e9bd7] transferring FlowFile[1023,93315058622757.mockFlowFile,14B] to 'success'
[pool-146-thread-1] INFO org.apache.nifi.processors.standard.ControlRate - ControlRate[id=c9090b62-9119-498c-b924-14dd189e9bd7] transferring FlowFile[1024,93315058640392.mockFlowFile,14B] to 'success'
[pool-146-thread-1] INFO org.apache.nifi.processors.standard.ControlRate - ControlRate[id=c9090b62-9119-498c-b924-14dd189e9bd7] transferring FlowFile[1025,93315058652326.mockFlowFile,14B] to 'success'
[pool-146-thread-1] INFO org.apache.nifi.processors.standard.ControlRate - ControlRate[id=c9090b62-9119-498c-b924-14dd189e9bd7] transferring FlowFile[1026,93315058662937.mockFlowFile,14B] to 'success'
[pool-146-thread-1] INFO org.apache.nifi.processors.standard.ControlRate - ControlRate[id=c9090b62-9119-498c-b924-14dd189e9bd7] transferring FlowFile[1027,93315058674876.mockFlowFile,14B] to 'success'
[pool-146-thread-1] INFO org.apache.nifi.processors.standard.ControlRate - ControlRate[id=c9090b62-9119-498c-b924-14dd189e9bd7] transferring FlowFile[1028,93315058685726.mockFlowFile,14B] to 'success'
[pool-146-thread-1] INFO org.apache.nifi.processors.standard.ControlRate - ControlRate[id=c9090b62-9119-498c-b924-14dd189e9bd7] transferring FlowFile[1029,93315058697741.mockFlowFile,14B] to 'success'
[pool-146-thread-1] INFO org.apache.nifi.processors.standard.ControlRate - ControlRate[id=c9090b62-9119-498c-b924-14dd189e9bd7] transferring FlowFile[1030,93315058709599.mockFlowFile,14B] to 'success'
[pool-146-thread-1] INFO org.apache.nifi.processors.standard.ControlRate - ControlRate[id=c9090b62-9119-498c-b924-14dd189e9bd7] transferring FlowFile[1031,93315058724847.mockFlowFile,14B] to 'success'
[pool-146-thread-1] INFO org.apache.nifi.processors.standard.ControlRate - ControlRate[id=c9090b62-9119-498c-b924-14dd189e9bd7] transferring FlowFile[1032,93315058737053.mockFlowFile,14B] to 'success'
[pool-146-thread-1] INFO org.apache.nifi.processors.standard.ControlRate - ControlRate[id=c9090b62-9119-498c-b924-14dd189e9bd7] transferring FlowFile[1033,93315058747991.mockFlowFile,14B] to 'success'
[pool-146-thread-1] INFO org.apache.nifi.processors.standard.ControlRate - ControlRate[id=c9090b62-9119-498c-b924-14dd189e9bd7] transferring FlowFile[1034,93315058759811.mockFlowFile,14B] to 'success'
[pool-146-thread-1] INFO org.apache.nifi.processors.standard.ControlRate - ControlRate[id=c9090b62-9119-498c-b924-14dd189e9bd7] transferring FlowFile[1035,93315058771591.mockFlowFile,14B] to 'success'
[pool-146-thread-1] INFO org.apache.nifi.processors.standard.ControlRate - ControlRate[id=c9090b62-9119-498c-b924-14dd189e9bd7] transferring FlowFile[1036,93315058782372.mockFlowFile,14B] to 'success'
[pool-146-thread-1] INFO org.apache.nifi.processors.standard.ControlRate - ControlRate[id=c9090b62-9119-498c-b924-14dd189e9bd7] transferring FlowFile[1037,93315058794157.mockFlowFile,14B] to 'success'
[pool-146-thread-1] INFO org.apache.nifi.processors.standard.ControlRate - ControlRate[id=c9090b62-9119-498c-b924-14dd189e9bd7] transferring FlowFile[1038,93315058804844.mockFlowFile,14B] to 'success'
[pool-146-thread-1] INFO org.apache.nifi.processors.standard.ControlRate - ControlRate[id=c9090b62-9119-498c-b924-14dd189e9bd7] transferring FlowFile[1039,93315058820793.mockFlowFile,14B] to 'success'
[pool-146-thread-1] INFO org.apache.nifi.processors.standard.ControlRate - ControlRate[id=c9090b62-9119-498c-b924-14dd189e9bd7] transferring FlowFile[1040,93315058833288.mockFlowFile,14B] to 'success'
[pool-146-thread-1] INFO org.apache.nifi.processors.standard.ControlRate - ControlRate[id=c9090b62-9119-498c-b924-14dd189e9bd7] transferring FlowFile[1041,93315058844198.mockFlowFile,14B] to 'success'
[pool-146-thread-1] INFO org.apache.nifi.processors.standard.ControlRate - ControlRate[id=c9090b62-9119-498c-b924-14dd189e9bd7] transferring FlowFile[1042,93315058856149.mockFlowFile,14B] to 'success'
[pool-146-thread-1] INFO org.apache.nifi.processors.standard.ControlRate - ControlRate[id=c9090b62-9119-498c-b924-14dd189e9bd7] transferring FlowFile[1043,93315058867047.mockFlowFile,14B] to 'success'
[pool-146-thread-1] INFO org.apache.nifi.processors.standard.ControlRate - ControlRate[id=c9090b62-9119-498c-b924-14dd189e9bd7] transferring FlowFile[1044,93315058879160.mockFlowFile,14B] to 'success'
[pool-146-thread-1] INFO org.apache.nifi.processors.standard.ControlRate - ControlRate[id=c9090b62-9119-498c-b924-14dd189e9bd7] transferring FlowFile[1045,93315058891326.mockFlowFile,14B] to 'success'
[pool-146-thread-1] INFO org.apache.nifi.processors.standard.ControlRate - ControlRate[id=c9090b62-9119-498c-b924-14dd189e9bd7] transferring FlowFile[1046,93315058902360.mockFlowFile,14B] to 'success'
[pool-146-thread-1] INFO org.apache.nifi.processors.standard.ControlRate - ControlRate[id=c9090b62-9119-498c-b924-14dd189e9bd7] transferring FlowFile[1047,93315058920819.mockFlowFile,14B] to 'success'
[pool-146-thread-1] INFO org.apache.nifi.processors.standard.ControlRate - ControlRate[id=c9090b62-9119-498c-b924-14dd189e9bd7] transferring FlowFile[1048,93315058932811.mockFlowFile,14B] to 'success'
[pool-146-thread-1] INFO org.apache.nifi.processors.standard.ControlRate - ControlRate[id=c9090b62-9119-498c-b924-14dd189e9bd7] transferring FlowFile[1049,93315058944926.mockFlowFile,14B] to 'success'
[pool-146-thread-1] INFO org.apache.nifi.processors.standard.ControlRate - ControlRate[id=c9090b62-9119-498c-b924-14dd189e9bd7] transferring FlowFile[1050,93315058957069.mockFlowFile,14B] to 'success'
[pool-146-thread-1] INFO org.apache.nifi.processors.standard.ControlRate - ControlRate[id=c9090b62-9119-498c-b924-14dd189e9bd7] transferring FlowFile[1051,93315058968167.mockFlowFile,14B] to 'success'
[pool-146-thread-1] INFO org.apache.nifi.processors.standard.ControlRate - ControlRate[id=c9090b62-9119-498c-b924-14dd189e9bd7] transferring FlowFile[1052,93315058979981.mockFlowFile,14B] to 'success'
[pool-146-thread-1] INFO org.apache.nifi.processors.standard.ControlRate - ControlRate[id=c9090b62-9119-498c-b924-14dd189e9bd7] transferring FlowFile[1053,93315058990739.mockFlowFile,14B] to 'success'
[pool-146-thread-1] INFO org.apache.nifi.processors.standard.ControlRate - ControlRate[id=c9090b62-9119-498c-b924-14dd189e9bd7] transferring FlowFile[1054,93315059002842.mockFlowFile,14B] to 'success'
[pool-146-thread-1] INFO org.apache.nifi.processors.standard.ControlRate - ControlRate[id=c9090b62-9119-498c-b924-14dd189e9bd7] transferring FlowFile[1055,93315059019873.mockFlowFile,14B] to 'success'
[pool-146-thread-1] INFO org.apache.nifi.processors.standard.ControlRate - ControlRate[id=c9090b62-9119-498c-b924-14dd189e9bd7] transferring FlowFile[1056,93315059031064.mockFlowFile,14B] to 'success'
[pool-146-thread-1] INFO org.apache.nifi.processors.standard.ControlRate - ControlRate[id=c9090b62-9119-498c-b924-14dd189e9bd7] transferring FlowFile[1057,93315059043077.mockFlowFile,14B] to 'success'
[pool-146-thread-1] INFO org.apache.nifi.processors.standard.ControlRate - ControlRate[id=c9090b62-9119-498c-b924-14dd189e9bd7] transferring FlowFile[1058,93315059053854.mockFlowFile,14B] to 'success'
[pool-146-thread-1] INFO org.apache.nifi.processors.standard.ControlRate - ControlRate[id=c9090b62-9119-498c-b924-14dd189e9bd7] transferring FlowFile[1059,93315059066051.mockFlowFile,14B] to 'success'
[pool-146-thread-1] INFO org.apache.nifi.processors.standard.ControlRate - ControlRate[id=c9090b62-9119-498c-b924-14dd189e9bd7] transferring FlowFile[1060,93315059078249.mockFlowFile,14B] to 'success'
[pool-146-thread-1] INFO org.apache.nifi.processors.standard.ControlRate - ControlRate[id=c9090b62-9119-498c-b924-14dd189e9bd7] transferring FlowFile[1061,93315059089464.mockFlowFile,14B] to 'success'
[pool-146-thread-1] INFO org.apache.nifi.processors.standard.ControlRate - ControlRate[id=c9090b62-9119-498c-b924-14dd189e9bd7] transferring FlowFile[1062,93315059101785.mockFlowFile,14B] to 'success'
[pool-146-thread-1] INFO org.apache.nifi.processors.standard.ControlRate - ControlRate[id=c9090b62-9119-498c-b924-14dd189e9bd7] transferring FlowFile[1063,93315059117465.mockFlowFile,14B] to 'success'
[pool-146-thread-1] INFO org.apache.nifi.processors.standard.ControlRate - ControlRate[id=c9090b62-9119-498c-b924-14dd189e9bd7] transferring FlowFile[1064,93315059130541.mockFlowFile,14B] to 'success'
[pool-146-thread-1] INFO org.apache.nifi.processors.standard.ControlRate - ControlRate[id=c9090b62-9119-498c-b924-14dd189e9bd7] transferring FlowFile[1065,93315059142883.mockFlowFile,14B] to 'success'
[pool-146-thread-1] INFO org.apache.nifi.processors.standard.ControlRate - ControlRate[id=c9090b62-9119-498c-b924-14dd189e9bd7] transferring FlowFile[1066,93315059153873.mockFlowFile,14B] to 'success'
[pool-146-thread-1] INFO org.apache.nifi.processors.standard.ControlRate - ControlRate[id=c9090b62-9119-498c-b924-14dd189e9bd7] transferring FlowFile[1067,93315059165936.mockFlowFile,14B] to 'success'
[pool-146-thread-1] INFO org.apache.nifi.processors.standard.ControlRate - ControlRate[id=c9090b62-9119-498c-b924-14dd189e9bd7] transferring FlowFile[1068,93315059177143.mockFlowFile,14B] to 'success'
[pool-146-thread-1] INFO org.apache.nifi.processors.standard.ControlRate - ControlRate[id=c9090b62-9119-498c-b924-14dd189e9bd7] transferring FlowFile[1069,93315059189428.mockFlowFile,14B] to 'success'
[pool-146-thread-1] INFO org.apache.nifi.processors.standard.ControlRate - ControlRate[id=c9090b62-9119-498c-b924-14dd189e9bd7] transferring FlowFile[1070,93315059201639.mockFlowFile,14B] to 'success'
[pool-146-thread-1] INFO org.apache.nifi.processors.standard.ControlRate - ControlRate[id=c9090b62-9119-498c-b924-14dd189e9bd7] transferring FlowFile[1071,93315059217268.mockFlowFile,14B] to 'success'
[pool-146-thread-1] INFO org.apache.nifi.processors.standard.ControlRate - ControlRate[id=c9090b62-9119-498c-b924-14dd189e9bd7] transferring FlowFile[1072,93315059230107.mockFlowFile,14B] to 'success'
[pool-146-thread-1] INFO org.apache.nifi.processors.standard.ControlRate - ControlRate[id=c9090b62-9119-498c-b924-14dd189e9bd7] transferring FlowFile[1073,93315059241263.mockFlowFile,14B] to 'success'
[pool-146-thread-1] INFO org.apache.nifi.processors.standard.ControlRate - ControlRate[id=c9090b62-9119-498c-b924-14dd189e9bd7] transferring FlowFile[1074,93315059253618.mockFlowFile,14B] to 'success'
[pool-146-thread-1] INFO org.apache.nifi.processors.standard.ControlRate - ControlRate[id=c9090b62-9119-498c-b924-14dd189e9bd7] transferring FlowFile[1075,93315059265994.mockFlowFile,14B] to 'success'
[pool-146-thread-1] INFO org.apache.nifi.processors.standard.ControlRate - ControlRate[id=c9090b62-9119-498c-b924-14dd189e9bd7] transferring FlowFile[1076,93315059276983.mockFlowFile,14B] to 'success'
[pool-146-thread-1] INFO org.apache.nifi.processors.standard.ControlRate - ControlRate[id=c9090b62-9119-498c-b924-14dd189e9bd7] transferring FlowFile[1077,93315059288879.mockFlowFile,14B] to 'success'
[pool-146-thread-1] INFO org.apache.nifi.processors.standard.ControlRate - ControlRate[id=c9090b62-9119-498c-b924-14dd189e9bd7] transferring FlowFile[1078,93315059299564.mockFlowFile,14B] to 'success'
[pool-146-thread-1] INFO org.apache.nifi.processors.standard.ControlRate - ControlRate[id=c9090b62-9119-498c-b924-14dd189e9bd7] transferring FlowFile[1079,93315059315876.mockFlowFile,14B] to 'success'
[pool-146-thread-1] INFO org.apache.nifi.processors.standard.ControlRate - ControlRate[id=c9090b62-9119-498c-b924-14dd189e9bd7] transferring FlowFile[1080,93315059328031.mockFlowFile,14B] to 'success'
[pool-146-thread-1] INFO org.apache.nifi.processors.standard.ControlRate - ControlRate[id=c9090b62-9119-498c-b924-14dd189e9bd7] transferring FlowFile[1081,93315059338792.mockFlowFile,14B] to 'success'
[pool-146-thread-1] INFO org.apache.nifi.processors.standard.ControlRate - ControlRate[id=c9090b62-9119-498c-b924-14dd189e9bd7] transferring FlowFile[1082,93315059350915.mockFlowFile,14B] to 'success'
[pool-146-thread-1] INFO org.apache.nifi.processors.standard.ControlRate - ControlRate[id=c9090b62-9119-498c-b924-14dd189e9bd7] transferring FlowFile[1083,93315059361694.mockFlowFile,14B] to 'success'
[pool-146-thread-1] INFO org.apache.nifi.processors.standard.ControlRate - ControlRate[id=c9090b62-9119-498c-b924-14dd189e9bd7] transferring FlowFile[1084,93315059373788.mockFlowFile,14B] to 'success'
[pool-146-thread-1] INFO org.apache.nifi.processors.standard.ControlRate - ControlRate[id=c9090b62-9119-498c-b924-14dd189e9bd7] transferring FlowFile[1085,93315059385648.mockFlowFile,14B] to 'success'
[pool-146-thread-1] INFO org.apache.nifi.processors.standard.ControlRate - ControlRate[id=c9090b62-9119-498c-b924-14dd189e9bd7] transferring FlowFile[1086,93315059396554.mockFlowFile,14B] to 'success'
[pool-146-thread-1] INFO org.apache.nifi.processors.standard.ControlRate - ControlRate[id=c9090b62-9119-498c-b924-14dd189e9bd7] transferring FlowFile[1087,93315059412704.mockFlowFile,14B] to 'success'
[pool-146-thread-1] INFO org.apache.nifi.processors.standard.ControlRate - ControlRate[id=c9090b62-9119-498c-b924-14dd189e9bd7] transferring FlowFile[1088,93315059423759.mockFlowFile,14B] to 'success'
[pool-146-thread-1] INFO org.apache.nifi.processors.standard.ControlRate - ControlRate[id=c9090b62-9119-498c-b924-14dd189e9bd7] transferring FlowFile[1089,93315059435899.mockFlowFile,14B] to 'success'
[pool-146-thread-1] INFO org.apache.nifi.processors.standard.ControlRate - ControlRate[id=c9090b62-9119-498c-b924-14dd189e9bd7] transferring FlowFile[1090,93315059447933.mockFlowFile,14B] to 'success'
[pool-146-thread-1] INFO org.apache.nifi.processors.standard.ControlRate - ControlRate[id=c9090b62-9119-498c-b924-14dd189e9bd7] transferring FlowFile[1091,93315059459109.mockFlowFile,14B] to 'success'
[pool-146-thread-1] INFO org.apache.nifi.processors.standard.ControlRate - ControlRate[id=c9090b62-9119-498c-b924-14dd189e9bd7] transferring FlowFile[1092,93315059470718.mockFlowFile,14B] to 'success'
[pool-146-thread-1] INFO org.apache.nifi.processors.standard.ControlRate - ControlRate[id=c9090b62-9119-498c-b924-14dd189e9bd7] transferring FlowFile[1093,93315059483211.mockFlowFile,14B] to 'success'
[pool-146-thread-1] INFO org.apache.nifi.processors.standard.ControlRate - ControlRate[id=c9090b62-9119-498c-b924-14dd189e9bd7] transferring FlowFile[1094,93315059496744.mockFlowFile,14B] to 'success'
[pool-146-thread-1] INFO org.apache.nifi.processors.standard.ControlRate - ControlRate[id=c9090b62-9119-498c-b924-14dd189e9bd7] transferring FlowFile[1095,93315059513052.mockFlowFile,14B] to 'success'
[pool-146-thread-1] INFO org.apache.nifi.processors.standard.ControlRate - ControlRate[id=c9090b62-9119-498c-b924-14dd189e9bd7] transferring FlowFile[1096,93315059524509.mockFlowFile,14B] to 'success'
[pool-146-thread-1] INFO org.apache.nifi.processors.standard.ControlRate - ControlRate[id=c9090b62-9119-498c-b924-14dd189e9bd7] transferring FlowFile[1097,93315059536230.mockFlowFile,14B] to 'success'
[pool-146-thread-1] INFO org.apache.nifi.processors.standard.ControlRate - ControlRate[id=c9090b62-9119-498c-b924-14dd189e9bd7] transferring FlowFile[1098,93315059546949.mockFlowFile,14B] to 'success'
[pool-146-thread-1] INFO org.apache.nifi.processors.standard.ControlRate - ControlRate[id=c9090b62-9119-498c-b924-14dd189e9bd7] transferring FlowFile[1099,93315059559137.mockFlowFile,14B] to 'success'
[pool-146-thread-1] INFO org.apache.nifi.processors.standard.ControlRate - ControlRate[id=c9090b62-9119-498c-b924-14dd189e9bd7] transferring FlowFile[1100,93315059571185.mockFlowFile,14B] to 'success'
[pool-146-thread-1] INFO org.apache.nifi.processors.standard.ControlRate - ControlRate[id=c9090b62-9119-498c-b924-14dd189e9bd7] transferring FlowFile[1101,93315059581907.mockFlowFile,14B] to 'success'
[pool-146-thread-1] INFO org.apache.nifi.processors.standard.ControlRate - ControlRate[id=c9090b62-9119-498c-b924-14dd189e9bd7] transferring FlowFile[1102,93315059594044.mockFlowFile,14B] to 'success'
[pool-146-thread-1] INFO org.apache.nifi.processors.standard.ControlRate - ControlRate[id=c9090b62-9119-498c-b924-14dd189e9bd7] transferring FlowFile[1103,93315059610137.mockFlowFile,14B] to 'success'
[pool-146-thread-1] INFO org.apache.nifi.processors.standard.ControlRate - ControlRate[id=c9090b62-9119-498c-b924-14dd189e9bd7] transferring FlowFile[1104,93315059623434.mockFlowFile,14B] to 'success'
[pool-146-thread-1] INFO org.apache.nifi.processors.standard.ControlRate - ControlRate[id=c9090b62-9119-498c-b924-14dd189e9bd7] transferring FlowFile[1105,93315059635992.mockFlowFile,14B] to 'success'
[pool-146-thread-1] INFO org.apache.nifi.processors.standard.ControlRate - ControlRate[id=c9090b62-9119-498c-b924-14dd189e9bd7] transferring FlowFile[1106,93315059647382.mockFlowFile,14B] to 'success'
[pool-146-thread-1] INFO org.apache.nifi.processors.standard.ControlRate - ControlRate[id=c9090b62-9119-498c-b924-14dd189e9bd7] transferring FlowFile[1107,93315059660144.mockFlowFile,14B] to 'success'
[pool-146-thread-1] INFO org.apache.nifi.processors.standard.ControlRate - ControlRate[id=c9090b62-9119-498c-b924-14dd189e9bd7] transferring FlowFile[1108,93315059674383.mockFlowFile,14B] to 'success'
[pool-146-thread-1] INFO org.apache.nifi.processors.standard.ControlRate - ControlRate[id=c9090b62-9119-498c-b924-14dd189e9bd7] transferring FlowFile[1109,93315059687126.mockFlowFile,14B] to 'success'
[pool-146-thread-1] INFO org.apache.nifi.processors.standard.ControlRate - ControlRate[id=c9090b62-9119-498c-b924-14dd189e9bd7] transferring FlowFile[1110,93315059702442.mockFlowFile,14B] to 'success'
[pool-146-thread-1] INFO org.apache.nifi.processors.standard.ControlRate - ControlRate[id=c9090b62-9119-498c-b924-14dd189e9bd7] transferring FlowFile[1111,93315059719160.mockFlowFile,14B] to 'success'
[pool-146-thread-1] INFO org.apache.nifi.processors.standard.ControlRate - ControlRate[id=c9090b62-9119-498c-b924-14dd189e9bd7] transferring FlowFile[1112,93315059732428.mockFlowFile,14B] to 'success'
[pool-146-thread-1] INFO org.apache.nifi.processors.standard.ControlRate - ControlRate[id=c9090b62-9119-498c-b924-14dd189e9bd7] transferring FlowFile[1113,93315059743872.mockFlowFile,14B] to 'success'
[pool-146-thread-1] INFO org.apache.nifi.processors.standard.ControlRate - ControlRate[id=c9090b62-9119-498c-b924-14dd189e9bd7] transferring FlowFile[1114,93315059756783.mockFlowFile,14B] to 'success'
[pool-146-thread-1] INFO org.apache.nifi.processors.standard.ControlRate - ControlRate[id=c9090b62-9119-498c-b924-14dd189e9bd7] transferring FlowFile[1115,93315059769610.mockFlowFile,14B] to 'success'
[pool-146-thread-1] INFO org.apache.nifi.processors.standard.ControlRate - ControlRate[id=c9090b62-9119-498c-b924-14dd189e9bd7] transferring FlowFile[1116,93315059780999.mockFlowFile,14B] to 'success'
[pool-146-thread-1] INFO org.apache.nifi.processors.standard.ControlRate - ControlRate[id=c9090b62-9119-498c-b924-14dd189e9bd7] transferring FlowFile[1117,93315059793888.mockFlowFile,14B] to 'success'
[pool-146-thread-1] INFO org.apache.nifi.processors.standard.ControlRate - ControlRate[id=c9090b62-9119-498c-b924-14dd189e9bd7] transferring FlowFile[1118,93315059804714.mockFlowFile,14B] to 'success'
[pool-146-thread-1] INFO org.apache.nifi.processors.standard.ControlRate - ControlRate[id=c9090b62-9119-498c-b924-14dd189e9bd7] transferring FlowFile[1119,93315059822311.mockFlowFile,14B] to 'success'
[pool-146-thread-1] INFO org.apache.nifi.processors.standard.ControlRate - ControlRate[id=c9090b62-9119-498c-b924-14dd189e9bd7] transferring FlowFile[1120,93315059836475.mockFlowFile,14B] to 'success'
[pool-146-thread-1] INFO org.apache.nifi.processors.standard.ControlRate - ControlRate[id=c9090b62-9119-498c-b924-14dd189e9bd7] transferring FlowFile[1121,93315059847893.mockFlowFile,14B] to 'success'
[pool-146-thread-1] INFO org.apache.nifi.processors.standard.ControlRate - ControlRate[id=c9090b62-9119-498c-b924-14dd189e9bd7] transferring FlowFile[1122,93315059860265.mockFlowFile,14B] to 'success'
[pool-146-thread-1] INFO org.apache.nifi.processors.standard.ControlRate - ControlRate[id=c9090b62-9119-498c-b924-14dd189e9bd7] transferring FlowFile[1123,93315059872440.mockFlowFile,14B] to 'success'
[pool-146-thread-1] INFO org.apache.nifi.processors.standard.ControlRate - ControlRate[id=c9090b62-9119-498c-b924-14dd189e9bd7] transferring FlowFile[1124,93315059885773.mockFlowFile,14B] to 'success'
[pool-146-thread-1] INFO org.apache.nifi.processors.standard.ControlRate - ControlRate[id=c9090b62-9119-498c-b924-14dd189e9bd7] transferring FlowFile[1125,93315059899133.mockFlowFile,14B] to 'success'
[pool-146-thread-1] INFO org.apache.nifi.processors.standard.ControlRate - ControlRate[id=c9090b62-9119-498c-b924-14dd189e9bd7] transferring FlowFile[1126,93315059911088.mockFlowFile,14B] to 'success'
[pool-146-thread-1] INFO org.apache.nifi.processors.standard.ControlRate - ControlRate[id=c9090b62-9119-498c-b924-14dd189e9bd7] transferring FlowFile[1127,93315059929535.mockFlowFile,14B] to 'success'
[pool-146-thread-1] INFO org.apache.nifi.processors.standard.ControlRate - ControlRate[id=c9090b62-9119-498c-b924-14dd189e9bd7] transferring FlowFile[1128,93315059941819.mockFlowFile,14B] to 'success'
[pool-146-thread-1] INFO org.apache.nifi.processors.standard.ControlRate - ControlRate[id=c9090b62-9119-498c-b924-14dd189e9bd7] transferring FlowFile[1129,93315059954957.mockFlowFile,14B] to 'success'
[pool-146-thread-1] INFO org.apache.nifi.processors.standard.ControlRate - ControlRate[id=c9090b62-9119-498c-b924-14dd189e9bd7] transferring FlowFile[1130,93315059968322.mockFlowFile,14B] to 'success'
[pool-146-thread-1] INFO org.apache.nifi.processors.standard.ControlRate - ControlRate[id=c9090b62-9119-498c-b924-14dd189e9bd7] transferring FlowFile[1131,93315059980439.mockFlowFile,14B] to 'success'
[pool-146-thread-1] INFO org.apache.nifi.processors.standard.ControlRate - ControlRate[id=c9090b62-9119-498c-b924-14dd189e9bd7] transferring FlowFile[1132,93315059993632.mockFlowFile,14B] to 'success'
[pool-146-thread-1] INFO org.apache.nifi.processors.standard.ControlRate - ControlRate[id=c9090b62-9119-498c-b924-14dd189e9bd7] transferring FlowFile[1133,93315060019718.mockFlowFile,14B] to 'success'
[pool-146-thread-1] INFO org.apache.nifi.processors.standard.ControlRate - ControlRate[id=c9090b62-9119-498c-b924-14dd189e9bd7] transferring FlowFile[1134,93315060033626.mockFlowFile,14B] to 'success'
[pool-146-thread-1] INFO org.apache.nifi.processors.standard.ControlRate - ControlRate[id=c9090b62-9119-498c-b924-14dd189e9bd7] transferring FlowFile[1135,93315060051810.mockFlowFile,14B] to 'success'
[pool-146-thread-1] INFO org.apache.nifi.processors.standard.ControlRate - ControlRate[id=c9090b62-9119-498c-b924-14dd189e9bd7] transferring FlowFile[1136,93315060063972.mockFlowFile,14B] to 'success'
[pool-146-thread-1] INFO org.apache.nifi.processors.standard.ControlRate - ControlRate[id=c9090b62-9119-498c-b924-14dd189e9bd7] transferring FlowFile[1137,93315060076773.mockFlowFile,14B] to 'success'
[pool-146-thread-1] INFO org.apache.nifi.processors.standard.ControlRate - ControlRate[id=c9090b62-9119-498c-b924-14dd189e9bd7] transferring FlowFile[1138,93315060088479.mockFlowFile,14B] to 'success'
[pool-146-thread-1] INFO org.apache.nifi.processors.standard.ControlRate - ControlRate[id=c9090b62-9119-498c-b924-14dd189e9bd7] transferring FlowFile[1139,93315060101386.mockFlowFile,14B] to 'success'
[pool-146-thread-1] INFO org.apache.nifi.processors.standard.ControlRate - ControlRate[id=c9090b62-9119-498c-b924-14dd189e9bd7] transferring FlowFile[1140,93315060114669.mockFlowFile,14B] to 'success'
[pool-146-thread-1] INFO org.apache.nifi.processors.standard.ControlRate - ControlRate[id=c9090b62-9119-498c-b924-14dd189e9bd7] transferring FlowFile[1141,93315060126483.mockFlowFile,14B] to 'success'
[pool-146-thread-1] INFO org.apache.nifi.processors.standard.ControlRate - ControlRate[id=c9090b62-9119-498c-b924-14dd189e9bd7] transferring FlowFile[1142,93315060139893.mockFlowFile,14B] to 'success'
[pool-146-thread-1] INFO org.apache.nifi.processors.standard.ControlRate - ControlRate[id=c9090b62-9119-498c-b924-14dd189e9bd7] transferring FlowFile[1143,93315060156530.mockFlowFile,14B] to 'success'
[pool-146-thread-1] INFO org.apache.nifi.processors.standard.ControlRate - ControlRate[id=c9090b62-9119-498c-b924-14dd189e9bd7] transferring FlowFile[1144,93315060170786.mockFlowFile,14B] to 'success'
[pool-146-thread-1] INFO org.apache.nifi.processors.standard.ControlRate - ControlRate[id=c9090b62-9119-498c-b924-14dd189e9bd7] transferring FlowFile[1145,93315060183638.mockFlowFile,14B] to 'success'
[pool-146-thread-1] INFO org.apache.nifi.processors.standard.ControlRate - ControlRate[id=c9090b62-9119-498c-b924-14dd189e9bd7] transferring FlowFile[1146,93315060195300.mockFlowFile,14B] to 'success'
[pool-146-thread-1] INFO org.apache.nifi.processors.standard.ControlRate - ControlRate[id=c9090b62-9119-498c-b924-14dd189e9bd7] transferring FlowFile[1147,93315060208433.mockFlowFile,14B] to 'success'
[pool-146-thread-1] INFO org.apache.nifi.processors.standard.ControlRate - ControlRate[id=c9090b62-9119-498c-b924-14dd189e9bd7] transferring FlowFile[1148,93315060219472.mockFlowFile,14B] to 'success'
[pool-146-thread-1] INFO org.apache.nifi.processors.standard.ControlRate - ControlRate[id=c9090b62-9119-498c-b924-14dd189e9bd7] transferring FlowFile[1149,93315060231975.mockFlowFile,14B] to 'success'
[pool-146-thread-1] INFO org.apache.nifi.processors.standard.ControlRate - ControlRate[id=c9090b62-9119-498c-b924-14dd189e9bd7] transferring FlowFile[1150,93315060243853.mockFlowFile,14B] to 'success'
[pool-146-thread-1] INFO org.apache.nifi.processors.standard.ControlRate - ControlRate[id=c9090b62-9119-498c-b924-14dd189e9bd7] transferring FlowFile[1151,93315060259614.mockFlowFile,14B] to 'success'
[pool-146-thread-1] INFO org.apache.nifi.processors.standard.ControlRate - ControlRate[id=c9090b62-9119-498c-b924-14dd189e9bd7] transferring FlowFile[1152,93315060273113.mockFlowFile,14B] to 'success'
[pool-146-thread-1] INFO org.apache.nifi.processors.standard.ControlRate - ControlRate[id=c9090b62-9119-498c-b924-14dd189e9bd7] transferring FlowFile[1153,93315060284041.mockFlowFile,14B] to 'success'
[pool-146-thread-1] INFO org.apache.nifi.processors.standard.ControlRate - ControlRate[id=c9090b62-9119-498c-b924-14dd189e9bd7] transferring FlowFile[1154,93315060296294.mockFlowFile,14B] to 'success'
[pool-146-thread-1] INFO org.apache.nifi.processors.standard.ControlRate - ControlRate[id=c9090b62-9119-498c-b924-14dd189e9bd7] transferring FlowFile[1155,93315060308738.mockFlowFile,14B] to 'success'
[pool-146-thread-1] INFO org.apache.nifi.processors.standard.ControlRate - ControlRate[id=c9090b62-9119-498c-b924-14dd189e9bd7] transferring FlowFile[1156,93315060320093.mockFlowFile,14B] to 'success'
[pool-146-thread-1] INFO org.apache.nifi.processors.standard.ControlRate - ControlRate[id=c9090b62-9119-498c-b924-14dd189e9bd7] transferring FlowFile[1157,93315060332082.mockFlowFile,14B] to 'success'
[pool-146-thread-1] INFO org.apache.nifi.processors.standard.ControlRate - ControlRate[id=c9090b62-9119-498c-b924-14dd189e9bd7] transferring FlowFile[1158,93315060343075.mockFlowFile,14B] to 'success'
[pool-146-thread-1] INFO org.apache.nifi.processors.standard.ControlRate - ControlRate[id=c9090b62-9119-498c-b924-14dd189e9bd7] transferring FlowFile[1159,93315060359575.mockFlowFile,14B] to 'success'
[pool-146-thread-1] INFO org.apache.nifi.processors.standard.ControlRate - ControlRate[id=c9090b62-9119-498c-b924-14dd189e9bd7] transferring FlowFile[1160,93315060372019.mockFlowFile,14B] to 'success'
[pool-146-thread-1] INFO org.apache.nifi.processors.standard.ControlRate - ControlRate[id=c9090b62-9119-498c-b924-14dd189e9bd7] transferring FlowFile[1161,93315060383042.mockFlowFile,14B] to 'success'
[pool-146-thread-1] INFO org.apache.nifi.processors.standard.ControlRate - ControlRate[id=c9090b62-9119-498c-b924-14dd189e9bd7] transferring FlowFile[1162,93315060394659.mockFlowFile,14B] to 'success'
[pool-146-thread-1] INFO org.apache.nifi.processors.standard.ControlRate - ControlRate[id=c9090b62-9119-498c-b924-14dd189e9bd7] transferring FlowFile[1163,93315060405236.mockFlowFile,14B] to 'success'
[pool-146-thread-1] INFO org.apache.nifi.processors.standard.ControlRate - ControlRate[id=c9090b62-9119-498c-b924-14dd189e9bd7] transferring FlowFile[1164,93315060416944.mockFlowFile,14B] to 'success'
[pool-146-thread-1] INFO org.apache.nifi.processors.standard.ControlRate - ControlRate[id=c9090b62-9119-498c-b924-14dd189e9bd7] transferring FlowFile[1165,93315060429228.mockFlowFile,14B] to 'success'
[pool-146-thread-1] INFO org.apache.nifi.processors.standard.ControlRate - ControlRate[id=c9090b62-9119-498c-b924-14dd189e9bd7] transferring FlowFile[1166,93315060439960.mockFlowFile,14B] to 'success'
[pool-146-thread-1] INFO org.apache.nifi.processors.standard.ControlRate - ControlRate[id=c9090b62-9119-498c-b924-14dd189e9bd7] transferring FlowFile[1167,93315060456092.mockFlowFile,14B] to 'success'
[pool-146-thread-1] INFO org.apache.nifi.processors.standard.ControlRate - ControlRate[id=c9090b62-9119-498c-b924-14dd189e9bd7] transferring FlowFile[1168,93315060467627.mockFlowFile,14B] to 'success'
[pool-146-thread-1] INFO org.apache.nifi.processors.standard.ControlRate - ControlRate[id=c9090b62-9119-498c-b924-14dd189e9bd7] transferring FlowFile[1169,93315060481850.mockFlowFile,14B] to 'success'
[pool-146-thread-1] INFO org.apache.nifi.processors.standard.ControlRate - ControlRate[id=c9090b62-9119-498c-b924-14dd189e9bd7] transferring FlowFile[1170,93315060494271.mockFlowFile,14B] to 'success'
[pool-146-thread-1] INFO org.apache.nifi.processors.standard.ControlRate - ControlRate[id=c9090b62-9119-498c-b924-14dd189e9bd7] transferring FlowFile[1171,93315060506136.mockFlowFile,14B] to 'success'
[pool-146-thread-1] INFO org.apache.nifi.processors.standard.ControlRate - ControlRate[id=c9090b62-9119-498c-b924-14dd189e9bd7] transferring FlowFile[1172,93315060518022.mockFlowFile,14B] to 'success'
[pool-146-thread-1] INFO org.apache.nifi.processors.standard.ControlRate - ControlRate[id=c9090b62-9119-498c-b924-14dd189e9bd7] transferring FlowFile[1173,93315060528817.mockFlowFile,14B] to 'success'
[pool-146-thread-1] INFO org.apache.nifi.processors.standard.ControlRate - ControlRate[id=c9090b62-9119-498c-b924-14dd189e9bd7] transferring FlowFile[1174,93315060540360.mockFlowFile,14B] to 'success'
[pool-146-thread-1] INFO org.apache.nifi.processors.standard.ControlRate - ControlRate[id=c9090b62-9119-498c-b924-14dd189e9bd7] transferring FlowFile[1175,93315060556127.mockFlowFile,14B] to 'success'
[pool-146-thread-1] INFO org.apache.nifi.processors.standard.ControlRate - ControlRate[id=c9090b62-9119-498c-b924-14dd189e9bd7] transferring FlowFile[1176,93315060566970.mockFlowFile,14B] to 'success'
[pool-146-thread-1] INFO org.apache.nifi.processors.standard.ControlRate - ControlRate[id=c9090b62-9119-498c-b924-14dd189e9bd7] transferring FlowFile[1177,93315060578624.mockFlowFile,14B] to 'success'
[pool-146-thread-1] INFO org.apache.nifi.processors.standard.ControlRate - ControlRate[id=c9090b62-9119-498c-b924-14dd189e9bd7] transferring FlowFile[1178,93315060589062.mockFlowFile,14B] to 'success'
[pool-146-thread-1] INFO org.apache.nifi.processors.standard.ControlRate - ControlRate[id=c9090b62-9119-498c-b924-14dd189e9bd7] transferring FlowFile[1179,93315060600832.mockFlowFile,14B] to 'success'
[pool-146-thread-1] INFO org.apache.nifi.processors.standard.ControlRate - ControlRate[id=c9090b62-9119-498c-b924-14dd189e9bd7] transferring FlowFile[1180,93315060612366.mockFlowFile,14B] to 'success'
[pool-146-thread-1] INFO org.apache.nifi.processors.standard.ControlRate - ControlRate[id=c9090b62-9119-498c-b924-14dd189e9bd7] transferring FlowFile[1181,93315060623169.mockFlowFile,14B] to 'success'
[pool-146-thread-1] INFO org.apache.nifi.processors.standard.ControlRate - ControlRate[id=c9090b62-9119-498c-b924-14dd189e9bd7] transferring FlowFile[1182,93315060635200.mockFlowFile,14B] to 'success'
[pool-146-thread-1] INFO org.apache.nifi.processors.standard.ControlRate - ControlRate[id=c9090b62-9119-498c-b924-14dd189e9bd7] transferring FlowFile[1183,93315060649475.mockFlowFile,14B] to 'success'
[pool-146-thread-1] INFO org.apache.nifi.processors.standard.ControlRate - ControlRate[id=c9090b62-9119-498c-b924-14dd189e9bd7] transferring FlowFile[1184,93315060661901.mockFlowFile,14B] to 'success'
[pool-146-thread-1] INFO org.apache.nifi.processors.standard.ControlRate - ControlRate[id=c9090b62-9119-498c-b924-14dd189e9bd7] transferring FlowFile[1185,93315060673702.mockFlowFile,14B] to 'success'
[pool-146-thread-1] INFO org.apache.nifi.processors.standard.ControlRate - ControlRate[id=c9090b62-9119-498c-b924-14dd189e9bd7] transferring FlowFile[1186,93315060684435.mockFlowFile,14B] to 'success'
[pool-146-thread-1] INFO org.apache.nifi.processors.standard.ControlRate - ControlRate[id=c9090b62-9119-498c-b924-14dd189e9bd7] transferring FlowFile[1187,93315060696386.mockFlowFile,14B] to 'success'
[pool-146-thread-1] INFO org.apache.nifi.processors.standard.ControlRate - ControlRate[id=c9090b62-9119-498c-b924-14dd189e9bd7] transferring FlowFile[1188,93315060707158.mockFlowFile,14B] to 'success'
[pool-146-thread-1] INFO org.apache.nifi.processors.standard.ControlRate - ControlRate[id=c9090b62-9119-498c-b924-14dd189e9bd7] transferring FlowFile[1189,93315060718908.mockFlowFile,14B] to 'success'
[pool-146-thread-1] INFO org.apache.nifi.processors.standard.ControlRate - ControlRate[id=c9090b62-9119-498c-b924-14dd189e9bd7] transferring FlowFile[1190,93315060730823.mockFlowFile,14B] to 'success'
[pool-146-thread-1] INFO org.apache.nifi.processors.standard.ControlRate - ControlRate[id=c9090b62-9119-498c-b924-14dd189e9bd7] transferring FlowFile[1191,93315060746178.mockFlowFile,14B] to 'success'
[pool-146-thread-1] INFO org.apache.nifi.processors.standard.ControlRate - ControlRate[id=c9090b62-9119-498c-b924-14dd189e9bd7] transferring FlowFile[1192,93315060758494.mockFlowFile,14B] to 'success'
[pool-146-thread-1] INFO org.apache.nifi.processors.standard.ControlRate - ControlRate[id=c9090b62-9119-498c-b924-14dd189e9bd7] transferring FlowFile[1193,93315060770862.mockFlowFile,14B] to 'success'
[pool-146-thread-1] INFO org.apache.nifi.processors.standard.ControlRate - ControlRate[id=c9090b62-9119-498c-b924-14dd189e9bd7] transferring FlowFile[1194,93315060784407.mockFlowFile,14B] to 'success'
[pool-146-thread-1] INFO org.apache.nifi.processors.standard.ControlRate - ControlRate[id=c9090b62-9119-498c-b924-14dd189e9bd7] transferring FlowFile[1195,93315060796561.mockFlowFile,14B] to 'success'
[pool-146-thread-1] INFO org.apache.nifi.processors.standard.ControlRate - ControlRate[id=c9090b62-9119-498c-b924-14dd189e9bd7] transferring FlowFile[1196,93315060807515.mockFlowFile,14B] to 'success'
[pool-146-thread-1] INFO org.apache.nifi.processors.standard.ControlRate - ControlRate[id=c9090b62-9119-498c-b924-14dd189e9bd7] transferring FlowFile[1197,93315060819464.mockFlowFile,14B] to 'success'
[pool-146-thread-1] INFO org.apache.nifi.processors.standard.ControlRate - ControlRate[id=c9090b62-9119-498c-b924-14dd189e9bd7] transferring FlowFile[1198,93315060830343.mockFlowFile,14B] to 'success'
[pool-146-thread-1] INFO org.apache.nifi.processors.standard.ControlRate - ControlRate[id=c9090b62-9119-498c-b924-14dd189e9bd7] transferring FlowFile[1199,93315060846709.mockFlowFile,14B] to 'success'
[pool-146-thread-1] INFO org.apache.nifi.processors.standard.ControlRate - ControlRate[id=c9090b62-9119-498c-b924-14dd189e9bd7] transferring FlowFile[1200,93315060859211.mockFlowFile,14B] to 'success'
[pool-146-thread-1] INFO org.apache.nifi.processors.standard.ControlRate - ControlRate[id=c9090b62-9119-498c-b924-14dd189e9bd7] transferring FlowFile[1201,93315060870107.mockFlowFile,14B] to 'success'
[pool-146-thread-1] INFO org.apache.nifi.processors.standard.ControlRate - ControlRate[id=c9090b62-9119-498c-b924-14dd189e9bd7] transferring FlowFile[1202,93315060882176.mockFlowFile,14B] to 'success'
[pool-146-thread-1] INFO org.apache.nifi.processors.standard.ControlRate - ControlRate[id=c9090b62-9119-498c-b924-14dd189e9bd7] transferring FlowFile[1203,93315060893123.mockFlowFile,14B] to 'success'
[pool-146-thread-1] INFO org.apache.nifi.processors.standard.ControlRate - ControlRate[id=c9090b62-9119-498c-b924-14dd189e9bd7] transferring FlowFile[1204,93315060905189.mockFlowFile,14B] to 'success'
[pool-146-thread-1] INFO org.apache.nifi.processors.standard.ControlRate - ControlRate[id=c9090b62-9119-498c-b924-14dd189e9bd7] transferring FlowFile[1205,93315060917190.mockFlowFile,14B] to 'success'
[pool-146-thread-1] INFO org.apache.nifi.processors.standard.ControlRate - ControlRate[id=c9090b62-9119-498c-b924-14dd189e9bd7] transferring FlowFile[1206,93315060927852.mockFlowFile,14B] to 'success'
[pool-146-thread-1] INFO org.apache.nifi.processors.standard.ControlRate - ControlRate[id=c9090b62-9119-498c-b924-14dd189e9bd7] transferring FlowFile[1207,93315060944096.mockFlowFile,14B] to 'success'
[pool-146-thread-1] INFO org.apache.nifi.processors.standard.ControlRate - ControlRate[id=c9090b62-9119-498c-b924-14dd189e9bd7] transferring FlowFile[1208,93315060955760.mockFlowFile,14B] to 'success'
[pool-146-thread-1] INFO org.apache.nifi.processors.standard.ControlRate - ControlRate[id=c9090b62-9119-498c-b924-14dd189e9bd7] transferring FlowFile[1209,93315060968072.mockFlowFile,14B] to 'success'
[pool-146-thread-1] INFO org.apache.nifi.processors.standard.ControlRate - ControlRate[id=c9090b62-9119-498c-b924-14dd189e9bd7] transferring FlowFile[1210,93315060979732.mockFlowFile,14B] to 'success'
[pool-146-thread-1] INFO org.apache.nifi.processors.standard.ControlRate - ControlRate[id=c9090b62-9119-498c-b924-14dd189e9bd7] transferring FlowFile[1211,93315060990420.mockFlowFile,14B] to 'success'
[pool-146-thread-1] INFO org.apache.nifi.processors.standard.ControlRate - ControlRate[id=c9090b62-9119-498c-b924-14dd189e9bd7] transferring FlowFile[1212,93315061002112.mockFlowFile,14B] to 'success'
[pool-146-thread-1] INFO org.apache.nifi.processors.standard.ControlRate - ControlRate[id=c9090b62-9119-498c-b924-14dd189e9bd7] transferring FlowFile[1213,93315061012770.mockFlowFile,14B] to 'success'
[pool-146-thread-1] INFO org.apache.nifi.processors.standard.ControlRate - ControlRate[id=c9090b62-9119-498c-b924-14dd189e9bd7] transferring FlowFile[1214,93315061025866.mockFlowFile,14B] to 'success'
[pool-146-thread-1] INFO org.apache.nifi.processors.standard.ControlRate - ControlRate[id=c9090b62-9119-498c-b924-14dd189e9bd7] transferring FlowFile[1215,93315061042100.mockFlowFile,14B] to 'success'
[pool-146-thread-1] INFO org.apache.nifi.processors.standard.ControlRate - ControlRate[id=c9090b62-9119-498c-b924-14dd189e9bd7] transferring FlowFile[1216,93315061053157.mockFlowFile,14B] to 'success'
[pool-146-thread-1] INFO org.apache.nifi.processors.standard.ControlRate - ControlRate[id=c9090b62-9119-498c-b924-14dd189e9bd7] transferring FlowFile[1217,93315061064747.mockFlowFile,14B] to 'success'
[pool-146-thread-1] INFO org.apache.nifi.processors.standard.ControlRate - ControlRate[id=c9090b62-9119-498c-b924-14dd189e9bd7] transferring FlowFile[1218,93315061076239.mockFlowFile,14B] to 'success'
[pool-146-thread-1] INFO org.apache.nifi.processors.standard.ControlRate - ControlRate[id=c9090b62-9119-498c-b924-14dd189e9bd7] transferring FlowFile[1219,93315061088083.mockFlowFile,14B] to 'success'
[pool-146-thread-1] INFO org.apache.nifi.processors.standard.ControlRate - ControlRate[id=c9090b62-9119-498c-b924-14dd189e9bd7] transferring FlowFile[1220,93315061099785.mockFlowFile,14B] to 'success'
[pool-146-thread-1] INFO org.apache.nifi.processors.standard.ControlRate - ControlRate[id=c9090b62-9119-498c-b924-14dd189e9bd7] transferring FlowFile[1221,93315061110285.mockFlowFile,14B] to 'success'
[pool-146-thread-1] INFO org.apache.nifi.processors.standard.ControlRate - ControlRate[id=c9090b62-9119-498c-b924-14dd189e9bd7] transferring FlowFile[1222,93315061122867.mockFlowFile,14B] to 'success'
[pool-146-thread-1] INFO org.apache.nifi.processors.standard.ControlRate - ControlRate[id=c9090b62-9119-498c-b924-14dd189e9bd7] transferring FlowFile[1223,93315061137418.mockFlowFile,14B] to 'success'
[pool-146-thread-1] INFO org.apache.nifi.processors.standard.ControlRate - ControlRate[id=c9090b62-9119-498c-b924-14dd189e9bd7] transferring FlowFile[1224,93315061149612.mockFlowFile,14B] to 'success'
[pool-146-thread-1] INFO org.apache.nifi.processors.standard.ControlRate - ControlRate[id=c9090b62-9119-498c-b924-14dd189e9bd7] transferring FlowFile[1225,93315061161385.mockFlowFile,14B] to 'success'
[pool-146-thread-1] INFO org.apache.nifi.processors.standard.ControlRate - ControlRate[id=c9090b62-9119-498c-b924-14dd189e9bd7] transferring FlowFile[1226,93315061172005.mockFlowFile,14B] to 'success'
[pool-146-thread-1] INFO org.apache.nifi.processors.standard.ControlRate - ControlRate[id=c9090b62-9119-498c-b924-14dd189e9bd7] transferring FlowFile[1227,93315061183981.mockFlowFile,14B] to 'success'
[pool-146-thread-1] INFO org.apache.nifi.processors.standard.ControlRate - ControlRate[id=c9090b62-9119-498c-b924-14dd189e9bd7] transferring FlowFile[1228,93315061194625.mockFlowFile,14B] to 'success'
[pool-146-thread-1] INFO org.apache.nifi.processors.standard.ControlRate - ControlRate[id=c9090b62-9119-498c-b924-14dd189e9bd7] transferring FlowFile[1229,93315061206367.mockFlowFile,14B] to 'success'
[pool-146-thread-1] INFO org.apache.nifi.processors.standard.ControlRate - ControlRate[id=c9090b62-9119-498c-b924-14dd189e9bd7] transferring FlowFile[1230,93315061217811.mockFlowFile,14B] to 'success'
[pool-146-thread-1] INFO org.apache.nifi.processors.standard.ControlRate - ControlRate[id=c9090b62-9119-498c-b924-14dd189e9bd7] transferring FlowFile[1231,93315061232959.mockFlowFile,14B] to 'success'
[pool-146-thread-1] INFO org.apache.nifi.processors.standard.ControlRate - ControlRate[id=c9090b62-9119-498c-b924-14dd189e9bd7] transferring FlowFile[1232,93315061247697.mockFlowFile,14B] to 'success'
[pool-146-thread-1] INFO org.apache.nifi.processors.standard.ControlRate - ControlRate[id=c9090b62-9119-498c-b924-14dd189e9bd7] transferring FlowFile[1233,93315061258750.mockFlowFile,14B] to 'success'
[pool-146-thread-1] INFO org.apache.nifi.processors.standard.ControlRate - ControlRate[id=c9090b62-9119-498c-b924-14dd189e9bd7] transferring FlowFile[1234,93315061270713.mockFlowFile,14B] to 'success'
[pool-146-thread-1] INFO org.apache.nifi.processors.standard.ControlRate - ControlRate[id=c9090b62-9119-498c-b924-14dd189e9bd7] transferring FlowFile[1235,93315061282462.mockFlowFile,14B] to 'success'
[pool-146-thread-1] INFO org.apache.nifi.processors.standard.ControlRate - ControlRate[id=c9090b62-9119-498c-b924-14dd189e9bd7] transferring FlowFile[1236,93315061293138.mockFlowFile,14B] to 'success'
[pool-146-thread-1] INFO org.apache.nifi.processors.standard.ControlRate - ControlRate[id=c9090b62-9119-498c-b924-14dd189e9bd7] transferring FlowFile[1237,93315061305170.mockFlowFile,14B] to 'success'
[pool-146-thread-1] INFO org.apache.nifi.processors.standard.ControlRate - ControlRate[id=c9090b62-9119-498c-b924-14dd189e9bd7] transferring FlowFile[1238,93315061316046.mockFlowFile,14B] to 'success'
[pool-146-thread-1] INFO org.apache.nifi.processors.standard.ControlRate - ControlRate[id=c9090b62-9119-498c-b924-14dd189e9bd7] transferring FlowFile[1239,93315061332415.mockFlowFile,14B] to 'success'
[pool-146-thread-1] INFO org.apache.nifi.processors.standard.ControlRate - ControlRate[id=c9090b62-9119-498c-b924-14dd189e9bd7] transferring FlowFile[1240,93315061344728.mockFlowFile,14B] to 'success'
[pool-146-thread-1] INFO org.apache.nifi.processors.standard.ControlRate - ControlRate[id=c9090b62-9119-498c-b924-14dd189e9bd7] transferring FlowFile[1241,93315061355443.mockFlowFile,14B] to 'success'
[pool-146-thread-1] INFO org.apache.nifi.processors.standard.ControlRate - ControlRate[id=c9090b62-9119-498c-b924-14dd189e9bd7] transferring FlowFile[1242,93315061367530.mockFlowFile,14B] to 'success'
[pool-146-thread-1] INFO org.apache.nifi.processors.standard.ControlRate - ControlRate[id=c9090b62-9119-498c-b924-14dd189e9bd7] transferring FlowFile[1243,93315061378885.mockFlowFile,14B] to 'success'
[pool-146-thread-1] INFO org.apache.nifi.processors.standard.ControlRate - ControlRate[id=c9090b62-9119-498c-b924-14dd189e9bd7] transferring FlowFile[1244,93315061391093.mockFlowFile,14B] to 'success'
[pool-146-thread-1] INFO org.apache.nifi.processors.standard.ControlRate - ControlRate[id=c9090b62-9119-498c-b924-14dd189e9bd7] transferring FlowFile[1245,93315061403032.mockFlowFile,14B] to 'success'
[pool-146-thread-1] INFO org.apache.nifi.processors.standard.ControlRate - ControlRate[id=c9090b62-9119-498c-b924-14dd189e9bd7] transferring FlowFile[1246,93315061413708.mockFlowFile,14B] to 'success'
[pool-146-thread-1] INFO org.apache.nifi.processors.standard.ControlRate - ControlRate[id=c9090b62-9119-498c-b924-14dd189e9bd7] transferring FlowFile[1247,93315061429517.mockFlowFile,14B] to 'success'
[pool-146-thread-1] INFO org.apache.nifi.processors.standard.ControlRate - ControlRate[id=c9090b62-9119-498c-b924-14dd189e9bd7] transferring FlowFile[1248,93315061440729.mockFlowFile,14B] to 'success'
[pool-146-thread-1] INFO org.apache.nifi.processors.standard.ControlRate - ControlRate[id=c9090b62-9119-498c-b924-14dd189e9bd7] transferring FlowFile[1249,93315061452764.mockFlowFile,14B] to 'success'
[pool-146-thread-1] INFO org.apache.nifi.processors.standard.ControlRate - ControlRate[id=c9090b62-9119-498c-b924-14dd189e9bd7] transferring FlowFile[1250,93315061464169.mockFlowFile,14B] to 'success'
[pool-146-thread-1] INFO org.apache.nifi.processors.standard.ControlRate - ControlRate[id=c9090b62-9119-498c-b924-14dd189e9bd7] transferring FlowFile[1251,93315061496816.mockFlowFile,14B] to 'success'
[pool-146-thread-1] INFO org.apache.nifi.processors.standard.ControlRate - ControlRate[id=c9090b62-9119-498c-b924-14dd189e9bd7] transferring FlowFile[1252,93315061509949.mockFlowFile,14B] to 'success'
[pool-146-thread-1] INFO org.apache.nifi.processors.standard.ControlRate - ControlRate[id=c9090b62-9119-498c-b924-14dd189e9bd7] transferring FlowFile[1253,93315061520908.mockFlowFile,14B] to 'success'
[pool-146-thread-1] INFO org.apache.nifi.processors.standard.ControlRate - ControlRate[id=c9090b62-9119-498c-b924-14dd189e9bd7] transferring FlowFile[1254,93315061532758.mockFlowFile,14B] to 'success'
[pool-146-thread-1] INFO org.apache.nifi.processors.standard.ControlRate - ControlRate[id=c9090b62-9119-498c-b924-14dd189e9bd7] transferring FlowFile[1255,93315061548995.mockFlowFile,14B] to 'success'
[pool-146-thread-1] INFO org.apache.nifi.processors.standard.ControlRate - ControlRate[id=c9090b62-9119-498c-b924-14dd189e9bd7] transferring FlowFile[1256,93315061562223.mockFlowFile,14B] to 'success'
[pool-146-thread-1] INFO org.apache.nifi.processors.standard.ControlRate - ControlRate[id=c9090b62-9119-498c-b924-14dd189e9bd7] transferring FlowFile[1257,93315061574148.mockFlowFile,14B] to 'success'
[pool-146-thread-1] INFO org.apache.nifi.processors.standard.ControlRate - ControlRate[id=c9090b62-9119-498c-b924-14dd189e9bd7] transferring FlowFile[1258,93315061584835.mockFlowFile,14B] to 'success'
[pool-146-thread-1] INFO org.apache.nifi.processors.standard.ControlRate - ControlRate[id=c9090b62-9119-498c-b924-14dd189e9bd7] transferring FlowFile[1259,93315061596883.mockFlowFile,14B] to 'success'
[pool-146-thread-1] INFO org.apache.nifi.processors.standard.ControlRate - ControlRate[id=c9090b62-9119-498c-b924-14dd189e9bd7] transferring FlowFile[1260,93315061609807.mockFlowFile,14B] to 'success'
[pool-146-thread-1] INFO org.apache.nifi.processors.standard.ControlRate - ControlRate[id=c9090b62-9119-498c-b924-14dd189e9bd7] transferring FlowFile[1261,93315061620863.mockFlowFile,14B] to 'success'
[pool-146-thread-1] INFO org.apache.nifi.processors.standard.ControlRate - ControlRate[id=c9090b62-9119-498c-b924-14dd189e9bd7] transferring FlowFile[1262,93315061633153.mockFlowFile,14B] to 'success'
[pool-146-thread-1] INFO org.apache.nifi.processors.standard.ControlRate - ControlRate[id=c9090b62-9119-498c-b924-14dd189e9bd7] transferring FlowFile[1263,93315061648039.mockFlowFile,14B] to 'success'
[pool-146-thread-1] INFO org.apache.nifi.processors.standard.ControlRate - ControlRate[id=c9090b62-9119-498c-b924-14dd189e9bd7] transferring FlowFile[1264,93315061660095.mockFlowFile,14B] to 'success'
[pool-146-thread-1] INFO org.apache.nifi.processors.standard.ControlRate - ControlRate[id=c9090b62-9119-498c-b924-14dd189e9bd7] transferring FlowFile[1265,93315061671767.mockFlowFile,14B] to 'success'
[pool-146-thread-1] INFO org.apache.nifi.processors.standard.ControlRate - ControlRate[id=c9090b62-9119-498c-b924-14dd189e9bd7] transferring FlowFile[1266,93315061682320.mockFlowFile,14B] to 'success'
[pool-146-thread-1] INFO org.apache.nifi.processors.standard.ControlRate - ControlRate[id=c9090b62-9119-498c-b924-14dd189e9bd7] transferring FlowFile[1267,93315061693676.mockFlowFile,14B] to 'success'
[pool-146-thread-1] INFO org.apache.nifi.processors.standard.ControlRate - ControlRate[id=c9090b62-9119-498c-b924-14dd189e9bd7] transferring FlowFile[1268,93315061703951.mockFlowFile,14B] to 'success'
[pool-146-thread-1] INFO org.apache.nifi.processors.standard.ControlRate - ControlRate[id=c9090b62-9119-498c-b924-14dd189e9bd7] transferring FlowFile[1269,93315061715409.mockFlowFile,14B] to 'success'
[pool-146-thread-1] INFO org.apache.nifi.processors.standard.ControlRate - ControlRate[id=c9090b62-9119-498c-b924-14dd189e9bd7] transferring FlowFile[1270,93315061727098.mockFlowFile,14B] to 'success'
[pool-146-thread-1] INFO org.apache.nifi.processors.standard.ControlRate - ControlRate[id=c9090b62-9119-498c-b924-14dd189e9bd7] transferring FlowFile[1271,93315061743288.mockFlowFile,14B] to 'success'
[pool-146-thread-1] INFO org.apache.nifi.processors.standard.ControlRate - ControlRate[id=c9090b62-9119-498c-b924-14dd189e9bd7] transferring FlowFile[1272,93315061756171.mockFlowFile,14B] to 'success'
[pool-146-thread-1] INFO org.apache.nifi.processors.standard.ControlRate - ControlRate[id=c9090b62-9119-498c-b924-14dd189e9bd7] transferring FlowFile[1273,93315061766559.mockFlowFile,14B] to 'success'
[pool-146-thread-1] INFO org.apache.nifi.processors.standard.ControlRate - ControlRate[id=c9090b62-9119-498c-b924-14dd189e9bd7] transferring FlowFile[1274,93315061777960.mockFlowFile,14B] to 'success'
[pool-146-thread-1] INFO org.apache.nifi.processors.standard.ControlRate - ControlRate[id=c9090b62-9119-498c-b924-14dd189e9bd7] transferring FlowFile[1275,93315061790349.mockFlowFile,14B] to 'success'
[pool-146-thread-1] INFO org.apache.nifi.processors.standard.ControlRate - ControlRate[id=c9090b62-9119-498c-b924-14dd189e9bd7] transferring FlowFile[1276,93315061801962.mockFlowFile,14B] to 'success'
[pool-146-thread-1] INFO org.apache.nifi.processors.standard.ControlRate - ControlRate[id=c9090b62-9119-498c-b924-14dd189e9bd7] transferring FlowFile[1277,93315061813399.mockFlowFile,14B] to 'success'
[pool-146-thread-1] INFO org.apache.nifi.processors.standard.ControlRate - ControlRate[id=c9090b62-9119-498c-b924-14dd189e9bd7] transferring FlowFile[1278,93315061823550.mockFlowFile,14B] to 'success'
[pool-146-thread-1] INFO org.apache.nifi.processors.standard.ControlRate - ControlRate[id=c9090b62-9119-498c-b924-14dd189e9bd7] transferring FlowFile[1279,93315061839023.mockFlowFile,14B] to 'success'
[pool-146-thread-1] INFO org.apache.nifi.processors.standard.ControlRate - ControlRate[id=c9090b62-9119-498c-b924-14dd189e9bd7] transferring FlowFile[1280,93315061850793.mockFlowFile,14B] to 'success'
[pool-146-thread-1] INFO org.apache.nifi.processors.standard.ControlRate - ControlRate[id=c9090b62-9119-498c-b924-14dd189e9bd7] transferring FlowFile[1281,93315061861944.mockFlowFile,14B] to 'success'
[pool-146-thread-1] INFO org.apache.nifi.processors.standard.ControlRate - ControlRate[id=c9090b62-9119-498c-b924-14dd189e9bd7] transferring FlowFile[1282,93315061873289.mockFlowFile,14B] to 'success'
[pool-146-thread-1] INFO org.apache.nifi.processors.standard.ControlRate - ControlRate[id=c9090b62-9119-498c-b924-14dd189e9bd7] transferring FlowFile[1283,93315061883444.mockFlowFile,14B] to 'success'
[pool-146-thread-1] INFO org.apache.nifi.processors.standard.ControlRate - ControlRate[id=c9090b62-9119-498c-b924-14dd189e9bd7] transferring FlowFile[1284,93315061894847.mockFlowFile,14B] to 'success'
[pool-146-thread-1] INFO org.apache.nifi.processors.standard.ControlRate - ControlRate[id=c9090b62-9119-498c-b924-14dd189e9bd7] transferring FlowFile[1285,93315061906021.mockFlowFile,14B] to 'success'
[pool-146-thread-1] INFO org.apache.nifi.processors.standard.ControlRate - ControlRate[id=c9090b62-9119-498c-b924-14dd189e9bd7] transferring FlowFile[1286,93315061916575.mockFlowFile,14B] to 'success'
[pool-146-thread-1] INFO org.apache.nifi.processors.standard.ControlRate - ControlRate[id=c9090b62-9119-498c-b924-14dd189e9bd7] transferring FlowFile[1287,93315061932042.mockFlowFile,14B] to 'success'
[pool-146-thread-1] INFO org.apache.nifi.processors.standard.ControlRate - ControlRate[id=c9090b62-9119-498c-b924-14dd189e9bd7] transferring FlowFile[1288,93315061942732.mockFlowFile,14B] to 'success'
[pool-146-thread-1] INFO org.apache.nifi.processors.standard.ControlRate - ControlRate[id=c9090b62-9119-498c-b924-14dd189e9bd7] transferring FlowFile[1289,93315061954871.mockFlowFile,14B] to 'success'
[pool-146-thread-1] INFO org.apache.nifi.processors.standard.ControlRate - ControlRate[id=c9090b62-9119-498c-b924-14dd189e9bd7] transferring FlowFile[1290,93315061966472.mockFlowFile,14B] to 'success'
[pool-146-thread-1] INFO org.apache.nifi.processors.standard.ControlRate - ControlRate[id=c9090b62-9119-498c-b924-14dd189e9bd7] transferring FlowFile[1291,93315061977110.mockFlowFile,14B] to 'success'
[pool-146-thread-1] INFO org.apache.nifi.processors.standard.ControlRate - ControlRate[id=c9090b62-9119-498c-b924-14dd189e9bd7] transferring FlowFile[1292,93315061988796.mockFlowFile,14B] to 'success'
[pool-146-thread-1] INFO org.apache.nifi.processors.standard.ControlRate - ControlRate[id=c9090b62-9119-498c-b924-14dd189e9bd7] transferring FlowFile[1293,93315062000123.mockFlowFile,14B] to 'success'
[pool-146-thread-1] INFO org.apache.nifi.processors.standard.ControlRate - ControlRate[id=c9090b62-9119-498c-b924-14dd189e9bd7] transferring FlowFile[1294,93315062011850.mockFlowFile,14B] to 'success'
[pool-146-thread-1] INFO org.apache.nifi.processors.standard.ControlRate - ControlRate[id=c9090b62-9119-498c-b924-14dd189e9bd7] transferring FlowFile[1295,93315062027341.mockFlowFile,14B] to 'success'
[pool-146-thread-1] INFO org.apache.nifi.processors.standard.ControlRate - ControlRate[id=c9090b62-9119-498c-b924-14dd189e9bd7] transferring FlowFile[1296,93315062038311.mockFlowFile,14B] to 'success'
[pool-146-thread-1] INFO org.apache.nifi.processors.standard.ControlRate - ControlRate[id=c9090b62-9119-498c-b924-14dd189e9bd7] transferring FlowFile[1297,93315062049843.mockFlowFile,14B] to 'success'
[pool-146-thread-1] INFO org.apache.nifi.processors.standard.ControlRate - ControlRate[id=c9090b62-9119-498c-b924-14dd189e9bd7] transferring FlowFile[1298,93315062060662.mockFlowFile,14B] to 'success'
[pool-146-thread-1] INFO org.apache.nifi.processors.standard.ControlRate - ControlRate[id=c9090b62-9119-498c-b924-14dd189e9bd7] transferring FlowFile[1299,93315062073420.mockFlowFile,14B] to 'success'
[pool-146-thread-1] INFO org.apache.nifi.processors.standard.ControlRate - ControlRate[id=c9090b62-9119-498c-b924-14dd189e9bd7] transferring FlowFile[1300,93315062085406.mockFlowFile,14B] to 'success'
[pool-146-thread-1] INFO org.apache.nifi.processors.standard.ControlRate - ControlRate[id=c9090b62-9119-498c-b924-14dd189e9bd7] transferring FlowFile[1301,93315062096129.mockFlowFile,14B] to 'success'
[pool-146-thread-1] INFO org.apache.nifi.processors.standard.ControlRate - ControlRate[id=c9090b62-9119-498c-b924-14dd189e9bd7] transferring FlowFile[1302,93315062107899.mockFlowFile,14B] to 'success'
[pool-146-thread-1] INFO org.apache.nifi.processors.standard.ControlRate - ControlRate[id=c9090b62-9119-498c-b924-14dd189e9bd7] transferring FlowFile[1303,93315062124062.mockFlowFile,14B] to 'success'
[pool-146-thread-1] INFO org.apache.nifi.processors.standard.ControlRate - ControlRate[id=c9090b62-9119-498c-b924-14dd189e9bd7] transferring FlowFile[1304,93315062136256.mockFlowFile,14B] to 'success'
[pool-146-thread-1] INFO org.apache.nifi.processors.standard.ControlRate - ControlRate[id=c9090b62-9119-498c-b924-14dd189e9bd7] transferring FlowFile[1305,93315062148104.mockFlowFile,14B] to 'success'
[pool-146-thread-1] INFO org.apache.nifi.processors.standard.ControlRate - ControlRate[id=c9090b62-9119-498c-b924-14dd189e9bd7] transferring FlowFile[1306,93315062158743.mockFlowFile,14B] to 'success'
[pool-146-thread-1] INFO org.apache.nifi.processors.standard.ControlRate - ControlRate[id=c9090b62-9119-498c-b924-14dd189e9bd7] transferring FlowFile[1307,93315062170764.mockFlowFile,14B] to 'success'
[pool-146-thread-1] INFO org.apache.nifi.processors.standard.ControlRate - ControlRate[id=c9090b62-9119-498c-b924-14dd189e9bd7] transferring FlowFile[1308,93315062181393.mockFlowFile,14B] to 'success'
[pool-146-thread-1] INFO org.apache.nifi.processors.standard.ControlRate - ControlRate[id=c9090b62-9119-498c-b924-14dd189e9bd7] transferring FlowFile[1309,93315062193616.mockFlowFile,14B] to 'success'
[pool-146-thread-1] INFO org.apache.nifi.processors.standard.ControlRate - ControlRate[id=c9090b62-9119-498c-b924-14dd189e9bd7] transferring FlowFile[1310,93315062204542.mockFlowFile,14B] to 'success'
[pool-146-thread-1] INFO org.apache.nifi.processors.standard.ControlRate - ControlRate[id=c9090b62-9119-498c-b924-14dd189e9bd7] transferring FlowFile[1311,93315062218652.mockFlowFile,14B] to 'success'
[pool-146-thread-1] INFO org.apache.nifi.processors.standard.ControlRate - ControlRate[id=c9090b62-9119-498c-b924-14dd189e9bd7] transferring FlowFile[1312,93315062231182.mockFlowFile,14B] to 'success'
[pool-146-thread-1] INFO org.apache.nifi.processors.standard.ControlRate - ControlRate[id=c9090b62-9119-498c-b924-14dd189e9bd7] transferring FlowFile[1313,93315062241179.mockFlowFile,14B] to 'success'
[pool-146-thread-1] INFO org.apache.nifi.processors.standard.ControlRate - ControlRate[id=c9090b62-9119-498c-b924-14dd189e9bd7] transferring FlowFile[1314,93315062253050.mockFlowFile,14B] to 'success'
[pool-146-thread-1] INFO org.apache.nifi.processors.standard.ControlRate - ControlRate[id=c9090b62-9119-498c-b924-14dd189e9bd7] transferring FlowFile[1315,93315062263902.mockFlowFile,14B] to 'success'
[pool-146-thread-1] INFO org.apache.nifi.processors.standard.ControlRate - ControlRate[id=c9090b62-9119-498c-b924-14dd189e9bd7] transferring FlowFile[1316,93315062274812.mockFlowFile,14B] to 'success'
[pool-146-thread-1] INFO org.apache.nifi.processors.standard.ControlRate - ControlRate[id=c9090b62-9119-498c-b924-14dd189e9bd7] transferring FlowFile[1317,93315062285740.mockFlowFile,14B] to 'success'
[pool-146-thread-1] INFO org.apache.nifi.processors.standard.ControlRate - ControlRate[id=c9090b62-9119-498c-b924-14dd189e9bd7] transferring FlowFile[1318,93315062309791.mockFlowFile,14B] to 'success'
[pool-146-thread-1] INFO org.apache.nifi.processors.standard.ControlRate - ControlRate[id=c9090b62-9119-498c-b924-14dd189e9bd7] transferring FlowFile[1319,93315062327755.mockFlowFile,14B] to 'success'
[pool-146-thread-1] INFO org.apache.nifi.processors.standard.ControlRate - ControlRate[id=c9090b62-9119-498c-b924-14dd189e9bd7] transferring FlowFile[1320,93315062340371.mockFlowFile,14B] to 'success'
[pool-146-thread-1] INFO org.apache.nifi.processors.standard.ControlRate - ControlRate[id=c9090b62-9119-498c-b924-14dd189e9bd7] transferring FlowFile[1321,93315062351233.mockFlowFile,14B] to 'success'
[pool-146-thread-1] INFO org.apache.nifi.processors.standard.ControlRate - ControlRate[id=c9090b62-9119-498c-b924-14dd189e9bd7] transferring FlowFile[1322,93315062364095.mockFlowFile,14B] to 'success'
[pool-146-thread-1] INFO org.apache.nifi.processors.standard.ControlRate - ControlRate[id=c9090b62-9119-498c-b924-14dd189e9bd7] transferring FlowFile[1323,93315062374921.mockFlowFile,14B] to 'success'
[pool-146-thread-1] INFO org.apache.nifi.processors.standard.ControlRate - ControlRate[id=c9090b62-9119-498c-b924-14dd189e9bd7] transferring FlowFile[1324,93315062386704.mockFlowFile,14B] to 'success'
[pool-146-thread-1] INFO org.apache.nifi.processors.standard.ControlRate - ControlRate[id=c9090b62-9119-498c-b924-14dd189e9bd7] transferring FlowFile[1325,93315062398812.mockFlowFile,14B] to 'success'
[pool-146-thread-1] INFO org.apache.nifi.processors.standard.ControlRate - ControlRate[id=c9090b62-9119-498c-b924-14dd189e9bd7] transferring FlowFile[1326,93315062409427.mockFlowFile,14B] to 'success'
[pool-146-thread-1] INFO org.apache.nifi.processors.standard.ControlRate - ControlRate[id=c9090b62-9119-498c-b924-14dd189e9bd7] transferring FlowFile[1327,93315062426165.mockFlowFile,14B] to 'success'
[pool-146-thread-1] INFO org.apache.nifi.processors.standard.ControlRate - ControlRate[id=c9090b62-9119-498c-b924-14dd189e9bd7] transferring FlowFile[1328,93315062437550.mockFlowFile,14B] to 'success'
[pool-146-thread-1] INFO org.apache.nifi.processors.standard.ControlRate - ControlRate[id=c9090b62-9119-498c-b924-14dd189e9bd7] transferring FlowFile[1329,93315062449506.mockFlowFile,14B] to 'success'
[pool-146-thread-1] INFO org.apache.nifi.processors.standard.ControlRate - ControlRate[id=c9090b62-9119-498c-b924-14dd189e9bd7] transferring FlowFile[1330,93315062461278.mockFlowFile,14B] to 'success'
[pool-146-thread-1] INFO org.apache.nifi.processors.standard.ControlRate - ControlRate[id=c9090b62-9119-498c-b924-14dd189e9bd7] transferring FlowFile[1331,93315062471925.mockFlowFile,14B] to 'success'
[pool-146-thread-1] INFO org.apache.nifi.processors.standard.ControlRate - ControlRate[id=c9090b62-9119-498c-b924-14dd189e9bd7] transferring FlowFile[1332,93315062483607.mockFlowFile,14B] to 'success'
[pool-146-thread-1] INFO org.apache.nifi.processors.standard.ControlRate - ControlRate[id=c9090b62-9119-498c-b924-14dd189e9bd7] transferring FlowFile[1333,93315062494275.mockFlowFile,14B] to 'success'
[pool-146-thread-1] INFO org.apache.nifi.processors.standard.ControlRate - ControlRate[id=c9090b62-9119-498c-b924-14dd189e9bd7] transferring FlowFile[1334,93315062506190.mockFlowFile,14B] to 'success'
[pool-146-thread-1] INFO org.apache.nifi.processors.standard.ControlRate - ControlRate[id=c9090b62-9119-498c-b924-14dd189e9bd7] transferring FlowFile[1335,93315062523605.mockFlowFile,14B] to 'success'
[pool-146-thread-1] INFO org.apache.nifi.processors.standard.ControlRate - ControlRate[id=c9090b62-9119-498c-b924-14dd189e9bd7] transferring FlowFile[1336,93315062534767.mockFlowFile,14B] to 'success'
[pool-146-thread-1] INFO org.apache.nifi.processors.standard.ControlRate - ControlRate[id=c9090b62-9119-498c-b924-14dd189e9bd7] transferring FlowFile[1337,93315062547120.mockFlowFile,14B] to 'success'
[pool-146-thread-1] INFO org.apache.nifi.processors.standard.ControlRate - ControlRate[id=c9090b62-9119-498c-b924-14dd189e9bd7] transferring FlowFile[1338,93315062557950.mockFlowFile,14B] to 'success'
[pool-146-thread-1] INFO org.apache.nifi.processors.standard.ControlRate - ControlRate[id=c9090b62-9119-498c-b924-14dd189e9bd7] transferring FlowFile[1339,93315062569941.mockFlowFile,14B] to 'success'
[pool-146-thread-1] INFO org.apache.nifi.processors.standard.ControlRate - ControlRate[id=c9090b62-9119-498c-b924-14dd189e9bd7] transferring FlowFile[1340,93315062581752.mockFlowFile,14B] to 'success'
[pool-146-thread-1] INFO org.apache.nifi.processors.standard.ControlRate - ControlRate[id=c9090b62-9119-498c-b924-14dd189e9bd7] transferring FlowFile[1341,93315062592615.mockFlowFile,14B] to 'success'
[pool-146-thread-1] INFO org.apache.nifi.processors.standard.ControlRate - ControlRate[id=c9090b62-9119-498c-b924-14dd189e9bd7] transferring FlowFile[1342,93315062604351.mockFlowFile,14B] to 'success'
[pool-146-thread-1] INFO org.apache.nifi.processors.standard.ControlRate - ControlRate[id=c9090b62-9119-498c-b924-14dd189e9bd7] transferring FlowFile[1343,93315062619170.mockFlowFile,14B] to 'success'
[pool-146-thread-1] INFO org.apache.nifi.processors.standard.ControlRate - ControlRate[id=c9090b62-9119-498c-b924-14dd189e9bd7] transferring FlowFile[1344,93315062631520.mockFlowFile,14B] to 'success'
[pool-146-thread-1] INFO org.apache.nifi.processors.standard.ControlRate - ControlRate[id=c9090b62-9119-498c-b924-14dd189e9bd7] transferring FlowFile[1345,93315062643666.mockFlowFile,14B] to 'success'
[pool-146-thread-1] INFO org.apache.nifi.processors.standard.ControlRate - ControlRate[id=c9090b62-9119-498c-b924-14dd189e9bd7] transferring FlowFile[1346,93315062654782.mockFlowFile,14B] to 'success'
[pool-146-thread-1] INFO org.apache.nifi.processors.standard.ControlRate - ControlRate[id=c9090b62-9119-498c-b924-14dd189e9bd7] transferring FlowFile[1347,93315062667018.mockFlowFile,14B] to 'success'
[pool-146-thread-1] INFO org.apache.nifi.processors.standard.ControlRate - ControlRate[id=c9090b62-9119-498c-b924-14dd189e9bd7] transferring FlowFile[1348,93315062677980.mockFlowFile,14B] to 'success'
[pool-146-thread-1] INFO org.apache.nifi.processors.standard.ControlRate - ControlRate[id=c9090b62-9119-498c-b924-14dd189e9bd7] transferring FlowFile[1349,93315062690094.mockFlowFile,14B] to 'success'
[pool-146-thread-1] INFO org.apache.nifi.processors.standard.ControlRate - ControlRate[id=c9090b62-9119-498c-b924-14dd189e9bd7] transferring FlowFile[1350,93315062702159.mockFlowFile,14B] to 'success'
[pool-146-thread-1] INFO org.apache.nifi.processors.standard.ControlRate - ControlRate[id=c9090b62-9119-498c-b924-14dd189e9bd7] transferring FlowFile[1351,93315062717219.mockFlowFile,14B] to 'success'
[pool-146-thread-1] INFO org.apache.nifi.processors.standard.ControlRate - ControlRate[id=c9090b62-9119-498c-b924-14dd189e9bd7] transferring FlowFile[1352,93315062729544.mockFlowFile,14B] to 'success'
[pool-146-thread-1] INFO org.apache.nifi.processors.standard.ControlRate - ControlRate[id=c9090b62-9119-498c-b924-14dd189e9bd7] transferring FlowFile[1353,93315062740737.mockFlowFile,14B] to 'success'
[pool-146-thread-1] INFO org.apache.nifi.processors.standard.ControlRate - ControlRate[id=c9090b62-9119-498c-b924-14dd189e9bd7] transferring FlowFile[1354,93315062752860.mockFlowFile,14B] to 'success'
[pool-146-thread-1] INFO org.apache.nifi.processors.standard.ControlRate - ControlRate[id=c9090b62-9119-498c-b924-14dd189e9bd7] transferring FlowFile[1355,93315062764837.mockFlowFile,14B] to 'success'
[pool-146-thread-1] INFO org.apache.nifi.processors.standard.ControlRate - ControlRate[id=c9090b62-9119-498c-b924-14dd189e9bd7] transferring FlowFile[1356,93315062775862.mockFlowFile,14B] to 'success'
[pool-146-thread-1] INFO org.apache.nifi.processors.standard.ControlRate - ControlRate[id=c9090b62-9119-498c-b924-14dd189e9bd7] transferring FlowFile[1357,93315062787854.mockFlowFile,14B] to 'success'
[pool-146-thread-1] INFO org.apache.nifi.processors.standard.ControlRate - ControlRate[id=c9090b62-9119-498c-b924-14dd189e9bd7] transferring FlowFile[1358,93315062798767.mockFlowFile,14B] to 'success'
[pool-146-thread-1] INFO org.apache.nifi.processors.standard.ControlRate - ControlRate[id=c9090b62-9119-498c-b924-14dd189e9bd7] transferring FlowFile[1359,93315062814573.mockFlowFile,14B] to 'success'
[pool-146-thread-1] INFO org.apache.nifi.processors.standard.ControlRate - ControlRate[id=c9090b62-9119-498c-b924-14dd189e9bd7] transferring FlowFile[1360,93315062826881.mockFlowFile,14B] to 'success'
[pool-146-thread-1] INFO org.apache.nifi.processors.standard.ControlRate - ControlRate[id=c9090b62-9119-498c-b924-14dd189e9bd7] transferring FlowFile[1361,93315062838203.mockFlowFile,14B] to 'success'
[pool-146-thread-1] INFO org.apache.nifi.processors.standard.ControlRate - ControlRate[id=c9090b62-9119-498c-b924-14dd189e9bd7] transferring FlowFile[1362,93315062850056.mockFlowFile,14B] to 'success'
[pool-146-thread-1] INFO org.apache.nifi.processors.standard.ControlRate - ControlRate[id=c9090b62-9119-498c-b924-14dd189e9bd7] transferring FlowFile[1363,93315062860701.mockFlowFile,14B] to 'success'
[pool-146-thread-1] INFO org.apache.nifi.processors.standard.ControlRate - ControlRate[id=c9090b62-9119-498c-b924-14dd189e9bd7] transferring FlowFile[1364,93315062897941.mockFlowFile,14B] to 'success'
[pool-146-thread-1] INFO org.apache.nifi.processors.standard.ControlRate - ControlRate[id=c9090b62-9119-498c-b924-14dd189e9bd7] transferring FlowFile[1365,93315062914570.mockFlowFile,14B] to 'success'
[pool-146-thread-1] INFO org.apache.nifi.processors.standard.ControlRate - ControlRate[id=c9090b62-9119-498c-b924-14dd189e9bd7] transferring FlowFile[1366,93315062924659.mockFlowFile,14B] to 'success'
[pool-146-thread-1] INFO org.apache.nifi.processors.standard.ControlRate - ControlRate[id=c9090b62-9119-498c-b924-14dd189e9bd7] transferring FlowFile[1367,93315062939957.mockFlowFile,14B] to 'success'
[pool-146-thread-1] INFO org.apache.nifi.processors.standard.ControlRate - ControlRate[id=c9090b62-9119-498c-b924-14dd189e9bd7] transferring FlowFile[1368,93315062950344.mockFlowFile,14B] to 'success'
[pool-146-thread-1] INFO org.apache.nifi.processors.standard.ControlRate - ControlRate[id=c9090b62-9119-498c-b924-14dd189e9bd7] transferring FlowFile[1369,93315062961191.mockFlowFile,14B] to 'success'
[pool-146-thread-1] INFO org.apache.nifi.processors.standard.ControlRate - ControlRate[id=c9090b62-9119-498c-b924-14dd189e9bd7] transferring FlowFile[1370,93315062971898.mockFlowFile,14B] to 'success'
[pool-146-thread-1] INFO org.apache.nifi.processors.standard.ControlRate - ControlRate[id=c9090b62-9119-498c-b924-14dd189e9bd7] transferring FlowFile[1371,93315062981834.mockFlowFile,14B] to 'success'
[pool-146-thread-1] INFO org.apache.nifi.processors.standard.ControlRate - ControlRate[id=c9090b62-9119-498c-b924-14dd189e9bd7] transferring FlowFile[1372,93315062992628.mockFlowFile,14B] to 'success'
[pool-146-thread-1] INFO org.apache.nifi.processors.standard.ControlRate - ControlRate[id=c9090b62-9119-498c-b924-14dd189e9bd7] transferring FlowFile[1373,93315063002564.mockFlowFile,14B] to 'success'
[pool-146-thread-1] INFO org.apache.nifi.processors.standard.ControlRate - ControlRate[id=c9090b62-9119-498c-b924-14dd189e9bd7] transferring FlowFile[1374,93315063013291.mockFlowFile,14B] to 'success'
[pool-146-thread-1] INFO org.apache.nifi.processors.standard.ControlRate - ControlRate[id=c9090b62-9119-498c-b924-14dd189e9bd7] transferring FlowFile[1375,93315063028181.mockFlowFile,14B] to 'success'
[pool-146-thread-1] INFO org.apache.nifi.processors.standard.ControlRate - ControlRate[id=c9090b62-9119-498c-b924-14dd189e9bd7] transferring FlowFile[1376,93315063038685.mockFlowFile,14B] to 'success'
[pool-146-thread-1] INFO org.apache.nifi.processors.standard.ControlRate - ControlRate[id=c9090b62-9119-498c-b924-14dd189e9bd7] transferring FlowFile[1377,93315063049600.mockFlowFile,14B] to 'success'
[pool-146-thread-1] INFO org.apache.nifi.processors.standard.ControlRate - ControlRate[id=c9090b62-9119-498c-b924-14dd189e9bd7] transferring FlowFile[1378,93315063059542.mockFlowFile,14B] to 'success'
[pool-146-thread-1] INFO org.apache.nifi.processors.standard.ControlRate - ControlRate[id=c9090b62-9119-498c-b924-14dd189e9bd7] transferring FlowFile[1379,93315063070104.mockFlowFile,14B] to 'success'
[pool-146-thread-1] INFO org.apache.nifi.processors.standard.ControlRate - ControlRate[id=c9090b62-9119-498c-b924-14dd189e9bd7] transferring FlowFile[1380,93315063080716.mockFlowFile,14B] to 'success'
[pool-146-thread-1] INFO org.apache.nifi.processors.standard.ControlRate - ControlRate[id=c9090b62-9119-498c-b924-14dd189e9bd7] transferring FlowFile[1381,93315063092285.mockFlowFile,14B] to 'success'
[pool-146-thread-1] INFO org.apache.nifi.processors.standard.ControlRate - ControlRate[id=c9090b62-9119-498c-b924-14dd189e9bd7] transferring FlowFile[1382,93315063103162.mockFlowFile,14B] to 'success'
[pool-146-thread-1] INFO org.apache.nifi.processors.standard.ControlRate - ControlRate[id=c9090b62-9119-498c-b924-14dd189e9bd7] transferring FlowFile[1383,93315063117210.mockFlowFile,14B] to 'success'
[pool-146-thread-1] INFO org.apache.nifi.processors.standard.ControlRate - ControlRate[id=c9090b62-9119-498c-b924-14dd189e9bd7] transferring FlowFile[1384,93315063128378.mockFlowFile,14B] to 'success'
[pool-146-thread-1] INFO org.apache.nifi.processors.standard.ControlRate - ControlRate[id=c9090b62-9119-498c-b924-14dd189e9bd7] transferring FlowFile[1385,93315063139301.mockFlowFile,14B] to 'success'
[pool-146-thread-1] INFO org.apache.nifi.processors.standard.ControlRate - ControlRate[id=c9090b62-9119-498c-b924-14dd189e9bd7] transferring FlowFile[1386,93315063149277.mockFlowFile,14B] to 'success'
[pool-146-thread-1] INFO org.apache.nifi.processors.standard.ControlRate - ControlRate[id=c9090b62-9119-498c-b924-14dd189e9bd7] transferring FlowFile[1387,93315063160122.mockFlowFile,14B] to 'success'
[pool-146-thread-1] INFO org.apache.nifi.processors.standard.ControlRate - ControlRate[id=c9090b62-9119-498c-b924-14dd189e9bd7] transferring FlowFile[1388,93315063170944.mockFlowFile,14B] to 'success'
[pool-146-thread-1] INFO org.apache.nifi.processors.standard.ControlRate - ControlRate[id=c9090b62-9119-498c-b924-14dd189e9bd7] transferring FlowFile[1389,93315063181962.mockFlowFile,14B] to 'success'
[pool-146-thread-1] INFO org.apache.nifi.processors.standard.ControlRate - ControlRate[id=c9090b62-9119-498c-b924-14dd189e9bd7] transferring FlowFile[1390,93315063192546.mockFlowFile,14B] to 'success'
[pool-146-thread-1] INFO org.apache.nifi.processors.standard.ControlRate - ControlRate[id=c9090b62-9119-498c-b924-14dd189e9bd7] transferring FlowFile[1391,93315063206336.mockFlowFile,14B] to 'success'
[pool-146-thread-1] INFO org.apache.nifi.processors.standard.ControlRate - ControlRate[id=c9090b62-9119-498c-b924-14dd189e9bd7] transferring FlowFile[1392,93315063217276.mockFlowFile,14B] to 'success'
[pool-146-thread-1] INFO org.apache.nifi.processors.standard.ControlRate - ControlRate[id=c9090b62-9119-498c-b924-14dd189e9bd7] transferring FlowFile[1393,93315063228204.mockFlowFile,14B] to 'success'
[pool-146-thread-1] INFO org.apache.nifi.processors.standard.ControlRate - ControlRate[id=c9090b62-9119-498c-b924-14dd189e9bd7] transferring FlowFile[1394,93315063238879.mockFlowFile,14B] to 'success'
[pool-146-thread-1] INFO org.apache.nifi.processors.standard.ControlRate - ControlRate[id=c9090b62-9119-498c-b924-14dd189e9bd7] transferring FlowFile[1395,93315063249563.mockFlowFile,14B] to 'success'
[pool-146-thread-1] INFO org.apache.nifi.processors.standard.ControlRate - ControlRate[id=c9090b62-9119-498c-b924-14dd189e9bd7] transferring FlowFile[1396,93315063259467.mockFlowFile,14B] to 'success'
[pool-146-thread-1] INFO org.apache.nifi.processors.standard.ControlRate - ControlRate[id=c9090b62-9119-498c-b924-14dd189e9bd7] transferring FlowFile[1397,93315063269926.mockFlowFile,14B] to 'success'
[pool-146-thread-1] INFO org.apache.nifi.processors.standard.ControlRate - ControlRate[id=c9090b62-9119-498c-b924-14dd189e9bd7] transferring FlowFile[1398,93315063279901.mockFlowFile,14B] to 'success'
[pool-146-thread-1] INFO org.apache.nifi.processors.standard.ControlRate - ControlRate[id=c9090b62-9119-498c-b924-14dd189e9bd7] transferring FlowFile[1399,93315063294794.mockFlowFile,14B] to 'success'
[pool-146-thread-1] INFO org.apache.nifi.processors.standard.ControlRate - ControlRate[id=c9090b62-9119-498c-b924-14dd189e9bd7] transferring FlowFile[1400,93315063306183.mockFlowFile,14B] to 'success'
[pool-146-thread-1] INFO org.apache.nifi.processors.standard.ControlRate - ControlRate[id=c9090b62-9119-498c-b924-14dd189e9bd7] transferring FlowFile[1401,93315063316244.mockFlowFile,14B] to 'success'
[pool-146-thread-1] INFO org.apache.nifi.processors.standard.ControlRate - ControlRate[id=c9090b62-9119-498c-b924-14dd189e9bd7] transferring FlowFile[1402,93315063327090.mockFlowFile,14B] to 'success'
[pool-146-thread-1] INFO org.apache.nifi.processors.standard.ControlRate - ControlRate[id=c9090b62-9119-498c-b924-14dd189e9bd7] transferring FlowFile[1403,93315063337357.mockFlowFile,14B] to 'success'
[pool-146-thread-1] INFO org.apache.nifi.processors.standard.ControlRate - ControlRate[id=c9090b62-9119-498c-b924-14dd189e9bd7] transferring FlowFile[1404,93315063348082.mockFlowFile,14B] to 'success'
[pool-146-thread-1] INFO org.apache.nifi.processors.standard.ControlRate - ControlRate[id=c9090b62-9119-498c-b924-14dd189e9bd7] transferring FlowFile[1405,93315063358752.mockFlowFile,14B] to 'success'
[pool-146-thread-1] INFO org.apache.nifi.processors.standard.ControlRate - ControlRate[id=c9090b62-9119-498c-b924-14dd189e9bd7] transferring FlowFile[1406,93315063368567.mockFlowFile,14B] to 'success'
[pool-146-thread-1] INFO org.apache.nifi.processors.standard.ControlRate - ControlRate[id=c9090b62-9119-498c-b924-14dd189e9bd7] transferring FlowFile[1407,93315063384914.mockFlowFile,14B] to 'success'
[pool-146-thread-1] INFO org.apache.nifi.processors.standard.ControlRate - ControlRate[id=c9090b62-9119-498c-b924-14dd189e9bd7] transferring FlowFile[1408,93315063395237.mockFlowFile,14B] to 'success'
[pool-146-thread-1] INFO org.apache.nifi.processors.standard.ControlRate - ControlRate[id=c9090b62-9119-498c-b924-14dd189e9bd7] transferring FlowFile[1409,93315063406021.mockFlowFile,14B] to 'success'
[pool-146-thread-1] INFO org.apache.nifi.processors.standard.ControlRate - ControlRate[id=c9090b62-9119-498c-b924-14dd189e9bd7] transferring FlowFile[1410,93315063416737.mockFlowFile,14B] to 'success'
[pool-146-thread-1] INFO org.apache.nifi.processors.standard.ControlRate - ControlRate[id=c9090b62-9119-498c-b924-14dd189e9bd7] transferring FlowFile[1411,93315063426795.mockFlowFile,14B] to 'success'
[pool-146-thread-1] INFO org.apache.nifi.processors.standard.ControlRate - ControlRate[id=c9090b62-9119-498c-b924-14dd189e9bd7] transferring FlowFile[1412,93315063437984.mockFlowFile,14B] to 'success'
[pool-146-thread-1] INFO org.apache.nifi.processors.standard.ControlRate - ControlRate[id=c9090b62-9119-498c-b924-14dd189e9bd7] transferring FlowFile[1413,93315063447833.mockFlowFile,14B] to 'success'
[pool-146-thread-1] INFO org.apache.nifi.processors.standard.ControlRate - ControlRate[id=c9090b62-9119-498c-b924-14dd189e9bd7] transferring FlowFile[1414,93315063458471.mockFlowFile,14B] to 'success'
[pool-146-thread-1] INFO org.apache.nifi.processors.standard.ControlRate - ControlRate[id=c9090b62-9119-498c-b924-14dd189e9bd7] transferring FlowFile[1415,93315063473541.mockFlowFile,14B] to 'success'
[pool-146-thread-1] INFO org.apache.nifi.processors.standard.ControlRate - ControlRate[id=c9090b62-9119-498c-b924-14dd189e9bd7] transferring FlowFile[1416,93315063484006.mockFlowFile,14B] to 'success'
[pool-146-thread-1] INFO org.apache.nifi.processors.standard.ControlRate - ControlRate[id=c9090b62-9119-498c-b924-14dd189e9bd7] transferring FlowFile[1417,93315063494850.mockFlowFile,14B] to 'success'
[pool-146-thread-1] INFO org.apache.nifi.processors.standard.ControlRate - ControlRate[id=c9090b62-9119-498c-b924-14dd189e9bd7] transferring FlowFile[1418,93315063504564.mockFlowFile,14B] to 'success'
[pool-146-thread-1] INFO org.apache.nifi.processors.standard.ControlRate - ControlRate[id=c9090b62-9119-498c-b924-14dd189e9bd7] transferring FlowFile[1419,93315063515238.mockFlowFile,14B] to 'success'
[pool-146-thread-1] INFO org.apache.nifi.processors.standard.ControlRate - ControlRate[id=c9090b62-9119-498c-b924-14dd189e9bd7] transferring FlowFile[1420,93315063526338.mockFlowFile,14B] to 'success'
[pool-146-thread-1] INFO org.apache.nifi.processors.standard.ControlRate - ControlRate[id=c9090b62-9119-498c-b924-14dd189e9bd7] transferring FlowFile[1421,93315063536462.mockFlowFile,14B] to 'success'
[pool-146-thread-1] INFO org.apache.nifi.processors.standard.ControlRate - ControlRate[id=c9090b62-9119-498c-b924-14dd189e9bd7] transferring FlowFile[1422,93315063547088.mockFlowFile,14B] to 'success'
[pool-146-thread-1] INFO org.apache.nifi.processors.standard.ControlRate - ControlRate[id=c9090b62-9119-498c-b924-14dd189e9bd7] transferring FlowFile[1423,93315063561298.mockFlowFile,14B] to 'success'
[pool-146-thread-1] INFO org.apache.nifi.processors.standard.ControlRate - ControlRate[id=c9090b62-9119-498c-b924-14dd189e9bd7] transferring FlowFile[1424,93315063572689.mockFlowFile,14B] to 'success'
[pool-146-thread-1] INFO org.apache.nifi.processors.standard.ControlRate - ControlRate[id=c9090b62-9119-498c-b924-14dd189e9bd7] transferring FlowFile[1425,93315063583428.mockFlowFile,14B] to 'success'
[pool-146-thread-1] INFO org.apache.nifi.processors.standard.ControlRate - ControlRate[id=c9090b62-9119-498c-b924-14dd189e9bd7] transferring FlowFile[1426,93315063593223.mockFlowFile,14B] to 'success'
[pool-146-thread-1] INFO org.apache.nifi.processors.standard.ControlRate - ControlRate[id=c9090b62-9119-498c-b924-14dd189e9bd7] transferring FlowFile[1427,93315063603802.mockFlowFile,14B] to 'success'
[pool-146-thread-1] INFO org.apache.nifi.processors.standard.ControlRate - ControlRate[id=c9090b62-9119-498c-b924-14dd189e9bd7] transferring FlowFile[1428,93315063613728.mockFlowFile,14B] to 'success'
[pool-146-thread-1] INFO org.apache.nifi.processors.standard.ControlRate - ControlRate[id=c9090b62-9119-498c-b924-14dd189e9bd7] transferring FlowFile[1429,93315063624639.mockFlowFile,14B] to 'success'
[pool-146-thread-1] INFO org.apache.nifi.processors.standard.ControlRate - ControlRate[id=c9090b62-9119-498c-b924-14dd189e9bd7] transferring FlowFile[1430,93315063638863.mockFlowFile,14B] to 'success'
[pool-146-thread-1] INFO org.apache.nifi.processors.standard.ControlRate - ControlRate[id=c9090b62-9119-498c-b924-14dd189e9bd7] transferring FlowFile[1431,93315063653006.mockFlowFile,14B] to 'success'
[pool-146-thread-1] INFO org.apache.nifi.processors.standard.ControlRate - ControlRate[id=c9090b62-9119-498c-b924-14dd189e9bd7] transferring FlowFile[1432,93315063665338.mockFlowFile,14B] to 'success'
[pool-146-thread-1] INFO org.apache.nifi.processors.standard.ControlRate - ControlRate[id=c9090b62-9119-498c-b924-14dd189e9bd7] transferring FlowFile[1433,93315063675627.mockFlowFile,14B] to 'success'
[pool-146-thread-1] INFO org.apache.nifi.processors.standard.ControlRate - ControlRate[id=c9090b62-9119-498c-b924-14dd189e9bd7] transferring FlowFile[1434,93315063686411.mockFlowFile,14B] to 'success'
[pool-146-thread-1] INFO org.apache.nifi.processors.standard.ControlRate - ControlRate[id=c9090b62-9119-498c-b924-14dd189e9bd7] transferring FlowFile[1435,93315063696867.mockFlowFile,14B] to 'success'
[pool-146-thread-1] INFO org.apache.nifi.processors.standard.ControlRate - ControlRate[id=c9090b62-9119-498c-b924-14dd189e9bd7] transferring FlowFile[1436,93315063706731.mockFlowFile,14B] to 'success'
[pool-146-thread-1] INFO org.apache.nifi.processors.standard.ControlRate - ControlRate[id=c9090b62-9119-498c-b924-14dd189e9bd7] transferring FlowFile[1437,93315063717853.mockFlowFile,14B] to 'success'
[pool-146-thread-1] INFO org.apache.nifi.processors.standard.ControlRate - ControlRate[id=c9090b62-9119-498c-b924-14dd189e9bd7] transferring FlowFile[1438,93315063727888.mockFlowFile,14B] to 'success'
[pool-146-thread-1] INFO org.apache.nifi.processors.standard.ControlRate - ControlRate[id=c9090b62-9119-498c-b924-14dd189e9bd7] transferring FlowFile[1439,93315063742925.mockFlowFile,14B] to 'success'
[pool-146-thread-1] INFO org.apache.nifi.processors.standard.ControlRate - ControlRate[id=c9090b62-9119-498c-b924-14dd189e9bd7] transferring FlowFile[1440,93315063754409.mockFlowFile,14B] to 'success'
[pool-146-thread-1] INFO org.apache.nifi.processors.standard.ControlRate - ControlRate[id=c9090b62-9119-498c-b924-14dd189e9bd7] transferring FlowFile[1441,93315063764442.mockFlowFile,14B] to 'success'
[pool-146-thread-1] INFO org.apache.nifi.processors.standard.ControlRate - ControlRate[id=c9090b62-9119-498c-b924-14dd189e9bd7] transferring FlowFile[1442,93315063775219.mockFlowFile,14B] to 'success'
[pool-146-thread-1] INFO org.apache.nifi.processors.standard.ControlRate - ControlRate[id=c9090b62-9119-498c-b924-14dd189e9bd7] transferring FlowFile[1443,93315063785204.mockFlowFile,14B] to 'success'
[pool-146-thread-1] INFO org.apache.nifi.processors.standard.ControlRate - ControlRate[id=c9090b62-9119-498c-b924-14dd189e9bd7] transferring FlowFile[1444,93315063795937.mockFlowFile,14B] to 'success'
[pool-146-thread-1] INFO org.apache.nifi.processors.standard.ControlRate - ControlRate[id=c9090b62-9119-498c-b924-14dd189e9bd7] transferring FlowFile[1445,93315063806572.mockFlowFile,14B] to 'success'
[pool-146-thread-1] INFO org.apache.nifi.processors.standard.ControlRate - ControlRate[id=c9090b62-9119-498c-b924-14dd189e9bd7] transferring FlowFile[1446,93315063816313.mockFlowFile,14B] to 'success'
[pool-146-thread-1] INFO org.apache.nifi.processors.standard.ControlRate - ControlRate[id=c9090b62-9119-498c-b924-14dd189e9bd7] transferring FlowFile[1447,93315063831358.mockFlowFile,14B] to 'success'
[pool-146-thread-1] INFO org.apache.nifi.processors.standard.ControlRate - ControlRate[id=c9090b62-9119-498c-b924-14dd189e9bd7] transferring FlowFile[1448,93315063841693.mockFlowFile,14B] to 'success'
[pool-146-thread-1] INFO org.apache.nifi.processors.standard.ControlRate - ControlRate[id=c9090b62-9119-498c-b924-14dd189e9bd7] transferring FlowFile[1449,93315063852660.mockFlowFile,14B] to 'success'
[pool-146-thread-1] INFO org.apache.nifi.processors.standard.ControlRate - ControlRate[id=c9090b62-9119-498c-b924-14dd189e9bd7] transferring FlowFile[1450,93315063863491.mockFlowFile,14B] to 'success'
[pool-146-thread-1] INFO org.apache.nifi.processors.standard.ControlRate - ControlRate[id=c9090b62-9119-498c-b924-14dd189e9bd7] transferring FlowFile[1451,93315063873433.mockFlowFile,14B] to 'success'
[pool-146-thread-1] INFO org.apache.nifi.processors.standard.ControlRate - ControlRate[id=c9090b62-9119-498c-b924-14dd189e9bd7] transferring FlowFile[1452,93315063884111.mockFlowFile,14B] to 'success'
[pool-146-thread-1] INFO org.apache.nifi.processors.standard.ControlRate - ControlRate[id=c9090b62-9119-498c-b924-14dd189e9bd7] transferring FlowFile[1453,93315063893942.mockFlowFile,14B] to 'success'
[pool-146-thread-1] INFO org.apache.nifi.processors.standard.ControlRate - ControlRate[id=c9090b62-9119-498c-b924-14dd189e9bd7] transferring FlowFile[1454,93315063904481.mockFlowFile,14B] to 'success'
[pool-146-thread-1] INFO org.apache.nifi.processors.standard.ControlRate - ControlRate[id=c9090b62-9119-498c-b924-14dd189e9bd7] transferring FlowFile[1455,93315063918659.mockFlowFile,14B] to 'success'
[pool-146-thread-1] INFO org.apache.nifi.processors.standard.ControlRate - ControlRate[id=c9090b62-9119-498c-b924-14dd189e9bd7] transferring FlowFile[1456,93315063928742.mockFlowFile,14B] to 'success'
[pool-146-thread-1] INFO org.apache.nifi.processors.standard.ControlRate - ControlRate[id=c9090b62-9119-498c-b924-14dd189e9bd7] transferring FlowFile[1457,93315063939020.mockFlowFile,14B] to 'success'
[pool-146-thread-1] INFO org.apache.nifi.processors.standard.ControlRate - ControlRate[id=c9090b62-9119-498c-b924-14dd189e9bd7] transferring FlowFile[1458,93315063948906.mockFlowFile,14B] to 'success'
[pool-146-thread-1] INFO org.apache.nifi.processors.standard.ControlRate - ControlRate[id=c9090b62-9119-498c-b924-14dd189e9bd7] transferring FlowFile[1459,93315063960996.mockFlowFile,14B] to 'success'
[pool-146-thread-1] INFO org.apache.nifi.processors.standard.ControlRate - ControlRate[id=c9090b62-9119-498c-b924-14dd189e9bd7] transferring FlowFile[1460,93315063972009.mockFlowFile,14B] to 'success'
[pool-146-thread-1] INFO org.apache.nifi.processors.standard.ControlRate - ControlRate[id=c9090b62-9119-498c-b924-14dd189e9bd7] transferring FlowFile[1461,93315063982013.mockFlowFile,14B] to 'success'
[pool-146-thread-1] INFO org.apache.nifi.processors.standard.ControlRate - ControlRate[id=c9090b62-9119-498c-b924-14dd189e9bd7] transferring FlowFile[1462,93315063992726.mockFlowFile,14B] to 'success'
[pool-146-thread-1] INFO org.apache.nifi.processors.standard.ControlRate - ControlRate[id=c9090b62-9119-498c-b924-14dd189e9bd7] transferring FlowFile[1463,93315064018398.mockFlowFile,14B] to 'success'
[pool-146-thread-1] INFO org.apache.nifi.processors.standard.ControlRate - ControlRate[id=c9090b62-9119-498c-b924-14dd189e9bd7] transferring FlowFile[1464,93315064030688.mockFlowFile,14B] to 'success'
[pool-146-thread-1] INFO org.apache.nifi.processors.standard.ControlRate - ControlRate[id=c9090b62-9119-498c-b924-14dd189e9bd7] transferring FlowFile[1465,93315064041905.mockFlowFile,14B] to 'success'
[pool-146-thread-1] INFO org.apache.nifi.processors.standard.ControlRate - ControlRate[id=c9090b62-9119-498c-b924-14dd189e9bd7] transferring FlowFile[1466,93315064051752.mockFlowFile,14B] to 'success'
[pool-146-thread-1] INFO org.apache.nifi.processors.standard.ControlRate - ControlRate[id=c9090b62-9119-498c-b924-14dd189e9bd7] transferring FlowFile[1467,93315064062355.mockFlowFile,14B] to 'success'
[pool-146-thread-1] INFO org.apache.nifi.processors.standard.ControlRate - ControlRate[id=c9090b62-9119-498c-b924-14dd189e9bd7] transferring FlowFile[1468,93315064072685.mockFlowFile,14B] to 'success'
[pool-146-thread-1] INFO org.apache.nifi.processors.standard.ControlRate - ControlRate[id=c9090b62-9119-498c-b924-14dd189e9bd7] transferring FlowFile[1469,93315064083283.mockFlowFile,14B] to 'success'
[pool-146-thread-1] INFO org.apache.nifi.processors.standard.ControlRate - ControlRate[id=c9090b62-9119-498c-b924-14dd189e9bd7] transferring FlowFile[1470,93315064094193.mockFlowFile,14B] to 'success'
[pool-146-thread-1] INFO org.apache.nifi.processors.standard.ControlRate - ControlRate[id=c9090b62-9119-498c-b924-14dd189e9bd7] transferring FlowFile[1471,93315064108279.mockFlowFile,14B] to 'success'
[pool-146-thread-1] INFO org.apache.nifi.processors.standard.ControlRate - ControlRate[id=c9090b62-9119-498c-b924-14dd189e9bd7] transferring FlowFile[1472,93315064119337.mockFlowFile,14B] to 'success'
[pool-146-thread-1] INFO org.apache.nifi.processors.standard.ControlRate - ControlRate[id=c9090b62-9119-498c-b924-14dd189e9bd7] transferring FlowFile[1473,93315064129316.mockFlowFile,14B] to 'success'
[pool-146-thread-1] INFO org.apache.nifi.processors.standard.ControlRate - ControlRate[id=c9090b62-9119-498c-b924-14dd189e9bd7] transferring FlowFile[1474,93315064142413.mockFlowFile,14B] to 'success'
[pool-146-thread-1] INFO org.apache.nifi.processors.standard.ControlRate - ControlRate[id=c9090b62-9119-498c-b924-14dd189e9bd7] transferring FlowFile[1475,93315064154622.mockFlowFile,14B] to 'success'
[pool-146-thread-1] INFO org.apache.nifi.processors.standard.ControlRate - ControlRate[id=c9090b62-9119-498c-b924-14dd189e9bd7] transferring FlowFile[1476,93315064164660.mockFlowFile,14B] to 'success'
[pool-146-thread-1] INFO org.apache.nifi.processors.standard.ControlRate - ControlRate[id=c9090b62-9119-498c-b924-14dd189e9bd7] transferring FlowFile[1477,93315064175584.mockFlowFile,14B] to 'success'
[pool-146-thread-1] INFO org.apache.nifi.processors.standard.ControlRate - ControlRate[id=c9090b62-9119-498c-b924-14dd189e9bd7] transferring FlowFile[1478,93315064185374.mockFlowFile,14B] to 'success'
[pool-146-thread-1] INFO org.apache.nifi.processors.standard.ControlRate - ControlRate[id=c9090b62-9119-498c-b924-14dd189e9bd7] transferring FlowFile[1479,93315064200194.mockFlowFile,14B] to 'success'
[pool-146-thread-1] INFO org.apache.nifi.processors.standard.ControlRate - ControlRate[id=c9090b62-9119-498c-b924-14dd189e9bd7] transferring FlowFile[1480,93315064211270.mockFlowFile,14B] to 'success'
[pool-146-thread-1] INFO org.apache.nifi.processors.standard.ControlRate - ControlRate[id=c9090b62-9119-498c-b924-14dd189e9bd7] transferring FlowFile[1481,93315064221123.mockFlowFile,14B] to 'success'
[pool-146-thread-1] INFO org.apache.nifi.processors.standard.ControlRate - ControlRate[id=c9090b62-9119-498c-b924-14dd189e9bd7] transferring FlowFile[1482,93315064231954.mockFlowFile,14B] to 'success'
[pool-146-thread-1] INFO org.apache.nifi.processors.standard.ControlRate - ControlRate[id=c9090b62-9119-498c-b924-14dd189e9bd7] transferring FlowFile[1483,93315064241918.mockFlowFile,14B] to 'success'
[pool-146-thread-1] INFO org.apache.nifi.processors.standard.ControlRate - ControlRate[id=c9090b62-9119-498c-b924-14dd189e9bd7] transferring FlowFile[1484,93315064252646.mockFlowFile,14B] to 'success'
[pool-146-thread-1] INFO org.apache.nifi.processors.standard.ControlRate - ControlRate[id=c9090b62-9119-498c-b924-14dd189e9bd7] transferring FlowFile[1485,93315064263526.mockFlowFile,14B] to 'success'
[pool-146-thread-1] INFO org.apache.nifi.processors.standard.ControlRate - ControlRate[id=c9090b62-9119-498c-b924-14dd189e9bd7] transferring FlowFile[1486,93315064273452.mockFlowFile,14B] to 'success'
[pool-146-thread-1] INFO org.apache.nifi.processors.standard.ControlRate - ControlRate[id=c9090b62-9119-498c-b924-14dd189e9bd7] transferring FlowFile[1487,93315064288156.mockFlowFile,14B] to 'success'
[pool-146-thread-1] INFO org.apache.nifi.processors.standard.ControlRate - ControlRate[id=c9090b62-9119-498c-b924-14dd189e9bd7] transferring FlowFile[1488,93315064298640.mockFlowFile,14B] to 'success'
[pool-146-thread-1] INFO org.apache.nifi.processors.standard.ControlRate - ControlRate[id=c9090b62-9119-498c-b924-14dd189e9bd7] transferring FlowFile[1489,93315064309551.mockFlowFile,14B] to 'success'
[pool-146-thread-1] INFO org.apache.nifi.processors.standard.ControlRate - ControlRate[id=c9090b62-9119-498c-b924-14dd189e9bd7] transferring FlowFile[1490,93315064320446.mockFlowFile,14B] to 'success'
[pool-146-thread-1] INFO org.apache.nifi.processors.standard.ControlRate - ControlRate[id=c9090b62-9119-498c-b924-14dd189e9bd7] transferring FlowFile[1491,93315064330385.mockFlowFile,14B] to 'success'
[pool-146-thread-1] INFO org.apache.nifi.processors.standard.ControlRate - ControlRate[id=c9090b62-9119-498c-b924-14dd189e9bd7] transferring FlowFile[1492,93315064341427.mockFlowFile,14B] to 'success'
[pool-146-thread-1] INFO org.apache.nifi.processors.standard.ControlRate - ControlRate[id=c9090b62-9119-498c-b924-14dd189e9bd7] transferring FlowFile[1493,93315064351359.mockFlowFile,14B] to 'success'
[pool-146-thread-1] INFO org.apache.nifi.processors.standard.ControlRate - ControlRate[id=c9090b62-9119-498c-b924-14dd189e9bd7] transferring FlowFile[1494,93315064362597.mockFlowFile,14B] to 'success'
[pool-146-thread-1] INFO org.apache.nifi.processors.standard.ControlRate - ControlRate[id=c9090b62-9119-498c-b924-14dd189e9bd7] transferring FlowFile[1495,93315064377084.mockFlowFile,14B] to 'success'
[pool-146-thread-1] INFO org.apache.nifi.processors.standard.ControlRate - ControlRate[id=c9090b62-9119-498c-b924-14dd189e9bd7] transferring FlowFile[1496,93315064387607.mockFlowFile,14B] to 'success'
[pool-146-thread-1] INFO org.apache.nifi.processors.standard.ControlRate - ControlRate[id=c9090b62-9119-498c-b924-14dd189e9bd7] transferring FlowFile[1497,93315064398767.mockFlowFile,14B] to 'success'
[pool-146-thread-1] INFO org.apache.nifi.processors.standard.ControlRate - ControlRate[id=c9090b62-9119-498c-b924-14dd189e9bd7] transferring FlowFile[1498,93315064409857.mockFlowFile,14B] to 'success'
[pool-146-thread-1] INFO org.apache.nifi.processors.standard.ControlRate - ControlRate[id=c9090b62-9119-498c-b924-14dd189e9bd7] transferring FlowFile[1499,93315064420892.mockFlowFile,14B] to 'success'
]]></system-err>
  </testcase>
  <testcase name="testViaAttribute" classname="org.apache.nifi.processors.standard.TestControlRate" time="1.805">
    <system-err><![CDATA[[pool-147-thread-1] INFO org.apache.nifi.processors.standard.ControlRate - ControlRate[id=60edb22b-cfa6-40df-8c0c-d7082d1d7abd] transferring FlowFile[0,93315109738072.mockFlowFile,0B] to 'success'
[pool-147-thread-1] INFO org.apache.nifi.processors.standard.ControlRate - ControlRate[id=60edb22b-cfa6-40df-8c0c-d7082d1d7abd] transferring FlowFile[1,93315109807751.mockFlowFile,0B] to 'success'
[pool-147-thread-1] INFO org.apache.nifi.processors.standard.ControlRate - ControlRate[id=60edb22b-cfa6-40df-8c0c-d7082d1d7abd] transferring FlowFile[2,93315109835497.mockFlowFile,0B] to 'success'
[pool-147-thread-1] INFO org.apache.nifi.processors.standard.ControlRate - ControlRate[id=60edb22b-cfa6-40df-8c0c-d7082d1d7abd] transferring FlowFile[3,93315109846537.mockFlowFile,0B] to 'success'
[pool-150-thread-1] INFO org.apache.nifi.processors.standard.ControlRate - ControlRate[id=60edb22b-cfa6-40df-8c0c-d7082d1d7abd] transferring FlowFile[4,93315109855838.mockFlowFile,0B] to 'success'
]]></system-err>
  </testcase>
  <testcase name="testNonExistingGroupAttribute" classname="org.apache.nifi.processors.standard.TestControlRate" time="0.001">
    <system-err><![CDATA[[pool-151-thread-1] INFO org.apache.nifi.processors.standard.ControlRate - ControlRate[id=8b025d0e-27e5-4dfc-9520-3563cc561f23] transferring FlowFile[0,93316914976452.mockFlowFile,0B] to 'success'
[pool-151-thread-1] INFO org.apache.nifi.processors.standard.ControlRate - ControlRate[id=8b025d0e-27e5-4dfc-9520-3563cc561f23] transferring FlowFile[1,93316915005634.mockFlowFile,0B] to 'success'
[pool-151-thread-1] INFO org.apache.nifi.processors.standard.ControlRate - ControlRate[id=8b025d0e-27e5-4dfc-9520-3563cc561f23] transferring FlowFile[2,93316915020196.mockFlowFile,0B] to 'success'
[pool-151-thread-1] INFO org.apache.nifi.processors.standard.ControlRate - ControlRate[id=8b025d0e-27e5-4dfc-9520-3563cc561f23] transferring FlowFile[3,93316915028633.mockFlowFile,0B] to 'success'
]]></system-err>
  </testcase>
  <testcase name="testLimitExceededThenOtherLimitNotExceeded" classname="org.apache.nifi.processors.standard.TestControlRate" time="0.005">
    <system-err><![CDATA[[pool-152-thread-1] INFO org.apache.nifi.processors.standard.ControlRate - ControlRate[id=1483257e-7b13-4324-a36b-c9112fd7d07d] transferring FlowFile[0,93316916170510.mockFlowFile,9B] to 'success'
[pool-152-thread-1] INFO org.apache.nifi.processors.standard.ControlRate - ControlRate[id=1483257e-7b13-4324-a36b-c9112fd7d07d] transferring FlowFile[1,93316916193331.mockFlowFile,9B] to 'success'
[pool-152-thread-1] INFO org.apache.nifi.processors.standard.ControlRate - ControlRate[id=1483257e-7b13-4324-a36b-c9112fd7d07d] transferring FlowFile[2,93316916210512.mockFlowFile,9B] to 'success'
[pool-152-thread-1] INFO org.apache.nifi.processors.standard.ControlRate - ControlRate[id=1483257e-7b13-4324-a36b-c9112fd7d07d] transferring FlowFile[5,93316916239073.mockFlowFile,9B] to 'success'
]]></system-err>
  </testcase>
  <testcase name="testFileCountWithGrouping" classname="org.apache.nifi.processors.standard.TestControlRate" time="1.104">
    <system-err><![CDATA[[pool-153-thread-1] INFO org.apache.nifi.processors.standard.ControlRate - ControlRate[id=f8d79539-a9bd-442a-8bbf-e692caebc401] transferring FlowFile[0,93316921250057.mockFlowFile,0B] to 'success'
[pool-153-thread-1] INFO org.apache.nifi.processors.standard.ControlRate - ControlRate[id=f8d79539-a9bd-442a-8bbf-e692caebc401] transferring FlowFile[1,93316921275777.mockFlowFile,0B] to 'success'
[pool-153-thread-1] INFO org.apache.nifi.processors.standard.ControlRate - ControlRate[id=f8d79539-a9bd-442a-8bbf-e692caebc401] transferring FlowFile[2,93316921283910.mockFlowFile,0B] to 'success'
[pool-153-thread-1] INFO org.apache.nifi.processors.standard.ControlRate - ControlRate[id=f8d79539-a9bd-442a-8bbf-e692caebc401] transferring FlowFile[3,93316921300037.mockFlowFile,0B] to 'success'
[pool-155-thread-1] INFO org.apache.nifi.processors.standard.ControlRate - ControlRate[id=f8d79539-a9bd-442a-8bbf-e692caebc401] transferring FlowFile[4,93316921308373.mockFlowFile,0B] to 'success'
[pool-155-thread-1] INFO org.apache.nifi.processors.standard.ControlRate - ControlRate[id=f8d79539-a9bd-442a-8bbf-e692caebc401] transferring FlowFile[5,93316921316231.mockFlowFile,0B] to 'success'
]]></system-err>
  </testcase>
  <testcase name="testBadAttributeRate" classname="org.apache.nifi.processors.standard.TestControlRate" time="0.001">
    <system-err><![CDATA[[pool-156-thread-1] ERROR org.apache.nifi.processors.standard.ControlRate - ControlRate[id=40f6e90d-7016-4e4f-81b3-59296bbe8da8] Routing FlowFile[0,93318025130161.mockFlowFile,0B] to 'failure' due to missing or invalid attribute
]]></system-err>
  </testcase>
</testsuite>