<?xml version="1.0" encoding="UTF-8"?>
<testsuite xmlns:xsi="http://www.w3.org/2001/XMLSchema-instance" xsi:noNamespaceSchemaLocation="https://maven.apache.org/surefire/maven-surefire-plugin/xsd/surefire-test-report-3.0.xsd" version="3.0" name="org.apache.nifi.security.util.crypto.HashAlgorithmTest" time="0.002" tests="4" errors="0" skipped="0" failures="0">
  <properties>
    <property name="sun.desktop" value="gnome"/>
    <property name="awt.toolkit" value="sun.awt.X11.XToolkit"/>
    <property name="file.encoding.pkg" value="sun.io"/>
    <property name="java.specification.version" value="1.8"/>
    <property name="sun.cpu.isalist" value=""/>
    <property name="sun.jnu.encoding" value="UTF-8"/>
    <property name="java.class.path" value="/home/alex/Repositories/nifi/nifi-commons/nifi-security-utils/target/test-classes:/home/alex/Repositories/nifi/nifi-commons/nifi-security-utils/target/classes:/home/alex/Repositories/nifi/nifi-api/target/classes:/home/alex/Repositories/nifi/nifi-commons/nifi-utils/target/classes:/home/alex/Repositories/nifi/nifi-commons/nifi-security-utils-api/target/classes:/home/alex/Repositories/nifi/nifi-commons/nifi-security-kms/target/classes:/home/alex/.m2/repository/org/apache/commons/commons-lang3/3.12.0/commons-lang3-3.12.0.jar:/home/alex/.m2/repository/commons-codec/commons-codec/1.14/commons-codec-1.14.jar:/home/alex/.m2/repository/org/bouncycastle/bcprov-jdk15on/1.69/bcprov-jdk15on-1.69.jar:/home/alex/.m2/repository/org/bouncycastle/bcpkix-jdk15on/1.69/bcpkix-jdk15on-1.69.jar:/home/alex/.m2/repository/org/bouncycastle/bcutil-jdk15on/1.69/bcutil-jdk15on-1.69.jar:/home/alex/Repositories/nifi/nifi-commons/nifi-properties/target/classes:/home/alex/Repositories/nifi/nifi-commons/nifi-property-utils/target/classes:/home/alex/.m2/repository/at/favre/lib/bcrypt/0.9.0/bcrypt-0.9.0.jar:/home/alex/.m2/repository/at/favre/lib/bytes/1.3.0/bytes-1.3.0.jar:/home/alex/.m2/repository/org/apache/commons/commons-configuration2/2.7/commons-configuration2-2.7.jar:/home/alex/.m2/repository/org/apache/commons/commons-text/1.8/commons-text-1.8.jar:/home/alex/.m2/repository/org/slf4j/jcl-over-slf4j/1.7.32/jcl-over-slf4j-1.7.32.jar:/home/alex/.m2/repository/org/slf4j/slf4j-api/1.7.32/slf4j-api-1.7.32.jar:/home/alex/.m2/repository/org/junit/jupiter/junit-jupiter-api/5.7.2/junit-jupiter-api-5.7.2.jar:/home/alex/.m2/repository/org/apiguardian/apiguardian-api/1.1.0/apiguardian-api-1.1.0.jar:/home/alex/.m2/repository/org/opentest4j/opentest4j/1.2.0/opentest4j-1.2.0.jar:/home/alex/.m2/repository/org/junit/platform/junit-platform-commons/1.7.2/junit-platform-commons-1.7.2.jar:/home/alex/.m2/repository/org/junit/jupiter/junit-jupiter-engine/5.7.2/junit-jupiter-engine-5.7.2.jar:/home/alex/.m2/repository/org/junit/platform/junit-platform-engine/1.7.2/junit-platform-engine-1.7.2.jar:/home/alex/.m2/repository/org/junit/vintage/junit-vintage-engine/5.7.2/junit-vintage-engine-5.7.2.jar:/home/alex/.m2/repository/junit/junit/4.13.2/junit-4.13.2.jar:/home/alex/.m2/repository/org/hamcrest/hamcrest-core/1.3/hamcrest-core-1.3.jar:/home/alex/.m2/repository/org/junit/jupiter/junit-jupiter-params/5.7.2/junit-jupiter-params-5.7.2.jar:/home/alex/.m2/repository/org/mockito/mockito-core/3.11.2/mockito-core-3.11.2.jar:/home/alex/.m2/repository/net/bytebuddy/byte-buddy/1.11.3/byte-buddy-1.11.3.jar:/home/alex/.m2/repository/net/bytebuddy/byte-buddy-agent/1.11.3/byte-buddy-agent-1.11.3.jar:/home/alex/.m2/repository/org/objenesis/objenesis/3.2/objenesis-3.2.jar:/home/alex/.m2/repository/org/mockito/mockito-junit-jupiter/3.11.2/mockito-junit-jupiter-3.11.2.jar:/home/alex/.m2/repository/org/slf4j/slf4j-simple/1.7.32/slf4j-simple-1.7.32.jar:/home/alex/.m2/repository/org/codehaus/groovy/groovy-test/2.5.14/groovy-test-2.5.14.jar:/home/alex/.m2/repository/org/codehaus/groovy/groovy/2.5.14/groovy-2.5.14.jar:"/>
    <property name="java.vm.vendor" value="Private Build"/>
    <property name="sun.arch.data.model" value="64"/>
    <property name="java.vendor.url" value="http://java.oracle.com/"/>
    <property name="user.timezone" value="Europe/Lisbon"/>
    <property name="java.vm.specification.version" value="1.8"/>
    <property name="os.name" value="Linux"/>
    <property name="user.country" value="US"/>
    <property name="sun.java.launcher" value="SUN_STANDARD"/>
    <property name="sun.boot.library.path" value="/usr/lib/jvm/java-8-openjdk-amd64/jre/lib/amd64"/>
    <property name="sun.java.command" value="/home/alex/Repositories/nifi/nifi-commons/nifi-security-utils/target/surefire/surefirebooter1201203849136738604.jar /home/alex/Repositories/nifi/nifi-commons/nifi-security-utils/target/surefire 2024-05-02T02-13-54_999-jvmRun1 surefire5959186190130557662tmp surefire_67053154578512873478tmp"/>
    <property name="surefire.test.class.path" value="/home/alex/Repositories/nifi/nifi-commons/nifi-security-utils/target/test-classes:/home/alex/Repositories/nifi/nifi-commons/nifi-security-utils/target/classes:/home/alex/Repositories/nifi/nifi-api/target/classes:/home/alex/Repositories/nifi/nifi-commons/nifi-utils/target/classes:/home/alex/Repositories/nifi/nifi-commons/nifi-security-utils-api/target/classes:/home/alex/Repositories/nifi/nifi-commons/nifi-security-kms/target/classes:/home/alex/.m2/repository/org/apache/commons/commons-lang3/3.12.0/commons-lang3-3.12.0.jar:/home/alex/.m2/repository/commons-codec/commons-codec/1.14/commons-codec-1.14.jar:/home/alex/.m2/repository/org/bouncycastle/bcprov-jdk15on/1.69/bcprov-jdk15on-1.69.jar:/home/alex/.m2/repository/org/bouncycastle/bcpkix-jdk15on/1.69/bcpkix-jdk15on-1.69.jar:/home/alex/.m2/repository/org/bouncycastle/bcutil-jdk15on/1.69/bcutil-jdk15on-1.69.jar:/home/alex/Repositories/nifi/nifi-commons/nifi-properties/target/classes:/home/alex/Repositories/nifi/nifi-commons/nifi-property-utils/target/classes:/home/alex/.m2/repository/at/favre/lib/bcrypt/0.9.0/bcrypt-0.9.0.jar:/home/alex/.m2/repository/at/favre/lib/bytes/1.3.0/bytes-1.3.0.jar:/home/alex/.m2/repository/org/apache/commons/commons-configuration2/2.7/commons-configuration2-2.7.jar:/home/alex/.m2/repository/org/apache/commons/commons-text/1.8/commons-text-1.8.jar:/home/alex/.m2/repository/org/slf4j/jcl-over-slf4j/1.7.32/jcl-over-slf4j-1.7.32.jar:/home/alex/.m2/repository/org/slf4j/slf4j-api/1.7.32/slf4j-api-1.7.32.jar:/home/alex/.m2/repository/org/junit/jupiter/junit-jupiter-api/5.7.2/junit-jupiter-api-5.7.2.jar:/home/alex/.m2/repository/org/apiguardian/apiguardian-api/1.1.0/apiguardian-api-1.1.0.jar:/home/alex/.m2/repository/org/opentest4j/opentest4j/1.2.0/opentest4j-1.2.0.jar:/home/alex/.m2/repository/org/junit/platform/junit-platform-commons/1.7.2/junit-platform-commons-1.7.2.jar:/home/alex/.m2/repository/org/junit/jupiter/junit-jupiter-engine/5.7.2/junit-jupiter-engine-5.7.2.jar:/home/alex/.m2/repository/org/junit/platform/junit-platform-engine/1.7.2/junit-platform-engine-1.7.2.jar:/home/alex/.m2/repository/org/junit/vintage/junit-vintage-engine/5.7.2/junit-vintage-engine-5.7.2.jar:/home/alex/.m2/repository/junit/junit/4.13.2/junit-4.13.2.jar:/home/alex/.m2/repository/org/hamcrest/hamcrest-core/1.3/hamcrest-core-1.3.jar:/home/alex/.m2/repository/org/junit/jupiter/junit-jupiter-params/5.7.2/junit-jupiter-params-5.7.2.jar:/home/alex/.m2/repository/org/mockito/mockito-core/3.11.2/mockito-core-3.11.2.jar:/home/alex/.m2/repository/net/bytebuddy/byte-buddy/1.11.3/byte-buddy-1.11.3.jar:/home/alex/.m2/repository/net/bytebuddy/byte-buddy-agent/1.11.3/byte-buddy-agent-1.11.3.jar:/home/alex/.m2/repository/org/objenesis/objenesis/3.2/objenesis-3.2.jar:/home/alex/.m2/repository/org/mockito/mockito-junit-jupiter/3.11.2/mockito-junit-jupiter-3.11.2.jar:/home/alex/.m2/repository/org/slf4j/slf4j-simple/1.7.32/slf4j-simple-1.7.32.jar:/home/alex/.m2/repository/org/codehaus/groovy/groovy-test/2.5.14/groovy-test-2.5.14.jar:/home/alex/.m2/repository/org/codehaus/groovy/groovy/2.5.14/groovy-2.5.14.jar:"/>
    <property name="sun.cpu.endian" value="little"/>
    <property name="user.home" value="/home/alex"/>
    <property name="user.language" value="en"/>
    <property name="java.specification.vendor" value="Oracle Corporation"/>
    <property name="java.home" value="/usr/lib/jvm/java-8-openjdk-amd64/jre"/>
    <property name="basedir" value="/home/alex/Repositories/nifi/nifi-commons/nifi-security-utils"/>
    <property name="file.separator" value="/"/>
    <property name="line.separator" value="&#10;"/>
    <property name="java.vm.specification.vendor" value="Oracle Corporation"/>
    <property name="java.specification.name" value="Java Platform API Specification"/>
    <property name="java.awt.graphicsenv" value="sun.awt.X11GraphicsEnvironment"/>
    <property name="java.awt.headless" value="true"/>
    <property name="surefire.real.class.path" value="/home/alex/Repositories/nifi/nifi-commons/nifi-security-utils/target/surefire/surefirebooter1201203849136738604.jar"/>
    <property name="sun.boot.class.path" value="/usr/lib/jvm/java-8-openjdk-amd64/jre/lib/resources.jar:/usr/lib/jvm/java-8-openjdk-amd64/jre/lib/rt.jar:/usr/lib/jvm/java-8-openjdk-amd64/jre/lib/sunrsasign.jar:/usr/lib/jvm/java-8-openjdk-amd64/jre/lib/jsse.jar:/usr/lib/jvm/java-8-openjdk-amd64/jre/lib/jce.jar:/usr/lib/jvm/java-8-openjdk-amd64/jre/lib/charsets.jar:/usr/lib/jvm/java-8-openjdk-amd64/jre/lib/jfr.jar:/usr/lib/jvm/java-8-openjdk-amd64/jre/classes"/>
    <property name="sun.management.compiler" value="HotSpot 64-Bit Tiered Compilers"/>
    <property name="java.runtime.version" value="1.8.0_402-8u402-ga-2ubuntu1~22.04-b06"/>
    <property name="java.net.preferIPv4Stack" value="true"/>
    <property name="user.name" value="alex"/>
    <property name="path.separator" value=":"/>
    <property name="os.version" value="6.5.0-28-generic"/>
    <property name="java.endorsed.dirs" value="/usr/lib/jvm/java-8-openjdk-amd64/jre/lib/endorsed"/>
    <property name="java.runtime.name" value="OpenJDK Runtime Environment"/>
    <property name="file.encoding" value="UTF-8"/>
    <property name="java.vm.name" value="OpenJDK 64-Bit Server VM"/>
    <property name="localRepository" value="/home/alex/.m2/repository"/>
    <property name="java.vendor.url.bug" value="http://bugreport.sun.com/bugreport/"/>
    <property name="java.io.tmpdir" value="/tmp"/>
    <property name="java.version" value="1.8.0_402"/>
    <property name="user.dir" value="/home/alex/Repositories/nifi/nifi-commons/nifi-security-utils"/>
    <property name="os.arch" value="amd64"/>
    <property name="java.vm.specification.name" value="Java Virtual Machine Specification"/>
    <property name="java.awt.printerjob" value="sun.print.PSPrinterJob"/>
    <property name="sun.os.patch.level" value="unknown"/>
    <property name="java.library.path" value="/usr/java/packages/lib/amd64:/usr/lib/x86_64-linux-gnu/jni:/lib/x86_64-linux-gnu:/usr/lib/x86_64-linux-gnu:/usr/lib/jni:/lib:/usr/lib"/>
    <property name="java.vm.info" value="mixed mode"/>
    <property name="java.vendor" value="Private Build"/>
    <property name="java.vm.version" value="25.402-b06"/>
    <property name="java.specification.maintenance.version" value="5"/>
    <property name="java.ext.dirs" value="/usr/lib/jvm/java-8-openjdk-amd64/jre/lib/ext:/usr/java/packages/lib/ext"/>
    <property name="sun.io.unicode.encoding" value="UnicodeLittle"/>
    <property name="java.class.version" value="52.0"/>
  </properties>
  <testcase name="testShouldMatchAlgorithmByName" classname="org.apache.nifi.security.util.crypto.HashAlgorithmTest" time="0.005">
    <system-err><![CDATA[[main] INFO org.apache.nifi.security.util.crypto.HashAlgorithmTest - Trying with names: [MD2, MD2, md2]
[main] INFO org.apache.nifi.security.util.crypto.HashAlgorithmTest - Trying with names: [MD5, MD5, md5]
[main] INFO org.apache.nifi.security.util.crypto.HashAlgorithmTest - Trying with names: [SHA-1, SHA-1, sha-1]
[main] INFO org.apache.nifi.security.util.crypto.HashAlgorithmTest - Trying with names: [SHA-224, SHA-224, sha-224]
[main] INFO org.apache.nifi.security.util.crypto.HashAlgorithmTest - Trying with names: [SHA-256, SHA-256, sha-256]
[main] INFO org.apache.nifi.security.util.crypto.HashAlgorithmTest - Trying with names: [SHA-384, SHA-384, sha-384]
[main] INFO org.apache.nifi.security.util.crypto.HashAlgorithmTest - Trying with names: [SHA-512, SHA-512, sha-512]
[main] INFO org.apache.nifi.security.util.crypto.HashAlgorithmTest - Trying with names: [SHA-512/224, SHA-512/224, sha-512/224]
[main] INFO org.apache.nifi.security.util.crypto.HashAlgorithmTest - Trying with names: [SHA-512/256, SHA-512/256, sha-512/256]
[main] INFO org.apache.nifi.security.util.crypto.HashAlgorithmTest - Trying with names: [SHA3-224, SHA3-224, sha3-224]
[main] INFO org.apache.nifi.security.util.crypto.HashAlgorithmTest - Trying with names: [SHA3-256, SHA3-256, sha3-256]
[main] INFO org.apache.nifi.security.util.crypto.HashAlgorithmTest - Trying with names: [SHA3-384, SHA3-384, sha3-384]
[main] INFO org.apache.nifi.security.util.crypto.HashAlgorithmTest - Trying with names: [SHA3-512, SHA3-512, sha3-512]
[main] INFO org.apache.nifi.security.util.crypto.HashAlgorithmTest - Trying with names: [BLAKE2-160, BLAKE2-160, blake2-160]
[main] INFO org.apache.nifi.security.util.crypto.HashAlgorithmTest - Trying with names: [BLAKE2-256, BLAKE2-256, blake2-256]
[main] INFO org.apache.nifi.security.util.crypto.HashAlgorithmTest - Trying with names: [BLAKE2-384, BLAKE2-384, blake2-384]
[main] INFO org.apache.nifi.security.util.crypto.HashAlgorithmTest - Trying with names: [BLAKE2-512, BLAKE2-512, blake2-512]
]]></system-err>
  </testcase>
  <testcase name="testShouldMatchAlgorithmByName" classname="org.apache.nifi.security.util.crypto.HashAlgorithmTest" time="0">
    <system-err><![CDATA[[main] INFO org.apache.nifi.security.util.crypto.HashAlgorithmTest - Trying with names: [MD2, MD2, md2]
[main] INFO org.apache.nifi.security.util.crypto.HashAlgorithmTest - Trying with names: [MD5, MD5, md5]
[main] INFO org.apache.nifi.security.util.crypto.HashAlgorithmTest - Trying with names: [SHA-1, SHA-1, sha-1]
[main] INFO org.apache.nifi.security.util.crypto.HashAlgorithmTest - Trying with names: [SHA-224, SHA-224, sha-224]
[main] INFO org.apache.nifi.security.util.crypto.HashAlgorithmTest - Trying with names: [SHA-256, SHA-256, sha-256]
[main] INFO org.apache.nifi.security.util.crypto.HashAlgorithmTest - Trying with names: [SHA-384, SHA-384, sha-384]
[main] INFO org.apache.nifi.security.util.crypto.HashAlgorithmTest - Trying with names: [SHA-512, SHA-512, sha-512]
[main] INFO org.apache.nifi.security.util.crypto.HashAlgorithmTest - Trying with names: [SHA-512/224, SHA-512/224, sha-512/224]
[main] INFO org.apache.nifi.security.util.crypto.HashAlgorithmTest - Trying with names: [SHA-512/256, SHA-512/256, sha-512/256]
[main] INFO org.apache.nifi.security.util.crypto.HashAlgorithmTest - Trying with names: [SHA3-224, SHA3-224, sha3-224]
[main] INFO org.apache.nifi.security.util.crypto.HashAlgorithmTest - Trying with names: [SHA3-256, SHA3-256, sha3-256]
[main] INFO org.apache.nifi.security.util.crypto.HashAlgorithmTest - Trying with names: [SHA3-384, SHA3-384, sha3-384]
[main] INFO org.apache.nifi.security.util.crypto.HashAlgorithmTest - Trying with names: [SHA3-512, SHA3-512, sha3-512]
[main] INFO org.apache.nifi.security.util.crypto.HashAlgorithmTest - Trying with names: [BLAKE2-160, BLAKE2-160, blake2-160]
[main] INFO org.apache.nifi.security.util.crypto.HashAlgorithmTest - Trying with names: [BLAKE2-256, BLAKE2-256, blake2-256]
[main] INFO org.apache.nifi.security.util.crypto.HashAlgorithmTest - Trying with names: [BLAKE2-384, BLAKE2-384, blake2-384]
[main] INFO org.apache.nifi.security.util.crypto.HashAlgorithmTest - Trying with names: [BLAKE2-512, BLAKE2-512, blake2-512]
]]></system-err>
  </testcase>
  <testcase name="testDetermineBlake2Algorithms" classname="org.apache.nifi.security.util.crypto.HashAlgorithmTest" time="0.009">
    <system-err><![CDATA[[main] INFO org.apache.nifi.security.util.crypto.HashAlgorithmTest - Blake2 algorithms: [org.apache.nifi.security.util.crypto.HashAlgorithm@72e34f77[Algorithm Name=BLAKE2-160,Digest Length=20 bytes,Description=Also known as Blake2b], HashAlgorithm[Algorithm Name=BLAKE2-256,Digest Length=32 bytes,Description=Also known as Blake2b], HashAlgorithm[Algorithm Name=BLAKE2-384,Digest Length=48 bytes,Description=Also known as Blake2b], HashAlgorithm[Algorithm Name=BLAKE2-512,Digest Length=64 bytes,Description=Also known as Blake2b]]
]]></system-err>
  </testcase>
  <testcase name="testDetermineBlake2Algorithms" classname="org.apache.nifi.security.util.crypto.HashAlgorithmTest" time="0">
    <system-err><![CDATA[[main] INFO org.apache.nifi.security.util.crypto.HashAlgorithmTest - Blake2 algorithms: [HashAlgorithm[Algorithm Name=BLAKE2-160,Digest Length=20 bytes,Description=Also known as Blake2b], HashAlgorithm[Algorithm Name=BLAKE2-256,Digest Length=32 bytes,Description=Also known as Blake2b], HashAlgorithm[Algorithm Name=BLAKE2-384,Digest Length=48 bytes,Description=Also known as Blake2b], HashAlgorithm[Algorithm Name=BLAKE2-512,Digest Length=64 bytes,Description=Also known as Blake2b]]
]]></system-err>
  </testcase>
  <testcase name="testShouldBuildAllowableValueDescription" classname="org.apache.nifi.security.util.crypto.HashAlgorithmTest" time="0.005"/>
  <testcase name="testShouldBuildAllowableValueDescription" classname="org.apache.nifi.security.util.crypto.HashAlgorithmTest" time="0"/>
  <testcase name="testDetermineBrokenAlgorithms" classname="org.apache.nifi.security.util.crypto.HashAlgorithmTest" time="0.002">
    <system-err><![CDATA[[main] INFO org.apache.nifi.security.util.crypto.HashAlgorithmTest - Broken algorithms: [HashAlgorithm[Algorithm Name=MD2,Digest Length=16 bytes,Description=Cryptographically broken due to collisions], HashAlgorithm[Algorithm Name=MD5,Digest Length=16 bytes,Description=Cryptographically broken due to collisions], HashAlgorithm[Algorithm Name=SHA-1,Digest Length=20 bytes,Description=Cryptographically broken due to collisions]]
]]></system-err>
  </testcase>
  <testcase name="testDetermineBrokenAlgorithms" classname="org.apache.nifi.security.util.crypto.HashAlgorithmTest" time="0.001">
    <system-err><![CDATA[[main] INFO org.apache.nifi.security.util.crypto.HashAlgorithmTest - Broken algorithms: [HashAlgorithm[Algorithm Name=MD2,Digest Length=16 bytes,Description=Cryptographically broken due to collisions], HashAlgorithm[Algorithm Name=MD5,Digest Length=16 bytes,Description=Cryptographically broken due to collisions], HashAlgorithm[Algorithm Name=SHA-1,Digest Length=20 bytes,Description=Cryptographically broken due to collisions]]
]]></system-err>
  </testcase>
</testsuite>