<?xml version="1.0" encoding="UTF-8"?>
<testsuite xmlns:xsi="http://www.w3.org/2001/XMLSchema-instance" xsi:noNamespaceSchemaLocation="https://maven.apache.org/surefire/maven-surefire-plugin/xsd/surefire-test-report-3.0.xsd" version="3.0" name="org.apache.nifi.processors.standard.TestListFile" time="6.971" tests="16" errors="0" skipped="1" failures="0">
  <properties>
    <property name="sun.desktop" value="gnome"/>
    <property name="awt.toolkit" value="sun.awt.X11.XToolkit"/>
    <property name="file.encoding.pkg" value="sun.io"/>
    <property name="java.specification.version" value="1.8"/>
    <property name="sun.cpu.isalist" value=""/>
    <property name="sun.jnu.encoding" value="UTF-8"/>
    <property name="java.class.path" value="/home/alex/Repositories/nifi/nifi-nar-bundles/nifi-standard-bundle/nifi-standard-processors/target/test-classes:/home/alex/Repositories/nifi/nifi-nar-bundles/nifi-standard-bundle/nifi-standard-processors/target/classes:/home/alex/.m2/repository/org/apache/ftpserver/ftpserver-core/1.1.1/ftpserver-core-1.1.1.jar:/home/alex/.m2/repository/org/apache/ftpserver/ftplet-api/1.1.1/ftplet-api-1.1.1.jar:/home/alex/.m2/repository/org/slf4j/slf4j-api/1.7.32/slf4j-api-1.7.32.jar:/home/alex/.m2/repository/org/apache/mina/mina-core/2.0.16/mina-core-2.0.16.jar:/home/alex/Repositories/nifi/nifi-api/target/classes:/home/alex/Repositories/nifi/nifi-commons/nifi-expression-language/target/classes:/home/alex/.m2/repository/org/antlr/antlr-runtime/3.5.2/antlr-runtime-3.5.2.jar:/home/alex/Repositories/nifi/nifi-commons/nifi-parameter/target/classes:/home/alex/Repositories/nifi/nifi-commons/nifi-uuid5/target/classes:/home/alex/.m2/repository/org/apache/commons/commons-text/1.8/commons-text-1.8.jar:/home/alex/Repositories/nifi/nifi-nar-bundles/nifi-extension-utils/nifi-processor-utils/target/classes:/home/alex/Repositories/nifi/nifi-commons/nifi-security-socket-ssl/target/classes:/home/alex/Repositories/nifi/nifi-nar-bundles/nifi-extension-utils/nifi-event-transport/target/classes:/home/alex/.m2/repository/io/netty/netty-handler/4.1.69.Final/netty-handler-4.1.69.Final.jar:/home/alex/.m2/repository/io/netty/netty-common/4.1.69.Final/netty-common-4.1.69.Final.jar:/home/alex/.m2/repository/io/netty/netty-resolver/4.1.69.Final/netty-resolver-4.1.69.Final.jar:/home/alex/.m2/repository/io/netty/netty-transport/4.1.69.Final/netty-transport-4.1.69.Final.jar:/home/alex/.m2/repository/io/netty/netty-codec/4.1.69.Final/netty-codec-4.1.69.Final.jar:/home/alex/Repositories/nifi/nifi-nar-bundles/nifi-extension-utils/nifi-syslog-utils/target/classes:/home/alex/.m2/repository/com/github/palindromicity/simple-syslog-5424/0.0.16/simple-syslog-5424-0.0.16.jar:/home/alex/.m2/repository/org/antlr/antlr4-runtime/4.7.2/antlr4-runtime-4.7.2.jar:/home/alex/Repositories/nifi/nifi-commons/nifi-utils/target/classes:/home/alex/Repositories/nifi/nifi-commons/nifi-record-path/target/classes:/home/alex/Repositories/nifi/nifi-commons/nifi-properties/target/classes:/home/alex/Repositories/nifi/nifi-commons/nifi-property-utils/target/classes:/home/alex/.m2/repository/com/github/ben-manes/caffeine/caffeine/2.8.1/caffeine-2.8.1.jar:/home/alex/Repositories/nifi/nifi-nar-bundles/nifi-standard-services/nifi-ssl-context-service-api/target/classes:/home/alex/Repositories/nifi/nifi-commons/nifi-security-utils-api/target/classes:/home/alex/Repositories/nifi/nifi-nar-bundles/nifi-standard-services/nifi-lookup-service-api/target/classes:/home/alex/Repositories/nifi/nifi-commons/nifi-flowfile-packager/target/classes:/home/alex/Repositories/nifi/nifi-nar-bundles/nifi-standard-services/nifi-distributed-cache-client-service-api/target/classes:/home/alex/Repositories/nifi/nifi-nar-bundles/nifi-standard-services/nifi-http-context-map-api/target/classes:/home/alex/Repositories/nifi/nifi-nar-bundles/nifi-standard-services/nifi-record-serialization-service-api/target/classes:/home/alex/Repositories/nifi/nifi-nar-bundles/nifi-standard-services/nifi-proxy-configuration-api/target/classes:/home/alex/Repositories/nifi/nifi-commons/nifi-record/target/classes:/home/alex/Repositories/nifi/nifi-nar-bundles/nifi-standard-services/nifi-record-sink-api/target/classes:/home/alex/.m2/repository/commons-io/commons-io/2.10.0/commons-io-2.10.0.jar:/home/alex/.m2/repository/javax/ws/rs/javax.ws.rs-api/2.1/javax.ws.rs-api-2.1.jar:/home/alex/.m2/repository/commons-net/commons-net/3.6/commons-net-3.6.jar:/home/alex/.m2/repository/org/apache/commons/commons-compress/1.21/commons-compress-1.21.jar:/home/alex/.m2/repository/org/apache/commons/commons-lang3/3.9/commons-lang3-3.9.jar:/home/alex/.m2/repository/org/bouncycastle/bcprov-jdk15on/1.69/bcprov-jdk15on-1.69.jar:/home/alex/.m2/repository/org/bouncycastle/bcpg-jdk15on/1.69/bcpg-jdk15on-1.69.jar:/home/alex/.m2/repository/org/bouncycastle/bcpkix-jdk15on/1.69/bcpkix-jdk15on-1.69.jar:/home/alex/.m2/repository/org/bouncycastle/bcutil-jdk15on/1.69/bcutil-jdk15on-1.69.jar:/home/alex/.m2/repository/commons-codec/commons-codec/1.14/commons-codec-1.14.jar:/home/alex/Repositories/nifi/nifi-commons/nifi-security-utils/target/classes:/home/alex/Repositories/nifi/nifi-commons/nifi-security-kms/target/classes:/home/alex/.m2/repository/org/apache/commons/commons-configuration2/2.7/commons-configuration2-2.7.jar:/home/alex/.m2/repository/com/hierynomus/sshj/0.32.0/sshj-0.32.0.jar:/home/alex/.m2/repository/com/jcraft/jzlib/1.1.3/jzlib-1.1.3.jar:/home/alex/.m2/repository/com/hierynomus/asn-one/0.6.0/asn-one-0.6.0.jar:/home/alex/.m2/repository/net/i2p/crypto/eddsa/0.3.0/eddsa-0.3.0.jar:/home/alex/.m2/repository/org/eclipse/jetty/jetty-server/9.4.44.v20210927/jetty-server-9.4.44.v20210927.jar:/home/alex/.m2/repository/javax/servlet/javax.servlet-api/3.1.0/javax.servlet-api-3.1.0.jar:/home/alex/.m2/repository/org/eclipse/jetty/jetty-http/9.4.44.v20210927/jetty-http-9.4.44.v20210927.jar:/home/alex/.m2/repository/org/eclipse/jetty/jetty-util/9.4.44.v20210927/jetty-util-9.4.44.v20210927.jar:/home/alex/.m2/repository/org/eclipse/jetty/jetty-io/9.4.44.v20210927/jetty-io-9.4.44.v20210927.jar:/home/alex/.m2/repository/org/eclipse/jetty/jetty-servlet/9.4.44.v20210927/jetty-servlet-9.4.44.v20210927.jar:/home/alex/.m2/repository/org/eclipse/jetty/jetty-security/9.4.44.v20210927/jetty-security-9.4.44.v20210927.jar:/home/alex/.m2/repository/org/eclipse/jetty/jetty-util-ajax/9.4.44.v20210927/jetty-util-ajax-9.4.44.v20210927.jar:/home/alex/.m2/repository/org/apache/httpcomponents/httpclient/4.5.5/httpclient-4.5.5.jar:/home/alex/.m2/repository/commons-logging/commons-logging/1.2/commons-logging-1.2.jar:/home/alex/.m2/repository/org/apache/httpcomponents/httpcore/4.4.9/httpcore-4.4.9.jar:/home/alex/.m2/repository/jakarta/activation/jakarta.activation-api/2.0.1/jakarta.activation-api-2.0.1.jar:/home/alex/.m2/repository/com/sun/activation/jakarta.activation/2.0.1/jakarta.activation-2.0.1.jar:/home/alex/.m2/repository/jakarta/mail/jakarta.mail-api/2.0.1/jakarta.mail-api-2.0.1.jar:/home/alex/.m2/repository/com/sun/mail/jakarta.mail/2.0.1/jakarta.mail-2.0.1.jar:/home/alex/.m2/repository/com/github/jponge/lzma-java/1.3/lzma-java-1.3.jar:/home/alex/.m2/repository/org/tukaani/xz/1.8/xz-1.8.jar:/home/alex/.m2/repository/net/sf/saxon/Saxon-HE/10.6/Saxon-HE-10.6.jar:/home/alex/Repositories/nifi/nifi-commons/nifi-socket-utils/target/classes:/home/alex/Repositories/nifi/nifi-commons/nifi-logging-utils/target/classes:/home/alex/Repositories/nifi/nifi-nar-bundles/nifi-standard-services/nifi-load-distribution-service-api/target/classes:/home/alex/.m2/repository/javax/jms/javax.jms-api/2.0.1/javax.jms-api-2.0.1.jar:/home/alex/.m2/repository/org/apache/activemq/activemq-client/5.15.15/activemq-client-5.15.15.jar:/home/alex/.m2/repository/org/apache/geronimo/specs/geronimo-jms_1.1_spec/1.1.1/geronimo-jms_1.1_spec-1.1.1.jar:/home/alex/.m2/repository/org/fusesource/hawtbuf/hawtbuf/1.11/hawtbuf-1.11.jar:/home/alex/.m2/repository/org/apache/geronimo/specs/geronimo-j2ee-management_1.1_spec/1.0.1/geronimo-j2ee-management_1.1_spec-1.0.1.jar:/home/alex/.m2/repository/com/jayway/jsonpath/json-path/2.6.0/json-path-2.6.0.jar:/home/alex/.m2/repository/net/minidev/json-smart/2.4.7/json-smart-2.4.7.jar:/home/alex/.m2/repository/net/minidev/accessors-smart/2.4.7/accessors-smart-2.4.7.jar:/home/alex/.m2/repository/org/ow2/asm/asm/9.1/asm-9.1.jar:/home/alex/.m2/repository/org/apache/tika/tika-core/1.26/tika-core-1.26.jar:/home/alex/.m2/repository/com/fasterxml/jackson/core/jackson-databind/2.12.3/jackson-databind-2.12.3.jar:/home/alex/.m2/repository/com/fasterxml/jackson/core/jackson-annotations/2.12.3/jackson-annotations-2.12.3.jar:/home/alex/.m2/repository/com/fasterxml/jackson/core/jackson-core/2.12.3/jackson-core-2.12.3.jar:/home/alex/Repositories/nifi/nifi-nar-bundles/nifi-extension-utils/nifi-record-utils/nifi-avro-record-utils/target/classes:/home/alex/Repositories/nifi/nifi-nar-bundles/nifi-extension-utils/nifi-record-utils/nifi-standard-record-utils/target/classes:/home/alex/.m2/repository/org/apache/avro/avro/1.8.1/avro-1.8.1.jar:/home/alex/.m2/repository/org/codehaus/jackson/jackson-core-asl/1.9.13/jackson-core-asl-1.9.13.jar:/home/alex/.m2/repository/org/codehaus/jackson/jackson-mapper-asl/1.9.13/jackson-mapper-asl-1.9.13.jar:/home/alex/.m2/repository/com/thoughtworks/paranamer/paranamer/2.7/paranamer-2.7.jar:/home/alex/Repositories/nifi/nifi-nar-bundles/nifi-standard-services/nifi-dbcp-service-api/target/classes:/home/alex/.m2/repository/com/squareup/okhttp3/okhttp/4.9.2/okhttp-4.9.2.jar:/home/alex/.m2/repository/com/squareup/okio/okio/2.8.0/okio-2.8.0.jar:/home/alex/.m2/repository/org/jetbrains/kotlin/kotlin-stdlib-common/1.4.0/kotlin-stdlib-common-1.4.0.jar:/home/alex/.m2/repository/org/jetbrains/kotlin/kotlin-stdlib/1.4.10/kotlin-stdlib-1.4.10.jar:/home/alex/.m2/repository/org/jetbrains/annotations/13.0/annotations-13.0.jar:/home/alex/.m2/repository/io/github/rburgst/okhttp-digest/2.5/okhttp-digest-2.5.jar:/home/alex/.m2/repository/at/favre/lib/bcrypt/0.9.0/bcrypt-0.9.0.jar:/home/alex/.m2/repository/at/favre/lib/bytes/1.3.0/bytes-1.3.0.jar:/home/alex/.m2/repository/com/google/guava/guava/28.0-jre/guava-28.0-jre.jar:/home/alex/.m2/repository/com/google/guava/failureaccess/1.0.1/failureaccess-1.0.1.jar:/home/alex/.m2/repository/com/google/guava/listenablefuture/9999.0-empty-to-avoid-conflict-with-guava/listenablefuture-9999.0-empty-to-avoid-conflict-with-guava.jar:/home/alex/.m2/repository/com/google/code/findbugs/jsr305/3.0.2/jsr305-3.0.2.jar:/home/alex/.m2/repository/org/checkerframework/checker-qual/2.8.1/checker-qual-2.8.1.jar:/home/alex/.m2/repository/com/google/errorprone/error_prone_annotations/2.3.2/error_prone_annotations-2.3.2.jar:/home/alex/.m2/repository/com/google/j2objc/j2objc-annotations/1.3/j2objc-annotations-1.3.jar:/home/alex/.m2/repository/org/codehaus/mojo/animal-sniffer-annotations/1.17/animal-sniffer-annotations-1.17.jar:/home/alex/Repositories/nifi/nifi-mock/target/classes:/home/alex/Repositories/nifi/nifi-framework-api/target/classes:/home/alex/Repositories/nifi/nifi-nar-bundles/nifi-framework-bundle/nifi-framework/nifi-framework-core-api/target/classes:/home/alex/Repositories/nifi/nifi-nar-bundles/nifi-framework-bundle/nifi-framework/nifi-framework-nar-utils/target/classes:/home/alex/Repositories/nifi/nifi-nar-bundles/nifi-framework-bundle/nifi-framework/nifi-client-dto/target/classes:/home/alex/.m2/repository/io/swagger/swagger-annotations/1.6.0/swagger-annotations-1.6.0.jar:/home/alex/Repositories/nifi/nifi-commons/nifi-site-to-site-client/target/classes:/home/alex/.m2/repository/org/apache/httpcomponents/httpasyncclient/4.1.4/httpasyncclient-4.1.4.jar:/home/alex/.m2/repository/org/apache/httpcomponents/httpcore-nio/4.4.10/httpcore-nio-4.4.10.jar:/home/alex/Repositories/nifi/nifi-nar-bundles/nifi-framework-bundle/nifi-framework/nifi-framework-authorization/target/classes:/home/alex/Repositories/nifi/nifi-registry/nifi-registry-core/nifi-registry-data-model/target/classes:/home/alex/Repositories/nifi/nifi-registry/nifi-registry-core/nifi-registry-revision/nifi-registry-revision-entity-model/target/classes:/home/alex/Repositories/nifi/nifi-registry/nifi-registry-core/nifi-registry-client/target/classes:/home/alex/Repositories/nifi/nifi-registry/nifi-registry-core/nifi-registry-security-utils/target/classes:/home/alex/.m2/repository/org/glassfish/jersey/core/jersey-client/2.33/jersey-client-2.33.jar:/home/alex/.m2/repository/jakarta/ws/rs/jakarta.ws.rs-api/2.1.6/jakarta.ws.rs-api-2.1.6.jar:/home/alex/.m2/repository/org/glassfish/hk2/external/jakarta.inject/2.6.1/jakarta.inject-2.6.1.jar:/home/alex/.m2/repository/org/glassfish/jersey/media/jersey-media-json-jackson/2.33/jersey-media-json-jackson-2.33.jar:/home/alex/.m2/repository/org/glassfish/jersey/ext/jersey-entity-filtering/2.33/jersey-entity-filtering-2.33.jar:/home/alex/.m2/repository/org/glassfish/jersey/inject/jersey-hk2/2.33/jersey-hk2-2.33.jar:/home/alex/.m2/repository/org/glassfish/hk2/hk2-locator/2.6.1/hk2-locator-2.6.1.jar:/home/alex/.m2/repository/org/glassfish/hk2/external/aopalliance-repackaged/2.6.1/aopalliance-repackaged-2.6.1.jar:/home/alex/.m2/repository/org/glassfish/hk2/hk2-api/2.6.1/hk2-api-2.6.1.jar:/home/alex/.m2/repository/org/glassfish/hk2/hk2-utils/2.6.1/hk2-utils-2.6.1.jar:/home/alex/.m2/repository/org/javassist/javassist/3.25.0-GA/javassist-3.25.0-GA.jar:/home/alex/.m2/repository/org/glassfish/jersey/core/jersey-common/2.33/jersey-common-2.33.jar:/home/alex/.m2/repository/jakarta/annotation/jakarta.annotation-api/1.3.5/jakarta.annotation-api-1.3.5.jar:/home/alex/.m2/repository/org/glassfish/hk2/osgi-resource-locator/1.0.3/osgi-resource-locator-1.0.3.jar:/home/alex/.m2/repository/org/glassfish/jersey/media/jersey-media-multipart/2.33/jersey-media-multipart-2.33.jar:/home/alex/.m2/repository/org/jvnet/mimepull/mimepull/1.9.13/mimepull-1.9.13.jar:/home/alex/Repositories/nifi/nifi-commons/nifi-data-provenance-utils/target/classes:/home/alex/Repositories/nifi/nifi-nar-bundles/nifi-standard-services/nifi-distributed-cache-services-bundle/nifi-distributed-cache-client-service/target/classes:/home/alex/Repositories/nifi/nifi-nar-bundles/nifi-standard-services/nifi-distributed-cache-services-bundle/nifi-distributed-cache-protocol/target/classes:/home/alex/.m2/repository/io/netty/netty-buffer/4.1.69.Final/netty-buffer-4.1.69.Final.jar:/home/alex/.m2/repository/com/google/http-client/google-http-client/1.28.0/google-http-client-1.28.0.jar:/home/alex/.m2/repository/io/opencensus/opencensus-api/0.18.0/opencensus-api-0.18.0.jar:/home/alex/.m2/repository/io/grpc/grpc-context/1.14.0/grpc-context-1.14.0.jar:/home/alex/.m2/repository/io/opencensus/opencensus-contrib-http-util/0.18.0/opencensus-contrib-http-util-0.18.0.jar:/home/alex/.m2/repository/org/apache/activemq/activemq-broker/5.15.14/activemq-broker-5.15.14.jar:/home/alex/.m2/repository/org/apache/activemq/activemq-openwire-legacy/5.15.14/activemq-openwire-legacy-5.15.14.jar:/home/alex/Repositories/nifi/nifi-nar-bundles/nifi-standard-services/nifi-ssl-context-bundle/nifi-ssl-context-service/target/classes:/home/alex/Repositories/nifi/nifi-nar-bundles/nifi-framework-bundle/nifi-framework/nifi-standard-prioritizers/target/classes:/home/alex/Repositories/nifi/nifi-nar-bundles/nifi-extension-utils/nifi-record-utils/nifi-mock-record-utils/target/classes:/home/alex/Repositories/nifi/nifi-nar-bundles/nifi-standard-services/nifi-record-serialization-services-bundle/nifi-record-serialization-services/target/classes:/home/alex/.m2/repository/org/apache/commons/commons-csv/1.8/commons-csv-1.8.jar:/home/alex/.m2/repository/com/fasterxml/jackson/dataformat/jackson-dataformat-csv/2.12.3/jackson-dataformat-csv-2.12.3.jar:/home/alex/.m2/repository/net/java/dev/stax-utils/stax-utils/20070216/stax-utils-20070216.jar:/home/alex/Repositories/nifi/nifi-nar-bundles/nifi-standard-services/nifi-lookup-services-bundle/nifi-lookup-services/target/classes:/home/alex/.m2/repository/commons-beanutils/commons-beanutils/1.9.4/commons-beanutils-1.9.4.jar:/home/alex/.m2/repository/commons-collections/commons-collections/3.2.2/commons-collections-3.2.2.jar:/home/alex/.m2/repository/com/maxmind/geoip2/geoip2/2.12.0/geoip2-2.12.0.jar:/home/alex/.m2/repository/com/maxmind/db/maxmind-db/1.2.2/maxmind-db-1.2.2.jar:/home/alex/.m2/repository/org/apache/derby/derby/10.14.2.0/derby-10.14.2.0.jar:/home/alex/.m2/repository/org/xerial/snappy/snappy-java/1.1.7.3/snappy-java-1.1.7.3.jar:/home/alex/.m2/repository/net/lingala/zip4j/zip4j/2.8.0/zip4j-2.8.0.jar:/home/alex/.m2/repository/com/h2database/h2/1.4.187/h2-1.4.187.jar:/home/alex/.m2/repository/org/mockftpserver/MockFtpServer/2.7.1/MockFtpServer-2.7.1.jar:/home/alex/.m2/repository/org/apache/sshd/sshd-core/1.7.0/sshd-core-1.7.0.jar:/home/alex/.m2/repository/com/bazaarvoice/jolt/jolt-core/0.1.1/jolt-core-0.1.1.jar:/home/alex/.m2/repository/javax/inject/javax.inject/1/javax.inject-1.jar:/home/alex/.m2/repository/com/bazaarvoice/jolt/json-utils/0.1.1/json-utils-0.1.1.jar:/home/alex/Repositories/nifi/nifi-nar-bundles/nifi-standard-bundle/nifi-standard-utils/target/classes:/home/alex/.m2/repository/net/sf/supercsv/super-csv/2.4.0/super-csv-2.4.0.jar:/home/alex/.m2/repository/com/fluenda/parcefone/2.1.0/parcefone-2.1.0.jar:/home/alex/.m2/repository/javax/validation/validation-api/1.1.0.Final/validation-api-1.1.0.Final.jar:/home/alex/.m2/repository/javax/el/javax.el-api/3.0.0/javax.el-api-3.0.0.jar:/home/alex/.m2/repository/com/github/wnameless/json/json-flattener/0.12.0/json-flattener-0.12.0.jar:/home/alex/.m2/repository/com/github/wnameless/json/json-base/2.0.0/json-base-2.0.0.jar:/home/alex/.m2/repository/org/apache/bval/bval-jsr/1.1.2/bval-jsr-1.1.2.jar:/home/alex/.m2/repository/org/apache/bval/bval-core/1.1.2/bval-core-1.1.2.jar:/home/alex/.m2/repository/io/krakens/java-grok/0.1.9/java-grok-0.1.9.jar:/home/alex/.m2/repository/org/apache/calcite/calcite-core/1.27.0/calcite-core-1.27.0.jar:/home/alex/.m2/repository/org/apache/calcite/calcite-linq4j/1.27.0/calcite-linq4j-1.27.0.jar:/home/alex/.m2/repository/com/esri/geometry/esri-geometry-api/2.2.0/esri-geometry-api-2.2.0.jar:/home/alex/.m2/repository/org/apache/calcite/avatica/avatica-core/1.18.0/avatica-core-1.18.0.jar:/home/alex/.m2/repository/org/apache/calcite/avatica/avatica-metrics/1.18.0/avatica-metrics-1.18.0.jar:/home/alex/.m2/repository/com/google/protobuf/protobuf-java/3.6.1/protobuf-java-3.6.1.jar:/home/alex/.m2/repository/org/apiguardian/apiguardian-api/1.1.0/apiguardian-api-1.1.0.jar:/home/alex/.m2/repository/com/fasterxml/jackson/dataformat/jackson-dataformat-yaml/2.10.0/jackson-dataformat-yaml-2.10.0.jar:/home/alex/.m2/repository/org/yaml/snakeyaml/1.29/snakeyaml-1.29.jar:/home/alex/.m2/repository/com/google/uzaygezen/uzaygezen-core/0.2/uzaygezen-core-0.2.jar:/home/alex/.m2/repository/com/yahoo/datasketches/sketches-core/0.9.0/sketches-core-0.9.0.jar:/home/alex/.m2/repository/com/yahoo/datasketches/memory/0.9.0/memory-0.9.0.jar:/home/alex/.m2/repository/net/hydromatic/aggdesigner-algorithm/6.0/aggdesigner-algorithm-6.0.jar:/home/alex/.m2/repository/commons-lang/commons-lang/2.4/commons-lang-2.4.jar:/home/alex/.m2/repository/org/apache/commons/commons-dbcp2/2.6.0/commons-dbcp2-2.6.0.jar:/home/alex/.m2/repository/org/apache/commons/commons-pool2/2.6.1/commons-pool2-2.6.1.jar:/home/alex/.m2/repository/org/codehaus/janino/commons-compiler/3.0.11/commons-compiler-3.0.11.jar:/home/alex/.m2/repository/org/codehaus/janino/janino/3.0.11/janino-3.0.11.jar:/home/alex/Repositories/nifi/nifi-nar-bundles/nifi-standard-services/nifi-schema-registry-service-api/target/classes:/home/alex/Repositories/nifi/nifi-nar-bundles/nifi-extension-utils/nifi-database-utils/target/classes:/home/alex/Repositories/nifi/nifi-nar-bundles/nifi-standard-bundle/nifi-standard-web-test-utils/target/classes:/home/alex/.m2/repository/com/github/stefanbirkner/fake-sftp-server-rule/2.0.1/fake-sftp-server-rule-2.0.1.jar:/home/alex/.m2/repository/com/github/marschall/memoryfilesystem/2.8.0/memoryfilesystem-2.8.0.jar:/home/alex/.m2/repository/junit/junit/4.13.2/junit-4.13.2.jar:/home/alex/.m2/repository/org/hamcrest/hamcrest-core/1.3/hamcrest-core-1.3.jar:/home/alex/Repositories/nifi/nifi-nar-bundles/nifi-extension-utils/nifi-database-test-utils/target/classes:/home/alex/.m2/repository/org/codehaus/groovy/groovy-json/2.5.14/groovy-json-2.5.14.jar:/home/alex/.m2/repository/org/codehaus/groovy/groovy/2.5.14/groovy-2.5.14.jar:/home/alex/.m2/repository/org/codehaus/groovy/groovy-servlet/2.5.14/groovy-servlet-2.5.14.jar:/home/alex/.m2/repository/org/codehaus/groovy/groovy-templates/2.5.14/groovy-templates-2.5.14.jar:/home/alex/.m2/repository/org/codehaus/groovy/groovy-xml/2.5.14/groovy-xml-2.5.14.jar:/home/alex/.m2/repository/org/hamcrest/hamcrest-all/1.3/hamcrest-all-1.3.jar:/home/alex/.m2/repository/com/squareup/okhttp3/mockwebserver/4.9.2/mockwebserver-4.9.2.jar:/home/alex/.m2/repository/org/jetbrains/kotlin/kotlin-stdlib-jdk8/1.4.10/kotlin-stdlib-jdk8-1.4.10.jar:/home/alex/.m2/repository/org/jetbrains/kotlin/kotlin-stdlib-jdk7/1.4.10/kotlin-stdlib-jdk7-1.4.10.jar:/home/alex/.m2/repository/org/mockito/mockito-inline/3.12.4/mockito-inline-3.12.4.jar:/home/alex/.m2/repository/org/junit/jupiter/junit-jupiter-api/5.7.2/junit-jupiter-api-5.7.2.jar:/home/alex/.m2/repository/org/opentest4j/opentest4j/1.2.0/opentest4j-1.2.0.jar:/home/alex/.m2/repository/org/junit/platform/junit-platform-commons/1.7.2/junit-platform-commons-1.7.2.jar:/home/alex/.m2/repository/org/junit/jupiter/junit-jupiter-engine/5.7.2/junit-jupiter-engine-5.7.2.jar:/home/alex/.m2/repository/org/junit/platform/junit-platform-engine/1.7.2/junit-platform-engine-1.7.2.jar:/home/alex/.m2/repository/org/junit/vintage/junit-vintage-engine/5.7.2/junit-vintage-engine-5.7.2.jar:/home/alex/.m2/repository/org/junit/jupiter/junit-jupiter-params/5.7.2/junit-jupiter-params-5.7.2.jar:/home/alex/.m2/repository/org/mockito/mockito-core/3.11.2/mockito-core-3.11.2.jar:/home/alex/.m2/repository/net/bytebuddy/byte-buddy/1.11.3/byte-buddy-1.11.3.jar:/home/alex/.m2/repository/net/bytebuddy/byte-buddy-agent/1.11.3/byte-buddy-agent-1.11.3.jar:/home/alex/.m2/repository/org/objenesis/objenesis/3.2/objenesis-3.2.jar:/home/alex/.m2/repository/org/mockito/mockito-junit-jupiter/3.11.2/mockito-junit-jupiter-3.11.2.jar:/home/alex/.m2/repository/org/slf4j/slf4j-simple/1.7.32/slf4j-simple-1.7.32.jar:/home/alex/.m2/repository/org/codehaus/groovy/groovy-test/2.5.14/groovy-test-2.5.14.jar:"/>
    <property name="org.slf4j.simpleLogger.log.nifi.processors.standard.TestExecuteSQLRecord" value="debug"/>
    <property name="java.vm.vendor" value="Private Build"/>
    <property name="sun.arch.data.model" value="64"/>
    <property name="java.vendor.url" value="http://java.oracle.com/"/>
    <property name="user.timezone" value="Europe/Lisbon"/>
    <property name="java.vm.specification.version" value="1.8"/>
    <property name="os.name" value="Linux"/>
    <property name="user.country" value="US"/>
    <property name="sun.java.launcher" value="SUN_STANDARD"/>
    <property name="sun.boot.library.path" value="/usr/lib/jvm/java-8-openjdk-amd64/jre/lib/amd64"/>
    <property name="sun.java.command" value="/home/alex/Repositories/nifi/nifi-nar-bundles/nifi-standard-bundle/nifi-standard-processors/target/surefire/surefirebooter262180563015504354.jar /home/alex/Repositories/nifi/nifi-nar-bundles/nifi-standard-bundle/nifi-standard-processors/target/surefire 2024-05-02T02-13-54_999-jvmRun1 surefire7006267633466184684tmp surefire_695365209324004685157tmp"/>
    <property name="org.slf4j.simpleLogger.log.nifi.io.nio" value="debug"/>
    <property name="surefire.test.class.path" value="/home/alex/Repositories/nifi/nifi-nar-bundles/nifi-standard-bundle/nifi-standard-processors/target/test-classes:/home/alex/Repositories/nifi/nifi-nar-bundles/nifi-standard-bundle/nifi-standard-processors/target/classes:/home/alex/.m2/repository/org/apache/ftpserver/ftpserver-core/1.1.1/ftpserver-core-1.1.1.jar:/home/alex/.m2/repository/org/apache/ftpserver/ftplet-api/1.1.1/ftplet-api-1.1.1.jar:/home/alex/.m2/repository/org/slf4j/slf4j-api/1.7.32/slf4j-api-1.7.32.jar:/home/alex/.m2/repository/org/apache/mina/mina-core/2.0.16/mina-core-2.0.16.jar:/home/alex/Repositories/nifi/nifi-api/target/classes:/home/alex/Repositories/nifi/nifi-commons/nifi-expression-language/target/classes:/home/alex/.m2/repository/org/antlr/antlr-runtime/3.5.2/antlr-runtime-3.5.2.jar:/home/alex/Repositories/nifi/nifi-commons/nifi-parameter/target/classes:/home/alex/Repositories/nifi/nifi-commons/nifi-uuid5/target/classes:/home/alex/.m2/repository/org/apache/commons/commons-text/1.8/commons-text-1.8.jar:/home/alex/Repositories/nifi/nifi-nar-bundles/nifi-extension-utils/nifi-processor-utils/target/classes:/home/alex/Repositories/nifi/nifi-commons/nifi-security-socket-ssl/target/classes:/home/alex/Repositories/nifi/nifi-nar-bundles/nifi-extension-utils/nifi-event-transport/target/classes:/home/alex/.m2/repository/io/netty/netty-handler/4.1.69.Final/netty-handler-4.1.69.Final.jar:/home/alex/.m2/repository/io/netty/netty-common/4.1.69.Final/netty-common-4.1.69.Final.jar:/home/alex/.m2/repository/io/netty/netty-resolver/4.1.69.Final/netty-resolver-4.1.69.Final.jar:/home/alex/.m2/repository/io/netty/netty-transport/4.1.69.Final/netty-transport-4.1.69.Final.jar:/home/alex/.m2/repository/io/netty/netty-codec/4.1.69.Final/netty-codec-4.1.69.Final.jar:/home/alex/Repositories/nifi/nifi-nar-bundles/nifi-extension-utils/nifi-syslog-utils/target/classes:/home/alex/.m2/repository/com/github/palindromicity/simple-syslog-5424/0.0.16/simple-syslog-5424-0.0.16.jar:/home/alex/.m2/repository/org/antlr/antlr4-runtime/4.7.2/antlr4-runtime-4.7.2.jar:/home/alex/Repositories/nifi/nifi-commons/nifi-utils/target/classes:/home/alex/Repositories/nifi/nifi-commons/nifi-record-path/target/classes:/home/alex/Repositories/nifi/nifi-commons/nifi-properties/target/classes:/home/alex/Repositories/nifi/nifi-commons/nifi-property-utils/target/classes:/home/alex/.m2/repository/com/github/ben-manes/caffeine/caffeine/2.8.1/caffeine-2.8.1.jar:/home/alex/Repositories/nifi/nifi-nar-bundles/nifi-standard-services/nifi-ssl-context-service-api/target/classes:/home/alex/Repositories/nifi/nifi-commons/nifi-security-utils-api/target/classes:/home/alex/Repositories/nifi/nifi-nar-bundles/nifi-standard-services/nifi-lookup-service-api/target/classes:/home/alex/Repositories/nifi/nifi-commons/nifi-flowfile-packager/target/classes:/home/alex/Repositories/nifi/nifi-nar-bundles/nifi-standard-services/nifi-distributed-cache-client-service-api/target/classes:/home/alex/Repositories/nifi/nifi-nar-bundles/nifi-standard-services/nifi-http-context-map-api/target/classes:/home/alex/Repositories/nifi/nifi-nar-bundles/nifi-standard-services/nifi-record-serialization-service-api/target/classes:/home/alex/Repositories/nifi/nifi-nar-bundles/nifi-standard-services/nifi-proxy-configuration-api/target/classes:/home/alex/Repositories/nifi/nifi-commons/nifi-record/target/classes:/home/alex/Repositories/nifi/nifi-nar-bundles/nifi-standard-services/nifi-record-sink-api/target/classes:/home/alex/.m2/repository/commons-io/commons-io/2.10.0/commons-io-2.10.0.jar:/home/alex/.m2/repository/javax/ws/rs/javax.ws.rs-api/2.1/javax.ws.rs-api-2.1.jar:/home/alex/.m2/repository/commons-net/commons-net/3.6/commons-net-3.6.jar:/home/alex/.m2/repository/org/apache/commons/commons-compress/1.21/commons-compress-1.21.jar:/home/alex/.m2/repository/org/apache/commons/commons-lang3/3.9/commons-lang3-3.9.jar:/home/alex/.m2/repository/org/bouncycastle/bcprov-jdk15on/1.69/bcprov-jdk15on-1.69.jar:/home/alex/.m2/repository/org/bouncycastle/bcpg-jdk15on/1.69/bcpg-jdk15on-1.69.jar:/home/alex/.m2/repository/org/bouncycastle/bcpkix-jdk15on/1.69/bcpkix-jdk15on-1.69.jar:/home/alex/.m2/repository/org/bouncycastle/bcutil-jdk15on/1.69/bcutil-jdk15on-1.69.jar:/home/alex/.m2/repository/commons-codec/commons-codec/1.14/commons-codec-1.14.jar:/home/alex/Repositories/nifi/nifi-commons/nifi-security-utils/target/classes:/home/alex/Repositories/nifi/nifi-commons/nifi-security-kms/target/classes:/home/alex/.m2/repository/org/apache/commons/commons-configuration2/2.7/commons-configuration2-2.7.jar:/home/alex/.m2/repository/com/hierynomus/sshj/0.32.0/sshj-0.32.0.jar:/home/alex/.m2/repository/com/jcraft/jzlib/1.1.3/jzlib-1.1.3.jar:/home/alex/.m2/repository/com/hierynomus/asn-one/0.6.0/asn-one-0.6.0.jar:/home/alex/.m2/repository/net/i2p/crypto/eddsa/0.3.0/eddsa-0.3.0.jar:/home/alex/.m2/repository/org/eclipse/jetty/jetty-server/9.4.44.v20210927/jetty-server-9.4.44.v20210927.jar:/home/alex/.m2/repository/javax/servlet/javax.servlet-api/3.1.0/javax.servlet-api-3.1.0.jar:/home/alex/.m2/repository/org/eclipse/jetty/jetty-http/9.4.44.v20210927/jetty-http-9.4.44.v20210927.jar:/home/alex/.m2/repository/org/eclipse/jetty/jetty-util/9.4.44.v20210927/jetty-util-9.4.44.v20210927.jar:/home/alex/.m2/repository/org/eclipse/jetty/jetty-io/9.4.44.v20210927/jetty-io-9.4.44.v20210927.jar:/home/alex/.m2/repository/org/eclipse/jetty/jetty-servlet/9.4.44.v20210927/jetty-servlet-9.4.44.v20210927.jar:/home/alex/.m2/repository/org/eclipse/jetty/jetty-security/9.4.44.v20210927/jetty-security-9.4.44.v20210927.jar:/home/alex/.m2/repository/org/eclipse/jetty/jetty-util-ajax/9.4.44.v20210927/jetty-util-ajax-9.4.44.v20210927.jar:/home/alex/.m2/repository/org/apache/httpcomponents/httpclient/4.5.5/httpclient-4.5.5.jar:/home/alex/.m2/repository/commons-logging/commons-logging/1.2/commons-logging-1.2.jar:/home/alex/.m2/repository/org/apache/httpcomponents/httpcore/4.4.9/httpcore-4.4.9.jar:/home/alex/.m2/repository/jakarta/activation/jakarta.activation-api/2.0.1/jakarta.activation-api-2.0.1.jar:/home/alex/.m2/repository/com/sun/activation/jakarta.activation/2.0.1/jakarta.activation-2.0.1.jar:/home/alex/.m2/repository/jakarta/mail/jakarta.mail-api/2.0.1/jakarta.mail-api-2.0.1.jar:/home/alex/.m2/repository/com/sun/mail/jakarta.mail/2.0.1/jakarta.mail-2.0.1.jar:/home/alex/.m2/repository/com/github/jponge/lzma-java/1.3/lzma-java-1.3.jar:/home/alex/.m2/repository/org/tukaani/xz/1.8/xz-1.8.jar:/home/alex/.m2/repository/net/sf/saxon/Saxon-HE/10.6/Saxon-HE-10.6.jar:/home/alex/Repositories/nifi/nifi-commons/nifi-socket-utils/target/classes:/home/alex/Repositories/nifi/nifi-commons/nifi-logging-utils/target/classes:/home/alex/Repositories/nifi/nifi-nar-bundles/nifi-standard-services/nifi-load-distribution-service-api/target/classes:/home/alex/.m2/repository/javax/jms/javax.jms-api/2.0.1/javax.jms-api-2.0.1.jar:/home/alex/.m2/repository/org/apache/activemq/activemq-client/5.15.15/activemq-client-5.15.15.jar:/home/alex/.m2/repository/org/apache/geronimo/specs/geronimo-jms_1.1_spec/1.1.1/geronimo-jms_1.1_spec-1.1.1.jar:/home/alex/.m2/repository/org/fusesource/hawtbuf/hawtbuf/1.11/hawtbuf-1.11.jar:/home/alex/.m2/repository/org/apache/geronimo/specs/geronimo-j2ee-management_1.1_spec/1.0.1/geronimo-j2ee-management_1.1_spec-1.0.1.jar:/home/alex/.m2/repository/com/jayway/jsonpath/json-path/2.6.0/json-path-2.6.0.jar:/home/alex/.m2/repository/net/minidev/json-smart/2.4.7/json-smart-2.4.7.jar:/home/alex/.m2/repository/net/minidev/accessors-smart/2.4.7/accessors-smart-2.4.7.jar:/home/alex/.m2/repository/org/ow2/asm/asm/9.1/asm-9.1.jar:/home/alex/.m2/repository/org/apache/tika/tika-core/1.26/tika-core-1.26.jar:/home/alex/.m2/repository/com/fasterxml/jackson/core/jackson-databind/2.12.3/jackson-databind-2.12.3.jar:/home/alex/.m2/repository/com/fasterxml/jackson/core/jackson-annotations/2.12.3/jackson-annotations-2.12.3.jar:/home/alex/.m2/repository/com/fasterxml/jackson/core/jackson-core/2.12.3/jackson-core-2.12.3.jar:/home/alex/Repositories/nifi/nifi-nar-bundles/nifi-extension-utils/nifi-record-utils/nifi-avro-record-utils/target/classes:/home/alex/Repositories/nifi/nifi-nar-bundles/nifi-extension-utils/nifi-record-utils/nifi-standard-record-utils/target/classes:/home/alex/.m2/repository/org/apache/avro/avro/1.8.1/avro-1.8.1.jar:/home/alex/.m2/repository/org/codehaus/jackson/jackson-core-asl/1.9.13/jackson-core-asl-1.9.13.jar:/home/alex/.m2/repository/org/codehaus/jackson/jackson-mapper-asl/1.9.13/jackson-mapper-asl-1.9.13.jar:/home/alex/.m2/repository/com/thoughtworks/paranamer/paranamer/2.7/paranamer-2.7.jar:/home/alex/Repositories/nifi/nifi-nar-bundles/nifi-standard-services/nifi-dbcp-service-api/target/classes:/home/alex/.m2/repository/com/squareup/okhttp3/okhttp/4.9.2/okhttp-4.9.2.jar:/home/alex/.m2/repository/com/squareup/okio/okio/2.8.0/okio-2.8.0.jar:/home/alex/.m2/repository/org/jetbrains/kotlin/kotlin-stdlib-common/1.4.0/kotlin-stdlib-common-1.4.0.jar:/home/alex/.m2/repository/org/jetbrains/kotlin/kotlin-stdlib/1.4.10/kotlin-stdlib-1.4.10.jar:/home/alex/.m2/repository/org/jetbrains/annotations/13.0/annotations-13.0.jar:/home/alex/.m2/repository/io/github/rburgst/okhttp-digest/2.5/okhttp-digest-2.5.jar:/home/alex/.m2/repository/at/favre/lib/bcrypt/0.9.0/bcrypt-0.9.0.jar:/home/alex/.m2/repository/at/favre/lib/bytes/1.3.0/bytes-1.3.0.jar:/home/alex/.m2/repository/com/google/guava/guava/28.0-jre/guava-28.0-jre.jar:/home/alex/.m2/repository/com/google/guava/failureaccess/1.0.1/failureaccess-1.0.1.jar:/home/alex/.m2/repository/com/google/guava/listenablefuture/9999.0-empty-to-avoid-conflict-with-guava/listenablefuture-9999.0-empty-to-avoid-conflict-with-guava.jar:/home/alex/.m2/repository/com/google/code/findbugs/jsr305/3.0.2/jsr305-3.0.2.jar:/home/alex/.m2/repository/org/checkerframework/checker-qual/2.8.1/checker-qual-2.8.1.jar:/home/alex/.m2/repository/com/google/errorprone/error_prone_annotations/2.3.2/error_prone_annotations-2.3.2.jar:/home/alex/.m2/repository/com/google/j2objc/j2objc-annotations/1.3/j2objc-annotations-1.3.jar:/home/alex/.m2/repository/org/codehaus/mojo/animal-sniffer-annotations/1.17/animal-sniffer-annotations-1.17.jar:/home/alex/Repositories/nifi/nifi-mock/target/classes:/home/alex/Repositories/nifi/nifi-framework-api/target/classes:/home/alex/Repositories/nifi/nifi-nar-bundles/nifi-framework-bundle/nifi-framework/nifi-framework-core-api/target/classes:/home/alex/Repositories/nifi/nifi-nar-bundles/nifi-framework-bundle/nifi-framework/nifi-framework-nar-utils/target/classes:/home/alex/Repositories/nifi/nifi-nar-bundles/nifi-framework-bundle/nifi-framework/nifi-client-dto/target/classes:/home/alex/.m2/repository/io/swagger/swagger-annotations/1.6.0/swagger-annotations-1.6.0.jar:/home/alex/Repositories/nifi/nifi-commons/nifi-site-to-site-client/target/classes:/home/alex/.m2/repository/org/apache/httpcomponents/httpasyncclient/4.1.4/httpasyncclient-4.1.4.jar:/home/alex/.m2/repository/org/apache/httpcomponents/httpcore-nio/4.4.10/httpcore-nio-4.4.10.jar:/home/alex/Repositories/nifi/nifi-nar-bundles/nifi-framework-bundle/nifi-framework/nifi-framework-authorization/target/classes:/home/alex/Repositories/nifi/nifi-registry/nifi-registry-core/nifi-registry-data-model/target/classes:/home/alex/Repositories/nifi/nifi-registry/nifi-registry-core/nifi-registry-revision/nifi-registry-revision-entity-model/target/classes:/home/alex/Repositories/nifi/nifi-registry/nifi-registry-core/nifi-registry-client/target/classes:/home/alex/Repositories/nifi/nifi-registry/nifi-registry-core/nifi-registry-security-utils/target/classes:/home/alex/.m2/repository/org/glassfish/jersey/core/jersey-client/2.33/jersey-client-2.33.jar:/home/alex/.m2/repository/jakarta/ws/rs/jakarta.ws.rs-api/2.1.6/jakarta.ws.rs-api-2.1.6.jar:/home/alex/.m2/repository/org/glassfish/hk2/external/jakarta.inject/2.6.1/jakarta.inject-2.6.1.jar:/home/alex/.m2/repository/org/glassfish/jersey/media/jersey-media-json-jackson/2.33/jersey-media-json-jackson-2.33.jar:/home/alex/.m2/repository/org/glassfish/jersey/ext/jersey-entity-filtering/2.33/jersey-entity-filtering-2.33.jar:/home/alex/.m2/repository/org/glassfish/jersey/inject/jersey-hk2/2.33/jersey-hk2-2.33.jar:/home/alex/.m2/repository/org/glassfish/hk2/hk2-locator/2.6.1/hk2-locator-2.6.1.jar:/home/alex/.m2/repository/org/glassfish/hk2/external/aopalliance-repackaged/2.6.1/aopalliance-repackaged-2.6.1.jar:/home/alex/.m2/repository/org/glassfish/hk2/hk2-api/2.6.1/hk2-api-2.6.1.jar:/home/alex/.m2/repository/org/glassfish/hk2/hk2-utils/2.6.1/hk2-utils-2.6.1.jar:/home/alex/.m2/repository/org/javassist/javassist/3.25.0-GA/javassist-3.25.0-GA.jar:/home/alex/.m2/repository/org/glassfish/jersey/core/jersey-common/2.33/jersey-common-2.33.jar:/home/alex/.m2/repository/jakarta/annotation/jakarta.annotation-api/1.3.5/jakarta.annotation-api-1.3.5.jar:/home/alex/.m2/repository/org/glassfish/hk2/osgi-resource-locator/1.0.3/osgi-resource-locator-1.0.3.jar:/home/alex/.m2/repository/org/glassfish/jersey/media/jersey-media-multipart/2.33/jersey-media-multipart-2.33.jar:/home/alex/.m2/repository/org/jvnet/mimepull/mimepull/1.9.13/mimepull-1.9.13.jar:/home/alex/Repositories/nifi/nifi-commons/nifi-data-provenance-utils/target/classes:/home/alex/Repositories/nifi/nifi-nar-bundles/nifi-standard-services/nifi-distributed-cache-services-bundle/nifi-distributed-cache-client-service/target/classes:/home/alex/Repositories/nifi/nifi-nar-bundles/nifi-standard-services/nifi-distributed-cache-services-bundle/nifi-distributed-cache-protocol/target/classes:/home/alex/.m2/repository/io/netty/netty-buffer/4.1.69.Final/netty-buffer-4.1.69.Final.jar:/home/alex/.m2/repository/com/google/http-client/google-http-client/1.28.0/google-http-client-1.28.0.jar:/home/alex/.m2/repository/io/opencensus/opencensus-api/0.18.0/opencensus-api-0.18.0.jar:/home/alex/.m2/repository/io/grpc/grpc-context/1.14.0/grpc-context-1.14.0.jar:/home/alex/.m2/repository/io/opencensus/opencensus-contrib-http-util/0.18.0/opencensus-contrib-http-util-0.18.0.jar:/home/alex/.m2/repository/org/apache/activemq/activemq-broker/5.15.14/activemq-broker-5.15.14.jar:/home/alex/.m2/repository/org/apache/activemq/activemq-openwire-legacy/5.15.14/activemq-openwire-legacy-5.15.14.jar:/home/alex/Repositories/nifi/nifi-nar-bundles/nifi-standard-services/nifi-ssl-context-bundle/nifi-ssl-context-service/target/classes:/home/alex/Repositories/nifi/nifi-nar-bundles/nifi-framework-bundle/nifi-framework/nifi-standard-prioritizers/target/classes:/home/alex/Repositories/nifi/nifi-nar-bundles/nifi-extension-utils/nifi-record-utils/nifi-mock-record-utils/target/classes:/home/alex/Repositories/nifi/nifi-nar-bundles/nifi-standard-services/nifi-record-serialization-services-bundle/nifi-record-serialization-services/target/classes:/home/alex/.m2/repository/org/apache/commons/commons-csv/1.8/commons-csv-1.8.jar:/home/alex/.m2/repository/com/fasterxml/jackson/dataformat/jackson-dataformat-csv/2.12.3/jackson-dataformat-csv-2.12.3.jar:/home/alex/.m2/repository/net/java/dev/stax-utils/stax-utils/20070216/stax-utils-20070216.jar:/home/alex/Repositories/nifi/nifi-nar-bundles/nifi-standard-services/nifi-lookup-services-bundle/nifi-lookup-services/target/classes:/home/alex/.m2/repository/commons-beanutils/commons-beanutils/1.9.4/commons-beanutils-1.9.4.jar:/home/alex/.m2/repository/commons-collections/commons-collections/3.2.2/commons-collections-3.2.2.jar:/home/alex/.m2/repository/com/maxmind/geoip2/geoip2/2.12.0/geoip2-2.12.0.jar:/home/alex/.m2/repository/com/maxmind/db/maxmind-db/1.2.2/maxmind-db-1.2.2.jar:/home/alex/.m2/repository/org/apache/derby/derby/10.14.2.0/derby-10.14.2.0.jar:/home/alex/.m2/repository/org/xerial/snappy/snappy-java/1.1.7.3/snappy-java-1.1.7.3.jar:/home/alex/.m2/repository/net/lingala/zip4j/zip4j/2.8.0/zip4j-2.8.0.jar:/home/alex/.m2/repository/com/h2database/h2/1.4.187/h2-1.4.187.jar:/home/alex/.m2/repository/org/mockftpserver/MockFtpServer/2.7.1/MockFtpServer-2.7.1.jar:/home/alex/.m2/repository/org/apache/sshd/sshd-core/1.7.0/sshd-core-1.7.0.jar:/home/alex/.m2/repository/com/bazaarvoice/jolt/jolt-core/0.1.1/jolt-core-0.1.1.jar:/home/alex/.m2/repository/javax/inject/javax.inject/1/javax.inject-1.jar:/home/alex/.m2/repository/com/bazaarvoice/jolt/json-utils/0.1.1/json-utils-0.1.1.jar:/home/alex/Repositories/nifi/nifi-nar-bundles/nifi-standard-bundle/nifi-standard-utils/target/classes:/home/alex/.m2/repository/net/sf/supercsv/super-csv/2.4.0/super-csv-2.4.0.jar:/home/alex/.m2/repository/com/fluenda/parcefone/2.1.0/parcefone-2.1.0.jar:/home/alex/.m2/repository/javax/validation/validation-api/1.1.0.Final/validation-api-1.1.0.Final.jar:/home/alex/.m2/repository/javax/el/javax.el-api/3.0.0/javax.el-api-3.0.0.jar:/home/alex/.m2/repository/com/github/wnameless/json/json-flattener/0.12.0/json-flattener-0.12.0.jar:/home/alex/.m2/repository/com/github/wnameless/json/json-base/2.0.0/json-base-2.0.0.jar:/home/alex/.m2/repository/org/apache/bval/bval-jsr/1.1.2/bval-jsr-1.1.2.jar:/home/alex/.m2/repository/org/apache/bval/bval-core/1.1.2/bval-core-1.1.2.jar:/home/alex/.m2/repository/io/krakens/java-grok/0.1.9/java-grok-0.1.9.jar:/home/alex/.m2/repository/org/apache/calcite/calcite-core/1.27.0/calcite-core-1.27.0.jar:/home/alex/.m2/repository/org/apache/calcite/calcite-linq4j/1.27.0/calcite-linq4j-1.27.0.jar:/home/alex/.m2/repository/com/esri/geometry/esri-geometry-api/2.2.0/esri-geometry-api-2.2.0.jar:/home/alex/.m2/repository/org/apache/calcite/avatica/avatica-core/1.18.0/avatica-core-1.18.0.jar:/home/alex/.m2/repository/org/apache/calcite/avatica/avatica-metrics/1.18.0/avatica-metrics-1.18.0.jar:/home/alex/.m2/repository/com/google/protobuf/protobuf-java/3.6.1/protobuf-java-3.6.1.jar:/home/alex/.m2/repository/org/apiguardian/apiguardian-api/1.1.0/apiguardian-api-1.1.0.jar:/home/alex/.m2/repository/com/fasterxml/jackson/dataformat/jackson-dataformat-yaml/2.10.0/jackson-dataformat-yaml-2.10.0.jar:/home/alex/.m2/repository/org/yaml/snakeyaml/1.29/snakeyaml-1.29.jar:/home/alex/.m2/repository/com/google/uzaygezen/uzaygezen-core/0.2/uzaygezen-core-0.2.jar:/home/alex/.m2/repository/com/yahoo/datasketches/sketches-core/0.9.0/sketches-core-0.9.0.jar:/home/alex/.m2/repository/com/yahoo/datasketches/memory/0.9.0/memory-0.9.0.jar:/home/alex/.m2/repository/net/hydromatic/aggdesigner-algorithm/6.0/aggdesigner-algorithm-6.0.jar:/home/alex/.m2/repository/commons-lang/commons-lang/2.4/commons-lang-2.4.jar:/home/alex/.m2/repository/org/apache/commons/commons-dbcp2/2.6.0/commons-dbcp2-2.6.0.jar:/home/alex/.m2/repository/org/apache/commons/commons-pool2/2.6.1/commons-pool2-2.6.1.jar:/home/alex/.m2/repository/org/codehaus/janino/commons-compiler/3.0.11/commons-compiler-3.0.11.jar:/home/alex/.m2/repository/org/codehaus/janino/janino/3.0.11/janino-3.0.11.jar:/home/alex/Repositories/nifi/nifi-nar-bundles/nifi-standard-services/nifi-schema-registry-service-api/target/classes:/home/alex/Repositories/nifi/nifi-nar-bundles/nifi-extension-utils/nifi-database-utils/target/classes:/home/alex/Repositories/nifi/nifi-nar-bundles/nifi-standard-bundle/nifi-standard-web-test-utils/target/classes:/home/alex/.m2/repository/com/github/stefanbirkner/fake-sftp-server-rule/2.0.1/fake-sftp-server-rule-2.0.1.jar:/home/alex/.m2/repository/com/github/marschall/memoryfilesystem/2.8.0/memoryfilesystem-2.8.0.jar:/home/alex/.m2/repository/junit/junit/4.13.2/junit-4.13.2.jar:/home/alex/.m2/repository/org/hamcrest/hamcrest-core/1.3/hamcrest-core-1.3.jar:/home/alex/Repositories/nifi/nifi-nar-bundles/nifi-extension-utils/nifi-database-test-utils/target/classes:/home/alex/.m2/repository/org/codehaus/groovy/groovy-json/2.5.14/groovy-json-2.5.14.jar:/home/alex/.m2/repository/org/codehaus/groovy/groovy/2.5.14/groovy-2.5.14.jar:/home/alex/.m2/repository/org/codehaus/groovy/groovy-servlet/2.5.14/groovy-servlet-2.5.14.jar:/home/alex/.m2/repository/org/codehaus/groovy/groovy-templates/2.5.14/groovy-templates-2.5.14.jar:/home/alex/.m2/repository/org/codehaus/groovy/groovy-xml/2.5.14/groovy-xml-2.5.14.jar:/home/alex/.m2/repository/org/hamcrest/hamcrest-all/1.3/hamcrest-all-1.3.jar:/home/alex/.m2/repository/com/squareup/okhttp3/mockwebserver/4.9.2/mockwebserver-4.9.2.jar:/home/alex/.m2/repository/org/jetbrains/kotlin/kotlin-stdlib-jdk8/1.4.10/kotlin-stdlib-jdk8-1.4.10.jar:/home/alex/.m2/repository/org/jetbrains/kotlin/kotlin-stdlib-jdk7/1.4.10/kotlin-stdlib-jdk7-1.4.10.jar:/home/alex/.m2/repository/org/mockito/mockito-inline/3.12.4/mockito-inline-3.12.4.jar:/home/alex/.m2/repository/org/junit/jupiter/junit-jupiter-api/5.7.2/junit-jupiter-api-5.7.2.jar:/home/alex/.m2/repository/org/opentest4j/opentest4j/1.2.0/opentest4j-1.2.0.jar:/home/alex/.m2/repository/org/junit/platform/junit-platform-commons/1.7.2/junit-platform-commons-1.7.2.jar:/home/alex/.m2/repository/org/junit/jupiter/junit-jupiter-engine/5.7.2/junit-jupiter-engine-5.7.2.jar:/home/alex/.m2/repository/org/junit/platform/junit-platform-engine/1.7.2/junit-platform-engine-1.7.2.jar:/home/alex/.m2/repository/org/junit/vintage/junit-vintage-engine/5.7.2/junit-vintage-engine-5.7.2.jar:/home/alex/.m2/repository/org/junit/jupiter/junit-jupiter-params/5.7.2/junit-jupiter-params-5.7.2.jar:/home/alex/.m2/repository/org/mockito/mockito-core/3.11.2/mockito-core-3.11.2.jar:/home/alex/.m2/repository/net/bytebuddy/byte-buddy/1.11.3/byte-buddy-1.11.3.jar:/home/alex/.m2/repository/net/bytebuddy/byte-buddy-agent/1.11.3/byte-buddy-agent-1.11.3.jar:/home/alex/.m2/repository/org/objenesis/objenesis/3.2/objenesis-3.2.jar:/home/alex/.m2/repository/org/mockito/mockito-junit-jupiter/3.11.2/mockito-junit-jupiter-3.11.2.jar:/home/alex/.m2/repository/org/slf4j/slf4j-simple/1.7.32/slf4j-simple-1.7.32.jar:/home/alex/.m2/repository/org/codehaus/groovy/groovy-test/2.5.14/groovy-test-2.5.14.jar:"/>
    <property name="sun.cpu.endian" value="little"/>
    <property name="user.home" value="/home/alex"/>
    <property name="user.language" value="en"/>
    <property name="java.specification.vendor" value="Oracle Corporation"/>
    <property name="java.home" value="/usr/lib/jvm/java-8-openjdk-amd64/jre"/>
    <property name="basedir" value="/home/alex/Repositories/nifi/nifi-nar-bundles/nifi-standard-bundle/nifi-standard-processors"/>
    <property name="file.separator" value="/"/>
    <property name="line.separator" value="&#10;"/>
    <property name="java.vm.specification.vendor" value="Oracle Corporation"/>
    <property name="java.specification.name" value="Java Platform API Specification"/>
    <property name="derby.stream.error.file" value="target/derby.log"/>
    <property name="java.awt.graphicsenv" value="sun.awt.X11GraphicsEnvironment"/>
    <property name="org.slf4j.simpleLogger.log.org.apache.nifi.processors.standard.SQLTransform" value="debug"/>
    <property name="java.awt.headless" value="true"/>
    <property name="org.slf4j.simpleLogger.log.nifi.processors.standard.ExecuteSQLRecord" value="debug"/>
    <property name="org.slf4j.simpleLogger.showDateTime" value="true"/>
    <property name="surefire.real.class.path" value="/home/alex/Repositories/nifi/nifi-nar-bundles/nifi-standard-bundle/nifi-standard-processors/target/surefire/surefirebooter262180563015504354.jar"/>
    <property name="sun.boot.class.path" value="/usr/lib/jvm/java-8-openjdk-amd64/jre/lib/resources.jar:/usr/lib/jvm/java-8-openjdk-amd64/jre/lib/rt.jar:/usr/lib/jvm/java-8-openjdk-amd64/jre/lib/sunrsasign.jar:/usr/lib/jvm/java-8-openjdk-amd64/jre/lib/jsse.jar:/usr/lib/jvm/java-8-openjdk-amd64/jre/lib/jce.jar:/usr/lib/jvm/java-8-openjdk-amd64/jre/lib/charsets.jar:/usr/lib/jvm/java-8-openjdk-amd64/jre/lib/jfr.jar:/usr/lib/jvm/java-8-openjdk-amd64/jre/classes"/>
    <property name="sun.management.compiler" value="HotSpot 64-Bit Tiered Compilers"/>
    <property name="java.runtime.version" value="1.8.0_402-8u402-ga-2ubuntu1~22.04-b06"/>
    <property name="java.net.preferIPv4Stack" value="true"/>
    <property name="user.name" value="alex"/>
    <property name="path.separator" value=":"/>
    <property name="os.version" value="6.5.0-28-generic"/>
    <property name="java.endorsed.dirs" value="/usr/lib/jvm/java-8-openjdk-amd64/jre/lib/endorsed"/>
    <property name="java.runtime.name" value="OpenJDK Runtime Environment"/>
    <property name="file.encoding" value="UTF-8"/>
    <property name="org.slf4j.simpleLogger.log.org.apache.nifi.processors.standard" value="TRACE"/>
    <property name="sun.nio.ch.bugLevel" value=""/>
    <property name="java.vm.name" value="OpenJDK 64-Bit Server VM"/>
    <property name="localRepository" value="/home/alex/.m2/repository"/>
    <property name="java.vendor.url.bug" value="http://bugreport.sun.com/bugreport/"/>
    <property name="java.io.tmpdir" value="/tmp"/>
    <property name="java.version" value="1.8.0_402"/>
    <property name="user.dir" value="/home/alex/Repositories/nifi/nifi-nar-bundles/nifi-standard-bundle/nifi-standard-processors"/>
    <property name="os.arch" value="amd64"/>
    <property name="java.vm.specification.name" value="Java Virtual Machine Specification"/>
    <property name="java.awt.printerjob" value="sun.print.PSPrinterJob"/>
    <property name="sun.os.patch.level" value="unknown"/>
    <property name="org.slf4j.simpleLogger.defaultLogLevel" value="info"/>
    <property name="java.library.path" value="/usr/java/packages/lib/amd64:/usr/lib/x86_64-linux-gnu/jni:/lib/x86_64-linux-gnu:/usr/lib/x86_64-linux-gnu:/usr/lib/jni:/lib:/usr/lib"/>
    <property name="java.vm.info" value="mixed mode"/>
    <property name="java.vendor" value="Private Build"/>
    <property name="java.vm.version" value="25.402-b06"/>
    <property name="java.specification.maintenance.version" value="5"/>
    <property name="java.ext.dirs" value="/usr/lib/jvm/java-8-openjdk-amd64/jre/lib/ext:/usr/java/packages/lib/ext"/>
    <property name="sun.io.unicode.encoding" value="UnicodeLittle"/>
    <property name="java.class.version" value="52.0"/>
  </properties>
  <testcase name="testFilterFilePattern" classname="org.apache.nifi.processors.standard.TestListFile" time="0.638">
    <system-err><![CDATA[[main] DEBUG org.apache.nifi.processors.standard.ListFile - ListFile[id=d9ef4535-8658-444e-abef-5fd36fc74804] Took 1 milliseconds to perform listing and gather 4 entries
[main] TRACE org.apache.nifi.processors.standard.ListFile - ListFile[id=d9ef4535-8658-444e-abef-5fd36fc74804] Performing operation CHECK_READABLE on file1-abc-apple.txt took 1 milliseconds
[main] TRACE org.apache.nifi.processors.standard.ListFile - ListFile[id=d9ef4535-8658-444e-abef-5fd36fc74804] Performing operation CHECK_HIDDEN on file1-abc-apple.txt took 0 milliseconds
[main] TRACE org.apache.nifi.processors.standard.ListFile - ListFile[id=d9ef4535-8658-444e-abef-5fd36fc74804] Performing operation CHECK_READABLE on file4-pdq-banana.txt took 0 milliseconds
[main] TRACE org.apache.nifi.processors.standard.ListFile - ListFile[id=d9ef4535-8658-444e-abef-5fd36fc74804] Performing operation CHECK_HIDDEN on file4-pdq-banana.txt took 0 milliseconds
[main] TRACE org.apache.nifi.processors.standard.ListFile - ListFile[id=d9ef4535-8658-444e-abef-5fd36fc74804] Performing operation CHECK_READABLE on file3-xyz-banana.txt took 0 milliseconds
[main] TRACE org.apache.nifi.processors.standard.ListFile - ListFile[id=d9ef4535-8658-444e-abef-5fd36fc74804] Performing operation CHECK_HIDDEN on file3-xyz-banana.txt took 0 milliseconds
[main] TRACE org.apache.nifi.processors.standard.ListFile - ListFile[id=d9ef4535-8658-444e-abef-5fd36fc74804] Performing operation CHECK_READABLE on file2-xyz-apple.txt took 0 milliseconds
[main] TRACE org.apache.nifi.processors.standard.ListFile - ListFile[id=d9ef4535-8658-444e-abef-5fd36fc74804] Performing operation CHECK_HIDDEN on file2-xyz-apple.txt took 0 milliseconds
[main] DEBUG org.apache.nifi.processors.standard.ListFile - ListFile[id=d9ef4535-8658-444e-abef-5fd36fc74804] Took 2 milliseconds to perform listing and gather 4 entries
[main] INFO org.apache.nifi.processors.standard.ListFile - ListFile[id=d9ef4535-8658-444e-abef-5fd36fc74804] Successfully verified configuration
[pool-1757-thread-1] TRACE org.apache.nifi.processors.standard.ListFile - ListFile[id=d9ef4535-8658-444e-abef-5fd36fc74804] Performing operation CHECK_READABLE on file1-abc-apple.txt took 0 milliseconds
[pool-1757-thread-1] TRACE org.apache.nifi.processors.standard.ListFile - ListFile[id=d9ef4535-8658-444e-abef-5fd36fc74804] Performing operation CHECK_HIDDEN on file1-abc-apple.txt took 0 milliseconds
[pool-1757-thread-1] TRACE org.apache.nifi.processors.standard.ListFile - ListFile[id=d9ef4535-8658-444e-abef-5fd36fc74804] Performing operation CHECK_READABLE on file4-pdq-banana.txt took 0 milliseconds
[pool-1757-thread-1] TRACE org.apache.nifi.processors.standard.ListFile - ListFile[id=d9ef4535-8658-444e-abef-5fd36fc74804] Performing operation CHECK_HIDDEN on file4-pdq-banana.txt took 0 milliseconds
[pool-1757-thread-1] TRACE org.apache.nifi.processors.standard.ListFile - ListFile[id=d9ef4535-8658-444e-abef-5fd36fc74804] Performing operation CHECK_READABLE on file3-xyz-banana.txt took 0 milliseconds
[pool-1757-thread-1] TRACE org.apache.nifi.processors.standard.ListFile - ListFile[id=d9ef4535-8658-444e-abef-5fd36fc74804] Performing operation CHECK_HIDDEN on file3-xyz-banana.txt took 0 milliseconds
[pool-1757-thread-1] TRACE org.apache.nifi.processors.standard.ListFile - ListFile[id=d9ef4535-8658-444e-abef-5fd36fc74804] Performing operation CHECK_READABLE on file2-xyz-apple.txt took 0 milliseconds
[pool-1757-thread-1] TRACE org.apache.nifi.processors.standard.ListFile - ListFile[id=d9ef4535-8658-444e-abef-5fd36fc74804] Performing operation CHECK_HIDDEN on file2-xyz-apple.txt took 0 milliseconds
[pool-1757-thread-1] DEBUG org.apache.nifi.processors.standard.ListFile - ListFile[id=d9ef4535-8658-444e-abef-5fd36fc74804] Took 1 milliseconds to perform listing and gather 4 entries
[pool-1757-thread-1] TRACE org.apache.nifi.processors.standard.ListFile - ListFile[id=d9ef4535-8658-444e-abef-5fd36fc74804] Performing operation RETRIEVE_BASIC_ATTRIBUTES on file1-abc-apple.txt took 1 milliseconds
[pool-1757-thread-1] TRACE org.apache.nifi.processors.standard.ListFile - ListFile[id=d9ef4535-8658-444e-abef-5fd36fc74804] Performing operation RETRIEVE_OWNER_ATTRIBUTES on file1-abc-apple.txt took 0 milliseconds
[pool-1757-thread-1] TRACE org.apache.nifi.processors.standard.ListFile - ListFile[id=d9ef4535-8658-444e-abef-5fd36fc74804] Performing operation RETRIEVE_POSIX_ATTRIBUTES on file1-abc-apple.txt took 0 milliseconds
[pool-1757-thread-1] TRACE org.apache.nifi.processors.standard.ListFile - ListFile[id=d9ef4535-8658-444e-abef-5fd36fc74804] Performing operation RETRIEVE_BASIC_ATTRIBUTES on file4-pdq-banana.txt took 0 milliseconds
[pool-1757-thread-1] TRACE org.apache.nifi.processors.standard.ListFile - ListFile[id=d9ef4535-8658-444e-abef-5fd36fc74804] Performing operation RETRIEVE_OWNER_ATTRIBUTES on file4-pdq-banana.txt took 0 milliseconds
[pool-1757-thread-1] TRACE org.apache.nifi.processors.standard.ListFile - ListFile[id=d9ef4535-8658-444e-abef-5fd36fc74804] Performing operation RETRIEVE_POSIX_ATTRIBUTES on file4-pdq-banana.txt took 0 milliseconds
[pool-1757-thread-1] TRACE org.apache.nifi.processors.standard.ListFile - ListFile[id=d9ef4535-8658-444e-abef-5fd36fc74804] Performing operation RETRIEVE_BASIC_ATTRIBUTES on file3-xyz-banana.txt took 0 milliseconds
[pool-1757-thread-1] TRACE org.apache.nifi.processors.standard.ListFile - ListFile[id=d9ef4535-8658-444e-abef-5fd36fc74804] Performing operation RETRIEVE_OWNER_ATTRIBUTES on file3-xyz-banana.txt took 0 milliseconds
[pool-1757-thread-1] TRACE org.apache.nifi.processors.standard.ListFile - ListFile[id=d9ef4535-8658-444e-abef-5fd36fc74804] Performing operation RETRIEVE_POSIX_ATTRIBUTES on file3-xyz-banana.txt took 0 milliseconds
[pool-1757-thread-1] TRACE org.apache.nifi.processors.standard.ListFile - ListFile[id=d9ef4535-8658-444e-abef-5fd36fc74804] Performing operation RETRIEVE_BASIC_ATTRIBUTES on file2-xyz-apple.txt took 0 milliseconds
[pool-1757-thread-1] TRACE org.apache.nifi.processors.standard.ListFile - ListFile[id=d9ef4535-8658-444e-abef-5fd36fc74804] Performing operation RETRIEVE_OWNER_ATTRIBUTES on file2-xyz-apple.txt took 0 milliseconds
[pool-1757-thread-1] TRACE org.apache.nifi.processors.standard.ListFile - ListFile[id=d9ef4535-8658-444e-abef-5fd36fc74804] Performing operation RETRIEVE_POSIX_ATTRIBUTES on file2-xyz-apple.txt took 0 milliseconds
[pool-1757-thread-1] INFO org.apache.nifi.processors.standard.ListFile - ListFile[id=d9ef4535-8658-444e-abef-5fd36fc74804] Successfully created listing with 4 new objects
[main] INFO org.apache.nifi.processor.util.list.ListProcessorTestWatcher - --------------------------------------------------------------------
[main] INFO org.apache.nifi.processor.util.list.ListProcessorTestWatcher -                       timestamp     date from timestamp     t0 delta
[main] INFO org.apache.nifi.processor.util.list.ListProcessorTestWatcher - -------------------   ------------- ----------------------- --------
[main] INFO org.apache.nifi.processor.util.list.ListProcessorTestWatcher - started at          = 1714612955368 2024-05-02T02:22:35.368        0
[main] INFO org.apache.nifi.processor.util.list.ListProcessorTestWatcher - current time        = 1714612955378 2024-05-02T02:22:35.378        0
[main] INFO org.apache.nifi.processor.util.list.ListProcessorTestWatcher - ---- processor state -----------------------------------------------
[main] INFO org.apache.nifi.processor.util.list.ListProcessorTestWatcher - processed.timestamp = 1714612954000 2024-05-02T02:22:34.000    -1378
[main] INFO org.apache.nifi.processor.util.list.ListProcessorTestWatcher -   listing.timestamp = 1714612954000 2024-05-02T02:22:34.000    -1378
[main] INFO org.apache.nifi.processor.util.list.ListProcessorTestWatcher - ---- input folder contents -----------------------------------------
[main] INFO org.apache.nifi.processor.util.list.ListProcessorTestWatcher - file1-abc-apple.txt = 1714612954000 2024-05-02T02:22:34.000    -1378
[main] INFO org.apache.nifi.processor.util.list.ListProcessorTestWatcher - file2-xyz-apple.txt = 1714612954000 2024-05-02T02:22:34.000    -1378
[main] INFO org.apache.nifi.processor.util.list.ListProcessorTestWatcher - file3-xyz-banana.txt = 1714612954000 2024-05-02T02:22:34.000    -1378
[main] INFO org.apache.nifi.processor.util.list.ListProcessorTestWatcher - file4-pdq-banana.txt = 1714612954000 2024-05-02T02:22:34.000    -1378
[main] INFO org.apache.nifi.processor.util.list.ListProcessorTestWatcher - ---- output flowfiles ----------------------------------------------
[main] INFO org.apache.nifi.processor.util.list.ListProcessorTestWatcher - file1-abc-apple.txt = 1714612954000 2024-05-02T02:22:34.000    -1378
[main] INFO org.apache.nifi.processor.util.list.ListProcessorTestWatcher - file4-pdq-banana.txt = 1714612954000 2024-05-02T02:22:34.000    -1378
[main] INFO org.apache.nifi.processor.util.list.ListProcessorTestWatcher - file3-xyz-banana.txt = 1714612954000 2024-05-02T02:22:34.000    -1378
[main] INFO org.apache.nifi.processor.util.list.ListProcessorTestWatcher - file2-xyz-apple.txt = 1714612954000 2024-05-02T02:22:34.000    -1378
[main] INFO org.apache.nifi.processor.util.list.ListProcessorTestWatcher - REL_SUCCESS count = 4
[main] INFO org.apache.nifi.processor.util.list.ListProcessorTestWatcher - --------------------------------------------------------------------
[main] INFO org.apache.nifi.processor.util.list.ListProcessorTestWatcher - 
[main] DEBUG org.apache.nifi.processors.standard.ListFile - ListFile[id=d9ef4535-8658-444e-abef-5fd36fc74804] Took 1 milliseconds to perform listing and gather 4 entries
[main] TRACE org.apache.nifi.processors.standard.ListFile - ListFile[id=d9ef4535-8658-444e-abef-5fd36fc74804] Performing operation CHECK_READABLE on file3-xyz-banana.txt took 0 milliseconds
[main] TRACE org.apache.nifi.processors.standard.ListFile - ListFile[id=d9ef4535-8658-444e-abef-5fd36fc74804] Performing operation CHECK_HIDDEN on file3-xyz-banana.txt took 0 milliseconds
[main] TRACE org.apache.nifi.processors.standard.ListFile - ListFile[id=d9ef4535-8658-444e-abef-5fd36fc74804] Performing operation CHECK_READABLE on file2-xyz-apple.txt took 0 milliseconds
[main] TRACE org.apache.nifi.processors.standard.ListFile - ListFile[id=d9ef4535-8658-444e-abef-5fd36fc74804] Performing operation CHECK_HIDDEN on file2-xyz-apple.txt took 0 milliseconds
[main] DEBUG org.apache.nifi.processors.standard.ListFile - ListFile[id=d9ef4535-8658-444e-abef-5fd36fc74804] Took 0 milliseconds to perform listing and gather 2 entries
[main] INFO org.apache.nifi.processors.standard.ListFile - ListFile[id=d9ef4535-8658-444e-abef-5fd36fc74804] Successfully verified configuration
[pool-1758-thread-1] TRACE org.apache.nifi.processors.standard.ListFile - ListFile[id=d9ef4535-8658-444e-abef-5fd36fc74804] Performing operation CHECK_READABLE on file3-xyz-banana.txt took 0 milliseconds
[pool-1758-thread-1] TRACE org.apache.nifi.processors.standard.ListFile - ListFile[id=d9ef4535-8658-444e-abef-5fd36fc74804] Performing operation CHECK_HIDDEN on file3-xyz-banana.txt took 0 milliseconds
[pool-1758-thread-1] TRACE org.apache.nifi.processors.standard.ListFile - ListFile[id=d9ef4535-8658-444e-abef-5fd36fc74804] Performing operation CHECK_READABLE on file2-xyz-apple.txt took 0 milliseconds
[pool-1758-thread-1] TRACE org.apache.nifi.processors.standard.ListFile - ListFile[id=d9ef4535-8658-444e-abef-5fd36fc74804] Performing operation CHECK_HIDDEN on file2-xyz-apple.txt took 0 milliseconds
[pool-1758-thread-1] DEBUG org.apache.nifi.processors.standard.ListFile - ListFile[id=d9ef4535-8658-444e-abef-5fd36fc74804] Took 1 milliseconds to perform listing and gather 2 entries
[pool-1758-thread-1] TRACE org.apache.nifi.processors.standard.ListFile - ListFile[id=d9ef4535-8658-444e-abef-5fd36fc74804] Performing operation RETRIEVE_BASIC_ATTRIBUTES on file3-xyz-banana.txt took 0 milliseconds
[pool-1758-thread-1] TRACE org.apache.nifi.processors.standard.ListFile - ListFile[id=d9ef4535-8658-444e-abef-5fd36fc74804] Performing operation RETRIEVE_OWNER_ATTRIBUTES on file3-xyz-banana.txt took 0 milliseconds
[pool-1758-thread-1] TRACE org.apache.nifi.processors.standard.ListFile - ListFile[id=d9ef4535-8658-444e-abef-5fd36fc74804] Performing operation RETRIEVE_POSIX_ATTRIBUTES on file3-xyz-banana.txt took 0 milliseconds
[pool-1758-thread-1] TRACE org.apache.nifi.processors.standard.ListFile - ListFile[id=d9ef4535-8658-444e-abef-5fd36fc74804] Performing operation RETRIEVE_BASIC_ATTRIBUTES on file2-xyz-apple.txt took 0 milliseconds
[pool-1758-thread-1] TRACE org.apache.nifi.processors.standard.ListFile - ListFile[id=d9ef4535-8658-444e-abef-5fd36fc74804] Performing operation RETRIEVE_OWNER_ATTRIBUTES on file2-xyz-apple.txt took 0 milliseconds
[pool-1758-thread-1] TRACE org.apache.nifi.processors.standard.ListFile - ListFile[id=d9ef4535-8658-444e-abef-5fd36fc74804] Performing operation RETRIEVE_POSIX_ATTRIBUTES on file2-xyz-apple.txt took 0 milliseconds
[pool-1758-thread-1] INFO org.apache.nifi.processors.standard.ListFile - ListFile[id=d9ef4535-8658-444e-abef-5fd36fc74804] Successfully created listing with 2 new objects
[main] INFO org.apache.nifi.processor.util.list.ListProcessorTestWatcher - --------------------------------------------------------------------
[main] INFO org.apache.nifi.processor.util.list.ListProcessorTestWatcher -                       timestamp     date from timestamp     t0 delta
[main] INFO org.apache.nifi.processor.util.list.ListProcessorTestWatcher - -------------------   ------------- ----------------------- --------
[main] INFO org.apache.nifi.processor.util.list.ListProcessorTestWatcher - started at          = 1714612955580 2024-05-02T02:22:35.580        0
[main] INFO org.apache.nifi.processor.util.list.ListProcessorTestWatcher - current time        = 1714612955583 2024-05-02T02:22:35.583        0
[main] INFO org.apache.nifi.processor.util.list.ListProcessorTestWatcher - ---- processor state -----------------------------------------------
[main] INFO org.apache.nifi.processor.util.list.ListProcessorTestWatcher - processed.timestamp = 1714612954000 2024-05-02T02:22:34.000    -1583
[main] INFO org.apache.nifi.processor.util.list.ListProcessorTestWatcher -   listing.timestamp = 1714612954000 2024-05-02T02:22:34.000    -1583
[main] INFO org.apache.nifi.processor.util.list.ListProcessorTestWatcher - ---- input folder contents -----------------------------------------
[main] INFO org.apache.nifi.processor.util.list.ListProcessorTestWatcher - file1-abc-apple.txt = 1714612954000 2024-05-02T02:22:34.000    -1583
[main] INFO org.apache.nifi.processor.util.list.ListProcessorTestWatcher - file2-xyz-apple.txt = 1714612954000 2024-05-02T02:22:34.000    -1583
[main] INFO org.apache.nifi.processor.util.list.ListProcessorTestWatcher - file3-xyz-banana.txt = 1714612954000 2024-05-02T02:22:34.000    -1583
[main] INFO org.apache.nifi.processor.util.list.ListProcessorTestWatcher - file4-pdq-banana.txt = 1714612954000 2024-05-02T02:22:34.000    -1583
[main] INFO org.apache.nifi.processor.util.list.ListProcessorTestWatcher - ---- output flowfiles ----------------------------------------------
[main] INFO org.apache.nifi.processor.util.list.ListProcessorTestWatcher - file3-xyz-banana.txt = 1714612954000 2024-05-02T02:22:34.000    -1583
[main] INFO org.apache.nifi.processor.util.list.ListProcessorTestWatcher - file2-xyz-apple.txt = 1714612954000 2024-05-02T02:22:34.000    -1583
[main] INFO org.apache.nifi.processor.util.list.ListProcessorTestWatcher - REL_SUCCESS count = 2
[main] INFO org.apache.nifi.processor.util.list.ListProcessorTestWatcher - --------------------------------------------------------------------
[main] INFO org.apache.nifi.processor.util.list.ListProcessorTestWatcher - 
[main] DEBUG org.apache.nifi.processors.standard.ListFile - ListFile[id=d9ef4535-8658-444e-abef-5fd36fc74804] Took 0 milliseconds to perform listing and gather 4 entries
[main] TRACE org.apache.nifi.processors.standard.ListFile - ListFile[id=d9ef4535-8658-444e-abef-5fd36fc74804] Performing operation CHECK_READABLE on file3-xyz-banana.txt took 0 milliseconds
[main] TRACE org.apache.nifi.processors.standard.ListFile - ListFile[id=d9ef4535-8658-444e-abef-5fd36fc74804] Performing operation CHECK_HIDDEN on file3-xyz-banana.txt took 0 milliseconds
[main] TRACE org.apache.nifi.processors.standard.ListFile - ListFile[id=d9ef4535-8658-444e-abef-5fd36fc74804] Performing operation CHECK_READABLE on file2-xyz-apple.txt took 1 milliseconds
[main] TRACE org.apache.nifi.processors.standard.ListFile - ListFile[id=d9ef4535-8658-444e-abef-5fd36fc74804] Performing operation CHECK_HIDDEN on file2-xyz-apple.txt took 0 milliseconds
[main] DEBUG org.apache.nifi.processors.standard.ListFile - ListFile[id=d9ef4535-8658-444e-abef-5fd36fc74804] Took 1 milliseconds to perform listing and gather 2 entries
[main] INFO org.apache.nifi.processors.standard.ListFile - ListFile[id=d9ef4535-8658-444e-abef-5fd36fc74804] Successfully verified configuration
[pool-1759-thread-1] TRACE org.apache.nifi.processors.standard.ListFile - ListFile[id=d9ef4535-8658-444e-abef-5fd36fc74804] Performing operation CHECK_READABLE on file3-xyz-banana.txt took 0 milliseconds
[pool-1759-thread-1] TRACE org.apache.nifi.processors.standard.ListFile - ListFile[id=d9ef4535-8658-444e-abef-5fd36fc74804] Performing operation CHECK_HIDDEN on file3-xyz-banana.txt took 0 milliseconds
[pool-1759-thread-1] TRACE org.apache.nifi.processors.standard.ListFile - ListFile[id=d9ef4535-8658-444e-abef-5fd36fc74804] Performing operation CHECK_READABLE on file2-xyz-apple.txt took 0 milliseconds
[pool-1759-thread-1] TRACE org.apache.nifi.processors.standard.ListFile - ListFile[id=d9ef4535-8658-444e-abef-5fd36fc74804] Performing operation CHECK_HIDDEN on file2-xyz-apple.txt took 0 milliseconds
[pool-1759-thread-1] DEBUG org.apache.nifi.processors.standard.ListFile - ListFile[id=d9ef4535-8658-444e-abef-5fd36fc74804] Took 0 milliseconds to perform listing and gather 2 entries
[main] INFO org.apache.nifi.processor.util.list.ListProcessorTestWatcher - --------------------------------------------------------------------
[main] INFO org.apache.nifi.processor.util.list.ListProcessorTestWatcher -                       timestamp     date from timestamp     t0 delta
[main] INFO org.apache.nifi.processor.util.list.ListProcessorTestWatcher - -------------------   ------------- ----------------------- --------
[main] INFO org.apache.nifi.processor.util.list.ListProcessorTestWatcher - started at          = 1714612955785 2024-05-02T02:22:35.785        0
[main] INFO org.apache.nifi.processor.util.list.ListProcessorTestWatcher - current time        = 1714612955786 2024-05-02T02:22:35.786        0
[main] INFO org.apache.nifi.processor.util.list.ListProcessorTestWatcher - ---- processor state -----------------------------------------------
[main] INFO org.apache.nifi.processor.util.list.ListProcessorTestWatcher - processed.timestamp = 1714612954000 2024-05-02T02:22:34.000    -1786
[main] INFO org.apache.nifi.processor.util.list.ListProcessorTestWatcher -   listing.timestamp = 1714612954000 2024-05-02T02:22:34.000    -1786
[main] INFO org.apache.nifi.processor.util.list.ListProcessorTestWatcher - ---- input folder contents -----------------------------------------
[main] INFO org.apache.nifi.processor.util.list.ListProcessorTestWatcher - file1-abc-apple.txt = 1714612954000 2024-05-02T02:22:34.000    -1786
[main] INFO org.apache.nifi.processor.util.list.ListProcessorTestWatcher - file2-xyz-apple.txt = 1714612954000 2024-05-02T02:22:34.000    -1786
[main] INFO org.apache.nifi.processor.util.list.ListProcessorTestWatcher - file3-xyz-banana.txt = 1714612954000 2024-05-02T02:22:34.000    -1786
[main] INFO org.apache.nifi.processor.util.list.ListProcessorTestWatcher - file4-pdq-banana.txt = 1714612954000 2024-05-02T02:22:34.000    -1786
[main] INFO org.apache.nifi.processor.util.list.ListProcessorTestWatcher - ---- output flowfiles ----------------------------------------------
[main] INFO org.apache.nifi.processor.util.list.ListProcessorTestWatcher - REL_SUCCESS count = 0
[main] INFO org.apache.nifi.processor.util.list.ListProcessorTestWatcher - --------------------------------------------------------------------
[main] INFO org.apache.nifi.processor.util.list.ListProcessorTestWatcher - 
]]></system-err>
  </testcase>
  <testcase name="testFilterPathPattern" classname="org.apache.nifi.processors.standard.TestListFile" time="0.616">
    <system-err><![CDATA[[main] DEBUG org.apache.nifi.processors.standard.ListFile - ListFile[id=b06fcceb-419e-4221-ab10-dc6c91dcee00] Took 0 milliseconds to perform listing and gather 4 entries
[main] TRACE org.apache.nifi.processors.standard.ListFile - ListFile[id=b06fcceb-419e-4221-ab10-dc6c91dcee00] Performing operation CHECK_READABLE on subdir1/subdir2/file3.txt took 0 milliseconds
[main] TRACE org.apache.nifi.processors.standard.ListFile - ListFile[id=b06fcceb-419e-4221-ab10-dc6c91dcee00] Performing operation CHECK_HIDDEN on subdir1/subdir2/file3.txt took 0 milliseconds
[main] TRACE org.apache.nifi.processors.standard.ListFile - ListFile[id=b06fcceb-419e-4221-ab10-dc6c91dcee00] Performing operation CHECK_READABLE on subdir1/file2.txt took 0 milliseconds
[main] TRACE org.apache.nifi.processors.standard.ListFile - ListFile[id=b06fcceb-419e-4221-ab10-dc6c91dcee00] Performing operation CHECK_HIDDEN on subdir1/file2.txt took 0 milliseconds
[main] TRACE org.apache.nifi.processors.standard.ListFile - ListFile[id=b06fcceb-419e-4221-ab10-dc6c91dcee00] Performing operation CHECK_READABLE on subdir1/file4.txt took 0 milliseconds
[main] TRACE org.apache.nifi.processors.standard.ListFile - ListFile[id=b06fcceb-419e-4221-ab10-dc6c91dcee00] Performing operation CHECK_HIDDEN on subdir1/file4.txt took 0 milliseconds
[main] TRACE org.apache.nifi.processors.standard.ListFile - ListFile[id=b06fcceb-419e-4221-ab10-dc6c91dcee00] Performing operation CHECK_READABLE on file1.txt took 0 milliseconds
[main] TRACE org.apache.nifi.processors.standard.ListFile - ListFile[id=b06fcceb-419e-4221-ab10-dc6c91dcee00] Performing operation CHECK_HIDDEN on file1.txt took 0 milliseconds
[main] DEBUG org.apache.nifi.processors.standard.ListFile - ListFile[id=b06fcceb-419e-4221-ab10-dc6c91dcee00] Took 0 milliseconds to perform listing and gather 4 entries
[main] INFO org.apache.nifi.processors.standard.ListFile - ListFile[id=b06fcceb-419e-4221-ab10-dc6c91dcee00] Successfully verified configuration
[pool-1761-thread-1] TRACE org.apache.nifi.processors.standard.ListFile - ListFile[id=b06fcceb-419e-4221-ab10-dc6c91dcee00] Performing operation CHECK_READABLE on subdir1/subdir2/file3.txt took 0 milliseconds
[pool-1761-thread-1] TRACE org.apache.nifi.processors.standard.ListFile - ListFile[id=b06fcceb-419e-4221-ab10-dc6c91dcee00] Performing operation CHECK_HIDDEN on subdir1/subdir2/file3.txt took 0 milliseconds
[pool-1761-thread-1] TRACE org.apache.nifi.processors.standard.ListFile - ListFile[id=b06fcceb-419e-4221-ab10-dc6c91dcee00] Performing operation CHECK_READABLE on subdir1/file2.txt took 0 milliseconds
[pool-1761-thread-1] TRACE org.apache.nifi.processors.standard.ListFile - ListFile[id=b06fcceb-419e-4221-ab10-dc6c91dcee00] Performing operation CHECK_HIDDEN on subdir1/file2.txt took 0 milliseconds
[pool-1761-thread-1] TRACE org.apache.nifi.processors.standard.ListFile - ListFile[id=b06fcceb-419e-4221-ab10-dc6c91dcee00] Performing operation CHECK_READABLE on subdir1/file4.txt took 0 milliseconds
[pool-1761-thread-1] TRACE org.apache.nifi.processors.standard.ListFile - ListFile[id=b06fcceb-419e-4221-ab10-dc6c91dcee00] Performing operation CHECK_HIDDEN on subdir1/file4.txt took 0 milliseconds
[pool-1761-thread-1] TRACE org.apache.nifi.processors.standard.ListFile - ListFile[id=b06fcceb-419e-4221-ab10-dc6c91dcee00] Performing operation CHECK_READABLE on file1.txt took 0 milliseconds
[pool-1761-thread-1] TRACE org.apache.nifi.processors.standard.ListFile - ListFile[id=b06fcceb-419e-4221-ab10-dc6c91dcee00] Performing operation CHECK_HIDDEN on file1.txt took 0 milliseconds
[pool-1761-thread-1] DEBUG org.apache.nifi.processors.standard.ListFile - ListFile[id=b06fcceb-419e-4221-ab10-dc6c91dcee00] Took 0 milliseconds to perform listing and gather 4 entries
[pool-1761-thread-1] TRACE org.apache.nifi.processors.standard.ListFile - ListFile[id=b06fcceb-419e-4221-ab10-dc6c91dcee00] Performing operation RETRIEVE_BASIC_ATTRIBUTES on subdir1/subdir2/file3.txt took 0 milliseconds
[pool-1761-thread-1] TRACE org.apache.nifi.processors.standard.ListFile - ListFile[id=b06fcceb-419e-4221-ab10-dc6c91dcee00] Performing operation RETRIEVE_OWNER_ATTRIBUTES on subdir1/subdir2/file3.txt took 0 milliseconds
[pool-1761-thread-1] TRACE org.apache.nifi.processors.standard.ListFile - ListFile[id=b06fcceb-419e-4221-ab10-dc6c91dcee00] Performing operation RETRIEVE_POSIX_ATTRIBUTES on subdir1/subdir2/file3.txt took 0 milliseconds
[pool-1761-thread-1] TRACE org.apache.nifi.processors.standard.ListFile - ListFile[id=b06fcceb-419e-4221-ab10-dc6c91dcee00] Performing operation RETRIEVE_BASIC_ATTRIBUTES on subdir1/file2.txt took 0 milliseconds
[pool-1761-thread-1] TRACE org.apache.nifi.processors.standard.ListFile - ListFile[id=b06fcceb-419e-4221-ab10-dc6c91dcee00] Performing operation RETRIEVE_OWNER_ATTRIBUTES on subdir1/file2.txt took 1 milliseconds
[pool-1761-thread-1] TRACE org.apache.nifi.processors.standard.ListFile - ListFile[id=b06fcceb-419e-4221-ab10-dc6c91dcee00] Performing operation RETRIEVE_POSIX_ATTRIBUTES on subdir1/file2.txt took 0 milliseconds
[pool-1761-thread-1] TRACE org.apache.nifi.processors.standard.ListFile - ListFile[id=b06fcceb-419e-4221-ab10-dc6c91dcee00] Performing operation RETRIEVE_BASIC_ATTRIBUTES on subdir1/file4.txt took 0 milliseconds
[pool-1761-thread-1] TRACE org.apache.nifi.processors.standard.ListFile - ListFile[id=b06fcceb-419e-4221-ab10-dc6c91dcee00] Performing operation RETRIEVE_OWNER_ATTRIBUTES on subdir1/file4.txt took 0 milliseconds
[pool-1761-thread-1] TRACE org.apache.nifi.processors.standard.ListFile - ListFile[id=b06fcceb-419e-4221-ab10-dc6c91dcee00] Performing operation RETRIEVE_POSIX_ATTRIBUTES on subdir1/file4.txt took 0 milliseconds
[pool-1761-thread-1] TRACE org.apache.nifi.processors.standard.ListFile - ListFile[id=b06fcceb-419e-4221-ab10-dc6c91dcee00] Performing operation RETRIEVE_BASIC_ATTRIBUTES on file1.txt took 0 milliseconds
[pool-1761-thread-1] TRACE org.apache.nifi.processors.standard.ListFile - ListFile[id=b06fcceb-419e-4221-ab10-dc6c91dcee00] Performing operation RETRIEVE_OWNER_ATTRIBUTES on file1.txt took 0 milliseconds
[pool-1761-thread-1] TRACE org.apache.nifi.processors.standard.ListFile - ListFile[id=b06fcceb-419e-4221-ab10-dc6c91dcee00] Performing operation RETRIEVE_POSIX_ATTRIBUTES on file1.txt took 0 milliseconds
[pool-1761-thread-1] INFO org.apache.nifi.processors.standard.ListFile - ListFile[id=b06fcceb-419e-4221-ab10-dc6c91dcee00] Successfully created listing with 4 new objects
[main] INFO org.apache.nifi.processor.util.list.ListProcessorTestWatcher - --------------------------------------------------------------------
[main] INFO org.apache.nifi.processor.util.list.ListProcessorTestWatcher -                       timestamp     date from timestamp     t0 delta
[main] INFO org.apache.nifi.processor.util.list.ListProcessorTestWatcher - -------------------   ------------- ----------------------- --------
[main] INFO org.apache.nifi.processor.util.list.ListProcessorTestWatcher - started at          = 1714612955989 2024-05-02T02:22:35.989        0
[main] INFO org.apache.nifi.processor.util.list.ListProcessorTestWatcher - current time        = 1714612955993 2024-05-02T02:22:35.993        0
[main] INFO org.apache.nifi.processor.util.list.ListProcessorTestWatcher - ---- processor state -----------------------------------------------
[main] INFO org.apache.nifi.processor.util.list.ListProcessorTestWatcher - processed.timestamp = 1714612954000 2024-05-02T02:22:34.000    -1993
[main] INFO org.apache.nifi.processor.util.list.ListProcessorTestWatcher -   listing.timestamp = 1714612954000 2024-05-02T02:22:34.000    -1993
[main] INFO org.apache.nifi.processor.util.list.ListProcessorTestWatcher - ---- input folder contents -----------------------------------------
[main] INFO org.apache.nifi.processor.util.list.ListProcessorTestWatcher -           file1.txt = 1714612954000 2024-05-02T02:22:34.000    -1993
[main] INFO org.apache.nifi.processor.util.list.ListProcessorTestWatcher -           file2.txt = 1714612954000 2024-05-02T02:22:34.000    -1993
[main] INFO org.apache.nifi.processor.util.list.ListProcessorTestWatcher -           file3.txt = 1714612954000 2024-05-02T02:22:34.000    -1993
[main] INFO org.apache.nifi.processor.util.list.ListProcessorTestWatcher -           file4.txt = 1714612954000 2024-05-02T02:22:34.000    -1993
[main] INFO org.apache.nifi.processor.util.list.ListProcessorTestWatcher - ---- output flowfiles ----------------------------------------------
[main] INFO org.apache.nifi.processor.util.list.ListProcessorTestWatcher -           file3.txt = 1714612954000 2024-05-02T02:22:34.000    -1993
[main] INFO org.apache.nifi.processor.util.list.ListProcessorTestWatcher -           file2.txt = 1714612954000 2024-05-02T02:22:34.000    -1993
[main] INFO org.apache.nifi.processor.util.list.ListProcessorTestWatcher -           file4.txt = 1714612954000 2024-05-02T02:22:34.000    -1993
[main] INFO org.apache.nifi.processor.util.list.ListProcessorTestWatcher -           file1.txt = 1714612954000 2024-05-02T02:22:34.000    -1993
[main] INFO org.apache.nifi.processor.util.list.ListProcessorTestWatcher - REL_SUCCESS count = 4
[main] INFO org.apache.nifi.processor.util.list.ListProcessorTestWatcher - --------------------------------------------------------------------
[main] INFO org.apache.nifi.processor.util.list.ListProcessorTestWatcher - 
[main] DEBUG org.apache.nifi.processors.standard.ListFile - ListFile[id=b06fcceb-419e-4221-ab10-dc6c91dcee00] Took 0 milliseconds to perform listing and gather 4 entries
[main] TRACE org.apache.nifi.processors.standard.ListFile - ListFile[id=b06fcceb-419e-4221-ab10-dc6c91dcee00] Performing operation CHECK_READABLE on subdir1/file2.txt took 0 milliseconds
[main] TRACE org.apache.nifi.processors.standard.ListFile - ListFile[id=b06fcceb-419e-4221-ab10-dc6c91dcee00] Performing operation CHECK_HIDDEN on subdir1/file2.txt took 0 milliseconds
[main] TRACE org.apache.nifi.processors.standard.ListFile - ListFile[id=b06fcceb-419e-4221-ab10-dc6c91dcee00] Performing operation CHECK_READABLE on subdir1/file4.txt took 0 milliseconds
[main] TRACE org.apache.nifi.processors.standard.ListFile - ListFile[id=b06fcceb-419e-4221-ab10-dc6c91dcee00] Performing operation CHECK_HIDDEN on subdir1/file4.txt took 0 milliseconds
[main] TRACE org.apache.nifi.processors.standard.ListFile - ListFile[id=b06fcceb-419e-4221-ab10-dc6c91dcee00] Performing operation CHECK_READABLE on file1.txt took 0 milliseconds
[main] TRACE org.apache.nifi.processors.standard.ListFile - ListFile[id=b06fcceb-419e-4221-ab10-dc6c91dcee00] Performing operation CHECK_HIDDEN on file1.txt took 0 milliseconds
[main] DEBUG org.apache.nifi.processors.standard.ListFile - ListFile[id=b06fcceb-419e-4221-ab10-dc6c91dcee00] Took 1 milliseconds to perform listing and gather 3 entries
[main] INFO org.apache.nifi.processors.standard.ListFile - ListFile[id=b06fcceb-419e-4221-ab10-dc6c91dcee00] Successfully verified configuration
[pool-1762-thread-1] TRACE org.apache.nifi.processors.standard.ListFile - ListFile[id=b06fcceb-419e-4221-ab10-dc6c91dcee00] Performing operation CHECK_READABLE on subdir1/file2.txt took 0 milliseconds
[pool-1762-thread-1] TRACE org.apache.nifi.processors.standard.ListFile - ListFile[id=b06fcceb-419e-4221-ab10-dc6c91dcee00] Performing operation CHECK_HIDDEN on subdir1/file2.txt took 0 milliseconds
[pool-1762-thread-1] TRACE org.apache.nifi.processors.standard.ListFile - ListFile[id=b06fcceb-419e-4221-ab10-dc6c91dcee00] Performing operation CHECK_READABLE on subdir1/file4.txt took 0 milliseconds
[pool-1762-thread-1] TRACE org.apache.nifi.processors.standard.ListFile - ListFile[id=b06fcceb-419e-4221-ab10-dc6c91dcee00] Performing operation CHECK_HIDDEN on subdir1/file4.txt took 0 milliseconds
[pool-1762-thread-1] TRACE org.apache.nifi.processors.standard.ListFile - ListFile[id=b06fcceb-419e-4221-ab10-dc6c91dcee00] Performing operation CHECK_READABLE on file1.txt took 0 milliseconds
[pool-1762-thread-1] TRACE org.apache.nifi.processors.standard.ListFile - ListFile[id=b06fcceb-419e-4221-ab10-dc6c91dcee00] Performing operation CHECK_HIDDEN on file1.txt took 0 milliseconds
[pool-1762-thread-1] DEBUG org.apache.nifi.processors.standard.ListFile - ListFile[id=b06fcceb-419e-4221-ab10-dc6c91dcee00] Took 1 milliseconds to perform listing and gather 3 entries
[pool-1762-thread-1] TRACE org.apache.nifi.processors.standard.ListFile - ListFile[id=b06fcceb-419e-4221-ab10-dc6c91dcee00] Performing operation RETRIEVE_BASIC_ATTRIBUTES on subdir1/file2.txt took 1 milliseconds
[pool-1762-thread-1] TRACE org.apache.nifi.processors.standard.ListFile - ListFile[id=b06fcceb-419e-4221-ab10-dc6c91dcee00] Performing operation RETRIEVE_OWNER_ATTRIBUTES on subdir1/file2.txt took 0 milliseconds
[pool-1762-thread-1] TRACE org.apache.nifi.processors.standard.ListFile - ListFile[id=b06fcceb-419e-4221-ab10-dc6c91dcee00] Performing operation RETRIEVE_POSIX_ATTRIBUTES on subdir1/file2.txt took 0 milliseconds
[pool-1762-thread-1] TRACE org.apache.nifi.processors.standard.ListFile - ListFile[id=b06fcceb-419e-4221-ab10-dc6c91dcee00] Performing operation RETRIEVE_BASIC_ATTRIBUTES on subdir1/file4.txt took 0 milliseconds
[pool-1762-thread-1] TRACE org.apache.nifi.processors.standard.ListFile - ListFile[id=b06fcceb-419e-4221-ab10-dc6c91dcee00] Performing operation RETRIEVE_OWNER_ATTRIBUTES on subdir1/file4.txt took 0 milliseconds
[pool-1762-thread-1] TRACE org.apache.nifi.processors.standard.ListFile - ListFile[id=b06fcceb-419e-4221-ab10-dc6c91dcee00] Performing operation RETRIEVE_POSIX_ATTRIBUTES on subdir1/file4.txt took 0 milliseconds
[pool-1762-thread-1] TRACE org.apache.nifi.processors.standard.ListFile - ListFile[id=b06fcceb-419e-4221-ab10-dc6c91dcee00] Performing operation RETRIEVE_BASIC_ATTRIBUTES on file1.txt took 0 milliseconds
[pool-1762-thread-1] TRACE org.apache.nifi.processors.standard.ListFile - ListFile[id=b06fcceb-419e-4221-ab10-dc6c91dcee00] Performing operation RETRIEVE_OWNER_ATTRIBUTES on file1.txt took 0 milliseconds
[pool-1762-thread-1] TRACE org.apache.nifi.processors.standard.ListFile - ListFile[id=b06fcceb-419e-4221-ab10-dc6c91dcee00] Performing operation RETRIEVE_POSIX_ATTRIBUTES on file1.txt took 0 milliseconds
[pool-1762-thread-1] INFO org.apache.nifi.processors.standard.ListFile - ListFile[id=b06fcceb-419e-4221-ab10-dc6c91dcee00] Successfully created listing with 3 new objects
[main] INFO org.apache.nifi.processor.util.list.ListProcessorTestWatcher - --------------------------------------------------------------------
[main] INFO org.apache.nifi.processor.util.list.ListProcessorTestWatcher -                       timestamp     date from timestamp     t0 delta
[main] INFO org.apache.nifi.processor.util.list.ListProcessorTestWatcher - -------------------   ------------- ----------------------- --------
[main] INFO org.apache.nifi.processor.util.list.ListProcessorTestWatcher - started at          = 1714612956195 2024-05-02T02:22:36.195        0
[main] INFO org.apache.nifi.processor.util.list.ListProcessorTestWatcher - current time        = 1714612956199 2024-05-02T02:22:36.199        0
[main] INFO org.apache.nifi.processor.util.list.ListProcessorTestWatcher - ---- processor state -----------------------------------------------
[main] INFO org.apache.nifi.processor.util.list.ListProcessorTestWatcher - processed.timestamp = 1714612954000 2024-05-02T02:22:34.000    -2199
[main] INFO org.apache.nifi.processor.util.list.ListProcessorTestWatcher -   listing.timestamp = 1714612954000 2024-05-02T02:22:34.000    -2199
[main] INFO org.apache.nifi.processor.util.list.ListProcessorTestWatcher - ---- input folder contents -----------------------------------------
[main] INFO org.apache.nifi.processor.util.list.ListProcessorTestWatcher -           file1.txt = 1714612954000 2024-05-02T02:22:34.000    -2199
[main] INFO org.apache.nifi.processor.util.list.ListProcessorTestWatcher -           file2.txt = 1714612954000 2024-05-02T02:22:34.000    -2199
[main] INFO org.apache.nifi.processor.util.list.ListProcessorTestWatcher -           file3.txt = 1714612954000 2024-05-02T02:22:34.000    -2199
[main] INFO org.apache.nifi.processor.util.list.ListProcessorTestWatcher -           file4.txt = 1714612954000 2024-05-02T02:22:34.000    -2199
[main] INFO org.apache.nifi.processor.util.list.ListProcessorTestWatcher - ---- output flowfiles ----------------------------------------------
[main] INFO org.apache.nifi.processor.util.list.ListProcessorTestWatcher -           file2.txt = 1714612954000 2024-05-02T02:22:34.000    -2199
[main] INFO org.apache.nifi.processor.util.list.ListProcessorTestWatcher -           file4.txt = 1714612954000 2024-05-02T02:22:34.000    -2199
[main] INFO org.apache.nifi.processor.util.list.ListProcessorTestWatcher -           file1.txt = 1714612954000 2024-05-02T02:22:34.000    -2199
[main] INFO org.apache.nifi.processor.util.list.ListProcessorTestWatcher - REL_SUCCESS count = 3
[main] INFO org.apache.nifi.processor.util.list.ListProcessorTestWatcher - --------------------------------------------------------------------
[main] INFO org.apache.nifi.processor.util.list.ListProcessorTestWatcher - 
[main] DEBUG org.apache.nifi.processors.standard.ListFile - ListFile[id=b06fcceb-419e-4221-ab10-dc6c91dcee00] Took 1 milliseconds to perform listing and gather 4 entries
[main] TRACE org.apache.nifi.processors.standard.ListFile - ListFile[id=b06fcceb-419e-4221-ab10-dc6c91dcee00] Performing operation CHECK_READABLE on file1.txt took 0 milliseconds
[main] TRACE org.apache.nifi.processors.standard.ListFile - ListFile[id=b06fcceb-419e-4221-ab10-dc6c91dcee00] Performing operation CHECK_HIDDEN on file1.txt took 0 milliseconds
[main] DEBUG org.apache.nifi.processors.standard.ListFile - ListFile[id=b06fcceb-419e-4221-ab10-dc6c91dcee00] Took 0 milliseconds to perform listing and gather 1 entries
[main] INFO org.apache.nifi.processors.standard.ListFile - ListFile[id=b06fcceb-419e-4221-ab10-dc6c91dcee00] Successfully verified configuration
[pool-1763-thread-1] TRACE org.apache.nifi.processors.standard.ListFile - ListFile[id=b06fcceb-419e-4221-ab10-dc6c91dcee00] Performing operation CHECK_READABLE on file1.txt took 0 milliseconds
[pool-1763-thread-1] TRACE org.apache.nifi.processors.standard.ListFile - ListFile[id=b06fcceb-419e-4221-ab10-dc6c91dcee00] Performing operation CHECK_HIDDEN on file1.txt took 0 milliseconds
[pool-1763-thread-1] DEBUG org.apache.nifi.processors.standard.ListFile - ListFile[id=b06fcceb-419e-4221-ab10-dc6c91dcee00] Took 1 milliseconds to perform listing and gather 1 entries
[pool-1763-thread-1] TRACE org.apache.nifi.processors.standard.ListFile - ListFile[id=b06fcceb-419e-4221-ab10-dc6c91dcee00] Performing operation RETRIEVE_BASIC_ATTRIBUTES on file1.txt took 0 milliseconds
[pool-1763-thread-1] TRACE org.apache.nifi.processors.standard.ListFile - ListFile[id=b06fcceb-419e-4221-ab10-dc6c91dcee00] Performing operation RETRIEVE_OWNER_ATTRIBUTES on file1.txt took 0 milliseconds
[pool-1763-thread-1] TRACE org.apache.nifi.processors.standard.ListFile - ListFile[id=b06fcceb-419e-4221-ab10-dc6c91dcee00] Performing operation RETRIEVE_POSIX_ATTRIBUTES on file1.txt took 0 milliseconds
[pool-1763-thread-1] INFO org.apache.nifi.processors.standard.ListFile - ListFile[id=b06fcceb-419e-4221-ab10-dc6c91dcee00] Successfully created listing with 1 new objects
[main] INFO org.apache.nifi.processor.util.list.ListProcessorTestWatcher - --------------------------------------------------------------------
[main] INFO org.apache.nifi.processor.util.list.ListProcessorTestWatcher -                       timestamp     date from timestamp     t0 delta
[main] INFO org.apache.nifi.processor.util.list.ListProcessorTestWatcher - -------------------   ------------- ----------------------- --------
[main] INFO org.apache.nifi.processor.util.list.ListProcessorTestWatcher - started at          = 1714612956400 2024-05-02T02:22:36.400        0
[main] INFO org.apache.nifi.processor.util.list.ListProcessorTestWatcher - current time        = 1714612956402 2024-05-02T02:22:36.402        0
[main] INFO org.apache.nifi.processor.util.list.ListProcessorTestWatcher - ---- processor state -----------------------------------------------
[main] INFO org.apache.nifi.processor.util.list.ListProcessorTestWatcher - processed.timestamp = 1714612954000 2024-05-02T02:22:34.000    -2402
[main] INFO org.apache.nifi.processor.util.list.ListProcessorTestWatcher -   listing.timestamp = 1714612954000 2024-05-02T02:22:34.000    -2402
[main] INFO org.apache.nifi.processor.util.list.ListProcessorTestWatcher - ---- input folder contents -----------------------------------------
[main] INFO org.apache.nifi.processor.util.list.ListProcessorTestWatcher -           file1.txt = 1714612954000 2024-05-02T02:22:34.000    -2402
[main] INFO org.apache.nifi.processor.util.list.ListProcessorTestWatcher -           file2.txt = 1714612954000 2024-05-02T02:22:34.000    -2402
[main] INFO org.apache.nifi.processor.util.list.ListProcessorTestWatcher -           file3.txt = 1714612954000 2024-05-02T02:22:34.000    -2402
[main] INFO org.apache.nifi.processor.util.list.ListProcessorTestWatcher -           file4.txt = 1714612954000 2024-05-02T02:22:34.000    -2402
[main] INFO org.apache.nifi.processor.util.list.ListProcessorTestWatcher - ---- output flowfiles ----------------------------------------------
[main] INFO org.apache.nifi.processor.util.list.ListProcessorTestWatcher -           file1.txt = 1714612954000 2024-05-02T02:22:34.000    -2402
[main] INFO org.apache.nifi.processor.util.list.ListProcessorTestWatcher - REL_SUCCESS count = 1
[main] INFO org.apache.nifi.processor.util.list.ListProcessorTestWatcher - --------------------------------------------------------------------
[main] INFO org.apache.nifi.processor.util.list.ListProcessorTestWatcher - 
]]></system-err>
  </testcase>
  <testcase name="testFilterHidden" classname="org.apache.nifi.processors.standard.TestListFile" time="0.408">
    <system-err><![CDATA[[main] DEBUG org.apache.nifi.processors.standard.ListFile - ListFile[id=b9754808-fe97-412b-9367-b367c16f7ef6] Took 0 milliseconds to perform listing and gather 2 entries
[main] TRACE org.apache.nifi.processors.standard.ListFile - ListFile[id=b9754808-fe97-412b-9367-b367c16f7ef6] Performing operation CHECK_READABLE on .hidden2.txt took 0 milliseconds
[main] TRACE org.apache.nifi.processors.standard.ListFile - ListFile[id=b9754808-fe97-412b-9367-b367c16f7ef6] Performing operation CHECK_READABLE on hidden1.txt took 0 milliseconds
[main] DEBUG org.apache.nifi.processors.standard.ListFile - ListFile[id=b9754808-fe97-412b-9367-b367c16f7ef6] Took 0 milliseconds to perform listing and gather 2 entries
[main] INFO org.apache.nifi.processors.standard.ListFile - ListFile[id=b9754808-fe97-412b-9367-b367c16f7ef6] Successfully verified configuration
[pool-1765-thread-1] TRACE org.apache.nifi.processors.standard.ListFile - ListFile[id=b9754808-fe97-412b-9367-b367c16f7ef6] Performing operation CHECK_READABLE on .hidden2.txt took 0 milliseconds
[pool-1765-thread-1] TRACE org.apache.nifi.processors.standard.ListFile - ListFile[id=b9754808-fe97-412b-9367-b367c16f7ef6] Performing operation CHECK_READABLE on hidden1.txt took 0 milliseconds
[pool-1765-thread-1] DEBUG org.apache.nifi.processors.standard.ListFile - ListFile[id=b9754808-fe97-412b-9367-b367c16f7ef6] Took 0 milliseconds to perform listing and gather 2 entries
[pool-1765-thread-1] TRACE org.apache.nifi.processors.standard.ListFile - ListFile[id=b9754808-fe97-412b-9367-b367c16f7ef6] Performing operation RETRIEVE_BASIC_ATTRIBUTES on .hidden2.txt took 0 milliseconds
[pool-1765-thread-1] TRACE org.apache.nifi.processors.standard.ListFile - ListFile[id=b9754808-fe97-412b-9367-b367c16f7ef6] Performing operation RETRIEVE_OWNER_ATTRIBUTES on .hidden2.txt took 0 milliseconds
[pool-1765-thread-1] TRACE org.apache.nifi.processors.standard.ListFile - ListFile[id=b9754808-fe97-412b-9367-b367c16f7ef6] Performing operation RETRIEVE_POSIX_ATTRIBUTES on .hidden2.txt took 0 milliseconds
[pool-1765-thread-1] TRACE org.apache.nifi.processors.standard.ListFile - ListFile[id=b9754808-fe97-412b-9367-b367c16f7ef6] Performing operation RETRIEVE_BASIC_ATTRIBUTES on hidden1.txt took 0 milliseconds
[pool-1765-thread-1] TRACE org.apache.nifi.processors.standard.ListFile - ListFile[id=b9754808-fe97-412b-9367-b367c16f7ef6] Performing operation RETRIEVE_OWNER_ATTRIBUTES on hidden1.txt took 0 milliseconds
[pool-1765-thread-1] TRACE org.apache.nifi.processors.standard.ListFile - ListFile[id=b9754808-fe97-412b-9367-b367c16f7ef6] Performing operation RETRIEVE_POSIX_ATTRIBUTES on hidden1.txt took 0 milliseconds
[pool-1765-thread-1] INFO org.apache.nifi.processors.standard.ListFile - ListFile[id=b9754808-fe97-412b-9367-b367c16f7ef6] Successfully created listing with 2 new objects
[main] INFO org.apache.nifi.processor.util.list.ListProcessorTestWatcher - --------------------------------------------------------------------
[main] INFO org.apache.nifi.processor.util.list.ListProcessorTestWatcher -                       timestamp     date from timestamp     t0 delta
[main] INFO org.apache.nifi.processor.util.list.ListProcessorTestWatcher - -------------------   ------------- ----------------------- --------
[main] INFO org.apache.nifi.processor.util.list.ListProcessorTestWatcher - started at          = 1714612956606 2024-05-02T02:22:36.606        0
[main] INFO org.apache.nifi.processor.util.list.ListProcessorTestWatcher - current time        = 1714612956609 2024-05-02T02:22:36.609        0
[main] INFO org.apache.nifi.processor.util.list.ListProcessorTestWatcher - ---- processor state -----------------------------------------------
[main] INFO org.apache.nifi.processor.util.list.ListProcessorTestWatcher - processed.timestamp = 1714612955000 2024-05-02T02:22:35.000    -1609
[main] INFO org.apache.nifi.processor.util.list.ListProcessorTestWatcher -   listing.timestamp = 1714612955000 2024-05-02T02:22:35.000    -1609
[main] INFO org.apache.nifi.processor.util.list.ListProcessorTestWatcher - ---- input folder contents -----------------------------------------
[main] INFO org.apache.nifi.processor.util.list.ListProcessorTestWatcher -        .hidden2.txt = 1714612955000 2024-05-02T02:22:35.000    -1609
[main] INFO org.apache.nifi.processor.util.list.ListProcessorTestWatcher -         hidden1.txt = 1714612955000 2024-05-02T02:22:35.000    -1609
[main] INFO org.apache.nifi.processor.util.list.ListProcessorTestWatcher - ---- output flowfiles ----------------------------------------------
[main] INFO org.apache.nifi.processor.util.list.ListProcessorTestWatcher -        .hidden2.txt = 1714612955000 2024-05-02T02:22:35.000    -1609
[main] INFO org.apache.nifi.processor.util.list.ListProcessorTestWatcher -         hidden1.txt = 1714612955000 2024-05-02T02:22:35.000    -1609
[main] INFO org.apache.nifi.processor.util.list.ListProcessorTestWatcher - REL_SUCCESS count = 2
[main] INFO org.apache.nifi.processor.util.list.ListProcessorTestWatcher - --------------------------------------------------------------------
[main] INFO org.apache.nifi.processor.util.list.ListProcessorTestWatcher - 
[main] DEBUG org.apache.nifi.processors.standard.ListFile - ListFile[id=b9754808-fe97-412b-9367-b367c16f7ef6] Took 0 milliseconds to perform listing and gather 2 entries
[main] TRACE org.apache.nifi.processors.standard.ListFile - ListFile[id=b9754808-fe97-412b-9367-b367c16f7ef6] Performing operation CHECK_READABLE on .hidden2.txt took 0 milliseconds
[main] TRACE org.apache.nifi.processors.standard.ListFile - ListFile[id=b9754808-fe97-412b-9367-b367c16f7ef6] Performing operation CHECK_HIDDEN on .hidden2.txt took 0 milliseconds
[main] TRACE org.apache.nifi.processors.standard.ListFile - ListFile[id=b9754808-fe97-412b-9367-b367c16f7ef6] Performing operation CHECK_READABLE on hidden1.txt took 0 milliseconds
[main] TRACE org.apache.nifi.processors.standard.ListFile - ListFile[id=b9754808-fe97-412b-9367-b367c16f7ef6] Performing operation CHECK_HIDDEN on hidden1.txt took 0 milliseconds
[main] DEBUG org.apache.nifi.processors.standard.ListFile - ListFile[id=b9754808-fe97-412b-9367-b367c16f7ef6] Took 1 milliseconds to perform listing and gather 1 entries
[main] INFO org.apache.nifi.processors.standard.ListFile - ListFile[id=b9754808-fe97-412b-9367-b367c16f7ef6] Successfully verified configuration
[pool-1766-thread-1] TRACE org.apache.nifi.processors.standard.ListFile - ListFile[id=b9754808-fe97-412b-9367-b367c16f7ef6] Performing operation CHECK_READABLE on .hidden2.txt took 0 milliseconds
[pool-1766-thread-1] TRACE org.apache.nifi.processors.standard.ListFile - ListFile[id=b9754808-fe97-412b-9367-b367c16f7ef6] Performing operation CHECK_HIDDEN on .hidden2.txt took 0 milliseconds
[pool-1766-thread-1] TRACE org.apache.nifi.processors.standard.ListFile - ListFile[id=b9754808-fe97-412b-9367-b367c16f7ef6] Performing operation CHECK_READABLE on hidden1.txt took 0 milliseconds
[pool-1766-thread-1] TRACE org.apache.nifi.processors.standard.ListFile - ListFile[id=b9754808-fe97-412b-9367-b367c16f7ef6] Performing operation CHECK_HIDDEN on hidden1.txt took 0 milliseconds
[pool-1766-thread-1] DEBUG org.apache.nifi.processors.standard.ListFile - ListFile[id=b9754808-fe97-412b-9367-b367c16f7ef6] Took 0 milliseconds to perform listing and gather 1 entries
[pool-1766-thread-1] TRACE org.apache.nifi.processors.standard.ListFile - ListFile[id=b9754808-fe97-412b-9367-b367c16f7ef6] Performing operation RETRIEVE_BASIC_ATTRIBUTES on hidden1.txt took 0 milliseconds
[pool-1766-thread-1] TRACE org.apache.nifi.processors.standard.ListFile - ListFile[id=b9754808-fe97-412b-9367-b367c16f7ef6] Performing operation RETRIEVE_OWNER_ATTRIBUTES on hidden1.txt took 0 milliseconds
[pool-1766-thread-1] TRACE org.apache.nifi.processors.standard.ListFile - ListFile[id=b9754808-fe97-412b-9367-b367c16f7ef6] Performing operation RETRIEVE_POSIX_ATTRIBUTES on hidden1.txt took 1 milliseconds
[pool-1766-thread-1] INFO org.apache.nifi.processors.standard.ListFile - ListFile[id=b9754808-fe97-412b-9367-b367c16f7ef6] Successfully created listing with 1 new objects
[main] INFO org.apache.nifi.processor.util.list.ListProcessorTestWatcher - --------------------------------------------------------------------
[main] INFO org.apache.nifi.processor.util.list.ListProcessorTestWatcher -                       timestamp     date from timestamp     t0 delta
[main] INFO org.apache.nifi.processor.util.list.ListProcessorTestWatcher - -------------------   ------------- ----------------------- --------
[main] INFO org.apache.nifi.processor.util.list.ListProcessorTestWatcher - started at          = 1714612956810 2024-05-02T02:22:36.810        0
[main] INFO org.apache.nifi.processor.util.list.ListProcessorTestWatcher - current time        = 1714612956812 2024-05-02T02:22:36.812        0
[main] INFO org.apache.nifi.processor.util.list.ListProcessorTestWatcher - ---- processor state -----------------------------------------------
[main] INFO org.apache.nifi.processor.util.list.ListProcessorTestWatcher - processed.timestamp = 1714612955000 2024-05-02T02:22:35.000    -1812
[main] INFO org.apache.nifi.processor.util.list.ListProcessorTestWatcher -   listing.timestamp = 1714612955000 2024-05-02T02:22:35.000    -1812
[main] INFO org.apache.nifi.processor.util.list.ListProcessorTestWatcher - ---- input folder contents -----------------------------------------
[main] INFO org.apache.nifi.processor.util.list.ListProcessorTestWatcher -        .hidden2.txt = 1714612955000 2024-05-02T02:22:35.000    -1812
[main] INFO org.apache.nifi.processor.util.list.ListProcessorTestWatcher -         hidden1.txt = 1714612955000 2024-05-02T02:22:35.000    -1812
[main] INFO org.apache.nifi.processor.util.list.ListProcessorTestWatcher - ---- output flowfiles ----------------------------------------------
[main] INFO org.apache.nifi.processor.util.list.ListProcessorTestWatcher -         hidden1.txt = 1714612955000 2024-05-02T02:22:35.000    -1812
[main] INFO org.apache.nifi.processor.util.list.ListProcessorTestWatcher - REL_SUCCESS count = 1
[main] INFO org.apache.nifi.processor.util.list.ListProcessorTestWatcher - --------------------------------------------------------------------
[main] INFO org.apache.nifi.processor.util.list.ListProcessorTestWatcher - 
]]></system-err>
  </testcase>
  <testcase name="testListWithUnreadableFiles" classname="org.apache.nifi.processors.standard.TestListFile" time="0.204">
    <system-err><![CDATA[[main] DEBUG org.apache.nifi.processors.standard.ListFile - ListFile[id=77690039-54f2-4e46-be99-619dfa51c968] Took 0 milliseconds to perform listing and gather 2 entries
[main] TRACE org.apache.nifi.processors.standard.ListFile - ListFile[id=77690039-54f2-4e46-be99-619dfa51c968] Performing operation CHECK_READABLE on readable.txt took 0 milliseconds
[main] TRACE org.apache.nifi.processors.standard.ListFile - ListFile[id=77690039-54f2-4e46-be99-619dfa51c968] Performing operation CHECK_HIDDEN on readable.txt took 0 milliseconds
[main] TRACE org.apache.nifi.processors.standard.ListFile - ListFile[id=77690039-54f2-4e46-be99-619dfa51c968] Performing operation CHECK_READABLE on unreadable.txt took 0 milliseconds
[main] DEBUG org.apache.nifi.processors.standard.ListFile - ListFile[id=77690039-54f2-4e46-be99-619dfa51c968] Took 0 milliseconds to perform listing and gather 1 entries
[main] INFO org.apache.nifi.processors.standard.ListFile - ListFile[id=77690039-54f2-4e46-be99-619dfa51c968] Successfully verified configuration
[pool-1768-thread-1] TRACE org.apache.nifi.processors.standard.ListFile - ListFile[id=77690039-54f2-4e46-be99-619dfa51c968] Performing operation CHECK_READABLE on readable.txt took 0 milliseconds
[pool-1768-thread-1] TRACE org.apache.nifi.processors.standard.ListFile - ListFile[id=77690039-54f2-4e46-be99-619dfa51c968] Performing operation CHECK_HIDDEN on readable.txt took 0 milliseconds
[pool-1768-thread-1] TRACE org.apache.nifi.processors.standard.ListFile - ListFile[id=77690039-54f2-4e46-be99-619dfa51c968] Performing operation CHECK_READABLE on unreadable.txt took 0 milliseconds
[pool-1768-thread-1] DEBUG org.apache.nifi.processors.standard.ListFile - ListFile[id=77690039-54f2-4e46-be99-619dfa51c968] Took 1 milliseconds to perform listing and gather 1 entries
[pool-1768-thread-1] TRACE org.apache.nifi.processors.standard.ListFile - ListFile[id=77690039-54f2-4e46-be99-619dfa51c968] Performing operation RETRIEVE_BASIC_ATTRIBUTES on readable.txt took 0 milliseconds
[pool-1768-thread-1] TRACE org.apache.nifi.processors.standard.ListFile - ListFile[id=77690039-54f2-4e46-be99-619dfa51c968] Performing operation RETRIEVE_OWNER_ATTRIBUTES on readable.txt took 0 milliseconds
[pool-1768-thread-1] TRACE org.apache.nifi.processors.standard.ListFile - ListFile[id=77690039-54f2-4e46-be99-619dfa51c968] Performing operation RETRIEVE_POSIX_ATTRIBUTES on readable.txt took 0 milliseconds
[pool-1768-thread-1] INFO org.apache.nifi.processors.standard.ListFile - ListFile[id=77690039-54f2-4e46-be99-619dfa51c968] Successfully created listing with 1 new objects
[main] INFO org.apache.nifi.processor.util.list.ListProcessorTestWatcher - --------------------------------------------------------------------
[main] INFO org.apache.nifi.processor.util.list.ListProcessorTestWatcher -                       timestamp     date from timestamp     t0 delta
[main] INFO org.apache.nifi.processor.util.list.ListProcessorTestWatcher - -------------------   ------------- ----------------------- --------
[main] INFO org.apache.nifi.processor.util.list.ListProcessorTestWatcher - started at          = 1714612957013 2024-05-02T02:22:37.013        0
[main] INFO org.apache.nifi.processor.util.list.ListProcessorTestWatcher - current time        = 1714612957015 2024-05-02T02:22:37.015        0
[main] INFO org.apache.nifi.processor.util.list.ListProcessorTestWatcher - ---- processor state -----------------------------------------------
[main] INFO org.apache.nifi.processor.util.list.ListProcessorTestWatcher - processed.timestamp = 1714612955000 2024-05-02T02:22:35.000    -2015
[main] INFO org.apache.nifi.processor.util.list.ListProcessorTestWatcher -   listing.timestamp = 1714612955000 2024-05-02T02:22:35.000    -2015
[main] INFO org.apache.nifi.processor.util.list.ListProcessorTestWatcher - ---- input folder contents -----------------------------------------
[main] INFO org.apache.nifi.processor.util.list.ListProcessorTestWatcher -        readable.txt = 1714612955000 2024-05-02T02:22:35.000    -2015
[main] INFO org.apache.nifi.processor.util.list.ListProcessorTestWatcher -      unreadable.txt = 1714612955000 2024-05-02T02:22:35.000    -2015
[main] INFO org.apache.nifi.processor.util.list.ListProcessorTestWatcher - ---- output flowfiles ----------------------------------------------
[main] INFO org.apache.nifi.processor.util.list.ListProcessorTestWatcher -        readable.txt = 1714612955000 2024-05-02T02:22:35.000    -2015
[main] INFO org.apache.nifi.processor.util.list.ListProcessorTestWatcher - REL_SUCCESS count = 1
[main] INFO org.apache.nifi.processor.util.list.ListProcessorTestWatcher - --------------------------------------------------------------------
[main] INFO org.apache.nifi.processor.util.list.ListProcessorTestWatcher - 
]]></system-err>
  </testcase>
  <testcase name="testListingNeedsSufficientPrivilegesAndFittingFilter" classname="org.apache.nifi.processors.standard.TestListFile" time="0.606">
    <system-err><![CDATA[[pool-1770-thread-1] DEBUG org.apache.nifi.processors.standard.ListFile - ListFile[id=542df862-49d0-4585-99de-8dde59d10b2a] Took 0 milliseconds to perform listing and gather 0 entries
[main] INFO org.apache.nifi.processor.util.list.ListProcessorTestWatcher - --------------------------------------------------------------------
[main] INFO org.apache.nifi.processor.util.list.ListProcessorTestWatcher -                       timestamp     date from timestamp     t0 delta
[main] INFO org.apache.nifi.processor.util.list.ListProcessorTestWatcher - -------------------   ------------- ----------------------- --------
[main] INFO org.apache.nifi.processor.util.list.ListProcessorTestWatcher - started at          = 1714612957216 2024-05-02T02:22:37.216        0
[main] INFO org.apache.nifi.processor.util.list.ListProcessorTestWatcher - current time        = 1714612957218 2024-05-02T02:22:37.218        0
[main] INFO org.apache.nifi.processor.util.list.ListProcessorTestWatcher - ---- processor state -----------------------------------------------
[main] INFO org.apache.nifi.processor.util.list.ListProcessorTestWatcher - processed.timestamp = na
[main] INFO org.apache.nifi.processor.util.list.ListProcessorTestWatcher -   listing.timestamp = na
[main] INFO org.apache.nifi.processor.util.list.ListProcessorTestWatcher - ---- input folder contents -----------------------------------------
[main] INFO org.apache.nifi.processor.util.list.ListProcessorTestWatcher -            file.txt = 1714612956000 2024-05-02T02:22:36.000    -1218
[main] INFO org.apache.nifi.processor.util.list.ListProcessorTestWatcher - ---- output flowfiles ----------------------------------------------
[main] INFO org.apache.nifi.processor.util.list.ListProcessorTestWatcher - REL_SUCCESS count = 0
[main] INFO org.apache.nifi.processor.util.list.ListProcessorTestWatcher - --------------------------------------------------------------------
[main] INFO org.apache.nifi.processor.util.list.ListProcessorTestWatcher - 
[main] DEBUG org.apache.nifi.processors.standard.ListFile - ListFile[id=542df862-49d0-4585-99de-8dde59d10b2a] Took 0 milliseconds to perform listing and gather 1 entries
[main] TRACE org.apache.nifi.processors.standard.ListFile - ListFile[id=542df862-49d0-4585-99de-8dde59d10b2a] Performing operation CHECK_READABLE on file.txt took 0 milliseconds
[main] TRACE org.apache.nifi.processors.standard.ListFile - ListFile[id=542df862-49d0-4585-99de-8dde59d10b2a] Performing operation CHECK_HIDDEN on file.txt took 0 milliseconds
[main] DEBUG org.apache.nifi.processors.standard.ListFile - ListFile[id=542df862-49d0-4585-99de-8dde59d10b2a] Took 0 milliseconds to perform listing and gather 1 entries
[main] INFO org.apache.nifi.processors.standard.ListFile - ListFile[id=542df862-49d0-4585-99de-8dde59d10b2a] Successfully verified configuration
[pool-1771-thread-1] TRACE org.apache.nifi.processors.standard.ListFile - ListFile[id=542df862-49d0-4585-99de-8dde59d10b2a] Performing operation CHECK_READABLE on file.txt took 0 milliseconds
[pool-1771-thread-1] TRACE org.apache.nifi.processors.standard.ListFile - ListFile[id=542df862-49d0-4585-99de-8dde59d10b2a] Performing operation CHECK_HIDDEN on file.txt took 0 milliseconds
[pool-1771-thread-1] DEBUG org.apache.nifi.processors.standard.ListFile - ListFile[id=542df862-49d0-4585-99de-8dde59d10b2a] Took 0 milliseconds to perform listing and gather 1 entries
[pool-1771-thread-1] TRACE org.apache.nifi.processors.standard.ListFile - ListFile[id=542df862-49d0-4585-99de-8dde59d10b2a] Performing operation RETRIEVE_BASIC_ATTRIBUTES on file.txt took 0 milliseconds
[pool-1771-thread-1] TRACE org.apache.nifi.processors.standard.ListFile - ListFile[id=542df862-49d0-4585-99de-8dde59d10b2a] Performing operation RETRIEVE_OWNER_ATTRIBUTES on file.txt took 0 milliseconds
[pool-1771-thread-1] TRACE org.apache.nifi.processors.standard.ListFile - ListFile[id=542df862-49d0-4585-99de-8dde59d10b2a] Performing operation RETRIEVE_POSIX_ATTRIBUTES on file.txt took 0 milliseconds
[pool-1771-thread-1] INFO org.apache.nifi.processors.standard.ListFile - ListFile[id=542df862-49d0-4585-99de-8dde59d10b2a] Successfully created listing with 1 new objects
[main] INFO org.apache.nifi.processor.util.list.ListProcessorTestWatcher - --------------------------------------------------------------------
[main] INFO org.apache.nifi.processor.util.list.ListProcessorTestWatcher -                       timestamp     date from timestamp     t0 delta
[main] INFO org.apache.nifi.processor.util.list.ListProcessorTestWatcher - -------------------   ------------- ----------------------- --------
[main] INFO org.apache.nifi.processor.util.list.ListProcessorTestWatcher - started at          = 1714612957418 2024-05-02T02:22:37.418        0
[main] INFO org.apache.nifi.processor.util.list.ListProcessorTestWatcher - current time        = 1714612957420 2024-05-02T02:22:37.420        0
[main] INFO org.apache.nifi.processor.util.list.ListProcessorTestWatcher - ---- processor state -----------------------------------------------
[main] INFO org.apache.nifi.processor.util.list.ListProcessorTestWatcher - processed.timestamp = 1714612956000 2024-05-02T02:22:36.000    -1420
[main] INFO org.apache.nifi.processor.util.list.ListProcessorTestWatcher -   listing.timestamp = 1714612956000 2024-05-02T02:22:36.000    -1420
[main] INFO org.apache.nifi.processor.util.list.ListProcessorTestWatcher - ---- input folder contents -----------------------------------------
[main] INFO org.apache.nifi.processor.util.list.ListProcessorTestWatcher -            file.txt = 1714612956000 2024-05-02T02:22:36.000    -1420
[main] INFO org.apache.nifi.processor.util.list.ListProcessorTestWatcher - ---- output flowfiles ----------------------------------------------
[main] INFO org.apache.nifi.processor.util.list.ListProcessorTestWatcher -            file.txt = 1714612956000 2024-05-02T02:22:36.000    -1420
[main] INFO org.apache.nifi.processor.util.list.ListProcessorTestWatcher - REL_SUCCESS count = 1
[main] INFO org.apache.nifi.processor.util.list.ListProcessorTestWatcher - --------------------------------------------------------------------
[main] INFO org.apache.nifi.processor.util.list.ListProcessorTestWatcher - 
[main] DEBUG org.apache.nifi.processors.standard.ListFile - ListFile[id=542df862-49d0-4585-99de-8dde59d10b2a] Took 1 milliseconds to perform listing and gather 1 entries
[main] TRACE org.apache.nifi.processors.standard.ListFile - ListFile[id=542df862-49d0-4585-99de-8dde59d10b2a] Performing operation CHECK_READABLE on file.txt took 0 milliseconds
[main] DEBUG org.apache.nifi.processors.standard.ListFile - ListFile[id=542df862-49d0-4585-99de-8dde59d10b2a] Took 0 milliseconds to perform listing and gather 0 entries
[main] INFO org.apache.nifi.processors.standard.ListFile - ListFile[id=542df862-49d0-4585-99de-8dde59d10b2a] Successfully verified configuration
[pool-1772-thread-1] TRACE org.apache.nifi.processors.standard.ListFile - ListFile[id=542df862-49d0-4585-99de-8dde59d10b2a] Performing operation CHECK_READABLE on file.txt took 0 milliseconds
[pool-1772-thread-1] DEBUG org.apache.nifi.processors.standard.ListFile - ListFile[id=542df862-49d0-4585-99de-8dde59d10b2a] Took 0 milliseconds to perform listing and gather 0 entries
[main] INFO org.apache.nifi.processor.util.list.ListProcessorTestWatcher - --------------------------------------------------------------------
[main] INFO org.apache.nifi.processor.util.list.ListProcessorTestWatcher -                       timestamp     date from timestamp     t0 delta
[main] INFO org.apache.nifi.processor.util.list.ListProcessorTestWatcher - -------------------   ------------- ----------------------- --------
[main] INFO org.apache.nifi.processor.util.list.ListProcessorTestWatcher - started at          = 1714612957621 2024-05-02T02:22:37.621        0
[main] INFO org.apache.nifi.processor.util.list.ListProcessorTestWatcher - current time        = 1714612957622 2024-05-02T02:22:37.622        0
[main] INFO org.apache.nifi.processor.util.list.ListProcessorTestWatcher - ---- processor state -----------------------------------------------
[main] INFO org.apache.nifi.processor.util.list.ListProcessorTestWatcher - processed.timestamp = 1714612956000 2024-05-02T02:22:36.000    -1622
[main] INFO org.apache.nifi.processor.util.list.ListProcessorTestWatcher -   listing.timestamp = 1714612956000 2024-05-02T02:22:36.000    -1622
[main] INFO org.apache.nifi.processor.util.list.ListProcessorTestWatcher - ---- input folder contents -----------------------------------------
[main] INFO org.apache.nifi.processor.util.list.ListProcessorTestWatcher -            file.txt = 1714612956000 2024-05-02T02:22:36.000    -1622
[main] INFO org.apache.nifi.processor.util.list.ListProcessorTestWatcher - ---- output flowfiles ----------------------------------------------
[main] INFO org.apache.nifi.processor.util.list.ListProcessorTestWatcher - REL_SUCCESS count = 0
[main] INFO org.apache.nifi.processor.util.list.ListProcessorTestWatcher - --------------------------------------------------------------------
[main] INFO org.apache.nifi.processor.util.list.ListProcessorTestWatcher - 
]]></system-err>
  </testcase>
  <testcase name="testIsListingResetNecessary" classname="org.apache.nifi.processors.standard.TestListFile" time="0"/>
  <testcase name="testGetPath" classname="org.apache.nifi.processors.standard.TestListFile" time="0.001"/>
  <testcase name="testFilterAge" classname="org.apache.nifi.processors.standard.TestListFile" time="1.019">
    <system-err><![CDATA[[pool-1774-thread-1] TRACE org.apache.nifi.processors.standard.ListFile - ListFile[id=79b4392d-f924-4c44-a743-ec9c9e5a7200] Performing operation CHECK_READABLE on age2.txt took 0 milliseconds
[pool-1774-thread-1] TRACE org.apache.nifi.processors.standard.ListFile - ListFile[id=79b4392d-f924-4c44-a743-ec9c9e5a7200] Performing operation CHECK_HIDDEN on age2.txt took 0 milliseconds
[pool-1774-thread-1] TRACE org.apache.nifi.processors.standard.ListFile - ListFile[id=79b4392d-f924-4c44-a743-ec9c9e5a7200] Performing operation CHECK_READABLE on age3.txt took 0 milliseconds
[pool-1774-thread-1] TRACE org.apache.nifi.processors.standard.ListFile - ListFile[id=79b4392d-f924-4c44-a743-ec9c9e5a7200] Performing operation CHECK_HIDDEN on age3.txt took 0 milliseconds
[pool-1774-thread-1] TRACE org.apache.nifi.processors.standard.ListFile - ListFile[id=79b4392d-f924-4c44-a743-ec9c9e5a7200] Performing operation CHECK_READABLE on age1.txt took 0 milliseconds
[pool-1774-thread-1] TRACE org.apache.nifi.processors.standard.ListFile - ListFile[id=79b4392d-f924-4c44-a743-ec9c9e5a7200] Performing operation CHECK_HIDDEN on age1.txt took 0 milliseconds
[pool-1774-thread-1] DEBUG org.apache.nifi.processors.standard.ListFile - ListFile[id=79b4392d-f924-4c44-a743-ec9c9e5a7200] Took 1 milliseconds to perform listing and gather 3 entries
[pool-1774-thread-1] TRACE org.apache.nifi.processors.standard.ListFile - ListFile[id=79b4392d-f924-4c44-a743-ec9c9e5a7200] Performing operation RETRIEVE_BASIC_ATTRIBUTES on age3.txt took 0 milliseconds
[pool-1774-thread-1] TRACE org.apache.nifi.processors.standard.ListFile - ListFile[id=79b4392d-f924-4c44-a743-ec9c9e5a7200] Performing operation RETRIEVE_OWNER_ATTRIBUTES on age3.txt took 1 milliseconds
[pool-1774-thread-1] TRACE org.apache.nifi.processors.standard.ListFile - ListFile[id=79b4392d-f924-4c44-a743-ec9c9e5a7200] Performing operation RETRIEVE_POSIX_ATTRIBUTES on age3.txt took 0 milliseconds
[pool-1774-thread-1] TRACE org.apache.nifi.processors.standard.ListFile - ListFile[id=79b4392d-f924-4c44-a743-ec9c9e5a7200] Performing operation RETRIEVE_BASIC_ATTRIBUTES on age2.txt took 0 milliseconds
[pool-1774-thread-1] TRACE org.apache.nifi.processors.standard.ListFile - ListFile[id=79b4392d-f924-4c44-a743-ec9c9e5a7200] Performing operation RETRIEVE_OWNER_ATTRIBUTES on age2.txt took 0 milliseconds
[pool-1774-thread-1] TRACE org.apache.nifi.processors.standard.ListFile - ListFile[id=79b4392d-f924-4c44-a743-ec9c9e5a7200] Performing operation RETRIEVE_POSIX_ATTRIBUTES on age2.txt took 0 milliseconds
[pool-1774-thread-1] TRACE org.apache.nifi.processors.standard.ListFile - ListFile[id=79b4392d-f924-4c44-a743-ec9c9e5a7200] Performing operation RETRIEVE_BASIC_ATTRIBUTES on age1.txt took 0 milliseconds
[pool-1774-thread-1] TRACE org.apache.nifi.processors.standard.ListFile - ListFile[id=79b4392d-f924-4c44-a743-ec9c9e5a7200] Performing operation RETRIEVE_OWNER_ATTRIBUTES on age1.txt took 0 milliseconds
[pool-1774-thread-1] TRACE org.apache.nifi.processors.standard.ListFile - ListFile[id=79b4392d-f924-4c44-a743-ec9c9e5a7200] Performing operation RETRIEVE_POSIX_ATTRIBUTES on age1.txt took 0 milliseconds
[pool-1774-thread-1] INFO org.apache.nifi.processors.standard.ListFile - ListFile[id=79b4392d-f924-4c44-a743-ec9c9e5a7200] Successfully created listing with 3 new objects
[main] INFO org.apache.nifi.processor.util.list.ListProcessorTestWatcher - --------------------------------------------------------------------
[main] INFO org.apache.nifi.processor.util.list.ListProcessorTestWatcher -                       timestamp     date from timestamp     t0 delta
[main] INFO org.apache.nifi.processor.util.list.ListProcessorTestWatcher - -------------------   ------------- ----------------------- --------
[main] INFO org.apache.nifi.processor.util.list.ListProcessorTestWatcher - started at          = 1714612957826 2024-05-02T02:22:37.826        0
[main] INFO org.apache.nifi.processor.util.list.ListProcessorTestWatcher - current time        = 1714612957829 2024-05-02T02:22:37.829        0
[main] INFO org.apache.nifi.processor.util.list.ListProcessorTestWatcher - ---- processor state -----------------------------------------------
[main] INFO org.apache.nifi.processor.util.list.ListProcessorTestWatcher - processed.timestamp = 1714612956000 2024-05-02T02:22:36.000    -1829
[main] INFO org.apache.nifi.processor.util.list.ListProcessorTestWatcher -   listing.timestamp = 1714612956000 2024-05-02T02:22:36.000    -1829
[main] INFO org.apache.nifi.processor.util.list.ListProcessorTestWatcher - ---- input folder contents -----------------------------------------
[main] INFO org.apache.nifi.processor.util.list.ListProcessorTestWatcher -            age1.txt = 1714612956000 2024-05-02T02:22:36.000    -1829
[main] INFO org.apache.nifi.processor.util.list.ListProcessorTestWatcher -            age2.txt = 1714612946000 2024-05-02T02:22:26.000   -11829
[main] INFO org.apache.nifi.processor.util.list.ListProcessorTestWatcher -            age3.txt = 1714612936000 2024-05-02T02:22:16.000   -21829
[main] INFO org.apache.nifi.processor.util.list.ListProcessorTestWatcher - ---- output flowfiles ----------------------------------------------
[main] INFO org.apache.nifi.processor.util.list.ListProcessorTestWatcher -            age3.txt = 1714612936000 2024-05-02T02:22:16.000   -21829
[main] INFO org.apache.nifi.processor.util.list.ListProcessorTestWatcher -            age2.txt = 1714612946000 2024-05-02T02:22:26.000   -11829
[main] INFO org.apache.nifi.processor.util.list.ListProcessorTestWatcher -            age1.txt = 1714612956000 2024-05-02T02:22:36.000    -1829
[main] INFO org.apache.nifi.processor.util.list.ListProcessorTestWatcher - REL_SUCCESS count = 3
[main] INFO org.apache.nifi.processor.util.list.ListProcessorTestWatcher - --------------------------------------------------------------------
[main] INFO org.apache.nifi.processor.util.list.ListProcessorTestWatcher - 
[main] DEBUG org.apache.nifi.processors.standard.ListFile - ListFile[id=79b4392d-f924-4c44-a743-ec9c9e5a7200] Took 0 milliseconds to perform listing and gather 3 entries
[main] TRACE org.apache.nifi.processors.standard.ListFile - ListFile[id=79b4392d-f924-4c44-a743-ec9c9e5a7200] Performing operation CHECK_READABLE on age2.txt took 0 milliseconds
[main] TRACE org.apache.nifi.processors.standard.ListFile - ListFile[id=79b4392d-f924-4c44-a743-ec9c9e5a7200] Performing operation CHECK_HIDDEN on age2.txt took 0 milliseconds
[main] TRACE org.apache.nifi.processors.standard.ListFile - ListFile[id=79b4392d-f924-4c44-a743-ec9c9e5a7200] Performing operation CHECK_READABLE on age3.txt took 0 milliseconds
[main] TRACE org.apache.nifi.processors.standard.ListFile - ListFile[id=79b4392d-f924-4c44-a743-ec9c9e5a7200] Performing operation CHECK_HIDDEN on age3.txt took 0 milliseconds
[main] TRACE org.apache.nifi.processors.standard.ListFile - ListFile[id=79b4392d-f924-4c44-a743-ec9c9e5a7200] Performing operation CHECK_READABLE on age1.txt took 0 milliseconds
[main] TRACE org.apache.nifi.processors.standard.ListFile - ListFile[id=79b4392d-f924-4c44-a743-ec9c9e5a7200] Performing operation CHECK_HIDDEN on age1.txt took 0 milliseconds
[main] DEBUG org.apache.nifi.processors.standard.ListFile - ListFile[id=79b4392d-f924-4c44-a743-ec9c9e5a7200] Took 1 milliseconds to perform listing and gather 3 entries
[main] INFO org.apache.nifi.processors.standard.ListFile - ListFile[id=79b4392d-f924-4c44-a743-ec9c9e5a7200] Successfully verified configuration
[pool-1775-thread-1] TRACE org.apache.nifi.processors.standard.ListFile - ListFile[id=79b4392d-f924-4c44-a743-ec9c9e5a7200] Performing operation CHECK_READABLE on age1.txt took 0 milliseconds
[pool-1775-thread-1] TRACE org.apache.nifi.processors.standard.ListFile - ListFile[id=79b4392d-f924-4c44-a743-ec9c9e5a7200] Performing operation CHECK_HIDDEN on age1.txt took 0 milliseconds
[pool-1775-thread-1] DEBUG org.apache.nifi.processors.standard.ListFile - ListFile[id=79b4392d-f924-4c44-a743-ec9c9e5a7200] Took 1 milliseconds to perform listing and gather 1 entries
[main] INFO org.apache.nifi.processor.util.list.ListProcessorTestWatcher - --------------------------------------------------------------------
[main] INFO org.apache.nifi.processor.util.list.ListProcessorTestWatcher -                       timestamp     date from timestamp     t0 delta
[main] INFO org.apache.nifi.processor.util.list.ListProcessorTestWatcher - -------------------   ------------- ----------------------- --------
[main] INFO org.apache.nifi.processor.util.list.ListProcessorTestWatcher - started at          = 1714612958030 2024-05-02T02:22:38.030        0
[main] INFO org.apache.nifi.processor.util.list.ListProcessorTestWatcher - current time        = 1714612958031 2024-05-02T02:22:38.031        0
[main] INFO org.apache.nifi.processor.util.list.ListProcessorTestWatcher - ---- processor state -----------------------------------------------
[main] INFO org.apache.nifi.processor.util.list.ListProcessorTestWatcher - processed.timestamp = 1714612956000 2024-05-02T02:22:36.000    -2031
[main] INFO org.apache.nifi.processor.util.list.ListProcessorTestWatcher -   listing.timestamp = 1714612956000 2024-05-02T02:22:36.000    -2031
[main] INFO org.apache.nifi.processor.util.list.ListProcessorTestWatcher - ---- input folder contents -----------------------------------------
[main] INFO org.apache.nifi.processor.util.list.ListProcessorTestWatcher -            age1.txt = 1714612956000 2024-05-02T02:22:36.000    -2031
[main] INFO org.apache.nifi.processor.util.list.ListProcessorTestWatcher -            age2.txt = 1714612946000 2024-05-02T02:22:26.000   -12031
[main] INFO org.apache.nifi.processor.util.list.ListProcessorTestWatcher -            age3.txt = 1714612936000 2024-05-02T02:22:16.000   -22031
[main] INFO org.apache.nifi.processor.util.list.ListProcessorTestWatcher - ---- output flowfiles ----------------------------------------------
[main] INFO org.apache.nifi.processor.util.list.ListProcessorTestWatcher - REL_SUCCESS count = 0
[main] INFO org.apache.nifi.processor.util.list.ListProcessorTestWatcher - --------------------------------------------------------------------
[main] INFO org.apache.nifi.processor.util.list.ListProcessorTestWatcher - 
[pool-1776-thread-1] TRACE org.apache.nifi.processors.standard.ListFile - ListFile[id=79b4392d-f924-4c44-a743-ec9c9e5a7200] Performing operation CHECK_READABLE on age2.txt took 0 milliseconds
[pool-1776-thread-1] TRACE org.apache.nifi.processors.standard.ListFile - ListFile[id=79b4392d-f924-4c44-a743-ec9c9e5a7200] Performing operation CHECK_HIDDEN on age2.txt took 0 milliseconds
[pool-1776-thread-1] TRACE org.apache.nifi.processors.standard.ListFile - ListFile[id=79b4392d-f924-4c44-a743-ec9c9e5a7200] Performing operation CHECK_READABLE on age1.txt took 0 milliseconds
[pool-1776-thread-1] TRACE org.apache.nifi.processors.standard.ListFile - ListFile[id=79b4392d-f924-4c44-a743-ec9c9e5a7200] Performing operation CHECK_HIDDEN on age1.txt took 0 milliseconds
[pool-1776-thread-1] DEBUG org.apache.nifi.processors.standard.ListFile - ListFile[id=79b4392d-f924-4c44-a743-ec9c9e5a7200] Took 1 milliseconds to perform listing and gather 2 entries
[pool-1776-thread-1] TRACE org.apache.nifi.processors.standard.ListFile - ListFile[id=79b4392d-f924-4c44-a743-ec9c9e5a7200] Performing operation RETRIEVE_BASIC_ATTRIBUTES on age2.txt took 0 milliseconds
[pool-1776-thread-1] TRACE org.apache.nifi.processors.standard.ListFile - ListFile[id=79b4392d-f924-4c44-a743-ec9c9e5a7200] Performing operation RETRIEVE_OWNER_ATTRIBUTES on age2.txt took 0 milliseconds
[pool-1776-thread-1] TRACE org.apache.nifi.processors.standard.ListFile - ListFile[id=79b4392d-f924-4c44-a743-ec9c9e5a7200] Performing operation RETRIEVE_POSIX_ATTRIBUTES on age2.txt took 0 milliseconds
[pool-1776-thread-1] TRACE org.apache.nifi.processors.standard.ListFile - ListFile[id=79b4392d-f924-4c44-a743-ec9c9e5a7200] Performing operation RETRIEVE_BASIC_ATTRIBUTES on age1.txt took 1 milliseconds
[pool-1776-thread-1] TRACE org.apache.nifi.processors.standard.ListFile - ListFile[id=79b4392d-f924-4c44-a743-ec9c9e5a7200] Performing operation RETRIEVE_OWNER_ATTRIBUTES on age1.txt took 0 milliseconds
[pool-1776-thread-1] TRACE org.apache.nifi.processors.standard.ListFile - ListFile[id=79b4392d-f924-4c44-a743-ec9c9e5a7200] Performing operation RETRIEVE_POSIX_ATTRIBUTES on age1.txt took 0 milliseconds
[pool-1776-thread-1] INFO org.apache.nifi.processors.standard.ListFile - ListFile[id=79b4392d-f924-4c44-a743-ec9c9e5a7200] Successfully created listing with 2 new objects
[main] INFO org.apache.nifi.processor.util.list.ListProcessorTestWatcher - --------------------------------------------------------------------
[main] INFO org.apache.nifi.processor.util.list.ListProcessorTestWatcher -                       timestamp     date from timestamp     t0 delta
[main] INFO org.apache.nifi.processor.util.list.ListProcessorTestWatcher - -------------------   ------------- ----------------------- --------
[main] INFO org.apache.nifi.processor.util.list.ListProcessorTestWatcher - started at          = 1714612958232 2024-05-02T02:22:38.232        0
[main] INFO org.apache.nifi.processor.util.list.ListProcessorTestWatcher - current time        = 1714612958234 2024-05-02T02:22:38.234        0
[main] INFO org.apache.nifi.processor.util.list.ListProcessorTestWatcher - ---- processor state -----------------------------------------------
[main] INFO org.apache.nifi.processor.util.list.ListProcessorTestWatcher - processed.timestamp = 1714612957000 2024-05-02T02:22:37.000    -1234
[main] INFO org.apache.nifi.processor.util.list.ListProcessorTestWatcher -   listing.timestamp = 1714612957000 2024-05-02T02:22:37.000    -1234
[main] INFO org.apache.nifi.processor.util.list.ListProcessorTestWatcher - ---- input folder contents -----------------------------------------
[main] INFO org.apache.nifi.processor.util.list.ListProcessorTestWatcher -            age1.txt = 1714612957000 2024-05-02T02:22:37.000    -1234
[main] INFO org.apache.nifi.processor.util.list.ListProcessorTestWatcher -            age2.txt = 1714612947000 2024-05-02T02:22:27.000   -11234
[main] INFO org.apache.nifi.processor.util.list.ListProcessorTestWatcher -            age3.txt = 1714612937000 2024-05-02T02:22:17.000   -21234
[main] INFO org.apache.nifi.processor.util.list.ListProcessorTestWatcher - ---- output flowfiles ----------------------------------------------
[main] INFO org.apache.nifi.processor.util.list.ListProcessorTestWatcher -            age2.txt = 1714612947000 2024-05-02T02:22:27.000   -11234
[main] INFO org.apache.nifi.processor.util.list.ListProcessorTestWatcher -            age1.txt = 1714612957000 2024-05-02T02:22:37.000    -1234
[main] INFO org.apache.nifi.processor.util.list.ListProcessorTestWatcher - REL_SUCCESS count = 2
[main] INFO org.apache.nifi.processor.util.list.ListProcessorTestWatcher - --------------------------------------------------------------------
[main] INFO org.apache.nifi.processor.util.list.ListProcessorTestWatcher - 
[main] DEBUG org.apache.nifi.processors.standard.ListFile - ListFile[id=79b4392d-f924-4c44-a743-ec9c9e5a7200] Took 0 milliseconds to perform listing and gather 3 entries
[main] TRACE org.apache.nifi.processors.standard.ListFile - ListFile[id=79b4392d-f924-4c44-a743-ec9c9e5a7200] Performing operation CHECK_READABLE on age2.txt took 0 milliseconds
[main] TRACE org.apache.nifi.processors.standard.ListFile - ListFile[id=79b4392d-f924-4c44-a743-ec9c9e5a7200] Performing operation CHECK_HIDDEN on age2.txt took 0 milliseconds
[main] TRACE org.apache.nifi.processors.standard.ListFile - ListFile[id=79b4392d-f924-4c44-a743-ec9c9e5a7200] Performing operation CHECK_READABLE on age1.txt took 0 milliseconds
[main] TRACE org.apache.nifi.processors.standard.ListFile - ListFile[id=79b4392d-f924-4c44-a743-ec9c9e5a7200] Performing operation CHECK_HIDDEN on age1.txt took 0 milliseconds
[main] DEBUG org.apache.nifi.processors.standard.ListFile - ListFile[id=79b4392d-f924-4c44-a743-ec9c9e5a7200] Took 1 milliseconds to perform listing and gather 2 entries
[main] INFO org.apache.nifi.processors.standard.ListFile - ListFile[id=79b4392d-f924-4c44-a743-ec9c9e5a7200] Successfully verified configuration
[pool-1777-thread-1] TRACE org.apache.nifi.processors.standard.ListFile - ListFile[id=79b4392d-f924-4c44-a743-ec9c9e5a7200] Performing operation CHECK_READABLE on age2.txt took 0 milliseconds
[pool-1777-thread-1] TRACE org.apache.nifi.processors.standard.ListFile - ListFile[id=79b4392d-f924-4c44-a743-ec9c9e5a7200] Performing operation CHECK_HIDDEN on age2.txt took 0 milliseconds
[pool-1777-thread-1] TRACE org.apache.nifi.processors.standard.ListFile - ListFile[id=79b4392d-f924-4c44-a743-ec9c9e5a7200] Performing operation CHECK_READABLE on age3.txt took 0 milliseconds
[pool-1777-thread-1] TRACE org.apache.nifi.processors.standard.ListFile - ListFile[id=79b4392d-f924-4c44-a743-ec9c9e5a7200] Performing operation CHECK_HIDDEN on age3.txt took 0 milliseconds
[pool-1777-thread-1] DEBUG org.apache.nifi.processors.standard.ListFile - ListFile[id=79b4392d-f924-4c44-a743-ec9c9e5a7200] Took 1 milliseconds to perform listing and gather 2 entries
[pool-1777-thread-1] TRACE org.apache.nifi.processors.standard.ListFile - ListFile[id=79b4392d-f924-4c44-a743-ec9c9e5a7200] Performing operation RETRIEVE_BASIC_ATTRIBUTES on age3.txt took 0 milliseconds
[pool-1777-thread-1] TRACE org.apache.nifi.processors.standard.ListFile - ListFile[id=79b4392d-f924-4c44-a743-ec9c9e5a7200] Performing operation RETRIEVE_OWNER_ATTRIBUTES on age3.txt took 0 milliseconds
[pool-1777-thread-1] TRACE org.apache.nifi.processors.standard.ListFile - ListFile[id=79b4392d-f924-4c44-a743-ec9c9e5a7200] Performing operation RETRIEVE_POSIX_ATTRIBUTES on age3.txt took 0 milliseconds
[pool-1777-thread-1] TRACE org.apache.nifi.processors.standard.ListFile - ListFile[id=79b4392d-f924-4c44-a743-ec9c9e5a7200] Performing operation RETRIEVE_BASIC_ATTRIBUTES on age2.txt took 0 milliseconds
[pool-1777-thread-1] TRACE org.apache.nifi.processors.standard.ListFile - ListFile[id=79b4392d-f924-4c44-a743-ec9c9e5a7200] Performing operation RETRIEVE_OWNER_ATTRIBUTES on age2.txt took 0 milliseconds
[pool-1777-thread-1] TRACE org.apache.nifi.processors.standard.ListFile - ListFile[id=79b4392d-f924-4c44-a743-ec9c9e5a7200] Performing operation RETRIEVE_POSIX_ATTRIBUTES on age2.txt took 0 milliseconds
[pool-1777-thread-1] INFO org.apache.nifi.processors.standard.ListFile - ListFile[id=79b4392d-f924-4c44-a743-ec9c9e5a7200] Successfully created listing with 2 new objects
[main] INFO org.apache.nifi.processor.util.list.ListProcessorTestWatcher - --------------------------------------------------------------------
[main] INFO org.apache.nifi.processor.util.list.ListProcessorTestWatcher -                       timestamp     date from timestamp     t0 delta
[main] INFO org.apache.nifi.processor.util.list.ListProcessorTestWatcher - -------------------   ------------- ----------------------- --------
[main] INFO org.apache.nifi.processor.util.list.ListProcessorTestWatcher - started at          = 1714612958435 2024-05-02T02:22:38.435        0
[main] INFO org.apache.nifi.processor.util.list.ListProcessorTestWatcher - current time        = 1714612958439 2024-05-02T02:22:38.439        0
[main] INFO org.apache.nifi.processor.util.list.ListProcessorTestWatcher - ---- processor state -----------------------------------------------
[main] INFO org.apache.nifi.processor.util.list.ListProcessorTestWatcher - processed.timestamp = 1714612947000 2024-05-02T02:22:27.000   -11439
[main] INFO org.apache.nifi.processor.util.list.ListProcessorTestWatcher -   listing.timestamp = 1714612947000 2024-05-02T02:22:27.000   -11439
[main] INFO org.apache.nifi.processor.util.list.ListProcessorTestWatcher - ---- input folder contents -----------------------------------------
[main] INFO org.apache.nifi.processor.util.list.ListProcessorTestWatcher -            age1.txt = 1714612957000 2024-05-02T02:22:37.000    -1439
[main] INFO org.apache.nifi.processor.util.list.ListProcessorTestWatcher -            age2.txt = 1714612947000 2024-05-02T02:22:27.000   -11439
[main] INFO org.apache.nifi.processor.util.list.ListProcessorTestWatcher -            age3.txt = 1714612937000 2024-05-02T02:22:17.000   -21439
[main] INFO org.apache.nifi.processor.util.list.ListProcessorTestWatcher - ---- output flowfiles ----------------------------------------------
[main] INFO org.apache.nifi.processor.util.list.ListProcessorTestWatcher -            age3.txt = 1714612937000 2024-05-02T02:22:17.000   -21439
[main] INFO org.apache.nifi.processor.util.list.ListProcessorTestWatcher -            age2.txt = 1714612947000 2024-05-02T02:22:27.000   -11439
[main] INFO org.apache.nifi.processor.util.list.ListProcessorTestWatcher - REL_SUCCESS count = 2
[main] INFO org.apache.nifi.processor.util.list.ListProcessorTestWatcher - --------------------------------------------------------------------
[main] INFO org.apache.nifi.processor.util.list.ListProcessorTestWatcher - 
[main] DEBUG org.apache.nifi.processors.standard.ListFile - ListFile[id=79b4392d-f924-4c44-a743-ec9c9e5a7200] Took 0 milliseconds to perform listing and gather 3 entries
[main] TRACE org.apache.nifi.processors.standard.ListFile - ListFile[id=79b4392d-f924-4c44-a743-ec9c9e5a7200] Performing operation CHECK_READABLE on age2.txt took 0 milliseconds
[main] TRACE org.apache.nifi.processors.standard.ListFile - ListFile[id=79b4392d-f924-4c44-a743-ec9c9e5a7200] Performing operation CHECK_HIDDEN on age2.txt took 0 milliseconds
[main] TRACE org.apache.nifi.processors.standard.ListFile - ListFile[id=79b4392d-f924-4c44-a743-ec9c9e5a7200] Performing operation CHECK_READABLE on age3.txt took 0 milliseconds
[main] TRACE org.apache.nifi.processors.standard.ListFile - ListFile[id=79b4392d-f924-4c44-a743-ec9c9e5a7200] Performing operation CHECK_HIDDEN on age3.txt took 0 milliseconds
[main] DEBUG org.apache.nifi.processors.standard.ListFile - ListFile[id=79b4392d-f924-4c44-a743-ec9c9e5a7200] Took 0 milliseconds to perform listing and gather 2 entries
[main] INFO org.apache.nifi.processors.standard.ListFile - ListFile[id=79b4392d-f924-4c44-a743-ec9c9e5a7200] Successfully verified configuration
[pool-1778-thread-1] TRACE org.apache.nifi.processors.standard.ListFile - ListFile[id=79b4392d-f924-4c44-a743-ec9c9e5a7200] Performing operation CHECK_READABLE on age2.txt took 0 milliseconds
[pool-1778-thread-1] TRACE org.apache.nifi.processors.standard.ListFile - ListFile[id=79b4392d-f924-4c44-a743-ec9c9e5a7200] Performing operation CHECK_HIDDEN on age2.txt took 0 milliseconds
[pool-1778-thread-1] DEBUG org.apache.nifi.processors.standard.ListFile - ListFile[id=79b4392d-f924-4c44-a743-ec9c9e5a7200] Took 1 milliseconds to perform listing and gather 1 entries
[pool-1778-thread-1] TRACE org.apache.nifi.processors.standard.ListFile - ListFile[id=79b4392d-f924-4c44-a743-ec9c9e5a7200] Performing operation RETRIEVE_BASIC_ATTRIBUTES on age2.txt took 0 milliseconds
[pool-1778-thread-1] TRACE org.apache.nifi.processors.standard.ListFile - ListFile[id=79b4392d-f924-4c44-a743-ec9c9e5a7200] Performing operation RETRIEVE_OWNER_ATTRIBUTES on age2.txt took 0 milliseconds
[pool-1778-thread-1] TRACE org.apache.nifi.processors.standard.ListFile - ListFile[id=79b4392d-f924-4c44-a743-ec9c9e5a7200] Performing operation RETRIEVE_POSIX_ATTRIBUTES on age2.txt took 0 milliseconds
[pool-1778-thread-1] INFO org.apache.nifi.processors.standard.ListFile - ListFile[id=79b4392d-f924-4c44-a743-ec9c9e5a7200] Successfully created listing with 1 new objects
[main] INFO org.apache.nifi.processor.util.list.ListProcessorTestWatcher - --------------------------------------------------------------------
[main] INFO org.apache.nifi.processor.util.list.ListProcessorTestWatcher -                       timestamp     date from timestamp     t0 delta
[main] INFO org.apache.nifi.processor.util.list.ListProcessorTestWatcher - -------------------   ------------- ----------------------- --------
[main] INFO org.apache.nifi.processor.util.list.ListProcessorTestWatcher - started at          = 1714612958640 2024-05-02T02:22:38.640        0
[main] INFO org.apache.nifi.processor.util.list.ListProcessorTestWatcher - current time        = 1714612958642 2024-05-02T02:22:38.642        0
[main] INFO org.apache.nifi.processor.util.list.ListProcessorTestWatcher - ---- processor state -----------------------------------------------
[main] INFO org.apache.nifi.processor.util.list.ListProcessorTestWatcher - processed.timestamp = 1714612947000 2024-05-02T02:22:27.000   -11642
[main] INFO org.apache.nifi.processor.util.list.ListProcessorTestWatcher -   listing.timestamp = 1714612947000 2024-05-02T02:22:27.000   -11642
[main] INFO org.apache.nifi.processor.util.list.ListProcessorTestWatcher - ---- input folder contents -----------------------------------------
[main] INFO org.apache.nifi.processor.util.list.ListProcessorTestWatcher -            age1.txt = 1714612957000 2024-05-02T02:22:37.000    -1642
[main] INFO org.apache.nifi.processor.util.list.ListProcessorTestWatcher -            age2.txt = 1714612947000 2024-05-02T02:22:27.000   -11642
[main] INFO org.apache.nifi.processor.util.list.ListProcessorTestWatcher -            age3.txt = 1714612937000 2024-05-02T02:22:17.000   -21642
[main] INFO org.apache.nifi.processor.util.list.ListProcessorTestWatcher - ---- output flowfiles ----------------------------------------------
[main] INFO org.apache.nifi.processor.util.list.ListProcessorTestWatcher -            age2.txt = 1714612947000 2024-05-02T02:22:27.000   -11642
[main] INFO org.apache.nifi.processor.util.list.ListProcessorTestWatcher - REL_SUCCESS count = 1
[main] INFO org.apache.nifi.processor.util.list.ListProcessorTestWatcher - --------------------------------------------------------------------
[main] INFO org.apache.nifi.processor.util.list.ListProcessorTestWatcher - 
[main] DEBUG org.apache.nifi.processors.standard.ListFile - ListFile[id=79b4392d-f924-4c44-a743-ec9c9e5a7200] Took 0 milliseconds to perform listing and gather 3 entries
[main] TRACE org.apache.nifi.processors.standard.ListFile - ListFile[id=79b4392d-f924-4c44-a743-ec9c9e5a7200] Performing operation CHECK_READABLE on age2.txt took 0 milliseconds
[main] TRACE org.apache.nifi.processors.standard.ListFile - ListFile[id=79b4392d-f924-4c44-a743-ec9c9e5a7200] Performing operation CHECK_HIDDEN on age2.txt took 0 milliseconds
[main] DEBUG org.apache.nifi.processors.standard.ListFile - ListFile[id=79b4392d-f924-4c44-a743-ec9c9e5a7200] Took 0 milliseconds to perform listing and gather 1 entries
[main] INFO org.apache.nifi.processors.standard.ListFile - ListFile[id=79b4392d-f924-4c44-a743-ec9c9e5a7200] Successfully verified configuration
]]></system-err>
  </testcase>
  <testcase name="testReadable" classname="org.apache.nifi.processors.standard.TestListFile" time="0.205">
    <system-err><![CDATA[[main] DEBUG org.apache.nifi.processors.standard.ListFile - ListFile[id=25000f2d-f4d5-4e90-af66-2c8e54c6ca96] Took 0 milliseconds to perform listing and gather 3 entries
[main] TRACE org.apache.nifi.processors.standard.ListFile - ListFile[id=25000f2d-f4d5-4e90-af66-2c8e54c6ca96] Performing operation CHECK_READABLE on file2.txt took 0 milliseconds
[main] TRACE org.apache.nifi.processors.standard.ListFile - ListFile[id=25000f2d-f4d5-4e90-af66-2c8e54c6ca96] Performing operation CHECK_HIDDEN on file2.txt took 0 milliseconds
[main] TRACE org.apache.nifi.processors.standard.ListFile - ListFile[id=25000f2d-f4d5-4e90-af66-2c8e54c6ca96] Performing operation CHECK_READABLE on file1.txt took 0 milliseconds
[main] TRACE org.apache.nifi.processors.standard.ListFile - ListFile[id=25000f2d-f4d5-4e90-af66-2c8e54c6ca96] Performing operation CHECK_HIDDEN on file1.txt took 0 milliseconds
[main] TRACE org.apache.nifi.processors.standard.ListFile - ListFile[id=25000f2d-f4d5-4e90-af66-2c8e54c6ca96] Performing operation CHECK_READABLE on file3.txt took 0 milliseconds
[main] TRACE org.apache.nifi.processors.standard.ListFile - ListFile[id=25000f2d-f4d5-4e90-af66-2c8e54c6ca96] Performing operation CHECK_HIDDEN on file3.txt took 0 milliseconds
[main] DEBUG org.apache.nifi.processors.standard.ListFile - ListFile[id=25000f2d-f4d5-4e90-af66-2c8e54c6ca96] Took 0 milliseconds to perform listing and gather 3 entries
[main] INFO org.apache.nifi.processors.standard.ListFile - ListFile[id=25000f2d-f4d5-4e90-af66-2c8e54c6ca96] Successfully verified configuration
[pool-1780-thread-1] TRACE org.apache.nifi.processors.standard.ListFile - ListFile[id=25000f2d-f4d5-4e90-af66-2c8e54c6ca96] Performing operation CHECK_READABLE on file2.txt took 0 milliseconds
[pool-1780-thread-1] TRACE org.apache.nifi.processors.standard.ListFile - ListFile[id=25000f2d-f4d5-4e90-af66-2c8e54c6ca96] Performing operation CHECK_HIDDEN on file2.txt took 0 milliseconds
[pool-1780-thread-1] TRACE org.apache.nifi.processors.standard.ListFile - ListFile[id=25000f2d-f4d5-4e90-af66-2c8e54c6ca96] Performing operation CHECK_READABLE on file1.txt took 0 milliseconds
[pool-1780-thread-1] TRACE org.apache.nifi.processors.standard.ListFile - ListFile[id=25000f2d-f4d5-4e90-af66-2c8e54c6ca96] Performing operation CHECK_HIDDEN on file1.txt took 0 milliseconds
[pool-1780-thread-1] TRACE org.apache.nifi.processors.standard.ListFile - ListFile[id=25000f2d-f4d5-4e90-af66-2c8e54c6ca96] Performing operation CHECK_READABLE on file3.txt took 0 milliseconds
[pool-1780-thread-1] TRACE org.apache.nifi.processors.standard.ListFile - ListFile[id=25000f2d-f4d5-4e90-af66-2c8e54c6ca96] Performing operation CHECK_HIDDEN on file3.txt took 0 milliseconds
[pool-1780-thread-1] DEBUG org.apache.nifi.processors.standard.ListFile - ListFile[id=25000f2d-f4d5-4e90-af66-2c8e54c6ca96] Took 0 milliseconds to perform listing and gather 3 entries
[pool-1780-thread-1] TRACE org.apache.nifi.processors.standard.ListFile - ListFile[id=25000f2d-f4d5-4e90-af66-2c8e54c6ca96] Performing operation RETRIEVE_BASIC_ATTRIBUTES on file2.txt took 1 milliseconds
[pool-1780-thread-1] TRACE org.apache.nifi.processors.standard.ListFile - ListFile[id=25000f2d-f4d5-4e90-af66-2c8e54c6ca96] Performing operation RETRIEVE_OWNER_ATTRIBUTES on file2.txt took 0 milliseconds
[pool-1780-thread-1] TRACE org.apache.nifi.processors.standard.ListFile - ListFile[id=25000f2d-f4d5-4e90-af66-2c8e54c6ca96] Performing operation RETRIEVE_POSIX_ATTRIBUTES on file2.txt took 0 milliseconds
[pool-1780-thread-1] TRACE org.apache.nifi.processors.standard.ListFile - ListFile[id=25000f2d-f4d5-4e90-af66-2c8e54c6ca96] Performing operation RETRIEVE_BASIC_ATTRIBUTES on file1.txt took 0 milliseconds
[pool-1780-thread-1] TRACE org.apache.nifi.processors.standard.ListFile - ListFile[id=25000f2d-f4d5-4e90-af66-2c8e54c6ca96] Performing operation RETRIEVE_OWNER_ATTRIBUTES on file1.txt took 0 milliseconds
[pool-1780-thread-1] TRACE org.apache.nifi.processors.standard.ListFile - ListFile[id=25000f2d-f4d5-4e90-af66-2c8e54c6ca96] Performing operation RETRIEVE_POSIX_ATTRIBUTES on file1.txt took 0 milliseconds
[pool-1780-thread-1] TRACE org.apache.nifi.processors.standard.ListFile - ListFile[id=25000f2d-f4d5-4e90-af66-2c8e54c6ca96] Performing operation RETRIEVE_BASIC_ATTRIBUTES on file3.txt took 0 milliseconds
[pool-1780-thread-1] TRACE org.apache.nifi.processors.standard.ListFile - ListFile[id=25000f2d-f4d5-4e90-af66-2c8e54c6ca96] Performing operation RETRIEVE_OWNER_ATTRIBUTES on file3.txt took 0 milliseconds
[pool-1780-thread-1] TRACE org.apache.nifi.processors.standard.ListFile - ListFile[id=25000f2d-f4d5-4e90-af66-2c8e54c6ca96] Performing operation RETRIEVE_POSIX_ATTRIBUTES on file3.txt took 0 milliseconds
[pool-1780-thread-1] INFO org.apache.nifi.processors.standard.ListFile - ListFile[id=25000f2d-f4d5-4e90-af66-2c8e54c6ca96] Successfully created listing with 3 new objects
[main] INFO org.apache.nifi.processor.util.list.ListProcessorTestWatcher - --------------------------------------------------------------------
[main] INFO org.apache.nifi.processor.util.list.ListProcessorTestWatcher -                       timestamp     date from timestamp     t0 delta
[main] INFO org.apache.nifi.processor.util.list.ListProcessorTestWatcher - -------------------   ------------- ----------------------- --------
[main] INFO org.apache.nifi.processor.util.list.ListProcessorTestWatcher - started at          = 1714612958845 2024-05-02T02:22:38.845        0
[main] INFO org.apache.nifi.processor.util.list.ListProcessorTestWatcher - current time        = 1714612958848 2024-05-02T02:22:38.848        0
[main] INFO org.apache.nifi.processor.util.list.ListProcessorTestWatcher - ---- processor state -----------------------------------------------
[main] INFO org.apache.nifi.processor.util.list.ListProcessorTestWatcher - processed.timestamp = 1714612957000 2024-05-02T02:22:37.000    -1848
[main] INFO org.apache.nifi.processor.util.list.ListProcessorTestWatcher -   listing.timestamp = 1714612957000 2024-05-02T02:22:37.000    -1848
[main] INFO org.apache.nifi.processor.util.list.ListProcessorTestWatcher - ---- input folder contents -----------------------------------------
[main] INFO org.apache.nifi.processor.util.list.ListProcessorTestWatcher -           file1.txt = 1714612957000 2024-05-02T02:22:37.000    -1848
[main] INFO org.apache.nifi.processor.util.list.ListProcessorTestWatcher -           file2.txt = 1714612957000 2024-05-02T02:22:37.000    -1848
[main] INFO org.apache.nifi.processor.util.list.ListProcessorTestWatcher -           file3.txt = 1714612957000 2024-05-02T02:22:37.000    -1848
[main] INFO org.apache.nifi.processor.util.list.ListProcessorTestWatcher - ---- output flowfiles ----------------------------------------------
[main] INFO org.apache.nifi.processor.util.list.ListProcessorTestWatcher -           file2.txt = 1714612957000 2024-05-02T02:22:37.000    -1848
[main] INFO org.apache.nifi.processor.util.list.ListProcessorTestWatcher -           file1.txt = 1714612957000 2024-05-02T02:22:37.000    -1848
[main] INFO org.apache.nifi.processor.util.list.ListProcessorTestWatcher -           file3.txt = 1714612957000 2024-05-02T02:22:37.000    -1848
[main] INFO org.apache.nifi.processor.util.list.ListProcessorTestWatcher - REL_SUCCESS count = 3
[main] INFO org.apache.nifi.processor.util.list.ListProcessorTestWatcher - --------------------------------------------------------------------
[main] INFO org.apache.nifi.processor.util.list.ListProcessorTestWatcher - 
]]></system-err>
  </testcase>
  <testcase name="testPerformListing" classname="org.apache.nifi.processors.standard.TestListFile" time="1.218">
    <system-err><![CDATA[[pool-1782-thread-1] DEBUG org.apache.nifi.processors.standard.ListFile - ListFile[id=0b556bd8-9942-4c92-93dc-b796ffd9f42a] Took 0 milliseconds to perform listing and gather 0 entries
[main] INFO org.apache.nifi.processor.util.list.ListProcessorTestWatcher - --------------------------------------------------------------------
[main] INFO org.apache.nifi.processor.util.list.ListProcessorTestWatcher -                       timestamp     date from timestamp     t0 delta
[main] INFO org.apache.nifi.processor.util.list.ListProcessorTestWatcher - -------------------   ------------- ----------------------- --------
[main] INFO org.apache.nifi.processor.util.list.ListProcessorTestWatcher - started at          = 1714612959049 2024-05-02T02:22:39.049        0
[main] INFO org.apache.nifi.processor.util.list.ListProcessorTestWatcher - current time        = 1714612959050 2024-05-02T02:22:39.050        0
[main] INFO org.apache.nifi.processor.util.list.ListProcessorTestWatcher - ---- processor state -----------------------------------------------
[main] INFO org.apache.nifi.processor.util.list.ListProcessorTestWatcher - processed.timestamp = na
[main] INFO org.apache.nifi.processor.util.list.ListProcessorTestWatcher -   listing.timestamp = na
[main] INFO org.apache.nifi.processor.util.list.ListProcessorTestWatcher - ---- input folder contents -----------------------------------------
[main] INFO org.apache.nifi.processor.util.list.ListProcessorTestWatcher - ---- output flowfiles ----------------------------------------------
[main] INFO org.apache.nifi.processor.util.list.ListProcessorTestWatcher - REL_SUCCESS count = 0
[main] INFO org.apache.nifi.processor.util.list.ListProcessorTestWatcher - --------------------------------------------------------------------
[main] INFO org.apache.nifi.processor.util.list.ListProcessorTestWatcher - 
[main] DEBUG org.apache.nifi.processors.standard.ListFile - ListFile[id=0b556bd8-9942-4c92-93dc-b796ffd9f42a] Took 1 milliseconds to perform listing and gather 1 entries
[main] TRACE org.apache.nifi.processors.standard.ListFile - ListFile[id=0b556bd8-9942-4c92-93dc-b796ffd9f42a] Performing operation CHECK_READABLE on listing1.txt took 0 milliseconds
[main] TRACE org.apache.nifi.processors.standard.ListFile - ListFile[id=0b556bd8-9942-4c92-93dc-b796ffd9f42a] Performing operation CHECK_HIDDEN on listing1.txt took 0 milliseconds
[main] DEBUG org.apache.nifi.processors.standard.ListFile - ListFile[id=0b556bd8-9942-4c92-93dc-b796ffd9f42a] Took 0 milliseconds to perform listing and gather 1 entries
[main] INFO org.apache.nifi.processors.standard.ListFile - ListFile[id=0b556bd8-9942-4c92-93dc-b796ffd9f42a] Successfully verified configuration
[pool-1783-thread-1] TRACE org.apache.nifi.processors.standard.ListFile - ListFile[id=0b556bd8-9942-4c92-93dc-b796ffd9f42a] Performing operation CHECK_READABLE on listing1.txt took 0 milliseconds
[pool-1783-thread-1] TRACE org.apache.nifi.processors.standard.ListFile - ListFile[id=0b556bd8-9942-4c92-93dc-b796ffd9f42a] Performing operation CHECK_HIDDEN on listing1.txt took 0 milliseconds
[pool-1783-thread-1] DEBUG org.apache.nifi.processors.standard.ListFile - ListFile[id=0b556bd8-9942-4c92-93dc-b796ffd9f42a] Took 0 milliseconds to perform listing and gather 1 entries
[pool-1783-thread-1] TRACE org.apache.nifi.processors.standard.ListFile - ListFile[id=0b556bd8-9942-4c92-93dc-b796ffd9f42a] Performing operation RETRIEVE_BASIC_ATTRIBUTES on listing1.txt took 1 milliseconds
[pool-1783-thread-1] TRACE org.apache.nifi.processors.standard.ListFile - ListFile[id=0b556bd8-9942-4c92-93dc-b796ffd9f42a] Performing operation RETRIEVE_OWNER_ATTRIBUTES on listing1.txt took 0 milliseconds
[pool-1783-thread-1] TRACE org.apache.nifi.processors.standard.ListFile - ListFile[id=0b556bd8-9942-4c92-93dc-b796ffd9f42a] Performing operation RETRIEVE_POSIX_ATTRIBUTES on listing1.txt took 0 milliseconds
[pool-1783-thread-1] INFO org.apache.nifi.processors.standard.ListFile - ListFile[id=0b556bd8-9942-4c92-93dc-b796ffd9f42a] Successfully created listing with 1 new objects
[main] INFO org.apache.nifi.processor.util.list.ListProcessorTestWatcher - --------------------------------------------------------------------
[main] INFO org.apache.nifi.processor.util.list.ListProcessorTestWatcher -                       timestamp     date from timestamp     t0 delta
[main] INFO org.apache.nifi.processor.util.list.ListProcessorTestWatcher - -------------------   ------------- ----------------------- --------
[main] INFO org.apache.nifi.processor.util.list.ListProcessorTestWatcher - started at          = 1714612959251 2024-05-02T02:22:39.251        0
[main] INFO org.apache.nifi.processor.util.list.ListProcessorTestWatcher - current time        = 1714612959253 2024-05-02T02:22:39.253        0
[main] INFO org.apache.nifi.processor.util.list.ListProcessorTestWatcher - ---- processor state -----------------------------------------------
[main] INFO org.apache.nifi.processor.util.list.ListProcessorTestWatcher - processed.timestamp = 1714612937000 2024-05-02T02:22:17.000   -22253
[main] INFO org.apache.nifi.processor.util.list.ListProcessorTestWatcher -   listing.timestamp = 1714612937000 2024-05-02T02:22:17.000   -22253
[main] INFO org.apache.nifi.processor.util.list.ListProcessorTestWatcher - ---- input folder contents -----------------------------------------
[main] INFO org.apache.nifi.processor.util.list.ListProcessorTestWatcher -        listing1.txt = 1714612937000 2024-05-02T02:22:17.000   -22253
[main] INFO org.apache.nifi.processor.util.list.ListProcessorTestWatcher - ---- output flowfiles ----------------------------------------------
[main] INFO org.apache.nifi.processor.util.list.ListProcessorTestWatcher -        listing1.txt = 1714612937000 2024-05-02T02:22:17.000   -22253
[main] INFO org.apache.nifi.processor.util.list.ListProcessorTestWatcher - REL_SUCCESS count = 1
[main] INFO org.apache.nifi.processor.util.list.ListProcessorTestWatcher - --------------------------------------------------------------------
[main] INFO org.apache.nifi.processor.util.list.ListProcessorTestWatcher - 
[main] DEBUG org.apache.nifi.processors.standard.ListFile - ListFile[id=0b556bd8-9942-4c92-93dc-b796ffd9f42a] Took 0 milliseconds to perform listing and gather 1 entries
[main] TRACE org.apache.nifi.processors.standard.ListFile - ListFile[id=0b556bd8-9942-4c92-93dc-b796ffd9f42a] Performing operation CHECK_READABLE on listing1.txt took 0 milliseconds
[main] TRACE org.apache.nifi.processors.standard.ListFile - ListFile[id=0b556bd8-9942-4c92-93dc-b796ffd9f42a] Performing operation CHECK_HIDDEN on listing1.txt took 0 milliseconds
[main] DEBUG org.apache.nifi.processors.standard.ListFile - ListFile[id=0b556bd8-9942-4c92-93dc-b796ffd9f42a] Took 0 milliseconds to perform listing and gather 1 entries
[main] INFO org.apache.nifi.processors.standard.ListFile - ListFile[id=0b556bd8-9942-4c92-93dc-b796ffd9f42a] Successfully verified configuration
[main] DEBUG org.apache.nifi.processors.standard.ListFile - ListFile[id=0b556bd8-9942-4c92-93dc-b796ffd9f42a] Took 0 milliseconds to perform listing and gather 2 entries
[main] TRACE org.apache.nifi.processors.standard.ListFile - ListFile[id=0b556bd8-9942-4c92-93dc-b796ffd9f42a] Performing operation CHECK_READABLE on listing2.txt took 0 milliseconds
[main] TRACE org.apache.nifi.processors.standard.ListFile - ListFile[id=0b556bd8-9942-4c92-93dc-b796ffd9f42a] Performing operation CHECK_HIDDEN on listing2.txt took 0 milliseconds
[main] TRACE org.apache.nifi.processors.standard.ListFile - ListFile[id=0b556bd8-9942-4c92-93dc-b796ffd9f42a] Performing operation CHECK_READABLE on listing1.txt took 0 milliseconds
[main] TRACE org.apache.nifi.processors.standard.ListFile - ListFile[id=0b556bd8-9942-4c92-93dc-b796ffd9f42a] Performing operation CHECK_HIDDEN on listing1.txt took 0 milliseconds
[main] DEBUG org.apache.nifi.processors.standard.ListFile - ListFile[id=0b556bd8-9942-4c92-93dc-b796ffd9f42a] Took 0 milliseconds to perform listing and gather 2 entries
[main] INFO org.apache.nifi.processors.standard.ListFile - ListFile[id=0b556bd8-9942-4c92-93dc-b796ffd9f42a] Successfully verified configuration
[pool-1784-thread-1] TRACE org.apache.nifi.processors.standard.ListFile - ListFile[id=0b556bd8-9942-4c92-93dc-b796ffd9f42a] Performing operation CHECK_READABLE on listing2.txt took 0 milliseconds
[pool-1784-thread-1] TRACE org.apache.nifi.processors.standard.ListFile - ListFile[id=0b556bd8-9942-4c92-93dc-b796ffd9f42a] Performing operation CHECK_HIDDEN on listing2.txt took 0 milliseconds
[pool-1784-thread-1] TRACE org.apache.nifi.processors.standard.ListFile - ListFile[id=0b556bd8-9942-4c92-93dc-b796ffd9f42a] Performing operation CHECK_READABLE on listing1.txt took 0 milliseconds
[pool-1784-thread-1] TRACE org.apache.nifi.processors.standard.ListFile - ListFile[id=0b556bd8-9942-4c92-93dc-b796ffd9f42a] Performing operation CHECK_HIDDEN on listing1.txt took 0 milliseconds
[pool-1784-thread-1] DEBUG org.apache.nifi.processors.standard.ListFile - ListFile[id=0b556bd8-9942-4c92-93dc-b796ffd9f42a] Took 0 milliseconds to perform listing and gather 2 entries
[pool-1784-thread-1] TRACE org.apache.nifi.processors.standard.ListFile - ListFile[id=0b556bd8-9942-4c92-93dc-b796ffd9f42a] Performing operation RETRIEVE_BASIC_ATTRIBUTES on listing2.txt took 0 milliseconds
[pool-1784-thread-1] TRACE org.apache.nifi.processors.standard.ListFile - ListFile[id=0b556bd8-9942-4c92-93dc-b796ffd9f42a] Performing operation RETRIEVE_OWNER_ATTRIBUTES on listing2.txt took 0 milliseconds
[pool-1784-thread-1] TRACE org.apache.nifi.processors.standard.ListFile - ListFile[id=0b556bd8-9942-4c92-93dc-b796ffd9f42a] Performing operation RETRIEVE_POSIX_ATTRIBUTES on listing2.txt took 0 milliseconds
[pool-1784-thread-1] INFO org.apache.nifi.processors.standard.ListFile - ListFile[id=0b556bd8-9942-4c92-93dc-b796ffd9f42a] Successfully created listing with 1 new objects
[main] INFO org.apache.nifi.processor.util.list.ListProcessorTestWatcher - --------------------------------------------------------------------
[main] INFO org.apache.nifi.processor.util.list.ListProcessorTestWatcher -                       timestamp     date from timestamp     t0 delta
[main] INFO org.apache.nifi.processor.util.list.ListProcessorTestWatcher - -------------------   ------------- ----------------------- --------
[main] INFO org.apache.nifi.processor.util.list.ListProcessorTestWatcher - started at          = 1714612959454 2024-05-02T02:22:39.454        0
[main] INFO org.apache.nifi.processor.util.list.ListProcessorTestWatcher - current time        = 1714612959456 2024-05-02T02:22:39.456        0
[main] INFO org.apache.nifi.processor.util.list.ListProcessorTestWatcher - ---- processor state -----------------------------------------------
[main] INFO org.apache.nifi.processor.util.list.ListProcessorTestWatcher - processed.timestamp = 1714612947000 2024-05-02T02:22:27.000   -12456
[main] INFO org.apache.nifi.processor.util.list.ListProcessorTestWatcher -   listing.timestamp = 1714612947000 2024-05-02T02:22:27.000   -12456
[main] INFO org.apache.nifi.processor.util.list.ListProcessorTestWatcher - ---- input folder contents -----------------------------------------
[main] INFO org.apache.nifi.processor.util.list.ListProcessorTestWatcher -        listing1.txt = 1714612937000 2024-05-02T02:22:17.000   -22456
[main] INFO org.apache.nifi.processor.util.list.ListProcessorTestWatcher -        listing2.txt = 1714612947000 2024-05-02T02:22:27.000   -12456
[main] INFO org.apache.nifi.processor.util.list.ListProcessorTestWatcher - ---- output flowfiles ----------------------------------------------
[main] INFO org.apache.nifi.processor.util.list.ListProcessorTestWatcher -        listing2.txt = 1714612947000 2024-05-02T02:22:27.000   -12456
[main] INFO org.apache.nifi.processor.util.list.ListProcessorTestWatcher - REL_SUCCESS count = 1
[main] INFO org.apache.nifi.processor.util.list.ListProcessorTestWatcher - --------------------------------------------------------------------
[main] INFO org.apache.nifi.processor.util.list.ListProcessorTestWatcher - 
[main] DEBUG org.apache.nifi.processors.standard.ListFile - ListFile[id=0b556bd8-9942-4c92-93dc-b796ffd9f42a] Took 0 milliseconds to perform listing and gather 2 entries
[main] TRACE org.apache.nifi.processors.standard.ListFile - ListFile[id=0b556bd8-9942-4c92-93dc-b796ffd9f42a] Performing operation CHECK_READABLE on listing2.txt took 0 milliseconds
[main] TRACE org.apache.nifi.processors.standard.ListFile - ListFile[id=0b556bd8-9942-4c92-93dc-b796ffd9f42a] Performing operation CHECK_HIDDEN on listing2.txt took 0 milliseconds
[main] TRACE org.apache.nifi.processors.standard.ListFile - ListFile[id=0b556bd8-9942-4c92-93dc-b796ffd9f42a] Performing operation CHECK_READABLE on listing1.txt took 0 milliseconds
[main] TRACE org.apache.nifi.processors.standard.ListFile - ListFile[id=0b556bd8-9942-4c92-93dc-b796ffd9f42a] Performing operation CHECK_HIDDEN on listing1.txt took 0 milliseconds
[main] DEBUG org.apache.nifi.processors.standard.ListFile - ListFile[id=0b556bd8-9942-4c92-93dc-b796ffd9f42a] Took 0 milliseconds to perform listing and gather 2 entries
[main] INFO org.apache.nifi.processors.standard.ListFile - ListFile[id=0b556bd8-9942-4c92-93dc-b796ffd9f42a] Successfully verified configuration
[main] DEBUG org.apache.nifi.processors.standard.ListFile - ListFile[id=0b556bd8-9942-4c92-93dc-b796ffd9f42a] Took 0 milliseconds to perform listing and gather 3 entries
[main] TRACE org.apache.nifi.processors.standard.ListFile - ListFile[id=0b556bd8-9942-4c92-93dc-b796ffd9f42a] Performing operation CHECK_READABLE on listing3.txt took 0 milliseconds
[main] TRACE org.apache.nifi.processors.standard.ListFile - ListFile[id=0b556bd8-9942-4c92-93dc-b796ffd9f42a] Performing operation CHECK_HIDDEN on listing3.txt took 0 milliseconds
[main] TRACE org.apache.nifi.processors.standard.ListFile - ListFile[id=0b556bd8-9942-4c92-93dc-b796ffd9f42a] Performing operation CHECK_READABLE on listing2.txt took 0 milliseconds
[main] TRACE org.apache.nifi.processors.standard.ListFile - ListFile[id=0b556bd8-9942-4c92-93dc-b796ffd9f42a] Performing operation CHECK_HIDDEN on listing2.txt took 0 milliseconds
[main] TRACE org.apache.nifi.processors.standard.ListFile - ListFile[id=0b556bd8-9942-4c92-93dc-b796ffd9f42a] Performing operation CHECK_READABLE on listing1.txt took 0 milliseconds
[main] TRACE org.apache.nifi.processors.standard.ListFile - ListFile[id=0b556bd8-9942-4c92-93dc-b796ffd9f42a] Performing operation CHECK_HIDDEN on listing1.txt took 0 milliseconds
[main] DEBUG org.apache.nifi.processors.standard.ListFile - ListFile[id=0b556bd8-9942-4c92-93dc-b796ffd9f42a] Took 0 milliseconds to perform listing and gather 3 entries
[main] INFO org.apache.nifi.processors.standard.ListFile - ListFile[id=0b556bd8-9942-4c92-93dc-b796ffd9f42a] Successfully verified configuration
[pool-1785-thread-1] TRACE org.apache.nifi.processors.standard.ListFile - ListFile[id=0b556bd8-9942-4c92-93dc-b796ffd9f42a] Performing operation CHECK_READABLE on listing2.txt took 0 milliseconds
[pool-1785-thread-1] TRACE org.apache.nifi.processors.standard.ListFile - ListFile[id=0b556bd8-9942-4c92-93dc-b796ffd9f42a] Performing operation CHECK_HIDDEN on listing2.txt took 0 milliseconds
[pool-1785-thread-1] DEBUG org.apache.nifi.processors.standard.ListFile - ListFile[id=0b556bd8-9942-4c92-93dc-b796ffd9f42a] Took 1 milliseconds to perform listing and gather 1 entries
[main] INFO org.apache.nifi.processor.util.list.ListProcessorTestWatcher - --------------------------------------------------------------------
[main] INFO org.apache.nifi.processor.util.list.ListProcessorTestWatcher -                       timestamp     date from timestamp     t0 delta
[main] INFO org.apache.nifi.processor.util.list.ListProcessorTestWatcher - -------------------   ------------- ----------------------- --------
[main] INFO org.apache.nifi.processor.util.list.ListProcessorTestWatcher - started at          = 1714612959659 2024-05-02T02:22:39.659        0
[main] INFO org.apache.nifi.processor.util.list.ListProcessorTestWatcher - current time        = 1714612959660 2024-05-02T02:22:39.660        0
[main] INFO org.apache.nifi.processor.util.list.ListProcessorTestWatcher - ---- processor state -----------------------------------------------
[main] INFO org.apache.nifi.processor.util.list.ListProcessorTestWatcher - processed.timestamp = 1714612947000 2024-05-02T02:22:27.000   -12660
[main] INFO org.apache.nifi.processor.util.list.ListProcessorTestWatcher -   listing.timestamp = 1714612947000 2024-05-02T02:22:27.000   -12660
[main] INFO org.apache.nifi.processor.util.list.ListProcessorTestWatcher - ---- input folder contents -----------------------------------------
[main] INFO org.apache.nifi.processor.util.list.ListProcessorTestWatcher -        listing1.txt = 1714612937000 2024-05-02T02:22:17.000   -22660
[main] INFO org.apache.nifi.processor.util.list.ListProcessorTestWatcher -        listing2.txt = 1714612947000 2024-05-02T02:22:27.000   -12660
[main] INFO org.apache.nifi.processor.util.list.ListProcessorTestWatcher -        listing3.txt = 1714612937000 2024-05-02T02:22:17.000   -22660
[main] INFO org.apache.nifi.processor.util.list.ListProcessorTestWatcher - ---- output flowfiles ----------------------------------------------
[main] INFO org.apache.nifi.processor.util.list.ListProcessorTestWatcher - REL_SUCCESS count = 0
[main] INFO org.apache.nifi.processor.util.list.ListProcessorTestWatcher - --------------------------------------------------------------------
[main] INFO org.apache.nifi.processor.util.list.ListProcessorTestWatcher - 
[main] DEBUG org.apache.nifi.processors.standard.ListFile - ListFile[id=0b556bd8-9942-4c92-93dc-b796ffd9f42a] Took 0 milliseconds to perform listing and gather 3 entries
[main] TRACE org.apache.nifi.processors.standard.ListFile - ListFile[id=0b556bd8-9942-4c92-93dc-b796ffd9f42a] Performing operation CHECK_READABLE on listing3.txt took 0 milliseconds
[main] TRACE org.apache.nifi.processors.standard.ListFile - ListFile[id=0b556bd8-9942-4c92-93dc-b796ffd9f42a] Performing operation CHECK_HIDDEN on listing3.txt took 0 milliseconds
[main] TRACE org.apache.nifi.processors.standard.ListFile - ListFile[id=0b556bd8-9942-4c92-93dc-b796ffd9f42a] Performing operation CHECK_READABLE on listing2.txt took 0 milliseconds
[main] TRACE org.apache.nifi.processors.standard.ListFile - ListFile[id=0b556bd8-9942-4c92-93dc-b796ffd9f42a] Performing operation CHECK_HIDDEN on listing2.txt took 0 milliseconds
[main] TRACE org.apache.nifi.processors.standard.ListFile - ListFile[id=0b556bd8-9942-4c92-93dc-b796ffd9f42a] Performing operation CHECK_READABLE on listing1.txt took 0 milliseconds
[main] TRACE org.apache.nifi.processors.standard.ListFile - ListFile[id=0b556bd8-9942-4c92-93dc-b796ffd9f42a] Performing operation CHECK_HIDDEN on listing1.txt took 0 milliseconds
[main] DEBUG org.apache.nifi.processors.standard.ListFile - ListFile[id=0b556bd8-9942-4c92-93dc-b796ffd9f42a] Took 1 milliseconds to perform listing and gather 3 entries
[main] INFO org.apache.nifi.processors.standard.ListFile - ListFile[id=0b556bd8-9942-4c92-93dc-b796ffd9f42a] Successfully verified configuration
[pool-1786-thread-1] TRACE org.apache.nifi.processors.standard.ListFile - ListFile[id=0b556bd8-9942-4c92-93dc-b796ffd9f42a] Performing operation CHECK_READABLE on listing3.txt took 0 milliseconds
[pool-1786-thread-1] TRACE org.apache.nifi.processors.standard.ListFile - ListFile[id=0b556bd8-9942-4c92-93dc-b796ffd9f42a] Performing operation CHECK_HIDDEN on listing3.txt took 0 milliseconds
[pool-1786-thread-1] TRACE org.apache.nifi.processors.standard.ListFile - ListFile[id=0b556bd8-9942-4c92-93dc-b796ffd9f42a] Performing operation CHECK_READABLE on listing2.txt took 0 milliseconds
[pool-1786-thread-1] TRACE org.apache.nifi.processors.standard.ListFile - ListFile[id=0b556bd8-9942-4c92-93dc-b796ffd9f42a] Performing operation CHECK_HIDDEN on listing2.txt took 0 milliseconds
[pool-1786-thread-1] TRACE org.apache.nifi.processors.standard.ListFile - ListFile[id=0b556bd8-9942-4c92-93dc-b796ffd9f42a] Performing operation CHECK_READABLE on listing1.txt took 0 milliseconds
[pool-1786-thread-1] TRACE org.apache.nifi.processors.standard.ListFile - ListFile[id=0b556bd8-9942-4c92-93dc-b796ffd9f42a] Performing operation CHECK_HIDDEN on listing1.txt took 0 milliseconds
[pool-1786-thread-1] DEBUG org.apache.nifi.processors.standard.ListFile - ListFile[id=0b556bd8-9942-4c92-93dc-b796ffd9f42a] Took 0 milliseconds to perform listing and gather 3 entries
[pool-1786-thread-1] TRACE org.apache.nifi.processors.standard.ListFile - ListFile[id=0b556bd8-9942-4c92-93dc-b796ffd9f42a] Performing operation RETRIEVE_BASIC_ATTRIBUTES on listing3.txt took 0 milliseconds
[pool-1786-thread-1] TRACE org.apache.nifi.processors.standard.ListFile - ListFile[id=0b556bd8-9942-4c92-93dc-b796ffd9f42a] Performing operation RETRIEVE_OWNER_ATTRIBUTES on listing3.txt took 0 milliseconds
[pool-1786-thread-1] TRACE org.apache.nifi.processors.standard.ListFile - ListFile[id=0b556bd8-9942-4c92-93dc-b796ffd9f42a] Performing operation RETRIEVE_POSIX_ATTRIBUTES on listing3.txt took 1 milliseconds
[pool-1786-thread-1] TRACE org.apache.nifi.processors.standard.ListFile - ListFile[id=0b556bd8-9942-4c92-93dc-b796ffd9f42a] Performing operation RETRIEVE_BASIC_ATTRIBUTES on listing1.txt took 0 milliseconds
[pool-1786-thread-1] TRACE org.apache.nifi.processors.standard.ListFile - ListFile[id=0b556bd8-9942-4c92-93dc-b796ffd9f42a] Performing operation RETRIEVE_OWNER_ATTRIBUTES on listing1.txt took 0 milliseconds
[pool-1786-thread-1] TRACE org.apache.nifi.processors.standard.ListFile - ListFile[id=0b556bd8-9942-4c92-93dc-b796ffd9f42a] Performing operation RETRIEVE_POSIX_ATTRIBUTES on listing1.txt took 0 milliseconds
[pool-1786-thread-1] TRACE org.apache.nifi.processors.standard.ListFile - ListFile[id=0b556bd8-9942-4c92-93dc-b796ffd9f42a] Performing operation RETRIEVE_BASIC_ATTRIBUTES on listing2.txt took 0 milliseconds
[pool-1786-thread-1] TRACE org.apache.nifi.processors.standard.ListFile - ListFile[id=0b556bd8-9942-4c92-93dc-b796ffd9f42a] Performing operation RETRIEVE_OWNER_ATTRIBUTES on listing2.txt took 0 milliseconds
[pool-1786-thread-1] TRACE org.apache.nifi.processors.standard.ListFile - ListFile[id=0b556bd8-9942-4c92-93dc-b796ffd9f42a] Performing operation RETRIEVE_POSIX_ATTRIBUTES on listing2.txt took 0 milliseconds
[pool-1786-thread-1] INFO org.apache.nifi.processors.standard.ListFile - ListFile[id=0b556bd8-9942-4c92-93dc-b796ffd9f42a] Successfully created listing with 3 new objects
[main] INFO org.apache.nifi.processor.util.list.ListProcessorTestWatcher - --------------------------------------------------------------------
[main] INFO org.apache.nifi.processor.util.list.ListProcessorTestWatcher -                       timestamp     date from timestamp     t0 delta
[main] INFO org.apache.nifi.processor.util.list.ListProcessorTestWatcher - -------------------   ------------- ----------------------- --------
[main] INFO org.apache.nifi.processor.util.list.ListProcessorTestWatcher - started at          = 1714612959861 2024-05-02T02:22:39.861        0
[main] INFO org.apache.nifi.processor.util.list.ListProcessorTestWatcher - current time        = 1714612959864 2024-05-02T02:22:39.864        0
[main] INFO org.apache.nifi.processor.util.list.ListProcessorTestWatcher - ---- processor state -----------------------------------------------
[main] INFO org.apache.nifi.processor.util.list.ListProcessorTestWatcher - processed.timestamp = 1714612947000 2024-05-02T02:22:27.000   -12864
[main] INFO org.apache.nifi.processor.util.list.ListProcessorTestWatcher -   listing.timestamp = 1714612947000 2024-05-02T02:22:27.000   -12864
[main] INFO org.apache.nifi.processor.util.list.ListProcessorTestWatcher - ---- input folder contents -----------------------------------------
[main] INFO org.apache.nifi.processor.util.list.ListProcessorTestWatcher -        listing1.txt = 1714612937000 2024-05-02T02:22:17.000   -22864
[main] INFO org.apache.nifi.processor.util.list.ListProcessorTestWatcher -        listing2.txt = 1714612947000 2024-05-02T02:22:27.000   -12864
[main] INFO org.apache.nifi.processor.util.list.ListProcessorTestWatcher -        listing3.txt = 1714612937000 2024-05-02T02:22:17.000   -22864
[main] INFO org.apache.nifi.processor.util.list.ListProcessorTestWatcher - ---- output flowfiles ----------------------------------------------
[main] INFO org.apache.nifi.processor.util.list.ListProcessorTestWatcher -        listing3.txt = 1714612937000 2024-05-02T02:22:17.000   -22864
[main] INFO org.apache.nifi.processor.util.list.ListProcessorTestWatcher -        listing1.txt = 1714612937000 2024-05-02T02:22:17.000   -22864
[main] INFO org.apache.nifi.processor.util.list.ListProcessorTestWatcher -        listing2.txt = 1714612947000 2024-05-02T02:22:27.000   -12864
[main] INFO org.apache.nifi.processor.util.list.ListProcessorTestWatcher - REL_SUCCESS count = 3
[main] INFO org.apache.nifi.processor.util.list.ListProcessorTestWatcher - --------------------------------------------------------------------
[main] INFO org.apache.nifi.processor.util.list.ListProcessorTestWatcher - 
[pool-1787-thread-1] TRACE org.apache.nifi.processors.standard.ListFile - ListFile[id=0b556bd8-9942-4c92-93dc-b796ffd9f42a] Performing operation CHECK_READABLE on listing2.txt took 0 milliseconds
[pool-1787-thread-1] TRACE org.apache.nifi.processors.standard.ListFile - ListFile[id=0b556bd8-9942-4c92-93dc-b796ffd9f42a] Performing operation CHECK_HIDDEN on listing2.txt took 0 milliseconds
[pool-1787-thread-1] DEBUG org.apache.nifi.processors.standard.ListFile - ListFile[id=0b556bd8-9942-4c92-93dc-b796ffd9f42a] Took 0 milliseconds to perform listing and gather 1 entries
[main] INFO org.apache.nifi.processor.util.list.ListProcessorTestWatcher - --------------------------------------------------------------------
[main] INFO org.apache.nifi.processor.util.list.ListProcessorTestWatcher -                       timestamp     date from timestamp     t0 delta
[main] INFO org.apache.nifi.processor.util.list.ListProcessorTestWatcher - -------------------   ------------- ----------------------- --------
[main] INFO org.apache.nifi.processor.util.list.ListProcessorTestWatcher - started at          = 1714612960064 2024-05-02T02:22:40.064        0
[main] INFO org.apache.nifi.processor.util.list.ListProcessorTestWatcher - current time        = 1714612960065 2024-05-02T02:22:40.065        0
[main] INFO org.apache.nifi.processor.util.list.ListProcessorTestWatcher - ---- processor state -----------------------------------------------
[main] INFO org.apache.nifi.processor.util.list.ListProcessorTestWatcher - processed.timestamp = 1714612947000 2024-05-02T02:22:27.000   -13065
[main] INFO org.apache.nifi.processor.util.list.ListProcessorTestWatcher -   listing.timestamp = 1714612947000 2024-05-02T02:22:27.000   -13065
[main] INFO org.apache.nifi.processor.util.list.ListProcessorTestWatcher - ---- input folder contents -----------------------------------------
[main] INFO org.apache.nifi.processor.util.list.ListProcessorTestWatcher -        listing1.txt = 1714612937000 2024-05-02T02:22:17.000   -23065
[main] INFO org.apache.nifi.processor.util.list.ListProcessorTestWatcher -        listing2.txt = 1714612947000 2024-05-02T02:22:27.000   -13065
[main] INFO org.apache.nifi.processor.util.list.ListProcessorTestWatcher -        listing3.txt = 1714612937000 2024-05-02T02:22:17.000   -23065
[main] INFO org.apache.nifi.processor.util.list.ListProcessorTestWatcher - ---- output flowfiles ----------------------------------------------
[main] INFO org.apache.nifi.processor.util.list.ListProcessorTestWatcher - REL_SUCCESS count = 0
[main] INFO org.apache.nifi.processor.util.list.ListProcessorTestWatcher - --------------------------------------------------------------------
[main] INFO org.apache.nifi.processor.util.list.ListProcessorTestWatcher - 
[main] DEBUG org.apache.nifi.processors.standard.ListFile - ListFile[id=0b556bd8-9942-4c92-93dc-b796ffd9f42a] Took 0 milliseconds to perform listing and gather 3 entries
[main] TRACE org.apache.nifi.processors.standard.ListFile - ListFile[id=0b556bd8-9942-4c92-93dc-b796ffd9f42a] Performing operation CHECK_READABLE on listing3.txt took 0 milliseconds
[main] TRACE org.apache.nifi.processors.standard.ListFile - ListFile[id=0b556bd8-9942-4c92-93dc-b796ffd9f42a] Performing operation CHECK_HIDDEN on listing3.txt took 0 milliseconds
[main] TRACE org.apache.nifi.processors.standard.ListFile - ListFile[id=0b556bd8-9942-4c92-93dc-b796ffd9f42a] Performing operation CHECK_READABLE on listing2.txt took 0 milliseconds
[main] TRACE org.apache.nifi.processors.standard.ListFile - ListFile[id=0b556bd8-9942-4c92-93dc-b796ffd9f42a] Performing operation CHECK_HIDDEN on listing2.txt took 0 milliseconds
[main] TRACE org.apache.nifi.processors.standard.ListFile - ListFile[id=0b556bd8-9942-4c92-93dc-b796ffd9f42a] Performing operation CHECK_READABLE on listing1.txt took 0 milliseconds
[main] TRACE org.apache.nifi.processors.standard.ListFile - ListFile[id=0b556bd8-9942-4c92-93dc-b796ffd9f42a] Performing operation CHECK_HIDDEN on listing1.txt took 0 milliseconds
[main] DEBUG org.apache.nifi.processors.standard.ListFile - ListFile[id=0b556bd8-9942-4c92-93dc-b796ffd9f42a] Took 0 milliseconds to perform listing and gather 3 entries
[main] INFO org.apache.nifi.processors.standard.ListFile - ListFile[id=0b556bd8-9942-4c92-93dc-b796ffd9f42a] Successfully verified configuration
]]></system-err>
  </testcase>
  <testcase name="testListWithinUnreadableDirectory" classname="org.apache.nifi.processors.standard.TestListFile" time="0.204">
    <system-err><![CDATA[[main] DEBUG org.apache.nifi.processors.standard.ListFile - ListFile[id=a4c5b24f-62f2-4ef5-aa68-ec102e74236c] The following file is not readable: /home/alex/Repositories/nifi/nifi-nar-bundles/nifi-standard-bundle/nifi-standard-processors/target/test/data/in/subdir
[main] DEBUG org.apache.nifi.processors.standard.ListFile - ListFile[id=a4c5b24f-62f2-4ef5-aa68-ec102e74236c] Took 0 milliseconds to perform listing and gather 1 entries
[main] DEBUG org.apache.nifi.processors.standard.ListFile - ListFile[id=a4c5b24f-62f2-4ef5-aa68-ec102e74236c] The following file is not readable: /home/alex/Repositories/nifi/nifi-nar-bundles/nifi-standard-bundle/nifi-standard-processors/target/test/data/in/subdir
[main] TRACE org.apache.nifi.processors.standard.ListFile - ListFile[id=a4c5b24f-62f2-4ef5-aa68-ec102e74236c] Performing operation CHECK_READABLE on secondReadable.txt took 0 milliseconds
[main] TRACE org.apache.nifi.processors.standard.ListFile - ListFile[id=a4c5b24f-62f2-4ef5-aa68-ec102e74236c] Performing operation CHECK_HIDDEN on secondReadable.txt took 0 milliseconds
[main] DEBUG org.apache.nifi.processors.standard.ListFile - ListFile[id=a4c5b24f-62f2-4ef5-aa68-ec102e74236c] Took 1 milliseconds to perform listing and gather 1 entries
[main] INFO org.apache.nifi.processors.standard.ListFile - ListFile[id=a4c5b24f-62f2-4ef5-aa68-ec102e74236c] Successfully verified configuration
[pool-1789-thread-1] DEBUG org.apache.nifi.processors.standard.ListFile - ListFile[id=a4c5b24f-62f2-4ef5-aa68-ec102e74236c] The following file is not readable: /home/alex/Repositories/nifi/nifi-nar-bundles/nifi-standard-bundle/nifi-standard-processors/target/test/data/in/subdir
[pool-1789-thread-1] TRACE org.apache.nifi.processors.standard.ListFile - ListFile[id=a4c5b24f-62f2-4ef5-aa68-ec102e74236c] Performing operation CHECK_READABLE on secondReadable.txt took 0 milliseconds
[pool-1789-thread-1] TRACE org.apache.nifi.processors.standard.ListFile - ListFile[id=a4c5b24f-62f2-4ef5-aa68-ec102e74236c] Performing operation CHECK_HIDDEN on secondReadable.txt took 0 milliseconds
[pool-1789-thread-1] DEBUG org.apache.nifi.processors.standard.ListFile - ListFile[id=a4c5b24f-62f2-4ef5-aa68-ec102e74236c] Took 0 milliseconds to perform listing and gather 1 entries
[pool-1789-thread-1] TRACE org.apache.nifi.processors.standard.ListFile - ListFile[id=a4c5b24f-62f2-4ef5-aa68-ec102e74236c] Performing operation RETRIEVE_BASIC_ATTRIBUTES on secondReadable.txt took 0 milliseconds
[pool-1789-thread-1] TRACE org.apache.nifi.processors.standard.ListFile - ListFile[id=a4c5b24f-62f2-4ef5-aa68-ec102e74236c] Performing operation RETRIEVE_OWNER_ATTRIBUTES on secondReadable.txt took 0 milliseconds
[pool-1789-thread-1] TRACE org.apache.nifi.processors.standard.ListFile - ListFile[id=a4c5b24f-62f2-4ef5-aa68-ec102e74236c] Performing operation RETRIEVE_POSIX_ATTRIBUTES on secondReadable.txt took 0 milliseconds
[pool-1789-thread-1] INFO org.apache.nifi.processors.standard.ListFile - ListFile[id=a4c5b24f-62f2-4ef5-aa68-ec102e74236c] Successfully created listing with 1 new objects
[main] INFO org.apache.nifi.processor.util.list.ListProcessorTestWatcher - --------------------------------------------------------------------
[main] INFO org.apache.nifi.processor.util.list.ListProcessorTestWatcher -                       timestamp     date from timestamp     t0 delta
[main] INFO org.apache.nifi.processor.util.list.ListProcessorTestWatcher - -------------------   ------------- ----------------------- --------
[main] INFO org.apache.nifi.processor.util.list.ListProcessorTestWatcher - started at          = 1714612960268 2024-05-02T02:22:40.268        0
[main] INFO org.apache.nifi.processor.util.list.ListProcessorTestWatcher - current time        = 1714612960270 2024-05-02T02:22:40.270        0
[main] INFO org.apache.nifi.processor.util.list.ListProcessorTestWatcher - ---- processor state -----------------------------------------------
[main] INFO org.apache.nifi.processor.util.list.ListProcessorTestWatcher - processed.timestamp = 1714612959000 2024-05-02T02:22:39.000    -1270
[main] INFO org.apache.nifi.processor.util.list.ListProcessorTestWatcher -   listing.timestamp = 1714612959000 2024-05-02T02:22:39.000    -1270
[main] INFO org.apache.nifi.processor.util.list.ListProcessorTestWatcher - ---- input folder contents -----------------------------------------
[main] INFO org.apache.nifi.processor.util.list.ListProcessorTestWatcher -  secondReadable.txt = 1714612959000 2024-05-02T02:22:39.000    -1270
[main] INFO org.apache.nifi.processor.util.list.ListProcessorTestWatcher - ---- output flowfiles ----------------------------------------------
[main] INFO org.apache.nifi.processor.util.list.ListProcessorTestWatcher -  secondReadable.txt = 1714612959000 2024-05-02T02:22:39.000    -1270
[main] INFO org.apache.nifi.processor.util.list.ListProcessorTestWatcher - REL_SUCCESS count = 1
[main] INFO org.apache.nifi.processor.util.list.ListProcessorTestWatcher - --------------------------------------------------------------------
[main] INFO org.apache.nifi.processor.util.list.ListProcessorTestWatcher - 
]]></system-err>
  </testcase>
  <testcase name="testAttributesSet" classname="org.apache.nifi.processors.standard.TestListFile" time="0.205">
    <system-err><![CDATA[[pool-1791-thread-1] TRACE org.apache.nifi.processors.standard.ListFile - ListFile[id=1149098b-4d31-4198-b36b-9645c27910ee] Performing operation CHECK_READABLE on file1.txt took 0 milliseconds
[pool-1791-thread-1] TRACE org.apache.nifi.processors.standard.ListFile - ListFile[id=1149098b-4d31-4198-b36b-9645c27910ee] Performing operation CHECK_HIDDEN on file1.txt took 0 milliseconds
[pool-1791-thread-1] DEBUG org.apache.nifi.processors.standard.ListFile - ListFile[id=1149098b-4d31-4198-b36b-9645c27910ee] Took 0 milliseconds to perform listing and gather 1 entries
[pool-1791-thread-1] TRACE org.apache.nifi.processors.standard.ListFile - ListFile[id=1149098b-4d31-4198-b36b-9645c27910ee] Performing operation RETRIEVE_BASIC_ATTRIBUTES on file1.txt took 0 milliseconds
[pool-1791-thread-1] TRACE org.apache.nifi.processors.standard.ListFile - ListFile[id=1149098b-4d31-4198-b36b-9645c27910ee] Performing operation RETRIEVE_OWNER_ATTRIBUTES on file1.txt took 0 milliseconds
[pool-1791-thread-1] TRACE org.apache.nifi.processors.standard.ListFile - ListFile[id=1149098b-4d31-4198-b36b-9645c27910ee] Performing operation RETRIEVE_POSIX_ATTRIBUTES on file1.txt took 0 milliseconds
[pool-1791-thread-1] INFO org.apache.nifi.processors.standard.ListFile - ListFile[id=1149098b-4d31-4198-b36b-9645c27910ee] Successfully created listing with 1 new objects
[main] INFO org.apache.nifi.processor.util.list.ListProcessorTestWatcher - --------------------------------------------------------------------
[main] INFO org.apache.nifi.processor.util.list.ListProcessorTestWatcher -                       timestamp     date from timestamp     t0 delta
[main] INFO org.apache.nifi.processor.util.list.ListProcessorTestWatcher - -------------------   ------------- ----------------------- --------
[main] INFO org.apache.nifi.processor.util.list.ListProcessorTestWatcher - started at          = 1714612960471 2024-05-02T02:22:40.471        0
[main] INFO org.apache.nifi.processor.util.list.ListProcessorTestWatcher - current time        = 1714612960473 2024-05-02T02:22:40.473        0
[main] INFO org.apache.nifi.processor.util.list.ListProcessorTestWatcher - ---- processor state -----------------------------------------------
[main] INFO org.apache.nifi.processor.util.list.ListProcessorTestWatcher - processed.timestamp = 1714612944000 2024-05-02T02:22:24.000   -16473
[main] INFO org.apache.nifi.processor.util.list.ListProcessorTestWatcher -   listing.timestamp = 1714612944000 2024-05-02T02:22:24.000   -16473
[main] INFO org.apache.nifi.processor.util.list.ListProcessorTestWatcher - ---- input folder contents -----------------------------------------
[main] INFO org.apache.nifi.processor.util.list.ListProcessorTestWatcher -           file1.txt = 1714612944000 2024-05-02T02:22:24.000   -16473
[main] INFO org.apache.nifi.processor.util.list.ListProcessorTestWatcher - ---- output flowfiles ----------------------------------------------
[main] INFO org.apache.nifi.processor.util.list.ListProcessorTestWatcher -           file1.txt = 1714612944000 2024-05-02T02:22:24.000   -16473
[main] INFO org.apache.nifi.processor.util.list.ListProcessorTestWatcher - REL_SUCCESS count = 1
[main] INFO org.apache.nifi.processor.util.list.ListProcessorTestWatcher - --------------------------------------------------------------------
[main] INFO org.apache.nifi.processor.util.list.ListProcessorTestWatcher - 
]]></system-err>
  </testcase>
  <testcase name="testRecurse" classname="org.apache.nifi.processors.standard.TestListFile" time="0.409">
    <system-err><![CDATA[[main] DEBUG org.apache.nifi.processors.standard.ListFile - ListFile[id=2fb71337-a414-4c3c-bdf2-2316627b68ce] Took 0 milliseconds to perform listing and gather 3 entries
[main] TRACE org.apache.nifi.processors.standard.ListFile - ListFile[id=2fb71337-a414-4c3c-bdf2-2316627b68ce] Performing operation CHECK_READABLE on subdir1/subdir2/file3.txt took 0 milliseconds
[main] TRACE org.apache.nifi.processors.standard.ListFile - ListFile[id=2fb71337-a414-4c3c-bdf2-2316627b68ce] Performing operation CHECK_HIDDEN on subdir1/subdir2/file3.txt took 0 milliseconds
[main] TRACE org.apache.nifi.processors.standard.ListFile - ListFile[id=2fb71337-a414-4c3c-bdf2-2316627b68ce] Performing operation CHECK_READABLE on subdir1/file2.txt took 0 milliseconds
[main] TRACE org.apache.nifi.processors.standard.ListFile - ListFile[id=2fb71337-a414-4c3c-bdf2-2316627b68ce] Performing operation CHECK_HIDDEN on subdir1/file2.txt took 0 milliseconds
[main] TRACE org.apache.nifi.processors.standard.ListFile - ListFile[id=2fb71337-a414-4c3c-bdf2-2316627b68ce] Performing operation CHECK_READABLE on file1.txt took 0 milliseconds
[main] TRACE org.apache.nifi.processors.standard.ListFile - ListFile[id=2fb71337-a414-4c3c-bdf2-2316627b68ce] Performing operation CHECK_HIDDEN on file1.txt took 0 milliseconds
[main] DEBUG org.apache.nifi.processors.standard.ListFile - ListFile[id=2fb71337-a414-4c3c-bdf2-2316627b68ce] Took 1 milliseconds to perform listing and gather 3 entries
[main] INFO org.apache.nifi.processors.standard.ListFile - ListFile[id=2fb71337-a414-4c3c-bdf2-2316627b68ce] Successfully verified configuration
[pool-1793-thread-1] TRACE org.apache.nifi.processors.standard.ListFile - ListFile[id=2fb71337-a414-4c3c-bdf2-2316627b68ce] Performing operation CHECK_READABLE on subdir1/subdir2/file3.txt took 0 milliseconds
[pool-1793-thread-1] TRACE org.apache.nifi.processors.standard.ListFile - ListFile[id=2fb71337-a414-4c3c-bdf2-2316627b68ce] Performing operation CHECK_HIDDEN on subdir1/subdir2/file3.txt took 0 milliseconds
[pool-1793-thread-1] TRACE org.apache.nifi.processors.standard.ListFile - ListFile[id=2fb71337-a414-4c3c-bdf2-2316627b68ce] Performing operation CHECK_READABLE on subdir1/file2.txt took 0 milliseconds
[pool-1793-thread-1] TRACE org.apache.nifi.processors.standard.ListFile - ListFile[id=2fb71337-a414-4c3c-bdf2-2316627b68ce] Performing operation CHECK_HIDDEN on subdir1/file2.txt took 0 milliseconds
[pool-1793-thread-1] TRACE org.apache.nifi.processors.standard.ListFile - ListFile[id=2fb71337-a414-4c3c-bdf2-2316627b68ce] Performing operation CHECK_READABLE on file1.txt took 0 milliseconds
[pool-1793-thread-1] TRACE org.apache.nifi.processors.standard.ListFile - ListFile[id=2fb71337-a414-4c3c-bdf2-2316627b68ce] Performing operation CHECK_HIDDEN on file1.txt took 0 milliseconds
[pool-1793-thread-1] DEBUG org.apache.nifi.processors.standard.ListFile - ListFile[id=2fb71337-a414-4c3c-bdf2-2316627b68ce] Took 0 milliseconds to perform listing and gather 3 entries
[pool-1793-thread-1] TRACE org.apache.nifi.processors.standard.ListFile - ListFile[id=2fb71337-a414-4c3c-bdf2-2316627b68ce] Performing operation RETRIEVE_BASIC_ATTRIBUTES on subdir1/subdir2/file3.txt took 0 milliseconds
[pool-1793-thread-1] TRACE org.apache.nifi.processors.standard.ListFile - ListFile[id=2fb71337-a414-4c3c-bdf2-2316627b68ce] Performing operation RETRIEVE_OWNER_ATTRIBUTES on subdir1/subdir2/file3.txt took 0 milliseconds
[pool-1793-thread-1] TRACE org.apache.nifi.processors.standard.ListFile - ListFile[id=2fb71337-a414-4c3c-bdf2-2316627b68ce] Performing operation RETRIEVE_POSIX_ATTRIBUTES on subdir1/subdir2/file3.txt took 0 milliseconds
[pool-1793-thread-1] TRACE org.apache.nifi.processors.standard.ListFile - ListFile[id=2fb71337-a414-4c3c-bdf2-2316627b68ce] Performing operation RETRIEVE_BASIC_ATTRIBUTES on subdir1/file2.txt took 0 milliseconds
[pool-1793-thread-1] TRACE org.apache.nifi.processors.standard.ListFile - ListFile[id=2fb71337-a414-4c3c-bdf2-2316627b68ce] Performing operation RETRIEVE_OWNER_ATTRIBUTES on subdir1/file2.txt took 0 milliseconds
[pool-1793-thread-1] TRACE org.apache.nifi.processors.standard.ListFile - ListFile[id=2fb71337-a414-4c3c-bdf2-2316627b68ce] Performing operation RETRIEVE_POSIX_ATTRIBUTES on subdir1/file2.txt took 0 milliseconds
[pool-1793-thread-1] TRACE org.apache.nifi.processors.standard.ListFile - ListFile[id=2fb71337-a414-4c3c-bdf2-2316627b68ce] Performing operation RETRIEVE_BASIC_ATTRIBUTES on file1.txt took 0 milliseconds
[pool-1793-thread-1] TRACE org.apache.nifi.processors.standard.ListFile - ListFile[id=2fb71337-a414-4c3c-bdf2-2316627b68ce] Performing operation RETRIEVE_OWNER_ATTRIBUTES on file1.txt took 0 milliseconds
[pool-1793-thread-1] TRACE org.apache.nifi.processors.standard.ListFile - ListFile[id=2fb71337-a414-4c3c-bdf2-2316627b68ce] Performing operation RETRIEVE_POSIX_ATTRIBUTES on file1.txt took 0 milliseconds
[pool-1793-thread-1] INFO org.apache.nifi.processors.standard.ListFile - ListFile[id=2fb71337-a414-4c3c-bdf2-2316627b68ce] Successfully created listing with 3 new objects
[main] INFO org.apache.nifi.processor.util.list.ListProcessorTestWatcher - --------------------------------------------------------------------
[main] INFO org.apache.nifi.processor.util.list.ListProcessorTestWatcher -                       timestamp     date from timestamp     t0 delta
[main] INFO org.apache.nifi.processor.util.list.ListProcessorTestWatcher - -------------------   ------------- ----------------------- --------
[main] INFO org.apache.nifi.processor.util.list.ListProcessorTestWatcher - started at          = 1714612960677 2024-05-02T02:22:40.677        0
[main] INFO org.apache.nifi.processor.util.list.ListProcessorTestWatcher - current time        = 1714612960680 2024-05-02T02:22:40.680        0
[main] INFO org.apache.nifi.processor.util.list.ListProcessorTestWatcher - ---- processor state -----------------------------------------------
[main] INFO org.apache.nifi.processor.util.list.ListProcessorTestWatcher - processed.timestamp = 1714612959000 2024-05-02T02:22:39.000    -1680
[main] INFO org.apache.nifi.processor.util.list.ListProcessorTestWatcher -   listing.timestamp = 1714612959000 2024-05-02T02:22:39.000    -1680
[main] INFO org.apache.nifi.processor.util.list.ListProcessorTestWatcher - ---- input folder contents -----------------------------------------
[main] INFO org.apache.nifi.processor.util.list.ListProcessorTestWatcher -           file1.txt = 1714612959000 2024-05-02T02:22:39.000    -1680
[main] INFO org.apache.nifi.processor.util.list.ListProcessorTestWatcher -           file2.txt = 1714612959000 2024-05-02T02:22:39.000    -1680
[main] INFO org.apache.nifi.processor.util.list.ListProcessorTestWatcher -           file3.txt = 1714612959000 2024-05-02T02:22:39.000    -1680
[main] INFO org.apache.nifi.processor.util.list.ListProcessorTestWatcher - ---- output flowfiles ----------------------------------------------
[main] INFO org.apache.nifi.processor.util.list.ListProcessorTestWatcher -           file3.txt = 1714612959000 2024-05-02T02:22:39.000    -1680
[main] INFO org.apache.nifi.processor.util.list.ListProcessorTestWatcher -           file2.txt = 1714612959000 2024-05-02T02:22:39.000    -1680
[main] INFO org.apache.nifi.processor.util.list.ListProcessorTestWatcher -           file1.txt = 1714612959000 2024-05-02T02:22:39.000    -1680
[main] INFO org.apache.nifi.processor.util.list.ListProcessorTestWatcher - REL_SUCCESS count = 3
[main] INFO org.apache.nifi.processor.util.list.ListProcessorTestWatcher - --------------------------------------------------------------------
[main] INFO org.apache.nifi.processor.util.list.ListProcessorTestWatcher - 
[main] DEBUG org.apache.nifi.processors.standard.ListFile - ListFile[id=2fb71337-a414-4c3c-bdf2-2316627b68ce] Took 0 milliseconds to perform listing and gather 1 entries
[main] TRACE org.apache.nifi.processors.standard.ListFile - ListFile[id=2fb71337-a414-4c3c-bdf2-2316627b68ce] Performing operation CHECK_READABLE on subdir1 took 0 milliseconds
[main] TRACE org.apache.nifi.processors.standard.ListFile - ListFile[id=2fb71337-a414-4c3c-bdf2-2316627b68ce] Performing operation CHECK_HIDDEN on subdir1 took 0 milliseconds
[main] TRACE org.apache.nifi.processors.standard.ListFile - ListFile[id=2fb71337-a414-4c3c-bdf2-2316627b68ce] Performing operation CHECK_READABLE on file1.txt took 0 milliseconds
[main] TRACE org.apache.nifi.processors.standard.ListFile - ListFile[id=2fb71337-a414-4c3c-bdf2-2316627b68ce] Performing operation CHECK_HIDDEN on file1.txt took 0 milliseconds
[main] DEBUG org.apache.nifi.processors.standard.ListFile - ListFile[id=2fb71337-a414-4c3c-bdf2-2316627b68ce] Took 0 milliseconds to perform listing and gather 1 entries
[main] INFO org.apache.nifi.processors.standard.ListFile - ListFile[id=2fb71337-a414-4c3c-bdf2-2316627b68ce] Successfully verified configuration
[pool-1794-thread-1] TRACE org.apache.nifi.processors.standard.ListFile - ListFile[id=2fb71337-a414-4c3c-bdf2-2316627b68ce] Performing operation CHECK_READABLE on subdir1 took 1 milliseconds
[pool-1794-thread-1] TRACE org.apache.nifi.processors.standard.ListFile - ListFile[id=2fb71337-a414-4c3c-bdf2-2316627b68ce] Performing operation CHECK_HIDDEN on subdir1 took 0 milliseconds
[pool-1794-thread-1] TRACE org.apache.nifi.processors.standard.ListFile - ListFile[id=2fb71337-a414-4c3c-bdf2-2316627b68ce] Performing operation CHECK_READABLE on file1.txt took 0 milliseconds
[pool-1794-thread-1] TRACE org.apache.nifi.processors.standard.ListFile - ListFile[id=2fb71337-a414-4c3c-bdf2-2316627b68ce] Performing operation CHECK_HIDDEN on file1.txt took 0 milliseconds
[pool-1794-thread-1] DEBUG org.apache.nifi.processors.standard.ListFile - ListFile[id=2fb71337-a414-4c3c-bdf2-2316627b68ce] Took 1 milliseconds to perform listing and gather 1 entries
[pool-1794-thread-1] TRACE org.apache.nifi.processors.standard.ListFile - ListFile[id=2fb71337-a414-4c3c-bdf2-2316627b68ce] Performing operation RETRIEVE_BASIC_ATTRIBUTES on file1.txt took 0 milliseconds
[pool-1794-thread-1] TRACE org.apache.nifi.processors.standard.ListFile - ListFile[id=2fb71337-a414-4c3c-bdf2-2316627b68ce] Performing operation RETRIEVE_OWNER_ATTRIBUTES on file1.txt took 0 milliseconds
[pool-1794-thread-1] TRACE org.apache.nifi.processors.standard.ListFile - ListFile[id=2fb71337-a414-4c3c-bdf2-2316627b68ce] Performing operation RETRIEVE_POSIX_ATTRIBUTES on file1.txt took 0 milliseconds
[pool-1794-thread-1] INFO org.apache.nifi.processors.standard.ListFile - ListFile[id=2fb71337-a414-4c3c-bdf2-2316627b68ce] Successfully created listing with 1 new objects
[main] INFO org.apache.nifi.processor.util.list.ListProcessorTestWatcher - --------------------------------------------------------------------
[main] INFO org.apache.nifi.processor.util.list.ListProcessorTestWatcher -                       timestamp     date from timestamp     t0 delta
[main] INFO org.apache.nifi.processor.util.list.ListProcessorTestWatcher - -------------------   ------------- ----------------------- --------
[main] INFO org.apache.nifi.processor.util.list.ListProcessorTestWatcher - started at          = 1714612960882 2024-05-02T02:22:40.882        0
[main] INFO org.apache.nifi.processor.util.list.ListProcessorTestWatcher - current time        = 1714612960883 2024-05-02T02:22:40.883        0
[main] INFO org.apache.nifi.processor.util.list.ListProcessorTestWatcher - ---- processor state -----------------------------------------------
[main] INFO org.apache.nifi.processor.util.list.ListProcessorTestWatcher - processed.timestamp = 1714612959000 2024-05-02T02:22:39.000    -1883
[main] INFO org.apache.nifi.processor.util.list.ListProcessorTestWatcher -   listing.timestamp = 1714612959000 2024-05-02T02:22:39.000    -1883
[main] INFO org.apache.nifi.processor.util.list.ListProcessorTestWatcher - ---- input folder contents -----------------------------------------
[main] INFO org.apache.nifi.processor.util.list.ListProcessorTestWatcher -           file1.txt = 1714612959000 2024-05-02T02:22:39.000    -1883
[main] INFO org.apache.nifi.processor.util.list.ListProcessorTestWatcher -           file2.txt = 1714612959000 2024-05-02T02:22:39.000    -1883
[main] INFO org.apache.nifi.processor.util.list.ListProcessorTestWatcher -           file3.txt = 1714612959000 2024-05-02T02:22:39.000    -1883
[main] INFO org.apache.nifi.processor.util.list.ListProcessorTestWatcher - ---- output flowfiles ----------------------------------------------
[main] INFO org.apache.nifi.processor.util.list.ListProcessorTestWatcher -           file1.txt = 1714612959000 2024-05-02T02:22:39.000    -1883
[main] INFO org.apache.nifi.processor.util.list.ListProcessorTestWatcher - REL_SUCCESS count = 1
[main] INFO org.apache.nifi.processor.util.list.ListProcessorTestWatcher - --------------------------------------------------------------------
[main] INFO org.apache.nifi.processor.util.list.ListProcessorTestWatcher - 
]]></system-err>
  </testcase>
  <testcase name="testPerformanceOnLargeListing" classname="org.apache.nifi.processors.standard.TestListFile" time="0">
    <skipped message="Intended only for manual testing, as is very expensive to run as a unit test. Performs listing of 1,000,000 files (doesn&apos;t actually create the files, though - injects them in) to ensure performance is not harmed"/>
  </testcase>
  <testcase name="testFilterSize" classname="org.apache.nifi.processors.standard.TestListFile" time="0.826">
    <system-err><![CDATA[[main] DEBUG org.apache.nifi.processors.standard.ListFile - ListFile[id=7977afac-519b-4032-884a-89a5864b22cf] Took 0 milliseconds to perform listing and gather 3 entries
[main] TRACE org.apache.nifi.processors.standard.ListFile - ListFile[id=7977afac-519b-4032-884a-89a5864b22cf] Performing operation CHECK_READABLE on size2.txt took 0 milliseconds
[main] TRACE org.apache.nifi.processors.standard.ListFile - ListFile[id=7977afac-519b-4032-884a-89a5864b22cf] Performing operation CHECK_HIDDEN on size2.txt took 0 milliseconds
[main] TRACE org.apache.nifi.processors.standard.ListFile - ListFile[id=7977afac-519b-4032-884a-89a5864b22cf] Performing operation CHECK_READABLE on size3.txt took 0 milliseconds
[main] TRACE org.apache.nifi.processors.standard.ListFile - ListFile[id=7977afac-519b-4032-884a-89a5864b22cf] Performing operation CHECK_HIDDEN on size3.txt took 0 milliseconds
[main] TRACE org.apache.nifi.processors.standard.ListFile - ListFile[id=7977afac-519b-4032-884a-89a5864b22cf] Performing operation CHECK_READABLE on size1.txt took 0 milliseconds
[main] TRACE org.apache.nifi.processors.standard.ListFile - ListFile[id=7977afac-519b-4032-884a-89a5864b22cf] Performing operation CHECK_HIDDEN on size1.txt took 0 milliseconds
[main] DEBUG org.apache.nifi.processors.standard.ListFile - ListFile[id=7977afac-519b-4032-884a-89a5864b22cf] Took 1 milliseconds to perform listing and gather 3 entries
[main] INFO org.apache.nifi.processors.standard.ListFile - ListFile[id=7977afac-519b-4032-884a-89a5864b22cf] Successfully verified configuration
[pool-1796-thread-1] TRACE org.apache.nifi.processors.standard.ListFile - ListFile[id=7977afac-519b-4032-884a-89a5864b22cf] Performing operation CHECK_READABLE on size2.txt took 0 milliseconds
[pool-1796-thread-1] TRACE org.apache.nifi.processors.standard.ListFile - ListFile[id=7977afac-519b-4032-884a-89a5864b22cf] Performing operation CHECK_HIDDEN on size2.txt took 0 milliseconds
[pool-1796-thread-1] TRACE org.apache.nifi.processors.standard.ListFile - ListFile[id=7977afac-519b-4032-884a-89a5864b22cf] Performing operation CHECK_READABLE on size3.txt took 0 milliseconds
[pool-1796-thread-1] TRACE org.apache.nifi.processors.standard.ListFile - ListFile[id=7977afac-519b-4032-884a-89a5864b22cf] Performing operation CHECK_HIDDEN on size3.txt took 0 milliseconds
[pool-1796-thread-1] TRACE org.apache.nifi.processors.standard.ListFile - ListFile[id=7977afac-519b-4032-884a-89a5864b22cf] Performing operation CHECK_READABLE on size1.txt took 0 milliseconds
[pool-1796-thread-1] TRACE org.apache.nifi.processors.standard.ListFile - ListFile[id=7977afac-519b-4032-884a-89a5864b22cf] Performing operation CHECK_HIDDEN on size1.txt took 0 milliseconds
[pool-1796-thread-1] DEBUG org.apache.nifi.processors.standard.ListFile - ListFile[id=7977afac-519b-4032-884a-89a5864b22cf] Took 1 milliseconds to perform listing and gather 3 entries
[pool-1796-thread-1] TRACE org.apache.nifi.processors.standard.ListFile - ListFile[id=7977afac-519b-4032-884a-89a5864b22cf] Performing operation RETRIEVE_BASIC_ATTRIBUTES on size2.txt took 0 milliseconds
[pool-1796-thread-1] TRACE org.apache.nifi.processors.standard.ListFile - ListFile[id=7977afac-519b-4032-884a-89a5864b22cf] Performing operation RETRIEVE_OWNER_ATTRIBUTES on size2.txt took 0 milliseconds
[pool-1796-thread-1] TRACE org.apache.nifi.processors.standard.ListFile - ListFile[id=7977afac-519b-4032-884a-89a5864b22cf] Performing operation RETRIEVE_POSIX_ATTRIBUTES on size2.txt took 0 milliseconds
[pool-1796-thread-1] TRACE org.apache.nifi.processors.standard.ListFile - ListFile[id=7977afac-519b-4032-884a-89a5864b22cf] Performing operation RETRIEVE_BASIC_ATTRIBUTES on size3.txt took 0 milliseconds
[pool-1796-thread-1] TRACE org.apache.nifi.processors.standard.ListFile - ListFile[id=7977afac-519b-4032-884a-89a5864b22cf] Performing operation RETRIEVE_OWNER_ATTRIBUTES on size3.txt took 0 milliseconds
[pool-1796-thread-1] TRACE org.apache.nifi.processors.standard.ListFile - ListFile[id=7977afac-519b-4032-884a-89a5864b22cf] Performing operation RETRIEVE_POSIX_ATTRIBUTES on size3.txt took 0 milliseconds
[pool-1796-thread-1] TRACE org.apache.nifi.processors.standard.ListFile - ListFile[id=7977afac-519b-4032-884a-89a5864b22cf] Performing operation RETRIEVE_BASIC_ATTRIBUTES on size1.txt took 0 milliseconds
[pool-1796-thread-1] TRACE org.apache.nifi.processors.standard.ListFile - ListFile[id=7977afac-519b-4032-884a-89a5864b22cf] Performing operation RETRIEVE_OWNER_ATTRIBUTES on size1.txt took 0 milliseconds
[pool-1796-thread-1] TRACE org.apache.nifi.processors.standard.ListFile - ListFile[id=7977afac-519b-4032-884a-89a5864b22cf] Performing operation RETRIEVE_POSIX_ATTRIBUTES on size1.txt took 0 milliseconds
[pool-1796-thread-1] INFO org.apache.nifi.processors.standard.ListFile - ListFile[id=7977afac-519b-4032-884a-89a5864b22cf] Successfully created listing with 3 new objects
[main] INFO org.apache.nifi.processor.util.list.ListProcessorTestWatcher - --------------------------------------------------------------------
[main] INFO org.apache.nifi.processor.util.list.ListProcessorTestWatcher -                       timestamp     date from timestamp     t0 delta
[main] INFO org.apache.nifi.processor.util.list.ListProcessorTestWatcher - -------------------   ------------- ----------------------- --------
[main] INFO org.apache.nifi.processor.util.list.ListProcessorTestWatcher - started at          = 1714612961086 2024-05-02T02:22:41.086        0
[main] INFO org.apache.nifi.processor.util.list.ListProcessorTestWatcher - current time        = 1714612961099 2024-05-02T02:22:41.099        0
[main] INFO org.apache.nifi.processor.util.list.ListProcessorTestWatcher - ---- processor state -----------------------------------------------
[main] INFO org.apache.nifi.processor.util.list.ListProcessorTestWatcher - processed.timestamp = 1714612959000 2024-05-02T02:22:39.000    -2099
[main] INFO org.apache.nifi.processor.util.list.ListProcessorTestWatcher -   listing.timestamp = 1714612959000 2024-05-02T02:22:39.000    -2099
[main] INFO org.apache.nifi.processor.util.list.ListProcessorTestWatcher - ---- input folder contents -----------------------------------------
[main] INFO org.apache.nifi.processor.util.list.ListProcessorTestWatcher -           size1.txt = 1714612959000 2024-05-02T02:22:39.000    -2099
[main] INFO org.apache.nifi.processor.util.list.ListProcessorTestWatcher -           size2.txt = 1714612959000 2024-05-02T02:22:39.000    -2099
[main] INFO org.apache.nifi.processor.util.list.ListProcessorTestWatcher -           size3.txt = 1714612959000 2024-05-02T02:22:39.000    -2099
[main] INFO org.apache.nifi.processor.util.list.ListProcessorTestWatcher - ---- output flowfiles ----------------------------------------------
[main] INFO org.apache.nifi.processor.util.list.ListProcessorTestWatcher -           size2.txt = 1714612959000 2024-05-02T02:22:39.000    -2099
[main] INFO org.apache.nifi.processor.util.list.ListProcessorTestWatcher -           size3.txt = 1714612959000 2024-05-02T02:22:39.000    -2099
[main] INFO org.apache.nifi.processor.util.list.ListProcessorTestWatcher -           size1.txt = 1714612959000 2024-05-02T02:22:39.000    -2099
[main] INFO org.apache.nifi.processor.util.list.ListProcessorTestWatcher - REL_SUCCESS count = 3
[main] INFO org.apache.nifi.processor.util.list.ListProcessorTestWatcher - --------------------------------------------------------------------
[main] INFO org.apache.nifi.processor.util.list.ListProcessorTestWatcher - 
[main] DEBUG org.apache.nifi.processors.standard.ListFile - ListFile[id=7977afac-519b-4032-884a-89a5864b22cf] Took 0 milliseconds to perform listing and gather 3 entries
[main] TRACE org.apache.nifi.processors.standard.ListFile - ListFile[id=7977afac-519b-4032-884a-89a5864b22cf] Performing operation CHECK_READABLE on size2.txt took 0 milliseconds
[main] TRACE org.apache.nifi.processors.standard.ListFile - ListFile[id=7977afac-519b-4032-884a-89a5864b22cf] Performing operation CHECK_HIDDEN on size2.txt took 0 milliseconds
[main] TRACE org.apache.nifi.processors.standard.ListFile - ListFile[id=7977afac-519b-4032-884a-89a5864b22cf] Performing operation CHECK_READABLE on size3.txt took 0 milliseconds
[main] TRACE org.apache.nifi.processors.standard.ListFile - ListFile[id=7977afac-519b-4032-884a-89a5864b22cf] Performing operation CHECK_HIDDEN on size3.txt took 0 milliseconds
[main] TRACE org.apache.nifi.processors.standard.ListFile - ListFile[id=7977afac-519b-4032-884a-89a5864b22cf] Performing operation CHECK_READABLE on size1.txt took 0 milliseconds
[main] TRACE org.apache.nifi.processors.standard.ListFile - ListFile[id=7977afac-519b-4032-884a-89a5864b22cf] Performing operation CHECK_HIDDEN on size1.txt took 0 milliseconds
[main] DEBUG org.apache.nifi.processors.standard.ListFile - ListFile[id=7977afac-519b-4032-884a-89a5864b22cf] Took 0 milliseconds to perform listing and gather 3 entries
[main] INFO org.apache.nifi.processors.standard.ListFile - ListFile[id=7977afac-519b-4032-884a-89a5864b22cf] Successfully verified configuration
[main] DEBUG org.apache.nifi.processors.standard.ListFile - ListFile[id=7977afac-519b-4032-884a-89a5864b22cf] Took 1 milliseconds to perform listing and gather 3 entries
[main] TRACE org.apache.nifi.processors.standard.ListFile - ListFile[id=7977afac-519b-4032-884a-89a5864b22cf] Performing operation CHECK_READABLE on size2.txt took 0 milliseconds
[main] TRACE org.apache.nifi.processors.standard.ListFile - ListFile[id=7977afac-519b-4032-884a-89a5864b22cf] Performing operation CHECK_HIDDEN on size2.txt took 0 milliseconds
[main] TRACE org.apache.nifi.processors.standard.ListFile - ListFile[id=7977afac-519b-4032-884a-89a5864b22cf] Performing operation CHECK_READABLE on size3.txt took 0 milliseconds
[main] TRACE org.apache.nifi.processors.standard.ListFile - ListFile[id=7977afac-519b-4032-884a-89a5864b22cf] Performing operation CHECK_HIDDEN on size3.txt took 0 milliseconds
[main] DEBUG org.apache.nifi.processors.standard.ListFile - ListFile[id=7977afac-519b-4032-884a-89a5864b22cf] Took 0 milliseconds to perform listing and gather 2 entries
[main] INFO org.apache.nifi.processors.standard.ListFile - ListFile[id=7977afac-519b-4032-884a-89a5864b22cf] Successfully verified configuration
[pool-1797-thread-1] TRACE org.apache.nifi.processors.standard.ListFile - ListFile[id=7977afac-519b-4032-884a-89a5864b22cf] Performing operation CHECK_READABLE on size2.txt took 0 milliseconds
[pool-1797-thread-1] TRACE org.apache.nifi.processors.standard.ListFile - ListFile[id=7977afac-519b-4032-884a-89a5864b22cf] Performing operation CHECK_HIDDEN on size2.txt took 0 milliseconds
[pool-1797-thread-1] TRACE org.apache.nifi.processors.standard.ListFile - ListFile[id=7977afac-519b-4032-884a-89a5864b22cf] Performing operation CHECK_READABLE on size3.txt took 0 milliseconds
[pool-1797-thread-1] TRACE org.apache.nifi.processors.standard.ListFile - ListFile[id=7977afac-519b-4032-884a-89a5864b22cf] Performing operation CHECK_HIDDEN on size3.txt took 0 milliseconds
[pool-1797-thread-1] DEBUG org.apache.nifi.processors.standard.ListFile - ListFile[id=7977afac-519b-4032-884a-89a5864b22cf] Took 0 milliseconds to perform listing and gather 2 entries
[pool-1797-thread-1] TRACE org.apache.nifi.processors.standard.ListFile - ListFile[id=7977afac-519b-4032-884a-89a5864b22cf] Performing operation RETRIEVE_BASIC_ATTRIBUTES on size2.txt took 1 milliseconds
[pool-1797-thread-1] TRACE org.apache.nifi.processors.standard.ListFile - ListFile[id=7977afac-519b-4032-884a-89a5864b22cf] Performing operation RETRIEVE_OWNER_ATTRIBUTES on size2.txt took 0 milliseconds
[pool-1797-thread-1] TRACE org.apache.nifi.processors.standard.ListFile - ListFile[id=7977afac-519b-4032-884a-89a5864b22cf] Performing operation RETRIEVE_POSIX_ATTRIBUTES on size2.txt took 0 milliseconds
[pool-1797-thread-1] TRACE org.apache.nifi.processors.standard.ListFile - ListFile[id=7977afac-519b-4032-884a-89a5864b22cf] Performing operation RETRIEVE_BASIC_ATTRIBUTES on size3.txt took 0 milliseconds
[pool-1797-thread-1] TRACE org.apache.nifi.processors.standard.ListFile - ListFile[id=7977afac-519b-4032-884a-89a5864b22cf] Performing operation RETRIEVE_OWNER_ATTRIBUTES on size3.txt took 0 milliseconds
[pool-1797-thread-1] TRACE org.apache.nifi.processors.standard.ListFile - ListFile[id=7977afac-519b-4032-884a-89a5864b22cf] Performing operation RETRIEVE_POSIX_ATTRIBUTES on size3.txt took 0 milliseconds
[pool-1797-thread-1] INFO org.apache.nifi.processors.standard.ListFile - ListFile[id=7977afac-519b-4032-884a-89a5864b22cf] Successfully created listing with 2 new objects
[main] INFO org.apache.nifi.processor.util.list.ListProcessorTestWatcher - --------------------------------------------------------------------
[main] INFO org.apache.nifi.processor.util.list.ListProcessorTestWatcher -                       timestamp     date from timestamp     t0 delta
[main] INFO org.apache.nifi.processor.util.list.ListProcessorTestWatcher - -------------------   ------------- ----------------------- --------
[main] INFO org.apache.nifi.processor.util.list.ListProcessorTestWatcher - started at          = 1714612961301 2024-05-02T02:22:41.301        0
[main] INFO org.apache.nifi.processor.util.list.ListProcessorTestWatcher - current time        = 1714612961303 2024-05-02T02:22:41.303        0
[main] INFO org.apache.nifi.processor.util.list.ListProcessorTestWatcher - ---- processor state -----------------------------------------------
[main] INFO org.apache.nifi.processor.util.list.ListProcessorTestWatcher - processed.timestamp = 1714612959000 2024-05-02T02:22:39.000    -2303
[main] INFO org.apache.nifi.processor.util.list.ListProcessorTestWatcher -   listing.timestamp = 1714612959000 2024-05-02T02:22:39.000    -2303
[main] INFO org.apache.nifi.processor.util.list.ListProcessorTestWatcher - ---- input folder contents -----------------------------------------
[main] INFO org.apache.nifi.processor.util.list.ListProcessorTestWatcher -           size1.txt = 1714612959000 2024-05-02T02:22:39.000    -2303
[main] INFO org.apache.nifi.processor.util.list.ListProcessorTestWatcher -           size2.txt = 1714612959000 2024-05-02T02:22:39.000    -2303
[main] INFO org.apache.nifi.processor.util.list.ListProcessorTestWatcher -           size3.txt = 1714612959000 2024-05-02T02:22:39.000    -2303
[main] INFO org.apache.nifi.processor.util.list.ListProcessorTestWatcher - ---- output flowfiles ----------------------------------------------
[main] INFO org.apache.nifi.processor.util.list.ListProcessorTestWatcher -           size2.txt = 1714612959000 2024-05-02T02:22:39.000    -2303
[main] INFO org.apache.nifi.processor.util.list.ListProcessorTestWatcher -           size3.txt = 1714612959000 2024-05-02T02:22:39.000    -2303
[main] INFO org.apache.nifi.processor.util.list.ListProcessorTestWatcher - REL_SUCCESS count = 2
[main] INFO org.apache.nifi.processor.util.list.ListProcessorTestWatcher - --------------------------------------------------------------------
[main] INFO org.apache.nifi.processor.util.list.ListProcessorTestWatcher - 
[main] DEBUG org.apache.nifi.processors.standard.ListFile - ListFile[id=7977afac-519b-4032-884a-89a5864b22cf] Took 0 milliseconds to perform listing and gather 3 entries
[main] TRACE org.apache.nifi.processors.standard.ListFile - ListFile[id=7977afac-519b-4032-884a-89a5864b22cf] Performing operation CHECK_READABLE on size2.txt took 0 milliseconds
[main] TRACE org.apache.nifi.processors.standard.ListFile - ListFile[id=7977afac-519b-4032-884a-89a5864b22cf] Performing operation CHECK_HIDDEN on size2.txt took 0 milliseconds
[main] TRACE org.apache.nifi.processors.standard.ListFile - ListFile[id=7977afac-519b-4032-884a-89a5864b22cf] Performing operation CHECK_READABLE on size3.txt took 0 milliseconds
[main] TRACE org.apache.nifi.processors.standard.ListFile - ListFile[id=7977afac-519b-4032-884a-89a5864b22cf] Performing operation CHECK_HIDDEN on size3.txt took 0 milliseconds
[main] DEBUG org.apache.nifi.processors.standard.ListFile - ListFile[id=7977afac-519b-4032-884a-89a5864b22cf] Took 0 milliseconds to perform listing and gather 2 entries
[main] INFO org.apache.nifi.processors.standard.ListFile - ListFile[id=7977afac-519b-4032-884a-89a5864b22cf] Successfully verified configuration
[main] DEBUG org.apache.nifi.processors.standard.ListFile - ListFile[id=7977afac-519b-4032-884a-89a5864b22cf] Took 0 milliseconds to perform listing and gather 3 entries
[main] TRACE org.apache.nifi.processors.standard.ListFile - ListFile[id=7977afac-519b-4032-884a-89a5864b22cf] Performing operation CHECK_READABLE on size2.txt took 0 milliseconds
[main] TRACE org.apache.nifi.processors.standard.ListFile - ListFile[id=7977afac-519b-4032-884a-89a5864b22cf] Performing operation CHECK_HIDDEN on size2.txt took 0 milliseconds
[main] TRACE org.apache.nifi.processors.standard.ListFile - ListFile[id=7977afac-519b-4032-884a-89a5864b22cf] Performing operation CHECK_READABLE on size1.txt took 0 milliseconds
[main] TRACE org.apache.nifi.processors.standard.ListFile - ListFile[id=7977afac-519b-4032-884a-89a5864b22cf] Performing operation CHECK_HIDDEN on size1.txt took 0 milliseconds
[main] DEBUG org.apache.nifi.processors.standard.ListFile - ListFile[id=7977afac-519b-4032-884a-89a5864b22cf] Took 0 milliseconds to perform listing and gather 2 entries
[main] INFO org.apache.nifi.processors.standard.ListFile - ListFile[id=7977afac-519b-4032-884a-89a5864b22cf] Successfully verified configuration
[pool-1798-thread-1] TRACE org.apache.nifi.processors.standard.ListFile - ListFile[id=7977afac-519b-4032-884a-89a5864b22cf] Performing operation CHECK_READABLE on size2.txt took 0 milliseconds
[pool-1798-thread-1] TRACE org.apache.nifi.processors.standard.ListFile - ListFile[id=7977afac-519b-4032-884a-89a5864b22cf] Performing operation CHECK_HIDDEN on size2.txt took 0 milliseconds
[pool-1798-thread-1] TRACE org.apache.nifi.processors.standard.ListFile - ListFile[id=7977afac-519b-4032-884a-89a5864b22cf] Performing operation CHECK_READABLE on size1.txt took 0 milliseconds
[pool-1798-thread-1] TRACE org.apache.nifi.processors.standard.ListFile - ListFile[id=7977afac-519b-4032-884a-89a5864b22cf] Performing operation CHECK_HIDDEN on size1.txt took 0 milliseconds
[pool-1798-thread-1] DEBUG org.apache.nifi.processors.standard.ListFile - ListFile[id=7977afac-519b-4032-884a-89a5864b22cf] Took 1 milliseconds to perform listing and gather 2 entries
[pool-1798-thread-1] TRACE org.apache.nifi.processors.standard.ListFile - ListFile[id=7977afac-519b-4032-884a-89a5864b22cf] Performing operation RETRIEVE_BASIC_ATTRIBUTES on size2.txt took 0 milliseconds
[pool-1798-thread-1] TRACE org.apache.nifi.processors.standard.ListFile - ListFile[id=7977afac-519b-4032-884a-89a5864b22cf] Performing operation RETRIEVE_OWNER_ATTRIBUTES on size2.txt took 0 milliseconds
[pool-1798-thread-1] TRACE org.apache.nifi.processors.standard.ListFile - ListFile[id=7977afac-519b-4032-884a-89a5864b22cf] Performing operation RETRIEVE_POSIX_ATTRIBUTES on size2.txt took 0 milliseconds
[pool-1798-thread-1] TRACE org.apache.nifi.processors.standard.ListFile - ListFile[id=7977afac-519b-4032-884a-89a5864b22cf] Performing operation RETRIEVE_BASIC_ATTRIBUTES on size1.txt took 0 milliseconds
[pool-1798-thread-1] TRACE org.apache.nifi.processors.standard.ListFile - ListFile[id=7977afac-519b-4032-884a-89a5864b22cf] Performing operation RETRIEVE_OWNER_ATTRIBUTES on size1.txt took 0 milliseconds
[pool-1798-thread-1] TRACE org.apache.nifi.processors.standard.ListFile - ListFile[id=7977afac-519b-4032-884a-89a5864b22cf] Performing operation RETRIEVE_POSIX_ATTRIBUTES on size1.txt took 0 milliseconds
[pool-1798-thread-1] INFO org.apache.nifi.processors.standard.ListFile - ListFile[id=7977afac-519b-4032-884a-89a5864b22cf] Successfully created listing with 2 new objects
[main] INFO org.apache.nifi.processor.util.list.ListProcessorTestWatcher - --------------------------------------------------------------------
[main] INFO org.apache.nifi.processor.util.list.ListProcessorTestWatcher -                       timestamp     date from timestamp     t0 delta
[main] INFO org.apache.nifi.processor.util.list.ListProcessorTestWatcher - -------------------   ------------- ----------------------- --------
[main] INFO org.apache.nifi.processor.util.list.ListProcessorTestWatcher - started at          = 1714612961505 2024-05-02T02:22:41.505        0
[main] INFO org.apache.nifi.processor.util.list.ListProcessorTestWatcher - current time        = 1714612961507 2024-05-02T02:22:41.507        0
[main] INFO org.apache.nifi.processor.util.list.ListProcessorTestWatcher - ---- processor state -----------------------------------------------
[main] INFO org.apache.nifi.processor.util.list.ListProcessorTestWatcher - processed.timestamp = 1714612959000 2024-05-02T02:22:39.000    -2507
[main] INFO org.apache.nifi.processor.util.list.ListProcessorTestWatcher -   listing.timestamp = 1714612959000 2024-05-02T02:22:39.000    -2507
[main] INFO org.apache.nifi.processor.util.list.ListProcessorTestWatcher - ---- input folder contents -----------------------------------------
[main] INFO org.apache.nifi.processor.util.list.ListProcessorTestWatcher -           size1.txt = 1714612959000 2024-05-02T02:22:39.000    -2507
[main] INFO org.apache.nifi.processor.util.list.ListProcessorTestWatcher -           size2.txt = 1714612959000 2024-05-02T02:22:39.000    -2507
[main] INFO org.apache.nifi.processor.util.list.ListProcessorTestWatcher -           size3.txt = 1714612959000 2024-05-02T02:22:39.000    -2507
[main] INFO org.apache.nifi.processor.util.list.ListProcessorTestWatcher - ---- output flowfiles ----------------------------------------------
[main] INFO org.apache.nifi.processor.util.list.ListProcessorTestWatcher -           size2.txt = 1714612959000 2024-05-02T02:22:39.000    -2507
[main] INFO org.apache.nifi.processor.util.list.ListProcessorTestWatcher -           size1.txt = 1714612959000 2024-05-02T02:22:39.000    -2507
[main] INFO org.apache.nifi.processor.util.list.ListProcessorTestWatcher - REL_SUCCESS count = 2
[main] INFO org.apache.nifi.processor.util.list.ListProcessorTestWatcher - --------------------------------------------------------------------
[main] INFO org.apache.nifi.processor.util.list.ListProcessorTestWatcher - 
[main] DEBUG org.apache.nifi.processors.standard.ListFile - ListFile[id=7977afac-519b-4032-884a-89a5864b22cf] Took 0 milliseconds to perform listing and gather 3 entries
[main] TRACE org.apache.nifi.processors.standard.ListFile - ListFile[id=7977afac-519b-4032-884a-89a5864b22cf] Performing operation CHECK_READABLE on size2.txt took 0 milliseconds
[main] TRACE org.apache.nifi.processors.standard.ListFile - ListFile[id=7977afac-519b-4032-884a-89a5864b22cf] Performing operation CHECK_HIDDEN on size2.txt took 0 milliseconds
[main] DEBUG org.apache.nifi.processors.standard.ListFile - ListFile[id=7977afac-519b-4032-884a-89a5864b22cf] Took 0 milliseconds to perform listing and gather 1 entries
[main] INFO org.apache.nifi.processors.standard.ListFile - ListFile[id=7977afac-519b-4032-884a-89a5864b22cf] Successfully verified configuration
[pool-1799-thread-1] TRACE org.apache.nifi.processors.standard.ListFile - ListFile[id=7977afac-519b-4032-884a-89a5864b22cf] Performing operation CHECK_READABLE on size2.txt took 0 milliseconds
[pool-1799-thread-1] TRACE org.apache.nifi.processors.standard.ListFile - ListFile[id=7977afac-519b-4032-884a-89a5864b22cf] Performing operation CHECK_HIDDEN on size2.txt took 0 milliseconds
[pool-1799-thread-1] DEBUG org.apache.nifi.processors.standard.ListFile - ListFile[id=7977afac-519b-4032-884a-89a5864b22cf] Took 0 milliseconds to perform listing and gather 1 entries
[pool-1799-thread-1] TRACE org.apache.nifi.processors.standard.ListFile - ListFile[id=7977afac-519b-4032-884a-89a5864b22cf] Performing operation RETRIEVE_BASIC_ATTRIBUTES on size2.txt took 0 milliseconds
[pool-1799-thread-1] TRACE org.apache.nifi.processors.standard.ListFile - ListFile[id=7977afac-519b-4032-884a-89a5864b22cf] Performing operation RETRIEVE_OWNER_ATTRIBUTES on size2.txt took 1 milliseconds
[pool-1799-thread-1] TRACE org.apache.nifi.processors.standard.ListFile - ListFile[id=7977afac-519b-4032-884a-89a5864b22cf] Performing operation RETRIEVE_POSIX_ATTRIBUTES on size2.txt took 0 milliseconds
[pool-1799-thread-1] INFO org.apache.nifi.processors.standard.ListFile - ListFile[id=7977afac-519b-4032-884a-89a5864b22cf] Successfully created listing with 1 new objects
[main] INFO org.apache.nifi.processor.util.list.ListProcessorTestWatcher - --------------------------------------------------------------------
[main] INFO org.apache.nifi.processor.util.list.ListProcessorTestWatcher -                       timestamp     date from timestamp     t0 delta
[main] INFO org.apache.nifi.processor.util.list.ListProcessorTestWatcher - -------------------   ------------- ----------------------- --------
[main] INFO org.apache.nifi.processor.util.list.ListProcessorTestWatcher - started at          = 1714612961708 2024-05-02T02:22:41.708        0
[main] INFO org.apache.nifi.processor.util.list.ListProcessorTestWatcher - current time        = 1714612961710 2024-05-02T02:22:41.710        0
[main] INFO org.apache.nifi.processor.util.list.ListProcessorTestWatcher - ---- processor state -----------------------------------------------
[main] INFO org.apache.nifi.processor.util.list.ListProcessorTestWatcher - processed.timestamp = 1714612959000 2024-05-02T02:22:39.000    -2710
[main] INFO org.apache.nifi.processor.util.list.ListProcessorTestWatcher -   listing.timestamp = 1714612959000 2024-05-02T02:22:39.000    -2710
[main] INFO org.apache.nifi.processor.util.list.ListProcessorTestWatcher - ---- input folder contents -----------------------------------------
[main] INFO org.apache.nifi.processor.util.list.ListProcessorTestWatcher -           size1.txt = 1714612959000 2024-05-02T02:22:39.000    -2710
[main] INFO org.apache.nifi.processor.util.list.ListProcessorTestWatcher -           size2.txt = 1714612959000 2024-05-02T02:22:39.000    -2710
[main] INFO org.apache.nifi.processor.util.list.ListProcessorTestWatcher -           size3.txt = 1714612959000 2024-05-02T02:22:39.000    -2710
[main] INFO org.apache.nifi.processor.util.list.ListProcessorTestWatcher - ---- output flowfiles ----------------------------------------------
[main] INFO org.apache.nifi.processor.util.list.ListProcessorTestWatcher -           size2.txt = 1714612959000 2024-05-02T02:22:39.000    -2710
[main] INFO org.apache.nifi.processor.util.list.ListProcessorTestWatcher - REL_SUCCESS count = 1
[main] INFO org.apache.nifi.processor.util.list.ListProcessorTestWatcher - --------------------------------------------------------------------
[main] INFO org.apache.nifi.processor.util.list.ListProcessorTestWatcher - 
]]></system-err>
  </testcase>
  <testcase name="testFilterRunMidFileWrites" classname="org.apache.nifi.processors.standard.TestListFile" time="0.41">
    <system-err><![CDATA[[main] DEBUG org.apache.nifi.processors.standard.ListFile - ListFile[id=59f0cc83-3181-4a80-93bd-65619e9a088d] Took 0 milliseconds to perform listing and gather 3 entries
[main] TRACE org.apache.nifi.processors.standard.ListFile - ListFile[id=59f0cc83-3181-4a80-93bd-65619e9a088d] Performing operation CHECK_READABLE on batch1-age3.txt took 0 milliseconds
[main] TRACE org.apache.nifi.processors.standard.ListFile - ListFile[id=59f0cc83-3181-4a80-93bd-65619e9a088d] Performing operation CHECK_HIDDEN on batch1-age3.txt took 0 milliseconds
[main] TRACE org.apache.nifi.processors.standard.ListFile - ListFile[id=59f0cc83-3181-4a80-93bd-65619e9a088d] Performing operation CHECK_READABLE on batch1-age4.txt took 0 milliseconds
[main] TRACE org.apache.nifi.processors.standard.ListFile - ListFile[id=59f0cc83-3181-4a80-93bd-65619e9a088d] Performing operation CHECK_HIDDEN on batch1-age4.txt took 0 milliseconds
[main] TRACE org.apache.nifi.processors.standard.ListFile - ListFile[id=59f0cc83-3181-4a80-93bd-65619e9a088d] Performing operation CHECK_READABLE on batch1-age5.txt took 0 milliseconds
[main] TRACE org.apache.nifi.processors.standard.ListFile - ListFile[id=59f0cc83-3181-4a80-93bd-65619e9a088d] Performing operation CHECK_HIDDEN on batch1-age5.txt took 0 milliseconds
[main] DEBUG org.apache.nifi.processors.standard.ListFile - ListFile[id=59f0cc83-3181-4a80-93bd-65619e9a088d] Took 0 milliseconds to perform listing and gather 3 entries
[main] INFO org.apache.nifi.processors.standard.ListFile - ListFile[id=59f0cc83-3181-4a80-93bd-65619e9a088d] Successfully verified configuration
[pool-1801-thread-1] TRACE org.apache.nifi.processors.standard.ListFile - ListFile[id=59f0cc83-3181-4a80-93bd-65619e9a088d] Performing operation CHECK_READABLE on batch1-age3.txt took 0 milliseconds
[pool-1801-thread-1] TRACE org.apache.nifi.processors.standard.ListFile - ListFile[id=59f0cc83-3181-4a80-93bd-65619e9a088d] Performing operation CHECK_HIDDEN on batch1-age3.txt took 0 milliseconds
[pool-1801-thread-1] TRACE org.apache.nifi.processors.standard.ListFile - ListFile[id=59f0cc83-3181-4a80-93bd-65619e9a088d] Performing operation CHECK_READABLE on batch1-age4.txt took 0 milliseconds
[pool-1801-thread-1] TRACE org.apache.nifi.processors.standard.ListFile - ListFile[id=59f0cc83-3181-4a80-93bd-65619e9a088d] Performing operation CHECK_HIDDEN on batch1-age4.txt took 0 milliseconds
[pool-1801-thread-1] TRACE org.apache.nifi.processors.standard.ListFile - ListFile[id=59f0cc83-3181-4a80-93bd-65619e9a088d] Performing operation CHECK_READABLE on batch1-age5.txt took 0 milliseconds
[pool-1801-thread-1] TRACE org.apache.nifi.processors.standard.ListFile - ListFile[id=59f0cc83-3181-4a80-93bd-65619e9a088d] Performing operation CHECK_HIDDEN on batch1-age5.txt took 0 milliseconds
[pool-1801-thread-1] DEBUG org.apache.nifi.processors.standard.ListFile - ListFile[id=59f0cc83-3181-4a80-93bd-65619e9a088d] Took 0 milliseconds to perform listing and gather 3 entries
[pool-1801-thread-1] TRACE org.apache.nifi.processors.standard.ListFile - ListFile[id=59f0cc83-3181-4a80-93bd-65619e9a088d] Performing operation RETRIEVE_BASIC_ATTRIBUTES on batch1-age5.txt took 0 milliseconds
[pool-1801-thread-1] TRACE org.apache.nifi.processors.standard.ListFile - ListFile[id=59f0cc83-3181-4a80-93bd-65619e9a088d] Performing operation RETRIEVE_OWNER_ATTRIBUTES on batch1-age5.txt took 0 milliseconds
[pool-1801-thread-1] TRACE org.apache.nifi.processors.standard.ListFile - ListFile[id=59f0cc83-3181-4a80-93bd-65619e9a088d] Performing operation RETRIEVE_POSIX_ATTRIBUTES on batch1-age5.txt took 0 milliseconds
[pool-1801-thread-1] TRACE org.apache.nifi.processors.standard.ListFile - ListFile[id=59f0cc83-3181-4a80-93bd-65619e9a088d] Performing operation RETRIEVE_BASIC_ATTRIBUTES on batch1-age4.txt took 0 milliseconds
[pool-1801-thread-1] TRACE org.apache.nifi.processors.standard.ListFile - ListFile[id=59f0cc83-3181-4a80-93bd-65619e9a088d] Performing operation RETRIEVE_OWNER_ATTRIBUTES on batch1-age4.txt took 0 milliseconds
[pool-1801-thread-1] TRACE org.apache.nifi.processors.standard.ListFile - ListFile[id=59f0cc83-3181-4a80-93bd-65619e9a088d] Performing operation RETRIEVE_POSIX_ATTRIBUTES on batch1-age4.txt took 0 milliseconds
[pool-1801-thread-1] TRACE org.apache.nifi.processors.standard.ListFile - ListFile[id=59f0cc83-3181-4a80-93bd-65619e9a088d] Performing operation RETRIEVE_BASIC_ATTRIBUTES on batch1-age3.txt took 0 milliseconds
[pool-1801-thread-1] TRACE org.apache.nifi.processors.standard.ListFile - ListFile[id=59f0cc83-3181-4a80-93bd-65619e9a088d] Performing operation RETRIEVE_OWNER_ATTRIBUTES on batch1-age3.txt took 0 milliseconds
[pool-1801-thread-1] TRACE org.apache.nifi.processors.standard.ListFile - ListFile[id=59f0cc83-3181-4a80-93bd-65619e9a088d] Performing operation RETRIEVE_POSIX_ATTRIBUTES on batch1-age3.txt took 0 milliseconds
[pool-1801-thread-1] INFO org.apache.nifi.processors.standard.ListFile - ListFile[id=59f0cc83-3181-4a80-93bd-65619e9a088d] Successfully created listing with 3 new objects
[main] INFO org.apache.nifi.processor.util.list.ListProcessorTestWatcher - --------------------------------------------------------------------
[main] INFO org.apache.nifi.processor.util.list.ListProcessorTestWatcher -                       timestamp     date from timestamp     t0 delta
[main] INFO org.apache.nifi.processor.util.list.ListProcessorTestWatcher - -------------------   ------------- ----------------------- --------
[main] INFO org.apache.nifi.processor.util.list.ListProcessorTestWatcher - started at          = 1714612961912 2024-05-02T02:22:41.912        0
[main] INFO org.apache.nifi.processor.util.list.ListProcessorTestWatcher - current time        = 1714612961915 2024-05-02T02:22:41.915        0
[main] INFO org.apache.nifi.processor.util.list.ListProcessorTestWatcher - ---- processor state -----------------------------------------------
[main] INFO org.apache.nifi.processor.util.list.ListProcessorTestWatcher - processed.timestamp = 1714612945000 2024-05-02T02:22:25.000   -16915
[main] INFO org.apache.nifi.processor.util.list.ListProcessorTestWatcher -   listing.timestamp = 1714612945000 2024-05-02T02:22:25.000   -16915
[main] INFO org.apache.nifi.processor.util.list.ListProcessorTestWatcher - ---- input folder contents -----------------------------------------
[main] INFO org.apache.nifi.processor.util.list.ListProcessorTestWatcher -     batch1-age3.txt = 1714612945000 2024-05-02T02:22:25.000   -16915
[main] INFO org.apache.nifi.processor.util.list.ListProcessorTestWatcher -     batch1-age4.txt = 1714612940000 2024-05-02T02:22:20.000   -21915
[main] INFO org.apache.nifi.processor.util.list.ListProcessorTestWatcher -     batch1-age5.txt = 1714612860000 2024-05-02T02:21:00.000  -101915
[main] INFO org.apache.nifi.processor.util.list.ListProcessorTestWatcher - ---- output flowfiles ----------------------------------------------
[main] INFO org.apache.nifi.processor.util.list.ListProcessorTestWatcher -     batch1-age5.txt = 1714612860000 2024-05-02T02:21:00.000  -101915
[main] INFO org.apache.nifi.processor.util.list.ListProcessorTestWatcher -     batch1-age4.txt = 1714612940000 2024-05-02T02:22:20.000   -21915
[main] INFO org.apache.nifi.processor.util.list.ListProcessorTestWatcher -     batch1-age3.txt = 1714612945000 2024-05-02T02:22:25.000   -16915
[main] INFO org.apache.nifi.processor.util.list.ListProcessorTestWatcher - REL_SUCCESS count = 3
[main] INFO org.apache.nifi.processor.util.list.ListProcessorTestWatcher - --------------------------------------------------------------------
[main] INFO org.apache.nifi.processor.util.list.ListProcessorTestWatcher - 
[main] DEBUG org.apache.nifi.processors.standard.ListFile - ListFile[id=59f0cc83-3181-4a80-93bd-65619e9a088d] Took 1 milliseconds to perform listing and gather 6 entries
[main] TRACE org.apache.nifi.processors.standard.ListFile - ListFile[id=59f0cc83-3181-4a80-93bd-65619e9a088d] Performing operation CHECK_READABLE on batch2-age4.txt took 0 milliseconds
[main] TRACE org.apache.nifi.processors.standard.ListFile - ListFile[id=59f0cc83-3181-4a80-93bd-65619e9a088d] Performing operation CHECK_HIDDEN on batch2-age4.txt took 0 milliseconds
[main] TRACE org.apache.nifi.processors.standard.ListFile - ListFile[id=59f0cc83-3181-4a80-93bd-65619e9a088d] Performing operation CHECK_READABLE on batch1-age3.txt took 0 milliseconds
[main] TRACE org.apache.nifi.processors.standard.ListFile - ListFile[id=59f0cc83-3181-4a80-93bd-65619e9a088d] Performing operation CHECK_HIDDEN on batch1-age3.txt took 0 milliseconds
[main] TRACE org.apache.nifi.processors.standard.ListFile - ListFile[id=59f0cc83-3181-4a80-93bd-65619e9a088d] Performing operation CHECK_READABLE on batch2-age2.txt took 0 milliseconds
[main] TRACE org.apache.nifi.processors.standard.ListFile - ListFile[id=59f0cc83-3181-4a80-93bd-65619e9a088d] Performing operation CHECK_HIDDEN on batch2-age2.txt took 0 milliseconds
[main] TRACE org.apache.nifi.processors.standard.ListFile - ListFile[id=59f0cc83-3181-4a80-93bd-65619e9a088d] Performing operation CHECK_READABLE on batch2-age3.txt took 0 milliseconds
[main] TRACE org.apache.nifi.processors.standard.ListFile - ListFile[id=59f0cc83-3181-4a80-93bd-65619e9a088d] Performing operation CHECK_HIDDEN on batch2-age3.txt took 0 milliseconds
[main] TRACE org.apache.nifi.processors.standard.ListFile - ListFile[id=59f0cc83-3181-4a80-93bd-65619e9a088d] Performing operation CHECK_READABLE on batch1-age4.txt took 0 milliseconds
[main] TRACE org.apache.nifi.processors.standard.ListFile - ListFile[id=59f0cc83-3181-4a80-93bd-65619e9a088d] Performing operation CHECK_HIDDEN on batch1-age4.txt took 0 milliseconds
[main] TRACE org.apache.nifi.processors.standard.ListFile - ListFile[id=59f0cc83-3181-4a80-93bd-65619e9a088d] Performing operation CHECK_READABLE on batch1-age5.txt took 0 milliseconds
[main] TRACE org.apache.nifi.processors.standard.ListFile - ListFile[id=59f0cc83-3181-4a80-93bd-65619e9a088d] Performing operation CHECK_HIDDEN on batch1-age5.txt took 0 milliseconds
[main] DEBUG org.apache.nifi.processors.standard.ListFile - ListFile[id=59f0cc83-3181-4a80-93bd-65619e9a088d] Took 1 milliseconds to perform listing and gather 6 entries
[main] INFO org.apache.nifi.processors.standard.ListFile - ListFile[id=59f0cc83-3181-4a80-93bd-65619e9a088d] Successfully verified configuration
[pool-1802-thread-1] TRACE org.apache.nifi.processors.standard.ListFile - ListFile[id=59f0cc83-3181-4a80-93bd-65619e9a088d] Performing operation CHECK_READABLE on batch1-age3.txt took 0 milliseconds
[pool-1802-thread-1] TRACE org.apache.nifi.processors.standard.ListFile - ListFile[id=59f0cc83-3181-4a80-93bd-65619e9a088d] Performing operation CHECK_HIDDEN on batch1-age3.txt took 0 milliseconds
[pool-1802-thread-1] TRACE org.apache.nifi.processors.standard.ListFile - ListFile[id=59f0cc83-3181-4a80-93bd-65619e9a088d] Performing operation CHECK_READABLE on batch2-age2.txt took 0 milliseconds
[pool-1802-thread-1] TRACE org.apache.nifi.processors.standard.ListFile - ListFile[id=59f0cc83-3181-4a80-93bd-65619e9a088d] Performing operation CHECK_HIDDEN on batch2-age2.txt took 0 milliseconds
[pool-1802-thread-1] TRACE org.apache.nifi.processors.standard.ListFile - ListFile[id=59f0cc83-3181-4a80-93bd-65619e9a088d] Performing operation CHECK_READABLE on batch2-age3.txt took 0 milliseconds
[pool-1802-thread-1] TRACE org.apache.nifi.processors.standard.ListFile - ListFile[id=59f0cc83-3181-4a80-93bd-65619e9a088d] Performing operation CHECK_HIDDEN on batch2-age3.txt took 0 milliseconds
[pool-1802-thread-1] DEBUG org.apache.nifi.processors.standard.ListFile - ListFile[id=59f0cc83-3181-4a80-93bd-65619e9a088d] Took 0 milliseconds to perform listing and gather 3 entries
[pool-1802-thread-1] TRACE org.apache.nifi.processors.standard.ListFile - ListFile[id=59f0cc83-3181-4a80-93bd-65619e9a088d] Performing operation RETRIEVE_BASIC_ATTRIBUTES on batch2-age3.txt took 0 milliseconds
[pool-1802-thread-1] TRACE org.apache.nifi.processors.standard.ListFile - ListFile[id=59f0cc83-3181-4a80-93bd-65619e9a088d] Performing operation RETRIEVE_OWNER_ATTRIBUTES on batch2-age3.txt took 1 milliseconds
[pool-1802-thread-1] TRACE org.apache.nifi.processors.standard.ListFile - ListFile[id=59f0cc83-3181-4a80-93bd-65619e9a088d] Performing operation RETRIEVE_POSIX_ATTRIBUTES on batch2-age3.txt took 0 milliseconds
[pool-1802-thread-1] TRACE org.apache.nifi.processors.standard.ListFile - ListFile[id=59f0cc83-3181-4a80-93bd-65619e9a088d] Performing operation RETRIEVE_BASIC_ATTRIBUTES on batch2-age2.txt took 0 milliseconds
[pool-1802-thread-1] TRACE org.apache.nifi.processors.standard.ListFile - ListFile[id=59f0cc83-3181-4a80-93bd-65619e9a088d] Performing operation RETRIEVE_OWNER_ATTRIBUTES on batch2-age2.txt took 0 milliseconds
[pool-1802-thread-1] TRACE org.apache.nifi.processors.standard.ListFile - ListFile[id=59f0cc83-3181-4a80-93bd-65619e9a088d] Performing operation RETRIEVE_POSIX_ATTRIBUTES on batch2-age2.txt took 0 milliseconds
[pool-1802-thread-1] INFO org.apache.nifi.processors.standard.ListFile - ListFile[id=59f0cc83-3181-4a80-93bd-65619e9a088d] Successfully created listing with 2 new objects
[main] INFO org.apache.nifi.processor.util.list.ListProcessorTestWatcher - --------------------------------------------------------------------
[main] INFO org.apache.nifi.processor.util.list.ListProcessorTestWatcher -                       timestamp     date from timestamp     t0 delta
[main] INFO org.apache.nifi.processor.util.list.ListProcessorTestWatcher - -------------------   ------------- ----------------------- --------
[main] INFO org.apache.nifi.processor.util.list.ListProcessorTestWatcher - started at          = 1714612962117 2024-05-02T02:22:42.117        0
[main] INFO org.apache.nifi.processor.util.list.ListProcessorTestWatcher - current time        = 1714612962119 2024-05-02T02:22:42.119        0
[main] INFO org.apache.nifi.processor.util.list.ListProcessorTestWatcher - ---- processor state -----------------------------------------------
[main] INFO org.apache.nifi.processor.util.list.ListProcessorTestWatcher - processed.timestamp = 1714612950000 2024-05-02T02:22:30.000   -12119
[main] INFO org.apache.nifi.processor.util.list.ListProcessorTestWatcher -   listing.timestamp = 1714612950000 2024-05-02T02:22:30.000   -12119
[main] INFO org.apache.nifi.processor.util.list.ListProcessorTestWatcher - ---- input folder contents -----------------------------------------
[main] INFO org.apache.nifi.processor.util.list.ListProcessorTestWatcher -     batch1-age3.txt = 1714612945000 2024-05-02T02:22:25.000   -17119
[main] INFO org.apache.nifi.processor.util.list.ListProcessorTestWatcher -     batch1-age4.txt = 1714612940000 2024-05-02T02:22:20.000   -22119
[main] INFO org.apache.nifi.processor.util.list.ListProcessorTestWatcher -     batch1-age5.txt = 1714612860000 2024-05-02T02:21:00.000  -102119
[main] INFO org.apache.nifi.processor.util.list.ListProcessorTestWatcher -     batch2-age2.txt = 1714612950000 2024-05-02T02:22:30.000   -12119
[main] INFO org.apache.nifi.processor.util.list.ListProcessorTestWatcher -     batch2-age3.txt = 1714612945000 2024-05-02T02:22:25.000   -17119
[main] INFO org.apache.nifi.processor.util.list.ListProcessorTestWatcher -     batch2-age4.txt = 1714612940000 2024-05-02T02:22:20.000   -22119
[main] INFO org.apache.nifi.processor.util.list.ListProcessorTestWatcher - ---- output flowfiles ----------------------------------------------
[main] INFO org.apache.nifi.processor.util.list.ListProcessorTestWatcher -     batch2-age3.txt = 1714612945000 2024-05-02T02:22:25.000   -17119
[main] INFO org.apache.nifi.processor.util.list.ListProcessorTestWatcher -     batch2-age2.txt = 1714612950000 2024-05-02T02:22:30.000   -12119
[main] INFO org.apache.nifi.processor.util.list.ListProcessorTestWatcher - REL_SUCCESS count = 2
[main] INFO org.apache.nifi.processor.util.list.ListProcessorTestWatcher - --------------------------------------------------------------------
[main] INFO org.apache.nifi.processor.util.list.ListProcessorTestWatcher - 
]]></system-err>
  </testcase>
</testsuite>