<?xml version="1.0" encoding="UTF-8"?>
<testsuite xmlns:xsi="http://www.w3.org/2001/XMLSchema-instance" xsi:noNamespaceSchemaLocation="https://maven.apache.org/surefire/maven-surefire-plugin/xsd/surefire-test-report-3.0.xsd" version="3.0" name="org.apache.nifi.security.util.crypto.PasswordBasedEncryptorGroovyTest" time="4.557" tests="9" errors="0" skipped="0" failures="0">
  <properties>
    <property name="sun.desktop" value="gnome"/>
    <property name="awt.toolkit" value="sun.awt.X11.XToolkit"/>
    <property name="file.encoding.pkg" value="sun.io"/>
    <property name="java.specification.version" value="1.8"/>
    <property name="sun.cpu.isalist" value=""/>
    <property name="sun.jnu.encoding" value="UTF-8"/>
    <property name="java.class.path" value="/home/alex/Repositories/nifi/nifi-nar-bundles/nifi-standard-bundle/nifi-standard-processors/target/test-classes:/home/alex/Repositories/nifi/nifi-nar-bundles/nifi-standard-bundle/nifi-standard-processors/target/classes:/home/alex/.m2/repository/org/apache/ftpserver/ftpserver-core/1.1.1/ftpserver-core-1.1.1.jar:/home/alex/.m2/repository/org/apache/ftpserver/ftplet-api/1.1.1/ftplet-api-1.1.1.jar:/home/alex/.m2/repository/org/slf4j/slf4j-api/1.7.32/slf4j-api-1.7.32.jar:/home/alex/.m2/repository/org/apache/mina/mina-core/2.0.16/mina-core-2.0.16.jar:/home/alex/Repositories/nifi/nifi-api/target/classes:/home/alex/Repositories/nifi/nifi-commons/nifi-expression-language/target/classes:/home/alex/.m2/repository/org/antlr/antlr-runtime/3.5.2/antlr-runtime-3.5.2.jar:/home/alex/Repositories/nifi/nifi-commons/nifi-parameter/target/classes:/home/alex/Repositories/nifi/nifi-commons/nifi-uuid5/target/classes:/home/alex/.m2/repository/org/apache/commons/commons-text/1.8/commons-text-1.8.jar:/home/alex/Repositories/nifi/nifi-nar-bundles/nifi-extension-utils/nifi-processor-utils/target/classes:/home/alex/Repositories/nifi/nifi-commons/nifi-security-socket-ssl/target/classes:/home/alex/Repositories/nifi/nifi-nar-bundles/nifi-extension-utils/nifi-event-transport/target/classes:/home/alex/.m2/repository/io/netty/netty-handler/4.1.69.Final/netty-handler-4.1.69.Final.jar:/home/alex/.m2/repository/io/netty/netty-common/4.1.69.Final/netty-common-4.1.69.Final.jar:/home/alex/.m2/repository/io/netty/netty-resolver/4.1.69.Final/netty-resolver-4.1.69.Final.jar:/home/alex/.m2/repository/io/netty/netty-transport/4.1.69.Final/netty-transport-4.1.69.Final.jar:/home/alex/.m2/repository/io/netty/netty-codec/4.1.69.Final/netty-codec-4.1.69.Final.jar:/home/alex/Repositories/nifi/nifi-nar-bundles/nifi-extension-utils/nifi-syslog-utils/target/classes:/home/alex/.m2/repository/com/github/palindromicity/simple-syslog-5424/0.0.16/simple-syslog-5424-0.0.16.jar:/home/alex/.m2/repository/org/antlr/antlr4-runtime/4.7.2/antlr4-runtime-4.7.2.jar:/home/alex/Repositories/nifi/nifi-commons/nifi-utils/target/classes:/home/alex/Repositories/nifi/nifi-commons/nifi-record-path/target/classes:/home/alex/Repositories/nifi/nifi-commons/nifi-properties/target/classes:/home/alex/Repositories/nifi/nifi-commons/nifi-property-utils/target/classes:/home/alex/.m2/repository/com/github/ben-manes/caffeine/caffeine/2.8.1/caffeine-2.8.1.jar:/home/alex/Repositories/nifi/nifi-nar-bundles/nifi-standard-services/nifi-ssl-context-service-api/target/classes:/home/alex/Repositories/nifi/nifi-commons/nifi-security-utils-api/target/classes:/home/alex/Repositories/nifi/nifi-nar-bundles/nifi-standard-services/nifi-lookup-service-api/target/classes:/home/alex/Repositories/nifi/nifi-commons/nifi-flowfile-packager/target/classes:/home/alex/Repositories/nifi/nifi-nar-bundles/nifi-standard-services/nifi-distributed-cache-client-service-api/target/classes:/home/alex/Repositories/nifi/nifi-nar-bundles/nifi-standard-services/nifi-http-context-map-api/target/classes:/home/alex/Repositories/nifi/nifi-nar-bundles/nifi-standard-services/nifi-record-serialization-service-api/target/classes:/home/alex/Repositories/nifi/nifi-nar-bundles/nifi-standard-services/nifi-proxy-configuration-api/target/classes:/home/alex/Repositories/nifi/nifi-commons/nifi-record/target/classes:/home/alex/Repositories/nifi/nifi-nar-bundles/nifi-standard-services/nifi-record-sink-api/target/classes:/home/alex/.m2/repository/commons-io/commons-io/2.10.0/commons-io-2.10.0.jar:/home/alex/.m2/repository/javax/ws/rs/javax.ws.rs-api/2.1/javax.ws.rs-api-2.1.jar:/home/alex/.m2/repository/commons-net/commons-net/3.6/commons-net-3.6.jar:/home/alex/.m2/repository/org/apache/commons/commons-compress/1.21/commons-compress-1.21.jar:/home/alex/.m2/repository/org/apache/commons/commons-lang3/3.9/commons-lang3-3.9.jar:/home/alex/.m2/repository/org/bouncycastle/bcprov-jdk15on/1.69/bcprov-jdk15on-1.69.jar:/home/alex/.m2/repository/org/bouncycastle/bcpg-jdk15on/1.69/bcpg-jdk15on-1.69.jar:/home/alex/.m2/repository/org/bouncycastle/bcpkix-jdk15on/1.69/bcpkix-jdk15on-1.69.jar:/home/alex/.m2/repository/org/bouncycastle/bcutil-jdk15on/1.69/bcutil-jdk15on-1.69.jar:/home/alex/.m2/repository/commons-codec/commons-codec/1.14/commons-codec-1.14.jar:/home/alex/Repositories/nifi/nifi-commons/nifi-security-utils/target/classes:/home/alex/Repositories/nifi/nifi-commons/nifi-security-kms/target/classes:/home/alex/.m2/repository/org/apache/commons/commons-configuration2/2.7/commons-configuration2-2.7.jar:/home/alex/.m2/repository/com/hierynomus/sshj/0.32.0/sshj-0.32.0.jar:/home/alex/.m2/repository/com/jcraft/jzlib/1.1.3/jzlib-1.1.3.jar:/home/alex/.m2/repository/com/hierynomus/asn-one/0.6.0/asn-one-0.6.0.jar:/home/alex/.m2/repository/net/i2p/crypto/eddsa/0.3.0/eddsa-0.3.0.jar:/home/alex/.m2/repository/org/eclipse/jetty/jetty-server/9.4.44.v20210927/jetty-server-9.4.44.v20210927.jar:/home/alex/.m2/repository/javax/servlet/javax.servlet-api/3.1.0/javax.servlet-api-3.1.0.jar:/home/alex/.m2/repository/org/eclipse/jetty/jetty-http/9.4.44.v20210927/jetty-http-9.4.44.v20210927.jar:/home/alex/.m2/repository/org/eclipse/jetty/jetty-util/9.4.44.v20210927/jetty-util-9.4.44.v20210927.jar:/home/alex/.m2/repository/org/eclipse/jetty/jetty-io/9.4.44.v20210927/jetty-io-9.4.44.v20210927.jar:/home/alex/.m2/repository/org/eclipse/jetty/jetty-servlet/9.4.44.v20210927/jetty-servlet-9.4.44.v20210927.jar:/home/alex/.m2/repository/org/eclipse/jetty/jetty-security/9.4.44.v20210927/jetty-security-9.4.44.v20210927.jar:/home/alex/.m2/repository/org/eclipse/jetty/jetty-util-ajax/9.4.44.v20210927/jetty-util-ajax-9.4.44.v20210927.jar:/home/alex/.m2/repository/org/apache/httpcomponents/httpclient/4.5.5/httpclient-4.5.5.jar:/home/alex/.m2/repository/commons-logging/commons-logging/1.2/commons-logging-1.2.jar:/home/alex/.m2/repository/org/apache/httpcomponents/httpcore/4.4.9/httpcore-4.4.9.jar:/home/alex/.m2/repository/jakarta/activation/jakarta.activation-api/2.0.1/jakarta.activation-api-2.0.1.jar:/home/alex/.m2/repository/com/sun/activation/jakarta.activation/2.0.1/jakarta.activation-2.0.1.jar:/home/alex/.m2/repository/jakarta/mail/jakarta.mail-api/2.0.1/jakarta.mail-api-2.0.1.jar:/home/alex/.m2/repository/com/sun/mail/jakarta.mail/2.0.1/jakarta.mail-2.0.1.jar:/home/alex/.m2/repository/com/github/jponge/lzma-java/1.3/lzma-java-1.3.jar:/home/alex/.m2/repository/org/tukaani/xz/1.8/xz-1.8.jar:/home/alex/.m2/repository/net/sf/saxon/Saxon-HE/10.6/Saxon-HE-10.6.jar:/home/alex/Repositories/nifi/nifi-commons/nifi-socket-utils/target/classes:/home/alex/Repositories/nifi/nifi-commons/nifi-logging-utils/target/classes:/home/alex/Repositories/nifi/nifi-nar-bundles/nifi-standard-services/nifi-load-distribution-service-api/target/classes:/home/alex/.m2/repository/javax/jms/javax.jms-api/2.0.1/javax.jms-api-2.0.1.jar:/home/alex/.m2/repository/org/apache/activemq/activemq-client/5.15.15/activemq-client-5.15.15.jar:/home/alex/.m2/repository/org/apache/geronimo/specs/geronimo-jms_1.1_spec/1.1.1/geronimo-jms_1.1_spec-1.1.1.jar:/home/alex/.m2/repository/org/fusesource/hawtbuf/hawtbuf/1.11/hawtbuf-1.11.jar:/home/alex/.m2/repository/org/apache/geronimo/specs/geronimo-j2ee-management_1.1_spec/1.0.1/geronimo-j2ee-management_1.1_spec-1.0.1.jar:/home/alex/.m2/repository/com/jayway/jsonpath/json-path/2.6.0/json-path-2.6.0.jar:/home/alex/.m2/repository/net/minidev/json-smart/2.4.7/json-smart-2.4.7.jar:/home/alex/.m2/repository/net/minidev/accessors-smart/2.4.7/accessors-smart-2.4.7.jar:/home/alex/.m2/repository/org/ow2/asm/asm/9.1/asm-9.1.jar:/home/alex/.m2/repository/org/apache/tika/tika-core/1.26/tika-core-1.26.jar:/home/alex/.m2/repository/com/fasterxml/jackson/core/jackson-databind/2.12.3/jackson-databind-2.12.3.jar:/home/alex/.m2/repository/com/fasterxml/jackson/core/jackson-annotations/2.12.3/jackson-annotations-2.12.3.jar:/home/alex/.m2/repository/com/fasterxml/jackson/core/jackson-core/2.12.3/jackson-core-2.12.3.jar:/home/alex/Repositories/nifi/nifi-nar-bundles/nifi-extension-utils/nifi-record-utils/nifi-avro-record-utils/target/classes:/home/alex/Repositories/nifi/nifi-nar-bundles/nifi-extension-utils/nifi-record-utils/nifi-standard-record-utils/target/classes:/home/alex/.m2/repository/org/apache/avro/avro/1.8.1/avro-1.8.1.jar:/home/alex/.m2/repository/org/codehaus/jackson/jackson-core-asl/1.9.13/jackson-core-asl-1.9.13.jar:/home/alex/.m2/repository/org/codehaus/jackson/jackson-mapper-asl/1.9.13/jackson-mapper-asl-1.9.13.jar:/home/alex/.m2/repository/com/thoughtworks/paranamer/paranamer/2.7/paranamer-2.7.jar:/home/alex/Repositories/nifi/nifi-nar-bundles/nifi-standard-services/nifi-dbcp-service-api/target/classes:/home/alex/.m2/repository/com/squareup/okhttp3/okhttp/4.9.2/okhttp-4.9.2.jar:/home/alex/.m2/repository/com/squareup/okio/okio/2.8.0/okio-2.8.0.jar:/home/alex/.m2/repository/org/jetbrains/kotlin/kotlin-stdlib-common/1.4.0/kotlin-stdlib-common-1.4.0.jar:/home/alex/.m2/repository/org/jetbrains/kotlin/kotlin-stdlib/1.4.10/kotlin-stdlib-1.4.10.jar:/home/alex/.m2/repository/org/jetbrains/annotations/13.0/annotations-13.0.jar:/home/alex/.m2/repository/io/github/rburgst/okhttp-digest/2.5/okhttp-digest-2.5.jar:/home/alex/.m2/repository/at/favre/lib/bcrypt/0.9.0/bcrypt-0.9.0.jar:/home/alex/.m2/repository/at/favre/lib/bytes/1.3.0/bytes-1.3.0.jar:/home/alex/.m2/repository/com/google/guava/guava/28.0-jre/guava-28.0-jre.jar:/home/alex/.m2/repository/com/google/guava/failureaccess/1.0.1/failureaccess-1.0.1.jar:/home/alex/.m2/repository/com/google/guava/listenablefuture/9999.0-empty-to-avoid-conflict-with-guava/listenablefuture-9999.0-empty-to-avoid-conflict-with-guava.jar:/home/alex/.m2/repository/com/google/code/findbugs/jsr305/3.0.2/jsr305-3.0.2.jar:/home/alex/.m2/repository/org/checkerframework/checker-qual/2.8.1/checker-qual-2.8.1.jar:/home/alex/.m2/repository/com/google/errorprone/error_prone_annotations/2.3.2/error_prone_annotations-2.3.2.jar:/home/alex/.m2/repository/com/google/j2objc/j2objc-annotations/1.3/j2objc-annotations-1.3.jar:/home/alex/.m2/repository/org/codehaus/mojo/animal-sniffer-annotations/1.17/animal-sniffer-annotations-1.17.jar:/home/alex/Repositories/nifi/nifi-mock/target/classes:/home/alex/Repositories/nifi/nifi-framework-api/target/classes:/home/alex/Repositories/nifi/nifi-nar-bundles/nifi-framework-bundle/nifi-framework/nifi-framework-core-api/target/classes:/home/alex/Repositories/nifi/nifi-nar-bundles/nifi-framework-bundle/nifi-framework/nifi-framework-nar-utils/target/classes:/home/alex/Repositories/nifi/nifi-nar-bundles/nifi-framework-bundle/nifi-framework/nifi-client-dto/target/classes:/home/alex/.m2/repository/io/swagger/swagger-annotations/1.6.0/swagger-annotations-1.6.0.jar:/home/alex/Repositories/nifi/nifi-commons/nifi-site-to-site-client/target/classes:/home/alex/.m2/repository/org/apache/httpcomponents/httpasyncclient/4.1.4/httpasyncclient-4.1.4.jar:/home/alex/.m2/repository/org/apache/httpcomponents/httpcore-nio/4.4.10/httpcore-nio-4.4.10.jar:/home/alex/Repositories/nifi/nifi-nar-bundles/nifi-framework-bundle/nifi-framework/nifi-framework-authorization/target/classes:/home/alex/Repositories/nifi/nifi-registry/nifi-registry-core/nifi-registry-data-model/target/classes:/home/alex/Repositories/nifi/nifi-registry/nifi-registry-core/nifi-registry-revision/nifi-registry-revision-entity-model/target/classes:/home/alex/Repositories/nifi/nifi-registry/nifi-registry-core/nifi-registry-client/target/classes:/home/alex/Repositories/nifi/nifi-registry/nifi-registry-core/nifi-registry-security-utils/target/classes:/home/alex/.m2/repository/org/glassfish/jersey/core/jersey-client/2.33/jersey-client-2.33.jar:/home/alex/.m2/repository/jakarta/ws/rs/jakarta.ws.rs-api/2.1.6/jakarta.ws.rs-api-2.1.6.jar:/home/alex/.m2/repository/org/glassfish/hk2/external/jakarta.inject/2.6.1/jakarta.inject-2.6.1.jar:/home/alex/.m2/repository/org/glassfish/jersey/media/jersey-media-json-jackson/2.33/jersey-media-json-jackson-2.33.jar:/home/alex/.m2/repository/org/glassfish/jersey/ext/jersey-entity-filtering/2.33/jersey-entity-filtering-2.33.jar:/home/alex/.m2/repository/org/glassfish/jersey/inject/jersey-hk2/2.33/jersey-hk2-2.33.jar:/home/alex/.m2/repository/org/glassfish/hk2/hk2-locator/2.6.1/hk2-locator-2.6.1.jar:/home/alex/.m2/repository/org/glassfish/hk2/external/aopalliance-repackaged/2.6.1/aopalliance-repackaged-2.6.1.jar:/home/alex/.m2/repository/org/glassfish/hk2/hk2-api/2.6.1/hk2-api-2.6.1.jar:/home/alex/.m2/repository/org/glassfish/hk2/hk2-utils/2.6.1/hk2-utils-2.6.1.jar:/home/alex/.m2/repository/org/javassist/javassist/3.25.0-GA/javassist-3.25.0-GA.jar:/home/alex/.m2/repository/org/glassfish/jersey/core/jersey-common/2.33/jersey-common-2.33.jar:/home/alex/.m2/repository/jakarta/annotation/jakarta.annotation-api/1.3.5/jakarta.annotation-api-1.3.5.jar:/home/alex/.m2/repository/org/glassfish/hk2/osgi-resource-locator/1.0.3/osgi-resource-locator-1.0.3.jar:/home/alex/.m2/repository/org/glassfish/jersey/media/jersey-media-multipart/2.33/jersey-media-multipart-2.33.jar:/home/alex/.m2/repository/org/jvnet/mimepull/mimepull/1.9.13/mimepull-1.9.13.jar:/home/alex/Repositories/nifi/nifi-commons/nifi-data-provenance-utils/target/classes:/home/alex/Repositories/nifi/nifi-nar-bundles/nifi-standard-services/nifi-distributed-cache-services-bundle/nifi-distributed-cache-client-service/target/classes:/home/alex/Repositories/nifi/nifi-nar-bundles/nifi-standard-services/nifi-distributed-cache-services-bundle/nifi-distributed-cache-protocol/target/classes:/home/alex/.m2/repository/io/netty/netty-buffer/4.1.69.Final/netty-buffer-4.1.69.Final.jar:/home/alex/.m2/repository/com/google/http-client/google-http-client/1.28.0/google-http-client-1.28.0.jar:/home/alex/.m2/repository/io/opencensus/opencensus-api/0.18.0/opencensus-api-0.18.0.jar:/home/alex/.m2/repository/io/grpc/grpc-context/1.14.0/grpc-context-1.14.0.jar:/home/alex/.m2/repository/io/opencensus/opencensus-contrib-http-util/0.18.0/opencensus-contrib-http-util-0.18.0.jar:/home/alex/.m2/repository/org/apache/activemq/activemq-broker/5.15.14/activemq-broker-5.15.14.jar:/home/alex/.m2/repository/org/apache/activemq/activemq-openwire-legacy/5.15.14/activemq-openwire-legacy-5.15.14.jar:/home/alex/Repositories/nifi/nifi-nar-bundles/nifi-standard-services/nifi-ssl-context-bundle/nifi-ssl-context-service/target/classes:/home/alex/Repositories/nifi/nifi-nar-bundles/nifi-framework-bundle/nifi-framework/nifi-standard-prioritizers/target/classes:/home/alex/Repositories/nifi/nifi-nar-bundles/nifi-extension-utils/nifi-record-utils/nifi-mock-record-utils/target/classes:/home/alex/Repositories/nifi/nifi-nar-bundles/nifi-standard-services/nifi-record-serialization-services-bundle/nifi-record-serialization-services/target/classes:/home/alex/.m2/repository/org/apache/commons/commons-csv/1.8/commons-csv-1.8.jar:/home/alex/.m2/repository/com/fasterxml/jackson/dataformat/jackson-dataformat-csv/2.12.3/jackson-dataformat-csv-2.12.3.jar:/home/alex/.m2/repository/net/java/dev/stax-utils/stax-utils/20070216/stax-utils-20070216.jar:/home/alex/Repositories/nifi/nifi-nar-bundles/nifi-standard-services/nifi-lookup-services-bundle/nifi-lookup-services/target/classes:/home/alex/.m2/repository/commons-beanutils/commons-beanutils/1.9.4/commons-beanutils-1.9.4.jar:/home/alex/.m2/repository/commons-collections/commons-collections/3.2.2/commons-collections-3.2.2.jar:/home/alex/.m2/repository/com/maxmind/geoip2/geoip2/2.12.0/geoip2-2.12.0.jar:/home/alex/.m2/repository/com/maxmind/db/maxmind-db/1.2.2/maxmind-db-1.2.2.jar:/home/alex/.m2/repository/org/apache/derby/derby/10.14.2.0/derby-10.14.2.0.jar:/home/alex/.m2/repository/org/xerial/snappy/snappy-java/1.1.7.3/snappy-java-1.1.7.3.jar:/home/alex/.m2/repository/net/lingala/zip4j/zip4j/2.8.0/zip4j-2.8.0.jar:/home/alex/.m2/repository/com/h2database/h2/1.4.187/h2-1.4.187.jar:/home/alex/.m2/repository/org/mockftpserver/MockFtpServer/2.7.1/MockFtpServer-2.7.1.jar:/home/alex/.m2/repository/org/apache/sshd/sshd-core/1.7.0/sshd-core-1.7.0.jar:/home/alex/.m2/repository/com/bazaarvoice/jolt/jolt-core/0.1.1/jolt-core-0.1.1.jar:/home/alex/.m2/repository/javax/inject/javax.inject/1/javax.inject-1.jar:/home/alex/.m2/repository/com/bazaarvoice/jolt/json-utils/0.1.1/json-utils-0.1.1.jar:/home/alex/Repositories/nifi/nifi-nar-bundles/nifi-standard-bundle/nifi-standard-utils/target/classes:/home/alex/.m2/repository/net/sf/supercsv/super-csv/2.4.0/super-csv-2.4.0.jar:/home/alex/.m2/repository/com/fluenda/parcefone/2.1.0/parcefone-2.1.0.jar:/home/alex/.m2/repository/javax/validation/validation-api/1.1.0.Final/validation-api-1.1.0.Final.jar:/home/alex/.m2/repository/javax/el/javax.el-api/3.0.0/javax.el-api-3.0.0.jar:/home/alex/.m2/repository/com/github/wnameless/json/json-flattener/0.12.0/json-flattener-0.12.0.jar:/home/alex/.m2/repository/com/github/wnameless/json/json-base/2.0.0/json-base-2.0.0.jar:/home/alex/.m2/repository/org/apache/bval/bval-jsr/1.1.2/bval-jsr-1.1.2.jar:/home/alex/.m2/repository/org/apache/bval/bval-core/1.1.2/bval-core-1.1.2.jar:/home/alex/.m2/repository/io/krakens/java-grok/0.1.9/java-grok-0.1.9.jar:/home/alex/.m2/repository/org/apache/calcite/calcite-core/1.27.0/calcite-core-1.27.0.jar:/home/alex/.m2/repository/org/apache/calcite/calcite-linq4j/1.27.0/calcite-linq4j-1.27.0.jar:/home/alex/.m2/repository/com/esri/geometry/esri-geometry-api/2.2.0/esri-geometry-api-2.2.0.jar:/home/alex/.m2/repository/org/apache/calcite/avatica/avatica-core/1.18.0/avatica-core-1.18.0.jar:/home/alex/.m2/repository/org/apache/calcite/avatica/avatica-metrics/1.18.0/avatica-metrics-1.18.0.jar:/home/alex/.m2/repository/com/google/protobuf/protobuf-java/3.6.1/protobuf-java-3.6.1.jar:/home/alex/.m2/repository/org/apiguardian/apiguardian-api/1.1.0/apiguardian-api-1.1.0.jar:/home/alex/.m2/repository/com/fasterxml/jackson/dataformat/jackson-dataformat-yaml/2.10.0/jackson-dataformat-yaml-2.10.0.jar:/home/alex/.m2/repository/org/yaml/snakeyaml/1.29/snakeyaml-1.29.jar:/home/alex/.m2/repository/com/google/uzaygezen/uzaygezen-core/0.2/uzaygezen-core-0.2.jar:/home/alex/.m2/repository/com/yahoo/datasketches/sketches-core/0.9.0/sketches-core-0.9.0.jar:/home/alex/.m2/repository/com/yahoo/datasketches/memory/0.9.0/memory-0.9.0.jar:/home/alex/.m2/repository/net/hydromatic/aggdesigner-algorithm/6.0/aggdesigner-algorithm-6.0.jar:/home/alex/.m2/repository/commons-lang/commons-lang/2.4/commons-lang-2.4.jar:/home/alex/.m2/repository/org/apache/commons/commons-dbcp2/2.6.0/commons-dbcp2-2.6.0.jar:/home/alex/.m2/repository/org/apache/commons/commons-pool2/2.6.1/commons-pool2-2.6.1.jar:/home/alex/.m2/repository/org/codehaus/janino/commons-compiler/3.0.11/commons-compiler-3.0.11.jar:/home/alex/.m2/repository/org/codehaus/janino/janino/3.0.11/janino-3.0.11.jar:/home/alex/Repositories/nifi/nifi-nar-bundles/nifi-standard-services/nifi-schema-registry-service-api/target/classes:/home/alex/Repositories/nifi/nifi-nar-bundles/nifi-extension-utils/nifi-database-utils/target/classes:/home/alex/Repositories/nifi/nifi-nar-bundles/nifi-standard-bundle/nifi-standard-web-test-utils/target/classes:/home/alex/.m2/repository/com/github/stefanbirkner/fake-sftp-server-rule/2.0.1/fake-sftp-server-rule-2.0.1.jar:/home/alex/.m2/repository/com/github/marschall/memoryfilesystem/2.8.0/memoryfilesystem-2.8.0.jar:/home/alex/.m2/repository/junit/junit/4.13.2/junit-4.13.2.jar:/home/alex/.m2/repository/org/hamcrest/hamcrest-core/1.3/hamcrest-core-1.3.jar:/home/alex/Repositories/nifi/nifi-nar-bundles/nifi-extension-utils/nifi-database-test-utils/target/classes:/home/alex/.m2/repository/org/codehaus/groovy/groovy-json/2.5.14/groovy-json-2.5.14.jar:/home/alex/.m2/repository/org/codehaus/groovy/groovy/2.5.14/groovy-2.5.14.jar:/home/alex/.m2/repository/org/codehaus/groovy/groovy-servlet/2.5.14/groovy-servlet-2.5.14.jar:/home/alex/.m2/repository/org/codehaus/groovy/groovy-templates/2.5.14/groovy-templates-2.5.14.jar:/home/alex/.m2/repository/org/codehaus/groovy/groovy-xml/2.5.14/groovy-xml-2.5.14.jar:/home/alex/.m2/repository/org/hamcrest/hamcrest-all/1.3/hamcrest-all-1.3.jar:/home/alex/.m2/repository/com/squareup/okhttp3/mockwebserver/4.9.2/mockwebserver-4.9.2.jar:/home/alex/.m2/repository/org/jetbrains/kotlin/kotlin-stdlib-jdk8/1.4.10/kotlin-stdlib-jdk8-1.4.10.jar:/home/alex/.m2/repository/org/jetbrains/kotlin/kotlin-stdlib-jdk7/1.4.10/kotlin-stdlib-jdk7-1.4.10.jar:/home/alex/.m2/repository/org/mockito/mockito-inline/3.12.4/mockito-inline-3.12.4.jar:/home/alex/.m2/repository/org/junit/jupiter/junit-jupiter-api/5.7.2/junit-jupiter-api-5.7.2.jar:/home/alex/.m2/repository/org/opentest4j/opentest4j/1.2.0/opentest4j-1.2.0.jar:/home/alex/.m2/repository/org/junit/platform/junit-platform-commons/1.7.2/junit-platform-commons-1.7.2.jar:/home/alex/.m2/repository/org/junit/jupiter/junit-jupiter-engine/5.7.2/junit-jupiter-engine-5.7.2.jar:/home/alex/.m2/repository/org/junit/platform/junit-platform-engine/1.7.2/junit-platform-engine-1.7.2.jar:/home/alex/.m2/repository/org/junit/vintage/junit-vintage-engine/5.7.2/junit-vintage-engine-5.7.2.jar:/home/alex/.m2/repository/org/junit/jupiter/junit-jupiter-params/5.7.2/junit-jupiter-params-5.7.2.jar:/home/alex/.m2/repository/org/mockito/mockito-core/3.11.2/mockito-core-3.11.2.jar:/home/alex/.m2/repository/net/bytebuddy/byte-buddy/1.11.3/byte-buddy-1.11.3.jar:/home/alex/.m2/repository/net/bytebuddy/byte-buddy-agent/1.11.3/byte-buddy-agent-1.11.3.jar:/home/alex/.m2/repository/org/objenesis/objenesis/3.2/objenesis-3.2.jar:/home/alex/.m2/repository/org/mockito/mockito-junit-jupiter/3.11.2/mockito-junit-jupiter-3.11.2.jar:/home/alex/.m2/repository/org/slf4j/slf4j-simple/1.7.32/slf4j-simple-1.7.32.jar:/home/alex/.m2/repository/org/codehaus/groovy/groovy-test/2.5.14/groovy-test-2.5.14.jar:"/>
    <property name="org.slf4j.simpleLogger.log.nifi.processors.standard.TestExecuteSQLRecord" value="debug"/>
    <property name="java.vm.vendor" value="Private Build"/>
    <property name="sun.arch.data.model" value="64"/>
    <property name="java.vendor.url" value="http://java.oracle.com/"/>
    <property name="user.timezone" value="Europe/Lisbon"/>
    <property name="java.vm.specification.version" value="1.8"/>
    <property name="os.name" value="Linux"/>
    <property name="user.country" value="US"/>
    <property name="sun.java.launcher" value="SUN_STANDARD"/>
    <property name="sun.boot.library.path" value="/usr/lib/jvm/java-8-openjdk-amd64/jre/lib/amd64"/>
    <property name="sun.java.command" value="/home/alex/Repositories/nifi/nifi-nar-bundles/nifi-standard-bundle/nifi-standard-processors/target/surefire/surefirebooter262180563015504354.jar /home/alex/Repositories/nifi/nifi-nar-bundles/nifi-standard-bundle/nifi-standard-processors/target/surefire 2024-05-02T02-13-54_999-jvmRun1 surefire7006267633466184684tmp surefire_695365209324004685157tmp"/>
    <property name="org.slf4j.simpleLogger.log.nifi.io.nio" value="debug"/>
    <property name="surefire.test.class.path" value="/home/alex/Repositories/nifi/nifi-nar-bundles/nifi-standard-bundle/nifi-standard-processors/target/test-classes:/home/alex/Repositories/nifi/nifi-nar-bundles/nifi-standard-bundle/nifi-standard-processors/target/classes:/home/alex/.m2/repository/org/apache/ftpserver/ftpserver-core/1.1.1/ftpserver-core-1.1.1.jar:/home/alex/.m2/repository/org/apache/ftpserver/ftplet-api/1.1.1/ftplet-api-1.1.1.jar:/home/alex/.m2/repository/org/slf4j/slf4j-api/1.7.32/slf4j-api-1.7.32.jar:/home/alex/.m2/repository/org/apache/mina/mina-core/2.0.16/mina-core-2.0.16.jar:/home/alex/Repositories/nifi/nifi-api/target/classes:/home/alex/Repositories/nifi/nifi-commons/nifi-expression-language/target/classes:/home/alex/.m2/repository/org/antlr/antlr-runtime/3.5.2/antlr-runtime-3.5.2.jar:/home/alex/Repositories/nifi/nifi-commons/nifi-parameter/target/classes:/home/alex/Repositories/nifi/nifi-commons/nifi-uuid5/target/classes:/home/alex/.m2/repository/org/apache/commons/commons-text/1.8/commons-text-1.8.jar:/home/alex/Repositories/nifi/nifi-nar-bundles/nifi-extension-utils/nifi-processor-utils/target/classes:/home/alex/Repositories/nifi/nifi-commons/nifi-security-socket-ssl/target/classes:/home/alex/Repositories/nifi/nifi-nar-bundles/nifi-extension-utils/nifi-event-transport/target/classes:/home/alex/.m2/repository/io/netty/netty-handler/4.1.69.Final/netty-handler-4.1.69.Final.jar:/home/alex/.m2/repository/io/netty/netty-common/4.1.69.Final/netty-common-4.1.69.Final.jar:/home/alex/.m2/repository/io/netty/netty-resolver/4.1.69.Final/netty-resolver-4.1.69.Final.jar:/home/alex/.m2/repository/io/netty/netty-transport/4.1.69.Final/netty-transport-4.1.69.Final.jar:/home/alex/.m2/repository/io/netty/netty-codec/4.1.69.Final/netty-codec-4.1.69.Final.jar:/home/alex/Repositories/nifi/nifi-nar-bundles/nifi-extension-utils/nifi-syslog-utils/target/classes:/home/alex/.m2/repository/com/github/palindromicity/simple-syslog-5424/0.0.16/simple-syslog-5424-0.0.16.jar:/home/alex/.m2/repository/org/antlr/antlr4-runtime/4.7.2/antlr4-runtime-4.7.2.jar:/home/alex/Repositories/nifi/nifi-commons/nifi-utils/target/classes:/home/alex/Repositories/nifi/nifi-commons/nifi-record-path/target/classes:/home/alex/Repositories/nifi/nifi-commons/nifi-properties/target/classes:/home/alex/Repositories/nifi/nifi-commons/nifi-property-utils/target/classes:/home/alex/.m2/repository/com/github/ben-manes/caffeine/caffeine/2.8.1/caffeine-2.8.1.jar:/home/alex/Repositories/nifi/nifi-nar-bundles/nifi-standard-services/nifi-ssl-context-service-api/target/classes:/home/alex/Repositories/nifi/nifi-commons/nifi-security-utils-api/target/classes:/home/alex/Repositories/nifi/nifi-nar-bundles/nifi-standard-services/nifi-lookup-service-api/target/classes:/home/alex/Repositories/nifi/nifi-commons/nifi-flowfile-packager/target/classes:/home/alex/Repositories/nifi/nifi-nar-bundles/nifi-standard-services/nifi-distributed-cache-client-service-api/target/classes:/home/alex/Repositories/nifi/nifi-nar-bundles/nifi-standard-services/nifi-http-context-map-api/target/classes:/home/alex/Repositories/nifi/nifi-nar-bundles/nifi-standard-services/nifi-record-serialization-service-api/target/classes:/home/alex/Repositories/nifi/nifi-nar-bundles/nifi-standard-services/nifi-proxy-configuration-api/target/classes:/home/alex/Repositories/nifi/nifi-commons/nifi-record/target/classes:/home/alex/Repositories/nifi/nifi-nar-bundles/nifi-standard-services/nifi-record-sink-api/target/classes:/home/alex/.m2/repository/commons-io/commons-io/2.10.0/commons-io-2.10.0.jar:/home/alex/.m2/repository/javax/ws/rs/javax.ws.rs-api/2.1/javax.ws.rs-api-2.1.jar:/home/alex/.m2/repository/commons-net/commons-net/3.6/commons-net-3.6.jar:/home/alex/.m2/repository/org/apache/commons/commons-compress/1.21/commons-compress-1.21.jar:/home/alex/.m2/repository/org/apache/commons/commons-lang3/3.9/commons-lang3-3.9.jar:/home/alex/.m2/repository/org/bouncycastle/bcprov-jdk15on/1.69/bcprov-jdk15on-1.69.jar:/home/alex/.m2/repository/org/bouncycastle/bcpg-jdk15on/1.69/bcpg-jdk15on-1.69.jar:/home/alex/.m2/repository/org/bouncycastle/bcpkix-jdk15on/1.69/bcpkix-jdk15on-1.69.jar:/home/alex/.m2/repository/org/bouncycastle/bcutil-jdk15on/1.69/bcutil-jdk15on-1.69.jar:/home/alex/.m2/repository/commons-codec/commons-codec/1.14/commons-codec-1.14.jar:/home/alex/Repositories/nifi/nifi-commons/nifi-security-utils/target/classes:/home/alex/Repositories/nifi/nifi-commons/nifi-security-kms/target/classes:/home/alex/.m2/repository/org/apache/commons/commons-configuration2/2.7/commons-configuration2-2.7.jar:/home/alex/.m2/repository/com/hierynomus/sshj/0.32.0/sshj-0.32.0.jar:/home/alex/.m2/repository/com/jcraft/jzlib/1.1.3/jzlib-1.1.3.jar:/home/alex/.m2/repository/com/hierynomus/asn-one/0.6.0/asn-one-0.6.0.jar:/home/alex/.m2/repository/net/i2p/crypto/eddsa/0.3.0/eddsa-0.3.0.jar:/home/alex/.m2/repository/org/eclipse/jetty/jetty-server/9.4.44.v20210927/jetty-server-9.4.44.v20210927.jar:/home/alex/.m2/repository/javax/servlet/javax.servlet-api/3.1.0/javax.servlet-api-3.1.0.jar:/home/alex/.m2/repository/org/eclipse/jetty/jetty-http/9.4.44.v20210927/jetty-http-9.4.44.v20210927.jar:/home/alex/.m2/repository/org/eclipse/jetty/jetty-util/9.4.44.v20210927/jetty-util-9.4.44.v20210927.jar:/home/alex/.m2/repository/org/eclipse/jetty/jetty-io/9.4.44.v20210927/jetty-io-9.4.44.v20210927.jar:/home/alex/.m2/repository/org/eclipse/jetty/jetty-servlet/9.4.44.v20210927/jetty-servlet-9.4.44.v20210927.jar:/home/alex/.m2/repository/org/eclipse/jetty/jetty-security/9.4.44.v20210927/jetty-security-9.4.44.v20210927.jar:/home/alex/.m2/repository/org/eclipse/jetty/jetty-util-ajax/9.4.44.v20210927/jetty-util-ajax-9.4.44.v20210927.jar:/home/alex/.m2/repository/org/apache/httpcomponents/httpclient/4.5.5/httpclient-4.5.5.jar:/home/alex/.m2/repository/commons-logging/commons-logging/1.2/commons-logging-1.2.jar:/home/alex/.m2/repository/org/apache/httpcomponents/httpcore/4.4.9/httpcore-4.4.9.jar:/home/alex/.m2/repository/jakarta/activation/jakarta.activation-api/2.0.1/jakarta.activation-api-2.0.1.jar:/home/alex/.m2/repository/com/sun/activation/jakarta.activation/2.0.1/jakarta.activation-2.0.1.jar:/home/alex/.m2/repository/jakarta/mail/jakarta.mail-api/2.0.1/jakarta.mail-api-2.0.1.jar:/home/alex/.m2/repository/com/sun/mail/jakarta.mail/2.0.1/jakarta.mail-2.0.1.jar:/home/alex/.m2/repository/com/github/jponge/lzma-java/1.3/lzma-java-1.3.jar:/home/alex/.m2/repository/org/tukaani/xz/1.8/xz-1.8.jar:/home/alex/.m2/repository/net/sf/saxon/Saxon-HE/10.6/Saxon-HE-10.6.jar:/home/alex/Repositories/nifi/nifi-commons/nifi-socket-utils/target/classes:/home/alex/Repositories/nifi/nifi-commons/nifi-logging-utils/target/classes:/home/alex/Repositories/nifi/nifi-nar-bundles/nifi-standard-services/nifi-load-distribution-service-api/target/classes:/home/alex/.m2/repository/javax/jms/javax.jms-api/2.0.1/javax.jms-api-2.0.1.jar:/home/alex/.m2/repository/org/apache/activemq/activemq-client/5.15.15/activemq-client-5.15.15.jar:/home/alex/.m2/repository/org/apache/geronimo/specs/geronimo-jms_1.1_spec/1.1.1/geronimo-jms_1.1_spec-1.1.1.jar:/home/alex/.m2/repository/org/fusesource/hawtbuf/hawtbuf/1.11/hawtbuf-1.11.jar:/home/alex/.m2/repository/org/apache/geronimo/specs/geronimo-j2ee-management_1.1_spec/1.0.1/geronimo-j2ee-management_1.1_spec-1.0.1.jar:/home/alex/.m2/repository/com/jayway/jsonpath/json-path/2.6.0/json-path-2.6.0.jar:/home/alex/.m2/repository/net/minidev/json-smart/2.4.7/json-smart-2.4.7.jar:/home/alex/.m2/repository/net/minidev/accessors-smart/2.4.7/accessors-smart-2.4.7.jar:/home/alex/.m2/repository/org/ow2/asm/asm/9.1/asm-9.1.jar:/home/alex/.m2/repository/org/apache/tika/tika-core/1.26/tika-core-1.26.jar:/home/alex/.m2/repository/com/fasterxml/jackson/core/jackson-databind/2.12.3/jackson-databind-2.12.3.jar:/home/alex/.m2/repository/com/fasterxml/jackson/core/jackson-annotations/2.12.3/jackson-annotations-2.12.3.jar:/home/alex/.m2/repository/com/fasterxml/jackson/core/jackson-core/2.12.3/jackson-core-2.12.3.jar:/home/alex/Repositories/nifi/nifi-nar-bundles/nifi-extension-utils/nifi-record-utils/nifi-avro-record-utils/target/classes:/home/alex/Repositories/nifi/nifi-nar-bundles/nifi-extension-utils/nifi-record-utils/nifi-standard-record-utils/target/classes:/home/alex/.m2/repository/org/apache/avro/avro/1.8.1/avro-1.8.1.jar:/home/alex/.m2/repository/org/codehaus/jackson/jackson-core-asl/1.9.13/jackson-core-asl-1.9.13.jar:/home/alex/.m2/repository/org/codehaus/jackson/jackson-mapper-asl/1.9.13/jackson-mapper-asl-1.9.13.jar:/home/alex/.m2/repository/com/thoughtworks/paranamer/paranamer/2.7/paranamer-2.7.jar:/home/alex/Repositories/nifi/nifi-nar-bundles/nifi-standard-services/nifi-dbcp-service-api/target/classes:/home/alex/.m2/repository/com/squareup/okhttp3/okhttp/4.9.2/okhttp-4.9.2.jar:/home/alex/.m2/repository/com/squareup/okio/okio/2.8.0/okio-2.8.0.jar:/home/alex/.m2/repository/org/jetbrains/kotlin/kotlin-stdlib-common/1.4.0/kotlin-stdlib-common-1.4.0.jar:/home/alex/.m2/repository/org/jetbrains/kotlin/kotlin-stdlib/1.4.10/kotlin-stdlib-1.4.10.jar:/home/alex/.m2/repository/org/jetbrains/annotations/13.0/annotations-13.0.jar:/home/alex/.m2/repository/io/github/rburgst/okhttp-digest/2.5/okhttp-digest-2.5.jar:/home/alex/.m2/repository/at/favre/lib/bcrypt/0.9.0/bcrypt-0.9.0.jar:/home/alex/.m2/repository/at/favre/lib/bytes/1.3.0/bytes-1.3.0.jar:/home/alex/.m2/repository/com/google/guava/guava/28.0-jre/guava-28.0-jre.jar:/home/alex/.m2/repository/com/google/guava/failureaccess/1.0.1/failureaccess-1.0.1.jar:/home/alex/.m2/repository/com/google/guava/listenablefuture/9999.0-empty-to-avoid-conflict-with-guava/listenablefuture-9999.0-empty-to-avoid-conflict-with-guava.jar:/home/alex/.m2/repository/com/google/code/findbugs/jsr305/3.0.2/jsr305-3.0.2.jar:/home/alex/.m2/repository/org/checkerframework/checker-qual/2.8.1/checker-qual-2.8.1.jar:/home/alex/.m2/repository/com/google/errorprone/error_prone_annotations/2.3.2/error_prone_annotations-2.3.2.jar:/home/alex/.m2/repository/com/google/j2objc/j2objc-annotations/1.3/j2objc-annotations-1.3.jar:/home/alex/.m2/repository/org/codehaus/mojo/animal-sniffer-annotations/1.17/animal-sniffer-annotations-1.17.jar:/home/alex/Repositories/nifi/nifi-mock/target/classes:/home/alex/Repositories/nifi/nifi-framework-api/target/classes:/home/alex/Repositories/nifi/nifi-nar-bundles/nifi-framework-bundle/nifi-framework/nifi-framework-core-api/target/classes:/home/alex/Repositories/nifi/nifi-nar-bundles/nifi-framework-bundle/nifi-framework/nifi-framework-nar-utils/target/classes:/home/alex/Repositories/nifi/nifi-nar-bundles/nifi-framework-bundle/nifi-framework/nifi-client-dto/target/classes:/home/alex/.m2/repository/io/swagger/swagger-annotations/1.6.0/swagger-annotations-1.6.0.jar:/home/alex/Repositories/nifi/nifi-commons/nifi-site-to-site-client/target/classes:/home/alex/.m2/repository/org/apache/httpcomponents/httpasyncclient/4.1.4/httpasyncclient-4.1.4.jar:/home/alex/.m2/repository/org/apache/httpcomponents/httpcore-nio/4.4.10/httpcore-nio-4.4.10.jar:/home/alex/Repositories/nifi/nifi-nar-bundles/nifi-framework-bundle/nifi-framework/nifi-framework-authorization/target/classes:/home/alex/Repositories/nifi/nifi-registry/nifi-registry-core/nifi-registry-data-model/target/classes:/home/alex/Repositories/nifi/nifi-registry/nifi-registry-core/nifi-registry-revision/nifi-registry-revision-entity-model/target/classes:/home/alex/Repositories/nifi/nifi-registry/nifi-registry-core/nifi-registry-client/target/classes:/home/alex/Repositories/nifi/nifi-registry/nifi-registry-core/nifi-registry-security-utils/target/classes:/home/alex/.m2/repository/org/glassfish/jersey/core/jersey-client/2.33/jersey-client-2.33.jar:/home/alex/.m2/repository/jakarta/ws/rs/jakarta.ws.rs-api/2.1.6/jakarta.ws.rs-api-2.1.6.jar:/home/alex/.m2/repository/org/glassfish/hk2/external/jakarta.inject/2.6.1/jakarta.inject-2.6.1.jar:/home/alex/.m2/repository/org/glassfish/jersey/media/jersey-media-json-jackson/2.33/jersey-media-json-jackson-2.33.jar:/home/alex/.m2/repository/org/glassfish/jersey/ext/jersey-entity-filtering/2.33/jersey-entity-filtering-2.33.jar:/home/alex/.m2/repository/org/glassfish/jersey/inject/jersey-hk2/2.33/jersey-hk2-2.33.jar:/home/alex/.m2/repository/org/glassfish/hk2/hk2-locator/2.6.1/hk2-locator-2.6.1.jar:/home/alex/.m2/repository/org/glassfish/hk2/external/aopalliance-repackaged/2.6.1/aopalliance-repackaged-2.6.1.jar:/home/alex/.m2/repository/org/glassfish/hk2/hk2-api/2.6.1/hk2-api-2.6.1.jar:/home/alex/.m2/repository/org/glassfish/hk2/hk2-utils/2.6.1/hk2-utils-2.6.1.jar:/home/alex/.m2/repository/org/javassist/javassist/3.25.0-GA/javassist-3.25.0-GA.jar:/home/alex/.m2/repository/org/glassfish/jersey/core/jersey-common/2.33/jersey-common-2.33.jar:/home/alex/.m2/repository/jakarta/annotation/jakarta.annotation-api/1.3.5/jakarta.annotation-api-1.3.5.jar:/home/alex/.m2/repository/org/glassfish/hk2/osgi-resource-locator/1.0.3/osgi-resource-locator-1.0.3.jar:/home/alex/.m2/repository/org/glassfish/jersey/media/jersey-media-multipart/2.33/jersey-media-multipart-2.33.jar:/home/alex/.m2/repository/org/jvnet/mimepull/mimepull/1.9.13/mimepull-1.9.13.jar:/home/alex/Repositories/nifi/nifi-commons/nifi-data-provenance-utils/target/classes:/home/alex/Repositories/nifi/nifi-nar-bundles/nifi-standard-services/nifi-distributed-cache-services-bundle/nifi-distributed-cache-client-service/target/classes:/home/alex/Repositories/nifi/nifi-nar-bundles/nifi-standard-services/nifi-distributed-cache-services-bundle/nifi-distributed-cache-protocol/target/classes:/home/alex/.m2/repository/io/netty/netty-buffer/4.1.69.Final/netty-buffer-4.1.69.Final.jar:/home/alex/.m2/repository/com/google/http-client/google-http-client/1.28.0/google-http-client-1.28.0.jar:/home/alex/.m2/repository/io/opencensus/opencensus-api/0.18.0/opencensus-api-0.18.0.jar:/home/alex/.m2/repository/io/grpc/grpc-context/1.14.0/grpc-context-1.14.0.jar:/home/alex/.m2/repository/io/opencensus/opencensus-contrib-http-util/0.18.0/opencensus-contrib-http-util-0.18.0.jar:/home/alex/.m2/repository/org/apache/activemq/activemq-broker/5.15.14/activemq-broker-5.15.14.jar:/home/alex/.m2/repository/org/apache/activemq/activemq-openwire-legacy/5.15.14/activemq-openwire-legacy-5.15.14.jar:/home/alex/Repositories/nifi/nifi-nar-bundles/nifi-standard-services/nifi-ssl-context-bundle/nifi-ssl-context-service/target/classes:/home/alex/Repositories/nifi/nifi-nar-bundles/nifi-framework-bundle/nifi-framework/nifi-standard-prioritizers/target/classes:/home/alex/Repositories/nifi/nifi-nar-bundles/nifi-extension-utils/nifi-record-utils/nifi-mock-record-utils/target/classes:/home/alex/Repositories/nifi/nifi-nar-bundles/nifi-standard-services/nifi-record-serialization-services-bundle/nifi-record-serialization-services/target/classes:/home/alex/.m2/repository/org/apache/commons/commons-csv/1.8/commons-csv-1.8.jar:/home/alex/.m2/repository/com/fasterxml/jackson/dataformat/jackson-dataformat-csv/2.12.3/jackson-dataformat-csv-2.12.3.jar:/home/alex/.m2/repository/net/java/dev/stax-utils/stax-utils/20070216/stax-utils-20070216.jar:/home/alex/Repositories/nifi/nifi-nar-bundles/nifi-standard-services/nifi-lookup-services-bundle/nifi-lookup-services/target/classes:/home/alex/.m2/repository/commons-beanutils/commons-beanutils/1.9.4/commons-beanutils-1.9.4.jar:/home/alex/.m2/repository/commons-collections/commons-collections/3.2.2/commons-collections-3.2.2.jar:/home/alex/.m2/repository/com/maxmind/geoip2/geoip2/2.12.0/geoip2-2.12.0.jar:/home/alex/.m2/repository/com/maxmind/db/maxmind-db/1.2.2/maxmind-db-1.2.2.jar:/home/alex/.m2/repository/org/apache/derby/derby/10.14.2.0/derby-10.14.2.0.jar:/home/alex/.m2/repository/org/xerial/snappy/snappy-java/1.1.7.3/snappy-java-1.1.7.3.jar:/home/alex/.m2/repository/net/lingala/zip4j/zip4j/2.8.0/zip4j-2.8.0.jar:/home/alex/.m2/repository/com/h2database/h2/1.4.187/h2-1.4.187.jar:/home/alex/.m2/repository/org/mockftpserver/MockFtpServer/2.7.1/MockFtpServer-2.7.1.jar:/home/alex/.m2/repository/org/apache/sshd/sshd-core/1.7.0/sshd-core-1.7.0.jar:/home/alex/.m2/repository/com/bazaarvoice/jolt/jolt-core/0.1.1/jolt-core-0.1.1.jar:/home/alex/.m2/repository/javax/inject/javax.inject/1/javax.inject-1.jar:/home/alex/.m2/repository/com/bazaarvoice/jolt/json-utils/0.1.1/json-utils-0.1.1.jar:/home/alex/Repositories/nifi/nifi-nar-bundles/nifi-standard-bundle/nifi-standard-utils/target/classes:/home/alex/.m2/repository/net/sf/supercsv/super-csv/2.4.0/super-csv-2.4.0.jar:/home/alex/.m2/repository/com/fluenda/parcefone/2.1.0/parcefone-2.1.0.jar:/home/alex/.m2/repository/javax/validation/validation-api/1.1.0.Final/validation-api-1.1.0.Final.jar:/home/alex/.m2/repository/javax/el/javax.el-api/3.0.0/javax.el-api-3.0.0.jar:/home/alex/.m2/repository/com/github/wnameless/json/json-flattener/0.12.0/json-flattener-0.12.0.jar:/home/alex/.m2/repository/com/github/wnameless/json/json-base/2.0.0/json-base-2.0.0.jar:/home/alex/.m2/repository/org/apache/bval/bval-jsr/1.1.2/bval-jsr-1.1.2.jar:/home/alex/.m2/repository/org/apache/bval/bval-core/1.1.2/bval-core-1.1.2.jar:/home/alex/.m2/repository/io/krakens/java-grok/0.1.9/java-grok-0.1.9.jar:/home/alex/.m2/repository/org/apache/calcite/calcite-core/1.27.0/calcite-core-1.27.0.jar:/home/alex/.m2/repository/org/apache/calcite/calcite-linq4j/1.27.0/calcite-linq4j-1.27.0.jar:/home/alex/.m2/repository/com/esri/geometry/esri-geometry-api/2.2.0/esri-geometry-api-2.2.0.jar:/home/alex/.m2/repository/org/apache/calcite/avatica/avatica-core/1.18.0/avatica-core-1.18.0.jar:/home/alex/.m2/repository/org/apache/calcite/avatica/avatica-metrics/1.18.0/avatica-metrics-1.18.0.jar:/home/alex/.m2/repository/com/google/protobuf/protobuf-java/3.6.1/protobuf-java-3.6.1.jar:/home/alex/.m2/repository/org/apiguardian/apiguardian-api/1.1.0/apiguardian-api-1.1.0.jar:/home/alex/.m2/repository/com/fasterxml/jackson/dataformat/jackson-dataformat-yaml/2.10.0/jackson-dataformat-yaml-2.10.0.jar:/home/alex/.m2/repository/org/yaml/snakeyaml/1.29/snakeyaml-1.29.jar:/home/alex/.m2/repository/com/google/uzaygezen/uzaygezen-core/0.2/uzaygezen-core-0.2.jar:/home/alex/.m2/repository/com/yahoo/datasketches/sketches-core/0.9.0/sketches-core-0.9.0.jar:/home/alex/.m2/repository/com/yahoo/datasketches/memory/0.9.0/memory-0.9.0.jar:/home/alex/.m2/repository/net/hydromatic/aggdesigner-algorithm/6.0/aggdesigner-algorithm-6.0.jar:/home/alex/.m2/repository/commons-lang/commons-lang/2.4/commons-lang-2.4.jar:/home/alex/.m2/repository/org/apache/commons/commons-dbcp2/2.6.0/commons-dbcp2-2.6.0.jar:/home/alex/.m2/repository/org/apache/commons/commons-pool2/2.6.1/commons-pool2-2.6.1.jar:/home/alex/.m2/repository/org/codehaus/janino/commons-compiler/3.0.11/commons-compiler-3.0.11.jar:/home/alex/.m2/repository/org/codehaus/janino/janino/3.0.11/janino-3.0.11.jar:/home/alex/Repositories/nifi/nifi-nar-bundles/nifi-standard-services/nifi-schema-registry-service-api/target/classes:/home/alex/Repositories/nifi/nifi-nar-bundles/nifi-extension-utils/nifi-database-utils/target/classes:/home/alex/Repositories/nifi/nifi-nar-bundles/nifi-standard-bundle/nifi-standard-web-test-utils/target/classes:/home/alex/.m2/repository/com/github/stefanbirkner/fake-sftp-server-rule/2.0.1/fake-sftp-server-rule-2.0.1.jar:/home/alex/.m2/repository/com/github/marschall/memoryfilesystem/2.8.0/memoryfilesystem-2.8.0.jar:/home/alex/.m2/repository/junit/junit/4.13.2/junit-4.13.2.jar:/home/alex/.m2/repository/org/hamcrest/hamcrest-core/1.3/hamcrest-core-1.3.jar:/home/alex/Repositories/nifi/nifi-nar-bundles/nifi-extension-utils/nifi-database-test-utils/target/classes:/home/alex/.m2/repository/org/codehaus/groovy/groovy-json/2.5.14/groovy-json-2.5.14.jar:/home/alex/.m2/repository/org/codehaus/groovy/groovy/2.5.14/groovy-2.5.14.jar:/home/alex/.m2/repository/org/codehaus/groovy/groovy-servlet/2.5.14/groovy-servlet-2.5.14.jar:/home/alex/.m2/repository/org/codehaus/groovy/groovy-templates/2.5.14/groovy-templates-2.5.14.jar:/home/alex/.m2/repository/org/codehaus/groovy/groovy-xml/2.5.14/groovy-xml-2.5.14.jar:/home/alex/.m2/repository/org/hamcrest/hamcrest-all/1.3/hamcrest-all-1.3.jar:/home/alex/.m2/repository/com/squareup/okhttp3/mockwebserver/4.9.2/mockwebserver-4.9.2.jar:/home/alex/.m2/repository/org/jetbrains/kotlin/kotlin-stdlib-jdk8/1.4.10/kotlin-stdlib-jdk8-1.4.10.jar:/home/alex/.m2/repository/org/jetbrains/kotlin/kotlin-stdlib-jdk7/1.4.10/kotlin-stdlib-jdk7-1.4.10.jar:/home/alex/.m2/repository/org/mockito/mockito-inline/3.12.4/mockito-inline-3.12.4.jar:/home/alex/.m2/repository/org/junit/jupiter/junit-jupiter-api/5.7.2/junit-jupiter-api-5.7.2.jar:/home/alex/.m2/repository/org/opentest4j/opentest4j/1.2.0/opentest4j-1.2.0.jar:/home/alex/.m2/repository/org/junit/platform/junit-platform-commons/1.7.2/junit-platform-commons-1.7.2.jar:/home/alex/.m2/repository/org/junit/jupiter/junit-jupiter-engine/5.7.2/junit-jupiter-engine-5.7.2.jar:/home/alex/.m2/repository/org/junit/platform/junit-platform-engine/1.7.2/junit-platform-engine-1.7.2.jar:/home/alex/.m2/repository/org/junit/vintage/junit-vintage-engine/5.7.2/junit-vintage-engine-5.7.2.jar:/home/alex/.m2/repository/org/junit/jupiter/junit-jupiter-params/5.7.2/junit-jupiter-params-5.7.2.jar:/home/alex/.m2/repository/org/mockito/mockito-core/3.11.2/mockito-core-3.11.2.jar:/home/alex/.m2/repository/net/bytebuddy/byte-buddy/1.11.3/byte-buddy-1.11.3.jar:/home/alex/.m2/repository/net/bytebuddy/byte-buddy-agent/1.11.3/byte-buddy-agent-1.11.3.jar:/home/alex/.m2/repository/org/objenesis/objenesis/3.2/objenesis-3.2.jar:/home/alex/.m2/repository/org/mockito/mockito-junit-jupiter/3.11.2/mockito-junit-jupiter-3.11.2.jar:/home/alex/.m2/repository/org/slf4j/slf4j-simple/1.7.32/slf4j-simple-1.7.32.jar:/home/alex/.m2/repository/org/codehaus/groovy/groovy-test/2.5.14/groovy-test-2.5.14.jar:"/>
    <property name="sun.cpu.endian" value="little"/>
    <property name="user.home" value="/home/alex"/>
    <property name="user.language" value="en"/>
    <property name="java.specification.vendor" value="Oracle Corporation"/>
    <property name="java.home" value="/usr/lib/jvm/java-8-openjdk-amd64/jre"/>
    <property name="org.slf4j.simpleLogger.log.nifi.processors.standard.ExecuteStreamCommand" value="debug"/>
    <property name="basedir" value="/home/alex/Repositories/nifi/nifi-nar-bundles/nifi-standard-bundle/nifi-standard-processors"/>
    <property name="file.separator" value="/"/>
    <property name="line.separator" value="&#10;"/>
    <property name="java.vm.specification.vendor" value="Oracle Corporation"/>
    <property name="java.specification.name" value="Java Platform API Specification"/>
    <property name="derby.stream.error.file" value="target/derby.log"/>
    <property name="org.slf4j.simpleLogger.log.org.apache.nifi" value="TRACE"/>
    <property name="javax.xml.xpath.XPathFactory:http://saxon.sf.net/jaxp/xpath/om" value="net.sf.saxon.xpath.XPathFactoryImpl"/>
    <property name="java.awt.graphicsenv" value="sun.awt.X11GraphicsEnvironment"/>
    <property name="org.slf4j.simpleLogger.log.org.apache.nifi.processors.standard.SQLTransform" value="debug"/>
    <property name="java.awt.headless" value="true"/>
    <property name="org.slf4j.simpleLogger.log.nifi.processors.standard.ExecuteSQLRecord" value="debug"/>
    <property name="org.slf4j.simpleLogger.showDateTime" value="true"/>
    <property name="surefire.real.class.path" value="/home/alex/Repositories/nifi/nifi-nar-bundles/nifi-standard-bundle/nifi-standard-processors/target/surefire/surefirebooter262180563015504354.jar"/>
    <property name="sun.boot.class.path" value="/usr/lib/jvm/java-8-openjdk-amd64/jre/lib/resources.jar:/usr/lib/jvm/java-8-openjdk-amd64/jre/lib/rt.jar:/usr/lib/jvm/java-8-openjdk-amd64/jre/lib/sunrsasign.jar:/usr/lib/jvm/java-8-openjdk-amd64/jre/lib/jsse.jar:/usr/lib/jvm/java-8-openjdk-amd64/jre/lib/jce.jar:/usr/lib/jvm/java-8-openjdk-amd64/jre/lib/charsets.jar:/usr/lib/jvm/java-8-openjdk-amd64/jre/lib/jfr.jar:/usr/lib/jvm/java-8-openjdk-amd64/jre/classes"/>
    <property name="org.slf4j.simpleLogger.log.nifi.processors.standard.TestExecuteStreamCommand" value="debug"/>
    <property name="sun.management.compiler" value="HotSpot 64-Bit Tiered Compilers"/>
    <property name="org.slf4j.simpleLogger.log.nifi.processors.standard.TestExecuteSQL" value="debug"/>
    <property name="java.runtime.version" value="1.8.0_402-8u402-ga-2ubuntu1~22.04-b06"/>
    <property name="java.net.preferIPv4Stack" value="true"/>
    <property name="user.name" value="alex"/>
    <property name="path.separator" value=":"/>
    <property name="os.version" value="6.5.0-28-generic"/>
    <property name="java.endorsed.dirs" value="/usr/lib/jvm/java-8-openjdk-amd64/jre/lib/endorsed"/>
    <property name="java.runtime.name" value="OpenJDK Runtime Environment"/>
    <property name="org.slf4j.simpleLogger.log.nifi.processors.standard.DistributeLoad" value="debug"/>
    <property name="file.encoding" value="UTF-8"/>
    <property name="org.slf4j.simpleLogger.log.org.apache.nifi.processors.standard" value="TRACE"/>
    <property name="org.slf4j.simpleLogger.log.nifi.processors.standard.ExecuteSQL" value="debug"/>
    <property name="sun.nio.ch.bugLevel" value=""/>
    <property name="java.vm.name" value="OpenJDK 64-Bit Server VM"/>
    <property name="localRepository" value="/home/alex/.m2/repository"/>
    <property name="java.vendor.url.bug" value="http://bugreport.sun.com/bugreport/"/>
    <property name="jetty.git.hash" value="8da83308eeca865e495e53ef315a249d63ba9332"/>
    <property name="java.io.tmpdir" value="/tmp"/>
    <property name="java.version" value="1.8.0_402"/>
    <property name="user.dir" value="/home/alex/Repositories/nifi/nifi-nar-bundles/nifi-standard-bundle/nifi-standard-processors"/>
    <property name="org.slf4j.simpleLogger.log.nifi.processors.standard.TestDetectDuplicate" value="debug"/>
    <property name="os.arch" value="amd64"/>
    <property name="java.vm.specification.name" value="Java Virtual Machine Specification"/>
    <property name="java.awt.printerjob" value="sun.print.PSPrinterJob"/>
    <property name="sun.os.patch.level" value="unknown"/>
    <property name="org.slf4j.simpleLogger.defaultLogLevel" value="info"/>
    <property name="java.library.path" value="/usr/java/packages/lib/amd64:/usr/lib/x86_64-linux-gnu/jni:/lib/x86_64-linux-gnu:/usr/lib/x86_64-linux-gnu:/usr/lib/jni:/lib:/usr/lib"/>
    <property name="java.vm.info" value="mixed mode"/>
    <property name="java.vendor" value="Private Build"/>
    <property name="java.vm.version" value="25.402-b06"/>
    <property name="org.slf4j.simpleLogger.log.nifi.processors.standard.DetectDuplicate" value="debug"/>
    <property name="java.specification.maintenance.version" value="5"/>
    <property name="java.ext.dirs" value="/usr/lib/jvm/java-8-openjdk-amd64/jre/lib/ext:/usr/java/packages/lib/ext"/>
    <property name="sun.io.unicode.encoding" value="UnicodeLittle"/>
    <property name="java.class.version" value="52.0"/>
  </properties>
  <testcase name="testShouldDecryptNiFiLegacySaltedCipherTextWithVariableSaltLength" classname="org.apache.nifi.security.util.crypto.PasswordBasedEncryptorGroovyTest" time="0.071">
    <system-err><![CDATA[[main] INFO org.apache.nifi.security.util.crypto.PasswordBasedEncryptorGroovyTest - Plaintext: This is a plaintext message.
[main] INFO org.apache.nifi.security.util.crypto.PasswordBasedEncryptorGroovyTest - Password: short
[main] INFO org.apache.nifi.security.util.crypto.PasswordBasedEncryptorGroovyTest - Grouped algorithms by block size: [16:[PBEWITHMD5AND128BITAES-CBC-OPENSSL, PBEWITHMD5AND192BITAES-CBC-OPENSSL, PBEWITHMD5AND256BITAES-CBC-OPENSSL, PBEWITHSHAAND128BITAES-CBC-BC, PBEWITHSHAAND192BITAES-CBC-BC, PBEWITHSHAAND256BITAES-CBC-BC, PBEWITHSHA256AND128BITAES-CBC-BC, PBEWITHSHA256AND192BITAES-CBC-BC, PBEWITHSHA256AND256BITAES-CBC-BC, PBEWITHSHAANDTWOFISH-CBC], 8:[PBEWITHMD5ANDDES, PBEWITHMD5ANDRC2, PBEWITHSHA1ANDRC2, PBEWITHSHA1ANDDES, PBEWITHSHAAND40BITRC2-CBC, PBEWITHSHAAND128BITRC2-CBC, PBEWITHSHAAND2-KEYTRIPLEDES-CBC, PBEWITHSHAAND3-KEYTRIPLEDES-CBC], 0:[PBEWITHSHAAND40BITRC4, PBEWITHSHAAND128BITRC4]]
[main] INFO org.apache.nifi.security.util.crypto.PasswordBasedEncryptorGroovyTest - Testing PBEWITHMD5AND128BITAES-CBC-OPENSSL with expected salt size 16
[main] INFO org.apache.nifi.security.util.crypto.PasswordBasedEncryptorGroovyTest - Generated legacy salt aaaaaaaaaaaaaaaaaaaaaaaaaaaaaaaa (16)
[main] INFO org.apache.nifi.security.util.crypto.PasswordBasedEncryptorGroovyTest - Cipher bytes: 2aa22cbb29a0c5049bc293d7b95c1ccdf0d3aa87f321d639628e930594126fb5
[main] INFO org.apache.nifi.security.util.crypto.PasswordBasedEncryptorGroovyTest - Complete cipher stream: aaaaaaaaaaaaaaaaaaaaaaaaaaaaaaaa2aa22cbb29a0c5049bc293d7b95c1ccdf0d3aa87f321d639628e930594126fb5
[main] INFO org.apache.nifi.security.util.crypto.PasswordBasedEncryptorGroovyTest - Decrypted: 54686973206973206120706c61696e74657874206d6573736167652e
[main] INFO org.apache.nifi.security.util.crypto.PasswordBasedEncryptorGroovyTest - Recovered: This is a plaintext message.
[main] INFO org.apache.nifi.security.util.crypto.PasswordBasedEncryptorGroovyTest - Testing PBEWITHMD5AND192BITAES-CBC-OPENSSL with expected salt size 16
[main] INFO org.apache.nifi.security.util.crypto.PasswordBasedEncryptorGroovyTest - Generated legacy salt aaaaaaaaaaaaaaaaaaaaaaaaaaaaaaaa (16)
[main] INFO org.apache.nifi.security.util.crypto.PasswordBasedEncryptorGroovyTest - Cipher bytes: 0e44369a5e9696679f4b9c933b0de51951fd857dbb41288f85d571a3c1d560dc
[main] INFO org.apache.nifi.security.util.crypto.PasswordBasedEncryptorGroovyTest - Complete cipher stream: aaaaaaaaaaaaaaaaaaaaaaaaaaaaaaaa0e44369a5e9696679f4b9c933b0de51951fd857dbb41288f85d571a3c1d560dc
[main] INFO org.apache.nifi.security.util.crypto.PasswordBasedEncryptorGroovyTest - Decrypted: 54686973206973206120706c61696e74657874206d6573736167652e
[main] INFO org.apache.nifi.security.util.crypto.PasswordBasedEncryptorGroovyTest - Recovered: This is a plaintext message.
[main] INFO org.apache.nifi.security.util.crypto.PasswordBasedEncryptorGroovyTest - Testing PBEWITHMD5AND256BITAES-CBC-OPENSSL with expected salt size 16
[main] INFO org.apache.nifi.security.util.crypto.PasswordBasedEncryptorGroovyTest - Generated legacy salt aaaaaaaaaaaaaaaaaaaaaaaaaaaaaaaa (16)
[main] INFO org.apache.nifi.security.util.crypto.PasswordBasedEncryptorGroovyTest - Cipher bytes: ee0bd96c08175fa463edb807d9f759481f84ae4e7236eac2e634b38ff9baae00
[main] INFO org.apache.nifi.security.util.crypto.PasswordBasedEncryptorGroovyTest - Complete cipher stream: aaaaaaaaaaaaaaaaaaaaaaaaaaaaaaaaee0bd96c08175fa463edb807d9f759481f84ae4e7236eac2e634b38ff9baae00
[main] INFO org.apache.nifi.security.util.crypto.PasswordBasedEncryptorGroovyTest - Decrypted: 54686973206973206120706c61696e74657874206d6573736167652e
[main] INFO org.apache.nifi.security.util.crypto.PasswordBasedEncryptorGroovyTest - Recovered: This is a plaintext message.
[main] INFO org.apache.nifi.security.util.crypto.PasswordBasedEncryptorGroovyTest - Testing PBEWITHSHAAND128BITAES-CBC-BC with expected salt size 16
[main] INFO org.apache.nifi.security.util.crypto.PasswordBasedEncryptorGroovyTest - Generated legacy salt aaaaaaaaaaaaaaaaaaaaaaaaaaaaaaaa (16)
[main] INFO org.apache.nifi.security.util.crypto.PasswordBasedEncryptorGroovyTest - Cipher bytes: 1c9234bd14899bd8cbe4c57022c6821cd2cf1b5266d02839e63a174b63a713ef
[main] INFO org.apache.nifi.security.util.crypto.PasswordBasedEncryptorGroovyTest - Complete cipher stream: aaaaaaaaaaaaaaaaaaaaaaaaaaaaaaaa1c9234bd14899bd8cbe4c57022c6821cd2cf1b5266d02839e63a174b63a713ef
[main] INFO org.apache.nifi.security.util.crypto.PasswordBasedEncryptorGroovyTest - Decrypted: 54686973206973206120706c61696e74657874206d6573736167652e
[main] INFO org.apache.nifi.security.util.crypto.PasswordBasedEncryptorGroovyTest - Recovered: This is a plaintext message.
[main] INFO org.apache.nifi.security.util.crypto.PasswordBasedEncryptorGroovyTest - Testing PBEWITHSHAAND192BITAES-CBC-BC with expected salt size 16
[main] INFO org.apache.nifi.security.util.crypto.PasswordBasedEncryptorGroovyTest - Generated legacy salt aaaaaaaaaaaaaaaaaaaaaaaaaaaaaaaa (16)
[main] INFO org.apache.nifi.security.util.crypto.PasswordBasedEncryptorGroovyTest - Cipher bytes: 5b42b427ee54f9c0933fa7544d12fe17f6665a06a80e2ef222c58ae7f785002b
[main] INFO org.apache.nifi.security.util.crypto.PasswordBasedEncryptorGroovyTest - Complete cipher stream: aaaaaaaaaaaaaaaaaaaaaaaaaaaaaaaa5b42b427ee54f9c0933fa7544d12fe17f6665a06a80e2ef222c58ae7f785002b
[main] INFO org.apache.nifi.security.util.crypto.PasswordBasedEncryptorGroovyTest - Decrypted: 54686973206973206120706c61696e74657874206d6573736167652e
[main] INFO org.apache.nifi.security.util.crypto.PasswordBasedEncryptorGroovyTest - Recovered: This is a plaintext message.
[main] INFO org.apache.nifi.security.util.crypto.PasswordBasedEncryptorGroovyTest - Testing PBEWITHSHAAND256BITAES-CBC-BC with expected salt size 16
[main] INFO org.apache.nifi.security.util.crypto.PasswordBasedEncryptorGroovyTest - Generated legacy salt aaaaaaaaaaaaaaaaaaaaaaaaaaaaaaaa (16)
[main] INFO org.apache.nifi.security.util.crypto.PasswordBasedEncryptorGroovyTest - Cipher bytes: 8f2cb7642afdf577f037c28af7cf5560baeb32390e884cc792ab693bb497e7ba
[main] INFO org.apache.nifi.security.util.crypto.PasswordBasedEncryptorGroovyTest - Complete cipher stream: aaaaaaaaaaaaaaaaaaaaaaaaaaaaaaaa8f2cb7642afdf577f037c28af7cf5560baeb32390e884cc792ab693bb497e7ba
[main] INFO org.apache.nifi.security.util.crypto.PasswordBasedEncryptorGroovyTest - Decrypted: 54686973206973206120706c61696e74657874206d6573736167652e
[main] INFO org.apache.nifi.security.util.crypto.PasswordBasedEncryptorGroovyTest - Recovered: This is a plaintext message.
[main] INFO org.apache.nifi.security.util.crypto.PasswordBasedEncryptorGroovyTest - Testing PBEWITHSHA256AND128BITAES-CBC-BC with expected salt size 16
[main] INFO org.apache.nifi.security.util.crypto.PasswordBasedEncryptorGroovyTest - Generated legacy salt aaaaaaaaaaaaaaaaaaaaaaaaaaaaaaaa (16)
[main] INFO org.apache.nifi.security.util.crypto.PasswordBasedEncryptorGroovyTest - Cipher bytes: 9db8069b6c6e6d876af183c0c83c87fd0499de119811f02e6c848cb5ed1c9d75
[main] INFO org.apache.nifi.security.util.crypto.PasswordBasedEncryptorGroovyTest - Complete cipher stream: aaaaaaaaaaaaaaaaaaaaaaaaaaaaaaaa9db8069b6c6e6d876af183c0c83c87fd0499de119811f02e6c848cb5ed1c9d75
[main] INFO org.apache.nifi.security.util.crypto.PasswordBasedEncryptorGroovyTest - Decrypted: 54686973206973206120706c61696e74657874206d6573736167652e
[main] INFO org.apache.nifi.security.util.crypto.PasswordBasedEncryptorGroovyTest - Recovered: This is a plaintext message.
[main] INFO org.apache.nifi.security.util.crypto.PasswordBasedEncryptorGroovyTest - Testing PBEWITHSHA256AND192BITAES-CBC-BC with expected salt size 16
[main] INFO org.apache.nifi.security.util.crypto.PasswordBasedEncryptorGroovyTest - Generated legacy salt aaaaaaaaaaaaaaaaaaaaaaaaaaaaaaaa (16)
[main] INFO org.apache.nifi.security.util.crypto.PasswordBasedEncryptorGroovyTest - Cipher bytes: 2631d13fb824b5da2f92b1bf09149a04dc6999a9b7beb5b9237b50c3c671247c
[main] INFO org.apache.nifi.security.util.crypto.PasswordBasedEncryptorGroovyTest - Complete cipher stream: aaaaaaaaaaaaaaaaaaaaaaaaaaaaaaaa2631d13fb824b5da2f92b1bf09149a04dc6999a9b7beb5b9237b50c3c671247c
[main] INFO org.apache.nifi.security.util.crypto.PasswordBasedEncryptorGroovyTest - Decrypted: 54686973206973206120706c61696e74657874206d6573736167652e
[main] INFO org.apache.nifi.security.util.crypto.PasswordBasedEncryptorGroovyTest - Recovered: This is a plaintext message.
[main] INFO org.apache.nifi.security.util.crypto.PasswordBasedEncryptorGroovyTest - Testing PBEWITHSHA256AND256BITAES-CBC-BC with expected salt size 16
[main] INFO org.apache.nifi.security.util.crypto.PasswordBasedEncryptorGroovyTest - Generated legacy salt aaaaaaaaaaaaaaaaaaaaaaaaaaaaaaaa (16)
[main] INFO org.apache.nifi.security.util.crypto.PasswordBasedEncryptorGroovyTest - Cipher bytes: a5d1e3d1f79c4349095bbbdd8a33803b5b33574ce383745c7427df4b050a0acd
[main] INFO org.apache.nifi.security.util.crypto.PasswordBasedEncryptorGroovyTest - Complete cipher stream: aaaaaaaaaaaaaaaaaaaaaaaaaaaaaaaaa5d1e3d1f79c4349095bbbdd8a33803b5b33574ce383745c7427df4b050a0acd
[main] INFO org.apache.nifi.security.util.crypto.PasswordBasedEncryptorGroovyTest - Decrypted: 54686973206973206120706c61696e74657874206d6573736167652e
[main] INFO org.apache.nifi.security.util.crypto.PasswordBasedEncryptorGroovyTest - Recovered: This is a plaintext message.
[main] INFO org.apache.nifi.security.util.crypto.PasswordBasedEncryptorGroovyTest - Testing PBEWITHSHAANDTWOFISH-CBC with expected salt size 16
[main] INFO org.apache.nifi.security.util.crypto.PasswordBasedEncryptorGroovyTest - Generated legacy salt aaaaaaaaaaaaaaaaaaaaaaaaaaaaaaaa (16)
[main] INFO org.apache.nifi.security.util.crypto.PasswordBasedEncryptorGroovyTest - Cipher bytes: aa9a82c609c1d86d3eb32f25804d5ba215fe544899de8693cf9bf17d816b661b
[main] INFO org.apache.nifi.security.util.crypto.PasswordBasedEncryptorGroovyTest - Complete cipher stream: aaaaaaaaaaaaaaaaaaaaaaaaaaaaaaaaaa9a82c609c1d86d3eb32f25804d5ba215fe544899de8693cf9bf17d816b661b
[main] INFO org.apache.nifi.security.util.crypto.PasswordBasedEncryptorGroovyTest - Decrypted: 54686973206973206120706c61696e74657874206d6573736167652e
[main] INFO org.apache.nifi.security.util.crypto.PasswordBasedEncryptorGroovyTest - Recovered: This is a plaintext message.
[main] INFO org.apache.nifi.security.util.crypto.PasswordBasedEncryptorGroovyTest - Testing PBEWITHMD5ANDDES with expected salt size 8
[main] INFO org.apache.nifi.security.util.crypto.PasswordBasedEncryptorGroovyTest - Generated legacy salt aaaaaaaaaaaaaaaa (8)
[main] INFO org.apache.nifi.security.util.crypto.PasswordBasedEncryptorGroovyTest - Cipher bytes: a2fa0b557bfde3043408502a9f9af11d3104aec8c8fa65c22f89cb124b34a1f2
[main] INFO org.apache.nifi.security.util.crypto.PasswordBasedEncryptorGroovyTest - Complete cipher stream: aaaaaaaaaaaaaaaaa2fa0b557bfde3043408502a9f9af11d3104aec8c8fa65c22f89cb124b34a1f2
[main] INFO org.apache.nifi.security.util.crypto.PasswordBasedEncryptorGroovyTest - Decrypted: 54686973206973206120706c61696e74657874206d6573736167652e
[main] INFO org.apache.nifi.security.util.crypto.PasswordBasedEncryptorGroovyTest - Recovered: This is a plaintext message.
[main] INFO org.apache.nifi.security.util.crypto.PasswordBasedEncryptorGroovyTest - Testing PBEWITHMD5ANDRC2 with expected salt size 8
[main] INFO org.apache.nifi.security.util.crypto.PasswordBasedEncryptorGroovyTest - Generated legacy salt aaaaaaaaaaaaaaaa (8)
[main] INFO org.apache.nifi.security.util.crypto.PasswordBasedEncryptorGroovyTest - Cipher bytes: 84515a858f99a8e64496737f1888333d2f310602b6e0e8d8aa1ede5bbd22967d
[main] INFO org.apache.nifi.security.util.crypto.PasswordBasedEncryptorGroovyTest - Complete cipher stream: aaaaaaaaaaaaaaaa84515a858f99a8e64496737f1888333d2f310602b6e0e8d8aa1ede5bbd22967d
[main] INFO org.apache.nifi.security.util.crypto.PasswordBasedEncryptorGroovyTest - Decrypted: 54686973206973206120706c61696e74657874206d6573736167652e
[main] INFO org.apache.nifi.security.util.crypto.PasswordBasedEncryptorGroovyTest - Recovered: This is a plaintext message.
[main] INFO org.apache.nifi.security.util.crypto.PasswordBasedEncryptorGroovyTest - Testing PBEWITHSHA1ANDRC2 with expected salt size 8
[main] INFO org.apache.nifi.security.util.crypto.PasswordBasedEncryptorGroovyTest - Generated legacy salt aaaaaaaaaaaaaaaa (8)
[main] INFO org.apache.nifi.security.util.crypto.PasswordBasedEncryptorGroovyTest - Cipher bytes: 45a936e64e5f637dc5a75e6799daf62eb60943acce274f51ef727bce3966c53b
[main] INFO org.apache.nifi.security.util.crypto.PasswordBasedEncryptorGroovyTest - Complete cipher stream: aaaaaaaaaaaaaaaa45a936e64e5f637dc5a75e6799daf62eb60943acce274f51ef727bce3966c53b
[main] INFO org.apache.nifi.security.util.crypto.PasswordBasedEncryptorGroovyTest - Decrypted: 54686973206973206120706c61696e74657874206d6573736167652e
[main] INFO org.apache.nifi.security.util.crypto.PasswordBasedEncryptorGroovyTest - Recovered: This is a plaintext message.
[main] INFO org.apache.nifi.security.util.crypto.PasswordBasedEncryptorGroovyTest - Testing PBEWITHSHA1ANDDES with expected salt size 8
[main] INFO org.apache.nifi.security.util.crypto.PasswordBasedEncryptorGroovyTest - Generated legacy salt aaaaaaaaaaaaaaaa (8)
[main] INFO org.apache.nifi.security.util.crypto.PasswordBasedEncryptorGroovyTest - Cipher bytes: e7dd098e335bfd9209054f55ef8809ff98b64a104be9ff56af1db3600bafd543
[main] INFO org.apache.nifi.security.util.crypto.PasswordBasedEncryptorGroovyTest - Complete cipher stream: aaaaaaaaaaaaaaaae7dd098e335bfd9209054f55ef8809ff98b64a104be9ff56af1db3600bafd543
[main] INFO org.apache.nifi.security.util.crypto.PasswordBasedEncryptorGroovyTest - Decrypted: 54686973206973206120706c61696e74657874206d6573736167652e
[main] INFO org.apache.nifi.security.util.crypto.PasswordBasedEncryptorGroovyTest - Recovered: This is a plaintext message.
[main] INFO org.apache.nifi.security.util.crypto.PasswordBasedEncryptorGroovyTest - Testing PBEWITHSHAAND40BITRC2-CBC with expected salt size 8
[main] INFO org.apache.nifi.security.util.crypto.PasswordBasedEncryptorGroovyTest - Generated legacy salt aaaaaaaaaaaaaaaa (8)
[main] INFO org.apache.nifi.security.util.crypto.PasswordBasedEncryptorGroovyTest - Cipher bytes: bfeadb2bb03e2e1961f5d01cfc812ca66a3adcb14e6b40a8aff3d059ae8cd235
[main] INFO org.apache.nifi.security.util.crypto.PasswordBasedEncryptorGroovyTest - Complete cipher stream: aaaaaaaaaaaaaaaabfeadb2bb03e2e1961f5d01cfc812ca66a3adcb14e6b40a8aff3d059ae8cd235
[main] INFO org.apache.nifi.security.util.crypto.PasswordBasedEncryptorGroovyTest - Decrypted: 54686973206973206120706c61696e74657874206d6573736167652e
[main] INFO org.apache.nifi.security.util.crypto.PasswordBasedEncryptorGroovyTest - Recovered: This is a plaintext message.
[main] INFO org.apache.nifi.security.util.crypto.PasswordBasedEncryptorGroovyTest - Testing PBEWITHSHAAND128BITRC2-CBC with expected salt size 8
[main] INFO org.apache.nifi.security.util.crypto.PasswordBasedEncryptorGroovyTest - Generated legacy salt aaaaaaaaaaaaaaaa (8)
[main] INFO org.apache.nifi.security.util.crypto.PasswordBasedEncryptorGroovyTest - Cipher bytes: 067061440d920200a7981c50e717ef436f445cd7b79a6e33bed12b3a419e556b
[main] INFO org.apache.nifi.security.util.crypto.PasswordBasedEncryptorGroovyTest - Complete cipher stream: aaaaaaaaaaaaaaaa067061440d920200a7981c50e717ef436f445cd7b79a6e33bed12b3a419e556b
[main] INFO org.apache.nifi.security.util.crypto.PasswordBasedEncryptorGroovyTest - Decrypted: 54686973206973206120706c61696e74657874206d6573736167652e
[main] INFO org.apache.nifi.security.util.crypto.PasswordBasedEncryptorGroovyTest - Recovered: This is a plaintext message.
[main] INFO org.apache.nifi.security.util.crypto.PasswordBasedEncryptorGroovyTest - Testing PBEWITHSHAAND2-KEYTRIPLEDES-CBC with expected salt size 8
[main] INFO org.apache.nifi.security.util.crypto.PasswordBasedEncryptorGroovyTest - Generated legacy salt aaaaaaaaaaaaaaaa (8)
[main] INFO org.apache.nifi.security.util.crypto.PasswordBasedEncryptorGroovyTest - Cipher bytes: 2f6a7400eb14da01da22a16a90ffbd8814fb266aaef6150a171cecb3890c4c8b
[main] INFO org.apache.nifi.security.util.crypto.PasswordBasedEncryptorGroovyTest - Complete cipher stream: aaaaaaaaaaaaaaaa2f6a7400eb14da01da22a16a90ffbd8814fb266aaef6150a171cecb3890c4c8b
[main] INFO org.apache.nifi.security.util.crypto.PasswordBasedEncryptorGroovyTest - Decrypted: 54686973206973206120706c61696e74657874206d6573736167652e
[main] INFO org.apache.nifi.security.util.crypto.PasswordBasedEncryptorGroovyTest - Recovered: This is a plaintext message.
[main] INFO org.apache.nifi.security.util.crypto.PasswordBasedEncryptorGroovyTest - Testing PBEWITHSHAAND3-KEYTRIPLEDES-CBC with expected salt size 8
[main] INFO org.apache.nifi.security.util.crypto.PasswordBasedEncryptorGroovyTest - Generated legacy salt aaaaaaaaaaaaaaaa (8)
[main] INFO org.apache.nifi.security.util.crypto.PasswordBasedEncryptorGroovyTest - Cipher bytes: 2c99500833becb928e67ddc10d5c098f3e784c73c89f246e849473e280ce3eed
[main] INFO org.apache.nifi.security.util.crypto.PasswordBasedEncryptorGroovyTest - Complete cipher stream: aaaaaaaaaaaaaaaa2c99500833becb928e67ddc10d5c098f3e784c73c89f246e849473e280ce3eed
[main] INFO org.apache.nifi.security.util.crypto.PasswordBasedEncryptorGroovyTest - Decrypted: 54686973206973206120706c61696e74657874206d6573736167652e
[main] INFO org.apache.nifi.security.util.crypto.PasswordBasedEncryptorGroovyTest - Recovered: This is a plaintext message.
[main] INFO org.apache.nifi.security.util.crypto.PasswordBasedEncryptorGroovyTest - Testing PBEWITHSHAAND40BITRC4 with expected salt size 8
[main] INFO org.apache.nifi.security.util.crypto.PasswordBasedEncryptorGroovyTest - Generated legacy salt aaaaaaaaaaaaaaaa (8)
[main] INFO org.apache.nifi.security.util.crypto.PasswordBasedEncryptorGroovyTest - Cipher bytes: f38bf6065539f447a53617e44f8d4d240d18ae10c0ad1416d9ec74a7
[main] INFO org.apache.nifi.security.util.crypto.PasswordBasedEncryptorGroovyTest - Complete cipher stream: aaaaaaaaaaaaaaaaf38bf6065539f447a53617e44f8d4d240d18ae10c0ad1416d9ec74a7
[main] INFO org.apache.nifi.security.util.crypto.PasswordBasedEncryptorGroovyTest - Decrypted: 54686973206973206120706c61696e74657874206d6573736167652e
[main] INFO org.apache.nifi.security.util.crypto.PasswordBasedEncryptorGroovyTest - Recovered: This is a plaintext message.
[main] INFO org.apache.nifi.security.util.crypto.PasswordBasedEncryptorGroovyTest - Testing PBEWITHSHAAND128BITRC4 with expected salt size 8
[main] INFO org.apache.nifi.security.util.crypto.PasswordBasedEncryptorGroovyTest - Generated legacy salt aaaaaaaaaaaaaaaa (8)
[main] INFO org.apache.nifi.security.util.crypto.PasswordBasedEncryptorGroovyTest - Cipher bytes: cb74aea624fa11a4c65987f22e3a3b3f77820df62449b748bc697c99
[main] INFO org.apache.nifi.security.util.crypto.PasswordBasedEncryptorGroovyTest - Complete cipher stream: aaaaaaaaaaaaaaaacb74aea624fa11a4c65987f22e3a3b3f77820df62449b748bc697c99
[main] INFO org.apache.nifi.security.util.crypto.PasswordBasedEncryptorGroovyTest - Decrypted: 54686973206973206120706c61696e74657874206d6573736167652e
[main] INFO org.apache.nifi.security.util.crypto.PasswordBasedEncryptorGroovyTest - Recovered: This is a plaintext message.
]]></system-err>
  </testcase>
  <testcase name="testBcryptDecryptShouldSupportLegacyKeyDerivationProcess" classname="org.apache.nifi.security.util.crypto.PasswordBasedEncryptorGroovyTest" time="1.201">
    <system-err><![CDATA[[main] INFO org.apache.nifi.security.util.crypto.PasswordBasedEncryptorGroovyTest - Plaintext: This is a plaintext message. 
[main] INFO org.apache.nifi.security.util.crypto.PasswordBasedEncryptorGroovyTest - [TEST] Using fixed Bcrypt salt: $2a$12$C4.OumROu.h.A3xwH0d/..
[main] DEBUG org.apache.nifi.security.util.crypto.BcryptSecureHasher - Creating Bcrypt hash with salt [13a010c284d0c008c00b9cf22767c100] (16 bytes)
[main] DEBUG org.apache.nifi.security.util.crypto.BcryptSecureHasher - Generated Bcrypt hash in 310 ms
[main] INFO org.apache.nifi.security.util.crypto.PasswordBasedEncryptorGroovyTest - [TEST] Raw hash output (60): 2432612431322443342e4f756d524f752e682e413378774830642f2e2e4850652e314278783558516c354d42335178346a666a6330307665726a7447
[main] INFO org.apache.nifi.security.util.crypto.PasswordBasedEncryptorGroovyTest - [TEST] Key digest (64): 54e1f9b5d0792b4d294b5ae8e78e556e9eef81d8429506d6418df59abe957c3882d887f74084da730e0428a486e65eb83c7b54c2f2330e592e6d1e06f0e16854
[main] INFO org.apache.nifi.security.util.crypto.PasswordBasedEncryptorGroovyTest - [TEST] Derived key (16): 54e1f9b5d0792b4d294b5ae8e78e556e
[main] DEBUG org.apache.nifi.security.util.crypto.BcryptSecureHasher - Creating Bcrypt hash with salt [7bf1f5987bf100ece7f1d2d8f19b4780] (16 bytes)
[main] DEBUG org.apache.nifi.security.util.crypto.BcryptSecureHasher - Generated Bcrypt hash in 283 ms
[main] WARN org.apache.nifi.security.util.crypto.KeyDerivationBcryptSecureHasher - Using Legacy Key Derivation on bcrypt hash including cost and salt
[main] WARN org.apache.nifi.security.util.crypto.AESKeyedCipherProvider - An empty IV was provided of length 16 for encryption
[main] WARN org.apache.nifi.security.util.crypto.AESKeyedCipherProvider - Generating new IV. The value can be obtained in the calling code by invoking 'cipher.getIV()';
[main] INFO org.apache.nifi.security.util.crypto.PasswordBasedEncryptorGroovyTest - Cipher text (91): 243261243132246339467a6b4674762e4d786c36624a5736587246652e4e69466953414c54c779dd03a6061bb2ac02c02cff038ea74e69466949568ad8028e066bff847fba078b3c3fbec76db2e52fd8b57f641db3817505b9b1e1
[main] DEBUG org.apache.nifi.security.util.crypto.BcryptSecureHasher - Creating Bcrypt hash with salt [7bf1f5987bf100ece7f1d2d8f19b4780] (16 bytes)
[main] DEBUG org.apache.nifi.security.util.crypto.BcryptSecureHasher - Generated Bcrypt hash in 283 ms
[main] WARN org.apache.nifi.security.util.crypto.PasswordBasedEncryptor - Error decrypting content using Bcrypt-derived key; attempting legacy key derivation for backward compatibility
[main] DEBUG org.apache.nifi.security.util.crypto.BcryptSecureHasher - Creating Bcrypt hash with salt [7bf1f5987bf100ece7f1d2d8f19b4780] (16 bytes)
[main] DEBUG org.apache.nifi.security.util.crypto.BcryptSecureHasher - Generated Bcrypt hash in 282 ms
[main] WARN org.apache.nifi.security.util.crypto.KeyDerivationBcryptSecureHasher - Using Legacy Key Derivation on bcrypt hash including cost and salt
[main] INFO org.apache.nifi.security.util.crypto.PasswordBasedEncryptorGroovyTest - Plaintext (29): This is a plaintext message. 
]]></system-err>
  </testcase>
  <testcase name="testScryptSaltShouldBe16Bytes" classname="org.apache.nifi.security.util.crypto.PasswordBasedEncryptorGroovyTest" time="0.146">
    <system-err><![CDATA[[main] INFO org.apache.nifi.security.util.crypto.PasswordBasedEncryptorGroovyTest - Plaintext: This is a plaintext message. 
[main] DEBUG org.apache.nifi.security.util.crypto.ScryptSecureHasher - Calculated maximum p value as (2^32 - 1) * 32 [137438953440] / (128 * r) [1024] = 134217727
[main] DEBUG org.apache.nifi.security.util.crypto.ScryptSecureHasher - Creating 16 byte Scrypt hash with salt [57782744d9d12acd5b5c8cec63f510f4]
[main] DEBUG org.apache.nifi.security.util.crypto.ScryptSecureHasher - Generated Scrypt hash in 136 ms
[main] WARN org.apache.nifi.security.util.crypto.AESKeyedCipherProvider - An IV was provided of length 0 bytes for encryption but should be 16 bytes
[main] WARN org.apache.nifi.security.util.crypto.AESKeyedCipherProvider - Generating new IV. The value can be obtained in the calling code by invoking 'cipher.getIV()';
[main] INFO org.apache.nifi.security.util.crypto.PasswordBasedEncryptorGroovyTest - Cipher text (94): 247330246530383031245633676e524e6e524b73316258497a73592f555139414e69466953414c54d975dde14974f3bebbabe7ae1aab6dce4e6946694956cb860bf54cbc4d442fabe3476825f6479eb57b4cec7afbd7c6f9edc2c10de567
[main] INFO org.apache.nifi.security.util.crypto.PasswordBasedEncryptorGroovyTest - IV delimiter starts at 56
[main] INFO org.apache.nifi.processors.standard.TestEncryptContentGroovy - Salt delimiter starts at 32
[main] INFO org.apache.nifi.processors.standard.TestEncryptContentGroovy - Extracted full salt (32): $s0$e0801$V3gnRNnRKs1bXIzsY/UQ9A
[main] INFO org.apache.nifi.processors.standard.TestEncryptContentGroovy - Full salt (32): 247330246530383031245633676e524e6e524b73316258497a73592f55513941
[main] INFO org.apache.nifi.processors.standard.TestEncryptContentGroovy - Raw salt (16): 57782744d9d12acd5b5c8cec63f510f4
[main] INFO org.apache.nifi.processors.standard.TestEncryptContentGroovy - Extracted expected raw salt (hex): 57782744d9d12acd5b5c8cec63f510f4
[main] INFO org.apache.nifi.security.util.crypto.PasswordBasedEncryptorGroovyTest - Extracted expected raw salt (hex): 57782744d9d12acd5b5c8cec63f510f4
[main] INFO org.apache.nifi.processors.standard.TestEncryptContentGroovy - Attribute: encryptcontent.action            : encrypted
[main] INFO org.apache.nifi.processors.standard.TestEncryptContentGroovy - Attribute: encryptcontent.algorithm         : AES_CBC
[main] INFO org.apache.nifi.processors.standard.TestEncryptContentGroovy - Attribute: encryptcontent.cipher_text_length: 94
[main] INFO org.apache.nifi.processors.standard.TestEncryptContentGroovy - Attribute: encryptcontent.iv                : d975dde14974f3bebbabe7ae1aab6dce
[main] INFO org.apache.nifi.processors.standard.TestEncryptContentGroovy - Attribute: encryptcontent.iv_length         : 16
[main] INFO org.apache.nifi.processors.standard.TestEncryptContentGroovy - Attribute: encryptcontent.kdf               : SCRYPT
[main] INFO org.apache.nifi.processors.standard.TestEncryptContentGroovy - Attribute: encryptcontent.kdf_salt          : $s0$e0801$V3gnRNnRKs1bXIzsY/UQ9A
[main] INFO org.apache.nifi.processors.standard.TestEncryptContentGroovy - Attribute: encryptcontent.kdf_salt_length   : 32
[main] INFO org.apache.nifi.processors.standard.TestEncryptContentGroovy - Attribute: encryptcontent.plaintext_length  : 29
[main] INFO org.apache.nifi.processors.standard.TestEncryptContentGroovy - Attribute: encryptcontent.salt              : 57782744d9d12acd5b5c8cec63f510f4
[main] INFO org.apache.nifi.processors.standard.TestEncryptContentGroovy - Attribute: encryptcontent.salt_length       : 16
[main] INFO org.apache.nifi.processors.standard.TestEncryptContentGroovy - Attribute: encryptcontent.timestamp         : 2024-05-02 02:24:20.676 +0100
[main] INFO org.apache.nifi.processors.standard.TestEncryptContentGroovy - Provided timestamp 2024-05-02 02:24:20.681 +0100 -> (ms): 1714613060681
[main] INFO org.apache.nifi.processors.standard.TestEncryptContentGroovy - Parsed timestamp   2024-05-02 02:24:20.676 +0100 -> (ms): 1714613060676
]]></system-err>
  </testcase>
  <testcase name="testShouldDecryptLegacyOpenSSLUnsaltedCipherText" classname="org.apache.nifi.security.util.crypto.PasswordBasedEncryptorGroovyTest" time="0.001">
    <system-err><![CDATA[[main] INFO org.apache.nifi.security.util.crypto.PasswordBasedEncryptorGroovyTest - Plaintext: This is a plaintext message.
[main] INFO org.apache.nifi.security.util.crypto.PasswordBasedEncryptorGroovyTest - Cipher bytes: c6a76d56753fc46f66347c06de9927833596de0b7fe8e41968ec6dd7b42e00a6
[main] INFO org.apache.nifi.security.util.crypto.PasswordBasedEncryptorGroovyTest - Recovered: This is a plaintext message.
]]></system-err>
  </testcase>
  <testcase name="testBcryptKDFShouldNotAddOutputBytes" classname="org.apache.nifi.security.util.crypto.PasswordBasedEncryptorGroovyTest" time="0.57">
    <system-err><![CDATA[[main] INFO org.apache.nifi.security.util.crypto.PasswordBasedEncryptorGroovyTest - Plaintext: This is a plaintext message.This is a plaintext message.This is a plaintext message.This is a plaintext message.
[main] INFO org.apache.nifi.security.util.crypto.PasswordBasedEncryptorGroovyTest - Expected total cipher byte count: 187
[main] INFO org.apache.nifi.security.util.crypto.PasswordBasedEncryptorGroovyTest - Using Bcrypt and AES_CBC
[main] DEBUG org.apache.nifi.security.util.crypto.BcryptSecureHasher - Creating Bcrypt hash with salt [6f35e86d3755b158b22a8fbc99e1488c] (16 bytes)
[main] DEBUG org.apache.nifi.security.util.crypto.BcryptSecureHasher - Generated Bcrypt hash in 282 ms
[main] WARN org.apache.nifi.security.util.crypto.AESKeyedCipherProvider - An IV was provided of length 0 bytes for encryption but should be 16 bytes
[main] WARN org.apache.nifi.security.util.crypto.AESKeyedCipherProvider - Generating new IV. The value can be obtained in the calling code by invoking 'cipher.getIV()';
[main] INFO org.apache.nifi.security.util.crypto.PasswordBasedEncryptorGroovyTest - Encrypted (187): 243261243132245a78566d5a52625471546777496d38366b634447682e4e69466953414c54d76ecef147efb0b3718310b0803b6c3e4e6946694956d0aad267ad25083af06685c0bb54c3296a4a63740bfb70b15111b78f76328c6afd75bd19cb31802cfea9349d43a5a0d6b8f4174e52953158876cb7b3322043c5255a3f409930805afe425631135ff1a38db1392ef308e9c75f6282e776305cb2e99208a72dd06fdb61a83ab78b132679b0f6eb890bfc857e53a5bf6118da1da4
[main] DEBUG org.apache.nifi.security.util.crypto.BcryptSecureHasher - Creating Bcrypt hash with salt [6f35e86d3755b158b22a8fbc99e1488c] (16 bytes)
[main] DEBUG org.apache.nifi.security.util.crypto.BcryptSecureHasher - Generated Bcrypt hash in 282 ms
[main] INFO org.apache.nifi.security.util.crypto.PasswordBasedEncryptorGroovyTest - Recovered (112): 54686973206973206120706c61696e74657874206d6573736167652e54686973206973206120706c61696e74657874206d6573736167652e54686973206973206120706c61696e74657874206d6573736167652e54686973206973206120706c61696e74657874206d6573736167652e
[main] INFO org.apache.nifi.security.util.crypto.PasswordBasedEncryptorGroovyTest - Recovered: This is a plaintext message.This is a plaintext message.This is a plaintext message.This is a plaintext message.


]]></system-err>
  </testcase>
  <testcase name="testShouldWriteEncryptionMetadataAttributesForKDFs" classname="org.apache.nifi.security.util.crypto.PasswordBasedEncryptorGroovyTest" time="1.088">
    <system-err><![CDATA[[main] INFO org.apache.nifi.security.util.crypto.PasswordBasedEncryptorGroovyTest - Plaintext: This is a plaintext message. 
[main] DEBUG org.apache.nifi.security.util.crypto.BcryptSecureHasher - Creating Bcrypt hash with salt [051d7a69d6465c981c32d1f5c8f1b801] (16 bytes)
[main] DEBUG org.apache.nifi.security.util.crypto.BcryptSecureHasher - Generated Bcrypt hash in 282 ms
[main] WARN org.apache.nifi.security.util.crypto.AESKeyedCipherProvider - An IV was provided of length 0 bytes for encryption but should be 16 bytes
[main] WARN org.apache.nifi.security.util.crypto.AESKeyedCipherProvider - Generating new IV. The value can be obtained in the calling code by invoking 'cipher.getIV()';
[main] INFO org.apache.nifi.security.util.crypto.PasswordBasedEncryptorGroovyTest - Cipher text (91): 243261243132242f507a3459625845564865614b72467a774e45322e4f4e69466953414c540fa7e7423d402ec935fc72ab606ea4494e6946694956c74d84f03840e1149e18bcedce4dd8beb2ece9bad1684fc178d14ed8f6d3b903
[main] INFO org.apache.nifi.security.util.crypto.PasswordBasedEncryptorGroovyTest - IV delimiter starts at 53
[main] INFO org.apache.nifi.processors.standard.TestEncryptContentGroovy - Salt delimiter starts at 29
[main] INFO org.apache.nifi.processors.standard.TestEncryptContentGroovy - Extracted full salt (29): $2a$12$/Pz4YbXEVHeaKrFzwNE2.O
[main] INFO org.apache.nifi.processors.standard.TestEncryptContentGroovy - Full salt (29): 243261243132242f507a3459625845564865614b72467a774e45322e4f
[main] INFO org.apache.nifi.processors.standard.TestEncryptContentGroovy - Raw salt (16): 051d7a69d6465c981c32d1f5c8f1b801
[main] INFO org.apache.nifi.processors.standard.TestEncryptContentGroovy - Extracted expected raw salt (hex): 051d7a69d6465c981c32d1f5c8f1b801
[main] INFO org.apache.nifi.security.util.crypto.PasswordBasedEncryptorGroovyTest - Extracted expected raw salt (hex): 051d7a69d6465c981c32d1f5c8f1b801
[main] INFO org.apache.nifi.processors.standard.TestEncryptContentGroovy - Attribute: encryptcontent.action            : encrypted
[main] INFO org.apache.nifi.processors.standard.TestEncryptContentGroovy - Attribute: encryptcontent.algorithm         : AES_CBC
[main] INFO org.apache.nifi.processors.standard.TestEncryptContentGroovy - Attribute: encryptcontent.cipher_text_length: 91
[main] INFO org.apache.nifi.processors.standard.TestEncryptContentGroovy - Attribute: encryptcontent.iv                : 0fa7e7423d402ec935fc72ab606ea449
[main] INFO org.apache.nifi.processors.standard.TestEncryptContentGroovy - Attribute: encryptcontent.iv_length         : 16
[main] INFO org.apache.nifi.processors.standard.TestEncryptContentGroovy - Attribute: encryptcontent.kdf               : BCRYPT
[main] INFO org.apache.nifi.processors.standard.TestEncryptContentGroovy - Attribute: encryptcontent.kdf_salt          : $2a$12$/Pz4YbXEVHeaKrFzwNE2.O
[main] INFO org.apache.nifi.processors.standard.TestEncryptContentGroovy - Attribute: encryptcontent.kdf_salt_length   : 29
[main] INFO org.apache.nifi.processors.standard.TestEncryptContentGroovy - Attribute: encryptcontent.plaintext_length  : 29
[main] INFO org.apache.nifi.processors.standard.TestEncryptContentGroovy - Attribute: encryptcontent.salt              : 051d7a69d6465c981c32d1f5c8f1b801
[main] INFO org.apache.nifi.processors.standard.TestEncryptContentGroovy - Attribute: encryptcontent.salt_length       : 16
[main] INFO org.apache.nifi.processors.standard.TestEncryptContentGroovy - Attribute: encryptcontent.timestamp         : 2024-05-02 02:24:21.539 +0100
[main] INFO org.apache.nifi.processors.standard.TestEncryptContentGroovy - Provided timestamp 2024-05-02 02:24:21.540 +0100 -> (ms): 1714613061540
[main] INFO org.apache.nifi.processors.standard.TestEncryptContentGroovy - Parsed timestamp   2024-05-02 02:24:21.539 +0100 -> (ms): 1714613061539
[main] DEBUG org.apache.nifi.security.util.crypto.ScryptSecureHasher - Calculated maximum p value as (2^32 - 1) * 32 [137438953440] / (128 * r) [1024] = 134217727
[main] DEBUG org.apache.nifi.security.util.crypto.ScryptSecureHasher - Creating 16 byte Scrypt hash with salt [2fd944b94c72a76c318055b096a0e651]
[main] DEBUG org.apache.nifi.security.util.crypto.ScryptSecureHasher - Generated Scrypt hash in 113 ms
[main] WARN org.apache.nifi.security.util.crypto.AESKeyedCipherProvider - An IV was provided of length 0 bytes for encryption but should be 16 bytes
[main] WARN org.apache.nifi.security.util.crypto.AESKeyedCipherProvider - Generating new IV. The value can be obtained in the calling code by invoking 'cipher.getIV()';
[main] INFO org.apache.nifi.security.util.crypto.PasswordBasedEncryptorGroovyTest - Cipher text (94): 247330246530383031244c396c457555787970327778674657776c71446d55514e69466953414c54ee3f9257c4ebd7cc4168ab286e83855e4e69466949565627079c04d476fa8246b3220a3a292ca09145db06480d4437a6a69a566572f4
[main] INFO org.apache.nifi.security.util.crypto.PasswordBasedEncryptorGroovyTest - IV delimiter starts at 56
[main] INFO org.apache.nifi.processors.standard.TestEncryptContentGroovy - Salt delimiter starts at 32
[main] INFO org.apache.nifi.processors.standard.TestEncryptContentGroovy - Extracted full salt (32): $s0$e0801$L9lEuUxyp2wxgFWwlqDmUQ
[main] INFO org.apache.nifi.processors.standard.TestEncryptContentGroovy - Full salt (32): 247330246530383031244c396c457555787970327778674657776c71446d5551
[main] INFO org.apache.nifi.processors.standard.TestEncryptContentGroovy - Raw salt (16): 2fd944b94c72a76c318055b096a0e651
[main] INFO org.apache.nifi.processors.standard.TestEncryptContentGroovy - Extracted expected raw salt (hex): 2fd944b94c72a76c318055b096a0e651
[main] INFO org.apache.nifi.security.util.crypto.PasswordBasedEncryptorGroovyTest - Extracted expected raw salt (hex): 2fd944b94c72a76c318055b096a0e651
[main] INFO org.apache.nifi.processors.standard.TestEncryptContentGroovy - Attribute: encryptcontent.action            : encrypted
[main] INFO org.apache.nifi.processors.standard.TestEncryptContentGroovy - Attribute: encryptcontent.algorithm         : AES_CBC
[main] INFO org.apache.nifi.processors.standard.TestEncryptContentGroovy - Attribute: encryptcontent.cipher_text_length: 94
[main] INFO org.apache.nifi.processors.standard.TestEncryptContentGroovy - Attribute: encryptcontent.iv                : ee3f9257c4ebd7cc4168ab286e83855e
[main] INFO org.apache.nifi.processors.standard.TestEncryptContentGroovy - Attribute: encryptcontent.iv_length         : 16
[main] INFO org.apache.nifi.processors.standard.TestEncryptContentGroovy - Attribute: encryptcontent.kdf               : SCRYPT
[main] INFO org.apache.nifi.processors.standard.TestEncryptContentGroovy - Attribute: encryptcontent.kdf_salt          : $s0$e0801$L9lEuUxyp2wxgFWwlqDmUQ
[main] INFO org.apache.nifi.processors.standard.TestEncryptContentGroovy - Attribute: encryptcontent.kdf_salt_length   : 32
[main] INFO org.apache.nifi.processors.standard.TestEncryptContentGroovy - Attribute: encryptcontent.plaintext_length  : 29
[main] INFO org.apache.nifi.processors.standard.TestEncryptContentGroovy - Attribute: encryptcontent.salt              : 2fd944b94c72a76c318055b096a0e651
[main] INFO org.apache.nifi.processors.standard.TestEncryptContentGroovy - Attribute: encryptcontent.salt_length       : 16
[main] INFO org.apache.nifi.processors.standard.TestEncryptContentGroovy - Attribute: encryptcontent.timestamp         : 2024-05-02 02:24:21.654 +0100
[main] INFO org.apache.nifi.processors.standard.TestEncryptContentGroovy - Provided timestamp 2024-05-02 02:24:21.655 +0100 -> (ms): 1714613061655
[main] INFO org.apache.nifi.processors.standard.TestEncryptContentGroovy - Parsed timestamp   2024-05-02 02:24:21.654 +0100 -> (ms): 1714613061654
[main] DEBUG org.apache.nifi.security.util.crypto.PBKDF2CipherProvider - Resolved PRF SHA-512 to sha512
[main] DEBUG org.apache.nifi.security.util.crypto.PBKDF2SecureHasher - Validating PBKDF2 secure hasher with prf SHA-512, iteration count 160000, salt length 16 bytes, output length 16 bytes
[main] DEBUG org.apache.nifi.security.util.crypto.PBKDF2SecureHasher - Resolved PRF SHA-512 to sha512
[main] DEBUG org.apache.nifi.security.util.crypto.PBKDF2SecureHasher - The PRF is SHA-512, with a digest size (hLen) of 64 bytes
[main] DEBUG org.apache.nifi.security.util.crypto.PBKDF2SecureHasher - The max dkLength is 2147483647 bytes for hLen 64 bytes.
[main] DEBUG org.apache.nifi.security.util.crypto.PBKDF2SecureHasher - Resolved PRF SHA-512 to sha512
[main] DEBUG org.apache.nifi.security.util.crypto.PBKDF2SecureHasher - Creating PBKDF2 hash with salt [594ce7eb3982f5848ae55d9493f6cb1f] (16 bytes)
[main] DEBUG org.apache.nifi.security.util.crypto.PBKDF2SecureHasher - Generated PBKDF2 hash in 310 ms
[main] WARN org.apache.nifi.security.util.crypto.AESKeyedCipherProvider - An IV was provided of length 0 bytes for encryption but should be 16 bytes
[main] WARN org.apache.nifi.security.util.crypto.AESKeyedCipherProvider - Generating new IV. The value can be obtained in the calling code by invoking 'cipher.getIV()';
[main] INFO org.apache.nifi.security.util.crypto.PasswordBasedEncryptorGroovyTest - Cipher text (78): 594ce7eb3982f5848ae55d9493f6cb1f4e69466953414c545ede2098f5af86d99f763a2e34c238ed4e694669495633461c8899167c3461f9d4aee007659f30adbabf8cfe63a0b6fdd822bcbd8b45
[main] INFO org.apache.nifi.security.util.crypto.PasswordBasedEncryptorGroovyTest - IV delimiter starts at 40
[main] INFO org.apache.nifi.processors.standard.TestEncryptContentGroovy - Salt delimiter starts at 16
[main] INFO org.apache.nifi.processors.standard.TestEncryptContentGroovy - Extracted full salt (16): YL��9�����]����&amp#31;
[main] INFO org.apache.nifi.processors.standard.TestEncryptContentGroovy - Full salt (16): 594ce7eb3982f5848ae55d9493f6cb1f
[main] INFO org.apache.nifi.processors.standard.TestEncryptContentGroovy - Raw salt (16): 594ce7eb3982f5848ae55d9493f6cb1f
[main] INFO org.apache.nifi.processors.standard.TestEncryptContentGroovy - Extracted expected raw salt (hex): 594ce7eb3982f5848ae55d9493f6cb1f
[main] INFO org.apache.nifi.security.util.crypto.PasswordBasedEncryptorGroovyTest - Extracted expected raw salt (hex): 594ce7eb3982f5848ae55d9493f6cb1f
[main] INFO org.apache.nifi.processors.standard.TestEncryptContentGroovy - Attribute: encryptcontent.action            : encrypted
[main] INFO org.apache.nifi.processors.standard.TestEncryptContentGroovy - Attribute: encryptcontent.algorithm         : AES_CBC
[main] INFO org.apache.nifi.processors.standard.TestEncryptContentGroovy - Attribute: encryptcontent.cipher_text_length: 78
[main] INFO org.apache.nifi.processors.standard.TestEncryptContentGroovy - Attribute: encryptcontent.iv                : 5ede2098f5af86d99f763a2e34c238ed
[main] INFO org.apache.nifi.processors.standard.TestEncryptContentGroovy - Attribute: encryptcontent.iv_length         : 16
[main] INFO org.apache.nifi.processors.standard.TestEncryptContentGroovy - Attribute: encryptcontent.kdf               : PBKDF2
[main] INFO org.apache.nifi.processors.standard.TestEncryptContentGroovy - Attribute: encryptcontent.pbkdf2_iterations : 160000
[main] INFO org.apache.nifi.processors.standard.TestEncryptContentGroovy - Attribute: encryptcontent.plaintext_length  : 29
[main] INFO org.apache.nifi.processors.standard.TestEncryptContentGroovy - Attribute: encryptcontent.salt              : 594ce7eb3982f5848ae55d9493f6cb1f
[main] INFO org.apache.nifi.processors.standard.TestEncryptContentGroovy - Attribute: encryptcontent.salt_length       : 16
[main] INFO org.apache.nifi.processors.standard.TestEncryptContentGroovy - Attribute: encryptcontent.timestamp         : 2024-05-02 02:24:21.968 +0100
[main] INFO org.apache.nifi.processors.standard.TestEncryptContentGroovy - Provided timestamp 2024-05-02 02:24:21.968 +0100 -> (ms): 1714613061968
[main] INFO org.apache.nifi.processors.standard.TestEncryptContentGroovy - Parsed timestamp   2024-05-02 02:24:21.968 +0100 -> (ms): 1714613061968
[main] WARN org.apache.nifi.security.util.crypto.AESKeyedCipherProvider - An IV was provided of length 0 bytes for encryption but should be 16 bytes
[main] WARN org.apache.nifi.security.util.crypto.AESKeyedCipherProvider - Generating new IV. The value can be obtained in the calling code by invoking 'cipher.getIV()';
[main] INFO org.apache.nifi.security.util.crypto.PasswordBasedEncryptorGroovyTest - Cipher text (115): 246172676f6e32696424763d3139246d3d36353533362c743d352c703d382465364c526a4f6b636e2f2b5a77477567445259516c414e69466953414c541585fb625a3bad954e2440b34627dd414e6946694956fc6fe514461c6134555482064a744fa8d6e5ede177b96e7bcacde692f76bc1a7
[main] INFO org.apache.nifi.security.util.crypto.PasswordBasedEncryptorGroovyTest - IV delimiter starts at 77
[main] INFO org.apache.nifi.processors.standard.TestEncryptContentGroovy - Salt delimiter starts at 53
[main] INFO org.apache.nifi.processors.standard.TestEncryptContentGroovy - Extracted full salt (53): $argon2id$v=19$m=65536,t=5,p=8$e6LRjOkcn/+ZwGugDRYQlA
[main] INFO org.apache.nifi.processors.standard.TestEncryptContentGroovy - Full salt (53): 246172676f6e32696424763d3139246d3d36353533362c743d352c703d382465364c526a4f6b636e2f2b5a77477567445259516c41
[main] INFO org.apache.nifi.processors.standard.TestEncryptContentGroovy - Raw salt (16): 7ba2d18ce91c9fff99c06ba00d161094
[main] INFO org.apache.nifi.processors.standard.TestEncryptContentGroovy - Extracted expected raw salt (hex): 7ba2d18ce91c9fff99c06ba00d161094
[main] INFO org.apache.nifi.security.util.crypto.PasswordBasedEncryptorGroovyTest - Extracted expected raw salt (hex): 7ba2d18ce91c9fff99c06ba00d161094
[main] INFO org.apache.nifi.processors.standard.TestEncryptContentGroovy - Attribute: encryptcontent.action            : encrypted
[main] INFO org.apache.nifi.processors.standard.TestEncryptContentGroovy - Attribute: encryptcontent.algorithm         : AES_CBC
[main] INFO org.apache.nifi.processors.standard.TestEncryptContentGroovy - Attribute: encryptcontent.cipher_text_length: 115
[main] INFO org.apache.nifi.processors.standard.TestEncryptContentGroovy - Attribute: encryptcontent.iv                : 1585fb625a3bad954e2440b34627dd41
[main] INFO org.apache.nifi.processors.standard.TestEncryptContentGroovy - Attribute: encryptcontent.iv_length         : 16
[main] INFO org.apache.nifi.processors.standard.TestEncryptContentGroovy - Attribute: encryptcontent.kdf               : ARGON2
[main] INFO org.apache.nifi.processors.standard.TestEncryptContentGroovy - Attribute: encryptcontent.kdf_salt          : $argon2id$v=19$m=65536,t=5,p=8$e6LRjOkcn/+ZwGugDRYQlA
[main] INFO org.apache.nifi.processors.standard.TestEncryptContentGroovy - Attribute: encryptcontent.kdf_salt_length   : 53
[main] INFO org.apache.nifi.processors.standard.TestEncryptContentGroovy - Attribute: encryptcontent.plaintext_length  : 29
[main] INFO org.apache.nifi.processors.standard.TestEncryptContentGroovy - Attribute: encryptcontent.salt              : 7ba2d18ce91c9fff99c06ba00d161094
[main] INFO org.apache.nifi.processors.standard.TestEncryptContentGroovy - Attribute: encryptcontent.salt_length       : 16
[main] INFO org.apache.nifi.processors.standard.TestEncryptContentGroovy - Attribute: encryptcontent.timestamp         : 2024-05-02 02:24:22.340 +0100
[main] INFO org.apache.nifi.processors.standard.TestEncryptContentGroovy - Provided timestamp 2024-05-02 02:24:22.341 +0100 -> (ms): 1714613062341
[main] INFO org.apache.nifi.processors.standard.TestEncryptContentGroovy - Parsed timestamp   2024-05-02 02:24:22.340 +0100 -> (ms): 1714613062340
]]></system-err>
  </testcase>
  <testcase name="testPBKDF2ShouldWriteIterationsAsAttribute" classname="org.apache.nifi.security.util.crypto.PasswordBasedEncryptorGroovyTest" time="0.221">
    <system-err><![CDATA[[main] INFO org.apache.nifi.security.util.crypto.PasswordBasedEncryptorGroovyTest - Plaintext: This is a plaintext message. 
[main] DEBUG org.apache.nifi.security.util.crypto.PBKDF2CipherProvider - Resolved PRF SHA-512 to sha512
[main] DEBUG org.apache.nifi.security.util.crypto.PBKDF2CipherProvider - Resolved PRF SHA-512 to sha512
[main] DEBUG org.apache.nifi.security.util.crypto.PBKDF2SecureHasher - Validating PBKDF2 secure hasher with prf SHA-512, iteration count 160000, salt length 16 bytes, output length 16 bytes
[main] DEBUG org.apache.nifi.security.util.crypto.PBKDF2SecureHasher - Resolved PRF SHA-512 to sha512
[main] DEBUG org.apache.nifi.security.util.crypto.PBKDF2SecureHasher - The PRF is SHA-512, with a digest size (hLen) of 64 bytes
[main] DEBUG org.apache.nifi.security.util.crypto.PBKDF2SecureHasher - The max dkLength is 2147483647 bytes for hLen 64 bytes.
[main] DEBUG org.apache.nifi.security.util.crypto.PBKDF2SecureHasher - Resolved PRF SHA-512 to sha512
[main] DEBUG org.apache.nifi.security.util.crypto.PBKDF2SecureHasher - Creating PBKDF2 hash with salt [3975329d1ad1fb41df61c616873fd1de] (16 bytes)
[main] DEBUG org.apache.nifi.security.util.crypto.PBKDF2SecureHasher - Generated PBKDF2 hash in 215 ms
[main] WARN org.apache.nifi.security.util.crypto.AESKeyedCipherProvider - An IV was provided of length 0 bytes for encryption but should be 16 bytes
[main] WARN org.apache.nifi.security.util.crypto.AESKeyedCipherProvider - Generating new IV. The value can be obtained in the calling code by invoking 'cipher.getIV()';
[main] INFO org.apache.nifi.security.util.crypto.PasswordBasedEncryptorGroovyTest - Cipher text (78): 3975329d1ad1fb41df61c616873fd1de4e69466953414c546a542e09c343aaded25fa0d6d68b40df4e6946694956536cfd72fcf80cf5002f8ebf247523a351037ba4fb3e459b56dd5fbac45b64e2
[main] INFO org.apache.nifi.processors.standard.TestEncryptContentGroovy - Attribute: encryptcontent.action            : encrypted
[main] INFO org.apache.nifi.processors.standard.TestEncryptContentGroovy - Attribute: encryptcontent.algorithm         : AES_CBC
[main] INFO org.apache.nifi.processors.standard.TestEncryptContentGroovy - Attribute: encryptcontent.cipher_text_length: 78
[main] INFO org.apache.nifi.processors.standard.TestEncryptContentGroovy - Attribute: encryptcontent.iv                : 6a542e09c343aaded25fa0d6d68b40df
[main] INFO org.apache.nifi.processors.standard.TestEncryptContentGroovy - Attribute: encryptcontent.iv_length         : 16
[main] INFO org.apache.nifi.processors.standard.TestEncryptContentGroovy - Attribute: encryptcontent.kdf               : PBKDF2
[main] INFO org.apache.nifi.processors.standard.TestEncryptContentGroovy - Attribute: encryptcontent.pbkdf2_iterations : 160000
[main] INFO org.apache.nifi.processors.standard.TestEncryptContentGroovy - Attribute: encryptcontent.plaintext_length  : 29
[main] INFO org.apache.nifi.processors.standard.TestEncryptContentGroovy - Attribute: encryptcontent.salt              : 3975329d1ad1fb41df61c616873fd1de
[main] INFO org.apache.nifi.processors.standard.TestEncryptContentGroovy - Attribute: encryptcontent.salt_length       : 16
[main] INFO org.apache.nifi.processors.standard.TestEncryptContentGroovy - Attribute: encryptcontent.timestamp         : 2024-05-02 02:24:22.561 +0100
]]></system-err>
  </testcase>
  <testcase name="testShouldDecryptLegacyOpenSSLSaltedCipherText" classname="org.apache.nifi.security.util.crypto.PasswordBasedEncryptorGroovyTest" time="0.001">
    <system-err><![CDATA[[main] INFO org.apache.nifi.security.util.crypto.PasswordBasedEncryptorGroovyTest - Plaintext: This is a plaintext message.
[main] INFO org.apache.nifi.security.util.crypto.PasswordBasedEncryptorGroovyTest - Cipher bytes: 53616c7465645f5f21438236c07935d1ee12efde908d967d0433e2fc242fcd73e24241af40c095833c5d7481d4c14cf8
[main] INFO org.apache.nifi.security.util.crypto.PasswordBasedEncryptorGroovyTest - Recovered: This is a plaintext message.
]]></system-err>
  </testcase>
  <testcase name="testShouldEncryptAndDecrypt" classname="org.apache.nifi.security.util.crypto.PasswordBasedEncryptorGroovyTest" time="1.251">
    <system-err><![CDATA[[main] INFO org.apache.nifi.security.util.crypto.PasswordBasedEncryptorGroovyTest - Plaintext: This is a plaintext message.
[main] INFO org.apache.nifi.security.util.crypto.PasswordBasedEncryptorGroovyTest - Using OpenSSL EVP_BytesToKey and MD5_128AES
[main] INFO org.apache.nifi.security.util.crypto.PasswordBasedEncryptorGroovyTest - Encrypted: 53616c7465645f5fd69161c6315ce6ea5ae6dfb21aac851b790416a2e1e0cd9876adf4713771895fdb79d921633f5852
[main] INFO org.apache.nifi.security.util.crypto.PasswordBasedEncryptorGroovyTest - Recovered: This is a plaintext message.


[main] INFO org.apache.nifi.security.util.crypto.PasswordBasedEncryptorGroovyTest - Using NiFi Legacy KDF and MD5_128AES
[main] INFO org.apache.nifi.security.util.crypto.PasswordBasedEncryptorGroovyTest - Encrypted: 97737bf17ebaf31452878707737e73a3f5d60d4e893ae3446f5835767baf66e367a948644930dad8dd3b19f8520e2dfa
[main] INFO org.apache.nifi.security.util.crypto.PasswordBasedEncryptorGroovyTest - Recovered: This is a plaintext message.


[main] INFO org.apache.nifi.security.util.crypto.PasswordBasedEncryptorGroovyTest - Using Bcrypt and AES_CBC
[main] DEBUG org.apache.nifi.security.util.crypto.BcryptSecureHasher - Creating Bcrypt hash with salt [6a7d7adb98f73f8a993523a7c6fce8f3] (16 bytes)
[main] DEBUG org.apache.nifi.security.util.crypto.BcryptSecureHasher - Generated Bcrypt hash in 293 ms
[main] WARN org.apache.nifi.security.util.crypto.AESKeyedCipherProvider - An IV was provided of length 0 bytes for encryption but should be 16 bytes
[main] WARN org.apache.nifi.security.util.crypto.AESKeyedCipherProvider - Generating new IV. The value can be obtained in the calling code by invoking 'cipher.getIV()';
[main] INFO org.apache.nifi.security.util.crypto.PasswordBasedEncryptorGroovyTest - Encrypted: 24326124313224596c7a34303368314e326f584c514d6c7674786d36754e69466953414c549277dd4b3a49080cb9d28e18efb18ec44e6946694956e06e0ee5bf44910868d1e51acb8582ec25c32cc62c3bb3a2d08cf8b96d6fcc4d
[main] DEBUG org.apache.nifi.security.util.crypto.BcryptSecureHasher - Creating Bcrypt hash with salt [6a7d7adb98f73f8a993523a7c6fce8f3] (16 bytes)
[main] DEBUG org.apache.nifi.security.util.crypto.BcryptSecureHasher - Generated Bcrypt hash in 281 ms
[main] INFO org.apache.nifi.security.util.crypto.PasswordBasedEncryptorGroovyTest - Recovered: This is a plaintext message.


[main] INFO org.apache.nifi.security.util.crypto.PasswordBasedEncryptorGroovyTest - Using Scrypt and AES_CBC
[main] DEBUG org.apache.nifi.security.util.crypto.ScryptSecureHasher - Calculated maximum p value as (2^32 - 1) * 32 [137438953440] / (128 * r) [1024] = 134217727
[main] DEBUG org.apache.nifi.security.util.crypto.ScryptSecureHasher - Creating 16 byte Scrypt hash with salt [e07cf29ace8a8666323b5206e88a1623]
[main] DEBUG org.apache.nifi.security.util.crypto.ScryptSecureHasher - Generated Scrypt hash in 111 ms
[main] WARN org.apache.nifi.security.util.crypto.AESKeyedCipherProvider - An IV was provided of length 0 bytes for encryption but should be 16 bytes
[main] WARN org.apache.nifi.security.util.crypto.AESKeyedCipherProvider - Generating new IV. The value can be obtained in the calling code by invoking 'cipher.getIV()';
[main] INFO org.apache.nifi.security.util.crypto.PasswordBasedEncryptorGroovyTest - Encrypted: 2473302465303830312434487a796d73364b686d59794f31494736496f5749774e69466953414c5410a65b2351e27e811523a11caa8cc18e4e6946694956200709f5c5af8c8d067cb5c69895b49172765ec2239608006de63bdb72247c00
[main] DEBUG org.apache.nifi.security.util.crypto.ScryptSecureHasher - Calculated maximum p value as (2^32 - 1) * 32 [137438953440] / (128 * r) [1024] = 134217727
[main] DEBUG org.apache.nifi.security.util.crypto.ScryptSecureHasher - Creating 16 byte Scrypt hash with salt [e07cf29ace8a8666323b5206e88a1623]
[main] DEBUG org.apache.nifi.security.util.crypto.ScryptSecureHasher - Generated Scrypt hash in 126 ms
[main] INFO org.apache.nifi.security.util.crypto.PasswordBasedEncryptorGroovyTest - Recovered: This is a plaintext message.


[main] INFO org.apache.nifi.security.util.crypto.PasswordBasedEncryptorGroovyTest - Using PBKDF2 and AES_CBC
[main] DEBUG org.apache.nifi.security.util.crypto.PBKDF2CipherProvider - Resolved PRF SHA-512 to sha512
[main] DEBUG org.apache.nifi.security.util.crypto.PBKDF2SecureHasher - Validating PBKDF2 secure hasher with prf SHA-512, iteration count 160000, salt length 16 bytes, output length 16 bytes
[main] DEBUG org.apache.nifi.security.util.crypto.PBKDF2SecureHasher - Resolved PRF SHA-512 to sha512
[main] DEBUG org.apache.nifi.security.util.crypto.PBKDF2SecureHasher - The PRF is SHA-512, with a digest size (hLen) of 64 bytes
[main] DEBUG org.apache.nifi.security.util.crypto.PBKDF2SecureHasher - The max dkLength is 2147483647 bytes for hLen 64 bytes.
[main] DEBUG org.apache.nifi.security.util.crypto.PBKDF2SecureHasher - Resolved PRF SHA-512 to sha512
[main] DEBUG org.apache.nifi.security.util.crypto.PBKDF2SecureHasher - Creating PBKDF2 hash with salt [805327b6c642557c431992f74101348d] (16 bytes)
[main] DEBUG org.apache.nifi.security.util.crypto.PBKDF2SecureHasher - Generated PBKDF2 hash in 217 ms
[main] WARN org.apache.nifi.security.util.crypto.AESKeyedCipherProvider - An IV was provided of length 0 bytes for encryption but should be 16 bytes
[main] WARN org.apache.nifi.security.util.crypto.AESKeyedCipherProvider - Generating new IV. The value can be obtained in the calling code by invoking 'cipher.getIV()';
[main] INFO org.apache.nifi.security.util.crypto.PasswordBasedEncryptorGroovyTest - Encrypted: 805327b6c642557c431992f74101348d4e69466953414c541e04aabff57f96ad9d0d5582bc7488444e6946694956888f2a00078c799158d3ff5d507f756a3fffeb6ae7ce6262690d8486d0449586
[main] DEBUG org.apache.nifi.security.util.crypto.PBKDF2CipherProvider - Resolved PRF SHA-512 to sha512
[main] DEBUG org.apache.nifi.security.util.crypto.PBKDF2SecureHasher - Validating PBKDF2 secure hasher with prf SHA-512, iteration count 160000, salt length 16 bytes, output length 16 bytes
[main] DEBUG org.apache.nifi.security.util.crypto.PBKDF2SecureHasher - Resolved PRF SHA-512 to sha512
[main] DEBUG org.apache.nifi.security.util.crypto.PBKDF2SecureHasher - The PRF is SHA-512, with a digest size (hLen) of 64 bytes
[main] DEBUG org.apache.nifi.security.util.crypto.PBKDF2SecureHasher - The max dkLength is 2147483647 bytes for hLen 64 bytes.
[main] DEBUG org.apache.nifi.security.util.crypto.PBKDF2SecureHasher - Resolved PRF SHA-512 to sha512
[main] DEBUG org.apache.nifi.security.util.crypto.PBKDF2SecureHasher - Creating PBKDF2 hash with salt [805327b6c642557c431992f74101348d] (16 bytes)
[main] DEBUG org.apache.nifi.security.util.crypto.PBKDF2SecureHasher - Generated PBKDF2 hash in 211 ms
[main] INFO org.apache.nifi.security.util.crypto.PasswordBasedEncryptorGroovyTest - Recovered: This is a plaintext message.


]]></system-err>
  </testcase>
</testsuite>