<?xml version="1.0" encoding="UTF-8"?>
<testsuite xmlns:xsi="http://www.w3.org/2001/XMLSchema-instance" xsi:noNamespaceSchemaLocation="https://maven.apache.org/surefire/maven-surefire-plugin/xsd/surefire-test-report-3.0.xsd" version="3.0" name="org.apache.nifi.security.util.crypto.BcryptCipherProviderGroovyTest" time="0.942" tests="16" errors="0" skipped="1" failures="0">
  <properties>
    <property name="sun.desktop" value="gnome"/>
    <property name="awt.toolkit" value="sun.awt.X11.XToolkit"/>
    <property name="file.encoding.pkg" value="sun.io"/>
    <property name="java.specification.version" value="1.8"/>
    <property name="sun.cpu.isalist" value=""/>
    <property name="sun.jnu.encoding" value="UTF-8"/>
    <property name="java.class.path" value="/home/alex/Repositories/nifi/nifi-commons/nifi-security-utils/target/test-classes:/home/alex/Repositories/nifi/nifi-commons/nifi-security-utils/target/classes:/home/alex/Repositories/nifi/nifi-api/target/classes:/home/alex/Repositories/nifi/nifi-commons/nifi-utils/target/classes:/home/alex/Repositories/nifi/nifi-commons/nifi-security-utils-api/target/classes:/home/alex/Repositories/nifi/nifi-commons/nifi-security-kms/target/classes:/home/alex/.m2/repository/org/apache/commons/commons-lang3/3.12.0/commons-lang3-3.12.0.jar:/home/alex/.m2/repository/commons-codec/commons-codec/1.14/commons-codec-1.14.jar:/home/alex/.m2/repository/org/bouncycastle/bcprov-jdk15on/1.69/bcprov-jdk15on-1.69.jar:/home/alex/.m2/repository/org/bouncycastle/bcpkix-jdk15on/1.69/bcpkix-jdk15on-1.69.jar:/home/alex/.m2/repository/org/bouncycastle/bcutil-jdk15on/1.69/bcutil-jdk15on-1.69.jar:/home/alex/Repositories/nifi/nifi-commons/nifi-properties/target/classes:/home/alex/Repositories/nifi/nifi-commons/nifi-property-utils/target/classes:/home/alex/.m2/repository/at/favre/lib/bcrypt/0.9.0/bcrypt-0.9.0.jar:/home/alex/.m2/repository/at/favre/lib/bytes/1.3.0/bytes-1.3.0.jar:/home/alex/.m2/repository/org/apache/commons/commons-configuration2/2.7/commons-configuration2-2.7.jar:/home/alex/.m2/repository/org/apache/commons/commons-text/1.8/commons-text-1.8.jar:/home/alex/.m2/repository/org/slf4j/jcl-over-slf4j/1.7.32/jcl-over-slf4j-1.7.32.jar:/home/alex/.m2/repository/org/slf4j/slf4j-api/1.7.32/slf4j-api-1.7.32.jar:/home/alex/.m2/repository/org/junit/jupiter/junit-jupiter-api/5.7.2/junit-jupiter-api-5.7.2.jar:/home/alex/.m2/repository/org/apiguardian/apiguardian-api/1.1.0/apiguardian-api-1.1.0.jar:/home/alex/.m2/repository/org/opentest4j/opentest4j/1.2.0/opentest4j-1.2.0.jar:/home/alex/.m2/repository/org/junit/platform/junit-platform-commons/1.7.2/junit-platform-commons-1.7.2.jar:/home/alex/.m2/repository/org/junit/jupiter/junit-jupiter-engine/5.7.2/junit-jupiter-engine-5.7.2.jar:/home/alex/.m2/repository/org/junit/platform/junit-platform-engine/1.7.2/junit-platform-engine-1.7.2.jar:/home/alex/.m2/repository/org/junit/vintage/junit-vintage-engine/5.7.2/junit-vintage-engine-5.7.2.jar:/home/alex/.m2/repository/junit/junit/4.13.2/junit-4.13.2.jar:/home/alex/.m2/repository/org/hamcrest/hamcrest-core/1.3/hamcrest-core-1.3.jar:/home/alex/.m2/repository/org/junit/jupiter/junit-jupiter-params/5.7.2/junit-jupiter-params-5.7.2.jar:/home/alex/.m2/repository/org/mockito/mockito-core/3.11.2/mockito-core-3.11.2.jar:/home/alex/.m2/repository/net/bytebuddy/byte-buddy/1.11.3/byte-buddy-1.11.3.jar:/home/alex/.m2/repository/net/bytebuddy/byte-buddy-agent/1.11.3/byte-buddy-agent-1.11.3.jar:/home/alex/.m2/repository/org/objenesis/objenesis/3.2/objenesis-3.2.jar:/home/alex/.m2/repository/org/mockito/mockito-junit-jupiter/3.11.2/mockito-junit-jupiter-3.11.2.jar:/home/alex/.m2/repository/org/slf4j/slf4j-simple/1.7.32/slf4j-simple-1.7.32.jar:/home/alex/.m2/repository/org/codehaus/groovy/groovy-test/2.5.14/groovy-test-2.5.14.jar:/home/alex/.m2/repository/org/codehaus/groovy/groovy/2.5.14/groovy-2.5.14.jar:"/>
    <property name="java.vm.vendor" value="Private Build"/>
    <property name="sun.arch.data.model" value="64"/>
    <property name="java.vendor.url" value="http://java.oracle.com/"/>
    <property name="user.timezone" value=""/>
    <property name="java.vm.specification.version" value="1.8"/>
    <property name="os.name" value="Linux"/>
    <property name="user.country" value="US"/>
    <property name="sun.java.launcher" value="SUN_STANDARD"/>
    <property name="sun.boot.library.path" value="/usr/lib/jvm/java-8-openjdk-amd64/jre/lib/amd64"/>
    <property name="sun.java.command" value="/home/alex/Repositories/nifi/nifi-commons/nifi-security-utils/target/surefire/surefirebooter1201203849136738604.jar /home/alex/Repositories/nifi/nifi-commons/nifi-security-utils/target/surefire 2024-05-02T02-13-54_999-jvmRun1 surefire5959186190130557662tmp surefire_67053154578512873478tmp"/>
    <property name="surefire.test.class.path" value="/home/alex/Repositories/nifi/nifi-commons/nifi-security-utils/target/test-classes:/home/alex/Repositories/nifi/nifi-commons/nifi-security-utils/target/classes:/home/alex/Repositories/nifi/nifi-api/target/classes:/home/alex/Repositories/nifi/nifi-commons/nifi-utils/target/classes:/home/alex/Repositories/nifi/nifi-commons/nifi-security-utils-api/target/classes:/home/alex/Repositories/nifi/nifi-commons/nifi-security-kms/target/classes:/home/alex/.m2/repository/org/apache/commons/commons-lang3/3.12.0/commons-lang3-3.12.0.jar:/home/alex/.m2/repository/commons-codec/commons-codec/1.14/commons-codec-1.14.jar:/home/alex/.m2/repository/org/bouncycastle/bcprov-jdk15on/1.69/bcprov-jdk15on-1.69.jar:/home/alex/.m2/repository/org/bouncycastle/bcpkix-jdk15on/1.69/bcpkix-jdk15on-1.69.jar:/home/alex/.m2/repository/org/bouncycastle/bcutil-jdk15on/1.69/bcutil-jdk15on-1.69.jar:/home/alex/Repositories/nifi/nifi-commons/nifi-properties/target/classes:/home/alex/Repositories/nifi/nifi-commons/nifi-property-utils/target/classes:/home/alex/.m2/repository/at/favre/lib/bcrypt/0.9.0/bcrypt-0.9.0.jar:/home/alex/.m2/repository/at/favre/lib/bytes/1.3.0/bytes-1.3.0.jar:/home/alex/.m2/repository/org/apache/commons/commons-configuration2/2.7/commons-configuration2-2.7.jar:/home/alex/.m2/repository/org/apache/commons/commons-text/1.8/commons-text-1.8.jar:/home/alex/.m2/repository/org/slf4j/jcl-over-slf4j/1.7.32/jcl-over-slf4j-1.7.32.jar:/home/alex/.m2/repository/org/slf4j/slf4j-api/1.7.32/slf4j-api-1.7.32.jar:/home/alex/.m2/repository/org/junit/jupiter/junit-jupiter-api/5.7.2/junit-jupiter-api-5.7.2.jar:/home/alex/.m2/repository/org/apiguardian/apiguardian-api/1.1.0/apiguardian-api-1.1.0.jar:/home/alex/.m2/repository/org/opentest4j/opentest4j/1.2.0/opentest4j-1.2.0.jar:/home/alex/.m2/repository/org/junit/platform/junit-platform-commons/1.7.2/junit-platform-commons-1.7.2.jar:/home/alex/.m2/repository/org/junit/jupiter/junit-jupiter-engine/5.7.2/junit-jupiter-engine-5.7.2.jar:/home/alex/.m2/repository/org/junit/platform/junit-platform-engine/1.7.2/junit-platform-engine-1.7.2.jar:/home/alex/.m2/repository/org/junit/vintage/junit-vintage-engine/5.7.2/junit-vintage-engine-5.7.2.jar:/home/alex/.m2/repository/junit/junit/4.13.2/junit-4.13.2.jar:/home/alex/.m2/repository/org/hamcrest/hamcrest-core/1.3/hamcrest-core-1.3.jar:/home/alex/.m2/repository/org/junit/jupiter/junit-jupiter-params/5.7.2/junit-jupiter-params-5.7.2.jar:/home/alex/.m2/repository/org/mockito/mockito-core/3.11.2/mockito-core-3.11.2.jar:/home/alex/.m2/repository/net/bytebuddy/byte-buddy/1.11.3/byte-buddy-1.11.3.jar:/home/alex/.m2/repository/net/bytebuddy/byte-buddy-agent/1.11.3/byte-buddy-agent-1.11.3.jar:/home/alex/.m2/repository/org/objenesis/objenesis/3.2/objenesis-3.2.jar:/home/alex/.m2/repository/org/mockito/mockito-junit-jupiter/3.11.2/mockito-junit-jupiter-3.11.2.jar:/home/alex/.m2/repository/org/slf4j/slf4j-simple/1.7.32/slf4j-simple-1.7.32.jar:/home/alex/.m2/repository/org/codehaus/groovy/groovy-test/2.5.14/groovy-test-2.5.14.jar:/home/alex/.m2/repository/org/codehaus/groovy/groovy/2.5.14/groovy-2.5.14.jar:"/>
    <property name="sun.cpu.endian" value="little"/>
    <property name="user.home" value="/home/alex"/>
    <property name="user.language" value="en"/>
    <property name="java.specification.vendor" value="Oracle Corporation"/>
    <property name="java.home" value="/usr/lib/jvm/java-8-openjdk-amd64/jre"/>
    <property name="basedir" value="/home/alex/Repositories/nifi/nifi-commons/nifi-security-utils"/>
    <property name="file.separator" value="/"/>
    <property name="line.separator" value="&#10;"/>
    <property name="java.vm.specification.vendor" value="Oracle Corporation"/>
    <property name="java.specification.name" value="Java Platform API Specification"/>
    <property name="java.awt.graphicsenv" value="sun.awt.X11GraphicsEnvironment"/>
    <property name="java.awt.headless" value="true"/>
    <property name="surefire.real.class.path" value="/home/alex/Repositories/nifi/nifi-commons/nifi-security-utils/target/surefire/surefirebooter1201203849136738604.jar"/>
    <property name="sun.boot.class.path" value="/usr/lib/jvm/java-8-openjdk-amd64/jre/lib/resources.jar:/usr/lib/jvm/java-8-openjdk-amd64/jre/lib/rt.jar:/usr/lib/jvm/java-8-openjdk-amd64/jre/lib/sunrsasign.jar:/usr/lib/jvm/java-8-openjdk-amd64/jre/lib/jsse.jar:/usr/lib/jvm/java-8-openjdk-amd64/jre/lib/jce.jar:/usr/lib/jvm/java-8-openjdk-amd64/jre/lib/charsets.jar:/usr/lib/jvm/java-8-openjdk-amd64/jre/lib/jfr.jar:/usr/lib/jvm/java-8-openjdk-amd64/jre/classes"/>
    <property name="sun.management.compiler" value="HotSpot 64-Bit Tiered Compilers"/>
    <property name="java.runtime.version" value="1.8.0_402-8u402-ga-2ubuntu1~22.04-b06"/>
    <property name="java.net.preferIPv4Stack" value="true"/>
    <property name="user.name" value="alex"/>
    <property name="path.separator" value=":"/>
    <property name="os.version" value="6.5.0-28-generic"/>
    <property name="java.endorsed.dirs" value="/usr/lib/jvm/java-8-openjdk-amd64/jre/lib/endorsed"/>
    <property name="java.runtime.name" value="OpenJDK Runtime Environment"/>
    <property name="file.encoding" value="UTF-8"/>
    <property name="java.vm.name" value="OpenJDK 64-Bit Server VM"/>
    <property name="localRepository" value="/home/alex/.m2/repository"/>
    <property name="java.vendor.url.bug" value="http://bugreport.sun.com/bugreport/"/>
    <property name="java.io.tmpdir" value="/tmp"/>
    <property name="java.version" value="1.8.0_402"/>
    <property name="user.dir" value="/home/alex/Repositories/nifi/nifi-commons/nifi-security-utils"/>
    <property name="os.arch" value="amd64"/>
    <property name="java.vm.specification.name" value="Java Virtual Machine Specification"/>
    <property name="java.awt.printerjob" value="sun.print.PSPrinterJob"/>
    <property name="sun.os.patch.level" value="unknown"/>
    <property name="java.library.path" value="/usr/java/packages/lib/amd64:/usr/lib/x86_64-linux-gnu/jni:/lib/x86_64-linux-gnu:/usr/lib/x86_64-linux-gnu:/usr/lib/jni:/lib:/usr/lib"/>
    <property name="java.vm.info" value="mixed mode"/>
    <property name="java.vendor" value="Private Build"/>
    <property name="java.vm.version" value="25.402-b06"/>
    <property name="java.specification.maintenance.version" value="5"/>
    <property name="java.ext.dirs" value="/usr/lib/jvm/java-8-openjdk-amd64/jre/lib/ext:/usr/java/packages/lib/ext"/>
    <property name="sun.io.unicode.encoding" value="UnicodeLittle"/>
    <property name="java.class.version" value="52.0"/>
  </properties>
  <testcase name="testGetCipherForDecryptShouldRequireIV" classname="org.apache.nifi.security.util.crypto.BcryptCipherProviderGroovyTest" time="0.146">
    <system-err><![CDATA[[main] WARN org.apache.nifi.security.util.crypto.BcryptCipherProvider - The provided work factor 4 is below the recommended minimum 12
[main] INFO org.apache.nifi.security.util.crypto.BcryptCipherProviderGroovyTest - Using algorithm: AES/CBC/NoPadding
[main] WARN org.apache.nifi.security.util.crypto.BcryptSecureHasher - The provided cost factor 4 is below the recommended minimum 12.
[main] WARN org.apache.nifi.security.util.crypto.AESKeyedCipherProvider - An empty IV was provided of length 16 for encryption
[main] WARN org.apache.nifi.security.util.crypto.AESKeyedCipherProvider - Generating new IV. The value can be obtained in the calling code by invoking 'cipher.getIV()';
[main] INFO org.apache.nifi.security.util.crypto.BcryptCipherProviderGroovyTest - IV: 00000000000000000000000000000000
[main] INFO org.apache.nifi.security.util.crypto.BcryptCipherProviderGroovyTest - Cipher text: ed1edc0f118b464e5b494b5b7033ac1653d6226b87a03abd1df5fc5c572e1075 32
[main] WARN org.apache.nifi.security.util.crypto.BcryptSecureHasher - The provided cost factor 4 is below the recommended minimum 12.
[main] WARN org.apache.nifi.security.util.crypto.AESKeyedCipherProvider - An IV was provided of length 0 bytes for decryption but should be 16 bytes
[main] ERROR org.apache.nifi.security.util.crypto.BcryptCipherProvider - Encountered an error generating the Bcrypt hash
java.lang.IllegalArgumentException: Cannot decrypt without a valid IV
	at org.apache.nifi.security.util.crypto.AESKeyedCipherProvider.getInitializedCipher(AESKeyedCipherProvider.java:128)
	at org.apache.nifi.security.util.crypto.AESKeyedCipherProvider.getCipher(AESKeyedCipherProvider.java:60)
	at org.apache.nifi.security.util.crypto.BcryptCipherProvider.getInitializedCipher(BcryptCipherProvider.java:173)
	at org.apache.nifi.security.util.crypto.BcryptCipherProvider.createCipherAndHandleExceptions(BcryptCipherProvider.java:91)
	at org.apache.nifi.security.util.crypto.BcryptCipherProvider.getCipher(BcryptCipherProvider.java:86)
	at org.apache.nifi.security.util.crypto.BcryptCipherProvider.getCipher(BcryptCipherProvider.java:114)
	at org.apache.nifi.security.util.crypto.PBECipherProvider$getCipher$0.call(Unknown Source)
	at org.codehaus.groovy.runtime.callsite.CallSiteArray.defaultCall(CallSiteArray.java:47)
	at org.codehaus.groovy.runtime.callsite.AbstractCallSite.call(AbstractCallSite.java:115)
	at org.apache.nifi.security.util.crypto.BcryptCipherProviderGroovyTest$_testGetCipherForDecryptShouldRequireIV_closure7.doCall(BcryptCipherProviderGroovyTest.groovy:386)
	at org.apache.nifi.security.util.crypto.BcryptCipherProviderGroovyTest$_testGetCipherForDecryptShouldRequireIV_closure7.doCall(BcryptCipherProviderGroovyTest.groovy)
	at sun.reflect.NativeMethodAccessorImpl.invoke0(Native Method)
	at sun.reflect.NativeMethodAccessorImpl.invoke(NativeMethodAccessorImpl.java:62)
	at sun.reflect.DelegatingMethodAccessorImpl.invoke(DelegatingMethodAccessorImpl.java:43)
	at java.lang.reflect.Method.invoke(Method.java:498)
	at org.codehaus.groovy.reflection.CachedMethod.invoke(CachedMethod.java:101)
	at groovy.lang.MetaMethod.doMethodInvoke(MetaMethod.java:323)
	at org.codehaus.groovy.runtime.metaclass.ClosureMetaClass.invokeMethod(ClosureMetaClass.java:263)
	at groovy.lang.MetaClassImpl.invokeMethod(MetaClassImpl.java:1041)
	at groovy.lang.Closure.call(Closure.java:405)
	at groovy.lang.Closure.call(Closure.java:399)
	at groovy.test.GroovyAssert.shouldFail(GroovyAssert.java:118)
	at groovy.test.GroovyAssert$shouldFail.callStatic(Unknown Source)
	at org.codehaus.groovy.runtime.callsite.CallSiteArray.defaultCallStatic(CallSiteArray.java:55)
	at org.codehaus.groovy.runtime.callsite.AbstractCallSite.callStatic(AbstractCallSite.java:196)
	at org.codehaus.groovy.runtime.callsite.AbstractCallSite.callStatic(AbstractCallSite.java:216)
	at org.apache.nifi.security.util.crypto.BcryptCipherProviderGroovyTest.testGetCipherForDecryptShouldRequireIV(BcryptCipherProviderGroovyTest.groovy:385)
	at sun.reflect.NativeMethodAccessorImpl.invoke0(Native Method)
	at sun.reflect.NativeMethodAccessorImpl.invoke(NativeMethodAccessorImpl.java:62)
	at sun.reflect.DelegatingMethodAccessorImpl.invoke(DelegatingMethodAccessorImpl.java:43)
	at java.lang.reflect.Method.invoke(Method.java:498)
	at org.junit.platform.commons.util.ReflectionUtils.invokeMethod(ReflectionUtils.java:688)
	at org.junit.jupiter.engine.execution.MethodInvocation.proceed(MethodInvocation.java:60)
	at org.junit.jupiter.engine.execution.InvocationInterceptorChain$ValidatingInvocation.proceed(InvocationInterceptorChain.java:131)
	at org.junit.jupiter.engine.extension.TimeoutExtension.intercept(TimeoutExtension.java:149)
	at org.junit.jupiter.engine.extension.TimeoutExtension.interceptTestableMethod(TimeoutExtension.java:140)
	at org.junit.jupiter.engine.extension.TimeoutExtension.interceptTestMethod(TimeoutExtension.java:84)
	at org.junit.jupiter.engine.execution.ExecutableInvoker$ReflectiveInterceptorCall.lambda$ofVoidMethod$0(ExecutableInvoker.java:115)
	at org.junit.jupiter.engine.execution.ExecutableInvoker.lambda$invoke$0(ExecutableInvoker.java:105)
	at org.junit.jupiter.engine.execution.InvocationInterceptorChain$InterceptedInvocation.proceed(InvocationInterceptorChain.java:106)
	at org.junit.jupiter.engine.execution.InvocationInterceptorChain.proceed(InvocationInterceptorChain.java:64)
	at org.junit.jupiter.engine.execution.InvocationInterceptorChain.chainAndInvoke(InvocationInterceptorChain.java:45)
	at org.junit.jupiter.engine.execution.InvocationInterceptorChain.invoke(InvocationInterceptorChain.java:37)
	at org.junit.jupiter.engine.execution.ExecutableInvoker.invoke(ExecutableInvoker.java:104)
	at org.junit.jupiter.engine.execution.ExecutableInvoker.invoke(ExecutableInvoker.java:98)
	at org.junit.jupiter.engine.descriptor.TestMethodTestDescriptor.lambda$invokeTestMethod$6(TestMethodTestDescriptor.java:210)
	at org.junit.platform.engine.support.hierarchical.ThrowableCollector.execute(ThrowableCollector.java:73)
	at org.junit.jupiter.engine.descriptor.TestMethodTestDescriptor.invokeTestMethod(TestMethodTestDescriptor.java:206)
	at org.junit.jupiter.engine.descriptor.TestMethodTestDescriptor.execute(TestMethodTestDescriptor.java:131)
	at org.junit.jupiter.engine.descriptor.TestMethodTestDescriptor.execute(TestMethodTestDescriptor.java:65)
	at org.junit.platform.engine.support.hierarchical.NodeTestTask.lambda$executeRecursively$5(NodeTestTask.java:139)
	at org.junit.platform.engine.support.hierarchical.ThrowableCollector.execute(ThrowableCollector.java:73)
	at org.junit.platform.engine.support.hierarchical.NodeTestTask.lambda$executeRecursively$7(NodeTestTask.java:129)
	at org.junit.platform.engine.support.hierarchical.Node.around(Node.java:137)
	at org.junit.platform.engine.support.hierarchical.NodeTestTask.lambda$executeRecursively$8(NodeTestTask.java:127)
	at org.junit.platform.engine.support.hierarchical.ThrowableCollector.execute(ThrowableCollector.java:73)
	at org.junit.platform.engine.support.hierarchical.NodeTestTask.executeRecursively(NodeTestTask.java:126)
	at org.junit.platform.engine.support.hierarchical.NodeTestTask.execute(NodeTestTask.java:84)
	at java.util.ArrayList.forEach(ArrayList.java:1259)
	at org.junit.platform.engine.support.hierarchical.SameThreadHierarchicalTestExecutorService.invokeAll(SameThreadHierarchicalTestExecutorService.java:38)
	at org.junit.platform.engine.support.hierarchical.NodeTestTask.lambda$executeRecursively$5(NodeTestTask.java:143)
	at org.junit.platform.engine.support.hierarchical.ThrowableCollector.execute(ThrowableCollector.java:73)
	at org.junit.platform.engine.support.hierarchical.NodeTestTask.lambda$executeRecursively$7(NodeTestTask.java:129)
	at org.junit.platform.engine.support.hierarchical.Node.around(Node.java:137)
	at org.junit.platform.engine.support.hierarchical.NodeTestTask.lambda$executeRecursively$8(NodeTestTask.java:127)
	at org.junit.platform.engine.support.hierarchical.ThrowableCollector.execute(ThrowableCollector.java:73)
	at org.junit.platform.engine.support.hierarchical.NodeTestTask.executeRecursively(NodeTestTask.java:126)
	at org.junit.platform.engine.support.hierarchical.NodeTestTask.execute(NodeTestTask.java:84)
	at java.util.ArrayList.forEach(ArrayList.java:1259)
	at org.junit.platform.engine.support.hierarchical.SameThreadHierarchicalTestExecutorService.invokeAll(SameThreadHierarchicalTestExecutorService.java:38)
	at org.junit.platform.engine.support.hierarchical.NodeTestTask.lambda$executeRecursively$5(NodeTestTask.java:143)
	at org.junit.platform.engine.support.hierarchical.ThrowableCollector.execute(ThrowableCollector.java:73)
	at org.junit.platform.engine.support.hierarchical.NodeTestTask.lambda$executeRecursively$7(NodeTestTask.java:129)
	at org.junit.platform.engine.support.hierarchical.Node.around(Node.java:137)
	at org.junit.platform.engine.support.hierarchical.NodeTestTask.lambda$executeRecursively$8(NodeTestTask.java:127)
	at org.junit.platform.engine.support.hierarchical.ThrowableCollector.execute(ThrowableCollector.java:73)
	at org.junit.platform.engine.support.hierarchical.NodeTestTask.executeRecursively(NodeTestTask.java:126)
	at org.junit.platform.engine.support.hierarchical.NodeTestTask.execute(NodeTestTask.java:84)
	at org.junit.platform.engine.support.hierarchical.SameThreadHierarchicalTestExecutorService.submit(SameThreadHierarchicalTestExecutorService.java:32)
	at org.junit.platform.engine.support.hierarchical.HierarchicalTestExecutor.execute(HierarchicalTestExecutor.java:57)
	at org.junit.platform.engine.support.hierarchical.HierarchicalTestEngine.execute(HierarchicalTestEngine.java:51)
	at org.junit.platform.launcher.core.EngineExecutionOrchestrator.execute(EngineExecutionOrchestrator.java:108)
	at org.junit.platform.launcher.core.EngineExecutionOrchestrator.execute(EngineExecutionOrchestrator.java:88)
	at org.junit.platform.launcher.core.EngineExecutionOrchestrator.lambda$execute$0(EngineExecutionOrchestrator.java:54)
	at org.junit.platform.launcher.core.EngineExecutionOrchestrator.withInterceptedStreams(EngineExecutionOrchestrator.java:67)
	at org.junit.platform.launcher.core.EngineExecutionOrchestrator.execute(EngineExecutionOrchestrator.java:52)
	at org.junit.platform.launcher.core.DefaultLauncher.execute(DefaultLauncher.java:96)
	at org.junit.platform.launcher.core.DefaultLauncher.execute(DefaultLauncher.java:75)
	at org.apache.maven.surefire.junitplatform.JUnitPlatformProvider.execute(JUnitPlatformProvider.java:188)
	at org.apache.maven.surefire.junitplatform.JUnitPlatformProvider.invokeAllTests(JUnitPlatformProvider.java:154)
	at org.apache.maven.surefire.junitplatform.JUnitPlatformProvider.invoke(JUnitPlatformProvider.java:128)
	at org.apache.maven.surefire.booter.ForkedBooter.runSuitesInProcess(ForkedBooter.java:428)
	at org.apache.maven.surefire.booter.ForkedBooter.execute(ForkedBooter.java:162)
	at org.apache.maven.surefire.booter.ForkedBooter.run(ForkedBooter.java:562)
	at org.apache.maven.surefire.booter.ForkedBooter.main(ForkedBooter.java:548)
[main] INFO org.apache.nifi.security.util.crypto.BcryptCipherProviderGroovyTest - Using algorithm: AES/CBC/PKCS7Padding
[main] WARN org.apache.nifi.security.util.crypto.BcryptSecureHasher - The provided cost factor 4 is below the recommended minimum 12.
[main] WARN org.apache.nifi.security.util.crypto.AESKeyedCipherProvider - An empty IV was provided of length 16 for encryption
[main] WARN org.apache.nifi.security.util.crypto.AESKeyedCipherProvider - Generating new IV. The value can be obtained in the calling code by invoking 'cipher.getIV()';
[main] INFO org.apache.nifi.security.util.crypto.BcryptCipherProviderGroovyTest - IV: 00000000000000000000000000000000
[main] INFO org.apache.nifi.security.util.crypto.BcryptCipherProviderGroovyTest - Cipher text: db0b490b8234a90bbbf4c831f78a37f675c08d5c193b0fcdaeec2221882e5a8f7dcf3d92831557af343bab1ccf8bc416 48
[main] WARN org.apache.nifi.security.util.crypto.BcryptSecureHasher - The provided cost factor 4 is below the recommended minimum 12.
[main] WARN org.apache.nifi.security.util.crypto.AESKeyedCipherProvider - An IV was provided of length 0 bytes for decryption but should be 16 bytes
[main] ERROR org.apache.nifi.security.util.crypto.BcryptCipherProvider - Encountered an error generating the Bcrypt hash
java.lang.IllegalArgumentException: Cannot decrypt without a valid IV
	at org.apache.nifi.security.util.crypto.AESKeyedCipherProvider.getInitializedCipher(AESKeyedCipherProvider.java:128)
	at org.apache.nifi.security.util.crypto.AESKeyedCipherProvider.getCipher(AESKeyedCipherProvider.java:60)
	at org.apache.nifi.security.util.crypto.BcryptCipherProvider.getInitializedCipher(BcryptCipherProvider.java:173)
	at org.apache.nifi.security.util.crypto.BcryptCipherProvider.createCipherAndHandleExceptions(BcryptCipherProvider.java:91)
	at org.apache.nifi.security.util.crypto.BcryptCipherProvider.getCipher(BcryptCipherProvider.java:86)
	at org.apache.nifi.security.util.crypto.BcryptCipherProvider.getCipher(BcryptCipherProvider.java:114)
	at org.apache.nifi.security.util.crypto.PBECipherProvider$getCipher$0.call(Unknown Source)
	at org.apache.nifi.security.util.crypto.BcryptCipherProviderGroovyTest$_testGetCipherForDecryptShouldRequireIV_closure7.doCall(BcryptCipherProviderGroovyTest.groovy:386)
	at org.apache.nifi.security.util.crypto.BcryptCipherProviderGroovyTest$_testGetCipherForDecryptShouldRequireIV_closure7.doCall(BcryptCipherProviderGroovyTest.groovy)
	at sun.reflect.NativeMethodAccessorImpl.invoke0(Native Method)
	at sun.reflect.NativeMethodAccessorImpl.invoke(NativeMethodAccessorImpl.java:62)
	at sun.reflect.DelegatingMethodAccessorImpl.invoke(DelegatingMethodAccessorImpl.java:43)
	at java.lang.reflect.Method.invoke(Method.java:498)
	at org.codehaus.groovy.reflection.CachedMethod.invoke(CachedMethod.java:101)
	at groovy.lang.MetaMethod.doMethodInvoke(MetaMethod.java:323)
	at org.codehaus.groovy.runtime.metaclass.ClosureMetaClass.invokeMethod(ClosureMetaClass.java:263)
	at groovy.lang.MetaClassImpl.invokeMethod(MetaClassImpl.java:1041)
	at groovy.lang.Closure.call(Closure.java:405)
	at groovy.lang.Closure.call(Closure.java:399)
	at groovy.test.GroovyAssert.shouldFail(GroovyAssert.java:118)
	at groovy.test.GroovyAssert$shouldFail.callStatic(Unknown Source)
	at org.apache.nifi.security.util.crypto.BcryptCipherProviderGroovyTest.testGetCipherForDecryptShouldRequireIV(BcryptCipherProviderGroovyTest.groovy:385)
	at sun.reflect.NativeMethodAccessorImpl.invoke0(Native Method)
	at sun.reflect.NativeMethodAccessorImpl.invoke(NativeMethodAccessorImpl.java:62)
	at sun.reflect.DelegatingMethodAccessorImpl.invoke(DelegatingMethodAccessorImpl.java:43)
	at java.lang.reflect.Method.invoke(Method.java:498)
	at org.junit.platform.commons.util.ReflectionUtils.invokeMethod(ReflectionUtils.java:688)
	at org.junit.jupiter.engine.execution.MethodInvocation.proceed(MethodInvocation.java:60)
	at org.junit.jupiter.engine.execution.InvocationInterceptorChain$ValidatingInvocation.proceed(InvocationInterceptorChain.java:131)
	at org.junit.jupiter.engine.extension.TimeoutExtension.intercept(TimeoutExtension.java:149)
	at org.junit.jupiter.engine.extension.TimeoutExtension.interceptTestableMethod(TimeoutExtension.java:140)
	at org.junit.jupiter.engine.extension.TimeoutExtension.interceptTestMethod(TimeoutExtension.java:84)
	at org.junit.jupiter.engine.execution.ExecutableInvoker$ReflectiveInterceptorCall.lambda$ofVoidMethod$0(ExecutableInvoker.java:115)
	at org.junit.jupiter.engine.execution.ExecutableInvoker.lambda$invoke$0(ExecutableInvoker.java:105)
	at org.junit.jupiter.engine.execution.InvocationInterceptorChain$InterceptedInvocation.proceed(InvocationInterceptorChain.java:106)
	at org.junit.jupiter.engine.execution.InvocationInterceptorChain.proceed(InvocationInterceptorChain.java:64)
	at org.junit.jupiter.engine.execution.InvocationInterceptorChain.chainAndInvoke(InvocationInterceptorChain.java:45)
	at org.junit.jupiter.engine.execution.InvocationInterceptorChain.invoke(InvocationInterceptorChain.java:37)
	at org.junit.jupiter.engine.execution.ExecutableInvoker.invoke(ExecutableInvoker.java:104)
	at org.junit.jupiter.engine.execution.ExecutableInvoker.invoke(ExecutableInvoker.java:98)
	at org.junit.jupiter.engine.descriptor.TestMethodTestDescriptor.lambda$invokeTestMethod$6(TestMethodTestDescriptor.java:210)
	at org.junit.platform.engine.support.hierarchical.ThrowableCollector.execute(ThrowableCollector.java:73)
	at org.junit.jupiter.engine.descriptor.TestMethodTestDescriptor.invokeTestMethod(TestMethodTestDescriptor.java:206)
	at org.junit.jupiter.engine.descriptor.TestMethodTestDescriptor.execute(TestMethodTestDescriptor.java:131)
	at org.junit.jupiter.engine.descriptor.TestMethodTestDescriptor.execute(TestMethodTestDescriptor.java:65)
	at org.junit.platform.engine.support.hierarchical.NodeTestTask.lambda$executeRecursively$5(NodeTestTask.java:139)
	at org.junit.platform.engine.support.hierarchical.ThrowableCollector.execute(ThrowableCollector.java:73)
	at org.junit.platform.engine.support.hierarchical.NodeTestTask.lambda$executeRecursively$7(NodeTestTask.java:129)
	at org.junit.platform.engine.support.hierarchical.Node.around(Node.java:137)
	at org.junit.platform.engine.support.hierarchical.NodeTestTask.lambda$executeRecursively$8(NodeTestTask.java:127)
	at org.junit.platform.engine.support.hierarchical.ThrowableCollector.execute(ThrowableCollector.java:73)
	at org.junit.platform.engine.support.hierarchical.NodeTestTask.executeRecursively(NodeTestTask.java:126)
	at org.junit.platform.engine.support.hierarchical.NodeTestTask.execute(NodeTestTask.java:84)
	at java.util.ArrayList.forEach(ArrayList.java:1259)
	at org.junit.platform.engine.support.hierarchical.SameThreadHierarchicalTestExecutorService.invokeAll(SameThreadHierarchicalTestExecutorService.java:38)
	at org.junit.platform.engine.support.hierarchical.NodeTestTask.lambda$executeRecursively$5(NodeTestTask.java:143)
	at org.junit.platform.engine.support.hierarchical.ThrowableCollector.execute(ThrowableCollector.java:73)
	at org.junit.platform.engine.support.hierarchical.NodeTestTask.lambda$executeRecursively$7(NodeTestTask.java:129)
	at org.junit.platform.engine.support.hierarchical.Node.around(Node.java:137)
	at org.junit.platform.engine.support.hierarchical.NodeTestTask.lambda$executeRecursively$8(NodeTestTask.java:127)
	at org.junit.platform.engine.support.hierarchical.ThrowableCollector.execute(ThrowableCollector.java:73)
	at org.junit.platform.engine.support.hierarchical.NodeTestTask.executeRecursively(NodeTestTask.java:126)
	at org.junit.platform.engine.support.hierarchical.NodeTestTask.execute(NodeTestTask.java:84)
	at java.util.ArrayList.forEach(ArrayList.java:1259)
	at org.junit.platform.engine.support.hierarchical.SameThreadHierarchicalTestExecutorService.invokeAll(SameThreadHierarchicalTestExecutorService.java:38)
	at org.junit.platform.engine.support.hierarchical.NodeTestTask.lambda$executeRecursively$5(NodeTestTask.java:143)
	at org.junit.platform.engine.support.hierarchical.ThrowableCollector.execute(ThrowableCollector.java:73)
	at org.junit.platform.engine.support.hierarchical.NodeTestTask.lambda$executeRecursively$7(NodeTestTask.java:129)
	at org.junit.platform.engine.support.hierarchical.Node.around(Node.java:137)
	at org.junit.platform.engine.support.hierarchical.NodeTestTask.lambda$executeRecursively$8(NodeTestTask.java:127)
	at org.junit.platform.engine.support.hierarchical.ThrowableCollector.execute(ThrowableCollector.java:73)
	at org.junit.platform.engine.support.hierarchical.NodeTestTask.executeRecursively(NodeTestTask.java:126)
	at org.junit.platform.engine.support.hierarchical.NodeTestTask.execute(NodeTestTask.java:84)
	at org.junit.platform.engine.support.hierarchical.SameThreadHierarchicalTestExecutorService.submit(SameThreadHierarchicalTestExecutorService.java:32)
	at org.junit.platform.engine.support.hierarchical.HierarchicalTestExecutor.execute(HierarchicalTestExecutor.java:57)
	at org.junit.platform.engine.support.hierarchical.HierarchicalTestEngine.execute(HierarchicalTestEngine.java:51)
	at org.junit.platform.launcher.core.EngineExecutionOrchestrator.execute(EngineExecutionOrchestrator.java:108)
	at org.junit.platform.launcher.core.EngineExecutionOrchestrator.execute(EngineExecutionOrchestrator.java:88)
	at org.junit.platform.launcher.core.EngineExecutionOrchestrator.lambda$execute$0(EngineExecutionOrchestrator.java:54)
	at org.junit.platform.launcher.core.EngineExecutionOrchestrator.withInterceptedStreams(EngineExecutionOrchestrator.java:67)
	at org.junit.platform.launcher.core.EngineExecutionOrchestrator.execute(EngineExecutionOrchestrator.java:52)
	at org.junit.platform.launcher.core.DefaultLauncher.execute(DefaultLauncher.java:96)
	at org.junit.platform.launcher.core.DefaultLauncher.execute(DefaultLauncher.java:75)
	at org.apache.maven.surefire.junitplatform.JUnitPlatformProvider.execute(JUnitPlatformProvider.java:188)
	at org.apache.maven.surefire.junitplatform.JUnitPlatformProvider.invokeAllTests(JUnitPlatformProvider.java:154)
	at org.apache.maven.surefire.junitplatform.JUnitPlatformProvider.invoke(JUnitPlatformProvider.java:128)
	at org.apache.maven.surefire.booter.ForkedBooter.runSuitesInProcess(ForkedBooter.java:428)
	at org.apache.maven.surefire.booter.ForkedBooter.execute(ForkedBooter.java:162)
	at org.apache.maven.surefire.booter.ForkedBooter.run(ForkedBooter.java:562)
	at org.apache.maven.surefire.booter.ForkedBooter.main(ForkedBooter.java:548)
[main] INFO org.apache.nifi.security.util.crypto.BcryptCipherProviderGroovyTest - Using algorithm: AES/CTR/NoPadding
[main] WARN org.apache.nifi.security.util.crypto.BcryptSecureHasher - The provided cost factor 4 is below the recommended minimum 12.
[main] WARN org.apache.nifi.security.util.crypto.AESKeyedCipherProvider - An empty IV was provided of length 16 for encryption
[main] WARN org.apache.nifi.security.util.crypto.AESKeyedCipherProvider - Generating new IV. The value can be obtained in the calling code by invoking 'cipher.getIV()';
[main] INFO org.apache.nifi.security.util.crypto.BcryptCipherProviderGroovyTest - IV: 00000000000000000000000000000000
[main] INFO org.apache.nifi.security.util.crypto.BcryptCipherProviderGroovyTest - Cipher text: 393f0a6abeb9b02c53596643101ab4f1fdff09903eaf7f968c4f01e6ba68a81d 32
[main] WARN org.apache.nifi.security.util.crypto.BcryptSecureHasher - The provided cost factor 4 is below the recommended minimum 12.
[main] WARN org.apache.nifi.security.util.crypto.AESKeyedCipherProvider - An IV was provided of length 0 bytes for decryption but should be 16 bytes
[main] ERROR org.apache.nifi.security.util.crypto.BcryptCipherProvider - Encountered an error generating the Bcrypt hash
java.lang.IllegalArgumentException: Cannot decrypt without a valid IV
	at org.apache.nifi.security.util.crypto.AESKeyedCipherProvider.getInitializedCipher(AESKeyedCipherProvider.java:128)
	at org.apache.nifi.security.util.crypto.AESKeyedCipherProvider.getCipher(AESKeyedCipherProvider.java:60)
	at org.apache.nifi.security.util.crypto.BcryptCipherProvider.getInitializedCipher(BcryptCipherProvider.java:173)
	at org.apache.nifi.security.util.crypto.BcryptCipherProvider.createCipherAndHandleExceptions(BcryptCipherProvider.java:91)
	at org.apache.nifi.security.util.crypto.BcryptCipherProvider.getCipher(BcryptCipherProvider.java:86)
	at org.apache.nifi.security.util.crypto.BcryptCipherProvider.getCipher(BcryptCipherProvider.java:114)
	at org.apache.nifi.security.util.crypto.PBECipherProvider$getCipher$0.call(Unknown Source)
	at org.apache.nifi.security.util.crypto.BcryptCipherProviderGroovyTest$_testGetCipherForDecryptShouldRequireIV_closure7.doCall(BcryptCipherProviderGroovyTest.groovy:386)
	at org.apache.nifi.security.util.crypto.BcryptCipherProviderGroovyTest$_testGetCipherForDecryptShouldRequireIV_closure7.doCall(BcryptCipherProviderGroovyTest.groovy)
	at sun.reflect.NativeMethodAccessorImpl.invoke0(Native Method)
	at sun.reflect.NativeMethodAccessorImpl.invoke(NativeMethodAccessorImpl.java:62)
	at sun.reflect.DelegatingMethodAccessorImpl.invoke(DelegatingMethodAccessorImpl.java:43)
	at java.lang.reflect.Method.invoke(Method.java:498)
	at org.codehaus.groovy.reflection.CachedMethod.invoke(CachedMethod.java:101)
	at groovy.lang.MetaMethod.doMethodInvoke(MetaMethod.java:323)
	at org.codehaus.groovy.runtime.metaclass.ClosureMetaClass.invokeMethod(ClosureMetaClass.java:263)
	at groovy.lang.MetaClassImpl.invokeMethod(MetaClassImpl.java:1041)
	at groovy.lang.Closure.call(Closure.java:405)
	at groovy.lang.Closure.call(Closure.java:399)
	at groovy.test.GroovyAssert.shouldFail(GroovyAssert.java:118)
	at groovy.test.GroovyAssert$shouldFail.callStatic(Unknown Source)
	at org.apache.nifi.security.util.crypto.BcryptCipherProviderGroovyTest.testGetCipherForDecryptShouldRequireIV(BcryptCipherProviderGroovyTest.groovy:385)
	at sun.reflect.NativeMethodAccessorImpl.invoke0(Native Method)
	at sun.reflect.NativeMethodAccessorImpl.invoke(NativeMethodAccessorImpl.java:62)
	at sun.reflect.DelegatingMethodAccessorImpl.invoke(DelegatingMethodAccessorImpl.java:43)
	at java.lang.reflect.Method.invoke(Method.java:498)
	at org.junit.platform.commons.util.ReflectionUtils.invokeMethod(ReflectionUtils.java:688)
	at org.junit.jupiter.engine.execution.MethodInvocation.proceed(MethodInvocation.java:60)
	at org.junit.jupiter.engine.execution.InvocationInterceptorChain$ValidatingInvocation.proceed(InvocationInterceptorChain.java:131)
	at org.junit.jupiter.engine.extension.TimeoutExtension.intercept(TimeoutExtension.java:149)
	at org.junit.jupiter.engine.extension.TimeoutExtension.interceptTestableMethod(TimeoutExtension.java:140)
	at org.junit.jupiter.engine.extension.TimeoutExtension.interceptTestMethod(TimeoutExtension.java:84)
	at org.junit.jupiter.engine.execution.ExecutableInvoker$ReflectiveInterceptorCall.lambda$ofVoidMethod$0(ExecutableInvoker.java:115)
	at org.junit.jupiter.engine.execution.ExecutableInvoker.lambda$invoke$0(ExecutableInvoker.java:105)
	at org.junit.jupiter.engine.execution.InvocationInterceptorChain$InterceptedInvocation.proceed(InvocationInterceptorChain.java:106)
	at org.junit.jupiter.engine.execution.InvocationInterceptorChain.proceed(InvocationInterceptorChain.java:64)
	at org.junit.jupiter.engine.execution.InvocationInterceptorChain.chainAndInvoke(InvocationInterceptorChain.java:45)
	at org.junit.jupiter.engine.execution.InvocationInterceptorChain.invoke(InvocationInterceptorChain.java:37)
	at org.junit.jupiter.engine.execution.ExecutableInvoker.invoke(ExecutableInvoker.java:104)
	at org.junit.jupiter.engine.execution.ExecutableInvoker.invoke(ExecutableInvoker.java:98)
	at org.junit.jupiter.engine.descriptor.TestMethodTestDescriptor.lambda$invokeTestMethod$6(TestMethodTestDescriptor.java:210)
	at org.junit.platform.engine.support.hierarchical.ThrowableCollector.execute(ThrowableCollector.java:73)
	at org.junit.jupiter.engine.descriptor.TestMethodTestDescriptor.invokeTestMethod(TestMethodTestDescriptor.java:206)
	at org.junit.jupiter.engine.descriptor.TestMethodTestDescriptor.execute(TestMethodTestDescriptor.java:131)
	at org.junit.jupiter.engine.descriptor.TestMethodTestDescriptor.execute(TestMethodTestDescriptor.java:65)
	at org.junit.platform.engine.support.hierarchical.NodeTestTask.lambda$executeRecursively$5(NodeTestTask.java:139)
	at org.junit.platform.engine.support.hierarchical.ThrowableCollector.execute(ThrowableCollector.java:73)
	at org.junit.platform.engine.support.hierarchical.NodeTestTask.lambda$executeRecursively$7(NodeTestTask.java:129)
	at org.junit.platform.engine.support.hierarchical.Node.around(Node.java:137)
	at org.junit.platform.engine.support.hierarchical.NodeTestTask.lambda$executeRecursively$8(NodeTestTask.java:127)
	at org.junit.platform.engine.support.hierarchical.ThrowableCollector.execute(ThrowableCollector.java:73)
	at org.junit.platform.engine.support.hierarchical.NodeTestTask.executeRecursively(NodeTestTask.java:126)
	at org.junit.platform.engine.support.hierarchical.NodeTestTask.execute(NodeTestTask.java:84)
	at java.util.ArrayList.forEach(ArrayList.java:1259)
	at org.junit.platform.engine.support.hierarchical.SameThreadHierarchicalTestExecutorService.invokeAll(SameThreadHierarchicalTestExecutorService.java:38)
	at org.junit.platform.engine.support.hierarchical.NodeTestTask.lambda$executeRecursively$5(NodeTestTask.java:143)
	at org.junit.platform.engine.support.hierarchical.ThrowableCollector.execute(ThrowableCollector.java:73)
	at org.junit.platform.engine.support.hierarchical.NodeTestTask.lambda$executeRecursively$7(NodeTestTask.java:129)
	at org.junit.platform.engine.support.hierarchical.Node.around(Node.java:137)
	at org.junit.platform.engine.support.hierarchical.NodeTestTask.lambda$executeRecursively$8(NodeTestTask.java:127)
	at org.junit.platform.engine.support.hierarchical.ThrowableCollector.execute(ThrowableCollector.java:73)
	at org.junit.platform.engine.support.hierarchical.NodeTestTask.executeRecursively(NodeTestTask.java:126)
	at org.junit.platform.engine.support.hierarchical.NodeTestTask.execute(NodeTestTask.java:84)
	at java.util.ArrayList.forEach(ArrayList.java:1259)
	at org.junit.platform.engine.support.hierarchical.SameThreadHierarchicalTestExecutorService.invokeAll(SameThreadHierarchicalTestExecutorService.java:38)
	at org.junit.platform.engine.support.hierarchical.NodeTestTask.lambda$executeRecursively$5(NodeTestTask.java:143)
	at org.junit.platform.engine.support.hierarchical.ThrowableCollector.execute(ThrowableCollector.java:73)
	at org.junit.platform.engine.support.hierarchical.NodeTestTask.lambda$executeRecursively$7(NodeTestTask.java:129)
	at org.junit.platform.engine.support.hierarchical.Node.around(Node.java:137)
	at org.junit.platform.engine.support.hierarchical.NodeTestTask.lambda$executeRecursively$8(NodeTestTask.java:127)
	at org.junit.platform.engine.support.hierarchical.ThrowableCollector.execute(ThrowableCollector.java:73)
	at org.junit.platform.engine.support.hierarchical.NodeTestTask.executeRecursively(NodeTestTask.java:126)
	at org.junit.platform.engine.support.hierarchical.NodeTestTask.execute(NodeTestTask.java:84)
	at org.junit.platform.engine.support.hierarchical.SameThreadHierarchicalTestExecutorService.submit(SameThreadHierarchicalTestExecutorService.java:32)
	at org.junit.platform.engine.support.hierarchical.HierarchicalTestExecutor.execute(HierarchicalTestExecutor.java:57)
	at org.junit.platform.engine.support.hierarchical.HierarchicalTestEngine.execute(HierarchicalTestEngine.java:51)
	at org.junit.platform.launcher.core.EngineExecutionOrchestrator.execute(EngineExecutionOrchestrator.java:108)
	at org.junit.platform.launcher.core.EngineExecutionOrchestrator.execute(EngineExecutionOrchestrator.java:88)
	at org.junit.platform.launcher.core.EngineExecutionOrchestrator.lambda$execute$0(EngineExecutionOrchestrator.java:54)
	at org.junit.platform.launcher.core.EngineExecutionOrchestrator.withInterceptedStreams(EngineExecutionOrchestrator.java:67)
	at org.junit.platform.launcher.core.EngineExecutionOrchestrator.execute(EngineExecutionOrchestrator.java:52)
	at org.junit.platform.launcher.core.DefaultLauncher.execute(DefaultLauncher.java:96)
	at org.junit.platform.launcher.core.DefaultLauncher.execute(DefaultLauncher.java:75)
	at org.apache.maven.surefire.junitplatform.JUnitPlatformProvider.execute(JUnitPlatformProvider.java:188)
	at org.apache.maven.surefire.junitplatform.JUnitPlatformProvider.invokeAllTests(JUnitPlatformProvider.java:154)
	at org.apache.maven.surefire.junitplatform.JUnitPlatformProvider.invoke(JUnitPlatformProvider.java:128)
	at org.apache.maven.surefire.booter.ForkedBooter.runSuitesInProcess(ForkedBooter.java:428)
	at org.apache.maven.surefire.booter.ForkedBooter.execute(ForkedBooter.java:162)
	at org.apache.maven.surefire.booter.ForkedBooter.run(ForkedBooter.java:562)
	at org.apache.maven.surefire.booter.ForkedBooter.main(ForkedBooter.java:548)
[main] INFO org.apache.nifi.security.util.crypto.BcryptCipherProviderGroovyTest - Using algorithm: AES/GCM/NoPadding
[main] WARN org.apache.nifi.security.util.crypto.BcryptSecureHasher - The provided cost factor 4 is below the recommended minimum 12.
[main] WARN org.apache.nifi.security.util.crypto.AESKeyedCipherProvider - An empty IV was provided of length 16 for encryption
[main] WARN org.apache.nifi.security.util.crypto.AESKeyedCipherProvider - Generating new IV. The value can be obtained in the calling code by invoking 'cipher.getIV()';
[main] INFO org.apache.nifi.security.util.crypto.BcryptCipherProviderGroovyTest - IV: 00000000000000000000000000000000
[main] INFO org.apache.nifi.security.util.crypto.BcryptCipherProviderGroovyTest - Cipher text: 91695c471bb6a403ee38debb852b0e4b95c94c7363d93b93f9d5634199961b2819f4fe3a44a98ff7098d55b71e470bc9 48
[main] WARN org.apache.nifi.security.util.crypto.BcryptSecureHasher - The provided cost factor 4 is below the recommended minimum 12.
[main] WARN org.apache.nifi.security.util.crypto.AESKeyedCipherProvider - An IV was provided of length 0 bytes for decryption but should be 16 bytes
[main] ERROR org.apache.nifi.security.util.crypto.BcryptCipherProvider - Encountered an error generating the Bcrypt hash
java.lang.IllegalArgumentException: Cannot decrypt without a valid IV
	at org.apache.nifi.security.util.crypto.AESKeyedCipherProvider.getInitializedCipher(AESKeyedCipherProvider.java:128)
	at org.apache.nifi.security.util.crypto.AESKeyedCipherProvider.getCipher(AESKeyedCipherProvider.java:60)
	at org.apache.nifi.security.util.crypto.BcryptCipherProvider.getInitializedCipher(BcryptCipherProvider.java:173)
	at org.apache.nifi.security.util.crypto.BcryptCipherProvider.createCipherAndHandleExceptions(BcryptCipherProvider.java:91)
	at org.apache.nifi.security.util.crypto.BcryptCipherProvider.getCipher(BcryptCipherProvider.java:86)
	at org.apache.nifi.security.util.crypto.BcryptCipherProvider.getCipher(BcryptCipherProvider.java:114)
	at org.apache.nifi.security.util.crypto.PBECipherProvider$getCipher$0.call(Unknown Source)
	at org.apache.nifi.security.util.crypto.BcryptCipherProviderGroovyTest$_testGetCipherForDecryptShouldRequireIV_closure7.doCall(BcryptCipherProviderGroovyTest.groovy:386)
	at org.apache.nifi.security.util.crypto.BcryptCipherProviderGroovyTest$_testGetCipherForDecryptShouldRequireIV_closure7.doCall(BcryptCipherProviderGroovyTest.groovy)
	at sun.reflect.NativeMethodAccessorImpl.invoke0(Native Method)
	at sun.reflect.NativeMethodAccessorImpl.invoke(NativeMethodAccessorImpl.java:62)
	at sun.reflect.DelegatingMethodAccessorImpl.invoke(DelegatingMethodAccessorImpl.java:43)
	at java.lang.reflect.Method.invoke(Method.java:498)
	at org.codehaus.groovy.reflection.CachedMethod.invoke(CachedMethod.java:101)
	at groovy.lang.MetaMethod.doMethodInvoke(MetaMethod.java:323)
	at org.codehaus.groovy.runtime.metaclass.ClosureMetaClass.invokeMethod(ClosureMetaClass.java:263)
	at groovy.lang.MetaClassImpl.invokeMethod(MetaClassImpl.java:1041)
	at groovy.lang.Closure.call(Closure.java:405)
	at groovy.lang.Closure.call(Closure.java:399)
	at groovy.test.GroovyAssert.shouldFail(GroovyAssert.java:118)
	at groovy.test.GroovyAssert$shouldFail.callStatic(Unknown Source)
	at org.apache.nifi.security.util.crypto.BcryptCipherProviderGroovyTest.testGetCipherForDecryptShouldRequireIV(BcryptCipherProviderGroovyTest.groovy:385)
	at sun.reflect.NativeMethodAccessorImpl.invoke0(Native Method)
	at sun.reflect.NativeMethodAccessorImpl.invoke(NativeMethodAccessorImpl.java:62)
	at sun.reflect.DelegatingMethodAccessorImpl.invoke(DelegatingMethodAccessorImpl.java:43)
	at java.lang.reflect.Method.invoke(Method.java:498)
	at org.junit.platform.commons.util.ReflectionUtils.invokeMethod(ReflectionUtils.java:688)
	at org.junit.jupiter.engine.execution.MethodInvocation.proceed(MethodInvocation.java:60)
	at org.junit.jupiter.engine.execution.InvocationInterceptorChain$ValidatingInvocation.proceed(InvocationInterceptorChain.java:131)
	at org.junit.jupiter.engine.extension.TimeoutExtension.intercept(TimeoutExtension.java:149)
	at org.junit.jupiter.engine.extension.TimeoutExtension.interceptTestableMethod(TimeoutExtension.java:140)
	at org.junit.jupiter.engine.extension.TimeoutExtension.interceptTestMethod(TimeoutExtension.java:84)
	at org.junit.jupiter.engine.execution.ExecutableInvoker$ReflectiveInterceptorCall.lambda$ofVoidMethod$0(ExecutableInvoker.java:115)
	at org.junit.jupiter.engine.execution.ExecutableInvoker.lambda$invoke$0(ExecutableInvoker.java:105)
	at org.junit.jupiter.engine.execution.InvocationInterceptorChain$InterceptedInvocation.proceed(InvocationInterceptorChain.java:106)
	at org.junit.jupiter.engine.execution.InvocationInterceptorChain.proceed(InvocationInterceptorChain.java:64)
	at org.junit.jupiter.engine.execution.InvocationInterceptorChain.chainAndInvoke(InvocationInterceptorChain.java:45)
	at org.junit.jupiter.engine.execution.InvocationInterceptorChain.invoke(InvocationInterceptorChain.java:37)
	at org.junit.jupiter.engine.execution.ExecutableInvoker.invoke(ExecutableInvoker.java:104)
	at org.junit.jupiter.engine.execution.ExecutableInvoker.invoke(ExecutableInvoker.java:98)
	at org.junit.jupiter.engine.descriptor.TestMethodTestDescriptor.lambda$invokeTestMethod$6(TestMethodTestDescriptor.java:210)
	at org.junit.platform.engine.support.hierarchical.ThrowableCollector.execute(ThrowableCollector.java:73)
	at org.junit.jupiter.engine.descriptor.TestMethodTestDescriptor.invokeTestMethod(TestMethodTestDescriptor.java:206)
	at org.junit.jupiter.engine.descriptor.TestMethodTestDescriptor.execute(TestMethodTestDescriptor.java:131)
	at org.junit.jupiter.engine.descriptor.TestMethodTestDescriptor.execute(TestMethodTestDescriptor.java:65)
	at org.junit.platform.engine.support.hierarchical.NodeTestTask.lambda$executeRecursively$5(NodeTestTask.java:139)
	at org.junit.platform.engine.support.hierarchical.ThrowableCollector.execute(ThrowableCollector.java:73)
	at org.junit.platform.engine.support.hierarchical.NodeTestTask.lambda$executeRecursively$7(NodeTestTask.java:129)
	at org.junit.platform.engine.support.hierarchical.Node.around(Node.java:137)
	at org.junit.platform.engine.support.hierarchical.NodeTestTask.lambda$executeRecursively$8(NodeTestTask.java:127)
	at org.junit.platform.engine.support.hierarchical.ThrowableCollector.execute(ThrowableCollector.java:73)
	at org.junit.platform.engine.support.hierarchical.NodeTestTask.executeRecursively(NodeTestTask.java:126)
	at org.junit.platform.engine.support.hierarchical.NodeTestTask.execute(NodeTestTask.java:84)
	at java.util.ArrayList.forEach(ArrayList.java:1259)
	at org.junit.platform.engine.support.hierarchical.SameThreadHierarchicalTestExecutorService.invokeAll(SameThreadHierarchicalTestExecutorService.java:38)
	at org.junit.platform.engine.support.hierarchical.NodeTestTask.lambda$executeRecursively$5(NodeTestTask.java:143)
	at org.junit.platform.engine.support.hierarchical.ThrowableCollector.execute(ThrowableCollector.java:73)
	at org.junit.platform.engine.support.hierarchical.NodeTestTask.lambda$executeRecursively$7(NodeTestTask.java:129)
	at org.junit.platform.engine.support.hierarchical.Node.around(Node.java:137)
	at org.junit.platform.engine.support.hierarchical.NodeTestTask.lambda$executeRecursively$8(NodeTestTask.java:127)
	at org.junit.platform.engine.support.hierarchical.ThrowableCollector.execute(ThrowableCollector.java:73)
	at org.junit.platform.engine.support.hierarchical.NodeTestTask.executeRecursively(NodeTestTask.java:126)
	at org.junit.platform.engine.support.hierarchical.NodeTestTask.execute(NodeTestTask.java:84)
	at java.util.ArrayList.forEach(ArrayList.java:1259)
	at org.junit.platform.engine.support.hierarchical.SameThreadHierarchicalTestExecutorService.invokeAll(SameThreadHierarchicalTestExecutorService.java:38)
	at org.junit.platform.engine.support.hierarchical.NodeTestTask.lambda$executeRecursively$5(NodeTestTask.java:143)
	at org.junit.platform.engine.support.hierarchical.ThrowableCollector.execute(ThrowableCollector.java:73)
	at org.junit.platform.engine.support.hierarchical.NodeTestTask.lambda$executeRecursively$7(NodeTestTask.java:129)
	at org.junit.platform.engine.support.hierarchical.Node.around(Node.java:137)
	at org.junit.platform.engine.support.hierarchical.NodeTestTask.lambda$executeRecursively$8(NodeTestTask.java:127)
	at org.junit.platform.engine.support.hierarchical.ThrowableCollector.execute(ThrowableCollector.java:73)
	at org.junit.platform.engine.support.hierarchical.NodeTestTask.executeRecursively(NodeTestTask.java:126)
	at org.junit.platform.engine.support.hierarchical.NodeTestTask.execute(NodeTestTask.java:84)
	at org.junit.platform.engine.support.hierarchical.SameThreadHierarchicalTestExecutorService.submit(SameThreadHierarchicalTestExecutorService.java:32)
	at org.junit.platform.engine.support.hierarchical.HierarchicalTestExecutor.execute(HierarchicalTestExecutor.java:57)
	at org.junit.platform.engine.support.hierarchical.HierarchicalTestEngine.execute(HierarchicalTestEngine.java:51)
	at org.junit.platform.launcher.core.EngineExecutionOrchestrator.execute(EngineExecutionOrchestrator.java:108)
	at org.junit.platform.launcher.core.EngineExecutionOrchestrator.execute(EngineExecutionOrchestrator.java:88)
	at org.junit.platform.launcher.core.EngineExecutionOrchestrator.lambda$execute$0(EngineExecutionOrchestrator.java:54)
	at org.junit.platform.launcher.core.EngineExecutionOrchestrator.withInterceptedStreams(EngineExecutionOrchestrator.java:67)
	at org.junit.platform.launcher.core.EngineExecutionOrchestrator.execute(EngineExecutionOrchestrator.java:52)
	at org.junit.platform.launcher.core.DefaultLauncher.execute(DefaultLauncher.java:96)
	at org.junit.platform.launcher.core.DefaultLauncher.execute(DefaultLauncher.java:75)
	at org.apache.maven.surefire.junitplatform.JUnitPlatformProvider.execute(JUnitPlatformProvider.java:188)
	at org.apache.maven.surefire.junitplatform.JUnitPlatformProvider.invokeAllTests(JUnitPlatformProvider.java:154)
	at org.apache.maven.surefire.junitplatform.JUnitPlatformProvider.invoke(JUnitPlatformProvider.java:128)
	at org.apache.maven.surefire.booter.ForkedBooter.runSuitesInProcess(ForkedBooter.java:428)
	at org.apache.maven.surefire.booter.ForkedBooter.execute(ForkedBooter.java:162)
	at org.apache.maven.surefire.booter.ForkedBooter.run(ForkedBooter.java:562)
	at org.apache.maven.surefire.booter.ForkedBooter.main(ForkedBooter.java:548)
]]></system-err>
  </testcase>
  <testcase name="testHashPWShouldMatchTestVectors" classname="org.apache.nifi.security.util.crypto.BcryptCipherProviderGroovyTest" time="0.157">
    <system-err><![CDATA[[main] INFO org.apache.nifi.security.util.crypto.BcryptCipherProviderGroovyTest - Generated $2a$10$fVH8e28OQRj9tqiDXs1e1uxpsjN0c7II7YPKXua2NAKYvM6iQk7dq
[main] WARN org.apache.nifi.security.util.crypto.BcryptSecureHasher - The provided cost factor 10 is below the recommended minimum 12.
[main] INFO org.apache.nifi.security.util.crypto.BcryptCipherProviderGroovyTest - Generated $2a$10$fVH8e28OQRj9tqiDXs1e1uxpsjN0c7II7YPKXua2NAKYvM6iQk7dq
]]></system-err>
  </testcase>
  <testcase name="testGetCipherShouldNotAcceptInvalidKeyLengths" classname="org.apache.nifi.security.util.crypto.BcryptCipherProviderGroovyTest" time="0.004">
    <system-err><![CDATA[[main] WARN org.apache.nifi.security.util.crypto.BcryptCipherProvider - The provided work factor 4 is below the recommended minimum 12
[main] INFO org.apache.nifi.security.util.crypto.BcryptCipherProviderGroovyTest - Using algorithm: AES/CBC/PKCS7Padding with key length -1
[main] INFO org.apache.nifi.security.util.crypto.BcryptCipherProviderGroovyTest - Using algorithm: AES/CBC/PKCS7Padding with key length 40
[main] INFO org.apache.nifi.security.util.crypto.BcryptCipherProviderGroovyTest - Using algorithm: AES/CBC/PKCS7Padding with key length 64
[main] INFO org.apache.nifi.security.util.crypto.BcryptCipherProviderGroovyTest - Using algorithm: AES/CBC/PKCS7Padding with key length 112
[main] INFO org.apache.nifi.security.util.crypto.BcryptCipherProviderGroovyTest - Using algorithm: AES/CBC/PKCS7Padding with key length 512
]]></system-err>
  </testcase>
  <testcase name="testGetCipherShouldSupportExternalCompatibility" classname="org.apache.nifi.security.util.crypto.BcryptCipherProviderGroovyTest" time="0.235">
    <system-err><![CDATA[[main] WARN org.apache.nifi.security.util.crypto.BcryptCipherProvider - The provided work factor 10 is below the recommended minimum 12
[main] INFO org.apache.nifi.security.util.crypto.BcryptCipherProviderGroovyTest - Full Hash: $2a$10$LBVzJoPgh.85YCvnos4BKOyYM.LRni6UbU4v/CEPBkmFIiigADJZi
[main] INFO org.apache.nifi.security.util.crypto.BcryptCipherProviderGroovyTest -      Hash:                              yYM.LRni6UbU4v/CEPBkmFIiigADJZi
[main] INFO org.apache.nifi.security.util.crypto.BcryptCipherProviderGroovyTest -  B64 Salt:        LBVzJoPgh.85YCvnos4BKO
[main] INFO org.apache.nifi.security.util.crypto.BcryptCipherProviderGroovyTest - Extracted Salt:   LBVzJoPgh.85YCvnos4BKO
[main] INFO org.apache.nifi.security.util.crypto.BcryptCipherProviderGroovyTest - Extracted Salt (hex): 3435f52ea4628c0fbb684c69aaee8331
[main] INFO org.apache.nifi.security.util.crypto.BcryptCipherProviderGroovyTest -  Expected Salt (hex): 3435f52ea4628c0fbb684c69aaee8331
[main] INFO org.apache.nifi.security.util.crypto.BcryptCipherProviderGroovyTest - Using algorithm: AES/CBC/PKCS7Padding
[main] INFO org.apache.nifi.security.util.crypto.BcryptCipherProviderGroovyTest - External cipher text: d232b68e7aa38242d195c54b8f360d8b8d6b7580b190ffdeef99f5fe460bd6b0 32
[main] INFO org.apache.nifi.security.util.crypto.BcryptCipherProviderGroovyTest - Expected cipher text: d232b68e7aa38242d195c54b8f360d8b8d6b7580b190ffdeef99f5fe460bd6b0
[main] INFO org.apache.nifi.security.util.crypto.BcryptCipherProviderGroovyTest - [SANITY] Decrypted external cipher text and generated cipher text successfully
[main] INFO org.apache.nifi.security.util.crypto.BcryptCipherProviderGroovyTest - [SANITY] Salt from external: $2a$10$LBVzJoPgh.85YCvnos4BKO
[main] INFO org.apache.nifi.security.util.crypto.BcryptCipherProviderGroovyTest - [SANITY] Generated hash: $2a$10$LBVzJoPgh.85YCvnos4BKOyYM.LRni6UbU4v/CEPBkmFIiigADJZi
[main] WARN org.apache.nifi.security.util.crypto.BcryptSecureHasher - The provided cost factor 10 is below the recommended minimum 12.
[main] INFO org.apache.nifi.security.util.crypto.BcryptCipherProviderGroovyTest - Recovered: This is a plaintext message.
]]></system-err>
  </testcase>
  <testcase name="testGetCipherWithUnlimitedStrengthShouldBeInternallyConsistent" classname="org.apache.nifi.security.util.crypto.BcryptCipherProviderGroovyTest" time="0.019">
    <system-err><![CDATA[[main] WARN org.apache.nifi.security.util.crypto.BcryptCipherProvider - The provided work factor 4 is below the recommended minimum 12
[main] INFO org.apache.nifi.security.util.crypto.BcryptCipherProviderGroovyTest - Using algorithm: AES/CBC/NoPadding
[main] WARN org.apache.nifi.security.util.crypto.BcryptSecureHasher - The provided cost factor 4 is below the recommended minimum 12.
[main] WARN org.apache.nifi.security.util.crypto.AESKeyedCipherProvider - An IV was provided of length 0 bytes for encryption but should be 16 bytes
[main] WARN org.apache.nifi.security.util.crypto.AESKeyedCipherProvider - Generating new IV. The value can be obtained in the calling code by invoking 'cipher.getIV()';
[main] INFO org.apache.nifi.security.util.crypto.BcryptCipherProviderGroovyTest - IV: 5adcc82202edb313dbbcc9e0d68d9bc1
[main] INFO org.apache.nifi.security.util.crypto.BcryptCipherProviderGroovyTest - Cipher text: 7f72ded14ce36c4fd4a41ef15b5bef790aafe094d0199bc6d2bbf9f49244c84b 32
[main] WARN org.apache.nifi.security.util.crypto.BcryptSecureHasher - The provided cost factor 4 is below the recommended minimum 12.
[main] INFO org.apache.nifi.security.util.crypto.BcryptCipherProviderGroovyTest - Recovered: ExactBlockSizeRequiredForProcess
[main] INFO org.apache.nifi.security.util.crypto.BcryptCipherProviderGroovyTest - Using algorithm: AES/CBC/PKCS7Padding
[main] WARN org.apache.nifi.security.util.crypto.BcryptSecureHasher - The provided cost factor 4 is below the recommended minimum 12.
[main] WARN org.apache.nifi.security.util.crypto.AESKeyedCipherProvider - An IV was provided of length 0 bytes for encryption but should be 16 bytes
[main] WARN org.apache.nifi.security.util.crypto.AESKeyedCipherProvider - Generating new IV. The value can be obtained in the calling code by invoking 'cipher.getIV()';
[main] INFO org.apache.nifi.security.util.crypto.BcryptCipherProviderGroovyTest - IV: 33cab74f29a98334c68380ffb54146e0
[main] INFO org.apache.nifi.security.util.crypto.BcryptCipherProviderGroovyTest - Cipher text: 24d6676dceb7f859ec43ff0ffc508be7e29dc5398deed91bcb638d0f161216aa739d9734c5790a295e03fab26c6a1251 48
[main] WARN org.apache.nifi.security.util.crypto.BcryptSecureHasher - The provided cost factor 4 is below the recommended minimum 12.
[main] INFO org.apache.nifi.security.util.crypto.BcryptCipherProviderGroovyTest - Recovered: ExactBlockSizeRequiredForProcess
[main] INFO org.apache.nifi.security.util.crypto.BcryptCipherProviderGroovyTest - Using algorithm: AES/CTR/NoPadding
[main] WARN org.apache.nifi.security.util.crypto.BcryptSecureHasher - The provided cost factor 4 is below the recommended minimum 12.
[main] WARN org.apache.nifi.security.util.crypto.AESKeyedCipherProvider - An IV was provided of length 0 bytes for encryption but should be 16 bytes
[main] WARN org.apache.nifi.security.util.crypto.AESKeyedCipherProvider - Generating new IV. The value can be obtained in the calling code by invoking 'cipher.getIV()';
[main] INFO org.apache.nifi.security.util.crypto.BcryptCipherProviderGroovyTest - IV: 5744464a8d05808470a10ded2e458c0d
[main] INFO org.apache.nifi.security.util.crypto.BcryptCipherProviderGroovyTest - Cipher text: 1421526211e420513cf55c7a3a90bec26fad1d8301c4d552e102200c7c32c820 32
[main] WARN org.apache.nifi.security.util.crypto.BcryptSecureHasher - The provided cost factor 4 is below the recommended minimum 12.
[main] INFO org.apache.nifi.security.util.crypto.BcryptCipherProviderGroovyTest - Recovered: ExactBlockSizeRequiredForProcess
[main] INFO org.apache.nifi.security.util.crypto.BcryptCipherProviderGroovyTest - Using algorithm: AES/GCM/NoPadding
[main] WARN org.apache.nifi.security.util.crypto.BcryptSecureHasher - The provided cost factor 4 is below the recommended minimum 12.
[main] WARN org.apache.nifi.security.util.crypto.AESKeyedCipherProvider - An IV was provided of length 0 bytes for encryption but should be 16 bytes
[main] WARN org.apache.nifi.security.util.crypto.AESKeyedCipherProvider - Generating new IV. The value can be obtained in the calling code by invoking 'cipher.getIV()';
[main] INFO org.apache.nifi.security.util.crypto.BcryptCipherProviderGroovyTest - IV: df116078976b9b41b6890d97cc7246d6
[main] INFO org.apache.nifi.security.util.crypto.BcryptCipherProviderGroovyTest - Cipher text: 9b97cb4c0652959b5ba95e3b7d2ecbc279283c220f7bf30255fc4d5a875688390de0e2d102c4cf707034891a1fcb1b15 48
[main] WARN org.apache.nifi.security.util.crypto.BcryptSecureHasher - The provided cost factor 4 is below the recommended minimum 12.
[main] INFO org.apache.nifi.security.util.crypto.BcryptCipherProviderGroovyTest - Recovered: ExactBlockSizeRequiredForProcess
]]></system-err>
  </testcase>
  <testcase name="testDefaultConstructorShouldProvideStrongWorkFactor" classname="org.apache.nifi.security.util.crypto.BcryptCipherProviderGroovyTest" time="0">
    <skipped message="This test can be run on a specific machine to evaluate if the default work factor is sufficient"/>
  </testcase>
  <testcase name="testGetCipherShouldBeInternallyConsistent" classname="org.apache.nifi.security.util.crypto.BcryptCipherProviderGroovyTest" time="0.015">
    <system-err><![CDATA[[main] WARN org.apache.nifi.security.util.crypto.BcryptCipherProvider - The provided work factor 4 is below the recommended minimum 12
[main] INFO org.apache.nifi.security.util.crypto.BcryptCipherProviderGroovyTest - Using algorithm: AES/CBC/NoPadding
[main] WARN org.apache.nifi.security.util.crypto.BcryptSecureHasher - The provided cost factor 4 is below the recommended minimum 12.
[main] WARN org.apache.nifi.security.util.crypto.AESKeyedCipherProvider - An IV was provided of length 0 bytes for encryption but should be 16 bytes
[main] WARN org.apache.nifi.security.util.crypto.AESKeyedCipherProvider - Generating new IV. The value can be obtained in the calling code by invoking 'cipher.getIV()';
[main] INFO org.apache.nifi.security.util.crypto.BcryptCipherProviderGroovyTest - IV: e1037d91d28c0a18a5c2c45064b7045c
[main] INFO org.apache.nifi.security.util.crypto.BcryptCipherProviderGroovyTest - Cipher text: 880e375c126db25895edd07f85b5a683d32a199a8195425bd0e8c7f3bd5c944d 32
[main] WARN org.apache.nifi.security.util.crypto.BcryptSecureHasher - The provided cost factor 4 is below the recommended minimum 12.
[main] INFO org.apache.nifi.security.util.crypto.BcryptCipherProviderGroovyTest - Recovered: ExactBlockSizeRequiredForProcess
[main] INFO org.apache.nifi.security.util.crypto.BcryptCipherProviderGroovyTest - Using algorithm: AES/CBC/PKCS7Padding
[main] WARN org.apache.nifi.security.util.crypto.BcryptSecureHasher - The provided cost factor 4 is below the recommended minimum 12.
[main] WARN org.apache.nifi.security.util.crypto.AESKeyedCipherProvider - An IV was provided of length 0 bytes for encryption but should be 16 bytes
[main] WARN org.apache.nifi.security.util.crypto.AESKeyedCipherProvider - Generating new IV. The value can be obtained in the calling code by invoking 'cipher.getIV()';
[main] INFO org.apache.nifi.security.util.crypto.BcryptCipherProviderGroovyTest - IV: 1dd32cae497f1d9eaeec4dca877db3f3
[main] INFO org.apache.nifi.security.util.crypto.BcryptCipherProviderGroovyTest - Cipher text: 30506bb25bb15d69687553720ae226a48e59c37aad6ca2ddfefe9ab28154e03abd59a25c815e9e3b2e1e44828bf04b44 48
[main] WARN org.apache.nifi.security.util.crypto.BcryptSecureHasher - The provided cost factor 4 is below the recommended minimum 12.
[main] INFO org.apache.nifi.security.util.crypto.BcryptCipherProviderGroovyTest - Recovered: ExactBlockSizeRequiredForProcess
[main] INFO org.apache.nifi.security.util.crypto.BcryptCipherProviderGroovyTest - Using algorithm: AES/CTR/NoPadding
[main] WARN org.apache.nifi.security.util.crypto.BcryptSecureHasher - The provided cost factor 4 is below the recommended minimum 12.
[main] WARN org.apache.nifi.security.util.crypto.AESKeyedCipherProvider - An IV was provided of length 0 bytes for encryption but should be 16 bytes
[main] WARN org.apache.nifi.security.util.crypto.AESKeyedCipherProvider - Generating new IV. The value can be obtained in the calling code by invoking 'cipher.getIV()';
[main] INFO org.apache.nifi.security.util.crypto.BcryptCipherProviderGroovyTest - IV: 0dd40b7b823426c80d09633e5930029f
[main] INFO org.apache.nifi.security.util.crypto.BcryptCipherProviderGroovyTest - Cipher text: a0809212039ab2615cd61488206ea01d5fec2f7c0894f5366b0015e454f0c289 32
[main] WARN org.apache.nifi.security.util.crypto.BcryptSecureHasher - The provided cost factor 4 is below the recommended minimum 12.
[main] INFO org.apache.nifi.security.util.crypto.BcryptCipherProviderGroovyTest - Recovered: ExactBlockSizeRequiredForProcess
[main] INFO org.apache.nifi.security.util.crypto.BcryptCipherProviderGroovyTest - Using algorithm: AES/GCM/NoPadding
[main] WARN org.apache.nifi.security.util.crypto.BcryptSecureHasher - The provided cost factor 4 is below the recommended minimum 12.
[main] WARN org.apache.nifi.security.util.crypto.AESKeyedCipherProvider - An IV was provided of length 0 bytes for encryption but should be 16 bytes
[main] WARN org.apache.nifi.security.util.crypto.AESKeyedCipherProvider - Generating new IV. The value can be obtained in the calling code by invoking 'cipher.getIV()';
[main] INFO org.apache.nifi.security.util.crypto.BcryptCipherProviderGroovyTest - IV: c509aeccae939315b3982dc82adece61
[main] INFO org.apache.nifi.security.util.crypto.BcryptCipherProviderGroovyTest - Cipher text: 29963a0a67c7cab4f3fced18c01c9e987d578d75242cb5c287fd664c036b099e077dbe9a725d2b63953f3c4b6df7843d 48
[main] WARN org.apache.nifi.security.util.crypto.BcryptSecureHasher - The provided cost factor 4 is below the recommended minimum 12.
[main] INFO org.apache.nifi.security.util.crypto.BcryptCipherProviderGroovyTest - Recovered: ExactBlockSizeRequiredForProcess
]]></system-err>
  </testcase>
  <testcase name="testGetCipherShouldHandleFullSalt" classname="org.apache.nifi.security.util.crypto.BcryptCipherProviderGroovyTest" time="0.073">
    <system-err><![CDATA[[main] WARN org.apache.nifi.security.util.crypto.BcryptCipherProvider - The provided work factor 10 is below the recommended minimum 12
[main] INFO org.apache.nifi.security.util.crypto.BcryptCipherProviderGroovyTest - Full Hash: $2a$10$LBVzJoPgh.85YCvnos4BKOyYM.LRni6UbU4v/CEPBkmFIiigADJZi
[main] INFO org.apache.nifi.security.util.crypto.BcryptCipherProviderGroovyTest -      Salt: $2a$10$LBVzJoPgh.85YCvnos4BKO
[main] INFO org.apache.nifi.security.util.crypto.BcryptCipherProviderGroovyTest -      Hash:                              yYM.LRni6UbU4v/CEPBkmFIiigADJZi
[main] INFO org.apache.nifi.security.util.crypto.BcryptCipherProviderGroovyTest - Extracted Salt:   LBVzJoPgh.85YCvnos4BKO
[main] INFO org.apache.nifi.security.util.crypto.BcryptCipherProviderGroovyTest - Extracted Salt (hex): 3435f52ea4628c0fbb684c69aaee8331
[main] INFO org.apache.nifi.security.util.crypto.BcryptCipherProviderGroovyTest - Using algorithm: AES/CBC/PKCS7Padding
[main] INFO org.apache.nifi.security.util.crypto.BcryptCipherProviderGroovyTest - External cipher text: d232b68e7aa38242d195c54b8f360d8b8d6b7580b190ffdeef99f5fe460bd6b0 32
[main] WARN org.apache.nifi.security.util.crypto.BcryptSecureHasher - The provided cost factor 10 is below the recommended minimum 12.
[main] INFO org.apache.nifi.security.util.crypto.BcryptCipherProviderGroovyTest - Recovered: This is a plaintext message.
]]></system-err>
  </testcase>
  <testcase name="testGetCipherShouldAcceptValidKeyLengths" classname="org.apache.nifi.security.util.crypto.BcryptCipherProviderGroovyTest" time="0.012">
    <system-err><![CDATA[[main] WARN org.apache.nifi.security.util.crypto.BcryptCipherProvider - The provided work factor 4 is below the recommended minimum 12
[main] INFO org.apache.nifi.security.util.crypto.BcryptCipherProviderGroovyTest - Using algorithm: AES/CBC/PKCS7Padding with key length 128
[main] WARN org.apache.nifi.security.util.crypto.BcryptSecureHasher - The provided cost factor 4 is below the recommended minimum 12.
[main] INFO org.apache.nifi.security.util.crypto.BcryptCipherProviderGroovyTest - IV: 01010101010101010101010101010101
[main] INFO org.apache.nifi.security.util.crypto.BcryptCipherProviderGroovyTest - Cipher text: e8beec588921dd7a88133167774b29afb8c372336a63a58dbb2d83fd60140b032b3925554f58cb71fa519f6d7f39494f 48
[main] WARN org.apache.nifi.security.util.crypto.BcryptSecureHasher - The provided cost factor 4 is below the recommended minimum 12.
[main] INFO org.apache.nifi.security.util.crypto.BcryptCipherProviderGroovyTest - Recovered: ExactBlockSizeRequiredForProcess
[main] INFO org.apache.nifi.security.util.crypto.BcryptCipherProviderGroovyTest - Using algorithm: AES/CBC/PKCS7Padding with key length 192
[main] WARN org.apache.nifi.security.util.crypto.BcryptSecureHasher - The provided cost factor 4 is below the recommended minimum 12.
[main] INFO org.apache.nifi.security.util.crypto.BcryptCipherProviderGroovyTest - IV: 01010101010101010101010101010101
[main] INFO org.apache.nifi.security.util.crypto.BcryptCipherProviderGroovyTest - Cipher text: 2cd32282e789b3bd860386a96eaa51bb6a07a2b0fa1f119ff44bbbdb5f193c1c2db09ea02fa6bf67812e71a443a34b8e 48
[main] WARN org.apache.nifi.security.util.crypto.BcryptSecureHasher - The provided cost factor 4 is below the recommended minimum 12.
[main] INFO org.apache.nifi.security.util.crypto.BcryptCipherProviderGroovyTest - Recovered: ExactBlockSizeRequiredForProcess
[main] INFO org.apache.nifi.security.util.crypto.BcryptCipherProviderGroovyTest - Using algorithm: AES/CBC/PKCS7Padding with key length 256
[main] WARN org.apache.nifi.security.util.crypto.BcryptSecureHasher - The provided cost factor 4 is below the recommended minimum 12.
[main] INFO org.apache.nifi.security.util.crypto.BcryptCipherProviderGroovyTest - IV: 01010101010101010101010101010101
[main] INFO org.apache.nifi.security.util.crypto.BcryptCipherProviderGroovyTest - Cipher text: 4d6c3efc4778044ef1810fa66162966dd9b4cbf202d00512d94ea432ef51b229b921671d702f9f01de0b1b58c2ba0e95 48
[main] WARN org.apache.nifi.security.util.crypto.BcryptSecureHasher - The provided cost factor 4 is below the recommended minimum 12.
[main] INFO org.apache.nifi.security.util.crypto.BcryptCipherProviderGroovyTest - Recovered: ExactBlockSizeRequiredForProcess
]]></system-err>
  </testcase>
  <testcase name="testGenerateSaltShouldUseProvidedWorkFactor" classname="org.apache.nifi.security.util.crypto.BcryptCipherProviderGroovyTest" time="0.001">
    <system-err><![CDATA[[main] WARN org.apache.nifi.security.util.crypto.BcryptCipherProvider - The provided work factor 11 is below the recommended minimum 12
[main] INFO org.apache.nifi.security.util.crypto.BcryptCipherProviderGroovyTest - Salt: $2a$11$TdfB8hEMOxxL6hSriJIlSO
]]></system-err>
  </testcase>
  <testcase name="testGetCipherShouldHandleUnformedSalt" classname="org.apache.nifi.security.util.crypto.BcryptCipherProviderGroovyTest" time="0.004">
    <system-err><![CDATA[[main] WARN org.apache.nifi.security.util.crypto.BcryptCipherProvider - The provided work factor 4 is below the recommended minimum 12
[main] INFO org.apache.nifi.security.util.crypto.BcryptCipherProviderGroovyTest - Using algorithm: AES/CBC/PKCS7Padding
[main] INFO org.apache.nifi.security.util.crypto.BcryptCipherProviderGroovyTest - Checking salt $ab$00$acbdefghijklmnopqrstuv
[main] INFO org.apache.nifi.security.util.crypto.BcryptCipherProviderGroovyTest - [EXPECTED] java.lang.IllegalArgumentException: The salt must be of the format $2a$10$gUVbkVzp79H8YaCOsCVZNu. To generate a salt, use BcryptCipherProvider#generateSalt()
[main] INFO org.apache.nifi.security.util.crypto.BcryptCipherProviderGroovyTest - Checking salt bad_salt
[main] INFO org.apache.nifi.security.util.crypto.BcryptCipherProviderGroovyTest - [EXPECTED] java.lang.IllegalArgumentException: The salt must be of the format $2a$10$gUVbkVzp79H8YaCOsCVZNu. To generate a salt, use BcryptCipherProvider#generateSalt()
[main] INFO org.apache.nifi.security.util.crypto.BcryptCipherProviderGroovyTest - Checking salt $3a$11$
[main] INFO org.apache.nifi.security.util.crypto.BcryptCipherProviderGroovyTest - [EXPECTED] java.lang.IllegalArgumentException: The salt must be of the format $2a$10$gUVbkVzp79H8YaCOsCVZNu. To generate a salt, use BcryptCipherProvider#generateSalt()
[main] INFO org.apache.nifi.security.util.crypto.BcryptCipherProviderGroovyTest - Checking salt x
[main] INFO org.apache.nifi.security.util.crypto.BcryptCipherProviderGroovyTest - [EXPECTED] java.lang.IllegalArgumentException: The salt must be of the format $2a$10$gUVbkVzp79H8YaCOsCVZNu. To generate a salt, use BcryptCipherProvider#generateSalt()
[main] INFO org.apache.nifi.security.util.crypto.BcryptCipherProviderGroovyTest - Checking salt $2a$10$
[main] INFO org.apache.nifi.security.util.crypto.BcryptCipherProviderGroovyTest - [EXPECTED] java.lang.IllegalArgumentException: The salt must be of the format $2a$10$gUVbkVzp79H8YaCOsCVZNu. To generate a salt, use BcryptCipherProvider#generateSalt()
]]></system-err>
  </testcase>
  <testcase name="testGetCipherShouldBeBackwardCompatibleWithFullHashKeyDerivation" classname="org.apache.nifi.security.util.crypto.BcryptCipherProviderGroovyTest" time="0.015">
    <system-err><![CDATA[[main] WARN org.apache.nifi.security.util.crypto.BcryptCipherProvider - The provided work factor 4 is below the recommended minimum 12
[main] INFO org.apache.nifi.security.util.crypto.BcryptCipherProviderGroovyTest - Using algorithm: AES/CBC/NoPadding
[main] WARN org.apache.nifi.security.util.crypto.BcryptSecureHasher - The provided cost factor 4 is below the recommended minimum 12.
[main] WARN org.apache.nifi.security.util.crypto.KeyDerivationBcryptSecureHasher - Using Legacy Key Derivation on bcrypt hash including cost and salt
[main] WARN org.apache.nifi.security.util.crypto.AESKeyedCipherProvider - An IV was provided of length 0 bytes for encryption but should be 16 bytes
[main] WARN org.apache.nifi.security.util.crypto.AESKeyedCipherProvider - Generating new IV. The value can be obtained in the calling code by invoking 'cipher.getIV()';
[main] INFO org.apache.nifi.security.util.crypto.BcryptCipherProviderGroovyTest - IV: 2e349af4c704145e897fad49cbf6b6ef
[main] INFO org.apache.nifi.security.util.crypto.BcryptCipherProviderGroovyTest - Cipher text: 88b6270d2c9e3449e4a3d79572f1f4cff444f97abeed5f6cb6a5019006b8ba38 32
[main] WARN org.apache.nifi.security.util.crypto.BcryptSecureHasher - The provided cost factor 4 is below the recommended minimum 12.
[main] WARN org.apache.nifi.security.util.crypto.KeyDerivationBcryptSecureHasher - Using Legacy Key Derivation on bcrypt hash including cost and salt
[main] INFO org.apache.nifi.security.util.crypto.BcryptCipherProviderGroovyTest - Recovered: ExactBlockSizeRequiredForProcess
[main] INFO org.apache.nifi.security.util.crypto.BcryptCipherProviderGroovyTest - Using algorithm: AES/CBC/PKCS7Padding
[main] WARN org.apache.nifi.security.util.crypto.BcryptSecureHasher - The provided cost factor 4 is below the recommended minimum 12.
[main] WARN org.apache.nifi.security.util.crypto.KeyDerivationBcryptSecureHasher - Using Legacy Key Derivation on bcrypt hash including cost and salt
[main] WARN org.apache.nifi.security.util.crypto.AESKeyedCipherProvider - An IV was provided of length 0 bytes for encryption but should be 16 bytes
[main] WARN org.apache.nifi.security.util.crypto.AESKeyedCipherProvider - Generating new IV. The value can be obtained in the calling code by invoking 'cipher.getIV()';
[main] INFO org.apache.nifi.security.util.crypto.BcryptCipherProviderGroovyTest - IV: 12c78e186e25aed82817e288b2ffe9c0
[main] INFO org.apache.nifi.security.util.crypto.BcryptCipherProviderGroovyTest - Cipher text: 21142f8cb2483338ba1a410dcae81b147c901dc106041c056f3bf5882d659cb9b2f35bd543fae5c0c004c85138916282 48
[main] WARN org.apache.nifi.security.util.crypto.BcryptSecureHasher - The provided cost factor 4 is below the recommended minimum 12.
[main] WARN org.apache.nifi.security.util.crypto.KeyDerivationBcryptSecureHasher - Using Legacy Key Derivation on bcrypt hash including cost and salt
[main] INFO org.apache.nifi.security.util.crypto.BcryptCipherProviderGroovyTest - Recovered: ExactBlockSizeRequiredForProcess
[main] INFO org.apache.nifi.security.util.crypto.BcryptCipherProviderGroovyTest - Using algorithm: AES/CTR/NoPadding
[main] WARN org.apache.nifi.security.util.crypto.BcryptSecureHasher - The provided cost factor 4 is below the recommended minimum 12.
[main] WARN org.apache.nifi.security.util.crypto.KeyDerivationBcryptSecureHasher - Using Legacy Key Derivation on bcrypt hash including cost and salt
[main] WARN org.apache.nifi.security.util.crypto.AESKeyedCipherProvider - An IV was provided of length 0 bytes for encryption but should be 16 bytes
[main] WARN org.apache.nifi.security.util.crypto.AESKeyedCipherProvider - Generating new IV. The value can be obtained in the calling code by invoking 'cipher.getIV()';
[main] INFO org.apache.nifi.security.util.crypto.BcryptCipherProviderGroovyTest - IV: 7eacaf5bc354ec1a3bccfaa208627131
[main] INFO org.apache.nifi.security.util.crypto.BcryptCipherProviderGroovyTest - Cipher text: e80550b3f00605094f7ab5144ea737764785c9c04f8f2c8a5184e7ee5d5644e3 32
[main] WARN org.apache.nifi.security.util.crypto.BcryptSecureHasher - The provided cost factor 4 is below the recommended minimum 12.
[main] WARN org.apache.nifi.security.util.crypto.KeyDerivationBcryptSecureHasher - Using Legacy Key Derivation on bcrypt hash including cost and salt
[main] INFO org.apache.nifi.security.util.crypto.BcryptCipherProviderGroovyTest - Recovered: ExactBlockSizeRequiredForProcess
[main] INFO org.apache.nifi.security.util.crypto.BcryptCipherProviderGroovyTest - Using algorithm: AES/GCM/NoPadding
[main] WARN org.apache.nifi.security.util.crypto.BcryptSecureHasher - The provided cost factor 4 is below the recommended minimum 12.
[main] WARN org.apache.nifi.security.util.crypto.KeyDerivationBcryptSecureHasher - Using Legacy Key Derivation on bcrypt hash including cost and salt
[main] WARN org.apache.nifi.security.util.crypto.AESKeyedCipherProvider - An IV was provided of length 0 bytes for encryption but should be 16 bytes
[main] WARN org.apache.nifi.security.util.crypto.AESKeyedCipherProvider - Generating new IV. The value can be obtained in the calling code by invoking 'cipher.getIV()';
[main] INFO org.apache.nifi.security.util.crypto.BcryptCipherProviderGroovyTest - IV: 5e646bb32b9301d39e82f7d0b91c4743
[main] INFO org.apache.nifi.security.util.crypto.BcryptCipherProviderGroovyTest - Cipher text: 6f985c377ef092c195838802c524849ffea4da05bedb2b7aa6bcd18b10526ddc515d47f43bdde997f96b2f766e510b6e 48
[main] WARN org.apache.nifi.security.util.crypto.BcryptSecureHasher - The provided cost factor 4 is below the recommended minimum 12.
[main] WARN org.apache.nifi.security.util.crypto.KeyDerivationBcryptSecureHasher - Using Legacy Key Derivation on bcrypt hash including cost and salt
[main] INFO org.apache.nifi.security.util.crypto.BcryptCipherProviderGroovyTest - Recovered: ExactBlockSizeRequiredForProcess
]]></system-err>
  </testcase>
  <testcase name="testGetCipherShouldHandleNullSalt" classname="org.apache.nifi.security.util.crypto.BcryptCipherProviderGroovyTest" time="0.032">
    <system-err><![CDATA[[main] WARN org.apache.nifi.security.util.crypto.BcryptCipherProvider - The provided work factor 4 is below the recommended minimum 12
[main] INFO org.apache.nifi.security.util.crypto.BcryptCipherProviderGroovyTest - Using algorithm: AES/CBC/PKCS7Padding
[main] INFO org.apache.nifi.security.util.crypto.BcryptCipherProviderGroovyTest - [EXPECTED] Encrypt error: java.lang.IllegalArgumentException: The salt must be of the format $2a$10$gUVbkVzp79H8YaCOsCVZNu. To generate a salt, use BcryptCipherProvider#generateSalt()
[main] INFO org.apache.nifi.security.util.crypto.BcryptCipherProviderGroovyTest - Cipher text: 737365636f7250726f466465726975716552657a69536b636f6c427463617845 32
[main] INFO org.apache.nifi.security.util.crypto.BcryptCipherProviderGroovyTest - [EXPECTED] Decrypt error: java.lang.IllegalArgumentException: The salt must be of the format $2a$10$gUVbkVzp79H8YaCOsCVZNu. To generate a salt, use BcryptCipherProvider#generateSalt()
]]></system-err>
  </testcase>
  <testcase name="testGetCipherShouldRejectEmptySalt" classname="org.apache.nifi.security.util.crypto.BcryptCipherProviderGroovyTest" time="0.001">
    <system-err><![CDATA[[main] WARN org.apache.nifi.security.util.crypto.BcryptCipherProvider - The provided work factor 4 is below the recommended minimum 12
[main] INFO org.apache.nifi.security.util.crypto.BcryptCipherProviderGroovyTest - Using algorithm: AES/CBC/PKCS7Padding
[main] INFO org.apache.nifi.security.util.crypto.BcryptCipherProviderGroovyTest - [EXPECTED] java.lang.IllegalArgumentException: The salt must be of the format $2a$10$gUVbkVzp79H8YaCOsCVZNu. To generate a salt, use BcryptCipherProvider#generateSalt()
]]></system-err>
  </testcase>
  <testcase name="testGetCipherWithExternalIVShouldBeInternallyConsistent" classname="org.apache.nifi.security.util.crypto.BcryptCipherProviderGroovyTest" time="0.014">
    <system-err><![CDATA[[main] WARN org.apache.nifi.security.util.crypto.BcryptCipherProvider - The provided work factor 4 is below the recommended minimum 12
[main] INFO org.apache.nifi.security.util.crypto.BcryptCipherProviderGroovyTest - Using algorithm: AES/CBC/NoPadding
[main] WARN org.apache.nifi.security.util.crypto.BcryptSecureHasher - The provided cost factor 4 is below the recommended minimum 12.
[main] INFO org.apache.nifi.security.util.crypto.BcryptCipherProviderGroovyTest - IV: 01010101010101010101010101010101
[main] INFO org.apache.nifi.security.util.crypto.BcryptCipherProviderGroovyTest - Cipher text: b826bbc8a3ca209d6bf45c4f879cdaee03fd01e26fbd9cbacd9576840df422a7 32
[main] WARN org.apache.nifi.security.util.crypto.BcryptSecureHasher - The provided cost factor 4 is below the recommended minimum 12.
[main] INFO org.apache.nifi.security.util.crypto.BcryptCipherProviderGroovyTest - Recovered: ExactBlockSizeRequiredForProcess
[main] INFO org.apache.nifi.security.util.crypto.BcryptCipherProviderGroovyTest - Using algorithm: AES/CBC/PKCS7Padding
[main] WARN org.apache.nifi.security.util.crypto.BcryptSecureHasher - The provided cost factor 4 is below the recommended minimum 12.
[main] INFO org.apache.nifi.security.util.crypto.BcryptCipherProviderGroovyTest - IV: 01010101010101010101010101010101
[main] INFO org.apache.nifi.security.util.crypto.BcryptCipherProviderGroovyTest - Cipher text: b826bbc8a3ca209d6bf45c4f879cdaee03fd01e26fbd9cbacd9576840df422a7fd3b44973e0cf609e0d6c3ab4c2ad58a 48
[main] WARN org.apache.nifi.security.util.crypto.BcryptSecureHasher - The provided cost factor 4 is below the recommended minimum 12.
[main] INFO org.apache.nifi.security.util.crypto.BcryptCipherProviderGroovyTest - Recovered: ExactBlockSizeRequiredForProcess
[main] INFO org.apache.nifi.security.util.crypto.BcryptCipherProviderGroovyTest - Using algorithm: AES/CTR/NoPadding
[main] WARN org.apache.nifi.security.util.crypto.BcryptSecureHasher - The provided cost factor 4 is below the recommended minimum 12.
[main] INFO org.apache.nifi.security.util.crypto.BcryptCipherProviderGroovyTest - IV: 01010101010101010101010101010101
[main] INFO org.apache.nifi.security.util.crypto.BcryptCipherProviderGroovyTest - Cipher text: dc1045b831e7d9b818038de368ac0a5c6703c40c01e4949ed290f5278a8677ba 32
[main] WARN org.apache.nifi.security.util.crypto.BcryptSecureHasher - The provided cost factor 4 is below the recommended minimum 12.
[main] INFO org.apache.nifi.security.util.crypto.BcryptCipherProviderGroovyTest - Recovered: ExactBlockSizeRequiredForProcess
[main] INFO org.apache.nifi.security.util.crypto.BcryptCipherProviderGroovyTest - Using algorithm: AES/GCM/NoPadding
[main] WARN org.apache.nifi.security.util.crypto.BcryptSecureHasher - The provided cost factor 4 is below the recommended minimum 12.
[main] INFO org.apache.nifi.security.util.crypto.BcryptCipherProviderGroovyTest - IV: 01010101010101010101010101010101
[main] INFO org.apache.nifi.security.util.crypto.BcryptCipherProviderGroovyTest - Cipher text: 77d03aa1d909401c4c757c9f1c6ea5a3e3bddb2618097fac0fdf7b77f60c00ab9d7bf1af5ee554a408004eea2d8c8f8b 48
[main] WARN org.apache.nifi.security.util.crypto.BcryptSecureHasher - The provided cost factor 4 is below the recommended minimum 12.
[main] INFO org.apache.nifi.security.util.crypto.BcryptCipherProviderGroovyTest - Recovered: ExactBlockSizeRequiredForProcess
]]></system-err>
  </testcase>
  <testcase name="testGetCipherShouldUseHashOutputOnlyToDeriveKey" classname="org.apache.nifi.security.util.crypto.BcryptCipherProviderGroovyTest" time="0.047">
    <system-err><![CDATA[[main] WARN org.apache.nifi.security.util.crypto.BcryptCipherProvider - The provided work factor 4 is below the recommended minimum 12
[main] INFO org.apache.nifi.security.util.crypto.BcryptCipherProviderGroovyTest - Using fixed Bcrypt salt: $2a$04$/QdQ.GDADxdfkdemcCAkbO
[main] WARN org.apache.nifi.security.util.crypto.BcryptSecureHasher - The provided cost factor 4 is below the recommended minimum 12.
[main] INFO org.apache.nifi.security.util.crypto.BcryptCipherProviderGroovyTest - Raw hash output (60): 243261243034242f5164512e474441447864666b64656d6343416b624f516e583471752f365971765a4f543372425a624f395174365946502f355943
[main] INFO org.apache.nifi.security.util.crypto.BcryptCipherProviderGroovyTest - Key digest (64): 2da495d7c8edd8b4481aad9e7257c729e67c697124f93b2ded0ea013598bb7b08847a5455d5e1a28009eaf64543ed6a0c0bb409c46eb6b07ef6580f1ac53cbb0
[main] INFO org.apache.nifi.security.util.crypto.BcryptCipherProviderGroovyTest - Using algorithm: AES/CBC/NoPadding
[main] WARN org.apache.nifi.security.util.crypto.BcryptSecureHasher - The provided cost factor 4 is below the recommended minimum 12.
[main] WARN org.apache.nifi.security.util.crypto.AESKeyedCipherProvider - An IV was provided of length 0 bytes for encryption but should be 16 bytes
[main] WARN org.apache.nifi.security.util.crypto.AESKeyedCipherProvider - Generating new IV. The value can be obtained in the calling code by invoking 'cipher.getIV()';
[main] INFO org.apache.nifi.security.util.crypto.BcryptCipherProviderGroovyTest - IV: 4837316e8e50c95314a6eaac0445505b
[main] INFO org.apache.nifi.security.util.crypto.BcryptCipherProviderGroovyTest - Cipher text: 7429dc34f62898e4756b6ee04cac032abb21a33d777191bfee1a4569a1b687f5 32
[main] WARN org.apache.nifi.security.util.crypto.BcryptSecureHasher - The provided cost factor 4 is below the recommended minimum 12.
[main] INFO org.apache.nifi.security.util.crypto.BcryptCipherProviderGroovyTest - Recovered: ExactBlockSizeRequiredForProcess
[main] INFO org.apache.nifi.security.util.crypto.BcryptCipherProviderGroovyTest - Derived key (16): 2da495d7c8edd8b4481aad9e7257c729
[main] INFO org.apache.nifi.security.util.crypto.BcryptCipherProviderGroovyTest - Verified: ExactBlockSizeRequiredForProcess
[main] INFO org.apache.nifi.security.util.crypto.BcryptCipherProviderGroovyTest - Using algorithm: AES/CBC/PKCS7Padding
[main] WARN org.apache.nifi.security.util.crypto.BcryptSecureHasher - The provided cost factor 4 is below the recommended minimum 12.
[main] WARN org.apache.nifi.security.util.crypto.AESKeyedCipherProvider - An IV was provided of length 0 bytes for encryption but should be 16 bytes
[main] WARN org.apache.nifi.security.util.crypto.AESKeyedCipherProvider - Generating new IV. The value can be obtained in the calling code by invoking 'cipher.getIV()';
[main] INFO org.apache.nifi.security.util.crypto.BcryptCipherProviderGroovyTest - IV: 1e947f48eae95d5c652c786c001fa3c8
[main] INFO org.apache.nifi.security.util.crypto.BcryptCipherProviderGroovyTest - Cipher text: 7bc86128d63e6d4a3ae594168398892904fdc52b75645844ae191bac149f1482c2b0e8d2becc227f188d89e039c7d6b3 48
[main] WARN org.apache.nifi.security.util.crypto.BcryptSecureHasher - The provided cost factor 4 is below the recommended minimum 12.
[main] INFO org.apache.nifi.security.util.crypto.BcryptCipherProviderGroovyTest - Recovered: ExactBlockSizeRequiredForProcess
[main] INFO org.apache.nifi.security.util.crypto.BcryptCipherProviderGroovyTest - Derived key (16): 2da495d7c8edd8b4481aad9e7257c729
[main] INFO org.apache.nifi.security.util.crypto.BcryptCipherProviderGroovyTest - Verified: ExactBlockSizeRequiredForProcess
[main] INFO org.apache.nifi.security.util.crypto.BcryptCipherProviderGroovyTest - Using algorithm: AES/CTR/NoPadding
[main] WARN org.apache.nifi.security.util.crypto.BcryptSecureHasher - The provided cost factor 4 is below the recommended minimum 12.
[main] WARN org.apache.nifi.security.util.crypto.AESKeyedCipherProvider - An IV was provided of length 0 bytes for encryption but should be 16 bytes
[main] WARN org.apache.nifi.security.util.crypto.AESKeyedCipherProvider - Generating new IV. The value can be obtained in the calling code by invoking 'cipher.getIV()';
[main] INFO org.apache.nifi.security.util.crypto.BcryptCipherProviderGroovyTest - IV: ecde57999ebdf25df014a7347f951792
[main] INFO org.apache.nifi.security.util.crypto.BcryptCipherProviderGroovyTest - Cipher text: bb63a8e1d36e6737666d187f2b276c2225810f0566c35634109069aa944e43d1 32
[main] WARN org.apache.nifi.security.util.crypto.BcryptSecureHasher - The provided cost factor 4 is below the recommended minimum 12.
[main] INFO org.apache.nifi.security.util.crypto.BcryptCipherProviderGroovyTest - Recovered: ExactBlockSizeRequiredForProcess
[main] INFO org.apache.nifi.security.util.crypto.BcryptCipherProviderGroovyTest - Derived key (16): 2da495d7c8edd8b4481aad9e7257c729
[main] INFO org.apache.nifi.security.util.crypto.BcryptCipherProviderGroovyTest - Verified: ExactBlockSizeRequiredForProcess
[main] INFO org.apache.nifi.security.util.crypto.BcryptCipherProviderGroovyTest - Using algorithm: AES/GCM/NoPadding
[main] WARN org.apache.nifi.security.util.crypto.BcryptSecureHasher - The provided cost factor 4 is below the recommended minimum 12.
[main] WARN org.apache.nifi.security.util.crypto.AESKeyedCipherProvider - An IV was provided of length 0 bytes for encryption but should be 16 bytes
[main] WARN org.apache.nifi.security.util.crypto.AESKeyedCipherProvider - Generating new IV. The value can be obtained in the calling code by invoking 'cipher.getIV()';
[main] INFO org.apache.nifi.security.util.crypto.BcryptCipherProviderGroovyTest - IV: f6be39a3e7ee8bb477b28488488ee5e6
[main] INFO org.apache.nifi.security.util.crypto.BcryptCipherProviderGroovyTest - Cipher text: a4794a51946bc624077153506a282a477e7cca9863ac27952d1141f2c9cd3ba7d352cf6d8d282fc7aa355f26d921be8c 48
[main] WARN org.apache.nifi.security.util.crypto.BcryptSecureHasher - The provided cost factor 4 is below the recommended minimum 12.
[main] INFO org.apache.nifi.security.util.crypto.BcryptCipherProviderGroovyTest - Recovered: ExactBlockSizeRequiredForProcess
[main] INFO org.apache.nifi.security.util.crypto.BcryptCipherProviderGroovyTest - Derived key (16): 2da495d7c8edd8b4481aad9e7257c729
[main] INFO org.apache.nifi.security.util.crypto.BcryptCipherProviderGroovyTest - Verified: ExactBlockSizeRequiredForProcess
]]></system-err>
  </testcase>
</testsuite>