<?xml version="1.0" encoding="UTF-8"?>
<testsuite xmlns:xsi="http://www.w3.org/2001/XMLSchema-instance" xsi:noNamespaceSchemaLocation="https://maven.apache.org/surefire/maven-surefire-plugin/xsd/surefire-test-report-3.0.xsd" version="3.0" name="org.apache.nifi.minifi.bootstrap.configuration.ingestors.PullHttpChangeIngestorSSLTest" time="1.554" tests="7" errors="0" skipped="0" failures="0">
  <properties>
    <property name="sun.desktop" value="gnome"/>
    <property name="awt.toolkit" value="sun.awt.X11.XToolkit"/>
    <property name="file.encoding.pkg" value="sun.io"/>
    <property name="java.specification.version" value="1.8"/>
    <property name="sun.cpu.isalist" value=""/>
    <property name="sun.jnu.encoding" value="UTF-8"/>
    <property name="java.class.path" value="/home/alex/Repositories/nifi/minifi/minifi-bootstrap/target/test-classes:/home/alex/Repositories/nifi/minifi/minifi-bootstrap/target/classes:/home/alex/.m2/repository/org/slf4j/slf4j-api/1.7.32/slf4j-api-1.7.32.jar:/home/alex/.m2/repository/ch/qos/logback/logback-classic/1.2.6/logback-classic-1.2.6.jar:/home/alex/.m2/repository/ch/qos/logback/logback-core/1.2.6/logback-core-1.2.6.jar:/home/alex/Repositories/nifi/nifi-api/target/classes:/home/alex/Repositories/nifi/nifi-commons/nifi-bootstrap-utils/target/classes:/home/alex/.m2/repository/net/java/dev/jna/jna-platform/4.4.0/jna-platform-4.4.0.jar:/home/alex/.m2/repository/net/java/dev/jna/jna/4.4.0/jna-4.4.0.jar:/home/alex/Repositories/nifi/nifi-nar-bundles/nifi-extension-utils/nifi-processor-utils/target/classes:/home/alex/Repositories/nifi/nifi-commons/nifi-security-socket-ssl/target/classes:/home/alex/.m2/repository/org/apache/commons/commons-lang3/3.9/commons-lang3-3.9.jar:/home/alex/.m2/repository/com/fasterxml/jackson/core/jackson-databind/2.12.3/jackson-databind-2.12.3.jar:/home/alex/.m2/repository/com/fasterxml/jackson/core/jackson-annotations/2.12.3/jackson-annotations-2.12.3.jar:/home/alex/.m2/repository/com/fasterxml/jackson/core/jackson-core/2.12.3/jackson-core-2.12.3.jar:/home/alex/Repositories/nifi/nifi-nar-bundles/nifi-standard-services/nifi-record-serialization-service-api/target/classes:/home/alex/Repositories/nifi/nifi-commons/nifi-record/target/classes:/home/alex/Repositories/nifi/nifi-nar-bundles/nifi-extension-utils/nifi-event-transport/target/classes:/home/alex/.m2/repository/io/netty/netty-handler/4.1.69.Final/netty-handler-4.1.69.Final.jar:/home/alex/.m2/repository/io/netty/netty-common/4.1.69.Final/netty-common-4.1.69.Final.jar:/home/alex/.m2/repository/io/netty/netty-resolver/4.1.69.Final/netty-resolver-4.1.69.Final.jar:/home/alex/.m2/repository/io/netty/netty-buffer/4.1.69.Final/netty-buffer-4.1.69.Final.jar:/home/alex/.m2/repository/io/netty/netty-transport/4.1.69.Final/netty-transport-4.1.69.Final.jar:/home/alex/.m2/repository/io/netty/netty-codec/4.1.69.Final/netty-codec-4.1.69.Final.jar:/home/alex/Repositories/nifi/nifi-commons/nifi-expression-language/target/classes:/home/alex/.m2/repository/org/antlr/antlr-runtime/3.5.2/antlr-runtime-3.5.2.jar:/home/alex/Repositories/nifi/nifi-commons/nifi-parameter/target/classes:/home/alex/Repositories/nifi/nifi-commons/nifi-uuid5/target/classes:/home/alex/.m2/repository/com/jayway/jsonpath/json-path/2.6.0/json-path-2.6.0.jar:/home/alex/.m2/repository/net/minidev/json-smart/2.4.7/json-smart-2.4.7.jar:/home/alex/.m2/repository/net/minidev/accessors-smart/2.4.7/accessors-smart-2.4.7.jar:/home/alex/.m2/repository/org/ow2/asm/asm/9.1/asm-9.1.jar:/home/alex/.m2/repository/org/apache/commons/commons-text/1.8/commons-text-1.8.jar:/home/alex/.m2/repository/commons-codec/commons-codec/1.10/commons-codec-1.10.jar:/home/alex/Repositories/nifi/minifi/minifi-commons/minifi-utils/target/classes:/home/alex/Repositories/nifi/nifi-commons/nifi-utils/target/classes:/home/alex/Repositories/nifi/nifi-commons/nifi-properties/target/classes:/home/alex/Repositories/nifi/nifi-commons/nifi-property-utils/target/classes:/home/alex/.m2/repository/org/yaml/snakeyaml/1.29/snakeyaml-1.29.jar:/home/alex/Repositories/nifi/minifi/minifi-commons/minifi-commons-schema/target/classes:/home/alex/.m2/repository/org/eclipse/jetty/jetty-server/9.4.44.v20210927/jetty-server-9.4.44.v20210927.jar:/home/alex/.m2/repository/javax/servlet/javax.servlet-api/3.1.0/javax.servlet-api-3.1.0.jar:/home/alex/.m2/repository/org/eclipse/jetty/jetty-http/9.4.44.v20210927/jetty-http-9.4.44.v20210927.jar:/home/alex/.m2/repository/org/eclipse/jetty/jetty-util/9.4.44.v20210927/jetty-util-9.4.44.v20210927.jar:/home/alex/.m2/repository/org/eclipse/jetty/jetty-io/9.4.44.v20210927/jetty-io-9.4.44.v20210927.jar:/home/alex/.m2/repository/org/eclipse/jetty/jetty-servlet/9.4.44.v20210927/jetty-servlet-9.4.44.v20210927.jar:/home/alex/.m2/repository/org/eclipse/jetty/jetty-security/9.4.44.v20210927/jetty-security-9.4.44.v20210927.jar:/home/alex/.m2/repository/org/eclipse/jetty/jetty-util-ajax/9.4.44.v20210927/jetty-util-ajax-9.4.44.v20210927.jar:/home/alex/.m2/repository/com/squareup/okhttp3/okhttp/3.12.3/okhttp-3.12.3.jar:/home/alex/.m2/repository/com/squareup/okio/okio/1.15.0/okio-1.15.0.jar:/home/alex/.m2/repository/commons-io/commons-io/2.10.0/commons-io-2.10.0.jar:/home/alex/.m2/repository/junit/junit/4.13.2/junit-4.13.2.jar:/home/alex/.m2/repository/org/hamcrest/hamcrest-core/1.3/hamcrest-core-1.3.jar:/home/alex/.m2/repository/org/mockito/mockito-all/1.10.19/mockito-all-1.10.19.jar:/home/alex/.m2/repository/org/slf4j/slf4j-simple/1.7.32/slf4j-simple-1.7.32.jar:/home/alex/.m2/repository/org/junit/jupiter/junit-jupiter-api/5.7.2/junit-jupiter-api-5.7.2.jar:/home/alex/.m2/repository/org/apiguardian/apiguardian-api/1.1.0/apiguardian-api-1.1.0.jar:/home/alex/.m2/repository/org/opentest4j/opentest4j/1.2.0/opentest4j-1.2.0.jar:/home/alex/.m2/repository/org/junit/platform/junit-platform-commons/1.7.2/junit-platform-commons-1.7.2.jar:/home/alex/.m2/repository/org/junit/jupiter/junit-jupiter-engine/5.7.2/junit-jupiter-engine-5.7.2.jar:/home/alex/.m2/repository/org/junit/platform/junit-platform-engine/1.7.2/junit-platform-engine-1.7.2.jar:/home/alex/.m2/repository/org/junit/vintage/junit-vintage-engine/5.7.2/junit-vintage-engine-5.7.2.jar:/home/alex/.m2/repository/org/junit/jupiter/junit-jupiter-params/5.7.2/junit-jupiter-params-5.7.2.jar:/home/alex/.m2/repository/org/mockito/mockito-core/3.11.2/mockito-core-3.11.2.jar:/home/alex/.m2/repository/net/bytebuddy/byte-buddy/1.11.3/byte-buddy-1.11.3.jar:/home/alex/.m2/repository/net/bytebuddy/byte-buddy-agent/1.11.3/byte-buddy-agent-1.11.3.jar:/home/alex/.m2/repository/org/objenesis/objenesis/3.2/objenesis-3.2.jar:/home/alex/.m2/repository/org/mockito/mockito-junit-jupiter/3.11.2/mockito-junit-jupiter-3.11.2.jar:/home/alex/.m2/repository/org/codehaus/groovy/groovy-test/2.5.14/groovy-test-2.5.14.jar:/home/alex/.m2/repository/org/codehaus/groovy/groovy/2.5.14/groovy-2.5.14.jar:"/>
    <property name="java.vm.vendor" value="Private Build"/>
    <property name="sun.arch.data.model" value="64"/>
    <property name="java.vendor.url" value="http://java.oracle.com/"/>
    <property name="user.timezone" value="Europe/Lisbon"/>
    <property name="java.vm.specification.version" value="1.8"/>
    <property name="os.name" value="Linux"/>
    <property name="user.country" value="US"/>
    <property name="sun.java.launcher" value="SUN_STANDARD"/>
    <property name="sun.boot.library.path" value="/usr/lib/jvm/java-8-openjdk-amd64/jre/lib/amd64"/>
    <property name="sun.java.command" value="/home/alex/Repositories/nifi/minifi/minifi-bootstrap/target/surefire/surefirebooter7615888553529736416.jar /home/alex/Repositories/nifi/minifi/minifi-bootstrap/target/surefire 2024-05-02T02-13-54_999-jvmRun1 surefire4288932775162710114tmp surefire_1828943175523126713460tmp"/>
    <property name="surefire.test.class.path" value="/home/alex/Repositories/nifi/minifi/minifi-bootstrap/target/test-classes:/home/alex/Repositories/nifi/minifi/minifi-bootstrap/target/classes:/home/alex/.m2/repository/org/slf4j/slf4j-api/1.7.32/slf4j-api-1.7.32.jar:/home/alex/.m2/repository/ch/qos/logback/logback-classic/1.2.6/logback-classic-1.2.6.jar:/home/alex/.m2/repository/ch/qos/logback/logback-core/1.2.6/logback-core-1.2.6.jar:/home/alex/Repositories/nifi/nifi-api/target/classes:/home/alex/Repositories/nifi/nifi-commons/nifi-bootstrap-utils/target/classes:/home/alex/.m2/repository/net/java/dev/jna/jna-platform/4.4.0/jna-platform-4.4.0.jar:/home/alex/.m2/repository/net/java/dev/jna/jna/4.4.0/jna-4.4.0.jar:/home/alex/Repositories/nifi/nifi-nar-bundles/nifi-extension-utils/nifi-processor-utils/target/classes:/home/alex/Repositories/nifi/nifi-commons/nifi-security-socket-ssl/target/classes:/home/alex/.m2/repository/org/apache/commons/commons-lang3/3.9/commons-lang3-3.9.jar:/home/alex/.m2/repository/com/fasterxml/jackson/core/jackson-databind/2.12.3/jackson-databind-2.12.3.jar:/home/alex/.m2/repository/com/fasterxml/jackson/core/jackson-annotations/2.12.3/jackson-annotations-2.12.3.jar:/home/alex/.m2/repository/com/fasterxml/jackson/core/jackson-core/2.12.3/jackson-core-2.12.3.jar:/home/alex/Repositories/nifi/nifi-nar-bundles/nifi-standard-services/nifi-record-serialization-service-api/target/classes:/home/alex/Repositories/nifi/nifi-commons/nifi-record/target/classes:/home/alex/Repositories/nifi/nifi-nar-bundles/nifi-extension-utils/nifi-event-transport/target/classes:/home/alex/.m2/repository/io/netty/netty-handler/4.1.69.Final/netty-handler-4.1.69.Final.jar:/home/alex/.m2/repository/io/netty/netty-common/4.1.69.Final/netty-common-4.1.69.Final.jar:/home/alex/.m2/repository/io/netty/netty-resolver/4.1.69.Final/netty-resolver-4.1.69.Final.jar:/home/alex/.m2/repository/io/netty/netty-buffer/4.1.69.Final/netty-buffer-4.1.69.Final.jar:/home/alex/.m2/repository/io/netty/netty-transport/4.1.69.Final/netty-transport-4.1.69.Final.jar:/home/alex/.m2/repository/io/netty/netty-codec/4.1.69.Final/netty-codec-4.1.69.Final.jar:/home/alex/Repositories/nifi/nifi-commons/nifi-expression-language/target/classes:/home/alex/.m2/repository/org/antlr/antlr-runtime/3.5.2/antlr-runtime-3.5.2.jar:/home/alex/Repositories/nifi/nifi-commons/nifi-parameter/target/classes:/home/alex/Repositories/nifi/nifi-commons/nifi-uuid5/target/classes:/home/alex/.m2/repository/com/jayway/jsonpath/json-path/2.6.0/json-path-2.6.0.jar:/home/alex/.m2/repository/net/minidev/json-smart/2.4.7/json-smart-2.4.7.jar:/home/alex/.m2/repository/net/minidev/accessors-smart/2.4.7/accessors-smart-2.4.7.jar:/home/alex/.m2/repository/org/ow2/asm/asm/9.1/asm-9.1.jar:/home/alex/.m2/repository/org/apache/commons/commons-text/1.8/commons-text-1.8.jar:/home/alex/.m2/repository/commons-codec/commons-codec/1.10/commons-codec-1.10.jar:/home/alex/Repositories/nifi/minifi/minifi-commons/minifi-utils/target/classes:/home/alex/Repositories/nifi/nifi-commons/nifi-utils/target/classes:/home/alex/Repositories/nifi/nifi-commons/nifi-properties/target/classes:/home/alex/Repositories/nifi/nifi-commons/nifi-property-utils/target/classes:/home/alex/.m2/repository/org/yaml/snakeyaml/1.29/snakeyaml-1.29.jar:/home/alex/Repositories/nifi/minifi/minifi-commons/minifi-commons-schema/target/classes:/home/alex/.m2/repository/org/eclipse/jetty/jetty-server/9.4.44.v20210927/jetty-server-9.4.44.v20210927.jar:/home/alex/.m2/repository/javax/servlet/javax.servlet-api/3.1.0/javax.servlet-api-3.1.0.jar:/home/alex/.m2/repository/org/eclipse/jetty/jetty-http/9.4.44.v20210927/jetty-http-9.4.44.v20210927.jar:/home/alex/.m2/repository/org/eclipse/jetty/jetty-util/9.4.44.v20210927/jetty-util-9.4.44.v20210927.jar:/home/alex/.m2/repository/org/eclipse/jetty/jetty-io/9.4.44.v20210927/jetty-io-9.4.44.v20210927.jar:/home/alex/.m2/repository/org/eclipse/jetty/jetty-servlet/9.4.44.v20210927/jetty-servlet-9.4.44.v20210927.jar:/home/alex/.m2/repository/org/eclipse/jetty/jetty-security/9.4.44.v20210927/jetty-security-9.4.44.v20210927.jar:/home/alex/.m2/repository/org/eclipse/jetty/jetty-util-ajax/9.4.44.v20210927/jetty-util-ajax-9.4.44.v20210927.jar:/home/alex/.m2/repository/com/squareup/okhttp3/okhttp/3.12.3/okhttp-3.12.3.jar:/home/alex/.m2/repository/com/squareup/okio/okio/1.15.0/okio-1.15.0.jar:/home/alex/.m2/repository/commons-io/commons-io/2.10.0/commons-io-2.10.0.jar:/home/alex/.m2/repository/junit/junit/4.13.2/junit-4.13.2.jar:/home/alex/.m2/repository/org/hamcrest/hamcrest-core/1.3/hamcrest-core-1.3.jar:/home/alex/.m2/repository/org/mockito/mockito-all/1.10.19/mockito-all-1.10.19.jar:/home/alex/.m2/repository/org/slf4j/slf4j-simple/1.7.32/slf4j-simple-1.7.32.jar:/home/alex/.m2/repository/org/junit/jupiter/junit-jupiter-api/5.7.2/junit-jupiter-api-5.7.2.jar:/home/alex/.m2/repository/org/apiguardian/apiguardian-api/1.1.0/apiguardian-api-1.1.0.jar:/home/alex/.m2/repository/org/opentest4j/opentest4j/1.2.0/opentest4j-1.2.0.jar:/home/alex/.m2/repository/org/junit/platform/junit-platform-commons/1.7.2/junit-platform-commons-1.7.2.jar:/home/alex/.m2/repository/org/junit/jupiter/junit-jupiter-engine/5.7.2/junit-jupiter-engine-5.7.2.jar:/home/alex/.m2/repository/org/junit/platform/junit-platform-engine/1.7.2/junit-platform-engine-1.7.2.jar:/home/alex/.m2/repository/org/junit/vintage/junit-vintage-engine/5.7.2/junit-vintage-engine-5.7.2.jar:/home/alex/.m2/repository/org/junit/jupiter/junit-jupiter-params/5.7.2/junit-jupiter-params-5.7.2.jar:/home/alex/.m2/repository/org/mockito/mockito-core/3.11.2/mockito-core-3.11.2.jar:/home/alex/.m2/repository/net/bytebuddy/byte-buddy/1.11.3/byte-buddy-1.11.3.jar:/home/alex/.m2/repository/net/bytebuddy/byte-buddy-agent/1.11.3/byte-buddy-agent-1.11.3.jar:/home/alex/.m2/repository/org/objenesis/objenesis/3.2/objenesis-3.2.jar:/home/alex/.m2/repository/org/mockito/mockito-junit-jupiter/3.11.2/mockito-junit-jupiter-3.11.2.jar:/home/alex/.m2/repository/org/codehaus/groovy/groovy-test/2.5.14/groovy-test-2.5.14.jar:/home/alex/.m2/repository/org/codehaus/groovy/groovy/2.5.14/groovy-2.5.14.jar:"/>
    <property name="sun.cpu.endian" value="little"/>
    <property name="user.home" value="/home/alex"/>
    <property name="user.language" value="en"/>
    <property name="java.specification.vendor" value="Oracle Corporation"/>
    <property name="java.home" value="/usr/lib/jvm/java-8-openjdk-amd64/jre"/>
    <property name="basedir" value="/home/alex/Repositories/nifi/minifi/minifi-bootstrap"/>
    <property name="file.separator" value="/"/>
    <property name="line.separator" value="&#10;"/>
    <property name="java.vm.specification.vendor" value="Oracle Corporation"/>
    <property name="java.specification.name" value="Java Platform API Specification"/>
    <property name="java.awt.graphicsenv" value="sun.awt.X11GraphicsEnvironment"/>
    <property name="java.awt.headless" value="true"/>
    <property name="surefire.real.class.path" value="/home/alex/Repositories/nifi/minifi/minifi-bootstrap/target/surefire/surefirebooter7615888553529736416.jar"/>
    <property name="sun.boot.class.path" value="/usr/lib/jvm/java-8-openjdk-amd64/jre/lib/resources.jar:/usr/lib/jvm/java-8-openjdk-amd64/jre/lib/rt.jar:/usr/lib/jvm/java-8-openjdk-amd64/jre/lib/sunrsasign.jar:/usr/lib/jvm/java-8-openjdk-amd64/jre/lib/jsse.jar:/usr/lib/jvm/java-8-openjdk-amd64/jre/lib/jce.jar:/usr/lib/jvm/java-8-openjdk-amd64/jre/lib/charsets.jar:/usr/lib/jvm/java-8-openjdk-amd64/jre/lib/jfr.jar:/usr/lib/jvm/java-8-openjdk-amd64/jre/classes"/>
    <property name="sun.management.compiler" value="HotSpot 64-Bit Tiered Compilers"/>
    <property name="java.runtime.version" value="1.8.0_402-8u402-ga-2ubuntu1~22.04-b06"/>
    <property name="java.net.preferIPv4Stack" value="true"/>
    <property name="user.name" value="alex"/>
    <property name="path.separator" value=":"/>
    <property name="os.version" value="6.5.0-28-generic"/>
    <property name="java.endorsed.dirs" value="/usr/lib/jvm/java-8-openjdk-amd64/jre/lib/endorsed"/>
    <property name="java.runtime.name" value="OpenJDK Runtime Environment"/>
    <property name="file.encoding" value="UTF-8"/>
    <property name="java.vm.name" value="OpenJDK 64-Bit Server VM"/>
    <property name="localRepository" value="/home/alex/.m2/repository"/>
    <property name="java.vendor.url.bug" value="http://bugreport.sun.com/bugreport/"/>
    <property name="jetty.git.hash" value="8da83308eeca865e495e53ef315a249d63ba9332"/>
    <property name="java.io.tmpdir" value="/tmp"/>
    <property name="java.version" value="1.8.0_402"/>
    <property name="user.dir" value="/home/alex/Repositories/nifi/minifi/minifi-bootstrap"/>
    <property name="os.arch" value="amd64"/>
    <property name="java.vm.specification.name" value="Java Virtual Machine Specification"/>
    <property name="java.awt.printerjob" value="sun.print.PSPrinterJob"/>
    <property name="sun.os.patch.level" value="unknown"/>
    <property name="java.library.path" value="/usr/java/packages/lib/amd64:/usr/lib/x86_64-linux-gnu/jni:/lib/x86_64-linux-gnu:/usr/lib/x86_64-linux-gnu:/usr/lib/jni:/lib:/usr/lib"/>
    <property name="java.vm.info" value="mixed mode"/>
    <property name="java.vendor" value="Private Build"/>
    <property name="java.vm.version" value="25.402-b06"/>
    <property name="java.specification.maintenance.version" value="5"/>
    <property name="java.ext.dirs" value="/usr/lib/jvm/java-8-openjdk-amd64/jre/lib/ext:/usr/java/packages/lib/ext"/>
    <property name="sun.io.unicode.encoding" value="UnicodeLittle"/>
    <property name="java.class.version" value="52.0"/>
  </properties>
  <testcase name="testNewUpdateWithPath" classname="org.apache.nifi.minifi.bootstrap.configuration.ingestors.PullHttpChangeIngestorSSLTest" time="0.086">
    <system-out><![CDATA[02:33:24.502 [main] DEBUG org.eclipse.jetty.util.component.ContainerLifeCycle - QueuedThreadPool[qtp399373008]@17cdf2d0{STOPPED,8<=0<=200,i=0,r=-1,q=0}[NO_TRY] added {org.eclipse.jetty.util.thread.ThreadPoolBudget@1755e85b,POJO}
02:33:24.502 [main] DEBUG org.eclipse.jetty.util.component.ContainerLifeCycle - Server@736d6a5c{STOPPED}[9.4.44.v20210927] added {QueuedThreadPool[qtp399373008]@17cdf2d0{STOPPED,8<=0<=200,i=0,r=-1,q=0}[NO_TRY],AUTO}
02:33:24.502 [main] DEBUG org.eclipse.jetty.util.component.ContainerLifeCycle - HandlerCollection@2371aaca{STOPPED} added {JettyHandler@5b529706{STOPPED},AUTO}
02:33:24.502 [main] DEBUG org.eclipse.jetty.util.component.ContainerLifeCycle - Server@736d6a5c{STOPPED}[9.4.44.v20210927] added {HandlerCollection@2371aaca{STOPPED},MANAGED}
02:33:24.504 [main] DEBUG org.eclipse.jetty.util.component.ContainerLifeCycle - HttpConnectionFactory@5553d0f5[HTTP/1.1] added {HttpConfiguration@1af687fe{32768/8192,8192/8192,https://:0,[]},POJO}
02:33:24.504 [main] DEBUG org.eclipse.jetty.util.component.ContainerLifeCycle - SslConnectionFactory@14dda234{SSL->HTTP/1.1} added {Server@5a411614[provider=null,keyStore=file:///home/alex/Repositories/nifi/minifi/minifi-bootstrap/src/test/resources/localhost-ks.jks,trustStore=file:///home/alex/Repositories/nifi/minifi/minifi-bootstrap/src/test/resources/localhost-ts.jks],AUTO}
02:33:24.505 [main] DEBUG org.eclipse.jetty.util.component.ContainerLifeCycle - ServerConnector@2374d36a{null, ()}{0.0.0.0:0} added {Server@736d6a5c{STOPPED}[9.4.44.v20210927],UNMANAGED}
02:33:24.505 [main] DEBUG org.eclipse.jetty.util.component.ContainerLifeCycle - ServerConnector@2374d36a{null, ()}{0.0.0.0:0} added {QueuedThreadPool[qtp399373008]@17cdf2d0{STOPPED,8<=0<=200,i=0,r=-1,q=0}[NO_TRY],AUTO}
02:33:24.505 [main] DEBUG org.eclipse.jetty.util.component.ContainerLifeCycle - ServerConnector@2374d36a{null, ()}{0.0.0.0:0} added {ScheduledExecutorScheduler@54d18072{STOPPED},AUTO}
02:33:24.505 [main] DEBUG org.eclipse.jetty.util.component.ContainerLifeCycle - ServerConnector@2374d36a{null, ()}{0.0.0.0:0} added {org.eclipse.jetty.io.ArrayByteBufferPool@1506f20f,POJO}
02:33:24.505 [main] DEBUG org.eclipse.jetty.util.component.ContainerLifeCycle - ServerConnector@2374d36a{null, (ssl)}{0.0.0.0:0} added {SslConnectionFactory@14dda234{SSL->HTTP/1.1},AUTO}
02:33:24.505 [main] DEBUG org.eclipse.jetty.server.AbstractConnector - ServerConnector@2374d36a{SSL, (ssl)}{0.0.0.0:0} added SslConnectionFactory@14dda234{SSL->HTTP/1.1}
02:33:24.505 [main] DEBUG org.eclipse.jetty.util.component.ContainerLifeCycle - ServerConnector@2374d36a{SSL, (ssl, http/1.1)}{0.0.0.0:0} added {HttpConnectionFactory@5553d0f5[HTTP/1.1],AUTO}
02:33:24.505 [main] DEBUG org.eclipse.jetty.server.AbstractConnector - ServerConnector@2374d36a{SSL, (ssl, http/1.1)}{0.0.0.0:0} added HttpConnectionFactory@5553d0f5[HTTP/1.1]
02:33:24.505 [main] DEBUG org.eclipse.jetty.util.component.ContainerLifeCycle - ServerConnector@2374d36a{SSL, (ssl, http/1.1)}{0.0.0.0:0} added {SelectorManager@ServerConnector@2374d36a{SSL, (ssl, http/1.1)}{0.0.0.0:0},MANAGED}
02:33:24.505 [main] DEBUG org.eclipse.jetty.util.component.ContainerLifeCycle - Server@736d6a5c{STOPPED}[9.4.44.v20210927] added {ServerConnector@2374d36a{SSL, (ssl, http/1.1)}{localhost:0},AUTO}
02:33:24.505 [main] DEBUG org.eclipse.jetty.util.component.AbstractLifeCycle - starting Server@736d6a5c{STOPPED}[9.4.44.v20210927]
02:33:24.505 [main] DEBUG org.eclipse.jetty.util.component.ContainerLifeCycle - Server@736d6a5c{STARTING}[9.4.44.v20210927] added {ErrorHandler@47a5b70d{STOPPED},AUTO}
02:33:24.505 [main] INFO org.eclipse.jetty.server.Server - jetty-9.4.44.v20210927; built: 2021-09-27T23:02:44.612Z; git: 8da83308eeca865e495e53ef315a249d63ba9332; jvm 1.8.0_402-8u402-ga-2ubuntu1~22.04-b06
02:33:24.505 [main] DEBUG org.eclipse.jetty.server.handler.AbstractHandler - starting Server@736d6a5c{STARTING}[9.4.44.v20210927]
02:33:24.505 [main] DEBUG org.eclipse.jetty.util.component.AbstractLifeCycle - starting QueuedThreadPool[qtp399373008]@17cdf2d0{STOPPED,8<=0<=200,i=0,r=-1,q=0}[NO_TRY]
02:33:24.505 [main] DEBUG org.eclipse.jetty.util.thread.ReservedThreadExecutor - ReservedThreadExecutor@424fd310{reserved=0/8,pending=0}
02:33:24.505 [main] DEBUG org.eclipse.jetty.util.component.ContainerLifeCycle - QueuedThreadPool[qtp399373008]@17cdf2d0{STARTING,8<=0<=200,i=0,r=-1,q=0}[ReservedThreadExecutor@424fd310{reserved=0/8,pending=0}] added {ReservedThreadExecutor@424fd310{reserved=0/8,pending=0},AUTO}
02:33:24.505 [main] DEBUG org.eclipse.jetty.util.component.AbstractLifeCycle - starting ReservedThreadExecutor@424fd310{reserved=0/8,pending=0}
02:33:24.505 [main] DEBUG org.eclipse.jetty.util.component.AbstractLifeCycle - STARTED @4878ms ReservedThreadExecutor@424fd310{reserved=0/8,pending=0}
02:33:24.505 [main] DEBUG org.eclipse.jetty.util.thread.QueuedThreadPool - Starting Thread[qtp399373008-55,5,main]
02:33:24.506 [main] DEBUG org.eclipse.jetty.util.thread.QueuedThreadPool - Starting Thread[qtp399373008-56,5,main]
02:33:24.506 [main] DEBUG org.eclipse.jetty.util.thread.QueuedThreadPool - Starting Thread[qtp399373008-57,5,main]
02:33:24.506 [qtp399373008-55] DEBUG org.eclipse.jetty.util.thread.QueuedThreadPool - Runner started for QueuedThreadPool[qtp399373008]@17cdf2d0{STARTING,8<=2<=200,i=2,r=-1,q=0}[ReservedThreadExecutor@424fd310{reserved=0/8,pending=0}]
02:33:24.506 [qtp399373008-56] DEBUG org.eclipse.jetty.util.thread.QueuedThreadPool - Runner started for QueuedThreadPool[qtp399373008]@17cdf2d0{STARTING,8<=3<=200,i=3,r=-1,q=0}[ReservedThreadExecutor@424fd310{reserved=0/8,pending=0}]
02:33:24.506 [main] DEBUG org.eclipse.jetty.util.thread.QueuedThreadPool - Starting Thread[qtp399373008-58,5,main]
02:33:24.506 [main] DEBUG org.eclipse.jetty.util.thread.QueuedThreadPool - Starting Thread[qtp399373008-59,5,main]
02:33:24.506 [qtp399373008-57] DEBUG org.eclipse.jetty.util.thread.QueuedThreadPool - Runner started for QueuedThreadPool[qtp399373008]@17cdf2d0{STARTING,8<=5<=200,i=5,r=-1,q=0}[ReservedThreadExecutor@424fd310{reserved=0/8,pending=0}]
02:33:24.506 [qtp399373008-58] DEBUG org.eclipse.jetty.util.thread.QueuedThreadPool - Runner started for QueuedThreadPool[qtp399373008]@17cdf2d0{STARTING,8<=5<=200,i=5,r=-1,q=0}[ReservedThreadExecutor@424fd310{reserved=0/8,pending=0}]
02:33:24.506 [main] DEBUG org.eclipse.jetty.util.thread.QueuedThreadPool - Starting Thread[qtp399373008-60,5,main]
02:33:24.506 [qtp399373008-59] DEBUG org.eclipse.jetty.util.thread.QueuedThreadPool - Runner started for QueuedThreadPool[qtp399373008]@17cdf2d0{STARTING,8<=6<=200,i=6,r=-1,q=0}[ReservedThreadExecutor@424fd310{reserved=0/8,pending=0}]
02:33:24.506 [main] DEBUG org.eclipse.jetty.util.thread.QueuedThreadPool - Starting Thread[qtp399373008-61,5,main]
02:33:24.506 [qtp399373008-60] DEBUG org.eclipse.jetty.util.thread.QueuedThreadPool - Runner started for QueuedThreadPool[qtp399373008]@17cdf2d0{STARTING,8<=7<=200,i=7,r=-1,q=0}[ReservedThreadExecutor@424fd310{reserved=0/8,pending=0}]
02:33:24.506 [main] DEBUG org.eclipse.jetty.util.thread.QueuedThreadPool - Starting Thread[qtp399373008-62,5,main]
02:33:24.506 [qtp399373008-61] DEBUG org.eclipse.jetty.util.thread.QueuedThreadPool - Runner started for QueuedThreadPool[qtp399373008]@17cdf2d0{STARTING,8<=8<=200,i=8,r=-1,q=0}[ReservedThreadExecutor@424fd310{reserved=0/8,pending=0}]
02:33:24.506 [main] DEBUG org.eclipse.jetty.util.component.AbstractLifeCycle - STARTED @4879ms QueuedThreadPool[qtp399373008]@17cdf2d0{STARTED,8<=8<=200,i=8,r=-1,q=0}[ReservedThreadExecutor@424fd310{reserved=0/8,pending=0}]
02:33:24.506 [main] DEBUG org.eclipse.jetty.util.component.AbstractLifeCycle - starting HandlerCollection@2371aaca{STOPPED}
02:33:24.506 [main] DEBUG org.eclipse.jetty.server.handler.AbstractHandler - starting HandlerCollection@2371aaca{STARTING}
02:33:24.506 [main] DEBUG org.eclipse.jetty.util.component.AbstractLifeCycle - starting JettyHandler@5b529706{STOPPED}
02:33:24.506 [main] DEBUG org.eclipse.jetty.server.handler.AbstractHandler - starting JettyHandler@5b529706{STARTING}
02:33:24.506 [qtp399373008-62] DEBUG org.eclipse.jetty.util.thread.QueuedThreadPool - Runner started for QueuedThreadPool[qtp399373008]@17cdf2d0{STARTED,8<=8<=200,i=8,r=-1,q=0}[ReservedThreadExecutor@424fd310{reserved=0/8,pending=0}]
02:33:24.506 [main] DEBUG org.eclipse.jetty.util.component.AbstractLifeCycle - STARTED @4879ms JettyHandler@5b529706{STARTED}
02:33:24.507 [main] DEBUG org.eclipse.jetty.util.component.AbstractLifeCycle - STARTED @4879ms HandlerCollection@2371aaca{STARTED}
02:33:24.507 [main] DEBUG org.eclipse.jetty.util.component.AbstractLifeCycle - starting ErrorHandler@47a5b70d{STOPPED}
02:33:24.507 [main] DEBUG org.eclipse.jetty.server.handler.AbstractHandler - starting ErrorHandler@47a5b70d{STARTING}
02:33:24.507 [main] DEBUG org.eclipse.jetty.util.component.AbstractLifeCycle - STARTED @4879ms ErrorHandler@47a5b70d{STARTED}
02:33:24.507 [main] DEBUG org.eclipse.jetty.util.component.AbstractLifeCycle - starting ServerConnector@2374d36a{SSL, (ssl, http/1.1)}{localhost:0}
02:33:24.507 [main] DEBUG org.eclipse.jetty.util.component.ContainerLifeCycle - ServerConnector@2374d36a{SSL, (ssl, http/1.1)}{localhost:37555} added {sun.nio.ch.ServerSocketChannelImpl[/127.0.0.1:37555],POJO}
02:33:24.507 [main] DEBUG org.eclipse.jetty.util.component.AbstractLifeCycle - starting ScheduledExecutorScheduler@54d18072{STOPPED}
02:33:24.507 [main] DEBUG org.eclipse.jetty.util.component.AbstractLifeCycle - STARTED @4880ms ScheduledExecutorScheduler@54d18072{STARTED}
02:33:24.507 [main] DEBUG org.eclipse.jetty.util.component.AbstractLifeCycle - starting SslConnectionFactory@14dda234{SSL->HTTP/1.1}
02:33:24.507 [main] DEBUG org.eclipse.jetty.util.component.AbstractLifeCycle - starting Server@5a411614[provider=null,keyStore=file:///home/alex/Repositories/nifi/minifi/minifi-bootstrap/src/test/resources/localhost-ks.jks,trustStore=file:///home/alex/Repositories/nifi/minifi/minifi-bootstrap/src/test/resources/localhost-ts.jks]
02:33:24.510 [main] DEBUG org.eclipse.jetty.util.ssl.SslContextFactory - Skipping [
[
  Version: V3
  Subject: CN=localhost, OU=Apache NiFi, O=Apache, L=Santa Monica, ST=CA, C=US
  Signature Algorithm: SHA256withRSA, OID = 1.2.840.113549.1.1.11

  Key:  Sun RSA public key, 2048 bits
  params: null
  modulus: 30814356967964143889979985530055364514699394643854733747998343669441470253519148017443938086010371890735549349346219651337818702185332874291515054870079563226954918193849616960862684868242286307978102369612841123949572244550174312189783512432514374223942259755501453758648376374577329063158223919569981746956302768359932779930568567551025861141698242321770321797245641831546024352966190839853333380405862111836548816513307103278129669977363291361980989435025931448076674220589578916708474451915467598527744638059964817414583177679616410437042552549854073395960578135618251112100328624274333297476918645698689757444387
  public exponent: 65537
  Validity: [From: Wed Sep 11 16:38:57 WEST 2019,
               To: Thu Sep 10 16:38:57 WEST 2020]
  Issuer: CN=localhost, OU=Apache NiFi, O=Apache, L=Santa Monica, ST=CA, C=US
  SerialNumber: [    5d791511]

Certificate Extensions: 2
[1]: ObjectId: 2.5.29.15 Criticality=false
KeyUsage [
  DigitalSignature
  Non_repudiation
  Key_Encipherment
  Data_Encipherment
  Key_Agreement
  Key_CertSign
]

[2]: ObjectId: 2.5.29.17 Criticality=false
SubjectAlternativeName [
  DNSName: localhost
]

]
  Algorithm: [SHA256withRSA]
  Signature:
0000: BD 60 51 3B 2B 7F 6A 1F   07 27 5B 95 90 71 12 AA  .`Q;+.j..'[..q..
0010: E2 51 88 19 F1 3D BF D9   70 36 DE BE 2E D0 E6 CB  .Q...=..p6......
0020: F9 37 23 D4 B2 67 1D FA   F6 06 D0 05 A4 C4 D8 BF  .7#..g..........
0030: 25 30 00 BC 98 A7 DC 41   D4 42 76 94 DB AD 9B DD  %0.....A.Bv.....
0040: E8 4A DA 97 40 4D 22 7F   8A B2 D2 F8 08 28 76 9F  .J..@M"......(v.
0050: AF 21 73 EC 37 D2 F2 3B   96 20 AE 8B E0 F8 F7 E9  .!s.7..;. ......
0060: E8 22 85 21 82 19 0F D1   C5 8A BE 7C CC FE D7 6F  .".!...........o
0070: A9 4E 62 69 45 A5 2D 50   33 31 06 6A 0F 61 1E F7  .NbiE.-P31.j.a..
0080: 8D 9F 60 68 D7 61 D6 32   25 64 43 76 B1 1B 7A 21  ..`h.a.2%dCv..z!
0090: 59 6F A3 FA BC D5 A9 28   6C A8 EF 30 F2 67 5E 1D  Yo.....(l..0.g^.
00A0: B9 AD A0 03 53 6E 83 6D   C4 CE CE 0C 66 10 73 39  ....Sn.m....f.s9
00B0: CE 73 1D BD 4D 8C 13 18   84 E7 E5 41 97 68 C1 53  .s..M......A.h.S
00C0: 81 CD B5 40 25 73 EC 05   E4 23 01 BA 4D 20 78 6B  ...@%s...#..M xk
00D0: 84 14 EB FF F2 82 AD 99   1F B9 34 99 3B BD 1D 3E  ..........4.;..>
00E0: 1B 14 48 1E E6 ED F9 7B   82 EE 15 33 57 CE B3 44  ..H........3W..D
00F0: 86 C7 F4 99 89 34 CE F3   88 BB AC F6 35 F2 80 59  .....4......5..Y

]
02:33:24.510 [main] DEBUG org.eclipse.jetty.util.ssl.X509 - Certificate CN alias=mykey CN=localhost in X509@48a12036(mykey,h=[],a=[],w=[])
02:33:24.510 [main] INFO org.eclipse.jetty.util.ssl.SslContextFactory - x509=X509@48a12036(mykey,h=[localhost],a=[],w=[]) for Server@5a411614[provider=null,keyStore=file:///home/alex/Repositories/nifi/minifi/minifi-bootstrap/src/test/resources/localhost-ks.jks,trustStore=file:///home/alex/Repositories/nifi/minifi/minifi-bootstrap/src/test/resources/localhost-ts.jks]
02:33:24.511 [main] DEBUG org.eclipse.jetty.util.ssl.SslContextFactory - managers=[sun.security.ssl.SunX509KeyManagerImpl@70efb718] for Server@5a411614[provider=null,keyStore=file:///home/alex/Repositories/nifi/minifi/minifi-bootstrap/src/test/resources/localhost-ks.jks,trustStore=file:///home/alex/Repositories/nifi/minifi/minifi-bootstrap/src/test/resources/localhost-ts.jks]
02:33:24.512 [main] DEBUG org.eclipse.jetty.util.ssl.SslContextFactory - Selected Protocols [TLSv1.3, TLSv1.2] of [TLSv1.3, TLSv1.2, TLSv1.1, TLSv1, SSLv3, SSLv2Hello]
02:33:24.512 [main] DEBUG org.eclipse.jetty.util.ssl.SslContextFactory - Selected Ciphers   [TLS_AES_256_GCM_SHA384, TLS_AES_128_GCM_SHA256, TLS_ECDHE_ECDSA_WITH_AES_256_GCM_SHA384, TLS_ECDHE_ECDSA_WITH_AES_128_GCM_SHA256, TLS_ECDHE_RSA_WITH_AES_256_GCM_SHA384, TLS_ECDHE_RSA_WITH_AES_128_GCM_SHA256, TLS_DHE_RSA_WITH_AES_256_GCM_SHA384, TLS_DHE_DSS_WITH_AES_256_GCM_SHA384, TLS_DHE_RSA_WITH_AES_128_GCM_SHA256, TLS_DHE_DSS_WITH_AES_128_GCM_SHA256, TLS_ECDHE_ECDSA_WITH_AES_256_CBC_SHA384, TLS_ECDHE_RSA_WITH_AES_256_CBC_SHA384, TLS_ECDHE_ECDSA_WITH_AES_128_CBC_SHA256, TLS_ECDHE_RSA_WITH_AES_128_CBC_SHA256, TLS_DHE_RSA_WITH_AES_256_CBC_SHA256, TLS_DHE_DSS_WITH_AES_256_CBC_SHA256, TLS_DHE_RSA_WITH_AES_128_CBC_SHA256, TLS_DHE_DSS_WITH_AES_128_CBC_SHA256, TLS_ECDH_ECDSA_WITH_AES_256_GCM_SHA384, TLS_ECDH_RSA_WITH_AES_256_GCM_SHA384, TLS_ECDH_ECDSA_WITH_AES_128_GCM_SHA256, TLS_ECDH_RSA_WITH_AES_128_GCM_SHA256, TLS_ECDH_ECDSA_WITH_AES_256_CBC_SHA384, TLS_ECDH_RSA_WITH_AES_256_CBC_SHA384, TLS_ECDH_ECDSA_WITH_AES_128_CBC_SHA256, TLS_ECDH_RSA_WITH_AES_128_CBC_SHA256, TLS_EMPTY_RENEGOTIATION_INFO_SCSV] of [TLS_AES_256_GCM_SHA384, TLS_AES_128_GCM_SHA256, TLS_ECDHE_ECDSA_WITH_AES_256_GCM_SHA384, TLS_ECDHE_ECDSA_WITH_AES_128_GCM_SHA256, TLS_ECDHE_RSA_WITH_AES_256_GCM_SHA384, TLS_ECDHE_RSA_WITH_AES_128_GCM_SHA256, TLS_DHE_RSA_WITH_AES_256_GCM_SHA384, TLS_DHE_DSS_WITH_AES_256_GCM_SHA384, TLS_DHE_RSA_WITH_AES_128_GCM_SHA256, TLS_DHE_DSS_WITH_AES_128_GCM_SHA256, TLS_ECDHE_ECDSA_WITH_AES_256_CBC_SHA384, TLS_ECDHE_RSA_WITH_AES_256_CBC_SHA384, TLS_ECDHE_ECDSA_WITH_AES_128_CBC_SHA256, TLS_ECDHE_RSA_WITH_AES_128_CBC_SHA256, TLS_DHE_RSA_WITH_AES_256_CBC_SHA256, TLS_DHE_DSS_WITH_AES_256_CBC_SHA256, TLS_DHE_RSA_WITH_AES_128_CBC_SHA256, TLS_DHE_DSS_WITH_AES_128_CBC_SHA256, TLS_ECDH_ECDSA_WITH_AES_256_GCM_SHA384, TLS_ECDH_RSA_WITH_AES_256_GCM_SHA384, TLS_ECDH_ECDSA_WITH_AES_128_GCM_SHA256, TLS_ECDH_RSA_WITH_AES_128_GCM_SHA256, TLS_ECDH_ECDSA_WITH_AES_256_CBC_SHA384, TLS_ECDH_RSA_WITH_AES_256_CBC_SHA384, TLS_ECDH_ECDSA_WITH_AES_128_CBC_SHA256, TLS_ECDH_RSA_WITH_AES_128_CBC_SHA256, TLS_ECDHE_ECDSA_WITH_AES_256_CBC_SHA, TLS_ECDHE_RSA_WITH_AES_256_CBC_SHA, TLS_ECDHE_ECDSA_WITH_AES_128_CBC_SHA, TLS_ECDHE_RSA_WITH_AES_128_CBC_SHA, TLS_DHE_RSA_WITH_AES_256_CBC_SHA, TLS_DHE_DSS_WITH_AES_256_CBC_SHA, TLS_DHE_RSA_WITH_AES_128_CBC_SHA, TLS_DHE_DSS_WITH_AES_128_CBC_SHA, TLS_ECDH_ECDSA_WITH_AES_256_CBC_SHA, TLS_ECDH_RSA_WITH_AES_256_CBC_SHA, TLS_ECDH_ECDSA_WITH_AES_128_CBC_SHA, TLS_ECDH_RSA_WITH_AES_128_CBC_SHA, TLS_RSA_WITH_AES_256_GCM_SHA384, TLS_RSA_WITH_AES_128_GCM_SHA256, TLS_RSA_WITH_AES_256_CBC_SHA256, TLS_RSA_WITH_AES_128_CBC_SHA256, TLS_RSA_WITH_AES_256_CBC_SHA, TLS_RSA_WITH_AES_128_CBC_SHA, TLS_EMPTY_RENEGOTIATION_INFO_SCSV]
02:33:24.512 [main] DEBUG org.eclipse.jetty.util.ssl.SslContextFactory - Customize sun.security.ssl.SSLEngineImpl@b70da4c
02:33:24.512 [main] DEBUG org.eclipse.jetty.util.component.AbstractLifeCycle - STARTED @4885ms Server@5a411614[provider=null,keyStore=file:///home/alex/Repositories/nifi/minifi/minifi-bootstrap/src/test/resources/localhost-ks.jks,trustStore=file:///home/alex/Repositories/nifi/minifi/minifi-bootstrap/src/test/resources/localhost-ts.jks]
02:33:24.513 [main] DEBUG org.eclipse.jetty.util.ssl.SslContextFactory - Customize sun.security.ssl.SSLEngineImpl@4a11eb84
02:33:24.513 [main] DEBUG org.eclipse.jetty.util.component.AbstractLifeCycle - STARTED @4885ms SslConnectionFactory@14dda234{SSL->HTTP/1.1}
02:33:24.513 [main] DEBUG org.eclipse.jetty.util.component.AbstractLifeCycle - starting HttpConnectionFactory@5553d0f5[HTTP/1.1]
02:33:24.513 [main] DEBUG org.eclipse.jetty.util.component.AbstractLifeCycle - STARTED @4885ms HttpConnectionFactory@5553d0f5[HTTP/1.1]
02:33:24.513 [main] DEBUG org.eclipse.jetty.util.component.AbstractLifeCycle - starting SelectorManager@ServerConnector@2374d36a{SSL, (ssl, http/1.1)}{localhost:37555}
02:33:24.513 [main] DEBUG org.eclipse.jetty.util.component.ContainerLifeCycle - EatWhatYouKill@4e858e0a/SelectorProducer@435fb7b5/IDLE/p=false/QueuedThreadPool[qtp399373008]@17cdf2d0{STARTED,8<=8<=200,i=8,r=-1,q=0}[ReservedThreadExecutor@424fd310{reserved=0/8,pending=0}][pc=0,pic=0,pec=0,epc=0]@2024-05-02T02:33:24.513+01:00 added {SelectorProducer@435fb7b5,POJO}
02:33:24.513 [main] DEBUG org.eclipse.jetty.util.component.ContainerLifeCycle - EatWhatYouKill@4e858e0a/SelectorProducer@435fb7b5/IDLE/p=false/QueuedThreadPool[qtp399373008]@17cdf2d0{STARTED,8<=8<=200,i=8,r=-1,q=0}[ReservedThreadExecutor@424fd310{reserved=0/8,pending=0}][pc=0,pic=0,pec=0,epc=0]@2024-05-02T02:33:24.513+01:00 added {QueuedThreadPool[qtp399373008]@17cdf2d0{STARTED,8<=8<=200,i=8,r=-1,q=0}[ReservedThreadExecutor@424fd310{reserved=0/8,pending=0}],UNMANAGED}
02:33:24.513 [main] DEBUG org.eclipse.jetty.util.thread.strategy.EatWhatYouKill - EatWhatYouKill@4e858e0a/SelectorProducer@435fb7b5/IDLE/p=false/QueuedThreadPool[qtp399373008]@17cdf2d0{STARTED,8<=8<=200,i=8,r=-1,q=0}[ReservedThreadExecutor@424fd310{reserved=0/8,pending=0}][pc=0,pic=0,pec=0,epc=0]@2024-05-02T02:33:24.513+01:00 created
02:33:24.513 [main] DEBUG org.eclipse.jetty.util.component.ContainerLifeCycle - ManagedSelector@4e70a728{STOPPED} id=0 keys=-1 selected=-1 updates=0 added {EatWhatYouKill@4e858e0a/SelectorProducer@435fb7b5/IDLE/p=false/QueuedThreadPool[qtp399373008]@17cdf2d0{STARTED,8<=8<=200,i=8,r=-1,q=0}[ReservedThreadExecutor@424fd310{reserved=0/8,pending=0}][pc=0,pic=0,pec=0,epc=0]@2024-05-02T02:33:24.513+01:00,MANAGED}
02:33:24.513 [main] DEBUG org.eclipse.jetty.util.component.ContainerLifeCycle - SelectorManager@ServerConnector@2374d36a{SSL, (ssl, http/1.1)}{localhost:37555} added {ManagedSelector@4e70a728{STOPPED} id=0 keys=-1 selected=-1 updates=0,AUTO}
02:33:24.514 [main] DEBUG org.eclipse.jetty.util.component.ContainerLifeCycle - EatWhatYouKill@b7838a9/SelectorProducer@696f0212/IDLE/p=false/QueuedThreadPool[qtp399373008]@17cdf2d0{STARTED,8<=8<=200,i=8,r=-1,q=0}[ReservedThreadExecutor@424fd310{reserved=0/8,pending=0}][pc=0,pic=0,pec=0,epc=0]@2024-05-02T02:33:24.514+01:00 added {SelectorProducer@696f0212,POJO}
02:33:24.514 [main] DEBUG org.eclipse.jetty.util.component.ContainerLifeCycle - EatWhatYouKill@b7838a9/SelectorProducer@696f0212/IDLE/p=false/QueuedThreadPool[qtp399373008]@17cdf2d0{STARTED,8<=8<=200,i=8,r=-1,q=0}[ReservedThreadExecutor@424fd310{reserved=0/8,pending=0}][pc=0,pic=0,pec=0,epc=0]@2024-05-02T02:33:24.514+01:00 added {QueuedThreadPool[qtp399373008]@17cdf2d0{STARTED,8<=8<=200,i=8,r=-1,q=0}[ReservedThreadExecutor@424fd310{reserved=0/8,pending=0}],UNMANAGED}
02:33:24.514 [main] DEBUG org.eclipse.jetty.util.thread.strategy.EatWhatYouKill - EatWhatYouKill@b7838a9/SelectorProducer@696f0212/IDLE/p=false/QueuedThreadPool[qtp399373008]@17cdf2d0{STARTED,8<=8<=200,i=8,r=-1,q=0}[ReservedThreadExecutor@424fd310{reserved=0/8,pending=0}][pc=0,pic=0,pec=0,epc=0]@2024-05-02T02:33:24.514+01:00 created
02:33:24.514 [main] DEBUG org.eclipse.jetty.util.component.ContainerLifeCycle - ManagedSelector@5733f295{STOPPED} id=1 keys=-1 selected=-1 updates=0 added {EatWhatYouKill@b7838a9/SelectorProducer@696f0212/IDLE/p=false/QueuedThreadPool[qtp399373008]@17cdf2d0{STARTED,8<=8<=200,i=8,r=-1,q=0}[ReservedThreadExecutor@424fd310{reserved=0/8,pending=0}][pc=0,pic=0,pec=0,epc=0]@2024-05-02T02:33:24.514+01:00,MANAGED}
02:33:24.514 [main] DEBUG org.eclipse.jetty.util.component.ContainerLifeCycle - SelectorManager@ServerConnector@2374d36a{SSL, (ssl, http/1.1)}{localhost:37555} added {ManagedSelector@5733f295{STOPPED} id=1 keys=-1 selected=-1 updates=0,AUTO}
02:33:24.514 [main] DEBUG org.eclipse.jetty.util.component.ContainerLifeCycle - EatWhatYouKill@1c3146bc/SelectorProducer@56c698e3/IDLE/p=false/QueuedThreadPool[qtp399373008]@17cdf2d0{STARTED,8<=8<=200,i=8,r=-1,q=0}[ReservedThreadExecutor@424fd310{reserved=0/8,pending=0}][pc=0,pic=0,pec=0,epc=0]@2024-05-02T02:33:24.514+01:00 added {SelectorProducer@56c698e3,POJO}
02:33:24.514 [main] DEBUG org.eclipse.jetty.util.component.ContainerLifeCycle - EatWhatYouKill@1c3146bc/SelectorProducer@56c698e3/IDLE/p=false/QueuedThreadPool[qtp399373008]@17cdf2d0{STARTED,8<=8<=200,i=8,r=-1,q=0}[ReservedThreadExecutor@424fd310{reserved=0/8,pending=0}][pc=0,pic=0,pec=0,epc=0]@2024-05-02T02:33:24.514+01:00 added {QueuedThreadPool[qtp399373008]@17cdf2d0{STARTED,8<=8<=200,i=8,r=-1,q=0}[ReservedThreadExecutor@424fd310{reserved=0/8,pending=0}],UNMANAGED}
02:33:24.514 [main] DEBUG org.eclipse.jetty.util.thread.strategy.EatWhatYouKill - EatWhatYouKill@1c3146bc/SelectorProducer@56c698e3/IDLE/p=false/QueuedThreadPool[qtp399373008]@17cdf2d0{STARTED,8<=8<=200,i=8,r=-1,q=0}[ReservedThreadExecutor@424fd310{reserved=0/8,pending=0}][pc=0,pic=0,pec=0,epc=0]@2024-05-02T02:33:24.514+01:00 created
02:33:24.514 [main] DEBUG org.eclipse.jetty.util.component.ContainerLifeCycle - ManagedSelector@47a86fbb{STOPPED} id=2 keys=-1 selected=-1 updates=0 added {EatWhatYouKill@1c3146bc/SelectorProducer@56c698e3/IDLE/p=false/QueuedThreadPool[qtp399373008]@17cdf2d0{STARTED,8<=8<=200,i=8,r=-1,q=0}[ReservedThreadExecutor@424fd310{reserved=0/8,pending=0}][pc=0,pic=0,pec=0,epc=0]@2024-05-02T02:33:24.514+01:00,MANAGED}
02:33:24.514 [main] DEBUG org.eclipse.jetty.util.component.ContainerLifeCycle - SelectorManager@ServerConnector@2374d36a{SSL, (ssl, http/1.1)}{localhost:37555} added {ManagedSelector@47a86fbb{STOPPED} id=2 keys=-1 selected=-1 updates=0,AUTO}
02:33:24.515 [main] DEBUG org.eclipse.jetty.util.component.ContainerLifeCycle - EatWhatYouKill@f478a81/SelectorProducer@19553973/IDLE/p=false/QueuedThreadPool[qtp399373008]@17cdf2d0{STARTED,8<=8<=200,i=8,r=-1,q=0}[ReservedThreadExecutor@424fd310{reserved=0/8,pending=0}][pc=0,pic=0,pec=0,epc=0]@2024-05-02T02:33:24.515+01:00 added {SelectorProducer@19553973,POJO}
02:33:24.515 [main] DEBUG org.eclipse.jetty.util.component.ContainerLifeCycle - EatWhatYouKill@f478a81/SelectorProducer@19553973/IDLE/p=false/QueuedThreadPool[qtp399373008]@17cdf2d0{STARTED,8<=8<=200,i=8,r=-1,q=0}[ReservedThreadExecutor@424fd310{reserved=0/8,pending=0}][pc=0,pic=0,pec=0,epc=0]@2024-05-02T02:33:24.515+01:00 added {QueuedThreadPool[qtp399373008]@17cdf2d0{STARTED,8<=8<=200,i=8,r=-1,q=0}[ReservedThreadExecutor@424fd310{reserved=0/8,pending=0}],UNMANAGED}
02:33:24.515 [main] DEBUG org.eclipse.jetty.util.thread.strategy.EatWhatYouKill - EatWhatYouKill@f478a81/SelectorProducer@19553973/IDLE/p=false/QueuedThreadPool[qtp399373008]@17cdf2d0{STARTED,8<=8<=200,i=8,r=-1,q=0}[ReservedThreadExecutor@424fd310{reserved=0/8,pending=0}][pc=0,pic=0,pec=0,epc=0]@2024-05-02T02:33:24.515+01:00 created
02:33:24.515 [main] DEBUG org.eclipse.jetty.util.component.ContainerLifeCycle - ManagedSelector@7bb6ab3a{STOPPED} id=3 keys=-1 selected=-1 updates=0 added {EatWhatYouKill@f478a81/SelectorProducer@19553973/IDLE/p=false/QueuedThreadPool[qtp399373008]@17cdf2d0{STARTED,8<=8<=200,i=8,r=-1,q=0}[ReservedThreadExecutor@424fd310{reserved=0/8,pending=0}][pc=0,pic=0,pec=0,epc=0]@2024-05-02T02:33:24.515+01:00,MANAGED}
02:33:24.515 [main] DEBUG org.eclipse.jetty.util.component.ContainerLifeCycle - SelectorManager@ServerConnector@2374d36a{SSL, (ssl, http/1.1)}{localhost:37555} added {ManagedSelector@7bb6ab3a{STOPPED} id=3 keys=-1 selected=-1 updates=0,AUTO}
02:33:24.515 [main] DEBUG org.eclipse.jetty.util.component.AbstractLifeCycle - starting ManagedSelector@4e70a728{STOPPED} id=0 keys=-1 selected=-1 updates=0
02:33:24.515 [main] DEBUG org.eclipse.jetty.util.component.AbstractLifeCycle - starting EatWhatYouKill@4e858e0a/SelectorProducer@435fb7b5/IDLE/p=false/QueuedThreadPool[qtp399373008]@17cdf2d0{STARTED,8<=8<=200,i=8,r=-1,q=0}[ReservedThreadExecutor@424fd310{reserved=0/8,pending=0}][pc=0,pic=0,pec=0,epc=0]@2024-05-02T02:33:24.515+01:00
02:33:24.515 [main] DEBUG org.eclipse.jetty.util.component.AbstractLifeCycle - STARTED @4888ms EatWhatYouKill@4e858e0a/SelectorProducer@435fb7b5/IDLE/p=false/QueuedThreadPool[qtp399373008]@17cdf2d0{STARTED,8<=8<=200,i=8,r=-1,q=0}[ReservedThreadExecutor@424fd310{reserved=0/8,pending=0}][pc=0,pic=0,pec=0,epc=0]@2024-05-02T02:33:24.515+01:00
02:33:24.515 [main] DEBUG org.eclipse.jetty.util.thread.QueuedThreadPool - queue org.eclipse.jetty.io.ManagedSelector$$Lambda$253/838473569@7fe7c640 startThread=0
02:33:24.515 [main] DEBUG org.eclipse.jetty.io.ManagedSelector - Queued change lazy=false org.eclipse.jetty.io.ManagedSelector$Start@4c4748bf on ManagedSelector@4e70a728{STARTING} id=0 keys=0 selected=0 updates=0
02:33:24.515 [qtp399373008-55] DEBUG org.eclipse.jetty.util.thread.QueuedThreadPool - run org.eclipse.jetty.io.ManagedSelector$$Lambda$253/838473569@7fe7c640 in QueuedThreadPool[qtp399373008]@17cdf2d0{STARTED,8<=8<=200,i=7,r=-1,q=0}[ReservedThreadExecutor@424fd310{reserved=0/8,pending=0}]
02:33:24.516 [qtp399373008-55] DEBUG org.eclipse.jetty.util.thread.strategy.EatWhatYouKill - EatWhatYouKill@4e858e0a/SelectorProducer@435fb7b5/IDLE/p=false/QueuedThreadPool[qtp399373008]@17cdf2d0{STARTED,8<=8<=200,i=7,r=-1,q=0}[ReservedThreadExecutor@424fd310{reserved=0/8,pending=0}][pc=0,pic=0,pec=0,epc=0]@2024-05-02T02:33:24.515+01:00 tryProduce false
02:33:24.516 [qtp399373008-55] DEBUG org.eclipse.jetty.io.ManagedSelector - updateable 1
02:33:24.516 [qtp399373008-55] DEBUG org.eclipse.jetty.io.ManagedSelector - update org.eclipse.jetty.io.ManagedSelector$Start@4c4748bf
02:33:24.516 [qtp399373008-55] DEBUG org.eclipse.jetty.io.ManagedSelector - updates 0
02:33:24.516 [qtp399373008-55] DEBUG org.eclipse.jetty.io.ManagedSelector - Selector sun.nio.ch.EPollSelectorImpl@3dc4242d waiting with 0 keys
02:33:24.516 [main] DEBUG org.eclipse.jetty.util.component.AbstractLifeCycle - STARTED @4888ms ManagedSelector@4e70a728{STARTED} id=0 keys=0 selected=0 updates=0
02:33:24.516 [main] DEBUG org.eclipse.jetty.util.component.AbstractLifeCycle - starting ManagedSelector@5733f295{STOPPED} id=1 keys=-1 selected=-1 updates=0
02:33:24.516 [main] DEBUG org.eclipse.jetty.util.component.AbstractLifeCycle - starting EatWhatYouKill@b7838a9/SelectorProducer@696f0212/IDLE/p=false/QueuedThreadPool[qtp399373008]@17cdf2d0{STARTED,8<=8<=200,i=7,r=-1,q=0}[ReservedThreadExecutor@424fd310{reserved=0/8,pending=0}][pc=0,pic=0,pec=0,epc=0]@2024-05-02T02:33:24.516+01:00
02:33:24.516 [main] DEBUG org.eclipse.jetty.util.component.AbstractLifeCycle - STARTED @4888ms EatWhatYouKill@b7838a9/SelectorProducer@696f0212/IDLE/p=false/QueuedThreadPool[qtp399373008]@17cdf2d0{STARTED,8<=8<=200,i=7,r=-1,q=0}[ReservedThreadExecutor@424fd310{reserved=0/8,pending=0}][pc=0,pic=0,pec=0,epc=0]@2024-05-02T02:33:24.516+01:00
02:33:24.516 [qtp399373008-56] DEBUG org.eclipse.jetty.util.thread.QueuedThreadPool - run org.eclipse.jetty.io.ManagedSelector$$Lambda$253/838473569@233c5cb9 in QueuedThreadPool[qtp399373008]@17cdf2d0{STARTED,8<=8<=200,i=6,r=-1,q=0}[ReservedThreadExecutor@424fd310{reserved=0/8,pending=0}]
02:33:24.516 [qtp399373008-56] DEBUG org.eclipse.jetty.util.thread.strategy.EatWhatYouKill - EatWhatYouKill@b7838a9/SelectorProducer@696f0212/IDLE/p=false/QueuedThreadPool[qtp399373008]@17cdf2d0{STARTED,8<=8<=200,i=6,r=-1,q=0}[ReservedThreadExecutor@424fd310{reserved=0/8,pending=0}][pc=0,pic=0,pec=0,epc=0]@2024-05-02T02:33:24.516+01:00 tryProduce false
02:33:24.516 [qtp399373008-56] DEBUG org.eclipse.jetty.io.ManagedSelector - updateable 0
02:33:24.516 [qtp399373008-56] DEBUG org.eclipse.jetty.io.ManagedSelector - updates 0
02:33:24.516 [qtp399373008-56] DEBUG org.eclipse.jetty.io.ManagedSelector - Selector sun.nio.ch.EPollSelectorImpl@2dfbb6ae waiting with 0 keys
02:33:24.516 [main] DEBUG org.eclipse.jetty.util.thread.QueuedThreadPool - queue org.eclipse.jetty.io.ManagedSelector$$Lambda$253/838473569@233c5cb9 startThread=0
02:33:24.516 [main] DEBUG org.eclipse.jetty.io.ManagedSelector - Queued change lazy=false org.eclipse.jetty.io.ManagedSelector$Start@7ce97ee5 on ManagedSelector@5733f295{STARTING} id=1 keys=0 selected=0 updates=0
02:33:24.516 [main] DEBUG org.eclipse.jetty.io.ManagedSelector - Wakeup on submit ManagedSelector@5733f295{STARTING} id=1 keys=0 selected=0 updates=1
02:33:24.516 [qtp399373008-56] DEBUG org.eclipse.jetty.io.ManagedSelector - Selector sun.nio.ch.EPollSelectorImpl@2dfbb6ae woken with none selected
02:33:24.516 [qtp399373008-56] DEBUG org.eclipse.jetty.io.ManagedSelector - Selector sun.nio.ch.EPollSelectorImpl@2dfbb6ae woken up from select, 0/0/0 selected
02:33:24.516 [qtp399373008-56] DEBUG org.eclipse.jetty.io.ManagedSelector - Selector sun.nio.ch.EPollSelectorImpl@2dfbb6ae processing 0 keys, 1 updates
02:33:24.517 [qtp399373008-56] DEBUG org.eclipse.jetty.io.ManagedSelector - updateable 1
02:33:24.517 [qtp399373008-56] DEBUG org.eclipse.jetty.io.ManagedSelector - update org.eclipse.jetty.io.ManagedSelector$Start@7ce97ee5
02:33:24.517 [qtp399373008-56] DEBUG org.eclipse.jetty.io.ManagedSelector - updates 0
02:33:24.517 [qtp399373008-56] DEBUG org.eclipse.jetty.io.ManagedSelector - Selector sun.nio.ch.EPollSelectorImpl@2dfbb6ae waiting with 0 keys
02:33:24.517 [main] DEBUG org.eclipse.jetty.util.component.AbstractLifeCycle - STARTED @4889ms ManagedSelector@5733f295{STARTED} id=1 keys=0 selected=0 updates=0
02:33:24.517 [main] DEBUG org.eclipse.jetty.util.component.AbstractLifeCycle - starting ManagedSelector@47a86fbb{STOPPED} id=2 keys=-1 selected=-1 updates=0
02:33:24.517 [main] DEBUG org.eclipse.jetty.util.component.AbstractLifeCycle - starting EatWhatYouKill@1c3146bc/SelectorProducer@56c698e3/IDLE/p=false/QueuedThreadPool[qtp399373008]@17cdf2d0{STARTED,8<=8<=200,i=6,r=-1,q=0}[ReservedThreadExecutor@424fd310{reserved=0/8,pending=0}][pc=0,pic=0,pec=0,epc=0]@2024-05-02T02:33:24.517+01:00
02:33:24.517 [main] DEBUG org.eclipse.jetty.util.component.AbstractLifeCycle - STARTED @4889ms EatWhatYouKill@1c3146bc/SelectorProducer@56c698e3/IDLE/p=false/QueuedThreadPool[qtp399373008]@17cdf2d0{STARTED,8<=8<=200,i=6,r=-1,q=0}[ReservedThreadExecutor@424fd310{reserved=0/8,pending=0}][pc=0,pic=0,pec=0,epc=0]@2024-05-02T02:33:24.517+01:00
02:33:24.517 [main] DEBUG org.eclipse.jetty.util.thread.QueuedThreadPool - queue org.eclipse.jetty.io.ManagedSelector$$Lambda$253/838473569@32c8e539 startThread=0
02:33:24.517 [main] DEBUG org.eclipse.jetty.io.ManagedSelector - Queued change lazy=false org.eclipse.jetty.io.ManagedSelector$Start@73dce0e6 on ManagedSelector@47a86fbb{STARTING} id=2 keys=0 selected=0 updates=0
02:33:24.517 [qtp399373008-57] DEBUG org.eclipse.jetty.util.thread.QueuedThreadPool - run org.eclipse.jetty.io.ManagedSelector$$Lambda$253/838473569@32c8e539 in QueuedThreadPool[qtp399373008]@17cdf2d0{STARTED,8<=8<=200,i=5,r=-1,q=0}[ReservedThreadExecutor@424fd310{reserved=0/8,pending=0}]
02:33:24.517 [qtp399373008-57] DEBUG org.eclipse.jetty.util.thread.strategy.EatWhatYouKill - EatWhatYouKill@1c3146bc/SelectorProducer@56c698e3/IDLE/p=false/QueuedThreadPool[qtp399373008]@17cdf2d0{STARTED,8<=8<=200,i=5,r=-1,q=0}[ReservedThreadExecutor@424fd310{reserved=0/8,pending=0}][pc=0,pic=0,pec=0,epc=0]@2024-05-02T02:33:24.517+01:00 tryProduce false
02:33:24.517 [qtp399373008-57] DEBUG org.eclipse.jetty.io.ManagedSelector - updateable 1
02:33:24.517 [qtp399373008-57] DEBUG org.eclipse.jetty.io.ManagedSelector - update org.eclipse.jetty.io.ManagedSelector$Start@73dce0e6
02:33:24.517 [qtp399373008-57] DEBUG org.eclipse.jetty.io.ManagedSelector - updates 0
02:33:24.517 [qtp399373008-57] DEBUG org.eclipse.jetty.io.ManagedSelector - Selector sun.nio.ch.EPollSelectorImpl@19de0680 waiting with 0 keys
02:33:24.517 [main] DEBUG org.eclipse.jetty.util.component.AbstractLifeCycle - STARTED @4890ms ManagedSelector@47a86fbb{STARTED} id=2 keys=0 selected=0 updates=0
02:33:24.517 [main] DEBUG org.eclipse.jetty.util.component.AbstractLifeCycle - starting ManagedSelector@7bb6ab3a{STOPPED} id=3 keys=-1 selected=-1 updates=0
02:33:24.517 [main] DEBUG org.eclipse.jetty.util.component.AbstractLifeCycle - starting EatWhatYouKill@f478a81/SelectorProducer@19553973/IDLE/p=false/QueuedThreadPool[qtp399373008]@17cdf2d0{STARTED,8<=8<=200,i=5,r=-1,q=0}[ReservedThreadExecutor@424fd310{reserved=0/8,pending=0}][pc=0,pic=0,pec=0,epc=0]@2024-05-02T02:33:24.517+01:00
02:33:24.517 [main] DEBUG org.eclipse.jetty.util.component.AbstractLifeCycle - STARTED @4890ms EatWhatYouKill@f478a81/SelectorProducer@19553973/IDLE/p=false/QueuedThreadPool[qtp399373008]@17cdf2d0{STARTED,8<=8<=200,i=5,r=-1,q=0}[ReservedThreadExecutor@424fd310{reserved=0/8,pending=0}][pc=0,pic=0,pec=0,epc=0]@2024-05-02T02:33:24.517+01:00
02:33:24.518 [main] DEBUG org.eclipse.jetty.util.thread.QueuedThreadPool - queue org.eclipse.jetty.io.ManagedSelector$$Lambda$253/838473569@5a85c92 startThread=0
02:33:24.518 [qtp399373008-58] DEBUG org.eclipse.jetty.util.thread.QueuedThreadPool - run org.eclipse.jetty.io.ManagedSelector$$Lambda$253/838473569@5a85c92 in QueuedThreadPool[qtp399373008]@17cdf2d0{STARTED,8<=8<=200,i=4,r=-1,q=0}[ReservedThreadExecutor@424fd310{reserved=0/8,pending=0}]
02:33:24.518 [main] DEBUG org.eclipse.jetty.io.ManagedSelector - Queued change lazy=false org.eclipse.jetty.io.ManagedSelector$Start@32811494 on ManagedSelector@7bb6ab3a{STARTING} id=3 keys=0 selected=0 updates=0
02:33:24.518 [qtp399373008-58] DEBUG org.eclipse.jetty.util.thread.strategy.EatWhatYouKill - EatWhatYouKill@f478a81/SelectorProducer@19553973/IDLE/p=false/QueuedThreadPool[qtp399373008]@17cdf2d0{STARTED,8<=8<=200,i=4,r=-1,q=0}[ReservedThreadExecutor@424fd310{reserved=0/8,pending=0}][pc=0,pic=0,pec=0,epc=0]@2024-05-02T02:33:24.518+01:00 tryProduce false
02:33:24.518 [qtp399373008-58] DEBUG org.eclipse.jetty.io.ManagedSelector - updateable 1
02:33:24.518 [qtp399373008-58] DEBUG org.eclipse.jetty.io.ManagedSelector - update org.eclipse.jetty.io.ManagedSelector$Start@32811494
02:33:24.518 [qtp399373008-58] DEBUG org.eclipse.jetty.io.ManagedSelector - updates 0
02:33:24.518 [qtp399373008-58] DEBUG org.eclipse.jetty.io.ManagedSelector - Selector sun.nio.ch.EPollSelectorImpl@26508338 waiting with 0 keys
02:33:24.518 [main] DEBUG org.eclipse.jetty.util.component.AbstractLifeCycle - STARTED @4890ms ManagedSelector@7bb6ab3a{STARTED} id=3 keys=0 selected=0 updates=0
02:33:24.518 [main] DEBUG org.eclipse.jetty.util.component.AbstractLifeCycle - STARTED @4890ms SelectorManager@ServerConnector@2374d36a{SSL, (ssl, http/1.1)}{localhost:37555}
02:33:24.518 [main] DEBUG org.eclipse.jetty.util.component.ContainerLifeCycle - ServerConnector@2374d36a{SSL, (ssl, http/1.1)}{localhost:37555} added {acceptor-0@4795ded0,POJO}
02:33:24.518 [main] DEBUG org.eclipse.jetty.util.thread.QueuedThreadPool - queue acceptor-0@4795ded0 startThread=0
02:33:24.518 [main] INFO org.eclipse.jetty.server.AbstractConnector - Started ServerConnector@2374d36a{SSL, (ssl, http/1.1)}{localhost:37555}
02:33:24.518 [qtp399373008-59] DEBUG org.eclipse.jetty.util.thread.QueuedThreadPool - run acceptor-0@4795ded0 in QueuedThreadPool[qtp399373008]@17cdf2d0{STARTED,8<=8<=200,i=3,r=-1,q=0}[ReservedThreadExecutor@424fd310{reserved=0/8,pending=0}]
02:33:24.518 [main] DEBUG org.eclipse.jetty.util.component.AbstractLifeCycle - STARTED @4891ms ServerConnector@2374d36a{SSL, (ssl, http/1.1)}{localhost:37555}
02:33:24.518 [main] INFO org.eclipse.jetty.server.Server - Started @4891ms
02:33:24.518 [main] DEBUG org.eclipse.jetty.util.component.AbstractLifeCycle - STARTED @4891ms Server@736d6a5c{STARTED}[9.4.44.v20210927]
02:33:25.521 [main] DEBUG org.apache.nifi.minifi.bootstrap.configuration.ingestors.PullHttpChangeIngestor - Attempting to pull new config
02:33:25.522 [qtp399373008-59-acceptor-0@4795ded0-ServerConnector@2374d36a{SSL, (ssl, http/1.1)}{localhost:37555}] DEBUG org.eclipse.jetty.io.ManagedSelector - Queued change lazy=false Accept@4af0573d[java.nio.channels.SocketChannel[connected local=/127.0.0.1:37555 remote=/127.0.0.1:51354]] on ManagedSelector@5733f295{STARTED} id=1 keys=0 selected=0 updates=0
02:33:25.522 [qtp399373008-59-acceptor-0@4795ded0-ServerConnector@2374d36a{SSL, (ssl, http/1.1)}{localhost:37555}] DEBUG org.eclipse.jetty.io.ManagedSelector - Wakeup on submit ManagedSelector@5733f295{STARTED} id=1 keys=0 selected=0 updates=1
02:33:25.522 [qtp399373008-56] DEBUG org.eclipse.jetty.io.ManagedSelector - Selector sun.nio.ch.EPollSelectorImpl@2dfbb6ae woken with none selected
02:33:25.522 [qtp399373008-56] DEBUG org.eclipse.jetty.io.ManagedSelector - Selector sun.nio.ch.EPollSelectorImpl@2dfbb6ae woken up from select, 0/0/0 selected
02:33:25.522 [qtp399373008-56] DEBUG org.eclipse.jetty.io.ManagedSelector - Selector sun.nio.ch.EPollSelectorImpl@2dfbb6ae processing 0 keys, 1 updates
02:33:25.522 [qtp399373008-56] DEBUG org.eclipse.jetty.io.ManagedSelector - updateable 1
02:33:25.522 [qtp399373008-56] DEBUG org.eclipse.jetty.io.ManagedSelector - update Accept@4af0573d[java.nio.channels.SocketChannel[connected local=/127.0.0.1:37555 remote=/127.0.0.1:51354]]
02:33:25.523 [qtp399373008-56] DEBUG org.eclipse.jetty.util.thread.QueuedThreadPool - queue Accept@4af0573d[java.nio.channels.SocketChannel[connected local=/127.0.0.1:37555 remote=/127.0.0.1:51354]] startThread=0
02:33:25.523 [qtp399373008-56] DEBUG org.eclipse.jetty.io.ManagedSelector - updates 0
02:33:25.523 [qtp399373008-60] DEBUG org.eclipse.jetty.util.thread.QueuedThreadPool - run Accept@4af0573d[java.nio.channels.SocketChannel[connected local=/127.0.0.1:37555 remote=/127.0.0.1:51354]] in QueuedThreadPool[qtp399373008]@17cdf2d0{STARTED,8<=8<=200,i=2,r=-1,q=0}[ReservedThreadExecutor@424fd310{reserved=0/8,pending=0}]
02:33:25.523 [qtp399373008-56] DEBUG org.eclipse.jetty.io.ManagedSelector - Selector sun.nio.ch.EPollSelectorImpl@2dfbb6ae waiting with 1 keys
02:33:25.523 [qtp399373008-60] DEBUG org.eclipse.jetty.io.IdleTimeout - SocketChannelEndPoint@6fe0558a{l=/127.0.0.1:37555,r=/127.0.0.1:51354,OPEN,fill=-,flush=-,to=0/30000}{io=0/0,kio=0,kro=0}-><null> idle timeout check, elapsed: 0 ms, remaining: 30000 ms
02:33:25.523 [qtp399373008-60] DEBUG org.eclipse.jetty.util.ssl.SslContextFactory - Customize sun.security.ssl.SSLEngineImpl@65183efa
02:33:25.523 [qtp399373008-60] DEBUG org.eclipse.jetty.server.HttpChannel - new HttpChannelOverHttp@201aac3d{s=HttpChannelState@4d3bf1b1{s=IDLE rs=BLOCKING os=OPEN is=IDLE awp=false se=false i=true al=0},r=0,c=false/false,a=IDLE,uri=null,age=0} -> DecryptedEndPoint@11f06986{l=/127.0.0.1:37555,r=/127.0.0.1:51354,OPEN,fill=-,flush=-,to=0/30000},null,HttpChannelState@4d3bf1b1{s=IDLE rs=BLOCKING os=OPEN is=IDLE awp=false se=false i=true al=0}
02:33:25.523 [qtp399373008-60] DEBUG org.eclipse.jetty.server.HttpConnection - New HTTP Connection HttpConnection@353b6aac::DecryptedEndPoint@11f06986{l=/127.0.0.1:37555,r=/127.0.0.1:51354,OPEN,fill=-,flush=-,to=0/30000}
02:33:25.523 [qtp399373008-60] DEBUG org.eclipse.jetty.io.ManagedSelector - Queued change lazy=true org.eclipse.jetty.io.ManagedSelector$$Lambda$258/1710399120@40355372 on ManagedSelector@5733f295{STARTED} id=1 keys=1 selected=0 updates=0
02:33:25.523 [qtp399373008-60] DEBUG org.eclipse.jetty.io.AbstractEndPoint - onOpen SocketChannelEndPoint@6fe0558a{l=/127.0.0.1:37555,r=/127.0.0.1:51354,OPEN,fill=-,flush=-,to=0/30000}{io=0/0,kio=0,kro=0}->SslConnection@529194bc{NOT_HANDSHAKING,eio=-1/-1,di=-1,fill=IDLE,flush=IDLE}~>DecryptedEndPoint@11f06986{l=/127.0.0.1:37555,r=/127.0.0.1:51354,OPEN,fill=-,flush=-,to=0/30000}=>HttpConnection@353b6aac[p=HttpParser{s=START,0 of -1},g=HttpGenerator@40bf7b31{s=START}]=>HttpChannelOverHttp@201aac3d{s=HttpChannelState@4d3bf1b1{s=IDLE rs=BLOCKING os=OPEN is=IDLE awp=false se=false i=true al=0},r=0,c=false/false,a=IDLE,uri=null,age=0}
02:33:25.523 [qtp399373008-60] DEBUG org.eclipse.jetty.io.AbstractConnection - onOpen SslConnection@529194bc::SocketChannelEndPoint@6fe0558a{l=/127.0.0.1:37555,r=/127.0.0.1:51354,OPEN,fill=-,flush=-,to=0/30000}{io=0/0,kio=0,kro=0}->SslConnection@529194bc{NOT_HANDSHAKING,eio=-1/-1,di=-1,fill=IDLE,flush=IDLE}~>DecryptedEndPoint@11f06986{l=/127.0.0.1:37555,r=/127.0.0.1:51354,OPEN,fill=-,flush=-,to=0/30000}=>HttpConnection@353b6aac[p=HttpParser{s=START,0 of -1},g=HttpGenerator@40bf7b31{s=START}]=>HttpChannelOverHttp@201aac3d{s=HttpChannelState@4d3bf1b1{s=IDLE rs=BLOCKING os=OPEN is=IDLE awp=false se=false i=true al=0},r=0,c=false/false,a=IDLE,uri=null,age=0}
02:33:25.523 [qtp399373008-60] DEBUG org.eclipse.jetty.io.AbstractConnection - onOpen HttpConnection@353b6aac::DecryptedEndPoint@11f06986{l=/127.0.0.1:37555,r=/127.0.0.1:51354,OPEN,fill=-,flush=-,to=0/30000}
02:33:25.523 [qtp399373008-60] DEBUG org.eclipse.jetty.io.AbstractConnection - fillInterested HttpConnection@353b6aac::DecryptedEndPoint@11f06986{l=/127.0.0.1:37555,r=/127.0.0.1:51354,OPEN,fill=-,flush=-,to=0/30000}
02:33:25.524 [qtp399373008-60] DEBUG org.eclipse.jetty.io.FillInterest - interested FillInterest@2e3f0780{AC.ReadCB@353b6aac{HttpConnection@353b6aac::DecryptedEndPoint@11f06986{l=/127.0.0.1:37555,r=/127.0.0.1:51354,OPEN,fill=FI,flush=-,to=0/30000}}}
02:33:25.524 [qtp399373008-60] DEBUG org.eclipse.jetty.io.ssl.SslConnection - >needFillInterest s=IDLE/IDLE uf=false ei=null di=null SslConnection@529194bc::SocketChannelEndPoint@6fe0558a{l=/127.0.0.1:37555,r=/127.0.0.1:51354,OPEN,fill=-,flush=-,to=0/30000}{io=0/0,kio=0,kro=0}->SslConnection@529194bc{NOT_HANDSHAKING,eio=-1/-1,di=-1,fill=IDLE,flush=IDLE}~>DecryptedEndPoint@11f06986{l=/127.0.0.1:37555,r=/127.0.0.1:51354,OPEN,fill=FI,flush=-,to=0/30000}=>HttpConnection@353b6aac[p=HttpParser{s=START,0 of -1},g=HttpGenerator@40bf7b31{s=START}]=>HttpChannelOverHttp@201aac3d{s=HttpChannelState@4d3bf1b1{s=IDLE rs=BLOCKING os=OPEN is=IDLE awp=false se=false i=true al=0},r=0,c=false/false,a=IDLE,uri=null,age=0}
02:33:25.524 [qtp399373008-60] DEBUG org.eclipse.jetty.io.ssl.SslConnection - <needFillInterest s=IDLE/INTERESTED f=false i=true w=null
02:33:25.524 [qtp399373008-60] DEBUG org.eclipse.jetty.io.ssl.SslConnection - ensureFillInterested SslConnection@529194bc::SocketChannelEndPoint@6fe0558a{l=/127.0.0.1:37555,r=/127.0.0.1:51354,OPEN,fill=-,flush=-,to=1/30000}{io=0/0,kio=0,kro=0}->SslConnection@529194bc{NOT_HANDSHAKING,eio=-1/-1,di=-1,fill=INTERESTED,flush=IDLE}~>DecryptedEndPoint@11f06986{l=/127.0.0.1:37555,r=/127.0.0.1:51354,OPEN,fill=FI,flush=-,to=0/30000}=>HttpConnection@353b6aac[p=HttpParser{s=START,0 of -1},g=HttpGenerator@40bf7b31{s=START}]=>HttpChannelOverHttp@201aac3d{s=HttpChannelState@4d3bf1b1{s=IDLE rs=BLOCKING os=OPEN is=IDLE awp=false se=false i=true al=0},r=0,c=false/false,a=IDLE,uri=null,age=0}
02:33:25.524 [qtp399373008-60] DEBUG org.eclipse.jetty.io.FillInterest - interested FillInterest@447b6ff6{SSLC.NBReadCB@529194bc{SslConnection@529194bc::SocketChannelEndPoint@6fe0558a{l=/127.0.0.1:37555,r=/127.0.0.1:51354,OPEN,fill=FI,flush=-,to=0/30000}{io=0/0,kio=0,kro=0}->SslConnection@529194bc{NOT_HANDSHAKING,eio=-1/-1,di=-1,fill=INTERESTED,flush=IDLE}~>DecryptedEndPoint@11f06986{l=/127.0.0.1:37555,r=/127.0.0.1:51354,OPEN,fill=FI,flush=-,to=0/30000}=>HttpConnection@353b6aac[p=HttpParser{s=START,0 of -1},g=HttpGenerator@40bf7b31{s=START}]=>HttpChannelOverHttp@201aac3d{s=HttpChannelState@4d3bf1b1{s=IDLE rs=BLOCKING os=OPEN is=IDLE awp=false se=false i=true al=0},r=0,c=false/false,a=IDLE,uri=null,age=0}}}
02:33:25.524 [qtp399373008-60] DEBUG org.eclipse.jetty.io.ChannelEndPoint - changeInterests p=false 0->1 for SocketChannelEndPoint@6fe0558a{l=/127.0.0.1:37555,r=/127.0.0.1:51354,OPEN,fill=FI,flush=-,to=0/30000}{io=0/1,kio=0,kro=0}->SslConnection@529194bc{NOT_HANDSHAKING,eio=-1/-1,di=-1,fill=INTERESTED,flush=IDLE}~>DecryptedEndPoint@11f06986{l=/127.0.0.1:37555,r=/127.0.0.1:51354,OPEN,fill=FI,flush=-,to=0/30000}=>HttpConnection@353b6aac[p=HttpParser{s=START,0 of -1},g=HttpGenerator@40bf7b31{s=START}]=>HttpChannelOverHttp@201aac3d{s=HttpChannelState@4d3bf1b1{s=IDLE rs=BLOCKING os=OPEN is=IDLE awp=false se=false i=true al=0},r=0,c=false/false,a=IDLE,uri=null,age=0}
02:33:25.524 [qtp399373008-60] DEBUG org.eclipse.jetty.io.ManagedSelector - Queued change lazy=false org.eclipse.jetty.io.ChannelEndPoint$$Lambda$255/1238156519@1a9137b1 on ManagedSelector@5733f295{STARTED} id=1 keys=1 selected=0 updates=1
02:33:25.524 [qtp399373008-60] DEBUG org.eclipse.jetty.io.ManagedSelector - Wakeup on submit ManagedSelector@5733f295{STARTED} id=1 keys=1 selected=0 updates=2
02:33:25.524 [qtp399373008-56] DEBUG org.eclipse.jetty.io.ManagedSelector - Selector sun.nio.ch.EPollSelectorImpl@2dfbb6ae woken with none selected
02:33:25.524 [qtp399373008-56] DEBUG org.eclipse.jetty.io.ManagedSelector - Selector sun.nio.ch.EPollSelectorImpl@2dfbb6ae woken up from select, 0/0/1 selected
02:33:25.524 [qtp399373008-56] DEBUG org.eclipse.jetty.io.ManagedSelector - Selector sun.nio.ch.EPollSelectorImpl@2dfbb6ae processing 0 keys, 2 updates
02:33:25.524 [qtp399373008-56] DEBUG org.eclipse.jetty.io.ManagedSelector - updateable 2
02:33:25.524 [qtp399373008-60] DEBUG org.eclipse.jetty.io.ManagedSelector - Created SocketChannelEndPoint@6fe0558a{l=/127.0.0.1:37555,r=/127.0.0.1:51354,OPEN,fill=FI,flush=-,to=0/30000}{io=0/1,kio=0,kro=0}->SslConnection@529194bc{NOT_HANDSHAKING,eio=-1/-1,di=-1,fill=INTERESTED,flush=IDLE}~>DecryptedEndPoint@11f06986{l=/127.0.0.1:37555,r=/127.0.0.1:51354,OPEN,fill=FI,flush=-,to=0/30000}=>HttpConnection@353b6aac[p=HttpParser{s=START,0 of -1},g=HttpGenerator@40bf7b31{s=START}]=>HttpChannelOverHttp@201aac3d{s=HttpChannelState@4d3bf1b1{s=IDLE rs=BLOCKING os=OPEN is=IDLE awp=false se=false i=true al=0},r=0,c=false/false,a=IDLE,uri=null,age=0}
02:33:25.524 [qtp399373008-56] DEBUG org.eclipse.jetty.io.ManagedSelector - update org.eclipse.jetty.io.ManagedSelector$$Lambda$258/1710399120@40355372
02:33:25.524 [qtp399373008-56] DEBUG org.eclipse.jetty.io.ManagedSelector - update org.eclipse.jetty.io.ChannelEndPoint$$Lambda$255/1238156519@1a9137b1
02:33:25.524 [qtp399373008-60] DEBUG org.eclipse.jetty.util.thread.QueuedThreadPool - ran Accept@4af0573d[java.nio.channels.SocketChannel[connected local=/127.0.0.1:37555 remote=/127.0.0.1:51354]] in QueuedThreadPool[qtp399373008]@17cdf2d0{STARTED,8<=8<=200,i=2,r=-1,q=0}[ReservedThreadExecutor@424fd310{reserved=0/8,pending=0}]
02:33:25.524 [qtp399373008-56] DEBUG org.eclipse.jetty.io.ChannelEndPoint - Key interests updated 0 -> 1 on SocketChannelEndPoint@6fe0558a{l=/127.0.0.1:37555,r=/127.0.0.1:51354,OPEN,fill=FI,flush=-,to=0/30000}{io=1/1,kio=1,kro=0}->SslConnection@529194bc{NOT_HANDSHAKING,eio=-1/-1,di=-1,fill=INTERESTED,flush=IDLE}~>DecryptedEndPoint@11f06986{l=/127.0.0.1:37555,r=/127.0.0.1:51354,OPEN,fill=FI,flush=-,to=0/30000}=>HttpConnection@353b6aac[p=HttpParser{s=START,0 of -1},g=HttpGenerator@40bf7b31{s=START}]=>HttpChannelOverHttp@201aac3d{s=HttpChannelState@4d3bf1b1{s=IDLE rs=BLOCKING os=OPEN is=IDLE awp=false se=false i=true al=0},r=0,c=false/false,a=IDLE,uri=null,age=0}
02:33:25.524 [qtp399373008-56] DEBUG org.eclipse.jetty.io.ManagedSelector - updates 0
02:33:25.524 [qtp399373008-56] DEBUG org.eclipse.jetty.io.ManagedSelector - Selector sun.nio.ch.EPollSelectorImpl@2dfbb6ae waiting with 1 keys
02:33:25.525 [qtp399373008-56] DEBUG org.eclipse.jetty.io.ManagedSelector - Selector sun.nio.ch.EPollSelectorImpl@2dfbb6ae woken up from select, 1/1/1 selected
02:33:25.525 [qtp399373008-56] DEBUG org.eclipse.jetty.io.ManagedSelector - Selector sun.nio.ch.EPollSelectorImpl@2dfbb6ae processing 1 keys, 0 updates
02:33:25.525 [qtp399373008-56] DEBUG org.eclipse.jetty.io.ManagedSelector - selected 1 sun.nio.ch.SelectionKeyImpl@29c437c9 SocketChannelEndPoint@6fe0558a{l=/127.0.0.1:37555,r=/127.0.0.1:51354,OPEN,fill=FI,flush=-,to=1/30000}{io=1/1,kio=1,kro=1}->SslConnection@529194bc{NOT_HANDSHAKING,eio=-1/-1,di=-1,fill=INTERESTED,flush=IDLE}~>DecryptedEndPoint@11f06986{l=/127.0.0.1:37555,r=/127.0.0.1:51354,OPEN,fill=FI,flush=-,to=1/30000}=>HttpConnection@353b6aac[p=HttpParser{s=START,0 of -1},g=HttpGenerator@40bf7b31{s=START}]=>HttpChannelOverHttp@201aac3d{s=HttpChannelState@4d3bf1b1{s=IDLE rs=BLOCKING os=OPEN is=IDLE awp=false se=false i=true al=0},r=0,c=false/false,a=IDLE,uri=null,age=0} 
02:33:25.525 [qtp399373008-56] DEBUG org.eclipse.jetty.io.ChannelEndPoint - onSelected 1->0 r=true w=false for SocketChannelEndPoint@6fe0558a{l=/127.0.0.1:37555,r=/127.0.0.1:51354,OPEN,fill=FI,flush=-,to=1/30000}{io=1/0,kio=1,kro=1}->SslConnection@529194bc{NOT_HANDSHAKING,eio=-1/-1,di=-1,fill=INTERESTED,flush=IDLE}~>DecryptedEndPoint@11f06986{l=/127.0.0.1:37555,r=/127.0.0.1:51354,OPEN,fill=FI,flush=-,to=1/30000}=>HttpConnection@353b6aac[p=HttpParser{s=START,0 of -1},g=HttpGenerator@40bf7b31{s=START}]=>HttpChannelOverHttp@201aac3d{s=HttpChannelState@4d3bf1b1{s=IDLE rs=BLOCKING os=OPEN is=IDLE awp=false se=false i=true al=0},r=0,c=false/false,a=IDLE,uri=null,age=0}
02:33:25.526 [qtp399373008-56] DEBUG org.eclipse.jetty.io.ChannelEndPoint - task CEP:SocketChannelEndPoint@6fe0558a{l=/127.0.0.1:37555,r=/127.0.0.1:51354,OPEN,fill=FI,flush=-,to=1/30000}{io=1/0,kio=1,kro=1}->SslConnection@529194bc{NOT_HANDSHAKING,eio=-1/-1,di=-1,fill=INTERESTED,flush=IDLE}~>DecryptedEndPoint@11f06986{l=/127.0.0.1:37555,r=/127.0.0.1:51354,OPEN,fill=FI,flush=-,to=1/30000}=>HttpConnection@353b6aac[p=HttpParser{s=START,0 of -1},g=HttpGenerator@40bf7b31{s=START}]=>HttpChannelOverHttp@201aac3d{s=HttpChannelState@4d3bf1b1{s=IDLE rs=BLOCKING os=OPEN is=IDLE awp=false se=false i=true al=0},r=0,c=false/false,a=IDLE,uri=null,age=0}:runFillable:BLOCKING
02:33:25.526 [qtp399373008-56] DEBUG org.eclipse.jetty.util.thread.ReservedThreadExecutor - ReservedThreadExecutor@424fd310{reserved=0/8,pending=0} tryExecute EatWhatYouKill@b7838a9/SelectorProducer@696f0212/PRODUCING/p=false/QueuedThreadPool[qtp399373008]@17cdf2d0{STARTED,8<=8<=200,i=3,r=-1,q=0}[ReservedThreadExecutor@424fd310{reserved=0/8,pending=0}][pc=0,pic=0,pec=0,epc=0]@2024-05-02T02:33:25.526+01:00
02:33:25.526 [qtp399373008-56] DEBUG org.eclipse.jetty.util.thread.ReservedThreadExecutor - ReservedThreadExecutor@424fd310{reserved=0/8,pending=1} startReservedThread p=1
02:33:25.526 [qtp399373008-56] DEBUG org.eclipse.jetty.util.thread.QueuedThreadPool - queue ReservedThread@6cc6bc95{PENDING,thread=null} startThread=0
02:33:25.526 [qtp399373008-61] DEBUG org.eclipse.jetty.util.thread.QueuedThreadPool - run ReservedThread@6cc6bc95{PENDING,thread=null} in QueuedThreadPool[qtp399373008]@17cdf2d0{STARTED,8<=8<=200,i=2,r=-1,q=0}[ReservedThreadExecutor@424fd310{reserved=0/8,pending=1}]
02:33:25.526 [qtp399373008-61] DEBUG org.eclipse.jetty.util.thread.ReservedThreadExecutor - ReservedThread@6cc6bc95{PENDING,thread=Thread[qtp399373008-61,5,main]} was=PENDING next=RESERVED size=0+1 capacity=8
02:33:25.526 [qtp399373008-61] DEBUG org.eclipse.jetty.util.thread.ReservedThreadExecutor - ReservedThread@6cc6bc95{RESERVED,thread=Thread[qtp399373008-61,5,main]} waiting ReservedThreadExecutor@424fd310{reserved=1/8,pending=0}
02:33:25.526 [qtp399373008-56] DEBUG org.eclipse.jetty.util.thread.strategy.EatWhatYouKill - EatWhatYouKill@b7838a9/SelectorProducer@696f0212/PRODUCING/p=false/QueuedThreadPool[qtp399373008]@17cdf2d0{STARTED,8<=8<=200,i=2,r=-1,q=0}[ReservedThreadExecutor@424fd310{reserved=0/8,pending=1}][pc=0,pic=0,pec=0,epc=0]@2024-05-02T02:33:25.526+01:00 m=PRODUCE_EXECUTE_CONSUME t=CEP:SocketChannelEndPoint@6fe0558a{l=/127.0.0.1:37555,r=/127.0.0.1:51354,OPEN,fill=FI,flush=-,to=2/30000}{io=1/0,kio=1,kro=1}->SslConnection@529194bc{NOT_HANDSHAKING,eio=-1/-1,di=-1,fill=INTERESTED,flush=IDLE}~>DecryptedEndPoint@11f06986{l=/127.0.0.1:37555,r=/127.0.0.1:51354,OPEN,fill=FI,flush=-,to=2/30000}=>HttpConnection@353b6aac[p=HttpParser{s=START,0 of -1},g=HttpGenerator@40bf7b31{s=START}]=>HttpChannelOverHttp@201aac3d{s=HttpChannelState@4d3bf1b1{s=IDLE rs=BLOCKING os=OPEN is=IDLE awp=false se=false i=true al=0},r=0,c=false/false,a=IDLE,uri=null,age=0}:runFillable:BLOCKING/BLOCKING
02:33:25.526 [qtp399373008-56] DEBUG org.eclipse.jetty.util.thread.QueuedThreadPool - queue CEP:SocketChannelEndPoint@6fe0558a{l=/127.0.0.1:37555,r=/127.0.0.1:51354,OPEN,fill=FI,flush=-,to=2/30000}{io=1/0,kio=1,kro=1}->SslConnection@529194bc{NOT_HANDSHAKING,eio=-1/-1,di=-1,fill=INTERESTED,flush=IDLE}~>DecryptedEndPoint@11f06986{l=/127.0.0.1:37555,r=/127.0.0.1:51354,OPEN,fill=FI,flush=-,to=2/30000}=>HttpConnection@353b6aac[p=HttpParser{s=START,0 of -1},g=HttpGenerator@40bf7b31{s=START}]=>HttpChannelOverHttp@201aac3d{s=HttpChannelState@4d3bf1b1{s=IDLE rs=BLOCKING os=OPEN is=IDLE awp=false se=false i=true al=0},r=0,c=false/false,a=IDLE,uri=null,age=0}:runFillable:BLOCKING startThread=0
02:33:25.526 [qtp399373008-56] DEBUG org.eclipse.jetty.io.ManagedSelector - updateable 0
02:33:25.526 [qtp399373008-56] DEBUG org.eclipse.jetty.io.ManagedSelector - updates 0
02:33:25.526 [qtp399373008-62] DEBUG org.eclipse.jetty.util.thread.QueuedThreadPool - run CEP:SocketChannelEndPoint@6fe0558a{l=/127.0.0.1:37555,r=/127.0.0.1:51354,OPEN,fill=FI,flush=-,to=2/30000}{io=1/0,kio=1,kro=1}->SslConnection@529194bc{NOT_HANDSHAKING,eio=-1/-1,di=-1,fill=INTERESTED,flush=IDLE}~>DecryptedEndPoint@11f06986{l=/127.0.0.1:37555,r=/127.0.0.1:51354,OPEN,fill=FI,flush=-,to=2/30000}=>HttpConnection@353b6aac[p=HttpParser{s=START,0 of -1},g=HttpGenerator@40bf7b31{s=START}]=>HttpChannelOverHttp@201aac3d{s=HttpChannelState@4d3bf1b1{s=IDLE rs=BLOCKING os=OPEN is=IDLE awp=false se=false i=true al=0},r=0,c=false/false,a=IDLE,uri=null,age=0}:runFillable:BLOCKING in QueuedThreadPool[qtp399373008]@17cdf2d0{STARTED,8<=8<=200,i=1,r=-1,q=0}[ReservedThreadExecutor@424fd310{reserved=1/8,pending=0}]
02:33:25.526 [qtp399373008-56] DEBUG org.eclipse.jetty.io.ChannelEndPoint - Key interests updated 1 -> 0 on SocketChannelEndPoint@6fe0558a{l=/127.0.0.1:37555,r=/127.0.0.1:51354,OPEN,fill=FI,flush=-,to=2/30000}{io=0/0,kio=0,kro=1}->SslConnection@529194bc{NOT_HANDSHAKING,eio=-1/-1,di=-1,fill=INTERESTED,flush=IDLE}~>DecryptedEndPoint@11f06986{l=/127.0.0.1:37555,r=/127.0.0.1:51354,OPEN,fill=FI,flush=-,to=2/30000}=>HttpConnection@353b6aac[p=HttpParser{s=START,0 of -1},g=HttpGenerator@40bf7b31{s=START}]=>HttpChannelOverHttp@201aac3d{s=HttpChannelState@4d3bf1b1{s=IDLE rs=BLOCKING os=OPEN is=IDLE awp=false se=false i=true al=0},r=0,c=false/false,a=IDLE,uri=null,age=0}
02:33:25.526 [qtp399373008-56] DEBUG org.eclipse.jetty.io.ManagedSelector - Selector sun.nio.ch.EPollSelectorImpl@2dfbb6ae waiting with 1 keys
02:33:25.526 [qtp399373008-62] DEBUG org.eclipse.jetty.io.FillInterest - fillable FillInterest@447b6ff6{SSLC.NBReadCB@529194bc{SslConnection@529194bc::SocketChannelEndPoint@6fe0558a{l=/127.0.0.1:37555,r=/127.0.0.1:51354,OPEN,fill=FI,flush=-,to=2/30000}{io=0/0,kio=0,kro=1}->SslConnection@529194bc{NOT_HANDSHAKING,eio=-1/-1,di=-1,fill=INTERESTED,flush=IDLE}~>DecryptedEndPoint@11f06986{l=/127.0.0.1:37555,r=/127.0.0.1:51354,OPEN,fill=FI,flush=-,to=2/30000}=>HttpConnection@353b6aac[p=HttpParser{s=START,0 of -1},g=HttpGenerator@40bf7b31{s=START}]=>HttpChannelOverHttp@201aac3d{s=HttpChannelState@4d3bf1b1{s=IDLE rs=BLOCKING os=OPEN is=IDLE awp=false se=false i=true al=0},r=0,c=false/false,a=IDLE,uri=null,age=0}}}
02:33:25.526 [qtp399373008-62] DEBUG org.eclipse.jetty.io.ssl.SslConnection - >c.onFillable SslConnection@529194bc::SocketChannelEndPoint@6fe0558a{l=/127.0.0.1:37555,r=/127.0.0.1:51354,OPEN,fill=-,flush=-,to=2/30000}{io=0/0,kio=0,kro=1}->SslConnection@529194bc{NOT_HANDSHAKING,eio=-1/-1,di=-1,fill=INTERESTED,flush=IDLE}~>DecryptedEndPoint@11f06986{l=/127.0.0.1:37555,r=/127.0.0.1:51354,OPEN,fill=FI,flush=-,to=2/30000}=>HttpConnection@353b6aac[p=HttpParser{s=START,0 of -1},g=HttpGenerator@40bf7b31{s=START}]=>HttpChannelOverHttp@201aac3d{s=HttpChannelState@4d3bf1b1{s=IDLE rs=BLOCKING os=OPEN is=IDLE awp=false se=false i=true al=0},r=0,c=false/false,a=IDLE,uri=null,age=0}
02:33:25.526 [qtp399373008-62] DEBUG org.eclipse.jetty.io.ssl.SslConnection - onFillable SslConnection@529194bc::SocketChannelEndPoint@6fe0558a{l=/127.0.0.1:37555,r=/127.0.0.1:51354,OPEN,fill=-,flush=-,to=2/30000}{io=0/0,kio=0,kro=1}->SslConnection@529194bc{NOT_HANDSHAKING,eio=-1/-1,di=-1,fill=INTERESTED,flush=IDLE}~>DecryptedEndPoint@11f06986{l=/127.0.0.1:37555,r=/127.0.0.1:51354,OPEN,fill=FI,flush=-,to=2/30000}=>HttpConnection@353b6aac[p=HttpParser{s=START,0 of -1},g=HttpGenerator@40bf7b31{s=START}]=>HttpChannelOverHttp@201aac3d{s=HttpChannelState@4d3bf1b1{s=IDLE rs=BLOCKING os=OPEN is=IDLE awp=false se=false i=true al=0},r=0,c=false/false,a=IDLE,uri=null,age=0}
02:33:25.527 [qtp399373008-62] DEBUG org.eclipse.jetty.io.FillInterest - fillable FillInterest@2e3f0780{AC.ReadCB@353b6aac{HttpConnection@353b6aac::DecryptedEndPoint@11f06986{l=/127.0.0.1:37555,r=/127.0.0.1:51354,OPEN,fill=FI,flush=-,to=3/30000}}}
02:33:25.527 [qtp399373008-62] DEBUG org.eclipse.jetty.server.HttpConnection - HttpConnection@353b6aac::DecryptedEndPoint@11f06986{l=/127.0.0.1:37555,r=/127.0.0.1:51354,OPEN,fill=-,flush=-,to=3/30000} onFillable enter HttpChannelState@4d3bf1b1{s=IDLE rs=BLOCKING os=OPEN is=IDLE awp=false se=false i=true al=0} null
02:33:25.527 [qtp399373008-62] DEBUG org.eclipse.jetty.io.ssl.SslConnection - >fill SslConnection@529194bc::SocketChannelEndPoint@6fe0558a{l=/127.0.0.1:37555,r=/127.0.0.1:51354,OPEN,fill=-,flush=-,to=2/30000}{io=0/0,kio=0,kro=1}->SslConnection@529194bc{NOT_HANDSHAKING,eio=-1/-1,di=-1,fill=IDLE,flush=IDLE}~>DecryptedEndPoint@11f06986{l=/127.0.0.1:37555,r=/127.0.0.1:51354,OPEN,fill=-,flush=-,to=3/30000}=>HttpConnection@353b6aac[p=HttpParser{s=START,0 of -1},g=HttpGenerator@40bf7b31{s=START}]=>HttpChannelOverHttp@201aac3d{s=HttpChannelState@4d3bf1b1{s=IDLE rs=BLOCKING os=OPEN is=IDLE awp=false se=false i=true al=0},r=0,c=false/false,a=IDLE,uri=null,age=0}
02:33:25.527 [qtp399373008-62] DEBUG org.eclipse.jetty.io.ssl.SslConnection - fill NOT_HANDSHAKING
02:33:25.527 [qtp399373008-62] DEBUG org.eclipse.jetty.io.ChannelEndPoint - filled 339 HeapByteBuffer@ecac914[p=0,l=339,c=17408,r=339]={<<<\x16\x03\x03\x01N\x01\x00\x01J\x03\x03\x01$\xFe\x9f\xE8V\xE9\x16-l\xFf\xDb\x81\x14...(\xEfp\x9fy==\xBf\xA4;+,{\x1a\xD1\xFfA\x9b\xFf\x01\x00\x01\x00>>>\x00\x00\x00\x00\x00\x00\x00\x00\x00...\x00\x00\x00\x00\x00\x00\x00}
02:33:25.527 [qtp399373008-62] DEBUG org.eclipse.jetty.io.ssl.SslConnection - net filled=339
02:33:25.527 [qtp399373008-62] DEBUG org.eclipse.jetty.io.ssl.SslConnection - fill starting handshake SslConnection@529194bc::SocketChannelEndPoint@6fe0558a{l=/127.0.0.1:37555,r=/127.0.0.1:51354,OPEN,fill=-,flush=-,to=0/30000}{io=0/0,kio=0,kro=1}->SslConnection@529194bc{NOT_HANDSHAKING,eio=339/-1,di=-1,fill=IDLE,flush=IDLE}~>DecryptedEndPoint@11f06986{l=/127.0.0.1:37555,r=/127.0.0.1:51354,OPEN,fill=-,flush=-,to=3/30000}=>HttpConnection@353b6aac[p=HttpParser{s=START,0 of -1},g=HttpGenerator@40bf7b31{s=START}]=>HttpChannelOverHttp@201aac3d{s=HttpChannelState@4d3bf1b1{s=IDLE rs=BLOCKING os=OPEN is=IDLE awp=false se=false i=true al=0},r=0,c=false/false,a=IDLE,uri=null,age=0}
02:33:25.528 [qtp399373008-62] DEBUG org.eclipse.jetty.io.ssl.SslConnection - unwrap net_filled=339 Status = OK HandshakeStatus = NEED_TASK bytesConsumed = 339 bytesProduced = 0 encryptedBuffer=[p=339,l=339,c=17408,r=0] unwrapBuffer=HeapByteBuffer@d26bd[p=0,l=0,c=17408,r=0]={<<<>>>\x00\x00\x00\x00\x00\x00\x00\x00\x00...\x00\x00\x00\x00\x00\x00\x00} appBuffer=HeapByteBuffer@d26bd[p=0,l=0,c=17408,r=0]={<<<>>>\x00\x00\x00\x00\x00\x00\x00\x00\x00...\x00\x00\x00\x00\x00\x00\x00}
02:33:25.528 [qtp399373008-62] DEBUG org.eclipse.jetty.io.ssl.SslConnection - fill NEED_TASK
02:33:25.551 [qtp399373008-62] DEBUG org.eclipse.jetty.io.ssl.SslConnection - fill NEED_WRAP
02:33:25.551 [qtp399373008-62] DEBUG org.eclipse.jetty.io.ssl.SslConnection - >flush SslConnection@529194bc::SocketChannelEndPoint@6fe0558a{l=/127.0.0.1:37555,r=/127.0.0.1:51354,OPEN,fill=-,flush=-,to=23/30000}{io=0/0,kio=0,kro=1}->SslConnection@529194bc{NEED_WRAP,eio=0/-1,di=-1,fill=IDLE,flush=IDLE}~>DecryptedEndPoint@11f06986{l=/127.0.0.1:37555,r=/127.0.0.1:51354,OPEN,fill=-,flush=-,to=27/30000}=>HttpConnection@353b6aac[p=HttpParser{s=START,0 of -1},g=HttpGenerator@40bf7b31{s=START}]=>HttpChannelOverHttp@201aac3d{s=HttpChannelState@4d3bf1b1{s=IDLE rs=BLOCKING os=OPEN is=IDLE awp=false se=false i=true al=0},r=0,c=false/false,a=IDLE,uri=null,age=0}
02:33:25.551 [qtp399373008-62] DEBUG org.eclipse.jetty.io.ssl.SslConnection - flush b[0]=HeapByteBuffer@98da274[p=0,l=0,c=0,r=0]={<<<>>>}
02:33:25.551 [qtp399373008-62] DEBUG org.eclipse.jetty.io.ssl.SslConnection - flush NEED_WRAP
02:33:25.551 [qtp399373008-62] DEBUG org.eclipse.jetty.io.ssl.SslConnection - wrap Status = OK HandshakeStatus = NEED_WRAP bytesConsumed = 0 bytesProduced = 160 [p=0,l=160,c=17408,r=160] ioDone=false/false
02:33:25.551 [qtp399373008-62] DEBUG org.eclipse.jetty.io.ChannelEndPoint - flushed 160 SocketChannelEndPoint@6fe0558a{l=/127.0.0.1:37555,r=/127.0.0.1:51354,OPEN,fill=-,flush=-,to=23/30000}{io=0/0,kio=0,kro=1}->SslConnection@529194bc{NEED_WRAP,eio=0/0,di=-1,fill=IDLE,flush=IDLE}~>DecryptedEndPoint@11f06986{l=/127.0.0.1:37555,r=/127.0.0.1:51354,OPEN,fill=-,flush=-,to=27/30000}=>HttpConnection@353b6aac[p=HttpParser{s=START,0 of -1},g=HttpGenerator@40bf7b31{s=START}]=>HttpChannelOverHttp@201aac3d{s=HttpChannelState@4d3bf1b1{s=IDLE rs=BLOCKING os=OPEN is=IDLE awp=false se=false i=true al=0},r=0,c=false/false,a=IDLE,uri=null,age=0}
02:33:25.551 [qtp399373008-62] DEBUG org.eclipse.jetty.io.ssl.SslConnection - net flushed=true, ac=true
02:33:25.551 [qtp399373008-62] DEBUG org.eclipse.jetty.io.ssl.SslConnection - flush NEED_WRAP
02:33:25.551 [qtp399373008-62] DEBUG org.eclipse.jetty.io.ssl.SslConnection - wrap Status = OK HandshakeStatus = NEED_WRAP bytesConsumed = 0 bytesProduced = 6 [p=0,l=6,c=17408,r=6] ioDone=false/false
02:33:25.552 [qtp399373008-62] DEBUG org.eclipse.jetty.io.ChannelEndPoint - flushed 6 SocketChannelEndPoint@6fe0558a{l=/127.0.0.1:37555,r=/127.0.0.1:51354,OPEN,fill=-,flush=-,to=0/30000}{io=0/0,kio=0,kro=1}->SslConnection@529194bc{NEED_WRAP,eio=0/0,di=-1,fill=IDLE,flush=IDLE}~>DecryptedEndPoint@11f06986{l=/127.0.0.1:37555,r=/127.0.0.1:51354,OPEN,fill=-,flush=-,to=27/30000}=>HttpConnection@353b6aac[p=HttpParser{s=START,0 of -1},g=HttpGenerator@40bf7b31{s=START}]=>HttpChannelOverHttp@201aac3d{s=HttpChannelState@4d3bf1b1{s=IDLE rs=BLOCKING os=OPEN is=IDLE awp=false se=false i=true al=0},r=0,c=false/false,a=IDLE,uri=null,age=0}
02:33:25.552 [qtp399373008-62] DEBUG org.eclipse.jetty.io.ssl.SslConnection - net flushed=true, ac=true
02:33:25.552 [qtp399373008-62] DEBUG org.eclipse.jetty.io.ssl.SslConnection - flush NEED_WRAP
02:33:25.552 [qtp399373008-62] DEBUG org.eclipse.jetty.io.ssl.SslConnection - wrap Status = OK HandshakeStatus = NEED_UNWRAP bytesConsumed = 0 bytesProduced = 1597 [p=0,l=1597,c=17408,r=1597] ioDone=false/false
02:33:25.552 [qtp399373008-62] DEBUG org.eclipse.jetty.io.ChannelEndPoint - flushed 1597 SocketChannelEndPoint@6fe0558a{l=/127.0.0.1:37555,r=/127.0.0.1:51354,OPEN,fill=-,flush=-,to=0/30000}{io=0/0,kio=0,kro=1}->SslConnection@529194bc{NEED_UNWRAP,eio=0/0,di=-1,fill=IDLE,flush=IDLE}~>DecryptedEndPoint@11f06986{l=/127.0.0.1:37555,r=/127.0.0.1:51354,OPEN,fill=-,flush=-,to=28/30000}=>HttpConnection@353b6aac[p=HttpParser{s=START,0 of -1},g=HttpGenerator@40bf7b31{s=START}]=>HttpChannelOverHttp@201aac3d{s=HttpChannelState@4d3bf1b1{s=IDLE rs=BLOCKING os=OPEN is=IDLE awp=false se=false i=true al=0},r=0,c=false/false,a=IDLE,uri=null,age=0}
02:33:25.552 [qtp399373008-62] DEBUG org.eclipse.jetty.io.ssl.SslConnection - net flushed=true, ac=true
02:33:25.552 [qtp399373008-62] DEBUG org.eclipse.jetty.io.ssl.SslConnection - <flush true SslConnection@529194bc::SocketChannelEndPoint@6fe0558a{l=/127.0.0.1:37555,r=/127.0.0.1:51354,OPEN,fill=-,flush=-,to=0/30000}{io=0/0,kio=0,kro=1}->SslConnection@529194bc{NEED_UNWRAP,eio=0/-1,di=-1,fill=IDLE,flush=IDLE}~>DecryptedEndPoint@11f06986{l=/127.0.0.1:37555,r=/127.0.0.1:51354,OPEN,fill=-,flush=-,to=28/30000}=>HttpConnection@353b6aac[p=HttpParser{s=START,0 of -1},g=HttpGenerator@40bf7b31{s=START}]=>HttpChannelOverHttp@201aac3d{s=HttpChannelState@4d3bf1b1{s=IDLE rs=BLOCKING os=OPEN is=IDLE awp=false se=false i=true al=0},r=0,c=false/false,a=IDLE,uri=null,age=0}
02:33:25.552 [qtp399373008-62] DEBUG org.eclipse.jetty.io.ssl.SslConnection - fill NEED_UNWRAP
02:33:25.552 [qtp399373008-62] DEBUG org.eclipse.jetty.io.ChannelEndPoint - filled 0 HeapByteBuffer@ecac914[p=0,l=0,c=17408,r=0]={<<<>>>\x16\x03\x03\x01N\x01\x00\x01J...\x00\x00\x00\x00\x00\x00\x00}
02:33:25.552 [qtp399373008-62] DEBUG org.eclipse.jetty.io.ssl.SslConnection - net filled=0
02:33:25.552 [qtp399373008-62] DEBUG org.eclipse.jetty.io.ssl.SslConnection - unwrap net_filled=0 Status = BUFFER_UNDERFLOW HandshakeStatus = NEED_UNWRAP bytesConsumed = 0 bytesProduced = 0 encryptedBuffer=[p=0,l=0,c=17408,r=0] unwrapBuffer=HeapByteBuffer@d26bd[p=0,l=0,c=17408,r=0]={<<<>>>\x00\x00\x00\x00\x00\x00\x00\x00\x00...\x00\x00\x00\x00\x00\x00\x00} appBuffer=HeapByteBuffer@d26bd[p=0,l=0,c=17408,r=0]={<<<>>>\x00\x00\x00\x00\x00\x00\x00\x00\x00...\x00\x00\x00\x00\x00\x00\x00}
02:33:25.553 [qtp399373008-62] DEBUG org.eclipse.jetty.io.ssl.SslConnection - <fill f=0 uf=true SslConnection@529194bc::SocketChannelEndPoint@6fe0558a{l=/127.0.0.1:37555,r=/127.0.0.1:51354,OPEN,fill=-,flush=-,to=0/30000}{io=0/0,kio=0,kro=1}->SslConnection@529194bc{NEED_UNWRAP,eio=-1/-1,di=-1,fill=IDLE,flush=IDLE}~>DecryptedEndPoint@11f06986{l=/127.0.0.1:37555,r=/127.0.0.1:51354,OPEN,fill=-,flush=-,to=29/30000}=>HttpConnection@353b6aac[p=HttpParser{s=START,0 of -1},g=HttpGenerator@40bf7b31{s=START}]=>HttpChannelOverHttp@201aac3d{s=HttpChannelState@4d3bf1b1{s=IDLE rs=BLOCKING os=OPEN is=IDLE awp=false se=false i=true al=0},r=0,c=false/false,a=IDLE,uri=null,age=0}
02:33:25.553 [qtp399373008-62] DEBUG org.eclipse.jetty.io.ssl.SslConnection - >fill SslConnection@529194bc::SocketChannelEndPoint@6fe0558a{l=/127.0.0.1:37555,r=/127.0.0.1:51354,OPEN,fill=-,flush=-,to=0/30000}{io=0/0,kio=0,kro=1}->SslConnection@529194bc{NEED_UNWRAP,eio=-1/-1,di=-1,fill=IDLE,flush=IDLE}~>DecryptedEndPoint@11f06986{l=/127.0.0.1:37555,r=/127.0.0.1:51354,OPEN,fill=-,flush=-,to=29/30000}=>HttpConnection@353b6aac[p=HttpParser{s=START,0 of -1},g=HttpGenerator@40bf7b31{s=START}]=>HttpChannelOverHttp@201aac3d{s=HttpChannelState@4d3bf1b1{s=IDLE rs=BLOCKING os=OPEN is=IDLE awp=false se=false i=true al=0},r=0,c=false/false,a=IDLE,uri=null,age=0}
02:33:25.553 [qtp399373008-62] DEBUG org.eclipse.jetty.io.ssl.SslConnection - fill NEED_UNWRAP
02:33:25.553 [qtp399373008-62] DEBUG org.eclipse.jetty.io.ChannelEndPoint - filled 0 HeapByteBuffer@196acfdd[p=0,l=0,c=17408,r=0]={<<<>>>\x17\x03\x03\x068?\x08B\xFf...\x00\x00\x00\x00\x00\x00\x00}
02:33:25.553 [qtp399373008-62] DEBUG org.eclipse.jetty.io.ssl.SslConnection - net filled=0
02:33:25.553 [qtp399373008-62] DEBUG org.eclipse.jetty.io.ssl.SslConnection - unwrap net_filled=0 Status = BUFFER_UNDERFLOW HandshakeStatus = NEED_UNWRAP bytesConsumed = 0 bytesProduced = 0 encryptedBuffer=[p=0,l=0,c=17408,r=0] unwrapBuffer=HeapByteBuffer@d26bd[p=0,l=0,c=17408,r=0]={<<<>>>\x00\x00\x00\x00\x00\x00\x00\x00\x00...\x00\x00\x00\x00\x00\x00\x00} appBuffer=HeapByteBuffer@d26bd[p=0,l=0,c=17408,r=0]={<<<>>>\x00\x00\x00\x00\x00\x00\x00\x00\x00...\x00\x00\x00\x00\x00\x00\x00}
02:33:25.553 [qtp399373008-62] DEBUG org.eclipse.jetty.io.ssl.SslConnection - <fill f=0 uf=true SslConnection@529194bc::SocketChannelEndPoint@6fe0558a{l=/127.0.0.1:37555,r=/127.0.0.1:51354,OPEN,fill=-,flush=-,to=0/30000}{io=0/0,kio=0,kro=1}->SslConnection@529194bc{NEED_UNWRAP,eio=-1/-1,di=-1,fill=IDLE,flush=IDLE}~>DecryptedEndPoint@11f06986{l=/127.0.0.1:37555,r=/127.0.0.1:51354,OPEN,fill=-,flush=-,to=29/30000}=>HttpConnection@353b6aac[p=HttpParser{s=START,0 of -1},g=HttpGenerator@40bf7b31{s=START}]=>HttpChannelOverHttp@201aac3d{s=HttpChannelState@4d3bf1b1{s=IDLE rs=BLOCKING os=OPEN is=IDLE awp=false se=false i=true al=0},r=0,c=false/false,a=IDLE,uri=null,age=0}
02:33:25.553 [qtp399373008-62] DEBUG org.eclipse.jetty.server.HttpConnection - HttpConnection@353b6aac::DecryptedEndPoint@11f06986{l=/127.0.0.1:37555,r=/127.0.0.1:51354,OPEN,fill=-,flush=-,to=29/30000} filled 0 HeapByteBuffer@d26bd[p=0,l=0,c=17408,r=0]={<<<>>>\x00\x00\x00\x00\x00\x00\x00\x00\x00...\x00\x00\x00\x00\x00\x00\x00}
02:33:25.553 [qtp399373008-62] DEBUG org.eclipse.jetty.server.HttpConnection - HttpConnection@353b6aac::DecryptedEndPoint@11f06986{l=/127.0.0.1:37555,r=/127.0.0.1:51354,OPEN,fill=-,flush=-,to=29/30000} parse HeapByteBuffer@d26bd[p=0,l=0,c=17408,r=0]={<<<>>>\x00\x00\x00\x00\x00\x00\x00\x00\x00...\x00\x00\x00\x00\x00\x00\x00} {}
02:33:25.553 [qtp399373008-62] DEBUG org.eclipse.jetty.http.HttpParser - parseNext s=START HeapByteBuffer@d26bd[p=0,l=0,c=17408,r=0]={<<<>>>\x00\x00\x00\x00\x00\x00\x00\x00\x00...\x00\x00\x00\x00\x00\x00\x00}
02:33:25.553 [qtp399373008-62] DEBUG org.eclipse.jetty.server.HttpConnection - HttpConnection@353b6aac::DecryptedEndPoint@11f06986{l=/127.0.0.1:37555,r=/127.0.0.1:51354,OPEN,fill=-,flush=-,to=29/30000} parsed false HttpParser{s=START,0 of -1}
02:33:25.553 [qtp399373008-62] DEBUG org.eclipse.jetty.server.HttpConnection - releaseRequestBuffer HttpConnection@353b6aac::DecryptedEndPoint@11f06986{l=/127.0.0.1:37555,r=/127.0.0.1:51354,OPEN,fill=-,flush=-,to=29/30000}
02:33:25.553 [qtp399373008-62] DEBUG org.eclipse.jetty.io.AbstractConnection - fillInterested HttpConnection@353b6aac::DecryptedEndPoint@11f06986{l=/127.0.0.1:37555,r=/127.0.0.1:51354,OPEN,fill=-,flush=-,to=29/30000}
02:33:25.553 [qtp399373008-62] DEBUG org.eclipse.jetty.io.FillInterest - interested FillInterest@2e3f0780{AC.ReadCB@353b6aac{HttpConnection@353b6aac::DecryptedEndPoint@11f06986{l=/127.0.0.1:37555,r=/127.0.0.1:51354,OPEN,fill=FI,flush=-,to=0/30000}}}
02:33:25.553 [qtp399373008-62] DEBUG org.eclipse.jetty.io.ssl.SslConnection - >needFillInterest s=IDLE/IDLE uf=true ei=null di=null SslConnection@529194bc::SocketChannelEndPoint@6fe0558a{l=/127.0.0.1:37555,r=/127.0.0.1:51354,OPEN,fill=-,flush=-,to=0/30000}{io=0/0,kio=0,kro=1}->SslConnection@529194bc{NEED_UNWRAP,eio=-1/-1,di=-1,fill=IDLE,flush=IDLE}~>DecryptedEndPoint@11f06986{l=/127.0.0.1:37555,r=/127.0.0.1:51354,OPEN,fill=FI,flush=-,to=0/30000}=>HttpConnection@353b6aac[p=HttpParser{s=START,0 of -1},g=HttpGenerator@40bf7b31{s=START}]=>HttpChannelOverHttp@201aac3d{s=HttpChannelState@4d3bf1b1{s=IDLE rs=BLOCKING os=OPEN is=IDLE awp=false se=false i=true al=0},r=0,c=false/false,a=IDLE,uri=null,age=0}
02:33:25.553 [qtp399373008-62] DEBUG org.eclipse.jetty.io.ssl.SslConnection - <needFillInterest s=IDLE/INTERESTED f=false i=true w=null
02:33:25.553 [qtp399373008-62] DEBUG org.eclipse.jetty.io.ssl.SslConnection - ensureFillInterested SslConnection@529194bc::SocketChannelEndPoint@6fe0558a{l=/127.0.0.1:37555,r=/127.0.0.1:51354,OPEN,fill=-,flush=-,to=0/30000}{io=0/0,kio=0,kro=1}->SslConnection@529194bc{NEED_UNWRAP,eio=-1/-1,di=-1,fill=INTERESTED,flush=IDLE}~>DecryptedEndPoint@11f06986{l=/127.0.0.1:37555,r=/127.0.0.1:51354,OPEN,fill=FI,flush=-,to=0/30000}=>HttpConnection@353b6aac[p=HttpParser{s=START,0 of -1},g=HttpGenerator@40bf7b31{s=START}]=>HttpChannelOverHttp@201aac3d{s=HttpChannelState@4d3bf1b1{s=IDLE rs=BLOCKING os=OPEN is=IDLE awp=false se=false i=true al=0},r=0,c=false/false,a=IDLE,uri=null,age=0}
02:33:25.553 [qtp399373008-62] DEBUG org.eclipse.jetty.io.FillInterest - interested FillInterest@447b6ff6{SSLC.NBReadCB@529194bc{SslConnection@529194bc::SocketChannelEndPoint@6fe0558a{l=/127.0.0.1:37555,r=/127.0.0.1:51354,OPEN,fill=FI,flush=-,to=0/30000}{io=0/0,kio=0,kro=1}->SslConnection@529194bc{NEED_UNWRAP,eio=-1/-1,di=-1,fill=INTERESTED,flush=IDLE}~>DecryptedEndPoint@11f06986{l=/127.0.0.1:37555,r=/127.0.0.1:51354,OPEN,fill=FI,flush=-,to=0/30000}=>HttpConnection@353b6aac[p=HttpParser{s=START,0 of -1},g=HttpGenerator@40bf7b31{s=START}]=>HttpChannelOverHttp@201aac3d{s=HttpChannelState@4d3bf1b1{s=IDLE rs=BLOCKING os=OPEN is=IDLE awp=false se=false i=true al=0},r=0,c=false/false,a=IDLE,uri=null,age=0}}}
02:33:25.553 [qtp399373008-62] DEBUG org.eclipse.jetty.io.ChannelEndPoint - changeInterests p=false 0->1 for SocketChannelEndPoint@6fe0558a{l=/127.0.0.1:37555,r=/127.0.0.1:51354,OPEN,fill=FI,flush=-,to=0/30000}{io=0/1,kio=0,kro=1}->SslConnection@529194bc{NEED_UNWRAP,eio=-1/-1,di=-1,fill=INTERESTED,flush=IDLE}~>DecryptedEndPoint@11f06986{l=/127.0.0.1:37555,r=/127.0.0.1:51354,OPEN,fill=FI,flush=-,to=0/30000}=>HttpConnection@353b6aac[p=HttpParser{s=START,0 of -1},g=HttpGenerator@40bf7b31{s=START}]=>HttpChannelOverHttp@201aac3d{s=HttpChannelState@4d3bf1b1{s=IDLE rs=BLOCKING os=OPEN is=IDLE awp=false se=false i=true al=0},r=0,c=false/false,a=IDLE,uri=null,age=0}
02:33:25.553 [qtp399373008-62] DEBUG org.eclipse.jetty.io.ManagedSelector - Queued change lazy=false org.eclipse.jetty.io.ChannelEndPoint$$Lambda$255/1238156519@1a9137b1 on ManagedSelector@5733f295{STARTED} id=1 keys=1 selected=0 updates=0
02:33:25.553 [qtp399373008-62] DEBUG org.eclipse.jetty.io.ManagedSelector - Wakeup on submit ManagedSelector@5733f295{STARTED} id=1 keys=1 selected=0 updates=1
02:33:25.553 [qtp399373008-62] DEBUG org.eclipse.jetty.server.HttpConnection - HttpConnection@353b6aac::DecryptedEndPoint@11f06986{l=/127.0.0.1:37555,r=/127.0.0.1:51354,OPEN,fill=FI,flush=-,to=0/30000} onFillable exit HttpChannelState@4d3bf1b1{s=IDLE rs=BLOCKING os=OPEN is=IDLE awp=false se=false i=true al=0} null
02:33:25.553 [qtp399373008-56] DEBUG org.eclipse.jetty.io.ManagedSelector - Selector sun.nio.ch.EPollSelectorImpl@2dfbb6ae woken with none selected
02:33:25.553 [qtp399373008-56] DEBUG org.eclipse.jetty.io.ManagedSelector - Selector sun.nio.ch.EPollSelectorImpl@2dfbb6ae woken up from select, 0/0/1 selected
02:33:25.553 [qtp399373008-62] DEBUG org.eclipse.jetty.io.ssl.SslConnection - <c.onFillable SslConnection@529194bc::SocketChannelEndPoint@6fe0558a{l=/127.0.0.1:37555,r=/127.0.0.1:51354,OPEN,fill=FI,flush=-,to=0/30000}{io=0/1,kio=0,kro=1}->SslConnection@529194bc{NEED_UNWRAP,eio=-1/-1,di=-1,fill=INTERESTED,flush=IDLE}~>DecryptedEndPoint@11f06986{l=/127.0.0.1:37555,r=/127.0.0.1:51354,OPEN,fill=FI,flush=-,to=0/30000}=>HttpConnection@353b6aac[p=HttpParser{s=START,0 of -1},g=HttpGenerator@40bf7b31{s=START}]=>HttpChannelOverHttp@201aac3d{s=HttpChannelState@4d3bf1b1{s=IDLE rs=BLOCKING os=OPEN is=IDLE awp=false se=false i=true al=0},r=0,c=false/false,a=IDLE,uri=null,age=0}
02:33:25.553 [qtp399373008-56] DEBUG org.eclipse.jetty.io.ManagedSelector - Selector sun.nio.ch.EPollSelectorImpl@2dfbb6ae processing 0 keys, 1 updates
02:33:25.553 [qtp399373008-56] DEBUG org.eclipse.jetty.io.ManagedSelector - updateable 1
02:33:25.553 [qtp399373008-56] DEBUG org.eclipse.jetty.io.ManagedSelector - update org.eclipse.jetty.io.ChannelEndPoint$$Lambda$255/1238156519@1a9137b1
02:33:25.553 [qtp399373008-62] DEBUG org.eclipse.jetty.util.thread.QueuedThreadPool - ran CEP:SocketChannelEndPoint@6fe0558a{l=/127.0.0.1:37555,r=/127.0.0.1:51354,OPEN,fill=FI,flush=-,to=0/30000}{io=0/1,kio=0,kro=1}->SslConnection@529194bc{NEED_UNWRAP,eio=-1/-1,di=-1,fill=INTERESTED,flush=IDLE}~>DecryptedEndPoint@11f06986{l=/127.0.0.1:37555,r=/127.0.0.1:51354,OPEN,fill=FI,flush=-,to=0/30000}=>HttpConnection@353b6aac[p=HttpParser{s=START,0 of -1},g=HttpGenerator@40bf7b31{s=START}]=>HttpChannelOverHttp@201aac3d{s=HttpChannelState@4d3bf1b1{s=IDLE rs=BLOCKING os=OPEN is=IDLE awp=false se=false i=true al=0},r=0,c=false/false,a=IDLE,uri=null,age=0}:runFillable:BLOCKING in QueuedThreadPool[qtp399373008]@17cdf2d0{STARTED,8<=8<=200,i=1,r=-1,q=0}[ReservedThreadExecutor@424fd310{reserved=1/8,pending=0}]
02:33:25.554 [qtp399373008-56] DEBUG org.eclipse.jetty.io.ChannelEndPoint - Key interests updated 0 -> 1 on SocketChannelEndPoint@6fe0558a{l=/127.0.0.1:37555,r=/127.0.0.1:51354,OPEN,fill=FI,flush=-,to=0/30000}{io=1/1,kio=1,kro=1}->SslConnection@529194bc{NEED_UNWRAP,eio=-1/-1,di=-1,fill=INTERESTED,flush=IDLE}~>DecryptedEndPoint@11f06986{l=/127.0.0.1:37555,r=/127.0.0.1:51354,OPEN,fill=FI,flush=-,to=0/30000}=>HttpConnection@353b6aac[p=HttpParser{s=START,0 of -1},g=HttpGenerator@40bf7b31{s=START}]=>HttpChannelOverHttp@201aac3d{s=HttpChannelState@4d3bf1b1{s=IDLE rs=BLOCKING os=OPEN is=IDLE awp=false se=false i=true al=0},r=0,c=false/false,a=IDLE,uri=null,age=0}
02:33:25.554 [qtp399373008-56] DEBUG org.eclipse.jetty.io.ManagedSelector - updates 0
02:33:25.554 [qtp399373008-56] DEBUG org.eclipse.jetty.io.ManagedSelector - Selector sun.nio.ch.EPollSelectorImpl@2dfbb6ae waiting with 1 keys
02:33:25.555 [qtp399373008-56] DEBUG org.eclipse.jetty.io.ManagedSelector - Selector sun.nio.ch.EPollSelectorImpl@2dfbb6ae woken up from select, 1/1/1 selected
02:33:25.555 [qtp399373008-56] DEBUG org.eclipse.jetty.io.ManagedSelector - Selector sun.nio.ch.EPollSelectorImpl@2dfbb6ae processing 1 keys, 0 updates
02:33:25.555 [qtp399373008-56] DEBUG org.eclipse.jetty.io.ManagedSelector - selected 1 sun.nio.ch.SelectionKeyImpl@29c437c9 SocketChannelEndPoint@6fe0558a{l=/127.0.0.1:37555,r=/127.0.0.1:51354,OPEN,fill=FI,flush=-,to=1/30000}{io=1/1,kio=1,kro=1}->SslConnection@529194bc{NEED_UNWRAP,eio=-1/-1,di=-1,fill=INTERESTED,flush=IDLE}~>DecryptedEndPoint@11f06986{l=/127.0.0.1:37555,r=/127.0.0.1:51354,OPEN,fill=FI,flush=-,to=1/30000}=>HttpConnection@353b6aac[p=HttpParser{s=START,0 of -1},g=HttpGenerator@40bf7b31{s=START}]=>HttpChannelOverHttp@201aac3d{s=HttpChannelState@4d3bf1b1{s=IDLE rs=BLOCKING os=OPEN is=IDLE awp=false se=false i=true al=0},r=0,c=false/false,a=IDLE,uri=null,age=0} 
02:33:25.555 [qtp399373008-56] DEBUG org.eclipse.jetty.io.ChannelEndPoint - onSelected 1->0 r=true w=false for SocketChannelEndPoint@6fe0558a{l=/127.0.0.1:37555,r=/127.0.0.1:51354,OPEN,fill=FI,flush=-,to=1/30000}{io=1/0,kio=1,kro=1}->SslConnection@529194bc{NEED_UNWRAP,eio=-1/-1,di=-1,fill=INTERESTED,flush=IDLE}~>DecryptedEndPoint@11f06986{l=/127.0.0.1:37555,r=/127.0.0.1:51354,OPEN,fill=FI,flush=-,to=1/30000}=>HttpConnection@353b6aac[p=HttpParser{s=START,0 of -1},g=HttpGenerator@40bf7b31{s=START}]=>HttpChannelOverHttp@201aac3d{s=HttpChannelState@4d3bf1b1{s=IDLE rs=BLOCKING os=OPEN is=IDLE awp=false se=false i=true al=0},r=0,c=false/false,a=IDLE,uri=null,age=0}
02:33:25.555 [qtp399373008-56] DEBUG org.eclipse.jetty.io.ChannelEndPoint - task CEP:SocketChannelEndPoint@6fe0558a{l=/127.0.0.1:37555,r=/127.0.0.1:51354,OPEN,fill=FI,flush=-,to=1/30000}{io=1/0,kio=1,kro=1}->SslConnection@529194bc{NEED_UNWRAP,eio=-1/-1,di=-1,fill=INTERESTED,flush=IDLE}~>DecryptedEndPoint@11f06986{l=/127.0.0.1:37555,r=/127.0.0.1:51354,OPEN,fill=FI,flush=-,to=1/30000}=>HttpConnection@353b6aac[p=HttpParser{s=START,0 of -1},g=HttpGenerator@40bf7b31{s=START}]=>HttpChannelOverHttp@201aac3d{s=HttpChannelState@4d3bf1b1{s=IDLE rs=BLOCKING os=OPEN is=IDLE awp=false se=false i=true al=0},r=0,c=false/false,a=IDLE,uri=null,age=0}:runFillable:BLOCKING
02:33:25.555 [qtp399373008-56] DEBUG org.eclipse.jetty.util.thread.ReservedThreadExecutor - ReservedThreadExecutor@424fd310{reserved=1/8,pending=0} tryExecute EatWhatYouKill@b7838a9/SelectorProducer@696f0212/PRODUCING/p=false/QueuedThreadPool[qtp399373008]@17cdf2d0{STARTED,8<=8<=200,i=2,r=-1,q=0}[ReservedThreadExecutor@424fd310{reserved=1/8,pending=0}][pc=0,pic=0,pec=1,epc=0]@2024-05-02T02:33:25.555+01:00
02:33:25.555 [qtp399373008-56] DEBUG org.eclipse.jetty.util.thread.ReservedThreadExecutor - ReservedThreadExecutor@424fd310{reserved=0/8,pending=1} startReservedThread p=1
02:33:25.555 [qtp399373008-56] DEBUG org.eclipse.jetty.util.thread.QueuedThreadPool - queue ReservedThread@2d5efc20{PENDING,thread=null} startThread=0
02:33:25.555 [qtp399373008-60] DEBUG org.eclipse.jetty.util.thread.QueuedThreadPool - run ReservedThread@2d5efc20{PENDING,thread=null} in QueuedThreadPool[qtp399373008]@17cdf2d0{STARTED,8<=8<=200,i=1,r=-1,q=0}[ReservedThreadExecutor@424fd310{reserved=0/8,pending=1}]
02:33:25.555 [qtp399373008-60] DEBUG org.eclipse.jetty.util.thread.ReservedThreadExecutor - ReservedThread@2d5efc20{PENDING,thread=Thread[qtp399373008-60,5,main]} was=PENDING next=RESERVED size=0+1 capacity=8
02:33:25.555 [qtp399373008-60] DEBUG org.eclipse.jetty.util.thread.ReservedThreadExecutor - ReservedThread@2d5efc20{RESERVED,thread=Thread[qtp399373008-60,5,main]} waiting ReservedThreadExecutor@424fd310{reserved=1/8,pending=0}
02:33:25.556 [qtp399373008-56] DEBUG org.eclipse.jetty.util.thread.strategy.EatWhatYouKill - EatWhatYouKill@b7838a9/SelectorProducer@696f0212/IDLE/p=true/QueuedThreadPool[qtp399373008]@17cdf2d0{STARTED,8<=8<=200,i=1,r=-1,q=0}[ReservedThreadExecutor@424fd310{reserved=0/8,pending=1}][pc=0,pic=0,pec=1,epc=0]@2024-05-02T02:33:25.555+01:00 m=EXECUTE_PRODUCE_CONSUME t=CEP:SocketChannelEndPoint@6fe0558a{l=/127.0.0.1:37555,r=/127.0.0.1:51354,OPEN,fill=FI,flush=-,to=2/30000}{io=1/0,kio=1,kro=1}->SslConnection@529194bc{NEED_UNWRAP,eio=-1/-1,di=-1,fill=INTERESTED,flush=IDLE}~>DecryptedEndPoint@11f06986{l=/127.0.0.1:37555,r=/127.0.0.1:51354,OPEN,fill=FI,flush=-,to=2/30000}=>HttpConnection@353b6aac[p=HttpParser{s=START,0 of -1},g=HttpGenerator@40bf7b31{s=START}]=>HttpChannelOverHttp@201aac3d{s=HttpChannelState@4d3bf1b1{s=IDLE rs=BLOCKING os=OPEN is=IDLE awp=false se=false i=true al=0},r=0,c=false/false,a=IDLE,uri=null,age=0}:runFillable:BLOCKING/BLOCKING
02:33:25.556 [qtp399373008-61] DEBUG org.eclipse.jetty.util.thread.ReservedThreadExecutor - ReservedThread@6cc6bc95{RESERVED,thread=Thread[qtp399373008-61,5,main]} task=EatWhatYouKill@b7838a9/SelectorProducer@696f0212/IDLE/p=true/QueuedThreadPool[qtp399373008]@17cdf2d0{STARTED,8<=8<=200,i=1,r=-1,q=0}[ReservedThreadExecutor@424fd310{reserved=1/8,pending=0}][pc=0,pic=0,pec=1,epc=1]@2024-05-02T02:33:25.556+01:00 ReservedThreadExecutor@424fd310{reserved=1/8,pending=0}
02:33:25.556 [qtp399373008-61] DEBUG org.eclipse.jetty.util.thread.strategy.EatWhatYouKill - EatWhatYouKill@b7838a9/SelectorProducer@696f0212/IDLE/p=true/QueuedThreadPool[qtp399373008]@17cdf2d0{STARTED,8<=8<=200,i=1,r=-1,q=0}[ReservedThreadExecutor@424fd310{reserved=1/8,pending=0}][pc=0,pic=0,pec=1,epc=1]@2024-05-02T02:33:25.556+01:00 tryProduce true
02:33:25.556 [qtp399373008-61] DEBUG org.eclipse.jetty.io.ManagedSelector - updateable 0
02:33:25.556 [qtp399373008-61] DEBUG org.eclipse.jetty.io.ManagedSelector - updates 0
02:33:25.556 [qtp399373008-61] DEBUG org.eclipse.jetty.io.ChannelEndPoint - Key interests updated 1 -> 0 on SocketChannelEndPoint@6fe0558a{l=/127.0.0.1:37555,r=/127.0.0.1:51354,OPEN,fill=FI,flush=-,to=2/30000}{io=0/0,kio=0,kro=1}->SslConnection@529194bc{NEED_UNWRAP,eio=-1/-1,di=-1,fill=INTERESTED,flush=IDLE}~>DecryptedEndPoint@11f06986{l=/127.0.0.1:37555,r=/127.0.0.1:51354,OPEN,fill=FI,flush=-,to=3/30000}=>HttpConnection@353b6aac[p=HttpParser{s=START,0 of -1},g=HttpGenerator@40bf7b31{s=START}]=>HttpChannelOverHttp@201aac3d{s=HttpChannelState@4d3bf1b1{s=IDLE rs=BLOCKING os=OPEN is=IDLE awp=false se=false i=true al=0},r=0,c=false/false,a=IDLE,uri=null,age=0}
02:33:25.556 [qtp399373008-61] DEBUG org.eclipse.jetty.io.ManagedSelector - Selector sun.nio.ch.EPollSelectorImpl@2dfbb6ae waiting with 1 keys
02:33:25.556 [qtp399373008-56] DEBUG org.eclipse.jetty.io.FillInterest - fillable FillInterest@447b6ff6{SSLC.NBReadCB@529194bc{SslConnection@529194bc::SocketChannelEndPoint@6fe0558a{l=/127.0.0.1:37555,r=/127.0.0.1:51354,OPEN,fill=FI,flush=-,to=3/30000}{io=0/0,kio=0,kro=1}->SslConnection@529194bc{NEED_UNWRAP,eio=-1/-1,di=-1,fill=INTERESTED,flush=IDLE}~>DecryptedEndPoint@11f06986{l=/127.0.0.1:37555,r=/127.0.0.1:51354,OPEN,fill=FI,flush=-,to=3/30000}=>HttpConnection@353b6aac[p=HttpParser{s=START,0 of -1},g=HttpGenerator@40bf7b31{s=START}]=>HttpChannelOverHttp@201aac3d{s=HttpChannelState@4d3bf1b1{s=IDLE rs=BLOCKING os=OPEN is=IDLE awp=false se=false i=true al=0},r=0,c=false/false,a=IDLE,uri=null,age=0}}}
02:33:25.557 [qtp399373008-56] DEBUG org.eclipse.jetty.io.ssl.SslConnection - >c.onFillable SslConnection@529194bc::SocketChannelEndPoint@6fe0558a{l=/127.0.0.1:37555,r=/127.0.0.1:51354,OPEN,fill=-,flush=-,to=3/30000}{io=0/0,kio=0,kro=1}->SslConnection@529194bc{NEED_UNWRAP,eio=-1/-1,di=-1,fill=INTERESTED,flush=IDLE}~>DecryptedEndPoint@11f06986{l=/127.0.0.1:37555,r=/127.0.0.1:51354,OPEN,fill=FI,flush=-,to=3/30000}=>HttpConnection@353b6aac[p=HttpParser{s=START,0 of -1},g=HttpGenerator@40bf7b31{s=START}]=>HttpChannelOverHttp@201aac3d{s=HttpChannelState@4d3bf1b1{s=IDLE rs=BLOCKING os=OPEN is=IDLE awp=false se=false i=true al=0},r=0,c=false/false,a=IDLE,uri=null,age=0}
02:33:25.557 [qtp399373008-56] DEBUG org.eclipse.jetty.io.ssl.SslConnection - onFillable SslConnection@529194bc::SocketChannelEndPoint@6fe0558a{l=/127.0.0.1:37555,r=/127.0.0.1:51354,OPEN,fill=-,flush=-,to=3/30000}{io=0/0,kio=0,kro=1}->SslConnection@529194bc{NEED_UNWRAP,eio=-1/-1,di=-1,fill=INTERESTED,flush=IDLE}~>DecryptedEndPoint@11f06986{l=/127.0.0.1:37555,r=/127.0.0.1:51354,OPEN,fill=FI,flush=-,to=3/30000}=>HttpConnection@353b6aac[p=HttpParser{s=START,0 of -1},g=HttpGenerator@40bf7b31{s=START}]=>HttpChannelOverHttp@201aac3d{s=HttpChannelState@4d3bf1b1{s=IDLE rs=BLOCKING os=OPEN is=IDLE awp=false se=false i=true al=0},r=0,c=false/false,a=IDLE,uri=null,age=0}
02:33:25.557 [qtp399373008-56] DEBUG org.eclipse.jetty.io.FillInterest - fillable FillInterest@2e3f0780{AC.ReadCB@353b6aac{HttpConnection@353b6aac::DecryptedEndPoint@11f06986{l=/127.0.0.1:37555,r=/127.0.0.1:51354,OPEN,fill=FI,flush=-,to=3/30000}}}
02:33:25.557 [qtp399373008-56] DEBUG org.eclipse.jetty.server.HttpConnection - HttpConnection@353b6aac::DecryptedEndPoint@11f06986{l=/127.0.0.1:37555,r=/127.0.0.1:51354,OPEN,fill=-,flush=-,to=4/30000} onFillable enter HttpChannelState@4d3bf1b1{s=IDLE rs=BLOCKING os=OPEN is=IDLE awp=false se=false i=true al=0} null
02:33:25.557 [qtp399373008-56] DEBUG org.eclipse.jetty.io.ssl.SslConnection - >fill SslConnection@529194bc::SocketChannelEndPoint@6fe0558a{l=/127.0.0.1:37555,r=/127.0.0.1:51354,OPEN,fill=-,flush=-,to=3/30000}{io=0/0,kio=0,kro=1}->SslConnection@529194bc{NEED_UNWRAP,eio=-1/-1,di=-1,fill=IDLE,flush=IDLE}~>DecryptedEndPoint@11f06986{l=/127.0.0.1:37555,r=/127.0.0.1:51354,OPEN,fill=-,flush=-,to=4/30000}=>HttpConnection@353b6aac[p=HttpParser{s=START,0 of -1},g=HttpGenerator@40bf7b31{s=START}]=>HttpChannelOverHttp@201aac3d{s=HttpChannelState@4d3bf1b1{s=IDLE rs=BLOCKING os=OPEN is=IDLE awp=false se=false i=true al=0},r=0,c=false/false,a=IDLE,uri=null,age=0}
02:33:25.557 [qtp399373008-56] DEBUG org.eclipse.jetty.io.ssl.SslConnection - fill NEED_UNWRAP
02:33:25.557 [qtp399373008-56] DEBUG org.eclipse.jetty.io.ChannelEndPoint - filled 6 HeapByteBuffer@196acfdd[p=0,l=6,c=17408,r=6]={<<<\x14\x03\x03\x00\x01\x01>>>\x08B\xFf\x8a\xC4\xCc\xDa\x93S...\x00\x00\x00\x00\x00\x00\x00}
02:33:25.557 [qtp399373008-56] DEBUG org.eclipse.jetty.io.ssl.SslConnection - net filled=6
02:33:25.557 [qtp399373008-56] DEBUG org.eclipse.jetty.io.ssl.SslConnection - unwrap net_filled=6 Status = OK HandshakeStatus = NEED_UNWRAP bytesConsumed = 6 bytesProduced = 0 encryptedBuffer=[p=6,l=6,c=17408,r=0] unwrapBuffer=HeapByteBuffer@ecac914[p=0,l=0,c=17408,r=0]={<<<>>>\x16\x03\x03\x01N\x01\x00\x01J...\x00\x00\x00\x00\x00\x00\x00} appBuffer=HeapByteBuffer@ecac914[p=0,l=0,c=17408,r=0]={<<<>>>\x16\x03\x03\x01N\x01\x00\x01J...\x00\x00\x00\x00\x00\x00\x00}
02:33:25.557 [qtp399373008-56] DEBUG org.eclipse.jetty.io.ssl.SslConnection - fill NEED_UNWRAP
02:33:25.558 [qtp399373008-56] DEBUG org.eclipse.jetty.io.ChannelEndPoint - filled 0 HeapByteBuffer@196acfdd[p=0,l=0,c=17408,r=0]={<<<>>>\x14\x03\x03\x00\x01\x01\x08B\xFf...\x00\x00\x00\x00\x00\x00\x00}
02:33:25.558 [qtp399373008-56] DEBUG org.eclipse.jetty.io.ssl.SslConnection - net filled=0
02:33:25.558 [qtp399373008-56] DEBUG org.eclipse.jetty.io.ssl.SslConnection - unwrap net_filled=0 Status = BUFFER_UNDERFLOW HandshakeStatus = NEED_UNWRAP bytesConsumed = 0 bytesProduced = 0 encryptedBuffer=[p=0,l=0,c=17408,r=0] unwrapBuffer=HeapByteBuffer@ecac914[p=0,l=0,c=17408,r=0]={<<<>>>\x16\x03\x03\x01N\x01\x00\x01J...\x00\x00\x00\x00\x00\x00\x00} appBuffer=HeapByteBuffer@ecac914[p=0,l=0,c=17408,r=0]={<<<>>>\x16\x03\x03\x01N\x01\x00\x01J...\x00\x00\x00\x00\x00\x00\x00}
02:33:25.558 [qtp399373008-56] DEBUG org.eclipse.jetty.io.ssl.SslConnection - <fill f=0 uf=true SslConnection@529194bc::SocketChannelEndPoint@6fe0558a{l=/127.0.0.1:37555,r=/127.0.0.1:51354,OPEN,fill=-,flush=-,to=0/30000}{io=0/0,kio=0,kro=1}->SslConnection@529194bc{NEED_UNWRAP,eio=-1/-1,di=-1,fill=IDLE,flush=IDLE}~>DecryptedEndPoint@11f06986{l=/127.0.0.1:37555,r=/127.0.0.1:51354,OPEN,fill=-,flush=-,to=4/30000}=>HttpConnection@353b6aac[p=HttpParser{s=START,0 of -1},g=HttpGenerator@40bf7b31{s=START}]=>HttpChannelOverHttp@201aac3d{s=HttpChannelState@4d3bf1b1{s=IDLE rs=BLOCKING os=OPEN is=IDLE awp=false se=false i=true al=0},r=0,c=false/false,a=IDLE,uri=null,age=0}
02:33:25.558 [qtp399373008-56] DEBUG org.eclipse.jetty.io.ssl.SslConnection - >fill SslConnection@529194bc::SocketChannelEndPoint@6fe0558a{l=/127.0.0.1:37555,r=/127.0.0.1:51354,OPEN,fill=-,flush=-,to=0/30000}{io=0/0,kio=0,kro=1}->SslConnection@529194bc{NEED_UNWRAP,eio=-1/-1,di=-1,fill=IDLE,flush=IDLE}~>DecryptedEndPoint@11f06986{l=/127.0.0.1:37555,r=/127.0.0.1:51354,OPEN,fill=-,flush=-,to=4/30000}=>HttpConnection@353b6aac[p=HttpParser{s=START,0 of -1},g=HttpGenerator@40bf7b31{s=START}]=>HttpChannelOverHttp@201aac3d{s=HttpChannelState@4d3bf1b1{s=IDLE rs=BLOCKING os=OPEN is=IDLE awp=false se=false i=true al=0},r=0,c=false/false,a=IDLE,uri=null,age=0}
02:33:25.558 [qtp399373008-56] DEBUG org.eclipse.jetty.io.ssl.SslConnection - fill NEED_UNWRAP
02:33:25.558 [qtp399373008-56] DEBUG org.eclipse.jetty.io.ChannelEndPoint - filled 0 HeapByteBuffer@d26bd[p=0,l=0,c=17408,r=0]={<<<>>>\x00\x00\x00\x00\x00\x00\x00\x00\x00...\x00\x00\x00\x00\x00\x00\x00}
02:33:25.558 [qtp399373008-56] DEBUG org.eclipse.jetty.io.ssl.SslConnection - net filled=0
02:33:25.558 [qtp399373008-56] DEBUG org.eclipse.jetty.io.ssl.SslConnection - unwrap net_filled=0 Status = BUFFER_UNDERFLOW HandshakeStatus = NEED_UNWRAP bytesConsumed = 0 bytesProduced = 0 encryptedBuffer=[p=0,l=0,c=17408,r=0] unwrapBuffer=HeapByteBuffer@ecac914[p=0,l=0,c=17408,r=0]={<<<>>>\x16\x03\x03\x01N\x01\x00\x01J...\x00\x00\x00\x00\x00\x00\x00} appBuffer=HeapByteBuffer@ecac914[p=0,l=0,c=17408,r=0]={<<<>>>\x16\x03\x03\x01N\x01\x00\x01J...\x00\x00\x00\x00\x00\x00\x00}
02:33:25.558 [qtp399373008-56] DEBUG org.eclipse.jetty.io.ssl.SslConnection - <fill f=0 uf=true SslConnection@529194bc::SocketChannelEndPoint@6fe0558a{l=/127.0.0.1:37555,r=/127.0.0.1:51354,OPEN,fill=-,flush=-,to=0/30000}{io=0/0,kio=0,kro=1}->SslConnection@529194bc{NEED_UNWRAP,eio=-1/-1,di=-1,fill=IDLE,flush=IDLE}~>DecryptedEndPoint@11f06986{l=/127.0.0.1:37555,r=/127.0.0.1:51354,OPEN,fill=-,flush=-,to=4/30000}=>HttpConnection@353b6aac[p=HttpParser{s=START,0 of -1},g=HttpGenerator@40bf7b31{s=START}]=>HttpChannelOverHttp@201aac3d{s=HttpChannelState@4d3bf1b1{s=IDLE rs=BLOCKING os=OPEN is=IDLE awp=false se=false i=true al=0},r=0,c=false/false,a=IDLE,uri=null,age=0}
02:33:25.558 [qtp399373008-56] DEBUG org.eclipse.jetty.server.HttpConnection - HttpConnection@353b6aac::DecryptedEndPoint@11f06986{l=/127.0.0.1:37555,r=/127.0.0.1:51354,OPEN,fill=-,flush=-,to=5/30000} filled 0 HeapByteBuffer@ecac914[p=0,l=0,c=17408,r=0]={<<<>>>\x16\x03\x03\x01N\x01\x00\x01J...\x00\x00\x00\x00\x00\x00\x00}
02:33:25.558 [qtp399373008-56] DEBUG org.eclipse.jetty.server.HttpConnection - HttpConnection@353b6aac::DecryptedEndPoint@11f06986{l=/127.0.0.1:37555,r=/127.0.0.1:51354,OPEN,fill=-,flush=-,to=5/30000} parse HeapByteBuffer@ecac914[p=0,l=0,c=17408,r=0]={<<<>>>\x16\x03\x03\x01N\x01\x00\x01J...\x00\x00\x00\x00\x00\x00\x00} {}
02:33:25.558 [qtp399373008-56] DEBUG org.eclipse.jetty.http.HttpParser - parseNext s=START HeapByteBuffer@ecac914[p=0,l=0,c=17408,r=0]={<<<>>>\x16\x03\x03\x01N\x01\x00\x01J...\x00\x00\x00\x00\x00\x00\x00}
02:33:25.558 [qtp399373008-56] DEBUG org.eclipse.jetty.server.HttpConnection - HttpConnection@353b6aac::DecryptedEndPoint@11f06986{l=/127.0.0.1:37555,r=/127.0.0.1:51354,OPEN,fill=-,flush=-,to=5/30000} parsed false HttpParser{s=START,0 of -1}
02:33:25.558 [qtp399373008-56] DEBUG org.eclipse.jetty.server.HttpConnection - releaseRequestBuffer HttpConnection@353b6aac::DecryptedEndPoint@11f06986{l=/127.0.0.1:37555,r=/127.0.0.1:51354,OPEN,fill=-,flush=-,to=5/30000}
02:33:25.558 [qtp399373008-56] DEBUG org.eclipse.jetty.io.AbstractConnection - fillInterested HttpConnection@353b6aac::DecryptedEndPoint@11f06986{l=/127.0.0.1:37555,r=/127.0.0.1:51354,OPEN,fill=-,flush=-,to=5/30000}
02:33:25.558 [qtp399373008-56] DEBUG org.eclipse.jetty.io.FillInterest - interested FillInterest@2e3f0780{AC.ReadCB@353b6aac{HttpConnection@353b6aac::DecryptedEndPoint@11f06986{l=/127.0.0.1:37555,r=/127.0.0.1:51354,OPEN,fill=FI,flush=-,to=0/30000}}}
02:33:25.558 [qtp399373008-56] DEBUG org.eclipse.jetty.io.ssl.SslConnection - >needFillInterest s=IDLE/IDLE uf=true ei=null di=null SslConnection@529194bc::SocketChannelEndPoint@6fe0558a{l=/127.0.0.1:37555,r=/127.0.0.1:51354,OPEN,fill=-,flush=-,to=0/30000}{io=0/0,kio=0,kro=1}->SslConnection@529194bc{NEED_UNWRAP,eio=-1/-1,di=-1,fill=IDLE,flush=IDLE}~>DecryptedEndPoint@11f06986{l=/127.0.0.1:37555,r=/127.0.0.1:51354,OPEN,fill=FI,flush=-,to=0/30000}=>HttpConnection@353b6aac[p=HttpParser{s=START,0 of -1},g=HttpGenerator@40bf7b31{s=START}]=>HttpChannelOverHttp@201aac3d{s=HttpChannelState@4d3bf1b1{s=IDLE rs=BLOCKING os=OPEN is=IDLE awp=false se=false i=true al=0},r=0,c=false/false,a=IDLE,uri=null,age=0}
02:33:25.558 [qtp399373008-56] DEBUG org.eclipse.jetty.io.ssl.SslConnection - <needFillInterest s=IDLE/INTERESTED f=false i=true w=null
02:33:25.558 [qtp399373008-56] DEBUG org.eclipse.jetty.io.ssl.SslConnection - ensureFillInterested SslConnection@529194bc::SocketChannelEndPoint@6fe0558a{l=/127.0.0.1:37555,r=/127.0.0.1:51354,OPEN,fill=-,flush=-,to=0/30000}{io=0/0,kio=0,kro=1}->SslConnection@529194bc{NEED_UNWRAP,eio=-1/-1,di=-1,fill=INTERESTED,flush=IDLE}~>DecryptedEndPoint@11f06986{l=/127.0.0.1:37555,r=/127.0.0.1:51354,OPEN,fill=FI,flush=-,to=0/30000}=>HttpConnection@353b6aac[p=HttpParser{s=START,0 of -1},g=HttpGenerator@40bf7b31{s=START}]=>HttpChannelOverHttp@201aac3d{s=HttpChannelState@4d3bf1b1{s=IDLE rs=BLOCKING os=OPEN is=IDLE awp=false se=false i=true al=0},r=0,c=false/false,a=IDLE,uri=null,age=0}
02:33:25.558 [qtp399373008-56] DEBUG org.eclipse.jetty.io.FillInterest - interested FillInterest@447b6ff6{SSLC.NBReadCB@529194bc{SslConnection@529194bc::SocketChannelEndPoint@6fe0558a{l=/127.0.0.1:37555,r=/127.0.0.1:51354,OPEN,fill=FI,flush=-,to=0/30000}{io=0/0,kio=0,kro=1}->SslConnection@529194bc{NEED_UNWRAP,eio=-1/-1,di=-1,fill=INTERESTED,flush=IDLE}~>DecryptedEndPoint@11f06986{l=/127.0.0.1:37555,r=/127.0.0.1:51354,OPEN,fill=FI,flush=-,to=0/30000}=>HttpConnection@353b6aac[p=HttpParser{s=START,0 of -1},g=HttpGenerator@40bf7b31{s=START}]=>HttpChannelOverHttp@201aac3d{s=HttpChannelState@4d3bf1b1{s=IDLE rs=BLOCKING os=OPEN is=IDLE awp=false se=false i=true al=0},r=0,c=false/false,a=IDLE,uri=null,age=0}}}
02:33:25.558 [qtp399373008-56] DEBUG org.eclipse.jetty.io.ChannelEndPoint - changeInterests p=false 0->1 for SocketChannelEndPoint@6fe0558a{l=/127.0.0.1:37555,r=/127.0.0.1:51354,OPEN,fill=FI,flush=-,to=0/30000}{io=0/1,kio=0,kro=1}->SslConnection@529194bc{NEED_UNWRAP,eio=-1/-1,di=-1,fill=INTERESTED,flush=IDLE}~>DecryptedEndPoint@11f06986{l=/127.0.0.1:37555,r=/127.0.0.1:51354,OPEN,fill=FI,flush=-,to=0/30000}=>HttpConnection@353b6aac[p=HttpParser{s=START,0 of -1},g=HttpGenerator@40bf7b31{s=START}]=>HttpChannelOverHttp@201aac3d{s=HttpChannelState@4d3bf1b1{s=IDLE rs=BLOCKING os=OPEN is=IDLE awp=false se=false i=true al=0},r=0,c=false/false,a=IDLE,uri=null,age=0}
02:33:25.559 [qtp399373008-56] DEBUG org.eclipse.jetty.io.ManagedSelector - Queued change lazy=false org.eclipse.jetty.io.ChannelEndPoint$$Lambda$255/1238156519@1a9137b1 on ManagedSelector@5733f295{STARTED} id=1 keys=1 selected=0 updates=0
02:33:25.559 [qtp399373008-56] DEBUG org.eclipse.jetty.io.ManagedSelector - Wakeup on submit ManagedSelector@5733f295{STARTED} id=1 keys=1 selected=0 updates=1
02:33:25.559 [qtp399373008-56] DEBUG org.eclipse.jetty.server.HttpConnection - HttpConnection@353b6aac::DecryptedEndPoint@11f06986{l=/127.0.0.1:37555,r=/127.0.0.1:51354,OPEN,fill=FI,flush=-,to=0/30000} onFillable exit HttpChannelState@4d3bf1b1{s=IDLE rs=BLOCKING os=OPEN is=IDLE awp=false se=false i=true al=0} null
02:33:25.559 [qtp399373008-56] DEBUG org.eclipse.jetty.io.ssl.SslConnection - <c.onFillable SslConnection@529194bc::SocketChannelEndPoint@6fe0558a{l=/127.0.0.1:37555,r=/127.0.0.1:51354,OPEN,fill=FI,flush=-,to=0/30000}{io=0/1,kio=0,kro=1}->SslConnection@529194bc{NEED_UNWRAP,eio=-1/-1,di=-1,fill=INTERESTED,flush=IDLE}~>DecryptedEndPoint@11f06986{l=/127.0.0.1:37555,r=/127.0.0.1:51354,OPEN,fill=FI,flush=-,to=0/30000}=>HttpConnection@353b6aac[p=HttpParser{s=START,0 of -1},g=HttpGenerator@40bf7b31{s=START}]=>HttpChannelOverHttp@201aac3d{s=HttpChannelState@4d3bf1b1{s=IDLE rs=BLOCKING os=OPEN is=IDLE awp=false se=false i=true al=0},r=0,c=false/false,a=IDLE,uri=null,age=0}
02:33:25.559 [qtp399373008-56] DEBUG org.eclipse.jetty.util.thread.QueuedThreadPool - ran org.eclipse.jetty.io.ManagedSelector$$Lambda$253/838473569@233c5cb9 in QueuedThreadPool[qtp399373008]@17cdf2d0{STARTED,8<=8<=200,i=1,r=-1,q=0}[ReservedThreadExecutor@424fd310{reserved=1/8,pending=0}]
02:33:25.559 [qtp399373008-61] DEBUG org.eclipse.jetty.io.ManagedSelector - Selector sun.nio.ch.EPollSelectorImpl@2dfbb6ae woken with none selected
02:33:25.559 [qtp399373008-61] DEBUG org.eclipse.jetty.io.ManagedSelector - Selector sun.nio.ch.EPollSelectorImpl@2dfbb6ae woken up from select, 0/0/1 selected
02:33:25.559 [qtp399373008-61] DEBUG org.eclipse.jetty.io.ManagedSelector - Selector sun.nio.ch.EPollSelectorImpl@2dfbb6ae processing 0 keys, 1 updates
02:33:25.559 [qtp399373008-61] DEBUG org.eclipse.jetty.io.ManagedSelector - updateable 1
02:33:25.559 [qtp399373008-61] DEBUG org.eclipse.jetty.io.ManagedSelector - update org.eclipse.jetty.io.ChannelEndPoint$$Lambda$255/1238156519@1a9137b1
02:33:25.559 [qtp399373008-61] DEBUG org.eclipse.jetty.io.ChannelEndPoint - Key interests updated 0 -> 1 on SocketChannelEndPoint@6fe0558a{l=/127.0.0.1:37555,r=/127.0.0.1:51354,OPEN,fill=FI,flush=-,to=0/30000}{io=1/1,kio=1,kro=1}->SslConnection@529194bc{NEED_UNWRAP,eio=-1/-1,di=-1,fill=INTERESTED,flush=IDLE}~>DecryptedEndPoint@11f06986{l=/127.0.0.1:37555,r=/127.0.0.1:51354,OPEN,fill=FI,flush=-,to=0/30000}=>HttpConnection@353b6aac[p=HttpParser{s=START,0 of -1},g=HttpGenerator@40bf7b31{s=START}]=>HttpChannelOverHttp@201aac3d{s=HttpChannelState@4d3bf1b1{s=IDLE rs=BLOCKING os=OPEN is=IDLE awp=false se=false i=true al=0},r=0,c=false/false,a=IDLE,uri=null,age=0}
02:33:25.559 [qtp399373008-61] DEBUG org.eclipse.jetty.io.ManagedSelector - updates 0
02:33:25.559 [qtp399373008-61] DEBUG org.eclipse.jetty.io.ManagedSelector - Selector sun.nio.ch.EPollSelectorImpl@2dfbb6ae waiting with 1 keys
02:33:25.597 [qtp399373008-61] DEBUG org.eclipse.jetty.io.ManagedSelector - Selector sun.nio.ch.EPollSelectorImpl@2dfbb6ae woken up from select, 1/1/1 selected
02:33:25.597 [qtp399373008-61] DEBUG org.eclipse.jetty.io.ManagedSelector - Selector sun.nio.ch.EPollSelectorImpl@2dfbb6ae processing 1 keys, 0 updates
02:33:25.597 [qtp399373008-61] DEBUG org.eclipse.jetty.io.ManagedSelector - selected 1 sun.nio.ch.SelectionKeyImpl@29c437c9 SocketChannelEndPoint@6fe0558a{l=/127.0.0.1:37555,r=/127.0.0.1:51354,OPEN,fill=FI,flush=-,to=38/30000}{io=1/1,kio=1,kro=1}->SslConnection@529194bc{NEED_UNWRAP,eio=-1/-1,di=-1,fill=INTERESTED,flush=IDLE}~>DecryptedEndPoint@11f06986{l=/127.0.0.1:37555,r=/127.0.0.1:51354,OPEN,fill=FI,flush=-,to=38/30000}=>HttpConnection@353b6aac[p=HttpParser{s=START,0 of -1},g=HttpGenerator@40bf7b31{s=START}]=>HttpChannelOverHttp@201aac3d{s=HttpChannelState@4d3bf1b1{s=IDLE rs=BLOCKING os=OPEN is=IDLE awp=false se=false i=true al=0},r=0,c=false/false,a=IDLE,uri=null,age=0} 
02:33:25.597 [qtp399373008-61] DEBUG org.eclipse.jetty.io.ChannelEndPoint - onSelected 1->0 r=true w=false for SocketChannelEndPoint@6fe0558a{l=/127.0.0.1:37555,r=/127.0.0.1:51354,OPEN,fill=FI,flush=-,to=38/30000}{io=1/0,kio=1,kro=1}->SslConnection@529194bc{NEED_UNWRAP,eio=-1/-1,di=-1,fill=INTERESTED,flush=IDLE}~>DecryptedEndPoint@11f06986{l=/127.0.0.1:37555,r=/127.0.0.1:51354,OPEN,fill=FI,flush=-,to=38/30000}=>HttpConnection@353b6aac[p=HttpParser{s=START,0 of -1},g=HttpGenerator@40bf7b31{s=START}]=>HttpChannelOverHttp@201aac3d{s=HttpChannelState@4d3bf1b1{s=IDLE rs=BLOCKING os=OPEN is=IDLE awp=false se=false i=true al=0},r=0,c=false/false,a=IDLE,uri=null,age=0}
02:33:25.597 [qtp399373008-61] DEBUG org.eclipse.jetty.io.ChannelEndPoint - task CEP:SocketChannelEndPoint@6fe0558a{l=/127.0.0.1:37555,r=/127.0.0.1:51354,OPEN,fill=FI,flush=-,to=38/30000}{io=1/0,kio=1,kro=1}->SslConnection@529194bc{NEED_UNWRAP,eio=-1/-1,di=-1,fill=INTERESTED,flush=IDLE}~>DecryptedEndPoint@11f06986{l=/127.0.0.1:37555,r=/127.0.0.1:51354,OPEN,fill=FI,flush=-,to=38/30000}=>HttpConnection@353b6aac[p=HttpParser{s=START,0 of -1},g=HttpGenerator@40bf7b31{s=START}]=>HttpChannelOverHttp@201aac3d{s=HttpChannelState@4d3bf1b1{s=IDLE rs=BLOCKING os=OPEN is=IDLE awp=false se=false i=true al=0},r=0,c=false/false,a=IDLE,uri=null,age=0}:runFillable:BLOCKING
02:33:25.597 [qtp399373008-61] DEBUG org.eclipse.jetty.util.thread.ReservedThreadExecutor - ReservedThreadExecutor@424fd310{reserved=1/8,pending=0} tryExecute EatWhatYouKill@b7838a9/SelectorProducer@696f0212/PRODUCING/p=false/QueuedThreadPool[qtp399373008]@17cdf2d0{STARTED,8<=8<=200,i=2,r=-1,q=0}[ReservedThreadExecutor@424fd310{reserved=1/8,pending=0}][pc=0,pic=0,pec=1,epc=1]@2024-05-02T02:33:25.597+01:00
02:33:25.597 [qtp399373008-61] DEBUG org.eclipse.jetty.util.thread.ReservedThreadExecutor - ReservedThreadExecutor@424fd310{reserved=0/8,pending=1} startReservedThread p=1
02:33:25.597 [qtp399373008-61] DEBUG org.eclipse.jetty.util.thread.QueuedThreadPool - queue ReservedThread@2da1f821{PENDING,thread=null} startThread=0
02:33:25.597 [qtp399373008-62] DEBUG org.eclipse.jetty.util.thread.QueuedThreadPool - run ReservedThread@2da1f821{PENDING,thread=null} in QueuedThreadPool[qtp399373008]@17cdf2d0{STARTED,8<=8<=200,i=1,r=-1,q=0}[ReservedThreadExecutor@424fd310{reserved=0/8,pending=1}]
02:33:25.597 [qtp399373008-62] DEBUG org.eclipse.jetty.util.thread.ReservedThreadExecutor - ReservedThread@2da1f821{PENDING,thread=Thread[qtp399373008-62,5,main]} was=PENDING next=RESERVED size=0+1 capacity=8
02:33:25.597 [qtp399373008-62] DEBUG org.eclipse.jetty.util.thread.ReservedThreadExecutor - ReservedThread@2da1f821{RESERVED,thread=Thread[qtp399373008-62,5,main]} waiting ReservedThreadExecutor@424fd310{reserved=1/8,pending=0}
02:33:25.597 [qtp399373008-60] DEBUG org.eclipse.jetty.util.thread.ReservedThreadExecutor - ReservedThread@2d5efc20{RESERVED,thread=Thread[qtp399373008-60,5,main]} task=EatWhatYouKill@b7838a9/SelectorProducer@696f0212/IDLE/p=true/QueuedThreadPool[qtp399373008]@17cdf2d0{STARTED,8<=8<=200,i=1,r=-1,q=0}[ReservedThreadExecutor@424fd310{reserved=0/8,pending=1}][pc=0,pic=0,pec=1,epc=1]@2024-05-02T02:33:25.597+01:00 ReservedThreadExecutor@424fd310{reserved=1/8,pending=0}
02:33:25.597 [qtp399373008-61] DEBUG org.eclipse.jetty.util.thread.strategy.EatWhatYouKill - EatWhatYouKill@b7838a9/SelectorProducer@696f0212/IDLE/p=true/QueuedThreadPool[qtp399373008]@17cdf2d0{STARTED,8<=8<=200,i=1,r=-1,q=0}[ReservedThreadExecutor@424fd310{reserved=1/8,pending=0}][pc=0,pic=0,pec=1,epc=1]@2024-05-02T02:33:25.597+01:00 m=EXECUTE_PRODUCE_CONSUME t=CEP:SocketChannelEndPoint@6fe0558a{l=/127.0.0.1:37555,r=/127.0.0.1:51354,OPEN,fill=FI,flush=-,to=39/30000}{io=1/0,kio=1,kro=1}->SslConnection@529194bc{NEED_UNWRAP,eio=-1/-1,di=-1,fill=INTERESTED,flush=IDLE}~>DecryptedEndPoint@11f06986{l=/127.0.0.1:37555,r=/127.0.0.1:51354,OPEN,fill=FI,flush=-,to=39/30000}=>HttpConnection@353b6aac[p=HttpParser{s=START,0 of -1},g=HttpGenerator@40bf7b31{s=START}]=>HttpChannelOverHttp@201aac3d{s=HttpChannelState@4d3bf1b1{s=IDLE rs=BLOCKING os=OPEN is=IDLE awp=false se=false i=true al=0},r=0,c=false/false,a=IDLE,uri=null,age=0}:runFillable:BLOCKING/BLOCKING
02:33:25.597 [qtp399373008-60] DEBUG org.eclipse.jetty.util.thread.strategy.EatWhatYouKill - EatWhatYouKill@b7838a9/SelectorProducer@696f0212/IDLE/p=true/QueuedThreadPool[qtp399373008]@17cdf2d0{STARTED,8<=8<=200,i=1,r=-1,q=0}[ReservedThreadExecutor@424fd310{reserved=1/8,pending=0}][pc=0,pic=0,pec=1,epc=1]@2024-05-02T02:33:25.597+01:00 tryProduce true
02:33:25.598 [qtp399373008-60] DEBUG org.eclipse.jetty.io.ManagedSelector - updateable 0
02:33:25.598 [qtp399373008-61] DEBUG org.eclipse.jetty.io.FillInterest - fillable FillInterest@447b6ff6{SSLC.NBReadCB@529194bc{SslConnection@529194bc::SocketChannelEndPoint@6fe0558a{l=/127.0.0.1:37555,r=/127.0.0.1:51354,OPEN,fill=FI,flush=-,to=39/30000}{io=1/0,kio=1,kro=1}->SslConnection@529194bc{NEED_UNWRAP,eio=-1/-1,di=-1,fill=INTERESTED,flush=IDLE}~>DecryptedEndPoint@11f06986{l=/127.0.0.1:37555,r=/127.0.0.1:51354,OPEN,fill=FI,flush=-,to=39/30000}=>HttpConnection@353b6aac[p=HttpParser{s=START,0 of -1},g=HttpGenerator@40bf7b31{s=START}]=>HttpChannelOverHttp@201aac3d{s=HttpChannelState@4d3bf1b1{s=IDLE rs=BLOCKING os=OPEN is=IDLE awp=false se=false i=true al=0},r=0,c=false/false,a=IDLE,uri=null,age=0}}}
02:33:25.598 [qtp399373008-60] DEBUG org.eclipse.jetty.io.ManagedSelector - updates 0
02:33:25.598 [qtp399373008-61] DEBUG org.eclipse.jetty.io.ssl.SslConnection - >c.onFillable SslConnection@529194bc::SocketChannelEndPoint@6fe0558a{l=/127.0.0.1:37555,r=/127.0.0.1:51354,OPEN,fill=-,flush=-,to=39/30000}{io=1/0,kio=1,kro=1}->SslConnection@529194bc{NEED_UNWRAP,eio=-1/-1,di=-1,fill=INTERESTED,flush=IDLE}~>DecryptedEndPoint@11f06986{l=/127.0.0.1:37555,r=/127.0.0.1:51354,OPEN,fill=FI,flush=-,to=39/30000}=>HttpConnection@353b6aac[p=HttpParser{s=START,0 of -1},g=HttpGenerator@40bf7b31{s=START}]=>HttpChannelOverHttp@201aac3d{s=HttpChannelState@4d3bf1b1{s=IDLE rs=BLOCKING os=OPEN is=IDLE awp=false se=false i=true al=0},r=0,c=false/false,a=IDLE,uri=null,age=0}
02:33:25.598 [qtp399373008-60] DEBUG org.eclipse.jetty.io.ChannelEndPoint - Key interests updated 1 -> 0 on SocketChannelEndPoint@6fe0558a{l=/127.0.0.1:37555,r=/127.0.0.1:51354,OPEN,fill=-,flush=-,to=39/30000}{io=0/0,kio=0,kro=1}->SslConnection@529194bc{NEED_UNWRAP,eio=-1/-1,di=-1,fill=INTERESTED,flush=IDLE}~>DecryptedEndPoint@11f06986{l=/127.0.0.1:37555,r=/127.0.0.1:51354,OPEN,fill=FI,flush=-,to=39/30000}=>HttpConnection@353b6aac[p=HttpParser{s=START,0 of -1},g=HttpGenerator@40bf7b31{s=START}]=>HttpChannelOverHttp@201aac3d{s=HttpChannelState@4d3bf1b1{s=IDLE rs=BLOCKING os=OPEN is=IDLE awp=false se=false i=true al=0},r=0,c=false/false,a=IDLE,uri=null,age=0}
02:33:25.598 [qtp399373008-60] DEBUG org.eclipse.jetty.io.ManagedSelector - Selector sun.nio.ch.EPollSelectorImpl@2dfbb6ae waiting with 1 keys
02:33:25.598 [qtp399373008-61] DEBUG org.eclipse.jetty.io.ssl.SslConnection - onFillable SslConnection@529194bc::SocketChannelEndPoint@6fe0558a{l=/127.0.0.1:37555,r=/127.0.0.1:51354,OPEN,fill=-,flush=-,to=39/30000}{io=0/0,kio=0,kro=1}->SslConnection@529194bc{NEED_UNWRAP,eio=-1/-1,di=-1,fill=INTERESTED,flush=IDLE}~>DecryptedEndPoint@11f06986{l=/127.0.0.1:37555,r=/127.0.0.1:51354,OPEN,fill=FI,flush=-,to=39/30000}=>HttpConnection@353b6aac[p=HttpParser{s=START,0 of -1},g=HttpGenerator@40bf7b31{s=START}]=>HttpChannelOverHttp@201aac3d{s=HttpChannelState@4d3bf1b1{s=IDLE rs=BLOCKING os=OPEN is=IDLE awp=false se=false i=true al=0},r=0,c=false/false,a=IDLE,uri=null,age=0}
02:33:25.598 [qtp399373008-61] DEBUG org.eclipse.jetty.io.FillInterest - fillable FillInterest@2e3f0780{AC.ReadCB@353b6aac{HttpConnection@353b6aac::DecryptedEndPoint@11f06986{l=/127.0.0.1:37555,r=/127.0.0.1:51354,OPEN,fill=FI,flush=-,to=39/30000}}}
02:33:25.598 [qtp399373008-61] DEBUG org.eclipse.jetty.server.HttpConnection - HttpConnection@353b6aac::DecryptedEndPoint@11f06986{l=/127.0.0.1:37555,r=/127.0.0.1:51354,OPEN,fill=-,flush=-,to=39/30000} onFillable enter HttpChannelState@4d3bf1b1{s=IDLE rs=BLOCKING os=OPEN is=IDLE awp=false se=false i=true al=0} null
02:33:25.598 [qtp399373008-61] DEBUG org.eclipse.jetty.io.ssl.SslConnection - >fill SslConnection@529194bc::SocketChannelEndPoint@6fe0558a{l=/127.0.0.1:37555,r=/127.0.0.1:51354,OPEN,fill=-,flush=-,to=39/30000}{io=0/0,kio=0,kro=1}->SslConnection@529194bc{NEED_UNWRAP,eio=-1/-1,di=-1,fill=IDLE,flush=IDLE}~>DecryptedEndPoint@11f06986{l=/127.0.0.1:37555,r=/127.0.0.1:51354,OPEN,fill=-,flush=-,to=39/30000}=>HttpConnection@353b6aac[p=HttpParser{s=START,0 of -1},g=HttpGenerator@40bf7b31{s=START}]=>HttpChannelOverHttp@201aac3d{s=HttpChannelState@4d3bf1b1{s=IDLE rs=BLOCKING os=OPEN is=IDLE awp=false se=false i=true al=0},r=0,c=false/false,a=IDLE,uri=null,age=0}
02:33:25.598 [qtp399373008-61] DEBUG org.eclipse.jetty.io.ssl.SslConnection - fill NEED_UNWRAP
02:33:25.598 [qtp399373008-61] DEBUG org.eclipse.jetty.io.ChannelEndPoint - filled 1501 HeapByteBuffer@d26bd[p=0,l=1501,c=17408,r=1501]={<<<\x17\x03\x03\x03\xAd[\xB6\xF1\x8c\xCd;$?\xA4\x03\xE7\xB2]>+\xCdqt\xCc-...\xBa\\oM\x0c\x81\xEd\x81\xDfH\xFf\x93\xBc\xFem\xDd\xDc4\xDe\xE9\x9f\x16|>>>\x00\x00\x00\x00\x00\x00\x00\x00\x00...\x00\x00\x00\x00\x00\x00\x00}
02:33:25.598 [qtp399373008-61] DEBUG org.eclipse.jetty.io.ssl.SslConnection - net filled=1501
02:33:25.598 [qtp399373008-61] DEBUG org.eclipse.jetty.io.ssl.SslConnection - unwrap net_filled=1501 Status = OK HandshakeStatus = NEED_TASK bytesConsumed = 946 bytesProduced = 0 encryptedBuffer=[p=946,l=1501,c=17408,r=555] unwrapBuffer=HeapByteBuffer@196acfdd[p=0,l=0,c=17408,r=0]={<<<>>>\x14\x03\x03\x00\x01\x01\x08B\xFf...\x00\x00\x00\x00\x00\x00\x00} appBuffer=HeapByteBuffer@196acfdd[p=0,l=0,c=17408,r=0]={<<<>>>\x14\x03\x03\x00\x01\x01\x08B\xFf...\x00\x00\x00\x00\x00\x00\x00}
02:33:25.598 [qtp399373008-61] DEBUG org.eclipse.jetty.io.ssl.SslConnection - fill NEED_TASK
02:33:25.599 [qtp399373008-61] DEBUG org.eclipse.jetty.io.ssl.SslConnection - fill NEED_UNWRAP
02:33:25.599 [qtp399373008-61] DEBUG org.eclipse.jetty.io.ChannelEndPoint - filled 0 HeapByteBuffer@d26bd[p=946,l=1501,c=17408,r=555]={\x17\x03\x03\x03\xAd\x0b\x00\x03\x88...IBM\xA4\xEa\xF8 <<<\x17\x03\x03\x01)+\x9e\xDb6,\x89\xB4O\x81\x83\xD5\xC6\xBb\x1b\x00F\xDeD\x17\xBb...\xBa\\oM\x0c\x81\xEd\x81\xDfH\xFf\x93\xBc\xFem\xDd\xDc4\xDe\xE9\x9f\x16|>>>\x00\x00\x00\x00\x00\x00\x00\x00\x00...\x00\x00\x00\x00\x00\x00\x00}
02:33:25.599 [qtp399373008-61] DEBUG org.eclipse.jetty.io.ssl.SslConnection - net filled=0
02:33:25.599 [qtp399373008-61] DEBUG org.eclipse.jetty.io.ssl.SslConnection - unwrap net_filled=0 Status = OK HandshakeStatus = NEED_TASK bytesConsumed = 302 bytesProduced = 0 encryptedBuffer=[p=1248,l=1501,c=17408,r=253] unwrapBuffer=HeapByteBuffer@196acfdd[p=0,l=0,c=17408,r=0]={<<<>>>\x14\x03\x03\x00\x01\x01\x08B\xFf...\x00\x00\x00\x00\x00\x00\x00} appBuffer=HeapByteBuffer@196acfdd[p=0,l=0,c=17408,r=0]={<<<>>>\x14\x03\x03\x00\x01\x01\x08B\xFf...\x00\x00\x00\x00\x00\x00\x00}
02:33:25.599 [qtp399373008-61] DEBUG org.eclipse.jetty.io.ssl.SslConnection - fill NEED_TASK
02:33:25.599 [qtp399373008-61] DEBUG org.eclipse.jetty.io.ssl.SslConnection - fill NEED_UNWRAP
02:33:25.599 [qtp399373008-61] DEBUG org.eclipse.jetty.io.ChannelEndPoint - filled 0 HeapByteBuffer@d26bd[p=1248,l=1501,c=17408,r=253]={\x17\x03\x03\x03\xAd\x0b\x00\x03\x88...\xB8\xE9Z\x1ceB\xF8<<<\x17\x03\x03\x00UL\x95F3$E\xF3rE`\xA8>\xB5\x86\xE5,6@\xCd ...\xBa\\oM\x0c\x81\xEd\x81\xDfH\xFf\x93\xBc\xFem\xDd\xDc4\xDe\xE9\x9f\x16|>>>\x00\x00\x00\x00\x00\x00\x00\x00\x00...\x00\x00\x00\x00\x00\x00\x00}
02:33:25.600 [qtp399373008-61] DEBUG org.eclipse.jetty.io.ssl.SslConnection - net filled=0
02:33:25.600 [qtp399373008-61] DEBUG org.eclipse.jetty.io.ssl.SslConnection - unwrap net_filled=0 Status = OK HandshakeStatus = NEED_WRAP bytesConsumed = 90 bytesProduced = 0 encryptedBuffer=[p=1338,l=1501,c=17408,r=163] unwrapBuffer=HeapByteBuffer@196acfdd[p=0,l=0,c=17408,r=0]={<<<>>>\x14\x03\x03\x00\x01\x01\x08B\xFf...\x00\x00\x00\x00\x00\x00\x00} appBuffer=HeapByteBuffer@196acfdd[p=0,l=0,c=17408,r=0]={<<<>>>\x14\x03\x03\x00\x01\x01\x08B\xFf...\x00\x00\x00\x00\x00\x00\x00}
02:33:25.600 [qtp399373008-61] DEBUG org.eclipse.jetty.io.ssl.SslConnection - fill NEED_WRAP
02:33:25.600 [qtp399373008-61] DEBUG org.eclipse.jetty.io.ssl.SslConnection - >flush SslConnection@529194bc::SocketChannelEndPoint@6fe0558a{l=/127.0.0.1:37555,r=/127.0.0.1:51354,OPEN,fill=-,flush=-,to=2/30000}{io=0/0,kio=0,kro=1}->SslConnection@529194bc{NEED_WRAP,eio=163/-1,di=-1,fill=IDLE,flush=IDLE}~>DecryptedEndPoint@11f06986{l=/127.0.0.1:37555,r=/127.0.0.1:51354,OPEN,fill=-,flush=-,to=42/30000}=>HttpConnection@353b6aac[p=HttpParser{s=START,0 of -1},g=HttpGenerator@40bf7b31{s=START}]=>HttpChannelOverHttp@201aac3d{s=HttpChannelState@4d3bf1b1{s=IDLE rs=BLOCKING os=OPEN is=IDLE awp=false se=false i=true al=0},r=0,c=false/false,a=IDLE,uri=null,age=0}
02:33:25.601 [qtp399373008-61] DEBUG org.eclipse.jetty.io.ssl.SslConnection - flush b[0]=HeapByteBuffer@98da274[p=0,l=0,c=0,r=0]={<<<>>>}
02:33:25.601 [qtp399373008-61] DEBUG org.eclipse.jetty.io.ssl.SslConnection - flush NEED_WRAP
02:33:25.601 [qtp399373008-61] DEBUG org.eclipse.jetty.io.ssl.SslConnection - wrap Status = OK HandshakeStatus = FINISHED bytesConsumed = 0 bytesProduced = 88 [p=0,l=88,c=17408,r=88] ioDone=false/false
02:33:25.601 [qtp399373008-61] DEBUG org.eclipse.jetty.io.ChannelEndPoint - flushed 88 SocketChannelEndPoint@6fe0558a{l=/127.0.0.1:37555,r=/127.0.0.1:51354,OPEN,fill=-,flush=-,to=2/30000}{io=0/0,kio=0,kro=1}->SslConnection@529194bc{NOT_HANDSHAKING,eio=163/0,di=-1,fill=IDLE,flush=IDLE}~>DecryptedEndPoint@11f06986{l=/127.0.0.1:37555,r=/127.0.0.1:51354,OPEN,fill=-,flush=-,to=42/30000}=>HttpConnection@353b6aac[p=HttpParser{s=START,0 of -1},g=HttpGenerator@40bf7b31{s=START}]=>HttpChannelOverHttp@201aac3d{s=HttpChannelState@4d3bf1b1{s=IDLE rs=BLOCKING os=OPEN is=IDLE awp=false se=false i=true al=0},r=0,c=false/false,a=IDLE,uri=null,age=0}
02:33:25.601 [qtp399373008-61] DEBUG org.eclipse.jetty.io.ssl.SslConnection - net flushed=true, ac=true
02:33:25.601 [qtp399373008-61] DEBUG org.eclipse.jetty.io.ssl.SslConnection - handshake succeeded SslConnection@529194bc::SocketChannelEndPoint@6fe0558a{l=/127.0.0.1:37555,r=/127.0.0.1:51354,OPEN,fill=-,flush=-,to=0/30000}{io=0/0,kio=0,kro=1}->SslConnection@529194bc{NOT_HANDSHAKING,eio=163/0,di=-1,fill=IDLE,flush=IDLE}~>DecryptedEndPoint@11f06986{l=/127.0.0.1:37555,r=/127.0.0.1:51354,OPEN,fill=-,flush=-,to=42/30000}=>HttpConnection@353b6aac[p=HttpParser{s=START,0 of -1},g=HttpGenerator@40bf7b31{s=START}]=>HttpChannelOverHttp@201aac3d{s=HttpChannelState@4d3bf1b1{s=IDLE rs=BLOCKING os=OPEN is=IDLE awp=false se=false i=true al=0},r=0,c=false/false,a=IDLE,uri=null,age=0} resumed server TLSv1.3/TLS_AES_256_GCM_SHA384
02:33:25.601 [qtp399373008-61] DEBUG org.eclipse.jetty.io.ssl.SslConnection - <flush true SslConnection@529194bc::SocketChannelEndPoint@6fe0558a{l=/127.0.0.1:37555,r=/127.0.0.1:51354,OPEN,fill=-,flush=-,to=0/30000}{io=0/0,kio=0,kro=1}->SslConnection@529194bc{NOT_HANDSHAKING,eio=163/-1,di=-1,fill=IDLE,flush=IDLE}~>DecryptedEndPoint@11f06986{l=/127.0.0.1:37555,r=/127.0.0.1:51354,OPEN,fill=-,flush=-,to=43/30000}=>HttpConnection@353b6aac[p=HttpParser{s=START,0 of -1},g=HttpGenerator@40bf7b31{s=START}]=>HttpChannelOverHttp@201aac3d{s=HttpChannelState@4d3bf1b1{s=IDLE rs=BLOCKING os=OPEN is=IDLE awp=false se=false i=true al=0},r=0,c=false/false,a=IDLE,uri=null,age=0}
02:33:25.601 [qtp399373008-61] DEBUG org.eclipse.jetty.io.ssl.SslConnection - fill NOT_HANDSHAKING
02:33:25.601 [qtp399373008-61] DEBUG org.eclipse.jetty.io.ChannelEndPoint - filled 0 HeapByteBuffer@d26bd[p=1338,l=1501,c=17408,r=163]={\x17\x03\x03\x03\xAd\x0b\x00\x03\x88...\xC2\xD6\xE2\xF2\\P\x87<<<\x17\x03\x03\x00\x9e\xF9\x9d\xFbi:T{z\x97SF\xDeM\x97\xFdw\xE8<\x9f\x0f...\xBa\\oM\x0c\x81\xEd\x81\xDfH\xFf\x93\xBc\xFem\xDd\xDc4\xDe\xE9\x9f\x16|>>>\x00\x00\x00\x00\x00\x00\x00\x00\x00...\x00\x00\x00\x00\x00\x00\x00}
02:33:25.601 [qtp399373008-61] DEBUG org.eclipse.jetty.io.ssl.SslConnection - net filled=0
02:33:25.602 [qtp399373008-61] DEBUG org.eclipse.jetty.io.ssl.SslConnection - unwrap net_filled=0 Status = OK HandshakeStatus = NOT_HANDSHAKING bytesConsumed = 163 bytesProduced = 125 encryptedBuffer=[p=1501,l=1501,c=17408,r=0] unwrapBuffer=HeapByteBuffer@196acfdd[p=0,l=125,c=17408,r=125]={<<<GET /config.yml HTTP/1.1\r...gent: okhttp/3.12.3\r\n\r\n>>>\xA7\x0f\xD6\x18+;H\xD9]...\x00\x00\x00\x00\x00\x00\x00} appBuffer=HeapByteBuffer@196acfdd[p=0,l=125,c=17408,r=125]={<<<GET /config.yml HTTP/1.1\r...gent: okhttp/3.12.3\r\n\r\n>>>\xA7\x0f\xD6\x18+;H\xD9]...\x00\x00\x00\x00\x00\x00\x00}
02:33:25.602 [qtp399373008-61] DEBUG org.eclipse.jetty.io.ssl.SslConnection - <fill f=125 uf=false SslConnection@529194bc::SocketChannelEndPoint@6fe0558a{l=/127.0.0.1:37555,r=/127.0.0.1:51354,OPEN,fill=-,flush=-,to=0/30000}{io=0/0,kio=0,kro=1}->SslConnection@529194bc{NOT_HANDSHAKING,eio=-1/-1,di=-1,fill=IDLE,flush=IDLE}~>DecryptedEndPoint@11f06986{l=/127.0.0.1:37555,r=/127.0.0.1:51354,OPEN,fill=-,flush=-,to=43/30000}=>HttpConnection@353b6aac[p=HttpParser{s=START,0 of -1},g=HttpGenerator@40bf7b31{s=START}]=>HttpChannelOverHttp@201aac3d{s=HttpChannelState@4d3bf1b1{s=IDLE rs=BLOCKING os=OPEN is=IDLE awp=false se=false i=true al=0},r=0,c=false/false,a=IDLE,uri=null,age=0}
02:33:25.602 [qtp399373008-61] DEBUG org.eclipse.jetty.server.HttpConnection - HttpConnection@353b6aac::DecryptedEndPoint@11f06986{l=/127.0.0.1:37555,r=/127.0.0.1:51354,OPEN,fill=-,flush=-,to=43/30000} filled 125 HeapByteBuffer@196acfdd[p=0,l=125,c=17408,r=125]={<<<GET /config.yml HTTP/1.1\r...gent: okhttp/3.12.3\r\n\r\n>>>\xA7\x0f\xD6\x18+;H\xD9]...\x00\x00\x00\x00\x00\x00\x00}
02:33:25.602 [qtp399373008-61] DEBUG org.eclipse.jetty.server.HttpConnection - HttpConnection@353b6aac::DecryptedEndPoint@11f06986{l=/127.0.0.1:37555,r=/127.0.0.1:51354,OPEN,fill=-,flush=-,to=43/30000} parse HeapByteBuffer@196acfdd[p=0,l=125,c=17408,r=125]={<<<GET /config.yml HTTP/1.1\r...gent: okhttp/3.12.3\r\n\r\n>>>\xA7\x0f\xD6\x18+;H\xD9]...\x00\x00\x00\x00\x00\x00\x00} {}
02:33:25.602 [qtp399373008-61] DEBUG org.eclipse.jetty.http.HttpParser - parseNext s=START HeapByteBuffer@196acfdd[p=0,l=125,c=17408,r=125]={<<<GET /config.yml HTTP/1.1\r...gent: okhttp/3.12.3\r\n\r\n>>>\xA7\x0f\xD6\x18+;H\xD9]...\x00\x00\x00\x00\x00\x00\x00}
02:33:25.602 [qtp399373008-61] DEBUG org.eclipse.jetty.http.HttpParser - START --> SPACE1
02:33:25.602 [qtp399373008-61] DEBUG org.eclipse.jetty.http.HttpParser - SPACE1 --> URI
02:33:25.602 [qtp399373008-61] DEBUG org.eclipse.jetty.http.HttpParser - URI --> SPACE2
02:33:25.602 [qtp399373008-61] DEBUG org.eclipse.jetty.http.HttpParser - SPACE2 --> REQUEST_VERSION
02:33:25.602 [qtp399373008-61] DEBUG org.eclipse.jetty.http.HttpParser - REQUEST_VERSION --> HEADER
02:33:25.602 [qtp399373008-61] DEBUG org.eclipse.jetty.http.HttpParser - HEADER:Host --> VALUE
02:33:25.602 [qtp399373008-61] DEBUG org.eclipse.jetty.http.HttpParser - HEADER:Host --> IN_VALUE
02:33:25.602 [qtp399373008-61] DEBUG org.eclipse.jetty.http.HttpParser - HEADER:Host --> FIELD
02:33:25.602 [qtp399373008-61] DEBUG org.eclipse.jetty.http.HttpParser - HEADER:Connection: keep-alive --> IN_VALUE
02:33:25.602 [qtp399373008-61] DEBUG org.eclipse.jetty.http.HttpParser - HEADER:Connection: keep-alive --> FIELD
02:33:25.602 [qtp399373008-61] DEBUG org.eclipse.jetty.http.HttpParser - HEADER:Accept-Encoding: gzip --> IN_VALUE
02:33:25.602 [qtp399373008-61] DEBUG org.eclipse.jetty.http.HttpParser - HEADER:Accept-Encoding: gzip --> FIELD
02:33:25.602 [qtp399373008-61] DEBUG org.eclipse.jetty.http.HttpParser - HEADER:User-Agent --> VALUE
02:33:25.602 [qtp399373008-61] DEBUG org.eclipse.jetty.http.HttpParser - HEADER:User-Agent --> IN_VALUE
02:33:25.602 [qtp399373008-61] DEBUG org.eclipse.jetty.http.HttpParser - HEADER:User-Agent --> FIELD
02:33:25.602 [qtp399373008-61] DEBUG org.eclipse.jetty.http.HttpParser - HEADER --> CONTENT
02:33:25.602 [qtp399373008-61] DEBUG org.eclipse.jetty.server.HttpChannel - REQUEST for //localhost:37555/config.yml on HttpChannelOverHttp@201aac3d{s=HttpChannelState@4d3bf1b1{s=IDLE rs=BLOCKING os=OPEN is=IDLE awp=false se=false i=true al=0},r=1,c=false/false,a=IDLE,uri=//localhost:37555/config.yml,age=0}
GET //localhost:37555/config.yml HTTP/1.1
Host: localhost:37555
Connection: keep-alive
Accept-Encoding: gzip
User-Agent: okhttp/3.12.3


02:33:25.602 [qtp399373008-61] DEBUG org.eclipse.jetty.server.HttpConnection - HttpConnection@353b6aac::DecryptedEndPoint@11f06986{l=/127.0.0.1:37555,r=/127.0.0.1:51354,OPEN,fill=-,flush=-,to=43/30000} parsed true HttpParser{s=CONTENT,0 of -1}
02:33:25.602 [qtp399373008-61] DEBUG org.eclipse.jetty.server.HttpConnection - releaseRequestBuffer HttpConnection@353b6aac::DecryptedEndPoint@11f06986{l=/127.0.0.1:37555,r=/127.0.0.1:51354,OPEN,fill=-,flush=-,to=43/30000}
02:33:25.602 [qtp399373008-61] DEBUG org.eclipse.jetty.server.HttpChannel - handle //localhost:37555/config.yml HttpChannelOverHttp@201aac3d{s=HttpChannelState@4d3bf1b1{s=IDLE rs=BLOCKING os=OPEN is=IDLE awp=false se=false i=true al=0},r=1,c=false/false,a=IDLE,uri=//localhost:37555/config.yml,age=0} 
02:33:25.602 [qtp399373008-61] DEBUG org.eclipse.jetty.server.HttpChannelState - handling HttpChannelState@4d3bf1b1{s=IDLE rs=BLOCKING os=OPEN is=IDLE awp=false se=false i=true al=0}
02:33:25.602 [qtp399373008-61] DEBUG org.eclipse.jetty.server.HttpChannel - action DISPATCH HttpChannelOverHttp@201aac3d{s=HttpChannelState@4d3bf1b1{s=HANDLING rs=BLOCKING os=OPEN is=IDLE awp=false se=false i=true al=0},r=1,c=false/false,a=HANDLING,uri=//localhost:37555/config.yml,age=0}
02:33:25.602 [qtp399373008-61] DEBUG org.eclipse.jetty.server.SecureRequestCustomizer - Host localhost with SNI null
02:33:25.602 [qtp399373008-61] DEBUG org.eclipse.jetty.server.Server - REQUEST GET /config.yml on HttpChannelOverHttp@201aac3d{s=HttpChannelState@4d3bf1b1{s=HANDLING rs=BLOCKING os=OPEN is=IDLE awp=false se=false i=true al=0},r=1,c=false/false,a=HANDLING,uri=https://localhost:37555/config.yml,age=0}
02:33:25.603 [qtp399373008-61] DEBUG org.eclipse.jetty.server.HttpOutput - write(array HeapByteBuffer@53735f89[p=0,l=4,c=512,r=4]={<<<path>>>\x00\x00\x00\x00\x00\x00\x00\x00\x00...\x00\x00\x00\x00\x00\x00\x00})
02:33:25.603 [qtp399373008-61] DEBUG org.eclipse.jetty.server.HttpOutput - write(array) s=CLOSING,api=BLOCKED,sc=false,e=null last=true agg=false flush=true async=false, len=4 null
02:33:25.603 [qtp399373008-61] DEBUG org.eclipse.jetty.server.HttpChannel - sendResponse info=null content=HeapByteBuffer@385b9dad[p=0,l=4,c=512,r=4]={<<<path>>>\x00\x00\x00\x00\x00\x00\x00\x00\x00...\x00\x00\x00\x00\x00\x00\x00} complete=true committing=true callback=Blocker@274e691{null}
02:33:25.603 [qtp399373008-61] DEBUG org.eclipse.jetty.server.HttpChannel - COMMIT for /config.yml on HttpChannelOverHttp@201aac3d{s=HttpChannelState@4d3bf1b1{s=HANDLING rs=BLOCKING os=COMMITTED is=IDLE awp=false se=false i=true al=0},r=1,c=false/false,a=HANDLING,uri=https://localhost:37555/config.yml,age=1}
200 null HTTP/1.1
Date: Thu, 02 May 2024 01:33:25 GMT
ETag: testEtag
Content-Type: text/plain;charset=utf-8
Content-Length: 4


02:33:25.603 [qtp399373008-61] DEBUG org.eclipse.jetty.server.HttpConnection - generate: NEED_HEADER for SendCallback@ecbe03e[PROCESSING][i=HTTP/1.1{s=200,h=4,cl=4},cb=org.eclipse.jetty.server.HttpChannel$SendCallback@470d6979] (null,[p=0,l=4,c=512,r=4],true)@START
02:33:25.603 [qtp399373008-61] DEBUG org.eclipse.jetty.http.HttpGenerator - generateHeaders HTTP/1.1{s=200,h=4,cl=4} last=true content=HeapByteBuffer@385b9dad[p=0,l=4,c=512,r=4]={<<<path>>>\x00\x00\x00\x00\x00\x00\x00\x00\x00...\x00\x00\x00\x00\x00\x00\x00}
02:33:25.603 [qtp399373008-61] DEBUG org.eclipse.jetty.http.HttpGenerator - Date: Thu, 02 May 2024 01:33:25 GMT
ETag: testEtag
Content-Type: text/plain;charset=utf-8
Content-Length: 4


02:33:25.603 [qtp399373008-61] DEBUG org.eclipse.jetty.http.HttpGenerator - CONTENT_LENGTH
02:33:25.603 [qtp399373008-61] DEBUG org.eclipse.jetty.server.HttpConnection - generate: FLUSH for SendCallback@ecbe03e[PROCESSING][i=HTTP/1.1{s=200,h=4,cl=4},cb=org.eclipse.jetty.server.HttpChannel$SendCallback@470d6979] ([p=0,l=164,c=8192,r=164],[p=0,l=4,c=512,r=4],true)@COMPLETING
02:33:25.603 [qtp399373008-61] DEBUG org.eclipse.jetty.io.WriteFlusher - write: WriteFlusher@63a1854{IDLE}->null [HeapByteBuffer@235f32c0[p=0,l=164,c=8192,r=164]={<<<HTTP/1.1 200 OK\r\nDate: Th...y(9.4.44.v20210927)\r\n\r\n>>>\x00\x00\x00\x00\x00\x00\x00\x00\x00...\x00\x00\x00\x00\x00\x00\x00},HeapByteBuffer@385b9dad[p=0,l=4,c=512,r=4]={<<<path>>>\x00\x00\x00\x00\x00\x00\x00\x00\x00...\x00\x00\x00\x00\x00\x00\x00}]
02:33:25.603 [qtp399373008-61] DEBUG org.eclipse.jetty.io.WriteFlusher - update WriteFlusher@63a1854{WRITING}->null:IDLE-->WRITING
02:33:25.603 [qtp399373008-61] DEBUG org.eclipse.jetty.io.ssl.SslConnection - >flush SslConnection@529194bc::SocketChannelEndPoint@6fe0558a{l=/127.0.0.1:37555,r=/127.0.0.1:51354,OPEN,fill=-,flush=-,to=1/30000}{io=0/0,kio=0,kro=1}->SslConnection@529194bc{NOT_HANDSHAKING,eio=-1/-1,di=-1,fill=IDLE,flush=IDLE}~>DecryptedEndPoint@11f06986{l=/127.0.0.1:37555,r=/127.0.0.1:51354,OPEN,fill=-,flush=W,to=44/30000}=>HttpConnection@353b6aac[p=HttpParser{s=CONTENT,0 of -1},g=HttpGenerator@40bf7b31{s=COMPLETING}]=>HttpChannelOverHttp@201aac3d{s=HttpChannelState@4d3bf1b1{s=HANDLING rs=BLOCKING os=COMMITTED is=IDLE awp=false se=false i=true al=0},r=1,c=false/false,a=HANDLING,uri=https://localhost:37555/config.yml,age=1}
02:33:25.603 [qtp399373008-61] DEBUG org.eclipse.jetty.io.ssl.SslConnection - flush b[0]=HeapByteBuffer@235f32c0[p=0,l=164,c=8192,r=164]={<<<HTTP/1.1 200 OK\r\nDate: Th...y(9.4.44.v20210927)\r\n\r\n>>>\x00\x00\x00\x00\x00\x00\x00\x00\x00...\x00\x00\x00\x00\x00\x00\x00}
02:33:25.603 [qtp399373008-61] DEBUG org.eclipse.jetty.io.ssl.SslConnection - flush b[1]=HeapByteBuffer@385b9dad[p=0,l=4,c=512,r=4]={<<<path>>>\x00\x00\x00\x00\x00\x00\x00\x00\x00...\x00\x00\x00\x00\x00\x00\x00}
02:33:25.603 [qtp399373008-61] DEBUG org.eclipse.jetty.io.ssl.SslConnection - flush NOT_HANDSHAKING
02:33:25.603 [qtp399373008-61] DEBUG org.eclipse.jetty.io.ssl.SslConnection - wrap Status = OK HandshakeStatus = NOT_HANDSHAKING bytesConsumed = 168 bytesProduced = 206 [p=0,l=206,c=17408,r=206] ioDone=false/false
02:33:25.603 [qtp399373008-61] DEBUG org.eclipse.jetty.io.ChannelEndPoint - flushed 206 SocketChannelEndPoint@6fe0558a{l=/127.0.0.1:37555,r=/127.0.0.1:51354,OPEN,fill=-,flush=-,to=2/30000}{io=0/0,kio=0,kro=1}->SslConnection@529194bc{NOT_HANDSHAKING,eio=-1/0,di=-1,fill=IDLE,flush=IDLE}~>DecryptedEndPoint@11f06986{l=/127.0.0.1:37555,r=/127.0.0.1:51354,OPEN,fill=-,flush=W,to=45/30000}=>HttpConnection@353b6aac[p=HttpParser{s=CONTENT,0 of -1},g=HttpGenerator@40bf7b31{s=COMPLETING}]=>HttpChannelOverHttp@201aac3d{s=HttpChannelState@4d3bf1b1{s=HANDLING rs=BLOCKING os=COMMITTED is=IDLE awp=false se=false i=true al=0},r=1,c=false/false,a=HANDLING,uri=https://localhost:37555/config.yml,age=1}
02:33:25.603 [qtp399373008-61] DEBUG org.eclipse.jetty.io.ssl.SslConnection - net flushed=true, ac=true
02:33:25.603 [qtp399373008-61] DEBUG org.eclipse.jetty.io.ssl.SslConnection - <flush true SslConnection@529194bc::SocketChannelEndPoint@6fe0558a{l=/127.0.0.1:37555,r=/127.0.0.1:51354,OPEN,fill=-,flush=-,to=0/30000}{io=0/0,kio=0,kro=1}->SslConnection@529194bc{NOT_HANDSHAKING,eio=-1/-1,di=-1,fill=IDLE,flush=IDLE}~>DecryptedEndPoint@11f06986{l=/127.0.0.1:37555,r=/127.0.0.1:51354,OPEN,fill=-,flush=W,to=45/30000}=>HttpConnection@353b6aac[p=HttpParser{s=CONTENT,0 of -1},g=HttpGenerator@40bf7b31{s=COMPLETING}]=>HttpChannelOverHttp@201aac3d{s=HttpChannelState@4d3bf1b1{s=HANDLING rs=BLOCKING os=COMMITTED is=IDLE awp=false se=false i=true al=0},r=1,c=false/false,a=HANDLING,uri=https://localhost:37555/config.yml,age=1}
02:33:25.604 [qtp399373008-61] DEBUG org.eclipse.jetty.io.WriteFlusher - Flushed=true written=168 remaining=0 WriteFlusher@63a1854{WRITING}->null
02:33:25.604 [qtp399373008-61] DEBUG org.eclipse.jetty.io.WriteFlusher - update WriteFlusher@63a1854{IDLE}->null:WRITING-->IDLE
02:33:25.604 [qtp399373008-61] DEBUG org.eclipse.jetty.server.HttpConnection - generate: DONE for SendCallback@ecbe03e[PROCESSING][i=HTTP/1.1{s=200,h=4,cl=4},cb=org.eclipse.jetty.server.HttpChannel$SendCallback@470d6979] ([p=164,l=164,c=8192,r=0],[p=4,l=4,c=512,r=0],true)@END
02:33:25.604 [main] DEBUG org.apache.nifi.minifi.bootstrap.configuration.ingestors.PullHttpChangeIngestor - Response received: Response{protocol=http/1.1, code=200, message=OK, url=https://localhost:37555/config.yml}
02:33:25.604 [qtp399373008-61] DEBUG org.eclipse.jetty.server.HttpOutput - onWriteComplete(true,null) s=CLOSING,api=BLOCKED,sc=false,e=null->s=CLOSED,api=BLOCKING,sc=false,e=null c=null cb=null w=false
02:33:25.604 [qtp399373008-61] DEBUG org.eclipse.jetty.server.HttpOutput - close() s=CLOSED,api=BLOCKING,sc=false,e=null c=null b=null
02:33:25.604 [qtp399373008-61] DEBUG org.eclipse.jetty.server.Server - handled=true async=false committed=true on HttpChannelOverHttp@201aac3d{s=HttpChannelState@4d3bf1b1{s=HANDLING rs=BLOCKING os=COMPLETED is=IDLE awp=false se=false i=true al=0},r=1,c=false/true,a=HANDLING,uri=https://localhost:37555/config.yml,age=2}
02:33:25.604 [qtp399373008-61] DEBUG org.eclipse.jetty.server.HttpChannelState - unhandle HttpChannelState@4d3bf1b1{s=HANDLING rs=BLOCKING os=COMPLETED is=IDLE awp=false se=false i=true al=0}
02:33:25.604 [qtp399373008-61] DEBUG org.eclipse.jetty.server.HttpChannelState - nextAction(false) COMPLETE HttpChannelState@4d3bf1b1{s=HANDLING rs=COMPLETING os=COMPLETED is=IDLE awp=false se=false i=false al=0}
02:33:25.604 [main] DEBUG org.apache.nifi.minifi.bootstrap.configuration.ingestors.PullHttpChangeIngestor - New change received, notifying listener
02:33:25.604 [qtp399373008-61] DEBUG org.eclipse.jetty.server.HttpChannel - action COMPLETE HttpChannelOverHttp@201aac3d{s=HttpChannelState@4d3bf1b1{s=HANDLING rs=COMPLETING os=COMPLETED is=IDLE awp=false se=false i=false al=0},r=1,c=false/true,a=HANDLING,uri=https://localhost:37555/config.yml,age=2}
02:33:25.604 [qtp399373008-61] DEBUG org.eclipse.jetty.server.HttpOutput - complete(org.eclipse.jetty.util.Callback$3@5721c2bd) s=CLOSED,api=BLOCKING,sc=false,e=null s=true e=null, c=null
02:33:25.604 [main] DEBUG org.apache.nifi.minifi.bootstrap.configuration.ingestors.PullHttpChangeIngestor - Listeners notified
02:33:25.604 [qtp399373008-61] DEBUG org.eclipse.jetty.server.HttpChannelState - completed HttpChannelState@4d3bf1b1{s=HANDLING rs=COMPLETING os=COMPLETED is=IDLE awp=false se=false i=false al=0}
02:33:25.604 [qtp399373008-61] DEBUG org.eclipse.jetty.server.HttpChannelState - unhandle HttpChannelState@4d3bf1b1{s=HANDLING rs=COMPLETED os=COMPLETED is=IDLE awp=false se=false i=false al=0}
02:33:25.604 [qtp399373008-61] DEBUG org.eclipse.jetty.server.HttpChannelState - nextAction(false) TERMINATED HttpChannelState@4d3bf1b1{s=IDLE rs=COMPLETED os=COMPLETED is=IDLE awp=false se=false i=false al=0}
02:33:25.604 [qtp399373008-61] DEBUG org.eclipse.jetty.server.HttpChannel - action TERMINATED HttpChannelOverHttp@201aac3d{s=HttpChannelState@4d3bf1b1{s=IDLE rs=COMPLETED os=COMPLETED is=IDLE awp=false se=false i=false al=0},r=1,c=true/true,a=IDLE,uri=https://localhost:37555/config.yml,age=2}
02:33:25.604 [qtp399373008-61] DEBUG org.eclipse.jetty.server.HttpChannel - onCompleted for /config.yml written=4
02:33:25.604 [qtp399373008-61] DEBUG org.eclipse.jetty.io.ssl.SslConnection - >fill SslConnection@529194bc::SocketChannelEndPoint@6fe0558a{l=/127.0.0.1:37555,r=/127.0.0.1:51354,OPEN,fill=-,flush=-,to=0/30000}{io=0/0,kio=0,kro=1}->SslConnection@529194bc{NOT_HANDSHAKING,eio=-1/-1,di=-1,fill=IDLE,flush=IDLE}~>DecryptedEndPoint@11f06986{l=/127.0.0.1:37555,r=/127.0.0.1:51354,OPEN,fill=-,flush=-,to=45/30000}=>HttpConnection@353b6aac[p=HttpParser{s=CONTENT,0 of -1},g=HttpGenerator@40bf7b31{s=END}]=>HttpChannelOverHttp@201aac3d{s=HttpChannelState@4d3bf1b1{s=IDLE rs=COMPLETED os=COMPLETED is=IDLE awp=false se=false i=false al=0},r=1,c=true/true,a=IDLE,uri=https://localhost:37555/config.yml,age=2}
02:33:25.604 [qtp399373008-61] DEBUG org.eclipse.jetty.io.ssl.SslConnection - fill NOT_HANDSHAKING
]]></system-out>
  </testcase>
  <testcase name="testUseEtag" classname="org.apache.nifi.minifi.bootstrap.configuration.ingestors.PullHttpChangeIngestorSSLTest" time="0.077">
    <system-out><![CDATA[02:33:25.604 [qtp399373008-61] DEBUG org.eclipse.jetty.io.ChannelEndPoint - filled 0 HeapByteBuffer@196acfdd[p=0,l=0,c=17408,r=0]={<<<>>>GET /conf...\x00\x00\x00\x00\x00\x00\x00}
02:33:25.604 [qtp399373008-61] DEBUG org.eclipse.jetty.io.ssl.SslConnection - net filled=0
02:33:25.604 [qtp399373008-61] DEBUG org.eclipse.jetty.io.ssl.SslConnection - unwrap net_filled=0 Status = BUFFER_UNDERFLOW HandshakeStatus = NOT_HANDSHAKING bytesConsumed = 0 bytesProduced = 0 encryptedBuffer=[p=0,l=0,c=17408,r=0] unwrapBuffer=HeapByteBuffer@d26bd[p=0,l=0,c=17408,r=0]={<<<>>>\x17\x03\x03\x03\xAd\x0b\x00\x03\x88...\x00\x00\x00\x00\x00\x00\x00} appBuffer=HeapByteBuffer@d26bd[p=0,l=0,c=17408,r=0]={<<<>>>\x17\x03\x03\x03\xAd\x0b\x00\x03\x88...\x00\x00\x00\x00\x00\x00\x00}
02:33:25.604 [qtp399373008-61] DEBUG org.eclipse.jetty.io.ssl.SslConnection - <fill f=0 uf=true SslConnection@529194bc::SocketChannelEndPoint@6fe0558a{l=/127.0.0.1:37555,r=/127.0.0.1:51354,OPEN,fill=-,flush=-,to=0/30000}{io=0/0,kio=0,kro=1}->SslConnection@529194bc{NOT_HANDSHAKING,eio=-1/-1,di=-1,fill=IDLE,flush=IDLE}~>DecryptedEndPoint@11f06986{l=/127.0.0.1:37555,r=/127.0.0.1:51354,OPEN,fill=-,flush=-,to=46/30000}=>HttpConnection@353b6aac[p=HttpParser{s=CONTENT,0 of -1},g=HttpGenerator@40bf7b31{s=END}]=>HttpChannelOverHttp@201aac3d{s=HttpChannelState@4d3bf1b1{s=IDLE rs=COMPLETED os=COMPLETED is=IDLE awp=false se=false i=false al=0},r=1,c=true/true,a=IDLE,uri=https://localhost:37555/config.yml,age=2}
02:33:25.604 [qtp399373008-61] DEBUG org.eclipse.jetty.io.ssl.SslConnection - >fill SslConnection@529194bc::SocketChannelEndPoint@6fe0558a{l=/127.0.0.1:37555,r=/127.0.0.1:51354,OPEN,fill=-,flush=-,to=0/30000}{io=0/0,kio=0,kro=1}->SslConnection@529194bc{NOT_HANDSHAKING,eio=-1/-1,di=-1,fill=IDLE,flush=IDLE}~>DecryptedEndPoint@11f06986{l=/127.0.0.1:37555,r=/127.0.0.1:51354,OPEN,fill=-,flush=-,to=46/30000}=>HttpConnection@353b6aac[p=HttpParser{s=CONTENT,0 of -1},g=HttpGenerator@40bf7b31{s=END}]=>HttpChannelOverHttp@201aac3d{s=HttpChannelState@4d3bf1b1{s=IDLE rs=COMPLETED os=COMPLETED is=IDLE awp=false se=false i=false al=0},r=1,c=true/true,a=IDLE,uri=https://localhost:37555/config.yml,age=2}
02:33:25.604 [qtp399373008-61] DEBUG org.eclipse.jetty.io.ssl.SslConnection - fill NOT_HANDSHAKING
02:33:25.604 [qtp399373008-61] DEBUG org.eclipse.jetty.io.ChannelEndPoint - filled 0 HeapByteBuffer@ecac914[p=0,l=0,c=17408,r=0]={<<<>>>\x17\x03\x03\x00\xC9\x1dF\x8a\x7f...\x00\x00\x00\x00\x00\x00\x00}
02:33:25.605 [qtp399373008-61] DEBUG org.eclipse.jetty.io.ssl.SslConnection - net filled=0
02:33:25.605 [qtp399373008-61] DEBUG org.eclipse.jetty.io.ssl.SslConnection - unwrap net_filled=0 Status = BUFFER_UNDERFLOW HandshakeStatus = NOT_HANDSHAKING bytesConsumed = 0 bytesProduced = 0 encryptedBuffer=[p=0,l=0,c=17408,r=0] unwrapBuffer=HeapByteBuffer@d26bd[p=0,l=0,c=17408,r=0]={<<<>>>\x17\x03\x03\x03\xAd\x0b\x00\x03\x88...\x00\x00\x00\x00\x00\x00\x00} appBuffer=HeapByteBuffer@d26bd[p=0,l=0,c=17408,r=0]={<<<>>>\x17\x03\x03\x03\xAd\x0b\x00\x03\x88...\x00\x00\x00\x00\x00\x00\x00}
02:33:25.605 [qtp399373008-61] DEBUG org.eclipse.jetty.io.ssl.SslConnection - <fill f=0 uf=true SslConnection@529194bc::SocketChannelEndPoint@6fe0558a{l=/127.0.0.1:37555,r=/127.0.0.1:51354,OPEN,fill=-,flush=-,to=1/30000}{io=0/0,kio=0,kro=1}->SslConnection@529194bc{NOT_HANDSHAKING,eio=-1/-1,di=-1,fill=IDLE,flush=IDLE}~>DecryptedEndPoint@11f06986{l=/127.0.0.1:37555,r=/127.0.0.1:51354,OPEN,fill=-,flush=-,to=46/30000}=>HttpConnection@353b6aac[p=HttpParser{s=CONTENT,0 of -1},g=HttpGenerator@40bf7b31{s=END}]=>HttpChannelOverHttp@201aac3d{s=HttpChannelState@4d3bf1b1{s=IDLE rs=COMPLETED os=COMPLETED is=IDLE awp=false se=false i=false al=0},r=1,c=true/true,a=IDLE,uri=https://localhost:37555/config.yml,age=3}
02:33:25.605 [qtp399373008-61] DEBUG org.eclipse.jetty.server.HttpConnection - HttpConnection@353b6aac::DecryptedEndPoint@11f06986{l=/127.0.0.1:37555,r=/127.0.0.1:51354,OPEN,fill=-,flush=-,to=46/30000} filled 0 HeapByteBuffer@d26bd[p=0,l=0,c=17408,r=0]={<<<>>>\x17\x03\x03\x03\xAd\x0b\x00\x03\x88...\x00\x00\x00\x00\x00\x00\x00}
02:33:25.605 [qtp399373008-61] DEBUG org.eclipse.jetty.server.HttpConnection - HttpConnection@353b6aac::DecryptedEndPoint@11f06986{l=/127.0.0.1:37555,r=/127.0.0.1:51354,OPEN,fill=-,flush=-,to=46/30000} parse HeapByteBuffer@d26bd[p=0,l=0,c=17408,r=0]={<<<>>>\x17\x03\x03\x03\xAd\x0b\x00\x03\x88...\x00\x00\x00\x00\x00\x00\x00} {}
02:33:25.605 [qtp399373008-61] DEBUG org.eclipse.jetty.http.HttpParser - parseNext s=CONTENT HeapByteBuffer@d26bd[p=0,l=0,c=17408,r=0]={<<<>>>\x17\x03\x03\x03\xAd\x0b\x00\x03\x88...\x00\x00\x00\x00\x00\x00\x00}
02:33:25.605 [qtp399373008-61] DEBUG org.eclipse.jetty.http.HttpParser - CONTENT --> CONTENT_END
02:33:25.605 [qtp399373008-61] DEBUG org.eclipse.jetty.server.HttpChannel - onContentComplete HttpChannelOverHttp@201aac3d{s=HttpChannelState@4d3bf1b1{s=IDLE rs=COMPLETED os=COMPLETED is=IDLE awp=false se=false i=false al=0},r=1,c=true/true,a=IDLE,uri=https://localhost:37555/config.yml,age=3}
02:33:25.605 [qtp399373008-61] DEBUG org.eclipse.jetty.http.HttpParser - CONTENT_END --> END
02:33:25.605 [qtp399373008-61] DEBUG org.eclipse.jetty.server.HttpChannel - onRequestComplete HttpChannelOverHttp@201aac3d{s=HttpChannelState@4d3bf1b1{s=IDLE rs=COMPLETED os=COMPLETED is=IDLE awp=false se=false i=false al=0},r=1,c=true/true,a=IDLE,uri=https://localhost:37555/config.yml,age=3}
02:33:25.605 [qtp399373008-61] DEBUG org.eclipse.jetty.server.HttpInput - HttpInputOverHTTP@7bcb3f81[c=0,q=0,[0]=null,s=STREAM] addContent EOF
02:33:25.605 [qtp399373008-61] DEBUG org.eclipse.jetty.server.HttpConnection - HttpConnection@353b6aac::DecryptedEndPoint@11f06986{l=/127.0.0.1:37555,r=/127.0.0.1:51354,OPEN,fill=-,flush=-,to=46/30000} parsed false HttpParser{s=END,0 of -1}
02:33:25.605 [qtp399373008-61] DEBUG org.eclipse.jetty.server.HttpConnection - releaseRequestBuffer HttpConnection@353b6aac::DecryptedEndPoint@11f06986{l=/127.0.0.1:37555,r=/127.0.0.1:51354,OPEN,fill=-,flush=-,to=46/30000}
02:33:25.605 [qtp399373008-61] DEBUG org.eclipse.jetty.server.HttpChannelState - recycle HttpChannelState@4d3bf1b1{s=IDLE rs=COMPLETED os=COMPLETED is=IDLE awp=false se=false i=false al=0}
02:33:25.605 [qtp399373008-61] DEBUG org.eclipse.jetty.http.HttpParser - reset HttpParser{s=END,0 of -1}
02:33:25.605 [qtp399373008-61] DEBUG org.eclipse.jetty.http.HttpParser - END --> START
02:33:25.605 [qtp399373008-61] DEBUG org.eclipse.jetty.server.HttpChannel - !handle TERMINATED HttpChannelOverHttp@201aac3d{s=HttpChannelState@4d3bf1b1{s=IDLE rs=BLOCKING os=OPEN is=IDLE awp=false se=false i=true al=0},r=1,c=false/false,a=IDLE,uri=null,age=0}
02:33:25.605 [qtp399373008-61] DEBUG org.eclipse.jetty.io.ssl.SslConnection - >fill SslConnection@529194bc::SocketChannelEndPoint@6fe0558a{l=/127.0.0.1:37555,r=/127.0.0.1:51354,OPEN,fill=-,flush=-,to=1/30000}{io=0/0,kio=0,kro=1}->SslConnection@529194bc{NOT_HANDSHAKING,eio=-1/-1,di=-1,fill=IDLE,flush=IDLE}~>DecryptedEndPoint@11f06986{l=/127.0.0.1:37555,r=/127.0.0.1:51354,OPEN,fill=-,flush=-,to=47/30000}=>HttpConnection@353b6aac[p=HttpParser{s=START,0 of -1},g=HttpGenerator@40bf7b31{s=START}]=>HttpChannelOverHttp@201aac3d{s=HttpChannelState@4d3bf1b1{s=IDLE rs=BLOCKING os=OPEN is=IDLE awp=false se=false i=true al=0},r=1,c=false/false,a=IDLE,uri=null,age=0}
02:33:25.605 [qtp399373008-61] DEBUG org.eclipse.jetty.io.ssl.SslConnection - fill NOT_HANDSHAKING
02:33:25.605 [qtp399373008-61] DEBUG org.eclipse.jetty.io.ChannelEndPoint - filled 0 HeapByteBuffer@ecac914[p=0,l=0,c=17408,r=0]={<<<>>>\x17\x03\x03\x00\xC9\x1dF\x8a\x7f...\x00\x00\x00\x00\x00\x00\x00}
02:33:25.605 [qtp399373008-61] DEBUG org.eclipse.jetty.io.ssl.SslConnection - net filled=0
02:33:25.605 [qtp399373008-61] DEBUG org.eclipse.jetty.io.ssl.SslConnection - unwrap net_filled=0 Status = BUFFER_UNDERFLOW HandshakeStatus = NOT_HANDSHAKING bytesConsumed = 0 bytesProduced = 0 encryptedBuffer=[p=0,l=0,c=17408,r=0] unwrapBuffer=HeapByteBuffer@196acfdd[p=0,l=0,c=17408,r=0]={<<<>>>GET /conf...\x00\x00\x00\x00\x00\x00\x00} appBuffer=HeapByteBuffer@196acfdd[p=0,l=0,c=17408,r=0]={<<<>>>GET /conf...\x00\x00\x00\x00\x00\x00\x00}
02:33:25.605 [qtp399373008-61] DEBUG org.eclipse.jetty.io.ssl.SslConnection - <fill f=0 uf=true SslConnection@529194bc::SocketChannelEndPoint@6fe0558a{l=/127.0.0.1:37555,r=/127.0.0.1:51354,OPEN,fill=-,flush=-,to=1/30000}{io=0/0,kio=0,kro=1}->SslConnection@529194bc{NOT_HANDSHAKING,eio=-1/-1,di=-1,fill=IDLE,flush=IDLE}~>DecryptedEndPoint@11f06986{l=/127.0.0.1:37555,r=/127.0.0.1:51354,OPEN,fill=-,flush=-,to=47/30000}=>HttpConnection@353b6aac[p=HttpParser{s=START,0 of -1},g=HttpGenerator@40bf7b31{s=START}]=>HttpChannelOverHttp@201aac3d{s=HttpChannelState@4d3bf1b1{s=IDLE rs=BLOCKING os=OPEN is=IDLE awp=false se=false i=true al=0},r=1,c=false/false,a=IDLE,uri=null,age=0}
02:33:25.605 [qtp399373008-61] DEBUG org.eclipse.jetty.io.ssl.SslConnection - >fill SslConnection@529194bc::SocketChannelEndPoint@6fe0558a{l=/127.0.0.1:37555,r=/127.0.0.1:51354,OPEN,fill=-,flush=-,to=2/30000}{io=0/0,kio=0,kro=1}->SslConnection@529194bc{NOT_HANDSHAKING,eio=-1/-1,di=-1,fill=IDLE,flush=IDLE}~>DecryptedEndPoint@11f06986{l=/127.0.0.1:37555,r=/127.0.0.1:51354,OPEN,fill=-,flush=-,to=47/30000}=>HttpConnection@353b6aac[p=HttpParser{s=START,0 of -1},g=HttpGenerator@40bf7b31{s=START}]=>HttpChannelOverHttp@201aac3d{s=HttpChannelState@4d3bf1b1{s=IDLE rs=BLOCKING os=OPEN is=IDLE awp=false se=false i=true al=0},r=1,c=false/false,a=IDLE,uri=null,age=0}
02:33:25.606 [qtp399373008-61] DEBUG org.eclipse.jetty.io.ssl.SslConnection - fill NOT_HANDSHAKING
02:33:25.606 [qtp399373008-61] DEBUG org.eclipse.jetty.io.ChannelEndPoint - filled 0 HeapByteBuffer@d26bd[p=0,l=0,c=17408,r=0]={<<<>>>\x17\x03\x03\x03\xAd\x0b\x00\x03\x88...\x00\x00\x00\x00\x00\x00\x00}
02:33:25.606 [qtp399373008-61] DEBUG org.eclipse.jetty.io.ssl.SslConnection - net filled=0
02:33:25.606 [qtp399373008-61] DEBUG org.eclipse.jetty.io.ssl.SslConnection - unwrap net_filled=0 Status = BUFFER_UNDERFLOW HandshakeStatus = NOT_HANDSHAKING bytesConsumed = 0 bytesProduced = 0 encryptedBuffer=[p=0,l=0,c=17408,r=0] unwrapBuffer=HeapByteBuffer@196acfdd[p=0,l=0,c=17408,r=0]={<<<>>>GET /conf...\x00\x00\x00\x00\x00\x00\x00} appBuffer=HeapByteBuffer@196acfdd[p=0,l=0,c=17408,r=0]={<<<>>>GET /conf...\x00\x00\x00\x00\x00\x00\x00}
02:33:25.606 [qtp399373008-61] DEBUG org.eclipse.jetty.io.ssl.SslConnection - <fill f=0 uf=true SslConnection@529194bc::SocketChannelEndPoint@6fe0558a{l=/127.0.0.1:37555,r=/127.0.0.1:51354,OPEN,fill=-,flush=-,to=2/30000}{io=0/0,kio=0,kro=1}->SslConnection@529194bc{NOT_HANDSHAKING,eio=-1/-1,di=-1,fill=IDLE,flush=IDLE}~>DecryptedEndPoint@11f06986{l=/127.0.0.1:37555,r=/127.0.0.1:51354,OPEN,fill=-,flush=-,to=47/30000}=>HttpConnection@353b6aac[p=HttpParser{s=START,0 of -1},g=HttpGenerator@40bf7b31{s=START}]=>HttpChannelOverHttp@201aac3d{s=HttpChannelState@4d3bf1b1{s=IDLE rs=BLOCKING os=OPEN is=IDLE awp=false se=false i=true al=0},r=1,c=false/false,a=IDLE,uri=null,age=0}
02:33:25.606 [qtp399373008-61] DEBUG org.eclipse.jetty.server.HttpConnection - HttpConnection@353b6aac::DecryptedEndPoint@11f06986{l=/127.0.0.1:37555,r=/127.0.0.1:51354,OPEN,fill=-,flush=-,to=47/30000} filled 0 HeapByteBuffer@196acfdd[p=0,l=0,c=17408,r=0]={<<<>>>GET /conf...\x00\x00\x00\x00\x00\x00\x00}
02:33:25.606 [main] DEBUG org.apache.nifi.minifi.bootstrap.configuration.ingestors.PullHttpChangeIngestor - Attempting to pull new config
02:33:25.606 [qtp399373008-61] DEBUG org.eclipse.jetty.server.HttpConnection - HttpConnection@353b6aac::DecryptedEndPoint@11f06986{l=/127.0.0.1:37555,r=/127.0.0.1:51354,OPEN,fill=-,flush=-,to=47/30000} parse HeapByteBuffer@196acfdd[p=0,l=0,c=17408,r=0]={<<<>>>GET /conf...\x00\x00\x00\x00\x00\x00\x00} {}
02:33:25.606 [qtp399373008-61] DEBUG org.eclipse.jetty.http.HttpParser - parseNext s=START HeapByteBuffer@196acfdd[p=0,l=0,c=17408,r=0]={<<<>>>GET /conf...\x00\x00\x00\x00\x00\x00\x00}
02:33:25.606 [qtp399373008-61] DEBUG org.eclipse.jetty.server.HttpConnection - HttpConnection@353b6aac::DecryptedEndPoint@11f06986{l=/127.0.0.1:37555,r=/127.0.0.1:51354,OPEN,fill=-,flush=-,to=47/30000} parsed false HttpParser{s=START,0 of -1}
02:33:25.606 [qtp399373008-61] DEBUG org.eclipse.jetty.server.HttpConnection - releaseRequestBuffer HttpConnection@353b6aac::DecryptedEndPoint@11f06986{l=/127.0.0.1:37555,r=/127.0.0.1:51354,OPEN,fill=-,flush=-,to=47/30000}
02:33:25.606 [qtp399373008-61] DEBUG org.eclipse.jetty.io.AbstractConnection - fillInterested HttpConnection@353b6aac::DecryptedEndPoint@11f06986{l=/127.0.0.1:37555,r=/127.0.0.1:51354,OPEN,fill=-,flush=-,to=47/30000}
02:33:25.606 [qtp399373008-61] DEBUG org.eclipse.jetty.io.FillInterest - interested FillInterest@2e3f0780{AC.ReadCB@353b6aac{HttpConnection@353b6aac::DecryptedEndPoint@11f06986{l=/127.0.0.1:37555,r=/127.0.0.1:51354,OPEN,fill=FI,flush=-,to=0/30000}}}
02:33:25.606 [qtp399373008-61] DEBUG org.eclipse.jetty.io.ssl.SslConnection - >needFillInterest s=IDLE/IDLE uf=true ei=null di=null SslConnection@529194bc::SocketChannelEndPoint@6fe0558a{l=/127.0.0.1:37555,r=/127.0.0.1:51354,OPEN,fill=-,flush=-,to=2/30000}{io=0/0,kio=0,kro=1}->SslConnection@529194bc{NOT_HANDSHAKING,eio=-1/-1,di=-1,fill=IDLE,flush=IDLE}~>DecryptedEndPoint@11f06986{l=/127.0.0.1:37555,r=/127.0.0.1:51354,OPEN,fill=FI,flush=-,to=0/30000}=>HttpConnection@353b6aac[p=HttpParser{s=START,0 of -1},g=HttpGenerator@40bf7b31{s=START}]=>HttpChannelOverHttp@201aac3d{s=HttpChannelState@4d3bf1b1{s=IDLE rs=BLOCKING os=OPEN is=IDLE awp=false se=false i=true al=0},r=1,c=false/false,a=IDLE,uri=null,age=0}
02:33:25.606 [qtp399373008-61] DEBUG org.eclipse.jetty.io.ssl.SslConnection - <needFillInterest s=IDLE/INTERESTED f=false i=true w=null
02:33:25.606 [qtp399373008-61] DEBUG org.eclipse.jetty.io.ssl.SslConnection - ensureFillInterested SslConnection@529194bc::SocketChannelEndPoint@6fe0558a{l=/127.0.0.1:37555,r=/127.0.0.1:51354,OPEN,fill=-,flush=-,to=2/30000}{io=0/0,kio=0,kro=1}->SslConnection@529194bc{NOT_HANDSHAKING,eio=-1/-1,di=-1,fill=INTERESTED,flush=IDLE}~>DecryptedEndPoint@11f06986{l=/127.0.0.1:37555,r=/127.0.0.1:51354,OPEN,fill=FI,flush=-,to=0/30000}=>HttpConnection@353b6aac[p=HttpParser{s=START,0 of -1},g=HttpGenerator@40bf7b31{s=START}]=>HttpChannelOverHttp@201aac3d{s=HttpChannelState@4d3bf1b1{s=IDLE rs=BLOCKING os=OPEN is=IDLE awp=false se=false i=true al=0},r=1,c=false/false,a=IDLE,uri=null,age=0}
02:33:25.606 [qtp399373008-61] DEBUG org.eclipse.jetty.io.FillInterest - interested FillInterest@447b6ff6{SSLC.NBReadCB@529194bc{SslConnection@529194bc::SocketChannelEndPoint@6fe0558a{l=/127.0.0.1:37555,r=/127.0.0.1:51354,OPEN,fill=FI,flush=-,to=0/30000}{io=0/0,kio=0,kro=1}->SslConnection@529194bc{NOT_HANDSHAKING,eio=-1/-1,di=-1,fill=INTERESTED,flush=IDLE}~>DecryptedEndPoint@11f06986{l=/127.0.0.1:37555,r=/127.0.0.1:51354,OPEN,fill=FI,flush=-,to=0/30000}=>HttpConnection@353b6aac[p=HttpParser{s=START,0 of -1},g=HttpGenerator@40bf7b31{s=START}]=>HttpChannelOverHttp@201aac3d{s=HttpChannelState@4d3bf1b1{s=IDLE rs=BLOCKING os=OPEN is=IDLE awp=false se=false i=true al=0},r=1,c=false/false,a=IDLE,uri=null,age=0}}}
02:33:25.606 [qtp399373008-61] DEBUG org.eclipse.jetty.io.ChannelEndPoint - changeInterests p=false 0->1 for SocketChannelEndPoint@6fe0558a{l=/127.0.0.1:37555,r=/127.0.0.1:51354,OPEN,fill=FI,flush=-,to=0/30000}{io=0/1,kio=0,kro=1}->SslConnection@529194bc{NOT_HANDSHAKING,eio=-1/-1,di=-1,fill=INTERESTED,flush=IDLE}~>DecryptedEndPoint@11f06986{l=/127.0.0.1:37555,r=/127.0.0.1:51354,OPEN,fill=FI,flush=-,to=0/30000}=>HttpConnection@353b6aac[p=HttpParser{s=START,0 of -1},g=HttpGenerator@40bf7b31{s=START}]=>HttpChannelOverHttp@201aac3d{s=HttpChannelState@4d3bf1b1{s=IDLE rs=BLOCKING os=OPEN is=IDLE awp=false se=false i=true al=0},r=1,c=false/false,a=IDLE,uri=null,age=0}
02:33:25.606 [qtp399373008-59-acceptor-0@4795ded0-ServerConnector@2374d36a{SSL, (ssl, http/1.1)}{localhost:37555}] DEBUG org.eclipse.jetty.io.ManagedSelector - Queued change lazy=false Accept@4437a013[java.nio.channels.SocketChannel[connected local=/127.0.0.1:37555 remote=/127.0.0.1:51366]] on ManagedSelector@47a86fbb{STARTED} id=2 keys=0 selected=0 updates=0
02:33:25.606 [qtp399373008-61] DEBUG org.eclipse.jetty.io.ManagedSelector - Queued change lazy=false org.eclipse.jetty.io.ChannelEndPoint$$Lambda$255/1238156519@1a9137b1 on ManagedSelector@5733f295{STARTED} id=1 keys=1 selected=0 updates=0
02:33:25.606 [qtp399373008-59-acceptor-0@4795ded0-ServerConnector@2374d36a{SSL, (ssl, http/1.1)}{localhost:37555}] DEBUG org.eclipse.jetty.io.ManagedSelector - Wakeup on submit ManagedSelector@47a86fbb{STARTED} id=2 keys=0 selected=0 updates=1
02:33:25.606 [qtp399373008-61] DEBUG org.eclipse.jetty.io.ManagedSelector - Wakeup on submit ManagedSelector@5733f295{STARTED} id=1 keys=1 selected=0 updates=1
02:33:25.607 [qtp399373008-60] DEBUG org.eclipse.jetty.io.ManagedSelector - Selector sun.nio.ch.EPollSelectorImpl@2dfbb6ae woken with none selected
02:33:25.607 [qtp399373008-57] DEBUG org.eclipse.jetty.io.ManagedSelector - Selector sun.nio.ch.EPollSelectorImpl@19de0680 woken with none selected
02:33:25.607 [qtp399373008-61] DEBUG org.eclipse.jetty.server.HttpConnection - HttpConnection@353b6aac::DecryptedEndPoint@11f06986{l=/127.0.0.1:37555,r=/127.0.0.1:51354,OPEN,fill=FI,flush=-,to=0/30000} onFillable exit HttpChannelState@4d3bf1b1{s=IDLE rs=BLOCKING os=OPEN is=IDLE awp=false se=false i=true al=0} null
02:33:25.607 [qtp399373008-60] DEBUG org.eclipse.jetty.io.ManagedSelector - Selector sun.nio.ch.EPollSelectorImpl@2dfbb6ae woken up from select, 0/0/1 selected
02:33:25.607 [qtp399373008-57] DEBUG org.eclipse.jetty.io.ManagedSelector - Selector sun.nio.ch.EPollSelectorImpl@19de0680 woken up from select, 0/0/0 selected
02:33:25.607 [qtp399373008-60] DEBUG org.eclipse.jetty.io.ManagedSelector - Selector sun.nio.ch.EPollSelectorImpl@2dfbb6ae processing 0 keys, 1 updates
02:33:25.607 [qtp399373008-61] DEBUG org.eclipse.jetty.io.ssl.SslConnection - <c.onFillable SslConnection@529194bc::SocketChannelEndPoint@6fe0558a{l=/127.0.0.1:37555,r=/127.0.0.1:51354,OPEN,fill=FI,flush=-,to=0/30000}{io=0/1,kio=0,kro=1}->SslConnection@529194bc{NOT_HANDSHAKING,eio=-1/-1,di=-1,fill=INTERESTED,flush=IDLE}~>DecryptedEndPoint@11f06986{l=/127.0.0.1:37555,r=/127.0.0.1:51354,OPEN,fill=FI,flush=-,to=0/30000}=>HttpConnection@353b6aac[p=HttpParser{s=START,0 of -1},g=HttpGenerator@40bf7b31{s=START}]=>HttpChannelOverHttp@201aac3d{s=HttpChannelState@4d3bf1b1{s=IDLE rs=BLOCKING os=OPEN is=IDLE awp=false se=false i=true al=0},r=1,c=false/false,a=IDLE,uri=null,age=0}
02:33:25.607 [qtp399373008-61] DEBUG org.eclipse.jetty.util.thread.ReservedThreadExecutor - ReservedThread@6cc6bc95{RUNNING,thread=Thread[qtp399373008-61,5,main]} was=RUNNING next=RESERVED size=0+2 capacity=8
02:33:25.607 [qtp399373008-57] DEBUG org.eclipse.jetty.io.ManagedSelector - Selector sun.nio.ch.EPollSelectorImpl@19de0680 processing 0 keys, 1 updates
02:33:25.607 [qtp399373008-61] DEBUG org.eclipse.jetty.util.thread.ReservedThreadExecutor - ReservedThread@6cc6bc95{RESERVED,thread=Thread[qtp399373008-61,5,main]} waiting ReservedThreadExecutor@424fd310{reserved=2/8,pending=0}
02:33:25.607 [qtp399373008-57] DEBUG org.eclipse.jetty.io.ManagedSelector - updateable 1
02:33:25.607 [qtp399373008-60] DEBUG org.eclipse.jetty.io.ManagedSelector - updateable 1
02:33:25.607 [qtp399373008-60] DEBUG org.eclipse.jetty.io.ManagedSelector - update org.eclipse.jetty.io.ChannelEndPoint$$Lambda$255/1238156519@1a9137b1
02:33:25.607 [qtp399373008-57] DEBUG org.eclipse.jetty.io.ManagedSelector - update Accept@4437a013[java.nio.channels.SocketChannel[connected local=/127.0.0.1:37555 remote=/127.0.0.1:51366]]
02:33:25.607 [qtp399373008-57] DEBUG org.eclipse.jetty.util.thread.QueuedThreadPool - queue Accept@4437a013[java.nio.channels.SocketChannel[connected local=/127.0.0.1:37555 remote=/127.0.0.1:51366]] startThread=0
02:33:25.607 [qtp399373008-60] DEBUG org.eclipse.jetty.io.ChannelEndPoint - Key interests updated 0 -> 1 on SocketChannelEndPoint@6fe0558a{l=/127.0.0.1:37555,r=/127.0.0.1:51354,OPEN,fill=FI,flush=-,to=0/30000}{io=1/1,kio=1,kro=1}->SslConnection@529194bc{NOT_HANDSHAKING,eio=-1/-1,di=-1,fill=INTERESTED,flush=IDLE}~>DecryptedEndPoint@11f06986{l=/127.0.0.1:37555,r=/127.0.0.1:51354,OPEN,fill=FI,flush=-,to=1/30000}=>HttpConnection@353b6aac[p=HttpParser{s=START,0 of -1},g=HttpGenerator@40bf7b31{s=START}]=>HttpChannelOverHttp@201aac3d{s=HttpChannelState@4d3bf1b1{s=IDLE rs=BLOCKING os=OPEN is=IDLE awp=false se=false i=true al=0},r=1,c=false/false,a=IDLE,uri=null,age=0}
02:33:25.607 [qtp399373008-56] DEBUG org.eclipse.jetty.util.thread.QueuedThreadPool - run Accept@4437a013[java.nio.channels.SocketChannel[connected local=/127.0.0.1:37555 remote=/127.0.0.1:51366]] in QueuedThreadPool[qtp399373008]@17cdf2d0{STARTED,8<=8<=200,i=0,r=-1,q=0}[ReservedThreadExecutor@424fd310{reserved=2/8,pending=0}]
02:33:25.607 [qtp399373008-57] DEBUG org.eclipse.jetty.io.ManagedSelector - updates 0
02:33:25.607 [qtp399373008-60] DEBUG org.eclipse.jetty.io.ManagedSelector - updates 0
02:33:25.607 [qtp399373008-60] DEBUG org.eclipse.jetty.io.ManagedSelector - Selector sun.nio.ch.EPollSelectorImpl@2dfbb6ae waiting with 1 keys
02:33:25.607 [qtp399373008-56] DEBUG org.eclipse.jetty.io.IdleTimeout - SocketChannelEndPoint@5de071e3{l=/127.0.0.1:37555,r=/127.0.0.1:51366,OPEN,fill=-,flush=-,to=0/30000}{io=0/0,kio=0,kro=0}-><null> idle timeout check, elapsed: 0 ms, remaining: 30000 ms
02:33:25.607 [qtp399373008-57] DEBUG org.eclipse.jetty.io.ManagedSelector - Selector sun.nio.ch.EPollSelectorImpl@19de0680 waiting with 1 keys
02:33:25.608 [qtp399373008-56] DEBUG org.eclipse.jetty.util.ssl.SslContextFactory - Customize sun.security.ssl.SSLEngineImpl@55926fe9
02:33:25.608 [qtp399373008-56] DEBUG org.eclipse.jetty.server.HttpChannel - new HttpChannelOverHttp@ce943da{s=HttpChannelState@568c119b{s=IDLE rs=BLOCKING os=OPEN is=IDLE awp=false se=false i=true al=0},r=0,c=false/false,a=IDLE,uri=null,age=0} -> DecryptedEndPoint@83d1dc0{l=/127.0.0.1:37555,r=/127.0.0.1:51366,OPEN,fill=-,flush=-,to=0/30000},null,HttpChannelState@568c119b{s=IDLE rs=BLOCKING os=OPEN is=IDLE awp=false se=false i=true al=0}
02:33:25.608 [qtp399373008-56] DEBUG org.eclipse.jetty.server.HttpConnection - New HTTP Connection HttpConnection@4e96c609::DecryptedEndPoint@83d1dc0{l=/127.0.0.1:37555,r=/127.0.0.1:51366,OPEN,fill=-,flush=-,to=0/30000}
02:33:25.608 [qtp399373008-56] DEBUG org.eclipse.jetty.io.ManagedSelector - Queued change lazy=true org.eclipse.jetty.io.ManagedSelector$$Lambda$258/1710399120@8a7bb92 on ManagedSelector@47a86fbb{STARTED} id=2 keys=1 selected=0 updates=0
02:33:25.608 [qtp399373008-56] DEBUG org.eclipse.jetty.io.AbstractEndPoint - onOpen SocketChannelEndPoint@5de071e3{l=/127.0.0.1:37555,r=/127.0.0.1:51366,OPEN,fill=-,flush=-,to=0/30000}{io=0/0,kio=0,kro=0}->SslConnection@3e9173d4{NOT_HANDSHAKING,eio=-1/-1,di=-1,fill=IDLE,flush=IDLE}~>DecryptedEndPoint@83d1dc0{l=/127.0.0.1:37555,r=/127.0.0.1:51366,OPEN,fill=-,flush=-,to=0/30000}=>HttpConnection@4e96c609[p=HttpParser{s=START,0 of -1},g=HttpGenerator@5e22badb{s=START}]=>HttpChannelOverHttp@ce943da{s=HttpChannelState@568c119b{s=IDLE rs=BLOCKING os=OPEN is=IDLE awp=false se=false i=true al=0},r=0,c=false/false,a=IDLE,uri=null,age=0}
02:33:25.608 [qtp399373008-56] DEBUG org.eclipse.jetty.io.AbstractConnection - onOpen SslConnection@3e9173d4::SocketChannelEndPoint@5de071e3{l=/127.0.0.1:37555,r=/127.0.0.1:51366,OPEN,fill=-,flush=-,to=0/30000}{io=0/0,kio=0,kro=0}->SslConnection@3e9173d4{NOT_HANDSHAKING,eio=-1/-1,di=-1,fill=IDLE,flush=IDLE}~>DecryptedEndPoint@83d1dc0{l=/127.0.0.1:37555,r=/127.0.0.1:51366,OPEN,fill=-,flush=-,to=0/30000}=>HttpConnection@4e96c609[p=HttpParser{s=START,0 of -1},g=HttpGenerator@5e22badb{s=START}]=>HttpChannelOverHttp@ce943da{s=HttpChannelState@568c119b{s=IDLE rs=BLOCKING os=OPEN is=IDLE awp=false se=false i=true al=0},r=0,c=false/false,a=IDLE,uri=null,age=0}
02:33:25.608 [qtp399373008-56] DEBUG org.eclipse.jetty.io.AbstractConnection - onOpen HttpConnection@4e96c609::DecryptedEndPoint@83d1dc0{l=/127.0.0.1:37555,r=/127.0.0.1:51366,OPEN,fill=-,flush=-,to=0/30000}
02:33:25.608 [qtp399373008-56] DEBUG org.eclipse.jetty.io.AbstractConnection - fillInterested HttpConnection@4e96c609::DecryptedEndPoint@83d1dc0{l=/127.0.0.1:37555,r=/127.0.0.1:51366,OPEN,fill=-,flush=-,to=0/30000}
02:33:25.608 [qtp399373008-56] DEBUG org.eclipse.jetty.io.FillInterest - interested FillInterest@26fc9998{AC.ReadCB@4e96c609{HttpConnection@4e96c609::DecryptedEndPoint@83d1dc0{l=/127.0.0.1:37555,r=/127.0.0.1:51366,OPEN,fill=FI,flush=-,to=0/30000}}}
02:33:25.608 [qtp399373008-56] DEBUG org.eclipse.jetty.io.ssl.SslConnection - >needFillInterest s=IDLE/IDLE uf=false ei=null di=null SslConnection@3e9173d4::SocketChannelEndPoint@5de071e3{l=/127.0.0.1:37555,r=/127.0.0.1:51366,OPEN,fill=-,flush=-,to=0/30000}{io=0/0,kio=0,kro=0}->SslConnection@3e9173d4{NOT_HANDSHAKING,eio=-1/-1,di=-1,fill=IDLE,flush=IDLE}~>DecryptedEndPoint@83d1dc0{l=/127.0.0.1:37555,r=/127.0.0.1:51366,OPEN,fill=FI,flush=-,to=0/30000}=>HttpConnection@4e96c609[p=HttpParser{s=START,0 of -1},g=HttpGenerator@5e22badb{s=START}]=>HttpChannelOverHttp@ce943da{s=HttpChannelState@568c119b{s=IDLE rs=BLOCKING os=OPEN is=IDLE awp=false se=false i=true al=0},r=0,c=false/false,a=IDLE,uri=null,age=0}
02:33:25.608 [qtp399373008-56] DEBUG org.eclipse.jetty.io.ssl.SslConnection - <needFillInterest s=IDLE/INTERESTED f=false i=true w=null
02:33:25.608 [qtp399373008-56] DEBUG org.eclipse.jetty.io.ssl.SslConnection - ensureFillInterested SslConnection@3e9173d4::SocketChannelEndPoint@5de071e3{l=/127.0.0.1:37555,r=/127.0.0.1:51366,OPEN,fill=-,flush=-,to=0/30000}{io=0/0,kio=0,kro=0}->SslConnection@3e9173d4{NOT_HANDSHAKING,eio=-1/-1,di=-1,fill=INTERESTED,flush=IDLE}~>DecryptedEndPoint@83d1dc0{l=/127.0.0.1:37555,r=/127.0.0.1:51366,OPEN,fill=FI,flush=-,to=0/30000}=>HttpConnection@4e96c609[p=HttpParser{s=START,0 of -1},g=HttpGenerator@5e22badb{s=START}]=>HttpChannelOverHttp@ce943da{s=HttpChannelState@568c119b{s=IDLE rs=BLOCKING os=OPEN is=IDLE awp=false se=false i=true al=0},r=0,c=false/false,a=IDLE,uri=null,age=0}
02:33:25.608 [qtp399373008-56] DEBUG org.eclipse.jetty.io.FillInterest - interested FillInterest@13b2cdfe{SSLC.NBReadCB@3e9173d4{SslConnection@3e9173d4::SocketChannelEndPoint@5de071e3{l=/127.0.0.1:37555,r=/127.0.0.1:51366,OPEN,fill=FI,flush=-,to=0/30000}{io=0/0,kio=0,kro=0}->SslConnection@3e9173d4{NOT_HANDSHAKING,eio=-1/-1,di=-1,fill=INTERESTED,flush=IDLE}~>DecryptedEndPoint@83d1dc0{l=/127.0.0.1:37555,r=/127.0.0.1:51366,OPEN,fill=FI,flush=-,to=0/30000}=>HttpConnection@4e96c609[p=HttpParser{s=START,0 of -1},g=HttpGenerator@5e22badb{s=START}]=>HttpChannelOverHttp@ce943da{s=HttpChannelState@568c119b{s=IDLE rs=BLOCKING os=OPEN is=IDLE awp=false se=false i=true al=0},r=0,c=false/false,a=IDLE,uri=null,age=0}}}
02:33:25.609 [qtp399373008-56] DEBUG org.eclipse.jetty.io.ChannelEndPoint - changeInterests p=false 0->1 for SocketChannelEndPoint@5de071e3{l=/127.0.0.1:37555,r=/127.0.0.1:51366,OPEN,fill=FI,flush=-,to=0/30000}{io=0/1,kio=0,kro=0}->SslConnection@3e9173d4{NOT_HANDSHAKING,eio=-1/-1,di=-1,fill=INTERESTED,flush=IDLE}~>DecryptedEndPoint@83d1dc0{l=/127.0.0.1:37555,r=/127.0.0.1:51366,OPEN,fill=FI,flush=-,to=0/30000}=>HttpConnection@4e96c609[p=HttpParser{s=START,0 of -1},g=HttpGenerator@5e22badb{s=START}]=>HttpChannelOverHttp@ce943da{s=HttpChannelState@568c119b{s=IDLE rs=BLOCKING os=OPEN is=IDLE awp=false se=false i=true al=0},r=0,c=false/false,a=IDLE,uri=null,age=0}
02:33:25.609 [qtp399373008-56] DEBUG org.eclipse.jetty.io.ManagedSelector - Queued change lazy=false org.eclipse.jetty.io.ChannelEndPoint$$Lambda$255/1238156519@2608138f on ManagedSelector@47a86fbb{STARTED} id=2 keys=1 selected=0 updates=1
02:33:25.609 [qtp399373008-56] DEBUG org.eclipse.jetty.io.ManagedSelector - Wakeup on submit ManagedSelector@47a86fbb{STARTED} id=2 keys=1 selected=0 updates=2
02:33:25.609 [qtp399373008-57] DEBUG org.eclipse.jetty.io.ManagedSelector - Selector sun.nio.ch.EPollSelectorImpl@19de0680 woken with none selected
02:33:25.609 [qtp399373008-57] DEBUG org.eclipse.jetty.io.ManagedSelector - Selector sun.nio.ch.EPollSelectorImpl@19de0680 woken up from select, 0/0/1 selected
02:33:25.609 [qtp399373008-57] DEBUG org.eclipse.jetty.io.ManagedSelector - Selector sun.nio.ch.EPollSelectorImpl@19de0680 processing 0 keys, 2 updates
02:33:25.609 [qtp399373008-57] DEBUG org.eclipse.jetty.io.ManagedSelector - updateable 2
02:33:25.609 [qtp399373008-57] DEBUG org.eclipse.jetty.io.ManagedSelector - update org.eclipse.jetty.io.ManagedSelector$$Lambda$258/1710399120@8a7bb92
02:33:25.609 [qtp399373008-56] DEBUG org.eclipse.jetty.io.ManagedSelector - Created SocketChannelEndPoint@5de071e3{l=/127.0.0.1:37555,r=/127.0.0.1:51366,OPEN,fill=FI,flush=-,to=0/30000}{io=0/1,kio=0,kro=0}->SslConnection@3e9173d4{NOT_HANDSHAKING,eio=-1/-1,di=-1,fill=INTERESTED,flush=IDLE}~>DecryptedEndPoint@83d1dc0{l=/127.0.0.1:37555,r=/127.0.0.1:51366,OPEN,fill=FI,flush=-,to=0/30000}=>HttpConnection@4e96c609[p=HttpParser{s=START,0 of -1},g=HttpGenerator@5e22badb{s=START}]=>HttpChannelOverHttp@ce943da{s=HttpChannelState@568c119b{s=IDLE rs=BLOCKING os=OPEN is=IDLE awp=false se=false i=true al=0},r=0,c=false/false,a=IDLE,uri=null,age=0}
02:33:25.609 [qtp399373008-57] DEBUG org.eclipse.jetty.io.ManagedSelector - update org.eclipse.jetty.io.ChannelEndPoint$$Lambda$255/1238156519@2608138f
02:33:25.609 [qtp399373008-56] DEBUG org.eclipse.jetty.util.thread.QueuedThreadPool - ran Accept@4437a013[java.nio.channels.SocketChannel[connected local=/127.0.0.1:37555 remote=/127.0.0.1:51366]] in QueuedThreadPool[qtp399373008]@17cdf2d0{STARTED,8<=8<=200,i=0,r=-1,q=0}[ReservedThreadExecutor@424fd310{reserved=2/8,pending=0}]
02:33:25.609 [qtp399373008-57] DEBUG org.eclipse.jetty.io.ChannelEndPoint - Key interests updated 0 -> 1 on SocketChannelEndPoint@5de071e3{l=/127.0.0.1:37555,r=/127.0.0.1:51366,OPEN,fill=FI,flush=-,to=0/30000}{io=1/1,kio=1,kro=0}->SslConnection@3e9173d4{NOT_HANDSHAKING,eio=-1/-1,di=-1,fill=INTERESTED,flush=IDLE}~>DecryptedEndPoint@83d1dc0{l=/127.0.0.1:37555,r=/127.0.0.1:51366,OPEN,fill=FI,flush=-,to=0/30000}=>HttpConnection@4e96c609[p=HttpParser{s=START,0 of -1},g=HttpGenerator@5e22badb{s=START}]=>HttpChannelOverHttp@ce943da{s=HttpChannelState@568c119b{s=IDLE rs=BLOCKING os=OPEN is=IDLE awp=false se=false i=true al=0},r=0,c=false/false,a=IDLE,uri=null,age=0}
02:33:25.609 [qtp399373008-57] DEBUG org.eclipse.jetty.io.ManagedSelector - updates 0
02:33:25.609 [qtp399373008-57] DEBUG org.eclipse.jetty.io.ManagedSelector - Selector sun.nio.ch.EPollSelectorImpl@19de0680 waiting with 1 keys
02:33:25.609 [qtp399373008-57] DEBUG org.eclipse.jetty.io.ManagedSelector - Selector sun.nio.ch.EPollSelectorImpl@19de0680 woken up from select, 1/1/1 selected
02:33:25.609 [qtp399373008-57] DEBUG org.eclipse.jetty.io.ManagedSelector - Selector sun.nio.ch.EPollSelectorImpl@19de0680 processing 1 keys, 0 updates
02:33:25.609 [qtp399373008-57] DEBUG org.eclipse.jetty.io.ManagedSelector - selected 1 sun.nio.ch.SelectionKeyImpl@1719ebcb SocketChannelEndPoint@5de071e3{l=/127.0.0.1:37555,r=/127.0.0.1:51366,OPEN,fill=FI,flush=-,to=0/30000}{io=1/1,kio=1,kro=1}->SslConnection@3e9173d4{NOT_HANDSHAKING,eio=-1/-1,di=-1,fill=INTERESTED,flush=IDLE}~>DecryptedEndPoint@83d1dc0{l=/127.0.0.1:37555,r=/127.0.0.1:51366,OPEN,fill=FI,flush=-,to=0/30000}=>HttpConnection@4e96c609[p=HttpParser{s=START,0 of -1},g=HttpGenerator@5e22badb{s=START}]=>HttpChannelOverHttp@ce943da{s=HttpChannelState@568c119b{s=IDLE rs=BLOCKING os=OPEN is=IDLE awp=false se=false i=true al=0},r=0,c=false/false,a=IDLE,uri=null,age=0} 
02:33:25.609 [qtp399373008-57] DEBUG org.eclipse.jetty.io.ChannelEndPoint - onSelected 1->0 r=true w=false for SocketChannelEndPoint@5de071e3{l=/127.0.0.1:37555,r=/127.0.0.1:51366,OPEN,fill=FI,flush=-,to=0/30000}{io=1/0,kio=1,kro=1}->SslConnection@3e9173d4{NOT_HANDSHAKING,eio=-1/-1,di=-1,fill=INTERESTED,flush=IDLE}~>DecryptedEndPoint@83d1dc0{l=/127.0.0.1:37555,r=/127.0.0.1:51366,OPEN,fill=FI,flush=-,to=0/30000}=>HttpConnection@4e96c609[p=HttpParser{s=START,0 of -1},g=HttpGenerator@5e22badb{s=START}]=>HttpChannelOverHttp@ce943da{s=HttpChannelState@568c119b{s=IDLE rs=BLOCKING os=OPEN is=IDLE awp=false se=false i=true al=0},r=0,c=false/false,a=IDLE,uri=null,age=0}
02:33:25.609 [qtp399373008-57] DEBUG org.eclipse.jetty.io.ChannelEndPoint - task CEP:SocketChannelEndPoint@5de071e3{l=/127.0.0.1:37555,r=/127.0.0.1:51366,OPEN,fill=FI,flush=-,to=0/30000}{io=1/0,kio=1,kro=1}->SslConnection@3e9173d4{NOT_HANDSHAKING,eio=-1/-1,di=-1,fill=INTERESTED,flush=IDLE}~>DecryptedEndPoint@83d1dc0{l=/127.0.0.1:37555,r=/127.0.0.1:51366,OPEN,fill=FI,flush=-,to=1/30000}=>HttpConnection@4e96c609[p=HttpParser{s=START,0 of -1},g=HttpGenerator@5e22badb{s=START}]=>HttpChannelOverHttp@ce943da{s=HttpChannelState@568c119b{s=IDLE rs=BLOCKING os=OPEN is=IDLE awp=false se=false i=true al=0},r=0,c=false/false,a=IDLE,uri=null,age=0}:runFillable:BLOCKING
02:33:25.609 [qtp399373008-57] DEBUG org.eclipse.jetty.util.thread.ReservedThreadExecutor - ReservedThreadExecutor@424fd310{reserved=2/8,pending=0} tryExecute EatWhatYouKill@1c3146bc/SelectorProducer@56c698e3/PRODUCING/p=false/QueuedThreadPool[qtp399373008]@17cdf2d0{STARTED,8<=8<=200,i=1,r=-1,q=0}[ReservedThreadExecutor@424fd310{reserved=2/8,pending=0}][pc=0,pic=0,pec=0,epc=0]@2024-05-02T02:33:25.609+01:00
02:33:25.610 [qtp399373008-57] DEBUG org.eclipse.jetty.util.thread.strategy.EatWhatYouKill - EatWhatYouKill@1c3146bc/SelectorProducer@56c698e3/IDLE/p=true/QueuedThreadPool[qtp399373008]@17cdf2d0{STARTED,8<=8<=200,i=1,r=-1,q=0}[ReservedThreadExecutor@424fd310{reserved=1/8,pending=0}][pc=0,pic=0,pec=0,epc=0]@2024-05-02T02:33:25.609+01:00 m=EXECUTE_PRODUCE_CONSUME t=CEP:SocketChannelEndPoint@5de071e3{l=/127.0.0.1:37555,r=/127.0.0.1:51366,OPEN,fill=FI,flush=-,to=1/30000}{io=1/0,kio=1,kro=1}->SslConnection@3e9173d4{NOT_HANDSHAKING,eio=-1/-1,di=-1,fill=INTERESTED,flush=IDLE}~>DecryptedEndPoint@83d1dc0{l=/127.0.0.1:37555,r=/127.0.0.1:51366,OPEN,fill=FI,flush=-,to=1/30000}=>HttpConnection@4e96c609[p=HttpParser{s=START,0 of -1},g=HttpGenerator@5e22badb{s=START}]=>HttpChannelOverHttp@ce943da{s=HttpChannelState@568c119b{s=IDLE rs=BLOCKING os=OPEN is=IDLE awp=false se=false i=true al=0},r=0,c=false/false,a=IDLE,uri=null,age=0}:runFillable:BLOCKING/BLOCKING
02:33:25.610 [qtp399373008-61] DEBUG org.eclipse.jetty.util.thread.ReservedThreadExecutor - ReservedThread@6cc6bc95{RESERVED,thread=Thread[qtp399373008-61,5,main]} task=EatWhatYouKill@1c3146bc/SelectorProducer@56c698e3/IDLE/p=true/QueuedThreadPool[qtp399373008]@17cdf2d0{STARTED,8<=8<=200,i=1,r=-1,q=0}[ReservedThreadExecutor@424fd310{reserved=1/8,pending=0}][pc=0,pic=0,pec=0,epc=0]@2024-05-02T02:33:25.61+01:00 ReservedThreadExecutor@424fd310{reserved=1/8,pending=0}
02:33:25.610 [qtp399373008-61] DEBUG org.eclipse.jetty.util.thread.strategy.EatWhatYouKill - EatWhatYouKill@1c3146bc/SelectorProducer@56c698e3/IDLE/p=true/QueuedThreadPool[qtp399373008]@17cdf2d0{STARTED,8<=8<=200,i=1,r=-1,q=0}[ReservedThreadExecutor@424fd310{reserved=1/8,pending=0}][pc=0,pic=0,pec=0,epc=1]@2024-05-02T02:33:25.61+01:00 tryProduce true
02:33:25.610 [qtp399373008-57] DEBUG org.eclipse.jetty.io.FillInterest - fillable FillInterest@13b2cdfe{SSLC.NBReadCB@3e9173d4{SslConnection@3e9173d4::SocketChannelEndPoint@5de071e3{l=/127.0.0.1:37555,r=/127.0.0.1:51366,OPEN,fill=FI,flush=-,to=1/30000}{io=1/0,kio=1,kro=1}->SslConnection@3e9173d4{NOT_HANDSHAKING,eio=-1/-1,di=-1,fill=INTERESTED,flush=IDLE}~>DecryptedEndPoint@83d1dc0{l=/127.0.0.1:37555,r=/127.0.0.1:51366,OPEN,fill=FI,flush=-,to=1/30000}=>HttpConnection@4e96c609[p=HttpParser{s=START,0 of -1},g=HttpGenerator@5e22badb{s=START}]=>HttpChannelOverHttp@ce943da{s=HttpChannelState@568c119b{s=IDLE rs=BLOCKING os=OPEN is=IDLE awp=false se=false i=true al=0},r=0,c=false/false,a=IDLE,uri=null,age=0}}}
02:33:25.610 [qtp399373008-61] DEBUG org.eclipse.jetty.io.ManagedSelector - updateable 0
02:33:25.610 [qtp399373008-61] DEBUG org.eclipse.jetty.io.ManagedSelector - updates 0
02:33:25.610 [qtp399373008-57] DEBUG org.eclipse.jetty.io.ssl.SslConnection - >c.onFillable SslConnection@3e9173d4::SocketChannelEndPoint@5de071e3{l=/127.0.0.1:37555,r=/127.0.0.1:51366,OPEN,fill=-,flush=-,to=1/30000}{io=1/0,kio=1,kro=1}->SslConnection@3e9173d4{NOT_HANDSHAKING,eio=-1/-1,di=-1,fill=INTERESTED,flush=IDLE}~>DecryptedEndPoint@83d1dc0{l=/127.0.0.1:37555,r=/127.0.0.1:51366,OPEN,fill=FI,flush=-,to=1/30000}=>HttpConnection@4e96c609[p=HttpParser{s=START,0 of -1},g=HttpGenerator@5e22badb{s=START}]=>HttpChannelOverHttp@ce943da{s=HttpChannelState@568c119b{s=IDLE rs=BLOCKING os=OPEN is=IDLE awp=false se=false i=true al=0},r=0,c=false/false,a=IDLE,uri=null,age=0}
02:33:25.610 [qtp399373008-61] DEBUG org.eclipse.jetty.io.ChannelEndPoint - Key interests updated 1 -> 0 on SocketChannelEndPoint@5de071e3{l=/127.0.0.1:37555,r=/127.0.0.1:51366,OPEN,fill=-,flush=-,to=1/30000}{io=0/0,kio=0,kro=1}->SslConnection@3e9173d4{NOT_HANDSHAKING,eio=-1/-1,di=-1,fill=INTERESTED,flush=IDLE}~>DecryptedEndPoint@83d1dc0{l=/127.0.0.1:37555,r=/127.0.0.1:51366,OPEN,fill=FI,flush=-,to=1/30000}=>HttpConnection@4e96c609[p=HttpParser{s=START,0 of -1},g=HttpGenerator@5e22badb{s=START}]=>HttpChannelOverHttp@ce943da{s=HttpChannelState@568c119b{s=IDLE rs=BLOCKING os=OPEN is=IDLE awp=false se=false i=true al=0},r=0,c=false/false,a=IDLE,uri=null,age=0}
02:33:25.610 [qtp399373008-61] DEBUG org.eclipse.jetty.io.ManagedSelector - Selector sun.nio.ch.EPollSelectorImpl@19de0680 waiting with 1 keys
02:33:25.610 [qtp399373008-57] DEBUG org.eclipse.jetty.io.ssl.SslConnection - onFillable SslConnection@3e9173d4::SocketChannelEndPoint@5de071e3{l=/127.0.0.1:37555,r=/127.0.0.1:51366,OPEN,fill=-,flush=-,to=1/30000}{io=0/0,kio=0,kro=1}->SslConnection@3e9173d4{NOT_HANDSHAKING,eio=-1/-1,di=-1,fill=INTERESTED,flush=IDLE}~>DecryptedEndPoint@83d1dc0{l=/127.0.0.1:37555,r=/127.0.0.1:51366,OPEN,fill=FI,flush=-,to=1/30000}=>HttpConnection@4e96c609[p=HttpParser{s=START,0 of -1},g=HttpGenerator@5e22badb{s=START}]=>HttpChannelOverHttp@ce943da{s=HttpChannelState@568c119b{s=IDLE rs=BLOCKING os=OPEN is=IDLE awp=false se=false i=true al=0},r=0,c=false/false,a=IDLE,uri=null,age=0}
02:33:25.610 [qtp399373008-57] DEBUG org.eclipse.jetty.io.FillInterest - fillable FillInterest@26fc9998{AC.ReadCB@4e96c609{HttpConnection@4e96c609::DecryptedEndPoint@83d1dc0{l=/127.0.0.1:37555,r=/127.0.0.1:51366,OPEN,fill=FI,flush=-,to=2/30000}}}
02:33:25.610 [qtp399373008-57] DEBUG org.eclipse.jetty.server.HttpConnection - HttpConnection@4e96c609::DecryptedEndPoint@83d1dc0{l=/127.0.0.1:37555,r=/127.0.0.1:51366,OPEN,fill=-,flush=-,to=2/30000} onFillable enter HttpChannelState@568c119b{s=IDLE rs=BLOCKING os=OPEN is=IDLE awp=false se=false i=true al=0} null
02:33:25.614 [qtp399373008-57] DEBUG org.eclipse.jetty.io.ssl.SslConnection - >fill SslConnection@3e9173d4::SocketChannelEndPoint@5de071e3{l=/127.0.0.1:37555,r=/127.0.0.1:51366,OPEN,fill=-,flush=-,to=5/30000}{io=0/0,kio=0,kro=1}->SslConnection@3e9173d4{NOT_HANDSHAKING,eio=-1/-1,di=-1,fill=IDLE,flush=IDLE}~>DecryptedEndPoint@83d1dc0{l=/127.0.0.1:37555,r=/127.0.0.1:51366,OPEN,fill=-,flush=-,to=5/30000}=>HttpConnection@4e96c609[p=HttpParser{s=START,0 of -1},g=HttpGenerator@5e22badb{s=START}]=>HttpChannelOverHttp@ce943da{s=HttpChannelState@568c119b{s=IDLE rs=BLOCKING os=OPEN is=IDLE awp=false se=false i=true al=0},r=0,c=false/false,a=IDLE,uri=null,age=0}
02:33:25.614 [qtp399373008-57] DEBUG org.eclipse.jetty.io.ssl.SslConnection - fill NOT_HANDSHAKING
02:33:25.614 [qtp399373008-57] DEBUG org.eclipse.jetty.io.ChannelEndPoint - filled 339 HeapByteBuffer@d26bd[p=0,l=339,c=17408,r=339]={<<<\x16\x03\x03\x01N\x01\x00\x01J\x03\x03\xFe\x9e[3\x06C\x1c\xFb\xA8\x06qv\xAf\xAc...\x03i\n\x89\xBf=+K\x83\xF2<\x86\x19_\x95\x98\xBa\xF1\xFf\x01\x00\x01\x00>>>\xF9\xFb}{\xC0\xFag\xC6G...\x00\x00\x00\x00\x00\x00\x00}
02:33:25.615 [qtp399373008-57] DEBUG org.eclipse.jetty.io.ssl.SslConnection - net filled=339
02:33:25.615 [qtp399373008-57] DEBUG org.eclipse.jetty.io.ssl.SslConnection - fill starting handshake SslConnection@3e9173d4::SocketChannelEndPoint@5de071e3{l=/127.0.0.1:37555,r=/127.0.0.1:51366,OPEN,fill=-,flush=-,to=0/30000}{io=0/0,kio=0,kro=1}->SslConnection@3e9173d4{NOT_HANDSHAKING,eio=339/-1,di=-1,fill=IDLE,flush=IDLE}~>DecryptedEndPoint@83d1dc0{l=/127.0.0.1:37555,r=/127.0.0.1:51366,OPEN,fill=-,flush=-,to=6/30000}=>HttpConnection@4e96c609[p=HttpParser{s=START,0 of -1},g=HttpGenerator@5e22badb{s=START}]=>HttpChannelOverHttp@ce943da{s=HttpChannelState@568c119b{s=IDLE rs=BLOCKING os=OPEN is=IDLE awp=false se=false i=true al=0},r=0,c=false/false,a=IDLE,uri=null,age=0}
02:33:25.615 [qtp399373008-57] DEBUG org.eclipse.jetty.io.ssl.SslConnection - unwrap net_filled=339 Status = OK HandshakeStatus = NEED_TASK bytesConsumed = 339 bytesProduced = 0 encryptedBuffer=[p=339,l=339,c=17408,r=0] unwrapBuffer=HeapByteBuffer@ecac914[p=0,l=0,c=17408,r=0]={<<<>>>\x17\x03\x03\x00\xC9\x1dF\x8a\x7f...\x00\x00\x00\x00\x00\x00\x00} appBuffer=HeapByteBuffer@ecac914[p=0,l=0,c=17408,r=0]={<<<>>>\x17\x03\x03\x00\xC9\x1dF\x8a\x7f...\x00\x00\x00\x00\x00\x00\x00}
02:33:25.616 [qtp399373008-57] DEBUG org.eclipse.jetty.io.ssl.SslConnection - fill NEED_TASK
02:33:25.623 [qtp399373008-57] DEBUG org.eclipse.jetty.io.ssl.SslConnection - fill NEED_WRAP
02:33:25.623 [qtp399373008-57] DEBUG org.eclipse.jetty.io.ssl.SslConnection - >flush SslConnection@3e9173d4::SocketChannelEndPoint@5de071e3{l=/127.0.0.1:37555,r=/127.0.0.1:51366,OPEN,fill=-,flush=-,to=8/30000}{io=0/0,kio=0,kro=1}->SslConnection@3e9173d4{NEED_WRAP,eio=0/-1,di=-1,fill=IDLE,flush=IDLE}~>DecryptedEndPoint@83d1dc0{l=/127.0.0.1:37555,r=/127.0.0.1:51366,OPEN,fill=-,flush=-,to=14/30000}=>HttpConnection@4e96c609[p=HttpParser{s=START,0 of -1},g=HttpGenerator@5e22badb{s=START}]=>HttpChannelOverHttp@ce943da{s=HttpChannelState@568c119b{s=IDLE rs=BLOCKING os=OPEN is=IDLE awp=false se=false i=true al=0},r=0,c=false/false,a=IDLE,uri=null,age=0}
02:33:25.623 [qtp399373008-57] DEBUG org.eclipse.jetty.io.ssl.SslConnection - flush b[0]=HeapByteBuffer@98da274[p=0,l=0,c=0,r=0]={<<<>>>}
02:33:25.623 [qtp399373008-57] DEBUG org.eclipse.jetty.io.ssl.SslConnection - flush NEED_WRAP
02:33:25.623 [qtp399373008-57] DEBUG org.eclipse.jetty.io.ssl.SslConnection - wrap Status = OK HandshakeStatus = NEED_WRAP bytesConsumed = 0 bytesProduced = 160 [p=0,l=160,c=17408,r=160] ioDone=false/false
02:33:25.623 [qtp399373008-57] DEBUG org.eclipse.jetty.io.ChannelEndPoint - flushed 160 SocketChannelEndPoint@5de071e3{l=/127.0.0.1:37555,r=/127.0.0.1:51366,OPEN,fill=-,flush=-,to=9/30000}{io=0/0,kio=0,kro=1}->SslConnection@3e9173d4{NEED_WRAP,eio=0/0,di=-1,fill=IDLE,flush=IDLE}~>DecryptedEndPoint@83d1dc0{l=/127.0.0.1:37555,r=/127.0.0.1:51366,OPEN,fill=-,flush=-,to=15/30000}=>HttpConnection@4e96c609[p=HttpParser{s=START,0 of -1},g=HttpGenerator@5e22badb{s=START}]=>HttpChannelOverHttp@ce943da{s=HttpChannelState@568c119b{s=IDLE rs=BLOCKING os=OPEN is=IDLE awp=false se=false i=true al=0},r=0,c=false/false,a=IDLE,uri=null,age=0}
02:33:25.623 [qtp399373008-57] DEBUG org.eclipse.jetty.io.ssl.SslConnection - net flushed=true, ac=true
02:33:25.623 [qtp399373008-57] DEBUG org.eclipse.jetty.io.ssl.SslConnection - flush NEED_WRAP
02:33:25.623 [qtp399373008-57] DEBUG org.eclipse.jetty.io.ssl.SslConnection - wrap Status = OK HandshakeStatus = NEED_WRAP bytesConsumed = 0 bytesProduced = 6 [p=0,l=6,c=17408,r=6] ioDone=false/false
02:33:25.623 [qtp399373008-57] DEBUG org.eclipse.jetty.io.ChannelEndPoint - flushed 6 SocketChannelEndPoint@5de071e3{l=/127.0.0.1:37555,r=/127.0.0.1:51366,OPEN,fill=-,flush=-,to=0/30000}{io=0/0,kio=0,kro=1}->SslConnection@3e9173d4{NEED_WRAP,eio=0/0,di=-1,fill=IDLE,flush=IDLE}~>DecryptedEndPoint@83d1dc0{l=/127.0.0.1:37555,r=/127.0.0.1:51366,OPEN,fill=-,flush=-,to=15/30000}=>HttpConnection@4e96c609[p=HttpParser{s=START,0 of -1},g=HttpGenerator@5e22badb{s=START}]=>HttpChannelOverHttp@ce943da{s=HttpChannelState@568c119b{s=IDLE rs=BLOCKING os=OPEN is=IDLE awp=false se=false i=true al=0},r=0,c=false/false,a=IDLE,uri=null,age=0}
02:33:25.623 [qtp399373008-57] DEBUG org.eclipse.jetty.io.ssl.SslConnection - net flushed=true, ac=true
02:33:25.624 [qtp399373008-57] DEBUG org.eclipse.jetty.io.ssl.SslConnection - flush NEED_WRAP
02:33:25.624 [qtp399373008-57] DEBUG org.eclipse.jetty.io.ssl.SslConnection - wrap Status = OK HandshakeStatus = NEED_UNWRAP bytesConsumed = 0 bytesProduced = 1597 [p=0,l=1597,c=17408,r=1597] ioDone=false/false
02:33:25.624 [qtp399373008-57] DEBUG org.eclipse.jetty.io.ChannelEndPoint - flushed 1597 SocketChannelEndPoint@5de071e3{l=/127.0.0.1:37555,r=/127.0.0.1:51366,OPEN,fill=-,flush=-,to=0/30000}{io=0/0,kio=0,kro=1}->SslConnection@3e9173d4{NEED_UNWRAP,eio=0/0,di=-1,fill=IDLE,flush=IDLE}~>DecryptedEndPoint@83d1dc0{l=/127.0.0.1:37555,r=/127.0.0.1:51366,OPEN,fill=-,flush=-,to=16/30000}=>HttpConnection@4e96c609[p=HttpParser{s=START,0 of -1},g=HttpGenerator@5e22badb{s=START}]=>HttpChannelOverHttp@ce943da{s=HttpChannelState@568c119b{s=IDLE rs=BLOCKING os=OPEN is=IDLE awp=false se=false i=true al=0},r=0,c=false/false,a=IDLE,uri=null,age=0}
02:33:25.624 [qtp399373008-57] DEBUG org.eclipse.jetty.io.ssl.SslConnection - net flushed=true, ac=true
02:33:25.624 [qtp399373008-57] DEBUG org.eclipse.jetty.io.ssl.SslConnection - <flush true SslConnection@3e9173d4::SocketChannelEndPoint@5de071e3{l=/127.0.0.1:37555,r=/127.0.0.1:51366,OPEN,fill=-,flush=-,to=0/30000}{io=0/0,kio=0,kro=1}->SslConnection@3e9173d4{NEED_UNWRAP,eio=0/-1,di=-1,fill=IDLE,flush=IDLE}~>DecryptedEndPoint@83d1dc0{l=/127.0.0.1:37555,r=/127.0.0.1:51366,OPEN,fill=-,flush=-,to=16/30000}=>HttpConnection@4e96c609[p=HttpParser{s=START,0 of -1},g=HttpGenerator@5e22badb{s=START}]=>HttpChannelOverHttp@ce943da{s=HttpChannelState@568c119b{s=IDLE rs=BLOCKING os=OPEN is=IDLE awp=false se=false i=true al=0},r=0,c=false/false,a=IDLE,uri=null,age=0}
02:33:25.624 [qtp399373008-57] DEBUG org.eclipse.jetty.io.ssl.SslConnection - fill NEED_UNWRAP
02:33:25.624 [qtp399373008-57] DEBUG org.eclipse.jetty.io.ChannelEndPoint - filled 0 HeapByteBuffer@d26bd[p=0,l=0,c=17408,r=0]={<<<>>>\x16\x03\x03\x01N\x01\x00\x01J...\x00\x00\x00\x00\x00\x00\x00}
02:33:25.624 [qtp399373008-57] DEBUG org.eclipse.jetty.io.ssl.SslConnection - net filled=0
02:33:25.625 [qtp399373008-57] DEBUG org.eclipse.jetty.io.ssl.SslConnection - unwrap net_filled=0 Status = BUFFER_UNDERFLOW HandshakeStatus = NEED_UNWRAP bytesConsumed = 0 bytesProduced = 0 encryptedBuffer=[p=0,l=0,c=17408,r=0] unwrapBuffer=HeapByteBuffer@ecac914[p=0,l=0,c=17408,r=0]={<<<>>>\x17\x03\x03\x00\xC9\x1dF\x8a\x7f...\x00\x00\x00\x00\x00\x00\x00} appBuffer=HeapByteBuffer@ecac914[p=0,l=0,c=17408,r=0]={<<<>>>\x17\x03\x03\x00\xC9\x1dF\x8a\x7f...\x00\x00\x00\x00\x00\x00\x00}
02:33:25.625 [qtp399373008-57] DEBUG org.eclipse.jetty.io.ssl.SslConnection - <fill f=0 uf=true SslConnection@3e9173d4::SocketChannelEndPoint@5de071e3{l=/127.0.0.1:37555,r=/127.0.0.1:51366,OPEN,fill=-,flush=-,to=0/30000}{io=0/0,kio=0,kro=1}->SslConnection@3e9173d4{NEED_UNWRAP,eio=-1/-1,di=-1,fill=IDLE,flush=IDLE}~>DecryptedEndPoint@83d1dc0{l=/127.0.0.1:37555,r=/127.0.0.1:51366,OPEN,fill=-,flush=-,to=16/30000}=>HttpConnection@4e96c609[p=HttpParser{s=START,0 of -1},g=HttpGenerator@5e22badb{s=START}]=>HttpChannelOverHttp@ce943da{s=HttpChannelState@568c119b{s=IDLE rs=BLOCKING os=OPEN is=IDLE awp=false se=false i=true al=0},r=0,c=false/false,a=IDLE,uri=null,age=0}
02:33:25.625 [qtp399373008-57] DEBUG org.eclipse.jetty.io.ssl.SslConnection - >fill SslConnection@3e9173d4::SocketChannelEndPoint@5de071e3{l=/127.0.0.1:37555,r=/127.0.0.1:51366,OPEN,fill=-,flush=-,to=0/30000}{io=0/0,kio=0,kro=1}->SslConnection@3e9173d4{NEED_UNWRAP,eio=-1/-1,di=-1,fill=IDLE,flush=IDLE}~>DecryptedEndPoint@83d1dc0{l=/127.0.0.1:37555,r=/127.0.0.1:51366,OPEN,fill=-,flush=-,to=16/30000}=>HttpConnection@4e96c609[p=HttpParser{s=START,0 of -1},g=HttpGenerator@5e22badb{s=START}]=>HttpChannelOverHttp@ce943da{s=HttpChannelState@568c119b{s=IDLE rs=BLOCKING os=OPEN is=IDLE awp=false se=false i=true al=0},r=0,c=false/false,a=IDLE,uri=null,age=0}
02:33:25.625 [qtp399373008-57] DEBUG org.eclipse.jetty.io.ssl.SslConnection - fill NEED_UNWRAP
02:33:25.625 [qtp399373008-57] DEBUG org.eclipse.jetty.io.ChannelEndPoint - filled 0 HeapByteBuffer@196acfdd[p=0,l=0,c=17408,r=0]={<<<>>>\x17\x03\x03\x068\xA0\x84\xB0D...\x00\x00\x00\x00\x00\x00\x00}
02:33:25.625 [qtp399373008-57] DEBUG org.eclipse.jetty.io.ssl.SslConnection - net filled=0
02:33:25.625 [qtp399373008-57] DEBUG org.eclipse.jetty.io.ssl.SslConnection - unwrap net_filled=0 Status = BUFFER_UNDERFLOW HandshakeStatus = NEED_UNWRAP bytesConsumed = 0 bytesProduced = 0 encryptedBuffer=[p=0,l=0,c=17408,r=0] unwrapBuffer=HeapByteBuffer@ecac914[p=0,l=0,c=17408,r=0]={<<<>>>\x17\x03\x03\x00\xC9\x1dF\x8a\x7f...\x00\x00\x00\x00\x00\x00\x00} appBuffer=HeapByteBuffer@ecac914[p=0,l=0,c=17408,r=0]={<<<>>>\x17\x03\x03\x00\xC9\x1dF\x8a\x7f...\x00\x00\x00\x00\x00\x00\x00}
02:33:25.625 [qtp399373008-57] DEBUG org.eclipse.jetty.io.ssl.SslConnection - <fill f=0 uf=true SslConnection@3e9173d4::SocketChannelEndPoint@5de071e3{l=/127.0.0.1:37555,r=/127.0.0.1:51366,OPEN,fill=-,flush=-,to=0/30000}{io=0/0,kio=0,kro=1}->SslConnection@3e9173d4{NEED_UNWRAP,eio=-1/-1,di=-1,fill=IDLE,flush=IDLE}~>DecryptedEndPoint@83d1dc0{l=/127.0.0.1:37555,r=/127.0.0.1:51366,OPEN,fill=-,flush=-,to=16/30000}=>HttpConnection@4e96c609[p=HttpParser{s=START,0 of -1},g=HttpGenerator@5e22badb{s=START}]=>HttpChannelOverHttp@ce943da{s=HttpChannelState@568c119b{s=IDLE rs=BLOCKING os=OPEN is=IDLE awp=false se=false i=true al=0},r=0,c=false/false,a=IDLE,uri=null,age=0}
02:33:25.625 [qtp399373008-57] DEBUG org.eclipse.jetty.server.HttpConnection - HttpConnection@4e96c609::DecryptedEndPoint@83d1dc0{l=/127.0.0.1:37555,r=/127.0.0.1:51366,OPEN,fill=-,flush=-,to=16/30000} filled 0 HeapByteBuffer@ecac914[p=0,l=0,c=17408,r=0]={<<<>>>\x17\x03\x03\x00\xC9\x1dF\x8a\x7f...\x00\x00\x00\x00\x00\x00\x00}
02:33:25.625 [qtp399373008-57] DEBUG org.eclipse.jetty.server.HttpConnection - HttpConnection@4e96c609::DecryptedEndPoint@83d1dc0{l=/127.0.0.1:37555,r=/127.0.0.1:51366,OPEN,fill=-,flush=-,to=16/30000} parse HeapByteBuffer@ecac914[p=0,l=0,c=17408,r=0]={<<<>>>\x17\x03\x03\x00\xC9\x1dF\x8a\x7f...\x00\x00\x00\x00\x00\x00\x00} {}
02:33:25.625 [qtp399373008-57] DEBUG org.eclipse.jetty.http.HttpParser - parseNext s=START HeapByteBuffer@ecac914[p=0,l=0,c=17408,r=0]={<<<>>>\x17\x03\x03\x00\xC9\x1dF\x8a\x7f...\x00\x00\x00\x00\x00\x00\x00}
02:33:25.625 [qtp399373008-57] DEBUG org.eclipse.jetty.server.HttpConnection - HttpConnection@4e96c609::DecryptedEndPoint@83d1dc0{l=/127.0.0.1:37555,r=/127.0.0.1:51366,OPEN,fill=-,flush=-,to=16/30000} parsed false HttpParser{s=START,0 of -1}
02:33:25.625 [qtp399373008-57] DEBUG org.eclipse.jetty.server.HttpConnection - releaseRequestBuffer HttpConnection@4e96c609::DecryptedEndPoint@83d1dc0{l=/127.0.0.1:37555,r=/127.0.0.1:51366,OPEN,fill=-,flush=-,to=16/30000}
02:33:25.625 [qtp399373008-57] DEBUG org.eclipse.jetty.io.AbstractConnection - fillInterested HttpConnection@4e96c609::DecryptedEndPoint@83d1dc0{l=/127.0.0.1:37555,r=/127.0.0.1:51366,OPEN,fill=-,flush=-,to=16/30000}
02:33:25.625 [qtp399373008-57] DEBUG org.eclipse.jetty.io.FillInterest - interested FillInterest@26fc9998{AC.ReadCB@4e96c609{HttpConnection@4e96c609::DecryptedEndPoint@83d1dc0{l=/127.0.0.1:37555,r=/127.0.0.1:51366,OPEN,fill=FI,flush=-,to=0/30000}}}
02:33:25.625 [qtp399373008-57] DEBUG org.eclipse.jetty.io.ssl.SslConnection - >needFillInterest s=IDLE/IDLE uf=true ei=null di=null SslConnection@3e9173d4::SocketChannelEndPoint@5de071e3{l=/127.0.0.1:37555,r=/127.0.0.1:51366,OPEN,fill=-,flush=-,to=0/30000}{io=0/0,kio=0,kro=1}->SslConnection@3e9173d4{NEED_UNWRAP,eio=-1/-1,di=-1,fill=IDLE,flush=IDLE}~>DecryptedEndPoint@83d1dc0{l=/127.0.0.1:37555,r=/127.0.0.1:51366,OPEN,fill=FI,flush=-,to=0/30000}=>HttpConnection@4e96c609[p=HttpParser{s=START,0 of -1},g=HttpGenerator@5e22badb{s=START}]=>HttpChannelOverHttp@ce943da{s=HttpChannelState@568c119b{s=IDLE rs=BLOCKING os=OPEN is=IDLE awp=false se=false i=true al=0},r=0,c=false/false,a=IDLE,uri=null,age=0}
02:33:25.625 [qtp399373008-57] DEBUG org.eclipse.jetty.io.ssl.SslConnection - <needFillInterest s=IDLE/INTERESTED f=false i=true w=null
02:33:25.625 [qtp399373008-57] DEBUG org.eclipse.jetty.io.ssl.SslConnection - ensureFillInterested SslConnection@3e9173d4::SocketChannelEndPoint@5de071e3{l=/127.0.0.1:37555,r=/127.0.0.1:51366,OPEN,fill=-,flush=-,to=0/30000}{io=0/0,kio=0,kro=1}->SslConnection@3e9173d4{NEED_UNWRAP,eio=-1/-1,di=-1,fill=INTERESTED,flush=IDLE}~>DecryptedEndPoint@83d1dc0{l=/127.0.0.1:37555,r=/127.0.0.1:51366,OPEN,fill=FI,flush=-,to=0/30000}=>HttpConnection@4e96c609[p=HttpParser{s=START,0 of -1},g=HttpGenerator@5e22badb{s=START}]=>HttpChannelOverHttp@ce943da{s=HttpChannelState@568c119b{s=IDLE rs=BLOCKING os=OPEN is=IDLE awp=false se=false i=true al=0},r=0,c=false/false,a=IDLE,uri=null,age=0}
02:33:25.626 [qtp399373008-57] DEBUG org.eclipse.jetty.io.FillInterest - interested FillInterest@13b2cdfe{SSLC.NBReadCB@3e9173d4{SslConnection@3e9173d4::SocketChannelEndPoint@5de071e3{l=/127.0.0.1:37555,r=/127.0.0.1:51366,OPEN,fill=FI,flush=-,to=0/30000}{io=0/0,kio=0,kro=1}->SslConnection@3e9173d4{NEED_UNWRAP,eio=-1/-1,di=-1,fill=INTERESTED,flush=IDLE}~>DecryptedEndPoint@83d1dc0{l=/127.0.0.1:37555,r=/127.0.0.1:51366,OPEN,fill=FI,flush=-,to=0/30000}=>HttpConnection@4e96c609[p=HttpParser{s=START,0 of -1},g=HttpGenerator@5e22badb{s=START}]=>HttpChannelOverHttp@ce943da{s=HttpChannelState@568c119b{s=IDLE rs=BLOCKING os=OPEN is=IDLE awp=false se=false i=true al=0},r=0,c=false/false,a=IDLE,uri=null,age=0}}}
02:33:25.626 [qtp399373008-57] DEBUG org.eclipse.jetty.io.ChannelEndPoint - changeInterests p=false 0->1 for SocketChannelEndPoint@5de071e3{l=/127.0.0.1:37555,r=/127.0.0.1:51366,OPEN,fill=FI,flush=-,to=0/30000}{io=0/1,kio=0,kro=1}->SslConnection@3e9173d4{NEED_UNWRAP,eio=-1/-1,di=-1,fill=INTERESTED,flush=IDLE}~>DecryptedEndPoint@83d1dc0{l=/127.0.0.1:37555,r=/127.0.0.1:51366,OPEN,fill=FI,flush=-,to=0/30000}=>HttpConnection@4e96c609[p=HttpParser{s=START,0 of -1},g=HttpGenerator@5e22badb{s=START}]=>HttpChannelOverHttp@ce943da{s=HttpChannelState@568c119b{s=IDLE rs=BLOCKING os=OPEN is=IDLE awp=false se=false i=true al=0},r=0,c=false/false,a=IDLE,uri=null,age=0}
02:33:25.626 [qtp399373008-57] DEBUG org.eclipse.jetty.io.ManagedSelector - Queued change lazy=false org.eclipse.jetty.io.ChannelEndPoint$$Lambda$255/1238156519@2608138f on ManagedSelector@47a86fbb{STARTED} id=2 keys=1 selected=0 updates=0
02:33:25.626 [qtp399373008-57] DEBUG org.eclipse.jetty.io.ManagedSelector - Wakeup on submit ManagedSelector@47a86fbb{STARTED} id=2 keys=1 selected=0 updates=1
02:33:25.626 [qtp399373008-57] DEBUG org.eclipse.jetty.server.HttpConnection - HttpConnection@4e96c609::DecryptedEndPoint@83d1dc0{l=/127.0.0.1:37555,r=/127.0.0.1:51366,OPEN,fill=FI,flush=-,to=0/30000} onFillable exit HttpChannelState@568c119b{s=IDLE rs=BLOCKING os=OPEN is=IDLE awp=false se=false i=true al=0} null
02:33:25.626 [qtp399373008-61] DEBUG org.eclipse.jetty.io.ManagedSelector - Selector sun.nio.ch.EPollSelectorImpl@19de0680 woken with none selected
02:33:25.626 [qtp399373008-61] DEBUG org.eclipse.jetty.io.ManagedSelector - Selector sun.nio.ch.EPollSelectorImpl@19de0680 woken up from select, 0/0/1 selected
02:33:25.626 [qtp399373008-61] DEBUG org.eclipse.jetty.io.ManagedSelector - Selector sun.nio.ch.EPollSelectorImpl@19de0680 processing 0 keys, 1 updates
02:33:25.626 [qtp399373008-61] DEBUG org.eclipse.jetty.io.ManagedSelector - updateable 1
02:33:25.626 [qtp399373008-61] DEBUG org.eclipse.jetty.io.ManagedSelector - update org.eclipse.jetty.io.ChannelEndPoint$$Lambda$255/1238156519@2608138f
02:33:25.626 [qtp399373008-57] DEBUG org.eclipse.jetty.io.ssl.SslConnection - <c.onFillable SslConnection@3e9173d4::SocketChannelEndPoint@5de071e3{l=/127.0.0.1:37555,r=/127.0.0.1:51366,OPEN,fill=FI,flush=-,to=0/30000}{io=0/1,kio=0,kro=1}->SslConnection@3e9173d4{NEED_UNWRAP,eio=-1/-1,di=-1,fill=INTERESTED,flush=IDLE}~>DecryptedEndPoint@83d1dc0{l=/127.0.0.1:37555,r=/127.0.0.1:51366,OPEN,fill=FI,flush=-,to=0/30000}=>HttpConnection@4e96c609[p=HttpParser{s=START,0 of -1},g=HttpGenerator@5e22badb{s=START}]=>HttpChannelOverHttp@ce943da{s=HttpChannelState@568c119b{s=IDLE rs=BLOCKING os=OPEN is=IDLE awp=false se=false i=true al=0},r=0,c=false/false,a=IDLE,uri=null,age=0}
02:33:25.626 [qtp399373008-57] DEBUG org.eclipse.jetty.util.thread.QueuedThreadPool - ran org.eclipse.jetty.io.ManagedSelector$$Lambda$253/838473569@32c8e539 in QueuedThreadPool[qtp399373008]@17cdf2d0{STARTED,8<=8<=200,i=1,r=-1,q=0}[ReservedThreadExecutor@424fd310{reserved=1/8,pending=0}]
02:33:25.626 [qtp399373008-61] DEBUG org.eclipse.jetty.io.ChannelEndPoint - Key interests updated 0 -> 1 on SocketChannelEndPoint@5de071e3{l=/127.0.0.1:37555,r=/127.0.0.1:51366,OPEN,fill=FI,flush=-,to=0/30000}{io=1/1,kio=1,kro=1}->SslConnection@3e9173d4{NEED_UNWRAP,eio=-1/-1,di=-1,fill=INTERESTED,flush=IDLE}~>DecryptedEndPoint@83d1dc0{l=/127.0.0.1:37555,r=/127.0.0.1:51366,OPEN,fill=FI,flush=-,to=0/30000}=>HttpConnection@4e96c609[p=HttpParser{s=START,0 of -1},g=HttpGenerator@5e22badb{s=START}]=>HttpChannelOverHttp@ce943da{s=HttpChannelState@568c119b{s=IDLE rs=BLOCKING os=OPEN is=IDLE awp=false se=false i=true al=0},r=0,c=false/false,a=IDLE,uri=null,age=0}
02:33:25.626 [qtp399373008-61] DEBUG org.eclipse.jetty.io.ManagedSelector - updates 0
02:33:25.626 [qtp399373008-61] DEBUG org.eclipse.jetty.io.ManagedSelector - Selector sun.nio.ch.EPollSelectorImpl@19de0680 waiting with 1 keys
02:33:25.627 [qtp399373008-61] DEBUG org.eclipse.jetty.io.ManagedSelector - Selector sun.nio.ch.EPollSelectorImpl@19de0680 woken up from select, 1/1/1 selected
02:33:25.627 [qtp399373008-61] DEBUG org.eclipse.jetty.io.ManagedSelector - Selector sun.nio.ch.EPollSelectorImpl@19de0680 processing 1 keys, 0 updates
02:33:25.627 [qtp399373008-61] DEBUG org.eclipse.jetty.io.ManagedSelector - selected 1 sun.nio.ch.SelectionKeyImpl@1719ebcb SocketChannelEndPoint@5de071e3{l=/127.0.0.1:37555,r=/127.0.0.1:51366,OPEN,fill=FI,flush=-,to=1/30000}{io=1/1,kio=1,kro=1}->SslConnection@3e9173d4{NEED_UNWRAP,eio=-1/-1,di=-1,fill=INTERESTED,flush=IDLE}~>DecryptedEndPoint@83d1dc0{l=/127.0.0.1:37555,r=/127.0.0.1:51366,OPEN,fill=FI,flush=-,to=1/30000}=>HttpConnection@4e96c609[p=HttpParser{s=START,0 of -1},g=HttpGenerator@5e22badb{s=START}]=>HttpChannelOverHttp@ce943da{s=HttpChannelState@568c119b{s=IDLE rs=BLOCKING os=OPEN is=IDLE awp=false se=false i=true al=0},r=0,c=false/false,a=IDLE,uri=null,age=0} 
02:33:25.627 [qtp399373008-61] DEBUG org.eclipse.jetty.io.ChannelEndPoint - onSelected 1->0 r=true w=false for SocketChannelEndPoint@5de071e3{l=/127.0.0.1:37555,r=/127.0.0.1:51366,OPEN,fill=FI,flush=-,to=1/30000}{io=1/0,kio=1,kro=1}->SslConnection@3e9173d4{NEED_UNWRAP,eio=-1/-1,di=-1,fill=INTERESTED,flush=IDLE}~>DecryptedEndPoint@83d1dc0{l=/127.0.0.1:37555,r=/127.0.0.1:51366,OPEN,fill=FI,flush=-,to=1/30000}=>HttpConnection@4e96c609[p=HttpParser{s=START,0 of -1},g=HttpGenerator@5e22badb{s=START}]=>HttpChannelOverHttp@ce943da{s=HttpChannelState@568c119b{s=IDLE rs=BLOCKING os=OPEN is=IDLE awp=false se=false i=true al=0},r=0,c=false/false,a=IDLE,uri=null,age=0}
02:33:25.627 [qtp399373008-61] DEBUG org.eclipse.jetty.io.ChannelEndPoint - task CEP:SocketChannelEndPoint@5de071e3{l=/127.0.0.1:37555,r=/127.0.0.1:51366,OPEN,fill=FI,flush=-,to=1/30000}{io=1/0,kio=1,kro=1}->SslConnection@3e9173d4{NEED_UNWRAP,eio=-1/-1,di=-1,fill=INTERESTED,flush=IDLE}~>DecryptedEndPoint@83d1dc0{l=/127.0.0.1:37555,r=/127.0.0.1:51366,OPEN,fill=FI,flush=-,to=1/30000}=>HttpConnection@4e96c609[p=HttpParser{s=START,0 of -1},g=HttpGenerator@5e22badb{s=START}]=>HttpChannelOverHttp@ce943da{s=HttpChannelState@568c119b{s=IDLE rs=BLOCKING os=OPEN is=IDLE awp=false se=false i=true al=0},r=0,c=false/false,a=IDLE,uri=null,age=0}:runFillable:BLOCKING
02:33:25.627 [qtp399373008-61] DEBUG org.eclipse.jetty.util.thread.ReservedThreadExecutor - ReservedThreadExecutor@424fd310{reserved=1/8,pending=0} tryExecute EatWhatYouKill@1c3146bc/SelectorProducer@56c698e3/PRODUCING/p=false/QueuedThreadPool[qtp399373008]@17cdf2d0{STARTED,8<=8<=200,i=2,r=-1,q=0}[ReservedThreadExecutor@424fd310{reserved=1/8,pending=0}][pc=0,pic=0,pec=0,epc=1]@2024-05-02T02:33:25.627+01:00
02:33:25.627 [qtp399373008-61] DEBUG org.eclipse.jetty.util.thread.ReservedThreadExecutor - ReservedThreadExecutor@424fd310{reserved=0/8,pending=1} startReservedThread p=1
02:33:25.627 [qtp399373008-61] DEBUG org.eclipse.jetty.util.thread.QueuedThreadPool - queue ReservedThread@21d8cb0a{PENDING,thread=null} startThread=0
02:33:25.628 [qtp399373008-56] DEBUG org.eclipse.jetty.util.thread.QueuedThreadPool - run ReservedThread@21d8cb0a{PENDING,thread=null} in QueuedThreadPool[qtp399373008]@17cdf2d0{STARTED,8<=8<=200,i=1,r=-1,q=0}[ReservedThreadExecutor@424fd310{reserved=0/8,pending=1}]
02:33:25.628 [qtp399373008-56] DEBUG org.eclipse.jetty.util.thread.ReservedThreadExecutor - ReservedThread@21d8cb0a{PENDING,thread=Thread[qtp399373008-56,5,main]} was=PENDING next=RESERVED size=0+1 capacity=8
02:33:25.628 [qtp399373008-56] DEBUG org.eclipse.jetty.util.thread.ReservedThreadExecutor - ReservedThread@21d8cb0a{RESERVED,thread=Thread[qtp399373008-56,5,main]} waiting ReservedThreadExecutor@424fd310{reserved=1/8,pending=0}
02:33:25.628 [qtp399373008-62] DEBUG org.eclipse.jetty.util.thread.ReservedThreadExecutor - ReservedThread@2da1f821{RESERVED,thread=Thread[qtp399373008-62,5,main]} task=EatWhatYouKill@1c3146bc/SelectorProducer@56c698e3/IDLE/p=true/QueuedThreadPool[qtp399373008]@17cdf2d0{STARTED,8<=8<=200,i=1,r=-1,q=0}[ReservedThreadExecutor@424fd310{reserved=0/8,pending=1}][pc=0,pic=0,pec=0,epc=1]@2024-05-02T02:33:25.628+01:00 ReservedThreadExecutor@424fd310{reserved=1/8,pending=0}
02:33:25.628 [qtp399373008-62] DEBUG org.eclipse.jetty.util.thread.strategy.EatWhatYouKill - EatWhatYouKill@1c3146bc/SelectorProducer@56c698e3/IDLE/p=true/QueuedThreadPool[qtp399373008]@17cdf2d0{STARTED,8<=8<=200,i=1,r=-1,q=0}[ReservedThreadExecutor@424fd310{reserved=1/8,pending=0}][pc=0,pic=0,pec=0,epc=1]@2024-05-02T02:33:25.628+01:00 tryProduce true
02:33:25.628 [qtp399373008-62] DEBUG org.eclipse.jetty.io.ManagedSelector - updateable 0
02:33:25.628 [qtp399373008-62] DEBUG org.eclipse.jetty.io.ManagedSelector - updates 0
02:33:25.628 [qtp399373008-62] DEBUG org.eclipse.jetty.io.ChannelEndPoint - Key interests updated 1 -> 0 on SocketChannelEndPoint@5de071e3{l=/127.0.0.1:37555,r=/127.0.0.1:51366,OPEN,fill=FI,flush=-,to=2/30000}{io=0/0,kio=0,kro=1}->SslConnection@3e9173d4{NEED_UNWRAP,eio=-1/-1,di=-1,fill=INTERESTED,flush=IDLE}~>DecryptedEndPoint@83d1dc0{l=/127.0.0.1:37555,r=/127.0.0.1:51366,OPEN,fill=FI,flush=-,to=2/30000}=>HttpConnection@4e96c609[p=HttpParser{s=START,0 of -1},g=HttpGenerator@5e22badb{s=START}]=>HttpChannelOverHttp@ce943da{s=HttpChannelState@568c119b{s=IDLE rs=BLOCKING os=OPEN is=IDLE awp=false se=false i=true al=0},r=0,c=false/false,a=IDLE,uri=null,age=0}
02:33:25.628 [qtp399373008-62] DEBUG org.eclipse.jetty.io.ManagedSelector - Selector sun.nio.ch.EPollSelectorImpl@19de0680 waiting with 1 keys
02:33:25.628 [qtp399373008-61] DEBUG org.eclipse.jetty.util.thread.strategy.EatWhatYouKill - EatWhatYouKill@1c3146bc/SelectorProducer@56c698e3/PRODUCING/p=false/QueuedThreadPool[qtp399373008]@17cdf2d0{STARTED,8<=8<=200,i=1,r=-1,q=0}[ReservedThreadExecutor@424fd310{reserved=1/8,pending=0}][pc=0,pic=0,pec=0,epc=1]@2024-05-02T02:33:25.628+01:00 m=EXECUTE_PRODUCE_CONSUME t=CEP:SocketChannelEndPoint@5de071e3{l=/127.0.0.1:37555,r=/127.0.0.1:51366,OPEN,fill=FI,flush=-,to=2/30000}{io=0/0,kio=0,kro=1}->SslConnection@3e9173d4{NEED_UNWRAP,eio=-1/-1,di=-1,fill=INTERESTED,flush=IDLE}~>DecryptedEndPoint@83d1dc0{l=/127.0.0.1:37555,r=/127.0.0.1:51366,OPEN,fill=FI,flush=-,to=2/30000}=>HttpConnection@4e96c609[p=HttpParser{s=START,0 of -1},g=HttpGenerator@5e22badb{s=START}]=>HttpChannelOverHttp@ce943da{s=HttpChannelState@568c119b{s=IDLE rs=BLOCKING os=OPEN is=IDLE awp=false se=false i=true al=0},r=0,c=false/false,a=IDLE,uri=null,age=0}:runFillable:BLOCKING/BLOCKING
02:33:25.628 [qtp399373008-61] DEBUG org.eclipse.jetty.io.FillInterest - fillable FillInterest@13b2cdfe{SSLC.NBReadCB@3e9173d4{SslConnection@3e9173d4::SocketChannelEndPoint@5de071e3{l=/127.0.0.1:37555,r=/127.0.0.1:51366,OPEN,fill=FI,flush=-,to=2/30000}{io=0/0,kio=0,kro=1}->SslConnection@3e9173d4{NEED_UNWRAP,eio=-1/-1,di=-1,fill=INTERESTED,flush=IDLE}~>DecryptedEndPoint@83d1dc0{l=/127.0.0.1:37555,r=/127.0.0.1:51366,OPEN,fill=FI,flush=-,to=3/30000}=>HttpConnection@4e96c609[p=HttpParser{s=START,0 of -1},g=HttpGenerator@5e22badb{s=START}]=>HttpChannelOverHttp@ce943da{s=HttpChannelState@568c119b{s=IDLE rs=BLOCKING os=OPEN is=IDLE awp=false se=false i=true al=0},r=0,c=false/false,a=IDLE,uri=null,age=0}}}
02:33:25.628 [qtp399373008-61] DEBUG org.eclipse.jetty.io.ssl.SslConnection - >c.onFillable SslConnection@3e9173d4::SocketChannelEndPoint@5de071e3{l=/127.0.0.1:37555,r=/127.0.0.1:51366,OPEN,fill=-,flush=-,to=2/30000}{io=0/0,kio=0,kro=1}->SslConnection@3e9173d4{NEED_UNWRAP,eio=-1/-1,di=-1,fill=INTERESTED,flush=IDLE}~>DecryptedEndPoint@83d1dc0{l=/127.0.0.1:37555,r=/127.0.0.1:51366,OPEN,fill=FI,flush=-,to=3/30000}=>HttpConnection@4e96c609[p=HttpParser{s=START,0 of -1},g=HttpGenerator@5e22badb{s=START}]=>HttpChannelOverHttp@ce943da{s=HttpChannelState@568c119b{s=IDLE rs=BLOCKING os=OPEN is=IDLE awp=false se=false i=true al=0},r=0,c=false/false,a=IDLE,uri=null,age=0}
02:33:25.628 [qtp399373008-61] DEBUG org.eclipse.jetty.io.ssl.SslConnection - onFillable SslConnection@3e9173d4::SocketChannelEndPoint@5de071e3{l=/127.0.0.1:37555,r=/127.0.0.1:51366,OPEN,fill=-,flush=-,to=2/30000}{io=0/0,kio=0,kro=1}->SslConnection@3e9173d4{NEED_UNWRAP,eio=-1/-1,di=-1,fill=INTERESTED,flush=IDLE}~>DecryptedEndPoint@83d1dc0{l=/127.0.0.1:37555,r=/127.0.0.1:51366,OPEN,fill=FI,flush=-,to=3/30000}=>HttpConnection@4e96c609[p=HttpParser{s=START,0 of -1},g=HttpGenerator@5e22badb{s=START}]=>HttpChannelOverHttp@ce943da{s=HttpChannelState@568c119b{s=IDLE rs=BLOCKING os=OPEN is=IDLE awp=false se=false i=true al=0},r=0,c=false/false,a=IDLE,uri=null,age=0}
02:33:25.628 [qtp399373008-61] DEBUG org.eclipse.jetty.io.FillInterest - fillable FillInterest@26fc9998{AC.ReadCB@4e96c609{HttpConnection@4e96c609::DecryptedEndPoint@83d1dc0{l=/127.0.0.1:37555,r=/127.0.0.1:51366,OPEN,fill=FI,flush=-,to=3/30000}}}
02:33:25.628 [qtp399373008-61] DEBUG org.eclipse.jetty.server.HttpConnection - HttpConnection@4e96c609::DecryptedEndPoint@83d1dc0{l=/127.0.0.1:37555,r=/127.0.0.1:51366,OPEN,fill=-,flush=-,to=3/30000} onFillable enter HttpChannelState@568c119b{s=IDLE rs=BLOCKING os=OPEN is=IDLE awp=false se=false i=true al=0} null
02:33:25.629 [qtp399373008-61] DEBUG org.eclipse.jetty.io.ssl.SslConnection - >fill SslConnection@3e9173d4::SocketChannelEndPoint@5de071e3{l=/127.0.0.1:37555,r=/127.0.0.1:51366,OPEN,fill=-,flush=-,to=3/30000}{io=0/0,kio=0,kro=1}->SslConnection@3e9173d4{NEED_UNWRAP,eio=-1/-1,di=-1,fill=IDLE,flush=IDLE}~>DecryptedEndPoint@83d1dc0{l=/127.0.0.1:37555,r=/127.0.0.1:51366,OPEN,fill=-,flush=-,to=3/30000}=>HttpConnection@4e96c609[p=HttpParser{s=START,0 of -1},g=HttpGenerator@5e22badb{s=START}]=>HttpChannelOverHttp@ce943da{s=HttpChannelState@568c119b{s=IDLE rs=BLOCKING os=OPEN is=IDLE awp=false se=false i=true al=0},r=0,c=false/false,a=IDLE,uri=null,age=0}
02:33:25.629 [qtp399373008-61] DEBUG org.eclipse.jetty.io.ssl.SslConnection - fill NEED_UNWRAP
02:33:25.629 [qtp399373008-61] DEBUG org.eclipse.jetty.io.ChannelEndPoint - filled 6 HeapByteBuffer@196acfdd[p=0,l=6,c=17408,r=6]={<<<\x14\x03\x03\x00\x01\x01>>>\x84\xB0DS\x04\xBb\xC2\xF0\x91...\x00\x00\x00\x00\x00\x00\x00}
02:33:25.629 [qtp399373008-61] DEBUG org.eclipse.jetty.io.ssl.SslConnection - net filled=6
02:33:25.629 [qtp399373008-61] DEBUG org.eclipse.jetty.io.ssl.SslConnection - unwrap net_filled=6 Status = OK HandshakeStatus = NEED_UNWRAP bytesConsumed = 6 bytesProduced = 0 encryptedBuffer=[p=6,l=6,c=17408,r=0] unwrapBuffer=HeapByteBuffer@d26bd[p=0,l=0,c=17408,r=0]={<<<>>>\x16\x03\x03\x01N\x01\x00\x01J...\x00\x00\x00\x00\x00\x00\x00} appBuffer=HeapByteBuffer@d26bd[p=0,l=0,c=17408,r=0]={<<<>>>\x16\x03\x03\x01N\x01\x00\x01J...\x00\x00\x00\x00\x00\x00\x00}
02:33:25.629 [qtp399373008-61] DEBUG org.eclipse.jetty.io.ssl.SslConnection - fill NEED_UNWRAP
02:33:25.629 [qtp399373008-61] DEBUG org.eclipse.jetty.io.ChannelEndPoint - filled 0 HeapByteBuffer@196acfdd[p=0,l=0,c=17408,r=0]={<<<>>>\x14\x03\x03\x00\x01\x01\x84\xB0D...\x00\x00\x00\x00\x00\x00\x00}
02:33:25.629 [qtp399373008-61] DEBUG org.eclipse.jetty.io.ssl.SslConnection - net filled=0
02:33:25.629 [qtp399373008-61] DEBUG org.eclipse.jetty.io.ssl.SslConnection - unwrap net_filled=0 Status = BUFFER_UNDERFLOW HandshakeStatus = NEED_UNWRAP bytesConsumed = 0 bytesProduced = 0 encryptedBuffer=[p=0,l=0,c=17408,r=0] unwrapBuffer=HeapByteBuffer@d26bd[p=0,l=0,c=17408,r=0]={<<<>>>\x16\x03\x03\x01N\x01\x00\x01J...\x00\x00\x00\x00\x00\x00\x00} appBuffer=HeapByteBuffer@d26bd[p=0,l=0,c=17408,r=0]={<<<>>>\x16\x03\x03\x01N\x01\x00\x01J...\x00\x00\x00\x00\x00\x00\x00}
02:33:25.629 [qtp399373008-61] DEBUG org.eclipse.jetty.io.ssl.SslConnection - <fill f=0 uf=true SslConnection@3e9173d4::SocketChannelEndPoint@5de071e3{l=/127.0.0.1:37555,r=/127.0.0.1:51366,OPEN,fill=-,flush=-,to=0/30000}{io=0/0,kio=0,kro=1}->SslConnection@3e9173d4{NEED_UNWRAP,eio=-1/-1,di=-1,fill=IDLE,flush=IDLE}~>DecryptedEndPoint@83d1dc0{l=/127.0.0.1:37555,r=/127.0.0.1:51366,OPEN,fill=-,flush=-,to=4/30000}=>HttpConnection@4e96c609[p=HttpParser{s=START,0 of -1},g=HttpGenerator@5e22badb{s=START}]=>HttpChannelOverHttp@ce943da{s=HttpChannelState@568c119b{s=IDLE rs=BLOCKING os=OPEN is=IDLE awp=false se=false i=true al=0},r=0,c=false/false,a=IDLE,uri=null,age=0}
02:33:25.630 [qtp399373008-61] DEBUG org.eclipse.jetty.io.ssl.SslConnection - >fill SslConnection@3e9173d4::SocketChannelEndPoint@5de071e3{l=/127.0.0.1:37555,r=/127.0.0.1:51366,OPEN,fill=-,flush=-,to=0/30000}{io=0/0,kio=0,kro=1}->SslConnection@3e9173d4{NEED_UNWRAP,eio=-1/-1,di=-1,fill=IDLE,flush=IDLE}~>DecryptedEndPoint@83d1dc0{l=/127.0.0.1:37555,r=/127.0.0.1:51366,OPEN,fill=-,flush=-,to=4/30000}=>HttpConnection@4e96c609[p=HttpParser{s=START,0 of -1},g=HttpGenerator@5e22badb{s=START}]=>HttpChannelOverHttp@ce943da{s=HttpChannelState@568c119b{s=IDLE rs=BLOCKING os=OPEN is=IDLE awp=false se=false i=true al=0},r=0,c=false/false,a=IDLE,uri=null,age=0}
02:33:25.630 [qtp399373008-61] DEBUG org.eclipse.jetty.io.ssl.SslConnection - fill NEED_UNWRAP
02:33:25.630 [qtp399373008-61] DEBUG org.eclipse.jetty.io.ChannelEndPoint - filled 0 HeapByteBuffer@ecac914[p=0,l=0,c=17408,r=0]={<<<>>>\x17\x03\x03\x00\xC9\x1dF\x8a\x7f...\x00\x00\x00\x00\x00\x00\x00}
02:33:25.630 [qtp399373008-61] DEBUG org.eclipse.jetty.io.ssl.SslConnection - net filled=0
02:33:25.630 [qtp399373008-61] DEBUG org.eclipse.jetty.io.ssl.SslConnection - unwrap net_filled=0 Status = BUFFER_UNDERFLOW HandshakeStatus = NEED_UNWRAP bytesConsumed = 0 bytesProduced = 0 encryptedBuffer=[p=0,l=0,c=17408,r=0] unwrapBuffer=HeapByteBuffer@d26bd[p=0,l=0,c=17408,r=0]={<<<>>>\x16\x03\x03\x01N\x01\x00\x01J...\x00\x00\x00\x00\x00\x00\x00} appBuffer=HeapByteBuffer@d26bd[p=0,l=0,c=17408,r=0]={<<<>>>\x16\x03\x03\x01N\x01\x00\x01J...\x00\x00\x00\x00\x00\x00\x00}
02:33:25.630 [qtp399373008-61] DEBUG org.eclipse.jetty.io.ssl.SslConnection - <fill f=0 uf=true SslConnection@3e9173d4::SocketChannelEndPoint@5de071e3{l=/127.0.0.1:37555,r=/127.0.0.1:51366,OPEN,fill=-,flush=-,to=0/30000}{io=0/0,kio=0,kro=1}->SslConnection@3e9173d4{NEED_UNWRAP,eio=-1/-1,di=-1,fill=IDLE,flush=IDLE}~>DecryptedEndPoint@83d1dc0{l=/127.0.0.1:37555,r=/127.0.0.1:51366,OPEN,fill=-,flush=-,to=4/30000}=>HttpConnection@4e96c609[p=HttpParser{s=START,0 of -1},g=HttpGenerator@5e22badb{s=START}]=>HttpChannelOverHttp@ce943da{s=HttpChannelState@568c119b{s=IDLE rs=BLOCKING os=OPEN is=IDLE awp=false se=false i=true al=0},r=0,c=false/false,a=IDLE,uri=null,age=0}
02:33:25.630 [qtp399373008-61] DEBUG org.eclipse.jetty.server.HttpConnection - HttpConnection@4e96c609::DecryptedEndPoint@83d1dc0{l=/127.0.0.1:37555,r=/127.0.0.1:51366,OPEN,fill=-,flush=-,to=4/30000} filled 0 HeapByteBuffer@d26bd[p=0,l=0,c=17408,r=0]={<<<>>>\x16\x03\x03\x01N\x01\x00\x01J...\x00\x00\x00\x00\x00\x00\x00}
02:33:25.630 [qtp399373008-61] DEBUG org.eclipse.jetty.server.HttpConnection - HttpConnection@4e96c609::DecryptedEndPoint@83d1dc0{l=/127.0.0.1:37555,r=/127.0.0.1:51366,OPEN,fill=-,flush=-,to=4/30000} parse HeapByteBuffer@d26bd[p=0,l=0,c=17408,r=0]={<<<>>>\x16\x03\x03\x01N\x01\x00\x01J...\x00\x00\x00\x00\x00\x00\x00} {}
02:33:25.630 [qtp399373008-61] DEBUG org.eclipse.jetty.http.HttpParser - parseNext s=START HeapByteBuffer@d26bd[p=0,l=0,c=17408,r=0]={<<<>>>\x16\x03\x03\x01N\x01\x00\x01J...\x00\x00\x00\x00\x00\x00\x00}
02:33:25.630 [qtp399373008-61] DEBUG org.eclipse.jetty.server.HttpConnection - HttpConnection@4e96c609::DecryptedEndPoint@83d1dc0{l=/127.0.0.1:37555,r=/127.0.0.1:51366,OPEN,fill=-,flush=-,to=4/30000} parsed false HttpParser{s=START,0 of -1}
02:33:25.630 [qtp399373008-61] DEBUG org.eclipse.jetty.server.HttpConnection - releaseRequestBuffer HttpConnection@4e96c609::DecryptedEndPoint@83d1dc0{l=/127.0.0.1:37555,r=/127.0.0.1:51366,OPEN,fill=-,flush=-,to=4/30000}
02:33:25.630 [qtp399373008-61] DEBUG org.eclipse.jetty.io.AbstractConnection - fillInterested HttpConnection@4e96c609::DecryptedEndPoint@83d1dc0{l=/127.0.0.1:37555,r=/127.0.0.1:51366,OPEN,fill=-,flush=-,to=4/30000}
02:33:25.630 [qtp399373008-61] DEBUG org.eclipse.jetty.io.FillInterest - interested FillInterest@26fc9998{AC.ReadCB@4e96c609{HttpConnection@4e96c609::DecryptedEndPoint@83d1dc0{l=/127.0.0.1:37555,r=/127.0.0.1:51366,OPEN,fill=FI,flush=-,to=0/30000}}}
02:33:25.630 [qtp399373008-61] DEBUG org.eclipse.jetty.io.ssl.SslConnection - >needFillInterest s=IDLE/IDLE uf=true ei=null di=null SslConnection@3e9173d4::SocketChannelEndPoint@5de071e3{l=/127.0.0.1:37555,r=/127.0.0.1:51366,OPEN,fill=-,flush=-,to=0/30000}{io=0/0,kio=0,kro=1}->SslConnection@3e9173d4{NEED_UNWRAP,eio=-1/-1,di=-1,fill=IDLE,flush=IDLE}~>DecryptedEndPoint@83d1dc0{l=/127.0.0.1:37555,r=/127.0.0.1:51366,OPEN,fill=FI,flush=-,to=0/30000}=>HttpConnection@4e96c609[p=HttpParser{s=START,0 of -1},g=HttpGenerator@5e22badb{s=START}]=>HttpChannelOverHttp@ce943da{s=HttpChannelState@568c119b{s=IDLE rs=BLOCKING os=OPEN is=IDLE awp=false se=false i=true al=0},r=0,c=false/false,a=IDLE,uri=null,age=0}
02:33:25.630 [qtp399373008-61] DEBUG org.eclipse.jetty.io.ssl.SslConnection - <needFillInterest s=IDLE/INTERESTED f=false i=true w=null
02:33:25.630 [qtp399373008-61] DEBUG org.eclipse.jetty.io.ssl.SslConnection - ensureFillInterested SslConnection@3e9173d4::SocketChannelEndPoint@5de071e3{l=/127.0.0.1:37555,r=/127.0.0.1:51366,OPEN,fill=-,flush=-,to=1/30000}{io=0/0,kio=0,kro=1}->SslConnection@3e9173d4{NEED_UNWRAP,eio=-1/-1,di=-1,fill=INTERESTED,flush=IDLE}~>DecryptedEndPoint@83d1dc0{l=/127.0.0.1:37555,r=/127.0.0.1:51366,OPEN,fill=FI,flush=-,to=0/30000}=>HttpConnection@4e96c609[p=HttpParser{s=START,0 of -1},g=HttpGenerator@5e22badb{s=START}]=>HttpChannelOverHttp@ce943da{s=HttpChannelState@568c119b{s=IDLE rs=BLOCKING os=OPEN is=IDLE awp=false se=false i=true al=0},r=0,c=false/false,a=IDLE,uri=null,age=0}
02:33:25.630 [qtp399373008-61] DEBUG org.eclipse.jetty.io.FillInterest - interested FillInterest@13b2cdfe{SSLC.NBReadCB@3e9173d4{SslConnection@3e9173d4::SocketChannelEndPoint@5de071e3{l=/127.0.0.1:37555,r=/127.0.0.1:51366,OPEN,fill=FI,flush=-,to=0/30000}{io=0/0,kio=0,kro=1}->SslConnection@3e9173d4{NEED_UNWRAP,eio=-1/-1,di=-1,fill=INTERESTED,flush=IDLE}~>DecryptedEndPoint@83d1dc0{l=/127.0.0.1:37555,r=/127.0.0.1:51366,OPEN,fill=FI,flush=-,to=0/30000}=>HttpConnection@4e96c609[p=HttpParser{s=START,0 of -1},g=HttpGenerator@5e22badb{s=START}]=>HttpChannelOverHttp@ce943da{s=HttpChannelState@568c119b{s=IDLE rs=BLOCKING os=OPEN is=IDLE awp=false se=false i=true al=0},r=0,c=false/false,a=IDLE,uri=null,age=0}}}
02:33:25.630 [qtp399373008-61] DEBUG org.eclipse.jetty.io.ChannelEndPoint - changeInterests p=false 0->1 for SocketChannelEndPoint@5de071e3{l=/127.0.0.1:37555,r=/127.0.0.1:51366,OPEN,fill=FI,flush=-,to=0/30000}{io=0/1,kio=0,kro=1}->SslConnection@3e9173d4{NEED_UNWRAP,eio=-1/-1,di=-1,fill=INTERESTED,flush=IDLE}~>DecryptedEndPoint@83d1dc0{l=/127.0.0.1:37555,r=/127.0.0.1:51366,OPEN,fill=FI,flush=-,to=0/30000}=>HttpConnection@4e96c609[p=HttpParser{s=START,0 of -1},g=HttpGenerator@5e22badb{s=START}]=>HttpChannelOverHttp@ce943da{s=HttpChannelState@568c119b{s=IDLE rs=BLOCKING os=OPEN is=IDLE awp=false se=false i=true al=0},r=0,c=false/false,a=IDLE,uri=null,age=0}
02:33:25.630 [qtp399373008-61] DEBUG org.eclipse.jetty.io.ManagedSelector - Queued change lazy=false org.eclipse.jetty.io.ChannelEndPoint$$Lambda$255/1238156519@2608138f on ManagedSelector@47a86fbb{STARTED} id=2 keys=1 selected=0 updates=0
02:33:25.630 [qtp399373008-61] DEBUG org.eclipse.jetty.io.ManagedSelector - Wakeup on submit ManagedSelector@47a86fbb{STARTED} id=2 keys=1 selected=0 updates=1
02:33:25.631 [qtp399373008-61] DEBUG org.eclipse.jetty.server.HttpConnection - HttpConnection@4e96c609::DecryptedEndPoint@83d1dc0{l=/127.0.0.1:37555,r=/127.0.0.1:51366,OPEN,fill=FI,flush=-,to=0/30000} onFillable exit HttpChannelState@568c119b{s=IDLE rs=BLOCKING os=OPEN is=IDLE awp=false se=false i=true al=0} null
02:33:25.631 [qtp399373008-62] DEBUG org.eclipse.jetty.io.ManagedSelector - Selector sun.nio.ch.EPollSelectorImpl@19de0680 woken with none selected
02:33:25.631 [qtp399373008-62] DEBUG org.eclipse.jetty.io.ManagedSelector - Selector sun.nio.ch.EPollSelectorImpl@19de0680 woken up from select, 0/0/1 selected
02:33:25.631 [qtp399373008-62] DEBUG org.eclipse.jetty.io.ManagedSelector - Selector sun.nio.ch.EPollSelectorImpl@19de0680 processing 0 keys, 1 updates
02:33:25.631 [qtp399373008-62] DEBUG org.eclipse.jetty.io.ManagedSelector - updateable 1
02:33:25.631 [qtp399373008-62] DEBUG org.eclipse.jetty.io.ManagedSelector - update org.eclipse.jetty.io.ChannelEndPoint$$Lambda$255/1238156519@2608138f
02:33:25.631 [qtp399373008-61] DEBUG org.eclipse.jetty.io.ssl.SslConnection - <c.onFillable SslConnection@3e9173d4::SocketChannelEndPoint@5de071e3{l=/127.0.0.1:37555,r=/127.0.0.1:51366,OPEN,fill=FI,flush=-,to=0/30000}{io=0/1,kio=0,kro=1}->SslConnection@3e9173d4{NEED_UNWRAP,eio=-1/-1,di=-1,fill=INTERESTED,flush=IDLE}~>DecryptedEndPoint@83d1dc0{l=/127.0.0.1:37555,r=/127.0.0.1:51366,OPEN,fill=FI,flush=-,to=0/30000}=>HttpConnection@4e96c609[p=HttpParser{s=START,0 of -1},g=HttpGenerator@5e22badb{s=START}]=>HttpChannelOverHttp@ce943da{s=HttpChannelState@568c119b{s=IDLE rs=BLOCKING os=OPEN is=IDLE awp=false se=false i=true al=0},r=0,c=false/false,a=IDLE,uri=null,age=0}
02:33:25.631 [qtp399373008-61] DEBUG org.eclipse.jetty.util.thread.ReservedThreadExecutor - ReservedThread@6cc6bc95{RUNNING,thread=Thread[qtp399373008-61,5,main]} was=RUNNING next=RESERVED size=0+2 capacity=8
02:33:25.631 [qtp399373008-61] DEBUG org.eclipse.jetty.util.thread.ReservedThreadExecutor - ReservedThread@6cc6bc95{RESERVED,thread=Thread[qtp399373008-61,5,main]} waiting ReservedThreadExecutor@424fd310{reserved=2/8,pending=0}
02:33:25.631 [qtp399373008-62] DEBUG org.eclipse.jetty.io.ChannelEndPoint - Key interests updated 0 -> 1 on SocketChannelEndPoint@5de071e3{l=/127.0.0.1:37555,r=/127.0.0.1:51366,OPEN,fill=FI,flush=-,to=0/30000}{io=1/1,kio=1,kro=1}->SslConnection@3e9173d4{NEED_UNWRAP,eio=-1/-1,di=-1,fill=INTERESTED,flush=IDLE}~>DecryptedEndPoint@83d1dc0{l=/127.0.0.1:37555,r=/127.0.0.1:51366,OPEN,fill=FI,flush=-,to=0/30000}=>HttpConnection@4e96c609[p=HttpParser{s=START,0 of -1},g=HttpGenerator@5e22badb{s=START}]=>HttpChannelOverHttp@ce943da{s=HttpChannelState@568c119b{s=IDLE rs=BLOCKING os=OPEN is=IDLE awp=false se=false i=true al=0},r=0,c=false/false,a=IDLE,uri=null,age=0}
02:33:25.631 [qtp399373008-62] DEBUG org.eclipse.jetty.io.ManagedSelector - updates 0
02:33:25.631 [qtp399373008-62] DEBUG org.eclipse.jetty.io.ManagedSelector - Selector sun.nio.ch.EPollSelectorImpl@19de0680 waiting with 1 keys
02:33:25.669 [qtp399373008-62] DEBUG org.eclipse.jetty.io.ManagedSelector - Selector sun.nio.ch.EPollSelectorImpl@19de0680 woken up from select, 1/1/1 selected
02:33:25.669 [qtp399373008-62] DEBUG org.eclipse.jetty.io.ManagedSelector - Selector sun.nio.ch.EPollSelectorImpl@19de0680 processing 1 keys, 0 updates
02:33:25.669 [qtp399373008-62] DEBUG org.eclipse.jetty.io.ManagedSelector - selected 1 sun.nio.ch.SelectionKeyImpl@1719ebcb SocketChannelEndPoint@5de071e3{l=/127.0.0.1:37555,r=/127.0.0.1:51366,OPEN,fill=FI,flush=-,to=38/30000}{io=1/1,kio=1,kro=1}->SslConnection@3e9173d4{NEED_UNWRAP,eio=-1/-1,di=-1,fill=INTERESTED,flush=IDLE}~>DecryptedEndPoint@83d1dc0{l=/127.0.0.1:37555,r=/127.0.0.1:51366,OPEN,fill=FI,flush=-,to=38/30000}=>HttpConnection@4e96c609[p=HttpParser{s=START,0 of -1},g=HttpGenerator@5e22badb{s=START}]=>HttpChannelOverHttp@ce943da{s=HttpChannelState@568c119b{s=IDLE rs=BLOCKING os=OPEN is=IDLE awp=false se=false i=true al=0},r=0,c=false/false,a=IDLE,uri=null,age=0} 
02:33:25.669 [qtp399373008-62] DEBUG org.eclipse.jetty.io.ChannelEndPoint - onSelected 1->0 r=true w=false for SocketChannelEndPoint@5de071e3{l=/127.0.0.1:37555,r=/127.0.0.1:51366,OPEN,fill=FI,flush=-,to=38/30000}{io=1/0,kio=1,kro=1}->SslConnection@3e9173d4{NEED_UNWRAP,eio=-1/-1,di=-1,fill=INTERESTED,flush=IDLE}~>DecryptedEndPoint@83d1dc0{l=/127.0.0.1:37555,r=/127.0.0.1:51366,OPEN,fill=FI,flush=-,to=38/30000}=>HttpConnection@4e96c609[p=HttpParser{s=START,0 of -1},g=HttpGenerator@5e22badb{s=START}]=>HttpChannelOverHttp@ce943da{s=HttpChannelState@568c119b{s=IDLE rs=BLOCKING os=OPEN is=IDLE awp=false se=false i=true al=0},r=0,c=false/false,a=IDLE,uri=null,age=0}
02:33:25.669 [qtp399373008-62] DEBUG org.eclipse.jetty.io.ChannelEndPoint - task CEP:SocketChannelEndPoint@5de071e3{l=/127.0.0.1:37555,r=/127.0.0.1:51366,OPEN,fill=FI,flush=-,to=38/30000}{io=1/0,kio=1,kro=1}->SslConnection@3e9173d4{NEED_UNWRAP,eio=-1/-1,di=-1,fill=INTERESTED,flush=IDLE}~>DecryptedEndPoint@83d1dc0{l=/127.0.0.1:37555,r=/127.0.0.1:51366,OPEN,fill=FI,flush=-,to=39/30000}=>HttpConnection@4e96c609[p=HttpParser{s=START,0 of -1},g=HttpGenerator@5e22badb{s=START}]=>HttpChannelOverHttp@ce943da{s=HttpChannelState@568c119b{s=IDLE rs=BLOCKING os=OPEN is=IDLE awp=false se=false i=true al=0},r=0,c=false/false,a=IDLE,uri=null,age=0}:runFillable:BLOCKING
02:33:25.669 [qtp399373008-62] DEBUG org.eclipse.jetty.util.thread.ReservedThreadExecutor - ReservedThreadExecutor@424fd310{reserved=2/8,pending=0} tryExecute EatWhatYouKill@1c3146bc/SelectorProducer@56c698e3/PRODUCING/p=false/QueuedThreadPool[qtp399373008]@17cdf2d0{STARTED,8<=8<=200,i=1,r=-1,q=0}[ReservedThreadExecutor@424fd310{reserved=2/8,pending=0}][pc=0,pic=0,pec=0,epc=2]@2024-05-02T02:33:25.669+01:00
02:33:25.669 [qtp399373008-62] DEBUG org.eclipse.jetty.util.thread.strategy.EatWhatYouKill - EatWhatYouKill@1c3146bc/SelectorProducer@56c698e3/IDLE/p=true/QueuedThreadPool[qtp399373008]@17cdf2d0{STARTED,8<=8<=200,i=1,r=-1,q=0}[ReservedThreadExecutor@424fd310{reserved=1/8,pending=0}][pc=0,pic=0,pec=0,epc=2]@2024-05-02T02:33:25.669+01:00 m=EXECUTE_PRODUCE_CONSUME t=CEP:SocketChannelEndPoint@5de071e3{l=/127.0.0.1:37555,r=/127.0.0.1:51366,OPEN,fill=FI,flush=-,to=39/30000}{io=1/0,kio=1,kro=1}->SslConnection@3e9173d4{NEED_UNWRAP,eio=-1/-1,di=-1,fill=INTERESTED,flush=IDLE}~>DecryptedEndPoint@83d1dc0{l=/127.0.0.1:37555,r=/127.0.0.1:51366,OPEN,fill=FI,flush=-,to=39/30000}=>HttpConnection@4e96c609[p=HttpParser{s=START,0 of -1},g=HttpGenerator@5e22badb{s=START}]=>HttpChannelOverHttp@ce943da{s=HttpChannelState@568c119b{s=IDLE rs=BLOCKING os=OPEN is=IDLE awp=false se=false i=true al=0},r=0,c=false/false,a=IDLE,uri=null,age=0}:runFillable:BLOCKING/BLOCKING
02:33:25.669 [qtp399373008-61] DEBUG org.eclipse.jetty.util.thread.ReservedThreadExecutor - ReservedThread@6cc6bc95{RESERVED,thread=Thread[qtp399373008-61,5,main]} task=EatWhatYouKill@1c3146bc/SelectorProducer@56c698e3/IDLE/p=true/QueuedThreadPool[qtp399373008]@17cdf2d0{STARTED,8<=8<=200,i=1,r=-1,q=0}[ReservedThreadExecutor@424fd310{reserved=1/8,pending=0}][pc=0,pic=0,pec=0,epc=2]@2024-05-02T02:33:25.669+01:00 ReservedThreadExecutor@424fd310{reserved=1/8,pending=0}
02:33:25.669 [qtp399373008-62] DEBUG org.eclipse.jetty.io.FillInterest - fillable FillInterest@13b2cdfe{SSLC.NBReadCB@3e9173d4{SslConnection@3e9173d4::SocketChannelEndPoint@5de071e3{l=/127.0.0.1:37555,r=/127.0.0.1:51366,OPEN,fill=FI,flush=-,to=39/30000}{io=1/0,kio=1,kro=1}->SslConnection@3e9173d4{NEED_UNWRAP,eio=-1/-1,di=-1,fill=INTERESTED,flush=IDLE}~>DecryptedEndPoint@83d1dc0{l=/127.0.0.1:37555,r=/127.0.0.1:51366,OPEN,fill=FI,flush=-,to=39/30000}=>HttpConnection@4e96c609[p=HttpParser{s=START,0 of -1},g=HttpGenerator@5e22badb{s=START}]=>HttpChannelOverHttp@ce943da{s=HttpChannelState@568c119b{s=IDLE rs=BLOCKING os=OPEN is=IDLE awp=false se=false i=true al=0},r=0,c=false/false,a=IDLE,uri=null,age=0}}}
02:33:25.669 [qtp399373008-61] DEBUG org.eclipse.jetty.util.thread.strategy.EatWhatYouKill - EatWhatYouKill@1c3146bc/SelectorProducer@56c698e3/IDLE/p=true/QueuedThreadPool[qtp399373008]@17cdf2d0{STARTED,8<=8<=200,i=1,r=-1,q=0}[ReservedThreadExecutor@424fd310{reserved=1/8,pending=0}][pc=0,pic=0,pec=0,epc=3]@2024-05-02T02:33:25.669+01:00 tryProduce true
02:33:25.669 [qtp399373008-61] DEBUG org.eclipse.jetty.io.ManagedSelector - updateable 0
02:33:25.669 [qtp399373008-61] DEBUG org.eclipse.jetty.io.ManagedSelector - updates 0
02:33:25.669 [qtp399373008-62] DEBUG org.eclipse.jetty.io.ssl.SslConnection - >c.onFillable SslConnection@3e9173d4::SocketChannelEndPoint@5de071e3{l=/127.0.0.1:37555,r=/127.0.0.1:51366,OPEN,fill=-,flush=-,to=39/30000}{io=1/0,kio=1,kro=1}->SslConnection@3e9173d4{NEED_UNWRAP,eio=-1/-1,di=-1,fill=INTERESTED,flush=IDLE}~>DecryptedEndPoint@83d1dc0{l=/127.0.0.1:37555,r=/127.0.0.1:51366,OPEN,fill=FI,flush=-,to=39/30000}=>HttpConnection@4e96c609[p=HttpParser{s=START,0 of -1},g=HttpGenerator@5e22badb{s=START}]=>HttpChannelOverHttp@ce943da{s=HttpChannelState@568c119b{s=IDLE rs=BLOCKING os=OPEN is=IDLE awp=false se=false i=true al=0},r=0,c=false/false,a=IDLE,uri=null,age=0}
02:33:25.670 [qtp399373008-61] DEBUG org.eclipse.jetty.io.ChannelEndPoint - Key interests updated 1 -> 0 on SocketChannelEndPoint@5de071e3{l=/127.0.0.1:37555,r=/127.0.0.1:51366,OPEN,fill=-,flush=-,to=39/30000}{io=0/0,kio=0,kro=1}->SslConnection@3e9173d4{NEED_UNWRAP,eio=-1/-1,di=-1,fill=INTERESTED,flush=IDLE}~>DecryptedEndPoint@83d1dc0{l=/127.0.0.1:37555,r=/127.0.0.1:51366,OPEN,fill=FI,flush=-,to=39/30000}=>HttpConnection@4e96c609[p=HttpParser{s=START,0 of -1},g=HttpGenerator@5e22badb{s=START}]=>HttpChannelOverHttp@ce943da{s=HttpChannelState@568c119b{s=IDLE rs=BLOCKING os=OPEN is=IDLE awp=false se=false i=true al=0},r=0,c=false/false,a=IDLE,uri=null,age=0}
02:33:25.670 [qtp399373008-62] DEBUG org.eclipse.jetty.io.ssl.SslConnection - onFillable SslConnection@3e9173d4::SocketChannelEndPoint@5de071e3{l=/127.0.0.1:37555,r=/127.0.0.1:51366,OPEN,fill=-,flush=-,to=39/30000}{io=0/0,kio=0,kro=1}->SslConnection@3e9173d4{NEED_UNWRAP,eio=-1/-1,di=-1,fill=INTERESTED,flush=IDLE}~>DecryptedEndPoint@83d1dc0{l=/127.0.0.1:37555,r=/127.0.0.1:51366,OPEN,fill=FI,flush=-,to=39/30000}=>HttpConnection@4e96c609[p=HttpParser{s=START,0 of -1},g=HttpGenerator@5e22badb{s=START}]=>HttpChannelOverHttp@ce943da{s=HttpChannelState@568c119b{s=IDLE rs=BLOCKING os=OPEN is=IDLE awp=false se=false i=true al=0},r=0,c=false/false,a=IDLE,uri=null,age=0}
02:33:25.670 [qtp399373008-61] DEBUG org.eclipse.jetty.io.ManagedSelector - Selector sun.nio.ch.EPollSelectorImpl@19de0680 waiting with 1 keys
02:33:25.670 [qtp399373008-62] DEBUG org.eclipse.jetty.io.FillInterest - fillable FillInterest@26fc9998{AC.ReadCB@4e96c609{HttpConnection@4e96c609::DecryptedEndPoint@83d1dc0{l=/127.0.0.1:37555,r=/127.0.0.1:51366,OPEN,fill=FI,flush=-,to=39/30000}}}
02:33:25.670 [qtp399373008-62] DEBUG org.eclipse.jetty.server.HttpConnection - HttpConnection@4e96c609::DecryptedEndPoint@83d1dc0{l=/127.0.0.1:37555,r=/127.0.0.1:51366,OPEN,fill=-,flush=-,to=39/30000} onFillable enter HttpChannelState@568c119b{s=IDLE rs=BLOCKING os=OPEN is=IDLE awp=false se=false i=true al=0} null
02:33:25.670 [qtp399373008-62] DEBUG org.eclipse.jetty.io.ssl.SslConnection - >fill SslConnection@3e9173d4::SocketChannelEndPoint@5de071e3{l=/127.0.0.1:37555,r=/127.0.0.1:51366,OPEN,fill=-,flush=-,to=39/30000}{io=0/0,kio=0,kro=1}->SslConnection@3e9173d4{NEED_UNWRAP,eio=-1/-1,di=-1,fill=IDLE,flush=IDLE}~>DecryptedEndPoint@83d1dc0{l=/127.0.0.1:37555,r=/127.0.0.1:51366,OPEN,fill=-,flush=-,to=39/30000}=>HttpConnection@4e96c609[p=HttpParser{s=START,0 of -1},g=HttpGenerator@5e22badb{s=START}]=>HttpChannelOverHttp@ce943da{s=HttpChannelState@568c119b{s=IDLE rs=BLOCKING os=OPEN is=IDLE awp=false se=false i=true al=0},r=0,c=false/false,a=IDLE,uri=null,age=0}
02:33:25.670 [qtp399373008-62] DEBUG org.eclipse.jetty.io.ssl.SslConnection - fill NEED_UNWRAP
02:33:25.670 [qtp399373008-62] DEBUG org.eclipse.jetty.io.ChannelEndPoint - filled 1508 HeapByteBuffer@ecac914[p=0,l=1508,c=17408,r=1508]={<<<\x17\x03\x03\x03\xAd\x07\xD9B5\xA4\x1b\xEc$\xC5y\xB3c/=\xA2\x85\xAaP\xC7\xCd...\xA1:z\x88F\xD4\xE8<j}\xC1\x17*\x113\n\xF0\xA3\xF9\x8f\xE9\xB4I>>>\x00\x00\x00\x00\x00\x00\x00\x00\x00...\x00\x00\x00\x00\x00\x00\x00}
02:33:25.670 [qtp399373008-62] DEBUG org.eclipse.jetty.io.ssl.SslConnection - net filled=1508
02:33:25.671 [qtp399373008-62] DEBUG org.eclipse.jetty.io.ssl.SslConnection - unwrap net_filled=1508 Status = OK HandshakeStatus = NEED_TASK bytesConsumed = 946 bytesProduced = 0 encryptedBuffer=[p=946,l=1508,c=17408,r=562] unwrapBuffer=HeapByteBuffer@196acfdd[p=0,l=0,c=17408,r=0]={<<<>>>\x14\x03\x03\x00\x01\x01\x84\xB0D...\x00\x00\x00\x00\x00\x00\x00} appBuffer=HeapByteBuffer@196acfdd[p=0,l=0,c=17408,r=0]={<<<>>>\x14\x03\x03\x00\x01\x01\x84\xB0D...\x00\x00\x00\x00\x00\x00\x00}
02:33:25.671 [qtp399373008-62] DEBUG org.eclipse.jetty.io.ssl.SslConnection - fill NEED_TASK
02:33:25.671 [qtp399373008-62] DEBUG org.eclipse.jetty.io.ssl.SslConnection - fill NEED_UNWRAP
02:33:25.671 [qtp399373008-62] DEBUG org.eclipse.jetty.io.ChannelEndPoint - filled 0 HeapByteBuffer@ecac914[p=946,l=1508,c=17408,r=562]={\x17\x03\x03\x03\xAd\x0b\x00\x03\x88...\xCc\xF7\xE1\x19\x8c\xDb\xC6<<<\x17\x03\x03\x01)]\xDb\xDb\xA5\xAe`qB\x95df\xAdN \x8d\x97\x04)U8...\xA1:z\x88F\xD4\xE8<j}\xC1\x17*\x113\n\xF0\xA3\xF9\x8f\xE9\xB4I>>>\x00\x00\x00\x00\x00\x00\x00\x00\x00...\x00\x00\x00\x00\x00\x00\x00}
02:33:25.671 [qtp399373008-62] DEBUG org.eclipse.jetty.io.ssl.SslConnection - net filled=0
02:33:25.671 [qtp399373008-62] DEBUG org.eclipse.jetty.io.ssl.SslConnection - unwrap net_filled=0 Status = OK HandshakeStatus = NEED_TASK bytesConsumed = 302 bytesProduced = 0 encryptedBuffer=[p=1248,l=1508,c=17408,r=260] unwrapBuffer=HeapByteBuffer@196acfdd[p=0,l=0,c=17408,r=0]={<<<>>>\x14\x03\x03\x00\x01\x01\x84\xB0D...\x00\x00\x00\x00\x00\x00\x00} appBuffer=HeapByteBuffer@196acfdd[p=0,l=0,c=17408,r=0]={<<<>>>\x14\x03\x03\x00\x01\x01\x84\xB0D...\x00\x00\x00\x00\x00\x00\x00}
02:33:25.671 [qtp399373008-62] DEBUG org.eclipse.jetty.io.ssl.SslConnection - fill NEED_TASK
02:33:25.672 [qtp399373008-62] DEBUG org.eclipse.jetty.io.ssl.SslConnection - fill NEED_UNWRAP
02:33:25.672 [qtp399373008-62] DEBUG org.eclipse.jetty.io.ChannelEndPoint - filled 0 HeapByteBuffer@ecac914[p=1248,l=1508,c=17408,r=260]={\x17\x03\x03\x03\xAd\x0b\x00\x03\x88...a\xA71\xC1\xFe$b<<<\x17\x03\x03\x00U/-\x0f\xA2X\xCc\xF8\xC0\x95c\xD4\x06<D.\xF49]G\x08...\xA1:z\x88F\xD4\xE8<j}\xC1\x17*\x113\n\xF0\xA3\xF9\x8f\xE9\xB4I>>>\x00\x00\x00\x00\x00\x00\x00\x00\x00...\x00\x00\x00\x00\x00\x00\x00}
02:33:25.672 [qtp399373008-62] DEBUG org.eclipse.jetty.io.ssl.SslConnection - net filled=0
02:33:25.673 [qtp399373008-62] DEBUG org.eclipse.jetty.io.ssl.SslConnection - unwrap net_filled=0 Status = OK HandshakeStatus = NEED_WRAP bytesConsumed = 90 bytesProduced = 0 encryptedBuffer=[p=1338,l=1508,c=17408,r=170] unwrapBuffer=HeapByteBuffer@196acfdd[p=0,l=0,c=17408,r=0]={<<<>>>\x14\x03\x03\x00\x01\x01\x84\xB0D...\x00\x00\x00\x00\x00\x00\x00} appBuffer=HeapByteBuffer@196acfdd[p=0,l=0,c=17408,r=0]={<<<>>>\x14\x03\x03\x00\x01\x01\x84\xB0D...\x00\x00\x00\x00\x00\x00\x00}
02:33:25.673 [qtp399373008-62] DEBUG org.eclipse.jetty.io.ssl.SslConnection - fill NEED_WRAP
02:33:25.673 [qtp399373008-62] DEBUG org.eclipse.jetty.io.ssl.SslConnection - >flush SslConnection@3e9173d4::SocketChannelEndPoint@5de071e3{l=/127.0.0.1:37555,r=/127.0.0.1:51366,OPEN,fill=-,flush=-,to=2/30000}{io=0/0,kio=0,kro=1}->SslConnection@3e9173d4{NEED_WRAP,eio=170/-1,di=-1,fill=IDLE,flush=IDLE}~>DecryptedEndPoint@83d1dc0{l=/127.0.0.1:37555,r=/127.0.0.1:51366,OPEN,fill=-,flush=-,to=43/30000}=>HttpConnection@4e96c609[p=HttpParser{s=START,0 of -1},g=HttpGenerator@5e22badb{s=START}]=>HttpChannelOverHttp@ce943da{s=HttpChannelState@568c119b{s=IDLE rs=BLOCKING os=OPEN is=IDLE awp=false se=false i=true al=0},r=0,c=false/false,a=IDLE,uri=null,age=0}
02:33:25.673 [qtp399373008-62] DEBUG org.eclipse.jetty.io.ssl.SslConnection - flush b[0]=HeapByteBuffer@98da274[p=0,l=0,c=0,r=0]={<<<>>>}
02:33:25.673 [qtp399373008-62] DEBUG org.eclipse.jetty.io.ssl.SslConnection - flush NEED_WRAP
02:33:25.674 [qtp399373008-62] DEBUG org.eclipse.jetty.io.ssl.SslConnection - wrap Status = OK HandshakeStatus = FINISHED bytesConsumed = 0 bytesProduced = 88 [p=0,l=88,c=17408,r=88] ioDone=false/false
02:33:25.674 [qtp399373008-62] DEBUG org.eclipse.jetty.io.ChannelEndPoint - flushed 88 SocketChannelEndPoint@5de071e3{l=/127.0.0.1:37555,r=/127.0.0.1:51366,OPEN,fill=-,flush=-,to=3/30000}{io=0/0,kio=0,kro=1}->SslConnection@3e9173d4{NOT_HANDSHAKING,eio=170/0,di=-1,fill=IDLE,flush=IDLE}~>DecryptedEndPoint@83d1dc0{l=/127.0.0.1:37555,r=/127.0.0.1:51366,OPEN,fill=-,flush=-,to=43/30000}=>HttpConnection@4e96c609[p=HttpParser{s=START,0 of -1},g=HttpGenerator@5e22badb{s=START}]=>HttpChannelOverHttp@ce943da{s=HttpChannelState@568c119b{s=IDLE rs=BLOCKING os=OPEN is=IDLE awp=false se=false i=true al=0},r=0,c=false/false,a=IDLE,uri=null,age=0}
02:33:25.674 [qtp399373008-62] DEBUG org.eclipse.jetty.io.ssl.SslConnection - net flushed=true, ac=true
02:33:25.674 [qtp399373008-62] DEBUG org.eclipse.jetty.io.ssl.SslConnection - handshake succeeded SslConnection@3e9173d4::SocketChannelEndPoint@5de071e3{l=/127.0.0.1:37555,r=/127.0.0.1:51366,OPEN,fill=-,flush=-,to=0/30000}{io=0/0,kio=0,kro=1}->SslConnection@3e9173d4{NOT_HANDSHAKING,eio=170/0,di=-1,fill=IDLE,flush=IDLE}~>DecryptedEndPoint@83d1dc0{l=/127.0.0.1:37555,r=/127.0.0.1:51366,OPEN,fill=-,flush=-,to=43/30000}=>HttpConnection@4e96c609[p=HttpParser{s=START,0 of -1},g=HttpGenerator@5e22badb{s=START}]=>HttpChannelOverHttp@ce943da{s=HttpChannelState@568c119b{s=IDLE rs=BLOCKING os=OPEN is=IDLE awp=false se=false i=true al=0},r=0,c=false/false,a=IDLE,uri=null,age=0} resumed server TLSv1.3/TLS_AES_256_GCM_SHA384
02:33:25.674 [qtp399373008-62] DEBUG org.eclipse.jetty.io.ssl.SslConnection - <flush true SslConnection@3e9173d4::SocketChannelEndPoint@5de071e3{l=/127.0.0.1:37555,r=/127.0.0.1:51366,OPEN,fill=-,flush=-,to=0/30000}{io=0/0,kio=0,kro=1}->SslConnection@3e9173d4{NOT_HANDSHAKING,eio=170/-1,di=-1,fill=IDLE,flush=IDLE}~>DecryptedEndPoint@83d1dc0{l=/127.0.0.1:37555,r=/127.0.0.1:51366,OPEN,fill=-,flush=-,to=43/30000}=>HttpConnection@4e96c609[p=HttpParser{s=START,0 of -1},g=HttpGenerator@5e22badb{s=START}]=>HttpChannelOverHttp@ce943da{s=HttpChannelState@568c119b{s=IDLE rs=BLOCKING os=OPEN is=IDLE awp=false se=false i=true al=0},r=0,c=false/false,a=IDLE,uri=null,age=0}
02:33:25.674 [qtp399373008-62] DEBUG org.eclipse.jetty.io.ssl.SslConnection - fill NOT_HANDSHAKING
02:33:25.674 [qtp399373008-62] DEBUG org.eclipse.jetty.io.ChannelEndPoint - filled 0 HeapByteBuffer@ecac914[p=1338,l=1508,c=17408,r=170]={\x17\x03\x03\x03\xAd\x0b\x00\x03\x88...&\xE2\xA1\xB7 \x08r<<<\x17\x03\x03\x00\xA5)\xD1\x16L\xAfuH\xA2ll\xAa\x07yX\xCe\xD0b\xBb%\xD2...\xA1:z\x88F\xD4\xE8<j}\xC1\x17*\x113\n\xF0\xA3\xF9\x8f\xE9\xB4I>>>\x00\x00\x00\x00\x00\x00\x00\x00\x00...\x00\x00\x00\x00\x00\x00\x00}
02:33:25.674 [qtp399373008-62] DEBUG org.eclipse.jetty.io.ssl.SslConnection - net filled=0
02:33:25.674 [qtp399373008-62] DEBUG org.eclipse.jetty.io.ssl.SslConnection - unwrap net_filled=0 Status = OK HandshakeStatus = NOT_HANDSHAKING bytesConsumed = 170 bytesProduced = 132 encryptedBuffer=[p=1508,l=1508,c=17408,r=0] unwrapBuffer=HeapByteBuffer@196acfdd[p=0,l=132,c=17408,r=132]={<<<GET / HTTP/1.1\r\nIf-None-M...gent: okhttp/3.12.3\r\n\r\n>>>\xC0\xF0\xA2q\xAc\xFd\x1e\x89"...\x00\x00\x00\x00\x00\x00\x00} appBuffer=HeapByteBuffer@196acfdd[p=0,l=132,c=17408,r=132]={<<<GET / HTTP/1.1\r\nIf-None-M...gent: okhttp/3.12.3\r\n\r\n>>>\xC0\xF0\xA2q\xAc\xFd\x1e\x89"...\x00\x00\x00\x00\x00\x00\x00}
02:33:25.674 [qtp399373008-62] DEBUG org.eclipse.jetty.io.ssl.SslConnection - <fill f=132 uf=false SslConnection@3e9173d4::SocketChannelEndPoint@5de071e3{l=/127.0.0.1:37555,r=/127.0.0.1:51366,OPEN,fill=-,flush=-,to=0/30000}{io=0/0,kio=0,kro=1}->SslConnection@3e9173d4{NOT_HANDSHAKING,eio=-1/-1,di=-1,fill=IDLE,flush=IDLE}~>DecryptedEndPoint@83d1dc0{l=/127.0.0.1:37555,r=/127.0.0.1:51366,OPEN,fill=-,flush=-,to=44/30000}=>HttpConnection@4e96c609[p=HttpParser{s=START,0 of -1},g=HttpGenerator@5e22badb{s=START}]=>HttpChannelOverHttp@ce943da{s=HttpChannelState@568c119b{s=IDLE rs=BLOCKING os=OPEN is=IDLE awp=false se=false i=true al=0},r=0,c=false/false,a=IDLE,uri=null,age=0}
02:33:25.674 [qtp399373008-62] DEBUG org.eclipse.jetty.server.HttpConnection - HttpConnection@4e96c609::DecryptedEndPoint@83d1dc0{l=/127.0.0.1:37555,r=/127.0.0.1:51366,OPEN,fill=-,flush=-,to=44/30000} filled 132 HeapByteBuffer@196acfdd[p=0,l=132,c=17408,r=132]={<<<GET / HTTP/1.1\r\nIf-None-M...gent: okhttp/3.12.3\r\n\r\n>>>\xC0\xF0\xA2q\xAc\xFd\x1e\x89"...\x00\x00\x00\x00\x00\x00\x00}
02:33:25.674 [qtp399373008-62] DEBUG org.eclipse.jetty.server.HttpConnection - HttpConnection@4e96c609::DecryptedEndPoint@83d1dc0{l=/127.0.0.1:37555,r=/127.0.0.1:51366,OPEN,fill=-,flush=-,to=44/30000} parse HeapByteBuffer@196acfdd[p=0,l=132,c=17408,r=132]={<<<GET / HTTP/1.1\r\nIf-None-M...gent: okhttp/3.12.3\r\n\r\n>>>\xC0\xF0\xA2q\xAc\xFd\x1e\x89"...\x00\x00\x00\x00\x00\x00\x00} {}
02:33:25.674 [qtp399373008-62] DEBUG org.eclipse.jetty.http.HttpParser - parseNext s=START HeapByteBuffer@196acfdd[p=0,l=132,c=17408,r=132]={<<<GET / HTTP/1.1\r\nIf-None-M...gent: okhttp/3.12.3\r\n\r\n>>>\xC0\xF0\xA2q\xAc\xFd\x1e\x89"...\x00\x00\x00\x00\x00\x00\x00}
02:33:25.674 [qtp399373008-62] DEBUG org.eclipse.jetty.http.HttpParser - START --> SPACE1
02:33:25.674 [qtp399373008-62] DEBUG org.eclipse.jetty.http.HttpParser - SPACE1 --> URI
02:33:25.675 [qtp399373008-62] DEBUG org.eclipse.jetty.http.HttpParser - URI --> SPACE2
02:33:25.675 [qtp399373008-62] DEBUG org.eclipse.jetty.http.HttpParser - SPACE2 --> REQUEST_VERSION
02:33:25.675 [qtp399373008-62] DEBUG org.eclipse.jetty.http.HttpParser - REQUEST_VERSION --> HEADER
02:33:25.675 [qtp399373008-62] DEBUG org.eclipse.jetty.http.HttpParser - HEADER:If-None-Match --> VALUE
02:33:25.675 [qtp399373008-62] DEBUG org.eclipse.jetty.http.HttpParser - HEADER:If-None-Match --> FIELD
02:33:25.675 [qtp399373008-62] DEBUG org.eclipse.jetty.http.HttpParser - HEADER:Host --> VALUE
02:33:25.675 [qtp399373008-62] DEBUG org.eclipse.jetty.http.HttpParser - HEADER:Host --> IN_VALUE
02:33:25.675 [qtp399373008-62] DEBUG org.eclipse.jetty.http.HttpParser - HEADER:Host --> FIELD
02:33:25.675 [qtp399373008-62] DEBUG org.eclipse.jetty.http.HttpParser - HEADER:Connection: keep-alive --> IN_VALUE
02:33:25.675 [qtp399373008-62] DEBUG org.eclipse.jetty.http.HttpParser - HEADER:Connection: keep-alive --> FIELD
02:33:25.675 [qtp399373008-62] DEBUG org.eclipse.jetty.http.HttpParser - HEADER:Accept-Encoding: gzip --> IN_VALUE
02:33:25.675 [qtp399373008-62] DEBUG org.eclipse.jetty.http.HttpParser - HEADER:Accept-Encoding: gzip --> FIELD
02:33:25.675 [qtp399373008-62] DEBUG org.eclipse.jetty.http.HttpParser - HEADER:User-Agent --> VALUE
02:33:25.675 [qtp399373008-62] DEBUG org.eclipse.jetty.http.HttpParser - HEADER:User-Agent --> IN_VALUE
02:33:25.675 [qtp399373008-62] DEBUG org.eclipse.jetty.http.HttpParser - HEADER:User-Agent --> FIELD
02:33:25.675 [qtp399373008-62] DEBUG org.eclipse.jetty.http.HttpParser - HEADER --> CONTENT
02:33:25.675 [qtp399373008-62] DEBUG org.eclipse.jetty.server.HttpChannel - REQUEST for //localhost:37555/ on HttpChannelOverHttp@ce943da{s=HttpChannelState@568c119b{s=IDLE rs=BLOCKING os=OPEN is=IDLE awp=false se=false i=true al=0},r=1,c=false/false,a=IDLE,uri=//localhost:37555/,age=0}
GET //localhost:37555/ HTTP/1.1
If-None-Match: 
Host: localhost:37555
Connection: keep-alive
Accept-Encoding: gzip
User-Agent: okhttp/3.12.3


02:33:25.675 [qtp399373008-62] DEBUG org.eclipse.jetty.server.HttpConnection - HttpConnection@4e96c609::DecryptedEndPoint@83d1dc0{l=/127.0.0.1:37555,r=/127.0.0.1:51366,OPEN,fill=-,flush=-,to=44/30000} parsed true HttpParser{s=CONTENT,0 of -1}
02:33:25.675 [qtp399373008-62] DEBUG org.eclipse.jetty.server.HttpConnection - releaseRequestBuffer HttpConnection@4e96c609::DecryptedEndPoint@83d1dc0{l=/127.0.0.1:37555,r=/127.0.0.1:51366,OPEN,fill=-,flush=-,to=44/30000}
02:33:25.675 [qtp399373008-62] DEBUG org.eclipse.jetty.server.HttpChannel - handle //localhost:37555/ HttpChannelOverHttp@ce943da{s=HttpChannelState@568c119b{s=IDLE rs=BLOCKING os=OPEN is=IDLE awp=false se=false i=true al=0},r=1,c=false/false,a=IDLE,uri=//localhost:37555/,age=0} 
02:33:25.675 [qtp399373008-62] DEBUG org.eclipse.jetty.server.HttpChannelState - handling HttpChannelState@568c119b{s=IDLE rs=BLOCKING os=OPEN is=IDLE awp=false se=false i=true al=0}
02:33:25.675 [qtp399373008-62] DEBUG org.eclipse.jetty.server.HttpChannel - action DISPATCH HttpChannelOverHttp@ce943da{s=HttpChannelState@568c119b{s=HANDLING rs=BLOCKING os=OPEN is=IDLE awp=false se=false i=true al=0},r=1,c=false/false,a=HANDLING,uri=//localhost:37555/,age=0}
02:33:25.675 [qtp399373008-62] DEBUG org.eclipse.jetty.server.SecureRequestCustomizer - Host localhost with SNI null
02:33:25.675 [qtp399373008-62] DEBUG org.eclipse.jetty.server.Server - REQUEST GET / on HttpChannelOverHttp@ce943da{s=HttpChannelState@568c119b{s=HANDLING rs=BLOCKING os=OPEN is=IDLE awp=false se=false i=true al=0},r=1,c=false/false,a=HANDLING,uri=https://localhost:37555/,age=0}
02:33:25.675 [qtp399373008-62] DEBUG org.eclipse.jetty.server.HttpOutput - write(array HeapByteBuffer@703b2a83[p=0,l=4,c=512,r=4]={<<<test>>>\x00\x00\x00\x00\x00\x00\x00\x00\x00...\x00\x00\x00\x00\x00\x00\x00})
02:33:25.675 [qtp399373008-62] DEBUG org.eclipse.jetty.server.HttpOutput - write(array) s=CLOSING,api=BLOCKED,sc=false,e=null last=true agg=false flush=true async=false, len=4 null
02:33:25.675 [qtp399373008-62] DEBUG org.eclipse.jetty.server.HttpChannel - sendResponse info=null content=HeapByteBuffer@618b9762[p=0,l=4,c=512,r=4]={<<<test>>>\x00\x00\x00\x00\x00\x00\x00\x00\x00...\x00\x00\x00\x00\x00\x00\x00} complete=true committing=true callback=Blocker@211fd3c9{null}
02:33:25.675 [qtp399373008-62] DEBUG org.eclipse.jetty.server.HttpChannel - COMMIT for / on HttpChannelOverHttp@ce943da{s=HttpChannelState@568c119b{s=HANDLING rs=BLOCKING os=COMMITTED is=IDLE awp=false se=false i=true al=0},r=1,c=false/false,a=HANDLING,uri=https://localhost:37555/,age=0}
200 null HTTP/1.1
Date: Thu, 02 May 2024 01:33:25 GMT
ETag: testEtag
Content-Type: text/plain;charset=utf-8
Content-Length: 4


02:33:25.675 [qtp399373008-62] DEBUG org.eclipse.jetty.server.HttpConnection - generate: NEED_HEADER for SendCallback@6ec4f410[PROCESSING][i=HTTP/1.1{s=200,h=4,cl=4},cb=org.eclipse.jetty.server.HttpChannel$SendCallback@4782a479] (null,[p=0,l=4,c=512,r=4],true)@START
02:33:25.675 [qtp399373008-62] DEBUG org.eclipse.jetty.http.HttpGenerator - generateHeaders HTTP/1.1{s=200,h=4,cl=4} last=true content=HeapByteBuffer@618b9762[p=0,l=4,c=512,r=4]={<<<test>>>\x00\x00\x00\x00\x00\x00\x00\x00\x00...\x00\x00\x00\x00\x00\x00\x00}
02:33:25.675 [qtp399373008-62] DEBUG org.eclipse.jetty.http.HttpGenerator - Date: Thu, 02 May 2024 01:33:25 GMT
ETag: testEtag
Content-Type: text/plain;charset=utf-8
Content-Length: 4


02:33:25.675 [qtp399373008-62] DEBUG org.eclipse.jetty.http.HttpGenerator - CONTENT_LENGTH
02:33:25.675 [qtp399373008-62] DEBUG org.eclipse.jetty.server.HttpConnection - generate: FLUSH for SendCallback@6ec4f410[PROCESSING][i=HTTP/1.1{s=200,h=4,cl=4},cb=org.eclipse.jetty.server.HttpChannel$SendCallback@4782a479] ([p=0,l=164,c=8192,r=164],[p=0,l=4,c=512,r=4],true)@COMPLETING
02:33:25.676 [qtp399373008-62] DEBUG org.eclipse.jetty.io.WriteFlusher - write: WriteFlusher@7a8f1b6c{IDLE}->null [HeapByteBuffer@235f32c0[p=0,l=164,c=8192,r=164]={<<<HTTP/1.1 200 OK\r\nDate: Th...y(9.4.44.v20210927)\r\n\r\n>>>\x00\x00\x00\x00\x00\x00\x00\x00\x00...\x00\x00\x00\x00\x00\x00\x00},HeapByteBuffer@618b9762[p=0,l=4,c=512,r=4]={<<<test>>>\x00\x00\x00\x00\x00\x00\x00\x00\x00...\x00\x00\x00\x00\x00\x00\x00}]
02:33:25.676 [qtp399373008-62] DEBUG org.eclipse.jetty.io.WriteFlusher - update WriteFlusher@7a8f1b6c{WRITING}->null:IDLE-->WRITING
02:33:25.676 [qtp399373008-62] DEBUG org.eclipse.jetty.io.ssl.SslConnection - >flush SslConnection@3e9173d4::SocketChannelEndPoint@5de071e3{l=/127.0.0.1:37555,r=/127.0.0.1:51366,OPEN,fill=-,flush=-,to=1/30000}{io=0/0,kio=0,kro=1}->SslConnection@3e9173d4{NOT_HANDSHAKING,eio=-1/-1,di=-1,fill=IDLE,flush=IDLE}~>DecryptedEndPoint@83d1dc0{l=/127.0.0.1:37555,r=/127.0.0.1:51366,OPEN,fill=-,flush=W,to=45/30000}=>HttpConnection@4e96c609[p=HttpParser{s=CONTENT,0 of -1},g=HttpGenerator@5e22badb{s=COMPLETING}]=>HttpChannelOverHttp@ce943da{s=HttpChannelState@568c119b{s=HANDLING rs=BLOCKING os=COMMITTED is=IDLE awp=false se=false i=true al=0},r=1,c=false/false,a=HANDLING,uri=https://localhost:37555/,age=1}
02:33:25.676 [qtp399373008-62] DEBUG org.eclipse.jetty.io.ssl.SslConnection - flush b[0]=HeapByteBuffer@235f32c0[p=0,l=164,c=8192,r=164]={<<<HTTP/1.1 200 OK\r\nDate: Th...y(9.4.44.v20210927)\r\n\r\n>>>\x00\x00\x00\x00\x00\x00\x00\x00\x00...\x00\x00\x00\x00\x00\x00\x00}
02:33:25.676 [qtp399373008-62] DEBUG org.eclipse.jetty.io.ssl.SslConnection - flush b[1]=HeapByteBuffer@618b9762[p=0,l=4,c=512,r=4]={<<<test>>>\x00\x00\x00\x00\x00\x00\x00\x00\x00...\x00\x00\x00\x00\x00\x00\x00}
02:33:25.676 [qtp399373008-62] DEBUG org.eclipse.jetty.io.ssl.SslConnection - flush NOT_HANDSHAKING
02:33:25.676 [qtp399373008-62] DEBUG org.eclipse.jetty.io.ssl.SslConnection - wrap Status = OK HandshakeStatus = NOT_HANDSHAKING bytesConsumed = 168 bytesProduced = 206 [p=0,l=206,c=17408,r=206] ioDone=false/false
02:33:25.676 [qtp399373008-62] DEBUG org.eclipse.jetty.io.ChannelEndPoint - flushed 206 SocketChannelEndPoint@5de071e3{l=/127.0.0.1:37555,r=/127.0.0.1:51366,OPEN,fill=-,flush=-,to=2/30000}{io=0/0,kio=0,kro=1}->SslConnection@3e9173d4{NOT_HANDSHAKING,eio=-1/0,di=-1,fill=IDLE,flush=IDLE}~>DecryptedEndPoint@83d1dc0{l=/127.0.0.1:37555,r=/127.0.0.1:51366,OPEN,fill=-,flush=W,to=46/30000}=>HttpConnection@4e96c609[p=HttpParser{s=CONTENT,0 of -1},g=HttpGenerator@5e22badb{s=COMPLETING}]=>HttpChannelOverHttp@ce943da{s=HttpChannelState@568c119b{s=HANDLING rs=BLOCKING os=COMMITTED is=IDLE awp=false se=false i=true al=0},r=1,c=false/false,a=HANDLING,uri=https://localhost:37555/,age=1}
02:33:25.676 [qtp399373008-62] DEBUG org.eclipse.jetty.io.ssl.SslConnection - net flushed=true, ac=true
02:33:25.676 [qtp399373008-62] DEBUG org.eclipse.jetty.io.ssl.SslConnection - <flush true SslConnection@3e9173d4::SocketChannelEndPoint@5de071e3{l=/127.0.0.1:37555,r=/127.0.0.1:51366,OPEN,fill=-,flush=-,to=0/30000}{io=0/0,kio=0,kro=1}->SslConnection@3e9173d4{NOT_HANDSHAKING,eio=-1/-1,di=-1,fill=IDLE,flush=IDLE}~>DecryptedEndPoint@83d1dc0{l=/127.0.0.1:37555,r=/127.0.0.1:51366,OPEN,fill=-,flush=W,to=46/30000}=>HttpConnection@4e96c609[p=HttpParser{s=CONTENT,0 of -1},g=HttpGenerator@5e22badb{s=COMPLETING}]=>HttpChannelOverHttp@ce943da{s=HttpChannelState@568c119b{s=HANDLING rs=BLOCKING os=COMMITTED is=IDLE awp=false se=false i=true al=0},r=1,c=false/false,a=HANDLING,uri=https://localhost:37555/,age=1}
02:33:25.676 [qtp399373008-62] DEBUG org.eclipse.jetty.io.WriteFlusher - Flushed=true written=168 remaining=0 WriteFlusher@7a8f1b6c{WRITING}->null
02:33:25.676 [qtp399373008-62] DEBUG org.eclipse.jetty.io.WriteFlusher - update WriteFlusher@7a8f1b6c{IDLE}->null:WRITING-->IDLE
02:33:25.676 [main] DEBUG org.apache.nifi.minifi.bootstrap.configuration.ingestors.PullHttpChangeIngestor - Response received: Response{protocol=http/1.1, code=200, message=OK, url=https://localhost:37555/}
02:33:25.676 [qtp399373008-62] DEBUG org.eclipse.jetty.server.HttpConnection - generate: DONE for SendCallback@6ec4f410[PROCESSING][i=HTTP/1.1{s=200,h=4,cl=4},cb=org.eclipse.jetty.server.HttpChannel$SendCallback@4782a479] ([p=164,l=164,c=8192,r=0],[p=4,l=4,c=512,r=0],true)@END
02:33:25.676 [qtp399373008-62] DEBUG org.eclipse.jetty.server.HttpOutput - onWriteComplete(true,null) s=CLOSING,api=BLOCKED,sc=false,e=null->s=CLOSED,api=BLOCKING,sc=false,e=null c=null cb=null w=false
02:33:25.676 [qtp399373008-62] DEBUG org.eclipse.jetty.server.HttpOutput - close() s=CLOSED,api=BLOCKING,sc=false,e=null c=null b=null
02:33:25.676 [qtp399373008-62] DEBUG org.eclipse.jetty.server.Server - handled=true async=false committed=true on HttpChannelOverHttp@ce943da{s=HttpChannelState@568c119b{s=HANDLING rs=BLOCKING os=COMPLETED is=IDLE awp=false se=false i=true al=0},r=1,c=false/true,a=HANDLING,uri=https://localhost:37555/,age=1}
02:33:25.676 [qtp399373008-62] DEBUG org.eclipse.jetty.server.HttpChannelState - unhandle HttpChannelState@568c119b{s=HANDLING rs=BLOCKING os=COMPLETED is=IDLE awp=false se=false i=true al=0}
02:33:25.676 [qtp399373008-62] DEBUG org.eclipse.jetty.server.HttpChannelState - nextAction(false) COMPLETE HttpChannelState@568c119b{s=HANDLING rs=COMPLETING os=COMPLETED is=IDLE awp=false se=false i=false al=0}
02:33:25.676 [main] DEBUG org.apache.nifi.minifi.bootstrap.configuration.ingestors.PullHttpChangeIngestor - New change received, notifying listener
02:33:25.676 [qtp399373008-62] DEBUG org.eclipse.jetty.server.HttpChannel - action COMPLETE HttpChannelOverHttp@ce943da{s=HttpChannelState@568c119b{s=HANDLING rs=COMPLETING os=COMPLETED is=IDLE awp=false se=false i=false al=0},r=1,c=false/true,a=HANDLING,uri=https://localhost:37555/,age=1}
02:33:25.676 [qtp399373008-62] DEBUG org.eclipse.jetty.server.HttpOutput - complete(org.eclipse.jetty.util.Callback$3@25510e6f) s=CLOSED,api=BLOCKING,sc=false,e=null s=true e=null, c=null
02:33:25.676 [main] DEBUG org.apache.nifi.minifi.bootstrap.configuration.ingestors.PullHttpChangeIngestor - Listeners notified
02:33:25.677 [qtp399373008-62] DEBUG org.eclipse.jetty.server.HttpChannelState - completed HttpChannelState@568c119b{s=HANDLING rs=COMPLETING os=COMPLETED is=IDLE awp=false se=false i=false al=0}
02:33:25.677 [qtp399373008-62] DEBUG org.eclipse.jetty.server.HttpChannelState - unhandle HttpChannelState@568c119b{s=HANDLING rs=COMPLETED os=COMPLETED is=IDLE awp=false se=false i=false al=0}
02:33:25.677 [qtp399373008-62] DEBUG org.eclipse.jetty.server.HttpChannelState - nextAction(false) TERMINATED HttpChannelState@568c119b{s=IDLE rs=COMPLETED os=COMPLETED is=IDLE awp=false se=false i=false al=0}
02:33:25.677 [main] DEBUG org.apache.nifi.minifi.bootstrap.configuration.ingestors.PullHttpChangeIngestor - Attempting to pull new config
02:33:25.677 [qtp399373008-62] DEBUG org.eclipse.jetty.server.HttpChannel - action TERMINATED HttpChannelOverHttp@ce943da{s=HttpChannelState@568c119b{s=IDLE rs=COMPLETED os=COMPLETED is=IDLE awp=false se=false i=false al=0},r=1,c=true/true,a=IDLE,uri=https://localhost:37555/,age=2}
02:33:25.677 [qtp399373008-62] DEBUG org.eclipse.jetty.server.HttpChannel - onCompleted for / written=4
02:33:25.677 [qtp399373008-62] DEBUG org.eclipse.jetty.io.ssl.SslConnection - >fill SslConnection@3e9173d4::SocketChannelEndPoint@5de071e3{l=/127.0.0.1:37555,r=/127.0.0.1:51366,OPEN,fill=-,flush=-,to=0/30000}{io=0/0,kio=0,kro=1}->SslConnection@3e9173d4{NOT_HANDSHAKING,eio=-1/-1,di=-1,fill=IDLE,flush=IDLE}~>DecryptedEndPoint@83d1dc0{l=/127.0.0.1:37555,r=/127.0.0.1:51366,OPEN,fill=-,flush=-,to=46/30000}=>HttpConnection@4e96c609[p=HttpParser{s=CONTENT,0 of -1},g=HttpGenerator@5e22badb{s=END}]=>HttpChannelOverHttp@ce943da{s=HttpChannelState@568c119b{s=IDLE rs=COMPLETED os=COMPLETED is=IDLE awp=false se=false i=false al=0},r=1,c=true/true,a=IDLE,uri=https://localhost:37555/,age=2}
02:33:25.677 [qtp399373008-62] DEBUG org.eclipse.jetty.io.ssl.SslConnection - fill NOT_HANDSHAKING
02:33:25.677 [qtp399373008-62] DEBUG org.eclipse.jetty.io.ChannelEndPoint - filled 0 HeapByteBuffer@196acfdd[p=0,l=0,c=17408,r=0]={<<<>>>GET / HTT...\x00\x00\x00\x00\x00\x00\x00}
02:33:25.677 [qtp399373008-62] DEBUG org.eclipse.jetty.io.ssl.SslConnection - net filled=0
02:33:25.677 [qtp399373008-62] DEBUG org.eclipse.jetty.io.ssl.SslConnection - unwrap net_filled=0 Status = BUFFER_UNDERFLOW HandshakeStatus = NOT_HANDSHAKING bytesConsumed = 0 bytesProduced = 0 encryptedBuffer=[p=0,l=0,c=17408,r=0] unwrapBuffer=HeapByteBuffer@ecac914[p=0,l=0,c=17408,r=0]={<<<>>>\x17\x03\x03\x03\xAd\x0b\x00\x03\x88...\x00\x00\x00\x00\x00\x00\x00} appBuffer=HeapByteBuffer@ecac914[p=0,l=0,c=17408,r=0]={<<<>>>\x17\x03\x03\x03\xAd\x0b\x00\x03\x88...\x00\x00\x00\x00\x00\x00\x00}
02:33:25.677 [qtp399373008-62] DEBUG org.eclipse.jetty.io.ssl.SslConnection - <fill f=0 uf=true SslConnection@3e9173d4::SocketChannelEndPoint@5de071e3{l=/127.0.0.1:37555,r=/127.0.0.1:51366,OPEN,fill=-,flush=-,to=0/30000}{io=0/0,kio=0,kro=1}->SslConnection@3e9173d4{NOT_HANDSHAKING,eio=-1/-1,di=-1,fill=IDLE,flush=IDLE}~>DecryptedEndPoint@83d1dc0{l=/127.0.0.1:37555,r=/127.0.0.1:51366,OPEN,fill=-,flush=-,to=46/30000}=>HttpConnection@4e96c609[p=HttpParser{s=CONTENT,0 of -1},g=HttpGenerator@5e22badb{s=END}]=>HttpChannelOverHttp@ce943da{s=HttpChannelState@568c119b{s=IDLE rs=COMPLETED os=COMPLETED is=IDLE awp=false se=false i=false al=0},r=1,c=true/true,a=IDLE,uri=https://localhost:37555/,age=2}
02:33:25.677 [qtp399373008-62] DEBUG org.eclipse.jetty.io.ssl.SslConnection - >fill SslConnection@3e9173d4::SocketChannelEndPoint@5de071e3{l=/127.0.0.1:37555,r=/127.0.0.1:51366,OPEN,fill=-,flush=-,to=1/30000}{io=0/0,kio=0,kro=1}->SslConnection@3e9173d4{NOT_HANDSHAKING,eio=-1/-1,di=-1,fill=IDLE,flush=IDLE}~>DecryptedEndPoint@83d1dc0{l=/127.0.0.1:37555,r=/127.0.0.1:51366,OPEN,fill=-,flush=-,to=47/30000}=>HttpConnection@4e96c609[p=HttpParser{s=CONTENT,0 of -1},g=HttpGenerator@5e22badb{s=END}]=>HttpChannelOverHttp@ce943da{s=HttpChannelState@568c119b{s=IDLE rs=COMPLETED os=COMPLETED is=IDLE awp=false se=false i=false al=0},r=1,c=true/true,a=IDLE,uri=https://localhost:37555/,age=2}
02:33:25.677 [qtp399373008-62] DEBUG org.eclipse.jetty.io.ssl.SslConnection - fill NOT_HANDSHAKING
02:33:25.677 [qtp399373008-62] DEBUG org.eclipse.jetty.io.ChannelEndPoint - filled 180 HeapByteBuffer@d26bd[p=0,l=180,c=17408,r=180]={<<<\x17\x03\x03\x00\xAf\r\xA0\xD5\xDaID^\xF1\x06\x00\xD9\xC0k{\xDf\x8c\x849\x1a4...o]\xA9\xD9t:\x06;T\xFe\xBdOt\xE0G\x03\xEa\xEf\xBcT\xE6\x05\xDb>>>f:\xBa\x10(\x97\x00\xF3@...\x00\x00\x00\x00\x00\x00\x00}
02:33:25.677 [qtp399373008-62] DEBUG org.eclipse.jetty.io.ssl.SslConnection - net filled=180
02:33:25.677 [qtp399373008-62] DEBUG org.eclipse.jetty.io.ssl.SslConnection - unwrap net_filled=180 Status = OK HandshakeStatus = NOT_HANDSHAKING bytesConsumed = 180 bytesProduced = 142 encryptedBuffer=[p=180,l=180,c=17408,r=0] unwrapBuffer=HeapByteBuffer@ecac914[p=0,l=142,c=17408,r=142]={<<<GET / HTTP/1.1\r\nIf-None-M...gent: okhttp/3.12.3\r\n\r\n>>>0\x10\x06\x03U\x04\x03\x0c\t...\x00\x00\x00\x00\x00\x00\x00} appBuffer=HeapByteBuffer@ecac914[p=0,l=142,c=17408,r=142]={<<<GET / HTTP/1.1\r\nIf-None-M...gent: okhttp/3.12.3\r\n\r\n>>>0\x10\x06\x03U\x04\x03\x0c\t...\x00\x00\x00\x00\x00\x00\x00}
02:33:25.678 [qtp399373008-62] DEBUG org.eclipse.jetty.io.ssl.SslConnection - <fill f=142 uf=false SslConnection@3e9173d4::SocketChannelEndPoint@5de071e3{l=/127.0.0.1:37555,r=/127.0.0.1:51366,OPEN,fill=-,flush=-,to=0/30000}{io=0/0,kio=0,kro=1}->SslConnection@3e9173d4{NOT_HANDSHAKING,eio=-1/-1,di=-1,fill=IDLE,flush=IDLE}~>DecryptedEndPoint@83d1dc0{l=/127.0.0.1:37555,r=/127.0.0.1:51366,OPEN,fill=-,flush=-,to=47/30000}=>HttpConnection@4e96c609[p=HttpParser{s=CONTENT,0 of -1},g=HttpGenerator@5e22badb{s=END}]=>HttpChannelOverHttp@ce943da{s=HttpChannelState@568c119b{s=IDLE rs=COMPLETED os=COMPLETED is=IDLE awp=false se=false i=false al=0},r=1,c=true/true,a=IDLE,uri=https://localhost:37555/,age=2}
02:33:25.678 [qtp399373008-62] DEBUG org.eclipse.jetty.server.HttpConnection - HttpConnection@4e96c609::DecryptedEndPoint@83d1dc0{l=/127.0.0.1:37555,r=/127.0.0.1:51366,OPEN,fill=-,flush=-,to=47/30000} filled 142 HeapByteBuffer@ecac914[p=0,l=142,c=17408,r=142]={<<<GET / HTTP/1.1\r\nIf-None-M...gent: okhttp/3.12.3\r\n\r\n>>>0\x10\x06\x03U\x04\x03\x0c\t...\x00\x00\x00\x00\x00\x00\x00}
02:33:25.678 [qtp399373008-62] DEBUG org.eclipse.jetty.server.HttpConnection - HttpConnection@4e96c609::DecryptedEndPoint@83d1dc0{l=/127.0.0.1:37555,r=/127.0.0.1:51366,OPEN,fill=-,flush=-,to=47/30000} parse HeapByteBuffer@ecac914[p=0,l=142,c=17408,r=142]={<<<GET / HTTP/1.1\r\nIf-None-M...gent: okhttp/3.12.3\r\n\r\n>>>0\x10\x06\x03U\x04\x03\x0c\t...\x00\x00\x00\x00\x00\x00\x00} {}
02:33:25.678 [qtp399373008-62] DEBUG org.eclipse.jetty.http.HttpParser - parseNext s=CONTENT HeapByteBuffer@ecac914[p=0,l=142,c=17408,r=142]={<<<GET / HTTP/1.1\r\nIf-None-M...gent: okhttp/3.12.3\r\n\r\n>>>0\x10\x06\x03U\x04\x03\x0c\t...\x00\x00\x00\x00\x00\x00\x00}
02:33:25.678 [qtp399373008-62] DEBUG org.eclipse.jetty.http.HttpParser - CONTENT --> CONTENT_END
02:33:25.678 [qtp399373008-62] DEBUG org.eclipse.jetty.server.HttpChannel - onContentComplete HttpChannelOverHttp@ce943da{s=HttpChannelState@568c119b{s=IDLE rs=COMPLETED os=COMPLETED is=IDLE awp=false se=false i=false al=0},r=1,c=true/true,a=IDLE,uri=https://localhost:37555/,age=3}
02:33:25.678 [qtp399373008-62] DEBUG org.eclipse.jetty.http.HttpParser - CONTENT_END --> END
02:33:25.678 [qtp399373008-62] DEBUG org.eclipse.jetty.server.HttpChannel - onRequestComplete HttpChannelOverHttp@ce943da{s=HttpChannelState@568c119b{s=IDLE rs=COMPLETED os=COMPLETED is=IDLE awp=false se=false i=false al=0},r=1,c=true/true,a=IDLE,uri=https://localhost:37555/,age=3}
02:33:25.678 [qtp399373008-62] DEBUG org.eclipse.jetty.server.HttpInput - HttpInputOverHTTP@6c7c1aa1[c=0,q=0,[0]=null,s=STREAM] addContent EOF
02:33:25.678 [qtp399373008-62] DEBUG org.eclipse.jetty.server.HttpConnection - HttpConnection@4e96c609::DecryptedEndPoint@83d1dc0{l=/127.0.0.1:37555,r=/127.0.0.1:51366,OPEN,fill=-,flush=-,to=47/30000} parsed false HttpParser{s=END,0 of -1}
02:33:25.678 [qtp399373008-62] DEBUG org.eclipse.jetty.server.HttpChannelState - recycle HttpChannelState@568c119b{s=IDLE rs=COMPLETED os=COMPLETED is=IDLE awp=false se=false i=false al=0}
02:33:25.678 [qtp399373008-62] DEBUG org.eclipse.jetty.http.HttpParser - reset HttpParser{s=END,0 of -1}
02:33:25.678 [qtp399373008-62] DEBUG org.eclipse.jetty.http.HttpParser - END --> START
02:33:25.678 [qtp399373008-62] DEBUG org.eclipse.jetty.server.HttpChannel - !handle TERMINATED HttpChannelOverHttp@ce943da{s=HttpChannelState@568c119b{s=IDLE rs=BLOCKING os=OPEN is=IDLE awp=false se=false i=true al=0},r=1,c=false/false,a=IDLE,uri=null,age=0}
02:33:25.678 [qtp399373008-62] DEBUG org.eclipse.jetty.server.HttpConnection - HttpConnection@4e96c609::DecryptedEndPoint@83d1dc0{l=/127.0.0.1:37555,r=/127.0.0.1:51366,OPEN,fill=-,flush=-,to=47/30000} parse HeapByteBuffer@ecac914[p=0,l=142,c=17408,r=142]={<<<GET / HTTP/1.1\r\nIf-None-M...gent: okhttp/3.12.3\r\n\r\n>>>0\x10\x06\x03U\x04\x03\x0c\t...\x00\x00\x00\x00\x00\x00\x00} {}
02:33:25.678 [qtp399373008-62] DEBUG org.eclipse.jetty.http.HttpParser - parseNext s=START HeapByteBuffer@ecac914[p=0,l=142,c=17408,r=142]={<<<GET / HTTP/1.1\r\nIf-None-M...gent: okhttp/3.12.3\r\n\r\n>>>0\x10\x06\x03U\x04\x03\x0c\t...\x00\x00\x00\x00\x00\x00\x00}
02:33:25.678 [qtp399373008-62] DEBUG org.eclipse.jetty.http.HttpParser - START --> SPACE1
02:33:25.678 [qtp399373008-62] DEBUG org.eclipse.jetty.http.HttpParser - SPACE1 --> URI
02:33:25.678 [qtp399373008-62] DEBUG org.eclipse.jetty.http.HttpParser - URI --> SPACE2
02:33:25.678 [qtp399373008-62] DEBUG org.eclipse.jetty.http.HttpParser - SPACE2 --> REQUEST_VERSION
02:33:25.678 [qtp399373008-62] DEBUG org.eclipse.jetty.http.HttpParser - REQUEST_VERSION --> HEADER
02:33:25.678 [qtp399373008-62] DEBUG org.eclipse.jetty.http.HttpParser - HEADER:If-None-Match --> VALUE
02:33:25.678 [qtp399373008-62] DEBUG org.eclipse.jetty.http.HttpParser - HEADER:If-None-Match --> IN_VALUE
02:33:25.678 [qtp399373008-62] DEBUG org.eclipse.jetty.http.HttpParser - HEADER:If-None-Match --> FIELD
02:33:25.678 [qtp399373008-62] DEBUG org.eclipse.jetty.http.HttpParser - HEADER:Host: localhost:37555 --> IN_VALUE
02:33:25.678 [qtp399373008-62] DEBUG org.eclipse.jetty.http.HttpParser - HEADER:Host: localhost:37555 --> FIELD
02:33:25.678 [qtp399373008-62] DEBUG org.eclipse.jetty.http.HttpParser - HEADER:Connection: keep-alive --> IN_VALUE
02:33:25.678 [qtp399373008-62] DEBUG org.eclipse.jetty.http.HttpParser - HEADER:Connection: keep-alive --> FIELD
02:33:25.678 [qtp399373008-62] DEBUG org.eclipse.jetty.http.HttpParser - HEADER:Accept-Encoding: gzip --> IN_VALUE
02:33:25.678 [qtp399373008-62] DEBUG org.eclipse.jetty.http.HttpParser - HEADER:Accept-Encoding: gzip --> FIELD
02:33:25.678 [qtp399373008-62] DEBUG org.eclipse.jetty.http.HttpParser - HEADER:User-Agent: okhttp/3.12.3 --> IN_VALUE
02:33:25.678 [qtp399373008-62] DEBUG org.eclipse.jetty.http.HttpParser - HEADER:User-Agent: okhttp/3.12.3 --> FIELD
02:33:25.678 [qtp399373008-62] DEBUG org.eclipse.jetty.http.HttpParser - HEADER --> CONTENT
02:33:25.678 [qtp399373008-62] DEBUG org.eclipse.jetty.server.HttpChannel - REQUEST for //localhost:37555/ on HttpChannelOverHttp@ce943da{s=HttpChannelState@568c119b{s=IDLE rs=BLOCKING os=OPEN is=IDLE awp=false se=false i=true al=0},r=2,c=false/false,a=IDLE,uri=//localhost:37555/,age=0}
GET //localhost:37555/ HTTP/1.1
If-None-Match: "testEtag"
Host: localhost:37555
Connection: keep-alive
Accept-Encoding: gzip
User-Agent: okhttp/3.12.3


02:33:25.678 [qtp399373008-62] DEBUG org.eclipse.jetty.server.HttpConnection - HttpConnection@4e96c609::DecryptedEndPoint@83d1dc0{l=/127.0.0.1:37555,r=/127.0.0.1:51366,OPEN,fill=-,flush=-,to=48/30000} parsed true HttpParser{s=CONTENT,0 of -1}
02:33:25.678 [qtp399373008-62] DEBUG org.eclipse.jetty.server.HttpConnection - releaseRequestBuffer HttpConnection@4e96c609::DecryptedEndPoint@83d1dc0{l=/127.0.0.1:37555,r=/127.0.0.1:51366,OPEN,fill=-,flush=-,to=48/30000}
02:33:25.679 [qtp399373008-62] DEBUG org.eclipse.jetty.server.HttpChannel - handle //localhost:37555/ HttpChannelOverHttp@ce943da{s=HttpChannelState@568c119b{s=IDLE rs=BLOCKING os=OPEN is=IDLE awp=false se=false i=true al=0},r=2,c=false/false,a=IDLE,uri=//localhost:37555/,age=1} 
02:33:25.679 [qtp399373008-62] DEBUG org.eclipse.jetty.server.HttpChannelState - handling HttpChannelState@568c119b{s=IDLE rs=BLOCKING os=OPEN is=IDLE awp=false se=false i=true al=0}
02:33:25.679 [qtp399373008-62] DEBUG org.eclipse.jetty.server.HttpChannel - action DISPATCH HttpChannelOverHttp@ce943da{s=HttpChannelState@568c119b{s=HANDLING rs=BLOCKING os=OPEN is=IDLE awp=false se=false i=true al=0},r=2,c=false/false,a=HANDLING,uri=//localhost:37555/,age=1}
02:33:25.679 [qtp399373008-62] DEBUG org.eclipse.jetty.server.SecureRequestCustomizer - Host localhost with SNI null
02:33:25.679 [qtp399373008-62] DEBUG org.eclipse.jetty.server.Server - REQUEST GET / on HttpChannelOverHttp@ce943da{s=HttpChannelState@568c119b{s=HANDLING rs=BLOCKING os=OPEN is=IDLE awp=false se=false i=true al=0},r=2,c=false/false,a=HANDLING,uri=https://localhost:37555/,age=1}
02:33:25.679 [qtp399373008-62] DEBUG org.eclipse.jetty.server.Server - handled=true async=false committed=false on HttpChannelOverHttp@ce943da{s=HttpChannelState@568c119b{s=HANDLING rs=BLOCKING os=OPEN is=IDLE awp=false se=false i=true al=0},r=2,c=false/false,a=HANDLING,uri=https://localhost:37555/,age=1}
02:33:25.679 [qtp399373008-62] DEBUG org.eclipse.jetty.server.HttpChannelState - unhandle HttpChannelState@568c119b{s=HANDLING rs=BLOCKING os=OPEN is=IDLE awp=false se=false i=true al=0}
02:33:25.679 [qtp399373008-62] DEBUG org.eclipse.jetty.server.HttpChannelState - nextAction(false) COMPLETE HttpChannelState@568c119b{s=HANDLING rs=COMPLETING os=OPEN is=IDLE awp=false se=false i=false al=0}
02:33:25.679 [qtp399373008-62] DEBUG org.eclipse.jetty.server.HttpChannel - action COMPLETE HttpChannelOverHttp@ce943da{s=HttpChannelState@568c119b{s=HANDLING rs=COMPLETING os=OPEN is=IDLE awp=false se=false i=false al=0},r=2,c=false/false,a=HANDLING,uri=https://localhost:37555/,age=1}
02:33:25.679 [qtp399373008-62] DEBUG org.eclipse.jetty.io.ssl.SslConnection - >fill SslConnection@3e9173d4::SocketChannelEndPoint@5de071e3{l=/127.0.0.1:37555,r=/127.0.0.1:51366,OPEN,fill=-,flush=-,to=1/30000}{io=0/0,kio=0,kro=1}->SslConnection@3e9173d4{NOT_HANDSHAKING,eio=-1/-1,di=-1,fill=IDLE,flush=IDLE}~>DecryptedEndPoint@83d1dc0{l=/127.0.0.1:37555,r=/127.0.0.1:51366,OPEN,fill=-,flush=-,to=48/30000}=>HttpConnection@4e96c609[p=HttpParser{s=CONTENT,0 of -1},g=HttpGenerator@5e22badb{s=START}]=>HttpChannelOverHttp@ce943da{s=HttpChannelState@568c119b{s=HANDLING rs=COMPLETING os=OPEN is=IDLE awp=false se=false i=false al=0},r=2,c=false/false,a=HANDLING,uri=https://localhost:37555/,age=1}
02:33:25.679 [qtp399373008-62] DEBUG org.eclipse.jetty.io.ssl.SslConnection - fill NOT_HANDSHAKING
02:33:25.679 [qtp399373008-62] DEBUG org.eclipse.jetty.io.ChannelEndPoint - filled 0 HeapByteBuffer@d26bd[p=0,l=0,c=17408,r=0]={<<<>>>\x17\x03\x03\x00\xAfGET ...\x00\x00\x00\x00\x00\x00\x00}
02:33:25.679 [qtp399373008-62] DEBUG org.eclipse.jetty.io.ssl.SslConnection - net filled=0
02:33:25.679 [qtp399373008-62] DEBUG org.eclipse.jetty.io.ssl.SslConnection - unwrap net_filled=0 Status = BUFFER_UNDERFLOW HandshakeStatus = NOT_HANDSHAKING bytesConsumed = 0 bytesProduced = 0 encryptedBuffer=[p=0,l=0,c=17408,r=0] unwrapBuffer=HeapByteBuffer@196acfdd[p=0,l=0,c=17408,r=0]={<<<>>>GET / HTT...\x00\x00\x00\x00\x00\x00\x00} appBuffer=HeapByteBuffer@196acfdd[p=0,l=0,c=17408,r=0]={<<<>>>GET / HTT...\x00\x00\x00\x00\x00\x00\x00}
02:33:25.679 [qtp399373008-62] DEBUG org.eclipse.jetty.io.ssl.SslConnection - <fill f=0 uf=true SslConnection@3e9173d4::SocketChannelEndPoint@5de071e3{l=/127.0.0.1:37555,r=/127.0.0.1:51366,OPEN,fill=-,flush=-,to=1/30000}{io=0/0,kio=0,kro=1}->SslConnection@3e9173d4{NOT_HANDSHAKING,eio=-1/-1,di=-1,fill=IDLE,flush=IDLE}~>DecryptedEndPoint@83d1dc0{l=/127.0.0.1:37555,r=/127.0.0.1:51366,OPEN,fill=-,flush=-,to=49/30000}=>HttpConnection@4e96c609[p=HttpParser{s=CONTENT,0 of -1},g=HttpGenerator@5e22badb{s=START}]=>HttpChannelOverHttp@ce943da{s=HttpChannelState@568c119b{s=HANDLING rs=COMPLETING os=OPEN is=IDLE awp=false se=false i=false al=0},r=2,c=false/false,a=HANDLING,uri=https://localhost:37555/,age=1}
02:33:25.679 [qtp399373008-62] DEBUG org.eclipse.jetty.io.ssl.SslConnection - >fill SslConnection@3e9173d4::SocketChannelEndPoint@5de071e3{l=/127.0.0.1:37555,r=/127.0.0.1:51366,OPEN,fill=-,flush=-,to=1/30000}{io=0/0,kio=0,kro=1}->SslConnection@3e9173d4{NOT_HANDSHAKING,eio=-1/-1,di=-1,fill=IDLE,flush=IDLE}~>DecryptedEndPoint@83d1dc0{l=/127.0.0.1:37555,r=/127.0.0.1:51366,OPEN,fill=-,flush=-,to=49/30000}=>HttpConnection@4e96c609[p=HttpParser{s=CONTENT,0 of -1},g=HttpGenerator@5e22badb{s=START}]=>HttpChannelOverHttp@ce943da{s=HttpChannelState@568c119b{s=HANDLING rs=COMPLETING os=OPEN is=IDLE awp=false se=false i=false al=0},r=2,c=false/false,a=HANDLING,uri=https://localhost:37555/,age=1}
02:33:25.679 [qtp399373008-62] DEBUG org.eclipse.jetty.io.ssl.SslConnection - fill NOT_HANDSHAKING
02:33:25.679 [qtp399373008-62] DEBUG org.eclipse.jetty.io.ChannelEndPoint - filled 0 HeapByteBuffer@ecac914[p=0,l=0,c=17408,r=0]={<<<>>>GET / HTT...\x00\x00\x00\x00\x00\x00\x00}
02:33:25.679 [qtp399373008-62] DEBUG org.eclipse.jetty.io.ssl.SslConnection - net filled=0
02:33:25.679 [qtp399373008-62] DEBUG org.eclipse.jetty.io.ssl.SslConnection - unwrap net_filled=0 Status = BUFFER_UNDERFLOW HandshakeStatus = NOT_HANDSHAKING bytesConsumed = 0 bytesProduced = 0 encryptedBuffer=[p=0,l=0,c=17408,r=0] unwrapBuffer=HeapByteBuffer@196acfdd[p=0,l=0,c=17408,r=0]={<<<>>>GET / HTT...\x00\x00\x00\x00\x00\x00\x00} appBuffer=HeapByteBuffer@196acfdd[p=0,l=0,c=17408,r=0]={<<<>>>GET / HTT...\x00\x00\x00\x00\x00\x00\x00}
02:33:25.679 [qtp399373008-62] DEBUG org.eclipse.jetty.io.ssl.SslConnection - <fill f=0 uf=true SslConnection@3e9173d4::SocketChannelEndPoint@5de071e3{l=/127.0.0.1:37555,r=/127.0.0.1:51366,OPEN,fill=-,flush=-,to=2/30000}{io=0/0,kio=0,kro=1}->SslConnection@3e9173d4{NOT_HANDSHAKING,eio=-1/-1,di=-1,fill=IDLE,flush=IDLE}~>DecryptedEndPoint@83d1dc0{l=/127.0.0.1:37555,r=/127.0.0.1:51366,OPEN,fill=-,flush=-,to=49/30000}=>HttpConnection@4e96c609[p=HttpParser{s=CONTENT,0 of -1},g=HttpGenerator@5e22badb{s=START}]=>HttpChannelOverHttp@ce943da{s=HttpChannelState@568c119b{s=HANDLING rs=COMPLETING os=OPEN is=IDLE awp=false se=false i=false al=0},r=2,c=false/false,a=HANDLING,uri=https://localhost:37555/,age=1}
02:33:25.680 [qtp399373008-62] DEBUG org.eclipse.jetty.server.HttpConnection - HttpConnection@4e96c609::DecryptedEndPoint@83d1dc0{l=/127.0.0.1:37555,r=/127.0.0.1:51366,OPEN,fill=-,flush=-,to=49/30000} filled 0 HeapByteBuffer@196acfdd[p=0,l=0,c=17408,r=0]={<<<>>>GET / HTT...\x00\x00\x00\x00\x00\x00\x00}
02:33:25.680 [qtp399373008-62] DEBUG org.eclipse.jetty.server.HttpConnection - HttpConnection@4e96c609::DecryptedEndPoint@83d1dc0{l=/127.0.0.1:37555,r=/127.0.0.1:51366,OPEN,fill=-,flush=-,to=49/30000} parse HeapByteBuffer@196acfdd[p=0,l=0,c=17408,r=0]={<<<>>>GET / HTT...\x00\x00\x00\x00\x00\x00\x00} {}
02:33:25.680 [qtp399373008-62] DEBUG org.eclipse.jetty.http.HttpParser - parseNext s=CONTENT HeapByteBuffer@196acfdd[p=0,l=0,c=17408,r=0]={<<<>>>GET / HTT...\x00\x00\x00\x00\x00\x00\x00}
02:33:25.680 [qtp399373008-62] DEBUG org.eclipse.jetty.http.HttpParser - CONTENT --> CONTENT_END
02:33:25.680 [qtp399373008-62] DEBUG org.eclipse.jetty.server.HttpChannel - onContentComplete HttpChannelOverHttp@ce943da{s=HttpChannelState@568c119b{s=HANDLING rs=COMPLETING os=OPEN is=IDLE awp=false se=false i=false al=0},r=2,c=false/false,a=HANDLING,uri=https://localhost:37555/,age=2}
02:33:25.680 [qtp399373008-62] DEBUG org.eclipse.jetty.http.HttpParser - CONTENT_END --> END
02:33:25.680 [qtp399373008-62] DEBUG org.eclipse.jetty.server.HttpChannel - onRequestComplete HttpChannelOverHttp@ce943da{s=HttpChannelState@568c119b{s=HANDLING rs=COMPLETING os=OPEN is=IDLE awp=false se=false i=false al=0},r=2,c=false/false,a=HANDLING,uri=https://localhost:37555/,age=2}
02:33:25.680 [qtp399373008-62] DEBUG org.eclipse.jetty.server.HttpInput - HttpInputOverHTTP@6c7c1aa1[c=0,q=0,[0]=null,s=STREAM] addContent EOF
02:33:25.680 [qtp399373008-62] DEBUG org.eclipse.jetty.server.HttpConnection - HttpConnection@4e96c609::DecryptedEndPoint@83d1dc0{l=/127.0.0.1:37555,r=/127.0.0.1:51366,OPEN,fill=-,flush=-,to=49/30000} parsed false HttpParser{s=END,0 of -1}
02:33:25.680 [qtp399373008-62] DEBUG org.eclipse.jetty.server.HttpConnection - releaseRequestBuffer HttpConnection@4e96c609::DecryptedEndPoint@83d1dc0{l=/127.0.0.1:37555,r=/127.0.0.1:51366,OPEN,fill=-,flush=-,to=49/30000}
02:33:25.680 [qtp399373008-62] DEBUG org.eclipse.jetty.server.HttpOutput - complete(org.eclipse.jetty.util.Callback$3@3e8fda3b) s=CLOSING,api=BLOCKED,sc=false,e=null s=false e=null, c=HeapByteBuffer@98da274[p=0,l=0,c=0,r=0]={<<<>>>}
02:33:25.680 [qtp399373008-62] DEBUG org.eclipse.jetty.server.HttpChannel - sendResponse info=null content=HeapByteBuffer@98da274[p=0,l=0,c=0,r=0]={<<<>>>} complete=true committing=true callback=org.eclipse.jetty.server.HttpOutput$WriteCompleteCB@3cd9f2fd
02:33:25.680 [qtp399373008-62] DEBUG org.eclipse.jetty.server.HttpChannel - COMMIT for / on HttpChannelOverHttp@ce943da{s=HttpChannelState@568c119b{s=HANDLING rs=COMPLETING os=COMMITTED is=IDLE awp=false se=false i=false al=0},r=2,c=false/false,a=HANDLING,uri=https://localhost:37555/,age=2}
304 null HTTP/1.1
Date: Thu, 02 May 2024 01:33:25 GMT
ETag: testEtag


02:33:25.680 [qtp399373008-62] DEBUG org.eclipse.jetty.server.HttpConnection - generate: NEED_HEADER for SendCallback@6ec4f410[PROCESSING][i=HTTP/1.1{s=304,h=2,cl=-1},cb=org.eclipse.jetty.server.HttpChannel$SendCallback@1156a17f] (null,[p=0,l=0,c=0,r=0],true)@START
02:33:25.680 [qtp399373008-62] DEBUG org.eclipse.jetty.http.HttpGenerator - generateHeaders HTTP/1.1{s=304,h=2,cl=-1} last=true content=HeapByteBuffer@98da274[p=0,l=0,c=0,r=0]={<<<>>>}
02:33:25.680 [qtp399373008-62] DEBUG org.eclipse.jetty.http.HttpGenerator - Date: Thu, 02 May 2024 01:33:25 GMT
ETag: testEtag


02:33:25.680 [qtp399373008-62] DEBUG org.eclipse.jetty.http.HttpGenerator - NO_CONTENT
02:33:25.680 [qtp399373008-62] DEBUG org.eclipse.jetty.server.HttpConnection - generate: FLUSH for SendCallback@6ec4f410[PROCESSING][i=HTTP/1.1{s=304,h=2,cl=-1},cb=org.eclipse.jetty.server.HttpChannel$SendCallback@1156a17f] ([p=0,l=115,c=8192,r=115],[p=0,l=0,c=0,r=0],true)@COMPLETING
02:33:25.680 [qtp399373008-62] DEBUG org.eclipse.jetty.io.WriteFlusher - write: WriteFlusher@7a8f1b6c{IDLE}->null [HeapByteBuffer@235f32c0[p=0,l=115,c=8192,r=115]={<<<HTTP/1.1 304 Not Modified...y(9.4.44.v20210927)\r\n\r\n>>>nt-Length...\x00\x00\x00\x00\x00\x00\x00}]
02:33:25.680 [qtp399373008-62] DEBUG org.eclipse.jetty.io.WriteFlusher - update WriteFlusher@7a8f1b6c{WRITING}->null:IDLE-->WRITING
02:33:25.680 [qtp399373008-62] DEBUG org.eclipse.jetty.io.ssl.SslConnection - >flush SslConnection@3e9173d4::SocketChannelEndPoint@5de071e3{l=/127.0.0.1:37555,r=/127.0.0.1:51366,OPEN,fill=-,flush=-,to=3/30000}{io=0/0,kio=0,kro=1}->SslConnection@3e9173d4{NOT_HANDSHAKING,eio=-1/-1,di=-1,fill=IDLE,flush=IDLE}~>DecryptedEndPoint@83d1dc0{l=/127.0.0.1:37555,r=/127.0.0.1:51366,OPEN,fill=-,flush=W,to=50/30000}=>HttpConnection@4e96c609[p=HttpParser{s=END,0 of -1},g=HttpGenerator@5e22badb{s=COMPLETING}]=>HttpChannelOverHttp@ce943da{s=HttpChannelState@568c119b{s=HANDLING rs=COMPLETING os=COMMITTED is=IDLE awp=false se=false i=false al=0},r=2,c=false/false,a=HANDLING,uri=https://localhost:37555/,age=2}
02:33:25.680 [qtp399373008-62] DEBUG org.eclipse.jetty.io.ssl.SslConnection - flush b[0]=HeapByteBuffer@235f32c0[p=0,l=115,c=8192,r=115]={<<<HTTP/1.1 304 Not Modified...y(9.4.44.v20210927)\r\n\r\n>>>nt-Length...\x00\x00\x00\x00\x00\x00\x00}
02:33:25.680 [qtp399373008-62] DEBUG org.eclipse.jetty.io.ssl.SslConnection - flush NOT_HANDSHAKING
02:33:25.681 [qtp399373008-62] DEBUG org.eclipse.jetty.io.ssl.SslConnection - wrap Status = OK HandshakeStatus = NOT_HANDSHAKING bytesConsumed = 115 bytesProduced = 153 [p=0,l=153,c=17408,r=153] ioDone=false/false
02:33:25.681 [qtp399373008-62] DEBUG org.eclipse.jetty.io.ChannelEndPoint - flushed 153 SocketChannelEndPoint@5de071e3{l=/127.0.0.1:37555,r=/127.0.0.1:51366,OPEN,fill=-,flush=-,to=3/30000}{io=0/0,kio=0,kro=1}->SslConnection@3e9173d4{NOT_HANDSHAKING,eio=-1/0,di=-1,fill=IDLE,flush=IDLE}~>DecryptedEndPoint@83d1dc0{l=/127.0.0.1:37555,r=/127.0.0.1:51366,OPEN,fill=-,flush=W,to=50/30000}=>HttpConnection@4e96c609[p=HttpParser{s=END,0 of -1},g=HttpGenerator@5e22badb{s=COMPLETING}]=>HttpChannelOverHttp@ce943da{s=HttpChannelState@568c119b{s=HANDLING rs=COMPLETING os=COMMITTED is=IDLE awp=false se=false i=false al=0},r=2,c=false/false,a=HANDLING,uri=https://localhost:37555/,age=3}
02:33:25.681 [qtp399373008-62] DEBUG org.eclipse.jetty.io.ssl.SslConnection - net flushed=true, ac=true
02:33:25.681 [qtp399373008-62] DEBUG org.eclipse.jetty.io.ssl.SslConnection - <flush true SslConnection@3e9173d4::SocketChannelEndPoint@5de071e3{l=/127.0.0.1:37555,r=/127.0.0.1:51366,OPEN,fill=-,flush=-,to=0/30000}{io=0/0,kio=0,kro=1}->SslConnection@3e9173d4{NOT_HANDSHAKING,eio=-1/-1,di=-1,fill=IDLE,flush=IDLE}~>DecryptedEndPoint@83d1dc0{l=/127.0.0.1:37555,r=/127.0.0.1:51366,OPEN,fill=-,flush=W,to=50/30000}=>HttpConnection@4e96c609[p=HttpParser{s=END,0 of -1},g=HttpGenerator@5e22badb{s=COMPLETING}]=>HttpChannelOverHttp@ce943da{s=HttpChannelState@568c119b{s=HANDLING rs=COMPLETING os=COMMITTED is=IDLE awp=false se=false i=false al=0},r=2,c=false/false,a=HANDLING,uri=https://localhost:37555/,age=3}
02:33:25.681 [main] DEBUG org.apache.nifi.minifi.bootstrap.configuration.ingestors.PullHttpChangeIngestor - Response received: Response{protocol=http/1.1, code=304, message=Not Modified, url=https://localhost:37555/}
02:33:25.681 [qtp399373008-62] DEBUG org.eclipse.jetty.io.WriteFlusher - Flushed=true written=115 remaining=0 WriteFlusher@7a8f1b6c{WRITING}->null
02:33:25.681 [qtp399373008-62] DEBUG org.eclipse.jetty.io.WriteFlusher - update WriteFlusher@7a8f1b6c{IDLE}->null:WRITING-->IDLE
02:33:25.681 [qtp399373008-62] DEBUG org.eclipse.jetty.server.HttpConnection - generate: DONE for SendCallback@6ec4f410[PROCESSING][i=HTTP/1.1{s=304,h=2,cl=-1},cb=org.eclipse.jetty.server.HttpChannel$SendCallback@1156a17f] ([p=115,l=115,c=8192,r=0],[p=0,l=0,c=0,r=0],true)@END
02:33:25.681 [qtp399373008-62] DEBUG org.eclipse.jetty.server.HttpOutput - onWriteComplete(true,null) s=CLOSING,api=BLOCKED,sc=false,e=null->s=CLOSED,api=BLOCKING,sc=false,e=null c=null cb=org.eclipse.jetty.util.Callback$3@3e8fda3b w=false
02:33:25.681 [qtp399373008-62] DEBUG org.eclipse.jetty.server.HttpChannelState - completed HttpChannelState@568c119b{s=HANDLING rs=COMPLETING os=COMPLETED is=IDLE awp=false se=false i=false al=0}
02:33:25.681 [qtp399373008-62] DEBUG org.eclipse.jetty.server.HttpChannelState - unhandle HttpChannelState@568c119b{s=HANDLING rs=COMPLETED os=COMPLETED is=IDLE awp=false se=false i=false al=0}
02:33:25.681 [qtp399373008-62] DEBUG org.eclipse.jetty.server.HttpChannelState - nextAction(false) TERMINATED HttpChannelState@568c119b{s=IDLE rs=COMPLETED os=COMPLETED is=IDLE awp=false se=false i=false al=0}
02:33:25.681 [qtp399373008-62] DEBUG org.eclipse.jetty.server.HttpChannel - action TERMINATED HttpChannelOverHttp@ce943da{s=HttpChannelState@568c119b{s=IDLE rs=COMPLETED os=COMPLETED is=IDLE awp=false se=false i=false al=0},r=2,c=true/true,a=IDLE,uri=https://localhost:37555/,age=3}
02:33:25.681 [qtp399373008-62] DEBUG org.eclipse.jetty.server.HttpChannel - onCompleted for / written=0
02:33:25.681 [qtp399373008-62] DEBUG org.eclipse.jetty.server.HttpChannelState - recycle HttpChannelState@568c119b{s=IDLE rs=COMPLETED os=COMPLETED is=IDLE awp=false se=false i=false al=0}
]]></system-out>
  </testcase>
  <testcase name="testNewUpdate" classname="org.apache.nifi.minifi.bootstrap.configuration.ingestors.PullHttpChangeIngestorSSLTest" time="0.069">
    <system-out><![CDATA[02:33:25.681 [qtp399373008-62] DEBUG org.eclipse.jetty.http.HttpParser - reset HttpParser{s=END,0 of -1}
02:33:25.681 [qtp399373008-62] DEBUG org.eclipse.jetty.http.HttpParser - END --> START
02:33:25.681 [qtp399373008-62] DEBUG org.eclipse.jetty.server.HttpChannel - !handle TERMINATED HttpChannelOverHttp@ce943da{s=HttpChannelState@568c119b{s=IDLE rs=BLOCKING os=OPEN is=IDLE awp=false se=false i=true al=0},r=2,c=false/false,a=IDLE,uri=null,age=0}
02:33:25.681 [qtp399373008-62] DEBUG org.eclipse.jetty.io.ssl.SslConnection - >fill SslConnection@3e9173d4::SocketChannelEndPoint@5de071e3{l=/127.0.0.1:37555,r=/127.0.0.1:51366,OPEN,fill=-,flush=-,to=0/30000}{io=0/0,kio=0,kro=1}->SslConnection@3e9173d4{NOT_HANDSHAKING,eio=-1/-1,di=-1,fill=IDLE,flush=IDLE}~>DecryptedEndPoint@83d1dc0{l=/127.0.0.1:37555,r=/127.0.0.1:51366,OPEN,fill=-,flush=-,to=51/30000}=>HttpConnection@4e96c609[p=HttpParser{s=START,0 of -1},g=HttpGenerator@5e22badb{s=START}]=>HttpChannelOverHttp@ce943da{s=HttpChannelState@568c119b{s=IDLE rs=BLOCKING os=OPEN is=IDLE awp=false se=false i=true al=0},r=2,c=false/false,a=IDLE,uri=null,age=0}
02:33:25.681 [qtp399373008-62] DEBUG org.eclipse.jetty.io.ssl.SslConnection - fill NOT_HANDSHAKING
02:33:25.682 [qtp399373008-62] DEBUG org.eclipse.jetty.io.ChannelEndPoint - filled 0 HeapByteBuffer@196acfdd[p=0,l=0,c=17408,r=0]={<<<>>>GET / HTT...\x00\x00\x00\x00\x00\x00\x00}
02:33:25.682 [qtp399373008-62] DEBUG org.eclipse.jetty.io.ssl.SslConnection - net filled=0
02:33:25.682 [qtp399373008-62] DEBUG org.eclipse.jetty.io.ssl.SslConnection - unwrap net_filled=0 Status = BUFFER_UNDERFLOW HandshakeStatus = NOT_HANDSHAKING bytesConsumed = 0 bytesProduced = 0 encryptedBuffer=[p=0,l=0,c=17408,r=0] unwrapBuffer=HeapByteBuffer@ecac914[p=0,l=0,c=17408,r=0]={<<<>>>GET / HTT...\x00\x00\x00\x00\x00\x00\x00} appBuffer=HeapByteBuffer@ecac914[p=0,l=0,c=17408,r=0]={<<<>>>GET / HTT...\x00\x00\x00\x00\x00\x00\x00}
02:33:25.682 [qtp399373008-62] DEBUG org.eclipse.jetty.io.ssl.SslConnection - <fill f=0 uf=true SslConnection@3e9173d4::SocketChannelEndPoint@5de071e3{l=/127.0.0.1:37555,r=/127.0.0.1:51366,OPEN,fill=-,flush=-,to=0/30000}{io=0/0,kio=0,kro=1}->SslConnection@3e9173d4{NOT_HANDSHAKING,eio=-1/-1,di=-1,fill=IDLE,flush=IDLE}~>DecryptedEndPoint@83d1dc0{l=/127.0.0.1:37555,r=/127.0.0.1:51366,OPEN,fill=-,flush=-,to=51/30000}=>HttpConnection@4e96c609[p=HttpParser{s=START,0 of -1},g=HttpGenerator@5e22badb{s=START}]=>HttpChannelOverHttp@ce943da{s=HttpChannelState@568c119b{s=IDLE rs=BLOCKING os=OPEN is=IDLE awp=false se=false i=true al=0},r=2,c=false/false,a=IDLE,uri=null,age=0}
02:33:25.682 [qtp399373008-62] DEBUG org.eclipse.jetty.io.ssl.SslConnection - >fill SslConnection@3e9173d4::SocketChannelEndPoint@5de071e3{l=/127.0.0.1:37555,r=/127.0.0.1:51366,OPEN,fill=-,flush=-,to=0/30000}{io=0/0,kio=0,kro=1}->SslConnection@3e9173d4{NOT_HANDSHAKING,eio=-1/-1,di=-1,fill=IDLE,flush=IDLE}~>DecryptedEndPoint@83d1dc0{l=/127.0.0.1:37555,r=/127.0.0.1:51366,OPEN,fill=-,flush=-,to=51/30000}=>HttpConnection@4e96c609[p=HttpParser{s=START,0 of -1},g=HttpGenerator@5e22badb{s=START}]=>HttpChannelOverHttp@ce943da{s=HttpChannelState@568c119b{s=IDLE rs=BLOCKING os=OPEN is=IDLE awp=false se=false i=true al=0},r=2,c=false/false,a=IDLE,uri=null,age=0}
02:33:25.682 [qtp399373008-62] DEBUG org.eclipse.jetty.io.ssl.SslConnection - fill NOT_HANDSHAKING
02:33:25.682 [qtp399373008-62] DEBUG org.eclipse.jetty.io.ChannelEndPoint - filled 0 HeapByteBuffer@d26bd[p=0,l=0,c=17408,r=0]={<<<>>>\x17\x03\x03\x00\x94\xFf[\x9d\x81...\x00\x00\x00\x00\x00\x00\x00}
02:33:25.682 [qtp399373008-62] DEBUG org.eclipse.jetty.io.ssl.SslConnection - net filled=0
02:33:25.682 [qtp399373008-62] DEBUG org.eclipse.jetty.io.ssl.SslConnection - unwrap net_filled=0 Status = BUFFER_UNDERFLOW HandshakeStatus = NOT_HANDSHAKING bytesConsumed = 0 bytesProduced = 0 encryptedBuffer=[p=0,l=0,c=17408,r=0] unwrapBuffer=HeapByteBuffer@ecac914[p=0,l=0,c=17408,r=0]={<<<>>>GET / HTT...\x00\x00\x00\x00\x00\x00\x00} appBuffer=HeapByteBuffer@ecac914[p=0,l=0,c=17408,r=0]={<<<>>>GET / HTT...\x00\x00\x00\x00\x00\x00\x00}
02:33:25.682 [qtp399373008-62] DEBUG org.eclipse.jetty.io.ssl.SslConnection - <fill f=0 uf=true SslConnection@3e9173d4::SocketChannelEndPoint@5de071e3{l=/127.0.0.1:37555,r=/127.0.0.1:51366,OPEN,fill=-,flush=-,to=1/30000}{io=0/0,kio=0,kro=1}->SslConnection@3e9173d4{NOT_HANDSHAKING,eio=-1/-1,di=-1,fill=IDLE,flush=IDLE}~>DecryptedEndPoint@83d1dc0{l=/127.0.0.1:37555,r=/127.0.0.1:51366,OPEN,fill=-,flush=-,to=51/30000}=>HttpConnection@4e96c609[p=HttpParser{s=START,0 of -1},g=HttpGenerator@5e22badb{s=START}]=>HttpChannelOverHttp@ce943da{s=HttpChannelState@568c119b{s=IDLE rs=BLOCKING os=OPEN is=IDLE awp=false se=false i=true al=0},r=2,c=false/false,a=IDLE,uri=null,age=0}
02:33:25.682 [qtp399373008-62] DEBUG org.eclipse.jetty.server.HttpConnection - HttpConnection@4e96c609::DecryptedEndPoint@83d1dc0{l=/127.0.0.1:37555,r=/127.0.0.1:51366,OPEN,fill=-,flush=-,to=52/30000} filled 0 HeapByteBuffer@ecac914[p=0,l=0,c=17408,r=0]={<<<>>>GET / HTT...\x00\x00\x00\x00\x00\x00\x00}
02:33:25.682 [qtp399373008-62] DEBUG org.eclipse.jetty.server.HttpConnection - HttpConnection@4e96c609::DecryptedEndPoint@83d1dc0{l=/127.0.0.1:37555,r=/127.0.0.1:51366,OPEN,fill=-,flush=-,to=52/30000} parse HeapByteBuffer@ecac914[p=0,l=0,c=17408,r=0]={<<<>>>GET / HTT...\x00\x00\x00\x00\x00\x00\x00} {}
02:33:25.682 [qtp399373008-62] DEBUG org.eclipse.jetty.http.HttpParser - parseNext s=START HeapByteBuffer@ecac914[p=0,l=0,c=17408,r=0]={<<<>>>GET / HTT...\x00\x00\x00\x00\x00\x00\x00}
02:33:25.682 [qtp399373008-62] DEBUG org.eclipse.jetty.server.HttpConnection - HttpConnection@4e96c609::DecryptedEndPoint@83d1dc0{l=/127.0.0.1:37555,r=/127.0.0.1:51366,OPEN,fill=-,flush=-,to=52/30000} parsed false HttpParser{s=START,0 of -1}
02:33:25.682 [qtp399373008-62] DEBUG org.eclipse.jetty.server.HttpConnection - releaseRequestBuffer HttpConnection@4e96c609::DecryptedEndPoint@83d1dc0{l=/127.0.0.1:37555,r=/127.0.0.1:51366,OPEN,fill=-,flush=-,to=52/30000}
02:33:25.682 [qtp399373008-62] DEBUG org.eclipse.jetty.io.AbstractConnection - fillInterested HttpConnection@4e96c609::DecryptedEndPoint@83d1dc0{l=/127.0.0.1:37555,r=/127.0.0.1:51366,OPEN,fill=-,flush=-,to=52/30000}
02:33:25.682 [qtp399373008-62] DEBUG org.eclipse.jetty.io.FillInterest - interested FillInterest@26fc9998{AC.ReadCB@4e96c609{HttpConnection@4e96c609::DecryptedEndPoint@83d1dc0{l=/127.0.0.1:37555,r=/127.0.0.1:51366,OPEN,fill=FI,flush=-,to=0/30000}}}
02:33:25.682 [qtp399373008-62] DEBUG org.eclipse.jetty.io.ssl.SslConnection - >needFillInterest s=IDLE/IDLE uf=true ei=null di=null SslConnection@3e9173d4::SocketChannelEndPoint@5de071e3{l=/127.0.0.1:37555,r=/127.0.0.1:51366,OPEN,fill=-,flush=-,to=1/30000}{io=0/0,kio=0,kro=1}->SslConnection@3e9173d4{NOT_HANDSHAKING,eio=-1/-1,di=-1,fill=IDLE,flush=IDLE}~>DecryptedEndPoint@83d1dc0{l=/127.0.0.1:37555,r=/127.0.0.1:51366,OPEN,fill=FI,flush=-,to=0/30000}=>HttpConnection@4e96c609[p=HttpParser{s=START,0 of -1},g=HttpGenerator@5e22badb{s=START}]=>HttpChannelOverHttp@ce943da{s=HttpChannelState@568c119b{s=IDLE rs=BLOCKING os=OPEN is=IDLE awp=false se=false i=true al=0},r=2,c=false/false,a=IDLE,uri=null,age=0}
02:33:25.682 [qtp399373008-62] DEBUG org.eclipse.jetty.io.ssl.SslConnection - <needFillInterest s=IDLE/INTERESTED f=false i=true w=null
02:33:25.682 [qtp399373008-62] DEBUG org.eclipse.jetty.io.ssl.SslConnection - ensureFillInterested SslConnection@3e9173d4::SocketChannelEndPoint@5de071e3{l=/127.0.0.1:37555,r=/127.0.0.1:51366,OPEN,fill=-,flush=-,to=1/30000}{io=0/0,kio=0,kro=1}->SslConnection@3e9173d4{NOT_HANDSHAKING,eio=-1/-1,di=-1,fill=INTERESTED,flush=IDLE}~>DecryptedEndPoint@83d1dc0{l=/127.0.0.1:37555,r=/127.0.0.1:51366,OPEN,fill=FI,flush=-,to=0/30000}=>HttpConnection@4e96c609[p=HttpParser{s=START,0 of -1},g=HttpGenerator@5e22badb{s=START}]=>HttpChannelOverHttp@ce943da{s=HttpChannelState@568c119b{s=IDLE rs=BLOCKING os=OPEN is=IDLE awp=false se=false i=true al=0},r=2,c=false/false,a=IDLE,uri=null,age=0}
02:33:25.683 [qtp399373008-62] DEBUG org.eclipse.jetty.io.FillInterest - interested FillInterest@13b2cdfe{SSLC.NBReadCB@3e9173d4{SslConnection@3e9173d4::SocketChannelEndPoint@5de071e3{l=/127.0.0.1:37555,r=/127.0.0.1:51366,OPEN,fill=FI,flush=-,to=0/30000}{io=0/0,kio=0,kro=1}->SslConnection@3e9173d4{NOT_HANDSHAKING,eio=-1/-1,di=-1,fill=INTERESTED,flush=IDLE}~>DecryptedEndPoint@83d1dc0{l=/127.0.0.1:37555,r=/127.0.0.1:51366,OPEN,fill=FI,flush=-,to=0/30000}=>HttpConnection@4e96c609[p=HttpParser{s=START,0 of -1},g=HttpGenerator@5e22badb{s=START}]=>HttpChannelOverHttp@ce943da{s=HttpChannelState@568c119b{s=IDLE rs=BLOCKING os=OPEN is=IDLE awp=false se=false i=true al=0},r=2,c=false/false,a=IDLE,uri=null,age=0}}}
02:33:25.683 [qtp399373008-62] DEBUG org.eclipse.jetty.io.ChannelEndPoint - changeInterests p=false 0->1 for SocketChannelEndPoint@5de071e3{l=/127.0.0.1:37555,r=/127.0.0.1:51366,OPEN,fill=FI,flush=-,to=0/30000}{io=0/1,kio=0,kro=1}->SslConnection@3e9173d4{NOT_HANDSHAKING,eio=-1/-1,di=-1,fill=INTERESTED,flush=IDLE}~>DecryptedEndPoint@83d1dc0{l=/127.0.0.1:37555,r=/127.0.0.1:51366,OPEN,fill=FI,flush=-,to=0/30000}=>HttpConnection@4e96c609[p=HttpParser{s=START,0 of -1},g=HttpGenerator@5e22badb{s=START}]=>HttpChannelOverHttp@ce943da{s=HttpChannelState@568c119b{s=IDLE rs=BLOCKING os=OPEN is=IDLE awp=false se=false i=true al=0},r=2,c=false/false,a=IDLE,uri=null,age=0}
02:33:25.683 [qtp399373008-62] DEBUG org.eclipse.jetty.io.ManagedSelector - Queued change lazy=false org.eclipse.jetty.io.ChannelEndPoint$$Lambda$255/1238156519@2608138f on ManagedSelector@47a86fbb{STARTED} id=2 keys=1 selected=0 updates=0
02:33:25.683 [qtp399373008-62] DEBUG org.eclipse.jetty.io.ManagedSelector - Wakeup on submit ManagedSelector@47a86fbb{STARTED} id=2 keys=1 selected=0 updates=1
02:33:25.683 [qtp399373008-62] DEBUG org.eclipse.jetty.server.HttpConnection - HttpConnection@4e96c609::DecryptedEndPoint@83d1dc0{l=/127.0.0.1:37555,r=/127.0.0.1:51366,OPEN,fill=FI,flush=-,to=0/30000} onFillable exit HttpChannelState@568c119b{s=IDLE rs=BLOCKING os=OPEN is=IDLE awp=false se=false i=true al=0} null
02:33:25.683 [qtp399373008-61] DEBUG org.eclipse.jetty.io.ManagedSelector - Selector sun.nio.ch.EPollSelectorImpl@19de0680 woken with none selected
02:33:25.683 [qtp399373008-61] DEBUG org.eclipse.jetty.io.ManagedSelector - Selector sun.nio.ch.EPollSelectorImpl@19de0680 woken up from select, 0/0/1 selected
02:33:25.683 [qtp399373008-61] DEBUG org.eclipse.jetty.io.ManagedSelector - Selector sun.nio.ch.EPollSelectorImpl@19de0680 processing 0 keys, 1 updates
02:33:25.683 [qtp399373008-61] DEBUG org.eclipse.jetty.io.ManagedSelector - updateable 1
02:33:25.683 [qtp399373008-61] DEBUG org.eclipse.jetty.io.ManagedSelector - update org.eclipse.jetty.io.ChannelEndPoint$$Lambda$255/1238156519@2608138f
02:33:25.683 [qtp399373008-62] DEBUG org.eclipse.jetty.io.ssl.SslConnection - <c.onFillable SslConnection@3e9173d4::SocketChannelEndPoint@5de071e3{l=/127.0.0.1:37555,r=/127.0.0.1:51366,OPEN,fill=FI,flush=-,to=0/30000}{io=0/1,kio=0,kro=1}->SslConnection@3e9173d4{NOT_HANDSHAKING,eio=-1/-1,di=-1,fill=INTERESTED,flush=IDLE}~>DecryptedEndPoint@83d1dc0{l=/127.0.0.1:37555,r=/127.0.0.1:51366,OPEN,fill=FI,flush=-,to=0/30000}=>HttpConnection@4e96c609[p=HttpParser{s=START,0 of -1},g=HttpGenerator@5e22badb{s=START}]=>HttpChannelOverHttp@ce943da{s=HttpChannelState@568c119b{s=IDLE rs=BLOCKING os=OPEN is=IDLE awp=false se=false i=true al=0},r=2,c=false/false,a=IDLE,uri=null,age=0}
02:33:25.683 [qtp399373008-62] DEBUG org.eclipse.jetty.util.thread.ReservedThreadExecutor - ReservedThread@2da1f821{RUNNING,thread=Thread[qtp399373008-62,5,main]} was=RUNNING next=RESERVED size=0+2 capacity=8
02:33:25.683 [qtp399373008-62] DEBUG org.eclipse.jetty.util.thread.ReservedThreadExecutor - ReservedThread@2da1f821{RESERVED,thread=Thread[qtp399373008-62,5,main]} waiting ReservedThreadExecutor@424fd310{reserved=2/8,pending=0}
02:33:25.683 [qtp399373008-61] DEBUG org.eclipse.jetty.io.ChannelEndPoint - Key interests updated 0 -> 1 on SocketChannelEndPoint@5de071e3{l=/127.0.0.1:37555,r=/127.0.0.1:51366,OPEN,fill=FI,flush=-,to=0/30000}{io=1/1,kio=1,kro=1}->SslConnection@3e9173d4{NOT_HANDSHAKING,eio=-1/-1,di=-1,fill=INTERESTED,flush=IDLE}~>DecryptedEndPoint@83d1dc0{l=/127.0.0.1:37555,r=/127.0.0.1:51366,OPEN,fill=FI,flush=-,to=0/30000}=>HttpConnection@4e96c609[p=HttpParser{s=START,0 of -1},g=HttpGenerator@5e22badb{s=START}]=>HttpChannelOverHttp@ce943da{s=HttpChannelState@568c119b{s=IDLE rs=BLOCKING os=OPEN is=IDLE awp=false se=false i=true al=0},r=2,c=false/false,a=IDLE,uri=null,age=0}
02:33:25.683 [qtp399373008-61] DEBUG org.eclipse.jetty.io.ManagedSelector - updates 0
02:33:25.683 [qtp399373008-61] DEBUG org.eclipse.jetty.io.ManagedSelector - Selector sun.nio.ch.EPollSelectorImpl@19de0680 waiting with 1 keys
02:33:25.683 [main] DEBUG org.apache.nifi.minifi.bootstrap.configuration.ingestors.PullHttpChangeIngestor - Attempting to pull new config
02:33:25.684 [qtp399373008-59-acceptor-0@4795ded0-ServerConnector@2374d36a{SSL, (ssl, http/1.1)}{localhost:37555}] DEBUG org.eclipse.jetty.io.ManagedSelector - Queued change lazy=false Accept@40083c4d[java.nio.channels.SocketChannel[connected local=/127.0.0.1:37555 remote=/127.0.0.1:51372]] on ManagedSelector@7bb6ab3a{STARTED} id=3 keys=0 selected=0 updates=0
02:33:25.684 [qtp399373008-59-acceptor-0@4795ded0-ServerConnector@2374d36a{SSL, (ssl, http/1.1)}{localhost:37555}] DEBUG org.eclipse.jetty.io.ManagedSelector - Wakeup on submit ManagedSelector@7bb6ab3a{STARTED} id=3 keys=0 selected=0 updates=1
02:33:25.684 [qtp399373008-58] DEBUG org.eclipse.jetty.io.ManagedSelector - Selector sun.nio.ch.EPollSelectorImpl@26508338 woken with none selected
02:33:25.684 [qtp399373008-58] DEBUG org.eclipse.jetty.io.ManagedSelector - Selector sun.nio.ch.EPollSelectorImpl@26508338 woken up from select, 0/0/0 selected
02:33:25.684 [qtp399373008-58] DEBUG org.eclipse.jetty.io.ManagedSelector - Selector sun.nio.ch.EPollSelectorImpl@26508338 processing 0 keys, 1 updates
02:33:25.684 [qtp399373008-58] DEBUG org.eclipse.jetty.io.ManagedSelector - updateable 1
02:33:25.684 [qtp399373008-58] DEBUG org.eclipse.jetty.io.ManagedSelector - update Accept@40083c4d[java.nio.channels.SocketChannel[connected local=/127.0.0.1:37555 remote=/127.0.0.1:51372]]
02:33:25.684 [qtp399373008-58] DEBUG org.eclipse.jetty.util.thread.QueuedThreadPool - queue Accept@40083c4d[java.nio.channels.SocketChannel[connected local=/127.0.0.1:37555 remote=/127.0.0.1:51372]] startThread=0
02:33:25.684 [qtp399373008-58] DEBUG org.eclipse.jetty.io.ManagedSelector - updates 0
02:33:25.684 [qtp399373008-58] DEBUG org.eclipse.jetty.io.ManagedSelector - Selector sun.nio.ch.EPollSelectorImpl@26508338 waiting with 1 keys
02:33:25.684 [qtp399373008-57] DEBUG org.eclipse.jetty.util.thread.QueuedThreadPool - run Accept@40083c4d[java.nio.channels.SocketChannel[connected local=/127.0.0.1:37555 remote=/127.0.0.1:51372]] in QueuedThreadPool[qtp399373008]@17cdf2d0{STARTED,8<=8<=200,i=0,r=-1,q=0}[ReservedThreadExecutor@424fd310{reserved=2/8,pending=0}]
02:33:25.684 [qtp399373008-57] DEBUG org.eclipse.jetty.io.IdleTimeout - SocketChannelEndPoint@5624e1f0{l=/127.0.0.1:37555,r=/127.0.0.1:51372,OPEN,fill=-,flush=-,to=0/30000}{io=0/0,kio=0,kro=0}-><null> idle timeout check, elapsed: 0 ms, remaining: 30000 ms
02:33:25.684 [qtp399373008-57] DEBUG org.eclipse.jetty.util.ssl.SslContextFactory - Customize sun.security.ssl.SSLEngineImpl@3fa707b2
02:33:25.685 [qtp399373008-57] DEBUG org.eclipse.jetty.server.HttpChannel - new HttpChannelOverHttp@6738f43e{s=HttpChannelState@47514cc4{s=IDLE rs=BLOCKING os=OPEN is=IDLE awp=false se=false i=true al=0},r=0,c=false/false,a=IDLE,uri=null,age=0} -> DecryptedEndPoint@360b1ebf{l=/127.0.0.1:37555,r=/127.0.0.1:51372,OPEN,fill=-,flush=-,to=0/30000},null,HttpChannelState@47514cc4{s=IDLE rs=BLOCKING os=OPEN is=IDLE awp=false se=false i=true al=0}
02:33:25.685 [qtp399373008-57] DEBUG org.eclipse.jetty.server.HttpConnection - New HTTP Connection HttpConnection@3196055b::DecryptedEndPoint@360b1ebf{l=/127.0.0.1:37555,r=/127.0.0.1:51372,OPEN,fill=-,flush=-,to=0/30000}
02:33:25.685 [qtp399373008-57] DEBUG org.eclipse.jetty.io.ManagedSelector - Queued change lazy=true org.eclipse.jetty.io.ManagedSelector$$Lambda$258/1710399120@112f8e53 on ManagedSelector@7bb6ab3a{STARTED} id=3 keys=1 selected=0 updates=0
02:33:25.685 [qtp399373008-57] DEBUG org.eclipse.jetty.io.AbstractEndPoint - onOpen SocketChannelEndPoint@5624e1f0{l=/127.0.0.1:37555,r=/127.0.0.1:51372,OPEN,fill=-,flush=-,to=0/30000}{io=0/0,kio=0,kro=0}->SslConnection@5c55c7de{NOT_HANDSHAKING,eio=-1/-1,di=-1,fill=IDLE,flush=IDLE}~>DecryptedEndPoint@360b1ebf{l=/127.0.0.1:37555,r=/127.0.0.1:51372,OPEN,fill=-,flush=-,to=0/30000}=>HttpConnection@3196055b[p=HttpParser{s=START,0 of -1},g=HttpGenerator@3245c40d{s=START}]=>HttpChannelOverHttp@6738f43e{s=HttpChannelState@47514cc4{s=IDLE rs=BLOCKING os=OPEN is=IDLE awp=false se=false i=true al=0},r=0,c=false/false,a=IDLE,uri=null,age=0}
02:33:25.685 [qtp399373008-57] DEBUG org.eclipse.jetty.io.AbstractConnection - onOpen SslConnection@5c55c7de::SocketChannelEndPoint@5624e1f0{l=/127.0.0.1:37555,r=/127.0.0.1:51372,OPEN,fill=-,flush=-,to=0/30000}{io=0/0,kio=0,kro=0}->SslConnection@5c55c7de{NOT_HANDSHAKING,eio=-1/-1,di=-1,fill=IDLE,flush=IDLE}~>DecryptedEndPoint@360b1ebf{l=/127.0.0.1:37555,r=/127.0.0.1:51372,OPEN,fill=-,flush=-,to=0/30000}=>HttpConnection@3196055b[p=HttpParser{s=START,0 of -1},g=HttpGenerator@3245c40d{s=START}]=>HttpChannelOverHttp@6738f43e{s=HttpChannelState@47514cc4{s=IDLE rs=BLOCKING os=OPEN is=IDLE awp=false se=false i=true al=0},r=0,c=false/false,a=IDLE,uri=null,age=0}
02:33:25.685 [qtp399373008-57] DEBUG org.eclipse.jetty.io.AbstractConnection - onOpen HttpConnection@3196055b::DecryptedEndPoint@360b1ebf{l=/127.0.0.1:37555,r=/127.0.0.1:51372,OPEN,fill=-,flush=-,to=0/30000}
02:33:25.685 [qtp399373008-57] DEBUG org.eclipse.jetty.io.AbstractConnection - fillInterested HttpConnection@3196055b::DecryptedEndPoint@360b1ebf{l=/127.0.0.1:37555,r=/127.0.0.1:51372,OPEN,fill=-,flush=-,to=0/30000}
02:33:25.685 [qtp399373008-57] DEBUG org.eclipse.jetty.io.FillInterest - interested FillInterest@33f8a3c3{AC.ReadCB@3196055b{HttpConnection@3196055b::DecryptedEndPoint@360b1ebf{l=/127.0.0.1:37555,r=/127.0.0.1:51372,OPEN,fill=FI,flush=-,to=0/30000}}}
02:33:25.685 [qtp399373008-57] DEBUG org.eclipse.jetty.io.ssl.SslConnection - >needFillInterest s=IDLE/IDLE uf=false ei=null di=null SslConnection@5c55c7de::SocketChannelEndPoint@5624e1f0{l=/127.0.0.1:37555,r=/127.0.0.1:51372,OPEN,fill=-,flush=-,to=0/30000}{io=0/0,kio=0,kro=0}->SslConnection@5c55c7de{NOT_HANDSHAKING,eio=-1/-1,di=-1,fill=IDLE,flush=IDLE}~>DecryptedEndPoint@360b1ebf{l=/127.0.0.1:37555,r=/127.0.0.1:51372,OPEN,fill=FI,flush=-,to=0/30000}=>HttpConnection@3196055b[p=HttpParser{s=START,0 of -1},g=HttpGenerator@3245c40d{s=START}]=>HttpChannelOverHttp@6738f43e{s=HttpChannelState@47514cc4{s=IDLE rs=BLOCKING os=OPEN is=IDLE awp=false se=false i=true al=0},r=0,c=false/false,a=IDLE,uri=null,age=0}
02:33:25.685 [qtp399373008-57] DEBUG org.eclipse.jetty.io.ssl.SslConnection - <needFillInterest s=IDLE/INTERESTED f=false i=true w=null
02:33:25.685 [qtp399373008-57] DEBUG org.eclipse.jetty.io.ssl.SslConnection - ensureFillInterested SslConnection@5c55c7de::SocketChannelEndPoint@5624e1f0{l=/127.0.0.1:37555,r=/127.0.0.1:51372,OPEN,fill=-,flush=-,to=0/30000}{io=0/0,kio=0,kro=0}->SslConnection@5c55c7de{NOT_HANDSHAKING,eio=-1/-1,di=-1,fill=INTERESTED,flush=IDLE}~>DecryptedEndPoint@360b1ebf{l=/127.0.0.1:37555,r=/127.0.0.1:51372,OPEN,fill=FI,flush=-,to=0/30000}=>HttpConnection@3196055b[p=HttpParser{s=START,0 of -1},g=HttpGenerator@3245c40d{s=START}]=>HttpChannelOverHttp@6738f43e{s=HttpChannelState@47514cc4{s=IDLE rs=BLOCKING os=OPEN is=IDLE awp=false se=false i=true al=0},r=0,c=false/false,a=IDLE,uri=null,age=0}
02:33:25.685 [qtp399373008-57] DEBUG org.eclipse.jetty.io.FillInterest - interested FillInterest@5e48eef9{SSLC.NBReadCB@5c55c7de{SslConnection@5c55c7de::SocketChannelEndPoint@5624e1f0{l=/127.0.0.1:37555,r=/127.0.0.1:51372,OPEN,fill=FI,flush=-,to=0/30000}{io=0/0,kio=0,kro=0}->SslConnection@5c55c7de{NOT_HANDSHAKING,eio=-1/-1,di=-1,fill=INTERESTED,flush=IDLE}~>DecryptedEndPoint@360b1ebf{l=/127.0.0.1:37555,r=/127.0.0.1:51372,OPEN,fill=FI,flush=-,to=0/30000}=>HttpConnection@3196055b[p=HttpParser{s=START,0 of -1},g=HttpGenerator@3245c40d{s=START}]=>HttpChannelOverHttp@6738f43e{s=HttpChannelState@47514cc4{s=IDLE rs=BLOCKING os=OPEN is=IDLE awp=false se=false i=true al=0},r=0,c=false/false,a=IDLE,uri=null,age=0}}}
02:33:25.685 [qtp399373008-57] DEBUG org.eclipse.jetty.io.ChannelEndPoint - changeInterests p=false 0->1 for SocketChannelEndPoint@5624e1f0{l=/127.0.0.1:37555,r=/127.0.0.1:51372,OPEN,fill=FI,flush=-,to=0/30000}{io=0/1,kio=0,kro=0}->SslConnection@5c55c7de{NOT_HANDSHAKING,eio=-1/-1,di=-1,fill=INTERESTED,flush=IDLE}~>DecryptedEndPoint@360b1ebf{l=/127.0.0.1:37555,r=/127.0.0.1:51372,OPEN,fill=FI,flush=-,to=0/30000}=>HttpConnection@3196055b[p=HttpParser{s=START,0 of -1},g=HttpGenerator@3245c40d{s=START}]=>HttpChannelOverHttp@6738f43e{s=HttpChannelState@47514cc4{s=IDLE rs=BLOCKING os=OPEN is=IDLE awp=false se=false i=true al=0},r=0,c=false/false,a=IDLE,uri=null,age=0}
02:33:25.685 [qtp399373008-57] DEBUG org.eclipse.jetty.io.ManagedSelector - Queued change lazy=false org.eclipse.jetty.io.ChannelEndPoint$$Lambda$255/1238156519@2c51a9d9 on ManagedSelector@7bb6ab3a{STARTED} id=3 keys=1 selected=0 updates=1
02:33:25.685 [qtp399373008-57] DEBUG org.eclipse.jetty.io.ManagedSelector - Wakeup on submit ManagedSelector@7bb6ab3a{STARTED} id=3 keys=1 selected=0 updates=2
02:33:25.685 [qtp399373008-58] DEBUG org.eclipse.jetty.io.ManagedSelector - Selector sun.nio.ch.EPollSelectorImpl@26508338 woken with none selected
02:33:25.685 [qtp399373008-58] DEBUG org.eclipse.jetty.io.ManagedSelector - Selector sun.nio.ch.EPollSelectorImpl@26508338 woken up from select, 0/0/1 selected
02:33:25.685 [qtp399373008-58] DEBUG org.eclipse.jetty.io.ManagedSelector - Selector sun.nio.ch.EPollSelectorImpl@26508338 processing 0 keys, 2 updates
02:33:25.686 [qtp399373008-58] DEBUG org.eclipse.jetty.io.ManagedSelector - updateable 2
02:33:25.686 [qtp399373008-57] DEBUG org.eclipse.jetty.io.ManagedSelector - Created SocketChannelEndPoint@5624e1f0{l=/127.0.0.1:37555,r=/127.0.0.1:51372,OPEN,fill=FI,flush=-,to=0/30000}{io=0/1,kio=0,kro=0}->SslConnection@5c55c7de{NOT_HANDSHAKING,eio=-1/-1,di=-1,fill=INTERESTED,flush=IDLE}~>DecryptedEndPoint@360b1ebf{l=/127.0.0.1:37555,r=/127.0.0.1:51372,OPEN,fill=FI,flush=-,to=0/30000}=>HttpConnection@3196055b[p=HttpParser{s=START,0 of -1},g=HttpGenerator@3245c40d{s=START}]=>HttpChannelOverHttp@6738f43e{s=HttpChannelState@47514cc4{s=IDLE rs=BLOCKING os=OPEN is=IDLE awp=false se=false i=true al=0},r=0,c=false/false,a=IDLE,uri=null,age=0}
02:33:25.686 [qtp399373008-58] DEBUG org.eclipse.jetty.io.ManagedSelector - update org.eclipse.jetty.io.ManagedSelector$$Lambda$258/1710399120@112f8e53
02:33:25.686 [qtp399373008-58] DEBUG org.eclipse.jetty.io.ManagedSelector - update org.eclipse.jetty.io.ChannelEndPoint$$Lambda$255/1238156519@2c51a9d9
02:33:25.686 [qtp399373008-57] DEBUG org.eclipse.jetty.util.thread.QueuedThreadPool - ran Accept@40083c4d[java.nio.channels.SocketChannel[connected local=/127.0.0.1:37555 remote=/127.0.0.1:51372]] in QueuedThreadPool[qtp399373008]@17cdf2d0{STARTED,8<=8<=200,i=0,r=-1,q=0}[ReservedThreadExecutor@424fd310{reserved=2/8,pending=0}]
02:33:25.686 [qtp399373008-58] DEBUG org.eclipse.jetty.io.ChannelEndPoint - Key interests updated 0 -> 1 on SocketChannelEndPoint@5624e1f0{l=/127.0.0.1:37555,r=/127.0.0.1:51372,OPEN,fill=FI,flush=-,to=0/30000}{io=1/1,kio=1,kro=0}->SslConnection@5c55c7de{NOT_HANDSHAKING,eio=-1/-1,di=-1,fill=INTERESTED,flush=IDLE}~>DecryptedEndPoint@360b1ebf{l=/127.0.0.1:37555,r=/127.0.0.1:51372,OPEN,fill=FI,flush=-,to=0/30000}=>HttpConnection@3196055b[p=HttpParser{s=START,0 of -1},g=HttpGenerator@3245c40d{s=START}]=>HttpChannelOverHttp@6738f43e{s=HttpChannelState@47514cc4{s=IDLE rs=BLOCKING os=OPEN is=IDLE awp=false se=false i=true al=0},r=0,c=false/false,a=IDLE,uri=null,age=0}
02:33:25.686 [qtp399373008-58] DEBUG org.eclipse.jetty.io.ManagedSelector - updates 0
02:33:25.686 [qtp399373008-58] DEBUG org.eclipse.jetty.io.ManagedSelector - Selector sun.nio.ch.EPollSelectorImpl@26508338 waiting with 1 keys
02:33:25.686 [qtp399373008-58] DEBUG org.eclipse.jetty.io.ManagedSelector - Selector sun.nio.ch.EPollSelectorImpl@26508338 woken up from select, 1/1/1 selected
02:33:25.686 [qtp399373008-58] DEBUG org.eclipse.jetty.io.ManagedSelector - Selector sun.nio.ch.EPollSelectorImpl@26508338 processing 1 keys, 0 updates
02:33:25.686 [qtp399373008-58] DEBUG org.eclipse.jetty.io.ManagedSelector - selected 1 sun.nio.ch.SelectionKeyImpl@28977982 SocketChannelEndPoint@5624e1f0{l=/127.0.0.1:37555,r=/127.0.0.1:51372,OPEN,fill=FI,flush=-,to=0/30000}{io=1/1,kio=1,kro=1}->SslConnection@5c55c7de{NOT_HANDSHAKING,eio=-1/-1,di=-1,fill=INTERESTED,flush=IDLE}~>DecryptedEndPoint@360b1ebf{l=/127.0.0.1:37555,r=/127.0.0.1:51372,OPEN,fill=FI,flush=-,to=0/30000}=>HttpConnection@3196055b[p=HttpParser{s=START,0 of -1},g=HttpGenerator@3245c40d{s=START}]=>HttpChannelOverHttp@6738f43e{s=HttpChannelState@47514cc4{s=IDLE rs=BLOCKING os=OPEN is=IDLE awp=false se=false i=true al=0},r=0,c=false/false,a=IDLE,uri=null,age=0} 
02:33:25.686 [qtp399373008-58] DEBUG org.eclipse.jetty.io.ChannelEndPoint - onSelected 1->0 r=true w=false for SocketChannelEndPoint@5624e1f0{l=/127.0.0.1:37555,r=/127.0.0.1:51372,OPEN,fill=FI,flush=-,to=0/30000}{io=1/0,kio=1,kro=1}->SslConnection@5c55c7de{NOT_HANDSHAKING,eio=-1/-1,di=-1,fill=INTERESTED,flush=IDLE}~>DecryptedEndPoint@360b1ebf{l=/127.0.0.1:37555,r=/127.0.0.1:51372,OPEN,fill=FI,flush=-,to=0/30000}=>HttpConnection@3196055b[p=HttpParser{s=START,0 of -1},g=HttpGenerator@3245c40d{s=START}]=>HttpChannelOverHttp@6738f43e{s=HttpChannelState@47514cc4{s=IDLE rs=BLOCKING os=OPEN is=IDLE awp=false se=false i=true al=0},r=0,c=false/false,a=IDLE,uri=null,age=0}
02:33:25.686 [qtp399373008-58] DEBUG org.eclipse.jetty.io.ChannelEndPoint - task CEP:SocketChannelEndPoint@5624e1f0{l=/127.0.0.1:37555,r=/127.0.0.1:51372,OPEN,fill=FI,flush=-,to=0/30000}{io=1/0,kio=1,kro=1}->SslConnection@5c55c7de{NOT_HANDSHAKING,eio=-1/-1,di=-1,fill=INTERESTED,flush=IDLE}~>DecryptedEndPoint@360b1ebf{l=/127.0.0.1:37555,r=/127.0.0.1:51372,OPEN,fill=FI,flush=-,to=1/30000}=>HttpConnection@3196055b[p=HttpParser{s=START,0 of -1},g=HttpGenerator@3245c40d{s=START}]=>HttpChannelOverHttp@6738f43e{s=HttpChannelState@47514cc4{s=IDLE rs=BLOCKING os=OPEN is=IDLE awp=false se=false i=true al=0},r=0,c=false/false,a=IDLE,uri=null,age=0}:runFillable:BLOCKING
02:33:25.686 [qtp399373008-58] DEBUG org.eclipse.jetty.util.thread.ReservedThreadExecutor - ReservedThreadExecutor@424fd310{reserved=2/8,pending=0} tryExecute EatWhatYouKill@f478a81/SelectorProducer@19553973/PRODUCING/p=false/QueuedThreadPool[qtp399373008]@17cdf2d0{STARTED,8<=8<=200,i=1,r=-1,q=0}[ReservedThreadExecutor@424fd310{reserved=2/8,pending=0}][pc=0,pic=0,pec=0,epc=0]@2024-05-02T02:33:25.686+01:00
02:33:25.686 [qtp399373008-62] DEBUG org.eclipse.jetty.util.thread.ReservedThreadExecutor - ReservedThread@2da1f821{RESERVED,thread=Thread[qtp399373008-62,5,main]} task=EatWhatYouKill@f478a81/SelectorProducer@19553973/IDLE/p=true/QueuedThreadPool[qtp399373008]@17cdf2d0{STARTED,8<=8<=200,i=1,r=-1,q=0}[ReservedThreadExecutor@424fd310{reserved=1/8,pending=0}][pc=0,pic=0,pec=0,epc=0]@2024-05-02T02:33:25.686+01:00 ReservedThreadExecutor@424fd310{reserved=1/8,pending=0}
02:33:25.686 [qtp399373008-58] DEBUG org.eclipse.jetty.util.thread.strategy.EatWhatYouKill - EatWhatYouKill@f478a81/SelectorProducer@19553973/IDLE/p=true/QueuedThreadPool[qtp399373008]@17cdf2d0{STARTED,8<=8<=200,i=1,r=-1,q=0}[ReservedThreadExecutor@424fd310{reserved=1/8,pending=0}][pc=0,pic=0,pec=0,epc=0]@2024-05-02T02:33:25.686+01:00 m=EXECUTE_PRODUCE_CONSUME t=CEP:SocketChannelEndPoint@5624e1f0{l=/127.0.0.1:37555,r=/127.0.0.1:51372,OPEN,fill=FI,flush=-,to=1/30000}{io=1/0,kio=1,kro=1}->SslConnection@5c55c7de{NOT_HANDSHAKING,eio=-1/-1,di=-1,fill=INTERESTED,flush=IDLE}~>DecryptedEndPoint@360b1ebf{l=/127.0.0.1:37555,r=/127.0.0.1:51372,OPEN,fill=FI,flush=-,to=1/30000}=>HttpConnection@3196055b[p=HttpParser{s=START,0 of -1},g=HttpGenerator@3245c40d{s=START}]=>HttpChannelOverHttp@6738f43e{s=HttpChannelState@47514cc4{s=IDLE rs=BLOCKING os=OPEN is=IDLE awp=false se=false i=true al=0},r=0,c=false/false,a=IDLE,uri=null,age=0}:runFillable:BLOCKING/BLOCKING
02:33:25.687 [qtp399373008-62] DEBUG org.eclipse.jetty.util.thread.strategy.EatWhatYouKill - EatWhatYouKill@f478a81/SelectorProducer@19553973/IDLE/p=true/QueuedThreadPool[qtp399373008]@17cdf2d0{STARTED,8<=8<=200,i=1,r=-1,q=0}[ReservedThreadExecutor@424fd310{reserved=1/8,pending=0}][pc=0,pic=0,pec=0,epc=0]@2024-05-02T02:33:25.687+01:00 tryProduce true
02:33:25.687 [qtp399373008-58] DEBUG org.eclipse.jetty.io.FillInterest - fillable FillInterest@5e48eef9{SSLC.NBReadCB@5c55c7de{SslConnection@5c55c7de::SocketChannelEndPoint@5624e1f0{l=/127.0.0.1:37555,r=/127.0.0.1:51372,OPEN,fill=FI,flush=-,to=1/30000}{io=1/0,kio=1,kro=1}->SslConnection@5c55c7de{NOT_HANDSHAKING,eio=-1/-1,di=-1,fill=INTERESTED,flush=IDLE}~>DecryptedEndPoint@360b1ebf{l=/127.0.0.1:37555,r=/127.0.0.1:51372,OPEN,fill=FI,flush=-,to=1/30000}=>HttpConnection@3196055b[p=HttpParser{s=START,0 of -1},g=HttpGenerator@3245c40d{s=START}]=>HttpChannelOverHttp@6738f43e{s=HttpChannelState@47514cc4{s=IDLE rs=BLOCKING os=OPEN is=IDLE awp=false se=false i=true al=0},r=0,c=false/false,a=IDLE,uri=null,age=0}}}
02:33:25.687 [qtp399373008-62] DEBUG org.eclipse.jetty.io.ManagedSelector - updateable 0
02:33:25.687 [qtp399373008-62] DEBUG org.eclipse.jetty.io.ManagedSelector - updates 0
02:33:25.687 [qtp399373008-58] DEBUG org.eclipse.jetty.io.ssl.SslConnection - >c.onFillable SslConnection@5c55c7de::SocketChannelEndPoint@5624e1f0{l=/127.0.0.1:37555,r=/127.0.0.1:51372,OPEN,fill=-,flush=-,to=1/30000}{io=1/0,kio=1,kro=1}->SslConnection@5c55c7de{NOT_HANDSHAKING,eio=-1/-1,di=-1,fill=INTERESTED,flush=IDLE}~>DecryptedEndPoint@360b1ebf{l=/127.0.0.1:37555,r=/127.0.0.1:51372,OPEN,fill=FI,flush=-,to=1/30000}=>HttpConnection@3196055b[p=HttpParser{s=START,0 of -1},g=HttpGenerator@3245c40d{s=START}]=>HttpChannelOverHttp@6738f43e{s=HttpChannelState@47514cc4{s=IDLE rs=BLOCKING os=OPEN is=IDLE awp=false se=false i=true al=0},r=0,c=false/false,a=IDLE,uri=null,age=0}
02:33:25.687 [qtp399373008-62] DEBUG org.eclipse.jetty.io.ChannelEndPoint - Key interests updated 1 -> 0 on SocketChannelEndPoint@5624e1f0{l=/127.0.0.1:37555,r=/127.0.0.1:51372,OPEN,fill=-,flush=-,to=1/30000}{io=0/0,kio=0,kro=1}->SslConnection@5c55c7de{NOT_HANDSHAKING,eio=-1/-1,di=-1,fill=INTERESTED,flush=IDLE}~>DecryptedEndPoint@360b1ebf{l=/127.0.0.1:37555,r=/127.0.0.1:51372,OPEN,fill=FI,flush=-,to=1/30000}=>HttpConnection@3196055b[p=HttpParser{s=START,0 of -1},g=HttpGenerator@3245c40d{s=START}]=>HttpChannelOverHttp@6738f43e{s=HttpChannelState@47514cc4{s=IDLE rs=BLOCKING os=OPEN is=IDLE awp=false se=false i=true al=0},r=0,c=false/false,a=IDLE,uri=null,age=0}
02:33:25.687 [qtp399373008-58] DEBUG org.eclipse.jetty.io.ssl.SslConnection - onFillable SslConnection@5c55c7de::SocketChannelEndPoint@5624e1f0{l=/127.0.0.1:37555,r=/127.0.0.1:51372,OPEN,fill=-,flush=-,to=1/30000}{io=0/0,kio=0,kro=1}->SslConnection@5c55c7de{NOT_HANDSHAKING,eio=-1/-1,di=-1,fill=INTERESTED,flush=IDLE}~>DecryptedEndPoint@360b1ebf{l=/127.0.0.1:37555,r=/127.0.0.1:51372,OPEN,fill=FI,flush=-,to=1/30000}=>HttpConnection@3196055b[p=HttpParser{s=START,0 of -1},g=HttpGenerator@3245c40d{s=START}]=>HttpChannelOverHttp@6738f43e{s=HttpChannelState@47514cc4{s=IDLE rs=BLOCKING os=OPEN is=IDLE awp=false se=false i=true al=0},r=0,c=false/false,a=IDLE,uri=null,age=0}
02:33:25.687 [qtp399373008-62] DEBUG org.eclipse.jetty.io.ManagedSelector - Selector sun.nio.ch.EPollSelectorImpl@26508338 waiting with 1 keys
02:33:25.687 [qtp399373008-58] DEBUG org.eclipse.jetty.io.FillInterest - fillable FillInterest@33f8a3c3{AC.ReadCB@3196055b{HttpConnection@3196055b::DecryptedEndPoint@360b1ebf{l=/127.0.0.1:37555,r=/127.0.0.1:51372,OPEN,fill=FI,flush=-,to=2/30000}}}
02:33:25.687 [qtp399373008-58] DEBUG org.eclipse.jetty.server.HttpConnection - HttpConnection@3196055b::DecryptedEndPoint@360b1ebf{l=/127.0.0.1:37555,r=/127.0.0.1:51372,OPEN,fill=-,flush=-,to=2/30000} onFillable enter HttpChannelState@47514cc4{s=IDLE rs=BLOCKING os=OPEN is=IDLE awp=false se=false i=true al=0} null
02:33:25.688 [qtp399373008-58] DEBUG org.eclipse.jetty.io.ssl.SslConnection - >fill SslConnection@5c55c7de::SocketChannelEndPoint@5624e1f0{l=/127.0.0.1:37555,r=/127.0.0.1:51372,OPEN,fill=-,flush=-,to=2/30000}{io=0/0,kio=0,kro=1}->SslConnection@5c55c7de{NOT_HANDSHAKING,eio=-1/-1,di=-1,fill=IDLE,flush=IDLE}~>DecryptedEndPoint@360b1ebf{l=/127.0.0.1:37555,r=/127.0.0.1:51372,OPEN,fill=-,flush=-,to=2/30000}=>HttpConnection@3196055b[p=HttpParser{s=START,0 of -1},g=HttpGenerator@3245c40d{s=START}]=>HttpChannelOverHttp@6738f43e{s=HttpChannelState@47514cc4{s=IDLE rs=BLOCKING os=OPEN is=IDLE awp=false se=false i=true al=0},r=0,c=false/false,a=IDLE,uri=null,age=0}
02:33:25.688 [qtp399373008-58] DEBUG org.eclipse.jetty.io.ssl.SslConnection - fill NOT_HANDSHAKING
02:33:25.688 [qtp399373008-58] DEBUG org.eclipse.jetty.io.ChannelEndPoint - filled 339 HeapByteBuffer@d26bd[p=0,l=339,c=17408,r=339]={<<<\x16\x03\x03\x01N\x01\x00\x01J\x03\x03\xEd\x85\xE0\x14\x1eqw\xFa\xBbl\xF4\x91c\x08...\x11(\xD8X\x03\xC0\xB8\xE9\x86(\xA7\xF7\xF0\xA3\xAb\x83O\xE4\xFf\x01\x00\x01\x00>>>\xF9\xFb}{\xC0\xFag\xC6G...\x00\x00\x00\x00\x00\x00\x00}
02:33:25.688 [qtp399373008-58] DEBUG org.eclipse.jetty.io.ssl.SslConnection - net filled=339
02:33:25.688 [qtp399373008-58] DEBUG org.eclipse.jetty.io.ssl.SslConnection - fill starting handshake SslConnection@5c55c7de::SocketChannelEndPoint@5624e1f0{l=/127.0.0.1:37555,r=/127.0.0.1:51372,OPEN,fill=-,flush=-,to=0/30000}{io=0/0,kio=0,kro=1}->SslConnection@5c55c7de{NOT_HANDSHAKING,eio=339/-1,di=-1,fill=IDLE,flush=IDLE}~>DecryptedEndPoint@360b1ebf{l=/127.0.0.1:37555,r=/127.0.0.1:51372,OPEN,fill=-,flush=-,to=2/30000}=>HttpConnection@3196055b[p=HttpParser{s=START,0 of -1},g=HttpGenerator@3245c40d{s=START}]=>HttpChannelOverHttp@6738f43e{s=HttpChannelState@47514cc4{s=IDLE rs=BLOCKING os=OPEN is=IDLE awp=false se=false i=true al=0},r=0,c=false/false,a=IDLE,uri=null,age=0}
02:33:25.688 [qtp399373008-58] DEBUG org.eclipse.jetty.io.ssl.SslConnection - unwrap net_filled=339 Status = OK HandshakeStatus = NEED_TASK bytesConsumed = 339 bytesProduced = 0 encryptedBuffer=[p=339,l=339,c=17408,r=0] unwrapBuffer=HeapByteBuffer@196acfdd[p=0,l=0,c=17408,r=0]={<<<>>>GET / HTT...\x00\x00\x00\x00\x00\x00\x00} appBuffer=HeapByteBuffer@196acfdd[p=0,l=0,c=17408,r=0]={<<<>>>GET / HTT...\x00\x00\x00\x00\x00\x00\x00}
02:33:25.688 [qtp399373008-58] DEBUG org.eclipse.jetty.io.ssl.SslConnection - fill NEED_TASK
02:33:25.698 [qtp399373008-58] DEBUG org.eclipse.jetty.io.ssl.SslConnection - fill NEED_WRAP
02:33:25.698 [qtp399373008-58] DEBUG org.eclipse.jetty.io.ssl.SslConnection - >flush SslConnection@5c55c7de::SocketChannelEndPoint@5624e1f0{l=/127.0.0.1:37555,r=/127.0.0.1:51372,OPEN,fill=-,flush=-,to=10/30000}{io=0/0,kio=0,kro=1}->SslConnection@5c55c7de{NEED_WRAP,eio=0/-1,di=-1,fill=IDLE,flush=IDLE}~>DecryptedEndPoint@360b1ebf{l=/127.0.0.1:37555,r=/127.0.0.1:51372,OPEN,fill=-,flush=-,to=13/30000}=>HttpConnection@3196055b[p=HttpParser{s=START,0 of -1},g=HttpGenerator@3245c40d{s=START}]=>HttpChannelOverHttp@6738f43e{s=HttpChannelState@47514cc4{s=IDLE rs=BLOCKING os=OPEN is=IDLE awp=false se=false i=true al=0},r=0,c=false/false,a=IDLE,uri=null,age=0}
02:33:25.699 [qtp399373008-58] DEBUG org.eclipse.jetty.io.ssl.SslConnection - flush b[0]=HeapByteBuffer@98da274[p=0,l=0,c=0,r=0]={<<<>>>}
02:33:25.699 [qtp399373008-58] DEBUG org.eclipse.jetty.io.ssl.SslConnection - flush NEED_WRAP
02:33:25.699 [qtp399373008-58] DEBUG org.eclipse.jetty.io.ssl.SslConnection - wrap Status = OK HandshakeStatus = NEED_WRAP bytesConsumed = 0 bytesProduced = 160 [p=0,l=160,c=17408,r=160] ioDone=false/false
02:33:25.699 [qtp399373008-58] DEBUG org.eclipse.jetty.io.ChannelEndPoint - flushed 160 SocketChannelEndPoint@5624e1f0{l=/127.0.0.1:37555,r=/127.0.0.1:51372,OPEN,fill=-,flush=-,to=10/30000}{io=0/0,kio=0,kro=1}->SslConnection@5c55c7de{NEED_WRAP,eio=0/0,di=-1,fill=IDLE,flush=IDLE}~>DecryptedEndPoint@360b1ebf{l=/127.0.0.1:37555,r=/127.0.0.1:51372,OPEN,fill=-,flush=-,to=13/30000}=>HttpConnection@3196055b[p=HttpParser{s=START,0 of -1},g=HttpGenerator@3245c40d{s=START}]=>HttpChannelOverHttp@6738f43e{s=HttpChannelState@47514cc4{s=IDLE rs=BLOCKING os=OPEN is=IDLE awp=false se=false i=true al=0},r=0,c=false/false,a=IDLE,uri=null,age=0}
02:33:25.699 [qtp399373008-58] DEBUG org.eclipse.jetty.io.ssl.SslConnection - net flushed=true, ac=true
02:33:25.699 [qtp399373008-58] DEBUG org.eclipse.jetty.io.ssl.SslConnection - flush NEED_WRAP
02:33:25.699 [qtp399373008-58] DEBUG org.eclipse.jetty.io.ssl.SslConnection - wrap Status = OK HandshakeStatus = NEED_WRAP bytesConsumed = 0 bytesProduced = 6 [p=0,l=6,c=17408,r=6] ioDone=false/false
02:33:25.699 [qtp399373008-58] DEBUG org.eclipse.jetty.io.ChannelEndPoint - flushed 6 SocketChannelEndPoint@5624e1f0{l=/127.0.0.1:37555,r=/127.0.0.1:51372,OPEN,fill=-,flush=-,to=0/30000}{io=0/0,kio=0,kro=1}->SslConnection@5c55c7de{NEED_WRAP,eio=0/0,di=-1,fill=IDLE,flush=IDLE}~>DecryptedEndPoint@360b1ebf{l=/127.0.0.1:37555,r=/127.0.0.1:51372,OPEN,fill=-,flush=-,to=13/30000}=>HttpConnection@3196055b[p=HttpParser{s=START,0 of -1},g=HttpGenerator@3245c40d{s=START}]=>HttpChannelOverHttp@6738f43e{s=HttpChannelState@47514cc4{s=IDLE rs=BLOCKING os=OPEN is=IDLE awp=false se=false i=true al=0},r=0,c=false/false,a=IDLE,uri=null,age=0}
02:33:25.699 [qtp399373008-58] DEBUG org.eclipse.jetty.io.ssl.SslConnection - net flushed=true, ac=true
02:33:25.699 [qtp399373008-58] DEBUG org.eclipse.jetty.io.ssl.SslConnection - flush NEED_WRAP
02:33:25.699 [qtp399373008-58] DEBUG org.eclipse.jetty.io.ssl.SslConnection - wrap Status = OK HandshakeStatus = NEED_UNWRAP bytesConsumed = 0 bytesProduced = 1597 [p=0,l=1597,c=17408,r=1597] ioDone=false/false
02:33:25.699 [qtp399373008-58] DEBUG org.eclipse.jetty.io.ChannelEndPoint - flushed 1597 SocketChannelEndPoint@5624e1f0{l=/127.0.0.1:37555,r=/127.0.0.1:51372,OPEN,fill=-,flush=-,to=0/30000}{io=0/0,kio=0,kro=1}->SslConnection@5c55c7de{NEED_UNWRAP,eio=0/0,di=-1,fill=IDLE,flush=IDLE}~>DecryptedEndPoint@360b1ebf{l=/127.0.0.1:37555,r=/127.0.0.1:51372,OPEN,fill=-,flush=-,to=14/30000}=>HttpConnection@3196055b[p=HttpParser{s=START,0 of -1},g=HttpGenerator@3245c40d{s=START}]=>HttpChannelOverHttp@6738f43e{s=HttpChannelState@47514cc4{s=IDLE rs=BLOCKING os=OPEN is=IDLE awp=false se=false i=true al=0},r=0,c=false/false,a=IDLE,uri=null,age=0}
02:33:25.699 [qtp399373008-58] DEBUG org.eclipse.jetty.io.ssl.SslConnection - net flushed=true, ac=true
02:33:25.699 [qtp399373008-58] DEBUG org.eclipse.jetty.io.ssl.SslConnection - <flush true SslConnection@5c55c7de::SocketChannelEndPoint@5624e1f0{l=/127.0.0.1:37555,r=/127.0.0.1:51372,OPEN,fill=-,flush=-,to=0/30000}{io=0/0,kio=0,kro=1}->SslConnection@5c55c7de{NEED_UNWRAP,eio=0/-1,di=-1,fill=IDLE,flush=IDLE}~>DecryptedEndPoint@360b1ebf{l=/127.0.0.1:37555,r=/127.0.0.1:51372,OPEN,fill=-,flush=-,to=14/30000}=>HttpConnection@3196055b[p=HttpParser{s=START,0 of -1},g=HttpGenerator@3245c40d{s=START}]=>HttpChannelOverHttp@6738f43e{s=HttpChannelState@47514cc4{s=IDLE rs=BLOCKING os=OPEN is=IDLE awp=false se=false i=true al=0},r=0,c=false/false,a=IDLE,uri=null,age=0}
02:33:25.699 [qtp399373008-58] DEBUG org.eclipse.jetty.io.ssl.SslConnection - fill NEED_UNWRAP
02:33:25.699 [qtp399373008-58] DEBUG org.eclipse.jetty.io.ChannelEndPoint - filled 0 HeapByteBuffer@d26bd[p=0,l=0,c=17408,r=0]={<<<>>>\x16\x03\x03\x01N\x01\x00\x01J...\x00\x00\x00\x00\x00\x00\x00}
02:33:25.699 [qtp399373008-58] DEBUG org.eclipse.jetty.io.ssl.SslConnection - net filled=0
02:33:25.699 [qtp399373008-58] DEBUG org.eclipse.jetty.io.ssl.SslConnection - unwrap net_filled=0 Status = BUFFER_UNDERFLOW HandshakeStatus = NEED_UNWRAP bytesConsumed = 0 bytesProduced = 0 encryptedBuffer=[p=0,l=0,c=17408,r=0] unwrapBuffer=HeapByteBuffer@196acfdd[p=0,l=0,c=17408,r=0]={<<<>>>GET / HTT...\x00\x00\x00\x00\x00\x00\x00} appBuffer=HeapByteBuffer@196acfdd[p=0,l=0,c=17408,r=0]={<<<>>>GET / HTT...\x00\x00\x00\x00\x00\x00\x00}
02:33:25.700 [qtp399373008-58] DEBUG org.eclipse.jetty.io.ssl.SslConnection - <fill f=0 uf=true SslConnection@5c55c7de::SocketChannelEndPoint@5624e1f0{l=/127.0.0.1:37555,r=/127.0.0.1:51372,OPEN,fill=-,flush=-,to=0/30000}{io=0/0,kio=0,kro=1}->SslConnection@5c55c7de{NEED_UNWRAP,eio=-1/-1,di=-1,fill=IDLE,flush=IDLE}~>DecryptedEndPoint@360b1ebf{l=/127.0.0.1:37555,r=/127.0.0.1:51372,OPEN,fill=-,flush=-,to=14/30000}=>HttpConnection@3196055b[p=HttpParser{s=START,0 of -1},g=HttpGenerator@3245c40d{s=START}]=>HttpChannelOverHttp@6738f43e{s=HttpChannelState@47514cc4{s=IDLE rs=BLOCKING os=OPEN is=IDLE awp=false se=false i=true al=0},r=0,c=false/false,a=IDLE,uri=null,age=0}
02:33:25.700 [qtp399373008-58] DEBUG org.eclipse.jetty.io.ssl.SslConnection - >fill SslConnection@5c55c7de::SocketChannelEndPoint@5624e1f0{l=/127.0.0.1:37555,r=/127.0.0.1:51372,OPEN,fill=-,flush=-,to=0/30000}{io=0/0,kio=0,kro=1}->SslConnection@5c55c7de{NEED_UNWRAP,eio=-1/-1,di=-1,fill=IDLE,flush=IDLE}~>DecryptedEndPoint@360b1ebf{l=/127.0.0.1:37555,r=/127.0.0.1:51372,OPEN,fill=-,flush=-,to=14/30000}=>HttpConnection@3196055b[p=HttpParser{s=START,0 of -1},g=HttpGenerator@3245c40d{s=START}]=>HttpChannelOverHttp@6738f43e{s=HttpChannelState@47514cc4{s=IDLE rs=BLOCKING os=OPEN is=IDLE awp=false se=false i=true al=0},r=0,c=false/false,a=IDLE,uri=null,age=0}
02:33:25.700 [qtp399373008-58] DEBUG org.eclipse.jetty.io.ssl.SslConnection - fill NEED_UNWRAP
02:33:25.700 [qtp399373008-58] DEBUG org.eclipse.jetty.io.ChannelEndPoint - filled 0 HeapByteBuffer@ecac914[p=0,l=0,c=17408,r=0]={<<<>>>\x17\x03\x03\x068$F1L...\x00\x00\x00\x00\x00\x00\x00}
02:33:25.700 [qtp399373008-58] DEBUG org.eclipse.jetty.io.ssl.SslConnection - net filled=0
02:33:25.700 [qtp399373008-58] DEBUG org.eclipse.jetty.io.ssl.SslConnection - unwrap net_filled=0 Status = BUFFER_UNDERFLOW HandshakeStatus = NEED_UNWRAP bytesConsumed = 0 bytesProduced = 0 encryptedBuffer=[p=0,l=0,c=17408,r=0] unwrapBuffer=HeapByteBuffer@196acfdd[p=0,l=0,c=17408,r=0]={<<<>>>GET / HTT...\x00\x00\x00\x00\x00\x00\x00} appBuffer=HeapByteBuffer@196acfdd[p=0,l=0,c=17408,r=0]={<<<>>>GET / HTT...\x00\x00\x00\x00\x00\x00\x00}
02:33:25.700 [qtp399373008-58] DEBUG org.eclipse.jetty.io.ssl.SslConnection - <fill f=0 uf=true SslConnection@5c55c7de::SocketChannelEndPoint@5624e1f0{l=/127.0.0.1:37555,r=/127.0.0.1:51372,OPEN,fill=-,flush=-,to=0/30000}{io=0/0,kio=0,kro=1}->SslConnection@5c55c7de{NEED_UNWRAP,eio=-1/-1,di=-1,fill=IDLE,flush=IDLE}~>DecryptedEndPoint@360b1ebf{l=/127.0.0.1:37555,r=/127.0.0.1:51372,OPEN,fill=-,flush=-,to=14/30000}=>HttpConnection@3196055b[p=HttpParser{s=START,0 of -1},g=HttpGenerator@3245c40d{s=START}]=>HttpChannelOverHttp@6738f43e{s=HttpChannelState@47514cc4{s=IDLE rs=BLOCKING os=OPEN is=IDLE awp=false se=false i=true al=0},r=0,c=false/false,a=IDLE,uri=null,age=0}
02:33:25.700 [qtp399373008-58] DEBUG org.eclipse.jetty.server.HttpConnection - HttpConnection@3196055b::DecryptedEndPoint@360b1ebf{l=/127.0.0.1:37555,r=/127.0.0.1:51372,OPEN,fill=-,flush=-,to=14/30000} filled 0 HeapByteBuffer@196acfdd[p=0,l=0,c=17408,r=0]={<<<>>>GET / HTT...\x00\x00\x00\x00\x00\x00\x00}
02:33:25.700 [qtp399373008-58] DEBUG org.eclipse.jetty.server.HttpConnection - HttpConnection@3196055b::DecryptedEndPoint@360b1ebf{l=/127.0.0.1:37555,r=/127.0.0.1:51372,OPEN,fill=-,flush=-,to=14/30000} parse HeapByteBuffer@196acfdd[p=0,l=0,c=17408,r=0]={<<<>>>GET / HTT...\x00\x00\x00\x00\x00\x00\x00} {}
02:33:25.700 [qtp399373008-58] DEBUG org.eclipse.jetty.http.HttpParser - parseNext s=START HeapByteBuffer@196acfdd[p=0,l=0,c=17408,r=0]={<<<>>>GET / HTT...\x00\x00\x00\x00\x00\x00\x00}
02:33:25.700 [qtp399373008-58] DEBUG org.eclipse.jetty.server.HttpConnection - HttpConnection@3196055b::DecryptedEndPoint@360b1ebf{l=/127.0.0.1:37555,r=/127.0.0.1:51372,OPEN,fill=-,flush=-,to=14/30000} parsed false HttpParser{s=START,0 of -1}
02:33:25.700 [qtp399373008-58] DEBUG org.eclipse.jetty.server.HttpConnection - releaseRequestBuffer HttpConnection@3196055b::DecryptedEndPoint@360b1ebf{l=/127.0.0.1:37555,r=/127.0.0.1:51372,OPEN,fill=-,flush=-,to=14/30000}
02:33:25.700 [qtp399373008-58] DEBUG org.eclipse.jetty.io.AbstractConnection - fillInterested HttpConnection@3196055b::DecryptedEndPoint@360b1ebf{l=/127.0.0.1:37555,r=/127.0.0.1:51372,OPEN,fill=-,flush=-,to=14/30000}
02:33:25.700 [qtp399373008-58] DEBUG org.eclipse.jetty.io.FillInterest - interested FillInterest@33f8a3c3{AC.ReadCB@3196055b{HttpConnection@3196055b::DecryptedEndPoint@360b1ebf{l=/127.0.0.1:37555,r=/127.0.0.1:51372,OPEN,fill=FI,flush=-,to=0/30000}}}
02:33:25.700 [qtp399373008-58] DEBUG org.eclipse.jetty.io.ssl.SslConnection - >needFillInterest s=IDLE/IDLE uf=true ei=null di=null SslConnection@5c55c7de::SocketChannelEndPoint@5624e1f0{l=/127.0.0.1:37555,r=/127.0.0.1:51372,OPEN,fill=-,flush=-,to=0/30000}{io=0/0,kio=0,kro=1}->SslConnection@5c55c7de{NEED_UNWRAP,eio=-1/-1,di=-1,fill=IDLE,flush=IDLE}~>DecryptedEndPoint@360b1ebf{l=/127.0.0.1:37555,r=/127.0.0.1:51372,OPEN,fill=FI,flush=-,to=0/30000}=>HttpConnection@3196055b[p=HttpParser{s=START,0 of -1},g=HttpGenerator@3245c40d{s=START}]=>HttpChannelOverHttp@6738f43e{s=HttpChannelState@47514cc4{s=IDLE rs=BLOCKING os=OPEN is=IDLE awp=false se=false i=true al=0},r=0,c=false/false,a=IDLE,uri=null,age=0}
02:33:25.700 [qtp399373008-58] DEBUG org.eclipse.jetty.io.ssl.SslConnection - <needFillInterest s=IDLE/INTERESTED f=false i=true w=null
02:33:25.700 [qtp399373008-58] DEBUG org.eclipse.jetty.io.ssl.SslConnection - ensureFillInterested SslConnection@5c55c7de::SocketChannelEndPoint@5624e1f0{l=/127.0.0.1:37555,r=/127.0.0.1:51372,OPEN,fill=-,flush=-,to=0/30000}{io=0/0,kio=0,kro=1}->SslConnection@5c55c7de{NEED_UNWRAP,eio=-1/-1,di=-1,fill=INTERESTED,flush=IDLE}~>DecryptedEndPoint@360b1ebf{l=/127.0.0.1:37555,r=/127.0.0.1:51372,OPEN,fill=FI,flush=-,to=0/30000}=>HttpConnection@3196055b[p=HttpParser{s=START,0 of -1},g=HttpGenerator@3245c40d{s=START}]=>HttpChannelOverHttp@6738f43e{s=HttpChannelState@47514cc4{s=IDLE rs=BLOCKING os=OPEN is=IDLE awp=false se=false i=true al=0},r=0,c=false/false,a=IDLE,uri=null,age=0}
02:33:25.701 [qtp399373008-58] DEBUG org.eclipse.jetty.io.FillInterest - interested FillInterest@5e48eef9{SSLC.NBReadCB@5c55c7de{SslConnection@5c55c7de::SocketChannelEndPoint@5624e1f0{l=/127.0.0.1:37555,r=/127.0.0.1:51372,OPEN,fill=FI,flush=-,to=0/30000}{io=0/0,kio=0,kro=1}->SslConnection@5c55c7de{NEED_UNWRAP,eio=-1/-1,di=-1,fill=INTERESTED,flush=IDLE}~>DecryptedEndPoint@360b1ebf{l=/127.0.0.1:37555,r=/127.0.0.1:51372,OPEN,fill=FI,flush=-,to=0/30000}=>HttpConnection@3196055b[p=HttpParser{s=START,0 of -1},g=HttpGenerator@3245c40d{s=START}]=>HttpChannelOverHttp@6738f43e{s=HttpChannelState@47514cc4{s=IDLE rs=BLOCKING os=OPEN is=IDLE awp=false se=false i=true al=0},r=0,c=false/false,a=IDLE,uri=null,age=0}}}
02:33:25.701 [qtp399373008-58] DEBUG org.eclipse.jetty.io.ChannelEndPoint - changeInterests p=false 0->1 for SocketChannelEndPoint@5624e1f0{l=/127.0.0.1:37555,r=/127.0.0.1:51372,OPEN,fill=FI,flush=-,to=0/30000}{io=0/1,kio=0,kro=1}->SslConnection@5c55c7de{NEED_UNWRAP,eio=-1/-1,di=-1,fill=INTERESTED,flush=IDLE}~>DecryptedEndPoint@360b1ebf{l=/127.0.0.1:37555,r=/127.0.0.1:51372,OPEN,fill=FI,flush=-,to=0/30000}=>HttpConnection@3196055b[p=HttpParser{s=START,0 of -1},g=HttpGenerator@3245c40d{s=START}]=>HttpChannelOverHttp@6738f43e{s=HttpChannelState@47514cc4{s=IDLE rs=BLOCKING os=OPEN is=IDLE awp=false se=false i=true al=0},r=0,c=false/false,a=IDLE,uri=null,age=0}
02:33:25.701 [qtp399373008-58] DEBUG org.eclipse.jetty.io.ManagedSelector - Queued change lazy=false org.eclipse.jetty.io.ChannelEndPoint$$Lambda$255/1238156519@2c51a9d9 on ManagedSelector@7bb6ab3a{STARTED} id=3 keys=1 selected=0 updates=0
02:33:25.701 [qtp399373008-58] DEBUG org.eclipse.jetty.io.ManagedSelector - Wakeup on submit ManagedSelector@7bb6ab3a{STARTED} id=3 keys=1 selected=0 updates=1
02:33:25.701 [qtp399373008-62] DEBUG org.eclipse.jetty.io.ManagedSelector - Selector sun.nio.ch.EPollSelectorImpl@26508338 woken with none selected
02:33:25.701 [qtp399373008-58] DEBUG org.eclipse.jetty.server.HttpConnection - HttpConnection@3196055b::DecryptedEndPoint@360b1ebf{l=/127.0.0.1:37555,r=/127.0.0.1:51372,OPEN,fill=FI,flush=-,to=0/30000} onFillable exit HttpChannelState@47514cc4{s=IDLE rs=BLOCKING os=OPEN is=IDLE awp=false se=false i=true al=0} null
02:33:25.701 [qtp399373008-62] DEBUG org.eclipse.jetty.io.ManagedSelector - Selector sun.nio.ch.EPollSelectorImpl@26508338 woken up from select, 0/0/1 selected
02:33:25.701 [qtp399373008-62] DEBUG org.eclipse.jetty.io.ManagedSelector - Selector sun.nio.ch.EPollSelectorImpl@26508338 processing 0 keys, 1 updates
02:33:25.701 [qtp399373008-62] DEBUG org.eclipse.jetty.io.ManagedSelector - updateable 1
02:33:25.701 [qtp399373008-62] DEBUG org.eclipse.jetty.io.ManagedSelector - update org.eclipse.jetty.io.ChannelEndPoint$$Lambda$255/1238156519@2c51a9d9
02:33:25.701 [qtp399373008-58] DEBUG org.eclipse.jetty.io.ssl.SslConnection - <c.onFillable SslConnection@5c55c7de::SocketChannelEndPoint@5624e1f0{l=/127.0.0.1:37555,r=/127.0.0.1:51372,OPEN,fill=FI,flush=-,to=0/30000}{io=0/1,kio=0,kro=1}->SslConnection@5c55c7de{NEED_UNWRAP,eio=-1/-1,di=-1,fill=INTERESTED,flush=IDLE}~>DecryptedEndPoint@360b1ebf{l=/127.0.0.1:37555,r=/127.0.0.1:51372,OPEN,fill=FI,flush=-,to=0/30000}=>HttpConnection@3196055b[p=HttpParser{s=START,0 of -1},g=HttpGenerator@3245c40d{s=START}]=>HttpChannelOverHttp@6738f43e{s=HttpChannelState@47514cc4{s=IDLE rs=BLOCKING os=OPEN is=IDLE awp=false se=false i=true al=0},r=0,c=false/false,a=IDLE,uri=null,age=0}
02:33:25.702 [qtp399373008-58] DEBUG org.eclipse.jetty.util.thread.QueuedThreadPool - ran org.eclipse.jetty.io.ManagedSelector$$Lambda$253/838473569@5a85c92 in QueuedThreadPool[qtp399373008]@17cdf2d0{STARTED,8<=8<=200,i=1,r=-1,q=0}[ReservedThreadExecutor@424fd310{reserved=1/8,pending=0}]
02:33:25.702 [qtp399373008-62] DEBUG org.eclipse.jetty.io.ChannelEndPoint - Key interests updated 0 -> 1 on SocketChannelEndPoint@5624e1f0{l=/127.0.0.1:37555,r=/127.0.0.1:51372,OPEN,fill=FI,flush=-,to=0/30000}{io=1/1,kio=1,kro=1}->SslConnection@5c55c7de{NEED_UNWRAP,eio=-1/-1,di=-1,fill=INTERESTED,flush=IDLE}~>DecryptedEndPoint@360b1ebf{l=/127.0.0.1:37555,r=/127.0.0.1:51372,OPEN,fill=FI,flush=-,to=1/30000}=>HttpConnection@3196055b[p=HttpParser{s=START,0 of -1},g=HttpGenerator@3245c40d{s=START}]=>HttpChannelOverHttp@6738f43e{s=HttpChannelState@47514cc4{s=IDLE rs=BLOCKING os=OPEN is=IDLE awp=false se=false i=true al=0},r=0,c=false/false,a=IDLE,uri=null,age=0}
02:33:25.702 [qtp399373008-62] DEBUG org.eclipse.jetty.io.ManagedSelector - updates 0
02:33:25.702 [qtp399373008-62] DEBUG org.eclipse.jetty.io.ManagedSelector - Selector sun.nio.ch.EPollSelectorImpl@26508338 waiting with 1 keys
02:33:25.703 [qtp399373008-62] DEBUG org.eclipse.jetty.io.ManagedSelector - Selector sun.nio.ch.EPollSelectorImpl@26508338 woken up from select, 1/1/1 selected
02:33:25.703 [qtp399373008-62] DEBUG org.eclipse.jetty.io.ManagedSelector - Selector sun.nio.ch.EPollSelectorImpl@26508338 processing 1 keys, 0 updates
02:33:25.703 [qtp399373008-62] DEBUG org.eclipse.jetty.io.ManagedSelector - selected 1 sun.nio.ch.SelectionKeyImpl@28977982 SocketChannelEndPoint@5624e1f0{l=/127.0.0.1:37555,r=/127.0.0.1:51372,OPEN,fill=FI,flush=-,to=2/30000}{io=1/1,kio=1,kro=1}->SslConnection@5c55c7de{NEED_UNWRAP,eio=-1/-1,di=-1,fill=INTERESTED,flush=IDLE}~>DecryptedEndPoint@360b1ebf{l=/127.0.0.1:37555,r=/127.0.0.1:51372,OPEN,fill=FI,flush=-,to=2/30000}=>HttpConnection@3196055b[p=HttpParser{s=START,0 of -1},g=HttpGenerator@3245c40d{s=START}]=>HttpChannelOverHttp@6738f43e{s=HttpChannelState@47514cc4{s=IDLE rs=BLOCKING os=OPEN is=IDLE awp=false se=false i=true al=0},r=0,c=false/false,a=IDLE,uri=null,age=0} 
02:33:25.703 [qtp399373008-62] DEBUG org.eclipse.jetty.io.ChannelEndPoint - onSelected 1->0 r=true w=false for SocketChannelEndPoint@5624e1f0{l=/127.0.0.1:37555,r=/127.0.0.1:51372,OPEN,fill=FI,flush=-,to=2/30000}{io=1/0,kio=1,kro=1}->SslConnection@5c55c7de{NEED_UNWRAP,eio=-1/-1,di=-1,fill=INTERESTED,flush=IDLE}~>DecryptedEndPoint@360b1ebf{l=/127.0.0.1:37555,r=/127.0.0.1:51372,OPEN,fill=FI,flush=-,to=3/30000}=>HttpConnection@3196055b[p=HttpParser{s=START,0 of -1},g=HttpGenerator@3245c40d{s=START}]=>HttpChannelOverHttp@6738f43e{s=HttpChannelState@47514cc4{s=IDLE rs=BLOCKING os=OPEN is=IDLE awp=false se=false i=true al=0},r=0,c=false/false,a=IDLE,uri=null,age=0}
02:33:25.703 [qtp399373008-62] DEBUG org.eclipse.jetty.io.ChannelEndPoint - task CEP:SocketChannelEndPoint@5624e1f0{l=/127.0.0.1:37555,r=/127.0.0.1:51372,OPEN,fill=FI,flush=-,to=2/30000}{io=1/0,kio=1,kro=1}->SslConnection@5c55c7de{NEED_UNWRAP,eio=-1/-1,di=-1,fill=INTERESTED,flush=IDLE}~>DecryptedEndPoint@360b1ebf{l=/127.0.0.1:37555,r=/127.0.0.1:51372,OPEN,fill=FI,flush=-,to=3/30000}=>HttpConnection@3196055b[p=HttpParser{s=START,0 of -1},g=HttpGenerator@3245c40d{s=START}]=>HttpChannelOverHttp@6738f43e{s=HttpChannelState@47514cc4{s=IDLE rs=BLOCKING os=OPEN is=IDLE awp=false se=false i=true al=0},r=0,c=false/false,a=IDLE,uri=null,age=0}:runFillable:BLOCKING
02:33:25.703 [qtp399373008-62] DEBUG org.eclipse.jetty.util.thread.ReservedThreadExecutor - ReservedThreadExecutor@424fd310{reserved=1/8,pending=0} tryExecute EatWhatYouKill@f478a81/SelectorProducer@19553973/PRODUCING/p=false/QueuedThreadPool[qtp399373008]@17cdf2d0{STARTED,8<=8<=200,i=2,r=-1,q=0}[ReservedThreadExecutor@424fd310{reserved=1/8,pending=0}][pc=0,pic=0,pec=0,epc=1]@2024-05-02T02:33:25.703+01:00
02:33:25.703 [qtp399373008-62] DEBUG org.eclipse.jetty.util.thread.ReservedThreadExecutor - ReservedThreadExecutor@424fd310{reserved=0/8,pending=1} startReservedThread p=1
02:33:25.703 [qtp399373008-57] DEBUG org.eclipse.jetty.util.thread.QueuedThreadPool - run ReservedThread@1d7308e6{PENDING,thread=null} in QueuedThreadPool[qtp399373008]@17cdf2d0{STARTED,8<=8<=200,i=1,r=-1,q=0}[ReservedThreadExecutor@424fd310{reserved=0/8,pending=1}]
02:33:25.703 [qtp399373008-57] DEBUG org.eclipse.jetty.util.thread.ReservedThreadExecutor - ReservedThread@1d7308e6{PENDING,thread=Thread[qtp399373008-57,5,main]} was=PENDING next=RESERVED size=0+1 capacity=8
02:33:25.703 [qtp399373008-57] DEBUG org.eclipse.jetty.util.thread.ReservedThreadExecutor - ReservedThread@1d7308e6{RESERVED,thread=Thread[qtp399373008-57,5,main]} waiting ReservedThreadExecutor@424fd310{reserved=1/8,pending=0}
02:33:25.703 [qtp399373008-62] DEBUG org.eclipse.jetty.util.thread.QueuedThreadPool - queue ReservedThread@1d7308e6{RESERVED,thread=Thread[qtp399373008-57,5,main]} startThread=0
02:33:25.704 [qtp399373008-56] DEBUG org.eclipse.jetty.util.thread.ReservedThreadExecutor - ReservedThread@21d8cb0a{RESERVED,thread=Thread[qtp399373008-56,5,main]} task=EatWhatYouKill@f478a81/SelectorProducer@19553973/IDLE/p=true/QueuedThreadPool[qtp399373008]@17cdf2d0{STARTED,8<=8<=200,i=1,r=-1,q=0}[ReservedThreadExecutor@424fd310{reserved=1/8,pending=0}][pc=0,pic=0,pec=0,epc=1]@2024-05-02T02:33:25.704+01:00 ReservedThreadExecutor@424fd310{reserved=1/8,pending=0}
02:33:25.704 [qtp399373008-56] DEBUG org.eclipse.jetty.util.thread.strategy.EatWhatYouKill - EatWhatYouKill@f478a81/SelectorProducer@19553973/IDLE/p=true/QueuedThreadPool[qtp399373008]@17cdf2d0{STARTED,8<=8<=200,i=1,r=-1,q=0}[ReservedThreadExecutor@424fd310{reserved=1/8,pending=0}][pc=0,pic=0,pec=0,epc=1]@2024-05-02T02:33:25.704+01:00 tryProduce true
02:33:25.704 [qtp399373008-56] DEBUG org.eclipse.jetty.io.ManagedSelector - updateable 0
02:33:25.704 [qtp399373008-56] DEBUG org.eclipse.jetty.io.ManagedSelector - updates 0
02:33:25.704 [qtp399373008-56] DEBUG org.eclipse.jetty.io.ChannelEndPoint - Key interests updated 1 -> 0 on SocketChannelEndPoint@5624e1f0{l=/127.0.0.1:37555,r=/127.0.0.1:51372,OPEN,fill=FI,flush=-,to=3/30000}{io=0/0,kio=0,kro=1}->SslConnection@5c55c7de{NEED_UNWRAP,eio=-1/-1,di=-1,fill=INTERESTED,flush=IDLE}~>DecryptedEndPoint@360b1ebf{l=/127.0.0.1:37555,r=/127.0.0.1:51372,OPEN,fill=FI,flush=-,to=3/30000}=>HttpConnection@3196055b[p=HttpParser{s=START,0 of -1},g=HttpGenerator@3245c40d{s=START}]=>HttpChannelOverHttp@6738f43e{s=HttpChannelState@47514cc4{s=IDLE rs=BLOCKING os=OPEN is=IDLE awp=false se=false i=true al=0},r=0,c=false/false,a=IDLE,uri=null,age=0}
02:33:25.704 [qtp399373008-56] DEBUG org.eclipse.jetty.io.ManagedSelector - Selector sun.nio.ch.EPollSelectorImpl@26508338 waiting with 1 keys
02:33:25.704 [qtp399373008-62] DEBUG org.eclipse.jetty.util.thread.strategy.EatWhatYouKill - EatWhatYouKill@f478a81/SelectorProducer@19553973/PRODUCING/p=false/QueuedThreadPool[qtp399373008]@17cdf2d0{STARTED,8<=8<=200,i=1,r=-1,q=0}[ReservedThreadExecutor@424fd310{reserved=1/8,pending=0}][pc=0,pic=0,pec=0,epc=1]@2024-05-02T02:33:25.704+01:00 m=EXECUTE_PRODUCE_CONSUME t=CEP:SocketChannelEndPoint@5624e1f0{l=/127.0.0.1:37555,r=/127.0.0.1:51372,OPEN,fill=FI,flush=-,to=3/30000}{io=0/0,kio=0,kro=1}->SslConnection@5c55c7de{NEED_UNWRAP,eio=-1/-1,di=-1,fill=INTERESTED,flush=IDLE}~>DecryptedEndPoint@360b1ebf{l=/127.0.0.1:37555,r=/127.0.0.1:51372,OPEN,fill=FI,flush=-,to=4/30000}=>HttpConnection@3196055b[p=HttpParser{s=START,0 of -1},g=HttpGenerator@3245c40d{s=START}]=>HttpChannelOverHttp@6738f43e{s=HttpChannelState@47514cc4{s=IDLE rs=BLOCKING os=OPEN is=IDLE awp=false se=false i=true al=0},r=0,c=false/false,a=IDLE,uri=null,age=0}:runFillable:BLOCKING/BLOCKING
02:33:25.704 [qtp399373008-62] DEBUG org.eclipse.jetty.io.FillInterest - fillable FillInterest@5e48eef9{SSLC.NBReadCB@5c55c7de{SslConnection@5c55c7de::SocketChannelEndPoint@5624e1f0{l=/127.0.0.1:37555,r=/127.0.0.1:51372,OPEN,fill=FI,flush=-,to=3/30000}{io=0/0,kio=0,kro=1}->SslConnection@5c55c7de{NEED_UNWRAP,eio=-1/-1,di=-1,fill=INTERESTED,flush=IDLE}~>DecryptedEndPoint@360b1ebf{l=/127.0.0.1:37555,r=/127.0.0.1:51372,OPEN,fill=FI,flush=-,to=4/30000}=>HttpConnection@3196055b[p=HttpParser{s=START,0 of -1},g=HttpGenerator@3245c40d{s=START}]=>HttpChannelOverHttp@6738f43e{s=HttpChannelState@47514cc4{s=IDLE rs=BLOCKING os=OPEN is=IDLE awp=false se=false i=true al=0},r=0,c=false/false,a=IDLE,uri=null,age=0}}}
02:33:25.704 [qtp399373008-62] DEBUG org.eclipse.jetty.io.ssl.SslConnection - >c.onFillable SslConnection@5c55c7de::SocketChannelEndPoint@5624e1f0{l=/127.0.0.1:37555,r=/127.0.0.1:51372,OPEN,fill=-,flush=-,to=3/30000}{io=0/0,kio=0,kro=1}->SslConnection@5c55c7de{NEED_UNWRAP,eio=-1/-1,di=-1,fill=INTERESTED,flush=IDLE}~>DecryptedEndPoint@360b1ebf{l=/127.0.0.1:37555,r=/127.0.0.1:51372,OPEN,fill=FI,flush=-,to=4/30000}=>HttpConnection@3196055b[p=HttpParser{s=START,0 of -1},g=HttpGenerator@3245c40d{s=START}]=>HttpChannelOverHttp@6738f43e{s=HttpChannelState@47514cc4{s=IDLE rs=BLOCKING os=OPEN is=IDLE awp=false se=false i=true al=0},r=0,c=false/false,a=IDLE,uri=null,age=0}
02:33:25.705 [qtp399373008-62] DEBUG org.eclipse.jetty.io.ssl.SslConnection - onFillable SslConnection@5c55c7de::SocketChannelEndPoint@5624e1f0{l=/127.0.0.1:37555,r=/127.0.0.1:51372,OPEN,fill=-,flush=-,to=4/30000}{io=0/0,kio=0,kro=1}->SslConnection@5c55c7de{NEED_UNWRAP,eio=-1/-1,di=-1,fill=INTERESTED,flush=IDLE}~>DecryptedEndPoint@360b1ebf{l=/127.0.0.1:37555,r=/127.0.0.1:51372,OPEN,fill=FI,flush=-,to=4/30000}=>HttpConnection@3196055b[p=HttpParser{s=START,0 of -1},g=HttpGenerator@3245c40d{s=START}]=>HttpChannelOverHttp@6738f43e{s=HttpChannelState@47514cc4{s=IDLE rs=BLOCKING os=OPEN is=IDLE awp=false se=false i=true al=0},r=0,c=false/false,a=IDLE,uri=null,age=0}
02:33:25.705 [qtp399373008-62] DEBUG org.eclipse.jetty.io.FillInterest - fillable FillInterest@33f8a3c3{AC.ReadCB@3196055b{HttpConnection@3196055b::DecryptedEndPoint@360b1ebf{l=/127.0.0.1:37555,r=/127.0.0.1:51372,OPEN,fill=FI,flush=-,to=4/30000}}}
02:33:25.705 [qtp399373008-62] DEBUG org.eclipse.jetty.server.HttpConnection - HttpConnection@3196055b::DecryptedEndPoint@360b1ebf{l=/127.0.0.1:37555,r=/127.0.0.1:51372,OPEN,fill=-,flush=-,to=4/30000} onFillable enter HttpChannelState@47514cc4{s=IDLE rs=BLOCKING os=OPEN is=IDLE awp=false se=false i=true al=0} null
02:33:25.705 [qtp399373008-62] DEBUG org.eclipse.jetty.io.ssl.SslConnection - >fill SslConnection@5c55c7de::SocketChannelEndPoint@5624e1f0{l=/127.0.0.1:37555,r=/127.0.0.1:51372,OPEN,fill=-,flush=-,to=4/30000}{io=0/0,kio=0,kro=1}->SslConnection@5c55c7de{NEED_UNWRAP,eio=-1/-1,di=-1,fill=IDLE,flush=IDLE}~>DecryptedEndPoint@360b1ebf{l=/127.0.0.1:37555,r=/127.0.0.1:51372,OPEN,fill=-,flush=-,to=4/30000}=>HttpConnection@3196055b[p=HttpParser{s=START,0 of -1},g=HttpGenerator@3245c40d{s=START}]=>HttpChannelOverHttp@6738f43e{s=HttpChannelState@47514cc4{s=IDLE rs=BLOCKING os=OPEN is=IDLE awp=false se=false i=true al=0},r=0,c=false/false,a=IDLE,uri=null,age=0}
02:33:25.705 [qtp399373008-62] DEBUG org.eclipse.jetty.io.ssl.SslConnection - fill NEED_UNWRAP
02:33:25.705 [qtp399373008-62] DEBUG org.eclipse.jetty.io.ChannelEndPoint - filled 6 HeapByteBuffer@ecac914[p=0,l=6,c=17408,r=6]={<<<\x14\x03\x03\x00\x01\x01>>>F1Lx\x07\x1b3\xE7\xCa...\x00\x00\x00\x00\x00\x00\x00}
02:33:25.705 [qtp399373008-62] DEBUG org.eclipse.jetty.io.ssl.SslConnection - net filled=6
02:33:25.705 [qtp399373008-62] DEBUG org.eclipse.jetty.io.ssl.SslConnection - unwrap net_filled=6 Status = OK HandshakeStatus = NEED_UNWRAP bytesConsumed = 6 bytesProduced = 0 encryptedBuffer=[p=6,l=6,c=17408,r=0] unwrapBuffer=HeapByteBuffer@d26bd[p=0,l=0,c=17408,r=0]={<<<>>>\x16\x03\x03\x01N\x01\x00\x01J...\x00\x00\x00\x00\x00\x00\x00} appBuffer=HeapByteBuffer@d26bd[p=0,l=0,c=17408,r=0]={<<<>>>\x16\x03\x03\x01N\x01\x00\x01J...\x00\x00\x00\x00\x00\x00\x00}
02:33:25.705 [qtp399373008-62] DEBUG org.eclipse.jetty.io.ssl.SslConnection - fill NEED_UNWRAP
02:33:25.705 [qtp399373008-62] DEBUG org.eclipse.jetty.io.ChannelEndPoint - filled 0 HeapByteBuffer@ecac914[p=0,l=0,c=17408,r=0]={<<<>>>\x14\x03\x03\x00\x01\x01F1L...\x00\x00\x00\x00\x00\x00\x00}
02:33:25.705 [qtp399373008-62] DEBUG org.eclipse.jetty.io.ssl.SslConnection - net filled=0
02:33:25.705 [qtp399373008-62] DEBUG org.eclipse.jetty.io.ssl.SslConnection - unwrap net_filled=0 Status = BUFFER_UNDERFLOW HandshakeStatus = NEED_UNWRAP bytesConsumed = 0 bytesProduced = 0 encryptedBuffer=[p=0,l=0,c=17408,r=0] unwrapBuffer=HeapByteBuffer@d26bd[p=0,l=0,c=17408,r=0]={<<<>>>\x16\x03\x03\x01N\x01\x00\x01J...\x00\x00\x00\x00\x00\x00\x00} appBuffer=HeapByteBuffer@d26bd[p=0,l=0,c=17408,r=0]={<<<>>>\x16\x03\x03\x01N\x01\x00\x01J...\x00\x00\x00\x00\x00\x00\x00}
02:33:25.706 [qtp399373008-62] DEBUG org.eclipse.jetty.io.ssl.SslConnection - <fill f=0 uf=true SslConnection@5c55c7de::SocketChannelEndPoint@5624e1f0{l=/127.0.0.1:37555,r=/127.0.0.1:51372,OPEN,fill=-,flush=-,to=0/30000}{io=0/0,kio=0,kro=1}->SslConnection@5c55c7de{NEED_UNWRAP,eio=-1/-1,di=-1,fill=IDLE,flush=IDLE}~>DecryptedEndPoint@360b1ebf{l=/127.0.0.1:37555,r=/127.0.0.1:51372,OPEN,fill=-,flush=-,to=5/30000}=>HttpConnection@3196055b[p=HttpParser{s=START,0 of -1},g=HttpGenerator@3245c40d{s=START}]=>HttpChannelOverHttp@6738f43e{s=HttpChannelState@47514cc4{s=IDLE rs=BLOCKING os=OPEN is=IDLE awp=false se=false i=true al=0},r=0,c=false/false,a=IDLE,uri=null,age=0}
02:33:25.706 [qtp399373008-62] DEBUG org.eclipse.jetty.io.ssl.SslConnection - >fill SslConnection@5c55c7de::SocketChannelEndPoint@5624e1f0{l=/127.0.0.1:37555,r=/127.0.0.1:51372,OPEN,fill=-,flush=-,to=0/30000}{io=0/0,kio=0,kro=1}->SslConnection@5c55c7de{NEED_UNWRAP,eio=-1/-1,di=-1,fill=IDLE,flush=IDLE}~>DecryptedEndPoint@360b1ebf{l=/127.0.0.1:37555,r=/127.0.0.1:51372,OPEN,fill=-,flush=-,to=5/30000}=>HttpConnection@3196055b[p=HttpParser{s=START,0 of -1},g=HttpGenerator@3245c40d{s=START}]=>HttpChannelOverHttp@6738f43e{s=HttpChannelState@47514cc4{s=IDLE rs=BLOCKING os=OPEN is=IDLE awp=false se=false i=true al=0},r=0,c=false/false,a=IDLE,uri=null,age=0}
02:33:25.706 [qtp399373008-62] DEBUG org.eclipse.jetty.io.ssl.SslConnection - fill NEED_UNWRAP
02:33:25.706 [qtp399373008-62] DEBUG org.eclipse.jetty.io.ChannelEndPoint - filled 0 HeapByteBuffer@196acfdd[p=0,l=0,c=17408,r=0]={<<<>>>GET / HTT...\x00\x00\x00\x00\x00\x00\x00}
02:33:25.706 [qtp399373008-62] DEBUG org.eclipse.jetty.io.ssl.SslConnection - net filled=0
02:33:25.706 [qtp399373008-62] DEBUG org.eclipse.jetty.io.ssl.SslConnection - unwrap net_filled=0 Status = BUFFER_UNDERFLOW HandshakeStatus = NEED_UNWRAP bytesConsumed = 0 bytesProduced = 0 encryptedBuffer=[p=0,l=0,c=17408,r=0] unwrapBuffer=HeapByteBuffer@d26bd[p=0,l=0,c=17408,r=0]={<<<>>>\x16\x03\x03\x01N\x01\x00\x01J...\x00\x00\x00\x00\x00\x00\x00} appBuffer=HeapByteBuffer@d26bd[p=0,l=0,c=17408,r=0]={<<<>>>\x16\x03\x03\x01N\x01\x00\x01J...\x00\x00\x00\x00\x00\x00\x00}
02:33:25.706 [qtp399373008-62] DEBUG org.eclipse.jetty.io.ssl.SslConnection - <fill f=0 uf=true SslConnection@5c55c7de::SocketChannelEndPoint@5624e1f0{l=/127.0.0.1:37555,r=/127.0.0.1:51372,OPEN,fill=-,flush=-,to=0/30000}{io=0/0,kio=0,kro=1}->SslConnection@5c55c7de{NEED_UNWRAP,eio=-1/-1,di=-1,fill=IDLE,flush=IDLE}~>DecryptedEndPoint@360b1ebf{l=/127.0.0.1:37555,r=/127.0.0.1:51372,OPEN,fill=-,flush=-,to=5/30000}=>HttpConnection@3196055b[p=HttpParser{s=START,0 of -1},g=HttpGenerator@3245c40d{s=START}]=>HttpChannelOverHttp@6738f43e{s=HttpChannelState@47514cc4{s=IDLE rs=BLOCKING os=OPEN is=IDLE awp=false se=false i=true al=0},r=0,c=false/false,a=IDLE,uri=null,age=0}
02:33:25.706 [qtp399373008-62] DEBUG org.eclipse.jetty.server.HttpConnection - HttpConnection@3196055b::DecryptedEndPoint@360b1ebf{l=/127.0.0.1:37555,r=/127.0.0.1:51372,OPEN,fill=-,flush=-,to=6/30000} filled 0 HeapByteBuffer@d26bd[p=0,l=0,c=17408,r=0]={<<<>>>\x16\x03\x03\x01N\x01\x00\x01J...\x00\x00\x00\x00\x00\x00\x00}
02:33:25.706 [qtp399373008-62] DEBUG org.eclipse.jetty.server.HttpConnection - HttpConnection@3196055b::DecryptedEndPoint@360b1ebf{l=/127.0.0.1:37555,r=/127.0.0.1:51372,OPEN,fill=-,flush=-,to=6/30000} parse HeapByteBuffer@d26bd[p=0,l=0,c=17408,r=0]={<<<>>>\x16\x03\x03\x01N\x01\x00\x01J...\x00\x00\x00\x00\x00\x00\x00} {}
02:33:25.706 [qtp399373008-62] DEBUG org.eclipse.jetty.http.HttpParser - parseNext s=START HeapByteBuffer@d26bd[p=0,l=0,c=17408,r=0]={<<<>>>\x16\x03\x03\x01N\x01\x00\x01J...\x00\x00\x00\x00\x00\x00\x00}
02:33:25.706 [qtp399373008-62] DEBUG org.eclipse.jetty.server.HttpConnection - HttpConnection@3196055b::DecryptedEndPoint@360b1ebf{l=/127.0.0.1:37555,r=/127.0.0.1:51372,OPEN,fill=-,flush=-,to=6/30000} parsed false HttpParser{s=START,0 of -1}
02:33:25.706 [qtp399373008-62] DEBUG org.eclipse.jetty.server.HttpConnection - releaseRequestBuffer HttpConnection@3196055b::DecryptedEndPoint@360b1ebf{l=/127.0.0.1:37555,r=/127.0.0.1:51372,OPEN,fill=-,flush=-,to=6/30000}
02:33:25.706 [qtp399373008-62] DEBUG org.eclipse.jetty.io.AbstractConnection - fillInterested HttpConnection@3196055b::DecryptedEndPoint@360b1ebf{l=/127.0.0.1:37555,r=/127.0.0.1:51372,OPEN,fill=-,flush=-,to=6/30000}
02:33:25.706 [qtp399373008-62] DEBUG org.eclipse.jetty.io.FillInterest - interested FillInterest@33f8a3c3{AC.ReadCB@3196055b{HttpConnection@3196055b::DecryptedEndPoint@360b1ebf{l=/127.0.0.1:37555,r=/127.0.0.1:51372,OPEN,fill=FI,flush=-,to=0/30000}}}
02:33:25.706 [qtp399373008-62] DEBUG org.eclipse.jetty.io.ssl.SslConnection - >needFillInterest s=IDLE/IDLE uf=true ei=null di=null SslConnection@5c55c7de::SocketChannelEndPoint@5624e1f0{l=/127.0.0.1:37555,r=/127.0.0.1:51372,OPEN,fill=-,flush=-,to=1/30000}{io=0/0,kio=0,kro=1}->SslConnection@5c55c7de{NEED_UNWRAP,eio=-1/-1,di=-1,fill=IDLE,flush=IDLE}~>DecryptedEndPoint@360b1ebf{l=/127.0.0.1:37555,r=/127.0.0.1:51372,OPEN,fill=FI,flush=-,to=0/30000}=>HttpConnection@3196055b[p=HttpParser{s=START,0 of -1},g=HttpGenerator@3245c40d{s=START}]=>HttpChannelOverHttp@6738f43e{s=HttpChannelState@47514cc4{s=IDLE rs=BLOCKING os=OPEN is=IDLE awp=false se=false i=true al=0},r=0,c=false/false,a=IDLE,uri=null,age=0}
02:33:25.706 [qtp399373008-62] DEBUG org.eclipse.jetty.io.ssl.SslConnection - <needFillInterest s=IDLE/INTERESTED f=false i=true w=null
02:33:25.706 [qtp399373008-62] DEBUG org.eclipse.jetty.io.ssl.SslConnection - ensureFillInterested SslConnection@5c55c7de::SocketChannelEndPoint@5624e1f0{l=/127.0.0.1:37555,r=/127.0.0.1:51372,OPEN,fill=-,flush=-,to=1/30000}{io=0/0,kio=0,kro=1}->SslConnection@5c55c7de{NEED_UNWRAP,eio=-1/-1,di=-1,fill=INTERESTED,flush=IDLE}~>DecryptedEndPoint@360b1ebf{l=/127.0.0.1:37555,r=/127.0.0.1:51372,OPEN,fill=FI,flush=-,to=0/30000}=>HttpConnection@3196055b[p=HttpParser{s=START,0 of -1},g=HttpGenerator@3245c40d{s=START}]=>HttpChannelOverHttp@6738f43e{s=HttpChannelState@47514cc4{s=IDLE rs=BLOCKING os=OPEN is=IDLE awp=false se=false i=true al=0},r=0,c=false/false,a=IDLE,uri=null,age=0}
02:33:25.706 [qtp399373008-62] DEBUG org.eclipse.jetty.io.FillInterest - interested FillInterest@5e48eef9{SSLC.NBReadCB@5c55c7de{SslConnection@5c55c7de::SocketChannelEndPoint@5624e1f0{l=/127.0.0.1:37555,r=/127.0.0.1:51372,OPEN,fill=FI,flush=-,to=0/30000}{io=0/0,kio=0,kro=1}->SslConnection@5c55c7de{NEED_UNWRAP,eio=-1/-1,di=-1,fill=INTERESTED,flush=IDLE}~>DecryptedEndPoint@360b1ebf{l=/127.0.0.1:37555,r=/127.0.0.1:51372,OPEN,fill=FI,flush=-,to=0/30000}=>HttpConnection@3196055b[p=HttpParser{s=START,0 of -1},g=HttpGenerator@3245c40d{s=START}]=>HttpChannelOverHttp@6738f43e{s=HttpChannelState@47514cc4{s=IDLE rs=BLOCKING os=OPEN is=IDLE awp=false se=false i=true al=0},r=0,c=false/false,a=IDLE,uri=null,age=0}}}
02:33:25.707 [qtp399373008-62] DEBUG org.eclipse.jetty.io.ChannelEndPoint - changeInterests p=false 0->1 for SocketChannelEndPoint@5624e1f0{l=/127.0.0.1:37555,r=/127.0.0.1:51372,OPEN,fill=FI,flush=-,to=0/30000}{io=0/1,kio=0,kro=1}->SslConnection@5c55c7de{NEED_UNWRAP,eio=-1/-1,di=-1,fill=INTERESTED,flush=IDLE}~>DecryptedEndPoint@360b1ebf{l=/127.0.0.1:37555,r=/127.0.0.1:51372,OPEN,fill=FI,flush=-,to=0/30000}=>HttpConnection@3196055b[p=HttpParser{s=START,0 of -1},g=HttpGenerator@3245c40d{s=START}]=>HttpChannelOverHttp@6738f43e{s=HttpChannelState@47514cc4{s=IDLE rs=BLOCKING os=OPEN is=IDLE awp=false se=false i=true al=0},r=0,c=false/false,a=IDLE,uri=null,age=0}
02:33:25.707 [qtp399373008-62] DEBUG org.eclipse.jetty.io.ManagedSelector - Queued change lazy=false org.eclipse.jetty.io.ChannelEndPoint$$Lambda$255/1238156519@2c51a9d9 on ManagedSelector@7bb6ab3a{STARTED} id=3 keys=1 selected=0 updates=0
02:33:25.707 [qtp399373008-62] DEBUG org.eclipse.jetty.io.ManagedSelector - Wakeup on submit ManagedSelector@7bb6ab3a{STARTED} id=3 keys=1 selected=0 updates=1
02:33:25.707 [qtp399373008-56] DEBUG org.eclipse.jetty.io.ManagedSelector - Selector sun.nio.ch.EPollSelectorImpl@26508338 woken with none selected
02:33:25.707 [qtp399373008-56] DEBUG org.eclipse.jetty.io.ManagedSelector - Selector sun.nio.ch.EPollSelectorImpl@26508338 woken up from select, 0/0/1 selected
02:33:25.707 [qtp399373008-56] DEBUG org.eclipse.jetty.io.ManagedSelector - Selector sun.nio.ch.EPollSelectorImpl@26508338 processing 0 keys, 1 updates
02:33:25.707 [qtp399373008-56] DEBUG org.eclipse.jetty.io.ManagedSelector - updateable 1
02:33:25.707 [qtp399373008-56] DEBUG org.eclipse.jetty.io.ManagedSelector - update org.eclipse.jetty.io.ChannelEndPoint$$Lambda$255/1238156519@2c51a9d9
02:33:25.707 [qtp399373008-56] DEBUG org.eclipse.jetty.io.ChannelEndPoint - Key interests updated 0 -> 1 on SocketChannelEndPoint@5624e1f0{l=/127.0.0.1:37555,r=/127.0.0.1:51372,OPEN,fill=FI,flush=-,to=0/30000}{io=1/1,kio=1,kro=1}->SslConnection@5c55c7de{NEED_UNWRAP,eio=-1/-1,di=-1,fill=INTERESTED,flush=IDLE}~>DecryptedEndPoint@360b1ebf{l=/127.0.0.1:37555,r=/127.0.0.1:51372,OPEN,fill=FI,flush=-,to=0/30000}=>HttpConnection@3196055b[p=HttpParser{s=START,0 of -1},g=HttpGenerator@3245c40d{s=START}]=>HttpChannelOverHttp@6738f43e{s=HttpChannelState@47514cc4{s=IDLE rs=BLOCKING os=OPEN is=IDLE awp=false se=false i=true al=0},r=0,c=false/false,a=IDLE,uri=null,age=0}
02:33:25.707 [qtp399373008-56] DEBUG org.eclipse.jetty.io.ManagedSelector - updates 0
02:33:25.707 [qtp399373008-56] DEBUG org.eclipse.jetty.io.ManagedSelector - Selector sun.nio.ch.EPollSelectorImpl@26508338 waiting with 1 keys
02:33:25.707 [qtp399373008-62] DEBUG org.eclipse.jetty.server.HttpConnection - HttpConnection@3196055b::DecryptedEndPoint@360b1ebf{l=/127.0.0.1:37555,r=/127.0.0.1:51372,OPEN,fill=FI,flush=-,to=0/30000} onFillable exit HttpChannelState@47514cc4{s=IDLE rs=BLOCKING os=OPEN is=IDLE awp=false se=false i=true al=0} null
02:33:25.707 [qtp399373008-62] DEBUG org.eclipse.jetty.io.ssl.SslConnection - <c.onFillable SslConnection@5c55c7de::SocketChannelEndPoint@5624e1f0{l=/127.0.0.1:37555,r=/127.0.0.1:51372,OPEN,fill=FI,flush=-,to=0/30000}{io=1/1,kio=1,kro=1}->SslConnection@5c55c7de{NEED_UNWRAP,eio=-1/-1,di=-1,fill=INTERESTED,flush=IDLE}~>DecryptedEndPoint@360b1ebf{l=/127.0.0.1:37555,r=/127.0.0.1:51372,OPEN,fill=FI,flush=-,to=0/30000}=>HttpConnection@3196055b[p=HttpParser{s=START,0 of -1},g=HttpGenerator@3245c40d{s=START}]=>HttpChannelOverHttp@6738f43e{s=HttpChannelState@47514cc4{s=IDLE rs=BLOCKING os=OPEN is=IDLE awp=false se=false i=true al=0},r=0,c=false/false,a=IDLE,uri=null,age=0}
02:33:25.707 [qtp399373008-62] DEBUG org.eclipse.jetty.util.thread.ReservedThreadExecutor - ReservedThread@2da1f821{RUNNING,thread=Thread[qtp399373008-62,5,main]} was=RUNNING next=RESERVED size=0+2 capacity=8
02:33:25.707 [qtp399373008-62] DEBUG org.eclipse.jetty.util.thread.ReservedThreadExecutor - ReservedThread@2da1f821{RESERVED,thread=Thread[qtp399373008-62,5,main]} waiting ReservedThreadExecutor@424fd310{reserved=2/8,pending=0}
02:33:25.745 [qtp399373008-56] DEBUG org.eclipse.jetty.io.ManagedSelector - Selector sun.nio.ch.EPollSelectorImpl@26508338 woken up from select, 1/1/1 selected
02:33:25.745 [qtp399373008-56] DEBUG org.eclipse.jetty.io.ManagedSelector - Selector sun.nio.ch.EPollSelectorImpl@26508338 processing 1 keys, 0 updates
02:33:25.745 [qtp399373008-56] DEBUG org.eclipse.jetty.io.ManagedSelector - selected 1 sun.nio.ch.SelectionKeyImpl@28977982 SocketChannelEndPoint@5624e1f0{l=/127.0.0.1:37555,r=/127.0.0.1:51372,OPEN,fill=FI,flush=-,to=38/30000}{io=1/1,kio=1,kro=1}->SslConnection@5c55c7de{NEED_UNWRAP,eio=-1/-1,di=-1,fill=INTERESTED,flush=IDLE}~>DecryptedEndPoint@360b1ebf{l=/127.0.0.1:37555,r=/127.0.0.1:51372,OPEN,fill=FI,flush=-,to=38/30000}=>HttpConnection@3196055b[p=HttpParser{s=START,0 of -1},g=HttpGenerator@3245c40d{s=START}]=>HttpChannelOverHttp@6738f43e{s=HttpChannelState@47514cc4{s=IDLE rs=BLOCKING os=OPEN is=IDLE awp=false se=false i=true al=0},r=0,c=false/false,a=IDLE,uri=null,age=0} 
02:33:25.745 [qtp399373008-56] DEBUG org.eclipse.jetty.io.ChannelEndPoint - onSelected 1->0 r=true w=false for SocketChannelEndPoint@5624e1f0{l=/127.0.0.1:37555,r=/127.0.0.1:51372,OPEN,fill=FI,flush=-,to=38/30000}{io=1/0,kio=1,kro=1}->SslConnection@5c55c7de{NEED_UNWRAP,eio=-1/-1,di=-1,fill=INTERESTED,flush=IDLE}~>DecryptedEndPoint@360b1ebf{l=/127.0.0.1:37555,r=/127.0.0.1:51372,OPEN,fill=FI,flush=-,to=38/30000}=>HttpConnection@3196055b[p=HttpParser{s=START,0 of -1},g=HttpGenerator@3245c40d{s=START}]=>HttpChannelOverHttp@6738f43e{s=HttpChannelState@47514cc4{s=IDLE rs=BLOCKING os=OPEN is=IDLE awp=false se=false i=true al=0},r=0,c=false/false,a=IDLE,uri=null,age=0}
02:33:25.745 [qtp399373008-56] DEBUG org.eclipse.jetty.io.ChannelEndPoint - task CEP:SocketChannelEndPoint@5624e1f0{l=/127.0.0.1:37555,r=/127.0.0.1:51372,OPEN,fill=FI,flush=-,to=38/30000}{io=1/0,kio=1,kro=1}->SslConnection@5c55c7de{NEED_UNWRAP,eio=-1/-1,di=-1,fill=INTERESTED,flush=IDLE}~>DecryptedEndPoint@360b1ebf{l=/127.0.0.1:37555,r=/127.0.0.1:51372,OPEN,fill=FI,flush=-,to=38/30000}=>HttpConnection@3196055b[p=HttpParser{s=START,0 of -1},g=HttpGenerator@3245c40d{s=START}]=>HttpChannelOverHttp@6738f43e{s=HttpChannelState@47514cc4{s=IDLE rs=BLOCKING os=OPEN is=IDLE awp=false se=false i=true al=0},r=0,c=false/false,a=IDLE,uri=null,age=0}:runFillable:BLOCKING
02:33:25.745 [qtp399373008-56] DEBUG org.eclipse.jetty.util.thread.ReservedThreadExecutor - ReservedThreadExecutor@424fd310{reserved=2/8,pending=0} tryExecute EatWhatYouKill@f478a81/SelectorProducer@19553973/PRODUCING/p=false/QueuedThreadPool[qtp399373008]@17cdf2d0{STARTED,8<=8<=200,i=1,r=-1,q=0}[ReservedThreadExecutor@424fd310{reserved=2/8,pending=0}][pc=0,pic=0,pec=0,epc=2]@2024-05-02T02:33:25.745+01:00
02:33:25.745 [qtp399373008-56] DEBUG org.eclipse.jetty.util.thread.strategy.EatWhatYouKill - EatWhatYouKill@f478a81/SelectorProducer@19553973/IDLE/p=true/QueuedThreadPool[qtp399373008]@17cdf2d0{STARTED,8<=8<=200,i=1,r=-1,q=0}[ReservedThreadExecutor@424fd310{reserved=1/8,pending=0}][pc=0,pic=0,pec=0,epc=2]@2024-05-02T02:33:25.745+01:00 m=EXECUTE_PRODUCE_CONSUME t=CEP:SocketChannelEndPoint@5624e1f0{l=/127.0.0.1:37555,r=/127.0.0.1:51372,OPEN,fill=FI,flush=-,to=38/30000}{io=1/0,kio=1,kro=1}->SslConnection@5c55c7de{NEED_UNWRAP,eio=-1/-1,di=-1,fill=INTERESTED,flush=IDLE}~>DecryptedEndPoint@360b1ebf{l=/127.0.0.1:37555,r=/127.0.0.1:51372,OPEN,fill=FI,flush=-,to=39/30000}=>HttpConnection@3196055b[p=HttpParser{s=START,0 of -1},g=HttpGenerator@3245c40d{s=START}]=>HttpChannelOverHttp@6738f43e{s=HttpChannelState@47514cc4{s=IDLE rs=BLOCKING os=OPEN is=IDLE awp=false se=false i=true al=0},r=0,c=false/false,a=IDLE,uri=null,age=0}:runFillable:BLOCKING/BLOCKING
02:33:25.745 [qtp399373008-62] DEBUG org.eclipse.jetty.util.thread.ReservedThreadExecutor - ReservedThread@2da1f821{RESERVED,thread=Thread[qtp399373008-62,5,main]} task=EatWhatYouKill@f478a81/SelectorProducer@19553973/IDLE/p=true/QueuedThreadPool[qtp399373008]@17cdf2d0{STARTED,8<=8<=200,i=1,r=-1,q=0}[ReservedThreadExecutor@424fd310{reserved=1/8,pending=0}][pc=0,pic=0,pec=0,epc=2]@2024-05-02T02:33:25.745+01:00 ReservedThreadExecutor@424fd310{reserved=1/8,pending=0}
02:33:25.745 [qtp399373008-56] DEBUG org.eclipse.jetty.io.FillInterest - fillable FillInterest@5e48eef9{SSLC.NBReadCB@5c55c7de{SslConnection@5c55c7de::SocketChannelEndPoint@5624e1f0{l=/127.0.0.1:37555,r=/127.0.0.1:51372,OPEN,fill=FI,flush=-,to=38/30000}{io=1/0,kio=1,kro=1}->SslConnection@5c55c7de{NEED_UNWRAP,eio=-1/-1,di=-1,fill=INTERESTED,flush=IDLE}~>DecryptedEndPoint@360b1ebf{l=/127.0.0.1:37555,r=/127.0.0.1:51372,OPEN,fill=FI,flush=-,to=39/30000}=>HttpConnection@3196055b[p=HttpParser{s=START,0 of -1},g=HttpGenerator@3245c40d{s=START}]=>HttpChannelOverHttp@6738f43e{s=HttpChannelState@47514cc4{s=IDLE rs=BLOCKING os=OPEN is=IDLE awp=false se=false i=true al=0},r=0,c=false/false,a=IDLE,uri=null,age=0}}}
02:33:25.745 [qtp399373008-62] DEBUG org.eclipse.jetty.util.thread.strategy.EatWhatYouKill - EatWhatYouKill@f478a81/SelectorProducer@19553973/IDLE/p=true/QueuedThreadPool[qtp399373008]@17cdf2d0{STARTED,8<=8<=200,i=1,r=-1,q=0}[ReservedThreadExecutor@424fd310{reserved=1/8,pending=0}][pc=0,pic=0,pec=0,epc=3]@2024-05-02T02:33:25.745+01:00 tryProduce true
02:33:25.745 [qtp399373008-62] DEBUG org.eclipse.jetty.io.ManagedSelector - updateable 0
02:33:25.745 [qtp399373008-62] DEBUG org.eclipse.jetty.io.ManagedSelector - updates 0
02:33:25.745 [qtp399373008-56] DEBUG org.eclipse.jetty.io.ssl.SslConnection - >c.onFillable SslConnection@5c55c7de::SocketChannelEndPoint@5624e1f0{l=/127.0.0.1:37555,r=/127.0.0.1:51372,OPEN,fill=-,flush=-,to=38/30000}{io=1/0,kio=1,kro=1}->SslConnection@5c55c7de{NEED_UNWRAP,eio=-1/-1,di=-1,fill=INTERESTED,flush=IDLE}~>DecryptedEndPoint@360b1ebf{l=/127.0.0.1:37555,r=/127.0.0.1:51372,OPEN,fill=FI,flush=-,to=39/30000}=>HttpConnection@3196055b[p=HttpParser{s=START,0 of -1},g=HttpGenerator@3245c40d{s=START}]=>HttpChannelOverHttp@6738f43e{s=HttpChannelState@47514cc4{s=IDLE rs=BLOCKING os=OPEN is=IDLE awp=false se=false i=true al=0},r=0,c=false/false,a=IDLE,uri=null,age=0}
02:33:25.745 [qtp399373008-62] DEBUG org.eclipse.jetty.io.ChannelEndPoint - Key interests updated 1 -> 0 on SocketChannelEndPoint@5624e1f0{l=/127.0.0.1:37555,r=/127.0.0.1:51372,OPEN,fill=-,flush=-,to=38/30000}{io=0/0,kio=0,kro=1}->SslConnection@5c55c7de{NEED_UNWRAP,eio=-1/-1,di=-1,fill=INTERESTED,flush=IDLE}~>DecryptedEndPoint@360b1ebf{l=/127.0.0.1:37555,r=/127.0.0.1:51372,OPEN,fill=FI,flush=-,to=39/30000}=>HttpConnection@3196055b[p=HttpParser{s=START,0 of -1},g=HttpGenerator@3245c40d{s=START}]=>HttpChannelOverHttp@6738f43e{s=HttpChannelState@47514cc4{s=IDLE rs=BLOCKING os=OPEN is=IDLE awp=false se=false i=true al=0},r=0,c=false/false,a=IDLE,uri=null,age=0}
02:33:25.745 [qtp399373008-56] DEBUG org.eclipse.jetty.io.ssl.SslConnection - onFillable SslConnection@5c55c7de::SocketChannelEndPoint@5624e1f0{l=/127.0.0.1:37555,r=/127.0.0.1:51372,OPEN,fill=-,flush=-,to=39/30000}{io=0/0,kio=0,kro=1}->SslConnection@5c55c7de{NEED_UNWRAP,eio=-1/-1,di=-1,fill=INTERESTED,flush=IDLE}~>DecryptedEndPoint@360b1ebf{l=/127.0.0.1:37555,r=/127.0.0.1:51372,OPEN,fill=FI,flush=-,to=39/30000}=>HttpConnection@3196055b[p=HttpParser{s=START,0 of -1},g=HttpGenerator@3245c40d{s=START}]=>HttpChannelOverHttp@6738f43e{s=HttpChannelState@47514cc4{s=IDLE rs=BLOCKING os=OPEN is=IDLE awp=false se=false i=true al=0},r=0,c=false/false,a=IDLE,uri=null,age=0}
02:33:25.745 [qtp399373008-62] DEBUG org.eclipse.jetty.io.ManagedSelector - Selector sun.nio.ch.EPollSelectorImpl@26508338 waiting with 1 keys
02:33:25.745 [qtp399373008-56] DEBUG org.eclipse.jetty.io.FillInterest - fillable FillInterest@33f8a3c3{AC.ReadCB@3196055b{HttpConnection@3196055b::DecryptedEndPoint@360b1ebf{l=/127.0.0.1:37555,r=/127.0.0.1:51372,OPEN,fill=FI,flush=-,to=39/30000}}}
02:33:25.745 [qtp399373008-56] DEBUG org.eclipse.jetty.server.HttpConnection - HttpConnection@3196055b::DecryptedEndPoint@360b1ebf{l=/127.0.0.1:37555,r=/127.0.0.1:51372,OPEN,fill=-,flush=-,to=39/30000} onFillable enter HttpChannelState@47514cc4{s=IDLE rs=BLOCKING os=OPEN is=IDLE awp=false se=false i=true al=0} null
02:33:25.746 [qtp399373008-56] DEBUG org.eclipse.jetty.io.ssl.SslConnection - >fill SslConnection@5c55c7de::SocketChannelEndPoint@5624e1f0{l=/127.0.0.1:37555,r=/127.0.0.1:51372,OPEN,fill=-,flush=-,to=39/30000}{io=0/0,kio=0,kro=1}->SslConnection@5c55c7de{NEED_UNWRAP,eio=-1/-1,di=-1,fill=IDLE,flush=IDLE}~>DecryptedEndPoint@360b1ebf{l=/127.0.0.1:37555,r=/127.0.0.1:51372,OPEN,fill=-,flush=-,to=39/30000}=>HttpConnection@3196055b[p=HttpParser{s=START,0 of -1},g=HttpGenerator@3245c40d{s=START}]=>HttpChannelOverHttp@6738f43e{s=HttpChannelState@47514cc4{s=IDLE rs=BLOCKING os=OPEN is=IDLE awp=false se=false i=true al=0},r=0,c=false/false,a=IDLE,uri=null,age=0}
02:33:25.746 [qtp399373008-56] DEBUG org.eclipse.jetty.io.ssl.SslConnection - fill NEED_UNWRAP
02:33:25.746 [qtp399373008-56] DEBUG org.eclipse.jetty.io.ChannelEndPoint - filled 1491 HeapByteBuffer@196acfdd[p=0,l=1491,c=17408,r=1491]={<<<\x17\x03\x03\x03\xAdq\xDaO`xgm\t\xAei\x04\x14IL\xC5m\x86\xA7\xB9\xC9...\xA3\\\x9246?\x04\xAc\x05r;\xF1f\x8a\xAe\xFaG\x19\xC1\xC0\xB9\x90\xCd>>>\xE4r\xB4\xC9\x93\xC7\xA7Zu...\x00\x00\x00\x00\x00\x00\x00}
02:33:25.746 [qtp399373008-56] DEBUG org.eclipse.jetty.io.ssl.SslConnection - net filled=1491
02:33:25.746 [qtp399373008-56] DEBUG org.eclipse.jetty.io.ssl.SslConnection - unwrap net_filled=1491 Status = OK HandshakeStatus = NEED_TASK bytesConsumed = 946 bytesProduced = 0 encryptedBuffer=[p=946,l=1491,c=17408,r=545] unwrapBuffer=HeapByteBuffer@ecac914[p=0,l=0,c=17408,r=0]={<<<>>>\x14\x03\x03\x00\x01\x01F1L...\x00\x00\x00\x00\x00\x00\x00} appBuffer=HeapByteBuffer@ecac914[p=0,l=0,c=17408,r=0]={<<<>>>\x14\x03\x03\x00\x01\x01F1L...\x00\x00\x00\x00\x00\x00\x00}
02:33:25.746 [qtp399373008-56] DEBUG org.eclipse.jetty.io.ssl.SslConnection - fill NEED_TASK
02:33:25.746 [qtp399373008-56] DEBUG org.eclipse.jetty.io.ssl.SslConnection - fill NEED_UNWRAP
02:33:25.746 [qtp399373008-56] DEBUG org.eclipse.jetty.io.ChannelEndPoint - filled 0 HeapByteBuffer@196acfdd[p=946,l=1491,c=17408,r=545]={\x17\x03\x03\x03\xAd\x0b\x00\x03\x88...\xBcx~\xE7<\xB6\xC3<<<\x17\x03\x03\x01)hU\xDeb\xD6\xE3.\x99\xF5\\\xCa1k\xC6\xCf\x9e\xD1m\xB7\x91...\xA3\\\x9246?\x04\xAc\x05r;\xF1f\x8a\xAe\xFaG\x19\xC1\xC0\xB9\x90\xCd>>>\xE4r\xB4\xC9\x93\xC7\xA7Zu...\x00\x00\x00\x00\x00\x00\x00}
02:33:25.746 [qtp399373008-56] DEBUG org.eclipse.jetty.io.ssl.SslConnection - net filled=0
02:33:25.746 [qtp399373008-56] DEBUG org.eclipse.jetty.io.ssl.SslConnection - unwrap net_filled=0 Status = OK HandshakeStatus = NEED_TASK bytesConsumed = 302 bytesProduced = 0 encryptedBuffer=[p=1248,l=1491,c=17408,r=243] unwrapBuffer=HeapByteBuffer@ecac914[p=0,l=0,c=17408,r=0]={<<<>>>\x14\x03\x03\x00\x01\x01F1L...\x00\x00\x00\x00\x00\x00\x00} appBuffer=HeapByteBuffer@ecac914[p=0,l=0,c=17408,r=0]={<<<>>>\x14\x03\x03\x00\x01\x01F1L...\x00\x00\x00\x00\x00\x00\x00}
02:33:25.746 [qtp399373008-56] DEBUG org.eclipse.jetty.io.ssl.SslConnection - fill NEED_TASK
02:33:25.747 [qtp399373008-56] DEBUG org.eclipse.jetty.io.ssl.SslConnection - fill NEED_UNWRAP
02:33:25.747 [qtp399373008-56] DEBUG org.eclipse.jetty.io.ChannelEndPoint - filled 0 HeapByteBuffer@196acfdd[p=1248,l=1491,c=17408,r=243]={\x17\x03\x03\x03\xAd\x0b\x00\x03\x88...\x99\x8d}\xCe\xF5Q,<<<\x17\x03\x03\x00U\xEc\xF3\xAaY\x15\xD8\xE1*A\xA0\x89a\x97]2\xD8\xBbf\xC3v...\xA3\\\x9246?\x04\xAc\x05r;\xF1f\x8a\xAe\xFaG\x19\xC1\xC0\xB9\x90\xCd>>>\xE4r\xB4\xC9\x93\xC7\xA7Zu...\x00\x00\x00\x00\x00\x00\x00}
02:33:25.747 [qtp399373008-56] DEBUG org.eclipse.jetty.io.ssl.SslConnection - net filled=0
02:33:25.747 [qtp399373008-56] DEBUG org.eclipse.jetty.io.ssl.SslConnection - unwrap net_filled=0 Status = OK HandshakeStatus = NEED_WRAP bytesConsumed = 90 bytesProduced = 0 encryptedBuffer=[p=1338,l=1491,c=17408,r=153] unwrapBuffer=HeapByteBuffer@ecac914[p=0,l=0,c=17408,r=0]={<<<>>>\x14\x03\x03\x00\x01\x01F1L...\x00\x00\x00\x00\x00\x00\x00} appBuffer=HeapByteBuffer@ecac914[p=0,l=0,c=17408,r=0]={<<<>>>\x14\x03\x03\x00\x01\x01F1L...\x00\x00\x00\x00\x00\x00\x00}
02:33:25.747 [qtp399373008-56] DEBUG org.eclipse.jetty.io.ssl.SslConnection - fill NEED_WRAP
02:33:25.747 [qtp399373008-56] DEBUG org.eclipse.jetty.io.ssl.SslConnection - >flush SslConnection@5c55c7de::SocketChannelEndPoint@5624e1f0{l=/127.0.0.1:37555,r=/127.0.0.1:51372,OPEN,fill=-,flush=-,to=1/30000}{io=0/0,kio=0,kro=1}->SslConnection@5c55c7de{NEED_WRAP,eio=153/-1,di=-1,fill=IDLE,flush=IDLE}~>DecryptedEndPoint@360b1ebf{l=/127.0.0.1:37555,r=/127.0.0.1:51372,OPEN,fill=-,flush=-,to=41/30000}=>HttpConnection@3196055b[p=HttpParser{s=START,0 of -1},g=HttpGenerator@3245c40d{s=START}]=>HttpChannelOverHttp@6738f43e{s=HttpChannelState@47514cc4{s=IDLE rs=BLOCKING os=OPEN is=IDLE awp=false se=false i=true al=0},r=0,c=false/false,a=IDLE,uri=null,age=0}
02:33:25.747 [qtp399373008-56] DEBUG org.eclipse.jetty.io.ssl.SslConnection - flush b[0]=HeapByteBuffer@98da274[p=0,l=0,c=0,r=0]={<<<>>>}
02:33:25.747 [qtp399373008-56] DEBUG org.eclipse.jetty.io.ssl.SslConnection - flush NEED_WRAP
02:33:25.748 [qtp399373008-56] DEBUG org.eclipse.jetty.io.ssl.SslConnection - wrap Status = OK HandshakeStatus = FINISHED bytesConsumed = 0 bytesProduced = 88 [p=0,l=88,c=17408,r=88] ioDone=false/false
02:33:25.748 [qtp399373008-56] DEBUG org.eclipse.jetty.io.ChannelEndPoint - flushed 88 SocketChannelEndPoint@5624e1f0{l=/127.0.0.1:37555,r=/127.0.0.1:51372,OPEN,fill=-,flush=-,to=2/30000}{io=0/0,kio=0,kro=1}->SslConnection@5c55c7de{NOT_HANDSHAKING,eio=153/0,di=-1,fill=IDLE,flush=IDLE}~>DecryptedEndPoint@360b1ebf{l=/127.0.0.1:37555,r=/127.0.0.1:51372,OPEN,fill=-,flush=-,to=41/30000}=>HttpConnection@3196055b[p=HttpParser{s=START,0 of -1},g=HttpGenerator@3245c40d{s=START}]=>HttpChannelOverHttp@6738f43e{s=HttpChannelState@47514cc4{s=IDLE rs=BLOCKING os=OPEN is=IDLE awp=false se=false i=true al=0},r=0,c=false/false,a=IDLE,uri=null,age=0}
02:33:25.748 [qtp399373008-56] DEBUG org.eclipse.jetty.io.ssl.SslConnection - net flushed=true, ac=true
02:33:25.748 [qtp399373008-56] DEBUG org.eclipse.jetty.io.ssl.SslConnection - handshake succeeded SslConnection@5c55c7de::SocketChannelEndPoint@5624e1f0{l=/127.0.0.1:37555,r=/127.0.0.1:51372,OPEN,fill=-,flush=-,to=0/30000}{io=0/0,kio=0,kro=1}->SslConnection@5c55c7de{NOT_HANDSHAKING,eio=153/0,di=-1,fill=IDLE,flush=IDLE}~>DecryptedEndPoint@360b1ebf{l=/127.0.0.1:37555,r=/127.0.0.1:51372,OPEN,fill=-,flush=-,to=41/30000}=>HttpConnection@3196055b[p=HttpParser{s=START,0 of -1},g=HttpGenerator@3245c40d{s=START}]=>HttpChannelOverHttp@6738f43e{s=HttpChannelState@47514cc4{s=IDLE rs=BLOCKING os=OPEN is=IDLE awp=false se=false i=true al=0},r=0,c=false/false,a=IDLE,uri=null,age=0} resumed server TLSv1.3/TLS_AES_256_GCM_SHA384
02:33:25.748 [qtp399373008-56] DEBUG org.eclipse.jetty.io.ssl.SslConnection - <flush true SslConnection@5c55c7de::SocketChannelEndPoint@5624e1f0{l=/127.0.0.1:37555,r=/127.0.0.1:51372,OPEN,fill=-,flush=-,to=0/30000}{io=0/0,kio=0,kro=1}->SslConnection@5c55c7de{NOT_HANDSHAKING,eio=153/-1,di=-1,fill=IDLE,flush=IDLE}~>DecryptedEndPoint@360b1ebf{l=/127.0.0.1:37555,r=/127.0.0.1:51372,OPEN,fill=-,flush=-,to=41/30000}=>HttpConnection@3196055b[p=HttpParser{s=START,0 of -1},g=HttpGenerator@3245c40d{s=START}]=>HttpChannelOverHttp@6738f43e{s=HttpChannelState@47514cc4{s=IDLE rs=BLOCKING os=OPEN is=IDLE awp=false se=false i=true al=0},r=0,c=false/false,a=IDLE,uri=null,age=0}
02:33:25.748 [qtp399373008-56] DEBUG org.eclipse.jetty.io.ssl.SslConnection - fill NOT_HANDSHAKING
02:33:25.748 [qtp399373008-56] DEBUG org.eclipse.jetty.io.ChannelEndPoint - filled 0 HeapByteBuffer@196acfdd[p=1338,l=1491,c=17408,r=153]={\x17\x03\x03\x03\xAd\x0b\x00\x03\x88...\xEa\xB41\\\xDe\x1f\xF3<<<\x17\x03\x03\x00\x94|\xB8\xB7\x96!\xD8\xE4S\x15\xF6\x03\xC5%\xEbh\xA3t\x96\x19\x9f...\xA3\\\x9246?\x04\xAc\x05r;\xF1f\x8a\xAe\xFaG\x19\xC1\xC0\xB9\x90\xCd>>>\xE4r\xB4\xC9\x93\xC7\xA7Zu...\x00\x00\x00\x00\x00\x00\x00}
02:33:25.748 [qtp399373008-56] DEBUG org.eclipse.jetty.io.ssl.SslConnection - net filled=0
02:33:25.748 [qtp399373008-56] DEBUG org.eclipse.jetty.io.ssl.SslConnection - unwrap net_filled=0 Status = OK HandshakeStatus = NOT_HANDSHAKING bytesConsumed = 153 bytesProduced = 115 encryptedBuffer=[p=1491,l=1491,c=17408,r=0] unwrapBuffer=HeapByteBuffer@ecac914[p=0,l=115,c=17408,r=115]={<<<GET / HTTP/1.1\r\nHost: loc...gent: okhttp/3.12.3\r\n\r\n>>>\xA5\x93\xE7\xBd\xCe\x14fWL...\x00\x00\x00\x00\x00\x00\x00} appBuffer=HeapByteBuffer@ecac914[p=0,l=115,c=17408,r=115]={<<<GET / HTTP/1.1\r\nHost: loc...gent: okhttp/3.12.3\r\n\r\n>>>\xA5\x93\xE7\xBd\xCe\x14fWL...\x00\x00\x00\x00\x00\x00\x00}
02:33:25.748 [qtp399373008-56] DEBUG org.eclipse.jetty.io.ssl.SslConnection - <fill f=115 uf=false SslConnection@5c55c7de::SocketChannelEndPoint@5624e1f0{l=/127.0.0.1:37555,r=/127.0.0.1:51372,OPEN,fill=-,flush=-,to=0/30000}{io=0/0,kio=0,kro=1}->SslConnection@5c55c7de{NOT_HANDSHAKING,eio=-1/-1,di=-1,fill=IDLE,flush=IDLE}~>DecryptedEndPoint@360b1ebf{l=/127.0.0.1:37555,r=/127.0.0.1:51372,OPEN,fill=-,flush=-,to=42/30000}=>HttpConnection@3196055b[p=HttpParser{s=START,0 of -1},g=HttpGenerator@3245c40d{s=START}]=>HttpChannelOverHttp@6738f43e{s=HttpChannelState@47514cc4{s=IDLE rs=BLOCKING os=OPEN is=IDLE awp=false se=false i=true al=0},r=0,c=false/false,a=IDLE,uri=null,age=0}
02:33:25.748 [qtp399373008-56] DEBUG org.eclipse.jetty.server.HttpConnection - HttpConnection@3196055b::DecryptedEndPoint@360b1ebf{l=/127.0.0.1:37555,r=/127.0.0.1:51372,OPEN,fill=-,flush=-,to=42/30000} filled 115 HeapByteBuffer@ecac914[p=0,l=115,c=17408,r=115]={<<<GET / HTTP/1.1\r\nHost: loc...gent: okhttp/3.12.3\r\n\r\n>>>\xA5\x93\xE7\xBd\xCe\x14fWL...\x00\x00\x00\x00\x00\x00\x00}
02:33:25.748 [qtp399373008-56] DEBUG org.eclipse.jetty.server.HttpConnection - HttpConnection@3196055b::DecryptedEndPoint@360b1ebf{l=/127.0.0.1:37555,r=/127.0.0.1:51372,OPEN,fill=-,flush=-,to=42/30000} parse HeapByteBuffer@ecac914[p=0,l=115,c=17408,r=115]={<<<GET / HTTP/1.1\r\nHost: loc...gent: okhttp/3.12.3\r\n\r\n>>>\xA5\x93\xE7\xBd\xCe\x14fWL...\x00\x00\x00\x00\x00\x00\x00} {}
02:33:25.748 [qtp399373008-56] DEBUG org.eclipse.jetty.http.HttpParser - parseNext s=START HeapByteBuffer@ecac914[p=0,l=115,c=17408,r=115]={<<<GET / HTTP/1.1\r\nHost: loc...gent: okhttp/3.12.3\r\n\r\n>>>\xA5\x93\xE7\xBd\xCe\x14fWL...\x00\x00\x00\x00\x00\x00\x00}
02:33:25.748 [qtp399373008-56] DEBUG org.eclipse.jetty.http.HttpParser - START --> SPACE1
02:33:25.748 [qtp399373008-56] DEBUG org.eclipse.jetty.http.HttpParser - SPACE1 --> URI
02:33:25.748 [qtp399373008-56] DEBUG org.eclipse.jetty.http.HttpParser - URI --> SPACE2
02:33:25.748 [qtp399373008-56] DEBUG org.eclipse.jetty.http.HttpParser - SPACE2 --> REQUEST_VERSION
02:33:25.748 [qtp399373008-56] DEBUG org.eclipse.jetty.http.HttpParser - REQUEST_VERSION --> HEADER
02:33:25.748 [qtp399373008-56] DEBUG org.eclipse.jetty.http.HttpParser - HEADER:Host --> VALUE
02:33:25.748 [qtp399373008-56] DEBUG org.eclipse.jetty.http.HttpParser - HEADER:Host --> IN_VALUE
02:33:25.748 [qtp399373008-56] DEBUG org.eclipse.jetty.http.HttpParser - HEADER:Host --> FIELD
02:33:25.749 [qtp399373008-56] DEBUG org.eclipse.jetty.http.HttpParser - HEADER:Connection: keep-alive --> IN_VALUE
02:33:25.749 [qtp399373008-56] DEBUG org.eclipse.jetty.http.HttpParser - HEADER:Connection: keep-alive --> FIELD
02:33:25.749 [qtp399373008-56] DEBUG org.eclipse.jetty.http.HttpParser - HEADER:Accept-Encoding: gzip --> IN_VALUE
02:33:25.749 [qtp399373008-56] DEBUG org.eclipse.jetty.http.HttpParser - HEADER:Accept-Encoding: gzip --> FIELD
02:33:25.749 [qtp399373008-56] DEBUG org.eclipse.jetty.http.HttpParser - HEADER:User-Agent --> VALUE
02:33:25.749 [qtp399373008-56] DEBUG org.eclipse.jetty.http.HttpParser - HEADER:User-Agent --> IN_VALUE
02:33:25.749 [qtp399373008-56] DEBUG org.eclipse.jetty.http.HttpParser - HEADER:User-Agent --> FIELD
02:33:25.749 [qtp399373008-56] DEBUG org.eclipse.jetty.http.HttpParser - HEADER --> CONTENT
02:33:25.749 [qtp399373008-56] DEBUG org.eclipse.jetty.server.HttpChannel - REQUEST for //localhost:37555/ on HttpChannelOverHttp@6738f43e{s=HttpChannelState@47514cc4{s=IDLE rs=BLOCKING os=OPEN is=IDLE awp=false se=false i=true al=0},r=1,c=false/false,a=IDLE,uri=//localhost:37555/,age=0}
GET //localhost:37555/ HTTP/1.1
Host: localhost:37555
Connection: keep-alive
Accept-Encoding: gzip
User-Agent: okhttp/3.12.3


02:33:25.749 [qtp399373008-56] DEBUG org.eclipse.jetty.server.HttpConnection - HttpConnection@3196055b::DecryptedEndPoint@360b1ebf{l=/127.0.0.1:37555,r=/127.0.0.1:51372,OPEN,fill=-,flush=-,to=42/30000} parsed true HttpParser{s=CONTENT,0 of -1}
02:33:25.749 [qtp399373008-56] DEBUG org.eclipse.jetty.server.HttpConnection - releaseRequestBuffer HttpConnection@3196055b::DecryptedEndPoint@360b1ebf{l=/127.0.0.1:37555,r=/127.0.0.1:51372,OPEN,fill=-,flush=-,to=42/30000}
02:33:25.749 [qtp399373008-56] DEBUG org.eclipse.jetty.server.HttpChannel - handle //localhost:37555/ HttpChannelOverHttp@6738f43e{s=HttpChannelState@47514cc4{s=IDLE rs=BLOCKING os=OPEN is=IDLE awp=false se=false i=true al=0},r=1,c=false/false,a=IDLE,uri=//localhost:37555/,age=0} 
02:33:25.749 [qtp399373008-56] DEBUG org.eclipse.jetty.server.HttpChannelState - handling HttpChannelState@47514cc4{s=IDLE rs=BLOCKING os=OPEN is=IDLE awp=false se=false i=true al=0}
02:33:25.749 [qtp399373008-56] DEBUG org.eclipse.jetty.server.HttpChannel - action DISPATCH HttpChannelOverHttp@6738f43e{s=HttpChannelState@47514cc4{s=HANDLING rs=BLOCKING os=OPEN is=IDLE awp=false se=false i=true al=0},r=1,c=false/false,a=HANDLING,uri=//localhost:37555/,age=0}
02:33:25.749 [qtp399373008-56] DEBUG org.eclipse.jetty.server.SecureRequestCustomizer - Host localhost with SNI null
02:33:25.749 [qtp399373008-56] DEBUG org.eclipse.jetty.server.Server - REQUEST GET / on HttpChannelOverHttp@6738f43e{s=HttpChannelState@47514cc4{s=HANDLING rs=BLOCKING os=OPEN is=IDLE awp=false se=false i=true al=0},r=1,c=false/false,a=HANDLING,uri=https://localhost:37555/,age=0}
02:33:25.749 [qtp399373008-56] DEBUG org.eclipse.jetty.server.HttpOutput - write(array HeapByteBuffer@6db791f7[p=0,l=4,c=512,r=4]={<<<test>>>\x00\x00\x00\x00\x00\x00\x00\x00\x00...\x00\x00\x00\x00\x00\x00\x00})
02:33:25.749 [qtp399373008-56] DEBUG org.eclipse.jetty.server.HttpOutput - write(array) s=CLOSING,api=BLOCKED,sc=false,e=null last=true agg=false flush=true async=false, len=4 null
02:33:25.749 [qtp399373008-56] DEBUG org.eclipse.jetty.server.HttpChannel - sendResponse info=null content=HeapByteBuffer@2f45e580[p=0,l=4,c=512,r=4]={<<<test>>>\x00\x00\x00\x00\x00\x00\x00\x00\x00...\x00\x00\x00\x00\x00\x00\x00} complete=true committing=true callback=Blocker@2a1d00ab{null}
02:33:25.749 [qtp399373008-56] DEBUG org.eclipse.jetty.server.HttpChannel - COMMIT for / on HttpChannelOverHttp@6738f43e{s=HttpChannelState@47514cc4{s=HANDLING rs=BLOCKING os=COMMITTED is=IDLE awp=false se=false i=true al=0},r=1,c=false/false,a=HANDLING,uri=https://localhost:37555/,age=0}
200 null HTTP/1.1
Date: Thu, 02 May 2024 01:33:25 GMT
ETag: testEtag
Content-Type: text/plain;charset=utf-8
Content-Length: 4


02:33:25.749 [qtp399373008-56] DEBUG org.eclipse.jetty.server.HttpConnection - generate: NEED_HEADER for SendCallback@4c6fea0c[PROCESSING][i=HTTP/1.1{s=200,h=4,cl=4},cb=org.eclipse.jetty.server.HttpChannel$SendCallback@1d06f25f] (null,[p=0,l=4,c=512,r=4],true)@START
02:33:25.749 [qtp399373008-56] DEBUG org.eclipse.jetty.http.HttpGenerator - generateHeaders HTTP/1.1{s=200,h=4,cl=4} last=true content=HeapByteBuffer@2f45e580[p=0,l=4,c=512,r=4]={<<<test>>>\x00\x00\x00\x00\x00\x00\x00\x00\x00...\x00\x00\x00\x00\x00\x00\x00}
02:33:25.749 [qtp399373008-56] DEBUG org.eclipse.jetty.http.HttpGenerator - Date: Thu, 02 May 2024 01:33:25 GMT
ETag: testEtag
Content-Type: text/plain;charset=utf-8
Content-Length: 4


02:33:25.749 [qtp399373008-56] DEBUG org.eclipse.jetty.http.HttpGenerator - CONTENT_LENGTH
02:33:25.749 [qtp399373008-56] DEBUG org.eclipse.jetty.server.HttpConnection - generate: FLUSH for SendCallback@4c6fea0c[PROCESSING][i=HTTP/1.1{s=200,h=4,cl=4},cb=org.eclipse.jetty.server.HttpChannel$SendCallback@1d06f25f] ([p=0,l=164,c=8192,r=164],[p=0,l=4,c=512,r=4],true)@COMPLETING
02:33:25.749 [qtp399373008-56] DEBUG org.eclipse.jetty.io.WriteFlusher - write: WriteFlusher@1d6f7d9a{IDLE}->null [HeapByteBuffer@235f32c0[p=0,l=164,c=8192,r=164]={<<<HTTP/1.1 200 OK\r\nDate: Th...y(9.4.44.v20210927)\r\n\r\n>>>\x00\x00\x00\x00\x00\x00\x00\x00\x00...\x00\x00\x00\x00\x00\x00\x00},HeapByteBuffer@2f45e580[p=0,l=4,c=512,r=4]={<<<test>>>\x00\x00\x00\x00\x00\x00\x00\x00\x00...\x00\x00\x00\x00\x00\x00\x00}]
02:33:25.749 [qtp399373008-56] DEBUG org.eclipse.jetty.io.WriteFlusher - update WriteFlusher@1d6f7d9a{WRITING}->null:IDLE-->WRITING
02:33:25.749 [qtp399373008-56] DEBUG org.eclipse.jetty.io.ssl.SslConnection - >flush SslConnection@5c55c7de::SocketChannelEndPoint@5624e1f0{l=/127.0.0.1:37555,r=/127.0.0.1:51372,OPEN,fill=-,flush=-,to=1/30000}{io=0/0,kio=0,kro=1}->SslConnection@5c55c7de{NOT_HANDSHAKING,eio=-1/-1,di=-1,fill=IDLE,flush=IDLE}~>DecryptedEndPoint@360b1ebf{l=/127.0.0.1:37555,r=/127.0.0.1:51372,OPEN,fill=-,flush=W,to=43/30000}=>HttpConnection@3196055b[p=HttpParser{s=CONTENT,0 of -1},g=HttpGenerator@3245c40d{s=COMPLETING}]=>HttpChannelOverHttp@6738f43e{s=HttpChannelState@47514cc4{s=HANDLING rs=BLOCKING os=COMMITTED is=IDLE awp=false se=false i=true al=0},r=1,c=false/false,a=HANDLING,uri=https://localhost:37555/,age=0}
02:33:25.749 [qtp399373008-56] DEBUG org.eclipse.jetty.io.ssl.SslConnection - flush b[0]=HeapByteBuffer@235f32c0[p=0,l=164,c=8192,r=164]={<<<HTTP/1.1 200 OK\r\nDate: Th...y(9.4.44.v20210927)\r\n\r\n>>>\x00\x00\x00\x00\x00\x00\x00\x00\x00...\x00\x00\x00\x00\x00\x00\x00}
02:33:25.749 [qtp399373008-56] DEBUG org.eclipse.jetty.io.ssl.SslConnection - flush b[1]=HeapByteBuffer@2f45e580[p=0,l=4,c=512,r=4]={<<<test>>>\x00\x00\x00\x00\x00\x00\x00\x00\x00...\x00\x00\x00\x00\x00\x00\x00}
02:33:25.749 [qtp399373008-56] DEBUG org.eclipse.jetty.io.ssl.SslConnection - flush NOT_HANDSHAKING
02:33:25.749 [qtp399373008-56] DEBUG org.eclipse.jetty.io.ssl.SslConnection - wrap Status = OK HandshakeStatus = NOT_HANDSHAKING bytesConsumed = 168 bytesProduced = 206 [p=0,l=206,c=17408,r=206] ioDone=false/false
02:33:25.749 [qtp399373008-56] DEBUG org.eclipse.jetty.io.ChannelEndPoint - flushed 206 SocketChannelEndPoint@5624e1f0{l=/127.0.0.1:37555,r=/127.0.0.1:51372,OPEN,fill=-,flush=-,to=1/30000}{io=0/0,kio=0,kro=1}->SslConnection@5c55c7de{NOT_HANDSHAKING,eio=-1/0,di=-1,fill=IDLE,flush=IDLE}~>DecryptedEndPoint@360b1ebf{l=/127.0.0.1:37555,r=/127.0.0.1:51372,OPEN,fill=-,flush=W,to=43/30000}=>HttpConnection@3196055b[p=HttpParser{s=CONTENT,0 of -1},g=HttpGenerator@3245c40d{s=COMPLETING}]=>HttpChannelOverHttp@6738f43e{s=HttpChannelState@47514cc4{s=HANDLING rs=BLOCKING os=COMMITTED is=IDLE awp=false se=false i=true al=0},r=1,c=false/false,a=HANDLING,uri=https://localhost:37555/,age=0}
02:33:25.749 [qtp399373008-56] DEBUG org.eclipse.jetty.io.ssl.SslConnection - net flushed=true, ac=true
02:33:25.750 [qtp399373008-56] DEBUG org.eclipse.jetty.io.ssl.SslConnection - <flush true SslConnection@5c55c7de::SocketChannelEndPoint@5624e1f0{l=/127.0.0.1:37555,r=/127.0.0.1:51372,OPEN,fill=-,flush=-,to=0/30000}{io=0/0,kio=0,kro=1}->SslConnection@5c55c7de{NOT_HANDSHAKING,eio=-1/-1,di=-1,fill=IDLE,flush=IDLE}~>DecryptedEndPoint@360b1ebf{l=/127.0.0.1:37555,r=/127.0.0.1:51372,OPEN,fill=-,flush=W,to=43/30000}=>HttpConnection@3196055b[p=HttpParser{s=CONTENT,0 of -1},g=HttpGenerator@3245c40d{s=COMPLETING}]=>HttpChannelOverHttp@6738f43e{s=HttpChannelState@47514cc4{s=HANDLING rs=BLOCKING os=COMMITTED is=IDLE awp=false se=false i=true al=0},r=1,c=false/false,a=HANDLING,uri=https://localhost:37555/,age=1}
02:33:25.750 [qtp399373008-56] DEBUG org.eclipse.jetty.io.WriteFlusher - Flushed=true written=168 remaining=0 WriteFlusher@1d6f7d9a{WRITING}->null
02:33:25.750 [qtp399373008-56] DEBUG org.eclipse.jetty.io.WriteFlusher - update WriteFlusher@1d6f7d9a{IDLE}->null:WRITING-->IDLE
02:33:25.750 [qtp399373008-56] DEBUG org.eclipse.jetty.server.HttpConnection - generate: DONE for SendCallback@4c6fea0c[PROCESSING][i=HTTP/1.1{s=200,h=4,cl=4},cb=org.eclipse.jetty.server.HttpChannel$SendCallback@1d06f25f] ([p=164,l=164,c=8192,r=0],[p=4,l=4,c=512,r=0],true)@END
02:33:25.750 [main] DEBUG org.apache.nifi.minifi.bootstrap.configuration.ingestors.PullHttpChangeIngestor - Response received: Response{protocol=http/1.1, code=200, message=OK, url=https://localhost:37555/}
02:33:25.750 [qtp399373008-56] DEBUG org.eclipse.jetty.server.HttpOutput - onWriteComplete(true,null) s=CLOSING,api=BLOCKED,sc=false,e=null->s=CLOSED,api=BLOCKING,sc=false,e=null c=null cb=null w=false
02:33:25.750 [qtp399373008-56] DEBUG org.eclipse.jetty.server.HttpOutput - close() s=CLOSED,api=BLOCKING,sc=false,e=null c=null b=null
02:33:25.750 [qtp399373008-56] DEBUG org.eclipse.jetty.server.Server - handled=true async=false committed=true on HttpChannelOverHttp@6738f43e{s=HttpChannelState@47514cc4{s=HANDLING rs=BLOCKING os=COMPLETED is=IDLE awp=false se=false i=true al=0},r=1,c=false/true,a=HANDLING,uri=https://localhost:37555/,age=1}
02:33:25.750 [qtp399373008-56] DEBUG org.eclipse.jetty.server.HttpChannelState - unhandle HttpChannelState@47514cc4{s=HANDLING rs=BLOCKING os=COMPLETED is=IDLE awp=false se=false i=true al=0}
02:33:25.750 [qtp399373008-56] DEBUG org.eclipse.jetty.server.HttpChannelState - nextAction(false) COMPLETE HttpChannelState@47514cc4{s=HANDLING rs=COMPLETING os=COMPLETED is=IDLE awp=false se=false i=false al=0}
02:33:25.750 [qtp399373008-56] DEBUG org.eclipse.jetty.server.HttpChannel - action COMPLETE HttpChannelOverHttp@6738f43e{s=HttpChannelState@47514cc4{s=HANDLING rs=COMPLETING os=COMPLETED is=IDLE awp=false se=false i=false al=0},r=1,c=false/true,a=HANDLING,uri=https://localhost:37555/,age=1}
02:33:25.750 [main] DEBUG org.apache.nifi.minifi.bootstrap.configuration.ingestors.PullHttpChangeIngestor - New change received, notifying listener
02:33:25.750 [qtp399373008-56] DEBUG org.eclipse.jetty.server.HttpOutput - complete(org.eclipse.jetty.util.Callback$3@5f353ec4) s=CLOSED,api=BLOCKING,sc=false,e=null s=true e=null, c=null
02:33:25.750 [qtp399373008-56] DEBUG org.eclipse.jetty.server.HttpChannelState - completed HttpChannelState@47514cc4{s=HANDLING rs=COMPLETING os=COMPLETED is=IDLE awp=false se=false i=false al=0}
02:33:25.750 [main] DEBUG org.apache.nifi.minifi.bootstrap.configuration.ingestors.PullHttpChangeIngestor - Listeners notified
02:33:25.750 [qtp399373008-56] DEBUG org.eclipse.jetty.server.HttpChannelState - unhandle HttpChannelState@47514cc4{s=HANDLING rs=COMPLETED os=COMPLETED is=IDLE awp=false se=false i=false al=0}
02:33:25.750 [qtp399373008-56] DEBUG org.eclipse.jetty.server.HttpChannelState - nextAction(false) TERMINATED HttpChannelState@47514cc4{s=IDLE rs=COMPLETED os=COMPLETED is=IDLE awp=false se=false i=false al=0}
02:33:25.750 [qtp399373008-56] DEBUG org.eclipse.jetty.server.HttpChannel - action TERMINATED HttpChannelOverHttp@6738f43e{s=HttpChannelState@47514cc4{s=IDLE rs=COMPLETED os=COMPLETED is=IDLE awp=false se=false i=false al=0},r=1,c=true/true,a=IDLE,uri=https://localhost:37555/,age=1}
02:33:25.750 [qtp399373008-56] DEBUG org.eclipse.jetty.server.HttpChannel - onCompleted for / written=4
02:33:25.750 [qtp399373008-56] DEBUG org.eclipse.jetty.io.ssl.SslConnection - >fill SslConnection@5c55c7de::SocketChannelEndPoint@5624e1f0{l=/127.0.0.1:37555,r=/127.0.0.1:51372,OPEN,fill=-,flush=-,to=0/30000}{io=0/0,kio=0,kro=1}->SslConnection@5c55c7de{NOT_HANDSHAKING,eio=-1/-1,di=-1,fill=IDLE,flush=IDLE}~>DecryptedEndPoint@360b1ebf{l=/127.0.0.1:37555,r=/127.0.0.1:51372,OPEN,fill=-,flush=-,to=43/30000}=>HttpConnection@3196055b[p=HttpParser{s=CONTENT,0 of -1},g=HttpGenerator@3245c40d{s=END}]=>HttpChannelOverHttp@6738f43e{s=HttpChannelState@47514cc4{s=IDLE rs=COMPLETED os=COMPLETED is=IDLE awp=false se=false i=false al=0},r=1,c=true/true,a=IDLE,uri=https://localhost:37555/,age=1}
02:33:25.750 [qtp399373008-56] DEBUG org.eclipse.jetty.io.ssl.SslConnection - fill NOT_HANDSHAKING
02:33:25.750 [qtp399373008-56] DEBUG org.eclipse.jetty.io.ChannelEndPoint - filled 0 HeapByteBuffer@ecac914[p=0,l=0,c=17408,r=0]={<<<>>>GET / HTT...\x00\x00\x00\x00\x00\x00\x00}
02:33:25.750 [qtp399373008-56] DEBUG org.eclipse.jetty.io.ssl.SslConnection - net filled=0
]]></system-out>
  </testcase>
  <testcase name="testUseEtagWithPath" classname="org.apache.nifi.minifi.bootstrap.configuration.ingestors.PullHttpChangeIngestorSSLTest" time="0.073">
    <system-out><![CDATA[02:33:25.750 [qtp399373008-56] DEBUG org.eclipse.jetty.io.ssl.SslConnection - unwrap net_filled=0 Status = BUFFER_UNDERFLOW HandshakeStatus = NOT_HANDSHAKING bytesConsumed = 0 bytesProduced = 0 encryptedBuffer=[p=0,l=0,c=17408,r=0] unwrapBuffer=HeapByteBuffer@196acfdd[p=0,l=0,c=17408,r=0]={<<<>>>\x17\x03\x03\x03\xAd\x0b\x00\x03\x88...\x00\x00\x00\x00\x00\x00\x00} appBuffer=HeapByteBuffer@196acfdd[p=0,l=0,c=17408,r=0]={<<<>>>\x17\x03\x03\x03\xAd\x0b\x00\x03\x88...\x00\x00\x00\x00\x00\x00\x00}
02:33:25.750 [qtp399373008-56] DEBUG org.eclipse.jetty.io.ssl.SslConnection - <fill f=0 uf=true SslConnection@5c55c7de::SocketChannelEndPoint@5624e1f0{l=/127.0.0.1:37555,r=/127.0.0.1:51372,OPEN,fill=-,flush=-,to=0/30000}{io=0/0,kio=0,kro=1}->SslConnection@5c55c7de{NOT_HANDSHAKING,eio=-1/-1,di=-1,fill=IDLE,flush=IDLE}~>DecryptedEndPoint@360b1ebf{l=/127.0.0.1:37555,r=/127.0.0.1:51372,OPEN,fill=-,flush=-,to=44/30000}=>HttpConnection@3196055b[p=HttpParser{s=CONTENT,0 of -1},g=HttpGenerator@3245c40d{s=END}]=>HttpChannelOverHttp@6738f43e{s=HttpChannelState@47514cc4{s=IDLE rs=COMPLETED os=COMPLETED is=IDLE awp=false se=false i=false al=0},r=1,c=true/true,a=IDLE,uri=https://localhost:37555/,age=1}
02:33:25.750 [qtp399373008-56] DEBUG org.eclipse.jetty.io.ssl.SslConnection - >fill SslConnection@5c55c7de::SocketChannelEndPoint@5624e1f0{l=/127.0.0.1:37555,r=/127.0.0.1:51372,OPEN,fill=-,flush=-,to=0/30000}{io=0/0,kio=0,kro=1}->SslConnection@5c55c7de{NOT_HANDSHAKING,eio=-1/-1,di=-1,fill=IDLE,flush=IDLE}~>DecryptedEndPoint@360b1ebf{l=/127.0.0.1:37555,r=/127.0.0.1:51372,OPEN,fill=-,flush=-,to=44/30000}=>HttpConnection@3196055b[p=HttpParser{s=CONTENT,0 of -1},g=HttpGenerator@3245c40d{s=END}]=>HttpChannelOverHttp@6738f43e{s=HttpChannelState@47514cc4{s=IDLE rs=COMPLETED os=COMPLETED is=IDLE awp=false se=false i=false al=0},r=1,c=true/true,a=IDLE,uri=https://localhost:37555/,age=1}
02:33:25.750 [qtp399373008-56] DEBUG org.eclipse.jetty.io.ssl.SslConnection - fill NOT_HANDSHAKING
02:33:25.750 [qtp399373008-56] DEBUG org.eclipse.jetty.io.ChannelEndPoint - filled 0 HeapByteBuffer@d26bd[p=0,l=0,c=17408,r=0]={<<<>>>\x17\x03\x03\x00\xC9\x11M\xDf\xFd...\x00\x00\x00\x00\x00\x00\x00}
02:33:25.750 [qtp399373008-56] DEBUG org.eclipse.jetty.io.ssl.SslConnection - net filled=0
02:33:25.750 [qtp399373008-56] DEBUG org.eclipse.jetty.io.ssl.SslConnection - unwrap net_filled=0 Status = BUFFER_UNDERFLOW HandshakeStatus = NOT_HANDSHAKING bytesConsumed = 0 bytesProduced = 0 encryptedBuffer=[p=0,l=0,c=17408,r=0] unwrapBuffer=HeapByteBuffer@196acfdd[p=0,l=0,c=17408,r=0]={<<<>>>\x17\x03\x03\x03\xAd\x0b\x00\x03\x88...\x00\x00\x00\x00\x00\x00\x00} appBuffer=HeapByteBuffer@196acfdd[p=0,l=0,c=17408,r=0]={<<<>>>\x17\x03\x03\x03\xAd\x0b\x00\x03\x88...\x00\x00\x00\x00\x00\x00\x00}
02:33:25.751 [qtp399373008-56] DEBUG org.eclipse.jetty.io.ssl.SslConnection - <fill f=0 uf=true SslConnection@5c55c7de::SocketChannelEndPoint@5624e1f0{l=/127.0.0.1:37555,r=/127.0.0.1:51372,OPEN,fill=-,flush=-,to=1/30000}{io=0/0,kio=0,kro=1}->SslConnection@5c55c7de{NOT_HANDSHAKING,eio=-1/-1,di=-1,fill=IDLE,flush=IDLE}~>DecryptedEndPoint@360b1ebf{l=/127.0.0.1:37555,r=/127.0.0.1:51372,OPEN,fill=-,flush=-,to=44/30000}=>HttpConnection@3196055b[p=HttpParser{s=CONTENT,0 of -1},g=HttpGenerator@3245c40d{s=END}]=>HttpChannelOverHttp@6738f43e{s=HttpChannelState@47514cc4{s=IDLE rs=COMPLETED os=COMPLETED is=IDLE awp=false se=false i=false al=0},r=1,c=true/true,a=IDLE,uri=https://localhost:37555/,age=2}
02:33:25.751 [qtp399373008-56] DEBUG org.eclipse.jetty.server.HttpConnection - HttpConnection@3196055b::DecryptedEndPoint@360b1ebf{l=/127.0.0.1:37555,r=/127.0.0.1:51372,OPEN,fill=-,flush=-,to=44/30000} filled 0 HeapByteBuffer@196acfdd[p=0,l=0,c=17408,r=0]={<<<>>>\x17\x03\x03\x03\xAd\x0b\x00\x03\x88...\x00\x00\x00\x00\x00\x00\x00}
02:33:25.751 [qtp399373008-56] DEBUG org.eclipse.jetty.server.HttpConnection - HttpConnection@3196055b::DecryptedEndPoint@360b1ebf{l=/127.0.0.1:37555,r=/127.0.0.1:51372,OPEN,fill=-,flush=-,to=44/30000} parse HeapByteBuffer@196acfdd[p=0,l=0,c=17408,r=0]={<<<>>>\x17\x03\x03\x03\xAd\x0b\x00\x03\x88...\x00\x00\x00\x00\x00\x00\x00} {}
02:33:25.751 [qtp399373008-56] DEBUG org.eclipse.jetty.http.HttpParser - parseNext s=CONTENT HeapByteBuffer@196acfdd[p=0,l=0,c=17408,r=0]={<<<>>>\x17\x03\x03\x03\xAd\x0b\x00\x03\x88...\x00\x00\x00\x00\x00\x00\x00}
02:33:25.751 [qtp399373008-56] DEBUG org.eclipse.jetty.http.HttpParser - CONTENT --> CONTENT_END
02:33:25.751 [qtp399373008-56] DEBUG org.eclipse.jetty.server.HttpChannel - onContentComplete HttpChannelOverHttp@6738f43e{s=HttpChannelState@47514cc4{s=IDLE rs=COMPLETED os=COMPLETED is=IDLE awp=false se=false i=false al=0},r=1,c=true/true,a=IDLE,uri=https://localhost:37555/,age=2}
02:33:25.751 [qtp399373008-56] DEBUG org.eclipse.jetty.http.HttpParser - CONTENT_END --> END
02:33:25.751 [qtp399373008-56] DEBUG org.eclipse.jetty.server.HttpChannel - onRequestComplete HttpChannelOverHttp@6738f43e{s=HttpChannelState@47514cc4{s=IDLE rs=COMPLETED os=COMPLETED is=IDLE awp=false se=false i=false al=0},r=1,c=true/true,a=IDLE,uri=https://localhost:37555/,age=2}
02:33:25.751 [qtp399373008-56] DEBUG org.eclipse.jetty.server.HttpInput - HttpInputOverHTTP@6c3980a4[c=0,q=0,[0]=null,s=STREAM] addContent EOF
02:33:25.751 [qtp399373008-56] DEBUG org.eclipse.jetty.server.HttpConnection - HttpConnection@3196055b::DecryptedEndPoint@360b1ebf{l=/127.0.0.1:37555,r=/127.0.0.1:51372,OPEN,fill=-,flush=-,to=44/30000} parsed false HttpParser{s=END,0 of -1}
02:33:25.751 [qtp399373008-56] DEBUG org.eclipse.jetty.server.HttpConnection - releaseRequestBuffer HttpConnection@3196055b::DecryptedEndPoint@360b1ebf{l=/127.0.0.1:37555,r=/127.0.0.1:51372,OPEN,fill=-,flush=-,to=44/30000}
02:33:25.751 [qtp399373008-56] DEBUG org.eclipse.jetty.server.HttpChannelState - recycle HttpChannelState@47514cc4{s=IDLE rs=COMPLETED os=COMPLETED is=IDLE awp=false se=false i=false al=0}
02:33:25.751 [qtp399373008-56] DEBUG org.eclipse.jetty.http.HttpParser - reset HttpParser{s=END,0 of -1}
02:33:25.751 [qtp399373008-56] DEBUG org.eclipse.jetty.http.HttpParser - END --> START
02:33:25.751 [qtp399373008-56] DEBUG org.eclipse.jetty.server.HttpChannel - !handle TERMINATED HttpChannelOverHttp@6738f43e{s=HttpChannelState@47514cc4{s=IDLE rs=BLOCKING os=OPEN is=IDLE awp=false se=false i=true al=0},r=1,c=false/false,a=IDLE,uri=null,age=0}
02:33:25.751 [qtp399373008-56] DEBUG org.eclipse.jetty.io.ssl.SslConnection - >fill SslConnection@5c55c7de::SocketChannelEndPoint@5624e1f0{l=/127.0.0.1:37555,r=/127.0.0.1:51372,OPEN,fill=-,flush=-,to=1/30000}{io=0/0,kio=0,kro=1}->SslConnection@5c55c7de{NOT_HANDSHAKING,eio=-1/-1,di=-1,fill=IDLE,flush=IDLE}~>DecryptedEndPoint@360b1ebf{l=/127.0.0.1:37555,r=/127.0.0.1:51372,OPEN,fill=-,flush=-,to=44/30000}=>HttpConnection@3196055b[p=HttpParser{s=START,0 of -1},g=HttpGenerator@3245c40d{s=START}]=>HttpChannelOverHttp@6738f43e{s=HttpChannelState@47514cc4{s=IDLE rs=BLOCKING os=OPEN is=IDLE awp=false se=false i=true al=0},r=1,c=false/false,a=IDLE,uri=null,age=0}
02:33:25.751 [qtp399373008-56] DEBUG org.eclipse.jetty.io.ssl.SslConnection - fill NOT_HANDSHAKING
02:33:25.751 [qtp399373008-56] DEBUG org.eclipse.jetty.io.ChannelEndPoint - filled 0 HeapByteBuffer@d26bd[p=0,l=0,c=17408,r=0]={<<<>>>\x17\x03\x03\x00\xC9\x11M\xDf\xFd...\x00\x00\x00\x00\x00\x00\x00}
02:33:25.751 [qtp399373008-56] DEBUG org.eclipse.jetty.io.ssl.SslConnection - net filled=0
02:33:25.751 [qtp399373008-56] DEBUG org.eclipse.jetty.io.ssl.SslConnection - unwrap net_filled=0 Status = BUFFER_UNDERFLOW HandshakeStatus = NOT_HANDSHAKING bytesConsumed = 0 bytesProduced = 0 encryptedBuffer=[p=0,l=0,c=17408,r=0] unwrapBuffer=HeapByteBuffer@ecac914[p=0,l=0,c=17408,r=0]={<<<>>>GET / HTT...\x00\x00\x00\x00\x00\x00\x00} appBuffer=HeapByteBuffer@ecac914[p=0,l=0,c=17408,r=0]={<<<>>>GET / HTT...\x00\x00\x00\x00\x00\x00\x00}
02:33:25.751 [qtp399373008-56] DEBUG org.eclipse.jetty.io.ssl.SslConnection - <fill f=0 uf=true SslConnection@5c55c7de::SocketChannelEndPoint@5624e1f0{l=/127.0.0.1:37555,r=/127.0.0.1:51372,OPEN,fill=-,flush=-,to=1/30000}{io=0/0,kio=0,kro=1}->SslConnection@5c55c7de{NOT_HANDSHAKING,eio=-1/-1,di=-1,fill=IDLE,flush=IDLE}~>DecryptedEndPoint@360b1ebf{l=/127.0.0.1:37555,r=/127.0.0.1:51372,OPEN,fill=-,flush=-,to=45/30000}=>HttpConnection@3196055b[p=HttpParser{s=START,0 of -1},g=HttpGenerator@3245c40d{s=START}]=>HttpChannelOverHttp@6738f43e{s=HttpChannelState@47514cc4{s=IDLE rs=BLOCKING os=OPEN is=IDLE awp=false se=false i=true al=0},r=1,c=false/false,a=IDLE,uri=null,age=0}
02:33:25.751 [qtp399373008-56] DEBUG org.eclipse.jetty.io.ssl.SslConnection - >fill SslConnection@5c55c7de::SocketChannelEndPoint@5624e1f0{l=/127.0.0.1:37555,r=/127.0.0.1:51372,OPEN,fill=-,flush=-,to=1/30000}{io=0/0,kio=0,kro=1}->SslConnection@5c55c7de{NOT_HANDSHAKING,eio=-1/-1,di=-1,fill=IDLE,flush=IDLE}~>DecryptedEndPoint@360b1ebf{l=/127.0.0.1:37555,r=/127.0.0.1:51372,OPEN,fill=-,flush=-,to=45/30000}=>HttpConnection@3196055b[p=HttpParser{s=START,0 of -1},g=HttpGenerator@3245c40d{s=START}]=>HttpChannelOverHttp@6738f43e{s=HttpChannelState@47514cc4{s=IDLE rs=BLOCKING os=OPEN is=IDLE awp=false se=false i=true al=0},r=1,c=false/false,a=IDLE,uri=null,age=0}
02:33:25.751 [qtp399373008-56] DEBUG org.eclipse.jetty.io.ssl.SslConnection - fill NOT_HANDSHAKING
02:33:25.751 [qtp399373008-56] DEBUG org.eclipse.jetty.io.ChannelEndPoint - filled 0 HeapByteBuffer@196acfdd[p=0,l=0,c=17408,r=0]={<<<>>>\x17\x03\x03\x03\xAd\x0b\x00\x03\x88...\x00\x00\x00\x00\x00\x00\x00}
02:33:25.751 [qtp399373008-56] DEBUG org.eclipse.jetty.io.ssl.SslConnection - net filled=0
02:33:25.752 [qtp399373008-56] DEBUG org.eclipse.jetty.io.ssl.SslConnection - unwrap net_filled=0 Status = BUFFER_UNDERFLOW HandshakeStatus = NOT_HANDSHAKING bytesConsumed = 0 bytesProduced = 0 encryptedBuffer=[p=0,l=0,c=17408,r=0] unwrapBuffer=HeapByteBuffer@ecac914[p=0,l=0,c=17408,r=0]={<<<>>>GET / HTT...\x00\x00\x00\x00\x00\x00\x00} appBuffer=HeapByteBuffer@ecac914[p=0,l=0,c=17408,r=0]={<<<>>>GET / HTT...\x00\x00\x00\x00\x00\x00\x00}
02:33:25.752 [qtp399373008-56] DEBUG org.eclipse.jetty.io.ssl.SslConnection - <fill f=0 uf=true SslConnection@5c55c7de::SocketChannelEndPoint@5624e1f0{l=/127.0.0.1:37555,r=/127.0.0.1:51372,OPEN,fill=-,flush=-,to=2/30000}{io=0/0,kio=0,kro=1}->SslConnection@5c55c7de{NOT_HANDSHAKING,eio=-1/-1,di=-1,fill=IDLE,flush=IDLE}~>DecryptedEndPoint@360b1ebf{l=/127.0.0.1:37555,r=/127.0.0.1:51372,OPEN,fill=-,flush=-,to=45/30000}=>HttpConnection@3196055b[p=HttpParser{s=START,0 of -1},g=HttpGenerator@3245c40d{s=START}]=>HttpChannelOverHttp@6738f43e{s=HttpChannelState@47514cc4{s=IDLE rs=BLOCKING os=OPEN is=IDLE awp=false se=false i=true al=0},r=1,c=false/false,a=IDLE,uri=null,age=0}
02:33:25.752 [qtp399373008-56] DEBUG org.eclipse.jetty.server.HttpConnection - HttpConnection@3196055b::DecryptedEndPoint@360b1ebf{l=/127.0.0.1:37555,r=/127.0.0.1:51372,OPEN,fill=-,flush=-,to=45/30000} filled 0 HeapByteBuffer@ecac914[p=0,l=0,c=17408,r=0]={<<<>>>GET / HTT...\x00\x00\x00\x00\x00\x00\x00}
02:33:25.752 [qtp399373008-56] DEBUG org.eclipse.jetty.server.HttpConnection - HttpConnection@3196055b::DecryptedEndPoint@360b1ebf{l=/127.0.0.1:37555,r=/127.0.0.1:51372,OPEN,fill=-,flush=-,to=45/30000} parse HeapByteBuffer@ecac914[p=0,l=0,c=17408,r=0]={<<<>>>GET / HTT...\x00\x00\x00\x00\x00\x00\x00} {}
02:33:25.752 [qtp399373008-56] DEBUG org.eclipse.jetty.http.HttpParser - parseNext s=START HeapByteBuffer@ecac914[p=0,l=0,c=17408,r=0]={<<<>>>GET / HTT...\x00\x00\x00\x00\x00\x00\x00}
02:33:25.752 [main] DEBUG org.apache.nifi.minifi.bootstrap.configuration.ingestors.PullHttpChangeIngestor - Attempting to pull new config
02:33:25.752 [qtp399373008-56] DEBUG org.eclipse.jetty.server.HttpConnection - HttpConnection@3196055b::DecryptedEndPoint@360b1ebf{l=/127.0.0.1:37555,r=/127.0.0.1:51372,OPEN,fill=-,flush=-,to=45/30000} parsed false HttpParser{s=START,0 of -1}
02:33:25.752 [qtp399373008-56] DEBUG org.eclipse.jetty.server.HttpConnection - releaseRequestBuffer HttpConnection@3196055b::DecryptedEndPoint@360b1ebf{l=/127.0.0.1:37555,r=/127.0.0.1:51372,OPEN,fill=-,flush=-,to=45/30000}
02:33:25.752 [qtp399373008-56] DEBUG org.eclipse.jetty.io.AbstractConnection - fillInterested HttpConnection@3196055b::DecryptedEndPoint@360b1ebf{l=/127.0.0.1:37555,r=/127.0.0.1:51372,OPEN,fill=-,flush=-,to=45/30000}
02:33:25.752 [qtp399373008-56] DEBUG org.eclipse.jetty.io.FillInterest - interested FillInterest@33f8a3c3{AC.ReadCB@3196055b{HttpConnection@3196055b::DecryptedEndPoint@360b1ebf{l=/127.0.0.1:37555,r=/127.0.0.1:51372,OPEN,fill=FI,flush=-,to=0/30000}}}
02:33:25.752 [qtp399373008-56] DEBUG org.eclipse.jetty.io.ssl.SslConnection - >needFillInterest s=IDLE/IDLE uf=true ei=null di=null SslConnection@5c55c7de::SocketChannelEndPoint@5624e1f0{l=/127.0.0.1:37555,r=/127.0.0.1:51372,OPEN,fill=-,flush=-,to=2/30000}{io=0/0,kio=0,kro=1}->SslConnection@5c55c7de{NOT_HANDSHAKING,eio=-1/-1,di=-1,fill=IDLE,flush=IDLE}~>DecryptedEndPoint@360b1ebf{l=/127.0.0.1:37555,r=/127.0.0.1:51372,OPEN,fill=FI,flush=-,to=0/30000}=>HttpConnection@3196055b[p=HttpParser{s=START,0 of -1},g=HttpGenerator@3245c40d{s=START}]=>HttpChannelOverHttp@6738f43e{s=HttpChannelState@47514cc4{s=IDLE rs=BLOCKING os=OPEN is=IDLE awp=false se=false i=true al=0},r=1,c=false/false,a=IDLE,uri=null,age=0}
02:33:25.752 [qtp399373008-56] DEBUG org.eclipse.jetty.io.ssl.SslConnection - <needFillInterest s=IDLE/INTERESTED f=false i=true w=null
02:33:25.752 [qtp399373008-56] DEBUG org.eclipse.jetty.io.ssl.SslConnection - ensureFillInterested SslConnection@5c55c7de::SocketChannelEndPoint@5624e1f0{l=/127.0.0.1:37555,r=/127.0.0.1:51372,OPEN,fill=-,flush=-,to=2/30000}{io=0/0,kio=0,kro=1}->SslConnection@5c55c7de{NOT_HANDSHAKING,eio=-1/-1,di=-1,fill=INTERESTED,flush=IDLE}~>DecryptedEndPoint@360b1ebf{l=/127.0.0.1:37555,r=/127.0.0.1:51372,OPEN,fill=FI,flush=-,to=0/30000}=>HttpConnection@3196055b[p=HttpParser{s=START,0 of -1},g=HttpGenerator@3245c40d{s=START}]=>HttpChannelOverHttp@6738f43e{s=HttpChannelState@47514cc4{s=IDLE rs=BLOCKING os=OPEN is=IDLE awp=false se=false i=true al=0},r=1,c=false/false,a=IDLE,uri=null,age=0}
02:33:25.752 [qtp399373008-56] DEBUG org.eclipse.jetty.io.FillInterest - interested FillInterest@5e48eef9{SSLC.NBReadCB@5c55c7de{SslConnection@5c55c7de::SocketChannelEndPoint@5624e1f0{l=/127.0.0.1:37555,r=/127.0.0.1:51372,OPEN,fill=FI,flush=-,to=0/30000}{io=0/0,kio=0,kro=1}->SslConnection@5c55c7de{NOT_HANDSHAKING,eio=-1/-1,di=-1,fill=INTERESTED,flush=IDLE}~>DecryptedEndPoint@360b1ebf{l=/127.0.0.1:37555,r=/127.0.0.1:51372,OPEN,fill=FI,flush=-,to=0/30000}=>HttpConnection@3196055b[p=HttpParser{s=START,0 of -1},g=HttpGenerator@3245c40d{s=START}]=>HttpChannelOverHttp@6738f43e{s=HttpChannelState@47514cc4{s=IDLE rs=BLOCKING os=OPEN is=IDLE awp=false se=false i=true al=0},r=1,c=false/false,a=IDLE,uri=null,age=0}}}
02:33:25.752 [qtp399373008-59-acceptor-0@4795ded0-ServerConnector@2374d36a{SSL, (ssl, http/1.1)}{localhost:37555}] DEBUG org.eclipse.jetty.io.ManagedSelector - Queued change lazy=false Accept@50aaa28[java.nio.channels.SocketChannel[connected local=/127.0.0.1:37555 remote=/127.0.0.1:51384]] on ManagedSelector@4e70a728{STARTED} id=0 keys=0 selected=0 updates=0
02:33:25.752 [qtp399373008-59-acceptor-0@4795ded0-ServerConnector@2374d36a{SSL, (ssl, http/1.1)}{localhost:37555}] DEBUG org.eclipse.jetty.io.ManagedSelector - Wakeup on submit ManagedSelector@4e70a728{STARTED} id=0 keys=0 selected=0 updates=1
02:33:25.752 [qtp399373008-56] DEBUG org.eclipse.jetty.io.ChannelEndPoint - changeInterests p=false 0->1 for SocketChannelEndPoint@5624e1f0{l=/127.0.0.1:37555,r=/127.0.0.1:51372,OPEN,fill=FI,flush=-,to=0/30000}{io=0/1,kio=0,kro=1}->SslConnection@5c55c7de{NOT_HANDSHAKING,eio=-1/-1,di=-1,fill=INTERESTED,flush=IDLE}~>DecryptedEndPoint@360b1ebf{l=/127.0.0.1:37555,r=/127.0.0.1:51372,OPEN,fill=FI,flush=-,to=0/30000}=>HttpConnection@3196055b[p=HttpParser{s=START,0 of -1},g=HttpGenerator@3245c40d{s=START}]=>HttpChannelOverHttp@6738f43e{s=HttpChannelState@47514cc4{s=IDLE rs=BLOCKING os=OPEN is=IDLE awp=false se=false i=true al=0},r=1,c=false/false,a=IDLE,uri=null,age=0}
02:33:25.753 [qtp399373008-55] DEBUG org.eclipse.jetty.io.ManagedSelector - Selector sun.nio.ch.EPollSelectorImpl@3dc4242d woken with none selected
02:33:25.753 [qtp399373008-56] DEBUG org.eclipse.jetty.io.ManagedSelector - Queued change lazy=false org.eclipse.jetty.io.ChannelEndPoint$$Lambda$255/1238156519@2c51a9d9 on ManagedSelector@7bb6ab3a{STARTED} id=3 keys=1 selected=0 updates=0
02:33:25.753 [qtp399373008-55] DEBUG org.eclipse.jetty.io.ManagedSelector - Selector sun.nio.ch.EPollSelectorImpl@3dc4242d woken up from select, 0/0/0 selected
02:33:25.753 [qtp399373008-56] DEBUG org.eclipse.jetty.io.ManagedSelector - Wakeup on submit ManagedSelector@7bb6ab3a{STARTED} id=3 keys=1 selected=0 updates=1
02:33:25.753 [qtp399373008-55] DEBUG org.eclipse.jetty.io.ManagedSelector - Selector sun.nio.ch.EPollSelectorImpl@3dc4242d processing 0 keys, 1 updates
02:33:25.753 [qtp399373008-55] DEBUG org.eclipse.jetty.io.ManagedSelector - updateable 1
02:33:25.753 [qtp399373008-62] DEBUG org.eclipse.jetty.io.ManagedSelector - Selector sun.nio.ch.EPollSelectorImpl@26508338 woken with none selected
02:33:25.753 [qtp399373008-62] DEBUG org.eclipse.jetty.io.ManagedSelector - Selector sun.nio.ch.EPollSelectorImpl@26508338 woken up from select, 0/0/1 selected
02:33:25.753 [qtp399373008-56] DEBUG org.eclipse.jetty.server.HttpConnection - HttpConnection@3196055b::DecryptedEndPoint@360b1ebf{l=/127.0.0.1:37555,r=/127.0.0.1:51372,OPEN,fill=FI,flush=-,to=0/30000} onFillable exit HttpChannelState@47514cc4{s=IDLE rs=BLOCKING os=OPEN is=IDLE awp=false se=false i=true al=0} null
02:33:25.753 [qtp399373008-62] DEBUG org.eclipse.jetty.io.ManagedSelector - Selector sun.nio.ch.EPollSelectorImpl@26508338 processing 0 keys, 1 updates
02:33:25.753 [qtp399373008-55] DEBUG org.eclipse.jetty.io.ManagedSelector - update Accept@50aaa28[java.nio.channels.SocketChannel[connected local=/127.0.0.1:37555 remote=/127.0.0.1:51384]]
02:33:25.753 [qtp399373008-62] DEBUG org.eclipse.jetty.io.ManagedSelector - updateable 1
02:33:25.754 [qtp399373008-62] DEBUG org.eclipse.jetty.io.ManagedSelector - update org.eclipse.jetty.io.ChannelEndPoint$$Lambda$255/1238156519@2c51a9d9
02:33:25.754 [qtp399373008-56] DEBUG org.eclipse.jetty.io.ssl.SslConnection - <c.onFillable SslConnection@5c55c7de::SocketChannelEndPoint@5624e1f0{l=/127.0.0.1:37555,r=/127.0.0.1:51372,OPEN,fill=FI,flush=-,to=0/30000}{io=0/1,kio=0,kro=1}->SslConnection@5c55c7de{NOT_HANDSHAKING,eio=-1/-1,di=-1,fill=INTERESTED,flush=IDLE}~>DecryptedEndPoint@360b1ebf{l=/127.0.0.1:37555,r=/127.0.0.1:51372,OPEN,fill=FI,flush=-,to=1/30000}=>HttpConnection@3196055b[p=HttpParser{s=START,0 of -1},g=HttpGenerator@3245c40d{s=START}]=>HttpChannelOverHttp@6738f43e{s=HttpChannelState@47514cc4{s=IDLE rs=BLOCKING os=OPEN is=IDLE awp=false se=false i=true al=0},r=1,c=false/false,a=IDLE,uri=null,age=0}
02:33:25.754 [qtp399373008-55] DEBUG org.eclipse.jetty.util.thread.QueuedThreadPool - queue Accept@50aaa28[java.nio.channels.SocketChannel[connected local=/127.0.0.1:37555 remote=/127.0.0.1:51384]] startThread=0
02:33:25.754 [qtp399373008-56] DEBUG org.eclipse.jetty.util.thread.ReservedThreadExecutor - ReservedThread@21d8cb0a{RUNNING,thread=Thread[qtp399373008-56,5,main]} was=RUNNING next=RESERVED size=0+2 capacity=8
02:33:25.754 [qtp399373008-58] DEBUG org.eclipse.jetty.util.thread.QueuedThreadPool - run Accept@50aaa28[java.nio.channels.SocketChannel[connected local=/127.0.0.1:37555 remote=/127.0.0.1:51384]] in QueuedThreadPool[qtp399373008]@17cdf2d0{STARTED,8<=8<=200,i=0,r=-1,q=0}[ReservedThreadExecutor@424fd310{reserved=1/8,pending=0}]
02:33:25.754 [qtp399373008-56] DEBUG org.eclipse.jetty.util.thread.ReservedThreadExecutor - ReservedThread@21d8cb0a{RESERVED,thread=Thread[qtp399373008-56,5,main]} waiting ReservedThreadExecutor@424fd310{reserved=2/8,pending=0}
02:33:25.754 [qtp399373008-58] DEBUG org.eclipse.jetty.io.IdleTimeout - SocketChannelEndPoint@2ca8e848{l=/127.0.0.1:37555,r=/127.0.0.1:51384,OPEN,fill=-,flush=-,to=0/30000}{io=0/0,kio=0,kro=0}-><null> idle timeout check, elapsed: 0 ms, remaining: 30000 ms
02:33:25.754 [qtp399373008-58] DEBUG org.eclipse.jetty.util.ssl.SslContextFactory - Customize sun.security.ssl.SSLEngineImpl@69aa73b9
02:33:25.754 [qtp399373008-58] DEBUG org.eclipse.jetty.server.HttpChannel - new HttpChannelOverHttp@4b4164f7{s=HttpChannelState@58095f74{s=IDLE rs=BLOCKING os=OPEN is=IDLE awp=false se=false i=true al=0},r=0,c=false/false,a=IDLE,uri=null,age=0} -> DecryptedEndPoint@33081695{l=/127.0.0.1:37555,r=/127.0.0.1:51384,OPEN,fill=-,flush=-,to=0/30000},null,HttpChannelState@58095f74{s=IDLE rs=BLOCKING os=OPEN is=IDLE awp=false se=false i=true al=0}
02:33:25.754 [qtp399373008-58] DEBUG org.eclipse.jetty.server.HttpConnection - New HTTP Connection HttpConnection@9858cf6::DecryptedEndPoint@33081695{l=/127.0.0.1:37555,r=/127.0.0.1:51384,OPEN,fill=-,flush=-,to=0/30000}
02:33:25.754 [qtp399373008-58] DEBUG org.eclipse.jetty.io.ManagedSelector - Queued change lazy=true org.eclipse.jetty.io.ManagedSelector$$Lambda$258/1710399120@49a337ed on ManagedSelector@4e70a728{STARTED} id=0 keys=1 selected=0 updates=0
02:33:25.754 [qtp399373008-58] DEBUG org.eclipse.jetty.io.AbstractEndPoint - onOpen SocketChannelEndPoint@2ca8e848{l=/127.0.0.1:37555,r=/127.0.0.1:51384,OPEN,fill=-,flush=-,to=0/30000}{io=0/0,kio=0,kro=0}->SslConnection@5b433352{NOT_HANDSHAKING,eio=-1/-1,di=-1,fill=IDLE,flush=IDLE}~>DecryptedEndPoint@33081695{l=/127.0.0.1:37555,r=/127.0.0.1:51384,OPEN,fill=-,flush=-,to=0/30000}=>HttpConnection@9858cf6[p=HttpParser{s=START,0 of -1},g=HttpGenerator@280c3a11{s=START}]=>HttpChannelOverHttp@4b4164f7{s=HttpChannelState@58095f74{s=IDLE rs=BLOCKING os=OPEN is=IDLE awp=false se=false i=true al=0},r=0,c=false/false,a=IDLE,uri=null,age=0}
02:33:25.755 [qtp399373008-58] DEBUG org.eclipse.jetty.io.AbstractConnection - onOpen SslConnection@5b433352::SocketChannelEndPoint@2ca8e848{l=/127.0.0.1:37555,r=/127.0.0.1:51384,OPEN,fill=-,flush=-,to=0/30000}{io=0/0,kio=0,kro=0}->SslConnection@5b433352{NOT_HANDSHAKING,eio=-1/-1,di=-1,fill=IDLE,flush=IDLE}~>DecryptedEndPoint@33081695{l=/127.0.0.1:37555,r=/127.0.0.1:51384,OPEN,fill=-,flush=-,to=0/30000}=>HttpConnection@9858cf6[p=HttpParser{s=START,0 of -1},g=HttpGenerator@280c3a11{s=START}]=>HttpChannelOverHttp@4b4164f7{s=HttpChannelState@58095f74{s=IDLE rs=BLOCKING os=OPEN is=IDLE awp=false se=false i=true al=0},r=0,c=false/false,a=IDLE,uri=null,age=0}
02:33:25.755 [qtp399373008-58] DEBUG org.eclipse.jetty.io.AbstractConnection - onOpen HttpConnection@9858cf6::DecryptedEndPoint@33081695{l=/127.0.0.1:37555,r=/127.0.0.1:51384,OPEN,fill=-,flush=-,to=0/30000}
02:33:25.755 [qtp399373008-58] DEBUG org.eclipse.jetty.io.AbstractConnection - fillInterested HttpConnection@9858cf6::DecryptedEndPoint@33081695{l=/127.0.0.1:37555,r=/127.0.0.1:51384,OPEN,fill=-,flush=-,to=0/30000}
02:33:25.755 [qtp399373008-58] DEBUG org.eclipse.jetty.io.FillInterest - interested FillInterest@dcbf1da{AC.ReadCB@9858cf6{HttpConnection@9858cf6::DecryptedEndPoint@33081695{l=/127.0.0.1:37555,r=/127.0.0.1:51384,OPEN,fill=FI,flush=-,to=0/30000}}}
02:33:25.755 [qtp399373008-58] DEBUG org.eclipse.jetty.io.ssl.SslConnection - >needFillInterest s=IDLE/IDLE uf=false ei=null di=null SslConnection@5b433352::SocketChannelEndPoint@2ca8e848{l=/127.0.0.1:37555,r=/127.0.0.1:51384,OPEN,fill=-,flush=-,to=0/30000}{io=0/0,kio=0,kro=0}->SslConnection@5b433352{NOT_HANDSHAKING,eio=-1/-1,di=-1,fill=IDLE,flush=IDLE}~>DecryptedEndPoint@33081695{l=/127.0.0.1:37555,r=/127.0.0.1:51384,OPEN,fill=FI,flush=-,to=0/30000}=>HttpConnection@9858cf6[p=HttpParser{s=START,0 of -1},g=HttpGenerator@280c3a11{s=START}]=>HttpChannelOverHttp@4b4164f7{s=HttpChannelState@58095f74{s=IDLE rs=BLOCKING os=OPEN is=IDLE awp=false se=false i=true al=0},r=0,c=false/false,a=IDLE,uri=null,age=0}
02:33:25.755 [qtp399373008-58] DEBUG org.eclipse.jetty.io.ssl.SslConnection - <needFillInterest s=IDLE/INTERESTED f=false i=true w=null
02:33:25.755 [qtp399373008-58] DEBUG org.eclipse.jetty.io.ssl.SslConnection - ensureFillInterested SslConnection@5b433352::SocketChannelEndPoint@2ca8e848{l=/127.0.0.1:37555,r=/127.0.0.1:51384,OPEN,fill=-,flush=-,to=0/30000}{io=0/0,kio=0,kro=0}->SslConnection@5b433352{NOT_HANDSHAKING,eio=-1/-1,di=-1,fill=INTERESTED,flush=IDLE}~>DecryptedEndPoint@33081695{l=/127.0.0.1:37555,r=/127.0.0.1:51384,OPEN,fill=FI,flush=-,to=0/30000}=>HttpConnection@9858cf6[p=HttpParser{s=START,0 of -1},g=HttpGenerator@280c3a11{s=START}]=>HttpChannelOverHttp@4b4164f7{s=HttpChannelState@58095f74{s=IDLE rs=BLOCKING os=OPEN is=IDLE awp=false se=false i=true al=0},r=0,c=false/false,a=IDLE,uri=null,age=0}
02:33:25.755 [qtp399373008-58] DEBUG org.eclipse.jetty.io.FillInterest - interested FillInterest@5d87a3d1{SSLC.NBReadCB@5b433352{SslConnection@5b433352::SocketChannelEndPoint@2ca8e848{l=/127.0.0.1:37555,r=/127.0.0.1:51384,OPEN,fill=FI,flush=-,to=0/30000}{io=0/0,kio=0,kro=0}->SslConnection@5b433352{NOT_HANDSHAKING,eio=-1/-1,di=-1,fill=INTERESTED,flush=IDLE}~>DecryptedEndPoint@33081695{l=/127.0.0.1:37555,r=/127.0.0.1:51384,OPEN,fill=FI,flush=-,to=0/30000}=>HttpConnection@9858cf6[p=HttpParser{s=START,0 of -1},g=HttpGenerator@280c3a11{s=START}]=>HttpChannelOverHttp@4b4164f7{s=HttpChannelState@58095f74{s=IDLE rs=BLOCKING os=OPEN is=IDLE awp=false se=false i=true al=0},r=0,c=false/false,a=IDLE,uri=null,age=0}}}
02:33:25.755 [qtp399373008-58] DEBUG org.eclipse.jetty.io.ChannelEndPoint - changeInterests p=false 0->1 for SocketChannelEndPoint@2ca8e848{l=/127.0.0.1:37555,r=/127.0.0.1:51384,OPEN,fill=FI,flush=-,to=0/30000}{io=0/1,kio=0,kro=0}->SslConnection@5b433352{NOT_HANDSHAKING,eio=-1/-1,di=-1,fill=INTERESTED,flush=IDLE}~>DecryptedEndPoint@33081695{l=/127.0.0.1:37555,r=/127.0.0.1:51384,OPEN,fill=FI,flush=-,to=0/30000}=>HttpConnection@9858cf6[p=HttpParser{s=START,0 of -1},g=HttpGenerator@280c3a11{s=START}]=>HttpChannelOverHttp@4b4164f7{s=HttpChannelState@58095f74{s=IDLE rs=BLOCKING os=OPEN is=IDLE awp=false se=false i=true al=0},r=0,c=false/false,a=IDLE,uri=null,age=0}
02:33:25.755 [qtp399373008-58] DEBUG org.eclipse.jetty.io.ManagedSelector - Queued change lazy=false org.eclipse.jetty.io.ChannelEndPoint$$Lambda$255/1238156519@1f1cc290 on ManagedSelector@4e70a728{STARTED} id=0 keys=1 selected=0 updates=1
02:33:25.755 [qtp399373008-58] DEBUG org.eclipse.jetty.io.ManagedSelector - Wakeup on submit ManagedSelector@4e70a728{STARTED} id=0 keys=1 selected=0 updates=2
02:33:25.755 [qtp399373008-58] DEBUG org.eclipse.jetty.io.ManagedSelector - Created SocketChannelEndPoint@2ca8e848{l=/127.0.0.1:37555,r=/127.0.0.1:51384,OPEN,fill=FI,flush=-,to=0/30000}{io=0/1,kio=0,kro=0}->SslConnection@5b433352{NOT_HANDSHAKING,eio=-1/-1,di=-1,fill=INTERESTED,flush=IDLE}~>DecryptedEndPoint@33081695{l=/127.0.0.1:37555,r=/127.0.0.1:51384,OPEN,fill=FI,flush=-,to=0/30000}=>HttpConnection@9858cf6[p=HttpParser{s=START,0 of -1},g=HttpGenerator@280c3a11{s=START}]=>HttpChannelOverHttp@4b4164f7{s=HttpChannelState@58095f74{s=IDLE rs=BLOCKING os=OPEN is=IDLE awp=false se=false i=true al=0},r=0,c=false/false,a=IDLE,uri=null,age=0}
02:33:25.755 [qtp399373008-58] DEBUG org.eclipse.jetty.util.thread.QueuedThreadPool - ran Accept@50aaa28[java.nio.channels.SocketChannel[connected local=/127.0.0.1:37555 remote=/127.0.0.1:51384]] in QueuedThreadPool[qtp399373008]@17cdf2d0{STARTED,8<=8<=200,i=0,r=-1,q=0}[ReservedThreadExecutor@424fd310{reserved=2/8,pending=0}]
02:33:25.754 [qtp399373008-55] DEBUG org.eclipse.jetty.io.ManagedSelector - updates 0
02:33:25.754 [qtp399373008-62] DEBUG org.eclipse.jetty.io.ChannelEndPoint - Key interests updated 0 -> 1 on SocketChannelEndPoint@5624e1f0{l=/127.0.0.1:37555,r=/127.0.0.1:51372,OPEN,fill=FI,flush=-,to=1/30000}{io=1/1,kio=1,kro=1}->SslConnection@5c55c7de{NOT_HANDSHAKING,eio=-1/-1,di=-1,fill=INTERESTED,flush=IDLE}~>DecryptedEndPoint@360b1ebf{l=/127.0.0.1:37555,r=/127.0.0.1:51372,OPEN,fill=FI,flush=-,to=2/30000}=>HttpConnection@3196055b[p=HttpParser{s=START,0 of -1},g=HttpGenerator@3245c40d{s=START}]=>HttpChannelOverHttp@6738f43e{s=HttpChannelState@47514cc4{s=IDLE rs=BLOCKING os=OPEN is=IDLE awp=false se=false i=true al=0},r=1,c=false/false,a=IDLE,uri=null,age=0}
02:33:25.755 [qtp399373008-55] DEBUG org.eclipse.jetty.io.ManagedSelector - Selector sun.nio.ch.EPollSelectorImpl@3dc4242d waiting with 1 keys
02:33:25.755 [qtp399373008-62] DEBUG org.eclipse.jetty.io.ManagedSelector - updates 0
02:33:25.755 [qtp399373008-62] DEBUG org.eclipse.jetty.io.ManagedSelector - Selector sun.nio.ch.EPollSelectorImpl@26508338 waiting with 1 keys
02:33:25.755 [qtp399373008-55] DEBUG org.eclipse.jetty.io.ManagedSelector - Selector sun.nio.ch.EPollSelectorImpl@3dc4242d woken with none selected
02:33:25.755 [qtp399373008-55] DEBUG org.eclipse.jetty.io.ManagedSelector - Selector sun.nio.ch.EPollSelectorImpl@3dc4242d woken up from select, 0/0/1 selected
02:33:25.755 [qtp399373008-55] DEBUG org.eclipse.jetty.io.ManagedSelector - Selector sun.nio.ch.EPollSelectorImpl@3dc4242d processing 0 keys, 2 updates
02:33:25.755 [qtp399373008-55] DEBUG org.eclipse.jetty.io.ManagedSelector - updateable 2
02:33:25.755 [qtp399373008-55] DEBUG org.eclipse.jetty.io.ManagedSelector - update org.eclipse.jetty.io.ManagedSelector$$Lambda$258/1710399120@49a337ed
02:33:25.755 [qtp399373008-55] DEBUG org.eclipse.jetty.io.ManagedSelector - update org.eclipse.jetty.io.ChannelEndPoint$$Lambda$255/1238156519@1f1cc290
02:33:25.755 [qtp399373008-55] DEBUG org.eclipse.jetty.io.ChannelEndPoint - Key interests updated 0 -> 1 on SocketChannelEndPoint@2ca8e848{l=/127.0.0.1:37555,r=/127.0.0.1:51384,OPEN,fill=FI,flush=-,to=0/30000}{io=1/1,kio=1,kro=0}->SslConnection@5b433352{NOT_HANDSHAKING,eio=-1/-1,di=-1,fill=INTERESTED,flush=IDLE}~>DecryptedEndPoint@33081695{l=/127.0.0.1:37555,r=/127.0.0.1:51384,OPEN,fill=FI,flush=-,to=0/30000}=>HttpConnection@9858cf6[p=HttpParser{s=START,0 of -1},g=HttpGenerator@280c3a11{s=START}]=>HttpChannelOverHttp@4b4164f7{s=HttpChannelState@58095f74{s=IDLE rs=BLOCKING os=OPEN is=IDLE awp=false se=false i=true al=0},r=0,c=false/false,a=IDLE,uri=null,age=0}
02:33:25.756 [qtp399373008-55] DEBUG org.eclipse.jetty.io.ManagedSelector - updates 0
02:33:25.756 [qtp399373008-55] DEBUG org.eclipse.jetty.io.ManagedSelector - Selector sun.nio.ch.EPollSelectorImpl@3dc4242d waiting with 1 keys
02:33:25.756 [qtp399373008-55] DEBUG org.eclipse.jetty.io.ManagedSelector - Selector sun.nio.ch.EPollSelectorImpl@3dc4242d woken up from select, 1/1/1 selected
02:33:25.756 [qtp399373008-55] DEBUG org.eclipse.jetty.io.ManagedSelector - Selector sun.nio.ch.EPollSelectorImpl@3dc4242d processing 1 keys, 0 updates
02:33:25.756 [qtp399373008-55] DEBUG org.eclipse.jetty.io.ManagedSelector - selected 1 sun.nio.ch.SelectionKeyImpl@3303dde5 SocketChannelEndPoint@2ca8e848{l=/127.0.0.1:37555,r=/127.0.0.1:51384,OPEN,fill=FI,flush=-,to=0/30000}{io=1/1,kio=1,kro=1}->SslConnection@5b433352{NOT_HANDSHAKING,eio=-1/-1,di=-1,fill=INTERESTED,flush=IDLE}~>DecryptedEndPoint@33081695{l=/127.0.0.1:37555,r=/127.0.0.1:51384,OPEN,fill=FI,flush=-,to=1/30000}=>HttpConnection@9858cf6[p=HttpParser{s=START,0 of -1},g=HttpGenerator@280c3a11{s=START}]=>HttpChannelOverHttp@4b4164f7{s=HttpChannelState@58095f74{s=IDLE rs=BLOCKING os=OPEN is=IDLE awp=false se=false i=true al=0},r=0,c=false/false,a=IDLE,uri=null,age=0} 
02:33:25.756 [qtp399373008-55] DEBUG org.eclipse.jetty.io.ChannelEndPoint - onSelected 1->0 r=true w=false for SocketChannelEndPoint@2ca8e848{l=/127.0.0.1:37555,r=/127.0.0.1:51384,OPEN,fill=FI,flush=-,to=1/30000}{io=1/0,kio=1,kro=1}->SslConnection@5b433352{NOT_HANDSHAKING,eio=-1/-1,di=-1,fill=INTERESTED,flush=IDLE}~>DecryptedEndPoint@33081695{l=/127.0.0.1:37555,r=/127.0.0.1:51384,OPEN,fill=FI,flush=-,to=1/30000}=>HttpConnection@9858cf6[p=HttpParser{s=START,0 of -1},g=HttpGenerator@280c3a11{s=START}]=>HttpChannelOverHttp@4b4164f7{s=HttpChannelState@58095f74{s=IDLE rs=BLOCKING os=OPEN is=IDLE awp=false se=false i=true al=0},r=0,c=false/false,a=IDLE,uri=null,age=0}
02:33:25.756 [qtp399373008-55] DEBUG org.eclipse.jetty.io.ChannelEndPoint - task CEP:SocketChannelEndPoint@2ca8e848{l=/127.0.0.1:37555,r=/127.0.0.1:51384,OPEN,fill=FI,flush=-,to=1/30000}{io=1/0,kio=1,kro=1}->SslConnection@5b433352{NOT_HANDSHAKING,eio=-1/-1,di=-1,fill=INTERESTED,flush=IDLE}~>DecryptedEndPoint@33081695{l=/127.0.0.1:37555,r=/127.0.0.1:51384,OPEN,fill=FI,flush=-,to=1/30000}=>HttpConnection@9858cf6[p=HttpParser{s=START,0 of -1},g=HttpGenerator@280c3a11{s=START}]=>HttpChannelOverHttp@4b4164f7{s=HttpChannelState@58095f74{s=IDLE rs=BLOCKING os=OPEN is=IDLE awp=false se=false i=true al=0},r=0,c=false/false,a=IDLE,uri=null,age=0}:runFillable:BLOCKING
02:33:25.756 [qtp399373008-55] DEBUG org.eclipse.jetty.util.thread.ReservedThreadExecutor - ReservedThreadExecutor@424fd310{reserved=2/8,pending=0} tryExecute EatWhatYouKill@4e858e0a/SelectorProducer@435fb7b5/PRODUCING/p=false/QueuedThreadPool[qtp399373008]@17cdf2d0{STARTED,8<=8<=200,i=1,r=-1,q=0}[ReservedThreadExecutor@424fd310{reserved=2/8,pending=0}][pc=0,pic=0,pec=0,epc=0]@2024-05-02T02:33:25.756+01:00
02:33:25.756 [qtp399373008-55] DEBUG org.eclipse.jetty.util.thread.strategy.EatWhatYouKill - EatWhatYouKill@4e858e0a/SelectorProducer@435fb7b5/IDLE/p=true/QueuedThreadPool[qtp399373008]@17cdf2d0{STARTED,8<=8<=200,i=1,r=-1,q=0}[ReservedThreadExecutor@424fd310{reserved=1/8,pending=0}][pc=0,pic=0,pec=0,epc=0]@2024-05-02T02:33:25.756+01:00 m=EXECUTE_PRODUCE_CONSUME t=CEP:SocketChannelEndPoint@2ca8e848{l=/127.0.0.1:37555,r=/127.0.0.1:51384,OPEN,fill=FI,flush=-,to=1/30000}{io=1/0,kio=1,kro=1}->SslConnection@5b433352{NOT_HANDSHAKING,eio=-1/-1,di=-1,fill=INTERESTED,flush=IDLE}~>DecryptedEndPoint@33081695{l=/127.0.0.1:37555,r=/127.0.0.1:51384,OPEN,fill=FI,flush=-,to=1/30000}=>HttpConnection@9858cf6[p=HttpParser{s=START,0 of -1},g=HttpGenerator@280c3a11{s=START}]=>HttpChannelOverHttp@4b4164f7{s=HttpChannelState@58095f74{s=IDLE rs=BLOCKING os=OPEN is=IDLE awp=false se=false i=true al=0},r=0,c=false/false,a=IDLE,uri=null,age=0}:runFillable:BLOCKING/BLOCKING
02:33:25.756 [qtp399373008-56] DEBUG org.eclipse.jetty.util.thread.ReservedThreadExecutor - ReservedThread@21d8cb0a{RESERVED,thread=Thread[qtp399373008-56,5,main]} task=EatWhatYouKill@4e858e0a/SelectorProducer@435fb7b5/IDLE/p=true/QueuedThreadPool[qtp399373008]@17cdf2d0{STARTED,8<=8<=200,i=1,r=-1,q=0}[ReservedThreadExecutor@424fd310{reserved=1/8,pending=0}][pc=0,pic=0,pec=0,epc=0]@2024-05-02T02:33:25.756+01:00 ReservedThreadExecutor@424fd310{reserved=1/8,pending=0}
02:33:25.756 [qtp399373008-55] DEBUG org.eclipse.jetty.io.FillInterest - fillable FillInterest@5d87a3d1{SSLC.NBReadCB@5b433352{SslConnection@5b433352::SocketChannelEndPoint@2ca8e848{l=/127.0.0.1:37555,r=/127.0.0.1:51384,OPEN,fill=FI,flush=-,to=1/30000}{io=1/0,kio=1,kro=1}->SslConnection@5b433352{NOT_HANDSHAKING,eio=-1/-1,di=-1,fill=INTERESTED,flush=IDLE}~>DecryptedEndPoint@33081695{l=/127.0.0.1:37555,r=/127.0.0.1:51384,OPEN,fill=FI,flush=-,to=1/30000}=>HttpConnection@9858cf6[p=HttpParser{s=START,0 of -1},g=HttpGenerator@280c3a11{s=START}]=>HttpChannelOverHttp@4b4164f7{s=HttpChannelState@58095f74{s=IDLE rs=BLOCKING os=OPEN is=IDLE awp=false se=false i=true al=0},r=0,c=false/false,a=IDLE,uri=null,age=0}}}
02:33:25.756 [qtp399373008-56] DEBUG org.eclipse.jetty.util.thread.strategy.EatWhatYouKill - EatWhatYouKill@4e858e0a/SelectorProducer@435fb7b5/IDLE/p=true/QueuedThreadPool[qtp399373008]@17cdf2d0{STARTED,8<=8<=200,i=1,r=-1,q=0}[ReservedThreadExecutor@424fd310{reserved=1/8,pending=0}][pc=0,pic=0,pec=0,epc=1]@2024-05-02T02:33:25.756+01:00 tryProduce true
02:33:25.756 [qtp399373008-56] DEBUG org.eclipse.jetty.io.ManagedSelector - updateable 0
02:33:25.756 [qtp399373008-55] DEBUG org.eclipse.jetty.io.ssl.SslConnection - >c.onFillable SslConnection@5b433352::SocketChannelEndPoint@2ca8e848{l=/127.0.0.1:37555,r=/127.0.0.1:51384,OPEN,fill=-,flush=-,to=1/30000}{io=1/0,kio=1,kro=1}->SslConnection@5b433352{NOT_HANDSHAKING,eio=-1/-1,di=-1,fill=INTERESTED,flush=IDLE}~>DecryptedEndPoint@33081695{l=/127.0.0.1:37555,r=/127.0.0.1:51384,OPEN,fill=FI,flush=-,to=1/30000}=>HttpConnection@9858cf6[p=HttpParser{s=START,0 of -1},g=HttpGenerator@280c3a11{s=START}]=>HttpChannelOverHttp@4b4164f7{s=HttpChannelState@58095f74{s=IDLE rs=BLOCKING os=OPEN is=IDLE awp=false se=false i=true al=0},r=0,c=false/false,a=IDLE,uri=null,age=0}
02:33:25.756 [qtp399373008-56] DEBUG org.eclipse.jetty.io.ManagedSelector - updates 0
02:33:25.757 [qtp399373008-55] DEBUG org.eclipse.jetty.io.ssl.SslConnection - onFillable SslConnection@5b433352::SocketChannelEndPoint@2ca8e848{l=/127.0.0.1:37555,r=/127.0.0.1:51384,OPEN,fill=-,flush=-,to=1/30000}{io=1/0,kio=1,kro=1}->SslConnection@5b433352{NOT_HANDSHAKING,eio=-1/-1,di=-1,fill=INTERESTED,flush=IDLE}~>DecryptedEndPoint@33081695{l=/127.0.0.1:37555,r=/127.0.0.1:51384,OPEN,fill=FI,flush=-,to=1/30000}=>HttpConnection@9858cf6[p=HttpParser{s=START,0 of -1},g=HttpGenerator@280c3a11{s=START}]=>HttpChannelOverHttp@4b4164f7{s=HttpChannelState@58095f74{s=IDLE rs=BLOCKING os=OPEN is=IDLE awp=false se=false i=true al=0},r=0,c=false/false,a=IDLE,uri=null,age=0}
02:33:25.757 [qtp399373008-55] DEBUG org.eclipse.jetty.io.FillInterest - fillable FillInterest@dcbf1da{AC.ReadCB@9858cf6{HttpConnection@9858cf6::DecryptedEndPoint@33081695{l=/127.0.0.1:37555,r=/127.0.0.1:51384,OPEN,fill=FI,flush=-,to=1/30000}}}
02:33:25.757 [qtp399373008-56] DEBUG org.eclipse.jetty.io.ChannelEndPoint - Key interests updated 1 -> 0 on SocketChannelEndPoint@2ca8e848{l=/127.0.0.1:37555,r=/127.0.0.1:51384,OPEN,fill=-,flush=-,to=1/30000}{io=0/0,kio=0,kro=1}->SslConnection@5b433352{NOT_HANDSHAKING,eio=-1/-1,di=-1,fill=INTERESTED,flush=IDLE}~>DecryptedEndPoint@33081695{l=/127.0.0.1:37555,r=/127.0.0.1:51384,OPEN,fill=FI,flush=-,to=1/30000}=>HttpConnection@9858cf6[p=HttpParser{s=START,0 of -1},g=HttpGenerator@280c3a11{s=START}]=>HttpChannelOverHttp@4b4164f7{s=HttpChannelState@58095f74{s=IDLE rs=BLOCKING os=OPEN is=IDLE awp=false se=false i=true al=0},r=0,c=false/false,a=IDLE,uri=null,age=0}
02:33:25.757 [qtp399373008-55] DEBUG org.eclipse.jetty.server.HttpConnection - HttpConnection@9858cf6::DecryptedEndPoint@33081695{l=/127.0.0.1:37555,r=/127.0.0.1:51384,OPEN,fill=-,flush=-,to=1/30000} onFillable enter HttpChannelState@58095f74{s=IDLE rs=BLOCKING os=OPEN is=IDLE awp=false se=false i=true al=0} null
02:33:25.757 [qtp399373008-56] DEBUG org.eclipse.jetty.io.ManagedSelector - Selector sun.nio.ch.EPollSelectorImpl@3dc4242d waiting with 1 keys
02:33:25.757 [qtp399373008-55] DEBUG org.eclipse.jetty.io.ssl.SslConnection - >fill SslConnection@5b433352::SocketChannelEndPoint@2ca8e848{l=/127.0.0.1:37555,r=/127.0.0.1:51384,OPEN,fill=-,flush=-,to=1/30000}{io=0/0,kio=0,kro=1}->SslConnection@5b433352{NOT_HANDSHAKING,eio=-1/-1,di=-1,fill=IDLE,flush=IDLE}~>DecryptedEndPoint@33081695{l=/127.0.0.1:37555,r=/127.0.0.1:51384,OPEN,fill=-,flush=-,to=2/30000}=>HttpConnection@9858cf6[p=HttpParser{s=START,0 of -1},g=HttpGenerator@280c3a11{s=START}]=>HttpChannelOverHttp@4b4164f7{s=HttpChannelState@58095f74{s=IDLE rs=BLOCKING os=OPEN is=IDLE awp=false se=false i=true al=0},r=0,c=false/false,a=IDLE,uri=null,age=0}
02:33:25.757 [qtp399373008-55] DEBUG org.eclipse.jetty.io.ssl.SslConnection - fill NOT_HANDSHAKING
02:33:25.757 [qtp399373008-55] DEBUG org.eclipse.jetty.io.ChannelEndPoint - filled 339 HeapByteBuffer@196acfdd[p=0,l=339,c=17408,r=339]={<<<\x16\x03\x03\x01N\x01\x00\x01J\x03\x03\xD7\xF8\xDe\xB9\xFbm\xEb\x9e)\x8f\x1b(|\x99...\xD2\x10\xAe\xAaA=\x08\x1da\xF8)[\xCe8N\x95\xC3\xF3\xFf\x01\x00\x01\x00>>>\xF9\xFb}{\xC0\xFag\xC6G...\x00\x00\x00\x00\x00\x00\x00}
02:33:25.757 [qtp399373008-55] DEBUG org.eclipse.jetty.io.ssl.SslConnection - net filled=339
02:33:25.758 [qtp399373008-55] DEBUG org.eclipse.jetty.io.ssl.SslConnection - fill starting handshake SslConnection@5b433352::SocketChannelEndPoint@2ca8e848{l=/127.0.0.1:37555,r=/127.0.0.1:51384,OPEN,fill=-,flush=-,to=0/30000}{io=0/0,kio=0,kro=1}->SslConnection@5b433352{NOT_HANDSHAKING,eio=339/-1,di=-1,fill=IDLE,flush=IDLE}~>DecryptedEndPoint@33081695{l=/127.0.0.1:37555,r=/127.0.0.1:51384,OPEN,fill=-,flush=-,to=2/30000}=>HttpConnection@9858cf6[p=HttpParser{s=START,0 of -1},g=HttpGenerator@280c3a11{s=START}]=>HttpChannelOverHttp@4b4164f7{s=HttpChannelState@58095f74{s=IDLE rs=BLOCKING os=OPEN is=IDLE awp=false se=false i=true al=0},r=0,c=false/false,a=IDLE,uri=null,age=0}
02:33:25.758 [qtp399373008-55] DEBUG org.eclipse.jetty.io.ssl.SslConnection - unwrap net_filled=339 Status = OK HandshakeStatus = NEED_TASK bytesConsumed = 339 bytesProduced = 0 encryptedBuffer=[p=339,l=339,c=17408,r=0] unwrapBuffer=HeapByteBuffer@d26bd[p=0,l=0,c=17408,r=0]={<<<>>>\x17\x03\x03\x00\xC9\x11M\xDf\xFd...\x00\x00\x00\x00\x00\x00\x00} appBuffer=HeapByteBuffer@d26bd[p=0,l=0,c=17408,r=0]={<<<>>>\x17\x03\x03\x00\xC9\x11M\xDf\xFd...\x00\x00\x00\x00\x00\x00\x00}
02:33:25.758 [qtp399373008-55] DEBUG org.eclipse.jetty.io.ssl.SslConnection - fill NEED_TASK
02:33:25.765 [qtp399373008-55] DEBUG org.eclipse.jetty.io.ssl.SslConnection - fill NEED_WRAP
02:33:25.765 [qtp399373008-55] DEBUG org.eclipse.jetty.io.ssl.SslConnection - >flush SslConnection@5b433352::SocketChannelEndPoint@2ca8e848{l=/127.0.0.1:37555,r=/127.0.0.1:51384,OPEN,fill=-,flush=-,to=7/30000}{io=0/0,kio=0,kro=1}->SslConnection@5b433352{NEED_WRAP,eio=0/-1,di=-1,fill=IDLE,flush=IDLE}~>DecryptedEndPoint@33081695{l=/127.0.0.1:37555,r=/127.0.0.1:51384,OPEN,fill=-,flush=-,to=10/30000}=>HttpConnection@9858cf6[p=HttpParser{s=START,0 of -1},g=HttpGenerator@280c3a11{s=START}]=>HttpChannelOverHttp@4b4164f7{s=HttpChannelState@58095f74{s=IDLE rs=BLOCKING os=OPEN is=IDLE awp=false se=false i=true al=0},r=0,c=false/false,a=IDLE,uri=null,age=0}
02:33:25.765 [qtp399373008-55] DEBUG org.eclipse.jetty.io.ssl.SslConnection - flush b[0]=HeapByteBuffer@98da274[p=0,l=0,c=0,r=0]={<<<>>>}
02:33:25.765 [qtp399373008-55] DEBUG org.eclipse.jetty.io.ssl.SslConnection - flush NEED_WRAP
02:33:25.765 [qtp399373008-55] DEBUG org.eclipse.jetty.io.ssl.SslConnection - wrap Status = OK HandshakeStatus = NEED_WRAP bytesConsumed = 0 bytesProduced = 160 [p=0,l=160,c=17408,r=160] ioDone=false/false
02:33:25.766 [qtp399373008-55] DEBUG org.eclipse.jetty.io.ChannelEndPoint - flushed 160 SocketChannelEndPoint@2ca8e848{l=/127.0.0.1:37555,r=/127.0.0.1:51384,OPEN,fill=-,flush=-,to=8/30000}{io=0/0,kio=0,kro=1}->SslConnection@5b433352{NEED_WRAP,eio=0/0,di=-1,fill=IDLE,flush=IDLE}~>DecryptedEndPoint@33081695{l=/127.0.0.1:37555,r=/127.0.0.1:51384,OPEN,fill=-,flush=-,to=10/30000}=>HttpConnection@9858cf6[p=HttpParser{s=START,0 of -1},g=HttpGenerator@280c3a11{s=START}]=>HttpChannelOverHttp@4b4164f7{s=HttpChannelState@58095f74{s=IDLE rs=BLOCKING os=OPEN is=IDLE awp=false se=false i=true al=0},r=0,c=false/false,a=IDLE,uri=null,age=0}
02:33:25.766 [qtp399373008-55] DEBUG org.eclipse.jetty.io.ssl.SslConnection - net flushed=true, ac=true
02:33:25.766 [qtp399373008-55] DEBUG org.eclipse.jetty.io.ssl.SslConnection - flush NEED_WRAP
02:33:25.766 [qtp399373008-55] DEBUG org.eclipse.jetty.io.ssl.SslConnection - wrap Status = OK HandshakeStatus = NEED_WRAP bytesConsumed = 0 bytesProduced = 6 [p=0,l=6,c=17408,r=6] ioDone=false/false
02:33:25.766 [qtp399373008-55] DEBUG org.eclipse.jetty.io.ChannelEndPoint - flushed 6 SocketChannelEndPoint@2ca8e848{l=/127.0.0.1:37555,r=/127.0.0.1:51384,OPEN,fill=-,flush=-,to=0/30000}{io=0/0,kio=0,kro=1}->SslConnection@5b433352{NEED_WRAP,eio=0/0,di=-1,fill=IDLE,flush=IDLE}~>DecryptedEndPoint@33081695{l=/127.0.0.1:37555,r=/127.0.0.1:51384,OPEN,fill=-,flush=-,to=11/30000}=>HttpConnection@9858cf6[p=HttpParser{s=START,0 of -1},g=HttpGenerator@280c3a11{s=START}]=>HttpChannelOverHttp@4b4164f7{s=HttpChannelState@58095f74{s=IDLE rs=BLOCKING os=OPEN is=IDLE awp=false se=false i=true al=0},r=0,c=false/false,a=IDLE,uri=null,age=0}
02:33:25.766 [qtp399373008-55] DEBUG org.eclipse.jetty.io.ssl.SslConnection - net flushed=true, ac=true
02:33:25.766 [qtp399373008-55] DEBUG org.eclipse.jetty.io.ssl.SslConnection - flush NEED_WRAP
02:33:25.766 [qtp399373008-55] DEBUG org.eclipse.jetty.io.ssl.SslConnection - wrap Status = OK HandshakeStatus = NEED_UNWRAP bytesConsumed = 0 bytesProduced = 1597 [p=0,l=1597,c=17408,r=1597] ioDone=false/false
02:33:25.766 [qtp399373008-55] DEBUG org.eclipse.jetty.io.ChannelEndPoint - flushed 1597 SocketChannelEndPoint@2ca8e848{l=/127.0.0.1:37555,r=/127.0.0.1:51384,OPEN,fill=-,flush=-,to=0/30000}{io=0/0,kio=0,kro=1}->SslConnection@5b433352{NEED_UNWRAP,eio=0/0,di=-1,fill=IDLE,flush=IDLE}~>DecryptedEndPoint@33081695{l=/127.0.0.1:37555,r=/127.0.0.1:51384,OPEN,fill=-,flush=-,to=11/30000}=>HttpConnection@9858cf6[p=HttpParser{s=START,0 of -1},g=HttpGenerator@280c3a11{s=START}]=>HttpChannelOverHttp@4b4164f7{s=HttpChannelState@58095f74{s=IDLE rs=BLOCKING os=OPEN is=IDLE awp=false se=false i=true al=0},r=0,c=false/false,a=IDLE,uri=null,age=0}
02:33:25.766 [qtp399373008-55] DEBUG org.eclipse.jetty.io.ssl.SslConnection - net flushed=true, ac=true
02:33:25.766 [qtp399373008-55] DEBUG org.eclipse.jetty.io.ssl.SslConnection - <flush true SslConnection@5b433352::SocketChannelEndPoint@2ca8e848{l=/127.0.0.1:37555,r=/127.0.0.1:51384,OPEN,fill=-,flush=-,to=0/30000}{io=0/0,kio=0,kro=1}->SslConnection@5b433352{NEED_UNWRAP,eio=0/-1,di=-1,fill=IDLE,flush=IDLE}~>DecryptedEndPoint@33081695{l=/127.0.0.1:37555,r=/127.0.0.1:51384,OPEN,fill=-,flush=-,to=11/30000}=>HttpConnection@9858cf6[p=HttpParser{s=START,0 of -1},g=HttpGenerator@280c3a11{s=START}]=>HttpChannelOverHttp@4b4164f7{s=HttpChannelState@58095f74{s=IDLE rs=BLOCKING os=OPEN is=IDLE awp=false se=false i=true al=0},r=0,c=false/false,a=IDLE,uri=null,age=0}
02:33:25.767 [qtp399373008-55] DEBUG org.eclipse.jetty.io.ssl.SslConnection - fill NEED_UNWRAP
02:33:25.767 [qtp399373008-55] DEBUG org.eclipse.jetty.io.ChannelEndPoint - filled 0 HeapByteBuffer@196acfdd[p=0,l=0,c=17408,r=0]={<<<>>>\x16\x03\x03\x01N\x01\x00\x01J...\x00\x00\x00\x00\x00\x00\x00}
02:33:25.767 [qtp399373008-55] DEBUG org.eclipse.jetty.io.ssl.SslConnection - net filled=0
02:33:25.767 [qtp399373008-55] DEBUG org.eclipse.jetty.io.ssl.SslConnection - unwrap net_filled=0 Status = BUFFER_UNDERFLOW HandshakeStatus = NEED_UNWRAP bytesConsumed = 0 bytesProduced = 0 encryptedBuffer=[p=0,l=0,c=17408,r=0] unwrapBuffer=HeapByteBuffer@d26bd[p=0,l=0,c=17408,r=0]={<<<>>>\x17\x03\x03\x00\xC9\x11M\xDf\xFd...\x00\x00\x00\x00\x00\x00\x00} appBuffer=HeapByteBuffer@d26bd[p=0,l=0,c=17408,r=0]={<<<>>>\x17\x03\x03\x00\xC9\x11M\xDf\xFd...\x00\x00\x00\x00\x00\x00\x00}
02:33:25.767 [qtp399373008-55] DEBUG org.eclipse.jetty.io.ssl.SslConnection - <fill f=0 uf=true SslConnection@5b433352::SocketChannelEndPoint@2ca8e848{l=/127.0.0.1:37555,r=/127.0.0.1:51384,OPEN,fill=-,flush=-,to=0/30000}{io=0/0,kio=0,kro=1}->SslConnection@5b433352{NEED_UNWRAP,eio=-1/-1,di=-1,fill=IDLE,flush=IDLE}~>DecryptedEndPoint@33081695{l=/127.0.0.1:37555,r=/127.0.0.1:51384,OPEN,fill=-,flush=-,to=12/30000}=>HttpConnection@9858cf6[p=HttpParser{s=START,0 of -1},g=HttpGenerator@280c3a11{s=START}]=>HttpChannelOverHttp@4b4164f7{s=HttpChannelState@58095f74{s=IDLE rs=BLOCKING os=OPEN is=IDLE awp=false se=false i=true al=0},r=0,c=false/false,a=IDLE,uri=null,age=0}
02:33:25.767 [qtp399373008-55] DEBUG org.eclipse.jetty.io.ssl.SslConnection - >fill SslConnection@5b433352::SocketChannelEndPoint@2ca8e848{l=/127.0.0.1:37555,r=/127.0.0.1:51384,OPEN,fill=-,flush=-,to=0/30000}{io=0/0,kio=0,kro=1}->SslConnection@5b433352{NEED_UNWRAP,eio=-1/-1,di=-1,fill=IDLE,flush=IDLE}~>DecryptedEndPoint@33081695{l=/127.0.0.1:37555,r=/127.0.0.1:51384,OPEN,fill=-,flush=-,to=12/30000}=>HttpConnection@9858cf6[p=HttpParser{s=START,0 of -1},g=HttpGenerator@280c3a11{s=START}]=>HttpChannelOverHttp@4b4164f7{s=HttpChannelState@58095f74{s=IDLE rs=BLOCKING os=OPEN is=IDLE awp=false se=false i=true al=0},r=0,c=false/false,a=IDLE,uri=null,age=0}
02:33:25.767 [qtp399373008-55] DEBUG org.eclipse.jetty.io.ssl.SslConnection - fill NEED_UNWRAP
02:33:25.767 [qtp399373008-55] DEBUG org.eclipse.jetty.io.ChannelEndPoint - filled 0 HeapByteBuffer@ecac914[p=0,l=0,c=17408,r=0]={<<<>>>\x17\x03\x03\x068\xB3\xC9\xC1\xFe...\x00\x00\x00\x00\x00\x00\x00}
02:33:25.767 [qtp399373008-55] DEBUG org.eclipse.jetty.io.ssl.SslConnection - net filled=0
02:33:25.767 [qtp399373008-55] DEBUG org.eclipse.jetty.io.ssl.SslConnection - unwrap net_filled=0 Status = BUFFER_UNDERFLOW HandshakeStatus = NEED_UNWRAP bytesConsumed = 0 bytesProduced = 0 encryptedBuffer=[p=0,l=0,c=17408,r=0] unwrapBuffer=HeapByteBuffer@d26bd[p=0,l=0,c=17408,r=0]={<<<>>>\x17\x03\x03\x00\xC9\x11M\xDf\xFd...\x00\x00\x00\x00\x00\x00\x00} appBuffer=HeapByteBuffer@d26bd[p=0,l=0,c=17408,r=0]={<<<>>>\x17\x03\x03\x00\xC9\x11M\xDf\xFd...\x00\x00\x00\x00\x00\x00\x00}
02:33:25.767 [qtp399373008-55] DEBUG org.eclipse.jetty.io.ssl.SslConnection - <fill f=0 uf=true SslConnection@5b433352::SocketChannelEndPoint@2ca8e848{l=/127.0.0.1:37555,r=/127.0.0.1:51384,OPEN,fill=-,flush=-,to=0/30000}{io=0/0,kio=0,kro=1}->SslConnection@5b433352{NEED_UNWRAP,eio=-1/-1,di=-1,fill=IDLE,flush=IDLE}~>DecryptedEndPoint@33081695{l=/127.0.0.1:37555,r=/127.0.0.1:51384,OPEN,fill=-,flush=-,to=12/30000}=>HttpConnection@9858cf6[p=HttpParser{s=START,0 of -1},g=HttpGenerator@280c3a11{s=START}]=>HttpChannelOverHttp@4b4164f7{s=HttpChannelState@58095f74{s=IDLE rs=BLOCKING os=OPEN is=IDLE awp=false se=false i=true al=0},r=0,c=false/false,a=IDLE,uri=null,age=0}
02:33:25.767 [qtp399373008-55] DEBUG org.eclipse.jetty.server.HttpConnection - HttpConnection@9858cf6::DecryptedEndPoint@33081695{l=/127.0.0.1:37555,r=/127.0.0.1:51384,OPEN,fill=-,flush=-,to=12/30000} filled 0 HeapByteBuffer@d26bd[p=0,l=0,c=17408,r=0]={<<<>>>\x17\x03\x03\x00\xC9\x11M\xDf\xFd...\x00\x00\x00\x00\x00\x00\x00}
02:33:25.767 [qtp399373008-55] DEBUG org.eclipse.jetty.server.HttpConnection - HttpConnection@9858cf6::DecryptedEndPoint@33081695{l=/127.0.0.1:37555,r=/127.0.0.1:51384,OPEN,fill=-,flush=-,to=12/30000} parse HeapByteBuffer@d26bd[p=0,l=0,c=17408,r=0]={<<<>>>\x17\x03\x03\x00\xC9\x11M\xDf\xFd...\x00\x00\x00\x00\x00\x00\x00} {}
02:33:25.767 [qtp399373008-55] DEBUG org.eclipse.jetty.http.HttpParser - parseNext s=START HeapByteBuffer@d26bd[p=0,l=0,c=17408,r=0]={<<<>>>\x17\x03\x03\x00\xC9\x11M\xDf\xFd...\x00\x00\x00\x00\x00\x00\x00}
02:33:25.767 [qtp399373008-55] DEBUG org.eclipse.jetty.server.HttpConnection - HttpConnection@9858cf6::DecryptedEndPoint@33081695{l=/127.0.0.1:37555,r=/127.0.0.1:51384,OPEN,fill=-,flush=-,to=12/30000} parsed false HttpParser{s=START,0 of -1}
02:33:25.767 [qtp399373008-55] DEBUG org.eclipse.jetty.server.HttpConnection - releaseRequestBuffer HttpConnection@9858cf6::DecryptedEndPoint@33081695{l=/127.0.0.1:37555,r=/127.0.0.1:51384,OPEN,fill=-,flush=-,to=12/30000}
02:33:25.767 [qtp399373008-55] DEBUG org.eclipse.jetty.io.AbstractConnection - fillInterested HttpConnection@9858cf6::DecryptedEndPoint@33081695{l=/127.0.0.1:37555,r=/127.0.0.1:51384,OPEN,fill=-,flush=-,to=12/30000}
02:33:25.767 [qtp399373008-55] DEBUG org.eclipse.jetty.io.FillInterest - interested FillInterest@dcbf1da{AC.ReadCB@9858cf6{HttpConnection@9858cf6::DecryptedEndPoint@33081695{l=/127.0.0.1:37555,r=/127.0.0.1:51384,OPEN,fill=FI,flush=-,to=0/30000}}}
02:33:25.767 [qtp399373008-55] DEBUG org.eclipse.jetty.io.ssl.SslConnection - >needFillInterest s=IDLE/IDLE uf=true ei=null di=null SslConnection@5b433352::SocketChannelEndPoint@2ca8e848{l=/127.0.0.1:37555,r=/127.0.0.1:51384,OPEN,fill=-,flush=-,to=0/30000}{io=0/0,kio=0,kro=1}->SslConnection@5b433352{NEED_UNWRAP,eio=-1/-1,di=-1,fill=IDLE,flush=IDLE}~>DecryptedEndPoint@33081695{l=/127.0.0.1:37555,r=/127.0.0.1:51384,OPEN,fill=FI,flush=-,to=0/30000}=>HttpConnection@9858cf6[p=HttpParser{s=START,0 of -1},g=HttpGenerator@280c3a11{s=START}]=>HttpChannelOverHttp@4b4164f7{s=HttpChannelState@58095f74{s=IDLE rs=BLOCKING os=OPEN is=IDLE awp=false se=false i=true al=0},r=0,c=false/false,a=IDLE,uri=null,age=0}
02:33:25.767 [qtp399373008-55] DEBUG org.eclipse.jetty.io.ssl.SslConnection - <needFillInterest s=IDLE/INTERESTED f=false i=true w=null
02:33:25.767 [qtp399373008-55] DEBUG org.eclipse.jetty.io.ssl.SslConnection - ensureFillInterested SslConnection@5b433352::SocketChannelEndPoint@2ca8e848{l=/127.0.0.1:37555,r=/127.0.0.1:51384,OPEN,fill=-,flush=-,to=0/30000}{io=0/0,kio=0,kro=1}->SslConnection@5b433352{NEED_UNWRAP,eio=-1/-1,di=-1,fill=INTERESTED,flush=IDLE}~>DecryptedEndPoint@33081695{l=/127.0.0.1:37555,r=/127.0.0.1:51384,OPEN,fill=FI,flush=-,to=0/30000}=>HttpConnection@9858cf6[p=HttpParser{s=START,0 of -1},g=HttpGenerator@280c3a11{s=START}]=>HttpChannelOverHttp@4b4164f7{s=HttpChannelState@58095f74{s=IDLE rs=BLOCKING os=OPEN is=IDLE awp=false se=false i=true al=0},r=0,c=false/false,a=IDLE,uri=null,age=0}
02:33:25.768 [qtp399373008-55] DEBUG org.eclipse.jetty.io.FillInterest - interested FillInterest@5d87a3d1{SSLC.NBReadCB@5b433352{SslConnection@5b433352::SocketChannelEndPoint@2ca8e848{l=/127.0.0.1:37555,r=/127.0.0.1:51384,OPEN,fill=FI,flush=-,to=0/30000}{io=0/0,kio=0,kro=1}->SslConnection@5b433352{NEED_UNWRAP,eio=-1/-1,di=-1,fill=INTERESTED,flush=IDLE}~>DecryptedEndPoint@33081695{l=/127.0.0.1:37555,r=/127.0.0.1:51384,OPEN,fill=FI,flush=-,to=0/30000}=>HttpConnection@9858cf6[p=HttpParser{s=START,0 of -1},g=HttpGenerator@280c3a11{s=START}]=>HttpChannelOverHttp@4b4164f7{s=HttpChannelState@58095f74{s=IDLE rs=BLOCKING os=OPEN is=IDLE awp=false se=false i=true al=0},r=0,c=false/false,a=IDLE,uri=null,age=0}}}
02:33:25.768 [qtp399373008-55] DEBUG org.eclipse.jetty.io.ChannelEndPoint - changeInterests p=false 0->1 for SocketChannelEndPoint@2ca8e848{l=/127.0.0.1:37555,r=/127.0.0.1:51384,OPEN,fill=FI,flush=-,to=0/30000}{io=0/1,kio=0,kro=1}->SslConnection@5b433352{NEED_UNWRAP,eio=-1/-1,di=-1,fill=INTERESTED,flush=IDLE}~>DecryptedEndPoint@33081695{l=/127.0.0.1:37555,r=/127.0.0.1:51384,OPEN,fill=FI,flush=-,to=0/30000}=>HttpConnection@9858cf6[p=HttpParser{s=START,0 of -1},g=HttpGenerator@280c3a11{s=START}]=>HttpChannelOverHttp@4b4164f7{s=HttpChannelState@58095f74{s=IDLE rs=BLOCKING os=OPEN is=IDLE awp=false se=false i=true al=0},r=0,c=false/false,a=IDLE,uri=null,age=0}
02:33:25.768 [qtp399373008-55] DEBUG org.eclipse.jetty.io.ManagedSelector - Queued change lazy=false org.eclipse.jetty.io.ChannelEndPoint$$Lambda$255/1238156519@1f1cc290 on ManagedSelector@4e70a728{STARTED} id=0 keys=1 selected=0 updates=0
02:33:25.768 [qtp399373008-55] DEBUG org.eclipse.jetty.io.ManagedSelector - Wakeup on submit ManagedSelector@4e70a728{STARTED} id=0 keys=1 selected=0 updates=1
02:33:25.768 [qtp399373008-55] DEBUG org.eclipse.jetty.server.HttpConnection - HttpConnection@9858cf6::DecryptedEndPoint@33081695{l=/127.0.0.1:37555,r=/127.0.0.1:51384,OPEN,fill=FI,flush=-,to=0/30000} onFillable exit HttpChannelState@58095f74{s=IDLE rs=BLOCKING os=OPEN is=IDLE awp=false se=false i=true al=0} null
02:33:25.768 [qtp399373008-56] DEBUG org.eclipse.jetty.io.ManagedSelector - Selector sun.nio.ch.EPollSelectorImpl@3dc4242d woken with none selected
02:33:25.768 [qtp399373008-56] DEBUG org.eclipse.jetty.io.ManagedSelector - Selector sun.nio.ch.EPollSelectorImpl@3dc4242d woken up from select, 0/0/1 selected
02:33:25.768 [qtp399373008-56] DEBUG org.eclipse.jetty.io.ManagedSelector - Selector sun.nio.ch.EPollSelectorImpl@3dc4242d processing 0 keys, 1 updates
02:33:25.768 [qtp399373008-56] DEBUG org.eclipse.jetty.io.ManagedSelector - updateable 1
02:33:25.768 [qtp399373008-56] DEBUG org.eclipse.jetty.io.ManagedSelector - update org.eclipse.jetty.io.ChannelEndPoint$$Lambda$255/1238156519@1f1cc290
02:33:25.768 [qtp399373008-55] DEBUG org.eclipse.jetty.io.ssl.SslConnection - <c.onFillable SslConnection@5b433352::SocketChannelEndPoint@2ca8e848{l=/127.0.0.1:37555,r=/127.0.0.1:51384,OPEN,fill=FI,flush=-,to=0/30000}{io=0/1,kio=0,kro=1}->SslConnection@5b433352{NEED_UNWRAP,eio=-1/-1,di=-1,fill=INTERESTED,flush=IDLE}~>DecryptedEndPoint@33081695{l=/127.0.0.1:37555,r=/127.0.0.1:51384,OPEN,fill=FI,flush=-,to=0/30000}=>HttpConnection@9858cf6[p=HttpParser{s=START,0 of -1},g=HttpGenerator@280c3a11{s=START}]=>HttpChannelOverHttp@4b4164f7{s=HttpChannelState@58095f74{s=IDLE rs=BLOCKING os=OPEN is=IDLE awp=false se=false i=true al=0},r=0,c=false/false,a=IDLE,uri=null,age=0}
02:33:25.768 [qtp399373008-55] DEBUG org.eclipse.jetty.util.thread.QueuedThreadPool - ran org.eclipse.jetty.io.ManagedSelector$$Lambda$253/838473569@7fe7c640 in QueuedThreadPool[qtp399373008]@17cdf2d0{STARTED,8<=8<=200,i=1,r=-1,q=0}[ReservedThreadExecutor@424fd310{reserved=1/8,pending=0}]
02:33:25.768 [qtp399373008-56] DEBUG org.eclipse.jetty.io.ChannelEndPoint - Key interests updated 0 -> 1 on SocketChannelEndPoint@2ca8e848{l=/127.0.0.1:37555,r=/127.0.0.1:51384,OPEN,fill=FI,flush=-,to=0/30000}{io=1/1,kio=1,kro=1}->SslConnection@5b433352{NEED_UNWRAP,eio=-1/-1,di=-1,fill=INTERESTED,flush=IDLE}~>DecryptedEndPoint@33081695{l=/127.0.0.1:37555,r=/127.0.0.1:51384,OPEN,fill=FI,flush=-,to=0/30000}=>HttpConnection@9858cf6[p=HttpParser{s=START,0 of -1},g=HttpGenerator@280c3a11{s=START}]=>HttpChannelOverHttp@4b4164f7{s=HttpChannelState@58095f74{s=IDLE rs=BLOCKING os=OPEN is=IDLE awp=false se=false i=true al=0},r=0,c=false/false,a=IDLE,uri=null,age=0}
02:33:25.768 [qtp399373008-56] DEBUG org.eclipse.jetty.io.ManagedSelector - updates 0
02:33:25.768 [qtp399373008-56] DEBUG org.eclipse.jetty.io.ManagedSelector - Selector sun.nio.ch.EPollSelectorImpl@3dc4242d waiting with 1 keys
02:33:25.769 [qtp399373008-56] DEBUG org.eclipse.jetty.io.ManagedSelector - Selector sun.nio.ch.EPollSelectorImpl@3dc4242d woken up from select, 1/1/1 selected
02:33:25.769 [qtp399373008-56] DEBUG org.eclipse.jetty.io.ManagedSelector - Selector sun.nio.ch.EPollSelectorImpl@3dc4242d processing 1 keys, 0 updates
02:33:25.769 [qtp399373008-56] DEBUG org.eclipse.jetty.io.ManagedSelector - selected 1 sun.nio.ch.SelectionKeyImpl@3303dde5 SocketChannelEndPoint@2ca8e848{l=/127.0.0.1:37555,r=/127.0.0.1:51384,OPEN,fill=FI,flush=-,to=1/30000}{io=1/1,kio=1,kro=1}->SslConnection@5b433352{NEED_UNWRAP,eio=-1/-1,di=-1,fill=INTERESTED,flush=IDLE}~>DecryptedEndPoint@33081695{l=/127.0.0.1:37555,r=/127.0.0.1:51384,OPEN,fill=FI,flush=-,to=1/30000}=>HttpConnection@9858cf6[p=HttpParser{s=START,0 of -1},g=HttpGenerator@280c3a11{s=START}]=>HttpChannelOverHttp@4b4164f7{s=HttpChannelState@58095f74{s=IDLE rs=BLOCKING os=OPEN is=IDLE awp=false se=false i=true al=0},r=0,c=false/false,a=IDLE,uri=null,age=0} 
02:33:25.769 [qtp399373008-56] DEBUG org.eclipse.jetty.io.ChannelEndPoint - onSelected 1->0 r=true w=false for SocketChannelEndPoint@2ca8e848{l=/127.0.0.1:37555,r=/127.0.0.1:51384,OPEN,fill=FI,flush=-,to=1/30000}{io=1/0,kio=1,kro=1}->SslConnection@5b433352{NEED_UNWRAP,eio=-1/-1,di=-1,fill=INTERESTED,flush=IDLE}~>DecryptedEndPoint@33081695{l=/127.0.0.1:37555,r=/127.0.0.1:51384,OPEN,fill=FI,flush=-,to=1/30000}=>HttpConnection@9858cf6[p=HttpParser{s=START,0 of -1},g=HttpGenerator@280c3a11{s=START}]=>HttpChannelOverHttp@4b4164f7{s=HttpChannelState@58095f74{s=IDLE rs=BLOCKING os=OPEN is=IDLE awp=false se=false i=true al=0},r=0,c=false/false,a=IDLE,uri=null,age=0}
02:33:25.769 [qtp399373008-56] DEBUG org.eclipse.jetty.io.ChannelEndPoint - task CEP:SocketChannelEndPoint@2ca8e848{l=/127.0.0.1:37555,r=/127.0.0.1:51384,OPEN,fill=FI,flush=-,to=1/30000}{io=1/0,kio=1,kro=1}->SslConnection@5b433352{NEED_UNWRAP,eio=-1/-1,di=-1,fill=INTERESTED,flush=IDLE}~>DecryptedEndPoint@33081695{l=/127.0.0.1:37555,r=/127.0.0.1:51384,OPEN,fill=FI,flush=-,to=2/30000}=>HttpConnection@9858cf6[p=HttpParser{s=START,0 of -1},g=HttpGenerator@280c3a11{s=START}]=>HttpChannelOverHttp@4b4164f7{s=HttpChannelState@58095f74{s=IDLE rs=BLOCKING os=OPEN is=IDLE awp=false se=false i=true al=0},r=0,c=false/false,a=IDLE,uri=null,age=0}:runFillable:BLOCKING
02:33:25.769 [qtp399373008-56] DEBUG org.eclipse.jetty.util.thread.ReservedThreadExecutor - ReservedThreadExecutor@424fd310{reserved=1/8,pending=0} tryExecute EatWhatYouKill@4e858e0a/SelectorProducer@435fb7b5/PRODUCING/p=false/QueuedThreadPool[qtp399373008]@17cdf2d0{STARTED,8<=8<=200,i=2,r=-1,q=0}[ReservedThreadExecutor@424fd310{reserved=1/8,pending=0}][pc=0,pic=0,pec=0,epc=1]@2024-05-02T02:33:25.769+01:00
02:33:25.769 [qtp399373008-56] DEBUG org.eclipse.jetty.util.thread.ReservedThreadExecutor - ReservedThreadExecutor@424fd310{reserved=0/8,pending=1} startReservedThread p=1
02:33:25.769 [qtp399373008-56] DEBUG org.eclipse.jetty.util.thread.QueuedThreadPool - queue ReservedThread@46871376{PENDING,thread=null} startThread=0
02:33:25.769 [qtp399373008-58] DEBUG org.eclipse.jetty.util.thread.QueuedThreadPool - run ReservedThread@46871376{PENDING,thread=null} in QueuedThreadPool[qtp399373008]@17cdf2d0{STARTED,8<=8<=200,i=1,r=-1,q=0}[ReservedThreadExecutor@424fd310{reserved=0/8,pending=1}]
02:33:25.770 [qtp399373008-58] DEBUG org.eclipse.jetty.util.thread.ReservedThreadExecutor - ReservedThread@46871376{PENDING,thread=Thread[qtp399373008-58,5,main]} was=PENDING next=RESERVED size=0+1 capacity=8
02:33:25.770 [qtp399373008-57] DEBUG org.eclipse.jetty.util.thread.ReservedThreadExecutor - ReservedThread@1d7308e6{RESERVED,thread=Thread[qtp399373008-57,5,main]} task=EatWhatYouKill@4e858e0a/SelectorProducer@435fb7b5/IDLE/p=true/QueuedThreadPool[qtp399373008]@17cdf2d0{STARTED,8<=8<=200,i=1,r=-1,q=0}[ReservedThreadExecutor@424fd310{reserved=0/8,pending=1}][pc=0,pic=0,pec=0,epc=1]@2024-05-02T02:33:25.769+01:00 ReservedThreadExecutor@424fd310{reserved=1/8,pending=0}
02:33:25.770 [qtp399373008-58] DEBUG org.eclipse.jetty.util.thread.ReservedThreadExecutor - ReservedThread@46871376{RESERVED,thread=Thread[qtp399373008-58,5,main]} waiting ReservedThreadExecutor@424fd310{reserved=1/8,pending=0}
02:33:25.770 [qtp399373008-56] DEBUG org.eclipse.jetty.util.thread.strategy.EatWhatYouKill - EatWhatYouKill@4e858e0a/SelectorProducer@435fb7b5/IDLE/p=true/QueuedThreadPool[qtp399373008]@17cdf2d0{STARTED,8<=8<=200,i=1,r=-1,q=0}[ReservedThreadExecutor@424fd310{reserved=1/8,pending=0}][pc=0,pic=0,pec=0,epc=1]@2024-05-02T02:33:25.77+01:00 m=EXECUTE_PRODUCE_CONSUME t=CEP:SocketChannelEndPoint@2ca8e848{l=/127.0.0.1:37555,r=/127.0.0.1:51384,OPEN,fill=FI,flush=-,to=2/30000}{io=1/0,kio=1,kro=1}->SslConnection@5b433352{NEED_UNWRAP,eio=-1/-1,di=-1,fill=INTERESTED,flush=IDLE}~>DecryptedEndPoint@33081695{l=/127.0.0.1:37555,r=/127.0.0.1:51384,OPEN,fill=FI,flush=-,to=2/30000}=>HttpConnection@9858cf6[p=HttpParser{s=START,0 of -1},g=HttpGenerator@280c3a11{s=START}]=>HttpChannelOverHttp@4b4164f7{s=HttpChannelState@58095f74{s=IDLE rs=BLOCKING os=OPEN is=IDLE awp=false se=false i=true al=0},r=0,c=false/false,a=IDLE,uri=null,age=0}:runFillable:BLOCKING/BLOCKING
02:33:25.770 [qtp399373008-57] DEBUG org.eclipse.jetty.util.thread.strategy.EatWhatYouKill - EatWhatYouKill@4e858e0a/SelectorProducer@435fb7b5/IDLE/p=true/QueuedThreadPool[qtp399373008]@17cdf2d0{STARTED,8<=8<=200,i=1,r=-1,q=0}[ReservedThreadExecutor@424fd310{reserved=1/8,pending=0}][pc=0,pic=0,pec=0,epc=1]@2024-05-02T02:33:25.77+01:00 tryProduce true
02:33:25.770 [qtp399373008-57] DEBUG org.eclipse.jetty.io.ManagedSelector - updateable 0
02:33:25.770 [qtp399373008-57] DEBUG org.eclipse.jetty.io.ManagedSelector - updates 0
02:33:25.770 [qtp399373008-56] DEBUG org.eclipse.jetty.io.FillInterest - fillable FillInterest@5d87a3d1{SSLC.NBReadCB@5b433352{SslConnection@5b433352::SocketChannelEndPoint@2ca8e848{l=/127.0.0.1:37555,r=/127.0.0.1:51384,OPEN,fill=FI,flush=-,to=2/30000}{io=1/0,kio=1,kro=1}->SslConnection@5b433352{NEED_UNWRAP,eio=-1/-1,di=-1,fill=INTERESTED,flush=IDLE}~>DecryptedEndPoint@33081695{l=/127.0.0.1:37555,r=/127.0.0.1:51384,OPEN,fill=FI,flush=-,to=2/30000}=>HttpConnection@9858cf6[p=HttpParser{s=START,0 of -1},g=HttpGenerator@280c3a11{s=START}]=>HttpChannelOverHttp@4b4164f7{s=HttpChannelState@58095f74{s=IDLE rs=BLOCKING os=OPEN is=IDLE awp=false se=false i=true al=0},r=0,c=false/false,a=IDLE,uri=null,age=0}}}
02:33:25.770 [qtp399373008-56] DEBUG org.eclipse.jetty.io.ssl.SslConnection - >c.onFillable SslConnection@5b433352::SocketChannelEndPoint@2ca8e848{l=/127.0.0.1:37555,r=/127.0.0.1:51384,OPEN,fill=-,flush=-,to=2/30000}{io=0/0,kio=0,kro=1}->SslConnection@5b433352{NEED_UNWRAP,eio=-1/-1,di=-1,fill=INTERESTED,flush=IDLE}~>DecryptedEndPoint@33081695{l=/127.0.0.1:37555,r=/127.0.0.1:51384,OPEN,fill=FI,flush=-,to=2/30000}=>HttpConnection@9858cf6[p=HttpParser{s=START,0 of -1},g=HttpGenerator@280c3a11{s=START}]=>HttpChannelOverHttp@4b4164f7{s=HttpChannelState@58095f74{s=IDLE rs=BLOCKING os=OPEN is=IDLE awp=false se=false i=true al=0},r=0,c=false/false,a=IDLE,uri=null,age=0}
02:33:25.770 [qtp399373008-57] DEBUG org.eclipse.jetty.io.ChannelEndPoint - Key interests updated 1 -> 0 on SocketChannelEndPoint@2ca8e848{l=/127.0.0.1:37555,r=/127.0.0.1:51384,OPEN,fill=FI,flush=-,to=2/30000}{io=0/0,kio=0,kro=1}->SslConnection@5b433352{NEED_UNWRAP,eio=-1/-1,di=-1,fill=INTERESTED,flush=IDLE}~>DecryptedEndPoint@33081695{l=/127.0.0.1:37555,r=/127.0.0.1:51384,OPEN,fill=FI,flush=-,to=2/30000}=>HttpConnection@9858cf6[p=HttpParser{s=START,0 of -1},g=HttpGenerator@280c3a11{s=START}]=>HttpChannelOverHttp@4b4164f7{s=HttpChannelState@58095f74{s=IDLE rs=BLOCKING os=OPEN is=IDLE awp=false se=false i=true al=0},r=0,c=false/false,a=IDLE,uri=null,age=0}
02:33:25.770 [qtp399373008-56] DEBUG org.eclipse.jetty.io.ssl.SslConnection - onFillable SslConnection@5b433352::SocketChannelEndPoint@2ca8e848{l=/127.0.0.1:37555,r=/127.0.0.1:51384,OPEN,fill=-,flush=-,to=2/30000}{io=0/0,kio=0,kro=1}->SslConnection@5b433352{NEED_UNWRAP,eio=-1/-1,di=-1,fill=INTERESTED,flush=IDLE}~>DecryptedEndPoint@33081695{l=/127.0.0.1:37555,r=/127.0.0.1:51384,OPEN,fill=FI,flush=-,to=2/30000}=>HttpConnection@9858cf6[p=HttpParser{s=START,0 of -1},g=HttpGenerator@280c3a11{s=START}]=>HttpChannelOverHttp@4b4164f7{s=HttpChannelState@58095f74{s=IDLE rs=BLOCKING os=OPEN is=IDLE awp=false se=false i=true al=0},r=0,c=false/false,a=IDLE,uri=null,age=0}
02:33:25.770 [qtp399373008-57] DEBUG org.eclipse.jetty.io.ManagedSelector - Selector sun.nio.ch.EPollSelectorImpl@3dc4242d waiting with 1 keys
02:33:25.770 [qtp399373008-56] DEBUG org.eclipse.jetty.io.FillInterest - fillable FillInterest@dcbf1da{AC.ReadCB@9858cf6{HttpConnection@9858cf6::DecryptedEndPoint@33081695{l=/127.0.0.1:37555,r=/127.0.0.1:51384,OPEN,fill=FI,flush=-,to=2/30000}}}
02:33:25.770 [qtp399373008-56] DEBUG org.eclipse.jetty.server.HttpConnection - HttpConnection@9858cf6::DecryptedEndPoint@33081695{l=/127.0.0.1:37555,r=/127.0.0.1:51384,OPEN,fill=-,flush=-,to=2/30000} onFillable enter HttpChannelState@58095f74{s=IDLE rs=BLOCKING os=OPEN is=IDLE awp=false se=false i=true al=0} null
02:33:25.770 [qtp399373008-56] DEBUG org.eclipse.jetty.io.ssl.SslConnection - >fill SslConnection@5b433352::SocketChannelEndPoint@2ca8e848{l=/127.0.0.1:37555,r=/127.0.0.1:51384,OPEN,fill=-,flush=-,to=2/30000}{io=0/0,kio=0,kro=1}->SslConnection@5b433352{NEED_UNWRAP,eio=-1/-1,di=-1,fill=IDLE,flush=IDLE}~>DecryptedEndPoint@33081695{l=/127.0.0.1:37555,r=/127.0.0.1:51384,OPEN,fill=-,flush=-,to=2/30000}=>HttpConnection@9858cf6[p=HttpParser{s=START,0 of -1},g=HttpGenerator@280c3a11{s=START}]=>HttpChannelOverHttp@4b4164f7{s=HttpChannelState@58095f74{s=IDLE rs=BLOCKING os=OPEN is=IDLE awp=false se=false i=true al=0},r=0,c=false/false,a=IDLE,uri=null,age=0}
02:33:25.770 [qtp399373008-56] DEBUG org.eclipse.jetty.io.ssl.SslConnection - fill NEED_UNWRAP
02:33:25.770 [qtp399373008-56] DEBUG org.eclipse.jetty.io.ChannelEndPoint - filled 6 HeapByteBuffer@ecac914[p=0,l=6,c=17408,r=6]={<<<\x14\x03\x03\x00\x01\x01>>>\xC9\xC1\xFe8\xCb\x08\xFd\x80v...\x00\x00\x00\x00\x00\x00\x00}
02:33:25.770 [qtp399373008-56] DEBUG org.eclipse.jetty.io.ssl.SslConnection - net filled=6
02:33:25.770 [qtp399373008-56] DEBUG org.eclipse.jetty.io.ssl.SslConnection - unwrap net_filled=6 Status = OK HandshakeStatus = NEED_UNWRAP bytesConsumed = 6 bytesProduced = 0 encryptedBuffer=[p=6,l=6,c=17408,r=0] unwrapBuffer=HeapByteBuffer@196acfdd[p=0,l=0,c=17408,r=0]={<<<>>>\x16\x03\x03\x01N\x01\x00\x01J...\x00\x00\x00\x00\x00\x00\x00} appBuffer=HeapByteBuffer@196acfdd[p=0,l=0,c=17408,r=0]={<<<>>>\x16\x03\x03\x01N\x01\x00\x01J...\x00\x00\x00\x00\x00\x00\x00}
02:33:25.770 [qtp399373008-56] DEBUG org.eclipse.jetty.io.ssl.SslConnection - fill NEED_UNWRAP
02:33:25.771 [qtp399373008-56] DEBUG org.eclipse.jetty.io.ChannelEndPoint - filled 0 HeapByteBuffer@ecac914[p=0,l=0,c=17408,r=0]={<<<>>>\x14\x03\x03\x00\x01\x01\xC9\xC1\xFe...\x00\x00\x00\x00\x00\x00\x00}
02:33:25.771 [qtp399373008-56] DEBUG org.eclipse.jetty.io.ssl.SslConnection - net filled=0
02:33:25.771 [qtp399373008-56] DEBUG org.eclipse.jetty.io.ssl.SslConnection - unwrap net_filled=0 Status = BUFFER_UNDERFLOW HandshakeStatus = NEED_UNWRAP bytesConsumed = 0 bytesProduced = 0 encryptedBuffer=[p=0,l=0,c=17408,r=0] unwrapBuffer=HeapByteBuffer@196acfdd[p=0,l=0,c=17408,r=0]={<<<>>>\x16\x03\x03\x01N\x01\x00\x01J...\x00\x00\x00\x00\x00\x00\x00} appBuffer=HeapByteBuffer@196acfdd[p=0,l=0,c=17408,r=0]={<<<>>>\x16\x03\x03\x01N\x01\x00\x01J...\x00\x00\x00\x00\x00\x00\x00}
02:33:25.771 [qtp399373008-56] DEBUG org.eclipse.jetty.io.ssl.SslConnection - <fill f=0 uf=true SslConnection@5b433352::SocketChannelEndPoint@2ca8e848{l=/127.0.0.1:37555,r=/127.0.0.1:51384,OPEN,fill=-,flush=-,to=0/30000}{io=0/0,kio=0,kro=1}->SslConnection@5b433352{NEED_UNWRAP,eio=-1/-1,di=-1,fill=IDLE,flush=IDLE}~>DecryptedEndPoint@33081695{l=/127.0.0.1:37555,r=/127.0.0.1:51384,OPEN,fill=-,flush=-,to=3/30000}=>HttpConnection@9858cf6[p=HttpParser{s=START,0 of -1},g=HttpGenerator@280c3a11{s=START}]=>HttpChannelOverHttp@4b4164f7{s=HttpChannelState@58095f74{s=IDLE rs=BLOCKING os=OPEN is=IDLE awp=false se=false i=true al=0},r=0,c=false/false,a=IDLE,uri=null,age=0}
02:33:25.771 [qtp399373008-56] DEBUG org.eclipse.jetty.io.ssl.SslConnection - >fill SslConnection@5b433352::SocketChannelEndPoint@2ca8e848{l=/127.0.0.1:37555,r=/127.0.0.1:51384,OPEN,fill=-,flush=-,to=0/30000}{io=0/0,kio=0,kro=1}->SslConnection@5b433352{NEED_UNWRAP,eio=-1/-1,di=-1,fill=IDLE,flush=IDLE}~>DecryptedEndPoint@33081695{l=/127.0.0.1:37555,r=/127.0.0.1:51384,OPEN,fill=-,flush=-,to=3/30000}=>HttpConnection@9858cf6[p=HttpParser{s=START,0 of -1},g=HttpGenerator@280c3a11{s=START}]=>HttpChannelOverHttp@4b4164f7{s=HttpChannelState@58095f74{s=IDLE rs=BLOCKING os=OPEN is=IDLE awp=false se=false i=true al=0},r=0,c=false/false,a=IDLE,uri=null,age=0}
02:33:25.771 [qtp399373008-56] DEBUG org.eclipse.jetty.io.ssl.SslConnection - fill NEED_UNWRAP
02:33:25.771 [qtp399373008-56] DEBUG org.eclipse.jetty.io.ChannelEndPoint - filled 0 HeapByteBuffer@d26bd[p=0,l=0,c=17408,r=0]={<<<>>>\x17\x03\x03\x00\xC9\x11M\xDf\xFd...\x00\x00\x00\x00\x00\x00\x00}
02:33:25.771 [qtp399373008-56] DEBUG org.eclipse.jetty.io.ssl.SslConnection - net filled=0
02:33:25.771 [qtp399373008-56] DEBUG org.eclipse.jetty.io.ssl.SslConnection - unwrap net_filled=0 Status = BUFFER_UNDERFLOW HandshakeStatus = NEED_UNWRAP bytesConsumed = 0 bytesProduced = 0 encryptedBuffer=[p=0,l=0,c=17408,r=0] unwrapBuffer=HeapByteBuffer@196acfdd[p=0,l=0,c=17408,r=0]={<<<>>>\x16\x03\x03\x01N\x01\x00\x01J...\x00\x00\x00\x00\x00\x00\x00} appBuffer=HeapByteBuffer@196acfdd[p=0,l=0,c=17408,r=0]={<<<>>>\x16\x03\x03\x01N\x01\x00\x01J...\x00\x00\x00\x00\x00\x00\x00}
02:33:25.771 [qtp399373008-56] DEBUG org.eclipse.jetty.io.ssl.SslConnection - <fill f=0 uf=true SslConnection@5b433352::SocketChannelEndPoint@2ca8e848{l=/127.0.0.1:37555,r=/127.0.0.1:51384,OPEN,fill=-,flush=-,to=0/30000}{io=0/0,kio=0,kro=1}->SslConnection@5b433352{NEED_UNWRAP,eio=-1/-1,di=-1,fill=IDLE,flush=IDLE}~>DecryptedEndPoint@33081695{l=/127.0.0.1:37555,r=/127.0.0.1:51384,OPEN,fill=-,flush=-,to=3/30000}=>HttpConnection@9858cf6[p=HttpParser{s=START,0 of -1},g=HttpGenerator@280c3a11{s=START}]=>HttpChannelOverHttp@4b4164f7{s=HttpChannelState@58095f74{s=IDLE rs=BLOCKING os=OPEN is=IDLE awp=false se=false i=true al=0},r=0,c=false/false,a=IDLE,uri=null,age=0}
02:33:25.771 [qtp399373008-56] DEBUG org.eclipse.jetty.server.HttpConnection - HttpConnection@9858cf6::DecryptedEndPoint@33081695{l=/127.0.0.1:37555,r=/127.0.0.1:51384,OPEN,fill=-,flush=-,to=3/30000} filled 0 HeapByteBuffer@196acfdd[p=0,l=0,c=17408,r=0]={<<<>>>\x16\x03\x03\x01N\x01\x00\x01J...\x00\x00\x00\x00\x00\x00\x00}
02:33:25.771 [qtp399373008-56] DEBUG org.eclipse.jetty.server.HttpConnection - HttpConnection@9858cf6::DecryptedEndPoint@33081695{l=/127.0.0.1:37555,r=/127.0.0.1:51384,OPEN,fill=-,flush=-,to=3/30000} parse HeapByteBuffer@196acfdd[p=0,l=0,c=17408,r=0]={<<<>>>\x16\x03\x03\x01N\x01\x00\x01J...\x00\x00\x00\x00\x00\x00\x00} {}
02:33:25.771 [qtp399373008-56] DEBUG org.eclipse.jetty.http.HttpParser - parseNext s=START HeapByteBuffer@196acfdd[p=0,l=0,c=17408,r=0]={<<<>>>\x16\x03\x03\x01N\x01\x00\x01J...\x00\x00\x00\x00\x00\x00\x00}
02:33:25.771 [qtp399373008-56] DEBUG org.eclipse.jetty.server.HttpConnection - HttpConnection@9858cf6::DecryptedEndPoint@33081695{l=/127.0.0.1:37555,r=/127.0.0.1:51384,OPEN,fill=-,flush=-,to=3/30000} parsed false HttpParser{s=START,0 of -1}
02:33:25.771 [qtp399373008-56] DEBUG org.eclipse.jetty.server.HttpConnection - releaseRequestBuffer HttpConnection@9858cf6::DecryptedEndPoint@33081695{l=/127.0.0.1:37555,r=/127.0.0.1:51384,OPEN,fill=-,flush=-,to=3/30000}
02:33:25.771 [qtp399373008-56] DEBUG org.eclipse.jetty.io.AbstractConnection - fillInterested HttpConnection@9858cf6::DecryptedEndPoint@33081695{l=/127.0.0.1:37555,r=/127.0.0.1:51384,OPEN,fill=-,flush=-,to=3/30000}
02:33:25.771 [qtp399373008-56] DEBUG org.eclipse.jetty.io.FillInterest - interested FillInterest@dcbf1da{AC.ReadCB@9858cf6{HttpConnection@9858cf6::DecryptedEndPoint@33081695{l=/127.0.0.1:37555,r=/127.0.0.1:51384,OPEN,fill=FI,flush=-,to=0/30000}}}
02:33:25.771 [qtp399373008-56] DEBUG org.eclipse.jetty.io.ssl.SslConnection - >needFillInterest s=IDLE/IDLE uf=true ei=null di=null SslConnection@5b433352::SocketChannelEndPoint@2ca8e848{l=/127.0.0.1:37555,r=/127.0.0.1:51384,OPEN,fill=-,flush=-,to=0/30000}{io=0/0,kio=0,kro=1}->SslConnection@5b433352{NEED_UNWRAP,eio=-1/-1,di=-1,fill=IDLE,flush=IDLE}~>DecryptedEndPoint@33081695{l=/127.0.0.1:37555,r=/127.0.0.1:51384,OPEN,fill=FI,flush=-,to=0/30000}=>HttpConnection@9858cf6[p=HttpParser{s=START,0 of -1},g=HttpGenerator@280c3a11{s=START}]=>HttpChannelOverHttp@4b4164f7{s=HttpChannelState@58095f74{s=IDLE rs=BLOCKING os=OPEN is=IDLE awp=false se=false i=true al=0},r=0,c=false/false,a=IDLE,uri=null,age=0}
02:33:25.771 [qtp399373008-56] DEBUG org.eclipse.jetty.io.ssl.SslConnection - <needFillInterest s=IDLE/INTERESTED f=false i=true w=null
02:33:25.771 [qtp399373008-56] DEBUG org.eclipse.jetty.io.ssl.SslConnection - ensureFillInterested SslConnection@5b433352::SocketChannelEndPoint@2ca8e848{l=/127.0.0.1:37555,r=/127.0.0.1:51384,OPEN,fill=-,flush=-,to=0/30000}{io=0/0,kio=0,kro=1}->SslConnection@5b433352{NEED_UNWRAP,eio=-1/-1,di=-1,fill=INTERESTED,flush=IDLE}~>DecryptedEndPoint@33081695{l=/127.0.0.1:37555,r=/127.0.0.1:51384,OPEN,fill=FI,flush=-,to=0/30000}=>HttpConnection@9858cf6[p=HttpParser{s=START,0 of -1},g=HttpGenerator@280c3a11{s=START}]=>HttpChannelOverHttp@4b4164f7{s=HttpChannelState@58095f74{s=IDLE rs=BLOCKING os=OPEN is=IDLE awp=false se=false i=true al=0},r=0,c=false/false,a=IDLE,uri=null,age=0}
02:33:25.771 [qtp399373008-56] DEBUG org.eclipse.jetty.io.FillInterest - interested FillInterest@5d87a3d1{SSLC.NBReadCB@5b433352{SslConnection@5b433352::SocketChannelEndPoint@2ca8e848{l=/127.0.0.1:37555,r=/127.0.0.1:51384,OPEN,fill=FI,flush=-,to=0/30000}{io=0/0,kio=0,kro=1}->SslConnection@5b433352{NEED_UNWRAP,eio=-1/-1,di=-1,fill=INTERESTED,flush=IDLE}~>DecryptedEndPoint@33081695{l=/127.0.0.1:37555,r=/127.0.0.1:51384,OPEN,fill=FI,flush=-,to=0/30000}=>HttpConnection@9858cf6[p=HttpParser{s=START,0 of -1},g=HttpGenerator@280c3a11{s=START}]=>HttpChannelOverHttp@4b4164f7{s=HttpChannelState@58095f74{s=IDLE rs=BLOCKING os=OPEN is=IDLE awp=false se=false i=true al=0},r=0,c=false/false,a=IDLE,uri=null,age=0}}}
02:33:25.771 [qtp399373008-56] DEBUG org.eclipse.jetty.io.ChannelEndPoint - changeInterests p=false 0->1 for SocketChannelEndPoint@2ca8e848{l=/127.0.0.1:37555,r=/127.0.0.1:51384,OPEN,fill=FI,flush=-,to=0/30000}{io=0/1,kio=0,kro=1}->SslConnection@5b433352{NEED_UNWRAP,eio=-1/-1,di=-1,fill=INTERESTED,flush=IDLE}~>DecryptedEndPoint@33081695{l=/127.0.0.1:37555,r=/127.0.0.1:51384,OPEN,fill=FI,flush=-,to=0/30000}=>HttpConnection@9858cf6[p=HttpParser{s=START,0 of -1},g=HttpGenerator@280c3a11{s=START}]=>HttpChannelOverHttp@4b4164f7{s=HttpChannelState@58095f74{s=IDLE rs=BLOCKING os=OPEN is=IDLE awp=false se=false i=true al=0},r=0,c=false/false,a=IDLE,uri=null,age=0}
02:33:25.771 [qtp399373008-56] DEBUG org.eclipse.jetty.io.ManagedSelector - Queued change lazy=false org.eclipse.jetty.io.ChannelEndPoint$$Lambda$255/1238156519@1f1cc290 on ManagedSelector@4e70a728{STARTED} id=0 keys=1 selected=0 updates=0
02:33:25.771 [qtp399373008-56] DEBUG org.eclipse.jetty.io.ManagedSelector - Wakeup on submit ManagedSelector@4e70a728{STARTED} id=0 keys=1 selected=0 updates=1
02:33:25.771 [qtp399373008-56] DEBUG org.eclipse.jetty.server.HttpConnection - HttpConnection@9858cf6::DecryptedEndPoint@33081695{l=/127.0.0.1:37555,r=/127.0.0.1:51384,OPEN,fill=FI,flush=-,to=0/30000} onFillable exit HttpChannelState@58095f74{s=IDLE rs=BLOCKING os=OPEN is=IDLE awp=false se=false i=true al=0} null
02:33:25.771 [qtp399373008-57] DEBUG org.eclipse.jetty.io.ManagedSelector - Selector sun.nio.ch.EPollSelectorImpl@3dc4242d woken with none selected
02:33:25.771 [qtp399373008-57] DEBUG org.eclipse.jetty.io.ManagedSelector - Selector sun.nio.ch.EPollSelectorImpl@3dc4242d woken up from select, 0/0/1 selected
02:33:25.771 [qtp399373008-57] DEBUG org.eclipse.jetty.io.ManagedSelector - Selector sun.nio.ch.EPollSelectorImpl@3dc4242d processing 0 keys, 1 updates
02:33:25.771 [qtp399373008-56] DEBUG org.eclipse.jetty.io.ssl.SslConnection - <c.onFillable SslConnection@5b433352::SocketChannelEndPoint@2ca8e848{l=/127.0.0.1:37555,r=/127.0.0.1:51384,OPEN,fill=FI,flush=-,to=0/30000}{io=0/1,kio=0,kro=1}->SslConnection@5b433352{NEED_UNWRAP,eio=-1/-1,di=-1,fill=INTERESTED,flush=IDLE}~>DecryptedEndPoint@33081695{l=/127.0.0.1:37555,r=/127.0.0.1:51384,OPEN,fill=FI,flush=-,to=0/30000}=>HttpConnection@9858cf6[p=HttpParser{s=START,0 of -1},g=HttpGenerator@280c3a11{s=START}]=>HttpChannelOverHttp@4b4164f7{s=HttpChannelState@58095f74{s=IDLE rs=BLOCKING os=OPEN is=IDLE awp=false se=false i=true al=0},r=0,c=false/false,a=IDLE,uri=null,age=0}
02:33:25.771 [qtp399373008-57] DEBUG org.eclipse.jetty.io.ManagedSelector - updateable 1
02:33:25.771 [qtp399373008-57] DEBUG org.eclipse.jetty.io.ManagedSelector - update org.eclipse.jetty.io.ChannelEndPoint$$Lambda$255/1238156519@1f1cc290
02:33:25.771 [qtp399373008-56] DEBUG org.eclipse.jetty.util.thread.ReservedThreadExecutor - ReservedThread@21d8cb0a{RUNNING,thread=Thread[qtp399373008-56,5,main]} was=RUNNING next=RESERVED size=0+2 capacity=8
02:33:25.771 [qtp399373008-56] DEBUG org.eclipse.jetty.util.thread.ReservedThreadExecutor - ReservedThread@21d8cb0a{RESERVED,thread=Thread[qtp399373008-56,5,main]} waiting ReservedThreadExecutor@424fd310{reserved=2/8,pending=0}
02:33:25.771 [qtp399373008-57] DEBUG org.eclipse.jetty.io.ChannelEndPoint - Key interests updated 0 -> 1 on SocketChannelEndPoint@2ca8e848{l=/127.0.0.1:37555,r=/127.0.0.1:51384,OPEN,fill=FI,flush=-,to=0/30000}{io=1/1,kio=1,kro=1}->SslConnection@5b433352{NEED_UNWRAP,eio=-1/-1,di=-1,fill=INTERESTED,flush=IDLE}~>DecryptedEndPoint@33081695{l=/127.0.0.1:37555,r=/127.0.0.1:51384,OPEN,fill=FI,flush=-,to=0/30000}=>HttpConnection@9858cf6[p=HttpParser{s=START,0 of -1},g=HttpGenerator@280c3a11{s=START}]=>HttpChannelOverHttp@4b4164f7{s=HttpChannelState@58095f74{s=IDLE rs=BLOCKING os=OPEN is=IDLE awp=false se=false i=true al=0},r=0,c=false/false,a=IDLE,uri=null,age=0}
02:33:25.771 [qtp399373008-57] DEBUG org.eclipse.jetty.io.ManagedSelector - updates 0
02:33:25.771 [qtp399373008-57] DEBUG org.eclipse.jetty.io.ManagedSelector - Selector sun.nio.ch.EPollSelectorImpl@3dc4242d waiting with 1 keys
02:33:25.813 [qtp399373008-57] DEBUG org.eclipse.jetty.io.ManagedSelector - Selector sun.nio.ch.EPollSelectorImpl@3dc4242d woken up from select, 1/1/1 selected
02:33:25.813 [qtp399373008-57] DEBUG org.eclipse.jetty.io.ManagedSelector - Selector sun.nio.ch.EPollSelectorImpl@3dc4242d processing 1 keys, 0 updates
02:33:25.813 [qtp399373008-57] DEBUG org.eclipse.jetty.io.ManagedSelector - selected 1 sun.nio.ch.SelectionKeyImpl@3303dde5 SocketChannelEndPoint@2ca8e848{l=/127.0.0.1:37555,r=/127.0.0.1:51384,OPEN,fill=FI,flush=-,to=41/30000}{io=1/1,kio=1,kro=1}->SslConnection@5b433352{NEED_UNWRAP,eio=-1/-1,di=-1,fill=INTERESTED,flush=IDLE}~>DecryptedEndPoint@33081695{l=/127.0.0.1:37555,r=/127.0.0.1:51384,OPEN,fill=FI,flush=-,to=41/30000}=>HttpConnection@9858cf6[p=HttpParser{s=START,0 of -1},g=HttpGenerator@280c3a11{s=START}]=>HttpChannelOverHttp@4b4164f7{s=HttpChannelState@58095f74{s=IDLE rs=BLOCKING os=OPEN is=IDLE awp=false se=false i=true al=0},r=0,c=false/false,a=IDLE,uri=null,age=0} 
02:33:25.813 [qtp399373008-57] DEBUG org.eclipse.jetty.io.ChannelEndPoint - onSelected 1->0 r=true w=false for SocketChannelEndPoint@2ca8e848{l=/127.0.0.1:37555,r=/127.0.0.1:51384,OPEN,fill=FI,flush=-,to=41/30000}{io=1/0,kio=1,kro=1}->SslConnection@5b433352{NEED_UNWRAP,eio=-1/-1,di=-1,fill=INTERESTED,flush=IDLE}~>DecryptedEndPoint@33081695{l=/127.0.0.1:37555,r=/127.0.0.1:51384,OPEN,fill=FI,flush=-,to=42/30000}=>HttpConnection@9858cf6[p=HttpParser{s=START,0 of -1},g=HttpGenerator@280c3a11{s=START}]=>HttpChannelOverHttp@4b4164f7{s=HttpChannelState@58095f74{s=IDLE rs=BLOCKING os=OPEN is=IDLE awp=false se=false i=true al=0},r=0,c=false/false,a=IDLE,uri=null,age=0}
02:33:25.813 [qtp399373008-57] DEBUG org.eclipse.jetty.io.ChannelEndPoint - task CEP:SocketChannelEndPoint@2ca8e848{l=/127.0.0.1:37555,r=/127.0.0.1:51384,OPEN,fill=FI,flush=-,to=41/30000}{io=1/0,kio=1,kro=1}->SslConnection@5b433352{NEED_UNWRAP,eio=-1/-1,di=-1,fill=INTERESTED,flush=IDLE}~>DecryptedEndPoint@33081695{l=/127.0.0.1:37555,r=/127.0.0.1:51384,OPEN,fill=FI,flush=-,to=42/30000}=>HttpConnection@9858cf6[p=HttpParser{s=START,0 of -1},g=HttpGenerator@280c3a11{s=START}]=>HttpChannelOverHttp@4b4164f7{s=HttpChannelState@58095f74{s=IDLE rs=BLOCKING os=OPEN is=IDLE awp=false se=false i=true al=0},r=0,c=false/false,a=IDLE,uri=null,age=0}:runFillable:BLOCKING
02:33:25.813 [qtp399373008-57] DEBUG org.eclipse.jetty.util.thread.ReservedThreadExecutor - ReservedThreadExecutor@424fd310{reserved=2/8,pending=0} tryExecute EatWhatYouKill@4e858e0a/SelectorProducer@435fb7b5/PRODUCING/p=false/QueuedThreadPool[qtp399373008]@17cdf2d0{STARTED,8<=8<=200,i=1,r=-1,q=0}[ReservedThreadExecutor@424fd310{reserved=2/8,pending=0}][pc=0,pic=0,pec=0,epc=2]@2024-05-02T02:33:25.813+01:00
02:33:25.813 [qtp399373008-56] DEBUG org.eclipse.jetty.util.thread.ReservedThreadExecutor - ReservedThread@21d8cb0a{RESERVED,thread=Thread[qtp399373008-56,5,main]} task=EatWhatYouKill@4e858e0a/SelectorProducer@435fb7b5/IDLE/p=true/QueuedThreadPool[qtp399373008]@17cdf2d0{STARTED,8<=8<=200,i=1,r=-1,q=0}[ReservedThreadExecutor@424fd310{reserved=1/8,pending=0}][pc=0,pic=0,pec=0,epc=2]@2024-05-02T02:33:25.813+01:00 ReservedThreadExecutor@424fd310{reserved=1/8,pending=0}
02:33:25.813 [qtp399373008-57] DEBUG org.eclipse.jetty.util.thread.strategy.EatWhatYouKill - EatWhatYouKill@4e858e0a/SelectorProducer@435fb7b5/IDLE/p=true/QueuedThreadPool[qtp399373008]@17cdf2d0{STARTED,8<=8<=200,i=1,r=-1,q=0}[ReservedThreadExecutor@424fd310{reserved=1/8,pending=0}][pc=0,pic=0,pec=0,epc=2]@2024-05-02T02:33:25.813+01:00 m=EXECUTE_PRODUCE_CONSUME t=CEP:SocketChannelEndPoint@2ca8e848{l=/127.0.0.1:37555,r=/127.0.0.1:51384,OPEN,fill=FI,flush=-,to=42/30000}{io=1/0,kio=1,kro=1}->SslConnection@5b433352{NEED_UNWRAP,eio=-1/-1,di=-1,fill=INTERESTED,flush=IDLE}~>DecryptedEndPoint@33081695{l=/127.0.0.1:37555,r=/127.0.0.1:51384,OPEN,fill=FI,flush=-,to=42/30000}=>HttpConnection@9858cf6[p=HttpParser{s=START,0 of -1},g=HttpGenerator@280c3a11{s=START}]=>HttpChannelOverHttp@4b4164f7{s=HttpChannelState@58095f74{s=IDLE rs=BLOCKING os=OPEN is=IDLE awp=false se=false i=true al=0},r=0,c=false/false,a=IDLE,uri=null,age=0}:runFillable:BLOCKING/BLOCKING
02:33:25.813 [qtp399373008-56] DEBUG org.eclipse.jetty.util.thread.strategy.EatWhatYouKill - EatWhatYouKill@4e858e0a/SelectorProducer@435fb7b5/IDLE/p=true/QueuedThreadPool[qtp399373008]@17cdf2d0{STARTED,8<=8<=200,i=1,r=-1,q=0}[ReservedThreadExecutor@424fd310{reserved=1/8,pending=0}][pc=0,pic=0,pec=0,epc=2]@2024-05-02T02:33:25.813+01:00 tryProduce true
02:33:25.813 [qtp399373008-56] DEBUG org.eclipse.jetty.io.ManagedSelector - updateable 0
02:33:25.813 [qtp399373008-57] DEBUG org.eclipse.jetty.io.FillInterest - fillable FillInterest@5d87a3d1{SSLC.NBReadCB@5b433352{SslConnection@5b433352::SocketChannelEndPoint@2ca8e848{l=/127.0.0.1:37555,r=/127.0.0.1:51384,OPEN,fill=FI,flush=-,to=42/30000}{io=1/0,kio=1,kro=1}->SslConnection@5b433352{NEED_UNWRAP,eio=-1/-1,di=-1,fill=INTERESTED,flush=IDLE}~>DecryptedEndPoint@33081695{l=/127.0.0.1:37555,r=/127.0.0.1:51384,OPEN,fill=FI,flush=-,to=42/30000}=>HttpConnection@9858cf6[p=HttpParser{s=START,0 of -1},g=HttpGenerator@280c3a11{s=START}]=>HttpChannelOverHttp@4b4164f7{s=HttpChannelState@58095f74{s=IDLE rs=BLOCKING os=OPEN is=IDLE awp=false se=false i=true al=0},r=0,c=false/false,a=IDLE,uri=null,age=0}}}
02:33:25.813 [qtp399373008-56] DEBUG org.eclipse.jetty.io.ManagedSelector - updates 0
02:33:25.814 [qtp399373008-57] DEBUG org.eclipse.jetty.io.ssl.SslConnection - >c.onFillable SslConnection@5b433352::SocketChannelEndPoint@2ca8e848{l=/127.0.0.1:37555,r=/127.0.0.1:51384,OPEN,fill=-,flush=-,to=42/30000}{io=1/0,kio=1,kro=1}->SslConnection@5b433352{NEED_UNWRAP,eio=-1/-1,di=-1,fill=INTERESTED,flush=IDLE}~>DecryptedEndPoint@33081695{l=/127.0.0.1:37555,r=/127.0.0.1:51384,OPEN,fill=FI,flush=-,to=42/30000}=>HttpConnection@9858cf6[p=HttpParser{s=START,0 of -1},g=HttpGenerator@280c3a11{s=START}]=>HttpChannelOverHttp@4b4164f7{s=HttpChannelState@58095f74{s=IDLE rs=BLOCKING os=OPEN is=IDLE awp=false se=false i=true al=0},r=0,c=false/false,a=IDLE,uri=null,age=0}
02:33:25.814 [qtp399373008-56] DEBUG org.eclipse.jetty.io.ChannelEndPoint - Key interests updated 1 -> 0 on SocketChannelEndPoint@2ca8e848{l=/127.0.0.1:37555,r=/127.0.0.1:51384,OPEN,fill=-,flush=-,to=42/30000}{io=0/0,kio=0,kro=1}->SslConnection@5b433352{NEED_UNWRAP,eio=-1/-1,di=-1,fill=INTERESTED,flush=IDLE}~>DecryptedEndPoint@33081695{l=/127.0.0.1:37555,r=/127.0.0.1:51384,OPEN,fill=FI,flush=-,to=42/30000}=>HttpConnection@9858cf6[p=HttpParser{s=START,0 of -1},g=HttpGenerator@280c3a11{s=START}]=>HttpChannelOverHttp@4b4164f7{s=HttpChannelState@58095f74{s=IDLE rs=BLOCKING os=OPEN is=IDLE awp=false se=false i=true al=0},r=0,c=false/false,a=IDLE,uri=null,age=0}
02:33:25.814 [qtp399373008-56] DEBUG org.eclipse.jetty.io.ManagedSelector - Selector sun.nio.ch.EPollSelectorImpl@3dc4242d waiting with 1 keys
02:33:25.814 [qtp399373008-57] DEBUG org.eclipse.jetty.io.ssl.SslConnection - onFillable SslConnection@5b433352::SocketChannelEndPoint@2ca8e848{l=/127.0.0.1:37555,r=/127.0.0.1:51384,OPEN,fill=-,flush=-,to=42/30000}{io=0/0,kio=0,kro=1}->SslConnection@5b433352{NEED_UNWRAP,eio=-1/-1,di=-1,fill=INTERESTED,flush=IDLE}~>DecryptedEndPoint@33081695{l=/127.0.0.1:37555,r=/127.0.0.1:51384,OPEN,fill=FI,flush=-,to=42/30000}=>HttpConnection@9858cf6[p=HttpParser{s=START,0 of -1},g=HttpGenerator@280c3a11{s=START}]=>HttpChannelOverHttp@4b4164f7{s=HttpChannelState@58095f74{s=IDLE rs=BLOCKING os=OPEN is=IDLE awp=false se=false i=true al=0},r=0,c=false/false,a=IDLE,uri=null,age=0}
02:33:25.814 [qtp399373008-57] DEBUG org.eclipse.jetty.io.FillInterest - fillable FillInterest@dcbf1da{AC.ReadCB@9858cf6{HttpConnection@9858cf6::DecryptedEndPoint@33081695{l=/127.0.0.1:37555,r=/127.0.0.1:51384,OPEN,fill=FI,flush=-,to=42/30000}}}
02:33:25.814 [qtp399373008-57] DEBUG org.eclipse.jetty.server.HttpConnection - HttpConnection@9858cf6::DecryptedEndPoint@33081695{l=/127.0.0.1:37555,r=/127.0.0.1:51384,OPEN,fill=-,flush=-,to=42/30000} onFillable enter HttpChannelState@58095f74{s=IDLE rs=BLOCKING os=OPEN is=IDLE awp=false se=false i=true al=0} null
02:33:25.814 [qtp399373008-57] DEBUG org.eclipse.jetty.io.ssl.SslConnection - >fill SslConnection@5b433352::SocketChannelEndPoint@2ca8e848{l=/127.0.0.1:37555,r=/127.0.0.1:51384,OPEN,fill=-,flush=-,to=42/30000}{io=0/0,kio=0,kro=1}->SslConnection@5b433352{NEED_UNWRAP,eio=-1/-1,di=-1,fill=IDLE,flush=IDLE}~>DecryptedEndPoint@33081695{l=/127.0.0.1:37555,r=/127.0.0.1:51384,OPEN,fill=-,flush=-,to=43/30000}=>HttpConnection@9858cf6[p=HttpParser{s=START,0 of -1},g=HttpGenerator@280c3a11{s=START}]=>HttpChannelOverHttp@4b4164f7{s=HttpChannelState@58095f74{s=IDLE rs=BLOCKING os=OPEN is=IDLE awp=false se=false i=true al=0},r=0,c=false/false,a=IDLE,uri=null,age=0}
02:33:25.814 [qtp399373008-57] DEBUG org.eclipse.jetty.io.ssl.SslConnection - fill NEED_UNWRAP
02:33:25.814 [qtp399373008-57] DEBUG org.eclipse.jetty.io.ChannelEndPoint - filled 1518 HeapByteBuffer@d26bd[p=0,l=1518,c=17408,r=1518]={<<<\x17\x03\x03\x03\xAd\x88\xE3\xC0\x9e"FH\xDc\xBa\x14\xFa\xD8\x89a@$].\x81\x04...1\x84EgQ\x94c\xC3\xB1&*\xFc\x19q\xEd\xC9\x00\xDe\x9b\x93K\xD1\t>>>\x00\x00\x00\x00\x00\x00\x00\x00\x00...\x00\x00\x00\x00\x00\x00\x00}
02:33:25.814 [qtp399373008-57] DEBUG org.eclipse.jetty.io.ssl.SslConnection - net filled=1518
02:33:25.814 [qtp399373008-57] DEBUG org.eclipse.jetty.io.ssl.SslConnection - unwrap net_filled=1518 Status = OK HandshakeStatus = NEED_TASK bytesConsumed = 946 bytesProduced = 0 encryptedBuffer=[p=946,l=1518,c=17408,r=572] unwrapBuffer=HeapByteBuffer@ecac914[p=0,l=0,c=17408,r=0]={<<<>>>\x14\x03\x03\x00\x01\x01\xC9\xC1\xFe...\x00\x00\x00\x00\x00\x00\x00} appBuffer=HeapByteBuffer@ecac914[p=0,l=0,c=17408,r=0]={<<<>>>\x14\x03\x03\x00\x01\x01\xC9\xC1\xFe...\x00\x00\x00\x00\x00\x00\x00}
02:33:25.814 [qtp399373008-57] DEBUG org.eclipse.jetty.io.ssl.SslConnection - fill NEED_TASK
02:33:25.815 [qtp399373008-57] DEBUG org.eclipse.jetty.io.ssl.SslConnection - fill NEED_UNWRAP
02:33:25.815 [qtp399373008-57] DEBUG org.eclipse.jetty.io.ChannelEndPoint - filled 0 HeapByteBuffer@d26bd[p=946,l=1518,c=17408,r=572]={\x17\x03\x03\x03\xAd\x0b\x00\x03\x88...\xD3\x89\xA7:\x93\x04\xBa<<<\x17\x03\x03\x01)\xF2\x12\xEb\x1fsu\x9c\xBa\x99\xD7D\xC4B\xE7#\xDdH\xBe&\x9d...1\x84EgQ\x94c\xC3\xB1&*\xFc\x19q\xEd\xC9\x00\xDe\x9b\x93K\xD1\t>>>\x00\x00\x00\x00\x00\x00\x00\x00\x00...\x00\x00\x00\x00\x00\x00\x00}
02:33:25.815 [qtp399373008-57] DEBUG org.eclipse.jetty.io.ssl.SslConnection - net filled=0
02:33:25.815 [qtp399373008-57] DEBUG org.eclipse.jetty.io.ssl.SslConnection - unwrap net_filled=0 Status = OK HandshakeStatus = NEED_TASK bytesConsumed = 302 bytesProduced = 0 encryptedBuffer=[p=1248,l=1518,c=17408,r=270] unwrapBuffer=HeapByteBuffer@ecac914[p=0,l=0,c=17408,r=0]={<<<>>>\x14\x03\x03\x00\x01\x01\xC9\xC1\xFe...\x00\x00\x00\x00\x00\x00\x00} appBuffer=HeapByteBuffer@ecac914[p=0,l=0,c=17408,r=0]={<<<>>>\x14\x03\x03\x00\x01\x01\xC9\xC1\xFe...\x00\x00\x00\x00\x00\x00\x00}
02:33:25.815 [qtp399373008-57] DEBUG org.eclipse.jetty.io.ssl.SslConnection - fill NEED_TASK
02:33:25.815 [qtp399373008-57] DEBUG org.eclipse.jetty.io.ssl.SslConnection - fill NEED_UNWRAP
02:33:25.815 [qtp399373008-57] DEBUG org.eclipse.jetty.io.ChannelEndPoint - filled 0 HeapByteBuffer@d26bd[p=1248,l=1518,c=17408,r=270]={\x17\x03\x03\x03\xAd\x0b\x00\x03\x88...P\xD8 \xB7\xF2~2<<<\x17\x03\x03\x00U\xDc9IE\xF0\xAd\x84P\xF02<\xD7m-c,\xF1<\xBb\x8b...1\x84EgQ\x94c\xC3\xB1&*\xFc\x19q\xEd\xC9\x00\xDe\x9b\x93K\xD1\t>>>\x00\x00\x00\x00\x00\x00\x00\x00\x00...\x00\x00\x00\x00\x00\x00\x00}
02:33:25.815 [qtp399373008-57] DEBUG org.eclipse.jetty.io.ssl.SslConnection - net filled=0
02:33:25.816 [qtp399373008-57] DEBUG org.eclipse.jetty.io.ssl.SslConnection - unwrap net_filled=0 Status = OK HandshakeStatus = NEED_WRAP bytesConsumed = 90 bytesProduced = 0 encryptedBuffer=[p=1338,l=1518,c=17408,r=180] unwrapBuffer=HeapByteBuffer@ecac914[p=0,l=0,c=17408,r=0]={<<<>>>\x14\x03\x03\x00\x01\x01\xC9\xC1\xFe...\x00\x00\x00\x00\x00\x00\x00} appBuffer=HeapByteBuffer@ecac914[p=0,l=0,c=17408,r=0]={<<<>>>\x14\x03\x03\x00\x01\x01\xC9\xC1\xFe...\x00\x00\x00\x00\x00\x00\x00}
02:33:25.816 [qtp399373008-57] DEBUG org.eclipse.jetty.io.ssl.SslConnection - fill NEED_WRAP
02:33:25.816 [qtp399373008-57] DEBUG org.eclipse.jetty.io.ssl.SslConnection - >flush SslConnection@5b433352::SocketChannelEndPoint@2ca8e848{l=/127.0.0.1:37555,r=/127.0.0.1:51384,OPEN,fill=-,flush=-,to=2/30000}{io=0/0,kio=0,kro=1}->SslConnection@5b433352{NEED_WRAP,eio=180/-1,di=-1,fill=IDLE,flush=IDLE}~>DecryptedEndPoint@33081695{l=/127.0.0.1:37555,r=/127.0.0.1:51384,OPEN,fill=-,flush=-,to=45/30000}=>HttpConnection@9858cf6[p=HttpParser{s=START,0 of -1},g=HttpGenerator@280c3a11{s=START}]=>HttpChannelOverHttp@4b4164f7{s=HttpChannelState@58095f74{s=IDLE rs=BLOCKING os=OPEN is=IDLE awp=false se=false i=true al=0},r=0,c=false/false,a=IDLE,uri=null,age=0}
02:33:25.816 [qtp399373008-57] DEBUG org.eclipse.jetty.io.ssl.SslConnection - flush b[0]=HeapByteBuffer@98da274[p=0,l=0,c=0,r=0]={<<<>>>}
02:33:25.816 [qtp399373008-57] DEBUG org.eclipse.jetty.io.ssl.SslConnection - flush NEED_WRAP
02:33:25.816 [qtp399373008-57] DEBUG org.eclipse.jetty.io.ssl.SslConnection - wrap Status = OK HandshakeStatus = FINISHED bytesConsumed = 0 bytesProduced = 88 [p=0,l=88,c=17408,r=88] ioDone=false/false
02:33:25.817 [qtp399373008-57] DEBUG org.eclipse.jetty.io.ChannelEndPoint - flushed 88 SocketChannelEndPoint@2ca8e848{l=/127.0.0.1:37555,r=/127.0.0.1:51384,OPEN,fill=-,flush=-,to=2/30000}{io=0/0,kio=0,kro=1}->SslConnection@5b433352{NOT_HANDSHAKING,eio=180/0,di=-1,fill=IDLE,flush=IDLE}~>DecryptedEndPoint@33081695{l=/127.0.0.1:37555,r=/127.0.0.1:51384,OPEN,fill=-,flush=-,to=45/30000}=>HttpConnection@9858cf6[p=HttpParser{s=START,0 of -1},g=HttpGenerator@280c3a11{s=START}]=>HttpChannelOverHttp@4b4164f7{s=HttpChannelState@58095f74{s=IDLE rs=BLOCKING os=OPEN is=IDLE awp=false se=false i=true al=0},r=0,c=false/false,a=IDLE,uri=null,age=0}
02:33:25.817 [qtp399373008-57] DEBUG org.eclipse.jetty.io.ssl.SslConnection - net flushed=true, ac=true
02:33:25.817 [qtp399373008-57] DEBUG org.eclipse.jetty.io.ssl.SslConnection - handshake succeeded SslConnection@5b433352::SocketChannelEndPoint@2ca8e848{l=/127.0.0.1:37555,r=/127.0.0.1:51384,OPEN,fill=-,flush=-,to=0/30000}{io=0/0,kio=0,kro=1}->SslConnection@5b433352{NOT_HANDSHAKING,eio=180/0,di=-1,fill=IDLE,flush=IDLE}~>DecryptedEndPoint@33081695{l=/127.0.0.1:37555,r=/127.0.0.1:51384,OPEN,fill=-,flush=-,to=45/30000}=>HttpConnection@9858cf6[p=HttpParser{s=START,0 of -1},g=HttpGenerator@280c3a11{s=START}]=>HttpChannelOverHttp@4b4164f7{s=HttpChannelState@58095f74{s=IDLE rs=BLOCKING os=OPEN is=IDLE awp=false se=false i=true al=0},r=0,c=false/false,a=IDLE,uri=null,age=0} resumed server TLSv1.3/TLS_AES_256_GCM_SHA384
02:33:25.817 [qtp399373008-57] DEBUG org.eclipse.jetty.io.ssl.SslConnection - <flush true SslConnection@5b433352::SocketChannelEndPoint@2ca8e848{l=/127.0.0.1:37555,r=/127.0.0.1:51384,OPEN,fill=-,flush=-,to=0/30000}{io=0/0,kio=0,kro=1}->SslConnection@5b433352{NOT_HANDSHAKING,eio=180/-1,di=-1,fill=IDLE,flush=IDLE}~>DecryptedEndPoint@33081695{l=/127.0.0.1:37555,r=/127.0.0.1:51384,OPEN,fill=-,flush=-,to=45/30000}=>HttpConnection@9858cf6[p=HttpParser{s=START,0 of -1},g=HttpGenerator@280c3a11{s=START}]=>HttpChannelOverHttp@4b4164f7{s=HttpChannelState@58095f74{s=IDLE rs=BLOCKING os=OPEN is=IDLE awp=false se=false i=true al=0},r=0,c=false/false,a=IDLE,uri=null,age=0}
02:33:25.817 [qtp399373008-57] DEBUG org.eclipse.jetty.io.ssl.SslConnection - fill NOT_HANDSHAKING
02:33:25.817 [qtp399373008-57] DEBUG org.eclipse.jetty.io.ChannelEndPoint - filled 0 HeapByteBuffer@d26bd[p=1338,l=1518,c=17408,r=180]={\x17\x03\x03\x03\xAd\x0b\x00\x03\x88...\xF4T\x8ba\xF5}\xFe<<<\x17\x03\x03\x00\xAf\x9a,\xB5%\xAe\xA3\xF9\x10\xC9\x9b\xB0\xB5\x81\x08\x83\x90[\xE1\xB3\xA0...1\x84EgQ\x94c\xC3\xB1&*\xFc\x19q\xEd\xC9\x00\xDe\x9b\x93K\xD1\t>>>\x00\x00\x00\x00\x00\x00\x00\x00\x00...\x00\x00\x00\x00\x00\x00\x00}
02:33:25.817 [qtp399373008-57] DEBUG org.eclipse.jetty.io.ssl.SslConnection - net filled=0
02:33:25.817 [qtp399373008-57] DEBUG org.eclipse.jetty.io.ssl.SslConnection - unwrap net_filled=0 Status = OK HandshakeStatus = NOT_HANDSHAKING bytesConsumed = 180 bytesProduced = 142 encryptedBuffer=[p=1518,l=1518,c=17408,r=0] unwrapBuffer=HeapByteBuffer@ecac914[p=0,l=142,c=17408,r=142]={<<<GET /config.yml HTTP/1.1\r...gent: okhttp/3.12.3\r\n\r\n>>>\xFe\xD4\xB9\xE9\xBe\xA0=cp...\x00\x00\x00\x00\x00\x00\x00} appBuffer=HeapByteBuffer@ecac914[p=0,l=142,c=17408,r=142]={<<<GET /config.yml HTTP/1.1\r...gent: okhttp/3.12.3\r\n\r\n>>>\xFe\xD4\xB9\xE9\xBe\xA0=cp...\x00\x00\x00\x00\x00\x00\x00}
02:33:25.817 [qtp399373008-57] DEBUG org.eclipse.jetty.io.ssl.SslConnection - <fill f=142 uf=false SslConnection@5b433352::SocketChannelEndPoint@2ca8e848{l=/127.0.0.1:37555,r=/127.0.0.1:51384,OPEN,fill=-,flush=-,to=0/30000}{io=0/0,kio=0,kro=1}->SslConnection@5b433352{NOT_HANDSHAKING,eio=-1/-1,di=-1,fill=IDLE,flush=IDLE}~>DecryptedEndPoint@33081695{l=/127.0.0.1:37555,r=/127.0.0.1:51384,OPEN,fill=-,flush=-,to=46/30000}=>HttpConnection@9858cf6[p=HttpParser{s=START,0 of -1},g=HttpGenerator@280c3a11{s=START}]=>HttpChannelOverHttp@4b4164f7{s=HttpChannelState@58095f74{s=IDLE rs=BLOCKING os=OPEN is=IDLE awp=false se=false i=true al=0},r=0,c=false/false,a=IDLE,uri=null,age=0}
02:33:25.817 [qtp399373008-57] DEBUG org.eclipse.jetty.server.HttpConnection - HttpConnection@9858cf6::DecryptedEndPoint@33081695{l=/127.0.0.1:37555,r=/127.0.0.1:51384,OPEN,fill=-,flush=-,to=46/30000} filled 142 HeapByteBuffer@ecac914[p=0,l=142,c=17408,r=142]={<<<GET /config.yml HTTP/1.1\r...gent: okhttp/3.12.3\r\n\r\n>>>\xFe\xD4\xB9\xE9\xBe\xA0=cp...\x00\x00\x00\x00\x00\x00\x00}
02:33:25.817 [qtp399373008-57] DEBUG org.eclipse.jetty.server.HttpConnection - HttpConnection@9858cf6::DecryptedEndPoint@33081695{l=/127.0.0.1:37555,r=/127.0.0.1:51384,OPEN,fill=-,flush=-,to=46/30000} parse HeapByteBuffer@ecac914[p=0,l=142,c=17408,r=142]={<<<GET /config.yml HTTP/1.1\r...gent: okhttp/3.12.3\r\n\r\n>>>\xFe\xD4\xB9\xE9\xBe\xA0=cp...\x00\x00\x00\x00\x00\x00\x00} {}
02:33:25.817 [qtp399373008-57] DEBUG org.eclipse.jetty.http.HttpParser - parseNext s=START HeapByteBuffer@ecac914[p=0,l=142,c=17408,r=142]={<<<GET /config.yml HTTP/1.1\r...gent: okhttp/3.12.3\r\n\r\n>>>\xFe\xD4\xB9\xE9\xBe\xA0=cp...\x00\x00\x00\x00\x00\x00\x00}
02:33:25.817 [qtp399373008-57] DEBUG org.eclipse.jetty.http.HttpParser - START --> SPACE1
02:33:25.817 [qtp399373008-57] DEBUG org.eclipse.jetty.http.HttpParser - SPACE1 --> URI
02:33:25.817 [qtp399373008-57] DEBUG org.eclipse.jetty.http.HttpParser - URI --> SPACE2
02:33:25.817 [qtp399373008-57] DEBUG org.eclipse.jetty.http.HttpParser - SPACE2 --> REQUEST_VERSION
02:33:25.817 [qtp399373008-57] DEBUG org.eclipse.jetty.http.HttpParser - REQUEST_VERSION --> HEADER
02:33:25.817 [qtp399373008-57] DEBUG org.eclipse.jetty.http.HttpParser - HEADER:If-None-Match --> VALUE
02:33:25.817 [qtp399373008-57] DEBUG org.eclipse.jetty.http.HttpParser - HEADER:If-None-Match --> FIELD
02:33:25.817 [qtp399373008-57] DEBUG org.eclipse.jetty.http.HttpParser - HEADER:Host --> VALUE
02:33:25.817 [qtp399373008-57] DEBUG org.eclipse.jetty.http.HttpParser - HEADER:Host --> IN_VALUE
02:33:25.817 [qtp399373008-57] DEBUG org.eclipse.jetty.http.HttpParser - HEADER:Host --> FIELD
02:33:25.817 [qtp399373008-57] DEBUG org.eclipse.jetty.http.HttpParser - HEADER:Connection: keep-alive --> IN_VALUE
02:33:25.817 [qtp399373008-57] DEBUG org.eclipse.jetty.http.HttpParser - HEADER:Connection: keep-alive --> FIELD
02:33:25.817 [qtp399373008-57] DEBUG org.eclipse.jetty.http.HttpParser - HEADER:Accept-Encoding: gzip --> IN_VALUE
02:33:25.817 [qtp399373008-57] DEBUG org.eclipse.jetty.http.HttpParser - HEADER:Accept-Encoding: gzip --> FIELD
02:33:25.817 [qtp399373008-57] DEBUG org.eclipse.jetty.http.HttpParser - HEADER:User-Agent --> VALUE
02:33:25.817 [qtp399373008-57] DEBUG org.eclipse.jetty.http.HttpParser - HEADER:User-Agent --> IN_VALUE
02:33:25.817 [qtp399373008-57] DEBUG org.eclipse.jetty.http.HttpParser - HEADER:User-Agent --> FIELD
02:33:25.817 [qtp399373008-57] DEBUG org.eclipse.jetty.http.HttpParser - HEADER --> CONTENT
02:33:25.818 [qtp399373008-57] DEBUG org.eclipse.jetty.server.HttpChannel - REQUEST for //localhost:37555/config.yml on HttpChannelOverHttp@4b4164f7{s=HttpChannelState@58095f74{s=IDLE rs=BLOCKING os=OPEN is=IDLE awp=false se=false i=true al=0},r=1,c=false/false,a=IDLE,uri=//localhost:37555/config.yml,age=0}
GET //localhost:37555/config.yml HTTP/1.1
If-None-Match: 
Host: localhost:37555
Connection: keep-alive
Accept-Encoding: gzip
User-Agent: okhttp/3.12.3


02:33:25.818 [qtp399373008-57] DEBUG org.eclipse.jetty.server.HttpConnection - HttpConnection@9858cf6::DecryptedEndPoint@33081695{l=/127.0.0.1:37555,r=/127.0.0.1:51384,OPEN,fill=-,flush=-,to=46/30000} parsed true HttpParser{s=CONTENT,0 of -1}
02:33:25.818 [qtp399373008-57] DEBUG org.eclipse.jetty.server.HttpConnection - releaseRequestBuffer HttpConnection@9858cf6::DecryptedEndPoint@33081695{l=/127.0.0.1:37555,r=/127.0.0.1:51384,OPEN,fill=-,flush=-,to=46/30000}
02:33:25.818 [qtp399373008-57] DEBUG org.eclipse.jetty.server.HttpChannel - handle //localhost:37555/config.yml HttpChannelOverHttp@4b4164f7{s=HttpChannelState@58095f74{s=IDLE rs=BLOCKING os=OPEN is=IDLE awp=false se=false i=true al=0},r=1,c=false/false,a=IDLE,uri=//localhost:37555/config.yml,age=0} 
02:33:25.818 [qtp399373008-57] DEBUG org.eclipse.jetty.server.HttpChannelState - handling HttpChannelState@58095f74{s=IDLE rs=BLOCKING os=OPEN is=IDLE awp=false se=false i=true al=0}
02:33:25.818 [qtp399373008-57] DEBUG org.eclipse.jetty.server.HttpChannel - action DISPATCH HttpChannelOverHttp@4b4164f7{s=HttpChannelState@58095f74{s=HANDLING rs=BLOCKING os=OPEN is=IDLE awp=false se=false i=true al=0},r=1,c=false/false,a=HANDLING,uri=//localhost:37555/config.yml,age=0}
02:33:25.818 [qtp399373008-57] DEBUG org.eclipse.jetty.server.SecureRequestCustomizer - Host localhost with SNI null
02:33:25.818 [qtp399373008-57] DEBUG org.eclipse.jetty.server.Server - REQUEST GET /config.yml on HttpChannelOverHttp@4b4164f7{s=HttpChannelState@58095f74{s=HANDLING rs=BLOCKING os=OPEN is=IDLE awp=false se=false i=true al=0},r=1,c=false/false,a=HANDLING,uri=https://localhost:37555/config.yml,age=0}
02:33:25.818 [qtp399373008-57] DEBUG org.eclipse.jetty.server.HttpOutput - write(array HeapByteBuffer@302875f2[p=0,l=4,c=512,r=4]={<<<path>>>\x00\x00\x00\x00\x00\x00\x00\x00\x00...\x00\x00\x00\x00\x00\x00\x00})
02:33:25.818 [qtp399373008-57] DEBUG org.eclipse.jetty.server.HttpOutput - write(array) s=CLOSING,api=BLOCKED,sc=false,e=null last=true agg=false flush=true async=false, len=4 null
02:33:25.818 [qtp399373008-57] DEBUG org.eclipse.jetty.server.HttpChannel - sendResponse info=null content=HeapByteBuffer@46383e8f[p=0,l=4,c=512,r=4]={<<<path>>>\x00\x00\x00\x00\x00\x00\x00\x00\x00...\x00\x00\x00\x00\x00\x00\x00} complete=true committing=true callback=Blocker@5f9e2f97{null}
02:33:25.818 [qtp399373008-57] DEBUG org.eclipse.jetty.server.HttpChannel - COMMIT for /config.yml on HttpChannelOverHttp@4b4164f7{s=HttpChannelState@58095f74{s=HANDLING rs=BLOCKING os=COMMITTED is=IDLE awp=false se=false i=true al=0},r=1,c=false/false,a=HANDLING,uri=https://localhost:37555/config.yml,age=0}
200 null HTTP/1.1
Date: Thu, 02 May 2024 01:33:25 GMT
ETag: testEtag
Content-Type: text/plain;charset=utf-8
Content-Length: 4


02:33:25.818 [qtp399373008-57] DEBUG org.eclipse.jetty.server.HttpConnection - generate: NEED_HEADER for SendCallback@7ea04adc[PROCESSING][i=HTTP/1.1{s=200,h=4,cl=4},cb=org.eclipse.jetty.server.HttpChannel$SendCallback@dd4371f] (null,[p=0,l=4,c=512,r=4],true)@START
02:33:25.818 [qtp399373008-57] DEBUG org.eclipse.jetty.http.HttpGenerator - generateHeaders HTTP/1.1{s=200,h=4,cl=4} last=true content=HeapByteBuffer@46383e8f[p=0,l=4,c=512,r=4]={<<<path>>>\x00\x00\x00\x00\x00\x00\x00\x00\x00...\x00\x00\x00\x00\x00\x00\x00}
02:33:25.818 [qtp399373008-57] DEBUG org.eclipse.jetty.http.HttpGenerator - Date: Thu, 02 May 2024 01:33:25 GMT
ETag: testEtag
Content-Type: text/plain;charset=utf-8
Content-Length: 4


02:33:25.818 [qtp399373008-57] DEBUG org.eclipse.jetty.http.HttpGenerator - CONTENT_LENGTH
02:33:25.818 [qtp399373008-57] DEBUG org.eclipse.jetty.server.HttpConnection - generate: FLUSH for SendCallback@7ea04adc[PROCESSING][i=HTTP/1.1{s=200,h=4,cl=4},cb=org.eclipse.jetty.server.HttpChannel$SendCallback@dd4371f] ([p=0,l=164,c=8192,r=164],[p=0,l=4,c=512,r=4],true)@COMPLETING
02:33:25.818 [qtp399373008-57] DEBUG org.eclipse.jetty.io.WriteFlusher - write: WriteFlusher@a9fbc6c{IDLE}->null [HeapByteBuffer@235f32c0[p=0,l=164,c=8192,r=164]={<<<HTTP/1.1 200 OK\r\nDate: Th...y(9.4.44.v20210927)\r\n\r\n>>>\x00\x00\x00\x00\x00\x00\x00\x00\x00...\x00\x00\x00\x00\x00\x00\x00},HeapByteBuffer@46383e8f[p=0,l=4,c=512,r=4]={<<<path>>>\x00\x00\x00\x00\x00\x00\x00\x00\x00...\x00\x00\x00\x00\x00\x00\x00}]
02:33:25.818 [qtp399373008-57] DEBUG org.eclipse.jetty.io.WriteFlusher - update WriteFlusher@a9fbc6c{WRITING}->null:IDLE-->WRITING
02:33:25.818 [qtp399373008-57] DEBUG org.eclipse.jetty.io.ssl.SslConnection - >flush SslConnection@5b433352::SocketChannelEndPoint@2ca8e848{l=/127.0.0.1:37555,r=/127.0.0.1:51384,OPEN,fill=-,flush=-,to=1/30000}{io=0/0,kio=0,kro=1}->SslConnection@5b433352{NOT_HANDSHAKING,eio=-1/-1,di=-1,fill=IDLE,flush=IDLE}~>DecryptedEndPoint@33081695{l=/127.0.0.1:37555,r=/127.0.0.1:51384,OPEN,fill=-,flush=W,to=47/30000}=>HttpConnection@9858cf6[p=HttpParser{s=CONTENT,0 of -1},g=HttpGenerator@280c3a11{s=COMPLETING}]=>HttpChannelOverHttp@4b4164f7{s=HttpChannelState@58095f74{s=HANDLING rs=BLOCKING os=COMMITTED is=IDLE awp=false se=false i=true al=0},r=1,c=false/false,a=HANDLING,uri=https://localhost:37555/config.yml,age=0}
02:33:25.818 [qtp399373008-57] DEBUG org.eclipse.jetty.io.ssl.SslConnection - flush b[0]=HeapByteBuffer@235f32c0[p=0,l=164,c=8192,r=164]={<<<HTTP/1.1 200 OK\r\nDate: Th...y(9.4.44.v20210927)\r\n\r\n>>>\x00\x00\x00\x00\x00\x00\x00\x00\x00...\x00\x00\x00\x00\x00\x00\x00}
02:33:25.818 [qtp399373008-57] DEBUG org.eclipse.jetty.io.ssl.SslConnection - flush b[1]=HeapByteBuffer@46383e8f[p=0,l=4,c=512,r=4]={<<<path>>>\x00\x00\x00\x00\x00\x00\x00\x00\x00...\x00\x00\x00\x00\x00\x00\x00}
02:33:25.818 [qtp399373008-57] DEBUG org.eclipse.jetty.io.ssl.SslConnection - flush NOT_HANDSHAKING
02:33:25.818 [qtp399373008-57] DEBUG org.eclipse.jetty.io.ssl.SslConnection - wrap Status = OK HandshakeStatus = NOT_HANDSHAKING bytesConsumed = 168 bytesProduced = 206 [p=0,l=206,c=17408,r=206] ioDone=false/false
02:33:25.819 [qtp399373008-57] DEBUG org.eclipse.jetty.io.ChannelEndPoint - flushed 206 SocketChannelEndPoint@2ca8e848{l=/127.0.0.1:37555,r=/127.0.0.1:51384,OPEN,fill=-,flush=-,to=1/30000}{io=0/0,kio=0,kro=1}->SslConnection@5b433352{NOT_HANDSHAKING,eio=-1/0,di=-1,fill=IDLE,flush=IDLE}~>DecryptedEndPoint@33081695{l=/127.0.0.1:37555,r=/127.0.0.1:51384,OPEN,fill=-,flush=W,to=47/30000}=>HttpConnection@9858cf6[p=HttpParser{s=CONTENT,0 of -1},g=HttpGenerator@280c3a11{s=COMPLETING}]=>HttpChannelOverHttp@4b4164f7{s=HttpChannelState@58095f74{s=HANDLING rs=BLOCKING os=COMMITTED is=IDLE awp=false se=false i=true al=0},r=1,c=false/false,a=HANDLING,uri=https://localhost:37555/config.yml,age=1}
02:33:25.819 [qtp399373008-57] DEBUG org.eclipse.jetty.io.ssl.SslConnection - net flushed=true, ac=true
02:33:25.819 [qtp399373008-57] DEBUG org.eclipse.jetty.io.ssl.SslConnection - <flush true SslConnection@5b433352::SocketChannelEndPoint@2ca8e848{l=/127.0.0.1:37555,r=/127.0.0.1:51384,OPEN,fill=-,flush=-,to=0/30000}{io=0/0,kio=0,kro=1}->SslConnection@5b433352{NOT_HANDSHAKING,eio=-1/-1,di=-1,fill=IDLE,flush=IDLE}~>DecryptedEndPoint@33081695{l=/127.0.0.1:37555,r=/127.0.0.1:51384,OPEN,fill=-,flush=W,to=47/30000}=>HttpConnection@9858cf6[p=HttpParser{s=CONTENT,0 of -1},g=HttpGenerator@280c3a11{s=COMPLETING}]=>HttpChannelOverHttp@4b4164f7{s=HttpChannelState@58095f74{s=HANDLING rs=BLOCKING os=COMMITTED is=IDLE awp=false se=false i=true al=0},r=1,c=false/false,a=HANDLING,uri=https://localhost:37555/config.yml,age=1}
02:33:25.819 [qtp399373008-57] DEBUG org.eclipse.jetty.io.WriteFlusher - Flushed=true written=168 remaining=0 WriteFlusher@a9fbc6c{WRITING}->null
02:33:25.819 [main] DEBUG org.apache.nifi.minifi.bootstrap.configuration.ingestors.PullHttpChangeIngestor - Response received: Response{protocol=http/1.1, code=200, message=OK, url=https://localhost:37555/config.yml}
02:33:25.819 [qtp399373008-57] DEBUG org.eclipse.jetty.io.WriteFlusher - update WriteFlusher@a9fbc6c{IDLE}->null:WRITING-->IDLE
02:33:25.819 [qtp399373008-57] DEBUG org.eclipse.jetty.server.HttpConnection - generate: DONE for SendCallback@7ea04adc[PROCESSING][i=HTTP/1.1{s=200,h=4,cl=4},cb=org.eclipse.jetty.server.HttpChannel$SendCallback@dd4371f] ([p=164,l=164,c=8192,r=0],[p=4,l=4,c=512,r=0],true)@END
02:33:25.819 [qtp399373008-57] DEBUG org.eclipse.jetty.server.HttpOutput - onWriteComplete(true,null) s=CLOSING,api=BLOCKED,sc=false,e=null->s=CLOSED,api=BLOCKING,sc=false,e=null c=null cb=null w=false
02:33:25.819 [qtp399373008-57] DEBUG org.eclipse.jetty.server.HttpOutput - close() s=CLOSED,api=BLOCKING,sc=false,e=null c=null b=null
02:33:25.819 [main] DEBUG org.apache.nifi.minifi.bootstrap.configuration.ingestors.PullHttpChangeIngestor - New change received, notifying listener
02:33:25.819 [qtp399373008-57] DEBUG org.eclipse.jetty.server.Server - handled=true async=false committed=true on HttpChannelOverHttp@4b4164f7{s=HttpChannelState@58095f74{s=HANDLING rs=BLOCKING os=COMPLETED is=IDLE awp=false se=false i=true al=0},r=1,c=false/true,a=HANDLING,uri=https://localhost:37555/config.yml,age=1}
02:33:25.819 [qtp399373008-57] DEBUG org.eclipse.jetty.server.HttpChannelState - unhandle HttpChannelState@58095f74{s=HANDLING rs=BLOCKING os=COMPLETED is=IDLE awp=false se=false i=true al=0}
02:33:25.819 [main] DEBUG org.apache.nifi.minifi.bootstrap.configuration.ingestors.PullHttpChangeIngestor - Listeners notified
02:33:25.819 [qtp399373008-57] DEBUG org.eclipse.jetty.server.HttpChannelState - nextAction(false) COMPLETE HttpChannelState@58095f74{s=HANDLING rs=COMPLETING os=COMPLETED is=IDLE awp=false se=false i=false al=0}
02:33:25.819 [qtp399373008-57] DEBUG org.eclipse.jetty.server.HttpChannel - action COMPLETE HttpChannelOverHttp@4b4164f7{s=HttpChannelState@58095f74{s=HANDLING rs=COMPLETING os=COMPLETED is=IDLE awp=false se=false i=false al=0},r=1,c=false/true,a=HANDLING,uri=https://localhost:37555/config.yml,age=1}
02:33:25.819 [qtp399373008-57] DEBUG org.eclipse.jetty.server.HttpOutput - complete(org.eclipse.jetty.util.Callback$3@2453d83f) s=CLOSED,api=BLOCKING,sc=false,e=null s=true e=null, c=null
02:33:25.819 [qtp399373008-57] DEBUG org.eclipse.jetty.server.HttpChannelState - completed HttpChannelState@58095f74{s=HANDLING rs=COMPLETING os=COMPLETED is=IDLE awp=false se=false i=false al=0}
02:33:25.819 [qtp399373008-57] DEBUG org.eclipse.jetty.server.HttpChannelState - unhandle HttpChannelState@58095f74{s=HANDLING rs=COMPLETED os=COMPLETED is=IDLE awp=false se=false i=false al=0}
02:33:25.819 [main] DEBUG org.apache.nifi.minifi.bootstrap.configuration.ingestors.PullHttpChangeIngestor - Attempting to pull new config
02:33:25.819 [qtp399373008-57] DEBUG org.eclipse.jetty.server.HttpChannelState - nextAction(false) TERMINATED HttpChannelState@58095f74{s=IDLE rs=COMPLETED os=COMPLETED is=IDLE awp=false se=false i=false al=0}
02:33:25.819 [qtp399373008-57] DEBUG org.eclipse.jetty.server.HttpChannel - action TERMINATED HttpChannelOverHttp@4b4164f7{s=HttpChannelState@58095f74{s=IDLE rs=COMPLETED os=COMPLETED is=IDLE awp=false se=false i=false al=0},r=1,c=true/true,a=IDLE,uri=https://localhost:37555/config.yml,age=1}
02:33:25.819 [qtp399373008-57] DEBUG org.eclipse.jetty.server.HttpChannel - onCompleted for /config.yml written=4
02:33:25.819 [qtp399373008-57] DEBUG org.eclipse.jetty.io.ssl.SslConnection - >fill SslConnection@5b433352::SocketChannelEndPoint@2ca8e848{l=/127.0.0.1:37555,r=/127.0.0.1:51384,OPEN,fill=-,flush=-,to=0/30000}{io=0/0,kio=0,kro=1}->SslConnection@5b433352{NOT_HANDSHAKING,eio=-1/-1,di=-1,fill=IDLE,flush=IDLE}~>DecryptedEndPoint@33081695{l=/127.0.0.1:37555,r=/127.0.0.1:51384,OPEN,fill=-,flush=-,to=48/30000}=>HttpConnection@9858cf6[p=HttpParser{s=CONTENT,0 of -1},g=HttpGenerator@280c3a11{s=END}]=>HttpChannelOverHttp@4b4164f7{s=HttpChannelState@58095f74{s=IDLE rs=COMPLETED os=COMPLETED is=IDLE awp=false se=false i=false al=0},r=1,c=true/true,a=IDLE,uri=https://localhost:37555/config.yml,age=1}
02:33:25.819 [qtp399373008-57] DEBUG org.eclipse.jetty.io.ssl.SslConnection - fill NOT_HANDSHAKING
02:33:25.819 [qtp399373008-57] DEBUG org.eclipse.jetty.io.ChannelEndPoint - filled 0 HeapByteBuffer@ecac914[p=0,l=0,c=17408,r=0]={<<<>>>GET /conf...\x00\x00\x00\x00\x00\x00\x00}
02:33:25.819 [qtp399373008-57] DEBUG org.eclipse.jetty.io.ssl.SslConnection - net filled=0
02:33:25.819 [qtp399373008-57] DEBUG org.eclipse.jetty.io.ssl.SslConnection - unwrap net_filled=0 Status = BUFFER_UNDERFLOW HandshakeStatus = NOT_HANDSHAKING bytesConsumed = 0 bytesProduced = 0 encryptedBuffer=[p=0,l=0,c=17408,r=0] unwrapBuffer=HeapByteBuffer@d26bd[p=0,l=0,c=17408,r=0]={<<<>>>\x17\x03\x03\x03\xAd\x0b\x00\x03\x88...\x00\x00\x00\x00\x00\x00\x00} appBuffer=HeapByteBuffer@d26bd[p=0,l=0,c=17408,r=0]={<<<>>>\x17\x03\x03\x03\xAd\x0b\x00\x03\x88...\x00\x00\x00\x00\x00\x00\x00}
02:33:25.819 [qtp399373008-57] DEBUG org.eclipse.jetty.io.ssl.SslConnection - <fill f=0 uf=true SslConnection@5b433352::SocketChannelEndPoint@2ca8e848{l=/127.0.0.1:37555,r=/127.0.0.1:51384,OPEN,fill=-,flush=-,to=0/30000}{io=0/0,kio=0,kro=1}->SslConnection@5b433352{NOT_HANDSHAKING,eio=-1/-1,di=-1,fill=IDLE,flush=IDLE}~>DecryptedEndPoint@33081695{l=/127.0.0.1:37555,r=/127.0.0.1:51384,OPEN,fill=-,flush=-,to=48/30000}=>HttpConnection@9858cf6[p=HttpParser{s=CONTENT,0 of -1},g=HttpGenerator@280c3a11{s=END}]=>HttpChannelOverHttp@4b4164f7{s=HttpChannelState@58095f74{s=IDLE rs=COMPLETED os=COMPLETED is=IDLE awp=false se=false i=false al=0},r=1,c=true/true,a=IDLE,uri=https://localhost:37555/config.yml,age=1}
02:33:25.819 [qtp399373008-57] DEBUG org.eclipse.jetty.io.ssl.SslConnection - >fill SslConnection@5b433352::SocketChannelEndPoint@2ca8e848{l=/127.0.0.1:37555,r=/127.0.0.1:51384,OPEN,fill=-,flush=-,to=0/30000}{io=0/0,kio=0,kro=1}->SslConnection@5b433352{NOT_HANDSHAKING,eio=-1/-1,di=-1,fill=IDLE,flush=IDLE}~>DecryptedEndPoint@33081695{l=/127.0.0.1:37555,r=/127.0.0.1:51384,OPEN,fill=-,flush=-,to=48/30000}=>HttpConnection@9858cf6[p=HttpParser{s=CONTENT,0 of -1},g=HttpGenerator@280c3a11{s=END}]=>HttpChannelOverHttp@4b4164f7{s=HttpChannelState@58095f74{s=IDLE rs=COMPLETED os=COMPLETED is=IDLE awp=false se=false i=false al=0},r=1,c=true/true,a=IDLE,uri=https://localhost:37555/config.yml,age=1}
02:33:25.819 [qtp399373008-57] DEBUG org.eclipse.jetty.io.ssl.SslConnection - fill NOT_HANDSHAKING
02:33:25.820 [qtp399373008-57] DEBUG org.eclipse.jetty.io.ChannelEndPoint - filled 190 HeapByteBuffer@196acfdd[p=0,l=190,c=17408,r=190]={<<<\x17\x03\x03\x00\xB9\xB5\x16\xE8\x07e\x92\x10\xB5[\xA3k&\xCb\xB9R\n\x8b\x92{Z...\x0enS\xCe?\x14z\xB5\x92\xB5\x11g\xC3\xBe\xF73\x06\xDd\xEco\xA8\x95\x07>>>\xEb\x10/\x16\xD3\xE4\xE0\xE7m...\x00\x00\x00\x00\x00\x00\x00}
02:33:25.820 [qtp399373008-57] DEBUG org.eclipse.jetty.io.ssl.SslConnection - net filled=190
02:33:25.820 [qtp399373008-57] DEBUG org.eclipse.jetty.io.ssl.SslConnection - unwrap net_filled=190 Status = OK HandshakeStatus = NOT_HANDSHAKING bytesConsumed = 190 bytesProduced = 152 encryptedBuffer=[p=190,l=190,c=17408,r=0] unwrapBuffer=HeapByteBuffer@d26bd[p=0,l=152,c=17408,r=152]={<<<GET /config.yml HTTP/1.1\r...gent: okhttp/3.12.3\r\n\r\n>>>ocalhost0...\x00\x00\x00\x00\x00\x00\x00} appBuffer=HeapByteBuffer@d26bd[p=0,l=152,c=17408,r=152]={<<<GET /config.yml HTTP/1.1\r...gent: okhttp/3.12.3\r\n\r\n>>>ocalhost0...\x00\x00\x00\x00\x00\x00\x00}
02:33:25.820 [qtp399373008-57] DEBUG org.eclipse.jetty.io.ssl.SslConnection - <fill f=152 uf=false SslConnection@5b433352::SocketChannelEndPoint@2ca8e848{l=/127.0.0.1:37555,r=/127.0.0.1:51384,OPEN,fill=-,flush=-,to=0/30000}{io=0/0,kio=0,kro=1}->SslConnection@5b433352{NOT_HANDSHAKING,eio=-1/-1,di=-1,fill=IDLE,flush=IDLE}~>DecryptedEndPoint@33081695{l=/127.0.0.1:37555,r=/127.0.0.1:51384,OPEN,fill=-,flush=-,to=48/30000}=>HttpConnection@9858cf6[p=HttpParser{s=CONTENT,0 of -1},g=HttpGenerator@280c3a11{s=END}]=>HttpChannelOverHttp@4b4164f7{s=HttpChannelState@58095f74{s=IDLE rs=COMPLETED os=COMPLETED is=IDLE awp=false se=false i=false al=0},r=1,c=true/true,a=IDLE,uri=https://localhost:37555/config.yml,age=2}
02:33:25.820 [qtp399373008-57] DEBUG org.eclipse.jetty.server.HttpConnection - HttpConnection@9858cf6::DecryptedEndPoint@33081695{l=/127.0.0.1:37555,r=/127.0.0.1:51384,OPEN,fill=-,flush=-,to=48/30000} filled 152 HeapByteBuffer@d26bd[p=0,l=152,c=17408,r=152]={<<<GET /config.yml HTTP/1.1\r...gent: okhttp/3.12.3\r\n\r\n>>>ocalhost0...\x00\x00\x00\x00\x00\x00\x00}
02:33:25.820 [qtp399373008-57] DEBUG org.eclipse.jetty.server.HttpConnection - HttpConnection@9858cf6::DecryptedEndPoint@33081695{l=/127.0.0.1:37555,r=/127.0.0.1:51384,OPEN,fill=-,flush=-,to=48/30000} parse HeapByteBuffer@d26bd[p=0,l=152,c=17408,r=152]={<<<GET /config.yml HTTP/1.1\r...gent: okhttp/3.12.3\r\n\r\n>>>ocalhost0...\x00\x00\x00\x00\x00\x00\x00} {}
02:33:25.820 [qtp399373008-57] DEBUG org.eclipse.jetty.http.HttpParser - parseNext s=CONTENT HeapByteBuffer@d26bd[p=0,l=152,c=17408,r=152]={<<<GET /config.yml HTTP/1.1\r...gent: okhttp/3.12.3\r\n\r\n>>>ocalhost0...\x00\x00\x00\x00\x00\x00\x00}
02:33:25.820 [qtp399373008-57] DEBUG org.eclipse.jetty.http.HttpParser - CONTENT --> CONTENT_END
02:33:25.820 [qtp399373008-57] DEBUG org.eclipse.jetty.server.HttpChannel - onContentComplete HttpChannelOverHttp@4b4164f7{s=HttpChannelState@58095f74{s=IDLE rs=COMPLETED os=COMPLETED is=IDLE awp=false se=false i=false al=0},r=1,c=true/true,a=IDLE,uri=https://localhost:37555/config.yml,age=2}
02:33:25.820 [qtp399373008-57] DEBUG org.eclipse.jetty.http.HttpParser - CONTENT_END --> END
02:33:25.820 [qtp399373008-57] DEBUG org.eclipse.jetty.server.HttpChannel - onRequestComplete HttpChannelOverHttp@4b4164f7{s=HttpChannelState@58095f74{s=IDLE rs=COMPLETED os=COMPLETED is=IDLE awp=false se=false i=false al=0},r=1,c=true/true,a=IDLE,uri=https://localhost:37555/config.yml,age=2}
02:33:25.820 [qtp399373008-57] DEBUG org.eclipse.jetty.server.HttpInput - HttpInputOverHTTP@585990c3[c=0,q=0,[0]=null,s=STREAM] addContent EOF
02:33:25.820 [qtp399373008-57] DEBUG org.eclipse.jetty.server.HttpConnection - HttpConnection@9858cf6::DecryptedEndPoint@33081695{l=/127.0.0.1:37555,r=/127.0.0.1:51384,OPEN,fill=-,flush=-,to=49/30000} parsed false HttpParser{s=END,0 of -1}
02:33:25.820 [qtp399373008-57] DEBUG org.eclipse.jetty.server.HttpChannelState - recycle HttpChannelState@58095f74{s=IDLE rs=COMPLETED os=COMPLETED is=IDLE awp=false se=false i=false al=0}
02:33:25.820 [qtp399373008-57] DEBUG org.eclipse.jetty.http.HttpParser - reset HttpParser{s=END,0 of -1}
02:33:25.820 [qtp399373008-57] DEBUG org.eclipse.jetty.http.HttpParser - END --> START
02:33:25.820 [qtp399373008-57] DEBUG org.eclipse.jetty.server.HttpChannel - !handle TERMINATED HttpChannelOverHttp@4b4164f7{s=HttpChannelState@58095f74{s=IDLE rs=BLOCKING os=OPEN is=IDLE awp=false se=false i=true al=0},r=1,c=false/false,a=IDLE,uri=null,age=0}
02:33:25.820 [qtp399373008-57] DEBUG org.eclipse.jetty.server.HttpConnection - HttpConnection@9858cf6::DecryptedEndPoint@33081695{l=/127.0.0.1:37555,r=/127.0.0.1:51384,OPEN,fill=-,flush=-,to=49/30000} parse HeapByteBuffer@d26bd[p=0,l=152,c=17408,r=152]={<<<GET /config.yml HTTP/1.1\r...gent: okhttp/3.12.3\r\n\r\n>>>ocalhost0...\x00\x00\x00\x00\x00\x00\x00} {}
02:33:25.820 [qtp399373008-57] DEBUG org.eclipse.jetty.http.HttpParser - parseNext s=START HeapByteBuffer@d26bd[p=0,l=152,c=17408,r=152]={<<<GET /config.yml HTTP/1.1\r...gent: okhttp/3.12.3\r\n\r\n>>>ocalhost0...\x00\x00\x00\x00\x00\x00\x00}
02:33:25.820 [qtp399373008-57] DEBUG org.eclipse.jetty.http.HttpParser - START --> SPACE1
02:33:25.820 [qtp399373008-57] DEBUG org.eclipse.jetty.http.HttpParser - SPACE1 --> URI
02:33:25.820 [qtp399373008-57] DEBUG org.eclipse.jetty.http.HttpParser - URI --> SPACE2
02:33:25.820 [qtp399373008-57] DEBUG org.eclipse.jetty.http.HttpParser - SPACE2 --> REQUEST_VERSION
02:33:25.820 [qtp399373008-57] DEBUG org.eclipse.jetty.http.HttpParser - REQUEST_VERSION --> HEADER
02:33:25.820 [qtp399373008-57] DEBUG org.eclipse.jetty.http.HttpParser - HEADER:If-None-Match --> VALUE
02:33:25.820 [qtp399373008-57] DEBUG org.eclipse.jetty.http.HttpParser - HEADER:If-None-Match --> IN_VALUE
02:33:25.820 [qtp399373008-57] DEBUG org.eclipse.jetty.http.HttpParser - HEADER:If-None-Match --> FIELD
02:33:25.820 [qtp399373008-57] DEBUG org.eclipse.jetty.http.HttpParser - HEADER:Host: localhost:37555 --> IN_VALUE
02:33:25.820 [qtp399373008-57] DEBUG org.eclipse.jetty.http.HttpParser - HEADER:Host: localhost:37555 --> FIELD
02:33:25.820 [qtp399373008-57] DEBUG org.eclipse.jetty.http.HttpParser - HEADER:Connection: keep-alive --> IN_VALUE
02:33:25.820 [qtp399373008-57] DEBUG org.eclipse.jetty.http.HttpParser - HEADER:Connection: keep-alive --> FIELD
02:33:25.820 [qtp399373008-57] DEBUG org.eclipse.jetty.http.HttpParser - HEADER:Accept-Encoding: gzip --> IN_VALUE
02:33:25.820 [qtp399373008-57] DEBUG org.eclipse.jetty.http.HttpParser - HEADER:Accept-Encoding: gzip --> FIELD
02:33:25.820 [qtp399373008-57] DEBUG org.eclipse.jetty.http.HttpParser - HEADER:User-Agent: okhttp/3.12.3 --> IN_VALUE
02:33:25.820 [qtp399373008-57] DEBUG org.eclipse.jetty.http.HttpParser - HEADER:User-Agent: okhttp/3.12.3 --> FIELD
02:33:25.820 [qtp399373008-57] DEBUG org.eclipse.jetty.http.HttpParser - HEADER --> CONTENT
02:33:25.820 [qtp399373008-57] DEBUG org.eclipse.jetty.server.HttpChannel - REQUEST for //localhost:37555/config.yml on HttpChannelOverHttp@4b4164f7{s=HttpChannelState@58095f74{s=IDLE rs=BLOCKING os=OPEN is=IDLE awp=false se=false i=true al=0},r=2,c=false/false,a=IDLE,uri=//localhost:37555/config.yml,age=0}
GET //localhost:37555/config.yml HTTP/1.1
If-None-Match: "testEtag"
Host: localhost:37555
Connection: keep-alive
Accept-Encoding: gzip
User-Agent: okhttp/3.12.3


02:33:25.820 [qtp399373008-57] DEBUG org.eclipse.jetty.server.HttpConnection - HttpConnection@9858cf6::DecryptedEndPoint@33081695{l=/127.0.0.1:37555,r=/127.0.0.1:51384,OPEN,fill=-,flush=-,to=49/30000} parsed true HttpParser{s=CONTENT,0 of -1}
02:33:25.821 [qtp399373008-57] DEBUG org.eclipse.jetty.server.HttpConnection - releaseRequestBuffer HttpConnection@9858cf6::DecryptedEndPoint@33081695{l=/127.0.0.1:37555,r=/127.0.0.1:51384,OPEN,fill=-,flush=-,to=49/30000}
02:33:25.821 [qtp399373008-57] DEBUG org.eclipse.jetty.server.HttpChannel - handle //localhost:37555/config.yml HttpChannelOverHttp@4b4164f7{s=HttpChannelState@58095f74{s=IDLE rs=BLOCKING os=OPEN is=IDLE awp=false se=false i=true al=0},r=2,c=false/false,a=IDLE,uri=//localhost:37555/config.yml,age=1} 
02:33:25.821 [qtp399373008-57] DEBUG org.eclipse.jetty.server.HttpChannelState - handling HttpChannelState@58095f74{s=IDLE rs=BLOCKING os=OPEN is=IDLE awp=false se=false i=true al=0}
02:33:25.821 [qtp399373008-57] DEBUG org.eclipse.jetty.server.HttpChannel - action DISPATCH HttpChannelOverHttp@4b4164f7{s=HttpChannelState@58095f74{s=HANDLING rs=BLOCKING os=OPEN is=IDLE awp=false se=false i=true al=0},r=2,c=false/false,a=HANDLING,uri=//localhost:37555/config.yml,age=1}
02:33:25.821 [qtp399373008-57] DEBUG org.eclipse.jetty.server.SecureRequestCustomizer - Host localhost with SNI null
02:33:25.821 [qtp399373008-57] DEBUG org.eclipse.jetty.server.Server - REQUEST GET /config.yml on HttpChannelOverHttp@4b4164f7{s=HttpChannelState@58095f74{s=HANDLING rs=BLOCKING os=OPEN is=IDLE awp=false se=false i=true al=0},r=2,c=false/false,a=HANDLING,uri=https://localhost:37555/config.yml,age=1}
02:33:25.821 [qtp399373008-57] DEBUG org.eclipse.jetty.server.Server - handled=true async=false committed=false on HttpChannelOverHttp@4b4164f7{s=HttpChannelState@58095f74{s=HANDLING rs=BLOCKING os=OPEN is=IDLE awp=false se=false i=true al=0},r=2,c=false/false,a=HANDLING,uri=https://localhost:37555/config.yml,age=1}
02:33:25.821 [qtp399373008-57] DEBUG org.eclipse.jetty.server.HttpChannelState - unhandle HttpChannelState@58095f74{s=HANDLING rs=BLOCKING os=OPEN is=IDLE awp=false se=false i=true al=0}
02:33:25.821 [qtp399373008-57] DEBUG org.eclipse.jetty.server.HttpChannelState - nextAction(false) COMPLETE HttpChannelState@58095f74{s=HANDLING rs=COMPLETING os=OPEN is=IDLE awp=false se=false i=false al=0}
02:33:25.821 [qtp399373008-57] DEBUG org.eclipse.jetty.server.HttpChannel - action COMPLETE HttpChannelOverHttp@4b4164f7{s=HttpChannelState@58095f74{s=HANDLING rs=COMPLETING os=OPEN is=IDLE awp=false se=false i=false al=0},r=2,c=false/false,a=HANDLING,uri=https://localhost:37555/config.yml,age=1}
02:33:25.821 [qtp399373008-57] DEBUG org.eclipse.jetty.io.ssl.SslConnection - >fill SslConnection@5b433352::SocketChannelEndPoint@2ca8e848{l=/127.0.0.1:37555,r=/127.0.0.1:51384,OPEN,fill=-,flush=-,to=1/30000}{io=0/0,kio=0,kro=1}->SslConnection@5b433352{NOT_HANDSHAKING,eio=-1/-1,di=-1,fill=IDLE,flush=IDLE}~>DecryptedEndPoint@33081695{l=/127.0.0.1:37555,r=/127.0.0.1:51384,OPEN,fill=-,flush=-,to=49/30000}=>HttpConnection@9858cf6[p=HttpParser{s=CONTENT,0 of -1},g=HttpGenerator@280c3a11{s=START}]=>HttpChannelOverHttp@4b4164f7{s=HttpChannelState@58095f74{s=HANDLING rs=COMPLETING os=OPEN is=IDLE awp=false se=false i=false al=0},r=2,c=false/false,a=HANDLING,uri=https://localhost:37555/config.yml,age=1}
02:33:25.821 [qtp399373008-57] DEBUG org.eclipse.jetty.io.ssl.SslConnection - fill NOT_HANDSHAKING
02:33:25.821 [qtp399373008-57] DEBUG org.eclipse.jetty.io.ChannelEndPoint - filled 0 HeapByteBuffer@196acfdd[p=0,l=0,c=17408,r=0]={<<<>>>\x17\x03\x03\x00\xB9GET ...\x00\x00\x00\x00\x00\x00\x00}
02:33:25.821 [qtp399373008-57] DEBUG org.eclipse.jetty.io.ssl.SslConnection - net filled=0
02:33:25.821 [qtp399373008-57] DEBUG org.eclipse.jetty.io.ssl.SslConnection - unwrap net_filled=0 Status = BUFFER_UNDERFLOW HandshakeStatus = NOT_HANDSHAKING bytesConsumed = 0 bytesProduced = 0 encryptedBuffer=[p=0,l=0,c=17408,r=0] unwrapBuffer=HeapByteBuffer@ecac914[p=0,l=0,c=17408,r=0]={<<<>>>GET /conf...\x00\x00\x00\x00\x00\x00\x00} appBuffer=HeapByteBuffer@ecac914[p=0,l=0,c=17408,r=0]={<<<>>>GET /conf...\x00\x00\x00\x00\x00\x00\x00}
02:33:25.821 [qtp399373008-57] DEBUG org.eclipse.jetty.io.ssl.SslConnection - <fill f=0 uf=true SslConnection@5b433352::SocketChannelEndPoint@2ca8e848{l=/127.0.0.1:37555,r=/127.0.0.1:51384,OPEN,fill=-,flush=-,to=1/30000}{io=0/0,kio=0,kro=1}->SslConnection@5b433352{NOT_HANDSHAKING,eio=-1/-1,di=-1,fill=IDLE,flush=IDLE}~>DecryptedEndPoint@33081695{l=/127.0.0.1:37555,r=/127.0.0.1:51384,OPEN,fill=-,flush=-,to=50/30000}=>HttpConnection@9858cf6[p=HttpParser{s=CONTENT,0 of -1},g=HttpGenerator@280c3a11{s=START}]=>HttpChannelOverHttp@4b4164f7{s=HttpChannelState@58095f74{s=HANDLING rs=COMPLETING os=OPEN is=IDLE awp=false se=false i=false al=0},r=2,c=false/false,a=HANDLING,uri=https://localhost:37555/config.yml,age=1}
02:33:25.821 [qtp399373008-57] DEBUG org.eclipse.jetty.io.ssl.SslConnection - >fill SslConnection@5b433352::SocketChannelEndPoint@2ca8e848{l=/127.0.0.1:37555,r=/127.0.0.1:51384,OPEN,fill=-,flush=-,to=1/30000}{io=0/0,kio=0,kro=1}->SslConnection@5b433352{NOT_HANDSHAKING,eio=-1/-1,di=-1,fill=IDLE,flush=IDLE}~>DecryptedEndPoint@33081695{l=/127.0.0.1:37555,r=/127.0.0.1:51384,OPEN,fill=-,flush=-,to=50/30000}=>HttpConnection@9858cf6[p=HttpParser{s=CONTENT,0 of -1},g=HttpGenerator@280c3a11{s=START}]=>HttpChannelOverHttp@4b4164f7{s=HttpChannelState@58095f74{s=HANDLING rs=COMPLETING os=OPEN is=IDLE awp=false se=false i=false al=0},r=2,c=false/false,a=HANDLING,uri=https://localhost:37555/config.yml,age=1}
02:33:25.821 [qtp399373008-57] DEBUG org.eclipse.jetty.io.ssl.SslConnection - fill NOT_HANDSHAKING
02:33:25.821 [qtp399373008-57] DEBUG org.eclipse.jetty.io.ChannelEndPoint - filled 0 HeapByteBuffer@d26bd[p=0,l=0,c=17408,r=0]={<<<>>>GET /conf...\x00\x00\x00\x00\x00\x00\x00}
02:33:25.821 [qtp399373008-57] DEBUG org.eclipse.jetty.io.ssl.SslConnection - net filled=0
02:33:25.821 [qtp399373008-57] DEBUG org.eclipse.jetty.io.ssl.SslConnection - unwrap net_filled=0 Status = BUFFER_UNDERFLOW HandshakeStatus = NOT_HANDSHAKING bytesConsumed = 0 bytesProduced = 0 encryptedBuffer=[p=0,l=0,c=17408,r=0] unwrapBuffer=HeapByteBuffer@ecac914[p=0,l=0,c=17408,r=0]={<<<>>>GET /conf...\x00\x00\x00\x00\x00\x00\x00} appBuffer=HeapByteBuffer@ecac914[p=0,l=0,c=17408,r=0]={<<<>>>GET /conf...\x00\x00\x00\x00\x00\x00\x00}
02:33:25.821 [qtp399373008-57] DEBUG org.eclipse.jetty.io.ssl.SslConnection - <fill f=0 uf=true SslConnection@5b433352::SocketChannelEndPoint@2ca8e848{l=/127.0.0.1:37555,r=/127.0.0.1:51384,OPEN,fill=-,flush=-,to=1/30000}{io=0/0,kio=0,kro=1}->SslConnection@5b433352{NOT_HANDSHAKING,eio=-1/-1,di=-1,fill=IDLE,flush=IDLE}~>DecryptedEndPoint@33081695{l=/127.0.0.1:37555,r=/127.0.0.1:51384,OPEN,fill=-,flush=-,to=50/30000}=>HttpConnection@9858cf6[p=HttpParser{s=CONTENT,0 of -1},g=HttpGenerator@280c3a11{s=START}]=>HttpChannelOverHttp@4b4164f7{s=HttpChannelState@58095f74{s=HANDLING rs=COMPLETING os=OPEN is=IDLE awp=false se=false i=false al=0},r=2,c=false/false,a=HANDLING,uri=https://localhost:37555/config.yml,age=1}
02:33:25.821 [qtp399373008-57] DEBUG org.eclipse.jetty.server.HttpConnection - HttpConnection@9858cf6::DecryptedEndPoint@33081695{l=/127.0.0.1:37555,r=/127.0.0.1:51384,OPEN,fill=-,flush=-,to=50/30000} filled 0 HeapByteBuffer@ecac914[p=0,l=0,c=17408,r=0]={<<<>>>GET /conf...\x00\x00\x00\x00\x00\x00\x00}
02:33:25.822 [qtp399373008-57] DEBUG org.eclipse.jetty.server.HttpConnection - HttpConnection@9858cf6::DecryptedEndPoint@33081695{l=/127.0.0.1:37555,r=/127.0.0.1:51384,OPEN,fill=-,flush=-,to=50/30000} parse HeapByteBuffer@ecac914[p=0,l=0,c=17408,r=0]={<<<>>>GET /conf...\x00\x00\x00\x00\x00\x00\x00} {}
02:33:25.822 [qtp399373008-57] DEBUG org.eclipse.jetty.http.HttpParser - parseNext s=CONTENT HeapByteBuffer@ecac914[p=0,l=0,c=17408,r=0]={<<<>>>GET /conf...\x00\x00\x00\x00\x00\x00\x00}
02:33:25.822 [qtp399373008-57] DEBUG org.eclipse.jetty.http.HttpParser - CONTENT --> CONTENT_END
02:33:25.822 [qtp399373008-57] DEBUG org.eclipse.jetty.server.HttpChannel - onContentComplete HttpChannelOverHttp@4b4164f7{s=HttpChannelState@58095f74{s=HANDLING rs=COMPLETING os=OPEN is=IDLE awp=false se=false i=false al=0},r=2,c=false/false,a=HANDLING,uri=https://localhost:37555/config.yml,age=2}
02:33:25.822 [qtp399373008-57] DEBUG org.eclipse.jetty.http.HttpParser - CONTENT_END --> END
02:33:25.822 [qtp399373008-57] DEBUG org.eclipse.jetty.server.HttpChannel - onRequestComplete HttpChannelOverHttp@4b4164f7{s=HttpChannelState@58095f74{s=HANDLING rs=COMPLETING os=OPEN is=IDLE awp=false se=false i=false al=0},r=2,c=false/false,a=HANDLING,uri=https://localhost:37555/config.yml,age=2}
02:33:25.822 [qtp399373008-57] DEBUG org.eclipse.jetty.server.HttpInput - HttpInputOverHTTP@585990c3[c=0,q=0,[0]=null,s=STREAM] addContent EOF
02:33:25.822 [qtp399373008-57] DEBUG org.eclipse.jetty.server.HttpConnection - HttpConnection@9858cf6::DecryptedEndPoint@33081695{l=/127.0.0.1:37555,r=/127.0.0.1:51384,OPEN,fill=-,flush=-,to=50/30000} parsed false HttpParser{s=END,0 of -1}
02:33:25.822 [qtp399373008-57] DEBUG org.eclipse.jetty.server.HttpConnection - releaseRequestBuffer HttpConnection@9858cf6::DecryptedEndPoint@33081695{l=/127.0.0.1:37555,r=/127.0.0.1:51384,OPEN,fill=-,flush=-,to=50/30000}
02:33:25.822 [qtp399373008-57] DEBUG org.eclipse.jetty.server.HttpOutput - complete(org.eclipse.jetty.util.Callback$3@74993818) s=CLOSING,api=BLOCKED,sc=false,e=null s=false e=null, c=HeapByteBuffer@98da274[p=0,l=0,c=0,r=0]={<<<>>>}
02:33:25.822 [qtp399373008-57] DEBUG org.eclipse.jetty.server.HttpChannel - sendResponse info=null content=HeapByteBuffer@98da274[p=0,l=0,c=0,r=0]={<<<>>>} complete=true committing=true callback=org.eclipse.jetty.server.HttpOutput$WriteCompleteCB@392863b
02:33:25.822 [qtp399373008-57] DEBUG org.eclipse.jetty.server.HttpChannel - COMMIT for /config.yml on HttpChannelOverHttp@4b4164f7{s=HttpChannelState@58095f74{s=HANDLING rs=COMPLETING os=COMMITTED is=IDLE awp=false se=false i=false al=0},r=2,c=false/false,a=HANDLING,uri=https://localhost:37555/config.yml,age=2}
304 null HTTP/1.1
Date: Thu, 02 May 2024 01:33:25 GMT
ETag: testEtag


02:33:25.822 [qtp399373008-57] DEBUG org.eclipse.jetty.server.HttpConnection - generate: NEED_HEADER for SendCallback@7ea04adc[PROCESSING][i=HTTP/1.1{s=304,h=2,cl=-1},cb=org.eclipse.jetty.server.HttpChannel$SendCallback@393a2456] (null,[p=0,l=0,c=0,r=0],true)@START
02:33:25.822 [qtp399373008-57] DEBUG org.eclipse.jetty.http.HttpGenerator - generateHeaders HTTP/1.1{s=304,h=2,cl=-1} last=true content=HeapByteBuffer@98da274[p=0,l=0,c=0,r=0]={<<<>>>}
02:33:25.822 [qtp399373008-57] DEBUG org.eclipse.jetty.http.HttpGenerator - Date: Thu, 02 May 2024 01:33:25 GMT
ETag: testEtag


02:33:25.822 [qtp399373008-57] DEBUG org.eclipse.jetty.http.HttpGenerator - NO_CONTENT
02:33:25.822 [qtp399373008-57] DEBUG org.eclipse.jetty.server.HttpConnection - generate: FLUSH for SendCallback@7ea04adc[PROCESSING][i=HTTP/1.1{s=304,h=2,cl=-1},cb=org.eclipse.jetty.server.HttpChannel$SendCallback@393a2456] ([p=0,l=115,c=8192,r=115],[p=0,l=0,c=0,r=0],true)@COMPLETING
02:33:25.822 [qtp399373008-57] DEBUG org.eclipse.jetty.io.WriteFlusher - write: WriteFlusher@a9fbc6c{IDLE}->null [HeapByteBuffer@235f32c0[p=0,l=115,c=8192,r=115]={<<<HTTP/1.1 304 Not Modified...y(9.4.44.v20210927)\r\n\r\n>>>nt-Length...\x00\x00\x00\x00\x00\x00\x00}]
02:33:25.822 [qtp399373008-57] DEBUG org.eclipse.jetty.io.WriteFlusher - update WriteFlusher@a9fbc6c{WRITING}->null:IDLE-->WRITING
02:33:25.822 [qtp399373008-57] DEBUG org.eclipse.jetty.io.ssl.SslConnection - >flush SslConnection@5b433352::SocketChannelEndPoint@2ca8e848{l=/127.0.0.1:37555,r=/127.0.0.1:51384,OPEN,fill=-,flush=-,to=2/30000}{io=0/0,kio=0,kro=1}->SslConnection@5b433352{NOT_HANDSHAKING,eio=-1/-1,di=-1,fill=IDLE,flush=IDLE}~>DecryptedEndPoint@33081695{l=/127.0.0.1:37555,r=/127.0.0.1:51384,OPEN,fill=-,flush=W,to=51/30000}=>HttpConnection@9858cf6[p=HttpParser{s=END,0 of -1},g=HttpGenerator@280c3a11{s=COMPLETING}]=>HttpChannelOverHttp@4b4164f7{s=HttpChannelState@58095f74{s=HANDLING rs=COMPLETING os=COMMITTED is=IDLE awp=false se=false i=false al=0},r=2,c=false/false,a=HANDLING,uri=https://localhost:37555/config.yml,age=2}
02:33:25.822 [qtp399373008-57] DEBUG org.eclipse.jetty.io.ssl.SslConnection - flush b[0]=HeapByteBuffer@235f32c0[p=0,l=115,c=8192,r=115]={<<<HTTP/1.1 304 Not Modified...y(9.4.44.v20210927)\r\n\r\n>>>nt-Length...\x00\x00\x00\x00\x00\x00\x00}
02:33:25.822 [qtp399373008-57] DEBUG org.eclipse.jetty.io.ssl.SslConnection - flush NOT_HANDSHAKING
02:33:25.822 [qtp399373008-57] DEBUG org.eclipse.jetty.io.ssl.SslConnection - wrap Status = OK HandshakeStatus = NOT_HANDSHAKING bytesConsumed = 115 bytesProduced = 153 [p=0,l=153,c=17408,r=153] ioDone=false/false
02:33:25.822 [qtp399373008-57] DEBUG org.eclipse.jetty.io.ChannelEndPoint - flushed 153 SocketChannelEndPoint@2ca8e848{l=/127.0.0.1:37555,r=/127.0.0.1:51384,OPEN,fill=-,flush=-,to=2/30000}{io=0/0,kio=0,kro=1}->SslConnection@5b433352{NOT_HANDSHAKING,eio=-1/0,di=-1,fill=IDLE,flush=IDLE}~>DecryptedEndPoint@33081695{l=/127.0.0.1:37555,r=/127.0.0.1:51384,OPEN,fill=-,flush=W,to=51/30000}=>HttpConnection@9858cf6[p=HttpParser{s=END,0 of -1},g=HttpGenerator@280c3a11{s=COMPLETING}]=>HttpChannelOverHttp@4b4164f7{s=HttpChannelState@58095f74{s=HANDLING rs=COMPLETING os=COMMITTED is=IDLE awp=false se=false i=false al=0},r=2,c=false/false,a=HANDLING,uri=https://localhost:37555/config.yml,age=2}
02:33:25.822 [qtp399373008-57] DEBUG org.eclipse.jetty.io.ssl.SslConnection - net flushed=true, ac=true
02:33:25.823 [qtp399373008-57] DEBUG org.eclipse.jetty.io.ssl.SslConnection - <flush true SslConnection@5b433352::SocketChannelEndPoint@2ca8e848{l=/127.0.0.1:37555,r=/127.0.0.1:51384,OPEN,fill=-,flush=-,to=0/30000}{io=0/0,kio=0,kro=1}->SslConnection@5b433352{NOT_HANDSHAKING,eio=-1/-1,di=-1,fill=IDLE,flush=IDLE}~>DecryptedEndPoint@33081695{l=/127.0.0.1:37555,r=/127.0.0.1:51384,OPEN,fill=-,flush=W,to=51/30000}=>HttpConnection@9858cf6[p=HttpParser{s=END,0 of -1},g=HttpGenerator@280c3a11{s=COMPLETING}]=>HttpChannelOverHttp@4b4164f7{s=HttpChannelState@58095f74{s=HANDLING rs=COMPLETING os=COMMITTED is=IDLE awp=false se=false i=false al=0},r=2,c=false/false,a=HANDLING,uri=https://localhost:37555/config.yml,age=3}
02:33:25.823 [qtp399373008-57] DEBUG org.eclipse.jetty.io.WriteFlusher - Flushed=true written=115 remaining=0 WriteFlusher@a9fbc6c{WRITING}->null
02:33:25.823 [qtp399373008-57] DEBUG org.eclipse.jetty.io.WriteFlusher - update WriteFlusher@a9fbc6c{IDLE}->null:WRITING-->IDLE
02:33:25.823 [main] DEBUG org.apache.nifi.minifi.bootstrap.configuration.ingestors.PullHttpChangeIngestor - Response received: Response{protocol=http/1.1, code=304, message=Not Modified, url=https://localhost:37555/config.yml}
02:33:25.823 [qtp399373008-57] DEBUG org.eclipse.jetty.server.HttpConnection - generate: DONE for SendCallback@7ea04adc[PROCESSING][i=HTTP/1.1{s=304,h=2,cl=-1},cb=org.eclipse.jetty.server.HttpChannel$SendCallback@393a2456] ([p=115,l=115,c=8192,r=0],[p=0,l=0,c=0,r=0],true)@END
02:33:25.823 [qtp399373008-57] DEBUG org.eclipse.jetty.server.HttpOutput - onWriteComplete(true,null) s=CLOSING,api=BLOCKED,sc=false,e=null->s=CLOSED,api=BLOCKING,sc=false,e=null c=null cb=org.eclipse.jetty.util.Callback$3@74993818 w=false
02:33:25.823 [qtp399373008-57] DEBUG org.eclipse.jetty.server.HttpChannelState - completed HttpChannelState@58095f74{s=HANDLING rs=COMPLETING os=COMPLETED is=IDLE awp=false se=false i=false al=0}
02:33:25.823 [qtp399373008-57] DEBUG org.eclipse.jetty.server.HttpChannelState - unhandle HttpChannelState@58095f74{s=HANDLING rs=COMPLETED os=COMPLETED is=IDLE awp=false se=false i=false al=0}
02:33:25.823 [qtp399373008-57] DEBUG org.eclipse.jetty.server.HttpChannelState - nextAction(false) TERMINATED HttpChannelState@58095f74{s=IDLE rs=COMPLETED os=COMPLETED is=IDLE awp=false se=false i=false al=0}
02:33:25.823 [qtp399373008-57] DEBUG org.eclipse.jetty.server.HttpChannel - action TERMINATED HttpChannelOverHttp@4b4164f7{s=HttpChannelState@58095f74{s=IDLE rs=COMPLETED os=COMPLETED is=IDLE awp=false se=false i=false al=0},r=2,c=true/true,a=IDLE,uri=https://localhost:37555/config.yml,age=3}
02:33:25.823 [qtp399373008-57] DEBUG org.eclipse.jetty.server.HttpChannel - onCompleted for /config.yml written=0
02:33:25.823 [qtp399373008-57] DEBUG org.eclipse.jetty.server.HttpChannelState - recycle HttpChannelState@58095f74{s=IDLE rs=COMPLETED os=COMPLETED is=IDLE awp=false se=false i=false al=0}
02:33:25.823 [qtp399373008-57] DEBUG org.eclipse.jetty.http.HttpParser - reset HttpParser{s=END,0 of -1}
02:33:25.823 [qtp399373008-57] DEBUG org.eclipse.jetty.http.HttpParser - END --> START
02:33:25.823 [qtp399373008-57] DEBUG org.eclipse.jetty.server.HttpChannel - !handle TERMINATED HttpChannelOverHttp@4b4164f7{s=HttpChannelState@58095f74{s=IDLE rs=BLOCKING os=OPEN is=IDLE awp=false se=false i=true al=0},r=2,c=false/false,a=IDLE,uri=null,age=0}
]]></system-out>
  </testcase>
  <testcase name="testSecurityOverride" classname="org.apache.nifi.minifi.bootstrap.configuration.ingestors.PullHttpChangeIngestorSSLTest" time="0.071">
    <system-out><![CDATA[02:33:25.823 [qtp399373008-57] DEBUG org.eclipse.jetty.io.ssl.SslConnection - >fill SslConnection@5b433352::SocketChannelEndPoint@2ca8e848{l=/127.0.0.1:37555,r=/127.0.0.1:51384,OPEN,fill=-,flush=-,to=0/30000}{io=0/0,kio=0,kro=1}->SslConnection@5b433352{NOT_HANDSHAKING,eio=-1/-1,di=-1,fill=IDLE,flush=IDLE}~>DecryptedEndPoint@33081695{l=/127.0.0.1:37555,r=/127.0.0.1:51384,OPEN,fill=-,flush=-,to=51/30000}=>HttpConnection@9858cf6[p=HttpParser{s=START,0 of -1},g=HttpGenerator@280c3a11{s=START}]=>HttpChannelOverHttp@4b4164f7{s=HttpChannelState@58095f74{s=IDLE rs=BLOCKING os=OPEN is=IDLE awp=false se=false i=true al=0},r=2,c=false/false,a=IDLE,uri=null,age=0}
02:33:25.823 [qtp399373008-57] DEBUG org.eclipse.jetty.io.ssl.SslConnection - fill NOT_HANDSHAKING
02:33:25.823 [qtp399373008-57] DEBUG org.eclipse.jetty.io.ChannelEndPoint - filled 0 HeapByteBuffer@ecac914[p=0,l=0,c=17408,r=0]={<<<>>>GET /conf...\x00\x00\x00\x00\x00\x00\x00}
02:33:25.823 [qtp399373008-57] DEBUG org.eclipse.jetty.io.ssl.SslConnection - net filled=0
02:33:25.823 [qtp399373008-57] DEBUG org.eclipse.jetty.io.ssl.SslConnection - unwrap net_filled=0 Status = BUFFER_UNDERFLOW HandshakeStatus = NOT_HANDSHAKING bytesConsumed = 0 bytesProduced = 0 encryptedBuffer=[p=0,l=0,c=17408,r=0] unwrapBuffer=HeapByteBuffer@d26bd[p=0,l=0,c=17408,r=0]={<<<>>>GET /conf...\x00\x00\x00\x00\x00\x00\x00} appBuffer=HeapByteBuffer@d26bd[p=0,l=0,c=17408,r=0]={<<<>>>GET /conf...\x00\x00\x00\x00\x00\x00\x00}
02:33:25.823 [qtp399373008-57] DEBUG org.eclipse.jetty.io.ssl.SslConnection - <fill f=0 uf=true SslConnection@5b433352::SocketChannelEndPoint@2ca8e848{l=/127.0.0.1:37555,r=/127.0.0.1:51384,OPEN,fill=-,flush=-,to=0/30000}{io=0/0,kio=0,kro=1}->SslConnection@5b433352{NOT_HANDSHAKING,eio=-1/-1,di=-1,fill=IDLE,flush=IDLE}~>DecryptedEndPoint@33081695{l=/127.0.0.1:37555,r=/127.0.0.1:51384,OPEN,fill=-,flush=-,to=52/30000}=>HttpConnection@9858cf6[p=HttpParser{s=START,0 of -1},g=HttpGenerator@280c3a11{s=START}]=>HttpChannelOverHttp@4b4164f7{s=HttpChannelState@58095f74{s=IDLE rs=BLOCKING os=OPEN is=IDLE awp=false se=false i=true al=0},r=2,c=false/false,a=IDLE,uri=null,age=0}
02:33:25.823 [qtp399373008-57] DEBUG org.eclipse.jetty.io.ssl.SslConnection - >fill SslConnection@5b433352::SocketChannelEndPoint@2ca8e848{l=/127.0.0.1:37555,r=/127.0.0.1:51384,OPEN,fill=-,flush=-,to=0/30000}{io=0/0,kio=0,kro=1}->SslConnection@5b433352{NOT_HANDSHAKING,eio=-1/-1,di=-1,fill=IDLE,flush=IDLE}~>DecryptedEndPoint@33081695{l=/127.0.0.1:37555,r=/127.0.0.1:51384,OPEN,fill=-,flush=-,to=52/30000}=>HttpConnection@9858cf6[p=HttpParser{s=START,0 of -1},g=HttpGenerator@280c3a11{s=START}]=>HttpChannelOverHttp@4b4164f7{s=HttpChannelState@58095f74{s=IDLE rs=BLOCKING os=OPEN is=IDLE awp=false se=false i=true al=0},r=2,c=false/false,a=IDLE,uri=null,age=0}
02:33:25.823 [qtp399373008-57] DEBUG org.eclipse.jetty.io.ssl.SslConnection - fill NOT_HANDSHAKING
02:33:25.823 [qtp399373008-57] DEBUG org.eclipse.jetty.io.ChannelEndPoint - filled 0 HeapByteBuffer@196acfdd[p=0,l=0,c=17408,r=0]={<<<>>>\x17\x03\x03\x00\x94%\xEe\xA1\xAc...\x00\x00\x00\x00\x00\x00\x00}
02:33:25.823 [qtp399373008-57] DEBUG org.eclipse.jetty.io.ssl.SslConnection - net filled=0
02:33:25.823 [qtp399373008-57] DEBUG org.eclipse.jetty.io.ssl.SslConnection - unwrap net_filled=0 Status = BUFFER_UNDERFLOW HandshakeStatus = NOT_HANDSHAKING bytesConsumed = 0 bytesProduced = 0 encryptedBuffer=[p=0,l=0,c=17408,r=0] unwrapBuffer=HeapByteBuffer@d26bd[p=0,l=0,c=17408,r=0]={<<<>>>GET /conf...\x00\x00\x00\x00\x00\x00\x00} appBuffer=HeapByteBuffer@d26bd[p=0,l=0,c=17408,r=0]={<<<>>>GET /conf...\x00\x00\x00\x00\x00\x00\x00}
02:33:25.823 [qtp399373008-57] DEBUG org.eclipse.jetty.io.ssl.SslConnection - <fill f=0 uf=true SslConnection@5b433352::SocketChannelEndPoint@2ca8e848{l=/127.0.0.1:37555,r=/127.0.0.1:51384,OPEN,fill=-,flush=-,to=0/30000}{io=0/0,kio=0,kro=1}->SslConnection@5b433352{NOT_HANDSHAKING,eio=-1/-1,di=-1,fill=IDLE,flush=IDLE}~>DecryptedEndPoint@33081695{l=/127.0.0.1:37555,r=/127.0.0.1:51384,OPEN,fill=-,flush=-,to=52/30000}=>HttpConnection@9858cf6[p=HttpParser{s=START,0 of -1},g=HttpGenerator@280c3a11{s=START}]=>HttpChannelOverHttp@4b4164f7{s=HttpChannelState@58095f74{s=IDLE rs=BLOCKING os=OPEN is=IDLE awp=false se=false i=true al=0},r=2,c=false/false,a=IDLE,uri=null,age=0}
02:33:25.823 [qtp399373008-57] DEBUG org.eclipse.jetty.server.HttpConnection - HttpConnection@9858cf6::DecryptedEndPoint@33081695{l=/127.0.0.1:37555,r=/127.0.0.1:51384,OPEN,fill=-,flush=-,to=52/30000} filled 0 HeapByteBuffer@d26bd[p=0,l=0,c=17408,r=0]={<<<>>>GET /conf...\x00\x00\x00\x00\x00\x00\x00}
02:33:25.824 [qtp399373008-57] DEBUG org.eclipse.jetty.server.HttpConnection - HttpConnection@9858cf6::DecryptedEndPoint@33081695{l=/127.0.0.1:37555,r=/127.0.0.1:51384,OPEN,fill=-,flush=-,to=52/30000} parse HeapByteBuffer@d26bd[p=0,l=0,c=17408,r=0]={<<<>>>GET /conf...\x00\x00\x00\x00\x00\x00\x00} {}
02:33:25.824 [qtp399373008-57] DEBUG org.eclipse.jetty.http.HttpParser - parseNext s=START HeapByteBuffer@d26bd[p=0,l=0,c=17408,r=0]={<<<>>>GET /conf...\x00\x00\x00\x00\x00\x00\x00}
02:33:25.824 [qtp399373008-57] DEBUG org.eclipse.jetty.server.HttpConnection - HttpConnection@9858cf6::DecryptedEndPoint@33081695{l=/127.0.0.1:37555,r=/127.0.0.1:51384,OPEN,fill=-,flush=-,to=52/30000} parsed false HttpParser{s=START,0 of -1}
02:33:25.824 [qtp399373008-57] DEBUG org.eclipse.jetty.server.HttpConnection - releaseRequestBuffer HttpConnection@9858cf6::DecryptedEndPoint@33081695{l=/127.0.0.1:37555,r=/127.0.0.1:51384,OPEN,fill=-,flush=-,to=52/30000}
02:33:25.824 [qtp399373008-57] DEBUG org.eclipse.jetty.io.AbstractConnection - fillInterested HttpConnection@9858cf6::DecryptedEndPoint@33081695{l=/127.0.0.1:37555,r=/127.0.0.1:51384,OPEN,fill=-,flush=-,to=52/30000}
02:33:25.824 [qtp399373008-57] DEBUG org.eclipse.jetty.io.FillInterest - interested FillInterest@dcbf1da{AC.ReadCB@9858cf6{HttpConnection@9858cf6::DecryptedEndPoint@33081695{l=/127.0.0.1:37555,r=/127.0.0.1:51384,OPEN,fill=FI,flush=-,to=0/30000}}}
02:33:25.824 [qtp399373008-57] DEBUG org.eclipse.jetty.io.ssl.SslConnection - >needFillInterest s=IDLE/IDLE uf=true ei=null di=null SslConnection@5b433352::SocketChannelEndPoint@2ca8e848{l=/127.0.0.1:37555,r=/127.0.0.1:51384,OPEN,fill=-,flush=-,to=1/30000}{io=0/0,kio=0,kro=1}->SslConnection@5b433352{NOT_HANDSHAKING,eio=-1/-1,di=-1,fill=IDLE,flush=IDLE}~>DecryptedEndPoint@33081695{l=/127.0.0.1:37555,r=/127.0.0.1:51384,OPEN,fill=FI,flush=-,to=0/30000}=>HttpConnection@9858cf6[p=HttpParser{s=START,0 of -1},g=HttpGenerator@280c3a11{s=START}]=>HttpChannelOverHttp@4b4164f7{s=HttpChannelState@58095f74{s=IDLE rs=BLOCKING os=OPEN is=IDLE awp=false se=false i=true al=0},r=2,c=false/false,a=IDLE,uri=null,age=0}
02:33:25.824 [qtp399373008-57] DEBUG org.eclipse.jetty.io.ssl.SslConnection - <needFillInterest s=IDLE/INTERESTED f=false i=true w=null
02:33:25.824 [qtp399373008-57] DEBUG org.eclipse.jetty.io.ssl.SslConnection - ensureFillInterested SslConnection@5b433352::SocketChannelEndPoint@2ca8e848{l=/127.0.0.1:37555,r=/127.0.0.1:51384,OPEN,fill=-,flush=-,to=1/30000}{io=0/0,kio=0,kro=1}->SslConnection@5b433352{NOT_HANDSHAKING,eio=-1/-1,di=-1,fill=INTERESTED,flush=IDLE}~>DecryptedEndPoint@33081695{l=/127.0.0.1:37555,r=/127.0.0.1:51384,OPEN,fill=FI,flush=-,to=0/30000}=>HttpConnection@9858cf6[p=HttpParser{s=START,0 of -1},g=HttpGenerator@280c3a11{s=START}]=>HttpChannelOverHttp@4b4164f7{s=HttpChannelState@58095f74{s=IDLE rs=BLOCKING os=OPEN is=IDLE awp=false se=false i=true al=0},r=2,c=false/false,a=IDLE,uri=null,age=0}
02:33:25.824 [qtp399373008-57] DEBUG org.eclipse.jetty.io.FillInterest - interested FillInterest@5d87a3d1{SSLC.NBReadCB@5b433352{SslConnection@5b433352::SocketChannelEndPoint@2ca8e848{l=/127.0.0.1:37555,r=/127.0.0.1:51384,OPEN,fill=FI,flush=-,to=0/30000}{io=0/0,kio=0,kro=1}->SslConnection@5b433352{NOT_HANDSHAKING,eio=-1/-1,di=-1,fill=INTERESTED,flush=IDLE}~>DecryptedEndPoint@33081695{l=/127.0.0.1:37555,r=/127.0.0.1:51384,OPEN,fill=FI,flush=-,to=0/30000}=>HttpConnection@9858cf6[p=HttpParser{s=START,0 of -1},g=HttpGenerator@280c3a11{s=START}]=>HttpChannelOverHttp@4b4164f7{s=HttpChannelState@58095f74{s=IDLE rs=BLOCKING os=OPEN is=IDLE awp=false se=false i=true al=0},r=2,c=false/false,a=IDLE,uri=null,age=0}}}
02:33:25.824 [qtp399373008-57] DEBUG org.eclipse.jetty.io.ChannelEndPoint - changeInterests p=false 0->1 for SocketChannelEndPoint@2ca8e848{l=/127.0.0.1:37555,r=/127.0.0.1:51384,OPEN,fill=FI,flush=-,to=0/30000}{io=0/1,kio=0,kro=1}->SslConnection@5b433352{NOT_HANDSHAKING,eio=-1/-1,di=-1,fill=INTERESTED,flush=IDLE}~>DecryptedEndPoint@33081695{l=/127.0.0.1:37555,r=/127.0.0.1:51384,OPEN,fill=FI,flush=-,to=0/30000}=>HttpConnection@9858cf6[p=HttpParser{s=START,0 of -1},g=HttpGenerator@280c3a11{s=START}]=>HttpChannelOverHttp@4b4164f7{s=HttpChannelState@58095f74{s=IDLE rs=BLOCKING os=OPEN is=IDLE awp=false se=false i=true al=0},r=2,c=false/false,a=IDLE,uri=null,age=0}
02:33:25.824 [qtp399373008-57] DEBUG org.eclipse.jetty.io.ManagedSelector - Queued change lazy=false org.eclipse.jetty.io.ChannelEndPoint$$Lambda$255/1238156519@1f1cc290 on ManagedSelector@4e70a728{STARTED} id=0 keys=1 selected=0 updates=0
02:33:25.824 [qtp399373008-57] DEBUG org.eclipse.jetty.io.ManagedSelector - Wakeup on submit ManagedSelector@4e70a728{STARTED} id=0 keys=1 selected=0 updates=1
02:33:25.824 [qtp399373008-56] DEBUG org.eclipse.jetty.io.ManagedSelector - Selector sun.nio.ch.EPollSelectorImpl@3dc4242d woken with none selected
02:33:25.824 [qtp399373008-56] DEBUG org.eclipse.jetty.io.ManagedSelector - Selector sun.nio.ch.EPollSelectorImpl@3dc4242d woken up from select, 0/0/1 selected
02:33:25.824 [qtp399373008-56] DEBUG org.eclipse.jetty.io.ManagedSelector - Selector sun.nio.ch.EPollSelectorImpl@3dc4242d processing 0 keys, 1 updates
02:33:25.824 [qtp399373008-56] DEBUG org.eclipse.jetty.io.ManagedSelector - updateable 1
02:33:25.824 [qtp399373008-56] DEBUG org.eclipse.jetty.io.ManagedSelector - update org.eclipse.jetty.io.ChannelEndPoint$$Lambda$255/1238156519@1f1cc290
02:33:25.824 [qtp399373008-56] DEBUG org.eclipse.jetty.io.ChannelEndPoint - Key interests updated 0 -> 1 on SocketChannelEndPoint@2ca8e848{l=/127.0.0.1:37555,r=/127.0.0.1:51384,OPEN,fill=FI,flush=-,to=0/30000}{io=1/1,kio=1,kro=1}->SslConnection@5b433352{NOT_HANDSHAKING,eio=-1/-1,di=-1,fill=INTERESTED,flush=IDLE}~>DecryptedEndPoint@33081695{l=/127.0.0.1:37555,r=/127.0.0.1:51384,OPEN,fill=FI,flush=-,to=0/30000}=>HttpConnection@9858cf6[p=HttpParser{s=START,0 of -1},g=HttpGenerator@280c3a11{s=START}]=>HttpChannelOverHttp@4b4164f7{s=HttpChannelState@58095f74{s=IDLE rs=BLOCKING os=OPEN is=IDLE awp=false se=false i=true al=0},r=2,c=false/false,a=IDLE,uri=null,age=0}
02:33:25.824 [qtp399373008-56] DEBUG org.eclipse.jetty.io.ManagedSelector - updates 0
02:33:25.824 [qtp399373008-56] DEBUG org.eclipse.jetty.io.ManagedSelector - Selector sun.nio.ch.EPollSelectorImpl@3dc4242d waiting with 1 keys
02:33:25.824 [qtp399373008-57] DEBUG org.eclipse.jetty.server.HttpConnection - HttpConnection@9858cf6::DecryptedEndPoint@33081695{l=/127.0.0.1:37555,r=/127.0.0.1:51384,OPEN,fill=FI,flush=-,to=0/30000} onFillable exit HttpChannelState@58095f74{s=IDLE rs=BLOCKING os=OPEN is=IDLE awp=false se=false i=true al=0} null
02:33:25.824 [qtp399373008-57] DEBUG org.eclipse.jetty.io.ssl.SslConnection - <c.onFillable SslConnection@5b433352::SocketChannelEndPoint@2ca8e848{l=/127.0.0.1:37555,r=/127.0.0.1:51384,OPEN,fill=FI,flush=-,to=0/30000}{io=1/1,kio=1,kro=1}->SslConnection@5b433352{NOT_HANDSHAKING,eio=-1/-1,di=-1,fill=INTERESTED,flush=IDLE}~>DecryptedEndPoint@33081695{l=/127.0.0.1:37555,r=/127.0.0.1:51384,OPEN,fill=FI,flush=-,to=0/30000}=>HttpConnection@9858cf6[p=HttpParser{s=START,0 of -1},g=HttpGenerator@280c3a11{s=START}]=>HttpChannelOverHttp@4b4164f7{s=HttpChannelState@58095f74{s=IDLE rs=BLOCKING os=OPEN is=IDLE awp=false se=false i=true al=0},r=2,c=false/false,a=IDLE,uri=null,age=0}
02:33:25.825 [qtp399373008-57] DEBUG org.eclipse.jetty.util.thread.ReservedThreadExecutor - ReservedThread@1d7308e6{RUNNING,thread=Thread[qtp399373008-57,5,main]} was=RUNNING next=RESERVED size=0+2 capacity=8
02:33:25.825 [qtp399373008-57] DEBUG org.eclipse.jetty.util.thread.ReservedThreadExecutor - ReservedThread@1d7308e6{RESERVED,thread=Thread[qtp399373008-57,5,main]} waiting ReservedThreadExecutor@424fd310{reserved=2/8,pending=0}
02:33:25.826 [main] DEBUG org.apache.nifi.minifi.bootstrap.configuration.ingestors.PullHttpChangeIngestor - Attempting to pull new config
02:33:25.826 [qtp399373008-59-acceptor-0@4795ded0-ServerConnector@2374d36a{SSL, (ssl, http/1.1)}{localhost:37555}] DEBUG org.eclipse.jetty.io.ManagedSelector - Queued change lazy=false Accept@4d8b4c0b[java.nio.channels.SocketChannel[connected local=/127.0.0.1:37555 remote=/127.0.0.1:51392]] on ManagedSelector@5733f295{STARTED} id=1 keys=1 selected=0 updates=0
02:33:25.826 [qtp399373008-59-acceptor-0@4795ded0-ServerConnector@2374d36a{SSL, (ssl, http/1.1)}{localhost:37555}] DEBUG org.eclipse.jetty.io.ManagedSelector - Wakeup on submit ManagedSelector@5733f295{STARTED} id=1 keys=1 selected=0 updates=1
02:33:25.826 [qtp399373008-60] DEBUG org.eclipse.jetty.io.ManagedSelector - Selector sun.nio.ch.EPollSelectorImpl@2dfbb6ae woken with none selected
02:33:25.826 [qtp399373008-60] DEBUG org.eclipse.jetty.io.ManagedSelector - Selector sun.nio.ch.EPollSelectorImpl@2dfbb6ae woken up from select, 0/0/1 selected
02:33:25.826 [qtp399373008-60] DEBUG org.eclipse.jetty.io.ManagedSelector - Selector sun.nio.ch.EPollSelectorImpl@2dfbb6ae processing 0 keys, 1 updates
02:33:25.826 [qtp399373008-60] DEBUG org.eclipse.jetty.io.ManagedSelector - updateable 1
02:33:25.826 [qtp399373008-60] DEBUG org.eclipse.jetty.io.ManagedSelector - update Accept@4d8b4c0b[java.nio.channels.SocketChannel[connected local=/127.0.0.1:37555 remote=/127.0.0.1:51392]]
02:33:25.827 [qtp399373008-60] DEBUG org.eclipse.jetty.util.thread.QueuedThreadPool - queue Accept@4d8b4c0b[java.nio.channels.SocketChannel[connected local=/127.0.0.1:37555 remote=/127.0.0.1:51392]] startThread=0
02:33:25.827 [qtp399373008-55] DEBUG org.eclipse.jetty.util.thread.QueuedThreadPool - run Accept@4d8b4c0b[java.nio.channels.SocketChannel[connected local=/127.0.0.1:37555 remote=/127.0.0.1:51392]] in QueuedThreadPool[qtp399373008]@17cdf2d0{STARTED,8<=8<=200,i=0,r=-1,q=0}[ReservedThreadExecutor@424fd310{reserved=2/8,pending=0}]
02:33:25.827 [qtp399373008-60] DEBUG org.eclipse.jetty.io.ManagedSelector - updates 0
02:33:25.827 [qtp399373008-60] DEBUG org.eclipse.jetty.io.ManagedSelector - Selector sun.nio.ch.EPollSelectorImpl@2dfbb6ae waiting with 2 keys
02:33:25.827 [qtp399373008-55] DEBUG org.eclipse.jetty.io.IdleTimeout - SocketChannelEndPoint@373c4f5d{l=/127.0.0.1:37555,r=/127.0.0.1:51392,OPEN,fill=-,flush=-,to=0/30000}{io=0/0,kio=0,kro=0}-><null> idle timeout check, elapsed: 0 ms, remaining: 30000 ms
02:33:25.827 [qtp399373008-55] DEBUG org.eclipse.jetty.util.ssl.SslContextFactory - Customize sun.security.ssl.SSLEngineImpl@723ed7de
02:33:25.827 [qtp399373008-55] DEBUG org.eclipse.jetty.server.HttpChannel - new HttpChannelOverHttp@6ec760f8{s=HttpChannelState@43866430{s=IDLE rs=BLOCKING os=OPEN is=IDLE awp=false se=false i=true al=0},r=0,c=false/false,a=IDLE,uri=null,age=0} -> DecryptedEndPoint@16958dba{l=/127.0.0.1:37555,r=/127.0.0.1:51392,OPEN,fill=-,flush=-,to=0/30000},null,HttpChannelState@43866430{s=IDLE rs=BLOCKING os=OPEN is=IDLE awp=false se=false i=true al=0}
02:33:25.827 [qtp399373008-55] DEBUG org.eclipse.jetty.server.HttpConnection - New HTTP Connection HttpConnection@12112891::DecryptedEndPoint@16958dba{l=/127.0.0.1:37555,r=/127.0.0.1:51392,OPEN,fill=-,flush=-,to=0/30000}
02:33:25.827 [qtp399373008-55] DEBUG org.eclipse.jetty.io.ManagedSelector - Queued change lazy=true org.eclipse.jetty.io.ManagedSelector$$Lambda$258/1710399120@47044a8b on ManagedSelector@5733f295{STARTED} id=1 keys=2 selected=0 updates=0
02:33:25.827 [qtp399373008-55] DEBUG org.eclipse.jetty.io.AbstractEndPoint - onOpen SocketChannelEndPoint@373c4f5d{l=/127.0.0.1:37555,r=/127.0.0.1:51392,OPEN,fill=-,flush=-,to=0/30000}{io=0/0,kio=0,kro=0}->SslConnection@37d311bf{NOT_HANDSHAKING,eio=-1/-1,di=-1,fill=IDLE,flush=IDLE}~>DecryptedEndPoint@16958dba{l=/127.0.0.1:37555,r=/127.0.0.1:51392,OPEN,fill=-,flush=-,to=0/30000}=>HttpConnection@12112891[p=HttpParser{s=START,0 of -1},g=HttpGenerator@d91a2a2{s=START}]=>HttpChannelOverHttp@6ec760f8{s=HttpChannelState@43866430{s=IDLE rs=BLOCKING os=OPEN is=IDLE awp=false se=false i=true al=0},r=0,c=false/false,a=IDLE,uri=null,age=0}
02:33:25.827 [qtp399373008-55] DEBUG org.eclipse.jetty.io.AbstractConnection - onOpen SslConnection@37d311bf::SocketChannelEndPoint@373c4f5d{l=/127.0.0.1:37555,r=/127.0.0.1:51392,OPEN,fill=-,flush=-,to=0/30000}{io=0/0,kio=0,kro=0}->SslConnection@37d311bf{NOT_HANDSHAKING,eio=-1/-1,di=-1,fill=IDLE,flush=IDLE}~>DecryptedEndPoint@16958dba{l=/127.0.0.1:37555,r=/127.0.0.1:51392,OPEN,fill=-,flush=-,to=0/30000}=>HttpConnection@12112891[p=HttpParser{s=START,0 of -1},g=HttpGenerator@d91a2a2{s=START}]=>HttpChannelOverHttp@6ec760f8{s=HttpChannelState@43866430{s=IDLE rs=BLOCKING os=OPEN is=IDLE awp=false se=false i=true al=0},r=0,c=false/false,a=IDLE,uri=null,age=0}
02:33:25.827 [qtp399373008-55] DEBUG org.eclipse.jetty.io.AbstractConnection - onOpen HttpConnection@12112891::DecryptedEndPoint@16958dba{l=/127.0.0.1:37555,r=/127.0.0.1:51392,OPEN,fill=-,flush=-,to=0/30000}
02:33:25.827 [qtp399373008-55] DEBUG org.eclipse.jetty.io.AbstractConnection - fillInterested HttpConnection@12112891::DecryptedEndPoint@16958dba{l=/127.0.0.1:37555,r=/127.0.0.1:51392,OPEN,fill=-,flush=-,to=0/30000}
02:33:25.827 [qtp399373008-55] DEBUG org.eclipse.jetty.io.FillInterest - interested FillInterest@165f5621{AC.ReadCB@12112891{HttpConnection@12112891::DecryptedEndPoint@16958dba{l=/127.0.0.1:37555,r=/127.0.0.1:51392,OPEN,fill=FI,flush=-,to=0/30000}}}
02:33:25.827 [qtp399373008-55] DEBUG org.eclipse.jetty.io.ssl.SslConnection - >needFillInterest s=IDLE/IDLE uf=false ei=null di=null SslConnection@37d311bf::SocketChannelEndPoint@373c4f5d{l=/127.0.0.1:37555,r=/127.0.0.1:51392,OPEN,fill=-,flush=-,to=0/30000}{io=0/0,kio=0,kro=0}->SslConnection@37d311bf{NOT_HANDSHAKING,eio=-1/-1,di=-1,fill=IDLE,flush=IDLE}~>DecryptedEndPoint@16958dba{l=/127.0.0.1:37555,r=/127.0.0.1:51392,OPEN,fill=FI,flush=-,to=0/30000}=>HttpConnection@12112891[p=HttpParser{s=START,0 of -1},g=HttpGenerator@d91a2a2{s=START}]=>HttpChannelOverHttp@6ec760f8{s=HttpChannelState@43866430{s=IDLE rs=BLOCKING os=OPEN is=IDLE awp=false se=false i=true al=0},r=0,c=false/false,a=IDLE,uri=null,age=0}
02:33:25.827 [qtp399373008-55] DEBUG org.eclipse.jetty.io.ssl.SslConnection - <needFillInterest s=IDLE/INTERESTED f=false i=true w=null
02:33:25.828 [qtp399373008-55] DEBUG org.eclipse.jetty.io.ssl.SslConnection - ensureFillInterested SslConnection@37d311bf::SocketChannelEndPoint@373c4f5d{l=/127.0.0.1:37555,r=/127.0.0.1:51392,OPEN,fill=-,flush=-,to=0/30000}{io=0/0,kio=0,kro=0}->SslConnection@37d311bf{NOT_HANDSHAKING,eio=-1/-1,di=-1,fill=INTERESTED,flush=IDLE}~>DecryptedEndPoint@16958dba{l=/127.0.0.1:37555,r=/127.0.0.1:51392,OPEN,fill=FI,flush=-,to=0/30000}=>HttpConnection@12112891[p=HttpParser{s=START,0 of -1},g=HttpGenerator@d91a2a2{s=START}]=>HttpChannelOverHttp@6ec760f8{s=HttpChannelState@43866430{s=IDLE rs=BLOCKING os=OPEN is=IDLE awp=false se=false i=true al=0},r=0,c=false/false,a=IDLE,uri=null,age=0}
02:33:25.828 [qtp399373008-55] DEBUG org.eclipse.jetty.io.FillInterest - interested FillInterest@73ea0673{SSLC.NBReadCB@37d311bf{SslConnection@37d311bf::SocketChannelEndPoint@373c4f5d{l=/127.0.0.1:37555,r=/127.0.0.1:51392,OPEN,fill=FI,flush=-,to=0/30000}{io=0/0,kio=0,kro=0}->SslConnection@37d311bf{NOT_HANDSHAKING,eio=-1/-1,di=-1,fill=INTERESTED,flush=IDLE}~>DecryptedEndPoint@16958dba{l=/127.0.0.1:37555,r=/127.0.0.1:51392,OPEN,fill=FI,flush=-,to=0/30000}=>HttpConnection@12112891[p=HttpParser{s=START,0 of -1},g=HttpGenerator@d91a2a2{s=START}]=>HttpChannelOverHttp@6ec760f8{s=HttpChannelState@43866430{s=IDLE rs=BLOCKING os=OPEN is=IDLE awp=false se=false i=true al=0},r=0,c=false/false,a=IDLE,uri=null,age=0}}}
02:33:25.828 [qtp399373008-55] DEBUG org.eclipse.jetty.io.ChannelEndPoint - changeInterests p=false 0->1 for SocketChannelEndPoint@373c4f5d{l=/127.0.0.1:37555,r=/127.0.0.1:51392,OPEN,fill=FI,flush=-,to=0/30000}{io=0/1,kio=0,kro=0}->SslConnection@37d311bf{NOT_HANDSHAKING,eio=-1/-1,di=-1,fill=INTERESTED,flush=IDLE}~>DecryptedEndPoint@16958dba{l=/127.0.0.1:37555,r=/127.0.0.1:51392,OPEN,fill=FI,flush=-,to=0/30000}=>HttpConnection@12112891[p=HttpParser{s=START,0 of -1},g=HttpGenerator@d91a2a2{s=START}]=>HttpChannelOverHttp@6ec760f8{s=HttpChannelState@43866430{s=IDLE rs=BLOCKING os=OPEN is=IDLE awp=false se=false i=true al=0},r=0,c=false/false,a=IDLE,uri=null,age=0}
02:33:25.828 [qtp399373008-55] DEBUG org.eclipse.jetty.io.ManagedSelector - Queued change lazy=false org.eclipse.jetty.io.ChannelEndPoint$$Lambda$255/1238156519@5c9bbf58 on ManagedSelector@5733f295{STARTED} id=1 keys=2 selected=0 updates=1
02:33:25.828 [qtp399373008-55] DEBUG org.eclipse.jetty.io.ManagedSelector - Wakeup on submit ManagedSelector@5733f295{STARTED} id=1 keys=2 selected=0 updates=2
02:33:25.828 [qtp399373008-60] DEBUG org.eclipse.jetty.io.ManagedSelector - Selector sun.nio.ch.EPollSelectorImpl@2dfbb6ae woken with none selected
02:33:25.828 [qtp399373008-60] DEBUG org.eclipse.jetty.io.ManagedSelector - Selector sun.nio.ch.EPollSelectorImpl@2dfbb6ae woken up from select, 0/0/2 selected
02:33:25.828 [qtp399373008-55] DEBUG org.eclipse.jetty.io.ManagedSelector - Created SocketChannelEndPoint@373c4f5d{l=/127.0.0.1:37555,r=/127.0.0.1:51392,OPEN,fill=FI,flush=-,to=0/30000}{io=0/1,kio=0,kro=0}->SslConnection@37d311bf{NOT_HANDSHAKING,eio=-1/-1,di=-1,fill=INTERESTED,flush=IDLE}~>DecryptedEndPoint@16958dba{l=/127.0.0.1:37555,r=/127.0.0.1:51392,OPEN,fill=FI,flush=-,to=0/30000}=>HttpConnection@12112891[p=HttpParser{s=START,0 of -1},g=HttpGenerator@d91a2a2{s=START}]=>HttpChannelOverHttp@6ec760f8{s=HttpChannelState@43866430{s=IDLE rs=BLOCKING os=OPEN is=IDLE awp=false se=false i=true al=0},r=0,c=false/false,a=IDLE,uri=null,age=0}
02:33:25.828 [qtp399373008-60] DEBUG org.eclipse.jetty.io.ManagedSelector - Selector sun.nio.ch.EPollSelectorImpl@2dfbb6ae processing 0 keys, 2 updates
02:33:25.828 [qtp399373008-60] DEBUG org.eclipse.jetty.io.ManagedSelector - updateable 2
02:33:25.828 [qtp399373008-55] DEBUG org.eclipse.jetty.util.thread.QueuedThreadPool - ran Accept@4d8b4c0b[java.nio.channels.SocketChannel[connected local=/127.0.0.1:37555 remote=/127.0.0.1:51392]] in QueuedThreadPool[qtp399373008]@17cdf2d0{STARTED,8<=8<=200,i=0,r=-1,q=0}[ReservedThreadExecutor@424fd310{reserved=2/8,pending=0}]
02:33:25.828 [qtp399373008-60] DEBUG org.eclipse.jetty.io.ManagedSelector - update org.eclipse.jetty.io.ManagedSelector$$Lambda$258/1710399120@47044a8b
02:33:25.828 [qtp399373008-60] DEBUG org.eclipse.jetty.io.ManagedSelector - update org.eclipse.jetty.io.ChannelEndPoint$$Lambda$255/1238156519@5c9bbf58
02:33:25.828 [qtp399373008-60] DEBUG org.eclipse.jetty.io.ChannelEndPoint - Key interests updated 0 -> 1 on SocketChannelEndPoint@373c4f5d{l=/127.0.0.1:37555,r=/127.0.0.1:51392,OPEN,fill=FI,flush=-,to=0/30000}{io=1/1,kio=1,kro=0}->SslConnection@37d311bf{NOT_HANDSHAKING,eio=-1/-1,di=-1,fill=INTERESTED,flush=IDLE}~>DecryptedEndPoint@16958dba{l=/127.0.0.1:37555,r=/127.0.0.1:51392,OPEN,fill=FI,flush=-,to=0/30000}=>HttpConnection@12112891[p=HttpParser{s=START,0 of -1},g=HttpGenerator@d91a2a2{s=START}]=>HttpChannelOverHttp@6ec760f8{s=HttpChannelState@43866430{s=IDLE rs=BLOCKING os=OPEN is=IDLE awp=false se=false i=true al=0},r=0,c=false/false,a=IDLE,uri=null,age=0}
02:33:25.828 [qtp399373008-60] DEBUG org.eclipse.jetty.io.ManagedSelector - updates 0
02:33:25.828 [qtp399373008-60] DEBUG org.eclipse.jetty.io.ManagedSelector - Selector sun.nio.ch.EPollSelectorImpl@2dfbb6ae waiting with 2 keys
02:33:25.829 [qtp399373008-60] DEBUG org.eclipse.jetty.io.ManagedSelector - Selector sun.nio.ch.EPollSelectorImpl@2dfbb6ae woken up from select, 1/1/2 selected
02:33:25.829 [qtp399373008-60] DEBUG org.eclipse.jetty.io.ManagedSelector - Selector sun.nio.ch.EPollSelectorImpl@2dfbb6ae processing 1 keys, 0 updates
02:33:25.829 [qtp399373008-60] DEBUG org.eclipse.jetty.io.ManagedSelector - selected 1 sun.nio.ch.SelectionKeyImpl@21cca121 SocketChannelEndPoint@373c4f5d{l=/127.0.0.1:37555,r=/127.0.0.1:51392,OPEN,fill=FI,flush=-,to=1/30000}{io=1/1,kio=1,kro=1}->SslConnection@37d311bf{NOT_HANDSHAKING,eio=-1/-1,di=-1,fill=INTERESTED,flush=IDLE}~>DecryptedEndPoint@16958dba{l=/127.0.0.1:37555,r=/127.0.0.1:51392,OPEN,fill=FI,flush=-,to=1/30000}=>HttpConnection@12112891[p=HttpParser{s=START,0 of -1},g=HttpGenerator@d91a2a2{s=START}]=>HttpChannelOverHttp@6ec760f8{s=HttpChannelState@43866430{s=IDLE rs=BLOCKING os=OPEN is=IDLE awp=false se=false i=true al=0},r=0,c=false/false,a=IDLE,uri=null,age=0} 
02:33:25.829 [qtp399373008-60] DEBUG org.eclipse.jetty.io.ChannelEndPoint - onSelected 1->0 r=true w=false for SocketChannelEndPoint@373c4f5d{l=/127.0.0.1:37555,r=/127.0.0.1:51392,OPEN,fill=FI,flush=-,to=1/30000}{io=1/0,kio=1,kro=1}->SslConnection@37d311bf{NOT_HANDSHAKING,eio=-1/-1,di=-1,fill=INTERESTED,flush=IDLE}~>DecryptedEndPoint@16958dba{l=/127.0.0.1:37555,r=/127.0.0.1:51392,OPEN,fill=FI,flush=-,to=1/30000}=>HttpConnection@12112891[p=HttpParser{s=START,0 of -1},g=HttpGenerator@d91a2a2{s=START}]=>HttpChannelOverHttp@6ec760f8{s=HttpChannelState@43866430{s=IDLE rs=BLOCKING os=OPEN is=IDLE awp=false se=false i=true al=0},r=0,c=false/false,a=IDLE,uri=null,age=0}
02:33:25.829 [qtp399373008-60] DEBUG org.eclipse.jetty.io.ChannelEndPoint - task CEP:SocketChannelEndPoint@373c4f5d{l=/127.0.0.1:37555,r=/127.0.0.1:51392,OPEN,fill=FI,flush=-,to=1/30000}{io=1/0,kio=1,kro=1}->SslConnection@37d311bf{NOT_HANDSHAKING,eio=-1/-1,di=-1,fill=INTERESTED,flush=IDLE}~>DecryptedEndPoint@16958dba{l=/127.0.0.1:37555,r=/127.0.0.1:51392,OPEN,fill=FI,flush=-,to=1/30000}=>HttpConnection@12112891[p=HttpParser{s=START,0 of -1},g=HttpGenerator@d91a2a2{s=START}]=>HttpChannelOverHttp@6ec760f8{s=HttpChannelState@43866430{s=IDLE rs=BLOCKING os=OPEN is=IDLE awp=false se=false i=true al=0},r=0,c=false/false,a=IDLE,uri=null,age=0}:runFillable:BLOCKING
02:33:25.829 [qtp399373008-60] DEBUG org.eclipse.jetty.util.thread.ReservedThreadExecutor - ReservedThreadExecutor@424fd310{reserved=2/8,pending=0} tryExecute EatWhatYouKill@b7838a9/SelectorProducer@696f0212/PRODUCING/p=false/QueuedThreadPool[qtp399373008]@17cdf2d0{STARTED,8<=8<=200,i=1,r=-1,q=0}[ReservedThreadExecutor@424fd310{reserved=2/8,pending=0}][pc=0,pic=0,pec=1,epc=2]@2024-05-02T02:33:25.829+01:00
02:33:25.829 [qtp399373008-57] DEBUG org.eclipse.jetty.util.thread.ReservedThreadExecutor - ReservedThread@1d7308e6{RESERVED,thread=Thread[qtp399373008-57,5,main]} task=EatWhatYouKill@b7838a9/SelectorProducer@696f0212/IDLE/p=true/QueuedThreadPool[qtp399373008]@17cdf2d0{STARTED,8<=8<=200,i=1,r=-1,q=0}[ReservedThreadExecutor@424fd310{reserved=1/8,pending=0}][pc=0,pic=0,pec=1,epc=2]@2024-05-02T02:33:25.829+01:00 ReservedThreadExecutor@424fd310{reserved=1/8,pending=0}
02:33:25.829 [qtp399373008-60] DEBUG org.eclipse.jetty.util.thread.strategy.EatWhatYouKill - EatWhatYouKill@b7838a9/SelectorProducer@696f0212/IDLE/p=true/QueuedThreadPool[qtp399373008]@17cdf2d0{STARTED,8<=8<=200,i=1,r=-1,q=0}[ReservedThreadExecutor@424fd310{reserved=1/8,pending=0}][pc=0,pic=0,pec=1,epc=2]@2024-05-02T02:33:25.829+01:00 m=EXECUTE_PRODUCE_CONSUME t=CEP:SocketChannelEndPoint@373c4f5d{l=/127.0.0.1:37555,r=/127.0.0.1:51392,OPEN,fill=FI,flush=-,to=1/30000}{io=1/0,kio=1,kro=1}->SslConnection@37d311bf{NOT_HANDSHAKING,eio=-1/-1,di=-1,fill=INTERESTED,flush=IDLE}~>DecryptedEndPoint@16958dba{l=/127.0.0.1:37555,r=/127.0.0.1:51392,OPEN,fill=FI,flush=-,to=1/30000}=>HttpConnection@12112891[p=HttpParser{s=START,0 of -1},g=HttpGenerator@d91a2a2{s=START}]=>HttpChannelOverHttp@6ec760f8{s=HttpChannelState@43866430{s=IDLE rs=BLOCKING os=OPEN is=IDLE awp=false se=false i=true al=0},r=0,c=false/false,a=IDLE,uri=null,age=0}:runFillable:BLOCKING/BLOCKING
02:33:25.829 [qtp399373008-57] DEBUG org.eclipse.jetty.util.thread.strategy.EatWhatYouKill - EatWhatYouKill@b7838a9/SelectorProducer@696f0212/IDLE/p=true/QueuedThreadPool[qtp399373008]@17cdf2d0{STARTED,8<=8<=200,i=1,r=-1,q=0}[ReservedThreadExecutor@424fd310{reserved=1/8,pending=0}][pc=0,pic=0,pec=1,epc=2]@2024-05-02T02:33:25.829+01:00 tryProduce true
02:33:25.829 [qtp399373008-57] DEBUG org.eclipse.jetty.io.ManagedSelector - updateable 0
02:33:25.829 [qtp399373008-57] DEBUG org.eclipse.jetty.io.ManagedSelector - updates 0
02:33:25.829 [qtp399373008-60] DEBUG org.eclipse.jetty.io.FillInterest - fillable FillInterest@73ea0673{SSLC.NBReadCB@37d311bf{SslConnection@37d311bf::SocketChannelEndPoint@373c4f5d{l=/127.0.0.1:37555,r=/127.0.0.1:51392,OPEN,fill=FI,flush=-,to=1/30000}{io=1/0,kio=1,kro=1}->SslConnection@37d311bf{NOT_HANDSHAKING,eio=-1/-1,di=-1,fill=INTERESTED,flush=IDLE}~>DecryptedEndPoint@16958dba{l=/127.0.0.1:37555,r=/127.0.0.1:51392,OPEN,fill=FI,flush=-,to=1/30000}=>HttpConnection@12112891[p=HttpParser{s=START,0 of -1},g=HttpGenerator@d91a2a2{s=START}]=>HttpChannelOverHttp@6ec760f8{s=HttpChannelState@43866430{s=IDLE rs=BLOCKING os=OPEN is=IDLE awp=false se=false i=true al=0},r=0,c=false/false,a=IDLE,uri=null,age=0}}}
02:33:25.829 [qtp399373008-57] DEBUG org.eclipse.jetty.io.ChannelEndPoint - Key interests updated 1 -> 0 on SocketChannelEndPoint@373c4f5d{l=/127.0.0.1:37555,r=/127.0.0.1:51392,OPEN,fill=FI,flush=-,to=1/30000}{io=0/0,kio=0,kro=1}->SslConnection@37d311bf{NOT_HANDSHAKING,eio=-1/-1,di=-1,fill=INTERESTED,flush=IDLE}~>DecryptedEndPoint@16958dba{l=/127.0.0.1:37555,r=/127.0.0.1:51392,OPEN,fill=FI,flush=-,to=2/30000}=>HttpConnection@12112891[p=HttpParser{s=START,0 of -1},g=HttpGenerator@d91a2a2{s=START}]=>HttpChannelOverHttp@6ec760f8{s=HttpChannelState@43866430{s=IDLE rs=BLOCKING os=OPEN is=IDLE awp=false se=false i=true al=0},r=0,c=false/false,a=IDLE,uri=null,age=0}
02:33:25.829 [qtp399373008-60] DEBUG org.eclipse.jetty.io.ssl.SslConnection - >c.onFillable SslConnection@37d311bf::SocketChannelEndPoint@373c4f5d{l=/127.0.0.1:37555,r=/127.0.0.1:51392,OPEN,fill=-,flush=-,to=1/30000}{io=0/0,kio=0,kro=1}->SslConnection@37d311bf{NOT_HANDSHAKING,eio=-1/-1,di=-1,fill=INTERESTED,flush=IDLE}~>DecryptedEndPoint@16958dba{l=/127.0.0.1:37555,r=/127.0.0.1:51392,OPEN,fill=FI,flush=-,to=2/30000}=>HttpConnection@12112891[p=HttpParser{s=START,0 of -1},g=HttpGenerator@d91a2a2{s=START}]=>HttpChannelOverHttp@6ec760f8{s=HttpChannelState@43866430{s=IDLE rs=BLOCKING os=OPEN is=IDLE awp=false se=false i=true al=0},r=0,c=false/false,a=IDLE,uri=null,age=0}
02:33:25.829 [qtp399373008-57] DEBUG org.eclipse.jetty.io.ManagedSelector - Selector sun.nio.ch.EPollSelectorImpl@2dfbb6ae waiting with 2 keys
02:33:25.829 [qtp399373008-60] DEBUG org.eclipse.jetty.io.ssl.SslConnection - onFillable SslConnection@37d311bf::SocketChannelEndPoint@373c4f5d{l=/127.0.0.1:37555,r=/127.0.0.1:51392,OPEN,fill=-,flush=-,to=1/30000}{io=0/0,kio=0,kro=1}->SslConnection@37d311bf{NOT_HANDSHAKING,eio=-1/-1,di=-1,fill=INTERESTED,flush=IDLE}~>DecryptedEndPoint@16958dba{l=/127.0.0.1:37555,r=/127.0.0.1:51392,OPEN,fill=FI,flush=-,to=2/30000}=>HttpConnection@12112891[p=HttpParser{s=START,0 of -1},g=HttpGenerator@d91a2a2{s=START}]=>HttpChannelOverHttp@6ec760f8{s=HttpChannelState@43866430{s=IDLE rs=BLOCKING os=OPEN is=IDLE awp=false se=false i=true al=0},r=0,c=false/false,a=IDLE,uri=null,age=0}
02:33:25.830 [qtp399373008-60] DEBUG org.eclipse.jetty.io.FillInterest - fillable FillInterest@165f5621{AC.ReadCB@12112891{HttpConnection@12112891::DecryptedEndPoint@16958dba{l=/127.0.0.1:37555,r=/127.0.0.1:51392,OPEN,fill=FI,flush=-,to=2/30000}}}
02:33:25.830 [qtp399373008-60] DEBUG org.eclipse.jetty.server.HttpConnection - HttpConnection@12112891::DecryptedEndPoint@16958dba{l=/127.0.0.1:37555,r=/127.0.0.1:51392,OPEN,fill=-,flush=-,to=2/30000} onFillable enter HttpChannelState@43866430{s=IDLE rs=BLOCKING os=OPEN is=IDLE awp=false se=false i=true al=0} null
02:33:25.830 [qtp399373008-60] DEBUG org.eclipse.jetty.io.ssl.SslConnection - >fill SslConnection@37d311bf::SocketChannelEndPoint@373c4f5d{l=/127.0.0.1:37555,r=/127.0.0.1:51392,OPEN,fill=-,flush=-,to=2/30000}{io=0/0,kio=0,kro=1}->SslConnection@37d311bf{NOT_HANDSHAKING,eio=-1/-1,di=-1,fill=IDLE,flush=IDLE}~>DecryptedEndPoint@16958dba{l=/127.0.0.1:37555,r=/127.0.0.1:51392,OPEN,fill=-,flush=-,to=2/30000}=>HttpConnection@12112891[p=HttpParser{s=START,0 of -1},g=HttpGenerator@d91a2a2{s=START}]=>HttpChannelOverHttp@6ec760f8{s=HttpChannelState@43866430{s=IDLE rs=BLOCKING os=OPEN is=IDLE awp=false se=false i=true al=0},r=0,c=false/false,a=IDLE,uri=null,age=0}
02:33:25.830 [qtp399373008-60] DEBUG org.eclipse.jetty.io.ssl.SslConnection - fill NOT_HANDSHAKING
02:33:25.830 [qtp399373008-60] DEBUG org.eclipse.jetty.io.ChannelEndPoint - filled 339 HeapByteBuffer@196acfdd[p=0,l=339,c=17408,r=339]={<<<\x16\x03\x03\x01N\x01\x00\x01J\x03\x03\xF8\xDc\x86\x98\xA2\x19\xCc\x08\x05:1\xA13\xC9...\xB8\xCe\x803\x00Z\xC5\xA7\xFd\xD8m\xF8xC\xAf\xDbc\x94\xFf\x01\x00\x01\x00>>>\xF9\xFb}{\xC0\xFag\xC6G...\x00\x00\x00\x00\x00\x00\x00}
02:33:25.830 [qtp399373008-60] DEBUG org.eclipse.jetty.io.ssl.SslConnection - net filled=339
02:33:25.830 [qtp399373008-60] DEBUG org.eclipse.jetty.io.ssl.SslConnection - fill starting handshake SslConnection@37d311bf::SocketChannelEndPoint@373c4f5d{l=/127.0.0.1:37555,r=/127.0.0.1:51392,OPEN,fill=-,flush=-,to=0/30000}{io=0/0,kio=0,kro=1}->SslConnection@37d311bf{NOT_HANDSHAKING,eio=339/-1,di=-1,fill=IDLE,flush=IDLE}~>DecryptedEndPoint@16958dba{l=/127.0.0.1:37555,r=/127.0.0.1:51392,OPEN,fill=-,flush=-,to=2/30000}=>HttpConnection@12112891[p=HttpParser{s=START,0 of -1},g=HttpGenerator@d91a2a2{s=START}]=>HttpChannelOverHttp@6ec760f8{s=HttpChannelState@43866430{s=IDLE rs=BLOCKING os=OPEN is=IDLE awp=false se=false i=true al=0},r=0,c=false/false,a=IDLE,uri=null,age=0}
02:33:25.830 [qtp399373008-60] DEBUG org.eclipse.jetty.io.ssl.SslConnection - unwrap net_filled=339 Status = OK HandshakeStatus = NEED_TASK bytesConsumed = 339 bytesProduced = 0 encryptedBuffer=[p=339,l=339,c=17408,r=0] unwrapBuffer=HeapByteBuffer@ecac914[p=0,l=0,c=17408,r=0]={<<<>>>GET /conf...\x00\x00\x00\x00\x00\x00\x00} appBuffer=HeapByteBuffer@ecac914[p=0,l=0,c=17408,r=0]={<<<>>>GET /conf...\x00\x00\x00\x00\x00\x00\x00}
02:33:25.830 [qtp399373008-60] DEBUG org.eclipse.jetty.io.ssl.SslConnection - fill NEED_TASK
02:33:25.836 [qtp399373008-60] DEBUG org.eclipse.jetty.io.ssl.SslConnection - fill NEED_WRAP
02:33:25.837 [qtp399373008-60] DEBUG org.eclipse.jetty.io.ssl.SslConnection - >flush SslConnection@37d311bf::SocketChannelEndPoint@373c4f5d{l=/127.0.0.1:37555,r=/127.0.0.1:51392,OPEN,fill=-,flush=-,to=6/30000}{io=0/0,kio=0,kro=1}->SslConnection@37d311bf{NEED_WRAP,eio=0/-1,di=-1,fill=IDLE,flush=IDLE}~>DecryptedEndPoint@16958dba{l=/127.0.0.1:37555,r=/127.0.0.1:51392,OPEN,fill=-,flush=-,to=9/30000}=>HttpConnection@12112891[p=HttpParser{s=START,0 of -1},g=HttpGenerator@d91a2a2{s=START}]=>HttpChannelOverHttp@6ec760f8{s=HttpChannelState@43866430{s=IDLE rs=BLOCKING os=OPEN is=IDLE awp=false se=false i=true al=0},r=0,c=false/false,a=IDLE,uri=null,age=0}
02:33:25.837 [qtp399373008-60] DEBUG org.eclipse.jetty.io.ssl.SslConnection - flush b[0]=HeapByteBuffer@98da274[p=0,l=0,c=0,r=0]={<<<>>>}
02:33:25.837 [qtp399373008-60] DEBUG org.eclipse.jetty.io.ssl.SslConnection - flush NEED_WRAP
02:33:25.837 [qtp399373008-60] DEBUG org.eclipse.jetty.io.ssl.SslConnection - wrap Status = OK HandshakeStatus = NEED_WRAP bytesConsumed = 0 bytesProduced = 160 [p=0,l=160,c=17408,r=160] ioDone=false/false
02:33:25.837 [qtp399373008-60] DEBUG org.eclipse.jetty.io.ChannelEndPoint - flushed 160 SocketChannelEndPoint@373c4f5d{l=/127.0.0.1:37555,r=/127.0.0.1:51392,OPEN,fill=-,flush=-,to=6/30000}{io=0/0,kio=0,kro=1}->SslConnection@37d311bf{NEED_WRAP,eio=0/0,di=-1,fill=IDLE,flush=IDLE}~>DecryptedEndPoint@16958dba{l=/127.0.0.1:37555,r=/127.0.0.1:51392,OPEN,fill=-,flush=-,to=9/30000}=>HttpConnection@12112891[p=HttpParser{s=START,0 of -1},g=HttpGenerator@d91a2a2{s=START}]=>HttpChannelOverHttp@6ec760f8{s=HttpChannelState@43866430{s=IDLE rs=BLOCKING os=OPEN is=IDLE awp=false se=false i=true al=0},r=0,c=false/false,a=IDLE,uri=null,age=0}
02:33:25.837 [qtp399373008-60] DEBUG org.eclipse.jetty.io.ssl.SslConnection - net flushed=true, ac=true
02:33:25.837 [qtp399373008-60] DEBUG org.eclipse.jetty.io.ssl.SslConnection - flush NEED_WRAP
02:33:25.837 [qtp399373008-60] DEBUG org.eclipse.jetty.io.ssl.SslConnection - wrap Status = OK HandshakeStatus = NEED_WRAP bytesConsumed = 0 bytesProduced = 6 [p=0,l=6,c=17408,r=6] ioDone=false/false
02:33:25.837 [qtp399373008-60] DEBUG org.eclipse.jetty.io.ChannelEndPoint - flushed 6 SocketChannelEndPoint@373c4f5d{l=/127.0.0.1:37555,r=/127.0.0.1:51392,OPEN,fill=-,flush=-,to=0/30000}{io=0/0,kio=0,kro=1}->SslConnection@37d311bf{NEED_WRAP,eio=0/0,di=-1,fill=IDLE,flush=IDLE}~>DecryptedEndPoint@16958dba{l=/127.0.0.1:37555,r=/127.0.0.1:51392,OPEN,fill=-,flush=-,to=9/30000}=>HttpConnection@12112891[p=HttpParser{s=START,0 of -1},g=HttpGenerator@d91a2a2{s=START}]=>HttpChannelOverHttp@6ec760f8{s=HttpChannelState@43866430{s=IDLE rs=BLOCKING os=OPEN is=IDLE awp=false se=false i=true al=0},r=0,c=false/false,a=IDLE,uri=null,age=0}
02:33:25.837 [qtp399373008-60] DEBUG org.eclipse.jetty.io.ssl.SslConnection - net flushed=true, ac=true
02:33:25.837 [qtp399373008-60] DEBUG org.eclipse.jetty.io.ssl.SslConnection - flush NEED_WRAP
02:33:25.837 [qtp399373008-60] DEBUG org.eclipse.jetty.io.ssl.SslConnection - wrap Status = OK HandshakeStatus = NEED_UNWRAP bytesConsumed = 0 bytesProduced = 1597 [p=0,l=1597,c=17408,r=1597] ioDone=false/false
02:33:25.837 [qtp399373008-60] DEBUG org.eclipse.jetty.io.ChannelEndPoint - flushed 1597 SocketChannelEndPoint@373c4f5d{l=/127.0.0.1:37555,r=/127.0.0.1:51392,OPEN,fill=-,flush=-,to=0/30000}{io=0/0,kio=0,kro=1}->SslConnection@37d311bf{NEED_UNWRAP,eio=0/0,di=-1,fill=IDLE,flush=IDLE}~>DecryptedEndPoint@16958dba{l=/127.0.0.1:37555,r=/127.0.0.1:51392,OPEN,fill=-,flush=-,to=10/30000}=>HttpConnection@12112891[p=HttpParser{s=START,0 of -1},g=HttpGenerator@d91a2a2{s=START}]=>HttpChannelOverHttp@6ec760f8{s=HttpChannelState@43866430{s=IDLE rs=BLOCKING os=OPEN is=IDLE awp=false se=false i=true al=0},r=0,c=false/false,a=IDLE,uri=null,age=0}
02:33:25.837 [qtp399373008-60] DEBUG org.eclipse.jetty.io.ssl.SslConnection - net flushed=true, ac=true
02:33:25.837 [qtp399373008-60] DEBUG org.eclipse.jetty.io.ssl.SslConnection - <flush true SslConnection@37d311bf::SocketChannelEndPoint@373c4f5d{l=/127.0.0.1:37555,r=/127.0.0.1:51392,OPEN,fill=-,flush=-,to=0/30000}{io=0/0,kio=0,kro=1}->SslConnection@37d311bf{NEED_UNWRAP,eio=0/-1,di=-1,fill=IDLE,flush=IDLE}~>DecryptedEndPoint@16958dba{l=/127.0.0.1:37555,r=/127.0.0.1:51392,OPEN,fill=-,flush=-,to=10/30000}=>HttpConnection@12112891[p=HttpParser{s=START,0 of -1},g=HttpGenerator@d91a2a2{s=START}]=>HttpChannelOverHttp@6ec760f8{s=HttpChannelState@43866430{s=IDLE rs=BLOCKING os=OPEN is=IDLE awp=false se=false i=true al=0},r=0,c=false/false,a=IDLE,uri=null,age=0}
02:33:25.838 [qtp399373008-60] DEBUG org.eclipse.jetty.io.ssl.SslConnection - fill NEED_UNWRAP
02:33:25.838 [qtp399373008-60] DEBUG org.eclipse.jetty.io.ChannelEndPoint - filled 0 HeapByteBuffer@196acfdd[p=0,l=0,c=17408,r=0]={<<<>>>\x16\x03\x03\x01N\x01\x00\x01J...\x00\x00\x00\x00\x00\x00\x00}
02:33:25.838 [qtp399373008-60] DEBUG org.eclipse.jetty.io.ssl.SslConnection - net filled=0
02:33:25.838 [qtp399373008-60] DEBUG org.eclipse.jetty.io.ssl.SslConnection - unwrap net_filled=0 Status = BUFFER_UNDERFLOW HandshakeStatus = NEED_UNWRAP bytesConsumed = 0 bytesProduced = 0 encryptedBuffer=[p=0,l=0,c=17408,r=0] unwrapBuffer=HeapByteBuffer@ecac914[p=0,l=0,c=17408,r=0]={<<<>>>GET /conf...\x00\x00\x00\x00\x00\x00\x00} appBuffer=HeapByteBuffer@ecac914[p=0,l=0,c=17408,r=0]={<<<>>>GET /conf...\x00\x00\x00\x00\x00\x00\x00}
02:33:25.838 [qtp399373008-60] DEBUG org.eclipse.jetty.io.ssl.SslConnection - <fill f=0 uf=true SslConnection@37d311bf::SocketChannelEndPoint@373c4f5d{l=/127.0.0.1:37555,r=/127.0.0.1:51392,OPEN,fill=-,flush=-,to=0/30000}{io=0/0,kio=0,kro=1}->SslConnection@37d311bf{NEED_UNWRAP,eio=-1/-1,di=-1,fill=IDLE,flush=IDLE}~>DecryptedEndPoint@16958dba{l=/127.0.0.1:37555,r=/127.0.0.1:51392,OPEN,fill=-,flush=-,to=10/30000}=>HttpConnection@12112891[p=HttpParser{s=START,0 of -1},g=HttpGenerator@d91a2a2{s=START}]=>HttpChannelOverHttp@6ec760f8{s=HttpChannelState@43866430{s=IDLE rs=BLOCKING os=OPEN is=IDLE awp=false se=false i=true al=0},r=0,c=false/false,a=IDLE,uri=null,age=0}
02:33:25.838 [qtp399373008-60] DEBUG org.eclipse.jetty.io.ssl.SslConnection - >fill SslConnection@37d311bf::SocketChannelEndPoint@373c4f5d{l=/127.0.0.1:37555,r=/127.0.0.1:51392,OPEN,fill=-,flush=-,to=0/30000}{io=0/0,kio=0,kro=1}->SslConnection@37d311bf{NEED_UNWRAP,eio=-1/-1,di=-1,fill=IDLE,flush=IDLE}~>DecryptedEndPoint@16958dba{l=/127.0.0.1:37555,r=/127.0.0.1:51392,OPEN,fill=-,flush=-,to=10/30000}=>HttpConnection@12112891[p=HttpParser{s=START,0 of -1},g=HttpGenerator@d91a2a2{s=START}]=>HttpChannelOverHttp@6ec760f8{s=HttpChannelState@43866430{s=IDLE rs=BLOCKING os=OPEN is=IDLE awp=false se=false i=true al=0},r=0,c=false/false,a=IDLE,uri=null,age=0}
02:33:25.838 [qtp399373008-60] DEBUG org.eclipse.jetty.io.ssl.SslConnection - fill NEED_UNWRAP
02:33:25.838 [qtp399373008-60] DEBUG org.eclipse.jetty.io.ChannelEndPoint - filled 0 HeapByteBuffer@d26bd[p=0,l=0,c=17408,r=0]={<<<>>>\x17\x03\x03\x068\xC9\xD7\x9c\xCa...\x00\x00\x00\x00\x00\x00\x00}
02:33:25.838 [qtp399373008-60] DEBUG org.eclipse.jetty.io.ssl.SslConnection - net filled=0
02:33:25.838 [qtp399373008-60] DEBUG org.eclipse.jetty.io.ssl.SslConnection - unwrap net_filled=0 Status = BUFFER_UNDERFLOW HandshakeStatus = NEED_UNWRAP bytesConsumed = 0 bytesProduced = 0 encryptedBuffer=[p=0,l=0,c=17408,r=0] unwrapBuffer=HeapByteBuffer@ecac914[p=0,l=0,c=17408,r=0]={<<<>>>GET /conf...\x00\x00\x00\x00\x00\x00\x00} appBuffer=HeapByteBuffer@ecac914[p=0,l=0,c=17408,r=0]={<<<>>>GET /conf...\x00\x00\x00\x00\x00\x00\x00}
02:33:25.838 [qtp399373008-60] DEBUG org.eclipse.jetty.io.ssl.SslConnection - <fill f=0 uf=true SslConnection@37d311bf::SocketChannelEndPoint@373c4f5d{l=/127.0.0.1:37555,r=/127.0.0.1:51392,OPEN,fill=-,flush=-,to=0/30000}{io=0/0,kio=0,kro=1}->SslConnection@37d311bf{NEED_UNWRAP,eio=-1/-1,di=-1,fill=IDLE,flush=IDLE}~>DecryptedEndPoint@16958dba{l=/127.0.0.1:37555,r=/127.0.0.1:51392,OPEN,fill=-,flush=-,to=10/30000}=>HttpConnection@12112891[p=HttpParser{s=START,0 of -1},g=HttpGenerator@d91a2a2{s=START}]=>HttpChannelOverHttp@6ec760f8{s=HttpChannelState@43866430{s=IDLE rs=BLOCKING os=OPEN is=IDLE awp=false se=false i=true al=0},r=0,c=false/false,a=IDLE,uri=null,age=0}
02:33:25.838 [qtp399373008-60] DEBUG org.eclipse.jetty.server.HttpConnection - HttpConnection@12112891::DecryptedEndPoint@16958dba{l=/127.0.0.1:37555,r=/127.0.0.1:51392,OPEN,fill=-,flush=-,to=10/30000} filled 0 HeapByteBuffer@ecac914[p=0,l=0,c=17408,r=0]={<<<>>>GET /conf...\x00\x00\x00\x00\x00\x00\x00}
02:33:25.838 [qtp399373008-60] DEBUG org.eclipse.jetty.server.HttpConnection - HttpConnection@12112891::DecryptedEndPoint@16958dba{l=/127.0.0.1:37555,r=/127.0.0.1:51392,OPEN,fill=-,flush=-,to=10/30000} parse HeapByteBuffer@ecac914[p=0,l=0,c=17408,r=0]={<<<>>>GET /conf...\x00\x00\x00\x00\x00\x00\x00} {}
02:33:25.838 [qtp399373008-60] DEBUG org.eclipse.jetty.http.HttpParser - parseNext s=START HeapByteBuffer@ecac914[p=0,l=0,c=17408,r=0]={<<<>>>GET /conf...\x00\x00\x00\x00\x00\x00\x00}
02:33:25.838 [qtp399373008-60] DEBUG org.eclipse.jetty.server.HttpConnection - HttpConnection@12112891::DecryptedEndPoint@16958dba{l=/127.0.0.1:37555,r=/127.0.0.1:51392,OPEN,fill=-,flush=-,to=10/30000} parsed false HttpParser{s=START,0 of -1}
02:33:25.838 [qtp399373008-60] DEBUG org.eclipse.jetty.server.HttpConnection - releaseRequestBuffer HttpConnection@12112891::DecryptedEndPoint@16958dba{l=/127.0.0.1:37555,r=/127.0.0.1:51392,OPEN,fill=-,flush=-,to=10/30000}
02:33:25.838 [qtp399373008-60] DEBUG org.eclipse.jetty.io.AbstractConnection - fillInterested HttpConnection@12112891::DecryptedEndPoint@16958dba{l=/127.0.0.1:37555,r=/127.0.0.1:51392,OPEN,fill=-,flush=-,to=10/30000}
02:33:25.838 [qtp399373008-60] DEBUG org.eclipse.jetty.io.FillInterest - interested FillInterest@165f5621{AC.ReadCB@12112891{HttpConnection@12112891::DecryptedEndPoint@16958dba{l=/127.0.0.1:37555,r=/127.0.0.1:51392,OPEN,fill=FI,flush=-,to=0/30000}}}
02:33:25.838 [qtp399373008-60] DEBUG org.eclipse.jetty.io.ssl.SslConnection - >needFillInterest s=IDLE/IDLE uf=true ei=null di=null SslConnection@37d311bf::SocketChannelEndPoint@373c4f5d{l=/127.0.0.1:37555,r=/127.0.0.1:51392,OPEN,fill=-,flush=-,to=0/30000}{io=0/0,kio=0,kro=1}->SslConnection@37d311bf{NEED_UNWRAP,eio=-1/-1,di=-1,fill=IDLE,flush=IDLE}~>DecryptedEndPoint@16958dba{l=/127.0.0.1:37555,r=/127.0.0.1:51392,OPEN,fill=FI,flush=-,to=0/30000}=>HttpConnection@12112891[p=HttpParser{s=START,0 of -1},g=HttpGenerator@d91a2a2{s=START}]=>HttpChannelOverHttp@6ec760f8{s=HttpChannelState@43866430{s=IDLE rs=BLOCKING os=OPEN is=IDLE awp=false se=false i=true al=0},r=0,c=false/false,a=IDLE,uri=null,age=0}
02:33:25.839 [qtp399373008-60] DEBUG org.eclipse.jetty.io.ssl.SslConnection - <needFillInterest s=IDLE/INTERESTED f=false i=true w=null
02:33:25.839 [qtp399373008-60] DEBUG org.eclipse.jetty.io.ssl.SslConnection - ensureFillInterested SslConnection@37d311bf::SocketChannelEndPoint@373c4f5d{l=/127.0.0.1:37555,r=/127.0.0.1:51392,OPEN,fill=-,flush=-,to=1/30000}{io=0/0,kio=0,kro=1}->SslConnection@37d311bf{NEED_UNWRAP,eio=-1/-1,di=-1,fill=INTERESTED,flush=IDLE}~>DecryptedEndPoint@16958dba{l=/127.0.0.1:37555,r=/127.0.0.1:51392,OPEN,fill=FI,flush=-,to=0/30000}=>HttpConnection@12112891[p=HttpParser{s=START,0 of -1},g=HttpGenerator@d91a2a2{s=START}]=>HttpChannelOverHttp@6ec760f8{s=HttpChannelState@43866430{s=IDLE rs=BLOCKING os=OPEN is=IDLE awp=false se=false i=true al=0},r=0,c=false/false,a=IDLE,uri=null,age=0}
02:33:25.839 [qtp399373008-60] DEBUG org.eclipse.jetty.io.FillInterest - interested FillInterest@73ea0673{SSLC.NBReadCB@37d311bf{SslConnection@37d311bf::SocketChannelEndPoint@373c4f5d{l=/127.0.0.1:37555,r=/127.0.0.1:51392,OPEN,fill=FI,flush=-,to=0/30000}{io=0/0,kio=0,kro=1}->SslConnection@37d311bf{NEED_UNWRAP,eio=-1/-1,di=-1,fill=INTERESTED,flush=IDLE}~>DecryptedEndPoint@16958dba{l=/127.0.0.1:37555,r=/127.0.0.1:51392,OPEN,fill=FI,flush=-,to=1/30000}=>HttpConnection@12112891[p=HttpParser{s=START,0 of -1},g=HttpGenerator@d91a2a2{s=START}]=>HttpChannelOverHttp@6ec760f8{s=HttpChannelState@43866430{s=IDLE rs=BLOCKING os=OPEN is=IDLE awp=false se=false i=true al=0},r=0,c=false/false,a=IDLE,uri=null,age=0}}}
02:33:25.839 [qtp399373008-60] DEBUG org.eclipse.jetty.io.ChannelEndPoint - changeInterests p=false 0->1 for SocketChannelEndPoint@373c4f5d{l=/127.0.0.1:37555,r=/127.0.0.1:51392,OPEN,fill=FI,flush=-,to=0/30000}{io=0/1,kio=0,kro=1}->SslConnection@37d311bf{NEED_UNWRAP,eio=-1/-1,di=-1,fill=INTERESTED,flush=IDLE}~>DecryptedEndPoint@16958dba{l=/127.0.0.1:37555,r=/127.0.0.1:51392,OPEN,fill=FI,flush=-,to=1/30000}=>HttpConnection@12112891[p=HttpParser{s=START,0 of -1},g=HttpGenerator@d91a2a2{s=START}]=>HttpChannelOverHttp@6ec760f8{s=HttpChannelState@43866430{s=IDLE rs=BLOCKING os=OPEN is=IDLE awp=false se=false i=true al=0},r=0,c=false/false,a=IDLE,uri=null,age=0}
02:33:25.839 [qtp399373008-60] DEBUG org.eclipse.jetty.io.ManagedSelector - Queued change lazy=false org.eclipse.jetty.io.ChannelEndPoint$$Lambda$255/1238156519@5c9bbf58 on ManagedSelector@5733f295{STARTED} id=1 keys=2 selected=0 updates=0
02:33:25.839 [qtp399373008-60] DEBUG org.eclipse.jetty.io.ManagedSelector - Wakeup on submit ManagedSelector@5733f295{STARTED} id=1 keys=2 selected=0 updates=1
02:33:25.839 [qtp399373008-57] DEBUG org.eclipse.jetty.io.ManagedSelector - Selector sun.nio.ch.EPollSelectorImpl@2dfbb6ae woken with none selected
02:33:25.839 [qtp399373008-57] DEBUG org.eclipse.jetty.io.ManagedSelector - Selector sun.nio.ch.EPollSelectorImpl@2dfbb6ae woken up from select, 0/0/2 selected
02:33:25.839 [qtp399373008-57] DEBUG org.eclipse.jetty.io.ManagedSelector - Selector sun.nio.ch.EPollSelectorImpl@2dfbb6ae processing 0 keys, 1 updates
02:33:25.839 [qtp399373008-57] DEBUG org.eclipse.jetty.io.ManagedSelector - updateable 1
02:33:25.839 [qtp399373008-57] DEBUG org.eclipse.jetty.io.ManagedSelector - update org.eclipse.jetty.io.ChannelEndPoint$$Lambda$255/1238156519@5c9bbf58
02:33:25.839 [qtp399373008-60] DEBUG org.eclipse.jetty.server.HttpConnection - HttpConnection@12112891::DecryptedEndPoint@16958dba{l=/127.0.0.1:37555,r=/127.0.0.1:51392,OPEN,fill=FI,flush=-,to=1/30000} onFillable exit HttpChannelState@43866430{s=IDLE rs=BLOCKING os=OPEN is=IDLE awp=false se=false i=true al=0} null
02:33:25.840 [qtp399373008-57] DEBUG org.eclipse.jetty.io.ChannelEndPoint - Key interests updated 0 -> 1 on SocketChannelEndPoint@373c4f5d{l=/127.0.0.1:37555,r=/127.0.0.1:51392,OPEN,fill=FI,flush=-,to=0/30000}{io=1/1,kio=1,kro=1}->SslConnection@37d311bf{NEED_UNWRAP,eio=-1/-1,di=-1,fill=INTERESTED,flush=IDLE}~>DecryptedEndPoint@16958dba{l=/127.0.0.1:37555,r=/127.0.0.1:51392,OPEN,fill=FI,flush=-,to=2/30000}=>HttpConnection@12112891[p=HttpParser{s=START,0 of -1},g=HttpGenerator@d91a2a2{s=START}]=>HttpChannelOverHttp@6ec760f8{s=HttpChannelState@43866430{s=IDLE rs=BLOCKING os=OPEN is=IDLE awp=false se=false i=true al=0},r=0,c=false/false,a=IDLE,uri=null,age=0}
02:33:25.840 [qtp399373008-57] DEBUG org.eclipse.jetty.io.ManagedSelector - updates 0
02:33:25.840 [qtp399373008-57] DEBUG org.eclipse.jetty.io.ManagedSelector - Selector sun.nio.ch.EPollSelectorImpl@2dfbb6ae waiting with 2 keys
02:33:25.840 [qtp399373008-60] DEBUG org.eclipse.jetty.io.ssl.SslConnection - <c.onFillable SslConnection@37d311bf::SocketChannelEndPoint@373c4f5d{l=/127.0.0.1:37555,r=/127.0.0.1:51392,OPEN,fill=FI,flush=-,to=1/30000}{io=1/1,kio=1,kro=1}->SslConnection@37d311bf{NEED_UNWRAP,eio=-1/-1,di=-1,fill=INTERESTED,flush=IDLE}~>DecryptedEndPoint@16958dba{l=/127.0.0.1:37555,r=/127.0.0.1:51392,OPEN,fill=FI,flush=-,to=2/30000}=>HttpConnection@12112891[p=HttpParser{s=START,0 of -1},g=HttpGenerator@d91a2a2{s=START}]=>HttpChannelOverHttp@6ec760f8{s=HttpChannelState@43866430{s=IDLE rs=BLOCKING os=OPEN is=IDLE awp=false se=false i=true al=0},r=0,c=false/false,a=IDLE,uri=null,age=0}
02:33:25.840 [qtp399373008-60] DEBUG org.eclipse.jetty.util.thread.ReservedThreadExecutor - ReservedThread@2d5efc20{RUNNING,thread=Thread[qtp399373008-60,5,main]} was=RUNNING next=RESERVED size=0+2 capacity=8
02:33:25.840 [qtp399373008-60] DEBUG org.eclipse.jetty.util.thread.ReservedThreadExecutor - ReservedThread@2d5efc20{RESERVED,thread=Thread[qtp399373008-60,5,main]} waiting ReservedThreadExecutor@424fd310{reserved=2/8,pending=0}
02:33:25.841 [qtp399373008-57] DEBUG org.eclipse.jetty.io.ManagedSelector - Selector sun.nio.ch.EPollSelectorImpl@2dfbb6ae woken up from select, 1/1/2 selected
02:33:25.841 [qtp399373008-57] DEBUG org.eclipse.jetty.io.ManagedSelector - Selector sun.nio.ch.EPollSelectorImpl@2dfbb6ae processing 1 keys, 0 updates
02:33:25.841 [qtp399373008-57] DEBUG org.eclipse.jetty.io.ManagedSelector - selected 1 sun.nio.ch.SelectionKeyImpl@21cca121 SocketChannelEndPoint@373c4f5d{l=/127.0.0.1:37555,r=/127.0.0.1:51392,OPEN,fill=FI,flush=-,to=1/30000}{io=1/1,kio=1,kro=1}->SslConnection@37d311bf{NEED_UNWRAP,eio=-1/-1,di=-1,fill=INTERESTED,flush=IDLE}~>DecryptedEndPoint@16958dba{l=/127.0.0.1:37555,r=/127.0.0.1:51392,OPEN,fill=FI,flush=-,to=2/30000}=>HttpConnection@12112891[p=HttpParser{s=START,0 of -1},g=HttpGenerator@d91a2a2{s=START}]=>HttpChannelOverHttp@6ec760f8{s=HttpChannelState@43866430{s=IDLE rs=BLOCKING os=OPEN is=IDLE awp=false se=false i=true al=0},r=0,c=false/false,a=IDLE,uri=null,age=0} 
02:33:25.841 [qtp399373008-57] DEBUG org.eclipse.jetty.io.ChannelEndPoint - onSelected 1->0 r=true w=false for SocketChannelEndPoint@373c4f5d{l=/127.0.0.1:37555,r=/127.0.0.1:51392,OPEN,fill=FI,flush=-,to=2/30000}{io=1/0,kio=1,kro=1}->SslConnection@37d311bf{NEED_UNWRAP,eio=-1/-1,di=-1,fill=INTERESTED,flush=IDLE}~>DecryptedEndPoint@16958dba{l=/127.0.0.1:37555,r=/127.0.0.1:51392,OPEN,fill=FI,flush=-,to=3/30000}=>HttpConnection@12112891[p=HttpParser{s=START,0 of -1},g=HttpGenerator@d91a2a2{s=START}]=>HttpChannelOverHttp@6ec760f8{s=HttpChannelState@43866430{s=IDLE rs=BLOCKING os=OPEN is=IDLE awp=false se=false i=true al=0},r=0,c=false/false,a=IDLE,uri=null,age=0}
02:33:25.841 [qtp399373008-57] DEBUG org.eclipse.jetty.io.ChannelEndPoint - task CEP:SocketChannelEndPoint@373c4f5d{l=/127.0.0.1:37555,r=/127.0.0.1:51392,OPEN,fill=FI,flush=-,to=2/30000}{io=1/0,kio=1,kro=1}->SslConnection@37d311bf{NEED_UNWRAP,eio=-1/-1,di=-1,fill=INTERESTED,flush=IDLE}~>DecryptedEndPoint@16958dba{l=/127.0.0.1:37555,r=/127.0.0.1:51392,OPEN,fill=FI,flush=-,to=3/30000}=>HttpConnection@12112891[p=HttpParser{s=START,0 of -1},g=HttpGenerator@d91a2a2{s=START}]=>HttpChannelOverHttp@6ec760f8{s=HttpChannelState@43866430{s=IDLE rs=BLOCKING os=OPEN is=IDLE awp=false se=false i=true al=0},r=0,c=false/false,a=IDLE,uri=null,age=0}:runFillable:BLOCKING
02:33:25.841 [qtp399373008-57] DEBUG org.eclipse.jetty.util.thread.ReservedThreadExecutor - ReservedThreadExecutor@424fd310{reserved=2/8,pending=0} tryExecute EatWhatYouKill@b7838a9/SelectorProducer@696f0212/PRODUCING/p=false/QueuedThreadPool[qtp399373008]@17cdf2d0{STARTED,8<=8<=200,i=1,r=-1,q=0}[ReservedThreadExecutor@424fd310{reserved=2/8,pending=0}][pc=0,pic=0,pec=1,epc=3]@2024-05-02T02:33:25.841+01:00
02:33:25.842 [qtp399373008-60] DEBUG org.eclipse.jetty.util.thread.ReservedThreadExecutor - ReservedThread@2d5efc20{RESERVED,thread=Thread[qtp399373008-60,5,main]} task=EatWhatYouKill@b7838a9/SelectorProducer@696f0212/IDLE/p=true/QueuedThreadPool[qtp399373008]@17cdf2d0{STARTED,8<=8<=200,i=1,r=-1,q=0}[ReservedThreadExecutor@424fd310{reserved=1/8,pending=0}][pc=0,pic=0,pec=1,epc=3]@2024-05-02T02:33:25.842+01:00 ReservedThreadExecutor@424fd310{reserved=1/8,pending=0}
02:33:25.842 [qtp399373008-57] DEBUG org.eclipse.jetty.util.thread.strategy.EatWhatYouKill - EatWhatYouKill@b7838a9/SelectorProducer@696f0212/IDLE/p=true/QueuedThreadPool[qtp399373008]@17cdf2d0{STARTED,8<=8<=200,i=1,r=-1,q=0}[ReservedThreadExecutor@424fd310{reserved=1/8,pending=0}][pc=0,pic=0,pec=1,epc=3]@2024-05-02T02:33:25.842+01:00 m=EXECUTE_PRODUCE_CONSUME t=CEP:SocketChannelEndPoint@373c4f5d{l=/127.0.0.1:37555,r=/127.0.0.1:51392,OPEN,fill=FI,flush=-,to=2/30000}{io=1/0,kio=1,kro=1}->SslConnection@37d311bf{NEED_UNWRAP,eio=-1/-1,di=-1,fill=INTERESTED,flush=IDLE}~>DecryptedEndPoint@16958dba{l=/127.0.0.1:37555,r=/127.0.0.1:51392,OPEN,fill=FI,flush=-,to=3/30000}=>HttpConnection@12112891[p=HttpParser{s=START,0 of -1},g=HttpGenerator@d91a2a2{s=START}]=>HttpChannelOverHttp@6ec760f8{s=HttpChannelState@43866430{s=IDLE rs=BLOCKING os=OPEN is=IDLE awp=false se=false i=true al=0},r=0,c=false/false,a=IDLE,uri=null,age=0}:runFillable:BLOCKING/BLOCKING
02:33:25.842 [qtp399373008-60] DEBUG org.eclipse.jetty.util.thread.strategy.EatWhatYouKill - EatWhatYouKill@b7838a9/SelectorProducer@696f0212/IDLE/p=true/QueuedThreadPool[qtp399373008]@17cdf2d0{STARTED,8<=8<=200,i=1,r=-1,q=0}[ReservedThreadExecutor@424fd310{reserved=1/8,pending=0}][pc=0,pic=0,pec=1,epc=3]@2024-05-02T02:33:25.842+01:00 tryProduce true
02:33:25.842 [qtp399373008-60] DEBUG org.eclipse.jetty.io.ManagedSelector - updateable 0
02:33:25.842 [qtp399373008-60] DEBUG org.eclipse.jetty.io.ManagedSelector - updates 0
02:33:25.842 [qtp399373008-57] DEBUG org.eclipse.jetty.io.FillInterest - fillable FillInterest@73ea0673{SSLC.NBReadCB@37d311bf{SslConnection@37d311bf::SocketChannelEndPoint@373c4f5d{l=/127.0.0.1:37555,r=/127.0.0.1:51392,OPEN,fill=FI,flush=-,to=2/30000}{io=1/0,kio=1,kro=1}->SslConnection@37d311bf{NEED_UNWRAP,eio=-1/-1,di=-1,fill=INTERESTED,flush=IDLE}~>DecryptedEndPoint@16958dba{l=/127.0.0.1:37555,r=/127.0.0.1:51392,OPEN,fill=FI,flush=-,to=3/30000}=>HttpConnection@12112891[p=HttpParser{s=START,0 of -1},g=HttpGenerator@d91a2a2{s=START}]=>HttpChannelOverHttp@6ec760f8{s=HttpChannelState@43866430{s=IDLE rs=BLOCKING os=OPEN is=IDLE awp=false se=false i=true al=0},r=0,c=false/false,a=IDLE,uri=null,age=0}}}
02:33:25.842 [qtp399373008-60] DEBUG org.eclipse.jetty.io.ChannelEndPoint - Key interests updated 1 -> 0 on SocketChannelEndPoint@373c4f5d{l=/127.0.0.1:37555,r=/127.0.0.1:51392,OPEN,fill=FI,flush=-,to=2/30000}{io=0/0,kio=0,kro=1}->SslConnection@37d311bf{NEED_UNWRAP,eio=-1/-1,di=-1,fill=INTERESTED,flush=IDLE}~>DecryptedEndPoint@16958dba{l=/127.0.0.1:37555,r=/127.0.0.1:51392,OPEN,fill=FI,flush=-,to=3/30000}=>HttpConnection@12112891[p=HttpParser{s=START,0 of -1},g=HttpGenerator@d91a2a2{s=START}]=>HttpChannelOverHttp@6ec760f8{s=HttpChannelState@43866430{s=IDLE rs=BLOCKING os=OPEN is=IDLE awp=false se=false i=true al=0},r=0,c=false/false,a=IDLE,uri=null,age=0}
02:33:25.842 [qtp399373008-57] DEBUG org.eclipse.jetty.io.ssl.SslConnection - >c.onFillable SslConnection@37d311bf::SocketChannelEndPoint@373c4f5d{l=/127.0.0.1:37555,r=/127.0.0.1:51392,OPEN,fill=-,flush=-,to=2/30000}{io=0/0,kio=0,kro=1}->SslConnection@37d311bf{NEED_UNWRAP,eio=-1/-1,di=-1,fill=INTERESTED,flush=IDLE}~>DecryptedEndPoint@16958dba{l=/127.0.0.1:37555,r=/127.0.0.1:51392,OPEN,fill=FI,flush=-,to=3/30000}=>HttpConnection@12112891[p=HttpParser{s=START,0 of -1},g=HttpGenerator@d91a2a2{s=START}]=>HttpChannelOverHttp@6ec760f8{s=HttpChannelState@43866430{s=IDLE rs=BLOCKING os=OPEN is=IDLE awp=false se=false i=true al=0},r=0,c=false/false,a=IDLE,uri=null,age=0}
02:33:25.842 [qtp399373008-60] DEBUG org.eclipse.jetty.io.ManagedSelector - Selector sun.nio.ch.EPollSelectorImpl@2dfbb6ae waiting with 2 keys
02:33:25.842 [qtp399373008-57] DEBUG org.eclipse.jetty.io.ssl.SslConnection - onFillable SslConnection@37d311bf::SocketChannelEndPoint@373c4f5d{l=/127.0.0.1:37555,r=/127.0.0.1:51392,OPEN,fill=-,flush=-,to=2/30000}{io=0/0,kio=0,kro=1}->SslConnection@37d311bf{NEED_UNWRAP,eio=-1/-1,di=-1,fill=INTERESTED,flush=IDLE}~>DecryptedEndPoint@16958dba{l=/127.0.0.1:37555,r=/127.0.0.1:51392,OPEN,fill=FI,flush=-,to=3/30000}=>HttpConnection@12112891[p=HttpParser{s=START,0 of -1},g=HttpGenerator@d91a2a2{s=START}]=>HttpChannelOverHttp@6ec760f8{s=HttpChannelState@43866430{s=IDLE rs=BLOCKING os=OPEN is=IDLE awp=false se=false i=true al=0},r=0,c=false/false,a=IDLE,uri=null,age=0}
02:33:25.842 [qtp399373008-57] DEBUG org.eclipse.jetty.io.FillInterest - fillable FillInterest@165f5621{AC.ReadCB@12112891{HttpConnection@12112891::DecryptedEndPoint@16958dba{l=/127.0.0.1:37555,r=/127.0.0.1:51392,OPEN,fill=FI,flush=-,to=3/30000}}}
02:33:25.842 [qtp399373008-57] DEBUG org.eclipse.jetty.server.HttpConnection - HttpConnection@12112891::DecryptedEndPoint@16958dba{l=/127.0.0.1:37555,r=/127.0.0.1:51392,OPEN,fill=-,flush=-,to=3/30000} onFillable enter HttpChannelState@43866430{s=IDLE rs=BLOCKING os=OPEN is=IDLE awp=false se=false i=true al=0} null
02:33:25.842 [qtp399373008-57] DEBUG org.eclipse.jetty.io.ssl.SslConnection - >fill SslConnection@37d311bf::SocketChannelEndPoint@373c4f5d{l=/127.0.0.1:37555,r=/127.0.0.1:51392,OPEN,fill=-,flush=-,to=2/30000}{io=0/0,kio=0,kro=1}->SslConnection@37d311bf{NEED_UNWRAP,eio=-1/-1,di=-1,fill=IDLE,flush=IDLE}~>DecryptedEndPoint@16958dba{l=/127.0.0.1:37555,r=/127.0.0.1:51392,OPEN,fill=-,flush=-,to=3/30000}=>HttpConnection@12112891[p=HttpParser{s=START,0 of -1},g=HttpGenerator@d91a2a2{s=START}]=>HttpChannelOverHttp@6ec760f8{s=HttpChannelState@43866430{s=IDLE rs=BLOCKING os=OPEN is=IDLE awp=false se=false i=true al=0},r=0,c=false/false,a=IDLE,uri=null,age=0}
02:33:25.842 [qtp399373008-57] DEBUG org.eclipse.jetty.io.ssl.SslConnection - fill NEED_UNWRAP
02:33:25.843 [qtp399373008-57] DEBUG org.eclipse.jetty.io.ChannelEndPoint - filled 6 HeapByteBuffer@d26bd[p=0,l=6,c=17408,r=6]={<<<\x14\x03\x03\x00\x01\x01>>>\xD7\x9c\xCa0\x7f\xCc`\xDfg...\x00\x00\x00\x00\x00\x00\x00}
02:33:25.843 [qtp399373008-57] DEBUG org.eclipse.jetty.io.ssl.SslConnection - net filled=6
02:33:25.843 [qtp399373008-57] DEBUG org.eclipse.jetty.io.ssl.SslConnection - unwrap net_filled=6 Status = OK HandshakeStatus = NEED_UNWRAP bytesConsumed = 6 bytesProduced = 0 encryptedBuffer=[p=6,l=6,c=17408,r=0] unwrapBuffer=HeapByteBuffer@196acfdd[p=0,l=0,c=17408,r=0]={<<<>>>\x16\x03\x03\x01N\x01\x00\x01J...\x00\x00\x00\x00\x00\x00\x00} appBuffer=HeapByteBuffer@196acfdd[p=0,l=0,c=17408,r=0]={<<<>>>\x16\x03\x03\x01N\x01\x00\x01J...\x00\x00\x00\x00\x00\x00\x00}
02:33:25.843 [qtp399373008-57] DEBUG org.eclipse.jetty.io.ssl.SslConnection - fill NEED_UNWRAP
02:33:25.843 [qtp399373008-57] DEBUG org.eclipse.jetty.io.ChannelEndPoint - filled 0 HeapByteBuffer@d26bd[p=0,l=0,c=17408,r=0]={<<<>>>\x14\x03\x03\x00\x01\x01\xD7\x9c\xCa...\x00\x00\x00\x00\x00\x00\x00}
02:33:25.843 [qtp399373008-57] DEBUG org.eclipse.jetty.io.ssl.SslConnection - net filled=0
02:33:25.843 [qtp399373008-57] DEBUG org.eclipse.jetty.io.ssl.SslConnection - unwrap net_filled=0 Status = BUFFER_UNDERFLOW HandshakeStatus = NEED_UNWRAP bytesConsumed = 0 bytesProduced = 0 encryptedBuffer=[p=0,l=0,c=17408,r=0] unwrapBuffer=HeapByteBuffer@196acfdd[p=0,l=0,c=17408,r=0]={<<<>>>\x16\x03\x03\x01N\x01\x00\x01J...\x00\x00\x00\x00\x00\x00\x00} appBuffer=HeapByteBuffer@196acfdd[p=0,l=0,c=17408,r=0]={<<<>>>\x16\x03\x03\x01N\x01\x00\x01J...\x00\x00\x00\x00\x00\x00\x00}
02:33:25.843 [qtp399373008-57] DEBUG org.eclipse.jetty.io.ssl.SslConnection - <fill f=0 uf=true SslConnection@37d311bf::SocketChannelEndPoint@373c4f5d{l=/127.0.0.1:37555,r=/127.0.0.1:51392,OPEN,fill=-,flush=-,to=0/30000}{io=0/0,kio=0,kro=1}->SslConnection@37d311bf{NEED_UNWRAP,eio=-1/-1,di=-1,fill=IDLE,flush=IDLE}~>DecryptedEndPoint@16958dba{l=/127.0.0.1:37555,r=/127.0.0.1:51392,OPEN,fill=-,flush=-,to=4/30000}=>HttpConnection@12112891[p=HttpParser{s=START,0 of -1},g=HttpGenerator@d91a2a2{s=START}]=>HttpChannelOverHttp@6ec760f8{s=HttpChannelState@43866430{s=IDLE rs=BLOCKING os=OPEN is=IDLE awp=false se=false i=true al=0},r=0,c=false/false,a=IDLE,uri=null,age=0}
02:33:25.843 [qtp399373008-57] DEBUG org.eclipse.jetty.io.ssl.SslConnection - >fill SslConnection@37d311bf::SocketChannelEndPoint@373c4f5d{l=/127.0.0.1:37555,r=/127.0.0.1:51392,OPEN,fill=-,flush=-,to=0/30000}{io=0/0,kio=0,kro=1}->SslConnection@37d311bf{NEED_UNWRAP,eio=-1/-1,di=-1,fill=IDLE,flush=IDLE}~>DecryptedEndPoint@16958dba{l=/127.0.0.1:37555,r=/127.0.0.1:51392,OPEN,fill=-,flush=-,to=4/30000}=>HttpConnection@12112891[p=HttpParser{s=START,0 of -1},g=HttpGenerator@d91a2a2{s=START}]=>HttpChannelOverHttp@6ec760f8{s=HttpChannelState@43866430{s=IDLE rs=BLOCKING os=OPEN is=IDLE awp=false se=false i=true al=0},r=0,c=false/false,a=IDLE,uri=null,age=0}
02:33:25.843 [qtp399373008-57] DEBUG org.eclipse.jetty.io.ssl.SslConnection - fill NEED_UNWRAP
02:33:25.843 [qtp399373008-57] DEBUG org.eclipse.jetty.io.ChannelEndPoint - filled 0 HeapByteBuffer@ecac914[p=0,l=0,c=17408,r=0]={<<<>>>GET /conf...\x00\x00\x00\x00\x00\x00\x00}
02:33:25.843 [qtp399373008-57] DEBUG org.eclipse.jetty.io.ssl.SslConnection - net filled=0
02:33:25.843 [qtp399373008-57] DEBUG org.eclipse.jetty.io.ssl.SslConnection - unwrap net_filled=0 Status = BUFFER_UNDERFLOW HandshakeStatus = NEED_UNWRAP bytesConsumed = 0 bytesProduced = 0 encryptedBuffer=[p=0,l=0,c=17408,r=0] unwrapBuffer=HeapByteBuffer@196acfdd[p=0,l=0,c=17408,r=0]={<<<>>>\x16\x03\x03\x01N\x01\x00\x01J...\x00\x00\x00\x00\x00\x00\x00} appBuffer=HeapByteBuffer@196acfdd[p=0,l=0,c=17408,r=0]={<<<>>>\x16\x03\x03\x01N\x01\x00\x01J...\x00\x00\x00\x00\x00\x00\x00}
02:33:25.843 [qtp399373008-57] DEBUG org.eclipse.jetty.io.ssl.SslConnection - <fill f=0 uf=true SslConnection@37d311bf::SocketChannelEndPoint@373c4f5d{l=/127.0.0.1:37555,r=/127.0.0.1:51392,OPEN,fill=-,flush=-,to=0/30000}{io=0/0,kio=0,kro=1}->SslConnection@37d311bf{NEED_UNWRAP,eio=-1/-1,di=-1,fill=IDLE,flush=IDLE}~>DecryptedEndPoint@16958dba{l=/127.0.0.1:37555,r=/127.0.0.1:51392,OPEN,fill=-,flush=-,to=4/30000}=>HttpConnection@12112891[p=HttpParser{s=START,0 of -1},g=HttpGenerator@d91a2a2{s=START}]=>HttpChannelOverHttp@6ec760f8{s=HttpChannelState@43866430{s=IDLE rs=BLOCKING os=OPEN is=IDLE awp=false se=false i=true al=0},r=0,c=false/false,a=IDLE,uri=null,age=0}
02:33:25.843 [qtp399373008-57] DEBUG org.eclipse.jetty.server.HttpConnection - HttpConnection@12112891::DecryptedEndPoint@16958dba{l=/127.0.0.1:37555,r=/127.0.0.1:51392,OPEN,fill=-,flush=-,to=5/30000} filled 0 HeapByteBuffer@196acfdd[p=0,l=0,c=17408,r=0]={<<<>>>\x16\x03\x03\x01N\x01\x00\x01J...\x00\x00\x00\x00\x00\x00\x00}
02:33:25.843 [qtp399373008-57] DEBUG org.eclipse.jetty.server.HttpConnection - HttpConnection@12112891::DecryptedEndPoint@16958dba{l=/127.0.0.1:37555,r=/127.0.0.1:51392,OPEN,fill=-,flush=-,to=5/30000} parse HeapByteBuffer@196acfdd[p=0,l=0,c=17408,r=0]={<<<>>>\x16\x03\x03\x01N\x01\x00\x01J...\x00\x00\x00\x00\x00\x00\x00} {}
02:33:25.843 [qtp399373008-57] DEBUG org.eclipse.jetty.http.HttpParser - parseNext s=START HeapByteBuffer@196acfdd[p=0,l=0,c=17408,r=0]={<<<>>>\x16\x03\x03\x01N\x01\x00\x01J...\x00\x00\x00\x00\x00\x00\x00}
02:33:25.843 [qtp399373008-57] DEBUG org.eclipse.jetty.server.HttpConnection - HttpConnection@12112891::DecryptedEndPoint@16958dba{l=/127.0.0.1:37555,r=/127.0.0.1:51392,OPEN,fill=-,flush=-,to=5/30000} parsed false HttpParser{s=START,0 of -1}
02:33:25.843 [qtp399373008-57] DEBUG org.eclipse.jetty.server.HttpConnection - releaseRequestBuffer HttpConnection@12112891::DecryptedEndPoint@16958dba{l=/127.0.0.1:37555,r=/127.0.0.1:51392,OPEN,fill=-,flush=-,to=5/30000}
02:33:25.843 [qtp399373008-57] DEBUG org.eclipse.jetty.io.AbstractConnection - fillInterested HttpConnection@12112891::DecryptedEndPoint@16958dba{l=/127.0.0.1:37555,r=/127.0.0.1:51392,OPEN,fill=-,flush=-,to=5/30000}
02:33:25.843 [qtp399373008-57] DEBUG org.eclipse.jetty.io.FillInterest - interested FillInterest@165f5621{AC.ReadCB@12112891{HttpConnection@12112891::DecryptedEndPoint@16958dba{l=/127.0.0.1:37555,r=/127.0.0.1:51392,OPEN,fill=FI,flush=-,to=0/30000}}}
02:33:25.843 [qtp399373008-57] DEBUG org.eclipse.jetty.io.ssl.SslConnection - >needFillInterest s=IDLE/IDLE uf=true ei=null di=null SslConnection@37d311bf::SocketChannelEndPoint@373c4f5d{l=/127.0.0.1:37555,r=/127.0.0.1:51392,OPEN,fill=-,flush=-,to=0/30000}{io=0/0,kio=0,kro=1}->SslConnection@37d311bf{NEED_UNWRAP,eio=-1/-1,di=-1,fill=IDLE,flush=IDLE}~>DecryptedEndPoint@16958dba{l=/127.0.0.1:37555,r=/127.0.0.1:51392,OPEN,fill=FI,flush=-,to=0/30000}=>HttpConnection@12112891[p=HttpParser{s=START,0 of -1},g=HttpGenerator@d91a2a2{s=START}]=>HttpChannelOverHttp@6ec760f8{s=HttpChannelState@43866430{s=IDLE rs=BLOCKING os=OPEN is=IDLE awp=false se=false i=true al=0},r=0,c=false/false,a=IDLE,uri=null,age=0}
02:33:25.843 [qtp399373008-57] DEBUG org.eclipse.jetty.io.ssl.SslConnection - <needFillInterest s=IDLE/INTERESTED f=false i=true w=null
02:33:25.844 [qtp399373008-57] DEBUG org.eclipse.jetty.io.ssl.SslConnection - ensureFillInterested SslConnection@37d311bf::SocketChannelEndPoint@373c4f5d{l=/127.0.0.1:37555,r=/127.0.0.1:51392,OPEN,fill=-,flush=-,to=0/30000}{io=0/0,kio=0,kro=1}->SslConnection@37d311bf{NEED_UNWRAP,eio=-1/-1,di=-1,fill=INTERESTED,flush=IDLE}~>DecryptedEndPoint@16958dba{l=/127.0.0.1:37555,r=/127.0.0.1:51392,OPEN,fill=FI,flush=-,to=0/30000}=>HttpConnection@12112891[p=HttpParser{s=START,0 of -1},g=HttpGenerator@d91a2a2{s=START}]=>HttpChannelOverHttp@6ec760f8{s=HttpChannelState@43866430{s=IDLE rs=BLOCKING os=OPEN is=IDLE awp=false se=false i=true al=0},r=0,c=false/false,a=IDLE,uri=null,age=0}
02:33:25.844 [qtp399373008-57] DEBUG org.eclipse.jetty.io.FillInterest - interested FillInterest@73ea0673{SSLC.NBReadCB@37d311bf{SslConnection@37d311bf::SocketChannelEndPoint@373c4f5d{l=/127.0.0.1:37555,r=/127.0.0.1:51392,OPEN,fill=FI,flush=-,to=0/30000}{io=0/0,kio=0,kro=1}->SslConnection@37d311bf{NEED_UNWRAP,eio=-1/-1,di=-1,fill=INTERESTED,flush=IDLE}~>DecryptedEndPoint@16958dba{l=/127.0.0.1:37555,r=/127.0.0.1:51392,OPEN,fill=FI,flush=-,to=0/30000}=>HttpConnection@12112891[p=HttpParser{s=START,0 of -1},g=HttpGenerator@d91a2a2{s=START}]=>HttpChannelOverHttp@6ec760f8{s=HttpChannelState@43866430{s=IDLE rs=BLOCKING os=OPEN is=IDLE awp=false se=false i=true al=0},r=0,c=false/false,a=IDLE,uri=null,age=0}}}
02:33:25.844 [qtp399373008-57] DEBUG org.eclipse.jetty.io.ChannelEndPoint - changeInterests p=false 0->1 for SocketChannelEndPoint@373c4f5d{l=/127.0.0.1:37555,r=/127.0.0.1:51392,OPEN,fill=FI,flush=-,to=0/30000}{io=0/1,kio=0,kro=1}->SslConnection@37d311bf{NEED_UNWRAP,eio=-1/-1,di=-1,fill=INTERESTED,flush=IDLE}~>DecryptedEndPoint@16958dba{l=/127.0.0.1:37555,r=/127.0.0.1:51392,OPEN,fill=FI,flush=-,to=0/30000}=>HttpConnection@12112891[p=HttpParser{s=START,0 of -1},g=HttpGenerator@d91a2a2{s=START}]=>HttpChannelOverHttp@6ec760f8{s=HttpChannelState@43866430{s=IDLE rs=BLOCKING os=OPEN is=IDLE awp=false se=false i=true al=0},r=0,c=false/false,a=IDLE,uri=null,age=0}
02:33:25.844 [qtp399373008-57] DEBUG org.eclipse.jetty.io.ManagedSelector - Queued change lazy=false org.eclipse.jetty.io.ChannelEndPoint$$Lambda$255/1238156519@5c9bbf58 on ManagedSelector@5733f295{STARTED} id=1 keys=2 selected=0 updates=0
02:33:25.844 [qtp399373008-57] DEBUG org.eclipse.jetty.io.ManagedSelector - Wakeup on submit ManagedSelector@5733f295{STARTED} id=1 keys=2 selected=0 updates=1
02:33:25.844 [qtp399373008-60] DEBUG org.eclipse.jetty.io.ManagedSelector - Selector sun.nio.ch.EPollSelectorImpl@2dfbb6ae woken with none selected
02:33:25.844 [qtp399373008-57] DEBUG org.eclipse.jetty.server.HttpConnection - HttpConnection@12112891::DecryptedEndPoint@16958dba{l=/127.0.0.1:37555,r=/127.0.0.1:51392,OPEN,fill=FI,flush=-,to=0/30000} onFillable exit HttpChannelState@43866430{s=IDLE rs=BLOCKING os=OPEN is=IDLE awp=false se=false i=true al=0} null
02:33:25.844 [qtp399373008-60] DEBUG org.eclipse.jetty.io.ManagedSelector - Selector sun.nio.ch.EPollSelectorImpl@2dfbb6ae woken up from select, 0/0/2 selected
02:33:25.844 [qtp399373008-60] DEBUG org.eclipse.jetty.io.ManagedSelector - Selector sun.nio.ch.EPollSelectorImpl@2dfbb6ae processing 0 keys, 1 updates
02:33:25.844 [qtp399373008-60] DEBUG org.eclipse.jetty.io.ManagedSelector - updateable 1
02:33:25.844 [qtp399373008-60] DEBUG org.eclipse.jetty.io.ManagedSelector - update org.eclipse.jetty.io.ChannelEndPoint$$Lambda$255/1238156519@5c9bbf58
02:33:25.844 [qtp399373008-57] DEBUG org.eclipse.jetty.io.ssl.SslConnection - <c.onFillable SslConnection@37d311bf::SocketChannelEndPoint@373c4f5d{l=/127.0.0.1:37555,r=/127.0.0.1:51392,OPEN,fill=FI,flush=-,to=0/30000}{io=0/1,kio=0,kro=1}->SslConnection@37d311bf{NEED_UNWRAP,eio=-1/-1,di=-1,fill=INTERESTED,flush=IDLE}~>DecryptedEndPoint@16958dba{l=/127.0.0.1:37555,r=/127.0.0.1:51392,OPEN,fill=FI,flush=-,to=0/30000}=>HttpConnection@12112891[p=HttpParser{s=START,0 of -1},g=HttpGenerator@d91a2a2{s=START}]=>HttpChannelOverHttp@6ec760f8{s=HttpChannelState@43866430{s=IDLE rs=BLOCKING os=OPEN is=IDLE awp=false se=false i=true al=0},r=0,c=false/false,a=IDLE,uri=null,age=0}
02:33:25.844 [qtp399373008-57] DEBUG org.eclipse.jetty.util.thread.ReservedThreadExecutor - ReservedThread@1d7308e6{RUNNING,thread=Thread[qtp399373008-57,5,main]} was=RUNNING next=RESERVED size=0+2 capacity=8
02:33:25.844 [qtp399373008-60] DEBUG org.eclipse.jetty.io.ChannelEndPoint - Key interests updated 0 -> 1 on SocketChannelEndPoint@373c4f5d{l=/127.0.0.1:37555,r=/127.0.0.1:51392,OPEN,fill=FI,flush=-,to=0/30000}{io=1/1,kio=1,kro=1}->SslConnection@37d311bf{NEED_UNWRAP,eio=-1/-1,di=-1,fill=INTERESTED,flush=IDLE}~>DecryptedEndPoint@16958dba{l=/127.0.0.1:37555,r=/127.0.0.1:51392,OPEN,fill=FI,flush=-,to=0/30000}=>HttpConnection@12112891[p=HttpParser{s=START,0 of -1},g=HttpGenerator@d91a2a2{s=START}]=>HttpChannelOverHttp@6ec760f8{s=HttpChannelState@43866430{s=IDLE rs=BLOCKING os=OPEN is=IDLE awp=false se=false i=true al=0},r=0,c=false/false,a=IDLE,uri=null,age=0}
02:33:25.844 [qtp399373008-57] DEBUG org.eclipse.jetty.util.thread.ReservedThreadExecutor - ReservedThread@1d7308e6{RESERVED,thread=Thread[qtp399373008-57,5,main]} waiting ReservedThreadExecutor@424fd310{reserved=2/8,pending=0}
02:33:25.844 [qtp399373008-60] DEBUG org.eclipse.jetty.io.ManagedSelector - updates 0
02:33:25.844 [qtp399373008-60] DEBUG org.eclipse.jetty.io.ManagedSelector - Selector sun.nio.ch.EPollSelectorImpl@2dfbb6ae waiting with 2 keys
02:33:25.885 [qtp399373008-60] DEBUG org.eclipse.jetty.io.ManagedSelector - Selector sun.nio.ch.EPollSelectorImpl@2dfbb6ae woken up from select, 1/1/2 selected
02:33:25.885 [qtp399373008-60] DEBUG org.eclipse.jetty.io.ManagedSelector - Selector sun.nio.ch.EPollSelectorImpl@2dfbb6ae processing 1 keys, 0 updates
02:33:25.885 [qtp399373008-60] DEBUG org.eclipse.jetty.io.ManagedSelector - selected 1 sun.nio.ch.SelectionKeyImpl@21cca121 SocketChannelEndPoint@373c4f5d{l=/127.0.0.1:37555,r=/127.0.0.1:51392,OPEN,fill=FI,flush=-,to=41/30000}{io=1/1,kio=1,kro=1}->SslConnection@37d311bf{NEED_UNWRAP,eio=-1/-1,di=-1,fill=INTERESTED,flush=IDLE}~>DecryptedEndPoint@16958dba{l=/127.0.0.1:37555,r=/127.0.0.1:51392,OPEN,fill=FI,flush=-,to=41/30000}=>HttpConnection@12112891[p=HttpParser{s=START,0 of -1},g=HttpGenerator@d91a2a2{s=START}]=>HttpChannelOverHttp@6ec760f8{s=HttpChannelState@43866430{s=IDLE rs=BLOCKING os=OPEN is=IDLE awp=false se=false i=true al=0},r=0,c=false/false,a=IDLE,uri=null,age=0} 
02:33:25.885 [qtp399373008-60] DEBUG org.eclipse.jetty.io.ChannelEndPoint - onSelected 1->0 r=true w=false for SocketChannelEndPoint@373c4f5d{l=/127.0.0.1:37555,r=/127.0.0.1:51392,OPEN,fill=FI,flush=-,to=41/30000}{io=1/0,kio=1,kro=1}->SslConnection@37d311bf{NEED_UNWRAP,eio=-1/-1,di=-1,fill=INTERESTED,flush=IDLE}~>DecryptedEndPoint@16958dba{l=/127.0.0.1:37555,r=/127.0.0.1:51392,OPEN,fill=FI,flush=-,to=41/30000}=>HttpConnection@12112891[p=HttpParser{s=START,0 of -1},g=HttpGenerator@d91a2a2{s=START}]=>HttpChannelOverHttp@6ec760f8{s=HttpChannelState@43866430{s=IDLE rs=BLOCKING os=OPEN is=IDLE awp=false se=false i=true al=0},r=0,c=false/false,a=IDLE,uri=null,age=0}
02:33:25.885 [qtp399373008-60] DEBUG org.eclipse.jetty.io.ChannelEndPoint - task CEP:SocketChannelEndPoint@373c4f5d{l=/127.0.0.1:37555,r=/127.0.0.1:51392,OPEN,fill=FI,flush=-,to=41/30000}{io=1/0,kio=1,kro=1}->SslConnection@37d311bf{NEED_UNWRAP,eio=-1/-1,di=-1,fill=INTERESTED,flush=IDLE}~>DecryptedEndPoint@16958dba{l=/127.0.0.1:37555,r=/127.0.0.1:51392,OPEN,fill=FI,flush=-,to=41/30000}=>HttpConnection@12112891[p=HttpParser{s=START,0 of -1},g=HttpGenerator@d91a2a2{s=START}]=>HttpChannelOverHttp@6ec760f8{s=HttpChannelState@43866430{s=IDLE rs=BLOCKING os=OPEN is=IDLE awp=false se=false i=true al=0},r=0,c=false/false,a=IDLE,uri=null,age=0}:runFillable:BLOCKING
02:33:25.885 [qtp399373008-60] DEBUG org.eclipse.jetty.util.thread.ReservedThreadExecutor - ReservedThreadExecutor@424fd310{reserved=2/8,pending=0} tryExecute EatWhatYouKill@b7838a9/SelectorProducer@696f0212/PRODUCING/p=false/QueuedThreadPool[qtp399373008]@17cdf2d0{STARTED,8<=8<=200,i=1,r=-1,q=0}[ReservedThreadExecutor@424fd310{reserved=2/8,pending=0}][pc=0,pic=0,pec=1,epc=4]@2024-05-02T02:33:25.885+01:00
02:33:25.886 [qtp399373008-60] DEBUG org.eclipse.jetty.util.thread.strategy.EatWhatYouKill - EatWhatYouKill@b7838a9/SelectorProducer@696f0212/IDLE/p=true/QueuedThreadPool[qtp399373008]@17cdf2d0{STARTED,8<=8<=200,i=1,r=-1,q=0}[ReservedThreadExecutor@424fd310{reserved=1/8,pending=0}][pc=0,pic=0,pec=1,epc=4]@2024-05-02T02:33:25.885+01:00 m=EXECUTE_PRODUCE_CONSUME t=CEP:SocketChannelEndPoint@373c4f5d{l=/127.0.0.1:37555,r=/127.0.0.1:51392,OPEN,fill=FI,flush=-,to=41/30000}{io=1/0,kio=1,kro=1}->SslConnection@37d311bf{NEED_UNWRAP,eio=-1/-1,di=-1,fill=INTERESTED,flush=IDLE}~>DecryptedEndPoint@16958dba{l=/127.0.0.1:37555,r=/127.0.0.1:51392,OPEN,fill=FI,flush=-,to=42/30000}=>HttpConnection@12112891[p=HttpParser{s=START,0 of -1},g=HttpGenerator@d91a2a2{s=START}]=>HttpChannelOverHttp@6ec760f8{s=HttpChannelState@43866430{s=IDLE rs=BLOCKING os=OPEN is=IDLE awp=false se=false i=true al=0},r=0,c=false/false,a=IDLE,uri=null,age=0}:runFillable:BLOCKING/BLOCKING
02:33:25.886 [qtp399373008-57] DEBUG org.eclipse.jetty.util.thread.ReservedThreadExecutor - ReservedThread@1d7308e6{RESERVED,thread=Thread[qtp399373008-57,5,main]} task=EatWhatYouKill@b7838a9/SelectorProducer@696f0212/IDLE/p=true/QueuedThreadPool[qtp399373008]@17cdf2d0{STARTED,8<=8<=200,i=1,r=-1,q=0}[ReservedThreadExecutor@424fd310{reserved=1/8,pending=0}][pc=0,pic=0,pec=1,epc=4]@2024-05-02T02:33:25.885+01:00 ReservedThreadExecutor@424fd310{reserved=1/8,pending=0}
02:33:25.886 [qtp399373008-60] DEBUG org.eclipse.jetty.io.FillInterest - fillable FillInterest@73ea0673{SSLC.NBReadCB@37d311bf{SslConnection@37d311bf::SocketChannelEndPoint@373c4f5d{l=/127.0.0.1:37555,r=/127.0.0.1:51392,OPEN,fill=FI,flush=-,to=41/30000}{io=1/0,kio=1,kro=1}->SslConnection@37d311bf{NEED_UNWRAP,eio=-1/-1,di=-1,fill=INTERESTED,flush=IDLE}~>DecryptedEndPoint@16958dba{l=/127.0.0.1:37555,r=/127.0.0.1:51392,OPEN,fill=FI,flush=-,to=42/30000}=>HttpConnection@12112891[p=HttpParser{s=START,0 of -1},g=HttpGenerator@d91a2a2{s=START}]=>HttpChannelOverHttp@6ec760f8{s=HttpChannelState@43866430{s=IDLE rs=BLOCKING os=OPEN is=IDLE awp=false se=false i=true al=0},r=0,c=false/false,a=IDLE,uri=null,age=0}}}
02:33:25.886 [qtp399373008-57] DEBUG org.eclipse.jetty.util.thread.strategy.EatWhatYouKill - EatWhatYouKill@b7838a9/SelectorProducer@696f0212/IDLE/p=true/QueuedThreadPool[qtp399373008]@17cdf2d0{STARTED,8<=8<=200,i=1,r=-1,q=0}[ReservedThreadExecutor@424fd310{reserved=1/8,pending=0}][pc=0,pic=0,pec=1,epc=5]@2024-05-02T02:33:25.886+01:00 tryProduce true
02:33:25.886 [qtp399373008-57] DEBUG org.eclipse.jetty.io.ManagedSelector - updateable 0
02:33:25.886 [qtp399373008-57] DEBUG org.eclipse.jetty.io.ManagedSelector - updates 0
02:33:25.886 [qtp399373008-60] DEBUG org.eclipse.jetty.io.ssl.SslConnection - >c.onFillable SslConnection@37d311bf::SocketChannelEndPoint@373c4f5d{l=/127.0.0.1:37555,r=/127.0.0.1:51392,OPEN,fill=-,flush=-,to=42/30000}{io=1/0,kio=1,kro=1}->SslConnection@37d311bf{NEED_UNWRAP,eio=-1/-1,di=-1,fill=INTERESTED,flush=IDLE}~>DecryptedEndPoint@16958dba{l=/127.0.0.1:37555,r=/127.0.0.1:51392,OPEN,fill=FI,flush=-,to=42/30000}=>HttpConnection@12112891[p=HttpParser{s=START,0 of -1},g=HttpGenerator@d91a2a2{s=START}]=>HttpChannelOverHttp@6ec760f8{s=HttpChannelState@43866430{s=IDLE rs=BLOCKING os=OPEN is=IDLE awp=false se=false i=true al=0},r=0,c=false/false,a=IDLE,uri=null,age=0}
02:33:25.886 [qtp399373008-57] DEBUG org.eclipse.jetty.io.ChannelEndPoint - Key interests updated 1 -> 0 on SocketChannelEndPoint@373c4f5d{l=/127.0.0.1:37555,r=/127.0.0.1:51392,OPEN,fill=-,flush=-,to=42/30000}{io=0/0,kio=0,kro=1}->SslConnection@37d311bf{NEED_UNWRAP,eio=-1/-1,di=-1,fill=INTERESTED,flush=IDLE}~>DecryptedEndPoint@16958dba{l=/127.0.0.1:37555,r=/127.0.0.1:51392,OPEN,fill=FI,flush=-,to=42/30000}=>HttpConnection@12112891[p=HttpParser{s=START,0 of -1},g=HttpGenerator@d91a2a2{s=START}]=>HttpChannelOverHttp@6ec760f8{s=HttpChannelState@43866430{s=IDLE rs=BLOCKING os=OPEN is=IDLE awp=false se=false i=true al=0},r=0,c=false/false,a=IDLE,uri=null,age=0}
02:33:25.886 [qtp399373008-60] DEBUG org.eclipse.jetty.io.ssl.SslConnection - onFillable SslConnection@37d311bf::SocketChannelEndPoint@373c4f5d{l=/127.0.0.1:37555,r=/127.0.0.1:51392,OPEN,fill=-,flush=-,to=42/30000}{io=0/0,kio=0,kro=1}->SslConnection@37d311bf{NEED_UNWRAP,eio=-1/-1,di=-1,fill=INTERESTED,flush=IDLE}~>DecryptedEndPoint@16958dba{l=/127.0.0.1:37555,r=/127.0.0.1:51392,OPEN,fill=FI,flush=-,to=42/30000}=>HttpConnection@12112891[p=HttpParser{s=START,0 of -1},g=HttpGenerator@d91a2a2{s=START}]=>HttpChannelOverHttp@6ec760f8{s=HttpChannelState@43866430{s=IDLE rs=BLOCKING os=OPEN is=IDLE awp=false se=false i=true al=0},r=0,c=false/false,a=IDLE,uri=null,age=0}
02:33:25.886 [qtp399373008-57] DEBUG org.eclipse.jetty.io.ManagedSelector - Selector sun.nio.ch.EPollSelectorImpl@2dfbb6ae waiting with 2 keys
02:33:25.886 [qtp399373008-60] DEBUG org.eclipse.jetty.io.FillInterest - fillable FillInterest@165f5621{AC.ReadCB@12112891{HttpConnection@12112891::DecryptedEndPoint@16958dba{l=/127.0.0.1:37555,r=/127.0.0.1:51392,OPEN,fill=FI,flush=-,to=42/30000}}}
02:33:25.886 [qtp399373008-60] DEBUG org.eclipse.jetty.server.HttpConnection - HttpConnection@12112891::DecryptedEndPoint@16958dba{l=/127.0.0.1:37555,r=/127.0.0.1:51392,OPEN,fill=-,flush=-,to=42/30000} onFillable enter HttpChannelState@43866430{s=IDLE rs=BLOCKING os=OPEN is=IDLE awp=false se=false i=true al=0} null
02:33:25.886 [qtp399373008-60] DEBUG org.eclipse.jetty.io.ssl.SslConnection - >fill SslConnection@37d311bf::SocketChannelEndPoint@373c4f5d{l=/127.0.0.1:37555,r=/127.0.0.1:51392,OPEN,fill=-,flush=-,to=42/30000}{io=0/0,kio=0,kro=1}->SslConnection@37d311bf{NEED_UNWRAP,eio=-1/-1,di=-1,fill=IDLE,flush=IDLE}~>DecryptedEndPoint@16958dba{l=/127.0.0.1:37555,r=/127.0.0.1:51392,OPEN,fill=-,flush=-,to=42/30000}=>HttpConnection@12112891[p=HttpParser{s=START,0 of -1},g=HttpGenerator@d91a2a2{s=START}]=>HttpChannelOverHttp@6ec760f8{s=HttpChannelState@43866430{s=IDLE rs=BLOCKING os=OPEN is=IDLE awp=false se=false i=true al=0},r=0,c=false/false,a=IDLE,uri=null,age=0}
02:33:25.886 [qtp399373008-60] DEBUG org.eclipse.jetty.io.ssl.SslConnection - fill NEED_UNWRAP
02:33:25.886 [qtp399373008-60] DEBUG org.eclipse.jetty.io.ChannelEndPoint - filled 1509 HeapByteBuffer@ecac914[p=0,l=1509,c=17408,r=1509]={<<<\x17\x03\x03\x03\xAdv\xB6\xB7\xE8\xDa\xB6\xC4`\x84#\xDf\x9dw\xB11\x04\xE9\x8at\xC9...\xD2G\xE0\xFd\x8d\xE8\x85$\xAd\xE4%1-\x1b\xEaq\xE5\x04\xF8\x0b\xD8.<>>> \xC8\xB8\xD5\xC6m\xB5\xEf\xEa...\x00\x00\x00\x00\x00\x00\x00}
02:33:25.886 [qtp399373008-60] DEBUG org.eclipse.jetty.io.ssl.SslConnection - net filled=1509
02:33:25.886 [qtp399373008-60] DEBUG org.eclipse.jetty.io.ssl.SslConnection - unwrap net_filled=1509 Status = OK HandshakeStatus = NEED_TASK bytesConsumed = 946 bytesProduced = 0 encryptedBuffer=[p=946,l=1509,c=17408,r=563] unwrapBuffer=HeapByteBuffer@d26bd[p=0,l=0,c=17408,r=0]={<<<>>>\x14\x03\x03\x00\x01\x01\xD7\x9c\xCa...\x00\x00\x00\x00\x00\x00\x00} appBuffer=HeapByteBuffer@d26bd[p=0,l=0,c=17408,r=0]={<<<>>>\x14\x03\x03\x00\x01\x01\xD7\x9c\xCa...\x00\x00\x00\x00\x00\x00\x00}
02:33:25.886 [qtp399373008-60] DEBUG org.eclipse.jetty.io.ssl.SslConnection - fill NEED_TASK
02:33:25.887 [qtp399373008-60] DEBUG org.eclipse.jetty.io.ssl.SslConnection - fill NEED_UNWRAP
02:33:25.887 [qtp399373008-60] DEBUG org.eclipse.jetty.io.ChannelEndPoint - filled 0 HeapByteBuffer@ecac914[p=946,l=1509,c=17408,r=563]={\x17\x03\x03\x03\xAd\x0b\x00\x03\x88...\x89\xD24\x171\xDb\x92<<<\x17\x03\x03\x01)x\xD5\x93\xF0+<\x90\x8d)8)\x81\x07f\x9e\x8b\xBf\xB8\xDbQ...\xD2G\xE0\xFd\x8d\xE8\x85$\xAd\xE4%1-\x1b\xEaq\xE5\x04\xF8\x0b\xD8.<>>> \xC8\xB8\xD5\xC6m\xB5\xEf\xEa...\x00\x00\x00\x00\x00\x00\x00}
02:33:25.887 [qtp399373008-60] DEBUG org.eclipse.jetty.io.ssl.SslConnection - net filled=0
02:33:25.887 [qtp399373008-60] DEBUG org.eclipse.jetty.io.ssl.SslConnection - unwrap net_filled=0 Status = OK HandshakeStatus = NEED_TASK bytesConsumed = 302 bytesProduced = 0 encryptedBuffer=[p=1248,l=1509,c=17408,r=261] unwrapBuffer=HeapByteBuffer@d26bd[p=0,l=0,c=17408,r=0]={<<<>>>\x14\x03\x03\x00\x01\x01\xD7\x9c\xCa...\x00\x00\x00\x00\x00\x00\x00} appBuffer=HeapByteBuffer@d26bd[p=0,l=0,c=17408,r=0]={<<<>>>\x14\x03\x03\x00\x01\x01\xD7\x9c\xCa...\x00\x00\x00\x00\x00\x00\x00}
02:33:25.887 [qtp399373008-60] DEBUG org.eclipse.jetty.io.ssl.SslConnection - fill NEED_TASK
02:33:25.887 [qtp399373008-60] DEBUG org.eclipse.jetty.io.ssl.SslConnection - fill NEED_UNWRAP
02:33:25.887 [qtp399373008-60] DEBUG org.eclipse.jetty.io.ChannelEndPoint - filled 0 HeapByteBuffer@ecac914[p=1248,l=1509,c=17408,r=261]={\x17\x03\x03\x03\xAd\x0b\x00\x03\x88...q\x1a\xCb\x98\xC3\x06\x1b<<<\x17\x03\x03\x00Uc\xF4\xAa\xE1\xD2\xCa"\xD3\x03CS\xEbcG%>\xD5-\xC2\xBb...\xD2G\xE0\xFd\x8d\xE8\x85$\xAd\xE4%1-\x1b\xEaq\xE5\x04\xF8\x0b\xD8.<>>> \xC8\xB8\xD5\xC6m\xB5\xEf\xEa...\x00\x00\x00\x00\x00\x00\x00}
02:33:25.887 [qtp399373008-60] DEBUG org.eclipse.jetty.io.ssl.SslConnection - net filled=0
02:33:25.888 [qtp399373008-60] DEBUG org.eclipse.jetty.io.ssl.SslConnection - unwrap net_filled=0 Status = OK HandshakeStatus = NEED_WRAP bytesConsumed = 90 bytesProduced = 0 encryptedBuffer=[p=1338,l=1509,c=17408,r=171] unwrapBuffer=HeapByteBuffer@d26bd[p=0,l=0,c=17408,r=0]={<<<>>>\x14\x03\x03\x00\x01\x01\xD7\x9c\xCa...\x00\x00\x00\x00\x00\x00\x00} appBuffer=HeapByteBuffer@d26bd[p=0,l=0,c=17408,r=0]={<<<>>>\x14\x03\x03\x00\x01\x01\xD7\x9c\xCa...\x00\x00\x00\x00\x00\x00\x00}
02:33:25.888 [qtp399373008-60] DEBUG org.eclipse.jetty.io.ssl.SslConnection - fill NEED_WRAP
02:33:25.888 [qtp399373008-60] DEBUG org.eclipse.jetty.io.ssl.SslConnection - >flush SslConnection@37d311bf::SocketChannelEndPoint@373c4f5d{l=/127.0.0.1:37555,r=/127.0.0.1:51392,OPEN,fill=-,flush=-,to=1/30000}{io=0/0,kio=0,kro=1}->SslConnection@37d311bf{NEED_WRAP,eio=171/-1,di=-1,fill=IDLE,flush=IDLE}~>DecryptedEndPoint@16958dba{l=/127.0.0.1:37555,r=/127.0.0.1:51392,OPEN,fill=-,flush=-,to=44/30000}=>HttpConnection@12112891[p=HttpParser{s=START,0 of -1},g=HttpGenerator@d91a2a2{s=START}]=>HttpChannelOverHttp@6ec760f8{s=HttpChannelState@43866430{s=IDLE rs=BLOCKING os=OPEN is=IDLE awp=false se=false i=true al=0},r=0,c=false/false,a=IDLE,uri=null,age=0}
02:33:25.888 [qtp399373008-60] DEBUG org.eclipse.jetty.io.ssl.SslConnection - flush b[0]=HeapByteBuffer@98da274[p=0,l=0,c=0,r=0]={<<<>>>}
02:33:25.888 [qtp399373008-60] DEBUG org.eclipse.jetty.io.ssl.SslConnection - flush NEED_WRAP
02:33:25.888 [qtp399373008-60] DEBUG org.eclipse.jetty.io.ssl.SslConnection - wrap Status = OK HandshakeStatus = FINISHED bytesConsumed = 0 bytesProduced = 88 [p=0,l=88,c=17408,r=88] ioDone=false/false
02:33:25.888 [qtp399373008-60] DEBUG org.eclipse.jetty.io.ChannelEndPoint - flushed 88 SocketChannelEndPoint@373c4f5d{l=/127.0.0.1:37555,r=/127.0.0.1:51392,OPEN,fill=-,flush=-,to=2/30000}{io=0/0,kio=0,kro=1}->SslConnection@37d311bf{NOT_HANDSHAKING,eio=171/0,di=-1,fill=IDLE,flush=IDLE}~>DecryptedEndPoint@16958dba{l=/127.0.0.1:37555,r=/127.0.0.1:51392,OPEN,fill=-,flush=-,to=44/30000}=>HttpConnection@12112891[p=HttpParser{s=START,0 of -1},g=HttpGenerator@d91a2a2{s=START}]=>HttpChannelOverHttp@6ec760f8{s=HttpChannelState@43866430{s=IDLE rs=BLOCKING os=OPEN is=IDLE awp=false se=false i=true al=0},r=0,c=false/false,a=IDLE,uri=null,age=0}
02:33:25.888 [qtp399373008-60] DEBUG org.eclipse.jetty.io.ssl.SslConnection - net flushed=true, ac=true
02:33:25.888 [qtp399373008-60] DEBUG org.eclipse.jetty.io.ssl.SslConnection - handshake succeeded SslConnection@37d311bf::SocketChannelEndPoint@373c4f5d{l=/127.0.0.1:37555,r=/127.0.0.1:51392,OPEN,fill=-,flush=-,to=0/30000}{io=0/0,kio=0,kro=1}->SslConnection@37d311bf{NOT_HANDSHAKING,eio=171/0,di=-1,fill=IDLE,flush=IDLE}~>DecryptedEndPoint@16958dba{l=/127.0.0.1:37555,r=/127.0.0.1:51392,OPEN,fill=-,flush=-,to=44/30000}=>HttpConnection@12112891[p=HttpParser{s=START,0 of -1},g=HttpGenerator@d91a2a2{s=START}]=>HttpChannelOverHttp@6ec760f8{s=HttpChannelState@43866430{s=IDLE rs=BLOCKING os=OPEN is=IDLE awp=false se=false i=true al=0},r=0,c=false/false,a=IDLE,uri=null,age=0} resumed server TLSv1.3/TLS_AES_256_GCM_SHA384
02:33:25.888 [qtp399373008-60] DEBUG org.eclipse.jetty.io.ssl.SslConnection - <flush true SslConnection@37d311bf::SocketChannelEndPoint@373c4f5d{l=/127.0.0.1:37555,r=/127.0.0.1:51392,OPEN,fill=-,flush=-,to=0/30000}{io=0/0,kio=0,kro=1}->SslConnection@37d311bf{NOT_HANDSHAKING,eio=171/-1,di=-1,fill=IDLE,flush=IDLE}~>DecryptedEndPoint@16958dba{l=/127.0.0.1:37555,r=/127.0.0.1:51392,OPEN,fill=-,flush=-,to=44/30000}=>HttpConnection@12112891[p=HttpParser{s=START,0 of -1},g=HttpGenerator@d91a2a2{s=START}]=>HttpChannelOverHttp@6ec760f8{s=HttpChannelState@43866430{s=IDLE rs=BLOCKING os=OPEN is=IDLE awp=false se=false i=true al=0},r=0,c=false/false,a=IDLE,uri=null,age=0}
02:33:25.888 [qtp399373008-60] DEBUG org.eclipse.jetty.io.ssl.SslConnection - fill NOT_HANDSHAKING
02:33:25.888 [qtp399373008-60] DEBUG org.eclipse.jetty.io.ChannelEndPoint - filled 0 HeapByteBuffer@ecac914[p=1338,l=1509,c=17408,r=171]={\x17\x03\x03\x03\xAd\x0b\x00\x03\x88...\n\xC0\xB4\xD0J\xA6E<<<\x17\x03\x03\x00\xA6\x9b\x82\x13\xDc\xAdz\x1fwK\xA0\x9bj\xCa\x11\xBe\x01y\x1f\xFc\x8a...\xD2G\xE0\xFd\x8d\xE8\x85$\xAd\xE4%1-\x1b\xEaq\xE5\x04\xF8\x0b\xD8.<>>> \xC8\xB8\xD5\xC6m\xB5\xEf\xEa...\x00\x00\x00\x00\x00\x00\x00}
02:33:25.888 [qtp399373008-60] DEBUG org.eclipse.jetty.io.ssl.SslConnection - net filled=0
02:33:25.889 [qtp399373008-60] DEBUG org.eclipse.jetty.io.ssl.SslConnection - unwrap net_filled=0 Status = OK HandshakeStatus = NOT_HANDSHAKING bytesConsumed = 171 bytesProduced = 133 encryptedBuffer=[p=1509,l=1509,c=17408,r=0] unwrapBuffer=HeapByteBuffer@d26bd[p=0,l=133,c=17408,r=133]={<<<GET /config-minimal.yml H...gent: okhttp/3.12.3\r\n\r\n>>>\xA7:\x8a\xC3\x95\xA6\xC7/&...\x00\x00\x00\x00\x00\x00\x00} appBuffer=HeapByteBuffer@d26bd[p=0,l=133,c=17408,r=133]={<<<GET /config-minimal.yml H...gent: okhttp/3.12.3\r\n\r\n>>>\xA7:\x8a\xC3\x95\xA6\xC7/&...\x00\x00\x00\x00\x00\x00\x00}
02:33:25.889 [qtp399373008-60] DEBUG org.eclipse.jetty.io.ssl.SslConnection - <fill f=133 uf=false SslConnection@37d311bf::SocketChannelEndPoint@373c4f5d{l=/127.0.0.1:37555,r=/127.0.0.1:51392,OPEN,fill=-,flush=-,to=0/30000}{io=0/0,kio=0,kro=1}->SslConnection@37d311bf{NOT_HANDSHAKING,eio=-1/-1,di=-1,fill=IDLE,flush=IDLE}~>DecryptedEndPoint@16958dba{l=/127.0.0.1:37555,r=/127.0.0.1:51392,OPEN,fill=-,flush=-,to=45/30000}=>HttpConnection@12112891[p=HttpParser{s=START,0 of -1},g=HttpGenerator@d91a2a2{s=START}]=>HttpChannelOverHttp@6ec760f8{s=HttpChannelState@43866430{s=IDLE rs=BLOCKING os=OPEN is=IDLE awp=false se=false i=true al=0},r=0,c=false/false,a=IDLE,uri=null,age=0}
02:33:25.889 [qtp399373008-60] DEBUG org.eclipse.jetty.server.HttpConnection - HttpConnection@12112891::DecryptedEndPoint@16958dba{l=/127.0.0.1:37555,r=/127.0.0.1:51392,OPEN,fill=-,flush=-,to=45/30000} filled 133 HeapByteBuffer@d26bd[p=0,l=133,c=17408,r=133]={<<<GET /config-minimal.yml H...gent: okhttp/3.12.3\r\n\r\n>>>\xA7:\x8a\xC3\x95\xA6\xC7/&...\x00\x00\x00\x00\x00\x00\x00}
02:33:25.889 [qtp399373008-60] DEBUG org.eclipse.jetty.server.HttpConnection - HttpConnection@12112891::DecryptedEndPoint@16958dba{l=/127.0.0.1:37555,r=/127.0.0.1:51392,OPEN,fill=-,flush=-,to=45/30000} parse HeapByteBuffer@d26bd[p=0,l=133,c=17408,r=133]={<<<GET /config-minimal.yml H...gent: okhttp/3.12.3\r\n\r\n>>>\xA7:\x8a\xC3\x95\xA6\xC7/&...\x00\x00\x00\x00\x00\x00\x00} {}
02:33:25.889 [qtp399373008-60] DEBUG org.eclipse.jetty.http.HttpParser - parseNext s=START HeapByteBuffer@d26bd[p=0,l=133,c=17408,r=133]={<<<GET /config-minimal.yml H...gent: okhttp/3.12.3\r\n\r\n>>>\xA7:\x8a\xC3\x95\xA6\xC7/&...\x00\x00\x00\x00\x00\x00\x00}
02:33:25.889 [qtp399373008-60] DEBUG org.eclipse.jetty.http.HttpParser - START --> SPACE1
02:33:25.889 [qtp399373008-60] DEBUG org.eclipse.jetty.http.HttpParser - SPACE1 --> URI
02:33:25.889 [qtp399373008-60] DEBUG org.eclipse.jetty.http.HttpParser - URI --> SPACE2
02:33:25.889 [qtp399373008-60] DEBUG org.eclipse.jetty.http.HttpParser - SPACE2 --> REQUEST_VERSION
02:33:25.889 [qtp399373008-60] DEBUG org.eclipse.jetty.http.HttpParser - REQUEST_VERSION --> HEADER
02:33:25.889 [qtp399373008-60] DEBUG org.eclipse.jetty.http.HttpParser - HEADER:Host --> VALUE
02:33:25.889 [qtp399373008-60] DEBUG org.eclipse.jetty.http.HttpParser - HEADER:Host --> IN_VALUE
02:33:25.889 [qtp399373008-60] DEBUG org.eclipse.jetty.http.HttpParser - HEADER:Host --> FIELD
02:33:25.889 [qtp399373008-60] DEBUG org.eclipse.jetty.http.HttpParser - HEADER:Connection: keep-alive --> IN_VALUE
02:33:25.889 [qtp399373008-60] DEBUG org.eclipse.jetty.http.HttpParser - HEADER:Connection: keep-alive --> FIELD
02:33:25.889 [qtp399373008-60] DEBUG org.eclipse.jetty.http.HttpParser - HEADER:Accept-Encoding: gzip --> IN_VALUE
02:33:25.889 [qtp399373008-60] DEBUG org.eclipse.jetty.http.HttpParser - HEADER:Accept-Encoding: gzip --> FIELD
02:33:25.889 [qtp399373008-60] DEBUG org.eclipse.jetty.http.HttpParser - HEADER:User-Agent --> VALUE
02:33:25.889 [qtp399373008-60] DEBUG org.eclipse.jetty.http.HttpParser - HEADER:User-Agent --> IN_VALUE
02:33:25.889 [qtp399373008-60] DEBUG org.eclipse.jetty.http.HttpParser - HEADER:User-Agent --> FIELD
02:33:25.889 [qtp399373008-60] DEBUG org.eclipse.jetty.http.HttpParser - HEADER --> CONTENT
02:33:25.889 [qtp399373008-60] DEBUG org.eclipse.jetty.server.HttpChannel - REQUEST for //localhost:37555/config-minimal.yml on HttpChannelOverHttp@6ec760f8{s=HttpChannelState@43866430{s=IDLE rs=BLOCKING os=OPEN is=IDLE awp=false se=false i=true al=0},r=1,c=false/false,a=IDLE,uri=//localhost:37555/config-minimal.yml,age=0}
GET //localhost:37555/config-minimal.yml HTTP/1.1
Host: localhost:37555
Connection: keep-alive
Accept-Encoding: gzip
User-Agent: okhttp/3.12.3


02:33:25.889 [qtp399373008-60] DEBUG org.eclipse.jetty.server.HttpConnection - HttpConnection@12112891::DecryptedEndPoint@16958dba{l=/127.0.0.1:37555,r=/127.0.0.1:51392,OPEN,fill=-,flush=-,to=45/30000} parsed true HttpParser{s=CONTENT,0 of -1}
02:33:25.889 [qtp399373008-60] DEBUG org.eclipse.jetty.server.HttpConnection - releaseRequestBuffer HttpConnection@12112891::DecryptedEndPoint@16958dba{l=/127.0.0.1:37555,r=/127.0.0.1:51392,OPEN,fill=-,flush=-,to=45/30000}
02:33:25.889 [qtp399373008-60] DEBUG org.eclipse.jetty.server.HttpChannel - handle //localhost:37555/config-minimal.yml HttpChannelOverHttp@6ec760f8{s=HttpChannelState@43866430{s=IDLE rs=BLOCKING os=OPEN is=IDLE awp=false se=false i=true al=0},r=1,c=false/false,a=IDLE,uri=//localhost:37555/config-minimal.yml,age=0} 
02:33:25.889 [qtp399373008-60] DEBUG org.eclipse.jetty.server.HttpChannelState - handling HttpChannelState@43866430{s=IDLE rs=BLOCKING os=OPEN is=IDLE awp=false se=false i=true al=0}
02:33:25.889 [qtp399373008-60] DEBUG org.eclipse.jetty.server.HttpChannel - action DISPATCH HttpChannelOverHttp@6ec760f8{s=HttpChannelState@43866430{s=HANDLING rs=BLOCKING os=OPEN is=IDLE awp=false se=false i=true al=0},r=1,c=false/false,a=HANDLING,uri=//localhost:37555/config-minimal.yml,age=0}
02:33:25.889 [qtp399373008-60] DEBUG org.eclipse.jetty.server.SecureRequestCustomizer - Host localhost with SNI null
02:33:25.889 [qtp399373008-60] DEBUG org.eclipse.jetty.server.Server - REQUEST GET /config-minimal.yml on HttpChannelOverHttp@6ec760f8{s=HttpChannelState@43866430{s=HANDLING rs=BLOCKING os=OPEN is=IDLE awp=false se=false i=true al=0},r=1,c=false/false,a=HANDLING,uri=https://localhost:37555/config-minimal.yml,age=0}
02:33:25.890 [qtp399373008-60] DEBUG org.eclipse.jetty.server.HttpOutput - write(array HeapByteBuffer@7719a19f[p=0,l=1469,c=262144,r=1469]={<<<# Licensed to the Apache ...tination name: PutFile\n>>>\x00\x00\x00\x00\x00\x00\x00\x00\x00...\x00\x00\x00\x00\x00\x00\x00})
02:33:25.890 [qtp399373008-60] DEBUG org.eclipse.jetty.server.HttpOutput - write(array) s=CLOSING,api=BLOCKED,sc=false,e=null last=true agg=false flush=true async=false, len=1469 null
02:33:25.890 [qtp399373008-60] DEBUG org.eclipse.jetty.server.HttpChannel - sendResponse info=null content=HeapByteBuffer@68026455[p=0,l=1469,c=262144,r=1469]={<<<# Licensed to the Apache ...tination name: PutFile\n>>>\x00\x00\x00\x00\x00\x00\x00\x00\x00...\x00\x00\x00\x00\x00\x00\x00} complete=true committing=true callback=Blocker@7bbdea5b{null}
02:33:25.890 [qtp399373008-60] DEBUG org.eclipse.jetty.server.HttpChannel - COMMIT for /config-minimal.yml on HttpChannelOverHttp@6ec760f8{s=HttpChannelState@43866430{s=HANDLING rs=BLOCKING os=COMMITTED is=IDLE awp=false se=false i=true al=0},r=1,c=false/false,a=HANDLING,uri=https://localhost:37555/config-minimal.yml,age=1}
200 null HTTP/1.1
Date: Thu, 02 May 2024 01:33:25 GMT
ETag: testEtag
Content-Type: text/plain;charset=utf-8
Content-Length: 1469


02:33:25.890 [qtp399373008-60] DEBUG org.eclipse.jetty.server.HttpConnection - generate: NEED_HEADER for SendCallback@3f3c89a4[PROCESSING][i=HTTP/1.1{s=200,h=4,cl=1469},cb=org.eclipse.jetty.server.HttpChannel$SendCallback@513c285] (null,[p=0,l=1469,c=262144,r=1469],true)@START
02:33:25.890 [qtp399373008-60] DEBUG org.eclipse.jetty.http.HttpGenerator - generateHeaders HTTP/1.1{s=200,h=4,cl=1469} last=true content=HeapByteBuffer@68026455[p=0,l=1469,c=262144,r=1469]={<<<# Licensed to the Apache ...tination name: PutFile\n>>>\x00\x00\x00\x00\x00\x00\x00\x00\x00...\x00\x00\x00\x00\x00\x00\x00}
02:33:25.890 [qtp399373008-60] DEBUG org.eclipse.jetty.http.HttpGenerator - Date: Thu, 02 May 2024 01:33:25 GMT
ETag: testEtag
Content-Type: text/plain;charset=utf-8
Content-Length: 1469


02:33:25.890 [qtp399373008-60] DEBUG org.eclipse.jetty.http.HttpGenerator - CONTENT_LENGTH
02:33:25.890 [qtp399373008-60] DEBUG org.eclipse.jetty.server.HttpConnection - generate: FLUSH for SendCallback@3f3c89a4[PROCESSING][i=HTTP/1.1{s=200,h=4,cl=1469},cb=org.eclipse.jetty.server.HttpChannel$SendCallback@513c285] ([p=0,l=167,c=8192,r=167],[p=0,l=1469,c=262144,r=1469],true)@COMPLETING
02:33:25.890 [qtp399373008-60] DEBUG org.eclipse.jetty.io.WriteFlusher - write: WriteFlusher@7ec82ebe{IDLE}->null [HeapByteBuffer@235f32c0[p=0,l=167,c=8192,r=167]={<<<HTTP/1.1 200 OK\r\nDate: Th...y(9.4.44.v20210927)\r\n\r\n>>>\x00\x00\x00\x00\x00\x00\x00\x00\x00...\x00\x00\x00\x00\x00\x00\x00},HeapByteBuffer@68026455[p=0,l=1469,c=262144,r=1469]={<<<# Licensed to the Apache ...tination name: PutFile\n>>>\x00\x00\x00\x00\x00\x00\x00\x00\x00...\x00\x00\x00\x00\x00\x00\x00}]
02:33:25.890 [qtp399373008-60] DEBUG org.eclipse.jetty.io.WriteFlusher - update WriteFlusher@7ec82ebe{WRITING}->null:IDLE-->WRITING
02:33:25.890 [qtp399373008-60] DEBUG org.eclipse.jetty.io.ssl.SslConnection - >flush SslConnection@37d311bf::SocketChannelEndPoint@373c4f5d{l=/127.0.0.1:37555,r=/127.0.0.1:51392,OPEN,fill=-,flush=-,to=1/30000}{io=0/0,kio=0,kro=1}->SslConnection@37d311bf{NOT_HANDSHAKING,eio=-1/-1,di=-1,fill=IDLE,flush=IDLE}~>DecryptedEndPoint@16958dba{l=/127.0.0.1:37555,r=/127.0.0.1:51392,OPEN,fill=-,flush=W,to=46/30000}=>HttpConnection@12112891[p=HttpParser{s=CONTENT,0 of -1},g=HttpGenerator@d91a2a2{s=COMPLETING}]=>HttpChannelOverHttp@6ec760f8{s=HttpChannelState@43866430{s=HANDLING rs=BLOCKING os=COMMITTED is=IDLE awp=false se=false i=true al=0},r=1,c=false/false,a=HANDLING,uri=https://localhost:37555/config-minimal.yml,age=1}
02:33:25.890 [qtp399373008-60] DEBUG org.eclipse.jetty.io.ssl.SslConnection - flush b[0]=HeapByteBuffer@235f32c0[p=0,l=167,c=8192,r=167]={<<<HTTP/1.1 200 OK\r\nDate: Th...y(9.4.44.v20210927)\r\n\r\n>>>\x00\x00\x00\x00\x00\x00\x00\x00\x00...\x00\x00\x00\x00\x00\x00\x00}
02:33:25.890 [qtp399373008-60] DEBUG org.eclipse.jetty.io.ssl.SslConnection - flush b[1]=HeapByteBuffer@68026455[p=0,l=1469,c=262144,r=1469]={<<<# Licensed to the Apache ...tination name: PutFile\n>>>\x00\x00\x00\x00\x00\x00\x00\x00\x00...\x00\x00\x00\x00\x00\x00\x00}
02:33:25.890 [qtp399373008-60] DEBUG org.eclipse.jetty.io.ssl.SslConnection - flush NOT_HANDSHAKING
02:33:25.890 [qtp399373008-60] DEBUG org.eclipse.jetty.io.ssl.SslConnection - wrap Status = OK HandshakeStatus = NOT_HANDSHAKING bytesConsumed = 1636 bytesProduced = 1674 [p=0,l=1674,c=17408,r=1674] ioDone=false/false
02:33:25.890 [qtp399373008-60] DEBUG org.eclipse.jetty.io.ChannelEndPoint - flushed 1674 SocketChannelEndPoint@373c4f5d{l=/127.0.0.1:37555,r=/127.0.0.1:51392,OPEN,fill=-,flush=-,to=2/30000}{io=0/0,kio=0,kro=1}->SslConnection@37d311bf{NOT_HANDSHAKING,eio=-1/0,di=-1,fill=IDLE,flush=IDLE}~>DecryptedEndPoint@16958dba{l=/127.0.0.1:37555,r=/127.0.0.1:51392,OPEN,fill=-,flush=W,to=46/30000}=>HttpConnection@12112891[p=HttpParser{s=CONTENT,0 of -1},g=HttpGenerator@d91a2a2{s=COMPLETING}]=>HttpChannelOverHttp@6ec760f8{s=HttpChannelState@43866430{s=HANDLING rs=BLOCKING os=COMMITTED is=IDLE awp=false se=false i=true al=0},r=1,c=false/false,a=HANDLING,uri=https://localhost:37555/config-minimal.yml,age=1}
02:33:25.890 [qtp399373008-60] DEBUG org.eclipse.jetty.io.ssl.SslConnection - net flushed=true, ac=true
02:33:25.890 [qtp399373008-60] DEBUG org.eclipse.jetty.io.ssl.SslConnection - <flush true SslConnection@37d311bf::SocketChannelEndPoint@373c4f5d{l=/127.0.0.1:37555,r=/127.0.0.1:51392,OPEN,fill=-,flush=-,to=0/30000}{io=0/0,kio=0,kro=1}->SslConnection@37d311bf{NOT_HANDSHAKING,eio=-1/-1,di=-1,fill=IDLE,flush=IDLE}~>DecryptedEndPoint@16958dba{l=/127.0.0.1:37555,r=/127.0.0.1:51392,OPEN,fill=-,flush=W,to=46/30000}=>HttpConnection@12112891[p=HttpParser{s=CONTENT,0 of -1},g=HttpGenerator@d91a2a2{s=COMPLETING}]=>HttpChannelOverHttp@6ec760f8{s=HttpChannelState@43866430{s=HANDLING rs=BLOCKING os=COMMITTED is=IDLE awp=false se=false i=true al=0},r=1,c=false/false,a=HANDLING,uri=https://localhost:37555/config-minimal.yml,age=1}
02:33:25.890 [qtp399373008-60] DEBUG org.eclipse.jetty.io.WriteFlusher - Flushed=true written=1636 remaining=0 WriteFlusher@7ec82ebe{WRITING}->null
02:33:25.890 [qtp399373008-60] DEBUG org.eclipse.jetty.io.WriteFlusher - update WriteFlusher@7ec82ebe{IDLE}->null:WRITING-->IDLE
02:33:25.890 [qtp399373008-60] DEBUG org.eclipse.jetty.server.HttpConnection - generate: DONE for SendCallback@3f3c89a4[PROCESSING][i=HTTP/1.1{s=200,h=4,cl=1469},cb=org.eclipse.jetty.server.HttpChannel$SendCallback@513c285] ([p=167,l=167,c=8192,r=0],[p=1469,l=1469,c=262144,r=0],true)@END
02:33:25.890 [qtp399373008-60] DEBUG org.eclipse.jetty.server.HttpOutput - onWriteComplete(true,null) s=CLOSING,api=BLOCKED,sc=false,e=null->s=CLOSED,api=BLOCKING,sc=false,e=null c=null cb=null w=false
02:33:25.891 [main] DEBUG org.apache.nifi.minifi.bootstrap.configuration.ingestors.PullHttpChangeIngestor - Response received: Response{protocol=http/1.1, code=200, message=OK, url=https://localhost:37555/config-minimal.yml}
02:33:25.891 [main] DEBUG org.apache.nifi.minifi.bootstrap.configuration.ingestors.PullHttpChangeIngestor - New change received, notifying listener
02:33:25.891 [main] DEBUG org.apache.nifi.minifi.bootstrap.configuration.ingestors.PullHttpChangeIngestor - Listeners notified
02:33:25.891 [qtp399373008-60] DEBUG org.eclipse.jetty.server.HttpOutput - close() s=CLOSED,api=BLOCKING,sc=false,e=null c=null b=null
02:33:25.891 [qtp399373008-60] DEBUG org.eclipse.jetty.server.Server - handled=true async=false committed=true on HttpChannelOverHttp@6ec760f8{s=HttpChannelState@43866430{s=HANDLING rs=BLOCKING os=COMPLETED is=IDLE awp=false se=false i=true al=0},r=1,c=false/true,a=HANDLING,uri=https://localhost:37555/config-minimal.yml,age=2}
02:33:25.891 [qtp399373008-60] DEBUG org.eclipse.jetty.server.HttpChannelState - unhandle HttpChannelState@43866430{s=HANDLING rs=BLOCKING os=COMPLETED is=IDLE awp=false se=false i=true al=0}
02:33:25.891 [qtp399373008-60] DEBUG org.eclipse.jetty.server.HttpChannelState - nextAction(false) COMPLETE HttpChannelState@43866430{s=HANDLING rs=COMPLETING os=COMPLETED is=IDLE awp=false se=false i=false al=0}
02:33:25.891 [qtp399373008-60] DEBUG org.eclipse.jetty.server.HttpChannel - action COMPLETE HttpChannelOverHttp@6ec760f8{s=HttpChannelState@43866430{s=HANDLING rs=COMPLETING os=COMPLETED is=IDLE awp=false se=false i=false al=0},r=1,c=false/true,a=HANDLING,uri=https://localhost:37555/config-minimal.yml,age=2}
02:33:25.891 [qtp399373008-60] DEBUG org.eclipse.jetty.server.HttpOutput - complete(org.eclipse.jetty.util.Callback$3@6ab3ec0e) s=CLOSED,api=BLOCKING,sc=false,e=null s=true e=null, c=null
02:33:25.891 [qtp399373008-60] DEBUG org.eclipse.jetty.server.HttpChannelState - completed HttpChannelState@43866430{s=HANDLING rs=COMPLETING os=COMPLETED is=IDLE awp=false se=false i=false al=0}
02:33:25.891 [qtp399373008-60] DEBUG org.eclipse.jetty.server.HttpChannelState - unhandle HttpChannelState@43866430{s=HANDLING rs=COMPLETED os=COMPLETED is=IDLE awp=false se=false i=false al=0}
02:33:25.891 [qtp399373008-60] DEBUG org.eclipse.jetty.server.HttpChannelState - nextAction(false) TERMINATED HttpChannelState@43866430{s=IDLE rs=COMPLETED os=COMPLETED is=IDLE awp=false se=false i=false al=0}
02:33:25.891 [qtp399373008-60] DEBUG org.eclipse.jetty.server.HttpChannel - action TERMINATED HttpChannelOverHttp@6ec760f8{s=HttpChannelState@43866430{s=IDLE rs=COMPLETED os=COMPLETED is=IDLE awp=false se=false i=false al=0},r=1,c=true/true,a=IDLE,uri=https://localhost:37555/config-minimal.yml,age=2}
02:33:25.891 [qtp399373008-60] DEBUG org.eclipse.jetty.server.HttpChannel - onCompleted for /config-minimal.yml written=1469
02:33:25.891 [qtp399373008-60] DEBUG org.eclipse.jetty.io.ssl.SslConnection - >fill SslConnection@37d311bf::SocketChannelEndPoint@373c4f5d{l=/127.0.0.1:37555,r=/127.0.0.1:51392,OPEN,fill=-,flush=-,to=0/30000}{io=0/0,kio=0,kro=1}->SslConnection@37d311bf{NOT_HANDSHAKING,eio=-1/-1,di=-1,fill=IDLE,flush=IDLE}~>DecryptedEndPoint@16958dba{l=/127.0.0.1:37555,r=/127.0.0.1:51392,OPEN,fill=-,flush=-,to=47/30000}=>HttpConnection@12112891[p=HttpParser{s=CONTENT,0 of -1},g=HttpGenerator@d91a2a2{s=END}]=>HttpChannelOverHttp@6ec760f8{s=HttpChannelState@43866430{s=IDLE rs=COMPLETED os=COMPLETED is=IDLE awp=false se=false i=false al=0},r=1,c=true/true,a=IDLE,uri=https://localhost:37555/config-minimal.yml,age=2}
02:33:25.891 [qtp399373008-60] DEBUG org.eclipse.jetty.io.ssl.SslConnection - fill NOT_HANDSHAKING
02:33:25.891 [qtp399373008-60] DEBUG org.eclipse.jetty.io.ChannelEndPoint - filled 0 HeapByteBuffer@d26bd[p=0,l=0,c=17408,r=0]={<<<>>>GET /conf...\x00\x00\x00\x00\x00\x00\x00}
02:33:25.891 [qtp399373008-60] DEBUG org.eclipse.jetty.io.ssl.SslConnection - net filled=0
02:33:25.891 [qtp399373008-60] DEBUG org.eclipse.jetty.io.ssl.SslConnection - unwrap net_filled=0 Status = BUFFER_UNDERFLOW HandshakeStatus = NOT_HANDSHAKING bytesConsumed = 0 bytesProduced = 0 encryptedBuffer=[p=0,l=0,c=17408,r=0] unwrapBuffer=HeapByteBuffer@ecac914[p=0,l=0,c=17408,r=0]={<<<>>>\x17\x03\x03\x03\xAd\x0b\x00\x03\x88...\x00\x00\x00\x00\x00\x00\x00} appBuffer=HeapByteBuffer@ecac914[p=0,l=0,c=17408,r=0]={<<<>>>\x17\x03\x03\x03\xAd\x0b\x00\x03\x88...\x00\x00\x00\x00\x00\x00\x00}
02:33:25.891 [qtp399373008-60] DEBUG org.eclipse.jetty.io.ssl.SslConnection - <fill f=0 uf=true SslConnection@37d311bf::SocketChannelEndPoint@373c4f5d{l=/127.0.0.1:37555,r=/127.0.0.1:51392,OPEN,fill=-,flush=-,to=1/30000}{io=0/0,kio=0,kro=1}->SslConnection@37d311bf{NOT_HANDSHAKING,eio=-1/-1,di=-1,fill=IDLE,flush=IDLE}~>DecryptedEndPoint@16958dba{l=/127.0.0.1:37555,r=/127.0.0.1:51392,OPEN,fill=-,flush=-,to=48/30000}=>HttpConnection@12112891[p=HttpParser{s=CONTENT,0 of -1},g=HttpGenerator@d91a2a2{s=END}]=>HttpChannelOverHttp@6ec760f8{s=HttpChannelState@43866430{s=IDLE rs=COMPLETED os=COMPLETED is=IDLE awp=false se=false i=false al=0},r=1,c=true/true,a=IDLE,uri=https://localhost:37555/config-minimal.yml,age=2}
02:33:25.892 [qtp399373008-60] DEBUG org.eclipse.jetty.io.ssl.SslConnection - >fill SslConnection@37d311bf::SocketChannelEndPoint@373c4f5d{l=/127.0.0.1:37555,r=/127.0.0.1:51392,OPEN,fill=-,flush=-,to=1/30000}{io=0/0,kio=0,kro=1}->SslConnection@37d311bf{NOT_HANDSHAKING,eio=-1/-1,di=-1,fill=IDLE,flush=IDLE}~>DecryptedEndPoint@16958dba{l=/127.0.0.1:37555,r=/127.0.0.1:51392,OPEN,fill=-,flush=-,to=48/30000}=>HttpConnection@12112891[p=HttpParser{s=CONTENT,0 of -1},g=HttpGenerator@d91a2a2{s=END}]=>HttpChannelOverHttp@6ec760f8{s=HttpChannelState@43866430{s=IDLE rs=COMPLETED os=COMPLETED is=IDLE awp=false se=false i=false al=0},r=1,c=true/true,a=IDLE,uri=https://localhost:37555/config-minimal.yml,age=3}
02:33:25.892 [qtp399373008-60] DEBUG org.eclipse.jetty.io.ssl.SslConnection - fill NOT_HANDSHAKING
02:33:25.892 [qtp399373008-60] DEBUG org.eclipse.jetty.io.ChannelEndPoint - filled 0 HeapByteBuffer@196acfdd[p=0,l=0,c=17408,r=0]={<<<>>>\x17\x03\x03\x06\x85"6\x9d\xD1...\x00\x00\x00\x00\x00\x00\x00}
02:33:25.892 [qtp399373008-60] DEBUG org.eclipse.jetty.io.ssl.SslConnection - net filled=0
02:33:25.892 [qtp399373008-60] DEBUG org.eclipse.jetty.io.ssl.SslConnection - unwrap net_filled=0 Status = BUFFER_UNDERFLOW HandshakeStatus = NOT_HANDSHAKING bytesConsumed = 0 bytesProduced = 0 encryptedBuffer=[p=0,l=0,c=17408,r=0] unwrapBuffer=HeapByteBuffer@ecac914[p=0,l=0,c=17408,r=0]={<<<>>>\x17\x03\x03\x03\xAd\x0b\x00\x03\x88...\x00\x00\x00\x00\x00\x00\x00} appBuffer=HeapByteBuffer@ecac914[p=0,l=0,c=17408,r=0]={<<<>>>\x17\x03\x03\x03\xAd\x0b\x00\x03\x88...\x00\x00\x00\x00\x00\x00\x00}
02:33:25.892 [qtp399373008-60] DEBUG org.eclipse.jetty.io.ssl.SslConnection - <fill f=0 uf=true SslConnection@37d311bf::SocketChannelEndPoint@373c4f5d{l=/127.0.0.1:37555,r=/127.0.0.1:51392,OPEN,fill=-,flush=-,to=1/30000}{io=0/0,kio=0,kro=1}->SslConnection@37d311bf{NOT_HANDSHAKING,eio=-1/-1,di=-1,fill=IDLE,flush=IDLE}~>DecryptedEndPoint@16958dba{l=/127.0.0.1:37555,r=/127.0.0.1:51392,OPEN,fill=-,flush=-,to=48/30000}=>HttpConnection@12112891[p=HttpParser{s=CONTENT,0 of -1},g=HttpGenerator@d91a2a2{s=END}]=>HttpChannelOverHttp@6ec760f8{s=HttpChannelState@43866430{s=IDLE rs=COMPLETED os=COMPLETED is=IDLE awp=false se=false i=false al=0},r=1,c=true/true,a=IDLE,uri=https://localhost:37555/config-minimal.yml,age=3}
02:33:25.892 [qtp399373008-60] DEBUG org.eclipse.jetty.server.HttpConnection - HttpConnection@12112891::DecryptedEndPoint@16958dba{l=/127.0.0.1:37555,r=/127.0.0.1:51392,OPEN,fill=-,flush=-,to=48/30000} filled 0 HeapByteBuffer@ecac914[p=0,l=0,c=17408,r=0]={<<<>>>\x17\x03\x03\x03\xAd\x0b\x00\x03\x88...\x00\x00\x00\x00\x00\x00\x00}
02:33:25.892 [qtp399373008-60] DEBUG org.eclipse.jetty.server.HttpConnection - HttpConnection@12112891::DecryptedEndPoint@16958dba{l=/127.0.0.1:37555,r=/127.0.0.1:51392,OPEN,fill=-,flush=-,to=48/30000} parse HeapByteBuffer@ecac914[p=0,l=0,c=17408,r=0]={<<<>>>\x17\x03\x03\x03\xAd\x0b\x00\x03\x88...\x00\x00\x00\x00\x00\x00\x00} {}
02:33:25.892 [qtp399373008-60] DEBUG org.eclipse.jetty.http.HttpParser - parseNext s=CONTENT HeapByteBuffer@ecac914[p=0,l=0,c=17408,r=0]={<<<>>>\x17\x03\x03\x03\xAd\x0b\x00\x03\x88...\x00\x00\x00\x00\x00\x00\x00}
02:33:25.892 [qtp399373008-60] DEBUG org.eclipse.jetty.http.HttpParser - CONTENT --> CONTENT_END
02:33:25.892 [qtp399373008-60] DEBUG org.eclipse.jetty.server.HttpChannel - onContentComplete HttpChannelOverHttp@6ec760f8{s=HttpChannelState@43866430{s=IDLE rs=COMPLETED os=COMPLETED is=IDLE awp=false se=false i=false al=0},r=1,c=true/true,a=IDLE,uri=https://localhost:37555/config-minimal.yml,age=3}
02:33:25.892 [qtp399373008-60] DEBUG org.eclipse.jetty.http.HttpParser - CONTENT_END --> END
02:33:25.892 [qtp399373008-60] DEBUG org.eclipse.jetty.server.HttpChannel - onRequestComplete HttpChannelOverHttp@6ec760f8{s=HttpChannelState@43866430{s=IDLE rs=COMPLETED os=COMPLETED is=IDLE awp=false se=false i=false al=0},r=1,c=true/true,a=IDLE,uri=https://localhost:37555/config-minimal.yml,age=3}
02:33:25.892 [qtp399373008-60] DEBUG org.eclipse.jetty.server.HttpInput - HttpInputOverHTTP@31193955[c=0,q=0,[0]=null,s=STREAM] addContent EOF
02:33:25.892 [qtp399373008-60] DEBUG org.eclipse.jetty.server.HttpConnection - HttpConnection@12112891::DecryptedEndPoint@16958dba{l=/127.0.0.1:37555,r=/127.0.0.1:51392,OPEN,fill=-,flush=-,to=48/30000} parsed false HttpParser{s=END,0 of -1}
02:33:25.892 [qtp399373008-60] DEBUG org.eclipse.jetty.server.HttpConnection - releaseRequestBuffer HttpConnection@12112891::DecryptedEndPoint@16958dba{l=/127.0.0.1:37555,r=/127.0.0.1:51392,OPEN,fill=-,flush=-,to=48/30000}
02:33:25.892 [qtp399373008-60] DEBUG org.eclipse.jetty.server.HttpChannelState - recycle HttpChannelState@43866430{s=IDLE rs=COMPLETED os=COMPLETED is=IDLE awp=false se=false i=false al=0}
02:33:25.892 [qtp399373008-60] DEBUG org.eclipse.jetty.http.HttpParser - reset HttpParser{s=END,0 of -1}
02:33:25.892 [qtp399373008-60] DEBUG org.eclipse.jetty.http.HttpParser - END --> START
02:33:25.892 [qtp399373008-60] DEBUG org.eclipse.jetty.server.HttpChannel - !handle TERMINATED HttpChannelOverHttp@6ec760f8{s=HttpChannelState@43866430{s=IDLE rs=BLOCKING os=OPEN is=IDLE awp=false se=false i=true al=0},r=1,c=false/false,a=IDLE,uri=null,age=0}
02:33:25.892 [qtp399373008-60] DEBUG org.eclipse.jetty.io.ssl.SslConnection - >fill SslConnection@37d311bf::SocketChannelEndPoint@373c4f5d{l=/127.0.0.1:37555,r=/127.0.0.1:51392,OPEN,fill=-,flush=-,to=1/30000}{io=0/0,kio=0,kro=1}->SslConnection@37d311bf{NOT_HANDSHAKING,eio=-1/-1,di=-1,fill=IDLE,flush=IDLE}~>DecryptedEndPoint@16958dba{l=/127.0.0.1:37555,r=/127.0.0.1:51392,OPEN,fill=-,flush=-,to=48/30000}=>HttpConnection@12112891[p=HttpParser{s=START,0 of -1},g=HttpGenerator@d91a2a2{s=START}]=>HttpChannelOverHttp@6ec760f8{s=HttpChannelState@43866430{s=IDLE rs=BLOCKING os=OPEN is=IDLE awp=false se=false i=true al=0},r=1,c=false/false,a=IDLE,uri=null,age=0}
02:33:25.892 [qtp399373008-60] DEBUG org.eclipse.jetty.io.ssl.SslConnection - fill NOT_HANDSHAKING
02:33:25.892 [qtp399373008-60] DEBUG org.eclipse.jetty.io.ChannelEndPoint - filled 0 HeapByteBuffer@196acfdd[p=0,l=0,c=17408,r=0]={<<<>>>\x17\x03\x03\x06\x85"6\x9d\xD1...\x00\x00\x00\x00\x00\x00\x00}
02:33:25.892 [qtp399373008-60] DEBUG org.eclipse.jetty.io.ssl.SslConnection - net filled=0
02:33:25.892 [qtp399373008-60] DEBUG org.eclipse.jetty.io.ssl.SslConnection - unwrap net_filled=0 Status = BUFFER_UNDERFLOW HandshakeStatus = NOT_HANDSHAKING bytesConsumed = 0 bytesProduced = 0 encryptedBuffer=[p=0,l=0,c=17408,r=0] unwrapBuffer=HeapByteBuffer@d26bd[p=0,l=0,c=17408,r=0]={<<<>>>GET /conf...\x00\x00\x00\x00\x00\x00\x00} appBuffer=HeapByteBuffer@d26bd[p=0,l=0,c=17408,r=0]={<<<>>>GET /conf...\x00\x00\x00\x00\x00\x00\x00}
02:33:25.892 [qtp399373008-60] DEBUG org.eclipse.jetty.io.ssl.SslConnection - <fill f=0 uf=true SslConnection@37d311bf::SocketChannelEndPoint@373c4f5d{l=/127.0.0.1:37555,r=/127.0.0.1:51392,OPEN,fill=-,flush=-,to=1/30000}{io=0/0,kio=0,kro=1}->SslConnection@37d311bf{NOT_HANDSHAKING,eio=-1/-1,di=-1,fill=IDLE,flush=IDLE}~>DecryptedEndPoint@16958dba{l=/127.0.0.1:37555,r=/127.0.0.1:51392,OPEN,fill=-,flush=-,to=48/30000}=>HttpConnection@12112891[p=HttpParser{s=START,0 of -1},g=HttpGenerator@d91a2a2{s=START}]=>HttpChannelOverHttp@6ec760f8{s=HttpChannelState@43866430{s=IDLE rs=BLOCKING os=OPEN is=IDLE awp=false se=false i=true al=0},r=1,c=false/false,a=IDLE,uri=null,age=0}
02:33:25.892 [qtp399373008-60] DEBUG org.eclipse.jetty.io.ssl.SslConnection - >fill SslConnection@37d311bf::SocketChannelEndPoint@373c4f5d{l=/127.0.0.1:37555,r=/127.0.0.1:51392,OPEN,fill=-,flush=-,to=2/30000}{io=0/0,kio=0,kro=1}->SslConnection@37d311bf{NOT_HANDSHAKING,eio=-1/-1,di=-1,fill=IDLE,flush=IDLE}~>DecryptedEndPoint@16958dba{l=/127.0.0.1:37555,r=/127.0.0.1:51392,OPEN,fill=-,flush=-,to=48/30000}=>HttpConnection@12112891[p=HttpParser{s=START,0 of -1},g=HttpGenerator@d91a2a2{s=START}]=>HttpChannelOverHttp@6ec760f8{s=HttpChannelState@43866430{s=IDLE rs=BLOCKING os=OPEN is=IDLE awp=false se=false i=true al=0},r=1,c=false/false,a=IDLE,uri=null,age=0}
02:33:25.892 [qtp399373008-60] DEBUG org.eclipse.jetty.io.ssl.SslConnection - fill NOT_HANDSHAKING
02:33:25.892 [qtp399373008-60] DEBUG org.eclipse.jetty.io.ChannelEndPoint - filled 0 HeapByteBuffer@ecac914[p=0,l=0,c=17408,r=0]={<<<>>>\x17\x03\x03\x03\xAd\x0b\x00\x03\x88...\x00\x00\x00\x00\x00\x00\x00}
02:33:25.892 [qtp399373008-60] DEBUG org.eclipse.jetty.io.ssl.SslConnection - net filled=0
02:33:25.892 [qtp399373008-60] DEBUG org.eclipse.jetty.io.ssl.SslConnection - unwrap net_filled=0 Status = BUFFER_UNDERFLOW HandshakeStatus = NOT_HANDSHAKING bytesConsumed = 0 bytesProduced = 0 encryptedBuffer=[p=0,l=0,c=17408,r=0] unwrapBuffer=HeapByteBuffer@d26bd[p=0,l=0,c=17408,r=0]={<<<>>>GET /conf...\x00\x00\x00\x00\x00\x00\x00} appBuffer=HeapByteBuffer@d26bd[p=0,l=0,c=17408,r=0]={<<<>>>GET /conf...\x00\x00\x00\x00\x00\x00\x00}
02:33:25.893 [qtp399373008-60] DEBUG org.eclipse.jetty.io.ssl.SslConnection - <fill f=0 uf=true SslConnection@37d311bf::SocketChannelEndPoint@373c4f5d{l=/127.0.0.1:37555,r=/127.0.0.1:51392,OPEN,fill=-,flush=-,to=2/30000}{io=0/0,kio=0,kro=1}->SslConnection@37d311bf{NOT_HANDSHAKING,eio=-1/-1,di=-1,fill=IDLE,flush=IDLE}~>DecryptedEndPoint@16958dba{l=/127.0.0.1:37555,r=/127.0.0.1:51392,OPEN,fill=-,flush=-,to=49/30000}=>HttpConnection@12112891[p=HttpParser{s=START,0 of -1},g=HttpGenerator@d91a2a2{s=START}]=>HttpChannelOverHttp@6ec760f8{s=HttpChannelState@43866430{s=IDLE rs=BLOCKING os=OPEN is=IDLE awp=false se=false i=true al=0},r=1,c=false/false,a=IDLE,uri=null,age=0}
02:33:25.893 [qtp399373008-60] DEBUG org.eclipse.jetty.server.HttpConnection - HttpConnection@12112891::DecryptedEndPoint@16958dba{l=/127.0.0.1:37555,r=/127.0.0.1:51392,OPEN,fill=-,flush=-,to=49/30000} filled 0 HeapByteBuffer@d26bd[p=0,l=0,c=17408,r=0]={<<<>>>GET /conf...\x00\x00\x00\x00\x00\x00\x00}
02:33:25.893 [qtp399373008-60] DEBUG org.eclipse.jetty.server.HttpConnection - HttpConnection@12112891::DecryptedEndPoint@16958dba{l=/127.0.0.1:37555,r=/127.0.0.1:51392,OPEN,fill=-,flush=-,to=49/30000} parse HeapByteBuffer@d26bd[p=0,l=0,c=17408,r=0]={<<<>>>GET /conf...\x00\x00\x00\x00\x00\x00\x00} {}
02:33:25.893 [qtp399373008-60] DEBUG org.eclipse.jetty.http.HttpParser - parseNext s=START HeapByteBuffer@d26bd[p=0,l=0,c=17408,r=0]={<<<>>>GET /conf...\x00\x00\x00\x00\x00\x00\x00}
02:33:25.893 [qtp399373008-60] DEBUG org.eclipse.jetty.server.HttpConnection - HttpConnection@12112891::DecryptedEndPoint@16958dba{l=/127.0.0.1:37555,r=/127.0.0.1:51392,OPEN,fill=-,flush=-,to=49/30000} parsed false HttpParser{s=START,0 of -1}
02:33:25.893 [qtp399373008-60] DEBUG org.eclipse.jetty.server.HttpConnection - releaseRequestBuffer HttpConnection@12112891::DecryptedEndPoint@16958dba{l=/127.0.0.1:37555,r=/127.0.0.1:51392,OPEN,fill=-,flush=-,to=49/30000}
02:33:25.893 [qtp399373008-60] DEBUG org.eclipse.jetty.io.AbstractConnection - fillInterested HttpConnection@12112891::DecryptedEndPoint@16958dba{l=/127.0.0.1:37555,r=/127.0.0.1:51392,OPEN,fill=-,flush=-,to=49/30000}
02:33:25.893 [qtp399373008-60] DEBUG org.eclipse.jetty.io.FillInterest - interested FillInterest@165f5621{AC.ReadCB@12112891{HttpConnection@12112891::DecryptedEndPoint@16958dba{l=/127.0.0.1:37555,r=/127.0.0.1:51392,OPEN,fill=FI,flush=-,to=0/30000}}}
02:33:25.893 [qtp399373008-60] DEBUG org.eclipse.jetty.io.ssl.SslConnection - >needFillInterest s=IDLE/IDLE uf=true ei=null di=null SslConnection@37d311bf::SocketChannelEndPoint@373c4f5d{l=/127.0.0.1:37555,r=/127.0.0.1:51392,OPEN,fill=-,flush=-,to=2/30000}{io=0/0,kio=0,kro=1}->SslConnection@37d311bf{NOT_HANDSHAKING,eio=-1/-1,di=-1,fill=IDLE,flush=IDLE}~>DecryptedEndPoint@16958dba{l=/127.0.0.1:37555,r=/127.0.0.1:51392,OPEN,fill=FI,flush=-,to=0/30000}=>HttpConnection@12112891[p=HttpParser{s=START,0 of -1},g=HttpGenerator@d91a2a2{s=START}]=>HttpChannelOverHttp@6ec760f8{s=HttpChannelState@43866430{s=IDLE rs=BLOCKING os=OPEN is=IDLE awp=false se=false i=true al=0},r=1,c=false/false,a=IDLE,uri=null,age=0}
02:33:25.893 [qtp399373008-60] DEBUG org.eclipse.jetty.io.ssl.SslConnection - <needFillInterest s=IDLE/INTERESTED f=false i=true w=null
02:33:25.893 [qtp399373008-60] DEBUG org.eclipse.jetty.io.ssl.SslConnection - ensureFillInterested SslConnection@37d311bf::SocketChannelEndPoint@373c4f5d{l=/127.0.0.1:37555,r=/127.0.0.1:51392,OPEN,fill=-,flush=-,to=2/30000}{io=0/0,kio=0,kro=1}->SslConnection@37d311bf{NOT_HANDSHAKING,eio=-1/-1,di=-1,fill=INTERESTED,flush=IDLE}~>DecryptedEndPoint@16958dba{l=/127.0.0.1:37555,r=/127.0.0.1:51392,OPEN,fill=FI,flush=-,to=0/30000}=>HttpConnection@12112891[p=HttpParser{s=START,0 of -1},g=HttpGenerator@d91a2a2{s=START}]=>HttpChannelOverHttp@6ec760f8{s=HttpChannelState@43866430{s=IDLE rs=BLOCKING os=OPEN is=IDLE awp=false se=false i=true al=0},r=1,c=false/false,a=IDLE,uri=null,age=0}
02:33:25.893 [qtp399373008-60] DEBUG org.eclipse.jetty.io.FillInterest - interested FillInterest@73ea0673{SSLC.NBReadCB@37d311bf{SslConnection@37d311bf::SocketChannelEndPoint@373c4f5d{l=/127.0.0.1:37555,r=/127.0.0.1:51392,OPEN,fill=FI,flush=-,to=0/30000}{io=0/0,kio=0,kro=1}->SslConnection@37d311bf{NOT_HANDSHAKING,eio=-1/-1,di=-1,fill=INTERESTED,flush=IDLE}~>DecryptedEndPoint@16958dba{l=/127.0.0.1:37555,r=/127.0.0.1:51392,OPEN,fill=FI,flush=-,to=0/30000}=>HttpConnection@12112891[p=HttpParser{s=START,0 of -1},g=HttpGenerator@d91a2a2{s=START}]=>HttpChannelOverHttp@6ec760f8{s=HttpChannelState@43866430{s=IDLE rs=BLOCKING os=OPEN is=IDLE awp=false se=false i=true al=0},r=1,c=false/false,a=IDLE,uri=null,age=0}}}
02:33:25.893 [qtp399373008-60] DEBUG org.eclipse.jetty.io.ChannelEndPoint - changeInterests p=false 0->1 for SocketChannelEndPoint@373c4f5d{l=/127.0.0.1:37555,r=/127.0.0.1:51392,OPEN,fill=FI,flush=-,to=0/30000}{io=0/1,kio=0,kro=1}->SslConnection@37d311bf{NOT_HANDSHAKING,eio=-1/-1,di=-1,fill=INTERESTED,flush=IDLE}~>DecryptedEndPoint@16958dba{l=/127.0.0.1:37555,r=/127.0.0.1:51392,OPEN,fill=FI,flush=-,to=0/30000}=>HttpConnection@12112891[p=HttpParser{s=START,0 of -1},g=HttpGenerator@d91a2a2{s=START}]=>HttpChannelOverHttp@6ec760f8{s=HttpChannelState@43866430{s=IDLE rs=BLOCKING os=OPEN is=IDLE awp=false se=false i=true al=0},r=1,c=false/false,a=IDLE,uri=null,age=0}
02:33:25.893 [qtp399373008-60] DEBUG org.eclipse.jetty.io.ManagedSelector - Queued change lazy=false org.eclipse.jetty.io.ChannelEndPoint$$Lambda$255/1238156519@5c9bbf58 on ManagedSelector@5733f295{STARTED} id=1 keys=2 selected=0 updates=0
02:33:25.893 [qtp399373008-60] DEBUG org.eclipse.jetty.io.ManagedSelector - Wakeup on submit ManagedSelector@5733f295{STARTED} id=1 keys=2 selected=0 updates=1
02:33:25.893 [qtp399373008-60] DEBUG org.eclipse.jetty.server.HttpConnection - HttpConnection@12112891::DecryptedEndPoint@16958dba{l=/127.0.0.1:37555,r=/127.0.0.1:51392,OPEN,fill=FI,flush=-,to=0/30000} onFillable exit HttpChannelState@43866430{s=IDLE rs=BLOCKING os=OPEN is=IDLE awp=false se=false i=true al=0} null
02:33:25.893 [qtp399373008-57] DEBUG org.eclipse.jetty.io.ManagedSelector - Selector sun.nio.ch.EPollSelectorImpl@2dfbb6ae woken with none selected
02:33:25.893 [qtp399373008-57] DEBUG org.eclipse.jetty.io.ManagedSelector - Selector sun.nio.ch.EPollSelectorImpl@2dfbb6ae woken up from select, 0/0/2 selected
02:33:25.893 [qtp399373008-57] DEBUG org.eclipse.jetty.io.ManagedSelector - Selector sun.nio.ch.EPollSelectorImpl@2dfbb6ae processing 0 keys, 1 updates
02:33:25.893 [qtp399373008-57] DEBUG org.eclipse.jetty.io.ManagedSelector - updateable 1
02:33:25.893 [qtp399373008-57] DEBUG org.eclipse.jetty.io.ManagedSelector - update org.eclipse.jetty.io.ChannelEndPoint$$Lambda$255/1238156519@5c9bbf58
02:33:25.893 [qtp399373008-60] DEBUG org.eclipse.jetty.io.ssl.SslConnection - <c.onFillable SslConnection@37d311bf::SocketChannelEndPoint@373c4f5d{l=/127.0.0.1:37555,r=/127.0.0.1:51392,OPEN,fill=FI,flush=-,to=0/30000}{io=0/1,kio=0,kro=1}->SslConnection@37d311bf{NOT_HANDSHAKING,eio=-1/-1,di=-1,fill=INTERESTED,flush=IDLE}~>DecryptedEndPoint@16958dba{l=/127.0.0.1:37555,r=/127.0.0.1:51392,OPEN,fill=FI,flush=-,to=0/30000}=>HttpConnection@12112891[p=HttpParser{s=START,0 of -1},g=HttpGenerator@d91a2a2{s=START}]=>HttpChannelOverHttp@6ec760f8{s=HttpChannelState@43866430{s=IDLE rs=BLOCKING os=OPEN is=IDLE awp=false se=false i=true al=0},r=1,c=false/false,a=IDLE,uri=null,age=0}
02:33:25.893 [qtp399373008-60] DEBUG org.eclipse.jetty.util.thread.ReservedThreadExecutor - ReservedThread@2d5efc20{RUNNING,thread=Thread[qtp399373008-60,5,main]} was=RUNNING next=RESERVED size=0+2 capacity=8
02:33:25.893 [qtp399373008-60] DEBUG org.eclipse.jetty.util.thread.ReservedThreadExecutor - ReservedThread@2d5efc20{RESERVED,thread=Thread[qtp399373008-60,5,main]} waiting ReservedThreadExecutor@424fd310{reserved=2/8,pending=0}
02:33:25.893 [qtp399373008-57] DEBUG org.eclipse.jetty.io.ChannelEndPoint - Key interests updated 0 -> 1 on SocketChannelEndPoint@373c4f5d{l=/127.0.0.1:37555,r=/127.0.0.1:51392,OPEN,fill=FI,flush=-,to=0/30000}{io=1/1,kio=1,kro=1}->SslConnection@37d311bf{NOT_HANDSHAKING,eio=-1/-1,di=-1,fill=INTERESTED,flush=IDLE}~>DecryptedEndPoint@16958dba{l=/127.0.0.1:37555,r=/127.0.0.1:51392,OPEN,fill=FI,flush=-,to=0/30000}=>HttpConnection@12112891[p=HttpParser{s=START,0 of -1},g=HttpGenerator@d91a2a2{s=START}]=>HttpChannelOverHttp@6ec760f8{s=HttpChannelState@43866430{s=IDLE rs=BLOCKING os=OPEN is=IDLE awp=false se=false i=true al=0},r=1,c=false/false,a=IDLE,uri=null,age=0}
02:33:25.893 [qtp399373008-57] DEBUG org.eclipse.jetty.io.ManagedSelector - updates 0
02:33:25.893 [qtp399373008-57] DEBUG org.eclipse.jetty.io.ManagedSelector - Selector sun.nio.ch.EPollSelectorImpl@2dfbb6ae waiting with 2 keys
]]></system-out>
  </testcase>
  <testcase name="testNoUpdate" classname="org.apache.nifi.minifi.bootstrap.configuration.ingestors.PullHttpChangeIngestorSSLTest" time="0.065">
    <system-out><![CDATA[02:33:25.895 [main] DEBUG org.apache.nifi.minifi.bootstrap.configuration.ingestors.PullHttpChangeIngestor - Attempting to pull new config
02:33:25.896 [qtp399373008-59-acceptor-0@4795ded0-ServerConnector@2374d36a{SSL, (ssl, http/1.1)}{localhost:37555}] DEBUG org.eclipse.jetty.io.ManagedSelector - Queued change lazy=false Accept@34c54a91[java.nio.channels.SocketChannel[connected local=/127.0.0.1:37555 remote=/127.0.0.1:51396]] on ManagedSelector@47a86fbb{STARTED} id=2 keys=1 selected=0 updates=0
02:33:25.896 [qtp399373008-59-acceptor-0@4795ded0-ServerConnector@2374d36a{SSL, (ssl, http/1.1)}{localhost:37555}] DEBUG org.eclipse.jetty.io.ManagedSelector - Wakeup on submit ManagedSelector@47a86fbb{STARTED} id=2 keys=1 selected=0 updates=1
02:33:25.896 [qtp399373008-61] DEBUG org.eclipse.jetty.io.ManagedSelector - Selector sun.nio.ch.EPollSelectorImpl@19de0680 woken with none selected
02:33:25.896 [qtp399373008-61] DEBUG org.eclipse.jetty.io.ManagedSelector - Selector sun.nio.ch.EPollSelectorImpl@19de0680 woken up from select, 0/0/1 selected
02:33:25.896 [qtp399373008-61] DEBUG org.eclipse.jetty.io.ManagedSelector - Selector sun.nio.ch.EPollSelectorImpl@19de0680 processing 0 keys, 1 updates
02:33:25.896 [qtp399373008-61] DEBUG org.eclipse.jetty.io.ManagedSelector - updateable 1
02:33:25.896 [qtp399373008-61] DEBUG org.eclipse.jetty.io.ManagedSelector - update Accept@34c54a91[java.nio.channels.SocketChannel[connected local=/127.0.0.1:37555 remote=/127.0.0.1:51396]]
02:33:25.896 [qtp399373008-61] DEBUG org.eclipse.jetty.util.thread.QueuedThreadPool - queue Accept@34c54a91[java.nio.channels.SocketChannel[connected local=/127.0.0.1:37555 remote=/127.0.0.1:51396]] startThread=0
02:33:25.896 [qtp399373008-61] DEBUG org.eclipse.jetty.io.ManagedSelector - updates 0
02:33:25.896 [qtp399373008-61] DEBUG org.eclipse.jetty.io.ManagedSelector - Selector sun.nio.ch.EPollSelectorImpl@19de0680 waiting with 2 keys
02:33:25.896 [qtp399373008-55] DEBUG org.eclipse.jetty.util.thread.QueuedThreadPool - run Accept@34c54a91[java.nio.channels.SocketChannel[connected local=/127.0.0.1:37555 remote=/127.0.0.1:51396]] in QueuedThreadPool[qtp399373008]@17cdf2d0{STARTED,8<=8<=200,i=0,r=-1,q=0}[ReservedThreadExecutor@424fd310{reserved=2/8,pending=0}]
02:33:25.896 [qtp399373008-55] DEBUG org.eclipse.jetty.io.IdleTimeout - SocketChannelEndPoint@5c9f82db{l=/127.0.0.1:37555,r=/127.0.0.1:51396,OPEN,fill=-,flush=-,to=0/30000}{io=0/0,kio=0,kro=0}-><null> idle timeout check, elapsed: 0 ms, remaining: 30000 ms
02:33:25.896 [qtp399373008-55] DEBUG org.eclipse.jetty.util.ssl.SslContextFactory - Customize sun.security.ssl.SSLEngineImpl@301d2937
02:33:25.897 [qtp399373008-55] DEBUG org.eclipse.jetty.server.HttpChannel - new HttpChannelOverHttp@13e778d9{s=HttpChannelState@12077482{s=IDLE rs=BLOCKING os=OPEN is=IDLE awp=false se=false i=true al=0},r=0,c=false/false,a=IDLE,uri=null,age=0} -> DecryptedEndPoint@32aea543{l=/127.0.0.1:37555,r=/127.0.0.1:51396,OPEN,fill=-,flush=-,to=0/30000},null,HttpChannelState@12077482{s=IDLE rs=BLOCKING os=OPEN is=IDLE awp=false se=false i=true al=0}
02:33:25.897 [qtp399373008-55] DEBUG org.eclipse.jetty.server.HttpConnection - New HTTP Connection HttpConnection@6ba366b0::DecryptedEndPoint@32aea543{l=/127.0.0.1:37555,r=/127.0.0.1:51396,OPEN,fill=-,flush=-,to=0/30000}
02:33:25.897 [qtp399373008-55] DEBUG org.eclipse.jetty.io.ManagedSelector - Queued change lazy=true org.eclipse.jetty.io.ManagedSelector$$Lambda$258/1710399120@432afaad on ManagedSelector@47a86fbb{STARTED} id=2 keys=2 selected=0 updates=0
02:33:25.897 [qtp399373008-55] DEBUG org.eclipse.jetty.io.AbstractEndPoint - onOpen SocketChannelEndPoint@5c9f82db{l=/127.0.0.1:37555,r=/127.0.0.1:51396,OPEN,fill=-,flush=-,to=0/30000}{io=0/0,kio=0,kro=0}->SslConnection@6aa0252e{NOT_HANDSHAKING,eio=-1/-1,di=-1,fill=IDLE,flush=IDLE}~>DecryptedEndPoint@32aea543{l=/127.0.0.1:37555,r=/127.0.0.1:51396,OPEN,fill=-,flush=-,to=0/30000}=>HttpConnection@6ba366b0[p=HttpParser{s=START,0 of -1},g=HttpGenerator@2d630184{s=START}]=>HttpChannelOverHttp@13e778d9{s=HttpChannelState@12077482{s=IDLE rs=BLOCKING os=OPEN is=IDLE awp=false se=false i=true al=0},r=0,c=false/false,a=IDLE,uri=null,age=0}
02:33:25.897 [qtp399373008-55] DEBUG org.eclipse.jetty.io.AbstractConnection - onOpen SslConnection@6aa0252e::SocketChannelEndPoint@5c9f82db{l=/127.0.0.1:37555,r=/127.0.0.1:51396,OPEN,fill=-,flush=-,to=0/30000}{io=0/0,kio=0,kro=0}->SslConnection@6aa0252e{NOT_HANDSHAKING,eio=-1/-1,di=-1,fill=IDLE,flush=IDLE}~>DecryptedEndPoint@32aea543{l=/127.0.0.1:37555,r=/127.0.0.1:51396,OPEN,fill=-,flush=-,to=0/30000}=>HttpConnection@6ba366b0[p=HttpParser{s=START,0 of -1},g=HttpGenerator@2d630184{s=START}]=>HttpChannelOverHttp@13e778d9{s=HttpChannelState@12077482{s=IDLE rs=BLOCKING os=OPEN is=IDLE awp=false se=false i=true al=0},r=0,c=false/false,a=IDLE,uri=null,age=0}
02:33:25.897 [qtp399373008-55] DEBUG org.eclipse.jetty.io.AbstractConnection - onOpen HttpConnection@6ba366b0::DecryptedEndPoint@32aea543{l=/127.0.0.1:37555,r=/127.0.0.1:51396,OPEN,fill=-,flush=-,to=0/30000}
02:33:25.897 [qtp399373008-55] DEBUG org.eclipse.jetty.io.AbstractConnection - fillInterested HttpConnection@6ba366b0::DecryptedEndPoint@32aea543{l=/127.0.0.1:37555,r=/127.0.0.1:51396,OPEN,fill=-,flush=-,to=0/30000}
02:33:25.897 [qtp399373008-55] DEBUG org.eclipse.jetty.io.FillInterest - interested FillInterest@5d85647e{AC.ReadCB@6ba366b0{HttpConnection@6ba366b0::DecryptedEndPoint@32aea543{l=/127.0.0.1:37555,r=/127.0.0.1:51396,OPEN,fill=FI,flush=-,to=0/30000}}}
02:33:25.897 [qtp399373008-55] DEBUG org.eclipse.jetty.io.ssl.SslConnection - >needFillInterest s=IDLE/IDLE uf=false ei=null di=null SslConnection@6aa0252e::SocketChannelEndPoint@5c9f82db{l=/127.0.0.1:37555,r=/127.0.0.1:51396,OPEN,fill=-,flush=-,to=0/30000}{io=0/0,kio=0,kro=0}->SslConnection@6aa0252e{NOT_HANDSHAKING,eio=-1/-1,di=-1,fill=IDLE,flush=IDLE}~>DecryptedEndPoint@32aea543{l=/127.0.0.1:37555,r=/127.0.0.1:51396,OPEN,fill=FI,flush=-,to=0/30000}=>HttpConnection@6ba366b0[p=HttpParser{s=START,0 of -1},g=HttpGenerator@2d630184{s=START}]=>HttpChannelOverHttp@13e778d9{s=HttpChannelState@12077482{s=IDLE rs=BLOCKING os=OPEN is=IDLE awp=false se=false i=true al=0},r=0,c=false/false,a=IDLE,uri=null,age=0}
02:33:25.897 [qtp399373008-55] DEBUG org.eclipse.jetty.io.ssl.SslConnection - <needFillInterest s=IDLE/INTERESTED f=false i=true w=null
02:33:25.897 [qtp399373008-55] DEBUG org.eclipse.jetty.io.ssl.SslConnection - ensureFillInterested SslConnection@6aa0252e::SocketChannelEndPoint@5c9f82db{l=/127.0.0.1:37555,r=/127.0.0.1:51396,OPEN,fill=-,flush=-,to=0/30000}{io=0/0,kio=0,kro=0}->SslConnection@6aa0252e{NOT_HANDSHAKING,eio=-1/-1,di=-1,fill=INTERESTED,flush=IDLE}~>DecryptedEndPoint@32aea543{l=/127.0.0.1:37555,r=/127.0.0.1:51396,OPEN,fill=FI,flush=-,to=0/30000}=>HttpConnection@6ba366b0[p=HttpParser{s=START,0 of -1},g=HttpGenerator@2d630184{s=START}]=>HttpChannelOverHttp@13e778d9{s=HttpChannelState@12077482{s=IDLE rs=BLOCKING os=OPEN is=IDLE awp=false se=false i=true al=0},r=0,c=false/false,a=IDLE,uri=null,age=0}
02:33:25.897 [qtp399373008-55] DEBUG org.eclipse.jetty.io.FillInterest - interested FillInterest@49ee12f1{SSLC.NBReadCB@6aa0252e{SslConnection@6aa0252e::SocketChannelEndPoint@5c9f82db{l=/127.0.0.1:37555,r=/127.0.0.1:51396,OPEN,fill=FI,flush=-,to=0/30000}{io=0/0,kio=0,kro=0}->SslConnection@6aa0252e{NOT_HANDSHAKING,eio=-1/-1,di=-1,fill=INTERESTED,flush=IDLE}~>DecryptedEndPoint@32aea543{l=/127.0.0.1:37555,r=/127.0.0.1:51396,OPEN,fill=FI,flush=-,to=0/30000}=>HttpConnection@6ba366b0[p=HttpParser{s=START,0 of -1},g=HttpGenerator@2d630184{s=START}]=>HttpChannelOverHttp@13e778d9{s=HttpChannelState@12077482{s=IDLE rs=BLOCKING os=OPEN is=IDLE awp=false se=false i=true al=0},r=0,c=false/false,a=IDLE,uri=null,age=0}}}
02:33:25.897 [qtp399373008-55] DEBUG org.eclipse.jetty.io.ChannelEndPoint - changeInterests p=false 0->1 for SocketChannelEndPoint@5c9f82db{l=/127.0.0.1:37555,r=/127.0.0.1:51396,OPEN,fill=FI,flush=-,to=0/30000}{io=0/1,kio=0,kro=0}->SslConnection@6aa0252e{NOT_HANDSHAKING,eio=-1/-1,di=-1,fill=INTERESTED,flush=IDLE}~>DecryptedEndPoint@32aea543{l=/127.0.0.1:37555,r=/127.0.0.1:51396,OPEN,fill=FI,flush=-,to=0/30000}=>HttpConnection@6ba366b0[p=HttpParser{s=START,0 of -1},g=HttpGenerator@2d630184{s=START}]=>HttpChannelOverHttp@13e778d9{s=HttpChannelState@12077482{s=IDLE rs=BLOCKING os=OPEN is=IDLE awp=false se=false i=true al=0},r=0,c=false/false,a=IDLE,uri=null,age=0}
02:33:25.897 [qtp399373008-55] DEBUG org.eclipse.jetty.io.ManagedSelector - Queued change lazy=false org.eclipse.jetty.io.ChannelEndPoint$$Lambda$255/1238156519@228cc7b7 on ManagedSelector@47a86fbb{STARTED} id=2 keys=2 selected=0 updates=1
02:33:25.897 [qtp399373008-55] DEBUG org.eclipse.jetty.io.ManagedSelector - Wakeup on submit ManagedSelector@47a86fbb{STARTED} id=2 keys=2 selected=0 updates=2
02:33:25.897 [qtp399373008-61] DEBUG org.eclipse.jetty.io.ManagedSelector - Selector sun.nio.ch.EPollSelectorImpl@19de0680 woken with none selected
02:33:25.897 [qtp399373008-61] DEBUG org.eclipse.jetty.io.ManagedSelector - Selector sun.nio.ch.EPollSelectorImpl@19de0680 woken up from select, 0/0/2 selected
02:33:25.897 [qtp399373008-61] DEBUG org.eclipse.jetty.io.ManagedSelector - Selector sun.nio.ch.EPollSelectorImpl@19de0680 processing 0 keys, 2 updates
02:33:25.897 [qtp399373008-55] DEBUG org.eclipse.jetty.io.ManagedSelector - Created SocketChannelEndPoint@5c9f82db{l=/127.0.0.1:37555,r=/127.0.0.1:51396,OPEN,fill=FI,flush=-,to=0/30000}{io=0/1,kio=0,kro=0}->SslConnection@6aa0252e{NOT_HANDSHAKING,eio=-1/-1,di=-1,fill=INTERESTED,flush=IDLE}~>DecryptedEndPoint@32aea543{l=/127.0.0.1:37555,r=/127.0.0.1:51396,OPEN,fill=FI,flush=-,to=0/30000}=>HttpConnection@6ba366b0[p=HttpParser{s=START,0 of -1},g=HttpGenerator@2d630184{s=START}]=>HttpChannelOverHttp@13e778d9{s=HttpChannelState@12077482{s=IDLE rs=BLOCKING os=OPEN is=IDLE awp=false se=false i=true al=0},r=0,c=false/false,a=IDLE,uri=null,age=0}
02:33:25.897 [qtp399373008-61] DEBUG org.eclipse.jetty.io.ManagedSelector - updateable 2
02:33:25.897 [qtp399373008-61] DEBUG org.eclipse.jetty.io.ManagedSelector - update org.eclipse.jetty.io.ManagedSelector$$Lambda$258/1710399120@432afaad
02:33:25.897 [qtp399373008-61] DEBUG org.eclipse.jetty.io.ManagedSelector - update org.eclipse.jetty.io.ChannelEndPoint$$Lambda$255/1238156519@228cc7b7
02:33:25.897 [qtp399373008-55] DEBUG org.eclipse.jetty.util.thread.QueuedThreadPool - ran Accept@34c54a91[java.nio.channels.SocketChannel[connected local=/127.0.0.1:37555 remote=/127.0.0.1:51396]] in QueuedThreadPool[qtp399373008]@17cdf2d0{STARTED,8<=8<=200,i=0,r=-1,q=0}[ReservedThreadExecutor@424fd310{reserved=2/8,pending=0}]
02:33:25.897 [qtp399373008-61] DEBUG org.eclipse.jetty.io.ChannelEndPoint - Key interests updated 0 -> 1 on SocketChannelEndPoint@5c9f82db{l=/127.0.0.1:37555,r=/127.0.0.1:51396,OPEN,fill=FI,flush=-,to=0/30000}{io=1/1,kio=1,kro=0}->SslConnection@6aa0252e{NOT_HANDSHAKING,eio=-1/-1,di=-1,fill=INTERESTED,flush=IDLE}~>DecryptedEndPoint@32aea543{l=/127.0.0.1:37555,r=/127.0.0.1:51396,OPEN,fill=FI,flush=-,to=0/30000}=>HttpConnection@6ba366b0[p=HttpParser{s=START,0 of -1},g=HttpGenerator@2d630184{s=START}]=>HttpChannelOverHttp@13e778d9{s=HttpChannelState@12077482{s=IDLE rs=BLOCKING os=OPEN is=IDLE awp=false se=false i=true al=0},r=0,c=false/false,a=IDLE,uri=null,age=0}
02:33:25.897 [qtp399373008-61] DEBUG org.eclipse.jetty.io.ManagedSelector - updates 0
02:33:25.897 [qtp399373008-61] DEBUG org.eclipse.jetty.io.ManagedSelector - Selector sun.nio.ch.EPollSelectorImpl@19de0680 waiting with 2 keys
02:33:25.898 [qtp399373008-61] DEBUG org.eclipse.jetty.io.ManagedSelector - Selector sun.nio.ch.EPollSelectorImpl@19de0680 woken up from select, 1/1/2 selected
02:33:25.898 [qtp399373008-61] DEBUG org.eclipse.jetty.io.ManagedSelector - Selector sun.nio.ch.EPollSelectorImpl@19de0680 processing 1 keys, 0 updates
02:33:25.898 [qtp399373008-61] DEBUG org.eclipse.jetty.io.ManagedSelector - selected 1 sun.nio.ch.SelectionKeyImpl@77f69fdd SocketChannelEndPoint@5c9f82db{l=/127.0.0.1:37555,r=/127.0.0.1:51396,OPEN,fill=FI,flush=-,to=1/30000}{io=1/1,kio=1,kro=1}->SslConnection@6aa0252e{NOT_HANDSHAKING,eio=-1/-1,di=-1,fill=INTERESTED,flush=IDLE}~>DecryptedEndPoint@32aea543{l=/127.0.0.1:37555,r=/127.0.0.1:51396,OPEN,fill=FI,flush=-,to=1/30000}=>HttpConnection@6ba366b0[p=HttpParser{s=START,0 of -1},g=HttpGenerator@2d630184{s=START}]=>HttpChannelOverHttp@13e778d9{s=HttpChannelState@12077482{s=IDLE rs=BLOCKING os=OPEN is=IDLE awp=false se=false i=true al=0},r=0,c=false/false,a=IDLE,uri=null,age=0} 
02:33:25.899 [qtp399373008-61] DEBUG org.eclipse.jetty.io.ChannelEndPoint - onSelected 1->0 r=true w=false for SocketChannelEndPoint@5c9f82db{l=/127.0.0.1:37555,r=/127.0.0.1:51396,OPEN,fill=FI,flush=-,to=1/30000}{io=1/0,kio=1,kro=1}->SslConnection@6aa0252e{NOT_HANDSHAKING,eio=-1/-1,di=-1,fill=INTERESTED,flush=IDLE}~>DecryptedEndPoint@32aea543{l=/127.0.0.1:37555,r=/127.0.0.1:51396,OPEN,fill=FI,flush=-,to=1/30000}=>HttpConnection@6ba366b0[p=HttpParser{s=START,0 of -1},g=HttpGenerator@2d630184{s=START}]=>HttpChannelOverHttp@13e778d9{s=HttpChannelState@12077482{s=IDLE rs=BLOCKING os=OPEN is=IDLE awp=false se=false i=true al=0},r=0,c=false/false,a=IDLE,uri=null,age=0}
02:33:25.899 [qtp399373008-61] DEBUG org.eclipse.jetty.io.ChannelEndPoint - task CEP:SocketChannelEndPoint@5c9f82db{l=/127.0.0.1:37555,r=/127.0.0.1:51396,OPEN,fill=FI,flush=-,to=1/30000}{io=1/0,kio=1,kro=1}->SslConnection@6aa0252e{NOT_HANDSHAKING,eio=-1/-1,di=-1,fill=INTERESTED,flush=IDLE}~>DecryptedEndPoint@32aea543{l=/127.0.0.1:37555,r=/127.0.0.1:51396,OPEN,fill=FI,flush=-,to=1/30000}=>HttpConnection@6ba366b0[p=HttpParser{s=START,0 of -1},g=HttpGenerator@2d630184{s=START}]=>HttpChannelOverHttp@13e778d9{s=HttpChannelState@12077482{s=IDLE rs=BLOCKING os=OPEN is=IDLE awp=false se=false i=true al=0},r=0,c=false/false,a=IDLE,uri=null,age=0}:runFillable:BLOCKING
02:33:25.899 [qtp399373008-61] DEBUG org.eclipse.jetty.util.thread.ReservedThreadExecutor - ReservedThreadExecutor@424fd310{reserved=2/8,pending=0} tryExecute EatWhatYouKill@1c3146bc/SelectorProducer@56c698e3/PRODUCING/p=false/QueuedThreadPool[qtp399373008]@17cdf2d0{STARTED,8<=8<=200,i=1,r=-1,q=0}[ReservedThreadExecutor@424fd310{reserved=2/8,pending=0}][pc=0,pic=0,pec=0,epc=3]@2024-05-02T02:33:25.899+01:00
02:33:25.899 [qtp399373008-61] DEBUG org.eclipse.jetty.util.thread.strategy.EatWhatYouKill - EatWhatYouKill@1c3146bc/SelectorProducer@56c698e3/IDLE/p=true/QueuedThreadPool[qtp399373008]@17cdf2d0{STARTED,8<=8<=200,i=1,r=-1,q=0}[ReservedThreadExecutor@424fd310{reserved=1/8,pending=0}][pc=0,pic=0,pec=0,epc=3]@2024-05-02T02:33:25.899+01:00 m=EXECUTE_PRODUCE_CONSUME t=CEP:SocketChannelEndPoint@5c9f82db{l=/127.0.0.1:37555,r=/127.0.0.1:51396,OPEN,fill=FI,flush=-,to=1/30000}{io=1/0,kio=1,kro=1}->SslConnection@6aa0252e{NOT_HANDSHAKING,eio=-1/-1,di=-1,fill=INTERESTED,flush=IDLE}~>DecryptedEndPoint@32aea543{l=/127.0.0.1:37555,r=/127.0.0.1:51396,OPEN,fill=FI,flush=-,to=2/30000}=>HttpConnection@6ba366b0[p=HttpParser{s=START,0 of -1},g=HttpGenerator@2d630184{s=START}]=>HttpChannelOverHttp@13e778d9{s=HttpChannelState@12077482{s=IDLE rs=BLOCKING os=OPEN is=IDLE awp=false se=false i=true al=0},r=0,c=false/false,a=IDLE,uri=null,age=0}:runFillable:BLOCKING/BLOCKING
02:33:25.899 [qtp399373008-60] DEBUG org.eclipse.jetty.util.thread.ReservedThreadExecutor - ReservedThread@2d5efc20{RESERVED,thread=Thread[qtp399373008-60,5,main]} task=EatWhatYouKill@1c3146bc/SelectorProducer@56c698e3/IDLE/p=true/QueuedThreadPool[qtp399373008]@17cdf2d0{STARTED,8<=8<=200,i=1,r=-1,q=0}[ReservedThreadExecutor@424fd310{reserved=1/8,pending=0}][pc=0,pic=0,pec=0,epc=3]@2024-05-02T02:33:25.899+01:00 ReservedThreadExecutor@424fd310{reserved=1/8,pending=0}
02:33:25.899 [qtp399373008-61] DEBUG org.eclipse.jetty.io.FillInterest - fillable FillInterest@49ee12f1{SSLC.NBReadCB@6aa0252e{SslConnection@6aa0252e::SocketChannelEndPoint@5c9f82db{l=/127.0.0.1:37555,r=/127.0.0.1:51396,OPEN,fill=FI,flush=-,to=2/30000}{io=1/0,kio=1,kro=1}->SslConnection@6aa0252e{NOT_HANDSHAKING,eio=-1/-1,di=-1,fill=INTERESTED,flush=IDLE}~>DecryptedEndPoint@32aea543{l=/127.0.0.1:37555,r=/127.0.0.1:51396,OPEN,fill=FI,flush=-,to=2/30000}=>HttpConnection@6ba366b0[p=HttpParser{s=START,0 of -1},g=HttpGenerator@2d630184{s=START}]=>HttpChannelOverHttp@13e778d9{s=HttpChannelState@12077482{s=IDLE rs=BLOCKING os=OPEN is=IDLE awp=false se=false i=true al=0},r=0,c=false/false,a=IDLE,uri=null,age=0}}}
02:33:25.899 [qtp399373008-60] DEBUG org.eclipse.jetty.util.thread.strategy.EatWhatYouKill - EatWhatYouKill@1c3146bc/SelectorProducer@56c698e3/IDLE/p=true/QueuedThreadPool[qtp399373008]@17cdf2d0{STARTED,8<=8<=200,i=1,r=-1,q=0}[ReservedThreadExecutor@424fd310{reserved=1/8,pending=0}][pc=0,pic=0,pec=0,epc=4]@2024-05-02T02:33:25.899+01:00 tryProduce true
02:33:25.899 [qtp399373008-60] DEBUG org.eclipse.jetty.io.ManagedSelector - updateable 0
02:33:25.899 [qtp399373008-60] DEBUG org.eclipse.jetty.io.ManagedSelector - updates 0
02:33:25.899 [qtp399373008-61] DEBUG org.eclipse.jetty.io.ssl.SslConnection - >c.onFillable SslConnection@6aa0252e::SocketChannelEndPoint@5c9f82db{l=/127.0.0.1:37555,r=/127.0.0.1:51396,OPEN,fill=-,flush=-,to=2/30000}{io=1/0,kio=1,kro=1}->SslConnection@6aa0252e{NOT_HANDSHAKING,eio=-1/-1,di=-1,fill=INTERESTED,flush=IDLE}~>DecryptedEndPoint@32aea543{l=/127.0.0.1:37555,r=/127.0.0.1:51396,OPEN,fill=FI,flush=-,to=2/30000}=>HttpConnection@6ba366b0[p=HttpParser{s=START,0 of -1},g=HttpGenerator@2d630184{s=START}]=>HttpChannelOverHttp@13e778d9{s=HttpChannelState@12077482{s=IDLE rs=BLOCKING os=OPEN is=IDLE awp=false se=false i=true al=0},r=0,c=false/false,a=IDLE,uri=null,age=0}
02:33:25.899 [qtp399373008-61] DEBUG org.eclipse.jetty.io.ssl.SslConnection - onFillable SslConnection@6aa0252e::SocketChannelEndPoint@5c9f82db{l=/127.0.0.1:37555,r=/127.0.0.1:51396,OPEN,fill=-,flush=-,to=2/30000}{io=0/0,kio=0,kro=1}->SslConnection@6aa0252e{NOT_HANDSHAKING,eio=-1/-1,di=-1,fill=INTERESTED,flush=IDLE}~>DecryptedEndPoint@32aea543{l=/127.0.0.1:37555,r=/127.0.0.1:51396,OPEN,fill=FI,flush=-,to=2/30000}=>HttpConnection@6ba366b0[p=HttpParser{s=START,0 of -1},g=HttpGenerator@2d630184{s=START}]=>HttpChannelOverHttp@13e778d9{s=HttpChannelState@12077482{s=IDLE rs=BLOCKING os=OPEN is=IDLE awp=false se=false i=true al=0},r=0,c=false/false,a=IDLE,uri=null,age=0}
02:33:25.899 [qtp399373008-61] DEBUG org.eclipse.jetty.io.FillInterest - fillable FillInterest@5d85647e{AC.ReadCB@6ba366b0{HttpConnection@6ba366b0::DecryptedEndPoint@32aea543{l=/127.0.0.1:37555,r=/127.0.0.1:51396,OPEN,fill=FI,flush=-,to=2/30000}}}
02:33:25.899 [qtp399373008-60] DEBUG org.eclipse.jetty.io.ChannelEndPoint - Key interests updated 1 -> 0 on SocketChannelEndPoint@5c9f82db{l=/127.0.0.1:37555,r=/127.0.0.1:51396,OPEN,fill=-,flush=-,to=2/30000}{io=0/0,kio=0,kro=1}->SslConnection@6aa0252e{NOT_HANDSHAKING,eio=-1/-1,di=-1,fill=INTERESTED,flush=IDLE}~>DecryptedEndPoint@32aea543{l=/127.0.0.1:37555,r=/127.0.0.1:51396,OPEN,fill=FI,flush=-,to=2/30000}=>HttpConnection@6ba366b0[p=HttpParser{s=START,0 of -1},g=HttpGenerator@2d630184{s=START}]=>HttpChannelOverHttp@13e778d9{s=HttpChannelState@12077482{s=IDLE rs=BLOCKING os=OPEN is=IDLE awp=false se=false i=true al=0},r=0,c=false/false,a=IDLE,uri=null,age=0}
02:33:25.899 [qtp399373008-60] DEBUG org.eclipse.jetty.io.ManagedSelector - Selector sun.nio.ch.EPollSelectorImpl@19de0680 waiting with 2 keys
02:33:25.899 [qtp399373008-61] DEBUG org.eclipse.jetty.server.HttpConnection - HttpConnection@6ba366b0::DecryptedEndPoint@32aea543{l=/127.0.0.1:37555,r=/127.0.0.1:51396,OPEN,fill=-,flush=-,to=2/30000} onFillable enter HttpChannelState@12077482{s=IDLE rs=BLOCKING os=OPEN is=IDLE awp=false se=false i=true al=0} null
02:33:25.899 [qtp399373008-61] DEBUG org.eclipse.jetty.io.ssl.SslConnection - >fill SslConnection@6aa0252e::SocketChannelEndPoint@5c9f82db{l=/127.0.0.1:37555,r=/127.0.0.1:51396,OPEN,fill=-,flush=-,to=2/30000}{io=0/0,kio=0,kro=1}->SslConnection@6aa0252e{NOT_HANDSHAKING,eio=-1/-1,di=-1,fill=IDLE,flush=IDLE}~>DecryptedEndPoint@32aea543{l=/127.0.0.1:37555,r=/127.0.0.1:51396,OPEN,fill=-,flush=-,to=2/30000}=>HttpConnection@6ba366b0[p=HttpParser{s=START,0 of -1},g=HttpGenerator@2d630184{s=START}]=>HttpChannelOverHttp@13e778d9{s=HttpChannelState@12077482{s=IDLE rs=BLOCKING os=OPEN is=IDLE awp=false se=false i=true al=0},r=0,c=false/false,a=IDLE,uri=null,age=0}
02:33:25.899 [qtp399373008-61] DEBUG org.eclipse.jetty.io.ssl.SslConnection - fill NOT_HANDSHAKING
02:33:25.900 [qtp399373008-61] DEBUG org.eclipse.jetty.io.ChannelEndPoint - filled 339 HeapByteBuffer@ecac914[p=0,l=339,c=17408,r=339]={<<<\x16\x03\x03\x01N\x01\x00\x01J\x03\x03\xFe\xA7q\xB9\xA51i\x15\xC9\xDe\x89\xEfj\x88...\xA2 \xEdn\x94\xDb\x9e\x86o\xE9\x13a\xF9\xA8\xF3\xCf*\xC4\xFf\x01\x00\x01\x00>>>\xF9\xFb}{\xC0\xFag\xC6G...\x00\x00\x00\x00\x00\x00\x00}
02:33:25.900 [qtp399373008-61] DEBUG org.eclipse.jetty.io.ssl.SslConnection - net filled=339
02:33:25.900 [qtp399373008-61] DEBUG org.eclipse.jetty.io.ssl.SslConnection - fill starting handshake SslConnection@6aa0252e::SocketChannelEndPoint@5c9f82db{l=/127.0.0.1:37555,r=/127.0.0.1:51396,OPEN,fill=-,flush=-,to=0/30000}{io=0/0,kio=0,kro=1}->SslConnection@6aa0252e{NOT_HANDSHAKING,eio=339/-1,di=-1,fill=IDLE,flush=IDLE}~>DecryptedEndPoint@32aea543{l=/127.0.0.1:37555,r=/127.0.0.1:51396,OPEN,fill=-,flush=-,to=2/30000}=>HttpConnection@6ba366b0[p=HttpParser{s=START,0 of -1},g=HttpGenerator@2d630184{s=START}]=>HttpChannelOverHttp@13e778d9{s=HttpChannelState@12077482{s=IDLE rs=BLOCKING os=OPEN is=IDLE awp=false se=false i=true al=0},r=0,c=false/false,a=IDLE,uri=null,age=0}
02:33:25.900 [qtp399373008-61] DEBUG org.eclipse.jetty.io.ssl.SslConnection - unwrap net_filled=339 Status = OK HandshakeStatus = NEED_TASK bytesConsumed = 339 bytesProduced = 0 encryptedBuffer=[p=339,l=339,c=17408,r=0] unwrapBuffer=HeapByteBuffer@196acfdd[p=0,l=0,c=17408,r=0]={<<<>>>\x17\x03\x03\x06\x85"6\x9d\xD1...\x00\x00\x00\x00\x00\x00\x00} appBuffer=HeapByteBuffer@196acfdd[p=0,l=0,c=17408,r=0]={<<<>>>\x17\x03\x03\x06\x85"6\x9d\xD1...\x00\x00\x00\x00\x00\x00\x00}
02:33:25.900 [qtp399373008-61] DEBUG org.eclipse.jetty.io.ssl.SslConnection - fill NEED_TASK
02:33:25.909 [qtp399373008-61] DEBUG org.eclipse.jetty.io.ssl.SslConnection - fill NEED_WRAP
02:33:25.910 [qtp399373008-61] DEBUG org.eclipse.jetty.io.ssl.SslConnection - >flush SslConnection@6aa0252e::SocketChannelEndPoint@5c9f82db{l=/127.0.0.1:37555,r=/127.0.0.1:51396,OPEN,fill=-,flush=-,to=9/30000}{io=0/0,kio=0,kro=1}->SslConnection@6aa0252e{NEED_WRAP,eio=0/-1,di=-1,fill=IDLE,flush=IDLE}~>DecryptedEndPoint@32aea543{l=/127.0.0.1:37555,r=/127.0.0.1:51396,OPEN,fill=-,flush=-,to=12/30000}=>HttpConnection@6ba366b0[p=HttpParser{s=START,0 of -1},g=HttpGenerator@2d630184{s=START}]=>HttpChannelOverHttp@13e778d9{s=HttpChannelState@12077482{s=IDLE rs=BLOCKING os=OPEN is=IDLE awp=false se=false i=true al=0},r=0,c=false/false,a=IDLE,uri=null,age=0}
02:33:25.910 [qtp399373008-61] DEBUG org.eclipse.jetty.io.ssl.SslConnection - flush b[0]=HeapByteBuffer@98da274[p=0,l=0,c=0,r=0]={<<<>>>}
02:33:25.910 [qtp399373008-61] DEBUG org.eclipse.jetty.io.ssl.SslConnection - flush NEED_WRAP
02:33:25.910 [qtp399373008-61] DEBUG org.eclipse.jetty.io.ssl.SslConnection - wrap Status = OK HandshakeStatus = NEED_WRAP bytesConsumed = 0 bytesProduced = 160 [p=0,l=160,c=17408,r=160] ioDone=false/false
02:33:25.910 [qtp399373008-61] DEBUG org.eclipse.jetty.io.ChannelEndPoint - flushed 160 SocketChannelEndPoint@5c9f82db{l=/127.0.0.1:37555,r=/127.0.0.1:51396,OPEN,fill=-,flush=-,to=10/30000}{io=0/0,kio=0,kro=1}->SslConnection@6aa0252e{NEED_WRAP,eio=0/0,di=-1,fill=IDLE,flush=IDLE}~>DecryptedEndPoint@32aea543{l=/127.0.0.1:37555,r=/127.0.0.1:51396,OPEN,fill=-,flush=-,to=12/30000}=>HttpConnection@6ba366b0[p=HttpParser{s=START,0 of -1},g=HttpGenerator@2d630184{s=START}]=>HttpChannelOverHttp@13e778d9{s=HttpChannelState@12077482{s=IDLE rs=BLOCKING os=OPEN is=IDLE awp=false se=false i=true al=0},r=0,c=false/false,a=IDLE,uri=null,age=0}
02:33:25.910 [qtp399373008-61] DEBUG org.eclipse.jetty.io.ssl.SslConnection - net flushed=true, ac=true
02:33:25.910 [qtp399373008-61] DEBUG org.eclipse.jetty.io.ssl.SslConnection - flush NEED_WRAP
02:33:25.910 [qtp399373008-61] DEBUG org.eclipse.jetty.io.ssl.SslConnection - wrap Status = OK HandshakeStatus = NEED_WRAP bytesConsumed = 0 bytesProduced = 6 [p=0,l=6,c=17408,r=6] ioDone=false/false
02:33:25.910 [qtp399373008-61] DEBUG org.eclipse.jetty.io.ChannelEndPoint - flushed 6 SocketChannelEndPoint@5c9f82db{l=/127.0.0.1:37555,r=/127.0.0.1:51396,OPEN,fill=-,flush=-,to=0/30000}{io=0/0,kio=0,kro=1}->SslConnection@6aa0252e{NEED_WRAP,eio=0/0,di=-1,fill=IDLE,flush=IDLE}~>DecryptedEndPoint@32aea543{l=/127.0.0.1:37555,r=/127.0.0.1:51396,OPEN,fill=-,flush=-,to=13/30000}=>HttpConnection@6ba366b0[p=HttpParser{s=START,0 of -1},g=HttpGenerator@2d630184{s=START}]=>HttpChannelOverHttp@13e778d9{s=HttpChannelState@12077482{s=IDLE rs=BLOCKING os=OPEN is=IDLE awp=false se=false i=true al=0},r=0,c=false/false,a=IDLE,uri=null,age=0}
02:33:25.910 [qtp399373008-61] DEBUG org.eclipse.jetty.io.ssl.SslConnection - net flushed=true, ac=true
02:33:25.910 [qtp399373008-61] DEBUG org.eclipse.jetty.io.ssl.SslConnection - flush NEED_WRAP
02:33:25.910 [qtp399373008-61] DEBUG org.eclipse.jetty.io.ssl.SslConnection - wrap Status = OK HandshakeStatus = NEED_UNWRAP bytesConsumed = 0 bytesProduced = 1597 [p=0,l=1597,c=17408,r=1597] ioDone=false/false
02:33:25.911 [qtp399373008-61] DEBUG org.eclipse.jetty.io.ChannelEndPoint - flushed 1597 SocketChannelEndPoint@5c9f82db{l=/127.0.0.1:37555,r=/127.0.0.1:51396,OPEN,fill=-,flush=-,to=0/30000}{io=0/0,kio=0,kro=1}->SslConnection@6aa0252e{NEED_UNWRAP,eio=0/0,di=-1,fill=IDLE,flush=IDLE}~>DecryptedEndPoint@32aea543{l=/127.0.0.1:37555,r=/127.0.0.1:51396,OPEN,fill=-,flush=-,to=13/30000}=>HttpConnection@6ba366b0[p=HttpParser{s=START,0 of -1},g=HttpGenerator@2d630184{s=START}]=>HttpChannelOverHttp@13e778d9{s=HttpChannelState@12077482{s=IDLE rs=BLOCKING os=OPEN is=IDLE awp=false se=false i=true al=0},r=0,c=false/false,a=IDLE,uri=null,age=0}
02:33:25.911 [qtp399373008-61] DEBUG org.eclipse.jetty.io.ssl.SslConnection - net flushed=true, ac=true
02:33:25.911 [qtp399373008-61] DEBUG org.eclipse.jetty.io.ssl.SslConnection - <flush true SslConnection@6aa0252e::SocketChannelEndPoint@5c9f82db{l=/127.0.0.1:37555,r=/127.0.0.1:51396,OPEN,fill=-,flush=-,to=0/30000}{io=0/0,kio=0,kro=1}->SslConnection@6aa0252e{NEED_UNWRAP,eio=0/-1,di=-1,fill=IDLE,flush=IDLE}~>DecryptedEndPoint@32aea543{l=/127.0.0.1:37555,r=/127.0.0.1:51396,OPEN,fill=-,flush=-,to=13/30000}=>HttpConnection@6ba366b0[p=HttpParser{s=START,0 of -1},g=HttpGenerator@2d630184{s=START}]=>HttpChannelOverHttp@13e778d9{s=HttpChannelState@12077482{s=IDLE rs=BLOCKING os=OPEN is=IDLE awp=false se=false i=true al=0},r=0,c=false/false,a=IDLE,uri=null,age=0}
02:33:25.911 [qtp399373008-61] DEBUG org.eclipse.jetty.io.ssl.SslConnection - fill NEED_UNWRAP
02:33:25.911 [qtp399373008-61] DEBUG org.eclipse.jetty.io.ChannelEndPoint - filled 0 HeapByteBuffer@ecac914[p=0,l=0,c=17408,r=0]={<<<>>>\x16\x03\x03\x01N\x01\x00\x01J...\x00\x00\x00\x00\x00\x00\x00}
02:33:25.911 [qtp399373008-61] DEBUG org.eclipse.jetty.io.ssl.SslConnection - net filled=0
02:33:25.911 [qtp399373008-61] DEBUG org.eclipse.jetty.io.ssl.SslConnection - unwrap net_filled=0 Status = BUFFER_UNDERFLOW HandshakeStatus = NEED_UNWRAP bytesConsumed = 0 bytesProduced = 0 encryptedBuffer=[p=0,l=0,c=17408,r=0] unwrapBuffer=HeapByteBuffer@196acfdd[p=0,l=0,c=17408,r=0]={<<<>>>\x17\x03\x03\x06\x85"6\x9d\xD1...\x00\x00\x00\x00\x00\x00\x00} appBuffer=HeapByteBuffer@196acfdd[p=0,l=0,c=17408,r=0]={<<<>>>\x17\x03\x03\x06\x85"6\x9d\xD1...\x00\x00\x00\x00\x00\x00\x00}
02:33:25.911 [qtp399373008-61] DEBUG org.eclipse.jetty.io.ssl.SslConnection - <fill f=0 uf=true SslConnection@6aa0252e::SocketChannelEndPoint@5c9f82db{l=/127.0.0.1:37555,r=/127.0.0.1:51396,OPEN,fill=-,flush=-,to=0/30000}{io=0/0,kio=0,kro=1}->SslConnection@6aa0252e{NEED_UNWRAP,eio=-1/-1,di=-1,fill=IDLE,flush=IDLE}~>DecryptedEndPoint@32aea543{l=/127.0.0.1:37555,r=/127.0.0.1:51396,OPEN,fill=-,flush=-,to=14/30000}=>HttpConnection@6ba366b0[p=HttpParser{s=START,0 of -1},g=HttpGenerator@2d630184{s=START}]=>HttpChannelOverHttp@13e778d9{s=HttpChannelState@12077482{s=IDLE rs=BLOCKING os=OPEN is=IDLE awp=false se=false i=true al=0},r=0,c=false/false,a=IDLE,uri=null,age=0}
02:33:25.911 [qtp399373008-61] DEBUG org.eclipse.jetty.io.ssl.SslConnection - >fill SslConnection@6aa0252e::SocketChannelEndPoint@5c9f82db{l=/127.0.0.1:37555,r=/127.0.0.1:51396,OPEN,fill=-,flush=-,to=0/30000}{io=0/0,kio=0,kro=1}->SslConnection@6aa0252e{NEED_UNWRAP,eio=-1/-1,di=-1,fill=IDLE,flush=IDLE}~>DecryptedEndPoint@32aea543{l=/127.0.0.1:37555,r=/127.0.0.1:51396,OPEN,fill=-,flush=-,to=14/30000}=>HttpConnection@6ba366b0[p=HttpParser{s=START,0 of -1},g=HttpGenerator@2d630184{s=START}]=>HttpChannelOverHttp@13e778d9{s=HttpChannelState@12077482{s=IDLE rs=BLOCKING os=OPEN is=IDLE awp=false se=false i=true al=0},r=0,c=false/false,a=IDLE,uri=null,age=0}
02:33:25.911 [qtp399373008-61] DEBUG org.eclipse.jetty.io.ssl.SslConnection - fill NEED_UNWRAP
02:33:25.911 [qtp399373008-61] DEBUG org.eclipse.jetty.io.ChannelEndPoint - filled 0 HeapByteBuffer@d26bd[p=0,l=0,c=17408,r=0]={<<<>>>\x17\x03\x03\x068N\xD1\x1dI...\x00\x00\x00\x00\x00\x00\x00}
02:33:25.911 [qtp399373008-61] DEBUG org.eclipse.jetty.io.ssl.SslConnection - net filled=0
02:33:25.911 [qtp399373008-61] DEBUG org.eclipse.jetty.io.ssl.SslConnection - unwrap net_filled=0 Status = BUFFER_UNDERFLOW HandshakeStatus = NEED_UNWRAP bytesConsumed = 0 bytesProduced = 0 encryptedBuffer=[p=0,l=0,c=17408,r=0] unwrapBuffer=HeapByteBuffer@196acfdd[p=0,l=0,c=17408,r=0]={<<<>>>\x17\x03\x03\x06\x85"6\x9d\xD1...\x00\x00\x00\x00\x00\x00\x00} appBuffer=HeapByteBuffer@196acfdd[p=0,l=0,c=17408,r=0]={<<<>>>\x17\x03\x03\x06\x85"6\x9d\xD1...\x00\x00\x00\x00\x00\x00\x00}
02:33:25.911 [qtp399373008-61] DEBUG org.eclipse.jetty.io.ssl.SslConnection - <fill f=0 uf=true SslConnection@6aa0252e::SocketChannelEndPoint@5c9f82db{l=/127.0.0.1:37555,r=/127.0.0.1:51396,OPEN,fill=-,flush=-,to=0/30000}{io=0/0,kio=0,kro=1}->SslConnection@6aa0252e{NEED_UNWRAP,eio=-1/-1,di=-1,fill=IDLE,flush=IDLE}~>DecryptedEndPoint@32aea543{l=/127.0.0.1:37555,r=/127.0.0.1:51396,OPEN,fill=-,flush=-,to=14/30000}=>HttpConnection@6ba366b0[p=HttpParser{s=START,0 of -1},g=HttpGenerator@2d630184{s=START}]=>HttpChannelOverHttp@13e778d9{s=HttpChannelState@12077482{s=IDLE rs=BLOCKING os=OPEN is=IDLE awp=false se=false i=true al=0},r=0,c=false/false,a=IDLE,uri=null,age=0}
02:33:25.911 [qtp399373008-61] DEBUG org.eclipse.jetty.server.HttpConnection - HttpConnection@6ba366b0::DecryptedEndPoint@32aea543{l=/127.0.0.1:37555,r=/127.0.0.1:51396,OPEN,fill=-,flush=-,to=14/30000} filled 0 HeapByteBuffer@196acfdd[p=0,l=0,c=17408,r=0]={<<<>>>\x17\x03\x03\x06\x85"6\x9d\xD1...\x00\x00\x00\x00\x00\x00\x00}
02:33:25.911 [qtp399373008-61] DEBUG org.eclipse.jetty.server.HttpConnection - HttpConnection@6ba366b0::DecryptedEndPoint@32aea543{l=/127.0.0.1:37555,r=/127.0.0.1:51396,OPEN,fill=-,flush=-,to=14/30000} parse HeapByteBuffer@196acfdd[p=0,l=0,c=17408,r=0]={<<<>>>\x17\x03\x03\x06\x85"6\x9d\xD1...\x00\x00\x00\x00\x00\x00\x00} {}
02:33:25.911 [qtp399373008-61] DEBUG org.eclipse.jetty.http.HttpParser - parseNext s=START HeapByteBuffer@196acfdd[p=0,l=0,c=17408,r=0]={<<<>>>\x17\x03\x03\x06\x85"6\x9d\xD1...\x00\x00\x00\x00\x00\x00\x00}
02:33:25.911 [qtp399373008-61] DEBUG org.eclipse.jetty.server.HttpConnection - HttpConnection@6ba366b0::DecryptedEndPoint@32aea543{l=/127.0.0.1:37555,r=/127.0.0.1:51396,OPEN,fill=-,flush=-,to=14/30000} parsed false HttpParser{s=START,0 of -1}
02:33:25.911 [qtp399373008-61] DEBUG org.eclipse.jetty.server.HttpConnection - releaseRequestBuffer HttpConnection@6ba366b0::DecryptedEndPoint@32aea543{l=/127.0.0.1:37555,r=/127.0.0.1:51396,OPEN,fill=-,flush=-,to=14/30000}
02:33:25.911 [qtp399373008-61] DEBUG org.eclipse.jetty.io.AbstractConnection - fillInterested HttpConnection@6ba366b0::DecryptedEndPoint@32aea543{l=/127.0.0.1:37555,r=/127.0.0.1:51396,OPEN,fill=-,flush=-,to=14/30000}
02:33:25.911 [qtp399373008-61] DEBUG org.eclipse.jetty.io.FillInterest - interested FillInterest@5d85647e{AC.ReadCB@6ba366b0{HttpConnection@6ba366b0::DecryptedEndPoint@32aea543{l=/127.0.0.1:37555,r=/127.0.0.1:51396,OPEN,fill=FI,flush=-,to=0/30000}}}
02:33:25.912 [qtp399373008-61] DEBUG org.eclipse.jetty.io.ssl.SslConnection - >needFillInterest s=IDLE/IDLE uf=true ei=null di=null SslConnection@6aa0252e::SocketChannelEndPoint@5c9f82db{l=/127.0.0.1:37555,r=/127.0.0.1:51396,OPEN,fill=-,flush=-,to=0/30000}{io=0/0,kio=0,kro=1}->SslConnection@6aa0252e{NEED_UNWRAP,eio=-1/-1,di=-1,fill=IDLE,flush=IDLE}~>DecryptedEndPoint@32aea543{l=/127.0.0.1:37555,r=/127.0.0.1:51396,OPEN,fill=FI,flush=-,to=0/30000}=>HttpConnection@6ba366b0[p=HttpParser{s=START,0 of -1},g=HttpGenerator@2d630184{s=START}]=>HttpChannelOverHttp@13e778d9{s=HttpChannelState@12077482{s=IDLE rs=BLOCKING os=OPEN is=IDLE awp=false se=false i=true al=0},r=0,c=false/false,a=IDLE,uri=null,age=0}
02:33:25.912 [qtp399373008-61] DEBUG org.eclipse.jetty.io.ssl.SslConnection - <needFillInterest s=IDLE/INTERESTED f=false i=true w=null
02:33:25.912 [qtp399373008-61] DEBUG org.eclipse.jetty.io.ssl.SslConnection - ensureFillInterested SslConnection@6aa0252e::SocketChannelEndPoint@5c9f82db{l=/127.0.0.1:37555,r=/127.0.0.1:51396,OPEN,fill=-,flush=-,to=0/30000}{io=0/0,kio=0,kro=1}->SslConnection@6aa0252e{NEED_UNWRAP,eio=-1/-1,di=-1,fill=INTERESTED,flush=IDLE}~>DecryptedEndPoint@32aea543{l=/127.0.0.1:37555,r=/127.0.0.1:51396,OPEN,fill=FI,flush=-,to=0/30000}=>HttpConnection@6ba366b0[p=HttpParser{s=START,0 of -1},g=HttpGenerator@2d630184{s=START}]=>HttpChannelOverHttp@13e778d9{s=HttpChannelState@12077482{s=IDLE rs=BLOCKING os=OPEN is=IDLE awp=false se=false i=true al=0},r=0,c=false/false,a=IDLE,uri=null,age=0}
02:33:25.912 [qtp399373008-61] DEBUG org.eclipse.jetty.io.FillInterest - interested FillInterest@49ee12f1{SSLC.NBReadCB@6aa0252e{SslConnection@6aa0252e::SocketChannelEndPoint@5c9f82db{l=/127.0.0.1:37555,r=/127.0.0.1:51396,OPEN,fill=FI,flush=-,to=0/30000}{io=0/0,kio=0,kro=1}->SslConnection@6aa0252e{NEED_UNWRAP,eio=-1/-1,di=-1,fill=INTERESTED,flush=IDLE}~>DecryptedEndPoint@32aea543{l=/127.0.0.1:37555,r=/127.0.0.1:51396,OPEN,fill=FI,flush=-,to=0/30000}=>HttpConnection@6ba366b0[p=HttpParser{s=START,0 of -1},g=HttpGenerator@2d630184{s=START}]=>HttpChannelOverHttp@13e778d9{s=HttpChannelState@12077482{s=IDLE rs=BLOCKING os=OPEN is=IDLE awp=false se=false i=true al=0},r=0,c=false/false,a=IDLE,uri=null,age=0}}}
02:33:25.912 [qtp399373008-61] DEBUG org.eclipse.jetty.io.ChannelEndPoint - changeInterests p=false 0->1 for SocketChannelEndPoint@5c9f82db{l=/127.0.0.1:37555,r=/127.0.0.1:51396,OPEN,fill=FI,flush=-,to=0/30000}{io=0/1,kio=0,kro=1}->SslConnection@6aa0252e{NEED_UNWRAP,eio=-1/-1,di=-1,fill=INTERESTED,flush=IDLE}~>DecryptedEndPoint@32aea543{l=/127.0.0.1:37555,r=/127.0.0.1:51396,OPEN,fill=FI,flush=-,to=0/30000}=>HttpConnection@6ba366b0[p=HttpParser{s=START,0 of -1},g=HttpGenerator@2d630184{s=START}]=>HttpChannelOverHttp@13e778d9{s=HttpChannelState@12077482{s=IDLE rs=BLOCKING os=OPEN is=IDLE awp=false se=false i=true al=0},r=0,c=false/false,a=IDLE,uri=null,age=0}
02:33:25.912 [qtp399373008-61] DEBUG org.eclipse.jetty.io.ManagedSelector - Queued change lazy=false org.eclipse.jetty.io.ChannelEndPoint$$Lambda$255/1238156519@228cc7b7 on ManagedSelector@47a86fbb{STARTED} id=2 keys=2 selected=0 updates=0
02:33:25.912 [qtp399373008-61] DEBUG org.eclipse.jetty.io.ManagedSelector - Wakeup on submit ManagedSelector@47a86fbb{STARTED} id=2 keys=2 selected=0 updates=1
02:33:25.912 [qtp399373008-60] DEBUG org.eclipse.jetty.io.ManagedSelector - Selector sun.nio.ch.EPollSelectorImpl@19de0680 woken with none selected
02:33:25.912 [qtp399373008-60] DEBUG org.eclipse.jetty.io.ManagedSelector - Selector sun.nio.ch.EPollSelectorImpl@19de0680 woken up from select, 0/0/2 selected
02:33:25.912 [qtp399373008-60] DEBUG org.eclipse.jetty.io.ManagedSelector - Selector sun.nio.ch.EPollSelectorImpl@19de0680 processing 0 keys, 1 updates
02:33:25.912 [qtp399373008-60] DEBUG org.eclipse.jetty.io.ManagedSelector - updateable 1
02:33:25.912 [qtp399373008-60] DEBUG org.eclipse.jetty.io.ManagedSelector - update org.eclipse.jetty.io.ChannelEndPoint$$Lambda$255/1238156519@228cc7b7
02:33:25.912 [qtp399373008-61] DEBUG org.eclipse.jetty.server.HttpConnection - HttpConnection@6ba366b0::DecryptedEndPoint@32aea543{l=/127.0.0.1:37555,r=/127.0.0.1:51396,OPEN,fill=FI,flush=-,to=0/30000} onFillable exit HttpChannelState@12077482{s=IDLE rs=BLOCKING os=OPEN is=IDLE awp=false se=false i=true al=0} null
02:33:25.912 [qtp399373008-60] DEBUG org.eclipse.jetty.io.ChannelEndPoint - Key interests updated 0 -> 1 on SocketChannelEndPoint@5c9f82db{l=/127.0.0.1:37555,r=/127.0.0.1:51396,OPEN,fill=FI,flush=-,to=0/30000}{io=1/1,kio=1,kro=1}->SslConnection@6aa0252e{NEED_UNWRAP,eio=-1/-1,di=-1,fill=INTERESTED,flush=IDLE}~>DecryptedEndPoint@32aea543{l=/127.0.0.1:37555,r=/127.0.0.1:51396,OPEN,fill=FI,flush=-,to=0/30000}=>HttpConnection@6ba366b0[p=HttpParser{s=START,0 of -1},g=HttpGenerator@2d630184{s=START}]=>HttpChannelOverHttp@13e778d9{s=HttpChannelState@12077482{s=IDLE rs=BLOCKING os=OPEN is=IDLE awp=false se=false i=true al=0},r=0,c=false/false,a=IDLE,uri=null,age=0}
02:33:25.912 [qtp399373008-61] DEBUG org.eclipse.jetty.io.ssl.SslConnection - <c.onFillable SslConnection@6aa0252e::SocketChannelEndPoint@5c9f82db{l=/127.0.0.1:37555,r=/127.0.0.1:51396,OPEN,fill=FI,flush=-,to=0/30000}{io=1/1,kio=1,kro=1}->SslConnection@6aa0252e{NEED_UNWRAP,eio=-1/-1,di=-1,fill=INTERESTED,flush=IDLE}~>DecryptedEndPoint@32aea543{l=/127.0.0.1:37555,r=/127.0.0.1:51396,OPEN,fill=FI,flush=-,to=1/30000}=>HttpConnection@6ba366b0[p=HttpParser{s=START,0 of -1},g=HttpGenerator@2d630184{s=START}]=>HttpChannelOverHttp@13e778d9{s=HttpChannelState@12077482{s=IDLE rs=BLOCKING os=OPEN is=IDLE awp=false se=false i=true al=0},r=0,c=false/false,a=IDLE,uri=null,age=0}
02:33:25.913 [qtp399373008-60] DEBUG org.eclipse.jetty.io.ManagedSelector - updates 0
02:33:25.913 [qtp399373008-61] DEBUG org.eclipse.jetty.util.thread.ReservedThreadExecutor - ReservedThread@6cc6bc95{RUNNING,thread=Thread[qtp399373008-61,5,main]} was=RUNNING next=RESERVED size=0+2 capacity=8
02:33:25.913 [qtp399373008-60] DEBUG org.eclipse.jetty.io.ManagedSelector - Selector sun.nio.ch.EPollSelectorImpl@19de0680 waiting with 2 keys
02:33:25.913 [qtp399373008-61] DEBUG org.eclipse.jetty.util.thread.ReservedThreadExecutor - ReservedThread@6cc6bc95{RESERVED,thread=Thread[qtp399373008-61,5,main]} waiting ReservedThreadExecutor@424fd310{reserved=2/8,pending=0}
02:33:25.913 [qtp399373008-60] DEBUG org.eclipse.jetty.io.ManagedSelector - Selector sun.nio.ch.EPollSelectorImpl@19de0680 woken up from select, 1/1/2 selected
02:33:25.913 [qtp399373008-60] DEBUG org.eclipse.jetty.io.ManagedSelector - Selector sun.nio.ch.EPollSelectorImpl@19de0680 processing 1 keys, 0 updates
02:33:25.913 [qtp399373008-60] DEBUG org.eclipse.jetty.io.ManagedSelector - selected 1 sun.nio.ch.SelectionKeyImpl@77f69fdd SocketChannelEndPoint@5c9f82db{l=/127.0.0.1:37555,r=/127.0.0.1:51396,OPEN,fill=FI,flush=-,to=0/30000}{io=1/1,kio=1,kro=1}->SslConnection@6aa0252e{NEED_UNWRAP,eio=-1/-1,di=-1,fill=INTERESTED,flush=IDLE}~>DecryptedEndPoint@32aea543{l=/127.0.0.1:37555,r=/127.0.0.1:51396,OPEN,fill=FI,flush=-,to=1/30000}=>HttpConnection@6ba366b0[p=HttpParser{s=START,0 of -1},g=HttpGenerator@2d630184{s=START}]=>HttpChannelOverHttp@13e778d9{s=HttpChannelState@12077482{s=IDLE rs=BLOCKING os=OPEN is=IDLE awp=false se=false i=true al=0},r=0,c=false/false,a=IDLE,uri=null,age=0} 
02:33:25.913 [qtp399373008-60] DEBUG org.eclipse.jetty.io.ChannelEndPoint - onSelected 1->0 r=true w=false for SocketChannelEndPoint@5c9f82db{l=/127.0.0.1:37555,r=/127.0.0.1:51396,OPEN,fill=FI,flush=-,to=1/30000}{io=1/0,kio=1,kro=1}->SslConnection@6aa0252e{NEED_UNWRAP,eio=-1/-1,di=-1,fill=INTERESTED,flush=IDLE}~>DecryptedEndPoint@32aea543{l=/127.0.0.1:37555,r=/127.0.0.1:51396,OPEN,fill=FI,flush=-,to=1/30000}=>HttpConnection@6ba366b0[p=HttpParser{s=START,0 of -1},g=HttpGenerator@2d630184{s=START}]=>HttpChannelOverHttp@13e778d9{s=HttpChannelState@12077482{s=IDLE rs=BLOCKING os=OPEN is=IDLE awp=false se=false i=true al=0},r=0,c=false/false,a=IDLE,uri=null,age=0}
02:33:25.913 [qtp399373008-60] DEBUG org.eclipse.jetty.io.ChannelEndPoint - task CEP:SocketChannelEndPoint@5c9f82db{l=/127.0.0.1:37555,r=/127.0.0.1:51396,OPEN,fill=FI,flush=-,to=1/30000}{io=1/0,kio=1,kro=1}->SslConnection@6aa0252e{NEED_UNWRAP,eio=-1/-1,di=-1,fill=INTERESTED,flush=IDLE}~>DecryptedEndPoint@32aea543{l=/127.0.0.1:37555,r=/127.0.0.1:51396,OPEN,fill=FI,flush=-,to=1/30000}=>HttpConnection@6ba366b0[p=HttpParser{s=START,0 of -1},g=HttpGenerator@2d630184{s=START}]=>HttpChannelOverHttp@13e778d9{s=HttpChannelState@12077482{s=IDLE rs=BLOCKING os=OPEN is=IDLE awp=false se=false i=true al=0},r=0,c=false/false,a=IDLE,uri=null,age=0}:runFillable:BLOCKING
02:33:25.913 [qtp399373008-60] DEBUG org.eclipse.jetty.util.thread.ReservedThreadExecutor - ReservedThreadExecutor@424fd310{reserved=2/8,pending=0} tryExecute EatWhatYouKill@1c3146bc/SelectorProducer@56c698e3/PRODUCING/p=false/QueuedThreadPool[qtp399373008]@17cdf2d0{STARTED,8<=8<=200,i=1,r=-1,q=0}[ReservedThreadExecutor@424fd310{reserved=2/8,pending=0}][pc=0,pic=0,pec=0,epc=4]@2024-05-02T02:33:25.913+01:00
02:33:25.913 [qtp399373008-61] DEBUG org.eclipse.jetty.util.thread.ReservedThreadExecutor - ReservedThread@6cc6bc95{RESERVED,thread=Thread[qtp399373008-61,5,main]} task=EatWhatYouKill@1c3146bc/SelectorProducer@56c698e3/IDLE/p=true/QueuedThreadPool[qtp399373008]@17cdf2d0{STARTED,8<=8<=200,i=1,r=-1,q=0}[ReservedThreadExecutor@424fd310{reserved=1/8,pending=0}][pc=0,pic=0,pec=0,epc=4]@2024-05-02T02:33:25.913+01:00 ReservedThreadExecutor@424fd310{reserved=1/8,pending=0}
02:33:25.913 [qtp399373008-60] DEBUG org.eclipse.jetty.util.thread.strategy.EatWhatYouKill - EatWhatYouKill@1c3146bc/SelectorProducer@56c698e3/IDLE/p=true/QueuedThreadPool[qtp399373008]@17cdf2d0{STARTED,8<=8<=200,i=1,r=-1,q=0}[ReservedThreadExecutor@424fd310{reserved=1/8,pending=0}][pc=0,pic=0,pec=0,epc=4]@2024-05-02T02:33:25.913+01:00 m=EXECUTE_PRODUCE_CONSUME t=CEP:SocketChannelEndPoint@5c9f82db{l=/127.0.0.1:37555,r=/127.0.0.1:51396,OPEN,fill=FI,flush=-,to=1/30000}{io=1/0,kio=1,kro=1}->SslConnection@6aa0252e{NEED_UNWRAP,eio=-1/-1,di=-1,fill=INTERESTED,flush=IDLE}~>DecryptedEndPoint@32aea543{l=/127.0.0.1:37555,r=/127.0.0.1:51396,OPEN,fill=FI,flush=-,to=1/30000}=>HttpConnection@6ba366b0[p=HttpParser{s=START,0 of -1},g=HttpGenerator@2d630184{s=START}]=>HttpChannelOverHttp@13e778d9{s=HttpChannelState@12077482{s=IDLE rs=BLOCKING os=OPEN is=IDLE awp=false se=false i=true al=0},r=0,c=false/false,a=IDLE,uri=null,age=0}:runFillable:BLOCKING/BLOCKING
02:33:25.913 [qtp399373008-61] DEBUG org.eclipse.jetty.util.thread.strategy.EatWhatYouKill - EatWhatYouKill@1c3146bc/SelectorProducer@56c698e3/IDLE/p=true/QueuedThreadPool[qtp399373008]@17cdf2d0{STARTED,8<=8<=200,i=1,r=-1,q=0}[ReservedThreadExecutor@424fd310{reserved=1/8,pending=0}][pc=0,pic=0,pec=0,epc=5]@2024-05-02T02:33:25.913+01:00 tryProduce true
02:33:25.913 [qtp399373008-61] DEBUG org.eclipse.jetty.io.ManagedSelector - updateable 0
02:33:25.913 [qtp399373008-60] DEBUG org.eclipse.jetty.io.FillInterest - fillable FillInterest@49ee12f1{SSLC.NBReadCB@6aa0252e{SslConnection@6aa0252e::SocketChannelEndPoint@5c9f82db{l=/127.0.0.1:37555,r=/127.0.0.1:51396,OPEN,fill=FI,flush=-,to=1/30000}{io=1/0,kio=1,kro=1}->SslConnection@6aa0252e{NEED_UNWRAP,eio=-1/-1,di=-1,fill=INTERESTED,flush=IDLE}~>DecryptedEndPoint@32aea543{l=/127.0.0.1:37555,r=/127.0.0.1:51396,OPEN,fill=FI,flush=-,to=1/30000}=>HttpConnection@6ba366b0[p=HttpParser{s=START,0 of -1},g=HttpGenerator@2d630184{s=START}]=>HttpChannelOverHttp@13e778d9{s=HttpChannelState@12077482{s=IDLE rs=BLOCKING os=OPEN is=IDLE awp=false se=false i=true al=0},r=0,c=false/false,a=IDLE,uri=null,age=0}}}
02:33:25.913 [qtp399373008-61] DEBUG org.eclipse.jetty.io.ManagedSelector - updates 0
02:33:25.914 [qtp399373008-60] DEBUG org.eclipse.jetty.io.ssl.SslConnection - >c.onFillable SslConnection@6aa0252e::SocketChannelEndPoint@5c9f82db{l=/127.0.0.1:37555,r=/127.0.0.1:51396,OPEN,fill=-,flush=-,to=1/30000}{io=1/0,kio=1,kro=1}->SslConnection@6aa0252e{NEED_UNWRAP,eio=-1/-1,di=-1,fill=INTERESTED,flush=IDLE}~>DecryptedEndPoint@32aea543{l=/127.0.0.1:37555,r=/127.0.0.1:51396,OPEN,fill=FI,flush=-,to=2/30000}=>HttpConnection@6ba366b0[p=HttpParser{s=START,0 of -1},g=HttpGenerator@2d630184{s=START}]=>HttpChannelOverHttp@13e778d9{s=HttpChannelState@12077482{s=IDLE rs=BLOCKING os=OPEN is=IDLE awp=false se=false i=true al=0},r=0,c=false/false,a=IDLE,uri=null,age=0}
02:33:25.914 [qtp399373008-60] DEBUG org.eclipse.jetty.io.ssl.SslConnection - onFillable SslConnection@6aa0252e::SocketChannelEndPoint@5c9f82db{l=/127.0.0.1:37555,r=/127.0.0.1:51396,OPEN,fill=-,flush=-,to=1/30000}{io=0/0,kio=0,kro=1}->SslConnection@6aa0252e{NEED_UNWRAP,eio=-1/-1,di=-1,fill=INTERESTED,flush=IDLE}~>DecryptedEndPoint@32aea543{l=/127.0.0.1:37555,r=/127.0.0.1:51396,OPEN,fill=FI,flush=-,to=2/30000}=>HttpConnection@6ba366b0[p=HttpParser{s=START,0 of -1},g=HttpGenerator@2d630184{s=START}]=>HttpChannelOverHttp@13e778d9{s=HttpChannelState@12077482{s=IDLE rs=BLOCKING os=OPEN is=IDLE awp=false se=false i=true al=0},r=0,c=false/false,a=IDLE,uri=null,age=0}
02:33:25.914 [qtp399373008-60] DEBUG org.eclipse.jetty.io.FillInterest - fillable FillInterest@5d85647e{AC.ReadCB@6ba366b0{HttpConnection@6ba366b0::DecryptedEndPoint@32aea543{l=/127.0.0.1:37555,r=/127.0.0.1:51396,OPEN,fill=FI,flush=-,to=2/30000}}}
02:33:25.914 [qtp399373008-60] DEBUG org.eclipse.jetty.server.HttpConnection - HttpConnection@6ba366b0::DecryptedEndPoint@32aea543{l=/127.0.0.1:37555,r=/127.0.0.1:51396,OPEN,fill=-,flush=-,to=2/30000} onFillable enter HttpChannelState@12077482{s=IDLE rs=BLOCKING os=OPEN is=IDLE awp=false se=false i=true al=0} null
02:33:25.914 [qtp399373008-61] DEBUG org.eclipse.jetty.io.ChannelEndPoint - Key interests updated 1 -> 0 on SocketChannelEndPoint@5c9f82db{l=/127.0.0.1:37555,r=/127.0.0.1:51396,OPEN,fill=-,flush=-,to=1/30000}{io=0/0,kio=0,kro=1}->SslConnection@6aa0252e{NEED_UNWRAP,eio=-1/-1,di=-1,fill=INTERESTED,flush=IDLE}~>DecryptedEndPoint@32aea543{l=/127.0.0.1:37555,r=/127.0.0.1:51396,OPEN,fill=FI,flush=-,to=2/30000}=>HttpConnection@6ba366b0[p=HttpParser{s=START,0 of -1},g=HttpGenerator@2d630184{s=START}]=>HttpChannelOverHttp@13e778d9{s=HttpChannelState@12077482{s=IDLE rs=BLOCKING os=OPEN is=IDLE awp=false se=false i=true al=0},r=0,c=false/false,a=IDLE,uri=null,age=0}
02:33:25.914 [qtp399373008-60] DEBUG org.eclipse.jetty.io.ssl.SslConnection - >fill SslConnection@6aa0252e::SocketChannelEndPoint@5c9f82db{l=/127.0.0.1:37555,r=/127.0.0.1:51396,OPEN,fill=-,flush=-,to=2/30000}{io=0/0,kio=0,kro=1}->SslConnection@6aa0252e{NEED_UNWRAP,eio=-1/-1,di=-1,fill=IDLE,flush=IDLE}~>DecryptedEndPoint@32aea543{l=/127.0.0.1:37555,r=/127.0.0.1:51396,OPEN,fill=-,flush=-,to=2/30000}=>HttpConnection@6ba366b0[p=HttpParser{s=START,0 of -1},g=HttpGenerator@2d630184{s=START}]=>HttpChannelOverHttp@13e778d9{s=HttpChannelState@12077482{s=IDLE rs=BLOCKING os=OPEN is=IDLE awp=false se=false i=true al=0},r=0,c=false/false,a=IDLE,uri=null,age=0}
02:33:25.914 [qtp399373008-61] DEBUG org.eclipse.jetty.io.ManagedSelector - Selector sun.nio.ch.EPollSelectorImpl@19de0680 waiting with 2 keys
02:33:25.914 [qtp399373008-60] DEBUG org.eclipse.jetty.io.ssl.SslConnection - fill NEED_UNWRAP
02:33:25.915 [qtp399373008-60] DEBUG org.eclipse.jetty.io.ChannelEndPoint - filled 6 HeapByteBuffer@d26bd[p=0,l=6,c=17408,r=6]={<<<\x14\x03\x03\x00\x01\x01>>>\xD1\x1dI\xB7\x1c\t\xA6\xFa)...\x00\x00\x00\x00\x00\x00\x00}
02:33:25.915 [qtp399373008-60] DEBUG org.eclipse.jetty.io.ssl.SslConnection - net filled=6
02:33:25.915 [qtp399373008-60] DEBUG org.eclipse.jetty.io.ssl.SslConnection - unwrap net_filled=6 Status = OK HandshakeStatus = NEED_UNWRAP bytesConsumed = 6 bytesProduced = 0 encryptedBuffer=[p=6,l=6,c=17408,r=0] unwrapBuffer=HeapByteBuffer@ecac914[p=0,l=0,c=17408,r=0]={<<<>>>\x16\x03\x03\x01N\x01\x00\x01J...\x00\x00\x00\x00\x00\x00\x00} appBuffer=HeapByteBuffer@ecac914[p=0,l=0,c=17408,r=0]={<<<>>>\x16\x03\x03\x01N\x01\x00\x01J...\x00\x00\x00\x00\x00\x00\x00}
02:33:25.915 [qtp399373008-60] DEBUG org.eclipse.jetty.io.ssl.SslConnection - fill NEED_UNWRAP
02:33:25.915 [qtp399373008-60] DEBUG org.eclipse.jetty.io.ChannelEndPoint - filled 0 HeapByteBuffer@d26bd[p=0,l=0,c=17408,r=0]={<<<>>>\x14\x03\x03\x00\x01\x01\xD1\x1dI...\x00\x00\x00\x00\x00\x00\x00}
02:33:25.915 [qtp399373008-60] DEBUG org.eclipse.jetty.io.ssl.SslConnection - net filled=0
02:33:25.916 [qtp399373008-60] DEBUG org.eclipse.jetty.io.ssl.SslConnection - unwrap net_filled=0 Status = BUFFER_UNDERFLOW HandshakeStatus = NEED_UNWRAP bytesConsumed = 0 bytesProduced = 0 encryptedBuffer=[p=0,l=0,c=17408,r=0] unwrapBuffer=HeapByteBuffer@ecac914[p=0,l=0,c=17408,r=0]={<<<>>>\x16\x03\x03\x01N\x01\x00\x01J...\x00\x00\x00\x00\x00\x00\x00} appBuffer=HeapByteBuffer@ecac914[p=0,l=0,c=17408,r=0]={<<<>>>\x16\x03\x03\x01N\x01\x00\x01J...\x00\x00\x00\x00\x00\x00\x00}
02:33:25.916 [qtp399373008-60] DEBUG org.eclipse.jetty.io.ssl.SslConnection - <fill f=0 uf=true SslConnection@6aa0252e::SocketChannelEndPoint@5c9f82db{l=/127.0.0.1:37555,r=/127.0.0.1:51396,OPEN,fill=-,flush=-,to=0/30000}{io=0/0,kio=0,kro=1}->SslConnection@6aa0252e{NEED_UNWRAP,eio=-1/-1,di=-1,fill=IDLE,flush=IDLE}~>DecryptedEndPoint@32aea543{l=/127.0.0.1:37555,r=/127.0.0.1:51396,OPEN,fill=-,flush=-,to=4/30000}=>HttpConnection@6ba366b0[p=HttpParser{s=START,0 of -1},g=HttpGenerator@2d630184{s=START}]=>HttpChannelOverHttp@13e778d9{s=HttpChannelState@12077482{s=IDLE rs=BLOCKING os=OPEN is=IDLE awp=false se=false i=true al=0},r=0,c=false/false,a=IDLE,uri=null,age=0}
02:33:25.916 [qtp399373008-60] DEBUG org.eclipse.jetty.io.ssl.SslConnection - >fill SslConnection@6aa0252e::SocketChannelEndPoint@5c9f82db{l=/127.0.0.1:37555,r=/127.0.0.1:51396,OPEN,fill=-,flush=-,to=0/30000}{io=0/0,kio=0,kro=1}->SslConnection@6aa0252e{NEED_UNWRAP,eio=-1/-1,di=-1,fill=IDLE,flush=IDLE}~>DecryptedEndPoint@32aea543{l=/127.0.0.1:37555,r=/127.0.0.1:51396,OPEN,fill=-,flush=-,to=4/30000}=>HttpConnection@6ba366b0[p=HttpParser{s=START,0 of -1},g=HttpGenerator@2d630184{s=START}]=>HttpChannelOverHttp@13e778d9{s=HttpChannelState@12077482{s=IDLE rs=BLOCKING os=OPEN is=IDLE awp=false se=false i=true al=0},r=0,c=false/false,a=IDLE,uri=null,age=0}
02:33:25.916 [qtp399373008-60] DEBUG org.eclipse.jetty.io.ssl.SslConnection - fill NEED_UNWRAP
02:33:25.916 [qtp399373008-60] DEBUG org.eclipse.jetty.io.ChannelEndPoint - filled 0 HeapByteBuffer@196acfdd[p=0,l=0,c=17408,r=0]={<<<>>>\x17\x03\x03\x06\x85"6\x9d\xD1...\x00\x00\x00\x00\x00\x00\x00}
02:33:25.916 [qtp399373008-60] DEBUG org.eclipse.jetty.io.ssl.SslConnection - net filled=0
02:33:25.916 [qtp399373008-60] DEBUG org.eclipse.jetty.io.ssl.SslConnection - unwrap net_filled=0 Status = BUFFER_UNDERFLOW HandshakeStatus = NEED_UNWRAP bytesConsumed = 0 bytesProduced = 0 encryptedBuffer=[p=0,l=0,c=17408,r=0] unwrapBuffer=HeapByteBuffer@ecac914[p=0,l=0,c=17408,r=0]={<<<>>>\x16\x03\x03\x01N\x01\x00\x01J...\x00\x00\x00\x00\x00\x00\x00} appBuffer=HeapByteBuffer@ecac914[p=0,l=0,c=17408,r=0]={<<<>>>\x16\x03\x03\x01N\x01\x00\x01J...\x00\x00\x00\x00\x00\x00\x00}
02:33:25.916 [qtp399373008-60] DEBUG org.eclipse.jetty.io.ssl.SslConnection - <fill f=0 uf=true SslConnection@6aa0252e::SocketChannelEndPoint@5c9f82db{l=/127.0.0.1:37555,r=/127.0.0.1:51396,OPEN,fill=-,flush=-,to=0/30000}{io=0/0,kio=0,kro=1}->SslConnection@6aa0252e{NEED_UNWRAP,eio=-1/-1,di=-1,fill=IDLE,flush=IDLE}~>DecryptedEndPoint@32aea543{l=/127.0.0.1:37555,r=/127.0.0.1:51396,OPEN,fill=-,flush=-,to=4/30000}=>HttpConnection@6ba366b0[p=HttpParser{s=START,0 of -1},g=HttpGenerator@2d630184{s=START}]=>HttpChannelOverHttp@13e778d9{s=HttpChannelState@12077482{s=IDLE rs=BLOCKING os=OPEN is=IDLE awp=false se=false i=true al=0},r=0,c=false/false,a=IDLE,uri=null,age=0}
02:33:25.916 [qtp399373008-60] DEBUG org.eclipse.jetty.server.HttpConnection - HttpConnection@6ba366b0::DecryptedEndPoint@32aea543{l=/127.0.0.1:37555,r=/127.0.0.1:51396,OPEN,fill=-,flush=-,to=4/30000} filled 0 HeapByteBuffer@ecac914[p=0,l=0,c=17408,r=0]={<<<>>>\x16\x03\x03\x01N\x01\x00\x01J...\x00\x00\x00\x00\x00\x00\x00}
02:33:25.916 [qtp399373008-60] DEBUG org.eclipse.jetty.server.HttpConnection - HttpConnection@6ba366b0::DecryptedEndPoint@32aea543{l=/127.0.0.1:37555,r=/127.0.0.1:51396,OPEN,fill=-,flush=-,to=4/30000} parse HeapByteBuffer@ecac914[p=0,l=0,c=17408,r=0]={<<<>>>\x16\x03\x03\x01N\x01\x00\x01J...\x00\x00\x00\x00\x00\x00\x00} {}
02:33:25.916 [qtp399373008-60] DEBUG org.eclipse.jetty.http.HttpParser - parseNext s=START HeapByteBuffer@ecac914[p=0,l=0,c=17408,r=0]={<<<>>>\x16\x03\x03\x01N\x01\x00\x01J...\x00\x00\x00\x00\x00\x00\x00}
02:33:25.916 [qtp399373008-60] DEBUG org.eclipse.jetty.server.HttpConnection - HttpConnection@6ba366b0::DecryptedEndPoint@32aea543{l=/127.0.0.1:37555,r=/127.0.0.1:51396,OPEN,fill=-,flush=-,to=4/30000} parsed false HttpParser{s=START,0 of -1}
02:33:25.916 [qtp399373008-60] DEBUG org.eclipse.jetty.server.HttpConnection - releaseRequestBuffer HttpConnection@6ba366b0::DecryptedEndPoint@32aea543{l=/127.0.0.1:37555,r=/127.0.0.1:51396,OPEN,fill=-,flush=-,to=4/30000}
02:33:25.916 [qtp399373008-60] DEBUG org.eclipse.jetty.io.AbstractConnection - fillInterested HttpConnection@6ba366b0::DecryptedEndPoint@32aea543{l=/127.0.0.1:37555,r=/127.0.0.1:51396,OPEN,fill=-,flush=-,to=4/30000}
02:33:25.916 [qtp399373008-60] DEBUG org.eclipse.jetty.io.FillInterest - interested FillInterest@5d85647e{AC.ReadCB@6ba366b0{HttpConnection@6ba366b0::DecryptedEndPoint@32aea543{l=/127.0.0.1:37555,r=/127.0.0.1:51396,OPEN,fill=FI,flush=-,to=0/30000}}}
02:33:25.916 [qtp399373008-60] DEBUG org.eclipse.jetty.io.ssl.SslConnection - >needFillInterest s=IDLE/IDLE uf=true ei=null di=null SslConnection@6aa0252e::SocketChannelEndPoint@5c9f82db{l=/127.0.0.1:37555,r=/127.0.0.1:51396,OPEN,fill=-,flush=-,to=0/30000}{io=0/0,kio=0,kro=1}->SslConnection@6aa0252e{NEED_UNWRAP,eio=-1/-1,di=-1,fill=IDLE,flush=IDLE}~>DecryptedEndPoint@32aea543{l=/127.0.0.1:37555,r=/127.0.0.1:51396,OPEN,fill=FI,flush=-,to=0/30000}=>HttpConnection@6ba366b0[p=HttpParser{s=START,0 of -1},g=HttpGenerator@2d630184{s=START}]=>HttpChannelOverHttp@13e778d9{s=HttpChannelState@12077482{s=IDLE rs=BLOCKING os=OPEN is=IDLE awp=false se=false i=true al=0},r=0,c=false/false,a=IDLE,uri=null,age=0}
02:33:25.916 [qtp399373008-60] DEBUG org.eclipse.jetty.io.ssl.SslConnection - <needFillInterest s=IDLE/INTERESTED f=false i=true w=null
02:33:25.916 [qtp399373008-60] DEBUG org.eclipse.jetty.io.ssl.SslConnection - ensureFillInterested SslConnection@6aa0252e::SocketChannelEndPoint@5c9f82db{l=/127.0.0.1:37555,r=/127.0.0.1:51396,OPEN,fill=-,flush=-,to=0/30000}{io=0/0,kio=0,kro=1}->SslConnection@6aa0252e{NEED_UNWRAP,eio=-1/-1,di=-1,fill=INTERESTED,flush=IDLE}~>DecryptedEndPoint@32aea543{l=/127.0.0.1:37555,r=/127.0.0.1:51396,OPEN,fill=FI,flush=-,to=0/30000}=>HttpConnection@6ba366b0[p=HttpParser{s=START,0 of -1},g=HttpGenerator@2d630184{s=START}]=>HttpChannelOverHttp@13e778d9{s=HttpChannelState@12077482{s=IDLE rs=BLOCKING os=OPEN is=IDLE awp=false se=false i=true al=0},r=0,c=false/false,a=IDLE,uri=null,age=0}
02:33:25.916 [qtp399373008-60] DEBUG org.eclipse.jetty.io.FillInterest - interested FillInterest@49ee12f1{SSLC.NBReadCB@6aa0252e{SslConnection@6aa0252e::SocketChannelEndPoint@5c9f82db{l=/127.0.0.1:37555,r=/127.0.0.1:51396,OPEN,fill=FI,flush=-,to=0/30000}{io=0/0,kio=0,kro=1}->SslConnection@6aa0252e{NEED_UNWRAP,eio=-1/-1,di=-1,fill=INTERESTED,flush=IDLE}~>DecryptedEndPoint@32aea543{l=/127.0.0.1:37555,r=/127.0.0.1:51396,OPEN,fill=FI,flush=-,to=0/30000}=>HttpConnection@6ba366b0[p=HttpParser{s=START,0 of -1},g=HttpGenerator@2d630184{s=START}]=>HttpChannelOverHttp@13e778d9{s=HttpChannelState@12077482{s=IDLE rs=BLOCKING os=OPEN is=IDLE awp=false se=false i=true al=0},r=0,c=false/false,a=IDLE,uri=null,age=0}}}
02:33:25.916 [qtp399373008-60] DEBUG org.eclipse.jetty.io.ChannelEndPoint - changeInterests p=false 0->1 for SocketChannelEndPoint@5c9f82db{l=/127.0.0.1:37555,r=/127.0.0.1:51396,OPEN,fill=FI,flush=-,to=0/30000}{io=0/1,kio=0,kro=1}->SslConnection@6aa0252e{NEED_UNWRAP,eio=-1/-1,di=-1,fill=INTERESTED,flush=IDLE}~>DecryptedEndPoint@32aea543{l=/127.0.0.1:37555,r=/127.0.0.1:51396,OPEN,fill=FI,flush=-,to=0/30000}=>HttpConnection@6ba366b0[p=HttpParser{s=START,0 of -1},g=HttpGenerator@2d630184{s=START}]=>HttpChannelOverHttp@13e778d9{s=HttpChannelState@12077482{s=IDLE rs=BLOCKING os=OPEN is=IDLE awp=false se=false i=true al=0},r=0,c=false/false,a=IDLE,uri=null,age=0}
02:33:25.916 [qtp399373008-60] DEBUG org.eclipse.jetty.io.ManagedSelector - Queued change lazy=false org.eclipse.jetty.io.ChannelEndPoint$$Lambda$255/1238156519@228cc7b7 on ManagedSelector@47a86fbb{STARTED} id=2 keys=2 selected=0 updates=0
02:33:25.916 [qtp399373008-60] DEBUG org.eclipse.jetty.io.ManagedSelector - Wakeup on submit ManagedSelector@47a86fbb{STARTED} id=2 keys=2 selected=0 updates=1
02:33:25.916 [qtp399373008-60] DEBUG org.eclipse.jetty.server.HttpConnection - HttpConnection@6ba366b0::DecryptedEndPoint@32aea543{l=/127.0.0.1:37555,r=/127.0.0.1:51396,OPEN,fill=FI,flush=-,to=0/30000} onFillable exit HttpChannelState@12077482{s=IDLE rs=BLOCKING os=OPEN is=IDLE awp=false se=false i=true al=0} null
02:33:25.917 [qtp399373008-60] DEBUG org.eclipse.jetty.io.ssl.SslConnection - <c.onFillable SslConnection@6aa0252e::SocketChannelEndPoint@5c9f82db{l=/127.0.0.1:37555,r=/127.0.0.1:51396,OPEN,fill=FI,flush=-,to=0/30000}{io=0/1,kio=0,kro=1}->SslConnection@6aa0252e{NEED_UNWRAP,eio=-1/-1,di=-1,fill=INTERESTED,flush=IDLE}~>DecryptedEndPoint@32aea543{l=/127.0.0.1:37555,r=/127.0.0.1:51396,OPEN,fill=FI,flush=-,to=0/30000}=>HttpConnection@6ba366b0[p=HttpParser{s=START,0 of -1},g=HttpGenerator@2d630184{s=START}]=>HttpChannelOverHttp@13e778d9{s=HttpChannelState@12077482{s=IDLE rs=BLOCKING os=OPEN is=IDLE awp=false se=false i=true al=0},r=0,c=false/false,a=IDLE,uri=null,age=0}
02:33:25.917 [qtp399373008-60] DEBUG org.eclipse.jetty.util.thread.ReservedThreadExecutor - ReservedThread@2d5efc20{RUNNING,thread=Thread[qtp399373008-60,5,main]} was=RUNNING next=RESERVED size=0+2 capacity=8
02:33:25.917 [qtp399373008-60] DEBUG org.eclipse.jetty.util.thread.ReservedThreadExecutor - ReservedThread@2d5efc20{RESERVED,thread=Thread[qtp399373008-60,5,main]} waiting ReservedThreadExecutor@424fd310{reserved=2/8,pending=0}
02:33:25.917 [qtp399373008-61] DEBUG org.eclipse.jetty.io.ManagedSelector - Selector sun.nio.ch.EPollSelectorImpl@19de0680 woken with none selected
02:33:25.917 [qtp399373008-61] DEBUG org.eclipse.jetty.io.ManagedSelector - Selector sun.nio.ch.EPollSelectorImpl@19de0680 woken up from select, 0/0/2 selected
02:33:25.917 [qtp399373008-61] DEBUG org.eclipse.jetty.io.ManagedSelector - Selector sun.nio.ch.EPollSelectorImpl@19de0680 processing 0 keys, 1 updates
02:33:25.917 [qtp399373008-61] DEBUG org.eclipse.jetty.io.ManagedSelector - updateable 1
02:33:25.917 [qtp399373008-61] DEBUG org.eclipse.jetty.io.ManagedSelector - update org.eclipse.jetty.io.ChannelEndPoint$$Lambda$255/1238156519@228cc7b7
02:33:25.917 [qtp399373008-61] DEBUG org.eclipse.jetty.io.ChannelEndPoint - Key interests updated 0 -> 1 on SocketChannelEndPoint@5c9f82db{l=/127.0.0.1:37555,r=/127.0.0.1:51396,OPEN,fill=FI,flush=-,to=0/30000}{io=1/1,kio=1,kro=1}->SslConnection@6aa0252e{NEED_UNWRAP,eio=-1/-1,di=-1,fill=INTERESTED,flush=IDLE}~>DecryptedEndPoint@32aea543{l=/127.0.0.1:37555,r=/127.0.0.1:51396,OPEN,fill=FI,flush=-,to=0/30000}=>HttpConnection@6ba366b0[p=HttpParser{s=START,0 of -1},g=HttpGenerator@2d630184{s=START}]=>HttpChannelOverHttp@13e778d9{s=HttpChannelState@12077482{s=IDLE rs=BLOCKING os=OPEN is=IDLE awp=false se=false i=true al=0},r=0,c=false/false,a=IDLE,uri=null,age=0}
02:33:25.917 [qtp399373008-61] DEBUG org.eclipse.jetty.io.ManagedSelector - updates 0
02:33:25.917 [qtp399373008-61] DEBUG org.eclipse.jetty.io.ManagedSelector - Selector sun.nio.ch.EPollSelectorImpl@19de0680 waiting with 2 keys
02:33:25.953 [qtp399373008-61] DEBUG org.eclipse.jetty.io.ManagedSelector - Selector sun.nio.ch.EPollSelectorImpl@19de0680 woken up from select, 1/1/2 selected
02:33:25.953 [qtp399373008-61] DEBUG org.eclipse.jetty.io.ManagedSelector - Selector sun.nio.ch.EPollSelectorImpl@19de0680 processing 1 keys, 0 updates
02:33:25.953 [qtp399373008-61] DEBUG org.eclipse.jetty.io.ManagedSelector - selected 1 sun.nio.ch.SelectionKeyImpl@77f69fdd SocketChannelEndPoint@5c9f82db{l=/127.0.0.1:37555,r=/127.0.0.1:51396,OPEN,fill=FI,flush=-,to=36/30000}{io=1/1,kio=1,kro=1}->SslConnection@6aa0252e{NEED_UNWRAP,eio=-1/-1,di=-1,fill=INTERESTED,flush=IDLE}~>DecryptedEndPoint@32aea543{l=/127.0.0.1:37555,r=/127.0.0.1:51396,OPEN,fill=FI,flush=-,to=36/30000}=>HttpConnection@6ba366b0[p=HttpParser{s=START,0 of -1},g=HttpGenerator@2d630184{s=START}]=>HttpChannelOverHttp@13e778d9{s=HttpChannelState@12077482{s=IDLE rs=BLOCKING os=OPEN is=IDLE awp=false se=false i=true al=0},r=0,c=false/false,a=IDLE,uri=null,age=0} 
02:33:25.953 [qtp399373008-61] DEBUG org.eclipse.jetty.io.ChannelEndPoint - onSelected 1->0 r=true w=false for SocketChannelEndPoint@5c9f82db{l=/127.0.0.1:37555,r=/127.0.0.1:51396,OPEN,fill=FI,flush=-,to=36/30000}{io=1/0,kio=1,kro=1}->SslConnection@6aa0252e{NEED_UNWRAP,eio=-1/-1,di=-1,fill=INTERESTED,flush=IDLE}~>DecryptedEndPoint@32aea543{l=/127.0.0.1:37555,r=/127.0.0.1:51396,OPEN,fill=FI,flush=-,to=36/30000}=>HttpConnection@6ba366b0[p=HttpParser{s=START,0 of -1},g=HttpGenerator@2d630184{s=START}]=>HttpChannelOverHttp@13e778d9{s=HttpChannelState@12077482{s=IDLE rs=BLOCKING os=OPEN is=IDLE awp=false se=false i=true al=0},r=0,c=false/false,a=IDLE,uri=null,age=0}
02:33:25.953 [qtp399373008-61] DEBUG org.eclipse.jetty.io.ChannelEndPoint - task CEP:SocketChannelEndPoint@5c9f82db{l=/127.0.0.1:37555,r=/127.0.0.1:51396,OPEN,fill=FI,flush=-,to=36/30000}{io=1/0,kio=1,kro=1}->SslConnection@6aa0252e{NEED_UNWRAP,eio=-1/-1,di=-1,fill=INTERESTED,flush=IDLE}~>DecryptedEndPoint@32aea543{l=/127.0.0.1:37555,r=/127.0.0.1:51396,OPEN,fill=FI,flush=-,to=37/30000}=>HttpConnection@6ba366b0[p=HttpParser{s=START,0 of -1},g=HttpGenerator@2d630184{s=START}]=>HttpChannelOverHttp@13e778d9{s=HttpChannelState@12077482{s=IDLE rs=BLOCKING os=OPEN is=IDLE awp=false se=false i=true al=0},r=0,c=false/false,a=IDLE,uri=null,age=0}:runFillable:BLOCKING
02:33:25.953 [qtp399373008-61] DEBUG org.eclipse.jetty.util.thread.ReservedThreadExecutor - ReservedThreadExecutor@424fd310{reserved=2/8,pending=0} tryExecute EatWhatYouKill@1c3146bc/SelectorProducer@56c698e3/PRODUCING/p=false/QueuedThreadPool[qtp399373008]@17cdf2d0{STARTED,8<=8<=200,i=1,r=-1,q=0}[ReservedThreadExecutor@424fd310{reserved=2/8,pending=0}][pc=0,pic=0,pec=0,epc=5]@2024-05-02T02:33:25.953+01:00
02:33:25.954 [qtp399373008-60] DEBUG org.eclipse.jetty.util.thread.ReservedThreadExecutor - ReservedThread@2d5efc20{RESERVED,thread=Thread[qtp399373008-60,5,main]} task=EatWhatYouKill@1c3146bc/SelectorProducer@56c698e3/IDLE/p=true/QueuedThreadPool[qtp399373008]@17cdf2d0{STARTED,8<=8<=200,i=1,r=-1,q=0}[ReservedThreadExecutor@424fd310{reserved=1/8,pending=0}][pc=0,pic=0,pec=0,epc=5]@2024-05-02T02:33:25.954+01:00 ReservedThreadExecutor@424fd310{reserved=1/8,pending=0}
02:33:25.954 [qtp399373008-61] DEBUG org.eclipse.jetty.util.thread.strategy.EatWhatYouKill - EatWhatYouKill@1c3146bc/SelectorProducer@56c698e3/IDLE/p=true/QueuedThreadPool[qtp399373008]@17cdf2d0{STARTED,8<=8<=200,i=1,r=-1,q=0}[ReservedThreadExecutor@424fd310{reserved=1/8,pending=0}][pc=0,pic=0,pec=0,epc=5]@2024-05-02T02:33:25.953+01:00 m=EXECUTE_PRODUCE_CONSUME t=CEP:SocketChannelEndPoint@5c9f82db{l=/127.0.0.1:37555,r=/127.0.0.1:51396,OPEN,fill=FI,flush=-,to=37/30000}{io=1/0,kio=1,kro=1}->SslConnection@6aa0252e{NEED_UNWRAP,eio=-1/-1,di=-1,fill=INTERESTED,flush=IDLE}~>DecryptedEndPoint@32aea543{l=/127.0.0.1:37555,r=/127.0.0.1:51396,OPEN,fill=FI,flush=-,to=37/30000}=>HttpConnection@6ba366b0[p=HttpParser{s=START,0 of -1},g=HttpGenerator@2d630184{s=START}]=>HttpChannelOverHttp@13e778d9{s=HttpChannelState@12077482{s=IDLE rs=BLOCKING os=OPEN is=IDLE awp=false se=false i=true al=0},r=0,c=false/false,a=IDLE,uri=null,age=0}:runFillable:BLOCKING/BLOCKING
02:33:25.954 [qtp399373008-61] DEBUG org.eclipse.jetty.io.FillInterest - fillable FillInterest@49ee12f1{SSLC.NBReadCB@6aa0252e{SslConnection@6aa0252e::SocketChannelEndPoint@5c9f82db{l=/127.0.0.1:37555,r=/127.0.0.1:51396,OPEN,fill=FI,flush=-,to=37/30000}{io=1/0,kio=1,kro=1}->SslConnection@6aa0252e{NEED_UNWRAP,eio=-1/-1,di=-1,fill=INTERESTED,flush=IDLE}~>DecryptedEndPoint@32aea543{l=/127.0.0.1:37555,r=/127.0.0.1:51396,OPEN,fill=FI,flush=-,to=37/30000}=>HttpConnection@6ba366b0[p=HttpParser{s=START,0 of -1},g=HttpGenerator@2d630184{s=START}]=>HttpChannelOverHttp@13e778d9{s=HttpChannelState@12077482{s=IDLE rs=BLOCKING os=OPEN is=IDLE awp=false se=false i=true al=0},r=0,c=false/false,a=IDLE,uri=null,age=0}}}
02:33:25.954 [qtp399373008-60] DEBUG org.eclipse.jetty.util.thread.strategy.EatWhatYouKill - EatWhatYouKill@1c3146bc/SelectorProducer@56c698e3/IDLE/p=true/QueuedThreadPool[qtp399373008]@17cdf2d0{STARTED,8<=8<=200,i=1,r=-1,q=0}[ReservedThreadExecutor@424fd310{reserved=1/8,pending=0}][pc=0,pic=0,pec=0,epc=6]@2024-05-02T02:33:25.954+01:00 tryProduce true
02:33:25.954 [qtp399373008-60] DEBUG org.eclipse.jetty.io.ManagedSelector - updateable 0
02:33:25.954 [qtp399373008-60] DEBUG org.eclipse.jetty.io.ManagedSelector - updates 0
02:33:25.954 [qtp399373008-61] DEBUG org.eclipse.jetty.io.ssl.SslConnection - >c.onFillable SslConnection@6aa0252e::SocketChannelEndPoint@5c9f82db{l=/127.0.0.1:37555,r=/127.0.0.1:51396,OPEN,fill=-,flush=-,to=37/30000}{io=1/0,kio=1,kro=1}->SslConnection@6aa0252e{NEED_UNWRAP,eio=-1/-1,di=-1,fill=INTERESTED,flush=IDLE}~>DecryptedEndPoint@32aea543{l=/127.0.0.1:37555,r=/127.0.0.1:51396,OPEN,fill=FI,flush=-,to=37/30000}=>HttpConnection@6ba366b0[p=HttpParser{s=START,0 of -1},g=HttpGenerator@2d630184{s=START}]=>HttpChannelOverHttp@13e778d9{s=HttpChannelState@12077482{s=IDLE rs=BLOCKING os=OPEN is=IDLE awp=false se=false i=true al=0},r=0,c=false/false,a=IDLE,uri=null,age=0}
02:33:25.954 [qtp399373008-60] DEBUG org.eclipse.jetty.io.ChannelEndPoint - Key interests updated 1 -> 0 on SocketChannelEndPoint@5c9f82db{l=/127.0.0.1:37555,r=/127.0.0.1:51396,OPEN,fill=-,flush=-,to=37/30000}{io=0/0,kio=0,kro=1}->SslConnection@6aa0252e{NEED_UNWRAP,eio=-1/-1,di=-1,fill=INTERESTED,flush=IDLE}~>DecryptedEndPoint@32aea543{l=/127.0.0.1:37555,r=/127.0.0.1:51396,OPEN,fill=FI,flush=-,to=37/30000}=>HttpConnection@6ba366b0[p=HttpParser{s=START,0 of -1},g=HttpGenerator@2d630184{s=START}]=>HttpChannelOverHttp@13e778d9{s=HttpChannelState@12077482{s=IDLE rs=BLOCKING os=OPEN is=IDLE awp=false se=false i=true al=0},r=0,c=false/false,a=IDLE,uri=null,age=0}
02:33:25.954 [qtp399373008-60] DEBUG org.eclipse.jetty.io.ManagedSelector - Selector sun.nio.ch.EPollSelectorImpl@19de0680 waiting with 2 keys
02:33:25.954 [qtp399373008-61] DEBUG org.eclipse.jetty.io.ssl.SslConnection - onFillable SslConnection@6aa0252e::SocketChannelEndPoint@5c9f82db{l=/127.0.0.1:37555,r=/127.0.0.1:51396,OPEN,fill=-,flush=-,to=37/30000}{io=0/0,kio=0,kro=1}->SslConnection@6aa0252e{NEED_UNWRAP,eio=-1/-1,di=-1,fill=INTERESTED,flush=IDLE}~>DecryptedEndPoint@32aea543{l=/127.0.0.1:37555,r=/127.0.0.1:51396,OPEN,fill=FI,flush=-,to=37/30000}=>HttpConnection@6ba366b0[p=HttpParser{s=START,0 of -1},g=HttpGenerator@2d630184{s=START}]=>HttpChannelOverHttp@13e778d9{s=HttpChannelState@12077482{s=IDLE rs=BLOCKING os=OPEN is=IDLE awp=false se=false i=true al=0},r=0,c=false/false,a=IDLE,uri=null,age=0}
02:33:25.954 [qtp399373008-61] DEBUG org.eclipse.jetty.io.FillInterest - fillable FillInterest@5d85647e{AC.ReadCB@6ba366b0{HttpConnection@6ba366b0::DecryptedEndPoint@32aea543{l=/127.0.0.1:37555,r=/127.0.0.1:51396,OPEN,fill=FI,flush=-,to=37/30000}}}
02:33:25.954 [qtp399373008-61] DEBUG org.eclipse.jetty.server.HttpConnection - HttpConnection@6ba366b0::DecryptedEndPoint@32aea543{l=/127.0.0.1:37555,r=/127.0.0.1:51396,OPEN,fill=-,flush=-,to=37/30000} onFillable enter HttpChannelState@12077482{s=IDLE rs=BLOCKING os=OPEN is=IDLE awp=false se=false i=true al=0} null
02:33:25.954 [qtp399373008-61] DEBUG org.eclipse.jetty.io.ssl.SslConnection - >fill SslConnection@6aa0252e::SocketChannelEndPoint@5c9f82db{l=/127.0.0.1:37555,r=/127.0.0.1:51396,OPEN,fill=-,flush=-,to=37/30000}{io=0/0,kio=0,kro=1}->SslConnection@6aa0252e{NEED_UNWRAP,eio=-1/-1,di=-1,fill=IDLE,flush=IDLE}~>DecryptedEndPoint@32aea543{l=/127.0.0.1:37555,r=/127.0.0.1:51396,OPEN,fill=-,flush=-,to=37/30000}=>HttpConnection@6ba366b0[p=HttpParser{s=START,0 of -1},g=HttpGenerator@2d630184{s=START}]=>HttpChannelOverHttp@13e778d9{s=HttpChannelState@12077482{s=IDLE rs=BLOCKING os=OPEN is=IDLE awp=false se=false i=true al=0},r=0,c=false/false,a=IDLE,uri=null,age=0}
02:33:25.954 [qtp399373008-61] DEBUG org.eclipse.jetty.io.ssl.SslConnection - fill NEED_UNWRAP
02:33:25.954 [qtp399373008-61] DEBUG org.eclipse.jetty.io.ChannelEndPoint - filled 1491 HeapByteBuffer@196acfdd[p=0,l=1491,c=17408,r=1491]={<<<\x17\x03\x03\x03\xAdShL\xF5q\x9a\x1f\xC4\xB1\xF0\xAdB\x87U\xD2$\xA2\t\xD3|...\xC3Z7\xD0\xA4\x95f\xA3\xCf9\xD7\x9f\x10(\x17qe\x93\xF1X\x08\xE8\xFe>>>\xDf\xF5\xB7\xC4Y\xC7\xC1u\xA5...\x00\x00\x00\x00\x00\x00\x00}
02:33:25.954 [qtp399373008-61] DEBUG org.eclipse.jetty.io.ssl.SslConnection - net filled=1491
02:33:25.954 [qtp399373008-61] DEBUG org.eclipse.jetty.io.ssl.SslConnection - unwrap net_filled=1491 Status = OK HandshakeStatus = NEED_TASK bytesConsumed = 946 bytesProduced = 0 encryptedBuffer=[p=946,l=1491,c=17408,r=545] unwrapBuffer=HeapByteBuffer@d26bd[p=0,l=0,c=17408,r=0]={<<<>>>\x14\x03\x03\x00\x01\x01\xD1\x1dI...\x00\x00\x00\x00\x00\x00\x00} appBuffer=HeapByteBuffer@d26bd[p=0,l=0,c=17408,r=0]={<<<>>>\x14\x03\x03\x00\x01\x01\xD1\x1dI...\x00\x00\x00\x00\x00\x00\x00}
02:33:25.954 [qtp399373008-61] DEBUG org.eclipse.jetty.io.ssl.SslConnection - fill NEED_TASK
02:33:25.955 [qtp399373008-61] DEBUG org.eclipse.jetty.io.ssl.SslConnection - fill NEED_UNWRAP
02:33:25.955 [qtp399373008-61] DEBUG org.eclipse.jetty.io.ChannelEndPoint - filled 0 HeapByteBuffer@196acfdd[p=946,l=1491,c=17408,r=545]={\x17\x03\x03\x03\xAd\x0b\x00\x03\x88...\xE0\x07Q\x9f\x93\x86\xAc<<<\x17\x03\x03\x01)_\xBd\x0f\xD2.u\xF5\xC7\xB0a\xB72\xD2\xE9>1\x8e\xE2r#...\xC3Z7\xD0\xA4\x95f\xA3\xCf9\xD7\x9f\x10(\x17qe\x93\xF1X\x08\xE8\xFe>>>\xDf\xF5\xB7\xC4Y\xC7\xC1u\xA5...\x00\x00\x00\x00\x00\x00\x00}
02:33:25.955 [qtp399373008-61] DEBUG org.eclipse.jetty.io.ssl.SslConnection - net filled=0
02:33:25.955 [qtp399373008-61] DEBUG org.eclipse.jetty.io.ssl.SslConnection - unwrap net_filled=0 Status = OK HandshakeStatus = NEED_TASK bytesConsumed = 302 bytesProduced = 0 encryptedBuffer=[p=1248,l=1491,c=17408,r=243] unwrapBuffer=HeapByteBuffer@d26bd[p=0,l=0,c=17408,r=0]={<<<>>>\x14\x03\x03\x00\x01\x01\xD1\x1dI...\x00\x00\x00\x00\x00\x00\x00} appBuffer=HeapByteBuffer@d26bd[p=0,l=0,c=17408,r=0]={<<<>>>\x14\x03\x03\x00\x01\x01\xD1\x1dI...\x00\x00\x00\x00\x00\x00\x00}
02:33:25.955 [qtp399373008-61] DEBUG org.eclipse.jetty.io.ssl.SslConnection - fill NEED_TASK
02:33:25.955 [qtp399373008-61] DEBUG org.eclipse.jetty.io.ssl.SslConnection - fill NEED_UNWRAP
02:33:25.955 [qtp399373008-61] DEBUG org.eclipse.jetty.io.ChannelEndPoint - filled 0 HeapByteBuffer@196acfdd[p=1248,l=1491,c=17408,r=243]={\x17\x03\x03\x03\xAd\x0b\x00\x03\x88...\xDevm\xFdG\xD2\xF9<<<\x17\x03\x03\x00U\xBe\xDd\x1d\xAc\x02?\xA2\xCf\xCf\x7f\xCe\t\n\xC0\xDaD\xF4\xBfu\x06...\xC3Z7\xD0\xA4\x95f\xA3\xCf9\xD7\x9f\x10(\x17qe\x93\xF1X\x08\xE8\xFe>>>\xDf\xF5\xB7\xC4Y\xC7\xC1u\xA5...\x00\x00\x00\x00\x00\x00\x00}
02:33:25.955 [qtp399373008-61] DEBUG org.eclipse.jetty.io.ssl.SslConnection - net filled=0
02:33:25.956 [qtp399373008-61] DEBUG org.eclipse.jetty.io.ssl.SslConnection - unwrap net_filled=0 Status = OK HandshakeStatus = NEED_WRAP bytesConsumed = 90 bytesProduced = 0 encryptedBuffer=[p=1338,l=1491,c=17408,r=153] unwrapBuffer=HeapByteBuffer@d26bd[p=0,l=0,c=17408,r=0]={<<<>>>\x14\x03\x03\x00\x01\x01\xD1\x1dI...\x00\x00\x00\x00\x00\x00\x00} appBuffer=HeapByteBuffer@d26bd[p=0,l=0,c=17408,r=0]={<<<>>>\x14\x03\x03\x00\x01\x01\xD1\x1dI...\x00\x00\x00\x00\x00\x00\x00}
02:33:25.956 [qtp399373008-61] DEBUG org.eclipse.jetty.io.ssl.SslConnection - fill NEED_WRAP
02:33:25.956 [qtp399373008-61] DEBUG org.eclipse.jetty.io.ssl.SslConnection - >flush SslConnection@6aa0252e::SocketChannelEndPoint@5c9f82db{l=/127.0.0.1:37555,r=/127.0.0.1:51396,OPEN,fill=-,flush=-,to=1/30000}{io=0/0,kio=0,kro=1}->SslConnection@6aa0252e{NEED_WRAP,eio=153/-1,di=-1,fill=IDLE,flush=IDLE}~>DecryptedEndPoint@32aea543{l=/127.0.0.1:37555,r=/127.0.0.1:51396,OPEN,fill=-,flush=-,to=39/30000}=>HttpConnection@6ba366b0[p=HttpParser{s=START,0 of -1},g=HttpGenerator@2d630184{s=START}]=>HttpChannelOverHttp@13e778d9{s=HttpChannelState@12077482{s=IDLE rs=BLOCKING os=OPEN is=IDLE awp=false se=false i=true al=0},r=0,c=false/false,a=IDLE,uri=null,age=0}
02:33:25.956 [qtp399373008-61] DEBUG org.eclipse.jetty.io.ssl.SslConnection - flush b[0]=HeapByteBuffer@98da274[p=0,l=0,c=0,r=0]={<<<>>>}
02:33:25.956 [qtp399373008-61] DEBUG org.eclipse.jetty.io.ssl.SslConnection - flush NEED_WRAP
02:33:25.956 [qtp399373008-61] DEBUG org.eclipse.jetty.io.ssl.SslConnection - wrap Status = OK HandshakeStatus = FINISHED bytesConsumed = 0 bytesProduced = 88 [p=0,l=88,c=17408,r=88] ioDone=false/false
02:33:25.956 [qtp399373008-61] DEBUG org.eclipse.jetty.io.ChannelEndPoint - flushed 88 SocketChannelEndPoint@5c9f82db{l=/127.0.0.1:37555,r=/127.0.0.1:51396,OPEN,fill=-,flush=-,to=2/30000}{io=0/0,kio=0,kro=1}->SslConnection@6aa0252e{NOT_HANDSHAKING,eio=153/0,di=-1,fill=IDLE,flush=IDLE}~>DecryptedEndPoint@32aea543{l=/127.0.0.1:37555,r=/127.0.0.1:51396,OPEN,fill=-,flush=-,to=40/30000}=>HttpConnection@6ba366b0[p=HttpParser{s=START,0 of -1},g=HttpGenerator@2d630184{s=START}]=>HttpChannelOverHttp@13e778d9{s=HttpChannelState@12077482{s=IDLE rs=BLOCKING os=OPEN is=IDLE awp=false se=false i=true al=0},r=0,c=false/false,a=IDLE,uri=null,age=0}
02:33:25.956 [qtp399373008-61] DEBUG org.eclipse.jetty.io.ssl.SslConnection - net flushed=true, ac=true
02:33:25.957 [qtp399373008-61] DEBUG org.eclipse.jetty.io.ssl.SslConnection - handshake succeeded SslConnection@6aa0252e::SocketChannelEndPoint@5c9f82db{l=/127.0.0.1:37555,r=/127.0.0.1:51396,OPEN,fill=-,flush=-,to=0/30000}{io=0/0,kio=0,kro=1}->SslConnection@6aa0252e{NOT_HANDSHAKING,eio=153/0,di=-1,fill=IDLE,flush=IDLE}~>DecryptedEndPoint@32aea543{l=/127.0.0.1:37555,r=/127.0.0.1:51396,OPEN,fill=-,flush=-,to=40/30000}=>HttpConnection@6ba366b0[p=HttpParser{s=START,0 of -1},g=HttpGenerator@2d630184{s=START}]=>HttpChannelOverHttp@13e778d9{s=HttpChannelState@12077482{s=IDLE rs=BLOCKING os=OPEN is=IDLE awp=false se=false i=true al=0},r=0,c=false/false,a=IDLE,uri=null,age=0} resumed server TLSv1.3/TLS_AES_256_GCM_SHA384
02:33:25.957 [qtp399373008-61] DEBUG org.eclipse.jetty.io.ssl.SslConnection - <flush true SslConnection@6aa0252e::SocketChannelEndPoint@5c9f82db{l=/127.0.0.1:37555,r=/127.0.0.1:51396,OPEN,fill=-,flush=-,to=0/30000}{io=0/0,kio=0,kro=1}->SslConnection@6aa0252e{NOT_HANDSHAKING,eio=153/-1,di=-1,fill=IDLE,flush=IDLE}~>DecryptedEndPoint@32aea543{l=/127.0.0.1:37555,r=/127.0.0.1:51396,OPEN,fill=-,flush=-,to=40/30000}=>HttpConnection@6ba366b0[p=HttpParser{s=START,0 of -1},g=HttpGenerator@2d630184{s=START}]=>HttpChannelOverHttp@13e778d9{s=HttpChannelState@12077482{s=IDLE rs=BLOCKING os=OPEN is=IDLE awp=false se=false i=true al=0},r=0,c=false/false,a=IDLE,uri=null,age=0}
02:33:25.957 [qtp399373008-61] DEBUG org.eclipse.jetty.io.ssl.SslConnection - fill NOT_HANDSHAKING
02:33:25.957 [qtp399373008-61] DEBUG org.eclipse.jetty.io.ChannelEndPoint - filled 0 HeapByteBuffer@196acfdd[p=1338,l=1491,c=17408,r=153]={\x17\x03\x03\x03\xAd\x0b\x00\x03\x88...\r\xC74\x8cB\xAf\xC8<<<\x17\x03\x03\x00\x94\xF1J~\x14\xF1\xD2\xE5\xB7pb,-\xFcH\x881-\xA9\xF1\xD5...\xC3Z7\xD0\xA4\x95f\xA3\xCf9\xD7\x9f\x10(\x17qe\x93\xF1X\x08\xE8\xFe>>>\xDf\xF5\xB7\xC4Y\xC7\xC1u\xA5...\x00\x00\x00\x00\x00\x00\x00}
02:33:25.957 [qtp399373008-61] DEBUG org.eclipse.jetty.io.ssl.SslConnection - net filled=0
02:33:25.957 [qtp399373008-61] DEBUG org.eclipse.jetty.io.ssl.SslConnection - unwrap net_filled=0 Status = OK HandshakeStatus = NOT_HANDSHAKING bytesConsumed = 153 bytesProduced = 115 encryptedBuffer=[p=1491,l=1491,c=17408,r=0] unwrapBuffer=HeapByteBuffer@d26bd[p=0,l=115,c=17408,r=115]={<<<GET / HTTP/1.1\r\nHost: loc...gent: okhttp/3.12.3\r\n\r\n>>>\x91\xE8\xD7\xB5\x89\xA1\xEe\xAe\x90...\x00\x00\x00\x00\x00\x00\x00} appBuffer=HeapByteBuffer@d26bd[p=0,l=115,c=17408,r=115]={<<<GET / HTTP/1.1\r\nHost: loc...gent: okhttp/3.12.3\r\n\r\n>>>\x91\xE8\xD7\xB5\x89\xA1\xEe\xAe\x90...\x00\x00\x00\x00\x00\x00\x00}
02:33:25.957 [qtp399373008-61] DEBUG org.eclipse.jetty.io.ssl.SslConnection - <fill f=115 uf=false SslConnection@6aa0252e::SocketChannelEndPoint@5c9f82db{l=/127.0.0.1:37555,r=/127.0.0.1:51396,OPEN,fill=-,flush=-,to=0/30000}{io=0/0,kio=0,kro=1}->SslConnection@6aa0252e{NOT_HANDSHAKING,eio=-1/-1,di=-1,fill=IDLE,flush=IDLE}~>DecryptedEndPoint@32aea543{l=/127.0.0.1:37555,r=/127.0.0.1:51396,OPEN,fill=-,flush=-,to=40/30000}=>HttpConnection@6ba366b0[p=HttpParser{s=START,0 of -1},g=HttpGenerator@2d630184{s=START}]=>HttpChannelOverHttp@13e778d9{s=HttpChannelState@12077482{s=IDLE rs=BLOCKING os=OPEN is=IDLE awp=false se=false i=true al=0},r=0,c=false/false,a=IDLE,uri=null,age=0}
02:33:25.957 [qtp399373008-61] DEBUG org.eclipse.jetty.server.HttpConnection - HttpConnection@6ba366b0::DecryptedEndPoint@32aea543{l=/127.0.0.1:37555,r=/127.0.0.1:51396,OPEN,fill=-,flush=-,to=40/30000} filled 115 HeapByteBuffer@d26bd[p=0,l=115,c=17408,r=115]={<<<GET / HTTP/1.1\r\nHost: loc...gent: okhttp/3.12.3\r\n\r\n>>>\x91\xE8\xD7\xB5\x89\xA1\xEe\xAe\x90...\x00\x00\x00\x00\x00\x00\x00}
02:33:25.957 [qtp399373008-61] DEBUG org.eclipse.jetty.server.HttpConnection - HttpConnection@6ba366b0::DecryptedEndPoint@32aea543{l=/127.0.0.1:37555,r=/127.0.0.1:51396,OPEN,fill=-,flush=-,to=40/30000} parse HeapByteBuffer@d26bd[p=0,l=115,c=17408,r=115]={<<<GET / HTTP/1.1\r\nHost: loc...gent: okhttp/3.12.3\r\n\r\n>>>\x91\xE8\xD7\xB5\x89\xA1\xEe\xAe\x90...\x00\x00\x00\x00\x00\x00\x00} {}
02:33:25.957 [qtp399373008-61] DEBUG org.eclipse.jetty.http.HttpParser - parseNext s=START HeapByteBuffer@d26bd[p=0,l=115,c=17408,r=115]={<<<GET / HTTP/1.1\r\nHost: loc...gent: okhttp/3.12.3\r\n\r\n>>>\x91\xE8\xD7\xB5\x89\xA1\xEe\xAe\x90...\x00\x00\x00\x00\x00\x00\x00}
02:33:25.957 [qtp399373008-61] DEBUG org.eclipse.jetty.http.HttpParser - START --> SPACE1
02:33:25.957 [qtp399373008-61] DEBUG org.eclipse.jetty.http.HttpParser - SPACE1 --> URI
02:33:25.957 [qtp399373008-61] DEBUG org.eclipse.jetty.http.HttpParser - URI --> SPACE2
02:33:25.957 [qtp399373008-61] DEBUG org.eclipse.jetty.http.HttpParser - SPACE2 --> REQUEST_VERSION
02:33:25.957 [qtp399373008-61] DEBUG org.eclipse.jetty.http.HttpParser - REQUEST_VERSION --> HEADER
02:33:25.957 [qtp399373008-61] DEBUG org.eclipse.jetty.http.HttpParser - HEADER:Host --> VALUE
02:33:25.957 [qtp399373008-61] DEBUG org.eclipse.jetty.http.HttpParser - HEADER:Host --> IN_VALUE
02:33:25.957 [qtp399373008-61] DEBUG org.eclipse.jetty.http.HttpParser - HEADER:Host --> FIELD
02:33:25.957 [qtp399373008-61] DEBUG org.eclipse.jetty.http.HttpParser - HEADER:Connection: keep-alive --> IN_VALUE
02:33:25.957 [qtp399373008-61] DEBUG org.eclipse.jetty.http.HttpParser - HEADER:Connection: keep-alive --> FIELD
02:33:25.957 [qtp399373008-61] DEBUG org.eclipse.jetty.http.HttpParser - HEADER:Accept-Encoding: gzip --> IN_VALUE
02:33:25.957 [qtp399373008-61] DEBUG org.eclipse.jetty.http.HttpParser - HEADER:Accept-Encoding: gzip --> FIELD
02:33:25.957 [qtp399373008-61] DEBUG org.eclipse.jetty.http.HttpParser - HEADER:User-Agent --> VALUE
02:33:25.957 [qtp399373008-61] DEBUG org.eclipse.jetty.http.HttpParser - HEADER:User-Agent --> IN_VALUE
02:33:25.957 [qtp399373008-61] DEBUG org.eclipse.jetty.http.HttpParser - HEADER:User-Agent --> FIELD
02:33:25.957 [qtp399373008-61] DEBUG org.eclipse.jetty.http.HttpParser - HEADER --> CONTENT
02:33:25.957 [qtp399373008-61] DEBUG org.eclipse.jetty.server.HttpChannel - REQUEST for //localhost:37555/ on HttpChannelOverHttp@13e778d9{s=HttpChannelState@12077482{s=IDLE rs=BLOCKING os=OPEN is=IDLE awp=false se=false i=true al=0},r=1,c=false/false,a=IDLE,uri=//localhost:37555/,age=0}
GET //localhost:37555/ HTTP/1.1
Host: localhost:37555
Connection: keep-alive
Accept-Encoding: gzip
User-Agent: okhttp/3.12.3


02:33:25.957 [qtp399373008-61] DEBUG org.eclipse.jetty.server.HttpConnection - HttpConnection@6ba366b0::DecryptedEndPoint@32aea543{l=/127.0.0.1:37555,r=/127.0.0.1:51396,OPEN,fill=-,flush=-,to=41/30000} parsed true HttpParser{s=CONTENT,0 of -1}
02:33:25.957 [qtp399373008-61] DEBUG org.eclipse.jetty.server.HttpConnection - releaseRequestBuffer HttpConnection@6ba366b0::DecryptedEndPoint@32aea543{l=/127.0.0.1:37555,r=/127.0.0.1:51396,OPEN,fill=-,flush=-,to=41/30000}
02:33:25.957 [qtp399373008-61] DEBUG org.eclipse.jetty.server.HttpChannel - handle //localhost:37555/ HttpChannelOverHttp@13e778d9{s=HttpChannelState@12077482{s=IDLE rs=BLOCKING os=OPEN is=IDLE awp=false se=false i=true al=0},r=1,c=false/false,a=IDLE,uri=//localhost:37555/,age=0} 
02:33:25.957 [qtp399373008-61] DEBUG org.eclipse.jetty.server.HttpChannelState - handling HttpChannelState@12077482{s=IDLE rs=BLOCKING os=OPEN is=IDLE awp=false se=false i=true al=0}
02:33:25.957 [qtp399373008-61] DEBUG org.eclipse.jetty.server.HttpChannel - action DISPATCH HttpChannelOverHttp@13e778d9{s=HttpChannelState@12077482{s=HANDLING rs=BLOCKING os=OPEN is=IDLE awp=false se=false i=true al=0},r=1,c=false/false,a=HANDLING,uri=//localhost:37555/,age=0}
02:33:25.957 [qtp399373008-61] DEBUG org.eclipse.jetty.server.SecureRequestCustomizer - Host localhost with SNI null
02:33:25.958 [qtp399373008-61] DEBUG org.eclipse.jetty.server.Server - REQUEST GET / on HttpChannelOverHttp@13e778d9{s=HttpChannelState@12077482{s=HANDLING rs=BLOCKING os=OPEN is=IDLE awp=false se=false i=true al=0},r=1,c=false/false,a=HANDLING,uri=https://localhost:37555/,age=1}
02:33:25.958 [qtp399373008-61] DEBUG org.eclipse.jetty.server.HttpOutput - write(array HeapByteBuffer@2e1b8fb4[p=0,l=4,c=512,r=4]={<<<test>>>\x00\x00\x00\x00\x00\x00\x00\x00\x00...\x00\x00\x00\x00\x00\x00\x00})
02:33:25.958 [qtp399373008-61] DEBUG org.eclipse.jetty.server.HttpOutput - write(array) s=CLOSING,api=BLOCKED,sc=false,e=null last=true agg=false flush=true async=false, len=4 null
02:33:25.958 [qtp399373008-61] DEBUG org.eclipse.jetty.server.HttpChannel - sendResponse info=null content=HeapByteBuffer@c0e9ac1[p=0,l=4,c=512,r=4]={<<<test>>>\x00\x00\x00\x00\x00\x00\x00\x00\x00...\x00\x00\x00\x00\x00\x00\x00} complete=true committing=true callback=Blocker@6be990d1{null}
02:33:25.958 [qtp399373008-61] DEBUG org.eclipse.jetty.server.HttpChannel - COMMIT for / on HttpChannelOverHttp@13e778d9{s=HttpChannelState@12077482{s=HANDLING rs=BLOCKING os=COMMITTED is=IDLE awp=false se=false i=true al=0},r=1,c=false/false,a=HANDLING,uri=https://localhost:37555/,age=1}
200 null HTTP/1.1
Date: Thu, 02 May 2024 01:33:25 GMT
ETag: testEtag
Content-Type: text/plain;charset=utf-8
Content-Length: 4


02:33:25.958 [qtp399373008-61] DEBUG org.eclipse.jetty.server.HttpConnection - generate: NEED_HEADER for SendCallback@2822f206[PROCESSING][i=HTTP/1.1{s=200,h=4,cl=4},cb=org.eclipse.jetty.server.HttpChannel$SendCallback@5a36be99] (null,[p=0,l=4,c=512,r=4],true)@START
02:33:25.958 [qtp399373008-61] DEBUG org.eclipse.jetty.http.HttpGenerator - generateHeaders HTTP/1.1{s=200,h=4,cl=4} last=true content=HeapByteBuffer@c0e9ac1[p=0,l=4,c=512,r=4]={<<<test>>>\x00\x00\x00\x00\x00\x00\x00\x00\x00...\x00\x00\x00\x00\x00\x00\x00}
02:33:25.958 [qtp399373008-61] DEBUG org.eclipse.jetty.http.HttpGenerator - Date: Thu, 02 May 2024 01:33:25 GMT
ETag: testEtag
Content-Type: text/plain;charset=utf-8
Content-Length: 4


02:33:25.958 [qtp399373008-61] DEBUG org.eclipse.jetty.http.HttpGenerator - CONTENT_LENGTH
02:33:25.958 [qtp399373008-61] DEBUG org.eclipse.jetty.server.HttpConnection - generate: FLUSH for SendCallback@2822f206[PROCESSING][i=HTTP/1.1{s=200,h=4,cl=4},cb=org.eclipse.jetty.server.HttpChannel$SendCallback@5a36be99] ([p=0,l=164,c=8192,r=164],[p=0,l=4,c=512,r=4],true)@COMPLETING
02:33:25.958 [qtp399373008-61] DEBUG org.eclipse.jetty.io.WriteFlusher - write: WriteFlusher@2216ff8c{IDLE}->null [HeapByteBuffer@235f32c0[p=0,l=164,c=8192,r=164]={<<<HTTP/1.1 200 OK\r\nDate: Th...y(9.4.44.v20210927)\r\n\r\n>>>\n\r\n\x00\x00\x00\x00\x00\x00...\x00\x00\x00\x00\x00\x00\x00},HeapByteBuffer@c0e9ac1[p=0,l=4,c=512,r=4]={<<<test>>>\x00\x00\x00\x00\x00\x00\x00\x00\x00...\x00\x00\x00\x00\x00\x00\x00}]
02:33:25.958 [qtp399373008-61] DEBUG org.eclipse.jetty.io.WriteFlusher - update WriteFlusher@2216ff8c{WRITING}->null:IDLE-->WRITING
02:33:25.958 [qtp399373008-61] DEBUG org.eclipse.jetty.io.ssl.SslConnection - >flush SslConnection@6aa0252e::SocketChannelEndPoint@5c9f82db{l=/127.0.0.1:37555,r=/127.0.0.1:51396,OPEN,fill=-,flush=-,to=1/30000}{io=0/0,kio=0,kro=1}->SslConnection@6aa0252e{NOT_HANDSHAKING,eio=-1/-1,di=-1,fill=IDLE,flush=IDLE}~>DecryptedEndPoint@32aea543{l=/127.0.0.1:37555,r=/127.0.0.1:51396,OPEN,fill=-,flush=W,to=41/30000}=>HttpConnection@6ba366b0[p=HttpParser{s=CONTENT,0 of -1},g=HttpGenerator@2d630184{s=COMPLETING}]=>HttpChannelOverHttp@13e778d9{s=HttpChannelState@12077482{s=HANDLING rs=BLOCKING os=COMMITTED is=IDLE awp=false se=false i=true al=0},r=1,c=false/false,a=HANDLING,uri=https://localhost:37555/,age=1}
02:33:25.958 [qtp399373008-61] DEBUG org.eclipse.jetty.io.ssl.SslConnection - flush b[0]=HeapByteBuffer@235f32c0[p=0,l=164,c=8192,r=164]={<<<HTTP/1.1 200 OK\r\nDate: Th...y(9.4.44.v20210927)\r\n\r\n>>>\n\r\n\x00\x00\x00\x00\x00\x00...\x00\x00\x00\x00\x00\x00\x00}
02:33:25.958 [qtp399373008-61] DEBUG org.eclipse.jetty.io.ssl.SslConnection - flush b[1]=HeapByteBuffer@c0e9ac1[p=0,l=4,c=512,r=4]={<<<test>>>\x00\x00\x00\x00\x00\x00\x00\x00\x00...\x00\x00\x00\x00\x00\x00\x00}
02:33:25.958 [qtp399373008-61] DEBUG org.eclipse.jetty.io.ssl.SslConnection - flush NOT_HANDSHAKING
02:33:25.958 [qtp399373008-61] DEBUG org.eclipse.jetty.io.ssl.SslConnection - wrap Status = OK HandshakeStatus = NOT_HANDSHAKING bytesConsumed = 168 bytesProduced = 206 [p=0,l=206,c=17408,r=206] ioDone=false/false
02:33:25.958 [qtp399373008-61] DEBUG org.eclipse.jetty.io.ChannelEndPoint - flushed 206 SocketChannelEndPoint@5c9f82db{l=/127.0.0.1:37555,r=/127.0.0.1:51396,OPEN,fill=-,flush=-,to=1/30000}{io=0/0,kio=0,kro=1}->SslConnection@6aa0252e{NOT_HANDSHAKING,eio=-1/0,di=-1,fill=IDLE,flush=IDLE}~>DecryptedEndPoint@32aea543{l=/127.0.0.1:37555,r=/127.0.0.1:51396,OPEN,fill=-,flush=W,to=42/30000}=>HttpConnection@6ba366b0[p=HttpParser{s=CONTENT,0 of -1},g=HttpGenerator@2d630184{s=COMPLETING}]=>HttpChannelOverHttp@13e778d9{s=HttpChannelState@12077482{s=HANDLING rs=BLOCKING os=COMMITTED is=IDLE awp=false se=false i=true al=0},r=1,c=false/false,a=HANDLING,uri=https://localhost:37555/,age=1}
02:33:25.958 [qtp399373008-61] DEBUG org.eclipse.jetty.io.ssl.SslConnection - net flushed=true, ac=true
02:33:25.959 [qtp399373008-61] DEBUG org.eclipse.jetty.io.ssl.SslConnection - <flush true SslConnection@6aa0252e::SocketChannelEndPoint@5c9f82db{l=/127.0.0.1:37555,r=/127.0.0.1:51396,OPEN,fill=-,flush=-,to=0/30000}{io=0/0,kio=0,kro=1}->SslConnection@6aa0252e{NOT_HANDSHAKING,eio=-1/-1,di=-1,fill=IDLE,flush=IDLE}~>DecryptedEndPoint@32aea543{l=/127.0.0.1:37555,r=/127.0.0.1:51396,OPEN,fill=-,flush=W,to=42/30000}=>HttpConnection@6ba366b0[p=HttpParser{s=CONTENT,0 of -1},g=HttpGenerator@2d630184{s=COMPLETING}]=>HttpChannelOverHttp@13e778d9{s=HttpChannelState@12077482{s=HANDLING rs=BLOCKING os=COMMITTED is=IDLE awp=false se=false i=true al=0},r=1,c=false/false,a=HANDLING,uri=https://localhost:37555/,age=2}
02:33:25.959 [qtp399373008-61] DEBUG org.eclipse.jetty.io.WriteFlusher - Flushed=true written=168 remaining=0 WriteFlusher@2216ff8c{WRITING}->null
02:33:25.959 [qtp399373008-61] DEBUG org.eclipse.jetty.io.WriteFlusher - update WriteFlusher@2216ff8c{IDLE}->null:WRITING-->IDLE
02:33:25.959 [main] DEBUG org.apache.nifi.minifi.bootstrap.configuration.ingestors.PullHttpChangeIngestor - Response received: Response{protocol=http/1.1, code=200, message=OK, url=https://localhost:37555/}
02:33:25.959 [qtp399373008-61] DEBUG org.eclipse.jetty.server.HttpConnection - generate: DONE for SendCallback@2822f206[PROCESSING][i=HTTP/1.1{s=200,h=4,cl=4},cb=org.eclipse.jetty.server.HttpChannel$SendCallback@5a36be99] ([p=164,l=164,c=8192,r=0],[p=4,l=4,c=512,r=0],true)@END
02:33:25.959 [qtp399373008-61] DEBUG org.eclipse.jetty.server.HttpOutput - onWriteComplete(true,null) s=CLOSING,api=BLOCKED,sc=false,e=null->s=CLOSED,api=BLOCKING,sc=false,e=null c=null cb=null w=false
02:33:25.959 [qtp399373008-61] DEBUG org.eclipse.jetty.server.HttpOutput - close() s=CLOSED,api=BLOCKING,sc=false,e=null c=null b=null
02:33:25.959 [qtp399373008-61] DEBUG org.eclipse.jetty.server.Server - handled=true async=false committed=true on HttpChannelOverHttp@13e778d9{s=HttpChannelState@12077482{s=HANDLING rs=BLOCKING os=COMPLETED is=IDLE awp=false se=false i=true al=0},r=1,c=false/true,a=HANDLING,uri=https://localhost:37555/,age=2}
02:33:25.959 [main] DEBUG org.apache.nifi.minifi.bootstrap.configuration.ingestors.PullHttpChangeIngestor - Pulled config same as currently running.
02:33:25.959 [qtp399373008-61] DEBUG org.eclipse.jetty.server.HttpChannelState - unhandle HttpChannelState@12077482{s=HANDLING rs=BLOCKING os=COMPLETED is=IDLE awp=false se=false i=true al=0}
02:33:25.959 [qtp399373008-61] DEBUG org.eclipse.jetty.server.HttpChannelState - nextAction(false) COMPLETE HttpChannelState@12077482{s=HANDLING rs=COMPLETING os=COMPLETED is=IDLE awp=false se=false i=false al=0}
02:33:25.959 [qtp399373008-61] DEBUG org.eclipse.jetty.server.HttpChannel - action COMPLETE HttpChannelOverHttp@13e778d9{s=HttpChannelState@12077482{s=HANDLING rs=COMPLETING os=COMPLETED is=IDLE awp=false se=false i=false al=0},r=1,c=false/true,a=HANDLING,uri=https://localhost:37555/,age=2}
02:33:25.959 [qtp399373008-61] DEBUG org.eclipse.jetty.server.HttpOutput - complete(org.eclipse.jetty.util.Callback$3@5de9c07) s=CLOSED,api=BLOCKING,sc=false,e=null s=true e=null, c=null
02:33:25.959 [qtp399373008-61] DEBUG org.eclipse.jetty.server.HttpChannelState - completed HttpChannelState@12077482{s=HANDLING rs=COMPLETING os=COMPLETED is=IDLE awp=false se=false i=false al=0}
02:33:25.959 [qtp399373008-61] DEBUG org.eclipse.jetty.server.HttpChannelState - unhandle HttpChannelState@12077482{s=HANDLING rs=COMPLETED os=COMPLETED is=IDLE awp=false se=false i=false al=0}
02:33:25.959 [qtp399373008-61] DEBUG org.eclipse.jetty.server.HttpChannelState - nextAction(false) TERMINATED HttpChannelState@12077482{s=IDLE rs=COMPLETED os=COMPLETED is=IDLE awp=false se=false i=false al=0}
02:33:25.959 [qtp399373008-61] DEBUG org.eclipse.jetty.server.HttpChannel - action TERMINATED HttpChannelOverHttp@13e778d9{s=HttpChannelState@12077482{s=IDLE rs=COMPLETED os=COMPLETED is=IDLE awp=false se=false i=false al=0},r=1,c=true/true,a=IDLE,uri=https://localhost:37555/,age=2}
02:33:25.959 [qtp399373008-61] DEBUG org.eclipse.jetty.server.HttpChannel - onCompleted for / written=4
]]></system-out>
  </testcase>
  <testcase name="testNoUpdateWithPath" classname="org.apache.nifi.minifi.bootstrap.configuration.ingestors.PullHttpChangeIngestorSSLTest" time="0.071">
    <system-out><![CDATA[02:33:25.959 [qtp399373008-61] DEBUG org.eclipse.jetty.io.ssl.SslConnection - >fill SslConnection@6aa0252e::SocketChannelEndPoint@5c9f82db{l=/127.0.0.1:37555,r=/127.0.0.1:51396,OPEN,fill=-,flush=-,to=0/30000}{io=0/0,kio=0,kro=1}->SslConnection@6aa0252e{NOT_HANDSHAKING,eio=-1/-1,di=-1,fill=IDLE,flush=IDLE}~>DecryptedEndPoint@32aea543{l=/127.0.0.1:37555,r=/127.0.0.1:51396,OPEN,fill=-,flush=-,to=43/30000}=>HttpConnection@6ba366b0[p=HttpParser{s=CONTENT,0 of -1},g=HttpGenerator@2d630184{s=END}]=>HttpChannelOverHttp@13e778d9{s=HttpChannelState@12077482{s=IDLE rs=COMPLETED os=COMPLETED is=IDLE awp=false se=false i=false al=0},r=1,c=true/true,a=IDLE,uri=https://localhost:37555/,age=2}
02:33:25.959 [qtp399373008-61] DEBUG org.eclipse.jetty.io.ssl.SslConnection - fill NOT_HANDSHAKING
02:33:25.959 [qtp399373008-61] DEBUG org.eclipse.jetty.io.ChannelEndPoint - filled 0 HeapByteBuffer@d26bd[p=0,l=0,c=17408,r=0]={<<<>>>GET / HTT...\x00\x00\x00\x00\x00\x00\x00}
02:33:25.959 [qtp399373008-61] DEBUG org.eclipse.jetty.io.ssl.SslConnection - net filled=0
02:33:25.959 [qtp399373008-61] DEBUG org.eclipse.jetty.io.ssl.SslConnection - unwrap net_filled=0 Status = BUFFER_UNDERFLOW HandshakeStatus = NOT_HANDSHAKING bytesConsumed = 0 bytesProduced = 0 encryptedBuffer=[p=0,l=0,c=17408,r=0] unwrapBuffer=HeapByteBuffer@196acfdd[p=0,l=0,c=17408,r=0]={<<<>>>\x17\x03\x03\x03\xAd\x0b\x00\x03\x88...\x00\x00\x00\x00\x00\x00\x00} appBuffer=HeapByteBuffer@196acfdd[p=0,l=0,c=17408,r=0]={<<<>>>\x17\x03\x03\x03\xAd\x0b\x00\x03\x88...\x00\x00\x00\x00\x00\x00\x00}
02:33:25.959 [qtp399373008-61] DEBUG org.eclipse.jetty.io.ssl.SslConnection - <fill f=0 uf=true SslConnection@6aa0252e::SocketChannelEndPoint@5c9f82db{l=/127.0.0.1:37555,r=/127.0.0.1:51396,OPEN,fill=-,flush=-,to=0/30000}{io=0/0,kio=0,kro=1}->SslConnection@6aa0252e{NOT_HANDSHAKING,eio=-1/-1,di=-1,fill=IDLE,flush=IDLE}~>DecryptedEndPoint@32aea543{l=/127.0.0.1:37555,r=/127.0.0.1:51396,OPEN,fill=-,flush=-,to=43/30000}=>HttpConnection@6ba366b0[p=HttpParser{s=CONTENT,0 of -1},g=HttpGenerator@2d630184{s=END}]=>HttpChannelOverHttp@13e778d9{s=HttpChannelState@12077482{s=IDLE rs=COMPLETED os=COMPLETED is=IDLE awp=false se=false i=false al=0},r=1,c=true/true,a=IDLE,uri=https://localhost:37555/,age=2}
02:33:25.959 [qtp399373008-61] DEBUG org.eclipse.jetty.io.ssl.SslConnection - >fill SslConnection@6aa0252e::SocketChannelEndPoint@5c9f82db{l=/127.0.0.1:37555,r=/127.0.0.1:51396,OPEN,fill=-,flush=-,to=0/30000}{io=0/0,kio=0,kro=1}->SslConnection@6aa0252e{NOT_HANDSHAKING,eio=-1/-1,di=-1,fill=IDLE,flush=IDLE}~>DecryptedEndPoint@32aea543{l=/127.0.0.1:37555,r=/127.0.0.1:51396,OPEN,fill=-,flush=-,to=43/30000}=>HttpConnection@6ba366b0[p=HttpParser{s=CONTENT,0 of -1},g=HttpGenerator@2d630184{s=END}]=>HttpChannelOverHttp@13e778d9{s=HttpChannelState@12077482{s=IDLE rs=COMPLETED os=COMPLETED is=IDLE awp=false se=false i=false al=0},r=1,c=true/true,a=IDLE,uri=https://localhost:37555/,age=2}
02:33:25.959 [qtp399373008-61] DEBUG org.eclipse.jetty.io.ssl.SslConnection - fill NOT_HANDSHAKING
02:33:25.959 [qtp399373008-61] DEBUG org.eclipse.jetty.io.ChannelEndPoint - filled 0 HeapByteBuffer@ecac914[p=0,l=0,c=17408,r=0]={<<<>>>\x17\x03\x03\x00\xC93\xAa\x9b\xC7...\x00\x00\x00\x00\x00\x00\x00}
02:33:25.960 [qtp399373008-61] DEBUG org.eclipse.jetty.io.ssl.SslConnection - net filled=0
02:33:25.960 [qtp399373008-61] DEBUG org.eclipse.jetty.io.ssl.SslConnection - unwrap net_filled=0 Status = BUFFER_UNDERFLOW HandshakeStatus = NOT_HANDSHAKING bytesConsumed = 0 bytesProduced = 0 encryptedBuffer=[p=0,l=0,c=17408,r=0] unwrapBuffer=HeapByteBuffer@196acfdd[p=0,l=0,c=17408,r=0]={<<<>>>\x17\x03\x03\x03\xAd\x0b\x00\x03\x88...\x00\x00\x00\x00\x00\x00\x00} appBuffer=HeapByteBuffer@196acfdd[p=0,l=0,c=17408,r=0]={<<<>>>\x17\x03\x03\x03\xAd\x0b\x00\x03\x88...\x00\x00\x00\x00\x00\x00\x00}
02:33:25.960 [qtp399373008-61] DEBUG org.eclipse.jetty.io.ssl.SslConnection - <fill f=0 uf=true SslConnection@6aa0252e::SocketChannelEndPoint@5c9f82db{l=/127.0.0.1:37555,r=/127.0.0.1:51396,OPEN,fill=-,flush=-,to=1/30000}{io=0/0,kio=0,kro=1}->SslConnection@6aa0252e{NOT_HANDSHAKING,eio=-1/-1,di=-1,fill=IDLE,flush=IDLE}~>DecryptedEndPoint@32aea543{l=/127.0.0.1:37555,r=/127.0.0.1:51396,OPEN,fill=-,flush=-,to=43/30000}=>HttpConnection@6ba366b0[p=HttpParser{s=CONTENT,0 of -1},g=HttpGenerator@2d630184{s=END}]=>HttpChannelOverHttp@13e778d9{s=HttpChannelState@12077482{s=IDLE rs=COMPLETED os=COMPLETED is=IDLE awp=false se=false i=false al=0},r=1,c=true/true,a=IDLE,uri=https://localhost:37555/,age=3}
02:33:25.960 [qtp399373008-61] DEBUG org.eclipse.jetty.server.HttpConnection - HttpConnection@6ba366b0::DecryptedEndPoint@32aea543{l=/127.0.0.1:37555,r=/127.0.0.1:51396,OPEN,fill=-,flush=-,to=43/30000} filled 0 HeapByteBuffer@196acfdd[p=0,l=0,c=17408,r=0]={<<<>>>\x17\x03\x03\x03\xAd\x0b\x00\x03\x88...\x00\x00\x00\x00\x00\x00\x00}
02:33:25.960 [qtp399373008-61] DEBUG org.eclipse.jetty.server.HttpConnection - HttpConnection@6ba366b0::DecryptedEndPoint@32aea543{l=/127.0.0.1:37555,r=/127.0.0.1:51396,OPEN,fill=-,flush=-,to=43/30000} parse HeapByteBuffer@196acfdd[p=0,l=0,c=17408,r=0]={<<<>>>\x17\x03\x03\x03\xAd\x0b\x00\x03\x88...\x00\x00\x00\x00\x00\x00\x00} {}
02:33:25.960 [qtp399373008-61] DEBUG org.eclipse.jetty.http.HttpParser - parseNext s=CONTENT HeapByteBuffer@196acfdd[p=0,l=0,c=17408,r=0]={<<<>>>\x17\x03\x03\x03\xAd\x0b\x00\x03\x88...\x00\x00\x00\x00\x00\x00\x00}
02:33:25.960 [qtp399373008-61] DEBUG org.eclipse.jetty.http.HttpParser - CONTENT --> CONTENT_END
02:33:25.960 [qtp399373008-61] DEBUG org.eclipse.jetty.server.HttpChannel - onContentComplete HttpChannelOverHttp@13e778d9{s=HttpChannelState@12077482{s=IDLE rs=COMPLETED os=COMPLETED is=IDLE awp=false se=false i=false al=0},r=1,c=true/true,a=IDLE,uri=https://localhost:37555/,age=3}
02:33:25.960 [qtp399373008-61] DEBUG org.eclipse.jetty.http.HttpParser - CONTENT_END --> END
02:33:25.960 [qtp399373008-61] DEBUG org.eclipse.jetty.server.HttpChannel - onRequestComplete HttpChannelOverHttp@13e778d9{s=HttpChannelState@12077482{s=IDLE rs=COMPLETED os=COMPLETED is=IDLE awp=false se=false i=false al=0},r=1,c=true/true,a=IDLE,uri=https://localhost:37555/,age=3}
02:33:25.960 [qtp399373008-61] DEBUG org.eclipse.jetty.server.HttpInput - HttpInputOverHTTP@3a53ec78[c=0,q=0,[0]=null,s=STREAM] addContent EOF
02:33:25.960 [qtp399373008-61] DEBUG org.eclipse.jetty.server.HttpConnection - HttpConnection@6ba366b0::DecryptedEndPoint@32aea543{l=/127.0.0.1:37555,r=/127.0.0.1:51396,OPEN,fill=-,flush=-,to=43/30000} parsed false HttpParser{s=END,0 of -1}
02:33:25.960 [qtp399373008-61] DEBUG org.eclipse.jetty.server.HttpConnection - releaseRequestBuffer HttpConnection@6ba366b0::DecryptedEndPoint@32aea543{l=/127.0.0.1:37555,r=/127.0.0.1:51396,OPEN,fill=-,flush=-,to=43/30000}
02:33:25.960 [qtp399373008-61] DEBUG org.eclipse.jetty.server.HttpChannelState - recycle HttpChannelState@12077482{s=IDLE rs=COMPLETED os=COMPLETED is=IDLE awp=false se=false i=false al=0}
02:33:25.960 [qtp399373008-61] DEBUG org.eclipse.jetty.http.HttpParser - reset HttpParser{s=END,0 of -1}
02:33:25.960 [qtp399373008-61] DEBUG org.eclipse.jetty.http.HttpParser - END --> START
02:33:25.960 [qtp399373008-61] DEBUG org.eclipse.jetty.server.HttpChannel - !handle TERMINATED HttpChannelOverHttp@13e778d9{s=HttpChannelState@12077482{s=IDLE rs=BLOCKING os=OPEN is=IDLE awp=false se=false i=true al=0},r=1,c=false/false,a=IDLE,uri=null,age=0}
02:33:25.960 [qtp399373008-61] DEBUG org.eclipse.jetty.io.ssl.SslConnection - >fill SslConnection@6aa0252e::SocketChannelEndPoint@5c9f82db{l=/127.0.0.1:37555,r=/127.0.0.1:51396,OPEN,fill=-,flush=-,to=1/30000}{io=0/0,kio=0,kro=1}->SslConnection@6aa0252e{NOT_HANDSHAKING,eio=-1/-1,di=-1,fill=IDLE,flush=IDLE}~>DecryptedEndPoint@32aea543{l=/127.0.0.1:37555,r=/127.0.0.1:51396,OPEN,fill=-,flush=-,to=43/30000}=>HttpConnection@6ba366b0[p=HttpParser{s=START,0 of -1},g=HttpGenerator@2d630184{s=START}]=>HttpChannelOverHttp@13e778d9{s=HttpChannelState@12077482{s=IDLE rs=BLOCKING os=OPEN is=IDLE awp=false se=false i=true al=0},r=1,c=false/false,a=IDLE,uri=null,age=0}
02:33:25.960 [qtp399373008-61] DEBUG org.eclipse.jetty.io.ssl.SslConnection - fill NOT_HANDSHAKING
02:33:25.960 [qtp399373008-61] DEBUG org.eclipse.jetty.io.ChannelEndPoint - filled 0 HeapByteBuffer@ecac914[p=0,l=0,c=17408,r=0]={<<<>>>\x17\x03\x03\x00\xC93\xAa\x9b\xC7...\x00\x00\x00\x00\x00\x00\x00}
02:33:25.960 [qtp399373008-61] DEBUG org.eclipse.jetty.io.ssl.SslConnection - net filled=0
02:33:25.960 [qtp399373008-61] DEBUG org.eclipse.jetty.io.ssl.SslConnection - unwrap net_filled=0 Status = BUFFER_UNDERFLOW HandshakeStatus = NOT_HANDSHAKING bytesConsumed = 0 bytesProduced = 0 encryptedBuffer=[p=0,l=0,c=17408,r=0] unwrapBuffer=HeapByteBuffer@d26bd[p=0,l=0,c=17408,r=0]={<<<>>>GET / HTT...\x00\x00\x00\x00\x00\x00\x00} appBuffer=HeapByteBuffer@d26bd[p=0,l=0,c=17408,r=0]={<<<>>>GET / HTT...\x00\x00\x00\x00\x00\x00\x00}
02:33:25.960 [qtp399373008-61] DEBUG org.eclipse.jetty.io.ssl.SslConnection - <fill f=0 uf=true SslConnection@6aa0252e::SocketChannelEndPoint@5c9f82db{l=/127.0.0.1:37555,r=/127.0.0.1:51396,OPEN,fill=-,flush=-,to=1/30000}{io=0/0,kio=0,kro=1}->SslConnection@6aa0252e{NOT_HANDSHAKING,eio=-1/-1,di=-1,fill=IDLE,flush=IDLE}~>DecryptedEndPoint@32aea543{l=/127.0.0.1:37555,r=/127.0.0.1:51396,OPEN,fill=-,flush=-,to=44/30000}=>HttpConnection@6ba366b0[p=HttpParser{s=START,0 of -1},g=HttpGenerator@2d630184{s=START}]=>HttpChannelOverHttp@13e778d9{s=HttpChannelState@12077482{s=IDLE rs=BLOCKING os=OPEN is=IDLE awp=false se=false i=true al=0},r=1,c=false/false,a=IDLE,uri=null,age=0}
02:33:25.960 [qtp399373008-61] DEBUG org.eclipse.jetty.io.ssl.SslConnection - >fill SslConnection@6aa0252e::SocketChannelEndPoint@5c9f82db{l=/127.0.0.1:37555,r=/127.0.0.1:51396,OPEN,fill=-,flush=-,to=1/30000}{io=0/0,kio=0,kro=1}->SslConnection@6aa0252e{NOT_HANDSHAKING,eio=-1/-1,di=-1,fill=IDLE,flush=IDLE}~>DecryptedEndPoint@32aea543{l=/127.0.0.1:37555,r=/127.0.0.1:51396,OPEN,fill=-,flush=-,to=44/30000}=>HttpConnection@6ba366b0[p=HttpParser{s=START,0 of -1},g=HttpGenerator@2d630184{s=START}]=>HttpChannelOverHttp@13e778d9{s=HttpChannelState@12077482{s=IDLE rs=BLOCKING os=OPEN is=IDLE awp=false se=false i=true al=0},r=1,c=false/false,a=IDLE,uri=null,age=0}
02:33:25.960 [qtp399373008-61] DEBUG org.eclipse.jetty.io.ssl.SslConnection - fill NOT_HANDSHAKING
02:33:25.960 [qtp399373008-61] DEBUG org.eclipse.jetty.io.ChannelEndPoint - filled 0 HeapByteBuffer@196acfdd[p=0,l=0,c=17408,r=0]={<<<>>>\x17\x03\x03\x03\xAd\x0b\x00\x03\x88...\x00\x00\x00\x00\x00\x00\x00}
02:33:25.960 [qtp399373008-61] DEBUG org.eclipse.jetty.io.ssl.SslConnection - net filled=0
02:33:25.960 [qtp399373008-61] DEBUG org.eclipse.jetty.io.ssl.SslConnection - unwrap net_filled=0 Status = BUFFER_UNDERFLOW HandshakeStatus = NOT_HANDSHAKING bytesConsumed = 0 bytesProduced = 0 encryptedBuffer=[p=0,l=0,c=17408,r=0] unwrapBuffer=HeapByteBuffer@d26bd[p=0,l=0,c=17408,r=0]={<<<>>>GET / HTT...\x00\x00\x00\x00\x00\x00\x00} appBuffer=HeapByteBuffer@d26bd[p=0,l=0,c=17408,r=0]={<<<>>>GET / HTT...\x00\x00\x00\x00\x00\x00\x00}
02:33:25.961 [qtp399373008-61] DEBUG org.eclipse.jetty.io.ssl.SslConnection - <fill f=0 uf=true SslConnection@6aa0252e::SocketChannelEndPoint@5c9f82db{l=/127.0.0.1:37555,r=/127.0.0.1:51396,OPEN,fill=-,flush=-,to=2/30000}{io=0/0,kio=0,kro=1}->SslConnection@6aa0252e{NOT_HANDSHAKING,eio=-1/-1,di=-1,fill=IDLE,flush=IDLE}~>DecryptedEndPoint@32aea543{l=/127.0.0.1:37555,r=/127.0.0.1:51396,OPEN,fill=-,flush=-,to=44/30000}=>HttpConnection@6ba366b0[p=HttpParser{s=START,0 of -1},g=HttpGenerator@2d630184{s=START}]=>HttpChannelOverHttp@13e778d9{s=HttpChannelState@12077482{s=IDLE rs=BLOCKING os=OPEN is=IDLE awp=false se=false i=true al=0},r=1,c=false/false,a=IDLE,uri=null,age=0}
02:33:25.961 [qtp399373008-61] DEBUG org.eclipse.jetty.server.HttpConnection - HttpConnection@6ba366b0::DecryptedEndPoint@32aea543{l=/127.0.0.1:37555,r=/127.0.0.1:51396,OPEN,fill=-,flush=-,to=44/30000} filled 0 HeapByteBuffer@d26bd[p=0,l=0,c=17408,r=0]={<<<>>>GET / HTT...\x00\x00\x00\x00\x00\x00\x00}
02:33:25.961 [qtp399373008-61] DEBUG org.eclipse.jetty.server.HttpConnection - HttpConnection@6ba366b0::DecryptedEndPoint@32aea543{l=/127.0.0.1:37555,r=/127.0.0.1:51396,OPEN,fill=-,flush=-,to=44/30000} parse HeapByteBuffer@d26bd[p=0,l=0,c=17408,r=0]={<<<>>>GET / HTT...\x00\x00\x00\x00\x00\x00\x00} {}
02:33:25.961 [qtp399373008-61] DEBUG org.eclipse.jetty.http.HttpParser - parseNext s=START HeapByteBuffer@d26bd[p=0,l=0,c=17408,r=0]={<<<>>>GET / HTT...\x00\x00\x00\x00\x00\x00\x00}
02:33:25.961 [qtp399373008-61] DEBUG org.eclipse.jetty.server.HttpConnection - HttpConnection@6ba366b0::DecryptedEndPoint@32aea543{l=/127.0.0.1:37555,r=/127.0.0.1:51396,OPEN,fill=-,flush=-,to=44/30000} parsed false HttpParser{s=START,0 of -1}
02:33:25.961 [qtp399373008-61] DEBUG org.eclipse.jetty.server.HttpConnection - releaseRequestBuffer HttpConnection@6ba366b0::DecryptedEndPoint@32aea543{l=/127.0.0.1:37555,r=/127.0.0.1:51396,OPEN,fill=-,flush=-,to=44/30000}
02:33:25.961 [main] DEBUG org.apache.nifi.minifi.bootstrap.configuration.ingestors.PullHttpChangeIngestor - Attempting to pull new config
02:33:25.961 [qtp399373008-61] DEBUG org.eclipse.jetty.io.AbstractConnection - fillInterested HttpConnection@6ba366b0::DecryptedEndPoint@32aea543{l=/127.0.0.1:37555,r=/127.0.0.1:51396,OPEN,fill=-,flush=-,to=44/30000}
02:33:25.961 [qtp399373008-61] DEBUG org.eclipse.jetty.io.FillInterest - interested FillInterest@5d85647e{AC.ReadCB@6ba366b0{HttpConnection@6ba366b0::DecryptedEndPoint@32aea543{l=/127.0.0.1:37555,r=/127.0.0.1:51396,OPEN,fill=FI,flush=-,to=0/30000}}}
02:33:25.961 [qtp399373008-61] DEBUG org.eclipse.jetty.io.ssl.SslConnection - >needFillInterest s=IDLE/IDLE uf=true ei=null di=null SslConnection@6aa0252e::SocketChannelEndPoint@5c9f82db{l=/127.0.0.1:37555,r=/127.0.0.1:51396,OPEN,fill=-,flush=-,to=2/30000}{io=0/0,kio=0,kro=1}->SslConnection@6aa0252e{NOT_HANDSHAKING,eio=-1/-1,di=-1,fill=IDLE,flush=IDLE}~>DecryptedEndPoint@32aea543{l=/127.0.0.1:37555,r=/127.0.0.1:51396,OPEN,fill=FI,flush=-,to=0/30000}=>HttpConnection@6ba366b0[p=HttpParser{s=START,0 of -1},g=HttpGenerator@2d630184{s=START}]=>HttpChannelOverHttp@13e778d9{s=HttpChannelState@12077482{s=IDLE rs=BLOCKING os=OPEN is=IDLE awp=false se=false i=true al=0},r=1,c=false/false,a=IDLE,uri=null,age=0}
02:33:25.961 [qtp399373008-61] DEBUG org.eclipse.jetty.io.ssl.SslConnection - <needFillInterest s=IDLE/INTERESTED f=false i=true w=null
02:33:25.961 [qtp399373008-61] DEBUG org.eclipse.jetty.io.ssl.SslConnection - ensureFillInterested SslConnection@6aa0252e::SocketChannelEndPoint@5c9f82db{l=/127.0.0.1:37555,r=/127.0.0.1:51396,OPEN,fill=-,flush=-,to=2/30000}{io=0/0,kio=0,kro=1}->SslConnection@6aa0252e{NOT_HANDSHAKING,eio=-1/-1,di=-1,fill=INTERESTED,flush=IDLE}~>DecryptedEndPoint@32aea543{l=/127.0.0.1:37555,r=/127.0.0.1:51396,OPEN,fill=FI,flush=-,to=0/30000}=>HttpConnection@6ba366b0[p=HttpParser{s=START,0 of -1},g=HttpGenerator@2d630184{s=START}]=>HttpChannelOverHttp@13e778d9{s=HttpChannelState@12077482{s=IDLE rs=BLOCKING os=OPEN is=IDLE awp=false se=false i=true al=0},r=1,c=false/false,a=IDLE,uri=null,age=0}
02:33:25.961 [qtp399373008-61] DEBUG org.eclipse.jetty.io.FillInterest - interested FillInterest@49ee12f1{SSLC.NBReadCB@6aa0252e{SslConnection@6aa0252e::SocketChannelEndPoint@5c9f82db{l=/127.0.0.1:37555,r=/127.0.0.1:51396,OPEN,fill=FI,flush=-,to=0/30000}{io=0/0,kio=0,kro=1}->SslConnection@6aa0252e{NOT_HANDSHAKING,eio=-1/-1,di=-1,fill=INTERESTED,flush=IDLE}~>DecryptedEndPoint@32aea543{l=/127.0.0.1:37555,r=/127.0.0.1:51396,OPEN,fill=FI,flush=-,to=0/30000}=>HttpConnection@6ba366b0[p=HttpParser{s=START,0 of -1},g=HttpGenerator@2d630184{s=START}]=>HttpChannelOverHttp@13e778d9{s=HttpChannelState@12077482{s=IDLE rs=BLOCKING os=OPEN is=IDLE awp=false se=false i=true al=0},r=1,c=false/false,a=IDLE,uri=null,age=0}}}
02:33:25.961 [qtp399373008-61] DEBUG org.eclipse.jetty.io.ChannelEndPoint - changeInterests p=false 0->1 for SocketChannelEndPoint@5c9f82db{l=/127.0.0.1:37555,r=/127.0.0.1:51396,OPEN,fill=FI,flush=-,to=0/30000}{io=0/1,kio=0,kro=1}->SslConnection@6aa0252e{NOT_HANDSHAKING,eio=-1/-1,di=-1,fill=INTERESTED,flush=IDLE}~>DecryptedEndPoint@32aea543{l=/127.0.0.1:37555,r=/127.0.0.1:51396,OPEN,fill=FI,flush=-,to=0/30000}=>HttpConnection@6ba366b0[p=HttpParser{s=START,0 of -1},g=HttpGenerator@2d630184{s=START}]=>HttpChannelOverHttp@13e778d9{s=HttpChannelState@12077482{s=IDLE rs=BLOCKING os=OPEN is=IDLE awp=false se=false i=true al=0},r=1,c=false/false,a=IDLE,uri=null,age=0}
02:33:25.961 [qtp399373008-61] DEBUG org.eclipse.jetty.io.ManagedSelector - Queued change lazy=false org.eclipse.jetty.io.ChannelEndPoint$$Lambda$255/1238156519@228cc7b7 on ManagedSelector@47a86fbb{STARTED} id=2 keys=2 selected=0 updates=0
02:33:25.961 [qtp399373008-61] DEBUG org.eclipse.jetty.io.ManagedSelector - Wakeup on submit ManagedSelector@47a86fbb{STARTED} id=2 keys=2 selected=0 updates=1
02:33:25.961 [qtp399373008-60] DEBUG org.eclipse.jetty.io.ManagedSelector - Selector sun.nio.ch.EPollSelectorImpl@19de0680 woken with none selected
02:33:25.961 [qtp399373008-60] DEBUG org.eclipse.jetty.io.ManagedSelector - Selector sun.nio.ch.EPollSelectorImpl@19de0680 woken up from select, 0/0/2 selected
02:33:25.961 [qtp399373008-60] DEBUG org.eclipse.jetty.io.ManagedSelector - Selector sun.nio.ch.EPollSelectorImpl@19de0680 processing 0 keys, 1 updates
02:33:25.961 [qtp399373008-61] DEBUG org.eclipse.jetty.server.HttpConnection - HttpConnection@6ba366b0::DecryptedEndPoint@32aea543{l=/127.0.0.1:37555,r=/127.0.0.1:51396,OPEN,fill=FI,flush=-,to=0/30000} onFillable exit HttpChannelState@12077482{s=IDLE rs=BLOCKING os=OPEN is=IDLE awp=false se=false i=true al=0} null
02:33:25.961 [qtp399373008-59-acceptor-0@4795ded0-ServerConnector@2374d36a{SSL, (ssl, http/1.1)}{localhost:37555}] DEBUG org.eclipse.jetty.io.ManagedSelector - Queued change lazy=false Accept@35aef210[java.nio.channels.SocketChannel[connected local=/127.0.0.1:37555 remote=/127.0.0.1:51408]] on ManagedSelector@7bb6ab3a{STARTED} id=3 keys=1 selected=0 updates=0
02:33:25.961 [qtp399373008-60] DEBUG org.eclipse.jetty.io.ManagedSelector - updateable 1
02:33:25.961 [qtp399373008-59-acceptor-0@4795ded0-ServerConnector@2374d36a{SSL, (ssl, http/1.1)}{localhost:37555}] DEBUG org.eclipse.jetty.io.ManagedSelector - Wakeup on submit ManagedSelector@7bb6ab3a{STARTED} id=3 keys=1 selected=0 updates=1
02:33:25.961 [qtp399373008-60] DEBUG org.eclipse.jetty.io.ManagedSelector - update org.eclipse.jetty.io.ChannelEndPoint$$Lambda$255/1238156519@228cc7b7
02:33:25.961 [qtp399373008-62] DEBUG org.eclipse.jetty.io.ManagedSelector - Selector sun.nio.ch.EPollSelectorImpl@26508338 woken with none selected
02:33:25.961 [qtp399373008-61] DEBUG org.eclipse.jetty.io.ssl.SslConnection - <c.onFillable SslConnection@6aa0252e::SocketChannelEndPoint@5c9f82db{l=/127.0.0.1:37555,r=/127.0.0.1:51396,OPEN,fill=FI,flush=-,to=0/30000}{io=0/1,kio=0,kro=1}->SslConnection@6aa0252e{NOT_HANDSHAKING,eio=-1/-1,di=-1,fill=INTERESTED,flush=IDLE}~>DecryptedEndPoint@32aea543{l=/127.0.0.1:37555,r=/127.0.0.1:51396,OPEN,fill=FI,flush=-,to=0/30000}=>HttpConnection@6ba366b0[p=HttpParser{s=START,0 of -1},g=HttpGenerator@2d630184{s=START}]=>HttpChannelOverHttp@13e778d9{s=HttpChannelState@12077482{s=IDLE rs=BLOCKING os=OPEN is=IDLE awp=false se=false i=true al=0},r=1,c=false/false,a=IDLE,uri=null,age=0}
02:33:25.961 [qtp399373008-60] DEBUG org.eclipse.jetty.io.ChannelEndPoint - Key interests updated 0 -> 1 on SocketChannelEndPoint@5c9f82db{l=/127.0.0.1:37555,r=/127.0.0.1:51396,OPEN,fill=FI,flush=-,to=0/30000}{io=1/1,kio=1,kro=1}->SslConnection@6aa0252e{NOT_HANDSHAKING,eio=-1/-1,di=-1,fill=INTERESTED,flush=IDLE}~>DecryptedEndPoint@32aea543{l=/127.0.0.1:37555,r=/127.0.0.1:51396,OPEN,fill=FI,flush=-,to=0/30000}=>HttpConnection@6ba366b0[p=HttpParser{s=START,0 of -1},g=HttpGenerator@2d630184{s=START}]=>HttpChannelOverHttp@13e778d9{s=HttpChannelState@12077482{s=IDLE rs=BLOCKING os=OPEN is=IDLE awp=false se=false i=true al=0},r=1,c=false/false,a=IDLE,uri=null,age=0}
02:33:25.961 [qtp399373008-61] DEBUG org.eclipse.jetty.util.thread.ReservedThreadExecutor - ReservedThread@6cc6bc95{RUNNING,thread=Thread[qtp399373008-61,5,main]} was=RUNNING next=RESERVED size=0+2 capacity=8
02:33:25.962 [qtp399373008-60] DEBUG org.eclipse.jetty.io.ManagedSelector - updates 0
02:33:25.961 [qtp399373008-62] DEBUG org.eclipse.jetty.io.ManagedSelector - Selector sun.nio.ch.EPollSelectorImpl@26508338 woken up from select, 0/0/1 selected
02:33:25.962 [qtp399373008-61] DEBUG org.eclipse.jetty.util.thread.ReservedThreadExecutor - ReservedThread@6cc6bc95{RESERVED,thread=Thread[qtp399373008-61,5,main]} waiting ReservedThreadExecutor@424fd310{reserved=2/8,pending=0}
02:33:25.962 [qtp399373008-60] DEBUG org.eclipse.jetty.io.ManagedSelector - Selector sun.nio.ch.EPollSelectorImpl@19de0680 waiting with 2 keys
02:33:25.962 [qtp399373008-62] DEBUG org.eclipse.jetty.io.ManagedSelector - Selector sun.nio.ch.EPollSelectorImpl@26508338 processing 0 keys, 1 updates
02:33:25.962 [qtp399373008-62] DEBUG org.eclipse.jetty.io.ManagedSelector - updateable 1
02:33:25.962 [qtp399373008-62] DEBUG org.eclipse.jetty.io.ManagedSelector - update Accept@35aef210[java.nio.channels.SocketChannel[connected local=/127.0.0.1:37555 remote=/127.0.0.1:51408]]
02:33:25.962 [qtp399373008-62] DEBUG org.eclipse.jetty.util.thread.QueuedThreadPool - queue Accept@35aef210[java.nio.channels.SocketChannel[connected local=/127.0.0.1:37555 remote=/127.0.0.1:51408]] startThread=0
02:33:25.962 [qtp399373008-62] DEBUG org.eclipse.jetty.io.ManagedSelector - updates 0
02:33:25.962 [qtp399373008-62] DEBUG org.eclipse.jetty.io.ManagedSelector - Selector sun.nio.ch.EPollSelectorImpl@26508338 waiting with 2 keys
02:33:25.962 [qtp399373008-55] DEBUG org.eclipse.jetty.util.thread.QueuedThreadPool - run Accept@35aef210[java.nio.channels.SocketChannel[connected local=/127.0.0.1:37555 remote=/127.0.0.1:51408]] in QueuedThreadPool[qtp399373008]@17cdf2d0{STARTED,8<=8<=200,i=0,r=-1,q=0}[ReservedThreadExecutor@424fd310{reserved=2/8,pending=0}]
02:33:25.962 [qtp399373008-55] DEBUG org.eclipse.jetty.io.IdleTimeout - SocketChannelEndPoint@17569d43{l=/127.0.0.1:37555,r=/127.0.0.1:51408,OPEN,fill=-,flush=-,to=0/30000}{io=0/0,kio=0,kro=0}-><null> idle timeout check, elapsed: 0 ms, remaining: 30000 ms
02:33:25.962 [qtp399373008-55] DEBUG org.eclipse.jetty.util.ssl.SslContextFactory - Customize sun.security.ssl.SSLEngineImpl@6106ad43
02:33:25.962 [qtp399373008-55] DEBUG org.eclipse.jetty.server.HttpChannel - new HttpChannelOverHttp@58465208{s=HttpChannelState@1c3387c8{s=IDLE rs=BLOCKING os=OPEN is=IDLE awp=false se=false i=true al=0},r=0,c=false/false,a=IDLE,uri=null,age=0} -> DecryptedEndPoint@3f2cbd88{l=/127.0.0.1:37555,r=/127.0.0.1:51408,OPEN,fill=-,flush=-,to=0/30000},null,HttpChannelState@1c3387c8{s=IDLE rs=BLOCKING os=OPEN is=IDLE awp=false se=false i=true al=0}
02:33:25.962 [qtp399373008-55] DEBUG org.eclipse.jetty.server.HttpConnection - New HTTP Connection HttpConnection@6b94739b::DecryptedEndPoint@3f2cbd88{l=/127.0.0.1:37555,r=/127.0.0.1:51408,OPEN,fill=-,flush=-,to=0/30000}
02:33:25.962 [qtp399373008-55] DEBUG org.eclipse.jetty.io.ManagedSelector - Queued change lazy=true org.eclipse.jetty.io.ManagedSelector$$Lambda$258/1710399120@1a8baf3 on ManagedSelector@7bb6ab3a{STARTED} id=3 keys=2 selected=0 updates=0
02:33:25.963 [qtp399373008-55] DEBUG org.eclipse.jetty.io.AbstractEndPoint - onOpen SocketChannelEndPoint@17569d43{l=/127.0.0.1:37555,r=/127.0.0.1:51408,OPEN,fill=-,flush=-,to=0/30000}{io=0/0,kio=0,kro=0}->SslConnection@12560c9{NOT_HANDSHAKING,eio=-1/-1,di=-1,fill=IDLE,flush=IDLE}~>DecryptedEndPoint@3f2cbd88{l=/127.0.0.1:37555,r=/127.0.0.1:51408,OPEN,fill=-,flush=-,to=0/30000}=>HttpConnection@6b94739b[p=HttpParser{s=START,0 of -1},g=HttpGenerator@5b3f5d98{s=START}]=>HttpChannelOverHttp@58465208{s=HttpChannelState@1c3387c8{s=IDLE rs=BLOCKING os=OPEN is=IDLE awp=false se=false i=true al=0},r=0,c=false/false,a=IDLE,uri=null,age=0}
02:33:25.963 [qtp399373008-55] DEBUG org.eclipse.jetty.io.AbstractConnection - onOpen SslConnection@12560c9::SocketChannelEndPoint@17569d43{l=/127.0.0.1:37555,r=/127.0.0.1:51408,OPEN,fill=-,flush=-,to=0/30000}{io=0/0,kio=0,kro=0}->SslConnection@12560c9{NOT_HANDSHAKING,eio=-1/-1,di=-1,fill=IDLE,flush=IDLE}~>DecryptedEndPoint@3f2cbd88{l=/127.0.0.1:37555,r=/127.0.0.1:51408,OPEN,fill=-,flush=-,to=0/30000}=>HttpConnection@6b94739b[p=HttpParser{s=START,0 of -1},g=HttpGenerator@5b3f5d98{s=START}]=>HttpChannelOverHttp@58465208{s=HttpChannelState@1c3387c8{s=IDLE rs=BLOCKING os=OPEN is=IDLE awp=false se=false i=true al=0},r=0,c=false/false,a=IDLE,uri=null,age=0}
02:33:25.963 [qtp399373008-55] DEBUG org.eclipse.jetty.io.AbstractConnection - onOpen HttpConnection@6b94739b::DecryptedEndPoint@3f2cbd88{l=/127.0.0.1:37555,r=/127.0.0.1:51408,OPEN,fill=-,flush=-,to=0/30000}
02:33:25.963 [qtp399373008-55] DEBUG org.eclipse.jetty.io.AbstractConnection - fillInterested HttpConnection@6b94739b::DecryptedEndPoint@3f2cbd88{l=/127.0.0.1:37555,r=/127.0.0.1:51408,OPEN,fill=-,flush=-,to=0/30000}
02:33:25.963 [qtp399373008-55] DEBUG org.eclipse.jetty.io.FillInterest - interested FillInterest@13ffe5cf{AC.ReadCB@6b94739b{HttpConnection@6b94739b::DecryptedEndPoint@3f2cbd88{l=/127.0.0.1:37555,r=/127.0.0.1:51408,OPEN,fill=FI,flush=-,to=0/30000}}}
02:33:25.963 [qtp399373008-55] DEBUG org.eclipse.jetty.io.ssl.SslConnection - >needFillInterest s=IDLE/IDLE uf=false ei=null di=null SslConnection@12560c9::SocketChannelEndPoint@17569d43{l=/127.0.0.1:37555,r=/127.0.0.1:51408,OPEN,fill=-,flush=-,to=0/30000}{io=0/0,kio=0,kro=0}->SslConnection@12560c9{NOT_HANDSHAKING,eio=-1/-1,di=-1,fill=IDLE,flush=IDLE}~>DecryptedEndPoint@3f2cbd88{l=/127.0.0.1:37555,r=/127.0.0.1:51408,OPEN,fill=FI,flush=-,to=0/30000}=>HttpConnection@6b94739b[p=HttpParser{s=START,0 of -1},g=HttpGenerator@5b3f5d98{s=START}]=>HttpChannelOverHttp@58465208{s=HttpChannelState@1c3387c8{s=IDLE rs=BLOCKING os=OPEN is=IDLE awp=false se=false i=true al=0},r=0,c=false/false,a=IDLE,uri=null,age=0}
02:33:25.963 [qtp399373008-55] DEBUG org.eclipse.jetty.io.ssl.SslConnection - <needFillInterest s=IDLE/INTERESTED f=false i=true w=null
02:33:25.963 [qtp399373008-55] DEBUG org.eclipse.jetty.io.ssl.SslConnection - ensureFillInterested SslConnection@12560c9::SocketChannelEndPoint@17569d43{l=/127.0.0.1:37555,r=/127.0.0.1:51408,OPEN,fill=-,flush=-,to=0/30000}{io=0/0,kio=0,kro=0}->SslConnection@12560c9{NOT_HANDSHAKING,eio=-1/-1,di=-1,fill=INTERESTED,flush=IDLE}~>DecryptedEndPoint@3f2cbd88{l=/127.0.0.1:37555,r=/127.0.0.1:51408,OPEN,fill=FI,flush=-,to=0/30000}=>HttpConnection@6b94739b[p=HttpParser{s=START,0 of -1},g=HttpGenerator@5b3f5d98{s=START}]=>HttpChannelOverHttp@58465208{s=HttpChannelState@1c3387c8{s=IDLE rs=BLOCKING os=OPEN is=IDLE awp=false se=false i=true al=0},r=0,c=false/false,a=IDLE,uri=null,age=0}
02:33:25.963 [qtp399373008-55] DEBUG org.eclipse.jetty.io.FillInterest - interested FillInterest@5744ba61{SSLC.NBReadCB@12560c9{SslConnection@12560c9::SocketChannelEndPoint@17569d43{l=/127.0.0.1:37555,r=/127.0.0.1:51408,OPEN,fill=FI,flush=-,to=0/30000}{io=0/0,kio=0,kro=0}->SslConnection@12560c9{NOT_HANDSHAKING,eio=-1/-1,di=-1,fill=INTERESTED,flush=IDLE}~>DecryptedEndPoint@3f2cbd88{l=/127.0.0.1:37555,r=/127.0.0.1:51408,OPEN,fill=FI,flush=-,to=0/30000}=>HttpConnection@6b94739b[p=HttpParser{s=START,0 of -1},g=HttpGenerator@5b3f5d98{s=START}]=>HttpChannelOverHttp@58465208{s=HttpChannelState@1c3387c8{s=IDLE rs=BLOCKING os=OPEN is=IDLE awp=false se=false i=true al=0},r=0,c=false/false,a=IDLE,uri=null,age=0}}}
02:33:25.963 [qtp399373008-55] DEBUG org.eclipse.jetty.io.ChannelEndPoint - changeInterests p=false 0->1 for SocketChannelEndPoint@17569d43{l=/127.0.0.1:37555,r=/127.0.0.1:51408,OPEN,fill=FI,flush=-,to=0/30000}{io=0/1,kio=0,kro=0}->SslConnection@12560c9{NOT_HANDSHAKING,eio=-1/-1,di=-1,fill=INTERESTED,flush=IDLE}~>DecryptedEndPoint@3f2cbd88{l=/127.0.0.1:37555,r=/127.0.0.1:51408,OPEN,fill=FI,flush=-,to=0/30000}=>HttpConnection@6b94739b[p=HttpParser{s=START,0 of -1},g=HttpGenerator@5b3f5d98{s=START}]=>HttpChannelOverHttp@58465208{s=HttpChannelState@1c3387c8{s=IDLE rs=BLOCKING os=OPEN is=IDLE awp=false se=false i=true al=0},r=0,c=false/false,a=IDLE,uri=null,age=0}
02:33:25.963 [qtp399373008-55] DEBUG org.eclipse.jetty.io.ManagedSelector - Queued change lazy=false org.eclipse.jetty.io.ChannelEndPoint$$Lambda$255/1238156519@7d4dab68 on ManagedSelector@7bb6ab3a{STARTED} id=3 keys=2 selected=0 updates=1
02:33:25.963 [qtp399373008-55] DEBUG org.eclipse.jetty.io.ManagedSelector - Wakeup on submit ManagedSelector@7bb6ab3a{STARTED} id=3 keys=2 selected=0 updates=2
02:33:25.963 [qtp399373008-62] DEBUG org.eclipse.jetty.io.ManagedSelector - Selector sun.nio.ch.EPollSelectorImpl@26508338 woken with none selected
02:33:25.963 [qtp399373008-62] DEBUG org.eclipse.jetty.io.ManagedSelector - Selector sun.nio.ch.EPollSelectorImpl@26508338 woken up from select, 0/0/2 selected
02:33:25.963 [qtp399373008-55] DEBUG org.eclipse.jetty.io.ManagedSelector - Created SocketChannelEndPoint@17569d43{l=/127.0.0.1:37555,r=/127.0.0.1:51408,OPEN,fill=FI,flush=-,to=0/30000}{io=0/1,kio=0,kro=0}->SslConnection@12560c9{NOT_HANDSHAKING,eio=-1/-1,di=-1,fill=INTERESTED,flush=IDLE}~>DecryptedEndPoint@3f2cbd88{l=/127.0.0.1:37555,r=/127.0.0.1:51408,OPEN,fill=FI,flush=-,to=0/30000}=>HttpConnection@6b94739b[p=HttpParser{s=START,0 of -1},g=HttpGenerator@5b3f5d98{s=START}]=>HttpChannelOverHttp@58465208{s=HttpChannelState@1c3387c8{s=IDLE rs=BLOCKING os=OPEN is=IDLE awp=false se=false i=true al=0},r=0,c=false/false,a=IDLE,uri=null,age=0}
02:33:25.963 [qtp399373008-62] DEBUG org.eclipse.jetty.io.ManagedSelector - Selector sun.nio.ch.EPollSelectorImpl@26508338 processing 0 keys, 2 updates
02:33:25.963 [qtp399373008-62] DEBUG org.eclipse.jetty.io.ManagedSelector - updateable 2
02:33:25.963 [qtp399373008-62] DEBUG org.eclipse.jetty.io.ManagedSelector - update org.eclipse.jetty.io.ManagedSelector$$Lambda$258/1710399120@1a8baf3
02:33:25.963 [qtp399373008-55] DEBUG org.eclipse.jetty.util.thread.QueuedThreadPool - ran Accept@35aef210[java.nio.channels.SocketChannel[connected local=/127.0.0.1:37555 remote=/127.0.0.1:51408]] in QueuedThreadPool[qtp399373008]@17cdf2d0{STARTED,8<=8<=200,i=0,r=-1,q=0}[ReservedThreadExecutor@424fd310{reserved=2/8,pending=0}]
02:33:25.963 [qtp399373008-62] DEBUG org.eclipse.jetty.io.ManagedSelector - update org.eclipse.jetty.io.ChannelEndPoint$$Lambda$255/1238156519@7d4dab68
02:33:25.963 [qtp399373008-62] DEBUG org.eclipse.jetty.io.ChannelEndPoint - Key interests updated 0 -> 1 on SocketChannelEndPoint@17569d43{l=/127.0.0.1:37555,r=/127.0.0.1:51408,OPEN,fill=FI,flush=-,to=0/30000}{io=1/1,kio=1,kro=0}->SslConnection@12560c9{NOT_HANDSHAKING,eio=-1/-1,di=-1,fill=INTERESTED,flush=IDLE}~>DecryptedEndPoint@3f2cbd88{l=/127.0.0.1:37555,r=/127.0.0.1:51408,OPEN,fill=FI,flush=-,to=0/30000}=>HttpConnection@6b94739b[p=HttpParser{s=START,0 of -1},g=HttpGenerator@5b3f5d98{s=START}]=>HttpChannelOverHttp@58465208{s=HttpChannelState@1c3387c8{s=IDLE rs=BLOCKING os=OPEN is=IDLE awp=false se=false i=true al=0},r=0,c=false/false,a=IDLE,uri=null,age=0}
02:33:25.963 [qtp399373008-62] DEBUG org.eclipse.jetty.io.ManagedSelector - updates 0
02:33:25.963 [qtp399373008-62] DEBUG org.eclipse.jetty.io.ManagedSelector - Selector sun.nio.ch.EPollSelectorImpl@26508338 waiting with 2 keys
02:33:25.964 [qtp399373008-62] DEBUG org.eclipse.jetty.io.ManagedSelector - Selector sun.nio.ch.EPollSelectorImpl@26508338 woken up from select, 1/1/2 selected
02:33:25.964 [qtp399373008-62] DEBUG org.eclipse.jetty.io.ManagedSelector - Selector sun.nio.ch.EPollSelectorImpl@26508338 processing 1 keys, 0 updates
02:33:25.964 [qtp399373008-62] DEBUG org.eclipse.jetty.io.ManagedSelector - selected 1 sun.nio.ch.SelectionKeyImpl@5d6d5771 SocketChannelEndPoint@17569d43{l=/127.0.0.1:37555,r=/127.0.0.1:51408,OPEN,fill=FI,flush=-,to=1/30000}{io=1/1,kio=1,kro=1}->SslConnection@12560c9{NOT_HANDSHAKING,eio=-1/-1,di=-1,fill=INTERESTED,flush=IDLE}~>DecryptedEndPoint@3f2cbd88{l=/127.0.0.1:37555,r=/127.0.0.1:51408,OPEN,fill=FI,flush=-,to=1/30000}=>HttpConnection@6b94739b[p=HttpParser{s=START,0 of -1},g=HttpGenerator@5b3f5d98{s=START}]=>HttpChannelOverHttp@58465208{s=HttpChannelState@1c3387c8{s=IDLE rs=BLOCKING os=OPEN is=IDLE awp=false se=false i=true al=0},r=0,c=false/false,a=IDLE,uri=null,age=0} 
02:33:25.964 [qtp399373008-62] DEBUG org.eclipse.jetty.io.ChannelEndPoint - onSelected 1->0 r=true w=false for SocketChannelEndPoint@17569d43{l=/127.0.0.1:37555,r=/127.0.0.1:51408,OPEN,fill=FI,flush=-,to=1/30000}{io=1/0,kio=1,kro=1}->SslConnection@12560c9{NOT_HANDSHAKING,eio=-1/-1,di=-1,fill=INTERESTED,flush=IDLE}~>DecryptedEndPoint@3f2cbd88{l=/127.0.0.1:37555,r=/127.0.0.1:51408,OPEN,fill=FI,flush=-,to=1/30000}=>HttpConnection@6b94739b[p=HttpParser{s=START,0 of -1},g=HttpGenerator@5b3f5d98{s=START}]=>HttpChannelOverHttp@58465208{s=HttpChannelState@1c3387c8{s=IDLE rs=BLOCKING os=OPEN is=IDLE awp=false se=false i=true al=0},r=0,c=false/false,a=IDLE,uri=null,age=0}
02:33:25.964 [qtp399373008-62] DEBUG org.eclipse.jetty.io.ChannelEndPoint - task CEP:SocketChannelEndPoint@17569d43{l=/127.0.0.1:37555,r=/127.0.0.1:51408,OPEN,fill=FI,flush=-,to=1/30000}{io=1/0,kio=1,kro=1}->SslConnection@12560c9{NOT_HANDSHAKING,eio=-1/-1,di=-1,fill=INTERESTED,flush=IDLE}~>DecryptedEndPoint@3f2cbd88{l=/127.0.0.1:37555,r=/127.0.0.1:51408,OPEN,fill=FI,flush=-,to=1/30000}=>HttpConnection@6b94739b[p=HttpParser{s=START,0 of -1},g=HttpGenerator@5b3f5d98{s=START}]=>HttpChannelOverHttp@58465208{s=HttpChannelState@1c3387c8{s=IDLE rs=BLOCKING os=OPEN is=IDLE awp=false se=false i=true al=0},r=0,c=false/false,a=IDLE,uri=null,age=0}:runFillable:BLOCKING
02:33:25.965 [qtp399373008-62] DEBUG org.eclipse.jetty.util.thread.ReservedThreadExecutor - ReservedThreadExecutor@424fd310{reserved=2/8,pending=0} tryExecute EatWhatYouKill@f478a81/SelectorProducer@19553973/PRODUCING/p=false/QueuedThreadPool[qtp399373008]@17cdf2d0{STARTED,8<=8<=200,i=1,r=-1,q=0}[ReservedThreadExecutor@424fd310{reserved=2/8,pending=0}][pc=0,pic=0,pec=0,epc=3]@2024-05-02T02:33:25.965+01:00
02:33:25.965 [qtp399373008-61] DEBUG org.eclipse.jetty.util.thread.ReservedThreadExecutor - ReservedThread@6cc6bc95{RESERVED,thread=Thread[qtp399373008-61,5,main]} task=EatWhatYouKill@f478a81/SelectorProducer@19553973/IDLE/p=true/QueuedThreadPool[qtp399373008]@17cdf2d0{STARTED,8<=8<=200,i=1,r=-1,q=0}[ReservedThreadExecutor@424fd310{reserved=1/8,pending=0}][pc=0,pic=0,pec=0,epc=3]@2024-05-02T02:33:25.965+01:00 ReservedThreadExecutor@424fd310{reserved=1/8,pending=0}
02:33:25.965 [qtp399373008-62] DEBUG org.eclipse.jetty.util.thread.strategy.EatWhatYouKill - EatWhatYouKill@f478a81/SelectorProducer@19553973/IDLE/p=true/QueuedThreadPool[qtp399373008]@17cdf2d0{STARTED,8<=8<=200,i=1,r=-1,q=0}[ReservedThreadExecutor@424fd310{reserved=1/8,pending=0}][pc=0,pic=0,pec=0,epc=3]@2024-05-02T02:33:25.965+01:00 m=EXECUTE_PRODUCE_CONSUME t=CEP:SocketChannelEndPoint@17569d43{l=/127.0.0.1:37555,r=/127.0.0.1:51408,OPEN,fill=FI,flush=-,to=1/30000}{io=1/0,kio=1,kro=1}->SslConnection@12560c9{NOT_HANDSHAKING,eio=-1/-1,di=-1,fill=INTERESTED,flush=IDLE}~>DecryptedEndPoint@3f2cbd88{l=/127.0.0.1:37555,r=/127.0.0.1:51408,OPEN,fill=FI,flush=-,to=2/30000}=>HttpConnection@6b94739b[p=HttpParser{s=START,0 of -1},g=HttpGenerator@5b3f5d98{s=START}]=>HttpChannelOverHttp@58465208{s=HttpChannelState@1c3387c8{s=IDLE rs=BLOCKING os=OPEN is=IDLE awp=false se=false i=true al=0},r=0,c=false/false,a=IDLE,uri=null,age=0}:runFillable:BLOCKING/BLOCKING
02:33:25.965 [qtp399373008-61] DEBUG org.eclipse.jetty.util.thread.strategy.EatWhatYouKill - EatWhatYouKill@f478a81/SelectorProducer@19553973/IDLE/p=true/QueuedThreadPool[qtp399373008]@17cdf2d0{STARTED,8<=8<=200,i=1,r=-1,q=0}[ReservedThreadExecutor@424fd310{reserved=1/8,pending=0}][pc=0,pic=0,pec=0,epc=3]@2024-05-02T02:33:25.965+01:00 tryProduce true
02:33:25.965 [qtp399373008-61] DEBUG org.eclipse.jetty.io.ManagedSelector - updateable 0
02:33:25.965 [qtp399373008-61] DEBUG org.eclipse.jetty.io.ManagedSelector - updates 0
02:33:25.965 [qtp399373008-62] DEBUG org.eclipse.jetty.io.FillInterest - fillable FillInterest@5744ba61{SSLC.NBReadCB@12560c9{SslConnection@12560c9::SocketChannelEndPoint@17569d43{l=/127.0.0.1:37555,r=/127.0.0.1:51408,OPEN,fill=FI,flush=-,to=2/30000}{io=1/0,kio=1,kro=1}->SslConnection@12560c9{NOT_HANDSHAKING,eio=-1/-1,di=-1,fill=INTERESTED,flush=IDLE}~>DecryptedEndPoint@3f2cbd88{l=/127.0.0.1:37555,r=/127.0.0.1:51408,OPEN,fill=FI,flush=-,to=2/30000}=>HttpConnection@6b94739b[p=HttpParser{s=START,0 of -1},g=HttpGenerator@5b3f5d98{s=START}]=>HttpChannelOverHttp@58465208{s=HttpChannelState@1c3387c8{s=IDLE rs=BLOCKING os=OPEN is=IDLE awp=false se=false i=true al=0},r=0,c=false/false,a=IDLE,uri=null,age=0}}}
02:33:25.965 [qtp399373008-61] DEBUG org.eclipse.jetty.io.ChannelEndPoint - Key interests updated 1 -> 0 on SocketChannelEndPoint@17569d43{l=/127.0.0.1:37555,r=/127.0.0.1:51408,OPEN,fill=FI,flush=-,to=2/30000}{io=0/0,kio=0,kro=1}->SslConnection@12560c9{NOT_HANDSHAKING,eio=-1/-1,di=-1,fill=INTERESTED,flush=IDLE}~>DecryptedEndPoint@3f2cbd88{l=/127.0.0.1:37555,r=/127.0.0.1:51408,OPEN,fill=FI,flush=-,to=2/30000}=>HttpConnection@6b94739b[p=HttpParser{s=START,0 of -1},g=HttpGenerator@5b3f5d98{s=START}]=>HttpChannelOverHttp@58465208{s=HttpChannelState@1c3387c8{s=IDLE rs=BLOCKING os=OPEN is=IDLE awp=false se=false i=true al=0},r=0,c=false/false,a=IDLE,uri=null,age=0}
02:33:25.965 [qtp399373008-61] DEBUG org.eclipse.jetty.io.ManagedSelector - Selector sun.nio.ch.EPollSelectorImpl@26508338 waiting with 2 keys
02:33:25.965 [qtp399373008-62] DEBUG org.eclipse.jetty.io.ssl.SslConnection - >c.onFillable SslConnection@12560c9::SocketChannelEndPoint@17569d43{l=/127.0.0.1:37555,r=/127.0.0.1:51408,OPEN,fill=-,flush=-,to=2/30000}{io=0/0,kio=0,kro=1}->SslConnection@12560c9{NOT_HANDSHAKING,eio=-1/-1,di=-1,fill=INTERESTED,flush=IDLE}~>DecryptedEndPoint@3f2cbd88{l=/127.0.0.1:37555,r=/127.0.0.1:51408,OPEN,fill=FI,flush=-,to=2/30000}=>HttpConnection@6b94739b[p=HttpParser{s=START,0 of -1},g=HttpGenerator@5b3f5d98{s=START}]=>HttpChannelOverHttp@58465208{s=HttpChannelState@1c3387c8{s=IDLE rs=BLOCKING os=OPEN is=IDLE awp=false se=false i=true al=0},r=0,c=false/false,a=IDLE,uri=null,age=0}
02:33:25.965 [qtp399373008-62] DEBUG org.eclipse.jetty.io.ssl.SslConnection - onFillable SslConnection@12560c9::SocketChannelEndPoint@17569d43{l=/127.0.0.1:37555,r=/127.0.0.1:51408,OPEN,fill=-,flush=-,to=2/30000}{io=0/0,kio=0,kro=1}->SslConnection@12560c9{NOT_HANDSHAKING,eio=-1/-1,di=-1,fill=INTERESTED,flush=IDLE}~>DecryptedEndPoint@3f2cbd88{l=/127.0.0.1:37555,r=/127.0.0.1:51408,OPEN,fill=FI,flush=-,to=2/30000}=>HttpConnection@6b94739b[p=HttpParser{s=START,0 of -1},g=HttpGenerator@5b3f5d98{s=START}]=>HttpChannelOverHttp@58465208{s=HttpChannelState@1c3387c8{s=IDLE rs=BLOCKING os=OPEN is=IDLE awp=false se=false i=true al=0},r=0,c=false/false,a=IDLE,uri=null,age=0}
02:33:25.966 [qtp399373008-62] DEBUG org.eclipse.jetty.io.FillInterest - fillable FillInterest@13ffe5cf{AC.ReadCB@6b94739b{HttpConnection@6b94739b::DecryptedEndPoint@3f2cbd88{l=/127.0.0.1:37555,r=/127.0.0.1:51408,OPEN,fill=FI,flush=-,to=2/30000}}}
02:33:25.966 [qtp399373008-62] DEBUG org.eclipse.jetty.server.HttpConnection - HttpConnection@6b94739b::DecryptedEndPoint@3f2cbd88{l=/127.0.0.1:37555,r=/127.0.0.1:51408,OPEN,fill=-,flush=-,to=2/30000} onFillable enter HttpChannelState@1c3387c8{s=IDLE rs=BLOCKING os=OPEN is=IDLE awp=false se=false i=true al=0} null
02:33:25.966 [qtp399373008-62] DEBUG org.eclipse.jetty.io.ssl.SslConnection - >fill SslConnection@12560c9::SocketChannelEndPoint@17569d43{l=/127.0.0.1:37555,r=/127.0.0.1:51408,OPEN,fill=-,flush=-,to=2/30000}{io=0/0,kio=0,kro=1}->SslConnection@12560c9{NOT_HANDSHAKING,eio=-1/-1,di=-1,fill=IDLE,flush=IDLE}~>DecryptedEndPoint@3f2cbd88{l=/127.0.0.1:37555,r=/127.0.0.1:51408,OPEN,fill=-,flush=-,to=2/30000}=>HttpConnection@6b94739b[p=HttpParser{s=START,0 of -1},g=HttpGenerator@5b3f5d98{s=START}]=>HttpChannelOverHttp@58465208{s=HttpChannelState@1c3387c8{s=IDLE rs=BLOCKING os=OPEN is=IDLE awp=false se=false i=true al=0},r=0,c=false/false,a=IDLE,uri=null,age=0}
02:33:25.966 [qtp399373008-62] DEBUG org.eclipse.jetty.io.ssl.SslConnection - fill NOT_HANDSHAKING
02:33:25.966 [qtp399373008-62] DEBUG org.eclipse.jetty.io.ChannelEndPoint - filled 339 HeapByteBuffer@196acfdd[p=0,l=339,c=17408,r=339]={<<<\x16\x03\x03\x01N\x01\x00\x01J\x03\x03\x17\xB2Cd\x17\xC2@HI\x84\xD9\xAc@\xE7...k\x02H\xA9\x9ckR\xB8&R\xEc\xBb\xFd\xF6\r\rV&\xFf\x01\x00\x01\x00>>>\xF9\xFb}{\xC0\xFag\xC6G...\x00\x00\x00\x00\x00\x00\x00}
02:33:25.966 [qtp399373008-62] DEBUG org.eclipse.jetty.io.ssl.SslConnection - net filled=339
02:33:25.966 [qtp399373008-62] DEBUG org.eclipse.jetty.io.ssl.SslConnection - fill starting handshake SslConnection@12560c9::SocketChannelEndPoint@17569d43{l=/127.0.0.1:37555,r=/127.0.0.1:51408,OPEN,fill=-,flush=-,to=0/30000}{io=0/0,kio=0,kro=1}->SslConnection@12560c9{NOT_HANDSHAKING,eio=339/-1,di=-1,fill=IDLE,flush=IDLE}~>DecryptedEndPoint@3f2cbd88{l=/127.0.0.1:37555,r=/127.0.0.1:51408,OPEN,fill=-,flush=-,to=3/30000}=>HttpConnection@6b94739b[p=HttpParser{s=START,0 of -1},g=HttpGenerator@5b3f5d98{s=START}]=>HttpChannelOverHttp@58465208{s=HttpChannelState@1c3387c8{s=IDLE rs=BLOCKING os=OPEN is=IDLE awp=false se=false i=true al=0},r=0,c=false/false,a=IDLE,uri=null,age=0}
02:33:25.967 [qtp399373008-62] DEBUG org.eclipse.jetty.io.ssl.SslConnection - unwrap net_filled=339 Status = OK HandshakeStatus = NEED_TASK bytesConsumed = 339 bytesProduced = 0 encryptedBuffer=[p=339,l=339,c=17408,r=0] unwrapBuffer=HeapByteBuffer@ecac914[p=0,l=0,c=17408,r=0]={<<<>>>\x17\x03\x03\x00\xC93\xAa\x9b\xC7...\x00\x00\x00\x00\x00\x00\x00} appBuffer=HeapByteBuffer@ecac914[p=0,l=0,c=17408,r=0]={<<<>>>\x17\x03\x03\x00\xC93\xAa\x9b\xC7...\x00\x00\x00\x00\x00\x00\x00}
02:33:25.967 [qtp399373008-62] DEBUG org.eclipse.jetty.io.ssl.SslConnection - fill NEED_TASK
02:33:25.976 [qtp399373008-62] DEBUG org.eclipse.jetty.io.ssl.SslConnection - fill NEED_WRAP
02:33:25.976 [qtp399373008-62] DEBUG org.eclipse.jetty.io.ssl.SslConnection - >flush SslConnection@12560c9::SocketChannelEndPoint@17569d43{l=/127.0.0.1:37555,r=/127.0.0.1:51408,OPEN,fill=-,flush=-,to=10/30000}{io=0/0,kio=0,kro=1}->SslConnection@12560c9{NEED_WRAP,eio=0/-1,di=-1,fill=IDLE,flush=IDLE}~>DecryptedEndPoint@3f2cbd88{l=/127.0.0.1:37555,r=/127.0.0.1:51408,OPEN,fill=-,flush=-,to=13/30000}=>HttpConnection@6b94739b[p=HttpParser{s=START,0 of -1},g=HttpGenerator@5b3f5d98{s=START}]=>HttpChannelOverHttp@58465208{s=HttpChannelState@1c3387c8{s=IDLE rs=BLOCKING os=OPEN is=IDLE awp=false se=false i=true al=0},r=0,c=false/false,a=IDLE,uri=null,age=0}
02:33:25.976 [qtp399373008-62] DEBUG org.eclipse.jetty.io.ssl.SslConnection - flush b[0]=HeapByteBuffer@98da274[p=0,l=0,c=0,r=0]={<<<>>>}
02:33:25.976 [qtp399373008-62] DEBUG org.eclipse.jetty.io.ssl.SslConnection - flush NEED_WRAP
02:33:25.976 [qtp399373008-62] DEBUG org.eclipse.jetty.io.ssl.SslConnection - wrap Status = OK HandshakeStatus = NEED_WRAP bytesConsumed = 0 bytesProduced = 160 [p=0,l=160,c=17408,r=160] ioDone=false/false
02:33:25.976 [qtp399373008-62] DEBUG org.eclipse.jetty.io.ChannelEndPoint - flushed 160 SocketChannelEndPoint@17569d43{l=/127.0.0.1:37555,r=/127.0.0.1:51408,OPEN,fill=-,flush=-,to=10/30000}{io=0/0,kio=0,kro=1}->SslConnection@12560c9{NEED_WRAP,eio=0/0,di=-1,fill=IDLE,flush=IDLE}~>DecryptedEndPoint@3f2cbd88{l=/127.0.0.1:37555,r=/127.0.0.1:51408,OPEN,fill=-,flush=-,to=13/30000}=>HttpConnection@6b94739b[p=HttpParser{s=START,0 of -1},g=HttpGenerator@5b3f5d98{s=START}]=>HttpChannelOverHttp@58465208{s=HttpChannelState@1c3387c8{s=IDLE rs=BLOCKING os=OPEN is=IDLE awp=false se=false i=true al=0},r=0,c=false/false,a=IDLE,uri=null,age=0}
02:33:25.977 [qtp399373008-62] DEBUG org.eclipse.jetty.io.ssl.SslConnection - net flushed=true, ac=true
02:33:25.977 [qtp399373008-62] DEBUG org.eclipse.jetty.io.ssl.SslConnection - flush NEED_WRAP
02:33:25.977 [qtp399373008-62] DEBUG org.eclipse.jetty.io.ssl.SslConnection - wrap Status = OK HandshakeStatus = NEED_WRAP bytesConsumed = 0 bytesProduced = 6 [p=0,l=6,c=17408,r=6] ioDone=false/false
02:33:25.977 [qtp399373008-62] DEBUG org.eclipse.jetty.io.ChannelEndPoint - flushed 6 SocketChannelEndPoint@17569d43{l=/127.0.0.1:37555,r=/127.0.0.1:51408,OPEN,fill=-,flush=-,to=0/30000}{io=0/0,kio=0,kro=1}->SslConnection@12560c9{NEED_WRAP,eio=0/0,di=-1,fill=IDLE,flush=IDLE}~>DecryptedEndPoint@3f2cbd88{l=/127.0.0.1:37555,r=/127.0.0.1:51408,OPEN,fill=-,flush=-,to=13/30000}=>HttpConnection@6b94739b[p=HttpParser{s=START,0 of -1},g=HttpGenerator@5b3f5d98{s=START}]=>HttpChannelOverHttp@58465208{s=HttpChannelState@1c3387c8{s=IDLE rs=BLOCKING os=OPEN is=IDLE awp=false se=false i=true al=0},r=0,c=false/false,a=IDLE,uri=null,age=0}
02:33:25.977 [qtp399373008-62] DEBUG org.eclipse.jetty.io.ssl.SslConnection - net flushed=true, ac=true
02:33:25.977 [qtp399373008-62] DEBUG org.eclipse.jetty.io.ssl.SslConnection - flush NEED_WRAP
02:33:25.977 [qtp399373008-62] DEBUG org.eclipse.jetty.io.ssl.SslConnection - wrap Status = OK HandshakeStatus = NEED_UNWRAP bytesConsumed = 0 bytesProduced = 1597 [p=0,l=1597,c=17408,r=1597] ioDone=false/false
02:33:25.977 [qtp399373008-62] DEBUG org.eclipse.jetty.io.ChannelEndPoint - flushed 1597 SocketChannelEndPoint@17569d43{l=/127.0.0.1:37555,r=/127.0.0.1:51408,OPEN,fill=-,flush=-,to=0/30000}{io=0/0,kio=0,kro=1}->SslConnection@12560c9{NEED_UNWRAP,eio=0/0,di=-1,fill=IDLE,flush=IDLE}~>DecryptedEndPoint@3f2cbd88{l=/127.0.0.1:37555,r=/127.0.0.1:51408,OPEN,fill=-,flush=-,to=14/30000}=>HttpConnection@6b94739b[p=HttpParser{s=START,0 of -1},g=HttpGenerator@5b3f5d98{s=START}]=>HttpChannelOverHttp@58465208{s=HttpChannelState@1c3387c8{s=IDLE rs=BLOCKING os=OPEN is=IDLE awp=false se=false i=true al=0},r=0,c=false/false,a=IDLE,uri=null,age=0}
02:33:25.977 [qtp399373008-62] DEBUG org.eclipse.jetty.io.ssl.SslConnection - net flushed=true, ac=true
02:33:25.977 [qtp399373008-62] DEBUG org.eclipse.jetty.io.ssl.SslConnection - <flush true SslConnection@12560c9::SocketChannelEndPoint@17569d43{l=/127.0.0.1:37555,r=/127.0.0.1:51408,OPEN,fill=-,flush=-,to=0/30000}{io=0/0,kio=0,kro=1}->SslConnection@12560c9{NEED_UNWRAP,eio=0/-1,di=-1,fill=IDLE,flush=IDLE}~>DecryptedEndPoint@3f2cbd88{l=/127.0.0.1:37555,r=/127.0.0.1:51408,OPEN,fill=-,flush=-,to=14/30000}=>HttpConnection@6b94739b[p=HttpParser{s=START,0 of -1},g=HttpGenerator@5b3f5d98{s=START}]=>HttpChannelOverHttp@58465208{s=HttpChannelState@1c3387c8{s=IDLE rs=BLOCKING os=OPEN is=IDLE awp=false se=false i=true al=0},r=0,c=false/false,a=IDLE,uri=null,age=0}
02:33:25.977 [qtp399373008-62] DEBUG org.eclipse.jetty.io.ssl.SslConnection - fill NEED_UNWRAP
02:33:25.978 [qtp399373008-62] DEBUG org.eclipse.jetty.io.ChannelEndPoint - filled 0 HeapByteBuffer@196acfdd[p=0,l=0,c=17408,r=0]={<<<>>>\x16\x03\x03\x01N\x01\x00\x01J...\x00\x00\x00\x00\x00\x00\x00}
02:33:25.978 [qtp399373008-62] DEBUG org.eclipse.jetty.io.ssl.SslConnection - net filled=0
02:33:25.978 [qtp399373008-62] DEBUG org.eclipse.jetty.io.ssl.SslConnection - unwrap net_filled=0 Status = BUFFER_UNDERFLOW HandshakeStatus = NEED_UNWRAP bytesConsumed = 0 bytesProduced = 0 encryptedBuffer=[p=0,l=0,c=17408,r=0] unwrapBuffer=HeapByteBuffer@ecac914[p=0,l=0,c=17408,r=0]={<<<>>>\x17\x03\x03\x00\xC93\xAa\x9b\xC7...\x00\x00\x00\x00\x00\x00\x00} appBuffer=HeapByteBuffer@ecac914[p=0,l=0,c=17408,r=0]={<<<>>>\x17\x03\x03\x00\xC93\xAa\x9b\xC7...\x00\x00\x00\x00\x00\x00\x00}
02:33:25.978 [qtp399373008-62] DEBUG org.eclipse.jetty.io.ssl.SslConnection - <fill f=0 uf=true SslConnection@12560c9::SocketChannelEndPoint@17569d43{l=/127.0.0.1:37555,r=/127.0.0.1:51408,OPEN,fill=-,flush=-,to=0/30000}{io=0/0,kio=0,kro=1}->SslConnection@12560c9{NEED_UNWRAP,eio=-1/-1,di=-1,fill=IDLE,flush=IDLE}~>DecryptedEndPoint@3f2cbd88{l=/127.0.0.1:37555,r=/127.0.0.1:51408,OPEN,fill=-,flush=-,to=14/30000}=>HttpConnection@6b94739b[p=HttpParser{s=START,0 of -1},g=HttpGenerator@5b3f5d98{s=START}]=>HttpChannelOverHttp@58465208{s=HttpChannelState@1c3387c8{s=IDLE rs=BLOCKING os=OPEN is=IDLE awp=false se=false i=true al=0},r=0,c=false/false,a=IDLE,uri=null,age=0}
02:33:25.978 [qtp399373008-62] DEBUG org.eclipse.jetty.io.ssl.SslConnection - >fill SslConnection@12560c9::SocketChannelEndPoint@17569d43{l=/127.0.0.1:37555,r=/127.0.0.1:51408,OPEN,fill=-,flush=-,to=0/30000}{io=0/0,kio=0,kro=1}->SslConnection@12560c9{NEED_UNWRAP,eio=-1/-1,di=-1,fill=IDLE,flush=IDLE}~>DecryptedEndPoint@3f2cbd88{l=/127.0.0.1:37555,r=/127.0.0.1:51408,OPEN,fill=-,flush=-,to=14/30000}=>HttpConnection@6b94739b[p=HttpParser{s=START,0 of -1},g=HttpGenerator@5b3f5d98{s=START}]=>HttpChannelOverHttp@58465208{s=HttpChannelState@1c3387c8{s=IDLE rs=BLOCKING os=OPEN is=IDLE awp=false se=false i=true al=0},r=0,c=false/false,a=IDLE,uri=null,age=0}
02:33:25.978 [qtp399373008-62] DEBUG org.eclipse.jetty.io.ssl.SslConnection - fill NEED_UNWRAP
02:33:25.978 [qtp399373008-62] DEBUG org.eclipse.jetty.io.ChannelEndPoint - filled 0 HeapByteBuffer@d26bd[p=0,l=0,c=17408,r=0]={<<<>>>\x17\x03\x03\x068\xD1P\\Q...\x00\x00\x00\x00\x00\x00\x00}
02:33:25.978 [qtp399373008-62] DEBUG org.eclipse.jetty.io.ssl.SslConnection - net filled=0
02:33:25.978 [qtp399373008-62] DEBUG org.eclipse.jetty.io.ssl.SslConnection - unwrap net_filled=0 Status = BUFFER_UNDERFLOW HandshakeStatus = NEED_UNWRAP bytesConsumed = 0 bytesProduced = 0 encryptedBuffer=[p=0,l=0,c=17408,r=0] unwrapBuffer=HeapByteBuffer@ecac914[p=0,l=0,c=17408,r=0]={<<<>>>\x17\x03\x03\x00\xC93\xAa\x9b\xC7...\x00\x00\x00\x00\x00\x00\x00} appBuffer=HeapByteBuffer@ecac914[p=0,l=0,c=17408,r=0]={<<<>>>\x17\x03\x03\x00\xC93\xAa\x9b\xC7...\x00\x00\x00\x00\x00\x00\x00}
02:33:25.978 [qtp399373008-62] DEBUG org.eclipse.jetty.io.ssl.SslConnection - <fill f=0 uf=true SslConnection@12560c9::SocketChannelEndPoint@17569d43{l=/127.0.0.1:37555,r=/127.0.0.1:51408,OPEN,fill=-,flush=-,to=0/30000}{io=0/0,kio=0,kro=1}->SslConnection@12560c9{NEED_UNWRAP,eio=-1/-1,di=-1,fill=IDLE,flush=IDLE}~>DecryptedEndPoint@3f2cbd88{l=/127.0.0.1:37555,r=/127.0.0.1:51408,OPEN,fill=-,flush=-,to=15/30000}=>HttpConnection@6b94739b[p=HttpParser{s=START,0 of -1},g=HttpGenerator@5b3f5d98{s=START}]=>HttpChannelOverHttp@58465208{s=HttpChannelState@1c3387c8{s=IDLE rs=BLOCKING os=OPEN is=IDLE awp=false se=false i=true al=0},r=0,c=false/false,a=IDLE,uri=null,age=0}
02:33:25.978 [qtp399373008-62] DEBUG org.eclipse.jetty.server.HttpConnection - HttpConnection@6b94739b::DecryptedEndPoint@3f2cbd88{l=/127.0.0.1:37555,r=/127.0.0.1:51408,OPEN,fill=-,flush=-,to=15/30000} filled 0 HeapByteBuffer@ecac914[p=0,l=0,c=17408,r=0]={<<<>>>\x17\x03\x03\x00\xC93\xAa\x9b\xC7...\x00\x00\x00\x00\x00\x00\x00}
02:33:25.978 [qtp399373008-62] DEBUG org.eclipse.jetty.server.HttpConnection - HttpConnection@6b94739b::DecryptedEndPoint@3f2cbd88{l=/127.0.0.1:37555,r=/127.0.0.1:51408,OPEN,fill=-,flush=-,to=15/30000} parse HeapByteBuffer@ecac914[p=0,l=0,c=17408,r=0]={<<<>>>\x17\x03\x03\x00\xC93\xAa\x9b\xC7...\x00\x00\x00\x00\x00\x00\x00} {}
02:33:25.978 [qtp399373008-62] DEBUG org.eclipse.jetty.http.HttpParser - parseNext s=START HeapByteBuffer@ecac914[p=0,l=0,c=17408,r=0]={<<<>>>\x17\x03\x03\x00\xC93\xAa\x9b\xC7...\x00\x00\x00\x00\x00\x00\x00}
02:33:25.978 [qtp399373008-62] DEBUG org.eclipse.jetty.server.HttpConnection - HttpConnection@6b94739b::DecryptedEndPoint@3f2cbd88{l=/127.0.0.1:37555,r=/127.0.0.1:51408,OPEN,fill=-,flush=-,to=15/30000} parsed false HttpParser{s=START,0 of -1}
02:33:25.978 [qtp399373008-62] DEBUG org.eclipse.jetty.server.HttpConnection - releaseRequestBuffer HttpConnection@6b94739b::DecryptedEndPoint@3f2cbd88{l=/127.0.0.1:37555,r=/127.0.0.1:51408,OPEN,fill=-,flush=-,to=15/30000}
02:33:25.978 [qtp399373008-62] DEBUG org.eclipse.jetty.io.AbstractConnection - fillInterested HttpConnection@6b94739b::DecryptedEndPoint@3f2cbd88{l=/127.0.0.1:37555,r=/127.0.0.1:51408,OPEN,fill=-,flush=-,to=15/30000}
02:33:25.978 [qtp399373008-62] DEBUG org.eclipse.jetty.io.FillInterest - interested FillInterest@13ffe5cf{AC.ReadCB@6b94739b{HttpConnection@6b94739b::DecryptedEndPoint@3f2cbd88{l=/127.0.0.1:37555,r=/127.0.0.1:51408,OPEN,fill=FI,flush=-,to=0/30000}}}
02:33:25.978 [qtp399373008-62] DEBUG org.eclipse.jetty.io.ssl.SslConnection - >needFillInterest s=IDLE/IDLE uf=true ei=null di=null SslConnection@12560c9::SocketChannelEndPoint@17569d43{l=/127.0.0.1:37555,r=/127.0.0.1:51408,OPEN,fill=-,flush=-,to=0/30000}{io=0/0,kio=0,kro=1}->SslConnection@12560c9{NEED_UNWRAP,eio=-1/-1,di=-1,fill=IDLE,flush=IDLE}~>DecryptedEndPoint@3f2cbd88{l=/127.0.0.1:37555,r=/127.0.0.1:51408,OPEN,fill=FI,flush=-,to=0/30000}=>HttpConnection@6b94739b[p=HttpParser{s=START,0 of -1},g=HttpGenerator@5b3f5d98{s=START}]=>HttpChannelOverHttp@58465208{s=HttpChannelState@1c3387c8{s=IDLE rs=BLOCKING os=OPEN is=IDLE awp=false se=false i=true al=0},r=0,c=false/false,a=IDLE,uri=null,age=0}
02:33:25.978 [qtp399373008-62] DEBUG org.eclipse.jetty.io.ssl.SslConnection - <needFillInterest s=IDLE/INTERESTED f=false i=true w=null
02:33:25.978 [qtp399373008-62] DEBUG org.eclipse.jetty.io.ssl.SslConnection - ensureFillInterested SslConnection@12560c9::SocketChannelEndPoint@17569d43{l=/127.0.0.1:37555,r=/127.0.0.1:51408,OPEN,fill=-,flush=-,to=0/30000}{io=0/0,kio=0,kro=1}->SslConnection@12560c9{NEED_UNWRAP,eio=-1/-1,di=-1,fill=INTERESTED,flush=IDLE}~>DecryptedEndPoint@3f2cbd88{l=/127.0.0.1:37555,r=/127.0.0.1:51408,OPEN,fill=FI,flush=-,to=0/30000}=>HttpConnection@6b94739b[p=HttpParser{s=START,0 of -1},g=HttpGenerator@5b3f5d98{s=START}]=>HttpChannelOverHttp@58465208{s=HttpChannelState@1c3387c8{s=IDLE rs=BLOCKING os=OPEN is=IDLE awp=false se=false i=true al=0},r=0,c=false/false,a=IDLE,uri=null,age=0}
02:33:25.978 [qtp399373008-62] DEBUG org.eclipse.jetty.io.FillInterest - interested FillInterest@5744ba61{SSLC.NBReadCB@12560c9{SslConnection@12560c9::SocketChannelEndPoint@17569d43{l=/127.0.0.1:37555,r=/127.0.0.1:51408,OPEN,fill=FI,flush=-,to=0/30000}{io=0/0,kio=0,kro=1}->SslConnection@12560c9{NEED_UNWRAP,eio=-1/-1,di=-1,fill=INTERESTED,flush=IDLE}~>DecryptedEndPoint@3f2cbd88{l=/127.0.0.1:37555,r=/127.0.0.1:51408,OPEN,fill=FI,flush=-,to=0/30000}=>HttpConnection@6b94739b[p=HttpParser{s=START,0 of -1},g=HttpGenerator@5b3f5d98{s=START}]=>HttpChannelOverHttp@58465208{s=HttpChannelState@1c3387c8{s=IDLE rs=BLOCKING os=OPEN is=IDLE awp=false se=false i=true al=0},r=0,c=false/false,a=IDLE,uri=null,age=0}}}
02:33:25.978 [qtp399373008-62] DEBUG org.eclipse.jetty.io.ChannelEndPoint - changeInterests p=false 0->1 for SocketChannelEndPoint@17569d43{l=/127.0.0.1:37555,r=/127.0.0.1:51408,OPEN,fill=FI,flush=-,to=0/30000}{io=0/1,kio=0,kro=1}->SslConnection@12560c9{NEED_UNWRAP,eio=-1/-1,di=-1,fill=INTERESTED,flush=IDLE}~>DecryptedEndPoint@3f2cbd88{l=/127.0.0.1:37555,r=/127.0.0.1:51408,OPEN,fill=FI,flush=-,to=0/30000}=>HttpConnection@6b94739b[p=HttpParser{s=START,0 of -1},g=HttpGenerator@5b3f5d98{s=START}]=>HttpChannelOverHttp@58465208{s=HttpChannelState@1c3387c8{s=IDLE rs=BLOCKING os=OPEN is=IDLE awp=false se=false i=true al=0},r=0,c=false/false,a=IDLE,uri=null,age=0}
02:33:25.978 [qtp399373008-62] DEBUG org.eclipse.jetty.io.ManagedSelector - Queued change lazy=false org.eclipse.jetty.io.ChannelEndPoint$$Lambda$255/1238156519@7d4dab68 on ManagedSelector@7bb6ab3a{STARTED} id=3 keys=2 selected=0 updates=0
02:33:25.978 [qtp399373008-62] DEBUG org.eclipse.jetty.io.ManagedSelector - Wakeup on submit ManagedSelector@7bb6ab3a{STARTED} id=3 keys=2 selected=0 updates=1
02:33:25.978 [qtp399373008-62] DEBUG org.eclipse.jetty.server.HttpConnection - HttpConnection@6b94739b::DecryptedEndPoint@3f2cbd88{l=/127.0.0.1:37555,r=/127.0.0.1:51408,OPEN,fill=FI,flush=-,to=0/30000} onFillable exit HttpChannelState@1c3387c8{s=IDLE rs=BLOCKING os=OPEN is=IDLE awp=false se=false i=true al=0} null
02:33:25.978 [qtp399373008-61] DEBUG org.eclipse.jetty.io.ManagedSelector - Selector sun.nio.ch.EPollSelectorImpl@26508338 woken with none selected
02:33:25.978 [qtp399373008-61] DEBUG org.eclipse.jetty.io.ManagedSelector - Selector sun.nio.ch.EPollSelectorImpl@26508338 woken up from select, 0/0/2 selected
02:33:25.979 [qtp399373008-61] DEBUG org.eclipse.jetty.io.ManagedSelector - Selector sun.nio.ch.EPollSelectorImpl@26508338 processing 0 keys, 1 updates
02:33:25.979 [qtp399373008-61] DEBUG org.eclipse.jetty.io.ManagedSelector - updateable 1
02:33:25.979 [qtp399373008-62] DEBUG org.eclipse.jetty.io.ssl.SslConnection - <c.onFillable SslConnection@12560c9::SocketChannelEndPoint@17569d43{l=/127.0.0.1:37555,r=/127.0.0.1:51408,OPEN,fill=FI,flush=-,to=0/30000}{io=0/1,kio=0,kro=1}->SslConnection@12560c9{NEED_UNWRAP,eio=-1/-1,di=-1,fill=INTERESTED,flush=IDLE}~>DecryptedEndPoint@3f2cbd88{l=/127.0.0.1:37555,r=/127.0.0.1:51408,OPEN,fill=FI,flush=-,to=0/30000}=>HttpConnection@6b94739b[p=HttpParser{s=START,0 of -1},g=HttpGenerator@5b3f5d98{s=START}]=>HttpChannelOverHttp@58465208{s=HttpChannelState@1c3387c8{s=IDLE rs=BLOCKING os=OPEN is=IDLE awp=false se=false i=true al=0},r=0,c=false/false,a=IDLE,uri=null,age=0}
02:33:25.979 [qtp399373008-61] DEBUG org.eclipse.jetty.io.ManagedSelector - update org.eclipse.jetty.io.ChannelEndPoint$$Lambda$255/1238156519@7d4dab68
02:33:25.980 [qtp399373008-62] DEBUG org.eclipse.jetty.util.thread.ReservedThreadExecutor - ReservedThread@2da1f821{RUNNING,thread=Thread[qtp399373008-62,5,main]} was=RUNNING next=RESERVED size=0+2 capacity=8
02:33:25.980 [qtp399373008-61] DEBUG org.eclipse.jetty.io.ChannelEndPoint - Key interests updated 0 -> 1 on SocketChannelEndPoint@17569d43{l=/127.0.0.1:37555,r=/127.0.0.1:51408,OPEN,fill=FI,flush=-,to=0/30000}{io=1/1,kio=1,kro=1}->SslConnection@12560c9{NEED_UNWRAP,eio=-1/-1,di=-1,fill=INTERESTED,flush=IDLE}~>DecryptedEndPoint@3f2cbd88{l=/127.0.0.1:37555,r=/127.0.0.1:51408,OPEN,fill=FI,flush=-,to=1/30000}=>HttpConnection@6b94739b[p=HttpParser{s=START,0 of -1},g=HttpGenerator@5b3f5d98{s=START}]=>HttpChannelOverHttp@58465208{s=HttpChannelState@1c3387c8{s=IDLE rs=BLOCKING os=OPEN is=IDLE awp=false se=false i=true al=0},r=0,c=false/false,a=IDLE,uri=null,age=0}
02:33:25.980 [qtp399373008-62] DEBUG org.eclipse.jetty.util.thread.ReservedThreadExecutor - ReservedThread@2da1f821{RESERVED,thread=Thread[qtp399373008-62,5,main]} waiting ReservedThreadExecutor@424fd310{reserved=2/8,pending=0}
02:33:25.980 [qtp399373008-61] DEBUG org.eclipse.jetty.io.ManagedSelector - updates 0
02:33:25.980 [qtp399373008-61] DEBUG org.eclipse.jetty.io.ManagedSelector - Selector sun.nio.ch.EPollSelectorImpl@26508338 waiting with 2 keys
02:33:25.981 [qtp399373008-61] DEBUG org.eclipse.jetty.io.ManagedSelector - Selector sun.nio.ch.EPollSelectorImpl@26508338 woken up from select, 1/1/2 selected
02:33:25.981 [qtp399373008-61] DEBUG org.eclipse.jetty.io.ManagedSelector - Selector sun.nio.ch.EPollSelectorImpl@26508338 processing 1 keys, 0 updates
02:33:25.981 [qtp399373008-61] DEBUG org.eclipse.jetty.io.ManagedSelector - selected 1 sun.nio.ch.SelectionKeyImpl@5d6d5771 SocketChannelEndPoint@17569d43{l=/127.0.0.1:37555,r=/127.0.0.1:51408,OPEN,fill=FI,flush=-,to=2/30000}{io=1/1,kio=1,kro=1}->SslConnection@12560c9{NEED_UNWRAP,eio=-1/-1,di=-1,fill=INTERESTED,flush=IDLE}~>DecryptedEndPoint@3f2cbd88{l=/127.0.0.1:37555,r=/127.0.0.1:51408,OPEN,fill=FI,flush=-,to=2/30000}=>HttpConnection@6b94739b[p=HttpParser{s=START,0 of -1},g=HttpGenerator@5b3f5d98{s=START}]=>HttpChannelOverHttp@58465208{s=HttpChannelState@1c3387c8{s=IDLE rs=BLOCKING os=OPEN is=IDLE awp=false se=false i=true al=0},r=0,c=false/false,a=IDLE,uri=null,age=0} 
02:33:25.981 [qtp399373008-61] DEBUG org.eclipse.jetty.io.ChannelEndPoint - onSelected 1->0 r=true w=false for SocketChannelEndPoint@17569d43{l=/127.0.0.1:37555,r=/127.0.0.1:51408,OPEN,fill=FI,flush=-,to=2/30000}{io=1/0,kio=1,kro=1}->SslConnection@12560c9{NEED_UNWRAP,eio=-1/-1,di=-1,fill=INTERESTED,flush=IDLE}~>DecryptedEndPoint@3f2cbd88{l=/127.0.0.1:37555,r=/127.0.0.1:51408,OPEN,fill=FI,flush=-,to=2/30000}=>HttpConnection@6b94739b[p=HttpParser{s=START,0 of -1},g=HttpGenerator@5b3f5d98{s=START}]=>HttpChannelOverHttp@58465208{s=HttpChannelState@1c3387c8{s=IDLE rs=BLOCKING os=OPEN is=IDLE awp=false se=false i=true al=0},r=0,c=false/false,a=IDLE,uri=null,age=0}
02:33:25.981 [qtp399373008-61] DEBUG org.eclipse.jetty.io.ChannelEndPoint - task CEP:SocketChannelEndPoint@17569d43{l=/127.0.0.1:37555,r=/127.0.0.1:51408,OPEN,fill=FI,flush=-,to=2/30000}{io=1/0,kio=1,kro=1}->SslConnection@12560c9{NEED_UNWRAP,eio=-1/-1,di=-1,fill=INTERESTED,flush=IDLE}~>DecryptedEndPoint@3f2cbd88{l=/127.0.0.1:37555,r=/127.0.0.1:51408,OPEN,fill=FI,flush=-,to=3/30000}=>HttpConnection@6b94739b[p=HttpParser{s=START,0 of -1},g=HttpGenerator@5b3f5d98{s=START}]=>HttpChannelOverHttp@58465208{s=HttpChannelState@1c3387c8{s=IDLE rs=BLOCKING os=OPEN is=IDLE awp=false se=false i=true al=0},r=0,c=false/false,a=IDLE,uri=null,age=0}:runFillable:BLOCKING
02:33:25.981 [qtp399373008-61] DEBUG org.eclipse.jetty.util.thread.ReservedThreadExecutor - ReservedThreadExecutor@424fd310{reserved=2/8,pending=0} tryExecute EatWhatYouKill@f478a81/SelectorProducer@19553973/PRODUCING/p=false/QueuedThreadPool[qtp399373008]@17cdf2d0{STARTED,8<=8<=200,i=1,r=-1,q=0}[ReservedThreadExecutor@424fd310{reserved=2/8,pending=0}][pc=0,pic=0,pec=0,epc=4]@2024-05-02T02:33:25.981+01:00
02:33:25.981 [qtp399373008-61] DEBUG org.eclipse.jetty.util.thread.strategy.EatWhatYouKill - EatWhatYouKill@f478a81/SelectorProducer@19553973/IDLE/p=true/QueuedThreadPool[qtp399373008]@17cdf2d0{STARTED,8<=8<=200,i=1,r=-1,q=0}[ReservedThreadExecutor@424fd310{reserved=1/8,pending=0}][pc=0,pic=0,pec=0,epc=4]@2024-05-02T02:33:25.981+01:00 m=EXECUTE_PRODUCE_CONSUME t=CEP:SocketChannelEndPoint@17569d43{l=/127.0.0.1:37555,r=/127.0.0.1:51408,OPEN,fill=FI,flush=-,to=3/30000}{io=1/0,kio=1,kro=1}->SslConnection@12560c9{NEED_UNWRAP,eio=-1/-1,di=-1,fill=INTERESTED,flush=IDLE}~>DecryptedEndPoint@3f2cbd88{l=/127.0.0.1:37555,r=/127.0.0.1:51408,OPEN,fill=FI,flush=-,to=3/30000}=>HttpConnection@6b94739b[p=HttpParser{s=START,0 of -1},g=HttpGenerator@5b3f5d98{s=START}]=>HttpChannelOverHttp@58465208{s=HttpChannelState@1c3387c8{s=IDLE rs=BLOCKING os=OPEN is=IDLE awp=false se=false i=true al=0},r=0,c=false/false,a=IDLE,uri=null,age=0}:runFillable:BLOCKING/BLOCKING
02:33:25.981 [qtp399373008-62] DEBUG org.eclipse.jetty.util.thread.ReservedThreadExecutor - ReservedThread@2da1f821{RESERVED,thread=Thread[qtp399373008-62,5,main]} task=EatWhatYouKill@f478a81/SelectorProducer@19553973/IDLE/p=true/QueuedThreadPool[qtp399373008]@17cdf2d0{STARTED,8<=8<=200,i=1,r=-1,q=0}[ReservedThreadExecutor@424fd310{reserved=1/8,pending=0}][pc=0,pic=0,pec=0,epc=4]@2024-05-02T02:33:25.981+01:00 ReservedThreadExecutor@424fd310{reserved=1/8,pending=0}
02:33:25.981 [qtp399373008-61] DEBUG org.eclipse.jetty.io.FillInterest - fillable FillInterest@5744ba61{SSLC.NBReadCB@12560c9{SslConnection@12560c9::SocketChannelEndPoint@17569d43{l=/127.0.0.1:37555,r=/127.0.0.1:51408,OPEN,fill=FI,flush=-,to=3/30000}{io=1/0,kio=1,kro=1}->SslConnection@12560c9{NEED_UNWRAP,eio=-1/-1,di=-1,fill=INTERESTED,flush=IDLE}~>DecryptedEndPoint@3f2cbd88{l=/127.0.0.1:37555,r=/127.0.0.1:51408,OPEN,fill=FI,flush=-,to=3/30000}=>HttpConnection@6b94739b[p=HttpParser{s=START,0 of -1},g=HttpGenerator@5b3f5d98{s=START}]=>HttpChannelOverHttp@58465208{s=HttpChannelState@1c3387c8{s=IDLE rs=BLOCKING os=OPEN is=IDLE awp=false se=false i=true al=0},r=0,c=false/false,a=IDLE,uri=null,age=0}}}
02:33:25.981 [qtp399373008-62] DEBUG org.eclipse.jetty.util.thread.strategy.EatWhatYouKill - EatWhatYouKill@f478a81/SelectorProducer@19553973/IDLE/p=true/QueuedThreadPool[qtp399373008]@17cdf2d0{STARTED,8<=8<=200,i=1,r=-1,q=0}[ReservedThreadExecutor@424fd310{reserved=1/8,pending=0}][pc=0,pic=0,pec=0,epc=5]@2024-05-02T02:33:25.981+01:00 tryProduce true
02:33:25.982 [qtp399373008-62] DEBUG org.eclipse.jetty.io.ManagedSelector - updateable 0
02:33:25.982 [qtp399373008-61] DEBUG org.eclipse.jetty.io.ssl.SslConnection - >c.onFillable SslConnection@12560c9::SocketChannelEndPoint@17569d43{l=/127.0.0.1:37555,r=/127.0.0.1:51408,OPEN,fill=-,flush=-,to=3/30000}{io=1/0,kio=1,kro=1}->SslConnection@12560c9{NEED_UNWRAP,eio=-1/-1,di=-1,fill=INTERESTED,flush=IDLE}~>DecryptedEndPoint@3f2cbd88{l=/127.0.0.1:37555,r=/127.0.0.1:51408,OPEN,fill=FI,flush=-,to=3/30000}=>HttpConnection@6b94739b[p=HttpParser{s=START,0 of -1},g=HttpGenerator@5b3f5d98{s=START}]=>HttpChannelOverHttp@58465208{s=HttpChannelState@1c3387c8{s=IDLE rs=BLOCKING os=OPEN is=IDLE awp=false se=false i=true al=0},r=0,c=false/false,a=IDLE,uri=null,age=0}
02:33:25.982 [qtp399373008-62] DEBUG org.eclipse.jetty.io.ManagedSelector - updates 0
02:33:25.982 [qtp399373008-61] DEBUG org.eclipse.jetty.io.ssl.SslConnection - onFillable SslConnection@12560c9::SocketChannelEndPoint@17569d43{l=/127.0.0.1:37555,r=/127.0.0.1:51408,OPEN,fill=-,flush=-,to=3/30000}{io=1/0,kio=1,kro=1}->SslConnection@12560c9{NEED_UNWRAP,eio=-1/-1,di=-1,fill=INTERESTED,flush=IDLE}~>DecryptedEndPoint@3f2cbd88{l=/127.0.0.1:37555,r=/127.0.0.1:51408,OPEN,fill=FI,flush=-,to=3/30000}=>HttpConnection@6b94739b[p=HttpParser{s=START,0 of -1},g=HttpGenerator@5b3f5d98{s=START}]=>HttpChannelOverHttp@58465208{s=HttpChannelState@1c3387c8{s=IDLE rs=BLOCKING os=OPEN is=IDLE awp=false se=false i=true al=0},r=0,c=false/false,a=IDLE,uri=null,age=0}
02:33:25.982 [qtp399373008-61] DEBUG org.eclipse.jetty.io.FillInterest - fillable FillInterest@13ffe5cf{AC.ReadCB@6b94739b{HttpConnection@6b94739b::DecryptedEndPoint@3f2cbd88{l=/127.0.0.1:37555,r=/127.0.0.1:51408,OPEN,fill=FI,flush=-,to=3/30000}}}
02:33:25.982 [qtp399373008-62] DEBUG org.eclipse.jetty.io.ChannelEndPoint - Key interests updated 1 -> 0 on SocketChannelEndPoint@17569d43{l=/127.0.0.1:37555,r=/127.0.0.1:51408,OPEN,fill=-,flush=-,to=3/30000}{io=0/0,kio=0,kro=1}->SslConnection@12560c9{NEED_UNWRAP,eio=-1/-1,di=-1,fill=INTERESTED,flush=IDLE}~>DecryptedEndPoint@3f2cbd88{l=/127.0.0.1:37555,r=/127.0.0.1:51408,OPEN,fill=FI,flush=-,to=3/30000}=>HttpConnection@6b94739b[p=HttpParser{s=START,0 of -1},g=HttpGenerator@5b3f5d98{s=START}]=>HttpChannelOverHttp@58465208{s=HttpChannelState@1c3387c8{s=IDLE rs=BLOCKING os=OPEN is=IDLE awp=false se=false i=true al=0},r=0,c=false/false,a=IDLE,uri=null,age=0}
02:33:25.982 [qtp399373008-61] DEBUG org.eclipse.jetty.server.HttpConnection - HttpConnection@6b94739b::DecryptedEndPoint@3f2cbd88{l=/127.0.0.1:37555,r=/127.0.0.1:51408,OPEN,fill=-,flush=-,to=3/30000} onFillable enter HttpChannelState@1c3387c8{s=IDLE rs=BLOCKING os=OPEN is=IDLE awp=false se=false i=true al=0} null
02:33:25.982 [qtp399373008-61] DEBUG org.eclipse.jetty.io.ssl.SslConnection - >fill SslConnection@12560c9::SocketChannelEndPoint@17569d43{l=/127.0.0.1:37555,r=/127.0.0.1:51408,OPEN,fill=-,flush=-,to=3/30000}{io=0/0,kio=0,kro=1}->SslConnection@12560c9{NEED_UNWRAP,eio=-1/-1,di=-1,fill=IDLE,flush=IDLE}~>DecryptedEndPoint@3f2cbd88{l=/127.0.0.1:37555,r=/127.0.0.1:51408,OPEN,fill=-,flush=-,to=3/30000}=>HttpConnection@6b94739b[p=HttpParser{s=START,0 of -1},g=HttpGenerator@5b3f5d98{s=START}]=>HttpChannelOverHttp@58465208{s=HttpChannelState@1c3387c8{s=IDLE rs=BLOCKING os=OPEN is=IDLE awp=false se=false i=true al=0},r=0,c=false/false,a=IDLE,uri=null,age=0}
02:33:25.982 [qtp399373008-61] DEBUG org.eclipse.jetty.io.ssl.SslConnection - fill NEED_UNWRAP
02:33:25.982 [qtp399373008-62] DEBUG org.eclipse.jetty.io.ManagedSelector - Selector sun.nio.ch.EPollSelectorImpl@26508338 waiting with 2 keys
02:33:25.982 [qtp399373008-61] DEBUG org.eclipse.jetty.io.ChannelEndPoint - filled 6 HeapByteBuffer@d26bd[p=0,l=6,c=17408,r=6]={<<<\x14\x03\x03\x00\x01\x01>>>P\\Q\xAeM\x0fM\x1b\x1d...\x00\x00\x00\x00\x00\x00\x00}
02:33:25.982 [qtp399373008-61] DEBUG org.eclipse.jetty.io.ssl.SslConnection - net filled=6
02:33:25.982 [qtp399373008-61] DEBUG org.eclipse.jetty.io.ssl.SslConnection - unwrap net_filled=6 Status = OK HandshakeStatus = NEED_UNWRAP bytesConsumed = 6 bytesProduced = 0 encryptedBuffer=[p=6,l=6,c=17408,r=0] unwrapBuffer=HeapByteBuffer@196acfdd[p=0,l=0,c=17408,r=0]={<<<>>>\x16\x03\x03\x01N\x01\x00\x01J...\x00\x00\x00\x00\x00\x00\x00} appBuffer=HeapByteBuffer@196acfdd[p=0,l=0,c=17408,r=0]={<<<>>>\x16\x03\x03\x01N\x01\x00\x01J...\x00\x00\x00\x00\x00\x00\x00}
02:33:25.982 [qtp399373008-61] DEBUG org.eclipse.jetty.io.ssl.SslConnection - fill NEED_UNWRAP
02:33:25.982 [qtp399373008-61] DEBUG org.eclipse.jetty.io.ChannelEndPoint - filled 0 HeapByteBuffer@d26bd[p=0,l=0,c=17408,r=0]={<<<>>>\x14\x03\x03\x00\x01\x01P\\Q...\x00\x00\x00\x00\x00\x00\x00}
02:33:25.982 [qtp399373008-61] DEBUG org.eclipse.jetty.io.ssl.SslConnection - net filled=0
02:33:25.982 [qtp399373008-61] DEBUG org.eclipse.jetty.io.ssl.SslConnection - unwrap net_filled=0 Status = BUFFER_UNDERFLOW HandshakeStatus = NEED_UNWRAP bytesConsumed = 0 bytesProduced = 0 encryptedBuffer=[p=0,l=0,c=17408,r=0] unwrapBuffer=HeapByteBuffer@196acfdd[p=0,l=0,c=17408,r=0]={<<<>>>\x16\x03\x03\x01N\x01\x00\x01J...\x00\x00\x00\x00\x00\x00\x00} appBuffer=HeapByteBuffer@196acfdd[p=0,l=0,c=17408,r=0]={<<<>>>\x16\x03\x03\x01N\x01\x00\x01J...\x00\x00\x00\x00\x00\x00\x00}
02:33:25.982 [qtp399373008-61] DEBUG org.eclipse.jetty.io.ssl.SslConnection - <fill f=0 uf=true SslConnection@12560c9::SocketChannelEndPoint@17569d43{l=/127.0.0.1:37555,r=/127.0.0.1:51408,OPEN,fill=-,flush=-,to=0/30000}{io=0/0,kio=0,kro=1}->SslConnection@12560c9{NEED_UNWRAP,eio=-1/-1,di=-1,fill=IDLE,flush=IDLE}~>DecryptedEndPoint@3f2cbd88{l=/127.0.0.1:37555,r=/127.0.0.1:51408,OPEN,fill=-,flush=-,to=4/30000}=>HttpConnection@6b94739b[p=HttpParser{s=START,0 of -1},g=HttpGenerator@5b3f5d98{s=START}]=>HttpChannelOverHttp@58465208{s=HttpChannelState@1c3387c8{s=IDLE rs=BLOCKING os=OPEN is=IDLE awp=false se=false i=true al=0},r=0,c=false/false,a=IDLE,uri=null,age=0}
02:33:25.982 [qtp399373008-61] DEBUG org.eclipse.jetty.io.ssl.SslConnection - >fill SslConnection@12560c9::SocketChannelEndPoint@17569d43{l=/127.0.0.1:37555,r=/127.0.0.1:51408,OPEN,fill=-,flush=-,to=0/30000}{io=0/0,kio=0,kro=1}->SslConnection@12560c9{NEED_UNWRAP,eio=-1/-1,di=-1,fill=IDLE,flush=IDLE}~>DecryptedEndPoint@3f2cbd88{l=/127.0.0.1:37555,r=/127.0.0.1:51408,OPEN,fill=-,flush=-,to=4/30000}=>HttpConnection@6b94739b[p=HttpParser{s=START,0 of -1},g=HttpGenerator@5b3f5d98{s=START}]=>HttpChannelOverHttp@58465208{s=HttpChannelState@1c3387c8{s=IDLE rs=BLOCKING os=OPEN is=IDLE awp=false se=false i=true al=0},r=0,c=false/false,a=IDLE,uri=null,age=0}
02:33:25.982 [qtp399373008-61] DEBUG org.eclipse.jetty.io.ssl.SslConnection - fill NEED_UNWRAP
02:33:25.983 [qtp399373008-61] DEBUG org.eclipse.jetty.io.ChannelEndPoint - filled 0 HeapByteBuffer@ecac914[p=0,l=0,c=17408,r=0]={<<<>>>\x17\x03\x03\x00\xC93\xAa\x9b\xC7...\x00\x00\x00\x00\x00\x00\x00}
02:33:25.983 [qtp399373008-61] DEBUG org.eclipse.jetty.io.ssl.SslConnection - net filled=0
02:33:25.983 [qtp399373008-61] DEBUG org.eclipse.jetty.io.ssl.SslConnection - unwrap net_filled=0 Status = BUFFER_UNDERFLOW HandshakeStatus = NEED_UNWRAP bytesConsumed = 0 bytesProduced = 0 encryptedBuffer=[p=0,l=0,c=17408,r=0] unwrapBuffer=HeapByteBuffer@196acfdd[p=0,l=0,c=17408,r=0]={<<<>>>\x16\x03\x03\x01N\x01\x00\x01J...\x00\x00\x00\x00\x00\x00\x00} appBuffer=HeapByteBuffer@196acfdd[p=0,l=0,c=17408,r=0]={<<<>>>\x16\x03\x03\x01N\x01\x00\x01J...\x00\x00\x00\x00\x00\x00\x00}
02:33:25.983 [qtp399373008-61] DEBUG org.eclipse.jetty.io.ssl.SslConnection - <fill f=0 uf=true SslConnection@12560c9::SocketChannelEndPoint@17569d43{l=/127.0.0.1:37555,r=/127.0.0.1:51408,OPEN,fill=-,flush=-,to=0/30000}{io=0/0,kio=0,kro=1}->SslConnection@12560c9{NEED_UNWRAP,eio=-1/-1,di=-1,fill=IDLE,flush=IDLE}~>DecryptedEndPoint@3f2cbd88{l=/127.0.0.1:37555,r=/127.0.0.1:51408,OPEN,fill=-,flush=-,to=4/30000}=>HttpConnection@6b94739b[p=HttpParser{s=START,0 of -1},g=HttpGenerator@5b3f5d98{s=START}]=>HttpChannelOverHttp@58465208{s=HttpChannelState@1c3387c8{s=IDLE rs=BLOCKING os=OPEN is=IDLE awp=false se=false i=true al=0},r=0,c=false/false,a=IDLE,uri=null,age=0}
02:33:25.983 [qtp399373008-61] DEBUG org.eclipse.jetty.server.HttpConnection - HttpConnection@6b94739b::DecryptedEndPoint@3f2cbd88{l=/127.0.0.1:37555,r=/127.0.0.1:51408,OPEN,fill=-,flush=-,to=4/30000} filled 0 HeapByteBuffer@196acfdd[p=0,l=0,c=17408,r=0]={<<<>>>\x16\x03\x03\x01N\x01\x00\x01J...\x00\x00\x00\x00\x00\x00\x00}
02:33:25.983 [qtp399373008-61] DEBUG org.eclipse.jetty.server.HttpConnection - HttpConnection@6b94739b::DecryptedEndPoint@3f2cbd88{l=/127.0.0.1:37555,r=/127.0.0.1:51408,OPEN,fill=-,flush=-,to=4/30000} parse HeapByteBuffer@196acfdd[p=0,l=0,c=17408,r=0]={<<<>>>\x16\x03\x03\x01N\x01\x00\x01J...\x00\x00\x00\x00\x00\x00\x00} {}
02:33:25.983 [qtp399373008-61] DEBUG org.eclipse.jetty.http.HttpParser - parseNext s=START HeapByteBuffer@196acfdd[p=0,l=0,c=17408,r=0]={<<<>>>\x16\x03\x03\x01N\x01\x00\x01J...\x00\x00\x00\x00\x00\x00\x00}
02:33:25.983 [qtp399373008-61] DEBUG org.eclipse.jetty.server.HttpConnection - HttpConnection@6b94739b::DecryptedEndPoint@3f2cbd88{l=/127.0.0.1:37555,r=/127.0.0.1:51408,OPEN,fill=-,flush=-,to=4/30000} parsed false HttpParser{s=START,0 of -1}
02:33:25.983 [qtp399373008-61] DEBUG org.eclipse.jetty.server.HttpConnection - releaseRequestBuffer HttpConnection@6b94739b::DecryptedEndPoint@3f2cbd88{l=/127.0.0.1:37555,r=/127.0.0.1:51408,OPEN,fill=-,flush=-,to=4/30000}
02:33:25.983 [qtp399373008-61] DEBUG org.eclipse.jetty.io.AbstractConnection - fillInterested HttpConnection@6b94739b::DecryptedEndPoint@3f2cbd88{l=/127.0.0.1:37555,r=/127.0.0.1:51408,OPEN,fill=-,flush=-,to=4/30000}
02:33:25.983 [qtp399373008-61] DEBUG org.eclipse.jetty.io.FillInterest - interested FillInterest@13ffe5cf{AC.ReadCB@6b94739b{HttpConnection@6b94739b::DecryptedEndPoint@3f2cbd88{l=/127.0.0.1:37555,r=/127.0.0.1:51408,OPEN,fill=FI,flush=-,to=0/30000}}}
02:33:25.983 [qtp399373008-61] DEBUG org.eclipse.jetty.io.ssl.SslConnection - >needFillInterest s=IDLE/IDLE uf=true ei=null di=null SslConnection@12560c9::SocketChannelEndPoint@17569d43{l=/127.0.0.1:37555,r=/127.0.0.1:51408,OPEN,fill=-,flush=-,to=0/30000}{io=0/0,kio=0,kro=1}->SslConnection@12560c9{NEED_UNWRAP,eio=-1/-1,di=-1,fill=IDLE,flush=IDLE}~>DecryptedEndPoint@3f2cbd88{l=/127.0.0.1:37555,r=/127.0.0.1:51408,OPEN,fill=FI,flush=-,to=0/30000}=>HttpConnection@6b94739b[p=HttpParser{s=START,0 of -1},g=HttpGenerator@5b3f5d98{s=START}]=>HttpChannelOverHttp@58465208{s=HttpChannelState@1c3387c8{s=IDLE rs=BLOCKING os=OPEN is=IDLE awp=false se=false i=true al=0},r=0,c=false/false,a=IDLE,uri=null,age=0}
02:33:25.983 [qtp399373008-61] DEBUG org.eclipse.jetty.io.ssl.SslConnection - <needFillInterest s=IDLE/INTERESTED f=false i=true w=null
02:33:25.983 [qtp399373008-61] DEBUG org.eclipse.jetty.io.ssl.SslConnection - ensureFillInterested SslConnection@12560c9::SocketChannelEndPoint@17569d43{l=/127.0.0.1:37555,r=/127.0.0.1:51408,OPEN,fill=-,flush=-,to=0/30000}{io=0/0,kio=0,kro=1}->SslConnection@12560c9{NEED_UNWRAP,eio=-1/-1,di=-1,fill=INTERESTED,flush=IDLE}~>DecryptedEndPoint@3f2cbd88{l=/127.0.0.1:37555,r=/127.0.0.1:51408,OPEN,fill=FI,flush=-,to=0/30000}=>HttpConnection@6b94739b[p=HttpParser{s=START,0 of -1},g=HttpGenerator@5b3f5d98{s=START}]=>HttpChannelOverHttp@58465208{s=HttpChannelState@1c3387c8{s=IDLE rs=BLOCKING os=OPEN is=IDLE awp=false se=false i=true al=0},r=0,c=false/false,a=IDLE,uri=null,age=0}
02:33:25.983 [qtp399373008-61] DEBUG org.eclipse.jetty.io.FillInterest - interested FillInterest@5744ba61{SSLC.NBReadCB@12560c9{SslConnection@12560c9::SocketChannelEndPoint@17569d43{l=/127.0.0.1:37555,r=/127.0.0.1:51408,OPEN,fill=FI,flush=-,to=0/30000}{io=0/0,kio=0,kro=1}->SslConnection@12560c9{NEED_UNWRAP,eio=-1/-1,di=-1,fill=INTERESTED,flush=IDLE}~>DecryptedEndPoint@3f2cbd88{l=/127.0.0.1:37555,r=/127.0.0.1:51408,OPEN,fill=FI,flush=-,to=0/30000}=>HttpConnection@6b94739b[p=HttpParser{s=START,0 of -1},g=HttpGenerator@5b3f5d98{s=START}]=>HttpChannelOverHttp@58465208{s=HttpChannelState@1c3387c8{s=IDLE rs=BLOCKING os=OPEN is=IDLE awp=false se=false i=true al=0},r=0,c=false/false,a=IDLE,uri=null,age=0}}}
02:33:25.983 [qtp399373008-61] DEBUG org.eclipse.jetty.io.ChannelEndPoint - changeInterests p=false 0->1 for SocketChannelEndPoint@17569d43{l=/127.0.0.1:37555,r=/127.0.0.1:51408,OPEN,fill=FI,flush=-,to=0/30000}{io=0/1,kio=0,kro=1}->SslConnection@12560c9{NEED_UNWRAP,eio=-1/-1,di=-1,fill=INTERESTED,flush=IDLE}~>DecryptedEndPoint@3f2cbd88{l=/127.0.0.1:37555,r=/127.0.0.1:51408,OPEN,fill=FI,flush=-,to=0/30000}=>HttpConnection@6b94739b[p=HttpParser{s=START,0 of -1},g=HttpGenerator@5b3f5d98{s=START}]=>HttpChannelOverHttp@58465208{s=HttpChannelState@1c3387c8{s=IDLE rs=BLOCKING os=OPEN is=IDLE awp=false se=false i=true al=0},r=0,c=false/false,a=IDLE,uri=null,age=0}
02:33:25.983 [qtp399373008-61] DEBUG org.eclipse.jetty.io.ManagedSelector - Queued change lazy=false org.eclipse.jetty.io.ChannelEndPoint$$Lambda$255/1238156519@7d4dab68 on ManagedSelector@7bb6ab3a{STARTED} id=3 keys=2 selected=0 updates=0
02:33:25.983 [qtp399373008-61] DEBUG org.eclipse.jetty.io.ManagedSelector - Wakeup on submit ManagedSelector@7bb6ab3a{STARTED} id=3 keys=2 selected=0 updates=1
02:33:25.983 [qtp399373008-61] DEBUG org.eclipse.jetty.server.HttpConnection - HttpConnection@6b94739b::DecryptedEndPoint@3f2cbd88{l=/127.0.0.1:37555,r=/127.0.0.1:51408,OPEN,fill=FI,flush=-,to=0/30000} onFillable exit HttpChannelState@1c3387c8{s=IDLE rs=BLOCKING os=OPEN is=IDLE awp=false se=false i=true al=0} null
02:33:25.983 [qtp399373008-61] DEBUG org.eclipse.jetty.io.ssl.SslConnection - <c.onFillable SslConnection@12560c9::SocketChannelEndPoint@17569d43{l=/127.0.0.1:37555,r=/127.0.0.1:51408,OPEN,fill=FI,flush=-,to=0/30000}{io=0/1,kio=0,kro=1}->SslConnection@12560c9{NEED_UNWRAP,eio=-1/-1,di=-1,fill=INTERESTED,flush=IDLE}~>DecryptedEndPoint@3f2cbd88{l=/127.0.0.1:37555,r=/127.0.0.1:51408,OPEN,fill=FI,flush=-,to=0/30000}=>HttpConnection@6b94739b[p=HttpParser{s=START,0 of -1},g=HttpGenerator@5b3f5d98{s=START}]=>HttpChannelOverHttp@58465208{s=HttpChannelState@1c3387c8{s=IDLE rs=BLOCKING os=OPEN is=IDLE awp=false se=false i=true al=0},r=0,c=false/false,a=IDLE,uri=null,age=0}
02:33:25.983 [qtp399373008-61] DEBUG org.eclipse.jetty.util.thread.ReservedThreadExecutor - ReservedThread@6cc6bc95{RUNNING,thread=Thread[qtp399373008-61,5,main]} was=RUNNING next=RESERVED size=0+2 capacity=8
02:33:25.983 [qtp399373008-61] DEBUG org.eclipse.jetty.util.thread.ReservedThreadExecutor - ReservedThread@6cc6bc95{RESERVED,thread=Thread[qtp399373008-61,5,main]} waiting ReservedThreadExecutor@424fd310{reserved=2/8,pending=0}
02:33:25.983 [qtp399373008-62] DEBUG org.eclipse.jetty.io.ManagedSelector - Selector sun.nio.ch.EPollSelectorImpl@26508338 woken with none selected
02:33:25.984 [qtp399373008-62] DEBUG org.eclipse.jetty.io.ManagedSelector - Selector sun.nio.ch.EPollSelectorImpl@26508338 woken up from select, 0/0/2 selected
02:33:25.984 [qtp399373008-62] DEBUG org.eclipse.jetty.io.ManagedSelector - Selector sun.nio.ch.EPollSelectorImpl@26508338 processing 0 keys, 1 updates
02:33:25.984 [qtp399373008-62] DEBUG org.eclipse.jetty.io.ManagedSelector - updateable 1
02:33:25.984 [qtp399373008-62] DEBUG org.eclipse.jetty.io.ManagedSelector - update org.eclipse.jetty.io.ChannelEndPoint$$Lambda$255/1238156519@7d4dab68
02:33:25.984 [qtp399373008-62] DEBUG org.eclipse.jetty.io.ChannelEndPoint - Key interests updated 0 -> 1 on SocketChannelEndPoint@17569d43{l=/127.0.0.1:37555,r=/127.0.0.1:51408,OPEN,fill=FI,flush=-,to=0/30000}{io=1/1,kio=1,kro=1}->SslConnection@12560c9{NEED_UNWRAP,eio=-1/-1,di=-1,fill=INTERESTED,flush=IDLE}~>DecryptedEndPoint@3f2cbd88{l=/127.0.0.1:37555,r=/127.0.0.1:51408,OPEN,fill=FI,flush=-,to=0/30000}=>HttpConnection@6b94739b[p=HttpParser{s=START,0 of -1},g=HttpGenerator@5b3f5d98{s=START}]=>HttpChannelOverHttp@58465208{s=HttpChannelState@1c3387c8{s=IDLE rs=BLOCKING os=OPEN is=IDLE awp=false se=false i=true al=0},r=0,c=false/false,a=IDLE,uri=null,age=0}
02:33:25.984 [qtp399373008-62] DEBUG org.eclipse.jetty.io.ManagedSelector - updates 0
02:33:25.984 [qtp399373008-62] DEBUG org.eclipse.jetty.io.ManagedSelector - Selector sun.nio.ch.EPollSelectorImpl@26508338 waiting with 2 keys
02:33:26.025 [qtp399373008-62] DEBUG org.eclipse.jetty.io.ManagedSelector - Selector sun.nio.ch.EPollSelectorImpl@26508338 woken up from select, 1/1/2 selected
02:33:26.025 [qtp399373008-62] DEBUG org.eclipse.jetty.io.ManagedSelector - Selector sun.nio.ch.EPollSelectorImpl@26508338 processing 1 keys, 0 updates
02:33:26.025 [qtp399373008-62] DEBUG org.eclipse.jetty.io.ManagedSelector - selected 1 sun.nio.ch.SelectionKeyImpl@5d6d5771 SocketChannelEndPoint@17569d43{l=/127.0.0.1:37555,r=/127.0.0.1:51408,OPEN,fill=FI,flush=-,to=41/30000}{io=1/1,kio=1,kro=1}->SslConnection@12560c9{NEED_UNWRAP,eio=-1/-1,di=-1,fill=INTERESTED,flush=IDLE}~>DecryptedEndPoint@3f2cbd88{l=/127.0.0.1:37555,r=/127.0.0.1:51408,OPEN,fill=FI,flush=-,to=41/30000}=>HttpConnection@6b94739b[p=HttpParser{s=START,0 of -1},g=HttpGenerator@5b3f5d98{s=START}]=>HttpChannelOverHttp@58465208{s=HttpChannelState@1c3387c8{s=IDLE rs=BLOCKING os=OPEN is=IDLE awp=false se=false i=true al=0},r=0,c=false/false,a=IDLE,uri=null,age=0} 
02:33:26.025 [qtp399373008-62] DEBUG org.eclipse.jetty.io.ChannelEndPoint - onSelected 1->0 r=true w=false for SocketChannelEndPoint@17569d43{l=/127.0.0.1:37555,r=/127.0.0.1:51408,OPEN,fill=FI,flush=-,to=41/30000}{io=1/0,kio=1,kro=1}->SslConnection@12560c9{NEED_UNWRAP,eio=-1/-1,di=-1,fill=INTERESTED,flush=IDLE}~>DecryptedEndPoint@3f2cbd88{l=/127.0.0.1:37555,r=/127.0.0.1:51408,OPEN,fill=FI,flush=-,to=42/30000}=>HttpConnection@6b94739b[p=HttpParser{s=START,0 of -1},g=HttpGenerator@5b3f5d98{s=START}]=>HttpChannelOverHttp@58465208{s=HttpChannelState@1c3387c8{s=IDLE rs=BLOCKING os=OPEN is=IDLE awp=false se=false i=true al=0},r=0,c=false/false,a=IDLE,uri=null,age=0}
02:33:26.025 [qtp399373008-62] DEBUG org.eclipse.jetty.io.ChannelEndPoint - task CEP:SocketChannelEndPoint@17569d43{l=/127.0.0.1:37555,r=/127.0.0.1:51408,OPEN,fill=FI,flush=-,to=41/30000}{io=1/0,kio=1,kro=1}->SslConnection@12560c9{NEED_UNWRAP,eio=-1/-1,di=-1,fill=INTERESTED,flush=IDLE}~>DecryptedEndPoint@3f2cbd88{l=/127.0.0.1:37555,r=/127.0.0.1:51408,OPEN,fill=FI,flush=-,to=42/30000}=>HttpConnection@6b94739b[p=HttpParser{s=START,0 of -1},g=HttpGenerator@5b3f5d98{s=START}]=>HttpChannelOverHttp@58465208{s=HttpChannelState@1c3387c8{s=IDLE rs=BLOCKING os=OPEN is=IDLE awp=false se=false i=true al=0},r=0,c=false/false,a=IDLE,uri=null,age=0}:runFillable:BLOCKING
02:33:26.025 [qtp399373008-62] DEBUG org.eclipse.jetty.util.thread.ReservedThreadExecutor - ReservedThreadExecutor@424fd310{reserved=2/8,pending=0} tryExecute EatWhatYouKill@f478a81/SelectorProducer@19553973/PRODUCING/p=false/QueuedThreadPool[qtp399373008]@17cdf2d0{STARTED,8<=8<=200,i=1,r=-1,q=0}[ReservedThreadExecutor@424fd310{reserved=2/8,pending=0}][pc=0,pic=0,pec=0,epc=5]@2024-05-02T02:33:26.025+01:00
02:33:26.025 [qtp399373008-62] DEBUG org.eclipse.jetty.util.thread.strategy.EatWhatYouKill - EatWhatYouKill@f478a81/SelectorProducer@19553973/IDLE/p=true/QueuedThreadPool[qtp399373008]@17cdf2d0{STARTED,8<=8<=200,i=1,r=-1,q=0}[ReservedThreadExecutor@424fd310{reserved=1/8,pending=0}][pc=0,pic=0,pec=0,epc=5]@2024-05-02T02:33:26.025+01:00 m=EXECUTE_PRODUCE_CONSUME t=CEP:SocketChannelEndPoint@17569d43{l=/127.0.0.1:37555,r=/127.0.0.1:51408,OPEN,fill=FI,flush=-,to=42/30000}{io=1/0,kio=1,kro=1}->SslConnection@12560c9{NEED_UNWRAP,eio=-1/-1,di=-1,fill=INTERESTED,flush=IDLE}~>DecryptedEndPoint@3f2cbd88{l=/127.0.0.1:37555,r=/127.0.0.1:51408,OPEN,fill=FI,flush=-,to=42/30000}=>HttpConnection@6b94739b[p=HttpParser{s=START,0 of -1},g=HttpGenerator@5b3f5d98{s=START}]=>HttpChannelOverHttp@58465208{s=HttpChannelState@1c3387c8{s=IDLE rs=BLOCKING os=OPEN is=IDLE awp=false se=false i=true al=0},r=0,c=false/false,a=IDLE,uri=null,age=0}:runFillable:BLOCKING/BLOCKING
02:33:26.025 [qtp399373008-61] DEBUG org.eclipse.jetty.util.thread.ReservedThreadExecutor - ReservedThread@6cc6bc95{RESERVED,thread=Thread[qtp399373008-61,5,main]} task=EatWhatYouKill@f478a81/SelectorProducer@19553973/IDLE/p=true/QueuedThreadPool[qtp399373008]@17cdf2d0{STARTED,8<=8<=200,i=1,r=-1,q=0}[ReservedThreadExecutor@424fd310{reserved=1/8,pending=0}][pc=0,pic=0,pec=0,epc=5]@2024-05-02T02:33:26.025+01:00 ReservedThreadExecutor@424fd310{reserved=1/8,pending=0}
02:33:26.025 [qtp399373008-62] DEBUG org.eclipse.jetty.io.FillInterest - fillable FillInterest@5744ba61{SSLC.NBReadCB@12560c9{SslConnection@12560c9::SocketChannelEndPoint@17569d43{l=/127.0.0.1:37555,r=/127.0.0.1:51408,OPEN,fill=FI,flush=-,to=42/30000}{io=1/0,kio=1,kro=1}->SslConnection@12560c9{NEED_UNWRAP,eio=-1/-1,di=-1,fill=INTERESTED,flush=IDLE}~>DecryptedEndPoint@3f2cbd88{l=/127.0.0.1:37555,r=/127.0.0.1:51408,OPEN,fill=FI,flush=-,to=42/30000}=>HttpConnection@6b94739b[p=HttpParser{s=START,0 of -1},g=HttpGenerator@5b3f5d98{s=START}]=>HttpChannelOverHttp@58465208{s=HttpChannelState@1c3387c8{s=IDLE rs=BLOCKING os=OPEN is=IDLE awp=false se=false i=true al=0},r=0,c=false/false,a=IDLE,uri=null,age=0}}}
02:33:26.025 [qtp399373008-61] DEBUG org.eclipse.jetty.util.thread.strategy.EatWhatYouKill - EatWhatYouKill@f478a81/SelectorProducer@19553973/IDLE/p=true/QueuedThreadPool[qtp399373008]@17cdf2d0{STARTED,8<=8<=200,i=1,r=-1,q=0}[ReservedThreadExecutor@424fd310{reserved=1/8,pending=0}][pc=0,pic=0,pec=0,epc=6]@2024-05-02T02:33:26.025+01:00 tryProduce true
02:33:26.025 [qtp399373008-62] DEBUG org.eclipse.jetty.io.ssl.SslConnection - >c.onFillable SslConnection@12560c9::SocketChannelEndPoint@17569d43{l=/127.0.0.1:37555,r=/127.0.0.1:51408,OPEN,fill=-,flush=-,to=42/30000}{io=1/0,kio=1,kro=1}->SslConnection@12560c9{NEED_UNWRAP,eio=-1/-1,di=-1,fill=INTERESTED,flush=IDLE}~>DecryptedEndPoint@3f2cbd88{l=/127.0.0.1:37555,r=/127.0.0.1:51408,OPEN,fill=FI,flush=-,to=42/30000}=>HttpConnection@6b94739b[p=HttpParser{s=START,0 of -1},g=HttpGenerator@5b3f5d98{s=START}]=>HttpChannelOverHttp@58465208{s=HttpChannelState@1c3387c8{s=IDLE rs=BLOCKING os=OPEN is=IDLE awp=false se=false i=true al=0},r=0,c=false/false,a=IDLE,uri=null,age=0}
02:33:26.025 [qtp399373008-61] DEBUG org.eclipse.jetty.io.ManagedSelector - updateable 0
02:33:26.025 [qtp399373008-61] DEBUG org.eclipse.jetty.io.ManagedSelector - updates 0
02:33:26.025 [qtp399373008-62] DEBUG org.eclipse.jetty.io.ssl.SslConnection - onFillable SslConnection@12560c9::SocketChannelEndPoint@17569d43{l=/127.0.0.1:37555,r=/127.0.0.1:51408,OPEN,fill=-,flush=-,to=42/30000}{io=1/0,kio=1,kro=1}->SslConnection@12560c9{NEED_UNWRAP,eio=-1/-1,di=-1,fill=INTERESTED,flush=IDLE}~>DecryptedEndPoint@3f2cbd88{l=/127.0.0.1:37555,r=/127.0.0.1:51408,OPEN,fill=FI,flush=-,to=42/30000}=>HttpConnection@6b94739b[p=HttpParser{s=START,0 of -1},g=HttpGenerator@5b3f5d98{s=START}]=>HttpChannelOverHttp@58465208{s=HttpChannelState@1c3387c8{s=IDLE rs=BLOCKING os=OPEN is=IDLE awp=false se=false i=true al=0},r=0,c=false/false,a=IDLE,uri=null,age=0}
02:33:26.025 [qtp399373008-62] DEBUG org.eclipse.jetty.io.FillInterest - fillable FillInterest@13ffe5cf{AC.ReadCB@6b94739b{HttpConnection@6b94739b::DecryptedEndPoint@3f2cbd88{l=/127.0.0.1:37555,r=/127.0.0.1:51408,OPEN,fill=FI,flush=-,to=42/30000}}}
02:33:26.025 [qtp399373008-62] DEBUG org.eclipse.jetty.server.HttpConnection - HttpConnection@6b94739b::DecryptedEndPoint@3f2cbd88{l=/127.0.0.1:37555,r=/127.0.0.1:51408,OPEN,fill=-,flush=-,to=42/30000} onFillable enter HttpChannelState@1c3387c8{s=IDLE rs=BLOCKING os=OPEN is=IDLE awp=false se=false i=true al=0} null
02:33:26.025 [qtp399373008-61] DEBUG org.eclipse.jetty.io.ChannelEndPoint - Key interests updated 1 -> 0 on SocketChannelEndPoint@17569d43{l=/127.0.0.1:37555,r=/127.0.0.1:51408,OPEN,fill=-,flush=-,to=42/30000}{io=0/0,kio=0,kro=1}->SslConnection@12560c9{NEED_UNWRAP,eio=-1/-1,di=-1,fill=INTERESTED,flush=IDLE}~>DecryptedEndPoint@3f2cbd88{l=/127.0.0.1:37555,r=/127.0.0.1:51408,OPEN,fill=FI,flush=-,to=42/30000}=>HttpConnection@6b94739b[p=HttpParser{s=START,0 of -1},g=HttpGenerator@5b3f5d98{s=START}]=>HttpChannelOverHttp@58465208{s=HttpChannelState@1c3387c8{s=IDLE rs=BLOCKING os=OPEN is=IDLE awp=false se=false i=true al=0},r=0,c=false/false,a=IDLE,uri=null,age=0}
02:33:26.025 [qtp399373008-61] DEBUG org.eclipse.jetty.io.ManagedSelector - Selector sun.nio.ch.EPollSelectorImpl@26508338 waiting with 2 keys
02:33:26.026 [qtp399373008-62] DEBUG org.eclipse.jetty.io.ssl.SslConnection - >fill SslConnection@12560c9::SocketChannelEndPoint@17569d43{l=/127.0.0.1:37555,r=/127.0.0.1:51408,OPEN,fill=-,flush=-,to=42/30000}{io=0/0,kio=0,kro=1}->SslConnection@12560c9{NEED_UNWRAP,eio=-1/-1,di=-1,fill=IDLE,flush=IDLE}~>DecryptedEndPoint@3f2cbd88{l=/127.0.0.1:37555,r=/127.0.0.1:51408,OPEN,fill=-,flush=-,to=42/30000}=>HttpConnection@6b94739b[p=HttpParser{s=START,0 of -1},g=HttpGenerator@5b3f5d98{s=START}]=>HttpChannelOverHttp@58465208{s=HttpChannelState@1c3387c8{s=IDLE rs=BLOCKING os=OPEN is=IDLE awp=false se=false i=true al=0},r=0,c=false/false,a=IDLE,uri=null,age=0}
02:33:26.026 [qtp399373008-62] DEBUG org.eclipse.jetty.io.ssl.SslConnection - fill NEED_UNWRAP
02:33:26.026 [qtp399373008-62] DEBUG org.eclipse.jetty.io.ChannelEndPoint - filled 1501 HeapByteBuffer@ecac914[p=0,l=1501,c=17408,r=1501]={<<<\x17\x03\x03\x03\xAd\xE7K%E\x9b{\x87.)\xB4\xAe\x07\x02?\x1c;\xBe\t\xEd\xCd...\xCd\xF3\x92\xD6\xB8\xCc\xD1\x96\x0fN\xDd\xC8\xF8\x96\x03K\xB5\x1e\xB3/\xC9\xEa0>>>q\xE5\x04\xF8\x0b\xD8.< ...\x00\x00\x00\x00\x00\x00\x00}
02:33:26.026 [qtp399373008-62] DEBUG org.eclipse.jetty.io.ssl.SslConnection - net filled=1501
02:33:26.026 [qtp399373008-62] DEBUG org.eclipse.jetty.io.ssl.SslConnection - unwrap net_filled=1501 Status = OK HandshakeStatus = NEED_TASK bytesConsumed = 946 bytesProduced = 0 encryptedBuffer=[p=946,l=1501,c=17408,r=555] unwrapBuffer=HeapByteBuffer@d26bd[p=0,l=0,c=17408,r=0]={<<<>>>\x14\x03\x03\x00\x01\x01P\\Q...\x00\x00\x00\x00\x00\x00\x00} appBuffer=HeapByteBuffer@d26bd[p=0,l=0,c=17408,r=0]={<<<>>>\x14\x03\x03\x00\x01\x01P\\Q...\x00\x00\x00\x00\x00\x00\x00}
02:33:26.026 [qtp399373008-62] DEBUG org.eclipse.jetty.io.ssl.SslConnection - fill NEED_TASK
02:33:26.026 [qtp399373008-62] DEBUG org.eclipse.jetty.io.ssl.SslConnection - fill NEED_UNWRAP
02:33:26.026 [qtp399373008-62] DEBUG org.eclipse.jetty.io.ChannelEndPoint - filled 0 HeapByteBuffer@ecac914[p=946,l=1501,c=17408,r=555]={\x17\x03\x03\x03\xAd\x0b\x00\x03\x88...\xF8\x90\xA0~\x9en\xA8<<<\x17\x03\x03\x01)\xD0h\x00*\xCf\x84>e-8\xE2^\xF6\xC6w\xCaI\xAe\xC6\xA4...\xCd\xF3\x92\xD6\xB8\xCc\xD1\x96\x0fN\xDd\xC8\xF8\x96\x03K\xB5\x1e\xB3/\xC9\xEa0>>>q\xE5\x04\xF8\x0b\xD8.< ...\x00\x00\x00\x00\x00\x00\x00}
02:33:26.026 [qtp399373008-62] DEBUG org.eclipse.jetty.io.ssl.SslConnection - net filled=0
02:33:26.026 [qtp399373008-62] DEBUG org.eclipse.jetty.io.ssl.SslConnection - unwrap net_filled=0 Status = OK HandshakeStatus = NEED_TASK bytesConsumed = 302 bytesProduced = 0 encryptedBuffer=[p=1248,l=1501,c=17408,r=253] unwrapBuffer=HeapByteBuffer@d26bd[p=0,l=0,c=17408,r=0]={<<<>>>\x14\x03\x03\x00\x01\x01P\\Q...\x00\x00\x00\x00\x00\x00\x00} appBuffer=HeapByteBuffer@d26bd[p=0,l=0,c=17408,r=0]={<<<>>>\x14\x03\x03\x00\x01\x01P\\Q...\x00\x00\x00\x00\x00\x00\x00}
02:33:26.026 [qtp399373008-62] DEBUG org.eclipse.jetty.io.ssl.SslConnection - fill NEED_TASK
02:33:26.027 [qtp399373008-62] DEBUG org.eclipse.jetty.io.ssl.SslConnection - fill NEED_UNWRAP
02:33:26.027 [qtp399373008-62] DEBUG org.eclipse.jetty.io.ChannelEndPoint - filled 0 HeapByteBuffer@ecac914[p=1248,l=1501,c=17408,r=253]={\x17\x03\x03\x03\xAd\x0b\x00\x03\x88.../8\xBa\trI\x1f<<<\x17\x03\x03\x00U\xB4\x1e\xEf\xFc\x15{\x98E\xF6\xFa\x0f\xA9\x88\x91\xB2\r\xB6\x15\xB4\x16...\xCd\xF3\x92\xD6\xB8\xCc\xD1\x96\x0fN\xDd\xC8\xF8\x96\x03K\xB5\x1e\xB3/\xC9\xEa0>>>q\xE5\x04\xF8\x0b\xD8.< ...\x00\x00\x00\x00\x00\x00\x00}
02:33:26.027 [qtp399373008-62] DEBUG org.eclipse.jetty.io.ssl.SslConnection - net filled=0
02:33:26.027 [qtp399373008-62] DEBUG org.eclipse.jetty.io.ssl.SslConnection - unwrap net_filled=0 Status = OK HandshakeStatus = NEED_WRAP bytesConsumed = 90 bytesProduced = 0 encryptedBuffer=[p=1338,l=1501,c=17408,r=163] unwrapBuffer=HeapByteBuffer@d26bd[p=0,l=0,c=17408,r=0]={<<<>>>\x14\x03\x03\x00\x01\x01P\\Q...\x00\x00\x00\x00\x00\x00\x00} appBuffer=HeapByteBuffer@d26bd[p=0,l=0,c=17408,r=0]={<<<>>>\x14\x03\x03\x00\x01\x01P\\Q...\x00\x00\x00\x00\x00\x00\x00}
02:33:26.027 [qtp399373008-62] DEBUG org.eclipse.jetty.io.ssl.SslConnection - fill NEED_WRAP
02:33:26.028 [qtp399373008-62] DEBUG org.eclipse.jetty.io.ssl.SslConnection - >flush SslConnection@12560c9::SocketChannelEndPoint@17569d43{l=/127.0.0.1:37555,r=/127.0.0.1:51408,OPEN,fill=-,flush=-,to=1/30000}{io=0/0,kio=0,kro=1}->SslConnection@12560c9{NEED_WRAP,eio=163/-1,di=-1,fill=IDLE,flush=IDLE}~>DecryptedEndPoint@3f2cbd88{l=/127.0.0.1:37555,r=/127.0.0.1:51408,OPEN,fill=-,flush=-,to=44/30000}=>HttpConnection@6b94739b[p=HttpParser{s=START,0 of -1},g=HttpGenerator@5b3f5d98{s=START}]=>HttpChannelOverHttp@58465208{s=HttpChannelState@1c3387c8{s=IDLE rs=BLOCKING os=OPEN is=IDLE awp=false se=false i=true al=0},r=0,c=false/false,a=IDLE,uri=null,age=0}
02:33:26.028 [qtp399373008-62] DEBUG org.eclipse.jetty.io.ssl.SslConnection - flush b[0]=HeapByteBuffer@98da274[p=0,l=0,c=0,r=0]={<<<>>>}
02:33:26.028 [qtp399373008-62] DEBUG org.eclipse.jetty.io.ssl.SslConnection - flush NEED_WRAP
02:33:26.028 [qtp399373008-62] DEBUG org.eclipse.jetty.io.ssl.SslConnection - wrap Status = OK HandshakeStatus = FINISHED bytesConsumed = 0 bytesProduced = 88 [p=0,l=88,c=17408,r=88] ioDone=false/false
02:33:26.028 [qtp399373008-62] DEBUG org.eclipse.jetty.io.ChannelEndPoint - flushed 88 SocketChannelEndPoint@17569d43{l=/127.0.0.1:37555,r=/127.0.0.1:51408,OPEN,fill=-,flush=-,to=2/30000}{io=0/0,kio=0,kro=1}->SslConnection@12560c9{NOT_HANDSHAKING,eio=163/0,di=-1,fill=IDLE,flush=IDLE}~>DecryptedEndPoint@3f2cbd88{l=/127.0.0.1:37555,r=/127.0.0.1:51408,OPEN,fill=-,flush=-,to=45/30000}=>HttpConnection@6b94739b[p=HttpParser{s=START,0 of -1},g=HttpGenerator@5b3f5d98{s=START}]=>HttpChannelOverHttp@58465208{s=HttpChannelState@1c3387c8{s=IDLE rs=BLOCKING os=OPEN is=IDLE awp=false se=false i=true al=0},r=0,c=false/false,a=IDLE,uri=null,age=0}
02:33:26.028 [qtp399373008-62] DEBUG org.eclipse.jetty.io.ssl.SslConnection - net flushed=true, ac=true
02:33:26.028 [qtp399373008-62] DEBUG org.eclipse.jetty.io.ssl.SslConnection - handshake succeeded SslConnection@12560c9::SocketChannelEndPoint@17569d43{l=/127.0.0.1:37555,r=/127.0.0.1:51408,OPEN,fill=-,flush=-,to=0/30000}{io=0/0,kio=0,kro=1}->SslConnection@12560c9{NOT_HANDSHAKING,eio=163/0,di=-1,fill=IDLE,flush=IDLE}~>DecryptedEndPoint@3f2cbd88{l=/127.0.0.1:37555,r=/127.0.0.1:51408,OPEN,fill=-,flush=-,to=45/30000}=>HttpConnection@6b94739b[p=HttpParser{s=START,0 of -1},g=HttpGenerator@5b3f5d98{s=START}]=>HttpChannelOverHttp@58465208{s=HttpChannelState@1c3387c8{s=IDLE rs=BLOCKING os=OPEN is=IDLE awp=false se=false i=true al=0},r=0,c=false/false,a=IDLE,uri=null,age=0} resumed server TLSv1.3/TLS_AES_256_GCM_SHA384
02:33:26.028 [qtp399373008-62] DEBUG org.eclipse.jetty.io.ssl.SslConnection - <flush true SslConnection@12560c9::SocketChannelEndPoint@17569d43{l=/127.0.0.1:37555,r=/127.0.0.1:51408,OPEN,fill=-,flush=-,to=0/30000}{io=0/0,kio=0,kro=1}->SslConnection@12560c9{NOT_HANDSHAKING,eio=163/-1,di=-1,fill=IDLE,flush=IDLE}~>DecryptedEndPoint@3f2cbd88{l=/127.0.0.1:37555,r=/127.0.0.1:51408,OPEN,fill=-,flush=-,to=45/30000}=>HttpConnection@6b94739b[p=HttpParser{s=START,0 of -1},g=HttpGenerator@5b3f5d98{s=START}]=>HttpChannelOverHttp@58465208{s=HttpChannelState@1c3387c8{s=IDLE rs=BLOCKING os=OPEN is=IDLE awp=false se=false i=true al=0},r=0,c=false/false,a=IDLE,uri=null,age=0}
02:33:26.028 [qtp399373008-62] DEBUG org.eclipse.jetty.io.ssl.SslConnection - fill NOT_HANDSHAKING
02:33:26.028 [qtp399373008-62] DEBUG org.eclipse.jetty.io.ChannelEndPoint - filled 0 HeapByteBuffer@ecac914[p=1338,l=1501,c=17408,r=163]={\x17\x03\x03\x03\xAd\x0b\x00\x03\x88...=h\xBc\xFb\x00\xE6#<<<\x17\x03\x03\x00\x9e\xF3\xE0\xA6\xE7\xA0\xCb\x89v\xD5\xD5\xE7\xE5$\xC3\x86x\xE0\x83T\xE5...\xCd\xF3\x92\xD6\xB8\xCc\xD1\x96\x0fN\xDd\xC8\xF8\x96\x03K\xB5\x1e\xB3/\xC9\xEa0>>>q\xE5\x04\xF8\x0b\xD8.< ...\x00\x00\x00\x00\x00\x00\x00}
02:33:26.028 [qtp399373008-62] DEBUG org.eclipse.jetty.io.ssl.SslConnection - net filled=0
02:33:26.028 [qtp399373008-62] DEBUG org.eclipse.jetty.io.ssl.SslConnection - unwrap net_filled=0 Status = OK HandshakeStatus = NOT_HANDSHAKING bytesConsumed = 163 bytesProduced = 125 encryptedBuffer=[p=1501,l=1501,c=17408,r=0] unwrapBuffer=HeapByteBuffer@d26bd[p=0,l=125,c=17408,r=125]={<<<GET /config.yml HTTP/1.1\r...gent: okhttp/3.12.3\r\n\r\n>>>\xE2\xD1\x07\xA3\xC2k\xC4\xB4\x7f...\x00\x00\x00\x00\x00\x00\x00} appBuffer=HeapByteBuffer@d26bd[p=0,l=125,c=17408,r=125]={<<<GET /config.yml HTTP/1.1\r...gent: okhttp/3.12.3\r\n\r\n>>>\xE2\xD1\x07\xA3\xC2k\xC4\xB4\x7f...\x00\x00\x00\x00\x00\x00\x00}
02:33:26.028 [qtp399373008-62] DEBUG org.eclipse.jetty.io.ssl.SslConnection - <fill f=125 uf=false SslConnection@12560c9::SocketChannelEndPoint@17569d43{l=/127.0.0.1:37555,r=/127.0.0.1:51408,OPEN,fill=-,flush=-,to=0/30000}{io=0/0,kio=0,kro=1}->SslConnection@12560c9{NOT_HANDSHAKING,eio=-1/-1,di=-1,fill=IDLE,flush=IDLE}~>DecryptedEndPoint@3f2cbd88{l=/127.0.0.1:37555,r=/127.0.0.1:51408,OPEN,fill=-,flush=-,to=45/30000}=>HttpConnection@6b94739b[p=HttpParser{s=START,0 of -1},g=HttpGenerator@5b3f5d98{s=START}]=>HttpChannelOverHttp@58465208{s=HttpChannelState@1c3387c8{s=IDLE rs=BLOCKING os=OPEN is=IDLE awp=false se=false i=true al=0},r=0,c=false/false,a=IDLE,uri=null,age=0}
02:33:26.029 [qtp399373008-62] DEBUG org.eclipse.jetty.server.HttpConnection - HttpConnection@6b94739b::DecryptedEndPoint@3f2cbd88{l=/127.0.0.1:37555,r=/127.0.0.1:51408,OPEN,fill=-,flush=-,to=45/30000} filled 125 HeapByteBuffer@d26bd[p=0,l=125,c=17408,r=125]={<<<GET /config.yml HTTP/1.1\r...gent: okhttp/3.12.3\r\n\r\n>>>\xE2\xD1\x07\xA3\xC2k\xC4\xB4\x7f...\x00\x00\x00\x00\x00\x00\x00}
02:33:26.029 [qtp399373008-62] DEBUG org.eclipse.jetty.server.HttpConnection - HttpConnection@6b94739b::DecryptedEndPoint@3f2cbd88{l=/127.0.0.1:37555,r=/127.0.0.1:51408,OPEN,fill=-,flush=-,to=45/30000} parse HeapByteBuffer@d26bd[p=0,l=125,c=17408,r=125]={<<<GET /config.yml HTTP/1.1\r...gent: okhttp/3.12.3\r\n\r\n>>>\xE2\xD1\x07\xA3\xC2k\xC4\xB4\x7f...\x00\x00\x00\x00\x00\x00\x00} {}
02:33:26.029 [qtp399373008-62] DEBUG org.eclipse.jetty.http.HttpParser - parseNext s=START HeapByteBuffer@d26bd[p=0,l=125,c=17408,r=125]={<<<GET /config.yml HTTP/1.1\r...gent: okhttp/3.12.3\r\n\r\n>>>\xE2\xD1\x07\xA3\xC2k\xC4\xB4\x7f...\x00\x00\x00\x00\x00\x00\x00}
02:33:26.029 [qtp399373008-62] DEBUG org.eclipse.jetty.http.HttpParser - START --> SPACE1
02:33:26.029 [qtp399373008-62] DEBUG org.eclipse.jetty.http.HttpParser - SPACE1 --> URI
02:33:26.029 [qtp399373008-62] DEBUG org.eclipse.jetty.http.HttpParser - URI --> SPACE2
02:33:26.029 [qtp399373008-62] DEBUG org.eclipse.jetty.http.HttpParser - SPACE2 --> REQUEST_VERSION
02:33:26.029 [qtp399373008-62] DEBUG org.eclipse.jetty.http.HttpParser - REQUEST_VERSION --> HEADER
02:33:26.029 [qtp399373008-62] DEBUG org.eclipse.jetty.http.HttpParser - HEADER:Host --> VALUE
02:33:26.029 [qtp399373008-62] DEBUG org.eclipse.jetty.http.HttpParser - HEADER:Host --> IN_VALUE
02:33:26.029 [qtp399373008-62] DEBUG org.eclipse.jetty.http.HttpParser - HEADER:Host --> FIELD
02:33:26.029 [qtp399373008-62] DEBUG org.eclipse.jetty.http.HttpParser - HEADER:Connection: keep-alive --> IN_VALUE
02:33:26.029 [qtp399373008-62] DEBUG org.eclipse.jetty.http.HttpParser - HEADER:Connection: keep-alive --> FIELD
02:33:26.029 [qtp399373008-62] DEBUG org.eclipse.jetty.http.HttpParser - HEADER:Accept-Encoding: gzip --> IN_VALUE
02:33:26.029 [qtp399373008-62] DEBUG org.eclipse.jetty.http.HttpParser - HEADER:Accept-Encoding: gzip --> FIELD
02:33:26.029 [qtp399373008-62] DEBUG org.eclipse.jetty.http.HttpParser - HEADER:User-Agent --> VALUE
02:33:26.029 [qtp399373008-62] DEBUG org.eclipse.jetty.http.HttpParser - HEADER:User-Agent --> IN_VALUE
02:33:26.029 [qtp399373008-62] DEBUG org.eclipse.jetty.http.HttpParser - HEADER:User-Agent --> FIELD
02:33:26.029 [qtp399373008-62] DEBUG org.eclipse.jetty.http.HttpParser - HEADER --> CONTENT
02:33:26.029 [qtp399373008-62] DEBUG org.eclipse.jetty.server.HttpChannel - REQUEST for //localhost:37555/config.yml on HttpChannelOverHttp@58465208{s=HttpChannelState@1c3387c8{s=IDLE rs=BLOCKING os=OPEN is=IDLE awp=false se=false i=true al=0},r=1,c=false/false,a=IDLE,uri=//localhost:37555/config.yml,age=0}
GET //localhost:37555/config.yml HTTP/1.1
Host: localhost:37555
Connection: keep-alive
Accept-Encoding: gzip
User-Agent: okhttp/3.12.3


02:33:26.029 [qtp399373008-62] DEBUG org.eclipse.jetty.server.HttpConnection - HttpConnection@6b94739b::DecryptedEndPoint@3f2cbd88{l=/127.0.0.1:37555,r=/127.0.0.1:51408,OPEN,fill=-,flush=-,to=46/30000} parsed true HttpParser{s=CONTENT,0 of -1}
02:33:26.029 [qtp399373008-62] DEBUG org.eclipse.jetty.server.HttpConnection - releaseRequestBuffer HttpConnection@6b94739b::DecryptedEndPoint@3f2cbd88{l=/127.0.0.1:37555,r=/127.0.0.1:51408,OPEN,fill=-,flush=-,to=46/30000}
02:33:26.029 [qtp399373008-62] DEBUG org.eclipse.jetty.server.HttpChannel - handle //localhost:37555/config.yml HttpChannelOverHttp@58465208{s=HttpChannelState@1c3387c8{s=IDLE rs=BLOCKING os=OPEN is=IDLE awp=false se=false i=true al=0},r=1,c=false/false,a=IDLE,uri=//localhost:37555/config.yml,age=0} 
02:33:26.029 [qtp399373008-62] DEBUG org.eclipse.jetty.server.HttpChannelState - handling HttpChannelState@1c3387c8{s=IDLE rs=BLOCKING os=OPEN is=IDLE awp=false se=false i=true al=0}
02:33:26.029 [qtp399373008-62] DEBUG org.eclipse.jetty.server.HttpChannel - action DISPATCH HttpChannelOverHttp@58465208{s=HttpChannelState@1c3387c8{s=HANDLING rs=BLOCKING os=OPEN is=IDLE awp=false se=false i=true al=0},r=1,c=false/false,a=HANDLING,uri=//localhost:37555/config.yml,age=0}
02:33:26.029 [qtp399373008-62] DEBUG org.eclipse.jetty.server.SecureRequestCustomizer - Host localhost with SNI null
02:33:26.029 [qtp399373008-62] DEBUG org.eclipse.jetty.server.Server - REQUEST GET /config.yml on HttpChannelOverHttp@58465208{s=HttpChannelState@1c3387c8{s=HANDLING rs=BLOCKING os=OPEN is=IDLE awp=false se=false i=true al=0},r=1,c=false/false,a=HANDLING,uri=https://localhost:37555/config.yml,age=0}
02:33:26.029 [qtp399373008-62] DEBUG org.eclipse.jetty.server.HttpOutput - write(array HeapByteBuffer@2ed0083b[p=0,l=4,c=512,r=4]={<<<path>>>\x00\x00\x00\x00\x00\x00\x00\x00\x00...\x00\x00\x00\x00\x00\x00\x00})
02:33:26.029 [qtp399373008-62] DEBUG org.eclipse.jetty.server.HttpOutput - write(array) s=CLOSING,api=BLOCKED,sc=false,e=null last=true agg=false flush=true async=false, len=4 null
02:33:26.029 [qtp399373008-62] DEBUG org.eclipse.jetty.server.HttpChannel - sendResponse info=null content=HeapByteBuffer@aa919c7[p=0,l=4,c=512,r=4]={<<<path>>>\x00\x00\x00\x00\x00\x00\x00\x00\x00...\x00\x00\x00\x00\x00\x00\x00} complete=true committing=true callback=Blocker@f18044c{null}
02:33:26.029 [qtp399373008-62] DEBUG org.eclipse.jetty.server.HttpChannel - COMMIT for /config.yml on HttpChannelOverHttp@58465208{s=HttpChannelState@1c3387c8{s=HANDLING rs=BLOCKING os=COMMITTED is=IDLE awp=false se=false i=true al=0},r=1,c=false/false,a=HANDLING,uri=https://localhost:37555/config.yml,age=0}
200 null HTTP/1.1
Date: Thu, 02 May 2024 01:33:26 GMT
ETag: testEtag
Content-Type: text/plain;charset=utf-8
Content-Length: 4


02:33:26.029 [qtp399373008-62] DEBUG org.eclipse.jetty.server.HttpConnection - generate: NEED_HEADER for SendCallback@38f90c01[PROCESSING][i=HTTP/1.1{s=200,h=4,cl=4},cb=org.eclipse.jetty.server.HttpChannel$SendCallback@16464af5] (null,[p=0,l=4,c=512,r=4],true)@START
02:33:26.029 [qtp399373008-62] DEBUG org.eclipse.jetty.http.HttpGenerator - generateHeaders HTTP/1.1{s=200,h=4,cl=4} last=true content=HeapByteBuffer@aa919c7[p=0,l=4,c=512,r=4]={<<<path>>>\x00\x00\x00\x00\x00\x00\x00\x00\x00...\x00\x00\x00\x00\x00\x00\x00}
02:33:26.029 [qtp399373008-62] DEBUG org.eclipse.jetty.http.HttpGenerator - Date: Thu, 02 May 2024 01:33:26 GMT
ETag: testEtag
Content-Type: text/plain;charset=utf-8
Content-Length: 4


02:33:26.029 [qtp399373008-62] DEBUG org.eclipse.jetty.http.HttpGenerator - CONTENT_LENGTH
02:33:26.029 [qtp399373008-62] DEBUG org.eclipse.jetty.server.HttpConnection - generate: FLUSH for SendCallback@38f90c01[PROCESSING][i=HTTP/1.1{s=200,h=4,cl=4},cb=org.eclipse.jetty.server.HttpChannel$SendCallback@16464af5] ([p=0,l=164,c=8192,r=164],[p=0,l=4,c=512,r=4],true)@COMPLETING
02:33:26.029 [qtp399373008-62] DEBUG org.eclipse.jetty.io.WriteFlusher - write: WriteFlusher@54e30edb{IDLE}->null [HeapByteBuffer@235f32c0[p=0,l=164,c=8192,r=164]={<<<HTTP/1.1 200 OK\r\nDate: Th...y(9.4.44.v20210927)\r\n\r\n>>>\n\r\n\x00\x00\x00\x00\x00\x00...\x00\x00\x00\x00\x00\x00\x00},HeapByteBuffer@aa919c7[p=0,l=4,c=512,r=4]={<<<path>>>\x00\x00\x00\x00\x00\x00\x00\x00\x00...\x00\x00\x00\x00\x00\x00\x00}]
02:33:26.029 [qtp399373008-62] DEBUG org.eclipse.jetty.io.WriteFlusher - update WriteFlusher@54e30edb{WRITING}->null:IDLE-->WRITING
02:33:26.029 [qtp399373008-62] DEBUG org.eclipse.jetty.io.ssl.SslConnection - >flush SslConnection@12560c9::SocketChannelEndPoint@17569d43{l=/127.0.0.1:37555,r=/127.0.0.1:51408,OPEN,fill=-,flush=-,to=1/30000}{io=0/0,kio=0,kro=1}->SslConnection@12560c9{NOT_HANDSHAKING,eio=-1/-1,di=-1,fill=IDLE,flush=IDLE}~>DecryptedEndPoint@3f2cbd88{l=/127.0.0.1:37555,r=/127.0.0.1:51408,OPEN,fill=-,flush=W,to=46/30000}=>HttpConnection@6b94739b[p=HttpParser{s=CONTENT,0 of -1},g=HttpGenerator@5b3f5d98{s=COMPLETING}]=>HttpChannelOverHttp@58465208{s=HttpChannelState@1c3387c8{s=HANDLING rs=BLOCKING os=COMMITTED is=IDLE awp=false se=false i=true al=0},r=1,c=false/false,a=HANDLING,uri=https://localhost:37555/config.yml,age=0}
02:33:26.029 [qtp399373008-62] DEBUG org.eclipse.jetty.io.ssl.SslConnection - flush b[0]=HeapByteBuffer@235f32c0[p=0,l=164,c=8192,r=164]={<<<HTTP/1.1 200 OK\r\nDate: Th...y(9.4.44.v20210927)\r\n\r\n>>>\n\r\n\x00\x00\x00\x00\x00\x00...\x00\x00\x00\x00\x00\x00\x00}
02:33:26.029 [qtp399373008-62] DEBUG org.eclipse.jetty.io.ssl.SslConnection - flush b[1]=HeapByteBuffer@aa919c7[p=0,l=4,c=512,r=4]={<<<path>>>\x00\x00\x00\x00\x00\x00\x00\x00\x00...\x00\x00\x00\x00\x00\x00\x00}
02:33:26.030 [qtp399373008-62] DEBUG org.eclipse.jetty.io.ssl.SslConnection - flush NOT_HANDSHAKING
02:33:26.030 [qtp399373008-62] DEBUG org.eclipse.jetty.io.ssl.SslConnection - wrap Status = OK HandshakeStatus = NOT_HANDSHAKING bytesConsumed = 168 bytesProduced = 206 [p=0,l=206,c=17408,r=206] ioDone=false/false
02:33:26.030 [qtp399373008-62] DEBUG org.eclipse.jetty.io.ChannelEndPoint - flushed 206 SocketChannelEndPoint@17569d43{l=/127.0.0.1:37555,r=/127.0.0.1:51408,OPEN,fill=-,flush=-,to=1/30000}{io=0/0,kio=0,kro=1}->SslConnection@12560c9{NOT_HANDSHAKING,eio=-1/0,di=-1,fill=IDLE,flush=IDLE}~>DecryptedEndPoint@3f2cbd88{l=/127.0.0.1:37555,r=/127.0.0.1:51408,OPEN,fill=-,flush=W,to=46/30000}=>HttpConnection@6b94739b[p=HttpParser{s=CONTENT,0 of -1},g=HttpGenerator@5b3f5d98{s=COMPLETING}]=>HttpChannelOverHttp@58465208{s=HttpChannelState@1c3387c8{s=HANDLING rs=BLOCKING os=COMMITTED is=IDLE awp=false se=false i=true al=0},r=1,c=false/false,a=HANDLING,uri=https://localhost:37555/config.yml,age=1}
02:33:26.030 [qtp399373008-62] DEBUG org.eclipse.jetty.io.ssl.SslConnection - net flushed=true, ac=true
02:33:26.030 [qtp399373008-62] DEBUG org.eclipse.jetty.io.ssl.SslConnection - <flush true SslConnection@12560c9::SocketChannelEndPoint@17569d43{l=/127.0.0.1:37555,r=/127.0.0.1:51408,OPEN,fill=-,flush=-,to=0/30000}{io=0/0,kio=0,kro=1}->SslConnection@12560c9{NOT_HANDSHAKING,eio=-1/-1,di=-1,fill=IDLE,flush=IDLE}~>DecryptedEndPoint@3f2cbd88{l=/127.0.0.1:37555,r=/127.0.0.1:51408,OPEN,fill=-,flush=W,to=46/30000}=>HttpConnection@6b94739b[p=HttpParser{s=CONTENT,0 of -1},g=HttpGenerator@5b3f5d98{s=COMPLETING}]=>HttpChannelOverHttp@58465208{s=HttpChannelState@1c3387c8{s=HANDLING rs=BLOCKING os=COMMITTED is=IDLE awp=false se=false i=true al=0},r=1,c=false/false,a=HANDLING,uri=https://localhost:37555/config.yml,age=1}
02:33:26.030 [qtp399373008-62] DEBUG org.eclipse.jetty.io.WriteFlusher - Flushed=true written=168 remaining=0 WriteFlusher@54e30edb{WRITING}->null
02:33:26.030 [qtp399373008-62] DEBUG org.eclipse.jetty.io.WriteFlusher - update WriteFlusher@54e30edb{IDLE}->null:WRITING-->IDLE
02:33:26.030 [qtp399373008-62] DEBUG org.eclipse.jetty.server.HttpConnection - generate: DONE for SendCallback@38f90c01[PROCESSING][i=HTTP/1.1{s=200,h=4,cl=4},cb=org.eclipse.jetty.server.HttpChannel$SendCallback@16464af5] ([p=164,l=164,c=8192,r=0],[p=4,l=4,c=512,r=0],true)@END
02:33:26.030 [qtp399373008-62] DEBUG org.eclipse.jetty.server.HttpOutput - onWriteComplete(true,null) s=CLOSING,api=BLOCKED,sc=false,e=null->s=CLOSED,api=BLOCKING,sc=false,e=null c=null cb=null w=false
02:33:26.030 [qtp399373008-62] DEBUG org.eclipse.jetty.server.HttpOutput - close() s=CLOSED,api=BLOCKING,sc=false,e=null c=null b=null
02:33:26.030 [qtp399373008-62] DEBUG org.eclipse.jetty.server.Server - handled=true async=false committed=true on HttpChannelOverHttp@58465208{s=HttpChannelState@1c3387c8{s=HANDLING rs=BLOCKING os=COMPLETED is=IDLE awp=false se=false i=true al=0},r=1,c=false/true,a=HANDLING,uri=https://localhost:37555/config.yml,age=1}
02:33:26.030 [main] DEBUG org.apache.nifi.minifi.bootstrap.configuration.ingestors.PullHttpChangeIngestor - Response received: Response{protocol=http/1.1, code=200, message=OK, url=https://localhost:37555/config.yml}
02:33:26.030 [qtp399373008-62] DEBUG org.eclipse.jetty.server.HttpChannelState - unhandle HttpChannelState@1c3387c8{s=HANDLING rs=BLOCKING os=COMPLETED is=IDLE awp=false se=false i=true al=0}
02:33:26.030 [qtp399373008-62] DEBUG org.eclipse.jetty.server.HttpChannelState - nextAction(false) COMPLETE HttpChannelState@1c3387c8{s=HANDLING rs=COMPLETING os=COMPLETED is=IDLE awp=false se=false i=false al=0}
02:33:26.030 [qtp399373008-62] DEBUG org.eclipse.jetty.server.HttpChannel - action COMPLETE HttpChannelOverHttp@58465208{s=HttpChannelState@1c3387c8{s=HANDLING rs=COMPLETING os=COMPLETED is=IDLE awp=false se=false i=false al=0},r=1,c=false/true,a=HANDLING,uri=https://localhost:37555/config.yml,age=1}
02:33:26.030 [qtp399373008-62] DEBUG org.eclipse.jetty.server.HttpOutput - complete(org.eclipse.jetty.util.Callback$3@1b164a6f) s=CLOSED,api=BLOCKING,sc=false,e=null s=true e=null, c=null
02:33:26.030 [qtp399373008-62] DEBUG org.eclipse.jetty.server.HttpChannelState - completed HttpChannelState@1c3387c8{s=HANDLING rs=COMPLETING os=COMPLETED is=IDLE awp=false se=false i=false al=0}
02:33:26.030 [qtp399373008-62] DEBUG org.eclipse.jetty.server.HttpChannelState - unhandle HttpChannelState@1c3387c8{s=HANDLING rs=COMPLETED os=COMPLETED is=IDLE awp=false se=false i=false al=0}
02:33:26.030 [main] DEBUG org.apache.nifi.minifi.bootstrap.configuration.ingestors.PullHttpChangeIngestor - Pulled config same as currently running.
02:33:26.030 [qtp399373008-62] DEBUG org.eclipse.jetty.server.HttpChannelState - nextAction(false) TERMINATED HttpChannelState@1c3387c8{s=IDLE rs=COMPLETED os=COMPLETED is=IDLE awp=false se=false i=false al=0}
02:33:26.030 [qtp399373008-62] DEBUG org.eclipse.jetty.server.HttpChannel - action TERMINATED HttpChannelOverHttp@58465208{s=HttpChannelState@1c3387c8{s=IDLE rs=COMPLETED os=COMPLETED is=IDLE awp=false se=false i=false al=0},r=1,c=true/true,a=IDLE,uri=https://localhost:37555/config.yml,age=1}
02:33:26.030 [qtp399373008-62] DEBUG org.eclipse.jetty.server.HttpChannel - onCompleted for /config.yml written=4
02:33:26.030 [qtp399373008-62] DEBUG org.eclipse.jetty.io.ssl.SslConnection - >fill SslConnection@12560c9::SocketChannelEndPoint@17569d43{l=/127.0.0.1:37555,r=/127.0.0.1:51408,OPEN,fill=-,flush=-,to=0/30000}{io=0/0,kio=0,kro=1}->SslConnection@12560c9{NOT_HANDSHAKING,eio=-1/-1,di=-1,fill=IDLE,flush=IDLE}~>DecryptedEndPoint@3f2cbd88{l=/127.0.0.1:37555,r=/127.0.0.1:51408,OPEN,fill=-,flush=-,to=47/30000}=>HttpConnection@6b94739b[p=HttpParser{s=CONTENT,0 of -1},g=HttpGenerator@5b3f5d98{s=END}]=>HttpChannelOverHttp@58465208{s=HttpChannelState@1c3387c8{s=IDLE rs=COMPLETED os=COMPLETED is=IDLE awp=false se=false i=false al=0},r=1,c=true/true,a=IDLE,uri=https://localhost:37555/config.yml,age=1}
02:33:26.030 [qtp399373008-62] DEBUG org.eclipse.jetty.io.ssl.SslConnection - fill NOT_HANDSHAKING
]]></system-out>
  </testcase>
</testsuite>