<?xml version="1.0" encoding="UTF-8"?>
<testsuite xmlns:xsi="http://www.w3.org/2001/XMLSchema-instance" xsi:noNamespaceSchemaLocation="https://maven.apache.org/surefire/maven-surefire-plugin/xsd/surefire-test-report-3.0.xsd" version="3.0" name="org.apache.nifi.processors.email.TestListenSMTP" time="2.142" tests="4" errors="0" skipped="0" failures="0">
  <properties>
    <property name="sun.desktop" value="gnome"/>
    <property name="awt.toolkit" value="sun.awt.X11.XToolkit"/>
    <property name="file.encoding.pkg" value="sun.io"/>
    <property name="java.specification.version" value="1.8"/>
    <property name="sun.cpu.isalist" value=""/>
    <property name="sun.jnu.encoding" value="UTF-8"/>
    <property name="java.class.path" value="/home/alex/Repositories/nifi/nifi-nar-bundles/nifi-email-bundle/nifi-email-processors/target/test-classes:/home/alex/Repositories/nifi/nifi-nar-bundles/nifi-email-bundle/nifi-email-processors/target/classes:/home/alex/Repositories/nifi/nifi-api/target/classes:/home/alex/Repositories/nifi/nifi-nar-bundles/nifi-extension-utils/nifi-processor-utils/target/classes:/home/alex/Repositories/nifi/nifi-commons/nifi-utils/target/classes:/home/alex/Repositories/nifi/nifi-commons/nifi-security-socket-ssl/target/classes:/home/alex/.m2/repository/commons-io/commons-io/2.10.0/commons-io-2.10.0.jar:/home/alex/.m2/repository/org/apache/commons/commons-lang3/3.11/commons-lang3-3.11.jar:/home/alex/.m2/repository/com/fasterxml/jackson/core/jackson-databind/2.12.3/jackson-databind-2.12.3.jar:/home/alex/.m2/repository/com/fasterxml/jackson/core/jackson-annotations/2.12.3/jackson-annotations-2.12.3.jar:/home/alex/.m2/repository/com/fasterxml/jackson/core/jackson-core/2.12.3/jackson-core-2.12.3.jar:/home/alex/Repositories/nifi/nifi-nar-bundles/nifi-standard-services/nifi-record-serialization-service-api/target/classes:/home/alex/Repositories/nifi/nifi-commons/nifi-record/target/classes:/home/alex/Repositories/nifi/nifi-nar-bundles/nifi-extension-utils/nifi-event-transport/target/classes:/home/alex/.m2/repository/io/netty/netty-handler/4.1.69.Final/netty-handler-4.1.69.Final.jar:/home/alex/.m2/repository/io/netty/netty-common/4.1.69.Final/netty-common-4.1.69.Final.jar:/home/alex/.m2/repository/io/netty/netty-resolver/4.1.69.Final/netty-resolver-4.1.69.Final.jar:/home/alex/.m2/repository/io/netty/netty-buffer/4.1.69.Final/netty-buffer-4.1.69.Final.jar:/home/alex/.m2/repository/io/netty/netty-transport/4.1.69.Final/netty-transport-4.1.69.Final.jar:/home/alex/.m2/repository/io/netty/netty-codec/4.1.69.Final/netty-codec-4.1.69.Final.jar:/home/alex/.m2/repository/javax/mail/mail/1.4.7/mail-1.4.7.jar:/home/alex/.m2/repository/javax/activation/activation/1.1/activation-1.1.jar:/home/alex/.m2/repository/org/apache/commons/commons-email/1.5/commons-email-1.5.jar:/home/alex/.m2/repository/com/sun/mail/javax.mail/1.6.2/javax.mail-1.6.2.jar:/home/alex/.m2/repository/org/subethamail/subethasmtp/3.1.7/subethasmtp-3.1.7.jar:/home/alex/.m2/repository/org/slf4j/slf4j-api/1.7.32/slf4j-api-1.7.32.jar:/home/alex/.m2/repository/com/github/stephenc/findbugs/findbugs-annotations/1.3.9-1/findbugs-annotations-1.3.9-1.jar:/home/alex/.m2/repository/com/microsoft/ews-java-api/ews-java-api/2.0/ews-java-api-2.0.jar:/home/alex/.m2/repository/org/apache/httpcomponents/httpclient/4.4.1/httpclient-4.4.1.jar:/home/alex/.m2/repository/commons-codec/commons-codec/1.9/commons-codec-1.9.jar:/home/alex/.m2/repository/org/apache/httpcomponents/httpcore/4.4.1/httpcore-4.4.1.jar:/home/alex/.m2/repository/commons-logging/commons-logging/1.2/commons-logging-1.2.jar:/home/alex/.m2/repository/joda-time/joda-time/2.8/joda-time-2.8.jar:/home/alex/Repositories/nifi/nifi-nar-bundles/nifi-standard-services/nifi-ssl-context-service-api/target/classes:/home/alex/Repositories/nifi/nifi-commons/nifi-security-utils-api/target/classes:/home/alex/.m2/repository/org/springframework/integration/spring-integration-mail/5.5.2/spring-integration-mail-5.5.2.jar:/home/alex/.m2/repository/org/springframework/integration/spring-integration-core/5.5.2/spring-integration-core-5.5.2.jar:/home/alex/.m2/repository/org/springframework/spring-aop/5.3.11/spring-aop-5.3.11.jar:/home/alex/.m2/repository/org/springframework/spring-context/5.3.11/spring-context-5.3.11.jar:/home/alex/.m2/repository/org/springframework/spring-expression/5.3.11/spring-expression-5.3.11.jar:/home/alex/.m2/repository/org/springframework/spring-messaging/5.3.11/spring-messaging-5.3.11.jar:/home/alex/.m2/repository/org/springframework/spring-tx/5.3.11/spring-tx-5.3.11.jar:/home/alex/.m2/repository/io/projectreactor/reactor-core/3.4.6/reactor-core-3.4.6.jar:/home/alex/.m2/repository/org/reactivestreams/reactive-streams/1.0.3/reactive-streams-1.0.3.jar:/home/alex/.m2/repository/org/springframework/spring-context-support/5.3.11/spring-context-support-5.3.11.jar:/home/alex/.m2/repository/org/springframework/spring-beans/5.3.11/spring-beans-5.3.11.jar:/home/alex/.m2/repository/org/springframework/spring-core/5.3.11/spring-core-5.3.11.jar:/home/alex/.m2/repository/org/springframework/spring-jcl/5.3.11/spring-jcl-5.3.11.jar:/home/alex/.m2/repository/org/apache/poi/poi-scratchpad/5.0.0/poi-scratchpad-5.0.0.jar:/home/alex/.m2/repository/org/apache/poi/poi/5.0.0/poi-5.0.0.jar:/home/alex/.m2/repository/org/slf4j/jcl-over-slf4j/1.7.32/jcl-over-slf4j-1.7.32.jar:/home/alex/.m2/repository/org/apache/commons/commons-collections4/4.4/commons-collections4-4.4.jar:/home/alex/.m2/repository/org/apache/commons/commons-math3/3.6.1/commons-math3-3.6.1.jar:/home/alex/.m2/repository/com/zaxxer/SparseBitSet/1.2/SparseBitSet-1.2.jar:/home/alex/Repositories/nifi/nifi-mock/target/classes:/home/alex/Repositories/nifi/nifi-framework-api/target/classes:/home/alex/Repositories/nifi/nifi-commons/nifi-parameter/target/classes:/home/alex/Repositories/nifi/nifi-nar-bundles/nifi-framework-bundle/nifi-framework/nifi-framework-core-api/target/classes:/home/alex/Repositories/nifi/nifi-nar-bundles/nifi-framework-bundle/nifi-framework/nifi-framework-nar-utils/target/classes:/home/alex/Repositories/nifi/nifi-nar-bundles/nifi-framework-bundle/nifi-framework/nifi-client-dto/target/classes:/home/alex/.m2/repository/io/swagger/swagger-annotations/1.6.0/swagger-annotations-1.6.0.jar:/home/alex/Repositories/nifi/nifi-commons/nifi-site-to-site-client/target/classes:/home/alex/Repositories/nifi/nifi-commons/nifi-security-utils/target/classes:/home/alex/Repositories/nifi/nifi-commons/nifi-security-kms/target/classes:/home/alex/.m2/repository/org/bouncycastle/bcprov-jdk15on/1.69/bcprov-jdk15on-1.69.jar:/home/alex/.m2/repository/org/bouncycastle/bcpkix-jdk15on/1.69/bcpkix-jdk15on-1.69.jar:/home/alex/.m2/repository/org/bouncycastle/bcutil-jdk15on/1.69/bcutil-jdk15on-1.69.jar:/home/alex/Repositories/nifi/nifi-commons/nifi-properties/target/classes:/home/alex/Repositories/nifi/nifi-commons/nifi-property-utils/target/classes:/home/alex/.m2/repository/at/favre/lib/bcrypt/0.9.0/bcrypt-0.9.0.jar:/home/alex/.m2/repository/at/favre/lib/bytes/1.3.0/bytes-1.3.0.jar:/home/alex/.m2/repository/org/apache/commons/commons-configuration2/2.7/commons-configuration2-2.7.jar:/home/alex/.m2/repository/org/apache/httpcomponents/httpasyncclient/4.1.4/httpasyncclient-4.1.4.jar:/home/alex/.m2/repository/org/apache/httpcomponents/httpcore-nio/4.4.10/httpcore-nio-4.4.10.jar:/home/alex/Repositories/nifi/nifi-nar-bundles/nifi-framework-bundle/nifi-framework/nifi-framework-authorization/target/classes:/home/alex/Repositories/nifi/nifi-registry/nifi-registry-core/nifi-registry-data-model/target/classes:/home/alex/.m2/repository/javax/validation/validation-api/2.0.1.Final/validation-api-2.0.1.Final.jar:/home/alex/.m2/repository/javax/ws/rs/javax.ws.rs-api/2.1/javax.ws.rs-api-2.1.jar:/home/alex/Repositories/nifi/nifi-registry/nifi-registry-core/nifi-registry-revision/nifi-registry-revision-entity-model/target/classes:/home/alex/Repositories/nifi/nifi-registry/nifi-registry-core/nifi-registry-client/target/classes:/home/alex/Repositories/nifi/nifi-registry/nifi-registry-core/nifi-registry-security-utils/target/classes:/home/alex/.m2/repository/org/glassfish/jersey/core/jersey-client/2.33/jersey-client-2.33.jar:/home/alex/.m2/repository/jakarta/ws/rs/jakarta.ws.rs-api/2.1.6/jakarta.ws.rs-api-2.1.6.jar:/home/alex/.m2/repository/org/glassfish/hk2/external/jakarta.inject/2.6.1/jakarta.inject-2.6.1.jar:/home/alex/.m2/repository/org/glassfish/jersey/media/jersey-media-json-jackson/2.33/jersey-media-json-jackson-2.33.jar:/home/alex/.m2/repository/org/glassfish/jersey/ext/jersey-entity-filtering/2.33/jersey-entity-filtering-2.33.jar:/home/alex/.m2/repository/com/fasterxml/jackson/module/jackson-module-jaxb-annotations/2.11.3/jackson-module-jaxb-annotations-2.11.3.jar:/home/alex/.m2/repository/jakarta/xml/bind/jakarta.xml.bind-api/2.3.2/jakarta.xml.bind-api-2.3.2.jar:/home/alex/.m2/repository/jakarta/activation/jakarta.activation-api/1.2.1/jakarta.activation-api-1.2.1.jar:/home/alex/.m2/repository/org/glassfish/jersey/inject/jersey-hk2/2.33/jersey-hk2-2.33.jar:/home/alex/.m2/repository/org/glassfish/hk2/hk2-locator/2.6.1/hk2-locator-2.6.1.jar:/home/alex/.m2/repository/org/glassfish/hk2/external/aopalliance-repackaged/2.6.1/aopalliance-repackaged-2.6.1.jar:/home/alex/.m2/repository/org/glassfish/hk2/hk2-api/2.6.1/hk2-api-2.6.1.jar:/home/alex/.m2/repository/org/glassfish/hk2/hk2-utils/2.6.1/hk2-utils-2.6.1.jar:/home/alex/.m2/repository/org/javassist/javassist/3.25.0-GA/javassist-3.25.0-GA.jar:/home/alex/.m2/repository/org/glassfish/jersey/core/jersey-common/2.33/jersey-common-2.33.jar:/home/alex/.m2/repository/jakarta/annotation/jakarta.annotation-api/1.3.5/jakarta.annotation-api-1.3.5.jar:/home/alex/.m2/repository/org/glassfish/hk2/osgi-resource-locator/1.0.3/osgi-resource-locator-1.0.3.jar:/home/alex/.m2/repository/org/glassfish/jersey/media/jersey-media-multipart/2.33/jersey-media-multipart-2.33.jar:/home/alex/.m2/repository/org/jvnet/mimepull/mimepull/1.9.13/mimepull-1.9.13.jar:/home/alex/Repositories/nifi/nifi-commons/nifi-expression-language/target/classes:/home/alex/.m2/repository/org/antlr/antlr-runtime/3.5.2/antlr-runtime-3.5.2.jar:/home/alex/Repositories/nifi/nifi-commons/nifi-uuid5/target/classes:/home/alex/.m2/repository/com/jayway/jsonpath/json-path/2.6.0/json-path-2.6.0.jar:/home/alex/.m2/repository/net/minidev/json-smart/2.4.7/json-smart-2.4.7.jar:/home/alex/.m2/repository/net/minidev/accessors-smart/2.4.7/accessors-smart-2.4.7.jar:/home/alex/.m2/repository/org/ow2/asm/asm/9.1/asm-9.1.jar:/home/alex/.m2/repository/org/apache/commons/commons-text/1.8/commons-text-1.8.jar:/home/alex/Repositories/nifi/nifi-commons/nifi-data-provenance-utils/target/classes:/home/alex/.m2/repository/com/icegreen/greenmail/1.5.11/greenmail-1.5.11.jar:/home/alex/.m2/repository/junit/junit/4.13.2/junit-4.13.2.jar:/home/alex/.m2/repository/org/hamcrest/hamcrest-core/2.2/hamcrest-core-2.2.jar:/home/alex/.m2/repository/org/hamcrest/hamcrest/2.2/hamcrest-2.2.jar:/home/alex/.m2/repository/org/junit/jupiter/junit-jupiter-api/5.7.2/junit-jupiter-api-5.7.2.jar:/home/alex/.m2/repository/org/apiguardian/apiguardian-api/1.1.0/apiguardian-api-1.1.0.jar:/home/alex/.m2/repository/org/opentest4j/opentest4j/1.2.0/opentest4j-1.2.0.jar:/home/alex/.m2/repository/org/junit/platform/junit-platform-commons/1.7.2/junit-platform-commons-1.7.2.jar:/home/alex/.m2/repository/org/junit/jupiter/junit-jupiter-engine/5.7.2/junit-jupiter-engine-5.7.2.jar:/home/alex/.m2/repository/org/junit/platform/junit-platform-engine/1.7.2/junit-platform-engine-1.7.2.jar:/home/alex/.m2/repository/org/junit/vintage/junit-vintage-engine/5.7.2/junit-vintage-engine-5.7.2.jar:/home/alex/.m2/repository/org/junit/jupiter/junit-jupiter-params/5.7.2/junit-jupiter-params-5.7.2.jar:/home/alex/.m2/repository/org/mockito/mockito-core/3.11.2/mockito-core-3.11.2.jar:/home/alex/.m2/repository/net/bytebuddy/byte-buddy/1.11.3/byte-buddy-1.11.3.jar:/home/alex/.m2/repository/net/bytebuddy/byte-buddy-agent/1.11.3/byte-buddy-agent-1.11.3.jar:/home/alex/.m2/repository/org/objenesis/objenesis/3.2/objenesis-3.2.jar:/home/alex/.m2/repository/org/mockito/mockito-junit-jupiter/3.11.2/mockito-junit-jupiter-3.11.2.jar:/home/alex/.m2/repository/org/slf4j/slf4j-simple/1.7.32/slf4j-simple-1.7.32.jar:/home/alex/.m2/repository/org/codehaus/groovy/groovy-test/2.5.14/groovy-test-2.5.14.jar:/home/alex/.m2/repository/org/codehaus/groovy/groovy/2.5.14/groovy-2.5.14.jar:"/>
    <property name="java.vm.vendor" value="Private Build"/>
    <property name="sun.arch.data.model" value="64"/>
    <property name="java.vendor.url" value="http://java.oracle.com/"/>
    <property name="user.timezone" value="Europe/Lisbon"/>
    <property name="java.vm.specification.version" value="1.8"/>
    <property name="os.name" value="Linux"/>
    <property name="user.country" value="US"/>
    <property name="sun.java.launcher" value="SUN_STANDARD"/>
    <property name="sun.boot.library.path" value="/usr/lib/jvm/java-8-openjdk-amd64/jre/lib/amd64"/>
    <property name="sun.java.command" value="/home/alex/Repositories/nifi/nifi-nar-bundles/nifi-email-bundle/nifi-email-processors/target/surefire/surefirebooter7274257791670378142.jar /home/alex/Repositories/nifi/nifi-nar-bundles/nifi-email-bundle/nifi-email-processors/target/surefire 2024-05-02T02-13-54_999-jvmRun1 surefire8741051180379179907tmp surefire_1437614397928092080963tmp"/>
    <property name="surefire.test.class.path" value="/home/alex/Repositories/nifi/nifi-nar-bundles/nifi-email-bundle/nifi-email-processors/target/test-classes:/home/alex/Repositories/nifi/nifi-nar-bundles/nifi-email-bundle/nifi-email-processors/target/classes:/home/alex/Repositories/nifi/nifi-api/target/classes:/home/alex/Repositories/nifi/nifi-nar-bundles/nifi-extension-utils/nifi-processor-utils/target/classes:/home/alex/Repositories/nifi/nifi-commons/nifi-utils/target/classes:/home/alex/Repositories/nifi/nifi-commons/nifi-security-socket-ssl/target/classes:/home/alex/.m2/repository/commons-io/commons-io/2.10.0/commons-io-2.10.0.jar:/home/alex/.m2/repository/org/apache/commons/commons-lang3/3.11/commons-lang3-3.11.jar:/home/alex/.m2/repository/com/fasterxml/jackson/core/jackson-databind/2.12.3/jackson-databind-2.12.3.jar:/home/alex/.m2/repository/com/fasterxml/jackson/core/jackson-annotations/2.12.3/jackson-annotations-2.12.3.jar:/home/alex/.m2/repository/com/fasterxml/jackson/core/jackson-core/2.12.3/jackson-core-2.12.3.jar:/home/alex/Repositories/nifi/nifi-nar-bundles/nifi-standard-services/nifi-record-serialization-service-api/target/classes:/home/alex/Repositories/nifi/nifi-commons/nifi-record/target/classes:/home/alex/Repositories/nifi/nifi-nar-bundles/nifi-extension-utils/nifi-event-transport/target/classes:/home/alex/.m2/repository/io/netty/netty-handler/4.1.69.Final/netty-handler-4.1.69.Final.jar:/home/alex/.m2/repository/io/netty/netty-common/4.1.69.Final/netty-common-4.1.69.Final.jar:/home/alex/.m2/repository/io/netty/netty-resolver/4.1.69.Final/netty-resolver-4.1.69.Final.jar:/home/alex/.m2/repository/io/netty/netty-buffer/4.1.69.Final/netty-buffer-4.1.69.Final.jar:/home/alex/.m2/repository/io/netty/netty-transport/4.1.69.Final/netty-transport-4.1.69.Final.jar:/home/alex/.m2/repository/io/netty/netty-codec/4.1.69.Final/netty-codec-4.1.69.Final.jar:/home/alex/.m2/repository/javax/mail/mail/1.4.7/mail-1.4.7.jar:/home/alex/.m2/repository/javax/activation/activation/1.1/activation-1.1.jar:/home/alex/.m2/repository/org/apache/commons/commons-email/1.5/commons-email-1.5.jar:/home/alex/.m2/repository/com/sun/mail/javax.mail/1.6.2/javax.mail-1.6.2.jar:/home/alex/.m2/repository/org/subethamail/subethasmtp/3.1.7/subethasmtp-3.1.7.jar:/home/alex/.m2/repository/org/slf4j/slf4j-api/1.7.32/slf4j-api-1.7.32.jar:/home/alex/.m2/repository/com/github/stephenc/findbugs/findbugs-annotations/1.3.9-1/findbugs-annotations-1.3.9-1.jar:/home/alex/.m2/repository/com/microsoft/ews-java-api/ews-java-api/2.0/ews-java-api-2.0.jar:/home/alex/.m2/repository/org/apache/httpcomponents/httpclient/4.4.1/httpclient-4.4.1.jar:/home/alex/.m2/repository/commons-codec/commons-codec/1.9/commons-codec-1.9.jar:/home/alex/.m2/repository/org/apache/httpcomponents/httpcore/4.4.1/httpcore-4.4.1.jar:/home/alex/.m2/repository/commons-logging/commons-logging/1.2/commons-logging-1.2.jar:/home/alex/.m2/repository/joda-time/joda-time/2.8/joda-time-2.8.jar:/home/alex/Repositories/nifi/nifi-nar-bundles/nifi-standard-services/nifi-ssl-context-service-api/target/classes:/home/alex/Repositories/nifi/nifi-commons/nifi-security-utils-api/target/classes:/home/alex/.m2/repository/org/springframework/integration/spring-integration-mail/5.5.2/spring-integration-mail-5.5.2.jar:/home/alex/.m2/repository/org/springframework/integration/spring-integration-core/5.5.2/spring-integration-core-5.5.2.jar:/home/alex/.m2/repository/org/springframework/spring-aop/5.3.11/spring-aop-5.3.11.jar:/home/alex/.m2/repository/org/springframework/spring-context/5.3.11/spring-context-5.3.11.jar:/home/alex/.m2/repository/org/springframework/spring-expression/5.3.11/spring-expression-5.3.11.jar:/home/alex/.m2/repository/org/springframework/spring-messaging/5.3.11/spring-messaging-5.3.11.jar:/home/alex/.m2/repository/org/springframework/spring-tx/5.3.11/spring-tx-5.3.11.jar:/home/alex/.m2/repository/io/projectreactor/reactor-core/3.4.6/reactor-core-3.4.6.jar:/home/alex/.m2/repository/org/reactivestreams/reactive-streams/1.0.3/reactive-streams-1.0.3.jar:/home/alex/.m2/repository/org/springframework/spring-context-support/5.3.11/spring-context-support-5.3.11.jar:/home/alex/.m2/repository/org/springframework/spring-beans/5.3.11/spring-beans-5.3.11.jar:/home/alex/.m2/repository/org/springframework/spring-core/5.3.11/spring-core-5.3.11.jar:/home/alex/.m2/repository/org/springframework/spring-jcl/5.3.11/spring-jcl-5.3.11.jar:/home/alex/.m2/repository/org/apache/poi/poi-scratchpad/5.0.0/poi-scratchpad-5.0.0.jar:/home/alex/.m2/repository/org/apache/poi/poi/5.0.0/poi-5.0.0.jar:/home/alex/.m2/repository/org/slf4j/jcl-over-slf4j/1.7.32/jcl-over-slf4j-1.7.32.jar:/home/alex/.m2/repository/org/apache/commons/commons-collections4/4.4/commons-collections4-4.4.jar:/home/alex/.m2/repository/org/apache/commons/commons-math3/3.6.1/commons-math3-3.6.1.jar:/home/alex/.m2/repository/com/zaxxer/SparseBitSet/1.2/SparseBitSet-1.2.jar:/home/alex/Repositories/nifi/nifi-mock/target/classes:/home/alex/Repositories/nifi/nifi-framework-api/target/classes:/home/alex/Repositories/nifi/nifi-commons/nifi-parameter/target/classes:/home/alex/Repositories/nifi/nifi-nar-bundles/nifi-framework-bundle/nifi-framework/nifi-framework-core-api/target/classes:/home/alex/Repositories/nifi/nifi-nar-bundles/nifi-framework-bundle/nifi-framework/nifi-framework-nar-utils/target/classes:/home/alex/Repositories/nifi/nifi-nar-bundles/nifi-framework-bundle/nifi-framework/nifi-client-dto/target/classes:/home/alex/.m2/repository/io/swagger/swagger-annotations/1.6.0/swagger-annotations-1.6.0.jar:/home/alex/Repositories/nifi/nifi-commons/nifi-site-to-site-client/target/classes:/home/alex/Repositories/nifi/nifi-commons/nifi-security-utils/target/classes:/home/alex/Repositories/nifi/nifi-commons/nifi-security-kms/target/classes:/home/alex/.m2/repository/org/bouncycastle/bcprov-jdk15on/1.69/bcprov-jdk15on-1.69.jar:/home/alex/.m2/repository/org/bouncycastle/bcpkix-jdk15on/1.69/bcpkix-jdk15on-1.69.jar:/home/alex/.m2/repository/org/bouncycastle/bcutil-jdk15on/1.69/bcutil-jdk15on-1.69.jar:/home/alex/Repositories/nifi/nifi-commons/nifi-properties/target/classes:/home/alex/Repositories/nifi/nifi-commons/nifi-property-utils/target/classes:/home/alex/.m2/repository/at/favre/lib/bcrypt/0.9.0/bcrypt-0.9.0.jar:/home/alex/.m2/repository/at/favre/lib/bytes/1.3.0/bytes-1.3.0.jar:/home/alex/.m2/repository/org/apache/commons/commons-configuration2/2.7/commons-configuration2-2.7.jar:/home/alex/.m2/repository/org/apache/httpcomponents/httpasyncclient/4.1.4/httpasyncclient-4.1.4.jar:/home/alex/.m2/repository/org/apache/httpcomponents/httpcore-nio/4.4.10/httpcore-nio-4.4.10.jar:/home/alex/Repositories/nifi/nifi-nar-bundles/nifi-framework-bundle/nifi-framework/nifi-framework-authorization/target/classes:/home/alex/Repositories/nifi/nifi-registry/nifi-registry-core/nifi-registry-data-model/target/classes:/home/alex/.m2/repository/javax/validation/validation-api/2.0.1.Final/validation-api-2.0.1.Final.jar:/home/alex/.m2/repository/javax/ws/rs/javax.ws.rs-api/2.1/javax.ws.rs-api-2.1.jar:/home/alex/Repositories/nifi/nifi-registry/nifi-registry-core/nifi-registry-revision/nifi-registry-revision-entity-model/target/classes:/home/alex/Repositories/nifi/nifi-registry/nifi-registry-core/nifi-registry-client/target/classes:/home/alex/Repositories/nifi/nifi-registry/nifi-registry-core/nifi-registry-security-utils/target/classes:/home/alex/.m2/repository/org/glassfish/jersey/core/jersey-client/2.33/jersey-client-2.33.jar:/home/alex/.m2/repository/jakarta/ws/rs/jakarta.ws.rs-api/2.1.6/jakarta.ws.rs-api-2.1.6.jar:/home/alex/.m2/repository/org/glassfish/hk2/external/jakarta.inject/2.6.1/jakarta.inject-2.6.1.jar:/home/alex/.m2/repository/org/glassfish/jersey/media/jersey-media-json-jackson/2.33/jersey-media-json-jackson-2.33.jar:/home/alex/.m2/repository/org/glassfish/jersey/ext/jersey-entity-filtering/2.33/jersey-entity-filtering-2.33.jar:/home/alex/.m2/repository/com/fasterxml/jackson/module/jackson-module-jaxb-annotations/2.11.3/jackson-module-jaxb-annotations-2.11.3.jar:/home/alex/.m2/repository/jakarta/xml/bind/jakarta.xml.bind-api/2.3.2/jakarta.xml.bind-api-2.3.2.jar:/home/alex/.m2/repository/jakarta/activation/jakarta.activation-api/1.2.1/jakarta.activation-api-1.2.1.jar:/home/alex/.m2/repository/org/glassfish/jersey/inject/jersey-hk2/2.33/jersey-hk2-2.33.jar:/home/alex/.m2/repository/org/glassfish/hk2/hk2-locator/2.6.1/hk2-locator-2.6.1.jar:/home/alex/.m2/repository/org/glassfish/hk2/external/aopalliance-repackaged/2.6.1/aopalliance-repackaged-2.6.1.jar:/home/alex/.m2/repository/org/glassfish/hk2/hk2-api/2.6.1/hk2-api-2.6.1.jar:/home/alex/.m2/repository/org/glassfish/hk2/hk2-utils/2.6.1/hk2-utils-2.6.1.jar:/home/alex/.m2/repository/org/javassist/javassist/3.25.0-GA/javassist-3.25.0-GA.jar:/home/alex/.m2/repository/org/glassfish/jersey/core/jersey-common/2.33/jersey-common-2.33.jar:/home/alex/.m2/repository/jakarta/annotation/jakarta.annotation-api/1.3.5/jakarta.annotation-api-1.3.5.jar:/home/alex/.m2/repository/org/glassfish/hk2/osgi-resource-locator/1.0.3/osgi-resource-locator-1.0.3.jar:/home/alex/.m2/repository/org/glassfish/jersey/media/jersey-media-multipart/2.33/jersey-media-multipart-2.33.jar:/home/alex/.m2/repository/org/jvnet/mimepull/mimepull/1.9.13/mimepull-1.9.13.jar:/home/alex/Repositories/nifi/nifi-commons/nifi-expression-language/target/classes:/home/alex/.m2/repository/org/antlr/antlr-runtime/3.5.2/antlr-runtime-3.5.2.jar:/home/alex/Repositories/nifi/nifi-commons/nifi-uuid5/target/classes:/home/alex/.m2/repository/com/jayway/jsonpath/json-path/2.6.0/json-path-2.6.0.jar:/home/alex/.m2/repository/net/minidev/json-smart/2.4.7/json-smart-2.4.7.jar:/home/alex/.m2/repository/net/minidev/accessors-smart/2.4.7/accessors-smart-2.4.7.jar:/home/alex/.m2/repository/org/ow2/asm/asm/9.1/asm-9.1.jar:/home/alex/.m2/repository/org/apache/commons/commons-text/1.8/commons-text-1.8.jar:/home/alex/Repositories/nifi/nifi-commons/nifi-data-provenance-utils/target/classes:/home/alex/.m2/repository/com/icegreen/greenmail/1.5.11/greenmail-1.5.11.jar:/home/alex/.m2/repository/junit/junit/4.13.2/junit-4.13.2.jar:/home/alex/.m2/repository/org/hamcrest/hamcrest-core/2.2/hamcrest-core-2.2.jar:/home/alex/.m2/repository/org/hamcrest/hamcrest/2.2/hamcrest-2.2.jar:/home/alex/.m2/repository/org/junit/jupiter/junit-jupiter-api/5.7.2/junit-jupiter-api-5.7.2.jar:/home/alex/.m2/repository/org/apiguardian/apiguardian-api/1.1.0/apiguardian-api-1.1.0.jar:/home/alex/.m2/repository/org/opentest4j/opentest4j/1.2.0/opentest4j-1.2.0.jar:/home/alex/.m2/repository/org/junit/platform/junit-platform-commons/1.7.2/junit-platform-commons-1.7.2.jar:/home/alex/.m2/repository/org/junit/jupiter/junit-jupiter-engine/5.7.2/junit-jupiter-engine-5.7.2.jar:/home/alex/.m2/repository/org/junit/platform/junit-platform-engine/1.7.2/junit-platform-engine-1.7.2.jar:/home/alex/.m2/repository/org/junit/vintage/junit-vintage-engine/5.7.2/junit-vintage-engine-5.7.2.jar:/home/alex/.m2/repository/org/junit/jupiter/junit-jupiter-params/5.7.2/junit-jupiter-params-5.7.2.jar:/home/alex/.m2/repository/org/mockito/mockito-core/3.11.2/mockito-core-3.11.2.jar:/home/alex/.m2/repository/net/bytebuddy/byte-buddy/1.11.3/byte-buddy-1.11.3.jar:/home/alex/.m2/repository/net/bytebuddy/byte-buddy-agent/1.11.3/byte-buddy-agent-1.11.3.jar:/home/alex/.m2/repository/org/objenesis/objenesis/3.2/objenesis-3.2.jar:/home/alex/.m2/repository/org/mockito/mockito-junit-jupiter/3.11.2/mockito-junit-jupiter-3.11.2.jar:/home/alex/.m2/repository/org/slf4j/slf4j-simple/1.7.32/slf4j-simple-1.7.32.jar:/home/alex/.m2/repository/org/codehaus/groovy/groovy-test/2.5.14/groovy-test-2.5.14.jar:/home/alex/.m2/repository/org/codehaus/groovy/groovy/2.5.14/groovy-2.5.14.jar:"/>
    <property name="sun.cpu.endian" value="little"/>
    <property name="user.home" value="/home/alex"/>
    <property name="user.language" value="en"/>
    <property name="java.specification.vendor" value="Oracle Corporation"/>
    <property name="java.home" value="/usr/lib/jvm/java-8-openjdk-amd64/jre"/>
    <property name="basedir" value="/home/alex/Repositories/nifi/nifi-nar-bundles/nifi-email-bundle/nifi-email-processors"/>
    <property name="file.separator" value="/"/>
    <property name="line.separator" value="&#10;"/>
    <property name="java.vm.specification.vendor" value="Oracle Corporation"/>
    <property name="java.specification.name" value="Java Platform API Specification"/>
    <property name="java.awt.graphicsenv" value="sun.awt.X11GraphicsEnvironment"/>
    <property name="java.awt.headless" value="true"/>
    <property name="surefire.real.class.path" value="/home/alex/Repositories/nifi/nifi-nar-bundles/nifi-email-bundle/nifi-email-processors/target/surefire/surefirebooter7274257791670378142.jar"/>
    <property name="sun.boot.class.path" value="/usr/lib/jvm/java-8-openjdk-amd64/jre/lib/resources.jar:/usr/lib/jvm/java-8-openjdk-amd64/jre/lib/rt.jar:/usr/lib/jvm/java-8-openjdk-amd64/jre/lib/sunrsasign.jar:/usr/lib/jvm/java-8-openjdk-amd64/jre/lib/jsse.jar:/usr/lib/jvm/java-8-openjdk-amd64/jre/lib/jce.jar:/usr/lib/jvm/java-8-openjdk-amd64/jre/lib/charsets.jar:/usr/lib/jvm/java-8-openjdk-amd64/jre/lib/jfr.jar:/usr/lib/jvm/java-8-openjdk-amd64/jre/classes"/>
    <property name="sun.management.compiler" value="HotSpot 64-Bit Tiered Compilers"/>
    <property name="java.runtime.version" value="1.8.0_402-8u402-ga-2ubuntu1~22.04-b06"/>
    <property name="java.net.preferIPv4Stack" value="true"/>
    <property name="user.name" value="alex"/>
    <property name="path.separator" value=":"/>
    <property name="os.version" value="6.5.0-28-generic"/>
    <property name="java.endorsed.dirs" value="/usr/lib/jvm/java-8-openjdk-amd64/jre/lib/endorsed"/>
    <property name="java.runtime.name" value="OpenJDK Runtime Environment"/>
    <property name="file.encoding" value="UTF-8"/>
    <property name="java.vm.name" value="OpenJDK 64-Bit Server VM"/>
    <property name="localRepository" value="/home/alex/.m2/repository"/>
    <property name="java.vendor.url.bug" value="http://bugreport.sun.com/bugreport/"/>
    <property name="java.io.tmpdir" value="/tmp"/>
    <property name="java.version" value="1.8.0_402"/>
    <property name="user.dir" value="/home/alex/Repositories/nifi/nifi-nar-bundles/nifi-email-bundle/nifi-email-processors"/>
    <property name="os.arch" value="amd64"/>
    <property name="java.vm.specification.name" value="Java Virtual Machine Specification"/>
    <property name="java.awt.printerjob" value="sun.print.PSPrinterJob"/>
    <property name="sun.os.patch.level" value="unknown"/>
    <property name="java.library.path" value="/usr/java/packages/lib/amd64:/usr/lib/x86_64-linux-gnu/jni:/lib/x86_64-linux-gnu:/usr/lib/x86_64-linux-gnu:/usr/lib/jni:/lib:/usr/lib"/>
    <property name="java.vm.info" value="mixed mode"/>
    <property name="java.vendor" value="Private Build"/>
    <property name="java.vm.version" value="25.402-b06"/>
    <property name="java.specification.maintenance.version" value="5"/>
    <property name="java.ext.dirs" value="/usr/lib/jvm/java-8-openjdk-amd64/jre/lib/ext:/usr/java/packages/lib/ext"/>
    <property name="sun.io.unicode.encoding" value="UnicodeLittle"/>
    <property name="java.class.version" value="52.0"/>
  </properties>
  <testcase name="testListenSMTPwithTLSCurrentVersion" classname="org.apache.nifi.processors.email.TestListenSMTP" time="0.366">
    <system-out><![CDATA[DEBUG: setDebug: JavaMail version 1.4.7
DEBUG: getProvider() returning javax.mail.Provider[TRANSPORT,smtp,com.sun.mail.smtp.SMTPTransport,Oracle]
DEBUG SMTP: useEhlo true, useAuth false
DEBUG SMTP: trying to connect to host "localhost", port 37403, isSSL false
220 Lenovo-Bot ESMTP Apache NiFi SMTP
DEBUG SMTP: connected to host "localhost", port: 37403

EHLO Lenovo-Bot
250-Lenovo-Bot
250-8BITMIME
250-SIZE 20971520
250-STARTTLS
250 Ok
DEBUG SMTP: Found extension "8BITMIME", arg ""
DEBUG SMTP: Found extension "SIZE", arg "20971520"
DEBUG SMTP: Found extension "STARTTLS", arg ""
DEBUG SMTP: Found extension "Ok", arg ""
STARTTLS
220 Ready to start TLS
EHLO Lenovo-Bot
250-Lenovo-Bot
250-8BITMIME
250-SIZE 20971520
250-STARTTLS
250 Ok
DEBUG SMTP: Found extension "8BITMIME", arg ""
DEBUG SMTP: Found extension "SIZE", arg "20971520"
DEBUG SMTP: Found extension "STARTTLS", arg ""
DEBUG SMTP: Found extension "Ok", arg ""
DEBUG SMTP: use8bit false
MAIL FROM:<alice@nifi.apache.org>
250 Ok
RCPT TO:<bob@nifi.apache.org>
250 Ok
DEBUG SMTP: Verified Addresses
DEBUG SMTP:   bob@nifi.apache.org
DATA
354 End data with <CR><LF>.<CR><LF>
From: alice@nifi.apache.org
To: bob@nifi.apache.org
Message-ID: <1681094402.11.1714613474701.JavaMail.alex@Lenovo-Bot>
Subject: This is a test
MIME-Version: 1.0
Content-Type: text/plain; charset=us-ascii
Content-Transfer-Encoding: 7bit

MSG-0
.
250 Ok
QUIT
221 Bye
DEBUG: getProvider() returning javax.mail.Provider[TRANSPORT,smtp,com.sun.mail.smtp.SMTPTransport,Oracle]
DEBUG SMTP: useEhlo true, useAuth false
DEBUG SMTP: trying to connect to host "localhost", port 37403, isSSL false
220 Lenovo-Bot ESMTP Apache NiFi SMTP
DEBUG SMTP: connected to host "localhost", port: 37403

EHLO Lenovo-Bot
250-Lenovo-Bot
250-8BITMIME
250-SIZE 20971520
250-STARTTLS
250 Ok
DEBUG SMTP: Found extension "8BITMIME", arg ""
DEBUG SMTP: Found extension "SIZE", arg "20971520"
DEBUG SMTP: Found extension "STARTTLS", arg ""
DEBUG SMTP: Found extension "Ok", arg ""
STARTTLS
220 Ready to start TLS
EHLO Lenovo-Bot
250-Lenovo-Bot
250-8BITMIME
250-SIZE 20971520
250-STARTTLS
250 Ok
DEBUG SMTP: Found extension "8BITMIME", arg ""
DEBUG SMTP: Found extension "SIZE", arg "20971520"
DEBUG SMTP: Found extension "STARTTLS", arg ""
DEBUG SMTP: Found extension "Ok", arg ""
DEBUG SMTP: use8bit false
MAIL FROM:<alice@nifi.apache.org>
250 Ok
RCPT TO:<bob@nifi.apache.org>
250 Ok
DEBUG SMTP: Verified Addresses
DEBUG SMTP:   bob@nifi.apache.org
DATA
354 End data with <CR><LF>.<CR><LF>
From: alice@nifi.apache.org
To: bob@nifi.apache.org
Message-ID: <1572127577.12.1714613474890.JavaMail.alex@Lenovo-Bot>
Subject: This is a test
MIME-Version: 1.0
Content-Type: text/plain; charset=us-ascii
Content-Transfer-Encoding: 7bit

MSG-1
.
250 Ok
QUIT
221 Bye
]]></system-out>
    <system-err><![CDATA[[pool-16-thread-1] INFO org.subethamail.smtp.server.SMTPServer - SMTP server *:37403 starting
[org.subethamail.smtp.server.ServerThread *:37403] INFO org.subethamail.smtp.server.ServerThread - SMTP server *:37403 started
]]></system-err>
  </testcase>
  <testcase name="testListenSMTPwithTooLargeMessage" classname="org.apache.nifi.processors.email.TestListenSMTP" time="0.009">
    <system-out><![CDATA[DEBUG: setDebug: JavaMail version 1.4.7
DEBUG: getProvider() returning javax.mail.Provider[TRANSPORT,smtp,com.sun.mail.smtp.SMTPTransport,Oracle]
DEBUG SMTP: useEhlo true, useAuth false
DEBUG SMTP: trying to connect to host "localhost", port 41613, isSSL false
220 Lenovo-Bot ESMTP Apache NiFi SMTP
DEBUG SMTP: connected to host "localhost", port: 41613

EHLO Lenovo-Bot
250-Lenovo-Bot
250-8BITMIME
250-SIZE 10
250 Ok
DEBUG SMTP: Found extension "8BITMIME", arg ""
DEBUG SMTP: Found extension "SIZE", arg "10"
DEBUG SMTP: Found extension "Ok", arg ""
DEBUG SMTP: use8bit false
MAIL FROM:<alice@nifi.apache.org>
250 Ok
RCPT TO:<bob@nifi.apache.org>
250 Ok
DEBUG SMTP: Verified Addresses
DEBUG SMTP:   bob@nifi.apache.org
DATA
354 End data with <CR><LF>.<CR><LF>
From: alice@nifi.apache.org
To: bob@nifi.apache.org
Message-ID: <701487403.13.1714613475038.JavaMail.alex@Lenovo-Bot>
Subject: This is a test
MIME-Version: 1.0
Content-Type: text/plain; charset=us-ascii
Content-Transfer-Encoding: 7bit

MSG-0
.
421 4.4.0 Problem attempting to execute commands. Please try again later.
DEBUG SMTP: got response code 421, with response: 421 4.4.0 Problem attempting to execute commands. Please try again later.

RSET
DEBUG SMTP: exception reading response, THROW: 
java.net.SocketException: Connection reset
	at java.net.SocketInputStream.read(SocketInputStream.java:210)
	at java.net.SocketInputStream.read(SocketInputStream.java:141)
	at com.sun.mail.util.TraceInputStream.read(TraceInputStream.java:124)
	at java.io.BufferedInputStream.fill(BufferedInputStream.java:246)
	at java.io.BufferedInputStream.read(BufferedInputStream.java:265)
	at com.sun.mail.util.LineInputStream.readLine(LineInputStream.java:89)
	at com.sun.mail.smtp.SMTPTransport.readServerResponse(SMTPTransport.java:2182)
	at com.sun.mail.smtp.SMTPTransport.issueCommand(SMTPTransport.java:2072)
	at com.sun.mail.smtp.SMTPTransport.issueSendCommand(SMTPTransport.java:2105)
	at com.sun.mail.smtp.SMTPTransport.finishData(SMTPTransport.java:1889)
	at com.sun.mail.smtp.SMTPTransport.sendMessage(SMTPTransport.java:1120)
	at javax.mail.Transport.send0(Transport.java:195)
	at javax.mail.Transport.send(Transport.java:124)
	at org.apache.nifi.processors.email.TestListenSMTP.sendMessage(TestListenSMTP.java:207)
	at org.apache.nifi.processors.email.TestListenSMTP.lambda$testListenSMTPwithTooLargeMessage$1(TestListenSMTP.java:152)
	at org.junit.Assert.assertThrows(Assert.java:1001)
	at org.junit.Assert.assertThrows(Assert.java:981)
	at org.apache.nifi.processors.email.TestListenSMTP.testListenSMTPwithTooLargeMessage(TestListenSMTP.java:152)
	at sun.reflect.NativeMethodAccessorImpl.invoke0(Native Method)
	at sun.reflect.NativeMethodAccessorImpl.invoke(NativeMethodAccessorImpl.java:62)
	at sun.reflect.DelegatingMethodAccessorImpl.invoke(DelegatingMethodAccessorImpl.java:43)
	at java.lang.reflect.Method.invoke(Method.java:498)
	at org.junit.runners.model.FrameworkMethod$1.runReflectiveCall(FrameworkMethod.java:59)
	at org.junit.internal.runners.model.ReflectiveCallable.run(ReflectiveCallable.java:12)
	at org.junit.runners.model.FrameworkMethod.invokeExplosively(FrameworkMethod.java:56)
	at org.junit.internal.runners.statements.InvokeMethod.evaluate(InvokeMethod.java:17)
	at org.junit.runners.ParentRunner$3.evaluate(ParentRunner.java:306)
	at org.junit.runners.BlockJUnit4ClassRunner$1.evaluate(BlockJUnit4ClassRunner.java:100)
	at org.junit.runners.ParentRunner.runLeaf(ParentRunner.java:366)
	at org.junit.runners.BlockJUnit4ClassRunner.runChild(BlockJUnit4ClassRunner.java:103)
	at org.junit.runners.BlockJUnit4ClassRunner.runChild(BlockJUnit4ClassRunner.java:63)
	at org.junit.runners.ParentRunner$4.run(ParentRunner.java:331)
	at org.junit.runners.ParentRunner$1.schedule(ParentRunner.java:79)
	at org.junit.runners.ParentRunner.runChildren(ParentRunner.java:329)
	at org.junit.runners.ParentRunner.access$100(ParentRunner.java:66)
	at org.junit.runners.ParentRunner$2.evaluate(ParentRunner.java:293)
	at org.junit.internal.runners.statements.RunBefores.evaluate(RunBefores.java:26)
	at org.junit.runners.ParentRunner$3.evaluate(ParentRunner.java:306)
	at org.junit.runners.ParentRunner.run(ParentRunner.java:413)
	at org.junit.runner.JUnitCore.run(JUnitCore.java:137)
	at org.junit.runner.JUnitCore.run(JUnitCore.java:115)
	at org.junit.vintage.engine.execution.RunnerExecutor.execute(RunnerExecutor.java:43)
	at java.util.stream.ForEachOps$ForEachOp$OfRef.accept(ForEachOps.java:183)
	at java.util.stream.ReferencePipeline$3$1.accept(ReferencePipeline.java:193)
	at java.util.Iterator.forEachRemaining(Iterator.java:116)
	at java.util.Spliterators$IteratorSpliterator.forEachRemaining(Spliterators.java:1801)
	at java.util.stream.AbstractPipeline.copyInto(AbstractPipeline.java:482)
	at java.util.stream.AbstractPipeline.wrapAndCopyInto(AbstractPipeline.java:472)
	at java.util.stream.ForEachOps$ForEachOp.evaluateSequential(ForEachOps.java:150)
	at java.util.stream.ForEachOps$ForEachOp$OfRef.evaluateSequential(ForEachOps.java:173)
	at java.util.stream.AbstractPipeline.evaluate(AbstractPipeline.java:234)
	at java.util.stream.ReferencePipeline.forEach(ReferencePipeline.java:485)
	at org.junit.vintage.engine.VintageTestEngine.executeAllChildren(VintageTestEngine.java:82)
	at org.junit.vintage.engine.VintageTestEngine.execute(VintageTestEngine.java:73)
	at org.junit.platform.launcher.core.EngineExecutionOrchestrator.execute(EngineExecutionOrchestrator.java:108)
	at org.junit.platform.launcher.core.EngineExecutionOrchestrator.execute(EngineExecutionOrchestrator.java:88)
	at org.junit.platform.launcher.core.EngineExecutionOrchestrator.lambda$execute$0(EngineExecutionOrchestrator.java:54)
	at org.junit.platform.launcher.core.EngineExecutionOrchestrator.withInterceptedStreams(EngineExecutionOrchestrator.java:67)
	at org.junit.platform.launcher.core.EngineExecutionOrchestrator.execute(EngineExecutionOrchestrator.java:52)
	at org.junit.platform.launcher.core.DefaultLauncher.execute(DefaultLauncher.java:96)
	at org.junit.platform.launcher.core.DefaultLauncher.execute(DefaultLauncher.java:75)
	at org.apache.maven.surefire.junitplatform.JUnitPlatformProvider.execute(JUnitPlatformProvider.java:188)
	at org.apache.maven.surefire.junitplatform.JUnitPlatformProvider.invokeAllTests(JUnitPlatformProvider.java:154)
	at org.apache.maven.surefire.junitplatform.JUnitPlatformProvider.invoke(JUnitPlatformProvider.java:128)
	at org.apache.maven.surefire.booter.ForkedBooter.runSuitesInProcess(ForkedBooter.java:428)
	at org.apache.maven.surefire.booter.ForkedBooter.execute(ForkedBooter.java:162)
	at org.apache.maven.surefire.booter.ForkedBooter.run(ForkedBooter.java:562)
	at org.apache.maven.surefire.booter.ForkedBooter.main(ForkedBooter.java:548)
DEBUG SMTP: MessagingException while sending, THROW: 
javax.mail.MessagingException: Exception reading response;
  nested exception is:
	java.net.SocketException: Connection reset
	at com.sun.mail.smtp.SMTPTransport.readServerResponse(SMTPTransport.java:2202)
	at com.sun.mail.smtp.SMTPTransport.issueCommand(SMTPTransport.java:2072)
	at com.sun.mail.smtp.SMTPTransport.issueSendCommand(SMTPTransport.java:2105)
	at com.sun.mail.smtp.SMTPTransport.finishData(SMTPTransport.java:1889)
	at com.sun.mail.smtp.SMTPTransport.sendMessage(SMTPTransport.java:1120)
	at javax.mail.Transport.send0(Transport.java:195)
	at javax.mail.Transport.send(Transport.java:124)
	at org.apache.nifi.processors.email.TestListenSMTP.sendMessage(TestListenSMTP.java:207)
	at org.apache.nifi.processors.email.TestListenSMTP.lambda$testListenSMTPwithTooLargeMessage$1(TestListenSMTP.java:152)
	at org.junit.Assert.assertThrows(Assert.java:1001)
	at org.junit.Assert.assertThrows(Assert.java:981)
	at org.apache.nifi.processors.email.TestListenSMTP.testListenSMTPwithTooLargeMessage(TestListenSMTP.java:152)
	at sun.reflect.NativeMethodAccessorImpl.invoke0(Native Method)
	at sun.reflect.NativeMethodAccessorImpl.invoke(NativeMethodAccessorImpl.java:62)
	at sun.reflect.DelegatingMethodAccessorImpl.invoke(DelegatingMethodAccessorImpl.java:43)
	at java.lang.reflect.Method.invoke(Method.java:498)
	at org.junit.runners.model.FrameworkMethod$1.runReflectiveCall(FrameworkMethod.java:59)
	at org.junit.internal.runners.model.ReflectiveCallable.run(ReflectiveCallable.java:12)
	at org.junit.runners.model.FrameworkMethod.invokeExplosively(FrameworkMethod.java:56)
	at org.junit.internal.runners.statements.InvokeMethod.evaluate(InvokeMethod.java:17)
	at org.junit.runners.ParentRunner$3.evaluate(ParentRunner.java:306)
	at org.junit.runners.BlockJUnit4ClassRunner$1.evaluate(BlockJUnit4ClassRunner.java:100)
	at org.junit.runners.ParentRunner.runLeaf(ParentRunner.java:366)
	at org.junit.runners.BlockJUnit4ClassRunner.runChild(BlockJUnit4ClassRunner.java:103)
	at org.junit.runners.BlockJUnit4ClassRunner.runChild(BlockJUnit4ClassRunner.java:63)
	at org.junit.runners.ParentRunner$4.run(ParentRunner.java:331)
	at org.junit.runners.ParentRunner$1.schedule(ParentRunner.java:79)
	at org.junit.runners.ParentRunner.runChildren(ParentRunner.java:329)
	at org.junit.runners.ParentRunner.access$100(ParentRunner.java:66)
	at org.junit.runners.ParentRunner$2.evaluate(ParentRunner.java:293)
	at org.junit.internal.runners.statements.RunBefores.evaluate(RunBefores.java:26)
	at org.junit.runners.ParentRunner$3.evaluate(ParentRunner.java:306)
	at org.junit.runners.ParentRunner.run(ParentRunner.java:413)
	at org.junit.runner.JUnitCore.run(JUnitCore.java:137)
	at org.junit.runner.JUnitCore.run(JUnitCore.java:115)
	at org.junit.vintage.engine.execution.RunnerExecutor.execute(RunnerExecutor.java:43)
	at java.util.stream.ForEachOps$ForEachOp$OfRef.accept(ForEachOps.java:183)
	at java.util.stream.ReferencePipeline$3$1.accept(ReferencePipeline.java:193)
	at java.util.Iterator.forEachRemaining(Iterator.java:116)
	at java.util.Spliterators$IteratorSpliterator.forEachRemaining(Spliterators.java:1801)
	at java.util.stream.AbstractPipeline.copyInto(AbstractPipeline.java:482)
	at java.util.stream.AbstractPipeline.wrapAndCopyInto(AbstractPipeline.java:472)
	at java.util.stream.ForEachOps$ForEachOp.evaluateSequential(ForEachOps.java:150)
	at java.util.stream.ForEachOps$ForEachOp$OfRef.evaluateSequential(ForEachOps.java:173)
	at java.util.stream.AbstractPipeline.evaluate(AbstractPipeline.java:234)
	at java.util.stream.ReferencePipeline.forEach(ReferencePipeline.java:485)
	at org.junit.vintage.engine.VintageTestEngine.executeAllChildren(VintageTestEngine.java:82)
	at org.junit.vintage.engine.VintageTestEngine.execute(VintageTestEngine.java:73)
	at org.junit.platform.launcher.core.EngineExecutionOrchestrator.execute(EngineExecutionOrchestrator.java:108)
	at org.junit.platform.launcher.core.EngineExecutionOrchestrator.execute(EngineExecutionOrchestrator.java:88)
	at org.junit.platform.launcher.core.EngineExecutionOrchestrator.lambda$execute$0(EngineExecutionOrchestrator.java:54)
	at org.junit.platform.launcher.core.EngineExecutionOrchestrator.withInterceptedStreams(EngineExecutionOrchestrator.java:67)
	at org.junit.platform.launcher.core.EngineExecutionOrchestrator.execute(EngineExecutionOrchestrator.java:52)
	at org.junit.platform.launcher.core.DefaultLauncher.execute(DefaultLauncher.java:96)
	at org.junit.platform.launcher.core.DefaultLauncher.execute(DefaultLauncher.java:75)
	at org.apache.maven.surefire.junitplatform.JUnitPlatformProvider.execute(JUnitPlatformProvider.java:188)
	at org.apache.maven.surefire.junitplatform.JUnitPlatformProvider.invokeAllTests(JUnitPlatformProvider.java:154)
	at org.apache.maven.surefire.junitplatform.JUnitPlatformProvider.invoke(JUnitPlatformProvider.java:128)
	at org.apache.maven.surefire.booter.ForkedBooter.runSuitesInProcess(ForkedBooter.java:428)
	at org.apache.maven.surefire.booter.ForkedBooter.execute(ForkedBooter.java:162)
	at org.apache.maven.surefire.booter.ForkedBooter.run(ForkedBooter.java:562)
	at org.apache.maven.surefire.booter.ForkedBooter.main(ForkedBooter.java:548)
Caused by: java.net.SocketException: Connection reset
	at java.net.SocketInputStream.read(SocketInputStream.java:210)
	at java.net.SocketInputStream.read(SocketInputStream.java:141)
	at com.sun.mail.util.TraceInputStream.read(TraceInputStream.java:124)
	at java.io.BufferedInputStream.fill(BufferedInputStream.java:246)
	at java.io.BufferedInputStream.read(BufferedInputStream.java:265)
	at com.sun.mail.util.LineInputStream.readLine(LineInputStream.java:89)
	at com.sun.mail.smtp.SMTPTransport.readServerResponse(SMTPTransport.java:2182)
	... 61 more
DEBUG SMTP: nested IOException, closing
]]></system-out>
    <system-err><![CDATA[[pool-19-thread-1] INFO org.subethamail.smtp.server.SMTPServer - SMTP server *:41613 starting
[org.subethamail.smtp.server.ServerThread *:41613] INFO org.subethamail.smtp.server.ServerThread - SMTP server *:41613 started
[org.subethamail.smtp.server.Session-/127.0.0.1:44568] ERROR org.apache.nifi.processors.email.ListenSMTP - [ListenSMTP[id=253062dc-70bd-4bb8-8831-fa03074ad5fe]] Unable to fully process input due to Maximum message size limit reached - client must send smaller messages
org.subethamail.smtp.TooMuchDataException: Maximum message size limit reached - client must send smaller messages
	at org.apache.nifi.processors.email.smtp.SmtpConsumer.data(SmtpConsumer.java:109)
	at org.subethamail.smtp.command.DataCommand.execute(DataCommand.java:64)
	at org.subethamail.smtp.server.RequireTLSCommandWrapper.execute(RequireTLSCommandWrapper.java:30)
	at org.subethamail.smtp.server.CommandHandler.handleCommand(CommandHandler.java:99)
	at org.subethamail.smtp.server.Session.runCommandLoop(Session.java:244)
	at org.subethamail.smtp.server.Session.run(Session.java:145)
	at java.util.concurrent.ThreadPoolExecutor.runWorker(ThreadPoolExecutor.java:1149)
	at java.util.concurrent.ThreadPoolExecutor$Worker.run(ThreadPoolExecutor.java:624)
	at java.lang.Thread.run(Thread.java:750)
[org.subethamail.smtp.server.Session-/127.0.0.1:44568] WARN org.subethamail.smtp.server.Session - Exception during SMTP transaction
org.subethamail.smtp.TooMuchDataException: Maximum message size limit reached - client must send smaller messages
	at org.apache.nifi.processors.email.smtp.SmtpConsumer.data(SmtpConsumer.java:109)
	at org.subethamail.smtp.command.DataCommand.execute(DataCommand.java:64)
	at org.subethamail.smtp.server.RequireTLSCommandWrapper.execute(RequireTLSCommandWrapper.java:30)
	at org.subethamail.smtp.server.CommandHandler.handleCommand(CommandHandler.java:99)
	at org.subethamail.smtp.server.Session.runCommandLoop(Session.java:244)
	at org.subethamail.smtp.server.Session.run(Session.java:145)
	at java.util.concurrent.ThreadPoolExecutor.runWorker(ThreadPoolExecutor.java:1149)
	at java.util.concurrent.ThreadPoolExecutor$Worker.run(ThreadPoolExecutor.java:624)
	at java.lang.Thread.run(Thread.java:750)
]]></system-err>
  </testcase>
  <testcase name="testListenSMTP" classname="org.apache.nifi.processors.email.TestListenSMTP" time="0.009">
    <system-out><![CDATA[DEBUG: setDebug: JavaMail version 1.4.7
DEBUG: getProvider() returning javax.mail.Provider[TRANSPORT,smtp,com.sun.mail.smtp.SMTPTransport,Oracle]
DEBUG SMTP: useEhlo true, useAuth false
DEBUG SMTP: trying to connect to host "localhost", port 37061, isSSL false
220 Lenovo-Bot ESMTP Apache NiFi SMTP
DEBUG SMTP: connected to host "localhost", port: 37061

EHLO Lenovo-Bot
250-Lenovo-Bot
250-8BITMIME
250-SIZE 20971520
250 Ok
DEBUG SMTP: Found extension "8BITMIME", arg ""
DEBUG SMTP: Found extension "SIZE", arg "20971520"
DEBUG SMTP: Found extension "Ok", arg ""
DEBUG SMTP: use8bit false
MAIL FROM:<alice@nifi.apache.org>
250 Ok
RCPT TO:<bob@nifi.apache.org>
250 Ok
DEBUG SMTP: Verified Addresses
DEBUG SMTP:   bob@nifi.apache.org
DATA
354 End data with <CR><LF>.<CR><LF>
From: alice@nifi.apache.org
To: bob@nifi.apache.org
Message-ID: <26357357.14.1714613475047.JavaMail.alex@Lenovo-Bot>
Subject: This is a test
MIME-Version: 1.0
Content-Type: text/plain; charset=us-ascii
Content-Transfer-Encoding: 7bit

MSG-0
.
250 Ok
QUIT
221 Bye
DEBUG: getProvider() returning javax.mail.Provider[TRANSPORT,smtp,com.sun.mail.smtp.SMTPTransport,Oracle]
DEBUG SMTP: useEhlo true, useAuth false
DEBUG SMTP: trying to connect to host "localhost", port 37061, isSSL false
220 Lenovo-Bot ESMTP Apache NiFi SMTP
DEBUG SMTP: connected to host "localhost", port: 37061

EHLO Lenovo-Bot
250-Lenovo-Bot
250-8BITMIME
250-SIZE 20971520
250 Ok
DEBUG SMTP: Found extension "8BITMIME", arg ""
DEBUG SMTP: Found extension "SIZE", arg "20971520"
DEBUG SMTP: Found extension "Ok", arg ""
DEBUG SMTP: use8bit false
MAIL FROM:<alice@nifi.apache.org>
250 Ok
RCPT TO:<bob@nifi.apache.org>
250 Ok
DEBUG SMTP: Verified Addresses
DEBUG SMTP:   bob@nifi.apache.org
DATA
354 End data with <CR><LF>.<CR><LF>
From: alice@nifi.apache.org
To: bob@nifi.apache.org
Message-ID: <1990733619.15.1714613475049.JavaMail.alex@Lenovo-Bot>
Subject: This is a test
MIME-Version: 1.0
Content-Type: text/plain; charset=us-ascii
Content-Transfer-Encoding: 7bit

MSG-1
.
250 Ok
QUIT
221 Bye
]]></system-out>
    <system-err><![CDATA[[pool-22-thread-1] INFO org.subethamail.smtp.server.SMTPServer - SMTP server *:37061 starting
[org.subethamail.smtp.server.ServerThread *:37061] INFO org.subethamail.smtp.server.ServerThread - SMTP server *:37061 started
]]></system-err>
  </testcase>
  <testcase name="testListenSMTPwithTLSLegacyProtocolException" classname="org.apache.nifi.processors.email.TestListenSMTP" time="0.008">
    <system-out><![CDATA[DEBUG: setDebug: JavaMail version 1.4.7
DEBUG: getProvider() returning javax.mail.Provider[TRANSPORT,smtp,com.sun.mail.smtp.SMTPTransport,Oracle]
DEBUG SMTP: useEhlo true, useAuth false
DEBUG SMTP: trying to connect to host "localhost", port 36233, isSSL false
220 Lenovo-Bot ESMTP Apache NiFi SMTP
DEBUG SMTP: connected to host "localhost", port: 36233

EHLO Lenovo-Bot
250-Lenovo-Bot
250-8BITMIME
250-SIZE 20971520
250-STARTTLS
250 Ok
DEBUG SMTP: Found extension "8BITMIME", arg ""
DEBUG SMTP: Found extension "SIZE", arg "20971520"
DEBUG SMTP: Found extension "STARTTLS", arg ""
DEBUG SMTP: Found extension "Ok", arg ""
STARTTLS
220 Ready to start TLS
]]></system-out>
    <system-err><![CDATA[[pool-25-thread-1] INFO org.subethamail.smtp.server.SMTPServer - SMTP server *:36233 starting
[org.subethamail.smtp.server.ServerThread *:36233] INFO org.subethamail.smtp.server.ServerThread - SMTP server *:36233 started
]]></system-err>
  </testcase>
</testsuite>