<?xml version="1.0" encoding="UTF-8"?>
<testsuite xmlns:xsi="http://www.w3.org/2001/XMLSchema-instance" xsi:noNamespaceSchemaLocation="https://maven.apache.org/surefire/maven-surefire-plugin/xsd/surefire-test-report-3.0.xsd" version="3.0" name="org.apache.nifi.processors.standard.TestRouteText" time="1.224" tests="33" errors="0" skipped="0" failures="0">
  <properties>
    <property name="sun.desktop" value="gnome"/>
    <property name="awt.toolkit" value="sun.awt.X11.XToolkit"/>
    <property name="file.encoding.pkg" value="sun.io"/>
    <property name="java.specification.version" value="1.8"/>
    <property name="sun.cpu.isalist" value=""/>
    <property name="sun.jnu.encoding" value="UTF-8"/>
    <property name="java.class.path" value="/home/alex/Repositories/nifi/nifi-nar-bundles/nifi-standard-bundle/nifi-standard-processors/target/test-classes:/home/alex/Repositories/nifi/nifi-nar-bundles/nifi-standard-bundle/nifi-standard-processors/target/classes:/home/alex/.m2/repository/org/apache/ftpserver/ftpserver-core/1.1.1/ftpserver-core-1.1.1.jar:/home/alex/.m2/repository/org/apache/ftpserver/ftplet-api/1.1.1/ftplet-api-1.1.1.jar:/home/alex/.m2/repository/org/slf4j/slf4j-api/1.7.32/slf4j-api-1.7.32.jar:/home/alex/.m2/repository/org/apache/mina/mina-core/2.0.16/mina-core-2.0.16.jar:/home/alex/Repositories/nifi/nifi-api/target/classes:/home/alex/Repositories/nifi/nifi-commons/nifi-expression-language/target/classes:/home/alex/.m2/repository/org/antlr/antlr-runtime/3.5.2/antlr-runtime-3.5.2.jar:/home/alex/Repositories/nifi/nifi-commons/nifi-parameter/target/classes:/home/alex/Repositories/nifi/nifi-commons/nifi-uuid5/target/classes:/home/alex/.m2/repository/org/apache/commons/commons-text/1.8/commons-text-1.8.jar:/home/alex/Repositories/nifi/nifi-nar-bundles/nifi-extension-utils/nifi-processor-utils/target/classes:/home/alex/Repositories/nifi/nifi-commons/nifi-security-socket-ssl/target/classes:/home/alex/Repositories/nifi/nifi-nar-bundles/nifi-extension-utils/nifi-event-transport/target/classes:/home/alex/.m2/repository/io/netty/netty-handler/4.1.69.Final/netty-handler-4.1.69.Final.jar:/home/alex/.m2/repository/io/netty/netty-common/4.1.69.Final/netty-common-4.1.69.Final.jar:/home/alex/.m2/repository/io/netty/netty-resolver/4.1.69.Final/netty-resolver-4.1.69.Final.jar:/home/alex/.m2/repository/io/netty/netty-transport/4.1.69.Final/netty-transport-4.1.69.Final.jar:/home/alex/.m2/repository/io/netty/netty-codec/4.1.69.Final/netty-codec-4.1.69.Final.jar:/home/alex/Repositories/nifi/nifi-nar-bundles/nifi-extension-utils/nifi-syslog-utils/target/classes:/home/alex/.m2/repository/com/github/palindromicity/simple-syslog-5424/0.0.16/simple-syslog-5424-0.0.16.jar:/home/alex/.m2/repository/org/antlr/antlr4-runtime/4.7.2/antlr4-runtime-4.7.2.jar:/home/alex/Repositories/nifi/nifi-commons/nifi-utils/target/classes:/home/alex/Repositories/nifi/nifi-commons/nifi-record-path/target/classes:/home/alex/Repositories/nifi/nifi-commons/nifi-properties/target/classes:/home/alex/Repositories/nifi/nifi-commons/nifi-property-utils/target/classes:/home/alex/.m2/repository/com/github/ben-manes/caffeine/caffeine/2.8.1/caffeine-2.8.1.jar:/home/alex/Repositories/nifi/nifi-nar-bundles/nifi-standard-services/nifi-ssl-context-service-api/target/classes:/home/alex/Repositories/nifi/nifi-commons/nifi-security-utils-api/target/classes:/home/alex/Repositories/nifi/nifi-nar-bundles/nifi-standard-services/nifi-lookup-service-api/target/classes:/home/alex/Repositories/nifi/nifi-commons/nifi-flowfile-packager/target/classes:/home/alex/Repositories/nifi/nifi-nar-bundles/nifi-standard-services/nifi-distributed-cache-client-service-api/target/classes:/home/alex/Repositories/nifi/nifi-nar-bundles/nifi-standard-services/nifi-http-context-map-api/target/classes:/home/alex/Repositories/nifi/nifi-nar-bundles/nifi-standard-services/nifi-record-serialization-service-api/target/classes:/home/alex/Repositories/nifi/nifi-nar-bundles/nifi-standard-services/nifi-proxy-configuration-api/target/classes:/home/alex/Repositories/nifi/nifi-commons/nifi-record/target/classes:/home/alex/Repositories/nifi/nifi-nar-bundles/nifi-standard-services/nifi-record-sink-api/target/classes:/home/alex/.m2/repository/commons-io/commons-io/2.10.0/commons-io-2.10.0.jar:/home/alex/.m2/repository/javax/ws/rs/javax.ws.rs-api/2.1/javax.ws.rs-api-2.1.jar:/home/alex/.m2/repository/commons-net/commons-net/3.6/commons-net-3.6.jar:/home/alex/.m2/repository/org/apache/commons/commons-compress/1.21/commons-compress-1.21.jar:/home/alex/.m2/repository/org/apache/commons/commons-lang3/3.9/commons-lang3-3.9.jar:/home/alex/.m2/repository/org/bouncycastle/bcprov-jdk15on/1.69/bcprov-jdk15on-1.69.jar:/home/alex/.m2/repository/org/bouncycastle/bcpg-jdk15on/1.69/bcpg-jdk15on-1.69.jar:/home/alex/.m2/repository/org/bouncycastle/bcpkix-jdk15on/1.69/bcpkix-jdk15on-1.69.jar:/home/alex/.m2/repository/org/bouncycastle/bcutil-jdk15on/1.69/bcutil-jdk15on-1.69.jar:/home/alex/.m2/repository/commons-codec/commons-codec/1.14/commons-codec-1.14.jar:/home/alex/Repositories/nifi/nifi-commons/nifi-security-utils/target/classes:/home/alex/Repositories/nifi/nifi-commons/nifi-security-kms/target/classes:/home/alex/.m2/repository/org/apache/commons/commons-configuration2/2.7/commons-configuration2-2.7.jar:/home/alex/.m2/repository/com/hierynomus/sshj/0.32.0/sshj-0.32.0.jar:/home/alex/.m2/repository/com/jcraft/jzlib/1.1.3/jzlib-1.1.3.jar:/home/alex/.m2/repository/com/hierynomus/asn-one/0.6.0/asn-one-0.6.0.jar:/home/alex/.m2/repository/net/i2p/crypto/eddsa/0.3.0/eddsa-0.3.0.jar:/home/alex/.m2/repository/org/eclipse/jetty/jetty-server/9.4.44.v20210927/jetty-server-9.4.44.v20210927.jar:/home/alex/.m2/repository/javax/servlet/javax.servlet-api/3.1.0/javax.servlet-api-3.1.0.jar:/home/alex/.m2/repository/org/eclipse/jetty/jetty-http/9.4.44.v20210927/jetty-http-9.4.44.v20210927.jar:/home/alex/.m2/repository/org/eclipse/jetty/jetty-util/9.4.44.v20210927/jetty-util-9.4.44.v20210927.jar:/home/alex/.m2/repository/org/eclipse/jetty/jetty-io/9.4.44.v20210927/jetty-io-9.4.44.v20210927.jar:/home/alex/.m2/repository/org/eclipse/jetty/jetty-servlet/9.4.44.v20210927/jetty-servlet-9.4.44.v20210927.jar:/home/alex/.m2/repository/org/eclipse/jetty/jetty-security/9.4.44.v20210927/jetty-security-9.4.44.v20210927.jar:/home/alex/.m2/repository/org/eclipse/jetty/jetty-util-ajax/9.4.44.v20210927/jetty-util-ajax-9.4.44.v20210927.jar:/home/alex/.m2/repository/org/apache/httpcomponents/httpclient/4.5.5/httpclient-4.5.5.jar:/home/alex/.m2/repository/commons-logging/commons-logging/1.2/commons-logging-1.2.jar:/home/alex/.m2/repository/org/apache/httpcomponents/httpcore/4.4.9/httpcore-4.4.9.jar:/home/alex/.m2/repository/jakarta/activation/jakarta.activation-api/2.0.1/jakarta.activation-api-2.0.1.jar:/home/alex/.m2/repository/com/sun/activation/jakarta.activation/2.0.1/jakarta.activation-2.0.1.jar:/home/alex/.m2/repository/jakarta/mail/jakarta.mail-api/2.0.1/jakarta.mail-api-2.0.1.jar:/home/alex/.m2/repository/com/sun/mail/jakarta.mail/2.0.1/jakarta.mail-2.0.1.jar:/home/alex/.m2/repository/com/github/jponge/lzma-java/1.3/lzma-java-1.3.jar:/home/alex/.m2/repository/org/tukaani/xz/1.8/xz-1.8.jar:/home/alex/.m2/repository/net/sf/saxon/Saxon-HE/10.6/Saxon-HE-10.6.jar:/home/alex/Repositories/nifi/nifi-commons/nifi-socket-utils/target/classes:/home/alex/Repositories/nifi/nifi-commons/nifi-logging-utils/target/classes:/home/alex/Repositories/nifi/nifi-nar-bundles/nifi-standard-services/nifi-load-distribution-service-api/target/classes:/home/alex/.m2/repository/javax/jms/javax.jms-api/2.0.1/javax.jms-api-2.0.1.jar:/home/alex/.m2/repository/org/apache/activemq/activemq-client/5.15.15/activemq-client-5.15.15.jar:/home/alex/.m2/repository/org/apache/geronimo/specs/geronimo-jms_1.1_spec/1.1.1/geronimo-jms_1.1_spec-1.1.1.jar:/home/alex/.m2/repository/org/fusesource/hawtbuf/hawtbuf/1.11/hawtbuf-1.11.jar:/home/alex/.m2/repository/org/apache/geronimo/specs/geronimo-j2ee-management_1.1_spec/1.0.1/geronimo-j2ee-management_1.1_spec-1.0.1.jar:/home/alex/.m2/repository/com/jayway/jsonpath/json-path/2.6.0/json-path-2.6.0.jar:/home/alex/.m2/repository/net/minidev/json-smart/2.4.7/json-smart-2.4.7.jar:/home/alex/.m2/repository/net/minidev/accessors-smart/2.4.7/accessors-smart-2.4.7.jar:/home/alex/.m2/repository/org/ow2/asm/asm/9.1/asm-9.1.jar:/home/alex/.m2/repository/org/apache/tika/tika-core/1.26/tika-core-1.26.jar:/home/alex/.m2/repository/com/fasterxml/jackson/core/jackson-databind/2.12.3/jackson-databind-2.12.3.jar:/home/alex/.m2/repository/com/fasterxml/jackson/core/jackson-annotations/2.12.3/jackson-annotations-2.12.3.jar:/home/alex/.m2/repository/com/fasterxml/jackson/core/jackson-core/2.12.3/jackson-core-2.12.3.jar:/home/alex/Repositories/nifi/nifi-nar-bundles/nifi-extension-utils/nifi-record-utils/nifi-avro-record-utils/target/classes:/home/alex/Repositories/nifi/nifi-nar-bundles/nifi-extension-utils/nifi-record-utils/nifi-standard-record-utils/target/classes:/home/alex/.m2/repository/org/apache/avro/avro/1.8.1/avro-1.8.1.jar:/home/alex/.m2/repository/org/codehaus/jackson/jackson-core-asl/1.9.13/jackson-core-asl-1.9.13.jar:/home/alex/.m2/repository/org/codehaus/jackson/jackson-mapper-asl/1.9.13/jackson-mapper-asl-1.9.13.jar:/home/alex/.m2/repository/com/thoughtworks/paranamer/paranamer/2.7/paranamer-2.7.jar:/home/alex/Repositories/nifi/nifi-nar-bundles/nifi-standard-services/nifi-dbcp-service-api/target/classes:/home/alex/.m2/repository/com/squareup/okhttp3/okhttp/4.9.2/okhttp-4.9.2.jar:/home/alex/.m2/repository/com/squareup/okio/okio/2.8.0/okio-2.8.0.jar:/home/alex/.m2/repository/org/jetbrains/kotlin/kotlin-stdlib-common/1.4.0/kotlin-stdlib-common-1.4.0.jar:/home/alex/.m2/repository/org/jetbrains/kotlin/kotlin-stdlib/1.4.10/kotlin-stdlib-1.4.10.jar:/home/alex/.m2/repository/org/jetbrains/annotations/13.0/annotations-13.0.jar:/home/alex/.m2/repository/io/github/rburgst/okhttp-digest/2.5/okhttp-digest-2.5.jar:/home/alex/.m2/repository/at/favre/lib/bcrypt/0.9.0/bcrypt-0.9.0.jar:/home/alex/.m2/repository/at/favre/lib/bytes/1.3.0/bytes-1.3.0.jar:/home/alex/.m2/repository/com/google/guava/guava/28.0-jre/guava-28.0-jre.jar:/home/alex/.m2/repository/com/google/guava/failureaccess/1.0.1/failureaccess-1.0.1.jar:/home/alex/.m2/repository/com/google/guava/listenablefuture/9999.0-empty-to-avoid-conflict-with-guava/listenablefuture-9999.0-empty-to-avoid-conflict-with-guava.jar:/home/alex/.m2/repository/com/google/code/findbugs/jsr305/3.0.2/jsr305-3.0.2.jar:/home/alex/.m2/repository/org/checkerframework/checker-qual/2.8.1/checker-qual-2.8.1.jar:/home/alex/.m2/repository/com/google/errorprone/error_prone_annotations/2.3.2/error_prone_annotations-2.3.2.jar:/home/alex/.m2/repository/com/google/j2objc/j2objc-annotations/1.3/j2objc-annotations-1.3.jar:/home/alex/.m2/repository/org/codehaus/mojo/animal-sniffer-annotations/1.17/animal-sniffer-annotations-1.17.jar:/home/alex/Repositories/nifi/nifi-mock/target/classes:/home/alex/Repositories/nifi/nifi-framework-api/target/classes:/home/alex/Repositories/nifi/nifi-nar-bundles/nifi-framework-bundle/nifi-framework/nifi-framework-core-api/target/classes:/home/alex/Repositories/nifi/nifi-nar-bundles/nifi-framework-bundle/nifi-framework/nifi-framework-nar-utils/target/classes:/home/alex/Repositories/nifi/nifi-nar-bundles/nifi-framework-bundle/nifi-framework/nifi-client-dto/target/classes:/home/alex/.m2/repository/io/swagger/swagger-annotations/1.6.0/swagger-annotations-1.6.0.jar:/home/alex/Repositories/nifi/nifi-commons/nifi-site-to-site-client/target/classes:/home/alex/.m2/repository/org/apache/httpcomponents/httpasyncclient/4.1.4/httpasyncclient-4.1.4.jar:/home/alex/.m2/repository/org/apache/httpcomponents/httpcore-nio/4.4.10/httpcore-nio-4.4.10.jar:/home/alex/Repositories/nifi/nifi-nar-bundles/nifi-framework-bundle/nifi-framework/nifi-framework-authorization/target/classes:/home/alex/Repositories/nifi/nifi-registry/nifi-registry-core/nifi-registry-data-model/target/classes:/home/alex/Repositories/nifi/nifi-registry/nifi-registry-core/nifi-registry-revision/nifi-registry-revision-entity-model/target/classes:/home/alex/Repositories/nifi/nifi-registry/nifi-registry-core/nifi-registry-client/target/classes:/home/alex/Repositories/nifi/nifi-registry/nifi-registry-core/nifi-registry-security-utils/target/classes:/home/alex/.m2/repository/org/glassfish/jersey/core/jersey-client/2.33/jersey-client-2.33.jar:/home/alex/.m2/repository/jakarta/ws/rs/jakarta.ws.rs-api/2.1.6/jakarta.ws.rs-api-2.1.6.jar:/home/alex/.m2/repository/org/glassfish/hk2/external/jakarta.inject/2.6.1/jakarta.inject-2.6.1.jar:/home/alex/.m2/repository/org/glassfish/jersey/media/jersey-media-json-jackson/2.33/jersey-media-json-jackson-2.33.jar:/home/alex/.m2/repository/org/glassfish/jersey/ext/jersey-entity-filtering/2.33/jersey-entity-filtering-2.33.jar:/home/alex/.m2/repository/org/glassfish/jersey/inject/jersey-hk2/2.33/jersey-hk2-2.33.jar:/home/alex/.m2/repository/org/glassfish/hk2/hk2-locator/2.6.1/hk2-locator-2.6.1.jar:/home/alex/.m2/repository/org/glassfish/hk2/external/aopalliance-repackaged/2.6.1/aopalliance-repackaged-2.6.1.jar:/home/alex/.m2/repository/org/glassfish/hk2/hk2-api/2.6.1/hk2-api-2.6.1.jar:/home/alex/.m2/repository/org/glassfish/hk2/hk2-utils/2.6.1/hk2-utils-2.6.1.jar:/home/alex/.m2/repository/org/javassist/javassist/3.25.0-GA/javassist-3.25.0-GA.jar:/home/alex/.m2/repository/org/glassfish/jersey/core/jersey-common/2.33/jersey-common-2.33.jar:/home/alex/.m2/repository/jakarta/annotation/jakarta.annotation-api/1.3.5/jakarta.annotation-api-1.3.5.jar:/home/alex/.m2/repository/org/glassfish/hk2/osgi-resource-locator/1.0.3/osgi-resource-locator-1.0.3.jar:/home/alex/.m2/repository/org/glassfish/jersey/media/jersey-media-multipart/2.33/jersey-media-multipart-2.33.jar:/home/alex/.m2/repository/org/jvnet/mimepull/mimepull/1.9.13/mimepull-1.9.13.jar:/home/alex/Repositories/nifi/nifi-commons/nifi-data-provenance-utils/target/classes:/home/alex/Repositories/nifi/nifi-nar-bundles/nifi-standard-services/nifi-distributed-cache-services-bundle/nifi-distributed-cache-client-service/target/classes:/home/alex/Repositories/nifi/nifi-nar-bundles/nifi-standard-services/nifi-distributed-cache-services-bundle/nifi-distributed-cache-protocol/target/classes:/home/alex/.m2/repository/io/netty/netty-buffer/4.1.69.Final/netty-buffer-4.1.69.Final.jar:/home/alex/.m2/repository/com/google/http-client/google-http-client/1.28.0/google-http-client-1.28.0.jar:/home/alex/.m2/repository/io/opencensus/opencensus-api/0.18.0/opencensus-api-0.18.0.jar:/home/alex/.m2/repository/io/grpc/grpc-context/1.14.0/grpc-context-1.14.0.jar:/home/alex/.m2/repository/io/opencensus/opencensus-contrib-http-util/0.18.0/opencensus-contrib-http-util-0.18.0.jar:/home/alex/.m2/repository/org/apache/activemq/activemq-broker/5.15.14/activemq-broker-5.15.14.jar:/home/alex/.m2/repository/org/apache/activemq/activemq-openwire-legacy/5.15.14/activemq-openwire-legacy-5.15.14.jar:/home/alex/Repositories/nifi/nifi-nar-bundles/nifi-standard-services/nifi-ssl-context-bundle/nifi-ssl-context-service/target/classes:/home/alex/Repositories/nifi/nifi-nar-bundles/nifi-framework-bundle/nifi-framework/nifi-standard-prioritizers/target/classes:/home/alex/Repositories/nifi/nifi-nar-bundles/nifi-extension-utils/nifi-record-utils/nifi-mock-record-utils/target/classes:/home/alex/Repositories/nifi/nifi-nar-bundles/nifi-standard-services/nifi-record-serialization-services-bundle/nifi-record-serialization-services/target/classes:/home/alex/.m2/repository/org/apache/commons/commons-csv/1.8/commons-csv-1.8.jar:/home/alex/.m2/repository/com/fasterxml/jackson/dataformat/jackson-dataformat-csv/2.12.3/jackson-dataformat-csv-2.12.3.jar:/home/alex/.m2/repository/net/java/dev/stax-utils/stax-utils/20070216/stax-utils-20070216.jar:/home/alex/Repositories/nifi/nifi-nar-bundles/nifi-standard-services/nifi-lookup-services-bundle/nifi-lookup-services/target/classes:/home/alex/.m2/repository/commons-beanutils/commons-beanutils/1.9.4/commons-beanutils-1.9.4.jar:/home/alex/.m2/repository/commons-collections/commons-collections/3.2.2/commons-collections-3.2.2.jar:/home/alex/.m2/repository/com/maxmind/geoip2/geoip2/2.12.0/geoip2-2.12.0.jar:/home/alex/.m2/repository/com/maxmind/db/maxmind-db/1.2.2/maxmind-db-1.2.2.jar:/home/alex/.m2/repository/org/apache/derby/derby/10.14.2.0/derby-10.14.2.0.jar:/home/alex/.m2/repository/org/xerial/snappy/snappy-java/1.1.7.3/snappy-java-1.1.7.3.jar:/home/alex/.m2/repository/net/lingala/zip4j/zip4j/2.8.0/zip4j-2.8.0.jar:/home/alex/.m2/repository/com/h2database/h2/1.4.187/h2-1.4.187.jar:/home/alex/.m2/repository/org/mockftpserver/MockFtpServer/2.7.1/MockFtpServer-2.7.1.jar:/home/alex/.m2/repository/org/apache/sshd/sshd-core/1.7.0/sshd-core-1.7.0.jar:/home/alex/.m2/repository/com/bazaarvoice/jolt/jolt-core/0.1.1/jolt-core-0.1.1.jar:/home/alex/.m2/repository/javax/inject/javax.inject/1/javax.inject-1.jar:/home/alex/.m2/repository/com/bazaarvoice/jolt/json-utils/0.1.1/json-utils-0.1.1.jar:/home/alex/Repositories/nifi/nifi-nar-bundles/nifi-standard-bundle/nifi-standard-utils/target/classes:/home/alex/.m2/repository/net/sf/supercsv/super-csv/2.4.0/super-csv-2.4.0.jar:/home/alex/.m2/repository/com/fluenda/parcefone/2.1.0/parcefone-2.1.0.jar:/home/alex/.m2/repository/javax/validation/validation-api/1.1.0.Final/validation-api-1.1.0.Final.jar:/home/alex/.m2/repository/javax/el/javax.el-api/3.0.0/javax.el-api-3.0.0.jar:/home/alex/.m2/repository/com/github/wnameless/json/json-flattener/0.12.0/json-flattener-0.12.0.jar:/home/alex/.m2/repository/com/github/wnameless/json/json-base/2.0.0/json-base-2.0.0.jar:/home/alex/.m2/repository/org/apache/bval/bval-jsr/1.1.2/bval-jsr-1.1.2.jar:/home/alex/.m2/repository/org/apache/bval/bval-core/1.1.2/bval-core-1.1.2.jar:/home/alex/.m2/repository/io/krakens/java-grok/0.1.9/java-grok-0.1.9.jar:/home/alex/.m2/repository/org/apache/calcite/calcite-core/1.27.0/calcite-core-1.27.0.jar:/home/alex/.m2/repository/org/apache/calcite/calcite-linq4j/1.27.0/calcite-linq4j-1.27.0.jar:/home/alex/.m2/repository/com/esri/geometry/esri-geometry-api/2.2.0/esri-geometry-api-2.2.0.jar:/home/alex/.m2/repository/org/apache/calcite/avatica/avatica-core/1.18.0/avatica-core-1.18.0.jar:/home/alex/.m2/repository/org/apache/calcite/avatica/avatica-metrics/1.18.0/avatica-metrics-1.18.0.jar:/home/alex/.m2/repository/com/google/protobuf/protobuf-java/3.6.1/protobuf-java-3.6.1.jar:/home/alex/.m2/repository/org/apiguardian/apiguardian-api/1.1.0/apiguardian-api-1.1.0.jar:/home/alex/.m2/repository/com/fasterxml/jackson/dataformat/jackson-dataformat-yaml/2.10.0/jackson-dataformat-yaml-2.10.0.jar:/home/alex/.m2/repository/org/yaml/snakeyaml/1.29/snakeyaml-1.29.jar:/home/alex/.m2/repository/com/google/uzaygezen/uzaygezen-core/0.2/uzaygezen-core-0.2.jar:/home/alex/.m2/repository/com/yahoo/datasketches/sketches-core/0.9.0/sketches-core-0.9.0.jar:/home/alex/.m2/repository/com/yahoo/datasketches/memory/0.9.0/memory-0.9.0.jar:/home/alex/.m2/repository/net/hydromatic/aggdesigner-algorithm/6.0/aggdesigner-algorithm-6.0.jar:/home/alex/.m2/repository/commons-lang/commons-lang/2.4/commons-lang-2.4.jar:/home/alex/.m2/repository/org/apache/commons/commons-dbcp2/2.6.0/commons-dbcp2-2.6.0.jar:/home/alex/.m2/repository/org/apache/commons/commons-pool2/2.6.1/commons-pool2-2.6.1.jar:/home/alex/.m2/repository/org/codehaus/janino/commons-compiler/3.0.11/commons-compiler-3.0.11.jar:/home/alex/.m2/repository/org/codehaus/janino/janino/3.0.11/janino-3.0.11.jar:/home/alex/Repositories/nifi/nifi-nar-bundles/nifi-standard-services/nifi-schema-registry-service-api/target/classes:/home/alex/Repositories/nifi/nifi-nar-bundles/nifi-extension-utils/nifi-database-utils/target/classes:/home/alex/Repositories/nifi/nifi-nar-bundles/nifi-standard-bundle/nifi-standard-web-test-utils/target/classes:/home/alex/.m2/repository/com/github/stefanbirkner/fake-sftp-server-rule/2.0.1/fake-sftp-server-rule-2.0.1.jar:/home/alex/.m2/repository/com/github/marschall/memoryfilesystem/2.8.0/memoryfilesystem-2.8.0.jar:/home/alex/.m2/repository/junit/junit/4.13.2/junit-4.13.2.jar:/home/alex/.m2/repository/org/hamcrest/hamcrest-core/1.3/hamcrest-core-1.3.jar:/home/alex/Repositories/nifi/nifi-nar-bundles/nifi-extension-utils/nifi-database-test-utils/target/classes:/home/alex/.m2/repository/org/codehaus/groovy/groovy-json/2.5.14/groovy-json-2.5.14.jar:/home/alex/.m2/repository/org/codehaus/groovy/groovy/2.5.14/groovy-2.5.14.jar:/home/alex/.m2/repository/org/codehaus/groovy/groovy-servlet/2.5.14/groovy-servlet-2.5.14.jar:/home/alex/.m2/repository/org/codehaus/groovy/groovy-templates/2.5.14/groovy-templates-2.5.14.jar:/home/alex/.m2/repository/org/codehaus/groovy/groovy-xml/2.5.14/groovy-xml-2.5.14.jar:/home/alex/.m2/repository/org/hamcrest/hamcrest-all/1.3/hamcrest-all-1.3.jar:/home/alex/.m2/repository/com/squareup/okhttp3/mockwebserver/4.9.2/mockwebserver-4.9.2.jar:/home/alex/.m2/repository/org/jetbrains/kotlin/kotlin-stdlib-jdk8/1.4.10/kotlin-stdlib-jdk8-1.4.10.jar:/home/alex/.m2/repository/org/jetbrains/kotlin/kotlin-stdlib-jdk7/1.4.10/kotlin-stdlib-jdk7-1.4.10.jar:/home/alex/.m2/repository/org/mockito/mockito-inline/3.12.4/mockito-inline-3.12.4.jar:/home/alex/.m2/repository/org/junit/jupiter/junit-jupiter-api/5.7.2/junit-jupiter-api-5.7.2.jar:/home/alex/.m2/repository/org/opentest4j/opentest4j/1.2.0/opentest4j-1.2.0.jar:/home/alex/.m2/repository/org/junit/platform/junit-platform-commons/1.7.2/junit-platform-commons-1.7.2.jar:/home/alex/.m2/repository/org/junit/jupiter/junit-jupiter-engine/5.7.2/junit-jupiter-engine-5.7.2.jar:/home/alex/.m2/repository/org/junit/platform/junit-platform-engine/1.7.2/junit-platform-engine-1.7.2.jar:/home/alex/.m2/repository/org/junit/vintage/junit-vintage-engine/5.7.2/junit-vintage-engine-5.7.2.jar:/home/alex/.m2/repository/org/junit/jupiter/junit-jupiter-params/5.7.2/junit-jupiter-params-5.7.2.jar:/home/alex/.m2/repository/org/mockito/mockito-core/3.11.2/mockito-core-3.11.2.jar:/home/alex/.m2/repository/net/bytebuddy/byte-buddy/1.11.3/byte-buddy-1.11.3.jar:/home/alex/.m2/repository/net/bytebuddy/byte-buddy-agent/1.11.3/byte-buddy-agent-1.11.3.jar:/home/alex/.m2/repository/org/objenesis/objenesis/3.2/objenesis-3.2.jar:/home/alex/.m2/repository/org/mockito/mockito-junit-jupiter/3.11.2/mockito-junit-jupiter-3.11.2.jar:/home/alex/.m2/repository/org/slf4j/slf4j-simple/1.7.32/slf4j-simple-1.7.32.jar:/home/alex/.m2/repository/org/codehaus/groovy/groovy-test/2.5.14/groovy-test-2.5.14.jar:"/>
    <property name="org.slf4j.simpleLogger.log.nifi.processors.standard.TestExecuteSQLRecord" value="debug"/>
    <property name="java.vm.vendor" value="Private Build"/>
    <property name="sun.arch.data.model" value="64"/>
    <property name="java.vendor.url" value="http://java.oracle.com/"/>
    <property name="user.timezone" value="Europe/Lisbon"/>
    <property name="java.vm.specification.version" value="1.8"/>
    <property name="os.name" value="Linux"/>
    <property name="user.country" value="US"/>
    <property name="sun.java.launcher" value="SUN_STANDARD"/>
    <property name="sun.boot.library.path" value="/usr/lib/jvm/java-8-openjdk-amd64/jre/lib/amd64"/>
    <property name="sun.java.command" value="/home/alex/Repositories/nifi/nifi-nar-bundles/nifi-standard-bundle/nifi-standard-processors/target/surefire/surefirebooter262180563015504354.jar /home/alex/Repositories/nifi/nifi-nar-bundles/nifi-standard-bundle/nifi-standard-processors/target/surefire 2024-05-02T02-13-54_999-jvmRun1 surefire7006267633466184684tmp surefire_695365209324004685157tmp"/>
    <property name="org.slf4j.simpleLogger.log.nifi.io.nio" value="debug"/>
    <property name="surefire.test.class.path" value="/home/alex/Repositories/nifi/nifi-nar-bundles/nifi-standard-bundle/nifi-standard-processors/target/test-classes:/home/alex/Repositories/nifi/nifi-nar-bundles/nifi-standard-bundle/nifi-standard-processors/target/classes:/home/alex/.m2/repository/org/apache/ftpserver/ftpserver-core/1.1.1/ftpserver-core-1.1.1.jar:/home/alex/.m2/repository/org/apache/ftpserver/ftplet-api/1.1.1/ftplet-api-1.1.1.jar:/home/alex/.m2/repository/org/slf4j/slf4j-api/1.7.32/slf4j-api-1.7.32.jar:/home/alex/.m2/repository/org/apache/mina/mina-core/2.0.16/mina-core-2.0.16.jar:/home/alex/Repositories/nifi/nifi-api/target/classes:/home/alex/Repositories/nifi/nifi-commons/nifi-expression-language/target/classes:/home/alex/.m2/repository/org/antlr/antlr-runtime/3.5.2/antlr-runtime-3.5.2.jar:/home/alex/Repositories/nifi/nifi-commons/nifi-parameter/target/classes:/home/alex/Repositories/nifi/nifi-commons/nifi-uuid5/target/classes:/home/alex/.m2/repository/org/apache/commons/commons-text/1.8/commons-text-1.8.jar:/home/alex/Repositories/nifi/nifi-nar-bundles/nifi-extension-utils/nifi-processor-utils/target/classes:/home/alex/Repositories/nifi/nifi-commons/nifi-security-socket-ssl/target/classes:/home/alex/Repositories/nifi/nifi-nar-bundles/nifi-extension-utils/nifi-event-transport/target/classes:/home/alex/.m2/repository/io/netty/netty-handler/4.1.69.Final/netty-handler-4.1.69.Final.jar:/home/alex/.m2/repository/io/netty/netty-common/4.1.69.Final/netty-common-4.1.69.Final.jar:/home/alex/.m2/repository/io/netty/netty-resolver/4.1.69.Final/netty-resolver-4.1.69.Final.jar:/home/alex/.m2/repository/io/netty/netty-transport/4.1.69.Final/netty-transport-4.1.69.Final.jar:/home/alex/.m2/repository/io/netty/netty-codec/4.1.69.Final/netty-codec-4.1.69.Final.jar:/home/alex/Repositories/nifi/nifi-nar-bundles/nifi-extension-utils/nifi-syslog-utils/target/classes:/home/alex/.m2/repository/com/github/palindromicity/simple-syslog-5424/0.0.16/simple-syslog-5424-0.0.16.jar:/home/alex/.m2/repository/org/antlr/antlr4-runtime/4.7.2/antlr4-runtime-4.7.2.jar:/home/alex/Repositories/nifi/nifi-commons/nifi-utils/target/classes:/home/alex/Repositories/nifi/nifi-commons/nifi-record-path/target/classes:/home/alex/Repositories/nifi/nifi-commons/nifi-properties/target/classes:/home/alex/Repositories/nifi/nifi-commons/nifi-property-utils/target/classes:/home/alex/.m2/repository/com/github/ben-manes/caffeine/caffeine/2.8.1/caffeine-2.8.1.jar:/home/alex/Repositories/nifi/nifi-nar-bundles/nifi-standard-services/nifi-ssl-context-service-api/target/classes:/home/alex/Repositories/nifi/nifi-commons/nifi-security-utils-api/target/classes:/home/alex/Repositories/nifi/nifi-nar-bundles/nifi-standard-services/nifi-lookup-service-api/target/classes:/home/alex/Repositories/nifi/nifi-commons/nifi-flowfile-packager/target/classes:/home/alex/Repositories/nifi/nifi-nar-bundles/nifi-standard-services/nifi-distributed-cache-client-service-api/target/classes:/home/alex/Repositories/nifi/nifi-nar-bundles/nifi-standard-services/nifi-http-context-map-api/target/classes:/home/alex/Repositories/nifi/nifi-nar-bundles/nifi-standard-services/nifi-record-serialization-service-api/target/classes:/home/alex/Repositories/nifi/nifi-nar-bundles/nifi-standard-services/nifi-proxy-configuration-api/target/classes:/home/alex/Repositories/nifi/nifi-commons/nifi-record/target/classes:/home/alex/Repositories/nifi/nifi-nar-bundles/nifi-standard-services/nifi-record-sink-api/target/classes:/home/alex/.m2/repository/commons-io/commons-io/2.10.0/commons-io-2.10.0.jar:/home/alex/.m2/repository/javax/ws/rs/javax.ws.rs-api/2.1/javax.ws.rs-api-2.1.jar:/home/alex/.m2/repository/commons-net/commons-net/3.6/commons-net-3.6.jar:/home/alex/.m2/repository/org/apache/commons/commons-compress/1.21/commons-compress-1.21.jar:/home/alex/.m2/repository/org/apache/commons/commons-lang3/3.9/commons-lang3-3.9.jar:/home/alex/.m2/repository/org/bouncycastle/bcprov-jdk15on/1.69/bcprov-jdk15on-1.69.jar:/home/alex/.m2/repository/org/bouncycastle/bcpg-jdk15on/1.69/bcpg-jdk15on-1.69.jar:/home/alex/.m2/repository/org/bouncycastle/bcpkix-jdk15on/1.69/bcpkix-jdk15on-1.69.jar:/home/alex/.m2/repository/org/bouncycastle/bcutil-jdk15on/1.69/bcutil-jdk15on-1.69.jar:/home/alex/.m2/repository/commons-codec/commons-codec/1.14/commons-codec-1.14.jar:/home/alex/Repositories/nifi/nifi-commons/nifi-security-utils/target/classes:/home/alex/Repositories/nifi/nifi-commons/nifi-security-kms/target/classes:/home/alex/.m2/repository/org/apache/commons/commons-configuration2/2.7/commons-configuration2-2.7.jar:/home/alex/.m2/repository/com/hierynomus/sshj/0.32.0/sshj-0.32.0.jar:/home/alex/.m2/repository/com/jcraft/jzlib/1.1.3/jzlib-1.1.3.jar:/home/alex/.m2/repository/com/hierynomus/asn-one/0.6.0/asn-one-0.6.0.jar:/home/alex/.m2/repository/net/i2p/crypto/eddsa/0.3.0/eddsa-0.3.0.jar:/home/alex/.m2/repository/org/eclipse/jetty/jetty-server/9.4.44.v20210927/jetty-server-9.4.44.v20210927.jar:/home/alex/.m2/repository/javax/servlet/javax.servlet-api/3.1.0/javax.servlet-api-3.1.0.jar:/home/alex/.m2/repository/org/eclipse/jetty/jetty-http/9.4.44.v20210927/jetty-http-9.4.44.v20210927.jar:/home/alex/.m2/repository/org/eclipse/jetty/jetty-util/9.4.44.v20210927/jetty-util-9.4.44.v20210927.jar:/home/alex/.m2/repository/org/eclipse/jetty/jetty-io/9.4.44.v20210927/jetty-io-9.4.44.v20210927.jar:/home/alex/.m2/repository/org/eclipse/jetty/jetty-servlet/9.4.44.v20210927/jetty-servlet-9.4.44.v20210927.jar:/home/alex/.m2/repository/org/eclipse/jetty/jetty-security/9.4.44.v20210927/jetty-security-9.4.44.v20210927.jar:/home/alex/.m2/repository/org/eclipse/jetty/jetty-util-ajax/9.4.44.v20210927/jetty-util-ajax-9.4.44.v20210927.jar:/home/alex/.m2/repository/org/apache/httpcomponents/httpclient/4.5.5/httpclient-4.5.5.jar:/home/alex/.m2/repository/commons-logging/commons-logging/1.2/commons-logging-1.2.jar:/home/alex/.m2/repository/org/apache/httpcomponents/httpcore/4.4.9/httpcore-4.4.9.jar:/home/alex/.m2/repository/jakarta/activation/jakarta.activation-api/2.0.1/jakarta.activation-api-2.0.1.jar:/home/alex/.m2/repository/com/sun/activation/jakarta.activation/2.0.1/jakarta.activation-2.0.1.jar:/home/alex/.m2/repository/jakarta/mail/jakarta.mail-api/2.0.1/jakarta.mail-api-2.0.1.jar:/home/alex/.m2/repository/com/sun/mail/jakarta.mail/2.0.1/jakarta.mail-2.0.1.jar:/home/alex/.m2/repository/com/github/jponge/lzma-java/1.3/lzma-java-1.3.jar:/home/alex/.m2/repository/org/tukaani/xz/1.8/xz-1.8.jar:/home/alex/.m2/repository/net/sf/saxon/Saxon-HE/10.6/Saxon-HE-10.6.jar:/home/alex/Repositories/nifi/nifi-commons/nifi-socket-utils/target/classes:/home/alex/Repositories/nifi/nifi-commons/nifi-logging-utils/target/classes:/home/alex/Repositories/nifi/nifi-nar-bundles/nifi-standard-services/nifi-load-distribution-service-api/target/classes:/home/alex/.m2/repository/javax/jms/javax.jms-api/2.0.1/javax.jms-api-2.0.1.jar:/home/alex/.m2/repository/org/apache/activemq/activemq-client/5.15.15/activemq-client-5.15.15.jar:/home/alex/.m2/repository/org/apache/geronimo/specs/geronimo-jms_1.1_spec/1.1.1/geronimo-jms_1.1_spec-1.1.1.jar:/home/alex/.m2/repository/org/fusesource/hawtbuf/hawtbuf/1.11/hawtbuf-1.11.jar:/home/alex/.m2/repository/org/apache/geronimo/specs/geronimo-j2ee-management_1.1_spec/1.0.1/geronimo-j2ee-management_1.1_spec-1.0.1.jar:/home/alex/.m2/repository/com/jayway/jsonpath/json-path/2.6.0/json-path-2.6.0.jar:/home/alex/.m2/repository/net/minidev/json-smart/2.4.7/json-smart-2.4.7.jar:/home/alex/.m2/repository/net/minidev/accessors-smart/2.4.7/accessors-smart-2.4.7.jar:/home/alex/.m2/repository/org/ow2/asm/asm/9.1/asm-9.1.jar:/home/alex/.m2/repository/org/apache/tika/tika-core/1.26/tika-core-1.26.jar:/home/alex/.m2/repository/com/fasterxml/jackson/core/jackson-databind/2.12.3/jackson-databind-2.12.3.jar:/home/alex/.m2/repository/com/fasterxml/jackson/core/jackson-annotations/2.12.3/jackson-annotations-2.12.3.jar:/home/alex/.m2/repository/com/fasterxml/jackson/core/jackson-core/2.12.3/jackson-core-2.12.3.jar:/home/alex/Repositories/nifi/nifi-nar-bundles/nifi-extension-utils/nifi-record-utils/nifi-avro-record-utils/target/classes:/home/alex/Repositories/nifi/nifi-nar-bundles/nifi-extension-utils/nifi-record-utils/nifi-standard-record-utils/target/classes:/home/alex/.m2/repository/org/apache/avro/avro/1.8.1/avro-1.8.1.jar:/home/alex/.m2/repository/org/codehaus/jackson/jackson-core-asl/1.9.13/jackson-core-asl-1.9.13.jar:/home/alex/.m2/repository/org/codehaus/jackson/jackson-mapper-asl/1.9.13/jackson-mapper-asl-1.9.13.jar:/home/alex/.m2/repository/com/thoughtworks/paranamer/paranamer/2.7/paranamer-2.7.jar:/home/alex/Repositories/nifi/nifi-nar-bundles/nifi-standard-services/nifi-dbcp-service-api/target/classes:/home/alex/.m2/repository/com/squareup/okhttp3/okhttp/4.9.2/okhttp-4.9.2.jar:/home/alex/.m2/repository/com/squareup/okio/okio/2.8.0/okio-2.8.0.jar:/home/alex/.m2/repository/org/jetbrains/kotlin/kotlin-stdlib-common/1.4.0/kotlin-stdlib-common-1.4.0.jar:/home/alex/.m2/repository/org/jetbrains/kotlin/kotlin-stdlib/1.4.10/kotlin-stdlib-1.4.10.jar:/home/alex/.m2/repository/org/jetbrains/annotations/13.0/annotations-13.0.jar:/home/alex/.m2/repository/io/github/rburgst/okhttp-digest/2.5/okhttp-digest-2.5.jar:/home/alex/.m2/repository/at/favre/lib/bcrypt/0.9.0/bcrypt-0.9.0.jar:/home/alex/.m2/repository/at/favre/lib/bytes/1.3.0/bytes-1.3.0.jar:/home/alex/.m2/repository/com/google/guava/guava/28.0-jre/guava-28.0-jre.jar:/home/alex/.m2/repository/com/google/guava/failureaccess/1.0.1/failureaccess-1.0.1.jar:/home/alex/.m2/repository/com/google/guava/listenablefuture/9999.0-empty-to-avoid-conflict-with-guava/listenablefuture-9999.0-empty-to-avoid-conflict-with-guava.jar:/home/alex/.m2/repository/com/google/code/findbugs/jsr305/3.0.2/jsr305-3.0.2.jar:/home/alex/.m2/repository/org/checkerframework/checker-qual/2.8.1/checker-qual-2.8.1.jar:/home/alex/.m2/repository/com/google/errorprone/error_prone_annotations/2.3.2/error_prone_annotations-2.3.2.jar:/home/alex/.m2/repository/com/google/j2objc/j2objc-annotations/1.3/j2objc-annotations-1.3.jar:/home/alex/.m2/repository/org/codehaus/mojo/animal-sniffer-annotations/1.17/animal-sniffer-annotations-1.17.jar:/home/alex/Repositories/nifi/nifi-mock/target/classes:/home/alex/Repositories/nifi/nifi-framework-api/target/classes:/home/alex/Repositories/nifi/nifi-nar-bundles/nifi-framework-bundle/nifi-framework/nifi-framework-core-api/target/classes:/home/alex/Repositories/nifi/nifi-nar-bundles/nifi-framework-bundle/nifi-framework/nifi-framework-nar-utils/target/classes:/home/alex/Repositories/nifi/nifi-nar-bundles/nifi-framework-bundle/nifi-framework/nifi-client-dto/target/classes:/home/alex/.m2/repository/io/swagger/swagger-annotations/1.6.0/swagger-annotations-1.6.0.jar:/home/alex/Repositories/nifi/nifi-commons/nifi-site-to-site-client/target/classes:/home/alex/.m2/repository/org/apache/httpcomponents/httpasyncclient/4.1.4/httpasyncclient-4.1.4.jar:/home/alex/.m2/repository/org/apache/httpcomponents/httpcore-nio/4.4.10/httpcore-nio-4.4.10.jar:/home/alex/Repositories/nifi/nifi-nar-bundles/nifi-framework-bundle/nifi-framework/nifi-framework-authorization/target/classes:/home/alex/Repositories/nifi/nifi-registry/nifi-registry-core/nifi-registry-data-model/target/classes:/home/alex/Repositories/nifi/nifi-registry/nifi-registry-core/nifi-registry-revision/nifi-registry-revision-entity-model/target/classes:/home/alex/Repositories/nifi/nifi-registry/nifi-registry-core/nifi-registry-client/target/classes:/home/alex/Repositories/nifi/nifi-registry/nifi-registry-core/nifi-registry-security-utils/target/classes:/home/alex/.m2/repository/org/glassfish/jersey/core/jersey-client/2.33/jersey-client-2.33.jar:/home/alex/.m2/repository/jakarta/ws/rs/jakarta.ws.rs-api/2.1.6/jakarta.ws.rs-api-2.1.6.jar:/home/alex/.m2/repository/org/glassfish/hk2/external/jakarta.inject/2.6.1/jakarta.inject-2.6.1.jar:/home/alex/.m2/repository/org/glassfish/jersey/media/jersey-media-json-jackson/2.33/jersey-media-json-jackson-2.33.jar:/home/alex/.m2/repository/org/glassfish/jersey/ext/jersey-entity-filtering/2.33/jersey-entity-filtering-2.33.jar:/home/alex/.m2/repository/org/glassfish/jersey/inject/jersey-hk2/2.33/jersey-hk2-2.33.jar:/home/alex/.m2/repository/org/glassfish/hk2/hk2-locator/2.6.1/hk2-locator-2.6.1.jar:/home/alex/.m2/repository/org/glassfish/hk2/external/aopalliance-repackaged/2.6.1/aopalliance-repackaged-2.6.1.jar:/home/alex/.m2/repository/org/glassfish/hk2/hk2-api/2.6.1/hk2-api-2.6.1.jar:/home/alex/.m2/repository/org/glassfish/hk2/hk2-utils/2.6.1/hk2-utils-2.6.1.jar:/home/alex/.m2/repository/org/javassist/javassist/3.25.0-GA/javassist-3.25.0-GA.jar:/home/alex/.m2/repository/org/glassfish/jersey/core/jersey-common/2.33/jersey-common-2.33.jar:/home/alex/.m2/repository/jakarta/annotation/jakarta.annotation-api/1.3.5/jakarta.annotation-api-1.3.5.jar:/home/alex/.m2/repository/org/glassfish/hk2/osgi-resource-locator/1.0.3/osgi-resource-locator-1.0.3.jar:/home/alex/.m2/repository/org/glassfish/jersey/media/jersey-media-multipart/2.33/jersey-media-multipart-2.33.jar:/home/alex/.m2/repository/org/jvnet/mimepull/mimepull/1.9.13/mimepull-1.9.13.jar:/home/alex/Repositories/nifi/nifi-commons/nifi-data-provenance-utils/target/classes:/home/alex/Repositories/nifi/nifi-nar-bundles/nifi-standard-services/nifi-distributed-cache-services-bundle/nifi-distributed-cache-client-service/target/classes:/home/alex/Repositories/nifi/nifi-nar-bundles/nifi-standard-services/nifi-distributed-cache-services-bundle/nifi-distributed-cache-protocol/target/classes:/home/alex/.m2/repository/io/netty/netty-buffer/4.1.69.Final/netty-buffer-4.1.69.Final.jar:/home/alex/.m2/repository/com/google/http-client/google-http-client/1.28.0/google-http-client-1.28.0.jar:/home/alex/.m2/repository/io/opencensus/opencensus-api/0.18.0/opencensus-api-0.18.0.jar:/home/alex/.m2/repository/io/grpc/grpc-context/1.14.0/grpc-context-1.14.0.jar:/home/alex/.m2/repository/io/opencensus/opencensus-contrib-http-util/0.18.0/opencensus-contrib-http-util-0.18.0.jar:/home/alex/.m2/repository/org/apache/activemq/activemq-broker/5.15.14/activemq-broker-5.15.14.jar:/home/alex/.m2/repository/org/apache/activemq/activemq-openwire-legacy/5.15.14/activemq-openwire-legacy-5.15.14.jar:/home/alex/Repositories/nifi/nifi-nar-bundles/nifi-standard-services/nifi-ssl-context-bundle/nifi-ssl-context-service/target/classes:/home/alex/Repositories/nifi/nifi-nar-bundles/nifi-framework-bundle/nifi-framework/nifi-standard-prioritizers/target/classes:/home/alex/Repositories/nifi/nifi-nar-bundles/nifi-extension-utils/nifi-record-utils/nifi-mock-record-utils/target/classes:/home/alex/Repositories/nifi/nifi-nar-bundles/nifi-standard-services/nifi-record-serialization-services-bundle/nifi-record-serialization-services/target/classes:/home/alex/.m2/repository/org/apache/commons/commons-csv/1.8/commons-csv-1.8.jar:/home/alex/.m2/repository/com/fasterxml/jackson/dataformat/jackson-dataformat-csv/2.12.3/jackson-dataformat-csv-2.12.3.jar:/home/alex/.m2/repository/net/java/dev/stax-utils/stax-utils/20070216/stax-utils-20070216.jar:/home/alex/Repositories/nifi/nifi-nar-bundles/nifi-standard-services/nifi-lookup-services-bundle/nifi-lookup-services/target/classes:/home/alex/.m2/repository/commons-beanutils/commons-beanutils/1.9.4/commons-beanutils-1.9.4.jar:/home/alex/.m2/repository/commons-collections/commons-collections/3.2.2/commons-collections-3.2.2.jar:/home/alex/.m2/repository/com/maxmind/geoip2/geoip2/2.12.0/geoip2-2.12.0.jar:/home/alex/.m2/repository/com/maxmind/db/maxmind-db/1.2.2/maxmind-db-1.2.2.jar:/home/alex/.m2/repository/org/apache/derby/derby/10.14.2.0/derby-10.14.2.0.jar:/home/alex/.m2/repository/org/xerial/snappy/snappy-java/1.1.7.3/snappy-java-1.1.7.3.jar:/home/alex/.m2/repository/net/lingala/zip4j/zip4j/2.8.0/zip4j-2.8.0.jar:/home/alex/.m2/repository/com/h2database/h2/1.4.187/h2-1.4.187.jar:/home/alex/.m2/repository/org/mockftpserver/MockFtpServer/2.7.1/MockFtpServer-2.7.1.jar:/home/alex/.m2/repository/org/apache/sshd/sshd-core/1.7.0/sshd-core-1.7.0.jar:/home/alex/.m2/repository/com/bazaarvoice/jolt/jolt-core/0.1.1/jolt-core-0.1.1.jar:/home/alex/.m2/repository/javax/inject/javax.inject/1/javax.inject-1.jar:/home/alex/.m2/repository/com/bazaarvoice/jolt/json-utils/0.1.1/json-utils-0.1.1.jar:/home/alex/Repositories/nifi/nifi-nar-bundles/nifi-standard-bundle/nifi-standard-utils/target/classes:/home/alex/.m2/repository/net/sf/supercsv/super-csv/2.4.0/super-csv-2.4.0.jar:/home/alex/.m2/repository/com/fluenda/parcefone/2.1.0/parcefone-2.1.0.jar:/home/alex/.m2/repository/javax/validation/validation-api/1.1.0.Final/validation-api-1.1.0.Final.jar:/home/alex/.m2/repository/javax/el/javax.el-api/3.0.0/javax.el-api-3.0.0.jar:/home/alex/.m2/repository/com/github/wnameless/json/json-flattener/0.12.0/json-flattener-0.12.0.jar:/home/alex/.m2/repository/com/github/wnameless/json/json-base/2.0.0/json-base-2.0.0.jar:/home/alex/.m2/repository/org/apache/bval/bval-jsr/1.1.2/bval-jsr-1.1.2.jar:/home/alex/.m2/repository/org/apache/bval/bval-core/1.1.2/bval-core-1.1.2.jar:/home/alex/.m2/repository/io/krakens/java-grok/0.1.9/java-grok-0.1.9.jar:/home/alex/.m2/repository/org/apache/calcite/calcite-core/1.27.0/calcite-core-1.27.0.jar:/home/alex/.m2/repository/org/apache/calcite/calcite-linq4j/1.27.0/calcite-linq4j-1.27.0.jar:/home/alex/.m2/repository/com/esri/geometry/esri-geometry-api/2.2.0/esri-geometry-api-2.2.0.jar:/home/alex/.m2/repository/org/apache/calcite/avatica/avatica-core/1.18.0/avatica-core-1.18.0.jar:/home/alex/.m2/repository/org/apache/calcite/avatica/avatica-metrics/1.18.0/avatica-metrics-1.18.0.jar:/home/alex/.m2/repository/com/google/protobuf/protobuf-java/3.6.1/protobuf-java-3.6.1.jar:/home/alex/.m2/repository/org/apiguardian/apiguardian-api/1.1.0/apiguardian-api-1.1.0.jar:/home/alex/.m2/repository/com/fasterxml/jackson/dataformat/jackson-dataformat-yaml/2.10.0/jackson-dataformat-yaml-2.10.0.jar:/home/alex/.m2/repository/org/yaml/snakeyaml/1.29/snakeyaml-1.29.jar:/home/alex/.m2/repository/com/google/uzaygezen/uzaygezen-core/0.2/uzaygezen-core-0.2.jar:/home/alex/.m2/repository/com/yahoo/datasketches/sketches-core/0.9.0/sketches-core-0.9.0.jar:/home/alex/.m2/repository/com/yahoo/datasketches/memory/0.9.0/memory-0.9.0.jar:/home/alex/.m2/repository/net/hydromatic/aggdesigner-algorithm/6.0/aggdesigner-algorithm-6.0.jar:/home/alex/.m2/repository/commons-lang/commons-lang/2.4/commons-lang-2.4.jar:/home/alex/.m2/repository/org/apache/commons/commons-dbcp2/2.6.0/commons-dbcp2-2.6.0.jar:/home/alex/.m2/repository/org/apache/commons/commons-pool2/2.6.1/commons-pool2-2.6.1.jar:/home/alex/.m2/repository/org/codehaus/janino/commons-compiler/3.0.11/commons-compiler-3.0.11.jar:/home/alex/.m2/repository/org/codehaus/janino/janino/3.0.11/janino-3.0.11.jar:/home/alex/Repositories/nifi/nifi-nar-bundles/nifi-standard-services/nifi-schema-registry-service-api/target/classes:/home/alex/Repositories/nifi/nifi-nar-bundles/nifi-extension-utils/nifi-database-utils/target/classes:/home/alex/Repositories/nifi/nifi-nar-bundles/nifi-standard-bundle/nifi-standard-web-test-utils/target/classes:/home/alex/.m2/repository/com/github/stefanbirkner/fake-sftp-server-rule/2.0.1/fake-sftp-server-rule-2.0.1.jar:/home/alex/.m2/repository/com/github/marschall/memoryfilesystem/2.8.0/memoryfilesystem-2.8.0.jar:/home/alex/.m2/repository/junit/junit/4.13.2/junit-4.13.2.jar:/home/alex/.m2/repository/org/hamcrest/hamcrest-core/1.3/hamcrest-core-1.3.jar:/home/alex/Repositories/nifi/nifi-nar-bundles/nifi-extension-utils/nifi-database-test-utils/target/classes:/home/alex/.m2/repository/org/codehaus/groovy/groovy-json/2.5.14/groovy-json-2.5.14.jar:/home/alex/.m2/repository/org/codehaus/groovy/groovy/2.5.14/groovy-2.5.14.jar:/home/alex/.m2/repository/org/codehaus/groovy/groovy-servlet/2.5.14/groovy-servlet-2.5.14.jar:/home/alex/.m2/repository/org/codehaus/groovy/groovy-templates/2.5.14/groovy-templates-2.5.14.jar:/home/alex/.m2/repository/org/codehaus/groovy/groovy-xml/2.5.14/groovy-xml-2.5.14.jar:/home/alex/.m2/repository/org/hamcrest/hamcrest-all/1.3/hamcrest-all-1.3.jar:/home/alex/.m2/repository/com/squareup/okhttp3/mockwebserver/4.9.2/mockwebserver-4.9.2.jar:/home/alex/.m2/repository/org/jetbrains/kotlin/kotlin-stdlib-jdk8/1.4.10/kotlin-stdlib-jdk8-1.4.10.jar:/home/alex/.m2/repository/org/jetbrains/kotlin/kotlin-stdlib-jdk7/1.4.10/kotlin-stdlib-jdk7-1.4.10.jar:/home/alex/.m2/repository/org/mockito/mockito-inline/3.12.4/mockito-inline-3.12.4.jar:/home/alex/.m2/repository/org/junit/jupiter/junit-jupiter-api/5.7.2/junit-jupiter-api-5.7.2.jar:/home/alex/.m2/repository/org/opentest4j/opentest4j/1.2.0/opentest4j-1.2.0.jar:/home/alex/.m2/repository/org/junit/platform/junit-platform-commons/1.7.2/junit-platform-commons-1.7.2.jar:/home/alex/.m2/repository/org/junit/jupiter/junit-jupiter-engine/5.7.2/junit-jupiter-engine-5.7.2.jar:/home/alex/.m2/repository/org/junit/platform/junit-platform-engine/1.7.2/junit-platform-engine-1.7.2.jar:/home/alex/.m2/repository/org/junit/vintage/junit-vintage-engine/5.7.2/junit-vintage-engine-5.7.2.jar:/home/alex/.m2/repository/org/junit/jupiter/junit-jupiter-params/5.7.2/junit-jupiter-params-5.7.2.jar:/home/alex/.m2/repository/org/mockito/mockito-core/3.11.2/mockito-core-3.11.2.jar:/home/alex/.m2/repository/net/bytebuddy/byte-buddy/1.11.3/byte-buddy-1.11.3.jar:/home/alex/.m2/repository/net/bytebuddy/byte-buddy-agent/1.11.3/byte-buddy-agent-1.11.3.jar:/home/alex/.m2/repository/org/objenesis/objenesis/3.2/objenesis-3.2.jar:/home/alex/.m2/repository/org/mockito/mockito-junit-jupiter/3.11.2/mockito-junit-jupiter-3.11.2.jar:/home/alex/.m2/repository/org/slf4j/slf4j-simple/1.7.32/slf4j-simple-1.7.32.jar:/home/alex/.m2/repository/org/codehaus/groovy/groovy-test/2.5.14/groovy-test-2.5.14.jar:"/>
    <property name="sun.cpu.endian" value="little"/>
    <property name="user.home" value="/home/alex"/>
    <property name="user.language" value="en"/>
    <property name="java.specification.vendor" value="Oracle Corporation"/>
    <property name="java.home" value="/usr/lib/jvm/java-8-openjdk-amd64/jre"/>
    <property name="basedir" value="/home/alex/Repositories/nifi/nifi-nar-bundles/nifi-standard-bundle/nifi-standard-processors"/>
    <property name="file.separator" value="/"/>
    <property name="line.separator" value="&#10;"/>
    <property name="java.vm.specification.vendor" value="Oracle Corporation"/>
    <property name="java.specification.name" value="Java Platform API Specification"/>
    <property name="derby.stream.error.file" value="target/derby.log"/>
    <property name="org.slf4j.simpleLogger.log.org.apache.nifi" value="TRACE"/>
    <property name="javax.xml.xpath.XPathFactory:http://saxon.sf.net/jaxp/xpath/om" value="net.sf.saxon.xpath.XPathFactoryImpl"/>
    <property name="java.awt.graphicsenv" value="sun.awt.X11GraphicsEnvironment"/>
    <property name="org.slf4j.simpleLogger.log.org.apache.nifi.processors.standard.SQLTransform" value="debug"/>
    <property name="java.awt.headless" value="true"/>
    <property name="org.slf4j.simpleLogger.log.nifi.processors.standard.ExecuteSQLRecord" value="debug"/>
    <property name="org.slf4j.simpleLogger.showDateTime" value="true"/>
    <property name="surefire.real.class.path" value="/home/alex/Repositories/nifi/nifi-nar-bundles/nifi-standard-bundle/nifi-standard-processors/target/surefire/surefirebooter262180563015504354.jar"/>
    <property name="sun.boot.class.path" value="/usr/lib/jvm/java-8-openjdk-amd64/jre/lib/resources.jar:/usr/lib/jvm/java-8-openjdk-amd64/jre/lib/rt.jar:/usr/lib/jvm/java-8-openjdk-amd64/jre/lib/sunrsasign.jar:/usr/lib/jvm/java-8-openjdk-amd64/jre/lib/jsse.jar:/usr/lib/jvm/java-8-openjdk-amd64/jre/lib/jce.jar:/usr/lib/jvm/java-8-openjdk-amd64/jre/lib/charsets.jar:/usr/lib/jvm/java-8-openjdk-amd64/jre/lib/jfr.jar:/usr/lib/jvm/java-8-openjdk-amd64/jre/classes"/>
    <property name="sun.management.compiler" value="HotSpot 64-Bit Tiered Compilers"/>
    <property name="org.slf4j.simpleLogger.log.nifi.processors.standard.TestExecuteSQL" value="debug"/>
    <property name="java.runtime.version" value="1.8.0_402-8u402-ga-2ubuntu1~22.04-b06"/>
    <property name="java.net.preferIPv4Stack" value="true"/>
    <property name="user.name" value="alex"/>
    <property name="path.separator" value=":"/>
    <property name="os.version" value="6.5.0-28-generic"/>
    <property name="java.endorsed.dirs" value="/usr/lib/jvm/java-8-openjdk-amd64/jre/lib/endorsed"/>
    <property name="java.runtime.name" value="OpenJDK Runtime Environment"/>
    <property name="org.slf4j.simpleLogger.log.nifi.processors.standard.DistributeLoad" value="debug"/>
    <property name="file.encoding" value="UTF-8"/>
    <property name="org.slf4j.simpleLogger.log.org.apache.nifi.processors.standard" value="DEBUG"/>
    <property name="org.slf4j.simpleLogger.log.nifi.processors.standard.ExecuteSQL" value="debug"/>
    <property name="sun.nio.ch.bugLevel" value=""/>
    <property name="java.vm.name" value="OpenJDK 64-Bit Server VM"/>
    <property name="localRepository" value="/home/alex/.m2/repository"/>
    <property name="java.vendor.url.bug" value="http://bugreport.sun.com/bugreport/"/>
    <property name="jetty.git.hash" value="8da83308eeca865e495e53ef315a249d63ba9332"/>
    <property name="java.io.tmpdir" value="/tmp"/>
    <property name="java.version" value="1.8.0_402"/>
    <property name="user.dir" value="/home/alex/Repositories/nifi/nifi-nar-bundles/nifi-standard-bundle/nifi-standard-processors"/>
    <property name="org.slf4j.simpleLogger.log.nifi.processors.standard.TestDetectDuplicate" value="debug"/>
    <property name="os.arch" value="amd64"/>
    <property name="java.vm.specification.name" value="Java Virtual Machine Specification"/>
    <property name="java.awt.printerjob" value="sun.print.PSPrinterJob"/>
    <property name="sun.os.patch.level" value="unknown"/>
    <property name="org.slf4j.simpleLogger.defaultLogLevel" value="info"/>
    <property name="java.library.path" value="/usr/java/packages/lib/amd64:/usr/lib/x86_64-linux-gnu/jni:/lib/x86_64-linux-gnu:/usr/lib/x86_64-linux-gnu:/usr/lib/jni:/lib:/usr/lib"/>
    <property name="java.vm.info" value="mixed mode"/>
    <property name="java.vendor" value="Private Build"/>
    <property name="java.vm.version" value="25.402-b06"/>
    <property name="org.slf4j.simpleLogger.log.nifi.processors.standard.DetectDuplicate" value="debug"/>
    <property name="java.specification.maintenance.version" value="5"/>
    <property name="java.ext.dirs" value="/usr/lib/jvm/java-8-openjdk-amd64/jre/lib/ext:/usr/java/packages/lib/ext"/>
    <property name="sun.io.unicode.encoding" value="UnicodeLittle"/>
    <property name="java.class.version" value="52.0"/>
  </properties>
  <testcase name="testSeparationStrategyNotKnown" classname="org.apache.nifi.processors.standard.TestRouteText" time="0.004"/>
  <testcase name="testRelationships" classname="org.apache.nifi.processors.standard.TestRouteText" time="0.002">
    <system-err><![CDATA[[main] DEBUG org.apache.nifi.processors.standard.RouteText - RouteText[id=6385a50d-98c1-4af6-a0ba-c91c394d9ec5] Adding new dynamic property: PropertyDescriptor[simple]
[main] DEBUG org.apache.nifi.processors.standard.RouteText - RouteText[id=6385a50d-98c1-4af6-a0ba-c91c394d9ec5] Adding new dynamic property: PropertyDescriptor[simple]
]]></system-err>
  </testcase>
  <testcase name="testSimpleContainsIgnoreCase" classname="org.apache.nifi.processors.standard.TestRouteText" time="0.004">
    <system-err><![CDATA[[main] DEBUG org.apache.nifi.processors.standard.RouteText - RouteText[id=90186e66-6ab0-40da-b44e-c72867e17440] Adding new dynamic property: PropertyDescriptor[simple]
[pool-2303-thread-1] INFO org.apache.nifi.processors.standard.RouteText - RouteText[id=90186e66-6ab0-40da-b44e-c72867e17440] Created FlowFile[1,93427096771282.mockFlowFile,17B] from FlowFile[0,93427096771282.mockFlowFile,26B]; routing to relationship simple
[pool-2303-thread-1] INFO org.apache.nifi.processors.standard.RouteText - RouteText[id=90186e66-6ab0-40da-b44e-c72867e17440] Created FlowFile[2,93427096771282.mockFlowFile,9B] from FlowFile[0,93427096771282.mockFlowFile,26B]; routing to relationship unmatched
[pool-2303-thread-1] INFO org.apache.nifi.processors.standard.RouteText - RouteText[id=90186e66-6ab0-40da-b44e-c72867e17440] Routing FlowFile[0,93427096771282.mockFlowFile,26B] to original
]]></system-err>
  </testcase>
  <testcase name="testSimpleDefaultContainRegularExpression" classname="org.apache.nifi.processors.standard.TestRouteText" time="0.006">
    <system-err><![CDATA[[main] DEBUG org.apache.nifi.processors.standard.RouteText - RouteText[id=add5978b-7a60-4087-886b-775e4211e77a] Adding new dynamic property: PropertyDescriptor[simple]
[pool-2304-thread-1] INFO org.apache.nifi.processors.standard.RouteText - RouteText[id=add5978b-7a60-4087-886b-775e4211e77a] Created FlowFile[1,93427100408811.mockFlowFile,17B] from FlowFile[0,93427100408811.mockFlowFile,26B]; routing to relationship simple
[pool-2304-thread-1] INFO org.apache.nifi.processors.standard.RouteText - RouteText[id=add5978b-7a60-4087-886b-775e4211e77a] Created FlowFile[2,93427100408811.mockFlowFile,9B] from FlowFile[0,93427100408811.mockFlowFile,26B]; routing to relationship unmatched
[pool-2304-thread-1] INFO org.apache.nifi.processors.standard.RouteText - RouteText[id=add5978b-7a60-4087-886b-775e4211e77a] Routing FlowFile[0,93427100408811.mockFlowFile,26B] to original
]]></system-err>
  </testcase>
  <testcase name="testXml" classname="org.apache.nifi.processors.standard.TestRouteText" time="0.002">
    <system-err><![CDATA[[main] DEBUG org.apache.nifi.processors.standard.RouteText - RouteText[id=4a34ccc7-1cb1-4aac-85fc-db7e3070f4ea] Adding new dynamic property: PropertyDescriptor[element]
[main] DEBUG org.apache.nifi.processors.standard.RouteText - RouteText[id=4a34ccc7-1cb1-4aac-85fc-db7e3070f4ea] Adding new dynamic property: PropertyDescriptor[NodeType]
[main] DEBUG org.apache.nifi.processors.standard.RouteText - RouteText[id=4a34ccc7-1cb1-4aac-85fc-db7e3070f4ea] Adding new dynamic property: PropertyDescriptor[name]
[pool-2305-thread-1] INFO org.apache.nifi.processors.standard.RouteText - RouteText[id=4a34ccc7-1cb1-4aac-85fc-db7e3070f4ea] Created FlowFile[4,XmlBundle.xsd,37B] from FlowFile[0,XmlBundle.xsd,1664B]; routing to relationship NodeType
[pool-2305-thread-1] INFO org.apache.nifi.processors.standard.RouteText - RouteText[id=4a34ccc7-1cb1-4aac-85fc-db7e3070f4ea] Created FlowFile[2,XmlBundle.xsd,352B] from FlowFile[0,XmlBundle.xsd,1664B]; routing to relationship element
[pool-2305-thread-1] INFO org.apache.nifi.processors.standard.RouteText - RouteText[id=4a34ccc7-1cb1-4aac-85fc-db7e3070f4ea] Created FlowFile[3,XmlBundle.xsd,468B] from FlowFile[0,XmlBundle.xsd,1664B]; routing to relationship name
[pool-2305-thread-1] INFO org.apache.nifi.processors.standard.RouteText - RouteText[id=4a34ccc7-1cb1-4aac-85fc-db7e3070f4ea] Created FlowFile[1,XmlBundle.xsd,1196B] from FlowFile[0,XmlBundle.xsd,1664B]; routing to relationship unmatched
[pool-2305-thread-1] INFO org.apache.nifi.processors.standard.RouteText - RouteText[id=4a34ccc7-1cb1-4aac-85fc-db7e3070f4ea] Routing FlowFile[0,XmlBundle.xsd,1664B] to original
]]></system-err>
  </testcase>
  <testcase name="testSatisfiesExpression" classname="org.apache.nifi.processors.standard.TestRouteText" time="0.007">
    <system-err><![CDATA[[main] DEBUG org.apache.nifi.processors.standard.RouteText - RouteText[id=4dc3dbd1-0029-4724-96f4-fd62c0080145] Adding new dynamic property: PropertyDescriptor[third-line]
[main] DEBUG org.apache.nifi.processors.standard.RouteText - RouteText[id=4dc3dbd1-0029-4724-96f4-fd62c0080145] Adding new dynamic property: PropertyDescriptor[empty]
[main] DEBUG org.apache.nifi.processors.standard.RouteText - RouteText[id=4dc3dbd1-0029-4724-96f4-fd62c0080145] Adding new dynamic property: PropertyDescriptor[second-field-you]
[pool-2306-thread-1] INFO org.apache.nifi.processors.standard.RouteText - RouteText[id=4dc3dbd1-0029-4724-96f4-fd62c0080145] Created FlowFile[3,93427109976112.mockFlowFile,14B] from FlowFile[0,93427109976112.mockFlowFile,28B]; routing to relationship third-line
[pool-2306-thread-1] INFO org.apache.nifi.processors.standard.RouteText - RouteText[id=4dc3dbd1-0029-4724-96f4-fd62c0080145] Created FlowFile[4,93427109976112.mockFlowFile,14B] from FlowFile[0,93427109976112.mockFlowFile,28B]; routing to relationship second-field-you
[pool-2306-thread-1] INFO org.apache.nifi.processors.standard.RouteText - RouteText[id=4dc3dbd1-0029-4724-96f4-fd62c0080145] Created FlowFile[2,93427109976112.mockFlowFile,8B] from FlowFile[0,93427109976112.mockFlowFile,28B]; routing to relationship empty
[pool-2306-thread-1] INFO org.apache.nifi.processors.standard.RouteText - RouteText[id=4dc3dbd1-0029-4724-96f4-fd62c0080145] Created FlowFile[1,93427109976112.mockFlowFile,6B] from FlowFile[0,93427109976112.mockFlowFile,28B]; routing to relationship unmatched
[pool-2306-thread-1] INFO org.apache.nifi.processors.standard.RouteText - RouteText[id=4dc3dbd1-0029-4724-96f4-fd62c0080145] Routing FlowFile[0,93427109976112.mockFlowFile,28B] to original
]]></system-err>
  </testcase>
  <testcase name="testRouteLineToMultipleRelationships" classname="org.apache.nifi.processors.standard.TestRouteText" time="0.001">
    <system-err><![CDATA[[main] DEBUG org.apache.nifi.processors.standard.RouteText - RouteText[id=e7c0133c-122a-4793-8e6d-407e7995dbe7] Adding new dynamic property: PropertyDescriptor[z]
[main] DEBUG org.apache.nifi.processors.standard.RouteText - RouteText[id=e7c0133c-122a-4793-8e6d-407e7995dbe7] Adding new dynamic property: PropertyDescriptor[e]
[main] DEBUG org.apache.nifi.processors.standard.RouteText - RouteText[id=e7c0133c-122a-4793-8e6d-407e7995dbe7] Adding new dynamic property: PropertyDescriptor[t]
[pool-2307-thread-1] INFO org.apache.nifi.processors.standard.RouteText - RouteText[id=e7c0133c-122a-4793-8e6d-407e7995dbe7] Created FlowFile[1,93427115654252.mockFlowFile,26B] from FlowFile[0,93427115654252.mockFlowFile,26B]; routing to relationship t
[pool-2307-thread-1] INFO org.apache.nifi.processors.standard.RouteText - RouteText[id=e7c0133c-122a-4793-8e6d-407e7995dbe7] Created FlowFile[2,93427115654252.mockFlowFile,17B] from FlowFile[0,93427115654252.mockFlowFile,26B]; routing to relationship e
[pool-2307-thread-1] INFO org.apache.nifi.processors.standard.RouteText - RouteText[id=e7c0133c-122a-4793-8e6d-407e7995dbe7] Routing FlowFile[0,93427115654252.mockFlowFile,26B] to original
]]></system-err>
  </testcase>
  <testcase name="testSimpleAllEnds" classname="org.apache.nifi.processors.standard.TestRouteText" time="0.001">
    <system-err><![CDATA[[main] DEBUG org.apache.nifi.processors.standard.RouteText - RouteText[id=584c13e4-156b-47de-9584-be5bbcf307f0] Adding new dynamic property: PropertyDescriptor[second]
[main] DEBUG org.apache.nifi.processors.standard.RouteText - RouteText[id=584c13e4-156b-47de-9584-be5bbcf307f0] Adding new dynamic property: PropertyDescriptor[simple]
[pool-2308-thread-1] INFO org.apache.nifi.processors.standard.RouteText - RouteText[id=584c13e4-156b-47de-9584-be5bbcf307f0] Created FlowFile[2,93427116526470.mockFlowFile,9B] from FlowFile[0,93427116526470.mockFlowFile,26B]; routing to relationship unmatched
[pool-2308-thread-1] INFO org.apache.nifi.processors.standard.RouteText - RouteText[id=584c13e4-156b-47de-9584-be5bbcf307f0] Created FlowFile[1,93427116526470.mockFlowFile,17B] from FlowFile[0,93427116526470.mockFlowFile,26B]; routing to relationship matched
[pool-2308-thread-1] INFO org.apache.nifi.processors.standard.RouteText - RouteText[id=584c13e4-156b-47de-9584-be5bbcf307f0] Routing FlowFile[0,93427116526470.mockFlowFile,26B] to original
]]></system-err>
  </testcase>
  <testcase name="testJson" classname="org.apache.nifi.processors.standard.TestRouteText" time="0.004">
    <system-err><![CDATA[[main] DEBUG org.apache.nifi.processors.standard.RouteText - RouteText[id=8e227441-9867-47aa-8021-ceea61be0d77] Adding new dynamic property: PropertyDescriptor[address]
[main] DEBUG org.apache.nifi.processors.standard.RouteText - RouteText[id=8e227441-9867-47aa-8021-ceea61be0d77] Adding new dynamic property: PropertyDescriptor[greeting]
[pool-2309-thread-1] INFO org.apache.nifi.processors.standard.RouteText - RouteText[id=8e227441-9867-47aa-8021-ceea61be0d77] Created FlowFile[2,json-sample.json,447B] from FlowFile[0,json-sample.json,12466B]; routing to relationship address
[pool-2309-thread-1] INFO org.apache.nifi.processors.standard.RouteText - RouteText[id=8e227441-9867-47aa-8021-ceea61be0d77] Created FlowFile[3,json-sample.json,463B] from FlowFile[0,json-sample.json,12466B]; routing to relationship greeting
[pool-2309-thread-1] INFO org.apache.nifi.processors.standard.RouteText - RouteText[id=8e227441-9867-47aa-8021-ceea61be0d77] Created FlowFile[1,json-sample.json,11556B] from FlowFile[0,json-sample.json,12466B]; routing to relationship unmatched
[pool-2309-thread-1] INFO org.apache.nifi.processors.standard.RouteText - RouteText[id=8e227441-9867-47aa-8021-ceea61be0d77] Routing FlowFile[0,json-sample.json,12466B] to original
]]></system-err>
  </testcase>
  <testcase name="testSimpleAllMatchRegularExpression" classname="org.apache.nifi.processors.standard.TestRouteText" time="0.001">
    <system-err><![CDATA[[main] DEBUG org.apache.nifi.processors.standard.RouteText - RouteText[id=4b4cd47b-d31a-4822-a3a9-2ae4e719e0bd] Adding new dynamic property: PropertyDescriptor[second]
[main] DEBUG org.apache.nifi.processors.standard.RouteText - RouteText[id=4b4cd47b-d31a-4822-a3a9-2ae4e719e0bd] Adding new dynamic property: PropertyDescriptor[simple]
[pool-2310-thread-1] INFO org.apache.nifi.processors.standard.RouteText - RouteText[id=4b4cd47b-d31a-4822-a3a9-2ae4e719e0bd] Created FlowFile[2,93427121934908.mockFlowFile,9B] from FlowFile[0,93427121934908.mockFlowFile,26B]; routing to relationship unmatched
[pool-2310-thread-1] INFO org.apache.nifi.processors.standard.RouteText - RouteText[id=4b4cd47b-d31a-4822-a3a9-2ae4e719e0bd] Created FlowFile[1,93427121934908.mockFlowFile,17B] from FlowFile[0,93427121934908.mockFlowFile,26B]; routing to relationship matched
[pool-2310-thread-1] INFO org.apache.nifi.processors.standard.RouteText - RouteText[id=4b4cd47b-d31a-4822-a3a9-2ae4e719e0bd] Routing FlowFile[0,93427121934908.mockFlowFile,26B] to original
]]></system-err>
  </testcase>
  <testcase name="testSimpleAnyEnds" classname="org.apache.nifi.processors.standard.TestRouteText" time="0.002">
    <system-err><![CDATA[[main] DEBUG org.apache.nifi.processors.standard.RouteText - RouteText[id=87a92149-d85b-455c-a0ec-23d029d3e069] Adding new dynamic property: PropertyDescriptor[simple]
[main] DEBUG org.apache.nifi.processors.standard.RouteText - RouteText[id=87a92149-d85b-455c-a0ec-23d029d3e069] Adding new dynamic property: PropertyDescriptor[no]
[pool-2311-thread-1] INFO org.apache.nifi.processors.standard.RouteText - RouteText[id=87a92149-d85b-455c-a0ec-23d029d3e069] Created FlowFile[2,93427123115064.mockFlowFile,9B] from FlowFile[0,93427123115064.mockFlowFile,26B]; routing to relationship unmatched
[pool-2311-thread-1] INFO org.apache.nifi.processors.standard.RouteText - RouteText[id=87a92149-d85b-455c-a0ec-23d029d3e069] Created FlowFile[1,93427123115064.mockFlowFile,17B] from FlowFile[0,93427123115064.mockFlowFile,26B]; routing to relationship matched
[pool-2311-thread-1] INFO org.apache.nifi.processors.standard.RouteText - RouteText[id=87a92149-d85b-455c-a0ec-23d029d3e069] Routing FlowFile[0,93427123115064.mockFlowFile,26B] to original
]]></system-err>
  </testcase>
  <testcase name="testSimpleCaseInsensitiveStartsMatch" classname="org.apache.nifi.processors.standard.TestRouteText" time="0">
    <system-err><![CDATA[[main] DEBUG org.apache.nifi.processors.standard.RouteText - RouteText[id=18f51750-e828-47e0-96c5-4e9164454289] Adding new dynamic property: PropertyDescriptor[simple]
[pool-2312-thread-1] INFO org.apache.nifi.processors.standard.RouteText - RouteText[id=18f51750-e828-47e0-96c5-4e9164454289] Created FlowFile[1,93427124242465.mockFlowFile,33B] from FlowFile[0,93427124242465.mockFlowFile,33B]; routing to relationship simple
[pool-2312-thread-1] INFO org.apache.nifi.processors.standard.RouteText - RouteText[id=18f51750-e828-47e0-96c5-4e9164454289] Routing FlowFile[0,93427124242465.mockFlowFile,33B] to original
]]></system-err>
  </testcase>
  <testcase name="testMultipleGroupsSameRelationship" classname="org.apache.nifi.processors.standard.TestRouteText" time="0.001">
    <system-err><![CDATA[[main] DEBUG org.apache.nifi.processors.standard.RouteText - RouteText[id=93f887dd-916b-4a54-bda5-157090960c28] Adding new dynamic property: PropertyDescriptor[o]
[pool-2313-thread-1] INFO org.apache.nifi.processors.standard.RouteText - RouteText[id=93f887dd-916b-4a54-bda5-157090960c28] Created FlowFile[2,93427125116658.mockFlowFile,10B] from FlowFile[0,93427125116658.mockFlowFile,42B]; routing to relationship o
[pool-2313-thread-1] INFO org.apache.nifi.processors.standard.RouteText - RouteText[id=93f887dd-916b-4a54-bda5-157090960c28] Created FlowFile[1,93427125116658.mockFlowFile,19B] from FlowFile[0,93427125116658.mockFlowFile,42B]; routing to relationship o
[pool-2313-thread-1] INFO org.apache.nifi.processors.standard.RouteText - RouteText[id=93f887dd-916b-4a54-bda5-157090960c28] Created FlowFile[3,93427125116658.mockFlowFile,13B] from FlowFile[0,93427125116658.mockFlowFile,42B]; routing to relationship o
[pool-2313-thread-1] INFO org.apache.nifi.processors.standard.RouteText - RouteText[id=93f887dd-916b-4a54-bda5-157090960c28] Routing FlowFile[0,93427125116658.mockFlowFile,42B] to original
]]></system-err>
  </testcase>
  <testcase name="testSimpleAnyEquals" classname="org.apache.nifi.processors.standard.TestRouteText" time="0.001">
    <system-err><![CDATA[[main] DEBUG org.apache.nifi.processors.standard.RouteText - RouteText[id=5ec74c85-82db-40f6-9fb6-61b5465de0e4] Adding new dynamic property: PropertyDescriptor[simple]
[main] DEBUG org.apache.nifi.processors.standard.RouteText - RouteText[id=5ec74c85-82db-40f6-9fb6-61b5465de0e4] Adding new dynamic property: PropertyDescriptor[no]
[pool-2314-thread-1] INFO org.apache.nifi.processors.standard.RouteText - RouteText[id=5ec74c85-82db-40f6-9fb6-61b5465de0e4] Created FlowFile[2,93427126484428.mockFlowFile,9B] from FlowFile[0,93427126484428.mockFlowFile,26B]; routing to relationship unmatched
[pool-2314-thread-1] INFO org.apache.nifi.processors.standard.RouteText - RouteText[id=5ec74c85-82db-40f6-9fb6-61b5465de0e4] Created FlowFile[1,93427126484428.mockFlowFile,17B] from FlowFile[0,93427126484428.mockFlowFile,26B]; routing to relationship matched
[pool-2314-thread-1] INFO org.apache.nifi.processors.standard.RouteText - RouteText[id=5ec74c85-82db-40f6-9fb6-61b5465de0e4] Routing FlowFile[0,93427126484428.mockFlowFile,26B] to original
]]></system-err>
  </testcase>
  <testcase name="testSimpleAnyStarts" classname="org.apache.nifi.processors.standard.TestRouteText" time="0.001">
    <system-err><![CDATA[[main] DEBUG org.apache.nifi.processors.standard.RouteText - RouteText[id=eaeb1e7c-cb9b-4897-a597-0de8a4547134] Adding new dynamic property: PropertyDescriptor[simple]
[main] DEBUG org.apache.nifi.processors.standard.RouteText - RouteText[id=eaeb1e7c-cb9b-4897-a597-0de8a4547134] Adding new dynamic property: PropertyDescriptor[no]
[pool-2315-thread-1] INFO org.apache.nifi.processors.standard.RouteText - RouteText[id=eaeb1e7c-cb9b-4897-a597-0de8a4547134] Created FlowFile[2,93427127396138.mockFlowFile,9B] from FlowFile[0,93427127396138.mockFlowFile,26B]; routing to relationship unmatched
[pool-2315-thread-1] INFO org.apache.nifi.processors.standard.RouteText - RouteText[id=eaeb1e7c-cb9b-4897-a597-0de8a4547134] Created FlowFile[1,93427127396138.mockFlowFile,17B] from FlowFile[0,93427127396138.mockFlowFile,26B]; routing to relationship matched
[pool-2315-thread-1] INFO org.apache.nifi.processors.standard.RouteText - RouteText[id=eaeb1e7c-cb9b-4897-a597-0de8a4547134] Routing FlowFile[0,93427127396138.mockFlowFile,26B] to original
]]></system-err>
  </testcase>
  <testcase name="testGroupDifferentRelationships" classname="org.apache.nifi.processors.standard.TestRouteText" time="0.001">
    <system-err><![CDATA[[main] DEBUG org.apache.nifi.processors.standard.RouteText - RouteText[id=a973c3fa-7989-4c7f-b4eb-d833b71d7d79] Adding new dynamic property: PropertyDescriptor[l]
[pool-2316-thread-1] INFO org.apache.nifi.processors.standard.RouteText - RouteText[id=a973c3fa-7989-4c7f-b4eb-d833b71d7d79] Created FlowFile[2,93427128616052.mockFlowFile,8B] from FlowFile[0,93427128616052.mockFlowFile,33B]; routing to relationship l
[pool-2316-thread-1] INFO org.apache.nifi.processors.standard.RouteText - RouteText[id=a973c3fa-7989-4c7f-b4eb-d833b71d7d79] Created FlowFile[1,93427128616052.mockFlowFile,8B] from FlowFile[0,93427128616052.mockFlowFile,33B]; routing to relationship l
[pool-2316-thread-1] INFO org.apache.nifi.processors.standard.RouteText - RouteText[id=a973c3fa-7989-4c7f-b4eb-d833b71d7d79] Created FlowFile[4,93427128616052.mockFlowFile,6B] from FlowFile[0,93427128616052.mockFlowFile,33B]; routing to relationship unmatched
[pool-2316-thread-1] INFO org.apache.nifi.processors.standard.RouteText - RouteText[id=a973c3fa-7989-4c7f-b4eb-d833b71d7d79] Created FlowFile[3,93427128616052.mockFlowFile,11B] from FlowFile[0,93427128616052.mockFlowFile,33B]; routing to relationship unmatched
[pool-2316-thread-1] INFO org.apache.nifi.processors.standard.RouteText - RouteText[id=a973c3fa-7989-4c7f-b4eb-d833b71d7d79] Routing FlowFile[0,93427128616052.mockFlowFile,33B] to original
]]></system-err>
  </testcase>
  <testcase name="testGroupSameRelationship" classname="org.apache.nifi.processors.standard.TestRouteText" time="0.001">
    <system-err><![CDATA[[main] DEBUG org.apache.nifi.processors.standard.RouteText - RouteText[id=c9975f62-ef46-4860-bef0-83be57ee8e42] Adding new dynamic property: PropertyDescriptor[o]
[pool-2317-thread-1] INFO org.apache.nifi.processors.standard.RouteText - RouteText[id=c9975f62-ef46-4860-bef0-83be57ee8e42] Created FlowFile[2,93427129904671.mockFlowFile,8B] from FlowFile[0,93427129904671.mockFlowFile,26B]; routing to relationship o
[pool-2317-thread-1] INFO org.apache.nifi.processors.standard.RouteText - RouteText[id=c9975f62-ef46-4860-bef0-83be57ee8e42] Created FlowFile[1,93427129904671.mockFlowFile,18B] from FlowFile[0,93427129904671.mockFlowFile,26B]; routing to relationship o
[pool-2317-thread-1] INFO org.apache.nifi.processors.standard.RouteText - RouteText[id=c9975f62-ef46-4860-bef0-83be57ee8e42] Routing FlowFile[0,93427129904671.mockFlowFile,26B] to original
]]></system-err>
  </testcase>
  <testcase name="testSimpleDefaultEquals" classname="org.apache.nifi.processors.standard.TestRouteText" time="0.001">
    <system-err><![CDATA[[main] DEBUG org.apache.nifi.processors.standard.RouteText - RouteText[id=2d1590ef-9678-4a08-87e5-75907fcb9fd9] Adding new dynamic property: PropertyDescriptor[simple]
[pool-2318-thread-1] INFO org.apache.nifi.processors.standard.RouteText - RouteText[id=2d1590ef-9678-4a08-87e5-75907fcb9fd9] Created FlowFile[1,93427130828095.mockFlowFile,17B] from FlowFile[0,93427130828095.mockFlowFile,26B]; routing to relationship simple
[pool-2318-thread-1] INFO org.apache.nifi.processors.standard.RouteText - RouteText[id=2d1590ef-9678-4a08-87e5-75907fcb9fd9] Created FlowFile[2,93427130828095.mockFlowFile,9B] from FlowFile[0,93427130828095.mockFlowFile,26B]; routing to relationship unmatched
[pool-2318-thread-1] INFO org.apache.nifi.processors.standard.RouteText - RouteText[id=2d1590ef-9678-4a08-87e5-75907fcb9fd9] Routing FlowFile[0,93427130828095.mockFlowFile,26B] to original
]]></system-err>
  </testcase>
  <testcase name="testSimpleDefaultEnd" classname="org.apache.nifi.processors.standard.TestRouteText" time="0.001">
    <system-err><![CDATA[[main] DEBUG org.apache.nifi.processors.standard.RouteText - RouteText[id=3c38f296-5180-4420-aff4-4b5b124a335c] Adding new dynamic property: PropertyDescriptor[simple]
[pool-2319-thread-1] INFO org.apache.nifi.processors.standard.RouteText - RouteText[id=3c38f296-5180-4420-aff4-4b5b124a335c] Created FlowFile[1,93427131637794.mockFlowFile,17B] from FlowFile[0,93427131637794.mockFlowFile,26B]; routing to relationship simple
[pool-2319-thread-1] INFO org.apache.nifi.processors.standard.RouteText - RouteText[id=3c38f296-5180-4420-aff4-4b5b124a335c] Created FlowFile[2,93427131637794.mockFlowFile,9B] from FlowFile[0,93427131637794.mockFlowFile,26B]; routing to relationship unmatched
[pool-2319-thread-1] INFO org.apache.nifi.processors.standard.RouteText - RouteText[id=3c38f296-5180-4420-aff4-4b5b124a335c] Routing FlowFile[0,93427131637794.mockFlowFile,26B] to original
]]></system-err>
  </testcase>
  <testcase name="testSimpleDefaultStarts" classname="org.apache.nifi.processors.standard.TestRouteText" time="0.001">
    <system-err><![CDATA[[main] DEBUG org.apache.nifi.processors.standard.RouteText - RouteText[id=d88152bf-6672-4386-b1c9-e4016035ed95] Adding new dynamic property: PropertyDescriptor[simple]
[pool-2320-thread-1] INFO org.apache.nifi.processors.standard.RouteText - RouteText[id=d88152bf-6672-4386-b1c9-e4016035ed95] Created FlowFile[1,93427132486031.mockFlowFile,17B] from FlowFile[0,93427132486031.mockFlowFile,26B]; routing to relationship simple
[pool-2320-thread-1] INFO org.apache.nifi.processors.standard.RouteText - RouteText[id=d88152bf-6672-4386-b1c9-e4016035ed95] Created FlowFile[2,93427132486031.mockFlowFile,9B] from FlowFile[0,93427132486031.mockFlowFile,26B]; routing to relationship unmatched
[pool-2320-thread-1] INFO org.apache.nifi.processors.standard.RouteText - RouteText[id=d88152bf-6672-4386-b1c9-e4016035ed95] Routing FlowFile[0,93427132486031.mockFlowFile,26B] to original
]]></system-err>
  </testcase>
  <testcase name="testSimpleAnyContainRegularExpression" classname="org.apache.nifi.processors.standard.TestRouteText" time="0.001">
    <system-err><![CDATA[[main] DEBUG org.apache.nifi.processors.standard.RouteText - RouteText[id=fa788fdc-96be-460b-8be9-9d874b88188f] Adding new dynamic property: PropertyDescriptor[simple]
[main] DEBUG org.apache.nifi.processors.standard.RouteText - RouteText[id=fa788fdc-96be-460b-8be9-9d874b88188f] Adding new dynamic property: PropertyDescriptor[no]
[pool-2321-thread-1] INFO org.apache.nifi.processors.standard.RouteText - RouteText[id=fa788fdc-96be-460b-8be9-9d874b88188f] Created FlowFile[2,93427133376179.mockFlowFile,9B] from FlowFile[0,93427133376179.mockFlowFile,26B]; routing to relationship unmatched
[pool-2321-thread-1] INFO org.apache.nifi.processors.standard.RouteText - RouteText[id=fa788fdc-96be-460b-8be9-9d874b88188f] Created FlowFile[1,93427133376179.mockFlowFile,17B] from FlowFile[0,93427133376179.mockFlowFile,26B]; routing to relationship matched
[pool-2321-thread-1] INFO org.apache.nifi.processors.standard.RouteText - RouteText[id=fa788fdc-96be-460b-8be9-9d874b88188f] Routing FlowFile[0,93427133376179.mockFlowFile,26B] to original
]]></system-err>
  </testcase>
  <testcase name="testSimpleCaseSensitiveStartsMatch" classname="org.apache.nifi.processors.standard.TestRouteText" time="0.001">
    <system-err><![CDATA[[main] DEBUG org.apache.nifi.processors.standard.RouteText - RouteText[id=16a7cecc-c5e5-4d4b-8b72-e5f803190796] Adding new dynamic property: PropertyDescriptor[simple]
[pool-2322-thread-1] INFO org.apache.nifi.processors.standard.RouteText - RouteText[id=16a7cecc-c5e5-4d4b-8b72-e5f803190796] Created FlowFile[2,93427134558465.mockFlowFile,16B] from FlowFile[0,93427134558465.mockFlowFile,33B]; routing to relationship simple
[pool-2322-thread-1] INFO org.apache.nifi.processors.standard.RouteText - RouteText[id=16a7cecc-c5e5-4d4b-8b72-e5f803190796] Created FlowFile[1,93427134558465.mockFlowFile,17B] from FlowFile[0,93427134558465.mockFlowFile,33B]; routing to relationship unmatched
[pool-2322-thread-1] INFO org.apache.nifi.processors.standard.RouteText - RouteText[id=16a7cecc-c5e5-4d4b-8b72-e5f803190796] Routing FlowFile[0,93427134558465.mockFlowFile,33B] to original
]]></system-err>
  </testcase>
  <testcase name="testPatternCache" classname="org.apache.nifi.processors.standard.TestRouteText" time="1.156">
    <system-err><![CDATA[[main] DEBUG org.apache.nifi.processors.standard.RouteText - RouteText[id=24e84634-fdfb-4a8b-87b3-8cb3253f4f09] Adding new dynamic property: PropertyDescriptor[simple]
[pool-2323-thread-1] INFO org.apache.nifi.processors.standard.RouteText - RouteText[id=24e84634-fdfb-4a8b-87b3-8cb3253f4f09] Created FlowFile[2,93427135401105.mockFlowFile,9B] from FlowFile[0,93427135401105.mockFlowFile,9B]; routing to relationship unmatched
[pool-2323-thread-1] INFO org.apache.nifi.processors.standard.RouteText - RouteText[id=24e84634-fdfb-4a8b-87b3-8cb3253f4f09] Routing FlowFile[0,93427135401105.mockFlowFile,9B] to original
[pool-2323-thread-1] INFO org.apache.nifi.processors.standard.RouteText - RouteText[id=24e84634-fdfb-4a8b-87b3-8cb3253f4f09] Created FlowFile[3,93427135448480.mockFlowFile,15B] from FlowFile[1,93427135448480.mockFlowFile,15B]; routing to relationship unmatched
[pool-2323-thread-1] INFO org.apache.nifi.processors.standard.RouteText - RouteText[id=24e84634-fdfb-4a8b-87b3-8cb3253f4f09] Routing FlowFile[1,93427135448480.mockFlowFile,15B] to original
[main] DEBUG org.apache.nifi.processors.standard.RouteText - RouteText[id=24e84634-fdfb-4a8b-87b3-8cb3253f4f09] Adding new dynamic property: PropertyDescriptor[simple]
[pool-2324-thread-1] INFO org.apache.nifi.processors.standard.RouteText - RouteText[id=24e84634-fdfb-4a8b-87b3-8cb3253f4f09] Created FlowFile[5,93427136912387.mockFlowFile,21B] from FlowFile[4,93427136912387.mockFlowFile,21B]; routing to relationship simple
[pool-2324-thread-1] INFO org.apache.nifi.processors.standard.RouteText - RouteText[id=24e84634-fdfb-4a8b-87b3-8cb3253f4f09] Routing FlowFile[4,93427136912387.mockFlowFile,21B] to original
[main] DEBUG org.apache.nifi.processors.standard.RouteText - RouteText[id=24e84634-fdfb-4a8b-87b3-8cb3253f4f09] Adding new dynamic property: PropertyDescriptor[simple]
[pool-2325-thread-1] INFO org.apache.nifi.processors.standard.RouteText - RouteText[id=24e84634-fdfb-4a8b-87b3-8cb3253f4f09] Created FlowFile[7,93427137696500.mockFlowFile,21B] from FlowFile[6,93427137696500.mockFlowFile,21B]; routing to relationship simple
[pool-2325-thread-1] INFO org.apache.nifi.processors.standard.RouteText - RouteText[id=24e84634-fdfb-4a8b-87b3-8cb3253f4f09] Routing FlowFile[6,93427137696500.mockFlowFile,21B] to original
[main] DEBUG org.apache.nifi.processors.standard.RouteText - RouteText[id=24e84634-fdfb-4a8b-87b3-8cb3253f4f09] Adding new dynamic property: PropertyDescriptor[simple]
[pool-2326-thread-1] INFO org.apache.nifi.processors.standard.RouteText - RouteText[id=24e84634-fdfb-4a8b-87b3-8cb3253f4f09] Created FlowFile[9,93427138376725.mockFlowFile,21B] from FlowFile[8,93427138376725.mockFlowFile,21B]; routing to relationship simple
[pool-2326-thread-1] INFO org.apache.nifi.processors.standard.RouteText - RouteText[id=24e84634-fdfb-4a8b-87b3-8cb3253f4f09] Routing FlowFile[8,93427138376725.mockFlowFile,21B] to original
[main] DEBUG org.apache.nifi.processors.standard.RouteText - RouteText[id=24e84634-fdfb-4a8b-87b3-8cb3253f4f09] Adding new dynamic property: PropertyDescriptor[simple]
[pool-2327-thread-1] INFO org.apache.nifi.processors.standard.RouteText - RouteText[id=24e84634-fdfb-4a8b-87b3-8cb3253f4f09] Created FlowFile[11,93427139016727.mockFlowFile,21B] from FlowFile[10,93427139016727.mockFlowFile,21B]; routing to relationship simple
[pool-2327-thread-1] INFO org.apache.nifi.processors.standard.RouteText - RouteText[id=24e84634-fdfb-4a8b-87b3-8cb3253f4f09] Routing FlowFile[10,93427139016727.mockFlowFile,21B] to original
[main] DEBUG org.apache.nifi.processors.standard.RouteText - RouteText[id=24e84634-fdfb-4a8b-87b3-8cb3253f4f09] Adding new dynamic property: PropertyDescriptor[simple]
[pool-2328-thread-1] INFO org.apache.nifi.processors.standard.RouteText - RouteText[id=24e84634-fdfb-4a8b-87b3-8cb3253f4f09] Created FlowFile[13,93427139665882.mockFlowFile,21B] from FlowFile[12,93427139665882.mockFlowFile,21B]; routing to relationship simple
[pool-2328-thread-1] INFO org.apache.nifi.processors.standard.RouteText - RouteText[id=24e84634-fdfb-4a8b-87b3-8cb3253f4f09] Routing FlowFile[12,93427139665882.mockFlowFile,21B] to original
[main] DEBUG org.apache.nifi.processors.standard.RouteText - RouteText[id=24e84634-fdfb-4a8b-87b3-8cb3253f4f09] Adding new dynamic property: PropertyDescriptor[simple]
[pool-2329-thread-1] INFO org.apache.nifi.processors.standard.RouteText - RouteText[id=24e84634-fdfb-4a8b-87b3-8cb3253f4f09] Created FlowFile[15,93427140353222.mockFlowFile,21B] from FlowFile[14,93427140353222.mockFlowFile,21B]; routing to relationship simple
[pool-2329-thread-1] INFO org.apache.nifi.processors.standard.RouteText - RouteText[id=24e84634-fdfb-4a8b-87b3-8cb3253f4f09] Routing FlowFile[14,93427140353222.mockFlowFile,21B] to original
[main] DEBUG org.apache.nifi.processors.standard.RouteText - RouteText[id=24e84634-fdfb-4a8b-87b3-8cb3253f4f09] Adding new dynamic property: PropertyDescriptor[simple]
[pool-2330-thread-1] INFO org.apache.nifi.processors.standard.RouteText - RouteText[id=24e84634-fdfb-4a8b-87b3-8cb3253f4f09] Created FlowFile[17,93427141017665.mockFlowFile,21B] from FlowFile[16,93427141017665.mockFlowFile,21B]; routing to relationship simple
[pool-2330-thread-1] INFO org.apache.nifi.processors.standard.RouteText - RouteText[id=24e84634-fdfb-4a8b-87b3-8cb3253f4f09] Routing FlowFile[16,93427141017665.mockFlowFile,21B] to original
[main] DEBUG org.apache.nifi.processors.standard.RouteText - RouteText[id=24e84634-fdfb-4a8b-87b3-8cb3253f4f09] Adding new dynamic property: PropertyDescriptor[simple]
[pool-2331-thread-1] INFO org.apache.nifi.processors.standard.RouteText - RouteText[id=24e84634-fdfb-4a8b-87b3-8cb3253f4f09] Created FlowFile[19,93427141670962.mockFlowFile,21B] from FlowFile[18,93427141670962.mockFlowFile,21B]; routing to relationship simple
[pool-2331-thread-1] INFO org.apache.nifi.processors.standard.RouteText - RouteText[id=24e84634-fdfb-4a8b-87b3-8cb3253f4f09] Routing FlowFile[18,93427141670962.mockFlowFile,21B] to original
[main] DEBUG org.apache.nifi.processors.standard.RouteText - RouteText[id=24e84634-fdfb-4a8b-87b3-8cb3253f4f09] Adding new dynamic property: PropertyDescriptor[simple]
[pool-2332-thread-1] INFO org.apache.nifi.processors.standard.RouteText - RouteText[id=24e84634-fdfb-4a8b-87b3-8cb3253f4f09] Created FlowFile[21,93427142348613.mockFlowFile,21B] from FlowFile[20,93427142348613.mockFlowFile,21B]; routing to relationship simple
[pool-2332-thread-1] INFO org.apache.nifi.processors.standard.RouteText - RouteText[id=24e84634-fdfb-4a8b-87b3-8cb3253f4f09] Routing FlowFile[20,93427142348613.mockFlowFile,21B] to original
[main] DEBUG org.apache.nifi.processors.standard.RouteText - RouteText[id=24e84634-fdfb-4a8b-87b3-8cb3253f4f09] Adding new dynamic property: PropertyDescriptor[simple]
[pool-2333-thread-1] INFO org.apache.nifi.processors.standard.RouteText - RouteText[id=24e84634-fdfb-4a8b-87b3-8cb3253f4f09] Created FlowFile[23,93427143050275.mockFlowFile,21B] from FlowFile[22,93427143050275.mockFlowFile,21B]; routing to relationship simple
[pool-2333-thread-1] INFO org.apache.nifi.processors.standard.RouteText - RouteText[id=24e84634-fdfb-4a8b-87b3-8cb3253f4f09] Routing FlowFile[22,93427143050275.mockFlowFile,21B] to original
[main] DEBUG org.apache.nifi.processors.standard.RouteText - RouteText[id=24e84634-fdfb-4a8b-87b3-8cb3253f4f09] Adding new dynamic property: PropertyDescriptor[simple]
[pool-2334-thread-1] INFO org.apache.nifi.processors.standard.RouteText - RouteText[id=24e84634-fdfb-4a8b-87b3-8cb3253f4f09] Created FlowFile[25,93427143746097.mockFlowFile,22B] from FlowFile[24,93427143746097.mockFlowFile,22B]; routing to relationship simple
[pool-2334-thread-1] INFO org.apache.nifi.processors.standard.RouteText - RouteText[id=24e84634-fdfb-4a8b-87b3-8cb3253f4f09] Routing FlowFile[24,93427143746097.mockFlowFile,22B] to original
[main] DEBUG org.apache.nifi.processors.standard.RouteText - RouteText[id=24e84634-fdfb-4a8b-87b3-8cb3253f4f09] Adding new dynamic property: PropertyDescriptor[simple]
[pool-2335-thread-1] INFO org.apache.nifi.processors.standard.RouteText - RouteText[id=24e84634-fdfb-4a8b-87b3-8cb3253f4f09] Created FlowFile[27,93427144430497.mockFlowFile,22B] from FlowFile[26,93427144430497.mockFlowFile,22B]; routing to relationship simple
[pool-2335-thread-1] INFO org.apache.nifi.processors.standard.RouteText - RouteText[id=24e84634-fdfb-4a8b-87b3-8cb3253f4f09] Routing FlowFile[26,93427144430497.mockFlowFile,22B] to original
[main] DEBUG org.apache.nifi.processors.standard.RouteText - RouteText[id=24e84634-fdfb-4a8b-87b3-8cb3253f4f09] Adding new dynamic property: PropertyDescriptor[simple]
[pool-2336-thread-1] INFO org.apache.nifi.processors.standard.RouteText - RouteText[id=24e84634-fdfb-4a8b-87b3-8cb3253f4f09] Created FlowFile[29,93427145283298.mockFlowFile,22B] from FlowFile[28,93427145283298.mockFlowFile,22B]; routing to relationship simple
[pool-2336-thread-1] INFO org.apache.nifi.processors.standard.RouteText - RouteText[id=24e84634-fdfb-4a8b-87b3-8cb3253f4f09] Routing FlowFile[28,93427145283298.mockFlowFile,22B] to original
[main] DEBUG org.apache.nifi.processors.standard.RouteText - RouteText[id=24e84634-fdfb-4a8b-87b3-8cb3253f4f09] Adding new dynamic property: PropertyDescriptor[simple]
[pool-2337-thread-1] INFO org.apache.nifi.processors.standard.RouteText - RouteText[id=24e84634-fdfb-4a8b-87b3-8cb3253f4f09] Created FlowFile[31,93427145986905.mockFlowFile,22B] from FlowFile[30,93427145986905.mockFlowFile,22B]; routing to relationship simple
[pool-2337-thread-1] INFO org.apache.nifi.processors.standard.RouteText - RouteText[id=24e84634-fdfb-4a8b-87b3-8cb3253f4f09] Routing FlowFile[30,93427145986905.mockFlowFile,22B] to original
[main] DEBUG org.apache.nifi.processors.standard.RouteText - RouteText[id=24e84634-fdfb-4a8b-87b3-8cb3253f4f09] Adding new dynamic property: PropertyDescriptor[simple]
[pool-2338-thread-1] INFO org.apache.nifi.processors.standard.RouteText - RouteText[id=24e84634-fdfb-4a8b-87b3-8cb3253f4f09] Created FlowFile[33,93427146613281.mockFlowFile,22B] from FlowFile[32,93427146613281.mockFlowFile,22B]; routing to relationship simple
[pool-2338-thread-1] INFO org.apache.nifi.processors.standard.RouteText - RouteText[id=24e84634-fdfb-4a8b-87b3-8cb3253f4f09] Routing FlowFile[32,93427146613281.mockFlowFile,22B] to original
[main] DEBUG org.apache.nifi.processors.standard.RouteText - RouteText[id=24e84634-fdfb-4a8b-87b3-8cb3253f4f09] Adding new dynamic property: PropertyDescriptor[simple]
[pool-2339-thread-1] INFO org.apache.nifi.processors.standard.RouteText - RouteText[id=24e84634-fdfb-4a8b-87b3-8cb3253f4f09] Created FlowFile[35,93427147231537.mockFlowFile,22B] from FlowFile[34,93427147231537.mockFlowFile,22B]; routing to relationship simple
[pool-2339-thread-1] INFO org.apache.nifi.processors.standard.RouteText - RouteText[id=24e84634-fdfb-4a8b-87b3-8cb3253f4f09] Routing FlowFile[34,93427147231537.mockFlowFile,22B] to original
[main] DEBUG org.apache.nifi.processors.standard.RouteText - RouteText[id=24e84634-fdfb-4a8b-87b3-8cb3253f4f09] Adding new dynamic property: PropertyDescriptor[simple]
[pool-2340-thread-1] INFO org.apache.nifi.processors.standard.RouteText - RouteText[id=24e84634-fdfb-4a8b-87b3-8cb3253f4f09] Created FlowFile[37,93427147911191.mockFlowFile,22B] from FlowFile[36,93427147911191.mockFlowFile,22B]; routing to relationship simple
[pool-2340-thread-1] INFO org.apache.nifi.processors.standard.RouteText - RouteText[id=24e84634-fdfb-4a8b-87b3-8cb3253f4f09] Routing FlowFile[36,93427147911191.mockFlowFile,22B] to original
[main] DEBUG org.apache.nifi.processors.standard.RouteText - RouteText[id=24e84634-fdfb-4a8b-87b3-8cb3253f4f09] Adding new dynamic property: PropertyDescriptor[simple]
[pool-2341-thread-1] INFO org.apache.nifi.processors.standard.RouteText - RouteText[id=24e84634-fdfb-4a8b-87b3-8cb3253f4f09] Created FlowFile[39,93427148554200.mockFlowFile,22B] from FlowFile[38,93427148554200.mockFlowFile,22B]; routing to relationship simple
[pool-2341-thread-1] INFO org.apache.nifi.processors.standard.RouteText - RouteText[id=24e84634-fdfb-4a8b-87b3-8cb3253f4f09] Routing FlowFile[38,93427148554200.mockFlowFile,22B] to original
[main] DEBUG org.apache.nifi.processors.standard.RouteText - RouteText[id=24e84634-fdfb-4a8b-87b3-8cb3253f4f09] Adding new dynamic property: PropertyDescriptor[simple]
[pool-2342-thread-1] INFO org.apache.nifi.processors.standard.RouteText - RouteText[id=24e84634-fdfb-4a8b-87b3-8cb3253f4f09] Created FlowFile[41,93427149129075.mockFlowFile,22B] from FlowFile[40,93427149129075.mockFlowFile,22B]; routing to relationship simple
[pool-2342-thread-1] INFO org.apache.nifi.processors.standard.RouteText - RouteText[id=24e84634-fdfb-4a8b-87b3-8cb3253f4f09] Routing FlowFile[40,93427149129075.mockFlowFile,22B] to original
[main] DEBUG org.apache.nifi.processors.standard.RouteText - RouteText[id=24e84634-fdfb-4a8b-87b3-8cb3253f4f09] Adding new dynamic property: PropertyDescriptor[simple]
[pool-2343-thread-1] INFO org.apache.nifi.processors.standard.RouteText - RouteText[id=24e84634-fdfb-4a8b-87b3-8cb3253f4f09] Created FlowFile[43,93427149857286.mockFlowFile,22B] from FlowFile[42,93427149857286.mockFlowFile,22B]; routing to relationship simple
[pool-2343-thread-1] INFO org.apache.nifi.processors.standard.RouteText - RouteText[id=24e84634-fdfb-4a8b-87b3-8cb3253f4f09] Routing FlowFile[42,93427149857286.mockFlowFile,22B] to original
[main] DEBUG org.apache.nifi.processors.standard.RouteText - RouteText[id=24e84634-fdfb-4a8b-87b3-8cb3253f4f09] Adding new dynamic property: PropertyDescriptor[simple]
[pool-2344-thread-1] INFO org.apache.nifi.processors.standard.RouteText - RouteText[id=24e84634-fdfb-4a8b-87b3-8cb3253f4f09] Created FlowFile[45,93427150432729.mockFlowFile,22B] from FlowFile[44,93427150432729.mockFlowFile,22B]; routing to relationship simple
[pool-2344-thread-1] INFO org.apache.nifi.processors.standard.RouteText - RouteText[id=24e84634-fdfb-4a8b-87b3-8cb3253f4f09] Routing FlowFile[44,93427150432729.mockFlowFile,22B] to original
[main] DEBUG org.apache.nifi.processors.standard.RouteText - RouteText[id=24e84634-fdfb-4a8b-87b3-8cb3253f4f09] Adding new dynamic property: PropertyDescriptor[simple]
[pool-2345-thread-1] INFO org.apache.nifi.processors.standard.RouteText - RouteText[id=24e84634-fdfb-4a8b-87b3-8cb3253f4f09] Created FlowFile[47,93427150924405.mockFlowFile,22B] from FlowFile[46,93427150924405.mockFlowFile,22B]; routing to relationship simple
[pool-2345-thread-1] INFO org.apache.nifi.processors.standard.RouteText - RouteText[id=24e84634-fdfb-4a8b-87b3-8cb3253f4f09] Routing FlowFile[46,93427150924405.mockFlowFile,22B] to original
[main] DEBUG org.apache.nifi.processors.standard.RouteText - RouteText[id=24e84634-fdfb-4a8b-87b3-8cb3253f4f09] Adding new dynamic property: PropertyDescriptor[simple]
[pool-2346-thread-1] INFO org.apache.nifi.processors.standard.RouteText - RouteText[id=24e84634-fdfb-4a8b-87b3-8cb3253f4f09] Created FlowFile[49,93427151472374.mockFlowFile,22B] from FlowFile[48,93427151472374.mockFlowFile,22B]; routing to relationship simple
[pool-2346-thread-1] INFO org.apache.nifi.processors.standard.RouteText - RouteText[id=24e84634-fdfb-4a8b-87b3-8cb3253f4f09] Routing FlowFile[48,93427151472374.mockFlowFile,22B] to original
[main] DEBUG org.apache.nifi.processors.standard.RouteText - RouteText[id=24e84634-fdfb-4a8b-87b3-8cb3253f4f09] Adding new dynamic property: PropertyDescriptor[simple]
[pool-2347-thread-1] INFO org.apache.nifi.processors.standard.RouteText - RouteText[id=24e84634-fdfb-4a8b-87b3-8cb3253f4f09] Created FlowFile[51,93427151974995.mockFlowFile,22B] from FlowFile[50,93427151974995.mockFlowFile,22B]; routing to relationship simple
[pool-2347-thread-1] INFO org.apache.nifi.processors.standard.RouteText - RouteText[id=24e84634-fdfb-4a8b-87b3-8cb3253f4f09] Routing FlowFile[50,93427151974995.mockFlowFile,22B] to original
[main] DEBUG org.apache.nifi.processors.standard.RouteText - RouteText[id=24e84634-fdfb-4a8b-87b3-8cb3253f4f09] Adding new dynamic property: PropertyDescriptor[simple]
[pool-2348-thread-1] INFO org.apache.nifi.processors.standard.RouteText - RouteText[id=24e84634-fdfb-4a8b-87b3-8cb3253f4f09] Created FlowFile[53,93427152564820.mockFlowFile,22B] from FlowFile[52,93427152564820.mockFlowFile,22B]; routing to relationship simple
[pool-2348-thread-1] INFO org.apache.nifi.processors.standard.RouteText - RouteText[id=24e84634-fdfb-4a8b-87b3-8cb3253f4f09] Routing FlowFile[52,93427152564820.mockFlowFile,22B] to original
[main] DEBUG org.apache.nifi.processors.standard.RouteText - RouteText[id=24e84634-fdfb-4a8b-87b3-8cb3253f4f09] Adding new dynamic property: PropertyDescriptor[simple]
[pool-2349-thread-1] INFO org.apache.nifi.processors.standard.RouteText - RouteText[id=24e84634-fdfb-4a8b-87b3-8cb3253f4f09] Created FlowFile[55,93427153097913.mockFlowFile,22B] from FlowFile[54,93427153097913.mockFlowFile,22B]; routing to relationship simple
[pool-2349-thread-1] INFO org.apache.nifi.processors.standard.RouteText - RouteText[id=24e84634-fdfb-4a8b-87b3-8cb3253f4f09] Routing FlowFile[54,93427153097913.mockFlowFile,22B] to original
[main] DEBUG org.apache.nifi.processors.standard.RouteText - RouteText[id=24e84634-fdfb-4a8b-87b3-8cb3253f4f09] Adding new dynamic property: PropertyDescriptor[simple]
[pool-2350-thread-1] INFO org.apache.nifi.processors.standard.RouteText - RouteText[id=24e84634-fdfb-4a8b-87b3-8cb3253f4f09] Created FlowFile[57,93427153604096.mockFlowFile,22B] from FlowFile[56,93427153604096.mockFlowFile,22B]; routing to relationship simple
[pool-2350-thread-1] INFO org.apache.nifi.processors.standard.RouteText - RouteText[id=24e84634-fdfb-4a8b-87b3-8cb3253f4f09] Routing FlowFile[56,93427153604096.mockFlowFile,22B] to original
[main] DEBUG org.apache.nifi.processors.standard.RouteText - RouteText[id=24e84634-fdfb-4a8b-87b3-8cb3253f4f09] Adding new dynamic property: PropertyDescriptor[simple]
[pool-2351-thread-1] INFO org.apache.nifi.processors.standard.RouteText - RouteText[id=24e84634-fdfb-4a8b-87b3-8cb3253f4f09] Created FlowFile[59,93427154043473.mockFlowFile,22B] from FlowFile[58,93427154043473.mockFlowFile,22B]; routing to relationship simple
[pool-2351-thread-1] INFO org.apache.nifi.processors.standard.RouteText - RouteText[id=24e84634-fdfb-4a8b-87b3-8cb3253f4f09] Routing FlowFile[58,93427154043473.mockFlowFile,22B] to original
[main] DEBUG org.apache.nifi.processors.standard.RouteText - RouteText[id=24e84634-fdfb-4a8b-87b3-8cb3253f4f09] Adding new dynamic property: PropertyDescriptor[simple]
[pool-2352-thread-1] INFO org.apache.nifi.processors.standard.RouteText - RouteText[id=24e84634-fdfb-4a8b-87b3-8cb3253f4f09] Created FlowFile[61,93427154456315.mockFlowFile,22B] from FlowFile[60,93427154456315.mockFlowFile,22B]; routing to relationship simple
[pool-2352-thread-1] INFO org.apache.nifi.processors.standard.RouteText - RouteText[id=24e84634-fdfb-4a8b-87b3-8cb3253f4f09] Routing FlowFile[60,93427154456315.mockFlowFile,22B] to original
[main] DEBUG org.apache.nifi.processors.standard.RouteText - RouteText[id=24e84634-fdfb-4a8b-87b3-8cb3253f4f09] Adding new dynamic property: PropertyDescriptor[simple]
[pool-2353-thread-1] INFO org.apache.nifi.processors.standard.RouteText - RouteText[id=24e84634-fdfb-4a8b-87b3-8cb3253f4f09] Created FlowFile[63,93427154862649.mockFlowFile,22B] from FlowFile[62,93427154862649.mockFlowFile,22B]; routing to relationship simple
[pool-2353-thread-1] INFO org.apache.nifi.processors.standard.RouteText - RouteText[id=24e84634-fdfb-4a8b-87b3-8cb3253f4f09] Routing FlowFile[62,93427154862649.mockFlowFile,22B] to original
[main] DEBUG org.apache.nifi.processors.standard.RouteText - RouteText[id=24e84634-fdfb-4a8b-87b3-8cb3253f4f09] Adding new dynamic property: PropertyDescriptor[simple]
[pool-2354-thread-1] INFO org.apache.nifi.processors.standard.RouteText - RouteText[id=24e84634-fdfb-4a8b-87b3-8cb3253f4f09] Created FlowFile[65,93427155354539.mockFlowFile,22B] from FlowFile[64,93427155354539.mockFlowFile,22B]; routing to relationship simple
[pool-2354-thread-1] INFO org.apache.nifi.processors.standard.RouteText - RouteText[id=24e84634-fdfb-4a8b-87b3-8cb3253f4f09] Routing FlowFile[64,93427155354539.mockFlowFile,22B] to original
[main] DEBUG org.apache.nifi.processors.standard.RouteText - RouteText[id=24e84634-fdfb-4a8b-87b3-8cb3253f4f09] Adding new dynamic property: PropertyDescriptor[simple]
[pool-2355-thread-1] INFO org.apache.nifi.processors.standard.RouteText - RouteText[id=24e84634-fdfb-4a8b-87b3-8cb3253f4f09] Created FlowFile[67,93427155812317.mockFlowFile,22B] from FlowFile[66,93427155812317.mockFlowFile,22B]; routing to relationship simple
[pool-2355-thread-1] INFO org.apache.nifi.processors.standard.RouteText - RouteText[id=24e84634-fdfb-4a8b-87b3-8cb3253f4f09] Routing FlowFile[66,93427155812317.mockFlowFile,22B] to original
[main] DEBUG org.apache.nifi.processors.standard.RouteText - RouteText[id=24e84634-fdfb-4a8b-87b3-8cb3253f4f09] Adding new dynamic property: PropertyDescriptor[simple]
[pool-2356-thread-1] INFO org.apache.nifi.processors.standard.RouteText - RouteText[id=24e84634-fdfb-4a8b-87b3-8cb3253f4f09] Created FlowFile[69,93427156261529.mockFlowFile,22B] from FlowFile[68,93427156261529.mockFlowFile,22B]; routing to relationship simple
[pool-2356-thread-1] INFO org.apache.nifi.processors.standard.RouteText - RouteText[id=24e84634-fdfb-4a8b-87b3-8cb3253f4f09] Routing FlowFile[68,93427156261529.mockFlowFile,22B] to original
[main] DEBUG org.apache.nifi.processors.standard.RouteText - RouteText[id=24e84634-fdfb-4a8b-87b3-8cb3253f4f09] Adding new dynamic property: PropertyDescriptor[simple]
[pool-2357-thread-1] INFO org.apache.nifi.processors.standard.RouteText - RouteText[id=24e84634-fdfb-4a8b-87b3-8cb3253f4f09] Created FlowFile[71,93427156804809.mockFlowFile,22B] from FlowFile[70,93427156804809.mockFlowFile,22B]; routing to relationship simple
[pool-2357-thread-1] INFO org.apache.nifi.processors.standard.RouteText - RouteText[id=24e84634-fdfb-4a8b-87b3-8cb3253f4f09] Routing FlowFile[70,93427156804809.mockFlowFile,22B] to original
[main] DEBUG org.apache.nifi.processors.standard.RouteText - RouteText[id=24e84634-fdfb-4a8b-87b3-8cb3253f4f09] Adding new dynamic property: PropertyDescriptor[simple]
[pool-2358-thread-1] INFO org.apache.nifi.processors.standard.RouteText - RouteText[id=24e84634-fdfb-4a8b-87b3-8cb3253f4f09] Created FlowFile[73,93427157311242.mockFlowFile,22B] from FlowFile[72,93427157311242.mockFlowFile,22B]; routing to relationship simple
[pool-2358-thread-1] INFO org.apache.nifi.processors.standard.RouteText - RouteText[id=24e84634-fdfb-4a8b-87b3-8cb3253f4f09] Routing FlowFile[72,93427157311242.mockFlowFile,22B] to original
[main] DEBUG org.apache.nifi.processors.standard.RouteText - RouteText[id=24e84634-fdfb-4a8b-87b3-8cb3253f4f09] Adding new dynamic property: PropertyDescriptor[simple]
[pool-2359-thread-1] INFO org.apache.nifi.processors.standard.RouteText - RouteText[id=24e84634-fdfb-4a8b-87b3-8cb3253f4f09] Created FlowFile[75,93427157868678.mockFlowFile,22B] from FlowFile[74,93427157868678.mockFlowFile,22B]; routing to relationship simple
[pool-2359-thread-1] INFO org.apache.nifi.processors.standard.RouteText - RouteText[id=24e84634-fdfb-4a8b-87b3-8cb3253f4f09] Routing FlowFile[74,93427157868678.mockFlowFile,22B] to original
[main] DEBUG org.apache.nifi.processors.standard.RouteText - RouteText[id=24e84634-fdfb-4a8b-87b3-8cb3253f4f09] Adding new dynamic property: PropertyDescriptor[simple]
[pool-2360-thread-1] INFO org.apache.nifi.processors.standard.RouteText - RouteText[id=24e84634-fdfb-4a8b-87b3-8cb3253f4f09] Created FlowFile[77,93427158476260.mockFlowFile,22B] from FlowFile[76,93427158476260.mockFlowFile,22B]; routing to relationship simple
[pool-2360-thread-1] INFO org.apache.nifi.processors.standard.RouteText - RouteText[id=24e84634-fdfb-4a8b-87b3-8cb3253f4f09] Routing FlowFile[76,93427158476260.mockFlowFile,22B] to original
[main] DEBUG org.apache.nifi.processors.standard.RouteText - RouteText[id=24e84634-fdfb-4a8b-87b3-8cb3253f4f09] Adding new dynamic property: PropertyDescriptor[simple]
[pool-2361-thread-1] INFO org.apache.nifi.processors.standard.RouteText - RouteText[id=24e84634-fdfb-4a8b-87b3-8cb3253f4f09] Created FlowFile[79,93427159065605.mockFlowFile,22B] from FlowFile[78,93427159065605.mockFlowFile,22B]; routing to relationship simple
[pool-2361-thread-1] INFO org.apache.nifi.processors.standard.RouteText - RouteText[id=24e84634-fdfb-4a8b-87b3-8cb3253f4f09] Routing FlowFile[78,93427159065605.mockFlowFile,22B] to original
[main] DEBUG org.apache.nifi.processors.standard.RouteText - RouteText[id=24e84634-fdfb-4a8b-87b3-8cb3253f4f09] Adding new dynamic property: PropertyDescriptor[simple]
[pool-2362-thread-1] INFO org.apache.nifi.processors.standard.RouteText - RouteText[id=24e84634-fdfb-4a8b-87b3-8cb3253f4f09] Created FlowFile[81,93427159725947.mockFlowFile,22B] from FlowFile[80,93427159725947.mockFlowFile,22B]; routing to relationship simple
[pool-2362-thread-1] INFO org.apache.nifi.processors.standard.RouteText - RouteText[id=24e84634-fdfb-4a8b-87b3-8cb3253f4f09] Routing FlowFile[80,93427159725947.mockFlowFile,22B] to original
[main] DEBUG org.apache.nifi.processors.standard.RouteText - RouteText[id=24e84634-fdfb-4a8b-87b3-8cb3253f4f09] Adding new dynamic property: PropertyDescriptor[simple]
[pool-2363-thread-1] INFO org.apache.nifi.processors.standard.RouteText - RouteText[id=24e84634-fdfb-4a8b-87b3-8cb3253f4f09] Created FlowFile[83,93427160367231.mockFlowFile,22B] from FlowFile[82,93427160367231.mockFlowFile,22B]; routing to relationship simple
[pool-2363-thread-1] INFO org.apache.nifi.processors.standard.RouteText - RouteText[id=24e84634-fdfb-4a8b-87b3-8cb3253f4f09] Routing FlowFile[82,93427160367231.mockFlowFile,22B] to original
[main] DEBUG org.apache.nifi.processors.standard.RouteText - RouteText[id=24e84634-fdfb-4a8b-87b3-8cb3253f4f09] Adding new dynamic property: PropertyDescriptor[simple]
[pool-2364-thread-1] INFO org.apache.nifi.processors.standard.RouteText - RouteText[id=24e84634-fdfb-4a8b-87b3-8cb3253f4f09] Created FlowFile[85,93427160993512.mockFlowFile,22B] from FlowFile[84,93427160993512.mockFlowFile,22B]; routing to relationship simple
[pool-2364-thread-1] INFO org.apache.nifi.processors.standard.RouteText - RouteText[id=24e84634-fdfb-4a8b-87b3-8cb3253f4f09] Routing FlowFile[84,93427160993512.mockFlowFile,22B] to original
[main] DEBUG org.apache.nifi.processors.standard.RouteText - RouteText[id=24e84634-fdfb-4a8b-87b3-8cb3253f4f09] Adding new dynamic property: PropertyDescriptor[simple]
[pool-2365-thread-1] INFO org.apache.nifi.processors.standard.RouteText - RouteText[id=24e84634-fdfb-4a8b-87b3-8cb3253f4f09] Created FlowFile[87,93427161590820.mockFlowFile,22B] from FlowFile[86,93427161590820.mockFlowFile,22B]; routing to relationship simple
[pool-2365-thread-1] INFO org.apache.nifi.processors.standard.RouteText - RouteText[id=24e84634-fdfb-4a8b-87b3-8cb3253f4f09] Routing FlowFile[86,93427161590820.mockFlowFile,22B] to original
[main] DEBUG org.apache.nifi.processors.standard.RouteText - RouteText[id=24e84634-fdfb-4a8b-87b3-8cb3253f4f09] Adding new dynamic property: PropertyDescriptor[simple]
[pool-2366-thread-1] INFO org.apache.nifi.processors.standard.RouteText - RouteText[id=24e84634-fdfb-4a8b-87b3-8cb3253f4f09] Created FlowFile[89,93427162130168.mockFlowFile,22B] from FlowFile[88,93427162130168.mockFlowFile,22B]; routing to relationship simple
[pool-2366-thread-1] INFO org.apache.nifi.processors.standard.RouteText - RouteText[id=24e84634-fdfb-4a8b-87b3-8cb3253f4f09] Routing FlowFile[88,93427162130168.mockFlowFile,22B] to original
[main] DEBUG org.apache.nifi.processors.standard.RouteText - RouteText[id=24e84634-fdfb-4a8b-87b3-8cb3253f4f09] Adding new dynamic property: PropertyDescriptor[simple]
[pool-2367-thread-1] INFO org.apache.nifi.processors.standard.RouteText - RouteText[id=24e84634-fdfb-4a8b-87b3-8cb3253f4f09] Created FlowFile[91,93427162667343.mockFlowFile,22B] from FlowFile[90,93427162667343.mockFlowFile,22B]; routing to relationship simple
[pool-2367-thread-1] INFO org.apache.nifi.processors.standard.RouteText - RouteText[id=24e84634-fdfb-4a8b-87b3-8cb3253f4f09] Routing FlowFile[90,93427162667343.mockFlowFile,22B] to original
[main] DEBUG org.apache.nifi.processors.standard.RouteText - RouteText[id=24e84634-fdfb-4a8b-87b3-8cb3253f4f09] Adding new dynamic property: PropertyDescriptor[simple]
[pool-2368-thread-1] INFO org.apache.nifi.processors.standard.RouteText - RouteText[id=24e84634-fdfb-4a8b-87b3-8cb3253f4f09] Created FlowFile[93,93427163171385.mockFlowFile,22B] from FlowFile[92,93427163171385.mockFlowFile,22B]; routing to relationship simple
[pool-2368-thread-1] INFO org.apache.nifi.processors.standard.RouteText - RouteText[id=24e84634-fdfb-4a8b-87b3-8cb3253f4f09] Routing FlowFile[92,93427163171385.mockFlowFile,22B] to original
[main] DEBUG org.apache.nifi.processors.standard.RouteText - RouteText[id=24e84634-fdfb-4a8b-87b3-8cb3253f4f09] Adding new dynamic property: PropertyDescriptor[simple]
[pool-2369-thread-1] INFO org.apache.nifi.processors.standard.RouteText - RouteText[id=24e84634-fdfb-4a8b-87b3-8cb3253f4f09] Created FlowFile[95,93427163863992.mockFlowFile,22B] from FlowFile[94,93427163863992.mockFlowFile,22B]; routing to relationship simple
[pool-2369-thread-1] INFO org.apache.nifi.processors.standard.RouteText - RouteText[id=24e84634-fdfb-4a8b-87b3-8cb3253f4f09] Routing FlowFile[94,93427163863992.mockFlowFile,22B] to original
[main] DEBUG org.apache.nifi.processors.standard.RouteText - RouteText[id=24e84634-fdfb-4a8b-87b3-8cb3253f4f09] Adding new dynamic property: PropertyDescriptor[simple]
[pool-2370-thread-1] INFO org.apache.nifi.processors.standard.RouteText - RouteText[id=24e84634-fdfb-4a8b-87b3-8cb3253f4f09] Created FlowFile[97,93427164511214.mockFlowFile,22B] from FlowFile[96,93427164511214.mockFlowFile,22B]; routing to relationship simple
[pool-2370-thread-1] INFO org.apache.nifi.processors.standard.RouteText - RouteText[id=24e84634-fdfb-4a8b-87b3-8cb3253f4f09] Routing FlowFile[96,93427164511214.mockFlowFile,22B] to original
[main] DEBUG org.apache.nifi.processors.standard.RouteText - RouteText[id=24e84634-fdfb-4a8b-87b3-8cb3253f4f09] Adding new dynamic property: PropertyDescriptor[simple]
[pool-2371-thread-1] INFO org.apache.nifi.processors.standard.RouteText - RouteText[id=24e84634-fdfb-4a8b-87b3-8cb3253f4f09] Created FlowFile[99,93427165144845.mockFlowFile,22B] from FlowFile[98,93427165144845.mockFlowFile,22B]; routing to relationship simple
[pool-2371-thread-1] INFO org.apache.nifi.processors.standard.RouteText - RouteText[id=24e84634-fdfb-4a8b-87b3-8cb3253f4f09] Routing FlowFile[98,93427165144845.mockFlowFile,22B] to original
[main] DEBUG org.apache.nifi.processors.standard.RouteText - RouteText[id=24e84634-fdfb-4a8b-87b3-8cb3253f4f09] Adding new dynamic property: PropertyDescriptor[simple]
[pool-2372-thread-1] INFO org.apache.nifi.processors.standard.RouteText - RouteText[id=24e84634-fdfb-4a8b-87b3-8cb3253f4f09] Created FlowFile[101,93427165757061.mockFlowFile,22B] from FlowFile[100,93427165757061.mockFlowFile,22B]; routing to relationship simple
[pool-2372-thread-1] INFO org.apache.nifi.processors.standard.RouteText - RouteText[id=24e84634-fdfb-4a8b-87b3-8cb3253f4f09] Routing FlowFile[100,93427165757061.mockFlowFile,22B] to original
[main] DEBUG org.apache.nifi.processors.standard.RouteText - RouteText[id=24e84634-fdfb-4a8b-87b3-8cb3253f4f09] Adding new dynamic property: PropertyDescriptor[simple]
[pool-2373-thread-1] INFO org.apache.nifi.processors.standard.RouteText - RouteText[id=24e84634-fdfb-4a8b-87b3-8cb3253f4f09] Created FlowFile[103,93427166391006.mockFlowFile,22B] from FlowFile[102,93427166391006.mockFlowFile,22B]; routing to relationship simple
[pool-2373-thread-1] INFO org.apache.nifi.processors.standard.RouteText - RouteText[id=24e84634-fdfb-4a8b-87b3-8cb3253f4f09] Routing FlowFile[102,93427166391006.mockFlowFile,22B] to original
[main] DEBUG org.apache.nifi.processors.standard.RouteText - RouteText[id=24e84634-fdfb-4a8b-87b3-8cb3253f4f09] Adding new dynamic property: PropertyDescriptor[simple]
[pool-2374-thread-1] INFO org.apache.nifi.processors.standard.RouteText - RouteText[id=24e84634-fdfb-4a8b-87b3-8cb3253f4f09] Created FlowFile[105,93427166976161.mockFlowFile,22B] from FlowFile[104,93427166976161.mockFlowFile,22B]; routing to relationship simple
[pool-2374-thread-1] INFO org.apache.nifi.processors.standard.RouteText - RouteText[id=24e84634-fdfb-4a8b-87b3-8cb3253f4f09] Routing FlowFile[104,93427166976161.mockFlowFile,22B] to original
[main] DEBUG org.apache.nifi.processors.standard.RouteText - RouteText[id=24e84634-fdfb-4a8b-87b3-8cb3253f4f09] Adding new dynamic property: PropertyDescriptor[simple]
[pool-2375-thread-1] INFO org.apache.nifi.processors.standard.RouteText - RouteText[id=24e84634-fdfb-4a8b-87b3-8cb3253f4f09] Created FlowFile[107,93427167522145.mockFlowFile,22B] from FlowFile[106,93427167522145.mockFlowFile,22B]; routing to relationship simple
[pool-2375-thread-1] INFO org.apache.nifi.processors.standard.RouteText - RouteText[id=24e84634-fdfb-4a8b-87b3-8cb3253f4f09] Routing FlowFile[106,93427167522145.mockFlowFile,22B] to original
[main] DEBUG org.apache.nifi.processors.standard.RouteText - RouteText[id=24e84634-fdfb-4a8b-87b3-8cb3253f4f09] Adding new dynamic property: PropertyDescriptor[simple]
[pool-2376-thread-1] INFO org.apache.nifi.processors.standard.RouteText - RouteText[id=24e84634-fdfb-4a8b-87b3-8cb3253f4f09] Created FlowFile[109,93427168204374.mockFlowFile,22B] from FlowFile[108,93427168204374.mockFlowFile,22B]; routing to relationship simple
[pool-2376-thread-1] INFO org.apache.nifi.processors.standard.RouteText - RouteText[id=24e84634-fdfb-4a8b-87b3-8cb3253f4f09] Routing FlowFile[108,93427168204374.mockFlowFile,22B] to original
[main] DEBUG org.apache.nifi.processors.standard.RouteText - RouteText[id=24e84634-fdfb-4a8b-87b3-8cb3253f4f09] Adding new dynamic property: PropertyDescriptor[simple]
[pool-2377-thread-1] INFO org.apache.nifi.processors.standard.RouteText - RouteText[id=24e84634-fdfb-4a8b-87b3-8cb3253f4f09] Created FlowFile[111,93427168735708.mockFlowFile,22B] from FlowFile[110,93427168735708.mockFlowFile,22B]; routing to relationship simple
[pool-2377-thread-1] INFO org.apache.nifi.processors.standard.RouteText - RouteText[id=24e84634-fdfb-4a8b-87b3-8cb3253f4f09] Routing FlowFile[110,93427168735708.mockFlowFile,22B] to original
[main] DEBUG org.apache.nifi.processors.standard.RouteText - RouteText[id=24e84634-fdfb-4a8b-87b3-8cb3253f4f09] Adding new dynamic property: PropertyDescriptor[simple]
[pool-2378-thread-1] INFO org.apache.nifi.processors.standard.RouteText - RouteText[id=24e84634-fdfb-4a8b-87b3-8cb3253f4f09] Created FlowFile[113,93427169260955.mockFlowFile,22B] from FlowFile[112,93427169260955.mockFlowFile,22B]; routing to relationship simple
[pool-2378-thread-1] INFO org.apache.nifi.processors.standard.RouteText - RouteText[id=24e84634-fdfb-4a8b-87b3-8cb3253f4f09] Routing FlowFile[112,93427169260955.mockFlowFile,22B] to original
[main] DEBUG org.apache.nifi.processors.standard.RouteText - RouteText[id=24e84634-fdfb-4a8b-87b3-8cb3253f4f09] Adding new dynamic property: PropertyDescriptor[simple]
[pool-2379-thread-1] INFO org.apache.nifi.processors.standard.RouteText - RouteText[id=24e84634-fdfb-4a8b-87b3-8cb3253f4f09] Created FlowFile[115,93427169784205.mockFlowFile,22B] from FlowFile[114,93427169784205.mockFlowFile,22B]; routing to relationship simple
[pool-2379-thread-1] INFO org.apache.nifi.processors.standard.RouteText - RouteText[id=24e84634-fdfb-4a8b-87b3-8cb3253f4f09] Routing FlowFile[114,93427169784205.mockFlowFile,22B] to original
[main] DEBUG org.apache.nifi.processors.standard.RouteText - RouteText[id=24e84634-fdfb-4a8b-87b3-8cb3253f4f09] Adding new dynamic property: PropertyDescriptor[simple]
[pool-2380-thread-1] INFO org.apache.nifi.processors.standard.RouteText - RouteText[id=24e84634-fdfb-4a8b-87b3-8cb3253f4f09] Created FlowFile[117,93427170329522.mockFlowFile,22B] from FlowFile[116,93427170329522.mockFlowFile,22B]; routing to relationship simple
[pool-2380-thread-1] INFO org.apache.nifi.processors.standard.RouteText - RouteText[id=24e84634-fdfb-4a8b-87b3-8cb3253f4f09] Routing FlowFile[116,93427170329522.mockFlowFile,22B] to original
[main] DEBUG org.apache.nifi.processors.standard.RouteText - RouteText[id=24e84634-fdfb-4a8b-87b3-8cb3253f4f09] Adding new dynamic property: PropertyDescriptor[simple]
[pool-2381-thread-1] INFO org.apache.nifi.processors.standard.RouteText - RouteText[id=24e84634-fdfb-4a8b-87b3-8cb3253f4f09] Created FlowFile[119,93427170999197.mockFlowFile,22B] from FlowFile[118,93427170999197.mockFlowFile,22B]; routing to relationship simple
[pool-2381-thread-1] INFO org.apache.nifi.processors.standard.RouteText - RouteText[id=24e84634-fdfb-4a8b-87b3-8cb3253f4f09] Routing FlowFile[118,93427170999197.mockFlowFile,22B] to original
[main] DEBUG org.apache.nifi.processors.standard.RouteText - RouteText[id=24e84634-fdfb-4a8b-87b3-8cb3253f4f09] Adding new dynamic property: PropertyDescriptor[simple]
[pool-2382-thread-1] INFO org.apache.nifi.processors.standard.RouteText - RouteText[id=24e84634-fdfb-4a8b-87b3-8cb3253f4f09] Created FlowFile[121,93427171563627.mockFlowFile,22B] from FlowFile[120,93427171563627.mockFlowFile,22B]; routing to relationship simple
[pool-2382-thread-1] INFO org.apache.nifi.processors.standard.RouteText - RouteText[id=24e84634-fdfb-4a8b-87b3-8cb3253f4f09] Routing FlowFile[120,93427171563627.mockFlowFile,22B] to original
[main] DEBUG org.apache.nifi.processors.standard.RouteText - RouteText[id=24e84634-fdfb-4a8b-87b3-8cb3253f4f09] Adding new dynamic property: PropertyDescriptor[simple]
[pool-2383-thread-1] INFO org.apache.nifi.processors.standard.RouteText - RouteText[id=24e84634-fdfb-4a8b-87b3-8cb3253f4f09] Created FlowFile[123,93427172171404.mockFlowFile,22B] from FlowFile[122,93427172171404.mockFlowFile,22B]; routing to relationship simple
[pool-2383-thread-1] INFO org.apache.nifi.processors.standard.RouteText - RouteText[id=24e84634-fdfb-4a8b-87b3-8cb3253f4f09] Routing FlowFile[122,93427172171404.mockFlowFile,22B] to original
[main] DEBUG org.apache.nifi.processors.standard.RouteText - RouteText[id=24e84634-fdfb-4a8b-87b3-8cb3253f4f09] Adding new dynamic property: PropertyDescriptor[simple]
[pool-2384-thread-1] INFO org.apache.nifi.processors.standard.RouteText - RouteText[id=24e84634-fdfb-4a8b-87b3-8cb3253f4f09] Created FlowFile[125,93427172722039.mockFlowFile,22B] from FlowFile[124,93427172722039.mockFlowFile,22B]; routing to relationship simple
[pool-2384-thread-1] INFO org.apache.nifi.processors.standard.RouteText - RouteText[id=24e84634-fdfb-4a8b-87b3-8cb3253f4f09] Routing FlowFile[124,93427172722039.mockFlowFile,22B] to original
[main] DEBUG org.apache.nifi.processors.standard.RouteText - RouteText[id=24e84634-fdfb-4a8b-87b3-8cb3253f4f09] Adding new dynamic property: PropertyDescriptor[simple]
[pool-2385-thread-1] INFO org.apache.nifi.processors.standard.RouteText - RouteText[id=24e84634-fdfb-4a8b-87b3-8cb3253f4f09] Created FlowFile[127,93427173324157.mockFlowFile,22B] from FlowFile[126,93427173324157.mockFlowFile,22B]; routing to relationship simple
[pool-2385-thread-1] INFO org.apache.nifi.processors.standard.RouteText - RouteText[id=24e84634-fdfb-4a8b-87b3-8cb3253f4f09] Routing FlowFile[126,93427173324157.mockFlowFile,22B] to original
[main] DEBUG org.apache.nifi.processors.standard.RouteText - RouteText[id=24e84634-fdfb-4a8b-87b3-8cb3253f4f09] Adding new dynamic property: PropertyDescriptor[simple]
[pool-2386-thread-1] INFO org.apache.nifi.processors.standard.RouteText - RouteText[id=24e84634-fdfb-4a8b-87b3-8cb3253f4f09] Created FlowFile[129,93427173960855.mockFlowFile,22B] from FlowFile[128,93427173960855.mockFlowFile,22B]; routing to relationship simple
[pool-2386-thread-1] INFO org.apache.nifi.processors.standard.RouteText - RouteText[id=24e84634-fdfb-4a8b-87b3-8cb3253f4f09] Routing FlowFile[128,93427173960855.mockFlowFile,22B] to original
[main] DEBUG org.apache.nifi.processors.standard.RouteText - RouteText[id=24e84634-fdfb-4a8b-87b3-8cb3253f4f09] Adding new dynamic property: PropertyDescriptor[simple]
[pool-2387-thread-1] INFO org.apache.nifi.processors.standard.RouteText - RouteText[id=24e84634-fdfb-4a8b-87b3-8cb3253f4f09] Created FlowFile[131,93427174742356.mockFlowFile,22B] from FlowFile[130,93427174742356.mockFlowFile,22B]; routing to relationship simple
[pool-2387-thread-1] INFO org.apache.nifi.processors.standard.RouteText - RouteText[id=24e84634-fdfb-4a8b-87b3-8cb3253f4f09] Routing FlowFile[130,93427174742356.mockFlowFile,22B] to original
[main] DEBUG org.apache.nifi.processors.standard.RouteText - RouteText[id=24e84634-fdfb-4a8b-87b3-8cb3253f4f09] Adding new dynamic property: PropertyDescriptor[simple]
[pool-2388-thread-1] INFO org.apache.nifi.processors.standard.RouteText - RouteText[id=24e84634-fdfb-4a8b-87b3-8cb3253f4f09] Created FlowFile[133,93427175632951.mockFlowFile,22B] from FlowFile[132,93427175632951.mockFlowFile,22B]; routing to relationship simple
[pool-2388-thread-1] INFO org.apache.nifi.processors.standard.RouteText - RouteText[id=24e84634-fdfb-4a8b-87b3-8cb3253f4f09] Routing FlowFile[132,93427175632951.mockFlowFile,22B] to original
[main] DEBUG org.apache.nifi.processors.standard.RouteText - RouteText[id=24e84634-fdfb-4a8b-87b3-8cb3253f4f09] Adding new dynamic property: PropertyDescriptor[simple]
[pool-2389-thread-1] INFO org.apache.nifi.processors.standard.RouteText - RouteText[id=24e84634-fdfb-4a8b-87b3-8cb3253f4f09] Created FlowFile[135,93427196831346.mockFlowFile,22B] from FlowFile[134,93427196831346.mockFlowFile,22B]; routing to relationship simple
[pool-2389-thread-1] INFO org.apache.nifi.processors.standard.RouteText - RouteText[id=24e84634-fdfb-4a8b-87b3-8cb3253f4f09] Routing FlowFile[134,93427196831346.mockFlowFile,22B] to original
[main] DEBUG org.apache.nifi.processors.standard.RouteText - RouteText[id=24e84634-fdfb-4a8b-87b3-8cb3253f4f09] Adding new dynamic property: PropertyDescriptor[simple]
[pool-2390-thread-1] INFO org.apache.nifi.processors.standard.RouteText - RouteText[id=24e84634-fdfb-4a8b-87b3-8cb3253f4f09] Created FlowFile[137,93427197637350.mockFlowFile,22B] from FlowFile[136,93427197637350.mockFlowFile,22B]; routing to relationship simple
[pool-2390-thread-1] INFO org.apache.nifi.processors.standard.RouteText - RouteText[id=24e84634-fdfb-4a8b-87b3-8cb3253f4f09] Routing FlowFile[136,93427197637350.mockFlowFile,22B] to original
[main] DEBUG org.apache.nifi.processors.standard.RouteText - RouteText[id=24e84634-fdfb-4a8b-87b3-8cb3253f4f09] Adding new dynamic property: PropertyDescriptor[simple]
[pool-2391-thread-1] INFO org.apache.nifi.processors.standard.RouteText - RouteText[id=24e84634-fdfb-4a8b-87b3-8cb3253f4f09] Created FlowFile[139,93427198271623.mockFlowFile,22B] from FlowFile[138,93427198271623.mockFlowFile,22B]; routing to relationship simple
[pool-2391-thread-1] INFO org.apache.nifi.processors.standard.RouteText - RouteText[id=24e84634-fdfb-4a8b-87b3-8cb3253f4f09] Routing FlowFile[138,93427198271623.mockFlowFile,22B] to original
[main] DEBUG org.apache.nifi.processors.standard.RouteText - RouteText[id=24e84634-fdfb-4a8b-87b3-8cb3253f4f09] Adding new dynamic property: PropertyDescriptor[simple]
[pool-2392-thread-1] INFO org.apache.nifi.processors.standard.RouteText - RouteText[id=24e84634-fdfb-4a8b-87b3-8cb3253f4f09] Created FlowFile[141,93427198833326.mockFlowFile,22B] from FlowFile[140,93427198833326.mockFlowFile,22B]; routing to relationship simple
[pool-2392-thread-1] INFO org.apache.nifi.processors.standard.RouteText - RouteText[id=24e84634-fdfb-4a8b-87b3-8cb3253f4f09] Routing FlowFile[140,93427198833326.mockFlowFile,22B] to original
[main] DEBUG org.apache.nifi.processors.standard.RouteText - RouteText[id=24e84634-fdfb-4a8b-87b3-8cb3253f4f09] Adding new dynamic property: PropertyDescriptor[simple]
[pool-2393-thread-1] INFO org.apache.nifi.processors.standard.RouteText - RouteText[id=24e84634-fdfb-4a8b-87b3-8cb3253f4f09] Created FlowFile[143,93427199379913.mockFlowFile,22B] from FlowFile[142,93427199379913.mockFlowFile,22B]; routing to relationship simple
[pool-2393-thread-1] INFO org.apache.nifi.processors.standard.RouteText - RouteText[id=24e84634-fdfb-4a8b-87b3-8cb3253f4f09] Routing FlowFile[142,93427199379913.mockFlowFile,22B] to original
[main] DEBUG org.apache.nifi.processors.standard.RouteText - RouteText[id=24e84634-fdfb-4a8b-87b3-8cb3253f4f09] Adding new dynamic property: PropertyDescriptor[simple]
[pool-2394-thread-1] INFO org.apache.nifi.processors.standard.RouteText - RouteText[id=24e84634-fdfb-4a8b-87b3-8cb3253f4f09] Created FlowFile[145,93427200074191.mockFlowFile,22B] from FlowFile[144,93427200074191.mockFlowFile,22B]; routing to relationship simple
[pool-2394-thread-1] INFO org.apache.nifi.processors.standard.RouteText - RouteText[id=24e84634-fdfb-4a8b-87b3-8cb3253f4f09] Routing FlowFile[144,93427200074191.mockFlowFile,22B] to original
[main] DEBUG org.apache.nifi.processors.standard.RouteText - RouteText[id=24e84634-fdfb-4a8b-87b3-8cb3253f4f09] Adding new dynamic property: PropertyDescriptor[simple]
[pool-2395-thread-1] INFO org.apache.nifi.processors.standard.RouteText - RouteText[id=24e84634-fdfb-4a8b-87b3-8cb3253f4f09] Created FlowFile[147,93427200667848.mockFlowFile,22B] from FlowFile[146,93427200667848.mockFlowFile,22B]; routing to relationship simple
[pool-2395-thread-1] INFO org.apache.nifi.processors.standard.RouteText - RouteText[id=24e84634-fdfb-4a8b-87b3-8cb3253f4f09] Routing FlowFile[146,93427200667848.mockFlowFile,22B] to original
[main] DEBUG org.apache.nifi.processors.standard.RouteText - RouteText[id=24e84634-fdfb-4a8b-87b3-8cb3253f4f09] Adding new dynamic property: PropertyDescriptor[simple]
[pool-2396-thread-1] INFO org.apache.nifi.processors.standard.RouteText - RouteText[id=24e84634-fdfb-4a8b-87b3-8cb3253f4f09] Created FlowFile[149,93427201244457.mockFlowFile,22B] from FlowFile[148,93427201244457.mockFlowFile,22B]; routing to relationship simple
[pool-2396-thread-1] INFO org.apache.nifi.processors.standard.RouteText - RouteText[id=24e84634-fdfb-4a8b-87b3-8cb3253f4f09] Routing FlowFile[148,93427201244457.mockFlowFile,22B] to original
[main] DEBUG org.apache.nifi.processors.standard.RouteText - RouteText[id=24e84634-fdfb-4a8b-87b3-8cb3253f4f09] Adding new dynamic property: PropertyDescriptor[simple]
[pool-2397-thread-1] INFO org.apache.nifi.processors.standard.RouteText - RouteText[id=24e84634-fdfb-4a8b-87b3-8cb3253f4f09] Created FlowFile[151,93427201755189.mockFlowFile,22B] from FlowFile[150,93427201755189.mockFlowFile,22B]; routing to relationship simple
[pool-2397-thread-1] INFO org.apache.nifi.processors.standard.RouteText - RouteText[id=24e84634-fdfb-4a8b-87b3-8cb3253f4f09] Routing FlowFile[150,93427201755189.mockFlowFile,22B] to original
[main] DEBUG org.apache.nifi.processors.standard.RouteText - RouteText[id=24e84634-fdfb-4a8b-87b3-8cb3253f4f09] Adding new dynamic property: PropertyDescriptor[simple]
[pool-2398-thread-1] INFO org.apache.nifi.processors.standard.RouteText - RouteText[id=24e84634-fdfb-4a8b-87b3-8cb3253f4f09] Created FlowFile[153,93427202342897.mockFlowFile,22B] from FlowFile[152,93427202342897.mockFlowFile,22B]; routing to relationship simple
[pool-2398-thread-1] INFO org.apache.nifi.processors.standard.RouteText - RouteText[id=24e84634-fdfb-4a8b-87b3-8cb3253f4f09] Routing FlowFile[152,93427202342897.mockFlowFile,22B] to original
[main] DEBUG org.apache.nifi.processors.standard.RouteText - RouteText[id=24e84634-fdfb-4a8b-87b3-8cb3253f4f09] Adding new dynamic property: PropertyDescriptor[simple]
[pool-2399-thread-1] INFO org.apache.nifi.processors.standard.RouteText - RouteText[id=24e84634-fdfb-4a8b-87b3-8cb3253f4f09] Created FlowFile[155,93427202881886.mockFlowFile,22B] from FlowFile[154,93427202881886.mockFlowFile,22B]; routing to relationship simple
[pool-2399-thread-1] INFO org.apache.nifi.processors.standard.RouteText - RouteText[id=24e84634-fdfb-4a8b-87b3-8cb3253f4f09] Routing FlowFile[154,93427202881886.mockFlowFile,22B] to original
[main] DEBUG org.apache.nifi.processors.standard.RouteText - RouteText[id=24e84634-fdfb-4a8b-87b3-8cb3253f4f09] Adding new dynamic property: PropertyDescriptor[simple]
[pool-2400-thread-1] INFO org.apache.nifi.processors.standard.RouteText - RouteText[id=24e84634-fdfb-4a8b-87b3-8cb3253f4f09] Created FlowFile[157,93427203376376.mockFlowFile,22B] from FlowFile[156,93427203376376.mockFlowFile,22B]; routing to relationship simple
[pool-2400-thread-1] INFO org.apache.nifi.processors.standard.RouteText - RouteText[id=24e84634-fdfb-4a8b-87b3-8cb3253f4f09] Routing FlowFile[156,93427203376376.mockFlowFile,22B] to original
[main] DEBUG org.apache.nifi.processors.standard.RouteText - RouteText[id=24e84634-fdfb-4a8b-87b3-8cb3253f4f09] Adding new dynamic property: PropertyDescriptor[simple]
[pool-2401-thread-1] INFO org.apache.nifi.processors.standard.RouteText - RouteText[id=24e84634-fdfb-4a8b-87b3-8cb3253f4f09] Created FlowFile[159,93427203863140.mockFlowFile,22B] from FlowFile[158,93427203863140.mockFlowFile,22B]; routing to relationship simple
[pool-2401-thread-1] INFO org.apache.nifi.processors.standard.RouteText - RouteText[id=24e84634-fdfb-4a8b-87b3-8cb3253f4f09] Routing FlowFile[158,93427203863140.mockFlowFile,22B] to original
[main] DEBUG org.apache.nifi.processors.standard.RouteText - RouteText[id=24e84634-fdfb-4a8b-87b3-8cb3253f4f09] Adding new dynamic property: PropertyDescriptor[simple]
[pool-2402-thread-1] INFO org.apache.nifi.processors.standard.RouteText - RouteText[id=24e84634-fdfb-4a8b-87b3-8cb3253f4f09] Created FlowFile[161,93427204383572.mockFlowFile,22B] from FlowFile[160,93427204383572.mockFlowFile,22B]; routing to relationship simple
[pool-2402-thread-1] INFO org.apache.nifi.processors.standard.RouteText - RouteText[id=24e84634-fdfb-4a8b-87b3-8cb3253f4f09] Routing FlowFile[160,93427204383572.mockFlowFile,22B] to original
[main] DEBUG org.apache.nifi.processors.standard.RouteText - RouteText[id=24e84634-fdfb-4a8b-87b3-8cb3253f4f09] Adding new dynamic property: PropertyDescriptor[simple]
[pool-2403-thread-1] INFO org.apache.nifi.processors.standard.RouteText - RouteText[id=24e84634-fdfb-4a8b-87b3-8cb3253f4f09] Created FlowFile[163,93427204848072.mockFlowFile,22B] from FlowFile[162,93427204848072.mockFlowFile,22B]; routing to relationship simple
[pool-2403-thread-1] INFO org.apache.nifi.processors.standard.RouteText - RouteText[id=24e84634-fdfb-4a8b-87b3-8cb3253f4f09] Routing FlowFile[162,93427204848072.mockFlowFile,22B] to original
[main] DEBUG org.apache.nifi.processors.standard.RouteText - RouteText[id=24e84634-fdfb-4a8b-87b3-8cb3253f4f09] Adding new dynamic property: PropertyDescriptor[simple]
[pool-2404-thread-1] INFO org.apache.nifi.processors.standard.RouteText - RouteText[id=24e84634-fdfb-4a8b-87b3-8cb3253f4f09] Created FlowFile[165,93427205362304.mockFlowFile,22B] from FlowFile[164,93427205362304.mockFlowFile,22B]; routing to relationship simple
[pool-2404-thread-1] INFO org.apache.nifi.processors.standard.RouteText - RouteText[id=24e84634-fdfb-4a8b-87b3-8cb3253f4f09] Routing FlowFile[164,93427205362304.mockFlowFile,22B] to original
[main] DEBUG org.apache.nifi.processors.standard.RouteText - RouteText[id=24e84634-fdfb-4a8b-87b3-8cb3253f4f09] Adding new dynamic property: PropertyDescriptor[simple]
[pool-2405-thread-1] INFO org.apache.nifi.processors.standard.RouteText - RouteText[id=24e84634-fdfb-4a8b-87b3-8cb3253f4f09] Created FlowFile[167,93427205885155.mockFlowFile,22B] from FlowFile[166,93427205885155.mockFlowFile,22B]; routing to relationship simple
[pool-2405-thread-1] INFO org.apache.nifi.processors.standard.RouteText - RouteText[id=24e84634-fdfb-4a8b-87b3-8cb3253f4f09] Routing FlowFile[166,93427205885155.mockFlowFile,22B] to original
[main] DEBUG org.apache.nifi.processors.standard.RouteText - RouteText[id=24e84634-fdfb-4a8b-87b3-8cb3253f4f09] Adding new dynamic property: PropertyDescriptor[simple]
[pool-2406-thread-1] INFO org.apache.nifi.processors.standard.RouteText - RouteText[id=24e84634-fdfb-4a8b-87b3-8cb3253f4f09] Created FlowFile[169,93427206410028.mockFlowFile,22B] from FlowFile[168,93427206410028.mockFlowFile,22B]; routing to relationship simple
[pool-2406-thread-1] INFO org.apache.nifi.processors.standard.RouteText - RouteText[id=24e84634-fdfb-4a8b-87b3-8cb3253f4f09] Routing FlowFile[168,93427206410028.mockFlowFile,22B] to original
[main] DEBUG org.apache.nifi.processors.standard.RouteText - RouteText[id=24e84634-fdfb-4a8b-87b3-8cb3253f4f09] Adding new dynamic property: PropertyDescriptor[simple]
[pool-2407-thread-1] INFO org.apache.nifi.processors.standard.RouteText - RouteText[id=24e84634-fdfb-4a8b-87b3-8cb3253f4f09] Created FlowFile[171,93427206937411.mockFlowFile,22B] from FlowFile[170,93427206937411.mockFlowFile,22B]; routing to relationship simple
[pool-2407-thread-1] INFO org.apache.nifi.processors.standard.RouteText - RouteText[id=24e84634-fdfb-4a8b-87b3-8cb3253f4f09] Routing FlowFile[170,93427206937411.mockFlowFile,22B] to original
[main] DEBUG org.apache.nifi.processors.standard.RouteText - RouteText[id=24e84634-fdfb-4a8b-87b3-8cb3253f4f09] Adding new dynamic property: PropertyDescriptor[simple]
[pool-2408-thread-1] INFO org.apache.nifi.processors.standard.RouteText - RouteText[id=24e84634-fdfb-4a8b-87b3-8cb3253f4f09] Created FlowFile[173,93427207466385.mockFlowFile,22B] from FlowFile[172,93427207466385.mockFlowFile,22B]; routing to relationship simple
[pool-2408-thread-1] INFO org.apache.nifi.processors.standard.RouteText - RouteText[id=24e84634-fdfb-4a8b-87b3-8cb3253f4f09] Routing FlowFile[172,93427207466385.mockFlowFile,22B] to original
[main] DEBUG org.apache.nifi.processors.standard.RouteText - RouteText[id=24e84634-fdfb-4a8b-87b3-8cb3253f4f09] Adding new dynamic property: PropertyDescriptor[simple]
[pool-2409-thread-1] INFO org.apache.nifi.processors.standard.RouteText - RouteText[id=24e84634-fdfb-4a8b-87b3-8cb3253f4f09] Created FlowFile[175,93427208084821.mockFlowFile,22B] from FlowFile[174,93427208084821.mockFlowFile,22B]; routing to relationship simple
[pool-2409-thread-1] INFO org.apache.nifi.processors.standard.RouteText - RouteText[id=24e84634-fdfb-4a8b-87b3-8cb3253f4f09] Routing FlowFile[174,93427208084821.mockFlowFile,22B] to original
[main] DEBUG org.apache.nifi.processors.standard.RouteText - RouteText[id=24e84634-fdfb-4a8b-87b3-8cb3253f4f09] Adding new dynamic property: PropertyDescriptor[simple]
[pool-2410-thread-1] INFO org.apache.nifi.processors.standard.RouteText - RouteText[id=24e84634-fdfb-4a8b-87b3-8cb3253f4f09] Created FlowFile[177,93427208650540.mockFlowFile,22B] from FlowFile[176,93427208650540.mockFlowFile,22B]; routing to relationship simple
[pool-2410-thread-1] INFO org.apache.nifi.processors.standard.RouteText - RouteText[id=24e84634-fdfb-4a8b-87b3-8cb3253f4f09] Routing FlowFile[176,93427208650540.mockFlowFile,22B] to original
[main] DEBUG org.apache.nifi.processors.standard.RouteText - RouteText[id=24e84634-fdfb-4a8b-87b3-8cb3253f4f09] Adding new dynamic property: PropertyDescriptor[simple]
[pool-2411-thread-1] INFO org.apache.nifi.processors.standard.RouteText - RouteText[id=24e84634-fdfb-4a8b-87b3-8cb3253f4f09] Created FlowFile[179,93427209336976.mockFlowFile,22B] from FlowFile[178,93427209336976.mockFlowFile,22B]; routing to relationship simple
[pool-2411-thread-1] INFO org.apache.nifi.processors.standard.RouteText - RouteText[id=24e84634-fdfb-4a8b-87b3-8cb3253f4f09] Routing FlowFile[178,93427209336976.mockFlowFile,22B] to original
[main] DEBUG org.apache.nifi.processors.standard.RouteText - RouteText[id=24e84634-fdfb-4a8b-87b3-8cb3253f4f09] Adding new dynamic property: PropertyDescriptor[simple]
[pool-2412-thread-1] INFO org.apache.nifi.processors.standard.RouteText - RouteText[id=24e84634-fdfb-4a8b-87b3-8cb3253f4f09] Created FlowFile[181,93427209895754.mockFlowFile,22B] from FlowFile[180,93427209895754.mockFlowFile,22B]; routing to relationship simple
[pool-2412-thread-1] INFO org.apache.nifi.processors.standard.RouteText - RouteText[id=24e84634-fdfb-4a8b-87b3-8cb3253f4f09] Routing FlowFile[180,93427209895754.mockFlowFile,22B] to original
[main] DEBUG org.apache.nifi.processors.standard.RouteText - RouteText[id=24e84634-fdfb-4a8b-87b3-8cb3253f4f09] Adding new dynamic property: PropertyDescriptor[simple]
[pool-2413-thread-1] INFO org.apache.nifi.processors.standard.RouteText - RouteText[id=24e84634-fdfb-4a8b-87b3-8cb3253f4f09] Created FlowFile[183,93427210418819.mockFlowFile,22B] from FlowFile[182,93427210418819.mockFlowFile,22B]; routing to relationship simple
[pool-2413-thread-1] INFO org.apache.nifi.processors.standard.RouteText - RouteText[id=24e84634-fdfb-4a8b-87b3-8cb3253f4f09] Routing FlowFile[182,93427210418819.mockFlowFile,22B] to original
[main] DEBUG org.apache.nifi.processors.standard.RouteText - RouteText[id=24e84634-fdfb-4a8b-87b3-8cb3253f4f09] Adding new dynamic property: PropertyDescriptor[simple]
[pool-2414-thread-1] INFO org.apache.nifi.processors.standard.RouteText - RouteText[id=24e84634-fdfb-4a8b-87b3-8cb3253f4f09] Created FlowFile[185,93427210948223.mockFlowFile,22B] from FlowFile[184,93427210948223.mockFlowFile,22B]; routing to relationship simple
[pool-2414-thread-1] INFO org.apache.nifi.processors.standard.RouteText - RouteText[id=24e84634-fdfb-4a8b-87b3-8cb3253f4f09] Routing FlowFile[184,93427210948223.mockFlowFile,22B] to original
[main] DEBUG org.apache.nifi.processors.standard.RouteText - RouteText[id=24e84634-fdfb-4a8b-87b3-8cb3253f4f09] Adding new dynamic property: PropertyDescriptor[simple]
[pool-2415-thread-1] INFO org.apache.nifi.processors.standard.RouteText - RouteText[id=24e84634-fdfb-4a8b-87b3-8cb3253f4f09] Created FlowFile[187,93427211583146.mockFlowFile,22B] from FlowFile[186,93427211583146.mockFlowFile,22B]; routing to relationship simple
[pool-2415-thread-1] INFO org.apache.nifi.processors.standard.RouteText - RouteText[id=24e84634-fdfb-4a8b-87b3-8cb3253f4f09] Routing FlowFile[186,93427211583146.mockFlowFile,22B] to original
[main] DEBUG org.apache.nifi.processors.standard.RouteText - RouteText[id=24e84634-fdfb-4a8b-87b3-8cb3253f4f09] Adding new dynamic property: PropertyDescriptor[simple]
[pool-2416-thread-1] INFO org.apache.nifi.processors.standard.RouteText - RouteText[id=24e84634-fdfb-4a8b-87b3-8cb3253f4f09] Created FlowFile[189,93427212238220.mockFlowFile,22B] from FlowFile[188,93427212238220.mockFlowFile,22B]; routing to relationship simple
[pool-2416-thread-1] INFO org.apache.nifi.processors.standard.RouteText - RouteText[id=24e84634-fdfb-4a8b-87b3-8cb3253f4f09] Routing FlowFile[188,93427212238220.mockFlowFile,22B] to original
[main] DEBUG org.apache.nifi.processors.standard.RouteText - RouteText[id=24e84634-fdfb-4a8b-87b3-8cb3253f4f09] Adding new dynamic property: PropertyDescriptor[simple]
[pool-2417-thread-1] INFO org.apache.nifi.processors.standard.RouteText - RouteText[id=24e84634-fdfb-4a8b-87b3-8cb3253f4f09] Created FlowFile[191,93427212793794.mockFlowFile,22B] from FlowFile[190,93427212793794.mockFlowFile,22B]; routing to relationship simple
[pool-2417-thread-1] INFO org.apache.nifi.processors.standard.RouteText - RouteText[id=24e84634-fdfb-4a8b-87b3-8cb3253f4f09] Routing FlowFile[190,93427212793794.mockFlowFile,22B] to original
[main] DEBUG org.apache.nifi.processors.standard.RouteText - RouteText[id=24e84634-fdfb-4a8b-87b3-8cb3253f4f09] Adding new dynamic property: PropertyDescriptor[simple]
[pool-2418-thread-1] INFO org.apache.nifi.processors.standard.RouteText - RouteText[id=24e84634-fdfb-4a8b-87b3-8cb3253f4f09] Created FlowFile[193,93427213310487.mockFlowFile,22B] from FlowFile[192,93427213310487.mockFlowFile,22B]; routing to relationship simple
[pool-2418-thread-1] INFO org.apache.nifi.processors.standard.RouteText - RouteText[id=24e84634-fdfb-4a8b-87b3-8cb3253f4f09] Routing FlowFile[192,93427213310487.mockFlowFile,22B] to original
[main] DEBUG org.apache.nifi.processors.standard.RouteText - RouteText[id=24e84634-fdfb-4a8b-87b3-8cb3253f4f09] Adding new dynamic property: PropertyDescriptor[simple]
[pool-2419-thread-1] INFO org.apache.nifi.processors.standard.RouteText - RouteText[id=24e84634-fdfb-4a8b-87b3-8cb3253f4f09] Created FlowFile[195,93427213858438.mockFlowFile,22B] from FlowFile[194,93427213858438.mockFlowFile,22B]; routing to relationship simple
[pool-2419-thread-1] INFO org.apache.nifi.processors.standard.RouteText - RouteText[id=24e84634-fdfb-4a8b-87b3-8cb3253f4f09] Routing FlowFile[194,93427213858438.mockFlowFile,22B] to original
[main] DEBUG org.apache.nifi.processors.standard.RouteText - RouteText[id=24e84634-fdfb-4a8b-87b3-8cb3253f4f09] Adding new dynamic property: PropertyDescriptor[simple]
[pool-2420-thread-1] INFO org.apache.nifi.processors.standard.RouteText - RouteText[id=24e84634-fdfb-4a8b-87b3-8cb3253f4f09] Created FlowFile[197,93427214388239.mockFlowFile,22B] from FlowFile[196,93427214388239.mockFlowFile,22B]; routing to relationship simple
[pool-2420-thread-1] INFO org.apache.nifi.processors.standard.RouteText - RouteText[id=24e84634-fdfb-4a8b-87b3-8cb3253f4f09] Routing FlowFile[196,93427214388239.mockFlowFile,22B] to original
[main] DEBUG org.apache.nifi.processors.standard.RouteText - RouteText[id=24e84634-fdfb-4a8b-87b3-8cb3253f4f09] Adding new dynamic property: PropertyDescriptor[simple]
[pool-2421-thread-1] INFO org.apache.nifi.processors.standard.RouteText - RouteText[id=24e84634-fdfb-4a8b-87b3-8cb3253f4f09] Created FlowFile[199,93427214903798.mockFlowFile,22B] from FlowFile[198,93427214903798.mockFlowFile,22B]; routing to relationship simple
[pool-2421-thread-1] INFO org.apache.nifi.processors.standard.RouteText - RouteText[id=24e84634-fdfb-4a8b-87b3-8cb3253f4f09] Routing FlowFile[198,93427214903798.mockFlowFile,22B] to original
[main] DEBUG org.apache.nifi.processors.standard.RouteText - RouteText[id=24e84634-fdfb-4a8b-87b3-8cb3253f4f09] Adding new dynamic property: PropertyDescriptor[simple]
[pool-2422-thread-1] INFO org.apache.nifi.processors.standard.RouteText - RouteText[id=24e84634-fdfb-4a8b-87b3-8cb3253f4f09] Created FlowFile[201,93427215399141.mockFlowFile,22B] from FlowFile[200,93427215399141.mockFlowFile,22B]; routing to relationship simple
[pool-2422-thread-1] INFO org.apache.nifi.processors.standard.RouteText - RouteText[id=24e84634-fdfb-4a8b-87b3-8cb3253f4f09] Routing FlowFile[200,93427215399141.mockFlowFile,22B] to original
[main] DEBUG org.apache.nifi.processors.standard.RouteText - RouteText[id=24e84634-fdfb-4a8b-87b3-8cb3253f4f09] Adding new dynamic property: PropertyDescriptor[simple]
[pool-2423-thread-1] INFO org.apache.nifi.processors.standard.RouteText - RouteText[id=24e84634-fdfb-4a8b-87b3-8cb3253f4f09] Created FlowFile[203,93427215883735.mockFlowFile,22B] from FlowFile[202,93427215883735.mockFlowFile,22B]; routing to relationship simple
[pool-2423-thread-1] INFO org.apache.nifi.processors.standard.RouteText - RouteText[id=24e84634-fdfb-4a8b-87b3-8cb3253f4f09] Routing FlowFile[202,93427215883735.mockFlowFile,22B] to original
[main] DEBUG org.apache.nifi.processors.standard.RouteText - RouteText[id=24e84634-fdfb-4a8b-87b3-8cb3253f4f09] Adding new dynamic property: PropertyDescriptor[simple]
[pool-2424-thread-1] INFO org.apache.nifi.processors.standard.RouteText - RouteText[id=24e84634-fdfb-4a8b-87b3-8cb3253f4f09] Created FlowFile[205,93427216375427.mockFlowFile,23B] from FlowFile[204,93427216375427.mockFlowFile,23B]; routing to relationship simple
[pool-2424-thread-1] INFO org.apache.nifi.processors.standard.RouteText - RouteText[id=24e84634-fdfb-4a8b-87b3-8cb3253f4f09] Routing FlowFile[204,93427216375427.mockFlowFile,23B] to original
[main] DEBUG org.apache.nifi.processors.standard.RouteText - RouteText[id=24e84634-fdfb-4a8b-87b3-8cb3253f4f09] Adding new dynamic property: PropertyDescriptor[simple]
[pool-2425-thread-1] INFO org.apache.nifi.processors.standard.RouteText - RouteText[id=24e84634-fdfb-4a8b-87b3-8cb3253f4f09] Created FlowFile[207,93427216886183.mockFlowFile,23B] from FlowFile[206,93427216886183.mockFlowFile,23B]; routing to relationship simple
[pool-2425-thread-1] INFO org.apache.nifi.processors.standard.RouteText - RouteText[id=24e84634-fdfb-4a8b-87b3-8cb3253f4f09] Routing FlowFile[206,93427216886183.mockFlowFile,23B] to original
[main] DEBUG org.apache.nifi.processors.standard.RouteText - RouteText[id=24e84634-fdfb-4a8b-87b3-8cb3253f4f09] Adding new dynamic property: PropertyDescriptor[simple]
[pool-2426-thread-1] INFO org.apache.nifi.processors.standard.RouteText - RouteText[id=24e84634-fdfb-4a8b-87b3-8cb3253f4f09] Created FlowFile[209,93427217407720.mockFlowFile,23B] from FlowFile[208,93427217407720.mockFlowFile,23B]; routing to relationship simple
[pool-2426-thread-1] INFO org.apache.nifi.processors.standard.RouteText - RouteText[id=24e84634-fdfb-4a8b-87b3-8cb3253f4f09] Routing FlowFile[208,93427217407720.mockFlowFile,23B] to original
[main] DEBUG org.apache.nifi.processors.standard.RouteText - RouteText[id=24e84634-fdfb-4a8b-87b3-8cb3253f4f09] Adding new dynamic property: PropertyDescriptor[simple]
[pool-2427-thread-1] INFO org.apache.nifi.processors.standard.RouteText - RouteText[id=24e84634-fdfb-4a8b-87b3-8cb3253f4f09] Created FlowFile[211,93427217939755.mockFlowFile,23B] from FlowFile[210,93427217939755.mockFlowFile,23B]; routing to relationship simple
[pool-2427-thread-1] INFO org.apache.nifi.processors.standard.RouteText - RouteText[id=24e84634-fdfb-4a8b-87b3-8cb3253f4f09] Routing FlowFile[210,93427217939755.mockFlowFile,23B] to original
[main] DEBUG org.apache.nifi.processors.standard.RouteText - RouteText[id=24e84634-fdfb-4a8b-87b3-8cb3253f4f09] Adding new dynamic property: PropertyDescriptor[simple]
[pool-2428-thread-1] INFO org.apache.nifi.processors.standard.RouteText - RouteText[id=24e84634-fdfb-4a8b-87b3-8cb3253f4f09] Created FlowFile[213,93427218640602.mockFlowFile,23B] from FlowFile[212,93427218640602.mockFlowFile,23B]; routing to relationship simple
[pool-2428-thread-1] INFO org.apache.nifi.processors.standard.RouteText - RouteText[id=24e84634-fdfb-4a8b-87b3-8cb3253f4f09] Routing FlowFile[212,93427218640602.mockFlowFile,23B] to original
[main] DEBUG org.apache.nifi.processors.standard.RouteText - RouteText[id=24e84634-fdfb-4a8b-87b3-8cb3253f4f09] Adding new dynamic property: PropertyDescriptor[simple]
[pool-2429-thread-1] INFO org.apache.nifi.processors.standard.RouteText - RouteText[id=24e84634-fdfb-4a8b-87b3-8cb3253f4f09] Created FlowFile[215,93427219158961.mockFlowFile,23B] from FlowFile[214,93427219158961.mockFlowFile,23B]; routing to relationship simple
[pool-2429-thread-1] INFO org.apache.nifi.processors.standard.RouteText - RouteText[id=24e84634-fdfb-4a8b-87b3-8cb3253f4f09] Routing FlowFile[214,93427219158961.mockFlowFile,23B] to original
[main] DEBUG org.apache.nifi.processors.standard.RouteText - RouteText[id=24e84634-fdfb-4a8b-87b3-8cb3253f4f09] Adding new dynamic property: PropertyDescriptor[simple]
[pool-2430-thread-1] INFO org.apache.nifi.processors.standard.RouteText - RouteText[id=24e84634-fdfb-4a8b-87b3-8cb3253f4f09] Created FlowFile[217,93427219696036.mockFlowFile,23B] from FlowFile[216,93427219696036.mockFlowFile,23B]; routing to relationship simple
[pool-2430-thread-1] INFO org.apache.nifi.processors.standard.RouteText - RouteText[id=24e84634-fdfb-4a8b-87b3-8cb3253f4f09] Routing FlowFile[216,93427219696036.mockFlowFile,23B] to original
[main] DEBUG org.apache.nifi.processors.standard.RouteText - RouteText[id=24e84634-fdfb-4a8b-87b3-8cb3253f4f09] Adding new dynamic property: PropertyDescriptor[simple]
[pool-2431-thread-1] INFO org.apache.nifi.processors.standard.RouteText - RouteText[id=24e84634-fdfb-4a8b-87b3-8cb3253f4f09] Created FlowFile[219,93427220213110.mockFlowFile,23B] from FlowFile[218,93427220213110.mockFlowFile,23B]; routing to relationship simple
[pool-2431-thread-1] INFO org.apache.nifi.processors.standard.RouteText - RouteText[id=24e84634-fdfb-4a8b-87b3-8cb3253f4f09] Routing FlowFile[218,93427220213110.mockFlowFile,23B] to original
[main] DEBUG org.apache.nifi.processors.standard.RouteText - RouteText[id=24e84634-fdfb-4a8b-87b3-8cb3253f4f09] Adding new dynamic property: PropertyDescriptor[simple]
[pool-2432-thread-1] INFO org.apache.nifi.processors.standard.RouteText - RouteText[id=24e84634-fdfb-4a8b-87b3-8cb3253f4f09] Created FlowFile[221,93427220726533.mockFlowFile,23B] from FlowFile[220,93427220726533.mockFlowFile,23B]; routing to relationship simple
[pool-2432-thread-1] INFO org.apache.nifi.processors.standard.RouteText - RouteText[id=24e84634-fdfb-4a8b-87b3-8cb3253f4f09] Routing FlowFile[220,93427220726533.mockFlowFile,23B] to original
[main] DEBUG org.apache.nifi.processors.standard.RouteText - RouteText[id=24e84634-fdfb-4a8b-87b3-8cb3253f4f09] Adding new dynamic property: PropertyDescriptor[simple]
[pool-2433-thread-1] INFO org.apache.nifi.processors.standard.RouteText - RouteText[id=24e84634-fdfb-4a8b-87b3-8cb3253f4f09] Created FlowFile[223,93427221274421.mockFlowFile,23B] from FlowFile[222,93427221274421.mockFlowFile,23B]; routing to relationship simple
[pool-2433-thread-1] INFO org.apache.nifi.processors.standard.RouteText - RouteText[id=24e84634-fdfb-4a8b-87b3-8cb3253f4f09] Routing FlowFile[222,93427221274421.mockFlowFile,23B] to original
[main] DEBUG org.apache.nifi.processors.standard.RouteText - RouteText[id=24e84634-fdfb-4a8b-87b3-8cb3253f4f09] Adding new dynamic property: PropertyDescriptor[simple]
[pool-2434-thread-1] INFO org.apache.nifi.processors.standard.RouteText - RouteText[id=24e84634-fdfb-4a8b-87b3-8cb3253f4f09] Created FlowFile[225,93427221744854.mockFlowFile,23B] from FlowFile[224,93427221744854.mockFlowFile,23B]; routing to relationship simple
[pool-2434-thread-1] INFO org.apache.nifi.processors.standard.RouteText - RouteText[id=24e84634-fdfb-4a8b-87b3-8cb3253f4f09] Routing FlowFile[224,93427221744854.mockFlowFile,23B] to original
[main] DEBUG org.apache.nifi.processors.standard.RouteText - RouteText[id=24e84634-fdfb-4a8b-87b3-8cb3253f4f09] Adding new dynamic property: PropertyDescriptor[simple]
[pool-2435-thread-1] INFO org.apache.nifi.processors.standard.RouteText - RouteText[id=24e84634-fdfb-4a8b-87b3-8cb3253f4f09] Created FlowFile[227,93427222206193.mockFlowFile,23B] from FlowFile[226,93427222206193.mockFlowFile,23B]; routing to relationship simple
[pool-2435-thread-1] INFO org.apache.nifi.processors.standard.RouteText - RouteText[id=24e84634-fdfb-4a8b-87b3-8cb3253f4f09] Routing FlowFile[226,93427222206193.mockFlowFile,23B] to original
[main] DEBUG org.apache.nifi.processors.standard.RouteText - RouteText[id=24e84634-fdfb-4a8b-87b3-8cb3253f4f09] Adding new dynamic property: PropertyDescriptor[simple]
[pool-2436-thread-1] INFO org.apache.nifi.processors.standard.RouteText - RouteText[id=24e84634-fdfb-4a8b-87b3-8cb3253f4f09] Created FlowFile[229,93427222657782.mockFlowFile,23B] from FlowFile[228,93427222657782.mockFlowFile,23B]; routing to relationship simple
[pool-2436-thread-1] INFO org.apache.nifi.processors.standard.RouteText - RouteText[id=24e84634-fdfb-4a8b-87b3-8cb3253f4f09] Routing FlowFile[228,93427222657782.mockFlowFile,23B] to original
[main] DEBUG org.apache.nifi.processors.standard.RouteText - RouteText[id=24e84634-fdfb-4a8b-87b3-8cb3253f4f09] Adding new dynamic property: PropertyDescriptor[simple]
[pool-2437-thread-1] INFO org.apache.nifi.processors.standard.RouteText - RouteText[id=24e84634-fdfb-4a8b-87b3-8cb3253f4f09] Created FlowFile[231,93427223124419.mockFlowFile,23B] from FlowFile[230,93427223124419.mockFlowFile,23B]; routing to relationship simple
[pool-2437-thread-1] INFO org.apache.nifi.processors.standard.RouteText - RouteText[id=24e84634-fdfb-4a8b-87b3-8cb3253f4f09] Routing FlowFile[230,93427223124419.mockFlowFile,23B] to original
[main] DEBUG org.apache.nifi.processors.standard.RouteText - RouteText[id=24e84634-fdfb-4a8b-87b3-8cb3253f4f09] Adding new dynamic property: PropertyDescriptor[simple]
[pool-2438-thread-1] INFO org.apache.nifi.processors.standard.RouteText - RouteText[id=24e84634-fdfb-4a8b-87b3-8cb3253f4f09] Created FlowFile[233,93427223568724.mockFlowFile,23B] from FlowFile[232,93427223568724.mockFlowFile,23B]; routing to relationship simple
[pool-2438-thread-1] INFO org.apache.nifi.processors.standard.RouteText - RouteText[id=24e84634-fdfb-4a8b-87b3-8cb3253f4f09] Routing FlowFile[232,93427223568724.mockFlowFile,23B] to original
[main] DEBUG org.apache.nifi.processors.standard.RouteText - RouteText[id=24e84634-fdfb-4a8b-87b3-8cb3253f4f09] Adding new dynamic property: PropertyDescriptor[simple]
[pool-2439-thread-1] INFO org.apache.nifi.processors.standard.RouteText - RouteText[id=24e84634-fdfb-4a8b-87b3-8cb3253f4f09] Created FlowFile[235,93427224058523.mockFlowFile,23B] from FlowFile[234,93427224058523.mockFlowFile,23B]; routing to relationship simple
[pool-2439-thread-1] INFO org.apache.nifi.processors.standard.RouteText - RouteText[id=24e84634-fdfb-4a8b-87b3-8cb3253f4f09] Routing FlowFile[234,93427224058523.mockFlowFile,23B] to original
[main] DEBUG org.apache.nifi.processors.standard.RouteText - RouteText[id=24e84634-fdfb-4a8b-87b3-8cb3253f4f09] Adding new dynamic property: PropertyDescriptor[simple]
[pool-2440-thread-1] INFO org.apache.nifi.processors.standard.RouteText - RouteText[id=24e84634-fdfb-4a8b-87b3-8cb3253f4f09] Created FlowFile[237,93427224560152.mockFlowFile,23B] from FlowFile[236,93427224560152.mockFlowFile,23B]; routing to relationship simple
[pool-2440-thread-1] INFO org.apache.nifi.processors.standard.RouteText - RouteText[id=24e84634-fdfb-4a8b-87b3-8cb3253f4f09] Routing FlowFile[236,93427224560152.mockFlowFile,23B] to original
[main] DEBUG org.apache.nifi.processors.standard.RouteText - RouteText[id=24e84634-fdfb-4a8b-87b3-8cb3253f4f09] Adding new dynamic property: PropertyDescriptor[simple]
[pool-2441-thread-1] INFO org.apache.nifi.processors.standard.RouteText - RouteText[id=24e84634-fdfb-4a8b-87b3-8cb3253f4f09] Created FlowFile[239,93427225053827.mockFlowFile,23B] from FlowFile[238,93427225053827.mockFlowFile,23B]; routing to relationship simple
[pool-2441-thread-1] INFO org.apache.nifi.processors.standard.RouteText - RouteText[id=24e84634-fdfb-4a8b-87b3-8cb3253f4f09] Routing FlowFile[238,93427225053827.mockFlowFile,23B] to original
[main] DEBUG org.apache.nifi.processors.standard.RouteText - RouteText[id=24e84634-fdfb-4a8b-87b3-8cb3253f4f09] Adding new dynamic property: PropertyDescriptor[simple]
[pool-2442-thread-1] INFO org.apache.nifi.processors.standard.RouteText - RouteText[id=24e84634-fdfb-4a8b-87b3-8cb3253f4f09] Created FlowFile[241,93427225540375.mockFlowFile,23B] from FlowFile[240,93427225540375.mockFlowFile,23B]; routing to relationship simple
[pool-2442-thread-1] INFO org.apache.nifi.processors.standard.RouteText - RouteText[id=24e84634-fdfb-4a8b-87b3-8cb3253f4f09] Routing FlowFile[240,93427225540375.mockFlowFile,23B] to original
[main] DEBUG org.apache.nifi.processors.standard.RouteText - RouteText[id=24e84634-fdfb-4a8b-87b3-8cb3253f4f09] Adding new dynamic property: PropertyDescriptor[simple]
[pool-2443-thread-1] INFO org.apache.nifi.processors.standard.RouteText - RouteText[id=24e84634-fdfb-4a8b-87b3-8cb3253f4f09] Created FlowFile[243,93427226017054.mockFlowFile,23B] from FlowFile[242,93427226017054.mockFlowFile,23B]; routing to relationship simple
[pool-2443-thread-1] INFO org.apache.nifi.processors.standard.RouteText - RouteText[id=24e84634-fdfb-4a8b-87b3-8cb3253f4f09] Routing FlowFile[242,93427226017054.mockFlowFile,23B] to original
[main] DEBUG org.apache.nifi.processors.standard.RouteText - RouteText[id=24e84634-fdfb-4a8b-87b3-8cb3253f4f09] Adding new dynamic property: PropertyDescriptor[simple]
[pool-2444-thread-1] INFO org.apache.nifi.processors.standard.RouteText - RouteText[id=24e84634-fdfb-4a8b-87b3-8cb3253f4f09] Created FlowFile[245,93427226577275.mockFlowFile,23B] from FlowFile[244,93427226577275.mockFlowFile,23B]; routing to relationship simple
[pool-2444-thread-1] INFO org.apache.nifi.processors.standard.RouteText - RouteText[id=24e84634-fdfb-4a8b-87b3-8cb3253f4f09] Routing FlowFile[244,93427226577275.mockFlowFile,23B] to original
[main] DEBUG org.apache.nifi.processors.standard.RouteText - RouteText[id=24e84634-fdfb-4a8b-87b3-8cb3253f4f09] Adding new dynamic property: PropertyDescriptor[simple]
[pool-2445-thread-1] INFO org.apache.nifi.processors.standard.RouteText - RouteText[id=24e84634-fdfb-4a8b-87b3-8cb3253f4f09] Created FlowFile[247,93427227124398.mockFlowFile,23B] from FlowFile[246,93427227124398.mockFlowFile,23B]; routing to relationship simple
[pool-2445-thread-1] INFO org.apache.nifi.processors.standard.RouteText - RouteText[id=24e84634-fdfb-4a8b-87b3-8cb3253f4f09] Routing FlowFile[246,93427227124398.mockFlowFile,23B] to original
[main] DEBUG org.apache.nifi.processors.standard.RouteText - RouteText[id=24e84634-fdfb-4a8b-87b3-8cb3253f4f09] Adding new dynamic property: PropertyDescriptor[simple]
[pool-2446-thread-1] INFO org.apache.nifi.processors.standard.RouteText - RouteText[id=24e84634-fdfb-4a8b-87b3-8cb3253f4f09] Created FlowFile[249,93427227699250.mockFlowFile,23B] from FlowFile[248,93427227699250.mockFlowFile,23B]; routing to relationship simple
[pool-2446-thread-1] INFO org.apache.nifi.processors.standard.RouteText - RouteText[id=24e84634-fdfb-4a8b-87b3-8cb3253f4f09] Routing FlowFile[248,93427227699250.mockFlowFile,23B] to original
[main] DEBUG org.apache.nifi.processors.standard.RouteText - RouteText[id=24e84634-fdfb-4a8b-87b3-8cb3253f4f09] Adding new dynamic property: PropertyDescriptor[simple]
[pool-2447-thread-1] INFO org.apache.nifi.processors.standard.RouteText - RouteText[id=24e84634-fdfb-4a8b-87b3-8cb3253f4f09] Created FlowFile[251,93427228257143.mockFlowFile,23B] from FlowFile[250,93427228257143.mockFlowFile,23B]; routing to relationship simple
[pool-2447-thread-1] INFO org.apache.nifi.processors.standard.RouteText - RouteText[id=24e84634-fdfb-4a8b-87b3-8cb3253f4f09] Routing FlowFile[250,93427228257143.mockFlowFile,23B] to original
[main] DEBUG org.apache.nifi.processors.standard.RouteText - RouteText[id=24e84634-fdfb-4a8b-87b3-8cb3253f4f09] Adding new dynamic property: PropertyDescriptor[simple]
[pool-2448-thread-1] INFO org.apache.nifi.processors.standard.RouteText - RouteText[id=24e84634-fdfb-4a8b-87b3-8cb3253f4f09] Created FlowFile[253,93427228756800.mockFlowFile,23B] from FlowFile[252,93427228756800.mockFlowFile,23B]; routing to relationship simple
[pool-2448-thread-1] INFO org.apache.nifi.processors.standard.RouteText - RouteText[id=24e84634-fdfb-4a8b-87b3-8cb3253f4f09] Routing FlowFile[252,93427228756800.mockFlowFile,23B] to original
[main] DEBUG org.apache.nifi.processors.standard.RouteText - RouteText[id=24e84634-fdfb-4a8b-87b3-8cb3253f4f09] Adding new dynamic property: PropertyDescriptor[simple]
[pool-2449-thread-1] INFO org.apache.nifi.processors.standard.RouteText - RouteText[id=24e84634-fdfb-4a8b-87b3-8cb3253f4f09] Created FlowFile[255,93427229251249.mockFlowFile,23B] from FlowFile[254,93427229251249.mockFlowFile,23B]; routing to relationship simple
[pool-2449-thread-1] INFO org.apache.nifi.processors.standard.RouteText - RouteText[id=24e84634-fdfb-4a8b-87b3-8cb3253f4f09] Routing FlowFile[254,93427229251249.mockFlowFile,23B] to original
[main] DEBUG org.apache.nifi.processors.standard.RouteText - RouteText[id=24e84634-fdfb-4a8b-87b3-8cb3253f4f09] Adding new dynamic property: PropertyDescriptor[simple]
[pool-2450-thread-1] INFO org.apache.nifi.processors.standard.RouteText - RouteText[id=24e84634-fdfb-4a8b-87b3-8cb3253f4f09] Created FlowFile[257,93427229870877.mockFlowFile,23B] from FlowFile[256,93427229870877.mockFlowFile,23B]; routing to relationship simple
[pool-2450-thread-1] INFO org.apache.nifi.processors.standard.RouteText - RouteText[id=24e84634-fdfb-4a8b-87b3-8cb3253f4f09] Routing FlowFile[256,93427229870877.mockFlowFile,23B] to original
[main] DEBUG org.apache.nifi.processors.standard.RouteText - RouteText[id=24e84634-fdfb-4a8b-87b3-8cb3253f4f09] Adding new dynamic property: PropertyDescriptor[simple]
[pool-2451-thread-1] INFO org.apache.nifi.processors.standard.RouteText - RouteText[id=24e84634-fdfb-4a8b-87b3-8cb3253f4f09] Created FlowFile[259,93427230470186.mockFlowFile,23B] from FlowFile[258,93427230470186.mockFlowFile,23B]; routing to relationship simple
[pool-2451-thread-1] INFO org.apache.nifi.processors.standard.RouteText - RouteText[id=24e84634-fdfb-4a8b-87b3-8cb3253f4f09] Routing FlowFile[258,93427230470186.mockFlowFile,23B] to original
[main] DEBUG org.apache.nifi.processors.standard.RouteText - RouteText[id=24e84634-fdfb-4a8b-87b3-8cb3253f4f09] Adding new dynamic property: PropertyDescriptor[simple]
[pool-2452-thread-1] INFO org.apache.nifi.processors.standard.RouteText - RouteText[id=24e84634-fdfb-4a8b-87b3-8cb3253f4f09] Created FlowFile[261,93427231013802.mockFlowFile,23B] from FlowFile[260,93427231013802.mockFlowFile,23B]; routing to relationship simple
[pool-2452-thread-1] INFO org.apache.nifi.processors.standard.RouteText - RouteText[id=24e84634-fdfb-4a8b-87b3-8cb3253f4f09] Routing FlowFile[260,93427231013802.mockFlowFile,23B] to original
[main] DEBUG org.apache.nifi.processors.standard.RouteText - RouteText[id=24e84634-fdfb-4a8b-87b3-8cb3253f4f09] Adding new dynamic property: PropertyDescriptor[simple]
[pool-2453-thread-1] INFO org.apache.nifi.processors.standard.RouteText - RouteText[id=24e84634-fdfb-4a8b-87b3-8cb3253f4f09] Created FlowFile[263,93427231480045.mockFlowFile,23B] from FlowFile[262,93427231480045.mockFlowFile,23B]; routing to relationship simple
[pool-2453-thread-1] INFO org.apache.nifi.processors.standard.RouteText - RouteText[id=24e84634-fdfb-4a8b-87b3-8cb3253f4f09] Routing FlowFile[262,93427231480045.mockFlowFile,23B] to original
[main] DEBUG org.apache.nifi.processors.standard.RouteText - RouteText[id=24e84634-fdfb-4a8b-87b3-8cb3253f4f09] Adding new dynamic property: PropertyDescriptor[simple]
[pool-2454-thread-1] INFO org.apache.nifi.processors.standard.RouteText - RouteText[id=24e84634-fdfb-4a8b-87b3-8cb3253f4f09] Created FlowFile[265,93427231950017.mockFlowFile,23B] from FlowFile[264,93427231950017.mockFlowFile,23B]; routing to relationship simple
[pool-2454-thread-1] INFO org.apache.nifi.processors.standard.RouteText - RouteText[id=24e84634-fdfb-4a8b-87b3-8cb3253f4f09] Routing FlowFile[264,93427231950017.mockFlowFile,23B] to original
[main] DEBUG org.apache.nifi.processors.standard.RouteText - RouteText[id=24e84634-fdfb-4a8b-87b3-8cb3253f4f09] Adding new dynamic property: PropertyDescriptor[simple]
[pool-2455-thread-1] INFO org.apache.nifi.processors.standard.RouteText - RouteText[id=24e84634-fdfb-4a8b-87b3-8cb3253f4f09] Created FlowFile[267,93427232474434.mockFlowFile,23B] from FlowFile[266,93427232474434.mockFlowFile,23B]; routing to relationship simple
[pool-2455-thread-1] INFO org.apache.nifi.processors.standard.RouteText - RouteText[id=24e84634-fdfb-4a8b-87b3-8cb3253f4f09] Routing FlowFile[266,93427232474434.mockFlowFile,23B] to original
[main] DEBUG org.apache.nifi.processors.standard.RouteText - RouteText[id=24e84634-fdfb-4a8b-87b3-8cb3253f4f09] Adding new dynamic property: PropertyDescriptor[simple]
[pool-2456-thread-1] INFO org.apache.nifi.processors.standard.RouteText - RouteText[id=24e84634-fdfb-4a8b-87b3-8cb3253f4f09] Created FlowFile[269,93427232949555.mockFlowFile,23B] from FlowFile[268,93427232949555.mockFlowFile,23B]; routing to relationship simple
[pool-2456-thread-1] INFO org.apache.nifi.processors.standard.RouteText - RouteText[id=24e84634-fdfb-4a8b-87b3-8cb3253f4f09] Routing FlowFile[268,93427232949555.mockFlowFile,23B] to original
[main] DEBUG org.apache.nifi.processors.standard.RouteText - RouteText[id=24e84634-fdfb-4a8b-87b3-8cb3253f4f09] Adding new dynamic property: PropertyDescriptor[simple]
[pool-2457-thread-1] INFO org.apache.nifi.processors.standard.RouteText - RouteText[id=24e84634-fdfb-4a8b-87b3-8cb3253f4f09] Created FlowFile[271,93427233417112.mockFlowFile,23B] from FlowFile[270,93427233417112.mockFlowFile,23B]; routing to relationship simple
[pool-2457-thread-1] INFO org.apache.nifi.processors.standard.RouteText - RouteText[id=24e84634-fdfb-4a8b-87b3-8cb3253f4f09] Routing FlowFile[270,93427233417112.mockFlowFile,23B] to original
[main] DEBUG org.apache.nifi.processors.standard.RouteText - RouteText[id=24e84634-fdfb-4a8b-87b3-8cb3253f4f09] Adding new dynamic property: PropertyDescriptor[simple]
[pool-2458-thread-1] INFO org.apache.nifi.processors.standard.RouteText - RouteText[id=24e84634-fdfb-4a8b-87b3-8cb3253f4f09] Created FlowFile[273,93427233889890.mockFlowFile,23B] from FlowFile[272,93427233889890.mockFlowFile,23B]; routing to relationship simple
[pool-2458-thread-1] INFO org.apache.nifi.processors.standard.RouteText - RouteText[id=24e84634-fdfb-4a8b-87b3-8cb3253f4f09] Routing FlowFile[272,93427233889890.mockFlowFile,23B] to original
[main] DEBUG org.apache.nifi.processors.standard.RouteText - RouteText[id=24e84634-fdfb-4a8b-87b3-8cb3253f4f09] Adding new dynamic property: PropertyDescriptor[simple]
[pool-2459-thread-1] INFO org.apache.nifi.processors.standard.RouteText - RouteText[id=24e84634-fdfb-4a8b-87b3-8cb3253f4f09] Created FlowFile[275,93427234343481.mockFlowFile,23B] from FlowFile[274,93427234343481.mockFlowFile,23B]; routing to relationship simple
[pool-2459-thread-1] INFO org.apache.nifi.processors.standard.RouteText - RouteText[id=24e84634-fdfb-4a8b-87b3-8cb3253f4f09] Routing FlowFile[274,93427234343481.mockFlowFile,23B] to original
[main] DEBUG org.apache.nifi.processors.standard.RouteText - RouteText[id=24e84634-fdfb-4a8b-87b3-8cb3253f4f09] Adding new dynamic property: PropertyDescriptor[simple]
[pool-2460-thread-1] INFO org.apache.nifi.processors.standard.RouteText - RouteText[id=24e84634-fdfb-4a8b-87b3-8cb3253f4f09] Created FlowFile[277,93427234790929.mockFlowFile,23B] from FlowFile[276,93427234790929.mockFlowFile,23B]; routing to relationship simple
[pool-2460-thread-1] INFO org.apache.nifi.processors.standard.RouteText - RouteText[id=24e84634-fdfb-4a8b-87b3-8cb3253f4f09] Routing FlowFile[276,93427234790929.mockFlowFile,23B] to original
[main] DEBUG org.apache.nifi.processors.standard.RouteText - RouteText[id=24e84634-fdfb-4a8b-87b3-8cb3253f4f09] Adding new dynamic property: PropertyDescriptor[simple]
[pool-2461-thread-1] INFO org.apache.nifi.processors.standard.RouteText - RouteText[id=24e84634-fdfb-4a8b-87b3-8cb3253f4f09] Created FlowFile[279,93427235254371.mockFlowFile,23B] from FlowFile[278,93427235254371.mockFlowFile,23B]; routing to relationship simple
[pool-2461-thread-1] INFO org.apache.nifi.processors.standard.RouteText - RouteText[id=24e84634-fdfb-4a8b-87b3-8cb3253f4f09] Routing FlowFile[278,93427235254371.mockFlowFile,23B] to original
[main] DEBUG org.apache.nifi.processors.standard.RouteText - RouteText[id=24e84634-fdfb-4a8b-87b3-8cb3253f4f09] Adding new dynamic property: PropertyDescriptor[simple]
[pool-2462-thread-1] INFO org.apache.nifi.processors.standard.RouteText - RouteText[id=24e84634-fdfb-4a8b-87b3-8cb3253f4f09] Created FlowFile[281,93427235732573.mockFlowFile,23B] from FlowFile[280,93427235732573.mockFlowFile,23B]; routing to relationship simple
[pool-2462-thread-1] INFO org.apache.nifi.processors.standard.RouteText - RouteText[id=24e84634-fdfb-4a8b-87b3-8cb3253f4f09] Routing FlowFile[280,93427235732573.mockFlowFile,23B] to original
[main] DEBUG org.apache.nifi.processors.standard.RouteText - RouteText[id=24e84634-fdfb-4a8b-87b3-8cb3253f4f09] Adding new dynamic property: PropertyDescriptor[simple]
[pool-2463-thread-1] INFO org.apache.nifi.processors.standard.RouteText - RouteText[id=24e84634-fdfb-4a8b-87b3-8cb3253f4f09] Created FlowFile[283,93427236267157.mockFlowFile,23B] from FlowFile[282,93427236267157.mockFlowFile,23B]; routing to relationship simple
[pool-2463-thread-1] INFO org.apache.nifi.processors.standard.RouteText - RouteText[id=24e84634-fdfb-4a8b-87b3-8cb3253f4f09] Routing FlowFile[282,93427236267157.mockFlowFile,23B] to original
[main] DEBUG org.apache.nifi.processors.standard.RouteText - RouteText[id=24e84634-fdfb-4a8b-87b3-8cb3253f4f09] Adding new dynamic property: PropertyDescriptor[simple]
[pool-2464-thread-1] INFO org.apache.nifi.processors.standard.RouteText - RouteText[id=24e84634-fdfb-4a8b-87b3-8cb3253f4f09] Created FlowFile[285,93427236749702.mockFlowFile,23B] from FlowFile[284,93427236749702.mockFlowFile,23B]; routing to relationship simple
[pool-2464-thread-1] INFO org.apache.nifi.processors.standard.RouteText - RouteText[id=24e84634-fdfb-4a8b-87b3-8cb3253f4f09] Routing FlowFile[284,93427236749702.mockFlowFile,23B] to original
[main] DEBUG org.apache.nifi.processors.standard.RouteText - RouteText[id=24e84634-fdfb-4a8b-87b3-8cb3253f4f09] Adding new dynamic property: PropertyDescriptor[simple]
[pool-2465-thread-1] INFO org.apache.nifi.processors.standard.RouteText - RouteText[id=24e84634-fdfb-4a8b-87b3-8cb3253f4f09] Created FlowFile[287,93427237276132.mockFlowFile,23B] from FlowFile[286,93427237276132.mockFlowFile,23B]; routing to relationship simple
[pool-2465-thread-1] INFO org.apache.nifi.processors.standard.RouteText - RouteText[id=24e84634-fdfb-4a8b-87b3-8cb3253f4f09] Routing FlowFile[286,93427237276132.mockFlowFile,23B] to original
[main] DEBUG org.apache.nifi.processors.standard.RouteText - RouteText[id=24e84634-fdfb-4a8b-87b3-8cb3253f4f09] Adding new dynamic property: PropertyDescriptor[simple]
[pool-2466-thread-1] INFO org.apache.nifi.processors.standard.RouteText - RouteText[id=24e84634-fdfb-4a8b-87b3-8cb3253f4f09] Created FlowFile[289,93427237812322.mockFlowFile,23B] from FlowFile[288,93427237812322.mockFlowFile,23B]; routing to relationship simple
[pool-2466-thread-1] INFO org.apache.nifi.processors.standard.RouteText - RouteText[id=24e84634-fdfb-4a8b-87b3-8cb3253f4f09] Routing FlowFile[288,93427237812322.mockFlowFile,23B] to original
[main] DEBUG org.apache.nifi.processors.standard.RouteText - RouteText[id=24e84634-fdfb-4a8b-87b3-8cb3253f4f09] Adding new dynamic property: PropertyDescriptor[simple]
[pool-2467-thread-1] INFO org.apache.nifi.processors.standard.RouteText - RouteText[id=24e84634-fdfb-4a8b-87b3-8cb3253f4f09] Created FlowFile[291,93427238453570.mockFlowFile,23B] from FlowFile[290,93427238453570.mockFlowFile,23B]; routing to relationship simple
[pool-2467-thread-1] INFO org.apache.nifi.processors.standard.RouteText - RouteText[id=24e84634-fdfb-4a8b-87b3-8cb3253f4f09] Routing FlowFile[290,93427238453570.mockFlowFile,23B] to original
[main] DEBUG org.apache.nifi.processors.standard.RouteText - RouteText[id=24e84634-fdfb-4a8b-87b3-8cb3253f4f09] Adding new dynamic property: PropertyDescriptor[simple]
[pool-2468-thread-1] INFO org.apache.nifi.processors.standard.RouteText - RouteText[id=24e84634-fdfb-4a8b-87b3-8cb3253f4f09] Created FlowFile[293,93427239012305.mockFlowFile,23B] from FlowFile[292,93427239012305.mockFlowFile,23B]; routing to relationship simple
[pool-2468-thread-1] INFO org.apache.nifi.processors.standard.RouteText - RouteText[id=24e84634-fdfb-4a8b-87b3-8cb3253f4f09] Routing FlowFile[292,93427239012305.mockFlowFile,23B] to original
[main] DEBUG org.apache.nifi.processors.standard.RouteText - RouteText[id=24e84634-fdfb-4a8b-87b3-8cb3253f4f09] Adding new dynamic property: PropertyDescriptor[simple]
[pool-2469-thread-1] INFO org.apache.nifi.processors.standard.RouteText - RouteText[id=24e84634-fdfb-4a8b-87b3-8cb3253f4f09] Created FlowFile[295,93427239506812.mockFlowFile,23B] from FlowFile[294,93427239506812.mockFlowFile,23B]; routing to relationship simple
[pool-2469-thread-1] INFO org.apache.nifi.processors.standard.RouteText - RouteText[id=24e84634-fdfb-4a8b-87b3-8cb3253f4f09] Routing FlowFile[294,93427239506812.mockFlowFile,23B] to original
[main] DEBUG org.apache.nifi.processors.standard.RouteText - RouteText[id=24e84634-fdfb-4a8b-87b3-8cb3253f4f09] Adding new dynamic property: PropertyDescriptor[simple]
[pool-2470-thread-1] INFO org.apache.nifi.processors.standard.RouteText - RouteText[id=24e84634-fdfb-4a8b-87b3-8cb3253f4f09] Created FlowFile[297,93427240066637.mockFlowFile,23B] from FlowFile[296,93427240066637.mockFlowFile,23B]; routing to relationship simple
[pool-2470-thread-1] INFO org.apache.nifi.processors.standard.RouteText - RouteText[id=24e84634-fdfb-4a8b-87b3-8cb3253f4f09] Routing FlowFile[296,93427240066637.mockFlowFile,23B] to original
[main] DEBUG org.apache.nifi.processors.standard.RouteText - RouteText[id=24e84634-fdfb-4a8b-87b3-8cb3253f4f09] Adding new dynamic property: PropertyDescriptor[simple]
[pool-2471-thread-1] INFO org.apache.nifi.processors.standard.RouteText - RouteText[id=24e84634-fdfb-4a8b-87b3-8cb3253f4f09] Created FlowFile[299,93427240498949.mockFlowFile,23B] from FlowFile[298,93427240498949.mockFlowFile,23B]; routing to relationship simple
[pool-2471-thread-1] INFO org.apache.nifi.processors.standard.RouteText - RouteText[id=24e84634-fdfb-4a8b-87b3-8cb3253f4f09] Routing FlowFile[298,93427240498949.mockFlowFile,23B] to original
[main] DEBUG org.apache.nifi.processors.standard.RouteText - RouteText[id=24e84634-fdfb-4a8b-87b3-8cb3253f4f09] Adding new dynamic property: PropertyDescriptor[simple]
[pool-2472-thread-1] INFO org.apache.nifi.processors.standard.RouteText - RouteText[id=24e84634-fdfb-4a8b-87b3-8cb3253f4f09] Created FlowFile[301,93427240965638.mockFlowFile,23B] from FlowFile[300,93427240965638.mockFlowFile,23B]; routing to relationship simple
[pool-2472-thread-1] INFO org.apache.nifi.processors.standard.RouteText - RouteText[id=24e84634-fdfb-4a8b-87b3-8cb3253f4f09] Routing FlowFile[300,93427240965638.mockFlowFile,23B] to original
[main] DEBUG org.apache.nifi.processors.standard.RouteText - RouteText[id=24e84634-fdfb-4a8b-87b3-8cb3253f4f09] Adding new dynamic property: PropertyDescriptor[simple]
[pool-2473-thread-1] INFO org.apache.nifi.processors.standard.RouteText - RouteText[id=24e84634-fdfb-4a8b-87b3-8cb3253f4f09] Created FlowFile[303,93427241423678.mockFlowFile,23B] from FlowFile[302,93427241423678.mockFlowFile,23B]; routing to relationship simple
[pool-2473-thread-1] INFO org.apache.nifi.processors.standard.RouteText - RouteText[id=24e84634-fdfb-4a8b-87b3-8cb3253f4f09] Routing FlowFile[302,93427241423678.mockFlowFile,23B] to original
[main] DEBUG org.apache.nifi.processors.standard.RouteText - RouteText[id=24e84634-fdfb-4a8b-87b3-8cb3253f4f09] Adding new dynamic property: PropertyDescriptor[simple]
[pool-2474-thread-1] INFO org.apache.nifi.processors.standard.RouteText - RouteText[id=24e84634-fdfb-4a8b-87b3-8cb3253f4f09] Created FlowFile[305,93427241882765.mockFlowFile,23B] from FlowFile[304,93427241882765.mockFlowFile,23B]; routing to relationship simple
[pool-2474-thread-1] INFO org.apache.nifi.processors.standard.RouteText - RouteText[id=24e84634-fdfb-4a8b-87b3-8cb3253f4f09] Routing FlowFile[304,93427241882765.mockFlowFile,23B] to original
[main] DEBUG org.apache.nifi.processors.standard.RouteText - RouteText[id=24e84634-fdfb-4a8b-87b3-8cb3253f4f09] Adding new dynamic property: PropertyDescriptor[simple]
[pool-2475-thread-1] INFO org.apache.nifi.processors.standard.RouteText - RouteText[id=24e84634-fdfb-4a8b-87b3-8cb3253f4f09] Created FlowFile[307,93427242349690.mockFlowFile,23B] from FlowFile[306,93427242349690.mockFlowFile,23B]; routing to relationship simple
[pool-2475-thread-1] INFO org.apache.nifi.processors.standard.RouteText - RouteText[id=24e84634-fdfb-4a8b-87b3-8cb3253f4f09] Routing FlowFile[306,93427242349690.mockFlowFile,23B] to original
[main] DEBUG org.apache.nifi.processors.standard.RouteText - RouteText[id=24e84634-fdfb-4a8b-87b3-8cb3253f4f09] Adding new dynamic property: PropertyDescriptor[simple]
[pool-2476-thread-1] INFO org.apache.nifi.processors.standard.RouteText - RouteText[id=24e84634-fdfb-4a8b-87b3-8cb3253f4f09] Created FlowFile[309,93427242844773.mockFlowFile,23B] from FlowFile[308,93427242844773.mockFlowFile,23B]; routing to relationship simple
[pool-2476-thread-1] INFO org.apache.nifi.processors.standard.RouteText - RouteText[id=24e84634-fdfb-4a8b-87b3-8cb3253f4f09] Routing FlowFile[308,93427242844773.mockFlowFile,23B] to original
[main] DEBUG org.apache.nifi.processors.standard.RouteText - RouteText[id=24e84634-fdfb-4a8b-87b3-8cb3253f4f09] Adding new dynamic property: PropertyDescriptor[simple]
[pool-2477-thread-1] INFO org.apache.nifi.processors.standard.RouteText - RouteText[id=24e84634-fdfb-4a8b-87b3-8cb3253f4f09] Created FlowFile[311,93427243379148.mockFlowFile,23B] from FlowFile[310,93427243379148.mockFlowFile,23B]; routing to relationship simple
[pool-2477-thread-1] INFO org.apache.nifi.processors.standard.RouteText - RouteText[id=24e84634-fdfb-4a8b-87b3-8cb3253f4f09] Routing FlowFile[310,93427243379148.mockFlowFile,23B] to original
[main] DEBUG org.apache.nifi.processors.standard.RouteText - RouteText[id=24e84634-fdfb-4a8b-87b3-8cb3253f4f09] Adding new dynamic property: PropertyDescriptor[simple]
[pool-2478-thread-1] INFO org.apache.nifi.processors.standard.RouteText - RouteText[id=24e84634-fdfb-4a8b-87b3-8cb3253f4f09] Created FlowFile[313,93427244113575.mockFlowFile,23B] from FlowFile[312,93427244113575.mockFlowFile,23B]; routing to relationship simple
[pool-2478-thread-1] INFO org.apache.nifi.processors.standard.RouteText - RouteText[id=24e84634-fdfb-4a8b-87b3-8cb3253f4f09] Routing FlowFile[312,93427244113575.mockFlowFile,23B] to original
[main] DEBUG org.apache.nifi.processors.standard.RouteText - RouteText[id=24e84634-fdfb-4a8b-87b3-8cb3253f4f09] Adding new dynamic property: PropertyDescriptor[simple]
[pool-2479-thread-1] INFO org.apache.nifi.processors.standard.RouteText - RouteText[id=24e84634-fdfb-4a8b-87b3-8cb3253f4f09] Created FlowFile[315,93427244675300.mockFlowFile,23B] from FlowFile[314,93427244675300.mockFlowFile,23B]; routing to relationship simple
[pool-2479-thread-1] INFO org.apache.nifi.processors.standard.RouteText - RouteText[id=24e84634-fdfb-4a8b-87b3-8cb3253f4f09] Routing FlowFile[314,93427244675300.mockFlowFile,23B] to original
[main] DEBUG org.apache.nifi.processors.standard.RouteText - RouteText[id=24e84634-fdfb-4a8b-87b3-8cb3253f4f09] Adding new dynamic property: PropertyDescriptor[simple]
[pool-2480-thread-1] INFO org.apache.nifi.processors.standard.RouteText - RouteText[id=24e84634-fdfb-4a8b-87b3-8cb3253f4f09] Created FlowFile[317,93427245182204.mockFlowFile,23B] from FlowFile[316,93427245182204.mockFlowFile,23B]; routing to relationship simple
[pool-2480-thread-1] INFO org.apache.nifi.processors.standard.RouteText - RouteText[id=24e84634-fdfb-4a8b-87b3-8cb3253f4f09] Routing FlowFile[316,93427245182204.mockFlowFile,23B] to original
[main] DEBUG org.apache.nifi.processors.standard.RouteText - RouteText[id=24e84634-fdfb-4a8b-87b3-8cb3253f4f09] Adding new dynamic property: PropertyDescriptor[simple]
[pool-2481-thread-1] INFO org.apache.nifi.processors.standard.RouteText - RouteText[id=24e84634-fdfb-4a8b-87b3-8cb3253f4f09] Created FlowFile[319,93427245692764.mockFlowFile,23B] from FlowFile[318,93427245692764.mockFlowFile,23B]; routing to relationship simple
[pool-2481-thread-1] INFO org.apache.nifi.processors.standard.RouteText - RouteText[id=24e84634-fdfb-4a8b-87b3-8cb3253f4f09] Routing FlowFile[318,93427245692764.mockFlowFile,23B] to original
[main] DEBUG org.apache.nifi.processors.standard.RouteText - RouteText[id=24e84634-fdfb-4a8b-87b3-8cb3253f4f09] Adding new dynamic property: PropertyDescriptor[simple]
[pool-2482-thread-1] INFO org.apache.nifi.processors.standard.RouteText - RouteText[id=24e84634-fdfb-4a8b-87b3-8cb3253f4f09] Created FlowFile[321,93427246214696.mockFlowFile,23B] from FlowFile[320,93427246214696.mockFlowFile,23B]; routing to relationship simple
[pool-2482-thread-1] INFO org.apache.nifi.processors.standard.RouteText - RouteText[id=24e84634-fdfb-4a8b-87b3-8cb3253f4f09] Routing FlowFile[320,93427246214696.mockFlowFile,23B] to original
[main] DEBUG org.apache.nifi.processors.standard.RouteText - RouteText[id=24e84634-fdfb-4a8b-87b3-8cb3253f4f09] Adding new dynamic property: PropertyDescriptor[simple]
[pool-2483-thread-1] INFO org.apache.nifi.processors.standard.RouteText - RouteText[id=24e84634-fdfb-4a8b-87b3-8cb3253f4f09] Created FlowFile[323,93427246737698.mockFlowFile,23B] from FlowFile[322,93427246737698.mockFlowFile,23B]; routing to relationship simple
[pool-2483-thread-1] INFO org.apache.nifi.processors.standard.RouteText - RouteText[id=24e84634-fdfb-4a8b-87b3-8cb3253f4f09] Routing FlowFile[322,93427246737698.mockFlowFile,23B] to original
[main] DEBUG org.apache.nifi.processors.standard.RouteText - RouteText[id=24e84634-fdfb-4a8b-87b3-8cb3253f4f09] Adding new dynamic property: PropertyDescriptor[simple]
[pool-2484-thread-1] INFO org.apache.nifi.processors.standard.RouteText - RouteText[id=24e84634-fdfb-4a8b-87b3-8cb3253f4f09] Created FlowFile[325,93427247254198.mockFlowFile,23B] from FlowFile[324,93427247254198.mockFlowFile,23B]; routing to relationship simple
[pool-2484-thread-1] INFO org.apache.nifi.processors.standard.RouteText - RouteText[id=24e84634-fdfb-4a8b-87b3-8cb3253f4f09] Routing FlowFile[324,93427247254198.mockFlowFile,23B] to original
[main] DEBUG org.apache.nifi.processors.standard.RouteText - RouteText[id=24e84634-fdfb-4a8b-87b3-8cb3253f4f09] Adding new dynamic property: PropertyDescriptor[simple]
[pool-2485-thread-1] INFO org.apache.nifi.processors.standard.RouteText - RouteText[id=24e84634-fdfb-4a8b-87b3-8cb3253f4f09] Created FlowFile[327,93427247787453.mockFlowFile,23B] from FlowFile[326,93427247787453.mockFlowFile,23B]; routing to relationship simple
[pool-2485-thread-1] INFO org.apache.nifi.processors.standard.RouteText - RouteText[id=24e84634-fdfb-4a8b-87b3-8cb3253f4f09] Routing FlowFile[326,93427247787453.mockFlowFile,23B] to original
[main] DEBUG org.apache.nifi.processors.standard.RouteText - RouteText[id=24e84634-fdfb-4a8b-87b3-8cb3253f4f09] Adding new dynamic property: PropertyDescriptor[simple]
[pool-2486-thread-1] INFO org.apache.nifi.processors.standard.RouteText - RouteText[id=24e84634-fdfb-4a8b-87b3-8cb3253f4f09] Created FlowFile[329,93427248313638.mockFlowFile,23B] from FlowFile[328,93427248313638.mockFlowFile,23B]; routing to relationship simple
[pool-2486-thread-1] INFO org.apache.nifi.processors.standard.RouteText - RouteText[id=24e84634-fdfb-4a8b-87b3-8cb3253f4f09] Routing FlowFile[328,93427248313638.mockFlowFile,23B] to original
[main] DEBUG org.apache.nifi.processors.standard.RouteText - RouteText[id=24e84634-fdfb-4a8b-87b3-8cb3253f4f09] Adding new dynamic property: PropertyDescriptor[simple]
[pool-2487-thread-1] INFO org.apache.nifi.processors.standard.RouteText - RouteText[id=24e84634-fdfb-4a8b-87b3-8cb3253f4f09] Created FlowFile[331,93427248814411.mockFlowFile,23B] from FlowFile[330,93427248814411.mockFlowFile,23B]; routing to relationship simple
[pool-2487-thread-1] INFO org.apache.nifi.processors.standard.RouteText - RouteText[id=24e84634-fdfb-4a8b-87b3-8cb3253f4f09] Routing FlowFile[330,93427248814411.mockFlowFile,23B] to original
[main] DEBUG org.apache.nifi.processors.standard.RouteText - RouteText[id=24e84634-fdfb-4a8b-87b3-8cb3253f4f09] Adding new dynamic property: PropertyDescriptor[simple]
[pool-2488-thread-1] INFO org.apache.nifi.processors.standard.RouteText - RouteText[id=24e84634-fdfb-4a8b-87b3-8cb3253f4f09] Created FlowFile[333,93427249305313.mockFlowFile,23B] from FlowFile[332,93427249305313.mockFlowFile,23B]; routing to relationship simple
[pool-2488-thread-1] INFO org.apache.nifi.processors.standard.RouteText - RouteText[id=24e84634-fdfb-4a8b-87b3-8cb3253f4f09] Routing FlowFile[332,93427249305313.mockFlowFile,23B] to original
[main] DEBUG org.apache.nifi.processors.standard.RouteText - RouteText[id=24e84634-fdfb-4a8b-87b3-8cb3253f4f09] Adding new dynamic property: PropertyDescriptor[simple]
[pool-2489-thread-1] INFO org.apache.nifi.processors.standard.RouteText - RouteText[id=24e84634-fdfb-4a8b-87b3-8cb3253f4f09] Created FlowFile[335,93427249794526.mockFlowFile,23B] from FlowFile[334,93427249794526.mockFlowFile,23B]; routing to relationship simple
[pool-2489-thread-1] INFO org.apache.nifi.processors.standard.RouteText - RouteText[id=24e84634-fdfb-4a8b-87b3-8cb3253f4f09] Routing FlowFile[334,93427249794526.mockFlowFile,23B] to original
[main] DEBUG org.apache.nifi.processors.standard.RouteText - RouteText[id=24e84634-fdfb-4a8b-87b3-8cb3253f4f09] Adding new dynamic property: PropertyDescriptor[simple]
[pool-2490-thread-1] INFO org.apache.nifi.processors.standard.RouteText - RouteText[id=24e84634-fdfb-4a8b-87b3-8cb3253f4f09] Created FlowFile[337,93427250299417.mockFlowFile,23B] from FlowFile[336,93427250299417.mockFlowFile,23B]; routing to relationship simple
[pool-2490-thread-1] INFO org.apache.nifi.processors.standard.RouteText - RouteText[id=24e84634-fdfb-4a8b-87b3-8cb3253f4f09] Routing FlowFile[336,93427250299417.mockFlowFile,23B] to original
[main] DEBUG org.apache.nifi.processors.standard.RouteText - RouteText[id=24e84634-fdfb-4a8b-87b3-8cb3253f4f09] Adding new dynamic property: PropertyDescriptor[simple]
[pool-2491-thread-1] INFO org.apache.nifi.processors.standard.RouteText - RouteText[id=24e84634-fdfb-4a8b-87b3-8cb3253f4f09] Created FlowFile[339,93427250784017.mockFlowFile,23B] from FlowFile[338,93427250784017.mockFlowFile,23B]; routing to relationship simple
[pool-2491-thread-1] INFO org.apache.nifi.processors.standard.RouteText - RouteText[id=24e84634-fdfb-4a8b-87b3-8cb3253f4f09] Routing FlowFile[338,93427250784017.mockFlowFile,23B] to original
[main] DEBUG org.apache.nifi.processors.standard.RouteText - RouteText[id=24e84634-fdfb-4a8b-87b3-8cb3253f4f09] Adding new dynamic property: PropertyDescriptor[simple]
[pool-2492-thread-1] INFO org.apache.nifi.processors.standard.RouteText - RouteText[id=24e84634-fdfb-4a8b-87b3-8cb3253f4f09] Created FlowFile[341,93427251255020.mockFlowFile,23B] from FlowFile[340,93427251255020.mockFlowFile,23B]; routing to relationship simple
[pool-2492-thread-1] INFO org.apache.nifi.processors.standard.RouteText - RouteText[id=24e84634-fdfb-4a8b-87b3-8cb3253f4f09] Routing FlowFile[340,93427251255020.mockFlowFile,23B] to original
[main] DEBUG org.apache.nifi.processors.standard.RouteText - RouteText[id=24e84634-fdfb-4a8b-87b3-8cb3253f4f09] Adding new dynamic property: PropertyDescriptor[simple]
[pool-2493-thread-1] INFO org.apache.nifi.processors.standard.RouteText - RouteText[id=24e84634-fdfb-4a8b-87b3-8cb3253f4f09] Created FlowFile[343,93427251741204.mockFlowFile,23B] from FlowFile[342,93427251741204.mockFlowFile,23B]; routing to relationship simple
[pool-2493-thread-1] INFO org.apache.nifi.processors.standard.RouteText - RouteText[id=24e84634-fdfb-4a8b-87b3-8cb3253f4f09] Routing FlowFile[342,93427251741204.mockFlowFile,23B] to original
[main] DEBUG org.apache.nifi.processors.standard.RouteText - RouteText[id=24e84634-fdfb-4a8b-87b3-8cb3253f4f09] Adding new dynamic property: PropertyDescriptor[simple]
[pool-2494-thread-1] INFO org.apache.nifi.processors.standard.RouteText - RouteText[id=24e84634-fdfb-4a8b-87b3-8cb3253f4f09] Created FlowFile[345,93427252230120.mockFlowFile,23B] from FlowFile[344,93427252230120.mockFlowFile,23B]; routing to relationship simple
[pool-2494-thread-1] INFO org.apache.nifi.processors.standard.RouteText - RouteText[id=24e84634-fdfb-4a8b-87b3-8cb3253f4f09] Routing FlowFile[344,93427252230120.mockFlowFile,23B] to original
[main] DEBUG org.apache.nifi.processors.standard.RouteText - RouteText[id=24e84634-fdfb-4a8b-87b3-8cb3253f4f09] Adding new dynamic property: PropertyDescriptor[simple]
[pool-2495-thread-1] INFO org.apache.nifi.processors.standard.RouteText - RouteText[id=24e84634-fdfb-4a8b-87b3-8cb3253f4f09] Created FlowFile[347,93427252683762.mockFlowFile,23B] from FlowFile[346,93427252683762.mockFlowFile,23B]; routing to relationship simple
[pool-2495-thread-1] INFO org.apache.nifi.processors.standard.RouteText - RouteText[id=24e84634-fdfb-4a8b-87b3-8cb3253f4f09] Routing FlowFile[346,93427252683762.mockFlowFile,23B] to original
[main] DEBUG org.apache.nifi.processors.standard.RouteText - RouteText[id=24e84634-fdfb-4a8b-87b3-8cb3253f4f09] Adding new dynamic property: PropertyDescriptor[simple]
[pool-2496-thread-1] INFO org.apache.nifi.processors.standard.RouteText - RouteText[id=24e84634-fdfb-4a8b-87b3-8cb3253f4f09] Created FlowFile[349,93427253185961.mockFlowFile,23B] from FlowFile[348,93427253185961.mockFlowFile,23B]; routing to relationship simple
[pool-2496-thread-1] INFO org.apache.nifi.processors.standard.RouteText - RouteText[id=24e84634-fdfb-4a8b-87b3-8cb3253f4f09] Routing FlowFile[348,93427253185961.mockFlowFile,23B] to original
[main] DEBUG org.apache.nifi.processors.standard.RouteText - RouteText[id=24e84634-fdfb-4a8b-87b3-8cb3253f4f09] Adding new dynamic property: PropertyDescriptor[simple]
[pool-2497-thread-1] INFO org.apache.nifi.processors.standard.RouteText - RouteText[id=24e84634-fdfb-4a8b-87b3-8cb3253f4f09] Created FlowFile[351,93427253682445.mockFlowFile,23B] from FlowFile[350,93427253682445.mockFlowFile,23B]; routing to relationship simple
[pool-2497-thread-1] INFO org.apache.nifi.processors.standard.RouteText - RouteText[id=24e84634-fdfb-4a8b-87b3-8cb3253f4f09] Routing FlowFile[350,93427253682445.mockFlowFile,23B] to original
[main] DEBUG org.apache.nifi.processors.standard.RouteText - RouteText[id=24e84634-fdfb-4a8b-87b3-8cb3253f4f09] Adding new dynamic property: PropertyDescriptor[simple]
[pool-2498-thread-1] INFO org.apache.nifi.processors.standard.RouteText - RouteText[id=24e84634-fdfb-4a8b-87b3-8cb3253f4f09] Created FlowFile[353,93427254185252.mockFlowFile,23B] from FlowFile[352,93427254185252.mockFlowFile,23B]; routing to relationship simple
[pool-2498-thread-1] INFO org.apache.nifi.processors.standard.RouteText - RouteText[id=24e84634-fdfb-4a8b-87b3-8cb3253f4f09] Routing FlowFile[352,93427254185252.mockFlowFile,23B] to original
[main] DEBUG org.apache.nifi.processors.standard.RouteText - RouteText[id=24e84634-fdfb-4a8b-87b3-8cb3253f4f09] Adding new dynamic property: PropertyDescriptor[simple]
[pool-2499-thread-1] INFO org.apache.nifi.processors.standard.RouteText - RouteText[id=24e84634-fdfb-4a8b-87b3-8cb3253f4f09] Created FlowFile[355,93427254691680.mockFlowFile,23B] from FlowFile[354,93427254691680.mockFlowFile,23B]; routing to relationship simple
[pool-2499-thread-1] INFO org.apache.nifi.processors.standard.RouteText - RouteText[id=24e84634-fdfb-4a8b-87b3-8cb3253f4f09] Routing FlowFile[354,93427254691680.mockFlowFile,23B] to original
[main] DEBUG org.apache.nifi.processors.standard.RouteText - RouteText[id=24e84634-fdfb-4a8b-87b3-8cb3253f4f09] Adding new dynamic property: PropertyDescriptor[simple]
[pool-2500-thread-1] INFO org.apache.nifi.processors.standard.RouteText - RouteText[id=24e84634-fdfb-4a8b-87b3-8cb3253f4f09] Created FlowFile[357,93427255201759.mockFlowFile,23B] from FlowFile[356,93427255201759.mockFlowFile,23B]; routing to relationship simple
[pool-2500-thread-1] INFO org.apache.nifi.processors.standard.RouteText - RouteText[id=24e84634-fdfb-4a8b-87b3-8cb3253f4f09] Routing FlowFile[356,93427255201759.mockFlowFile,23B] to original
[main] DEBUG org.apache.nifi.processors.standard.RouteText - RouteText[id=24e84634-fdfb-4a8b-87b3-8cb3253f4f09] Adding new dynamic property: PropertyDescriptor[simple]
[pool-2501-thread-1] INFO org.apache.nifi.processors.standard.RouteText - RouteText[id=24e84634-fdfb-4a8b-87b3-8cb3253f4f09] Created FlowFile[359,93427255666041.mockFlowFile,23B] from FlowFile[358,93427255666041.mockFlowFile,23B]; routing to relationship simple
[pool-2501-thread-1] INFO org.apache.nifi.processors.standard.RouteText - RouteText[id=24e84634-fdfb-4a8b-87b3-8cb3253f4f09] Routing FlowFile[358,93427255666041.mockFlowFile,23B] to original
[main] DEBUG org.apache.nifi.processors.standard.RouteText - RouteText[id=24e84634-fdfb-4a8b-87b3-8cb3253f4f09] Adding new dynamic property: PropertyDescriptor[simple]
[pool-2502-thread-1] INFO org.apache.nifi.processors.standard.RouteText - RouteText[id=24e84634-fdfb-4a8b-87b3-8cb3253f4f09] Created FlowFile[361,93427256189605.mockFlowFile,23B] from FlowFile[360,93427256189605.mockFlowFile,23B]; routing to relationship simple
[pool-2502-thread-1] INFO org.apache.nifi.processors.standard.RouteText - RouteText[id=24e84634-fdfb-4a8b-87b3-8cb3253f4f09] Routing FlowFile[360,93427256189605.mockFlowFile,23B] to original
[main] DEBUG org.apache.nifi.processors.standard.RouteText - RouteText[id=24e84634-fdfb-4a8b-87b3-8cb3253f4f09] Adding new dynamic property: PropertyDescriptor[simple]
[pool-2503-thread-1] INFO org.apache.nifi.processors.standard.RouteText - RouteText[id=24e84634-fdfb-4a8b-87b3-8cb3253f4f09] Created FlowFile[363,93427256758356.mockFlowFile,23B] from FlowFile[362,93427256758356.mockFlowFile,23B]; routing to relationship simple
[pool-2503-thread-1] INFO org.apache.nifi.processors.standard.RouteText - RouteText[id=24e84634-fdfb-4a8b-87b3-8cb3253f4f09] Routing FlowFile[362,93427256758356.mockFlowFile,23B] to original
[main] DEBUG org.apache.nifi.processors.standard.RouteText - RouteText[id=24e84634-fdfb-4a8b-87b3-8cb3253f4f09] Adding new dynamic property: PropertyDescriptor[simple]
[pool-2504-thread-1] INFO org.apache.nifi.processors.standard.RouteText - RouteText[id=24e84634-fdfb-4a8b-87b3-8cb3253f4f09] Created FlowFile[365,93427257327321.mockFlowFile,23B] from FlowFile[364,93427257327321.mockFlowFile,23B]; routing to relationship simple
[pool-2504-thread-1] INFO org.apache.nifi.processors.standard.RouteText - RouteText[id=24e84634-fdfb-4a8b-87b3-8cb3253f4f09] Routing FlowFile[364,93427257327321.mockFlowFile,23B] to original
[main] DEBUG org.apache.nifi.processors.standard.RouteText - RouteText[id=24e84634-fdfb-4a8b-87b3-8cb3253f4f09] Adding new dynamic property: PropertyDescriptor[simple]
[pool-2505-thread-1] INFO org.apache.nifi.processors.standard.RouteText - RouteText[id=24e84634-fdfb-4a8b-87b3-8cb3253f4f09] Created FlowFile[367,93427257899316.mockFlowFile,23B] from FlowFile[366,93427257899316.mockFlowFile,23B]; routing to relationship simple
[pool-2505-thread-1] INFO org.apache.nifi.processors.standard.RouteText - RouteText[id=24e84634-fdfb-4a8b-87b3-8cb3253f4f09] Routing FlowFile[366,93427257899316.mockFlowFile,23B] to original
[main] DEBUG org.apache.nifi.processors.standard.RouteText - RouteText[id=24e84634-fdfb-4a8b-87b3-8cb3253f4f09] Adding new dynamic property: PropertyDescriptor[simple]
[pool-2506-thread-1] INFO org.apache.nifi.processors.standard.RouteText - RouteText[id=24e84634-fdfb-4a8b-87b3-8cb3253f4f09] Created FlowFile[369,93427258426325.mockFlowFile,23B] from FlowFile[368,93427258426325.mockFlowFile,23B]; routing to relationship simple
[pool-2506-thread-1] INFO org.apache.nifi.processors.standard.RouteText - RouteText[id=24e84634-fdfb-4a8b-87b3-8cb3253f4f09] Routing FlowFile[368,93427258426325.mockFlowFile,23B] to original
[main] DEBUG org.apache.nifi.processors.standard.RouteText - RouteText[id=24e84634-fdfb-4a8b-87b3-8cb3253f4f09] Adding new dynamic property: PropertyDescriptor[simple]
[pool-2507-thread-1] INFO org.apache.nifi.processors.standard.RouteText - RouteText[id=24e84634-fdfb-4a8b-87b3-8cb3253f4f09] Created FlowFile[371,93427259062525.mockFlowFile,23B] from FlowFile[370,93427259062525.mockFlowFile,23B]; routing to relationship simple
[pool-2507-thread-1] INFO org.apache.nifi.processors.standard.RouteText - RouteText[id=24e84634-fdfb-4a8b-87b3-8cb3253f4f09] Routing FlowFile[370,93427259062525.mockFlowFile,23B] to original
[main] DEBUG org.apache.nifi.processors.standard.RouteText - RouteText[id=24e84634-fdfb-4a8b-87b3-8cb3253f4f09] Adding new dynamic property: PropertyDescriptor[simple]
[pool-2508-thread-1] INFO org.apache.nifi.processors.standard.RouteText - RouteText[id=24e84634-fdfb-4a8b-87b3-8cb3253f4f09] Created FlowFile[373,93427259639298.mockFlowFile,23B] from FlowFile[372,93427259639298.mockFlowFile,23B]; routing to relationship simple
[pool-2508-thread-1] INFO org.apache.nifi.processors.standard.RouteText - RouteText[id=24e84634-fdfb-4a8b-87b3-8cb3253f4f09] Routing FlowFile[372,93427259639298.mockFlowFile,23B] to original
[main] DEBUG org.apache.nifi.processors.standard.RouteText - RouteText[id=24e84634-fdfb-4a8b-87b3-8cb3253f4f09] Adding new dynamic property: PropertyDescriptor[simple]
[pool-2509-thread-1] INFO org.apache.nifi.processors.standard.RouteText - RouteText[id=24e84634-fdfb-4a8b-87b3-8cb3253f4f09] Created FlowFile[375,93427260278674.mockFlowFile,23B] from FlowFile[374,93427260278674.mockFlowFile,23B]; routing to relationship simple
[pool-2509-thread-1] INFO org.apache.nifi.processors.standard.RouteText - RouteText[id=24e84634-fdfb-4a8b-87b3-8cb3253f4f09] Routing FlowFile[374,93427260278674.mockFlowFile,23B] to original
[main] DEBUG org.apache.nifi.processors.standard.RouteText - RouteText[id=24e84634-fdfb-4a8b-87b3-8cb3253f4f09] Adding new dynamic property: PropertyDescriptor[simple]
[pool-2510-thread-1] INFO org.apache.nifi.processors.standard.RouteText - RouteText[id=24e84634-fdfb-4a8b-87b3-8cb3253f4f09] Created FlowFile[377,93427260875730.mockFlowFile,23B] from FlowFile[376,93427260875730.mockFlowFile,23B]; routing to relationship simple
[pool-2510-thread-1] INFO org.apache.nifi.processors.standard.RouteText - RouteText[id=24e84634-fdfb-4a8b-87b3-8cb3253f4f09] Routing FlowFile[376,93427260875730.mockFlowFile,23B] to original
[main] DEBUG org.apache.nifi.processors.standard.RouteText - RouteText[id=24e84634-fdfb-4a8b-87b3-8cb3253f4f09] Adding new dynamic property: PropertyDescriptor[simple]
[pool-2511-thread-1] INFO org.apache.nifi.processors.standard.RouteText - RouteText[id=24e84634-fdfb-4a8b-87b3-8cb3253f4f09] Created FlowFile[379,93427261721395.mockFlowFile,23B] from FlowFile[378,93427261721395.mockFlowFile,23B]; routing to relationship simple
[pool-2511-thread-1] INFO org.apache.nifi.processors.standard.RouteText - RouteText[id=24e84634-fdfb-4a8b-87b3-8cb3253f4f09] Routing FlowFile[378,93427261721395.mockFlowFile,23B] to original
[main] DEBUG org.apache.nifi.processors.standard.RouteText - RouteText[id=24e84634-fdfb-4a8b-87b3-8cb3253f4f09] Adding new dynamic property: PropertyDescriptor[simple]
[pool-2512-thread-1] INFO org.apache.nifi.processors.standard.RouteText - RouteText[id=24e84634-fdfb-4a8b-87b3-8cb3253f4f09] Created FlowFile[381,93427262311456.mockFlowFile,23B] from FlowFile[380,93427262311456.mockFlowFile,23B]; routing to relationship simple
[pool-2512-thread-1] INFO org.apache.nifi.processors.standard.RouteText - RouteText[id=24e84634-fdfb-4a8b-87b3-8cb3253f4f09] Routing FlowFile[380,93427262311456.mockFlowFile,23B] to original
[main] DEBUG org.apache.nifi.processors.standard.RouteText - RouteText[id=24e84634-fdfb-4a8b-87b3-8cb3253f4f09] Adding new dynamic property: PropertyDescriptor[simple]
[pool-2513-thread-1] INFO org.apache.nifi.processors.standard.RouteText - RouteText[id=24e84634-fdfb-4a8b-87b3-8cb3253f4f09] Created FlowFile[383,93427262903633.mockFlowFile,23B] from FlowFile[382,93427262903633.mockFlowFile,23B]; routing to relationship simple
[pool-2513-thread-1] INFO org.apache.nifi.processors.standard.RouteText - RouteText[id=24e84634-fdfb-4a8b-87b3-8cb3253f4f09] Routing FlowFile[382,93427262903633.mockFlowFile,23B] to original
[main] DEBUG org.apache.nifi.processors.standard.RouteText - RouteText[id=24e84634-fdfb-4a8b-87b3-8cb3253f4f09] Adding new dynamic property: PropertyDescriptor[simple]
[pool-2514-thread-1] INFO org.apache.nifi.processors.standard.RouteText - RouteText[id=24e84634-fdfb-4a8b-87b3-8cb3253f4f09] Created FlowFile[385,93427263460553.mockFlowFile,23B] from FlowFile[384,93427263460553.mockFlowFile,23B]; routing to relationship simple
[pool-2514-thread-1] INFO org.apache.nifi.processors.standard.RouteText - RouteText[id=24e84634-fdfb-4a8b-87b3-8cb3253f4f09] Routing FlowFile[384,93427263460553.mockFlowFile,23B] to original
[main] DEBUG org.apache.nifi.processors.standard.RouteText - RouteText[id=24e84634-fdfb-4a8b-87b3-8cb3253f4f09] Adding new dynamic property: PropertyDescriptor[simple]
[pool-2515-thread-1] INFO org.apache.nifi.processors.standard.RouteText - RouteText[id=24e84634-fdfb-4a8b-87b3-8cb3253f4f09] Created FlowFile[387,93427264086517.mockFlowFile,23B] from FlowFile[386,93427264086517.mockFlowFile,23B]; routing to relationship simple
[pool-2515-thread-1] INFO org.apache.nifi.processors.standard.RouteText - RouteText[id=24e84634-fdfb-4a8b-87b3-8cb3253f4f09] Routing FlowFile[386,93427264086517.mockFlowFile,23B] to original
[main] DEBUG org.apache.nifi.processors.standard.RouteText - RouteText[id=24e84634-fdfb-4a8b-87b3-8cb3253f4f09] Adding new dynamic property: PropertyDescriptor[simple]
[pool-2516-thread-1] INFO org.apache.nifi.processors.standard.RouteText - RouteText[id=24e84634-fdfb-4a8b-87b3-8cb3253f4f09] Created FlowFile[389,93427264706913.mockFlowFile,23B] from FlowFile[388,93427264706913.mockFlowFile,23B]; routing to relationship simple
[pool-2516-thread-1] INFO org.apache.nifi.processors.standard.RouteText - RouteText[id=24e84634-fdfb-4a8b-87b3-8cb3253f4f09] Routing FlowFile[388,93427264706913.mockFlowFile,23B] to original
[main] DEBUG org.apache.nifi.processors.standard.RouteText - RouteText[id=24e84634-fdfb-4a8b-87b3-8cb3253f4f09] Adding new dynamic property: PropertyDescriptor[simple]
[pool-2517-thread-1] INFO org.apache.nifi.processors.standard.RouteText - RouteText[id=24e84634-fdfb-4a8b-87b3-8cb3253f4f09] Created FlowFile[391,93427265468598.mockFlowFile,23B] from FlowFile[390,93427265468598.mockFlowFile,23B]; routing to relationship simple
[pool-2517-thread-1] INFO org.apache.nifi.processors.standard.RouteText - RouteText[id=24e84634-fdfb-4a8b-87b3-8cb3253f4f09] Routing FlowFile[390,93427265468598.mockFlowFile,23B] to original
[main] DEBUG org.apache.nifi.processors.standard.RouteText - RouteText[id=24e84634-fdfb-4a8b-87b3-8cb3253f4f09] Adding new dynamic property: PropertyDescriptor[simple]
[pool-2518-thread-1] INFO org.apache.nifi.processors.standard.RouteText - RouteText[id=24e84634-fdfb-4a8b-87b3-8cb3253f4f09] Created FlowFile[393,93427266281127.mockFlowFile,23B] from FlowFile[392,93427266281127.mockFlowFile,23B]; routing to relationship simple
[pool-2518-thread-1] INFO org.apache.nifi.processors.standard.RouteText - RouteText[id=24e84634-fdfb-4a8b-87b3-8cb3253f4f09] Routing FlowFile[392,93427266281127.mockFlowFile,23B] to original
[main] DEBUG org.apache.nifi.processors.standard.RouteText - RouteText[id=24e84634-fdfb-4a8b-87b3-8cb3253f4f09] Adding new dynamic property: PropertyDescriptor[simple]
[pool-2519-thread-1] INFO org.apache.nifi.processors.standard.RouteText - RouteText[id=24e84634-fdfb-4a8b-87b3-8cb3253f4f09] Created FlowFile[395,93427266865725.mockFlowFile,23B] from FlowFile[394,93427266865725.mockFlowFile,23B]; routing to relationship simple
[pool-2519-thread-1] INFO org.apache.nifi.processors.standard.RouteText - RouteText[id=24e84634-fdfb-4a8b-87b3-8cb3253f4f09] Routing FlowFile[394,93427266865725.mockFlowFile,23B] to original
[main] DEBUG org.apache.nifi.processors.standard.RouteText - RouteText[id=24e84634-fdfb-4a8b-87b3-8cb3253f4f09] Adding new dynamic property: PropertyDescriptor[simple]
[pool-2520-thread-1] INFO org.apache.nifi.processors.standard.RouteText - RouteText[id=24e84634-fdfb-4a8b-87b3-8cb3253f4f09] Created FlowFile[397,93427267428061.mockFlowFile,23B] from FlowFile[396,93427267428061.mockFlowFile,23B]; routing to relationship simple
[pool-2520-thread-1] INFO org.apache.nifi.processors.standard.RouteText - RouteText[id=24e84634-fdfb-4a8b-87b3-8cb3253f4f09] Routing FlowFile[396,93427267428061.mockFlowFile,23B] to original
[main] DEBUG org.apache.nifi.processors.standard.RouteText - RouteText[id=24e84634-fdfb-4a8b-87b3-8cb3253f4f09] Adding new dynamic property: PropertyDescriptor[simple]
[pool-2521-thread-1] INFO org.apache.nifi.processors.standard.RouteText - RouteText[id=24e84634-fdfb-4a8b-87b3-8cb3253f4f09] Created FlowFile[399,93427267978561.mockFlowFile,23B] from FlowFile[398,93427267978561.mockFlowFile,23B]; routing to relationship simple
[pool-2521-thread-1] INFO org.apache.nifi.processors.standard.RouteText - RouteText[id=24e84634-fdfb-4a8b-87b3-8cb3253f4f09] Routing FlowFile[398,93427267978561.mockFlowFile,23B] to original
[main] DEBUG org.apache.nifi.processors.standard.RouteText - RouteText[id=24e84634-fdfb-4a8b-87b3-8cb3253f4f09] Adding new dynamic property: PropertyDescriptor[simple]
[pool-2522-thread-1] INFO org.apache.nifi.processors.standard.RouteText - RouteText[id=24e84634-fdfb-4a8b-87b3-8cb3253f4f09] Created FlowFile[401,93427268602129.mockFlowFile,23B] from FlowFile[400,93427268602129.mockFlowFile,23B]; routing to relationship simple
[pool-2522-thread-1] INFO org.apache.nifi.processors.standard.RouteText - RouteText[id=24e84634-fdfb-4a8b-87b3-8cb3253f4f09] Routing FlowFile[400,93427268602129.mockFlowFile,23B] to original
[main] DEBUG org.apache.nifi.processors.standard.RouteText - RouteText[id=24e84634-fdfb-4a8b-87b3-8cb3253f4f09] Adding new dynamic property: PropertyDescriptor[simple]
[pool-2523-thread-1] INFO org.apache.nifi.processors.standard.RouteText - RouteText[id=24e84634-fdfb-4a8b-87b3-8cb3253f4f09] Created FlowFile[403,93427269204194.mockFlowFile,23B] from FlowFile[402,93427269204194.mockFlowFile,23B]; routing to relationship simple
[pool-2523-thread-1] INFO org.apache.nifi.processors.standard.RouteText - RouteText[id=24e84634-fdfb-4a8b-87b3-8cb3253f4f09] Routing FlowFile[402,93427269204194.mockFlowFile,23B] to original
[main] DEBUG org.apache.nifi.processors.standard.RouteText - RouteText[id=24e84634-fdfb-4a8b-87b3-8cb3253f4f09] Adding new dynamic property: PropertyDescriptor[simple]
[pool-2524-thread-1] INFO org.apache.nifi.processors.standard.RouteText - RouteText[id=24e84634-fdfb-4a8b-87b3-8cb3253f4f09] Created FlowFile[405,93427269790571.mockFlowFile,23B] from FlowFile[404,93427269790571.mockFlowFile,23B]; routing to relationship simple
[pool-2524-thread-1] INFO org.apache.nifi.processors.standard.RouteText - RouteText[id=24e84634-fdfb-4a8b-87b3-8cb3253f4f09] Routing FlowFile[404,93427269790571.mockFlowFile,23B] to original
[main] DEBUG org.apache.nifi.processors.standard.RouteText - RouteText[id=24e84634-fdfb-4a8b-87b3-8cb3253f4f09] Adding new dynamic property: PropertyDescriptor[simple]
[pool-2525-thread-1] INFO org.apache.nifi.processors.standard.RouteText - RouteText[id=24e84634-fdfb-4a8b-87b3-8cb3253f4f09] Created FlowFile[407,93427270361573.mockFlowFile,23B] from FlowFile[406,93427270361573.mockFlowFile,23B]; routing to relationship simple
[pool-2525-thread-1] INFO org.apache.nifi.processors.standard.RouteText - RouteText[id=24e84634-fdfb-4a8b-87b3-8cb3253f4f09] Routing FlowFile[406,93427270361573.mockFlowFile,23B] to original
[main] DEBUG org.apache.nifi.processors.standard.RouteText - RouteText[id=24e84634-fdfb-4a8b-87b3-8cb3253f4f09] Adding new dynamic property: PropertyDescriptor[simple]
[pool-2526-thread-1] INFO org.apache.nifi.processors.standard.RouteText - RouteText[id=24e84634-fdfb-4a8b-87b3-8cb3253f4f09] Created FlowFile[409,93427270898390.mockFlowFile,23B] from FlowFile[408,93427270898390.mockFlowFile,23B]; routing to relationship simple
[pool-2526-thread-1] INFO org.apache.nifi.processors.standard.RouteText - RouteText[id=24e84634-fdfb-4a8b-87b3-8cb3253f4f09] Routing FlowFile[408,93427270898390.mockFlowFile,23B] to original
[main] DEBUG org.apache.nifi.processors.standard.RouteText - RouteText[id=24e84634-fdfb-4a8b-87b3-8cb3253f4f09] Adding new dynamic property: PropertyDescriptor[simple]
[pool-2527-thread-1] INFO org.apache.nifi.processors.standard.RouteText - RouteText[id=24e84634-fdfb-4a8b-87b3-8cb3253f4f09] Created FlowFile[411,93427271430156.mockFlowFile,23B] from FlowFile[410,93427271430156.mockFlowFile,23B]; routing to relationship simple
[pool-2527-thread-1] INFO org.apache.nifi.processors.standard.RouteText - RouteText[id=24e84634-fdfb-4a8b-87b3-8cb3253f4f09] Routing FlowFile[410,93427271430156.mockFlowFile,23B] to original
[main] DEBUG org.apache.nifi.processors.standard.RouteText - RouteText[id=24e84634-fdfb-4a8b-87b3-8cb3253f4f09] Adding new dynamic property: PropertyDescriptor[simple]
[pool-2528-thread-1] INFO org.apache.nifi.processors.standard.RouteText - RouteText[id=24e84634-fdfb-4a8b-87b3-8cb3253f4f09] Created FlowFile[413,93427271953765.mockFlowFile,23B] from FlowFile[412,93427271953765.mockFlowFile,23B]; routing to relationship simple
[pool-2528-thread-1] INFO org.apache.nifi.processors.standard.RouteText - RouteText[id=24e84634-fdfb-4a8b-87b3-8cb3253f4f09] Routing FlowFile[412,93427271953765.mockFlowFile,23B] to original
[main] DEBUG org.apache.nifi.processors.standard.RouteText - RouteText[id=24e84634-fdfb-4a8b-87b3-8cb3253f4f09] Adding new dynamic property: PropertyDescriptor[simple]
[pool-2529-thread-1] INFO org.apache.nifi.processors.standard.RouteText - RouteText[id=24e84634-fdfb-4a8b-87b3-8cb3253f4f09] Created FlowFile[415,93427272464687.mockFlowFile,23B] from FlowFile[414,93427272464687.mockFlowFile,23B]; routing to relationship simple
[pool-2529-thread-1] INFO org.apache.nifi.processors.standard.RouteText - RouteText[id=24e84634-fdfb-4a8b-87b3-8cb3253f4f09] Routing FlowFile[414,93427272464687.mockFlowFile,23B] to original
[main] DEBUG org.apache.nifi.processors.standard.RouteText - RouteText[id=24e84634-fdfb-4a8b-87b3-8cb3253f4f09] Adding new dynamic property: PropertyDescriptor[simple]
[pool-2530-thread-1] INFO org.apache.nifi.processors.standard.RouteText - RouteText[id=24e84634-fdfb-4a8b-87b3-8cb3253f4f09] Created FlowFile[417,93427273075952.mockFlowFile,23B] from FlowFile[416,93427273075952.mockFlowFile,23B]; routing to relationship simple
[pool-2530-thread-1] INFO org.apache.nifi.processors.standard.RouteText - RouteText[id=24e84634-fdfb-4a8b-87b3-8cb3253f4f09] Routing FlowFile[416,93427273075952.mockFlowFile,23B] to original
[main] DEBUG org.apache.nifi.processors.standard.RouteText - RouteText[id=24e84634-fdfb-4a8b-87b3-8cb3253f4f09] Adding new dynamic property: PropertyDescriptor[simple]
[pool-2531-thread-1] INFO org.apache.nifi.processors.standard.RouteText - RouteText[id=24e84634-fdfb-4a8b-87b3-8cb3253f4f09] Created FlowFile[419,93427273602772.mockFlowFile,23B] from FlowFile[418,93427273602772.mockFlowFile,23B]; routing to relationship simple
[pool-2531-thread-1] INFO org.apache.nifi.processors.standard.RouteText - RouteText[id=24e84634-fdfb-4a8b-87b3-8cb3253f4f09] Routing FlowFile[418,93427273602772.mockFlowFile,23B] to original
[main] DEBUG org.apache.nifi.processors.standard.RouteText - RouteText[id=24e84634-fdfb-4a8b-87b3-8cb3253f4f09] Adding new dynamic property: PropertyDescriptor[simple]
[pool-2532-thread-1] INFO org.apache.nifi.processors.standard.RouteText - RouteText[id=24e84634-fdfb-4a8b-87b3-8cb3253f4f09] Created FlowFile[421,93427274115723.mockFlowFile,23B] from FlowFile[420,93427274115723.mockFlowFile,23B]; routing to relationship simple
[pool-2532-thread-1] INFO org.apache.nifi.processors.standard.RouteText - RouteText[id=24e84634-fdfb-4a8b-87b3-8cb3253f4f09] Routing FlowFile[420,93427274115723.mockFlowFile,23B] to original
[main] DEBUG org.apache.nifi.processors.standard.RouteText - RouteText[id=24e84634-fdfb-4a8b-87b3-8cb3253f4f09] Adding new dynamic property: PropertyDescriptor[simple]
[pool-2533-thread-1] INFO org.apache.nifi.processors.standard.RouteText - RouteText[id=24e84634-fdfb-4a8b-87b3-8cb3253f4f09] Created FlowFile[423,93427274629146.mockFlowFile,23B] from FlowFile[422,93427274629146.mockFlowFile,23B]; routing to relationship simple
[pool-2533-thread-1] INFO org.apache.nifi.processors.standard.RouteText - RouteText[id=24e84634-fdfb-4a8b-87b3-8cb3253f4f09] Routing FlowFile[422,93427274629146.mockFlowFile,23B] to original
[main] DEBUG org.apache.nifi.processors.standard.RouteText - RouteText[id=24e84634-fdfb-4a8b-87b3-8cb3253f4f09] Adding new dynamic property: PropertyDescriptor[simple]
[pool-2534-thread-1] INFO org.apache.nifi.processors.standard.RouteText - RouteText[id=24e84634-fdfb-4a8b-87b3-8cb3253f4f09] Created FlowFile[425,93427275121494.mockFlowFile,23B] from FlowFile[424,93427275121494.mockFlowFile,23B]; routing to relationship simple
[pool-2534-thread-1] INFO org.apache.nifi.processors.standard.RouteText - RouteText[id=24e84634-fdfb-4a8b-87b3-8cb3253f4f09] Routing FlowFile[424,93427275121494.mockFlowFile,23B] to original
[main] DEBUG org.apache.nifi.processors.standard.RouteText - RouteText[id=24e84634-fdfb-4a8b-87b3-8cb3253f4f09] Adding new dynamic property: PropertyDescriptor[simple]
[pool-2535-thread-1] INFO org.apache.nifi.processors.standard.RouteText - RouteText[id=24e84634-fdfb-4a8b-87b3-8cb3253f4f09] Created FlowFile[427,93427275613348.mockFlowFile,23B] from FlowFile[426,93427275613348.mockFlowFile,23B]; routing to relationship simple
[pool-2535-thread-1] INFO org.apache.nifi.processors.standard.RouteText - RouteText[id=24e84634-fdfb-4a8b-87b3-8cb3253f4f09] Routing FlowFile[426,93427275613348.mockFlowFile,23B] to original
[main] DEBUG org.apache.nifi.processors.standard.RouteText - RouteText[id=24e84634-fdfb-4a8b-87b3-8cb3253f4f09] Adding new dynamic property: PropertyDescriptor[simple]
[pool-2536-thread-1] INFO org.apache.nifi.processors.standard.RouteText - RouteText[id=24e84634-fdfb-4a8b-87b3-8cb3253f4f09] Created FlowFile[429,93427276121142.mockFlowFile,23B] from FlowFile[428,93427276121142.mockFlowFile,23B]; routing to relationship simple
[pool-2536-thread-1] INFO org.apache.nifi.processors.standard.RouteText - RouteText[id=24e84634-fdfb-4a8b-87b3-8cb3253f4f09] Routing FlowFile[428,93427276121142.mockFlowFile,23B] to original
[main] DEBUG org.apache.nifi.processors.standard.RouteText - RouteText[id=24e84634-fdfb-4a8b-87b3-8cb3253f4f09] Adding new dynamic property: PropertyDescriptor[simple]
[pool-2537-thread-1] INFO org.apache.nifi.processors.standard.RouteText - RouteText[id=24e84634-fdfb-4a8b-87b3-8cb3253f4f09] Created FlowFile[431,93427276755851.mockFlowFile,23B] from FlowFile[430,93427276755851.mockFlowFile,23B]; routing to relationship simple
[pool-2537-thread-1] INFO org.apache.nifi.processors.standard.RouteText - RouteText[id=24e84634-fdfb-4a8b-87b3-8cb3253f4f09] Routing FlowFile[430,93427276755851.mockFlowFile,23B] to original
[main] DEBUG org.apache.nifi.processors.standard.RouteText - RouteText[id=24e84634-fdfb-4a8b-87b3-8cb3253f4f09] Adding new dynamic property: PropertyDescriptor[simple]
[pool-2538-thread-1] INFO org.apache.nifi.processors.standard.RouteText - RouteText[id=24e84634-fdfb-4a8b-87b3-8cb3253f4f09] Created FlowFile[433,93427277308202.mockFlowFile,23B] from FlowFile[432,93427277308202.mockFlowFile,23B]; routing to relationship simple
[pool-2538-thread-1] INFO org.apache.nifi.processors.standard.RouteText - RouteText[id=24e84634-fdfb-4a8b-87b3-8cb3253f4f09] Routing FlowFile[432,93427277308202.mockFlowFile,23B] to original
[main] DEBUG org.apache.nifi.processors.standard.RouteText - RouteText[id=24e84634-fdfb-4a8b-87b3-8cb3253f4f09] Adding new dynamic property: PropertyDescriptor[simple]
[pool-2539-thread-1] INFO org.apache.nifi.processors.standard.RouteText - RouteText[id=24e84634-fdfb-4a8b-87b3-8cb3253f4f09] Created FlowFile[435,93427277874476.mockFlowFile,23B] from FlowFile[434,93427277874476.mockFlowFile,23B]; routing to relationship simple
[pool-2539-thread-1] INFO org.apache.nifi.processors.standard.RouteText - RouteText[id=24e84634-fdfb-4a8b-87b3-8cb3253f4f09] Routing FlowFile[434,93427277874476.mockFlowFile,23B] to original
[main] DEBUG org.apache.nifi.processors.standard.RouteText - RouteText[id=24e84634-fdfb-4a8b-87b3-8cb3253f4f09] Adding new dynamic property: PropertyDescriptor[simple]
[pool-2540-thread-1] INFO org.apache.nifi.processors.standard.RouteText - RouteText[id=24e84634-fdfb-4a8b-87b3-8cb3253f4f09] Created FlowFile[437,93427278417884.mockFlowFile,23B] from FlowFile[436,93427278417884.mockFlowFile,23B]; routing to relationship simple
[pool-2540-thread-1] INFO org.apache.nifi.processors.standard.RouteText - RouteText[id=24e84634-fdfb-4a8b-87b3-8cb3253f4f09] Routing FlowFile[436,93427278417884.mockFlowFile,23B] to original
[main] DEBUG org.apache.nifi.processors.standard.RouteText - RouteText[id=24e84634-fdfb-4a8b-87b3-8cb3253f4f09] Adding new dynamic property: PropertyDescriptor[simple]
[pool-2541-thread-1] INFO org.apache.nifi.processors.standard.RouteText - RouteText[id=24e84634-fdfb-4a8b-87b3-8cb3253f4f09] Created FlowFile[439,93427278993414.mockFlowFile,23B] from FlowFile[438,93427278993414.mockFlowFile,23B]; routing to relationship simple
[pool-2541-thread-1] INFO org.apache.nifi.processors.standard.RouteText - RouteText[id=24e84634-fdfb-4a8b-87b3-8cb3253f4f09] Routing FlowFile[438,93427278993414.mockFlowFile,23B] to original
[main] DEBUG org.apache.nifi.processors.standard.RouteText - RouteText[id=24e84634-fdfb-4a8b-87b3-8cb3253f4f09] Adding new dynamic property: PropertyDescriptor[simple]
[pool-2542-thread-1] INFO org.apache.nifi.processors.standard.RouteText - RouteText[id=24e84634-fdfb-4a8b-87b3-8cb3253f4f09] Created FlowFile[441,93427279499084.mockFlowFile,23B] from FlowFile[440,93427279499084.mockFlowFile,23B]; routing to relationship simple
[pool-2542-thread-1] INFO org.apache.nifi.processors.standard.RouteText - RouteText[id=24e84634-fdfb-4a8b-87b3-8cb3253f4f09] Routing FlowFile[440,93427279499084.mockFlowFile,23B] to original
[main] DEBUG org.apache.nifi.processors.standard.RouteText - RouteText[id=24e84634-fdfb-4a8b-87b3-8cb3253f4f09] Adding new dynamic property: PropertyDescriptor[simple]
[pool-2543-thread-1] INFO org.apache.nifi.processors.standard.RouteText - RouteText[id=24e84634-fdfb-4a8b-87b3-8cb3253f4f09] Created FlowFile[443,93427280013948.mockFlowFile,23B] from FlowFile[442,93427280013948.mockFlowFile,23B]; routing to relationship simple
[pool-2543-thread-1] INFO org.apache.nifi.processors.standard.RouteText - RouteText[id=24e84634-fdfb-4a8b-87b3-8cb3253f4f09] Routing FlowFile[442,93427280013948.mockFlowFile,23B] to original
[main] DEBUG org.apache.nifi.processors.standard.RouteText - RouteText[id=24e84634-fdfb-4a8b-87b3-8cb3253f4f09] Adding new dynamic property: PropertyDescriptor[simple]
[pool-2544-thread-1] INFO org.apache.nifi.processors.standard.RouteText - RouteText[id=24e84634-fdfb-4a8b-87b3-8cb3253f4f09] Created FlowFile[445,93427280460483.mockFlowFile,23B] from FlowFile[444,93427280460483.mockFlowFile,23B]; routing to relationship simple
[pool-2544-thread-1] INFO org.apache.nifi.processors.standard.RouteText - RouteText[id=24e84634-fdfb-4a8b-87b3-8cb3253f4f09] Routing FlowFile[444,93427280460483.mockFlowFile,23B] to original
[main] DEBUG org.apache.nifi.processors.standard.RouteText - RouteText[id=24e84634-fdfb-4a8b-87b3-8cb3253f4f09] Adding new dynamic property: PropertyDescriptor[simple]
[pool-2545-thread-1] INFO org.apache.nifi.processors.standard.RouteText - RouteText[id=24e84634-fdfb-4a8b-87b3-8cb3253f4f09] Created FlowFile[447,93427281030633.mockFlowFile,23B] from FlowFile[446,93427281030633.mockFlowFile,23B]; routing to relationship simple
[pool-2545-thread-1] INFO org.apache.nifi.processors.standard.RouteText - RouteText[id=24e84634-fdfb-4a8b-87b3-8cb3253f4f09] Routing FlowFile[446,93427281030633.mockFlowFile,23B] to original
[main] DEBUG org.apache.nifi.processors.standard.RouteText - RouteText[id=24e84634-fdfb-4a8b-87b3-8cb3253f4f09] Adding new dynamic property: PropertyDescriptor[simple]
[pool-2546-thread-1] INFO org.apache.nifi.processors.standard.RouteText - RouteText[id=24e84634-fdfb-4a8b-87b3-8cb3253f4f09] Created FlowFile[449,93427281589949.mockFlowFile,23B] from FlowFile[448,93427281589949.mockFlowFile,23B]; routing to relationship simple
[pool-2546-thread-1] INFO org.apache.nifi.processors.standard.RouteText - RouteText[id=24e84634-fdfb-4a8b-87b3-8cb3253f4f09] Routing FlowFile[448,93427281589949.mockFlowFile,23B] to original
[main] DEBUG org.apache.nifi.processors.standard.RouteText - RouteText[id=24e84634-fdfb-4a8b-87b3-8cb3253f4f09] Adding new dynamic property: PropertyDescriptor[simple]
[pool-2547-thread-1] INFO org.apache.nifi.processors.standard.RouteText - RouteText[id=24e84634-fdfb-4a8b-87b3-8cb3253f4f09] Created FlowFile[451,93427282137283.mockFlowFile,23B] from FlowFile[450,93427282137283.mockFlowFile,23B]; routing to relationship simple
[pool-2547-thread-1] INFO org.apache.nifi.processors.standard.RouteText - RouteText[id=24e84634-fdfb-4a8b-87b3-8cb3253f4f09] Routing FlowFile[450,93427282137283.mockFlowFile,23B] to original
[main] DEBUG org.apache.nifi.processors.standard.RouteText - RouteText[id=24e84634-fdfb-4a8b-87b3-8cb3253f4f09] Adding new dynamic property: PropertyDescriptor[simple]
[pool-2548-thread-1] INFO org.apache.nifi.processors.standard.RouteText - RouteText[id=24e84634-fdfb-4a8b-87b3-8cb3253f4f09] Created FlowFile[453,93427282637608.mockFlowFile,23B] from FlowFile[452,93427282637608.mockFlowFile,23B]; routing to relationship simple
[pool-2548-thread-1] INFO org.apache.nifi.processors.standard.RouteText - RouteText[id=24e84634-fdfb-4a8b-87b3-8cb3253f4f09] Routing FlowFile[452,93427282637608.mockFlowFile,23B] to original
[main] DEBUG org.apache.nifi.processors.standard.RouteText - RouteText[id=24e84634-fdfb-4a8b-87b3-8cb3253f4f09] Adding new dynamic property: PropertyDescriptor[simple]
[pool-2549-thread-1] INFO org.apache.nifi.processors.standard.RouteText - RouteText[id=24e84634-fdfb-4a8b-87b3-8cb3253f4f09] Created FlowFile[455,93427283266092.mockFlowFile,23B] from FlowFile[454,93427283266092.mockFlowFile,23B]; routing to relationship simple
[pool-2549-thread-1] INFO org.apache.nifi.processors.standard.RouteText - RouteText[id=24e84634-fdfb-4a8b-87b3-8cb3253f4f09] Routing FlowFile[454,93427283266092.mockFlowFile,23B] to original
[main] DEBUG org.apache.nifi.processors.standard.RouteText - RouteText[id=24e84634-fdfb-4a8b-87b3-8cb3253f4f09] Adding new dynamic property: PropertyDescriptor[simple]
[pool-2550-thread-1] INFO org.apache.nifi.processors.standard.RouteText - RouteText[id=24e84634-fdfb-4a8b-87b3-8cb3253f4f09] Created FlowFile[457,93427283857857.mockFlowFile,23B] from FlowFile[456,93427283857857.mockFlowFile,23B]; routing to relationship simple
[pool-2550-thread-1] INFO org.apache.nifi.processors.standard.RouteText - RouteText[id=24e84634-fdfb-4a8b-87b3-8cb3253f4f09] Routing FlowFile[456,93427283857857.mockFlowFile,23B] to original
[main] DEBUG org.apache.nifi.processors.standard.RouteText - RouteText[id=24e84634-fdfb-4a8b-87b3-8cb3253f4f09] Adding new dynamic property: PropertyDescriptor[simple]
[pool-2551-thread-1] INFO org.apache.nifi.processors.standard.RouteText - RouteText[id=24e84634-fdfb-4a8b-87b3-8cb3253f4f09] Created FlowFile[459,93427284365223.mockFlowFile,23B] from FlowFile[458,93427284365223.mockFlowFile,23B]; routing to relationship simple
[pool-2551-thread-1] INFO org.apache.nifi.processors.standard.RouteText - RouteText[id=24e84634-fdfb-4a8b-87b3-8cb3253f4f09] Routing FlowFile[458,93427284365223.mockFlowFile,23B] to original
[main] DEBUG org.apache.nifi.processors.standard.RouteText - RouteText[id=24e84634-fdfb-4a8b-87b3-8cb3253f4f09] Adding new dynamic property: PropertyDescriptor[simple]
[pool-2552-thread-1] INFO org.apache.nifi.processors.standard.RouteText - RouteText[id=24e84634-fdfb-4a8b-87b3-8cb3253f4f09] Created FlowFile[461,93427284865246.mockFlowFile,23B] from FlowFile[460,93427284865246.mockFlowFile,23B]; routing to relationship simple
[pool-2552-thread-1] INFO org.apache.nifi.processors.standard.RouteText - RouteText[id=24e84634-fdfb-4a8b-87b3-8cb3253f4f09] Routing FlowFile[460,93427284865246.mockFlowFile,23B] to original
[main] DEBUG org.apache.nifi.processors.standard.RouteText - RouteText[id=24e84634-fdfb-4a8b-87b3-8cb3253f4f09] Adding new dynamic property: PropertyDescriptor[simple]
[pool-2553-thread-1] INFO org.apache.nifi.processors.standard.RouteText - RouteText[id=24e84634-fdfb-4a8b-87b3-8cb3253f4f09] Created FlowFile[463,93427285353513.mockFlowFile,23B] from FlowFile[462,93427285353513.mockFlowFile,23B]; routing to relationship simple
[pool-2553-thread-1] INFO org.apache.nifi.processors.standard.RouteText - RouteText[id=24e84634-fdfb-4a8b-87b3-8cb3253f4f09] Routing FlowFile[462,93427285353513.mockFlowFile,23B] to original
[main] DEBUG org.apache.nifi.processors.standard.RouteText - RouteText[id=24e84634-fdfb-4a8b-87b3-8cb3253f4f09] Adding new dynamic property: PropertyDescriptor[simple]
[pool-2554-thread-1] INFO org.apache.nifi.processors.standard.RouteText - RouteText[id=24e84634-fdfb-4a8b-87b3-8cb3253f4f09] Created FlowFile[465,93427285855936.mockFlowFile,23B] from FlowFile[464,93427285855936.mockFlowFile,23B]; routing to relationship simple
[pool-2554-thread-1] INFO org.apache.nifi.processors.standard.RouteText - RouteText[id=24e84634-fdfb-4a8b-87b3-8cb3253f4f09] Routing FlowFile[464,93427285855936.mockFlowFile,23B] to original
[main] DEBUG org.apache.nifi.processors.standard.RouteText - RouteText[id=24e84634-fdfb-4a8b-87b3-8cb3253f4f09] Adding new dynamic property: PropertyDescriptor[simple]
[pool-2555-thread-1] INFO org.apache.nifi.processors.standard.RouteText - RouteText[id=24e84634-fdfb-4a8b-87b3-8cb3253f4f09] Created FlowFile[467,93427286362136.mockFlowFile,23B] from FlowFile[466,93427286362136.mockFlowFile,23B]; routing to relationship simple
[pool-2555-thread-1] INFO org.apache.nifi.processors.standard.RouteText - RouteText[id=24e84634-fdfb-4a8b-87b3-8cb3253f4f09] Routing FlowFile[466,93427286362136.mockFlowFile,23B] to original
[main] DEBUG org.apache.nifi.processors.standard.RouteText - RouteText[id=24e84634-fdfb-4a8b-87b3-8cb3253f4f09] Adding new dynamic property: PropertyDescriptor[simple]
[pool-2556-thread-1] INFO org.apache.nifi.processors.standard.RouteText - RouteText[id=24e84634-fdfb-4a8b-87b3-8cb3253f4f09] Created FlowFile[469,93427286886721.mockFlowFile,23B] from FlowFile[468,93427286886721.mockFlowFile,23B]; routing to relationship simple
[pool-2556-thread-1] INFO org.apache.nifi.processors.standard.RouteText - RouteText[id=24e84634-fdfb-4a8b-87b3-8cb3253f4f09] Routing FlowFile[468,93427286886721.mockFlowFile,23B] to original
[main] DEBUG org.apache.nifi.processors.standard.RouteText - RouteText[id=24e84634-fdfb-4a8b-87b3-8cb3253f4f09] Adding new dynamic property: PropertyDescriptor[simple]
[pool-2557-thread-1] INFO org.apache.nifi.processors.standard.RouteText - RouteText[id=24e84634-fdfb-4a8b-87b3-8cb3253f4f09] Created FlowFile[471,93427287427603.mockFlowFile,23B] from FlowFile[470,93427287427603.mockFlowFile,23B]; routing to relationship simple
[pool-2557-thread-1] INFO org.apache.nifi.processors.standard.RouteText - RouteText[id=24e84634-fdfb-4a8b-87b3-8cb3253f4f09] Routing FlowFile[470,93427287427603.mockFlowFile,23B] to original
[main] DEBUG org.apache.nifi.processors.standard.RouteText - RouteText[id=24e84634-fdfb-4a8b-87b3-8cb3253f4f09] Adding new dynamic property: PropertyDescriptor[simple]
[pool-2558-thread-1] INFO org.apache.nifi.processors.standard.RouteText - RouteText[id=24e84634-fdfb-4a8b-87b3-8cb3253f4f09] Created FlowFile[473,93427288351595.mockFlowFile,23B] from FlowFile[472,93427288351595.mockFlowFile,23B]; routing to relationship simple
[pool-2558-thread-1] INFO org.apache.nifi.processors.standard.RouteText - RouteText[id=24e84634-fdfb-4a8b-87b3-8cb3253f4f09] Routing FlowFile[472,93427288351595.mockFlowFile,23B] to original
[main] DEBUG org.apache.nifi.processors.standard.RouteText - RouteText[id=24e84634-fdfb-4a8b-87b3-8cb3253f4f09] Adding new dynamic property: PropertyDescriptor[simple]
[pool-2559-thread-1] INFO org.apache.nifi.processors.standard.RouteText - RouteText[id=24e84634-fdfb-4a8b-87b3-8cb3253f4f09] Created FlowFile[475,93427288902056.mockFlowFile,23B] from FlowFile[474,93427288902056.mockFlowFile,23B]; routing to relationship simple
[pool-2559-thread-1] INFO org.apache.nifi.processors.standard.RouteText - RouteText[id=24e84634-fdfb-4a8b-87b3-8cb3253f4f09] Routing FlowFile[474,93427288902056.mockFlowFile,23B] to original
[main] DEBUG org.apache.nifi.processors.standard.RouteText - RouteText[id=24e84634-fdfb-4a8b-87b3-8cb3253f4f09] Adding new dynamic property: PropertyDescriptor[simple]
[pool-2560-thread-1] INFO org.apache.nifi.processors.standard.RouteText - RouteText[id=24e84634-fdfb-4a8b-87b3-8cb3253f4f09] Created FlowFile[477,93427289531647.mockFlowFile,23B] from FlowFile[476,93427289531647.mockFlowFile,23B]; routing to relationship simple
[pool-2560-thread-1] INFO org.apache.nifi.processors.standard.RouteText - RouteText[id=24e84634-fdfb-4a8b-87b3-8cb3253f4f09] Routing FlowFile[476,93427289531647.mockFlowFile,23B] to original
[main] DEBUG org.apache.nifi.processors.standard.RouteText - RouteText[id=24e84634-fdfb-4a8b-87b3-8cb3253f4f09] Adding new dynamic property: PropertyDescriptor[simple]
[pool-2561-thread-1] INFO org.apache.nifi.processors.standard.RouteText - RouteText[id=24e84634-fdfb-4a8b-87b3-8cb3253f4f09] Created FlowFile[479,93427290055492.mockFlowFile,23B] from FlowFile[478,93427290055492.mockFlowFile,23B]; routing to relationship simple
[pool-2561-thread-1] INFO org.apache.nifi.processors.standard.RouteText - RouteText[id=24e84634-fdfb-4a8b-87b3-8cb3253f4f09] Routing FlowFile[478,93427290055492.mockFlowFile,23B] to original
[main] DEBUG org.apache.nifi.processors.standard.RouteText - RouteText[id=24e84634-fdfb-4a8b-87b3-8cb3253f4f09] Adding new dynamic property: PropertyDescriptor[simple]
[pool-2562-thread-1] INFO org.apache.nifi.processors.standard.RouteText - RouteText[id=24e84634-fdfb-4a8b-87b3-8cb3253f4f09] Created FlowFile[481,93427290566214.mockFlowFile,23B] from FlowFile[480,93427290566214.mockFlowFile,23B]; routing to relationship simple
[pool-2562-thread-1] INFO org.apache.nifi.processors.standard.RouteText - RouteText[id=24e84634-fdfb-4a8b-87b3-8cb3253f4f09] Routing FlowFile[480,93427290566214.mockFlowFile,23B] to original
[main] DEBUG org.apache.nifi.processors.standard.RouteText - RouteText[id=24e84634-fdfb-4a8b-87b3-8cb3253f4f09] Adding new dynamic property: PropertyDescriptor[simple]
[pool-2563-thread-1] INFO org.apache.nifi.processors.standard.RouteText - RouteText[id=24e84634-fdfb-4a8b-87b3-8cb3253f4f09] Created FlowFile[483,93427291059013.mockFlowFile,23B] from FlowFile[482,93427291059013.mockFlowFile,23B]; routing to relationship simple
[pool-2563-thread-1] INFO org.apache.nifi.processors.standard.RouteText - RouteText[id=24e84634-fdfb-4a8b-87b3-8cb3253f4f09] Routing FlowFile[482,93427291059013.mockFlowFile,23B] to original
[main] DEBUG org.apache.nifi.processors.standard.RouteText - RouteText[id=24e84634-fdfb-4a8b-87b3-8cb3253f4f09] Adding new dynamic property: PropertyDescriptor[simple]
[pool-2564-thread-1] INFO org.apache.nifi.processors.standard.RouteText - RouteText[id=24e84634-fdfb-4a8b-87b3-8cb3253f4f09] Created FlowFile[485,93427291611478.mockFlowFile,23B] from FlowFile[484,93427291611478.mockFlowFile,23B]; routing to relationship simple
[pool-2564-thread-1] INFO org.apache.nifi.processors.standard.RouteText - RouteText[id=24e84634-fdfb-4a8b-87b3-8cb3253f4f09] Routing FlowFile[484,93427291611478.mockFlowFile,23B] to original
[main] DEBUG org.apache.nifi.processors.standard.RouteText - RouteText[id=24e84634-fdfb-4a8b-87b3-8cb3253f4f09] Adding new dynamic property: PropertyDescriptor[simple]
[pool-2565-thread-1] INFO org.apache.nifi.processors.standard.RouteText - RouteText[id=24e84634-fdfb-4a8b-87b3-8cb3253f4f09] Created FlowFile[487,93427292111057.mockFlowFile,23B] from FlowFile[486,93427292111057.mockFlowFile,23B]; routing to relationship simple
[pool-2565-thread-1] INFO org.apache.nifi.processors.standard.RouteText - RouteText[id=24e84634-fdfb-4a8b-87b3-8cb3253f4f09] Routing FlowFile[486,93427292111057.mockFlowFile,23B] to original
[main] DEBUG org.apache.nifi.processors.standard.RouteText - RouteText[id=24e84634-fdfb-4a8b-87b3-8cb3253f4f09] Adding new dynamic property: PropertyDescriptor[simple]
[pool-2566-thread-1] INFO org.apache.nifi.processors.standard.RouteText - RouteText[id=24e84634-fdfb-4a8b-87b3-8cb3253f4f09] Created FlowFile[489,93427292689705.mockFlowFile,23B] from FlowFile[488,93427292689705.mockFlowFile,23B]; routing to relationship simple
[pool-2566-thread-1] INFO org.apache.nifi.processors.standard.RouteText - RouteText[id=24e84634-fdfb-4a8b-87b3-8cb3253f4f09] Routing FlowFile[488,93427292689705.mockFlowFile,23B] to original
[main] DEBUG org.apache.nifi.processors.standard.RouteText - RouteText[id=24e84634-fdfb-4a8b-87b3-8cb3253f4f09] Adding new dynamic property: PropertyDescriptor[simple]
[pool-2567-thread-1] INFO org.apache.nifi.processors.standard.RouteText - RouteText[id=24e84634-fdfb-4a8b-87b3-8cb3253f4f09] Created FlowFile[491,93427293231150.mockFlowFile,23B] from FlowFile[490,93427293231150.mockFlowFile,23B]; routing to relationship simple
[pool-2567-thread-1] INFO org.apache.nifi.processors.standard.RouteText - RouteText[id=24e84634-fdfb-4a8b-87b3-8cb3253f4f09] Routing FlowFile[490,93427293231150.mockFlowFile,23B] to original
[main] DEBUG org.apache.nifi.processors.standard.RouteText - RouteText[id=24e84634-fdfb-4a8b-87b3-8cb3253f4f09] Adding new dynamic property: PropertyDescriptor[simple]
[pool-2568-thread-1] INFO org.apache.nifi.processors.standard.RouteText - RouteText[id=24e84634-fdfb-4a8b-87b3-8cb3253f4f09] Created FlowFile[493,93427293944837.mockFlowFile,23B] from FlowFile[492,93427293944837.mockFlowFile,23B]; routing to relationship simple
[pool-2568-thread-1] INFO org.apache.nifi.processors.standard.RouteText - RouteText[id=24e84634-fdfb-4a8b-87b3-8cb3253f4f09] Routing FlowFile[492,93427293944837.mockFlowFile,23B] to original
[main] DEBUG org.apache.nifi.processors.standard.RouteText - RouteText[id=24e84634-fdfb-4a8b-87b3-8cb3253f4f09] Adding new dynamic property: PropertyDescriptor[simple]
[pool-2569-thread-1] INFO org.apache.nifi.processors.standard.RouteText - RouteText[id=24e84634-fdfb-4a8b-87b3-8cb3253f4f09] Created FlowFile[495,93427294395384.mockFlowFile,23B] from FlowFile[494,93427294395384.mockFlowFile,23B]; routing to relationship simple
[pool-2569-thread-1] INFO org.apache.nifi.processors.standard.RouteText - RouteText[id=24e84634-fdfb-4a8b-87b3-8cb3253f4f09] Routing FlowFile[494,93427294395384.mockFlowFile,23B] to original
[main] DEBUG org.apache.nifi.processors.standard.RouteText - RouteText[id=24e84634-fdfb-4a8b-87b3-8cb3253f4f09] Adding new dynamic property: PropertyDescriptor[simple]
[pool-2570-thread-1] INFO org.apache.nifi.processors.standard.RouteText - RouteText[id=24e84634-fdfb-4a8b-87b3-8cb3253f4f09] Created FlowFile[497,93427294854782.mockFlowFile,23B] from FlowFile[496,93427294854782.mockFlowFile,23B]; routing to relationship simple
[pool-2570-thread-1] INFO org.apache.nifi.processors.standard.RouteText - RouteText[id=24e84634-fdfb-4a8b-87b3-8cb3253f4f09] Routing FlowFile[496,93427294854782.mockFlowFile,23B] to original
[main] DEBUG org.apache.nifi.processors.standard.RouteText - RouteText[id=24e84634-fdfb-4a8b-87b3-8cb3253f4f09] Adding new dynamic property: PropertyDescriptor[simple]
[pool-2571-thread-1] INFO org.apache.nifi.processors.standard.RouteText - RouteText[id=24e84634-fdfb-4a8b-87b3-8cb3253f4f09] Created FlowFile[499,93427295403804.mockFlowFile,23B] from FlowFile[498,93427295403804.mockFlowFile,23B]; routing to relationship simple
[pool-2571-thread-1] INFO org.apache.nifi.processors.standard.RouteText - RouteText[id=24e84634-fdfb-4a8b-87b3-8cb3253f4f09] Routing FlowFile[498,93427295403804.mockFlowFile,23B] to original
[main] DEBUG org.apache.nifi.processors.standard.RouteText - RouteText[id=24e84634-fdfb-4a8b-87b3-8cb3253f4f09] Adding new dynamic property: PropertyDescriptor[simple]
[pool-2572-thread-1] INFO org.apache.nifi.processors.standard.RouteText - RouteText[id=24e84634-fdfb-4a8b-87b3-8cb3253f4f09] Created FlowFile[501,93427295850468.mockFlowFile,23B] from FlowFile[500,93427295850468.mockFlowFile,23B]; routing to relationship simple
[pool-2572-thread-1] INFO org.apache.nifi.processors.standard.RouteText - RouteText[id=24e84634-fdfb-4a8b-87b3-8cb3253f4f09] Routing FlowFile[500,93427295850468.mockFlowFile,23B] to original
[main] DEBUG org.apache.nifi.processors.standard.RouteText - RouteText[id=24e84634-fdfb-4a8b-87b3-8cb3253f4f09] Adding new dynamic property: PropertyDescriptor[simple]
[pool-2573-thread-1] INFO org.apache.nifi.processors.standard.RouteText - RouteText[id=24e84634-fdfb-4a8b-87b3-8cb3253f4f09] Created FlowFile[503,93427296245573.mockFlowFile,23B] from FlowFile[502,93427296245573.mockFlowFile,23B]; routing to relationship simple
[pool-2573-thread-1] INFO org.apache.nifi.processors.standard.RouteText - RouteText[id=24e84634-fdfb-4a8b-87b3-8cb3253f4f09] Routing FlowFile[502,93427296245573.mockFlowFile,23B] to original
[main] DEBUG org.apache.nifi.processors.standard.RouteText - RouteText[id=24e84634-fdfb-4a8b-87b3-8cb3253f4f09] Adding new dynamic property: PropertyDescriptor[simple]
[pool-2574-thread-1] INFO org.apache.nifi.processors.standard.RouteText - RouteText[id=24e84634-fdfb-4a8b-87b3-8cb3253f4f09] Created FlowFile[505,93427296753911.mockFlowFile,23B] from FlowFile[504,93427296753911.mockFlowFile,23B]; routing to relationship simple
[pool-2574-thread-1] INFO org.apache.nifi.processors.standard.RouteText - RouteText[id=24e84634-fdfb-4a8b-87b3-8cb3253f4f09] Routing FlowFile[504,93427296753911.mockFlowFile,23B] to original
[main] DEBUG org.apache.nifi.processors.standard.RouteText - RouteText[id=24e84634-fdfb-4a8b-87b3-8cb3253f4f09] Adding new dynamic property: PropertyDescriptor[simple]
[pool-2575-thread-1] INFO org.apache.nifi.processors.standard.RouteText - RouteText[id=24e84634-fdfb-4a8b-87b3-8cb3253f4f09] Created FlowFile[507,93427297308183.mockFlowFile,23B] from FlowFile[506,93427297308183.mockFlowFile,23B]; routing to relationship simple
[pool-2575-thread-1] INFO org.apache.nifi.processors.standard.RouteText - RouteText[id=24e84634-fdfb-4a8b-87b3-8cb3253f4f09] Routing FlowFile[506,93427297308183.mockFlowFile,23B] to original
[main] DEBUG org.apache.nifi.processors.standard.RouteText - RouteText[id=24e84634-fdfb-4a8b-87b3-8cb3253f4f09] Adding new dynamic property: PropertyDescriptor[simple]
[pool-2576-thread-1] INFO org.apache.nifi.processors.standard.RouteText - RouteText[id=24e84634-fdfb-4a8b-87b3-8cb3253f4f09] Created FlowFile[509,93427297771612.mockFlowFile,23B] from FlowFile[508,93427297771612.mockFlowFile,23B]; routing to relationship simple
[pool-2576-thread-1] INFO org.apache.nifi.processors.standard.RouteText - RouteText[id=24e84634-fdfb-4a8b-87b3-8cb3253f4f09] Routing FlowFile[508,93427297771612.mockFlowFile,23B] to original
[main] DEBUG org.apache.nifi.processors.standard.RouteText - RouteText[id=24e84634-fdfb-4a8b-87b3-8cb3253f4f09] Adding new dynamic property: PropertyDescriptor[simple]
[pool-2577-thread-1] INFO org.apache.nifi.processors.standard.RouteText - RouteText[id=24e84634-fdfb-4a8b-87b3-8cb3253f4f09] Created FlowFile[511,93427298221338.mockFlowFile,23B] from FlowFile[510,93427298221338.mockFlowFile,23B]; routing to relationship simple
[pool-2577-thread-1] INFO org.apache.nifi.processors.standard.RouteText - RouteText[id=24e84634-fdfb-4a8b-87b3-8cb3253f4f09] Routing FlowFile[510,93427298221338.mockFlowFile,23B] to original
[main] DEBUG org.apache.nifi.processors.standard.RouteText - RouteText[id=24e84634-fdfb-4a8b-87b3-8cb3253f4f09] Adding new dynamic property: PropertyDescriptor[simple]
[pool-2578-thread-1] INFO org.apache.nifi.processors.standard.RouteText - RouteText[id=24e84634-fdfb-4a8b-87b3-8cb3253f4f09] Created FlowFile[513,93427299092746.mockFlowFile,23B] from FlowFile[512,93427299092746.mockFlowFile,23B]; routing to relationship simple
[pool-2578-thread-1] INFO org.apache.nifi.processors.standard.RouteText - RouteText[id=24e84634-fdfb-4a8b-87b3-8cb3253f4f09] Routing FlowFile[512,93427299092746.mockFlowFile,23B] to original
[main] DEBUG org.apache.nifi.processors.standard.RouteText - RouteText[id=24e84634-fdfb-4a8b-87b3-8cb3253f4f09] Adding new dynamic property: PropertyDescriptor[simple]
[pool-2579-thread-1] INFO org.apache.nifi.processors.standard.RouteText - RouteText[id=24e84634-fdfb-4a8b-87b3-8cb3253f4f09] Created FlowFile[515,93427299708941.mockFlowFile,23B] from FlowFile[514,93427299708941.mockFlowFile,23B]; routing to relationship simple
[pool-2579-thread-1] INFO org.apache.nifi.processors.standard.RouteText - RouteText[id=24e84634-fdfb-4a8b-87b3-8cb3253f4f09] Routing FlowFile[514,93427299708941.mockFlowFile,23B] to original
[main] DEBUG org.apache.nifi.processors.standard.RouteText - RouteText[id=24e84634-fdfb-4a8b-87b3-8cb3253f4f09] Adding new dynamic property: PropertyDescriptor[simple]
[pool-2580-thread-1] INFO org.apache.nifi.processors.standard.RouteText - RouteText[id=24e84634-fdfb-4a8b-87b3-8cb3253f4f09] Created FlowFile[517,93427300304313.mockFlowFile,23B] from FlowFile[516,93427300304313.mockFlowFile,23B]; routing to relationship simple
[pool-2580-thread-1] INFO org.apache.nifi.processors.standard.RouteText - RouteText[id=24e84634-fdfb-4a8b-87b3-8cb3253f4f09] Routing FlowFile[516,93427300304313.mockFlowFile,23B] to original
[main] DEBUG org.apache.nifi.processors.standard.RouteText - RouteText[id=24e84634-fdfb-4a8b-87b3-8cb3253f4f09] Adding new dynamic property: PropertyDescriptor[simple]
[pool-2581-thread-1] INFO org.apache.nifi.processors.standard.RouteText - RouteText[id=24e84634-fdfb-4a8b-87b3-8cb3253f4f09] Created FlowFile[519,93427300973667.mockFlowFile,23B] from FlowFile[518,93427300973667.mockFlowFile,23B]; routing to relationship simple
[pool-2581-thread-1] INFO org.apache.nifi.processors.standard.RouteText - RouteText[id=24e84634-fdfb-4a8b-87b3-8cb3253f4f09] Routing FlowFile[518,93427300973667.mockFlowFile,23B] to original
[main] DEBUG org.apache.nifi.processors.standard.RouteText - RouteText[id=24e84634-fdfb-4a8b-87b3-8cb3253f4f09] Adding new dynamic property: PropertyDescriptor[simple]
[pool-2582-thread-1] INFO org.apache.nifi.processors.standard.RouteText - RouteText[id=24e84634-fdfb-4a8b-87b3-8cb3253f4f09] Created FlowFile[521,93427301462165.mockFlowFile,23B] from FlowFile[520,93427301462165.mockFlowFile,23B]; routing to relationship simple
[pool-2582-thread-1] INFO org.apache.nifi.processors.standard.RouteText - RouteText[id=24e84634-fdfb-4a8b-87b3-8cb3253f4f09] Routing FlowFile[520,93427301462165.mockFlowFile,23B] to original
[main] DEBUG org.apache.nifi.processors.standard.RouteText - RouteText[id=24e84634-fdfb-4a8b-87b3-8cb3253f4f09] Adding new dynamic property: PropertyDescriptor[simple]
[pool-2583-thread-1] INFO org.apache.nifi.processors.standard.RouteText - RouteText[id=24e84634-fdfb-4a8b-87b3-8cb3253f4f09] Created FlowFile[523,93427301902391.mockFlowFile,23B] from FlowFile[522,93427301902391.mockFlowFile,23B]; routing to relationship simple
[pool-2583-thread-1] INFO org.apache.nifi.processors.standard.RouteText - RouteText[id=24e84634-fdfb-4a8b-87b3-8cb3253f4f09] Routing FlowFile[522,93427301902391.mockFlowFile,23B] to original
[main] DEBUG org.apache.nifi.processors.standard.RouteText - RouteText[id=24e84634-fdfb-4a8b-87b3-8cb3253f4f09] Adding new dynamic property: PropertyDescriptor[simple]
[pool-2584-thread-1] INFO org.apache.nifi.processors.standard.RouteText - RouteText[id=24e84634-fdfb-4a8b-87b3-8cb3253f4f09] Created FlowFile[525,93427302462780.mockFlowFile,23B] from FlowFile[524,93427302462780.mockFlowFile,23B]; routing to relationship simple
[pool-2584-thread-1] INFO org.apache.nifi.processors.standard.RouteText - RouteText[id=24e84634-fdfb-4a8b-87b3-8cb3253f4f09] Routing FlowFile[524,93427302462780.mockFlowFile,23B] to original
[main] DEBUG org.apache.nifi.processors.standard.RouteText - RouteText[id=24e84634-fdfb-4a8b-87b3-8cb3253f4f09] Adding new dynamic property: PropertyDescriptor[simple]
[pool-2585-thread-1] INFO org.apache.nifi.processors.standard.RouteText - RouteText[id=24e84634-fdfb-4a8b-87b3-8cb3253f4f09] Created FlowFile[527,93427303071767.mockFlowFile,23B] from FlowFile[526,93427303071767.mockFlowFile,23B]; routing to relationship simple
[pool-2585-thread-1] INFO org.apache.nifi.processors.standard.RouteText - RouteText[id=24e84634-fdfb-4a8b-87b3-8cb3253f4f09] Routing FlowFile[526,93427303071767.mockFlowFile,23B] to original
[main] DEBUG org.apache.nifi.processors.standard.RouteText - RouteText[id=24e84634-fdfb-4a8b-87b3-8cb3253f4f09] Adding new dynamic property: PropertyDescriptor[simple]
[pool-2586-thread-1] INFO org.apache.nifi.processors.standard.RouteText - RouteText[id=24e84634-fdfb-4a8b-87b3-8cb3253f4f09] Created FlowFile[529,93427303698470.mockFlowFile,23B] from FlowFile[528,93427303698470.mockFlowFile,23B]; routing to relationship simple
[pool-2586-thread-1] INFO org.apache.nifi.processors.standard.RouteText - RouteText[id=24e84634-fdfb-4a8b-87b3-8cb3253f4f09] Routing FlowFile[528,93427303698470.mockFlowFile,23B] to original
[main] DEBUG org.apache.nifi.processors.standard.RouteText - RouteText[id=24e84634-fdfb-4a8b-87b3-8cb3253f4f09] Adding new dynamic property: PropertyDescriptor[simple]
[pool-2587-thread-1] INFO org.apache.nifi.processors.standard.RouteText - RouteText[id=24e84634-fdfb-4a8b-87b3-8cb3253f4f09] Created FlowFile[531,93427304285598.mockFlowFile,23B] from FlowFile[530,93427304285598.mockFlowFile,23B]; routing to relationship simple
[pool-2587-thread-1] INFO org.apache.nifi.processors.standard.RouteText - RouteText[id=24e84634-fdfb-4a8b-87b3-8cb3253f4f09] Routing FlowFile[530,93427304285598.mockFlowFile,23B] to original
[main] DEBUG org.apache.nifi.processors.standard.RouteText - RouteText[id=24e84634-fdfb-4a8b-87b3-8cb3253f4f09] Adding new dynamic property: PropertyDescriptor[simple]
[pool-2588-thread-1] INFO org.apache.nifi.processors.standard.RouteText - RouteText[id=24e84634-fdfb-4a8b-87b3-8cb3253f4f09] Created FlowFile[533,93427304824571.mockFlowFile,23B] from FlowFile[532,93427304824571.mockFlowFile,23B]; routing to relationship simple
[pool-2588-thread-1] INFO org.apache.nifi.processors.standard.RouteText - RouteText[id=24e84634-fdfb-4a8b-87b3-8cb3253f4f09] Routing FlowFile[532,93427304824571.mockFlowFile,23B] to original
[main] DEBUG org.apache.nifi.processors.standard.RouteText - RouteText[id=24e84634-fdfb-4a8b-87b3-8cb3253f4f09] Adding new dynamic property: PropertyDescriptor[simple]
[pool-2589-thread-1] INFO org.apache.nifi.processors.standard.RouteText - RouteText[id=24e84634-fdfb-4a8b-87b3-8cb3253f4f09] Created FlowFile[535,93427305335568.mockFlowFile,23B] from FlowFile[534,93427305335568.mockFlowFile,23B]; routing to relationship simple
[pool-2589-thread-1] INFO org.apache.nifi.processors.standard.RouteText - RouteText[id=24e84634-fdfb-4a8b-87b3-8cb3253f4f09] Routing FlowFile[534,93427305335568.mockFlowFile,23B] to original
[main] DEBUG org.apache.nifi.processors.standard.RouteText - RouteText[id=24e84634-fdfb-4a8b-87b3-8cb3253f4f09] Adding new dynamic property: PropertyDescriptor[simple]
[pool-2590-thread-1] INFO org.apache.nifi.processors.standard.RouteText - RouteText[id=24e84634-fdfb-4a8b-87b3-8cb3253f4f09] Created FlowFile[537,93427305830522.mockFlowFile,23B] from FlowFile[536,93427305830522.mockFlowFile,23B]; routing to relationship simple
[pool-2590-thread-1] INFO org.apache.nifi.processors.standard.RouteText - RouteText[id=24e84634-fdfb-4a8b-87b3-8cb3253f4f09] Routing FlowFile[536,93427305830522.mockFlowFile,23B] to original
[main] DEBUG org.apache.nifi.processors.standard.RouteText - RouteText[id=24e84634-fdfb-4a8b-87b3-8cb3253f4f09] Adding new dynamic property: PropertyDescriptor[simple]
[pool-2591-thread-1] INFO org.apache.nifi.processors.standard.RouteText - RouteText[id=24e84634-fdfb-4a8b-87b3-8cb3253f4f09] Created FlowFile[539,93427306327907.mockFlowFile,23B] from FlowFile[538,93427306327907.mockFlowFile,23B]; routing to relationship simple
[pool-2591-thread-1] INFO org.apache.nifi.processors.standard.RouteText - RouteText[id=24e84634-fdfb-4a8b-87b3-8cb3253f4f09] Routing FlowFile[538,93427306327907.mockFlowFile,23B] to original
[main] DEBUG org.apache.nifi.processors.standard.RouteText - RouteText[id=24e84634-fdfb-4a8b-87b3-8cb3253f4f09] Adding new dynamic property: PropertyDescriptor[simple]
[pool-2592-thread-1] INFO org.apache.nifi.processors.standard.RouteText - RouteText[id=24e84634-fdfb-4a8b-87b3-8cb3253f4f09] Created FlowFile[541,93427306827781.mockFlowFile,23B] from FlowFile[540,93427306827781.mockFlowFile,23B]; routing to relationship simple
[pool-2592-thread-1] INFO org.apache.nifi.processors.standard.RouteText - RouteText[id=24e84634-fdfb-4a8b-87b3-8cb3253f4f09] Routing FlowFile[540,93427306827781.mockFlowFile,23B] to original
[main] DEBUG org.apache.nifi.processors.standard.RouteText - RouteText[id=24e84634-fdfb-4a8b-87b3-8cb3253f4f09] Adding new dynamic property: PropertyDescriptor[simple]
[pool-2593-thread-1] INFO org.apache.nifi.processors.standard.RouteText - RouteText[id=24e84634-fdfb-4a8b-87b3-8cb3253f4f09] Created FlowFile[543,93427307347059.mockFlowFile,23B] from FlowFile[542,93427307347059.mockFlowFile,23B]; routing to relationship simple
[pool-2593-thread-1] INFO org.apache.nifi.processors.standard.RouteText - RouteText[id=24e84634-fdfb-4a8b-87b3-8cb3253f4f09] Routing FlowFile[542,93427307347059.mockFlowFile,23B] to original
[main] DEBUG org.apache.nifi.processors.standard.RouteText - RouteText[id=24e84634-fdfb-4a8b-87b3-8cb3253f4f09] Adding new dynamic property: PropertyDescriptor[simple]
[pool-2594-thread-1] INFO org.apache.nifi.processors.standard.RouteText - RouteText[id=24e84634-fdfb-4a8b-87b3-8cb3253f4f09] Created FlowFile[545,93427307825993.mockFlowFile,23B] from FlowFile[544,93427307825993.mockFlowFile,23B]; routing to relationship simple
[pool-2594-thread-1] INFO org.apache.nifi.processors.standard.RouteText - RouteText[id=24e84634-fdfb-4a8b-87b3-8cb3253f4f09] Routing FlowFile[544,93427307825993.mockFlowFile,23B] to original
[main] DEBUG org.apache.nifi.processors.standard.RouteText - RouteText[id=24e84634-fdfb-4a8b-87b3-8cb3253f4f09] Adding new dynamic property: PropertyDescriptor[simple]
[pool-2595-thread-1] INFO org.apache.nifi.processors.standard.RouteText - RouteText[id=24e84634-fdfb-4a8b-87b3-8cb3253f4f09] Created FlowFile[547,93427308823395.mockFlowFile,23B] from FlowFile[546,93427308823395.mockFlowFile,23B]; routing to relationship simple
[pool-2595-thread-1] INFO org.apache.nifi.processors.standard.RouteText - RouteText[id=24e84634-fdfb-4a8b-87b3-8cb3253f4f09] Routing FlowFile[546,93427308823395.mockFlowFile,23B] to original
[main] DEBUG org.apache.nifi.processors.standard.RouteText - RouteText[id=24e84634-fdfb-4a8b-87b3-8cb3253f4f09] Adding new dynamic property: PropertyDescriptor[simple]
[pool-2596-thread-1] INFO org.apache.nifi.processors.standard.RouteText - RouteText[id=24e84634-fdfb-4a8b-87b3-8cb3253f4f09] Created FlowFile[549,93427309418637.mockFlowFile,23B] from FlowFile[548,93427309418637.mockFlowFile,23B]; routing to relationship simple
[pool-2596-thread-1] INFO org.apache.nifi.processors.standard.RouteText - RouteText[id=24e84634-fdfb-4a8b-87b3-8cb3253f4f09] Routing FlowFile[548,93427309418637.mockFlowFile,23B] to original
[main] DEBUG org.apache.nifi.processors.standard.RouteText - RouteText[id=24e84634-fdfb-4a8b-87b3-8cb3253f4f09] Adding new dynamic property: PropertyDescriptor[simple]
[pool-2597-thread-1] INFO org.apache.nifi.processors.standard.RouteText - RouteText[id=24e84634-fdfb-4a8b-87b3-8cb3253f4f09] Created FlowFile[551,93427310035647.mockFlowFile,23B] from FlowFile[550,93427310035647.mockFlowFile,23B]; routing to relationship simple
[pool-2597-thread-1] INFO org.apache.nifi.processors.standard.RouteText - RouteText[id=24e84634-fdfb-4a8b-87b3-8cb3253f4f09] Routing FlowFile[550,93427310035647.mockFlowFile,23B] to original
[main] DEBUG org.apache.nifi.processors.standard.RouteText - RouteText[id=24e84634-fdfb-4a8b-87b3-8cb3253f4f09] Adding new dynamic property: PropertyDescriptor[simple]
[pool-2598-thread-1] INFO org.apache.nifi.processors.standard.RouteText - RouteText[id=24e84634-fdfb-4a8b-87b3-8cb3253f4f09] Created FlowFile[553,93427310595808.mockFlowFile,23B] from FlowFile[552,93427310595808.mockFlowFile,23B]; routing to relationship simple
[pool-2598-thread-1] INFO org.apache.nifi.processors.standard.RouteText - RouteText[id=24e84634-fdfb-4a8b-87b3-8cb3253f4f09] Routing FlowFile[552,93427310595808.mockFlowFile,23B] to original
[main] DEBUG org.apache.nifi.processors.standard.RouteText - RouteText[id=24e84634-fdfb-4a8b-87b3-8cb3253f4f09] Adding new dynamic property: PropertyDescriptor[simple]
[pool-2599-thread-1] INFO org.apache.nifi.processors.standard.RouteText - RouteText[id=24e84634-fdfb-4a8b-87b3-8cb3253f4f09] Created FlowFile[555,93427311122512.mockFlowFile,23B] from FlowFile[554,93427311122512.mockFlowFile,23B]; routing to relationship simple
[pool-2599-thread-1] INFO org.apache.nifi.processors.standard.RouteText - RouteText[id=24e84634-fdfb-4a8b-87b3-8cb3253f4f09] Routing FlowFile[554,93427311122512.mockFlowFile,23B] to original
[main] DEBUG org.apache.nifi.processors.standard.RouteText - RouteText[id=24e84634-fdfb-4a8b-87b3-8cb3253f4f09] Adding new dynamic property: PropertyDescriptor[simple]
[pool-2600-thread-1] INFO org.apache.nifi.processors.standard.RouteText - RouteText[id=24e84634-fdfb-4a8b-87b3-8cb3253f4f09] Created FlowFile[557,93427311620515.mockFlowFile,23B] from FlowFile[556,93427311620515.mockFlowFile,23B]; routing to relationship simple
[pool-2600-thread-1] INFO org.apache.nifi.processors.standard.RouteText - RouteText[id=24e84634-fdfb-4a8b-87b3-8cb3253f4f09] Routing FlowFile[556,93427311620515.mockFlowFile,23B] to original
[main] DEBUG org.apache.nifi.processors.standard.RouteText - RouteText[id=24e84634-fdfb-4a8b-87b3-8cb3253f4f09] Adding new dynamic property: PropertyDescriptor[simple]
[pool-2601-thread-1] INFO org.apache.nifi.processors.standard.RouteText - RouteText[id=24e84634-fdfb-4a8b-87b3-8cb3253f4f09] Created FlowFile[559,93427312098421.mockFlowFile,23B] from FlowFile[558,93427312098421.mockFlowFile,23B]; routing to relationship simple
[pool-2601-thread-1] INFO org.apache.nifi.processors.standard.RouteText - RouteText[id=24e84634-fdfb-4a8b-87b3-8cb3253f4f09] Routing FlowFile[558,93427312098421.mockFlowFile,23B] to original
[main] DEBUG org.apache.nifi.processors.standard.RouteText - RouteText[id=24e84634-fdfb-4a8b-87b3-8cb3253f4f09] Adding new dynamic property: PropertyDescriptor[simple]
[pool-2602-thread-1] INFO org.apache.nifi.processors.standard.RouteText - RouteText[id=24e84634-fdfb-4a8b-87b3-8cb3253f4f09] Created FlowFile[561,93427312576676.mockFlowFile,23B] from FlowFile[560,93427312576676.mockFlowFile,23B]; routing to relationship simple
[pool-2602-thread-1] INFO org.apache.nifi.processors.standard.RouteText - RouteText[id=24e84634-fdfb-4a8b-87b3-8cb3253f4f09] Routing FlowFile[560,93427312576676.mockFlowFile,23B] to original
[main] DEBUG org.apache.nifi.processors.standard.RouteText - RouteText[id=24e84634-fdfb-4a8b-87b3-8cb3253f4f09] Adding new dynamic property: PropertyDescriptor[simple]
[pool-2603-thread-1] INFO org.apache.nifi.processors.standard.RouteText - RouteText[id=24e84634-fdfb-4a8b-87b3-8cb3253f4f09] Created FlowFile[563,93427313058741.mockFlowFile,23B] from FlowFile[562,93427313058741.mockFlowFile,23B]; routing to relationship simple
[pool-2603-thread-1] INFO org.apache.nifi.processors.standard.RouteText - RouteText[id=24e84634-fdfb-4a8b-87b3-8cb3253f4f09] Routing FlowFile[562,93427313058741.mockFlowFile,23B] to original
[main] DEBUG org.apache.nifi.processors.standard.RouteText - RouteText[id=24e84634-fdfb-4a8b-87b3-8cb3253f4f09] Adding new dynamic property: PropertyDescriptor[simple]
[pool-2604-thread-1] INFO org.apache.nifi.processors.standard.RouteText - RouteText[id=24e84634-fdfb-4a8b-87b3-8cb3253f4f09] Created FlowFile[565,93427313582181.mockFlowFile,23B] from FlowFile[564,93427313582181.mockFlowFile,23B]; routing to relationship simple
[pool-2604-thread-1] INFO org.apache.nifi.processors.standard.RouteText - RouteText[id=24e84634-fdfb-4a8b-87b3-8cb3253f4f09] Routing FlowFile[564,93427313582181.mockFlowFile,23B] to original
[main] DEBUG org.apache.nifi.processors.standard.RouteText - RouteText[id=24e84634-fdfb-4a8b-87b3-8cb3253f4f09] Adding new dynamic property: PropertyDescriptor[simple]
[pool-2605-thread-1] INFO org.apache.nifi.processors.standard.RouteText - RouteText[id=24e84634-fdfb-4a8b-87b3-8cb3253f4f09] Created FlowFile[567,93427314096928.mockFlowFile,23B] from FlowFile[566,93427314096928.mockFlowFile,23B]; routing to relationship simple
[pool-2605-thread-1] INFO org.apache.nifi.processors.standard.RouteText - RouteText[id=24e84634-fdfb-4a8b-87b3-8cb3253f4f09] Routing FlowFile[566,93427314096928.mockFlowFile,23B] to original
[main] DEBUG org.apache.nifi.processors.standard.RouteText - RouteText[id=24e84634-fdfb-4a8b-87b3-8cb3253f4f09] Adding new dynamic property: PropertyDescriptor[simple]
[pool-2606-thread-1] INFO org.apache.nifi.processors.standard.RouteText - RouteText[id=24e84634-fdfb-4a8b-87b3-8cb3253f4f09] Created FlowFile[569,93427314605269.mockFlowFile,23B] from FlowFile[568,93427314605269.mockFlowFile,23B]; routing to relationship simple
[pool-2606-thread-1] INFO org.apache.nifi.processors.standard.RouteText - RouteText[id=24e84634-fdfb-4a8b-87b3-8cb3253f4f09] Routing FlowFile[568,93427314605269.mockFlowFile,23B] to original
[main] DEBUG org.apache.nifi.processors.standard.RouteText - RouteText[id=24e84634-fdfb-4a8b-87b3-8cb3253f4f09] Adding new dynamic property: PropertyDescriptor[simple]
[pool-2607-thread-1] INFO org.apache.nifi.processors.standard.RouteText - RouteText[id=24e84634-fdfb-4a8b-87b3-8cb3253f4f09] Created FlowFile[571,93427315120112.mockFlowFile,23B] from FlowFile[570,93427315120112.mockFlowFile,23B]; routing to relationship simple
[pool-2607-thread-1] INFO org.apache.nifi.processors.standard.RouteText - RouteText[id=24e84634-fdfb-4a8b-87b3-8cb3253f4f09] Routing FlowFile[570,93427315120112.mockFlowFile,23B] to original
[main] DEBUG org.apache.nifi.processors.standard.RouteText - RouteText[id=24e84634-fdfb-4a8b-87b3-8cb3253f4f09] Adding new dynamic property: PropertyDescriptor[simple]
[pool-2608-thread-1] INFO org.apache.nifi.processors.standard.RouteText - RouteText[id=24e84634-fdfb-4a8b-87b3-8cb3253f4f09] Created FlowFile[573,93427315657611.mockFlowFile,23B] from FlowFile[572,93427315657611.mockFlowFile,23B]; routing to relationship simple
[pool-2608-thread-1] INFO org.apache.nifi.processors.standard.RouteText - RouteText[id=24e84634-fdfb-4a8b-87b3-8cb3253f4f09] Routing FlowFile[572,93427315657611.mockFlowFile,23B] to original
[main] DEBUG org.apache.nifi.processors.standard.RouteText - RouteText[id=24e84634-fdfb-4a8b-87b3-8cb3253f4f09] Adding new dynamic property: PropertyDescriptor[simple]
[pool-2609-thread-1] INFO org.apache.nifi.processors.standard.RouteText - RouteText[id=24e84634-fdfb-4a8b-87b3-8cb3253f4f09] Created FlowFile[575,93427316236271.mockFlowFile,23B] from FlowFile[574,93427316236271.mockFlowFile,23B]; routing to relationship simple
[pool-2609-thread-1] INFO org.apache.nifi.processors.standard.RouteText - RouteText[id=24e84634-fdfb-4a8b-87b3-8cb3253f4f09] Routing FlowFile[574,93427316236271.mockFlowFile,23B] to original
[main] DEBUG org.apache.nifi.processors.standard.RouteText - RouteText[id=24e84634-fdfb-4a8b-87b3-8cb3253f4f09] Adding new dynamic property: PropertyDescriptor[simple]
[pool-2610-thread-1] INFO org.apache.nifi.processors.standard.RouteText - RouteText[id=24e84634-fdfb-4a8b-87b3-8cb3253f4f09] Created FlowFile[577,93427316833137.mockFlowFile,23B] from FlowFile[576,93427316833137.mockFlowFile,23B]; routing to relationship simple
[pool-2610-thread-1] INFO org.apache.nifi.processors.standard.RouteText - RouteText[id=24e84634-fdfb-4a8b-87b3-8cb3253f4f09] Routing FlowFile[576,93427316833137.mockFlowFile,23B] to original
[main] DEBUG org.apache.nifi.processors.standard.RouteText - RouteText[id=24e84634-fdfb-4a8b-87b3-8cb3253f4f09] Adding new dynamic property: PropertyDescriptor[simple]
[pool-2611-thread-1] INFO org.apache.nifi.processors.standard.RouteText - RouteText[id=24e84634-fdfb-4a8b-87b3-8cb3253f4f09] Created FlowFile[579,93427317392920.mockFlowFile,23B] from FlowFile[578,93427317392920.mockFlowFile,23B]; routing to relationship simple
[pool-2611-thread-1] INFO org.apache.nifi.processors.standard.RouteText - RouteText[id=24e84634-fdfb-4a8b-87b3-8cb3253f4f09] Routing FlowFile[578,93427317392920.mockFlowFile,23B] to original
[main] DEBUG org.apache.nifi.processors.standard.RouteText - RouteText[id=24e84634-fdfb-4a8b-87b3-8cb3253f4f09] Adding new dynamic property: PropertyDescriptor[simple]
[pool-2612-thread-1] INFO org.apache.nifi.processors.standard.RouteText - RouteText[id=24e84634-fdfb-4a8b-87b3-8cb3253f4f09] Created FlowFile[581,93427317976793.mockFlowFile,23B] from FlowFile[580,93427317976793.mockFlowFile,23B]; routing to relationship simple
[pool-2612-thread-1] INFO org.apache.nifi.processors.standard.RouteText - RouteText[id=24e84634-fdfb-4a8b-87b3-8cb3253f4f09] Routing FlowFile[580,93427317976793.mockFlowFile,23B] to original
[main] DEBUG org.apache.nifi.processors.standard.RouteText - RouteText[id=24e84634-fdfb-4a8b-87b3-8cb3253f4f09] Adding new dynamic property: PropertyDescriptor[simple]
[pool-2613-thread-1] INFO org.apache.nifi.processors.standard.RouteText - RouteText[id=24e84634-fdfb-4a8b-87b3-8cb3253f4f09] Created FlowFile[583,93427318864017.mockFlowFile,23B] from FlowFile[582,93427318864017.mockFlowFile,23B]; routing to relationship simple
[pool-2613-thread-1] INFO org.apache.nifi.processors.standard.RouteText - RouteText[id=24e84634-fdfb-4a8b-87b3-8cb3253f4f09] Routing FlowFile[582,93427318864017.mockFlowFile,23B] to original
[main] DEBUG org.apache.nifi.processors.standard.RouteText - RouteText[id=24e84634-fdfb-4a8b-87b3-8cb3253f4f09] Adding new dynamic property: PropertyDescriptor[simple]
[pool-2614-thread-1] INFO org.apache.nifi.processors.standard.RouteText - RouteText[id=24e84634-fdfb-4a8b-87b3-8cb3253f4f09] Created FlowFile[585,93427319427274.mockFlowFile,23B] from FlowFile[584,93427319427274.mockFlowFile,23B]; routing to relationship simple
[pool-2614-thread-1] INFO org.apache.nifi.processors.standard.RouteText - RouteText[id=24e84634-fdfb-4a8b-87b3-8cb3253f4f09] Routing FlowFile[584,93427319427274.mockFlowFile,23B] to original
[main] DEBUG org.apache.nifi.processors.standard.RouteText - RouteText[id=24e84634-fdfb-4a8b-87b3-8cb3253f4f09] Adding new dynamic property: PropertyDescriptor[simple]
[pool-2615-thread-1] INFO org.apache.nifi.processors.standard.RouteText - RouteText[id=24e84634-fdfb-4a8b-87b3-8cb3253f4f09] Created FlowFile[587,93427319938837.mockFlowFile,23B] from FlowFile[586,93427319938837.mockFlowFile,23B]; routing to relationship simple
[pool-2615-thread-1] INFO org.apache.nifi.processors.standard.RouteText - RouteText[id=24e84634-fdfb-4a8b-87b3-8cb3253f4f09] Routing FlowFile[586,93427319938837.mockFlowFile,23B] to original
[main] DEBUG org.apache.nifi.processors.standard.RouteText - RouteText[id=24e84634-fdfb-4a8b-87b3-8cb3253f4f09] Adding new dynamic property: PropertyDescriptor[simple]
[pool-2616-thread-1] INFO org.apache.nifi.processors.standard.RouteText - RouteText[id=24e84634-fdfb-4a8b-87b3-8cb3253f4f09] Created FlowFile[589,93427320493874.mockFlowFile,23B] from FlowFile[588,93427320493874.mockFlowFile,23B]; routing to relationship simple
[pool-2616-thread-1] INFO org.apache.nifi.processors.standard.RouteText - RouteText[id=24e84634-fdfb-4a8b-87b3-8cb3253f4f09] Routing FlowFile[588,93427320493874.mockFlowFile,23B] to original
[main] DEBUG org.apache.nifi.processors.standard.RouteText - RouteText[id=24e84634-fdfb-4a8b-87b3-8cb3253f4f09] Adding new dynamic property: PropertyDescriptor[simple]
[pool-2617-thread-1] INFO org.apache.nifi.processors.standard.RouteText - RouteText[id=24e84634-fdfb-4a8b-87b3-8cb3253f4f09] Created FlowFile[591,93427321062539.mockFlowFile,23B] from FlowFile[590,93427321062539.mockFlowFile,23B]; routing to relationship simple
[pool-2617-thread-1] INFO org.apache.nifi.processors.standard.RouteText - RouteText[id=24e84634-fdfb-4a8b-87b3-8cb3253f4f09] Routing FlowFile[590,93427321062539.mockFlowFile,23B] to original
[main] DEBUG org.apache.nifi.processors.standard.RouteText - RouteText[id=24e84634-fdfb-4a8b-87b3-8cb3253f4f09] Adding new dynamic property: PropertyDescriptor[simple]
[pool-2618-thread-1] INFO org.apache.nifi.processors.standard.RouteText - RouteText[id=24e84634-fdfb-4a8b-87b3-8cb3253f4f09] Created FlowFile[593,93427321699284.mockFlowFile,23B] from FlowFile[592,93427321699284.mockFlowFile,23B]; routing to relationship simple
[pool-2618-thread-1] INFO org.apache.nifi.processors.standard.RouteText - RouteText[id=24e84634-fdfb-4a8b-87b3-8cb3253f4f09] Routing FlowFile[592,93427321699284.mockFlowFile,23B] to original
[main] DEBUG org.apache.nifi.processors.standard.RouteText - RouteText[id=24e84634-fdfb-4a8b-87b3-8cb3253f4f09] Adding new dynamic property: PropertyDescriptor[simple]
[pool-2619-thread-1] INFO org.apache.nifi.processors.standard.RouteText - RouteText[id=24e84634-fdfb-4a8b-87b3-8cb3253f4f09] Created FlowFile[595,93427322300553.mockFlowFile,23B] from FlowFile[594,93427322300553.mockFlowFile,23B]; routing to relationship simple
[pool-2619-thread-1] INFO org.apache.nifi.processors.standard.RouteText - RouteText[id=24e84634-fdfb-4a8b-87b3-8cb3253f4f09] Routing FlowFile[594,93427322300553.mockFlowFile,23B] to original
[main] DEBUG org.apache.nifi.processors.standard.RouteText - RouteText[id=24e84634-fdfb-4a8b-87b3-8cb3253f4f09] Adding new dynamic property: PropertyDescriptor[simple]
[pool-2620-thread-1] INFO org.apache.nifi.processors.standard.RouteText - RouteText[id=24e84634-fdfb-4a8b-87b3-8cb3253f4f09] Created FlowFile[597,93427322845544.mockFlowFile,23B] from FlowFile[596,93427322845544.mockFlowFile,23B]; routing to relationship simple
[pool-2620-thread-1] INFO org.apache.nifi.processors.standard.RouteText - RouteText[id=24e84634-fdfb-4a8b-87b3-8cb3253f4f09] Routing FlowFile[596,93427322845544.mockFlowFile,23B] to original
[main] DEBUG org.apache.nifi.processors.standard.RouteText - RouteText[id=24e84634-fdfb-4a8b-87b3-8cb3253f4f09] Adding new dynamic property: PropertyDescriptor[simple]
[pool-2621-thread-1] INFO org.apache.nifi.processors.standard.RouteText - RouteText[id=24e84634-fdfb-4a8b-87b3-8cb3253f4f09] Created FlowFile[599,93427323388482.mockFlowFile,23B] from FlowFile[598,93427323388482.mockFlowFile,23B]; routing to relationship simple
[pool-2621-thread-1] INFO org.apache.nifi.processors.standard.RouteText - RouteText[id=24e84634-fdfb-4a8b-87b3-8cb3253f4f09] Routing FlowFile[598,93427323388482.mockFlowFile,23B] to original
[main] DEBUG org.apache.nifi.processors.standard.RouteText - RouteText[id=24e84634-fdfb-4a8b-87b3-8cb3253f4f09] Adding new dynamic property: PropertyDescriptor[simple]
[pool-2622-thread-1] INFO org.apache.nifi.processors.standard.RouteText - RouteText[id=24e84634-fdfb-4a8b-87b3-8cb3253f4f09] Created FlowFile[601,93427323942534.mockFlowFile,23B] from FlowFile[600,93427323942534.mockFlowFile,23B]; routing to relationship simple
[pool-2622-thread-1] INFO org.apache.nifi.processors.standard.RouteText - RouteText[id=24e84634-fdfb-4a8b-87b3-8cb3253f4f09] Routing FlowFile[600,93427323942534.mockFlowFile,23B] to original
[main] DEBUG org.apache.nifi.processors.standard.RouteText - RouteText[id=24e84634-fdfb-4a8b-87b3-8cb3253f4f09] Adding new dynamic property: PropertyDescriptor[simple]
[pool-2623-thread-1] INFO org.apache.nifi.processors.standard.RouteText - RouteText[id=24e84634-fdfb-4a8b-87b3-8cb3253f4f09] Created FlowFile[603,93427324508395.mockFlowFile,23B] from FlowFile[602,93427324508395.mockFlowFile,23B]; routing to relationship simple
[pool-2623-thread-1] INFO org.apache.nifi.processors.standard.RouteText - RouteText[id=24e84634-fdfb-4a8b-87b3-8cb3253f4f09] Routing FlowFile[602,93427324508395.mockFlowFile,23B] to original
[main] DEBUG org.apache.nifi.processors.standard.RouteText - RouteText[id=24e84634-fdfb-4a8b-87b3-8cb3253f4f09] Adding new dynamic property: PropertyDescriptor[simple]
[pool-2624-thread-1] INFO org.apache.nifi.processors.standard.RouteText - RouteText[id=24e84634-fdfb-4a8b-87b3-8cb3253f4f09] Created FlowFile[605,93427325039351.mockFlowFile,23B] from FlowFile[604,93427325039351.mockFlowFile,23B]; routing to relationship simple
[pool-2624-thread-1] INFO org.apache.nifi.processors.standard.RouteText - RouteText[id=24e84634-fdfb-4a8b-87b3-8cb3253f4f09] Routing FlowFile[604,93427325039351.mockFlowFile,23B] to original
[main] DEBUG org.apache.nifi.processors.standard.RouteText - RouteText[id=24e84634-fdfb-4a8b-87b3-8cb3253f4f09] Adding new dynamic property: PropertyDescriptor[simple]
[pool-2625-thread-1] INFO org.apache.nifi.processors.standard.RouteText - RouteText[id=24e84634-fdfb-4a8b-87b3-8cb3253f4f09] Created FlowFile[607,93427325572716.mockFlowFile,23B] from FlowFile[606,93427325572716.mockFlowFile,23B]; routing to relationship simple
[pool-2625-thread-1] INFO org.apache.nifi.processors.standard.RouteText - RouteText[id=24e84634-fdfb-4a8b-87b3-8cb3253f4f09] Routing FlowFile[606,93427325572716.mockFlowFile,23B] to original
[main] DEBUG org.apache.nifi.processors.standard.RouteText - RouteText[id=24e84634-fdfb-4a8b-87b3-8cb3253f4f09] Adding new dynamic property: PropertyDescriptor[simple]
[pool-2626-thread-1] INFO org.apache.nifi.processors.standard.RouteText - RouteText[id=24e84634-fdfb-4a8b-87b3-8cb3253f4f09] Created FlowFile[609,93427326122034.mockFlowFile,23B] from FlowFile[608,93427326122034.mockFlowFile,23B]; routing to relationship simple
[pool-2626-thread-1] INFO org.apache.nifi.processors.standard.RouteText - RouteText[id=24e84634-fdfb-4a8b-87b3-8cb3253f4f09] Routing FlowFile[608,93427326122034.mockFlowFile,23B] to original
[main] DEBUG org.apache.nifi.processors.standard.RouteText - RouteText[id=24e84634-fdfb-4a8b-87b3-8cb3253f4f09] Adding new dynamic property: PropertyDescriptor[simple]
[pool-2627-thread-1] INFO org.apache.nifi.processors.standard.RouteText - RouteText[id=24e84634-fdfb-4a8b-87b3-8cb3253f4f09] Created FlowFile[611,93427326651578.mockFlowFile,23B] from FlowFile[610,93427326651578.mockFlowFile,23B]; routing to relationship simple
[pool-2627-thread-1] INFO org.apache.nifi.processors.standard.RouteText - RouteText[id=24e84634-fdfb-4a8b-87b3-8cb3253f4f09] Routing FlowFile[610,93427326651578.mockFlowFile,23B] to original
[main] DEBUG org.apache.nifi.processors.standard.RouteText - RouteText[id=24e84634-fdfb-4a8b-87b3-8cb3253f4f09] Adding new dynamic property: PropertyDescriptor[simple]
[pool-2628-thread-1] INFO org.apache.nifi.processors.standard.RouteText - RouteText[id=24e84634-fdfb-4a8b-87b3-8cb3253f4f09] Created FlowFile[613,93427327177819.mockFlowFile,23B] from FlowFile[612,93427327177819.mockFlowFile,23B]; routing to relationship simple
[pool-2628-thread-1] INFO org.apache.nifi.processors.standard.RouteText - RouteText[id=24e84634-fdfb-4a8b-87b3-8cb3253f4f09] Routing FlowFile[612,93427327177819.mockFlowFile,23B] to original
[main] DEBUG org.apache.nifi.processors.standard.RouteText - RouteText[id=24e84634-fdfb-4a8b-87b3-8cb3253f4f09] Adding new dynamic property: PropertyDescriptor[simple]
[pool-2629-thread-1] INFO org.apache.nifi.processors.standard.RouteText - RouteText[id=24e84634-fdfb-4a8b-87b3-8cb3253f4f09] Created FlowFile[615,93427327728600.mockFlowFile,23B] from FlowFile[614,93427327728600.mockFlowFile,23B]; routing to relationship simple
[pool-2629-thread-1] INFO org.apache.nifi.processors.standard.RouteText - RouteText[id=24e84634-fdfb-4a8b-87b3-8cb3253f4f09] Routing FlowFile[614,93427327728600.mockFlowFile,23B] to original
[main] DEBUG org.apache.nifi.processors.standard.RouteText - RouteText[id=24e84634-fdfb-4a8b-87b3-8cb3253f4f09] Adding new dynamic property: PropertyDescriptor[simple]
[pool-2630-thread-1] INFO org.apache.nifi.processors.standard.RouteText - RouteText[id=24e84634-fdfb-4a8b-87b3-8cb3253f4f09] Created FlowFile[617,93427328265467.mockFlowFile,23B] from FlowFile[616,93427328265467.mockFlowFile,23B]; routing to relationship simple
[pool-2630-thread-1] INFO org.apache.nifi.processors.standard.RouteText - RouteText[id=24e84634-fdfb-4a8b-87b3-8cb3253f4f09] Routing FlowFile[616,93427328265467.mockFlowFile,23B] to original
[main] DEBUG org.apache.nifi.processors.standard.RouteText - RouteText[id=24e84634-fdfb-4a8b-87b3-8cb3253f4f09] Adding new dynamic property: PropertyDescriptor[simple]
[pool-2631-thread-1] INFO org.apache.nifi.processors.standard.RouteText - RouteText[id=24e84634-fdfb-4a8b-87b3-8cb3253f4f09] Created FlowFile[619,93427328842548.mockFlowFile,23B] from FlowFile[618,93427328842548.mockFlowFile,23B]; routing to relationship simple
[pool-2631-thread-1] INFO org.apache.nifi.processors.standard.RouteText - RouteText[id=24e84634-fdfb-4a8b-87b3-8cb3253f4f09] Routing FlowFile[618,93427328842548.mockFlowFile,23B] to original
[main] DEBUG org.apache.nifi.processors.standard.RouteText - RouteText[id=24e84634-fdfb-4a8b-87b3-8cb3253f4f09] Adding new dynamic property: PropertyDescriptor[simple]
[pool-2632-thread-1] INFO org.apache.nifi.processors.standard.RouteText - RouteText[id=24e84634-fdfb-4a8b-87b3-8cb3253f4f09] Created FlowFile[621,93427329414943.mockFlowFile,23B] from FlowFile[620,93427329414943.mockFlowFile,23B]; routing to relationship simple
[pool-2632-thread-1] INFO org.apache.nifi.processors.standard.RouteText - RouteText[id=24e84634-fdfb-4a8b-87b3-8cb3253f4f09] Routing FlowFile[620,93427329414943.mockFlowFile,23B] to original
[main] DEBUG org.apache.nifi.processors.standard.RouteText - RouteText[id=24e84634-fdfb-4a8b-87b3-8cb3253f4f09] Adding new dynamic property: PropertyDescriptor[simple]
[pool-2633-thread-1] INFO org.apache.nifi.processors.standard.RouteText - RouteText[id=24e84634-fdfb-4a8b-87b3-8cb3253f4f09] Created FlowFile[623,93427329939940.mockFlowFile,23B] from FlowFile[622,93427329939940.mockFlowFile,23B]; routing to relationship simple
[pool-2633-thread-1] INFO org.apache.nifi.processors.standard.RouteText - RouteText[id=24e84634-fdfb-4a8b-87b3-8cb3253f4f09] Routing FlowFile[622,93427329939940.mockFlowFile,23B] to original
[main] DEBUG org.apache.nifi.processors.standard.RouteText - RouteText[id=24e84634-fdfb-4a8b-87b3-8cb3253f4f09] Adding new dynamic property: PropertyDescriptor[simple]
[pool-2634-thread-1] INFO org.apache.nifi.processors.standard.RouteText - RouteText[id=24e84634-fdfb-4a8b-87b3-8cb3253f4f09] Created FlowFile[625,93427330501398.mockFlowFile,23B] from FlowFile[624,93427330501398.mockFlowFile,23B]; routing to relationship simple
[pool-2634-thread-1] INFO org.apache.nifi.processors.standard.RouteText - RouteText[id=24e84634-fdfb-4a8b-87b3-8cb3253f4f09] Routing FlowFile[624,93427330501398.mockFlowFile,23B] to original
[main] DEBUG org.apache.nifi.processors.standard.RouteText - RouteText[id=24e84634-fdfb-4a8b-87b3-8cb3253f4f09] Adding new dynamic property: PropertyDescriptor[simple]
[pool-2635-thread-1] INFO org.apache.nifi.processors.standard.RouteText - RouteText[id=24e84634-fdfb-4a8b-87b3-8cb3253f4f09] Created FlowFile[627,93427331053287.mockFlowFile,23B] from FlowFile[626,93427331053287.mockFlowFile,23B]; routing to relationship simple
[pool-2635-thread-1] INFO org.apache.nifi.processors.standard.RouteText - RouteText[id=24e84634-fdfb-4a8b-87b3-8cb3253f4f09] Routing FlowFile[626,93427331053287.mockFlowFile,23B] to original
[main] DEBUG org.apache.nifi.processors.standard.RouteText - RouteText[id=24e84634-fdfb-4a8b-87b3-8cb3253f4f09] Adding new dynamic property: PropertyDescriptor[simple]
[pool-2636-thread-1] INFO org.apache.nifi.processors.standard.RouteText - RouteText[id=24e84634-fdfb-4a8b-87b3-8cb3253f4f09] Created FlowFile[629,93427331600367.mockFlowFile,23B] from FlowFile[628,93427331600367.mockFlowFile,23B]; routing to relationship simple
[pool-2636-thread-1] INFO org.apache.nifi.processors.standard.RouteText - RouteText[id=24e84634-fdfb-4a8b-87b3-8cb3253f4f09] Routing FlowFile[628,93427331600367.mockFlowFile,23B] to original
[main] DEBUG org.apache.nifi.processors.standard.RouteText - RouteText[id=24e84634-fdfb-4a8b-87b3-8cb3253f4f09] Adding new dynamic property: PropertyDescriptor[simple]
[pool-2637-thread-1] INFO org.apache.nifi.processors.standard.RouteText - RouteText[id=24e84634-fdfb-4a8b-87b3-8cb3253f4f09] Created FlowFile[631,93427332274204.mockFlowFile,23B] from FlowFile[630,93427332274204.mockFlowFile,23B]; routing to relationship simple
[pool-2637-thread-1] INFO org.apache.nifi.processors.standard.RouteText - RouteText[id=24e84634-fdfb-4a8b-87b3-8cb3253f4f09] Routing FlowFile[630,93427332274204.mockFlowFile,23B] to original
[main] DEBUG org.apache.nifi.processors.standard.RouteText - RouteText[id=24e84634-fdfb-4a8b-87b3-8cb3253f4f09] Adding new dynamic property: PropertyDescriptor[simple]
[pool-2638-thread-1] INFO org.apache.nifi.processors.standard.RouteText - RouteText[id=24e84634-fdfb-4a8b-87b3-8cb3253f4f09] Created FlowFile[633,93427332825735.mockFlowFile,23B] from FlowFile[632,93427332825735.mockFlowFile,23B]; routing to relationship simple
[pool-2638-thread-1] INFO org.apache.nifi.processors.standard.RouteText - RouteText[id=24e84634-fdfb-4a8b-87b3-8cb3253f4f09] Routing FlowFile[632,93427332825735.mockFlowFile,23B] to original
[main] DEBUG org.apache.nifi.processors.standard.RouteText - RouteText[id=24e84634-fdfb-4a8b-87b3-8cb3253f4f09] Adding new dynamic property: PropertyDescriptor[simple]
[pool-2639-thread-1] INFO org.apache.nifi.processors.standard.RouteText - RouteText[id=24e84634-fdfb-4a8b-87b3-8cb3253f4f09] Created FlowFile[635,93427333385649.mockFlowFile,23B] from FlowFile[634,93427333385649.mockFlowFile,23B]; routing to relationship simple
[pool-2639-thread-1] INFO org.apache.nifi.processors.standard.RouteText - RouteText[id=24e84634-fdfb-4a8b-87b3-8cb3253f4f09] Routing FlowFile[634,93427333385649.mockFlowFile,23B] to original
[main] DEBUG org.apache.nifi.processors.standard.RouteText - RouteText[id=24e84634-fdfb-4a8b-87b3-8cb3253f4f09] Adding new dynamic property: PropertyDescriptor[simple]
[pool-2640-thread-1] INFO org.apache.nifi.processors.standard.RouteText - RouteText[id=24e84634-fdfb-4a8b-87b3-8cb3253f4f09] Created FlowFile[637,93427333913872.mockFlowFile,23B] from FlowFile[636,93427333913872.mockFlowFile,23B]; routing to relationship simple
[pool-2640-thread-1] INFO org.apache.nifi.processors.standard.RouteText - RouteText[id=24e84634-fdfb-4a8b-87b3-8cb3253f4f09] Routing FlowFile[636,93427333913872.mockFlowFile,23B] to original
[main] DEBUG org.apache.nifi.processors.standard.RouteText - RouteText[id=24e84634-fdfb-4a8b-87b3-8cb3253f4f09] Adding new dynamic property: PropertyDescriptor[simple]
[pool-2641-thread-1] INFO org.apache.nifi.processors.standard.RouteText - RouteText[id=24e84634-fdfb-4a8b-87b3-8cb3253f4f09] Created FlowFile[639,93427334470990.mockFlowFile,23B] from FlowFile[638,93427334470990.mockFlowFile,23B]; routing to relationship simple
[pool-2641-thread-1] INFO org.apache.nifi.processors.standard.RouteText - RouteText[id=24e84634-fdfb-4a8b-87b3-8cb3253f4f09] Routing FlowFile[638,93427334470990.mockFlowFile,23B] to original
[main] DEBUG org.apache.nifi.processors.standard.RouteText - RouteText[id=24e84634-fdfb-4a8b-87b3-8cb3253f4f09] Adding new dynamic property: PropertyDescriptor[simple]
[pool-2642-thread-1] INFO org.apache.nifi.processors.standard.RouteText - RouteText[id=24e84634-fdfb-4a8b-87b3-8cb3253f4f09] Created FlowFile[641,93427335013481.mockFlowFile,23B] from FlowFile[640,93427335013481.mockFlowFile,23B]; routing to relationship simple
[pool-2642-thread-1] INFO org.apache.nifi.processors.standard.RouteText - RouteText[id=24e84634-fdfb-4a8b-87b3-8cb3253f4f09] Routing FlowFile[640,93427335013481.mockFlowFile,23B] to original
[main] DEBUG org.apache.nifi.processors.standard.RouteText - RouteText[id=24e84634-fdfb-4a8b-87b3-8cb3253f4f09] Adding new dynamic property: PropertyDescriptor[simple]
[pool-2643-thread-1] INFO org.apache.nifi.processors.standard.RouteText - RouteText[id=24e84634-fdfb-4a8b-87b3-8cb3253f4f09] Created FlowFile[643,93427335666977.mockFlowFile,23B] from FlowFile[642,93427335666977.mockFlowFile,23B]; routing to relationship simple
[pool-2643-thread-1] INFO org.apache.nifi.processors.standard.RouteText - RouteText[id=24e84634-fdfb-4a8b-87b3-8cb3253f4f09] Routing FlowFile[642,93427335666977.mockFlowFile,23B] to original
[main] DEBUG org.apache.nifi.processors.standard.RouteText - RouteText[id=24e84634-fdfb-4a8b-87b3-8cb3253f4f09] Adding new dynamic property: PropertyDescriptor[simple]
[pool-2644-thread-1] INFO org.apache.nifi.processors.standard.RouteText - RouteText[id=24e84634-fdfb-4a8b-87b3-8cb3253f4f09] Created FlowFile[645,93427336343330.mockFlowFile,23B] from FlowFile[644,93427336343330.mockFlowFile,23B]; routing to relationship simple
[pool-2644-thread-1] INFO org.apache.nifi.processors.standard.RouteText - RouteText[id=24e84634-fdfb-4a8b-87b3-8cb3253f4f09] Routing FlowFile[644,93427336343330.mockFlowFile,23B] to original
[main] DEBUG org.apache.nifi.processors.standard.RouteText - RouteText[id=24e84634-fdfb-4a8b-87b3-8cb3253f4f09] Adding new dynamic property: PropertyDescriptor[simple]
[pool-2645-thread-1] INFO org.apache.nifi.processors.standard.RouteText - RouteText[id=24e84634-fdfb-4a8b-87b3-8cb3253f4f09] Created FlowFile[647,93427337015476.mockFlowFile,23B] from FlowFile[646,93427337015476.mockFlowFile,23B]; routing to relationship simple
[pool-2645-thread-1] INFO org.apache.nifi.processors.standard.RouteText - RouteText[id=24e84634-fdfb-4a8b-87b3-8cb3253f4f09] Routing FlowFile[646,93427337015476.mockFlowFile,23B] to original
[main] DEBUG org.apache.nifi.processors.standard.RouteText - RouteText[id=24e84634-fdfb-4a8b-87b3-8cb3253f4f09] Adding new dynamic property: PropertyDescriptor[simple]
[pool-2646-thread-1] INFO org.apache.nifi.processors.standard.RouteText - RouteText[id=24e84634-fdfb-4a8b-87b3-8cb3253f4f09] Created FlowFile[649,93427337612803.mockFlowFile,23B] from FlowFile[648,93427337612803.mockFlowFile,23B]; routing to relationship simple
[pool-2646-thread-1] INFO org.apache.nifi.processors.standard.RouteText - RouteText[id=24e84634-fdfb-4a8b-87b3-8cb3253f4f09] Routing FlowFile[648,93427337612803.mockFlowFile,23B] to original
[main] DEBUG org.apache.nifi.processors.standard.RouteText - RouteText[id=24e84634-fdfb-4a8b-87b3-8cb3253f4f09] Adding new dynamic property: PropertyDescriptor[simple]
[pool-2647-thread-1] INFO org.apache.nifi.processors.standard.RouteText - RouteText[id=24e84634-fdfb-4a8b-87b3-8cb3253f4f09] Created FlowFile[651,93427338206240.mockFlowFile,23B] from FlowFile[650,93427338206240.mockFlowFile,23B]; routing to relationship simple
[pool-2647-thread-1] INFO org.apache.nifi.processors.standard.RouteText - RouteText[id=24e84634-fdfb-4a8b-87b3-8cb3253f4f09] Routing FlowFile[650,93427338206240.mockFlowFile,23B] to original
[main] DEBUG org.apache.nifi.processors.standard.RouteText - RouteText[id=24e84634-fdfb-4a8b-87b3-8cb3253f4f09] Adding new dynamic property: PropertyDescriptor[simple]
[pool-2648-thread-1] INFO org.apache.nifi.processors.standard.RouteText - RouteText[id=24e84634-fdfb-4a8b-87b3-8cb3253f4f09] Created FlowFile[653,93427338780107.mockFlowFile,23B] from FlowFile[652,93427338780107.mockFlowFile,23B]; routing to relationship simple
[pool-2648-thread-1] INFO org.apache.nifi.processors.standard.RouteText - RouteText[id=24e84634-fdfb-4a8b-87b3-8cb3253f4f09] Routing FlowFile[652,93427338780107.mockFlowFile,23B] to original
[main] DEBUG org.apache.nifi.processors.standard.RouteText - RouteText[id=24e84634-fdfb-4a8b-87b3-8cb3253f4f09] Adding new dynamic property: PropertyDescriptor[simple]
[pool-2649-thread-1] INFO org.apache.nifi.processors.standard.RouteText - RouteText[id=24e84634-fdfb-4a8b-87b3-8cb3253f4f09] Created FlowFile[655,93427339368125.mockFlowFile,23B] from FlowFile[654,93427339368125.mockFlowFile,23B]; routing to relationship simple
[pool-2649-thread-1] INFO org.apache.nifi.processors.standard.RouteText - RouteText[id=24e84634-fdfb-4a8b-87b3-8cb3253f4f09] Routing FlowFile[654,93427339368125.mockFlowFile,23B] to original
[main] DEBUG org.apache.nifi.processors.standard.RouteText - RouteText[id=24e84634-fdfb-4a8b-87b3-8cb3253f4f09] Adding new dynamic property: PropertyDescriptor[simple]
[pool-2650-thread-1] INFO org.apache.nifi.processors.standard.RouteText - RouteText[id=24e84634-fdfb-4a8b-87b3-8cb3253f4f09] Created FlowFile[657,93427339962573.mockFlowFile,23B] from FlowFile[656,93427339962573.mockFlowFile,23B]; routing to relationship simple
[pool-2650-thread-1] INFO org.apache.nifi.processors.standard.RouteText - RouteText[id=24e84634-fdfb-4a8b-87b3-8cb3253f4f09] Routing FlowFile[656,93427339962573.mockFlowFile,23B] to original
[main] DEBUG org.apache.nifi.processors.standard.RouteText - RouteText[id=24e84634-fdfb-4a8b-87b3-8cb3253f4f09] Adding new dynamic property: PropertyDescriptor[simple]
[pool-2651-thread-1] INFO org.apache.nifi.processors.standard.RouteText - RouteText[id=24e84634-fdfb-4a8b-87b3-8cb3253f4f09] Created FlowFile[659,93427340577824.mockFlowFile,23B] from FlowFile[658,93427340577824.mockFlowFile,23B]; routing to relationship simple
[pool-2651-thread-1] INFO org.apache.nifi.processors.standard.RouteText - RouteText[id=24e84634-fdfb-4a8b-87b3-8cb3253f4f09] Routing FlowFile[658,93427340577824.mockFlowFile,23B] to original
[main] DEBUG org.apache.nifi.processors.standard.RouteText - RouteText[id=24e84634-fdfb-4a8b-87b3-8cb3253f4f09] Adding new dynamic property: PropertyDescriptor[simple]
[pool-2652-thread-1] INFO org.apache.nifi.processors.standard.RouteText - RouteText[id=24e84634-fdfb-4a8b-87b3-8cb3253f4f09] Created FlowFile[661,93427341153990.mockFlowFile,23B] from FlowFile[660,93427341153990.mockFlowFile,23B]; routing to relationship simple
[pool-2652-thread-1] INFO org.apache.nifi.processors.standard.RouteText - RouteText[id=24e84634-fdfb-4a8b-87b3-8cb3253f4f09] Routing FlowFile[660,93427341153990.mockFlowFile,23B] to original
[main] DEBUG org.apache.nifi.processors.standard.RouteText - RouteText[id=24e84634-fdfb-4a8b-87b3-8cb3253f4f09] Adding new dynamic property: PropertyDescriptor[simple]
[pool-2653-thread-1] INFO org.apache.nifi.processors.standard.RouteText - RouteText[id=24e84634-fdfb-4a8b-87b3-8cb3253f4f09] Created FlowFile[663,93427341740687.mockFlowFile,23B] from FlowFile[662,93427341740687.mockFlowFile,23B]; routing to relationship simple
[pool-2653-thread-1] INFO org.apache.nifi.processors.standard.RouteText - RouteText[id=24e84634-fdfb-4a8b-87b3-8cb3253f4f09] Routing FlowFile[662,93427341740687.mockFlowFile,23B] to original
[main] DEBUG org.apache.nifi.processors.standard.RouteText - RouteText[id=24e84634-fdfb-4a8b-87b3-8cb3253f4f09] Adding new dynamic property: PropertyDescriptor[simple]
[pool-2654-thread-1] INFO org.apache.nifi.processors.standard.RouteText - RouteText[id=24e84634-fdfb-4a8b-87b3-8cb3253f4f09] Created FlowFile[665,93427342343819.mockFlowFile,23B] from FlowFile[664,93427342343819.mockFlowFile,23B]; routing to relationship simple
[pool-2654-thread-1] INFO org.apache.nifi.processors.standard.RouteText - RouteText[id=24e84634-fdfb-4a8b-87b3-8cb3253f4f09] Routing FlowFile[664,93427342343819.mockFlowFile,23B] to original
[main] DEBUG org.apache.nifi.processors.standard.RouteText - RouteText[id=24e84634-fdfb-4a8b-87b3-8cb3253f4f09] Adding new dynamic property: PropertyDescriptor[simple]
[pool-2655-thread-1] INFO org.apache.nifi.processors.standard.RouteText - RouteText[id=24e84634-fdfb-4a8b-87b3-8cb3253f4f09] Created FlowFile[667,93427342961929.mockFlowFile,23B] from FlowFile[666,93427342961929.mockFlowFile,23B]; routing to relationship simple
[pool-2655-thread-1] INFO org.apache.nifi.processors.standard.RouteText - RouteText[id=24e84634-fdfb-4a8b-87b3-8cb3253f4f09] Routing FlowFile[666,93427342961929.mockFlowFile,23B] to original
[main] DEBUG org.apache.nifi.processors.standard.RouteText - RouteText[id=24e84634-fdfb-4a8b-87b3-8cb3253f4f09] Adding new dynamic property: PropertyDescriptor[simple]
[pool-2656-thread-1] INFO org.apache.nifi.processors.standard.RouteText - RouteText[id=24e84634-fdfb-4a8b-87b3-8cb3253f4f09] Created FlowFile[669,93427343551262.mockFlowFile,23B] from FlowFile[668,93427343551262.mockFlowFile,23B]; routing to relationship simple
[pool-2656-thread-1] INFO org.apache.nifi.processors.standard.RouteText - RouteText[id=24e84634-fdfb-4a8b-87b3-8cb3253f4f09] Routing FlowFile[668,93427343551262.mockFlowFile,23B] to original
[main] DEBUG org.apache.nifi.processors.standard.RouteText - RouteText[id=24e84634-fdfb-4a8b-87b3-8cb3253f4f09] Adding new dynamic property: PropertyDescriptor[simple]
[pool-2657-thread-1] INFO org.apache.nifi.processors.standard.RouteText - RouteText[id=24e84634-fdfb-4a8b-87b3-8cb3253f4f09] Created FlowFile[671,93427344217627.mockFlowFile,23B] from FlowFile[670,93427344217627.mockFlowFile,23B]; routing to relationship simple
[pool-2657-thread-1] INFO org.apache.nifi.processors.standard.RouteText - RouteText[id=24e84634-fdfb-4a8b-87b3-8cb3253f4f09] Routing FlowFile[670,93427344217627.mockFlowFile,23B] to original
[main] DEBUG org.apache.nifi.processors.standard.RouteText - RouteText[id=24e84634-fdfb-4a8b-87b3-8cb3253f4f09] Adding new dynamic property: PropertyDescriptor[simple]
[pool-2658-thread-1] INFO org.apache.nifi.processors.standard.RouteText - RouteText[id=24e84634-fdfb-4a8b-87b3-8cb3253f4f09] Created FlowFile[673,93427344818370.mockFlowFile,23B] from FlowFile[672,93427344818370.mockFlowFile,23B]; routing to relationship simple
[pool-2658-thread-1] INFO org.apache.nifi.processors.standard.RouteText - RouteText[id=24e84634-fdfb-4a8b-87b3-8cb3253f4f09] Routing FlowFile[672,93427344818370.mockFlowFile,23B] to original
[main] DEBUG org.apache.nifi.processors.standard.RouteText - RouteText[id=24e84634-fdfb-4a8b-87b3-8cb3253f4f09] Adding new dynamic property: PropertyDescriptor[simple]
[pool-2659-thread-1] INFO org.apache.nifi.processors.standard.RouteText - RouteText[id=24e84634-fdfb-4a8b-87b3-8cb3253f4f09] Created FlowFile[675,93427345368068.mockFlowFile,23B] from FlowFile[674,93427345368068.mockFlowFile,23B]; routing to relationship simple
[pool-2659-thread-1] INFO org.apache.nifi.processors.standard.RouteText - RouteText[id=24e84634-fdfb-4a8b-87b3-8cb3253f4f09] Routing FlowFile[674,93427345368068.mockFlowFile,23B] to original
[main] DEBUG org.apache.nifi.processors.standard.RouteText - RouteText[id=24e84634-fdfb-4a8b-87b3-8cb3253f4f09] Adding new dynamic property: PropertyDescriptor[simple]
[pool-2660-thread-1] INFO org.apache.nifi.processors.standard.RouteText - RouteText[id=24e84634-fdfb-4a8b-87b3-8cb3253f4f09] Created FlowFile[677,93427345957520.mockFlowFile,23B] from FlowFile[676,93427345957520.mockFlowFile,23B]; routing to relationship simple
[pool-2660-thread-1] INFO org.apache.nifi.processors.standard.RouteText - RouteText[id=24e84634-fdfb-4a8b-87b3-8cb3253f4f09] Routing FlowFile[676,93427345957520.mockFlowFile,23B] to original
[main] DEBUG org.apache.nifi.processors.standard.RouteText - RouteText[id=24e84634-fdfb-4a8b-87b3-8cb3253f4f09] Adding new dynamic property: PropertyDescriptor[simple]
[pool-2661-thread-1] INFO org.apache.nifi.processors.standard.RouteText - RouteText[id=24e84634-fdfb-4a8b-87b3-8cb3253f4f09] Created FlowFile[679,93427346503489.mockFlowFile,23B] from FlowFile[678,93427346503489.mockFlowFile,23B]; routing to relationship simple
[pool-2661-thread-1] INFO org.apache.nifi.processors.standard.RouteText - RouteText[id=24e84634-fdfb-4a8b-87b3-8cb3253f4f09] Routing FlowFile[678,93427346503489.mockFlowFile,23B] to original
[main] DEBUG org.apache.nifi.processors.standard.RouteText - RouteText[id=24e84634-fdfb-4a8b-87b3-8cb3253f4f09] Adding new dynamic property: PropertyDescriptor[simple]
[pool-2662-thread-1] INFO org.apache.nifi.processors.standard.RouteText - RouteText[id=24e84634-fdfb-4a8b-87b3-8cb3253f4f09] Created FlowFile[681,93427347007417.mockFlowFile,23B] from FlowFile[680,93427347007417.mockFlowFile,23B]; routing to relationship simple
[pool-2662-thread-1] INFO org.apache.nifi.processors.standard.RouteText - RouteText[id=24e84634-fdfb-4a8b-87b3-8cb3253f4f09] Routing FlowFile[680,93427347007417.mockFlowFile,23B] to original
[main] DEBUG org.apache.nifi.processors.standard.RouteText - RouteText[id=24e84634-fdfb-4a8b-87b3-8cb3253f4f09] Adding new dynamic property: PropertyDescriptor[simple]
[pool-2663-thread-1] INFO org.apache.nifi.processors.standard.RouteText - RouteText[id=24e84634-fdfb-4a8b-87b3-8cb3253f4f09] Created FlowFile[683,93427347527735.mockFlowFile,23B] from FlowFile[682,93427347527735.mockFlowFile,23B]; routing to relationship simple
[pool-2663-thread-1] INFO org.apache.nifi.processors.standard.RouteText - RouteText[id=24e84634-fdfb-4a8b-87b3-8cb3253f4f09] Routing FlowFile[682,93427347527735.mockFlowFile,23B] to original
[main] DEBUG org.apache.nifi.processors.standard.RouteText - RouteText[id=24e84634-fdfb-4a8b-87b3-8cb3253f4f09] Adding new dynamic property: PropertyDescriptor[simple]
[pool-2664-thread-1] INFO org.apache.nifi.processors.standard.RouteText - RouteText[id=24e84634-fdfb-4a8b-87b3-8cb3253f4f09] Created FlowFile[685,93427348240024.mockFlowFile,23B] from FlowFile[684,93427348240024.mockFlowFile,23B]; routing to relationship simple
[pool-2664-thread-1] INFO org.apache.nifi.processors.standard.RouteText - RouteText[id=24e84634-fdfb-4a8b-87b3-8cb3253f4f09] Routing FlowFile[684,93427348240024.mockFlowFile,23B] to original
[main] DEBUG org.apache.nifi.processors.standard.RouteText - RouteText[id=24e84634-fdfb-4a8b-87b3-8cb3253f4f09] Adding new dynamic property: PropertyDescriptor[simple]
[pool-2665-thread-1] INFO org.apache.nifi.processors.standard.RouteText - RouteText[id=24e84634-fdfb-4a8b-87b3-8cb3253f4f09] Created FlowFile[687,93427348886344.mockFlowFile,23B] from FlowFile[686,93427348886344.mockFlowFile,23B]; routing to relationship simple
[pool-2665-thread-1] INFO org.apache.nifi.processors.standard.RouteText - RouteText[id=24e84634-fdfb-4a8b-87b3-8cb3253f4f09] Routing FlowFile[686,93427348886344.mockFlowFile,23B] to original
[main] DEBUG org.apache.nifi.processors.standard.RouteText - RouteText[id=24e84634-fdfb-4a8b-87b3-8cb3253f4f09] Adding new dynamic property: PropertyDescriptor[simple]
[pool-2666-thread-1] INFO org.apache.nifi.processors.standard.RouteText - RouteText[id=24e84634-fdfb-4a8b-87b3-8cb3253f4f09] Created FlowFile[689,93427349434481.mockFlowFile,23B] from FlowFile[688,93427349434481.mockFlowFile,23B]; routing to relationship simple
[pool-2666-thread-1] INFO org.apache.nifi.processors.standard.RouteText - RouteText[id=24e84634-fdfb-4a8b-87b3-8cb3253f4f09] Routing FlowFile[688,93427349434481.mockFlowFile,23B] to original
[main] DEBUG org.apache.nifi.processors.standard.RouteText - RouteText[id=24e84634-fdfb-4a8b-87b3-8cb3253f4f09] Adding new dynamic property: PropertyDescriptor[simple]
[pool-2667-thread-1] INFO org.apache.nifi.processors.standard.RouteText - RouteText[id=24e84634-fdfb-4a8b-87b3-8cb3253f4f09] Created FlowFile[691,93427349953154.mockFlowFile,23B] from FlowFile[690,93427349953154.mockFlowFile,23B]; routing to relationship simple
[pool-2667-thread-1] INFO org.apache.nifi.processors.standard.RouteText - RouteText[id=24e84634-fdfb-4a8b-87b3-8cb3253f4f09] Routing FlowFile[690,93427349953154.mockFlowFile,23B] to original
[main] DEBUG org.apache.nifi.processors.standard.RouteText - RouteText[id=24e84634-fdfb-4a8b-87b3-8cb3253f4f09] Adding new dynamic property: PropertyDescriptor[simple]
[pool-2668-thread-1] INFO org.apache.nifi.processors.standard.RouteText - RouteText[id=24e84634-fdfb-4a8b-87b3-8cb3253f4f09] Created FlowFile[693,93427350484267.mockFlowFile,23B] from FlowFile[692,93427350484267.mockFlowFile,23B]; routing to relationship simple
[pool-2668-thread-1] INFO org.apache.nifi.processors.standard.RouteText - RouteText[id=24e84634-fdfb-4a8b-87b3-8cb3253f4f09] Routing FlowFile[692,93427350484267.mockFlowFile,23B] to original
[main] DEBUG org.apache.nifi.processors.standard.RouteText - RouteText[id=24e84634-fdfb-4a8b-87b3-8cb3253f4f09] Adding new dynamic property: PropertyDescriptor[simple]
[pool-2669-thread-1] INFO org.apache.nifi.processors.standard.RouteText - RouteText[id=24e84634-fdfb-4a8b-87b3-8cb3253f4f09] Created FlowFile[695,93427351070055.mockFlowFile,23B] from FlowFile[694,93427351070055.mockFlowFile,23B]; routing to relationship simple
[pool-2669-thread-1] INFO org.apache.nifi.processors.standard.RouteText - RouteText[id=24e84634-fdfb-4a8b-87b3-8cb3253f4f09] Routing FlowFile[694,93427351070055.mockFlowFile,23B] to original
[main] DEBUG org.apache.nifi.processors.standard.RouteText - RouteText[id=24e84634-fdfb-4a8b-87b3-8cb3253f4f09] Adding new dynamic property: PropertyDescriptor[simple]
[pool-2670-thread-1] INFO org.apache.nifi.processors.standard.RouteText - RouteText[id=24e84634-fdfb-4a8b-87b3-8cb3253f4f09] Created FlowFile[697,93427351620564.mockFlowFile,23B] from FlowFile[696,93427351620564.mockFlowFile,23B]; routing to relationship simple
[pool-2670-thread-1] INFO org.apache.nifi.processors.standard.RouteText - RouteText[id=24e84634-fdfb-4a8b-87b3-8cb3253f4f09] Routing FlowFile[696,93427351620564.mockFlowFile,23B] to original
[main] DEBUG org.apache.nifi.processors.standard.RouteText - RouteText[id=24e84634-fdfb-4a8b-87b3-8cb3253f4f09] Adding new dynamic property: PropertyDescriptor[simple]
[pool-2671-thread-1] INFO org.apache.nifi.processors.standard.RouteText - RouteText[id=24e84634-fdfb-4a8b-87b3-8cb3253f4f09] Created FlowFile[699,93427352181187.mockFlowFile,23B] from FlowFile[698,93427352181187.mockFlowFile,23B]; routing to relationship simple
[pool-2671-thread-1] INFO org.apache.nifi.processors.standard.RouteText - RouteText[id=24e84634-fdfb-4a8b-87b3-8cb3253f4f09] Routing FlowFile[698,93427352181187.mockFlowFile,23B] to original
[main] DEBUG org.apache.nifi.processors.standard.RouteText - RouteText[id=24e84634-fdfb-4a8b-87b3-8cb3253f4f09] Adding new dynamic property: PropertyDescriptor[simple]
[pool-2672-thread-1] INFO org.apache.nifi.processors.standard.RouteText - RouteText[id=24e84634-fdfb-4a8b-87b3-8cb3253f4f09] Created FlowFile[701,93427352758051.mockFlowFile,23B] from FlowFile[700,93427352758051.mockFlowFile,23B]; routing to relationship simple
[pool-2672-thread-1] INFO org.apache.nifi.processors.standard.RouteText - RouteText[id=24e84634-fdfb-4a8b-87b3-8cb3253f4f09] Routing FlowFile[700,93427352758051.mockFlowFile,23B] to original
[main] DEBUG org.apache.nifi.processors.standard.RouteText - RouteText[id=24e84634-fdfb-4a8b-87b3-8cb3253f4f09] Adding new dynamic property: PropertyDescriptor[simple]
[pool-2673-thread-1] INFO org.apache.nifi.processors.standard.RouteText - RouteText[id=24e84634-fdfb-4a8b-87b3-8cb3253f4f09] Created FlowFile[703,93427353326028.mockFlowFile,23B] from FlowFile[702,93427353326028.mockFlowFile,23B]; routing to relationship simple
[pool-2673-thread-1] INFO org.apache.nifi.processors.standard.RouteText - RouteText[id=24e84634-fdfb-4a8b-87b3-8cb3253f4f09] Routing FlowFile[702,93427353326028.mockFlowFile,23B] to original
[main] DEBUG org.apache.nifi.processors.standard.RouteText - RouteText[id=24e84634-fdfb-4a8b-87b3-8cb3253f4f09] Adding new dynamic property: PropertyDescriptor[simple]
[pool-2674-thread-1] INFO org.apache.nifi.processors.standard.RouteText - RouteText[id=24e84634-fdfb-4a8b-87b3-8cb3253f4f09] Created FlowFile[705,93427353890706.mockFlowFile,23B] from FlowFile[704,93427353890706.mockFlowFile,23B]; routing to relationship simple
[pool-2674-thread-1] INFO org.apache.nifi.processors.standard.RouteText - RouteText[id=24e84634-fdfb-4a8b-87b3-8cb3253f4f09] Routing FlowFile[704,93427353890706.mockFlowFile,23B] to original
[main] DEBUG org.apache.nifi.processors.standard.RouteText - RouteText[id=24e84634-fdfb-4a8b-87b3-8cb3253f4f09] Adding new dynamic property: PropertyDescriptor[simple]
[pool-2675-thread-1] INFO org.apache.nifi.processors.standard.RouteText - RouteText[id=24e84634-fdfb-4a8b-87b3-8cb3253f4f09] Created FlowFile[707,93427354442451.mockFlowFile,23B] from FlowFile[706,93427354442451.mockFlowFile,23B]; routing to relationship simple
[pool-2675-thread-1] INFO org.apache.nifi.processors.standard.RouteText - RouteText[id=24e84634-fdfb-4a8b-87b3-8cb3253f4f09] Routing FlowFile[706,93427354442451.mockFlowFile,23B] to original
[main] DEBUG org.apache.nifi.processors.standard.RouteText - RouteText[id=24e84634-fdfb-4a8b-87b3-8cb3253f4f09] Adding new dynamic property: PropertyDescriptor[simple]
[pool-2676-thread-1] INFO org.apache.nifi.processors.standard.RouteText - RouteText[id=24e84634-fdfb-4a8b-87b3-8cb3253f4f09] Created FlowFile[709,93427354935076.mockFlowFile,23B] from FlowFile[708,93427354935076.mockFlowFile,23B]; routing to relationship simple
[pool-2676-thread-1] INFO org.apache.nifi.processors.standard.RouteText - RouteText[id=24e84634-fdfb-4a8b-87b3-8cb3253f4f09] Routing FlowFile[708,93427354935076.mockFlowFile,23B] to original
[main] DEBUG org.apache.nifi.processors.standard.RouteText - RouteText[id=24e84634-fdfb-4a8b-87b3-8cb3253f4f09] Adding new dynamic property: PropertyDescriptor[simple]
[pool-2677-thread-1] INFO org.apache.nifi.processors.standard.RouteText - RouteText[id=24e84634-fdfb-4a8b-87b3-8cb3253f4f09] Created FlowFile[711,93427355403620.mockFlowFile,23B] from FlowFile[710,93427355403620.mockFlowFile,23B]; routing to relationship simple
[pool-2677-thread-1] INFO org.apache.nifi.processors.standard.RouteText - RouteText[id=24e84634-fdfb-4a8b-87b3-8cb3253f4f09] Routing FlowFile[710,93427355403620.mockFlowFile,23B] to original
[main] DEBUG org.apache.nifi.processors.standard.RouteText - RouteText[id=24e84634-fdfb-4a8b-87b3-8cb3253f4f09] Adding new dynamic property: PropertyDescriptor[simple]
[pool-2678-thread-1] INFO org.apache.nifi.processors.standard.RouteText - RouteText[id=24e84634-fdfb-4a8b-87b3-8cb3253f4f09] Created FlowFile[713,93427355884923.mockFlowFile,23B] from FlowFile[712,93427355884923.mockFlowFile,23B]; routing to relationship simple
[pool-2678-thread-1] INFO org.apache.nifi.processors.standard.RouteText - RouteText[id=24e84634-fdfb-4a8b-87b3-8cb3253f4f09] Routing FlowFile[712,93427355884923.mockFlowFile,23B] to original
[main] DEBUG org.apache.nifi.processors.standard.RouteText - RouteText[id=24e84634-fdfb-4a8b-87b3-8cb3253f4f09] Adding new dynamic property: PropertyDescriptor[simple]
[pool-2679-thread-1] INFO org.apache.nifi.processors.standard.RouteText - RouteText[id=24e84634-fdfb-4a8b-87b3-8cb3253f4f09] Created FlowFile[715,93427356481559.mockFlowFile,23B] from FlowFile[714,93427356481559.mockFlowFile,23B]; routing to relationship simple
[pool-2679-thread-1] INFO org.apache.nifi.processors.standard.RouteText - RouteText[id=24e84634-fdfb-4a8b-87b3-8cb3253f4f09] Routing FlowFile[714,93427356481559.mockFlowFile,23B] to original
[main] DEBUG org.apache.nifi.processors.standard.RouteText - RouteText[id=24e84634-fdfb-4a8b-87b3-8cb3253f4f09] Adding new dynamic property: PropertyDescriptor[simple]
[pool-2680-thread-1] INFO org.apache.nifi.processors.standard.RouteText - RouteText[id=24e84634-fdfb-4a8b-87b3-8cb3253f4f09] Created FlowFile[717,93427357001613.mockFlowFile,23B] from FlowFile[716,93427357001613.mockFlowFile,23B]; routing to relationship simple
[pool-2680-thread-1] INFO org.apache.nifi.processors.standard.RouteText - RouteText[id=24e84634-fdfb-4a8b-87b3-8cb3253f4f09] Routing FlowFile[716,93427357001613.mockFlowFile,23B] to original
[main] DEBUG org.apache.nifi.processors.standard.RouteText - RouteText[id=24e84634-fdfb-4a8b-87b3-8cb3253f4f09] Adding new dynamic property: PropertyDescriptor[simple]
[pool-2681-thread-1] INFO org.apache.nifi.processors.standard.RouteText - RouteText[id=24e84634-fdfb-4a8b-87b3-8cb3253f4f09] Created FlowFile[719,93427357499915.mockFlowFile,23B] from FlowFile[718,93427357499915.mockFlowFile,23B]; routing to relationship simple
[pool-2681-thread-1] INFO org.apache.nifi.processors.standard.RouteText - RouteText[id=24e84634-fdfb-4a8b-87b3-8cb3253f4f09] Routing FlowFile[718,93427357499915.mockFlowFile,23B] to original
[main] DEBUG org.apache.nifi.processors.standard.RouteText - RouteText[id=24e84634-fdfb-4a8b-87b3-8cb3253f4f09] Adding new dynamic property: PropertyDescriptor[simple]
[pool-2682-thread-1] INFO org.apache.nifi.processors.standard.RouteText - RouteText[id=24e84634-fdfb-4a8b-87b3-8cb3253f4f09] Created FlowFile[721,93427358007414.mockFlowFile,23B] from FlowFile[720,93427358007414.mockFlowFile,23B]; routing to relationship simple
[pool-2682-thread-1] INFO org.apache.nifi.processors.standard.RouteText - RouteText[id=24e84634-fdfb-4a8b-87b3-8cb3253f4f09] Routing FlowFile[720,93427358007414.mockFlowFile,23B] to original
[main] DEBUG org.apache.nifi.processors.standard.RouteText - RouteText[id=24e84634-fdfb-4a8b-87b3-8cb3253f4f09] Adding new dynamic property: PropertyDescriptor[simple]
[pool-2683-thread-1] INFO org.apache.nifi.processors.standard.RouteText - RouteText[id=24e84634-fdfb-4a8b-87b3-8cb3253f4f09] Created FlowFile[723,93427358509911.mockFlowFile,23B] from FlowFile[722,93427358509911.mockFlowFile,23B]; routing to relationship simple
[pool-2683-thread-1] INFO org.apache.nifi.processors.standard.RouteText - RouteText[id=24e84634-fdfb-4a8b-87b3-8cb3253f4f09] Routing FlowFile[722,93427358509911.mockFlowFile,23B] to original
[main] DEBUG org.apache.nifi.processors.standard.RouteText - RouteText[id=24e84634-fdfb-4a8b-87b3-8cb3253f4f09] Adding new dynamic property: PropertyDescriptor[simple]
[pool-2684-thread-1] INFO org.apache.nifi.processors.standard.RouteText - RouteText[id=24e84634-fdfb-4a8b-87b3-8cb3253f4f09] Created FlowFile[725,93427359013678.mockFlowFile,23B] from FlowFile[724,93427359013678.mockFlowFile,23B]; routing to relationship simple
[pool-2684-thread-1] INFO org.apache.nifi.processors.standard.RouteText - RouteText[id=24e84634-fdfb-4a8b-87b3-8cb3253f4f09] Routing FlowFile[724,93427359013678.mockFlowFile,23B] to original
[main] DEBUG org.apache.nifi.processors.standard.RouteText - RouteText[id=24e84634-fdfb-4a8b-87b3-8cb3253f4f09] Adding new dynamic property: PropertyDescriptor[simple]
[pool-2685-thread-1] INFO org.apache.nifi.processors.standard.RouteText - RouteText[id=24e84634-fdfb-4a8b-87b3-8cb3253f4f09] Created FlowFile[727,93427359553329.mockFlowFile,23B] from FlowFile[726,93427359553329.mockFlowFile,23B]; routing to relationship simple
[pool-2685-thread-1] INFO org.apache.nifi.processors.standard.RouteText - RouteText[id=24e84634-fdfb-4a8b-87b3-8cb3253f4f09] Routing FlowFile[726,93427359553329.mockFlowFile,23B] to original
[main] DEBUG org.apache.nifi.processors.standard.RouteText - RouteText[id=24e84634-fdfb-4a8b-87b3-8cb3253f4f09] Adding new dynamic property: PropertyDescriptor[simple]
[pool-2686-thread-1] INFO org.apache.nifi.processors.standard.RouteText - RouteText[id=24e84634-fdfb-4a8b-87b3-8cb3253f4f09] Created FlowFile[729,93427360268173.mockFlowFile,23B] from FlowFile[728,93427360268173.mockFlowFile,23B]; routing to relationship simple
[pool-2686-thread-1] INFO org.apache.nifi.processors.standard.RouteText - RouteText[id=24e84634-fdfb-4a8b-87b3-8cb3253f4f09] Routing FlowFile[728,93427360268173.mockFlowFile,23B] to original
[main] DEBUG org.apache.nifi.processors.standard.RouteText - RouteText[id=24e84634-fdfb-4a8b-87b3-8cb3253f4f09] Adding new dynamic property: PropertyDescriptor[simple]
[pool-2687-thread-1] INFO org.apache.nifi.processors.standard.RouteText - RouteText[id=24e84634-fdfb-4a8b-87b3-8cb3253f4f09] Created FlowFile[731,93427360888813.mockFlowFile,23B] from FlowFile[730,93427360888813.mockFlowFile,23B]; routing to relationship simple
[pool-2687-thread-1] INFO org.apache.nifi.processors.standard.RouteText - RouteText[id=24e84634-fdfb-4a8b-87b3-8cb3253f4f09] Routing FlowFile[730,93427360888813.mockFlowFile,23B] to original
[main] DEBUG org.apache.nifi.processors.standard.RouteText - RouteText[id=24e84634-fdfb-4a8b-87b3-8cb3253f4f09] Adding new dynamic property: PropertyDescriptor[simple]
[pool-2688-thread-1] INFO org.apache.nifi.processors.standard.RouteText - RouteText[id=24e84634-fdfb-4a8b-87b3-8cb3253f4f09] Created FlowFile[733,93427361641969.mockFlowFile,23B] from FlowFile[732,93427361641969.mockFlowFile,23B]; routing to relationship simple
[pool-2688-thread-1] INFO org.apache.nifi.processors.standard.RouteText - RouteText[id=24e84634-fdfb-4a8b-87b3-8cb3253f4f09] Routing FlowFile[732,93427361641969.mockFlowFile,23B] to original
[main] DEBUG org.apache.nifi.processors.standard.RouteText - RouteText[id=24e84634-fdfb-4a8b-87b3-8cb3253f4f09] Adding new dynamic property: PropertyDescriptor[simple]
[pool-2689-thread-1] INFO org.apache.nifi.processors.standard.RouteText - RouteText[id=24e84634-fdfb-4a8b-87b3-8cb3253f4f09] Created FlowFile[735,93427362215442.mockFlowFile,23B] from FlowFile[734,93427362215442.mockFlowFile,23B]; routing to relationship simple
[pool-2689-thread-1] INFO org.apache.nifi.processors.standard.RouteText - RouteText[id=24e84634-fdfb-4a8b-87b3-8cb3253f4f09] Routing FlowFile[734,93427362215442.mockFlowFile,23B] to original
[main] DEBUG org.apache.nifi.processors.standard.RouteText - RouteText[id=24e84634-fdfb-4a8b-87b3-8cb3253f4f09] Adding new dynamic property: PropertyDescriptor[simple]
[pool-2690-thread-1] INFO org.apache.nifi.processors.standard.RouteText - RouteText[id=24e84634-fdfb-4a8b-87b3-8cb3253f4f09] Created FlowFile[737,93427362791237.mockFlowFile,23B] from FlowFile[736,93427362791237.mockFlowFile,23B]; routing to relationship simple
[pool-2690-thread-1] INFO org.apache.nifi.processors.standard.RouteText - RouteText[id=24e84634-fdfb-4a8b-87b3-8cb3253f4f09] Routing FlowFile[736,93427362791237.mockFlowFile,23B] to original
[main] DEBUG org.apache.nifi.processors.standard.RouteText - RouteText[id=24e84634-fdfb-4a8b-87b3-8cb3253f4f09] Adding new dynamic property: PropertyDescriptor[simple]
[pool-2691-thread-1] INFO org.apache.nifi.processors.standard.RouteText - RouteText[id=24e84634-fdfb-4a8b-87b3-8cb3253f4f09] Created FlowFile[739,93427363374237.mockFlowFile,23B] from FlowFile[738,93427363374237.mockFlowFile,23B]; routing to relationship simple
[pool-2691-thread-1] INFO org.apache.nifi.processors.standard.RouteText - RouteText[id=24e84634-fdfb-4a8b-87b3-8cb3253f4f09] Routing FlowFile[738,93427363374237.mockFlowFile,23B] to original
[main] DEBUG org.apache.nifi.processors.standard.RouteText - RouteText[id=24e84634-fdfb-4a8b-87b3-8cb3253f4f09] Adding new dynamic property: PropertyDescriptor[simple]
[pool-2692-thread-1] INFO org.apache.nifi.processors.standard.RouteText - RouteText[id=24e84634-fdfb-4a8b-87b3-8cb3253f4f09] Created FlowFile[741,93427363982407.mockFlowFile,23B] from FlowFile[740,93427363982407.mockFlowFile,23B]; routing to relationship simple
[pool-2692-thread-1] INFO org.apache.nifi.processors.standard.RouteText - RouteText[id=24e84634-fdfb-4a8b-87b3-8cb3253f4f09] Routing FlowFile[740,93427363982407.mockFlowFile,23B] to original
[main] DEBUG org.apache.nifi.processors.standard.RouteText - RouteText[id=24e84634-fdfb-4a8b-87b3-8cb3253f4f09] Adding new dynamic property: PropertyDescriptor[simple]
[pool-2693-thread-1] INFO org.apache.nifi.processors.standard.RouteText - RouteText[id=24e84634-fdfb-4a8b-87b3-8cb3253f4f09] Created FlowFile[743,93427364598070.mockFlowFile,23B] from FlowFile[742,93427364598070.mockFlowFile,23B]; routing to relationship simple
[pool-2693-thread-1] INFO org.apache.nifi.processors.standard.RouteText - RouteText[id=24e84634-fdfb-4a8b-87b3-8cb3253f4f09] Routing FlowFile[742,93427364598070.mockFlowFile,23B] to original
[main] DEBUG org.apache.nifi.processors.standard.RouteText - RouteText[id=24e84634-fdfb-4a8b-87b3-8cb3253f4f09] Adding new dynamic property: PropertyDescriptor[simple]
[pool-2694-thread-1] INFO org.apache.nifi.processors.standard.RouteText - RouteText[id=24e84634-fdfb-4a8b-87b3-8cb3253f4f09] Created FlowFile[745,93427365150082.mockFlowFile,23B] from FlowFile[744,93427365150082.mockFlowFile,23B]; routing to relationship simple
[pool-2694-thread-1] INFO org.apache.nifi.processors.standard.RouteText - RouteText[id=24e84634-fdfb-4a8b-87b3-8cb3253f4f09] Routing FlowFile[744,93427365150082.mockFlowFile,23B] to original
[main] DEBUG org.apache.nifi.processors.standard.RouteText - RouteText[id=24e84634-fdfb-4a8b-87b3-8cb3253f4f09] Adding new dynamic property: PropertyDescriptor[simple]
[pool-2695-thread-1] INFO org.apache.nifi.processors.standard.RouteText - RouteText[id=24e84634-fdfb-4a8b-87b3-8cb3253f4f09] Created FlowFile[747,93427365672284.mockFlowFile,23B] from FlowFile[746,93427365672284.mockFlowFile,23B]; routing to relationship simple
[pool-2695-thread-1] INFO org.apache.nifi.processors.standard.RouteText - RouteText[id=24e84634-fdfb-4a8b-87b3-8cb3253f4f09] Routing FlowFile[746,93427365672284.mockFlowFile,23B] to original
[main] DEBUG org.apache.nifi.processors.standard.RouteText - RouteText[id=24e84634-fdfb-4a8b-87b3-8cb3253f4f09] Adding new dynamic property: PropertyDescriptor[simple]
[pool-2696-thread-1] INFO org.apache.nifi.processors.standard.RouteText - RouteText[id=24e84634-fdfb-4a8b-87b3-8cb3253f4f09] Created FlowFile[749,93427366181930.mockFlowFile,23B] from FlowFile[748,93427366181930.mockFlowFile,23B]; routing to relationship simple
[pool-2696-thread-1] INFO org.apache.nifi.processors.standard.RouteText - RouteText[id=24e84634-fdfb-4a8b-87b3-8cb3253f4f09] Routing FlowFile[748,93427366181930.mockFlowFile,23B] to original
[main] DEBUG org.apache.nifi.processors.standard.RouteText - RouteText[id=24e84634-fdfb-4a8b-87b3-8cb3253f4f09] Adding new dynamic property: PropertyDescriptor[simple]
[pool-2697-thread-1] INFO org.apache.nifi.processors.standard.RouteText - RouteText[id=24e84634-fdfb-4a8b-87b3-8cb3253f4f09] Created FlowFile[751,93427366674646.mockFlowFile,23B] from FlowFile[750,93427366674646.mockFlowFile,23B]; routing to relationship simple
[pool-2697-thread-1] INFO org.apache.nifi.processors.standard.RouteText - RouteText[id=24e84634-fdfb-4a8b-87b3-8cb3253f4f09] Routing FlowFile[750,93427366674646.mockFlowFile,23B] to original
[main] DEBUG org.apache.nifi.processors.standard.RouteText - RouteText[id=24e84634-fdfb-4a8b-87b3-8cb3253f4f09] Adding new dynamic property: PropertyDescriptor[simple]
[pool-2698-thread-1] INFO org.apache.nifi.processors.standard.RouteText - RouteText[id=24e84634-fdfb-4a8b-87b3-8cb3253f4f09] Created FlowFile[753,93427367194297.mockFlowFile,23B] from FlowFile[752,93427367194297.mockFlowFile,23B]; routing to relationship simple
[pool-2698-thread-1] INFO org.apache.nifi.processors.standard.RouteText - RouteText[id=24e84634-fdfb-4a8b-87b3-8cb3253f4f09] Routing FlowFile[752,93427367194297.mockFlowFile,23B] to original
[main] DEBUG org.apache.nifi.processors.standard.RouteText - RouteText[id=24e84634-fdfb-4a8b-87b3-8cb3253f4f09] Adding new dynamic property: PropertyDescriptor[simple]
[pool-2699-thread-1] INFO org.apache.nifi.processors.standard.RouteText - RouteText[id=24e84634-fdfb-4a8b-87b3-8cb3253f4f09] Created FlowFile[755,93427367719472.mockFlowFile,23B] from FlowFile[754,93427367719472.mockFlowFile,23B]; routing to relationship simple
[pool-2699-thread-1] INFO org.apache.nifi.processors.standard.RouteText - RouteText[id=24e84634-fdfb-4a8b-87b3-8cb3253f4f09] Routing FlowFile[754,93427367719472.mockFlowFile,23B] to original
[main] DEBUG org.apache.nifi.processors.standard.RouteText - RouteText[id=24e84634-fdfb-4a8b-87b3-8cb3253f4f09] Adding new dynamic property: PropertyDescriptor[simple]
[pool-2700-thread-1] INFO org.apache.nifi.processors.standard.RouteText - RouteText[id=24e84634-fdfb-4a8b-87b3-8cb3253f4f09] Created FlowFile[757,93427368302644.mockFlowFile,23B] from FlowFile[756,93427368302644.mockFlowFile,23B]; routing to relationship simple
[pool-2700-thread-1] INFO org.apache.nifi.processors.standard.RouteText - RouteText[id=24e84634-fdfb-4a8b-87b3-8cb3253f4f09] Routing FlowFile[756,93427368302644.mockFlowFile,23B] to original
[main] DEBUG org.apache.nifi.processors.standard.RouteText - RouteText[id=24e84634-fdfb-4a8b-87b3-8cb3253f4f09] Adding new dynamic property: PropertyDescriptor[simple]
[pool-2701-thread-1] INFO org.apache.nifi.processors.standard.RouteText - RouteText[id=24e84634-fdfb-4a8b-87b3-8cb3253f4f09] Created FlowFile[759,93427368872552.mockFlowFile,23B] from FlowFile[758,93427368872552.mockFlowFile,23B]; routing to relationship simple
[pool-2701-thread-1] INFO org.apache.nifi.processors.standard.RouteText - RouteText[id=24e84634-fdfb-4a8b-87b3-8cb3253f4f09] Routing FlowFile[758,93427368872552.mockFlowFile,23B] to original
[main] DEBUG org.apache.nifi.processors.standard.RouteText - RouteText[id=24e84634-fdfb-4a8b-87b3-8cb3253f4f09] Adding new dynamic property: PropertyDescriptor[simple]
[pool-2702-thread-1] INFO org.apache.nifi.processors.standard.RouteText - RouteText[id=24e84634-fdfb-4a8b-87b3-8cb3253f4f09] Created FlowFile[761,93427369432622.mockFlowFile,23B] from FlowFile[760,93427369432622.mockFlowFile,23B]; routing to relationship simple
[pool-2702-thread-1] INFO org.apache.nifi.processors.standard.RouteText - RouteText[id=24e84634-fdfb-4a8b-87b3-8cb3253f4f09] Routing FlowFile[760,93427369432622.mockFlowFile,23B] to original
[main] DEBUG org.apache.nifi.processors.standard.RouteText - RouteText[id=24e84634-fdfb-4a8b-87b3-8cb3253f4f09] Adding new dynamic property: PropertyDescriptor[simple]
[pool-2703-thread-1] INFO org.apache.nifi.processors.standard.RouteText - RouteText[id=24e84634-fdfb-4a8b-87b3-8cb3253f4f09] Created FlowFile[763,93427370025822.mockFlowFile,23B] from FlowFile[762,93427370025822.mockFlowFile,23B]; routing to relationship simple
[pool-2703-thread-1] INFO org.apache.nifi.processors.standard.RouteText - RouteText[id=24e84634-fdfb-4a8b-87b3-8cb3253f4f09] Routing FlowFile[762,93427370025822.mockFlowFile,23B] to original
[main] DEBUG org.apache.nifi.processors.standard.RouteText - RouteText[id=24e84634-fdfb-4a8b-87b3-8cb3253f4f09] Adding new dynamic property: PropertyDescriptor[simple]
[pool-2704-thread-1] INFO org.apache.nifi.processors.standard.RouteText - RouteText[id=24e84634-fdfb-4a8b-87b3-8cb3253f4f09] Created FlowFile[765,93427370548434.mockFlowFile,23B] from FlowFile[764,93427370548434.mockFlowFile,23B]; routing to relationship simple
[pool-2704-thread-1] INFO org.apache.nifi.processors.standard.RouteText - RouteText[id=24e84634-fdfb-4a8b-87b3-8cb3253f4f09] Routing FlowFile[764,93427370548434.mockFlowFile,23B] to original
[main] DEBUG org.apache.nifi.processors.standard.RouteText - RouteText[id=24e84634-fdfb-4a8b-87b3-8cb3253f4f09] Adding new dynamic property: PropertyDescriptor[simple]
[pool-2705-thread-1] INFO org.apache.nifi.processors.standard.RouteText - RouteText[id=24e84634-fdfb-4a8b-87b3-8cb3253f4f09] Created FlowFile[767,93427371068674.mockFlowFile,23B] from FlowFile[766,93427371068674.mockFlowFile,23B]; routing to relationship simple
[pool-2705-thread-1] INFO org.apache.nifi.processors.standard.RouteText - RouteText[id=24e84634-fdfb-4a8b-87b3-8cb3253f4f09] Routing FlowFile[766,93427371068674.mockFlowFile,23B] to original
[main] DEBUG org.apache.nifi.processors.standard.RouteText - RouteText[id=24e84634-fdfb-4a8b-87b3-8cb3253f4f09] Adding new dynamic property: PropertyDescriptor[simple]
[pool-2706-thread-1] INFO org.apache.nifi.processors.standard.RouteText - RouteText[id=24e84634-fdfb-4a8b-87b3-8cb3253f4f09] Created FlowFile[769,93427371614922.mockFlowFile,23B] from FlowFile[768,93427371614922.mockFlowFile,23B]; routing to relationship simple
[pool-2706-thread-1] INFO org.apache.nifi.processors.standard.RouteText - RouteText[id=24e84634-fdfb-4a8b-87b3-8cb3253f4f09] Routing FlowFile[768,93427371614922.mockFlowFile,23B] to original
[main] DEBUG org.apache.nifi.processors.standard.RouteText - RouteText[id=24e84634-fdfb-4a8b-87b3-8cb3253f4f09] Adding new dynamic property: PropertyDescriptor[simple]
[pool-2707-thread-1] INFO org.apache.nifi.processors.standard.RouteText - RouteText[id=24e84634-fdfb-4a8b-87b3-8cb3253f4f09] Created FlowFile[771,93427372266100.mockFlowFile,23B] from FlowFile[770,93427372266100.mockFlowFile,23B]; routing to relationship simple
[pool-2707-thread-1] INFO org.apache.nifi.processors.standard.RouteText - RouteText[id=24e84634-fdfb-4a8b-87b3-8cb3253f4f09] Routing FlowFile[770,93427372266100.mockFlowFile,23B] to original
[main] DEBUG org.apache.nifi.processors.standard.RouteText - RouteText[id=24e84634-fdfb-4a8b-87b3-8cb3253f4f09] Adding new dynamic property: PropertyDescriptor[simple]
[pool-2708-thread-1] INFO org.apache.nifi.processors.standard.RouteText - RouteText[id=24e84634-fdfb-4a8b-87b3-8cb3253f4f09] Created FlowFile[773,93427373073048.mockFlowFile,23B] from FlowFile[772,93427373073048.mockFlowFile,23B]; routing to relationship simple
[pool-2708-thread-1] INFO org.apache.nifi.processors.standard.RouteText - RouteText[id=24e84634-fdfb-4a8b-87b3-8cb3253f4f09] Routing FlowFile[772,93427373073048.mockFlowFile,23B] to original
[main] DEBUG org.apache.nifi.processors.standard.RouteText - RouteText[id=24e84634-fdfb-4a8b-87b3-8cb3253f4f09] Adding new dynamic property: PropertyDescriptor[simple]
[pool-2709-thread-1] INFO org.apache.nifi.processors.standard.RouteText - RouteText[id=24e84634-fdfb-4a8b-87b3-8cb3253f4f09] Created FlowFile[775,93427374596287.mockFlowFile,23B] from FlowFile[774,93427374596287.mockFlowFile,23B]; routing to relationship simple
[pool-2709-thread-1] INFO org.apache.nifi.processors.standard.RouteText - RouteText[id=24e84634-fdfb-4a8b-87b3-8cb3253f4f09] Routing FlowFile[774,93427374596287.mockFlowFile,23B] to original
[main] DEBUG org.apache.nifi.processors.standard.RouteText - RouteText[id=24e84634-fdfb-4a8b-87b3-8cb3253f4f09] Adding new dynamic property: PropertyDescriptor[simple]
[pool-2710-thread-1] INFO org.apache.nifi.processors.standard.RouteText - RouteText[id=24e84634-fdfb-4a8b-87b3-8cb3253f4f09] Created FlowFile[777,93427375315735.mockFlowFile,23B] from FlowFile[776,93427375315735.mockFlowFile,23B]; routing to relationship simple
[pool-2710-thread-1] INFO org.apache.nifi.processors.standard.RouteText - RouteText[id=24e84634-fdfb-4a8b-87b3-8cb3253f4f09] Routing FlowFile[776,93427375315735.mockFlowFile,23B] to original
[main] DEBUG org.apache.nifi.processors.standard.RouteText - RouteText[id=24e84634-fdfb-4a8b-87b3-8cb3253f4f09] Adding new dynamic property: PropertyDescriptor[simple]
[pool-2711-thread-1] INFO org.apache.nifi.processors.standard.RouteText - RouteText[id=24e84634-fdfb-4a8b-87b3-8cb3253f4f09] Created FlowFile[779,93427375923614.mockFlowFile,23B] from FlowFile[778,93427375923614.mockFlowFile,23B]; routing to relationship simple
[pool-2711-thread-1] INFO org.apache.nifi.processors.standard.RouteText - RouteText[id=24e84634-fdfb-4a8b-87b3-8cb3253f4f09] Routing FlowFile[778,93427375923614.mockFlowFile,23B] to original
[main] DEBUG org.apache.nifi.processors.standard.RouteText - RouteText[id=24e84634-fdfb-4a8b-87b3-8cb3253f4f09] Adding new dynamic property: PropertyDescriptor[simple]
[pool-2712-thread-1] INFO org.apache.nifi.processors.standard.RouteText - RouteText[id=24e84634-fdfb-4a8b-87b3-8cb3253f4f09] Created FlowFile[781,93427376596638.mockFlowFile,23B] from FlowFile[780,93427376596638.mockFlowFile,23B]; routing to relationship simple
[pool-2712-thread-1] INFO org.apache.nifi.processors.standard.RouteText - RouteText[id=24e84634-fdfb-4a8b-87b3-8cb3253f4f09] Routing FlowFile[780,93427376596638.mockFlowFile,23B] to original
[main] DEBUG org.apache.nifi.processors.standard.RouteText - RouteText[id=24e84634-fdfb-4a8b-87b3-8cb3253f4f09] Adding new dynamic property: PropertyDescriptor[simple]
[pool-2713-thread-1] INFO org.apache.nifi.processors.standard.RouteText - RouteText[id=24e84634-fdfb-4a8b-87b3-8cb3253f4f09] Created FlowFile[783,93427377179075.mockFlowFile,23B] from FlowFile[782,93427377179075.mockFlowFile,23B]; routing to relationship simple
[pool-2713-thread-1] INFO org.apache.nifi.processors.standard.RouteText - RouteText[id=24e84634-fdfb-4a8b-87b3-8cb3253f4f09] Routing FlowFile[782,93427377179075.mockFlowFile,23B] to original
[main] DEBUG org.apache.nifi.processors.standard.RouteText - RouteText[id=24e84634-fdfb-4a8b-87b3-8cb3253f4f09] Adding new dynamic property: PropertyDescriptor[simple]
[pool-2714-thread-1] INFO org.apache.nifi.processors.standard.RouteText - RouteText[id=24e84634-fdfb-4a8b-87b3-8cb3253f4f09] Created FlowFile[785,93427377744402.mockFlowFile,23B] from FlowFile[784,93427377744402.mockFlowFile,23B]; routing to relationship simple
[pool-2714-thread-1] INFO org.apache.nifi.processors.standard.RouteText - RouteText[id=24e84634-fdfb-4a8b-87b3-8cb3253f4f09] Routing FlowFile[784,93427377744402.mockFlowFile,23B] to original
[main] DEBUG org.apache.nifi.processors.standard.RouteText - RouteText[id=24e84634-fdfb-4a8b-87b3-8cb3253f4f09] Adding new dynamic property: PropertyDescriptor[simple]
[pool-2715-thread-1] INFO org.apache.nifi.processors.standard.RouteText - RouteText[id=24e84634-fdfb-4a8b-87b3-8cb3253f4f09] Created FlowFile[787,93427378308800.mockFlowFile,23B] from FlowFile[786,93427378308800.mockFlowFile,23B]; routing to relationship simple
[pool-2715-thread-1] INFO org.apache.nifi.processors.standard.RouteText - RouteText[id=24e84634-fdfb-4a8b-87b3-8cb3253f4f09] Routing FlowFile[786,93427378308800.mockFlowFile,23B] to original
[main] DEBUG org.apache.nifi.processors.standard.RouteText - RouteText[id=24e84634-fdfb-4a8b-87b3-8cb3253f4f09] Adding new dynamic property: PropertyDescriptor[simple]
[pool-2716-thread-1] INFO org.apache.nifi.processors.standard.RouteText - RouteText[id=24e84634-fdfb-4a8b-87b3-8cb3253f4f09] Created FlowFile[789,93427378868342.mockFlowFile,23B] from FlowFile[788,93427378868342.mockFlowFile,23B]; routing to relationship simple
[pool-2716-thread-1] INFO org.apache.nifi.processors.standard.RouteText - RouteText[id=24e84634-fdfb-4a8b-87b3-8cb3253f4f09] Routing FlowFile[788,93427378868342.mockFlowFile,23B] to original
[main] DEBUG org.apache.nifi.processors.standard.RouteText - RouteText[id=24e84634-fdfb-4a8b-87b3-8cb3253f4f09] Adding new dynamic property: PropertyDescriptor[simple]
[pool-2717-thread-1] INFO org.apache.nifi.processors.standard.RouteText - RouteText[id=24e84634-fdfb-4a8b-87b3-8cb3253f4f09] Created FlowFile[791,93427379329659.mockFlowFile,23B] from FlowFile[790,93427379329659.mockFlowFile,23B]; routing to relationship simple
[pool-2717-thread-1] INFO org.apache.nifi.processors.standard.RouteText - RouteText[id=24e84634-fdfb-4a8b-87b3-8cb3253f4f09] Routing FlowFile[790,93427379329659.mockFlowFile,23B] to original
[main] DEBUG org.apache.nifi.processors.standard.RouteText - RouteText[id=24e84634-fdfb-4a8b-87b3-8cb3253f4f09] Adding new dynamic property: PropertyDescriptor[simple]
[pool-2718-thread-1] INFO org.apache.nifi.processors.standard.RouteText - RouteText[id=24e84634-fdfb-4a8b-87b3-8cb3253f4f09] Created FlowFile[793,93427379797066.mockFlowFile,23B] from FlowFile[792,93427379797066.mockFlowFile,23B]; routing to relationship simple
[pool-2718-thread-1] INFO org.apache.nifi.processors.standard.RouteText - RouteText[id=24e84634-fdfb-4a8b-87b3-8cb3253f4f09] Routing FlowFile[792,93427379797066.mockFlowFile,23B] to original
[main] DEBUG org.apache.nifi.processors.standard.RouteText - RouteText[id=24e84634-fdfb-4a8b-87b3-8cb3253f4f09] Adding new dynamic property: PropertyDescriptor[simple]
[pool-2719-thread-1] INFO org.apache.nifi.processors.standard.RouteText - RouteText[id=24e84634-fdfb-4a8b-87b3-8cb3253f4f09] Created FlowFile[795,93427380351193.mockFlowFile,23B] from FlowFile[794,93427380351193.mockFlowFile,23B]; routing to relationship simple
[pool-2719-thread-1] INFO org.apache.nifi.processors.standard.RouteText - RouteText[id=24e84634-fdfb-4a8b-87b3-8cb3253f4f09] Routing FlowFile[794,93427380351193.mockFlowFile,23B] to original
[main] DEBUG org.apache.nifi.processors.standard.RouteText - RouteText[id=24e84634-fdfb-4a8b-87b3-8cb3253f4f09] Adding new dynamic property: PropertyDescriptor[simple]
[pool-2720-thread-1] INFO org.apache.nifi.processors.standard.RouteText - RouteText[id=24e84634-fdfb-4a8b-87b3-8cb3253f4f09] Created FlowFile[797,93427380897980.mockFlowFile,23B] from FlowFile[796,93427380897980.mockFlowFile,23B]; routing to relationship simple
[pool-2720-thread-1] INFO org.apache.nifi.processors.standard.RouteText - RouteText[id=24e84634-fdfb-4a8b-87b3-8cb3253f4f09] Routing FlowFile[796,93427380897980.mockFlowFile,23B] to original
[main] DEBUG org.apache.nifi.processors.standard.RouteText - RouteText[id=24e84634-fdfb-4a8b-87b3-8cb3253f4f09] Adding new dynamic property: PropertyDescriptor[simple]
[pool-2721-thread-1] INFO org.apache.nifi.processors.standard.RouteText - RouteText[id=24e84634-fdfb-4a8b-87b3-8cb3253f4f09] Created FlowFile[799,93427381485741.mockFlowFile,23B] from FlowFile[798,93427381485741.mockFlowFile,23B]; routing to relationship simple
[pool-2721-thread-1] INFO org.apache.nifi.processors.standard.RouteText - RouteText[id=24e84634-fdfb-4a8b-87b3-8cb3253f4f09] Routing FlowFile[798,93427381485741.mockFlowFile,23B] to original
[main] DEBUG org.apache.nifi.processors.standard.RouteText - RouteText[id=24e84634-fdfb-4a8b-87b3-8cb3253f4f09] Adding new dynamic property: PropertyDescriptor[simple]
[pool-2722-thread-1] INFO org.apache.nifi.processors.standard.RouteText - RouteText[id=24e84634-fdfb-4a8b-87b3-8cb3253f4f09] Created FlowFile[801,93427382020395.mockFlowFile,23B] from FlowFile[800,93427382020395.mockFlowFile,23B]; routing to relationship simple
[pool-2722-thread-1] INFO org.apache.nifi.processors.standard.RouteText - RouteText[id=24e84634-fdfb-4a8b-87b3-8cb3253f4f09] Routing FlowFile[800,93427382020395.mockFlowFile,23B] to original
[main] DEBUG org.apache.nifi.processors.standard.RouteText - RouteText[id=24e84634-fdfb-4a8b-87b3-8cb3253f4f09] Adding new dynamic property: PropertyDescriptor[simple]
[pool-2723-thread-1] INFO org.apache.nifi.processors.standard.RouteText - RouteText[id=24e84634-fdfb-4a8b-87b3-8cb3253f4f09] Created FlowFile[803,93427382573374.mockFlowFile,23B] from FlowFile[802,93427382573374.mockFlowFile,23B]; routing to relationship simple
[pool-2723-thread-1] INFO org.apache.nifi.processors.standard.RouteText - RouteText[id=24e84634-fdfb-4a8b-87b3-8cb3253f4f09] Routing FlowFile[802,93427382573374.mockFlowFile,23B] to original
[main] DEBUG org.apache.nifi.processors.standard.RouteText - RouteText[id=24e84634-fdfb-4a8b-87b3-8cb3253f4f09] Adding new dynamic property: PropertyDescriptor[simple]
[pool-2724-thread-1] INFO org.apache.nifi.processors.standard.RouteText - RouteText[id=24e84634-fdfb-4a8b-87b3-8cb3253f4f09] Created FlowFile[805,93427383107488.mockFlowFile,23B] from FlowFile[804,93427383107488.mockFlowFile,23B]; routing to relationship simple
[pool-2724-thread-1] INFO org.apache.nifi.processors.standard.RouteText - RouteText[id=24e84634-fdfb-4a8b-87b3-8cb3253f4f09] Routing FlowFile[804,93427383107488.mockFlowFile,23B] to original
[main] DEBUG org.apache.nifi.processors.standard.RouteText - RouteText[id=24e84634-fdfb-4a8b-87b3-8cb3253f4f09] Adding new dynamic property: PropertyDescriptor[simple]
[pool-2725-thread-1] INFO org.apache.nifi.processors.standard.RouteText - RouteText[id=24e84634-fdfb-4a8b-87b3-8cb3253f4f09] Created FlowFile[807,93427383635789.mockFlowFile,23B] from FlowFile[806,93427383635789.mockFlowFile,23B]; routing to relationship simple
[pool-2725-thread-1] INFO org.apache.nifi.processors.standard.RouteText - RouteText[id=24e84634-fdfb-4a8b-87b3-8cb3253f4f09] Routing FlowFile[806,93427383635789.mockFlowFile,23B] to original
[main] DEBUG org.apache.nifi.processors.standard.RouteText - RouteText[id=24e84634-fdfb-4a8b-87b3-8cb3253f4f09] Adding new dynamic property: PropertyDescriptor[simple]
[pool-2726-thread-1] INFO org.apache.nifi.processors.standard.RouteText - RouteText[id=24e84634-fdfb-4a8b-87b3-8cb3253f4f09] Created FlowFile[809,93427384150072.mockFlowFile,23B] from FlowFile[808,93427384150072.mockFlowFile,23B]; routing to relationship simple
[pool-2726-thread-1] INFO org.apache.nifi.processors.standard.RouteText - RouteText[id=24e84634-fdfb-4a8b-87b3-8cb3253f4f09] Routing FlowFile[808,93427384150072.mockFlowFile,23B] to original
[main] DEBUG org.apache.nifi.processors.standard.RouteText - RouteText[id=24e84634-fdfb-4a8b-87b3-8cb3253f4f09] Adding new dynamic property: PropertyDescriptor[simple]
[pool-2727-thread-1] INFO org.apache.nifi.processors.standard.RouteText - RouteText[id=24e84634-fdfb-4a8b-87b3-8cb3253f4f09] Created FlowFile[811,93427384670757.mockFlowFile,23B] from FlowFile[810,93427384670757.mockFlowFile,23B]; routing to relationship simple
[pool-2727-thread-1] INFO org.apache.nifi.processors.standard.RouteText - RouteText[id=24e84634-fdfb-4a8b-87b3-8cb3253f4f09] Routing FlowFile[810,93427384670757.mockFlowFile,23B] to original
[main] DEBUG org.apache.nifi.processors.standard.RouteText - RouteText[id=24e84634-fdfb-4a8b-87b3-8cb3253f4f09] Adding new dynamic property: PropertyDescriptor[simple]
[pool-2728-thread-1] INFO org.apache.nifi.processors.standard.RouteText - RouteText[id=24e84634-fdfb-4a8b-87b3-8cb3253f4f09] Created FlowFile[813,93427385186524.mockFlowFile,23B] from FlowFile[812,93427385186524.mockFlowFile,23B]; routing to relationship simple
[pool-2728-thread-1] INFO org.apache.nifi.processors.standard.RouteText - RouteText[id=24e84634-fdfb-4a8b-87b3-8cb3253f4f09] Routing FlowFile[812,93427385186524.mockFlowFile,23B] to original
[main] DEBUG org.apache.nifi.processors.standard.RouteText - RouteText[id=24e84634-fdfb-4a8b-87b3-8cb3253f4f09] Adding new dynamic property: PropertyDescriptor[simple]
[pool-2729-thread-1] INFO org.apache.nifi.processors.standard.RouteText - RouteText[id=24e84634-fdfb-4a8b-87b3-8cb3253f4f09] Created FlowFile[815,93427385699383.mockFlowFile,23B] from FlowFile[814,93427385699383.mockFlowFile,23B]; routing to relationship simple
[pool-2729-thread-1] INFO org.apache.nifi.processors.standard.RouteText - RouteText[id=24e84634-fdfb-4a8b-87b3-8cb3253f4f09] Routing FlowFile[814,93427385699383.mockFlowFile,23B] to original
[main] DEBUG org.apache.nifi.processors.standard.RouteText - RouteText[id=24e84634-fdfb-4a8b-87b3-8cb3253f4f09] Adding new dynamic property: PropertyDescriptor[simple]
[pool-2730-thread-1] INFO org.apache.nifi.processors.standard.RouteText - RouteText[id=24e84634-fdfb-4a8b-87b3-8cb3253f4f09] Created FlowFile[817,93427386142528.mockFlowFile,23B] from FlowFile[816,93427386142528.mockFlowFile,23B]; routing to relationship simple
[pool-2730-thread-1] INFO org.apache.nifi.processors.standard.RouteText - RouteText[id=24e84634-fdfb-4a8b-87b3-8cb3253f4f09] Routing FlowFile[816,93427386142528.mockFlowFile,23B] to original
[main] DEBUG org.apache.nifi.processors.standard.RouteText - RouteText[id=24e84634-fdfb-4a8b-87b3-8cb3253f4f09] Adding new dynamic property: PropertyDescriptor[simple]
[pool-2731-thread-1] INFO org.apache.nifi.processors.standard.RouteText - RouteText[id=24e84634-fdfb-4a8b-87b3-8cb3253f4f09] Created FlowFile[819,93427386727731.mockFlowFile,23B] from FlowFile[818,93427386727731.mockFlowFile,23B]; routing to relationship simple
[pool-2731-thread-1] INFO org.apache.nifi.processors.standard.RouteText - RouteText[id=24e84634-fdfb-4a8b-87b3-8cb3253f4f09] Routing FlowFile[818,93427386727731.mockFlowFile,23B] to original
[main] DEBUG org.apache.nifi.processors.standard.RouteText - RouteText[id=24e84634-fdfb-4a8b-87b3-8cb3253f4f09] Adding new dynamic property: PropertyDescriptor[simple]
[pool-2732-thread-1] INFO org.apache.nifi.processors.standard.RouteText - RouteText[id=24e84634-fdfb-4a8b-87b3-8cb3253f4f09] Created FlowFile[821,93427387236310.mockFlowFile,23B] from FlowFile[820,93427387236310.mockFlowFile,23B]; routing to relationship simple
[pool-2732-thread-1] INFO org.apache.nifi.processors.standard.RouteText - RouteText[id=24e84634-fdfb-4a8b-87b3-8cb3253f4f09] Routing FlowFile[820,93427387236310.mockFlowFile,23B] to original
[main] DEBUG org.apache.nifi.processors.standard.RouteText - RouteText[id=24e84634-fdfb-4a8b-87b3-8cb3253f4f09] Adding new dynamic property: PropertyDescriptor[simple]
[pool-2733-thread-1] INFO org.apache.nifi.processors.standard.RouteText - RouteText[id=24e84634-fdfb-4a8b-87b3-8cb3253f4f09] Created FlowFile[823,93427387712132.mockFlowFile,23B] from FlowFile[822,93427387712132.mockFlowFile,23B]; routing to relationship simple
[pool-2733-thread-1] INFO org.apache.nifi.processors.standard.RouteText - RouteText[id=24e84634-fdfb-4a8b-87b3-8cb3253f4f09] Routing FlowFile[822,93427387712132.mockFlowFile,23B] to original
[main] DEBUG org.apache.nifi.processors.standard.RouteText - RouteText[id=24e84634-fdfb-4a8b-87b3-8cb3253f4f09] Adding new dynamic property: PropertyDescriptor[simple]
[pool-2734-thread-1] INFO org.apache.nifi.processors.standard.RouteText - RouteText[id=24e84634-fdfb-4a8b-87b3-8cb3253f4f09] Created FlowFile[825,93427388100156.mockFlowFile,23B] from FlowFile[824,93427388100156.mockFlowFile,23B]; routing to relationship simple
[pool-2734-thread-1] INFO org.apache.nifi.processors.standard.RouteText - RouteText[id=24e84634-fdfb-4a8b-87b3-8cb3253f4f09] Routing FlowFile[824,93427388100156.mockFlowFile,23B] to original
[main] DEBUG org.apache.nifi.processors.standard.RouteText - RouteText[id=24e84634-fdfb-4a8b-87b3-8cb3253f4f09] Adding new dynamic property: PropertyDescriptor[simple]
[pool-2735-thread-1] INFO org.apache.nifi.processors.standard.RouteText - RouteText[id=24e84634-fdfb-4a8b-87b3-8cb3253f4f09] Created FlowFile[827,93427388662938.mockFlowFile,23B] from FlowFile[826,93427388662938.mockFlowFile,23B]; routing to relationship simple
[pool-2735-thread-1] INFO org.apache.nifi.processors.standard.RouteText - RouteText[id=24e84634-fdfb-4a8b-87b3-8cb3253f4f09] Routing FlowFile[826,93427388662938.mockFlowFile,23B] to original
[main] DEBUG org.apache.nifi.processors.standard.RouteText - RouteText[id=24e84634-fdfb-4a8b-87b3-8cb3253f4f09] Adding new dynamic property: PropertyDescriptor[simple]
[pool-2736-thread-1] INFO org.apache.nifi.processors.standard.RouteText - RouteText[id=24e84634-fdfb-4a8b-87b3-8cb3253f4f09] Created FlowFile[829,93427389191725.mockFlowFile,23B] from FlowFile[828,93427389191725.mockFlowFile,23B]; routing to relationship simple
[pool-2736-thread-1] INFO org.apache.nifi.processors.standard.RouteText - RouteText[id=24e84634-fdfb-4a8b-87b3-8cb3253f4f09] Routing FlowFile[828,93427389191725.mockFlowFile,23B] to original
[main] DEBUG org.apache.nifi.processors.standard.RouteText - RouteText[id=24e84634-fdfb-4a8b-87b3-8cb3253f4f09] Adding new dynamic property: PropertyDescriptor[simple]
[pool-2737-thread-1] INFO org.apache.nifi.processors.standard.RouteText - RouteText[id=24e84634-fdfb-4a8b-87b3-8cb3253f4f09] Created FlowFile[831,93427389641627.mockFlowFile,23B] from FlowFile[830,93427389641627.mockFlowFile,23B]; routing to relationship simple
[pool-2737-thread-1] INFO org.apache.nifi.processors.standard.RouteText - RouteText[id=24e84634-fdfb-4a8b-87b3-8cb3253f4f09] Routing FlowFile[830,93427389641627.mockFlowFile,23B] to original
[main] DEBUG org.apache.nifi.processors.standard.RouteText - RouteText[id=24e84634-fdfb-4a8b-87b3-8cb3253f4f09] Adding new dynamic property: PropertyDescriptor[simple]
[pool-2738-thread-1] INFO org.apache.nifi.processors.standard.RouteText - RouteText[id=24e84634-fdfb-4a8b-87b3-8cb3253f4f09] Created FlowFile[833,93427390043113.mockFlowFile,23B] from FlowFile[832,93427390043113.mockFlowFile,23B]; routing to relationship simple
[pool-2738-thread-1] INFO org.apache.nifi.processors.standard.RouteText - RouteText[id=24e84634-fdfb-4a8b-87b3-8cb3253f4f09] Routing FlowFile[832,93427390043113.mockFlowFile,23B] to original
[main] DEBUG org.apache.nifi.processors.standard.RouteText - RouteText[id=24e84634-fdfb-4a8b-87b3-8cb3253f4f09] Adding new dynamic property: PropertyDescriptor[simple]
[pool-2739-thread-1] INFO org.apache.nifi.processors.standard.RouteText - RouteText[id=24e84634-fdfb-4a8b-87b3-8cb3253f4f09] Created FlowFile[835,93427390335767.mockFlowFile,23B] from FlowFile[834,93427390335767.mockFlowFile,23B]; routing to relationship simple
[pool-2739-thread-1] INFO org.apache.nifi.processors.standard.RouteText - RouteText[id=24e84634-fdfb-4a8b-87b3-8cb3253f4f09] Routing FlowFile[834,93427390335767.mockFlowFile,23B] to original
[main] DEBUG org.apache.nifi.processors.standard.RouteText - RouteText[id=24e84634-fdfb-4a8b-87b3-8cb3253f4f09] Adding new dynamic property: PropertyDescriptor[simple]
[pool-2740-thread-1] INFO org.apache.nifi.processors.standard.RouteText - RouteText[id=24e84634-fdfb-4a8b-87b3-8cb3253f4f09] Created FlowFile[837,93427390616766.mockFlowFile,23B] from FlowFile[836,93427390616766.mockFlowFile,23B]; routing to relationship simple
[pool-2740-thread-1] INFO org.apache.nifi.processors.standard.RouteText - RouteText[id=24e84634-fdfb-4a8b-87b3-8cb3253f4f09] Routing FlowFile[836,93427390616766.mockFlowFile,23B] to original
[main] DEBUG org.apache.nifi.processors.standard.RouteText - RouteText[id=24e84634-fdfb-4a8b-87b3-8cb3253f4f09] Adding new dynamic property: PropertyDescriptor[simple]
[pool-2741-thread-1] INFO org.apache.nifi.processors.standard.RouteText - RouteText[id=24e84634-fdfb-4a8b-87b3-8cb3253f4f09] Created FlowFile[839,93427390898257.mockFlowFile,23B] from FlowFile[838,93427390898257.mockFlowFile,23B]; routing to relationship simple
[pool-2741-thread-1] INFO org.apache.nifi.processors.standard.RouteText - RouteText[id=24e84634-fdfb-4a8b-87b3-8cb3253f4f09] Routing FlowFile[838,93427390898257.mockFlowFile,23B] to original
[main] DEBUG org.apache.nifi.processors.standard.RouteText - RouteText[id=24e84634-fdfb-4a8b-87b3-8cb3253f4f09] Adding new dynamic property: PropertyDescriptor[simple]
[pool-2742-thread-1] INFO org.apache.nifi.processors.standard.RouteText - RouteText[id=24e84634-fdfb-4a8b-87b3-8cb3253f4f09] Created FlowFile[841,93427391316803.mockFlowFile,23B] from FlowFile[840,93427391316803.mockFlowFile,23B]; routing to relationship simple
[pool-2742-thread-1] INFO org.apache.nifi.processors.standard.RouteText - RouteText[id=24e84634-fdfb-4a8b-87b3-8cb3253f4f09] Routing FlowFile[840,93427391316803.mockFlowFile,23B] to original
[main] DEBUG org.apache.nifi.processors.standard.RouteText - RouteText[id=24e84634-fdfb-4a8b-87b3-8cb3253f4f09] Adding new dynamic property: PropertyDescriptor[simple]
[pool-2743-thread-1] INFO org.apache.nifi.processors.standard.RouteText - RouteText[id=24e84634-fdfb-4a8b-87b3-8cb3253f4f09] Created FlowFile[843,93427391736988.mockFlowFile,23B] from FlowFile[842,93427391736988.mockFlowFile,23B]; routing to relationship simple
[pool-2743-thread-1] INFO org.apache.nifi.processors.standard.RouteText - RouteText[id=24e84634-fdfb-4a8b-87b3-8cb3253f4f09] Routing FlowFile[842,93427391736988.mockFlowFile,23B] to original
[main] DEBUG org.apache.nifi.processors.standard.RouteText - RouteText[id=24e84634-fdfb-4a8b-87b3-8cb3253f4f09] Adding new dynamic property: PropertyDescriptor[simple]
[pool-2744-thread-1] INFO org.apache.nifi.processors.standard.RouteText - RouteText[id=24e84634-fdfb-4a8b-87b3-8cb3253f4f09] Created FlowFile[845,93427392176641.mockFlowFile,23B] from FlowFile[844,93427392176641.mockFlowFile,23B]; routing to relationship simple
[pool-2744-thread-1] INFO org.apache.nifi.processors.standard.RouteText - RouteText[id=24e84634-fdfb-4a8b-87b3-8cb3253f4f09] Routing FlowFile[844,93427392176641.mockFlowFile,23B] to original
[main] DEBUG org.apache.nifi.processors.standard.RouteText - RouteText[id=24e84634-fdfb-4a8b-87b3-8cb3253f4f09] Adding new dynamic property: PropertyDescriptor[simple]
[pool-2745-thread-1] INFO org.apache.nifi.processors.standard.RouteText - RouteText[id=24e84634-fdfb-4a8b-87b3-8cb3253f4f09] Created FlowFile[847,93427392564242.mockFlowFile,23B] from FlowFile[846,93427392564242.mockFlowFile,23B]; routing to relationship simple
[pool-2745-thread-1] INFO org.apache.nifi.processors.standard.RouteText - RouteText[id=24e84634-fdfb-4a8b-87b3-8cb3253f4f09] Routing FlowFile[846,93427392564242.mockFlowFile,23B] to original
[main] DEBUG org.apache.nifi.processors.standard.RouteText - RouteText[id=24e84634-fdfb-4a8b-87b3-8cb3253f4f09] Adding new dynamic property: PropertyDescriptor[simple]
[pool-2746-thread-1] INFO org.apache.nifi.processors.standard.RouteText - RouteText[id=24e84634-fdfb-4a8b-87b3-8cb3253f4f09] Created FlowFile[849,93427392981370.mockFlowFile,23B] from FlowFile[848,93427392981370.mockFlowFile,23B]; routing to relationship simple
[pool-2746-thread-1] INFO org.apache.nifi.processors.standard.RouteText - RouteText[id=24e84634-fdfb-4a8b-87b3-8cb3253f4f09] Routing FlowFile[848,93427392981370.mockFlowFile,23B] to original
[main] DEBUG org.apache.nifi.processors.standard.RouteText - RouteText[id=24e84634-fdfb-4a8b-87b3-8cb3253f4f09] Adding new dynamic property: PropertyDescriptor[simple]
[pool-2747-thread-1] INFO org.apache.nifi.processors.standard.RouteText - RouteText[id=24e84634-fdfb-4a8b-87b3-8cb3253f4f09] Created FlowFile[851,93427393460363.mockFlowFile,23B] from FlowFile[850,93427393460363.mockFlowFile,23B]; routing to relationship simple
[pool-2747-thread-1] INFO org.apache.nifi.processors.standard.RouteText - RouteText[id=24e84634-fdfb-4a8b-87b3-8cb3253f4f09] Routing FlowFile[850,93427393460363.mockFlowFile,23B] to original
[main] DEBUG org.apache.nifi.processors.standard.RouteText - RouteText[id=24e84634-fdfb-4a8b-87b3-8cb3253f4f09] Adding new dynamic property: PropertyDescriptor[simple]
[pool-2748-thread-1] INFO org.apache.nifi.processors.standard.RouteText - RouteText[id=24e84634-fdfb-4a8b-87b3-8cb3253f4f09] Created FlowFile[853,93427394074609.mockFlowFile,23B] from FlowFile[852,93427394074609.mockFlowFile,23B]; routing to relationship simple
[pool-2748-thread-1] INFO org.apache.nifi.processors.standard.RouteText - RouteText[id=24e84634-fdfb-4a8b-87b3-8cb3253f4f09] Routing FlowFile[852,93427394074609.mockFlowFile,23B] to original
[main] DEBUG org.apache.nifi.processors.standard.RouteText - RouteText[id=24e84634-fdfb-4a8b-87b3-8cb3253f4f09] Adding new dynamic property: PropertyDescriptor[simple]
[pool-2749-thread-1] INFO org.apache.nifi.processors.standard.RouteText - RouteText[id=24e84634-fdfb-4a8b-87b3-8cb3253f4f09] Created FlowFile[855,93427394585378.mockFlowFile,23B] from FlowFile[854,93427394585378.mockFlowFile,23B]; routing to relationship simple
[pool-2749-thread-1] INFO org.apache.nifi.processors.standard.RouteText - RouteText[id=24e84634-fdfb-4a8b-87b3-8cb3253f4f09] Routing FlowFile[854,93427394585378.mockFlowFile,23B] to original
[main] DEBUG org.apache.nifi.processors.standard.RouteText - RouteText[id=24e84634-fdfb-4a8b-87b3-8cb3253f4f09] Adding new dynamic property: PropertyDescriptor[simple]
[pool-2750-thread-1] INFO org.apache.nifi.processors.standard.RouteText - RouteText[id=24e84634-fdfb-4a8b-87b3-8cb3253f4f09] Created FlowFile[857,93427395001757.mockFlowFile,23B] from FlowFile[856,93427395001757.mockFlowFile,23B]; routing to relationship simple
[pool-2750-thread-1] INFO org.apache.nifi.processors.standard.RouteText - RouteText[id=24e84634-fdfb-4a8b-87b3-8cb3253f4f09] Routing FlowFile[856,93427395001757.mockFlowFile,23B] to original
[main] DEBUG org.apache.nifi.processors.standard.RouteText - RouteText[id=24e84634-fdfb-4a8b-87b3-8cb3253f4f09] Adding new dynamic property: PropertyDescriptor[simple]
[pool-2751-thread-1] INFO org.apache.nifi.processors.standard.RouteText - RouteText[id=24e84634-fdfb-4a8b-87b3-8cb3253f4f09] Created FlowFile[859,93427395552713.mockFlowFile,23B] from FlowFile[858,93427395552713.mockFlowFile,23B]; routing to relationship simple
[pool-2751-thread-1] INFO org.apache.nifi.processors.standard.RouteText - RouteText[id=24e84634-fdfb-4a8b-87b3-8cb3253f4f09] Routing FlowFile[858,93427395552713.mockFlowFile,23B] to original
[main] DEBUG org.apache.nifi.processors.standard.RouteText - RouteText[id=24e84634-fdfb-4a8b-87b3-8cb3253f4f09] Adding new dynamic property: PropertyDescriptor[simple]
[pool-2752-thread-1] INFO org.apache.nifi.processors.standard.RouteText - RouteText[id=24e84634-fdfb-4a8b-87b3-8cb3253f4f09] Created FlowFile[861,93427396085515.mockFlowFile,23B] from FlowFile[860,93427396085515.mockFlowFile,23B]; routing to relationship simple
[pool-2752-thread-1] INFO org.apache.nifi.processors.standard.RouteText - RouteText[id=24e84634-fdfb-4a8b-87b3-8cb3253f4f09] Routing FlowFile[860,93427396085515.mockFlowFile,23B] to original
[main] DEBUG org.apache.nifi.processors.standard.RouteText - RouteText[id=24e84634-fdfb-4a8b-87b3-8cb3253f4f09] Adding new dynamic property: PropertyDescriptor[simple]
[pool-2753-thread-1] INFO org.apache.nifi.processors.standard.RouteText - RouteText[id=24e84634-fdfb-4a8b-87b3-8cb3253f4f09] Created FlowFile[863,93427396624810.mockFlowFile,23B] from FlowFile[862,93427396624810.mockFlowFile,23B]; routing to relationship simple
[pool-2753-thread-1] INFO org.apache.nifi.processors.standard.RouteText - RouteText[id=24e84634-fdfb-4a8b-87b3-8cb3253f4f09] Routing FlowFile[862,93427396624810.mockFlowFile,23B] to original
[main] DEBUG org.apache.nifi.processors.standard.RouteText - RouteText[id=24e84634-fdfb-4a8b-87b3-8cb3253f4f09] Adding new dynamic property: PropertyDescriptor[simple]
[pool-2754-thread-1] INFO org.apache.nifi.processors.standard.RouteText - RouteText[id=24e84634-fdfb-4a8b-87b3-8cb3253f4f09] Created FlowFile[865,93427397173295.mockFlowFile,23B] from FlowFile[864,93427397173295.mockFlowFile,23B]; routing to relationship simple
[pool-2754-thread-1] INFO org.apache.nifi.processors.standard.RouteText - RouteText[id=24e84634-fdfb-4a8b-87b3-8cb3253f4f09] Routing FlowFile[864,93427397173295.mockFlowFile,23B] to original
[main] DEBUG org.apache.nifi.processors.standard.RouteText - RouteText[id=24e84634-fdfb-4a8b-87b3-8cb3253f4f09] Adding new dynamic property: PropertyDescriptor[simple]
[pool-2755-thread-1] INFO org.apache.nifi.processors.standard.RouteText - RouteText[id=24e84634-fdfb-4a8b-87b3-8cb3253f4f09] Created FlowFile[867,93427397694011.mockFlowFile,23B] from FlowFile[866,93427397694011.mockFlowFile,23B]; routing to relationship simple
[pool-2755-thread-1] INFO org.apache.nifi.processors.standard.RouteText - RouteText[id=24e84634-fdfb-4a8b-87b3-8cb3253f4f09] Routing FlowFile[866,93427397694011.mockFlowFile,23B] to original
[main] DEBUG org.apache.nifi.processors.standard.RouteText - RouteText[id=24e84634-fdfb-4a8b-87b3-8cb3253f4f09] Adding new dynamic property: PropertyDescriptor[simple]
[pool-2756-thread-1] INFO org.apache.nifi.processors.standard.RouteText - RouteText[id=24e84634-fdfb-4a8b-87b3-8cb3253f4f09] Created FlowFile[869,93427398218647.mockFlowFile,23B] from FlowFile[868,93427398218647.mockFlowFile,23B]; routing to relationship simple
[pool-2756-thread-1] INFO org.apache.nifi.processors.standard.RouteText - RouteText[id=24e84634-fdfb-4a8b-87b3-8cb3253f4f09] Routing FlowFile[868,93427398218647.mockFlowFile,23B] to original
[main] DEBUG org.apache.nifi.processors.standard.RouteText - RouteText[id=24e84634-fdfb-4a8b-87b3-8cb3253f4f09] Adding new dynamic property: PropertyDescriptor[simple]
[pool-2757-thread-1] INFO org.apache.nifi.processors.standard.RouteText - RouteText[id=24e84634-fdfb-4a8b-87b3-8cb3253f4f09] Created FlowFile[871,93427398768202.mockFlowFile,23B] from FlowFile[870,93427398768202.mockFlowFile,23B]; routing to relationship simple
[pool-2757-thread-1] INFO org.apache.nifi.processors.standard.RouteText - RouteText[id=24e84634-fdfb-4a8b-87b3-8cb3253f4f09] Routing FlowFile[870,93427398768202.mockFlowFile,23B] to original
[main] DEBUG org.apache.nifi.processors.standard.RouteText - RouteText[id=24e84634-fdfb-4a8b-87b3-8cb3253f4f09] Adding new dynamic property: PropertyDescriptor[simple]
[pool-2758-thread-1] INFO org.apache.nifi.processors.standard.RouteText - RouteText[id=24e84634-fdfb-4a8b-87b3-8cb3253f4f09] Created FlowFile[873,93427399442738.mockFlowFile,23B] from FlowFile[872,93427399442738.mockFlowFile,23B]; routing to relationship simple
[pool-2758-thread-1] INFO org.apache.nifi.processors.standard.RouteText - RouteText[id=24e84634-fdfb-4a8b-87b3-8cb3253f4f09] Routing FlowFile[872,93427399442738.mockFlowFile,23B] to original
[main] DEBUG org.apache.nifi.processors.standard.RouteText - RouteText[id=24e84634-fdfb-4a8b-87b3-8cb3253f4f09] Adding new dynamic property: PropertyDescriptor[simple]
[pool-2759-thread-1] INFO org.apache.nifi.processors.standard.RouteText - RouteText[id=24e84634-fdfb-4a8b-87b3-8cb3253f4f09] Created FlowFile[875,93427399976366.mockFlowFile,23B] from FlowFile[874,93427399976366.mockFlowFile,23B]; routing to relationship simple
[pool-2759-thread-1] INFO org.apache.nifi.processors.standard.RouteText - RouteText[id=24e84634-fdfb-4a8b-87b3-8cb3253f4f09] Routing FlowFile[874,93427399976366.mockFlowFile,23B] to original
[main] DEBUG org.apache.nifi.processors.standard.RouteText - RouteText[id=24e84634-fdfb-4a8b-87b3-8cb3253f4f09] Adding new dynamic property: PropertyDescriptor[simple]
[pool-2760-thread-1] INFO org.apache.nifi.processors.standard.RouteText - RouteText[id=24e84634-fdfb-4a8b-87b3-8cb3253f4f09] Created FlowFile[877,93427400545656.mockFlowFile,23B] from FlowFile[876,93427400545656.mockFlowFile,23B]; routing to relationship simple
[pool-2760-thread-1] INFO org.apache.nifi.processors.standard.RouteText - RouteText[id=24e84634-fdfb-4a8b-87b3-8cb3253f4f09] Routing FlowFile[876,93427400545656.mockFlowFile,23B] to original
[main] DEBUG org.apache.nifi.processors.standard.RouteText - RouteText[id=24e84634-fdfb-4a8b-87b3-8cb3253f4f09] Adding new dynamic property: PropertyDescriptor[simple]
[pool-2761-thread-1] INFO org.apache.nifi.processors.standard.RouteText - RouteText[id=24e84634-fdfb-4a8b-87b3-8cb3253f4f09] Created FlowFile[879,93427401115272.mockFlowFile,23B] from FlowFile[878,93427401115272.mockFlowFile,23B]; routing to relationship simple
[pool-2761-thread-1] INFO org.apache.nifi.processors.standard.RouteText - RouteText[id=24e84634-fdfb-4a8b-87b3-8cb3253f4f09] Routing FlowFile[878,93427401115272.mockFlowFile,23B] to original
[main] DEBUG org.apache.nifi.processors.standard.RouteText - RouteText[id=24e84634-fdfb-4a8b-87b3-8cb3253f4f09] Adding new dynamic property: PropertyDescriptor[simple]
[pool-2762-thread-1] INFO org.apache.nifi.processors.standard.RouteText - RouteText[id=24e84634-fdfb-4a8b-87b3-8cb3253f4f09] Created FlowFile[881,93427401716447.mockFlowFile,23B] from FlowFile[880,93427401716447.mockFlowFile,23B]; routing to relationship simple
[pool-2762-thread-1] INFO org.apache.nifi.processors.standard.RouteText - RouteText[id=24e84634-fdfb-4a8b-87b3-8cb3253f4f09] Routing FlowFile[880,93427401716447.mockFlowFile,23B] to original
[main] DEBUG org.apache.nifi.processors.standard.RouteText - RouteText[id=24e84634-fdfb-4a8b-87b3-8cb3253f4f09] Adding new dynamic property: PropertyDescriptor[simple]
[pool-2763-thread-1] INFO org.apache.nifi.processors.standard.RouteText - RouteText[id=24e84634-fdfb-4a8b-87b3-8cb3253f4f09] Created FlowFile[883,93427402263753.mockFlowFile,23B] from FlowFile[882,93427402263753.mockFlowFile,23B]; routing to relationship simple
[pool-2763-thread-1] INFO org.apache.nifi.processors.standard.RouteText - RouteText[id=24e84634-fdfb-4a8b-87b3-8cb3253f4f09] Routing FlowFile[882,93427402263753.mockFlowFile,23B] to original
[main] DEBUG org.apache.nifi.processors.standard.RouteText - RouteText[id=24e84634-fdfb-4a8b-87b3-8cb3253f4f09] Adding new dynamic property: PropertyDescriptor[simple]
[pool-2764-thread-1] INFO org.apache.nifi.processors.standard.RouteText - RouteText[id=24e84634-fdfb-4a8b-87b3-8cb3253f4f09] Created FlowFile[885,93427402780232.mockFlowFile,23B] from FlowFile[884,93427402780232.mockFlowFile,23B]; routing to relationship simple
[pool-2764-thread-1] INFO org.apache.nifi.processors.standard.RouteText - RouteText[id=24e84634-fdfb-4a8b-87b3-8cb3253f4f09] Routing FlowFile[884,93427402780232.mockFlowFile,23B] to original
[main] DEBUG org.apache.nifi.processors.standard.RouteText - RouteText[id=24e84634-fdfb-4a8b-87b3-8cb3253f4f09] Adding new dynamic property: PropertyDescriptor[simple]
[pool-2765-thread-1] INFO org.apache.nifi.processors.standard.RouteText - RouteText[id=24e84634-fdfb-4a8b-87b3-8cb3253f4f09] Created FlowFile[887,93427403311093.mockFlowFile,23B] from FlowFile[886,93427403311093.mockFlowFile,23B]; routing to relationship simple
[pool-2765-thread-1] INFO org.apache.nifi.processors.standard.RouteText - RouteText[id=24e84634-fdfb-4a8b-87b3-8cb3253f4f09] Routing FlowFile[886,93427403311093.mockFlowFile,23B] to original
[main] DEBUG org.apache.nifi.processors.standard.RouteText - RouteText[id=24e84634-fdfb-4a8b-87b3-8cb3253f4f09] Adding new dynamic property: PropertyDescriptor[simple]
[pool-2766-thread-1] INFO org.apache.nifi.processors.standard.RouteText - RouteText[id=24e84634-fdfb-4a8b-87b3-8cb3253f4f09] Created FlowFile[889,93427403834293.mockFlowFile,23B] from FlowFile[888,93427403834293.mockFlowFile,23B]; routing to relationship simple
[pool-2766-thread-1] INFO org.apache.nifi.processors.standard.RouteText - RouteText[id=24e84634-fdfb-4a8b-87b3-8cb3253f4f09] Routing FlowFile[888,93427403834293.mockFlowFile,23B] to original
[main] DEBUG org.apache.nifi.processors.standard.RouteText - RouteText[id=24e84634-fdfb-4a8b-87b3-8cb3253f4f09] Adding new dynamic property: PropertyDescriptor[simple]
[pool-2767-thread-1] INFO org.apache.nifi.processors.standard.RouteText - RouteText[id=24e84634-fdfb-4a8b-87b3-8cb3253f4f09] Created FlowFile[891,93427404380004.mockFlowFile,23B] from FlowFile[890,93427404380004.mockFlowFile,23B]; routing to relationship simple
[pool-2767-thread-1] INFO org.apache.nifi.processors.standard.RouteText - RouteText[id=24e84634-fdfb-4a8b-87b3-8cb3253f4f09] Routing FlowFile[890,93427404380004.mockFlowFile,23B] to original
[main] DEBUG org.apache.nifi.processors.standard.RouteText - RouteText[id=24e84634-fdfb-4a8b-87b3-8cb3253f4f09] Adding new dynamic property: PropertyDescriptor[simple]
[pool-2768-thread-1] INFO org.apache.nifi.processors.standard.RouteText - RouteText[id=24e84634-fdfb-4a8b-87b3-8cb3253f4f09] Created FlowFile[893,93427404915615.mockFlowFile,23B] from FlowFile[892,93427404915615.mockFlowFile,23B]; routing to relationship simple
[pool-2768-thread-1] INFO org.apache.nifi.processors.standard.RouteText - RouteText[id=24e84634-fdfb-4a8b-87b3-8cb3253f4f09] Routing FlowFile[892,93427404915615.mockFlowFile,23B] to original
[main] DEBUG org.apache.nifi.processors.standard.RouteText - RouteText[id=24e84634-fdfb-4a8b-87b3-8cb3253f4f09] Adding new dynamic property: PropertyDescriptor[simple]
[pool-2769-thread-1] INFO org.apache.nifi.processors.standard.RouteText - RouteText[id=24e84634-fdfb-4a8b-87b3-8cb3253f4f09] Created FlowFile[895,93427405439281.mockFlowFile,23B] from FlowFile[894,93427405439281.mockFlowFile,23B]; routing to relationship simple
[pool-2769-thread-1] INFO org.apache.nifi.processors.standard.RouteText - RouteText[id=24e84634-fdfb-4a8b-87b3-8cb3253f4f09] Routing FlowFile[894,93427405439281.mockFlowFile,23B] to original
[main] DEBUG org.apache.nifi.processors.standard.RouteText - RouteText[id=24e84634-fdfb-4a8b-87b3-8cb3253f4f09] Adding new dynamic property: PropertyDescriptor[simple]
[pool-2770-thread-1] INFO org.apache.nifi.processors.standard.RouteText - RouteText[id=24e84634-fdfb-4a8b-87b3-8cb3253f4f09] Created FlowFile[897,93427405947386.mockFlowFile,23B] from FlowFile[896,93427405947386.mockFlowFile,23B]; routing to relationship simple
[pool-2770-thread-1] INFO org.apache.nifi.processors.standard.RouteText - RouteText[id=24e84634-fdfb-4a8b-87b3-8cb3253f4f09] Routing FlowFile[896,93427405947386.mockFlowFile,23B] to original
[main] DEBUG org.apache.nifi.processors.standard.RouteText - RouteText[id=24e84634-fdfb-4a8b-87b3-8cb3253f4f09] Adding new dynamic property: PropertyDescriptor[simple]
[pool-2771-thread-1] INFO org.apache.nifi.processors.standard.RouteText - RouteText[id=24e84634-fdfb-4a8b-87b3-8cb3253f4f09] Created FlowFile[899,93427406520598.mockFlowFile,23B] from FlowFile[898,93427406520598.mockFlowFile,23B]; routing to relationship simple
[pool-2771-thread-1] INFO org.apache.nifi.processors.standard.RouteText - RouteText[id=24e84634-fdfb-4a8b-87b3-8cb3253f4f09] Routing FlowFile[898,93427406520598.mockFlowFile,23B] to original
[main] DEBUG org.apache.nifi.processors.standard.RouteText - RouteText[id=24e84634-fdfb-4a8b-87b3-8cb3253f4f09] Adding new dynamic property: PropertyDescriptor[simple]
[pool-2772-thread-1] INFO org.apache.nifi.processors.standard.RouteText - RouteText[id=24e84634-fdfb-4a8b-87b3-8cb3253f4f09] Created FlowFile[901,93427407026245.mockFlowFile,23B] from FlowFile[900,93427407026245.mockFlowFile,23B]; routing to relationship simple
[pool-2772-thread-1] INFO org.apache.nifi.processors.standard.RouteText - RouteText[id=24e84634-fdfb-4a8b-87b3-8cb3253f4f09] Routing FlowFile[900,93427407026245.mockFlowFile,23B] to original
[main] DEBUG org.apache.nifi.processors.standard.RouteText - RouteText[id=24e84634-fdfb-4a8b-87b3-8cb3253f4f09] Adding new dynamic property: PropertyDescriptor[simple]
[pool-2773-thread-1] INFO org.apache.nifi.processors.standard.RouteText - RouteText[id=24e84634-fdfb-4a8b-87b3-8cb3253f4f09] Created FlowFile[903,93427407503942.mockFlowFile,23B] from FlowFile[902,93427407503942.mockFlowFile,23B]; routing to relationship simple
[pool-2773-thread-1] INFO org.apache.nifi.processors.standard.RouteText - RouteText[id=24e84634-fdfb-4a8b-87b3-8cb3253f4f09] Routing FlowFile[902,93427407503942.mockFlowFile,23B] to original
[main] DEBUG org.apache.nifi.processors.standard.RouteText - RouteText[id=24e84634-fdfb-4a8b-87b3-8cb3253f4f09] Adding new dynamic property: PropertyDescriptor[simple]
[pool-2774-thread-1] INFO org.apache.nifi.processors.standard.RouteText - RouteText[id=24e84634-fdfb-4a8b-87b3-8cb3253f4f09] Created FlowFile[905,93427408082953.mockFlowFile,23B] from FlowFile[904,93427408082953.mockFlowFile,23B]; routing to relationship simple
[pool-2774-thread-1] INFO org.apache.nifi.processors.standard.RouteText - RouteText[id=24e84634-fdfb-4a8b-87b3-8cb3253f4f09] Routing FlowFile[904,93427408082953.mockFlowFile,23B] to original
[main] DEBUG org.apache.nifi.processors.standard.RouteText - RouteText[id=24e84634-fdfb-4a8b-87b3-8cb3253f4f09] Adding new dynamic property: PropertyDescriptor[simple]
[pool-2775-thread-1] INFO org.apache.nifi.processors.standard.RouteText - RouteText[id=24e84634-fdfb-4a8b-87b3-8cb3253f4f09] Created FlowFile[907,93427409152804.mockFlowFile,23B] from FlowFile[906,93427409152804.mockFlowFile,23B]; routing to relationship simple
[pool-2775-thread-1] INFO org.apache.nifi.processors.standard.RouteText - RouteText[id=24e84634-fdfb-4a8b-87b3-8cb3253f4f09] Routing FlowFile[906,93427409152804.mockFlowFile,23B] to original
[main] DEBUG org.apache.nifi.processors.standard.RouteText - RouteText[id=24e84634-fdfb-4a8b-87b3-8cb3253f4f09] Adding new dynamic property: PropertyDescriptor[simple]
[pool-2776-thread-1] INFO org.apache.nifi.processors.standard.RouteText - RouteText[id=24e84634-fdfb-4a8b-87b3-8cb3253f4f09] Created FlowFile[909,93427409782037.mockFlowFile,23B] from FlowFile[908,93427409782037.mockFlowFile,23B]; routing to relationship simple
[pool-2776-thread-1] INFO org.apache.nifi.processors.standard.RouteText - RouteText[id=24e84634-fdfb-4a8b-87b3-8cb3253f4f09] Routing FlowFile[908,93427409782037.mockFlowFile,23B] to original
[main] DEBUG org.apache.nifi.processors.standard.RouteText - RouteText[id=24e84634-fdfb-4a8b-87b3-8cb3253f4f09] Adding new dynamic property: PropertyDescriptor[simple]
[pool-2777-thread-1] INFO org.apache.nifi.processors.standard.RouteText - RouteText[id=24e84634-fdfb-4a8b-87b3-8cb3253f4f09] Created FlowFile[911,93427410313306.mockFlowFile,23B] from FlowFile[910,93427410313306.mockFlowFile,23B]; routing to relationship simple
[pool-2777-thread-1] INFO org.apache.nifi.processors.standard.RouteText - RouteText[id=24e84634-fdfb-4a8b-87b3-8cb3253f4f09] Routing FlowFile[910,93427410313306.mockFlowFile,23B] to original
[main] DEBUG org.apache.nifi.processors.standard.RouteText - RouteText[id=24e84634-fdfb-4a8b-87b3-8cb3253f4f09] Adding new dynamic property: PropertyDescriptor[simple]
[pool-2778-thread-1] INFO org.apache.nifi.processors.standard.RouteText - RouteText[id=24e84634-fdfb-4a8b-87b3-8cb3253f4f09] Created FlowFile[913,93427410801546.mockFlowFile,23B] from FlowFile[912,93427410801546.mockFlowFile,23B]; routing to relationship simple
[pool-2778-thread-1] INFO org.apache.nifi.processors.standard.RouteText - RouteText[id=24e84634-fdfb-4a8b-87b3-8cb3253f4f09] Routing FlowFile[912,93427410801546.mockFlowFile,23B] to original
[main] DEBUG org.apache.nifi.processors.standard.RouteText - RouteText[id=24e84634-fdfb-4a8b-87b3-8cb3253f4f09] Adding new dynamic property: PropertyDescriptor[simple]
[pool-2779-thread-1] INFO org.apache.nifi.processors.standard.RouteText - RouteText[id=24e84634-fdfb-4a8b-87b3-8cb3253f4f09] Created FlowFile[915,93427411263626.mockFlowFile,23B] from FlowFile[914,93427411263626.mockFlowFile,23B]; routing to relationship simple
[pool-2779-thread-1] INFO org.apache.nifi.processors.standard.RouteText - RouteText[id=24e84634-fdfb-4a8b-87b3-8cb3253f4f09] Routing FlowFile[914,93427411263626.mockFlowFile,23B] to original
[main] DEBUG org.apache.nifi.processors.standard.RouteText - RouteText[id=24e84634-fdfb-4a8b-87b3-8cb3253f4f09] Adding new dynamic property: PropertyDescriptor[simple]
[pool-2780-thread-1] INFO org.apache.nifi.processors.standard.RouteText - RouteText[id=24e84634-fdfb-4a8b-87b3-8cb3253f4f09] Created FlowFile[917,93427411708474.mockFlowFile,23B] from FlowFile[916,93427411708474.mockFlowFile,23B]; routing to relationship simple
[pool-2780-thread-1] INFO org.apache.nifi.processors.standard.RouteText - RouteText[id=24e84634-fdfb-4a8b-87b3-8cb3253f4f09] Routing FlowFile[916,93427411708474.mockFlowFile,23B] to original
[main] DEBUG org.apache.nifi.processors.standard.RouteText - RouteText[id=24e84634-fdfb-4a8b-87b3-8cb3253f4f09] Adding new dynamic property: PropertyDescriptor[simple]
[pool-2781-thread-1] INFO org.apache.nifi.processors.standard.RouteText - RouteText[id=24e84634-fdfb-4a8b-87b3-8cb3253f4f09] Created FlowFile[919,93427412196722.mockFlowFile,23B] from FlowFile[918,93427412196722.mockFlowFile,23B]; routing to relationship simple
[pool-2781-thread-1] INFO org.apache.nifi.processors.standard.RouteText - RouteText[id=24e84634-fdfb-4a8b-87b3-8cb3253f4f09] Routing FlowFile[918,93427412196722.mockFlowFile,23B] to original
[main] DEBUG org.apache.nifi.processors.standard.RouteText - RouteText[id=24e84634-fdfb-4a8b-87b3-8cb3253f4f09] Adding new dynamic property: PropertyDescriptor[simple]
[pool-2782-thread-1] INFO org.apache.nifi.processors.standard.RouteText - RouteText[id=24e84634-fdfb-4a8b-87b3-8cb3253f4f09] Created FlowFile[921,93427412726950.mockFlowFile,23B] from FlowFile[920,93427412726950.mockFlowFile,23B]; routing to relationship simple
[pool-2782-thread-1] INFO org.apache.nifi.processors.standard.RouteText - RouteText[id=24e84634-fdfb-4a8b-87b3-8cb3253f4f09] Routing FlowFile[920,93427412726950.mockFlowFile,23B] to original
[main] DEBUG org.apache.nifi.processors.standard.RouteText - RouteText[id=24e84634-fdfb-4a8b-87b3-8cb3253f4f09] Adding new dynamic property: PropertyDescriptor[simple]
[pool-2783-thread-1] INFO org.apache.nifi.processors.standard.RouteText - RouteText[id=24e84634-fdfb-4a8b-87b3-8cb3253f4f09] Created FlowFile[923,93427413265711.mockFlowFile,23B] from FlowFile[922,93427413265711.mockFlowFile,23B]; routing to relationship simple
[pool-2783-thread-1] INFO org.apache.nifi.processors.standard.RouteText - RouteText[id=24e84634-fdfb-4a8b-87b3-8cb3253f4f09] Routing FlowFile[922,93427413265711.mockFlowFile,23B] to original
[main] DEBUG org.apache.nifi.processors.standard.RouteText - RouteText[id=24e84634-fdfb-4a8b-87b3-8cb3253f4f09] Adding new dynamic property: PropertyDescriptor[simple]
[pool-2784-thread-1] INFO org.apache.nifi.processors.standard.RouteText - RouteText[id=24e84634-fdfb-4a8b-87b3-8cb3253f4f09] Created FlowFile[925,93427413816723.mockFlowFile,23B] from FlowFile[924,93427413816723.mockFlowFile,23B]; routing to relationship simple
[pool-2784-thread-1] INFO org.apache.nifi.processors.standard.RouteText - RouteText[id=24e84634-fdfb-4a8b-87b3-8cb3253f4f09] Routing FlowFile[924,93427413816723.mockFlowFile,23B] to original
[main] DEBUG org.apache.nifi.processors.standard.RouteText - RouteText[id=24e84634-fdfb-4a8b-87b3-8cb3253f4f09] Adding new dynamic property: PropertyDescriptor[simple]
[pool-2785-thread-1] INFO org.apache.nifi.processors.standard.RouteText - RouteText[id=24e84634-fdfb-4a8b-87b3-8cb3253f4f09] Created FlowFile[927,93427414330694.mockFlowFile,23B] from FlowFile[926,93427414330694.mockFlowFile,23B]; routing to relationship simple
[pool-2785-thread-1] INFO org.apache.nifi.processors.standard.RouteText - RouteText[id=24e84634-fdfb-4a8b-87b3-8cb3253f4f09] Routing FlowFile[926,93427414330694.mockFlowFile,23B] to original
[main] DEBUG org.apache.nifi.processors.standard.RouteText - RouteText[id=24e84634-fdfb-4a8b-87b3-8cb3253f4f09] Adding new dynamic property: PropertyDescriptor[simple]
[pool-2786-thread-1] INFO org.apache.nifi.processors.standard.RouteText - RouteText[id=24e84634-fdfb-4a8b-87b3-8cb3253f4f09] Created FlowFile[929,93427414815347.mockFlowFile,23B] from FlowFile[928,93427414815347.mockFlowFile,23B]; routing to relationship simple
[pool-2786-thread-1] INFO org.apache.nifi.processors.standard.RouteText - RouteText[id=24e84634-fdfb-4a8b-87b3-8cb3253f4f09] Routing FlowFile[928,93427414815347.mockFlowFile,23B] to original
[main] DEBUG org.apache.nifi.processors.standard.RouteText - RouteText[id=24e84634-fdfb-4a8b-87b3-8cb3253f4f09] Adding new dynamic property: PropertyDescriptor[simple]
[pool-2787-thread-1] INFO org.apache.nifi.processors.standard.RouteText - RouteText[id=24e84634-fdfb-4a8b-87b3-8cb3253f4f09] Created FlowFile[931,93427415278624.mockFlowFile,23B] from FlowFile[930,93427415278624.mockFlowFile,23B]; routing to relationship simple
[pool-2787-thread-1] INFO org.apache.nifi.processors.standard.RouteText - RouteText[id=24e84634-fdfb-4a8b-87b3-8cb3253f4f09] Routing FlowFile[930,93427415278624.mockFlowFile,23B] to original
[main] DEBUG org.apache.nifi.processors.standard.RouteText - RouteText[id=24e84634-fdfb-4a8b-87b3-8cb3253f4f09] Adding new dynamic property: PropertyDescriptor[simple]
[pool-2788-thread-1] INFO org.apache.nifi.processors.standard.RouteText - RouteText[id=24e84634-fdfb-4a8b-87b3-8cb3253f4f09] Created FlowFile[933,93427415741828.mockFlowFile,23B] from FlowFile[932,93427415741828.mockFlowFile,23B]; routing to relationship simple
[pool-2788-thread-1] INFO org.apache.nifi.processors.standard.RouteText - RouteText[id=24e84634-fdfb-4a8b-87b3-8cb3253f4f09] Routing FlowFile[932,93427415741828.mockFlowFile,23B] to original
[main] DEBUG org.apache.nifi.processors.standard.RouteText - RouteText[id=24e84634-fdfb-4a8b-87b3-8cb3253f4f09] Adding new dynamic property: PropertyDescriptor[simple]
[pool-2789-thread-1] INFO org.apache.nifi.processors.standard.RouteText - RouteText[id=24e84634-fdfb-4a8b-87b3-8cb3253f4f09] Created FlowFile[935,93427416291594.mockFlowFile,23B] from FlowFile[934,93427416291594.mockFlowFile,23B]; routing to relationship simple
[pool-2789-thread-1] INFO org.apache.nifi.processors.standard.RouteText - RouteText[id=24e84634-fdfb-4a8b-87b3-8cb3253f4f09] Routing FlowFile[934,93427416291594.mockFlowFile,23B] to original
[main] DEBUG org.apache.nifi.processors.standard.RouteText - RouteText[id=24e84634-fdfb-4a8b-87b3-8cb3253f4f09] Adding new dynamic property: PropertyDescriptor[simple]
[pool-2790-thread-1] INFO org.apache.nifi.processors.standard.RouteText - RouteText[id=24e84634-fdfb-4a8b-87b3-8cb3253f4f09] Created FlowFile[937,93427416753489.mockFlowFile,23B] from FlowFile[936,93427416753489.mockFlowFile,23B]; routing to relationship simple
[pool-2790-thread-1] INFO org.apache.nifi.processors.standard.RouteText - RouteText[id=24e84634-fdfb-4a8b-87b3-8cb3253f4f09] Routing FlowFile[936,93427416753489.mockFlowFile,23B] to original
[main] DEBUG org.apache.nifi.processors.standard.RouteText - RouteText[id=24e84634-fdfb-4a8b-87b3-8cb3253f4f09] Adding new dynamic property: PropertyDescriptor[simple]
[pool-2791-thread-1] INFO org.apache.nifi.processors.standard.RouteText - RouteText[id=24e84634-fdfb-4a8b-87b3-8cb3253f4f09] Created FlowFile[939,93427417289999.mockFlowFile,23B] from FlowFile[938,93427417289999.mockFlowFile,23B]; routing to relationship simple
[pool-2791-thread-1] INFO org.apache.nifi.processors.standard.RouteText - RouteText[id=24e84634-fdfb-4a8b-87b3-8cb3253f4f09] Routing FlowFile[938,93427417289999.mockFlowFile,23B] to original
[main] DEBUG org.apache.nifi.processors.standard.RouteText - RouteText[id=24e84634-fdfb-4a8b-87b3-8cb3253f4f09] Adding new dynamic property: PropertyDescriptor[simple]
[pool-2792-thread-1] INFO org.apache.nifi.processors.standard.RouteText - RouteText[id=24e84634-fdfb-4a8b-87b3-8cb3253f4f09] Created FlowFile[941,93427417823483.mockFlowFile,23B] from FlowFile[940,93427417823483.mockFlowFile,23B]; routing to relationship simple
[pool-2792-thread-1] INFO org.apache.nifi.processors.standard.RouteText - RouteText[id=24e84634-fdfb-4a8b-87b3-8cb3253f4f09] Routing FlowFile[940,93427417823483.mockFlowFile,23B] to original
[main] DEBUG org.apache.nifi.processors.standard.RouteText - RouteText[id=24e84634-fdfb-4a8b-87b3-8cb3253f4f09] Adding new dynamic property: PropertyDescriptor[simple]
[pool-2793-thread-1] INFO org.apache.nifi.processors.standard.RouteText - RouteText[id=24e84634-fdfb-4a8b-87b3-8cb3253f4f09] Created FlowFile[943,93427418375653.mockFlowFile,23B] from FlowFile[942,93427418375653.mockFlowFile,23B]; routing to relationship simple
[pool-2793-thread-1] INFO org.apache.nifi.processors.standard.RouteText - RouteText[id=24e84634-fdfb-4a8b-87b3-8cb3253f4f09] Routing FlowFile[942,93427418375653.mockFlowFile,23B] to original
[main] DEBUG org.apache.nifi.processors.standard.RouteText - RouteText[id=24e84634-fdfb-4a8b-87b3-8cb3253f4f09] Adding new dynamic property: PropertyDescriptor[simple]
[pool-2794-thread-1] INFO org.apache.nifi.processors.standard.RouteText - RouteText[id=24e84634-fdfb-4a8b-87b3-8cb3253f4f09] Created FlowFile[945,93427418942480.mockFlowFile,23B] from FlowFile[944,93427418942480.mockFlowFile,23B]; routing to relationship simple
[pool-2794-thread-1] INFO org.apache.nifi.processors.standard.RouteText - RouteText[id=24e84634-fdfb-4a8b-87b3-8cb3253f4f09] Routing FlowFile[944,93427418942480.mockFlowFile,23B] to original
[main] DEBUG org.apache.nifi.processors.standard.RouteText - RouteText[id=24e84634-fdfb-4a8b-87b3-8cb3253f4f09] Adding new dynamic property: PropertyDescriptor[simple]
[pool-2795-thread-1] INFO org.apache.nifi.processors.standard.RouteText - RouteText[id=24e84634-fdfb-4a8b-87b3-8cb3253f4f09] Created FlowFile[947,93427419515531.mockFlowFile,23B] from FlowFile[946,93427419515531.mockFlowFile,23B]; routing to relationship simple
[pool-2795-thread-1] INFO org.apache.nifi.processors.standard.RouteText - RouteText[id=24e84634-fdfb-4a8b-87b3-8cb3253f4f09] Routing FlowFile[946,93427419515531.mockFlowFile,23B] to original
[main] DEBUG org.apache.nifi.processors.standard.RouteText - RouteText[id=24e84634-fdfb-4a8b-87b3-8cb3253f4f09] Adding new dynamic property: PropertyDescriptor[simple]
[pool-2796-thread-1] INFO org.apache.nifi.processors.standard.RouteText - RouteText[id=24e84634-fdfb-4a8b-87b3-8cb3253f4f09] Created FlowFile[949,93427420063047.mockFlowFile,23B] from FlowFile[948,93427420063047.mockFlowFile,23B]; routing to relationship simple
[pool-2796-thread-1] INFO org.apache.nifi.processors.standard.RouteText - RouteText[id=24e84634-fdfb-4a8b-87b3-8cb3253f4f09] Routing FlowFile[948,93427420063047.mockFlowFile,23B] to original
[main] DEBUG org.apache.nifi.processors.standard.RouteText - RouteText[id=24e84634-fdfb-4a8b-87b3-8cb3253f4f09] Adding new dynamic property: PropertyDescriptor[simple]
[pool-2797-thread-1] INFO org.apache.nifi.processors.standard.RouteText - RouteText[id=24e84634-fdfb-4a8b-87b3-8cb3253f4f09] Created FlowFile[951,93427420598687.mockFlowFile,23B] from FlowFile[950,93427420598687.mockFlowFile,23B]; routing to relationship simple
[pool-2797-thread-1] INFO org.apache.nifi.processors.standard.RouteText - RouteText[id=24e84634-fdfb-4a8b-87b3-8cb3253f4f09] Routing FlowFile[950,93427420598687.mockFlowFile,23B] to original
[main] DEBUG org.apache.nifi.processors.standard.RouteText - RouteText[id=24e84634-fdfb-4a8b-87b3-8cb3253f4f09] Adding new dynamic property: PropertyDescriptor[simple]
[pool-2798-thread-1] INFO org.apache.nifi.processors.standard.RouteText - RouteText[id=24e84634-fdfb-4a8b-87b3-8cb3253f4f09] Created FlowFile[953,93427421276363.mockFlowFile,23B] from FlowFile[952,93427421276363.mockFlowFile,23B]; routing to relationship simple
[pool-2798-thread-1] INFO org.apache.nifi.processors.standard.RouteText - RouteText[id=24e84634-fdfb-4a8b-87b3-8cb3253f4f09] Routing FlowFile[952,93427421276363.mockFlowFile,23B] to original
[main] DEBUG org.apache.nifi.processors.standard.RouteText - RouteText[id=24e84634-fdfb-4a8b-87b3-8cb3253f4f09] Adding new dynamic property: PropertyDescriptor[simple]
[pool-2799-thread-1] INFO org.apache.nifi.processors.standard.RouteText - RouteText[id=24e84634-fdfb-4a8b-87b3-8cb3253f4f09] Created FlowFile[955,93427421887546.mockFlowFile,23B] from FlowFile[954,93427421887546.mockFlowFile,23B]; routing to relationship simple
[pool-2799-thread-1] INFO org.apache.nifi.processors.standard.RouteText - RouteText[id=24e84634-fdfb-4a8b-87b3-8cb3253f4f09] Routing FlowFile[954,93427421887546.mockFlowFile,23B] to original
[main] DEBUG org.apache.nifi.processors.standard.RouteText - RouteText[id=24e84634-fdfb-4a8b-87b3-8cb3253f4f09] Adding new dynamic property: PropertyDescriptor[simple]
[pool-2800-thread-1] INFO org.apache.nifi.processors.standard.RouteText - RouteText[id=24e84634-fdfb-4a8b-87b3-8cb3253f4f09] Created FlowFile[957,93427422449647.mockFlowFile,23B] from FlowFile[956,93427422449647.mockFlowFile,23B]; routing to relationship simple
[pool-2800-thread-1] INFO org.apache.nifi.processors.standard.RouteText - RouteText[id=24e84634-fdfb-4a8b-87b3-8cb3253f4f09] Routing FlowFile[956,93427422449647.mockFlowFile,23B] to original
[main] DEBUG org.apache.nifi.processors.standard.RouteText - RouteText[id=24e84634-fdfb-4a8b-87b3-8cb3253f4f09] Adding new dynamic property: PropertyDescriptor[simple]
[pool-2801-thread-1] INFO org.apache.nifi.processors.standard.RouteText - RouteText[id=24e84634-fdfb-4a8b-87b3-8cb3253f4f09] Created FlowFile[959,93427423056941.mockFlowFile,23B] from FlowFile[958,93427423056941.mockFlowFile,23B]; routing to relationship simple
[pool-2801-thread-1] INFO org.apache.nifi.processors.standard.RouteText - RouteText[id=24e84634-fdfb-4a8b-87b3-8cb3253f4f09] Routing FlowFile[958,93427423056941.mockFlowFile,23B] to original
[main] DEBUG org.apache.nifi.processors.standard.RouteText - RouteText[id=24e84634-fdfb-4a8b-87b3-8cb3253f4f09] Adding new dynamic property: PropertyDescriptor[simple]
[pool-2802-thread-1] INFO org.apache.nifi.processors.standard.RouteText - RouteText[id=24e84634-fdfb-4a8b-87b3-8cb3253f4f09] Created FlowFile[961,93427423642683.mockFlowFile,23B] from FlowFile[960,93427423642683.mockFlowFile,23B]; routing to relationship simple
[pool-2802-thread-1] INFO org.apache.nifi.processors.standard.RouteText - RouteText[id=24e84634-fdfb-4a8b-87b3-8cb3253f4f09] Routing FlowFile[960,93427423642683.mockFlowFile,23B] to original
[main] DEBUG org.apache.nifi.processors.standard.RouteText - RouteText[id=24e84634-fdfb-4a8b-87b3-8cb3253f4f09] Adding new dynamic property: PropertyDescriptor[simple]
[pool-2803-thread-1] INFO org.apache.nifi.processors.standard.RouteText - RouteText[id=24e84634-fdfb-4a8b-87b3-8cb3253f4f09] Created FlowFile[963,93427424248269.mockFlowFile,23B] from FlowFile[962,93427424248269.mockFlowFile,23B]; routing to relationship simple
[pool-2803-thread-1] INFO org.apache.nifi.processors.standard.RouteText - RouteText[id=24e84634-fdfb-4a8b-87b3-8cb3253f4f09] Routing FlowFile[962,93427424248269.mockFlowFile,23B] to original
[main] DEBUG org.apache.nifi.processors.standard.RouteText - RouteText[id=24e84634-fdfb-4a8b-87b3-8cb3253f4f09] Adding new dynamic property: PropertyDescriptor[simple]
[pool-2804-thread-1] INFO org.apache.nifi.processors.standard.RouteText - RouteText[id=24e84634-fdfb-4a8b-87b3-8cb3253f4f09] Created FlowFile[965,93427424875456.mockFlowFile,23B] from FlowFile[964,93427424875456.mockFlowFile,23B]; routing to relationship simple
[pool-2804-thread-1] INFO org.apache.nifi.processors.standard.RouteText - RouteText[id=24e84634-fdfb-4a8b-87b3-8cb3253f4f09] Routing FlowFile[964,93427424875456.mockFlowFile,23B] to original
[main] DEBUG org.apache.nifi.processors.standard.RouteText - RouteText[id=24e84634-fdfb-4a8b-87b3-8cb3253f4f09] Adding new dynamic property: PropertyDescriptor[simple]
[pool-2805-thread-1] INFO org.apache.nifi.processors.standard.RouteText - RouteText[id=24e84634-fdfb-4a8b-87b3-8cb3253f4f09] Created FlowFile[967,93427425496656.mockFlowFile,23B] from FlowFile[966,93427425496656.mockFlowFile,23B]; routing to relationship simple
[pool-2805-thread-1] INFO org.apache.nifi.processors.standard.RouteText - RouteText[id=24e84634-fdfb-4a8b-87b3-8cb3253f4f09] Routing FlowFile[966,93427425496656.mockFlowFile,23B] to original
[main] DEBUG org.apache.nifi.processors.standard.RouteText - RouteText[id=24e84634-fdfb-4a8b-87b3-8cb3253f4f09] Adding new dynamic property: PropertyDescriptor[simple]
[pool-2806-thread-1] INFO org.apache.nifi.processors.standard.RouteText - RouteText[id=24e84634-fdfb-4a8b-87b3-8cb3253f4f09] Created FlowFile[969,93427426140423.mockFlowFile,23B] from FlowFile[968,93427426140423.mockFlowFile,23B]; routing to relationship simple
[pool-2806-thread-1] INFO org.apache.nifi.processors.standard.RouteText - RouteText[id=24e84634-fdfb-4a8b-87b3-8cb3253f4f09] Routing FlowFile[968,93427426140423.mockFlowFile,23B] to original
[main] DEBUG org.apache.nifi.processors.standard.RouteText - RouteText[id=24e84634-fdfb-4a8b-87b3-8cb3253f4f09] Adding new dynamic property: PropertyDescriptor[simple]
[pool-2807-thread-1] INFO org.apache.nifi.processors.standard.RouteText - RouteText[id=24e84634-fdfb-4a8b-87b3-8cb3253f4f09] Created FlowFile[971,93427426745778.mockFlowFile,23B] from FlowFile[970,93427426745778.mockFlowFile,23B]; routing to relationship simple
[pool-2807-thread-1] INFO org.apache.nifi.processors.standard.RouteText - RouteText[id=24e84634-fdfb-4a8b-87b3-8cb3253f4f09] Routing FlowFile[970,93427426745778.mockFlowFile,23B] to original
[main] DEBUG org.apache.nifi.processors.standard.RouteText - RouteText[id=24e84634-fdfb-4a8b-87b3-8cb3253f4f09] Adding new dynamic property: PropertyDescriptor[simple]
[pool-2808-thread-1] INFO org.apache.nifi.processors.standard.RouteText - RouteText[id=24e84634-fdfb-4a8b-87b3-8cb3253f4f09] Created FlowFile[973,93427427380353.mockFlowFile,23B] from FlowFile[972,93427427380353.mockFlowFile,23B]; routing to relationship simple
[pool-2808-thread-1] INFO org.apache.nifi.processors.standard.RouteText - RouteText[id=24e84634-fdfb-4a8b-87b3-8cb3253f4f09] Routing FlowFile[972,93427427380353.mockFlowFile,23B] to original
[main] DEBUG org.apache.nifi.processors.standard.RouteText - RouteText[id=24e84634-fdfb-4a8b-87b3-8cb3253f4f09] Adding new dynamic property: PropertyDescriptor[simple]
[pool-2809-thread-1] INFO org.apache.nifi.processors.standard.RouteText - RouteText[id=24e84634-fdfb-4a8b-87b3-8cb3253f4f09] Created FlowFile[975,93427427984707.mockFlowFile,23B] from FlowFile[974,93427427984707.mockFlowFile,23B]; routing to relationship simple
[pool-2809-thread-1] INFO org.apache.nifi.processors.standard.RouteText - RouteText[id=24e84634-fdfb-4a8b-87b3-8cb3253f4f09] Routing FlowFile[974,93427427984707.mockFlowFile,23B] to original
[main] DEBUG org.apache.nifi.processors.standard.RouteText - RouteText[id=24e84634-fdfb-4a8b-87b3-8cb3253f4f09] Adding new dynamic property: PropertyDescriptor[simple]
[pool-2810-thread-1] INFO org.apache.nifi.processors.standard.RouteText - RouteText[id=24e84634-fdfb-4a8b-87b3-8cb3253f4f09] Created FlowFile[977,93427428607963.mockFlowFile,23B] from FlowFile[976,93427428607963.mockFlowFile,23B]; routing to relationship simple
[pool-2810-thread-1] INFO org.apache.nifi.processors.standard.RouteText - RouteText[id=24e84634-fdfb-4a8b-87b3-8cb3253f4f09] Routing FlowFile[976,93427428607963.mockFlowFile,23B] to original
[main] DEBUG org.apache.nifi.processors.standard.RouteText - RouteText[id=24e84634-fdfb-4a8b-87b3-8cb3253f4f09] Adding new dynamic property: PropertyDescriptor[simple]
[pool-2811-thread-1] INFO org.apache.nifi.processors.standard.RouteText - RouteText[id=24e84634-fdfb-4a8b-87b3-8cb3253f4f09] Created FlowFile[979,93427429247998.mockFlowFile,23B] from FlowFile[978,93427429247998.mockFlowFile,23B]; routing to relationship simple
[pool-2811-thread-1] INFO org.apache.nifi.processors.standard.RouteText - RouteText[id=24e84634-fdfb-4a8b-87b3-8cb3253f4f09] Routing FlowFile[978,93427429247998.mockFlowFile,23B] to original
[main] DEBUG org.apache.nifi.processors.standard.RouteText - RouteText[id=24e84634-fdfb-4a8b-87b3-8cb3253f4f09] Adding new dynamic property: PropertyDescriptor[simple]
[pool-2812-thread-1] INFO org.apache.nifi.processors.standard.RouteText - RouteText[id=24e84634-fdfb-4a8b-87b3-8cb3253f4f09] Created FlowFile[981,93427429853244.mockFlowFile,23B] from FlowFile[980,93427429853244.mockFlowFile,23B]; routing to relationship simple
[pool-2812-thread-1] INFO org.apache.nifi.processors.standard.RouteText - RouteText[id=24e84634-fdfb-4a8b-87b3-8cb3253f4f09] Routing FlowFile[980,93427429853244.mockFlowFile,23B] to original
[main] DEBUG org.apache.nifi.processors.standard.RouteText - RouteText[id=24e84634-fdfb-4a8b-87b3-8cb3253f4f09] Adding new dynamic property: PropertyDescriptor[simple]
[pool-2813-thread-1] INFO org.apache.nifi.processors.standard.RouteText - RouteText[id=24e84634-fdfb-4a8b-87b3-8cb3253f4f09] Created FlowFile[983,93427430494445.mockFlowFile,23B] from FlowFile[982,93427430494445.mockFlowFile,23B]; routing to relationship simple
[pool-2813-thread-1] INFO org.apache.nifi.processors.standard.RouteText - RouteText[id=24e84634-fdfb-4a8b-87b3-8cb3253f4f09] Routing FlowFile[982,93427430494445.mockFlowFile,23B] to original
[main] DEBUG org.apache.nifi.processors.standard.RouteText - RouteText[id=24e84634-fdfb-4a8b-87b3-8cb3253f4f09] Adding new dynamic property: PropertyDescriptor[simple]
[pool-2814-thread-1] INFO org.apache.nifi.processors.standard.RouteText - RouteText[id=24e84634-fdfb-4a8b-87b3-8cb3253f4f09] Created FlowFile[985,93427431096630.mockFlowFile,23B] from FlowFile[984,93427431096630.mockFlowFile,23B]; routing to relationship simple
[pool-2814-thread-1] INFO org.apache.nifi.processors.standard.RouteText - RouteText[id=24e84634-fdfb-4a8b-87b3-8cb3253f4f09] Routing FlowFile[984,93427431096630.mockFlowFile,23B] to original
[main] DEBUG org.apache.nifi.processors.standard.RouteText - RouteText[id=24e84634-fdfb-4a8b-87b3-8cb3253f4f09] Adding new dynamic property: PropertyDescriptor[simple]
[pool-2815-thread-1] INFO org.apache.nifi.processors.standard.RouteText - RouteText[id=24e84634-fdfb-4a8b-87b3-8cb3253f4f09] Created FlowFile[987,93427431688485.mockFlowFile,23B] from FlowFile[986,93427431688485.mockFlowFile,23B]; routing to relationship simple
[pool-2815-thread-1] INFO org.apache.nifi.processors.standard.RouteText - RouteText[id=24e84634-fdfb-4a8b-87b3-8cb3253f4f09] Routing FlowFile[986,93427431688485.mockFlowFile,23B] to original
[main] DEBUG org.apache.nifi.processors.standard.RouteText - RouteText[id=24e84634-fdfb-4a8b-87b3-8cb3253f4f09] Adding new dynamic property: PropertyDescriptor[simple]
[pool-2816-thread-1] INFO org.apache.nifi.processors.standard.RouteText - RouteText[id=24e84634-fdfb-4a8b-87b3-8cb3253f4f09] Created FlowFile[989,93427432309099.mockFlowFile,23B] from FlowFile[988,93427432309099.mockFlowFile,23B]; routing to relationship simple
[pool-2816-thread-1] INFO org.apache.nifi.processors.standard.RouteText - RouteText[id=24e84634-fdfb-4a8b-87b3-8cb3253f4f09] Routing FlowFile[988,93427432309099.mockFlowFile,23B] to original
[main] DEBUG org.apache.nifi.processors.standard.RouteText - RouteText[id=24e84634-fdfb-4a8b-87b3-8cb3253f4f09] Adding new dynamic property: PropertyDescriptor[simple]
[pool-2817-thread-1] INFO org.apache.nifi.processors.standard.RouteText - RouteText[id=24e84634-fdfb-4a8b-87b3-8cb3253f4f09] Created FlowFile[991,93427432899544.mockFlowFile,23B] from FlowFile[990,93427432899544.mockFlowFile,23B]; routing to relationship simple
[pool-2817-thread-1] INFO org.apache.nifi.processors.standard.RouteText - RouteText[id=24e84634-fdfb-4a8b-87b3-8cb3253f4f09] Routing FlowFile[990,93427432899544.mockFlowFile,23B] to original
[main] DEBUG org.apache.nifi.processors.standard.RouteText - RouteText[id=24e84634-fdfb-4a8b-87b3-8cb3253f4f09] Adding new dynamic property: PropertyDescriptor[simple]
[pool-2818-thread-1] INFO org.apache.nifi.processors.standard.RouteText - RouteText[id=24e84634-fdfb-4a8b-87b3-8cb3253f4f09] Created FlowFile[993,93427433517265.mockFlowFile,23B] from FlowFile[992,93427433517265.mockFlowFile,23B]; routing to relationship simple
[pool-2818-thread-1] INFO org.apache.nifi.processors.standard.RouteText - RouteText[id=24e84634-fdfb-4a8b-87b3-8cb3253f4f09] Routing FlowFile[992,93427433517265.mockFlowFile,23B] to original
[main] DEBUG org.apache.nifi.processors.standard.RouteText - RouteText[id=24e84634-fdfb-4a8b-87b3-8cb3253f4f09] Adding new dynamic property: PropertyDescriptor[simple]
[pool-2819-thread-1] INFO org.apache.nifi.processors.standard.RouteText - RouteText[id=24e84634-fdfb-4a8b-87b3-8cb3253f4f09] Created FlowFile[995,93427434097734.mockFlowFile,23B] from FlowFile[994,93427434097734.mockFlowFile,23B]; routing to relationship simple
[pool-2819-thread-1] INFO org.apache.nifi.processors.standard.RouteText - RouteText[id=24e84634-fdfb-4a8b-87b3-8cb3253f4f09] Routing FlowFile[994,93427434097734.mockFlowFile,23B] to original
[main] DEBUG org.apache.nifi.processors.standard.RouteText - RouteText[id=24e84634-fdfb-4a8b-87b3-8cb3253f4f09] Adding new dynamic property: PropertyDescriptor[simple]
[pool-2820-thread-1] INFO org.apache.nifi.processors.standard.RouteText - RouteText[id=24e84634-fdfb-4a8b-87b3-8cb3253f4f09] Created FlowFile[997,93427434647278.mockFlowFile,23B] from FlowFile[996,93427434647278.mockFlowFile,23B]; routing to relationship simple
[pool-2820-thread-1] INFO org.apache.nifi.processors.standard.RouteText - RouteText[id=24e84634-fdfb-4a8b-87b3-8cb3253f4f09] Routing FlowFile[996,93427434647278.mockFlowFile,23B] to original
[main] DEBUG org.apache.nifi.processors.standard.RouteText - RouteText[id=24e84634-fdfb-4a8b-87b3-8cb3253f4f09] Adding new dynamic property: PropertyDescriptor[simple]
[pool-2821-thread-1] INFO org.apache.nifi.processors.standard.RouteText - RouteText[id=24e84634-fdfb-4a8b-87b3-8cb3253f4f09] Created FlowFile[999,93427435204464.mockFlowFile,23B] from FlowFile[998,93427435204464.mockFlowFile,23B]; routing to relationship simple
[pool-2821-thread-1] INFO org.apache.nifi.processors.standard.RouteText - RouteText[id=24e84634-fdfb-4a8b-87b3-8cb3253f4f09] Routing FlowFile[998,93427435204464.mockFlowFile,23B] to original
[main] DEBUG org.apache.nifi.processors.standard.RouteText - RouteText[id=24e84634-fdfb-4a8b-87b3-8cb3253f4f09] Adding new dynamic property: PropertyDescriptor[simple]
[pool-2822-thread-1] INFO org.apache.nifi.processors.standard.RouteText - RouteText[id=24e84634-fdfb-4a8b-87b3-8cb3253f4f09] Created FlowFile[1001,93427435736601.mockFlowFile,23B] from FlowFile[1000,93427435736601.mockFlowFile,23B]; routing to relationship simple
[pool-2822-thread-1] INFO org.apache.nifi.processors.standard.RouteText - RouteText[id=24e84634-fdfb-4a8b-87b3-8cb3253f4f09] Routing FlowFile[1000,93427435736601.mockFlowFile,23B] to original
[main] DEBUG org.apache.nifi.processors.standard.RouteText - RouteText[id=24e84634-fdfb-4a8b-87b3-8cb3253f4f09] Adding new dynamic property: PropertyDescriptor[simple]
[pool-2823-thread-1] INFO org.apache.nifi.processors.standard.RouteText - RouteText[id=24e84634-fdfb-4a8b-87b3-8cb3253f4f09] Created FlowFile[1003,93427436292335.mockFlowFile,23B] from FlowFile[1002,93427436292335.mockFlowFile,23B]; routing to relationship simple
[pool-2823-thread-1] INFO org.apache.nifi.processors.standard.RouteText - RouteText[id=24e84634-fdfb-4a8b-87b3-8cb3253f4f09] Routing FlowFile[1002,93427436292335.mockFlowFile,23B] to original
[main] DEBUG org.apache.nifi.processors.standard.RouteText - RouteText[id=24e84634-fdfb-4a8b-87b3-8cb3253f4f09] Adding new dynamic property: PropertyDescriptor[simple]
[pool-2824-thread-1] INFO org.apache.nifi.processors.standard.RouteText - RouteText[id=24e84634-fdfb-4a8b-87b3-8cb3253f4f09] Created FlowFile[1005,93427436866343.mockFlowFile,23B] from FlowFile[1004,93427436866343.mockFlowFile,23B]; routing to relationship simple
[pool-2824-thread-1] INFO org.apache.nifi.processors.standard.RouteText - RouteText[id=24e84634-fdfb-4a8b-87b3-8cb3253f4f09] Routing FlowFile[1004,93427436866343.mockFlowFile,23B] to original
[main] DEBUG org.apache.nifi.processors.standard.RouteText - RouteText[id=24e84634-fdfb-4a8b-87b3-8cb3253f4f09] Adding new dynamic property: PropertyDescriptor[simple]
[pool-2825-thread-1] INFO org.apache.nifi.processors.standard.RouteText - RouteText[id=24e84634-fdfb-4a8b-87b3-8cb3253f4f09] Created FlowFile[1007,93427437478529.mockFlowFile,23B] from FlowFile[1006,93427437478529.mockFlowFile,23B]; routing to relationship simple
[pool-2825-thread-1] INFO org.apache.nifi.processors.standard.RouteText - RouteText[id=24e84634-fdfb-4a8b-87b3-8cb3253f4f09] Routing FlowFile[1006,93427437478529.mockFlowFile,23B] to original
[main] DEBUG org.apache.nifi.processors.standard.RouteText - RouteText[id=24e84634-fdfb-4a8b-87b3-8cb3253f4f09] Adding new dynamic property: PropertyDescriptor[simple]
[pool-2826-thread-1] INFO org.apache.nifi.processors.standard.RouteText - RouteText[id=24e84634-fdfb-4a8b-87b3-8cb3253f4f09] Created FlowFile[1009,93427438068042.mockFlowFile,23B] from FlowFile[1008,93427438068042.mockFlowFile,23B]; routing to relationship simple
[pool-2826-thread-1] INFO org.apache.nifi.processors.standard.RouteText - RouteText[id=24e84634-fdfb-4a8b-87b3-8cb3253f4f09] Routing FlowFile[1008,93427438068042.mockFlowFile,23B] to original
[main] DEBUG org.apache.nifi.processors.standard.RouteText - RouteText[id=24e84634-fdfb-4a8b-87b3-8cb3253f4f09] Adding new dynamic property: PropertyDescriptor[simple]
[pool-2827-thread-1] INFO org.apache.nifi.processors.standard.RouteText - RouteText[id=24e84634-fdfb-4a8b-87b3-8cb3253f4f09] Created FlowFile[1011,93427438619376.mockFlowFile,23B] from FlowFile[1010,93427438619376.mockFlowFile,23B]; routing to relationship simple
[pool-2827-thread-1] INFO org.apache.nifi.processors.standard.RouteText - RouteText[id=24e84634-fdfb-4a8b-87b3-8cb3253f4f09] Routing FlowFile[1010,93427438619376.mockFlowFile,23B] to original
[main] DEBUG org.apache.nifi.processors.standard.RouteText - RouteText[id=24e84634-fdfb-4a8b-87b3-8cb3253f4f09] Adding new dynamic property: PropertyDescriptor[simple]
[pool-2828-thread-1] INFO org.apache.nifi.processors.standard.RouteText - RouteText[id=24e84634-fdfb-4a8b-87b3-8cb3253f4f09] Created FlowFile[1013,93427439146352.mockFlowFile,23B] from FlowFile[1012,93427439146352.mockFlowFile,23B]; routing to relationship simple
[pool-2828-thread-1] INFO org.apache.nifi.processors.standard.RouteText - RouteText[id=24e84634-fdfb-4a8b-87b3-8cb3253f4f09] Routing FlowFile[1012,93427439146352.mockFlowFile,23B] to original
[main] DEBUG org.apache.nifi.processors.standard.RouteText - RouteText[id=24e84634-fdfb-4a8b-87b3-8cb3253f4f09] Adding new dynamic property: PropertyDescriptor[simple]
[pool-2829-thread-1] INFO org.apache.nifi.processors.standard.RouteText - RouteText[id=24e84634-fdfb-4a8b-87b3-8cb3253f4f09] Created FlowFile[1015,93427440439512.mockFlowFile,23B] from FlowFile[1014,93427440439512.mockFlowFile,23B]; routing to relationship simple
[pool-2829-thread-1] INFO org.apache.nifi.processors.standard.RouteText - RouteText[id=24e84634-fdfb-4a8b-87b3-8cb3253f4f09] Routing FlowFile[1014,93427440439512.mockFlowFile,23B] to original
[main] DEBUG org.apache.nifi.processors.standard.RouteText - RouteText[id=24e84634-fdfb-4a8b-87b3-8cb3253f4f09] Adding new dynamic property: PropertyDescriptor[simple]
[pool-2830-thread-1] INFO org.apache.nifi.processors.standard.RouteText - RouteText[id=24e84634-fdfb-4a8b-87b3-8cb3253f4f09] Created FlowFile[1017,93427441130223.mockFlowFile,23B] from FlowFile[1016,93427441130223.mockFlowFile,23B]; routing to relationship simple
[pool-2830-thread-1] INFO org.apache.nifi.processors.standard.RouteText - RouteText[id=24e84634-fdfb-4a8b-87b3-8cb3253f4f09] Routing FlowFile[1016,93427441130223.mockFlowFile,23B] to original
[main] DEBUG org.apache.nifi.processors.standard.RouteText - RouteText[id=24e84634-fdfb-4a8b-87b3-8cb3253f4f09] Adding new dynamic property: PropertyDescriptor[simple]
[pool-2831-thread-1] INFO org.apache.nifi.processors.standard.RouteText - RouteText[id=24e84634-fdfb-4a8b-87b3-8cb3253f4f09] Created FlowFile[1019,93427442935337.mockFlowFile,23B] from FlowFile[1018,93427442935337.mockFlowFile,23B]; routing to relationship simple
[pool-2831-thread-1] INFO org.apache.nifi.processors.standard.RouteText - RouteText[id=24e84634-fdfb-4a8b-87b3-8cb3253f4f09] Routing FlowFile[1018,93427442935337.mockFlowFile,23B] to original
[main] DEBUG org.apache.nifi.processors.standard.RouteText - RouteText[id=24e84634-fdfb-4a8b-87b3-8cb3253f4f09] Adding new dynamic property: PropertyDescriptor[simple]
[pool-2832-thread-1] INFO org.apache.nifi.processors.standard.RouteText - RouteText[id=24e84634-fdfb-4a8b-87b3-8cb3253f4f09] Created FlowFile[1021,93427443567752.mockFlowFile,23B] from FlowFile[1020,93427443567752.mockFlowFile,23B]; routing to relationship simple
[pool-2832-thread-1] INFO org.apache.nifi.processors.standard.RouteText - RouteText[id=24e84634-fdfb-4a8b-87b3-8cb3253f4f09] Routing FlowFile[1020,93427443567752.mockFlowFile,23B] to original
[main] DEBUG org.apache.nifi.processors.standard.RouteText - RouteText[id=24e84634-fdfb-4a8b-87b3-8cb3253f4f09] Adding new dynamic property: PropertyDescriptor[simple]
[pool-2833-thread-1] INFO org.apache.nifi.processors.standard.RouteText - RouteText[id=24e84634-fdfb-4a8b-87b3-8cb3253f4f09] Created FlowFile[1023,93427444358904.mockFlowFile,23B] from FlowFile[1022,93427444358904.mockFlowFile,23B]; routing to relationship simple
[pool-2833-thread-1] INFO org.apache.nifi.processors.standard.RouteText - RouteText[id=24e84634-fdfb-4a8b-87b3-8cb3253f4f09] Routing FlowFile[1022,93427444358904.mockFlowFile,23B] to original
[main] DEBUG org.apache.nifi.processors.standard.RouteText - RouteText[id=24e84634-fdfb-4a8b-87b3-8cb3253f4f09] Adding new dynamic property: PropertyDescriptor[simple]
[pool-2834-thread-1] INFO org.apache.nifi.processors.standard.RouteText - RouteText[id=24e84634-fdfb-4a8b-87b3-8cb3253f4f09] Created FlowFile[1025,93427445016363.mockFlowFile,23B] from FlowFile[1024,93427445016363.mockFlowFile,23B]; routing to relationship simple
[pool-2834-thread-1] INFO org.apache.nifi.processors.standard.RouteText - RouteText[id=24e84634-fdfb-4a8b-87b3-8cb3253f4f09] Routing FlowFile[1024,93427445016363.mockFlowFile,23B] to original
[main] DEBUG org.apache.nifi.processors.standard.RouteText - RouteText[id=24e84634-fdfb-4a8b-87b3-8cb3253f4f09] Adding new dynamic property: PropertyDescriptor[simple]
[pool-2835-thread-1] INFO org.apache.nifi.processors.standard.RouteText - RouteText[id=24e84634-fdfb-4a8b-87b3-8cb3253f4f09] Created FlowFile[1027,93427445756667.mockFlowFile,23B] from FlowFile[1026,93427445756667.mockFlowFile,23B]; routing to relationship simple
[pool-2835-thread-1] INFO org.apache.nifi.processors.standard.RouteText - RouteText[id=24e84634-fdfb-4a8b-87b3-8cb3253f4f09] Routing FlowFile[1026,93427445756667.mockFlowFile,23B] to original
[main] DEBUG org.apache.nifi.processors.standard.RouteText - RouteText[id=24e84634-fdfb-4a8b-87b3-8cb3253f4f09] Adding new dynamic property: PropertyDescriptor[simple]
[pool-2836-thread-1] INFO org.apache.nifi.processors.standard.RouteText - RouteText[id=24e84634-fdfb-4a8b-87b3-8cb3253f4f09] Created FlowFile[1029,93427446337940.mockFlowFile,23B] from FlowFile[1028,93427446337940.mockFlowFile,23B]; routing to relationship simple
[pool-2836-thread-1] INFO org.apache.nifi.processors.standard.RouteText - RouteText[id=24e84634-fdfb-4a8b-87b3-8cb3253f4f09] Routing FlowFile[1028,93427446337940.mockFlowFile,23B] to original
[main] DEBUG org.apache.nifi.processors.standard.RouteText - RouteText[id=24e84634-fdfb-4a8b-87b3-8cb3253f4f09] Adding new dynamic property: PropertyDescriptor[simple]
[pool-2837-thread-1] INFO org.apache.nifi.processors.standard.RouteText - RouteText[id=24e84634-fdfb-4a8b-87b3-8cb3253f4f09] Created FlowFile[1031,93427446899849.mockFlowFile,23B] from FlowFile[1030,93427446899849.mockFlowFile,23B]; routing to relationship simple
[pool-2837-thread-1] INFO org.apache.nifi.processors.standard.RouteText - RouteText[id=24e84634-fdfb-4a8b-87b3-8cb3253f4f09] Routing FlowFile[1030,93427446899849.mockFlowFile,23B] to original
[main] DEBUG org.apache.nifi.processors.standard.RouteText - RouteText[id=24e84634-fdfb-4a8b-87b3-8cb3253f4f09] Adding new dynamic property: PropertyDescriptor[simple]
[pool-2838-thread-1] INFO org.apache.nifi.processors.standard.RouteText - RouteText[id=24e84634-fdfb-4a8b-87b3-8cb3253f4f09] Created FlowFile[1033,93427447421618.mockFlowFile,23B] from FlowFile[1032,93427447421618.mockFlowFile,23B]; routing to relationship simple
[pool-2838-thread-1] INFO org.apache.nifi.processors.standard.RouteText - RouteText[id=24e84634-fdfb-4a8b-87b3-8cb3253f4f09] Routing FlowFile[1032,93427447421618.mockFlowFile,23B] to original
[main] DEBUG org.apache.nifi.processors.standard.RouteText - RouteText[id=24e84634-fdfb-4a8b-87b3-8cb3253f4f09] Adding new dynamic property: PropertyDescriptor[simple]
[pool-2839-thread-1] INFO org.apache.nifi.processors.standard.RouteText - RouteText[id=24e84634-fdfb-4a8b-87b3-8cb3253f4f09] Created FlowFile[1035,93427447929586.mockFlowFile,23B] from FlowFile[1034,93427447929586.mockFlowFile,23B]; routing to relationship simple
[pool-2839-thread-1] INFO org.apache.nifi.processors.standard.RouteText - RouteText[id=24e84634-fdfb-4a8b-87b3-8cb3253f4f09] Routing FlowFile[1034,93427447929586.mockFlowFile,23B] to original
[main] DEBUG org.apache.nifi.processors.standard.RouteText - RouteText[id=24e84634-fdfb-4a8b-87b3-8cb3253f4f09] Adding new dynamic property: PropertyDescriptor[simple]
[pool-2840-thread-1] INFO org.apache.nifi.processors.standard.RouteText - RouteText[id=24e84634-fdfb-4a8b-87b3-8cb3253f4f09] Created FlowFile[1037,93427448511864.mockFlowFile,23B] from FlowFile[1036,93427448511864.mockFlowFile,23B]; routing to relationship simple
[pool-2840-thread-1] INFO org.apache.nifi.processors.standard.RouteText - RouteText[id=24e84634-fdfb-4a8b-87b3-8cb3253f4f09] Routing FlowFile[1036,93427448511864.mockFlowFile,23B] to original
[main] DEBUG org.apache.nifi.processors.standard.RouteText - RouteText[id=24e84634-fdfb-4a8b-87b3-8cb3253f4f09] Adding new dynamic property: PropertyDescriptor[simple]
[pool-2841-thread-1] INFO org.apache.nifi.processors.standard.RouteText - RouteText[id=24e84634-fdfb-4a8b-87b3-8cb3253f4f09] Created FlowFile[1039,93427449028718.mockFlowFile,23B] from FlowFile[1038,93427449028718.mockFlowFile,23B]; routing to relationship simple
[pool-2841-thread-1] INFO org.apache.nifi.processors.standard.RouteText - RouteText[id=24e84634-fdfb-4a8b-87b3-8cb3253f4f09] Routing FlowFile[1038,93427449028718.mockFlowFile,23B] to original
[main] DEBUG org.apache.nifi.processors.standard.RouteText - RouteText[id=24e84634-fdfb-4a8b-87b3-8cb3253f4f09] Adding new dynamic property: PropertyDescriptor[simple]
[pool-2842-thread-1] INFO org.apache.nifi.processors.standard.RouteText - RouteText[id=24e84634-fdfb-4a8b-87b3-8cb3253f4f09] Created FlowFile[1041,93427449545613.mockFlowFile,23B] from FlowFile[1040,93427449545613.mockFlowFile,23B]; routing to relationship simple
[pool-2842-thread-1] INFO org.apache.nifi.processors.standard.RouteText - RouteText[id=24e84634-fdfb-4a8b-87b3-8cb3253f4f09] Routing FlowFile[1040,93427449545613.mockFlowFile,23B] to original
[main] DEBUG org.apache.nifi.processors.standard.RouteText - RouteText[id=24e84634-fdfb-4a8b-87b3-8cb3253f4f09] Adding new dynamic property: PropertyDescriptor[simple]
[pool-2843-thread-1] INFO org.apache.nifi.processors.standard.RouteText - RouteText[id=24e84634-fdfb-4a8b-87b3-8cb3253f4f09] Created FlowFile[1043,93427450013575.mockFlowFile,23B] from FlowFile[1042,93427450013575.mockFlowFile,23B]; routing to relationship simple
[pool-2843-thread-1] INFO org.apache.nifi.processors.standard.RouteText - RouteText[id=24e84634-fdfb-4a8b-87b3-8cb3253f4f09] Routing FlowFile[1042,93427450013575.mockFlowFile,23B] to original
[main] DEBUG org.apache.nifi.processors.standard.RouteText - RouteText[id=24e84634-fdfb-4a8b-87b3-8cb3253f4f09] Adding new dynamic property: PropertyDescriptor[simple]
[pool-2844-thread-1] INFO org.apache.nifi.processors.standard.RouteText - RouteText[id=24e84634-fdfb-4a8b-87b3-8cb3253f4f09] Created FlowFile[1045,93427450488386.mockFlowFile,23B] from FlowFile[1044,93427450488386.mockFlowFile,23B]; routing to relationship simple
[pool-2844-thread-1] INFO org.apache.nifi.processors.standard.RouteText - RouteText[id=24e84634-fdfb-4a8b-87b3-8cb3253f4f09] Routing FlowFile[1044,93427450488386.mockFlowFile,23B] to original
[main] DEBUG org.apache.nifi.processors.standard.RouteText - RouteText[id=24e84634-fdfb-4a8b-87b3-8cb3253f4f09] Adding new dynamic property: PropertyDescriptor[simple]
[pool-2845-thread-1] INFO org.apache.nifi.processors.standard.RouteText - RouteText[id=24e84634-fdfb-4a8b-87b3-8cb3253f4f09] Created FlowFile[1047,93427450955942.mockFlowFile,23B] from FlowFile[1046,93427450955942.mockFlowFile,23B]; routing to relationship simple
[pool-2845-thread-1] INFO org.apache.nifi.processors.standard.RouteText - RouteText[id=24e84634-fdfb-4a8b-87b3-8cb3253f4f09] Routing FlowFile[1046,93427450955942.mockFlowFile,23B] to original
[main] DEBUG org.apache.nifi.processors.standard.RouteText - RouteText[id=24e84634-fdfb-4a8b-87b3-8cb3253f4f09] Adding new dynamic property: PropertyDescriptor[simple]
[pool-2846-thread-1] INFO org.apache.nifi.processors.standard.RouteText - RouteText[id=24e84634-fdfb-4a8b-87b3-8cb3253f4f09] Created FlowFile[1049,93427451412362.mockFlowFile,23B] from FlowFile[1048,93427451412362.mockFlowFile,23B]; routing to relationship simple
[pool-2846-thread-1] INFO org.apache.nifi.processors.standard.RouteText - RouteText[id=24e84634-fdfb-4a8b-87b3-8cb3253f4f09] Routing FlowFile[1048,93427451412362.mockFlowFile,23B] to original
[main] DEBUG org.apache.nifi.processors.standard.RouteText - RouteText[id=24e84634-fdfb-4a8b-87b3-8cb3253f4f09] Adding new dynamic property: PropertyDescriptor[simple]
[pool-2847-thread-1] INFO org.apache.nifi.processors.standard.RouteText - RouteText[id=24e84634-fdfb-4a8b-87b3-8cb3253f4f09] Created FlowFile[1051,93427452063551.mockFlowFile,23B] from FlowFile[1050,93427452063551.mockFlowFile,23B]; routing to relationship simple
[pool-2847-thread-1] INFO org.apache.nifi.processors.standard.RouteText - RouteText[id=24e84634-fdfb-4a8b-87b3-8cb3253f4f09] Routing FlowFile[1050,93427452063551.mockFlowFile,23B] to original
[main] DEBUG org.apache.nifi.processors.standard.RouteText - RouteText[id=24e84634-fdfb-4a8b-87b3-8cb3253f4f09] Adding new dynamic property: PropertyDescriptor[simple]
[pool-2848-thread-1] INFO org.apache.nifi.processors.standard.RouteText - RouteText[id=24e84634-fdfb-4a8b-87b3-8cb3253f4f09] Created FlowFile[1053,93427452614699.mockFlowFile,23B] from FlowFile[1052,93427452614699.mockFlowFile,23B]; routing to relationship simple
[pool-2848-thread-1] INFO org.apache.nifi.processors.standard.RouteText - RouteText[id=24e84634-fdfb-4a8b-87b3-8cb3253f4f09] Routing FlowFile[1052,93427452614699.mockFlowFile,23B] to original
[main] DEBUG org.apache.nifi.processors.standard.RouteText - RouteText[id=24e84634-fdfb-4a8b-87b3-8cb3253f4f09] Adding new dynamic property: PropertyDescriptor[simple]
[pool-2849-thread-1] INFO org.apache.nifi.processors.standard.RouteText - RouteText[id=24e84634-fdfb-4a8b-87b3-8cb3253f4f09] Created FlowFile[1055,93427453085124.mockFlowFile,23B] from FlowFile[1054,93427453085124.mockFlowFile,23B]; routing to relationship simple
[pool-2849-thread-1] INFO org.apache.nifi.processors.standard.RouteText - RouteText[id=24e84634-fdfb-4a8b-87b3-8cb3253f4f09] Routing FlowFile[1054,93427453085124.mockFlowFile,23B] to original
[main] DEBUG org.apache.nifi.processors.standard.RouteText - RouteText[id=24e84634-fdfb-4a8b-87b3-8cb3253f4f09] Adding new dynamic property: PropertyDescriptor[simple]
[pool-2850-thread-1] INFO org.apache.nifi.processors.standard.RouteText - RouteText[id=24e84634-fdfb-4a8b-87b3-8cb3253f4f09] Created FlowFile[1057,93427453546326.mockFlowFile,23B] from FlowFile[1056,93427453546326.mockFlowFile,23B]; routing to relationship simple
[pool-2850-thread-1] INFO org.apache.nifi.processors.standard.RouteText - RouteText[id=24e84634-fdfb-4a8b-87b3-8cb3253f4f09] Routing FlowFile[1056,93427453546326.mockFlowFile,23B] to original
[main] DEBUG org.apache.nifi.processors.standard.RouteText - RouteText[id=24e84634-fdfb-4a8b-87b3-8cb3253f4f09] Adding new dynamic property: PropertyDescriptor[simple]
[pool-2851-thread-1] INFO org.apache.nifi.processors.standard.RouteText - RouteText[id=24e84634-fdfb-4a8b-87b3-8cb3253f4f09] Created FlowFile[1059,93427453988266.mockFlowFile,23B] from FlowFile[1058,93427453988266.mockFlowFile,23B]; routing to relationship simple
[pool-2851-thread-1] INFO org.apache.nifi.processors.standard.RouteText - RouteText[id=24e84634-fdfb-4a8b-87b3-8cb3253f4f09] Routing FlowFile[1058,93427453988266.mockFlowFile,23B] to original
[main] DEBUG org.apache.nifi.processors.standard.RouteText - RouteText[id=24e84634-fdfb-4a8b-87b3-8cb3253f4f09] Adding new dynamic property: PropertyDescriptor[simple]
[pool-2852-thread-1] INFO org.apache.nifi.processors.standard.RouteText - RouteText[id=24e84634-fdfb-4a8b-87b3-8cb3253f4f09] Created FlowFile[1061,93427454418235.mockFlowFile,23B] from FlowFile[1060,93427454418235.mockFlowFile,23B]; routing to relationship simple
[pool-2852-thread-1] INFO org.apache.nifi.processors.standard.RouteText - RouteText[id=24e84634-fdfb-4a8b-87b3-8cb3253f4f09] Routing FlowFile[1060,93427454418235.mockFlowFile,23B] to original
[main] DEBUG org.apache.nifi.processors.standard.RouteText - RouteText[id=24e84634-fdfb-4a8b-87b3-8cb3253f4f09] Adding new dynamic property: PropertyDescriptor[simple]
[pool-2853-thread-1] INFO org.apache.nifi.processors.standard.RouteText - RouteText[id=24e84634-fdfb-4a8b-87b3-8cb3253f4f09] Created FlowFile[1063,93427454882383.mockFlowFile,23B] from FlowFile[1062,93427454882383.mockFlowFile,23B]; routing to relationship simple
[pool-2853-thread-1] INFO org.apache.nifi.processors.standard.RouteText - RouteText[id=24e84634-fdfb-4a8b-87b3-8cb3253f4f09] Routing FlowFile[1062,93427454882383.mockFlowFile,23B] to original
[main] DEBUG org.apache.nifi.processors.standard.RouteText - RouteText[id=24e84634-fdfb-4a8b-87b3-8cb3253f4f09] Adding new dynamic property: PropertyDescriptor[simple]
[pool-2854-thread-1] INFO org.apache.nifi.processors.standard.RouteText - RouteText[id=24e84634-fdfb-4a8b-87b3-8cb3253f4f09] Created FlowFile[1065,93427455354178.mockFlowFile,23B] from FlowFile[1064,93427455354178.mockFlowFile,23B]; routing to relationship simple
[pool-2854-thread-1] INFO org.apache.nifi.processors.standard.RouteText - RouteText[id=24e84634-fdfb-4a8b-87b3-8cb3253f4f09] Routing FlowFile[1064,93427455354178.mockFlowFile,23B] to original
[main] DEBUG org.apache.nifi.processors.standard.RouteText - RouteText[id=24e84634-fdfb-4a8b-87b3-8cb3253f4f09] Adding new dynamic property: PropertyDescriptor[simple]
[pool-2855-thread-1] INFO org.apache.nifi.processors.standard.RouteText - RouteText[id=24e84634-fdfb-4a8b-87b3-8cb3253f4f09] Created FlowFile[1067,93427455851380.mockFlowFile,23B] from FlowFile[1066,93427455851380.mockFlowFile,23B]; routing to relationship simple
[pool-2855-thread-1] INFO org.apache.nifi.processors.standard.RouteText - RouteText[id=24e84634-fdfb-4a8b-87b3-8cb3253f4f09] Routing FlowFile[1066,93427455851380.mockFlowFile,23B] to original
[main] DEBUG org.apache.nifi.processors.standard.RouteText - RouteText[id=24e84634-fdfb-4a8b-87b3-8cb3253f4f09] Adding new dynamic property: PropertyDescriptor[simple]
[pool-2856-thread-1] INFO org.apache.nifi.processors.standard.RouteText - RouteText[id=24e84634-fdfb-4a8b-87b3-8cb3253f4f09] Created FlowFile[1069,93427456386233.mockFlowFile,23B] from FlowFile[1068,93427456386233.mockFlowFile,23B]; routing to relationship simple
[pool-2856-thread-1] INFO org.apache.nifi.processors.standard.RouteText - RouteText[id=24e84634-fdfb-4a8b-87b3-8cb3253f4f09] Routing FlowFile[1068,93427456386233.mockFlowFile,23B] to original
[main] DEBUG org.apache.nifi.processors.standard.RouteText - RouteText[id=24e84634-fdfb-4a8b-87b3-8cb3253f4f09] Adding new dynamic property: PropertyDescriptor[simple]
[pool-2857-thread-1] INFO org.apache.nifi.processors.standard.RouteText - RouteText[id=24e84634-fdfb-4a8b-87b3-8cb3253f4f09] Created FlowFile[1071,93427456866023.mockFlowFile,23B] from FlowFile[1070,93427456866023.mockFlowFile,23B]; routing to relationship simple
[pool-2857-thread-1] INFO org.apache.nifi.processors.standard.RouteText - RouteText[id=24e84634-fdfb-4a8b-87b3-8cb3253f4f09] Routing FlowFile[1070,93427456866023.mockFlowFile,23B] to original
[main] DEBUG org.apache.nifi.processors.standard.RouteText - RouteText[id=24e84634-fdfb-4a8b-87b3-8cb3253f4f09] Adding new dynamic property: PropertyDescriptor[simple]
[pool-2858-thread-1] INFO org.apache.nifi.processors.standard.RouteText - RouteText[id=24e84634-fdfb-4a8b-87b3-8cb3253f4f09] Created FlowFile[1073,93427457401078.mockFlowFile,23B] from FlowFile[1072,93427457401078.mockFlowFile,23B]; routing to relationship simple
[pool-2858-thread-1] INFO org.apache.nifi.processors.standard.RouteText - RouteText[id=24e84634-fdfb-4a8b-87b3-8cb3253f4f09] Routing FlowFile[1072,93427457401078.mockFlowFile,23B] to original
[main] DEBUG org.apache.nifi.processors.standard.RouteText - RouteText[id=24e84634-fdfb-4a8b-87b3-8cb3253f4f09] Adding new dynamic property: PropertyDescriptor[simple]
[pool-2859-thread-1] INFO org.apache.nifi.processors.standard.RouteText - RouteText[id=24e84634-fdfb-4a8b-87b3-8cb3253f4f09] Created FlowFile[1075,93427457885027.mockFlowFile,23B] from FlowFile[1074,93427457885027.mockFlowFile,23B]; routing to relationship simple
[pool-2859-thread-1] INFO org.apache.nifi.processors.standard.RouteText - RouteText[id=24e84634-fdfb-4a8b-87b3-8cb3253f4f09] Routing FlowFile[1074,93427457885027.mockFlowFile,23B] to original
[main] DEBUG org.apache.nifi.processors.standard.RouteText - RouteText[id=24e84634-fdfb-4a8b-87b3-8cb3253f4f09] Adding new dynamic property: PropertyDescriptor[simple]
[pool-2860-thread-1] INFO org.apache.nifi.processors.standard.RouteText - RouteText[id=24e84634-fdfb-4a8b-87b3-8cb3253f4f09] Created FlowFile[1077,93427458369277.mockFlowFile,23B] from FlowFile[1076,93427458369277.mockFlowFile,23B]; routing to relationship simple
[pool-2860-thread-1] INFO org.apache.nifi.processors.standard.RouteText - RouteText[id=24e84634-fdfb-4a8b-87b3-8cb3253f4f09] Routing FlowFile[1076,93427458369277.mockFlowFile,23B] to original
[main] DEBUG org.apache.nifi.processors.standard.RouteText - RouteText[id=24e84634-fdfb-4a8b-87b3-8cb3253f4f09] Adding new dynamic property: PropertyDescriptor[simple]
[pool-2861-thread-1] INFO org.apache.nifi.processors.standard.RouteText - RouteText[id=24e84634-fdfb-4a8b-87b3-8cb3253f4f09] Created FlowFile[1079,93427458897890.mockFlowFile,23B] from FlowFile[1078,93427458897890.mockFlowFile,23B]; routing to relationship simple
[pool-2861-thread-1] INFO org.apache.nifi.processors.standard.RouteText - RouteText[id=24e84634-fdfb-4a8b-87b3-8cb3253f4f09] Routing FlowFile[1078,93427458897890.mockFlowFile,23B] to original
[main] DEBUG org.apache.nifi.processors.standard.RouteText - RouteText[id=24e84634-fdfb-4a8b-87b3-8cb3253f4f09] Adding new dynamic property: PropertyDescriptor[simple]
[pool-2862-thread-1] INFO org.apache.nifi.processors.standard.RouteText - RouteText[id=24e84634-fdfb-4a8b-87b3-8cb3253f4f09] Created FlowFile[1081,93427459387579.mockFlowFile,23B] from FlowFile[1080,93427459387579.mockFlowFile,23B]; routing to relationship simple
[pool-2862-thread-1] INFO org.apache.nifi.processors.standard.RouteText - RouteText[id=24e84634-fdfb-4a8b-87b3-8cb3253f4f09] Routing FlowFile[1080,93427459387579.mockFlowFile,23B] to original
[main] DEBUG org.apache.nifi.processors.standard.RouteText - RouteText[id=24e84634-fdfb-4a8b-87b3-8cb3253f4f09] Adding new dynamic property: PropertyDescriptor[simple]
[pool-2863-thread-1] INFO org.apache.nifi.processors.standard.RouteText - RouteText[id=24e84634-fdfb-4a8b-87b3-8cb3253f4f09] Created FlowFile[1083,93427459871628.mockFlowFile,23B] from FlowFile[1082,93427459871628.mockFlowFile,23B]; routing to relationship simple
[pool-2863-thread-1] INFO org.apache.nifi.processors.standard.RouteText - RouteText[id=24e84634-fdfb-4a8b-87b3-8cb3253f4f09] Routing FlowFile[1082,93427459871628.mockFlowFile,23B] to original
[main] DEBUG org.apache.nifi.processors.standard.RouteText - RouteText[id=24e84634-fdfb-4a8b-87b3-8cb3253f4f09] Adding new dynamic property: PropertyDescriptor[simple]
[pool-2864-thread-1] INFO org.apache.nifi.processors.standard.RouteText - RouteText[id=24e84634-fdfb-4a8b-87b3-8cb3253f4f09] Created FlowFile[1085,93427460426552.mockFlowFile,23B] from FlowFile[1084,93427460426552.mockFlowFile,23B]; routing to relationship simple
[pool-2864-thread-1] INFO org.apache.nifi.processors.standard.RouteText - RouteText[id=24e84634-fdfb-4a8b-87b3-8cb3253f4f09] Routing FlowFile[1084,93427460426552.mockFlowFile,23B] to original
[main] DEBUG org.apache.nifi.processors.standard.RouteText - RouteText[id=24e84634-fdfb-4a8b-87b3-8cb3253f4f09] Adding new dynamic property: PropertyDescriptor[simple]
[pool-2865-thread-1] INFO org.apache.nifi.processors.standard.RouteText - RouteText[id=24e84634-fdfb-4a8b-87b3-8cb3253f4f09] Created FlowFile[1087,93427460894137.mockFlowFile,23B] from FlowFile[1086,93427460894137.mockFlowFile,23B]; routing to relationship simple
[pool-2865-thread-1] INFO org.apache.nifi.processors.standard.RouteText - RouteText[id=24e84634-fdfb-4a8b-87b3-8cb3253f4f09] Routing FlowFile[1086,93427460894137.mockFlowFile,23B] to original
[main] DEBUG org.apache.nifi.processors.standard.RouteText - RouteText[id=24e84634-fdfb-4a8b-87b3-8cb3253f4f09] Adding new dynamic property: PropertyDescriptor[simple]
[pool-2866-thread-1] INFO org.apache.nifi.processors.standard.RouteText - RouteText[id=24e84634-fdfb-4a8b-87b3-8cb3253f4f09] Created FlowFile[1089,93427461358065.mockFlowFile,23B] from FlowFile[1088,93427461358065.mockFlowFile,23B]; routing to relationship simple
[pool-2866-thread-1] INFO org.apache.nifi.processors.standard.RouteText - RouteText[id=24e84634-fdfb-4a8b-87b3-8cb3253f4f09] Routing FlowFile[1088,93427461358065.mockFlowFile,23B] to original
[main] DEBUG org.apache.nifi.processors.standard.RouteText - RouteText[id=24e84634-fdfb-4a8b-87b3-8cb3253f4f09] Adding new dynamic property: PropertyDescriptor[simple]
[pool-2867-thread-1] INFO org.apache.nifi.processors.standard.RouteText - RouteText[id=24e84634-fdfb-4a8b-87b3-8cb3253f4f09] Created FlowFile[1091,93427461812632.mockFlowFile,23B] from FlowFile[1090,93427461812632.mockFlowFile,23B]; routing to relationship simple
[pool-2867-thread-1] INFO org.apache.nifi.processors.standard.RouteText - RouteText[id=24e84634-fdfb-4a8b-87b3-8cb3253f4f09] Routing FlowFile[1090,93427461812632.mockFlowFile,23B] to original
[main] DEBUG org.apache.nifi.processors.standard.RouteText - RouteText[id=24e84634-fdfb-4a8b-87b3-8cb3253f4f09] Adding new dynamic property: PropertyDescriptor[simple]
[pool-2868-thread-1] INFO org.apache.nifi.processors.standard.RouteText - RouteText[id=24e84634-fdfb-4a8b-87b3-8cb3253f4f09] Created FlowFile[1093,93427462311108.mockFlowFile,23B] from FlowFile[1092,93427462311108.mockFlowFile,23B]; routing to relationship simple
[pool-2868-thread-1] INFO org.apache.nifi.processors.standard.RouteText - RouteText[id=24e84634-fdfb-4a8b-87b3-8cb3253f4f09] Routing FlowFile[1092,93427462311108.mockFlowFile,23B] to original
[main] DEBUG org.apache.nifi.processors.standard.RouteText - RouteText[id=24e84634-fdfb-4a8b-87b3-8cb3253f4f09] Adding new dynamic property: PropertyDescriptor[simple]
[pool-2869-thread-1] INFO org.apache.nifi.processors.standard.RouteText - RouteText[id=24e84634-fdfb-4a8b-87b3-8cb3253f4f09] Created FlowFile[1095,93427462780583.mockFlowFile,23B] from FlowFile[1094,93427462780583.mockFlowFile,23B]; routing to relationship simple
[pool-2869-thread-1] INFO org.apache.nifi.processors.standard.RouteText - RouteText[id=24e84634-fdfb-4a8b-87b3-8cb3253f4f09] Routing FlowFile[1094,93427462780583.mockFlowFile,23B] to original
[main] DEBUG org.apache.nifi.processors.standard.RouteText - RouteText[id=24e84634-fdfb-4a8b-87b3-8cb3253f4f09] Adding new dynamic property: PropertyDescriptor[simple]
[pool-2870-thread-1] INFO org.apache.nifi.processors.standard.RouteText - RouteText[id=24e84634-fdfb-4a8b-87b3-8cb3253f4f09] Created FlowFile[1097,93427463236035.mockFlowFile,23B] from FlowFile[1096,93427463236035.mockFlowFile,23B]; routing to relationship simple
[pool-2870-thread-1] INFO org.apache.nifi.processors.standard.RouteText - RouteText[id=24e84634-fdfb-4a8b-87b3-8cb3253f4f09] Routing FlowFile[1096,93427463236035.mockFlowFile,23B] to original
[main] DEBUG org.apache.nifi.processors.standard.RouteText - RouteText[id=24e84634-fdfb-4a8b-87b3-8cb3253f4f09] Adding new dynamic property: PropertyDescriptor[simple]
[pool-2871-thread-1] INFO org.apache.nifi.processors.standard.RouteText - RouteText[id=24e84634-fdfb-4a8b-87b3-8cb3253f4f09] Created FlowFile[1099,93427463695458.mockFlowFile,23B] from FlowFile[1098,93427463695458.mockFlowFile,23B]; routing to relationship simple
[pool-2871-thread-1] INFO org.apache.nifi.processors.standard.RouteText - RouteText[id=24e84634-fdfb-4a8b-87b3-8cb3253f4f09] Routing FlowFile[1098,93427463695458.mockFlowFile,23B] to original
[main] DEBUG org.apache.nifi.processors.standard.RouteText - RouteText[id=24e84634-fdfb-4a8b-87b3-8cb3253f4f09] Adding new dynamic property: PropertyDescriptor[simple]
[pool-2872-thread-1] INFO org.apache.nifi.processors.standard.RouteText - RouteText[id=24e84634-fdfb-4a8b-87b3-8cb3253f4f09] Created FlowFile[1101,93427464156065.mockFlowFile,23B] from FlowFile[1100,93427464156065.mockFlowFile,23B]; routing to relationship simple
[pool-2872-thread-1] INFO org.apache.nifi.processors.standard.RouteText - RouteText[id=24e84634-fdfb-4a8b-87b3-8cb3253f4f09] Routing FlowFile[1100,93427464156065.mockFlowFile,23B] to original
[main] DEBUG org.apache.nifi.processors.standard.RouteText - RouteText[id=24e84634-fdfb-4a8b-87b3-8cb3253f4f09] Adding new dynamic property: PropertyDescriptor[simple]
[pool-2873-thread-1] INFO org.apache.nifi.processors.standard.RouteText - RouteText[id=24e84634-fdfb-4a8b-87b3-8cb3253f4f09] Created FlowFile[1103,93427464642297.mockFlowFile,23B] from FlowFile[1102,93427464642297.mockFlowFile,23B]; routing to relationship simple
[pool-2873-thread-1] INFO org.apache.nifi.processors.standard.RouteText - RouteText[id=24e84634-fdfb-4a8b-87b3-8cb3253f4f09] Routing FlowFile[1102,93427464642297.mockFlowFile,23B] to original
[main] DEBUG org.apache.nifi.processors.standard.RouteText - RouteText[id=24e84634-fdfb-4a8b-87b3-8cb3253f4f09] Adding new dynamic property: PropertyDescriptor[simple]
[pool-2874-thread-1] INFO org.apache.nifi.processors.standard.RouteText - RouteText[id=24e84634-fdfb-4a8b-87b3-8cb3253f4f09] Created FlowFile[1105,93427465142015.mockFlowFile,23B] from FlowFile[1104,93427465142015.mockFlowFile,23B]; routing to relationship simple
[pool-2874-thread-1] INFO org.apache.nifi.processors.standard.RouteText - RouteText[id=24e84634-fdfb-4a8b-87b3-8cb3253f4f09] Routing FlowFile[1104,93427465142015.mockFlowFile,23B] to original
[main] DEBUG org.apache.nifi.processors.standard.RouteText - RouteText[id=24e84634-fdfb-4a8b-87b3-8cb3253f4f09] Adding new dynamic property: PropertyDescriptor[simple]
[pool-2875-thread-1] INFO org.apache.nifi.processors.standard.RouteText - RouteText[id=24e84634-fdfb-4a8b-87b3-8cb3253f4f09] Created FlowFile[1107,93427465628325.mockFlowFile,23B] from FlowFile[1106,93427465628325.mockFlowFile,23B]; routing to relationship simple
[pool-2875-thread-1] INFO org.apache.nifi.processors.standard.RouteText - RouteText[id=24e84634-fdfb-4a8b-87b3-8cb3253f4f09] Routing FlowFile[1106,93427465628325.mockFlowFile,23B] to original
[main] DEBUG org.apache.nifi.processors.standard.RouteText - RouteText[id=24e84634-fdfb-4a8b-87b3-8cb3253f4f09] Adding new dynamic property: PropertyDescriptor[simple]
[pool-2876-thread-1] INFO org.apache.nifi.processors.standard.RouteText - RouteText[id=24e84634-fdfb-4a8b-87b3-8cb3253f4f09] Created FlowFile[1109,93427466109674.mockFlowFile,23B] from FlowFile[1108,93427466109674.mockFlowFile,23B]; routing to relationship simple
[pool-2876-thread-1] INFO org.apache.nifi.processors.standard.RouteText - RouteText[id=24e84634-fdfb-4a8b-87b3-8cb3253f4f09] Routing FlowFile[1108,93427466109674.mockFlowFile,23B] to original
[main] DEBUG org.apache.nifi.processors.standard.RouteText - RouteText[id=24e84634-fdfb-4a8b-87b3-8cb3253f4f09] Adding new dynamic property: PropertyDescriptor[simple]
[pool-2877-thread-1] INFO org.apache.nifi.processors.standard.RouteText - RouteText[id=24e84634-fdfb-4a8b-87b3-8cb3253f4f09] Created FlowFile[1111,93427466571689.mockFlowFile,23B] from FlowFile[1110,93427466571689.mockFlowFile,23B]; routing to relationship simple
[pool-2877-thread-1] INFO org.apache.nifi.processors.standard.RouteText - RouteText[id=24e84634-fdfb-4a8b-87b3-8cb3253f4f09] Routing FlowFile[1110,93427466571689.mockFlowFile,23B] to original
[main] DEBUG org.apache.nifi.processors.standard.RouteText - RouteText[id=24e84634-fdfb-4a8b-87b3-8cb3253f4f09] Adding new dynamic property: PropertyDescriptor[simple]
[pool-2878-thread-1] INFO org.apache.nifi.processors.standard.RouteText - RouteText[id=24e84634-fdfb-4a8b-87b3-8cb3253f4f09] Created FlowFile[1113,93427467057634.mockFlowFile,23B] from FlowFile[1112,93427467057634.mockFlowFile,23B]; routing to relationship simple
[pool-2878-thread-1] INFO org.apache.nifi.processors.standard.RouteText - RouteText[id=24e84634-fdfb-4a8b-87b3-8cb3253f4f09] Routing FlowFile[1112,93427467057634.mockFlowFile,23B] to original
[main] DEBUG org.apache.nifi.processors.standard.RouteText - RouteText[id=24e84634-fdfb-4a8b-87b3-8cb3253f4f09] Adding new dynamic property: PropertyDescriptor[simple]
[pool-2879-thread-1] INFO org.apache.nifi.processors.standard.RouteText - RouteText[id=24e84634-fdfb-4a8b-87b3-8cb3253f4f09] Created FlowFile[1115,93427467566180.mockFlowFile,23B] from FlowFile[1114,93427467566180.mockFlowFile,23B]; routing to relationship simple
[pool-2879-thread-1] INFO org.apache.nifi.processors.standard.RouteText - RouteText[id=24e84634-fdfb-4a8b-87b3-8cb3253f4f09] Routing FlowFile[1114,93427467566180.mockFlowFile,23B] to original
[main] DEBUG org.apache.nifi.processors.standard.RouteText - RouteText[id=24e84634-fdfb-4a8b-87b3-8cb3253f4f09] Adding new dynamic property: PropertyDescriptor[simple]
[pool-2880-thread-1] INFO org.apache.nifi.processors.standard.RouteText - RouteText[id=24e84634-fdfb-4a8b-87b3-8cb3253f4f09] Created FlowFile[1117,93427468109141.mockFlowFile,23B] from FlowFile[1116,93427468109141.mockFlowFile,23B]; routing to relationship simple
[pool-2880-thread-1] INFO org.apache.nifi.processors.standard.RouteText - RouteText[id=24e84634-fdfb-4a8b-87b3-8cb3253f4f09] Routing FlowFile[1116,93427468109141.mockFlowFile,23B] to original
[main] DEBUG org.apache.nifi.processors.standard.RouteText - RouteText[id=24e84634-fdfb-4a8b-87b3-8cb3253f4f09] Adding new dynamic property: PropertyDescriptor[simple]
[pool-2881-thread-1] INFO org.apache.nifi.processors.standard.RouteText - RouteText[id=24e84634-fdfb-4a8b-87b3-8cb3253f4f09] Created FlowFile[1119,93427468644015.mockFlowFile,23B] from FlowFile[1118,93427468644015.mockFlowFile,23B]; routing to relationship simple
[pool-2881-thread-1] INFO org.apache.nifi.processors.standard.RouteText - RouteText[id=24e84634-fdfb-4a8b-87b3-8cb3253f4f09] Routing FlowFile[1118,93427468644015.mockFlowFile,23B] to original
[main] DEBUG org.apache.nifi.processors.standard.RouteText - RouteText[id=24e84634-fdfb-4a8b-87b3-8cb3253f4f09] Adding new dynamic property: PropertyDescriptor[simple]
[pool-2882-thread-1] INFO org.apache.nifi.processors.standard.RouteText - RouteText[id=24e84634-fdfb-4a8b-87b3-8cb3253f4f09] Created FlowFile[1121,93427469211839.mockFlowFile,23B] from FlowFile[1120,93427469211839.mockFlowFile,23B]; routing to relationship simple
[pool-2882-thread-1] INFO org.apache.nifi.processors.standard.RouteText - RouteText[id=24e84634-fdfb-4a8b-87b3-8cb3253f4f09] Routing FlowFile[1120,93427469211839.mockFlowFile,23B] to original
[main] DEBUG org.apache.nifi.processors.standard.RouteText - RouteText[id=24e84634-fdfb-4a8b-87b3-8cb3253f4f09] Adding new dynamic property: PropertyDescriptor[simple]
[pool-2883-thread-1] INFO org.apache.nifi.processors.standard.RouteText - RouteText[id=24e84634-fdfb-4a8b-87b3-8cb3253f4f09] Created FlowFile[1123,93427469714743.mockFlowFile,23B] from FlowFile[1122,93427469714743.mockFlowFile,23B]; routing to relationship simple
[pool-2883-thread-1] INFO org.apache.nifi.processors.standard.RouteText - RouteText[id=24e84634-fdfb-4a8b-87b3-8cb3253f4f09] Routing FlowFile[1122,93427469714743.mockFlowFile,23B] to original
[main] DEBUG org.apache.nifi.processors.standard.RouteText - RouteText[id=24e84634-fdfb-4a8b-87b3-8cb3253f4f09] Adding new dynamic property: PropertyDescriptor[simple]
[pool-2884-thread-1] INFO org.apache.nifi.processors.standard.RouteText - RouteText[id=24e84634-fdfb-4a8b-87b3-8cb3253f4f09] Created FlowFile[1125,93427470186586.mockFlowFile,23B] from FlowFile[1124,93427470186586.mockFlowFile,23B]; routing to relationship simple
[pool-2884-thread-1] INFO org.apache.nifi.processors.standard.RouteText - RouteText[id=24e84634-fdfb-4a8b-87b3-8cb3253f4f09] Routing FlowFile[1124,93427470186586.mockFlowFile,23B] to original
[main] DEBUG org.apache.nifi.processors.standard.RouteText - RouteText[id=24e84634-fdfb-4a8b-87b3-8cb3253f4f09] Adding new dynamic property: PropertyDescriptor[simple]
[pool-2885-thread-1] INFO org.apache.nifi.processors.standard.RouteText - RouteText[id=24e84634-fdfb-4a8b-87b3-8cb3253f4f09] Created FlowFile[1127,93427470638794.mockFlowFile,23B] from FlowFile[1126,93427470638794.mockFlowFile,23B]; routing to relationship simple
[pool-2885-thread-1] INFO org.apache.nifi.processors.standard.RouteText - RouteText[id=24e84634-fdfb-4a8b-87b3-8cb3253f4f09] Routing FlowFile[1126,93427470638794.mockFlowFile,23B] to original
[main] DEBUG org.apache.nifi.processors.standard.RouteText - RouteText[id=24e84634-fdfb-4a8b-87b3-8cb3253f4f09] Adding new dynamic property: PropertyDescriptor[simple]
[pool-2886-thread-1] INFO org.apache.nifi.processors.standard.RouteText - RouteText[id=24e84634-fdfb-4a8b-87b3-8cb3253f4f09] Created FlowFile[1129,93427471085662.mockFlowFile,23B] from FlowFile[1128,93427471085662.mockFlowFile,23B]; routing to relationship simple
[pool-2886-thread-1] INFO org.apache.nifi.processors.standard.RouteText - RouteText[id=24e84634-fdfb-4a8b-87b3-8cb3253f4f09] Routing FlowFile[1128,93427471085662.mockFlowFile,23B] to original
[main] DEBUG org.apache.nifi.processors.standard.RouteText - RouteText[id=24e84634-fdfb-4a8b-87b3-8cb3253f4f09] Adding new dynamic property: PropertyDescriptor[simple]
[pool-2887-thread-1] INFO org.apache.nifi.processors.standard.RouteText - RouteText[id=24e84634-fdfb-4a8b-87b3-8cb3253f4f09] Created FlowFile[1131,93427471523709.mockFlowFile,23B] from FlowFile[1130,93427471523709.mockFlowFile,23B]; routing to relationship simple
[pool-2887-thread-1] INFO org.apache.nifi.processors.standard.RouteText - RouteText[id=24e84634-fdfb-4a8b-87b3-8cb3253f4f09] Routing FlowFile[1130,93427471523709.mockFlowFile,23B] to original
[main] DEBUG org.apache.nifi.processors.standard.RouteText - RouteText[id=24e84634-fdfb-4a8b-87b3-8cb3253f4f09] Adding new dynamic property: PropertyDescriptor[simple]
[pool-2888-thread-1] INFO org.apache.nifi.processors.standard.RouteText - RouteText[id=24e84634-fdfb-4a8b-87b3-8cb3253f4f09] Created FlowFile[1133,93427471963846.mockFlowFile,23B] from FlowFile[1132,93427471963846.mockFlowFile,23B]; routing to relationship simple
[pool-2888-thread-1] INFO org.apache.nifi.processors.standard.RouteText - RouteText[id=24e84634-fdfb-4a8b-87b3-8cb3253f4f09] Routing FlowFile[1132,93427471963846.mockFlowFile,23B] to original
[main] DEBUG org.apache.nifi.processors.standard.RouteText - RouteText[id=24e84634-fdfb-4a8b-87b3-8cb3253f4f09] Adding new dynamic property: PropertyDescriptor[simple]
[pool-2889-thread-1] INFO org.apache.nifi.processors.standard.RouteText - RouteText[id=24e84634-fdfb-4a8b-87b3-8cb3253f4f09] Created FlowFile[1135,93427472433723.mockFlowFile,23B] from FlowFile[1134,93427472433723.mockFlowFile,23B]; routing to relationship simple
[pool-2889-thread-1] INFO org.apache.nifi.processors.standard.RouteText - RouteText[id=24e84634-fdfb-4a8b-87b3-8cb3253f4f09] Routing FlowFile[1134,93427472433723.mockFlowFile,23B] to original
[main] DEBUG org.apache.nifi.processors.standard.RouteText - RouteText[id=24e84634-fdfb-4a8b-87b3-8cb3253f4f09] Adding new dynamic property: PropertyDescriptor[simple]
[pool-2890-thread-1] INFO org.apache.nifi.processors.standard.RouteText - RouteText[id=24e84634-fdfb-4a8b-87b3-8cb3253f4f09] Created FlowFile[1137,93427472912871.mockFlowFile,23B] from FlowFile[1136,93427472912871.mockFlowFile,23B]; routing to relationship simple
[pool-2890-thread-1] INFO org.apache.nifi.processors.standard.RouteText - RouteText[id=24e84634-fdfb-4a8b-87b3-8cb3253f4f09] Routing FlowFile[1136,93427472912871.mockFlowFile,23B] to original
[main] DEBUG org.apache.nifi.processors.standard.RouteText - RouteText[id=24e84634-fdfb-4a8b-87b3-8cb3253f4f09] Adding new dynamic property: PropertyDescriptor[simple]
[pool-2891-thread-1] INFO org.apache.nifi.processors.standard.RouteText - RouteText[id=24e84634-fdfb-4a8b-87b3-8cb3253f4f09] Created FlowFile[1139,93427473388609.mockFlowFile,23B] from FlowFile[1138,93427473388609.mockFlowFile,23B]; routing to relationship simple
[pool-2891-thread-1] INFO org.apache.nifi.processors.standard.RouteText - RouteText[id=24e84634-fdfb-4a8b-87b3-8cb3253f4f09] Routing FlowFile[1138,93427473388609.mockFlowFile,23B] to original
[main] DEBUG org.apache.nifi.processors.standard.RouteText - RouteText[id=24e84634-fdfb-4a8b-87b3-8cb3253f4f09] Adding new dynamic property: PropertyDescriptor[simple]
[pool-2892-thread-1] INFO org.apache.nifi.processors.standard.RouteText - RouteText[id=24e84634-fdfb-4a8b-87b3-8cb3253f4f09] Created FlowFile[1141,93427473861968.mockFlowFile,23B] from FlowFile[1140,93427473861968.mockFlowFile,23B]; routing to relationship simple
[pool-2892-thread-1] INFO org.apache.nifi.processors.standard.RouteText - RouteText[id=24e84634-fdfb-4a8b-87b3-8cb3253f4f09] Routing FlowFile[1140,93427473861968.mockFlowFile,23B] to original
[main] DEBUG org.apache.nifi.processors.standard.RouteText - RouteText[id=24e84634-fdfb-4a8b-87b3-8cb3253f4f09] Adding new dynamic property: PropertyDescriptor[simple]
[pool-2893-thread-1] INFO org.apache.nifi.processors.standard.RouteText - RouteText[id=24e84634-fdfb-4a8b-87b3-8cb3253f4f09] Created FlowFile[1143,93427474317671.mockFlowFile,23B] from FlowFile[1142,93427474317671.mockFlowFile,23B]; routing to relationship simple
[pool-2893-thread-1] INFO org.apache.nifi.processors.standard.RouteText - RouteText[id=24e84634-fdfb-4a8b-87b3-8cb3253f4f09] Routing FlowFile[1142,93427474317671.mockFlowFile,23B] to original
[main] DEBUG org.apache.nifi.processors.standard.RouteText - RouteText[id=24e84634-fdfb-4a8b-87b3-8cb3253f4f09] Adding new dynamic property: PropertyDescriptor[simple]
[pool-2894-thread-1] INFO org.apache.nifi.processors.standard.RouteText - RouteText[id=24e84634-fdfb-4a8b-87b3-8cb3253f4f09] Created FlowFile[1145,93427474778617.mockFlowFile,23B] from FlowFile[1144,93427474778617.mockFlowFile,23B]; routing to relationship simple
[pool-2894-thread-1] INFO org.apache.nifi.processors.standard.RouteText - RouteText[id=24e84634-fdfb-4a8b-87b3-8cb3253f4f09] Routing FlowFile[1144,93427474778617.mockFlowFile,23B] to original
[main] DEBUG org.apache.nifi.processors.standard.RouteText - RouteText[id=24e84634-fdfb-4a8b-87b3-8cb3253f4f09] Adding new dynamic property: PropertyDescriptor[simple]
[pool-2895-thread-1] INFO org.apache.nifi.processors.standard.RouteText - RouteText[id=24e84634-fdfb-4a8b-87b3-8cb3253f4f09] Created FlowFile[1147,93427475246116.mockFlowFile,23B] from FlowFile[1146,93427475246116.mockFlowFile,23B]; routing to relationship simple
[pool-2895-thread-1] INFO org.apache.nifi.processors.standard.RouteText - RouteText[id=24e84634-fdfb-4a8b-87b3-8cb3253f4f09] Routing FlowFile[1146,93427475246116.mockFlowFile,23B] to original
[main] DEBUG org.apache.nifi.processors.standard.RouteText - RouteText[id=24e84634-fdfb-4a8b-87b3-8cb3253f4f09] Adding new dynamic property: PropertyDescriptor[simple]
[pool-2896-thread-1] INFO org.apache.nifi.processors.standard.RouteText - RouteText[id=24e84634-fdfb-4a8b-87b3-8cb3253f4f09] Created FlowFile[1149,93427475702723.mockFlowFile,23B] from FlowFile[1148,93427475702723.mockFlowFile,23B]; routing to relationship simple
[pool-2896-thread-1] INFO org.apache.nifi.processors.standard.RouteText - RouteText[id=24e84634-fdfb-4a8b-87b3-8cb3253f4f09] Routing FlowFile[1148,93427475702723.mockFlowFile,23B] to original
[main] DEBUG org.apache.nifi.processors.standard.RouteText - RouteText[id=24e84634-fdfb-4a8b-87b3-8cb3253f4f09] Adding new dynamic property: PropertyDescriptor[simple]
[pool-2897-thread-1] INFO org.apache.nifi.processors.standard.RouteText - RouteText[id=24e84634-fdfb-4a8b-87b3-8cb3253f4f09] Created FlowFile[1151,93427476150119.mockFlowFile,23B] from FlowFile[1150,93427476150119.mockFlowFile,23B]; routing to relationship simple
[pool-2897-thread-1] INFO org.apache.nifi.processors.standard.RouteText - RouteText[id=24e84634-fdfb-4a8b-87b3-8cb3253f4f09] Routing FlowFile[1150,93427476150119.mockFlowFile,23B] to original
[main] DEBUG org.apache.nifi.processors.standard.RouteText - RouteText[id=24e84634-fdfb-4a8b-87b3-8cb3253f4f09] Adding new dynamic property: PropertyDescriptor[simple]
[pool-2898-thread-1] INFO org.apache.nifi.processors.standard.RouteText - RouteText[id=24e84634-fdfb-4a8b-87b3-8cb3253f4f09] Created FlowFile[1153,93427476591835.mockFlowFile,23B] from FlowFile[1152,93427476591835.mockFlowFile,23B]; routing to relationship simple
[pool-2898-thread-1] INFO org.apache.nifi.processors.standard.RouteText - RouteText[id=24e84634-fdfb-4a8b-87b3-8cb3253f4f09] Routing FlowFile[1152,93427476591835.mockFlowFile,23B] to original
[main] DEBUG org.apache.nifi.processors.standard.RouteText - RouteText[id=24e84634-fdfb-4a8b-87b3-8cb3253f4f09] Adding new dynamic property: PropertyDescriptor[simple]
[pool-2899-thread-1] INFO org.apache.nifi.processors.standard.RouteText - RouteText[id=24e84634-fdfb-4a8b-87b3-8cb3253f4f09] Created FlowFile[1155,93427477152161.mockFlowFile,23B] from FlowFile[1154,93427477152161.mockFlowFile,23B]; routing to relationship simple
[pool-2899-thread-1] INFO org.apache.nifi.processors.standard.RouteText - RouteText[id=24e84634-fdfb-4a8b-87b3-8cb3253f4f09] Routing FlowFile[1154,93427477152161.mockFlowFile,23B] to original
[main] DEBUG org.apache.nifi.processors.standard.RouteText - RouteText[id=24e84634-fdfb-4a8b-87b3-8cb3253f4f09] Adding new dynamic property: PropertyDescriptor[simple]
[pool-2900-thread-1] INFO org.apache.nifi.processors.standard.RouteText - RouteText[id=24e84634-fdfb-4a8b-87b3-8cb3253f4f09] Created FlowFile[1157,93427477643777.mockFlowFile,23B] from FlowFile[1156,93427477643777.mockFlowFile,23B]; routing to relationship simple
[pool-2900-thread-1] INFO org.apache.nifi.processors.standard.RouteText - RouteText[id=24e84634-fdfb-4a8b-87b3-8cb3253f4f09] Routing FlowFile[1156,93427477643777.mockFlowFile,23B] to original
[main] DEBUG org.apache.nifi.processors.standard.RouteText - RouteText[id=24e84634-fdfb-4a8b-87b3-8cb3253f4f09] Adding new dynamic property: PropertyDescriptor[simple]
[pool-2901-thread-1] INFO org.apache.nifi.processors.standard.RouteText - RouteText[id=24e84634-fdfb-4a8b-87b3-8cb3253f4f09] Created FlowFile[1159,93427478102905.mockFlowFile,23B] from FlowFile[1158,93427478102905.mockFlowFile,23B]; routing to relationship simple
[pool-2901-thread-1] INFO org.apache.nifi.processors.standard.RouteText - RouteText[id=24e84634-fdfb-4a8b-87b3-8cb3253f4f09] Routing FlowFile[1158,93427478102905.mockFlowFile,23B] to original
[main] DEBUG org.apache.nifi.processors.standard.RouteText - RouteText[id=24e84634-fdfb-4a8b-87b3-8cb3253f4f09] Adding new dynamic property: PropertyDescriptor[simple]
[pool-2902-thread-1] INFO org.apache.nifi.processors.standard.RouteText - RouteText[id=24e84634-fdfb-4a8b-87b3-8cb3253f4f09] Created FlowFile[1161,93427478558778.mockFlowFile,23B] from FlowFile[1160,93427478558778.mockFlowFile,23B]; routing to relationship simple
[pool-2902-thread-1] INFO org.apache.nifi.processors.standard.RouteText - RouteText[id=24e84634-fdfb-4a8b-87b3-8cb3253f4f09] Routing FlowFile[1160,93427478558778.mockFlowFile,23B] to original
[main] DEBUG org.apache.nifi.processors.standard.RouteText - RouteText[id=24e84634-fdfb-4a8b-87b3-8cb3253f4f09] Adding new dynamic property: PropertyDescriptor[simple]
[pool-2903-thread-1] INFO org.apache.nifi.processors.standard.RouteText - RouteText[id=24e84634-fdfb-4a8b-87b3-8cb3253f4f09] Created FlowFile[1163,93427479008627.mockFlowFile,23B] from FlowFile[1162,93427479008627.mockFlowFile,23B]; routing to relationship simple
[pool-2903-thread-1] INFO org.apache.nifi.processors.standard.RouteText - RouteText[id=24e84634-fdfb-4a8b-87b3-8cb3253f4f09] Routing FlowFile[1162,93427479008627.mockFlowFile,23B] to original
[main] DEBUG org.apache.nifi.processors.standard.RouteText - RouteText[id=24e84634-fdfb-4a8b-87b3-8cb3253f4f09] Adding new dynamic property: PropertyDescriptor[simple]
[pool-2904-thread-1] INFO org.apache.nifi.processors.standard.RouteText - RouteText[id=24e84634-fdfb-4a8b-87b3-8cb3253f4f09] Created FlowFile[1165,93427479535825.mockFlowFile,23B] from FlowFile[1164,93427479535825.mockFlowFile,23B]; routing to relationship simple
[pool-2904-thread-1] INFO org.apache.nifi.processors.standard.RouteText - RouteText[id=24e84634-fdfb-4a8b-87b3-8cb3253f4f09] Routing FlowFile[1164,93427479535825.mockFlowFile,23B] to original
[main] DEBUG org.apache.nifi.processors.standard.RouteText - RouteText[id=24e84634-fdfb-4a8b-87b3-8cb3253f4f09] Adding new dynamic property: PropertyDescriptor[simple]
[pool-2905-thread-1] INFO org.apache.nifi.processors.standard.RouteText - RouteText[id=24e84634-fdfb-4a8b-87b3-8cb3253f4f09] Created FlowFile[1167,93427480123480.mockFlowFile,23B] from FlowFile[1166,93427480123480.mockFlowFile,23B]; routing to relationship simple
[pool-2905-thread-1] INFO org.apache.nifi.processors.standard.RouteText - RouteText[id=24e84634-fdfb-4a8b-87b3-8cb3253f4f09] Routing FlowFile[1166,93427480123480.mockFlowFile,23B] to original
[main] DEBUG org.apache.nifi.processors.standard.RouteText - RouteText[id=24e84634-fdfb-4a8b-87b3-8cb3253f4f09] Adding new dynamic property: PropertyDescriptor[simple]
[pool-2906-thread-1] INFO org.apache.nifi.processors.standard.RouteText - RouteText[id=24e84634-fdfb-4a8b-87b3-8cb3253f4f09] Created FlowFile[1169,93427480654050.mockFlowFile,23B] from FlowFile[1168,93427480654050.mockFlowFile,23B]; routing to relationship simple
[pool-2906-thread-1] INFO org.apache.nifi.processors.standard.RouteText - RouteText[id=24e84634-fdfb-4a8b-87b3-8cb3253f4f09] Routing FlowFile[1168,93427480654050.mockFlowFile,23B] to original
[main] DEBUG org.apache.nifi.processors.standard.RouteText - RouteText[id=24e84634-fdfb-4a8b-87b3-8cb3253f4f09] Adding new dynamic property: PropertyDescriptor[simple]
[pool-2907-thread-1] INFO org.apache.nifi.processors.standard.RouteText - RouteText[id=24e84634-fdfb-4a8b-87b3-8cb3253f4f09] Created FlowFile[1171,93427481191483.mockFlowFile,23B] from FlowFile[1170,93427481191483.mockFlowFile,23B]; routing to relationship simple
[pool-2907-thread-1] INFO org.apache.nifi.processors.standard.RouteText - RouteText[id=24e84634-fdfb-4a8b-87b3-8cb3253f4f09] Routing FlowFile[1170,93427481191483.mockFlowFile,23B] to original
[main] DEBUG org.apache.nifi.processors.standard.RouteText - RouteText[id=24e84634-fdfb-4a8b-87b3-8cb3253f4f09] Adding new dynamic property: PropertyDescriptor[simple]
[pool-2908-thread-1] INFO org.apache.nifi.processors.standard.RouteText - RouteText[id=24e84634-fdfb-4a8b-87b3-8cb3253f4f09] Created FlowFile[1173,93427481658954.mockFlowFile,23B] from FlowFile[1172,93427481658954.mockFlowFile,23B]; routing to relationship simple
[pool-2908-thread-1] INFO org.apache.nifi.processors.standard.RouteText - RouteText[id=24e84634-fdfb-4a8b-87b3-8cb3253f4f09] Routing FlowFile[1172,93427481658954.mockFlowFile,23B] to original
[main] DEBUG org.apache.nifi.processors.standard.RouteText - RouteText[id=24e84634-fdfb-4a8b-87b3-8cb3253f4f09] Adding new dynamic property: PropertyDescriptor[simple]
[pool-2909-thread-1] INFO org.apache.nifi.processors.standard.RouteText - RouteText[id=24e84634-fdfb-4a8b-87b3-8cb3253f4f09] Created FlowFile[1175,93427482125395.mockFlowFile,23B] from FlowFile[1174,93427482125395.mockFlowFile,23B]; routing to relationship simple
[pool-2909-thread-1] INFO org.apache.nifi.processors.standard.RouteText - RouteText[id=24e84634-fdfb-4a8b-87b3-8cb3253f4f09] Routing FlowFile[1174,93427482125395.mockFlowFile,23B] to original
[main] DEBUG org.apache.nifi.processors.standard.RouteText - RouteText[id=24e84634-fdfb-4a8b-87b3-8cb3253f4f09] Adding new dynamic property: PropertyDescriptor[simple]
[pool-2910-thread-1] INFO org.apache.nifi.processors.standard.RouteText - RouteText[id=24e84634-fdfb-4a8b-87b3-8cb3253f4f09] Created FlowFile[1177,93427482592187.mockFlowFile,23B] from FlowFile[1176,93427482592187.mockFlowFile,23B]; routing to relationship simple
[pool-2910-thread-1] INFO org.apache.nifi.processors.standard.RouteText - RouteText[id=24e84634-fdfb-4a8b-87b3-8cb3253f4f09] Routing FlowFile[1176,93427482592187.mockFlowFile,23B] to original
[main] DEBUG org.apache.nifi.processors.standard.RouteText - RouteText[id=24e84634-fdfb-4a8b-87b3-8cb3253f4f09] Adding new dynamic property: PropertyDescriptor[simple]
[pool-2911-thread-1] INFO org.apache.nifi.processors.standard.RouteText - RouteText[id=24e84634-fdfb-4a8b-87b3-8cb3253f4f09] Created FlowFile[1179,93427483049382.mockFlowFile,23B] from FlowFile[1178,93427483049382.mockFlowFile,23B]; routing to relationship simple
[pool-2911-thread-1] INFO org.apache.nifi.processors.standard.RouteText - RouteText[id=24e84634-fdfb-4a8b-87b3-8cb3253f4f09] Routing FlowFile[1178,93427483049382.mockFlowFile,23B] to original
[main] DEBUG org.apache.nifi.processors.standard.RouteText - RouteText[id=24e84634-fdfb-4a8b-87b3-8cb3253f4f09] Adding new dynamic property: PropertyDescriptor[simple]
[pool-2912-thread-1] INFO org.apache.nifi.processors.standard.RouteText - RouteText[id=24e84634-fdfb-4a8b-87b3-8cb3253f4f09] Created FlowFile[1181,93427483484613.mockFlowFile,23B] from FlowFile[1180,93427483484613.mockFlowFile,23B]; routing to relationship simple
[pool-2912-thread-1] INFO org.apache.nifi.processors.standard.RouteText - RouteText[id=24e84634-fdfb-4a8b-87b3-8cb3253f4f09] Routing FlowFile[1180,93427483484613.mockFlowFile,23B] to original
[main] DEBUG org.apache.nifi.processors.standard.RouteText - RouteText[id=24e84634-fdfb-4a8b-87b3-8cb3253f4f09] Adding new dynamic property: PropertyDescriptor[simple]
[pool-2913-thread-1] INFO org.apache.nifi.processors.standard.RouteText - RouteText[id=24e84634-fdfb-4a8b-87b3-8cb3253f4f09] Created FlowFile[1183,93427483892310.mockFlowFile,23B] from FlowFile[1182,93427483892310.mockFlowFile,23B]; routing to relationship simple
[pool-2913-thread-1] INFO org.apache.nifi.processors.standard.RouteText - RouteText[id=24e84634-fdfb-4a8b-87b3-8cb3253f4f09] Routing FlowFile[1182,93427483892310.mockFlowFile,23B] to original
[main] DEBUG org.apache.nifi.processors.standard.RouteText - RouteText[id=24e84634-fdfb-4a8b-87b3-8cb3253f4f09] Adding new dynamic property: PropertyDescriptor[simple]
[pool-2914-thread-1] INFO org.apache.nifi.processors.standard.RouteText - RouteText[id=24e84634-fdfb-4a8b-87b3-8cb3253f4f09] Created FlowFile[1185,93427484324551.mockFlowFile,23B] from FlowFile[1184,93427484324551.mockFlowFile,23B]; routing to relationship simple
[pool-2914-thread-1] INFO org.apache.nifi.processors.standard.RouteText - RouteText[id=24e84634-fdfb-4a8b-87b3-8cb3253f4f09] Routing FlowFile[1184,93427484324551.mockFlowFile,23B] to original
[main] DEBUG org.apache.nifi.processors.standard.RouteText - RouteText[id=24e84634-fdfb-4a8b-87b3-8cb3253f4f09] Adding new dynamic property: PropertyDescriptor[simple]
[pool-2915-thread-1] INFO org.apache.nifi.processors.standard.RouteText - RouteText[id=24e84634-fdfb-4a8b-87b3-8cb3253f4f09] Created FlowFile[1187,93427484787730.mockFlowFile,23B] from FlowFile[1186,93427484787730.mockFlowFile,23B]; routing to relationship simple
[pool-2915-thread-1] INFO org.apache.nifi.processors.standard.RouteText - RouteText[id=24e84634-fdfb-4a8b-87b3-8cb3253f4f09] Routing FlowFile[1186,93427484787730.mockFlowFile,23B] to original
[main] DEBUG org.apache.nifi.processors.standard.RouteText - RouteText[id=24e84634-fdfb-4a8b-87b3-8cb3253f4f09] Adding new dynamic property: PropertyDescriptor[simple]
[pool-2916-thread-1] INFO org.apache.nifi.processors.standard.RouteText - RouteText[id=24e84634-fdfb-4a8b-87b3-8cb3253f4f09] Created FlowFile[1189,93427485272470.mockFlowFile,23B] from FlowFile[1188,93427485272470.mockFlowFile,23B]; routing to relationship simple
[pool-2916-thread-1] INFO org.apache.nifi.processors.standard.RouteText - RouteText[id=24e84634-fdfb-4a8b-87b3-8cb3253f4f09] Routing FlowFile[1188,93427485272470.mockFlowFile,23B] to original
[main] DEBUG org.apache.nifi.processors.standard.RouteText - RouteText[id=24e84634-fdfb-4a8b-87b3-8cb3253f4f09] Adding new dynamic property: PropertyDescriptor[simple]
[pool-2917-thread-1] INFO org.apache.nifi.processors.standard.RouteText - RouteText[id=24e84634-fdfb-4a8b-87b3-8cb3253f4f09] Created FlowFile[1191,93427485741628.mockFlowFile,23B] from FlowFile[1190,93427485741628.mockFlowFile,23B]; routing to relationship simple
[pool-2917-thread-1] INFO org.apache.nifi.processors.standard.RouteText - RouteText[id=24e84634-fdfb-4a8b-87b3-8cb3253f4f09] Routing FlowFile[1190,93427485741628.mockFlowFile,23B] to original
[main] DEBUG org.apache.nifi.processors.standard.RouteText - RouteText[id=24e84634-fdfb-4a8b-87b3-8cb3253f4f09] Adding new dynamic property: PropertyDescriptor[simple]
[pool-2918-thread-1] INFO org.apache.nifi.processors.standard.RouteText - RouteText[id=24e84634-fdfb-4a8b-87b3-8cb3253f4f09] Created FlowFile[1193,93427486158989.mockFlowFile,23B] from FlowFile[1192,93427486158989.mockFlowFile,23B]; routing to relationship simple
[pool-2918-thread-1] INFO org.apache.nifi.processors.standard.RouteText - RouteText[id=24e84634-fdfb-4a8b-87b3-8cb3253f4f09] Routing FlowFile[1192,93427486158989.mockFlowFile,23B] to original
[main] DEBUG org.apache.nifi.processors.standard.RouteText - RouteText[id=24e84634-fdfb-4a8b-87b3-8cb3253f4f09] Adding new dynamic property: PropertyDescriptor[simple]
[pool-2919-thread-1] INFO org.apache.nifi.processors.standard.RouteText - RouteText[id=24e84634-fdfb-4a8b-87b3-8cb3253f4f09] Created FlowFile[1195,93427486571923.mockFlowFile,23B] from FlowFile[1194,93427486571923.mockFlowFile,23B]; routing to relationship simple
[pool-2919-thread-1] INFO org.apache.nifi.processors.standard.RouteText - RouteText[id=24e84634-fdfb-4a8b-87b3-8cb3253f4f09] Routing FlowFile[1194,93427486571923.mockFlowFile,23B] to original
[main] DEBUG org.apache.nifi.processors.standard.RouteText - RouteText[id=24e84634-fdfb-4a8b-87b3-8cb3253f4f09] Adding new dynamic property: PropertyDescriptor[simple]
[pool-2920-thread-1] INFO org.apache.nifi.processors.standard.RouteText - RouteText[id=24e84634-fdfb-4a8b-87b3-8cb3253f4f09] Created FlowFile[1197,93427486985677.mockFlowFile,23B] from FlowFile[1196,93427486985677.mockFlowFile,23B]; routing to relationship simple
[pool-2920-thread-1] INFO org.apache.nifi.processors.standard.RouteText - RouteText[id=24e84634-fdfb-4a8b-87b3-8cb3253f4f09] Routing FlowFile[1196,93427486985677.mockFlowFile,23B] to original
[main] DEBUG org.apache.nifi.processors.standard.RouteText - RouteText[id=24e84634-fdfb-4a8b-87b3-8cb3253f4f09] Adding new dynamic property: PropertyDescriptor[simple]
[pool-2921-thread-1] INFO org.apache.nifi.processors.standard.RouteText - RouteText[id=24e84634-fdfb-4a8b-87b3-8cb3253f4f09] Created FlowFile[1199,93427487421900.mockFlowFile,23B] from FlowFile[1198,93427487421900.mockFlowFile,23B]; routing to relationship simple
[pool-2921-thread-1] INFO org.apache.nifi.processors.standard.RouteText - RouteText[id=24e84634-fdfb-4a8b-87b3-8cb3253f4f09] Routing FlowFile[1198,93427487421900.mockFlowFile,23B] to original
[main] DEBUG org.apache.nifi.processors.standard.RouteText - RouteText[id=24e84634-fdfb-4a8b-87b3-8cb3253f4f09] Adding new dynamic property: PropertyDescriptor[simple]
[pool-2922-thread-1] INFO org.apache.nifi.processors.standard.RouteText - RouteText[id=24e84634-fdfb-4a8b-87b3-8cb3253f4f09] Created FlowFile[1201,93427487844161.mockFlowFile,23B] from FlowFile[1200,93427487844161.mockFlowFile,23B]; routing to relationship simple
[pool-2922-thread-1] INFO org.apache.nifi.processors.standard.RouteText - RouteText[id=24e84634-fdfb-4a8b-87b3-8cb3253f4f09] Routing FlowFile[1200,93427487844161.mockFlowFile,23B] to original
[main] DEBUG org.apache.nifi.processors.standard.RouteText - RouteText[id=24e84634-fdfb-4a8b-87b3-8cb3253f4f09] Adding new dynamic property: PropertyDescriptor[simple]
[pool-2923-thread-1] INFO org.apache.nifi.processors.standard.RouteText - RouteText[id=24e84634-fdfb-4a8b-87b3-8cb3253f4f09] Created FlowFile[1203,93427488257053.mockFlowFile,23B] from FlowFile[1202,93427488257053.mockFlowFile,23B]; routing to relationship simple
[pool-2923-thread-1] INFO org.apache.nifi.processors.standard.RouteText - RouteText[id=24e84634-fdfb-4a8b-87b3-8cb3253f4f09] Routing FlowFile[1202,93427488257053.mockFlowFile,23B] to original
[main] DEBUG org.apache.nifi.processors.standard.RouteText - RouteText[id=24e84634-fdfb-4a8b-87b3-8cb3253f4f09] Adding new dynamic property: PropertyDescriptor[simple]
[pool-2924-thread-1] INFO org.apache.nifi.processors.standard.RouteText - RouteText[id=24e84634-fdfb-4a8b-87b3-8cb3253f4f09] Created FlowFile[1205,93427488679958.mockFlowFile,23B] from FlowFile[1204,93427488679958.mockFlowFile,23B]; routing to relationship simple
[pool-2924-thread-1] INFO org.apache.nifi.processors.standard.RouteText - RouteText[id=24e84634-fdfb-4a8b-87b3-8cb3253f4f09] Routing FlowFile[1204,93427488679958.mockFlowFile,23B] to original
[main] DEBUG org.apache.nifi.processors.standard.RouteText - RouteText[id=24e84634-fdfb-4a8b-87b3-8cb3253f4f09] Adding new dynamic property: PropertyDescriptor[simple]
[pool-2925-thread-1] INFO org.apache.nifi.processors.standard.RouteText - RouteText[id=24e84634-fdfb-4a8b-87b3-8cb3253f4f09] Created FlowFile[1207,93427489126958.mockFlowFile,23B] from FlowFile[1206,93427489126958.mockFlowFile,23B]; routing to relationship simple
[pool-2925-thread-1] INFO org.apache.nifi.processors.standard.RouteText - RouteText[id=24e84634-fdfb-4a8b-87b3-8cb3253f4f09] Routing FlowFile[1206,93427489126958.mockFlowFile,23B] to original
[main] DEBUG org.apache.nifi.processors.standard.RouteText - RouteText[id=24e84634-fdfb-4a8b-87b3-8cb3253f4f09] Adding new dynamic property: PropertyDescriptor[simple]
[pool-2926-thread-1] INFO org.apache.nifi.processors.standard.RouteText - RouteText[id=24e84634-fdfb-4a8b-87b3-8cb3253f4f09] Created FlowFile[1209,93427489558672.mockFlowFile,23B] from FlowFile[1208,93427489558672.mockFlowFile,23B]; routing to relationship simple
[pool-2926-thread-1] INFO org.apache.nifi.processors.standard.RouteText - RouteText[id=24e84634-fdfb-4a8b-87b3-8cb3253f4f09] Routing FlowFile[1208,93427489558672.mockFlowFile,23B] to original
[main] DEBUG org.apache.nifi.processors.standard.RouteText - RouteText[id=24e84634-fdfb-4a8b-87b3-8cb3253f4f09] Adding new dynamic property: PropertyDescriptor[simple]
[pool-2927-thread-1] INFO org.apache.nifi.processors.standard.RouteText - RouteText[id=24e84634-fdfb-4a8b-87b3-8cb3253f4f09] Created FlowFile[1211,93427490026364.mockFlowFile,23B] from FlowFile[1210,93427490026364.mockFlowFile,23B]; routing to relationship simple
[pool-2927-thread-1] INFO org.apache.nifi.processors.standard.RouteText - RouteText[id=24e84634-fdfb-4a8b-87b3-8cb3253f4f09] Routing FlowFile[1210,93427490026364.mockFlowFile,23B] to original
[main] DEBUG org.apache.nifi.processors.standard.RouteText - RouteText[id=24e84634-fdfb-4a8b-87b3-8cb3253f4f09] Adding new dynamic property: PropertyDescriptor[simple]
[pool-2928-thread-1] INFO org.apache.nifi.processors.standard.RouteText - RouteText[id=24e84634-fdfb-4a8b-87b3-8cb3253f4f09] Created FlowFile[1213,93427490507620.mockFlowFile,23B] from FlowFile[1212,93427490507620.mockFlowFile,23B]; routing to relationship simple
[pool-2928-thread-1] INFO org.apache.nifi.processors.standard.RouteText - RouteText[id=24e84634-fdfb-4a8b-87b3-8cb3253f4f09] Routing FlowFile[1212,93427490507620.mockFlowFile,23B] to original
[main] DEBUG org.apache.nifi.processors.standard.RouteText - RouteText[id=24e84634-fdfb-4a8b-87b3-8cb3253f4f09] Adding new dynamic property: PropertyDescriptor[simple]
[pool-2929-thread-1] INFO org.apache.nifi.processors.standard.RouteText - RouteText[id=24e84634-fdfb-4a8b-87b3-8cb3253f4f09] Created FlowFile[1215,93427490975010.mockFlowFile,23B] from FlowFile[1214,93427490975010.mockFlowFile,23B]; routing to relationship simple
[pool-2929-thread-1] INFO org.apache.nifi.processors.standard.RouteText - RouteText[id=24e84634-fdfb-4a8b-87b3-8cb3253f4f09] Routing FlowFile[1214,93427490975010.mockFlowFile,23B] to original
[main] DEBUG org.apache.nifi.processors.standard.RouteText - RouteText[id=24e84634-fdfb-4a8b-87b3-8cb3253f4f09] Adding new dynamic property: PropertyDescriptor[simple]
[pool-2930-thread-1] INFO org.apache.nifi.processors.standard.RouteText - RouteText[id=24e84634-fdfb-4a8b-87b3-8cb3253f4f09] Created FlowFile[1217,93427491453939.mockFlowFile,23B] from FlowFile[1216,93427491453939.mockFlowFile,23B]; routing to relationship simple
[pool-2930-thread-1] INFO org.apache.nifi.processors.standard.RouteText - RouteText[id=24e84634-fdfb-4a8b-87b3-8cb3253f4f09] Routing FlowFile[1216,93427491453939.mockFlowFile,23B] to original
[main] DEBUG org.apache.nifi.processors.standard.RouteText - RouteText[id=24e84634-fdfb-4a8b-87b3-8cb3253f4f09] Adding new dynamic property: PropertyDescriptor[simple]
[pool-2931-thread-1] INFO org.apache.nifi.processors.standard.RouteText - RouteText[id=24e84634-fdfb-4a8b-87b3-8cb3253f4f09] Created FlowFile[1219,93427491870448.mockFlowFile,23B] from FlowFile[1218,93427491870448.mockFlowFile,23B]; routing to relationship simple
[pool-2931-thread-1] INFO org.apache.nifi.processors.standard.RouteText - RouteText[id=24e84634-fdfb-4a8b-87b3-8cb3253f4f09] Routing FlowFile[1218,93427491870448.mockFlowFile,23B] to original
[main] DEBUG org.apache.nifi.processors.standard.RouteText - RouteText[id=24e84634-fdfb-4a8b-87b3-8cb3253f4f09] Adding new dynamic property: PropertyDescriptor[simple]
[pool-2932-thread-1] INFO org.apache.nifi.processors.standard.RouteText - RouteText[id=24e84634-fdfb-4a8b-87b3-8cb3253f4f09] Created FlowFile[1221,93427492284059.mockFlowFile,23B] from FlowFile[1220,93427492284059.mockFlowFile,23B]; routing to relationship simple
[pool-2932-thread-1] INFO org.apache.nifi.processors.standard.RouteText - RouteText[id=24e84634-fdfb-4a8b-87b3-8cb3253f4f09] Routing FlowFile[1220,93427492284059.mockFlowFile,23B] to original
[main] DEBUG org.apache.nifi.processors.standard.RouteText - RouteText[id=24e84634-fdfb-4a8b-87b3-8cb3253f4f09] Adding new dynamic property: PropertyDescriptor[simple]
[pool-2933-thread-1] INFO org.apache.nifi.processors.standard.RouteText - RouteText[id=24e84634-fdfb-4a8b-87b3-8cb3253f4f09] Created FlowFile[1223,93427492712632.mockFlowFile,23B] from FlowFile[1222,93427492712632.mockFlowFile,23B]; routing to relationship simple
[pool-2933-thread-1] INFO org.apache.nifi.processors.standard.RouteText - RouteText[id=24e84634-fdfb-4a8b-87b3-8cb3253f4f09] Routing FlowFile[1222,93427492712632.mockFlowFile,23B] to original
[main] DEBUG org.apache.nifi.processors.standard.RouteText - RouteText[id=24e84634-fdfb-4a8b-87b3-8cb3253f4f09] Adding new dynamic property: PropertyDescriptor[simple]
[pool-2934-thread-1] INFO org.apache.nifi.processors.standard.RouteText - RouteText[id=24e84634-fdfb-4a8b-87b3-8cb3253f4f09] Created FlowFile[1225,93427493153216.mockFlowFile,23B] from FlowFile[1224,93427493153216.mockFlowFile,23B]; routing to relationship simple
[pool-2934-thread-1] INFO org.apache.nifi.processors.standard.RouteText - RouteText[id=24e84634-fdfb-4a8b-87b3-8cb3253f4f09] Routing FlowFile[1224,93427493153216.mockFlowFile,23B] to original
[main] DEBUG org.apache.nifi.processors.standard.RouteText - RouteText[id=24e84634-fdfb-4a8b-87b3-8cb3253f4f09] Adding new dynamic property: PropertyDescriptor[simple]
[pool-2935-thread-1] INFO org.apache.nifi.processors.standard.RouteText - RouteText[id=24e84634-fdfb-4a8b-87b3-8cb3253f4f09] Created FlowFile[1227,93427493587147.mockFlowFile,23B] from FlowFile[1226,93427493587147.mockFlowFile,23B]; routing to relationship simple
[pool-2935-thread-1] INFO org.apache.nifi.processors.standard.RouteText - RouteText[id=24e84634-fdfb-4a8b-87b3-8cb3253f4f09] Routing FlowFile[1226,93427493587147.mockFlowFile,23B] to original
[main] DEBUG org.apache.nifi.processors.standard.RouteText - RouteText[id=24e84634-fdfb-4a8b-87b3-8cb3253f4f09] Adding new dynamic property: PropertyDescriptor[simple]
[pool-2936-thread-1] INFO org.apache.nifi.processors.standard.RouteText - RouteText[id=24e84634-fdfb-4a8b-87b3-8cb3253f4f09] Created FlowFile[1229,93427494033349.mockFlowFile,23B] from FlowFile[1228,93427494033349.mockFlowFile,23B]; routing to relationship simple
[pool-2936-thread-1] INFO org.apache.nifi.processors.standard.RouteText - RouteText[id=24e84634-fdfb-4a8b-87b3-8cb3253f4f09] Routing FlowFile[1228,93427494033349.mockFlowFile,23B] to original
[main] DEBUG org.apache.nifi.processors.standard.RouteText - RouteText[id=24e84634-fdfb-4a8b-87b3-8cb3253f4f09] Adding new dynamic property: PropertyDescriptor[simple]
[pool-2937-thread-1] INFO org.apache.nifi.processors.standard.RouteText - RouteText[id=24e84634-fdfb-4a8b-87b3-8cb3253f4f09] Created FlowFile[1231,93427494494901.mockFlowFile,23B] from FlowFile[1230,93427494494901.mockFlowFile,23B]; routing to relationship simple
[pool-2937-thread-1] INFO org.apache.nifi.processors.standard.RouteText - RouteText[id=24e84634-fdfb-4a8b-87b3-8cb3253f4f09] Routing FlowFile[1230,93427494494901.mockFlowFile,23B] to original
[main] DEBUG org.apache.nifi.processors.standard.RouteText - RouteText[id=24e84634-fdfb-4a8b-87b3-8cb3253f4f09] Adding new dynamic property: PropertyDescriptor[simple]
[pool-2938-thread-1] INFO org.apache.nifi.processors.standard.RouteText - RouteText[id=24e84634-fdfb-4a8b-87b3-8cb3253f4f09] Created FlowFile[1233,93427494946672.mockFlowFile,23B] from FlowFile[1232,93427494946672.mockFlowFile,23B]; routing to relationship simple
[pool-2938-thread-1] INFO org.apache.nifi.processors.standard.RouteText - RouteText[id=24e84634-fdfb-4a8b-87b3-8cb3253f4f09] Routing FlowFile[1232,93427494946672.mockFlowFile,23B] to original
[main] DEBUG org.apache.nifi.processors.standard.RouteText - RouteText[id=24e84634-fdfb-4a8b-87b3-8cb3253f4f09] Adding new dynamic property: PropertyDescriptor[simple]
[pool-2939-thread-1] INFO org.apache.nifi.processors.standard.RouteText - RouteText[id=24e84634-fdfb-4a8b-87b3-8cb3253f4f09] Created FlowFile[1235,93427495485144.mockFlowFile,23B] from FlowFile[1234,93427495485144.mockFlowFile,23B]; routing to relationship simple
[pool-2939-thread-1] INFO org.apache.nifi.processors.standard.RouteText - RouteText[id=24e84634-fdfb-4a8b-87b3-8cb3253f4f09] Routing FlowFile[1234,93427495485144.mockFlowFile,23B] to original
[main] DEBUG org.apache.nifi.processors.standard.RouteText - RouteText[id=24e84634-fdfb-4a8b-87b3-8cb3253f4f09] Adding new dynamic property: PropertyDescriptor[simple]
[pool-2940-thread-1] INFO org.apache.nifi.processors.standard.RouteText - RouteText[id=24e84634-fdfb-4a8b-87b3-8cb3253f4f09] Created FlowFile[1237,93427495945383.mockFlowFile,23B] from FlowFile[1236,93427495945383.mockFlowFile,23B]; routing to relationship simple
[pool-2940-thread-1] INFO org.apache.nifi.processors.standard.RouteText - RouteText[id=24e84634-fdfb-4a8b-87b3-8cb3253f4f09] Routing FlowFile[1236,93427495945383.mockFlowFile,23B] to original
[main] DEBUG org.apache.nifi.processors.standard.RouteText - RouteText[id=24e84634-fdfb-4a8b-87b3-8cb3253f4f09] Adding new dynamic property: PropertyDescriptor[simple]
[pool-2941-thread-1] INFO org.apache.nifi.processors.standard.RouteText - RouteText[id=24e84634-fdfb-4a8b-87b3-8cb3253f4f09] Created FlowFile[1239,93427496379693.mockFlowFile,23B] from FlowFile[1238,93427496379693.mockFlowFile,23B]; routing to relationship simple
[pool-2941-thread-1] INFO org.apache.nifi.processors.standard.RouteText - RouteText[id=24e84634-fdfb-4a8b-87b3-8cb3253f4f09] Routing FlowFile[1238,93427496379693.mockFlowFile,23B] to original
[main] DEBUG org.apache.nifi.processors.standard.RouteText - RouteText[id=24e84634-fdfb-4a8b-87b3-8cb3253f4f09] Adding new dynamic property: PropertyDescriptor[simple]
[pool-2942-thread-1] INFO org.apache.nifi.processors.standard.RouteText - RouteText[id=24e84634-fdfb-4a8b-87b3-8cb3253f4f09] Created FlowFile[1241,93427496802742.mockFlowFile,23B] from FlowFile[1240,93427496802742.mockFlowFile,23B]; routing to relationship simple
[pool-2942-thread-1] INFO org.apache.nifi.processors.standard.RouteText - RouteText[id=24e84634-fdfb-4a8b-87b3-8cb3253f4f09] Routing FlowFile[1240,93427496802742.mockFlowFile,23B] to original
[main] DEBUG org.apache.nifi.processors.standard.RouteText - RouteText[id=24e84634-fdfb-4a8b-87b3-8cb3253f4f09] Adding new dynamic property: PropertyDescriptor[simple]
[pool-2943-thread-1] INFO org.apache.nifi.processors.standard.RouteText - RouteText[id=24e84634-fdfb-4a8b-87b3-8cb3253f4f09] Created FlowFile[1243,93427517858906.mockFlowFile,23B] from FlowFile[1242,93427517858906.mockFlowFile,23B]; routing to relationship simple
[pool-2943-thread-1] INFO org.apache.nifi.processors.standard.RouteText - RouteText[id=24e84634-fdfb-4a8b-87b3-8cb3253f4f09] Routing FlowFile[1242,93427517858906.mockFlowFile,23B] to original
[main] DEBUG org.apache.nifi.processors.standard.RouteText - RouteText[id=24e84634-fdfb-4a8b-87b3-8cb3253f4f09] Adding new dynamic property: PropertyDescriptor[simple]
[pool-2944-thread-1] INFO org.apache.nifi.processors.standard.RouteText - RouteText[id=24e84634-fdfb-4a8b-87b3-8cb3253f4f09] Created FlowFile[1245,93427518330581.mockFlowFile,23B] from FlowFile[1244,93427518330581.mockFlowFile,23B]; routing to relationship simple
[pool-2944-thread-1] INFO org.apache.nifi.processors.standard.RouteText - RouteText[id=24e84634-fdfb-4a8b-87b3-8cb3253f4f09] Routing FlowFile[1244,93427518330581.mockFlowFile,23B] to original
[main] DEBUG org.apache.nifi.processors.standard.RouteText - RouteText[id=24e84634-fdfb-4a8b-87b3-8cb3253f4f09] Adding new dynamic property: PropertyDescriptor[simple]
[pool-2945-thread-1] INFO org.apache.nifi.processors.standard.RouteText - RouteText[id=24e84634-fdfb-4a8b-87b3-8cb3253f4f09] Created FlowFile[1247,93427518784331.mockFlowFile,23B] from FlowFile[1246,93427518784331.mockFlowFile,23B]; routing to relationship simple
[pool-2945-thread-1] INFO org.apache.nifi.processors.standard.RouteText - RouteText[id=24e84634-fdfb-4a8b-87b3-8cb3253f4f09] Routing FlowFile[1246,93427518784331.mockFlowFile,23B] to original
[main] DEBUG org.apache.nifi.processors.standard.RouteText - RouteText[id=24e84634-fdfb-4a8b-87b3-8cb3253f4f09] Adding new dynamic property: PropertyDescriptor[simple]
[pool-2946-thread-1] INFO org.apache.nifi.processors.standard.RouteText - RouteText[id=24e84634-fdfb-4a8b-87b3-8cb3253f4f09] Created FlowFile[1249,93427519235292.mockFlowFile,23B] from FlowFile[1248,93427519235292.mockFlowFile,23B]; routing to relationship simple
[pool-2946-thread-1] INFO org.apache.nifi.processors.standard.RouteText - RouteText[id=24e84634-fdfb-4a8b-87b3-8cb3253f4f09] Routing FlowFile[1248,93427519235292.mockFlowFile,23B] to original
[main] DEBUG org.apache.nifi.processors.standard.RouteText - RouteText[id=24e84634-fdfb-4a8b-87b3-8cb3253f4f09] Adding new dynamic property: PropertyDescriptor[simple]
[pool-2947-thread-1] INFO org.apache.nifi.processors.standard.RouteText - RouteText[id=24e84634-fdfb-4a8b-87b3-8cb3253f4f09] Created FlowFile[1251,93427519680338.mockFlowFile,23B] from FlowFile[1250,93427519680338.mockFlowFile,23B]; routing to relationship simple
[pool-2947-thread-1] INFO org.apache.nifi.processors.standard.RouteText - RouteText[id=24e84634-fdfb-4a8b-87b3-8cb3253f4f09] Routing FlowFile[1250,93427519680338.mockFlowFile,23B] to original
[main] DEBUG org.apache.nifi.processors.standard.RouteText - RouteText[id=24e84634-fdfb-4a8b-87b3-8cb3253f4f09] Adding new dynamic property: PropertyDescriptor[simple]
[pool-2948-thread-1] INFO org.apache.nifi.processors.standard.RouteText - RouteText[id=24e84634-fdfb-4a8b-87b3-8cb3253f4f09] Created FlowFile[1253,93427520155293.mockFlowFile,23B] from FlowFile[1252,93427520155293.mockFlowFile,23B]; routing to relationship simple
[pool-2948-thread-1] INFO org.apache.nifi.processors.standard.RouteText - RouteText[id=24e84634-fdfb-4a8b-87b3-8cb3253f4f09] Routing FlowFile[1252,93427520155293.mockFlowFile,23B] to original
[main] DEBUG org.apache.nifi.processors.standard.RouteText - RouteText[id=24e84634-fdfb-4a8b-87b3-8cb3253f4f09] Adding new dynamic property: PropertyDescriptor[simple]
[pool-2949-thread-1] INFO org.apache.nifi.processors.standard.RouteText - RouteText[id=24e84634-fdfb-4a8b-87b3-8cb3253f4f09] Created FlowFile[1255,93427520665308.mockFlowFile,23B] from FlowFile[1254,93427520665308.mockFlowFile,23B]; routing to relationship simple
[pool-2949-thread-1] INFO org.apache.nifi.processors.standard.RouteText - RouteText[id=24e84634-fdfb-4a8b-87b3-8cb3253f4f09] Routing FlowFile[1254,93427520665308.mockFlowFile,23B] to original
[main] DEBUG org.apache.nifi.processors.standard.RouteText - RouteText[id=24e84634-fdfb-4a8b-87b3-8cb3253f4f09] Adding new dynamic property: PropertyDescriptor[simple]
[pool-2950-thread-1] INFO org.apache.nifi.processors.standard.RouteText - RouteText[id=24e84634-fdfb-4a8b-87b3-8cb3253f4f09] Created FlowFile[1257,93427521153111.mockFlowFile,23B] from FlowFile[1256,93427521153111.mockFlowFile,23B]; routing to relationship simple
[pool-2950-thread-1] INFO org.apache.nifi.processors.standard.RouteText - RouteText[id=24e84634-fdfb-4a8b-87b3-8cb3253f4f09] Routing FlowFile[1256,93427521153111.mockFlowFile,23B] to original
[main] DEBUG org.apache.nifi.processors.standard.RouteText - RouteText[id=24e84634-fdfb-4a8b-87b3-8cb3253f4f09] Adding new dynamic property: PropertyDescriptor[simple]
[pool-2951-thread-1] INFO org.apache.nifi.processors.standard.RouteText - RouteText[id=24e84634-fdfb-4a8b-87b3-8cb3253f4f09] Created FlowFile[1259,93427521605435.mockFlowFile,23B] from FlowFile[1258,93427521605435.mockFlowFile,23B]; routing to relationship simple
[pool-2951-thread-1] INFO org.apache.nifi.processors.standard.RouteText - RouteText[id=24e84634-fdfb-4a8b-87b3-8cb3253f4f09] Routing FlowFile[1258,93427521605435.mockFlowFile,23B] to original
[main] DEBUG org.apache.nifi.processors.standard.RouteText - RouteText[id=24e84634-fdfb-4a8b-87b3-8cb3253f4f09] Adding new dynamic property: PropertyDescriptor[simple]
[pool-2952-thread-1] INFO org.apache.nifi.processors.standard.RouteText - RouteText[id=24e84634-fdfb-4a8b-87b3-8cb3253f4f09] Created FlowFile[1261,93427522040793.mockFlowFile,23B] from FlowFile[1260,93427522040793.mockFlowFile,23B]; routing to relationship simple
[pool-2952-thread-1] INFO org.apache.nifi.processors.standard.RouteText - RouteText[id=24e84634-fdfb-4a8b-87b3-8cb3253f4f09] Routing FlowFile[1260,93427522040793.mockFlowFile,23B] to original
[main] DEBUG org.apache.nifi.processors.standard.RouteText - RouteText[id=24e84634-fdfb-4a8b-87b3-8cb3253f4f09] Adding new dynamic property: PropertyDescriptor[simple]
[pool-2953-thread-1] INFO org.apache.nifi.processors.standard.RouteText - RouteText[id=24e84634-fdfb-4a8b-87b3-8cb3253f4f09] Created FlowFile[1263,93427522385339.mockFlowFile,23B] from FlowFile[1262,93427522385339.mockFlowFile,23B]; routing to relationship simple
[pool-2953-thread-1] INFO org.apache.nifi.processors.standard.RouteText - RouteText[id=24e84634-fdfb-4a8b-87b3-8cb3253f4f09] Routing FlowFile[1262,93427522385339.mockFlowFile,23B] to original
[main] DEBUG org.apache.nifi.processors.standard.RouteText - RouteText[id=24e84634-fdfb-4a8b-87b3-8cb3253f4f09] Adding new dynamic property: PropertyDescriptor[simple]
[pool-2954-thread-1] INFO org.apache.nifi.processors.standard.RouteText - RouteText[id=24e84634-fdfb-4a8b-87b3-8cb3253f4f09] Created FlowFile[1265,93427522732470.mockFlowFile,23B] from FlowFile[1264,93427522732470.mockFlowFile,23B]; routing to relationship simple
[pool-2954-thread-1] INFO org.apache.nifi.processors.standard.RouteText - RouteText[id=24e84634-fdfb-4a8b-87b3-8cb3253f4f09] Routing FlowFile[1264,93427522732470.mockFlowFile,23B] to original
[main] DEBUG org.apache.nifi.processors.standard.RouteText - RouteText[id=24e84634-fdfb-4a8b-87b3-8cb3253f4f09] Adding new dynamic property: PropertyDescriptor[simple]
[pool-2955-thread-1] INFO org.apache.nifi.processors.standard.RouteText - RouteText[id=24e84634-fdfb-4a8b-87b3-8cb3253f4f09] Created FlowFile[1267,93427523064844.mockFlowFile,23B] from FlowFile[1266,93427523064844.mockFlowFile,23B]; routing to relationship simple
[pool-2955-thread-1] INFO org.apache.nifi.processors.standard.RouteText - RouteText[id=24e84634-fdfb-4a8b-87b3-8cb3253f4f09] Routing FlowFile[1266,93427523064844.mockFlowFile,23B] to original
[main] DEBUG org.apache.nifi.processors.standard.RouteText - RouteText[id=24e84634-fdfb-4a8b-87b3-8cb3253f4f09] Adding new dynamic property: PropertyDescriptor[simple]
[pool-2956-thread-1] INFO org.apache.nifi.processors.standard.RouteText - RouteText[id=24e84634-fdfb-4a8b-87b3-8cb3253f4f09] Created FlowFile[1269,93427523486028.mockFlowFile,23B] from FlowFile[1268,93427523486028.mockFlowFile,23B]; routing to relationship simple
[pool-2956-thread-1] INFO org.apache.nifi.processors.standard.RouteText - RouteText[id=24e84634-fdfb-4a8b-87b3-8cb3253f4f09] Routing FlowFile[1268,93427523486028.mockFlowFile,23B] to original
[main] DEBUG org.apache.nifi.processors.standard.RouteText - RouteText[id=24e84634-fdfb-4a8b-87b3-8cb3253f4f09] Adding new dynamic property: PropertyDescriptor[simple]
[pool-2957-thread-1] INFO org.apache.nifi.processors.standard.RouteText - RouteText[id=24e84634-fdfb-4a8b-87b3-8cb3253f4f09] Created FlowFile[1271,93427523816563.mockFlowFile,23B] from FlowFile[1270,93427523816563.mockFlowFile,23B]; routing to relationship simple
[pool-2957-thread-1] INFO org.apache.nifi.processors.standard.RouteText - RouteText[id=24e84634-fdfb-4a8b-87b3-8cb3253f4f09] Routing FlowFile[1270,93427523816563.mockFlowFile,23B] to original
[main] DEBUG org.apache.nifi.processors.standard.RouteText - RouteText[id=24e84634-fdfb-4a8b-87b3-8cb3253f4f09] Adding new dynamic property: PropertyDescriptor[simple]
[pool-2958-thread-1] INFO org.apache.nifi.processors.standard.RouteText - RouteText[id=24e84634-fdfb-4a8b-87b3-8cb3253f4f09] Created FlowFile[1273,93427524226077.mockFlowFile,23B] from FlowFile[1272,93427524226077.mockFlowFile,23B]; routing to relationship simple
[pool-2958-thread-1] INFO org.apache.nifi.processors.standard.RouteText - RouteText[id=24e84634-fdfb-4a8b-87b3-8cb3253f4f09] Routing FlowFile[1272,93427524226077.mockFlowFile,23B] to original
[main] DEBUG org.apache.nifi.processors.standard.RouteText - RouteText[id=24e84634-fdfb-4a8b-87b3-8cb3253f4f09] Adding new dynamic property: PropertyDescriptor[simple]
[pool-2959-thread-1] INFO org.apache.nifi.processors.standard.RouteText - RouteText[id=24e84634-fdfb-4a8b-87b3-8cb3253f4f09] Created FlowFile[1275,93427524643030.mockFlowFile,23B] from FlowFile[1274,93427524643030.mockFlowFile,23B]; routing to relationship simple
[pool-2959-thread-1] INFO org.apache.nifi.processors.standard.RouteText - RouteText[id=24e84634-fdfb-4a8b-87b3-8cb3253f4f09] Routing FlowFile[1274,93427524643030.mockFlowFile,23B] to original
[main] DEBUG org.apache.nifi.processors.standard.RouteText - RouteText[id=24e84634-fdfb-4a8b-87b3-8cb3253f4f09] Adding new dynamic property: PropertyDescriptor[simple]
[pool-2960-thread-1] INFO org.apache.nifi.processors.standard.RouteText - RouteText[id=24e84634-fdfb-4a8b-87b3-8cb3253f4f09] Created FlowFile[1277,93427524991441.mockFlowFile,23B] from FlowFile[1276,93427524991441.mockFlowFile,23B]; routing to relationship simple
[pool-2960-thread-1] INFO org.apache.nifi.processors.standard.RouteText - RouteText[id=24e84634-fdfb-4a8b-87b3-8cb3253f4f09] Routing FlowFile[1276,93427524991441.mockFlowFile,23B] to original
[main] DEBUG org.apache.nifi.processors.standard.RouteText - RouteText[id=24e84634-fdfb-4a8b-87b3-8cb3253f4f09] Adding new dynamic property: PropertyDescriptor[simple]
[pool-2961-thread-1] INFO org.apache.nifi.processors.standard.RouteText - RouteText[id=24e84634-fdfb-4a8b-87b3-8cb3253f4f09] Created FlowFile[1279,93427525383995.mockFlowFile,23B] from FlowFile[1278,93427525383995.mockFlowFile,23B]; routing to relationship simple
[pool-2961-thread-1] INFO org.apache.nifi.processors.standard.RouteText - RouteText[id=24e84634-fdfb-4a8b-87b3-8cb3253f4f09] Routing FlowFile[1278,93427525383995.mockFlowFile,23B] to original
[main] DEBUG org.apache.nifi.processors.standard.RouteText - RouteText[id=24e84634-fdfb-4a8b-87b3-8cb3253f4f09] Adding new dynamic property: PropertyDescriptor[simple]
[pool-2962-thread-1] INFO org.apache.nifi.processors.standard.RouteText - RouteText[id=24e84634-fdfb-4a8b-87b3-8cb3253f4f09] Created FlowFile[1281,93427526006696.mockFlowFile,23B] from FlowFile[1280,93427526006696.mockFlowFile,23B]; routing to relationship simple
[pool-2962-thread-1] INFO org.apache.nifi.processors.standard.RouteText - RouteText[id=24e84634-fdfb-4a8b-87b3-8cb3253f4f09] Routing FlowFile[1280,93427526006696.mockFlowFile,23B] to original
[main] DEBUG org.apache.nifi.processors.standard.RouteText - RouteText[id=24e84634-fdfb-4a8b-87b3-8cb3253f4f09] Adding new dynamic property: PropertyDescriptor[simple]
[pool-2963-thread-1] INFO org.apache.nifi.processors.standard.RouteText - RouteText[id=24e84634-fdfb-4a8b-87b3-8cb3253f4f09] Created FlowFile[1283,93427526612692.mockFlowFile,23B] from FlowFile[1282,93427526612692.mockFlowFile,23B]; routing to relationship simple
[pool-2963-thread-1] INFO org.apache.nifi.processors.standard.RouteText - RouteText[id=24e84634-fdfb-4a8b-87b3-8cb3253f4f09] Routing FlowFile[1282,93427526612692.mockFlowFile,23B] to original
[main] DEBUG org.apache.nifi.processors.standard.RouteText - RouteText[id=24e84634-fdfb-4a8b-87b3-8cb3253f4f09] Adding new dynamic property: PropertyDescriptor[simple]
[pool-2964-thread-1] INFO org.apache.nifi.processors.standard.RouteText - RouteText[id=24e84634-fdfb-4a8b-87b3-8cb3253f4f09] Created FlowFile[1285,93427527232709.mockFlowFile,23B] from FlowFile[1284,93427527232709.mockFlowFile,23B]; routing to relationship simple
[pool-2964-thread-1] INFO org.apache.nifi.processors.standard.RouteText - RouteText[id=24e84634-fdfb-4a8b-87b3-8cb3253f4f09] Routing FlowFile[1284,93427527232709.mockFlowFile,23B] to original
[main] DEBUG org.apache.nifi.processors.standard.RouteText - RouteText[id=24e84634-fdfb-4a8b-87b3-8cb3253f4f09] Adding new dynamic property: PropertyDescriptor[simple]
[pool-2965-thread-1] INFO org.apache.nifi.processors.standard.RouteText - RouteText[id=24e84634-fdfb-4a8b-87b3-8cb3253f4f09] Created FlowFile[1287,93427527694533.mockFlowFile,23B] from FlowFile[1286,93427527694533.mockFlowFile,23B]; routing to relationship simple
[pool-2965-thread-1] INFO org.apache.nifi.processors.standard.RouteText - RouteText[id=24e84634-fdfb-4a8b-87b3-8cb3253f4f09] Routing FlowFile[1286,93427527694533.mockFlowFile,23B] to original
[main] DEBUG org.apache.nifi.processors.standard.RouteText - RouteText[id=24e84634-fdfb-4a8b-87b3-8cb3253f4f09] Adding new dynamic property: PropertyDescriptor[simple]
[pool-2966-thread-1] INFO org.apache.nifi.processors.standard.RouteText - RouteText[id=24e84634-fdfb-4a8b-87b3-8cb3253f4f09] Created FlowFile[1289,93427528137961.mockFlowFile,23B] from FlowFile[1288,93427528137961.mockFlowFile,23B]; routing to relationship simple
[pool-2966-thread-1] INFO org.apache.nifi.processors.standard.RouteText - RouteText[id=24e84634-fdfb-4a8b-87b3-8cb3253f4f09] Routing FlowFile[1288,93427528137961.mockFlowFile,23B] to original
[main] DEBUG org.apache.nifi.processors.standard.RouteText - RouteText[id=24e84634-fdfb-4a8b-87b3-8cb3253f4f09] Adding new dynamic property: PropertyDescriptor[simple]
[pool-2967-thread-1] INFO org.apache.nifi.processors.standard.RouteText - RouteText[id=24e84634-fdfb-4a8b-87b3-8cb3253f4f09] Created FlowFile[1291,93427528560394.mockFlowFile,23B] from FlowFile[1290,93427528560394.mockFlowFile,23B]; routing to relationship simple
[pool-2967-thread-1] INFO org.apache.nifi.processors.standard.RouteText - RouteText[id=24e84634-fdfb-4a8b-87b3-8cb3253f4f09] Routing FlowFile[1290,93427528560394.mockFlowFile,23B] to original
[main] DEBUG org.apache.nifi.processors.standard.RouteText - RouteText[id=24e84634-fdfb-4a8b-87b3-8cb3253f4f09] Adding new dynamic property: PropertyDescriptor[simple]
[pool-2968-thread-1] INFO org.apache.nifi.processors.standard.RouteText - RouteText[id=24e84634-fdfb-4a8b-87b3-8cb3253f4f09] Created FlowFile[1293,93427528968202.mockFlowFile,23B] from FlowFile[1292,93427528968202.mockFlowFile,23B]; routing to relationship simple
[pool-2968-thread-1] INFO org.apache.nifi.processors.standard.RouteText - RouteText[id=24e84634-fdfb-4a8b-87b3-8cb3253f4f09] Routing FlowFile[1292,93427528968202.mockFlowFile,23B] to original
[main] DEBUG org.apache.nifi.processors.standard.RouteText - RouteText[id=24e84634-fdfb-4a8b-87b3-8cb3253f4f09] Adding new dynamic property: PropertyDescriptor[simple]
[pool-2969-thread-1] INFO org.apache.nifi.processors.standard.RouteText - RouteText[id=24e84634-fdfb-4a8b-87b3-8cb3253f4f09] Created FlowFile[1295,93427529379657.mockFlowFile,23B] from FlowFile[1294,93427529379657.mockFlowFile,23B]; routing to relationship simple
[pool-2969-thread-1] INFO org.apache.nifi.processors.standard.RouteText - RouteText[id=24e84634-fdfb-4a8b-87b3-8cb3253f4f09] Routing FlowFile[1294,93427529379657.mockFlowFile,23B] to original
[main] DEBUG org.apache.nifi.processors.standard.RouteText - RouteText[id=24e84634-fdfb-4a8b-87b3-8cb3253f4f09] Adding new dynamic property: PropertyDescriptor[simple]
[pool-2970-thread-1] INFO org.apache.nifi.processors.standard.RouteText - RouteText[id=24e84634-fdfb-4a8b-87b3-8cb3253f4f09] Created FlowFile[1297,93427529803420.mockFlowFile,23B] from FlowFile[1296,93427529803420.mockFlowFile,23B]; routing to relationship simple
[pool-2970-thread-1] INFO org.apache.nifi.processors.standard.RouteText - RouteText[id=24e84634-fdfb-4a8b-87b3-8cb3253f4f09] Routing FlowFile[1296,93427529803420.mockFlowFile,23B] to original
[main] DEBUG org.apache.nifi.processors.standard.RouteText - RouteText[id=24e84634-fdfb-4a8b-87b3-8cb3253f4f09] Adding new dynamic property: PropertyDescriptor[simple]
[pool-2971-thread-1] INFO org.apache.nifi.processors.standard.RouteText - RouteText[id=24e84634-fdfb-4a8b-87b3-8cb3253f4f09] Created FlowFile[1299,93427530218259.mockFlowFile,23B] from FlowFile[1298,93427530218259.mockFlowFile,23B]; routing to relationship simple
[pool-2971-thread-1] INFO org.apache.nifi.processors.standard.RouteText - RouteText[id=24e84634-fdfb-4a8b-87b3-8cb3253f4f09] Routing FlowFile[1298,93427530218259.mockFlowFile,23B] to original
[main] DEBUG org.apache.nifi.processors.standard.RouteText - RouteText[id=24e84634-fdfb-4a8b-87b3-8cb3253f4f09] Adding new dynamic property: PropertyDescriptor[simple]
[pool-2972-thread-1] INFO org.apache.nifi.processors.standard.RouteText - RouteText[id=24e84634-fdfb-4a8b-87b3-8cb3253f4f09] Created FlowFile[1301,93427530628330.mockFlowFile,23B] from FlowFile[1300,93427530628330.mockFlowFile,23B]; routing to relationship simple
[pool-2972-thread-1] INFO org.apache.nifi.processors.standard.RouteText - RouteText[id=24e84634-fdfb-4a8b-87b3-8cb3253f4f09] Routing FlowFile[1300,93427530628330.mockFlowFile,23B] to original
[main] DEBUG org.apache.nifi.processors.standard.RouteText - RouteText[id=24e84634-fdfb-4a8b-87b3-8cb3253f4f09] Adding new dynamic property: PropertyDescriptor[simple]
[pool-2973-thread-1] INFO org.apache.nifi.processors.standard.RouteText - RouteText[id=24e84634-fdfb-4a8b-87b3-8cb3253f4f09] Created FlowFile[1303,93427531039991.mockFlowFile,23B] from FlowFile[1302,93427531039991.mockFlowFile,23B]; routing to relationship simple
[pool-2973-thread-1] INFO org.apache.nifi.processors.standard.RouteText - RouteText[id=24e84634-fdfb-4a8b-87b3-8cb3253f4f09] Routing FlowFile[1302,93427531039991.mockFlowFile,23B] to original
[main] DEBUG org.apache.nifi.processors.standard.RouteText - RouteText[id=24e84634-fdfb-4a8b-87b3-8cb3253f4f09] Adding new dynamic property: PropertyDescriptor[simple]
[pool-2974-thread-1] INFO org.apache.nifi.processors.standard.RouteText - RouteText[id=24e84634-fdfb-4a8b-87b3-8cb3253f4f09] Created FlowFile[1305,93427531411185.mockFlowFile,23B] from FlowFile[1304,93427531411185.mockFlowFile,23B]; routing to relationship simple
[pool-2974-thread-1] INFO org.apache.nifi.processors.standard.RouteText - RouteText[id=24e84634-fdfb-4a8b-87b3-8cb3253f4f09] Routing FlowFile[1304,93427531411185.mockFlowFile,23B] to original
[main] DEBUG org.apache.nifi.processors.standard.RouteText - RouteText[id=24e84634-fdfb-4a8b-87b3-8cb3253f4f09] Adding new dynamic property: PropertyDescriptor[simple]
[pool-2975-thread-1] INFO org.apache.nifi.processors.standard.RouteText - RouteText[id=24e84634-fdfb-4a8b-87b3-8cb3253f4f09] Created FlowFile[1307,93427531809509.mockFlowFile,23B] from FlowFile[1306,93427531809509.mockFlowFile,23B]; routing to relationship simple
[pool-2975-thread-1] INFO org.apache.nifi.processors.standard.RouteText - RouteText[id=24e84634-fdfb-4a8b-87b3-8cb3253f4f09] Routing FlowFile[1306,93427531809509.mockFlowFile,23B] to original
[main] DEBUG org.apache.nifi.processors.standard.RouteText - RouteText[id=24e84634-fdfb-4a8b-87b3-8cb3253f4f09] Adding new dynamic property: PropertyDescriptor[simple]
[pool-2976-thread-1] INFO org.apache.nifi.processors.standard.RouteText - RouteText[id=24e84634-fdfb-4a8b-87b3-8cb3253f4f09] Created FlowFile[1309,93427532304811.mockFlowFile,23B] from FlowFile[1308,93427532304811.mockFlowFile,23B]; routing to relationship simple
[pool-2976-thread-1] INFO org.apache.nifi.processors.standard.RouteText - RouteText[id=24e84634-fdfb-4a8b-87b3-8cb3253f4f09] Routing FlowFile[1308,93427532304811.mockFlowFile,23B] to original
[main] DEBUG org.apache.nifi.processors.standard.RouteText - RouteText[id=24e84634-fdfb-4a8b-87b3-8cb3253f4f09] Adding new dynamic property: PropertyDescriptor[simple]
[pool-2977-thread-1] INFO org.apache.nifi.processors.standard.RouteText - RouteText[id=24e84634-fdfb-4a8b-87b3-8cb3253f4f09] Created FlowFile[1311,93427532710940.mockFlowFile,23B] from FlowFile[1310,93427532710940.mockFlowFile,23B]; routing to relationship simple
[pool-2977-thread-1] INFO org.apache.nifi.processors.standard.RouteText - RouteText[id=24e84634-fdfb-4a8b-87b3-8cb3253f4f09] Routing FlowFile[1310,93427532710940.mockFlowFile,23B] to original
[main] DEBUG org.apache.nifi.processors.standard.RouteText - RouteText[id=24e84634-fdfb-4a8b-87b3-8cb3253f4f09] Adding new dynamic property: PropertyDescriptor[simple]
[pool-2978-thread-1] INFO org.apache.nifi.processors.standard.RouteText - RouteText[id=24e84634-fdfb-4a8b-87b3-8cb3253f4f09] Created FlowFile[1313,93427533131315.mockFlowFile,23B] from FlowFile[1312,93427533131315.mockFlowFile,23B]; routing to relationship simple
[pool-2978-thread-1] INFO org.apache.nifi.processors.standard.RouteText - RouteText[id=24e84634-fdfb-4a8b-87b3-8cb3253f4f09] Routing FlowFile[1312,93427533131315.mockFlowFile,23B] to original
[main] DEBUG org.apache.nifi.processors.standard.RouteText - RouteText[id=24e84634-fdfb-4a8b-87b3-8cb3253f4f09] Adding new dynamic property: PropertyDescriptor[simple]
[pool-2979-thread-1] INFO org.apache.nifi.processors.standard.RouteText - RouteText[id=24e84634-fdfb-4a8b-87b3-8cb3253f4f09] Created FlowFile[1315,93427533532987.mockFlowFile,23B] from FlowFile[1314,93427533532987.mockFlowFile,23B]; routing to relationship simple
[pool-2979-thread-1] INFO org.apache.nifi.processors.standard.RouteText - RouteText[id=24e84634-fdfb-4a8b-87b3-8cb3253f4f09] Routing FlowFile[1314,93427533532987.mockFlowFile,23B] to original
[main] DEBUG org.apache.nifi.processors.standard.RouteText - RouteText[id=24e84634-fdfb-4a8b-87b3-8cb3253f4f09] Adding new dynamic property: PropertyDescriptor[simple]
[pool-2980-thread-1] INFO org.apache.nifi.processors.standard.RouteText - RouteText[id=24e84634-fdfb-4a8b-87b3-8cb3253f4f09] Created FlowFile[1317,93427533944365.mockFlowFile,23B] from FlowFile[1316,93427533944365.mockFlowFile,23B]; routing to relationship simple
[pool-2980-thread-1] INFO org.apache.nifi.processors.standard.RouteText - RouteText[id=24e84634-fdfb-4a8b-87b3-8cb3253f4f09] Routing FlowFile[1316,93427533944365.mockFlowFile,23B] to original
[main] DEBUG org.apache.nifi.processors.standard.RouteText - RouteText[id=24e84634-fdfb-4a8b-87b3-8cb3253f4f09] Adding new dynamic property: PropertyDescriptor[simple]
[pool-2981-thread-1] INFO org.apache.nifi.processors.standard.RouteText - RouteText[id=24e84634-fdfb-4a8b-87b3-8cb3253f4f09] Created FlowFile[1319,93427534388451.mockFlowFile,23B] from FlowFile[1318,93427534388451.mockFlowFile,23B]; routing to relationship simple
[pool-2981-thread-1] INFO org.apache.nifi.processors.standard.RouteText - RouteText[id=24e84634-fdfb-4a8b-87b3-8cb3253f4f09] Routing FlowFile[1318,93427534388451.mockFlowFile,23B] to original
[main] DEBUG org.apache.nifi.processors.standard.RouteText - RouteText[id=24e84634-fdfb-4a8b-87b3-8cb3253f4f09] Adding new dynamic property: PropertyDescriptor[simple]
[pool-2982-thread-1] INFO org.apache.nifi.processors.standard.RouteText - RouteText[id=24e84634-fdfb-4a8b-87b3-8cb3253f4f09] Created FlowFile[1321,93427534818401.mockFlowFile,23B] from FlowFile[1320,93427534818401.mockFlowFile,23B]; routing to relationship simple
[pool-2982-thread-1] INFO org.apache.nifi.processors.standard.RouteText - RouteText[id=24e84634-fdfb-4a8b-87b3-8cb3253f4f09] Routing FlowFile[1320,93427534818401.mockFlowFile,23B] to original
[main] DEBUG org.apache.nifi.processors.standard.RouteText - RouteText[id=24e84634-fdfb-4a8b-87b3-8cb3253f4f09] Adding new dynamic property: PropertyDescriptor[simple]
[pool-2983-thread-1] INFO org.apache.nifi.processors.standard.RouteText - RouteText[id=24e84634-fdfb-4a8b-87b3-8cb3253f4f09] Created FlowFile[1323,93427535222296.mockFlowFile,23B] from FlowFile[1322,93427535222296.mockFlowFile,23B]; routing to relationship simple
[pool-2983-thread-1] INFO org.apache.nifi.processors.standard.RouteText - RouteText[id=24e84634-fdfb-4a8b-87b3-8cb3253f4f09] Routing FlowFile[1322,93427535222296.mockFlowFile,23B] to original
[main] DEBUG org.apache.nifi.processors.standard.RouteText - RouteText[id=24e84634-fdfb-4a8b-87b3-8cb3253f4f09] Adding new dynamic property: PropertyDescriptor[simple]
[pool-2984-thread-1] INFO org.apache.nifi.processors.standard.RouteText - RouteText[id=24e84634-fdfb-4a8b-87b3-8cb3253f4f09] Created FlowFile[1325,93427535615928.mockFlowFile,23B] from FlowFile[1324,93427535615928.mockFlowFile,23B]; routing to relationship simple
[pool-2984-thread-1] INFO org.apache.nifi.processors.standard.RouteText - RouteText[id=24e84634-fdfb-4a8b-87b3-8cb3253f4f09] Routing FlowFile[1324,93427535615928.mockFlowFile,23B] to original
[main] DEBUG org.apache.nifi.processors.standard.RouteText - RouteText[id=24e84634-fdfb-4a8b-87b3-8cb3253f4f09] Adding new dynamic property: PropertyDescriptor[simple]
[pool-2985-thread-1] INFO org.apache.nifi.processors.standard.RouteText - RouteText[id=24e84634-fdfb-4a8b-87b3-8cb3253f4f09] Created FlowFile[1327,93427535998291.mockFlowFile,23B] from FlowFile[1326,93427535998291.mockFlowFile,23B]; routing to relationship simple
[pool-2985-thread-1] INFO org.apache.nifi.processors.standard.RouteText - RouteText[id=24e84634-fdfb-4a8b-87b3-8cb3253f4f09] Routing FlowFile[1326,93427535998291.mockFlowFile,23B] to original
[main] DEBUG org.apache.nifi.processors.standard.RouteText - RouteText[id=24e84634-fdfb-4a8b-87b3-8cb3253f4f09] Adding new dynamic property: PropertyDescriptor[simple]
[pool-2986-thread-1] INFO org.apache.nifi.processors.standard.RouteText - RouteText[id=24e84634-fdfb-4a8b-87b3-8cb3253f4f09] Created FlowFile[1329,93427536424104.mockFlowFile,23B] from FlowFile[1328,93427536424104.mockFlowFile,23B]; routing to relationship simple
[pool-2986-thread-1] INFO org.apache.nifi.processors.standard.RouteText - RouteText[id=24e84634-fdfb-4a8b-87b3-8cb3253f4f09] Routing FlowFile[1328,93427536424104.mockFlowFile,23B] to original
[main] DEBUG org.apache.nifi.processors.standard.RouteText - RouteText[id=24e84634-fdfb-4a8b-87b3-8cb3253f4f09] Adding new dynamic property: PropertyDescriptor[simple]
[pool-2987-thread-1] INFO org.apache.nifi.processors.standard.RouteText - RouteText[id=24e84634-fdfb-4a8b-87b3-8cb3253f4f09] Created FlowFile[1331,93427536827045.mockFlowFile,23B] from FlowFile[1330,93427536827045.mockFlowFile,23B]; routing to relationship simple
[pool-2987-thread-1] INFO org.apache.nifi.processors.standard.RouteText - RouteText[id=24e84634-fdfb-4a8b-87b3-8cb3253f4f09] Routing FlowFile[1330,93427536827045.mockFlowFile,23B] to original
[main] DEBUG org.apache.nifi.processors.standard.RouteText - RouteText[id=24e84634-fdfb-4a8b-87b3-8cb3253f4f09] Adding new dynamic property: PropertyDescriptor[simple]
[pool-2988-thread-1] INFO org.apache.nifi.processors.standard.RouteText - RouteText[id=24e84634-fdfb-4a8b-87b3-8cb3253f4f09] Created FlowFile[1333,93427537222304.mockFlowFile,23B] from FlowFile[1332,93427537222304.mockFlowFile,23B]; routing to relationship simple
[pool-2988-thread-1] INFO org.apache.nifi.processors.standard.RouteText - RouteText[id=24e84634-fdfb-4a8b-87b3-8cb3253f4f09] Routing FlowFile[1332,93427537222304.mockFlowFile,23B] to original
[main] DEBUG org.apache.nifi.processors.standard.RouteText - RouteText[id=24e84634-fdfb-4a8b-87b3-8cb3253f4f09] Adding new dynamic property: PropertyDescriptor[simple]
[pool-2989-thread-1] INFO org.apache.nifi.processors.standard.RouteText - RouteText[id=24e84634-fdfb-4a8b-87b3-8cb3253f4f09] Created FlowFile[1335,93427537641957.mockFlowFile,23B] from FlowFile[1334,93427537641957.mockFlowFile,23B]; routing to relationship simple
[pool-2989-thread-1] INFO org.apache.nifi.processors.standard.RouteText - RouteText[id=24e84634-fdfb-4a8b-87b3-8cb3253f4f09] Routing FlowFile[1334,93427537641957.mockFlowFile,23B] to original
[main] DEBUG org.apache.nifi.processors.standard.RouteText - RouteText[id=24e84634-fdfb-4a8b-87b3-8cb3253f4f09] Adding new dynamic property: PropertyDescriptor[simple]
[pool-2990-thread-1] INFO org.apache.nifi.processors.standard.RouteText - RouteText[id=24e84634-fdfb-4a8b-87b3-8cb3253f4f09] Created FlowFile[1337,93427538042300.mockFlowFile,23B] from FlowFile[1336,93427538042300.mockFlowFile,23B]; routing to relationship simple
[pool-2990-thread-1] INFO org.apache.nifi.processors.standard.RouteText - RouteText[id=24e84634-fdfb-4a8b-87b3-8cb3253f4f09] Routing FlowFile[1336,93427538042300.mockFlowFile,23B] to original
[main] DEBUG org.apache.nifi.processors.standard.RouteText - RouteText[id=24e84634-fdfb-4a8b-87b3-8cb3253f4f09] Adding new dynamic property: PropertyDescriptor[simple]
[pool-2991-thread-1] INFO org.apache.nifi.processors.standard.RouteText - RouteText[id=24e84634-fdfb-4a8b-87b3-8cb3253f4f09] Created FlowFile[1339,93427538466777.mockFlowFile,23B] from FlowFile[1338,93427538466777.mockFlowFile,23B]; routing to relationship simple
[pool-2991-thread-1] INFO org.apache.nifi.processors.standard.RouteText - RouteText[id=24e84634-fdfb-4a8b-87b3-8cb3253f4f09] Routing FlowFile[1338,93427538466777.mockFlowFile,23B] to original
[main] DEBUG org.apache.nifi.processors.standard.RouteText - RouteText[id=24e84634-fdfb-4a8b-87b3-8cb3253f4f09] Adding new dynamic property: PropertyDescriptor[simple]
[pool-2992-thread-1] INFO org.apache.nifi.processors.standard.RouteText - RouteText[id=24e84634-fdfb-4a8b-87b3-8cb3253f4f09] Created FlowFile[1341,93427538863257.mockFlowFile,23B] from FlowFile[1340,93427538863257.mockFlowFile,23B]; routing to relationship simple
[pool-2992-thread-1] INFO org.apache.nifi.processors.standard.RouteText - RouteText[id=24e84634-fdfb-4a8b-87b3-8cb3253f4f09] Routing FlowFile[1340,93427538863257.mockFlowFile,23B] to original
[main] DEBUG org.apache.nifi.processors.standard.RouteText - RouteText[id=24e84634-fdfb-4a8b-87b3-8cb3253f4f09] Adding new dynamic property: PropertyDescriptor[simple]
[pool-2993-thread-1] INFO org.apache.nifi.processors.standard.RouteText - RouteText[id=24e84634-fdfb-4a8b-87b3-8cb3253f4f09] Created FlowFile[1343,93427539260279.mockFlowFile,23B] from FlowFile[1342,93427539260279.mockFlowFile,23B]; routing to relationship simple
[pool-2993-thread-1] INFO org.apache.nifi.processors.standard.RouteText - RouteText[id=24e84634-fdfb-4a8b-87b3-8cb3253f4f09] Routing FlowFile[1342,93427539260279.mockFlowFile,23B] to original
[main] DEBUG org.apache.nifi.processors.standard.RouteText - RouteText[id=24e84634-fdfb-4a8b-87b3-8cb3253f4f09] Adding new dynamic property: PropertyDescriptor[simple]
[pool-2994-thread-1] INFO org.apache.nifi.processors.standard.RouteText - RouteText[id=24e84634-fdfb-4a8b-87b3-8cb3253f4f09] Created FlowFile[1345,93427539665975.mockFlowFile,23B] from FlowFile[1344,93427539665975.mockFlowFile,23B]; routing to relationship simple
[pool-2994-thread-1] INFO org.apache.nifi.processors.standard.RouteText - RouteText[id=24e84634-fdfb-4a8b-87b3-8cb3253f4f09] Routing FlowFile[1344,93427539665975.mockFlowFile,23B] to original
[main] DEBUG org.apache.nifi.processors.standard.RouteText - RouteText[id=24e84634-fdfb-4a8b-87b3-8cb3253f4f09] Adding new dynamic property: PropertyDescriptor[simple]
[pool-2995-thread-1] INFO org.apache.nifi.processors.standard.RouteText - RouteText[id=24e84634-fdfb-4a8b-87b3-8cb3253f4f09] Created FlowFile[1347,93427540100650.mockFlowFile,23B] from FlowFile[1346,93427540100650.mockFlowFile,23B]; routing to relationship simple
[pool-2995-thread-1] INFO org.apache.nifi.processors.standard.RouteText - RouteText[id=24e84634-fdfb-4a8b-87b3-8cb3253f4f09] Routing FlowFile[1346,93427540100650.mockFlowFile,23B] to original
[main] DEBUG org.apache.nifi.processors.standard.RouteText - RouteText[id=24e84634-fdfb-4a8b-87b3-8cb3253f4f09] Adding new dynamic property: PropertyDescriptor[simple]
[pool-2996-thread-1] INFO org.apache.nifi.processors.standard.RouteText - RouteText[id=24e84634-fdfb-4a8b-87b3-8cb3253f4f09] Created FlowFile[1349,93427540479248.mockFlowFile,23B] from FlowFile[1348,93427540479248.mockFlowFile,23B]; routing to relationship simple
[pool-2996-thread-1] INFO org.apache.nifi.processors.standard.RouteText - RouteText[id=24e84634-fdfb-4a8b-87b3-8cb3253f4f09] Routing FlowFile[1348,93427540479248.mockFlowFile,23B] to original
[main] DEBUG org.apache.nifi.processors.standard.RouteText - RouteText[id=24e84634-fdfb-4a8b-87b3-8cb3253f4f09] Adding new dynamic property: PropertyDescriptor[simple]
[pool-2997-thread-1] INFO org.apache.nifi.processors.standard.RouteText - RouteText[id=24e84634-fdfb-4a8b-87b3-8cb3253f4f09] Created FlowFile[1351,93427540883691.mockFlowFile,23B] from FlowFile[1350,93427540883691.mockFlowFile,23B]; routing to relationship simple
[pool-2997-thread-1] INFO org.apache.nifi.processors.standard.RouteText - RouteText[id=24e84634-fdfb-4a8b-87b3-8cb3253f4f09] Routing FlowFile[1350,93427540883691.mockFlowFile,23B] to original
[main] DEBUG org.apache.nifi.processors.standard.RouteText - RouteText[id=24e84634-fdfb-4a8b-87b3-8cb3253f4f09] Adding new dynamic property: PropertyDescriptor[simple]
[pool-2998-thread-1] INFO org.apache.nifi.processors.standard.RouteText - RouteText[id=24e84634-fdfb-4a8b-87b3-8cb3253f4f09] Created FlowFile[1353,93427541302176.mockFlowFile,23B] from FlowFile[1352,93427541302176.mockFlowFile,23B]; routing to relationship simple
[pool-2998-thread-1] INFO org.apache.nifi.processors.standard.RouteText - RouteText[id=24e84634-fdfb-4a8b-87b3-8cb3253f4f09] Routing FlowFile[1352,93427541302176.mockFlowFile,23B] to original
[main] DEBUG org.apache.nifi.processors.standard.RouteText - RouteText[id=24e84634-fdfb-4a8b-87b3-8cb3253f4f09] Adding new dynamic property: PropertyDescriptor[simple]
[pool-2999-thread-1] INFO org.apache.nifi.processors.standard.RouteText - RouteText[id=24e84634-fdfb-4a8b-87b3-8cb3253f4f09] Created FlowFile[1355,93427541701232.mockFlowFile,23B] from FlowFile[1354,93427541701232.mockFlowFile,23B]; routing to relationship simple
[pool-2999-thread-1] INFO org.apache.nifi.processors.standard.RouteText - RouteText[id=24e84634-fdfb-4a8b-87b3-8cb3253f4f09] Routing FlowFile[1354,93427541701232.mockFlowFile,23B] to original
[main] DEBUG org.apache.nifi.processors.standard.RouteText - RouteText[id=24e84634-fdfb-4a8b-87b3-8cb3253f4f09] Adding new dynamic property: PropertyDescriptor[simple]
[pool-3000-thread-1] INFO org.apache.nifi.processors.standard.RouteText - RouteText[id=24e84634-fdfb-4a8b-87b3-8cb3253f4f09] Created FlowFile[1357,93427542208296.mockFlowFile,23B] from FlowFile[1356,93427542208296.mockFlowFile,23B]; routing to relationship simple
[pool-3000-thread-1] INFO org.apache.nifi.processors.standard.RouteText - RouteText[id=24e84634-fdfb-4a8b-87b3-8cb3253f4f09] Routing FlowFile[1356,93427542208296.mockFlowFile,23B] to original
[main] DEBUG org.apache.nifi.processors.standard.RouteText - RouteText[id=24e84634-fdfb-4a8b-87b3-8cb3253f4f09] Adding new dynamic property: PropertyDescriptor[simple]
[pool-3001-thread-1] INFO org.apache.nifi.processors.standard.RouteText - RouteText[id=24e84634-fdfb-4a8b-87b3-8cb3253f4f09] Created FlowFile[1359,93427542622710.mockFlowFile,23B] from FlowFile[1358,93427542622710.mockFlowFile,23B]; routing to relationship simple
[pool-3001-thread-1] INFO org.apache.nifi.processors.standard.RouteText - RouteText[id=24e84634-fdfb-4a8b-87b3-8cb3253f4f09] Routing FlowFile[1358,93427542622710.mockFlowFile,23B] to original
[main] DEBUG org.apache.nifi.processors.standard.RouteText - RouteText[id=24e84634-fdfb-4a8b-87b3-8cb3253f4f09] Adding new dynamic property: PropertyDescriptor[simple]
[pool-3002-thread-1] INFO org.apache.nifi.processors.standard.RouteText - RouteText[id=24e84634-fdfb-4a8b-87b3-8cb3253f4f09] Created FlowFile[1361,93427543069498.mockFlowFile,23B] from FlowFile[1360,93427543069498.mockFlowFile,23B]; routing to relationship simple
[pool-3002-thread-1] INFO org.apache.nifi.processors.standard.RouteText - RouteText[id=24e84634-fdfb-4a8b-87b3-8cb3253f4f09] Routing FlowFile[1360,93427543069498.mockFlowFile,23B] to original
[main] DEBUG org.apache.nifi.processors.standard.RouteText - RouteText[id=24e84634-fdfb-4a8b-87b3-8cb3253f4f09] Adding new dynamic property: PropertyDescriptor[simple]
[pool-3003-thread-1] INFO org.apache.nifi.processors.standard.RouteText - RouteText[id=24e84634-fdfb-4a8b-87b3-8cb3253f4f09] Created FlowFile[1363,93427543492227.mockFlowFile,23B] from FlowFile[1362,93427543492227.mockFlowFile,23B]; routing to relationship simple
[pool-3003-thread-1] INFO org.apache.nifi.processors.standard.RouteText - RouteText[id=24e84634-fdfb-4a8b-87b3-8cb3253f4f09] Routing FlowFile[1362,93427543492227.mockFlowFile,23B] to original
[main] DEBUG org.apache.nifi.processors.standard.RouteText - RouteText[id=24e84634-fdfb-4a8b-87b3-8cb3253f4f09] Adding new dynamic property: PropertyDescriptor[simple]
[pool-3004-thread-1] INFO org.apache.nifi.processors.standard.RouteText - RouteText[id=24e84634-fdfb-4a8b-87b3-8cb3253f4f09] Created FlowFile[1365,93427543898343.mockFlowFile,23B] from FlowFile[1364,93427543898343.mockFlowFile,23B]; routing to relationship simple
[pool-3004-thread-1] INFO org.apache.nifi.processors.standard.RouteText - RouteText[id=24e84634-fdfb-4a8b-87b3-8cb3253f4f09] Routing FlowFile[1364,93427543898343.mockFlowFile,23B] to original
[main] DEBUG org.apache.nifi.processors.standard.RouteText - RouteText[id=24e84634-fdfb-4a8b-87b3-8cb3253f4f09] Adding new dynamic property: PropertyDescriptor[simple]
[pool-3005-thread-1] INFO org.apache.nifi.processors.standard.RouteText - RouteText[id=24e84634-fdfb-4a8b-87b3-8cb3253f4f09] Created FlowFile[1367,93427544324709.mockFlowFile,23B] from FlowFile[1366,93427544324709.mockFlowFile,23B]; routing to relationship simple
[pool-3005-thread-1] INFO org.apache.nifi.processors.standard.RouteText - RouteText[id=24e84634-fdfb-4a8b-87b3-8cb3253f4f09] Routing FlowFile[1366,93427544324709.mockFlowFile,23B] to original
[main] DEBUG org.apache.nifi.processors.standard.RouteText - RouteText[id=24e84634-fdfb-4a8b-87b3-8cb3253f4f09] Adding new dynamic property: PropertyDescriptor[simple]
[pool-3006-thread-1] INFO org.apache.nifi.processors.standard.RouteText - RouteText[id=24e84634-fdfb-4a8b-87b3-8cb3253f4f09] Created FlowFile[1369,93427544735322.mockFlowFile,23B] from FlowFile[1368,93427544735322.mockFlowFile,23B]; routing to relationship simple
[pool-3006-thread-1] INFO org.apache.nifi.processors.standard.RouteText - RouteText[id=24e84634-fdfb-4a8b-87b3-8cb3253f4f09] Routing FlowFile[1368,93427544735322.mockFlowFile,23B] to original
[main] DEBUG org.apache.nifi.processors.standard.RouteText - RouteText[id=24e84634-fdfb-4a8b-87b3-8cb3253f4f09] Adding new dynamic property: PropertyDescriptor[simple]
[pool-3007-thread-1] INFO org.apache.nifi.processors.standard.RouteText - RouteText[id=24e84634-fdfb-4a8b-87b3-8cb3253f4f09] Created FlowFile[1371,93427545192757.mockFlowFile,23B] from FlowFile[1370,93427545192757.mockFlowFile,23B]; routing to relationship simple
[pool-3007-thread-1] INFO org.apache.nifi.processors.standard.RouteText - RouteText[id=24e84634-fdfb-4a8b-87b3-8cb3253f4f09] Routing FlowFile[1370,93427545192757.mockFlowFile,23B] to original
[main] DEBUG org.apache.nifi.processors.standard.RouteText - RouteText[id=24e84634-fdfb-4a8b-87b3-8cb3253f4f09] Adding new dynamic property: PropertyDescriptor[simple]
[pool-3008-thread-1] INFO org.apache.nifi.processors.standard.RouteText - RouteText[id=24e84634-fdfb-4a8b-87b3-8cb3253f4f09] Created FlowFile[1373,93427545606932.mockFlowFile,23B] from FlowFile[1372,93427545606932.mockFlowFile,23B]; routing to relationship simple
[pool-3008-thread-1] INFO org.apache.nifi.processors.standard.RouteText - RouteText[id=24e84634-fdfb-4a8b-87b3-8cb3253f4f09] Routing FlowFile[1372,93427545606932.mockFlowFile,23B] to original
[main] DEBUG org.apache.nifi.processors.standard.RouteText - RouteText[id=24e84634-fdfb-4a8b-87b3-8cb3253f4f09] Adding new dynamic property: PropertyDescriptor[simple]
[pool-3009-thread-1] INFO org.apache.nifi.processors.standard.RouteText - RouteText[id=24e84634-fdfb-4a8b-87b3-8cb3253f4f09] Created FlowFile[1375,93427546005017.mockFlowFile,23B] from FlowFile[1374,93427546005017.mockFlowFile,23B]; routing to relationship simple
[pool-3009-thread-1] INFO org.apache.nifi.processors.standard.RouteText - RouteText[id=24e84634-fdfb-4a8b-87b3-8cb3253f4f09] Routing FlowFile[1374,93427546005017.mockFlowFile,23B] to original
[main] DEBUG org.apache.nifi.processors.standard.RouteText - RouteText[id=24e84634-fdfb-4a8b-87b3-8cb3253f4f09] Adding new dynamic property: PropertyDescriptor[simple]
[pool-3010-thread-1] INFO org.apache.nifi.processors.standard.RouteText - RouteText[id=24e84634-fdfb-4a8b-87b3-8cb3253f4f09] Created FlowFile[1377,93427546401428.mockFlowFile,23B] from FlowFile[1376,93427546401428.mockFlowFile,23B]; routing to relationship simple
[pool-3010-thread-1] INFO org.apache.nifi.processors.standard.RouteText - RouteText[id=24e84634-fdfb-4a8b-87b3-8cb3253f4f09] Routing FlowFile[1376,93427546401428.mockFlowFile,23B] to original
[main] DEBUG org.apache.nifi.processors.standard.RouteText - RouteText[id=24e84634-fdfb-4a8b-87b3-8cb3253f4f09] Adding new dynamic property: PropertyDescriptor[simple]
[pool-3011-thread-1] INFO org.apache.nifi.processors.standard.RouteText - RouteText[id=24e84634-fdfb-4a8b-87b3-8cb3253f4f09] Created FlowFile[1379,93427546790275.mockFlowFile,23B] from FlowFile[1378,93427546790275.mockFlowFile,23B]; routing to relationship simple
[pool-3011-thread-1] INFO org.apache.nifi.processors.standard.RouteText - RouteText[id=24e84634-fdfb-4a8b-87b3-8cb3253f4f09] Routing FlowFile[1378,93427546790275.mockFlowFile,23B] to original
[main] DEBUG org.apache.nifi.processors.standard.RouteText - RouteText[id=24e84634-fdfb-4a8b-87b3-8cb3253f4f09] Adding new dynamic property: PropertyDescriptor[simple]
[pool-3012-thread-1] INFO org.apache.nifi.processors.standard.RouteText - RouteText[id=24e84634-fdfb-4a8b-87b3-8cb3253f4f09] Created FlowFile[1381,93427547183910.mockFlowFile,23B] from FlowFile[1380,93427547183910.mockFlowFile,23B]; routing to relationship simple
[pool-3012-thread-1] INFO org.apache.nifi.processors.standard.RouteText - RouteText[id=24e84634-fdfb-4a8b-87b3-8cb3253f4f09] Routing FlowFile[1380,93427547183910.mockFlowFile,23B] to original
[main] DEBUG org.apache.nifi.processors.standard.RouteText - RouteText[id=24e84634-fdfb-4a8b-87b3-8cb3253f4f09] Adding new dynamic property: PropertyDescriptor[simple]
[pool-3013-thread-1] INFO org.apache.nifi.processors.standard.RouteText - RouteText[id=24e84634-fdfb-4a8b-87b3-8cb3253f4f09] Created FlowFile[1383,93427547588134.mockFlowFile,23B] from FlowFile[1382,93427547588134.mockFlowFile,23B]; routing to relationship simple
[pool-3013-thread-1] INFO org.apache.nifi.processors.standard.RouteText - RouteText[id=24e84634-fdfb-4a8b-87b3-8cb3253f4f09] Routing FlowFile[1382,93427547588134.mockFlowFile,23B] to original
[main] DEBUG org.apache.nifi.processors.standard.RouteText - RouteText[id=24e84634-fdfb-4a8b-87b3-8cb3253f4f09] Adding new dynamic property: PropertyDescriptor[simple]
[pool-3014-thread-1] INFO org.apache.nifi.processors.standard.RouteText - RouteText[id=24e84634-fdfb-4a8b-87b3-8cb3253f4f09] Created FlowFile[1385,93427547972165.mockFlowFile,23B] from FlowFile[1384,93427547972165.mockFlowFile,23B]; routing to relationship simple
[pool-3014-thread-1] INFO org.apache.nifi.processors.standard.RouteText - RouteText[id=24e84634-fdfb-4a8b-87b3-8cb3253f4f09] Routing FlowFile[1384,93427547972165.mockFlowFile,23B] to original
[main] DEBUG org.apache.nifi.processors.standard.RouteText - RouteText[id=24e84634-fdfb-4a8b-87b3-8cb3253f4f09] Adding new dynamic property: PropertyDescriptor[simple]
[pool-3015-thread-1] INFO org.apache.nifi.processors.standard.RouteText - RouteText[id=24e84634-fdfb-4a8b-87b3-8cb3253f4f09] Created FlowFile[1387,93427548348841.mockFlowFile,23B] from FlowFile[1386,93427548348841.mockFlowFile,23B]; routing to relationship simple
[pool-3015-thread-1] INFO org.apache.nifi.processors.standard.RouteText - RouteText[id=24e84634-fdfb-4a8b-87b3-8cb3253f4f09] Routing FlowFile[1386,93427548348841.mockFlowFile,23B] to original
[main] DEBUG org.apache.nifi.processors.standard.RouteText - RouteText[id=24e84634-fdfb-4a8b-87b3-8cb3253f4f09] Adding new dynamic property: PropertyDescriptor[simple]
[pool-3016-thread-1] INFO org.apache.nifi.processors.standard.RouteText - RouteText[id=24e84634-fdfb-4a8b-87b3-8cb3253f4f09] Created FlowFile[1389,93427548740254.mockFlowFile,23B] from FlowFile[1388,93427548740254.mockFlowFile,23B]; routing to relationship simple
[pool-3016-thread-1] INFO org.apache.nifi.processors.standard.RouteText - RouteText[id=24e84634-fdfb-4a8b-87b3-8cb3253f4f09] Routing FlowFile[1388,93427548740254.mockFlowFile,23B] to original
[main] DEBUG org.apache.nifi.processors.standard.RouteText - RouteText[id=24e84634-fdfb-4a8b-87b3-8cb3253f4f09] Adding new dynamic property: PropertyDescriptor[simple]
[pool-3017-thread-1] INFO org.apache.nifi.processors.standard.RouteText - RouteText[id=24e84634-fdfb-4a8b-87b3-8cb3253f4f09] Created FlowFile[1391,93427549145741.mockFlowFile,23B] from FlowFile[1390,93427549145741.mockFlowFile,23B]; routing to relationship simple
[pool-3017-thread-1] INFO org.apache.nifi.processors.standard.RouteText - RouteText[id=24e84634-fdfb-4a8b-87b3-8cb3253f4f09] Routing FlowFile[1390,93427549145741.mockFlowFile,23B] to original
[main] DEBUG org.apache.nifi.processors.standard.RouteText - RouteText[id=24e84634-fdfb-4a8b-87b3-8cb3253f4f09] Adding new dynamic property: PropertyDescriptor[simple]
[pool-3018-thread-1] INFO org.apache.nifi.processors.standard.RouteText - RouteText[id=24e84634-fdfb-4a8b-87b3-8cb3253f4f09] Created FlowFile[1393,93427549547777.mockFlowFile,23B] from FlowFile[1392,93427549547777.mockFlowFile,23B]; routing to relationship simple
[pool-3018-thread-1] INFO org.apache.nifi.processors.standard.RouteText - RouteText[id=24e84634-fdfb-4a8b-87b3-8cb3253f4f09] Routing FlowFile[1392,93427549547777.mockFlowFile,23B] to original
[main] DEBUG org.apache.nifi.processors.standard.RouteText - RouteText[id=24e84634-fdfb-4a8b-87b3-8cb3253f4f09] Adding new dynamic property: PropertyDescriptor[simple]
[pool-3019-thread-1] INFO org.apache.nifi.processors.standard.RouteText - RouteText[id=24e84634-fdfb-4a8b-87b3-8cb3253f4f09] Created FlowFile[1395,93427549944316.mockFlowFile,23B] from FlowFile[1394,93427549944316.mockFlowFile,23B]; routing to relationship simple
[pool-3019-thread-1] INFO org.apache.nifi.processors.standard.RouteText - RouteText[id=24e84634-fdfb-4a8b-87b3-8cb3253f4f09] Routing FlowFile[1394,93427549944316.mockFlowFile,23B] to original
[main] DEBUG org.apache.nifi.processors.standard.RouteText - RouteText[id=24e84634-fdfb-4a8b-87b3-8cb3253f4f09] Adding new dynamic property: PropertyDescriptor[simple]
[pool-3020-thread-1] INFO org.apache.nifi.processors.standard.RouteText - RouteText[id=24e84634-fdfb-4a8b-87b3-8cb3253f4f09] Created FlowFile[1397,93427550340583.mockFlowFile,23B] from FlowFile[1396,93427550340583.mockFlowFile,23B]; routing to relationship simple
[pool-3020-thread-1] INFO org.apache.nifi.processors.standard.RouteText - RouteText[id=24e84634-fdfb-4a8b-87b3-8cb3253f4f09] Routing FlowFile[1396,93427550340583.mockFlowFile,23B] to original
[main] DEBUG org.apache.nifi.processors.standard.RouteText - RouteText[id=24e84634-fdfb-4a8b-87b3-8cb3253f4f09] Adding new dynamic property: PropertyDescriptor[simple]
[pool-3021-thread-1] INFO org.apache.nifi.processors.standard.RouteText - RouteText[id=24e84634-fdfb-4a8b-87b3-8cb3253f4f09] Created FlowFile[1399,93427550726619.mockFlowFile,23B] from FlowFile[1398,93427550726619.mockFlowFile,23B]; routing to relationship simple
[pool-3021-thread-1] INFO org.apache.nifi.processors.standard.RouteText - RouteText[id=24e84634-fdfb-4a8b-87b3-8cb3253f4f09] Routing FlowFile[1398,93427550726619.mockFlowFile,23B] to original
[main] DEBUG org.apache.nifi.processors.standard.RouteText - RouteText[id=24e84634-fdfb-4a8b-87b3-8cb3253f4f09] Adding new dynamic property: PropertyDescriptor[simple]
[pool-3022-thread-1] INFO org.apache.nifi.processors.standard.RouteText - RouteText[id=24e84634-fdfb-4a8b-87b3-8cb3253f4f09] Created FlowFile[1401,93427551117040.mockFlowFile,23B] from FlowFile[1400,93427551117040.mockFlowFile,23B]; routing to relationship simple
[pool-3022-thread-1] INFO org.apache.nifi.processors.standard.RouteText - RouteText[id=24e84634-fdfb-4a8b-87b3-8cb3253f4f09] Routing FlowFile[1400,93427551117040.mockFlowFile,23B] to original
[main] DEBUG org.apache.nifi.processors.standard.RouteText - RouteText[id=24e84634-fdfb-4a8b-87b3-8cb3253f4f09] Adding new dynamic property: PropertyDescriptor[simple]
[pool-3023-thread-1] INFO org.apache.nifi.processors.standard.RouteText - RouteText[id=24e84634-fdfb-4a8b-87b3-8cb3253f4f09] Created FlowFile[1403,93427551517693.mockFlowFile,23B] from FlowFile[1402,93427551517693.mockFlowFile,23B]; routing to relationship simple
[pool-3023-thread-1] INFO org.apache.nifi.processors.standard.RouteText - RouteText[id=24e84634-fdfb-4a8b-87b3-8cb3253f4f09] Routing FlowFile[1402,93427551517693.mockFlowFile,23B] to original
[main] DEBUG org.apache.nifi.processors.standard.RouteText - RouteText[id=24e84634-fdfb-4a8b-87b3-8cb3253f4f09] Adding new dynamic property: PropertyDescriptor[simple]
[pool-3024-thread-1] INFO org.apache.nifi.processors.standard.RouteText - RouteText[id=24e84634-fdfb-4a8b-87b3-8cb3253f4f09] Created FlowFile[1405,93427551913084.mockFlowFile,23B] from FlowFile[1404,93427551913084.mockFlowFile,23B]; routing to relationship simple
[pool-3024-thread-1] INFO org.apache.nifi.processors.standard.RouteText - RouteText[id=24e84634-fdfb-4a8b-87b3-8cb3253f4f09] Routing FlowFile[1404,93427551913084.mockFlowFile,23B] to original
[main] DEBUG org.apache.nifi.processors.standard.RouteText - RouteText[id=24e84634-fdfb-4a8b-87b3-8cb3253f4f09] Adding new dynamic property: PropertyDescriptor[simple]
[pool-3025-thread-1] INFO org.apache.nifi.processors.standard.RouteText - RouteText[id=24e84634-fdfb-4a8b-87b3-8cb3253f4f09] Created FlowFile[1407,93427552401811.mockFlowFile,23B] from FlowFile[1406,93427552401811.mockFlowFile,23B]; routing to relationship simple
[pool-3025-thread-1] INFO org.apache.nifi.processors.standard.RouteText - RouteText[id=24e84634-fdfb-4a8b-87b3-8cb3253f4f09] Routing FlowFile[1406,93427552401811.mockFlowFile,23B] to original
[main] DEBUG org.apache.nifi.processors.standard.RouteText - RouteText[id=24e84634-fdfb-4a8b-87b3-8cb3253f4f09] Adding new dynamic property: PropertyDescriptor[simple]
[pool-3026-thread-1] INFO org.apache.nifi.processors.standard.RouteText - RouteText[id=24e84634-fdfb-4a8b-87b3-8cb3253f4f09] Created FlowFile[1409,93427552970778.mockFlowFile,23B] from FlowFile[1408,93427552970778.mockFlowFile,23B]; routing to relationship simple
[pool-3026-thread-1] INFO org.apache.nifi.processors.standard.RouteText - RouteText[id=24e84634-fdfb-4a8b-87b3-8cb3253f4f09] Routing FlowFile[1408,93427552970778.mockFlowFile,23B] to original
[main] DEBUG org.apache.nifi.processors.standard.RouteText - RouteText[id=24e84634-fdfb-4a8b-87b3-8cb3253f4f09] Adding new dynamic property: PropertyDescriptor[simple]
[pool-3027-thread-1] INFO org.apache.nifi.processors.standard.RouteText - RouteText[id=24e84634-fdfb-4a8b-87b3-8cb3253f4f09] Created FlowFile[1411,93427553639836.mockFlowFile,23B] from FlowFile[1410,93427553639836.mockFlowFile,23B]; routing to relationship simple
[pool-3027-thread-1] INFO org.apache.nifi.processors.standard.RouteText - RouteText[id=24e84634-fdfb-4a8b-87b3-8cb3253f4f09] Routing FlowFile[1410,93427553639836.mockFlowFile,23B] to original
[main] DEBUG org.apache.nifi.processors.standard.RouteText - RouteText[id=24e84634-fdfb-4a8b-87b3-8cb3253f4f09] Adding new dynamic property: PropertyDescriptor[simple]
[pool-3028-thread-1] INFO org.apache.nifi.processors.standard.RouteText - RouteText[id=24e84634-fdfb-4a8b-87b3-8cb3253f4f09] Created FlowFile[1413,93427554115981.mockFlowFile,23B] from FlowFile[1412,93427554115981.mockFlowFile,23B]; routing to relationship simple
[pool-3028-thread-1] INFO org.apache.nifi.processors.standard.RouteText - RouteText[id=24e84634-fdfb-4a8b-87b3-8cb3253f4f09] Routing FlowFile[1412,93427554115981.mockFlowFile,23B] to original
[main] DEBUG org.apache.nifi.processors.standard.RouteText - RouteText[id=24e84634-fdfb-4a8b-87b3-8cb3253f4f09] Adding new dynamic property: PropertyDescriptor[simple]
[pool-3029-thread-1] INFO org.apache.nifi.processors.standard.RouteText - RouteText[id=24e84634-fdfb-4a8b-87b3-8cb3253f4f09] Created FlowFile[1415,93427554832078.mockFlowFile,23B] from FlowFile[1414,93427554832078.mockFlowFile,23B]; routing to relationship simple
[pool-3029-thread-1] INFO org.apache.nifi.processors.standard.RouteText - RouteText[id=24e84634-fdfb-4a8b-87b3-8cb3253f4f09] Routing FlowFile[1414,93427554832078.mockFlowFile,23B] to original
[main] DEBUG org.apache.nifi.processors.standard.RouteText - RouteText[id=24e84634-fdfb-4a8b-87b3-8cb3253f4f09] Adding new dynamic property: PropertyDescriptor[simple]
[pool-3030-thread-1] INFO org.apache.nifi.processors.standard.RouteText - RouteText[id=24e84634-fdfb-4a8b-87b3-8cb3253f4f09] Created FlowFile[1417,93427555449159.mockFlowFile,23B] from FlowFile[1416,93427555449159.mockFlowFile,23B]; routing to relationship simple
[pool-3030-thread-1] INFO org.apache.nifi.processors.standard.RouteText - RouteText[id=24e84634-fdfb-4a8b-87b3-8cb3253f4f09] Routing FlowFile[1416,93427555449159.mockFlowFile,23B] to original
[main] DEBUG org.apache.nifi.processors.standard.RouteText - RouteText[id=24e84634-fdfb-4a8b-87b3-8cb3253f4f09] Adding new dynamic property: PropertyDescriptor[simple]
[pool-3031-thread-1] INFO org.apache.nifi.processors.standard.RouteText - RouteText[id=24e84634-fdfb-4a8b-87b3-8cb3253f4f09] Created FlowFile[1419,93427555888835.mockFlowFile,23B] from FlowFile[1418,93427555888835.mockFlowFile,23B]; routing to relationship simple
[pool-3031-thread-1] INFO org.apache.nifi.processors.standard.RouteText - RouteText[id=24e84634-fdfb-4a8b-87b3-8cb3253f4f09] Routing FlowFile[1418,93427555888835.mockFlowFile,23B] to original
[main] DEBUG org.apache.nifi.processors.standard.RouteText - RouteText[id=24e84634-fdfb-4a8b-87b3-8cb3253f4f09] Adding new dynamic property: PropertyDescriptor[simple]
[pool-3032-thread-1] INFO org.apache.nifi.processors.standard.RouteText - RouteText[id=24e84634-fdfb-4a8b-87b3-8cb3253f4f09] Created FlowFile[1421,93427556354442.mockFlowFile,23B] from FlowFile[1420,93427556354442.mockFlowFile,23B]; routing to relationship simple
[pool-3032-thread-1] INFO org.apache.nifi.processors.standard.RouteText - RouteText[id=24e84634-fdfb-4a8b-87b3-8cb3253f4f09] Routing FlowFile[1420,93427556354442.mockFlowFile,23B] to original
[main] DEBUG org.apache.nifi.processors.standard.RouteText - RouteText[id=24e84634-fdfb-4a8b-87b3-8cb3253f4f09] Adding new dynamic property: PropertyDescriptor[simple]
[pool-3033-thread-1] INFO org.apache.nifi.processors.standard.RouteText - RouteText[id=24e84634-fdfb-4a8b-87b3-8cb3253f4f09] Created FlowFile[1423,93427556821729.mockFlowFile,23B] from FlowFile[1422,93427556821729.mockFlowFile,23B]; routing to relationship simple
[pool-3033-thread-1] INFO org.apache.nifi.processors.standard.RouteText - RouteText[id=24e84634-fdfb-4a8b-87b3-8cb3253f4f09] Routing FlowFile[1422,93427556821729.mockFlowFile,23B] to original
[main] DEBUG org.apache.nifi.processors.standard.RouteText - RouteText[id=24e84634-fdfb-4a8b-87b3-8cb3253f4f09] Adding new dynamic property: PropertyDescriptor[simple]
[pool-3034-thread-1] INFO org.apache.nifi.processors.standard.RouteText - RouteText[id=24e84634-fdfb-4a8b-87b3-8cb3253f4f09] Created FlowFile[1425,93427557302441.mockFlowFile,23B] from FlowFile[1424,93427557302441.mockFlowFile,23B]; routing to relationship simple
[pool-3034-thread-1] INFO org.apache.nifi.processors.standard.RouteText - RouteText[id=24e84634-fdfb-4a8b-87b3-8cb3253f4f09] Routing FlowFile[1424,93427557302441.mockFlowFile,23B] to original
[main] DEBUG org.apache.nifi.processors.standard.RouteText - RouteText[id=24e84634-fdfb-4a8b-87b3-8cb3253f4f09] Adding new dynamic property: PropertyDescriptor[simple]
[pool-3035-thread-1] INFO org.apache.nifi.processors.standard.RouteText - RouteText[id=24e84634-fdfb-4a8b-87b3-8cb3253f4f09] Created FlowFile[1427,93427557814218.mockFlowFile,23B] from FlowFile[1426,93427557814218.mockFlowFile,23B]; routing to relationship simple
[pool-3035-thread-1] INFO org.apache.nifi.processors.standard.RouteText - RouteText[id=24e84634-fdfb-4a8b-87b3-8cb3253f4f09] Routing FlowFile[1426,93427557814218.mockFlowFile,23B] to original
[main] DEBUG org.apache.nifi.processors.standard.RouteText - RouteText[id=24e84634-fdfb-4a8b-87b3-8cb3253f4f09] Adding new dynamic property: PropertyDescriptor[simple]
[pool-3036-thread-1] INFO org.apache.nifi.processors.standard.RouteText - RouteText[id=24e84634-fdfb-4a8b-87b3-8cb3253f4f09] Created FlowFile[1429,93427558245622.mockFlowFile,23B] from FlowFile[1428,93427558245622.mockFlowFile,23B]; routing to relationship simple
[pool-3036-thread-1] INFO org.apache.nifi.processors.standard.RouteText - RouteText[id=24e84634-fdfb-4a8b-87b3-8cb3253f4f09] Routing FlowFile[1428,93427558245622.mockFlowFile,23B] to original
[main] DEBUG org.apache.nifi.processors.standard.RouteText - RouteText[id=24e84634-fdfb-4a8b-87b3-8cb3253f4f09] Adding new dynamic property: PropertyDescriptor[simple]
[pool-3037-thread-1] INFO org.apache.nifi.processors.standard.RouteText - RouteText[id=24e84634-fdfb-4a8b-87b3-8cb3253f4f09] Created FlowFile[1431,93427558656435.mockFlowFile,23B] from FlowFile[1430,93427558656435.mockFlowFile,23B]; routing to relationship simple
[pool-3037-thread-1] INFO org.apache.nifi.processors.standard.RouteText - RouteText[id=24e84634-fdfb-4a8b-87b3-8cb3253f4f09] Routing FlowFile[1430,93427558656435.mockFlowFile,23B] to original
[main] DEBUG org.apache.nifi.processors.standard.RouteText - RouteText[id=24e84634-fdfb-4a8b-87b3-8cb3253f4f09] Adding new dynamic property: PropertyDescriptor[simple]
[pool-3038-thread-1] INFO org.apache.nifi.processors.standard.RouteText - RouteText[id=24e84634-fdfb-4a8b-87b3-8cb3253f4f09] Created FlowFile[1433,93427559049014.mockFlowFile,23B] from FlowFile[1432,93427559049014.mockFlowFile,23B]; routing to relationship simple
[pool-3038-thread-1] INFO org.apache.nifi.processors.standard.RouteText - RouteText[id=24e84634-fdfb-4a8b-87b3-8cb3253f4f09] Routing FlowFile[1432,93427559049014.mockFlowFile,23B] to original
[main] DEBUG org.apache.nifi.processors.standard.RouteText - RouteText[id=24e84634-fdfb-4a8b-87b3-8cb3253f4f09] Adding new dynamic property: PropertyDescriptor[simple]
[pool-3039-thread-1] INFO org.apache.nifi.processors.standard.RouteText - RouteText[id=24e84634-fdfb-4a8b-87b3-8cb3253f4f09] Created FlowFile[1435,93427559440238.mockFlowFile,23B] from FlowFile[1434,93427559440238.mockFlowFile,23B]; routing to relationship simple
[pool-3039-thread-1] INFO org.apache.nifi.processors.standard.RouteText - RouteText[id=24e84634-fdfb-4a8b-87b3-8cb3253f4f09] Routing FlowFile[1434,93427559440238.mockFlowFile,23B] to original
[main] DEBUG org.apache.nifi.processors.standard.RouteText - RouteText[id=24e84634-fdfb-4a8b-87b3-8cb3253f4f09] Adding new dynamic property: PropertyDescriptor[simple]
[pool-3040-thread-1] INFO org.apache.nifi.processors.standard.RouteText - RouteText[id=24e84634-fdfb-4a8b-87b3-8cb3253f4f09] Created FlowFile[1437,93427559828701.mockFlowFile,23B] from FlowFile[1436,93427559828701.mockFlowFile,23B]; routing to relationship simple
[pool-3040-thread-1] INFO org.apache.nifi.processors.standard.RouteText - RouteText[id=24e84634-fdfb-4a8b-87b3-8cb3253f4f09] Routing FlowFile[1436,93427559828701.mockFlowFile,23B] to original
[main] DEBUG org.apache.nifi.processors.standard.RouteText - RouteText[id=24e84634-fdfb-4a8b-87b3-8cb3253f4f09] Adding new dynamic property: PropertyDescriptor[simple]
[pool-3041-thread-1] INFO org.apache.nifi.processors.standard.RouteText - RouteText[id=24e84634-fdfb-4a8b-87b3-8cb3253f4f09] Created FlowFile[1439,93427560267862.mockFlowFile,23B] from FlowFile[1438,93427560267862.mockFlowFile,23B]; routing to relationship simple
[pool-3041-thread-1] INFO org.apache.nifi.processors.standard.RouteText - RouteText[id=24e84634-fdfb-4a8b-87b3-8cb3253f4f09] Routing FlowFile[1438,93427560267862.mockFlowFile,23B] to original
[main] DEBUG org.apache.nifi.processors.standard.RouteText - RouteText[id=24e84634-fdfb-4a8b-87b3-8cb3253f4f09] Adding new dynamic property: PropertyDescriptor[simple]
[pool-3042-thread-1] INFO org.apache.nifi.processors.standard.RouteText - RouteText[id=24e84634-fdfb-4a8b-87b3-8cb3253f4f09] Created FlowFile[1441,93427560708935.mockFlowFile,23B] from FlowFile[1440,93427560708935.mockFlowFile,23B]; routing to relationship simple
[pool-3042-thread-1] INFO org.apache.nifi.processors.standard.RouteText - RouteText[id=24e84634-fdfb-4a8b-87b3-8cb3253f4f09] Routing FlowFile[1440,93427560708935.mockFlowFile,23B] to original
[main] DEBUG org.apache.nifi.processors.standard.RouteText - RouteText[id=24e84634-fdfb-4a8b-87b3-8cb3253f4f09] Adding new dynamic property: PropertyDescriptor[simple]
[pool-3043-thread-1] INFO org.apache.nifi.processors.standard.RouteText - RouteText[id=24e84634-fdfb-4a8b-87b3-8cb3253f4f09] Created FlowFile[1443,93427561131550.mockFlowFile,23B] from FlowFile[1442,93427561131550.mockFlowFile,23B]; routing to relationship simple
[pool-3043-thread-1] INFO org.apache.nifi.processors.standard.RouteText - RouteText[id=24e84634-fdfb-4a8b-87b3-8cb3253f4f09] Routing FlowFile[1442,93427561131550.mockFlowFile,23B] to original
[main] DEBUG org.apache.nifi.processors.standard.RouteText - RouteText[id=24e84634-fdfb-4a8b-87b3-8cb3253f4f09] Adding new dynamic property: PropertyDescriptor[simple]
[pool-3044-thread-1] INFO org.apache.nifi.processors.standard.RouteText - RouteText[id=24e84634-fdfb-4a8b-87b3-8cb3253f4f09] Created FlowFile[1445,93427561551913.mockFlowFile,23B] from FlowFile[1444,93427561551913.mockFlowFile,23B]; routing to relationship simple
[pool-3044-thread-1] INFO org.apache.nifi.processors.standard.RouteText - RouteText[id=24e84634-fdfb-4a8b-87b3-8cb3253f4f09] Routing FlowFile[1444,93427561551913.mockFlowFile,23B] to original
[main] DEBUG org.apache.nifi.processors.standard.RouteText - RouteText[id=24e84634-fdfb-4a8b-87b3-8cb3253f4f09] Adding new dynamic property: PropertyDescriptor[simple]
[pool-3045-thread-1] INFO org.apache.nifi.processors.standard.RouteText - RouteText[id=24e84634-fdfb-4a8b-87b3-8cb3253f4f09] Created FlowFile[1447,93427561972113.mockFlowFile,23B] from FlowFile[1446,93427561972113.mockFlowFile,23B]; routing to relationship simple
[pool-3045-thread-1] INFO org.apache.nifi.processors.standard.RouteText - RouteText[id=24e84634-fdfb-4a8b-87b3-8cb3253f4f09] Routing FlowFile[1446,93427561972113.mockFlowFile,23B] to original
[main] DEBUG org.apache.nifi.processors.standard.RouteText - RouteText[id=24e84634-fdfb-4a8b-87b3-8cb3253f4f09] Adding new dynamic property: PropertyDescriptor[simple]
[pool-3046-thread-1] INFO org.apache.nifi.processors.standard.RouteText - RouteText[id=24e84634-fdfb-4a8b-87b3-8cb3253f4f09] Created FlowFile[1449,93427562374482.mockFlowFile,23B] from FlowFile[1448,93427562374482.mockFlowFile,23B]; routing to relationship simple
[pool-3046-thread-1] INFO org.apache.nifi.processors.standard.RouteText - RouteText[id=24e84634-fdfb-4a8b-87b3-8cb3253f4f09] Routing FlowFile[1448,93427562374482.mockFlowFile,23B] to original
[main] DEBUG org.apache.nifi.processors.standard.RouteText - RouteText[id=24e84634-fdfb-4a8b-87b3-8cb3253f4f09] Adding new dynamic property: PropertyDescriptor[simple]
[pool-3047-thread-1] INFO org.apache.nifi.processors.standard.RouteText - RouteText[id=24e84634-fdfb-4a8b-87b3-8cb3253f4f09] Created FlowFile[1451,93427562773194.mockFlowFile,23B] from FlowFile[1450,93427562773194.mockFlowFile,23B]; routing to relationship simple
[pool-3047-thread-1] INFO org.apache.nifi.processors.standard.RouteText - RouteText[id=24e84634-fdfb-4a8b-87b3-8cb3253f4f09] Routing FlowFile[1450,93427562773194.mockFlowFile,23B] to original
[main] DEBUG org.apache.nifi.processors.standard.RouteText - RouteText[id=24e84634-fdfb-4a8b-87b3-8cb3253f4f09] Adding new dynamic property: PropertyDescriptor[simple]
[pool-3048-thread-1] INFO org.apache.nifi.processors.standard.RouteText - RouteText[id=24e84634-fdfb-4a8b-87b3-8cb3253f4f09] Created FlowFile[1453,93427563213092.mockFlowFile,23B] from FlowFile[1452,93427563213092.mockFlowFile,23B]; routing to relationship simple
[pool-3048-thread-1] INFO org.apache.nifi.processors.standard.RouteText - RouteText[id=24e84634-fdfb-4a8b-87b3-8cb3253f4f09] Routing FlowFile[1452,93427563213092.mockFlowFile,23B] to original
[main] DEBUG org.apache.nifi.processors.standard.RouteText - RouteText[id=24e84634-fdfb-4a8b-87b3-8cb3253f4f09] Adding new dynamic property: PropertyDescriptor[simple]
[pool-3049-thread-1] INFO org.apache.nifi.processors.standard.RouteText - RouteText[id=24e84634-fdfb-4a8b-87b3-8cb3253f4f09] Created FlowFile[1455,93427563589521.mockFlowFile,23B] from FlowFile[1454,93427563589521.mockFlowFile,23B]; routing to relationship simple
[pool-3049-thread-1] INFO org.apache.nifi.processors.standard.RouteText - RouteText[id=24e84634-fdfb-4a8b-87b3-8cb3253f4f09] Routing FlowFile[1454,93427563589521.mockFlowFile,23B] to original
[main] DEBUG org.apache.nifi.processors.standard.RouteText - RouteText[id=24e84634-fdfb-4a8b-87b3-8cb3253f4f09] Adding new dynamic property: PropertyDescriptor[simple]
[pool-3050-thread-1] INFO org.apache.nifi.processors.standard.RouteText - RouteText[id=24e84634-fdfb-4a8b-87b3-8cb3253f4f09] Created FlowFile[1457,93427564225796.mockFlowFile,23B] from FlowFile[1456,93427564225796.mockFlowFile,23B]; routing to relationship simple
[pool-3050-thread-1] INFO org.apache.nifi.processors.standard.RouteText - RouteText[id=24e84634-fdfb-4a8b-87b3-8cb3253f4f09] Routing FlowFile[1456,93427564225796.mockFlowFile,23B] to original
[main] DEBUG org.apache.nifi.processors.standard.RouteText - RouteText[id=24e84634-fdfb-4a8b-87b3-8cb3253f4f09] Adding new dynamic property: PropertyDescriptor[simple]
[pool-3051-thread-1] INFO org.apache.nifi.processors.standard.RouteText - RouteText[id=24e84634-fdfb-4a8b-87b3-8cb3253f4f09] Created FlowFile[1459,93427564676065.mockFlowFile,23B] from FlowFile[1458,93427564676065.mockFlowFile,23B]; routing to relationship simple
[pool-3051-thread-1] INFO org.apache.nifi.processors.standard.RouteText - RouteText[id=24e84634-fdfb-4a8b-87b3-8cb3253f4f09] Routing FlowFile[1458,93427564676065.mockFlowFile,23B] to original
[main] DEBUG org.apache.nifi.processors.standard.RouteText - RouteText[id=24e84634-fdfb-4a8b-87b3-8cb3253f4f09] Adding new dynamic property: PropertyDescriptor[simple]
[pool-3052-thread-1] INFO org.apache.nifi.processors.standard.RouteText - RouteText[id=24e84634-fdfb-4a8b-87b3-8cb3253f4f09] Created FlowFile[1461,93427565208201.mockFlowFile,23B] from FlowFile[1460,93427565208201.mockFlowFile,23B]; routing to relationship simple
[pool-3052-thread-1] INFO org.apache.nifi.processors.standard.RouteText - RouteText[id=24e84634-fdfb-4a8b-87b3-8cb3253f4f09] Routing FlowFile[1460,93427565208201.mockFlowFile,23B] to original
[main] DEBUG org.apache.nifi.processors.standard.RouteText - RouteText[id=24e84634-fdfb-4a8b-87b3-8cb3253f4f09] Adding new dynamic property: PropertyDescriptor[simple]
[pool-3053-thread-1] INFO org.apache.nifi.processors.standard.RouteText - RouteText[id=24e84634-fdfb-4a8b-87b3-8cb3253f4f09] Created FlowFile[1463,93427565561015.mockFlowFile,23B] from FlowFile[1462,93427565561015.mockFlowFile,23B]; routing to relationship simple
[pool-3053-thread-1] INFO org.apache.nifi.processors.standard.RouteText - RouteText[id=24e84634-fdfb-4a8b-87b3-8cb3253f4f09] Routing FlowFile[1462,93427565561015.mockFlowFile,23B] to original
[main] DEBUG org.apache.nifi.processors.standard.RouteText - RouteText[id=24e84634-fdfb-4a8b-87b3-8cb3253f4f09] Adding new dynamic property: PropertyDescriptor[simple]
[pool-3054-thread-1] INFO org.apache.nifi.processors.standard.RouteText - RouteText[id=24e84634-fdfb-4a8b-87b3-8cb3253f4f09] Created FlowFile[1465,93427565896188.mockFlowFile,23B] from FlowFile[1464,93427565896188.mockFlowFile,23B]; routing to relationship simple
[pool-3054-thread-1] INFO org.apache.nifi.processors.standard.RouteText - RouteText[id=24e84634-fdfb-4a8b-87b3-8cb3253f4f09] Routing FlowFile[1464,93427565896188.mockFlowFile,23B] to original
[main] DEBUG org.apache.nifi.processors.standard.RouteText - RouteText[id=24e84634-fdfb-4a8b-87b3-8cb3253f4f09] Adding new dynamic property: PropertyDescriptor[simple]
[pool-3055-thread-1] INFO org.apache.nifi.processors.standard.RouteText - RouteText[id=24e84634-fdfb-4a8b-87b3-8cb3253f4f09] Created FlowFile[1467,93427566234694.mockFlowFile,23B] from FlowFile[1466,93427566234694.mockFlowFile,23B]; routing to relationship simple
[pool-3055-thread-1] INFO org.apache.nifi.processors.standard.RouteText - RouteText[id=24e84634-fdfb-4a8b-87b3-8cb3253f4f09] Routing FlowFile[1466,93427566234694.mockFlowFile,23B] to original
[main] DEBUG org.apache.nifi.processors.standard.RouteText - RouteText[id=24e84634-fdfb-4a8b-87b3-8cb3253f4f09] Adding new dynamic property: PropertyDescriptor[simple]
[pool-3056-thread-1] INFO org.apache.nifi.processors.standard.RouteText - RouteText[id=24e84634-fdfb-4a8b-87b3-8cb3253f4f09] Created FlowFile[1469,93427566670852.mockFlowFile,23B] from FlowFile[1468,93427566670852.mockFlowFile,23B]; routing to relationship simple
[pool-3056-thread-1] INFO org.apache.nifi.processors.standard.RouteText - RouteText[id=24e84634-fdfb-4a8b-87b3-8cb3253f4f09] Routing FlowFile[1468,93427566670852.mockFlowFile,23B] to original
[main] DEBUG org.apache.nifi.processors.standard.RouteText - RouteText[id=24e84634-fdfb-4a8b-87b3-8cb3253f4f09] Adding new dynamic property: PropertyDescriptor[simple]
[pool-3057-thread-1] INFO org.apache.nifi.processors.standard.RouteText - RouteText[id=24e84634-fdfb-4a8b-87b3-8cb3253f4f09] Created FlowFile[1471,93427567061986.mockFlowFile,23B] from FlowFile[1470,93427567061986.mockFlowFile,23B]; routing to relationship simple
[pool-3057-thread-1] INFO org.apache.nifi.processors.standard.RouteText - RouteText[id=24e84634-fdfb-4a8b-87b3-8cb3253f4f09] Routing FlowFile[1470,93427567061986.mockFlowFile,23B] to original
[main] DEBUG org.apache.nifi.processors.standard.RouteText - RouteText[id=24e84634-fdfb-4a8b-87b3-8cb3253f4f09] Adding new dynamic property: PropertyDescriptor[simple]
[pool-3058-thread-1] INFO org.apache.nifi.processors.standard.RouteText - RouteText[id=24e84634-fdfb-4a8b-87b3-8cb3253f4f09] Created FlowFile[1473,93427567576542.mockFlowFile,23B] from FlowFile[1472,93427567576542.mockFlowFile,23B]; routing to relationship simple
[pool-3058-thread-1] INFO org.apache.nifi.processors.standard.RouteText - RouteText[id=24e84634-fdfb-4a8b-87b3-8cb3253f4f09] Routing FlowFile[1472,93427567576542.mockFlowFile,23B] to original
[main] DEBUG org.apache.nifi.processors.standard.RouteText - RouteText[id=24e84634-fdfb-4a8b-87b3-8cb3253f4f09] Adding new dynamic property: PropertyDescriptor[simple]
[pool-3059-thread-1] INFO org.apache.nifi.processors.standard.RouteText - RouteText[id=24e84634-fdfb-4a8b-87b3-8cb3253f4f09] Created FlowFile[1475,93427567939463.mockFlowFile,23B] from FlowFile[1474,93427567939463.mockFlowFile,23B]; routing to relationship simple
[pool-3059-thread-1] INFO org.apache.nifi.processors.standard.RouteText - RouteText[id=24e84634-fdfb-4a8b-87b3-8cb3253f4f09] Routing FlowFile[1474,93427567939463.mockFlowFile,23B] to original
[main] DEBUG org.apache.nifi.processors.standard.RouteText - RouteText[id=24e84634-fdfb-4a8b-87b3-8cb3253f4f09] Adding new dynamic property: PropertyDescriptor[simple]
[pool-3060-thread-1] INFO org.apache.nifi.processors.standard.RouteText - RouteText[id=24e84634-fdfb-4a8b-87b3-8cb3253f4f09] Created FlowFile[1477,93427568425979.mockFlowFile,23B] from FlowFile[1476,93427568425979.mockFlowFile,23B]; routing to relationship simple
[pool-3060-thread-1] INFO org.apache.nifi.processors.standard.RouteText - RouteText[id=24e84634-fdfb-4a8b-87b3-8cb3253f4f09] Routing FlowFile[1476,93427568425979.mockFlowFile,23B] to original
[main] DEBUG org.apache.nifi.processors.standard.RouteText - RouteText[id=24e84634-fdfb-4a8b-87b3-8cb3253f4f09] Adding new dynamic property: PropertyDescriptor[simple]
[pool-3061-thread-1] INFO org.apache.nifi.processors.standard.RouteText - RouteText[id=24e84634-fdfb-4a8b-87b3-8cb3253f4f09] Created FlowFile[1479,93427568834905.mockFlowFile,23B] from FlowFile[1478,93427568834905.mockFlowFile,23B]; routing to relationship simple
[pool-3061-thread-1] INFO org.apache.nifi.processors.standard.RouteText - RouteText[id=24e84634-fdfb-4a8b-87b3-8cb3253f4f09] Routing FlowFile[1478,93427568834905.mockFlowFile,23B] to original
[main] DEBUG org.apache.nifi.processors.standard.RouteText - RouteText[id=24e84634-fdfb-4a8b-87b3-8cb3253f4f09] Adding new dynamic property: PropertyDescriptor[simple]
[pool-3062-thread-1] INFO org.apache.nifi.processors.standard.RouteText - RouteText[id=24e84634-fdfb-4a8b-87b3-8cb3253f4f09] Created FlowFile[1481,93427569192966.mockFlowFile,23B] from FlowFile[1480,93427569192966.mockFlowFile,23B]; routing to relationship simple
[pool-3062-thread-1] INFO org.apache.nifi.processors.standard.RouteText - RouteText[id=24e84634-fdfb-4a8b-87b3-8cb3253f4f09] Routing FlowFile[1480,93427569192966.mockFlowFile,23B] to original
[main] DEBUG org.apache.nifi.processors.standard.RouteText - RouteText[id=24e84634-fdfb-4a8b-87b3-8cb3253f4f09] Adding new dynamic property: PropertyDescriptor[simple]
[pool-3063-thread-1] INFO org.apache.nifi.processors.standard.RouteText - RouteText[id=24e84634-fdfb-4a8b-87b3-8cb3253f4f09] Created FlowFile[1483,93427569459663.mockFlowFile,23B] from FlowFile[1482,93427569459663.mockFlowFile,23B]; routing to relationship simple
[pool-3063-thread-1] INFO org.apache.nifi.processors.standard.RouteText - RouteText[id=24e84634-fdfb-4a8b-87b3-8cb3253f4f09] Routing FlowFile[1482,93427569459663.mockFlowFile,23B] to original
[main] DEBUG org.apache.nifi.processors.standard.RouteText - RouteText[id=24e84634-fdfb-4a8b-87b3-8cb3253f4f09] Adding new dynamic property: PropertyDescriptor[simple]
[pool-3064-thread-1] INFO org.apache.nifi.processors.standard.RouteText - RouteText[id=24e84634-fdfb-4a8b-87b3-8cb3253f4f09] Created FlowFile[1485,93427569715811.mockFlowFile,23B] from FlowFile[1484,93427569715811.mockFlowFile,23B]; routing to relationship simple
[pool-3064-thread-1] INFO org.apache.nifi.processors.standard.RouteText - RouteText[id=24e84634-fdfb-4a8b-87b3-8cb3253f4f09] Routing FlowFile[1484,93427569715811.mockFlowFile,23B] to original
[main] DEBUG org.apache.nifi.processors.standard.RouteText - RouteText[id=24e84634-fdfb-4a8b-87b3-8cb3253f4f09] Adding new dynamic property: PropertyDescriptor[simple]
[pool-3065-thread-1] INFO org.apache.nifi.processors.standard.RouteText - RouteText[id=24e84634-fdfb-4a8b-87b3-8cb3253f4f09] Created FlowFile[1487,93427569969192.mockFlowFile,23B] from FlowFile[1486,93427569969192.mockFlowFile,23B]; routing to relationship simple
[pool-3065-thread-1] INFO org.apache.nifi.processors.standard.RouteText - RouteText[id=24e84634-fdfb-4a8b-87b3-8cb3253f4f09] Routing FlowFile[1486,93427569969192.mockFlowFile,23B] to original
[main] DEBUG org.apache.nifi.processors.standard.RouteText - RouteText[id=24e84634-fdfb-4a8b-87b3-8cb3253f4f09] Adding new dynamic property: PropertyDescriptor[simple]
[pool-3066-thread-1] INFO org.apache.nifi.processors.standard.RouteText - RouteText[id=24e84634-fdfb-4a8b-87b3-8cb3253f4f09] Created FlowFile[1489,93427570238477.mockFlowFile,23B] from FlowFile[1488,93427570238477.mockFlowFile,23B]; routing to relationship simple
[pool-3066-thread-1] INFO org.apache.nifi.processors.standard.RouteText - RouteText[id=24e84634-fdfb-4a8b-87b3-8cb3253f4f09] Routing FlowFile[1488,93427570238477.mockFlowFile,23B] to original
[main] DEBUG org.apache.nifi.processors.standard.RouteText - RouteText[id=24e84634-fdfb-4a8b-87b3-8cb3253f4f09] Adding new dynamic property: PropertyDescriptor[simple]
[pool-3067-thread-1] INFO org.apache.nifi.processors.standard.RouteText - RouteText[id=24e84634-fdfb-4a8b-87b3-8cb3253f4f09] Created FlowFile[1491,93427570608953.mockFlowFile,23B] from FlowFile[1490,93427570608953.mockFlowFile,23B]; routing to relationship simple
[pool-3067-thread-1] INFO org.apache.nifi.processors.standard.RouteText - RouteText[id=24e84634-fdfb-4a8b-87b3-8cb3253f4f09] Routing FlowFile[1490,93427570608953.mockFlowFile,23B] to original
[main] DEBUG org.apache.nifi.processors.standard.RouteText - RouteText[id=24e84634-fdfb-4a8b-87b3-8cb3253f4f09] Adding new dynamic property: PropertyDescriptor[simple]
[pool-3068-thread-1] INFO org.apache.nifi.processors.standard.RouteText - RouteText[id=24e84634-fdfb-4a8b-87b3-8cb3253f4f09] Created FlowFile[1493,93427570873893.mockFlowFile,23B] from FlowFile[1492,93427570873893.mockFlowFile,23B]; routing to relationship simple
[pool-3068-thread-1] INFO org.apache.nifi.processors.standard.RouteText - RouteText[id=24e84634-fdfb-4a8b-87b3-8cb3253f4f09] Routing FlowFile[1492,93427570873893.mockFlowFile,23B] to original
[main] DEBUG org.apache.nifi.processors.standard.RouteText - RouteText[id=24e84634-fdfb-4a8b-87b3-8cb3253f4f09] Adding new dynamic property: PropertyDescriptor[simple]
[pool-3069-thread-1] INFO org.apache.nifi.processors.standard.RouteText - RouteText[id=24e84634-fdfb-4a8b-87b3-8cb3253f4f09] Created FlowFile[1495,93427571255341.mockFlowFile,23B] from FlowFile[1494,93427571255341.mockFlowFile,23B]; routing to relationship simple
[pool-3069-thread-1] INFO org.apache.nifi.processors.standard.RouteText - RouteText[id=24e84634-fdfb-4a8b-87b3-8cb3253f4f09] Routing FlowFile[1494,93427571255341.mockFlowFile,23B] to original
[main] DEBUG org.apache.nifi.processors.standard.RouteText - RouteText[id=24e84634-fdfb-4a8b-87b3-8cb3253f4f09] Adding new dynamic property: PropertyDescriptor[simple]
[pool-3070-thread-1] INFO org.apache.nifi.processors.standard.RouteText - RouteText[id=24e84634-fdfb-4a8b-87b3-8cb3253f4f09] Created FlowFile[1497,93427571659573.mockFlowFile,23B] from FlowFile[1496,93427571659573.mockFlowFile,23B]; routing to relationship simple
[pool-3070-thread-1] INFO org.apache.nifi.processors.standard.RouteText - RouteText[id=24e84634-fdfb-4a8b-87b3-8cb3253f4f09] Routing FlowFile[1496,93427571659573.mockFlowFile,23B] to original
[main] DEBUG org.apache.nifi.processors.standard.RouteText - RouteText[id=24e84634-fdfb-4a8b-87b3-8cb3253f4f09] Adding new dynamic property: PropertyDescriptor[simple]
[pool-3071-thread-1] INFO org.apache.nifi.processors.standard.RouteText - RouteText[id=24e84634-fdfb-4a8b-87b3-8cb3253f4f09] Created FlowFile[1499,93427571943425.mockFlowFile,23B] from FlowFile[1498,93427571943425.mockFlowFile,23B]; routing to relationship simple
[pool-3071-thread-1] INFO org.apache.nifi.processors.standard.RouteText - RouteText[id=24e84634-fdfb-4a8b-87b3-8cb3253f4f09] Routing FlowFile[1498,93427571943425.mockFlowFile,23B] to original
[main] DEBUG org.apache.nifi.processors.standard.RouteText - RouteText[id=24e84634-fdfb-4a8b-87b3-8cb3253f4f09] Adding new dynamic property: PropertyDescriptor[simple]
[pool-3072-thread-1] INFO org.apache.nifi.processors.standard.RouteText - RouteText[id=24e84634-fdfb-4a8b-87b3-8cb3253f4f09] Created FlowFile[1501,93427572353419.mockFlowFile,23B] from FlowFile[1500,93427572353419.mockFlowFile,23B]; routing to relationship simple
[pool-3072-thread-1] INFO org.apache.nifi.processors.standard.RouteText - RouteText[id=24e84634-fdfb-4a8b-87b3-8cb3253f4f09] Routing FlowFile[1500,93427572353419.mockFlowFile,23B] to original
[main] DEBUG org.apache.nifi.processors.standard.RouteText - RouteText[id=24e84634-fdfb-4a8b-87b3-8cb3253f4f09] Adding new dynamic property: PropertyDescriptor[simple]
[pool-3073-thread-1] INFO org.apache.nifi.processors.standard.RouteText - RouteText[id=24e84634-fdfb-4a8b-87b3-8cb3253f4f09] Created FlowFile[1503,93427572763967.mockFlowFile,23B] from FlowFile[1502,93427572763967.mockFlowFile,23B]; routing to relationship simple
[pool-3073-thread-1] INFO org.apache.nifi.processors.standard.RouteText - RouteText[id=24e84634-fdfb-4a8b-87b3-8cb3253f4f09] Routing FlowFile[1502,93427572763967.mockFlowFile,23B] to original
[main] DEBUG org.apache.nifi.processors.standard.RouteText - RouteText[id=24e84634-fdfb-4a8b-87b3-8cb3253f4f09] Adding new dynamic property: PropertyDescriptor[simple]
[pool-3074-thread-1] INFO org.apache.nifi.processors.standard.RouteText - RouteText[id=24e84634-fdfb-4a8b-87b3-8cb3253f4f09] Created FlowFile[1505,93427573129572.mockFlowFile,23B] from FlowFile[1504,93427573129572.mockFlowFile,23B]; routing to relationship simple
[pool-3074-thread-1] INFO org.apache.nifi.processors.standard.RouteText - RouteText[id=24e84634-fdfb-4a8b-87b3-8cb3253f4f09] Routing FlowFile[1504,93427573129572.mockFlowFile,23B] to original
[main] DEBUG org.apache.nifi.processors.standard.RouteText - RouteText[id=24e84634-fdfb-4a8b-87b3-8cb3253f4f09] Adding new dynamic property: PropertyDescriptor[simple]
[pool-3075-thread-1] INFO org.apache.nifi.processors.standard.RouteText - RouteText[id=24e84634-fdfb-4a8b-87b3-8cb3253f4f09] Created FlowFile[1507,93427573428344.mockFlowFile,23B] from FlowFile[1506,93427573428344.mockFlowFile,23B]; routing to relationship simple
[pool-3075-thread-1] INFO org.apache.nifi.processors.standard.RouteText - RouteText[id=24e84634-fdfb-4a8b-87b3-8cb3253f4f09] Routing FlowFile[1506,93427573428344.mockFlowFile,23B] to original
[main] DEBUG org.apache.nifi.processors.standard.RouteText - RouteText[id=24e84634-fdfb-4a8b-87b3-8cb3253f4f09] Adding new dynamic property: PropertyDescriptor[simple]
[pool-3076-thread-1] INFO org.apache.nifi.processors.standard.RouteText - RouteText[id=24e84634-fdfb-4a8b-87b3-8cb3253f4f09] Created FlowFile[1509,93427573691931.mockFlowFile,23B] from FlowFile[1508,93427573691931.mockFlowFile,23B]; routing to relationship simple
[pool-3076-thread-1] INFO org.apache.nifi.processors.standard.RouteText - RouteText[id=24e84634-fdfb-4a8b-87b3-8cb3253f4f09] Routing FlowFile[1508,93427573691931.mockFlowFile,23B] to original
[main] DEBUG org.apache.nifi.processors.standard.RouteText - RouteText[id=24e84634-fdfb-4a8b-87b3-8cb3253f4f09] Adding new dynamic property: PropertyDescriptor[simple]
[pool-3077-thread-1] INFO org.apache.nifi.processors.standard.RouteText - RouteText[id=24e84634-fdfb-4a8b-87b3-8cb3253f4f09] Created FlowFile[1511,93427574107038.mockFlowFile,23B] from FlowFile[1510,93427574107038.mockFlowFile,23B]; routing to relationship simple
[pool-3077-thread-1] INFO org.apache.nifi.processors.standard.RouteText - RouteText[id=24e84634-fdfb-4a8b-87b3-8cb3253f4f09] Routing FlowFile[1510,93427574107038.mockFlowFile,23B] to original
[main] DEBUG org.apache.nifi.processors.standard.RouteText - RouteText[id=24e84634-fdfb-4a8b-87b3-8cb3253f4f09] Adding new dynamic property: PropertyDescriptor[simple]
[pool-3078-thread-1] INFO org.apache.nifi.processors.standard.RouteText - RouteText[id=24e84634-fdfb-4a8b-87b3-8cb3253f4f09] Created FlowFile[1513,93427574458528.mockFlowFile,23B] from FlowFile[1512,93427574458528.mockFlowFile,23B]; routing to relationship simple
[pool-3078-thread-1] INFO org.apache.nifi.processors.standard.RouteText - RouteText[id=24e84634-fdfb-4a8b-87b3-8cb3253f4f09] Routing FlowFile[1512,93427574458528.mockFlowFile,23B] to original
[main] DEBUG org.apache.nifi.processors.standard.RouteText - RouteText[id=24e84634-fdfb-4a8b-87b3-8cb3253f4f09] Adding new dynamic property: PropertyDescriptor[simple]
[pool-3079-thread-1] INFO org.apache.nifi.processors.standard.RouteText - RouteText[id=24e84634-fdfb-4a8b-87b3-8cb3253f4f09] Created FlowFile[1515,93427574807399.mockFlowFile,23B] from FlowFile[1514,93427574807399.mockFlowFile,23B]; routing to relationship simple
[pool-3079-thread-1] INFO org.apache.nifi.processors.standard.RouteText - RouteText[id=24e84634-fdfb-4a8b-87b3-8cb3253f4f09] Routing FlowFile[1514,93427574807399.mockFlowFile,23B] to original
[main] DEBUG org.apache.nifi.processors.standard.RouteText - RouteText[id=24e84634-fdfb-4a8b-87b3-8cb3253f4f09] Adding new dynamic property: PropertyDescriptor[simple]
[pool-3080-thread-1] INFO org.apache.nifi.processors.standard.RouteText - RouteText[id=24e84634-fdfb-4a8b-87b3-8cb3253f4f09] Created FlowFile[1517,93427575154393.mockFlowFile,23B] from FlowFile[1516,93427575154393.mockFlowFile,23B]; routing to relationship simple
[pool-3080-thread-1] INFO org.apache.nifi.processors.standard.RouteText - RouteText[id=24e84634-fdfb-4a8b-87b3-8cb3253f4f09] Routing FlowFile[1516,93427575154393.mockFlowFile,23B] to original
[main] DEBUG org.apache.nifi.processors.standard.RouteText - RouteText[id=24e84634-fdfb-4a8b-87b3-8cb3253f4f09] Adding new dynamic property: PropertyDescriptor[simple]
[pool-3081-thread-1] INFO org.apache.nifi.processors.standard.RouteText - RouteText[id=24e84634-fdfb-4a8b-87b3-8cb3253f4f09] Created FlowFile[1519,93427575567667.mockFlowFile,23B] from FlowFile[1518,93427575567667.mockFlowFile,23B]; routing to relationship simple
[pool-3081-thread-1] INFO org.apache.nifi.processors.standard.RouteText - RouteText[id=24e84634-fdfb-4a8b-87b3-8cb3253f4f09] Routing FlowFile[1518,93427575567667.mockFlowFile,23B] to original
[main] DEBUG org.apache.nifi.processors.standard.RouteText - RouteText[id=24e84634-fdfb-4a8b-87b3-8cb3253f4f09] Adding new dynamic property: PropertyDescriptor[simple]
[pool-3082-thread-1] INFO org.apache.nifi.processors.standard.RouteText - RouteText[id=24e84634-fdfb-4a8b-87b3-8cb3253f4f09] Created FlowFile[1521,93427575982029.mockFlowFile,23B] from FlowFile[1520,93427575982029.mockFlowFile,23B]; routing to relationship simple
[pool-3082-thread-1] INFO org.apache.nifi.processors.standard.RouteText - RouteText[id=24e84634-fdfb-4a8b-87b3-8cb3253f4f09] Routing FlowFile[1520,93427575982029.mockFlowFile,23B] to original
[main] DEBUG org.apache.nifi.processors.standard.RouteText - RouteText[id=24e84634-fdfb-4a8b-87b3-8cb3253f4f09] Adding new dynamic property: PropertyDescriptor[simple]
[pool-3083-thread-1] INFO org.apache.nifi.processors.standard.RouteText - RouteText[id=24e84634-fdfb-4a8b-87b3-8cb3253f4f09] Created FlowFile[1523,93427576693355.mockFlowFile,23B] from FlowFile[1522,93427576693355.mockFlowFile,23B]; routing to relationship simple
[pool-3083-thread-1] INFO org.apache.nifi.processors.standard.RouteText - RouteText[id=24e84634-fdfb-4a8b-87b3-8cb3253f4f09] Routing FlowFile[1522,93427576693355.mockFlowFile,23B] to original
[main] DEBUG org.apache.nifi.processors.standard.RouteText - RouteText[id=24e84634-fdfb-4a8b-87b3-8cb3253f4f09] Adding new dynamic property: PropertyDescriptor[simple]
[pool-3084-thread-1] INFO org.apache.nifi.processors.standard.RouteText - RouteText[id=24e84634-fdfb-4a8b-87b3-8cb3253f4f09] Created FlowFile[1525,93427577146730.mockFlowFile,23B] from FlowFile[1524,93427577146730.mockFlowFile,23B]; routing to relationship simple
[pool-3084-thread-1] INFO org.apache.nifi.processors.standard.RouteText - RouteText[id=24e84634-fdfb-4a8b-87b3-8cb3253f4f09] Routing FlowFile[1524,93427577146730.mockFlowFile,23B] to original
[main] DEBUG org.apache.nifi.processors.standard.RouteText - RouteText[id=24e84634-fdfb-4a8b-87b3-8cb3253f4f09] Adding new dynamic property: PropertyDescriptor[simple]
[pool-3085-thread-1] INFO org.apache.nifi.processors.standard.RouteText - RouteText[id=24e84634-fdfb-4a8b-87b3-8cb3253f4f09] Created FlowFile[1527,93427577613558.mockFlowFile,23B] from FlowFile[1526,93427577613558.mockFlowFile,23B]; routing to relationship simple
[pool-3085-thread-1] INFO org.apache.nifi.processors.standard.RouteText - RouteText[id=24e84634-fdfb-4a8b-87b3-8cb3253f4f09] Routing FlowFile[1526,93427577613558.mockFlowFile,23B] to original
[main] DEBUG org.apache.nifi.processors.standard.RouteText - RouteText[id=24e84634-fdfb-4a8b-87b3-8cb3253f4f09] Adding new dynamic property: PropertyDescriptor[simple]
[pool-3086-thread-1] INFO org.apache.nifi.processors.standard.RouteText - RouteText[id=24e84634-fdfb-4a8b-87b3-8cb3253f4f09] Created FlowFile[1529,93427578020999.mockFlowFile,23B] from FlowFile[1528,93427578020999.mockFlowFile,23B]; routing to relationship simple
[pool-3086-thread-1] INFO org.apache.nifi.processors.standard.RouteText - RouteText[id=24e84634-fdfb-4a8b-87b3-8cb3253f4f09] Routing FlowFile[1528,93427578020999.mockFlowFile,23B] to original
[main] DEBUG org.apache.nifi.processors.standard.RouteText - RouteText[id=24e84634-fdfb-4a8b-87b3-8cb3253f4f09] Adding new dynamic property: PropertyDescriptor[simple]
[pool-3087-thread-1] INFO org.apache.nifi.processors.standard.RouteText - RouteText[id=24e84634-fdfb-4a8b-87b3-8cb3253f4f09] Created FlowFile[1531,93427578461244.mockFlowFile,23B] from FlowFile[1530,93427578461244.mockFlowFile,23B]; routing to relationship simple
[pool-3087-thread-1] INFO org.apache.nifi.processors.standard.RouteText - RouteText[id=24e84634-fdfb-4a8b-87b3-8cb3253f4f09] Routing FlowFile[1530,93427578461244.mockFlowFile,23B] to original
[main] DEBUG org.apache.nifi.processors.standard.RouteText - RouteText[id=24e84634-fdfb-4a8b-87b3-8cb3253f4f09] Adding new dynamic property: PropertyDescriptor[simple]
[pool-3088-thread-1] INFO org.apache.nifi.processors.standard.RouteText - RouteText[id=24e84634-fdfb-4a8b-87b3-8cb3253f4f09] Created FlowFile[1533,93427578884657.mockFlowFile,23B] from FlowFile[1532,93427578884657.mockFlowFile,23B]; routing to relationship simple
[pool-3088-thread-1] INFO org.apache.nifi.processors.standard.RouteText - RouteText[id=24e84634-fdfb-4a8b-87b3-8cb3253f4f09] Routing FlowFile[1532,93427578884657.mockFlowFile,23B] to original
[main] DEBUG org.apache.nifi.processors.standard.RouteText - RouteText[id=24e84634-fdfb-4a8b-87b3-8cb3253f4f09] Adding new dynamic property: PropertyDescriptor[simple]
[pool-3089-thread-1] INFO org.apache.nifi.processors.standard.RouteText - RouteText[id=24e84634-fdfb-4a8b-87b3-8cb3253f4f09] Created FlowFile[1535,93427579589743.mockFlowFile,23B] from FlowFile[1534,93427579589743.mockFlowFile,23B]; routing to relationship simple
[pool-3089-thread-1] INFO org.apache.nifi.processors.standard.RouteText - RouteText[id=24e84634-fdfb-4a8b-87b3-8cb3253f4f09] Routing FlowFile[1534,93427579589743.mockFlowFile,23B] to original
[main] DEBUG org.apache.nifi.processors.standard.RouteText - RouteText[id=24e84634-fdfb-4a8b-87b3-8cb3253f4f09] Adding new dynamic property: PropertyDescriptor[simple]
[pool-3090-thread-1] INFO org.apache.nifi.processors.standard.RouteText - RouteText[id=24e84634-fdfb-4a8b-87b3-8cb3253f4f09] Created FlowFile[1537,93427580234336.mockFlowFile,23B] from FlowFile[1536,93427580234336.mockFlowFile,23B]; routing to relationship simple
[pool-3090-thread-1] INFO org.apache.nifi.processors.standard.RouteText - RouteText[id=24e84634-fdfb-4a8b-87b3-8cb3253f4f09] Routing FlowFile[1536,93427580234336.mockFlowFile,23B] to original
[main] DEBUG org.apache.nifi.processors.standard.RouteText - RouteText[id=24e84634-fdfb-4a8b-87b3-8cb3253f4f09] Adding new dynamic property: PropertyDescriptor[simple]
[pool-3091-thread-1] INFO org.apache.nifi.processors.standard.RouteText - RouteText[id=24e84634-fdfb-4a8b-87b3-8cb3253f4f09] Created FlowFile[1539,93427580773069.mockFlowFile,23B] from FlowFile[1538,93427580773069.mockFlowFile,23B]; routing to relationship simple
[pool-3091-thread-1] INFO org.apache.nifi.processors.standard.RouteText - RouteText[id=24e84634-fdfb-4a8b-87b3-8cb3253f4f09] Routing FlowFile[1538,93427580773069.mockFlowFile,23B] to original
[main] DEBUG org.apache.nifi.processors.standard.RouteText - RouteText[id=24e84634-fdfb-4a8b-87b3-8cb3253f4f09] Adding new dynamic property: PropertyDescriptor[simple]
[pool-3092-thread-1] INFO org.apache.nifi.processors.standard.RouteText - RouteText[id=24e84634-fdfb-4a8b-87b3-8cb3253f4f09] Created FlowFile[1541,93427581264089.mockFlowFile,23B] from FlowFile[1540,93427581264089.mockFlowFile,23B]; routing to relationship simple
[pool-3092-thread-1] INFO org.apache.nifi.processors.standard.RouteText - RouteText[id=24e84634-fdfb-4a8b-87b3-8cb3253f4f09] Routing FlowFile[1540,93427581264089.mockFlowFile,23B] to original
[main] DEBUG org.apache.nifi.processors.standard.RouteText - RouteText[id=24e84634-fdfb-4a8b-87b3-8cb3253f4f09] Adding new dynamic property: PropertyDescriptor[simple]
[pool-3093-thread-1] INFO org.apache.nifi.processors.standard.RouteText - RouteText[id=24e84634-fdfb-4a8b-87b3-8cb3253f4f09] Created FlowFile[1543,93427581757844.mockFlowFile,23B] from FlowFile[1542,93427581757844.mockFlowFile,23B]; routing to relationship simple
[pool-3093-thread-1] INFO org.apache.nifi.processors.standard.RouteText - RouteText[id=24e84634-fdfb-4a8b-87b3-8cb3253f4f09] Routing FlowFile[1542,93427581757844.mockFlowFile,23B] to original
[main] DEBUG org.apache.nifi.processors.standard.RouteText - RouteText[id=24e84634-fdfb-4a8b-87b3-8cb3253f4f09] Adding new dynamic property: PropertyDescriptor[simple]
[pool-3094-thread-1] INFO org.apache.nifi.processors.standard.RouteText - RouteText[id=24e84634-fdfb-4a8b-87b3-8cb3253f4f09] Created FlowFile[1545,93427582249144.mockFlowFile,23B] from FlowFile[1544,93427582249144.mockFlowFile,23B]; routing to relationship simple
[pool-3094-thread-1] INFO org.apache.nifi.processors.standard.RouteText - RouteText[id=24e84634-fdfb-4a8b-87b3-8cb3253f4f09] Routing FlowFile[1544,93427582249144.mockFlowFile,23B] to original
[main] DEBUG org.apache.nifi.processors.standard.RouteText - RouteText[id=24e84634-fdfb-4a8b-87b3-8cb3253f4f09] Adding new dynamic property: PropertyDescriptor[simple]
[pool-3095-thread-1] INFO org.apache.nifi.processors.standard.RouteText - RouteText[id=24e84634-fdfb-4a8b-87b3-8cb3253f4f09] Created FlowFile[1547,93427582684843.mockFlowFile,23B] from FlowFile[1546,93427582684843.mockFlowFile,23B]; routing to relationship simple
[pool-3095-thread-1] INFO org.apache.nifi.processors.standard.RouteText - RouteText[id=24e84634-fdfb-4a8b-87b3-8cb3253f4f09] Routing FlowFile[1546,93427582684843.mockFlowFile,23B] to original
[main] DEBUG org.apache.nifi.processors.standard.RouteText - RouteText[id=24e84634-fdfb-4a8b-87b3-8cb3253f4f09] Adding new dynamic property: PropertyDescriptor[simple]
[pool-3096-thread-1] INFO org.apache.nifi.processors.standard.RouteText - RouteText[id=24e84634-fdfb-4a8b-87b3-8cb3253f4f09] Created FlowFile[1549,93427583101167.mockFlowFile,23B] from FlowFile[1548,93427583101167.mockFlowFile,23B]; routing to relationship simple
[pool-3096-thread-1] INFO org.apache.nifi.processors.standard.RouteText - RouteText[id=24e84634-fdfb-4a8b-87b3-8cb3253f4f09] Routing FlowFile[1548,93427583101167.mockFlowFile,23B] to original
[main] DEBUG org.apache.nifi.processors.standard.RouteText - RouteText[id=24e84634-fdfb-4a8b-87b3-8cb3253f4f09] Adding new dynamic property: PropertyDescriptor[simple]
[pool-3097-thread-1] INFO org.apache.nifi.processors.standard.RouteText - RouteText[id=24e84634-fdfb-4a8b-87b3-8cb3253f4f09] Created FlowFile[1551,93427583515322.mockFlowFile,23B] from FlowFile[1550,93427583515322.mockFlowFile,23B]; routing to relationship simple
[pool-3097-thread-1] INFO org.apache.nifi.processors.standard.RouteText - RouteText[id=24e84634-fdfb-4a8b-87b3-8cb3253f4f09] Routing FlowFile[1550,93427583515322.mockFlowFile,23B] to original
[main] DEBUG org.apache.nifi.processors.standard.RouteText - RouteText[id=24e84634-fdfb-4a8b-87b3-8cb3253f4f09] Adding new dynamic property: PropertyDescriptor[simple]
[pool-3098-thread-1] INFO org.apache.nifi.processors.standard.RouteText - RouteText[id=24e84634-fdfb-4a8b-87b3-8cb3253f4f09] Created FlowFile[1553,93427583972361.mockFlowFile,23B] from FlowFile[1552,93427583972361.mockFlowFile,23B]; routing to relationship simple
[pool-3098-thread-1] INFO org.apache.nifi.processors.standard.RouteText - RouteText[id=24e84634-fdfb-4a8b-87b3-8cb3253f4f09] Routing FlowFile[1552,93427583972361.mockFlowFile,23B] to original
[main] DEBUG org.apache.nifi.processors.standard.RouteText - RouteText[id=24e84634-fdfb-4a8b-87b3-8cb3253f4f09] Adding new dynamic property: PropertyDescriptor[simple]
[pool-3099-thread-1] INFO org.apache.nifi.processors.standard.RouteText - RouteText[id=24e84634-fdfb-4a8b-87b3-8cb3253f4f09] Created FlowFile[1555,93427584424158.mockFlowFile,23B] from FlowFile[1554,93427584424158.mockFlowFile,23B]; routing to relationship simple
[pool-3099-thread-1] INFO org.apache.nifi.processors.standard.RouteText - RouteText[id=24e84634-fdfb-4a8b-87b3-8cb3253f4f09] Routing FlowFile[1554,93427584424158.mockFlowFile,23B] to original
[main] DEBUG org.apache.nifi.processors.standard.RouteText - RouteText[id=24e84634-fdfb-4a8b-87b3-8cb3253f4f09] Adding new dynamic property: PropertyDescriptor[simple]
[pool-3100-thread-1] INFO org.apache.nifi.processors.standard.RouteText - RouteText[id=24e84634-fdfb-4a8b-87b3-8cb3253f4f09] Created FlowFile[1557,93427584872856.mockFlowFile,23B] from FlowFile[1556,93427584872856.mockFlowFile,23B]; routing to relationship simple
[pool-3100-thread-1] INFO org.apache.nifi.processors.standard.RouteText - RouteText[id=24e84634-fdfb-4a8b-87b3-8cb3253f4f09] Routing FlowFile[1556,93427584872856.mockFlowFile,23B] to original
[main] DEBUG org.apache.nifi.processors.standard.RouteText - RouteText[id=24e84634-fdfb-4a8b-87b3-8cb3253f4f09] Adding new dynamic property: PropertyDescriptor[simple]
[pool-3101-thread-1] INFO org.apache.nifi.processors.standard.RouteText - RouteText[id=24e84634-fdfb-4a8b-87b3-8cb3253f4f09] Created FlowFile[1559,93427585315766.mockFlowFile,23B] from FlowFile[1558,93427585315766.mockFlowFile,23B]; routing to relationship simple
[pool-3101-thread-1] INFO org.apache.nifi.processors.standard.RouteText - RouteText[id=24e84634-fdfb-4a8b-87b3-8cb3253f4f09] Routing FlowFile[1558,93427585315766.mockFlowFile,23B] to original
[main] DEBUG org.apache.nifi.processors.standard.RouteText - RouteText[id=24e84634-fdfb-4a8b-87b3-8cb3253f4f09] Adding new dynamic property: PropertyDescriptor[simple]
[pool-3102-thread-1] INFO org.apache.nifi.processors.standard.RouteText - RouteText[id=24e84634-fdfb-4a8b-87b3-8cb3253f4f09] Created FlowFile[1561,93427585763168.mockFlowFile,23B] from FlowFile[1560,93427585763168.mockFlowFile,23B]; routing to relationship simple
[pool-3102-thread-1] INFO org.apache.nifi.processors.standard.RouteText - RouteText[id=24e84634-fdfb-4a8b-87b3-8cb3253f4f09] Routing FlowFile[1560,93427585763168.mockFlowFile,23B] to original
[main] DEBUG org.apache.nifi.processors.standard.RouteText - RouteText[id=24e84634-fdfb-4a8b-87b3-8cb3253f4f09] Adding new dynamic property: PropertyDescriptor[simple]
[pool-3103-thread-1] INFO org.apache.nifi.processors.standard.RouteText - RouteText[id=24e84634-fdfb-4a8b-87b3-8cb3253f4f09] Created FlowFile[1563,93427586267814.mockFlowFile,23B] from FlowFile[1562,93427586267814.mockFlowFile,23B]; routing to relationship simple
[pool-3103-thread-1] INFO org.apache.nifi.processors.standard.RouteText - RouteText[id=24e84634-fdfb-4a8b-87b3-8cb3253f4f09] Routing FlowFile[1562,93427586267814.mockFlowFile,23B] to original
[main] DEBUG org.apache.nifi.processors.standard.RouteText - RouteText[id=24e84634-fdfb-4a8b-87b3-8cb3253f4f09] Adding new dynamic property: PropertyDescriptor[simple]
[pool-3104-thread-1] INFO org.apache.nifi.processors.standard.RouteText - RouteText[id=24e84634-fdfb-4a8b-87b3-8cb3253f4f09] Created FlowFile[1565,93427586709621.mockFlowFile,23B] from FlowFile[1564,93427586709621.mockFlowFile,23B]; routing to relationship simple
[pool-3104-thread-1] INFO org.apache.nifi.processors.standard.RouteText - RouteText[id=24e84634-fdfb-4a8b-87b3-8cb3253f4f09] Routing FlowFile[1564,93427586709621.mockFlowFile,23B] to original
[main] DEBUG org.apache.nifi.processors.standard.RouteText - RouteText[id=24e84634-fdfb-4a8b-87b3-8cb3253f4f09] Adding new dynamic property: PropertyDescriptor[simple]
[pool-3105-thread-1] INFO org.apache.nifi.processors.standard.RouteText - RouteText[id=24e84634-fdfb-4a8b-87b3-8cb3253f4f09] Created FlowFile[1567,93427587136921.mockFlowFile,23B] from FlowFile[1566,93427587136921.mockFlowFile,23B]; routing to relationship simple
[pool-3105-thread-1] INFO org.apache.nifi.processors.standard.RouteText - RouteText[id=24e84634-fdfb-4a8b-87b3-8cb3253f4f09] Routing FlowFile[1566,93427587136921.mockFlowFile,23B] to original
[main] DEBUG org.apache.nifi.processors.standard.RouteText - RouteText[id=24e84634-fdfb-4a8b-87b3-8cb3253f4f09] Adding new dynamic property: PropertyDescriptor[simple]
[pool-3106-thread-1] INFO org.apache.nifi.processors.standard.RouteText - RouteText[id=24e84634-fdfb-4a8b-87b3-8cb3253f4f09] Created FlowFile[1569,93427587582800.mockFlowFile,23B] from FlowFile[1568,93427587582800.mockFlowFile,23B]; routing to relationship simple
[pool-3106-thread-1] INFO org.apache.nifi.processors.standard.RouteText - RouteText[id=24e84634-fdfb-4a8b-87b3-8cb3253f4f09] Routing FlowFile[1568,93427587582800.mockFlowFile,23B] to original
[main] DEBUG org.apache.nifi.processors.standard.RouteText - RouteText[id=24e84634-fdfb-4a8b-87b3-8cb3253f4f09] Adding new dynamic property: PropertyDescriptor[simple]
[pool-3107-thread-1] INFO org.apache.nifi.processors.standard.RouteText - RouteText[id=24e84634-fdfb-4a8b-87b3-8cb3253f4f09] Created FlowFile[1571,93427588019816.mockFlowFile,23B] from FlowFile[1570,93427588019816.mockFlowFile,23B]; routing to relationship simple
[pool-3107-thread-1] INFO org.apache.nifi.processors.standard.RouteText - RouteText[id=24e84634-fdfb-4a8b-87b3-8cb3253f4f09] Routing FlowFile[1570,93427588019816.mockFlowFile,23B] to original
[main] DEBUG org.apache.nifi.processors.standard.RouteText - RouteText[id=24e84634-fdfb-4a8b-87b3-8cb3253f4f09] Adding new dynamic property: PropertyDescriptor[simple]
[pool-3108-thread-1] INFO org.apache.nifi.processors.standard.RouteText - RouteText[id=24e84634-fdfb-4a8b-87b3-8cb3253f4f09] Created FlowFile[1573,93427588459907.mockFlowFile,23B] from FlowFile[1572,93427588459907.mockFlowFile,23B]; routing to relationship simple
[pool-3108-thread-1] INFO org.apache.nifi.processors.standard.RouteText - RouteText[id=24e84634-fdfb-4a8b-87b3-8cb3253f4f09] Routing FlowFile[1572,93427588459907.mockFlowFile,23B] to original
[main] DEBUG org.apache.nifi.processors.standard.RouteText - RouteText[id=24e84634-fdfb-4a8b-87b3-8cb3253f4f09] Adding new dynamic property: PropertyDescriptor[simple]
[pool-3109-thread-1] INFO org.apache.nifi.processors.standard.RouteText - RouteText[id=24e84634-fdfb-4a8b-87b3-8cb3253f4f09] Created FlowFile[1575,93427588902809.mockFlowFile,23B] from FlowFile[1574,93427588902809.mockFlowFile,23B]; routing to relationship simple
[pool-3109-thread-1] INFO org.apache.nifi.processors.standard.RouteText - RouteText[id=24e84634-fdfb-4a8b-87b3-8cb3253f4f09] Routing FlowFile[1574,93427588902809.mockFlowFile,23B] to original
[main] DEBUG org.apache.nifi.processors.standard.RouteText - RouteText[id=24e84634-fdfb-4a8b-87b3-8cb3253f4f09] Adding new dynamic property: PropertyDescriptor[simple]
[pool-3110-thread-1] INFO org.apache.nifi.processors.standard.RouteText - RouteText[id=24e84634-fdfb-4a8b-87b3-8cb3253f4f09] Created FlowFile[1577,93427589326903.mockFlowFile,23B] from FlowFile[1576,93427589326903.mockFlowFile,23B]; routing to relationship simple
[pool-3110-thread-1] INFO org.apache.nifi.processors.standard.RouteText - RouteText[id=24e84634-fdfb-4a8b-87b3-8cb3253f4f09] Routing FlowFile[1576,93427589326903.mockFlowFile,23B] to original
[main] DEBUG org.apache.nifi.processors.standard.RouteText - RouteText[id=24e84634-fdfb-4a8b-87b3-8cb3253f4f09] Adding new dynamic property: PropertyDescriptor[simple]
[pool-3111-thread-1] INFO org.apache.nifi.processors.standard.RouteText - RouteText[id=24e84634-fdfb-4a8b-87b3-8cb3253f4f09] Created FlowFile[1579,93427589739410.mockFlowFile,23B] from FlowFile[1578,93427589739410.mockFlowFile,23B]; routing to relationship simple
[pool-3111-thread-1] INFO org.apache.nifi.processors.standard.RouteText - RouteText[id=24e84634-fdfb-4a8b-87b3-8cb3253f4f09] Routing FlowFile[1578,93427589739410.mockFlowFile,23B] to original
[main] DEBUG org.apache.nifi.processors.standard.RouteText - RouteText[id=24e84634-fdfb-4a8b-87b3-8cb3253f4f09] Adding new dynamic property: PropertyDescriptor[simple]
[pool-3112-thread-1] INFO org.apache.nifi.processors.standard.RouteText - RouteText[id=24e84634-fdfb-4a8b-87b3-8cb3253f4f09] Created FlowFile[1581,93427590145341.mockFlowFile,23B] from FlowFile[1580,93427590145341.mockFlowFile,23B]; routing to relationship simple
[pool-3112-thread-1] INFO org.apache.nifi.processors.standard.RouteText - RouteText[id=24e84634-fdfb-4a8b-87b3-8cb3253f4f09] Routing FlowFile[1580,93427590145341.mockFlowFile,23B] to original
[main] DEBUG org.apache.nifi.processors.standard.RouteText - RouteText[id=24e84634-fdfb-4a8b-87b3-8cb3253f4f09] Adding new dynamic property: PropertyDescriptor[simple]
[pool-3113-thread-1] INFO org.apache.nifi.processors.standard.RouteText - RouteText[id=24e84634-fdfb-4a8b-87b3-8cb3253f4f09] Created FlowFile[1583,93427590548973.mockFlowFile,23B] from FlowFile[1582,93427590548973.mockFlowFile,23B]; routing to relationship simple
[pool-3113-thread-1] INFO org.apache.nifi.processors.standard.RouteText - RouteText[id=24e84634-fdfb-4a8b-87b3-8cb3253f4f09] Routing FlowFile[1582,93427590548973.mockFlowFile,23B] to original
[main] DEBUG org.apache.nifi.processors.standard.RouteText - RouteText[id=24e84634-fdfb-4a8b-87b3-8cb3253f4f09] Adding new dynamic property: PropertyDescriptor[simple]
[pool-3114-thread-1] INFO org.apache.nifi.processors.standard.RouteText - RouteText[id=24e84634-fdfb-4a8b-87b3-8cb3253f4f09] Created FlowFile[1585,93427590948034.mockFlowFile,23B] from FlowFile[1584,93427590948034.mockFlowFile,23B]; routing to relationship simple
[pool-3114-thread-1] INFO org.apache.nifi.processors.standard.RouteText - RouteText[id=24e84634-fdfb-4a8b-87b3-8cb3253f4f09] Routing FlowFile[1584,93427590948034.mockFlowFile,23B] to original
[main] DEBUG org.apache.nifi.processors.standard.RouteText - RouteText[id=24e84634-fdfb-4a8b-87b3-8cb3253f4f09] Adding new dynamic property: PropertyDescriptor[simple]
[pool-3115-thread-1] INFO org.apache.nifi.processors.standard.RouteText - RouteText[id=24e84634-fdfb-4a8b-87b3-8cb3253f4f09] Created FlowFile[1587,93427591357794.mockFlowFile,23B] from FlowFile[1586,93427591357794.mockFlowFile,23B]; routing to relationship simple
[pool-3115-thread-1] INFO org.apache.nifi.processors.standard.RouteText - RouteText[id=24e84634-fdfb-4a8b-87b3-8cb3253f4f09] Routing FlowFile[1586,93427591357794.mockFlowFile,23B] to original
[main] DEBUG org.apache.nifi.processors.standard.RouteText - RouteText[id=24e84634-fdfb-4a8b-87b3-8cb3253f4f09] Adding new dynamic property: PropertyDescriptor[simple]
[pool-3116-thread-1] INFO org.apache.nifi.processors.standard.RouteText - RouteText[id=24e84634-fdfb-4a8b-87b3-8cb3253f4f09] Created FlowFile[1589,93427591762327.mockFlowFile,23B] from FlowFile[1588,93427591762327.mockFlowFile,23B]; routing to relationship simple
[pool-3116-thread-1] INFO org.apache.nifi.processors.standard.RouteText - RouteText[id=24e84634-fdfb-4a8b-87b3-8cb3253f4f09] Routing FlowFile[1588,93427591762327.mockFlowFile,23B] to original
[main] DEBUG org.apache.nifi.processors.standard.RouteText - RouteText[id=24e84634-fdfb-4a8b-87b3-8cb3253f4f09] Adding new dynamic property: PropertyDescriptor[simple]
[pool-3117-thread-1] INFO org.apache.nifi.processors.standard.RouteText - RouteText[id=24e84634-fdfb-4a8b-87b3-8cb3253f4f09] Created FlowFile[1591,93427592198892.mockFlowFile,23B] from FlowFile[1590,93427592198892.mockFlowFile,23B]; routing to relationship simple
[pool-3117-thread-1] INFO org.apache.nifi.processors.standard.RouteText - RouteText[id=24e84634-fdfb-4a8b-87b3-8cb3253f4f09] Routing FlowFile[1590,93427592198892.mockFlowFile,23B] to original
[main] DEBUG org.apache.nifi.processors.standard.RouteText - RouteText[id=24e84634-fdfb-4a8b-87b3-8cb3253f4f09] Adding new dynamic property: PropertyDescriptor[simple]
[pool-3118-thread-1] INFO org.apache.nifi.processors.standard.RouteText - RouteText[id=24e84634-fdfb-4a8b-87b3-8cb3253f4f09] Created FlowFile[1593,93427592577114.mockFlowFile,23B] from FlowFile[1592,93427592577114.mockFlowFile,23B]; routing to relationship simple
[pool-3118-thread-1] INFO org.apache.nifi.processors.standard.RouteText - RouteText[id=24e84634-fdfb-4a8b-87b3-8cb3253f4f09] Routing FlowFile[1592,93427592577114.mockFlowFile,23B] to original
[main] DEBUG org.apache.nifi.processors.standard.RouteText - RouteText[id=24e84634-fdfb-4a8b-87b3-8cb3253f4f09] Adding new dynamic property: PropertyDescriptor[simple]
[pool-3119-thread-1] INFO org.apache.nifi.processors.standard.RouteText - RouteText[id=24e84634-fdfb-4a8b-87b3-8cb3253f4f09] Created FlowFile[1595,93427592985435.mockFlowFile,23B] from FlowFile[1594,93427592985435.mockFlowFile,23B]; routing to relationship simple
[pool-3119-thread-1] INFO org.apache.nifi.processors.standard.RouteText - RouteText[id=24e84634-fdfb-4a8b-87b3-8cb3253f4f09] Routing FlowFile[1594,93427592985435.mockFlowFile,23B] to original
[main] DEBUG org.apache.nifi.processors.standard.RouteText - RouteText[id=24e84634-fdfb-4a8b-87b3-8cb3253f4f09] Adding new dynamic property: PropertyDescriptor[simple]
[pool-3120-thread-1] INFO org.apache.nifi.processors.standard.RouteText - RouteText[id=24e84634-fdfb-4a8b-87b3-8cb3253f4f09] Created FlowFile[1597,93427593386880.mockFlowFile,23B] from FlowFile[1596,93427593386880.mockFlowFile,23B]; routing to relationship simple
[pool-3120-thread-1] INFO org.apache.nifi.processors.standard.RouteText - RouteText[id=24e84634-fdfb-4a8b-87b3-8cb3253f4f09] Routing FlowFile[1596,93427593386880.mockFlowFile,23B] to original
[main] DEBUG org.apache.nifi.processors.standard.RouteText - RouteText[id=24e84634-fdfb-4a8b-87b3-8cb3253f4f09] Adding new dynamic property: PropertyDescriptor[simple]
[pool-3121-thread-1] INFO org.apache.nifi.processors.standard.RouteText - RouteText[id=24e84634-fdfb-4a8b-87b3-8cb3253f4f09] Created FlowFile[1599,93427593789353.mockFlowFile,23B] from FlowFile[1598,93427593789353.mockFlowFile,23B]; routing to relationship simple
[pool-3121-thread-1] INFO org.apache.nifi.processors.standard.RouteText - RouteText[id=24e84634-fdfb-4a8b-87b3-8cb3253f4f09] Routing FlowFile[1598,93427593789353.mockFlowFile,23B] to original
[main] DEBUG org.apache.nifi.processors.standard.RouteText - RouteText[id=24e84634-fdfb-4a8b-87b3-8cb3253f4f09] Adding new dynamic property: PropertyDescriptor[simple]
[pool-3122-thread-1] INFO org.apache.nifi.processors.standard.RouteText - RouteText[id=24e84634-fdfb-4a8b-87b3-8cb3253f4f09] Created FlowFile[1601,93427594202504.mockFlowFile,23B] from FlowFile[1600,93427594202504.mockFlowFile,23B]; routing to relationship simple
[pool-3122-thread-1] INFO org.apache.nifi.processors.standard.RouteText - RouteText[id=24e84634-fdfb-4a8b-87b3-8cb3253f4f09] Routing FlowFile[1600,93427594202504.mockFlowFile,23B] to original
[main] DEBUG org.apache.nifi.processors.standard.RouteText - RouteText[id=24e84634-fdfb-4a8b-87b3-8cb3253f4f09] Adding new dynamic property: PropertyDescriptor[simple]
[pool-3123-thread-1] INFO org.apache.nifi.processors.standard.RouteText - RouteText[id=24e84634-fdfb-4a8b-87b3-8cb3253f4f09] Created FlowFile[1603,93427594626223.mockFlowFile,23B] from FlowFile[1602,93427594626223.mockFlowFile,23B]; routing to relationship simple
[pool-3123-thread-1] INFO org.apache.nifi.processors.standard.RouteText - RouteText[id=24e84634-fdfb-4a8b-87b3-8cb3253f4f09] Routing FlowFile[1602,93427594626223.mockFlowFile,23B] to original
[main] DEBUG org.apache.nifi.processors.standard.RouteText - RouteText[id=24e84634-fdfb-4a8b-87b3-8cb3253f4f09] Adding new dynamic property: PropertyDescriptor[simple]
[pool-3124-thread-1] INFO org.apache.nifi.processors.standard.RouteText - RouteText[id=24e84634-fdfb-4a8b-87b3-8cb3253f4f09] Created FlowFile[1605,93427595102338.mockFlowFile,23B] from FlowFile[1604,93427595102338.mockFlowFile,23B]; routing to relationship simple
[pool-3124-thread-1] INFO org.apache.nifi.processors.standard.RouteText - RouteText[id=24e84634-fdfb-4a8b-87b3-8cb3253f4f09] Routing FlowFile[1604,93427595102338.mockFlowFile,23B] to original
[main] DEBUG org.apache.nifi.processors.standard.RouteText - RouteText[id=24e84634-fdfb-4a8b-87b3-8cb3253f4f09] Adding new dynamic property: PropertyDescriptor[simple]
[pool-3125-thread-1] INFO org.apache.nifi.processors.standard.RouteText - RouteText[id=24e84634-fdfb-4a8b-87b3-8cb3253f4f09] Created FlowFile[1607,93427595557798.mockFlowFile,23B] from FlowFile[1606,93427595557798.mockFlowFile,23B]; routing to relationship simple
[pool-3125-thread-1] INFO org.apache.nifi.processors.standard.RouteText - RouteText[id=24e84634-fdfb-4a8b-87b3-8cb3253f4f09] Routing FlowFile[1606,93427595557798.mockFlowFile,23B] to original
[main] DEBUG org.apache.nifi.processors.standard.RouteText - RouteText[id=24e84634-fdfb-4a8b-87b3-8cb3253f4f09] Adding new dynamic property: PropertyDescriptor[simple]
[pool-3126-thread-1] INFO org.apache.nifi.processors.standard.RouteText - RouteText[id=24e84634-fdfb-4a8b-87b3-8cb3253f4f09] Created FlowFile[1609,93427595990985.mockFlowFile,23B] from FlowFile[1608,93427595990985.mockFlowFile,23B]; routing to relationship simple
[pool-3126-thread-1] INFO org.apache.nifi.processors.standard.RouteText - RouteText[id=24e84634-fdfb-4a8b-87b3-8cb3253f4f09] Routing FlowFile[1608,93427595990985.mockFlowFile,23B] to original
[main] DEBUG org.apache.nifi.processors.standard.RouteText - RouteText[id=24e84634-fdfb-4a8b-87b3-8cb3253f4f09] Adding new dynamic property: PropertyDescriptor[simple]
[pool-3127-thread-1] INFO org.apache.nifi.processors.standard.RouteText - RouteText[id=24e84634-fdfb-4a8b-87b3-8cb3253f4f09] Created FlowFile[1611,93427596508417.mockFlowFile,23B] from FlowFile[1610,93427596508417.mockFlowFile,23B]; routing to relationship simple
[pool-3127-thread-1] INFO org.apache.nifi.processors.standard.RouteText - RouteText[id=24e84634-fdfb-4a8b-87b3-8cb3253f4f09] Routing FlowFile[1610,93427596508417.mockFlowFile,23B] to original
[main] DEBUG org.apache.nifi.processors.standard.RouteText - RouteText[id=24e84634-fdfb-4a8b-87b3-8cb3253f4f09] Adding new dynamic property: PropertyDescriptor[simple]
[pool-3128-thread-1] INFO org.apache.nifi.processors.standard.RouteText - RouteText[id=24e84634-fdfb-4a8b-87b3-8cb3253f4f09] Created FlowFile[1613,93427596935193.mockFlowFile,23B] from FlowFile[1612,93427596935193.mockFlowFile,23B]; routing to relationship simple
[pool-3128-thread-1] INFO org.apache.nifi.processors.standard.RouteText - RouteText[id=24e84634-fdfb-4a8b-87b3-8cb3253f4f09] Routing FlowFile[1612,93427596935193.mockFlowFile,23B] to original
[main] DEBUG org.apache.nifi.processors.standard.RouteText - RouteText[id=24e84634-fdfb-4a8b-87b3-8cb3253f4f09] Adding new dynamic property: PropertyDescriptor[simple]
[pool-3129-thread-1] INFO org.apache.nifi.processors.standard.RouteText - RouteText[id=24e84634-fdfb-4a8b-87b3-8cb3253f4f09] Created FlowFile[1615,93427597350857.mockFlowFile,23B] from FlowFile[1614,93427597350857.mockFlowFile,23B]; routing to relationship simple
[pool-3129-thread-1] INFO org.apache.nifi.processors.standard.RouteText - RouteText[id=24e84634-fdfb-4a8b-87b3-8cb3253f4f09] Routing FlowFile[1614,93427597350857.mockFlowFile,23B] to original
[main] DEBUG org.apache.nifi.processors.standard.RouteText - RouteText[id=24e84634-fdfb-4a8b-87b3-8cb3253f4f09] Adding new dynamic property: PropertyDescriptor[simple]
[pool-3130-thread-1] INFO org.apache.nifi.processors.standard.RouteText - RouteText[id=24e84634-fdfb-4a8b-87b3-8cb3253f4f09] Created FlowFile[1617,93427597843129.mockFlowFile,23B] from FlowFile[1616,93427597843129.mockFlowFile,23B]; routing to relationship simple
[pool-3130-thread-1] INFO org.apache.nifi.processors.standard.RouteText - RouteText[id=24e84634-fdfb-4a8b-87b3-8cb3253f4f09] Routing FlowFile[1616,93427597843129.mockFlowFile,23B] to original
[main] DEBUG org.apache.nifi.processors.standard.RouteText - RouteText[id=24e84634-fdfb-4a8b-87b3-8cb3253f4f09] Adding new dynamic property: PropertyDescriptor[simple]
[pool-3131-thread-1] INFO org.apache.nifi.processors.standard.RouteText - RouteText[id=24e84634-fdfb-4a8b-87b3-8cb3253f4f09] Created FlowFile[1619,93427598275199.mockFlowFile,23B] from FlowFile[1618,93427598275199.mockFlowFile,23B]; routing to relationship simple
[pool-3131-thread-1] INFO org.apache.nifi.processors.standard.RouteText - RouteText[id=24e84634-fdfb-4a8b-87b3-8cb3253f4f09] Routing FlowFile[1618,93427598275199.mockFlowFile,23B] to original
[main] DEBUG org.apache.nifi.processors.standard.RouteText - RouteText[id=24e84634-fdfb-4a8b-87b3-8cb3253f4f09] Adding new dynamic property: PropertyDescriptor[simple]
[pool-3132-thread-1] INFO org.apache.nifi.processors.standard.RouteText - RouteText[id=24e84634-fdfb-4a8b-87b3-8cb3253f4f09] Created FlowFile[1621,93427598696140.mockFlowFile,23B] from FlowFile[1620,93427598696140.mockFlowFile,23B]; routing to relationship simple
[pool-3132-thread-1] INFO org.apache.nifi.processors.standard.RouteText - RouteText[id=24e84634-fdfb-4a8b-87b3-8cb3253f4f09] Routing FlowFile[1620,93427598696140.mockFlowFile,23B] to original
[main] DEBUG org.apache.nifi.processors.standard.RouteText - RouteText[id=24e84634-fdfb-4a8b-87b3-8cb3253f4f09] Adding new dynamic property: PropertyDescriptor[simple]
[pool-3133-thread-1] INFO org.apache.nifi.processors.standard.RouteText - RouteText[id=24e84634-fdfb-4a8b-87b3-8cb3253f4f09] Created FlowFile[1623,93427599118113.mockFlowFile,23B] from FlowFile[1622,93427599118113.mockFlowFile,23B]; routing to relationship simple
[pool-3133-thread-1] INFO org.apache.nifi.processors.standard.RouteText - RouteText[id=24e84634-fdfb-4a8b-87b3-8cb3253f4f09] Routing FlowFile[1622,93427599118113.mockFlowFile,23B] to original
[main] DEBUG org.apache.nifi.processors.standard.RouteText - RouteText[id=24e84634-fdfb-4a8b-87b3-8cb3253f4f09] Adding new dynamic property: PropertyDescriptor[simple]
[pool-3134-thread-1] INFO org.apache.nifi.processors.standard.RouteText - RouteText[id=24e84634-fdfb-4a8b-87b3-8cb3253f4f09] Created FlowFile[1625,93427599495887.mockFlowFile,23B] from FlowFile[1624,93427599495887.mockFlowFile,23B]; routing to relationship simple
[pool-3134-thread-1] INFO org.apache.nifi.processors.standard.RouteText - RouteText[id=24e84634-fdfb-4a8b-87b3-8cb3253f4f09] Routing FlowFile[1624,93427599495887.mockFlowFile,23B] to original
[main] DEBUG org.apache.nifi.processors.standard.RouteText - RouteText[id=24e84634-fdfb-4a8b-87b3-8cb3253f4f09] Adding new dynamic property: PropertyDescriptor[simple]
[pool-3135-thread-1] INFO org.apache.nifi.processors.standard.RouteText - RouteText[id=24e84634-fdfb-4a8b-87b3-8cb3253f4f09] Created FlowFile[1627,93427599913387.mockFlowFile,23B] from FlowFile[1626,93427599913387.mockFlowFile,23B]; routing to relationship simple
[pool-3135-thread-1] INFO org.apache.nifi.processors.standard.RouteText - RouteText[id=24e84634-fdfb-4a8b-87b3-8cb3253f4f09] Routing FlowFile[1626,93427599913387.mockFlowFile,23B] to original
[main] DEBUG org.apache.nifi.processors.standard.RouteText - RouteText[id=24e84634-fdfb-4a8b-87b3-8cb3253f4f09] Adding new dynamic property: PropertyDescriptor[simple]
[pool-3136-thread-1] INFO org.apache.nifi.processors.standard.RouteText - RouteText[id=24e84634-fdfb-4a8b-87b3-8cb3253f4f09] Created FlowFile[1629,93427600357244.mockFlowFile,23B] from FlowFile[1628,93427600357244.mockFlowFile,23B]; routing to relationship simple
[pool-3136-thread-1] INFO org.apache.nifi.processors.standard.RouteText - RouteText[id=24e84634-fdfb-4a8b-87b3-8cb3253f4f09] Routing FlowFile[1628,93427600357244.mockFlowFile,23B] to original
[main] DEBUG org.apache.nifi.processors.standard.RouteText - RouteText[id=24e84634-fdfb-4a8b-87b3-8cb3253f4f09] Adding new dynamic property: PropertyDescriptor[simple]
[pool-3137-thread-1] INFO org.apache.nifi.processors.standard.RouteText - RouteText[id=24e84634-fdfb-4a8b-87b3-8cb3253f4f09] Created FlowFile[1631,93427600806728.mockFlowFile,23B] from FlowFile[1630,93427600806728.mockFlowFile,23B]; routing to relationship simple
[pool-3137-thread-1] INFO org.apache.nifi.processors.standard.RouteText - RouteText[id=24e84634-fdfb-4a8b-87b3-8cb3253f4f09] Routing FlowFile[1630,93427600806728.mockFlowFile,23B] to original
[main] DEBUG org.apache.nifi.processors.standard.RouteText - RouteText[id=24e84634-fdfb-4a8b-87b3-8cb3253f4f09] Adding new dynamic property: PropertyDescriptor[simple]
[pool-3138-thread-1] INFO org.apache.nifi.processors.standard.RouteText - RouteText[id=24e84634-fdfb-4a8b-87b3-8cb3253f4f09] Created FlowFile[1633,93427601288475.mockFlowFile,23B] from FlowFile[1632,93427601288475.mockFlowFile,23B]; routing to relationship simple
[pool-3138-thread-1] INFO org.apache.nifi.processors.standard.RouteText - RouteText[id=24e84634-fdfb-4a8b-87b3-8cb3253f4f09] Routing FlowFile[1632,93427601288475.mockFlowFile,23B] to original
[main] DEBUG org.apache.nifi.processors.standard.RouteText - RouteText[id=24e84634-fdfb-4a8b-87b3-8cb3253f4f09] Adding new dynamic property: PropertyDescriptor[simple]
[pool-3139-thread-1] INFO org.apache.nifi.processors.standard.RouteText - RouteText[id=24e84634-fdfb-4a8b-87b3-8cb3253f4f09] Created FlowFile[1635,93427601724794.mockFlowFile,23B] from FlowFile[1634,93427601724794.mockFlowFile,23B]; routing to relationship simple
[pool-3139-thread-1] INFO org.apache.nifi.processors.standard.RouteText - RouteText[id=24e84634-fdfb-4a8b-87b3-8cb3253f4f09] Routing FlowFile[1634,93427601724794.mockFlowFile,23B] to original
[main] DEBUG org.apache.nifi.processors.standard.RouteText - RouteText[id=24e84634-fdfb-4a8b-87b3-8cb3253f4f09] Adding new dynamic property: PropertyDescriptor[simple]
[pool-3140-thread-1] INFO org.apache.nifi.processors.standard.RouteText - RouteText[id=24e84634-fdfb-4a8b-87b3-8cb3253f4f09] Created FlowFile[1637,93427602071636.mockFlowFile,23B] from FlowFile[1636,93427602071636.mockFlowFile,23B]; routing to relationship simple
[pool-3140-thread-1] INFO org.apache.nifi.processors.standard.RouteText - RouteText[id=24e84634-fdfb-4a8b-87b3-8cb3253f4f09] Routing FlowFile[1636,93427602071636.mockFlowFile,23B] to original
[main] DEBUG org.apache.nifi.processors.standard.RouteText - RouteText[id=24e84634-fdfb-4a8b-87b3-8cb3253f4f09] Adding new dynamic property: PropertyDescriptor[simple]
[pool-3141-thread-1] INFO org.apache.nifi.processors.standard.RouteText - RouteText[id=24e84634-fdfb-4a8b-87b3-8cb3253f4f09] Created FlowFile[1639,93427602412550.mockFlowFile,23B] from FlowFile[1638,93427602412550.mockFlowFile,23B]; routing to relationship simple
[pool-3141-thread-1] INFO org.apache.nifi.processors.standard.RouteText - RouteText[id=24e84634-fdfb-4a8b-87b3-8cb3253f4f09] Routing FlowFile[1638,93427602412550.mockFlowFile,23B] to original
[main] DEBUG org.apache.nifi.processors.standard.RouteText - RouteText[id=24e84634-fdfb-4a8b-87b3-8cb3253f4f09] Adding new dynamic property: PropertyDescriptor[simple]
[pool-3142-thread-1] INFO org.apache.nifi.processors.standard.RouteText - RouteText[id=24e84634-fdfb-4a8b-87b3-8cb3253f4f09] Created FlowFile[1641,93427602728471.mockFlowFile,23B] from FlowFile[1640,93427602728471.mockFlowFile,23B]; routing to relationship simple
[pool-3142-thread-1] INFO org.apache.nifi.processors.standard.RouteText - RouteText[id=24e84634-fdfb-4a8b-87b3-8cb3253f4f09] Routing FlowFile[1640,93427602728471.mockFlowFile,23B] to original
[main] DEBUG org.apache.nifi.processors.standard.RouteText - RouteText[id=24e84634-fdfb-4a8b-87b3-8cb3253f4f09] Adding new dynamic property: PropertyDescriptor[simple]
[pool-3143-thread-1] INFO org.apache.nifi.processors.standard.RouteText - RouteText[id=24e84634-fdfb-4a8b-87b3-8cb3253f4f09] Created FlowFile[1643,93427603040651.mockFlowFile,23B] from FlowFile[1642,93427603040651.mockFlowFile,23B]; routing to relationship simple
[pool-3143-thread-1] INFO org.apache.nifi.processors.standard.RouteText - RouteText[id=24e84634-fdfb-4a8b-87b3-8cb3253f4f09] Routing FlowFile[1642,93427603040651.mockFlowFile,23B] to original
[main] DEBUG org.apache.nifi.processors.standard.RouteText - RouteText[id=24e84634-fdfb-4a8b-87b3-8cb3253f4f09] Adding new dynamic property: PropertyDescriptor[simple]
[pool-3144-thread-1] INFO org.apache.nifi.processors.standard.RouteText - RouteText[id=24e84634-fdfb-4a8b-87b3-8cb3253f4f09] Created FlowFile[1645,93427603487121.mockFlowFile,23B] from FlowFile[1644,93427603487121.mockFlowFile,23B]; routing to relationship simple
[pool-3144-thread-1] INFO org.apache.nifi.processors.standard.RouteText - RouteText[id=24e84634-fdfb-4a8b-87b3-8cb3253f4f09] Routing FlowFile[1644,93427603487121.mockFlowFile,23B] to original
[main] DEBUG org.apache.nifi.processors.standard.RouteText - RouteText[id=24e84634-fdfb-4a8b-87b3-8cb3253f4f09] Adding new dynamic property: PropertyDescriptor[simple]
[pool-3145-thread-1] INFO org.apache.nifi.processors.standard.RouteText - RouteText[id=24e84634-fdfb-4a8b-87b3-8cb3253f4f09] Created FlowFile[1647,93427603827741.mockFlowFile,23B] from FlowFile[1646,93427603827741.mockFlowFile,23B]; routing to relationship simple
[pool-3145-thread-1] INFO org.apache.nifi.processors.standard.RouteText - RouteText[id=24e84634-fdfb-4a8b-87b3-8cb3253f4f09] Routing FlowFile[1646,93427603827741.mockFlowFile,23B] to original
[main] DEBUG org.apache.nifi.processors.standard.RouteText - RouteText[id=24e84634-fdfb-4a8b-87b3-8cb3253f4f09] Adding new dynamic property: PropertyDescriptor[simple]
[pool-3146-thread-1] INFO org.apache.nifi.processors.standard.RouteText - RouteText[id=24e84634-fdfb-4a8b-87b3-8cb3253f4f09] Created FlowFile[1649,93427604234155.mockFlowFile,23B] from FlowFile[1648,93427604234155.mockFlowFile,23B]; routing to relationship simple
[pool-3146-thread-1] INFO org.apache.nifi.processors.standard.RouteText - RouteText[id=24e84634-fdfb-4a8b-87b3-8cb3253f4f09] Routing FlowFile[1648,93427604234155.mockFlowFile,23B] to original
[main] DEBUG org.apache.nifi.processors.standard.RouteText - RouteText[id=24e84634-fdfb-4a8b-87b3-8cb3253f4f09] Adding new dynamic property: PropertyDescriptor[simple]
[pool-3147-thread-1] INFO org.apache.nifi.processors.standard.RouteText - RouteText[id=24e84634-fdfb-4a8b-87b3-8cb3253f4f09] Created FlowFile[1651,93427604630408.mockFlowFile,23B] from FlowFile[1650,93427604630408.mockFlowFile,23B]; routing to relationship simple
[pool-3147-thread-1] INFO org.apache.nifi.processors.standard.RouteText - RouteText[id=24e84634-fdfb-4a8b-87b3-8cb3253f4f09] Routing FlowFile[1650,93427604630408.mockFlowFile,23B] to original
[main] DEBUG org.apache.nifi.processors.standard.RouteText - RouteText[id=24e84634-fdfb-4a8b-87b3-8cb3253f4f09] Adding new dynamic property: PropertyDescriptor[simple]
[pool-3148-thread-1] INFO org.apache.nifi.processors.standard.RouteText - RouteText[id=24e84634-fdfb-4a8b-87b3-8cb3253f4f09] Created FlowFile[1653,93427605001808.mockFlowFile,23B] from FlowFile[1652,93427605001808.mockFlowFile,23B]; routing to relationship simple
[pool-3148-thread-1] INFO org.apache.nifi.processors.standard.RouteText - RouteText[id=24e84634-fdfb-4a8b-87b3-8cb3253f4f09] Routing FlowFile[1652,93427605001808.mockFlowFile,23B] to original
[main] DEBUG org.apache.nifi.processors.standard.RouteText - RouteText[id=24e84634-fdfb-4a8b-87b3-8cb3253f4f09] Adding new dynamic property: PropertyDescriptor[simple]
[pool-3149-thread-1] INFO org.apache.nifi.processors.standard.RouteText - RouteText[id=24e84634-fdfb-4a8b-87b3-8cb3253f4f09] Created FlowFile[1655,93427605299594.mockFlowFile,23B] from FlowFile[1654,93427605299594.mockFlowFile,23B]; routing to relationship simple
[pool-3149-thread-1] INFO org.apache.nifi.processors.standard.RouteText - RouteText[id=24e84634-fdfb-4a8b-87b3-8cb3253f4f09] Routing FlowFile[1654,93427605299594.mockFlowFile,23B] to original
[main] DEBUG org.apache.nifi.processors.standard.RouteText - RouteText[id=24e84634-fdfb-4a8b-87b3-8cb3253f4f09] Adding new dynamic property: PropertyDescriptor[simple]
[pool-3150-thread-1] INFO org.apache.nifi.processors.standard.RouteText - RouteText[id=24e84634-fdfb-4a8b-87b3-8cb3253f4f09] Created FlowFile[1657,93427605560309.mockFlowFile,23B] from FlowFile[1656,93427605560309.mockFlowFile,23B]; routing to relationship simple
[pool-3150-thread-1] INFO org.apache.nifi.processors.standard.RouteText - RouteText[id=24e84634-fdfb-4a8b-87b3-8cb3253f4f09] Routing FlowFile[1656,93427605560309.mockFlowFile,23B] to original
[main] DEBUG org.apache.nifi.processors.standard.RouteText - RouteText[id=24e84634-fdfb-4a8b-87b3-8cb3253f4f09] Adding new dynamic property: PropertyDescriptor[simple]
[pool-3151-thread-1] INFO org.apache.nifi.processors.standard.RouteText - RouteText[id=24e84634-fdfb-4a8b-87b3-8cb3253f4f09] Created FlowFile[1659,93427605846603.mockFlowFile,23B] from FlowFile[1658,93427605846603.mockFlowFile,23B]; routing to relationship simple
[pool-3151-thread-1] INFO org.apache.nifi.processors.standard.RouteText - RouteText[id=24e84634-fdfb-4a8b-87b3-8cb3253f4f09] Routing FlowFile[1658,93427605846603.mockFlowFile,23B] to original
[main] DEBUG org.apache.nifi.processors.standard.RouteText - RouteText[id=24e84634-fdfb-4a8b-87b3-8cb3253f4f09] Adding new dynamic property: PropertyDescriptor[simple]
[pool-3152-thread-1] INFO org.apache.nifi.processors.standard.RouteText - RouteText[id=24e84634-fdfb-4a8b-87b3-8cb3253f4f09] Created FlowFile[1661,93427606221476.mockFlowFile,23B] from FlowFile[1660,93427606221476.mockFlowFile,23B]; routing to relationship simple
[pool-3152-thread-1] INFO org.apache.nifi.processors.standard.RouteText - RouteText[id=24e84634-fdfb-4a8b-87b3-8cb3253f4f09] Routing FlowFile[1660,93427606221476.mockFlowFile,23B] to original
[main] DEBUG org.apache.nifi.processors.standard.RouteText - RouteText[id=24e84634-fdfb-4a8b-87b3-8cb3253f4f09] Adding new dynamic property: PropertyDescriptor[simple]
[pool-3153-thread-1] INFO org.apache.nifi.processors.standard.RouteText - RouteText[id=24e84634-fdfb-4a8b-87b3-8cb3253f4f09] Created FlowFile[1663,93427606779342.mockFlowFile,23B] from FlowFile[1662,93427606779342.mockFlowFile,23B]; routing to relationship simple
[pool-3153-thread-1] INFO org.apache.nifi.processors.standard.RouteText - RouteText[id=24e84634-fdfb-4a8b-87b3-8cb3253f4f09] Routing FlowFile[1662,93427606779342.mockFlowFile,23B] to original
[main] DEBUG org.apache.nifi.processors.standard.RouteText - RouteText[id=24e84634-fdfb-4a8b-87b3-8cb3253f4f09] Adding new dynamic property: PropertyDescriptor[simple]
[pool-3154-thread-1] INFO org.apache.nifi.processors.standard.RouteText - RouteText[id=24e84634-fdfb-4a8b-87b3-8cb3253f4f09] Created FlowFile[1665,93427607375452.mockFlowFile,23B] from FlowFile[1664,93427607375452.mockFlowFile,23B]; routing to relationship simple
[pool-3154-thread-1] INFO org.apache.nifi.processors.standard.RouteText - RouteText[id=24e84634-fdfb-4a8b-87b3-8cb3253f4f09] Routing FlowFile[1664,93427607375452.mockFlowFile,23B] to original
[main] DEBUG org.apache.nifi.processors.standard.RouteText - RouteText[id=24e84634-fdfb-4a8b-87b3-8cb3253f4f09] Adding new dynamic property: PropertyDescriptor[simple]
[pool-3155-thread-1] INFO org.apache.nifi.processors.standard.RouteText - RouteText[id=24e84634-fdfb-4a8b-87b3-8cb3253f4f09] Created FlowFile[1667,93427608528427.mockFlowFile,23B] from FlowFile[1666,93427608528427.mockFlowFile,23B]; routing to relationship simple
[pool-3155-thread-1] INFO org.apache.nifi.processors.standard.RouteText - RouteText[id=24e84634-fdfb-4a8b-87b3-8cb3253f4f09] Routing FlowFile[1666,93427608528427.mockFlowFile,23B] to original
[main] DEBUG org.apache.nifi.processors.standard.RouteText - RouteText[id=24e84634-fdfb-4a8b-87b3-8cb3253f4f09] Adding new dynamic property: PropertyDescriptor[simple]
[pool-3156-thread-1] INFO org.apache.nifi.processors.standard.RouteText - RouteText[id=24e84634-fdfb-4a8b-87b3-8cb3253f4f09] Created FlowFile[1669,93427609303983.mockFlowFile,23B] from FlowFile[1668,93427609303983.mockFlowFile,23B]; routing to relationship simple
[pool-3156-thread-1] INFO org.apache.nifi.processors.standard.RouteText - RouteText[id=24e84634-fdfb-4a8b-87b3-8cb3253f4f09] Routing FlowFile[1668,93427609303983.mockFlowFile,23B] to original
[main] DEBUG org.apache.nifi.processors.standard.RouteText - RouteText[id=24e84634-fdfb-4a8b-87b3-8cb3253f4f09] Adding new dynamic property: PropertyDescriptor[simple]
[pool-3157-thread-1] INFO org.apache.nifi.processors.standard.RouteText - RouteText[id=24e84634-fdfb-4a8b-87b3-8cb3253f4f09] Created FlowFile[1671,93427609759206.mockFlowFile,23B] from FlowFile[1670,93427609759206.mockFlowFile,23B]; routing to relationship simple
[pool-3157-thread-1] INFO org.apache.nifi.processors.standard.RouteText - RouteText[id=24e84634-fdfb-4a8b-87b3-8cb3253f4f09] Routing FlowFile[1670,93427609759206.mockFlowFile,23B] to original
[main] DEBUG org.apache.nifi.processors.standard.RouteText - RouteText[id=24e84634-fdfb-4a8b-87b3-8cb3253f4f09] Adding new dynamic property: PropertyDescriptor[simple]
[pool-3158-thread-1] INFO org.apache.nifi.processors.standard.RouteText - RouteText[id=24e84634-fdfb-4a8b-87b3-8cb3253f4f09] Created FlowFile[1673,93427610259289.mockFlowFile,23B] from FlowFile[1672,93427610259289.mockFlowFile,23B]; routing to relationship simple
[pool-3158-thread-1] INFO org.apache.nifi.processors.standard.RouteText - RouteText[id=24e84634-fdfb-4a8b-87b3-8cb3253f4f09] Routing FlowFile[1672,93427610259289.mockFlowFile,23B] to original
[main] DEBUG org.apache.nifi.processors.standard.RouteText - RouteText[id=24e84634-fdfb-4a8b-87b3-8cb3253f4f09] Adding new dynamic property: PropertyDescriptor[simple]
[pool-3159-thread-1] INFO org.apache.nifi.processors.standard.RouteText - RouteText[id=24e84634-fdfb-4a8b-87b3-8cb3253f4f09] Created FlowFile[1675,93427610842393.mockFlowFile,23B] from FlowFile[1674,93427610842393.mockFlowFile,23B]; routing to relationship simple
[pool-3159-thread-1] INFO org.apache.nifi.processors.standard.RouteText - RouteText[id=24e84634-fdfb-4a8b-87b3-8cb3253f4f09] Routing FlowFile[1674,93427610842393.mockFlowFile,23B] to original
[main] DEBUG org.apache.nifi.processors.standard.RouteText - RouteText[id=24e84634-fdfb-4a8b-87b3-8cb3253f4f09] Adding new dynamic property: PropertyDescriptor[simple]
[pool-3160-thread-1] INFO org.apache.nifi.processors.standard.RouteText - RouteText[id=24e84634-fdfb-4a8b-87b3-8cb3253f4f09] Created FlowFile[1677,93427611406036.mockFlowFile,23B] from FlowFile[1676,93427611406036.mockFlowFile,23B]; routing to relationship simple
[pool-3160-thread-1] INFO org.apache.nifi.processors.standard.RouteText - RouteText[id=24e84634-fdfb-4a8b-87b3-8cb3253f4f09] Routing FlowFile[1676,93427611406036.mockFlowFile,23B] to original
[main] DEBUG org.apache.nifi.processors.standard.RouteText - RouteText[id=24e84634-fdfb-4a8b-87b3-8cb3253f4f09] Adding new dynamic property: PropertyDescriptor[simple]
[pool-3161-thread-1] INFO org.apache.nifi.processors.standard.RouteText - RouteText[id=24e84634-fdfb-4a8b-87b3-8cb3253f4f09] Created FlowFile[1679,93427611949194.mockFlowFile,23B] from FlowFile[1678,93427611949194.mockFlowFile,23B]; routing to relationship simple
[pool-3161-thread-1] INFO org.apache.nifi.processors.standard.RouteText - RouteText[id=24e84634-fdfb-4a8b-87b3-8cb3253f4f09] Routing FlowFile[1678,93427611949194.mockFlowFile,23B] to original
[main] DEBUG org.apache.nifi.processors.standard.RouteText - RouteText[id=24e84634-fdfb-4a8b-87b3-8cb3253f4f09] Adding new dynamic property: PropertyDescriptor[simple]
[pool-3162-thread-1] INFO org.apache.nifi.processors.standard.RouteText - RouteText[id=24e84634-fdfb-4a8b-87b3-8cb3253f4f09] Created FlowFile[1681,93427612533718.mockFlowFile,23B] from FlowFile[1680,93427612533718.mockFlowFile,23B]; routing to relationship simple
[pool-3162-thread-1] INFO org.apache.nifi.processors.standard.RouteText - RouteText[id=24e84634-fdfb-4a8b-87b3-8cb3253f4f09] Routing FlowFile[1680,93427612533718.mockFlowFile,23B] to original
[main] DEBUG org.apache.nifi.processors.standard.RouteText - RouteText[id=24e84634-fdfb-4a8b-87b3-8cb3253f4f09] Adding new dynamic property: PropertyDescriptor[simple]
[pool-3163-thread-1] INFO org.apache.nifi.processors.standard.RouteText - RouteText[id=24e84634-fdfb-4a8b-87b3-8cb3253f4f09] Created FlowFile[1683,93427613096065.mockFlowFile,23B] from FlowFile[1682,93427613096065.mockFlowFile,23B]; routing to relationship simple
[pool-3163-thread-1] INFO org.apache.nifi.processors.standard.RouteText - RouteText[id=24e84634-fdfb-4a8b-87b3-8cb3253f4f09] Routing FlowFile[1682,93427613096065.mockFlowFile,23B] to original
[main] DEBUG org.apache.nifi.processors.standard.RouteText - RouteText[id=24e84634-fdfb-4a8b-87b3-8cb3253f4f09] Adding new dynamic property: PropertyDescriptor[simple]
[pool-3164-thread-1] INFO org.apache.nifi.processors.standard.RouteText - RouteText[id=24e84634-fdfb-4a8b-87b3-8cb3253f4f09] Created FlowFile[1685,93427613597774.mockFlowFile,23B] from FlowFile[1684,93427613597774.mockFlowFile,23B]; routing to relationship simple
[pool-3164-thread-1] INFO org.apache.nifi.processors.standard.RouteText - RouteText[id=24e84634-fdfb-4a8b-87b3-8cb3253f4f09] Routing FlowFile[1684,93427613597774.mockFlowFile,23B] to original
[main] DEBUG org.apache.nifi.processors.standard.RouteText - RouteText[id=24e84634-fdfb-4a8b-87b3-8cb3253f4f09] Adding new dynamic property: PropertyDescriptor[simple]
[pool-3165-thread-1] INFO org.apache.nifi.processors.standard.RouteText - RouteText[id=24e84634-fdfb-4a8b-87b3-8cb3253f4f09] Created FlowFile[1687,93427613983659.mockFlowFile,23B] from FlowFile[1686,93427613983659.mockFlowFile,23B]; routing to relationship simple
[pool-3165-thread-1] INFO org.apache.nifi.processors.standard.RouteText - RouteText[id=24e84634-fdfb-4a8b-87b3-8cb3253f4f09] Routing FlowFile[1686,93427613983659.mockFlowFile,23B] to original
[main] DEBUG org.apache.nifi.processors.standard.RouteText - RouteText[id=24e84634-fdfb-4a8b-87b3-8cb3253f4f09] Adding new dynamic property: PropertyDescriptor[simple]
[pool-3166-thread-1] INFO org.apache.nifi.processors.standard.RouteText - RouteText[id=24e84634-fdfb-4a8b-87b3-8cb3253f4f09] Created FlowFile[1689,93427614367433.mockFlowFile,23B] from FlowFile[1688,93427614367433.mockFlowFile,23B]; routing to relationship simple
[pool-3166-thread-1] INFO org.apache.nifi.processors.standard.RouteText - RouteText[id=24e84634-fdfb-4a8b-87b3-8cb3253f4f09] Routing FlowFile[1688,93427614367433.mockFlowFile,23B] to original
[main] DEBUG org.apache.nifi.processors.standard.RouteText - RouteText[id=24e84634-fdfb-4a8b-87b3-8cb3253f4f09] Adding new dynamic property: PropertyDescriptor[simple]
[pool-3167-thread-1] INFO org.apache.nifi.processors.standard.RouteText - RouteText[id=24e84634-fdfb-4a8b-87b3-8cb3253f4f09] Created FlowFile[1691,93427614672764.mockFlowFile,23B] from FlowFile[1690,93427614672764.mockFlowFile,23B]; routing to relationship simple
[pool-3167-thread-1] INFO org.apache.nifi.processors.standard.RouteText - RouteText[id=24e84634-fdfb-4a8b-87b3-8cb3253f4f09] Routing FlowFile[1690,93427614672764.mockFlowFile,23B] to original
[main] DEBUG org.apache.nifi.processors.standard.RouteText - RouteText[id=24e84634-fdfb-4a8b-87b3-8cb3253f4f09] Adding new dynamic property: PropertyDescriptor[simple]
[pool-3168-thread-1] INFO org.apache.nifi.processors.standard.RouteText - RouteText[id=24e84634-fdfb-4a8b-87b3-8cb3253f4f09] Created FlowFile[1693,93427614934431.mockFlowFile,23B] from FlowFile[1692,93427614934431.mockFlowFile,23B]; routing to relationship simple
[pool-3168-thread-1] INFO org.apache.nifi.processors.standard.RouteText - RouteText[id=24e84634-fdfb-4a8b-87b3-8cb3253f4f09] Routing FlowFile[1692,93427614934431.mockFlowFile,23B] to original
[main] DEBUG org.apache.nifi.processors.standard.RouteText - RouteText[id=24e84634-fdfb-4a8b-87b3-8cb3253f4f09] Adding new dynamic property: PropertyDescriptor[simple]
[pool-3169-thread-1] INFO org.apache.nifi.processors.standard.RouteText - RouteText[id=24e84634-fdfb-4a8b-87b3-8cb3253f4f09] Created FlowFile[1695,93427615338914.mockFlowFile,23B] from FlowFile[1694,93427615338914.mockFlowFile,23B]; routing to relationship simple
[pool-3169-thread-1] INFO org.apache.nifi.processors.standard.RouteText - RouteText[id=24e84634-fdfb-4a8b-87b3-8cb3253f4f09] Routing FlowFile[1694,93427615338914.mockFlowFile,23B] to original
[main] DEBUG org.apache.nifi.processors.standard.RouteText - RouteText[id=24e84634-fdfb-4a8b-87b3-8cb3253f4f09] Adding new dynamic property: PropertyDescriptor[simple]
[pool-3170-thread-1] INFO org.apache.nifi.processors.standard.RouteText - RouteText[id=24e84634-fdfb-4a8b-87b3-8cb3253f4f09] Created FlowFile[1697,93427615776769.mockFlowFile,23B] from FlowFile[1696,93427615776769.mockFlowFile,23B]; routing to relationship simple
[pool-3170-thread-1] INFO org.apache.nifi.processors.standard.RouteText - RouteText[id=24e84634-fdfb-4a8b-87b3-8cb3253f4f09] Routing FlowFile[1696,93427615776769.mockFlowFile,23B] to original
[main] DEBUG org.apache.nifi.processors.standard.RouteText - RouteText[id=24e84634-fdfb-4a8b-87b3-8cb3253f4f09] Adding new dynamic property: PropertyDescriptor[simple]
[pool-3171-thread-1] INFO org.apache.nifi.processors.standard.RouteText - RouteText[id=24e84634-fdfb-4a8b-87b3-8cb3253f4f09] Created FlowFile[1699,93427616125653.mockFlowFile,23B] from FlowFile[1698,93427616125653.mockFlowFile,23B]; routing to relationship simple
[pool-3171-thread-1] INFO org.apache.nifi.processors.standard.RouteText - RouteText[id=24e84634-fdfb-4a8b-87b3-8cb3253f4f09] Routing FlowFile[1698,93427616125653.mockFlowFile,23B] to original
[main] DEBUG org.apache.nifi.processors.standard.RouteText - RouteText[id=24e84634-fdfb-4a8b-87b3-8cb3253f4f09] Adding new dynamic property: PropertyDescriptor[simple]
[pool-3172-thread-1] INFO org.apache.nifi.processors.standard.RouteText - RouteText[id=24e84634-fdfb-4a8b-87b3-8cb3253f4f09] Created FlowFile[1701,93427616507874.mockFlowFile,23B] from FlowFile[1700,93427616507874.mockFlowFile,23B]; routing to relationship simple
[pool-3172-thread-1] INFO org.apache.nifi.processors.standard.RouteText - RouteText[id=24e84634-fdfb-4a8b-87b3-8cb3253f4f09] Routing FlowFile[1700,93427616507874.mockFlowFile,23B] to original
[main] DEBUG org.apache.nifi.processors.standard.RouteText - RouteText[id=24e84634-fdfb-4a8b-87b3-8cb3253f4f09] Adding new dynamic property: PropertyDescriptor[simple]
[pool-3173-thread-1] INFO org.apache.nifi.processors.standard.RouteText - RouteText[id=24e84634-fdfb-4a8b-87b3-8cb3253f4f09] Created FlowFile[1703,93427617001983.mockFlowFile,23B] from FlowFile[1702,93427617001983.mockFlowFile,23B]; routing to relationship simple
[pool-3173-thread-1] INFO org.apache.nifi.processors.standard.RouteText - RouteText[id=24e84634-fdfb-4a8b-87b3-8cb3253f4f09] Routing FlowFile[1702,93427617001983.mockFlowFile,23B] to original
[main] DEBUG org.apache.nifi.processors.standard.RouteText - RouteText[id=24e84634-fdfb-4a8b-87b3-8cb3253f4f09] Adding new dynamic property: PropertyDescriptor[simple]
[pool-3174-thread-1] INFO org.apache.nifi.processors.standard.RouteText - RouteText[id=24e84634-fdfb-4a8b-87b3-8cb3253f4f09] Created FlowFile[1705,93427617481964.mockFlowFile,23B] from FlowFile[1704,93427617481964.mockFlowFile,23B]; routing to relationship simple
[pool-3174-thread-1] INFO org.apache.nifi.processors.standard.RouteText - RouteText[id=24e84634-fdfb-4a8b-87b3-8cb3253f4f09] Routing FlowFile[1704,93427617481964.mockFlowFile,23B] to original
[main] DEBUG org.apache.nifi.processors.standard.RouteText - RouteText[id=24e84634-fdfb-4a8b-87b3-8cb3253f4f09] Adding new dynamic property: PropertyDescriptor[simple]
[pool-3175-thread-1] INFO org.apache.nifi.processors.standard.RouteText - RouteText[id=24e84634-fdfb-4a8b-87b3-8cb3253f4f09] Created FlowFile[1707,93427618017127.mockFlowFile,23B] from FlowFile[1706,93427618017127.mockFlowFile,23B]; routing to relationship simple
[pool-3175-thread-1] INFO org.apache.nifi.processors.standard.RouteText - RouteText[id=24e84634-fdfb-4a8b-87b3-8cb3253f4f09] Routing FlowFile[1706,93427618017127.mockFlowFile,23B] to original
[main] DEBUG org.apache.nifi.processors.standard.RouteText - RouteText[id=24e84634-fdfb-4a8b-87b3-8cb3253f4f09] Adding new dynamic property: PropertyDescriptor[simple]
[pool-3176-thread-1] INFO org.apache.nifi.processors.standard.RouteText - RouteText[id=24e84634-fdfb-4a8b-87b3-8cb3253f4f09] Created FlowFile[1709,93427618573186.mockFlowFile,23B] from FlowFile[1708,93427618573186.mockFlowFile,23B]; routing to relationship simple
[pool-3176-thread-1] INFO org.apache.nifi.processors.standard.RouteText - RouteText[id=24e84634-fdfb-4a8b-87b3-8cb3253f4f09] Routing FlowFile[1708,93427618573186.mockFlowFile,23B] to original
[main] DEBUG org.apache.nifi.processors.standard.RouteText - RouteText[id=24e84634-fdfb-4a8b-87b3-8cb3253f4f09] Adding new dynamic property: PropertyDescriptor[simple]
[pool-3177-thread-1] INFO org.apache.nifi.processors.standard.RouteText - RouteText[id=24e84634-fdfb-4a8b-87b3-8cb3253f4f09] Created FlowFile[1711,93427619069870.mockFlowFile,23B] from FlowFile[1710,93427619069870.mockFlowFile,23B]; routing to relationship simple
[pool-3177-thread-1] INFO org.apache.nifi.processors.standard.RouteText - RouteText[id=24e84634-fdfb-4a8b-87b3-8cb3253f4f09] Routing FlowFile[1710,93427619069870.mockFlowFile,23B] to original
[main] DEBUG org.apache.nifi.processors.standard.RouteText - RouteText[id=24e84634-fdfb-4a8b-87b3-8cb3253f4f09] Adding new dynamic property: PropertyDescriptor[simple]
[pool-3178-thread-1] INFO org.apache.nifi.processors.standard.RouteText - RouteText[id=24e84634-fdfb-4a8b-87b3-8cb3253f4f09] Created FlowFile[1713,93427619525404.mockFlowFile,23B] from FlowFile[1712,93427619525404.mockFlowFile,23B]; routing to relationship simple
[pool-3178-thread-1] INFO org.apache.nifi.processors.standard.RouteText - RouteText[id=24e84634-fdfb-4a8b-87b3-8cb3253f4f09] Routing FlowFile[1712,93427619525404.mockFlowFile,23B] to original
[main] DEBUG org.apache.nifi.processors.standard.RouteText - RouteText[id=24e84634-fdfb-4a8b-87b3-8cb3253f4f09] Adding new dynamic property: PropertyDescriptor[simple]
[pool-3179-thread-1] INFO org.apache.nifi.processors.standard.RouteText - RouteText[id=24e84634-fdfb-4a8b-87b3-8cb3253f4f09] Created FlowFile[1715,93427620037167.mockFlowFile,23B] from FlowFile[1714,93427620037167.mockFlowFile,23B]; routing to relationship simple
[pool-3179-thread-1] INFO org.apache.nifi.processors.standard.RouteText - RouteText[id=24e84634-fdfb-4a8b-87b3-8cb3253f4f09] Routing FlowFile[1714,93427620037167.mockFlowFile,23B] to original
[main] DEBUG org.apache.nifi.processors.standard.RouteText - RouteText[id=24e84634-fdfb-4a8b-87b3-8cb3253f4f09] Adding new dynamic property: PropertyDescriptor[simple]
[pool-3180-thread-1] INFO org.apache.nifi.processors.standard.RouteText - RouteText[id=24e84634-fdfb-4a8b-87b3-8cb3253f4f09] Created FlowFile[1717,93427620573598.mockFlowFile,23B] from FlowFile[1716,93427620573598.mockFlowFile,23B]; routing to relationship simple
[pool-3180-thread-1] INFO org.apache.nifi.processors.standard.RouteText - RouteText[id=24e84634-fdfb-4a8b-87b3-8cb3253f4f09] Routing FlowFile[1716,93427620573598.mockFlowFile,23B] to original
[main] DEBUG org.apache.nifi.processors.standard.RouteText - RouteText[id=24e84634-fdfb-4a8b-87b3-8cb3253f4f09] Adding new dynamic property: PropertyDescriptor[simple]
[pool-3181-thread-1] INFO org.apache.nifi.processors.standard.RouteText - RouteText[id=24e84634-fdfb-4a8b-87b3-8cb3253f4f09] Created FlowFile[1719,93427621111990.mockFlowFile,23B] from FlowFile[1718,93427621111990.mockFlowFile,23B]; routing to relationship simple
[pool-3181-thread-1] INFO org.apache.nifi.processors.standard.RouteText - RouteText[id=24e84634-fdfb-4a8b-87b3-8cb3253f4f09] Routing FlowFile[1718,93427621111990.mockFlowFile,23B] to original
[main] DEBUG org.apache.nifi.processors.standard.RouteText - RouteText[id=24e84634-fdfb-4a8b-87b3-8cb3253f4f09] Adding new dynamic property: PropertyDescriptor[simple]
[pool-3182-thread-1] INFO org.apache.nifi.processors.standard.RouteText - RouteText[id=24e84634-fdfb-4a8b-87b3-8cb3253f4f09] Created FlowFile[1721,93427621643262.mockFlowFile,23B] from FlowFile[1720,93427621643262.mockFlowFile,23B]; routing to relationship simple
[pool-3182-thread-1] INFO org.apache.nifi.processors.standard.RouteText - RouteText[id=24e84634-fdfb-4a8b-87b3-8cb3253f4f09] Routing FlowFile[1720,93427621643262.mockFlowFile,23B] to original
[main] DEBUG org.apache.nifi.processors.standard.RouteText - RouteText[id=24e84634-fdfb-4a8b-87b3-8cb3253f4f09] Adding new dynamic property: PropertyDescriptor[simple]
[pool-3183-thread-1] INFO org.apache.nifi.processors.standard.RouteText - RouteText[id=24e84634-fdfb-4a8b-87b3-8cb3253f4f09] Created FlowFile[1723,93427622137304.mockFlowFile,23B] from FlowFile[1722,93427622137304.mockFlowFile,23B]; routing to relationship simple
[pool-3183-thread-1] INFO org.apache.nifi.processors.standard.RouteText - RouteText[id=24e84634-fdfb-4a8b-87b3-8cb3253f4f09] Routing FlowFile[1722,93427622137304.mockFlowFile,23B] to original
[main] DEBUG org.apache.nifi.processors.standard.RouteText - RouteText[id=24e84634-fdfb-4a8b-87b3-8cb3253f4f09] Adding new dynamic property: PropertyDescriptor[simple]
[pool-3184-thread-1] INFO org.apache.nifi.processors.standard.RouteText - RouteText[id=24e84634-fdfb-4a8b-87b3-8cb3253f4f09] Created FlowFile[1725,93427622607672.mockFlowFile,23B] from FlowFile[1724,93427622607672.mockFlowFile,23B]; routing to relationship simple
[pool-3184-thread-1] INFO org.apache.nifi.processors.standard.RouteText - RouteText[id=24e84634-fdfb-4a8b-87b3-8cb3253f4f09] Routing FlowFile[1724,93427622607672.mockFlowFile,23B] to original
[main] DEBUG org.apache.nifi.processors.standard.RouteText - RouteText[id=24e84634-fdfb-4a8b-87b3-8cb3253f4f09] Adding new dynamic property: PropertyDescriptor[simple]
[pool-3185-thread-1] INFO org.apache.nifi.processors.standard.RouteText - RouteText[id=24e84634-fdfb-4a8b-87b3-8cb3253f4f09] Created FlowFile[1727,93427622987236.mockFlowFile,23B] from FlowFile[1726,93427622987236.mockFlowFile,23B]; routing to relationship simple
[pool-3185-thread-1] INFO org.apache.nifi.processors.standard.RouteText - RouteText[id=24e84634-fdfb-4a8b-87b3-8cb3253f4f09] Routing FlowFile[1726,93427622987236.mockFlowFile,23B] to original
[main] DEBUG org.apache.nifi.processors.standard.RouteText - RouteText[id=24e84634-fdfb-4a8b-87b3-8cb3253f4f09] Adding new dynamic property: PropertyDescriptor[simple]
[pool-3186-thread-1] INFO org.apache.nifi.processors.standard.RouteText - RouteText[id=24e84634-fdfb-4a8b-87b3-8cb3253f4f09] Created FlowFile[1729,93427623458236.mockFlowFile,23B] from FlowFile[1728,93427623458236.mockFlowFile,23B]; routing to relationship simple
[pool-3186-thread-1] INFO org.apache.nifi.processors.standard.RouteText - RouteText[id=24e84634-fdfb-4a8b-87b3-8cb3253f4f09] Routing FlowFile[1728,93427623458236.mockFlowFile,23B] to original
[main] DEBUG org.apache.nifi.processors.standard.RouteText - RouteText[id=24e84634-fdfb-4a8b-87b3-8cb3253f4f09] Adding new dynamic property: PropertyDescriptor[simple]
[pool-3187-thread-1] INFO org.apache.nifi.processors.standard.RouteText - RouteText[id=24e84634-fdfb-4a8b-87b3-8cb3253f4f09] Created FlowFile[1731,93427623887353.mockFlowFile,23B] from FlowFile[1730,93427623887353.mockFlowFile,23B]; routing to relationship simple
[pool-3187-thread-1] INFO org.apache.nifi.processors.standard.RouteText - RouteText[id=24e84634-fdfb-4a8b-87b3-8cb3253f4f09] Routing FlowFile[1730,93427623887353.mockFlowFile,23B] to original
[main] DEBUG org.apache.nifi.processors.standard.RouteText - RouteText[id=24e84634-fdfb-4a8b-87b3-8cb3253f4f09] Adding new dynamic property: PropertyDescriptor[simple]
[pool-3188-thread-1] INFO org.apache.nifi.processors.standard.RouteText - RouteText[id=24e84634-fdfb-4a8b-87b3-8cb3253f4f09] Created FlowFile[1733,93427624423742.mockFlowFile,23B] from FlowFile[1732,93427624423742.mockFlowFile,23B]; routing to relationship simple
[pool-3188-thread-1] INFO org.apache.nifi.processors.standard.RouteText - RouteText[id=24e84634-fdfb-4a8b-87b3-8cb3253f4f09] Routing FlowFile[1732,93427624423742.mockFlowFile,23B] to original
[main] DEBUG org.apache.nifi.processors.standard.RouteText - RouteText[id=24e84634-fdfb-4a8b-87b3-8cb3253f4f09] Adding new dynamic property: PropertyDescriptor[simple]
[pool-3189-thread-1] INFO org.apache.nifi.processors.standard.RouteText - RouteText[id=24e84634-fdfb-4a8b-87b3-8cb3253f4f09] Created FlowFile[1735,93427624943341.mockFlowFile,23B] from FlowFile[1734,93427624943341.mockFlowFile,23B]; routing to relationship simple
[pool-3189-thread-1] INFO org.apache.nifi.processors.standard.RouteText - RouteText[id=24e84634-fdfb-4a8b-87b3-8cb3253f4f09] Routing FlowFile[1734,93427624943341.mockFlowFile,23B] to original
[main] DEBUG org.apache.nifi.processors.standard.RouteText - RouteText[id=24e84634-fdfb-4a8b-87b3-8cb3253f4f09] Adding new dynamic property: PropertyDescriptor[simple]
[pool-3190-thread-1] INFO org.apache.nifi.processors.standard.RouteText - RouteText[id=24e84634-fdfb-4a8b-87b3-8cb3253f4f09] Created FlowFile[1737,93427625421152.mockFlowFile,23B] from FlowFile[1736,93427625421152.mockFlowFile,23B]; routing to relationship simple
[pool-3190-thread-1] INFO org.apache.nifi.processors.standard.RouteText - RouteText[id=24e84634-fdfb-4a8b-87b3-8cb3253f4f09] Routing FlowFile[1736,93427625421152.mockFlowFile,23B] to original
[main] DEBUG org.apache.nifi.processors.standard.RouteText - RouteText[id=24e84634-fdfb-4a8b-87b3-8cb3253f4f09] Adding new dynamic property: PropertyDescriptor[simple]
[pool-3191-thread-1] INFO org.apache.nifi.processors.standard.RouteText - RouteText[id=24e84634-fdfb-4a8b-87b3-8cb3253f4f09] Created FlowFile[1739,93427625878280.mockFlowFile,23B] from FlowFile[1738,93427625878280.mockFlowFile,23B]; routing to relationship simple
[pool-3191-thread-1] INFO org.apache.nifi.processors.standard.RouteText - RouteText[id=24e84634-fdfb-4a8b-87b3-8cb3253f4f09] Routing FlowFile[1738,93427625878280.mockFlowFile,23B] to original
[main] DEBUG org.apache.nifi.processors.standard.RouteText - RouteText[id=24e84634-fdfb-4a8b-87b3-8cb3253f4f09] Adding new dynamic property: PropertyDescriptor[simple]
[pool-3192-thread-1] INFO org.apache.nifi.processors.standard.RouteText - RouteText[id=24e84634-fdfb-4a8b-87b3-8cb3253f4f09] Created FlowFile[1741,93427626288561.mockFlowFile,23B] from FlowFile[1740,93427626288561.mockFlowFile,23B]; routing to relationship simple
[pool-3192-thread-1] INFO org.apache.nifi.processors.standard.RouteText - RouteText[id=24e84634-fdfb-4a8b-87b3-8cb3253f4f09] Routing FlowFile[1740,93427626288561.mockFlowFile,23B] to original
[main] DEBUG org.apache.nifi.processors.standard.RouteText - RouteText[id=24e84634-fdfb-4a8b-87b3-8cb3253f4f09] Adding new dynamic property: PropertyDescriptor[simple]
[pool-3193-thread-1] INFO org.apache.nifi.processors.standard.RouteText - RouteText[id=24e84634-fdfb-4a8b-87b3-8cb3253f4f09] Created FlowFile[1743,93427626651200.mockFlowFile,23B] from FlowFile[1742,93427626651200.mockFlowFile,23B]; routing to relationship simple
[pool-3193-thread-1] INFO org.apache.nifi.processors.standard.RouteText - RouteText[id=24e84634-fdfb-4a8b-87b3-8cb3253f4f09] Routing FlowFile[1742,93427626651200.mockFlowFile,23B] to original
[main] DEBUG org.apache.nifi.processors.standard.RouteText - RouteText[id=24e84634-fdfb-4a8b-87b3-8cb3253f4f09] Adding new dynamic property: PropertyDescriptor[simple]
[pool-3194-thread-1] INFO org.apache.nifi.processors.standard.RouteText - RouteText[id=24e84634-fdfb-4a8b-87b3-8cb3253f4f09] Created FlowFile[1745,93427627024628.mockFlowFile,23B] from FlowFile[1744,93427627024628.mockFlowFile,23B]; routing to relationship simple
[pool-3194-thread-1] INFO org.apache.nifi.processors.standard.RouteText - RouteText[id=24e84634-fdfb-4a8b-87b3-8cb3253f4f09] Routing FlowFile[1744,93427627024628.mockFlowFile,23B] to original
[main] DEBUG org.apache.nifi.processors.standard.RouteText - RouteText[id=24e84634-fdfb-4a8b-87b3-8cb3253f4f09] Adding new dynamic property: PropertyDescriptor[simple]
[pool-3195-thread-1] INFO org.apache.nifi.processors.standard.RouteText - RouteText[id=24e84634-fdfb-4a8b-87b3-8cb3253f4f09] Created FlowFile[1747,93427627524709.mockFlowFile,23B] from FlowFile[1746,93427627524709.mockFlowFile,23B]; routing to relationship simple
[pool-3195-thread-1] INFO org.apache.nifi.processors.standard.RouteText - RouteText[id=24e84634-fdfb-4a8b-87b3-8cb3253f4f09] Routing FlowFile[1746,93427627524709.mockFlowFile,23B] to original
[main] DEBUG org.apache.nifi.processors.standard.RouteText - RouteText[id=24e84634-fdfb-4a8b-87b3-8cb3253f4f09] Adding new dynamic property: PropertyDescriptor[simple]
[pool-3196-thread-1] INFO org.apache.nifi.processors.standard.RouteText - RouteText[id=24e84634-fdfb-4a8b-87b3-8cb3253f4f09] Created FlowFile[1749,93427627992693.mockFlowFile,23B] from FlowFile[1748,93427627992693.mockFlowFile,23B]; routing to relationship simple
[pool-3196-thread-1] INFO org.apache.nifi.processors.standard.RouteText - RouteText[id=24e84634-fdfb-4a8b-87b3-8cb3253f4f09] Routing FlowFile[1748,93427627992693.mockFlowFile,23B] to original
[main] DEBUG org.apache.nifi.processors.standard.RouteText - RouteText[id=24e84634-fdfb-4a8b-87b3-8cb3253f4f09] Adding new dynamic property: PropertyDescriptor[simple]
[pool-3197-thread-1] INFO org.apache.nifi.processors.standard.RouteText - RouteText[id=24e84634-fdfb-4a8b-87b3-8cb3253f4f09] Created FlowFile[1751,93427628422657.mockFlowFile,23B] from FlowFile[1750,93427628422657.mockFlowFile,23B]; routing to relationship simple
[pool-3197-thread-1] INFO org.apache.nifi.processors.standard.RouteText - RouteText[id=24e84634-fdfb-4a8b-87b3-8cb3253f4f09] Routing FlowFile[1750,93427628422657.mockFlowFile,23B] to original
[main] DEBUG org.apache.nifi.processors.standard.RouteText - RouteText[id=24e84634-fdfb-4a8b-87b3-8cb3253f4f09] Adding new dynamic property: PropertyDescriptor[simple]
[pool-3198-thread-1] INFO org.apache.nifi.processors.standard.RouteText - RouteText[id=24e84634-fdfb-4a8b-87b3-8cb3253f4f09] Created FlowFile[1753,93427628808766.mockFlowFile,23B] from FlowFile[1752,93427628808766.mockFlowFile,23B]; routing to relationship simple
[pool-3198-thread-1] INFO org.apache.nifi.processors.standard.RouteText - RouteText[id=24e84634-fdfb-4a8b-87b3-8cb3253f4f09] Routing FlowFile[1752,93427628808766.mockFlowFile,23B] to original
[main] DEBUG org.apache.nifi.processors.standard.RouteText - RouteText[id=24e84634-fdfb-4a8b-87b3-8cb3253f4f09] Adding new dynamic property: PropertyDescriptor[simple]
[pool-3199-thread-1] INFO org.apache.nifi.processors.standard.RouteText - RouteText[id=24e84634-fdfb-4a8b-87b3-8cb3253f4f09] Created FlowFile[1755,93427629302997.mockFlowFile,23B] from FlowFile[1754,93427629302997.mockFlowFile,23B]; routing to relationship simple
[pool-3199-thread-1] INFO org.apache.nifi.processors.standard.RouteText - RouteText[id=24e84634-fdfb-4a8b-87b3-8cb3253f4f09] Routing FlowFile[1754,93427629302997.mockFlowFile,23B] to original
[main] DEBUG org.apache.nifi.processors.standard.RouteText - RouteText[id=24e84634-fdfb-4a8b-87b3-8cb3253f4f09] Adding new dynamic property: PropertyDescriptor[simple]
[pool-3200-thread-1] INFO org.apache.nifi.processors.standard.RouteText - RouteText[id=24e84634-fdfb-4a8b-87b3-8cb3253f4f09] Created FlowFile[1757,93427629753081.mockFlowFile,23B] from FlowFile[1756,93427629753081.mockFlowFile,23B]; routing to relationship simple
[pool-3200-thread-1] INFO org.apache.nifi.processors.standard.RouteText - RouteText[id=24e84634-fdfb-4a8b-87b3-8cb3253f4f09] Routing FlowFile[1756,93427629753081.mockFlowFile,23B] to original
[main] DEBUG org.apache.nifi.processors.standard.RouteText - RouteText[id=24e84634-fdfb-4a8b-87b3-8cb3253f4f09] Adding new dynamic property: PropertyDescriptor[simple]
[pool-3201-thread-1] INFO org.apache.nifi.processors.standard.RouteText - RouteText[id=24e84634-fdfb-4a8b-87b3-8cb3253f4f09] Created FlowFile[1759,93427630278421.mockFlowFile,23B] from FlowFile[1758,93427630278421.mockFlowFile,23B]; routing to relationship simple
[pool-3201-thread-1] INFO org.apache.nifi.processors.standard.RouteText - RouteText[id=24e84634-fdfb-4a8b-87b3-8cb3253f4f09] Routing FlowFile[1758,93427630278421.mockFlowFile,23B] to original
[main] DEBUG org.apache.nifi.processors.standard.RouteText - RouteText[id=24e84634-fdfb-4a8b-87b3-8cb3253f4f09] Adding new dynamic property: PropertyDescriptor[simple]
[pool-3202-thread-1] INFO org.apache.nifi.processors.standard.RouteText - RouteText[id=24e84634-fdfb-4a8b-87b3-8cb3253f4f09] Created FlowFile[1761,93427630699855.mockFlowFile,23B] from FlowFile[1760,93427630699855.mockFlowFile,23B]; routing to relationship simple
[pool-3202-thread-1] INFO org.apache.nifi.processors.standard.RouteText - RouteText[id=24e84634-fdfb-4a8b-87b3-8cb3253f4f09] Routing FlowFile[1760,93427630699855.mockFlowFile,23B] to original
[main] DEBUG org.apache.nifi.processors.standard.RouteText - RouteText[id=24e84634-fdfb-4a8b-87b3-8cb3253f4f09] Adding new dynamic property: PropertyDescriptor[simple]
[pool-3203-thread-1] INFO org.apache.nifi.processors.standard.RouteText - RouteText[id=24e84634-fdfb-4a8b-87b3-8cb3253f4f09] Created FlowFile[1763,93427631085416.mockFlowFile,23B] from FlowFile[1762,93427631085416.mockFlowFile,23B]; routing to relationship simple
[pool-3203-thread-1] INFO org.apache.nifi.processors.standard.RouteText - RouteText[id=24e84634-fdfb-4a8b-87b3-8cb3253f4f09] Routing FlowFile[1762,93427631085416.mockFlowFile,23B] to original
[main] DEBUG org.apache.nifi.processors.standard.RouteText - RouteText[id=24e84634-fdfb-4a8b-87b3-8cb3253f4f09] Adding new dynamic property: PropertyDescriptor[simple]
[pool-3204-thread-1] INFO org.apache.nifi.processors.standard.RouteText - RouteText[id=24e84634-fdfb-4a8b-87b3-8cb3253f4f09] Created FlowFile[1765,93427631448029.mockFlowFile,23B] from FlowFile[1764,93427631448029.mockFlowFile,23B]; routing to relationship simple
[pool-3204-thread-1] INFO org.apache.nifi.processors.standard.RouteText - RouteText[id=24e84634-fdfb-4a8b-87b3-8cb3253f4f09] Routing FlowFile[1764,93427631448029.mockFlowFile,23B] to original
[main] DEBUG org.apache.nifi.processors.standard.RouteText - RouteText[id=24e84634-fdfb-4a8b-87b3-8cb3253f4f09] Adding new dynamic property: PropertyDescriptor[simple]
[pool-3205-thread-1] INFO org.apache.nifi.processors.standard.RouteText - RouteText[id=24e84634-fdfb-4a8b-87b3-8cb3253f4f09] Created FlowFile[1767,93427631843395.mockFlowFile,23B] from FlowFile[1766,93427631843395.mockFlowFile,23B]; routing to relationship simple
[pool-3205-thread-1] INFO org.apache.nifi.processors.standard.RouteText - RouteText[id=24e84634-fdfb-4a8b-87b3-8cb3253f4f09] Routing FlowFile[1766,93427631843395.mockFlowFile,23B] to original
[main] DEBUG org.apache.nifi.processors.standard.RouteText - RouteText[id=24e84634-fdfb-4a8b-87b3-8cb3253f4f09] Adding new dynamic property: PropertyDescriptor[simple]
[pool-3206-thread-1] INFO org.apache.nifi.processors.standard.RouteText - RouteText[id=24e84634-fdfb-4a8b-87b3-8cb3253f4f09] Created FlowFile[1769,93427632232989.mockFlowFile,23B] from FlowFile[1768,93427632232989.mockFlowFile,23B]; routing to relationship simple
[pool-3206-thread-1] INFO org.apache.nifi.processors.standard.RouteText - RouteText[id=24e84634-fdfb-4a8b-87b3-8cb3253f4f09] Routing FlowFile[1768,93427632232989.mockFlowFile,23B] to original
[main] DEBUG org.apache.nifi.processors.standard.RouteText - RouteText[id=24e84634-fdfb-4a8b-87b3-8cb3253f4f09] Adding new dynamic property: PropertyDescriptor[simple]
[pool-3207-thread-1] INFO org.apache.nifi.processors.standard.RouteText - RouteText[id=24e84634-fdfb-4a8b-87b3-8cb3253f4f09] Created FlowFile[1771,93427632567921.mockFlowFile,23B] from FlowFile[1770,93427632567921.mockFlowFile,23B]; routing to relationship simple
[pool-3207-thread-1] INFO org.apache.nifi.processors.standard.RouteText - RouteText[id=24e84634-fdfb-4a8b-87b3-8cb3253f4f09] Routing FlowFile[1770,93427632567921.mockFlowFile,23B] to original
[main] DEBUG org.apache.nifi.processors.standard.RouteText - RouteText[id=24e84634-fdfb-4a8b-87b3-8cb3253f4f09] Adding new dynamic property: PropertyDescriptor[simple]
[pool-3208-thread-1] INFO org.apache.nifi.processors.standard.RouteText - RouteText[id=24e84634-fdfb-4a8b-87b3-8cb3253f4f09] Created FlowFile[1773,93427632939053.mockFlowFile,23B] from FlowFile[1772,93427632939053.mockFlowFile,23B]; routing to relationship simple
[pool-3208-thread-1] INFO org.apache.nifi.processors.standard.RouteText - RouteText[id=24e84634-fdfb-4a8b-87b3-8cb3253f4f09] Routing FlowFile[1772,93427632939053.mockFlowFile,23B] to original
[main] DEBUG org.apache.nifi.processors.standard.RouteText - RouteText[id=24e84634-fdfb-4a8b-87b3-8cb3253f4f09] Adding new dynamic property: PropertyDescriptor[simple]
[pool-3209-thread-1] INFO org.apache.nifi.processors.standard.RouteText - RouteText[id=24e84634-fdfb-4a8b-87b3-8cb3253f4f09] Created FlowFile[1775,93427633309271.mockFlowFile,23B] from FlowFile[1774,93427633309271.mockFlowFile,23B]; routing to relationship simple
[pool-3209-thread-1] INFO org.apache.nifi.processors.standard.RouteText - RouteText[id=24e84634-fdfb-4a8b-87b3-8cb3253f4f09] Routing FlowFile[1774,93427633309271.mockFlowFile,23B] to original
[main] DEBUG org.apache.nifi.processors.standard.RouteText - RouteText[id=24e84634-fdfb-4a8b-87b3-8cb3253f4f09] Adding new dynamic property: PropertyDescriptor[simple]
[pool-3210-thread-1] INFO org.apache.nifi.processors.standard.RouteText - RouteText[id=24e84634-fdfb-4a8b-87b3-8cb3253f4f09] Created FlowFile[1777,93427633702194.mockFlowFile,23B] from FlowFile[1776,93427633702194.mockFlowFile,23B]; routing to relationship simple
[pool-3210-thread-1] INFO org.apache.nifi.processors.standard.RouteText - RouteText[id=24e84634-fdfb-4a8b-87b3-8cb3253f4f09] Routing FlowFile[1776,93427633702194.mockFlowFile,23B] to original
[main] DEBUG org.apache.nifi.processors.standard.RouteText - RouteText[id=24e84634-fdfb-4a8b-87b3-8cb3253f4f09] Adding new dynamic property: PropertyDescriptor[simple]
[pool-3211-thread-1] INFO org.apache.nifi.processors.standard.RouteText - RouteText[id=24e84634-fdfb-4a8b-87b3-8cb3253f4f09] Created FlowFile[1779,93427634218862.mockFlowFile,23B] from FlowFile[1778,93427634218862.mockFlowFile,23B]; routing to relationship simple
[pool-3211-thread-1] INFO org.apache.nifi.processors.standard.RouteText - RouteText[id=24e84634-fdfb-4a8b-87b3-8cb3253f4f09] Routing FlowFile[1778,93427634218862.mockFlowFile,23B] to original
[main] DEBUG org.apache.nifi.processors.standard.RouteText - RouteText[id=24e84634-fdfb-4a8b-87b3-8cb3253f4f09] Adding new dynamic property: PropertyDescriptor[simple]
[pool-3212-thread-1] INFO org.apache.nifi.processors.standard.RouteText - RouteText[id=24e84634-fdfb-4a8b-87b3-8cb3253f4f09] Created FlowFile[1781,93427634637439.mockFlowFile,23B] from FlowFile[1780,93427634637439.mockFlowFile,23B]; routing to relationship simple
[pool-3212-thread-1] INFO org.apache.nifi.processors.standard.RouteText - RouteText[id=24e84634-fdfb-4a8b-87b3-8cb3253f4f09] Routing FlowFile[1780,93427634637439.mockFlowFile,23B] to original
[main] DEBUG org.apache.nifi.processors.standard.RouteText - RouteText[id=24e84634-fdfb-4a8b-87b3-8cb3253f4f09] Adding new dynamic property: PropertyDescriptor[simple]
[pool-3213-thread-1] INFO org.apache.nifi.processors.standard.RouteText - RouteText[id=24e84634-fdfb-4a8b-87b3-8cb3253f4f09] Created FlowFile[1783,93427635068552.mockFlowFile,23B] from FlowFile[1782,93427635068552.mockFlowFile,23B]; routing to relationship simple
[pool-3213-thread-1] INFO org.apache.nifi.processors.standard.RouteText - RouteText[id=24e84634-fdfb-4a8b-87b3-8cb3253f4f09] Routing FlowFile[1782,93427635068552.mockFlowFile,23B] to original
[main] DEBUG org.apache.nifi.processors.standard.RouteText - RouteText[id=24e84634-fdfb-4a8b-87b3-8cb3253f4f09] Adding new dynamic property: PropertyDescriptor[simple]
[pool-3214-thread-1] INFO org.apache.nifi.processors.standard.RouteText - RouteText[id=24e84634-fdfb-4a8b-87b3-8cb3253f4f09] Created FlowFile[1785,93427635477326.mockFlowFile,23B] from FlowFile[1784,93427635477326.mockFlowFile,23B]; routing to relationship simple
[pool-3214-thread-1] INFO org.apache.nifi.processors.standard.RouteText - RouteText[id=24e84634-fdfb-4a8b-87b3-8cb3253f4f09] Routing FlowFile[1784,93427635477326.mockFlowFile,23B] to original
[main] DEBUG org.apache.nifi.processors.standard.RouteText - RouteText[id=24e84634-fdfb-4a8b-87b3-8cb3253f4f09] Adding new dynamic property: PropertyDescriptor[simple]
[pool-3215-thread-1] INFO org.apache.nifi.processors.standard.RouteText - RouteText[id=24e84634-fdfb-4a8b-87b3-8cb3253f4f09] Created FlowFile[1787,93427635855292.mockFlowFile,23B] from FlowFile[1786,93427635855292.mockFlowFile,23B]; routing to relationship simple
[pool-3215-thread-1] INFO org.apache.nifi.processors.standard.RouteText - RouteText[id=24e84634-fdfb-4a8b-87b3-8cb3253f4f09] Routing FlowFile[1786,93427635855292.mockFlowFile,23B] to original
[main] DEBUG org.apache.nifi.processors.standard.RouteText - RouteText[id=24e84634-fdfb-4a8b-87b3-8cb3253f4f09] Adding new dynamic property: PropertyDescriptor[simple]
[pool-3216-thread-1] INFO org.apache.nifi.processors.standard.RouteText - RouteText[id=24e84634-fdfb-4a8b-87b3-8cb3253f4f09] Created FlowFile[1789,93427636305083.mockFlowFile,23B] from FlowFile[1788,93427636305083.mockFlowFile,23B]; routing to relationship simple
[pool-3216-thread-1] INFO org.apache.nifi.processors.standard.RouteText - RouteText[id=24e84634-fdfb-4a8b-87b3-8cb3253f4f09] Routing FlowFile[1788,93427636305083.mockFlowFile,23B] to original
[main] DEBUG org.apache.nifi.processors.standard.RouteText - RouteText[id=24e84634-fdfb-4a8b-87b3-8cb3253f4f09] Adding new dynamic property: PropertyDescriptor[simple]
[pool-3217-thread-1] INFO org.apache.nifi.processors.standard.RouteText - RouteText[id=24e84634-fdfb-4a8b-87b3-8cb3253f4f09] Created FlowFile[1791,93427636792181.mockFlowFile,23B] from FlowFile[1790,93427636792181.mockFlowFile,23B]; routing to relationship simple
[pool-3217-thread-1] INFO org.apache.nifi.processors.standard.RouteText - RouteText[id=24e84634-fdfb-4a8b-87b3-8cb3253f4f09] Routing FlowFile[1790,93427636792181.mockFlowFile,23B] to original
[main] DEBUG org.apache.nifi.processors.standard.RouteText - RouteText[id=24e84634-fdfb-4a8b-87b3-8cb3253f4f09] Adding new dynamic property: PropertyDescriptor[simple]
[pool-3218-thread-1] INFO org.apache.nifi.processors.standard.RouteText - RouteText[id=24e84634-fdfb-4a8b-87b3-8cb3253f4f09] Created FlowFile[1793,93427637155622.mockFlowFile,23B] from FlowFile[1792,93427637155622.mockFlowFile,23B]; routing to relationship simple
[pool-3218-thread-1] INFO org.apache.nifi.processors.standard.RouteText - RouteText[id=24e84634-fdfb-4a8b-87b3-8cb3253f4f09] Routing FlowFile[1792,93427637155622.mockFlowFile,23B] to original
[main] DEBUG org.apache.nifi.processors.standard.RouteText - RouteText[id=24e84634-fdfb-4a8b-87b3-8cb3253f4f09] Adding new dynamic property: PropertyDescriptor[simple]
[pool-3219-thread-1] INFO org.apache.nifi.processors.standard.RouteText - RouteText[id=24e84634-fdfb-4a8b-87b3-8cb3253f4f09] Created FlowFile[1795,93427637549539.mockFlowFile,23B] from FlowFile[1794,93427637549539.mockFlowFile,23B]; routing to relationship simple
[pool-3219-thread-1] INFO org.apache.nifi.processors.standard.RouteText - RouteText[id=24e84634-fdfb-4a8b-87b3-8cb3253f4f09] Routing FlowFile[1794,93427637549539.mockFlowFile,23B] to original
[main] DEBUG org.apache.nifi.processors.standard.RouteText - RouteText[id=24e84634-fdfb-4a8b-87b3-8cb3253f4f09] Adding new dynamic property: PropertyDescriptor[simple]
[pool-3220-thread-1] INFO org.apache.nifi.processors.standard.RouteText - RouteText[id=24e84634-fdfb-4a8b-87b3-8cb3253f4f09] Created FlowFile[1797,93427638022897.mockFlowFile,23B] from FlowFile[1796,93427638022897.mockFlowFile,23B]; routing to relationship simple
[pool-3220-thread-1] INFO org.apache.nifi.processors.standard.RouteText - RouteText[id=24e84634-fdfb-4a8b-87b3-8cb3253f4f09] Routing FlowFile[1796,93427638022897.mockFlowFile,23B] to original
[main] DEBUG org.apache.nifi.processors.standard.RouteText - RouteText[id=24e84634-fdfb-4a8b-87b3-8cb3253f4f09] Adding new dynamic property: PropertyDescriptor[simple]
[pool-3221-thread-1] INFO org.apache.nifi.processors.standard.RouteText - RouteText[id=24e84634-fdfb-4a8b-87b3-8cb3253f4f09] Created FlowFile[1799,93427638474552.mockFlowFile,23B] from FlowFile[1798,93427638474552.mockFlowFile,23B]; routing to relationship simple
[pool-3221-thread-1] INFO org.apache.nifi.processors.standard.RouteText - RouteText[id=24e84634-fdfb-4a8b-87b3-8cb3253f4f09] Routing FlowFile[1798,93427638474552.mockFlowFile,23B] to original
[main] DEBUG org.apache.nifi.processors.standard.RouteText - RouteText[id=24e84634-fdfb-4a8b-87b3-8cb3253f4f09] Adding new dynamic property: PropertyDescriptor[simple]
[pool-3222-thread-1] INFO org.apache.nifi.processors.standard.RouteText - RouteText[id=24e84634-fdfb-4a8b-87b3-8cb3253f4f09] Created FlowFile[1801,93427638874984.mockFlowFile,23B] from FlowFile[1800,93427638874984.mockFlowFile,23B]; routing to relationship simple
[pool-3222-thread-1] INFO org.apache.nifi.processors.standard.RouteText - RouteText[id=24e84634-fdfb-4a8b-87b3-8cb3253f4f09] Routing FlowFile[1800,93427638874984.mockFlowFile,23B] to original
[main] DEBUG org.apache.nifi.processors.standard.RouteText - RouteText[id=24e84634-fdfb-4a8b-87b3-8cb3253f4f09] Adding new dynamic property: PropertyDescriptor[simple]
[pool-3223-thread-1] INFO org.apache.nifi.processors.standard.RouteText - RouteText[id=24e84634-fdfb-4a8b-87b3-8cb3253f4f09] Created FlowFile[1803,93427639187313.mockFlowFile,23B] from FlowFile[1802,93427639187313.mockFlowFile,23B]; routing to relationship simple
[pool-3223-thread-1] INFO org.apache.nifi.processors.standard.RouteText - RouteText[id=24e84634-fdfb-4a8b-87b3-8cb3253f4f09] Routing FlowFile[1802,93427639187313.mockFlowFile,23B] to original
[main] DEBUG org.apache.nifi.processors.standard.RouteText - RouteText[id=24e84634-fdfb-4a8b-87b3-8cb3253f4f09] Adding new dynamic property: PropertyDescriptor[simple]
[pool-3224-thread-1] INFO org.apache.nifi.processors.standard.RouteText - RouteText[id=24e84634-fdfb-4a8b-87b3-8cb3253f4f09] Created FlowFile[1805,93427639500544.mockFlowFile,23B] from FlowFile[1804,93427639500544.mockFlowFile,23B]; routing to relationship simple
[pool-3224-thread-1] INFO org.apache.nifi.processors.standard.RouteText - RouteText[id=24e84634-fdfb-4a8b-87b3-8cb3253f4f09] Routing FlowFile[1804,93427639500544.mockFlowFile,23B] to original
[main] DEBUG org.apache.nifi.processors.standard.RouteText - RouteText[id=24e84634-fdfb-4a8b-87b3-8cb3253f4f09] Adding new dynamic property: PropertyDescriptor[simple]
[pool-3225-thread-1] INFO org.apache.nifi.processors.standard.RouteText - RouteText[id=24e84634-fdfb-4a8b-87b3-8cb3253f4f09] Created FlowFile[1807,93427639913270.mockFlowFile,23B] from FlowFile[1806,93427639913270.mockFlowFile,23B]; routing to relationship simple
[pool-3225-thread-1] INFO org.apache.nifi.processors.standard.RouteText - RouteText[id=24e84634-fdfb-4a8b-87b3-8cb3253f4f09] Routing FlowFile[1806,93427639913270.mockFlowFile,23B] to original
[main] DEBUG org.apache.nifi.processors.standard.RouteText - RouteText[id=24e84634-fdfb-4a8b-87b3-8cb3253f4f09] Adding new dynamic property: PropertyDescriptor[simple]
[pool-3226-thread-1] INFO org.apache.nifi.processors.standard.RouteText - RouteText[id=24e84634-fdfb-4a8b-87b3-8cb3253f4f09] Created FlowFile[1809,93427640482030.mockFlowFile,23B] from FlowFile[1808,93427640482030.mockFlowFile,23B]; routing to relationship simple
[pool-3226-thread-1] INFO org.apache.nifi.processors.standard.RouteText - RouteText[id=24e84634-fdfb-4a8b-87b3-8cb3253f4f09] Routing FlowFile[1808,93427640482030.mockFlowFile,23B] to original
[main] DEBUG org.apache.nifi.processors.standard.RouteText - RouteText[id=24e84634-fdfb-4a8b-87b3-8cb3253f4f09] Adding new dynamic property: PropertyDescriptor[simple]
[pool-3227-thread-1] INFO org.apache.nifi.processors.standard.RouteText - RouteText[id=24e84634-fdfb-4a8b-87b3-8cb3253f4f09] Created FlowFile[1811,93427640893752.mockFlowFile,23B] from FlowFile[1810,93427640893752.mockFlowFile,23B]; routing to relationship simple
[pool-3227-thread-1] INFO org.apache.nifi.processors.standard.RouteText - RouteText[id=24e84634-fdfb-4a8b-87b3-8cb3253f4f09] Routing FlowFile[1810,93427640893752.mockFlowFile,23B] to original
[main] DEBUG org.apache.nifi.processors.standard.RouteText - RouteText[id=24e84634-fdfb-4a8b-87b3-8cb3253f4f09] Adding new dynamic property: PropertyDescriptor[simple]
[pool-3228-thread-1] INFO org.apache.nifi.processors.standard.RouteText - RouteText[id=24e84634-fdfb-4a8b-87b3-8cb3253f4f09] Created FlowFile[1813,93427641363795.mockFlowFile,23B] from FlowFile[1812,93427641363795.mockFlowFile,23B]; routing to relationship simple
[pool-3228-thread-1] INFO org.apache.nifi.processors.standard.RouteText - RouteText[id=24e84634-fdfb-4a8b-87b3-8cb3253f4f09] Routing FlowFile[1812,93427641363795.mockFlowFile,23B] to original
[main] DEBUG org.apache.nifi.processors.standard.RouteText - RouteText[id=24e84634-fdfb-4a8b-87b3-8cb3253f4f09] Adding new dynamic property: PropertyDescriptor[simple]
[pool-3229-thread-1] INFO org.apache.nifi.processors.standard.RouteText - RouteText[id=24e84634-fdfb-4a8b-87b3-8cb3253f4f09] Created FlowFile[1815,93427641741447.mockFlowFile,23B] from FlowFile[1814,93427641741447.mockFlowFile,23B]; routing to relationship simple
[pool-3229-thread-1] INFO org.apache.nifi.processors.standard.RouteText - RouteText[id=24e84634-fdfb-4a8b-87b3-8cb3253f4f09] Routing FlowFile[1814,93427641741447.mockFlowFile,23B] to original
[main] DEBUG org.apache.nifi.processors.standard.RouteText - RouteText[id=24e84634-fdfb-4a8b-87b3-8cb3253f4f09] Adding new dynamic property: PropertyDescriptor[simple]
[pool-3230-thread-1] INFO org.apache.nifi.processors.standard.RouteText - RouteText[id=24e84634-fdfb-4a8b-87b3-8cb3253f4f09] Created FlowFile[1817,93427642131172.mockFlowFile,23B] from FlowFile[1816,93427642131172.mockFlowFile,23B]; routing to relationship simple
[pool-3230-thread-1] INFO org.apache.nifi.processors.standard.RouteText - RouteText[id=24e84634-fdfb-4a8b-87b3-8cb3253f4f09] Routing FlowFile[1816,93427642131172.mockFlowFile,23B] to original
[main] DEBUG org.apache.nifi.processors.standard.RouteText - RouteText[id=24e84634-fdfb-4a8b-87b3-8cb3253f4f09] Adding new dynamic property: PropertyDescriptor[simple]
[pool-3231-thread-1] INFO org.apache.nifi.processors.standard.RouteText - RouteText[id=24e84634-fdfb-4a8b-87b3-8cb3253f4f09] Created FlowFile[1819,93427642450194.mockFlowFile,23B] from FlowFile[1818,93427642450194.mockFlowFile,23B]; routing to relationship simple
[pool-3231-thread-1] INFO org.apache.nifi.processors.standard.RouteText - RouteText[id=24e84634-fdfb-4a8b-87b3-8cb3253f4f09] Routing FlowFile[1818,93427642450194.mockFlowFile,23B] to original
[main] DEBUG org.apache.nifi.processors.standard.RouteText - RouteText[id=24e84634-fdfb-4a8b-87b3-8cb3253f4f09] Adding new dynamic property: PropertyDescriptor[simple]
[pool-3232-thread-1] INFO org.apache.nifi.processors.standard.RouteText - RouteText[id=24e84634-fdfb-4a8b-87b3-8cb3253f4f09] Created FlowFile[1821,93427642711499.mockFlowFile,23B] from FlowFile[1820,93427642711499.mockFlowFile,23B]; routing to relationship simple
[pool-3232-thread-1] INFO org.apache.nifi.processors.standard.RouteText - RouteText[id=24e84634-fdfb-4a8b-87b3-8cb3253f4f09] Routing FlowFile[1820,93427642711499.mockFlowFile,23B] to original
[main] DEBUG org.apache.nifi.processors.standard.RouteText - RouteText[id=24e84634-fdfb-4a8b-87b3-8cb3253f4f09] Adding new dynamic property: PropertyDescriptor[simple]
[pool-3233-thread-1] INFO org.apache.nifi.processors.standard.RouteText - RouteText[id=24e84634-fdfb-4a8b-87b3-8cb3253f4f09] Created FlowFile[1823,93427642967404.mockFlowFile,23B] from FlowFile[1822,93427642967404.mockFlowFile,23B]; routing to relationship simple
[pool-3233-thread-1] INFO org.apache.nifi.processors.standard.RouteText - RouteText[id=24e84634-fdfb-4a8b-87b3-8cb3253f4f09] Routing FlowFile[1822,93427642967404.mockFlowFile,23B] to original
[main] DEBUG org.apache.nifi.processors.standard.RouteText - RouteText[id=24e84634-fdfb-4a8b-87b3-8cb3253f4f09] Adding new dynamic property: PropertyDescriptor[simple]
[pool-3234-thread-1] INFO org.apache.nifi.processors.standard.RouteText - RouteText[id=24e84634-fdfb-4a8b-87b3-8cb3253f4f09] Created FlowFile[1825,93427643324345.mockFlowFile,23B] from FlowFile[1824,93427643324345.mockFlowFile,23B]; routing to relationship simple
[pool-3234-thread-1] INFO org.apache.nifi.processors.standard.RouteText - RouteText[id=24e84634-fdfb-4a8b-87b3-8cb3253f4f09] Routing FlowFile[1824,93427643324345.mockFlowFile,23B] to original
[main] DEBUG org.apache.nifi.processors.standard.RouteText - RouteText[id=24e84634-fdfb-4a8b-87b3-8cb3253f4f09] Adding new dynamic property: PropertyDescriptor[simple]
[pool-3235-thread-1] INFO org.apache.nifi.processors.standard.RouteText - RouteText[id=24e84634-fdfb-4a8b-87b3-8cb3253f4f09] Created FlowFile[1827,93427643729516.mockFlowFile,23B] from FlowFile[1826,93427643729516.mockFlowFile,23B]; routing to relationship simple
[pool-3235-thread-1] INFO org.apache.nifi.processors.standard.RouteText - RouteText[id=24e84634-fdfb-4a8b-87b3-8cb3253f4f09] Routing FlowFile[1826,93427643729516.mockFlowFile,23B] to original
[main] DEBUG org.apache.nifi.processors.standard.RouteText - RouteText[id=24e84634-fdfb-4a8b-87b3-8cb3253f4f09] Adding new dynamic property: PropertyDescriptor[simple]
[pool-3236-thread-1] INFO org.apache.nifi.processors.standard.RouteText - RouteText[id=24e84634-fdfb-4a8b-87b3-8cb3253f4f09] Created FlowFile[1829,93427644146536.mockFlowFile,23B] from FlowFile[1828,93427644146536.mockFlowFile,23B]; routing to relationship simple
[pool-3236-thread-1] INFO org.apache.nifi.processors.standard.RouteText - RouteText[id=24e84634-fdfb-4a8b-87b3-8cb3253f4f09] Routing FlowFile[1828,93427644146536.mockFlowFile,23B] to original
[main] DEBUG org.apache.nifi.processors.standard.RouteText - RouteText[id=24e84634-fdfb-4a8b-87b3-8cb3253f4f09] Adding new dynamic property: PropertyDescriptor[simple]
[pool-3237-thread-1] INFO org.apache.nifi.processors.standard.RouteText - RouteText[id=24e84634-fdfb-4a8b-87b3-8cb3253f4f09] Created FlowFile[1831,93427644588067.mockFlowFile,23B] from FlowFile[1830,93427644588067.mockFlowFile,23B]; routing to relationship simple
[pool-3237-thread-1] INFO org.apache.nifi.processors.standard.RouteText - RouteText[id=24e84634-fdfb-4a8b-87b3-8cb3253f4f09] Routing FlowFile[1830,93427644588067.mockFlowFile,23B] to original
[main] DEBUG org.apache.nifi.processors.standard.RouteText - RouteText[id=24e84634-fdfb-4a8b-87b3-8cb3253f4f09] Adding new dynamic property: PropertyDescriptor[simple]
[pool-3238-thread-1] INFO org.apache.nifi.processors.standard.RouteText - RouteText[id=24e84634-fdfb-4a8b-87b3-8cb3253f4f09] Created FlowFile[1833,93427644986252.mockFlowFile,23B] from FlowFile[1832,93427644986252.mockFlowFile,23B]; routing to relationship simple
[pool-3238-thread-1] INFO org.apache.nifi.processors.standard.RouteText - RouteText[id=24e84634-fdfb-4a8b-87b3-8cb3253f4f09] Routing FlowFile[1832,93427644986252.mockFlowFile,23B] to original
[main] DEBUG org.apache.nifi.processors.standard.RouteText - RouteText[id=24e84634-fdfb-4a8b-87b3-8cb3253f4f09] Adding new dynamic property: PropertyDescriptor[simple]
[pool-3239-thread-1] INFO org.apache.nifi.processors.standard.RouteText - RouteText[id=24e84634-fdfb-4a8b-87b3-8cb3253f4f09] Created FlowFile[1835,93427645334664.mockFlowFile,23B] from FlowFile[1834,93427645334664.mockFlowFile,23B]; routing to relationship simple
[pool-3239-thread-1] INFO org.apache.nifi.processors.standard.RouteText - RouteText[id=24e84634-fdfb-4a8b-87b3-8cb3253f4f09] Routing FlowFile[1834,93427645334664.mockFlowFile,23B] to original
[main] DEBUG org.apache.nifi.processors.standard.RouteText - RouteText[id=24e84634-fdfb-4a8b-87b3-8cb3253f4f09] Adding new dynamic property: PropertyDescriptor[simple]
[pool-3240-thread-1] INFO org.apache.nifi.processors.standard.RouteText - RouteText[id=24e84634-fdfb-4a8b-87b3-8cb3253f4f09] Created FlowFile[1837,93427645723885.mockFlowFile,23B] from FlowFile[1836,93427645723885.mockFlowFile,23B]; routing to relationship simple
[pool-3240-thread-1] INFO org.apache.nifi.processors.standard.RouteText - RouteText[id=24e84634-fdfb-4a8b-87b3-8cb3253f4f09] Routing FlowFile[1836,93427645723885.mockFlowFile,23B] to original
[main] DEBUG org.apache.nifi.processors.standard.RouteText - RouteText[id=24e84634-fdfb-4a8b-87b3-8cb3253f4f09] Adding new dynamic property: PropertyDescriptor[simple]
[pool-3241-thread-1] INFO org.apache.nifi.processors.standard.RouteText - RouteText[id=24e84634-fdfb-4a8b-87b3-8cb3253f4f09] Created FlowFile[1839,93427646106053.mockFlowFile,23B] from FlowFile[1838,93427646106053.mockFlowFile,23B]; routing to relationship simple
[pool-3241-thread-1] INFO org.apache.nifi.processors.standard.RouteText - RouteText[id=24e84634-fdfb-4a8b-87b3-8cb3253f4f09] Routing FlowFile[1838,93427646106053.mockFlowFile,23B] to original
[main] DEBUG org.apache.nifi.processors.standard.RouteText - RouteText[id=24e84634-fdfb-4a8b-87b3-8cb3253f4f09] Adding new dynamic property: PropertyDescriptor[simple]
[pool-3242-thread-1] INFO org.apache.nifi.processors.standard.RouteText - RouteText[id=24e84634-fdfb-4a8b-87b3-8cb3253f4f09] Created FlowFile[1841,93427646486330.mockFlowFile,23B] from FlowFile[1840,93427646486330.mockFlowFile,23B]; routing to relationship simple
[pool-3242-thread-1] INFO org.apache.nifi.processors.standard.RouteText - RouteText[id=24e84634-fdfb-4a8b-87b3-8cb3253f4f09] Routing FlowFile[1840,93427646486330.mockFlowFile,23B] to original
[main] DEBUG org.apache.nifi.processors.standard.RouteText - RouteText[id=24e84634-fdfb-4a8b-87b3-8cb3253f4f09] Adding new dynamic property: PropertyDescriptor[simple]
[pool-3243-thread-1] INFO org.apache.nifi.processors.standard.RouteText - RouteText[id=24e84634-fdfb-4a8b-87b3-8cb3253f4f09] Created FlowFile[1843,93427646869922.mockFlowFile,23B] from FlowFile[1842,93427646869922.mockFlowFile,23B]; routing to relationship simple
[pool-3243-thread-1] INFO org.apache.nifi.processors.standard.RouteText - RouteText[id=24e84634-fdfb-4a8b-87b3-8cb3253f4f09] Routing FlowFile[1842,93427646869922.mockFlowFile,23B] to original
[main] DEBUG org.apache.nifi.processors.standard.RouteText - RouteText[id=24e84634-fdfb-4a8b-87b3-8cb3253f4f09] Adding new dynamic property: PropertyDescriptor[simple]
[pool-3244-thread-1] INFO org.apache.nifi.processors.standard.RouteText - RouteText[id=24e84634-fdfb-4a8b-87b3-8cb3253f4f09] Created FlowFile[1845,93427647266957.mockFlowFile,23B] from FlowFile[1844,93427647266957.mockFlowFile,23B]; routing to relationship simple
[pool-3244-thread-1] INFO org.apache.nifi.processors.standard.RouteText - RouteText[id=24e84634-fdfb-4a8b-87b3-8cb3253f4f09] Routing FlowFile[1844,93427647266957.mockFlowFile,23B] to original
[main] DEBUG org.apache.nifi.processors.standard.RouteText - RouteText[id=24e84634-fdfb-4a8b-87b3-8cb3253f4f09] Adding new dynamic property: PropertyDescriptor[simple]
[pool-3245-thread-1] INFO org.apache.nifi.processors.standard.RouteText - RouteText[id=24e84634-fdfb-4a8b-87b3-8cb3253f4f09] Created FlowFile[1847,93427647698137.mockFlowFile,23B] from FlowFile[1846,93427647698137.mockFlowFile,23B]; routing to relationship simple
[pool-3245-thread-1] INFO org.apache.nifi.processors.standard.RouteText - RouteText[id=24e84634-fdfb-4a8b-87b3-8cb3253f4f09] Routing FlowFile[1846,93427647698137.mockFlowFile,23B] to original
[main] DEBUG org.apache.nifi.processors.standard.RouteText - RouteText[id=24e84634-fdfb-4a8b-87b3-8cb3253f4f09] Adding new dynamic property: PropertyDescriptor[simple]
[pool-3246-thread-1] INFO org.apache.nifi.processors.standard.RouteText - RouteText[id=24e84634-fdfb-4a8b-87b3-8cb3253f4f09] Created FlowFile[1849,93427648125586.mockFlowFile,23B] from FlowFile[1848,93427648125586.mockFlowFile,23B]; routing to relationship simple
[pool-3246-thread-1] INFO org.apache.nifi.processors.standard.RouteText - RouteText[id=24e84634-fdfb-4a8b-87b3-8cb3253f4f09] Routing FlowFile[1848,93427648125586.mockFlowFile,23B] to original
[main] DEBUG org.apache.nifi.processors.standard.RouteText - RouteText[id=24e84634-fdfb-4a8b-87b3-8cb3253f4f09] Adding new dynamic property: PropertyDescriptor[simple]
[pool-3247-thread-1] INFO org.apache.nifi.processors.standard.RouteText - RouteText[id=24e84634-fdfb-4a8b-87b3-8cb3253f4f09] Created FlowFile[1851,93427648537344.mockFlowFile,23B] from FlowFile[1850,93427648537344.mockFlowFile,23B]; routing to relationship simple
[pool-3247-thread-1] INFO org.apache.nifi.processors.standard.RouteText - RouteText[id=24e84634-fdfb-4a8b-87b3-8cb3253f4f09] Routing FlowFile[1850,93427648537344.mockFlowFile,23B] to original
[main] DEBUG org.apache.nifi.processors.standard.RouteText - RouteText[id=24e84634-fdfb-4a8b-87b3-8cb3253f4f09] Adding new dynamic property: PropertyDescriptor[simple]
[pool-3248-thread-1] INFO org.apache.nifi.processors.standard.RouteText - RouteText[id=24e84634-fdfb-4a8b-87b3-8cb3253f4f09] Created FlowFile[1853,93427649014546.mockFlowFile,23B] from FlowFile[1852,93427649014546.mockFlowFile,23B]; routing to relationship simple
[pool-3248-thread-1] INFO org.apache.nifi.processors.standard.RouteText - RouteText[id=24e84634-fdfb-4a8b-87b3-8cb3253f4f09] Routing FlowFile[1852,93427649014546.mockFlowFile,23B] to original
[main] DEBUG org.apache.nifi.processors.standard.RouteText - RouteText[id=24e84634-fdfb-4a8b-87b3-8cb3253f4f09] Adding new dynamic property: PropertyDescriptor[simple]
[pool-3249-thread-1] INFO org.apache.nifi.processors.standard.RouteText - RouteText[id=24e84634-fdfb-4a8b-87b3-8cb3253f4f09] Created FlowFile[1855,93427649447439.mockFlowFile,23B] from FlowFile[1854,93427649447439.mockFlowFile,23B]; routing to relationship simple
[pool-3249-thread-1] INFO org.apache.nifi.processors.standard.RouteText - RouteText[id=24e84634-fdfb-4a8b-87b3-8cb3253f4f09] Routing FlowFile[1854,93427649447439.mockFlowFile,23B] to original
[main] DEBUG org.apache.nifi.processors.standard.RouteText - RouteText[id=24e84634-fdfb-4a8b-87b3-8cb3253f4f09] Adding new dynamic property: PropertyDescriptor[simple]
[pool-3250-thread-1] INFO org.apache.nifi.processors.standard.RouteText - RouteText[id=24e84634-fdfb-4a8b-87b3-8cb3253f4f09] Created FlowFile[1857,93427649892424.mockFlowFile,23B] from FlowFile[1856,93427649892424.mockFlowFile,23B]; routing to relationship simple
[pool-3250-thread-1] INFO org.apache.nifi.processors.standard.RouteText - RouteText[id=24e84634-fdfb-4a8b-87b3-8cb3253f4f09] Routing FlowFile[1856,93427649892424.mockFlowFile,23B] to original
[main] DEBUG org.apache.nifi.processors.standard.RouteText - RouteText[id=24e84634-fdfb-4a8b-87b3-8cb3253f4f09] Adding new dynamic property: PropertyDescriptor[simple]
[pool-3251-thread-1] INFO org.apache.nifi.processors.standard.RouteText - RouteText[id=24e84634-fdfb-4a8b-87b3-8cb3253f4f09] Created FlowFile[1859,93427650339015.mockFlowFile,23B] from FlowFile[1858,93427650339015.mockFlowFile,23B]; routing to relationship simple
[pool-3251-thread-1] INFO org.apache.nifi.processors.standard.RouteText - RouteText[id=24e84634-fdfb-4a8b-87b3-8cb3253f4f09] Routing FlowFile[1858,93427650339015.mockFlowFile,23B] to original
[main] DEBUG org.apache.nifi.processors.standard.RouteText - RouteText[id=24e84634-fdfb-4a8b-87b3-8cb3253f4f09] Adding new dynamic property: PropertyDescriptor[simple]
[pool-3252-thread-1] INFO org.apache.nifi.processors.standard.RouteText - RouteText[id=24e84634-fdfb-4a8b-87b3-8cb3253f4f09] Created FlowFile[1861,93427650774353.mockFlowFile,23B] from FlowFile[1860,93427650774353.mockFlowFile,23B]; routing to relationship simple
[pool-3252-thread-1] INFO org.apache.nifi.processors.standard.RouteText - RouteText[id=24e84634-fdfb-4a8b-87b3-8cb3253f4f09] Routing FlowFile[1860,93427650774353.mockFlowFile,23B] to original
[main] DEBUG org.apache.nifi.processors.standard.RouteText - RouteText[id=24e84634-fdfb-4a8b-87b3-8cb3253f4f09] Adding new dynamic property: PropertyDescriptor[simple]
[pool-3253-thread-1] INFO org.apache.nifi.processors.standard.RouteText - RouteText[id=24e84634-fdfb-4a8b-87b3-8cb3253f4f09] Created FlowFile[1863,93427651210516.mockFlowFile,23B] from FlowFile[1862,93427651210516.mockFlowFile,23B]; routing to relationship simple
[pool-3253-thread-1] INFO org.apache.nifi.processors.standard.RouteText - RouteText[id=24e84634-fdfb-4a8b-87b3-8cb3253f4f09] Routing FlowFile[1862,93427651210516.mockFlowFile,23B] to original
[main] DEBUG org.apache.nifi.processors.standard.RouteText - RouteText[id=24e84634-fdfb-4a8b-87b3-8cb3253f4f09] Adding new dynamic property: PropertyDescriptor[simple]
[pool-3254-thread-1] INFO org.apache.nifi.processors.standard.RouteText - RouteText[id=24e84634-fdfb-4a8b-87b3-8cb3253f4f09] Created FlowFile[1865,93427651638518.mockFlowFile,23B] from FlowFile[1864,93427651638518.mockFlowFile,23B]; routing to relationship simple
[pool-3254-thread-1] INFO org.apache.nifi.processors.standard.RouteText - RouteText[id=24e84634-fdfb-4a8b-87b3-8cb3253f4f09] Routing FlowFile[1864,93427651638518.mockFlowFile,23B] to original
[main] DEBUG org.apache.nifi.processors.standard.RouteText - RouteText[id=24e84634-fdfb-4a8b-87b3-8cb3253f4f09] Adding new dynamic property: PropertyDescriptor[simple]
[pool-3255-thread-1] INFO org.apache.nifi.processors.standard.RouteText - RouteText[id=24e84634-fdfb-4a8b-87b3-8cb3253f4f09] Created FlowFile[1867,93427652194465.mockFlowFile,23B] from FlowFile[1866,93427652194465.mockFlowFile,23B]; routing to relationship simple
[pool-3255-thread-1] INFO org.apache.nifi.processors.standard.RouteText - RouteText[id=24e84634-fdfb-4a8b-87b3-8cb3253f4f09] Routing FlowFile[1866,93427652194465.mockFlowFile,23B] to original
[main] DEBUG org.apache.nifi.processors.standard.RouteText - RouteText[id=24e84634-fdfb-4a8b-87b3-8cb3253f4f09] Adding new dynamic property: PropertyDescriptor[simple]
[pool-3256-thread-1] INFO org.apache.nifi.processors.standard.RouteText - RouteText[id=24e84634-fdfb-4a8b-87b3-8cb3253f4f09] Created FlowFile[1869,93427652640715.mockFlowFile,23B] from FlowFile[1868,93427652640715.mockFlowFile,23B]; routing to relationship simple
[pool-3256-thread-1] INFO org.apache.nifi.processors.standard.RouteText - RouteText[id=24e84634-fdfb-4a8b-87b3-8cb3253f4f09] Routing FlowFile[1868,93427652640715.mockFlowFile,23B] to original
[main] DEBUG org.apache.nifi.processors.standard.RouteText - RouteText[id=24e84634-fdfb-4a8b-87b3-8cb3253f4f09] Adding new dynamic property: PropertyDescriptor[simple]
[pool-3257-thread-1] INFO org.apache.nifi.processors.standard.RouteText - RouteText[id=24e84634-fdfb-4a8b-87b3-8cb3253f4f09] Created FlowFile[1871,93427653082464.mockFlowFile,23B] from FlowFile[1870,93427653082464.mockFlowFile,23B]; routing to relationship simple
[pool-3257-thread-1] INFO org.apache.nifi.processors.standard.RouteText - RouteText[id=24e84634-fdfb-4a8b-87b3-8cb3253f4f09] Routing FlowFile[1870,93427653082464.mockFlowFile,23B] to original
[main] DEBUG org.apache.nifi.processors.standard.RouteText - RouteText[id=24e84634-fdfb-4a8b-87b3-8cb3253f4f09] Adding new dynamic property: PropertyDescriptor[simple]
[pool-3258-thread-1] INFO org.apache.nifi.processors.standard.RouteText - RouteText[id=24e84634-fdfb-4a8b-87b3-8cb3253f4f09] Created FlowFile[1873,93427653561762.mockFlowFile,23B] from FlowFile[1872,93427653561762.mockFlowFile,23B]; routing to relationship simple
[pool-3258-thread-1] INFO org.apache.nifi.processors.standard.RouteText - RouteText[id=24e84634-fdfb-4a8b-87b3-8cb3253f4f09] Routing FlowFile[1872,93427653561762.mockFlowFile,23B] to original
[main] DEBUG org.apache.nifi.processors.standard.RouteText - RouteText[id=24e84634-fdfb-4a8b-87b3-8cb3253f4f09] Adding new dynamic property: PropertyDescriptor[simple]
[pool-3259-thread-1] INFO org.apache.nifi.processors.standard.RouteText - RouteText[id=24e84634-fdfb-4a8b-87b3-8cb3253f4f09] Created FlowFile[1875,93427654010656.mockFlowFile,23B] from FlowFile[1874,93427654010656.mockFlowFile,23B]; routing to relationship simple
[pool-3259-thread-1] INFO org.apache.nifi.processors.standard.RouteText - RouteText[id=24e84634-fdfb-4a8b-87b3-8cb3253f4f09] Routing FlowFile[1874,93427654010656.mockFlowFile,23B] to original
[main] DEBUG org.apache.nifi.processors.standard.RouteText - RouteText[id=24e84634-fdfb-4a8b-87b3-8cb3253f4f09] Adding new dynamic property: PropertyDescriptor[simple]
[pool-3260-thread-1] INFO org.apache.nifi.processors.standard.RouteText - RouteText[id=24e84634-fdfb-4a8b-87b3-8cb3253f4f09] Created FlowFile[1877,93427654431338.mockFlowFile,23B] from FlowFile[1876,93427654431338.mockFlowFile,23B]; routing to relationship simple
[pool-3260-thread-1] INFO org.apache.nifi.processors.standard.RouteText - RouteText[id=24e84634-fdfb-4a8b-87b3-8cb3253f4f09] Routing FlowFile[1876,93427654431338.mockFlowFile,23B] to original
[main] DEBUG org.apache.nifi.processors.standard.RouteText - RouteText[id=24e84634-fdfb-4a8b-87b3-8cb3253f4f09] Adding new dynamic property: PropertyDescriptor[simple]
[pool-3261-thread-1] INFO org.apache.nifi.processors.standard.RouteText - RouteText[id=24e84634-fdfb-4a8b-87b3-8cb3253f4f09] Created FlowFile[1879,93427654855002.mockFlowFile,23B] from FlowFile[1878,93427654855002.mockFlowFile,23B]; routing to relationship simple
[pool-3261-thread-1] INFO org.apache.nifi.processors.standard.RouteText - RouteText[id=24e84634-fdfb-4a8b-87b3-8cb3253f4f09] Routing FlowFile[1878,93427654855002.mockFlowFile,23B] to original
[main] DEBUG org.apache.nifi.processors.standard.RouteText - RouteText[id=24e84634-fdfb-4a8b-87b3-8cb3253f4f09] Adding new dynamic property: PropertyDescriptor[simple]
[pool-3262-thread-1] INFO org.apache.nifi.processors.standard.RouteText - RouteText[id=24e84634-fdfb-4a8b-87b3-8cb3253f4f09] Created FlowFile[1881,93427655277003.mockFlowFile,23B] from FlowFile[1880,93427655277003.mockFlowFile,23B]; routing to relationship simple
[pool-3262-thread-1] INFO org.apache.nifi.processors.standard.RouteText - RouteText[id=24e84634-fdfb-4a8b-87b3-8cb3253f4f09] Routing FlowFile[1880,93427655277003.mockFlowFile,23B] to original
[main] DEBUG org.apache.nifi.processors.standard.RouteText - RouteText[id=24e84634-fdfb-4a8b-87b3-8cb3253f4f09] Adding new dynamic property: PropertyDescriptor[simple]
[pool-3263-thread-1] INFO org.apache.nifi.processors.standard.RouteText - RouteText[id=24e84634-fdfb-4a8b-87b3-8cb3253f4f09] Created FlowFile[1883,93427655687534.mockFlowFile,23B] from FlowFile[1882,93427655687534.mockFlowFile,23B]; routing to relationship simple
[pool-3263-thread-1] INFO org.apache.nifi.processors.standard.RouteText - RouteText[id=24e84634-fdfb-4a8b-87b3-8cb3253f4f09] Routing FlowFile[1882,93427655687534.mockFlowFile,23B] to original
[main] DEBUG org.apache.nifi.processors.standard.RouteText - RouteText[id=24e84634-fdfb-4a8b-87b3-8cb3253f4f09] Adding new dynamic property: PropertyDescriptor[simple]
[pool-3264-thread-1] INFO org.apache.nifi.processors.standard.RouteText - RouteText[id=24e84634-fdfb-4a8b-87b3-8cb3253f4f09] Created FlowFile[1885,93427656115682.mockFlowFile,23B] from FlowFile[1884,93427656115682.mockFlowFile,23B]; routing to relationship simple
[pool-3264-thread-1] INFO org.apache.nifi.processors.standard.RouteText - RouteText[id=24e84634-fdfb-4a8b-87b3-8cb3253f4f09] Routing FlowFile[1884,93427656115682.mockFlowFile,23B] to original
[main] DEBUG org.apache.nifi.processors.standard.RouteText - RouteText[id=24e84634-fdfb-4a8b-87b3-8cb3253f4f09] Adding new dynamic property: PropertyDescriptor[simple]
[pool-3265-thread-1] INFO org.apache.nifi.processors.standard.RouteText - RouteText[id=24e84634-fdfb-4a8b-87b3-8cb3253f4f09] Created FlowFile[1887,93427656540845.mockFlowFile,23B] from FlowFile[1886,93427656540845.mockFlowFile,23B]; routing to relationship simple
[pool-3265-thread-1] INFO org.apache.nifi.processors.standard.RouteText - RouteText[id=24e84634-fdfb-4a8b-87b3-8cb3253f4f09] Routing FlowFile[1886,93427656540845.mockFlowFile,23B] to original
[main] DEBUG org.apache.nifi.processors.standard.RouteText - RouteText[id=24e84634-fdfb-4a8b-87b3-8cb3253f4f09] Adding new dynamic property: PropertyDescriptor[simple]
[pool-3266-thread-1] INFO org.apache.nifi.processors.standard.RouteText - RouteText[id=24e84634-fdfb-4a8b-87b3-8cb3253f4f09] Created FlowFile[1889,93427656960412.mockFlowFile,23B] from FlowFile[1888,93427656960412.mockFlowFile,23B]; routing to relationship simple
[pool-3266-thread-1] INFO org.apache.nifi.processors.standard.RouteText - RouteText[id=24e84634-fdfb-4a8b-87b3-8cb3253f4f09] Routing FlowFile[1888,93427656960412.mockFlowFile,23B] to original
[main] DEBUG org.apache.nifi.processors.standard.RouteText - RouteText[id=24e84634-fdfb-4a8b-87b3-8cb3253f4f09] Adding new dynamic property: PropertyDescriptor[simple]
[pool-3267-thread-1] INFO org.apache.nifi.processors.standard.RouteText - RouteText[id=24e84634-fdfb-4a8b-87b3-8cb3253f4f09] Created FlowFile[1891,93427657375560.mockFlowFile,23B] from FlowFile[1890,93427657375560.mockFlowFile,23B]; routing to relationship simple
[pool-3267-thread-1] INFO org.apache.nifi.processors.standard.RouteText - RouteText[id=24e84634-fdfb-4a8b-87b3-8cb3253f4f09] Routing FlowFile[1890,93427657375560.mockFlowFile,23B] to original
[main] DEBUG org.apache.nifi.processors.standard.RouteText - RouteText[id=24e84634-fdfb-4a8b-87b3-8cb3253f4f09] Adding new dynamic property: PropertyDescriptor[simple]
[pool-3268-thread-1] INFO org.apache.nifi.processors.standard.RouteText - RouteText[id=24e84634-fdfb-4a8b-87b3-8cb3253f4f09] Created FlowFile[1893,93427657794018.mockFlowFile,23B] from FlowFile[1892,93427657794018.mockFlowFile,23B]; routing to relationship simple
[pool-3268-thread-1] INFO org.apache.nifi.processors.standard.RouteText - RouteText[id=24e84634-fdfb-4a8b-87b3-8cb3253f4f09] Routing FlowFile[1892,93427657794018.mockFlowFile,23B] to original
[main] DEBUG org.apache.nifi.processors.standard.RouteText - RouteText[id=24e84634-fdfb-4a8b-87b3-8cb3253f4f09] Adding new dynamic property: PropertyDescriptor[simple]
[pool-3269-thread-1] INFO org.apache.nifi.processors.standard.RouteText - RouteText[id=24e84634-fdfb-4a8b-87b3-8cb3253f4f09] Created FlowFile[1895,93427658245939.mockFlowFile,23B] from FlowFile[1894,93427658245939.mockFlowFile,23B]; routing to relationship simple
[pool-3269-thread-1] INFO org.apache.nifi.processors.standard.RouteText - RouteText[id=24e84634-fdfb-4a8b-87b3-8cb3253f4f09] Routing FlowFile[1894,93427658245939.mockFlowFile,23B] to original
[main] DEBUG org.apache.nifi.processors.standard.RouteText - RouteText[id=24e84634-fdfb-4a8b-87b3-8cb3253f4f09] Adding new dynamic property: PropertyDescriptor[simple]
[pool-3270-thread-1] INFO org.apache.nifi.processors.standard.RouteText - RouteText[id=24e84634-fdfb-4a8b-87b3-8cb3253f4f09] Created FlowFile[1897,93427658671634.mockFlowFile,23B] from FlowFile[1896,93427658671634.mockFlowFile,23B]; routing to relationship simple
[pool-3270-thread-1] INFO org.apache.nifi.processors.standard.RouteText - RouteText[id=24e84634-fdfb-4a8b-87b3-8cb3253f4f09] Routing FlowFile[1896,93427658671634.mockFlowFile,23B] to original
[main] DEBUG org.apache.nifi.processors.standard.RouteText - RouteText[id=24e84634-fdfb-4a8b-87b3-8cb3253f4f09] Adding new dynamic property: PropertyDescriptor[simple]
[pool-3271-thread-1] INFO org.apache.nifi.processors.standard.RouteText - RouteText[id=24e84634-fdfb-4a8b-87b3-8cb3253f4f09] Created FlowFile[1899,93427659118807.mockFlowFile,23B] from FlowFile[1898,93427659118807.mockFlowFile,23B]; routing to relationship simple
[pool-3271-thread-1] INFO org.apache.nifi.processors.standard.RouteText - RouteText[id=24e84634-fdfb-4a8b-87b3-8cb3253f4f09] Routing FlowFile[1898,93427659118807.mockFlowFile,23B] to original
[main] DEBUG org.apache.nifi.processors.standard.RouteText - RouteText[id=24e84634-fdfb-4a8b-87b3-8cb3253f4f09] Adding new dynamic property: PropertyDescriptor[simple]
[pool-3272-thread-1] INFO org.apache.nifi.processors.standard.RouteText - RouteText[id=24e84634-fdfb-4a8b-87b3-8cb3253f4f09] Created FlowFile[1901,93427659610406.mockFlowFile,23B] from FlowFile[1900,93427659610406.mockFlowFile,23B]; routing to relationship simple
[pool-3272-thread-1] INFO org.apache.nifi.processors.standard.RouteText - RouteText[id=24e84634-fdfb-4a8b-87b3-8cb3253f4f09] Routing FlowFile[1900,93427659610406.mockFlowFile,23B] to original
[main] DEBUG org.apache.nifi.processors.standard.RouteText - RouteText[id=24e84634-fdfb-4a8b-87b3-8cb3253f4f09] Adding new dynamic property: PropertyDescriptor[simple]
[pool-3273-thread-1] INFO org.apache.nifi.processors.standard.RouteText - RouteText[id=24e84634-fdfb-4a8b-87b3-8cb3253f4f09] Created FlowFile[1903,93427660144286.mockFlowFile,23B] from FlowFile[1902,93427660144286.mockFlowFile,23B]; routing to relationship simple
[pool-3273-thread-1] INFO org.apache.nifi.processors.standard.RouteText - RouteText[id=24e84634-fdfb-4a8b-87b3-8cb3253f4f09] Routing FlowFile[1902,93427660144286.mockFlowFile,23B] to original
[main] DEBUG org.apache.nifi.processors.standard.RouteText - RouteText[id=24e84634-fdfb-4a8b-87b3-8cb3253f4f09] Adding new dynamic property: PropertyDescriptor[simple]
[pool-3274-thread-1] INFO org.apache.nifi.processors.standard.RouteText - RouteText[id=24e84634-fdfb-4a8b-87b3-8cb3253f4f09] Created FlowFile[1905,93427660571061.mockFlowFile,23B] from FlowFile[1904,93427660571061.mockFlowFile,23B]; routing to relationship simple
[pool-3274-thread-1] INFO org.apache.nifi.processors.standard.RouteText - RouteText[id=24e84634-fdfb-4a8b-87b3-8cb3253f4f09] Routing FlowFile[1904,93427660571061.mockFlowFile,23B] to original
[main] DEBUG org.apache.nifi.processors.standard.RouteText - RouteText[id=24e84634-fdfb-4a8b-87b3-8cb3253f4f09] Adding new dynamic property: PropertyDescriptor[simple]
[pool-3275-thread-1] INFO org.apache.nifi.processors.standard.RouteText - RouteText[id=24e84634-fdfb-4a8b-87b3-8cb3253f4f09] Created FlowFile[1907,93427661005482.mockFlowFile,23B] from FlowFile[1906,93427661005482.mockFlowFile,23B]; routing to relationship simple
[pool-3275-thread-1] INFO org.apache.nifi.processors.standard.RouteText - RouteText[id=24e84634-fdfb-4a8b-87b3-8cb3253f4f09] Routing FlowFile[1906,93427661005482.mockFlowFile,23B] to original
[main] DEBUG org.apache.nifi.processors.standard.RouteText - RouteText[id=24e84634-fdfb-4a8b-87b3-8cb3253f4f09] Adding new dynamic property: PropertyDescriptor[simple]
[pool-3276-thread-1] INFO org.apache.nifi.processors.standard.RouteText - RouteText[id=24e84634-fdfb-4a8b-87b3-8cb3253f4f09] Created FlowFile[1909,93427661427656.mockFlowFile,23B] from FlowFile[1908,93427661427656.mockFlowFile,23B]; routing to relationship simple
[pool-3276-thread-1] INFO org.apache.nifi.processors.standard.RouteText - RouteText[id=24e84634-fdfb-4a8b-87b3-8cb3253f4f09] Routing FlowFile[1908,93427661427656.mockFlowFile,23B] to original
[main] DEBUG org.apache.nifi.processors.standard.RouteText - RouteText[id=24e84634-fdfb-4a8b-87b3-8cb3253f4f09] Adding new dynamic property: PropertyDescriptor[simple]
[pool-3277-thread-1] INFO org.apache.nifi.processors.standard.RouteText - RouteText[id=24e84634-fdfb-4a8b-87b3-8cb3253f4f09] Created FlowFile[1911,93427661839410.mockFlowFile,23B] from FlowFile[1910,93427661839410.mockFlowFile,23B]; routing to relationship simple
[pool-3277-thread-1] INFO org.apache.nifi.processors.standard.RouteText - RouteText[id=24e84634-fdfb-4a8b-87b3-8cb3253f4f09] Routing FlowFile[1910,93427661839410.mockFlowFile,23B] to original
[main] DEBUG org.apache.nifi.processors.standard.RouteText - RouteText[id=24e84634-fdfb-4a8b-87b3-8cb3253f4f09] Adding new dynamic property: PropertyDescriptor[simple]
[pool-3278-thread-1] INFO org.apache.nifi.processors.standard.RouteText - RouteText[id=24e84634-fdfb-4a8b-87b3-8cb3253f4f09] Created FlowFile[1913,93427662256581.mockFlowFile,23B] from FlowFile[1912,93427662256581.mockFlowFile,23B]; routing to relationship simple
[pool-3278-thread-1] INFO org.apache.nifi.processors.standard.RouteText - RouteText[id=24e84634-fdfb-4a8b-87b3-8cb3253f4f09] Routing FlowFile[1912,93427662256581.mockFlowFile,23B] to original
[main] DEBUG org.apache.nifi.processors.standard.RouteText - RouteText[id=24e84634-fdfb-4a8b-87b3-8cb3253f4f09] Adding new dynamic property: PropertyDescriptor[simple]
[pool-3279-thread-1] INFO org.apache.nifi.processors.standard.RouteText - RouteText[id=24e84634-fdfb-4a8b-87b3-8cb3253f4f09] Created FlowFile[1915,93427662684048.mockFlowFile,23B] from FlowFile[1914,93427662684048.mockFlowFile,23B]; routing to relationship simple
[pool-3279-thread-1] INFO org.apache.nifi.processors.standard.RouteText - RouteText[id=24e84634-fdfb-4a8b-87b3-8cb3253f4f09] Routing FlowFile[1914,93427662684048.mockFlowFile,23B] to original
[main] DEBUG org.apache.nifi.processors.standard.RouteText - RouteText[id=24e84634-fdfb-4a8b-87b3-8cb3253f4f09] Adding new dynamic property: PropertyDescriptor[simple]
[pool-3280-thread-1] INFO org.apache.nifi.processors.standard.RouteText - RouteText[id=24e84634-fdfb-4a8b-87b3-8cb3253f4f09] Created FlowFile[1917,93427663113443.mockFlowFile,23B] from FlowFile[1916,93427663113443.mockFlowFile,23B]; routing to relationship simple
[pool-3280-thread-1] INFO org.apache.nifi.processors.standard.RouteText - RouteText[id=24e84634-fdfb-4a8b-87b3-8cb3253f4f09] Routing FlowFile[1916,93427663113443.mockFlowFile,23B] to original
[main] DEBUG org.apache.nifi.processors.standard.RouteText - RouteText[id=24e84634-fdfb-4a8b-87b3-8cb3253f4f09] Adding new dynamic property: PropertyDescriptor[simple]
[pool-3281-thread-1] INFO org.apache.nifi.processors.standard.RouteText - RouteText[id=24e84634-fdfb-4a8b-87b3-8cb3253f4f09] Created FlowFile[1919,93427663695787.mockFlowFile,23B] from FlowFile[1918,93427663695787.mockFlowFile,23B]; routing to relationship simple
[pool-3281-thread-1] INFO org.apache.nifi.processors.standard.RouteText - RouteText[id=24e84634-fdfb-4a8b-87b3-8cb3253f4f09] Routing FlowFile[1918,93427663695787.mockFlowFile,23B] to original
[main] DEBUG org.apache.nifi.processors.standard.RouteText - RouteText[id=24e84634-fdfb-4a8b-87b3-8cb3253f4f09] Adding new dynamic property: PropertyDescriptor[simple]
[pool-3282-thread-1] INFO org.apache.nifi.processors.standard.RouteText - RouteText[id=24e84634-fdfb-4a8b-87b3-8cb3253f4f09] Created FlowFile[1921,93427664235747.mockFlowFile,23B] from FlowFile[1920,93427664235747.mockFlowFile,23B]; routing to relationship simple
[pool-3282-thread-1] INFO org.apache.nifi.processors.standard.RouteText - RouteText[id=24e84634-fdfb-4a8b-87b3-8cb3253f4f09] Routing FlowFile[1920,93427664235747.mockFlowFile,23B] to original
[main] DEBUG org.apache.nifi.processors.standard.RouteText - RouteText[id=24e84634-fdfb-4a8b-87b3-8cb3253f4f09] Adding new dynamic property: PropertyDescriptor[simple]
[pool-3283-thread-1] INFO org.apache.nifi.processors.standard.RouteText - RouteText[id=24e84634-fdfb-4a8b-87b3-8cb3253f4f09] Created FlowFile[1923,93427664731280.mockFlowFile,23B] from FlowFile[1922,93427664731280.mockFlowFile,23B]; routing to relationship simple
[pool-3283-thread-1] INFO org.apache.nifi.processors.standard.RouteText - RouteText[id=24e84634-fdfb-4a8b-87b3-8cb3253f4f09] Routing FlowFile[1922,93427664731280.mockFlowFile,23B] to original
[main] DEBUG org.apache.nifi.processors.standard.RouteText - RouteText[id=24e84634-fdfb-4a8b-87b3-8cb3253f4f09] Adding new dynamic property: PropertyDescriptor[simple]
[pool-3284-thread-1] INFO org.apache.nifi.processors.standard.RouteText - RouteText[id=24e84634-fdfb-4a8b-87b3-8cb3253f4f09] Created FlowFile[1925,93427665230607.mockFlowFile,23B] from FlowFile[1924,93427665230607.mockFlowFile,23B]; routing to relationship simple
[pool-3284-thread-1] INFO org.apache.nifi.processors.standard.RouteText - RouteText[id=24e84634-fdfb-4a8b-87b3-8cb3253f4f09] Routing FlowFile[1924,93427665230607.mockFlowFile,23B] to original
[main] DEBUG org.apache.nifi.processors.standard.RouteText - RouteText[id=24e84634-fdfb-4a8b-87b3-8cb3253f4f09] Adding new dynamic property: PropertyDescriptor[simple]
[pool-3285-thread-1] INFO org.apache.nifi.processors.standard.RouteText - RouteText[id=24e84634-fdfb-4a8b-87b3-8cb3253f4f09] Created FlowFile[1927,93427665716199.mockFlowFile,23B] from FlowFile[1926,93427665716199.mockFlowFile,23B]; routing to relationship simple
[pool-3285-thread-1] INFO org.apache.nifi.processors.standard.RouteText - RouteText[id=24e84634-fdfb-4a8b-87b3-8cb3253f4f09] Routing FlowFile[1926,93427665716199.mockFlowFile,23B] to original
[main] DEBUG org.apache.nifi.processors.standard.RouteText - RouteText[id=24e84634-fdfb-4a8b-87b3-8cb3253f4f09] Adding new dynamic property: PropertyDescriptor[simple]
[pool-3286-thread-1] INFO org.apache.nifi.processors.standard.RouteText - RouteText[id=24e84634-fdfb-4a8b-87b3-8cb3253f4f09] Created FlowFile[1929,93427666121326.mockFlowFile,23B] from FlowFile[1928,93427666121326.mockFlowFile,23B]; routing to relationship simple
[pool-3286-thread-1] INFO org.apache.nifi.processors.standard.RouteText - RouteText[id=24e84634-fdfb-4a8b-87b3-8cb3253f4f09] Routing FlowFile[1928,93427666121326.mockFlowFile,23B] to original
[main] DEBUG org.apache.nifi.processors.standard.RouteText - RouteText[id=24e84634-fdfb-4a8b-87b3-8cb3253f4f09] Adding new dynamic property: PropertyDescriptor[simple]
[pool-3287-thread-1] INFO org.apache.nifi.processors.standard.RouteText - RouteText[id=24e84634-fdfb-4a8b-87b3-8cb3253f4f09] Created FlowFile[1931,93427666506896.mockFlowFile,23B] from FlowFile[1930,93427666506896.mockFlowFile,23B]; routing to relationship simple
[pool-3287-thread-1] INFO org.apache.nifi.processors.standard.RouteText - RouteText[id=24e84634-fdfb-4a8b-87b3-8cb3253f4f09] Routing FlowFile[1930,93427666506896.mockFlowFile,23B] to original
[main] DEBUG org.apache.nifi.processors.standard.RouteText - RouteText[id=24e84634-fdfb-4a8b-87b3-8cb3253f4f09] Adding new dynamic property: PropertyDescriptor[simple]
[pool-3288-thread-1] INFO org.apache.nifi.processors.standard.RouteText - RouteText[id=24e84634-fdfb-4a8b-87b3-8cb3253f4f09] Created FlowFile[1933,93427666911578.mockFlowFile,23B] from FlowFile[1932,93427666911578.mockFlowFile,23B]; routing to relationship simple
[pool-3288-thread-1] INFO org.apache.nifi.processors.standard.RouteText - RouteText[id=24e84634-fdfb-4a8b-87b3-8cb3253f4f09] Routing FlowFile[1932,93427666911578.mockFlowFile,23B] to original
[main] DEBUG org.apache.nifi.processors.standard.RouteText - RouteText[id=24e84634-fdfb-4a8b-87b3-8cb3253f4f09] Adding new dynamic property: PropertyDescriptor[simple]
[pool-3289-thread-1] INFO org.apache.nifi.processors.standard.RouteText - RouteText[id=24e84634-fdfb-4a8b-87b3-8cb3253f4f09] Created FlowFile[1935,93427667314309.mockFlowFile,23B] from FlowFile[1934,93427667314309.mockFlowFile,23B]; routing to relationship simple
[pool-3289-thread-1] INFO org.apache.nifi.processors.standard.RouteText - RouteText[id=24e84634-fdfb-4a8b-87b3-8cb3253f4f09] Routing FlowFile[1934,93427667314309.mockFlowFile,23B] to original
[main] DEBUG org.apache.nifi.processors.standard.RouteText - RouteText[id=24e84634-fdfb-4a8b-87b3-8cb3253f4f09] Adding new dynamic property: PropertyDescriptor[simple]
[pool-3290-thread-1] INFO org.apache.nifi.processors.standard.RouteText - RouteText[id=24e84634-fdfb-4a8b-87b3-8cb3253f4f09] Created FlowFile[1937,93427667746672.mockFlowFile,23B] from FlowFile[1936,93427667746672.mockFlowFile,23B]; routing to relationship simple
[pool-3290-thread-1] INFO org.apache.nifi.processors.standard.RouteText - RouteText[id=24e84634-fdfb-4a8b-87b3-8cb3253f4f09] Routing FlowFile[1936,93427667746672.mockFlowFile,23B] to original
[main] DEBUG org.apache.nifi.processors.standard.RouteText - RouteText[id=24e84634-fdfb-4a8b-87b3-8cb3253f4f09] Adding new dynamic property: PropertyDescriptor[simple]
[pool-3291-thread-1] INFO org.apache.nifi.processors.standard.RouteText - RouteText[id=24e84634-fdfb-4a8b-87b3-8cb3253f4f09] Created FlowFile[1939,93427668143646.mockFlowFile,23B] from FlowFile[1938,93427668143646.mockFlowFile,23B]; routing to relationship simple
[pool-3291-thread-1] INFO org.apache.nifi.processors.standard.RouteText - RouteText[id=24e84634-fdfb-4a8b-87b3-8cb3253f4f09] Routing FlowFile[1938,93427668143646.mockFlowFile,23B] to original
[main] DEBUG org.apache.nifi.processors.standard.RouteText - RouteText[id=24e84634-fdfb-4a8b-87b3-8cb3253f4f09] Adding new dynamic property: PropertyDescriptor[simple]
[pool-3292-thread-1] INFO org.apache.nifi.processors.standard.RouteText - RouteText[id=24e84634-fdfb-4a8b-87b3-8cb3253f4f09] Created FlowFile[1941,93427668535747.mockFlowFile,23B] from FlowFile[1940,93427668535747.mockFlowFile,23B]; routing to relationship simple
[pool-3292-thread-1] INFO org.apache.nifi.processors.standard.RouteText - RouteText[id=24e84634-fdfb-4a8b-87b3-8cb3253f4f09] Routing FlowFile[1940,93427668535747.mockFlowFile,23B] to original
[main] DEBUG org.apache.nifi.processors.standard.RouteText - RouteText[id=24e84634-fdfb-4a8b-87b3-8cb3253f4f09] Adding new dynamic property: PropertyDescriptor[simple]
[pool-3293-thread-1] INFO org.apache.nifi.processors.standard.RouteText - RouteText[id=24e84634-fdfb-4a8b-87b3-8cb3253f4f09] Created FlowFile[1943,93427668919556.mockFlowFile,23B] from FlowFile[1942,93427668919556.mockFlowFile,23B]; routing to relationship simple
[pool-3293-thread-1] INFO org.apache.nifi.processors.standard.RouteText - RouteText[id=24e84634-fdfb-4a8b-87b3-8cb3253f4f09] Routing FlowFile[1942,93427668919556.mockFlowFile,23B] to original
[main] DEBUG org.apache.nifi.processors.standard.RouteText - RouteText[id=24e84634-fdfb-4a8b-87b3-8cb3253f4f09] Adding new dynamic property: PropertyDescriptor[simple]
[pool-3294-thread-1] INFO org.apache.nifi.processors.standard.RouteText - RouteText[id=24e84634-fdfb-4a8b-87b3-8cb3253f4f09] Created FlowFile[1945,93427669298803.mockFlowFile,23B] from FlowFile[1944,93427669298803.mockFlowFile,23B]; routing to relationship simple
[pool-3294-thread-1] INFO org.apache.nifi.processors.standard.RouteText - RouteText[id=24e84634-fdfb-4a8b-87b3-8cb3253f4f09] Routing FlowFile[1944,93427669298803.mockFlowFile,23B] to original
[main] DEBUG org.apache.nifi.processors.standard.RouteText - RouteText[id=24e84634-fdfb-4a8b-87b3-8cb3253f4f09] Adding new dynamic property: PropertyDescriptor[simple]
[pool-3295-thread-1] INFO org.apache.nifi.processors.standard.RouteText - RouteText[id=24e84634-fdfb-4a8b-87b3-8cb3253f4f09] Created FlowFile[1947,93427669674641.mockFlowFile,23B] from FlowFile[1946,93427669674641.mockFlowFile,23B]; routing to relationship simple
[pool-3295-thread-1] INFO org.apache.nifi.processors.standard.RouteText - RouteText[id=24e84634-fdfb-4a8b-87b3-8cb3253f4f09] Routing FlowFile[1946,93427669674641.mockFlowFile,23B] to original
[main] DEBUG org.apache.nifi.processors.standard.RouteText - RouteText[id=24e84634-fdfb-4a8b-87b3-8cb3253f4f09] Adding new dynamic property: PropertyDescriptor[simple]
[pool-3296-thread-1] INFO org.apache.nifi.processors.standard.RouteText - RouteText[id=24e84634-fdfb-4a8b-87b3-8cb3253f4f09] Created FlowFile[1949,93427670044255.mockFlowFile,23B] from FlowFile[1948,93427670044255.mockFlowFile,23B]; routing to relationship simple
[pool-3296-thread-1] INFO org.apache.nifi.processors.standard.RouteText - RouteText[id=24e84634-fdfb-4a8b-87b3-8cb3253f4f09] Routing FlowFile[1948,93427670044255.mockFlowFile,23B] to original
[main] DEBUG org.apache.nifi.processors.standard.RouteText - RouteText[id=24e84634-fdfb-4a8b-87b3-8cb3253f4f09] Adding new dynamic property: PropertyDescriptor[simple]
[pool-3297-thread-1] INFO org.apache.nifi.processors.standard.RouteText - RouteText[id=24e84634-fdfb-4a8b-87b3-8cb3253f4f09] Created FlowFile[1951,93427670415995.mockFlowFile,23B] from FlowFile[1950,93427670415995.mockFlowFile,23B]; routing to relationship simple
[pool-3297-thread-1] INFO org.apache.nifi.processors.standard.RouteText - RouteText[id=24e84634-fdfb-4a8b-87b3-8cb3253f4f09] Routing FlowFile[1950,93427670415995.mockFlowFile,23B] to original
[main] DEBUG org.apache.nifi.processors.standard.RouteText - RouteText[id=24e84634-fdfb-4a8b-87b3-8cb3253f4f09] Adding new dynamic property: PropertyDescriptor[simple]
[pool-3298-thread-1] INFO org.apache.nifi.processors.standard.RouteText - RouteText[id=24e84634-fdfb-4a8b-87b3-8cb3253f4f09] Created FlowFile[1953,93427670793682.mockFlowFile,23B] from FlowFile[1952,93427670793682.mockFlowFile,23B]; routing to relationship simple
[pool-3298-thread-1] INFO org.apache.nifi.processors.standard.RouteText - RouteText[id=24e84634-fdfb-4a8b-87b3-8cb3253f4f09] Routing FlowFile[1952,93427670793682.mockFlowFile,23B] to original
[main] DEBUG org.apache.nifi.processors.standard.RouteText - RouteText[id=24e84634-fdfb-4a8b-87b3-8cb3253f4f09] Adding new dynamic property: PropertyDescriptor[simple]
[pool-3299-thread-1] INFO org.apache.nifi.processors.standard.RouteText - RouteText[id=24e84634-fdfb-4a8b-87b3-8cb3253f4f09] Created FlowFile[1955,93427671167462.mockFlowFile,23B] from FlowFile[1954,93427671167462.mockFlowFile,23B]; routing to relationship simple
[pool-3299-thread-1] INFO org.apache.nifi.processors.standard.RouteText - RouteText[id=24e84634-fdfb-4a8b-87b3-8cb3253f4f09] Routing FlowFile[1954,93427671167462.mockFlowFile,23B] to original
[main] DEBUG org.apache.nifi.processors.standard.RouteText - RouteText[id=24e84634-fdfb-4a8b-87b3-8cb3253f4f09] Adding new dynamic property: PropertyDescriptor[simple]
[pool-3300-thread-1] INFO org.apache.nifi.processors.standard.RouteText - RouteText[id=24e84634-fdfb-4a8b-87b3-8cb3253f4f09] Created FlowFile[1957,93427671510804.mockFlowFile,23B] from FlowFile[1956,93427671510804.mockFlowFile,23B]; routing to relationship simple
[pool-3300-thread-1] INFO org.apache.nifi.processors.standard.RouteText - RouteText[id=24e84634-fdfb-4a8b-87b3-8cb3253f4f09] Routing FlowFile[1956,93427671510804.mockFlowFile,23B] to original
[main] DEBUG org.apache.nifi.processors.standard.RouteText - RouteText[id=24e84634-fdfb-4a8b-87b3-8cb3253f4f09] Adding new dynamic property: PropertyDescriptor[simple]
[pool-3301-thread-1] INFO org.apache.nifi.processors.standard.RouteText - RouteText[id=24e84634-fdfb-4a8b-87b3-8cb3253f4f09] Created FlowFile[1959,93427671893397.mockFlowFile,23B] from FlowFile[1958,93427671893397.mockFlowFile,23B]; routing to relationship simple
[pool-3301-thread-1] INFO org.apache.nifi.processors.standard.RouteText - RouteText[id=24e84634-fdfb-4a8b-87b3-8cb3253f4f09] Routing FlowFile[1958,93427671893397.mockFlowFile,23B] to original
[main] DEBUG org.apache.nifi.processors.standard.RouteText - RouteText[id=24e84634-fdfb-4a8b-87b3-8cb3253f4f09] Adding new dynamic property: PropertyDescriptor[simple]
[pool-3302-thread-1] INFO org.apache.nifi.processors.standard.RouteText - RouteText[id=24e84634-fdfb-4a8b-87b3-8cb3253f4f09] Created FlowFile[1961,93427672292163.mockFlowFile,23B] from FlowFile[1960,93427672292163.mockFlowFile,23B]; routing to relationship simple
[pool-3302-thread-1] INFO org.apache.nifi.processors.standard.RouteText - RouteText[id=24e84634-fdfb-4a8b-87b3-8cb3253f4f09] Routing FlowFile[1960,93427672292163.mockFlowFile,23B] to original
[main] DEBUG org.apache.nifi.processors.standard.RouteText - RouteText[id=24e84634-fdfb-4a8b-87b3-8cb3253f4f09] Adding new dynamic property: PropertyDescriptor[simple]
[pool-3303-thread-1] INFO org.apache.nifi.processors.standard.RouteText - RouteText[id=24e84634-fdfb-4a8b-87b3-8cb3253f4f09] Created FlowFile[1963,93427672677199.mockFlowFile,23B] from FlowFile[1962,93427672677199.mockFlowFile,23B]; routing to relationship simple
[pool-3303-thread-1] INFO org.apache.nifi.processors.standard.RouteText - RouteText[id=24e84634-fdfb-4a8b-87b3-8cb3253f4f09] Routing FlowFile[1962,93427672677199.mockFlowFile,23B] to original
[main] DEBUG org.apache.nifi.processors.standard.RouteText - RouteText[id=24e84634-fdfb-4a8b-87b3-8cb3253f4f09] Adding new dynamic property: PropertyDescriptor[simple]
[pool-3304-thread-1] INFO org.apache.nifi.processors.standard.RouteText - RouteText[id=24e84634-fdfb-4a8b-87b3-8cb3253f4f09] Created FlowFile[1965,93427673048967.mockFlowFile,23B] from FlowFile[1964,93427673048967.mockFlowFile,23B]; routing to relationship simple
[pool-3304-thread-1] INFO org.apache.nifi.processors.standard.RouteText - RouteText[id=24e84634-fdfb-4a8b-87b3-8cb3253f4f09] Routing FlowFile[1964,93427673048967.mockFlowFile,23B] to original
[main] DEBUG org.apache.nifi.processors.standard.RouteText - RouteText[id=24e84634-fdfb-4a8b-87b3-8cb3253f4f09] Adding new dynamic property: PropertyDescriptor[simple]
[pool-3305-thread-1] INFO org.apache.nifi.processors.standard.RouteText - RouteText[id=24e84634-fdfb-4a8b-87b3-8cb3253f4f09] Created FlowFile[1967,93427673423973.mockFlowFile,23B] from FlowFile[1966,93427673423973.mockFlowFile,23B]; routing to relationship simple
[pool-3305-thread-1] INFO org.apache.nifi.processors.standard.RouteText - RouteText[id=24e84634-fdfb-4a8b-87b3-8cb3253f4f09] Routing FlowFile[1966,93427673423973.mockFlowFile,23B] to original
[main] DEBUG org.apache.nifi.processors.standard.RouteText - RouteText[id=24e84634-fdfb-4a8b-87b3-8cb3253f4f09] Adding new dynamic property: PropertyDescriptor[simple]
[pool-3306-thread-1] INFO org.apache.nifi.processors.standard.RouteText - RouteText[id=24e84634-fdfb-4a8b-87b3-8cb3253f4f09] Created FlowFile[1969,93427673811862.mockFlowFile,23B] from FlowFile[1968,93427673811862.mockFlowFile,23B]; routing to relationship simple
[pool-3306-thread-1] INFO org.apache.nifi.processors.standard.RouteText - RouteText[id=24e84634-fdfb-4a8b-87b3-8cb3253f4f09] Routing FlowFile[1968,93427673811862.mockFlowFile,23B] to original
[main] DEBUG org.apache.nifi.processors.standard.RouteText - RouteText[id=24e84634-fdfb-4a8b-87b3-8cb3253f4f09] Adding new dynamic property: PropertyDescriptor[simple]
[pool-3307-thread-1] INFO org.apache.nifi.processors.standard.RouteText - RouteText[id=24e84634-fdfb-4a8b-87b3-8cb3253f4f09] Created FlowFile[1971,93427674194491.mockFlowFile,23B] from FlowFile[1970,93427674194491.mockFlowFile,23B]; routing to relationship simple
[pool-3307-thread-1] INFO org.apache.nifi.processors.standard.RouteText - RouteText[id=24e84634-fdfb-4a8b-87b3-8cb3253f4f09] Routing FlowFile[1970,93427674194491.mockFlowFile,23B] to original
[main] DEBUG org.apache.nifi.processors.standard.RouteText - RouteText[id=24e84634-fdfb-4a8b-87b3-8cb3253f4f09] Adding new dynamic property: PropertyDescriptor[simple]
[pool-3308-thread-1] INFO org.apache.nifi.processors.standard.RouteText - RouteText[id=24e84634-fdfb-4a8b-87b3-8cb3253f4f09] Created FlowFile[1973,93427674581568.mockFlowFile,23B] from FlowFile[1972,93427674581568.mockFlowFile,23B]; routing to relationship simple
[pool-3308-thread-1] INFO org.apache.nifi.processors.standard.RouteText - RouteText[id=24e84634-fdfb-4a8b-87b3-8cb3253f4f09] Routing FlowFile[1972,93427674581568.mockFlowFile,23B] to original
[main] DEBUG org.apache.nifi.processors.standard.RouteText - RouteText[id=24e84634-fdfb-4a8b-87b3-8cb3253f4f09] Adding new dynamic property: PropertyDescriptor[simple]
[pool-3309-thread-1] INFO org.apache.nifi.processors.standard.RouteText - RouteText[id=24e84634-fdfb-4a8b-87b3-8cb3253f4f09] Created FlowFile[1975,93427674962803.mockFlowFile,23B] from FlowFile[1974,93427674962803.mockFlowFile,23B]; routing to relationship simple
[pool-3309-thread-1] INFO org.apache.nifi.processors.standard.RouteText - RouteText[id=24e84634-fdfb-4a8b-87b3-8cb3253f4f09] Routing FlowFile[1974,93427674962803.mockFlowFile,23B] to original
[main] DEBUG org.apache.nifi.processors.standard.RouteText - RouteText[id=24e84634-fdfb-4a8b-87b3-8cb3253f4f09] Adding new dynamic property: PropertyDescriptor[simple]
[pool-3310-thread-1] INFO org.apache.nifi.processors.standard.RouteText - RouteText[id=24e84634-fdfb-4a8b-87b3-8cb3253f4f09] Created FlowFile[1977,93427675345101.mockFlowFile,23B] from FlowFile[1976,93427675345101.mockFlowFile,23B]; routing to relationship simple
[pool-3310-thread-1] INFO org.apache.nifi.processors.standard.RouteText - RouteText[id=24e84634-fdfb-4a8b-87b3-8cb3253f4f09] Routing FlowFile[1976,93427675345101.mockFlowFile,23B] to original
[main] DEBUG org.apache.nifi.processors.standard.RouteText - RouteText[id=24e84634-fdfb-4a8b-87b3-8cb3253f4f09] Adding new dynamic property: PropertyDescriptor[simple]
[pool-3311-thread-1] INFO org.apache.nifi.processors.standard.RouteText - RouteText[id=24e84634-fdfb-4a8b-87b3-8cb3253f4f09] Created FlowFile[1979,93427675726495.mockFlowFile,23B] from FlowFile[1978,93427675726495.mockFlowFile,23B]; routing to relationship simple
[pool-3311-thread-1] INFO org.apache.nifi.processors.standard.RouteText - RouteText[id=24e84634-fdfb-4a8b-87b3-8cb3253f4f09] Routing FlowFile[1978,93427675726495.mockFlowFile,23B] to original
[main] DEBUG org.apache.nifi.processors.standard.RouteText - RouteText[id=24e84634-fdfb-4a8b-87b3-8cb3253f4f09] Adding new dynamic property: PropertyDescriptor[simple]
[pool-3312-thread-1] INFO org.apache.nifi.processors.standard.RouteText - RouteText[id=24e84634-fdfb-4a8b-87b3-8cb3253f4f09] Created FlowFile[1981,93427676095548.mockFlowFile,23B] from FlowFile[1980,93427676095548.mockFlowFile,23B]; routing to relationship simple
[pool-3312-thread-1] INFO org.apache.nifi.processors.standard.RouteText - RouteText[id=24e84634-fdfb-4a8b-87b3-8cb3253f4f09] Routing FlowFile[1980,93427676095548.mockFlowFile,23B] to original
[main] DEBUG org.apache.nifi.processors.standard.RouteText - RouteText[id=24e84634-fdfb-4a8b-87b3-8cb3253f4f09] Adding new dynamic property: PropertyDescriptor[simple]
[pool-3313-thread-1] INFO org.apache.nifi.processors.standard.RouteText - RouteText[id=24e84634-fdfb-4a8b-87b3-8cb3253f4f09] Created FlowFile[1983,93427676465735.mockFlowFile,23B] from FlowFile[1982,93427676465735.mockFlowFile,23B]; routing to relationship simple
[pool-3313-thread-1] INFO org.apache.nifi.processors.standard.RouteText - RouteText[id=24e84634-fdfb-4a8b-87b3-8cb3253f4f09] Routing FlowFile[1982,93427676465735.mockFlowFile,23B] to original
[main] DEBUG org.apache.nifi.processors.standard.RouteText - RouteText[id=24e84634-fdfb-4a8b-87b3-8cb3253f4f09] Adding new dynamic property: PropertyDescriptor[simple]
[pool-3314-thread-1] INFO org.apache.nifi.processors.standard.RouteText - RouteText[id=24e84634-fdfb-4a8b-87b3-8cb3253f4f09] Created FlowFile[1985,93427676850518.mockFlowFile,23B] from FlowFile[1984,93427676850518.mockFlowFile,23B]; routing to relationship simple
[pool-3314-thread-1] INFO org.apache.nifi.processors.standard.RouteText - RouteText[id=24e84634-fdfb-4a8b-87b3-8cb3253f4f09] Routing FlowFile[1984,93427676850518.mockFlowFile,23B] to original
[main] DEBUG org.apache.nifi.processors.standard.RouteText - RouteText[id=24e84634-fdfb-4a8b-87b3-8cb3253f4f09] Adding new dynamic property: PropertyDescriptor[simple]
[pool-3315-thread-1] INFO org.apache.nifi.processors.standard.RouteText - RouteText[id=24e84634-fdfb-4a8b-87b3-8cb3253f4f09] Created FlowFile[1987,93427677229165.mockFlowFile,23B] from FlowFile[1986,93427677229165.mockFlowFile,23B]; routing to relationship simple
[pool-3315-thread-1] INFO org.apache.nifi.processors.standard.RouteText - RouteText[id=24e84634-fdfb-4a8b-87b3-8cb3253f4f09] Routing FlowFile[1986,93427677229165.mockFlowFile,23B] to original
[main] DEBUG org.apache.nifi.processors.standard.RouteText - RouteText[id=24e84634-fdfb-4a8b-87b3-8cb3253f4f09] Adding new dynamic property: PropertyDescriptor[simple]
[pool-3316-thread-1] INFO org.apache.nifi.processors.standard.RouteText - RouteText[id=24e84634-fdfb-4a8b-87b3-8cb3253f4f09] Created FlowFile[1989,93427678899545.mockFlowFile,23B] from FlowFile[1988,93427678899545.mockFlowFile,23B]; routing to relationship simple
[pool-3316-thread-1] INFO org.apache.nifi.processors.standard.RouteText - RouteText[id=24e84634-fdfb-4a8b-87b3-8cb3253f4f09] Routing FlowFile[1988,93427678899545.mockFlowFile,23B] to original
[main] DEBUG org.apache.nifi.processors.standard.RouteText - RouteText[id=24e84634-fdfb-4a8b-87b3-8cb3253f4f09] Adding new dynamic property: PropertyDescriptor[simple]
[pool-3317-thread-1] INFO org.apache.nifi.processors.standard.RouteText - RouteText[id=24e84634-fdfb-4a8b-87b3-8cb3253f4f09] Created FlowFile[1991,93427679411642.mockFlowFile,23B] from FlowFile[1990,93427679411642.mockFlowFile,23B]; routing to relationship simple
[pool-3317-thread-1] INFO org.apache.nifi.processors.standard.RouteText - RouteText[id=24e84634-fdfb-4a8b-87b3-8cb3253f4f09] Routing FlowFile[1990,93427679411642.mockFlowFile,23B] to original
[main] DEBUG org.apache.nifi.processors.standard.RouteText - RouteText[id=24e84634-fdfb-4a8b-87b3-8cb3253f4f09] Adding new dynamic property: PropertyDescriptor[simple]
[pool-3318-thread-1] INFO org.apache.nifi.processors.standard.RouteText - RouteText[id=24e84634-fdfb-4a8b-87b3-8cb3253f4f09] Created FlowFile[1993,93427679813892.mockFlowFile,23B] from FlowFile[1992,93427679813892.mockFlowFile,23B]; routing to relationship simple
[pool-3318-thread-1] INFO org.apache.nifi.processors.standard.RouteText - RouteText[id=24e84634-fdfb-4a8b-87b3-8cb3253f4f09] Routing FlowFile[1992,93427679813892.mockFlowFile,23B] to original
[main] DEBUG org.apache.nifi.processors.standard.RouteText - RouteText[id=24e84634-fdfb-4a8b-87b3-8cb3253f4f09] Adding new dynamic property: PropertyDescriptor[simple]
[pool-3319-thread-1] INFO org.apache.nifi.processors.standard.RouteText - RouteText[id=24e84634-fdfb-4a8b-87b3-8cb3253f4f09] Created FlowFile[1995,93427680287637.mockFlowFile,23B] from FlowFile[1994,93427680287637.mockFlowFile,23B]; routing to relationship simple
[pool-3319-thread-1] INFO org.apache.nifi.processors.standard.RouteText - RouteText[id=24e84634-fdfb-4a8b-87b3-8cb3253f4f09] Routing FlowFile[1994,93427680287637.mockFlowFile,23B] to original
[main] DEBUG org.apache.nifi.processors.standard.RouteText - RouteText[id=24e84634-fdfb-4a8b-87b3-8cb3253f4f09] Adding new dynamic property: PropertyDescriptor[simple]
[pool-3320-thread-1] INFO org.apache.nifi.processors.standard.RouteText - RouteText[id=24e84634-fdfb-4a8b-87b3-8cb3253f4f09] Created FlowFile[1997,93427680675975.mockFlowFile,23B] from FlowFile[1996,93427680675975.mockFlowFile,23B]; routing to relationship simple
[pool-3320-thread-1] INFO org.apache.nifi.processors.standard.RouteText - RouteText[id=24e84634-fdfb-4a8b-87b3-8cb3253f4f09] Routing FlowFile[1996,93427680675975.mockFlowFile,23B] to original
[main] DEBUG org.apache.nifi.processors.standard.RouteText - RouteText[id=24e84634-fdfb-4a8b-87b3-8cb3253f4f09] Adding new dynamic property: PropertyDescriptor[simple]
[pool-3321-thread-1] INFO org.apache.nifi.processors.standard.RouteText - RouteText[id=24e84634-fdfb-4a8b-87b3-8cb3253f4f09] Created FlowFile[1999,93427681136982.mockFlowFile,23B] from FlowFile[1998,93427681136982.mockFlowFile,23B]; routing to relationship simple
[pool-3321-thread-1] INFO org.apache.nifi.processors.standard.RouteText - RouteText[id=24e84634-fdfb-4a8b-87b3-8cb3253f4f09] Routing FlowFile[1998,93427681136982.mockFlowFile,23B] to original
[main] DEBUG org.apache.nifi.processors.standard.RouteText - RouteText[id=24e84634-fdfb-4a8b-87b3-8cb3253f4f09] Adding new dynamic property: PropertyDescriptor[simple]
[pool-3322-thread-1] INFO org.apache.nifi.processors.standard.RouteText - RouteText[id=24e84634-fdfb-4a8b-87b3-8cb3253f4f09] Created FlowFile[2001,93427681633205.mockFlowFile,23B] from FlowFile[2000,93427681633205.mockFlowFile,23B]; routing to relationship simple
[pool-3322-thread-1] INFO org.apache.nifi.processors.standard.RouteText - RouteText[id=24e84634-fdfb-4a8b-87b3-8cb3253f4f09] Routing FlowFile[2000,93427681633205.mockFlowFile,23B] to original
[main] DEBUG org.apache.nifi.processors.standard.RouteText - RouteText[id=24e84634-fdfb-4a8b-87b3-8cb3253f4f09] Adding new dynamic property: PropertyDescriptor[simple]
[pool-3323-thread-1] INFO org.apache.nifi.processors.standard.RouteText - RouteText[id=24e84634-fdfb-4a8b-87b3-8cb3253f4f09] Created FlowFile[2003,93427682073341.mockFlowFile,23B] from FlowFile[2002,93427682073341.mockFlowFile,23B]; routing to relationship simple
[pool-3323-thread-1] INFO org.apache.nifi.processors.standard.RouteText - RouteText[id=24e84634-fdfb-4a8b-87b3-8cb3253f4f09] Routing FlowFile[2002,93427682073341.mockFlowFile,23B] to original
[main] DEBUG org.apache.nifi.processors.standard.RouteText - RouteText[id=24e84634-fdfb-4a8b-87b3-8cb3253f4f09] Adding new dynamic property: PropertyDescriptor[simple]
[pool-3324-thread-1] INFO org.apache.nifi.processors.standard.RouteText - RouteText[id=24e84634-fdfb-4a8b-87b3-8cb3253f4f09] Created FlowFile[2005,93427682484437.mockFlowFile,24B] from FlowFile[2004,93427682484437.mockFlowFile,24B]; routing to relationship simple
[pool-3324-thread-1] INFO org.apache.nifi.processors.standard.RouteText - RouteText[id=24e84634-fdfb-4a8b-87b3-8cb3253f4f09] Routing FlowFile[2004,93427682484437.mockFlowFile,24B] to original
[main] DEBUG org.apache.nifi.processors.standard.RouteText - RouteText[id=24e84634-fdfb-4a8b-87b3-8cb3253f4f09] Adding new dynamic property: PropertyDescriptor[simple]
[pool-3325-thread-1] INFO org.apache.nifi.processors.standard.RouteText - RouteText[id=24e84634-fdfb-4a8b-87b3-8cb3253f4f09] Created FlowFile[2007,93427682866243.mockFlowFile,24B] from FlowFile[2006,93427682866243.mockFlowFile,24B]; routing to relationship simple
[pool-3325-thread-1] INFO org.apache.nifi.processors.standard.RouteText - RouteText[id=24e84634-fdfb-4a8b-87b3-8cb3253f4f09] Routing FlowFile[2006,93427682866243.mockFlowFile,24B] to original
[main] DEBUG org.apache.nifi.processors.standard.RouteText - RouteText[id=24e84634-fdfb-4a8b-87b3-8cb3253f4f09] Adding new dynamic property: PropertyDescriptor[simple]
[pool-3326-thread-1] INFO org.apache.nifi.processors.standard.RouteText - RouteText[id=24e84634-fdfb-4a8b-87b3-8cb3253f4f09] Created FlowFile[2009,93427683254195.mockFlowFile,24B] from FlowFile[2008,93427683254195.mockFlowFile,24B]; routing to relationship simple
[pool-3326-thread-1] INFO org.apache.nifi.processors.standard.RouteText - RouteText[id=24e84634-fdfb-4a8b-87b3-8cb3253f4f09] Routing FlowFile[2008,93427683254195.mockFlowFile,24B] to original
[main] DEBUG org.apache.nifi.processors.standard.RouteText - RouteText[id=24e84634-fdfb-4a8b-87b3-8cb3253f4f09] Adding new dynamic property: PropertyDescriptor[simple]
[pool-3327-thread-1] INFO org.apache.nifi.processors.standard.RouteText - RouteText[id=24e84634-fdfb-4a8b-87b3-8cb3253f4f09] Created FlowFile[2011,93427683687956.mockFlowFile,24B] from FlowFile[2010,93427683687956.mockFlowFile,24B]; routing to relationship simple
[pool-3327-thread-1] INFO org.apache.nifi.processors.standard.RouteText - RouteText[id=24e84634-fdfb-4a8b-87b3-8cb3253f4f09] Routing FlowFile[2010,93427683687956.mockFlowFile,24B] to original
[main] DEBUG org.apache.nifi.processors.standard.RouteText - RouteText[id=24e84634-fdfb-4a8b-87b3-8cb3253f4f09] Adding new dynamic property: PropertyDescriptor[simple]
[pool-3328-thread-1] INFO org.apache.nifi.processors.standard.RouteText - RouteText[id=24e84634-fdfb-4a8b-87b3-8cb3253f4f09] Created FlowFile[2013,93427684109746.mockFlowFile,24B] from FlowFile[2012,93427684109746.mockFlowFile,24B]; routing to relationship simple
[pool-3328-thread-1] INFO org.apache.nifi.processors.standard.RouteText - RouteText[id=24e84634-fdfb-4a8b-87b3-8cb3253f4f09] Routing FlowFile[2012,93427684109746.mockFlowFile,24B] to original
[main] DEBUG org.apache.nifi.processors.standard.RouteText - RouteText[id=24e84634-fdfb-4a8b-87b3-8cb3253f4f09] Adding new dynamic property: PropertyDescriptor[simple]
[pool-3329-thread-1] INFO org.apache.nifi.processors.standard.RouteText - RouteText[id=24e84634-fdfb-4a8b-87b3-8cb3253f4f09] Created FlowFile[2015,93427684473460.mockFlowFile,24B] from FlowFile[2014,93427684473460.mockFlowFile,24B]; routing to relationship simple
[pool-3329-thread-1] INFO org.apache.nifi.processors.standard.RouteText - RouteText[id=24e84634-fdfb-4a8b-87b3-8cb3253f4f09] Routing FlowFile[2014,93427684473460.mockFlowFile,24B] to original
[main] DEBUG org.apache.nifi.processors.standard.RouteText - RouteText[id=24e84634-fdfb-4a8b-87b3-8cb3253f4f09] Adding new dynamic property: PropertyDescriptor[simple]
[pool-3330-thread-1] INFO org.apache.nifi.processors.standard.RouteText - RouteText[id=24e84634-fdfb-4a8b-87b3-8cb3253f4f09] Created FlowFile[2017,93427684864150.mockFlowFile,24B] from FlowFile[2016,93427684864150.mockFlowFile,24B]; routing to relationship simple
[pool-3330-thread-1] INFO org.apache.nifi.processors.standard.RouteText - RouteText[id=24e84634-fdfb-4a8b-87b3-8cb3253f4f09] Routing FlowFile[2016,93427684864150.mockFlowFile,24B] to original
[main] DEBUG org.apache.nifi.processors.standard.RouteText - RouteText[id=24e84634-fdfb-4a8b-87b3-8cb3253f4f09] Adding new dynamic property: PropertyDescriptor[simple]
[pool-3331-thread-1] INFO org.apache.nifi.processors.standard.RouteText - RouteText[id=24e84634-fdfb-4a8b-87b3-8cb3253f4f09] Created FlowFile[2019,93427685261520.mockFlowFile,24B] from FlowFile[2018,93427685261520.mockFlowFile,24B]; routing to relationship simple
[pool-3331-thread-1] INFO org.apache.nifi.processors.standard.RouteText - RouteText[id=24e84634-fdfb-4a8b-87b3-8cb3253f4f09] Routing FlowFile[2018,93427685261520.mockFlowFile,24B] to original
[main] DEBUG org.apache.nifi.processors.standard.RouteText - RouteText[id=24e84634-fdfb-4a8b-87b3-8cb3253f4f09] Adding new dynamic property: PropertyDescriptor[simple]
[pool-3332-thread-1] INFO org.apache.nifi.processors.standard.RouteText - RouteText[id=24e84634-fdfb-4a8b-87b3-8cb3253f4f09] Created FlowFile[2021,93427685651229.mockFlowFile,24B] from FlowFile[2020,93427685651229.mockFlowFile,24B]; routing to relationship simple
[pool-3332-thread-1] INFO org.apache.nifi.processors.standard.RouteText - RouteText[id=24e84634-fdfb-4a8b-87b3-8cb3253f4f09] Routing FlowFile[2020,93427685651229.mockFlowFile,24B] to original
[main] DEBUG org.apache.nifi.processors.standard.RouteText - RouteText[id=24e84634-fdfb-4a8b-87b3-8cb3253f4f09] Adding new dynamic property: PropertyDescriptor[simple]
[pool-3333-thread-1] INFO org.apache.nifi.processors.standard.RouteText - RouteText[id=24e84634-fdfb-4a8b-87b3-8cb3253f4f09] Created FlowFile[2023,93427686046999.mockFlowFile,24B] from FlowFile[2022,93427686046999.mockFlowFile,24B]; routing to relationship simple
[pool-3333-thread-1] INFO org.apache.nifi.processors.standard.RouteText - RouteText[id=24e84634-fdfb-4a8b-87b3-8cb3253f4f09] Routing FlowFile[2022,93427686046999.mockFlowFile,24B] to original
[main] DEBUG org.apache.nifi.processors.standard.RouteText - RouteText[id=24e84634-fdfb-4a8b-87b3-8cb3253f4f09] Adding new dynamic property: PropertyDescriptor[simple]
[pool-3334-thread-1] INFO org.apache.nifi.processors.standard.RouteText - RouteText[id=24e84634-fdfb-4a8b-87b3-8cb3253f4f09] Created FlowFile[2025,93427686428871.mockFlowFile,24B] from FlowFile[2024,93427686428871.mockFlowFile,24B]; routing to relationship simple
[pool-3334-thread-1] INFO org.apache.nifi.processors.standard.RouteText - RouteText[id=24e84634-fdfb-4a8b-87b3-8cb3253f4f09] Routing FlowFile[2024,93427686428871.mockFlowFile,24B] to original
[main] DEBUG org.apache.nifi.processors.standard.RouteText - RouteText[id=24e84634-fdfb-4a8b-87b3-8cb3253f4f09] Adding new dynamic property: PropertyDescriptor[simple]
[pool-3335-thread-1] INFO org.apache.nifi.processors.standard.RouteText - RouteText[id=24e84634-fdfb-4a8b-87b3-8cb3253f4f09] Created FlowFile[2027,93427686803171.mockFlowFile,24B] from FlowFile[2026,93427686803171.mockFlowFile,24B]; routing to relationship simple
[pool-3335-thread-1] INFO org.apache.nifi.processors.standard.RouteText - RouteText[id=24e84634-fdfb-4a8b-87b3-8cb3253f4f09] Routing FlowFile[2026,93427686803171.mockFlowFile,24B] to original
[main] DEBUG org.apache.nifi.processors.standard.RouteText - RouteText[id=24e84634-fdfb-4a8b-87b3-8cb3253f4f09] Adding new dynamic property: PropertyDescriptor[simple]
[pool-3336-thread-1] INFO org.apache.nifi.processors.standard.RouteText - RouteText[id=24e84634-fdfb-4a8b-87b3-8cb3253f4f09] Created FlowFile[2029,93427687175006.mockFlowFile,24B] from FlowFile[2028,93427687175006.mockFlowFile,24B]; routing to relationship simple
[pool-3336-thread-1] INFO org.apache.nifi.processors.standard.RouteText - RouteText[id=24e84634-fdfb-4a8b-87b3-8cb3253f4f09] Routing FlowFile[2028,93427687175006.mockFlowFile,24B] to original
[main] DEBUG org.apache.nifi.processors.standard.RouteText - RouteText[id=24e84634-fdfb-4a8b-87b3-8cb3253f4f09] Adding new dynamic property: PropertyDescriptor[simple]
[pool-3337-thread-1] INFO org.apache.nifi.processors.standard.RouteText - RouteText[id=24e84634-fdfb-4a8b-87b3-8cb3253f4f09] Created FlowFile[2031,93427687686039.mockFlowFile,24B] from FlowFile[2030,93427687686039.mockFlowFile,24B]; routing to relationship simple
[pool-3337-thread-1] INFO org.apache.nifi.processors.standard.RouteText - RouteText[id=24e84634-fdfb-4a8b-87b3-8cb3253f4f09] Routing FlowFile[2030,93427687686039.mockFlowFile,24B] to original
[main] DEBUG org.apache.nifi.processors.standard.RouteText - RouteText[id=24e84634-fdfb-4a8b-87b3-8cb3253f4f09] Adding new dynamic property: PropertyDescriptor[simple]
[pool-3338-thread-1] INFO org.apache.nifi.processors.standard.RouteText - RouteText[id=24e84634-fdfb-4a8b-87b3-8cb3253f4f09] Created FlowFile[2033,93427688174956.mockFlowFile,24B] from FlowFile[2032,93427688174956.mockFlowFile,24B]; routing to relationship simple
[pool-3338-thread-1] INFO org.apache.nifi.processors.standard.RouteText - RouteText[id=24e84634-fdfb-4a8b-87b3-8cb3253f4f09] Routing FlowFile[2032,93427688174956.mockFlowFile,24B] to original
[main] DEBUG org.apache.nifi.processors.standard.RouteText - RouteText[id=24e84634-fdfb-4a8b-87b3-8cb3253f4f09] Adding new dynamic property: PropertyDescriptor[simple]
[pool-3339-thread-1] INFO org.apache.nifi.processors.standard.RouteText - RouteText[id=24e84634-fdfb-4a8b-87b3-8cb3253f4f09] Created FlowFile[2035,93427688608297.mockFlowFile,24B] from FlowFile[2034,93427688608297.mockFlowFile,24B]; routing to relationship simple
[pool-3339-thread-1] INFO org.apache.nifi.processors.standard.RouteText - RouteText[id=24e84634-fdfb-4a8b-87b3-8cb3253f4f09] Routing FlowFile[2034,93427688608297.mockFlowFile,24B] to original
[main] DEBUG org.apache.nifi.processors.standard.RouteText - RouteText[id=24e84634-fdfb-4a8b-87b3-8cb3253f4f09] Adding new dynamic property: PropertyDescriptor[simple]
[pool-3340-thread-1] INFO org.apache.nifi.processors.standard.RouteText - RouteText[id=24e84634-fdfb-4a8b-87b3-8cb3253f4f09] Created FlowFile[2037,93427689015781.mockFlowFile,24B] from FlowFile[2036,93427689015781.mockFlowFile,24B]; routing to relationship simple
[pool-3340-thread-1] INFO org.apache.nifi.processors.standard.RouteText - RouteText[id=24e84634-fdfb-4a8b-87b3-8cb3253f4f09] Routing FlowFile[2036,93427689015781.mockFlowFile,24B] to original
[main] DEBUG org.apache.nifi.processors.standard.RouteText - RouteText[id=24e84634-fdfb-4a8b-87b3-8cb3253f4f09] Adding new dynamic property: PropertyDescriptor[simple]
[pool-3341-thread-1] INFO org.apache.nifi.processors.standard.RouteText - RouteText[id=24e84634-fdfb-4a8b-87b3-8cb3253f4f09] Created FlowFile[2039,93427689456029.mockFlowFile,24B] from FlowFile[2038,93427689456029.mockFlowFile,24B]; routing to relationship simple
[pool-3341-thread-1] INFO org.apache.nifi.processors.standard.RouteText - RouteText[id=24e84634-fdfb-4a8b-87b3-8cb3253f4f09] Routing FlowFile[2038,93427689456029.mockFlowFile,24B] to original
[main] DEBUG org.apache.nifi.processors.standard.RouteText - RouteText[id=24e84634-fdfb-4a8b-87b3-8cb3253f4f09] Adding new dynamic property: PropertyDescriptor[simple]
[pool-3342-thread-1] INFO org.apache.nifi.processors.standard.RouteText - RouteText[id=24e84634-fdfb-4a8b-87b3-8cb3253f4f09] Created FlowFile[2041,93427689838424.mockFlowFile,24B] from FlowFile[2040,93427689838424.mockFlowFile,24B]; routing to relationship simple
[pool-3342-thread-1] INFO org.apache.nifi.processors.standard.RouteText - RouteText[id=24e84634-fdfb-4a8b-87b3-8cb3253f4f09] Routing FlowFile[2040,93427689838424.mockFlowFile,24B] to original
[main] DEBUG org.apache.nifi.processors.standard.RouteText - RouteText[id=24e84634-fdfb-4a8b-87b3-8cb3253f4f09] Adding new dynamic property: PropertyDescriptor[simple]
[pool-3343-thread-1] INFO org.apache.nifi.processors.standard.RouteText - RouteText[id=24e84634-fdfb-4a8b-87b3-8cb3253f4f09] Created FlowFile[2043,93427690219956.mockFlowFile,24B] from FlowFile[2042,93427690219956.mockFlowFile,24B]; routing to relationship simple
[pool-3343-thread-1] INFO org.apache.nifi.processors.standard.RouteText - RouteText[id=24e84634-fdfb-4a8b-87b3-8cb3253f4f09] Routing FlowFile[2042,93427690219956.mockFlowFile,24B] to original
[main] DEBUG org.apache.nifi.processors.standard.RouteText - RouteText[id=24e84634-fdfb-4a8b-87b3-8cb3253f4f09] Adding new dynamic property: PropertyDescriptor[simple]
[pool-3344-thread-1] INFO org.apache.nifi.processors.standard.RouteText - RouteText[id=24e84634-fdfb-4a8b-87b3-8cb3253f4f09] Created FlowFile[2045,93427690748551.mockFlowFile,24B] from FlowFile[2044,93427690748551.mockFlowFile,24B]; routing to relationship simple
[pool-3344-thread-1] INFO org.apache.nifi.processors.standard.RouteText - RouteText[id=24e84634-fdfb-4a8b-87b3-8cb3253f4f09] Routing FlowFile[2044,93427690748551.mockFlowFile,24B] to original
[main] DEBUG org.apache.nifi.processors.standard.RouteText - RouteText[id=24e84634-fdfb-4a8b-87b3-8cb3253f4f09] Adding new dynamic property: PropertyDescriptor[simple]
[pool-3345-thread-1] INFO org.apache.nifi.processors.standard.RouteText - RouteText[id=24e84634-fdfb-4a8b-87b3-8cb3253f4f09] Created FlowFile[2047,93427691225882.mockFlowFile,24B] from FlowFile[2046,93427691225882.mockFlowFile,24B]; routing to relationship simple
[pool-3345-thread-1] INFO org.apache.nifi.processors.standard.RouteText - RouteText[id=24e84634-fdfb-4a8b-87b3-8cb3253f4f09] Routing FlowFile[2046,93427691225882.mockFlowFile,24B] to original
[main] DEBUG org.apache.nifi.processors.standard.RouteText - RouteText[id=24e84634-fdfb-4a8b-87b3-8cb3253f4f09] Adding new dynamic property: PropertyDescriptor[simple]
[pool-3346-thread-1] INFO org.apache.nifi.processors.standard.RouteText - RouteText[id=24e84634-fdfb-4a8b-87b3-8cb3253f4f09] Created FlowFile[2049,93427691660618.mockFlowFile,24B] from FlowFile[2048,93427691660618.mockFlowFile,24B]; routing to relationship simple
[pool-3346-thread-1] INFO org.apache.nifi.processors.standard.RouteText - RouteText[id=24e84634-fdfb-4a8b-87b3-8cb3253f4f09] Routing FlowFile[2048,93427691660618.mockFlowFile,24B] to original
[main] DEBUG org.apache.nifi.processors.standard.RouteText - RouteText[id=24e84634-fdfb-4a8b-87b3-8cb3253f4f09] Adding new dynamic property: PropertyDescriptor[simple]
[pool-3347-thread-1] INFO org.apache.nifi.processors.standard.RouteText - RouteText[id=24e84634-fdfb-4a8b-87b3-8cb3253f4f09] Created FlowFile[2051,93427692182945.mockFlowFile,24B] from FlowFile[2050,93427692182945.mockFlowFile,24B]; routing to relationship simple
[pool-3347-thread-1] INFO org.apache.nifi.processors.standard.RouteText - RouteText[id=24e84634-fdfb-4a8b-87b3-8cb3253f4f09] Routing FlowFile[2050,93427692182945.mockFlowFile,24B] to original
[main] DEBUG org.apache.nifi.processors.standard.RouteText - RouteText[id=24e84634-fdfb-4a8b-87b3-8cb3253f4f09] Adding new dynamic property: PropertyDescriptor[simple]
[pool-3348-thread-1] INFO org.apache.nifi.processors.standard.RouteText - RouteText[id=24e84634-fdfb-4a8b-87b3-8cb3253f4f09] Created FlowFile[2053,93427692662683.mockFlowFile,24B] from FlowFile[2052,93427692662683.mockFlowFile,24B]; routing to relationship simple
[pool-3348-thread-1] INFO org.apache.nifi.processors.standard.RouteText - RouteText[id=24e84634-fdfb-4a8b-87b3-8cb3253f4f09] Routing FlowFile[2052,93427692662683.mockFlowFile,24B] to original
[main] DEBUG org.apache.nifi.processors.standard.RouteText - RouteText[id=24e84634-fdfb-4a8b-87b3-8cb3253f4f09] Adding new dynamic property: PropertyDescriptor[simple]
[pool-3349-thread-1] INFO org.apache.nifi.processors.standard.RouteText - RouteText[id=24e84634-fdfb-4a8b-87b3-8cb3253f4f09] Created FlowFile[2055,93427693129585.mockFlowFile,24B] from FlowFile[2054,93427693129585.mockFlowFile,24B]; routing to relationship simple
[pool-3349-thread-1] INFO org.apache.nifi.processors.standard.RouteText - RouteText[id=24e84634-fdfb-4a8b-87b3-8cb3253f4f09] Routing FlowFile[2054,93427693129585.mockFlowFile,24B] to original
[main] DEBUG org.apache.nifi.processors.standard.RouteText - RouteText[id=24e84634-fdfb-4a8b-87b3-8cb3253f4f09] Adding new dynamic property: PropertyDescriptor[simple]
[pool-3350-thread-1] INFO org.apache.nifi.processors.standard.RouteText - RouteText[id=24e84634-fdfb-4a8b-87b3-8cb3253f4f09] Created FlowFile[2057,93427693544863.mockFlowFile,24B] from FlowFile[2056,93427693544863.mockFlowFile,24B]; routing to relationship simple
[pool-3350-thread-1] INFO org.apache.nifi.processors.standard.RouteText - RouteText[id=24e84634-fdfb-4a8b-87b3-8cb3253f4f09] Routing FlowFile[2056,93427693544863.mockFlowFile,24B] to original
[main] DEBUG org.apache.nifi.processors.standard.RouteText - RouteText[id=24e84634-fdfb-4a8b-87b3-8cb3253f4f09] Adding new dynamic property: PropertyDescriptor[simple]
[pool-3351-thread-1] INFO org.apache.nifi.processors.standard.RouteText - RouteText[id=24e84634-fdfb-4a8b-87b3-8cb3253f4f09] Created FlowFile[2059,93427693955095.mockFlowFile,24B] from FlowFile[2058,93427693955095.mockFlowFile,24B]; routing to relationship simple
[pool-3351-thread-1] INFO org.apache.nifi.processors.standard.RouteText - RouteText[id=24e84634-fdfb-4a8b-87b3-8cb3253f4f09] Routing FlowFile[2058,93427693955095.mockFlowFile,24B] to original
[main] DEBUG org.apache.nifi.processors.standard.RouteText - RouteText[id=24e84634-fdfb-4a8b-87b3-8cb3253f4f09] Adding new dynamic property: PropertyDescriptor[simple]
[pool-3352-thread-1] INFO org.apache.nifi.processors.standard.RouteText - RouteText[id=24e84634-fdfb-4a8b-87b3-8cb3253f4f09] Created FlowFile[2061,93427694365792.mockFlowFile,24B] from FlowFile[2060,93427694365792.mockFlowFile,24B]; routing to relationship simple
[pool-3352-thread-1] INFO org.apache.nifi.processors.standard.RouteText - RouteText[id=24e84634-fdfb-4a8b-87b3-8cb3253f4f09] Routing FlowFile[2060,93427694365792.mockFlowFile,24B] to original
[main] DEBUG org.apache.nifi.processors.standard.RouteText - RouteText[id=24e84634-fdfb-4a8b-87b3-8cb3253f4f09] Adding new dynamic property: PropertyDescriptor[simple]
[pool-3353-thread-1] INFO org.apache.nifi.processors.standard.RouteText - RouteText[id=24e84634-fdfb-4a8b-87b3-8cb3253f4f09] Created FlowFile[2063,93427694758666.mockFlowFile,24B] from FlowFile[2062,93427694758666.mockFlowFile,24B]; routing to relationship simple
[pool-3353-thread-1] INFO org.apache.nifi.processors.standard.RouteText - RouteText[id=24e84634-fdfb-4a8b-87b3-8cb3253f4f09] Routing FlowFile[2062,93427694758666.mockFlowFile,24B] to original
[main] DEBUG org.apache.nifi.processors.standard.RouteText - RouteText[id=24e84634-fdfb-4a8b-87b3-8cb3253f4f09] Adding new dynamic property: PropertyDescriptor[simple]
[pool-3354-thread-1] INFO org.apache.nifi.processors.standard.RouteText - RouteText[id=24e84634-fdfb-4a8b-87b3-8cb3253f4f09] Created FlowFile[2065,93427695148324.mockFlowFile,24B] from FlowFile[2064,93427695148324.mockFlowFile,24B]; routing to relationship simple
[pool-3354-thread-1] INFO org.apache.nifi.processors.standard.RouteText - RouteText[id=24e84634-fdfb-4a8b-87b3-8cb3253f4f09] Routing FlowFile[2064,93427695148324.mockFlowFile,24B] to original
[main] DEBUG org.apache.nifi.processors.standard.RouteText - RouteText[id=24e84634-fdfb-4a8b-87b3-8cb3253f4f09] Adding new dynamic property: PropertyDescriptor[simple]
[pool-3355-thread-1] INFO org.apache.nifi.processors.standard.RouteText - RouteText[id=24e84634-fdfb-4a8b-87b3-8cb3253f4f09] Created FlowFile[2067,93427695586360.mockFlowFile,24B] from FlowFile[2066,93427695586360.mockFlowFile,24B]; routing to relationship simple
[pool-3355-thread-1] INFO org.apache.nifi.processors.standard.RouteText - RouteText[id=24e84634-fdfb-4a8b-87b3-8cb3253f4f09] Routing FlowFile[2066,93427695586360.mockFlowFile,24B] to original
[main] DEBUG org.apache.nifi.processors.standard.RouteText - RouteText[id=24e84634-fdfb-4a8b-87b3-8cb3253f4f09] Adding new dynamic property: PropertyDescriptor[simple]
[pool-3356-thread-1] INFO org.apache.nifi.processors.standard.RouteText - RouteText[id=24e84634-fdfb-4a8b-87b3-8cb3253f4f09] Created FlowFile[2069,93427695974991.mockFlowFile,24B] from FlowFile[2068,93427695974991.mockFlowFile,24B]; routing to relationship simple
[pool-3356-thread-1] INFO org.apache.nifi.processors.standard.RouteText - RouteText[id=24e84634-fdfb-4a8b-87b3-8cb3253f4f09] Routing FlowFile[2068,93427695974991.mockFlowFile,24B] to original
[main] DEBUG org.apache.nifi.processors.standard.RouteText - RouteText[id=24e84634-fdfb-4a8b-87b3-8cb3253f4f09] Adding new dynamic property: PropertyDescriptor[simple]
[pool-3357-thread-1] INFO org.apache.nifi.processors.standard.RouteText - RouteText[id=24e84634-fdfb-4a8b-87b3-8cb3253f4f09] Created FlowFile[2071,93427696677253.mockFlowFile,24B] from FlowFile[2070,93427696677253.mockFlowFile,24B]; routing to relationship simple
[pool-3357-thread-1] INFO org.apache.nifi.processors.standard.RouteText - RouteText[id=24e84634-fdfb-4a8b-87b3-8cb3253f4f09] Routing FlowFile[2070,93427696677253.mockFlowFile,24B] to original
[main] DEBUG org.apache.nifi.processors.standard.RouteText - RouteText[id=24e84634-fdfb-4a8b-87b3-8cb3253f4f09] Adding new dynamic property: PropertyDescriptor[simple]
[pool-3358-thread-1] INFO org.apache.nifi.processors.standard.RouteText - RouteText[id=24e84634-fdfb-4a8b-87b3-8cb3253f4f09] Created FlowFile[2073,93427697178323.mockFlowFile,24B] from FlowFile[2072,93427697178323.mockFlowFile,24B]; routing to relationship simple
[pool-3358-thread-1] INFO org.apache.nifi.processors.standard.RouteText - RouteText[id=24e84634-fdfb-4a8b-87b3-8cb3253f4f09] Routing FlowFile[2072,93427697178323.mockFlowFile,24B] to original
[main] DEBUG org.apache.nifi.processors.standard.RouteText - RouteText[id=24e84634-fdfb-4a8b-87b3-8cb3253f4f09] Adding new dynamic property: PropertyDescriptor[simple]
[pool-3359-thread-1] INFO org.apache.nifi.processors.standard.RouteText - RouteText[id=24e84634-fdfb-4a8b-87b3-8cb3253f4f09] Created FlowFile[2075,93427697682561.mockFlowFile,24B] from FlowFile[2074,93427697682561.mockFlowFile,24B]; routing to relationship simple
[pool-3359-thread-1] INFO org.apache.nifi.processors.standard.RouteText - RouteText[id=24e84634-fdfb-4a8b-87b3-8cb3253f4f09] Routing FlowFile[2074,93427697682561.mockFlowFile,24B] to original
[main] DEBUG org.apache.nifi.processors.standard.RouteText - RouteText[id=24e84634-fdfb-4a8b-87b3-8cb3253f4f09] Adding new dynamic property: PropertyDescriptor[simple]
[pool-3360-thread-1] INFO org.apache.nifi.processors.standard.RouteText - RouteText[id=24e84634-fdfb-4a8b-87b3-8cb3253f4f09] Created FlowFile[2077,93427698170469.mockFlowFile,24B] from FlowFile[2076,93427698170469.mockFlowFile,24B]; routing to relationship simple
[pool-3360-thread-1] INFO org.apache.nifi.processors.standard.RouteText - RouteText[id=24e84634-fdfb-4a8b-87b3-8cb3253f4f09] Routing FlowFile[2076,93427698170469.mockFlowFile,24B] to original
[main] DEBUG org.apache.nifi.processors.standard.RouteText - RouteText[id=24e84634-fdfb-4a8b-87b3-8cb3253f4f09] Adding new dynamic property: PropertyDescriptor[simple]
[pool-3361-thread-1] INFO org.apache.nifi.processors.standard.RouteText - RouteText[id=24e84634-fdfb-4a8b-87b3-8cb3253f4f09] Created FlowFile[2079,93427698584008.mockFlowFile,24B] from FlowFile[2078,93427698584008.mockFlowFile,24B]; routing to relationship simple
[pool-3361-thread-1] INFO org.apache.nifi.processors.standard.RouteText - RouteText[id=24e84634-fdfb-4a8b-87b3-8cb3253f4f09] Routing FlowFile[2078,93427698584008.mockFlowFile,24B] to original
[main] DEBUG org.apache.nifi.processors.standard.RouteText - RouteText[id=24e84634-fdfb-4a8b-87b3-8cb3253f4f09] Adding new dynamic property: PropertyDescriptor[simple]
[pool-3362-thread-1] INFO org.apache.nifi.processors.standard.RouteText - RouteText[id=24e84634-fdfb-4a8b-87b3-8cb3253f4f09] Created FlowFile[2081,93427698968185.mockFlowFile,24B] from FlowFile[2080,93427698968185.mockFlowFile,24B]; routing to relationship simple
[pool-3362-thread-1] INFO org.apache.nifi.processors.standard.RouteText - RouteText[id=24e84634-fdfb-4a8b-87b3-8cb3253f4f09] Routing FlowFile[2080,93427698968185.mockFlowFile,24B] to original
[main] DEBUG org.apache.nifi.processors.standard.RouteText - RouteText[id=24e84634-fdfb-4a8b-87b3-8cb3253f4f09] Adding new dynamic property: PropertyDescriptor[simple]
[pool-3363-thread-1] INFO org.apache.nifi.processors.standard.RouteText - RouteText[id=24e84634-fdfb-4a8b-87b3-8cb3253f4f09] Created FlowFile[2083,93427699392057.mockFlowFile,24B] from FlowFile[2082,93427699392057.mockFlowFile,24B]; routing to relationship simple
[pool-3363-thread-1] INFO org.apache.nifi.processors.standard.RouteText - RouteText[id=24e84634-fdfb-4a8b-87b3-8cb3253f4f09] Routing FlowFile[2082,93427699392057.mockFlowFile,24B] to original
[main] DEBUG org.apache.nifi.processors.standard.RouteText - RouteText[id=24e84634-fdfb-4a8b-87b3-8cb3253f4f09] Adding new dynamic property: PropertyDescriptor[simple]
[pool-3364-thread-1] INFO org.apache.nifi.processors.standard.RouteText - RouteText[id=24e84634-fdfb-4a8b-87b3-8cb3253f4f09] Created FlowFile[2085,93427699823858.mockFlowFile,24B] from FlowFile[2084,93427699823858.mockFlowFile,24B]; routing to relationship simple
[pool-3364-thread-1] INFO org.apache.nifi.processors.standard.RouteText - RouteText[id=24e84634-fdfb-4a8b-87b3-8cb3253f4f09] Routing FlowFile[2084,93427699823858.mockFlowFile,24B] to original
[main] DEBUG org.apache.nifi.processors.standard.RouteText - RouteText[id=24e84634-fdfb-4a8b-87b3-8cb3253f4f09] Adding new dynamic property: PropertyDescriptor[simple]
[pool-3365-thread-1] INFO org.apache.nifi.processors.standard.RouteText - RouteText[id=24e84634-fdfb-4a8b-87b3-8cb3253f4f09] Created FlowFile[2087,93427700336341.mockFlowFile,24B] from FlowFile[2086,93427700336341.mockFlowFile,24B]; routing to relationship simple
[pool-3365-thread-1] INFO org.apache.nifi.processors.standard.RouteText - RouteText[id=24e84634-fdfb-4a8b-87b3-8cb3253f4f09] Routing FlowFile[2086,93427700336341.mockFlowFile,24B] to original
[main] DEBUG org.apache.nifi.processors.standard.RouteText - RouteText[id=24e84634-fdfb-4a8b-87b3-8cb3253f4f09] Adding new dynamic property: PropertyDescriptor[simple]
[pool-3366-thread-1] INFO org.apache.nifi.processors.standard.RouteText - RouteText[id=24e84634-fdfb-4a8b-87b3-8cb3253f4f09] Created FlowFile[2089,93427700814015.mockFlowFile,24B] from FlowFile[2088,93427700814015.mockFlowFile,24B]; routing to relationship simple
[pool-3366-thread-1] INFO org.apache.nifi.processors.standard.RouteText - RouteText[id=24e84634-fdfb-4a8b-87b3-8cb3253f4f09] Routing FlowFile[2088,93427700814015.mockFlowFile,24B] to original
[main] DEBUG org.apache.nifi.processors.standard.RouteText - RouteText[id=24e84634-fdfb-4a8b-87b3-8cb3253f4f09] Adding new dynamic property: PropertyDescriptor[simple]
[pool-3367-thread-1] INFO org.apache.nifi.processors.standard.RouteText - RouteText[id=24e84634-fdfb-4a8b-87b3-8cb3253f4f09] Created FlowFile[2091,93427701820295.mockFlowFile,24B] from FlowFile[2090,93427701820295.mockFlowFile,24B]; routing to relationship simple
[pool-3367-thread-1] INFO org.apache.nifi.processors.standard.RouteText - RouteText[id=24e84634-fdfb-4a8b-87b3-8cb3253f4f09] Routing FlowFile[2090,93427701820295.mockFlowFile,24B] to original
[main] DEBUG org.apache.nifi.processors.standard.RouteText - RouteText[id=24e84634-fdfb-4a8b-87b3-8cb3253f4f09] Adding new dynamic property: PropertyDescriptor[simple]
[pool-3368-thread-1] INFO org.apache.nifi.processors.standard.RouteText - RouteText[id=24e84634-fdfb-4a8b-87b3-8cb3253f4f09] Created FlowFile[2093,93427702419813.mockFlowFile,24B] from FlowFile[2092,93427702419813.mockFlowFile,24B]; routing to relationship simple
[pool-3368-thread-1] INFO org.apache.nifi.processors.standard.RouteText - RouteText[id=24e84634-fdfb-4a8b-87b3-8cb3253f4f09] Routing FlowFile[2092,93427702419813.mockFlowFile,24B] to original
[main] DEBUG org.apache.nifi.processors.standard.RouteText - RouteText[id=24e84634-fdfb-4a8b-87b3-8cb3253f4f09] Adding new dynamic property: PropertyDescriptor[simple]
[pool-3369-thread-1] INFO org.apache.nifi.processors.standard.RouteText - RouteText[id=24e84634-fdfb-4a8b-87b3-8cb3253f4f09] Created FlowFile[2095,93427702925900.mockFlowFile,24B] from FlowFile[2094,93427702925900.mockFlowFile,24B]; routing to relationship simple
[pool-3369-thread-1] INFO org.apache.nifi.processors.standard.RouteText - RouteText[id=24e84634-fdfb-4a8b-87b3-8cb3253f4f09] Routing FlowFile[2094,93427702925900.mockFlowFile,24B] to original
[main] DEBUG org.apache.nifi.processors.standard.RouteText - RouteText[id=24e84634-fdfb-4a8b-87b3-8cb3253f4f09] Adding new dynamic property: PropertyDescriptor[simple]
[pool-3370-thread-1] INFO org.apache.nifi.processors.standard.RouteText - RouteText[id=24e84634-fdfb-4a8b-87b3-8cb3253f4f09] Created FlowFile[2097,93427703397996.mockFlowFile,24B] from FlowFile[2096,93427703397996.mockFlowFile,24B]; routing to relationship simple
[pool-3370-thread-1] INFO org.apache.nifi.processors.standard.RouteText - RouteText[id=24e84634-fdfb-4a8b-87b3-8cb3253f4f09] Routing FlowFile[2096,93427703397996.mockFlowFile,24B] to original
[main] DEBUG org.apache.nifi.processors.standard.RouteText - RouteText[id=24e84634-fdfb-4a8b-87b3-8cb3253f4f09] Adding new dynamic property: PropertyDescriptor[simple]
[pool-3371-thread-1] INFO org.apache.nifi.processors.standard.RouteText - RouteText[id=24e84634-fdfb-4a8b-87b3-8cb3253f4f09] Created FlowFile[2099,93427703848139.mockFlowFile,24B] from FlowFile[2098,93427703848139.mockFlowFile,24B]; routing to relationship simple
[pool-3371-thread-1] INFO org.apache.nifi.processors.standard.RouteText - RouteText[id=24e84634-fdfb-4a8b-87b3-8cb3253f4f09] Routing FlowFile[2098,93427703848139.mockFlowFile,24B] to original
[main] DEBUG org.apache.nifi.processors.standard.RouteText - RouteText[id=24e84634-fdfb-4a8b-87b3-8cb3253f4f09] Adding new dynamic property: PropertyDescriptor[simple]
[pool-3372-thread-1] INFO org.apache.nifi.processors.standard.RouteText - RouteText[id=24e84634-fdfb-4a8b-87b3-8cb3253f4f09] Created FlowFile[2101,93427704301783.mockFlowFile,24B] from FlowFile[2100,93427704301783.mockFlowFile,24B]; routing to relationship simple
[pool-3372-thread-1] INFO org.apache.nifi.processors.standard.RouteText - RouteText[id=24e84634-fdfb-4a8b-87b3-8cb3253f4f09] Routing FlowFile[2100,93427704301783.mockFlowFile,24B] to original
[main] DEBUG org.apache.nifi.processors.standard.RouteText - RouteText[id=24e84634-fdfb-4a8b-87b3-8cb3253f4f09] Adding new dynamic property: PropertyDescriptor[simple]
[pool-3373-thread-1] INFO org.apache.nifi.processors.standard.RouteText - RouteText[id=24e84634-fdfb-4a8b-87b3-8cb3253f4f09] Created FlowFile[2103,93427704751727.mockFlowFile,24B] from FlowFile[2102,93427704751727.mockFlowFile,24B]; routing to relationship simple
[pool-3373-thread-1] INFO org.apache.nifi.processors.standard.RouteText - RouteText[id=24e84634-fdfb-4a8b-87b3-8cb3253f4f09] Routing FlowFile[2102,93427704751727.mockFlowFile,24B] to original
[main] DEBUG org.apache.nifi.processors.standard.RouteText - RouteText[id=24e84634-fdfb-4a8b-87b3-8cb3253f4f09] Adding new dynamic property: PropertyDescriptor[simple]
[pool-3374-thread-1] INFO org.apache.nifi.processors.standard.RouteText - RouteText[id=24e84634-fdfb-4a8b-87b3-8cb3253f4f09] Created FlowFile[2105,93427705211444.mockFlowFile,24B] from FlowFile[2104,93427705211444.mockFlowFile,24B]; routing to relationship simple
[pool-3374-thread-1] INFO org.apache.nifi.processors.standard.RouteText - RouteText[id=24e84634-fdfb-4a8b-87b3-8cb3253f4f09] Routing FlowFile[2104,93427705211444.mockFlowFile,24B] to original
[main] DEBUG org.apache.nifi.processors.standard.RouteText - RouteText[id=24e84634-fdfb-4a8b-87b3-8cb3253f4f09] Adding new dynamic property: PropertyDescriptor[simple]
[pool-3375-thread-1] INFO org.apache.nifi.processors.standard.RouteText - RouteText[id=24e84634-fdfb-4a8b-87b3-8cb3253f4f09] Created FlowFile[2107,93427705691852.mockFlowFile,24B] from FlowFile[2106,93427705691852.mockFlowFile,24B]; routing to relationship simple
[pool-3375-thread-1] INFO org.apache.nifi.processors.standard.RouteText - RouteText[id=24e84634-fdfb-4a8b-87b3-8cb3253f4f09] Routing FlowFile[2106,93427705691852.mockFlowFile,24B] to original
[main] DEBUG org.apache.nifi.processors.standard.RouteText - RouteText[id=24e84634-fdfb-4a8b-87b3-8cb3253f4f09] Adding new dynamic property: PropertyDescriptor[simple]
[pool-3376-thread-1] INFO org.apache.nifi.processors.standard.RouteText - RouteText[id=24e84634-fdfb-4a8b-87b3-8cb3253f4f09] Created FlowFile[2109,93427706171019.mockFlowFile,24B] from FlowFile[2108,93427706171019.mockFlowFile,24B]; routing to relationship simple
[pool-3376-thread-1] INFO org.apache.nifi.processors.standard.RouteText - RouteText[id=24e84634-fdfb-4a8b-87b3-8cb3253f4f09] Routing FlowFile[2108,93427706171019.mockFlowFile,24B] to original
[main] DEBUG org.apache.nifi.processors.standard.RouteText - RouteText[id=24e84634-fdfb-4a8b-87b3-8cb3253f4f09] Adding new dynamic property: PropertyDescriptor[simple]
[pool-3377-thread-1] INFO org.apache.nifi.processors.standard.RouteText - RouteText[id=24e84634-fdfb-4a8b-87b3-8cb3253f4f09] Created FlowFile[2111,93427706644500.mockFlowFile,24B] from FlowFile[2110,93427706644500.mockFlowFile,24B]; routing to relationship simple
[pool-3377-thread-1] INFO org.apache.nifi.processors.standard.RouteText - RouteText[id=24e84634-fdfb-4a8b-87b3-8cb3253f4f09] Routing FlowFile[2110,93427706644500.mockFlowFile,24B] to original
[main] DEBUG org.apache.nifi.processors.standard.RouteText - RouteText[id=24e84634-fdfb-4a8b-87b3-8cb3253f4f09] Adding new dynamic property: PropertyDescriptor[simple]
[pool-3378-thread-1] INFO org.apache.nifi.processors.standard.RouteText - RouteText[id=24e84634-fdfb-4a8b-87b3-8cb3253f4f09] Created FlowFile[2113,93427707101243.mockFlowFile,24B] from FlowFile[2112,93427707101243.mockFlowFile,24B]; routing to relationship simple
[pool-3378-thread-1] INFO org.apache.nifi.processors.standard.RouteText - RouteText[id=24e84634-fdfb-4a8b-87b3-8cb3253f4f09] Routing FlowFile[2112,93427707101243.mockFlowFile,24B] to original
[main] DEBUG org.apache.nifi.processors.standard.RouteText - RouteText[id=24e84634-fdfb-4a8b-87b3-8cb3253f4f09] Adding new dynamic property: PropertyDescriptor[simple]
[pool-3379-thread-1] INFO org.apache.nifi.processors.standard.RouteText - RouteText[id=24e84634-fdfb-4a8b-87b3-8cb3253f4f09] Created FlowFile[2115,93427707502490.mockFlowFile,24B] from FlowFile[2114,93427707502490.mockFlowFile,24B]; routing to relationship simple
[pool-3379-thread-1] INFO org.apache.nifi.processors.standard.RouteText - RouteText[id=24e84634-fdfb-4a8b-87b3-8cb3253f4f09] Routing FlowFile[2114,93427707502490.mockFlowFile,24B] to original
[main] DEBUG org.apache.nifi.processors.standard.RouteText - RouteText[id=24e84634-fdfb-4a8b-87b3-8cb3253f4f09] Adding new dynamic property: PropertyDescriptor[simple]
[pool-3380-thread-1] INFO org.apache.nifi.processors.standard.RouteText - RouteText[id=24e84634-fdfb-4a8b-87b3-8cb3253f4f09] Created FlowFile[2117,93427707993180.mockFlowFile,24B] from FlowFile[2116,93427707993180.mockFlowFile,24B]; routing to relationship simple
[pool-3380-thread-1] INFO org.apache.nifi.processors.standard.RouteText - RouteText[id=24e84634-fdfb-4a8b-87b3-8cb3253f4f09] Routing FlowFile[2116,93427707993180.mockFlowFile,24B] to original
[main] DEBUG org.apache.nifi.processors.standard.RouteText - RouteText[id=24e84634-fdfb-4a8b-87b3-8cb3253f4f09] Adding new dynamic property: PropertyDescriptor[simple]
[pool-3381-thread-1] INFO org.apache.nifi.processors.standard.RouteText - RouteText[id=24e84634-fdfb-4a8b-87b3-8cb3253f4f09] Created FlowFile[2119,93427708494376.mockFlowFile,24B] from FlowFile[2118,93427708494376.mockFlowFile,24B]; routing to relationship simple
[pool-3381-thread-1] INFO org.apache.nifi.processors.standard.RouteText - RouteText[id=24e84634-fdfb-4a8b-87b3-8cb3253f4f09] Routing FlowFile[2118,93427708494376.mockFlowFile,24B] to original
[main] DEBUG org.apache.nifi.processors.standard.RouteText - RouteText[id=24e84634-fdfb-4a8b-87b3-8cb3253f4f09] Adding new dynamic property: PropertyDescriptor[simple]
[pool-3382-thread-1] INFO org.apache.nifi.processors.standard.RouteText - RouteText[id=24e84634-fdfb-4a8b-87b3-8cb3253f4f09] Created FlowFile[2121,93427708964150.mockFlowFile,24B] from FlowFile[2120,93427708964150.mockFlowFile,24B]; routing to relationship simple
[pool-3382-thread-1] INFO org.apache.nifi.processors.standard.RouteText - RouteText[id=24e84634-fdfb-4a8b-87b3-8cb3253f4f09] Routing FlowFile[2120,93427708964150.mockFlowFile,24B] to original
[main] DEBUG org.apache.nifi.processors.standard.RouteText - RouteText[id=24e84634-fdfb-4a8b-87b3-8cb3253f4f09] Adding new dynamic property: PropertyDescriptor[simple]
[pool-3383-thread-1] INFO org.apache.nifi.processors.standard.RouteText - RouteText[id=24e84634-fdfb-4a8b-87b3-8cb3253f4f09] Created FlowFile[2123,93427709454203.mockFlowFile,24B] from FlowFile[2122,93427709454203.mockFlowFile,24B]; routing to relationship simple
[pool-3383-thread-1] INFO org.apache.nifi.processors.standard.RouteText - RouteText[id=24e84634-fdfb-4a8b-87b3-8cb3253f4f09] Routing FlowFile[2122,93427709454203.mockFlowFile,24B] to original
[main] DEBUG org.apache.nifi.processors.standard.RouteText - RouteText[id=24e84634-fdfb-4a8b-87b3-8cb3253f4f09] Adding new dynamic property: PropertyDescriptor[simple]
[pool-3384-thread-1] INFO org.apache.nifi.processors.standard.RouteText - RouteText[id=24e84634-fdfb-4a8b-87b3-8cb3253f4f09] Created FlowFile[2125,93427709945398.mockFlowFile,24B] from FlowFile[2124,93427709945398.mockFlowFile,24B]; routing to relationship simple
[pool-3384-thread-1] INFO org.apache.nifi.processors.standard.RouteText - RouteText[id=24e84634-fdfb-4a8b-87b3-8cb3253f4f09] Routing FlowFile[2124,93427709945398.mockFlowFile,24B] to original
[main] DEBUG org.apache.nifi.processors.standard.RouteText - RouteText[id=24e84634-fdfb-4a8b-87b3-8cb3253f4f09] Adding new dynamic property: PropertyDescriptor[simple]
[pool-3385-thread-1] INFO org.apache.nifi.processors.standard.RouteText - RouteText[id=24e84634-fdfb-4a8b-87b3-8cb3253f4f09] Created FlowFile[2127,93427710426742.mockFlowFile,24B] from FlowFile[2126,93427710426742.mockFlowFile,24B]; routing to relationship simple
[pool-3385-thread-1] INFO org.apache.nifi.processors.standard.RouteText - RouteText[id=24e84634-fdfb-4a8b-87b3-8cb3253f4f09] Routing FlowFile[2126,93427710426742.mockFlowFile,24B] to original
[main] DEBUG org.apache.nifi.processors.standard.RouteText - RouteText[id=24e84634-fdfb-4a8b-87b3-8cb3253f4f09] Adding new dynamic property: PropertyDescriptor[simple]
[pool-3386-thread-1] INFO org.apache.nifi.processors.standard.RouteText - RouteText[id=24e84634-fdfb-4a8b-87b3-8cb3253f4f09] Created FlowFile[2129,93427710895978.mockFlowFile,24B] from FlowFile[2128,93427710895978.mockFlowFile,24B]; routing to relationship simple
[pool-3386-thread-1] INFO org.apache.nifi.processors.standard.RouteText - RouteText[id=24e84634-fdfb-4a8b-87b3-8cb3253f4f09] Routing FlowFile[2128,93427710895978.mockFlowFile,24B] to original
[main] DEBUG org.apache.nifi.processors.standard.RouteText - RouteText[id=24e84634-fdfb-4a8b-87b3-8cb3253f4f09] Adding new dynamic property: PropertyDescriptor[simple]
[pool-3387-thread-1] INFO org.apache.nifi.processors.standard.RouteText - RouteText[id=24e84634-fdfb-4a8b-87b3-8cb3253f4f09] Created FlowFile[2131,93427711446125.mockFlowFile,24B] from FlowFile[2130,93427711446125.mockFlowFile,24B]; routing to relationship simple
[pool-3387-thread-1] INFO org.apache.nifi.processors.standard.RouteText - RouteText[id=24e84634-fdfb-4a8b-87b3-8cb3253f4f09] Routing FlowFile[2130,93427711446125.mockFlowFile,24B] to original
[main] DEBUG org.apache.nifi.processors.standard.RouteText - RouteText[id=24e84634-fdfb-4a8b-87b3-8cb3253f4f09] Adding new dynamic property: PropertyDescriptor[simple]
[pool-3388-thread-1] INFO org.apache.nifi.processors.standard.RouteText - RouteText[id=24e84634-fdfb-4a8b-87b3-8cb3253f4f09] Created FlowFile[2133,93427711907026.mockFlowFile,24B] from FlowFile[2132,93427711907026.mockFlowFile,24B]; routing to relationship simple
[pool-3388-thread-1] INFO org.apache.nifi.processors.standard.RouteText - RouteText[id=24e84634-fdfb-4a8b-87b3-8cb3253f4f09] Routing FlowFile[2132,93427711907026.mockFlowFile,24B] to original
[main] DEBUG org.apache.nifi.processors.standard.RouteText - RouteText[id=24e84634-fdfb-4a8b-87b3-8cb3253f4f09] Adding new dynamic property: PropertyDescriptor[simple]
[pool-3389-thread-1] INFO org.apache.nifi.processors.standard.RouteText - RouteText[id=24e84634-fdfb-4a8b-87b3-8cb3253f4f09] Created FlowFile[2135,93427712360786.mockFlowFile,24B] from FlowFile[2134,93427712360786.mockFlowFile,24B]; routing to relationship simple
[pool-3389-thread-1] INFO org.apache.nifi.processors.standard.RouteText - RouteText[id=24e84634-fdfb-4a8b-87b3-8cb3253f4f09] Routing FlowFile[2134,93427712360786.mockFlowFile,24B] to original
[main] DEBUG org.apache.nifi.processors.standard.RouteText - RouteText[id=24e84634-fdfb-4a8b-87b3-8cb3253f4f09] Adding new dynamic property: PropertyDescriptor[simple]
[pool-3390-thread-1] INFO org.apache.nifi.processors.standard.RouteText - RouteText[id=24e84634-fdfb-4a8b-87b3-8cb3253f4f09] Created FlowFile[2137,93427712844379.mockFlowFile,24B] from FlowFile[2136,93427712844379.mockFlowFile,24B]; routing to relationship simple
[pool-3390-thread-1] INFO org.apache.nifi.processors.standard.RouteText - RouteText[id=24e84634-fdfb-4a8b-87b3-8cb3253f4f09] Routing FlowFile[2136,93427712844379.mockFlowFile,24B] to original
[main] DEBUG org.apache.nifi.processors.standard.RouteText - RouteText[id=24e84634-fdfb-4a8b-87b3-8cb3253f4f09] Adding new dynamic property: PropertyDescriptor[simple]
[pool-3391-thread-1] INFO org.apache.nifi.processors.standard.RouteText - RouteText[id=24e84634-fdfb-4a8b-87b3-8cb3253f4f09] Created FlowFile[2139,93427713336150.mockFlowFile,24B] from FlowFile[2138,93427713336150.mockFlowFile,24B]; routing to relationship simple
[pool-3391-thread-1] INFO org.apache.nifi.processors.standard.RouteText - RouteText[id=24e84634-fdfb-4a8b-87b3-8cb3253f4f09] Routing FlowFile[2138,93427713336150.mockFlowFile,24B] to original
[main] DEBUG org.apache.nifi.processors.standard.RouteText - RouteText[id=24e84634-fdfb-4a8b-87b3-8cb3253f4f09] Adding new dynamic property: PropertyDescriptor[simple]
[pool-3392-thread-1] INFO org.apache.nifi.processors.standard.RouteText - RouteText[id=24e84634-fdfb-4a8b-87b3-8cb3253f4f09] Created FlowFile[2141,93427713807148.mockFlowFile,24B] from FlowFile[2140,93427713807148.mockFlowFile,24B]; routing to relationship simple
[pool-3392-thread-1] INFO org.apache.nifi.processors.standard.RouteText - RouteText[id=24e84634-fdfb-4a8b-87b3-8cb3253f4f09] Routing FlowFile[2140,93427713807148.mockFlowFile,24B] to original
[main] DEBUG org.apache.nifi.processors.standard.RouteText - RouteText[id=24e84634-fdfb-4a8b-87b3-8cb3253f4f09] Adding new dynamic property: PropertyDescriptor[simple]
[pool-3393-thread-1] INFO org.apache.nifi.processors.standard.RouteText - RouteText[id=24e84634-fdfb-4a8b-87b3-8cb3253f4f09] Created FlowFile[2143,93427714276110.mockFlowFile,24B] from FlowFile[2142,93427714276110.mockFlowFile,24B]; routing to relationship simple
[pool-3393-thread-1] INFO org.apache.nifi.processors.standard.RouteText - RouteText[id=24e84634-fdfb-4a8b-87b3-8cb3253f4f09] Routing FlowFile[2142,93427714276110.mockFlowFile,24B] to original
[main] DEBUG org.apache.nifi.processors.standard.RouteText - RouteText[id=24e84634-fdfb-4a8b-87b3-8cb3253f4f09] Adding new dynamic property: PropertyDescriptor[simple]
[pool-3394-thread-1] INFO org.apache.nifi.processors.standard.RouteText - RouteText[id=24e84634-fdfb-4a8b-87b3-8cb3253f4f09] Created FlowFile[2145,93427714739078.mockFlowFile,24B] from FlowFile[2144,93427714739078.mockFlowFile,24B]; routing to relationship simple
[pool-3394-thread-1] INFO org.apache.nifi.processors.standard.RouteText - RouteText[id=24e84634-fdfb-4a8b-87b3-8cb3253f4f09] Routing FlowFile[2144,93427714739078.mockFlowFile,24B] to original
[main] DEBUG org.apache.nifi.processors.standard.RouteText - RouteText[id=24e84634-fdfb-4a8b-87b3-8cb3253f4f09] Adding new dynamic property: PropertyDescriptor[simple]
[pool-3395-thread-1] INFO org.apache.nifi.processors.standard.RouteText - RouteText[id=24e84634-fdfb-4a8b-87b3-8cb3253f4f09] Created FlowFile[2147,93427715190533.mockFlowFile,24B] from FlowFile[2146,93427715190533.mockFlowFile,24B]; routing to relationship simple
[pool-3395-thread-1] INFO org.apache.nifi.processors.standard.RouteText - RouteText[id=24e84634-fdfb-4a8b-87b3-8cb3253f4f09] Routing FlowFile[2146,93427715190533.mockFlowFile,24B] to original
[main] DEBUG org.apache.nifi.processors.standard.RouteText - RouteText[id=24e84634-fdfb-4a8b-87b3-8cb3253f4f09] Adding new dynamic property: PropertyDescriptor[simple]
[pool-3396-thread-1] INFO org.apache.nifi.processors.standard.RouteText - RouteText[id=24e84634-fdfb-4a8b-87b3-8cb3253f4f09] Created FlowFile[2149,93427715648170.mockFlowFile,24B] from FlowFile[2148,93427715648170.mockFlowFile,24B]; routing to relationship simple
[pool-3396-thread-1] INFO org.apache.nifi.processors.standard.RouteText - RouteText[id=24e84634-fdfb-4a8b-87b3-8cb3253f4f09] Routing FlowFile[2148,93427715648170.mockFlowFile,24B] to original
[main] DEBUG org.apache.nifi.processors.standard.RouteText - RouteText[id=24e84634-fdfb-4a8b-87b3-8cb3253f4f09] Adding new dynamic property: PropertyDescriptor[simple]
[pool-3397-thread-1] INFO org.apache.nifi.processors.standard.RouteText - RouteText[id=24e84634-fdfb-4a8b-87b3-8cb3253f4f09] Created FlowFile[2151,93427716138807.mockFlowFile,24B] from FlowFile[2150,93427716138807.mockFlowFile,24B]; routing to relationship simple
[pool-3397-thread-1] INFO org.apache.nifi.processors.standard.RouteText - RouteText[id=24e84634-fdfb-4a8b-87b3-8cb3253f4f09] Routing FlowFile[2150,93427716138807.mockFlowFile,24B] to original
[main] DEBUG org.apache.nifi.processors.standard.RouteText - RouteText[id=24e84634-fdfb-4a8b-87b3-8cb3253f4f09] Adding new dynamic property: PropertyDescriptor[simple]
[pool-3398-thread-1] INFO org.apache.nifi.processors.standard.RouteText - RouteText[id=24e84634-fdfb-4a8b-87b3-8cb3253f4f09] Created FlowFile[2153,93427716611788.mockFlowFile,24B] from FlowFile[2152,93427716611788.mockFlowFile,24B]; routing to relationship simple
[pool-3398-thread-1] INFO org.apache.nifi.processors.standard.RouteText - RouteText[id=24e84634-fdfb-4a8b-87b3-8cb3253f4f09] Routing FlowFile[2152,93427716611788.mockFlowFile,24B] to original
[main] DEBUG org.apache.nifi.processors.standard.RouteText - RouteText[id=24e84634-fdfb-4a8b-87b3-8cb3253f4f09] Adding new dynamic property: PropertyDescriptor[simple]
[pool-3399-thread-1] INFO org.apache.nifi.processors.standard.RouteText - RouteText[id=24e84634-fdfb-4a8b-87b3-8cb3253f4f09] Created FlowFile[2155,93427717057697.mockFlowFile,24B] from FlowFile[2154,93427717057697.mockFlowFile,24B]; routing to relationship simple
[pool-3399-thread-1] INFO org.apache.nifi.processors.standard.RouteText - RouteText[id=24e84634-fdfb-4a8b-87b3-8cb3253f4f09] Routing FlowFile[2154,93427717057697.mockFlowFile,24B] to original
[main] DEBUG org.apache.nifi.processors.standard.RouteText - RouteText[id=24e84634-fdfb-4a8b-87b3-8cb3253f4f09] Adding new dynamic property: PropertyDescriptor[simple]
[pool-3400-thread-1] INFO org.apache.nifi.processors.standard.RouteText - RouteText[id=24e84634-fdfb-4a8b-87b3-8cb3253f4f09] Created FlowFile[2157,93427717496940.mockFlowFile,24B] from FlowFile[2156,93427717496940.mockFlowFile,24B]; routing to relationship simple
[pool-3400-thread-1] INFO org.apache.nifi.processors.standard.RouteText - RouteText[id=24e84634-fdfb-4a8b-87b3-8cb3253f4f09] Routing FlowFile[2156,93427717496940.mockFlowFile,24B] to original
[main] DEBUG org.apache.nifi.processors.standard.RouteText - RouteText[id=24e84634-fdfb-4a8b-87b3-8cb3253f4f09] Adding new dynamic property: PropertyDescriptor[simple]
[pool-3401-thread-1] INFO org.apache.nifi.processors.standard.RouteText - RouteText[id=24e84634-fdfb-4a8b-87b3-8cb3253f4f09] Created FlowFile[2159,93427718031903.mockFlowFile,24B] from FlowFile[2158,93427718031903.mockFlowFile,24B]; routing to relationship simple
[pool-3401-thread-1] INFO org.apache.nifi.processors.standard.RouteText - RouteText[id=24e84634-fdfb-4a8b-87b3-8cb3253f4f09] Routing FlowFile[2158,93427718031903.mockFlowFile,24B] to original
[main] DEBUG org.apache.nifi.processors.standard.RouteText - RouteText[id=24e84634-fdfb-4a8b-87b3-8cb3253f4f09] Adding new dynamic property: PropertyDescriptor[simple]
[pool-3402-thread-1] INFO org.apache.nifi.processors.standard.RouteText - RouteText[id=24e84634-fdfb-4a8b-87b3-8cb3253f4f09] Created FlowFile[2161,93427718571390.mockFlowFile,24B] from FlowFile[2160,93427718571390.mockFlowFile,24B]; routing to relationship simple
[pool-3402-thread-1] INFO org.apache.nifi.processors.standard.RouteText - RouteText[id=24e84634-fdfb-4a8b-87b3-8cb3253f4f09] Routing FlowFile[2160,93427718571390.mockFlowFile,24B] to original
[main] DEBUG org.apache.nifi.processors.standard.RouteText - RouteText[id=24e84634-fdfb-4a8b-87b3-8cb3253f4f09] Adding new dynamic property: PropertyDescriptor[simple]
[pool-3403-thread-1] INFO org.apache.nifi.processors.standard.RouteText - RouteText[id=24e84634-fdfb-4a8b-87b3-8cb3253f4f09] Created FlowFile[2163,93427719030365.mockFlowFile,24B] from FlowFile[2162,93427719030365.mockFlowFile,24B]; routing to relationship simple
[pool-3403-thread-1] INFO org.apache.nifi.processors.standard.RouteText - RouteText[id=24e84634-fdfb-4a8b-87b3-8cb3253f4f09] Routing FlowFile[2162,93427719030365.mockFlowFile,24B] to original
[main] DEBUG org.apache.nifi.processors.standard.RouteText - RouteText[id=24e84634-fdfb-4a8b-87b3-8cb3253f4f09] Adding new dynamic property: PropertyDescriptor[simple]
[pool-3404-thread-1] INFO org.apache.nifi.processors.standard.RouteText - RouteText[id=24e84634-fdfb-4a8b-87b3-8cb3253f4f09] Created FlowFile[2165,93427719464776.mockFlowFile,24B] from FlowFile[2164,93427719464776.mockFlowFile,24B]; routing to relationship simple
[pool-3404-thread-1] INFO org.apache.nifi.processors.standard.RouteText - RouteText[id=24e84634-fdfb-4a8b-87b3-8cb3253f4f09] Routing FlowFile[2164,93427719464776.mockFlowFile,24B] to original
[main] DEBUG org.apache.nifi.processors.standard.RouteText - RouteText[id=24e84634-fdfb-4a8b-87b3-8cb3253f4f09] Adding new dynamic property: PropertyDescriptor[simple]
[pool-3405-thread-1] INFO org.apache.nifi.processors.standard.RouteText - RouteText[id=24e84634-fdfb-4a8b-87b3-8cb3253f4f09] Created FlowFile[2167,93427719928319.mockFlowFile,24B] from FlowFile[2166,93427719928319.mockFlowFile,24B]; routing to relationship simple
[pool-3405-thread-1] INFO org.apache.nifi.processors.standard.RouteText - RouteText[id=24e84634-fdfb-4a8b-87b3-8cb3253f4f09] Routing FlowFile[2166,93427719928319.mockFlowFile,24B] to original
[main] DEBUG org.apache.nifi.processors.standard.RouteText - RouteText[id=24e84634-fdfb-4a8b-87b3-8cb3253f4f09] Adding new dynamic property: PropertyDescriptor[simple]
[pool-3406-thread-1] INFO org.apache.nifi.processors.standard.RouteText - RouteText[id=24e84634-fdfb-4a8b-87b3-8cb3253f4f09] Created FlowFile[2169,93427720376903.mockFlowFile,24B] from FlowFile[2168,93427720376903.mockFlowFile,24B]; routing to relationship simple
[pool-3406-thread-1] INFO org.apache.nifi.processors.standard.RouteText - RouteText[id=24e84634-fdfb-4a8b-87b3-8cb3253f4f09] Routing FlowFile[2168,93427720376903.mockFlowFile,24B] to original
[main] DEBUG org.apache.nifi.processors.standard.RouteText - RouteText[id=24e84634-fdfb-4a8b-87b3-8cb3253f4f09] Adding new dynamic property: PropertyDescriptor[simple]
[pool-3407-thread-1] INFO org.apache.nifi.processors.standard.RouteText - RouteText[id=24e84634-fdfb-4a8b-87b3-8cb3253f4f09] Created FlowFile[2171,93427720842439.mockFlowFile,24B] from FlowFile[2170,93427720842439.mockFlowFile,24B]; routing to relationship simple
[pool-3407-thread-1] INFO org.apache.nifi.processors.standard.RouteText - RouteText[id=24e84634-fdfb-4a8b-87b3-8cb3253f4f09] Routing FlowFile[2170,93427720842439.mockFlowFile,24B] to original
[main] DEBUG org.apache.nifi.processors.standard.RouteText - RouteText[id=24e84634-fdfb-4a8b-87b3-8cb3253f4f09] Adding new dynamic property: PropertyDescriptor[simple]
[pool-3408-thread-1] INFO org.apache.nifi.processors.standard.RouteText - RouteText[id=24e84634-fdfb-4a8b-87b3-8cb3253f4f09] Created FlowFile[2173,93427721363392.mockFlowFile,24B] from FlowFile[2172,93427721363392.mockFlowFile,24B]; routing to relationship simple
[pool-3408-thread-1] INFO org.apache.nifi.processors.standard.RouteText - RouteText[id=24e84634-fdfb-4a8b-87b3-8cb3253f4f09] Routing FlowFile[2172,93427721363392.mockFlowFile,24B] to original
[main] DEBUG org.apache.nifi.processors.standard.RouteText - RouteText[id=24e84634-fdfb-4a8b-87b3-8cb3253f4f09] Adding new dynamic property: PropertyDescriptor[simple]
[pool-3409-thread-1] INFO org.apache.nifi.processors.standard.RouteText - RouteText[id=24e84634-fdfb-4a8b-87b3-8cb3253f4f09] Created FlowFile[2175,93427721859663.mockFlowFile,24B] from FlowFile[2174,93427721859663.mockFlowFile,24B]; routing to relationship simple
[pool-3409-thread-1] INFO org.apache.nifi.processors.standard.RouteText - RouteText[id=24e84634-fdfb-4a8b-87b3-8cb3253f4f09] Routing FlowFile[2174,93427721859663.mockFlowFile,24B] to original
[main] DEBUG org.apache.nifi.processors.standard.RouteText - RouteText[id=24e84634-fdfb-4a8b-87b3-8cb3253f4f09] Adding new dynamic property: PropertyDescriptor[simple]
[pool-3410-thread-1] INFO org.apache.nifi.processors.standard.RouteText - RouteText[id=24e84634-fdfb-4a8b-87b3-8cb3253f4f09] Created FlowFile[2177,93427722392424.mockFlowFile,24B] from FlowFile[2176,93427722392424.mockFlowFile,24B]; routing to relationship simple
[pool-3410-thread-1] INFO org.apache.nifi.processors.standard.RouteText - RouteText[id=24e84634-fdfb-4a8b-87b3-8cb3253f4f09] Routing FlowFile[2176,93427722392424.mockFlowFile,24B] to original
[main] DEBUG org.apache.nifi.processors.standard.RouteText - RouteText[id=24e84634-fdfb-4a8b-87b3-8cb3253f4f09] Adding new dynamic property: PropertyDescriptor[simple]
[pool-3411-thread-1] INFO org.apache.nifi.processors.standard.RouteText - RouteText[id=24e84634-fdfb-4a8b-87b3-8cb3253f4f09] Created FlowFile[2179,93427722860486.mockFlowFile,24B] from FlowFile[2178,93427722860486.mockFlowFile,24B]; routing to relationship simple
[pool-3411-thread-1] INFO org.apache.nifi.processors.standard.RouteText - RouteText[id=24e84634-fdfb-4a8b-87b3-8cb3253f4f09] Routing FlowFile[2178,93427722860486.mockFlowFile,24B] to original
[main] DEBUG org.apache.nifi.processors.standard.RouteText - RouteText[id=24e84634-fdfb-4a8b-87b3-8cb3253f4f09] Adding new dynamic property: PropertyDescriptor[simple]
[pool-3412-thread-1] INFO org.apache.nifi.processors.standard.RouteText - RouteText[id=24e84634-fdfb-4a8b-87b3-8cb3253f4f09] Created FlowFile[2181,93427723331373.mockFlowFile,24B] from FlowFile[2180,93427723331373.mockFlowFile,24B]; routing to relationship simple
[pool-3412-thread-1] INFO org.apache.nifi.processors.standard.RouteText - RouteText[id=24e84634-fdfb-4a8b-87b3-8cb3253f4f09] Routing FlowFile[2180,93427723331373.mockFlowFile,24B] to original
[main] DEBUG org.apache.nifi.processors.standard.RouteText - RouteText[id=24e84634-fdfb-4a8b-87b3-8cb3253f4f09] Adding new dynamic property: PropertyDescriptor[simple]
[pool-3413-thread-1] INFO org.apache.nifi.processors.standard.RouteText - RouteText[id=24e84634-fdfb-4a8b-87b3-8cb3253f4f09] Created FlowFile[2183,93427723828941.mockFlowFile,24B] from FlowFile[2182,93427723828941.mockFlowFile,24B]; routing to relationship simple
[pool-3413-thread-1] INFO org.apache.nifi.processors.standard.RouteText - RouteText[id=24e84634-fdfb-4a8b-87b3-8cb3253f4f09] Routing FlowFile[2182,93427723828941.mockFlowFile,24B] to original
[main] DEBUG org.apache.nifi.processors.standard.RouteText - RouteText[id=24e84634-fdfb-4a8b-87b3-8cb3253f4f09] Adding new dynamic property: PropertyDescriptor[simple]
[pool-3414-thread-1] INFO org.apache.nifi.processors.standard.RouteText - RouteText[id=24e84634-fdfb-4a8b-87b3-8cb3253f4f09] Created FlowFile[2185,93427724276184.mockFlowFile,24B] from FlowFile[2184,93427724276184.mockFlowFile,24B]; routing to relationship simple
[pool-3414-thread-1] INFO org.apache.nifi.processors.standard.RouteText - RouteText[id=24e84634-fdfb-4a8b-87b3-8cb3253f4f09] Routing FlowFile[2184,93427724276184.mockFlowFile,24B] to original
[main] DEBUG org.apache.nifi.processors.standard.RouteText - RouteText[id=24e84634-fdfb-4a8b-87b3-8cb3253f4f09] Adding new dynamic property: PropertyDescriptor[simple]
[pool-3415-thread-1] INFO org.apache.nifi.processors.standard.RouteText - RouteText[id=24e84634-fdfb-4a8b-87b3-8cb3253f4f09] Created FlowFile[2187,93427724749703.mockFlowFile,24B] from FlowFile[2186,93427724749703.mockFlowFile,24B]; routing to relationship simple
[pool-3415-thread-1] INFO org.apache.nifi.processors.standard.RouteText - RouteText[id=24e84634-fdfb-4a8b-87b3-8cb3253f4f09] Routing FlowFile[2186,93427724749703.mockFlowFile,24B] to original
[main] DEBUG org.apache.nifi.processors.standard.RouteText - RouteText[id=24e84634-fdfb-4a8b-87b3-8cb3253f4f09] Adding new dynamic property: PropertyDescriptor[simple]
[pool-3416-thread-1] INFO org.apache.nifi.processors.standard.RouteText - RouteText[id=24e84634-fdfb-4a8b-87b3-8cb3253f4f09] Created FlowFile[2189,93427725237492.mockFlowFile,24B] from FlowFile[2188,93427725237492.mockFlowFile,24B]; routing to relationship simple
[pool-3416-thread-1] INFO org.apache.nifi.processors.standard.RouteText - RouteText[id=24e84634-fdfb-4a8b-87b3-8cb3253f4f09] Routing FlowFile[2188,93427725237492.mockFlowFile,24B] to original
[main] DEBUG org.apache.nifi.processors.standard.RouteText - RouteText[id=24e84634-fdfb-4a8b-87b3-8cb3253f4f09] Adding new dynamic property: PropertyDescriptor[simple]
[pool-3417-thread-1] INFO org.apache.nifi.processors.standard.RouteText - RouteText[id=24e84634-fdfb-4a8b-87b3-8cb3253f4f09] Created FlowFile[2191,93427725709498.mockFlowFile,24B] from FlowFile[2190,93427725709498.mockFlowFile,24B]; routing to relationship simple
[pool-3417-thread-1] INFO org.apache.nifi.processors.standard.RouteText - RouteText[id=24e84634-fdfb-4a8b-87b3-8cb3253f4f09] Routing FlowFile[2190,93427725709498.mockFlowFile,24B] to original
[main] DEBUG org.apache.nifi.processors.standard.RouteText - RouteText[id=24e84634-fdfb-4a8b-87b3-8cb3253f4f09] Adding new dynamic property: PropertyDescriptor[simple]
[pool-3418-thread-1] INFO org.apache.nifi.processors.standard.RouteText - RouteText[id=24e84634-fdfb-4a8b-87b3-8cb3253f4f09] Created FlowFile[2193,93427726193294.mockFlowFile,24B] from FlowFile[2192,93427726193294.mockFlowFile,24B]; routing to relationship simple
[pool-3418-thread-1] INFO org.apache.nifi.processors.standard.RouteText - RouteText[id=24e84634-fdfb-4a8b-87b3-8cb3253f4f09] Routing FlowFile[2192,93427726193294.mockFlowFile,24B] to original
[main] DEBUG org.apache.nifi.processors.standard.RouteText - RouteText[id=24e84634-fdfb-4a8b-87b3-8cb3253f4f09] Adding new dynamic property: PropertyDescriptor[simple]
[pool-3419-thread-1] INFO org.apache.nifi.processors.standard.RouteText - RouteText[id=24e84634-fdfb-4a8b-87b3-8cb3253f4f09] Created FlowFile[2195,93427726657310.mockFlowFile,24B] from FlowFile[2194,93427726657310.mockFlowFile,24B]; routing to relationship simple
[pool-3419-thread-1] INFO org.apache.nifi.processors.standard.RouteText - RouteText[id=24e84634-fdfb-4a8b-87b3-8cb3253f4f09] Routing FlowFile[2194,93427726657310.mockFlowFile,24B] to original
[main] DEBUG org.apache.nifi.processors.standard.RouteText - RouteText[id=24e84634-fdfb-4a8b-87b3-8cb3253f4f09] Adding new dynamic property: PropertyDescriptor[simple]
[pool-3420-thread-1] INFO org.apache.nifi.processors.standard.RouteText - RouteText[id=24e84634-fdfb-4a8b-87b3-8cb3253f4f09] Created FlowFile[2197,93427727114512.mockFlowFile,24B] from FlowFile[2196,93427727114512.mockFlowFile,24B]; routing to relationship simple
[pool-3420-thread-1] INFO org.apache.nifi.processors.standard.RouteText - RouteText[id=24e84634-fdfb-4a8b-87b3-8cb3253f4f09] Routing FlowFile[2196,93427727114512.mockFlowFile,24B] to original
[main] DEBUG org.apache.nifi.processors.standard.RouteText - RouteText[id=24e84634-fdfb-4a8b-87b3-8cb3253f4f09] Adding new dynamic property: PropertyDescriptor[simple]
[pool-3421-thread-1] INFO org.apache.nifi.processors.standard.RouteText - RouteText[id=24e84634-fdfb-4a8b-87b3-8cb3253f4f09] Created FlowFile[2199,93427727528601.mockFlowFile,24B] from FlowFile[2198,93427727528601.mockFlowFile,24B]; routing to relationship simple
[pool-3421-thread-1] INFO org.apache.nifi.processors.standard.RouteText - RouteText[id=24e84634-fdfb-4a8b-87b3-8cb3253f4f09] Routing FlowFile[2198,93427727528601.mockFlowFile,24B] to original
[main] DEBUG org.apache.nifi.processors.standard.RouteText - RouteText[id=24e84634-fdfb-4a8b-87b3-8cb3253f4f09] Adding new dynamic property: PropertyDescriptor[simple]
[pool-3422-thread-1] INFO org.apache.nifi.processors.standard.RouteText - RouteText[id=24e84634-fdfb-4a8b-87b3-8cb3253f4f09] Created FlowFile[2201,93427727984029.mockFlowFile,24B] from FlowFile[2200,93427727984029.mockFlowFile,24B]; routing to relationship simple
[pool-3422-thread-1] INFO org.apache.nifi.processors.standard.RouteText - RouteText[id=24e84634-fdfb-4a8b-87b3-8cb3253f4f09] Routing FlowFile[2200,93427727984029.mockFlowFile,24B] to original
[main] DEBUG org.apache.nifi.processors.standard.RouteText - RouteText[id=24e84634-fdfb-4a8b-87b3-8cb3253f4f09] Adding new dynamic property: PropertyDescriptor[simple]
[pool-3423-thread-1] INFO org.apache.nifi.processors.standard.RouteText - RouteText[id=24e84634-fdfb-4a8b-87b3-8cb3253f4f09] Created FlowFile[2203,93427728643969.mockFlowFile,24B] from FlowFile[2202,93427728643969.mockFlowFile,24B]; routing to relationship simple
[pool-3423-thread-1] INFO org.apache.nifi.processors.standard.RouteText - RouteText[id=24e84634-fdfb-4a8b-87b3-8cb3253f4f09] Routing FlowFile[2202,93427728643969.mockFlowFile,24B] to original
[main] DEBUG org.apache.nifi.processors.standard.RouteText - RouteText[id=24e84634-fdfb-4a8b-87b3-8cb3253f4f09] Adding new dynamic property: PropertyDescriptor[simple]
[pool-3424-thread-1] INFO org.apache.nifi.processors.standard.RouteText - RouteText[id=24e84634-fdfb-4a8b-87b3-8cb3253f4f09] Created FlowFile[2205,93427729136169.mockFlowFile,24B] from FlowFile[2204,93427729136169.mockFlowFile,24B]; routing to relationship simple
[pool-3424-thread-1] INFO org.apache.nifi.processors.standard.RouteText - RouteText[id=24e84634-fdfb-4a8b-87b3-8cb3253f4f09] Routing FlowFile[2204,93427729136169.mockFlowFile,24B] to original
[main] DEBUG org.apache.nifi.processors.standard.RouteText - RouteText[id=24e84634-fdfb-4a8b-87b3-8cb3253f4f09] Adding new dynamic property: PropertyDescriptor[simple]
[pool-3425-thread-1] INFO org.apache.nifi.processors.standard.RouteText - RouteText[id=24e84634-fdfb-4a8b-87b3-8cb3253f4f09] Created FlowFile[2207,93427729698722.mockFlowFile,24B] from FlowFile[2206,93427729698722.mockFlowFile,24B]; routing to relationship simple
[pool-3425-thread-1] INFO org.apache.nifi.processors.standard.RouteText - RouteText[id=24e84634-fdfb-4a8b-87b3-8cb3253f4f09] Routing FlowFile[2206,93427729698722.mockFlowFile,24B] to original
[main] DEBUG org.apache.nifi.processors.standard.RouteText - RouteText[id=24e84634-fdfb-4a8b-87b3-8cb3253f4f09] Adding new dynamic property: PropertyDescriptor[simple]
[pool-3426-thread-1] INFO org.apache.nifi.processors.standard.RouteText - RouteText[id=24e84634-fdfb-4a8b-87b3-8cb3253f4f09] Created FlowFile[2209,93427730206546.mockFlowFile,24B] from FlowFile[2208,93427730206546.mockFlowFile,24B]; routing to relationship simple
[pool-3426-thread-1] INFO org.apache.nifi.processors.standard.RouteText - RouteText[id=24e84634-fdfb-4a8b-87b3-8cb3253f4f09] Routing FlowFile[2208,93427730206546.mockFlowFile,24B] to original
[main] DEBUG org.apache.nifi.processors.standard.RouteText - RouteText[id=24e84634-fdfb-4a8b-87b3-8cb3253f4f09] Adding new dynamic property: PropertyDescriptor[simple]
[pool-3427-thread-1] INFO org.apache.nifi.processors.standard.RouteText - RouteText[id=24e84634-fdfb-4a8b-87b3-8cb3253f4f09] Created FlowFile[2211,93427730675549.mockFlowFile,24B] from FlowFile[2210,93427730675549.mockFlowFile,24B]; routing to relationship simple
[pool-3427-thread-1] INFO org.apache.nifi.processors.standard.RouteText - RouteText[id=24e84634-fdfb-4a8b-87b3-8cb3253f4f09] Routing FlowFile[2210,93427730675549.mockFlowFile,24B] to original
[main] DEBUG org.apache.nifi.processors.standard.RouteText - RouteText[id=24e84634-fdfb-4a8b-87b3-8cb3253f4f09] Adding new dynamic property: PropertyDescriptor[simple]
[pool-3428-thread-1] INFO org.apache.nifi.processors.standard.RouteText - RouteText[id=24e84634-fdfb-4a8b-87b3-8cb3253f4f09] Created FlowFile[2213,93427731122021.mockFlowFile,24B] from FlowFile[2212,93427731122021.mockFlowFile,24B]; routing to relationship simple
[pool-3428-thread-1] INFO org.apache.nifi.processors.standard.RouteText - RouteText[id=24e84634-fdfb-4a8b-87b3-8cb3253f4f09] Routing FlowFile[2212,93427731122021.mockFlowFile,24B] to original
[main] DEBUG org.apache.nifi.processors.standard.RouteText - RouteText[id=24e84634-fdfb-4a8b-87b3-8cb3253f4f09] Adding new dynamic property: PropertyDescriptor[simple]
[pool-3429-thread-1] INFO org.apache.nifi.processors.standard.RouteText - RouteText[id=24e84634-fdfb-4a8b-87b3-8cb3253f4f09] Created FlowFile[2215,93427731646558.mockFlowFile,24B] from FlowFile[2214,93427731646558.mockFlowFile,24B]; routing to relationship simple
[pool-3429-thread-1] INFO org.apache.nifi.processors.standard.RouteText - RouteText[id=24e84634-fdfb-4a8b-87b3-8cb3253f4f09] Routing FlowFile[2214,93427731646558.mockFlowFile,24B] to original
[main] DEBUG org.apache.nifi.processors.standard.RouteText - RouteText[id=24e84634-fdfb-4a8b-87b3-8cb3253f4f09] Adding new dynamic property: PropertyDescriptor[simple]
[pool-3430-thread-1] INFO org.apache.nifi.processors.standard.RouteText - RouteText[id=24e84634-fdfb-4a8b-87b3-8cb3253f4f09] Created FlowFile[2217,93427732087413.mockFlowFile,24B] from FlowFile[2216,93427732087413.mockFlowFile,24B]; routing to relationship simple
[pool-3430-thread-1] INFO org.apache.nifi.processors.standard.RouteText - RouteText[id=24e84634-fdfb-4a8b-87b3-8cb3253f4f09] Routing FlowFile[2216,93427732087413.mockFlowFile,24B] to original
[main] DEBUG org.apache.nifi.processors.standard.RouteText - RouteText[id=24e84634-fdfb-4a8b-87b3-8cb3253f4f09] Adding new dynamic property: PropertyDescriptor[simple]
[pool-3431-thread-1] INFO org.apache.nifi.processors.standard.RouteText - RouteText[id=24e84634-fdfb-4a8b-87b3-8cb3253f4f09] Created FlowFile[2219,93427732603846.mockFlowFile,24B] from FlowFile[2218,93427732603846.mockFlowFile,24B]; routing to relationship simple
[pool-3431-thread-1] INFO org.apache.nifi.processors.standard.RouteText - RouteText[id=24e84634-fdfb-4a8b-87b3-8cb3253f4f09] Routing FlowFile[2218,93427732603846.mockFlowFile,24B] to original
[main] DEBUG org.apache.nifi.processors.standard.RouteText - RouteText[id=24e84634-fdfb-4a8b-87b3-8cb3253f4f09] Adding new dynamic property: PropertyDescriptor[simple]
[pool-3432-thread-1] INFO org.apache.nifi.processors.standard.RouteText - RouteText[id=24e84634-fdfb-4a8b-87b3-8cb3253f4f09] Created FlowFile[2221,93427733026233.mockFlowFile,24B] from FlowFile[2220,93427733026233.mockFlowFile,24B]; routing to relationship simple
[pool-3432-thread-1] INFO org.apache.nifi.processors.standard.RouteText - RouteText[id=24e84634-fdfb-4a8b-87b3-8cb3253f4f09] Routing FlowFile[2220,93427733026233.mockFlowFile,24B] to original
[main] DEBUG org.apache.nifi.processors.standard.RouteText - RouteText[id=24e84634-fdfb-4a8b-87b3-8cb3253f4f09] Adding new dynamic property: PropertyDescriptor[simple]
[pool-3433-thread-1] INFO org.apache.nifi.processors.standard.RouteText - RouteText[id=24e84634-fdfb-4a8b-87b3-8cb3253f4f09] Created FlowFile[2223,93427733439508.mockFlowFile,24B] from FlowFile[2222,93427733439508.mockFlowFile,24B]; routing to relationship simple
[pool-3433-thread-1] INFO org.apache.nifi.processors.standard.RouteText - RouteText[id=24e84634-fdfb-4a8b-87b3-8cb3253f4f09] Routing FlowFile[2222,93427733439508.mockFlowFile,24B] to original
[main] DEBUG org.apache.nifi.processors.standard.RouteText - RouteText[id=24e84634-fdfb-4a8b-87b3-8cb3253f4f09] Adding new dynamic property: PropertyDescriptor[simple]
[pool-3434-thread-1] INFO org.apache.nifi.processors.standard.RouteText - RouteText[id=24e84634-fdfb-4a8b-87b3-8cb3253f4f09] Created FlowFile[2225,93427733985382.mockFlowFile,24B] from FlowFile[2224,93427733985382.mockFlowFile,24B]; routing to relationship simple
[pool-3434-thread-1] INFO org.apache.nifi.processors.standard.RouteText - RouteText[id=24e84634-fdfb-4a8b-87b3-8cb3253f4f09] Routing FlowFile[2224,93427733985382.mockFlowFile,24B] to original
[main] DEBUG org.apache.nifi.processors.standard.RouteText - RouteText[id=24e84634-fdfb-4a8b-87b3-8cb3253f4f09] Adding new dynamic property: PropertyDescriptor[simple]
[pool-3435-thread-1] INFO org.apache.nifi.processors.standard.RouteText - RouteText[id=24e84634-fdfb-4a8b-87b3-8cb3253f4f09] Created FlowFile[2227,93427734470047.mockFlowFile,24B] from FlowFile[2226,93427734470047.mockFlowFile,24B]; routing to relationship simple
[pool-3435-thread-1] INFO org.apache.nifi.processors.standard.RouteText - RouteText[id=24e84634-fdfb-4a8b-87b3-8cb3253f4f09] Routing FlowFile[2226,93427734470047.mockFlowFile,24B] to original
[main] DEBUG org.apache.nifi.processors.standard.RouteText - RouteText[id=24e84634-fdfb-4a8b-87b3-8cb3253f4f09] Adding new dynamic property: PropertyDescriptor[simple]
[pool-3436-thread-1] INFO org.apache.nifi.processors.standard.RouteText - RouteText[id=24e84634-fdfb-4a8b-87b3-8cb3253f4f09] Created FlowFile[2229,93427734902883.mockFlowFile,24B] from FlowFile[2228,93427734902883.mockFlowFile,24B]; routing to relationship simple
[pool-3436-thread-1] INFO org.apache.nifi.processors.standard.RouteText - RouteText[id=24e84634-fdfb-4a8b-87b3-8cb3253f4f09] Routing FlowFile[2228,93427734902883.mockFlowFile,24B] to original
[main] DEBUG org.apache.nifi.processors.standard.RouteText - RouteText[id=24e84634-fdfb-4a8b-87b3-8cb3253f4f09] Adding new dynamic property: PropertyDescriptor[simple]
[pool-3437-thread-1] INFO org.apache.nifi.processors.standard.RouteText - RouteText[id=24e84634-fdfb-4a8b-87b3-8cb3253f4f09] Created FlowFile[2231,93427735414941.mockFlowFile,24B] from FlowFile[2230,93427735414941.mockFlowFile,24B]; routing to relationship simple
[pool-3437-thread-1] INFO org.apache.nifi.processors.standard.RouteText - RouteText[id=24e84634-fdfb-4a8b-87b3-8cb3253f4f09] Routing FlowFile[2230,93427735414941.mockFlowFile,24B] to original
[main] DEBUG org.apache.nifi.processors.standard.RouteText - RouteText[id=24e84634-fdfb-4a8b-87b3-8cb3253f4f09] Adding new dynamic property: PropertyDescriptor[simple]
[pool-3438-thread-1] INFO org.apache.nifi.processors.standard.RouteText - RouteText[id=24e84634-fdfb-4a8b-87b3-8cb3253f4f09] Created FlowFile[2233,93427735886908.mockFlowFile,24B] from FlowFile[2232,93427735886908.mockFlowFile,24B]; routing to relationship simple
[pool-3438-thread-1] INFO org.apache.nifi.processors.standard.RouteText - RouteText[id=24e84634-fdfb-4a8b-87b3-8cb3253f4f09] Routing FlowFile[2232,93427735886908.mockFlowFile,24B] to original
[main] DEBUG org.apache.nifi.processors.standard.RouteText - RouteText[id=24e84634-fdfb-4a8b-87b3-8cb3253f4f09] Adding new dynamic property: PropertyDescriptor[simple]
[pool-3439-thread-1] INFO org.apache.nifi.processors.standard.RouteText - RouteText[id=24e84634-fdfb-4a8b-87b3-8cb3253f4f09] Created FlowFile[2235,93427736448795.mockFlowFile,24B] from FlowFile[2234,93427736448795.mockFlowFile,24B]; routing to relationship simple
[pool-3439-thread-1] INFO org.apache.nifi.processors.standard.RouteText - RouteText[id=24e84634-fdfb-4a8b-87b3-8cb3253f4f09] Routing FlowFile[2234,93427736448795.mockFlowFile,24B] to original
[main] DEBUG org.apache.nifi.processors.standard.RouteText - RouteText[id=24e84634-fdfb-4a8b-87b3-8cb3253f4f09] Adding new dynamic property: PropertyDescriptor[simple]
[pool-3440-thread-1] INFO org.apache.nifi.processors.standard.RouteText - RouteText[id=24e84634-fdfb-4a8b-87b3-8cb3253f4f09] Created FlowFile[2237,93427736887315.mockFlowFile,24B] from FlowFile[2236,93427736887315.mockFlowFile,24B]; routing to relationship simple
[pool-3440-thread-1] INFO org.apache.nifi.processors.standard.RouteText - RouteText[id=24e84634-fdfb-4a8b-87b3-8cb3253f4f09] Routing FlowFile[2236,93427736887315.mockFlowFile,24B] to original
[main] DEBUG org.apache.nifi.processors.standard.RouteText - RouteText[id=24e84634-fdfb-4a8b-87b3-8cb3253f4f09] Adding new dynamic property: PropertyDescriptor[simple]
[pool-3441-thread-1] INFO org.apache.nifi.processors.standard.RouteText - RouteText[id=24e84634-fdfb-4a8b-87b3-8cb3253f4f09] Created FlowFile[2239,93427737300488.mockFlowFile,24B] from FlowFile[2238,93427737300488.mockFlowFile,24B]; routing to relationship simple
[pool-3441-thread-1] INFO org.apache.nifi.processors.standard.RouteText - RouteText[id=24e84634-fdfb-4a8b-87b3-8cb3253f4f09] Routing FlowFile[2238,93427737300488.mockFlowFile,24B] to original
[main] DEBUG org.apache.nifi.processors.standard.RouteText - RouteText[id=24e84634-fdfb-4a8b-87b3-8cb3253f4f09] Adding new dynamic property: PropertyDescriptor[simple]
[pool-3442-thread-1] INFO org.apache.nifi.processors.standard.RouteText - RouteText[id=24e84634-fdfb-4a8b-87b3-8cb3253f4f09] Created FlowFile[2241,93427737804324.mockFlowFile,24B] from FlowFile[2240,93427737804324.mockFlowFile,24B]; routing to relationship simple
[pool-3442-thread-1] INFO org.apache.nifi.processors.standard.RouteText - RouteText[id=24e84634-fdfb-4a8b-87b3-8cb3253f4f09] Routing FlowFile[2240,93427737804324.mockFlowFile,24B] to original
[main] DEBUG org.apache.nifi.processors.standard.RouteText - RouteText[id=24e84634-fdfb-4a8b-87b3-8cb3253f4f09] Adding new dynamic property: PropertyDescriptor[simple]
[pool-3443-thread-1] INFO org.apache.nifi.processors.standard.RouteText - RouteText[id=24e84634-fdfb-4a8b-87b3-8cb3253f4f09] Created FlowFile[2243,93427774431136.mockFlowFile,24B] from FlowFile[2242,93427774431136.mockFlowFile,24B]; routing to relationship simple
[pool-3443-thread-1] INFO org.apache.nifi.processors.standard.RouteText - RouteText[id=24e84634-fdfb-4a8b-87b3-8cb3253f4f09] Routing FlowFile[2242,93427774431136.mockFlowFile,24B] to original
[main] DEBUG org.apache.nifi.processors.standard.RouteText - RouteText[id=24e84634-fdfb-4a8b-87b3-8cb3253f4f09] Adding new dynamic property: PropertyDescriptor[simple]
[pool-3444-thread-1] INFO org.apache.nifi.processors.standard.RouteText - RouteText[id=24e84634-fdfb-4a8b-87b3-8cb3253f4f09] Created FlowFile[2245,93427775036214.mockFlowFile,24B] from FlowFile[2244,93427775036214.mockFlowFile,24B]; routing to relationship simple
[pool-3444-thread-1] INFO org.apache.nifi.processors.standard.RouteText - RouteText[id=24e84634-fdfb-4a8b-87b3-8cb3253f4f09] Routing FlowFile[2244,93427775036214.mockFlowFile,24B] to original
[main] DEBUG org.apache.nifi.processors.standard.RouteText - RouteText[id=24e84634-fdfb-4a8b-87b3-8cb3253f4f09] Adding new dynamic property: PropertyDescriptor[simple]
[pool-3445-thread-1] INFO org.apache.nifi.processors.standard.RouteText - RouteText[id=24e84634-fdfb-4a8b-87b3-8cb3253f4f09] Created FlowFile[2247,93427775560864.mockFlowFile,24B] from FlowFile[2246,93427775560864.mockFlowFile,24B]; routing to relationship simple
[pool-3445-thread-1] INFO org.apache.nifi.processors.standard.RouteText - RouteText[id=24e84634-fdfb-4a8b-87b3-8cb3253f4f09] Routing FlowFile[2246,93427775560864.mockFlowFile,24B] to original
[main] DEBUG org.apache.nifi.processors.standard.RouteText - RouteText[id=24e84634-fdfb-4a8b-87b3-8cb3253f4f09] Adding new dynamic property: PropertyDescriptor[simple]
[pool-3446-thread-1] INFO org.apache.nifi.processors.standard.RouteText - RouteText[id=24e84634-fdfb-4a8b-87b3-8cb3253f4f09] Created FlowFile[2249,93427776115587.mockFlowFile,24B] from FlowFile[2248,93427776115587.mockFlowFile,24B]; routing to relationship simple
[pool-3446-thread-1] INFO org.apache.nifi.processors.standard.RouteText - RouteText[id=24e84634-fdfb-4a8b-87b3-8cb3253f4f09] Routing FlowFile[2248,93427776115587.mockFlowFile,24B] to original
[main] DEBUG org.apache.nifi.processors.standard.RouteText - RouteText[id=24e84634-fdfb-4a8b-87b3-8cb3253f4f09] Adding new dynamic property: PropertyDescriptor[simple]
[pool-3447-thread-1] INFO org.apache.nifi.processors.standard.RouteText - RouteText[id=24e84634-fdfb-4a8b-87b3-8cb3253f4f09] Created FlowFile[2251,93427776602853.mockFlowFile,24B] from FlowFile[2250,93427776602853.mockFlowFile,24B]; routing to relationship simple
[pool-3447-thread-1] INFO org.apache.nifi.processors.standard.RouteText - RouteText[id=24e84634-fdfb-4a8b-87b3-8cb3253f4f09] Routing FlowFile[2250,93427776602853.mockFlowFile,24B] to original
[main] DEBUG org.apache.nifi.processors.standard.RouteText - RouteText[id=24e84634-fdfb-4a8b-87b3-8cb3253f4f09] Adding new dynamic property: PropertyDescriptor[simple]
[pool-3448-thread-1] INFO org.apache.nifi.processors.standard.RouteText - RouteText[id=24e84634-fdfb-4a8b-87b3-8cb3253f4f09] Created FlowFile[2253,93427777039158.mockFlowFile,24B] from FlowFile[2252,93427777039158.mockFlowFile,24B]; routing to relationship simple
[pool-3448-thread-1] INFO org.apache.nifi.processors.standard.RouteText - RouteText[id=24e84634-fdfb-4a8b-87b3-8cb3253f4f09] Routing FlowFile[2252,93427777039158.mockFlowFile,24B] to original
[main] DEBUG org.apache.nifi.processors.standard.RouteText - RouteText[id=24e84634-fdfb-4a8b-87b3-8cb3253f4f09] Adding new dynamic property: PropertyDescriptor[simple]
[pool-3449-thread-1] INFO org.apache.nifi.processors.standard.RouteText - RouteText[id=24e84634-fdfb-4a8b-87b3-8cb3253f4f09] Created FlowFile[2255,93427777475594.mockFlowFile,24B] from FlowFile[2254,93427777475594.mockFlowFile,24B]; routing to relationship simple
[pool-3449-thread-1] INFO org.apache.nifi.processors.standard.RouteText - RouteText[id=24e84634-fdfb-4a8b-87b3-8cb3253f4f09] Routing FlowFile[2254,93427777475594.mockFlowFile,24B] to original
[main] DEBUG org.apache.nifi.processors.standard.RouteText - RouteText[id=24e84634-fdfb-4a8b-87b3-8cb3253f4f09] Adding new dynamic property: PropertyDescriptor[simple]
[pool-3450-thread-1] INFO org.apache.nifi.processors.standard.RouteText - RouteText[id=24e84634-fdfb-4a8b-87b3-8cb3253f4f09] Created FlowFile[2257,93427778014413.mockFlowFile,24B] from FlowFile[2256,93427778014413.mockFlowFile,24B]; routing to relationship simple
[pool-3450-thread-1] INFO org.apache.nifi.processors.standard.RouteText - RouteText[id=24e84634-fdfb-4a8b-87b3-8cb3253f4f09] Routing FlowFile[2256,93427778014413.mockFlowFile,24B] to original
[main] DEBUG org.apache.nifi.processors.standard.RouteText - RouteText[id=24e84634-fdfb-4a8b-87b3-8cb3253f4f09] Adding new dynamic property: PropertyDescriptor[simple]
[pool-3451-thread-1] INFO org.apache.nifi.processors.standard.RouteText - RouteText[id=24e84634-fdfb-4a8b-87b3-8cb3253f4f09] Created FlowFile[2259,93427778615876.mockFlowFile,24B] from FlowFile[2258,93427778615876.mockFlowFile,24B]; routing to relationship simple
[pool-3451-thread-1] INFO org.apache.nifi.processors.standard.RouteText - RouteText[id=24e84634-fdfb-4a8b-87b3-8cb3253f4f09] Routing FlowFile[2258,93427778615876.mockFlowFile,24B] to original
[main] DEBUG org.apache.nifi.processors.standard.RouteText - RouteText[id=24e84634-fdfb-4a8b-87b3-8cb3253f4f09] Adding new dynamic property: PropertyDescriptor[simple]
[pool-3452-thread-1] INFO org.apache.nifi.processors.standard.RouteText - RouteText[id=24e84634-fdfb-4a8b-87b3-8cb3253f4f09] Created FlowFile[2261,93427779111549.mockFlowFile,24B] from FlowFile[2260,93427779111549.mockFlowFile,24B]; routing to relationship simple
[pool-3452-thread-1] INFO org.apache.nifi.processors.standard.RouteText - RouteText[id=24e84634-fdfb-4a8b-87b3-8cb3253f4f09] Routing FlowFile[2260,93427779111549.mockFlowFile,24B] to original
[main] DEBUG org.apache.nifi.processors.standard.RouteText - RouteText[id=24e84634-fdfb-4a8b-87b3-8cb3253f4f09] Adding new dynamic property: PropertyDescriptor[simple]
[pool-3453-thread-1] INFO org.apache.nifi.processors.standard.RouteText - RouteText[id=24e84634-fdfb-4a8b-87b3-8cb3253f4f09] Created FlowFile[2263,93427779600657.mockFlowFile,24B] from FlowFile[2262,93427779600657.mockFlowFile,24B]; routing to relationship simple
[pool-3453-thread-1] INFO org.apache.nifi.processors.standard.RouteText - RouteText[id=24e84634-fdfb-4a8b-87b3-8cb3253f4f09] Routing FlowFile[2262,93427779600657.mockFlowFile,24B] to original
[main] DEBUG org.apache.nifi.processors.standard.RouteText - RouteText[id=24e84634-fdfb-4a8b-87b3-8cb3253f4f09] Adding new dynamic property: PropertyDescriptor[simple]
[pool-3454-thread-1] INFO org.apache.nifi.processors.standard.RouteText - RouteText[id=24e84634-fdfb-4a8b-87b3-8cb3253f4f09] Created FlowFile[2265,93427780125654.mockFlowFile,24B] from FlowFile[2264,93427780125654.mockFlowFile,24B]; routing to relationship simple
[pool-3454-thread-1] INFO org.apache.nifi.processors.standard.RouteText - RouteText[id=24e84634-fdfb-4a8b-87b3-8cb3253f4f09] Routing FlowFile[2264,93427780125654.mockFlowFile,24B] to original
[main] DEBUG org.apache.nifi.processors.standard.RouteText - RouteText[id=24e84634-fdfb-4a8b-87b3-8cb3253f4f09] Adding new dynamic property: PropertyDescriptor[simple]
[pool-3455-thread-1] INFO org.apache.nifi.processors.standard.RouteText - RouteText[id=24e84634-fdfb-4a8b-87b3-8cb3253f4f09] Created FlowFile[2267,93427780643533.mockFlowFile,24B] from FlowFile[2266,93427780643533.mockFlowFile,24B]; routing to relationship simple
[pool-3455-thread-1] INFO org.apache.nifi.processors.standard.RouteText - RouteText[id=24e84634-fdfb-4a8b-87b3-8cb3253f4f09] Routing FlowFile[2266,93427780643533.mockFlowFile,24B] to original
[main] DEBUG org.apache.nifi.processors.standard.RouteText - RouteText[id=24e84634-fdfb-4a8b-87b3-8cb3253f4f09] Adding new dynamic property: PropertyDescriptor[simple]
[pool-3456-thread-1] INFO org.apache.nifi.processors.standard.RouteText - RouteText[id=24e84634-fdfb-4a8b-87b3-8cb3253f4f09] Created FlowFile[2269,93427781164889.mockFlowFile,24B] from FlowFile[2268,93427781164889.mockFlowFile,24B]; routing to relationship simple
[pool-3456-thread-1] INFO org.apache.nifi.processors.standard.RouteText - RouteText[id=24e84634-fdfb-4a8b-87b3-8cb3253f4f09] Routing FlowFile[2268,93427781164889.mockFlowFile,24B] to original
[main] DEBUG org.apache.nifi.processors.standard.RouteText - RouteText[id=24e84634-fdfb-4a8b-87b3-8cb3253f4f09] Adding new dynamic property: PropertyDescriptor[simple]
[pool-3457-thread-1] INFO org.apache.nifi.processors.standard.RouteText - RouteText[id=24e84634-fdfb-4a8b-87b3-8cb3253f4f09] Created FlowFile[2271,93427781770636.mockFlowFile,24B] from FlowFile[2270,93427781770636.mockFlowFile,24B]; routing to relationship simple
[pool-3457-thread-1] INFO org.apache.nifi.processors.standard.RouteText - RouteText[id=24e84634-fdfb-4a8b-87b3-8cb3253f4f09] Routing FlowFile[2270,93427781770636.mockFlowFile,24B] to original
[main] DEBUG org.apache.nifi.processors.standard.RouteText - RouteText[id=24e84634-fdfb-4a8b-87b3-8cb3253f4f09] Adding new dynamic property: PropertyDescriptor[simple]
[pool-3458-thread-1] INFO org.apache.nifi.processors.standard.RouteText - RouteText[id=24e84634-fdfb-4a8b-87b3-8cb3253f4f09] Created FlowFile[2273,93427782360950.mockFlowFile,24B] from FlowFile[2272,93427782360950.mockFlowFile,24B]; routing to relationship simple
[pool-3458-thread-1] INFO org.apache.nifi.processors.standard.RouteText - RouteText[id=24e84634-fdfb-4a8b-87b3-8cb3253f4f09] Routing FlowFile[2272,93427782360950.mockFlowFile,24B] to original
[main] DEBUG org.apache.nifi.processors.standard.RouteText - RouteText[id=24e84634-fdfb-4a8b-87b3-8cb3253f4f09] Adding new dynamic property: PropertyDescriptor[simple]
[pool-3459-thread-1] INFO org.apache.nifi.processors.standard.RouteText - RouteText[id=24e84634-fdfb-4a8b-87b3-8cb3253f4f09] Created FlowFile[2275,93427782853177.mockFlowFile,24B] from FlowFile[2274,93427782853177.mockFlowFile,24B]; routing to relationship simple
[pool-3459-thread-1] INFO org.apache.nifi.processors.standard.RouteText - RouteText[id=24e84634-fdfb-4a8b-87b3-8cb3253f4f09] Routing FlowFile[2274,93427782853177.mockFlowFile,24B] to original
[main] DEBUG org.apache.nifi.processors.standard.RouteText - RouteText[id=24e84634-fdfb-4a8b-87b3-8cb3253f4f09] Adding new dynamic property: PropertyDescriptor[simple]
[pool-3460-thread-1] INFO org.apache.nifi.processors.standard.RouteText - RouteText[id=24e84634-fdfb-4a8b-87b3-8cb3253f4f09] Created FlowFile[2277,93427783404958.mockFlowFile,24B] from FlowFile[2276,93427783404958.mockFlowFile,24B]; routing to relationship simple
[pool-3460-thread-1] INFO org.apache.nifi.processors.standard.RouteText - RouteText[id=24e84634-fdfb-4a8b-87b3-8cb3253f4f09] Routing FlowFile[2276,93427783404958.mockFlowFile,24B] to original
[main] DEBUG org.apache.nifi.processors.standard.RouteText - RouteText[id=24e84634-fdfb-4a8b-87b3-8cb3253f4f09] Adding new dynamic property: PropertyDescriptor[simple]
[pool-3461-thread-1] INFO org.apache.nifi.processors.standard.RouteText - RouteText[id=24e84634-fdfb-4a8b-87b3-8cb3253f4f09] Created FlowFile[2279,93427783940977.mockFlowFile,24B] from FlowFile[2278,93427783940977.mockFlowFile,24B]; routing to relationship simple
[pool-3461-thread-1] INFO org.apache.nifi.processors.standard.RouteText - RouteText[id=24e84634-fdfb-4a8b-87b3-8cb3253f4f09] Routing FlowFile[2278,93427783940977.mockFlowFile,24B] to original
[main] DEBUG org.apache.nifi.processors.standard.RouteText - RouteText[id=24e84634-fdfb-4a8b-87b3-8cb3253f4f09] Adding new dynamic property: PropertyDescriptor[simple]
[pool-3462-thread-1] INFO org.apache.nifi.processors.standard.RouteText - RouteText[id=24e84634-fdfb-4a8b-87b3-8cb3253f4f09] Created FlowFile[2281,93427784541911.mockFlowFile,24B] from FlowFile[2280,93427784541911.mockFlowFile,24B]; routing to relationship simple
[pool-3462-thread-1] INFO org.apache.nifi.processors.standard.RouteText - RouteText[id=24e84634-fdfb-4a8b-87b3-8cb3253f4f09] Routing FlowFile[2280,93427784541911.mockFlowFile,24B] to original
[main] DEBUG org.apache.nifi.processors.standard.RouteText - RouteText[id=24e84634-fdfb-4a8b-87b3-8cb3253f4f09] Adding new dynamic property: PropertyDescriptor[simple]
[pool-3463-thread-1] INFO org.apache.nifi.processors.standard.RouteText - RouteText[id=24e84634-fdfb-4a8b-87b3-8cb3253f4f09] Created FlowFile[2283,93427785136763.mockFlowFile,24B] from FlowFile[2282,93427785136763.mockFlowFile,24B]; routing to relationship simple
[pool-3463-thread-1] INFO org.apache.nifi.processors.standard.RouteText - RouteText[id=24e84634-fdfb-4a8b-87b3-8cb3253f4f09] Routing FlowFile[2282,93427785136763.mockFlowFile,24B] to original
[main] DEBUG org.apache.nifi.processors.standard.RouteText - RouteText[id=24e84634-fdfb-4a8b-87b3-8cb3253f4f09] Adding new dynamic property: PropertyDescriptor[simple]
[pool-3464-thread-1] INFO org.apache.nifi.processors.standard.RouteText - RouteText[id=24e84634-fdfb-4a8b-87b3-8cb3253f4f09] Created FlowFile[2285,93427785726683.mockFlowFile,24B] from FlowFile[2284,93427785726683.mockFlowFile,24B]; routing to relationship simple
[pool-3464-thread-1] INFO org.apache.nifi.processors.standard.RouteText - RouteText[id=24e84634-fdfb-4a8b-87b3-8cb3253f4f09] Routing FlowFile[2284,93427785726683.mockFlowFile,24B] to original
[main] DEBUG org.apache.nifi.processors.standard.RouteText - RouteText[id=24e84634-fdfb-4a8b-87b3-8cb3253f4f09] Adding new dynamic property: PropertyDescriptor[simple]
[pool-3465-thread-1] INFO org.apache.nifi.processors.standard.RouteText - RouteText[id=24e84634-fdfb-4a8b-87b3-8cb3253f4f09] Created FlowFile[2287,93427786297916.mockFlowFile,24B] from FlowFile[2286,93427786297916.mockFlowFile,24B]; routing to relationship simple
[pool-3465-thread-1] INFO org.apache.nifi.processors.standard.RouteText - RouteText[id=24e84634-fdfb-4a8b-87b3-8cb3253f4f09] Routing FlowFile[2286,93427786297916.mockFlowFile,24B] to original
[main] DEBUG org.apache.nifi.processors.standard.RouteText - RouteText[id=24e84634-fdfb-4a8b-87b3-8cb3253f4f09] Adding new dynamic property: PropertyDescriptor[simple]
[pool-3466-thread-1] INFO org.apache.nifi.processors.standard.RouteText - RouteText[id=24e84634-fdfb-4a8b-87b3-8cb3253f4f09] Created FlowFile[2289,93427786749081.mockFlowFile,24B] from FlowFile[2288,93427786749081.mockFlowFile,24B]; routing to relationship simple
[pool-3466-thread-1] INFO org.apache.nifi.processors.standard.RouteText - RouteText[id=24e84634-fdfb-4a8b-87b3-8cb3253f4f09] Routing FlowFile[2288,93427786749081.mockFlowFile,24B] to original
[main] DEBUG org.apache.nifi.processors.standard.RouteText - RouteText[id=24e84634-fdfb-4a8b-87b3-8cb3253f4f09] Adding new dynamic property: PropertyDescriptor[simple]
[pool-3467-thread-1] INFO org.apache.nifi.processors.standard.RouteText - RouteText[id=24e84634-fdfb-4a8b-87b3-8cb3253f4f09] Created FlowFile[2291,93427787192166.mockFlowFile,24B] from FlowFile[2290,93427787192166.mockFlowFile,24B]; routing to relationship simple
[pool-3467-thread-1] INFO org.apache.nifi.processors.standard.RouteText - RouteText[id=24e84634-fdfb-4a8b-87b3-8cb3253f4f09] Routing FlowFile[2290,93427787192166.mockFlowFile,24B] to original
[main] DEBUG org.apache.nifi.processors.standard.RouteText - RouteText[id=24e84634-fdfb-4a8b-87b3-8cb3253f4f09] Adding new dynamic property: PropertyDescriptor[simple]
[pool-3468-thread-1] INFO org.apache.nifi.processors.standard.RouteText - RouteText[id=24e84634-fdfb-4a8b-87b3-8cb3253f4f09] Created FlowFile[2293,93427787759968.mockFlowFile,24B] from FlowFile[2292,93427787759968.mockFlowFile,24B]; routing to relationship simple
[pool-3468-thread-1] INFO org.apache.nifi.processors.standard.RouteText - RouteText[id=24e84634-fdfb-4a8b-87b3-8cb3253f4f09] Routing FlowFile[2292,93427787759968.mockFlowFile,24B] to original
[main] DEBUG org.apache.nifi.processors.standard.RouteText - RouteText[id=24e84634-fdfb-4a8b-87b3-8cb3253f4f09] Adding new dynamic property: PropertyDescriptor[simple]
[pool-3469-thread-1] INFO org.apache.nifi.processors.standard.RouteText - RouteText[id=24e84634-fdfb-4a8b-87b3-8cb3253f4f09] Created FlowFile[2295,93427788230751.mockFlowFile,24B] from FlowFile[2294,93427788230751.mockFlowFile,24B]; routing to relationship simple
[pool-3469-thread-1] INFO org.apache.nifi.processors.standard.RouteText - RouteText[id=24e84634-fdfb-4a8b-87b3-8cb3253f4f09] Routing FlowFile[2294,93427788230751.mockFlowFile,24B] to original
[main] DEBUG org.apache.nifi.processors.standard.RouteText - RouteText[id=24e84634-fdfb-4a8b-87b3-8cb3253f4f09] Adding new dynamic property: PropertyDescriptor[simple]
[pool-3470-thread-1] INFO org.apache.nifi.processors.standard.RouteText - RouteText[id=24e84634-fdfb-4a8b-87b3-8cb3253f4f09] Created FlowFile[2297,93427788762127.mockFlowFile,24B] from FlowFile[2296,93427788762127.mockFlowFile,24B]; routing to relationship simple
[pool-3470-thread-1] INFO org.apache.nifi.processors.standard.RouteText - RouteText[id=24e84634-fdfb-4a8b-87b3-8cb3253f4f09] Routing FlowFile[2296,93427788762127.mockFlowFile,24B] to original
[main] DEBUG org.apache.nifi.processors.standard.RouteText - RouteText[id=24e84634-fdfb-4a8b-87b3-8cb3253f4f09] Adding new dynamic property: PropertyDescriptor[simple]
[pool-3471-thread-1] INFO org.apache.nifi.processors.standard.RouteText - RouteText[id=24e84634-fdfb-4a8b-87b3-8cb3253f4f09] Created FlowFile[2299,93427789288143.mockFlowFile,24B] from FlowFile[2298,93427789288143.mockFlowFile,24B]; routing to relationship simple
[pool-3471-thread-1] INFO org.apache.nifi.processors.standard.RouteText - RouteText[id=24e84634-fdfb-4a8b-87b3-8cb3253f4f09] Routing FlowFile[2298,93427789288143.mockFlowFile,24B] to original
[main] DEBUG org.apache.nifi.processors.standard.RouteText - RouteText[id=24e84634-fdfb-4a8b-87b3-8cb3253f4f09] Adding new dynamic property: PropertyDescriptor[simple]
[pool-3472-thread-1] INFO org.apache.nifi.processors.standard.RouteText - RouteText[id=24e84634-fdfb-4a8b-87b3-8cb3253f4f09] Created FlowFile[2301,93427789949657.mockFlowFile,24B] from FlowFile[2300,93427789949657.mockFlowFile,24B]; routing to relationship simple
[pool-3472-thread-1] INFO org.apache.nifi.processors.standard.RouteText - RouteText[id=24e84634-fdfb-4a8b-87b3-8cb3253f4f09] Routing FlowFile[2300,93427789949657.mockFlowFile,24B] to original
[main] DEBUG org.apache.nifi.processors.standard.RouteText - RouteText[id=24e84634-fdfb-4a8b-87b3-8cb3253f4f09] Adding new dynamic property: PropertyDescriptor[simple]
[pool-3473-thread-1] INFO org.apache.nifi.processors.standard.RouteText - RouteText[id=24e84634-fdfb-4a8b-87b3-8cb3253f4f09] Created FlowFile[2303,93427790900709.mockFlowFile,24B] from FlowFile[2302,93427790900709.mockFlowFile,24B]; routing to relationship simple
[pool-3473-thread-1] INFO org.apache.nifi.processors.standard.RouteText - RouteText[id=24e84634-fdfb-4a8b-87b3-8cb3253f4f09] Routing FlowFile[2302,93427790900709.mockFlowFile,24B] to original
[main] DEBUG org.apache.nifi.processors.standard.RouteText - RouteText[id=24e84634-fdfb-4a8b-87b3-8cb3253f4f09] Adding new dynamic property: PropertyDescriptor[simple]
[pool-3474-thread-1] INFO org.apache.nifi.processors.standard.RouteText - RouteText[id=24e84634-fdfb-4a8b-87b3-8cb3253f4f09] Created FlowFile[2305,93427791864794.mockFlowFile,24B] from FlowFile[2304,93427791864794.mockFlowFile,24B]; routing to relationship simple
[pool-3474-thread-1] INFO org.apache.nifi.processors.standard.RouteText - RouteText[id=24e84634-fdfb-4a8b-87b3-8cb3253f4f09] Routing FlowFile[2304,93427791864794.mockFlowFile,24B] to original
[main] DEBUG org.apache.nifi.processors.standard.RouteText - RouteText[id=24e84634-fdfb-4a8b-87b3-8cb3253f4f09] Adding new dynamic property: PropertyDescriptor[simple]
[pool-3475-thread-1] INFO org.apache.nifi.processors.standard.RouteText - RouteText[id=24e84634-fdfb-4a8b-87b3-8cb3253f4f09] Created FlowFile[2307,93427792598919.mockFlowFile,24B] from FlowFile[2306,93427792598919.mockFlowFile,24B]; routing to relationship simple
[pool-3475-thread-1] INFO org.apache.nifi.processors.standard.RouteText - RouteText[id=24e84634-fdfb-4a8b-87b3-8cb3253f4f09] Routing FlowFile[2306,93427792598919.mockFlowFile,24B] to original
[main] DEBUG org.apache.nifi.processors.standard.RouteText - RouteText[id=24e84634-fdfb-4a8b-87b3-8cb3253f4f09] Adding new dynamic property: PropertyDescriptor[simple]
[pool-3476-thread-1] INFO org.apache.nifi.processors.standard.RouteText - RouteText[id=24e84634-fdfb-4a8b-87b3-8cb3253f4f09] Created FlowFile[2309,93427793163203.mockFlowFile,24B] from FlowFile[2308,93427793163203.mockFlowFile,24B]; routing to relationship simple
[pool-3476-thread-1] INFO org.apache.nifi.processors.standard.RouteText - RouteText[id=24e84634-fdfb-4a8b-87b3-8cb3253f4f09] Routing FlowFile[2308,93427793163203.mockFlowFile,24B] to original
[main] DEBUG org.apache.nifi.processors.standard.RouteText - RouteText[id=24e84634-fdfb-4a8b-87b3-8cb3253f4f09] Adding new dynamic property: PropertyDescriptor[simple]
[pool-3477-thread-1] INFO org.apache.nifi.processors.standard.RouteText - RouteText[id=24e84634-fdfb-4a8b-87b3-8cb3253f4f09] Created FlowFile[2311,93427793635004.mockFlowFile,24B] from FlowFile[2310,93427793635004.mockFlowFile,24B]; routing to relationship simple
[pool-3477-thread-1] INFO org.apache.nifi.processors.standard.RouteText - RouteText[id=24e84634-fdfb-4a8b-87b3-8cb3253f4f09] Routing FlowFile[2310,93427793635004.mockFlowFile,24B] to original
[main] DEBUG org.apache.nifi.processors.standard.RouteText - RouteText[id=24e84634-fdfb-4a8b-87b3-8cb3253f4f09] Adding new dynamic property: PropertyDescriptor[simple]
[pool-3478-thread-1] INFO org.apache.nifi.processors.standard.RouteText - RouteText[id=24e84634-fdfb-4a8b-87b3-8cb3253f4f09] Created FlowFile[2313,93427794095860.mockFlowFile,24B] from FlowFile[2312,93427794095860.mockFlowFile,24B]; routing to relationship simple
[pool-3478-thread-1] INFO org.apache.nifi.processors.standard.RouteText - RouteText[id=24e84634-fdfb-4a8b-87b3-8cb3253f4f09] Routing FlowFile[2312,93427794095860.mockFlowFile,24B] to original
[main] DEBUG org.apache.nifi.processors.standard.RouteText - RouteText[id=24e84634-fdfb-4a8b-87b3-8cb3253f4f09] Adding new dynamic property: PropertyDescriptor[simple]
[pool-3479-thread-1] INFO org.apache.nifi.processors.standard.RouteText - RouteText[id=24e84634-fdfb-4a8b-87b3-8cb3253f4f09] Created FlowFile[2315,93427794547663.mockFlowFile,24B] from FlowFile[2314,93427794547663.mockFlowFile,24B]; routing to relationship simple
[pool-3479-thread-1] INFO org.apache.nifi.processors.standard.RouteText - RouteText[id=24e84634-fdfb-4a8b-87b3-8cb3253f4f09] Routing FlowFile[2314,93427794547663.mockFlowFile,24B] to original
[main] DEBUG org.apache.nifi.processors.standard.RouteText - RouteText[id=24e84634-fdfb-4a8b-87b3-8cb3253f4f09] Adding new dynamic property: PropertyDescriptor[simple]
[pool-3480-thread-1] INFO org.apache.nifi.processors.standard.RouteText - RouteText[id=24e84634-fdfb-4a8b-87b3-8cb3253f4f09] Created FlowFile[2317,93427794985454.mockFlowFile,24B] from FlowFile[2316,93427794985454.mockFlowFile,24B]; routing to relationship simple
[pool-3480-thread-1] INFO org.apache.nifi.processors.standard.RouteText - RouteText[id=24e84634-fdfb-4a8b-87b3-8cb3253f4f09] Routing FlowFile[2316,93427794985454.mockFlowFile,24B] to original
[main] DEBUG org.apache.nifi.processors.standard.RouteText - RouteText[id=24e84634-fdfb-4a8b-87b3-8cb3253f4f09] Adding new dynamic property: PropertyDescriptor[simple]
[pool-3481-thread-1] INFO org.apache.nifi.processors.standard.RouteText - RouteText[id=24e84634-fdfb-4a8b-87b3-8cb3253f4f09] Created FlowFile[2319,93427795477446.mockFlowFile,24B] from FlowFile[2318,93427795477446.mockFlowFile,24B]; routing to relationship simple
[pool-3481-thread-1] INFO org.apache.nifi.processors.standard.RouteText - RouteText[id=24e84634-fdfb-4a8b-87b3-8cb3253f4f09] Routing FlowFile[2318,93427795477446.mockFlowFile,24B] to original
[main] DEBUG org.apache.nifi.processors.standard.RouteText - RouteText[id=24e84634-fdfb-4a8b-87b3-8cb3253f4f09] Adding new dynamic property: PropertyDescriptor[simple]
[pool-3482-thread-1] INFO org.apache.nifi.processors.standard.RouteText - RouteText[id=24e84634-fdfb-4a8b-87b3-8cb3253f4f09] Created FlowFile[2321,93427795906736.mockFlowFile,24B] from FlowFile[2320,93427795906736.mockFlowFile,24B]; routing to relationship simple
[pool-3482-thread-1] INFO org.apache.nifi.processors.standard.RouteText - RouteText[id=24e84634-fdfb-4a8b-87b3-8cb3253f4f09] Routing FlowFile[2320,93427795906736.mockFlowFile,24B] to original
[main] DEBUG org.apache.nifi.processors.standard.RouteText - RouteText[id=24e84634-fdfb-4a8b-87b3-8cb3253f4f09] Adding new dynamic property: PropertyDescriptor[simple]
[pool-3483-thread-1] INFO org.apache.nifi.processors.standard.RouteText - RouteText[id=24e84634-fdfb-4a8b-87b3-8cb3253f4f09] Created FlowFile[2323,93427796471636.mockFlowFile,24B] from FlowFile[2322,93427796471636.mockFlowFile,24B]; routing to relationship simple
[pool-3483-thread-1] INFO org.apache.nifi.processors.standard.RouteText - RouteText[id=24e84634-fdfb-4a8b-87b3-8cb3253f4f09] Routing FlowFile[2322,93427796471636.mockFlowFile,24B] to original
[main] DEBUG org.apache.nifi.processors.standard.RouteText - RouteText[id=24e84634-fdfb-4a8b-87b3-8cb3253f4f09] Adding new dynamic property: PropertyDescriptor[simple]
[pool-3484-thread-1] INFO org.apache.nifi.processors.standard.RouteText - RouteText[id=24e84634-fdfb-4a8b-87b3-8cb3253f4f09] Created FlowFile[2325,93427797012830.mockFlowFile,24B] from FlowFile[2324,93427797012830.mockFlowFile,24B]; routing to relationship simple
[pool-3484-thread-1] INFO org.apache.nifi.processors.standard.RouteText - RouteText[id=24e84634-fdfb-4a8b-87b3-8cb3253f4f09] Routing FlowFile[2324,93427797012830.mockFlowFile,24B] to original
[main] DEBUG org.apache.nifi.processors.standard.RouteText - RouteText[id=24e84634-fdfb-4a8b-87b3-8cb3253f4f09] Adding new dynamic property: PropertyDescriptor[simple]
[pool-3485-thread-1] INFO org.apache.nifi.processors.standard.RouteText - RouteText[id=24e84634-fdfb-4a8b-87b3-8cb3253f4f09] Created FlowFile[2327,93427797534665.mockFlowFile,24B] from FlowFile[2326,93427797534665.mockFlowFile,24B]; routing to relationship simple
[pool-3485-thread-1] INFO org.apache.nifi.processors.standard.RouteText - RouteText[id=24e84634-fdfb-4a8b-87b3-8cb3253f4f09] Routing FlowFile[2326,93427797534665.mockFlowFile,24B] to original
[main] DEBUG org.apache.nifi.processors.standard.RouteText - RouteText[id=24e84634-fdfb-4a8b-87b3-8cb3253f4f09] Adding new dynamic property: PropertyDescriptor[simple]
[pool-3486-thread-1] INFO org.apache.nifi.processors.standard.RouteText - RouteText[id=24e84634-fdfb-4a8b-87b3-8cb3253f4f09] Created FlowFile[2329,93427798011451.mockFlowFile,24B] from FlowFile[2328,93427798011451.mockFlowFile,24B]; routing to relationship simple
[pool-3486-thread-1] INFO org.apache.nifi.processors.standard.RouteText - RouteText[id=24e84634-fdfb-4a8b-87b3-8cb3253f4f09] Routing FlowFile[2328,93427798011451.mockFlowFile,24B] to original
[main] DEBUG org.apache.nifi.processors.standard.RouteText - RouteText[id=24e84634-fdfb-4a8b-87b3-8cb3253f4f09] Adding new dynamic property: PropertyDescriptor[simple]
[pool-3487-thread-1] INFO org.apache.nifi.processors.standard.RouteText - RouteText[id=24e84634-fdfb-4a8b-87b3-8cb3253f4f09] Created FlowFile[2331,93427798433071.mockFlowFile,24B] from FlowFile[2330,93427798433071.mockFlowFile,24B]; routing to relationship simple
[pool-3487-thread-1] INFO org.apache.nifi.processors.standard.RouteText - RouteText[id=24e84634-fdfb-4a8b-87b3-8cb3253f4f09] Routing FlowFile[2330,93427798433071.mockFlowFile,24B] to original
[main] DEBUG org.apache.nifi.processors.standard.RouteText - RouteText[id=24e84634-fdfb-4a8b-87b3-8cb3253f4f09] Adding new dynamic property: PropertyDescriptor[simple]
[pool-3488-thread-1] INFO org.apache.nifi.processors.standard.RouteText - RouteText[id=24e84634-fdfb-4a8b-87b3-8cb3253f4f09] Created FlowFile[2333,93427798875980.mockFlowFile,24B] from FlowFile[2332,93427798875980.mockFlowFile,24B]; routing to relationship simple
[pool-3488-thread-1] INFO org.apache.nifi.processors.standard.RouteText - RouteText[id=24e84634-fdfb-4a8b-87b3-8cb3253f4f09] Routing FlowFile[2332,93427798875980.mockFlowFile,24B] to original
[main] DEBUG org.apache.nifi.processors.standard.RouteText - RouteText[id=24e84634-fdfb-4a8b-87b3-8cb3253f4f09] Adding new dynamic property: PropertyDescriptor[simple]
[pool-3489-thread-1] INFO org.apache.nifi.processors.standard.RouteText - RouteText[id=24e84634-fdfb-4a8b-87b3-8cb3253f4f09] Created FlowFile[2335,93427799353568.mockFlowFile,24B] from FlowFile[2334,93427799353568.mockFlowFile,24B]; routing to relationship simple
[pool-3489-thread-1] INFO org.apache.nifi.processors.standard.RouteText - RouteText[id=24e84634-fdfb-4a8b-87b3-8cb3253f4f09] Routing FlowFile[2334,93427799353568.mockFlowFile,24B] to original
[main] DEBUG org.apache.nifi.processors.standard.RouteText - RouteText[id=24e84634-fdfb-4a8b-87b3-8cb3253f4f09] Adding new dynamic property: PropertyDescriptor[simple]
[pool-3490-thread-1] INFO org.apache.nifi.processors.standard.RouteText - RouteText[id=24e84634-fdfb-4a8b-87b3-8cb3253f4f09] Created FlowFile[2337,93427799790112.mockFlowFile,24B] from FlowFile[2336,93427799790112.mockFlowFile,24B]; routing to relationship simple
[pool-3490-thread-1] INFO org.apache.nifi.processors.standard.RouteText - RouteText[id=24e84634-fdfb-4a8b-87b3-8cb3253f4f09] Routing FlowFile[2336,93427799790112.mockFlowFile,24B] to original
[main] DEBUG org.apache.nifi.processors.standard.RouteText - RouteText[id=24e84634-fdfb-4a8b-87b3-8cb3253f4f09] Adding new dynamic property: PropertyDescriptor[simple]
[pool-3491-thread-1] INFO org.apache.nifi.processors.standard.RouteText - RouteText[id=24e84634-fdfb-4a8b-87b3-8cb3253f4f09] Created FlowFile[2339,93427800256423.mockFlowFile,24B] from FlowFile[2338,93427800256423.mockFlowFile,24B]; routing to relationship simple
[pool-3491-thread-1] INFO org.apache.nifi.processors.standard.RouteText - RouteText[id=24e84634-fdfb-4a8b-87b3-8cb3253f4f09] Routing FlowFile[2338,93427800256423.mockFlowFile,24B] to original
[main] DEBUG org.apache.nifi.processors.standard.RouteText - RouteText[id=24e84634-fdfb-4a8b-87b3-8cb3253f4f09] Adding new dynamic property: PropertyDescriptor[simple]
[pool-3492-thread-1] INFO org.apache.nifi.processors.standard.RouteText - RouteText[id=24e84634-fdfb-4a8b-87b3-8cb3253f4f09] Created FlowFile[2341,93427800661816.mockFlowFile,24B] from FlowFile[2340,93427800661816.mockFlowFile,24B]; routing to relationship simple
[pool-3492-thread-1] INFO org.apache.nifi.processors.standard.RouteText - RouteText[id=24e84634-fdfb-4a8b-87b3-8cb3253f4f09] Routing FlowFile[2340,93427800661816.mockFlowFile,24B] to original
[main] DEBUG org.apache.nifi.processors.standard.RouteText - RouteText[id=24e84634-fdfb-4a8b-87b3-8cb3253f4f09] Adding new dynamic property: PropertyDescriptor[simple]
[pool-3493-thread-1] INFO org.apache.nifi.processors.standard.RouteText - RouteText[id=24e84634-fdfb-4a8b-87b3-8cb3253f4f09] Created FlowFile[2343,93427801126559.mockFlowFile,24B] from FlowFile[2342,93427801126559.mockFlowFile,24B]; routing to relationship simple
[pool-3493-thread-1] INFO org.apache.nifi.processors.standard.RouteText - RouteText[id=24e84634-fdfb-4a8b-87b3-8cb3253f4f09] Routing FlowFile[2342,93427801126559.mockFlowFile,24B] to original
[main] DEBUG org.apache.nifi.processors.standard.RouteText - RouteText[id=24e84634-fdfb-4a8b-87b3-8cb3253f4f09] Adding new dynamic property: PropertyDescriptor[simple]
[pool-3494-thread-1] INFO org.apache.nifi.processors.standard.RouteText - RouteText[id=24e84634-fdfb-4a8b-87b3-8cb3253f4f09] Created FlowFile[2345,93427801569423.mockFlowFile,24B] from FlowFile[2344,93427801569423.mockFlowFile,24B]; routing to relationship simple
[pool-3494-thread-1] INFO org.apache.nifi.processors.standard.RouteText - RouteText[id=24e84634-fdfb-4a8b-87b3-8cb3253f4f09] Routing FlowFile[2344,93427801569423.mockFlowFile,24B] to original
[main] DEBUG org.apache.nifi.processors.standard.RouteText - RouteText[id=24e84634-fdfb-4a8b-87b3-8cb3253f4f09] Adding new dynamic property: PropertyDescriptor[simple]
[pool-3495-thread-1] INFO org.apache.nifi.processors.standard.RouteText - RouteText[id=24e84634-fdfb-4a8b-87b3-8cb3253f4f09] Created FlowFile[2347,93427801983460.mockFlowFile,24B] from FlowFile[2346,93427801983460.mockFlowFile,24B]; routing to relationship simple
[pool-3495-thread-1] INFO org.apache.nifi.processors.standard.RouteText - RouteText[id=24e84634-fdfb-4a8b-87b3-8cb3253f4f09] Routing FlowFile[2346,93427801983460.mockFlowFile,24B] to original
[main] DEBUG org.apache.nifi.processors.standard.RouteText - RouteText[id=24e84634-fdfb-4a8b-87b3-8cb3253f4f09] Adding new dynamic property: PropertyDescriptor[simple]
[pool-3496-thread-1] INFO org.apache.nifi.processors.standard.RouteText - RouteText[id=24e84634-fdfb-4a8b-87b3-8cb3253f4f09] Created FlowFile[2349,93427802400099.mockFlowFile,24B] from FlowFile[2348,93427802400099.mockFlowFile,24B]; routing to relationship simple
[pool-3496-thread-1] INFO org.apache.nifi.processors.standard.RouteText - RouteText[id=24e84634-fdfb-4a8b-87b3-8cb3253f4f09] Routing FlowFile[2348,93427802400099.mockFlowFile,24B] to original
[main] DEBUG org.apache.nifi.processors.standard.RouteText - RouteText[id=24e84634-fdfb-4a8b-87b3-8cb3253f4f09] Adding new dynamic property: PropertyDescriptor[simple]
[pool-3497-thread-1] INFO org.apache.nifi.processors.standard.RouteText - RouteText[id=24e84634-fdfb-4a8b-87b3-8cb3253f4f09] Created FlowFile[2351,93427802830217.mockFlowFile,24B] from FlowFile[2350,93427802830217.mockFlowFile,24B]; routing to relationship simple
[pool-3497-thread-1] INFO org.apache.nifi.processors.standard.RouteText - RouteText[id=24e84634-fdfb-4a8b-87b3-8cb3253f4f09] Routing FlowFile[2350,93427802830217.mockFlowFile,24B] to original
[main] DEBUG org.apache.nifi.processors.standard.RouteText - RouteText[id=24e84634-fdfb-4a8b-87b3-8cb3253f4f09] Adding new dynamic property: PropertyDescriptor[simple]
[pool-3498-thread-1] INFO org.apache.nifi.processors.standard.RouteText - RouteText[id=24e84634-fdfb-4a8b-87b3-8cb3253f4f09] Created FlowFile[2353,93427803240972.mockFlowFile,24B] from FlowFile[2352,93427803240972.mockFlowFile,24B]; routing to relationship simple
[pool-3498-thread-1] INFO org.apache.nifi.processors.standard.RouteText - RouteText[id=24e84634-fdfb-4a8b-87b3-8cb3253f4f09] Routing FlowFile[2352,93427803240972.mockFlowFile,24B] to original
[main] DEBUG org.apache.nifi.processors.standard.RouteText - RouteText[id=24e84634-fdfb-4a8b-87b3-8cb3253f4f09] Adding new dynamic property: PropertyDescriptor[simple]
[pool-3499-thread-1] INFO org.apache.nifi.processors.standard.RouteText - RouteText[id=24e84634-fdfb-4a8b-87b3-8cb3253f4f09] Created FlowFile[2355,93427803684360.mockFlowFile,24B] from FlowFile[2354,93427803684360.mockFlowFile,24B]; routing to relationship simple
[pool-3499-thread-1] INFO org.apache.nifi.processors.standard.RouteText - RouteText[id=24e84634-fdfb-4a8b-87b3-8cb3253f4f09] Routing FlowFile[2354,93427803684360.mockFlowFile,24B] to original
[main] DEBUG org.apache.nifi.processors.standard.RouteText - RouteText[id=24e84634-fdfb-4a8b-87b3-8cb3253f4f09] Adding new dynamic property: PropertyDescriptor[simple]
[pool-3500-thread-1] INFO org.apache.nifi.processors.standard.RouteText - RouteText[id=24e84634-fdfb-4a8b-87b3-8cb3253f4f09] Created FlowFile[2357,93427804143425.mockFlowFile,24B] from FlowFile[2356,93427804143425.mockFlowFile,24B]; routing to relationship simple
[pool-3500-thread-1] INFO org.apache.nifi.processors.standard.RouteText - RouteText[id=24e84634-fdfb-4a8b-87b3-8cb3253f4f09] Routing FlowFile[2356,93427804143425.mockFlowFile,24B] to original
[main] DEBUG org.apache.nifi.processors.standard.RouteText - RouteText[id=24e84634-fdfb-4a8b-87b3-8cb3253f4f09] Adding new dynamic property: PropertyDescriptor[simple]
[pool-3501-thread-1] INFO org.apache.nifi.processors.standard.RouteText - RouteText[id=24e84634-fdfb-4a8b-87b3-8cb3253f4f09] Created FlowFile[2359,93427804620333.mockFlowFile,24B] from FlowFile[2358,93427804620333.mockFlowFile,24B]; routing to relationship simple
[pool-3501-thread-1] INFO org.apache.nifi.processors.standard.RouteText - RouteText[id=24e84634-fdfb-4a8b-87b3-8cb3253f4f09] Routing FlowFile[2358,93427804620333.mockFlowFile,24B] to original
[main] DEBUG org.apache.nifi.processors.standard.RouteText - RouteText[id=24e84634-fdfb-4a8b-87b3-8cb3253f4f09] Adding new dynamic property: PropertyDescriptor[simple]
[pool-3502-thread-1] INFO org.apache.nifi.processors.standard.RouteText - RouteText[id=24e84634-fdfb-4a8b-87b3-8cb3253f4f09] Created FlowFile[2361,93427805194534.mockFlowFile,24B] from FlowFile[2360,93427805194534.mockFlowFile,24B]; routing to relationship simple
[pool-3502-thread-1] INFO org.apache.nifi.processors.standard.RouteText - RouteText[id=24e84634-fdfb-4a8b-87b3-8cb3253f4f09] Routing FlowFile[2360,93427805194534.mockFlowFile,24B] to original
[main] DEBUG org.apache.nifi.processors.standard.RouteText - RouteText[id=24e84634-fdfb-4a8b-87b3-8cb3253f4f09] Adding new dynamic property: PropertyDescriptor[simple]
[pool-3503-thread-1] INFO org.apache.nifi.processors.standard.RouteText - RouteText[id=24e84634-fdfb-4a8b-87b3-8cb3253f4f09] Created FlowFile[2363,93427805676853.mockFlowFile,24B] from FlowFile[2362,93427805676853.mockFlowFile,24B]; routing to relationship simple
[pool-3503-thread-1] INFO org.apache.nifi.processors.standard.RouteText - RouteText[id=24e84634-fdfb-4a8b-87b3-8cb3253f4f09] Routing FlowFile[2362,93427805676853.mockFlowFile,24B] to original
[main] DEBUG org.apache.nifi.processors.standard.RouteText - RouteText[id=24e84634-fdfb-4a8b-87b3-8cb3253f4f09] Adding new dynamic property: PropertyDescriptor[simple]
[pool-3504-thread-1] INFO org.apache.nifi.processors.standard.RouteText - RouteText[id=24e84634-fdfb-4a8b-87b3-8cb3253f4f09] Created FlowFile[2365,93427806103982.mockFlowFile,24B] from FlowFile[2364,93427806103982.mockFlowFile,24B]; routing to relationship simple
[pool-3504-thread-1] INFO org.apache.nifi.processors.standard.RouteText - RouteText[id=24e84634-fdfb-4a8b-87b3-8cb3253f4f09] Routing FlowFile[2364,93427806103982.mockFlowFile,24B] to original
[main] DEBUG org.apache.nifi.processors.standard.RouteText - RouteText[id=24e84634-fdfb-4a8b-87b3-8cb3253f4f09] Adding new dynamic property: PropertyDescriptor[simple]
[pool-3505-thread-1] INFO org.apache.nifi.processors.standard.RouteText - RouteText[id=24e84634-fdfb-4a8b-87b3-8cb3253f4f09] Created FlowFile[2367,93427806523137.mockFlowFile,24B] from FlowFile[2366,93427806523137.mockFlowFile,24B]; routing to relationship simple
[pool-3505-thread-1] INFO org.apache.nifi.processors.standard.RouteText - RouteText[id=24e84634-fdfb-4a8b-87b3-8cb3253f4f09] Routing FlowFile[2366,93427806523137.mockFlowFile,24B] to original
[main] DEBUG org.apache.nifi.processors.standard.RouteText - RouteText[id=24e84634-fdfb-4a8b-87b3-8cb3253f4f09] Adding new dynamic property: PropertyDescriptor[simple]
[pool-3506-thread-1] INFO org.apache.nifi.processors.standard.RouteText - RouteText[id=24e84634-fdfb-4a8b-87b3-8cb3253f4f09] Created FlowFile[2369,93427806950647.mockFlowFile,24B] from FlowFile[2368,93427806950647.mockFlowFile,24B]; routing to relationship simple
[pool-3506-thread-1] INFO org.apache.nifi.processors.standard.RouteText - RouteText[id=24e84634-fdfb-4a8b-87b3-8cb3253f4f09] Routing FlowFile[2368,93427806950647.mockFlowFile,24B] to original
[main] DEBUG org.apache.nifi.processors.standard.RouteText - RouteText[id=24e84634-fdfb-4a8b-87b3-8cb3253f4f09] Adding new dynamic property: PropertyDescriptor[simple]
[pool-3507-thread-1] INFO org.apache.nifi.processors.standard.RouteText - RouteText[id=24e84634-fdfb-4a8b-87b3-8cb3253f4f09] Created FlowFile[2371,93427807379908.mockFlowFile,24B] from FlowFile[2370,93427807379908.mockFlowFile,24B]; routing to relationship simple
[pool-3507-thread-1] INFO org.apache.nifi.processors.standard.RouteText - RouteText[id=24e84634-fdfb-4a8b-87b3-8cb3253f4f09] Routing FlowFile[2370,93427807379908.mockFlowFile,24B] to original
[main] DEBUG org.apache.nifi.processors.standard.RouteText - RouteText[id=24e84634-fdfb-4a8b-87b3-8cb3253f4f09] Adding new dynamic property: PropertyDescriptor[simple]
[pool-3508-thread-1] INFO org.apache.nifi.processors.standard.RouteText - RouteText[id=24e84634-fdfb-4a8b-87b3-8cb3253f4f09] Created FlowFile[2373,93427807849038.mockFlowFile,24B] from FlowFile[2372,93427807849038.mockFlowFile,24B]; routing to relationship simple
[pool-3508-thread-1] INFO org.apache.nifi.processors.standard.RouteText - RouteText[id=24e84634-fdfb-4a8b-87b3-8cb3253f4f09] Routing FlowFile[2372,93427807849038.mockFlowFile,24B] to original
[main] DEBUG org.apache.nifi.processors.standard.RouteText - RouteText[id=24e84634-fdfb-4a8b-87b3-8cb3253f4f09] Adding new dynamic property: PropertyDescriptor[simple]
[pool-3509-thread-1] INFO org.apache.nifi.processors.standard.RouteText - RouteText[id=24e84634-fdfb-4a8b-87b3-8cb3253f4f09] Created FlowFile[2375,93427808307563.mockFlowFile,24B] from FlowFile[2374,93427808307563.mockFlowFile,24B]; routing to relationship simple
[pool-3509-thread-1] INFO org.apache.nifi.processors.standard.RouteText - RouteText[id=24e84634-fdfb-4a8b-87b3-8cb3253f4f09] Routing FlowFile[2374,93427808307563.mockFlowFile,24B] to original
[main] DEBUG org.apache.nifi.processors.standard.RouteText - RouteText[id=24e84634-fdfb-4a8b-87b3-8cb3253f4f09] Adding new dynamic property: PropertyDescriptor[simple]
[pool-3510-thread-1] INFO org.apache.nifi.processors.standard.RouteText - RouteText[id=24e84634-fdfb-4a8b-87b3-8cb3253f4f09] Created FlowFile[2377,93427808801450.mockFlowFile,24B] from FlowFile[2376,93427808801450.mockFlowFile,24B]; routing to relationship simple
[pool-3510-thread-1] INFO org.apache.nifi.processors.standard.RouteText - RouteText[id=24e84634-fdfb-4a8b-87b3-8cb3253f4f09] Routing FlowFile[2376,93427808801450.mockFlowFile,24B] to original
[main] DEBUG org.apache.nifi.processors.standard.RouteText - RouteText[id=24e84634-fdfb-4a8b-87b3-8cb3253f4f09] Adding new dynamic property: PropertyDescriptor[simple]
[pool-3511-thread-1] INFO org.apache.nifi.processors.standard.RouteText - RouteText[id=24e84634-fdfb-4a8b-87b3-8cb3253f4f09] Created FlowFile[2379,93427809258317.mockFlowFile,24B] from FlowFile[2378,93427809258317.mockFlowFile,24B]; routing to relationship simple
[pool-3511-thread-1] INFO org.apache.nifi.processors.standard.RouteText - RouteText[id=24e84634-fdfb-4a8b-87b3-8cb3253f4f09] Routing FlowFile[2378,93427809258317.mockFlowFile,24B] to original
[main] DEBUG org.apache.nifi.processors.standard.RouteText - RouteText[id=24e84634-fdfb-4a8b-87b3-8cb3253f4f09] Adding new dynamic property: PropertyDescriptor[simple]
[pool-3512-thread-1] INFO org.apache.nifi.processors.standard.RouteText - RouteText[id=24e84634-fdfb-4a8b-87b3-8cb3253f4f09] Created FlowFile[2381,93427809709961.mockFlowFile,24B] from FlowFile[2380,93427809709961.mockFlowFile,24B]; routing to relationship simple
[pool-3512-thread-1] INFO org.apache.nifi.processors.standard.RouteText - RouteText[id=24e84634-fdfb-4a8b-87b3-8cb3253f4f09] Routing FlowFile[2380,93427809709961.mockFlowFile,24B] to original
[main] DEBUG org.apache.nifi.processors.standard.RouteText - RouteText[id=24e84634-fdfb-4a8b-87b3-8cb3253f4f09] Adding new dynamic property: PropertyDescriptor[simple]
[pool-3513-thread-1] INFO org.apache.nifi.processors.standard.RouteText - RouteText[id=24e84634-fdfb-4a8b-87b3-8cb3253f4f09] Created FlowFile[2383,93427810155966.mockFlowFile,24B] from FlowFile[2382,93427810155966.mockFlowFile,24B]; routing to relationship simple
[pool-3513-thread-1] INFO org.apache.nifi.processors.standard.RouteText - RouteText[id=24e84634-fdfb-4a8b-87b3-8cb3253f4f09] Routing FlowFile[2382,93427810155966.mockFlowFile,24B] to original
[main] DEBUG org.apache.nifi.processors.standard.RouteText - RouteText[id=24e84634-fdfb-4a8b-87b3-8cb3253f4f09] Adding new dynamic property: PropertyDescriptor[simple]
[pool-3514-thread-1] INFO org.apache.nifi.processors.standard.RouteText - RouteText[id=24e84634-fdfb-4a8b-87b3-8cb3253f4f09] Created FlowFile[2385,93427810615708.mockFlowFile,24B] from FlowFile[2384,93427810615708.mockFlowFile,24B]; routing to relationship simple
[pool-3514-thread-1] INFO org.apache.nifi.processors.standard.RouteText - RouteText[id=24e84634-fdfb-4a8b-87b3-8cb3253f4f09] Routing FlowFile[2384,93427810615708.mockFlowFile,24B] to original
[main] DEBUG org.apache.nifi.processors.standard.RouteText - RouteText[id=24e84634-fdfb-4a8b-87b3-8cb3253f4f09] Adding new dynamic property: PropertyDescriptor[simple]
[pool-3515-thread-1] INFO org.apache.nifi.processors.standard.RouteText - RouteText[id=24e84634-fdfb-4a8b-87b3-8cb3253f4f09] Created FlowFile[2387,93427811094215.mockFlowFile,24B] from FlowFile[2386,93427811094215.mockFlowFile,24B]; routing to relationship simple
[pool-3515-thread-1] INFO org.apache.nifi.processors.standard.RouteText - RouteText[id=24e84634-fdfb-4a8b-87b3-8cb3253f4f09] Routing FlowFile[2386,93427811094215.mockFlowFile,24B] to original
[main] DEBUG org.apache.nifi.processors.standard.RouteText - RouteText[id=24e84634-fdfb-4a8b-87b3-8cb3253f4f09] Adding new dynamic property: PropertyDescriptor[simple]
[pool-3516-thread-1] INFO org.apache.nifi.processors.standard.RouteText - RouteText[id=24e84634-fdfb-4a8b-87b3-8cb3253f4f09] Created FlowFile[2389,93427811526764.mockFlowFile,24B] from FlowFile[2388,93427811526764.mockFlowFile,24B]; routing to relationship simple
[pool-3516-thread-1] INFO org.apache.nifi.processors.standard.RouteText - RouteText[id=24e84634-fdfb-4a8b-87b3-8cb3253f4f09] Routing FlowFile[2388,93427811526764.mockFlowFile,24B] to original
[main] DEBUG org.apache.nifi.processors.standard.RouteText - RouteText[id=24e84634-fdfb-4a8b-87b3-8cb3253f4f09] Adding new dynamic property: PropertyDescriptor[simple]
[pool-3517-thread-1] INFO org.apache.nifi.processors.standard.RouteText - RouteText[id=24e84634-fdfb-4a8b-87b3-8cb3253f4f09] Created FlowFile[2391,93427811974697.mockFlowFile,24B] from FlowFile[2390,93427811974697.mockFlowFile,24B]; routing to relationship simple
[pool-3517-thread-1] INFO org.apache.nifi.processors.standard.RouteText - RouteText[id=24e84634-fdfb-4a8b-87b3-8cb3253f4f09] Routing FlowFile[2390,93427811974697.mockFlowFile,24B] to original
[main] DEBUG org.apache.nifi.processors.standard.RouteText - RouteText[id=24e84634-fdfb-4a8b-87b3-8cb3253f4f09] Adding new dynamic property: PropertyDescriptor[simple]
[pool-3518-thread-1] INFO org.apache.nifi.processors.standard.RouteText - RouteText[id=24e84634-fdfb-4a8b-87b3-8cb3253f4f09] Created FlowFile[2393,93427812458947.mockFlowFile,24B] from FlowFile[2392,93427812458947.mockFlowFile,24B]; routing to relationship simple
[pool-3518-thread-1] INFO org.apache.nifi.processors.standard.RouteText - RouteText[id=24e84634-fdfb-4a8b-87b3-8cb3253f4f09] Routing FlowFile[2392,93427812458947.mockFlowFile,24B] to original
[main] DEBUG org.apache.nifi.processors.standard.RouteText - RouteText[id=24e84634-fdfb-4a8b-87b3-8cb3253f4f09] Adding new dynamic property: PropertyDescriptor[simple]
[pool-3519-thread-1] INFO org.apache.nifi.processors.standard.RouteText - RouteText[id=24e84634-fdfb-4a8b-87b3-8cb3253f4f09] Created FlowFile[2395,93427812885133.mockFlowFile,24B] from FlowFile[2394,93427812885133.mockFlowFile,24B]; routing to relationship simple
[pool-3519-thread-1] INFO org.apache.nifi.processors.standard.RouteText - RouteText[id=24e84634-fdfb-4a8b-87b3-8cb3253f4f09] Routing FlowFile[2394,93427812885133.mockFlowFile,24B] to original
[main] DEBUG org.apache.nifi.processors.standard.RouteText - RouteText[id=24e84634-fdfb-4a8b-87b3-8cb3253f4f09] Adding new dynamic property: PropertyDescriptor[simple]
[pool-3520-thread-1] INFO org.apache.nifi.processors.standard.RouteText - RouteText[id=24e84634-fdfb-4a8b-87b3-8cb3253f4f09] Created FlowFile[2397,93427813391102.mockFlowFile,24B] from FlowFile[2396,93427813391102.mockFlowFile,24B]; routing to relationship simple
[pool-3520-thread-1] INFO org.apache.nifi.processors.standard.RouteText - RouteText[id=24e84634-fdfb-4a8b-87b3-8cb3253f4f09] Routing FlowFile[2396,93427813391102.mockFlowFile,24B] to original
[main] DEBUG org.apache.nifi.processors.standard.RouteText - RouteText[id=24e84634-fdfb-4a8b-87b3-8cb3253f4f09] Adding new dynamic property: PropertyDescriptor[simple]
[pool-3521-thread-1] INFO org.apache.nifi.processors.standard.RouteText - RouteText[id=24e84634-fdfb-4a8b-87b3-8cb3253f4f09] Created FlowFile[2399,93427813969190.mockFlowFile,24B] from FlowFile[2398,93427813969190.mockFlowFile,24B]; routing to relationship simple
[pool-3521-thread-1] INFO org.apache.nifi.processors.standard.RouteText - RouteText[id=24e84634-fdfb-4a8b-87b3-8cb3253f4f09] Routing FlowFile[2398,93427813969190.mockFlowFile,24B] to original
[main] DEBUG org.apache.nifi.processors.standard.RouteText - RouteText[id=24e84634-fdfb-4a8b-87b3-8cb3253f4f09] Adding new dynamic property: PropertyDescriptor[simple]
[pool-3522-thread-1] INFO org.apache.nifi.processors.standard.RouteText - RouteText[id=24e84634-fdfb-4a8b-87b3-8cb3253f4f09] Created FlowFile[2401,93427814529501.mockFlowFile,24B] from FlowFile[2400,93427814529501.mockFlowFile,24B]; routing to relationship simple
[pool-3522-thread-1] INFO org.apache.nifi.processors.standard.RouteText - RouteText[id=24e84634-fdfb-4a8b-87b3-8cb3253f4f09] Routing FlowFile[2400,93427814529501.mockFlowFile,24B] to original
[main] DEBUG org.apache.nifi.processors.standard.RouteText - RouteText[id=24e84634-fdfb-4a8b-87b3-8cb3253f4f09] Adding new dynamic property: PropertyDescriptor[simple]
[pool-3523-thread-1] INFO org.apache.nifi.processors.standard.RouteText - RouteText[id=24e84634-fdfb-4a8b-87b3-8cb3253f4f09] Created FlowFile[2403,93427815112524.mockFlowFile,24B] from FlowFile[2402,93427815112524.mockFlowFile,24B]; routing to relationship simple
[pool-3523-thread-1] INFO org.apache.nifi.processors.standard.RouteText - RouteText[id=24e84634-fdfb-4a8b-87b3-8cb3253f4f09] Routing FlowFile[2402,93427815112524.mockFlowFile,24B] to original
[main] DEBUG org.apache.nifi.processors.standard.RouteText - RouteText[id=24e84634-fdfb-4a8b-87b3-8cb3253f4f09] Adding new dynamic property: PropertyDescriptor[simple]
[pool-3524-thread-1] INFO org.apache.nifi.processors.standard.RouteText - RouteText[id=24e84634-fdfb-4a8b-87b3-8cb3253f4f09] Created FlowFile[2405,93427815760395.mockFlowFile,24B] from FlowFile[2404,93427815760395.mockFlowFile,24B]; routing to relationship simple
[pool-3524-thread-1] INFO org.apache.nifi.processors.standard.RouteText - RouteText[id=24e84634-fdfb-4a8b-87b3-8cb3253f4f09] Routing FlowFile[2404,93427815760395.mockFlowFile,24B] to original
[main] DEBUG org.apache.nifi.processors.standard.RouteText - RouteText[id=24e84634-fdfb-4a8b-87b3-8cb3253f4f09] Adding new dynamic property: PropertyDescriptor[simple]
[pool-3525-thread-1] INFO org.apache.nifi.processors.standard.RouteText - RouteText[id=24e84634-fdfb-4a8b-87b3-8cb3253f4f09] Created FlowFile[2407,93427816388483.mockFlowFile,24B] from FlowFile[2406,93427816388483.mockFlowFile,24B]; routing to relationship simple
[pool-3525-thread-1] INFO org.apache.nifi.processors.standard.RouteText - RouteText[id=24e84634-fdfb-4a8b-87b3-8cb3253f4f09] Routing FlowFile[2406,93427816388483.mockFlowFile,24B] to original
[main] DEBUG org.apache.nifi.processors.standard.RouteText - RouteText[id=24e84634-fdfb-4a8b-87b3-8cb3253f4f09] Adding new dynamic property: PropertyDescriptor[simple]
[pool-3526-thread-1] INFO org.apache.nifi.processors.standard.RouteText - RouteText[id=24e84634-fdfb-4a8b-87b3-8cb3253f4f09] Created FlowFile[2409,93427816926610.mockFlowFile,24B] from FlowFile[2408,93427816926610.mockFlowFile,24B]; routing to relationship simple
[pool-3526-thread-1] INFO org.apache.nifi.processors.standard.RouteText - RouteText[id=24e84634-fdfb-4a8b-87b3-8cb3253f4f09] Routing FlowFile[2408,93427816926610.mockFlowFile,24B] to original
[main] DEBUG org.apache.nifi.processors.standard.RouteText - RouteText[id=24e84634-fdfb-4a8b-87b3-8cb3253f4f09] Adding new dynamic property: PropertyDescriptor[simple]
[pool-3527-thread-1] INFO org.apache.nifi.processors.standard.RouteText - RouteText[id=24e84634-fdfb-4a8b-87b3-8cb3253f4f09] Created FlowFile[2411,93427817497055.mockFlowFile,24B] from FlowFile[2410,93427817497055.mockFlowFile,24B]; routing to relationship simple
[pool-3527-thread-1] INFO org.apache.nifi.processors.standard.RouteText - RouteText[id=24e84634-fdfb-4a8b-87b3-8cb3253f4f09] Routing FlowFile[2410,93427817497055.mockFlowFile,24B] to original
[main] DEBUG org.apache.nifi.processors.standard.RouteText - RouteText[id=24e84634-fdfb-4a8b-87b3-8cb3253f4f09] Adding new dynamic property: PropertyDescriptor[simple]
[pool-3528-thread-1] INFO org.apache.nifi.processors.standard.RouteText - RouteText[id=24e84634-fdfb-4a8b-87b3-8cb3253f4f09] Created FlowFile[2413,93427818082021.mockFlowFile,24B] from FlowFile[2412,93427818082021.mockFlowFile,24B]; routing to relationship simple
[pool-3528-thread-1] INFO org.apache.nifi.processors.standard.RouteText - RouteText[id=24e84634-fdfb-4a8b-87b3-8cb3253f4f09] Routing FlowFile[2412,93427818082021.mockFlowFile,24B] to original
[main] DEBUG org.apache.nifi.processors.standard.RouteText - RouteText[id=24e84634-fdfb-4a8b-87b3-8cb3253f4f09] Adding new dynamic property: PropertyDescriptor[simple]
[pool-3529-thread-1] INFO org.apache.nifi.processors.standard.RouteText - RouteText[id=24e84634-fdfb-4a8b-87b3-8cb3253f4f09] Created FlowFile[2415,93427818680008.mockFlowFile,24B] from FlowFile[2414,93427818680008.mockFlowFile,24B]; routing to relationship simple
[pool-3529-thread-1] INFO org.apache.nifi.processors.standard.RouteText - RouteText[id=24e84634-fdfb-4a8b-87b3-8cb3253f4f09] Routing FlowFile[2414,93427818680008.mockFlowFile,24B] to original
[main] DEBUG org.apache.nifi.processors.standard.RouteText - RouteText[id=24e84634-fdfb-4a8b-87b3-8cb3253f4f09] Adding new dynamic property: PropertyDescriptor[simple]
[pool-3530-thread-1] INFO org.apache.nifi.processors.standard.RouteText - RouteText[id=24e84634-fdfb-4a8b-87b3-8cb3253f4f09] Created FlowFile[2417,93427819187902.mockFlowFile,24B] from FlowFile[2416,93427819187902.mockFlowFile,24B]; routing to relationship simple
[pool-3530-thread-1] INFO org.apache.nifi.processors.standard.RouteText - RouteText[id=24e84634-fdfb-4a8b-87b3-8cb3253f4f09] Routing FlowFile[2416,93427819187902.mockFlowFile,24B] to original
[main] DEBUG org.apache.nifi.processors.standard.RouteText - RouteText[id=24e84634-fdfb-4a8b-87b3-8cb3253f4f09] Adding new dynamic property: PropertyDescriptor[simple]
[pool-3531-thread-1] INFO org.apache.nifi.processors.standard.RouteText - RouteText[id=24e84634-fdfb-4a8b-87b3-8cb3253f4f09] Created FlowFile[2419,93427819769173.mockFlowFile,24B] from FlowFile[2418,93427819769173.mockFlowFile,24B]; routing to relationship simple
[pool-3531-thread-1] INFO org.apache.nifi.processors.standard.RouteText - RouteText[id=24e84634-fdfb-4a8b-87b3-8cb3253f4f09] Routing FlowFile[2418,93427819769173.mockFlowFile,24B] to original
[main] DEBUG org.apache.nifi.processors.standard.RouteText - RouteText[id=24e84634-fdfb-4a8b-87b3-8cb3253f4f09] Adding new dynamic property: PropertyDescriptor[simple]
[pool-3532-thread-1] INFO org.apache.nifi.processors.standard.RouteText - RouteText[id=24e84634-fdfb-4a8b-87b3-8cb3253f4f09] Created FlowFile[2421,93427820415464.mockFlowFile,24B] from FlowFile[2420,93427820415464.mockFlowFile,24B]; routing to relationship simple
[pool-3532-thread-1] INFO org.apache.nifi.processors.standard.RouteText - RouteText[id=24e84634-fdfb-4a8b-87b3-8cb3253f4f09] Routing FlowFile[2420,93427820415464.mockFlowFile,24B] to original
[main] DEBUG org.apache.nifi.processors.standard.RouteText - RouteText[id=24e84634-fdfb-4a8b-87b3-8cb3253f4f09] Adding new dynamic property: PropertyDescriptor[simple]
[pool-3533-thread-1] INFO org.apache.nifi.processors.standard.RouteText - RouteText[id=24e84634-fdfb-4a8b-87b3-8cb3253f4f09] Created FlowFile[2423,93427821017129.mockFlowFile,24B] from FlowFile[2422,93427821017129.mockFlowFile,24B]; routing to relationship simple
[pool-3533-thread-1] INFO org.apache.nifi.processors.standard.RouteText - RouteText[id=24e84634-fdfb-4a8b-87b3-8cb3253f4f09] Routing FlowFile[2422,93427821017129.mockFlowFile,24B] to original
[main] DEBUG org.apache.nifi.processors.standard.RouteText - RouteText[id=24e84634-fdfb-4a8b-87b3-8cb3253f4f09] Adding new dynamic property: PropertyDescriptor[simple]
[pool-3534-thread-1] INFO org.apache.nifi.processors.standard.RouteText - RouteText[id=24e84634-fdfb-4a8b-87b3-8cb3253f4f09] Created FlowFile[2425,93427821585571.mockFlowFile,24B] from FlowFile[2424,93427821585571.mockFlowFile,24B]; routing to relationship simple
[pool-3534-thread-1] INFO org.apache.nifi.processors.standard.RouteText - RouteText[id=24e84634-fdfb-4a8b-87b3-8cb3253f4f09] Routing FlowFile[2424,93427821585571.mockFlowFile,24B] to original
[main] DEBUG org.apache.nifi.processors.standard.RouteText - RouteText[id=24e84634-fdfb-4a8b-87b3-8cb3253f4f09] Adding new dynamic property: PropertyDescriptor[simple]
[pool-3535-thread-1] INFO org.apache.nifi.processors.standard.RouteText - RouteText[id=24e84634-fdfb-4a8b-87b3-8cb3253f4f09] Created FlowFile[2427,93427822209422.mockFlowFile,24B] from FlowFile[2426,93427822209422.mockFlowFile,24B]; routing to relationship simple
[pool-3535-thread-1] INFO org.apache.nifi.processors.standard.RouteText - RouteText[id=24e84634-fdfb-4a8b-87b3-8cb3253f4f09] Routing FlowFile[2426,93427822209422.mockFlowFile,24B] to original
[main] DEBUG org.apache.nifi.processors.standard.RouteText - RouteText[id=24e84634-fdfb-4a8b-87b3-8cb3253f4f09] Adding new dynamic property: PropertyDescriptor[simple]
[pool-3536-thread-1] INFO org.apache.nifi.processors.standard.RouteText - RouteText[id=24e84634-fdfb-4a8b-87b3-8cb3253f4f09] Created FlowFile[2429,93427822815263.mockFlowFile,24B] from FlowFile[2428,93427822815263.mockFlowFile,24B]; routing to relationship simple
[pool-3536-thread-1] INFO org.apache.nifi.processors.standard.RouteText - RouteText[id=24e84634-fdfb-4a8b-87b3-8cb3253f4f09] Routing FlowFile[2428,93427822815263.mockFlowFile,24B] to original
[main] DEBUG org.apache.nifi.processors.standard.RouteText - RouteText[id=24e84634-fdfb-4a8b-87b3-8cb3253f4f09] Adding new dynamic property: PropertyDescriptor[simple]
[pool-3537-thread-1] INFO org.apache.nifi.processors.standard.RouteText - RouteText[id=24e84634-fdfb-4a8b-87b3-8cb3253f4f09] Created FlowFile[2431,93427823282607.mockFlowFile,24B] from FlowFile[2430,93427823282607.mockFlowFile,24B]; routing to relationship simple
[pool-3537-thread-1] INFO org.apache.nifi.processors.standard.RouteText - RouteText[id=24e84634-fdfb-4a8b-87b3-8cb3253f4f09] Routing FlowFile[2430,93427823282607.mockFlowFile,24B] to original
[main] DEBUG org.apache.nifi.processors.standard.RouteText - RouteText[id=24e84634-fdfb-4a8b-87b3-8cb3253f4f09] Adding new dynamic property: PropertyDescriptor[simple]
[pool-3538-thread-1] INFO org.apache.nifi.processors.standard.RouteText - RouteText[id=24e84634-fdfb-4a8b-87b3-8cb3253f4f09] Created FlowFile[2433,93427823736665.mockFlowFile,24B] from FlowFile[2432,93427823736665.mockFlowFile,24B]; routing to relationship simple
[pool-3538-thread-1] INFO org.apache.nifi.processors.standard.RouteText - RouteText[id=24e84634-fdfb-4a8b-87b3-8cb3253f4f09] Routing FlowFile[2432,93427823736665.mockFlowFile,24B] to original
[main] DEBUG org.apache.nifi.processors.standard.RouteText - RouteText[id=24e84634-fdfb-4a8b-87b3-8cb3253f4f09] Adding new dynamic property: PropertyDescriptor[simple]
[pool-3539-thread-1] INFO org.apache.nifi.processors.standard.RouteText - RouteText[id=24e84634-fdfb-4a8b-87b3-8cb3253f4f09] Created FlowFile[2435,93427824253733.mockFlowFile,24B] from FlowFile[2434,93427824253733.mockFlowFile,24B]; routing to relationship simple
[pool-3539-thread-1] INFO org.apache.nifi.processors.standard.RouteText - RouteText[id=24e84634-fdfb-4a8b-87b3-8cb3253f4f09] Routing FlowFile[2434,93427824253733.mockFlowFile,24B] to original
[main] DEBUG org.apache.nifi.processors.standard.RouteText - RouteText[id=24e84634-fdfb-4a8b-87b3-8cb3253f4f09] Adding new dynamic property: PropertyDescriptor[simple]
[pool-3540-thread-1] INFO org.apache.nifi.processors.standard.RouteText - RouteText[id=24e84634-fdfb-4a8b-87b3-8cb3253f4f09] Created FlowFile[2437,93427824725340.mockFlowFile,24B] from FlowFile[2436,93427824725340.mockFlowFile,24B]; routing to relationship simple
[pool-3540-thread-1] INFO org.apache.nifi.processors.standard.RouteText - RouteText[id=24e84634-fdfb-4a8b-87b3-8cb3253f4f09] Routing FlowFile[2436,93427824725340.mockFlowFile,24B] to original
[main] DEBUG org.apache.nifi.processors.standard.RouteText - RouteText[id=24e84634-fdfb-4a8b-87b3-8cb3253f4f09] Adding new dynamic property: PropertyDescriptor[simple]
[pool-3541-thread-1] INFO org.apache.nifi.processors.standard.RouteText - RouteText[id=24e84634-fdfb-4a8b-87b3-8cb3253f4f09] Created FlowFile[2439,93427825206346.mockFlowFile,24B] from FlowFile[2438,93427825206346.mockFlowFile,24B]; routing to relationship simple
[pool-3541-thread-1] INFO org.apache.nifi.processors.standard.RouteText - RouteText[id=24e84634-fdfb-4a8b-87b3-8cb3253f4f09] Routing FlowFile[2438,93427825206346.mockFlowFile,24B] to original
[main] DEBUG org.apache.nifi.processors.standard.RouteText - RouteText[id=24e84634-fdfb-4a8b-87b3-8cb3253f4f09] Adding new dynamic property: PropertyDescriptor[simple]
[pool-3542-thread-1] INFO org.apache.nifi.processors.standard.RouteText - RouteText[id=24e84634-fdfb-4a8b-87b3-8cb3253f4f09] Created FlowFile[2441,93427825656022.mockFlowFile,24B] from FlowFile[2440,93427825656022.mockFlowFile,24B]; routing to relationship simple
[pool-3542-thread-1] INFO org.apache.nifi.processors.standard.RouteText - RouteText[id=24e84634-fdfb-4a8b-87b3-8cb3253f4f09] Routing FlowFile[2440,93427825656022.mockFlowFile,24B] to original
[main] DEBUG org.apache.nifi.processors.standard.RouteText - RouteText[id=24e84634-fdfb-4a8b-87b3-8cb3253f4f09] Adding new dynamic property: PropertyDescriptor[simple]
[pool-3543-thread-1] INFO org.apache.nifi.processors.standard.RouteText - RouteText[id=24e84634-fdfb-4a8b-87b3-8cb3253f4f09] Created FlowFile[2443,93427826106929.mockFlowFile,24B] from FlowFile[2442,93427826106929.mockFlowFile,24B]; routing to relationship simple
[pool-3543-thread-1] INFO org.apache.nifi.processors.standard.RouteText - RouteText[id=24e84634-fdfb-4a8b-87b3-8cb3253f4f09] Routing FlowFile[2442,93427826106929.mockFlowFile,24B] to original
[main] DEBUG org.apache.nifi.processors.standard.RouteText - RouteText[id=24e84634-fdfb-4a8b-87b3-8cb3253f4f09] Adding new dynamic property: PropertyDescriptor[simple]
[pool-3544-thread-1] INFO org.apache.nifi.processors.standard.RouteText - RouteText[id=24e84634-fdfb-4a8b-87b3-8cb3253f4f09] Created FlowFile[2445,93427826778489.mockFlowFile,24B] from FlowFile[2444,93427826778489.mockFlowFile,24B]; routing to relationship simple
[pool-3544-thread-1] INFO org.apache.nifi.processors.standard.RouteText - RouteText[id=24e84634-fdfb-4a8b-87b3-8cb3253f4f09] Routing FlowFile[2444,93427826778489.mockFlowFile,24B] to original
[main] DEBUG org.apache.nifi.processors.standard.RouteText - RouteText[id=24e84634-fdfb-4a8b-87b3-8cb3253f4f09] Adding new dynamic property: PropertyDescriptor[simple]
[pool-3545-thread-1] INFO org.apache.nifi.processors.standard.RouteText - RouteText[id=24e84634-fdfb-4a8b-87b3-8cb3253f4f09] Created FlowFile[2447,93427827269284.mockFlowFile,24B] from FlowFile[2446,93427827269284.mockFlowFile,24B]; routing to relationship simple
[pool-3545-thread-1] INFO org.apache.nifi.processors.standard.RouteText - RouteText[id=24e84634-fdfb-4a8b-87b3-8cb3253f4f09] Routing FlowFile[2446,93427827269284.mockFlowFile,24B] to original
[main] DEBUG org.apache.nifi.processors.standard.RouteText - RouteText[id=24e84634-fdfb-4a8b-87b3-8cb3253f4f09] Adding new dynamic property: PropertyDescriptor[simple]
[pool-3546-thread-1] INFO org.apache.nifi.processors.standard.RouteText - RouteText[id=24e84634-fdfb-4a8b-87b3-8cb3253f4f09] Created FlowFile[2449,93427827749021.mockFlowFile,24B] from FlowFile[2448,93427827749021.mockFlowFile,24B]; routing to relationship simple
[pool-3546-thread-1] INFO org.apache.nifi.processors.standard.RouteText - RouteText[id=24e84634-fdfb-4a8b-87b3-8cb3253f4f09] Routing FlowFile[2448,93427827749021.mockFlowFile,24B] to original
[main] DEBUG org.apache.nifi.processors.standard.RouteText - RouteText[id=24e84634-fdfb-4a8b-87b3-8cb3253f4f09] Adding new dynamic property: PropertyDescriptor[simple]
[pool-3547-thread-1] INFO org.apache.nifi.processors.standard.RouteText - RouteText[id=24e84634-fdfb-4a8b-87b3-8cb3253f4f09] Created FlowFile[2451,93427828210246.mockFlowFile,24B] from FlowFile[2450,93427828210246.mockFlowFile,24B]; routing to relationship simple
[pool-3547-thread-1] INFO org.apache.nifi.processors.standard.RouteText - RouteText[id=24e84634-fdfb-4a8b-87b3-8cb3253f4f09] Routing FlowFile[2450,93427828210246.mockFlowFile,24B] to original
[main] DEBUG org.apache.nifi.processors.standard.RouteText - RouteText[id=24e84634-fdfb-4a8b-87b3-8cb3253f4f09] Adding new dynamic property: PropertyDescriptor[simple]
[pool-3548-thread-1] INFO org.apache.nifi.processors.standard.RouteText - RouteText[id=24e84634-fdfb-4a8b-87b3-8cb3253f4f09] Created FlowFile[2453,93427828643707.mockFlowFile,24B] from FlowFile[2452,93427828643707.mockFlowFile,24B]; routing to relationship simple
[pool-3548-thread-1] INFO org.apache.nifi.processors.standard.RouteText - RouteText[id=24e84634-fdfb-4a8b-87b3-8cb3253f4f09] Routing FlowFile[2452,93427828643707.mockFlowFile,24B] to original
[main] DEBUG org.apache.nifi.processors.standard.RouteText - RouteText[id=24e84634-fdfb-4a8b-87b3-8cb3253f4f09] Adding new dynamic property: PropertyDescriptor[simple]
[pool-3549-thread-1] INFO org.apache.nifi.processors.standard.RouteText - RouteText[id=24e84634-fdfb-4a8b-87b3-8cb3253f4f09] Created FlowFile[2455,93427829121976.mockFlowFile,24B] from FlowFile[2454,93427829121976.mockFlowFile,24B]; routing to relationship simple
[pool-3549-thread-1] INFO org.apache.nifi.processors.standard.RouteText - RouteText[id=24e84634-fdfb-4a8b-87b3-8cb3253f4f09] Routing FlowFile[2454,93427829121976.mockFlowFile,24B] to original
[main] DEBUG org.apache.nifi.processors.standard.RouteText - RouteText[id=24e84634-fdfb-4a8b-87b3-8cb3253f4f09] Adding new dynamic property: PropertyDescriptor[simple]
[pool-3550-thread-1] INFO org.apache.nifi.processors.standard.RouteText - RouteText[id=24e84634-fdfb-4a8b-87b3-8cb3253f4f09] Created FlowFile[2457,93427829603765.mockFlowFile,24B] from FlowFile[2456,93427829603765.mockFlowFile,24B]; routing to relationship simple
[pool-3550-thread-1] INFO org.apache.nifi.processors.standard.RouteText - RouteText[id=24e84634-fdfb-4a8b-87b3-8cb3253f4f09] Routing FlowFile[2456,93427829603765.mockFlowFile,24B] to original
[main] DEBUG org.apache.nifi.processors.standard.RouteText - RouteText[id=24e84634-fdfb-4a8b-87b3-8cb3253f4f09] Adding new dynamic property: PropertyDescriptor[simple]
[pool-3551-thread-1] INFO org.apache.nifi.processors.standard.RouteText - RouteText[id=24e84634-fdfb-4a8b-87b3-8cb3253f4f09] Created FlowFile[2459,93427830084335.mockFlowFile,24B] from FlowFile[2458,93427830084335.mockFlowFile,24B]; routing to relationship simple
[pool-3551-thread-1] INFO org.apache.nifi.processors.standard.RouteText - RouteText[id=24e84634-fdfb-4a8b-87b3-8cb3253f4f09] Routing FlowFile[2458,93427830084335.mockFlowFile,24B] to original
[main] DEBUG org.apache.nifi.processors.standard.RouteText - RouteText[id=24e84634-fdfb-4a8b-87b3-8cb3253f4f09] Adding new dynamic property: PropertyDescriptor[simple]
[pool-3552-thread-1] INFO org.apache.nifi.processors.standard.RouteText - RouteText[id=24e84634-fdfb-4a8b-87b3-8cb3253f4f09] Created FlowFile[2461,93427830564224.mockFlowFile,24B] from FlowFile[2460,93427830564224.mockFlowFile,24B]; routing to relationship simple
[pool-3552-thread-1] INFO org.apache.nifi.processors.standard.RouteText - RouteText[id=24e84634-fdfb-4a8b-87b3-8cb3253f4f09] Routing FlowFile[2460,93427830564224.mockFlowFile,24B] to original
[main] DEBUG org.apache.nifi.processors.standard.RouteText - RouteText[id=24e84634-fdfb-4a8b-87b3-8cb3253f4f09] Adding new dynamic property: PropertyDescriptor[simple]
[pool-3553-thread-1] INFO org.apache.nifi.processors.standard.RouteText - RouteText[id=24e84634-fdfb-4a8b-87b3-8cb3253f4f09] Created FlowFile[2463,93427831065070.mockFlowFile,24B] from FlowFile[2462,93427831065070.mockFlowFile,24B]; routing to relationship simple
[pool-3553-thread-1] INFO org.apache.nifi.processors.standard.RouteText - RouteText[id=24e84634-fdfb-4a8b-87b3-8cb3253f4f09] Routing FlowFile[2462,93427831065070.mockFlowFile,24B] to original
[main] DEBUG org.apache.nifi.processors.standard.RouteText - RouteText[id=24e84634-fdfb-4a8b-87b3-8cb3253f4f09] Adding new dynamic property: PropertyDescriptor[simple]
[pool-3554-thread-1] INFO org.apache.nifi.processors.standard.RouteText - RouteText[id=24e84634-fdfb-4a8b-87b3-8cb3253f4f09] Created FlowFile[2465,93427831512127.mockFlowFile,24B] from FlowFile[2464,93427831512127.mockFlowFile,24B]; routing to relationship simple
[pool-3554-thread-1] INFO org.apache.nifi.processors.standard.RouteText - RouteText[id=24e84634-fdfb-4a8b-87b3-8cb3253f4f09] Routing FlowFile[2464,93427831512127.mockFlowFile,24B] to original
[main] DEBUG org.apache.nifi.processors.standard.RouteText - RouteText[id=24e84634-fdfb-4a8b-87b3-8cb3253f4f09] Adding new dynamic property: PropertyDescriptor[simple]
[pool-3555-thread-1] INFO org.apache.nifi.processors.standard.RouteText - RouteText[id=24e84634-fdfb-4a8b-87b3-8cb3253f4f09] Created FlowFile[2467,93427831990965.mockFlowFile,24B] from FlowFile[2466,93427831990965.mockFlowFile,24B]; routing to relationship simple
[pool-3555-thread-1] INFO org.apache.nifi.processors.standard.RouteText - RouteText[id=24e84634-fdfb-4a8b-87b3-8cb3253f4f09] Routing FlowFile[2466,93427831990965.mockFlowFile,24B] to original
[main] DEBUG org.apache.nifi.processors.standard.RouteText - RouteText[id=24e84634-fdfb-4a8b-87b3-8cb3253f4f09] Adding new dynamic property: PropertyDescriptor[simple]
[pool-3556-thread-1] INFO org.apache.nifi.processors.standard.RouteText - RouteText[id=24e84634-fdfb-4a8b-87b3-8cb3253f4f09] Created FlowFile[2469,93427832535824.mockFlowFile,24B] from FlowFile[2468,93427832535824.mockFlowFile,24B]; routing to relationship simple
[pool-3556-thread-1] INFO org.apache.nifi.processors.standard.RouteText - RouteText[id=24e84634-fdfb-4a8b-87b3-8cb3253f4f09] Routing FlowFile[2468,93427832535824.mockFlowFile,24B] to original
[main] DEBUG org.apache.nifi.processors.standard.RouteText - RouteText[id=24e84634-fdfb-4a8b-87b3-8cb3253f4f09] Adding new dynamic property: PropertyDescriptor[simple]
[pool-3557-thread-1] INFO org.apache.nifi.processors.standard.RouteText - RouteText[id=24e84634-fdfb-4a8b-87b3-8cb3253f4f09] Created FlowFile[2471,93427833046143.mockFlowFile,24B] from FlowFile[2470,93427833046143.mockFlowFile,24B]; routing to relationship simple
[pool-3557-thread-1] INFO org.apache.nifi.processors.standard.RouteText - RouteText[id=24e84634-fdfb-4a8b-87b3-8cb3253f4f09] Routing FlowFile[2470,93427833046143.mockFlowFile,24B] to original
[main] DEBUG org.apache.nifi.processors.standard.RouteText - RouteText[id=24e84634-fdfb-4a8b-87b3-8cb3253f4f09] Adding new dynamic property: PropertyDescriptor[simple]
[pool-3558-thread-1] INFO org.apache.nifi.processors.standard.RouteText - RouteText[id=24e84634-fdfb-4a8b-87b3-8cb3253f4f09] Created FlowFile[2473,93427833529576.mockFlowFile,24B] from FlowFile[2472,93427833529576.mockFlowFile,24B]; routing to relationship simple
[pool-3558-thread-1] INFO org.apache.nifi.processors.standard.RouteText - RouteText[id=24e84634-fdfb-4a8b-87b3-8cb3253f4f09] Routing FlowFile[2472,93427833529576.mockFlowFile,24B] to original
[main] DEBUG org.apache.nifi.processors.standard.RouteText - RouteText[id=24e84634-fdfb-4a8b-87b3-8cb3253f4f09] Adding new dynamic property: PropertyDescriptor[simple]
[pool-3559-thread-1] INFO org.apache.nifi.processors.standard.RouteText - RouteText[id=24e84634-fdfb-4a8b-87b3-8cb3253f4f09] Created FlowFile[2475,93427834035447.mockFlowFile,24B] from FlowFile[2474,93427834035447.mockFlowFile,24B]; routing to relationship simple
[pool-3559-thread-1] INFO org.apache.nifi.processors.standard.RouteText - RouteText[id=24e84634-fdfb-4a8b-87b3-8cb3253f4f09] Routing FlowFile[2474,93427834035447.mockFlowFile,24B] to original
[main] DEBUG org.apache.nifi.processors.standard.RouteText - RouteText[id=24e84634-fdfb-4a8b-87b3-8cb3253f4f09] Adding new dynamic property: PropertyDescriptor[simple]
[pool-3560-thread-1] INFO org.apache.nifi.processors.standard.RouteText - RouteText[id=24e84634-fdfb-4a8b-87b3-8cb3253f4f09] Created FlowFile[2477,93427834608767.mockFlowFile,24B] from FlowFile[2476,93427834608767.mockFlowFile,24B]; routing to relationship simple
[pool-3560-thread-1] INFO org.apache.nifi.processors.standard.RouteText - RouteText[id=24e84634-fdfb-4a8b-87b3-8cb3253f4f09] Routing FlowFile[2476,93427834608767.mockFlowFile,24B] to original
[main] DEBUG org.apache.nifi.processors.standard.RouteText - RouteText[id=24e84634-fdfb-4a8b-87b3-8cb3253f4f09] Adding new dynamic property: PropertyDescriptor[simple]
[pool-3561-thread-1] INFO org.apache.nifi.processors.standard.RouteText - RouteText[id=24e84634-fdfb-4a8b-87b3-8cb3253f4f09] Created FlowFile[2479,93427835119004.mockFlowFile,24B] from FlowFile[2478,93427835119004.mockFlowFile,24B]; routing to relationship simple
[pool-3561-thread-1] INFO org.apache.nifi.processors.standard.RouteText - RouteText[id=24e84634-fdfb-4a8b-87b3-8cb3253f4f09] Routing FlowFile[2478,93427835119004.mockFlowFile,24B] to original
[main] DEBUG org.apache.nifi.processors.standard.RouteText - RouteText[id=24e84634-fdfb-4a8b-87b3-8cb3253f4f09] Adding new dynamic property: PropertyDescriptor[simple]
[pool-3562-thread-1] INFO org.apache.nifi.processors.standard.RouteText - RouteText[id=24e84634-fdfb-4a8b-87b3-8cb3253f4f09] Created FlowFile[2481,93427835603435.mockFlowFile,24B] from FlowFile[2480,93427835603435.mockFlowFile,24B]; routing to relationship simple
[pool-3562-thread-1] INFO org.apache.nifi.processors.standard.RouteText - RouteText[id=24e84634-fdfb-4a8b-87b3-8cb3253f4f09] Routing FlowFile[2480,93427835603435.mockFlowFile,24B] to original
[main] DEBUG org.apache.nifi.processors.standard.RouteText - RouteText[id=24e84634-fdfb-4a8b-87b3-8cb3253f4f09] Adding new dynamic property: PropertyDescriptor[simple]
[pool-3563-thread-1] INFO org.apache.nifi.processors.standard.RouteText - RouteText[id=24e84634-fdfb-4a8b-87b3-8cb3253f4f09] Created FlowFile[2483,93427836122399.mockFlowFile,24B] from FlowFile[2482,93427836122399.mockFlowFile,24B]; routing to relationship simple
[pool-3563-thread-1] INFO org.apache.nifi.processors.standard.RouteText - RouteText[id=24e84634-fdfb-4a8b-87b3-8cb3253f4f09] Routing FlowFile[2482,93427836122399.mockFlowFile,24B] to original
[main] DEBUG org.apache.nifi.processors.standard.RouteText - RouteText[id=24e84634-fdfb-4a8b-87b3-8cb3253f4f09] Adding new dynamic property: PropertyDescriptor[simple]
[pool-3564-thread-1] INFO org.apache.nifi.processors.standard.RouteText - RouteText[id=24e84634-fdfb-4a8b-87b3-8cb3253f4f09] Created FlowFile[2485,93427836593060.mockFlowFile,24B] from FlowFile[2484,93427836593060.mockFlowFile,24B]; routing to relationship simple
[pool-3564-thread-1] INFO org.apache.nifi.processors.standard.RouteText - RouteText[id=24e84634-fdfb-4a8b-87b3-8cb3253f4f09] Routing FlowFile[2484,93427836593060.mockFlowFile,24B] to original
[main] DEBUG org.apache.nifi.processors.standard.RouteText - RouteText[id=24e84634-fdfb-4a8b-87b3-8cb3253f4f09] Adding new dynamic property: PropertyDescriptor[simple]
[pool-3565-thread-1] INFO org.apache.nifi.processors.standard.RouteText - RouteText[id=24e84634-fdfb-4a8b-87b3-8cb3253f4f09] Created FlowFile[2487,93427837139248.mockFlowFile,24B] from FlowFile[2486,93427837139248.mockFlowFile,24B]; routing to relationship simple
[pool-3565-thread-1] INFO org.apache.nifi.processors.standard.RouteText - RouteText[id=24e84634-fdfb-4a8b-87b3-8cb3253f4f09] Routing FlowFile[2486,93427837139248.mockFlowFile,24B] to original
[main] DEBUG org.apache.nifi.processors.standard.RouteText - RouteText[id=24e84634-fdfb-4a8b-87b3-8cb3253f4f09] Adding new dynamic property: PropertyDescriptor[simple]
[pool-3566-thread-1] INFO org.apache.nifi.processors.standard.RouteText - RouteText[id=24e84634-fdfb-4a8b-87b3-8cb3253f4f09] Created FlowFile[2489,93427837677698.mockFlowFile,24B] from FlowFile[2488,93427837677698.mockFlowFile,24B]; routing to relationship simple
[pool-3566-thread-1] INFO org.apache.nifi.processors.standard.RouteText - RouteText[id=24e84634-fdfb-4a8b-87b3-8cb3253f4f09] Routing FlowFile[2488,93427837677698.mockFlowFile,24B] to original
[main] DEBUG org.apache.nifi.processors.standard.RouteText - RouteText[id=24e84634-fdfb-4a8b-87b3-8cb3253f4f09] Adding new dynamic property: PropertyDescriptor[simple]
[pool-3567-thread-1] INFO org.apache.nifi.processors.standard.RouteText - RouteText[id=24e84634-fdfb-4a8b-87b3-8cb3253f4f09] Created FlowFile[2491,93427838201732.mockFlowFile,24B] from FlowFile[2490,93427838201732.mockFlowFile,24B]; routing to relationship simple
[pool-3567-thread-1] INFO org.apache.nifi.processors.standard.RouteText - RouteText[id=24e84634-fdfb-4a8b-87b3-8cb3253f4f09] Routing FlowFile[2490,93427838201732.mockFlowFile,24B] to original
[main] DEBUG org.apache.nifi.processors.standard.RouteText - RouteText[id=24e84634-fdfb-4a8b-87b3-8cb3253f4f09] Adding new dynamic property: PropertyDescriptor[simple]
[pool-3568-thread-1] INFO org.apache.nifi.processors.standard.RouteText - RouteText[id=24e84634-fdfb-4a8b-87b3-8cb3253f4f09] Created FlowFile[2493,93427838694746.mockFlowFile,24B] from FlowFile[2492,93427838694746.mockFlowFile,24B]; routing to relationship simple
[pool-3568-thread-1] INFO org.apache.nifi.processors.standard.RouteText - RouteText[id=24e84634-fdfb-4a8b-87b3-8cb3253f4f09] Routing FlowFile[2492,93427838694746.mockFlowFile,24B] to original
[main] DEBUG org.apache.nifi.processors.standard.RouteText - RouteText[id=24e84634-fdfb-4a8b-87b3-8cb3253f4f09] Adding new dynamic property: PropertyDescriptor[simple]
[pool-3569-thread-1] INFO org.apache.nifi.processors.standard.RouteText - RouteText[id=24e84634-fdfb-4a8b-87b3-8cb3253f4f09] Created FlowFile[2495,93427839201078.mockFlowFile,24B] from FlowFile[2494,93427839201078.mockFlowFile,24B]; routing to relationship simple
[pool-3569-thread-1] INFO org.apache.nifi.processors.standard.RouteText - RouteText[id=24e84634-fdfb-4a8b-87b3-8cb3253f4f09] Routing FlowFile[2494,93427839201078.mockFlowFile,24B] to original
[main] DEBUG org.apache.nifi.processors.standard.RouteText - RouteText[id=24e84634-fdfb-4a8b-87b3-8cb3253f4f09] Adding new dynamic property: PropertyDescriptor[simple]
[pool-3570-thread-1] INFO org.apache.nifi.processors.standard.RouteText - RouteText[id=24e84634-fdfb-4a8b-87b3-8cb3253f4f09] Created FlowFile[2497,93427839745581.mockFlowFile,24B] from FlowFile[2496,93427839745581.mockFlowFile,24B]; routing to relationship simple
[pool-3570-thread-1] INFO org.apache.nifi.processors.standard.RouteText - RouteText[id=24e84634-fdfb-4a8b-87b3-8cb3253f4f09] Routing FlowFile[2496,93427839745581.mockFlowFile,24B] to original
[main] DEBUG org.apache.nifi.processors.standard.RouteText - RouteText[id=24e84634-fdfb-4a8b-87b3-8cb3253f4f09] Adding new dynamic property: PropertyDescriptor[simple]
[pool-3571-thread-1] INFO org.apache.nifi.processors.standard.RouteText - RouteText[id=24e84634-fdfb-4a8b-87b3-8cb3253f4f09] Created FlowFile[2499,93427840293275.mockFlowFile,24B] from FlowFile[2498,93427840293275.mockFlowFile,24B]; routing to relationship simple
[pool-3571-thread-1] INFO org.apache.nifi.processors.standard.RouteText - RouteText[id=24e84634-fdfb-4a8b-87b3-8cb3253f4f09] Routing FlowFile[2498,93427840293275.mockFlowFile,24B] to original
[main] DEBUG org.apache.nifi.processors.standard.RouteText - RouteText[id=24e84634-fdfb-4a8b-87b3-8cb3253f4f09] Adding new dynamic property: PropertyDescriptor[simple]
[pool-3572-thread-1] INFO org.apache.nifi.processors.standard.RouteText - RouteText[id=24e84634-fdfb-4a8b-87b3-8cb3253f4f09] Created FlowFile[2501,93427840825010.mockFlowFile,24B] from FlowFile[2500,93427840825010.mockFlowFile,24B]; routing to relationship simple
[pool-3572-thread-1] INFO org.apache.nifi.processors.standard.RouteText - RouteText[id=24e84634-fdfb-4a8b-87b3-8cb3253f4f09] Routing FlowFile[2500,93427840825010.mockFlowFile,24B] to original
[main] DEBUG org.apache.nifi.processors.standard.RouteText - RouteText[id=24e84634-fdfb-4a8b-87b3-8cb3253f4f09] Adding new dynamic property: PropertyDescriptor[simple]
[pool-3573-thread-1] INFO org.apache.nifi.processors.standard.RouteText - RouteText[id=24e84634-fdfb-4a8b-87b3-8cb3253f4f09] Created FlowFile[2503,93427841339025.mockFlowFile,24B] from FlowFile[2502,93427841339025.mockFlowFile,24B]; routing to relationship simple
[pool-3573-thread-1] INFO org.apache.nifi.processors.standard.RouteText - RouteText[id=24e84634-fdfb-4a8b-87b3-8cb3253f4f09] Routing FlowFile[2502,93427841339025.mockFlowFile,24B] to original
[main] DEBUG org.apache.nifi.processors.standard.RouteText - RouteText[id=24e84634-fdfb-4a8b-87b3-8cb3253f4f09] Adding new dynamic property: PropertyDescriptor[simple]
[pool-3574-thread-1] INFO org.apache.nifi.processors.standard.RouteText - RouteText[id=24e84634-fdfb-4a8b-87b3-8cb3253f4f09] Created FlowFile[2505,93427841901174.mockFlowFile,24B] from FlowFile[2504,93427841901174.mockFlowFile,24B]; routing to relationship simple
[pool-3574-thread-1] INFO org.apache.nifi.processors.standard.RouteText - RouteText[id=24e84634-fdfb-4a8b-87b3-8cb3253f4f09] Routing FlowFile[2504,93427841901174.mockFlowFile,24B] to original
[main] DEBUG org.apache.nifi.processors.standard.RouteText - RouteText[id=24e84634-fdfb-4a8b-87b3-8cb3253f4f09] Adding new dynamic property: PropertyDescriptor[simple]
[pool-3575-thread-1] INFO org.apache.nifi.processors.standard.RouteText - RouteText[id=24e84634-fdfb-4a8b-87b3-8cb3253f4f09] Created FlowFile[2507,93427842420898.mockFlowFile,24B] from FlowFile[2506,93427842420898.mockFlowFile,24B]; routing to relationship simple
[pool-3575-thread-1] INFO org.apache.nifi.processors.standard.RouteText - RouteText[id=24e84634-fdfb-4a8b-87b3-8cb3253f4f09] Routing FlowFile[2506,93427842420898.mockFlowFile,24B] to original
[main] DEBUG org.apache.nifi.processors.standard.RouteText - RouteText[id=24e84634-fdfb-4a8b-87b3-8cb3253f4f09] Adding new dynamic property: PropertyDescriptor[simple]
[pool-3576-thread-1] INFO org.apache.nifi.processors.standard.RouteText - RouteText[id=24e84634-fdfb-4a8b-87b3-8cb3253f4f09] Created FlowFile[2509,93427842953477.mockFlowFile,24B] from FlowFile[2508,93427842953477.mockFlowFile,24B]; routing to relationship simple
[pool-3576-thread-1] INFO org.apache.nifi.processors.standard.RouteText - RouteText[id=24e84634-fdfb-4a8b-87b3-8cb3253f4f09] Routing FlowFile[2508,93427842953477.mockFlowFile,24B] to original
[main] DEBUG org.apache.nifi.processors.standard.RouteText - RouteText[id=24e84634-fdfb-4a8b-87b3-8cb3253f4f09] Adding new dynamic property: PropertyDescriptor[simple]
[pool-3577-thread-1] INFO org.apache.nifi.processors.standard.RouteText - RouteText[id=24e84634-fdfb-4a8b-87b3-8cb3253f4f09] Created FlowFile[2511,93427843527553.mockFlowFile,24B] from FlowFile[2510,93427843527553.mockFlowFile,24B]; routing to relationship simple
[pool-3577-thread-1] INFO org.apache.nifi.processors.standard.RouteText - RouteText[id=24e84634-fdfb-4a8b-87b3-8cb3253f4f09] Routing FlowFile[2510,93427843527553.mockFlowFile,24B] to original
[main] DEBUG org.apache.nifi.processors.standard.RouteText - RouteText[id=24e84634-fdfb-4a8b-87b3-8cb3253f4f09] Adding new dynamic property: PropertyDescriptor[simple]
[pool-3578-thread-1] INFO org.apache.nifi.processors.standard.RouteText - RouteText[id=24e84634-fdfb-4a8b-87b3-8cb3253f4f09] Created FlowFile[2513,93427844121632.mockFlowFile,24B] from FlowFile[2512,93427844121632.mockFlowFile,24B]; routing to relationship simple
[pool-3578-thread-1] INFO org.apache.nifi.processors.standard.RouteText - RouteText[id=24e84634-fdfb-4a8b-87b3-8cb3253f4f09] Routing FlowFile[2512,93427844121632.mockFlowFile,24B] to original
[main] DEBUG org.apache.nifi.processors.standard.RouteText - RouteText[id=24e84634-fdfb-4a8b-87b3-8cb3253f4f09] Adding new dynamic property: PropertyDescriptor[simple]
[pool-3579-thread-1] INFO org.apache.nifi.processors.standard.RouteText - RouteText[id=24e84634-fdfb-4a8b-87b3-8cb3253f4f09] Created FlowFile[2515,93427844597586.mockFlowFile,24B] from FlowFile[2514,93427844597586.mockFlowFile,24B]; routing to relationship simple
[pool-3579-thread-1] INFO org.apache.nifi.processors.standard.RouteText - RouteText[id=24e84634-fdfb-4a8b-87b3-8cb3253f4f09] Routing FlowFile[2514,93427844597586.mockFlowFile,24B] to original
[main] DEBUG org.apache.nifi.processors.standard.RouteText - RouteText[id=24e84634-fdfb-4a8b-87b3-8cb3253f4f09] Adding new dynamic property: PropertyDescriptor[simple]
[pool-3580-thread-1] INFO org.apache.nifi.processors.standard.RouteText - RouteText[id=24e84634-fdfb-4a8b-87b3-8cb3253f4f09] Created FlowFile[2517,93427845624464.mockFlowFile,24B] from FlowFile[2516,93427845624464.mockFlowFile,24B]; routing to relationship simple
[pool-3580-thread-1] INFO org.apache.nifi.processors.standard.RouteText - RouteText[id=24e84634-fdfb-4a8b-87b3-8cb3253f4f09] Routing FlowFile[2516,93427845624464.mockFlowFile,24B] to original
[main] DEBUG org.apache.nifi.processors.standard.RouteText - RouteText[id=24e84634-fdfb-4a8b-87b3-8cb3253f4f09] Adding new dynamic property: PropertyDescriptor[simple]
[pool-3581-thread-1] INFO org.apache.nifi.processors.standard.RouteText - RouteText[id=24e84634-fdfb-4a8b-87b3-8cb3253f4f09] Created FlowFile[2519,93427846317541.mockFlowFile,24B] from FlowFile[2518,93427846317541.mockFlowFile,24B]; routing to relationship simple
[pool-3581-thread-1] INFO org.apache.nifi.processors.standard.RouteText - RouteText[id=24e84634-fdfb-4a8b-87b3-8cb3253f4f09] Routing FlowFile[2518,93427846317541.mockFlowFile,24B] to original
[main] DEBUG org.apache.nifi.processors.standard.RouteText - RouteText[id=24e84634-fdfb-4a8b-87b3-8cb3253f4f09] Adding new dynamic property: PropertyDescriptor[simple]
[pool-3582-thread-1] INFO org.apache.nifi.processors.standard.RouteText - RouteText[id=24e84634-fdfb-4a8b-87b3-8cb3253f4f09] Created FlowFile[2521,93427846828184.mockFlowFile,24B] from FlowFile[2520,93427846828184.mockFlowFile,24B]; routing to relationship simple
[pool-3582-thread-1] INFO org.apache.nifi.processors.standard.RouteText - RouteText[id=24e84634-fdfb-4a8b-87b3-8cb3253f4f09] Routing FlowFile[2520,93427846828184.mockFlowFile,24B] to original
[main] DEBUG org.apache.nifi.processors.standard.RouteText - RouteText[id=24e84634-fdfb-4a8b-87b3-8cb3253f4f09] Adding new dynamic property: PropertyDescriptor[simple]
[pool-3583-thread-1] INFO org.apache.nifi.processors.standard.RouteText - RouteText[id=24e84634-fdfb-4a8b-87b3-8cb3253f4f09] Created FlowFile[2523,93427847338907.mockFlowFile,24B] from FlowFile[2522,93427847338907.mockFlowFile,24B]; routing to relationship simple
[pool-3583-thread-1] INFO org.apache.nifi.processors.standard.RouteText - RouteText[id=24e84634-fdfb-4a8b-87b3-8cb3253f4f09] Routing FlowFile[2522,93427847338907.mockFlowFile,24B] to original
[main] DEBUG org.apache.nifi.processors.standard.RouteText - RouteText[id=24e84634-fdfb-4a8b-87b3-8cb3253f4f09] Adding new dynamic property: PropertyDescriptor[simple]
[pool-3584-thread-1] INFO org.apache.nifi.processors.standard.RouteText - RouteText[id=24e84634-fdfb-4a8b-87b3-8cb3253f4f09] Created FlowFile[2525,93427847844269.mockFlowFile,24B] from FlowFile[2524,93427847844269.mockFlowFile,24B]; routing to relationship simple
[pool-3584-thread-1] INFO org.apache.nifi.processors.standard.RouteText - RouteText[id=24e84634-fdfb-4a8b-87b3-8cb3253f4f09] Routing FlowFile[2524,93427847844269.mockFlowFile,24B] to original
[main] DEBUG org.apache.nifi.processors.standard.RouteText - RouteText[id=24e84634-fdfb-4a8b-87b3-8cb3253f4f09] Adding new dynamic property: PropertyDescriptor[simple]
[pool-3585-thread-1] INFO org.apache.nifi.processors.standard.RouteText - RouteText[id=24e84634-fdfb-4a8b-87b3-8cb3253f4f09] Created FlowFile[2527,93427848534885.mockFlowFile,24B] from FlowFile[2526,93427848534885.mockFlowFile,24B]; routing to relationship simple
[pool-3585-thread-1] INFO org.apache.nifi.processors.standard.RouteText - RouteText[id=24e84634-fdfb-4a8b-87b3-8cb3253f4f09] Routing FlowFile[2526,93427848534885.mockFlowFile,24B] to original
[main] DEBUG org.apache.nifi.processors.standard.RouteText - RouteText[id=24e84634-fdfb-4a8b-87b3-8cb3253f4f09] Adding new dynamic property: PropertyDescriptor[simple]
[pool-3586-thread-1] INFO org.apache.nifi.processors.standard.RouteText - RouteText[id=24e84634-fdfb-4a8b-87b3-8cb3253f4f09] Created FlowFile[2529,93427848973187.mockFlowFile,24B] from FlowFile[2528,93427848973187.mockFlowFile,24B]; routing to relationship simple
[pool-3586-thread-1] INFO org.apache.nifi.processors.standard.RouteText - RouteText[id=24e84634-fdfb-4a8b-87b3-8cb3253f4f09] Routing FlowFile[2528,93427848973187.mockFlowFile,24B] to original
[main] DEBUG org.apache.nifi.processors.standard.RouteText - RouteText[id=24e84634-fdfb-4a8b-87b3-8cb3253f4f09] Adding new dynamic property: PropertyDescriptor[simple]
[pool-3587-thread-1] INFO org.apache.nifi.processors.standard.RouteText - RouteText[id=24e84634-fdfb-4a8b-87b3-8cb3253f4f09] Created FlowFile[2531,93427849429776.mockFlowFile,24B] from FlowFile[2530,93427849429776.mockFlowFile,24B]; routing to relationship simple
[pool-3587-thread-1] INFO org.apache.nifi.processors.standard.RouteText - RouteText[id=24e84634-fdfb-4a8b-87b3-8cb3253f4f09] Routing FlowFile[2530,93427849429776.mockFlowFile,24B] to original
[main] DEBUG org.apache.nifi.processors.standard.RouteText - RouteText[id=24e84634-fdfb-4a8b-87b3-8cb3253f4f09] Adding new dynamic property: PropertyDescriptor[simple]
[pool-3588-thread-1] INFO org.apache.nifi.processors.standard.RouteText - RouteText[id=24e84634-fdfb-4a8b-87b3-8cb3253f4f09] Created FlowFile[2533,93427849920914.mockFlowFile,24B] from FlowFile[2532,93427849920914.mockFlowFile,24B]; routing to relationship simple
[pool-3588-thread-1] INFO org.apache.nifi.processors.standard.RouteText - RouteText[id=24e84634-fdfb-4a8b-87b3-8cb3253f4f09] Routing FlowFile[2532,93427849920914.mockFlowFile,24B] to original
[main] DEBUG org.apache.nifi.processors.standard.RouteText - RouteText[id=24e84634-fdfb-4a8b-87b3-8cb3253f4f09] Adding new dynamic property: PropertyDescriptor[simple]
[pool-3589-thread-1] INFO org.apache.nifi.processors.standard.RouteText - RouteText[id=24e84634-fdfb-4a8b-87b3-8cb3253f4f09] Created FlowFile[2535,93427850423533.mockFlowFile,24B] from FlowFile[2534,93427850423533.mockFlowFile,24B]; routing to relationship simple
[pool-3589-thread-1] INFO org.apache.nifi.processors.standard.RouteText - RouteText[id=24e84634-fdfb-4a8b-87b3-8cb3253f4f09] Routing FlowFile[2534,93427850423533.mockFlowFile,24B] to original
[main] DEBUG org.apache.nifi.processors.standard.RouteText - RouteText[id=24e84634-fdfb-4a8b-87b3-8cb3253f4f09] Adding new dynamic property: PropertyDescriptor[simple]
[pool-3590-thread-1] INFO org.apache.nifi.processors.standard.RouteText - RouteText[id=24e84634-fdfb-4a8b-87b3-8cb3253f4f09] Created FlowFile[2537,93427850849945.mockFlowFile,24B] from FlowFile[2536,93427850849945.mockFlowFile,24B]; routing to relationship simple
[pool-3590-thread-1] INFO org.apache.nifi.processors.standard.RouteText - RouteText[id=24e84634-fdfb-4a8b-87b3-8cb3253f4f09] Routing FlowFile[2536,93427850849945.mockFlowFile,24B] to original
[main] DEBUG org.apache.nifi.processors.standard.RouteText - RouteText[id=24e84634-fdfb-4a8b-87b3-8cb3253f4f09] Adding new dynamic property: PropertyDescriptor[simple]
[pool-3591-thread-1] INFO org.apache.nifi.processors.standard.RouteText - RouteText[id=24e84634-fdfb-4a8b-87b3-8cb3253f4f09] Created FlowFile[2539,93427851295010.mockFlowFile,24B] from FlowFile[2538,93427851295010.mockFlowFile,24B]; routing to relationship simple
[pool-3591-thread-1] INFO org.apache.nifi.processors.standard.RouteText - RouteText[id=24e84634-fdfb-4a8b-87b3-8cb3253f4f09] Routing FlowFile[2538,93427851295010.mockFlowFile,24B] to original
[main] DEBUG org.apache.nifi.processors.standard.RouteText - RouteText[id=24e84634-fdfb-4a8b-87b3-8cb3253f4f09] Adding new dynamic property: PropertyDescriptor[simple]
[pool-3592-thread-1] INFO org.apache.nifi.processors.standard.RouteText - RouteText[id=24e84634-fdfb-4a8b-87b3-8cb3253f4f09] Created FlowFile[2541,93427851881199.mockFlowFile,24B] from FlowFile[2540,93427851881199.mockFlowFile,24B]; routing to relationship simple
[pool-3592-thread-1] INFO org.apache.nifi.processors.standard.RouteText - RouteText[id=24e84634-fdfb-4a8b-87b3-8cb3253f4f09] Routing FlowFile[2540,93427851881199.mockFlowFile,24B] to original
[main] DEBUG org.apache.nifi.processors.standard.RouteText - RouteText[id=24e84634-fdfb-4a8b-87b3-8cb3253f4f09] Adding new dynamic property: PropertyDescriptor[simple]
[pool-3593-thread-1] INFO org.apache.nifi.processors.standard.RouteText - RouteText[id=24e84634-fdfb-4a8b-87b3-8cb3253f4f09] Created FlowFile[2543,93427852410376.mockFlowFile,24B] from FlowFile[2542,93427852410376.mockFlowFile,24B]; routing to relationship simple
[pool-3593-thread-1] INFO org.apache.nifi.processors.standard.RouteText - RouteText[id=24e84634-fdfb-4a8b-87b3-8cb3253f4f09] Routing FlowFile[2542,93427852410376.mockFlowFile,24B] to original
[main] DEBUG org.apache.nifi.processors.standard.RouteText - RouteText[id=24e84634-fdfb-4a8b-87b3-8cb3253f4f09] Adding new dynamic property: PropertyDescriptor[simple]
[pool-3594-thread-1] INFO org.apache.nifi.processors.standard.RouteText - RouteText[id=24e84634-fdfb-4a8b-87b3-8cb3253f4f09] Created FlowFile[2545,93427852913409.mockFlowFile,24B] from FlowFile[2544,93427852913409.mockFlowFile,24B]; routing to relationship simple
[pool-3594-thread-1] INFO org.apache.nifi.processors.standard.RouteText - RouteText[id=24e84634-fdfb-4a8b-87b3-8cb3253f4f09] Routing FlowFile[2544,93427852913409.mockFlowFile,24B] to original
[main] DEBUG org.apache.nifi.processors.standard.RouteText - RouteText[id=24e84634-fdfb-4a8b-87b3-8cb3253f4f09] Adding new dynamic property: PropertyDescriptor[simple]
[pool-3595-thread-1] INFO org.apache.nifi.processors.standard.RouteText - RouteText[id=24e84634-fdfb-4a8b-87b3-8cb3253f4f09] Created FlowFile[2547,93427853330456.mockFlowFile,24B] from FlowFile[2546,93427853330456.mockFlowFile,24B]; routing to relationship simple
[pool-3595-thread-1] INFO org.apache.nifi.processors.standard.RouteText - RouteText[id=24e84634-fdfb-4a8b-87b3-8cb3253f4f09] Routing FlowFile[2546,93427853330456.mockFlowFile,24B] to original
[main] DEBUG org.apache.nifi.processors.standard.RouteText - RouteText[id=24e84634-fdfb-4a8b-87b3-8cb3253f4f09] Adding new dynamic property: PropertyDescriptor[simple]
[pool-3596-thread-1] INFO org.apache.nifi.processors.standard.RouteText - RouteText[id=24e84634-fdfb-4a8b-87b3-8cb3253f4f09] Created FlowFile[2549,93427853797175.mockFlowFile,24B] from FlowFile[2548,93427853797175.mockFlowFile,24B]; routing to relationship simple
[pool-3596-thread-1] INFO org.apache.nifi.processors.standard.RouteText - RouteText[id=24e84634-fdfb-4a8b-87b3-8cb3253f4f09] Routing FlowFile[2548,93427853797175.mockFlowFile,24B] to original
[main] DEBUG org.apache.nifi.processors.standard.RouteText - RouteText[id=24e84634-fdfb-4a8b-87b3-8cb3253f4f09] Adding new dynamic property: PropertyDescriptor[simple]
[pool-3597-thread-1] INFO org.apache.nifi.processors.standard.RouteText - RouteText[id=24e84634-fdfb-4a8b-87b3-8cb3253f4f09] Created FlowFile[2551,93427854180525.mockFlowFile,24B] from FlowFile[2550,93427854180525.mockFlowFile,24B]; routing to relationship simple
[pool-3597-thread-1] INFO org.apache.nifi.processors.standard.RouteText - RouteText[id=24e84634-fdfb-4a8b-87b3-8cb3253f4f09] Routing FlowFile[2550,93427854180525.mockFlowFile,24B] to original
[main] DEBUG org.apache.nifi.processors.standard.RouteText - RouteText[id=24e84634-fdfb-4a8b-87b3-8cb3253f4f09] Adding new dynamic property: PropertyDescriptor[simple]
[pool-3598-thread-1] INFO org.apache.nifi.processors.standard.RouteText - RouteText[id=24e84634-fdfb-4a8b-87b3-8cb3253f4f09] Created FlowFile[2553,93427854596349.mockFlowFile,24B] from FlowFile[2552,93427854596349.mockFlowFile,24B]; routing to relationship simple
[pool-3598-thread-1] INFO org.apache.nifi.processors.standard.RouteText - RouteText[id=24e84634-fdfb-4a8b-87b3-8cb3253f4f09] Routing FlowFile[2552,93427854596349.mockFlowFile,24B] to original
[main] DEBUG org.apache.nifi.processors.standard.RouteText - RouteText[id=24e84634-fdfb-4a8b-87b3-8cb3253f4f09] Adding new dynamic property: PropertyDescriptor[simple]
[pool-3599-thread-1] INFO org.apache.nifi.processors.standard.RouteText - RouteText[id=24e84634-fdfb-4a8b-87b3-8cb3253f4f09] Created FlowFile[2555,93427855037566.mockFlowFile,24B] from FlowFile[2554,93427855037566.mockFlowFile,24B]; routing to relationship simple
[pool-3599-thread-1] INFO org.apache.nifi.processors.standard.RouteText - RouteText[id=24e84634-fdfb-4a8b-87b3-8cb3253f4f09] Routing FlowFile[2554,93427855037566.mockFlowFile,24B] to original
[main] DEBUG org.apache.nifi.processors.standard.RouteText - RouteText[id=24e84634-fdfb-4a8b-87b3-8cb3253f4f09] Adding new dynamic property: PropertyDescriptor[simple]
[pool-3600-thread-1] INFO org.apache.nifi.processors.standard.RouteText - RouteText[id=24e84634-fdfb-4a8b-87b3-8cb3253f4f09] Created FlowFile[2557,93427855538242.mockFlowFile,24B] from FlowFile[2556,93427855538242.mockFlowFile,24B]; routing to relationship simple
[pool-3600-thread-1] INFO org.apache.nifi.processors.standard.RouteText - RouteText[id=24e84634-fdfb-4a8b-87b3-8cb3253f4f09] Routing FlowFile[2556,93427855538242.mockFlowFile,24B] to original
[main] DEBUG org.apache.nifi.processors.standard.RouteText - RouteText[id=24e84634-fdfb-4a8b-87b3-8cb3253f4f09] Adding new dynamic property: PropertyDescriptor[simple]
[pool-3601-thread-1] INFO org.apache.nifi.processors.standard.RouteText - RouteText[id=24e84634-fdfb-4a8b-87b3-8cb3253f4f09] Created FlowFile[2559,93427856023501.mockFlowFile,24B] from FlowFile[2558,93427856023501.mockFlowFile,24B]; routing to relationship simple
[pool-3601-thread-1] INFO org.apache.nifi.processors.standard.RouteText - RouteText[id=24e84634-fdfb-4a8b-87b3-8cb3253f4f09] Routing FlowFile[2558,93427856023501.mockFlowFile,24B] to original
[main] DEBUG org.apache.nifi.processors.standard.RouteText - RouteText[id=24e84634-fdfb-4a8b-87b3-8cb3253f4f09] Adding new dynamic property: PropertyDescriptor[simple]
[pool-3602-thread-1] INFO org.apache.nifi.processors.standard.RouteText - RouteText[id=24e84634-fdfb-4a8b-87b3-8cb3253f4f09] Created FlowFile[2561,93427856517728.mockFlowFile,24B] from FlowFile[2560,93427856517728.mockFlowFile,24B]; routing to relationship simple
[pool-3602-thread-1] INFO org.apache.nifi.processors.standard.RouteText - RouteText[id=24e84634-fdfb-4a8b-87b3-8cb3253f4f09] Routing FlowFile[2560,93427856517728.mockFlowFile,24B] to original
[main] DEBUG org.apache.nifi.processors.standard.RouteText - RouteText[id=24e84634-fdfb-4a8b-87b3-8cb3253f4f09] Adding new dynamic property: PropertyDescriptor[simple]
[pool-3603-thread-1] INFO org.apache.nifi.processors.standard.RouteText - RouteText[id=24e84634-fdfb-4a8b-87b3-8cb3253f4f09] Created FlowFile[2563,93427857389408.mockFlowFile,24B] from FlowFile[2562,93427857389408.mockFlowFile,24B]; routing to relationship simple
[pool-3603-thread-1] INFO org.apache.nifi.processors.standard.RouteText - RouteText[id=24e84634-fdfb-4a8b-87b3-8cb3253f4f09] Routing FlowFile[2562,93427857389408.mockFlowFile,24B] to original
[main] DEBUG org.apache.nifi.processors.standard.RouteText - RouteText[id=24e84634-fdfb-4a8b-87b3-8cb3253f4f09] Adding new dynamic property: PropertyDescriptor[simple]
[pool-3604-thread-1] INFO org.apache.nifi.processors.standard.RouteText - RouteText[id=24e84634-fdfb-4a8b-87b3-8cb3253f4f09] Created FlowFile[2565,93427857914684.mockFlowFile,24B] from FlowFile[2564,93427857914684.mockFlowFile,24B]; routing to relationship simple
[pool-3604-thread-1] INFO org.apache.nifi.processors.standard.RouteText - RouteText[id=24e84634-fdfb-4a8b-87b3-8cb3253f4f09] Routing FlowFile[2564,93427857914684.mockFlowFile,24B] to original
[main] DEBUG org.apache.nifi.processors.standard.RouteText - RouteText[id=24e84634-fdfb-4a8b-87b3-8cb3253f4f09] Adding new dynamic property: PropertyDescriptor[simple]
[pool-3605-thread-1] INFO org.apache.nifi.processors.standard.RouteText - RouteText[id=24e84634-fdfb-4a8b-87b3-8cb3253f4f09] Created FlowFile[2567,93427858500440.mockFlowFile,24B] from FlowFile[2566,93427858500440.mockFlowFile,24B]; routing to relationship simple
[pool-3605-thread-1] INFO org.apache.nifi.processors.standard.RouteText - RouteText[id=24e84634-fdfb-4a8b-87b3-8cb3253f4f09] Routing FlowFile[2566,93427858500440.mockFlowFile,24B] to original
[main] DEBUG org.apache.nifi.processors.standard.RouteText - RouteText[id=24e84634-fdfb-4a8b-87b3-8cb3253f4f09] Adding new dynamic property: PropertyDescriptor[simple]
[pool-3606-thread-1] INFO org.apache.nifi.processors.standard.RouteText - RouteText[id=24e84634-fdfb-4a8b-87b3-8cb3253f4f09] Created FlowFile[2569,93427859028750.mockFlowFile,24B] from FlowFile[2568,93427859028750.mockFlowFile,24B]; routing to relationship simple
[pool-3606-thread-1] INFO org.apache.nifi.processors.standard.RouteText - RouteText[id=24e84634-fdfb-4a8b-87b3-8cb3253f4f09] Routing FlowFile[2568,93427859028750.mockFlowFile,24B] to original
[main] DEBUG org.apache.nifi.processors.standard.RouteText - RouteText[id=24e84634-fdfb-4a8b-87b3-8cb3253f4f09] Adding new dynamic property: PropertyDescriptor[simple]
[pool-3607-thread-1] INFO org.apache.nifi.processors.standard.RouteText - RouteText[id=24e84634-fdfb-4a8b-87b3-8cb3253f4f09] Created FlowFile[2571,93427859500901.mockFlowFile,24B] from FlowFile[2570,93427859500901.mockFlowFile,24B]; routing to relationship simple
[pool-3607-thread-1] INFO org.apache.nifi.processors.standard.RouteText - RouteText[id=24e84634-fdfb-4a8b-87b3-8cb3253f4f09] Routing FlowFile[2570,93427859500901.mockFlowFile,24B] to original
[main] DEBUG org.apache.nifi.processors.standard.RouteText - RouteText[id=24e84634-fdfb-4a8b-87b3-8cb3253f4f09] Adding new dynamic property: PropertyDescriptor[simple]
[pool-3608-thread-1] INFO org.apache.nifi.processors.standard.RouteText - RouteText[id=24e84634-fdfb-4a8b-87b3-8cb3253f4f09] Created FlowFile[2573,93427859885554.mockFlowFile,24B] from FlowFile[2572,93427859885554.mockFlowFile,24B]; routing to relationship simple
[pool-3608-thread-1] INFO org.apache.nifi.processors.standard.RouteText - RouteText[id=24e84634-fdfb-4a8b-87b3-8cb3253f4f09] Routing FlowFile[2572,93427859885554.mockFlowFile,24B] to original
[main] DEBUG org.apache.nifi.processors.standard.RouteText - RouteText[id=24e84634-fdfb-4a8b-87b3-8cb3253f4f09] Adding new dynamic property: PropertyDescriptor[simple]
[pool-3609-thread-1] INFO org.apache.nifi.processors.standard.RouteText - RouteText[id=24e84634-fdfb-4a8b-87b3-8cb3253f4f09] Created FlowFile[2575,93427860272650.mockFlowFile,24B] from FlowFile[2574,93427860272650.mockFlowFile,24B]; routing to relationship simple
[pool-3609-thread-1] INFO org.apache.nifi.processors.standard.RouteText - RouteText[id=24e84634-fdfb-4a8b-87b3-8cb3253f4f09] Routing FlowFile[2574,93427860272650.mockFlowFile,24B] to original
[main] DEBUG org.apache.nifi.processors.standard.RouteText - RouteText[id=24e84634-fdfb-4a8b-87b3-8cb3253f4f09] Adding new dynamic property: PropertyDescriptor[simple]
[pool-3610-thread-1] INFO org.apache.nifi.processors.standard.RouteText - RouteText[id=24e84634-fdfb-4a8b-87b3-8cb3253f4f09] Created FlowFile[2577,93427860656348.mockFlowFile,24B] from FlowFile[2576,93427860656348.mockFlowFile,24B]; routing to relationship simple
[pool-3610-thread-1] INFO org.apache.nifi.processors.standard.RouteText - RouteText[id=24e84634-fdfb-4a8b-87b3-8cb3253f4f09] Routing FlowFile[2576,93427860656348.mockFlowFile,24B] to original
[main] DEBUG org.apache.nifi.processors.standard.RouteText - RouteText[id=24e84634-fdfb-4a8b-87b3-8cb3253f4f09] Adding new dynamic property: PropertyDescriptor[simple]
[pool-3611-thread-1] INFO org.apache.nifi.processors.standard.RouteText - RouteText[id=24e84634-fdfb-4a8b-87b3-8cb3253f4f09] Created FlowFile[2579,93427861156300.mockFlowFile,24B] from FlowFile[2578,93427861156300.mockFlowFile,24B]; routing to relationship simple
[pool-3611-thread-1] INFO org.apache.nifi.processors.standard.RouteText - RouteText[id=24e84634-fdfb-4a8b-87b3-8cb3253f4f09] Routing FlowFile[2578,93427861156300.mockFlowFile,24B] to original
[main] DEBUG org.apache.nifi.processors.standard.RouteText - RouteText[id=24e84634-fdfb-4a8b-87b3-8cb3253f4f09] Adding new dynamic property: PropertyDescriptor[simple]
[pool-3612-thread-1] INFO org.apache.nifi.processors.standard.RouteText - RouteText[id=24e84634-fdfb-4a8b-87b3-8cb3253f4f09] Created FlowFile[2581,93427861617891.mockFlowFile,24B] from FlowFile[2580,93427861617891.mockFlowFile,24B]; routing to relationship simple
[pool-3612-thread-1] INFO org.apache.nifi.processors.standard.RouteText - RouteText[id=24e84634-fdfb-4a8b-87b3-8cb3253f4f09] Routing FlowFile[2580,93427861617891.mockFlowFile,24B] to original
[main] DEBUG org.apache.nifi.processors.standard.RouteText - RouteText[id=24e84634-fdfb-4a8b-87b3-8cb3253f4f09] Adding new dynamic property: PropertyDescriptor[simple]
[pool-3613-thread-1] INFO org.apache.nifi.processors.standard.RouteText - RouteText[id=24e84634-fdfb-4a8b-87b3-8cb3253f4f09] Created FlowFile[2583,93427862070975.mockFlowFile,24B] from FlowFile[2582,93427862070975.mockFlowFile,24B]; routing to relationship simple
[pool-3613-thread-1] INFO org.apache.nifi.processors.standard.RouteText - RouteText[id=24e84634-fdfb-4a8b-87b3-8cb3253f4f09] Routing FlowFile[2582,93427862070975.mockFlowFile,24B] to original
[main] DEBUG org.apache.nifi.processors.standard.RouteText - RouteText[id=24e84634-fdfb-4a8b-87b3-8cb3253f4f09] Adding new dynamic property: PropertyDescriptor[simple]
[pool-3614-thread-1] INFO org.apache.nifi.processors.standard.RouteText - RouteText[id=24e84634-fdfb-4a8b-87b3-8cb3253f4f09] Created FlowFile[2585,93427862454548.mockFlowFile,24B] from FlowFile[2584,93427862454548.mockFlowFile,24B]; routing to relationship simple
[pool-3614-thread-1] INFO org.apache.nifi.processors.standard.RouteText - RouteText[id=24e84634-fdfb-4a8b-87b3-8cb3253f4f09] Routing FlowFile[2584,93427862454548.mockFlowFile,24B] to original
[main] DEBUG org.apache.nifi.processors.standard.RouteText - RouteText[id=24e84634-fdfb-4a8b-87b3-8cb3253f4f09] Adding new dynamic property: PropertyDescriptor[simple]
[pool-3615-thread-1] INFO org.apache.nifi.processors.standard.RouteText - RouteText[id=24e84634-fdfb-4a8b-87b3-8cb3253f4f09] Created FlowFile[2587,93427862811408.mockFlowFile,24B] from FlowFile[2586,93427862811408.mockFlowFile,24B]; routing to relationship simple
[pool-3615-thread-1] INFO org.apache.nifi.processors.standard.RouteText - RouteText[id=24e84634-fdfb-4a8b-87b3-8cb3253f4f09] Routing FlowFile[2586,93427862811408.mockFlowFile,24B] to original
[main] DEBUG org.apache.nifi.processors.standard.RouteText - RouteText[id=24e84634-fdfb-4a8b-87b3-8cb3253f4f09] Adding new dynamic property: PropertyDescriptor[simple]
[pool-3616-thread-1] INFO org.apache.nifi.processors.standard.RouteText - RouteText[id=24e84634-fdfb-4a8b-87b3-8cb3253f4f09] Created FlowFile[2589,93427863172005.mockFlowFile,24B] from FlowFile[2588,93427863172005.mockFlowFile,24B]; routing to relationship simple
[pool-3616-thread-1] INFO org.apache.nifi.processors.standard.RouteText - RouteText[id=24e84634-fdfb-4a8b-87b3-8cb3253f4f09] Routing FlowFile[2588,93427863172005.mockFlowFile,24B] to original
[main] DEBUG org.apache.nifi.processors.standard.RouteText - RouteText[id=24e84634-fdfb-4a8b-87b3-8cb3253f4f09] Adding new dynamic property: PropertyDescriptor[simple]
[pool-3617-thread-1] INFO org.apache.nifi.processors.standard.RouteText - RouteText[id=24e84634-fdfb-4a8b-87b3-8cb3253f4f09] Created FlowFile[2591,93427863614911.mockFlowFile,24B] from FlowFile[2590,93427863614911.mockFlowFile,24B]; routing to relationship simple
[pool-3617-thread-1] INFO org.apache.nifi.processors.standard.RouteText - RouteText[id=24e84634-fdfb-4a8b-87b3-8cb3253f4f09] Routing FlowFile[2590,93427863614911.mockFlowFile,24B] to original
[main] DEBUG org.apache.nifi.processors.standard.RouteText - RouteText[id=24e84634-fdfb-4a8b-87b3-8cb3253f4f09] Adding new dynamic property: PropertyDescriptor[simple]
[pool-3618-thread-1] INFO org.apache.nifi.processors.standard.RouteText - RouteText[id=24e84634-fdfb-4a8b-87b3-8cb3253f4f09] Created FlowFile[2593,93427863976941.mockFlowFile,24B] from FlowFile[2592,93427863976941.mockFlowFile,24B]; routing to relationship simple
[pool-3618-thread-1] INFO org.apache.nifi.processors.standard.RouteText - RouteText[id=24e84634-fdfb-4a8b-87b3-8cb3253f4f09] Routing FlowFile[2592,93427863976941.mockFlowFile,24B] to original
[main] DEBUG org.apache.nifi.processors.standard.RouteText - RouteText[id=24e84634-fdfb-4a8b-87b3-8cb3253f4f09] Adding new dynamic property: PropertyDescriptor[simple]
[pool-3619-thread-1] INFO org.apache.nifi.processors.standard.RouteText - RouteText[id=24e84634-fdfb-4a8b-87b3-8cb3253f4f09] Created FlowFile[2595,93427864436735.mockFlowFile,24B] from FlowFile[2594,93427864436735.mockFlowFile,24B]; routing to relationship simple
[pool-3619-thread-1] INFO org.apache.nifi.processors.standard.RouteText - RouteText[id=24e84634-fdfb-4a8b-87b3-8cb3253f4f09] Routing FlowFile[2594,93427864436735.mockFlowFile,24B] to original
[main] DEBUG org.apache.nifi.processors.standard.RouteText - RouteText[id=24e84634-fdfb-4a8b-87b3-8cb3253f4f09] Adding new dynamic property: PropertyDescriptor[simple]
[pool-3620-thread-1] INFO org.apache.nifi.processors.standard.RouteText - RouteText[id=24e84634-fdfb-4a8b-87b3-8cb3253f4f09] Created FlowFile[2597,93427864881299.mockFlowFile,24B] from FlowFile[2596,93427864881299.mockFlowFile,24B]; routing to relationship simple
[pool-3620-thread-1] INFO org.apache.nifi.processors.standard.RouteText - RouteText[id=24e84634-fdfb-4a8b-87b3-8cb3253f4f09] Routing FlowFile[2596,93427864881299.mockFlowFile,24B] to original
[main] DEBUG org.apache.nifi.processors.standard.RouteText - RouteText[id=24e84634-fdfb-4a8b-87b3-8cb3253f4f09] Adding new dynamic property: PropertyDescriptor[simple]
[pool-3621-thread-1] INFO org.apache.nifi.processors.standard.RouteText - RouteText[id=24e84634-fdfb-4a8b-87b3-8cb3253f4f09] Created FlowFile[2599,93427865334064.mockFlowFile,24B] from FlowFile[2598,93427865334064.mockFlowFile,24B]; routing to relationship simple
[pool-3621-thread-1] INFO org.apache.nifi.processors.standard.RouteText - RouteText[id=24e84634-fdfb-4a8b-87b3-8cb3253f4f09] Routing FlowFile[2598,93427865334064.mockFlowFile,24B] to original
[main] DEBUG org.apache.nifi.processors.standard.RouteText - RouteText[id=24e84634-fdfb-4a8b-87b3-8cb3253f4f09] Adding new dynamic property: PropertyDescriptor[simple]
[pool-3622-thread-1] INFO org.apache.nifi.processors.standard.RouteText - RouteText[id=24e84634-fdfb-4a8b-87b3-8cb3253f4f09] Created FlowFile[2601,93427865724154.mockFlowFile,24B] from FlowFile[2600,93427865724154.mockFlowFile,24B]; routing to relationship simple
[pool-3622-thread-1] INFO org.apache.nifi.processors.standard.RouteText - RouteText[id=24e84634-fdfb-4a8b-87b3-8cb3253f4f09] Routing FlowFile[2600,93427865724154.mockFlowFile,24B] to original
[main] DEBUG org.apache.nifi.processors.standard.RouteText - RouteText[id=24e84634-fdfb-4a8b-87b3-8cb3253f4f09] Adding new dynamic property: PropertyDescriptor[simple]
[pool-3623-thread-1] INFO org.apache.nifi.processors.standard.RouteText - RouteText[id=24e84634-fdfb-4a8b-87b3-8cb3253f4f09] Created FlowFile[2603,93427866089607.mockFlowFile,24B] from FlowFile[2602,93427866089607.mockFlowFile,24B]; routing to relationship simple
[pool-3623-thread-1] INFO org.apache.nifi.processors.standard.RouteText - RouteText[id=24e84634-fdfb-4a8b-87b3-8cb3253f4f09] Routing FlowFile[2602,93427866089607.mockFlowFile,24B] to original
[main] DEBUG org.apache.nifi.processors.standard.RouteText - RouteText[id=24e84634-fdfb-4a8b-87b3-8cb3253f4f09] Adding new dynamic property: PropertyDescriptor[simple]
[pool-3624-thread-1] INFO org.apache.nifi.processors.standard.RouteText - RouteText[id=24e84634-fdfb-4a8b-87b3-8cb3253f4f09] Created FlowFile[2605,93427866438086.mockFlowFile,24B] from FlowFile[2604,93427866438086.mockFlowFile,24B]; routing to relationship simple
[pool-3624-thread-1] INFO org.apache.nifi.processors.standard.RouteText - RouteText[id=24e84634-fdfb-4a8b-87b3-8cb3253f4f09] Routing FlowFile[2604,93427866438086.mockFlowFile,24B] to original
[main] DEBUG org.apache.nifi.processors.standard.RouteText - RouteText[id=24e84634-fdfb-4a8b-87b3-8cb3253f4f09] Adding new dynamic property: PropertyDescriptor[simple]
[pool-3625-thread-1] INFO org.apache.nifi.processors.standard.RouteText - RouteText[id=24e84634-fdfb-4a8b-87b3-8cb3253f4f09] Created FlowFile[2607,93427866793510.mockFlowFile,24B] from FlowFile[2606,93427866793510.mockFlowFile,24B]; routing to relationship simple
[pool-3625-thread-1] INFO org.apache.nifi.processors.standard.RouteText - RouteText[id=24e84634-fdfb-4a8b-87b3-8cb3253f4f09] Routing FlowFile[2606,93427866793510.mockFlowFile,24B] to original
[main] DEBUG org.apache.nifi.processors.standard.RouteText - RouteText[id=24e84634-fdfb-4a8b-87b3-8cb3253f4f09] Adding new dynamic property: PropertyDescriptor[simple]
[pool-3626-thread-1] INFO org.apache.nifi.processors.standard.RouteText - RouteText[id=24e84634-fdfb-4a8b-87b3-8cb3253f4f09] Created FlowFile[2609,93427867148287.mockFlowFile,24B] from FlowFile[2608,93427867148287.mockFlowFile,24B]; routing to relationship simple
[pool-3626-thread-1] INFO org.apache.nifi.processors.standard.RouteText - RouteText[id=24e84634-fdfb-4a8b-87b3-8cb3253f4f09] Routing FlowFile[2608,93427867148287.mockFlowFile,24B] to original
[main] DEBUG org.apache.nifi.processors.standard.RouteText - RouteText[id=24e84634-fdfb-4a8b-87b3-8cb3253f4f09] Adding new dynamic property: PropertyDescriptor[simple]
[pool-3627-thread-1] INFO org.apache.nifi.processors.standard.RouteText - RouteText[id=24e84634-fdfb-4a8b-87b3-8cb3253f4f09] Created FlowFile[2611,93427867587197.mockFlowFile,24B] from FlowFile[2610,93427867587197.mockFlowFile,24B]; routing to relationship simple
[pool-3627-thread-1] INFO org.apache.nifi.processors.standard.RouteText - RouteText[id=24e84634-fdfb-4a8b-87b3-8cb3253f4f09] Routing FlowFile[2610,93427867587197.mockFlowFile,24B] to original
[main] DEBUG org.apache.nifi.processors.standard.RouteText - RouteText[id=24e84634-fdfb-4a8b-87b3-8cb3253f4f09] Adding new dynamic property: PropertyDescriptor[simple]
[pool-3628-thread-1] INFO org.apache.nifi.processors.standard.RouteText - RouteText[id=24e84634-fdfb-4a8b-87b3-8cb3253f4f09] Created FlowFile[2613,93427867936305.mockFlowFile,24B] from FlowFile[2612,93427867936305.mockFlowFile,24B]; routing to relationship simple
[pool-3628-thread-1] INFO org.apache.nifi.processors.standard.RouteText - RouteText[id=24e84634-fdfb-4a8b-87b3-8cb3253f4f09] Routing FlowFile[2612,93427867936305.mockFlowFile,24B] to original
[main] DEBUG org.apache.nifi.processors.standard.RouteText - RouteText[id=24e84634-fdfb-4a8b-87b3-8cb3253f4f09] Adding new dynamic property: PropertyDescriptor[simple]
[pool-3629-thread-1] INFO org.apache.nifi.processors.standard.RouteText - RouteText[id=24e84634-fdfb-4a8b-87b3-8cb3253f4f09] Created FlowFile[2615,93427868411210.mockFlowFile,24B] from FlowFile[2614,93427868411210.mockFlowFile,24B]; routing to relationship simple
[pool-3629-thread-1] INFO org.apache.nifi.processors.standard.RouteText - RouteText[id=24e84634-fdfb-4a8b-87b3-8cb3253f4f09] Routing FlowFile[2614,93427868411210.mockFlowFile,24B] to original
[main] DEBUG org.apache.nifi.processors.standard.RouteText - RouteText[id=24e84634-fdfb-4a8b-87b3-8cb3253f4f09] Adding new dynamic property: PropertyDescriptor[simple]
[pool-3630-thread-1] INFO org.apache.nifi.processors.standard.RouteText - RouteText[id=24e84634-fdfb-4a8b-87b3-8cb3253f4f09] Created FlowFile[2617,93427868854301.mockFlowFile,24B] from FlowFile[2616,93427868854301.mockFlowFile,24B]; routing to relationship simple
[pool-3630-thread-1] INFO org.apache.nifi.processors.standard.RouteText - RouteText[id=24e84634-fdfb-4a8b-87b3-8cb3253f4f09] Routing FlowFile[2616,93427868854301.mockFlowFile,24B] to original
[main] DEBUG org.apache.nifi.processors.standard.RouteText - RouteText[id=24e84634-fdfb-4a8b-87b3-8cb3253f4f09] Adding new dynamic property: PropertyDescriptor[simple]
[pool-3631-thread-1] INFO org.apache.nifi.processors.standard.RouteText - RouteText[id=24e84634-fdfb-4a8b-87b3-8cb3253f4f09] Created FlowFile[2619,93427869226949.mockFlowFile,24B] from FlowFile[2618,93427869226949.mockFlowFile,24B]; routing to relationship simple
[pool-3631-thread-1] INFO org.apache.nifi.processors.standard.RouteText - RouteText[id=24e84634-fdfb-4a8b-87b3-8cb3253f4f09] Routing FlowFile[2618,93427869226949.mockFlowFile,24B] to original
[main] DEBUG org.apache.nifi.processors.standard.RouteText - RouteText[id=24e84634-fdfb-4a8b-87b3-8cb3253f4f09] Adding new dynamic property: PropertyDescriptor[simple]
[pool-3632-thread-1] INFO org.apache.nifi.processors.standard.RouteText - RouteText[id=24e84634-fdfb-4a8b-87b3-8cb3253f4f09] Created FlowFile[2621,93427869596716.mockFlowFile,24B] from FlowFile[2620,93427869596716.mockFlowFile,24B]; routing to relationship simple
[pool-3632-thread-1] INFO org.apache.nifi.processors.standard.RouteText - RouteText[id=24e84634-fdfb-4a8b-87b3-8cb3253f4f09] Routing FlowFile[2620,93427869596716.mockFlowFile,24B] to original
[main] DEBUG org.apache.nifi.processors.standard.RouteText - RouteText[id=24e84634-fdfb-4a8b-87b3-8cb3253f4f09] Adding new dynamic property: PropertyDescriptor[simple]
[pool-3633-thread-1] INFO org.apache.nifi.processors.standard.RouteText - RouteText[id=24e84634-fdfb-4a8b-87b3-8cb3253f4f09] Created FlowFile[2623,93427869960302.mockFlowFile,24B] from FlowFile[2622,93427869960302.mockFlowFile,24B]; routing to relationship simple
[pool-3633-thread-1] INFO org.apache.nifi.processors.standard.RouteText - RouteText[id=24e84634-fdfb-4a8b-87b3-8cb3253f4f09] Routing FlowFile[2622,93427869960302.mockFlowFile,24B] to original
[main] DEBUG org.apache.nifi.processors.standard.RouteText - RouteText[id=24e84634-fdfb-4a8b-87b3-8cb3253f4f09] Adding new dynamic property: PropertyDescriptor[simple]
[pool-3634-thread-1] INFO org.apache.nifi.processors.standard.RouteText - RouteText[id=24e84634-fdfb-4a8b-87b3-8cb3253f4f09] Created FlowFile[2625,93427870328577.mockFlowFile,24B] from FlowFile[2624,93427870328577.mockFlowFile,24B]; routing to relationship simple
[pool-3634-thread-1] INFO org.apache.nifi.processors.standard.RouteText - RouteText[id=24e84634-fdfb-4a8b-87b3-8cb3253f4f09] Routing FlowFile[2624,93427870328577.mockFlowFile,24B] to original
[main] DEBUG org.apache.nifi.processors.standard.RouteText - RouteText[id=24e84634-fdfb-4a8b-87b3-8cb3253f4f09] Adding new dynamic property: PropertyDescriptor[simple]
[pool-3635-thread-1] INFO org.apache.nifi.processors.standard.RouteText - RouteText[id=24e84634-fdfb-4a8b-87b3-8cb3253f4f09] Created FlowFile[2627,93427870692149.mockFlowFile,24B] from FlowFile[2626,93427870692149.mockFlowFile,24B]; routing to relationship simple
[pool-3635-thread-1] INFO org.apache.nifi.processors.standard.RouteText - RouteText[id=24e84634-fdfb-4a8b-87b3-8cb3253f4f09] Routing FlowFile[2626,93427870692149.mockFlowFile,24B] to original
[main] DEBUG org.apache.nifi.processors.standard.RouteText - RouteText[id=24e84634-fdfb-4a8b-87b3-8cb3253f4f09] Adding new dynamic property: PropertyDescriptor[simple]
[pool-3636-thread-1] INFO org.apache.nifi.processors.standard.RouteText - RouteText[id=24e84634-fdfb-4a8b-87b3-8cb3253f4f09] Created FlowFile[2629,93427871047621.mockFlowFile,24B] from FlowFile[2628,93427871047621.mockFlowFile,24B]; routing to relationship simple
[pool-3636-thread-1] INFO org.apache.nifi.processors.standard.RouteText - RouteText[id=24e84634-fdfb-4a8b-87b3-8cb3253f4f09] Routing FlowFile[2628,93427871047621.mockFlowFile,24B] to original
[main] DEBUG org.apache.nifi.processors.standard.RouteText - RouteText[id=24e84634-fdfb-4a8b-87b3-8cb3253f4f09] Adding new dynamic property: PropertyDescriptor[simple]
[pool-3637-thread-1] INFO org.apache.nifi.processors.standard.RouteText - RouteText[id=24e84634-fdfb-4a8b-87b3-8cb3253f4f09] Created FlowFile[2631,93427871480289.mockFlowFile,24B] from FlowFile[2630,93427871480289.mockFlowFile,24B]; routing to relationship simple
[pool-3637-thread-1] INFO org.apache.nifi.processors.standard.RouteText - RouteText[id=24e84634-fdfb-4a8b-87b3-8cb3253f4f09] Routing FlowFile[2630,93427871480289.mockFlowFile,24B] to original
[main] DEBUG org.apache.nifi.processors.standard.RouteText - RouteText[id=24e84634-fdfb-4a8b-87b3-8cb3253f4f09] Adding new dynamic property: PropertyDescriptor[simple]
[pool-3638-thread-1] INFO org.apache.nifi.processors.standard.RouteText - RouteText[id=24e84634-fdfb-4a8b-87b3-8cb3253f4f09] Created FlowFile[2633,93427871839307.mockFlowFile,24B] from FlowFile[2632,93427871839307.mockFlowFile,24B]; routing to relationship simple
[pool-3638-thread-1] INFO org.apache.nifi.processors.standard.RouteText - RouteText[id=24e84634-fdfb-4a8b-87b3-8cb3253f4f09] Routing FlowFile[2632,93427871839307.mockFlowFile,24B] to original
[main] DEBUG org.apache.nifi.processors.standard.RouteText - RouteText[id=24e84634-fdfb-4a8b-87b3-8cb3253f4f09] Adding new dynamic property: PropertyDescriptor[simple]
[pool-3639-thread-1] INFO org.apache.nifi.processors.standard.RouteText - RouteText[id=24e84634-fdfb-4a8b-87b3-8cb3253f4f09] Created FlowFile[2635,93427872219210.mockFlowFile,24B] from FlowFile[2634,93427872219210.mockFlowFile,24B]; routing to relationship simple
[pool-3639-thread-1] INFO org.apache.nifi.processors.standard.RouteText - RouteText[id=24e84634-fdfb-4a8b-87b3-8cb3253f4f09] Routing FlowFile[2634,93427872219210.mockFlowFile,24B] to original
[main] DEBUG org.apache.nifi.processors.standard.RouteText - RouteText[id=24e84634-fdfb-4a8b-87b3-8cb3253f4f09] Adding new dynamic property: PropertyDescriptor[simple]
[pool-3640-thread-1] INFO org.apache.nifi.processors.standard.RouteText - RouteText[id=24e84634-fdfb-4a8b-87b3-8cb3253f4f09] Created FlowFile[2637,93427872592936.mockFlowFile,24B] from FlowFile[2636,93427872592936.mockFlowFile,24B]; routing to relationship simple
[pool-3640-thread-1] INFO org.apache.nifi.processors.standard.RouteText - RouteText[id=24e84634-fdfb-4a8b-87b3-8cb3253f4f09] Routing FlowFile[2636,93427872592936.mockFlowFile,24B] to original
[main] DEBUG org.apache.nifi.processors.standard.RouteText - RouteText[id=24e84634-fdfb-4a8b-87b3-8cb3253f4f09] Adding new dynamic property: PropertyDescriptor[simple]
[pool-3641-thread-1] INFO org.apache.nifi.processors.standard.RouteText - RouteText[id=24e84634-fdfb-4a8b-87b3-8cb3253f4f09] Created FlowFile[2639,93427872958552.mockFlowFile,24B] from FlowFile[2638,93427872958552.mockFlowFile,24B]; routing to relationship simple
[pool-3641-thread-1] INFO org.apache.nifi.processors.standard.RouteText - RouteText[id=24e84634-fdfb-4a8b-87b3-8cb3253f4f09] Routing FlowFile[2638,93427872958552.mockFlowFile,24B] to original
[main] DEBUG org.apache.nifi.processors.standard.RouteText - RouteText[id=24e84634-fdfb-4a8b-87b3-8cb3253f4f09] Adding new dynamic property: PropertyDescriptor[simple]
[pool-3642-thread-1] INFO org.apache.nifi.processors.standard.RouteText - RouteText[id=24e84634-fdfb-4a8b-87b3-8cb3253f4f09] Created FlowFile[2641,93427873332321.mockFlowFile,24B] from FlowFile[2640,93427873332321.mockFlowFile,24B]; routing to relationship simple
[pool-3642-thread-1] INFO org.apache.nifi.processors.standard.RouteText - RouteText[id=24e84634-fdfb-4a8b-87b3-8cb3253f4f09] Routing FlowFile[2640,93427873332321.mockFlowFile,24B] to original
[main] DEBUG org.apache.nifi.processors.standard.RouteText - RouteText[id=24e84634-fdfb-4a8b-87b3-8cb3253f4f09] Adding new dynamic property: PropertyDescriptor[simple]
[pool-3643-thread-1] INFO org.apache.nifi.processors.standard.RouteText - RouteText[id=24e84634-fdfb-4a8b-87b3-8cb3253f4f09] Created FlowFile[2643,93427873775999.mockFlowFile,24B] from FlowFile[2642,93427873775999.mockFlowFile,24B]; routing to relationship simple
[pool-3643-thread-1] INFO org.apache.nifi.processors.standard.RouteText - RouteText[id=24e84634-fdfb-4a8b-87b3-8cb3253f4f09] Routing FlowFile[2642,93427873775999.mockFlowFile,24B] to original
[main] DEBUG org.apache.nifi.processors.standard.RouteText - RouteText[id=24e84634-fdfb-4a8b-87b3-8cb3253f4f09] Adding new dynamic property: PropertyDescriptor[simple]
[pool-3644-thread-1] INFO org.apache.nifi.processors.standard.RouteText - RouteText[id=24e84634-fdfb-4a8b-87b3-8cb3253f4f09] Created FlowFile[2645,93427874151849.mockFlowFile,24B] from FlowFile[2644,93427874151849.mockFlowFile,24B]; routing to relationship simple
[pool-3644-thread-1] INFO org.apache.nifi.processors.standard.RouteText - RouteText[id=24e84634-fdfb-4a8b-87b3-8cb3253f4f09] Routing FlowFile[2644,93427874151849.mockFlowFile,24B] to original
[main] DEBUG org.apache.nifi.processors.standard.RouteText - RouteText[id=24e84634-fdfb-4a8b-87b3-8cb3253f4f09] Adding new dynamic property: PropertyDescriptor[simple]
[pool-3645-thread-1] INFO org.apache.nifi.processors.standard.RouteText - RouteText[id=24e84634-fdfb-4a8b-87b3-8cb3253f4f09] Created FlowFile[2647,93427874548988.mockFlowFile,24B] from FlowFile[2646,93427874548988.mockFlowFile,24B]; routing to relationship simple
[pool-3645-thread-1] INFO org.apache.nifi.processors.standard.RouteText - RouteText[id=24e84634-fdfb-4a8b-87b3-8cb3253f4f09] Routing FlowFile[2646,93427874548988.mockFlowFile,24B] to original
[main] DEBUG org.apache.nifi.processors.standard.RouteText - RouteText[id=24e84634-fdfb-4a8b-87b3-8cb3253f4f09] Adding new dynamic property: PropertyDescriptor[simple]
[pool-3646-thread-1] INFO org.apache.nifi.processors.standard.RouteText - RouteText[id=24e84634-fdfb-4a8b-87b3-8cb3253f4f09] Created FlowFile[2649,93427874946182.mockFlowFile,24B] from FlowFile[2648,93427874946182.mockFlowFile,24B]; routing to relationship simple
[pool-3646-thread-1] INFO org.apache.nifi.processors.standard.RouteText - RouteText[id=24e84634-fdfb-4a8b-87b3-8cb3253f4f09] Routing FlowFile[2648,93427874946182.mockFlowFile,24B] to original
[main] DEBUG org.apache.nifi.processors.standard.RouteText - RouteText[id=24e84634-fdfb-4a8b-87b3-8cb3253f4f09] Adding new dynamic property: PropertyDescriptor[simple]
[pool-3647-thread-1] INFO org.apache.nifi.processors.standard.RouteText - RouteText[id=24e84634-fdfb-4a8b-87b3-8cb3253f4f09] Created FlowFile[2651,93427875379494.mockFlowFile,24B] from FlowFile[2650,93427875379494.mockFlowFile,24B]; routing to relationship simple
[pool-3647-thread-1] INFO org.apache.nifi.processors.standard.RouteText - RouteText[id=24e84634-fdfb-4a8b-87b3-8cb3253f4f09] Routing FlowFile[2650,93427875379494.mockFlowFile,24B] to original
[main] DEBUG org.apache.nifi.processors.standard.RouteText - RouteText[id=24e84634-fdfb-4a8b-87b3-8cb3253f4f09] Adding new dynamic property: PropertyDescriptor[simple]
[pool-3648-thread-1] INFO org.apache.nifi.processors.standard.RouteText - RouteText[id=24e84634-fdfb-4a8b-87b3-8cb3253f4f09] Created FlowFile[2653,93427875750621.mockFlowFile,24B] from FlowFile[2652,93427875750621.mockFlowFile,24B]; routing to relationship simple
[pool-3648-thread-1] INFO org.apache.nifi.processors.standard.RouteText - RouteText[id=24e84634-fdfb-4a8b-87b3-8cb3253f4f09] Routing FlowFile[2652,93427875750621.mockFlowFile,24B] to original
[main] DEBUG org.apache.nifi.processors.standard.RouteText - RouteText[id=24e84634-fdfb-4a8b-87b3-8cb3253f4f09] Adding new dynamic property: PropertyDescriptor[simple]
[pool-3649-thread-1] INFO org.apache.nifi.processors.standard.RouteText - RouteText[id=24e84634-fdfb-4a8b-87b3-8cb3253f4f09] Created FlowFile[2655,93427876230168.mockFlowFile,24B] from FlowFile[2654,93427876230168.mockFlowFile,24B]; routing to relationship simple
[pool-3649-thread-1] INFO org.apache.nifi.processors.standard.RouteText - RouteText[id=24e84634-fdfb-4a8b-87b3-8cb3253f4f09] Routing FlowFile[2654,93427876230168.mockFlowFile,24B] to original
[main] DEBUG org.apache.nifi.processors.standard.RouteText - RouteText[id=24e84634-fdfb-4a8b-87b3-8cb3253f4f09] Adding new dynamic property: PropertyDescriptor[simple]
[pool-3650-thread-1] INFO org.apache.nifi.processors.standard.RouteText - RouteText[id=24e84634-fdfb-4a8b-87b3-8cb3253f4f09] Created FlowFile[2657,93427876766300.mockFlowFile,24B] from FlowFile[2656,93427876766300.mockFlowFile,24B]; routing to relationship simple
[pool-3650-thread-1] INFO org.apache.nifi.processors.standard.RouteText - RouteText[id=24e84634-fdfb-4a8b-87b3-8cb3253f4f09] Routing FlowFile[2656,93427876766300.mockFlowFile,24B] to original
[main] DEBUG org.apache.nifi.processors.standard.RouteText - RouteText[id=24e84634-fdfb-4a8b-87b3-8cb3253f4f09] Adding new dynamic property: PropertyDescriptor[simple]
[pool-3651-thread-1] INFO org.apache.nifi.processors.standard.RouteText - RouteText[id=24e84634-fdfb-4a8b-87b3-8cb3253f4f09] Created FlowFile[2659,93427877255453.mockFlowFile,24B] from FlowFile[2658,93427877255453.mockFlowFile,24B]; routing to relationship simple
[pool-3651-thread-1] INFO org.apache.nifi.processors.standard.RouteText - RouteText[id=24e84634-fdfb-4a8b-87b3-8cb3253f4f09] Routing FlowFile[2658,93427877255453.mockFlowFile,24B] to original
[main] DEBUG org.apache.nifi.processors.standard.RouteText - RouteText[id=24e84634-fdfb-4a8b-87b3-8cb3253f4f09] Adding new dynamic property: PropertyDescriptor[simple]
[pool-3652-thread-1] INFO org.apache.nifi.processors.standard.RouteText - RouteText[id=24e84634-fdfb-4a8b-87b3-8cb3253f4f09] Created FlowFile[2661,93427877774778.mockFlowFile,24B] from FlowFile[2660,93427877774778.mockFlowFile,24B]; routing to relationship simple
[pool-3652-thread-1] INFO org.apache.nifi.processors.standard.RouteText - RouteText[id=24e84634-fdfb-4a8b-87b3-8cb3253f4f09] Routing FlowFile[2660,93427877774778.mockFlowFile,24B] to original
[main] DEBUG org.apache.nifi.processors.standard.RouteText - RouteText[id=24e84634-fdfb-4a8b-87b3-8cb3253f4f09] Adding new dynamic property: PropertyDescriptor[simple]
[pool-3653-thread-1] INFO org.apache.nifi.processors.standard.RouteText - RouteText[id=24e84634-fdfb-4a8b-87b3-8cb3253f4f09] Created FlowFile[2663,93427878190290.mockFlowFile,24B] from FlowFile[2662,93427878190290.mockFlowFile,24B]; routing to relationship simple
[pool-3653-thread-1] INFO org.apache.nifi.processors.standard.RouteText - RouteText[id=24e84634-fdfb-4a8b-87b3-8cb3253f4f09] Routing FlowFile[2662,93427878190290.mockFlowFile,24B] to original
[main] DEBUG org.apache.nifi.processors.standard.RouteText - RouteText[id=24e84634-fdfb-4a8b-87b3-8cb3253f4f09] Adding new dynamic property: PropertyDescriptor[simple]
[pool-3654-thread-1] INFO org.apache.nifi.processors.standard.RouteText - RouteText[id=24e84634-fdfb-4a8b-87b3-8cb3253f4f09] Created FlowFile[2665,93427878602080.mockFlowFile,24B] from FlowFile[2664,93427878602080.mockFlowFile,24B]; routing to relationship simple
[pool-3654-thread-1] INFO org.apache.nifi.processors.standard.RouteText - RouteText[id=24e84634-fdfb-4a8b-87b3-8cb3253f4f09] Routing FlowFile[2664,93427878602080.mockFlowFile,24B] to original
[main] DEBUG org.apache.nifi.processors.standard.RouteText - RouteText[id=24e84634-fdfb-4a8b-87b3-8cb3253f4f09] Adding new dynamic property: PropertyDescriptor[simple]
[pool-3655-thread-1] INFO org.apache.nifi.processors.standard.RouteText - RouteText[id=24e84634-fdfb-4a8b-87b3-8cb3253f4f09] Created FlowFile[2667,93427879003596.mockFlowFile,24B] from FlowFile[2666,93427879003596.mockFlowFile,24B]; routing to relationship simple
[pool-3655-thread-1] INFO org.apache.nifi.processors.standard.RouteText - RouteText[id=24e84634-fdfb-4a8b-87b3-8cb3253f4f09] Routing FlowFile[2666,93427879003596.mockFlowFile,24B] to original
[main] DEBUG org.apache.nifi.processors.standard.RouteText - RouteText[id=24e84634-fdfb-4a8b-87b3-8cb3253f4f09] Adding new dynamic property: PropertyDescriptor[simple]
[pool-3656-thread-1] INFO org.apache.nifi.processors.standard.RouteText - RouteText[id=24e84634-fdfb-4a8b-87b3-8cb3253f4f09] Created FlowFile[2669,93427879548425.mockFlowFile,24B] from FlowFile[2668,93427879548425.mockFlowFile,24B]; routing to relationship simple
[pool-3656-thread-1] INFO org.apache.nifi.processors.standard.RouteText - RouteText[id=24e84634-fdfb-4a8b-87b3-8cb3253f4f09] Routing FlowFile[2668,93427879548425.mockFlowFile,24B] to original
[main] DEBUG org.apache.nifi.processors.standard.RouteText - RouteText[id=24e84634-fdfb-4a8b-87b3-8cb3253f4f09] Adding new dynamic property: PropertyDescriptor[simple]
[pool-3657-thread-1] INFO org.apache.nifi.processors.standard.RouteText - RouteText[id=24e84634-fdfb-4a8b-87b3-8cb3253f4f09] Created FlowFile[2671,93427879983066.mockFlowFile,24B] from FlowFile[2670,93427879983066.mockFlowFile,24B]; routing to relationship simple
[pool-3657-thread-1] INFO org.apache.nifi.processors.standard.RouteText - RouteText[id=24e84634-fdfb-4a8b-87b3-8cb3253f4f09] Routing FlowFile[2670,93427879983066.mockFlowFile,24B] to original
[main] DEBUG org.apache.nifi.processors.standard.RouteText - RouteText[id=24e84634-fdfb-4a8b-87b3-8cb3253f4f09] Adding new dynamic property: PropertyDescriptor[simple]
[pool-3658-thread-1] INFO org.apache.nifi.processors.standard.RouteText - RouteText[id=24e84634-fdfb-4a8b-87b3-8cb3253f4f09] Created FlowFile[2673,93427880506518.mockFlowFile,24B] from FlowFile[2672,93427880506518.mockFlowFile,24B]; routing to relationship simple
[pool-3658-thread-1] INFO org.apache.nifi.processors.standard.RouteText - RouteText[id=24e84634-fdfb-4a8b-87b3-8cb3253f4f09] Routing FlowFile[2672,93427880506518.mockFlowFile,24B] to original
[main] DEBUG org.apache.nifi.processors.standard.RouteText - RouteText[id=24e84634-fdfb-4a8b-87b3-8cb3253f4f09] Adding new dynamic property: PropertyDescriptor[simple]
[pool-3659-thread-1] INFO org.apache.nifi.processors.standard.RouteText - RouteText[id=24e84634-fdfb-4a8b-87b3-8cb3253f4f09] Created FlowFile[2675,93427880921199.mockFlowFile,24B] from FlowFile[2674,93427880921199.mockFlowFile,24B]; routing to relationship simple
[pool-3659-thread-1] INFO org.apache.nifi.processors.standard.RouteText - RouteText[id=24e84634-fdfb-4a8b-87b3-8cb3253f4f09] Routing FlowFile[2674,93427880921199.mockFlowFile,24B] to original
[main] DEBUG org.apache.nifi.processors.standard.RouteText - RouteText[id=24e84634-fdfb-4a8b-87b3-8cb3253f4f09] Adding new dynamic property: PropertyDescriptor[simple]
[pool-3660-thread-1] INFO org.apache.nifi.processors.standard.RouteText - RouteText[id=24e84634-fdfb-4a8b-87b3-8cb3253f4f09] Created FlowFile[2677,93427881413960.mockFlowFile,24B] from FlowFile[2676,93427881413960.mockFlowFile,24B]; routing to relationship simple
[pool-3660-thread-1] INFO org.apache.nifi.processors.standard.RouteText - RouteText[id=24e84634-fdfb-4a8b-87b3-8cb3253f4f09] Routing FlowFile[2676,93427881413960.mockFlowFile,24B] to original
[main] DEBUG org.apache.nifi.processors.standard.RouteText - RouteText[id=24e84634-fdfb-4a8b-87b3-8cb3253f4f09] Adding new dynamic property: PropertyDescriptor[simple]
[pool-3661-thread-1] INFO org.apache.nifi.processors.standard.RouteText - RouteText[id=24e84634-fdfb-4a8b-87b3-8cb3253f4f09] Created FlowFile[2679,93427881895708.mockFlowFile,24B] from FlowFile[2678,93427881895708.mockFlowFile,24B]; routing to relationship simple
[pool-3661-thread-1] INFO org.apache.nifi.processors.standard.RouteText - RouteText[id=24e84634-fdfb-4a8b-87b3-8cb3253f4f09] Routing FlowFile[2678,93427881895708.mockFlowFile,24B] to original
[main] DEBUG org.apache.nifi.processors.standard.RouteText - RouteText[id=24e84634-fdfb-4a8b-87b3-8cb3253f4f09] Adding new dynamic property: PropertyDescriptor[simple]
[pool-3662-thread-1] INFO org.apache.nifi.processors.standard.RouteText - RouteText[id=24e84634-fdfb-4a8b-87b3-8cb3253f4f09] Created FlowFile[2681,93427882297310.mockFlowFile,24B] from FlowFile[2680,93427882297310.mockFlowFile,24B]; routing to relationship simple
[pool-3662-thread-1] INFO org.apache.nifi.processors.standard.RouteText - RouteText[id=24e84634-fdfb-4a8b-87b3-8cb3253f4f09] Routing FlowFile[2680,93427882297310.mockFlowFile,24B] to original
[main] DEBUG org.apache.nifi.processors.standard.RouteText - RouteText[id=24e84634-fdfb-4a8b-87b3-8cb3253f4f09] Adding new dynamic property: PropertyDescriptor[simple]
[pool-3663-thread-1] INFO org.apache.nifi.processors.standard.RouteText - RouteText[id=24e84634-fdfb-4a8b-87b3-8cb3253f4f09] Created FlowFile[2683,93427882907908.mockFlowFile,24B] from FlowFile[2682,93427882907908.mockFlowFile,24B]; routing to relationship simple
[pool-3663-thread-1] INFO org.apache.nifi.processors.standard.RouteText - RouteText[id=24e84634-fdfb-4a8b-87b3-8cb3253f4f09] Routing FlowFile[2682,93427882907908.mockFlowFile,24B] to original
[main] DEBUG org.apache.nifi.processors.standard.RouteText - RouteText[id=24e84634-fdfb-4a8b-87b3-8cb3253f4f09] Adding new dynamic property: PropertyDescriptor[simple]
[pool-3664-thread-1] INFO org.apache.nifi.processors.standard.RouteText - RouteText[id=24e84634-fdfb-4a8b-87b3-8cb3253f4f09] Created FlowFile[2685,93427884422987.mockFlowFile,24B] from FlowFile[2684,93427884422987.mockFlowFile,24B]; routing to relationship simple
[pool-3664-thread-1] INFO org.apache.nifi.processors.standard.RouteText - RouteText[id=24e84634-fdfb-4a8b-87b3-8cb3253f4f09] Routing FlowFile[2684,93427884422987.mockFlowFile,24B] to original
[main] DEBUG org.apache.nifi.processors.standard.RouteText - RouteText[id=24e84634-fdfb-4a8b-87b3-8cb3253f4f09] Adding new dynamic property: PropertyDescriptor[simple]
[pool-3665-thread-1] INFO org.apache.nifi.processors.standard.RouteText - RouteText[id=24e84634-fdfb-4a8b-87b3-8cb3253f4f09] Created FlowFile[2687,93427884956028.mockFlowFile,24B] from FlowFile[2686,93427884956028.mockFlowFile,24B]; routing to relationship simple
[pool-3665-thread-1] INFO org.apache.nifi.processors.standard.RouteText - RouteText[id=24e84634-fdfb-4a8b-87b3-8cb3253f4f09] Routing FlowFile[2686,93427884956028.mockFlowFile,24B] to original
[main] DEBUG org.apache.nifi.processors.standard.RouteText - RouteText[id=24e84634-fdfb-4a8b-87b3-8cb3253f4f09] Adding new dynamic property: PropertyDescriptor[simple]
[pool-3666-thread-1] INFO org.apache.nifi.processors.standard.RouteText - RouteText[id=24e84634-fdfb-4a8b-87b3-8cb3253f4f09] Created FlowFile[2689,93427885387214.mockFlowFile,24B] from FlowFile[2688,93427885387214.mockFlowFile,24B]; routing to relationship simple
[pool-3666-thread-1] INFO org.apache.nifi.processors.standard.RouteText - RouteText[id=24e84634-fdfb-4a8b-87b3-8cb3253f4f09] Routing FlowFile[2688,93427885387214.mockFlowFile,24B] to original
[main] DEBUG org.apache.nifi.processors.standard.RouteText - RouteText[id=24e84634-fdfb-4a8b-87b3-8cb3253f4f09] Adding new dynamic property: PropertyDescriptor[simple]
[pool-3667-thread-1] INFO org.apache.nifi.processors.standard.RouteText - RouteText[id=24e84634-fdfb-4a8b-87b3-8cb3253f4f09] Created FlowFile[2691,93427885912447.mockFlowFile,24B] from FlowFile[2690,93427885912447.mockFlowFile,24B]; routing to relationship simple
[pool-3667-thread-1] INFO org.apache.nifi.processors.standard.RouteText - RouteText[id=24e84634-fdfb-4a8b-87b3-8cb3253f4f09] Routing FlowFile[2690,93427885912447.mockFlowFile,24B] to original
[main] DEBUG org.apache.nifi.processors.standard.RouteText - RouteText[id=24e84634-fdfb-4a8b-87b3-8cb3253f4f09] Adding new dynamic property: PropertyDescriptor[simple]
[pool-3668-thread-1] INFO org.apache.nifi.processors.standard.RouteText - RouteText[id=24e84634-fdfb-4a8b-87b3-8cb3253f4f09] Created FlowFile[2693,93427886372635.mockFlowFile,24B] from FlowFile[2692,93427886372635.mockFlowFile,24B]; routing to relationship simple
[pool-3668-thread-1] INFO org.apache.nifi.processors.standard.RouteText - RouteText[id=24e84634-fdfb-4a8b-87b3-8cb3253f4f09] Routing FlowFile[2692,93427886372635.mockFlowFile,24B] to original
[main] DEBUG org.apache.nifi.processors.standard.RouteText - RouteText[id=24e84634-fdfb-4a8b-87b3-8cb3253f4f09] Adding new dynamic property: PropertyDescriptor[simple]
[pool-3669-thread-1] INFO org.apache.nifi.processors.standard.RouteText - RouteText[id=24e84634-fdfb-4a8b-87b3-8cb3253f4f09] Created FlowFile[2695,93427886804719.mockFlowFile,24B] from FlowFile[2694,93427886804719.mockFlowFile,24B]; routing to relationship simple
[pool-3669-thread-1] INFO org.apache.nifi.processors.standard.RouteText - RouteText[id=24e84634-fdfb-4a8b-87b3-8cb3253f4f09] Routing FlowFile[2694,93427886804719.mockFlowFile,24B] to original
[main] DEBUG org.apache.nifi.processors.standard.RouteText - RouteText[id=24e84634-fdfb-4a8b-87b3-8cb3253f4f09] Adding new dynamic property: PropertyDescriptor[simple]
[pool-3670-thread-1] INFO org.apache.nifi.processors.standard.RouteText - RouteText[id=24e84634-fdfb-4a8b-87b3-8cb3253f4f09] Created FlowFile[2697,93427887240213.mockFlowFile,24B] from FlowFile[2696,93427887240213.mockFlowFile,24B]; routing to relationship simple
[pool-3670-thread-1] INFO org.apache.nifi.processors.standard.RouteText - RouteText[id=24e84634-fdfb-4a8b-87b3-8cb3253f4f09] Routing FlowFile[2696,93427887240213.mockFlowFile,24B] to original
[main] DEBUG org.apache.nifi.processors.standard.RouteText - RouteText[id=24e84634-fdfb-4a8b-87b3-8cb3253f4f09] Adding new dynamic property: PropertyDescriptor[simple]
[pool-3671-thread-1] INFO org.apache.nifi.processors.standard.RouteText - RouteText[id=24e84634-fdfb-4a8b-87b3-8cb3253f4f09] Created FlowFile[2699,93427887681210.mockFlowFile,24B] from FlowFile[2698,93427887681210.mockFlowFile,24B]; routing to relationship simple
[pool-3671-thread-1] INFO org.apache.nifi.processors.standard.RouteText - RouteText[id=24e84634-fdfb-4a8b-87b3-8cb3253f4f09] Routing FlowFile[2698,93427887681210.mockFlowFile,24B] to original
[main] DEBUG org.apache.nifi.processors.standard.RouteText - RouteText[id=24e84634-fdfb-4a8b-87b3-8cb3253f4f09] Adding new dynamic property: PropertyDescriptor[simple]
[pool-3672-thread-1] INFO org.apache.nifi.processors.standard.RouteText - RouteText[id=24e84634-fdfb-4a8b-87b3-8cb3253f4f09] Created FlowFile[2701,93427888127770.mockFlowFile,24B] from FlowFile[2700,93427888127770.mockFlowFile,24B]; routing to relationship simple
[pool-3672-thread-1] INFO org.apache.nifi.processors.standard.RouteText - RouteText[id=24e84634-fdfb-4a8b-87b3-8cb3253f4f09] Routing FlowFile[2700,93427888127770.mockFlowFile,24B] to original
[main] DEBUG org.apache.nifi.processors.standard.RouteText - RouteText[id=24e84634-fdfb-4a8b-87b3-8cb3253f4f09] Adding new dynamic property: PropertyDescriptor[simple]
[pool-3673-thread-1] INFO org.apache.nifi.processors.standard.RouteText - RouteText[id=24e84634-fdfb-4a8b-87b3-8cb3253f4f09] Created FlowFile[2703,93427888546137.mockFlowFile,24B] from FlowFile[2702,93427888546137.mockFlowFile,24B]; routing to relationship simple
[pool-3673-thread-1] INFO org.apache.nifi.processors.standard.RouteText - RouteText[id=24e84634-fdfb-4a8b-87b3-8cb3253f4f09] Routing FlowFile[2702,93427888546137.mockFlowFile,24B] to original
[main] DEBUG org.apache.nifi.processors.standard.RouteText - RouteText[id=24e84634-fdfb-4a8b-87b3-8cb3253f4f09] Adding new dynamic property: PropertyDescriptor[simple]
[pool-3674-thread-1] INFO org.apache.nifi.processors.standard.RouteText - RouteText[id=24e84634-fdfb-4a8b-87b3-8cb3253f4f09] Created FlowFile[2705,93427889008917.mockFlowFile,24B] from FlowFile[2704,93427889008917.mockFlowFile,24B]; routing to relationship simple
[pool-3674-thread-1] INFO org.apache.nifi.processors.standard.RouteText - RouteText[id=24e84634-fdfb-4a8b-87b3-8cb3253f4f09] Routing FlowFile[2704,93427889008917.mockFlowFile,24B] to original
[main] DEBUG org.apache.nifi.processors.standard.RouteText - RouteText[id=24e84634-fdfb-4a8b-87b3-8cb3253f4f09] Adding new dynamic property: PropertyDescriptor[simple]
[pool-3675-thread-1] INFO org.apache.nifi.processors.standard.RouteText - RouteText[id=24e84634-fdfb-4a8b-87b3-8cb3253f4f09] Created FlowFile[2707,93427889443296.mockFlowFile,24B] from FlowFile[2706,93427889443296.mockFlowFile,24B]; routing to relationship simple
[pool-3675-thread-1] INFO org.apache.nifi.processors.standard.RouteText - RouteText[id=24e84634-fdfb-4a8b-87b3-8cb3253f4f09] Routing FlowFile[2706,93427889443296.mockFlowFile,24B] to original
[main] DEBUG org.apache.nifi.processors.standard.RouteText - RouteText[id=24e84634-fdfb-4a8b-87b3-8cb3253f4f09] Adding new dynamic property: PropertyDescriptor[simple]
[pool-3676-thread-1] INFO org.apache.nifi.processors.standard.RouteText - RouteText[id=24e84634-fdfb-4a8b-87b3-8cb3253f4f09] Created FlowFile[2709,93427889883219.mockFlowFile,24B] from FlowFile[2708,93427889883219.mockFlowFile,24B]; routing to relationship simple
[pool-3676-thread-1] INFO org.apache.nifi.processors.standard.RouteText - RouteText[id=24e84634-fdfb-4a8b-87b3-8cb3253f4f09] Routing FlowFile[2708,93427889883219.mockFlowFile,24B] to original
[main] DEBUG org.apache.nifi.processors.standard.RouteText - RouteText[id=24e84634-fdfb-4a8b-87b3-8cb3253f4f09] Adding new dynamic property: PropertyDescriptor[simple]
[pool-3677-thread-1] INFO org.apache.nifi.processors.standard.RouteText - RouteText[id=24e84634-fdfb-4a8b-87b3-8cb3253f4f09] Created FlowFile[2711,93427890329767.mockFlowFile,24B] from FlowFile[2710,93427890329767.mockFlowFile,24B]; routing to relationship simple
[pool-3677-thread-1] INFO org.apache.nifi.processors.standard.RouteText - RouteText[id=24e84634-fdfb-4a8b-87b3-8cb3253f4f09] Routing FlowFile[2710,93427890329767.mockFlowFile,24B] to original
[main] DEBUG org.apache.nifi.processors.standard.RouteText - RouteText[id=24e84634-fdfb-4a8b-87b3-8cb3253f4f09] Adding new dynamic property: PropertyDescriptor[simple]
[pool-3678-thread-1] INFO org.apache.nifi.processors.standard.RouteText - RouteText[id=24e84634-fdfb-4a8b-87b3-8cb3253f4f09] Created FlowFile[2713,93427890788341.mockFlowFile,24B] from FlowFile[2712,93427890788341.mockFlowFile,24B]; routing to relationship simple
[pool-3678-thread-1] INFO org.apache.nifi.processors.standard.RouteText - RouteText[id=24e84634-fdfb-4a8b-87b3-8cb3253f4f09] Routing FlowFile[2712,93427890788341.mockFlowFile,24B] to original
[main] DEBUG org.apache.nifi.processors.standard.RouteText - RouteText[id=24e84634-fdfb-4a8b-87b3-8cb3253f4f09] Adding new dynamic property: PropertyDescriptor[simple]
[pool-3679-thread-1] INFO org.apache.nifi.processors.standard.RouteText - RouteText[id=24e84634-fdfb-4a8b-87b3-8cb3253f4f09] Created FlowFile[2715,93427891209021.mockFlowFile,24B] from FlowFile[2714,93427891209021.mockFlowFile,24B]; routing to relationship simple
[pool-3679-thread-1] INFO org.apache.nifi.processors.standard.RouteText - RouteText[id=24e84634-fdfb-4a8b-87b3-8cb3253f4f09] Routing FlowFile[2714,93427891209021.mockFlowFile,24B] to original
[main] DEBUG org.apache.nifi.processors.standard.RouteText - RouteText[id=24e84634-fdfb-4a8b-87b3-8cb3253f4f09] Adding new dynamic property: PropertyDescriptor[simple]
[pool-3680-thread-1] INFO org.apache.nifi.processors.standard.RouteText - RouteText[id=24e84634-fdfb-4a8b-87b3-8cb3253f4f09] Created FlowFile[2717,93427891646286.mockFlowFile,24B] from FlowFile[2716,93427891646286.mockFlowFile,24B]; routing to relationship simple
[pool-3680-thread-1] INFO org.apache.nifi.processors.standard.RouteText - RouteText[id=24e84634-fdfb-4a8b-87b3-8cb3253f4f09] Routing FlowFile[2716,93427891646286.mockFlowFile,24B] to original
[main] DEBUG org.apache.nifi.processors.standard.RouteText - RouteText[id=24e84634-fdfb-4a8b-87b3-8cb3253f4f09] Adding new dynamic property: PropertyDescriptor[simple]
[pool-3681-thread-1] INFO org.apache.nifi.processors.standard.RouteText - RouteText[id=24e84634-fdfb-4a8b-87b3-8cb3253f4f09] Created FlowFile[2719,93427892100368.mockFlowFile,24B] from FlowFile[2718,93427892100368.mockFlowFile,24B]; routing to relationship simple
[pool-3681-thread-1] INFO org.apache.nifi.processors.standard.RouteText - RouteText[id=24e84634-fdfb-4a8b-87b3-8cb3253f4f09] Routing FlowFile[2718,93427892100368.mockFlowFile,24B] to original
[main] DEBUG org.apache.nifi.processors.standard.RouteText - RouteText[id=24e84634-fdfb-4a8b-87b3-8cb3253f4f09] Adding new dynamic property: PropertyDescriptor[simple]
[pool-3682-thread-1] INFO org.apache.nifi.processors.standard.RouteText - RouteText[id=24e84634-fdfb-4a8b-87b3-8cb3253f4f09] Created FlowFile[2721,93427892557629.mockFlowFile,24B] from FlowFile[2720,93427892557629.mockFlowFile,24B]; routing to relationship simple
[pool-3682-thread-1] INFO org.apache.nifi.processors.standard.RouteText - RouteText[id=24e84634-fdfb-4a8b-87b3-8cb3253f4f09] Routing FlowFile[2720,93427892557629.mockFlowFile,24B] to original
[main] DEBUG org.apache.nifi.processors.standard.RouteText - RouteText[id=24e84634-fdfb-4a8b-87b3-8cb3253f4f09] Adding new dynamic property: PropertyDescriptor[simple]
[pool-3683-thread-1] INFO org.apache.nifi.processors.standard.RouteText - RouteText[id=24e84634-fdfb-4a8b-87b3-8cb3253f4f09] Created FlowFile[2723,93427893018551.mockFlowFile,24B] from FlowFile[2722,93427893018551.mockFlowFile,24B]; routing to relationship simple
[pool-3683-thread-1] INFO org.apache.nifi.processors.standard.RouteText - RouteText[id=24e84634-fdfb-4a8b-87b3-8cb3253f4f09] Routing FlowFile[2722,93427893018551.mockFlowFile,24B] to original
[main] DEBUG org.apache.nifi.processors.standard.RouteText - RouteText[id=24e84634-fdfb-4a8b-87b3-8cb3253f4f09] Adding new dynamic property: PropertyDescriptor[simple]
[pool-3684-thread-1] INFO org.apache.nifi.processors.standard.RouteText - RouteText[id=24e84634-fdfb-4a8b-87b3-8cb3253f4f09] Created FlowFile[2725,93427893466078.mockFlowFile,24B] from FlowFile[2724,93427893466078.mockFlowFile,24B]; routing to relationship simple
[pool-3684-thread-1] INFO org.apache.nifi.processors.standard.RouteText - RouteText[id=24e84634-fdfb-4a8b-87b3-8cb3253f4f09] Routing FlowFile[2724,93427893466078.mockFlowFile,24B] to original
[main] DEBUG org.apache.nifi.processors.standard.RouteText - RouteText[id=24e84634-fdfb-4a8b-87b3-8cb3253f4f09] Adding new dynamic property: PropertyDescriptor[simple]
[pool-3685-thread-1] INFO org.apache.nifi.processors.standard.RouteText - RouteText[id=24e84634-fdfb-4a8b-87b3-8cb3253f4f09] Created FlowFile[2727,93427893917555.mockFlowFile,24B] from FlowFile[2726,93427893917555.mockFlowFile,24B]; routing to relationship simple
[pool-3685-thread-1] INFO org.apache.nifi.processors.standard.RouteText - RouteText[id=24e84634-fdfb-4a8b-87b3-8cb3253f4f09] Routing FlowFile[2726,93427893917555.mockFlowFile,24B] to original
[main] DEBUG org.apache.nifi.processors.standard.RouteText - RouteText[id=24e84634-fdfb-4a8b-87b3-8cb3253f4f09] Adding new dynamic property: PropertyDescriptor[simple]
[pool-3686-thread-1] INFO org.apache.nifi.processors.standard.RouteText - RouteText[id=24e84634-fdfb-4a8b-87b3-8cb3253f4f09] Created FlowFile[2729,93427894397790.mockFlowFile,24B] from FlowFile[2728,93427894397790.mockFlowFile,24B]; routing to relationship simple
[pool-3686-thread-1] INFO org.apache.nifi.processors.standard.RouteText - RouteText[id=24e84634-fdfb-4a8b-87b3-8cb3253f4f09] Routing FlowFile[2728,93427894397790.mockFlowFile,24B] to original
[main] DEBUG org.apache.nifi.processors.standard.RouteText - RouteText[id=24e84634-fdfb-4a8b-87b3-8cb3253f4f09] Adding new dynamic property: PropertyDescriptor[simple]
[pool-3687-thread-1] INFO org.apache.nifi.processors.standard.RouteText - RouteText[id=24e84634-fdfb-4a8b-87b3-8cb3253f4f09] Created FlowFile[2731,93427894915259.mockFlowFile,24B] from FlowFile[2730,93427894915259.mockFlowFile,24B]; routing to relationship simple
[pool-3687-thread-1] INFO org.apache.nifi.processors.standard.RouteText - RouteText[id=24e84634-fdfb-4a8b-87b3-8cb3253f4f09] Routing FlowFile[2730,93427894915259.mockFlowFile,24B] to original
[main] DEBUG org.apache.nifi.processors.standard.RouteText - RouteText[id=24e84634-fdfb-4a8b-87b3-8cb3253f4f09] Adding new dynamic property: PropertyDescriptor[simple]
[pool-3688-thread-1] INFO org.apache.nifi.processors.standard.RouteText - RouteText[id=24e84634-fdfb-4a8b-87b3-8cb3253f4f09] Created FlowFile[2733,93427895407638.mockFlowFile,24B] from FlowFile[2732,93427895407638.mockFlowFile,24B]; routing to relationship simple
[pool-3688-thread-1] INFO org.apache.nifi.processors.standard.RouteText - RouteText[id=24e84634-fdfb-4a8b-87b3-8cb3253f4f09] Routing FlowFile[2732,93427895407638.mockFlowFile,24B] to original
[main] DEBUG org.apache.nifi.processors.standard.RouteText - RouteText[id=24e84634-fdfb-4a8b-87b3-8cb3253f4f09] Adding new dynamic property: PropertyDescriptor[simple]
[pool-3689-thread-1] INFO org.apache.nifi.processors.standard.RouteText - RouteText[id=24e84634-fdfb-4a8b-87b3-8cb3253f4f09] Created FlowFile[2735,93427895870479.mockFlowFile,24B] from FlowFile[2734,93427895870479.mockFlowFile,24B]; routing to relationship simple
[pool-3689-thread-1] INFO org.apache.nifi.processors.standard.RouteText - RouteText[id=24e84634-fdfb-4a8b-87b3-8cb3253f4f09] Routing FlowFile[2734,93427895870479.mockFlowFile,24B] to original
[main] DEBUG org.apache.nifi.processors.standard.RouteText - RouteText[id=24e84634-fdfb-4a8b-87b3-8cb3253f4f09] Adding new dynamic property: PropertyDescriptor[simple]
[pool-3690-thread-1] INFO org.apache.nifi.processors.standard.RouteText - RouteText[id=24e84634-fdfb-4a8b-87b3-8cb3253f4f09] Created FlowFile[2737,93427896530756.mockFlowFile,24B] from FlowFile[2736,93427896530756.mockFlowFile,24B]; routing to relationship simple
[pool-3690-thread-1] INFO org.apache.nifi.processors.standard.RouteText - RouteText[id=24e84634-fdfb-4a8b-87b3-8cb3253f4f09] Routing FlowFile[2736,93427896530756.mockFlowFile,24B] to original
[main] DEBUG org.apache.nifi.processors.standard.RouteText - RouteText[id=24e84634-fdfb-4a8b-87b3-8cb3253f4f09] Adding new dynamic property: PropertyDescriptor[simple]
[pool-3691-thread-1] INFO org.apache.nifi.processors.standard.RouteText - RouteText[id=24e84634-fdfb-4a8b-87b3-8cb3253f4f09] Created FlowFile[2739,93427897042257.mockFlowFile,24B] from FlowFile[2738,93427897042257.mockFlowFile,24B]; routing to relationship simple
[pool-3691-thread-1] INFO org.apache.nifi.processors.standard.RouteText - RouteText[id=24e84634-fdfb-4a8b-87b3-8cb3253f4f09] Routing FlowFile[2738,93427897042257.mockFlowFile,24B] to original
[main] DEBUG org.apache.nifi.processors.standard.RouteText - RouteText[id=24e84634-fdfb-4a8b-87b3-8cb3253f4f09] Adding new dynamic property: PropertyDescriptor[simple]
[pool-3692-thread-1] INFO org.apache.nifi.processors.standard.RouteText - RouteText[id=24e84634-fdfb-4a8b-87b3-8cb3253f4f09] Created FlowFile[2741,93427897473162.mockFlowFile,24B] from FlowFile[2740,93427897473162.mockFlowFile,24B]; routing to relationship simple
[pool-3692-thread-1] INFO org.apache.nifi.processors.standard.RouteText - RouteText[id=24e84634-fdfb-4a8b-87b3-8cb3253f4f09] Routing FlowFile[2740,93427897473162.mockFlowFile,24B] to original
[main] DEBUG org.apache.nifi.processors.standard.RouteText - RouteText[id=24e84634-fdfb-4a8b-87b3-8cb3253f4f09] Adding new dynamic property: PropertyDescriptor[simple]
[pool-3693-thread-1] INFO org.apache.nifi.processors.standard.RouteText - RouteText[id=24e84634-fdfb-4a8b-87b3-8cb3253f4f09] Created FlowFile[2743,93427897894378.mockFlowFile,24B] from FlowFile[2742,93427897894378.mockFlowFile,24B]; routing to relationship simple
[pool-3693-thread-1] INFO org.apache.nifi.processors.standard.RouteText - RouteText[id=24e84634-fdfb-4a8b-87b3-8cb3253f4f09] Routing FlowFile[2742,93427897894378.mockFlowFile,24B] to original
[main] DEBUG org.apache.nifi.processors.standard.RouteText - RouteText[id=24e84634-fdfb-4a8b-87b3-8cb3253f4f09] Adding new dynamic property: PropertyDescriptor[simple]
[pool-3694-thread-1] INFO org.apache.nifi.processors.standard.RouteText - RouteText[id=24e84634-fdfb-4a8b-87b3-8cb3253f4f09] Created FlowFile[2745,93427898317804.mockFlowFile,24B] from FlowFile[2744,93427898317804.mockFlowFile,24B]; routing to relationship simple
[pool-3694-thread-1] INFO org.apache.nifi.processors.standard.RouteText - RouteText[id=24e84634-fdfb-4a8b-87b3-8cb3253f4f09] Routing FlowFile[2744,93427898317804.mockFlowFile,24B] to original
[main] DEBUG org.apache.nifi.processors.standard.RouteText - RouteText[id=24e84634-fdfb-4a8b-87b3-8cb3253f4f09] Adding new dynamic property: PropertyDescriptor[simple]
[pool-3695-thread-1] INFO org.apache.nifi.processors.standard.RouteText - RouteText[id=24e84634-fdfb-4a8b-87b3-8cb3253f4f09] Created FlowFile[2747,93427898755399.mockFlowFile,24B] from FlowFile[2746,93427898755399.mockFlowFile,24B]; routing to relationship simple
[pool-3695-thread-1] INFO org.apache.nifi.processors.standard.RouteText - RouteText[id=24e84634-fdfb-4a8b-87b3-8cb3253f4f09] Routing FlowFile[2746,93427898755399.mockFlowFile,24B] to original
[main] DEBUG org.apache.nifi.processors.standard.RouteText - RouteText[id=24e84634-fdfb-4a8b-87b3-8cb3253f4f09] Adding new dynamic property: PropertyDescriptor[simple]
[pool-3696-thread-1] INFO org.apache.nifi.processors.standard.RouteText - RouteText[id=24e84634-fdfb-4a8b-87b3-8cb3253f4f09] Created FlowFile[2749,93427899181502.mockFlowFile,24B] from FlowFile[2748,93427899181502.mockFlowFile,24B]; routing to relationship simple
[pool-3696-thread-1] INFO org.apache.nifi.processors.standard.RouteText - RouteText[id=24e84634-fdfb-4a8b-87b3-8cb3253f4f09] Routing FlowFile[2748,93427899181502.mockFlowFile,24B] to original
[main] DEBUG org.apache.nifi.processors.standard.RouteText - RouteText[id=24e84634-fdfb-4a8b-87b3-8cb3253f4f09] Adding new dynamic property: PropertyDescriptor[simple]
[pool-3697-thread-1] INFO org.apache.nifi.processors.standard.RouteText - RouteText[id=24e84634-fdfb-4a8b-87b3-8cb3253f4f09] Created FlowFile[2751,93427899620242.mockFlowFile,24B] from FlowFile[2750,93427899620242.mockFlowFile,24B]; routing to relationship simple
[pool-3697-thread-1] INFO org.apache.nifi.processors.standard.RouteText - RouteText[id=24e84634-fdfb-4a8b-87b3-8cb3253f4f09] Routing FlowFile[2750,93427899620242.mockFlowFile,24B] to original
[main] DEBUG org.apache.nifi.processors.standard.RouteText - RouteText[id=24e84634-fdfb-4a8b-87b3-8cb3253f4f09] Adding new dynamic property: PropertyDescriptor[simple]
[pool-3698-thread-1] INFO org.apache.nifi.processors.standard.RouteText - RouteText[id=24e84634-fdfb-4a8b-87b3-8cb3253f4f09] Created FlowFile[2753,93427900075124.mockFlowFile,24B] from FlowFile[2752,93427900075124.mockFlowFile,24B]; routing to relationship simple
[pool-3698-thread-1] INFO org.apache.nifi.processors.standard.RouteText - RouteText[id=24e84634-fdfb-4a8b-87b3-8cb3253f4f09] Routing FlowFile[2752,93427900075124.mockFlowFile,24B] to original
[main] DEBUG org.apache.nifi.processors.standard.RouteText - RouteText[id=24e84634-fdfb-4a8b-87b3-8cb3253f4f09] Adding new dynamic property: PropertyDescriptor[simple]
[pool-3699-thread-1] INFO org.apache.nifi.processors.standard.RouteText - RouteText[id=24e84634-fdfb-4a8b-87b3-8cb3253f4f09] Created FlowFile[2755,93427900514626.mockFlowFile,24B] from FlowFile[2754,93427900514626.mockFlowFile,24B]; routing to relationship simple
[pool-3699-thread-1] INFO org.apache.nifi.processors.standard.RouteText - RouteText[id=24e84634-fdfb-4a8b-87b3-8cb3253f4f09] Routing FlowFile[2754,93427900514626.mockFlowFile,24B] to original
[main] DEBUG org.apache.nifi.processors.standard.RouteText - RouteText[id=24e84634-fdfb-4a8b-87b3-8cb3253f4f09] Adding new dynamic property: PropertyDescriptor[simple]
[pool-3700-thread-1] INFO org.apache.nifi.processors.standard.RouteText - RouteText[id=24e84634-fdfb-4a8b-87b3-8cb3253f4f09] Created FlowFile[2757,93427900952862.mockFlowFile,24B] from FlowFile[2756,93427900952862.mockFlowFile,24B]; routing to relationship simple
[pool-3700-thread-1] INFO org.apache.nifi.processors.standard.RouteText - RouteText[id=24e84634-fdfb-4a8b-87b3-8cb3253f4f09] Routing FlowFile[2756,93427900952862.mockFlowFile,24B] to original
[main] DEBUG org.apache.nifi.processors.standard.RouteText - RouteText[id=24e84634-fdfb-4a8b-87b3-8cb3253f4f09] Adding new dynamic property: PropertyDescriptor[simple]
[pool-3701-thread-1] INFO org.apache.nifi.processors.standard.RouteText - RouteText[id=24e84634-fdfb-4a8b-87b3-8cb3253f4f09] Created FlowFile[2759,93427901384652.mockFlowFile,24B] from FlowFile[2758,93427901384652.mockFlowFile,24B]; routing to relationship simple
[pool-3701-thread-1] INFO org.apache.nifi.processors.standard.RouteText - RouteText[id=24e84634-fdfb-4a8b-87b3-8cb3253f4f09] Routing FlowFile[2758,93427901384652.mockFlowFile,24B] to original
[main] DEBUG org.apache.nifi.processors.standard.RouteText - RouteText[id=24e84634-fdfb-4a8b-87b3-8cb3253f4f09] Adding new dynamic property: PropertyDescriptor[simple]
[pool-3702-thread-1] INFO org.apache.nifi.processors.standard.RouteText - RouteText[id=24e84634-fdfb-4a8b-87b3-8cb3253f4f09] Created FlowFile[2761,93427901816857.mockFlowFile,24B] from FlowFile[2760,93427901816857.mockFlowFile,24B]; routing to relationship simple
[pool-3702-thread-1] INFO org.apache.nifi.processors.standard.RouteText - RouteText[id=24e84634-fdfb-4a8b-87b3-8cb3253f4f09] Routing FlowFile[2760,93427901816857.mockFlowFile,24B] to original
[main] DEBUG org.apache.nifi.processors.standard.RouteText - RouteText[id=24e84634-fdfb-4a8b-87b3-8cb3253f4f09] Adding new dynamic property: PropertyDescriptor[simple]
[pool-3703-thread-1] INFO org.apache.nifi.processors.standard.RouteText - RouteText[id=24e84634-fdfb-4a8b-87b3-8cb3253f4f09] Created FlowFile[2763,93427902253094.mockFlowFile,24B] from FlowFile[2762,93427902253094.mockFlowFile,24B]; routing to relationship simple
[pool-3703-thread-1] INFO org.apache.nifi.processors.standard.RouteText - RouteText[id=24e84634-fdfb-4a8b-87b3-8cb3253f4f09] Routing FlowFile[2762,93427902253094.mockFlowFile,24B] to original
[main] DEBUG org.apache.nifi.processors.standard.RouteText - RouteText[id=24e84634-fdfb-4a8b-87b3-8cb3253f4f09] Adding new dynamic property: PropertyDescriptor[simple]
[pool-3704-thread-1] INFO org.apache.nifi.processors.standard.RouteText - RouteText[id=24e84634-fdfb-4a8b-87b3-8cb3253f4f09] Created FlowFile[2765,93427902693505.mockFlowFile,24B] from FlowFile[2764,93427902693505.mockFlowFile,24B]; routing to relationship simple
[pool-3704-thread-1] INFO org.apache.nifi.processors.standard.RouteText - RouteText[id=24e84634-fdfb-4a8b-87b3-8cb3253f4f09] Routing FlowFile[2764,93427902693505.mockFlowFile,24B] to original
[main] DEBUG org.apache.nifi.processors.standard.RouteText - RouteText[id=24e84634-fdfb-4a8b-87b3-8cb3253f4f09] Adding new dynamic property: PropertyDescriptor[simple]
[pool-3705-thread-1] INFO org.apache.nifi.processors.standard.RouteText - RouteText[id=24e84634-fdfb-4a8b-87b3-8cb3253f4f09] Created FlowFile[2767,93427903134685.mockFlowFile,24B] from FlowFile[2766,93427903134685.mockFlowFile,24B]; routing to relationship simple
[pool-3705-thread-1] INFO org.apache.nifi.processors.standard.RouteText - RouteText[id=24e84634-fdfb-4a8b-87b3-8cb3253f4f09] Routing FlowFile[2766,93427903134685.mockFlowFile,24B] to original
[main] DEBUG org.apache.nifi.processors.standard.RouteText - RouteText[id=24e84634-fdfb-4a8b-87b3-8cb3253f4f09] Adding new dynamic property: PropertyDescriptor[simple]
[pool-3706-thread-1] INFO org.apache.nifi.processors.standard.RouteText - RouteText[id=24e84634-fdfb-4a8b-87b3-8cb3253f4f09] Created FlowFile[2769,93427903570607.mockFlowFile,24B] from FlowFile[2768,93427903570607.mockFlowFile,24B]; routing to relationship simple
[pool-3706-thread-1] INFO org.apache.nifi.processors.standard.RouteText - RouteText[id=24e84634-fdfb-4a8b-87b3-8cb3253f4f09] Routing FlowFile[2768,93427903570607.mockFlowFile,24B] to original
[main] DEBUG org.apache.nifi.processors.standard.RouteText - RouteText[id=24e84634-fdfb-4a8b-87b3-8cb3253f4f09] Adding new dynamic property: PropertyDescriptor[simple]
[pool-3707-thread-1] INFO org.apache.nifi.processors.standard.RouteText - RouteText[id=24e84634-fdfb-4a8b-87b3-8cb3253f4f09] Created FlowFile[2771,93427904016391.mockFlowFile,24B] from FlowFile[2770,93427904016391.mockFlowFile,24B]; routing to relationship simple
[pool-3707-thread-1] INFO org.apache.nifi.processors.standard.RouteText - RouteText[id=24e84634-fdfb-4a8b-87b3-8cb3253f4f09] Routing FlowFile[2770,93427904016391.mockFlowFile,24B] to original
[main] DEBUG org.apache.nifi.processors.standard.RouteText - RouteText[id=24e84634-fdfb-4a8b-87b3-8cb3253f4f09] Adding new dynamic property: PropertyDescriptor[simple]
[pool-3708-thread-1] INFO org.apache.nifi.processors.standard.RouteText - RouteText[id=24e84634-fdfb-4a8b-87b3-8cb3253f4f09] Created FlowFile[2773,93427904466741.mockFlowFile,24B] from FlowFile[2772,93427904466741.mockFlowFile,24B]; routing to relationship simple
[pool-3708-thread-1] INFO org.apache.nifi.processors.standard.RouteText - RouteText[id=24e84634-fdfb-4a8b-87b3-8cb3253f4f09] Routing FlowFile[2772,93427904466741.mockFlowFile,24B] to original
[main] DEBUG org.apache.nifi.processors.standard.RouteText - RouteText[id=24e84634-fdfb-4a8b-87b3-8cb3253f4f09] Adding new dynamic property: PropertyDescriptor[simple]
[pool-3709-thread-1] INFO org.apache.nifi.processors.standard.RouteText - RouteText[id=24e84634-fdfb-4a8b-87b3-8cb3253f4f09] Created FlowFile[2775,93427904929831.mockFlowFile,24B] from FlowFile[2774,93427904929831.mockFlowFile,24B]; routing to relationship simple
[pool-3709-thread-1] INFO org.apache.nifi.processors.standard.RouteText - RouteText[id=24e84634-fdfb-4a8b-87b3-8cb3253f4f09] Routing FlowFile[2774,93427904929831.mockFlowFile,24B] to original
[main] DEBUG org.apache.nifi.processors.standard.RouteText - RouteText[id=24e84634-fdfb-4a8b-87b3-8cb3253f4f09] Adding new dynamic property: PropertyDescriptor[simple]
[pool-3710-thread-1] INFO org.apache.nifi.processors.standard.RouteText - RouteText[id=24e84634-fdfb-4a8b-87b3-8cb3253f4f09] Created FlowFile[2777,93427905399595.mockFlowFile,24B] from FlowFile[2776,93427905399595.mockFlowFile,24B]; routing to relationship simple
[pool-3710-thread-1] INFO org.apache.nifi.processors.standard.RouteText - RouteText[id=24e84634-fdfb-4a8b-87b3-8cb3253f4f09] Routing FlowFile[2776,93427905399595.mockFlowFile,24B] to original
[main] DEBUG org.apache.nifi.processors.standard.RouteText - RouteText[id=24e84634-fdfb-4a8b-87b3-8cb3253f4f09] Adding new dynamic property: PropertyDescriptor[simple]
[pool-3711-thread-1] INFO org.apache.nifi.processors.standard.RouteText - RouteText[id=24e84634-fdfb-4a8b-87b3-8cb3253f4f09] Created FlowFile[2779,93427905851370.mockFlowFile,24B] from FlowFile[2778,93427905851370.mockFlowFile,24B]; routing to relationship simple
[pool-3711-thread-1] INFO org.apache.nifi.processors.standard.RouteText - RouteText[id=24e84634-fdfb-4a8b-87b3-8cb3253f4f09] Routing FlowFile[2778,93427905851370.mockFlowFile,24B] to original
[main] DEBUG org.apache.nifi.processors.standard.RouteText - RouteText[id=24e84634-fdfb-4a8b-87b3-8cb3253f4f09] Adding new dynamic property: PropertyDescriptor[simple]
[pool-3712-thread-1] INFO org.apache.nifi.processors.standard.RouteText - RouteText[id=24e84634-fdfb-4a8b-87b3-8cb3253f4f09] Created FlowFile[2781,93427906306712.mockFlowFile,24B] from FlowFile[2780,93427906306712.mockFlowFile,24B]; routing to relationship simple
[pool-3712-thread-1] INFO org.apache.nifi.processors.standard.RouteText - RouteText[id=24e84634-fdfb-4a8b-87b3-8cb3253f4f09] Routing FlowFile[2780,93427906306712.mockFlowFile,24B] to original
[main] DEBUG org.apache.nifi.processors.standard.RouteText - RouteText[id=24e84634-fdfb-4a8b-87b3-8cb3253f4f09] Adding new dynamic property: PropertyDescriptor[simple]
[pool-3713-thread-1] INFO org.apache.nifi.processors.standard.RouteText - RouteText[id=24e84634-fdfb-4a8b-87b3-8cb3253f4f09] Created FlowFile[2783,93427906773276.mockFlowFile,24B] from FlowFile[2782,93427906773276.mockFlowFile,24B]; routing to relationship simple
[pool-3713-thread-1] INFO org.apache.nifi.processors.standard.RouteText - RouteText[id=24e84634-fdfb-4a8b-87b3-8cb3253f4f09] Routing FlowFile[2782,93427906773276.mockFlowFile,24B] to original
[main] DEBUG org.apache.nifi.processors.standard.RouteText - RouteText[id=24e84634-fdfb-4a8b-87b3-8cb3253f4f09] Adding new dynamic property: PropertyDescriptor[simple]
[pool-3714-thread-1] INFO org.apache.nifi.processors.standard.RouteText - RouteText[id=24e84634-fdfb-4a8b-87b3-8cb3253f4f09] Created FlowFile[2785,93427907210196.mockFlowFile,24B] from FlowFile[2784,93427907210196.mockFlowFile,24B]; routing to relationship simple
[pool-3714-thread-1] INFO org.apache.nifi.processors.standard.RouteText - RouteText[id=24e84634-fdfb-4a8b-87b3-8cb3253f4f09] Routing FlowFile[2784,93427907210196.mockFlowFile,24B] to original
[main] DEBUG org.apache.nifi.processors.standard.RouteText - RouteText[id=24e84634-fdfb-4a8b-87b3-8cb3253f4f09] Adding new dynamic property: PropertyDescriptor[simple]
[pool-3715-thread-1] INFO org.apache.nifi.processors.standard.RouteText - RouteText[id=24e84634-fdfb-4a8b-87b3-8cb3253f4f09] Created FlowFile[2787,93427907656954.mockFlowFile,24B] from FlowFile[2786,93427907656954.mockFlowFile,24B]; routing to relationship simple
[pool-3715-thread-1] INFO org.apache.nifi.processors.standard.RouteText - RouteText[id=24e84634-fdfb-4a8b-87b3-8cb3253f4f09] Routing FlowFile[2786,93427907656954.mockFlowFile,24B] to original
[main] DEBUG org.apache.nifi.processors.standard.RouteText - RouteText[id=24e84634-fdfb-4a8b-87b3-8cb3253f4f09] Adding new dynamic property: PropertyDescriptor[simple]
[pool-3716-thread-1] INFO org.apache.nifi.processors.standard.RouteText - RouteText[id=24e84634-fdfb-4a8b-87b3-8cb3253f4f09] Created FlowFile[2789,93427908111896.mockFlowFile,24B] from FlowFile[2788,93427908111896.mockFlowFile,24B]; routing to relationship simple
[pool-3716-thread-1] INFO org.apache.nifi.processors.standard.RouteText - RouteText[id=24e84634-fdfb-4a8b-87b3-8cb3253f4f09] Routing FlowFile[2788,93427908111896.mockFlowFile,24B] to original
[main] DEBUG org.apache.nifi.processors.standard.RouteText - RouteText[id=24e84634-fdfb-4a8b-87b3-8cb3253f4f09] Adding new dynamic property: PropertyDescriptor[simple]
[pool-3717-thread-1] INFO org.apache.nifi.processors.standard.RouteText - RouteText[id=24e84634-fdfb-4a8b-87b3-8cb3253f4f09] Created FlowFile[2791,93427908573997.mockFlowFile,24B] from FlowFile[2790,93427908573997.mockFlowFile,24B]; routing to relationship simple
[pool-3717-thread-1] INFO org.apache.nifi.processors.standard.RouteText - RouteText[id=24e84634-fdfb-4a8b-87b3-8cb3253f4f09] Routing FlowFile[2790,93427908573997.mockFlowFile,24B] to original
[main] DEBUG org.apache.nifi.processors.standard.RouteText - RouteText[id=24e84634-fdfb-4a8b-87b3-8cb3253f4f09] Adding new dynamic property: PropertyDescriptor[simple]
[pool-3718-thread-1] INFO org.apache.nifi.processors.standard.RouteText - RouteText[id=24e84634-fdfb-4a8b-87b3-8cb3253f4f09] Created FlowFile[2793,93427909087776.mockFlowFile,24B] from FlowFile[2792,93427909087776.mockFlowFile,24B]; routing to relationship simple
[pool-3718-thread-1] INFO org.apache.nifi.processors.standard.RouteText - RouteText[id=24e84634-fdfb-4a8b-87b3-8cb3253f4f09] Routing FlowFile[2792,93427909087776.mockFlowFile,24B] to original
[main] DEBUG org.apache.nifi.processors.standard.RouteText - RouteText[id=24e84634-fdfb-4a8b-87b3-8cb3253f4f09] Adding new dynamic property: PropertyDescriptor[simple]
[pool-3719-thread-1] INFO org.apache.nifi.processors.standard.RouteText - RouteText[id=24e84634-fdfb-4a8b-87b3-8cb3253f4f09] Created FlowFile[2795,93427909582250.mockFlowFile,24B] from FlowFile[2794,93427909582250.mockFlowFile,24B]; routing to relationship simple
[pool-3719-thread-1] INFO org.apache.nifi.processors.standard.RouteText - RouteText[id=24e84634-fdfb-4a8b-87b3-8cb3253f4f09] Routing FlowFile[2794,93427909582250.mockFlowFile,24B] to original
[main] DEBUG org.apache.nifi.processors.standard.RouteText - RouteText[id=24e84634-fdfb-4a8b-87b3-8cb3253f4f09] Adding new dynamic property: PropertyDescriptor[simple]
[pool-3720-thread-1] INFO org.apache.nifi.processors.standard.RouteText - RouteText[id=24e84634-fdfb-4a8b-87b3-8cb3253f4f09] Created FlowFile[2797,93427910049091.mockFlowFile,24B] from FlowFile[2796,93427910049091.mockFlowFile,24B]; routing to relationship simple
[pool-3720-thread-1] INFO org.apache.nifi.processors.standard.RouteText - RouteText[id=24e84634-fdfb-4a8b-87b3-8cb3253f4f09] Routing FlowFile[2796,93427910049091.mockFlowFile,24B] to original
[main] DEBUG org.apache.nifi.processors.standard.RouteText - RouteText[id=24e84634-fdfb-4a8b-87b3-8cb3253f4f09] Adding new dynamic property: PropertyDescriptor[simple]
[pool-3721-thread-1] INFO org.apache.nifi.processors.standard.RouteText - RouteText[id=24e84634-fdfb-4a8b-87b3-8cb3253f4f09] Created FlowFile[2799,93427910516624.mockFlowFile,24B] from FlowFile[2798,93427910516624.mockFlowFile,24B]; routing to relationship simple
[pool-3721-thread-1] INFO org.apache.nifi.processors.standard.RouteText - RouteText[id=24e84634-fdfb-4a8b-87b3-8cb3253f4f09] Routing FlowFile[2798,93427910516624.mockFlowFile,24B] to original
[main] DEBUG org.apache.nifi.processors.standard.RouteText - RouteText[id=24e84634-fdfb-4a8b-87b3-8cb3253f4f09] Adding new dynamic property: PropertyDescriptor[simple]
[pool-3722-thread-1] INFO org.apache.nifi.processors.standard.RouteText - RouteText[id=24e84634-fdfb-4a8b-87b3-8cb3253f4f09] Created FlowFile[2801,93427910983671.mockFlowFile,24B] from FlowFile[2800,93427910983671.mockFlowFile,24B]; routing to relationship simple
[pool-3722-thread-1] INFO org.apache.nifi.processors.standard.RouteText - RouteText[id=24e84634-fdfb-4a8b-87b3-8cb3253f4f09] Routing FlowFile[2800,93427910983671.mockFlowFile,24B] to original
[main] DEBUG org.apache.nifi.processors.standard.RouteText - RouteText[id=24e84634-fdfb-4a8b-87b3-8cb3253f4f09] Adding new dynamic property: PropertyDescriptor[simple]
[pool-3723-thread-1] INFO org.apache.nifi.processors.standard.RouteText - RouteText[id=24e84634-fdfb-4a8b-87b3-8cb3253f4f09] Created FlowFile[2803,93427911413812.mockFlowFile,24B] from FlowFile[2802,93427911413812.mockFlowFile,24B]; routing to relationship simple
[pool-3723-thread-1] INFO org.apache.nifi.processors.standard.RouteText - RouteText[id=24e84634-fdfb-4a8b-87b3-8cb3253f4f09] Routing FlowFile[2802,93427911413812.mockFlowFile,24B] to original
[main] DEBUG org.apache.nifi.processors.standard.RouteText - RouteText[id=24e84634-fdfb-4a8b-87b3-8cb3253f4f09] Adding new dynamic property: PropertyDescriptor[simple]
[pool-3724-thread-1] INFO org.apache.nifi.processors.standard.RouteText - RouteText[id=24e84634-fdfb-4a8b-87b3-8cb3253f4f09] Created FlowFile[2805,93427911828357.mockFlowFile,24B] from FlowFile[2804,93427911828357.mockFlowFile,24B]; routing to relationship simple
[pool-3724-thread-1] INFO org.apache.nifi.processors.standard.RouteText - RouteText[id=24e84634-fdfb-4a8b-87b3-8cb3253f4f09] Routing FlowFile[2804,93427911828357.mockFlowFile,24B] to original
[main] DEBUG org.apache.nifi.processors.standard.RouteText - RouteText[id=24e84634-fdfb-4a8b-87b3-8cb3253f4f09] Adding new dynamic property: PropertyDescriptor[simple]
[pool-3725-thread-1] INFO org.apache.nifi.processors.standard.RouteText - RouteText[id=24e84634-fdfb-4a8b-87b3-8cb3253f4f09] Created FlowFile[2807,93427912325380.mockFlowFile,24B] from FlowFile[2806,93427912325380.mockFlowFile,24B]; routing to relationship simple
[pool-3725-thread-1] INFO org.apache.nifi.processors.standard.RouteText - RouteText[id=24e84634-fdfb-4a8b-87b3-8cb3253f4f09] Routing FlowFile[2806,93427912325380.mockFlowFile,24B] to original
[main] DEBUG org.apache.nifi.processors.standard.RouteText - RouteText[id=24e84634-fdfb-4a8b-87b3-8cb3253f4f09] Adding new dynamic property: PropertyDescriptor[simple]
[pool-3726-thread-1] INFO org.apache.nifi.processors.standard.RouteText - RouteText[id=24e84634-fdfb-4a8b-87b3-8cb3253f4f09] Created FlowFile[2809,93427912828582.mockFlowFile,24B] from FlowFile[2808,93427912828582.mockFlowFile,24B]; routing to relationship simple
[pool-3726-thread-1] INFO org.apache.nifi.processors.standard.RouteText - RouteText[id=24e84634-fdfb-4a8b-87b3-8cb3253f4f09] Routing FlowFile[2808,93427912828582.mockFlowFile,24B] to original
[main] DEBUG org.apache.nifi.processors.standard.RouteText - RouteText[id=24e84634-fdfb-4a8b-87b3-8cb3253f4f09] Adding new dynamic property: PropertyDescriptor[simple]
[pool-3727-thread-1] INFO org.apache.nifi.processors.standard.RouteText - RouteText[id=24e84634-fdfb-4a8b-87b3-8cb3253f4f09] Created FlowFile[2811,93427913398296.mockFlowFile,24B] from FlowFile[2810,93427913398296.mockFlowFile,24B]; routing to relationship simple
[pool-3727-thread-1] INFO org.apache.nifi.processors.standard.RouteText - RouteText[id=24e84634-fdfb-4a8b-87b3-8cb3253f4f09] Routing FlowFile[2810,93427913398296.mockFlowFile,24B] to original
[main] DEBUG org.apache.nifi.processors.standard.RouteText - RouteText[id=24e84634-fdfb-4a8b-87b3-8cb3253f4f09] Adding new dynamic property: PropertyDescriptor[simple]
[pool-3728-thread-1] INFO org.apache.nifi.processors.standard.RouteText - RouteText[id=24e84634-fdfb-4a8b-87b3-8cb3253f4f09] Created FlowFile[2813,93427914048260.mockFlowFile,24B] from FlowFile[2812,93427914048260.mockFlowFile,24B]; routing to relationship simple
[pool-3728-thread-1] INFO org.apache.nifi.processors.standard.RouteText - RouteText[id=24e84634-fdfb-4a8b-87b3-8cb3253f4f09] Routing FlowFile[2812,93427914048260.mockFlowFile,24B] to original
[main] DEBUG org.apache.nifi.processors.standard.RouteText - RouteText[id=24e84634-fdfb-4a8b-87b3-8cb3253f4f09] Adding new dynamic property: PropertyDescriptor[simple]
[pool-3729-thread-1] INFO org.apache.nifi.processors.standard.RouteText - RouteText[id=24e84634-fdfb-4a8b-87b3-8cb3253f4f09] Created FlowFile[2815,93427914541147.mockFlowFile,24B] from FlowFile[2814,93427914541147.mockFlowFile,24B]; routing to relationship simple
[pool-3729-thread-1] INFO org.apache.nifi.processors.standard.RouteText - RouteText[id=24e84634-fdfb-4a8b-87b3-8cb3253f4f09] Routing FlowFile[2814,93427914541147.mockFlowFile,24B] to original
[main] DEBUG org.apache.nifi.processors.standard.RouteText - RouteText[id=24e84634-fdfb-4a8b-87b3-8cb3253f4f09] Adding new dynamic property: PropertyDescriptor[simple]
[pool-3730-thread-1] INFO org.apache.nifi.processors.standard.RouteText - RouteText[id=24e84634-fdfb-4a8b-87b3-8cb3253f4f09] Created FlowFile[2817,93427915017721.mockFlowFile,24B] from FlowFile[2816,93427915017721.mockFlowFile,24B]; routing to relationship simple
[pool-3730-thread-1] INFO org.apache.nifi.processors.standard.RouteText - RouteText[id=24e84634-fdfb-4a8b-87b3-8cb3253f4f09] Routing FlowFile[2816,93427915017721.mockFlowFile,24B] to original
[main] DEBUG org.apache.nifi.processors.standard.RouteText - RouteText[id=24e84634-fdfb-4a8b-87b3-8cb3253f4f09] Adding new dynamic property: PropertyDescriptor[simple]
[pool-3731-thread-1] INFO org.apache.nifi.processors.standard.RouteText - RouteText[id=24e84634-fdfb-4a8b-87b3-8cb3253f4f09] Created FlowFile[2819,93427915556708.mockFlowFile,24B] from FlowFile[2818,93427915556708.mockFlowFile,24B]; routing to relationship simple
[pool-3731-thread-1] INFO org.apache.nifi.processors.standard.RouteText - RouteText[id=24e84634-fdfb-4a8b-87b3-8cb3253f4f09] Routing FlowFile[2818,93427915556708.mockFlowFile,24B] to original
[main] DEBUG org.apache.nifi.processors.standard.RouteText - RouteText[id=24e84634-fdfb-4a8b-87b3-8cb3253f4f09] Adding new dynamic property: PropertyDescriptor[simple]
[pool-3732-thread-1] INFO org.apache.nifi.processors.standard.RouteText - RouteText[id=24e84634-fdfb-4a8b-87b3-8cb3253f4f09] Created FlowFile[2821,93427916148795.mockFlowFile,24B] from FlowFile[2820,93427916148795.mockFlowFile,24B]; routing to relationship simple
[pool-3732-thread-1] INFO org.apache.nifi.processors.standard.RouteText - RouteText[id=24e84634-fdfb-4a8b-87b3-8cb3253f4f09] Routing FlowFile[2820,93427916148795.mockFlowFile,24B] to original
[main] DEBUG org.apache.nifi.processors.standard.RouteText - RouteText[id=24e84634-fdfb-4a8b-87b3-8cb3253f4f09] Adding new dynamic property: PropertyDescriptor[simple]
[pool-3733-thread-1] INFO org.apache.nifi.processors.standard.RouteText - RouteText[id=24e84634-fdfb-4a8b-87b3-8cb3253f4f09] Created FlowFile[2823,93427916696557.mockFlowFile,24B] from FlowFile[2822,93427916696557.mockFlowFile,24B]; routing to relationship simple
[pool-3733-thread-1] INFO org.apache.nifi.processors.standard.RouteText - RouteText[id=24e84634-fdfb-4a8b-87b3-8cb3253f4f09] Routing FlowFile[2822,93427916696557.mockFlowFile,24B] to original
[main] DEBUG org.apache.nifi.processors.standard.RouteText - RouteText[id=24e84634-fdfb-4a8b-87b3-8cb3253f4f09] Adding new dynamic property: PropertyDescriptor[simple]
[pool-3734-thread-1] INFO org.apache.nifi.processors.standard.RouteText - RouteText[id=24e84634-fdfb-4a8b-87b3-8cb3253f4f09] Created FlowFile[2825,93427917236501.mockFlowFile,24B] from FlowFile[2824,93427917236501.mockFlowFile,24B]; routing to relationship simple
[pool-3734-thread-1] INFO org.apache.nifi.processors.standard.RouteText - RouteText[id=24e84634-fdfb-4a8b-87b3-8cb3253f4f09] Routing FlowFile[2824,93427917236501.mockFlowFile,24B] to original
[main] DEBUG org.apache.nifi.processors.standard.RouteText - RouteText[id=24e84634-fdfb-4a8b-87b3-8cb3253f4f09] Adding new dynamic property: PropertyDescriptor[simple]
[pool-3735-thread-1] INFO org.apache.nifi.processors.standard.RouteText - RouteText[id=24e84634-fdfb-4a8b-87b3-8cb3253f4f09] Created FlowFile[2827,93427917771657.mockFlowFile,24B] from FlowFile[2826,93427917771657.mockFlowFile,24B]; routing to relationship simple
[pool-3735-thread-1] INFO org.apache.nifi.processors.standard.RouteText - RouteText[id=24e84634-fdfb-4a8b-87b3-8cb3253f4f09] Routing FlowFile[2826,93427917771657.mockFlowFile,24B] to original
[main] DEBUG org.apache.nifi.processors.standard.RouteText - RouteText[id=24e84634-fdfb-4a8b-87b3-8cb3253f4f09] Adding new dynamic property: PropertyDescriptor[simple]
[pool-3736-thread-1] INFO org.apache.nifi.processors.standard.RouteText - RouteText[id=24e84634-fdfb-4a8b-87b3-8cb3253f4f09] Created FlowFile[2829,93427918219664.mockFlowFile,24B] from FlowFile[2828,93427918219664.mockFlowFile,24B]; routing to relationship simple
[pool-3736-thread-1] INFO org.apache.nifi.processors.standard.RouteText - RouteText[id=24e84634-fdfb-4a8b-87b3-8cb3253f4f09] Routing FlowFile[2828,93427918219664.mockFlowFile,24B] to original
[main] DEBUG org.apache.nifi.processors.standard.RouteText - RouteText[id=24e84634-fdfb-4a8b-87b3-8cb3253f4f09] Adding new dynamic property: PropertyDescriptor[simple]
[pool-3737-thread-1] INFO org.apache.nifi.processors.standard.RouteText - RouteText[id=24e84634-fdfb-4a8b-87b3-8cb3253f4f09] Created FlowFile[2831,93427918663882.mockFlowFile,24B] from FlowFile[2830,93427918663882.mockFlowFile,24B]; routing to relationship simple
[pool-3737-thread-1] INFO org.apache.nifi.processors.standard.RouteText - RouteText[id=24e84634-fdfb-4a8b-87b3-8cb3253f4f09] Routing FlowFile[2830,93427918663882.mockFlowFile,24B] to original
[main] DEBUG org.apache.nifi.processors.standard.RouteText - RouteText[id=24e84634-fdfb-4a8b-87b3-8cb3253f4f09] Adding new dynamic property: PropertyDescriptor[simple]
[pool-3738-thread-1] INFO org.apache.nifi.processors.standard.RouteText - RouteText[id=24e84634-fdfb-4a8b-87b3-8cb3253f4f09] Created FlowFile[2833,93427919152549.mockFlowFile,24B] from FlowFile[2832,93427919152549.mockFlowFile,24B]; routing to relationship simple
[pool-3738-thread-1] INFO org.apache.nifi.processors.standard.RouteText - RouteText[id=24e84634-fdfb-4a8b-87b3-8cb3253f4f09] Routing FlowFile[2832,93427919152549.mockFlowFile,24B] to original
[main] DEBUG org.apache.nifi.processors.standard.RouteText - RouteText[id=24e84634-fdfb-4a8b-87b3-8cb3253f4f09] Adding new dynamic property: PropertyDescriptor[simple]
[pool-3739-thread-1] INFO org.apache.nifi.processors.standard.RouteText - RouteText[id=24e84634-fdfb-4a8b-87b3-8cb3253f4f09] Created FlowFile[2835,93427919647968.mockFlowFile,24B] from FlowFile[2834,93427919647968.mockFlowFile,24B]; routing to relationship simple
[pool-3739-thread-1] INFO org.apache.nifi.processors.standard.RouteText - RouteText[id=24e84634-fdfb-4a8b-87b3-8cb3253f4f09] Routing FlowFile[2834,93427919647968.mockFlowFile,24B] to original
[main] DEBUG org.apache.nifi.processors.standard.RouteText - RouteText[id=24e84634-fdfb-4a8b-87b3-8cb3253f4f09] Adding new dynamic property: PropertyDescriptor[simple]
[pool-3740-thread-1] INFO org.apache.nifi.processors.standard.RouteText - RouteText[id=24e84634-fdfb-4a8b-87b3-8cb3253f4f09] Created FlowFile[2837,93427920130900.mockFlowFile,24B] from FlowFile[2836,93427920130900.mockFlowFile,24B]; routing to relationship simple
[pool-3740-thread-1] INFO org.apache.nifi.processors.standard.RouteText - RouteText[id=24e84634-fdfb-4a8b-87b3-8cb3253f4f09] Routing FlowFile[2836,93427920130900.mockFlowFile,24B] to original
[main] DEBUG org.apache.nifi.processors.standard.RouteText - RouteText[id=24e84634-fdfb-4a8b-87b3-8cb3253f4f09] Adding new dynamic property: PropertyDescriptor[simple]
[pool-3741-thread-1] INFO org.apache.nifi.processors.standard.RouteText - RouteText[id=24e84634-fdfb-4a8b-87b3-8cb3253f4f09] Created FlowFile[2839,93427920584734.mockFlowFile,24B] from FlowFile[2838,93427920584734.mockFlowFile,24B]; routing to relationship simple
[pool-3741-thread-1] INFO org.apache.nifi.processors.standard.RouteText - RouteText[id=24e84634-fdfb-4a8b-87b3-8cb3253f4f09] Routing FlowFile[2838,93427920584734.mockFlowFile,24B] to original
[main] DEBUG org.apache.nifi.processors.standard.RouteText - RouteText[id=24e84634-fdfb-4a8b-87b3-8cb3253f4f09] Adding new dynamic property: PropertyDescriptor[simple]
[pool-3742-thread-1] INFO org.apache.nifi.processors.standard.RouteText - RouteText[id=24e84634-fdfb-4a8b-87b3-8cb3253f4f09] Created FlowFile[2841,93427921034317.mockFlowFile,24B] from FlowFile[2840,93427921034317.mockFlowFile,24B]; routing to relationship simple
[pool-3742-thread-1] INFO org.apache.nifi.processors.standard.RouteText - RouteText[id=24e84634-fdfb-4a8b-87b3-8cb3253f4f09] Routing FlowFile[2840,93427921034317.mockFlowFile,24B] to original
[main] DEBUG org.apache.nifi.processors.standard.RouteText - RouteText[id=24e84634-fdfb-4a8b-87b3-8cb3253f4f09] Adding new dynamic property: PropertyDescriptor[simple]
[pool-3743-thread-1] INFO org.apache.nifi.processors.standard.RouteText - RouteText[id=24e84634-fdfb-4a8b-87b3-8cb3253f4f09] Created FlowFile[2843,93427921460552.mockFlowFile,24B] from FlowFile[2842,93427921460552.mockFlowFile,24B]; routing to relationship simple
[pool-3743-thread-1] INFO org.apache.nifi.processors.standard.RouteText - RouteText[id=24e84634-fdfb-4a8b-87b3-8cb3253f4f09] Routing FlowFile[2842,93427921460552.mockFlowFile,24B] to original
[main] DEBUG org.apache.nifi.processors.standard.RouteText - RouteText[id=24e84634-fdfb-4a8b-87b3-8cb3253f4f09] Adding new dynamic property: PropertyDescriptor[simple]
[pool-3744-thread-1] INFO org.apache.nifi.processors.standard.RouteText - RouteText[id=24e84634-fdfb-4a8b-87b3-8cb3253f4f09] Created FlowFile[2845,93427921860561.mockFlowFile,24B] from FlowFile[2844,93427921860561.mockFlowFile,24B]; routing to relationship simple
[pool-3744-thread-1] INFO org.apache.nifi.processors.standard.RouteText - RouteText[id=24e84634-fdfb-4a8b-87b3-8cb3253f4f09] Routing FlowFile[2844,93427921860561.mockFlowFile,24B] to original
[main] DEBUG org.apache.nifi.processors.standard.RouteText - RouteText[id=24e84634-fdfb-4a8b-87b3-8cb3253f4f09] Adding new dynamic property: PropertyDescriptor[simple]
[pool-3745-thread-1] INFO org.apache.nifi.processors.standard.RouteText - RouteText[id=24e84634-fdfb-4a8b-87b3-8cb3253f4f09] Created FlowFile[2847,93427922256325.mockFlowFile,24B] from FlowFile[2846,93427922256325.mockFlowFile,24B]; routing to relationship simple
[pool-3745-thread-1] INFO org.apache.nifi.processors.standard.RouteText - RouteText[id=24e84634-fdfb-4a8b-87b3-8cb3253f4f09] Routing FlowFile[2846,93427922256325.mockFlowFile,24B] to original
[main] DEBUG org.apache.nifi.processors.standard.RouteText - RouteText[id=24e84634-fdfb-4a8b-87b3-8cb3253f4f09] Adding new dynamic property: PropertyDescriptor[simple]
[pool-3746-thread-1] INFO org.apache.nifi.processors.standard.RouteText - RouteText[id=24e84634-fdfb-4a8b-87b3-8cb3253f4f09] Created FlowFile[2849,93427922665198.mockFlowFile,24B] from FlowFile[2848,93427922665198.mockFlowFile,24B]; routing to relationship simple
[pool-3746-thread-1] INFO org.apache.nifi.processors.standard.RouteText - RouteText[id=24e84634-fdfb-4a8b-87b3-8cb3253f4f09] Routing FlowFile[2848,93427922665198.mockFlowFile,24B] to original
[main] DEBUG org.apache.nifi.processors.standard.RouteText - RouteText[id=24e84634-fdfb-4a8b-87b3-8cb3253f4f09] Adding new dynamic property: PropertyDescriptor[simple]
[pool-3747-thread-1] INFO org.apache.nifi.processors.standard.RouteText - RouteText[id=24e84634-fdfb-4a8b-87b3-8cb3253f4f09] Created FlowFile[2851,93427923065301.mockFlowFile,24B] from FlowFile[2850,93427923065301.mockFlowFile,24B]; routing to relationship simple
[pool-3747-thread-1] INFO org.apache.nifi.processors.standard.RouteText - RouteText[id=24e84634-fdfb-4a8b-87b3-8cb3253f4f09] Routing FlowFile[2850,93427923065301.mockFlowFile,24B] to original
[main] DEBUG org.apache.nifi.processors.standard.RouteText - RouteText[id=24e84634-fdfb-4a8b-87b3-8cb3253f4f09] Adding new dynamic property: PropertyDescriptor[simple]
[pool-3748-thread-1] INFO org.apache.nifi.processors.standard.RouteText - RouteText[id=24e84634-fdfb-4a8b-87b3-8cb3253f4f09] Created FlowFile[2853,93427923462731.mockFlowFile,24B] from FlowFile[2852,93427923462731.mockFlowFile,24B]; routing to relationship simple
[pool-3748-thread-1] INFO org.apache.nifi.processors.standard.RouteText - RouteText[id=24e84634-fdfb-4a8b-87b3-8cb3253f4f09] Routing FlowFile[2852,93427923462731.mockFlowFile,24B] to original
[main] DEBUG org.apache.nifi.processors.standard.RouteText - RouteText[id=24e84634-fdfb-4a8b-87b3-8cb3253f4f09] Adding new dynamic property: PropertyDescriptor[simple]
[pool-3749-thread-1] INFO org.apache.nifi.processors.standard.RouteText - RouteText[id=24e84634-fdfb-4a8b-87b3-8cb3253f4f09] Created FlowFile[2855,93427923851781.mockFlowFile,24B] from FlowFile[2854,93427923851781.mockFlowFile,24B]; routing to relationship simple
[pool-3749-thread-1] INFO org.apache.nifi.processors.standard.RouteText - RouteText[id=24e84634-fdfb-4a8b-87b3-8cb3253f4f09] Routing FlowFile[2854,93427923851781.mockFlowFile,24B] to original
[main] DEBUG org.apache.nifi.processors.standard.RouteText - RouteText[id=24e84634-fdfb-4a8b-87b3-8cb3253f4f09] Adding new dynamic property: PropertyDescriptor[simple]
[pool-3750-thread-1] INFO org.apache.nifi.processors.standard.RouteText - RouteText[id=24e84634-fdfb-4a8b-87b3-8cb3253f4f09] Created FlowFile[2857,93427924257113.mockFlowFile,24B] from FlowFile[2856,93427924257113.mockFlowFile,24B]; routing to relationship simple
[pool-3750-thread-1] INFO org.apache.nifi.processors.standard.RouteText - RouteText[id=24e84634-fdfb-4a8b-87b3-8cb3253f4f09] Routing FlowFile[2856,93427924257113.mockFlowFile,24B] to original
[main] DEBUG org.apache.nifi.processors.standard.RouteText - RouteText[id=24e84634-fdfb-4a8b-87b3-8cb3253f4f09] Adding new dynamic property: PropertyDescriptor[simple]
[pool-3751-thread-1] INFO org.apache.nifi.processors.standard.RouteText - RouteText[id=24e84634-fdfb-4a8b-87b3-8cb3253f4f09] Created FlowFile[2859,93427924678581.mockFlowFile,24B] from FlowFile[2858,93427924678581.mockFlowFile,24B]; routing to relationship simple
[pool-3751-thread-1] INFO org.apache.nifi.processors.standard.RouteText - RouteText[id=24e84634-fdfb-4a8b-87b3-8cb3253f4f09] Routing FlowFile[2858,93427924678581.mockFlowFile,24B] to original
[main] DEBUG org.apache.nifi.processors.standard.RouteText - RouteText[id=24e84634-fdfb-4a8b-87b3-8cb3253f4f09] Adding new dynamic property: PropertyDescriptor[simple]
[pool-3752-thread-1] INFO org.apache.nifi.processors.standard.RouteText - RouteText[id=24e84634-fdfb-4a8b-87b3-8cb3253f4f09] Created FlowFile[2861,93427925081727.mockFlowFile,24B] from FlowFile[2860,93427925081727.mockFlowFile,24B]; routing to relationship simple
[pool-3752-thread-1] INFO org.apache.nifi.processors.standard.RouteText - RouteText[id=24e84634-fdfb-4a8b-87b3-8cb3253f4f09] Routing FlowFile[2860,93427925081727.mockFlowFile,24B] to original
[main] DEBUG org.apache.nifi.processors.standard.RouteText - RouteText[id=24e84634-fdfb-4a8b-87b3-8cb3253f4f09] Adding new dynamic property: PropertyDescriptor[simple]
[pool-3753-thread-1] INFO org.apache.nifi.processors.standard.RouteText - RouteText[id=24e84634-fdfb-4a8b-87b3-8cb3253f4f09] Created FlowFile[2863,93427925484213.mockFlowFile,24B] from FlowFile[2862,93427925484213.mockFlowFile,24B]; routing to relationship simple
[pool-3753-thread-1] INFO org.apache.nifi.processors.standard.RouteText - RouteText[id=24e84634-fdfb-4a8b-87b3-8cb3253f4f09] Routing FlowFile[2862,93427925484213.mockFlowFile,24B] to original
[main] DEBUG org.apache.nifi.processors.standard.RouteText - RouteText[id=24e84634-fdfb-4a8b-87b3-8cb3253f4f09] Adding new dynamic property: PropertyDescriptor[simple]
[pool-3754-thread-1] INFO org.apache.nifi.processors.standard.RouteText - RouteText[id=24e84634-fdfb-4a8b-87b3-8cb3253f4f09] Created FlowFile[2865,93427925882013.mockFlowFile,24B] from FlowFile[2864,93427925882013.mockFlowFile,24B]; routing to relationship simple
[pool-3754-thread-1] INFO org.apache.nifi.processors.standard.RouteText - RouteText[id=24e84634-fdfb-4a8b-87b3-8cb3253f4f09] Routing FlowFile[2864,93427925882013.mockFlowFile,24B] to original
[main] DEBUG org.apache.nifi.processors.standard.RouteText - RouteText[id=24e84634-fdfb-4a8b-87b3-8cb3253f4f09] Adding new dynamic property: PropertyDescriptor[simple]
[pool-3755-thread-1] INFO org.apache.nifi.processors.standard.RouteText - RouteText[id=24e84634-fdfb-4a8b-87b3-8cb3253f4f09] Created FlowFile[2867,93427926275246.mockFlowFile,24B] from FlowFile[2866,93427926275246.mockFlowFile,24B]; routing to relationship simple
[pool-3755-thread-1] INFO org.apache.nifi.processors.standard.RouteText - RouteText[id=24e84634-fdfb-4a8b-87b3-8cb3253f4f09] Routing FlowFile[2866,93427926275246.mockFlowFile,24B] to original
[main] DEBUG org.apache.nifi.processors.standard.RouteText - RouteText[id=24e84634-fdfb-4a8b-87b3-8cb3253f4f09] Adding new dynamic property: PropertyDescriptor[simple]
[pool-3756-thread-1] INFO org.apache.nifi.processors.standard.RouteText - RouteText[id=24e84634-fdfb-4a8b-87b3-8cb3253f4f09] Created FlowFile[2869,93427926669876.mockFlowFile,24B] from FlowFile[2868,93427926669876.mockFlowFile,24B]; routing to relationship simple
[pool-3756-thread-1] INFO org.apache.nifi.processors.standard.RouteText - RouteText[id=24e84634-fdfb-4a8b-87b3-8cb3253f4f09] Routing FlowFile[2868,93427926669876.mockFlowFile,24B] to original
[main] DEBUG org.apache.nifi.processors.standard.RouteText - RouteText[id=24e84634-fdfb-4a8b-87b3-8cb3253f4f09] Adding new dynamic property: PropertyDescriptor[simple]
[pool-3757-thread-1] INFO org.apache.nifi.processors.standard.RouteText - RouteText[id=24e84634-fdfb-4a8b-87b3-8cb3253f4f09] Created FlowFile[2871,93427927055105.mockFlowFile,24B] from FlowFile[2870,93427927055105.mockFlowFile,24B]; routing to relationship simple
[pool-3757-thread-1] INFO org.apache.nifi.processors.standard.RouteText - RouteText[id=24e84634-fdfb-4a8b-87b3-8cb3253f4f09] Routing FlowFile[2870,93427927055105.mockFlowFile,24B] to original
[main] DEBUG org.apache.nifi.processors.standard.RouteText - RouteText[id=24e84634-fdfb-4a8b-87b3-8cb3253f4f09] Adding new dynamic property: PropertyDescriptor[simple]
[pool-3758-thread-1] INFO org.apache.nifi.processors.standard.RouteText - RouteText[id=24e84634-fdfb-4a8b-87b3-8cb3253f4f09] Created FlowFile[2873,93427927411102.mockFlowFile,24B] from FlowFile[2872,93427927411102.mockFlowFile,24B]; routing to relationship simple
[pool-3758-thread-1] INFO org.apache.nifi.processors.standard.RouteText - RouteText[id=24e84634-fdfb-4a8b-87b3-8cb3253f4f09] Routing FlowFile[2872,93427927411102.mockFlowFile,24B] to original
[main] DEBUG org.apache.nifi.processors.standard.RouteText - RouteText[id=24e84634-fdfb-4a8b-87b3-8cb3253f4f09] Adding new dynamic property: PropertyDescriptor[simple]
[pool-3759-thread-1] INFO org.apache.nifi.processors.standard.RouteText - RouteText[id=24e84634-fdfb-4a8b-87b3-8cb3253f4f09] Created FlowFile[2875,93427927826734.mockFlowFile,24B] from FlowFile[2874,93427927826734.mockFlowFile,24B]; routing to relationship simple
[pool-3759-thread-1] INFO org.apache.nifi.processors.standard.RouteText - RouteText[id=24e84634-fdfb-4a8b-87b3-8cb3253f4f09] Routing FlowFile[2874,93427927826734.mockFlowFile,24B] to original
[main] DEBUG org.apache.nifi.processors.standard.RouteText - RouteText[id=24e84634-fdfb-4a8b-87b3-8cb3253f4f09] Adding new dynamic property: PropertyDescriptor[simple]
[pool-3760-thread-1] INFO org.apache.nifi.processors.standard.RouteText - RouteText[id=24e84634-fdfb-4a8b-87b3-8cb3253f4f09] Created FlowFile[2877,93427928367151.mockFlowFile,24B] from FlowFile[2876,93427928367151.mockFlowFile,24B]; routing to relationship simple
[pool-3760-thread-1] INFO org.apache.nifi.processors.standard.RouteText - RouteText[id=24e84634-fdfb-4a8b-87b3-8cb3253f4f09] Routing FlowFile[2876,93427928367151.mockFlowFile,24B] to original
[main] DEBUG org.apache.nifi.processors.standard.RouteText - RouteText[id=24e84634-fdfb-4a8b-87b3-8cb3253f4f09] Adding new dynamic property: PropertyDescriptor[simple]
[pool-3761-thread-1] INFO org.apache.nifi.processors.standard.RouteText - RouteText[id=24e84634-fdfb-4a8b-87b3-8cb3253f4f09] Created FlowFile[2879,93427928822257.mockFlowFile,24B] from FlowFile[2878,93427928822257.mockFlowFile,24B]; routing to relationship simple
[pool-3761-thread-1] INFO org.apache.nifi.processors.standard.RouteText - RouteText[id=24e84634-fdfb-4a8b-87b3-8cb3253f4f09] Routing FlowFile[2878,93427928822257.mockFlowFile,24B] to original
[main] DEBUG org.apache.nifi.processors.standard.RouteText - RouteText[id=24e84634-fdfb-4a8b-87b3-8cb3253f4f09] Adding new dynamic property: PropertyDescriptor[simple]
[pool-3762-thread-1] INFO org.apache.nifi.processors.standard.RouteText - RouteText[id=24e84634-fdfb-4a8b-87b3-8cb3253f4f09] Created FlowFile[2881,93427929270881.mockFlowFile,24B] from FlowFile[2880,93427929270881.mockFlowFile,24B]; routing to relationship simple
[pool-3762-thread-1] INFO org.apache.nifi.processors.standard.RouteText - RouteText[id=24e84634-fdfb-4a8b-87b3-8cb3253f4f09] Routing FlowFile[2880,93427929270881.mockFlowFile,24B] to original
[main] DEBUG org.apache.nifi.processors.standard.RouteText - RouteText[id=24e84634-fdfb-4a8b-87b3-8cb3253f4f09] Adding new dynamic property: PropertyDescriptor[simple]
[pool-3763-thread-1] INFO org.apache.nifi.processors.standard.RouteText - RouteText[id=24e84634-fdfb-4a8b-87b3-8cb3253f4f09] Created FlowFile[2883,93427929716001.mockFlowFile,24B] from FlowFile[2882,93427929716001.mockFlowFile,24B]; routing to relationship simple
[pool-3763-thread-1] INFO org.apache.nifi.processors.standard.RouteText - RouteText[id=24e84634-fdfb-4a8b-87b3-8cb3253f4f09] Routing FlowFile[2882,93427929716001.mockFlowFile,24B] to original
[main] DEBUG org.apache.nifi.processors.standard.RouteText - RouteText[id=24e84634-fdfb-4a8b-87b3-8cb3253f4f09] Adding new dynamic property: PropertyDescriptor[simple]
[pool-3764-thread-1] INFO org.apache.nifi.processors.standard.RouteText - RouteText[id=24e84634-fdfb-4a8b-87b3-8cb3253f4f09] Created FlowFile[2885,93427930162316.mockFlowFile,24B] from FlowFile[2884,93427930162316.mockFlowFile,24B]; routing to relationship simple
[pool-3764-thread-1] INFO org.apache.nifi.processors.standard.RouteText - RouteText[id=24e84634-fdfb-4a8b-87b3-8cb3253f4f09] Routing FlowFile[2884,93427930162316.mockFlowFile,24B] to original
[main] DEBUG org.apache.nifi.processors.standard.RouteText - RouteText[id=24e84634-fdfb-4a8b-87b3-8cb3253f4f09] Adding new dynamic property: PropertyDescriptor[simple]
[pool-3765-thread-1] INFO org.apache.nifi.processors.standard.RouteText - RouteText[id=24e84634-fdfb-4a8b-87b3-8cb3253f4f09] Created FlowFile[2887,93427930601762.mockFlowFile,24B] from FlowFile[2886,93427930601762.mockFlowFile,24B]; routing to relationship simple
[pool-3765-thread-1] INFO org.apache.nifi.processors.standard.RouteText - RouteText[id=24e84634-fdfb-4a8b-87b3-8cb3253f4f09] Routing FlowFile[2886,93427930601762.mockFlowFile,24B] to original
[main] DEBUG org.apache.nifi.processors.standard.RouteText - RouteText[id=24e84634-fdfb-4a8b-87b3-8cb3253f4f09] Adding new dynamic property: PropertyDescriptor[simple]
[pool-3766-thread-1] INFO org.apache.nifi.processors.standard.RouteText - RouteText[id=24e84634-fdfb-4a8b-87b3-8cb3253f4f09] Created FlowFile[2889,93427931036478.mockFlowFile,24B] from FlowFile[2888,93427931036478.mockFlowFile,24B]; routing to relationship simple
[pool-3766-thread-1] INFO org.apache.nifi.processors.standard.RouteText - RouteText[id=24e84634-fdfb-4a8b-87b3-8cb3253f4f09] Routing FlowFile[2888,93427931036478.mockFlowFile,24B] to original
[main] DEBUG org.apache.nifi.processors.standard.RouteText - RouteText[id=24e84634-fdfb-4a8b-87b3-8cb3253f4f09] Adding new dynamic property: PropertyDescriptor[simple]
[pool-3767-thread-1] INFO org.apache.nifi.processors.standard.RouteText - RouteText[id=24e84634-fdfb-4a8b-87b3-8cb3253f4f09] Created FlowFile[2891,93427931554302.mockFlowFile,24B] from FlowFile[2890,93427931554302.mockFlowFile,24B]; routing to relationship simple
[pool-3767-thread-1] INFO org.apache.nifi.processors.standard.RouteText - RouteText[id=24e84634-fdfb-4a8b-87b3-8cb3253f4f09] Routing FlowFile[2890,93427931554302.mockFlowFile,24B] to original
[main] DEBUG org.apache.nifi.processors.standard.RouteText - RouteText[id=24e84634-fdfb-4a8b-87b3-8cb3253f4f09] Adding new dynamic property: PropertyDescriptor[simple]
[pool-3768-thread-1] INFO org.apache.nifi.processors.standard.RouteText - RouteText[id=24e84634-fdfb-4a8b-87b3-8cb3253f4f09] Created FlowFile[2893,93427931985725.mockFlowFile,24B] from FlowFile[2892,93427931985725.mockFlowFile,24B]; routing to relationship simple
[pool-3768-thread-1] INFO org.apache.nifi.processors.standard.RouteText - RouteText[id=24e84634-fdfb-4a8b-87b3-8cb3253f4f09] Routing FlowFile[2892,93427931985725.mockFlowFile,24B] to original
[main] DEBUG org.apache.nifi.processors.standard.RouteText - RouteText[id=24e84634-fdfb-4a8b-87b3-8cb3253f4f09] Adding new dynamic property: PropertyDescriptor[simple]
[pool-3769-thread-1] INFO org.apache.nifi.processors.standard.RouteText - RouteText[id=24e84634-fdfb-4a8b-87b3-8cb3253f4f09] Created FlowFile[2895,93427932430456.mockFlowFile,24B] from FlowFile[2894,93427932430456.mockFlowFile,24B]; routing to relationship simple
[pool-3769-thread-1] INFO org.apache.nifi.processors.standard.RouteText - RouteText[id=24e84634-fdfb-4a8b-87b3-8cb3253f4f09] Routing FlowFile[2894,93427932430456.mockFlowFile,24B] to original
[main] DEBUG org.apache.nifi.processors.standard.RouteText - RouteText[id=24e84634-fdfb-4a8b-87b3-8cb3253f4f09] Adding new dynamic property: PropertyDescriptor[simple]
[pool-3770-thread-1] INFO org.apache.nifi.processors.standard.RouteText - RouteText[id=24e84634-fdfb-4a8b-87b3-8cb3253f4f09] Created FlowFile[2897,93427932875958.mockFlowFile,24B] from FlowFile[2896,93427932875958.mockFlowFile,24B]; routing to relationship simple
[pool-3770-thread-1] INFO org.apache.nifi.processors.standard.RouteText - RouteText[id=24e84634-fdfb-4a8b-87b3-8cb3253f4f09] Routing FlowFile[2896,93427932875958.mockFlowFile,24B] to original
[main] DEBUG org.apache.nifi.processors.standard.RouteText - RouteText[id=24e84634-fdfb-4a8b-87b3-8cb3253f4f09] Adding new dynamic property: PropertyDescriptor[simple]
[pool-3771-thread-1] INFO org.apache.nifi.processors.standard.RouteText - RouteText[id=24e84634-fdfb-4a8b-87b3-8cb3253f4f09] Created FlowFile[2899,93427933297421.mockFlowFile,24B] from FlowFile[2898,93427933297421.mockFlowFile,24B]; routing to relationship simple
[pool-3771-thread-1] INFO org.apache.nifi.processors.standard.RouteText - RouteText[id=24e84634-fdfb-4a8b-87b3-8cb3253f4f09] Routing FlowFile[2898,93427933297421.mockFlowFile,24B] to original
[main] DEBUG org.apache.nifi.processors.standard.RouteText - RouteText[id=24e84634-fdfb-4a8b-87b3-8cb3253f4f09] Adding new dynamic property: PropertyDescriptor[simple]
[pool-3772-thread-1] INFO org.apache.nifi.processors.standard.RouteText - RouteText[id=24e84634-fdfb-4a8b-87b3-8cb3253f4f09] Created FlowFile[2901,93427933747237.mockFlowFile,24B] from FlowFile[2900,93427933747237.mockFlowFile,24B]; routing to relationship simple
[pool-3772-thread-1] INFO org.apache.nifi.processors.standard.RouteText - RouteText[id=24e84634-fdfb-4a8b-87b3-8cb3253f4f09] Routing FlowFile[2900,93427933747237.mockFlowFile,24B] to original
[main] DEBUG org.apache.nifi.processors.standard.RouteText - RouteText[id=24e84634-fdfb-4a8b-87b3-8cb3253f4f09] Adding new dynamic property: PropertyDescriptor[simple]
[pool-3773-thread-1] INFO org.apache.nifi.processors.standard.RouteText - RouteText[id=24e84634-fdfb-4a8b-87b3-8cb3253f4f09] Created FlowFile[2903,93427934193890.mockFlowFile,24B] from FlowFile[2902,93427934193890.mockFlowFile,24B]; routing to relationship simple
[pool-3773-thread-1] INFO org.apache.nifi.processors.standard.RouteText - RouteText[id=24e84634-fdfb-4a8b-87b3-8cb3253f4f09] Routing FlowFile[2902,93427934193890.mockFlowFile,24B] to original
[main] DEBUG org.apache.nifi.processors.standard.RouteText - RouteText[id=24e84634-fdfb-4a8b-87b3-8cb3253f4f09] Adding new dynamic property: PropertyDescriptor[simple]
[pool-3774-thread-1] INFO org.apache.nifi.processors.standard.RouteText - RouteText[id=24e84634-fdfb-4a8b-87b3-8cb3253f4f09] Created FlowFile[2905,93427934615789.mockFlowFile,24B] from FlowFile[2904,93427934615789.mockFlowFile,24B]; routing to relationship simple
[pool-3774-thread-1] INFO org.apache.nifi.processors.standard.RouteText - RouteText[id=24e84634-fdfb-4a8b-87b3-8cb3253f4f09] Routing FlowFile[2904,93427934615789.mockFlowFile,24B] to original
[main] DEBUG org.apache.nifi.processors.standard.RouteText - RouteText[id=24e84634-fdfb-4a8b-87b3-8cb3253f4f09] Adding new dynamic property: PropertyDescriptor[simple]
[pool-3775-thread-1] INFO org.apache.nifi.processors.standard.RouteText - RouteText[id=24e84634-fdfb-4a8b-87b3-8cb3253f4f09] Created FlowFile[2907,93427935072137.mockFlowFile,24B] from FlowFile[2906,93427935072137.mockFlowFile,24B]; routing to relationship simple
[pool-3775-thread-1] INFO org.apache.nifi.processors.standard.RouteText - RouteText[id=24e84634-fdfb-4a8b-87b3-8cb3253f4f09] Routing FlowFile[2906,93427935072137.mockFlowFile,24B] to original
[main] DEBUG org.apache.nifi.processors.standard.RouteText - RouteText[id=24e84634-fdfb-4a8b-87b3-8cb3253f4f09] Adding new dynamic property: PropertyDescriptor[simple]
[pool-3776-thread-1] INFO org.apache.nifi.processors.standard.RouteText - RouteText[id=24e84634-fdfb-4a8b-87b3-8cb3253f4f09] Created FlowFile[2909,93427935496268.mockFlowFile,24B] from FlowFile[2908,93427935496268.mockFlowFile,24B]; routing to relationship simple
[pool-3776-thread-1] INFO org.apache.nifi.processors.standard.RouteText - RouteText[id=24e84634-fdfb-4a8b-87b3-8cb3253f4f09] Routing FlowFile[2908,93427935496268.mockFlowFile,24B] to original
[main] DEBUG org.apache.nifi.processors.standard.RouteText - RouteText[id=24e84634-fdfb-4a8b-87b3-8cb3253f4f09] Adding new dynamic property: PropertyDescriptor[simple]
[pool-3777-thread-1] INFO org.apache.nifi.processors.standard.RouteText - RouteText[id=24e84634-fdfb-4a8b-87b3-8cb3253f4f09] Created FlowFile[2911,93427935895235.mockFlowFile,24B] from FlowFile[2910,93427935895235.mockFlowFile,24B]; routing to relationship simple
[pool-3777-thread-1] INFO org.apache.nifi.processors.standard.RouteText - RouteText[id=24e84634-fdfb-4a8b-87b3-8cb3253f4f09] Routing FlowFile[2910,93427935895235.mockFlowFile,24B] to original
[main] DEBUG org.apache.nifi.processors.standard.RouteText - RouteText[id=24e84634-fdfb-4a8b-87b3-8cb3253f4f09] Adding new dynamic property: PropertyDescriptor[simple]
[pool-3778-thread-1] INFO org.apache.nifi.processors.standard.RouteText - RouteText[id=24e84634-fdfb-4a8b-87b3-8cb3253f4f09] Created FlowFile[2913,93427936309635.mockFlowFile,24B] from FlowFile[2912,93427936309635.mockFlowFile,24B]; routing to relationship simple
[pool-3778-thread-1] INFO org.apache.nifi.processors.standard.RouteText - RouteText[id=24e84634-fdfb-4a8b-87b3-8cb3253f4f09] Routing FlowFile[2912,93427936309635.mockFlowFile,24B] to original
[main] DEBUG org.apache.nifi.processors.standard.RouteText - RouteText[id=24e84634-fdfb-4a8b-87b3-8cb3253f4f09] Adding new dynamic property: PropertyDescriptor[simple]
[pool-3779-thread-1] INFO org.apache.nifi.processors.standard.RouteText - RouteText[id=24e84634-fdfb-4a8b-87b3-8cb3253f4f09] Created FlowFile[2915,93427936704963.mockFlowFile,24B] from FlowFile[2914,93427936704963.mockFlowFile,24B]; routing to relationship simple
[pool-3779-thread-1] INFO org.apache.nifi.processors.standard.RouteText - RouteText[id=24e84634-fdfb-4a8b-87b3-8cb3253f4f09] Routing FlowFile[2914,93427936704963.mockFlowFile,24B] to original
[main] DEBUG org.apache.nifi.processors.standard.RouteText - RouteText[id=24e84634-fdfb-4a8b-87b3-8cb3253f4f09] Adding new dynamic property: PropertyDescriptor[simple]
[pool-3780-thread-1] INFO org.apache.nifi.processors.standard.RouteText - RouteText[id=24e84634-fdfb-4a8b-87b3-8cb3253f4f09] Created FlowFile[2917,93427937104165.mockFlowFile,24B] from FlowFile[2916,93427937104165.mockFlowFile,24B]; routing to relationship simple
[pool-3780-thread-1] INFO org.apache.nifi.processors.standard.RouteText - RouteText[id=24e84634-fdfb-4a8b-87b3-8cb3253f4f09] Routing FlowFile[2916,93427937104165.mockFlowFile,24B] to original
[main] DEBUG org.apache.nifi.processors.standard.RouteText - RouteText[id=24e84634-fdfb-4a8b-87b3-8cb3253f4f09] Adding new dynamic property: PropertyDescriptor[simple]
[pool-3781-thread-1] INFO org.apache.nifi.processors.standard.RouteText - RouteText[id=24e84634-fdfb-4a8b-87b3-8cb3253f4f09] Created FlowFile[2919,93427937506925.mockFlowFile,24B] from FlowFile[2918,93427937506925.mockFlowFile,24B]; routing to relationship simple
[pool-3781-thread-1] INFO org.apache.nifi.processors.standard.RouteText - RouteText[id=24e84634-fdfb-4a8b-87b3-8cb3253f4f09] Routing FlowFile[2918,93427937506925.mockFlowFile,24B] to original
[main] DEBUG org.apache.nifi.processors.standard.RouteText - RouteText[id=24e84634-fdfb-4a8b-87b3-8cb3253f4f09] Adding new dynamic property: PropertyDescriptor[simple]
[pool-3782-thread-1] INFO org.apache.nifi.processors.standard.RouteText - RouteText[id=24e84634-fdfb-4a8b-87b3-8cb3253f4f09] Created FlowFile[2921,93427937882153.mockFlowFile,24B] from FlowFile[2920,93427937882153.mockFlowFile,24B]; routing to relationship simple
[pool-3782-thread-1] INFO org.apache.nifi.processors.standard.RouteText - RouteText[id=24e84634-fdfb-4a8b-87b3-8cb3253f4f09] Routing FlowFile[2920,93427937882153.mockFlowFile,24B] to original
[main] DEBUG org.apache.nifi.processors.standard.RouteText - RouteText[id=24e84634-fdfb-4a8b-87b3-8cb3253f4f09] Adding new dynamic property: PropertyDescriptor[simple]
[pool-3783-thread-1] INFO org.apache.nifi.processors.standard.RouteText - RouteText[id=24e84634-fdfb-4a8b-87b3-8cb3253f4f09] Created FlowFile[2923,93427938259483.mockFlowFile,24B] from FlowFile[2922,93427938259483.mockFlowFile,24B]; routing to relationship simple
[pool-3783-thread-1] INFO org.apache.nifi.processors.standard.RouteText - RouteText[id=24e84634-fdfb-4a8b-87b3-8cb3253f4f09] Routing FlowFile[2922,93427938259483.mockFlowFile,24B] to original
[main] DEBUG org.apache.nifi.processors.standard.RouteText - RouteText[id=24e84634-fdfb-4a8b-87b3-8cb3253f4f09] Adding new dynamic property: PropertyDescriptor[simple]
[pool-3784-thread-1] INFO org.apache.nifi.processors.standard.RouteText - RouteText[id=24e84634-fdfb-4a8b-87b3-8cb3253f4f09] Created FlowFile[2925,93427938637136.mockFlowFile,24B] from FlowFile[2924,93427938637136.mockFlowFile,24B]; routing to relationship simple
[pool-3784-thread-1] INFO org.apache.nifi.processors.standard.RouteText - RouteText[id=24e84634-fdfb-4a8b-87b3-8cb3253f4f09] Routing FlowFile[2924,93427938637136.mockFlowFile,24B] to original
[main] DEBUG org.apache.nifi.processors.standard.RouteText - RouteText[id=24e84634-fdfb-4a8b-87b3-8cb3253f4f09] Adding new dynamic property: PropertyDescriptor[simple]
[pool-3785-thread-1] INFO org.apache.nifi.processors.standard.RouteText - RouteText[id=24e84634-fdfb-4a8b-87b3-8cb3253f4f09] Created FlowFile[2927,93427939011650.mockFlowFile,24B] from FlowFile[2926,93427939011650.mockFlowFile,24B]; routing to relationship simple
[pool-3785-thread-1] INFO org.apache.nifi.processors.standard.RouteText - RouteText[id=24e84634-fdfb-4a8b-87b3-8cb3253f4f09] Routing FlowFile[2926,93427939011650.mockFlowFile,24B] to original
[main] DEBUG org.apache.nifi.processors.standard.RouteText - RouteText[id=24e84634-fdfb-4a8b-87b3-8cb3253f4f09] Adding new dynamic property: PropertyDescriptor[simple]
[pool-3786-thread-1] INFO org.apache.nifi.processors.standard.RouteText - RouteText[id=24e84634-fdfb-4a8b-87b3-8cb3253f4f09] Created FlowFile[2929,93427939402321.mockFlowFile,24B] from FlowFile[2928,93427939402321.mockFlowFile,24B]; routing to relationship simple
[pool-3786-thread-1] INFO org.apache.nifi.processors.standard.RouteText - RouteText[id=24e84634-fdfb-4a8b-87b3-8cb3253f4f09] Routing FlowFile[2928,93427939402321.mockFlowFile,24B] to original
[main] DEBUG org.apache.nifi.processors.standard.RouteText - RouteText[id=24e84634-fdfb-4a8b-87b3-8cb3253f4f09] Adding new dynamic property: PropertyDescriptor[simple]
[pool-3787-thread-1] INFO org.apache.nifi.processors.standard.RouteText - RouteText[id=24e84634-fdfb-4a8b-87b3-8cb3253f4f09] Created FlowFile[2931,93427939786493.mockFlowFile,24B] from FlowFile[2930,93427939786493.mockFlowFile,24B]; routing to relationship simple
[pool-3787-thread-1] INFO org.apache.nifi.processors.standard.RouteText - RouteText[id=24e84634-fdfb-4a8b-87b3-8cb3253f4f09] Routing FlowFile[2930,93427939786493.mockFlowFile,24B] to original
[main] DEBUG org.apache.nifi.processors.standard.RouteText - RouteText[id=24e84634-fdfb-4a8b-87b3-8cb3253f4f09] Adding new dynamic property: PropertyDescriptor[simple]
[pool-3788-thread-1] INFO org.apache.nifi.processors.standard.RouteText - RouteText[id=24e84634-fdfb-4a8b-87b3-8cb3253f4f09] Created FlowFile[2933,93427940187155.mockFlowFile,24B] from FlowFile[2932,93427940187155.mockFlowFile,24B]; routing to relationship simple
[pool-3788-thread-1] INFO org.apache.nifi.processors.standard.RouteText - RouteText[id=24e84634-fdfb-4a8b-87b3-8cb3253f4f09] Routing FlowFile[2932,93427940187155.mockFlowFile,24B] to original
[main] DEBUG org.apache.nifi.processors.standard.RouteText - RouteText[id=24e84634-fdfb-4a8b-87b3-8cb3253f4f09] Adding new dynamic property: PropertyDescriptor[simple]
[pool-3789-thread-1] INFO org.apache.nifi.processors.standard.RouteText - RouteText[id=24e84634-fdfb-4a8b-87b3-8cb3253f4f09] Created FlowFile[2935,93427940579316.mockFlowFile,24B] from FlowFile[2934,93427940579316.mockFlowFile,24B]; routing to relationship simple
[pool-3789-thread-1] INFO org.apache.nifi.processors.standard.RouteText - RouteText[id=24e84634-fdfb-4a8b-87b3-8cb3253f4f09] Routing FlowFile[2934,93427940579316.mockFlowFile,24B] to original
[main] DEBUG org.apache.nifi.processors.standard.RouteText - RouteText[id=24e84634-fdfb-4a8b-87b3-8cb3253f4f09] Adding new dynamic property: PropertyDescriptor[simple]
[pool-3790-thread-1] INFO org.apache.nifi.processors.standard.RouteText - RouteText[id=24e84634-fdfb-4a8b-87b3-8cb3253f4f09] Created FlowFile[2937,93427941097313.mockFlowFile,24B] from FlowFile[2936,93427941097313.mockFlowFile,24B]; routing to relationship simple
[pool-3790-thread-1] INFO org.apache.nifi.processors.standard.RouteText - RouteText[id=24e84634-fdfb-4a8b-87b3-8cb3253f4f09] Routing FlowFile[2936,93427941097313.mockFlowFile,24B] to original
[main] DEBUG org.apache.nifi.processors.standard.RouteText - RouteText[id=24e84634-fdfb-4a8b-87b3-8cb3253f4f09] Adding new dynamic property: PropertyDescriptor[simple]
[pool-3791-thread-1] INFO org.apache.nifi.processors.standard.RouteText - RouteText[id=24e84634-fdfb-4a8b-87b3-8cb3253f4f09] Created FlowFile[2939,93427941645057.mockFlowFile,24B] from FlowFile[2938,93427941645057.mockFlowFile,24B]; routing to relationship simple
[pool-3791-thread-1] INFO org.apache.nifi.processors.standard.RouteText - RouteText[id=24e84634-fdfb-4a8b-87b3-8cb3253f4f09] Routing FlowFile[2938,93427941645057.mockFlowFile,24B] to original
[main] DEBUG org.apache.nifi.processors.standard.RouteText - RouteText[id=24e84634-fdfb-4a8b-87b3-8cb3253f4f09] Adding new dynamic property: PropertyDescriptor[simple]
[pool-3792-thread-1] INFO org.apache.nifi.processors.standard.RouteText - RouteText[id=24e84634-fdfb-4a8b-87b3-8cb3253f4f09] Created FlowFile[2941,93427942101619.mockFlowFile,24B] from FlowFile[2940,93427942101619.mockFlowFile,24B]; routing to relationship simple
[pool-3792-thread-1] INFO org.apache.nifi.processors.standard.RouteText - RouteText[id=24e84634-fdfb-4a8b-87b3-8cb3253f4f09] Routing FlowFile[2940,93427942101619.mockFlowFile,24B] to original
[main] DEBUG org.apache.nifi.processors.standard.RouteText - RouteText[id=24e84634-fdfb-4a8b-87b3-8cb3253f4f09] Adding new dynamic property: PropertyDescriptor[simple]
[pool-3793-thread-1] INFO org.apache.nifi.processors.standard.RouteText - RouteText[id=24e84634-fdfb-4a8b-87b3-8cb3253f4f09] Created FlowFile[2943,93427942555644.mockFlowFile,24B] from FlowFile[2942,93427942555644.mockFlowFile,24B]; routing to relationship simple
[pool-3793-thread-1] INFO org.apache.nifi.processors.standard.RouteText - RouteText[id=24e84634-fdfb-4a8b-87b3-8cb3253f4f09] Routing FlowFile[2942,93427942555644.mockFlowFile,24B] to original
[main] DEBUG org.apache.nifi.processors.standard.RouteText - RouteText[id=24e84634-fdfb-4a8b-87b3-8cb3253f4f09] Adding new dynamic property: PropertyDescriptor[simple]
[pool-3794-thread-1] INFO org.apache.nifi.processors.standard.RouteText - RouteText[id=24e84634-fdfb-4a8b-87b3-8cb3253f4f09] Created FlowFile[2945,93427943042825.mockFlowFile,24B] from FlowFile[2944,93427943042825.mockFlowFile,24B]; routing to relationship simple
[pool-3794-thread-1] INFO org.apache.nifi.processors.standard.RouteText - RouteText[id=24e84634-fdfb-4a8b-87b3-8cb3253f4f09] Routing FlowFile[2944,93427943042825.mockFlowFile,24B] to original
[main] DEBUG org.apache.nifi.processors.standard.RouteText - RouteText[id=24e84634-fdfb-4a8b-87b3-8cb3253f4f09] Adding new dynamic property: PropertyDescriptor[simple]
[pool-3795-thread-1] INFO org.apache.nifi.processors.standard.RouteText - RouteText[id=24e84634-fdfb-4a8b-87b3-8cb3253f4f09] Created FlowFile[2947,93427943480523.mockFlowFile,24B] from FlowFile[2946,93427943480523.mockFlowFile,24B]; routing to relationship simple
[pool-3795-thread-1] INFO org.apache.nifi.processors.standard.RouteText - RouteText[id=24e84634-fdfb-4a8b-87b3-8cb3253f4f09] Routing FlowFile[2946,93427943480523.mockFlowFile,24B] to original
[main] DEBUG org.apache.nifi.processors.standard.RouteText - RouteText[id=24e84634-fdfb-4a8b-87b3-8cb3253f4f09] Adding new dynamic property: PropertyDescriptor[simple]
[pool-3796-thread-1] INFO org.apache.nifi.processors.standard.RouteText - RouteText[id=24e84634-fdfb-4a8b-87b3-8cb3253f4f09] Created FlowFile[2949,93427943917988.mockFlowFile,24B] from FlowFile[2948,93427943917988.mockFlowFile,24B]; routing to relationship simple
[pool-3796-thread-1] INFO org.apache.nifi.processors.standard.RouteText - RouteText[id=24e84634-fdfb-4a8b-87b3-8cb3253f4f09] Routing FlowFile[2948,93427943917988.mockFlowFile,24B] to original
[main] DEBUG org.apache.nifi.processors.standard.RouteText - RouteText[id=24e84634-fdfb-4a8b-87b3-8cb3253f4f09] Adding new dynamic property: PropertyDescriptor[simple]
[pool-3797-thread-1] INFO org.apache.nifi.processors.standard.RouteText - RouteText[id=24e84634-fdfb-4a8b-87b3-8cb3253f4f09] Created FlowFile[2951,93427944411134.mockFlowFile,24B] from FlowFile[2950,93427944411134.mockFlowFile,24B]; routing to relationship simple
[pool-3797-thread-1] INFO org.apache.nifi.processors.standard.RouteText - RouteText[id=24e84634-fdfb-4a8b-87b3-8cb3253f4f09] Routing FlowFile[2950,93427944411134.mockFlowFile,24B] to original
[main] DEBUG org.apache.nifi.processors.standard.RouteText - RouteText[id=24e84634-fdfb-4a8b-87b3-8cb3253f4f09] Adding new dynamic property: PropertyDescriptor[simple]
[pool-3798-thread-1] INFO org.apache.nifi.processors.standard.RouteText - RouteText[id=24e84634-fdfb-4a8b-87b3-8cb3253f4f09] Created FlowFile[2953,93427944926095.mockFlowFile,24B] from FlowFile[2952,93427944926095.mockFlowFile,24B]; routing to relationship simple
[pool-3798-thread-1] INFO org.apache.nifi.processors.standard.RouteText - RouteText[id=24e84634-fdfb-4a8b-87b3-8cb3253f4f09] Routing FlowFile[2952,93427944926095.mockFlowFile,24B] to original
[main] DEBUG org.apache.nifi.processors.standard.RouteText - RouteText[id=24e84634-fdfb-4a8b-87b3-8cb3253f4f09] Adding new dynamic property: PropertyDescriptor[simple]
[pool-3799-thread-1] INFO org.apache.nifi.processors.standard.RouteText - RouteText[id=24e84634-fdfb-4a8b-87b3-8cb3253f4f09] Created FlowFile[2955,93427945405567.mockFlowFile,24B] from FlowFile[2954,93427945405567.mockFlowFile,24B]; routing to relationship simple
[pool-3799-thread-1] INFO org.apache.nifi.processors.standard.RouteText - RouteText[id=24e84634-fdfb-4a8b-87b3-8cb3253f4f09] Routing FlowFile[2954,93427945405567.mockFlowFile,24B] to original
[main] DEBUG org.apache.nifi.processors.standard.RouteText - RouteText[id=24e84634-fdfb-4a8b-87b3-8cb3253f4f09] Adding new dynamic property: PropertyDescriptor[simple]
[pool-3800-thread-1] INFO org.apache.nifi.processors.standard.RouteText - RouteText[id=24e84634-fdfb-4a8b-87b3-8cb3253f4f09] Created FlowFile[2957,93427945836170.mockFlowFile,24B] from FlowFile[2956,93427945836170.mockFlowFile,24B]; routing to relationship simple
[pool-3800-thread-1] INFO org.apache.nifi.processors.standard.RouteText - RouteText[id=24e84634-fdfb-4a8b-87b3-8cb3253f4f09] Routing FlowFile[2956,93427945836170.mockFlowFile,24B] to original
[main] DEBUG org.apache.nifi.processors.standard.RouteText - RouteText[id=24e84634-fdfb-4a8b-87b3-8cb3253f4f09] Adding new dynamic property: PropertyDescriptor[simple]
[pool-3801-thread-1] INFO org.apache.nifi.processors.standard.RouteText - RouteText[id=24e84634-fdfb-4a8b-87b3-8cb3253f4f09] Created FlowFile[2959,93427946234958.mockFlowFile,24B] from FlowFile[2958,93427946234958.mockFlowFile,24B]; routing to relationship simple
[pool-3801-thread-1] INFO org.apache.nifi.processors.standard.RouteText - RouteText[id=24e84634-fdfb-4a8b-87b3-8cb3253f4f09] Routing FlowFile[2958,93427946234958.mockFlowFile,24B] to original
[main] DEBUG org.apache.nifi.processors.standard.RouteText - RouteText[id=24e84634-fdfb-4a8b-87b3-8cb3253f4f09] Adding new dynamic property: PropertyDescriptor[simple]
[pool-3802-thread-1] INFO org.apache.nifi.processors.standard.RouteText - RouteText[id=24e84634-fdfb-4a8b-87b3-8cb3253f4f09] Created FlowFile[2961,93427946639230.mockFlowFile,24B] from FlowFile[2960,93427946639230.mockFlowFile,24B]; routing to relationship simple
[pool-3802-thread-1] INFO org.apache.nifi.processors.standard.RouteText - RouteText[id=24e84634-fdfb-4a8b-87b3-8cb3253f4f09] Routing FlowFile[2960,93427946639230.mockFlowFile,24B] to original
[main] DEBUG org.apache.nifi.processors.standard.RouteText - RouteText[id=24e84634-fdfb-4a8b-87b3-8cb3253f4f09] Adding new dynamic property: PropertyDescriptor[simple]
[pool-3803-thread-1] INFO org.apache.nifi.processors.standard.RouteText - RouteText[id=24e84634-fdfb-4a8b-87b3-8cb3253f4f09] Created FlowFile[2963,93427947004619.mockFlowFile,24B] from FlowFile[2962,93427947004619.mockFlowFile,24B]; routing to relationship simple
[pool-3803-thread-1] INFO org.apache.nifi.processors.standard.RouteText - RouteText[id=24e84634-fdfb-4a8b-87b3-8cb3253f4f09] Routing FlowFile[2962,93427947004619.mockFlowFile,24B] to original
[main] DEBUG org.apache.nifi.processors.standard.RouteText - RouteText[id=24e84634-fdfb-4a8b-87b3-8cb3253f4f09] Adding new dynamic property: PropertyDescriptor[simple]
[pool-3804-thread-1] INFO org.apache.nifi.processors.standard.RouteText - RouteText[id=24e84634-fdfb-4a8b-87b3-8cb3253f4f09] Created FlowFile[2965,93427947459029.mockFlowFile,24B] from FlowFile[2964,93427947459029.mockFlowFile,24B]; routing to relationship simple
[pool-3804-thread-1] INFO org.apache.nifi.processors.standard.RouteText - RouteText[id=24e84634-fdfb-4a8b-87b3-8cb3253f4f09] Routing FlowFile[2964,93427947459029.mockFlowFile,24B] to original
[main] DEBUG org.apache.nifi.processors.standard.RouteText - RouteText[id=24e84634-fdfb-4a8b-87b3-8cb3253f4f09] Adding new dynamic property: PropertyDescriptor[simple]
[pool-3805-thread-1] INFO org.apache.nifi.processors.standard.RouteText - RouteText[id=24e84634-fdfb-4a8b-87b3-8cb3253f4f09] Created FlowFile[2967,93427947808629.mockFlowFile,24B] from FlowFile[2966,93427947808629.mockFlowFile,24B]; routing to relationship simple
[pool-3805-thread-1] INFO org.apache.nifi.processors.standard.RouteText - RouteText[id=24e84634-fdfb-4a8b-87b3-8cb3253f4f09] Routing FlowFile[2966,93427947808629.mockFlowFile,24B] to original
[main] DEBUG org.apache.nifi.processors.standard.RouteText - RouteText[id=24e84634-fdfb-4a8b-87b3-8cb3253f4f09] Adding new dynamic property: PropertyDescriptor[simple]
[pool-3806-thread-1] INFO org.apache.nifi.processors.standard.RouteText - RouteText[id=24e84634-fdfb-4a8b-87b3-8cb3253f4f09] Created FlowFile[2969,93427948309786.mockFlowFile,24B] from FlowFile[2968,93427948309786.mockFlowFile,24B]; routing to relationship simple
[pool-3806-thread-1] INFO org.apache.nifi.processors.standard.RouteText - RouteText[id=24e84634-fdfb-4a8b-87b3-8cb3253f4f09] Routing FlowFile[2968,93427948309786.mockFlowFile,24B] to original
[main] DEBUG org.apache.nifi.processors.standard.RouteText - RouteText[id=24e84634-fdfb-4a8b-87b3-8cb3253f4f09] Adding new dynamic property: PropertyDescriptor[simple]
[pool-3807-thread-1] INFO org.apache.nifi.processors.standard.RouteText - RouteText[id=24e84634-fdfb-4a8b-87b3-8cb3253f4f09] Created FlowFile[2971,93427948748082.mockFlowFile,24B] from FlowFile[2970,93427948748082.mockFlowFile,24B]; routing to relationship simple
[pool-3807-thread-1] INFO org.apache.nifi.processors.standard.RouteText - RouteText[id=24e84634-fdfb-4a8b-87b3-8cb3253f4f09] Routing FlowFile[2970,93427948748082.mockFlowFile,24B] to original
[main] DEBUG org.apache.nifi.processors.standard.RouteText - RouteText[id=24e84634-fdfb-4a8b-87b3-8cb3253f4f09] Adding new dynamic property: PropertyDescriptor[simple]
[pool-3808-thread-1] INFO org.apache.nifi.processors.standard.RouteText - RouteText[id=24e84634-fdfb-4a8b-87b3-8cb3253f4f09] Created FlowFile[2973,93427949167832.mockFlowFile,24B] from FlowFile[2972,93427949167832.mockFlowFile,24B]; routing to relationship simple
[pool-3808-thread-1] INFO org.apache.nifi.processors.standard.RouteText - RouteText[id=24e84634-fdfb-4a8b-87b3-8cb3253f4f09] Routing FlowFile[2972,93427949167832.mockFlowFile,24B] to original
[main] DEBUG org.apache.nifi.processors.standard.RouteText - RouteText[id=24e84634-fdfb-4a8b-87b3-8cb3253f4f09] Adding new dynamic property: PropertyDescriptor[simple]
[pool-3809-thread-1] INFO org.apache.nifi.processors.standard.RouteText - RouteText[id=24e84634-fdfb-4a8b-87b3-8cb3253f4f09] Created FlowFile[2975,93427949531182.mockFlowFile,24B] from FlowFile[2974,93427949531182.mockFlowFile,24B]; routing to relationship simple
[pool-3809-thread-1] INFO org.apache.nifi.processors.standard.RouteText - RouteText[id=24e84634-fdfb-4a8b-87b3-8cb3253f4f09] Routing FlowFile[2974,93427949531182.mockFlowFile,24B] to original
[main] DEBUG org.apache.nifi.processors.standard.RouteText - RouteText[id=24e84634-fdfb-4a8b-87b3-8cb3253f4f09] Adding new dynamic property: PropertyDescriptor[simple]
[pool-3810-thread-1] INFO org.apache.nifi.processors.standard.RouteText - RouteText[id=24e84634-fdfb-4a8b-87b3-8cb3253f4f09] Created FlowFile[2977,93427949857940.mockFlowFile,24B] from FlowFile[2976,93427949857940.mockFlowFile,24B]; routing to relationship simple
[pool-3810-thread-1] INFO org.apache.nifi.processors.standard.RouteText - RouteText[id=24e84634-fdfb-4a8b-87b3-8cb3253f4f09] Routing FlowFile[2976,93427949857940.mockFlowFile,24B] to original
[main] DEBUG org.apache.nifi.processors.standard.RouteText - RouteText[id=24e84634-fdfb-4a8b-87b3-8cb3253f4f09] Adding new dynamic property: PropertyDescriptor[simple]
[pool-3811-thread-1] INFO org.apache.nifi.processors.standard.RouteText - RouteText[id=24e84634-fdfb-4a8b-87b3-8cb3253f4f09] Created FlowFile[2979,93427950179764.mockFlowFile,24B] from FlowFile[2978,93427950179764.mockFlowFile,24B]; routing to relationship simple
[pool-3811-thread-1] INFO org.apache.nifi.processors.standard.RouteText - RouteText[id=24e84634-fdfb-4a8b-87b3-8cb3253f4f09] Routing FlowFile[2978,93427950179764.mockFlowFile,24B] to original
[main] DEBUG org.apache.nifi.processors.standard.RouteText - RouteText[id=24e84634-fdfb-4a8b-87b3-8cb3253f4f09] Adding new dynamic property: PropertyDescriptor[simple]
[pool-3812-thread-1] INFO org.apache.nifi.processors.standard.RouteText - RouteText[id=24e84634-fdfb-4a8b-87b3-8cb3253f4f09] Created FlowFile[2981,93427950509217.mockFlowFile,24B] from FlowFile[2980,93427950509217.mockFlowFile,24B]; routing to relationship simple
[pool-3812-thread-1] INFO org.apache.nifi.processors.standard.RouteText - RouteText[id=24e84634-fdfb-4a8b-87b3-8cb3253f4f09] Routing FlowFile[2980,93427950509217.mockFlowFile,24B] to original
[main] DEBUG org.apache.nifi.processors.standard.RouteText - RouteText[id=24e84634-fdfb-4a8b-87b3-8cb3253f4f09] Adding new dynamic property: PropertyDescriptor[simple]
[pool-3813-thread-1] INFO org.apache.nifi.processors.standard.RouteText - RouteText[id=24e84634-fdfb-4a8b-87b3-8cb3253f4f09] Created FlowFile[2983,93427950837435.mockFlowFile,24B] from FlowFile[2982,93427950837435.mockFlowFile,24B]; routing to relationship simple
[pool-3813-thread-1] INFO org.apache.nifi.processors.standard.RouteText - RouteText[id=24e84634-fdfb-4a8b-87b3-8cb3253f4f09] Routing FlowFile[2982,93427950837435.mockFlowFile,24B] to original
[main] DEBUG org.apache.nifi.processors.standard.RouteText - RouteText[id=24e84634-fdfb-4a8b-87b3-8cb3253f4f09] Adding new dynamic property: PropertyDescriptor[simple]
[pool-3814-thread-1] INFO org.apache.nifi.processors.standard.RouteText - RouteText[id=24e84634-fdfb-4a8b-87b3-8cb3253f4f09] Created FlowFile[2985,93427951258982.mockFlowFile,24B] from FlowFile[2984,93427951258982.mockFlowFile,24B]; routing to relationship simple
[pool-3814-thread-1] INFO org.apache.nifi.processors.standard.RouteText - RouteText[id=24e84634-fdfb-4a8b-87b3-8cb3253f4f09] Routing FlowFile[2984,93427951258982.mockFlowFile,24B] to original
[main] DEBUG org.apache.nifi.processors.standard.RouteText - RouteText[id=24e84634-fdfb-4a8b-87b3-8cb3253f4f09] Adding new dynamic property: PropertyDescriptor[simple]
[pool-3815-thread-1] INFO org.apache.nifi.processors.standard.RouteText - RouteText[id=24e84634-fdfb-4a8b-87b3-8cb3253f4f09] Created FlowFile[2987,93427951691112.mockFlowFile,24B] from FlowFile[2986,93427951691112.mockFlowFile,24B]; routing to relationship simple
[pool-3815-thread-1] INFO org.apache.nifi.processors.standard.RouteText - RouteText[id=24e84634-fdfb-4a8b-87b3-8cb3253f4f09] Routing FlowFile[2986,93427951691112.mockFlowFile,24B] to original
[main] DEBUG org.apache.nifi.processors.standard.RouteText - RouteText[id=24e84634-fdfb-4a8b-87b3-8cb3253f4f09] Adding new dynamic property: PropertyDescriptor[simple]
[pool-3816-thread-1] INFO org.apache.nifi.processors.standard.RouteText - RouteText[id=24e84634-fdfb-4a8b-87b3-8cb3253f4f09] Created FlowFile[2989,93427952042711.mockFlowFile,24B] from FlowFile[2988,93427952042711.mockFlowFile,24B]; routing to relationship simple
[pool-3816-thread-1] INFO org.apache.nifi.processors.standard.RouteText - RouteText[id=24e84634-fdfb-4a8b-87b3-8cb3253f4f09] Routing FlowFile[2988,93427952042711.mockFlowFile,24B] to original
[main] DEBUG org.apache.nifi.processors.standard.RouteText - RouteText[id=24e84634-fdfb-4a8b-87b3-8cb3253f4f09] Adding new dynamic property: PropertyDescriptor[simple]
[pool-3817-thread-1] INFO org.apache.nifi.processors.standard.RouteText - RouteText[id=24e84634-fdfb-4a8b-87b3-8cb3253f4f09] Created FlowFile[2991,93427952469343.mockFlowFile,24B] from FlowFile[2990,93427952469343.mockFlowFile,24B]; routing to relationship simple
[pool-3817-thread-1] INFO org.apache.nifi.processors.standard.RouteText - RouteText[id=24e84634-fdfb-4a8b-87b3-8cb3253f4f09] Routing FlowFile[2990,93427952469343.mockFlowFile,24B] to original
[main] DEBUG org.apache.nifi.processors.standard.RouteText - RouteText[id=24e84634-fdfb-4a8b-87b3-8cb3253f4f09] Adding new dynamic property: PropertyDescriptor[simple]
[pool-3818-thread-1] INFO org.apache.nifi.processors.standard.RouteText - RouteText[id=24e84634-fdfb-4a8b-87b3-8cb3253f4f09] Created FlowFile[2993,93427952825657.mockFlowFile,24B] from FlowFile[2992,93427952825657.mockFlowFile,24B]; routing to relationship simple
[pool-3818-thread-1] INFO org.apache.nifi.processors.standard.RouteText - RouteText[id=24e84634-fdfb-4a8b-87b3-8cb3253f4f09] Routing FlowFile[2992,93427952825657.mockFlowFile,24B] to original
[main] DEBUG org.apache.nifi.processors.standard.RouteText - RouteText[id=24e84634-fdfb-4a8b-87b3-8cb3253f4f09] Adding new dynamic property: PropertyDescriptor[simple]
[pool-3819-thread-1] INFO org.apache.nifi.processors.standard.RouteText - RouteText[id=24e84634-fdfb-4a8b-87b3-8cb3253f4f09] Created FlowFile[2995,93427953166885.mockFlowFile,24B] from FlowFile[2994,93427953166885.mockFlowFile,24B]; routing to relationship simple
[pool-3819-thread-1] INFO org.apache.nifi.processors.standard.RouteText - RouteText[id=24e84634-fdfb-4a8b-87b3-8cb3253f4f09] Routing FlowFile[2994,93427953166885.mockFlowFile,24B] to original
[main] DEBUG org.apache.nifi.processors.standard.RouteText - RouteText[id=24e84634-fdfb-4a8b-87b3-8cb3253f4f09] Adding new dynamic property: PropertyDescriptor[simple]
[pool-3820-thread-1] INFO org.apache.nifi.processors.standard.RouteText - RouteText[id=24e84634-fdfb-4a8b-87b3-8cb3253f4f09] Created FlowFile[2997,93427953503248.mockFlowFile,24B] from FlowFile[2996,93427953503248.mockFlowFile,24B]; routing to relationship simple
[pool-3820-thread-1] INFO org.apache.nifi.processors.standard.RouteText - RouteText[id=24e84634-fdfb-4a8b-87b3-8cb3253f4f09] Routing FlowFile[2996,93427953503248.mockFlowFile,24B] to original
[main] DEBUG org.apache.nifi.processors.standard.RouteText - RouteText[id=24e84634-fdfb-4a8b-87b3-8cb3253f4f09] Adding new dynamic property: PropertyDescriptor[simple]
[pool-3821-thread-1] INFO org.apache.nifi.processors.standard.RouteText - RouteText[id=24e84634-fdfb-4a8b-87b3-8cb3253f4f09] Created FlowFile[2999,93427953907336.mockFlowFile,24B] from FlowFile[2998,93427953907336.mockFlowFile,24B]; routing to relationship simple
[pool-3821-thread-1] INFO org.apache.nifi.processors.standard.RouteText - RouteText[id=24e84634-fdfb-4a8b-87b3-8cb3253f4f09] Routing FlowFile[2998,93427953907336.mockFlowFile,24B] to original
[main] DEBUG org.apache.nifi.processors.standard.RouteText - RouteText[id=24e84634-fdfb-4a8b-87b3-8cb3253f4f09] Adding new dynamic property: PropertyDescriptor[simple]
[pool-3822-thread-1] INFO org.apache.nifi.processors.standard.RouteText - RouteText[id=24e84634-fdfb-4a8b-87b3-8cb3253f4f09] Created FlowFile[3001,93427954299182.mockFlowFile,24B] from FlowFile[3000,93427954299182.mockFlowFile,24B]; routing to relationship simple
[pool-3822-thread-1] INFO org.apache.nifi.processors.standard.RouteText - RouteText[id=24e84634-fdfb-4a8b-87b3-8cb3253f4f09] Routing FlowFile[3000,93427954299182.mockFlowFile,24B] to original
[main] DEBUG org.apache.nifi.processors.standard.RouteText - RouteText[id=24e84634-fdfb-4a8b-87b3-8cb3253f4f09] Adding new dynamic property: PropertyDescriptor[simple]
[pool-3823-thread-1] INFO org.apache.nifi.processors.standard.RouteText - RouteText[id=24e84634-fdfb-4a8b-87b3-8cb3253f4f09] Created FlowFile[3003,93427954678008.mockFlowFile,24B] from FlowFile[3002,93427954678008.mockFlowFile,24B]; routing to relationship simple
[pool-3823-thread-1] INFO org.apache.nifi.processors.standard.RouteText - RouteText[id=24e84634-fdfb-4a8b-87b3-8cb3253f4f09] Routing FlowFile[3002,93427954678008.mockFlowFile,24B] to original
[main] DEBUG org.apache.nifi.processors.standard.RouteText - RouteText[id=24e84634-fdfb-4a8b-87b3-8cb3253f4f09] Adding new dynamic property: PropertyDescriptor[simple]
[pool-3824-thread-1] INFO org.apache.nifi.processors.standard.RouteText - RouteText[id=24e84634-fdfb-4a8b-87b3-8cb3253f4f09] Created FlowFile[3005,93427955054005.mockFlowFile,24B] from FlowFile[3004,93427955054005.mockFlowFile,24B]; routing to relationship simple
[pool-3824-thread-1] INFO org.apache.nifi.processors.standard.RouteText - RouteText[id=24e84634-fdfb-4a8b-87b3-8cb3253f4f09] Routing FlowFile[3004,93427955054005.mockFlowFile,24B] to original
[main] DEBUG org.apache.nifi.processors.standard.RouteText - RouteText[id=24e84634-fdfb-4a8b-87b3-8cb3253f4f09] Adding new dynamic property: PropertyDescriptor[simple]
[pool-3825-thread-1] INFO org.apache.nifi.processors.standard.RouteText - RouteText[id=24e84634-fdfb-4a8b-87b3-8cb3253f4f09] Created FlowFile[3007,93427955552284.mockFlowFile,24B] from FlowFile[3006,93427955552284.mockFlowFile,24B]; routing to relationship simple
[pool-3825-thread-1] INFO org.apache.nifi.processors.standard.RouteText - RouteText[id=24e84634-fdfb-4a8b-87b3-8cb3253f4f09] Routing FlowFile[3006,93427955552284.mockFlowFile,24B] to original
[main] DEBUG org.apache.nifi.processors.standard.RouteText - RouteText[id=24e84634-fdfb-4a8b-87b3-8cb3253f4f09] Adding new dynamic property: PropertyDescriptor[simple]
[pool-3826-thread-1] INFO org.apache.nifi.processors.standard.RouteText - RouteText[id=24e84634-fdfb-4a8b-87b3-8cb3253f4f09] Created FlowFile[3009,93427955971246.mockFlowFile,24B] from FlowFile[3008,93427955971246.mockFlowFile,24B]; routing to relationship simple
[pool-3826-thread-1] INFO org.apache.nifi.processors.standard.RouteText - RouteText[id=24e84634-fdfb-4a8b-87b3-8cb3253f4f09] Routing FlowFile[3008,93427955971246.mockFlowFile,24B] to original
[main] DEBUG org.apache.nifi.processors.standard.RouteText - RouteText[id=24e84634-fdfb-4a8b-87b3-8cb3253f4f09] Adding new dynamic property: PropertyDescriptor[simple]
[pool-3827-thread-1] INFO org.apache.nifi.processors.standard.RouteText - RouteText[id=24e84634-fdfb-4a8b-87b3-8cb3253f4f09] Created FlowFile[3011,93427956445743.mockFlowFile,24B] from FlowFile[3010,93427956445743.mockFlowFile,24B]; routing to relationship simple
[pool-3827-thread-1] INFO org.apache.nifi.processors.standard.RouteText - RouteText[id=24e84634-fdfb-4a8b-87b3-8cb3253f4f09] Routing FlowFile[3010,93427956445743.mockFlowFile,24B] to original
[main] DEBUG org.apache.nifi.processors.standard.RouteText - RouteText[id=24e84634-fdfb-4a8b-87b3-8cb3253f4f09] Adding new dynamic property: PropertyDescriptor[simple]
[pool-3828-thread-1] INFO org.apache.nifi.processors.standard.RouteText - RouteText[id=24e84634-fdfb-4a8b-87b3-8cb3253f4f09] Created FlowFile[3013,93427956923750.mockFlowFile,24B] from FlowFile[3012,93427956923750.mockFlowFile,24B]; routing to relationship simple
[pool-3828-thread-1] INFO org.apache.nifi.processors.standard.RouteText - RouteText[id=24e84634-fdfb-4a8b-87b3-8cb3253f4f09] Routing FlowFile[3012,93427956923750.mockFlowFile,24B] to original
[main] DEBUG org.apache.nifi.processors.standard.RouteText - RouteText[id=24e84634-fdfb-4a8b-87b3-8cb3253f4f09] Adding new dynamic property: PropertyDescriptor[simple]
[pool-3829-thread-1] INFO org.apache.nifi.processors.standard.RouteText - RouteText[id=24e84634-fdfb-4a8b-87b3-8cb3253f4f09] Created FlowFile[3015,93427957387315.mockFlowFile,24B] from FlowFile[3014,93427957387315.mockFlowFile,24B]; routing to relationship simple
[pool-3829-thread-1] INFO org.apache.nifi.processors.standard.RouteText - RouteText[id=24e84634-fdfb-4a8b-87b3-8cb3253f4f09] Routing FlowFile[3014,93427957387315.mockFlowFile,24B] to original
[main] DEBUG org.apache.nifi.processors.standard.RouteText - RouteText[id=24e84634-fdfb-4a8b-87b3-8cb3253f4f09] Adding new dynamic property: PropertyDescriptor[simple]
[pool-3830-thread-1] INFO org.apache.nifi.processors.standard.RouteText - RouteText[id=24e84634-fdfb-4a8b-87b3-8cb3253f4f09] Created FlowFile[3017,93427957734814.mockFlowFile,24B] from FlowFile[3016,93427957734814.mockFlowFile,24B]; routing to relationship simple
[pool-3830-thread-1] INFO org.apache.nifi.processors.standard.RouteText - RouteText[id=24e84634-fdfb-4a8b-87b3-8cb3253f4f09] Routing FlowFile[3016,93427957734814.mockFlowFile,24B] to original
[main] DEBUG org.apache.nifi.processors.standard.RouteText - RouteText[id=24e84634-fdfb-4a8b-87b3-8cb3253f4f09] Adding new dynamic property: PropertyDescriptor[simple]
[pool-3831-thread-1] INFO org.apache.nifi.processors.standard.RouteText - RouteText[id=24e84634-fdfb-4a8b-87b3-8cb3253f4f09] Created FlowFile[3019,93427958079147.mockFlowFile,24B] from FlowFile[3018,93427958079147.mockFlowFile,24B]; routing to relationship simple
[pool-3831-thread-1] INFO org.apache.nifi.processors.standard.RouteText - RouteText[id=24e84634-fdfb-4a8b-87b3-8cb3253f4f09] Routing FlowFile[3018,93427958079147.mockFlowFile,24B] to original
[main] DEBUG org.apache.nifi.processors.standard.RouteText - RouteText[id=24e84634-fdfb-4a8b-87b3-8cb3253f4f09] Adding new dynamic property: PropertyDescriptor[simple]
[pool-3832-thread-1] INFO org.apache.nifi.processors.standard.RouteText - RouteText[id=24e84634-fdfb-4a8b-87b3-8cb3253f4f09] Created FlowFile[3021,93427958416007.mockFlowFile,24B] from FlowFile[3020,93427958416007.mockFlowFile,24B]; routing to relationship simple
[pool-3832-thread-1] INFO org.apache.nifi.processors.standard.RouteText - RouteText[id=24e84634-fdfb-4a8b-87b3-8cb3253f4f09] Routing FlowFile[3020,93427958416007.mockFlowFile,24B] to original
[main] DEBUG org.apache.nifi.processors.standard.RouteText - RouteText[id=24e84634-fdfb-4a8b-87b3-8cb3253f4f09] Adding new dynamic property: PropertyDescriptor[simple]
[pool-3833-thread-1] INFO org.apache.nifi.processors.standard.RouteText - RouteText[id=24e84634-fdfb-4a8b-87b3-8cb3253f4f09] Created FlowFile[3023,93427958750513.mockFlowFile,24B] from FlowFile[3022,93427958750513.mockFlowFile,24B]; routing to relationship simple
[pool-3833-thread-1] INFO org.apache.nifi.processors.standard.RouteText - RouteText[id=24e84634-fdfb-4a8b-87b3-8cb3253f4f09] Routing FlowFile[3022,93427958750513.mockFlowFile,24B] to original
[main] DEBUG org.apache.nifi.processors.standard.RouteText - RouteText[id=24e84634-fdfb-4a8b-87b3-8cb3253f4f09] Adding new dynamic property: PropertyDescriptor[simple]
[pool-3834-thread-1] INFO org.apache.nifi.processors.standard.RouteText - RouteText[id=24e84634-fdfb-4a8b-87b3-8cb3253f4f09] Created FlowFile[3025,93427959081164.mockFlowFile,24B] from FlowFile[3024,93427959081164.mockFlowFile,24B]; routing to relationship simple
[pool-3834-thread-1] INFO org.apache.nifi.processors.standard.RouteText - RouteText[id=24e84634-fdfb-4a8b-87b3-8cb3253f4f09] Routing FlowFile[3024,93427959081164.mockFlowFile,24B] to original
[main] DEBUG org.apache.nifi.processors.standard.RouteText - RouteText[id=24e84634-fdfb-4a8b-87b3-8cb3253f4f09] Adding new dynamic property: PropertyDescriptor[simple]
[pool-3835-thread-1] INFO org.apache.nifi.processors.standard.RouteText - RouteText[id=24e84634-fdfb-4a8b-87b3-8cb3253f4f09] Created FlowFile[3027,93427959533194.mockFlowFile,24B] from FlowFile[3026,93427959533194.mockFlowFile,24B]; routing to relationship simple
[pool-3835-thread-1] INFO org.apache.nifi.processors.standard.RouteText - RouteText[id=24e84634-fdfb-4a8b-87b3-8cb3253f4f09] Routing FlowFile[3026,93427959533194.mockFlowFile,24B] to original
[main] DEBUG org.apache.nifi.processors.standard.RouteText - RouteText[id=24e84634-fdfb-4a8b-87b3-8cb3253f4f09] Adding new dynamic property: PropertyDescriptor[simple]
[pool-3836-thread-1] INFO org.apache.nifi.processors.standard.RouteText - RouteText[id=24e84634-fdfb-4a8b-87b3-8cb3253f4f09] Created FlowFile[3029,93427959873451.mockFlowFile,24B] from FlowFile[3028,93427959873451.mockFlowFile,24B]; routing to relationship simple
[pool-3836-thread-1] INFO org.apache.nifi.processors.standard.RouteText - RouteText[id=24e84634-fdfb-4a8b-87b3-8cb3253f4f09] Routing FlowFile[3028,93427959873451.mockFlowFile,24B] to original
[main] DEBUG org.apache.nifi.processors.standard.RouteText - RouteText[id=24e84634-fdfb-4a8b-87b3-8cb3253f4f09] Adding new dynamic property: PropertyDescriptor[simple]
[pool-3837-thread-1] INFO org.apache.nifi.processors.standard.RouteText - RouteText[id=24e84634-fdfb-4a8b-87b3-8cb3253f4f09] Created FlowFile[3031,93427960284319.mockFlowFile,24B] from FlowFile[3030,93427960284319.mockFlowFile,24B]; routing to relationship simple
[pool-3837-thread-1] INFO org.apache.nifi.processors.standard.RouteText - RouteText[id=24e84634-fdfb-4a8b-87b3-8cb3253f4f09] Routing FlowFile[3030,93427960284319.mockFlowFile,24B] to original
[main] DEBUG org.apache.nifi.processors.standard.RouteText - RouteText[id=24e84634-fdfb-4a8b-87b3-8cb3253f4f09] Adding new dynamic property: PropertyDescriptor[simple]
[pool-3838-thread-1] INFO org.apache.nifi.processors.standard.RouteText - RouteText[id=24e84634-fdfb-4a8b-87b3-8cb3253f4f09] Created FlowFile[3033,93427960708585.mockFlowFile,24B] from FlowFile[3032,93427960708585.mockFlowFile,24B]; routing to relationship simple
[pool-3838-thread-1] INFO org.apache.nifi.processors.standard.RouteText - RouteText[id=24e84634-fdfb-4a8b-87b3-8cb3253f4f09] Routing FlowFile[3032,93427960708585.mockFlowFile,24B] to original
[main] DEBUG org.apache.nifi.processors.standard.RouteText - RouteText[id=24e84634-fdfb-4a8b-87b3-8cb3253f4f09] Adding new dynamic property: PropertyDescriptor[simple]
[pool-3839-thread-1] INFO org.apache.nifi.processors.standard.RouteText - RouteText[id=24e84634-fdfb-4a8b-87b3-8cb3253f4f09] Created FlowFile[3035,93427961120270.mockFlowFile,24B] from FlowFile[3034,93427961120270.mockFlowFile,24B]; routing to relationship simple
[pool-3839-thread-1] INFO org.apache.nifi.processors.standard.RouteText - RouteText[id=24e84634-fdfb-4a8b-87b3-8cb3253f4f09] Routing FlowFile[3034,93427961120270.mockFlowFile,24B] to original
[main] DEBUG org.apache.nifi.processors.standard.RouteText - RouteText[id=24e84634-fdfb-4a8b-87b3-8cb3253f4f09] Adding new dynamic property: PropertyDescriptor[simple]
[pool-3840-thread-1] INFO org.apache.nifi.processors.standard.RouteText - RouteText[id=24e84634-fdfb-4a8b-87b3-8cb3253f4f09] Created FlowFile[3037,93427961489587.mockFlowFile,24B] from FlowFile[3036,93427961489587.mockFlowFile,24B]; routing to relationship simple
[pool-3840-thread-1] INFO org.apache.nifi.processors.standard.RouteText - RouteText[id=24e84634-fdfb-4a8b-87b3-8cb3253f4f09] Routing FlowFile[3036,93427961489587.mockFlowFile,24B] to original
[main] DEBUG org.apache.nifi.processors.standard.RouteText - RouteText[id=24e84634-fdfb-4a8b-87b3-8cb3253f4f09] Adding new dynamic property: PropertyDescriptor[simple]
[pool-3841-thread-1] INFO org.apache.nifi.processors.standard.RouteText - RouteText[id=24e84634-fdfb-4a8b-87b3-8cb3253f4f09] Created FlowFile[3039,93427961828620.mockFlowFile,24B] from FlowFile[3038,93427961828620.mockFlowFile,24B]; routing to relationship simple
[pool-3841-thread-1] INFO org.apache.nifi.processors.standard.RouteText - RouteText[id=24e84634-fdfb-4a8b-87b3-8cb3253f4f09] Routing FlowFile[3038,93427961828620.mockFlowFile,24B] to original
[main] DEBUG org.apache.nifi.processors.standard.RouteText - RouteText[id=24e84634-fdfb-4a8b-87b3-8cb3253f4f09] Adding new dynamic property: PropertyDescriptor[simple]
[pool-3842-thread-1] INFO org.apache.nifi.processors.standard.RouteText - RouteText[id=24e84634-fdfb-4a8b-87b3-8cb3253f4f09] Created FlowFile[3041,93427962178527.mockFlowFile,24B] from FlowFile[3040,93427962178527.mockFlowFile,24B]; routing to relationship simple
[pool-3842-thread-1] INFO org.apache.nifi.processors.standard.RouteText - RouteText[id=24e84634-fdfb-4a8b-87b3-8cb3253f4f09] Routing FlowFile[3040,93427962178527.mockFlowFile,24B] to original
[main] DEBUG org.apache.nifi.processors.standard.RouteText - RouteText[id=24e84634-fdfb-4a8b-87b3-8cb3253f4f09] Adding new dynamic property: PropertyDescriptor[simple]
[pool-3843-thread-1] INFO org.apache.nifi.processors.standard.RouteText - RouteText[id=24e84634-fdfb-4a8b-87b3-8cb3253f4f09] Created FlowFile[3043,93427962539648.mockFlowFile,24B] from FlowFile[3042,93427962539648.mockFlowFile,24B]; routing to relationship simple
[pool-3843-thread-1] INFO org.apache.nifi.processors.standard.RouteText - RouteText[id=24e84634-fdfb-4a8b-87b3-8cb3253f4f09] Routing FlowFile[3042,93427962539648.mockFlowFile,24B] to original
[main] DEBUG org.apache.nifi.processors.standard.RouteText - RouteText[id=24e84634-fdfb-4a8b-87b3-8cb3253f4f09] Adding new dynamic property: PropertyDescriptor[simple]
[pool-3844-thread-1] INFO org.apache.nifi.processors.standard.RouteText - RouteText[id=24e84634-fdfb-4a8b-87b3-8cb3253f4f09] Created FlowFile[3045,93427962876994.mockFlowFile,24B] from FlowFile[3044,93427962876994.mockFlowFile,24B]; routing to relationship simple
[pool-3844-thread-1] INFO org.apache.nifi.processors.standard.RouteText - RouteText[id=24e84634-fdfb-4a8b-87b3-8cb3253f4f09] Routing FlowFile[3044,93427962876994.mockFlowFile,24B] to original
[main] DEBUG org.apache.nifi.processors.standard.RouteText - RouteText[id=24e84634-fdfb-4a8b-87b3-8cb3253f4f09] Adding new dynamic property: PropertyDescriptor[simple]
[pool-3845-thread-1] INFO org.apache.nifi.processors.standard.RouteText - RouteText[id=24e84634-fdfb-4a8b-87b3-8cb3253f4f09] Created FlowFile[3047,93427963330518.mockFlowFile,24B] from FlowFile[3046,93427963330518.mockFlowFile,24B]; routing to relationship simple
[pool-3845-thread-1] INFO org.apache.nifi.processors.standard.RouteText - RouteText[id=24e84634-fdfb-4a8b-87b3-8cb3253f4f09] Routing FlowFile[3046,93427963330518.mockFlowFile,24B] to original
[main] DEBUG org.apache.nifi.processors.standard.RouteText - RouteText[id=24e84634-fdfb-4a8b-87b3-8cb3253f4f09] Adding new dynamic property: PropertyDescriptor[simple]
[pool-3846-thread-1] INFO org.apache.nifi.processors.standard.RouteText - RouteText[id=24e84634-fdfb-4a8b-87b3-8cb3253f4f09] Created FlowFile[3049,93427963773373.mockFlowFile,24B] from FlowFile[3048,93427963773373.mockFlowFile,24B]; routing to relationship simple
[pool-3846-thread-1] INFO org.apache.nifi.processors.standard.RouteText - RouteText[id=24e84634-fdfb-4a8b-87b3-8cb3253f4f09] Routing FlowFile[3048,93427963773373.mockFlowFile,24B] to original
[main] DEBUG org.apache.nifi.processors.standard.RouteText - RouteText[id=24e84634-fdfb-4a8b-87b3-8cb3253f4f09] Adding new dynamic property: PropertyDescriptor[simple]
[pool-3847-thread-1] INFO org.apache.nifi.processors.standard.RouteText - RouteText[id=24e84634-fdfb-4a8b-87b3-8cb3253f4f09] Created FlowFile[3051,93427964137351.mockFlowFile,24B] from FlowFile[3050,93427964137351.mockFlowFile,24B]; routing to relationship simple
[pool-3847-thread-1] INFO org.apache.nifi.processors.standard.RouteText - RouteText[id=24e84634-fdfb-4a8b-87b3-8cb3253f4f09] Routing FlowFile[3050,93427964137351.mockFlowFile,24B] to original
[main] DEBUG org.apache.nifi.processors.standard.RouteText - RouteText[id=24e84634-fdfb-4a8b-87b3-8cb3253f4f09] Adding new dynamic property: PropertyDescriptor[simple]
[pool-3848-thread-1] INFO org.apache.nifi.processors.standard.RouteText - RouteText[id=24e84634-fdfb-4a8b-87b3-8cb3253f4f09] Created FlowFile[3053,93427964618590.mockFlowFile,24B] from FlowFile[3052,93427964618590.mockFlowFile,24B]; routing to relationship simple
[pool-3848-thread-1] INFO org.apache.nifi.processors.standard.RouteText - RouteText[id=24e84634-fdfb-4a8b-87b3-8cb3253f4f09] Routing FlowFile[3052,93427964618590.mockFlowFile,24B] to original
[main] DEBUG org.apache.nifi.processors.standard.RouteText - RouteText[id=24e84634-fdfb-4a8b-87b3-8cb3253f4f09] Adding new dynamic property: PropertyDescriptor[simple]
[pool-3849-thread-1] INFO org.apache.nifi.processors.standard.RouteText - RouteText[id=24e84634-fdfb-4a8b-87b3-8cb3253f4f09] Created FlowFile[3055,93427965088365.mockFlowFile,24B] from FlowFile[3054,93427965088365.mockFlowFile,24B]; routing to relationship simple
[pool-3849-thread-1] INFO org.apache.nifi.processors.standard.RouteText - RouteText[id=24e84634-fdfb-4a8b-87b3-8cb3253f4f09] Routing FlowFile[3054,93427965088365.mockFlowFile,24B] to original
[main] DEBUG org.apache.nifi.processors.standard.RouteText - RouteText[id=24e84634-fdfb-4a8b-87b3-8cb3253f4f09] Adding new dynamic property: PropertyDescriptor[simple]
[pool-3850-thread-1] INFO org.apache.nifi.processors.standard.RouteText - RouteText[id=24e84634-fdfb-4a8b-87b3-8cb3253f4f09] Created FlowFile[3057,93427965576697.mockFlowFile,24B] from FlowFile[3056,93427965576697.mockFlowFile,24B]; routing to relationship simple
[pool-3850-thread-1] INFO org.apache.nifi.processors.standard.RouteText - RouteText[id=24e84634-fdfb-4a8b-87b3-8cb3253f4f09] Routing FlowFile[3056,93427965576697.mockFlowFile,24B] to original
[main] DEBUG org.apache.nifi.processors.standard.RouteText - RouteText[id=24e84634-fdfb-4a8b-87b3-8cb3253f4f09] Adding new dynamic property: PropertyDescriptor[simple]
[pool-3851-thread-1] INFO org.apache.nifi.processors.standard.RouteText - RouteText[id=24e84634-fdfb-4a8b-87b3-8cb3253f4f09] Created FlowFile[3059,93427965953173.mockFlowFile,24B] from FlowFile[3058,93427965953173.mockFlowFile,24B]; routing to relationship simple
[pool-3851-thread-1] INFO org.apache.nifi.processors.standard.RouteText - RouteText[id=24e84634-fdfb-4a8b-87b3-8cb3253f4f09] Routing FlowFile[3058,93427965953173.mockFlowFile,24B] to original
[main] DEBUG org.apache.nifi.processors.standard.RouteText - RouteText[id=24e84634-fdfb-4a8b-87b3-8cb3253f4f09] Adding new dynamic property: PropertyDescriptor[simple]
[pool-3852-thread-1] INFO org.apache.nifi.processors.standard.RouteText - RouteText[id=24e84634-fdfb-4a8b-87b3-8cb3253f4f09] Created FlowFile[3061,93427966327061.mockFlowFile,24B] from FlowFile[3060,93427966327061.mockFlowFile,24B]; routing to relationship simple
[pool-3852-thread-1] INFO org.apache.nifi.processors.standard.RouteText - RouteText[id=24e84634-fdfb-4a8b-87b3-8cb3253f4f09] Routing FlowFile[3060,93427966327061.mockFlowFile,24B] to original
[main] DEBUG org.apache.nifi.processors.standard.RouteText - RouteText[id=24e84634-fdfb-4a8b-87b3-8cb3253f4f09] Adding new dynamic property: PropertyDescriptor[simple]
[pool-3853-thread-1] INFO org.apache.nifi.processors.standard.RouteText - RouteText[id=24e84634-fdfb-4a8b-87b3-8cb3253f4f09] Created FlowFile[3063,93427966689515.mockFlowFile,24B] from FlowFile[3062,93427966689515.mockFlowFile,24B]; routing to relationship simple
[pool-3853-thread-1] INFO org.apache.nifi.processors.standard.RouteText - RouteText[id=24e84634-fdfb-4a8b-87b3-8cb3253f4f09] Routing FlowFile[3062,93427966689515.mockFlowFile,24B] to original
[main] DEBUG org.apache.nifi.processors.standard.RouteText - RouteText[id=24e84634-fdfb-4a8b-87b3-8cb3253f4f09] Adding new dynamic property: PropertyDescriptor[simple]
[pool-3854-thread-1] INFO org.apache.nifi.processors.standard.RouteText - RouteText[id=24e84634-fdfb-4a8b-87b3-8cb3253f4f09] Created FlowFile[3065,93427967269804.mockFlowFile,24B] from FlowFile[3064,93427967269804.mockFlowFile,24B]; routing to relationship simple
[pool-3854-thread-1] INFO org.apache.nifi.processors.standard.RouteText - RouteText[id=24e84634-fdfb-4a8b-87b3-8cb3253f4f09] Routing FlowFile[3064,93427967269804.mockFlowFile,24B] to original
[main] DEBUG org.apache.nifi.processors.standard.RouteText - RouteText[id=24e84634-fdfb-4a8b-87b3-8cb3253f4f09] Adding new dynamic property: PropertyDescriptor[simple]
[pool-3855-thread-1] INFO org.apache.nifi.processors.standard.RouteText - RouteText[id=24e84634-fdfb-4a8b-87b3-8cb3253f4f09] Created FlowFile[3067,93427967848125.mockFlowFile,24B] from FlowFile[3066,93427967848125.mockFlowFile,24B]; routing to relationship simple
[pool-3855-thread-1] INFO org.apache.nifi.processors.standard.RouteText - RouteText[id=24e84634-fdfb-4a8b-87b3-8cb3253f4f09] Routing FlowFile[3066,93427967848125.mockFlowFile,24B] to original
[main] DEBUG org.apache.nifi.processors.standard.RouteText - RouteText[id=24e84634-fdfb-4a8b-87b3-8cb3253f4f09] Adding new dynamic property: PropertyDescriptor[simple]
[pool-3856-thread-1] INFO org.apache.nifi.processors.standard.RouteText - RouteText[id=24e84634-fdfb-4a8b-87b3-8cb3253f4f09] Created FlowFile[3069,93427968352067.mockFlowFile,24B] from FlowFile[3068,93427968352067.mockFlowFile,24B]; routing to relationship simple
[pool-3856-thread-1] INFO org.apache.nifi.processors.standard.RouteText - RouteText[id=24e84634-fdfb-4a8b-87b3-8cb3253f4f09] Routing FlowFile[3068,93427968352067.mockFlowFile,24B] to original
[main] DEBUG org.apache.nifi.processors.standard.RouteText - RouteText[id=24e84634-fdfb-4a8b-87b3-8cb3253f4f09] Adding new dynamic property: PropertyDescriptor[simple]
[pool-3857-thread-1] INFO org.apache.nifi.processors.standard.RouteText - RouteText[id=24e84634-fdfb-4a8b-87b3-8cb3253f4f09] Created FlowFile[3071,93427968869988.mockFlowFile,24B] from FlowFile[3070,93427968869988.mockFlowFile,24B]; routing to relationship simple
[pool-3857-thread-1] INFO org.apache.nifi.processors.standard.RouteText - RouteText[id=24e84634-fdfb-4a8b-87b3-8cb3253f4f09] Routing FlowFile[3070,93427968869988.mockFlowFile,24B] to original
[main] DEBUG org.apache.nifi.processors.standard.RouteText - RouteText[id=24e84634-fdfb-4a8b-87b3-8cb3253f4f09] Adding new dynamic property: PropertyDescriptor[simple]
[pool-3858-thread-1] INFO org.apache.nifi.processors.standard.RouteText - RouteText[id=24e84634-fdfb-4a8b-87b3-8cb3253f4f09] Created FlowFile[3073,93427969315994.mockFlowFile,24B] from FlowFile[3072,93427969315994.mockFlowFile,24B]; routing to relationship simple
[pool-3858-thread-1] INFO org.apache.nifi.processors.standard.RouteText - RouteText[id=24e84634-fdfb-4a8b-87b3-8cb3253f4f09] Routing FlowFile[3072,93427969315994.mockFlowFile,24B] to original
[main] DEBUG org.apache.nifi.processors.standard.RouteText - RouteText[id=24e84634-fdfb-4a8b-87b3-8cb3253f4f09] Adding new dynamic property: PropertyDescriptor[simple]
[pool-3859-thread-1] INFO org.apache.nifi.processors.standard.RouteText - RouteText[id=24e84634-fdfb-4a8b-87b3-8cb3253f4f09] Created FlowFile[3075,93427969699877.mockFlowFile,24B] from FlowFile[3074,93427969699877.mockFlowFile,24B]; routing to relationship simple
[pool-3859-thread-1] INFO org.apache.nifi.processors.standard.RouteText - RouteText[id=24e84634-fdfb-4a8b-87b3-8cb3253f4f09] Routing FlowFile[3074,93427969699877.mockFlowFile,24B] to original
[main] DEBUG org.apache.nifi.processors.standard.RouteText - RouteText[id=24e84634-fdfb-4a8b-87b3-8cb3253f4f09] Adding new dynamic property: PropertyDescriptor[simple]
[pool-3860-thread-1] INFO org.apache.nifi.processors.standard.RouteText - RouteText[id=24e84634-fdfb-4a8b-87b3-8cb3253f4f09] Created FlowFile[3077,93427970077604.mockFlowFile,24B] from FlowFile[3076,93427970077604.mockFlowFile,24B]; routing to relationship simple
[pool-3860-thread-1] INFO org.apache.nifi.processors.standard.RouteText - RouteText[id=24e84634-fdfb-4a8b-87b3-8cb3253f4f09] Routing FlowFile[3076,93427970077604.mockFlowFile,24B] to original
[main] DEBUG org.apache.nifi.processors.standard.RouteText - RouteText[id=24e84634-fdfb-4a8b-87b3-8cb3253f4f09] Adding new dynamic property: PropertyDescriptor[simple]
[pool-3861-thread-1] INFO org.apache.nifi.processors.standard.RouteText - RouteText[id=24e84634-fdfb-4a8b-87b3-8cb3253f4f09] Created FlowFile[3079,93427970451234.mockFlowFile,24B] from FlowFile[3078,93427970451234.mockFlowFile,24B]; routing to relationship simple
[pool-3861-thread-1] INFO org.apache.nifi.processors.standard.RouteText - RouteText[id=24e84634-fdfb-4a8b-87b3-8cb3253f4f09] Routing FlowFile[3078,93427970451234.mockFlowFile,24B] to original
[main] DEBUG org.apache.nifi.processors.standard.RouteText - RouteText[id=24e84634-fdfb-4a8b-87b3-8cb3253f4f09] Adding new dynamic property: PropertyDescriptor[simple]
[pool-3862-thread-1] INFO org.apache.nifi.processors.standard.RouteText - RouteText[id=24e84634-fdfb-4a8b-87b3-8cb3253f4f09] Created FlowFile[3081,93427970849817.mockFlowFile,24B] from FlowFile[3080,93427970849817.mockFlowFile,24B]; routing to relationship simple
[pool-3862-thread-1] INFO org.apache.nifi.processors.standard.RouteText - RouteText[id=24e84634-fdfb-4a8b-87b3-8cb3253f4f09] Routing FlowFile[3080,93427970849817.mockFlowFile,24B] to original
[main] DEBUG org.apache.nifi.processors.standard.RouteText - RouteText[id=24e84634-fdfb-4a8b-87b3-8cb3253f4f09] Adding new dynamic property: PropertyDescriptor[simple]
[pool-3863-thread-1] INFO org.apache.nifi.processors.standard.RouteText - RouteText[id=24e84634-fdfb-4a8b-87b3-8cb3253f4f09] Created FlowFile[3083,93427971248642.mockFlowFile,24B] from FlowFile[3082,93427971248642.mockFlowFile,24B]; routing to relationship simple
[pool-3863-thread-1] INFO org.apache.nifi.processors.standard.RouteText - RouteText[id=24e84634-fdfb-4a8b-87b3-8cb3253f4f09] Routing FlowFile[3082,93427971248642.mockFlowFile,24B] to original
[main] DEBUG org.apache.nifi.processors.standard.RouteText - RouteText[id=24e84634-fdfb-4a8b-87b3-8cb3253f4f09] Adding new dynamic property: PropertyDescriptor[simple]
[pool-3864-thread-1] INFO org.apache.nifi.processors.standard.RouteText - RouteText[id=24e84634-fdfb-4a8b-87b3-8cb3253f4f09] Created FlowFile[3085,93427971624353.mockFlowFile,24B] from FlowFile[3084,93427971624353.mockFlowFile,24B]; routing to relationship simple
[pool-3864-thread-1] INFO org.apache.nifi.processors.standard.RouteText - RouteText[id=24e84634-fdfb-4a8b-87b3-8cb3253f4f09] Routing FlowFile[3084,93427971624353.mockFlowFile,24B] to original
[main] DEBUG org.apache.nifi.processors.standard.RouteText - RouteText[id=24e84634-fdfb-4a8b-87b3-8cb3253f4f09] Adding new dynamic property: PropertyDescriptor[simple]
[pool-3865-thread-1] INFO org.apache.nifi.processors.standard.RouteText - RouteText[id=24e84634-fdfb-4a8b-87b3-8cb3253f4f09] Created FlowFile[3087,93427972026361.mockFlowFile,24B] from FlowFile[3086,93427972026361.mockFlowFile,24B]; routing to relationship simple
[pool-3865-thread-1] INFO org.apache.nifi.processors.standard.RouteText - RouteText[id=24e84634-fdfb-4a8b-87b3-8cb3253f4f09] Routing FlowFile[3086,93427972026361.mockFlowFile,24B] to original
[main] DEBUG org.apache.nifi.processors.standard.RouteText - RouteText[id=24e84634-fdfb-4a8b-87b3-8cb3253f4f09] Adding new dynamic property: PropertyDescriptor[simple]
[pool-3866-thread-1] INFO org.apache.nifi.processors.standard.RouteText - RouteText[id=24e84634-fdfb-4a8b-87b3-8cb3253f4f09] Created FlowFile[3089,93427972508670.mockFlowFile,24B] from FlowFile[3088,93427972508670.mockFlowFile,24B]; routing to relationship simple
[pool-3866-thread-1] INFO org.apache.nifi.processors.standard.RouteText - RouteText[id=24e84634-fdfb-4a8b-87b3-8cb3253f4f09] Routing FlowFile[3088,93427972508670.mockFlowFile,24B] to original
[main] DEBUG org.apache.nifi.processors.standard.RouteText - RouteText[id=24e84634-fdfb-4a8b-87b3-8cb3253f4f09] Adding new dynamic property: PropertyDescriptor[simple]
[pool-3867-thread-1] INFO org.apache.nifi.processors.standard.RouteText - RouteText[id=24e84634-fdfb-4a8b-87b3-8cb3253f4f09] Created FlowFile[3091,93427972953434.mockFlowFile,24B] from FlowFile[3090,93427972953434.mockFlowFile,24B]; routing to relationship simple
[pool-3867-thread-1] INFO org.apache.nifi.processors.standard.RouteText - RouteText[id=24e84634-fdfb-4a8b-87b3-8cb3253f4f09] Routing FlowFile[3090,93427972953434.mockFlowFile,24B] to original
[main] DEBUG org.apache.nifi.processors.standard.RouteText - RouteText[id=24e84634-fdfb-4a8b-87b3-8cb3253f4f09] Adding new dynamic property: PropertyDescriptor[simple]
[pool-3868-thread-1] INFO org.apache.nifi.processors.standard.RouteText - RouteText[id=24e84634-fdfb-4a8b-87b3-8cb3253f4f09] Created FlowFile[3093,93427973301539.mockFlowFile,24B] from FlowFile[3092,93427973301539.mockFlowFile,24B]; routing to relationship simple
[pool-3868-thread-1] INFO org.apache.nifi.processors.standard.RouteText - RouteText[id=24e84634-fdfb-4a8b-87b3-8cb3253f4f09] Routing FlowFile[3092,93427973301539.mockFlowFile,24B] to original
[main] DEBUG org.apache.nifi.processors.standard.RouteText - RouteText[id=24e84634-fdfb-4a8b-87b3-8cb3253f4f09] Adding new dynamic property: PropertyDescriptor[simple]
[pool-3869-thread-1] INFO org.apache.nifi.processors.standard.RouteText - RouteText[id=24e84634-fdfb-4a8b-87b3-8cb3253f4f09] Created FlowFile[3095,93427973653982.mockFlowFile,24B] from FlowFile[3094,93427973653982.mockFlowFile,24B]; routing to relationship simple
[pool-3869-thread-1] INFO org.apache.nifi.processors.standard.RouteText - RouteText[id=24e84634-fdfb-4a8b-87b3-8cb3253f4f09] Routing FlowFile[3094,93427973653982.mockFlowFile,24B] to original
[main] DEBUG org.apache.nifi.processors.standard.RouteText - RouteText[id=24e84634-fdfb-4a8b-87b3-8cb3253f4f09] Adding new dynamic property: PropertyDescriptor[simple]
[pool-3870-thread-1] INFO org.apache.nifi.processors.standard.RouteText - RouteText[id=24e84634-fdfb-4a8b-87b3-8cb3253f4f09] Created FlowFile[3097,93427974042827.mockFlowFile,24B] from FlowFile[3096,93427974042827.mockFlowFile,24B]; routing to relationship simple
[pool-3870-thread-1] INFO org.apache.nifi.processors.standard.RouteText - RouteText[id=24e84634-fdfb-4a8b-87b3-8cb3253f4f09] Routing FlowFile[3096,93427974042827.mockFlowFile,24B] to original
[main] DEBUG org.apache.nifi.processors.standard.RouteText - RouteText[id=24e84634-fdfb-4a8b-87b3-8cb3253f4f09] Adding new dynamic property: PropertyDescriptor[simple]
[pool-3871-thread-1] INFO org.apache.nifi.processors.standard.RouteText - RouteText[id=24e84634-fdfb-4a8b-87b3-8cb3253f4f09] Created FlowFile[3099,93427974427408.mockFlowFile,24B] from FlowFile[3098,93427974427408.mockFlowFile,24B]; routing to relationship simple
[pool-3871-thread-1] INFO org.apache.nifi.processors.standard.RouteText - RouteText[id=24e84634-fdfb-4a8b-87b3-8cb3253f4f09] Routing FlowFile[3098,93427974427408.mockFlowFile,24B] to original
[main] DEBUG org.apache.nifi.processors.standard.RouteText - RouteText[id=24e84634-fdfb-4a8b-87b3-8cb3253f4f09] Adding new dynamic property: PropertyDescriptor[simple]
[pool-3872-thread-1] INFO org.apache.nifi.processors.standard.RouteText - RouteText[id=24e84634-fdfb-4a8b-87b3-8cb3253f4f09] Created FlowFile[3101,93427974817625.mockFlowFile,24B] from FlowFile[3100,93427974817625.mockFlowFile,24B]; routing to relationship simple
[pool-3872-thread-1] INFO org.apache.nifi.processors.standard.RouteText - RouteText[id=24e84634-fdfb-4a8b-87b3-8cb3253f4f09] Routing FlowFile[3100,93427974817625.mockFlowFile,24B] to original
[main] DEBUG org.apache.nifi.processors.standard.RouteText - RouteText[id=24e84634-fdfb-4a8b-87b3-8cb3253f4f09] Adding new dynamic property: PropertyDescriptor[simple]
[pool-3873-thread-1] INFO org.apache.nifi.processors.standard.RouteText - RouteText[id=24e84634-fdfb-4a8b-87b3-8cb3253f4f09] Created FlowFile[3103,93427975273785.mockFlowFile,24B] from FlowFile[3102,93427975273785.mockFlowFile,24B]; routing to relationship simple
[pool-3873-thread-1] INFO org.apache.nifi.processors.standard.RouteText - RouteText[id=24e84634-fdfb-4a8b-87b3-8cb3253f4f09] Routing FlowFile[3102,93427975273785.mockFlowFile,24B] to original
[main] DEBUG org.apache.nifi.processors.standard.RouteText - RouteText[id=24e84634-fdfb-4a8b-87b3-8cb3253f4f09] Adding new dynamic property: PropertyDescriptor[simple]
[pool-3874-thread-1] INFO org.apache.nifi.processors.standard.RouteText - RouteText[id=24e84634-fdfb-4a8b-87b3-8cb3253f4f09] Created FlowFile[3105,93427975721591.mockFlowFile,24B] from FlowFile[3104,93427975721591.mockFlowFile,24B]; routing to relationship simple
[pool-3874-thread-1] INFO org.apache.nifi.processors.standard.RouteText - RouteText[id=24e84634-fdfb-4a8b-87b3-8cb3253f4f09] Routing FlowFile[3104,93427975721591.mockFlowFile,24B] to original
[main] DEBUG org.apache.nifi.processors.standard.RouteText - RouteText[id=24e84634-fdfb-4a8b-87b3-8cb3253f4f09] Adding new dynamic property: PropertyDescriptor[simple]
[pool-3875-thread-1] INFO org.apache.nifi.processors.standard.RouteText - RouteText[id=24e84634-fdfb-4a8b-87b3-8cb3253f4f09] Created FlowFile[3107,93427976102233.mockFlowFile,24B] from FlowFile[3106,93427976102233.mockFlowFile,24B]; routing to relationship simple
[pool-3875-thread-1] INFO org.apache.nifi.processors.standard.RouteText - RouteText[id=24e84634-fdfb-4a8b-87b3-8cb3253f4f09] Routing FlowFile[3106,93427976102233.mockFlowFile,24B] to original
[main] DEBUG org.apache.nifi.processors.standard.RouteText - RouteText[id=24e84634-fdfb-4a8b-87b3-8cb3253f4f09] Adding new dynamic property: PropertyDescriptor[simple]
[pool-3876-thread-1] INFO org.apache.nifi.processors.standard.RouteText - RouteText[id=24e84634-fdfb-4a8b-87b3-8cb3253f4f09] Created FlowFile[3109,93427976589132.mockFlowFile,24B] from FlowFile[3108,93427976589132.mockFlowFile,24B]; routing to relationship simple
[pool-3876-thread-1] INFO org.apache.nifi.processors.standard.RouteText - RouteText[id=24e84634-fdfb-4a8b-87b3-8cb3253f4f09] Routing FlowFile[3108,93427976589132.mockFlowFile,24B] to original
[main] DEBUG org.apache.nifi.processors.standard.RouteText - RouteText[id=24e84634-fdfb-4a8b-87b3-8cb3253f4f09] Adding new dynamic property: PropertyDescriptor[simple]
[pool-3877-thread-1] INFO org.apache.nifi.processors.standard.RouteText - RouteText[id=24e84634-fdfb-4a8b-87b3-8cb3253f4f09] Created FlowFile[3111,93427977055976.mockFlowFile,24B] from FlowFile[3110,93427977055976.mockFlowFile,24B]; routing to relationship simple
[pool-3877-thread-1] INFO org.apache.nifi.processors.standard.RouteText - RouteText[id=24e84634-fdfb-4a8b-87b3-8cb3253f4f09] Routing FlowFile[3110,93427977055976.mockFlowFile,24B] to original
[main] DEBUG org.apache.nifi.processors.standard.RouteText - RouteText[id=24e84634-fdfb-4a8b-87b3-8cb3253f4f09] Adding new dynamic property: PropertyDescriptor[simple]
[pool-3878-thread-1] INFO org.apache.nifi.processors.standard.RouteText - RouteText[id=24e84634-fdfb-4a8b-87b3-8cb3253f4f09] Created FlowFile[3113,93427977494179.mockFlowFile,24B] from FlowFile[3112,93427977494179.mockFlowFile,24B]; routing to relationship simple
[pool-3878-thread-1] INFO org.apache.nifi.processors.standard.RouteText - RouteText[id=24e84634-fdfb-4a8b-87b3-8cb3253f4f09] Routing FlowFile[3112,93427977494179.mockFlowFile,24B] to original
[main] DEBUG org.apache.nifi.processors.standard.RouteText - RouteText[id=24e84634-fdfb-4a8b-87b3-8cb3253f4f09] Adding new dynamic property: PropertyDescriptor[simple]
[pool-3879-thread-1] INFO org.apache.nifi.processors.standard.RouteText - RouteText[id=24e84634-fdfb-4a8b-87b3-8cb3253f4f09] Created FlowFile[3115,93427977871371.mockFlowFile,24B] from FlowFile[3114,93427977871371.mockFlowFile,24B]; routing to relationship simple
[pool-3879-thread-1] INFO org.apache.nifi.processors.standard.RouteText - RouteText[id=24e84634-fdfb-4a8b-87b3-8cb3253f4f09] Routing FlowFile[3114,93427977871371.mockFlowFile,24B] to original
[main] DEBUG org.apache.nifi.processors.standard.RouteText - RouteText[id=24e84634-fdfb-4a8b-87b3-8cb3253f4f09] Adding new dynamic property: PropertyDescriptor[simple]
[pool-3880-thread-1] INFO org.apache.nifi.processors.standard.RouteText - RouteText[id=24e84634-fdfb-4a8b-87b3-8cb3253f4f09] Created FlowFile[3117,93427978221531.mockFlowFile,24B] from FlowFile[3116,93427978221531.mockFlowFile,24B]; routing to relationship simple
[pool-3880-thread-1] INFO org.apache.nifi.processors.standard.RouteText - RouteText[id=24e84634-fdfb-4a8b-87b3-8cb3253f4f09] Routing FlowFile[3116,93427978221531.mockFlowFile,24B] to original
[main] DEBUG org.apache.nifi.processors.standard.RouteText - RouteText[id=24e84634-fdfb-4a8b-87b3-8cb3253f4f09] Adding new dynamic property: PropertyDescriptor[simple]
[pool-3881-thread-1] INFO org.apache.nifi.processors.standard.RouteText - RouteText[id=24e84634-fdfb-4a8b-87b3-8cb3253f4f09] Created FlowFile[3119,93427978556100.mockFlowFile,24B] from FlowFile[3118,93427978556100.mockFlowFile,24B]; routing to relationship simple
[pool-3881-thread-1] INFO org.apache.nifi.processors.standard.RouteText - RouteText[id=24e84634-fdfb-4a8b-87b3-8cb3253f4f09] Routing FlowFile[3118,93427978556100.mockFlowFile,24B] to original
[main] DEBUG org.apache.nifi.processors.standard.RouteText - RouteText[id=24e84634-fdfb-4a8b-87b3-8cb3253f4f09] Adding new dynamic property: PropertyDescriptor[simple]
[pool-3882-thread-1] INFO org.apache.nifi.processors.standard.RouteText - RouteText[id=24e84634-fdfb-4a8b-87b3-8cb3253f4f09] Created FlowFile[3121,93427978885376.mockFlowFile,24B] from FlowFile[3120,93427978885376.mockFlowFile,24B]; routing to relationship simple
[pool-3882-thread-1] INFO org.apache.nifi.processors.standard.RouteText - RouteText[id=24e84634-fdfb-4a8b-87b3-8cb3253f4f09] Routing FlowFile[3120,93427978885376.mockFlowFile,24B] to original
[main] DEBUG org.apache.nifi.processors.standard.RouteText - RouteText[id=24e84634-fdfb-4a8b-87b3-8cb3253f4f09] Adding new dynamic property: PropertyDescriptor[simple]
[pool-3883-thread-1] INFO org.apache.nifi.processors.standard.RouteText - RouteText[id=24e84634-fdfb-4a8b-87b3-8cb3253f4f09] Created FlowFile[3123,93427979275912.mockFlowFile,24B] from FlowFile[3122,93427979275912.mockFlowFile,24B]; routing to relationship simple
[pool-3883-thread-1] INFO org.apache.nifi.processors.standard.RouteText - RouteText[id=24e84634-fdfb-4a8b-87b3-8cb3253f4f09] Routing FlowFile[3122,93427979275912.mockFlowFile,24B] to original
[main] DEBUG org.apache.nifi.processors.standard.RouteText - RouteText[id=24e84634-fdfb-4a8b-87b3-8cb3253f4f09] Adding new dynamic property: PropertyDescriptor[simple]
[pool-3884-thread-1] INFO org.apache.nifi.processors.standard.RouteText - RouteText[id=24e84634-fdfb-4a8b-87b3-8cb3253f4f09] Created FlowFile[3125,93427979641407.mockFlowFile,24B] from FlowFile[3124,93427979641407.mockFlowFile,24B]; routing to relationship simple
[pool-3884-thread-1] INFO org.apache.nifi.processors.standard.RouteText - RouteText[id=24e84634-fdfb-4a8b-87b3-8cb3253f4f09] Routing FlowFile[3124,93427979641407.mockFlowFile,24B] to original
[main] DEBUG org.apache.nifi.processors.standard.RouteText - RouteText[id=24e84634-fdfb-4a8b-87b3-8cb3253f4f09] Adding new dynamic property: PropertyDescriptor[simple]
[pool-3885-thread-1] INFO org.apache.nifi.processors.standard.RouteText - RouteText[id=24e84634-fdfb-4a8b-87b3-8cb3253f4f09] Created FlowFile[3127,93427979965173.mockFlowFile,24B] from FlowFile[3126,93427979965173.mockFlowFile,24B]; routing to relationship simple
[pool-3885-thread-1] INFO org.apache.nifi.processors.standard.RouteText - RouteText[id=24e84634-fdfb-4a8b-87b3-8cb3253f4f09] Routing FlowFile[3126,93427979965173.mockFlowFile,24B] to original
[main] DEBUG org.apache.nifi.processors.standard.RouteText - RouteText[id=24e84634-fdfb-4a8b-87b3-8cb3253f4f09] Adding new dynamic property: PropertyDescriptor[simple]
[pool-3886-thread-1] INFO org.apache.nifi.processors.standard.RouteText - RouteText[id=24e84634-fdfb-4a8b-87b3-8cb3253f4f09] Created FlowFile[3129,93427980431713.mockFlowFile,24B] from FlowFile[3128,93427980431713.mockFlowFile,24B]; routing to relationship simple
[pool-3886-thread-1] INFO org.apache.nifi.processors.standard.RouteText - RouteText[id=24e84634-fdfb-4a8b-87b3-8cb3253f4f09] Routing FlowFile[3128,93427980431713.mockFlowFile,24B] to original
[main] DEBUG org.apache.nifi.processors.standard.RouteText - RouteText[id=24e84634-fdfb-4a8b-87b3-8cb3253f4f09] Adding new dynamic property: PropertyDescriptor[simple]
[pool-3887-thread-1] INFO org.apache.nifi.processors.standard.RouteText - RouteText[id=24e84634-fdfb-4a8b-87b3-8cb3253f4f09] Created FlowFile[3131,93427980858497.mockFlowFile,24B] from FlowFile[3130,93427980858497.mockFlowFile,24B]; routing to relationship simple
[pool-3887-thread-1] INFO org.apache.nifi.processors.standard.RouteText - RouteText[id=24e84634-fdfb-4a8b-87b3-8cb3253f4f09] Routing FlowFile[3130,93427980858497.mockFlowFile,24B] to original
[main] DEBUG org.apache.nifi.processors.standard.RouteText - RouteText[id=24e84634-fdfb-4a8b-87b3-8cb3253f4f09] Adding new dynamic property: PropertyDescriptor[simple]
[pool-3888-thread-1] INFO org.apache.nifi.processors.standard.RouteText - RouteText[id=24e84634-fdfb-4a8b-87b3-8cb3253f4f09] Created FlowFile[3133,93427981235596.mockFlowFile,24B] from FlowFile[3132,93427981235596.mockFlowFile,24B]; routing to relationship simple
[pool-3888-thread-1] INFO org.apache.nifi.processors.standard.RouteText - RouteText[id=24e84634-fdfb-4a8b-87b3-8cb3253f4f09] Routing FlowFile[3132,93427981235596.mockFlowFile,24B] to original
[main] DEBUG org.apache.nifi.processors.standard.RouteText - RouteText[id=24e84634-fdfb-4a8b-87b3-8cb3253f4f09] Adding new dynamic property: PropertyDescriptor[simple]
[pool-3889-thread-1] INFO org.apache.nifi.processors.standard.RouteText - RouteText[id=24e84634-fdfb-4a8b-87b3-8cb3253f4f09] Created FlowFile[3135,93427981564512.mockFlowFile,24B] from FlowFile[3134,93427981564512.mockFlowFile,24B]; routing to relationship simple
[pool-3889-thread-1] INFO org.apache.nifi.processors.standard.RouteText - RouteText[id=24e84634-fdfb-4a8b-87b3-8cb3253f4f09] Routing FlowFile[3134,93427981564512.mockFlowFile,24B] to original
[main] DEBUG org.apache.nifi.processors.standard.RouteText - RouteText[id=24e84634-fdfb-4a8b-87b3-8cb3253f4f09] Adding new dynamic property: PropertyDescriptor[simple]
[pool-3890-thread-1] INFO org.apache.nifi.processors.standard.RouteText - RouteText[id=24e84634-fdfb-4a8b-87b3-8cb3253f4f09] Created FlowFile[3137,93427981895295.mockFlowFile,24B] from FlowFile[3136,93427981895295.mockFlowFile,24B]; routing to relationship simple
[pool-3890-thread-1] INFO org.apache.nifi.processors.standard.RouteText - RouteText[id=24e84634-fdfb-4a8b-87b3-8cb3253f4f09] Routing FlowFile[3136,93427981895295.mockFlowFile,24B] to original
[main] DEBUG org.apache.nifi.processors.standard.RouteText - RouteText[id=24e84634-fdfb-4a8b-87b3-8cb3253f4f09] Adding new dynamic property: PropertyDescriptor[simple]
[pool-3891-thread-1] INFO org.apache.nifi.processors.standard.RouteText - RouteText[id=24e84634-fdfb-4a8b-87b3-8cb3253f4f09] Created FlowFile[3139,93427982277584.mockFlowFile,24B] from FlowFile[3138,93427982277584.mockFlowFile,24B]; routing to relationship simple
[pool-3891-thread-1] INFO org.apache.nifi.processors.standard.RouteText - RouteText[id=24e84634-fdfb-4a8b-87b3-8cb3253f4f09] Routing FlowFile[3138,93427982277584.mockFlowFile,24B] to original
[main] DEBUG org.apache.nifi.processors.standard.RouteText - RouteText[id=24e84634-fdfb-4a8b-87b3-8cb3253f4f09] Adding new dynamic property: PropertyDescriptor[simple]
[pool-3892-thread-1] INFO org.apache.nifi.processors.standard.RouteText - RouteText[id=24e84634-fdfb-4a8b-87b3-8cb3253f4f09] Created FlowFile[3141,93427982642733.mockFlowFile,24B] from FlowFile[3140,93427982642733.mockFlowFile,24B]; routing to relationship simple
[pool-3892-thread-1] INFO org.apache.nifi.processors.standard.RouteText - RouteText[id=24e84634-fdfb-4a8b-87b3-8cb3253f4f09] Routing FlowFile[3140,93427982642733.mockFlowFile,24B] to original
[main] DEBUG org.apache.nifi.processors.standard.RouteText - RouteText[id=24e84634-fdfb-4a8b-87b3-8cb3253f4f09] Adding new dynamic property: PropertyDescriptor[simple]
[pool-3893-thread-1] INFO org.apache.nifi.processors.standard.RouteText - RouteText[id=24e84634-fdfb-4a8b-87b3-8cb3253f4f09] Created FlowFile[3143,93427983044598.mockFlowFile,24B] from FlowFile[3142,93427983044598.mockFlowFile,24B]; routing to relationship simple
[pool-3893-thread-1] INFO org.apache.nifi.processors.standard.RouteText - RouteText[id=24e84634-fdfb-4a8b-87b3-8cb3253f4f09] Routing FlowFile[3142,93427983044598.mockFlowFile,24B] to original
[main] DEBUG org.apache.nifi.processors.standard.RouteText - RouteText[id=24e84634-fdfb-4a8b-87b3-8cb3253f4f09] Adding new dynamic property: PropertyDescriptor[simple]
[pool-3894-thread-1] INFO org.apache.nifi.processors.standard.RouteText - RouteText[id=24e84634-fdfb-4a8b-87b3-8cb3253f4f09] Created FlowFile[3145,93427983449343.mockFlowFile,24B] from FlowFile[3144,93427983449343.mockFlowFile,24B]; routing to relationship simple
[pool-3894-thread-1] INFO org.apache.nifi.processors.standard.RouteText - RouteText[id=24e84634-fdfb-4a8b-87b3-8cb3253f4f09] Routing FlowFile[3144,93427983449343.mockFlowFile,24B] to original
[main] DEBUG org.apache.nifi.processors.standard.RouteText - RouteText[id=24e84634-fdfb-4a8b-87b3-8cb3253f4f09] Adding new dynamic property: PropertyDescriptor[simple]
[pool-3895-thread-1] INFO org.apache.nifi.processors.standard.RouteText - RouteText[id=24e84634-fdfb-4a8b-87b3-8cb3253f4f09] Created FlowFile[3147,93427983850383.mockFlowFile,24B] from FlowFile[3146,93427983850383.mockFlowFile,24B]; routing to relationship simple
[pool-3895-thread-1] INFO org.apache.nifi.processors.standard.RouteText - RouteText[id=24e84634-fdfb-4a8b-87b3-8cb3253f4f09] Routing FlowFile[3146,93427983850383.mockFlowFile,24B] to original
[main] DEBUG org.apache.nifi.processors.standard.RouteText - RouteText[id=24e84634-fdfb-4a8b-87b3-8cb3253f4f09] Adding new dynamic property: PropertyDescriptor[simple]
[pool-3896-thread-1] INFO org.apache.nifi.processors.standard.RouteText - RouteText[id=24e84634-fdfb-4a8b-87b3-8cb3253f4f09] Created FlowFile[3149,93427984234715.mockFlowFile,24B] from FlowFile[3148,93427984234715.mockFlowFile,24B]; routing to relationship simple
[pool-3896-thread-1] INFO org.apache.nifi.processors.standard.RouteText - RouteText[id=24e84634-fdfb-4a8b-87b3-8cb3253f4f09] Routing FlowFile[3148,93427984234715.mockFlowFile,24B] to original
[main] DEBUG org.apache.nifi.processors.standard.RouteText - RouteText[id=24e84634-fdfb-4a8b-87b3-8cb3253f4f09] Adding new dynamic property: PropertyDescriptor[simple]
[pool-3897-thread-1] INFO org.apache.nifi.processors.standard.RouteText - RouteText[id=24e84634-fdfb-4a8b-87b3-8cb3253f4f09] Created FlowFile[3151,93427984608505.mockFlowFile,24B] from FlowFile[3150,93427984608505.mockFlowFile,24B]; routing to relationship simple
[pool-3897-thread-1] INFO org.apache.nifi.processors.standard.RouteText - RouteText[id=24e84634-fdfb-4a8b-87b3-8cb3253f4f09] Routing FlowFile[3150,93427984608505.mockFlowFile,24B] to original
[main] DEBUG org.apache.nifi.processors.standard.RouteText - RouteText[id=24e84634-fdfb-4a8b-87b3-8cb3253f4f09] Adding new dynamic property: PropertyDescriptor[simple]
[pool-3898-thread-1] INFO org.apache.nifi.processors.standard.RouteText - RouteText[id=24e84634-fdfb-4a8b-87b3-8cb3253f4f09] Created FlowFile[3153,93427984997100.mockFlowFile,24B] from FlowFile[3152,93427984997100.mockFlowFile,24B]; routing to relationship simple
[pool-3898-thread-1] INFO org.apache.nifi.processors.standard.RouteText - RouteText[id=24e84634-fdfb-4a8b-87b3-8cb3253f4f09] Routing FlowFile[3152,93427984997100.mockFlowFile,24B] to original
[main] DEBUG org.apache.nifi.processors.standard.RouteText - RouteText[id=24e84634-fdfb-4a8b-87b3-8cb3253f4f09] Adding new dynamic property: PropertyDescriptor[simple]
[pool-3899-thread-1] INFO org.apache.nifi.processors.standard.RouteText - RouteText[id=24e84634-fdfb-4a8b-87b3-8cb3253f4f09] Created FlowFile[3155,93427985361873.mockFlowFile,24B] from FlowFile[3154,93427985361873.mockFlowFile,24B]; routing to relationship simple
[pool-3899-thread-1] INFO org.apache.nifi.processors.standard.RouteText - RouteText[id=24e84634-fdfb-4a8b-87b3-8cb3253f4f09] Routing FlowFile[3154,93427985361873.mockFlowFile,24B] to original
[main] DEBUG org.apache.nifi.processors.standard.RouteText - RouteText[id=24e84634-fdfb-4a8b-87b3-8cb3253f4f09] Adding new dynamic property: PropertyDescriptor[simple]
[pool-3900-thread-1] INFO org.apache.nifi.processors.standard.RouteText - RouteText[id=24e84634-fdfb-4a8b-87b3-8cb3253f4f09] Created FlowFile[3157,93427985754394.mockFlowFile,24B] from FlowFile[3156,93427985754394.mockFlowFile,24B]; routing to relationship simple
[pool-3900-thread-1] INFO org.apache.nifi.processors.standard.RouteText - RouteText[id=24e84634-fdfb-4a8b-87b3-8cb3253f4f09] Routing FlowFile[3156,93427985754394.mockFlowFile,24B] to original
[main] DEBUG org.apache.nifi.processors.standard.RouteText - RouteText[id=24e84634-fdfb-4a8b-87b3-8cb3253f4f09] Adding new dynamic property: PropertyDescriptor[simple]
[pool-3901-thread-1] INFO org.apache.nifi.processors.standard.RouteText - RouteText[id=24e84634-fdfb-4a8b-87b3-8cb3253f4f09] Created FlowFile[3159,93427986144299.mockFlowFile,24B] from FlowFile[3158,93427986144299.mockFlowFile,24B]; routing to relationship simple
[pool-3901-thread-1] INFO org.apache.nifi.processors.standard.RouteText - RouteText[id=24e84634-fdfb-4a8b-87b3-8cb3253f4f09] Routing FlowFile[3158,93427986144299.mockFlowFile,24B] to original
[main] DEBUG org.apache.nifi.processors.standard.RouteText - RouteText[id=24e84634-fdfb-4a8b-87b3-8cb3253f4f09] Adding new dynamic property: PropertyDescriptor[simple]
[pool-3902-thread-1] INFO org.apache.nifi.processors.standard.RouteText - RouteText[id=24e84634-fdfb-4a8b-87b3-8cb3253f4f09] Created FlowFile[3161,93428020226609.mockFlowFile,24B] from FlowFile[3160,93428020226609.mockFlowFile,24B]; routing to relationship simple
[pool-3902-thread-1] INFO org.apache.nifi.processors.standard.RouteText - RouteText[id=24e84634-fdfb-4a8b-87b3-8cb3253f4f09] Routing FlowFile[3160,93428020226609.mockFlowFile,24B] to original
[main] DEBUG org.apache.nifi.processors.standard.RouteText - RouteText[id=24e84634-fdfb-4a8b-87b3-8cb3253f4f09] Adding new dynamic property: PropertyDescriptor[simple]
[pool-3903-thread-1] INFO org.apache.nifi.processors.standard.RouteText - RouteText[id=24e84634-fdfb-4a8b-87b3-8cb3253f4f09] Created FlowFile[3163,93428020860381.mockFlowFile,24B] from FlowFile[3162,93428020860381.mockFlowFile,24B]; routing to relationship simple
[pool-3903-thread-1] INFO org.apache.nifi.processors.standard.RouteText - RouteText[id=24e84634-fdfb-4a8b-87b3-8cb3253f4f09] Routing FlowFile[3162,93428020860381.mockFlowFile,24B] to original
[main] DEBUG org.apache.nifi.processors.standard.RouteText - RouteText[id=24e84634-fdfb-4a8b-87b3-8cb3253f4f09] Adding new dynamic property: PropertyDescriptor[simple]
[pool-3904-thread-1] INFO org.apache.nifi.processors.standard.RouteText - RouteText[id=24e84634-fdfb-4a8b-87b3-8cb3253f4f09] Created FlowFile[3165,93428021377703.mockFlowFile,24B] from FlowFile[3164,93428021377703.mockFlowFile,24B]; routing to relationship simple
[pool-3904-thread-1] INFO org.apache.nifi.processors.standard.RouteText - RouteText[id=24e84634-fdfb-4a8b-87b3-8cb3253f4f09] Routing FlowFile[3164,93428021377703.mockFlowFile,24B] to original
[main] DEBUG org.apache.nifi.processors.standard.RouteText - RouteText[id=24e84634-fdfb-4a8b-87b3-8cb3253f4f09] Adding new dynamic property: PropertyDescriptor[simple]
[pool-3905-thread-1] INFO org.apache.nifi.processors.standard.RouteText - RouteText[id=24e84634-fdfb-4a8b-87b3-8cb3253f4f09] Created FlowFile[3167,93428021848931.mockFlowFile,24B] from FlowFile[3166,93428021848931.mockFlowFile,24B]; routing to relationship simple
[pool-3905-thread-1] INFO org.apache.nifi.processors.standard.RouteText - RouteText[id=24e84634-fdfb-4a8b-87b3-8cb3253f4f09] Routing FlowFile[3166,93428021848931.mockFlowFile,24B] to original
[main] DEBUG org.apache.nifi.processors.standard.RouteText - RouteText[id=24e84634-fdfb-4a8b-87b3-8cb3253f4f09] Adding new dynamic property: PropertyDescriptor[simple]
[pool-3906-thread-1] INFO org.apache.nifi.processors.standard.RouteText - RouteText[id=24e84634-fdfb-4a8b-87b3-8cb3253f4f09] Created FlowFile[3169,93428022314705.mockFlowFile,24B] from FlowFile[3168,93428022314705.mockFlowFile,24B]; routing to relationship simple
[pool-3906-thread-1] INFO org.apache.nifi.processors.standard.RouteText - RouteText[id=24e84634-fdfb-4a8b-87b3-8cb3253f4f09] Routing FlowFile[3168,93428022314705.mockFlowFile,24B] to original
[main] DEBUG org.apache.nifi.processors.standard.RouteText - RouteText[id=24e84634-fdfb-4a8b-87b3-8cb3253f4f09] Adding new dynamic property: PropertyDescriptor[simple]
[pool-3907-thread-1] INFO org.apache.nifi.processors.standard.RouteText - RouteText[id=24e84634-fdfb-4a8b-87b3-8cb3253f4f09] Created FlowFile[3171,93428022760373.mockFlowFile,24B] from FlowFile[3170,93428022760373.mockFlowFile,24B]; routing to relationship simple
[pool-3907-thread-1] INFO org.apache.nifi.processors.standard.RouteText - RouteText[id=24e84634-fdfb-4a8b-87b3-8cb3253f4f09] Routing FlowFile[3170,93428022760373.mockFlowFile,24B] to original
[main] DEBUG org.apache.nifi.processors.standard.RouteText - RouteText[id=24e84634-fdfb-4a8b-87b3-8cb3253f4f09] Adding new dynamic property: PropertyDescriptor[simple]
[pool-3908-thread-1] INFO org.apache.nifi.processors.standard.RouteText - RouteText[id=24e84634-fdfb-4a8b-87b3-8cb3253f4f09] Created FlowFile[3173,93428023210182.mockFlowFile,24B] from FlowFile[3172,93428023210182.mockFlowFile,24B]; routing to relationship simple
[pool-3908-thread-1] INFO org.apache.nifi.processors.standard.RouteText - RouteText[id=24e84634-fdfb-4a8b-87b3-8cb3253f4f09] Routing FlowFile[3172,93428023210182.mockFlowFile,24B] to original
[main] DEBUG org.apache.nifi.processors.standard.RouteText - RouteText[id=24e84634-fdfb-4a8b-87b3-8cb3253f4f09] Adding new dynamic property: PropertyDescriptor[simple]
[pool-3909-thread-1] INFO org.apache.nifi.processors.standard.RouteText - RouteText[id=24e84634-fdfb-4a8b-87b3-8cb3253f4f09] Created FlowFile[3175,93428023781566.mockFlowFile,24B] from FlowFile[3174,93428023781566.mockFlowFile,24B]; routing to relationship simple
[pool-3909-thread-1] INFO org.apache.nifi.processors.standard.RouteText - RouteText[id=24e84634-fdfb-4a8b-87b3-8cb3253f4f09] Routing FlowFile[3174,93428023781566.mockFlowFile,24B] to original
[main] DEBUG org.apache.nifi.processors.standard.RouteText - RouteText[id=24e84634-fdfb-4a8b-87b3-8cb3253f4f09] Adding new dynamic property: PropertyDescriptor[simple]
[pool-3910-thread-1] INFO org.apache.nifi.processors.standard.RouteText - RouteText[id=24e84634-fdfb-4a8b-87b3-8cb3253f4f09] Created FlowFile[3177,93428024310433.mockFlowFile,24B] from FlowFile[3176,93428024310433.mockFlowFile,24B]; routing to relationship simple
[pool-3910-thread-1] INFO org.apache.nifi.processors.standard.RouteText - RouteText[id=24e84634-fdfb-4a8b-87b3-8cb3253f4f09] Routing FlowFile[3176,93428024310433.mockFlowFile,24B] to original
[main] DEBUG org.apache.nifi.processors.standard.RouteText - RouteText[id=24e84634-fdfb-4a8b-87b3-8cb3253f4f09] Adding new dynamic property: PropertyDescriptor[simple]
[pool-3911-thread-1] INFO org.apache.nifi.processors.standard.RouteText - RouteText[id=24e84634-fdfb-4a8b-87b3-8cb3253f4f09] Created FlowFile[3179,93428024871320.mockFlowFile,24B] from FlowFile[3178,93428024871320.mockFlowFile,24B]; routing to relationship simple
[pool-3911-thread-1] INFO org.apache.nifi.processors.standard.RouteText - RouteText[id=24e84634-fdfb-4a8b-87b3-8cb3253f4f09] Routing FlowFile[3178,93428024871320.mockFlowFile,24B] to original
[main] DEBUG org.apache.nifi.processors.standard.RouteText - RouteText[id=24e84634-fdfb-4a8b-87b3-8cb3253f4f09] Adding new dynamic property: PropertyDescriptor[simple]
[pool-3912-thread-1] INFO org.apache.nifi.processors.standard.RouteText - RouteText[id=24e84634-fdfb-4a8b-87b3-8cb3253f4f09] Created FlowFile[3181,93428025422734.mockFlowFile,24B] from FlowFile[3180,93428025422734.mockFlowFile,24B]; routing to relationship simple
[pool-3912-thread-1] INFO org.apache.nifi.processors.standard.RouteText - RouteText[id=24e84634-fdfb-4a8b-87b3-8cb3253f4f09] Routing FlowFile[3180,93428025422734.mockFlowFile,24B] to original
[main] DEBUG org.apache.nifi.processors.standard.RouteText - RouteText[id=24e84634-fdfb-4a8b-87b3-8cb3253f4f09] Adding new dynamic property: PropertyDescriptor[simple]
[pool-3913-thread-1] INFO org.apache.nifi.processors.standard.RouteText - RouteText[id=24e84634-fdfb-4a8b-87b3-8cb3253f4f09] Created FlowFile[3183,93428025950043.mockFlowFile,24B] from FlowFile[3182,93428025950043.mockFlowFile,24B]; routing to relationship simple
[pool-3913-thread-1] INFO org.apache.nifi.processors.standard.RouteText - RouteText[id=24e84634-fdfb-4a8b-87b3-8cb3253f4f09] Routing FlowFile[3182,93428025950043.mockFlowFile,24B] to original
[main] DEBUG org.apache.nifi.processors.standard.RouteText - RouteText[id=24e84634-fdfb-4a8b-87b3-8cb3253f4f09] Adding new dynamic property: PropertyDescriptor[simple]
[pool-3914-thread-1] INFO org.apache.nifi.processors.standard.RouteText - RouteText[id=24e84634-fdfb-4a8b-87b3-8cb3253f4f09] Created FlowFile[3185,93428026445443.mockFlowFile,24B] from FlowFile[3184,93428026445443.mockFlowFile,24B]; routing to relationship simple
[pool-3914-thread-1] INFO org.apache.nifi.processors.standard.RouteText - RouteText[id=24e84634-fdfb-4a8b-87b3-8cb3253f4f09] Routing FlowFile[3184,93428026445443.mockFlowFile,24B] to original
[main] DEBUG org.apache.nifi.processors.standard.RouteText - RouteText[id=24e84634-fdfb-4a8b-87b3-8cb3253f4f09] Adding new dynamic property: PropertyDescriptor[simple]
[pool-3915-thread-1] INFO org.apache.nifi.processors.standard.RouteText - RouteText[id=24e84634-fdfb-4a8b-87b3-8cb3253f4f09] Created FlowFile[3187,93428026941047.mockFlowFile,24B] from FlowFile[3186,93428026941047.mockFlowFile,24B]; routing to relationship simple
[pool-3915-thread-1] INFO org.apache.nifi.processors.standard.RouteText - RouteText[id=24e84634-fdfb-4a8b-87b3-8cb3253f4f09] Routing FlowFile[3186,93428026941047.mockFlowFile,24B] to original
[main] DEBUG org.apache.nifi.processors.standard.RouteText - RouteText[id=24e84634-fdfb-4a8b-87b3-8cb3253f4f09] Adding new dynamic property: PropertyDescriptor[simple]
[pool-3916-thread-1] INFO org.apache.nifi.processors.standard.RouteText - RouteText[id=24e84634-fdfb-4a8b-87b3-8cb3253f4f09] Created FlowFile[3189,93428027438297.mockFlowFile,24B] from FlowFile[3188,93428027438297.mockFlowFile,24B]; routing to relationship simple
[pool-3916-thread-1] INFO org.apache.nifi.processors.standard.RouteText - RouteText[id=24e84634-fdfb-4a8b-87b3-8cb3253f4f09] Routing FlowFile[3188,93428027438297.mockFlowFile,24B] to original
[main] DEBUG org.apache.nifi.processors.standard.RouteText - RouteText[id=24e84634-fdfb-4a8b-87b3-8cb3253f4f09] Adding new dynamic property: PropertyDescriptor[simple]
[pool-3917-thread-1] INFO org.apache.nifi.processors.standard.RouteText - RouteText[id=24e84634-fdfb-4a8b-87b3-8cb3253f4f09] Created FlowFile[3191,93428028064887.mockFlowFile,24B] from FlowFile[3190,93428028064887.mockFlowFile,24B]; routing to relationship simple
[pool-3917-thread-1] INFO org.apache.nifi.processors.standard.RouteText - RouteText[id=24e84634-fdfb-4a8b-87b3-8cb3253f4f09] Routing FlowFile[3190,93428028064887.mockFlowFile,24B] to original
[main] DEBUG org.apache.nifi.processors.standard.RouteText - RouteText[id=24e84634-fdfb-4a8b-87b3-8cb3253f4f09] Adding new dynamic property: PropertyDescriptor[simple]
[pool-3918-thread-1] INFO org.apache.nifi.processors.standard.RouteText - RouteText[id=24e84634-fdfb-4a8b-87b3-8cb3253f4f09] Created FlowFile[3193,93428028670956.mockFlowFile,24B] from FlowFile[3192,93428028670956.mockFlowFile,24B]; routing to relationship simple
[pool-3918-thread-1] INFO org.apache.nifi.processors.standard.RouteText - RouteText[id=24e84634-fdfb-4a8b-87b3-8cb3253f4f09] Routing FlowFile[3192,93428028670956.mockFlowFile,24B] to original
[main] DEBUG org.apache.nifi.processors.standard.RouteText - RouteText[id=24e84634-fdfb-4a8b-87b3-8cb3253f4f09] Adding new dynamic property: PropertyDescriptor[simple]
[pool-3919-thread-1] INFO org.apache.nifi.processors.standard.RouteText - RouteText[id=24e84634-fdfb-4a8b-87b3-8cb3253f4f09] Created FlowFile[3195,93428029232217.mockFlowFile,24B] from FlowFile[3194,93428029232217.mockFlowFile,24B]; routing to relationship simple
[pool-3919-thread-1] INFO org.apache.nifi.processors.standard.RouteText - RouteText[id=24e84634-fdfb-4a8b-87b3-8cb3253f4f09] Routing FlowFile[3194,93428029232217.mockFlowFile,24B] to original
[main] DEBUG org.apache.nifi.processors.standard.RouteText - RouteText[id=24e84634-fdfb-4a8b-87b3-8cb3253f4f09] Adding new dynamic property: PropertyDescriptor[simple]
[pool-3920-thread-1] INFO org.apache.nifi.processors.standard.RouteText - RouteText[id=24e84634-fdfb-4a8b-87b3-8cb3253f4f09] Created FlowFile[3197,93428029718531.mockFlowFile,24B] from FlowFile[3196,93428029718531.mockFlowFile,24B]; routing to relationship simple
[pool-3920-thread-1] INFO org.apache.nifi.processors.standard.RouteText - RouteText[id=24e84634-fdfb-4a8b-87b3-8cb3253f4f09] Routing FlowFile[3196,93428029718531.mockFlowFile,24B] to original
[main] DEBUG org.apache.nifi.processors.standard.RouteText - RouteText[id=24e84634-fdfb-4a8b-87b3-8cb3253f4f09] Adding new dynamic property: PropertyDescriptor[simple]
[pool-3921-thread-1] INFO org.apache.nifi.processors.standard.RouteText - RouteText[id=24e84634-fdfb-4a8b-87b3-8cb3253f4f09] Created FlowFile[3199,93428030261996.mockFlowFile,24B] from FlowFile[3198,93428030261996.mockFlowFile,24B]; routing to relationship simple
[pool-3921-thread-1] INFO org.apache.nifi.processors.standard.RouteText - RouteText[id=24e84634-fdfb-4a8b-87b3-8cb3253f4f09] Routing FlowFile[3198,93428030261996.mockFlowFile,24B] to original
[main] DEBUG org.apache.nifi.processors.standard.RouteText - RouteText[id=24e84634-fdfb-4a8b-87b3-8cb3253f4f09] Adding new dynamic property: PropertyDescriptor[simple]
[pool-3922-thread-1] INFO org.apache.nifi.processors.standard.RouteText - RouteText[id=24e84634-fdfb-4a8b-87b3-8cb3253f4f09] Created FlowFile[3201,93428030774016.mockFlowFile,24B] from FlowFile[3200,93428030774016.mockFlowFile,24B]; routing to relationship simple
[pool-3922-thread-1] INFO org.apache.nifi.processors.standard.RouteText - RouteText[id=24e84634-fdfb-4a8b-87b3-8cb3253f4f09] Routing FlowFile[3200,93428030774016.mockFlowFile,24B] to original
[main] DEBUG org.apache.nifi.processors.standard.RouteText - RouteText[id=24e84634-fdfb-4a8b-87b3-8cb3253f4f09] Adding new dynamic property: PropertyDescriptor[simple]
[pool-3923-thread-1] INFO org.apache.nifi.processors.standard.RouteText - RouteText[id=24e84634-fdfb-4a8b-87b3-8cb3253f4f09] Created FlowFile[3203,93428031246944.mockFlowFile,24B] from FlowFile[3202,93428031246944.mockFlowFile,24B]; routing to relationship simple
[pool-3923-thread-1] INFO org.apache.nifi.processors.standard.RouteText - RouteText[id=24e84634-fdfb-4a8b-87b3-8cb3253f4f09] Routing FlowFile[3202,93428031246944.mockFlowFile,24B] to original
[main] DEBUG org.apache.nifi.processors.standard.RouteText - RouteText[id=24e84634-fdfb-4a8b-87b3-8cb3253f4f09] Adding new dynamic property: PropertyDescriptor[simple]
[pool-3924-thread-1] INFO org.apache.nifi.processors.standard.RouteText - RouteText[id=24e84634-fdfb-4a8b-87b3-8cb3253f4f09] Created FlowFile[3205,93428031708129.mockFlowFile,24B] from FlowFile[3204,93428031708129.mockFlowFile,24B]; routing to relationship simple
[pool-3924-thread-1] INFO org.apache.nifi.processors.standard.RouteText - RouteText[id=24e84634-fdfb-4a8b-87b3-8cb3253f4f09] Routing FlowFile[3204,93428031708129.mockFlowFile,24B] to original
[main] DEBUG org.apache.nifi.processors.standard.RouteText - RouteText[id=24e84634-fdfb-4a8b-87b3-8cb3253f4f09] Adding new dynamic property: PropertyDescriptor[simple]
[pool-3925-thread-1] INFO org.apache.nifi.processors.standard.RouteText - RouteText[id=24e84634-fdfb-4a8b-87b3-8cb3253f4f09] Created FlowFile[3207,93428032169970.mockFlowFile,24B] from FlowFile[3206,93428032169970.mockFlowFile,24B]; routing to relationship simple
[pool-3925-thread-1] INFO org.apache.nifi.processors.standard.RouteText - RouteText[id=24e84634-fdfb-4a8b-87b3-8cb3253f4f09] Routing FlowFile[3206,93428032169970.mockFlowFile,24B] to original
[main] DEBUG org.apache.nifi.processors.standard.RouteText - RouteText[id=24e84634-fdfb-4a8b-87b3-8cb3253f4f09] Adding new dynamic property: PropertyDescriptor[simple]
[pool-3926-thread-1] INFO org.apache.nifi.processors.standard.RouteText - RouteText[id=24e84634-fdfb-4a8b-87b3-8cb3253f4f09] Created FlowFile[3209,93428032632373.mockFlowFile,24B] from FlowFile[3208,93428032632373.mockFlowFile,24B]; routing to relationship simple
[pool-3926-thread-1] INFO org.apache.nifi.processors.standard.RouteText - RouteText[id=24e84634-fdfb-4a8b-87b3-8cb3253f4f09] Routing FlowFile[3208,93428032632373.mockFlowFile,24B] to original
[main] DEBUG org.apache.nifi.processors.standard.RouteText - RouteText[id=24e84634-fdfb-4a8b-87b3-8cb3253f4f09] Adding new dynamic property: PropertyDescriptor[simple]
[pool-3927-thread-1] INFO org.apache.nifi.processors.standard.RouteText - RouteText[id=24e84634-fdfb-4a8b-87b3-8cb3253f4f09] Created FlowFile[3211,93428033108963.mockFlowFile,24B] from FlowFile[3210,93428033108963.mockFlowFile,24B]; routing to relationship simple
[pool-3927-thread-1] INFO org.apache.nifi.processors.standard.RouteText - RouteText[id=24e84634-fdfb-4a8b-87b3-8cb3253f4f09] Routing FlowFile[3210,93428033108963.mockFlowFile,24B] to original
[main] DEBUG org.apache.nifi.processors.standard.RouteText - RouteText[id=24e84634-fdfb-4a8b-87b3-8cb3253f4f09] Adding new dynamic property: PropertyDescriptor[simple]
[pool-3928-thread-1] INFO org.apache.nifi.processors.standard.RouteText - RouteText[id=24e84634-fdfb-4a8b-87b3-8cb3253f4f09] Created FlowFile[3213,93428033574829.mockFlowFile,24B] from FlowFile[3212,93428033574829.mockFlowFile,24B]; routing to relationship simple
[pool-3928-thread-1] INFO org.apache.nifi.processors.standard.RouteText - RouteText[id=24e84634-fdfb-4a8b-87b3-8cb3253f4f09] Routing FlowFile[3212,93428033574829.mockFlowFile,24B] to original
[main] DEBUG org.apache.nifi.processors.standard.RouteText - RouteText[id=24e84634-fdfb-4a8b-87b3-8cb3253f4f09] Adding new dynamic property: PropertyDescriptor[simple]
[pool-3929-thread-1] INFO org.apache.nifi.processors.standard.RouteText - RouteText[id=24e84634-fdfb-4a8b-87b3-8cb3253f4f09] Created FlowFile[3215,93428034025595.mockFlowFile,24B] from FlowFile[3214,93428034025595.mockFlowFile,24B]; routing to relationship simple
[pool-3929-thread-1] INFO org.apache.nifi.processors.standard.RouteText - RouteText[id=24e84634-fdfb-4a8b-87b3-8cb3253f4f09] Routing FlowFile[3214,93428034025595.mockFlowFile,24B] to original
[main] DEBUG org.apache.nifi.processors.standard.RouteText - RouteText[id=24e84634-fdfb-4a8b-87b3-8cb3253f4f09] Adding new dynamic property: PropertyDescriptor[simple]
[pool-3930-thread-1] INFO org.apache.nifi.processors.standard.RouteText - RouteText[id=24e84634-fdfb-4a8b-87b3-8cb3253f4f09] Created FlowFile[3217,93428034492451.mockFlowFile,24B] from FlowFile[3216,93428034492451.mockFlowFile,24B]; routing to relationship simple
[pool-3930-thread-1] INFO org.apache.nifi.processors.standard.RouteText - RouteText[id=24e84634-fdfb-4a8b-87b3-8cb3253f4f09] Routing FlowFile[3216,93428034492451.mockFlowFile,24B] to original
[main] DEBUG org.apache.nifi.processors.standard.RouteText - RouteText[id=24e84634-fdfb-4a8b-87b3-8cb3253f4f09] Adding new dynamic property: PropertyDescriptor[simple]
[pool-3931-thread-1] INFO org.apache.nifi.processors.standard.RouteText - RouteText[id=24e84634-fdfb-4a8b-87b3-8cb3253f4f09] Created FlowFile[3219,93428034954905.mockFlowFile,24B] from FlowFile[3218,93428034954905.mockFlowFile,24B]; routing to relationship simple
[pool-3931-thread-1] INFO org.apache.nifi.processors.standard.RouteText - RouteText[id=24e84634-fdfb-4a8b-87b3-8cb3253f4f09] Routing FlowFile[3218,93428034954905.mockFlowFile,24B] to original
[main] DEBUG org.apache.nifi.processors.standard.RouteText - RouteText[id=24e84634-fdfb-4a8b-87b3-8cb3253f4f09] Adding new dynamic property: PropertyDescriptor[simple]
[pool-3932-thread-1] INFO org.apache.nifi.processors.standard.RouteText - RouteText[id=24e84634-fdfb-4a8b-87b3-8cb3253f4f09] Created FlowFile[3221,93428035395044.mockFlowFile,24B] from FlowFile[3220,93428035395044.mockFlowFile,24B]; routing to relationship simple
[pool-3932-thread-1] INFO org.apache.nifi.processors.standard.RouteText - RouteText[id=24e84634-fdfb-4a8b-87b3-8cb3253f4f09] Routing FlowFile[3220,93428035395044.mockFlowFile,24B] to original
[main] DEBUG org.apache.nifi.processors.standard.RouteText - RouteText[id=24e84634-fdfb-4a8b-87b3-8cb3253f4f09] Adding new dynamic property: PropertyDescriptor[simple]
[pool-3933-thread-1] INFO org.apache.nifi.processors.standard.RouteText - RouteText[id=24e84634-fdfb-4a8b-87b3-8cb3253f4f09] Created FlowFile[3223,93428035828779.mockFlowFile,24B] from FlowFile[3222,93428035828779.mockFlowFile,24B]; routing to relationship simple
[pool-3933-thread-1] INFO org.apache.nifi.processors.standard.RouteText - RouteText[id=24e84634-fdfb-4a8b-87b3-8cb3253f4f09] Routing FlowFile[3222,93428035828779.mockFlowFile,24B] to original
[main] DEBUG org.apache.nifi.processors.standard.RouteText - RouteText[id=24e84634-fdfb-4a8b-87b3-8cb3253f4f09] Adding new dynamic property: PropertyDescriptor[simple]
[pool-3934-thread-1] INFO org.apache.nifi.processors.standard.RouteText - RouteText[id=24e84634-fdfb-4a8b-87b3-8cb3253f4f09] Created FlowFile[3225,93428036268581.mockFlowFile,24B] from FlowFile[3224,93428036268581.mockFlowFile,24B]; routing to relationship simple
[pool-3934-thread-1] INFO org.apache.nifi.processors.standard.RouteText - RouteText[id=24e84634-fdfb-4a8b-87b3-8cb3253f4f09] Routing FlowFile[3224,93428036268581.mockFlowFile,24B] to original
[main] DEBUG org.apache.nifi.processors.standard.RouteText - RouteText[id=24e84634-fdfb-4a8b-87b3-8cb3253f4f09] Adding new dynamic property: PropertyDescriptor[simple]
[pool-3935-thread-1] INFO org.apache.nifi.processors.standard.RouteText - RouteText[id=24e84634-fdfb-4a8b-87b3-8cb3253f4f09] Created FlowFile[3227,93428036723867.mockFlowFile,24B] from FlowFile[3226,93428036723867.mockFlowFile,24B]; routing to relationship simple
[pool-3935-thread-1] INFO org.apache.nifi.processors.standard.RouteText - RouteText[id=24e84634-fdfb-4a8b-87b3-8cb3253f4f09] Routing FlowFile[3226,93428036723867.mockFlowFile,24B] to original
[main] DEBUG org.apache.nifi.processors.standard.RouteText - RouteText[id=24e84634-fdfb-4a8b-87b3-8cb3253f4f09] Adding new dynamic property: PropertyDescriptor[simple]
[pool-3936-thread-1] INFO org.apache.nifi.processors.standard.RouteText - RouteText[id=24e84634-fdfb-4a8b-87b3-8cb3253f4f09] Created FlowFile[3229,93428037169047.mockFlowFile,24B] from FlowFile[3228,93428037169047.mockFlowFile,24B]; routing to relationship simple
[pool-3936-thread-1] INFO org.apache.nifi.processors.standard.RouteText - RouteText[id=24e84634-fdfb-4a8b-87b3-8cb3253f4f09] Routing FlowFile[3228,93428037169047.mockFlowFile,24B] to original
[main] DEBUG org.apache.nifi.processors.standard.RouteText - RouteText[id=24e84634-fdfb-4a8b-87b3-8cb3253f4f09] Adding new dynamic property: PropertyDescriptor[simple]
[pool-3937-thread-1] INFO org.apache.nifi.processors.standard.RouteText - RouteText[id=24e84634-fdfb-4a8b-87b3-8cb3253f4f09] Created FlowFile[3231,93428037620497.mockFlowFile,24B] from FlowFile[3230,93428037620497.mockFlowFile,24B]; routing to relationship simple
[pool-3937-thread-1] INFO org.apache.nifi.processors.standard.RouteText - RouteText[id=24e84634-fdfb-4a8b-87b3-8cb3253f4f09] Routing FlowFile[3230,93428037620497.mockFlowFile,24B] to original
[main] DEBUG org.apache.nifi.processors.standard.RouteText - RouteText[id=24e84634-fdfb-4a8b-87b3-8cb3253f4f09] Adding new dynamic property: PropertyDescriptor[simple]
[pool-3938-thread-1] INFO org.apache.nifi.processors.standard.RouteText - RouteText[id=24e84634-fdfb-4a8b-87b3-8cb3253f4f09] Created FlowFile[3233,93428038075779.mockFlowFile,24B] from FlowFile[3232,93428038075779.mockFlowFile,24B]; routing to relationship simple
[pool-3938-thread-1] INFO org.apache.nifi.processors.standard.RouteText - RouteText[id=24e84634-fdfb-4a8b-87b3-8cb3253f4f09] Routing FlowFile[3232,93428038075779.mockFlowFile,24B] to original
[main] DEBUG org.apache.nifi.processors.standard.RouteText - RouteText[id=24e84634-fdfb-4a8b-87b3-8cb3253f4f09] Adding new dynamic property: PropertyDescriptor[simple]
[pool-3939-thread-1] INFO org.apache.nifi.processors.standard.RouteText - RouteText[id=24e84634-fdfb-4a8b-87b3-8cb3253f4f09] Created FlowFile[3235,93428038517945.mockFlowFile,24B] from FlowFile[3234,93428038517945.mockFlowFile,24B]; routing to relationship simple
[pool-3939-thread-1] INFO org.apache.nifi.processors.standard.RouteText - RouteText[id=24e84634-fdfb-4a8b-87b3-8cb3253f4f09] Routing FlowFile[3234,93428038517945.mockFlowFile,24B] to original
[main] DEBUG org.apache.nifi.processors.standard.RouteText - RouteText[id=24e84634-fdfb-4a8b-87b3-8cb3253f4f09] Adding new dynamic property: PropertyDescriptor[simple]
[pool-3940-thread-1] INFO org.apache.nifi.processors.standard.RouteText - RouteText[id=24e84634-fdfb-4a8b-87b3-8cb3253f4f09] Created FlowFile[3237,93428038989661.mockFlowFile,24B] from FlowFile[3236,93428038989661.mockFlowFile,24B]; routing to relationship simple
[pool-3940-thread-1] INFO org.apache.nifi.processors.standard.RouteText - RouteText[id=24e84634-fdfb-4a8b-87b3-8cb3253f4f09] Routing FlowFile[3236,93428038989661.mockFlowFile,24B] to original
[main] DEBUG org.apache.nifi.processors.standard.RouteText - RouteText[id=24e84634-fdfb-4a8b-87b3-8cb3253f4f09] Adding new dynamic property: PropertyDescriptor[simple]
[pool-3941-thread-1] INFO org.apache.nifi.processors.standard.RouteText - RouteText[id=24e84634-fdfb-4a8b-87b3-8cb3253f4f09] Created FlowFile[3239,93428039464260.mockFlowFile,24B] from FlowFile[3238,93428039464260.mockFlowFile,24B]; routing to relationship simple
[pool-3941-thread-1] INFO org.apache.nifi.processors.standard.RouteText - RouteText[id=24e84634-fdfb-4a8b-87b3-8cb3253f4f09] Routing FlowFile[3238,93428039464260.mockFlowFile,24B] to original
[main] DEBUG org.apache.nifi.processors.standard.RouteText - RouteText[id=24e84634-fdfb-4a8b-87b3-8cb3253f4f09] Adding new dynamic property: PropertyDescriptor[simple]
[pool-3942-thread-1] INFO org.apache.nifi.processors.standard.RouteText - RouteText[id=24e84634-fdfb-4a8b-87b3-8cb3253f4f09] Created FlowFile[3241,93428039931448.mockFlowFile,24B] from FlowFile[3240,93428039931448.mockFlowFile,24B]; routing to relationship simple
[pool-3942-thread-1] INFO org.apache.nifi.processors.standard.RouteText - RouteText[id=24e84634-fdfb-4a8b-87b3-8cb3253f4f09] Routing FlowFile[3240,93428039931448.mockFlowFile,24B] to original
[main] DEBUG org.apache.nifi.processors.standard.RouteText - RouteText[id=24e84634-fdfb-4a8b-87b3-8cb3253f4f09] Adding new dynamic property: PropertyDescriptor[simple]
[pool-3943-thread-1] INFO org.apache.nifi.processors.standard.RouteText - RouteText[id=24e84634-fdfb-4a8b-87b3-8cb3253f4f09] Created FlowFile[3243,93428040402870.mockFlowFile,24B] from FlowFile[3242,93428040402870.mockFlowFile,24B]; routing to relationship simple
[pool-3943-thread-1] INFO org.apache.nifi.processors.standard.RouteText - RouteText[id=24e84634-fdfb-4a8b-87b3-8cb3253f4f09] Routing FlowFile[3242,93428040402870.mockFlowFile,24B] to original
[main] DEBUG org.apache.nifi.processors.standard.RouteText - RouteText[id=24e84634-fdfb-4a8b-87b3-8cb3253f4f09] Adding new dynamic property: PropertyDescriptor[simple]
[pool-3944-thread-1] INFO org.apache.nifi.processors.standard.RouteText - RouteText[id=24e84634-fdfb-4a8b-87b3-8cb3253f4f09] Created FlowFile[3245,93428040853348.mockFlowFile,24B] from FlowFile[3244,93428040853348.mockFlowFile,24B]; routing to relationship simple
[pool-3944-thread-1] INFO org.apache.nifi.processors.standard.RouteText - RouteText[id=24e84634-fdfb-4a8b-87b3-8cb3253f4f09] Routing FlowFile[3244,93428040853348.mockFlowFile,24B] to original
[main] DEBUG org.apache.nifi.processors.standard.RouteText - RouteText[id=24e84634-fdfb-4a8b-87b3-8cb3253f4f09] Adding new dynamic property: PropertyDescriptor[simple]
[pool-3945-thread-1] INFO org.apache.nifi.processors.standard.RouteText - RouteText[id=24e84634-fdfb-4a8b-87b3-8cb3253f4f09] Created FlowFile[3247,93428041291797.mockFlowFile,24B] from FlowFile[3246,93428041291797.mockFlowFile,24B]; routing to relationship simple
[pool-3945-thread-1] INFO org.apache.nifi.processors.standard.RouteText - RouteText[id=24e84634-fdfb-4a8b-87b3-8cb3253f4f09] Routing FlowFile[3246,93428041291797.mockFlowFile,24B] to original
[main] DEBUG org.apache.nifi.processors.standard.RouteText - RouteText[id=24e84634-fdfb-4a8b-87b3-8cb3253f4f09] Adding new dynamic property: PropertyDescriptor[simple]
[pool-3946-thread-1] INFO org.apache.nifi.processors.standard.RouteText - RouteText[id=24e84634-fdfb-4a8b-87b3-8cb3253f4f09] Created FlowFile[3249,93428041721689.mockFlowFile,24B] from FlowFile[3248,93428041721689.mockFlowFile,24B]; routing to relationship simple
[pool-3946-thread-1] INFO org.apache.nifi.processors.standard.RouteText - RouteText[id=24e84634-fdfb-4a8b-87b3-8cb3253f4f09] Routing FlowFile[3248,93428041721689.mockFlowFile,24B] to original
[main] DEBUG org.apache.nifi.processors.standard.RouteText - RouteText[id=24e84634-fdfb-4a8b-87b3-8cb3253f4f09] Adding new dynamic property: PropertyDescriptor[simple]
[pool-3947-thread-1] INFO org.apache.nifi.processors.standard.RouteText - RouteText[id=24e84634-fdfb-4a8b-87b3-8cb3253f4f09] Created FlowFile[3251,93428042142431.mockFlowFile,24B] from FlowFile[3250,93428042142431.mockFlowFile,24B]; routing to relationship simple
[pool-3947-thread-1] INFO org.apache.nifi.processors.standard.RouteText - RouteText[id=24e84634-fdfb-4a8b-87b3-8cb3253f4f09] Routing FlowFile[3250,93428042142431.mockFlowFile,24B] to original
[main] DEBUG org.apache.nifi.processors.standard.RouteText - RouteText[id=24e84634-fdfb-4a8b-87b3-8cb3253f4f09] Adding new dynamic property: PropertyDescriptor[simple]
[pool-3948-thread-1] INFO org.apache.nifi.processors.standard.RouteText - RouteText[id=24e84634-fdfb-4a8b-87b3-8cb3253f4f09] Created FlowFile[3253,93428042551639.mockFlowFile,24B] from FlowFile[3252,93428042551639.mockFlowFile,24B]; routing to relationship simple
[pool-3948-thread-1] INFO org.apache.nifi.processors.standard.RouteText - RouteText[id=24e84634-fdfb-4a8b-87b3-8cb3253f4f09] Routing FlowFile[3252,93428042551639.mockFlowFile,24B] to original
[main] DEBUG org.apache.nifi.processors.standard.RouteText - RouteText[id=24e84634-fdfb-4a8b-87b3-8cb3253f4f09] Adding new dynamic property: PropertyDescriptor[simple]
[pool-3949-thread-1] INFO org.apache.nifi.processors.standard.RouteText - RouteText[id=24e84634-fdfb-4a8b-87b3-8cb3253f4f09] Created FlowFile[3255,93428042974188.mockFlowFile,24B] from FlowFile[3254,93428042974188.mockFlowFile,24B]; routing to relationship simple
[pool-3949-thread-1] INFO org.apache.nifi.processors.standard.RouteText - RouteText[id=24e84634-fdfb-4a8b-87b3-8cb3253f4f09] Routing FlowFile[3254,93428042974188.mockFlowFile,24B] to original
[main] DEBUG org.apache.nifi.processors.standard.RouteText - RouteText[id=24e84634-fdfb-4a8b-87b3-8cb3253f4f09] Adding new dynamic property: PropertyDescriptor[simple]
[pool-3950-thread-1] INFO org.apache.nifi.processors.standard.RouteText - RouteText[id=24e84634-fdfb-4a8b-87b3-8cb3253f4f09] Created FlowFile[3257,93428043462904.mockFlowFile,24B] from FlowFile[3256,93428043462904.mockFlowFile,24B]; routing to relationship simple
[pool-3950-thread-1] INFO org.apache.nifi.processors.standard.RouteText - RouteText[id=24e84634-fdfb-4a8b-87b3-8cb3253f4f09] Routing FlowFile[3256,93428043462904.mockFlowFile,24B] to original
[main] DEBUG org.apache.nifi.processors.standard.RouteText - RouteText[id=24e84634-fdfb-4a8b-87b3-8cb3253f4f09] Adding new dynamic property: PropertyDescriptor[simple]
[pool-3951-thread-1] INFO org.apache.nifi.processors.standard.RouteText - RouteText[id=24e84634-fdfb-4a8b-87b3-8cb3253f4f09] Created FlowFile[3259,93428043893459.mockFlowFile,24B] from FlowFile[3258,93428043893459.mockFlowFile,24B]; routing to relationship simple
[pool-3951-thread-1] INFO org.apache.nifi.processors.standard.RouteText - RouteText[id=24e84634-fdfb-4a8b-87b3-8cb3253f4f09] Routing FlowFile[3258,93428043893459.mockFlowFile,24B] to original
[main] DEBUG org.apache.nifi.processors.standard.RouteText - RouteText[id=24e84634-fdfb-4a8b-87b3-8cb3253f4f09] Adding new dynamic property: PropertyDescriptor[simple]
[pool-3952-thread-1] INFO org.apache.nifi.processors.standard.RouteText - RouteText[id=24e84634-fdfb-4a8b-87b3-8cb3253f4f09] Created FlowFile[3261,93428044342046.mockFlowFile,24B] from FlowFile[3260,93428044342046.mockFlowFile,24B]; routing to relationship simple
[pool-3952-thread-1] INFO org.apache.nifi.processors.standard.RouteText - RouteText[id=24e84634-fdfb-4a8b-87b3-8cb3253f4f09] Routing FlowFile[3260,93428044342046.mockFlowFile,24B] to original
[main] DEBUG org.apache.nifi.processors.standard.RouteText - RouteText[id=24e84634-fdfb-4a8b-87b3-8cb3253f4f09] Adding new dynamic property: PropertyDescriptor[simple]
[pool-3953-thread-1] INFO org.apache.nifi.processors.standard.RouteText - RouteText[id=24e84634-fdfb-4a8b-87b3-8cb3253f4f09] Created FlowFile[3263,93428044770516.mockFlowFile,24B] from FlowFile[3262,93428044770516.mockFlowFile,24B]; routing to relationship simple
[pool-3953-thread-1] INFO org.apache.nifi.processors.standard.RouteText - RouteText[id=24e84634-fdfb-4a8b-87b3-8cb3253f4f09] Routing FlowFile[3262,93428044770516.mockFlowFile,24B] to original
[main] DEBUG org.apache.nifi.processors.standard.RouteText - RouteText[id=24e84634-fdfb-4a8b-87b3-8cb3253f4f09] Adding new dynamic property: PropertyDescriptor[simple]
[pool-3954-thread-1] INFO org.apache.nifi.processors.standard.RouteText - RouteText[id=24e84634-fdfb-4a8b-87b3-8cb3253f4f09] Created FlowFile[3265,93428045200873.mockFlowFile,24B] from FlowFile[3264,93428045200873.mockFlowFile,24B]; routing to relationship simple
[pool-3954-thread-1] INFO org.apache.nifi.processors.standard.RouteText - RouteText[id=24e84634-fdfb-4a8b-87b3-8cb3253f4f09] Routing FlowFile[3264,93428045200873.mockFlowFile,24B] to original
[main] DEBUG org.apache.nifi.processors.standard.RouteText - RouteText[id=24e84634-fdfb-4a8b-87b3-8cb3253f4f09] Adding new dynamic property: PropertyDescriptor[simple]
[pool-3955-thread-1] INFO org.apache.nifi.processors.standard.RouteText - RouteText[id=24e84634-fdfb-4a8b-87b3-8cb3253f4f09] Created FlowFile[3267,93428045659454.mockFlowFile,24B] from FlowFile[3266,93428045659454.mockFlowFile,24B]; routing to relationship simple
[pool-3955-thread-1] INFO org.apache.nifi.processors.standard.RouteText - RouteText[id=24e84634-fdfb-4a8b-87b3-8cb3253f4f09] Routing FlowFile[3266,93428045659454.mockFlowFile,24B] to original
[main] DEBUG org.apache.nifi.processors.standard.RouteText - RouteText[id=24e84634-fdfb-4a8b-87b3-8cb3253f4f09] Adding new dynamic property: PropertyDescriptor[simple]
[pool-3956-thread-1] INFO org.apache.nifi.processors.standard.RouteText - RouteText[id=24e84634-fdfb-4a8b-87b3-8cb3253f4f09] Created FlowFile[3269,93428046105963.mockFlowFile,24B] from FlowFile[3268,93428046105963.mockFlowFile,24B]; routing to relationship simple
[pool-3956-thread-1] INFO org.apache.nifi.processors.standard.RouteText - RouteText[id=24e84634-fdfb-4a8b-87b3-8cb3253f4f09] Routing FlowFile[3268,93428046105963.mockFlowFile,24B] to original
[main] DEBUG org.apache.nifi.processors.standard.RouteText - RouteText[id=24e84634-fdfb-4a8b-87b3-8cb3253f4f09] Adding new dynamic property: PropertyDescriptor[simple]
[pool-3957-thread-1] INFO org.apache.nifi.processors.standard.RouteText - RouteText[id=24e84634-fdfb-4a8b-87b3-8cb3253f4f09] Created FlowFile[3271,93428046535039.mockFlowFile,24B] from FlowFile[3270,93428046535039.mockFlowFile,24B]; routing to relationship simple
[pool-3957-thread-1] INFO org.apache.nifi.processors.standard.RouteText - RouteText[id=24e84634-fdfb-4a8b-87b3-8cb3253f4f09] Routing FlowFile[3270,93428046535039.mockFlowFile,24B] to original
[main] DEBUG org.apache.nifi.processors.standard.RouteText - RouteText[id=24e84634-fdfb-4a8b-87b3-8cb3253f4f09] Adding new dynamic property: PropertyDescriptor[simple]
[pool-3958-thread-1] INFO org.apache.nifi.processors.standard.RouteText - RouteText[id=24e84634-fdfb-4a8b-87b3-8cb3253f4f09] Created FlowFile[3273,93428046961694.mockFlowFile,24B] from FlowFile[3272,93428046961694.mockFlowFile,24B]; routing to relationship simple
[pool-3958-thread-1] INFO org.apache.nifi.processors.standard.RouteText - RouteText[id=24e84634-fdfb-4a8b-87b3-8cb3253f4f09] Routing FlowFile[3272,93428046961694.mockFlowFile,24B] to original
[main] DEBUG org.apache.nifi.processors.standard.RouteText - RouteText[id=24e84634-fdfb-4a8b-87b3-8cb3253f4f09] Adding new dynamic property: PropertyDescriptor[simple]
[pool-3959-thread-1] INFO org.apache.nifi.processors.standard.RouteText - RouteText[id=24e84634-fdfb-4a8b-87b3-8cb3253f4f09] Created FlowFile[3275,93428047387875.mockFlowFile,24B] from FlowFile[3274,93428047387875.mockFlowFile,24B]; routing to relationship simple
[pool-3959-thread-1] INFO org.apache.nifi.processors.standard.RouteText - RouteText[id=24e84634-fdfb-4a8b-87b3-8cb3253f4f09] Routing FlowFile[3274,93428047387875.mockFlowFile,24B] to original
[main] DEBUG org.apache.nifi.processors.standard.RouteText - RouteText[id=24e84634-fdfb-4a8b-87b3-8cb3253f4f09] Adding new dynamic property: PropertyDescriptor[simple]
[pool-3960-thread-1] INFO org.apache.nifi.processors.standard.RouteText - RouteText[id=24e84634-fdfb-4a8b-87b3-8cb3253f4f09] Created FlowFile[3277,93428047836839.mockFlowFile,24B] from FlowFile[3276,93428047836839.mockFlowFile,24B]; routing to relationship simple
[pool-3960-thread-1] INFO org.apache.nifi.processors.standard.RouteText - RouteText[id=24e84634-fdfb-4a8b-87b3-8cb3253f4f09] Routing FlowFile[3276,93428047836839.mockFlowFile,24B] to original
[main] DEBUG org.apache.nifi.processors.standard.RouteText - RouteText[id=24e84634-fdfb-4a8b-87b3-8cb3253f4f09] Adding new dynamic property: PropertyDescriptor[simple]
[pool-3961-thread-1] INFO org.apache.nifi.processors.standard.RouteText - RouteText[id=24e84634-fdfb-4a8b-87b3-8cb3253f4f09] Created FlowFile[3279,93428048375097.mockFlowFile,24B] from FlowFile[3278,93428048375097.mockFlowFile,24B]; routing to relationship simple
[pool-3961-thread-1] INFO org.apache.nifi.processors.standard.RouteText - RouteText[id=24e84634-fdfb-4a8b-87b3-8cb3253f4f09] Routing FlowFile[3278,93428048375097.mockFlowFile,24B] to original
[main] DEBUG org.apache.nifi.processors.standard.RouteText - RouteText[id=24e84634-fdfb-4a8b-87b3-8cb3253f4f09] Adding new dynamic property: PropertyDescriptor[simple]
[pool-3962-thread-1] INFO org.apache.nifi.processors.standard.RouteText - RouteText[id=24e84634-fdfb-4a8b-87b3-8cb3253f4f09] Created FlowFile[3281,93428048861274.mockFlowFile,24B] from FlowFile[3280,93428048861274.mockFlowFile,24B]; routing to relationship simple
[pool-3962-thread-1] INFO org.apache.nifi.processors.standard.RouteText - RouteText[id=24e84634-fdfb-4a8b-87b3-8cb3253f4f09] Routing FlowFile[3280,93428048861274.mockFlowFile,24B] to original
[main] DEBUG org.apache.nifi.processors.standard.RouteText - RouteText[id=24e84634-fdfb-4a8b-87b3-8cb3253f4f09] Adding new dynamic property: PropertyDescriptor[simple]
[pool-3963-thread-1] INFO org.apache.nifi.processors.standard.RouteText - RouteText[id=24e84634-fdfb-4a8b-87b3-8cb3253f4f09] Created FlowFile[3283,93428049482219.mockFlowFile,24B] from FlowFile[3282,93428049482219.mockFlowFile,24B]; routing to relationship simple
[pool-3963-thread-1] INFO org.apache.nifi.processors.standard.RouteText - RouteText[id=24e84634-fdfb-4a8b-87b3-8cb3253f4f09] Routing FlowFile[3282,93428049482219.mockFlowFile,24B] to original
[main] DEBUG org.apache.nifi.processors.standard.RouteText - RouteText[id=24e84634-fdfb-4a8b-87b3-8cb3253f4f09] Adding new dynamic property: PropertyDescriptor[simple]
[pool-3964-thread-1] INFO org.apache.nifi.processors.standard.RouteText - RouteText[id=24e84634-fdfb-4a8b-87b3-8cb3253f4f09] Created FlowFile[3285,93428049956552.mockFlowFile,24B] from FlowFile[3284,93428049956552.mockFlowFile,24B]; routing to relationship simple
[pool-3964-thread-1] INFO org.apache.nifi.processors.standard.RouteText - RouteText[id=24e84634-fdfb-4a8b-87b3-8cb3253f4f09] Routing FlowFile[3284,93428049956552.mockFlowFile,24B] to original
[main] DEBUG org.apache.nifi.processors.standard.RouteText - RouteText[id=24e84634-fdfb-4a8b-87b3-8cb3253f4f09] Adding new dynamic property: PropertyDescriptor[simple]
[pool-3965-thread-1] INFO org.apache.nifi.processors.standard.RouteText - RouteText[id=24e84634-fdfb-4a8b-87b3-8cb3253f4f09] Created FlowFile[3287,93428050438231.mockFlowFile,24B] from FlowFile[3286,93428050438231.mockFlowFile,24B]; routing to relationship simple
[pool-3965-thread-1] INFO org.apache.nifi.processors.standard.RouteText - RouteText[id=24e84634-fdfb-4a8b-87b3-8cb3253f4f09] Routing FlowFile[3286,93428050438231.mockFlowFile,24B] to original
[main] DEBUG org.apache.nifi.processors.standard.RouteText - RouteText[id=24e84634-fdfb-4a8b-87b3-8cb3253f4f09] Adding new dynamic property: PropertyDescriptor[simple]
[pool-3966-thread-1] INFO org.apache.nifi.processors.standard.RouteText - RouteText[id=24e84634-fdfb-4a8b-87b3-8cb3253f4f09] Created FlowFile[3289,93428050910494.mockFlowFile,24B] from FlowFile[3288,93428050910494.mockFlowFile,24B]; routing to relationship simple
[pool-3966-thread-1] INFO org.apache.nifi.processors.standard.RouteText - RouteText[id=24e84634-fdfb-4a8b-87b3-8cb3253f4f09] Routing FlowFile[3288,93428050910494.mockFlowFile,24B] to original
[main] DEBUG org.apache.nifi.processors.standard.RouteText - RouteText[id=24e84634-fdfb-4a8b-87b3-8cb3253f4f09] Adding new dynamic property: PropertyDescriptor[simple]
[pool-3967-thread-1] INFO org.apache.nifi.processors.standard.RouteText - RouteText[id=24e84634-fdfb-4a8b-87b3-8cb3253f4f09] Created FlowFile[3291,93428051384306.mockFlowFile,24B] from FlowFile[3290,93428051384306.mockFlowFile,24B]; routing to relationship simple
[pool-3967-thread-1] INFO org.apache.nifi.processors.standard.RouteText - RouteText[id=24e84634-fdfb-4a8b-87b3-8cb3253f4f09] Routing FlowFile[3290,93428051384306.mockFlowFile,24B] to original
[main] DEBUG org.apache.nifi.processors.standard.RouteText - RouteText[id=24e84634-fdfb-4a8b-87b3-8cb3253f4f09] Adding new dynamic property: PropertyDescriptor[simple]
[pool-3968-thread-1] INFO org.apache.nifi.processors.standard.RouteText - RouteText[id=24e84634-fdfb-4a8b-87b3-8cb3253f4f09] Created FlowFile[3293,93428051872793.mockFlowFile,24B] from FlowFile[3292,93428051872793.mockFlowFile,24B]; routing to relationship simple
[pool-3968-thread-1] INFO org.apache.nifi.processors.standard.RouteText - RouteText[id=24e84634-fdfb-4a8b-87b3-8cb3253f4f09] Routing FlowFile[3292,93428051872793.mockFlowFile,24B] to original
[main] DEBUG org.apache.nifi.processors.standard.RouteText - RouteText[id=24e84634-fdfb-4a8b-87b3-8cb3253f4f09] Adding new dynamic property: PropertyDescriptor[simple]
[pool-3969-thread-1] INFO org.apache.nifi.processors.standard.RouteText - RouteText[id=24e84634-fdfb-4a8b-87b3-8cb3253f4f09] Created FlowFile[3295,93428052418817.mockFlowFile,24B] from FlowFile[3294,93428052418817.mockFlowFile,24B]; routing to relationship simple
[pool-3969-thread-1] INFO org.apache.nifi.processors.standard.RouteText - RouteText[id=24e84634-fdfb-4a8b-87b3-8cb3253f4f09] Routing FlowFile[3294,93428052418817.mockFlowFile,24B] to original
[main] DEBUG org.apache.nifi.processors.standard.RouteText - RouteText[id=24e84634-fdfb-4a8b-87b3-8cb3253f4f09] Adding new dynamic property: PropertyDescriptor[simple]
[pool-3970-thread-1] INFO org.apache.nifi.processors.standard.RouteText - RouteText[id=24e84634-fdfb-4a8b-87b3-8cb3253f4f09] Created FlowFile[3297,93428052915974.mockFlowFile,24B] from FlowFile[3296,93428052915974.mockFlowFile,24B]; routing to relationship simple
[pool-3970-thread-1] INFO org.apache.nifi.processors.standard.RouteText - RouteText[id=24e84634-fdfb-4a8b-87b3-8cb3253f4f09] Routing FlowFile[3296,93428052915974.mockFlowFile,24B] to original
[main] DEBUG org.apache.nifi.processors.standard.RouteText - RouteText[id=24e84634-fdfb-4a8b-87b3-8cb3253f4f09] Adding new dynamic property: PropertyDescriptor[simple]
[pool-3971-thread-1] INFO org.apache.nifi.processors.standard.RouteText - RouteText[id=24e84634-fdfb-4a8b-87b3-8cb3253f4f09] Created FlowFile[3299,93428053421825.mockFlowFile,24B] from FlowFile[3298,93428053421825.mockFlowFile,24B]; routing to relationship simple
[pool-3971-thread-1] INFO org.apache.nifi.processors.standard.RouteText - RouteText[id=24e84634-fdfb-4a8b-87b3-8cb3253f4f09] Routing FlowFile[3298,93428053421825.mockFlowFile,24B] to original
[main] DEBUG org.apache.nifi.processors.standard.RouteText - RouteText[id=24e84634-fdfb-4a8b-87b3-8cb3253f4f09] Adding new dynamic property: PropertyDescriptor[simple]
[pool-3972-thread-1] INFO org.apache.nifi.processors.standard.RouteText - RouteText[id=24e84634-fdfb-4a8b-87b3-8cb3253f4f09] Created FlowFile[3301,93428053884641.mockFlowFile,24B] from FlowFile[3300,93428053884641.mockFlowFile,24B]; routing to relationship simple
[pool-3972-thread-1] INFO org.apache.nifi.processors.standard.RouteText - RouteText[id=24e84634-fdfb-4a8b-87b3-8cb3253f4f09] Routing FlowFile[3300,93428053884641.mockFlowFile,24B] to original
[main] DEBUG org.apache.nifi.processors.standard.RouteText - RouteText[id=24e84634-fdfb-4a8b-87b3-8cb3253f4f09] Adding new dynamic property: PropertyDescriptor[simple]
[pool-3973-thread-1] INFO org.apache.nifi.processors.standard.RouteText - RouteText[id=24e84634-fdfb-4a8b-87b3-8cb3253f4f09] Created FlowFile[3303,93428054362432.mockFlowFile,24B] from FlowFile[3302,93428054362432.mockFlowFile,24B]; routing to relationship simple
[pool-3973-thread-1] INFO org.apache.nifi.processors.standard.RouteText - RouteText[id=24e84634-fdfb-4a8b-87b3-8cb3253f4f09] Routing FlowFile[3302,93428054362432.mockFlowFile,24B] to original
[main] DEBUG org.apache.nifi.processors.standard.RouteText - RouteText[id=24e84634-fdfb-4a8b-87b3-8cb3253f4f09] Adding new dynamic property: PropertyDescriptor[simple]
[pool-3974-thread-1] INFO org.apache.nifi.processors.standard.RouteText - RouteText[id=24e84634-fdfb-4a8b-87b3-8cb3253f4f09] Created FlowFile[3305,93428054962957.mockFlowFile,24B] from FlowFile[3304,93428054962957.mockFlowFile,24B]; routing to relationship simple
[pool-3974-thread-1] INFO org.apache.nifi.processors.standard.RouteText - RouteText[id=24e84634-fdfb-4a8b-87b3-8cb3253f4f09] Routing FlowFile[3304,93428054962957.mockFlowFile,24B] to original
[main] DEBUG org.apache.nifi.processors.standard.RouteText - RouteText[id=24e84634-fdfb-4a8b-87b3-8cb3253f4f09] Adding new dynamic property: PropertyDescriptor[simple]
[pool-3975-thread-1] INFO org.apache.nifi.processors.standard.RouteText - RouteText[id=24e84634-fdfb-4a8b-87b3-8cb3253f4f09] Created FlowFile[3307,93428055456129.mockFlowFile,24B] from FlowFile[3306,93428055456129.mockFlowFile,24B]; routing to relationship simple
[pool-3975-thread-1] INFO org.apache.nifi.processors.standard.RouteText - RouteText[id=24e84634-fdfb-4a8b-87b3-8cb3253f4f09] Routing FlowFile[3306,93428055456129.mockFlowFile,24B] to original
[main] DEBUG org.apache.nifi.processors.standard.RouteText - RouteText[id=24e84634-fdfb-4a8b-87b3-8cb3253f4f09] Adding new dynamic property: PropertyDescriptor[simple]
[pool-3976-thread-1] INFO org.apache.nifi.processors.standard.RouteText - RouteText[id=24e84634-fdfb-4a8b-87b3-8cb3253f4f09] Created FlowFile[3309,93428055919002.mockFlowFile,24B] from FlowFile[3308,93428055919002.mockFlowFile,24B]; routing to relationship simple
[pool-3976-thread-1] INFO org.apache.nifi.processors.standard.RouteText - RouteText[id=24e84634-fdfb-4a8b-87b3-8cb3253f4f09] Routing FlowFile[3308,93428055919002.mockFlowFile,24B] to original
[main] DEBUG org.apache.nifi.processors.standard.RouteText - RouteText[id=24e84634-fdfb-4a8b-87b3-8cb3253f4f09] Adding new dynamic property: PropertyDescriptor[simple]
[pool-3977-thread-1] INFO org.apache.nifi.processors.standard.RouteText - RouteText[id=24e84634-fdfb-4a8b-87b3-8cb3253f4f09] Created FlowFile[3311,93428056408476.mockFlowFile,24B] from FlowFile[3310,93428056408476.mockFlowFile,24B]; routing to relationship simple
[pool-3977-thread-1] INFO org.apache.nifi.processors.standard.RouteText - RouteText[id=24e84634-fdfb-4a8b-87b3-8cb3253f4f09] Routing FlowFile[3310,93428056408476.mockFlowFile,24B] to original
[main] DEBUG org.apache.nifi.processors.standard.RouteText - RouteText[id=24e84634-fdfb-4a8b-87b3-8cb3253f4f09] Adding new dynamic property: PropertyDescriptor[simple]
[pool-3978-thread-1] INFO org.apache.nifi.processors.standard.RouteText - RouteText[id=24e84634-fdfb-4a8b-87b3-8cb3253f4f09] Created FlowFile[3313,93428056894131.mockFlowFile,24B] from FlowFile[3312,93428056894131.mockFlowFile,24B]; routing to relationship simple
[pool-3978-thread-1] INFO org.apache.nifi.processors.standard.RouteText - RouteText[id=24e84634-fdfb-4a8b-87b3-8cb3253f4f09] Routing FlowFile[3312,93428056894131.mockFlowFile,24B] to original
[main] DEBUG org.apache.nifi.processors.standard.RouteText - RouteText[id=24e84634-fdfb-4a8b-87b3-8cb3253f4f09] Adding new dynamic property: PropertyDescriptor[simple]
[pool-3979-thread-1] INFO org.apache.nifi.processors.standard.RouteText - RouteText[id=24e84634-fdfb-4a8b-87b3-8cb3253f4f09] Created FlowFile[3315,93428057360190.mockFlowFile,24B] from FlowFile[3314,93428057360190.mockFlowFile,24B]; routing to relationship simple
[pool-3979-thread-1] INFO org.apache.nifi.processors.standard.RouteText - RouteText[id=24e84634-fdfb-4a8b-87b3-8cb3253f4f09] Routing FlowFile[3314,93428057360190.mockFlowFile,24B] to original
[main] DEBUG org.apache.nifi.processors.standard.RouteText - RouteText[id=24e84634-fdfb-4a8b-87b3-8cb3253f4f09] Adding new dynamic property: PropertyDescriptor[simple]
[pool-3980-thread-1] INFO org.apache.nifi.processors.standard.RouteText - RouteText[id=24e84634-fdfb-4a8b-87b3-8cb3253f4f09] Created FlowFile[3317,93428057841007.mockFlowFile,24B] from FlowFile[3316,93428057841007.mockFlowFile,24B]; routing to relationship simple
[pool-3980-thread-1] INFO org.apache.nifi.processors.standard.RouteText - RouteText[id=24e84634-fdfb-4a8b-87b3-8cb3253f4f09] Routing FlowFile[3316,93428057841007.mockFlowFile,24B] to original
[main] DEBUG org.apache.nifi.processors.standard.RouteText - RouteText[id=24e84634-fdfb-4a8b-87b3-8cb3253f4f09] Adding new dynamic property: PropertyDescriptor[simple]
[pool-3981-thread-1] INFO org.apache.nifi.processors.standard.RouteText - RouteText[id=24e84634-fdfb-4a8b-87b3-8cb3253f4f09] Created FlowFile[3319,93428058944450.mockFlowFile,24B] from FlowFile[3318,93428058944450.mockFlowFile,24B]; routing to relationship simple
[pool-3981-thread-1] INFO org.apache.nifi.processors.standard.RouteText - RouteText[id=24e84634-fdfb-4a8b-87b3-8cb3253f4f09] Routing FlowFile[3318,93428058944450.mockFlowFile,24B] to original
[main] DEBUG org.apache.nifi.processors.standard.RouteText - RouteText[id=24e84634-fdfb-4a8b-87b3-8cb3253f4f09] Adding new dynamic property: PropertyDescriptor[simple]
[pool-3982-thread-1] INFO org.apache.nifi.processors.standard.RouteText - RouteText[id=24e84634-fdfb-4a8b-87b3-8cb3253f4f09] Created FlowFile[3321,93428059636530.mockFlowFile,24B] from FlowFile[3320,93428059636530.mockFlowFile,24B]; routing to relationship simple
[pool-3982-thread-1] INFO org.apache.nifi.processors.standard.RouteText - RouteText[id=24e84634-fdfb-4a8b-87b3-8cb3253f4f09] Routing FlowFile[3320,93428059636530.mockFlowFile,24B] to original
[main] DEBUG org.apache.nifi.processors.standard.RouteText - RouteText[id=24e84634-fdfb-4a8b-87b3-8cb3253f4f09] Adding new dynamic property: PropertyDescriptor[simple]
[pool-3983-thread-1] INFO org.apache.nifi.processors.standard.RouteText - RouteText[id=24e84634-fdfb-4a8b-87b3-8cb3253f4f09] Created FlowFile[3323,93428060435233.mockFlowFile,24B] from FlowFile[3322,93428060435233.mockFlowFile,24B]; routing to relationship simple
[pool-3983-thread-1] INFO org.apache.nifi.processors.standard.RouteText - RouteText[id=24e84634-fdfb-4a8b-87b3-8cb3253f4f09] Routing FlowFile[3322,93428060435233.mockFlowFile,24B] to original
[main] DEBUG org.apache.nifi.processors.standard.RouteText - RouteText[id=24e84634-fdfb-4a8b-87b3-8cb3253f4f09] Adding new dynamic property: PropertyDescriptor[simple]
[pool-3984-thread-1] INFO org.apache.nifi.processors.standard.RouteText - RouteText[id=24e84634-fdfb-4a8b-87b3-8cb3253f4f09] Created FlowFile[3325,93428061004433.mockFlowFile,24B] from FlowFile[3324,93428061004433.mockFlowFile,24B]; routing to relationship simple
[pool-3984-thread-1] INFO org.apache.nifi.processors.standard.RouteText - RouteText[id=24e84634-fdfb-4a8b-87b3-8cb3253f4f09] Routing FlowFile[3324,93428061004433.mockFlowFile,24B] to original
[main] DEBUG org.apache.nifi.processors.standard.RouteText - RouteText[id=24e84634-fdfb-4a8b-87b3-8cb3253f4f09] Adding new dynamic property: PropertyDescriptor[simple]
[pool-3985-thread-1] INFO org.apache.nifi.processors.standard.RouteText - RouteText[id=24e84634-fdfb-4a8b-87b3-8cb3253f4f09] Created FlowFile[3327,93428061548030.mockFlowFile,24B] from FlowFile[3326,93428061548030.mockFlowFile,24B]; routing to relationship simple
[pool-3985-thread-1] INFO org.apache.nifi.processors.standard.RouteText - RouteText[id=24e84634-fdfb-4a8b-87b3-8cb3253f4f09] Routing FlowFile[3326,93428061548030.mockFlowFile,24B] to original
[main] DEBUG org.apache.nifi.processors.standard.RouteText - RouteText[id=24e84634-fdfb-4a8b-87b3-8cb3253f4f09] Adding new dynamic property: PropertyDescriptor[simple]
[pool-3986-thread-1] INFO org.apache.nifi.processors.standard.RouteText - RouteText[id=24e84634-fdfb-4a8b-87b3-8cb3253f4f09] Created FlowFile[3329,93428062091186.mockFlowFile,24B] from FlowFile[3328,93428062091186.mockFlowFile,24B]; routing to relationship simple
[pool-3986-thread-1] INFO org.apache.nifi.processors.standard.RouteText - RouteText[id=24e84634-fdfb-4a8b-87b3-8cb3253f4f09] Routing FlowFile[3328,93428062091186.mockFlowFile,24B] to original
[main] DEBUG org.apache.nifi.processors.standard.RouteText - RouteText[id=24e84634-fdfb-4a8b-87b3-8cb3253f4f09] Adding new dynamic property: PropertyDescriptor[simple]
[pool-3987-thread-1] INFO org.apache.nifi.processors.standard.RouteText - RouteText[id=24e84634-fdfb-4a8b-87b3-8cb3253f4f09] Created FlowFile[3331,93428062607082.mockFlowFile,24B] from FlowFile[3330,93428062607082.mockFlowFile,24B]; routing to relationship simple
[pool-3987-thread-1] INFO org.apache.nifi.processors.standard.RouteText - RouteText[id=24e84634-fdfb-4a8b-87b3-8cb3253f4f09] Routing FlowFile[3330,93428062607082.mockFlowFile,24B] to original
[main] DEBUG org.apache.nifi.processors.standard.RouteText - RouteText[id=24e84634-fdfb-4a8b-87b3-8cb3253f4f09] Adding new dynamic property: PropertyDescriptor[simple]
[pool-3988-thread-1] INFO org.apache.nifi.processors.standard.RouteText - RouteText[id=24e84634-fdfb-4a8b-87b3-8cb3253f4f09] Created FlowFile[3333,93428063122806.mockFlowFile,24B] from FlowFile[3332,93428063122806.mockFlowFile,24B]; routing to relationship simple
[pool-3988-thread-1] INFO org.apache.nifi.processors.standard.RouteText - RouteText[id=24e84634-fdfb-4a8b-87b3-8cb3253f4f09] Routing FlowFile[3332,93428063122806.mockFlowFile,24B] to original
[main] DEBUG org.apache.nifi.processors.standard.RouteText - RouteText[id=24e84634-fdfb-4a8b-87b3-8cb3253f4f09] Adding new dynamic property: PropertyDescriptor[simple]
[pool-3989-thread-1] INFO org.apache.nifi.processors.standard.RouteText - RouteText[id=24e84634-fdfb-4a8b-87b3-8cb3253f4f09] Created FlowFile[3335,93428063613334.mockFlowFile,24B] from FlowFile[3334,93428063613334.mockFlowFile,24B]; routing to relationship simple
[pool-3989-thread-1] INFO org.apache.nifi.processors.standard.RouteText - RouteText[id=24e84634-fdfb-4a8b-87b3-8cb3253f4f09] Routing FlowFile[3334,93428063613334.mockFlowFile,24B] to original
[main] DEBUG org.apache.nifi.processors.standard.RouteText - RouteText[id=24e84634-fdfb-4a8b-87b3-8cb3253f4f09] Adding new dynamic property: PropertyDescriptor[simple]
[pool-3990-thread-1] INFO org.apache.nifi.processors.standard.RouteText - RouteText[id=24e84634-fdfb-4a8b-87b3-8cb3253f4f09] Created FlowFile[3337,93428064150014.mockFlowFile,24B] from FlowFile[3336,93428064150014.mockFlowFile,24B]; routing to relationship simple
[pool-3990-thread-1] INFO org.apache.nifi.processors.standard.RouteText - RouteText[id=24e84634-fdfb-4a8b-87b3-8cb3253f4f09] Routing FlowFile[3336,93428064150014.mockFlowFile,24B] to original
[main] DEBUG org.apache.nifi.processors.standard.RouteText - RouteText[id=24e84634-fdfb-4a8b-87b3-8cb3253f4f09] Adding new dynamic property: PropertyDescriptor[simple]
[pool-3991-thread-1] INFO org.apache.nifi.processors.standard.RouteText - RouteText[id=24e84634-fdfb-4a8b-87b3-8cb3253f4f09] Created FlowFile[3339,93428064643310.mockFlowFile,24B] from FlowFile[3338,93428064643310.mockFlowFile,24B]; routing to relationship simple
[pool-3991-thread-1] INFO org.apache.nifi.processors.standard.RouteText - RouteText[id=24e84634-fdfb-4a8b-87b3-8cb3253f4f09] Routing FlowFile[3338,93428064643310.mockFlowFile,24B] to original
[main] DEBUG org.apache.nifi.processors.standard.RouteText - RouteText[id=24e84634-fdfb-4a8b-87b3-8cb3253f4f09] Adding new dynamic property: PropertyDescriptor[simple]
[pool-3992-thread-1] INFO org.apache.nifi.processors.standard.RouteText - RouteText[id=24e84634-fdfb-4a8b-87b3-8cb3253f4f09] Created FlowFile[3341,93428065120304.mockFlowFile,24B] from FlowFile[3340,93428065120304.mockFlowFile,24B]; routing to relationship simple
[pool-3992-thread-1] INFO org.apache.nifi.processors.standard.RouteText - RouteText[id=24e84634-fdfb-4a8b-87b3-8cb3253f4f09] Routing FlowFile[3340,93428065120304.mockFlowFile,24B] to original
[main] DEBUG org.apache.nifi.processors.standard.RouteText - RouteText[id=24e84634-fdfb-4a8b-87b3-8cb3253f4f09] Adding new dynamic property: PropertyDescriptor[simple]
[pool-3993-thread-1] INFO org.apache.nifi.processors.standard.RouteText - RouteText[id=24e84634-fdfb-4a8b-87b3-8cb3253f4f09] Created FlowFile[3343,93428065605528.mockFlowFile,24B] from FlowFile[3342,93428065605528.mockFlowFile,24B]; routing to relationship simple
[pool-3993-thread-1] INFO org.apache.nifi.processors.standard.RouteText - RouteText[id=24e84634-fdfb-4a8b-87b3-8cb3253f4f09] Routing FlowFile[3342,93428065605528.mockFlowFile,24B] to original
[main] DEBUG org.apache.nifi.processors.standard.RouteText - RouteText[id=24e84634-fdfb-4a8b-87b3-8cb3253f4f09] Adding new dynamic property: PropertyDescriptor[simple]
[pool-3994-thread-1] INFO org.apache.nifi.processors.standard.RouteText - RouteText[id=24e84634-fdfb-4a8b-87b3-8cb3253f4f09] Created FlowFile[3345,93428066099601.mockFlowFile,24B] from FlowFile[3344,93428066099601.mockFlowFile,24B]; routing to relationship simple
[pool-3994-thread-1] INFO org.apache.nifi.processors.standard.RouteText - RouteText[id=24e84634-fdfb-4a8b-87b3-8cb3253f4f09] Routing FlowFile[3344,93428066099601.mockFlowFile,24B] to original
[main] DEBUG org.apache.nifi.processors.standard.RouteText - RouteText[id=24e84634-fdfb-4a8b-87b3-8cb3253f4f09] Adding new dynamic property: PropertyDescriptor[simple]
[pool-3995-thread-1] INFO org.apache.nifi.processors.standard.RouteText - RouteText[id=24e84634-fdfb-4a8b-87b3-8cb3253f4f09] Created FlowFile[3347,93428066592998.mockFlowFile,24B] from FlowFile[3346,93428066592998.mockFlowFile,24B]; routing to relationship simple
[pool-3995-thread-1] INFO org.apache.nifi.processors.standard.RouteText - RouteText[id=24e84634-fdfb-4a8b-87b3-8cb3253f4f09] Routing FlowFile[3346,93428066592998.mockFlowFile,24B] to original
[main] DEBUG org.apache.nifi.processors.standard.RouteText - RouteText[id=24e84634-fdfb-4a8b-87b3-8cb3253f4f09] Adding new dynamic property: PropertyDescriptor[simple]
[pool-3996-thread-1] INFO org.apache.nifi.processors.standard.RouteText - RouteText[id=24e84634-fdfb-4a8b-87b3-8cb3253f4f09] Created FlowFile[3349,93428067097032.mockFlowFile,24B] from FlowFile[3348,93428067097032.mockFlowFile,24B]; routing to relationship simple
[pool-3996-thread-1] INFO org.apache.nifi.processors.standard.RouteText - RouteText[id=24e84634-fdfb-4a8b-87b3-8cb3253f4f09] Routing FlowFile[3348,93428067097032.mockFlowFile,24B] to original
[main] DEBUG org.apache.nifi.processors.standard.RouteText - RouteText[id=24e84634-fdfb-4a8b-87b3-8cb3253f4f09] Adding new dynamic property: PropertyDescriptor[simple]
[pool-3997-thread-1] INFO org.apache.nifi.processors.standard.RouteText - RouteText[id=24e84634-fdfb-4a8b-87b3-8cb3253f4f09] Created FlowFile[3351,93428067618411.mockFlowFile,24B] from FlowFile[3350,93428067618411.mockFlowFile,24B]; routing to relationship simple
[pool-3997-thread-1] INFO org.apache.nifi.processors.standard.RouteText - RouteText[id=24e84634-fdfb-4a8b-87b3-8cb3253f4f09] Routing FlowFile[3350,93428067618411.mockFlowFile,24B] to original
[main] DEBUG org.apache.nifi.processors.standard.RouteText - RouteText[id=24e84634-fdfb-4a8b-87b3-8cb3253f4f09] Adding new dynamic property: PropertyDescriptor[simple]
[pool-3998-thread-1] INFO org.apache.nifi.processors.standard.RouteText - RouteText[id=24e84634-fdfb-4a8b-87b3-8cb3253f4f09] Created FlowFile[3353,93428068152274.mockFlowFile,24B] from FlowFile[3352,93428068152274.mockFlowFile,24B]; routing to relationship simple
[pool-3998-thread-1] INFO org.apache.nifi.processors.standard.RouteText - RouteText[id=24e84634-fdfb-4a8b-87b3-8cb3253f4f09] Routing FlowFile[3352,93428068152274.mockFlowFile,24B] to original
[main] DEBUG org.apache.nifi.processors.standard.RouteText - RouteText[id=24e84634-fdfb-4a8b-87b3-8cb3253f4f09] Adding new dynamic property: PropertyDescriptor[simple]
[pool-3999-thread-1] INFO org.apache.nifi.processors.standard.RouteText - RouteText[id=24e84634-fdfb-4a8b-87b3-8cb3253f4f09] Created FlowFile[3355,93428068712985.mockFlowFile,24B] from FlowFile[3354,93428068712985.mockFlowFile,24B]; routing to relationship simple
[pool-3999-thread-1] INFO org.apache.nifi.processors.standard.RouteText - RouteText[id=24e84634-fdfb-4a8b-87b3-8cb3253f4f09] Routing FlowFile[3354,93428068712985.mockFlowFile,24B] to original
[main] DEBUG org.apache.nifi.processors.standard.RouteText - RouteText[id=24e84634-fdfb-4a8b-87b3-8cb3253f4f09] Adding new dynamic property: PropertyDescriptor[simple]
[pool-4000-thread-1] INFO org.apache.nifi.processors.standard.RouteText - RouteText[id=24e84634-fdfb-4a8b-87b3-8cb3253f4f09] Created FlowFile[3357,93428069239963.mockFlowFile,24B] from FlowFile[3356,93428069239963.mockFlowFile,24B]; routing to relationship simple
[pool-4000-thread-1] INFO org.apache.nifi.processors.standard.RouteText - RouteText[id=24e84634-fdfb-4a8b-87b3-8cb3253f4f09] Routing FlowFile[3356,93428069239963.mockFlowFile,24B] to original
[main] DEBUG org.apache.nifi.processors.standard.RouteText - RouteText[id=24e84634-fdfb-4a8b-87b3-8cb3253f4f09] Adding new dynamic property: PropertyDescriptor[simple]
[pool-4001-thread-1] INFO org.apache.nifi.processors.standard.RouteText - RouteText[id=24e84634-fdfb-4a8b-87b3-8cb3253f4f09] Created FlowFile[3359,93428069771998.mockFlowFile,24B] from FlowFile[3358,93428069771998.mockFlowFile,24B]; routing to relationship simple
[pool-4001-thread-1] INFO org.apache.nifi.processors.standard.RouteText - RouteText[id=24e84634-fdfb-4a8b-87b3-8cb3253f4f09] Routing FlowFile[3358,93428069771998.mockFlowFile,24B] to original
[main] DEBUG org.apache.nifi.processors.standard.RouteText - RouteText[id=24e84634-fdfb-4a8b-87b3-8cb3253f4f09] Adding new dynamic property: PropertyDescriptor[simple]
[pool-4002-thread-1] INFO org.apache.nifi.processors.standard.RouteText - RouteText[id=24e84634-fdfb-4a8b-87b3-8cb3253f4f09] Created FlowFile[3361,93428070308619.mockFlowFile,24B] from FlowFile[3360,93428070308619.mockFlowFile,24B]; routing to relationship simple
[pool-4002-thread-1] INFO org.apache.nifi.processors.standard.RouteText - RouteText[id=24e84634-fdfb-4a8b-87b3-8cb3253f4f09] Routing FlowFile[3360,93428070308619.mockFlowFile,24B] to original
[main] DEBUG org.apache.nifi.processors.standard.RouteText - RouteText[id=24e84634-fdfb-4a8b-87b3-8cb3253f4f09] Adding new dynamic property: PropertyDescriptor[simple]
[pool-4003-thread-1] INFO org.apache.nifi.processors.standard.RouteText - RouteText[id=24e84634-fdfb-4a8b-87b3-8cb3253f4f09] Created FlowFile[3363,93428070854892.mockFlowFile,24B] from FlowFile[3362,93428070854892.mockFlowFile,24B]; routing to relationship simple
[pool-4003-thread-1] INFO org.apache.nifi.processors.standard.RouteText - RouteText[id=24e84634-fdfb-4a8b-87b3-8cb3253f4f09] Routing FlowFile[3362,93428070854892.mockFlowFile,24B] to original
[main] DEBUG org.apache.nifi.processors.standard.RouteText - RouteText[id=24e84634-fdfb-4a8b-87b3-8cb3253f4f09] Adding new dynamic property: PropertyDescriptor[simple]
[pool-4004-thread-1] INFO org.apache.nifi.processors.standard.RouteText - RouteText[id=24e84634-fdfb-4a8b-87b3-8cb3253f4f09] Created FlowFile[3365,93428071565139.mockFlowFile,24B] from FlowFile[3364,93428071565139.mockFlowFile,24B]; routing to relationship simple
[pool-4004-thread-1] INFO org.apache.nifi.processors.standard.RouteText - RouteText[id=24e84634-fdfb-4a8b-87b3-8cb3253f4f09] Routing FlowFile[3364,93428071565139.mockFlowFile,24B] to original
[main] DEBUG org.apache.nifi.processors.standard.RouteText - RouteText[id=24e84634-fdfb-4a8b-87b3-8cb3253f4f09] Adding new dynamic property: PropertyDescriptor[simple]
[pool-4005-thread-1] INFO org.apache.nifi.processors.standard.RouteText - RouteText[id=24e84634-fdfb-4a8b-87b3-8cb3253f4f09] Created FlowFile[3367,93428072126836.mockFlowFile,24B] from FlowFile[3366,93428072126836.mockFlowFile,24B]; routing to relationship simple
[pool-4005-thread-1] INFO org.apache.nifi.processors.standard.RouteText - RouteText[id=24e84634-fdfb-4a8b-87b3-8cb3253f4f09] Routing FlowFile[3366,93428072126836.mockFlowFile,24B] to original
[main] DEBUG org.apache.nifi.processors.standard.RouteText - RouteText[id=24e84634-fdfb-4a8b-87b3-8cb3253f4f09] Adding new dynamic property: PropertyDescriptor[simple]
[pool-4006-thread-1] INFO org.apache.nifi.processors.standard.RouteText - RouteText[id=24e84634-fdfb-4a8b-87b3-8cb3253f4f09] Created FlowFile[3369,93428072690821.mockFlowFile,24B] from FlowFile[3368,93428072690821.mockFlowFile,24B]; routing to relationship simple
[pool-4006-thread-1] INFO org.apache.nifi.processors.standard.RouteText - RouteText[id=24e84634-fdfb-4a8b-87b3-8cb3253f4f09] Routing FlowFile[3368,93428072690821.mockFlowFile,24B] to original
[main] DEBUG org.apache.nifi.processors.standard.RouteText - RouteText[id=24e84634-fdfb-4a8b-87b3-8cb3253f4f09] Adding new dynamic property: PropertyDescriptor[simple]
[pool-4007-thread-1] INFO org.apache.nifi.processors.standard.RouteText - RouteText[id=24e84634-fdfb-4a8b-87b3-8cb3253f4f09] Created FlowFile[3371,93428073182964.mockFlowFile,24B] from FlowFile[3370,93428073182964.mockFlowFile,24B]; routing to relationship simple
[pool-4007-thread-1] INFO org.apache.nifi.processors.standard.RouteText - RouteText[id=24e84634-fdfb-4a8b-87b3-8cb3253f4f09] Routing FlowFile[3370,93428073182964.mockFlowFile,24B] to original
[main] DEBUG org.apache.nifi.processors.standard.RouteText - RouteText[id=24e84634-fdfb-4a8b-87b3-8cb3253f4f09] Adding new dynamic property: PropertyDescriptor[simple]
[pool-4008-thread-1] INFO org.apache.nifi.processors.standard.RouteText - RouteText[id=24e84634-fdfb-4a8b-87b3-8cb3253f4f09] Created FlowFile[3373,93428073661572.mockFlowFile,24B] from FlowFile[3372,93428073661572.mockFlowFile,24B]; routing to relationship simple
[pool-4008-thread-1] INFO org.apache.nifi.processors.standard.RouteText - RouteText[id=24e84634-fdfb-4a8b-87b3-8cb3253f4f09] Routing FlowFile[3372,93428073661572.mockFlowFile,24B] to original
[main] DEBUG org.apache.nifi.processors.standard.RouteText - RouteText[id=24e84634-fdfb-4a8b-87b3-8cb3253f4f09] Adding new dynamic property: PropertyDescriptor[simple]
[pool-4009-thread-1] INFO org.apache.nifi.processors.standard.RouteText - RouteText[id=24e84634-fdfb-4a8b-87b3-8cb3253f4f09] Created FlowFile[3375,93428074118803.mockFlowFile,24B] from FlowFile[3374,93428074118803.mockFlowFile,24B]; routing to relationship simple
[pool-4009-thread-1] INFO org.apache.nifi.processors.standard.RouteText - RouteText[id=24e84634-fdfb-4a8b-87b3-8cb3253f4f09] Routing FlowFile[3374,93428074118803.mockFlowFile,24B] to original
[main] DEBUG org.apache.nifi.processors.standard.RouteText - RouteText[id=24e84634-fdfb-4a8b-87b3-8cb3253f4f09] Adding new dynamic property: PropertyDescriptor[simple]
[pool-4010-thread-1] INFO org.apache.nifi.processors.standard.RouteText - RouteText[id=24e84634-fdfb-4a8b-87b3-8cb3253f4f09] Created FlowFile[3377,93428074546033.mockFlowFile,24B] from FlowFile[3376,93428074546033.mockFlowFile,24B]; routing to relationship simple
[pool-4010-thread-1] INFO org.apache.nifi.processors.standard.RouteText - RouteText[id=24e84634-fdfb-4a8b-87b3-8cb3253f4f09] Routing FlowFile[3376,93428074546033.mockFlowFile,24B] to original
[main] DEBUG org.apache.nifi.processors.standard.RouteText - RouteText[id=24e84634-fdfb-4a8b-87b3-8cb3253f4f09] Adding new dynamic property: PropertyDescriptor[simple]
[pool-4011-thread-1] INFO org.apache.nifi.processors.standard.RouteText - RouteText[id=24e84634-fdfb-4a8b-87b3-8cb3253f4f09] Created FlowFile[3379,93428075004463.mockFlowFile,24B] from FlowFile[3378,93428075004463.mockFlowFile,24B]; routing to relationship simple
[pool-4011-thread-1] INFO org.apache.nifi.processors.standard.RouteText - RouteText[id=24e84634-fdfb-4a8b-87b3-8cb3253f4f09] Routing FlowFile[3378,93428075004463.mockFlowFile,24B] to original
[main] DEBUG org.apache.nifi.processors.standard.RouteText - RouteText[id=24e84634-fdfb-4a8b-87b3-8cb3253f4f09] Adding new dynamic property: PropertyDescriptor[simple]
[pool-4012-thread-1] INFO org.apache.nifi.processors.standard.RouteText - RouteText[id=24e84634-fdfb-4a8b-87b3-8cb3253f4f09] Created FlowFile[3381,93428075452245.mockFlowFile,24B] from FlowFile[3380,93428075452245.mockFlowFile,24B]; routing to relationship simple
[pool-4012-thread-1] INFO org.apache.nifi.processors.standard.RouteText - RouteText[id=24e84634-fdfb-4a8b-87b3-8cb3253f4f09] Routing FlowFile[3380,93428075452245.mockFlowFile,24B] to original
[main] DEBUG org.apache.nifi.processors.standard.RouteText - RouteText[id=24e84634-fdfb-4a8b-87b3-8cb3253f4f09] Adding new dynamic property: PropertyDescriptor[simple]
[pool-4013-thread-1] INFO org.apache.nifi.processors.standard.RouteText - RouteText[id=24e84634-fdfb-4a8b-87b3-8cb3253f4f09] Created FlowFile[3383,93428075909161.mockFlowFile,24B] from FlowFile[3382,93428075909161.mockFlowFile,24B]; routing to relationship simple
[pool-4013-thread-1] INFO org.apache.nifi.processors.standard.RouteText - RouteText[id=24e84634-fdfb-4a8b-87b3-8cb3253f4f09] Routing FlowFile[3382,93428075909161.mockFlowFile,24B] to original
[main] DEBUG org.apache.nifi.processors.standard.RouteText - RouteText[id=24e84634-fdfb-4a8b-87b3-8cb3253f4f09] Adding new dynamic property: PropertyDescriptor[simple]
[pool-4014-thread-1] INFO org.apache.nifi.processors.standard.RouteText - RouteText[id=24e84634-fdfb-4a8b-87b3-8cb3253f4f09] Created FlowFile[3385,93428076360445.mockFlowFile,24B] from FlowFile[3384,93428076360445.mockFlowFile,24B]; routing to relationship simple
[pool-4014-thread-1] INFO org.apache.nifi.processors.standard.RouteText - RouteText[id=24e84634-fdfb-4a8b-87b3-8cb3253f4f09] Routing FlowFile[3384,93428076360445.mockFlowFile,24B] to original
[main] DEBUG org.apache.nifi.processors.standard.RouteText - RouteText[id=24e84634-fdfb-4a8b-87b3-8cb3253f4f09] Adding new dynamic property: PropertyDescriptor[simple]
[pool-4015-thread-1] INFO org.apache.nifi.processors.standard.RouteText - RouteText[id=24e84634-fdfb-4a8b-87b3-8cb3253f4f09] Created FlowFile[3387,93428076814965.mockFlowFile,24B] from FlowFile[3386,93428076814965.mockFlowFile,24B]; routing to relationship simple
[pool-4015-thread-1] INFO org.apache.nifi.processors.standard.RouteText - RouteText[id=24e84634-fdfb-4a8b-87b3-8cb3253f4f09] Routing FlowFile[3386,93428076814965.mockFlowFile,24B] to original
[main] DEBUG org.apache.nifi.processors.standard.RouteText - RouteText[id=24e84634-fdfb-4a8b-87b3-8cb3253f4f09] Adding new dynamic property: PropertyDescriptor[simple]
[pool-4016-thread-1] INFO org.apache.nifi.processors.standard.RouteText - RouteText[id=24e84634-fdfb-4a8b-87b3-8cb3253f4f09] Created FlowFile[3389,93428077265576.mockFlowFile,24B] from FlowFile[3388,93428077265576.mockFlowFile,24B]; routing to relationship simple
[pool-4016-thread-1] INFO org.apache.nifi.processors.standard.RouteText - RouteText[id=24e84634-fdfb-4a8b-87b3-8cb3253f4f09] Routing FlowFile[3388,93428077265576.mockFlowFile,24B] to original
[main] DEBUG org.apache.nifi.processors.standard.RouteText - RouteText[id=24e84634-fdfb-4a8b-87b3-8cb3253f4f09] Adding new dynamic property: PropertyDescriptor[simple]
[pool-4017-thread-1] INFO org.apache.nifi.processors.standard.RouteText - RouteText[id=24e84634-fdfb-4a8b-87b3-8cb3253f4f09] Created FlowFile[3391,93428077701735.mockFlowFile,24B] from FlowFile[3390,93428077701735.mockFlowFile,24B]; routing to relationship simple
[pool-4017-thread-1] INFO org.apache.nifi.processors.standard.RouteText - RouteText[id=24e84634-fdfb-4a8b-87b3-8cb3253f4f09] Routing FlowFile[3390,93428077701735.mockFlowFile,24B] to original
[main] DEBUG org.apache.nifi.processors.standard.RouteText - RouteText[id=24e84634-fdfb-4a8b-87b3-8cb3253f4f09] Adding new dynamic property: PropertyDescriptor[simple]
[pool-4018-thread-1] INFO org.apache.nifi.processors.standard.RouteText - RouteText[id=24e84634-fdfb-4a8b-87b3-8cb3253f4f09] Created FlowFile[3393,93428078134244.mockFlowFile,24B] from FlowFile[3392,93428078134244.mockFlowFile,24B]; routing to relationship simple
[pool-4018-thread-1] INFO org.apache.nifi.processors.standard.RouteText - RouteText[id=24e84634-fdfb-4a8b-87b3-8cb3253f4f09] Routing FlowFile[3392,93428078134244.mockFlowFile,24B] to original
[main] DEBUG org.apache.nifi.processors.standard.RouteText - RouteText[id=24e84634-fdfb-4a8b-87b3-8cb3253f4f09] Adding new dynamic property: PropertyDescriptor[simple]
[pool-4019-thread-1] INFO org.apache.nifi.processors.standard.RouteText - RouteText[id=24e84634-fdfb-4a8b-87b3-8cb3253f4f09] Created FlowFile[3395,93428078591171.mockFlowFile,24B] from FlowFile[3394,93428078591171.mockFlowFile,24B]; routing to relationship simple
[pool-4019-thread-1] INFO org.apache.nifi.processors.standard.RouteText - RouteText[id=24e84634-fdfb-4a8b-87b3-8cb3253f4f09] Routing FlowFile[3394,93428078591171.mockFlowFile,24B] to original
[main] DEBUG org.apache.nifi.processors.standard.RouteText - RouteText[id=24e84634-fdfb-4a8b-87b3-8cb3253f4f09] Adding new dynamic property: PropertyDescriptor[simple]
[pool-4020-thread-1] INFO org.apache.nifi.processors.standard.RouteText - RouteText[id=24e84634-fdfb-4a8b-87b3-8cb3253f4f09] Created FlowFile[3397,93428079025955.mockFlowFile,24B] from FlowFile[3396,93428079025955.mockFlowFile,24B]; routing to relationship simple
[pool-4020-thread-1] INFO org.apache.nifi.processors.standard.RouteText - RouteText[id=24e84634-fdfb-4a8b-87b3-8cb3253f4f09] Routing FlowFile[3396,93428079025955.mockFlowFile,24B] to original
[main] DEBUG org.apache.nifi.processors.standard.RouteText - RouteText[id=24e84634-fdfb-4a8b-87b3-8cb3253f4f09] Adding new dynamic property: PropertyDescriptor[simple]
[pool-4021-thread-1] INFO org.apache.nifi.processors.standard.RouteText - RouteText[id=24e84634-fdfb-4a8b-87b3-8cb3253f4f09] Created FlowFile[3399,93428079480303.mockFlowFile,24B] from FlowFile[3398,93428079480303.mockFlowFile,24B]; routing to relationship simple
[pool-4021-thread-1] INFO org.apache.nifi.processors.standard.RouteText - RouteText[id=24e84634-fdfb-4a8b-87b3-8cb3253f4f09] Routing FlowFile[3398,93428079480303.mockFlowFile,24B] to original
[main] DEBUG org.apache.nifi.processors.standard.RouteText - RouteText[id=24e84634-fdfb-4a8b-87b3-8cb3253f4f09] Adding new dynamic property: PropertyDescriptor[simple]
[pool-4022-thread-1] INFO org.apache.nifi.processors.standard.RouteText - RouteText[id=24e84634-fdfb-4a8b-87b3-8cb3253f4f09] Created FlowFile[3401,93428079922570.mockFlowFile,24B] from FlowFile[3400,93428079922570.mockFlowFile,24B]; routing to relationship simple
[pool-4022-thread-1] INFO org.apache.nifi.processors.standard.RouteText - RouteText[id=24e84634-fdfb-4a8b-87b3-8cb3253f4f09] Routing FlowFile[3400,93428079922570.mockFlowFile,24B] to original
[main] DEBUG org.apache.nifi.processors.standard.RouteText - RouteText[id=24e84634-fdfb-4a8b-87b3-8cb3253f4f09] Adding new dynamic property: PropertyDescriptor[simple]
[pool-4023-thread-1] INFO org.apache.nifi.processors.standard.RouteText - RouteText[id=24e84634-fdfb-4a8b-87b3-8cb3253f4f09] Created FlowFile[3403,93428080433982.mockFlowFile,24B] from FlowFile[3402,93428080433982.mockFlowFile,24B]; routing to relationship simple
[pool-4023-thread-1] INFO org.apache.nifi.processors.standard.RouteText - RouteText[id=24e84634-fdfb-4a8b-87b3-8cb3253f4f09] Routing FlowFile[3402,93428080433982.mockFlowFile,24B] to original
[main] DEBUG org.apache.nifi.processors.standard.RouteText - RouteText[id=24e84634-fdfb-4a8b-87b3-8cb3253f4f09] Adding new dynamic property: PropertyDescriptor[simple]
[pool-4024-thread-1] INFO org.apache.nifi.processors.standard.RouteText - RouteText[id=24e84634-fdfb-4a8b-87b3-8cb3253f4f09] Created FlowFile[3405,93428080889048.mockFlowFile,24B] from FlowFile[3404,93428080889048.mockFlowFile,24B]; routing to relationship simple
[pool-4024-thread-1] INFO org.apache.nifi.processors.standard.RouteText - RouteText[id=24e84634-fdfb-4a8b-87b3-8cb3253f4f09] Routing FlowFile[3404,93428080889048.mockFlowFile,24B] to original
[main] DEBUG org.apache.nifi.processors.standard.RouteText - RouteText[id=24e84634-fdfb-4a8b-87b3-8cb3253f4f09] Adding new dynamic property: PropertyDescriptor[simple]
[pool-4025-thread-1] INFO org.apache.nifi.processors.standard.RouteText - RouteText[id=24e84634-fdfb-4a8b-87b3-8cb3253f4f09] Created FlowFile[3407,93428081337463.mockFlowFile,24B] from FlowFile[3406,93428081337463.mockFlowFile,24B]; routing to relationship simple
[pool-4025-thread-1] INFO org.apache.nifi.processors.standard.RouteText - RouteText[id=24e84634-fdfb-4a8b-87b3-8cb3253f4f09] Routing FlowFile[3406,93428081337463.mockFlowFile,24B] to original
[main] DEBUG org.apache.nifi.processors.standard.RouteText - RouteText[id=24e84634-fdfb-4a8b-87b3-8cb3253f4f09] Adding new dynamic property: PropertyDescriptor[simple]
[pool-4026-thread-1] INFO org.apache.nifi.processors.standard.RouteText - RouteText[id=24e84634-fdfb-4a8b-87b3-8cb3253f4f09] Created FlowFile[3409,93428081824650.mockFlowFile,24B] from FlowFile[3408,93428081824650.mockFlowFile,24B]; routing to relationship simple
[pool-4026-thread-1] INFO org.apache.nifi.processors.standard.RouteText - RouteText[id=24e84634-fdfb-4a8b-87b3-8cb3253f4f09] Routing FlowFile[3408,93428081824650.mockFlowFile,24B] to original
[main] DEBUG org.apache.nifi.processors.standard.RouteText - RouteText[id=24e84634-fdfb-4a8b-87b3-8cb3253f4f09] Adding new dynamic property: PropertyDescriptor[simple]
[pool-4027-thread-1] INFO org.apache.nifi.processors.standard.RouteText - RouteText[id=24e84634-fdfb-4a8b-87b3-8cb3253f4f09] Created FlowFile[3411,93428082283996.mockFlowFile,24B] from FlowFile[3410,93428082283996.mockFlowFile,24B]; routing to relationship simple
[pool-4027-thread-1] INFO org.apache.nifi.processors.standard.RouteText - RouteText[id=24e84634-fdfb-4a8b-87b3-8cb3253f4f09] Routing FlowFile[3410,93428082283996.mockFlowFile,24B] to original
[main] DEBUG org.apache.nifi.processors.standard.RouteText - RouteText[id=24e84634-fdfb-4a8b-87b3-8cb3253f4f09] Adding new dynamic property: PropertyDescriptor[simple]
[pool-4028-thread-1] INFO org.apache.nifi.processors.standard.RouteText - RouteText[id=24e84634-fdfb-4a8b-87b3-8cb3253f4f09] Created FlowFile[3413,93428082728943.mockFlowFile,24B] from FlowFile[3412,93428082728943.mockFlowFile,24B]; routing to relationship simple
[pool-4028-thread-1] INFO org.apache.nifi.processors.standard.RouteText - RouteText[id=24e84634-fdfb-4a8b-87b3-8cb3253f4f09] Routing FlowFile[3412,93428082728943.mockFlowFile,24B] to original
[main] DEBUG org.apache.nifi.processors.standard.RouteText - RouteText[id=24e84634-fdfb-4a8b-87b3-8cb3253f4f09] Adding new dynamic property: PropertyDescriptor[simple]
[pool-4029-thread-1] INFO org.apache.nifi.processors.standard.RouteText - RouteText[id=24e84634-fdfb-4a8b-87b3-8cb3253f4f09] Created FlowFile[3415,93428083186366.mockFlowFile,24B] from FlowFile[3414,93428083186366.mockFlowFile,24B]; routing to relationship simple
[pool-4029-thread-1] INFO org.apache.nifi.processors.standard.RouteText - RouteText[id=24e84634-fdfb-4a8b-87b3-8cb3253f4f09] Routing FlowFile[3414,93428083186366.mockFlowFile,24B] to original
[main] DEBUG org.apache.nifi.processors.standard.RouteText - RouteText[id=24e84634-fdfb-4a8b-87b3-8cb3253f4f09] Adding new dynamic property: PropertyDescriptor[simple]
[pool-4030-thread-1] INFO org.apache.nifi.processors.standard.RouteText - RouteText[id=24e84634-fdfb-4a8b-87b3-8cb3253f4f09] Created FlowFile[3417,93428083641750.mockFlowFile,24B] from FlowFile[3416,93428083641750.mockFlowFile,24B]; routing to relationship simple
[pool-4030-thread-1] INFO org.apache.nifi.processors.standard.RouteText - RouteText[id=24e84634-fdfb-4a8b-87b3-8cb3253f4f09] Routing FlowFile[3416,93428083641750.mockFlowFile,24B] to original
[main] DEBUG org.apache.nifi.processors.standard.RouteText - RouteText[id=24e84634-fdfb-4a8b-87b3-8cb3253f4f09] Adding new dynamic property: PropertyDescriptor[simple]
[pool-4031-thread-1] INFO org.apache.nifi.processors.standard.RouteText - RouteText[id=24e84634-fdfb-4a8b-87b3-8cb3253f4f09] Created FlowFile[3419,93428084158758.mockFlowFile,24B] from FlowFile[3418,93428084158758.mockFlowFile,24B]; routing to relationship simple
[pool-4031-thread-1] INFO org.apache.nifi.processors.standard.RouteText - RouteText[id=24e84634-fdfb-4a8b-87b3-8cb3253f4f09] Routing FlowFile[3418,93428084158758.mockFlowFile,24B] to original
[main] DEBUG org.apache.nifi.processors.standard.RouteText - RouteText[id=24e84634-fdfb-4a8b-87b3-8cb3253f4f09] Adding new dynamic property: PropertyDescriptor[simple]
[pool-4032-thread-1] INFO org.apache.nifi.processors.standard.RouteText - RouteText[id=24e84634-fdfb-4a8b-87b3-8cb3253f4f09] Created FlowFile[3421,93428084637049.mockFlowFile,24B] from FlowFile[3420,93428084637049.mockFlowFile,24B]; routing to relationship simple
[pool-4032-thread-1] INFO org.apache.nifi.processors.standard.RouteText - RouteText[id=24e84634-fdfb-4a8b-87b3-8cb3253f4f09] Routing FlowFile[3420,93428084637049.mockFlowFile,24B] to original
[main] DEBUG org.apache.nifi.processors.standard.RouteText - RouteText[id=24e84634-fdfb-4a8b-87b3-8cb3253f4f09] Adding new dynamic property: PropertyDescriptor[simple]
[pool-4033-thread-1] INFO org.apache.nifi.processors.standard.RouteText - RouteText[id=24e84634-fdfb-4a8b-87b3-8cb3253f4f09] Created FlowFile[3423,93428085117625.mockFlowFile,24B] from FlowFile[3422,93428085117625.mockFlowFile,24B]; routing to relationship simple
[pool-4033-thread-1] INFO org.apache.nifi.processors.standard.RouteText - RouteText[id=24e84634-fdfb-4a8b-87b3-8cb3253f4f09] Routing FlowFile[3422,93428085117625.mockFlowFile,24B] to original
[main] DEBUG org.apache.nifi.processors.standard.RouteText - RouteText[id=24e84634-fdfb-4a8b-87b3-8cb3253f4f09] Adding new dynamic property: PropertyDescriptor[simple]
[pool-4034-thread-1] INFO org.apache.nifi.processors.standard.RouteText - RouteText[id=24e84634-fdfb-4a8b-87b3-8cb3253f4f09] Created FlowFile[3425,93428085578810.mockFlowFile,24B] from FlowFile[3424,93428085578810.mockFlowFile,24B]; routing to relationship simple
[pool-4034-thread-1] INFO org.apache.nifi.processors.standard.RouteText - RouteText[id=24e84634-fdfb-4a8b-87b3-8cb3253f4f09] Routing FlowFile[3424,93428085578810.mockFlowFile,24B] to original
[main] DEBUG org.apache.nifi.processors.standard.RouteText - RouteText[id=24e84634-fdfb-4a8b-87b3-8cb3253f4f09] Adding new dynamic property: PropertyDescriptor[simple]
[pool-4035-thread-1] INFO org.apache.nifi.processors.standard.RouteText - RouteText[id=24e84634-fdfb-4a8b-87b3-8cb3253f4f09] Created FlowFile[3427,93428086032264.mockFlowFile,24B] from FlowFile[3426,93428086032264.mockFlowFile,24B]; routing to relationship simple
[pool-4035-thread-1] INFO org.apache.nifi.processors.standard.RouteText - RouteText[id=24e84634-fdfb-4a8b-87b3-8cb3253f4f09] Routing FlowFile[3426,93428086032264.mockFlowFile,24B] to original
[main] DEBUG org.apache.nifi.processors.standard.RouteText - RouteText[id=24e84634-fdfb-4a8b-87b3-8cb3253f4f09] Adding new dynamic property: PropertyDescriptor[simple]
[pool-4036-thread-1] INFO org.apache.nifi.processors.standard.RouteText - RouteText[id=24e84634-fdfb-4a8b-87b3-8cb3253f4f09] Created FlowFile[3429,93428086484962.mockFlowFile,24B] from FlowFile[3428,93428086484962.mockFlowFile,24B]; routing to relationship simple
[pool-4036-thread-1] INFO org.apache.nifi.processors.standard.RouteText - RouteText[id=24e84634-fdfb-4a8b-87b3-8cb3253f4f09] Routing FlowFile[3428,93428086484962.mockFlowFile,24B] to original
[main] DEBUG org.apache.nifi.processors.standard.RouteText - RouteText[id=24e84634-fdfb-4a8b-87b3-8cb3253f4f09] Adding new dynamic property: PropertyDescriptor[simple]
[pool-4037-thread-1] INFO org.apache.nifi.processors.standard.RouteText - RouteText[id=24e84634-fdfb-4a8b-87b3-8cb3253f4f09] Created FlowFile[3431,93428086915183.mockFlowFile,24B] from FlowFile[3430,93428086915183.mockFlowFile,24B]; routing to relationship simple
[pool-4037-thread-1] INFO org.apache.nifi.processors.standard.RouteText - RouteText[id=24e84634-fdfb-4a8b-87b3-8cb3253f4f09] Routing FlowFile[3430,93428086915183.mockFlowFile,24B] to original
[main] DEBUG org.apache.nifi.processors.standard.RouteText - RouteText[id=24e84634-fdfb-4a8b-87b3-8cb3253f4f09] Adding new dynamic property: PropertyDescriptor[simple]
[pool-4038-thread-1] INFO org.apache.nifi.processors.standard.RouteText - RouteText[id=24e84634-fdfb-4a8b-87b3-8cb3253f4f09] Created FlowFile[3433,93428087409372.mockFlowFile,24B] from FlowFile[3432,93428087409372.mockFlowFile,24B]; routing to relationship simple
[pool-4038-thread-1] INFO org.apache.nifi.processors.standard.RouteText - RouteText[id=24e84634-fdfb-4a8b-87b3-8cb3253f4f09] Routing FlowFile[3432,93428087409372.mockFlowFile,24B] to original
[main] DEBUG org.apache.nifi.processors.standard.RouteText - RouteText[id=24e84634-fdfb-4a8b-87b3-8cb3253f4f09] Adding new dynamic property: PropertyDescriptor[simple]
[pool-4039-thread-1] INFO org.apache.nifi.processors.standard.RouteText - RouteText[id=24e84634-fdfb-4a8b-87b3-8cb3253f4f09] Created FlowFile[3435,93428087869343.mockFlowFile,24B] from FlowFile[3434,93428087869343.mockFlowFile,24B]; routing to relationship simple
[pool-4039-thread-1] INFO org.apache.nifi.processors.standard.RouteText - RouteText[id=24e84634-fdfb-4a8b-87b3-8cb3253f4f09] Routing FlowFile[3434,93428087869343.mockFlowFile,24B] to original
[main] DEBUG org.apache.nifi.processors.standard.RouteText - RouteText[id=24e84634-fdfb-4a8b-87b3-8cb3253f4f09] Adding new dynamic property: PropertyDescriptor[simple]
[pool-4040-thread-1] INFO org.apache.nifi.processors.standard.RouteText - RouteText[id=24e84634-fdfb-4a8b-87b3-8cb3253f4f09] Created FlowFile[3437,93428088356917.mockFlowFile,24B] from FlowFile[3436,93428088356917.mockFlowFile,24B]; routing to relationship simple
[pool-4040-thread-1] INFO org.apache.nifi.processors.standard.RouteText - RouteText[id=24e84634-fdfb-4a8b-87b3-8cb3253f4f09] Routing FlowFile[3436,93428088356917.mockFlowFile,24B] to original
[main] DEBUG org.apache.nifi.processors.standard.RouteText - RouteText[id=24e84634-fdfb-4a8b-87b3-8cb3253f4f09] Adding new dynamic property: PropertyDescriptor[simple]
[pool-4041-thread-1] INFO org.apache.nifi.processors.standard.RouteText - RouteText[id=24e84634-fdfb-4a8b-87b3-8cb3253f4f09] Created FlowFile[3439,93428088829319.mockFlowFile,24B] from FlowFile[3438,93428088829319.mockFlowFile,24B]; routing to relationship simple
[pool-4041-thread-1] INFO org.apache.nifi.processors.standard.RouteText - RouteText[id=24e84634-fdfb-4a8b-87b3-8cb3253f4f09] Routing FlowFile[3438,93428088829319.mockFlowFile,24B] to original
[main] DEBUG org.apache.nifi.processors.standard.RouteText - RouteText[id=24e84634-fdfb-4a8b-87b3-8cb3253f4f09] Adding new dynamic property: PropertyDescriptor[simple]
[pool-4042-thread-1] INFO org.apache.nifi.processors.standard.RouteText - RouteText[id=24e84634-fdfb-4a8b-87b3-8cb3253f4f09] Created FlowFile[3441,93428089307519.mockFlowFile,24B] from FlowFile[3440,93428089307519.mockFlowFile,24B]; routing to relationship simple
[pool-4042-thread-1] INFO org.apache.nifi.processors.standard.RouteText - RouteText[id=24e84634-fdfb-4a8b-87b3-8cb3253f4f09] Routing FlowFile[3440,93428089307519.mockFlowFile,24B] to original
[main] DEBUG org.apache.nifi.processors.standard.RouteText - RouteText[id=24e84634-fdfb-4a8b-87b3-8cb3253f4f09] Adding new dynamic property: PropertyDescriptor[simple]
[pool-4043-thread-1] INFO org.apache.nifi.processors.standard.RouteText - RouteText[id=24e84634-fdfb-4a8b-87b3-8cb3253f4f09] Created FlowFile[3443,93428089777051.mockFlowFile,24B] from FlowFile[3442,93428089777051.mockFlowFile,24B]; routing to relationship simple
[pool-4043-thread-1] INFO org.apache.nifi.processors.standard.RouteText - RouteText[id=24e84634-fdfb-4a8b-87b3-8cb3253f4f09] Routing FlowFile[3442,93428089777051.mockFlowFile,24B] to original
[main] DEBUG org.apache.nifi.processors.standard.RouteText - RouteText[id=24e84634-fdfb-4a8b-87b3-8cb3253f4f09] Adding new dynamic property: PropertyDescriptor[simple]
[pool-4044-thread-1] INFO org.apache.nifi.processors.standard.RouteText - RouteText[id=24e84634-fdfb-4a8b-87b3-8cb3253f4f09] Created FlowFile[3445,93428090232841.mockFlowFile,24B] from FlowFile[3444,93428090232841.mockFlowFile,24B]; routing to relationship simple
[pool-4044-thread-1] INFO org.apache.nifi.processors.standard.RouteText - RouteText[id=24e84634-fdfb-4a8b-87b3-8cb3253f4f09] Routing FlowFile[3444,93428090232841.mockFlowFile,24B] to original
[main] DEBUG org.apache.nifi.processors.standard.RouteText - RouteText[id=24e84634-fdfb-4a8b-87b3-8cb3253f4f09] Adding new dynamic property: PropertyDescriptor[simple]
[pool-4045-thread-1] INFO org.apache.nifi.processors.standard.RouteText - RouteText[id=24e84634-fdfb-4a8b-87b3-8cb3253f4f09] Created FlowFile[3447,93428090870501.mockFlowFile,24B] from FlowFile[3446,93428090870501.mockFlowFile,24B]; routing to relationship simple
[pool-4045-thread-1] INFO org.apache.nifi.processors.standard.RouteText - RouteText[id=24e84634-fdfb-4a8b-87b3-8cb3253f4f09] Routing FlowFile[3446,93428090870501.mockFlowFile,24B] to original
[main] DEBUG org.apache.nifi.processors.standard.RouteText - RouteText[id=24e84634-fdfb-4a8b-87b3-8cb3253f4f09] Adding new dynamic property: PropertyDescriptor[simple]
[pool-4046-thread-1] INFO org.apache.nifi.processors.standard.RouteText - RouteText[id=24e84634-fdfb-4a8b-87b3-8cb3253f4f09] Created FlowFile[3449,93428091357461.mockFlowFile,24B] from FlowFile[3448,93428091357461.mockFlowFile,24B]; routing to relationship simple
[pool-4046-thread-1] INFO org.apache.nifi.processors.standard.RouteText - RouteText[id=24e84634-fdfb-4a8b-87b3-8cb3253f4f09] Routing FlowFile[3448,93428091357461.mockFlowFile,24B] to original
[main] DEBUG org.apache.nifi.processors.standard.RouteText - RouteText[id=24e84634-fdfb-4a8b-87b3-8cb3253f4f09] Adding new dynamic property: PropertyDescriptor[simple]
[pool-4047-thread-1] INFO org.apache.nifi.processors.standard.RouteText - RouteText[id=24e84634-fdfb-4a8b-87b3-8cb3253f4f09] Created FlowFile[3451,93428091841393.mockFlowFile,24B] from FlowFile[3450,93428091841393.mockFlowFile,24B]; routing to relationship simple
[pool-4047-thread-1] INFO org.apache.nifi.processors.standard.RouteText - RouteText[id=24e84634-fdfb-4a8b-87b3-8cb3253f4f09] Routing FlowFile[3450,93428091841393.mockFlowFile,24B] to original
[main] DEBUG org.apache.nifi.processors.standard.RouteText - RouteText[id=24e84634-fdfb-4a8b-87b3-8cb3253f4f09] Adding new dynamic property: PropertyDescriptor[simple]
[pool-4048-thread-1] INFO org.apache.nifi.processors.standard.RouteText - RouteText[id=24e84634-fdfb-4a8b-87b3-8cb3253f4f09] Created FlowFile[3453,93428092334910.mockFlowFile,24B] from FlowFile[3452,93428092334910.mockFlowFile,24B]; routing to relationship simple
[pool-4048-thread-1] INFO org.apache.nifi.processors.standard.RouteText - RouteText[id=24e84634-fdfb-4a8b-87b3-8cb3253f4f09] Routing FlowFile[3452,93428092334910.mockFlowFile,24B] to original
[main] DEBUG org.apache.nifi.processors.standard.RouteText - RouteText[id=24e84634-fdfb-4a8b-87b3-8cb3253f4f09] Adding new dynamic property: PropertyDescriptor[simple]
[pool-4049-thread-1] INFO org.apache.nifi.processors.standard.RouteText - RouteText[id=24e84634-fdfb-4a8b-87b3-8cb3253f4f09] Created FlowFile[3455,93428092813418.mockFlowFile,24B] from FlowFile[3454,93428092813418.mockFlowFile,24B]; routing to relationship simple
[pool-4049-thread-1] INFO org.apache.nifi.processors.standard.RouteText - RouteText[id=24e84634-fdfb-4a8b-87b3-8cb3253f4f09] Routing FlowFile[3454,93428092813418.mockFlowFile,24B] to original
[main] DEBUG org.apache.nifi.processors.standard.RouteText - RouteText[id=24e84634-fdfb-4a8b-87b3-8cb3253f4f09] Adding new dynamic property: PropertyDescriptor[simple]
[pool-4050-thread-1] INFO org.apache.nifi.processors.standard.RouteText - RouteText[id=24e84634-fdfb-4a8b-87b3-8cb3253f4f09] Created FlowFile[3457,93428093279843.mockFlowFile,24B] from FlowFile[3456,93428093279843.mockFlowFile,24B]; routing to relationship simple
[pool-4050-thread-1] INFO org.apache.nifi.processors.standard.RouteText - RouteText[id=24e84634-fdfb-4a8b-87b3-8cb3253f4f09] Routing FlowFile[3456,93428093279843.mockFlowFile,24B] to original
[main] DEBUG org.apache.nifi.processors.standard.RouteText - RouteText[id=24e84634-fdfb-4a8b-87b3-8cb3253f4f09] Adding new dynamic property: PropertyDescriptor[simple]
[pool-4051-thread-1] INFO org.apache.nifi.processors.standard.RouteText - RouteText[id=24e84634-fdfb-4a8b-87b3-8cb3253f4f09] Created FlowFile[3459,93428093741846.mockFlowFile,24B] from FlowFile[3458,93428093741846.mockFlowFile,24B]; routing to relationship simple
[pool-4051-thread-1] INFO org.apache.nifi.processors.standard.RouteText - RouteText[id=24e84634-fdfb-4a8b-87b3-8cb3253f4f09] Routing FlowFile[3458,93428093741846.mockFlowFile,24B] to original
[main] DEBUG org.apache.nifi.processors.standard.RouteText - RouteText[id=24e84634-fdfb-4a8b-87b3-8cb3253f4f09] Adding new dynamic property: PropertyDescriptor[simple]
[pool-4052-thread-1] INFO org.apache.nifi.processors.standard.RouteText - RouteText[id=24e84634-fdfb-4a8b-87b3-8cb3253f4f09] Created FlowFile[3461,93428094199401.mockFlowFile,24B] from FlowFile[3460,93428094199401.mockFlowFile,24B]; routing to relationship simple
[pool-4052-thread-1] INFO org.apache.nifi.processors.standard.RouteText - RouteText[id=24e84634-fdfb-4a8b-87b3-8cb3253f4f09] Routing FlowFile[3460,93428094199401.mockFlowFile,24B] to original
[main] DEBUG org.apache.nifi.processors.standard.RouteText - RouteText[id=24e84634-fdfb-4a8b-87b3-8cb3253f4f09] Adding new dynamic property: PropertyDescriptor[simple]
[pool-4053-thread-1] INFO org.apache.nifi.processors.standard.RouteText - RouteText[id=24e84634-fdfb-4a8b-87b3-8cb3253f4f09] Created FlowFile[3463,93428094828917.mockFlowFile,24B] from FlowFile[3462,93428094828917.mockFlowFile,24B]; routing to relationship simple
[pool-4053-thread-1] INFO org.apache.nifi.processors.standard.RouteText - RouteText[id=24e84634-fdfb-4a8b-87b3-8cb3253f4f09] Routing FlowFile[3462,93428094828917.mockFlowFile,24B] to original
[main] DEBUG org.apache.nifi.processors.standard.RouteText - RouteText[id=24e84634-fdfb-4a8b-87b3-8cb3253f4f09] Adding new dynamic property: PropertyDescriptor[simple]
[pool-4054-thread-1] INFO org.apache.nifi.processors.standard.RouteText - RouteText[id=24e84634-fdfb-4a8b-87b3-8cb3253f4f09] Created FlowFile[3465,93428095312892.mockFlowFile,24B] from FlowFile[3464,93428095312892.mockFlowFile,24B]; routing to relationship simple
[pool-4054-thread-1] INFO org.apache.nifi.processors.standard.RouteText - RouteText[id=24e84634-fdfb-4a8b-87b3-8cb3253f4f09] Routing FlowFile[3464,93428095312892.mockFlowFile,24B] to original
[main] DEBUG org.apache.nifi.processors.standard.RouteText - RouteText[id=24e84634-fdfb-4a8b-87b3-8cb3253f4f09] Adding new dynamic property: PropertyDescriptor[simple]
[pool-4055-thread-1] INFO org.apache.nifi.processors.standard.RouteText - RouteText[id=24e84634-fdfb-4a8b-87b3-8cb3253f4f09] Created FlowFile[3467,93428095789383.mockFlowFile,24B] from FlowFile[3466,93428095789383.mockFlowFile,24B]; routing to relationship simple
[pool-4055-thread-1] INFO org.apache.nifi.processors.standard.RouteText - RouteText[id=24e84634-fdfb-4a8b-87b3-8cb3253f4f09] Routing FlowFile[3466,93428095789383.mockFlowFile,24B] to original
[main] DEBUG org.apache.nifi.processors.standard.RouteText - RouteText[id=24e84634-fdfb-4a8b-87b3-8cb3253f4f09] Adding new dynamic property: PropertyDescriptor[simple]
[pool-4056-thread-1] INFO org.apache.nifi.processors.standard.RouteText - RouteText[id=24e84634-fdfb-4a8b-87b3-8cb3253f4f09] Created FlowFile[3469,93428096294146.mockFlowFile,24B] from FlowFile[3468,93428096294146.mockFlowFile,24B]; routing to relationship simple
[pool-4056-thread-1] INFO org.apache.nifi.processors.standard.RouteText - RouteText[id=24e84634-fdfb-4a8b-87b3-8cb3253f4f09] Routing FlowFile[3468,93428096294146.mockFlowFile,24B] to original
[main] DEBUG org.apache.nifi.processors.standard.RouteText - RouteText[id=24e84634-fdfb-4a8b-87b3-8cb3253f4f09] Adding new dynamic property: PropertyDescriptor[simple]
[pool-4057-thread-1] INFO org.apache.nifi.processors.standard.RouteText - RouteText[id=24e84634-fdfb-4a8b-87b3-8cb3253f4f09] Created FlowFile[3471,93428096837415.mockFlowFile,24B] from FlowFile[3470,93428096837415.mockFlowFile,24B]; routing to relationship simple
[pool-4057-thread-1] INFO org.apache.nifi.processors.standard.RouteText - RouteText[id=24e84634-fdfb-4a8b-87b3-8cb3253f4f09] Routing FlowFile[3470,93428096837415.mockFlowFile,24B] to original
[main] DEBUG org.apache.nifi.processors.standard.RouteText - RouteText[id=24e84634-fdfb-4a8b-87b3-8cb3253f4f09] Adding new dynamic property: PropertyDescriptor[simple]
[pool-4058-thread-1] INFO org.apache.nifi.processors.standard.RouteText - RouteText[id=24e84634-fdfb-4a8b-87b3-8cb3253f4f09] Created FlowFile[3473,93428097365311.mockFlowFile,24B] from FlowFile[3472,93428097365311.mockFlowFile,24B]; routing to relationship simple
[pool-4058-thread-1] INFO org.apache.nifi.processors.standard.RouteText - RouteText[id=24e84634-fdfb-4a8b-87b3-8cb3253f4f09] Routing FlowFile[3472,93428097365311.mockFlowFile,24B] to original
[main] DEBUG org.apache.nifi.processors.standard.RouteText - RouteText[id=24e84634-fdfb-4a8b-87b3-8cb3253f4f09] Adding new dynamic property: PropertyDescriptor[simple]
[pool-4059-thread-1] INFO org.apache.nifi.processors.standard.RouteText - RouteText[id=24e84634-fdfb-4a8b-87b3-8cb3253f4f09] Created FlowFile[3475,93428097852164.mockFlowFile,24B] from FlowFile[3474,93428097852164.mockFlowFile,24B]; routing to relationship simple
[pool-4059-thread-1] INFO org.apache.nifi.processors.standard.RouteText - RouteText[id=24e84634-fdfb-4a8b-87b3-8cb3253f4f09] Routing FlowFile[3474,93428097852164.mockFlowFile,24B] to original
[main] DEBUG org.apache.nifi.processors.standard.RouteText - RouteText[id=24e84634-fdfb-4a8b-87b3-8cb3253f4f09] Adding new dynamic property: PropertyDescriptor[simple]
[pool-4060-thread-1] INFO org.apache.nifi.processors.standard.RouteText - RouteText[id=24e84634-fdfb-4a8b-87b3-8cb3253f4f09] Created FlowFile[3477,93428098318302.mockFlowFile,24B] from FlowFile[3476,93428098318302.mockFlowFile,24B]; routing to relationship simple
[pool-4060-thread-1] INFO org.apache.nifi.processors.standard.RouteText - RouteText[id=24e84634-fdfb-4a8b-87b3-8cb3253f4f09] Routing FlowFile[3476,93428098318302.mockFlowFile,24B] to original
[main] DEBUG org.apache.nifi.processors.standard.RouteText - RouteText[id=24e84634-fdfb-4a8b-87b3-8cb3253f4f09] Adding new dynamic property: PropertyDescriptor[simple]
[pool-4061-thread-1] INFO org.apache.nifi.processors.standard.RouteText - RouteText[id=24e84634-fdfb-4a8b-87b3-8cb3253f4f09] Created FlowFile[3479,93428098790330.mockFlowFile,24B] from FlowFile[3478,93428098790330.mockFlowFile,24B]; routing to relationship simple
[pool-4061-thread-1] INFO org.apache.nifi.processors.standard.RouteText - RouteText[id=24e84634-fdfb-4a8b-87b3-8cb3253f4f09] Routing FlowFile[3478,93428098790330.mockFlowFile,24B] to original
[main] DEBUG org.apache.nifi.processors.standard.RouteText - RouteText[id=24e84634-fdfb-4a8b-87b3-8cb3253f4f09] Adding new dynamic property: PropertyDescriptor[simple]
[pool-4062-thread-1] INFO org.apache.nifi.processors.standard.RouteText - RouteText[id=24e84634-fdfb-4a8b-87b3-8cb3253f4f09] Created FlowFile[3481,93428099255128.mockFlowFile,24B] from FlowFile[3480,93428099255128.mockFlowFile,24B]; routing to relationship simple
[pool-4062-thread-1] INFO org.apache.nifi.processors.standard.RouteText - RouteText[id=24e84634-fdfb-4a8b-87b3-8cb3253f4f09] Routing FlowFile[3480,93428099255128.mockFlowFile,24B] to original
[main] DEBUG org.apache.nifi.processors.standard.RouteText - RouteText[id=24e84634-fdfb-4a8b-87b3-8cb3253f4f09] Adding new dynamic property: PropertyDescriptor[simple]
[pool-4063-thread-1] INFO org.apache.nifi.processors.standard.RouteText - RouteText[id=24e84634-fdfb-4a8b-87b3-8cb3253f4f09] Created FlowFile[3483,93428099738604.mockFlowFile,24B] from FlowFile[3482,93428099738604.mockFlowFile,24B]; routing to relationship simple
[pool-4063-thread-1] INFO org.apache.nifi.processors.standard.RouteText - RouteText[id=24e84634-fdfb-4a8b-87b3-8cb3253f4f09] Routing FlowFile[3482,93428099738604.mockFlowFile,24B] to original
[main] DEBUG org.apache.nifi.processors.standard.RouteText - RouteText[id=24e84634-fdfb-4a8b-87b3-8cb3253f4f09] Adding new dynamic property: PropertyDescriptor[simple]
[pool-4064-thread-1] INFO org.apache.nifi.processors.standard.RouteText - RouteText[id=24e84634-fdfb-4a8b-87b3-8cb3253f4f09] Created FlowFile[3485,93428100270294.mockFlowFile,24B] from FlowFile[3484,93428100270294.mockFlowFile,24B]; routing to relationship simple
[pool-4064-thread-1] INFO org.apache.nifi.processors.standard.RouteText - RouteText[id=24e84634-fdfb-4a8b-87b3-8cb3253f4f09] Routing FlowFile[3484,93428100270294.mockFlowFile,24B] to original
[main] DEBUG org.apache.nifi.processors.standard.RouteText - RouteText[id=24e84634-fdfb-4a8b-87b3-8cb3253f4f09] Adding new dynamic property: PropertyDescriptor[simple]
[pool-4065-thread-1] INFO org.apache.nifi.processors.standard.RouteText - RouteText[id=24e84634-fdfb-4a8b-87b3-8cb3253f4f09] Created FlowFile[3487,93428100802478.mockFlowFile,24B] from FlowFile[3486,93428100802478.mockFlowFile,24B]; routing to relationship simple
[pool-4065-thread-1] INFO org.apache.nifi.processors.standard.RouteText - RouteText[id=24e84634-fdfb-4a8b-87b3-8cb3253f4f09] Routing FlowFile[3486,93428100802478.mockFlowFile,24B] to original
[main] DEBUG org.apache.nifi.processors.standard.RouteText - RouteText[id=24e84634-fdfb-4a8b-87b3-8cb3253f4f09] Adding new dynamic property: PropertyDescriptor[simple]
[pool-4066-thread-1] INFO org.apache.nifi.processors.standard.RouteText - RouteText[id=24e84634-fdfb-4a8b-87b3-8cb3253f4f09] Created FlowFile[3489,93428101321119.mockFlowFile,24B] from FlowFile[3488,93428101321119.mockFlowFile,24B]; routing to relationship simple
[pool-4066-thread-1] INFO org.apache.nifi.processors.standard.RouteText - RouteText[id=24e84634-fdfb-4a8b-87b3-8cb3253f4f09] Routing FlowFile[3488,93428101321119.mockFlowFile,24B] to original
[main] DEBUG org.apache.nifi.processors.standard.RouteText - RouteText[id=24e84634-fdfb-4a8b-87b3-8cb3253f4f09] Adding new dynamic property: PropertyDescriptor[simple]
[pool-4067-thread-1] INFO org.apache.nifi.processors.standard.RouteText - RouteText[id=24e84634-fdfb-4a8b-87b3-8cb3253f4f09] Created FlowFile[3491,93428101806031.mockFlowFile,24B] from FlowFile[3490,93428101806031.mockFlowFile,24B]; routing to relationship simple
[pool-4067-thread-1] INFO org.apache.nifi.processors.standard.RouteText - RouteText[id=24e84634-fdfb-4a8b-87b3-8cb3253f4f09] Routing FlowFile[3490,93428101806031.mockFlowFile,24B] to original
[main] DEBUG org.apache.nifi.processors.standard.RouteText - RouteText[id=24e84634-fdfb-4a8b-87b3-8cb3253f4f09] Adding new dynamic property: PropertyDescriptor[simple]
[pool-4068-thread-1] INFO org.apache.nifi.processors.standard.RouteText - RouteText[id=24e84634-fdfb-4a8b-87b3-8cb3253f4f09] Created FlowFile[3493,93428102383482.mockFlowFile,24B] from FlowFile[3492,93428102383482.mockFlowFile,24B]; routing to relationship simple
[pool-4068-thread-1] INFO org.apache.nifi.processors.standard.RouteText - RouteText[id=24e84634-fdfb-4a8b-87b3-8cb3253f4f09] Routing FlowFile[3492,93428102383482.mockFlowFile,24B] to original
[main] DEBUG org.apache.nifi.processors.standard.RouteText - RouteText[id=24e84634-fdfb-4a8b-87b3-8cb3253f4f09] Adding new dynamic property: PropertyDescriptor[simple]
[pool-4069-thread-1] INFO org.apache.nifi.processors.standard.RouteText - RouteText[id=24e84634-fdfb-4a8b-87b3-8cb3253f4f09] Created FlowFile[3495,93428102914704.mockFlowFile,24B] from FlowFile[3494,93428102914704.mockFlowFile,24B]; routing to relationship simple
[pool-4069-thread-1] INFO org.apache.nifi.processors.standard.RouteText - RouteText[id=24e84634-fdfb-4a8b-87b3-8cb3253f4f09] Routing FlowFile[3494,93428102914704.mockFlowFile,24B] to original
[main] DEBUG org.apache.nifi.processors.standard.RouteText - RouteText[id=24e84634-fdfb-4a8b-87b3-8cb3253f4f09] Adding new dynamic property: PropertyDescriptor[simple]
[pool-4070-thread-1] INFO org.apache.nifi.processors.standard.RouteText - RouteText[id=24e84634-fdfb-4a8b-87b3-8cb3253f4f09] Created FlowFile[3497,93428103416522.mockFlowFile,24B] from FlowFile[3496,93428103416522.mockFlowFile,24B]; routing to relationship simple
[pool-4070-thread-1] INFO org.apache.nifi.processors.standard.RouteText - RouteText[id=24e84634-fdfb-4a8b-87b3-8cb3253f4f09] Routing FlowFile[3496,93428103416522.mockFlowFile,24B] to original
[main] DEBUG org.apache.nifi.processors.standard.RouteText - RouteText[id=24e84634-fdfb-4a8b-87b3-8cb3253f4f09] Adding new dynamic property: PropertyDescriptor[simple]
[pool-4071-thread-1] INFO org.apache.nifi.processors.standard.RouteText - RouteText[id=24e84634-fdfb-4a8b-87b3-8cb3253f4f09] Created FlowFile[3499,93428103892943.mockFlowFile,24B] from FlowFile[3498,93428103892943.mockFlowFile,24B]; routing to relationship simple
[pool-4071-thread-1] INFO org.apache.nifi.processors.standard.RouteText - RouteText[id=24e84634-fdfb-4a8b-87b3-8cb3253f4f09] Routing FlowFile[3498,93428103892943.mockFlowFile,24B] to original
[main] DEBUG org.apache.nifi.processors.standard.RouteText - RouteText[id=24e84634-fdfb-4a8b-87b3-8cb3253f4f09] Adding new dynamic property: PropertyDescriptor[simple]
[pool-4072-thread-1] INFO org.apache.nifi.processors.standard.RouteText - RouteText[id=24e84634-fdfb-4a8b-87b3-8cb3253f4f09] Created FlowFile[3501,93428104384349.mockFlowFile,24B] from FlowFile[3500,93428104384349.mockFlowFile,24B]; routing to relationship simple
[pool-4072-thread-1] INFO org.apache.nifi.processors.standard.RouteText - RouteText[id=24e84634-fdfb-4a8b-87b3-8cb3253f4f09] Routing FlowFile[3500,93428104384349.mockFlowFile,24B] to original
[main] DEBUG org.apache.nifi.processors.standard.RouteText - RouteText[id=24e84634-fdfb-4a8b-87b3-8cb3253f4f09] Adding new dynamic property: PropertyDescriptor[simple]
[pool-4073-thread-1] INFO org.apache.nifi.processors.standard.RouteText - RouteText[id=24e84634-fdfb-4a8b-87b3-8cb3253f4f09] Created FlowFile[3503,93428104912525.mockFlowFile,24B] from FlowFile[3502,93428104912525.mockFlowFile,24B]; routing to relationship simple
[pool-4073-thread-1] INFO org.apache.nifi.processors.standard.RouteText - RouteText[id=24e84634-fdfb-4a8b-87b3-8cb3253f4f09] Routing FlowFile[3502,93428104912525.mockFlowFile,24B] to original
[main] DEBUG org.apache.nifi.processors.standard.RouteText - RouteText[id=24e84634-fdfb-4a8b-87b3-8cb3253f4f09] Adding new dynamic property: PropertyDescriptor[simple]
[pool-4074-thread-1] INFO org.apache.nifi.processors.standard.RouteText - RouteText[id=24e84634-fdfb-4a8b-87b3-8cb3253f4f09] Created FlowFile[3505,93428105497773.mockFlowFile,24B] from FlowFile[3504,93428105497773.mockFlowFile,24B]; routing to relationship simple
[pool-4074-thread-1] INFO org.apache.nifi.processors.standard.RouteText - RouteText[id=24e84634-fdfb-4a8b-87b3-8cb3253f4f09] Routing FlowFile[3504,93428105497773.mockFlowFile,24B] to original
[main] DEBUG org.apache.nifi.processors.standard.RouteText - RouteText[id=24e84634-fdfb-4a8b-87b3-8cb3253f4f09] Adding new dynamic property: PropertyDescriptor[simple]
[pool-4075-thread-1] INFO org.apache.nifi.processors.standard.RouteText - RouteText[id=24e84634-fdfb-4a8b-87b3-8cb3253f4f09] Created FlowFile[3507,93428106023929.mockFlowFile,24B] from FlowFile[3506,93428106023929.mockFlowFile,24B]; routing to relationship simple
[pool-4075-thread-1] INFO org.apache.nifi.processors.standard.RouteText - RouteText[id=24e84634-fdfb-4a8b-87b3-8cb3253f4f09] Routing FlowFile[3506,93428106023929.mockFlowFile,24B] to original
[main] DEBUG org.apache.nifi.processors.standard.RouteText - RouteText[id=24e84634-fdfb-4a8b-87b3-8cb3253f4f09] Adding new dynamic property: PropertyDescriptor[simple]
[pool-4076-thread-1] INFO org.apache.nifi.processors.standard.RouteText - RouteText[id=24e84634-fdfb-4a8b-87b3-8cb3253f4f09] Created FlowFile[3509,93428106560213.mockFlowFile,24B] from FlowFile[3508,93428106560213.mockFlowFile,24B]; routing to relationship simple
[pool-4076-thread-1] INFO org.apache.nifi.processors.standard.RouteText - RouteText[id=24e84634-fdfb-4a8b-87b3-8cb3253f4f09] Routing FlowFile[3508,93428106560213.mockFlowFile,24B] to original
[main] DEBUG org.apache.nifi.processors.standard.RouteText - RouteText[id=24e84634-fdfb-4a8b-87b3-8cb3253f4f09] Adding new dynamic property: PropertyDescriptor[simple]
[pool-4077-thread-1] INFO org.apache.nifi.processors.standard.RouteText - RouteText[id=24e84634-fdfb-4a8b-87b3-8cb3253f4f09] Created FlowFile[3511,93428107093843.mockFlowFile,24B] from FlowFile[3510,93428107093843.mockFlowFile,24B]; routing to relationship simple
[pool-4077-thread-1] INFO org.apache.nifi.processors.standard.RouteText - RouteText[id=24e84634-fdfb-4a8b-87b3-8cb3253f4f09] Routing FlowFile[3510,93428107093843.mockFlowFile,24B] to original
[main] DEBUG org.apache.nifi.processors.standard.RouteText - RouteText[id=24e84634-fdfb-4a8b-87b3-8cb3253f4f09] Adding new dynamic property: PropertyDescriptor[simple]
[pool-4078-thread-1] INFO org.apache.nifi.processors.standard.RouteText - RouteText[id=24e84634-fdfb-4a8b-87b3-8cb3253f4f09] Created FlowFile[3513,93428107617502.mockFlowFile,24B] from FlowFile[3512,93428107617502.mockFlowFile,24B]; routing to relationship simple
[pool-4078-thread-1] INFO org.apache.nifi.processors.standard.RouteText - RouteText[id=24e84634-fdfb-4a8b-87b3-8cb3253f4f09] Routing FlowFile[3512,93428107617502.mockFlowFile,24B] to original
[main] DEBUG org.apache.nifi.processors.standard.RouteText - RouteText[id=24e84634-fdfb-4a8b-87b3-8cb3253f4f09] Adding new dynamic property: PropertyDescriptor[simple]
[pool-4079-thread-1] INFO org.apache.nifi.processors.standard.RouteText - RouteText[id=24e84634-fdfb-4a8b-87b3-8cb3253f4f09] Created FlowFile[3515,93428108149261.mockFlowFile,24B] from FlowFile[3514,93428108149261.mockFlowFile,24B]; routing to relationship simple
[pool-4079-thread-1] INFO org.apache.nifi.processors.standard.RouteText - RouteText[id=24e84634-fdfb-4a8b-87b3-8cb3253f4f09] Routing FlowFile[3514,93428108149261.mockFlowFile,24B] to original
[main] DEBUG org.apache.nifi.processors.standard.RouteText - RouteText[id=24e84634-fdfb-4a8b-87b3-8cb3253f4f09] Adding new dynamic property: PropertyDescriptor[simple]
[pool-4080-thread-1] INFO org.apache.nifi.processors.standard.RouteText - RouteText[id=24e84634-fdfb-4a8b-87b3-8cb3253f4f09] Created FlowFile[3517,93428108681150.mockFlowFile,24B] from FlowFile[3516,93428108681150.mockFlowFile,24B]; routing to relationship simple
[pool-4080-thread-1] INFO org.apache.nifi.processors.standard.RouteText - RouteText[id=24e84634-fdfb-4a8b-87b3-8cb3253f4f09] Routing FlowFile[3516,93428108681150.mockFlowFile,24B] to original
[main] DEBUG org.apache.nifi.processors.standard.RouteText - RouteText[id=24e84634-fdfb-4a8b-87b3-8cb3253f4f09] Adding new dynamic property: PropertyDescriptor[simple]
[pool-4081-thread-1] INFO org.apache.nifi.processors.standard.RouteText - RouteText[id=24e84634-fdfb-4a8b-87b3-8cb3253f4f09] Created FlowFile[3519,93428109207045.mockFlowFile,24B] from FlowFile[3518,93428109207045.mockFlowFile,24B]; routing to relationship simple
[pool-4081-thread-1] INFO org.apache.nifi.processors.standard.RouteText - RouteText[id=24e84634-fdfb-4a8b-87b3-8cb3253f4f09] Routing FlowFile[3518,93428109207045.mockFlowFile,24B] to original
[main] DEBUG org.apache.nifi.processors.standard.RouteText - RouteText[id=24e84634-fdfb-4a8b-87b3-8cb3253f4f09] Adding new dynamic property: PropertyDescriptor[simple]
[pool-4082-thread-1] INFO org.apache.nifi.processors.standard.RouteText - RouteText[id=24e84634-fdfb-4a8b-87b3-8cb3253f4f09] Created FlowFile[3521,93428109720607.mockFlowFile,24B] from FlowFile[3520,93428109720607.mockFlowFile,24B]; routing to relationship simple
[pool-4082-thread-1] INFO org.apache.nifi.processors.standard.RouteText - RouteText[id=24e84634-fdfb-4a8b-87b3-8cb3253f4f09] Routing FlowFile[3520,93428109720607.mockFlowFile,24B] to original
[main] DEBUG org.apache.nifi.processors.standard.RouteText - RouteText[id=24e84634-fdfb-4a8b-87b3-8cb3253f4f09] Adding new dynamic property: PropertyDescriptor[simple]
[pool-4083-thread-1] INFO org.apache.nifi.processors.standard.RouteText - RouteText[id=24e84634-fdfb-4a8b-87b3-8cb3253f4f09] Created FlowFile[3523,93428110235130.mockFlowFile,24B] from FlowFile[3522,93428110235130.mockFlowFile,24B]; routing to relationship simple
[pool-4083-thread-1] INFO org.apache.nifi.processors.standard.RouteText - RouteText[id=24e84634-fdfb-4a8b-87b3-8cb3253f4f09] Routing FlowFile[3522,93428110235130.mockFlowFile,24B] to original
[main] DEBUG org.apache.nifi.processors.standard.RouteText - RouteText[id=24e84634-fdfb-4a8b-87b3-8cb3253f4f09] Adding new dynamic property: PropertyDescriptor[simple]
[pool-4084-thread-1] INFO org.apache.nifi.processors.standard.RouteText - RouteText[id=24e84634-fdfb-4a8b-87b3-8cb3253f4f09] Created FlowFile[3525,93428110748364.mockFlowFile,24B] from FlowFile[3524,93428110748364.mockFlowFile,24B]; routing to relationship simple
[pool-4084-thread-1] INFO org.apache.nifi.processors.standard.RouteText - RouteText[id=24e84634-fdfb-4a8b-87b3-8cb3253f4f09] Routing FlowFile[3524,93428110748364.mockFlowFile,24B] to original
[main] DEBUG org.apache.nifi.processors.standard.RouteText - RouteText[id=24e84634-fdfb-4a8b-87b3-8cb3253f4f09] Adding new dynamic property: PropertyDescriptor[simple]
[pool-4085-thread-1] INFO org.apache.nifi.processors.standard.RouteText - RouteText[id=24e84634-fdfb-4a8b-87b3-8cb3253f4f09] Created FlowFile[3527,93428111258149.mockFlowFile,24B] from FlowFile[3526,93428111258149.mockFlowFile,24B]; routing to relationship simple
[pool-4085-thread-1] INFO org.apache.nifi.processors.standard.RouteText - RouteText[id=24e84634-fdfb-4a8b-87b3-8cb3253f4f09] Routing FlowFile[3526,93428111258149.mockFlowFile,24B] to original
[main] DEBUG org.apache.nifi.processors.standard.RouteText - RouteText[id=24e84634-fdfb-4a8b-87b3-8cb3253f4f09] Adding new dynamic property: PropertyDescriptor[simple]
[pool-4086-thread-1] INFO org.apache.nifi.processors.standard.RouteText - RouteText[id=24e84634-fdfb-4a8b-87b3-8cb3253f4f09] Created FlowFile[3529,93428111792386.mockFlowFile,24B] from FlowFile[3528,93428111792386.mockFlowFile,24B]; routing to relationship simple
[pool-4086-thread-1] INFO org.apache.nifi.processors.standard.RouteText - RouteText[id=24e84634-fdfb-4a8b-87b3-8cb3253f4f09] Routing FlowFile[3528,93428111792386.mockFlowFile,24B] to original
[main] DEBUG org.apache.nifi.processors.standard.RouteText - RouteText[id=24e84634-fdfb-4a8b-87b3-8cb3253f4f09] Adding new dynamic property: PropertyDescriptor[simple]
[pool-4087-thread-1] INFO org.apache.nifi.processors.standard.RouteText - RouteText[id=24e84634-fdfb-4a8b-87b3-8cb3253f4f09] Created FlowFile[3531,93428112334439.mockFlowFile,24B] from FlowFile[3530,93428112334439.mockFlowFile,24B]; routing to relationship simple
[pool-4087-thread-1] INFO org.apache.nifi.processors.standard.RouteText - RouteText[id=24e84634-fdfb-4a8b-87b3-8cb3253f4f09] Routing FlowFile[3530,93428112334439.mockFlowFile,24B] to original
[main] DEBUG org.apache.nifi.processors.standard.RouteText - RouteText[id=24e84634-fdfb-4a8b-87b3-8cb3253f4f09] Adding new dynamic property: PropertyDescriptor[simple]
[pool-4088-thread-1] INFO org.apache.nifi.processors.standard.RouteText - RouteText[id=24e84634-fdfb-4a8b-87b3-8cb3253f4f09] Created FlowFile[3533,93428112881620.mockFlowFile,24B] from FlowFile[3532,93428112881620.mockFlowFile,24B]; routing to relationship simple
[pool-4088-thread-1] INFO org.apache.nifi.processors.standard.RouteText - RouteText[id=24e84634-fdfb-4a8b-87b3-8cb3253f4f09] Routing FlowFile[3532,93428112881620.mockFlowFile,24B] to original
[main] DEBUG org.apache.nifi.processors.standard.RouteText - RouteText[id=24e84634-fdfb-4a8b-87b3-8cb3253f4f09] Adding new dynamic property: PropertyDescriptor[simple]
[pool-4089-thread-1] INFO org.apache.nifi.processors.standard.RouteText - RouteText[id=24e84634-fdfb-4a8b-87b3-8cb3253f4f09] Created FlowFile[3535,93428113414050.mockFlowFile,24B] from FlowFile[3534,93428113414050.mockFlowFile,24B]; routing to relationship simple
[pool-4089-thread-1] INFO org.apache.nifi.processors.standard.RouteText - RouteText[id=24e84634-fdfb-4a8b-87b3-8cb3253f4f09] Routing FlowFile[3534,93428113414050.mockFlowFile,24B] to original
[main] DEBUG org.apache.nifi.processors.standard.RouteText - RouteText[id=24e84634-fdfb-4a8b-87b3-8cb3253f4f09] Adding new dynamic property: PropertyDescriptor[simple]
[pool-4090-thread-1] INFO org.apache.nifi.processors.standard.RouteText - RouteText[id=24e84634-fdfb-4a8b-87b3-8cb3253f4f09] Created FlowFile[3537,93428113947757.mockFlowFile,24B] from FlowFile[3536,93428113947757.mockFlowFile,24B]; routing to relationship simple
[pool-4090-thread-1] INFO org.apache.nifi.processors.standard.RouteText - RouteText[id=24e84634-fdfb-4a8b-87b3-8cb3253f4f09] Routing FlowFile[3536,93428113947757.mockFlowFile,24B] to original
[main] DEBUG org.apache.nifi.processors.standard.RouteText - RouteText[id=24e84634-fdfb-4a8b-87b3-8cb3253f4f09] Adding new dynamic property: PropertyDescriptor[simple]
[pool-4091-thread-1] INFO org.apache.nifi.processors.standard.RouteText - RouteText[id=24e84634-fdfb-4a8b-87b3-8cb3253f4f09] Created FlowFile[3539,93428114450554.mockFlowFile,24B] from FlowFile[3538,93428114450554.mockFlowFile,24B]; routing to relationship simple
[pool-4091-thread-1] INFO org.apache.nifi.processors.standard.RouteText - RouteText[id=24e84634-fdfb-4a8b-87b3-8cb3253f4f09] Routing FlowFile[3538,93428114450554.mockFlowFile,24B] to original
[main] DEBUG org.apache.nifi.processors.standard.RouteText - RouteText[id=24e84634-fdfb-4a8b-87b3-8cb3253f4f09] Adding new dynamic property: PropertyDescriptor[simple]
[pool-4092-thread-1] INFO org.apache.nifi.processors.standard.RouteText - RouteText[id=24e84634-fdfb-4a8b-87b3-8cb3253f4f09] Created FlowFile[3541,93428114931577.mockFlowFile,24B] from FlowFile[3540,93428114931577.mockFlowFile,24B]; routing to relationship simple
[pool-4092-thread-1] INFO org.apache.nifi.processors.standard.RouteText - RouteText[id=24e84634-fdfb-4a8b-87b3-8cb3253f4f09] Routing FlowFile[3540,93428114931577.mockFlowFile,24B] to original
[main] DEBUG org.apache.nifi.processors.standard.RouteText - RouteText[id=24e84634-fdfb-4a8b-87b3-8cb3253f4f09] Adding new dynamic property: PropertyDescriptor[simple]
[pool-4093-thread-1] INFO org.apache.nifi.processors.standard.RouteText - RouteText[id=24e84634-fdfb-4a8b-87b3-8cb3253f4f09] Created FlowFile[3543,93428115450075.mockFlowFile,24B] from FlowFile[3542,93428115450075.mockFlowFile,24B]; routing to relationship simple
[pool-4093-thread-1] INFO org.apache.nifi.processors.standard.RouteText - RouteText[id=24e84634-fdfb-4a8b-87b3-8cb3253f4f09] Routing FlowFile[3542,93428115450075.mockFlowFile,24B] to original
[main] DEBUG org.apache.nifi.processors.standard.RouteText - RouteText[id=24e84634-fdfb-4a8b-87b3-8cb3253f4f09] Adding new dynamic property: PropertyDescriptor[simple]
[pool-4094-thread-1] INFO org.apache.nifi.processors.standard.RouteText - RouteText[id=24e84634-fdfb-4a8b-87b3-8cb3253f4f09] Created FlowFile[3545,93428115949918.mockFlowFile,24B] from FlowFile[3544,93428115949918.mockFlowFile,24B]; routing to relationship simple
[pool-4094-thread-1] INFO org.apache.nifi.processors.standard.RouteText - RouteText[id=24e84634-fdfb-4a8b-87b3-8cb3253f4f09] Routing FlowFile[3544,93428115949918.mockFlowFile,24B] to original
[main] DEBUG org.apache.nifi.processors.standard.RouteText - RouteText[id=24e84634-fdfb-4a8b-87b3-8cb3253f4f09] Adding new dynamic property: PropertyDescriptor[simple]
[pool-4095-thread-1] INFO org.apache.nifi.processors.standard.RouteText - RouteText[id=24e84634-fdfb-4a8b-87b3-8cb3253f4f09] Created FlowFile[3547,93428116485047.mockFlowFile,24B] from FlowFile[3546,93428116485047.mockFlowFile,24B]; routing to relationship simple
[pool-4095-thread-1] INFO org.apache.nifi.processors.standard.RouteText - RouteText[id=24e84634-fdfb-4a8b-87b3-8cb3253f4f09] Routing FlowFile[3546,93428116485047.mockFlowFile,24B] to original
[main] DEBUG org.apache.nifi.processors.standard.RouteText - RouteText[id=24e84634-fdfb-4a8b-87b3-8cb3253f4f09] Adding new dynamic property: PropertyDescriptor[simple]
[pool-4096-thread-1] INFO org.apache.nifi.processors.standard.RouteText - RouteText[id=24e84634-fdfb-4a8b-87b3-8cb3253f4f09] Created FlowFile[3549,93428116994241.mockFlowFile,24B] from FlowFile[3548,93428116994241.mockFlowFile,24B]; routing to relationship simple
[pool-4096-thread-1] INFO org.apache.nifi.processors.standard.RouteText - RouteText[id=24e84634-fdfb-4a8b-87b3-8cb3253f4f09] Routing FlowFile[3548,93428116994241.mockFlowFile,24B] to original
[main] DEBUG org.apache.nifi.processors.standard.RouteText - RouteText[id=24e84634-fdfb-4a8b-87b3-8cb3253f4f09] Adding new dynamic property: PropertyDescriptor[simple]
[pool-4097-thread-1] INFO org.apache.nifi.processors.standard.RouteText - RouteText[id=24e84634-fdfb-4a8b-87b3-8cb3253f4f09] Created FlowFile[3551,93428117512460.mockFlowFile,24B] from FlowFile[3550,93428117512460.mockFlowFile,24B]; routing to relationship simple
[pool-4097-thread-1] INFO org.apache.nifi.processors.standard.RouteText - RouteText[id=24e84634-fdfb-4a8b-87b3-8cb3253f4f09] Routing FlowFile[3550,93428117512460.mockFlowFile,24B] to original
[main] DEBUG org.apache.nifi.processors.standard.RouteText - RouteText[id=24e84634-fdfb-4a8b-87b3-8cb3253f4f09] Adding new dynamic property: PropertyDescriptor[simple]
[pool-4098-thread-1] INFO org.apache.nifi.processors.standard.RouteText - RouteText[id=24e84634-fdfb-4a8b-87b3-8cb3253f4f09] Created FlowFile[3553,93428118194985.mockFlowFile,24B] from FlowFile[3552,93428118194985.mockFlowFile,24B]; routing to relationship simple
[pool-4098-thread-1] INFO org.apache.nifi.processors.standard.RouteText - RouteText[id=24e84634-fdfb-4a8b-87b3-8cb3253f4f09] Routing FlowFile[3552,93428118194985.mockFlowFile,24B] to original
[main] DEBUG org.apache.nifi.processors.standard.RouteText - RouteText[id=24e84634-fdfb-4a8b-87b3-8cb3253f4f09] Adding new dynamic property: PropertyDescriptor[simple]
[pool-4099-thread-1] INFO org.apache.nifi.processors.standard.RouteText - RouteText[id=24e84634-fdfb-4a8b-87b3-8cb3253f4f09] Created FlowFile[3555,93428118723140.mockFlowFile,24B] from FlowFile[3554,93428118723140.mockFlowFile,24B]; routing to relationship simple
[pool-4099-thread-1] INFO org.apache.nifi.processors.standard.RouteText - RouteText[id=24e84634-fdfb-4a8b-87b3-8cb3253f4f09] Routing FlowFile[3554,93428118723140.mockFlowFile,24B] to original
[main] DEBUG org.apache.nifi.processors.standard.RouteText - RouteText[id=24e84634-fdfb-4a8b-87b3-8cb3253f4f09] Adding new dynamic property: PropertyDescriptor[simple]
[pool-4100-thread-1] INFO org.apache.nifi.processors.standard.RouteText - RouteText[id=24e84634-fdfb-4a8b-87b3-8cb3253f4f09] Created FlowFile[3557,93428119255536.mockFlowFile,24B] from FlowFile[3556,93428119255536.mockFlowFile,24B]; routing to relationship simple
[pool-4100-thread-1] INFO org.apache.nifi.processors.standard.RouteText - RouteText[id=24e84634-fdfb-4a8b-87b3-8cb3253f4f09] Routing FlowFile[3556,93428119255536.mockFlowFile,24B] to original
[main] DEBUG org.apache.nifi.processors.standard.RouteText - RouteText[id=24e84634-fdfb-4a8b-87b3-8cb3253f4f09] Adding new dynamic property: PropertyDescriptor[simple]
[pool-4101-thread-1] INFO org.apache.nifi.processors.standard.RouteText - RouteText[id=24e84634-fdfb-4a8b-87b3-8cb3253f4f09] Created FlowFile[3559,93428119846418.mockFlowFile,24B] from FlowFile[3558,93428119846418.mockFlowFile,24B]; routing to relationship simple
[pool-4101-thread-1] INFO org.apache.nifi.processors.standard.RouteText - RouteText[id=24e84634-fdfb-4a8b-87b3-8cb3253f4f09] Routing FlowFile[3558,93428119846418.mockFlowFile,24B] to original
[main] DEBUG org.apache.nifi.processors.standard.RouteText - RouteText[id=24e84634-fdfb-4a8b-87b3-8cb3253f4f09] Adding new dynamic property: PropertyDescriptor[simple]
[pool-4102-thread-1] INFO org.apache.nifi.processors.standard.RouteText - RouteText[id=24e84634-fdfb-4a8b-87b3-8cb3253f4f09] Created FlowFile[3561,93428120400799.mockFlowFile,24B] from FlowFile[3560,93428120400799.mockFlowFile,24B]; routing to relationship simple
[pool-4102-thread-1] INFO org.apache.nifi.processors.standard.RouteText - RouteText[id=24e84634-fdfb-4a8b-87b3-8cb3253f4f09] Routing FlowFile[3560,93428120400799.mockFlowFile,24B] to original
[main] DEBUG org.apache.nifi.processors.standard.RouteText - RouteText[id=24e84634-fdfb-4a8b-87b3-8cb3253f4f09] Adding new dynamic property: PropertyDescriptor[simple]
[pool-4103-thread-1] INFO org.apache.nifi.processors.standard.RouteText - RouteText[id=24e84634-fdfb-4a8b-87b3-8cb3253f4f09] Created FlowFile[3563,93428120932468.mockFlowFile,24B] from FlowFile[3562,93428120932468.mockFlowFile,24B]; routing to relationship simple
[pool-4103-thread-1] INFO org.apache.nifi.processors.standard.RouteText - RouteText[id=24e84634-fdfb-4a8b-87b3-8cb3253f4f09] Routing FlowFile[3562,93428120932468.mockFlowFile,24B] to original
[main] DEBUG org.apache.nifi.processors.standard.RouteText - RouteText[id=24e84634-fdfb-4a8b-87b3-8cb3253f4f09] Adding new dynamic property: PropertyDescriptor[simple]
[pool-4104-thread-1] INFO org.apache.nifi.processors.standard.RouteText - RouteText[id=24e84634-fdfb-4a8b-87b3-8cb3253f4f09] Created FlowFile[3565,93428121466627.mockFlowFile,24B] from FlowFile[3564,93428121466627.mockFlowFile,24B]; routing to relationship simple
[pool-4104-thread-1] INFO org.apache.nifi.processors.standard.RouteText - RouteText[id=24e84634-fdfb-4a8b-87b3-8cb3253f4f09] Routing FlowFile[3564,93428121466627.mockFlowFile,24B] to original
[main] DEBUG org.apache.nifi.processors.standard.RouteText - RouteText[id=24e84634-fdfb-4a8b-87b3-8cb3253f4f09] Adding new dynamic property: PropertyDescriptor[simple]
[pool-4105-thread-1] INFO org.apache.nifi.processors.standard.RouteText - RouteText[id=24e84634-fdfb-4a8b-87b3-8cb3253f4f09] Created FlowFile[3567,93428121994040.mockFlowFile,24B] from FlowFile[3566,93428121994040.mockFlowFile,24B]; routing to relationship simple
[pool-4105-thread-1] INFO org.apache.nifi.processors.standard.RouteText - RouteText[id=24e84634-fdfb-4a8b-87b3-8cb3253f4f09] Routing FlowFile[3566,93428121994040.mockFlowFile,24B] to original
[main] DEBUG org.apache.nifi.processors.standard.RouteText - RouteText[id=24e84634-fdfb-4a8b-87b3-8cb3253f4f09] Adding new dynamic property: PropertyDescriptor[simple]
[pool-4106-thread-1] INFO org.apache.nifi.processors.standard.RouteText - RouteText[id=24e84634-fdfb-4a8b-87b3-8cb3253f4f09] Created FlowFile[3569,93428122513943.mockFlowFile,24B] from FlowFile[3568,93428122513943.mockFlowFile,24B]; routing to relationship simple
[pool-4106-thread-1] INFO org.apache.nifi.processors.standard.RouteText - RouteText[id=24e84634-fdfb-4a8b-87b3-8cb3253f4f09] Routing FlowFile[3568,93428122513943.mockFlowFile,24B] to original
[main] DEBUG org.apache.nifi.processors.standard.RouteText - RouteText[id=24e84634-fdfb-4a8b-87b3-8cb3253f4f09] Adding new dynamic property: PropertyDescriptor[simple]
[pool-4107-thread-1] INFO org.apache.nifi.processors.standard.RouteText - RouteText[id=24e84634-fdfb-4a8b-87b3-8cb3253f4f09] Created FlowFile[3571,93428123017600.mockFlowFile,24B] from FlowFile[3570,93428123017600.mockFlowFile,24B]; routing to relationship simple
[pool-4107-thread-1] INFO org.apache.nifi.processors.standard.RouteText - RouteText[id=24e84634-fdfb-4a8b-87b3-8cb3253f4f09] Routing FlowFile[3570,93428123017600.mockFlowFile,24B] to original
[main] DEBUG org.apache.nifi.processors.standard.RouteText - RouteText[id=24e84634-fdfb-4a8b-87b3-8cb3253f4f09] Adding new dynamic property: PropertyDescriptor[simple]
[pool-4108-thread-1] INFO org.apache.nifi.processors.standard.RouteText - RouteText[id=24e84634-fdfb-4a8b-87b3-8cb3253f4f09] Created FlowFile[3573,93428124109524.mockFlowFile,24B] from FlowFile[3572,93428124109524.mockFlowFile,24B]; routing to relationship simple
[pool-4108-thread-1] INFO org.apache.nifi.processors.standard.RouteText - RouteText[id=24e84634-fdfb-4a8b-87b3-8cb3253f4f09] Routing FlowFile[3572,93428124109524.mockFlowFile,24B] to original
[main] DEBUG org.apache.nifi.processors.standard.RouteText - RouteText[id=24e84634-fdfb-4a8b-87b3-8cb3253f4f09] Adding new dynamic property: PropertyDescriptor[simple]
[pool-4109-thread-1] INFO org.apache.nifi.processors.standard.RouteText - RouteText[id=24e84634-fdfb-4a8b-87b3-8cb3253f4f09] Created FlowFile[3575,93428124747141.mockFlowFile,24B] from FlowFile[3574,93428124747141.mockFlowFile,24B]; routing to relationship simple
[pool-4109-thread-1] INFO org.apache.nifi.processors.standard.RouteText - RouteText[id=24e84634-fdfb-4a8b-87b3-8cb3253f4f09] Routing FlowFile[3574,93428124747141.mockFlowFile,24B] to original
[main] DEBUG org.apache.nifi.processors.standard.RouteText - RouteText[id=24e84634-fdfb-4a8b-87b3-8cb3253f4f09] Adding new dynamic property: PropertyDescriptor[simple]
[pool-4110-thread-1] INFO org.apache.nifi.processors.standard.RouteText - RouteText[id=24e84634-fdfb-4a8b-87b3-8cb3253f4f09] Created FlowFile[3577,93428125252890.mockFlowFile,24B] from FlowFile[3576,93428125252890.mockFlowFile,24B]; routing to relationship simple
[pool-4110-thread-1] INFO org.apache.nifi.processors.standard.RouteText - RouteText[id=24e84634-fdfb-4a8b-87b3-8cb3253f4f09] Routing FlowFile[3576,93428125252890.mockFlowFile,24B] to original
[main] DEBUG org.apache.nifi.processors.standard.RouteText - RouteText[id=24e84634-fdfb-4a8b-87b3-8cb3253f4f09] Adding new dynamic property: PropertyDescriptor[simple]
[pool-4111-thread-1] INFO org.apache.nifi.processors.standard.RouteText - RouteText[id=24e84634-fdfb-4a8b-87b3-8cb3253f4f09] Created FlowFile[3579,93428125747374.mockFlowFile,24B] from FlowFile[3578,93428125747374.mockFlowFile,24B]; routing to relationship simple
[pool-4111-thread-1] INFO org.apache.nifi.processors.standard.RouteText - RouteText[id=24e84634-fdfb-4a8b-87b3-8cb3253f4f09] Routing FlowFile[3578,93428125747374.mockFlowFile,24B] to original
[main] DEBUG org.apache.nifi.processors.standard.RouteText - RouteText[id=24e84634-fdfb-4a8b-87b3-8cb3253f4f09] Adding new dynamic property: PropertyDescriptor[simple]
[pool-4112-thread-1] INFO org.apache.nifi.processors.standard.RouteText - RouteText[id=24e84634-fdfb-4a8b-87b3-8cb3253f4f09] Created FlowFile[3581,93428126312704.mockFlowFile,24B] from FlowFile[3580,93428126312704.mockFlowFile,24B]; routing to relationship simple
[pool-4112-thread-1] INFO org.apache.nifi.processors.standard.RouteText - RouteText[id=24e84634-fdfb-4a8b-87b3-8cb3253f4f09] Routing FlowFile[3580,93428126312704.mockFlowFile,24B] to original
[main] DEBUG org.apache.nifi.processors.standard.RouteText - RouteText[id=24e84634-fdfb-4a8b-87b3-8cb3253f4f09] Adding new dynamic property: PropertyDescriptor[simple]
[pool-4113-thread-1] INFO org.apache.nifi.processors.standard.RouteText - RouteText[id=24e84634-fdfb-4a8b-87b3-8cb3253f4f09] Created FlowFile[3583,93428126869856.mockFlowFile,24B] from FlowFile[3582,93428126869856.mockFlowFile,24B]; routing to relationship simple
[pool-4113-thread-1] INFO org.apache.nifi.processors.standard.RouteText - RouteText[id=24e84634-fdfb-4a8b-87b3-8cb3253f4f09] Routing FlowFile[3582,93428126869856.mockFlowFile,24B] to original
[main] DEBUG org.apache.nifi.processors.standard.RouteText - RouteText[id=24e84634-fdfb-4a8b-87b3-8cb3253f4f09] Adding new dynamic property: PropertyDescriptor[simple]
[pool-4114-thread-1] INFO org.apache.nifi.processors.standard.RouteText - RouteText[id=24e84634-fdfb-4a8b-87b3-8cb3253f4f09] Created FlowFile[3585,93428127431137.mockFlowFile,24B] from FlowFile[3584,93428127431137.mockFlowFile,24B]; routing to relationship simple
[pool-4114-thread-1] INFO org.apache.nifi.processors.standard.RouteText - RouteText[id=24e84634-fdfb-4a8b-87b3-8cb3253f4f09] Routing FlowFile[3584,93428127431137.mockFlowFile,24B] to original
[main] DEBUG org.apache.nifi.processors.standard.RouteText - RouteText[id=24e84634-fdfb-4a8b-87b3-8cb3253f4f09] Adding new dynamic property: PropertyDescriptor[simple]
[pool-4115-thread-1] INFO org.apache.nifi.processors.standard.RouteText - RouteText[id=24e84634-fdfb-4a8b-87b3-8cb3253f4f09] Created FlowFile[3587,93428127960541.mockFlowFile,24B] from FlowFile[3586,93428127960541.mockFlowFile,24B]; routing to relationship simple
[pool-4115-thread-1] INFO org.apache.nifi.processors.standard.RouteText - RouteText[id=24e84634-fdfb-4a8b-87b3-8cb3253f4f09] Routing FlowFile[3586,93428127960541.mockFlowFile,24B] to original
[main] DEBUG org.apache.nifi.processors.standard.RouteText - RouteText[id=24e84634-fdfb-4a8b-87b3-8cb3253f4f09] Adding new dynamic property: PropertyDescriptor[simple]
[pool-4116-thread-1] INFO org.apache.nifi.processors.standard.RouteText - RouteText[id=24e84634-fdfb-4a8b-87b3-8cb3253f4f09] Created FlowFile[3589,93428128491329.mockFlowFile,24B] from FlowFile[3588,93428128491329.mockFlowFile,24B]; routing to relationship simple
[pool-4116-thread-1] INFO org.apache.nifi.processors.standard.RouteText - RouteText[id=24e84634-fdfb-4a8b-87b3-8cb3253f4f09] Routing FlowFile[3588,93428128491329.mockFlowFile,24B] to original
[main] DEBUG org.apache.nifi.processors.standard.RouteText - RouteText[id=24e84634-fdfb-4a8b-87b3-8cb3253f4f09] Adding new dynamic property: PropertyDescriptor[simple]
[pool-4117-thread-1] INFO org.apache.nifi.processors.standard.RouteText - RouteText[id=24e84634-fdfb-4a8b-87b3-8cb3253f4f09] Created FlowFile[3591,93428129078536.mockFlowFile,24B] from FlowFile[3590,93428129078536.mockFlowFile,24B]; routing to relationship simple
[pool-4117-thread-1] INFO org.apache.nifi.processors.standard.RouteText - RouteText[id=24e84634-fdfb-4a8b-87b3-8cb3253f4f09] Routing FlowFile[3590,93428129078536.mockFlowFile,24B] to original
[main] DEBUG org.apache.nifi.processors.standard.RouteText - RouteText[id=24e84634-fdfb-4a8b-87b3-8cb3253f4f09] Adding new dynamic property: PropertyDescriptor[simple]
[pool-4118-thread-1] INFO org.apache.nifi.processors.standard.RouteText - RouteText[id=24e84634-fdfb-4a8b-87b3-8cb3253f4f09] Created FlowFile[3593,93428129600421.mockFlowFile,24B] from FlowFile[3592,93428129600421.mockFlowFile,24B]; routing to relationship simple
[pool-4118-thread-1] INFO org.apache.nifi.processors.standard.RouteText - RouteText[id=24e84634-fdfb-4a8b-87b3-8cb3253f4f09] Routing FlowFile[3592,93428129600421.mockFlowFile,24B] to original
[main] DEBUG org.apache.nifi.processors.standard.RouteText - RouteText[id=24e84634-fdfb-4a8b-87b3-8cb3253f4f09] Adding new dynamic property: PropertyDescriptor[simple]
[pool-4119-thread-1] INFO org.apache.nifi.processors.standard.RouteText - RouteText[id=24e84634-fdfb-4a8b-87b3-8cb3253f4f09] Created FlowFile[3595,93428130127664.mockFlowFile,24B] from FlowFile[3594,93428130127664.mockFlowFile,24B]; routing to relationship simple
[pool-4119-thread-1] INFO org.apache.nifi.processors.standard.RouteText - RouteText[id=24e84634-fdfb-4a8b-87b3-8cb3253f4f09] Routing FlowFile[3594,93428130127664.mockFlowFile,24B] to original
[main] DEBUG org.apache.nifi.processors.standard.RouteText - RouteText[id=24e84634-fdfb-4a8b-87b3-8cb3253f4f09] Adding new dynamic property: PropertyDescriptor[simple]
[pool-4120-thread-1] INFO org.apache.nifi.processors.standard.RouteText - RouteText[id=24e84634-fdfb-4a8b-87b3-8cb3253f4f09] Created FlowFile[3597,93428130656870.mockFlowFile,24B] from FlowFile[3596,93428130656870.mockFlowFile,24B]; routing to relationship simple
[pool-4120-thread-1] INFO org.apache.nifi.processors.standard.RouteText - RouteText[id=24e84634-fdfb-4a8b-87b3-8cb3253f4f09] Routing FlowFile[3596,93428130656870.mockFlowFile,24B] to original
[main] DEBUG org.apache.nifi.processors.standard.RouteText - RouteText[id=24e84634-fdfb-4a8b-87b3-8cb3253f4f09] Adding new dynamic property: PropertyDescriptor[simple]
[pool-4121-thread-1] INFO org.apache.nifi.processors.standard.RouteText - RouteText[id=24e84634-fdfb-4a8b-87b3-8cb3253f4f09] Created FlowFile[3599,93428131172706.mockFlowFile,24B] from FlowFile[3598,93428131172706.mockFlowFile,24B]; routing to relationship simple
[pool-4121-thread-1] INFO org.apache.nifi.processors.standard.RouteText - RouteText[id=24e84634-fdfb-4a8b-87b3-8cb3253f4f09] Routing FlowFile[3598,93428131172706.mockFlowFile,24B] to original
[main] DEBUG org.apache.nifi.processors.standard.RouteText - RouteText[id=24e84634-fdfb-4a8b-87b3-8cb3253f4f09] Adding new dynamic property: PropertyDescriptor[simple]
[pool-4122-thread-1] INFO org.apache.nifi.processors.standard.RouteText - RouteText[id=24e84634-fdfb-4a8b-87b3-8cb3253f4f09] Created FlowFile[3601,93428131713989.mockFlowFile,24B] from FlowFile[3600,93428131713989.mockFlowFile,24B]; routing to relationship simple
[pool-4122-thread-1] INFO org.apache.nifi.processors.standard.RouteText - RouteText[id=24e84634-fdfb-4a8b-87b3-8cb3253f4f09] Routing FlowFile[3600,93428131713989.mockFlowFile,24B] to original
[main] DEBUG org.apache.nifi.processors.standard.RouteText - RouteText[id=24e84634-fdfb-4a8b-87b3-8cb3253f4f09] Adding new dynamic property: PropertyDescriptor[simple]
[pool-4123-thread-1] INFO org.apache.nifi.processors.standard.RouteText - RouteText[id=24e84634-fdfb-4a8b-87b3-8cb3253f4f09] Created FlowFile[3603,93428132277836.mockFlowFile,24B] from FlowFile[3602,93428132277836.mockFlowFile,24B]; routing to relationship simple
[pool-4123-thread-1] INFO org.apache.nifi.processors.standard.RouteText - RouteText[id=24e84634-fdfb-4a8b-87b3-8cb3253f4f09] Routing FlowFile[3602,93428132277836.mockFlowFile,24B] to original
[main] DEBUG org.apache.nifi.processors.standard.RouteText - RouteText[id=24e84634-fdfb-4a8b-87b3-8cb3253f4f09] Adding new dynamic property: PropertyDescriptor[simple]
[pool-4124-thread-1] INFO org.apache.nifi.processors.standard.RouteText - RouteText[id=24e84634-fdfb-4a8b-87b3-8cb3253f4f09] Created FlowFile[3605,93428132840896.mockFlowFile,24B] from FlowFile[3604,93428132840896.mockFlowFile,24B]; routing to relationship simple
[pool-4124-thread-1] INFO org.apache.nifi.processors.standard.RouteText - RouteText[id=24e84634-fdfb-4a8b-87b3-8cb3253f4f09] Routing FlowFile[3604,93428132840896.mockFlowFile,24B] to original
[main] DEBUG org.apache.nifi.processors.standard.RouteText - RouteText[id=24e84634-fdfb-4a8b-87b3-8cb3253f4f09] Adding new dynamic property: PropertyDescriptor[simple]
[pool-4125-thread-1] INFO org.apache.nifi.processors.standard.RouteText - RouteText[id=24e84634-fdfb-4a8b-87b3-8cb3253f4f09] Created FlowFile[3607,93428133370460.mockFlowFile,24B] from FlowFile[3606,93428133370460.mockFlowFile,24B]; routing to relationship simple
[pool-4125-thread-1] INFO org.apache.nifi.processors.standard.RouteText - RouteText[id=24e84634-fdfb-4a8b-87b3-8cb3253f4f09] Routing FlowFile[3606,93428133370460.mockFlowFile,24B] to original
[main] DEBUG org.apache.nifi.processors.standard.RouteText - RouteText[id=24e84634-fdfb-4a8b-87b3-8cb3253f4f09] Adding new dynamic property: PropertyDescriptor[simple]
[pool-4126-thread-1] INFO org.apache.nifi.processors.standard.RouteText - RouteText[id=24e84634-fdfb-4a8b-87b3-8cb3253f4f09] Created FlowFile[3609,93428133949110.mockFlowFile,24B] from FlowFile[3608,93428133949110.mockFlowFile,24B]; routing to relationship simple
[pool-4126-thread-1] INFO org.apache.nifi.processors.standard.RouteText - RouteText[id=24e84634-fdfb-4a8b-87b3-8cb3253f4f09] Routing FlowFile[3608,93428133949110.mockFlowFile,24B] to original
[main] DEBUG org.apache.nifi.processors.standard.RouteText - RouteText[id=24e84634-fdfb-4a8b-87b3-8cb3253f4f09] Adding new dynamic property: PropertyDescriptor[simple]
[pool-4127-thread-1] INFO org.apache.nifi.processors.standard.RouteText - RouteText[id=24e84634-fdfb-4a8b-87b3-8cb3253f4f09] Created FlowFile[3611,93428134484376.mockFlowFile,24B] from FlowFile[3610,93428134484376.mockFlowFile,24B]; routing to relationship simple
[pool-4127-thread-1] INFO org.apache.nifi.processors.standard.RouteText - RouteText[id=24e84634-fdfb-4a8b-87b3-8cb3253f4f09] Routing FlowFile[3610,93428134484376.mockFlowFile,24B] to original
[main] DEBUG org.apache.nifi.processors.standard.RouteText - RouteText[id=24e84634-fdfb-4a8b-87b3-8cb3253f4f09] Adding new dynamic property: PropertyDescriptor[simple]
[pool-4128-thread-1] INFO org.apache.nifi.processors.standard.RouteText - RouteText[id=24e84634-fdfb-4a8b-87b3-8cb3253f4f09] Created FlowFile[3613,93428134972418.mockFlowFile,24B] from FlowFile[3612,93428134972418.mockFlowFile,24B]; routing to relationship simple
[pool-4128-thread-1] INFO org.apache.nifi.processors.standard.RouteText - RouteText[id=24e84634-fdfb-4a8b-87b3-8cb3253f4f09] Routing FlowFile[3612,93428134972418.mockFlowFile,24B] to original
[main] DEBUG org.apache.nifi.processors.standard.RouteText - RouteText[id=24e84634-fdfb-4a8b-87b3-8cb3253f4f09] Adding new dynamic property: PropertyDescriptor[simple]
[pool-4129-thread-1] INFO org.apache.nifi.processors.standard.RouteText - RouteText[id=24e84634-fdfb-4a8b-87b3-8cb3253f4f09] Created FlowFile[3615,93428135440673.mockFlowFile,24B] from FlowFile[3614,93428135440673.mockFlowFile,24B]; routing to relationship simple
[pool-4129-thread-1] INFO org.apache.nifi.processors.standard.RouteText - RouteText[id=24e84634-fdfb-4a8b-87b3-8cb3253f4f09] Routing FlowFile[3614,93428135440673.mockFlowFile,24B] to original
[main] DEBUG org.apache.nifi.processors.standard.RouteText - RouteText[id=24e84634-fdfb-4a8b-87b3-8cb3253f4f09] Adding new dynamic property: PropertyDescriptor[simple]
[pool-4130-thread-1] INFO org.apache.nifi.processors.standard.RouteText - RouteText[id=24e84634-fdfb-4a8b-87b3-8cb3253f4f09] Created FlowFile[3617,93428135931541.mockFlowFile,24B] from FlowFile[3616,93428135931541.mockFlowFile,24B]; routing to relationship simple
[pool-4130-thread-1] INFO org.apache.nifi.processors.standard.RouteText - RouteText[id=24e84634-fdfb-4a8b-87b3-8cb3253f4f09] Routing FlowFile[3616,93428135931541.mockFlowFile,24B] to original
[main] DEBUG org.apache.nifi.processors.standard.RouteText - RouteText[id=24e84634-fdfb-4a8b-87b3-8cb3253f4f09] Adding new dynamic property: PropertyDescriptor[simple]
[pool-4131-thread-1] INFO org.apache.nifi.processors.standard.RouteText - RouteText[id=24e84634-fdfb-4a8b-87b3-8cb3253f4f09] Created FlowFile[3619,93428136430300.mockFlowFile,24B] from FlowFile[3618,93428136430300.mockFlowFile,24B]; routing to relationship simple
[pool-4131-thread-1] INFO org.apache.nifi.processors.standard.RouteText - RouteText[id=24e84634-fdfb-4a8b-87b3-8cb3253f4f09] Routing FlowFile[3618,93428136430300.mockFlowFile,24B] to original
[main] DEBUG org.apache.nifi.processors.standard.RouteText - RouteText[id=24e84634-fdfb-4a8b-87b3-8cb3253f4f09] Adding new dynamic property: PropertyDescriptor[simple]
[pool-4132-thread-1] INFO org.apache.nifi.processors.standard.RouteText - RouteText[id=24e84634-fdfb-4a8b-87b3-8cb3253f4f09] Created FlowFile[3621,93428136956180.mockFlowFile,24B] from FlowFile[3620,93428136956180.mockFlowFile,24B]; routing to relationship simple
[pool-4132-thread-1] INFO org.apache.nifi.processors.standard.RouteText - RouteText[id=24e84634-fdfb-4a8b-87b3-8cb3253f4f09] Routing FlowFile[3620,93428136956180.mockFlowFile,24B] to original
[main] DEBUG org.apache.nifi.processors.standard.RouteText - RouteText[id=24e84634-fdfb-4a8b-87b3-8cb3253f4f09] Adding new dynamic property: PropertyDescriptor[simple]
[pool-4133-thread-1] INFO org.apache.nifi.processors.standard.RouteText - RouteText[id=24e84634-fdfb-4a8b-87b3-8cb3253f4f09] Created FlowFile[3623,93428137454069.mockFlowFile,24B] from FlowFile[3622,93428137454069.mockFlowFile,24B]; routing to relationship simple
[pool-4133-thread-1] INFO org.apache.nifi.processors.standard.RouteText - RouteText[id=24e84634-fdfb-4a8b-87b3-8cb3253f4f09] Routing FlowFile[3622,93428137454069.mockFlowFile,24B] to original
[main] DEBUG org.apache.nifi.processors.standard.RouteText - RouteText[id=24e84634-fdfb-4a8b-87b3-8cb3253f4f09] Adding new dynamic property: PropertyDescriptor[simple]
[pool-4134-thread-1] INFO org.apache.nifi.processors.standard.RouteText - RouteText[id=24e84634-fdfb-4a8b-87b3-8cb3253f4f09] Created FlowFile[3625,93428137972856.mockFlowFile,24B] from FlowFile[3624,93428137972856.mockFlowFile,24B]; routing to relationship simple
[pool-4134-thread-1] INFO org.apache.nifi.processors.standard.RouteText - RouteText[id=24e84634-fdfb-4a8b-87b3-8cb3253f4f09] Routing FlowFile[3624,93428137972856.mockFlowFile,24B] to original
[main] DEBUG org.apache.nifi.processors.standard.RouteText - RouteText[id=24e84634-fdfb-4a8b-87b3-8cb3253f4f09] Adding new dynamic property: PropertyDescriptor[simple]
[pool-4135-thread-1] INFO org.apache.nifi.processors.standard.RouteText - RouteText[id=24e84634-fdfb-4a8b-87b3-8cb3253f4f09] Created FlowFile[3627,93428138455223.mockFlowFile,24B] from FlowFile[3626,93428138455223.mockFlowFile,24B]; routing to relationship simple
[pool-4135-thread-1] INFO org.apache.nifi.processors.standard.RouteText - RouteText[id=24e84634-fdfb-4a8b-87b3-8cb3253f4f09] Routing FlowFile[3626,93428138455223.mockFlowFile,24B] to original
[main] DEBUG org.apache.nifi.processors.standard.RouteText - RouteText[id=24e84634-fdfb-4a8b-87b3-8cb3253f4f09] Adding new dynamic property: PropertyDescriptor[simple]
[pool-4136-thread-1] INFO org.apache.nifi.processors.standard.RouteText - RouteText[id=24e84634-fdfb-4a8b-87b3-8cb3253f4f09] Created FlowFile[3629,93428138911193.mockFlowFile,24B] from FlowFile[3628,93428138911193.mockFlowFile,24B]; routing to relationship simple
[pool-4136-thread-1] INFO org.apache.nifi.processors.standard.RouteText - RouteText[id=24e84634-fdfb-4a8b-87b3-8cb3253f4f09] Routing FlowFile[3628,93428138911193.mockFlowFile,24B] to original
[main] DEBUG org.apache.nifi.processors.standard.RouteText - RouteText[id=24e84634-fdfb-4a8b-87b3-8cb3253f4f09] Adding new dynamic property: PropertyDescriptor[simple]
[pool-4137-thread-1] INFO org.apache.nifi.processors.standard.RouteText - RouteText[id=24e84634-fdfb-4a8b-87b3-8cb3253f4f09] Created FlowFile[3631,93428139374581.mockFlowFile,24B] from FlowFile[3630,93428139374581.mockFlowFile,24B]; routing to relationship simple
[pool-4137-thread-1] INFO org.apache.nifi.processors.standard.RouteText - RouteText[id=24e84634-fdfb-4a8b-87b3-8cb3253f4f09] Routing FlowFile[3630,93428139374581.mockFlowFile,24B] to original
[main] DEBUG org.apache.nifi.processors.standard.RouteText - RouteText[id=24e84634-fdfb-4a8b-87b3-8cb3253f4f09] Adding new dynamic property: PropertyDescriptor[simple]
[pool-4138-thread-1] INFO org.apache.nifi.processors.standard.RouteText - RouteText[id=24e84634-fdfb-4a8b-87b3-8cb3253f4f09] Created FlowFile[3633,93428139840366.mockFlowFile,24B] from FlowFile[3632,93428139840366.mockFlowFile,24B]; routing to relationship simple
[pool-4138-thread-1] INFO org.apache.nifi.processors.standard.RouteText - RouteText[id=24e84634-fdfb-4a8b-87b3-8cb3253f4f09] Routing FlowFile[3632,93428139840366.mockFlowFile,24B] to original
[main] DEBUG org.apache.nifi.processors.standard.RouteText - RouteText[id=24e84634-fdfb-4a8b-87b3-8cb3253f4f09] Adding new dynamic property: PropertyDescriptor[simple]
[pool-4139-thread-1] INFO org.apache.nifi.processors.standard.RouteText - RouteText[id=24e84634-fdfb-4a8b-87b3-8cb3253f4f09] Created FlowFile[3635,93428140506904.mockFlowFile,24B] from FlowFile[3634,93428140506904.mockFlowFile,24B]; routing to relationship simple
[pool-4139-thread-1] INFO org.apache.nifi.processors.standard.RouteText - RouteText[id=24e84634-fdfb-4a8b-87b3-8cb3253f4f09] Routing FlowFile[3634,93428140506904.mockFlowFile,24B] to original
[main] DEBUG org.apache.nifi.processors.standard.RouteText - RouteText[id=24e84634-fdfb-4a8b-87b3-8cb3253f4f09] Adding new dynamic property: PropertyDescriptor[simple]
[pool-4140-thread-1] INFO org.apache.nifi.processors.standard.RouteText - RouteText[id=24e84634-fdfb-4a8b-87b3-8cb3253f4f09] Created FlowFile[3637,93428141004830.mockFlowFile,24B] from FlowFile[3636,93428141004830.mockFlowFile,24B]; routing to relationship simple
[pool-4140-thread-1] INFO org.apache.nifi.processors.standard.RouteText - RouteText[id=24e84634-fdfb-4a8b-87b3-8cb3253f4f09] Routing FlowFile[3636,93428141004830.mockFlowFile,24B] to original
[main] DEBUG org.apache.nifi.processors.standard.RouteText - RouteText[id=24e84634-fdfb-4a8b-87b3-8cb3253f4f09] Adding new dynamic property: PropertyDescriptor[simple]
[pool-4141-thread-1] INFO org.apache.nifi.processors.standard.RouteText - RouteText[id=24e84634-fdfb-4a8b-87b3-8cb3253f4f09] Created FlowFile[3639,93428141485777.mockFlowFile,24B] from FlowFile[3638,93428141485777.mockFlowFile,24B]; routing to relationship simple
[pool-4141-thread-1] INFO org.apache.nifi.processors.standard.RouteText - RouteText[id=24e84634-fdfb-4a8b-87b3-8cb3253f4f09] Routing FlowFile[3638,93428141485777.mockFlowFile,24B] to original
[main] DEBUG org.apache.nifi.processors.standard.RouteText - RouteText[id=24e84634-fdfb-4a8b-87b3-8cb3253f4f09] Adding new dynamic property: PropertyDescriptor[simple]
[pool-4142-thread-1] INFO org.apache.nifi.processors.standard.RouteText - RouteText[id=24e84634-fdfb-4a8b-87b3-8cb3253f4f09] Created FlowFile[3641,93428141916851.mockFlowFile,24B] from FlowFile[3640,93428141916851.mockFlowFile,24B]; routing to relationship simple
[pool-4142-thread-1] INFO org.apache.nifi.processors.standard.RouteText - RouteText[id=24e84634-fdfb-4a8b-87b3-8cb3253f4f09] Routing FlowFile[3640,93428141916851.mockFlowFile,24B] to original
[main] DEBUG org.apache.nifi.processors.standard.RouteText - RouteText[id=24e84634-fdfb-4a8b-87b3-8cb3253f4f09] Adding new dynamic property: PropertyDescriptor[simple]
[pool-4143-thread-1] INFO org.apache.nifi.processors.standard.RouteText - RouteText[id=24e84634-fdfb-4a8b-87b3-8cb3253f4f09] Created FlowFile[3643,93428142386916.mockFlowFile,24B] from FlowFile[3642,93428142386916.mockFlowFile,24B]; routing to relationship simple
[pool-4143-thread-1] INFO org.apache.nifi.processors.standard.RouteText - RouteText[id=24e84634-fdfb-4a8b-87b3-8cb3253f4f09] Routing FlowFile[3642,93428142386916.mockFlowFile,24B] to original
[main] DEBUG org.apache.nifi.processors.standard.RouteText - RouteText[id=24e84634-fdfb-4a8b-87b3-8cb3253f4f09] Adding new dynamic property: PropertyDescriptor[simple]
[pool-4144-thread-1] INFO org.apache.nifi.processors.standard.RouteText - RouteText[id=24e84634-fdfb-4a8b-87b3-8cb3253f4f09] Created FlowFile[3645,93428142837775.mockFlowFile,24B] from FlowFile[3644,93428142837775.mockFlowFile,24B]; routing to relationship simple
[pool-4144-thread-1] INFO org.apache.nifi.processors.standard.RouteText - RouteText[id=24e84634-fdfb-4a8b-87b3-8cb3253f4f09] Routing FlowFile[3644,93428142837775.mockFlowFile,24B] to original
[main] DEBUG org.apache.nifi.processors.standard.RouteText - RouteText[id=24e84634-fdfb-4a8b-87b3-8cb3253f4f09] Adding new dynamic property: PropertyDescriptor[simple]
[pool-4145-thread-1] INFO org.apache.nifi.processors.standard.RouteText - RouteText[id=24e84634-fdfb-4a8b-87b3-8cb3253f4f09] Created FlowFile[3647,93428143287563.mockFlowFile,24B] from FlowFile[3646,93428143287563.mockFlowFile,24B]; routing to relationship simple
[pool-4145-thread-1] INFO org.apache.nifi.processors.standard.RouteText - RouteText[id=24e84634-fdfb-4a8b-87b3-8cb3253f4f09] Routing FlowFile[3646,93428143287563.mockFlowFile,24B] to original
[main] DEBUG org.apache.nifi.processors.standard.RouteText - RouteText[id=24e84634-fdfb-4a8b-87b3-8cb3253f4f09] Adding new dynamic property: PropertyDescriptor[simple]
[pool-4146-thread-1] INFO org.apache.nifi.processors.standard.RouteText - RouteText[id=24e84634-fdfb-4a8b-87b3-8cb3253f4f09] Created FlowFile[3649,93428143745715.mockFlowFile,24B] from FlowFile[3648,93428143745715.mockFlowFile,24B]; routing to relationship simple
[pool-4146-thread-1] INFO org.apache.nifi.processors.standard.RouteText - RouteText[id=24e84634-fdfb-4a8b-87b3-8cb3253f4f09] Routing FlowFile[3648,93428143745715.mockFlowFile,24B] to original
[main] DEBUG org.apache.nifi.processors.standard.RouteText - RouteText[id=24e84634-fdfb-4a8b-87b3-8cb3253f4f09] Adding new dynamic property: PropertyDescriptor[simple]
[pool-4147-thread-1] INFO org.apache.nifi.processors.standard.RouteText - RouteText[id=24e84634-fdfb-4a8b-87b3-8cb3253f4f09] Created FlowFile[3651,93428144201814.mockFlowFile,24B] from FlowFile[3650,93428144201814.mockFlowFile,24B]; routing to relationship simple
[pool-4147-thread-1] INFO org.apache.nifi.processors.standard.RouteText - RouteText[id=24e84634-fdfb-4a8b-87b3-8cb3253f4f09] Routing FlowFile[3650,93428144201814.mockFlowFile,24B] to original
[main] DEBUG org.apache.nifi.processors.standard.RouteText - RouteText[id=24e84634-fdfb-4a8b-87b3-8cb3253f4f09] Adding new dynamic property: PropertyDescriptor[simple]
[pool-4148-thread-1] INFO org.apache.nifi.processors.standard.RouteText - RouteText[id=24e84634-fdfb-4a8b-87b3-8cb3253f4f09] Created FlowFile[3653,93428144745861.mockFlowFile,24B] from FlowFile[3652,93428144745861.mockFlowFile,24B]; routing to relationship simple
[pool-4148-thread-1] INFO org.apache.nifi.processors.standard.RouteText - RouteText[id=24e84634-fdfb-4a8b-87b3-8cb3253f4f09] Routing FlowFile[3652,93428144745861.mockFlowFile,24B] to original
[main] DEBUG org.apache.nifi.processors.standard.RouteText - RouteText[id=24e84634-fdfb-4a8b-87b3-8cb3253f4f09] Adding new dynamic property: PropertyDescriptor[simple]
[pool-4149-thread-1] INFO org.apache.nifi.processors.standard.RouteText - RouteText[id=24e84634-fdfb-4a8b-87b3-8cb3253f4f09] Created FlowFile[3655,93428145220609.mockFlowFile,24B] from FlowFile[3654,93428145220609.mockFlowFile,24B]; routing to relationship simple
[pool-4149-thread-1] INFO org.apache.nifi.processors.standard.RouteText - RouteText[id=24e84634-fdfb-4a8b-87b3-8cb3253f4f09] Routing FlowFile[3654,93428145220609.mockFlowFile,24B] to original
[main] DEBUG org.apache.nifi.processors.standard.RouteText - RouteText[id=24e84634-fdfb-4a8b-87b3-8cb3253f4f09] Adding new dynamic property: PropertyDescriptor[simple]
[pool-4150-thread-1] INFO org.apache.nifi.processors.standard.RouteText - RouteText[id=24e84634-fdfb-4a8b-87b3-8cb3253f4f09] Created FlowFile[3657,93428145719870.mockFlowFile,24B] from FlowFile[3656,93428145719870.mockFlowFile,24B]; routing to relationship simple
[pool-4150-thread-1] INFO org.apache.nifi.processors.standard.RouteText - RouteText[id=24e84634-fdfb-4a8b-87b3-8cb3253f4f09] Routing FlowFile[3656,93428145719870.mockFlowFile,24B] to original
[main] DEBUG org.apache.nifi.processors.standard.RouteText - RouteText[id=24e84634-fdfb-4a8b-87b3-8cb3253f4f09] Adding new dynamic property: PropertyDescriptor[simple]
[pool-4151-thread-1] INFO org.apache.nifi.processors.standard.RouteText - RouteText[id=24e84634-fdfb-4a8b-87b3-8cb3253f4f09] Created FlowFile[3659,93428146196975.mockFlowFile,24B] from FlowFile[3658,93428146196975.mockFlowFile,24B]; routing to relationship simple
[pool-4151-thread-1] INFO org.apache.nifi.processors.standard.RouteText - RouteText[id=24e84634-fdfb-4a8b-87b3-8cb3253f4f09] Routing FlowFile[3658,93428146196975.mockFlowFile,24B] to original
[main] DEBUG org.apache.nifi.processors.standard.RouteText - RouteText[id=24e84634-fdfb-4a8b-87b3-8cb3253f4f09] Adding new dynamic property: PropertyDescriptor[simple]
[pool-4152-thread-1] INFO org.apache.nifi.processors.standard.RouteText - RouteText[id=24e84634-fdfb-4a8b-87b3-8cb3253f4f09] Created FlowFile[3661,93428146659196.mockFlowFile,24B] from FlowFile[3660,93428146659196.mockFlowFile,24B]; routing to relationship simple
[pool-4152-thread-1] INFO org.apache.nifi.processors.standard.RouteText - RouteText[id=24e84634-fdfb-4a8b-87b3-8cb3253f4f09] Routing FlowFile[3660,93428146659196.mockFlowFile,24B] to original
[main] DEBUG org.apache.nifi.processors.standard.RouteText - RouteText[id=24e84634-fdfb-4a8b-87b3-8cb3253f4f09] Adding new dynamic property: PropertyDescriptor[simple]
[pool-4153-thread-1] INFO org.apache.nifi.processors.standard.RouteText - RouteText[id=24e84634-fdfb-4a8b-87b3-8cb3253f4f09] Created FlowFile[3663,93428147106257.mockFlowFile,24B] from FlowFile[3662,93428147106257.mockFlowFile,24B]; routing to relationship simple
[pool-4153-thread-1] INFO org.apache.nifi.processors.standard.RouteText - RouteText[id=24e84634-fdfb-4a8b-87b3-8cb3253f4f09] Routing FlowFile[3662,93428147106257.mockFlowFile,24B] to original
[main] DEBUG org.apache.nifi.processors.standard.RouteText - RouteText[id=24e84634-fdfb-4a8b-87b3-8cb3253f4f09] Adding new dynamic property: PropertyDescriptor[simple]
[pool-4154-thread-1] INFO org.apache.nifi.processors.standard.RouteText - RouteText[id=24e84634-fdfb-4a8b-87b3-8cb3253f4f09] Created FlowFile[3665,93428147592734.mockFlowFile,24B] from FlowFile[3664,93428147592734.mockFlowFile,24B]; routing to relationship simple
[pool-4154-thread-1] INFO org.apache.nifi.processors.standard.RouteText - RouteText[id=24e84634-fdfb-4a8b-87b3-8cb3253f4f09] Routing FlowFile[3664,93428147592734.mockFlowFile,24B] to original
[main] DEBUG org.apache.nifi.processors.standard.RouteText - RouteText[id=24e84634-fdfb-4a8b-87b3-8cb3253f4f09] Adding new dynamic property: PropertyDescriptor[simple]
[pool-4155-thread-1] INFO org.apache.nifi.processors.standard.RouteText - RouteText[id=24e84634-fdfb-4a8b-87b3-8cb3253f4f09] Created FlowFile[3667,93428148077289.mockFlowFile,24B] from FlowFile[3666,93428148077289.mockFlowFile,24B]; routing to relationship simple
[pool-4155-thread-1] INFO org.apache.nifi.processors.standard.RouteText - RouteText[id=24e84634-fdfb-4a8b-87b3-8cb3253f4f09] Routing FlowFile[3666,93428148077289.mockFlowFile,24B] to original
[main] DEBUG org.apache.nifi.processors.standard.RouteText - RouteText[id=24e84634-fdfb-4a8b-87b3-8cb3253f4f09] Adding new dynamic property: PropertyDescriptor[simple]
[pool-4156-thread-1] INFO org.apache.nifi.processors.standard.RouteText - RouteText[id=24e84634-fdfb-4a8b-87b3-8cb3253f4f09] Created FlowFile[3669,93428148582761.mockFlowFile,24B] from FlowFile[3668,93428148582761.mockFlowFile,24B]; routing to relationship simple
[pool-4156-thread-1] INFO org.apache.nifi.processors.standard.RouteText - RouteText[id=24e84634-fdfb-4a8b-87b3-8cb3253f4f09] Routing FlowFile[3668,93428148582761.mockFlowFile,24B] to original
[main] DEBUG org.apache.nifi.processors.standard.RouteText - RouteText[id=24e84634-fdfb-4a8b-87b3-8cb3253f4f09] Adding new dynamic property: PropertyDescriptor[simple]
[pool-4157-thread-1] INFO org.apache.nifi.processors.standard.RouteText - RouteText[id=24e84634-fdfb-4a8b-87b3-8cb3253f4f09] Created FlowFile[3671,93428149029606.mockFlowFile,24B] from FlowFile[3670,93428149029606.mockFlowFile,24B]; routing to relationship simple
[pool-4157-thread-1] INFO org.apache.nifi.processors.standard.RouteText - RouteText[id=24e84634-fdfb-4a8b-87b3-8cb3253f4f09] Routing FlowFile[3670,93428149029606.mockFlowFile,24B] to original
[main] DEBUG org.apache.nifi.processors.standard.RouteText - RouteText[id=24e84634-fdfb-4a8b-87b3-8cb3253f4f09] Adding new dynamic property: PropertyDescriptor[simple]
[pool-4158-thread-1] INFO org.apache.nifi.processors.standard.RouteText - RouteText[id=24e84634-fdfb-4a8b-87b3-8cb3253f4f09] Created FlowFile[3673,93428149506534.mockFlowFile,24B] from FlowFile[3672,93428149506534.mockFlowFile,24B]; routing to relationship simple
[pool-4158-thread-1] INFO org.apache.nifi.processors.standard.RouteText - RouteText[id=24e84634-fdfb-4a8b-87b3-8cb3253f4f09] Routing FlowFile[3672,93428149506534.mockFlowFile,24B] to original
[main] DEBUG org.apache.nifi.processors.standard.RouteText - RouteText[id=24e84634-fdfb-4a8b-87b3-8cb3253f4f09] Adding new dynamic property: PropertyDescriptor[simple]
[pool-4159-thread-1] INFO org.apache.nifi.processors.standard.RouteText - RouteText[id=24e84634-fdfb-4a8b-87b3-8cb3253f4f09] Created FlowFile[3675,93428149968815.mockFlowFile,24B] from FlowFile[3674,93428149968815.mockFlowFile,24B]; routing to relationship simple
[pool-4159-thread-1] INFO org.apache.nifi.processors.standard.RouteText - RouteText[id=24e84634-fdfb-4a8b-87b3-8cb3253f4f09] Routing FlowFile[3674,93428149968815.mockFlowFile,24B] to original
[main] DEBUG org.apache.nifi.processors.standard.RouteText - RouteText[id=24e84634-fdfb-4a8b-87b3-8cb3253f4f09] Adding new dynamic property: PropertyDescriptor[simple]
[pool-4160-thread-1] INFO org.apache.nifi.processors.standard.RouteText - RouteText[id=24e84634-fdfb-4a8b-87b3-8cb3253f4f09] Created FlowFile[3677,93428150428861.mockFlowFile,24B] from FlowFile[3676,93428150428861.mockFlowFile,24B]; routing to relationship simple
[pool-4160-thread-1] INFO org.apache.nifi.processors.standard.RouteText - RouteText[id=24e84634-fdfb-4a8b-87b3-8cb3253f4f09] Routing FlowFile[3676,93428150428861.mockFlowFile,24B] to original
[main] DEBUG org.apache.nifi.processors.standard.RouteText - RouteText[id=24e84634-fdfb-4a8b-87b3-8cb3253f4f09] Adding new dynamic property: PropertyDescriptor[simple]
[pool-4161-thread-1] INFO org.apache.nifi.processors.standard.RouteText - RouteText[id=24e84634-fdfb-4a8b-87b3-8cb3253f4f09] Created FlowFile[3679,93428150871720.mockFlowFile,24B] from FlowFile[3678,93428150871720.mockFlowFile,24B]; routing to relationship simple
[pool-4161-thread-1] INFO org.apache.nifi.processors.standard.RouteText - RouteText[id=24e84634-fdfb-4a8b-87b3-8cb3253f4f09] Routing FlowFile[3678,93428150871720.mockFlowFile,24B] to original
[main] DEBUG org.apache.nifi.processors.standard.RouteText - RouteText[id=24e84634-fdfb-4a8b-87b3-8cb3253f4f09] Adding new dynamic property: PropertyDescriptor[simple]
[pool-4162-thread-1] INFO org.apache.nifi.processors.standard.RouteText - RouteText[id=24e84634-fdfb-4a8b-87b3-8cb3253f4f09] Created FlowFile[3681,93428151329162.mockFlowFile,24B] from FlowFile[3680,93428151329162.mockFlowFile,24B]; routing to relationship simple
[pool-4162-thread-1] INFO org.apache.nifi.processors.standard.RouteText - RouteText[id=24e84634-fdfb-4a8b-87b3-8cb3253f4f09] Routing FlowFile[3680,93428151329162.mockFlowFile,24B] to original
[main] DEBUG org.apache.nifi.processors.standard.RouteText - RouteText[id=24e84634-fdfb-4a8b-87b3-8cb3253f4f09] Adding new dynamic property: PropertyDescriptor[simple]
[pool-4163-thread-1] INFO org.apache.nifi.processors.standard.RouteText - RouteText[id=24e84634-fdfb-4a8b-87b3-8cb3253f4f09] Created FlowFile[3683,93428151794437.mockFlowFile,24B] from FlowFile[3682,93428151794437.mockFlowFile,24B]; routing to relationship simple
[pool-4163-thread-1] INFO org.apache.nifi.processors.standard.RouteText - RouteText[id=24e84634-fdfb-4a8b-87b3-8cb3253f4f09] Routing FlowFile[3682,93428151794437.mockFlowFile,24B] to original
[main] DEBUG org.apache.nifi.processors.standard.RouteText - RouteText[id=24e84634-fdfb-4a8b-87b3-8cb3253f4f09] Adding new dynamic property: PropertyDescriptor[simple]
[pool-4164-thread-1] INFO org.apache.nifi.processors.standard.RouteText - RouteText[id=24e84634-fdfb-4a8b-87b3-8cb3253f4f09] Created FlowFile[3685,93428152299991.mockFlowFile,24B] from FlowFile[3684,93428152299991.mockFlowFile,24B]; routing to relationship simple
[pool-4164-thread-1] INFO org.apache.nifi.processors.standard.RouteText - RouteText[id=24e84634-fdfb-4a8b-87b3-8cb3253f4f09] Routing FlowFile[3684,93428152299991.mockFlowFile,24B] to original
[main] DEBUG org.apache.nifi.processors.standard.RouteText - RouteText[id=24e84634-fdfb-4a8b-87b3-8cb3253f4f09] Adding new dynamic property: PropertyDescriptor[simple]
[pool-4165-thread-1] INFO org.apache.nifi.processors.standard.RouteText - RouteText[id=24e84634-fdfb-4a8b-87b3-8cb3253f4f09] Created FlowFile[3687,93428152806169.mockFlowFile,24B] from FlowFile[3686,93428152806169.mockFlowFile,24B]; routing to relationship simple
[pool-4165-thread-1] INFO org.apache.nifi.processors.standard.RouteText - RouteText[id=24e84634-fdfb-4a8b-87b3-8cb3253f4f09] Routing FlowFile[3686,93428152806169.mockFlowFile,24B] to original
[main] DEBUG org.apache.nifi.processors.standard.RouteText - RouteText[id=24e84634-fdfb-4a8b-87b3-8cb3253f4f09] Adding new dynamic property: PropertyDescriptor[simple]
[pool-4166-thread-1] INFO org.apache.nifi.processors.standard.RouteText - RouteText[id=24e84634-fdfb-4a8b-87b3-8cb3253f4f09] Created FlowFile[3689,93428153280180.mockFlowFile,24B] from FlowFile[3688,93428153280180.mockFlowFile,24B]; routing to relationship simple
[pool-4166-thread-1] INFO org.apache.nifi.processors.standard.RouteText - RouteText[id=24e84634-fdfb-4a8b-87b3-8cb3253f4f09] Routing FlowFile[3688,93428153280180.mockFlowFile,24B] to original
[main] DEBUG org.apache.nifi.processors.standard.RouteText - RouteText[id=24e84634-fdfb-4a8b-87b3-8cb3253f4f09] Adding new dynamic property: PropertyDescriptor[simple]
[pool-4167-thread-1] INFO org.apache.nifi.processors.standard.RouteText - RouteText[id=24e84634-fdfb-4a8b-87b3-8cb3253f4f09] Created FlowFile[3691,93428153746805.mockFlowFile,24B] from FlowFile[3690,93428153746805.mockFlowFile,24B]; routing to relationship simple
[pool-4167-thread-1] INFO org.apache.nifi.processors.standard.RouteText - RouteText[id=24e84634-fdfb-4a8b-87b3-8cb3253f4f09] Routing FlowFile[3690,93428153746805.mockFlowFile,24B] to original
[main] DEBUG org.apache.nifi.processors.standard.RouteText - RouteText[id=24e84634-fdfb-4a8b-87b3-8cb3253f4f09] Adding new dynamic property: PropertyDescriptor[simple]
[pool-4168-thread-1] INFO org.apache.nifi.processors.standard.RouteText - RouteText[id=24e84634-fdfb-4a8b-87b3-8cb3253f4f09] Created FlowFile[3693,93428154204164.mockFlowFile,24B] from FlowFile[3692,93428154204164.mockFlowFile,24B]; routing to relationship simple
[pool-4168-thread-1] INFO org.apache.nifi.processors.standard.RouteText - RouteText[id=24e84634-fdfb-4a8b-87b3-8cb3253f4f09] Routing FlowFile[3692,93428154204164.mockFlowFile,24B] to original
[main] DEBUG org.apache.nifi.processors.standard.RouteText - RouteText[id=24e84634-fdfb-4a8b-87b3-8cb3253f4f09] Adding new dynamic property: PropertyDescriptor[simple]
[pool-4169-thread-1] INFO org.apache.nifi.processors.standard.RouteText - RouteText[id=24e84634-fdfb-4a8b-87b3-8cb3253f4f09] Created FlowFile[3695,93428154644126.mockFlowFile,24B] from FlowFile[3694,93428154644126.mockFlowFile,24B]; routing to relationship simple
[pool-4169-thread-1] INFO org.apache.nifi.processors.standard.RouteText - RouteText[id=24e84634-fdfb-4a8b-87b3-8cb3253f4f09] Routing FlowFile[3694,93428154644126.mockFlowFile,24B] to original
[main] DEBUG org.apache.nifi.processors.standard.RouteText - RouteText[id=24e84634-fdfb-4a8b-87b3-8cb3253f4f09] Adding new dynamic property: PropertyDescriptor[simple]
[pool-4170-thread-1] INFO org.apache.nifi.processors.standard.RouteText - RouteText[id=24e84634-fdfb-4a8b-87b3-8cb3253f4f09] Created FlowFile[3697,93428155088342.mockFlowFile,24B] from FlowFile[3696,93428155088342.mockFlowFile,24B]; routing to relationship simple
[pool-4170-thread-1] INFO org.apache.nifi.processors.standard.RouteText - RouteText[id=24e84634-fdfb-4a8b-87b3-8cb3253f4f09] Routing FlowFile[3696,93428155088342.mockFlowFile,24B] to original
[main] DEBUG org.apache.nifi.processors.standard.RouteText - RouteText[id=24e84634-fdfb-4a8b-87b3-8cb3253f4f09] Adding new dynamic property: PropertyDescriptor[simple]
[pool-4171-thread-1] INFO org.apache.nifi.processors.standard.RouteText - RouteText[id=24e84634-fdfb-4a8b-87b3-8cb3253f4f09] Created FlowFile[3699,93428155553897.mockFlowFile,24B] from FlowFile[3698,93428155553897.mockFlowFile,24B]; routing to relationship simple
[pool-4171-thread-1] INFO org.apache.nifi.processors.standard.RouteText - RouteText[id=24e84634-fdfb-4a8b-87b3-8cb3253f4f09] Routing FlowFile[3698,93428155553897.mockFlowFile,24B] to original
[main] DEBUG org.apache.nifi.processors.standard.RouteText - RouteText[id=24e84634-fdfb-4a8b-87b3-8cb3253f4f09] Adding new dynamic property: PropertyDescriptor[simple]
[pool-4172-thread-1] INFO org.apache.nifi.processors.standard.RouteText - RouteText[id=24e84634-fdfb-4a8b-87b3-8cb3253f4f09] Created FlowFile[3701,93428156320444.mockFlowFile,24B] from FlowFile[3700,93428156320444.mockFlowFile,24B]; routing to relationship simple
[pool-4172-thread-1] INFO org.apache.nifi.processors.standard.RouteText - RouteText[id=24e84634-fdfb-4a8b-87b3-8cb3253f4f09] Routing FlowFile[3700,93428156320444.mockFlowFile,24B] to original
[main] DEBUG org.apache.nifi.processors.standard.RouteText - RouteText[id=24e84634-fdfb-4a8b-87b3-8cb3253f4f09] Adding new dynamic property: PropertyDescriptor[simple]
[pool-4173-thread-1] INFO org.apache.nifi.processors.standard.RouteText - RouteText[id=24e84634-fdfb-4a8b-87b3-8cb3253f4f09] Created FlowFile[3703,93428156831055.mockFlowFile,24B] from FlowFile[3702,93428156831055.mockFlowFile,24B]; routing to relationship simple
[pool-4173-thread-1] INFO org.apache.nifi.processors.standard.RouteText - RouteText[id=24e84634-fdfb-4a8b-87b3-8cb3253f4f09] Routing FlowFile[3702,93428156831055.mockFlowFile,24B] to original
[main] DEBUG org.apache.nifi.processors.standard.RouteText - RouteText[id=24e84634-fdfb-4a8b-87b3-8cb3253f4f09] Adding new dynamic property: PropertyDescriptor[simple]
[pool-4174-thread-1] INFO org.apache.nifi.processors.standard.RouteText - RouteText[id=24e84634-fdfb-4a8b-87b3-8cb3253f4f09] Created FlowFile[3705,93428157301200.mockFlowFile,24B] from FlowFile[3704,93428157301200.mockFlowFile,24B]; routing to relationship simple
[pool-4174-thread-1] INFO org.apache.nifi.processors.standard.RouteText - RouteText[id=24e84634-fdfb-4a8b-87b3-8cb3253f4f09] Routing FlowFile[3704,93428157301200.mockFlowFile,24B] to original
[main] DEBUG org.apache.nifi.processors.standard.RouteText - RouteText[id=24e84634-fdfb-4a8b-87b3-8cb3253f4f09] Adding new dynamic property: PropertyDescriptor[simple]
[pool-4175-thread-1] INFO org.apache.nifi.processors.standard.RouteText - RouteText[id=24e84634-fdfb-4a8b-87b3-8cb3253f4f09] Created FlowFile[3707,93428157760248.mockFlowFile,24B] from FlowFile[3706,93428157760248.mockFlowFile,24B]; routing to relationship simple
[pool-4175-thread-1] INFO org.apache.nifi.processors.standard.RouteText - RouteText[id=24e84634-fdfb-4a8b-87b3-8cb3253f4f09] Routing FlowFile[3706,93428157760248.mockFlowFile,24B] to original
[main] DEBUG org.apache.nifi.processors.standard.RouteText - RouteText[id=24e84634-fdfb-4a8b-87b3-8cb3253f4f09] Adding new dynamic property: PropertyDescriptor[simple]
[pool-4176-thread-1] INFO org.apache.nifi.processors.standard.RouteText - RouteText[id=24e84634-fdfb-4a8b-87b3-8cb3253f4f09] Created FlowFile[3709,93428158229363.mockFlowFile,24B] from FlowFile[3708,93428158229363.mockFlowFile,24B]; routing to relationship simple
[pool-4176-thread-1] INFO org.apache.nifi.processors.standard.RouteText - RouteText[id=24e84634-fdfb-4a8b-87b3-8cb3253f4f09] Routing FlowFile[3708,93428158229363.mockFlowFile,24B] to original
[main] DEBUG org.apache.nifi.processors.standard.RouteText - RouteText[id=24e84634-fdfb-4a8b-87b3-8cb3253f4f09] Adding new dynamic property: PropertyDescriptor[simple]
[pool-4177-thread-1] INFO org.apache.nifi.processors.standard.RouteText - RouteText[id=24e84634-fdfb-4a8b-87b3-8cb3253f4f09] Created FlowFile[3711,93428158708813.mockFlowFile,24B] from FlowFile[3710,93428158708813.mockFlowFile,24B]; routing to relationship simple
[pool-4177-thread-1] INFO org.apache.nifi.processors.standard.RouteText - RouteText[id=24e84634-fdfb-4a8b-87b3-8cb3253f4f09] Routing FlowFile[3710,93428158708813.mockFlowFile,24B] to original
[main] DEBUG org.apache.nifi.processors.standard.RouteText - RouteText[id=24e84634-fdfb-4a8b-87b3-8cb3253f4f09] Adding new dynamic property: PropertyDescriptor[simple]
[pool-4178-thread-1] INFO org.apache.nifi.processors.standard.RouteText - RouteText[id=24e84634-fdfb-4a8b-87b3-8cb3253f4f09] Created FlowFile[3713,93428159166202.mockFlowFile,24B] from FlowFile[3712,93428159166202.mockFlowFile,24B]; routing to relationship simple
[pool-4178-thread-1] INFO org.apache.nifi.processors.standard.RouteText - RouteText[id=24e84634-fdfb-4a8b-87b3-8cb3253f4f09] Routing FlowFile[3712,93428159166202.mockFlowFile,24B] to original
[main] DEBUG org.apache.nifi.processors.standard.RouteText - RouteText[id=24e84634-fdfb-4a8b-87b3-8cb3253f4f09] Adding new dynamic property: PropertyDescriptor[simple]
[pool-4179-thread-1] INFO org.apache.nifi.processors.standard.RouteText - RouteText[id=24e84634-fdfb-4a8b-87b3-8cb3253f4f09] Created FlowFile[3715,93428159630910.mockFlowFile,24B] from FlowFile[3714,93428159630910.mockFlowFile,24B]; routing to relationship simple
[pool-4179-thread-1] INFO org.apache.nifi.processors.standard.RouteText - RouteText[id=24e84634-fdfb-4a8b-87b3-8cb3253f4f09] Routing FlowFile[3714,93428159630910.mockFlowFile,24B] to original
[main] DEBUG org.apache.nifi.processors.standard.RouteText - RouteText[id=24e84634-fdfb-4a8b-87b3-8cb3253f4f09] Adding new dynamic property: PropertyDescriptor[simple]
[pool-4180-thread-1] INFO org.apache.nifi.processors.standard.RouteText - RouteText[id=24e84634-fdfb-4a8b-87b3-8cb3253f4f09] Created FlowFile[3717,93428160124454.mockFlowFile,24B] from FlowFile[3716,93428160124454.mockFlowFile,24B]; routing to relationship simple
[pool-4180-thread-1] INFO org.apache.nifi.processors.standard.RouteText - RouteText[id=24e84634-fdfb-4a8b-87b3-8cb3253f4f09] Routing FlowFile[3716,93428160124454.mockFlowFile,24B] to original
[main] DEBUG org.apache.nifi.processors.standard.RouteText - RouteText[id=24e84634-fdfb-4a8b-87b3-8cb3253f4f09] Adding new dynamic property: PropertyDescriptor[simple]
[pool-4181-thread-1] INFO org.apache.nifi.processors.standard.RouteText - RouteText[id=24e84634-fdfb-4a8b-87b3-8cb3253f4f09] Created FlowFile[3719,93428160626866.mockFlowFile,24B] from FlowFile[3718,93428160626866.mockFlowFile,24B]; routing to relationship simple
[pool-4181-thread-1] INFO org.apache.nifi.processors.standard.RouteText - RouteText[id=24e84634-fdfb-4a8b-87b3-8cb3253f4f09] Routing FlowFile[3718,93428160626866.mockFlowFile,24B] to original
[main] DEBUG org.apache.nifi.processors.standard.RouteText - RouteText[id=24e84634-fdfb-4a8b-87b3-8cb3253f4f09] Adding new dynamic property: PropertyDescriptor[simple]
[pool-4182-thread-1] INFO org.apache.nifi.processors.standard.RouteText - RouteText[id=24e84634-fdfb-4a8b-87b3-8cb3253f4f09] Created FlowFile[3721,93428161120427.mockFlowFile,24B] from FlowFile[3720,93428161120427.mockFlowFile,24B]; routing to relationship simple
[pool-4182-thread-1] INFO org.apache.nifi.processors.standard.RouteText - RouteText[id=24e84634-fdfb-4a8b-87b3-8cb3253f4f09] Routing FlowFile[3720,93428161120427.mockFlowFile,24B] to original
[main] DEBUG org.apache.nifi.processors.standard.RouteText - RouteText[id=24e84634-fdfb-4a8b-87b3-8cb3253f4f09] Adding new dynamic property: PropertyDescriptor[simple]
[pool-4183-thread-1] INFO org.apache.nifi.processors.standard.RouteText - RouteText[id=24e84634-fdfb-4a8b-87b3-8cb3253f4f09] Created FlowFile[3723,93428161594086.mockFlowFile,24B] from FlowFile[3722,93428161594086.mockFlowFile,24B]; routing to relationship simple
[pool-4183-thread-1] INFO org.apache.nifi.processors.standard.RouteText - RouteText[id=24e84634-fdfb-4a8b-87b3-8cb3253f4f09] Routing FlowFile[3722,93428161594086.mockFlowFile,24B] to original
[main] DEBUG org.apache.nifi.processors.standard.RouteText - RouteText[id=24e84634-fdfb-4a8b-87b3-8cb3253f4f09] Adding new dynamic property: PropertyDescriptor[simple]
[pool-4184-thread-1] INFO org.apache.nifi.processors.standard.RouteText - RouteText[id=24e84634-fdfb-4a8b-87b3-8cb3253f4f09] Created FlowFile[3725,93428162061884.mockFlowFile,24B] from FlowFile[3724,93428162061884.mockFlowFile,24B]; routing to relationship simple
[pool-4184-thread-1] INFO org.apache.nifi.processors.standard.RouteText - RouteText[id=24e84634-fdfb-4a8b-87b3-8cb3253f4f09] Routing FlowFile[3724,93428162061884.mockFlowFile,24B] to original
[main] DEBUG org.apache.nifi.processors.standard.RouteText - RouteText[id=24e84634-fdfb-4a8b-87b3-8cb3253f4f09] Adding new dynamic property: PropertyDescriptor[simple]
[pool-4185-thread-1] INFO org.apache.nifi.processors.standard.RouteText - RouteText[id=24e84634-fdfb-4a8b-87b3-8cb3253f4f09] Created FlowFile[3727,93428162508428.mockFlowFile,24B] from FlowFile[3726,93428162508428.mockFlowFile,24B]; routing to relationship simple
[pool-4185-thread-1] INFO org.apache.nifi.processors.standard.RouteText - RouteText[id=24e84634-fdfb-4a8b-87b3-8cb3253f4f09] Routing FlowFile[3726,93428162508428.mockFlowFile,24B] to original
[main] DEBUG org.apache.nifi.processors.standard.RouteText - RouteText[id=24e84634-fdfb-4a8b-87b3-8cb3253f4f09] Adding new dynamic property: PropertyDescriptor[simple]
[pool-4186-thread-1] INFO org.apache.nifi.processors.standard.RouteText - RouteText[id=24e84634-fdfb-4a8b-87b3-8cb3253f4f09] Created FlowFile[3729,93428162955604.mockFlowFile,24B] from FlowFile[3728,93428162955604.mockFlowFile,24B]; routing to relationship simple
[pool-4186-thread-1] INFO org.apache.nifi.processors.standard.RouteText - RouteText[id=24e84634-fdfb-4a8b-87b3-8cb3253f4f09] Routing FlowFile[3728,93428162955604.mockFlowFile,24B] to original
[main] DEBUG org.apache.nifi.processors.standard.RouteText - RouteText[id=24e84634-fdfb-4a8b-87b3-8cb3253f4f09] Adding new dynamic property: PropertyDescriptor[simple]
[pool-4187-thread-1] INFO org.apache.nifi.processors.standard.RouteText - RouteText[id=24e84634-fdfb-4a8b-87b3-8cb3253f4f09] Created FlowFile[3731,93428163381757.mockFlowFile,24B] from FlowFile[3730,93428163381757.mockFlowFile,24B]; routing to relationship simple
[pool-4187-thread-1] INFO org.apache.nifi.processors.standard.RouteText - RouteText[id=24e84634-fdfb-4a8b-87b3-8cb3253f4f09] Routing FlowFile[3730,93428163381757.mockFlowFile,24B] to original
[main] DEBUG org.apache.nifi.processors.standard.RouteText - RouteText[id=24e84634-fdfb-4a8b-87b3-8cb3253f4f09] Adding new dynamic property: PropertyDescriptor[simple]
[pool-4188-thread-1] INFO org.apache.nifi.processors.standard.RouteText - RouteText[id=24e84634-fdfb-4a8b-87b3-8cb3253f4f09] Created FlowFile[3733,93428163817290.mockFlowFile,24B] from FlowFile[3732,93428163817290.mockFlowFile,24B]; routing to relationship simple
[pool-4188-thread-1] INFO org.apache.nifi.processors.standard.RouteText - RouteText[id=24e84634-fdfb-4a8b-87b3-8cb3253f4f09] Routing FlowFile[3732,93428163817290.mockFlowFile,24B] to original
[main] DEBUG org.apache.nifi.processors.standard.RouteText - RouteText[id=24e84634-fdfb-4a8b-87b3-8cb3253f4f09] Adding new dynamic property: PropertyDescriptor[simple]
[pool-4189-thread-1] INFO org.apache.nifi.processors.standard.RouteText - RouteText[id=24e84634-fdfb-4a8b-87b3-8cb3253f4f09] Created FlowFile[3735,93428164269590.mockFlowFile,24B] from FlowFile[3734,93428164269590.mockFlowFile,24B]; routing to relationship simple
[pool-4189-thread-1] INFO org.apache.nifi.processors.standard.RouteText - RouteText[id=24e84634-fdfb-4a8b-87b3-8cb3253f4f09] Routing FlowFile[3734,93428164269590.mockFlowFile,24B] to original
[main] DEBUG org.apache.nifi.processors.standard.RouteText - RouteText[id=24e84634-fdfb-4a8b-87b3-8cb3253f4f09] Adding new dynamic property: PropertyDescriptor[simple]
[pool-4190-thread-1] INFO org.apache.nifi.processors.standard.RouteText - RouteText[id=24e84634-fdfb-4a8b-87b3-8cb3253f4f09] Created FlowFile[3737,93428164799033.mockFlowFile,24B] from FlowFile[3736,93428164799033.mockFlowFile,24B]; routing to relationship simple
[pool-4190-thread-1] INFO org.apache.nifi.processors.standard.RouteText - RouteText[id=24e84634-fdfb-4a8b-87b3-8cb3253f4f09] Routing FlowFile[3736,93428164799033.mockFlowFile,24B] to original
[main] DEBUG org.apache.nifi.processors.standard.RouteText - RouteText[id=24e84634-fdfb-4a8b-87b3-8cb3253f4f09] Adding new dynamic property: PropertyDescriptor[simple]
[pool-4191-thread-1] INFO org.apache.nifi.processors.standard.RouteText - RouteText[id=24e84634-fdfb-4a8b-87b3-8cb3253f4f09] Created FlowFile[3739,93428165238094.mockFlowFile,24B] from FlowFile[3738,93428165238094.mockFlowFile,24B]; routing to relationship simple
[pool-4191-thread-1] INFO org.apache.nifi.processors.standard.RouteText - RouteText[id=24e84634-fdfb-4a8b-87b3-8cb3253f4f09] Routing FlowFile[3738,93428165238094.mockFlowFile,24B] to original
[main] DEBUG org.apache.nifi.processors.standard.RouteText - RouteText[id=24e84634-fdfb-4a8b-87b3-8cb3253f4f09] Adding new dynamic property: PropertyDescriptor[simple]
[pool-4192-thread-1] INFO org.apache.nifi.processors.standard.RouteText - RouteText[id=24e84634-fdfb-4a8b-87b3-8cb3253f4f09] Created FlowFile[3741,93428165656701.mockFlowFile,24B] from FlowFile[3740,93428165656701.mockFlowFile,24B]; routing to relationship simple
[pool-4192-thread-1] INFO org.apache.nifi.processors.standard.RouteText - RouteText[id=24e84634-fdfb-4a8b-87b3-8cb3253f4f09] Routing FlowFile[3740,93428165656701.mockFlowFile,24B] to original
[main] DEBUG org.apache.nifi.processors.standard.RouteText - RouteText[id=24e84634-fdfb-4a8b-87b3-8cb3253f4f09] Adding new dynamic property: PropertyDescriptor[simple]
[pool-4193-thread-1] INFO org.apache.nifi.processors.standard.RouteText - RouteText[id=24e84634-fdfb-4a8b-87b3-8cb3253f4f09] Created FlowFile[3743,93428166094504.mockFlowFile,24B] from FlowFile[3742,93428166094504.mockFlowFile,24B]; routing to relationship simple
[pool-4193-thread-1] INFO org.apache.nifi.processors.standard.RouteText - RouteText[id=24e84634-fdfb-4a8b-87b3-8cb3253f4f09] Routing FlowFile[3742,93428166094504.mockFlowFile,24B] to original
[main] DEBUG org.apache.nifi.processors.standard.RouteText - RouteText[id=24e84634-fdfb-4a8b-87b3-8cb3253f4f09] Adding new dynamic property: PropertyDescriptor[simple]
[pool-4194-thread-1] INFO org.apache.nifi.processors.standard.RouteText - RouteText[id=24e84634-fdfb-4a8b-87b3-8cb3253f4f09] Created FlowFile[3745,93428166530520.mockFlowFile,24B] from FlowFile[3744,93428166530520.mockFlowFile,24B]; routing to relationship simple
[pool-4194-thread-1] INFO org.apache.nifi.processors.standard.RouteText - RouteText[id=24e84634-fdfb-4a8b-87b3-8cb3253f4f09] Routing FlowFile[3744,93428166530520.mockFlowFile,24B] to original
[main] DEBUG org.apache.nifi.processors.standard.RouteText - RouteText[id=24e84634-fdfb-4a8b-87b3-8cb3253f4f09] Adding new dynamic property: PropertyDescriptor[simple]
[pool-4195-thread-1] INFO org.apache.nifi.processors.standard.RouteText - RouteText[id=24e84634-fdfb-4a8b-87b3-8cb3253f4f09] Created FlowFile[3747,93428166957696.mockFlowFile,24B] from FlowFile[3746,93428166957696.mockFlowFile,24B]; routing to relationship simple
[pool-4195-thread-1] INFO org.apache.nifi.processors.standard.RouteText - RouteText[id=24e84634-fdfb-4a8b-87b3-8cb3253f4f09] Routing FlowFile[3746,93428166957696.mockFlowFile,24B] to original
[main] DEBUG org.apache.nifi.processors.standard.RouteText - RouteText[id=24e84634-fdfb-4a8b-87b3-8cb3253f4f09] Adding new dynamic property: PropertyDescriptor[simple]
[pool-4196-thread-1] INFO org.apache.nifi.processors.standard.RouteText - RouteText[id=24e84634-fdfb-4a8b-87b3-8cb3253f4f09] Created FlowFile[3749,93428167406274.mockFlowFile,24B] from FlowFile[3748,93428167406274.mockFlowFile,24B]; routing to relationship simple
[pool-4196-thread-1] INFO org.apache.nifi.processors.standard.RouteText - RouteText[id=24e84634-fdfb-4a8b-87b3-8cb3253f4f09] Routing FlowFile[3748,93428167406274.mockFlowFile,24B] to original
[main] DEBUG org.apache.nifi.processors.standard.RouteText - RouteText[id=24e84634-fdfb-4a8b-87b3-8cb3253f4f09] Adding new dynamic property: PropertyDescriptor[simple]
[pool-4197-thread-1] INFO org.apache.nifi.processors.standard.RouteText - RouteText[id=24e84634-fdfb-4a8b-87b3-8cb3253f4f09] Created FlowFile[3751,93428167849621.mockFlowFile,24B] from FlowFile[3750,93428167849621.mockFlowFile,24B]; routing to relationship simple
[pool-4197-thread-1] INFO org.apache.nifi.processors.standard.RouteText - RouteText[id=24e84634-fdfb-4a8b-87b3-8cb3253f4f09] Routing FlowFile[3750,93428167849621.mockFlowFile,24B] to original
[main] DEBUG org.apache.nifi.processors.standard.RouteText - RouteText[id=24e84634-fdfb-4a8b-87b3-8cb3253f4f09] Adding new dynamic property: PropertyDescriptor[simple]
[pool-4198-thread-1] INFO org.apache.nifi.processors.standard.RouteText - RouteText[id=24e84634-fdfb-4a8b-87b3-8cb3253f4f09] Created FlowFile[3753,93428168294425.mockFlowFile,24B] from FlowFile[3752,93428168294425.mockFlowFile,24B]; routing to relationship simple
[pool-4198-thread-1] INFO org.apache.nifi.processors.standard.RouteText - RouteText[id=24e84634-fdfb-4a8b-87b3-8cb3253f4f09] Routing FlowFile[3752,93428168294425.mockFlowFile,24B] to original
[main] DEBUG org.apache.nifi.processors.standard.RouteText - RouteText[id=24e84634-fdfb-4a8b-87b3-8cb3253f4f09] Adding new dynamic property: PropertyDescriptor[simple]
[pool-4199-thread-1] INFO org.apache.nifi.processors.standard.RouteText - RouteText[id=24e84634-fdfb-4a8b-87b3-8cb3253f4f09] Created FlowFile[3755,93428168743945.mockFlowFile,24B] from FlowFile[3754,93428168743945.mockFlowFile,24B]; routing to relationship simple
[pool-4199-thread-1] INFO org.apache.nifi.processors.standard.RouteText - RouteText[id=24e84634-fdfb-4a8b-87b3-8cb3253f4f09] Routing FlowFile[3754,93428168743945.mockFlowFile,24B] to original
[main] DEBUG org.apache.nifi.processors.standard.RouteText - RouteText[id=24e84634-fdfb-4a8b-87b3-8cb3253f4f09] Adding new dynamic property: PropertyDescriptor[simple]
[pool-4200-thread-1] INFO org.apache.nifi.processors.standard.RouteText - RouteText[id=24e84634-fdfb-4a8b-87b3-8cb3253f4f09] Created FlowFile[3757,93428169174325.mockFlowFile,24B] from FlowFile[3756,93428169174325.mockFlowFile,24B]; routing to relationship simple
[pool-4200-thread-1] INFO org.apache.nifi.processors.standard.RouteText - RouteText[id=24e84634-fdfb-4a8b-87b3-8cb3253f4f09] Routing FlowFile[3756,93428169174325.mockFlowFile,24B] to original
[main] DEBUG org.apache.nifi.processors.standard.RouteText - RouteText[id=24e84634-fdfb-4a8b-87b3-8cb3253f4f09] Adding new dynamic property: PropertyDescriptor[simple]
[pool-4201-thread-1] INFO org.apache.nifi.processors.standard.RouteText - RouteText[id=24e84634-fdfb-4a8b-87b3-8cb3253f4f09] Created FlowFile[3759,93428169600870.mockFlowFile,24B] from FlowFile[3758,93428169600870.mockFlowFile,24B]; routing to relationship simple
[pool-4201-thread-1] INFO org.apache.nifi.processors.standard.RouteText - RouteText[id=24e84634-fdfb-4a8b-87b3-8cb3253f4f09] Routing FlowFile[3758,93428169600870.mockFlowFile,24B] to original
[main] DEBUG org.apache.nifi.processors.standard.RouteText - RouteText[id=24e84634-fdfb-4a8b-87b3-8cb3253f4f09] Adding new dynamic property: PropertyDescriptor[simple]
[pool-4202-thread-1] INFO org.apache.nifi.processors.standard.RouteText - RouteText[id=24e84634-fdfb-4a8b-87b3-8cb3253f4f09] Created FlowFile[3761,93428170036079.mockFlowFile,24B] from FlowFile[3760,93428170036079.mockFlowFile,24B]; routing to relationship simple
[pool-4202-thread-1] INFO org.apache.nifi.processors.standard.RouteText - RouteText[id=24e84634-fdfb-4a8b-87b3-8cb3253f4f09] Routing FlowFile[3760,93428170036079.mockFlowFile,24B] to original
[main] DEBUG org.apache.nifi.processors.standard.RouteText - RouteText[id=24e84634-fdfb-4a8b-87b3-8cb3253f4f09] Adding new dynamic property: PropertyDescriptor[simple]
[pool-4203-thread-1] INFO org.apache.nifi.processors.standard.RouteText - RouteText[id=24e84634-fdfb-4a8b-87b3-8cb3253f4f09] Created FlowFile[3763,93428170463659.mockFlowFile,24B] from FlowFile[3762,93428170463659.mockFlowFile,24B]; routing to relationship simple
[pool-4203-thread-1] INFO org.apache.nifi.processors.standard.RouteText - RouteText[id=24e84634-fdfb-4a8b-87b3-8cb3253f4f09] Routing FlowFile[3762,93428170463659.mockFlowFile,24B] to original
[main] DEBUG org.apache.nifi.processors.standard.RouteText - RouteText[id=24e84634-fdfb-4a8b-87b3-8cb3253f4f09] Adding new dynamic property: PropertyDescriptor[simple]
[pool-4204-thread-1] INFO org.apache.nifi.processors.standard.RouteText - RouteText[id=24e84634-fdfb-4a8b-87b3-8cb3253f4f09] Created FlowFile[3765,93428170889733.mockFlowFile,24B] from FlowFile[3764,93428170889733.mockFlowFile,24B]; routing to relationship simple
[pool-4204-thread-1] INFO org.apache.nifi.processors.standard.RouteText - RouteText[id=24e84634-fdfb-4a8b-87b3-8cb3253f4f09] Routing FlowFile[3764,93428170889733.mockFlowFile,24B] to original
[main] DEBUG org.apache.nifi.processors.standard.RouteText - RouteText[id=24e84634-fdfb-4a8b-87b3-8cb3253f4f09] Adding new dynamic property: PropertyDescriptor[simple]
[pool-4205-thread-1] INFO org.apache.nifi.processors.standard.RouteText - RouteText[id=24e84634-fdfb-4a8b-87b3-8cb3253f4f09] Created FlowFile[3767,93428171321621.mockFlowFile,24B] from FlowFile[3766,93428171321621.mockFlowFile,24B]; routing to relationship simple
[pool-4205-thread-1] INFO org.apache.nifi.processors.standard.RouteText - RouteText[id=24e84634-fdfb-4a8b-87b3-8cb3253f4f09] Routing FlowFile[3766,93428171321621.mockFlowFile,24B] to original
[main] DEBUG org.apache.nifi.processors.standard.RouteText - RouteText[id=24e84634-fdfb-4a8b-87b3-8cb3253f4f09] Adding new dynamic property: PropertyDescriptor[simple]
[pool-4206-thread-1] INFO org.apache.nifi.processors.standard.RouteText - RouteText[id=24e84634-fdfb-4a8b-87b3-8cb3253f4f09] Created FlowFile[3769,93428171740462.mockFlowFile,24B] from FlowFile[3768,93428171740462.mockFlowFile,24B]; routing to relationship simple
[pool-4206-thread-1] INFO org.apache.nifi.processors.standard.RouteText - RouteText[id=24e84634-fdfb-4a8b-87b3-8cb3253f4f09] Routing FlowFile[3768,93428171740462.mockFlowFile,24B] to original
[main] DEBUG org.apache.nifi.processors.standard.RouteText - RouteText[id=24e84634-fdfb-4a8b-87b3-8cb3253f4f09] Adding new dynamic property: PropertyDescriptor[simple]
[pool-4207-thread-1] INFO org.apache.nifi.processors.standard.RouteText - RouteText[id=24e84634-fdfb-4a8b-87b3-8cb3253f4f09] Created FlowFile[3771,93428172176721.mockFlowFile,24B] from FlowFile[3770,93428172176721.mockFlowFile,24B]; routing to relationship simple
[pool-4207-thread-1] INFO org.apache.nifi.processors.standard.RouteText - RouteText[id=24e84634-fdfb-4a8b-87b3-8cb3253f4f09] Routing FlowFile[3770,93428172176721.mockFlowFile,24B] to original
[main] DEBUG org.apache.nifi.processors.standard.RouteText - RouteText[id=24e84634-fdfb-4a8b-87b3-8cb3253f4f09] Adding new dynamic property: PropertyDescriptor[simple]
[pool-4208-thread-1] INFO org.apache.nifi.processors.standard.RouteText - RouteText[id=24e84634-fdfb-4a8b-87b3-8cb3253f4f09] Created FlowFile[3773,93428172621701.mockFlowFile,24B] from FlowFile[3772,93428172621701.mockFlowFile,24B]; routing to relationship simple
[pool-4208-thread-1] INFO org.apache.nifi.processors.standard.RouteText - RouteText[id=24e84634-fdfb-4a8b-87b3-8cb3253f4f09] Routing FlowFile[3772,93428172621701.mockFlowFile,24B] to original
[main] DEBUG org.apache.nifi.processors.standard.RouteText - RouteText[id=24e84634-fdfb-4a8b-87b3-8cb3253f4f09] Adding new dynamic property: PropertyDescriptor[simple]
[pool-4209-thread-1] INFO org.apache.nifi.processors.standard.RouteText - RouteText[id=24e84634-fdfb-4a8b-87b3-8cb3253f4f09] Created FlowFile[3775,93428173053510.mockFlowFile,24B] from FlowFile[3774,93428173053510.mockFlowFile,24B]; routing to relationship simple
[pool-4209-thread-1] INFO org.apache.nifi.processors.standard.RouteText - RouteText[id=24e84634-fdfb-4a8b-87b3-8cb3253f4f09] Routing FlowFile[3774,93428173053510.mockFlowFile,24B] to original
[main] DEBUG org.apache.nifi.processors.standard.RouteText - RouteText[id=24e84634-fdfb-4a8b-87b3-8cb3253f4f09] Adding new dynamic property: PropertyDescriptor[simple]
[pool-4210-thread-1] INFO org.apache.nifi.processors.standard.RouteText - RouteText[id=24e84634-fdfb-4a8b-87b3-8cb3253f4f09] Created FlowFile[3777,93428173486993.mockFlowFile,24B] from FlowFile[3776,93428173486993.mockFlowFile,24B]; routing to relationship simple
[pool-4210-thread-1] INFO org.apache.nifi.processors.standard.RouteText - RouteText[id=24e84634-fdfb-4a8b-87b3-8cb3253f4f09] Routing FlowFile[3776,93428173486993.mockFlowFile,24B] to original
[main] DEBUG org.apache.nifi.processors.standard.RouteText - RouteText[id=24e84634-fdfb-4a8b-87b3-8cb3253f4f09] Adding new dynamic property: PropertyDescriptor[simple]
[pool-4211-thread-1] INFO org.apache.nifi.processors.standard.RouteText - RouteText[id=24e84634-fdfb-4a8b-87b3-8cb3253f4f09] Created FlowFile[3779,93428173949523.mockFlowFile,24B] from FlowFile[3778,93428173949523.mockFlowFile,24B]; routing to relationship simple
[pool-4211-thread-1] INFO org.apache.nifi.processors.standard.RouteText - RouteText[id=24e84634-fdfb-4a8b-87b3-8cb3253f4f09] Routing FlowFile[3778,93428173949523.mockFlowFile,24B] to original
[main] DEBUG org.apache.nifi.processors.standard.RouteText - RouteText[id=24e84634-fdfb-4a8b-87b3-8cb3253f4f09] Adding new dynamic property: PropertyDescriptor[simple]
[pool-4212-thread-1] INFO org.apache.nifi.processors.standard.RouteText - RouteText[id=24e84634-fdfb-4a8b-87b3-8cb3253f4f09] Created FlowFile[3781,93428174379852.mockFlowFile,24B] from FlowFile[3780,93428174379852.mockFlowFile,24B]; routing to relationship simple
[pool-4212-thread-1] INFO org.apache.nifi.processors.standard.RouteText - RouteText[id=24e84634-fdfb-4a8b-87b3-8cb3253f4f09] Routing FlowFile[3780,93428174379852.mockFlowFile,24B] to original
[main] DEBUG org.apache.nifi.processors.standard.RouteText - RouteText[id=24e84634-fdfb-4a8b-87b3-8cb3253f4f09] Adding new dynamic property: PropertyDescriptor[simple]
[pool-4213-thread-1] INFO org.apache.nifi.processors.standard.RouteText - RouteText[id=24e84634-fdfb-4a8b-87b3-8cb3253f4f09] Created FlowFile[3783,93428174814104.mockFlowFile,24B] from FlowFile[3782,93428174814104.mockFlowFile,24B]; routing to relationship simple
[pool-4213-thread-1] INFO org.apache.nifi.processors.standard.RouteText - RouteText[id=24e84634-fdfb-4a8b-87b3-8cb3253f4f09] Routing FlowFile[3782,93428174814104.mockFlowFile,24B] to original
[main] DEBUG org.apache.nifi.processors.standard.RouteText - RouteText[id=24e84634-fdfb-4a8b-87b3-8cb3253f4f09] Adding new dynamic property: PropertyDescriptor[simple]
[pool-4214-thread-1] INFO org.apache.nifi.processors.standard.RouteText - RouteText[id=24e84634-fdfb-4a8b-87b3-8cb3253f4f09] Created FlowFile[3785,93428175239672.mockFlowFile,24B] from FlowFile[3784,93428175239672.mockFlowFile,24B]; routing to relationship simple
[pool-4214-thread-1] INFO org.apache.nifi.processors.standard.RouteText - RouteText[id=24e84634-fdfb-4a8b-87b3-8cb3253f4f09] Routing FlowFile[3784,93428175239672.mockFlowFile,24B] to original
[main] DEBUG org.apache.nifi.processors.standard.RouteText - RouteText[id=24e84634-fdfb-4a8b-87b3-8cb3253f4f09] Adding new dynamic property: PropertyDescriptor[simple]
[pool-4215-thread-1] INFO org.apache.nifi.processors.standard.RouteText - RouteText[id=24e84634-fdfb-4a8b-87b3-8cb3253f4f09] Created FlowFile[3787,93428175678721.mockFlowFile,24B] from FlowFile[3786,93428175678721.mockFlowFile,24B]; routing to relationship simple
[pool-4215-thread-1] INFO org.apache.nifi.processors.standard.RouteText - RouteText[id=24e84634-fdfb-4a8b-87b3-8cb3253f4f09] Routing FlowFile[3786,93428175678721.mockFlowFile,24B] to original
[main] DEBUG org.apache.nifi.processors.standard.RouteText - RouteText[id=24e84634-fdfb-4a8b-87b3-8cb3253f4f09] Adding new dynamic property: PropertyDescriptor[simple]
[pool-4216-thread-1] INFO org.apache.nifi.processors.standard.RouteText - RouteText[id=24e84634-fdfb-4a8b-87b3-8cb3253f4f09] Created FlowFile[3789,93428176267672.mockFlowFile,24B] from FlowFile[3788,93428176267672.mockFlowFile,24B]; routing to relationship simple
[pool-4216-thread-1] INFO org.apache.nifi.processors.standard.RouteText - RouteText[id=24e84634-fdfb-4a8b-87b3-8cb3253f4f09] Routing FlowFile[3788,93428176267672.mockFlowFile,24B] to original
[main] DEBUG org.apache.nifi.processors.standard.RouteText - RouteText[id=24e84634-fdfb-4a8b-87b3-8cb3253f4f09] Adding new dynamic property: PropertyDescriptor[simple]
[pool-4217-thread-1] INFO org.apache.nifi.processors.standard.RouteText - RouteText[id=24e84634-fdfb-4a8b-87b3-8cb3253f4f09] Created FlowFile[3791,93428176722231.mockFlowFile,24B] from FlowFile[3790,93428176722231.mockFlowFile,24B]; routing to relationship simple
[pool-4217-thread-1] INFO org.apache.nifi.processors.standard.RouteText - RouteText[id=24e84634-fdfb-4a8b-87b3-8cb3253f4f09] Routing FlowFile[3790,93428176722231.mockFlowFile,24B] to original
[main] DEBUG org.apache.nifi.processors.standard.RouteText - RouteText[id=24e84634-fdfb-4a8b-87b3-8cb3253f4f09] Adding new dynamic property: PropertyDescriptor[simple]
[pool-4218-thread-1] INFO org.apache.nifi.processors.standard.RouteText - RouteText[id=24e84634-fdfb-4a8b-87b3-8cb3253f4f09] Created FlowFile[3793,93428177182097.mockFlowFile,24B] from FlowFile[3792,93428177182097.mockFlowFile,24B]; routing to relationship simple
[pool-4218-thread-1] INFO org.apache.nifi.processors.standard.RouteText - RouteText[id=24e84634-fdfb-4a8b-87b3-8cb3253f4f09] Routing FlowFile[3792,93428177182097.mockFlowFile,24B] to original
[main] DEBUG org.apache.nifi.processors.standard.RouteText - RouteText[id=24e84634-fdfb-4a8b-87b3-8cb3253f4f09] Adding new dynamic property: PropertyDescriptor[simple]
[pool-4219-thread-1] INFO org.apache.nifi.processors.standard.RouteText - RouteText[id=24e84634-fdfb-4a8b-87b3-8cb3253f4f09] Created FlowFile[3795,93428177630876.mockFlowFile,24B] from FlowFile[3794,93428177630876.mockFlowFile,24B]; routing to relationship simple
[pool-4219-thread-1] INFO org.apache.nifi.processors.standard.RouteText - RouteText[id=24e84634-fdfb-4a8b-87b3-8cb3253f4f09] Routing FlowFile[3794,93428177630876.mockFlowFile,24B] to original
[main] DEBUG org.apache.nifi.processors.standard.RouteText - RouteText[id=24e84634-fdfb-4a8b-87b3-8cb3253f4f09] Adding new dynamic property: PropertyDescriptor[simple]
[pool-4220-thread-1] INFO org.apache.nifi.processors.standard.RouteText - RouteText[id=24e84634-fdfb-4a8b-87b3-8cb3253f4f09] Created FlowFile[3797,93428178082099.mockFlowFile,24B] from FlowFile[3796,93428178082099.mockFlowFile,24B]; routing to relationship simple
[pool-4220-thread-1] INFO org.apache.nifi.processors.standard.RouteText - RouteText[id=24e84634-fdfb-4a8b-87b3-8cb3253f4f09] Routing FlowFile[3796,93428178082099.mockFlowFile,24B] to original
[main] DEBUG org.apache.nifi.processors.standard.RouteText - RouteText[id=24e84634-fdfb-4a8b-87b3-8cb3253f4f09] Adding new dynamic property: PropertyDescriptor[simple]
[pool-4221-thread-1] INFO org.apache.nifi.processors.standard.RouteText - RouteText[id=24e84634-fdfb-4a8b-87b3-8cb3253f4f09] Created FlowFile[3799,93428178533485.mockFlowFile,24B] from FlowFile[3798,93428178533485.mockFlowFile,24B]; routing to relationship simple
[pool-4221-thread-1] INFO org.apache.nifi.processors.standard.RouteText - RouteText[id=24e84634-fdfb-4a8b-87b3-8cb3253f4f09] Routing FlowFile[3798,93428178533485.mockFlowFile,24B] to original
[main] DEBUG org.apache.nifi.processors.standard.RouteText - RouteText[id=24e84634-fdfb-4a8b-87b3-8cb3253f4f09] Adding new dynamic property: PropertyDescriptor[simple]
[pool-4222-thread-1] INFO org.apache.nifi.processors.standard.RouteText - RouteText[id=24e84634-fdfb-4a8b-87b3-8cb3253f4f09] Created FlowFile[3801,93428179000806.mockFlowFile,24B] from FlowFile[3800,93428179000806.mockFlowFile,24B]; routing to relationship simple
[pool-4222-thread-1] INFO org.apache.nifi.processors.standard.RouteText - RouteText[id=24e84634-fdfb-4a8b-87b3-8cb3253f4f09] Routing FlowFile[3800,93428179000806.mockFlowFile,24B] to original
[main] DEBUG org.apache.nifi.processors.standard.RouteText - RouteText[id=24e84634-fdfb-4a8b-87b3-8cb3253f4f09] Adding new dynamic property: PropertyDescriptor[simple]
[pool-4223-thread-1] INFO org.apache.nifi.processors.standard.RouteText - RouteText[id=24e84634-fdfb-4a8b-87b3-8cb3253f4f09] Created FlowFile[3803,93428179468541.mockFlowFile,24B] from FlowFile[3802,93428179468541.mockFlowFile,24B]; routing to relationship simple
[pool-4223-thread-1] INFO org.apache.nifi.processors.standard.RouteText - RouteText[id=24e84634-fdfb-4a8b-87b3-8cb3253f4f09] Routing FlowFile[3802,93428179468541.mockFlowFile,24B] to original
[main] DEBUG org.apache.nifi.processors.standard.RouteText - RouteText[id=24e84634-fdfb-4a8b-87b3-8cb3253f4f09] Adding new dynamic property: PropertyDescriptor[simple]
[pool-4224-thread-1] INFO org.apache.nifi.processors.standard.RouteText - RouteText[id=24e84634-fdfb-4a8b-87b3-8cb3253f4f09] Created FlowFile[3805,93428179932027.mockFlowFile,24B] from FlowFile[3804,93428179932027.mockFlowFile,24B]; routing to relationship simple
[pool-4224-thread-1] INFO org.apache.nifi.processors.standard.RouteText - RouteText[id=24e84634-fdfb-4a8b-87b3-8cb3253f4f09] Routing FlowFile[3804,93428179932027.mockFlowFile,24B] to original
[main] DEBUG org.apache.nifi.processors.standard.RouteText - RouteText[id=24e84634-fdfb-4a8b-87b3-8cb3253f4f09] Adding new dynamic property: PropertyDescriptor[simple]
[pool-4225-thread-1] INFO org.apache.nifi.processors.standard.RouteText - RouteText[id=24e84634-fdfb-4a8b-87b3-8cb3253f4f09] Created FlowFile[3807,93428180426594.mockFlowFile,24B] from FlowFile[3806,93428180426594.mockFlowFile,24B]; routing to relationship simple
[pool-4225-thread-1] INFO org.apache.nifi.processors.standard.RouteText - RouteText[id=24e84634-fdfb-4a8b-87b3-8cb3253f4f09] Routing FlowFile[3806,93428180426594.mockFlowFile,24B] to original
[main] DEBUG org.apache.nifi.processors.standard.RouteText - RouteText[id=24e84634-fdfb-4a8b-87b3-8cb3253f4f09] Adding new dynamic property: PropertyDescriptor[simple]
[pool-4226-thread-1] INFO org.apache.nifi.processors.standard.RouteText - RouteText[id=24e84634-fdfb-4a8b-87b3-8cb3253f4f09] Created FlowFile[3809,93428180891531.mockFlowFile,24B] from FlowFile[3808,93428180891531.mockFlowFile,24B]; routing to relationship simple
[pool-4226-thread-1] INFO org.apache.nifi.processors.standard.RouteText - RouteText[id=24e84634-fdfb-4a8b-87b3-8cb3253f4f09] Routing FlowFile[3808,93428180891531.mockFlowFile,24B] to original
[main] DEBUG org.apache.nifi.processors.standard.RouteText - RouteText[id=24e84634-fdfb-4a8b-87b3-8cb3253f4f09] Adding new dynamic property: PropertyDescriptor[simple]
[pool-4227-thread-1] INFO org.apache.nifi.processors.standard.RouteText - RouteText[id=24e84634-fdfb-4a8b-87b3-8cb3253f4f09] Created FlowFile[3811,93428181351885.mockFlowFile,24B] from FlowFile[3810,93428181351885.mockFlowFile,24B]; routing to relationship simple
[pool-4227-thread-1] INFO org.apache.nifi.processors.standard.RouteText - RouteText[id=24e84634-fdfb-4a8b-87b3-8cb3253f4f09] Routing FlowFile[3810,93428181351885.mockFlowFile,24B] to original
[main] DEBUG org.apache.nifi.processors.standard.RouteText - RouteText[id=24e84634-fdfb-4a8b-87b3-8cb3253f4f09] Adding new dynamic property: PropertyDescriptor[simple]
[pool-4228-thread-1] INFO org.apache.nifi.processors.standard.RouteText - RouteText[id=24e84634-fdfb-4a8b-87b3-8cb3253f4f09] Created FlowFile[3813,93428181806482.mockFlowFile,24B] from FlowFile[3812,93428181806482.mockFlowFile,24B]; routing to relationship simple
[pool-4228-thread-1] INFO org.apache.nifi.processors.standard.RouteText - RouteText[id=24e84634-fdfb-4a8b-87b3-8cb3253f4f09] Routing FlowFile[3812,93428181806482.mockFlowFile,24B] to original
[main] DEBUG org.apache.nifi.processors.standard.RouteText - RouteText[id=24e84634-fdfb-4a8b-87b3-8cb3253f4f09] Adding new dynamic property: PropertyDescriptor[simple]
[pool-4229-thread-1] INFO org.apache.nifi.processors.standard.RouteText - RouteText[id=24e84634-fdfb-4a8b-87b3-8cb3253f4f09] Created FlowFile[3815,93428182265452.mockFlowFile,24B] from FlowFile[3814,93428182265452.mockFlowFile,24B]; routing to relationship simple
[pool-4229-thread-1] INFO org.apache.nifi.processors.standard.RouteText - RouteText[id=24e84634-fdfb-4a8b-87b3-8cb3253f4f09] Routing FlowFile[3814,93428182265452.mockFlowFile,24B] to original
[main] DEBUG org.apache.nifi.processors.standard.RouteText - RouteText[id=24e84634-fdfb-4a8b-87b3-8cb3253f4f09] Adding new dynamic property: PropertyDescriptor[simple]
[pool-4230-thread-1] INFO org.apache.nifi.processors.standard.RouteText - RouteText[id=24e84634-fdfb-4a8b-87b3-8cb3253f4f09] Created FlowFile[3817,93428182722029.mockFlowFile,24B] from FlowFile[3816,93428182722029.mockFlowFile,24B]; routing to relationship simple
[pool-4230-thread-1] INFO org.apache.nifi.processors.standard.RouteText - RouteText[id=24e84634-fdfb-4a8b-87b3-8cb3253f4f09] Routing FlowFile[3816,93428182722029.mockFlowFile,24B] to original
[main] DEBUG org.apache.nifi.processors.standard.RouteText - RouteText[id=24e84634-fdfb-4a8b-87b3-8cb3253f4f09] Adding new dynamic property: PropertyDescriptor[simple]
[pool-4231-thread-1] INFO org.apache.nifi.processors.standard.RouteText - RouteText[id=24e84634-fdfb-4a8b-87b3-8cb3253f4f09] Created FlowFile[3819,93428183185733.mockFlowFile,24B] from FlowFile[3818,93428183185733.mockFlowFile,24B]; routing to relationship simple
[pool-4231-thread-1] INFO org.apache.nifi.processors.standard.RouteText - RouteText[id=24e84634-fdfb-4a8b-87b3-8cb3253f4f09] Routing FlowFile[3818,93428183185733.mockFlowFile,24B] to original
[main] DEBUG org.apache.nifi.processors.standard.RouteText - RouteText[id=24e84634-fdfb-4a8b-87b3-8cb3253f4f09] Adding new dynamic property: PropertyDescriptor[simple]
[pool-4232-thread-1] INFO org.apache.nifi.processors.standard.RouteText - RouteText[id=24e84634-fdfb-4a8b-87b3-8cb3253f4f09] Created FlowFile[3821,93428183644727.mockFlowFile,24B] from FlowFile[3820,93428183644727.mockFlowFile,24B]; routing to relationship simple
[pool-4232-thread-1] INFO org.apache.nifi.processors.standard.RouteText - RouteText[id=24e84634-fdfb-4a8b-87b3-8cb3253f4f09] Routing FlowFile[3820,93428183644727.mockFlowFile,24B] to original
[main] DEBUG org.apache.nifi.processors.standard.RouteText - RouteText[id=24e84634-fdfb-4a8b-87b3-8cb3253f4f09] Adding new dynamic property: PropertyDescriptor[simple]
[pool-4233-thread-1] INFO org.apache.nifi.processors.standard.RouteText - RouteText[id=24e84634-fdfb-4a8b-87b3-8cb3253f4f09] Created FlowFile[3823,93428184097931.mockFlowFile,24B] from FlowFile[3822,93428184097931.mockFlowFile,24B]; routing to relationship simple
[pool-4233-thread-1] INFO org.apache.nifi.processors.standard.RouteText - RouteText[id=24e84634-fdfb-4a8b-87b3-8cb3253f4f09] Routing FlowFile[3822,93428184097931.mockFlowFile,24B] to original
[main] DEBUG org.apache.nifi.processors.standard.RouteText - RouteText[id=24e84634-fdfb-4a8b-87b3-8cb3253f4f09] Adding new dynamic property: PropertyDescriptor[simple]
[pool-4234-thread-1] INFO org.apache.nifi.processors.standard.RouteText - RouteText[id=24e84634-fdfb-4a8b-87b3-8cb3253f4f09] Created FlowFile[3825,93428184575578.mockFlowFile,24B] from FlowFile[3824,93428184575578.mockFlowFile,24B]; routing to relationship simple
[pool-4234-thread-1] INFO org.apache.nifi.processors.standard.RouteText - RouteText[id=24e84634-fdfb-4a8b-87b3-8cb3253f4f09] Routing FlowFile[3824,93428184575578.mockFlowFile,24B] to original
[main] DEBUG org.apache.nifi.processors.standard.RouteText - RouteText[id=24e84634-fdfb-4a8b-87b3-8cb3253f4f09] Adding new dynamic property: PropertyDescriptor[simple]
[pool-4235-thread-1] INFO org.apache.nifi.processors.standard.RouteText - RouteText[id=24e84634-fdfb-4a8b-87b3-8cb3253f4f09] Created FlowFile[3827,93428185018119.mockFlowFile,24B] from FlowFile[3826,93428185018119.mockFlowFile,24B]; routing to relationship simple
[pool-4235-thread-1] INFO org.apache.nifi.processors.standard.RouteText - RouteText[id=24e84634-fdfb-4a8b-87b3-8cb3253f4f09] Routing FlowFile[3826,93428185018119.mockFlowFile,24B] to original
[main] DEBUG org.apache.nifi.processors.standard.RouteText - RouteText[id=24e84634-fdfb-4a8b-87b3-8cb3253f4f09] Adding new dynamic property: PropertyDescriptor[simple]
[pool-4236-thread-1] INFO org.apache.nifi.processors.standard.RouteText - RouteText[id=24e84634-fdfb-4a8b-87b3-8cb3253f4f09] Created FlowFile[3829,93428185551641.mockFlowFile,24B] from FlowFile[3828,93428185551641.mockFlowFile,24B]; routing to relationship simple
[pool-4236-thread-1] INFO org.apache.nifi.processors.standard.RouteText - RouteText[id=24e84634-fdfb-4a8b-87b3-8cb3253f4f09] Routing FlowFile[3828,93428185551641.mockFlowFile,24B] to original
[main] DEBUG org.apache.nifi.processors.standard.RouteText - RouteText[id=24e84634-fdfb-4a8b-87b3-8cb3253f4f09] Adding new dynamic property: PropertyDescriptor[simple]
[pool-4237-thread-1] INFO org.apache.nifi.processors.standard.RouteText - RouteText[id=24e84634-fdfb-4a8b-87b3-8cb3253f4f09] Created FlowFile[3831,93428186030089.mockFlowFile,24B] from FlowFile[3830,93428186030089.mockFlowFile,24B]; routing to relationship simple
[pool-4237-thread-1] INFO org.apache.nifi.processors.standard.RouteText - RouteText[id=24e84634-fdfb-4a8b-87b3-8cb3253f4f09] Routing FlowFile[3830,93428186030089.mockFlowFile,24B] to original
[main] DEBUG org.apache.nifi.processors.standard.RouteText - RouteText[id=24e84634-fdfb-4a8b-87b3-8cb3253f4f09] Adding new dynamic property: PropertyDescriptor[simple]
[pool-4238-thread-1] INFO org.apache.nifi.processors.standard.RouteText - RouteText[id=24e84634-fdfb-4a8b-87b3-8cb3253f4f09] Created FlowFile[3833,93428186483070.mockFlowFile,24B] from FlowFile[3832,93428186483070.mockFlowFile,24B]; routing to relationship simple
[pool-4238-thread-1] INFO org.apache.nifi.processors.standard.RouteText - RouteText[id=24e84634-fdfb-4a8b-87b3-8cb3253f4f09] Routing FlowFile[3832,93428186483070.mockFlowFile,24B] to original
[main] DEBUG org.apache.nifi.processors.standard.RouteText - RouteText[id=24e84634-fdfb-4a8b-87b3-8cb3253f4f09] Adding new dynamic property: PropertyDescriptor[simple]
[pool-4239-thread-1] INFO org.apache.nifi.processors.standard.RouteText - RouteText[id=24e84634-fdfb-4a8b-87b3-8cb3253f4f09] Created FlowFile[3835,93428186944120.mockFlowFile,24B] from FlowFile[3834,93428186944120.mockFlowFile,24B]; routing to relationship simple
[pool-4239-thread-1] INFO org.apache.nifi.processors.standard.RouteText - RouteText[id=24e84634-fdfb-4a8b-87b3-8cb3253f4f09] Routing FlowFile[3834,93428186944120.mockFlowFile,24B] to original
[main] DEBUG org.apache.nifi.processors.standard.RouteText - RouteText[id=24e84634-fdfb-4a8b-87b3-8cb3253f4f09] Adding new dynamic property: PropertyDescriptor[simple]
[pool-4240-thread-1] INFO org.apache.nifi.processors.standard.RouteText - RouteText[id=24e84634-fdfb-4a8b-87b3-8cb3253f4f09] Created FlowFile[3837,93428187407424.mockFlowFile,24B] from FlowFile[3836,93428187407424.mockFlowFile,24B]; routing to relationship simple
[pool-4240-thread-1] INFO org.apache.nifi.processors.standard.RouteText - RouteText[id=24e84634-fdfb-4a8b-87b3-8cb3253f4f09] Routing FlowFile[3836,93428187407424.mockFlowFile,24B] to original
[main] DEBUG org.apache.nifi.processors.standard.RouteText - RouteText[id=24e84634-fdfb-4a8b-87b3-8cb3253f4f09] Adding new dynamic property: PropertyDescriptor[simple]
[pool-4241-thread-1] INFO org.apache.nifi.processors.standard.RouteText - RouteText[id=24e84634-fdfb-4a8b-87b3-8cb3253f4f09] Created FlowFile[3839,93428187856594.mockFlowFile,24B] from FlowFile[3838,93428187856594.mockFlowFile,24B]; routing to relationship simple
[pool-4241-thread-1] INFO org.apache.nifi.processors.standard.RouteText - RouteText[id=24e84634-fdfb-4a8b-87b3-8cb3253f4f09] Routing FlowFile[3838,93428187856594.mockFlowFile,24B] to original
[main] DEBUG org.apache.nifi.processors.standard.RouteText - RouteText[id=24e84634-fdfb-4a8b-87b3-8cb3253f4f09] Adding new dynamic property: PropertyDescriptor[simple]
[pool-4242-thread-1] INFO org.apache.nifi.processors.standard.RouteText - RouteText[id=24e84634-fdfb-4a8b-87b3-8cb3253f4f09] Created FlowFile[3841,93428188339684.mockFlowFile,24B] from FlowFile[3840,93428188339684.mockFlowFile,24B]; routing to relationship simple
[pool-4242-thread-1] INFO org.apache.nifi.processors.standard.RouteText - RouteText[id=24e84634-fdfb-4a8b-87b3-8cb3253f4f09] Routing FlowFile[3840,93428188339684.mockFlowFile,24B] to original
[main] DEBUG org.apache.nifi.processors.standard.RouteText - RouteText[id=24e84634-fdfb-4a8b-87b3-8cb3253f4f09] Adding new dynamic property: PropertyDescriptor[simple]
[pool-4243-thread-1] INFO org.apache.nifi.processors.standard.RouteText - RouteText[id=24e84634-fdfb-4a8b-87b3-8cb3253f4f09] Created FlowFile[3843,93428188808414.mockFlowFile,24B] from FlowFile[3842,93428188808414.mockFlowFile,24B]; routing to relationship simple
[pool-4243-thread-1] INFO org.apache.nifi.processors.standard.RouteText - RouteText[id=24e84634-fdfb-4a8b-87b3-8cb3253f4f09] Routing FlowFile[3842,93428188808414.mockFlowFile,24B] to original
[main] DEBUG org.apache.nifi.processors.standard.RouteText - RouteText[id=24e84634-fdfb-4a8b-87b3-8cb3253f4f09] Adding new dynamic property: PropertyDescriptor[simple]
[pool-4244-thread-1] INFO org.apache.nifi.processors.standard.RouteText - RouteText[id=24e84634-fdfb-4a8b-87b3-8cb3253f4f09] Created FlowFile[3845,93428189284644.mockFlowFile,24B] from FlowFile[3844,93428189284644.mockFlowFile,24B]; routing to relationship simple
[pool-4244-thread-1] INFO org.apache.nifi.processors.standard.RouteText - RouteText[id=24e84634-fdfb-4a8b-87b3-8cb3253f4f09] Routing FlowFile[3844,93428189284644.mockFlowFile,24B] to original
[main] DEBUG org.apache.nifi.processors.standard.RouteText - RouteText[id=24e84634-fdfb-4a8b-87b3-8cb3253f4f09] Adding new dynamic property: PropertyDescriptor[simple]
[pool-4245-thread-1] INFO org.apache.nifi.processors.standard.RouteText - RouteText[id=24e84634-fdfb-4a8b-87b3-8cb3253f4f09] Created FlowFile[3847,93428189763055.mockFlowFile,24B] from FlowFile[3846,93428189763055.mockFlowFile,24B]; routing to relationship simple
[pool-4245-thread-1] INFO org.apache.nifi.processors.standard.RouteText - RouteText[id=24e84634-fdfb-4a8b-87b3-8cb3253f4f09] Routing FlowFile[3846,93428189763055.mockFlowFile,24B] to original
[main] DEBUG org.apache.nifi.processors.standard.RouteText - RouteText[id=24e84634-fdfb-4a8b-87b3-8cb3253f4f09] Adding new dynamic property: PropertyDescriptor[simple]
[pool-4246-thread-1] INFO org.apache.nifi.processors.standard.RouteText - RouteText[id=24e84634-fdfb-4a8b-87b3-8cb3253f4f09] Created FlowFile[3849,93428190210476.mockFlowFile,24B] from FlowFile[3848,93428190210476.mockFlowFile,24B]; routing to relationship simple
[pool-4246-thread-1] INFO org.apache.nifi.processors.standard.RouteText - RouteText[id=24e84634-fdfb-4a8b-87b3-8cb3253f4f09] Routing FlowFile[3848,93428190210476.mockFlowFile,24B] to original
[main] DEBUG org.apache.nifi.processors.standard.RouteText - RouteText[id=24e84634-fdfb-4a8b-87b3-8cb3253f4f09] Adding new dynamic property: PropertyDescriptor[simple]
[pool-4247-thread-1] INFO org.apache.nifi.processors.standard.RouteText - RouteText[id=24e84634-fdfb-4a8b-87b3-8cb3253f4f09] Created FlowFile[3851,93428190636119.mockFlowFile,24B] from FlowFile[3850,93428190636119.mockFlowFile,24B]; routing to relationship simple
[pool-4247-thread-1] INFO org.apache.nifi.processors.standard.RouteText - RouteText[id=24e84634-fdfb-4a8b-87b3-8cb3253f4f09] Routing FlowFile[3850,93428190636119.mockFlowFile,24B] to original
[main] DEBUG org.apache.nifi.processors.standard.RouteText - RouteText[id=24e84634-fdfb-4a8b-87b3-8cb3253f4f09] Adding new dynamic property: PropertyDescriptor[simple]
[pool-4248-thread-1] INFO org.apache.nifi.processors.standard.RouteText - RouteText[id=24e84634-fdfb-4a8b-87b3-8cb3253f4f09] Created FlowFile[3853,93428191068216.mockFlowFile,24B] from FlowFile[3852,93428191068216.mockFlowFile,24B]; routing to relationship simple
[pool-4248-thread-1] INFO org.apache.nifi.processors.standard.RouteText - RouteText[id=24e84634-fdfb-4a8b-87b3-8cb3253f4f09] Routing FlowFile[3852,93428191068216.mockFlowFile,24B] to original
[main] DEBUG org.apache.nifi.processors.standard.RouteText - RouteText[id=24e84634-fdfb-4a8b-87b3-8cb3253f4f09] Adding new dynamic property: PropertyDescriptor[simple]
[pool-4249-thread-1] INFO org.apache.nifi.processors.standard.RouteText - RouteText[id=24e84634-fdfb-4a8b-87b3-8cb3253f4f09] Created FlowFile[3855,93428191510900.mockFlowFile,24B] from FlowFile[3854,93428191510900.mockFlowFile,24B]; routing to relationship simple
[pool-4249-thread-1] INFO org.apache.nifi.processors.standard.RouteText - RouteText[id=24e84634-fdfb-4a8b-87b3-8cb3253f4f09] Routing FlowFile[3854,93428191510900.mockFlowFile,24B] to original
[main] DEBUG org.apache.nifi.processors.standard.RouteText - RouteText[id=24e84634-fdfb-4a8b-87b3-8cb3253f4f09] Adding new dynamic property: PropertyDescriptor[simple]
[pool-4250-thread-1] INFO org.apache.nifi.processors.standard.RouteText - RouteText[id=24e84634-fdfb-4a8b-87b3-8cb3253f4f09] Created FlowFile[3857,93428191981399.mockFlowFile,24B] from FlowFile[3856,93428191981399.mockFlowFile,24B]; routing to relationship simple
[pool-4250-thread-1] INFO org.apache.nifi.processors.standard.RouteText - RouteText[id=24e84634-fdfb-4a8b-87b3-8cb3253f4f09] Routing FlowFile[3856,93428191981399.mockFlowFile,24B] to original
[main] DEBUG org.apache.nifi.processors.standard.RouteText - RouteText[id=24e84634-fdfb-4a8b-87b3-8cb3253f4f09] Adding new dynamic property: PropertyDescriptor[simple]
[pool-4251-thread-1] INFO org.apache.nifi.processors.standard.RouteText - RouteText[id=24e84634-fdfb-4a8b-87b3-8cb3253f4f09] Created FlowFile[3859,93428192480814.mockFlowFile,24B] from FlowFile[3858,93428192480814.mockFlowFile,24B]; routing to relationship simple
[pool-4251-thread-1] INFO org.apache.nifi.processors.standard.RouteText - RouteText[id=24e84634-fdfb-4a8b-87b3-8cb3253f4f09] Routing FlowFile[3858,93428192480814.mockFlowFile,24B] to original
[main] DEBUG org.apache.nifi.processors.standard.RouteText - RouteText[id=24e84634-fdfb-4a8b-87b3-8cb3253f4f09] Adding new dynamic property: PropertyDescriptor[simple]
[pool-4252-thread-1] INFO org.apache.nifi.processors.standard.RouteText - RouteText[id=24e84634-fdfb-4a8b-87b3-8cb3253f4f09] Created FlowFile[3861,93428192949975.mockFlowFile,24B] from FlowFile[3860,93428192949975.mockFlowFile,24B]; routing to relationship simple
[pool-4252-thread-1] INFO org.apache.nifi.processors.standard.RouteText - RouteText[id=24e84634-fdfb-4a8b-87b3-8cb3253f4f09] Routing FlowFile[3860,93428192949975.mockFlowFile,24B] to original
[main] DEBUG org.apache.nifi.processors.standard.RouteText - RouteText[id=24e84634-fdfb-4a8b-87b3-8cb3253f4f09] Adding new dynamic property: PropertyDescriptor[simple]
[pool-4253-thread-1] INFO org.apache.nifi.processors.standard.RouteText - RouteText[id=24e84634-fdfb-4a8b-87b3-8cb3253f4f09] Created FlowFile[3863,93428193400097.mockFlowFile,24B] from FlowFile[3862,93428193400097.mockFlowFile,24B]; routing to relationship simple
[pool-4253-thread-1] INFO org.apache.nifi.processors.standard.RouteText - RouteText[id=24e84634-fdfb-4a8b-87b3-8cb3253f4f09] Routing FlowFile[3862,93428193400097.mockFlowFile,24B] to original
[main] DEBUG org.apache.nifi.processors.standard.RouteText - RouteText[id=24e84634-fdfb-4a8b-87b3-8cb3253f4f09] Adding new dynamic property: PropertyDescriptor[simple]
[pool-4254-thread-1] INFO org.apache.nifi.processors.standard.RouteText - RouteText[id=24e84634-fdfb-4a8b-87b3-8cb3253f4f09] Created FlowFile[3865,93428193829701.mockFlowFile,24B] from FlowFile[3864,93428193829701.mockFlowFile,24B]; routing to relationship simple
[pool-4254-thread-1] INFO org.apache.nifi.processors.standard.RouteText - RouteText[id=24e84634-fdfb-4a8b-87b3-8cb3253f4f09] Routing FlowFile[3864,93428193829701.mockFlowFile,24B] to original
[main] DEBUG org.apache.nifi.processors.standard.RouteText - RouteText[id=24e84634-fdfb-4a8b-87b3-8cb3253f4f09] Adding new dynamic property: PropertyDescriptor[simple]
[pool-4255-thread-1] INFO org.apache.nifi.processors.standard.RouteText - RouteText[id=24e84634-fdfb-4a8b-87b3-8cb3253f4f09] Created FlowFile[3867,93428194264371.mockFlowFile,24B] from FlowFile[3866,93428194264371.mockFlowFile,24B]; routing to relationship simple
[pool-4255-thread-1] INFO org.apache.nifi.processors.standard.RouteText - RouteText[id=24e84634-fdfb-4a8b-87b3-8cb3253f4f09] Routing FlowFile[3866,93428194264371.mockFlowFile,24B] to original
[main] DEBUG org.apache.nifi.processors.standard.RouteText - RouteText[id=24e84634-fdfb-4a8b-87b3-8cb3253f4f09] Adding new dynamic property: PropertyDescriptor[simple]
[pool-4256-thread-1] INFO org.apache.nifi.processors.standard.RouteText - RouteText[id=24e84634-fdfb-4a8b-87b3-8cb3253f4f09] Created FlowFile[3869,93428194704602.mockFlowFile,24B] from FlowFile[3868,93428194704602.mockFlowFile,24B]; routing to relationship simple
[pool-4256-thread-1] INFO org.apache.nifi.processors.standard.RouteText - RouteText[id=24e84634-fdfb-4a8b-87b3-8cb3253f4f09] Routing FlowFile[3868,93428194704602.mockFlowFile,24B] to original
[main] DEBUG org.apache.nifi.processors.standard.RouteText - RouteText[id=24e84634-fdfb-4a8b-87b3-8cb3253f4f09] Adding new dynamic property: PropertyDescriptor[simple]
[pool-4257-thread-1] INFO org.apache.nifi.processors.standard.RouteText - RouteText[id=24e84634-fdfb-4a8b-87b3-8cb3253f4f09] Created FlowFile[3871,93428195154039.mockFlowFile,24B] from FlowFile[3870,93428195154039.mockFlowFile,24B]; routing to relationship simple
[pool-4257-thread-1] INFO org.apache.nifi.processors.standard.RouteText - RouteText[id=24e84634-fdfb-4a8b-87b3-8cb3253f4f09] Routing FlowFile[3870,93428195154039.mockFlowFile,24B] to original
[main] DEBUG org.apache.nifi.processors.standard.RouteText - RouteText[id=24e84634-fdfb-4a8b-87b3-8cb3253f4f09] Adding new dynamic property: PropertyDescriptor[simple]
[pool-4258-thread-1] INFO org.apache.nifi.processors.standard.RouteText - RouteText[id=24e84634-fdfb-4a8b-87b3-8cb3253f4f09] Created FlowFile[3873,93428195615961.mockFlowFile,24B] from FlowFile[3872,93428195615961.mockFlowFile,24B]; routing to relationship simple
[pool-4258-thread-1] INFO org.apache.nifi.processors.standard.RouteText - RouteText[id=24e84634-fdfb-4a8b-87b3-8cb3253f4f09] Routing FlowFile[3872,93428195615961.mockFlowFile,24B] to original
[main] DEBUG org.apache.nifi.processors.standard.RouteText - RouteText[id=24e84634-fdfb-4a8b-87b3-8cb3253f4f09] Adding new dynamic property: PropertyDescriptor[simple]
[pool-4259-thread-1] INFO org.apache.nifi.processors.standard.RouteText - RouteText[id=24e84634-fdfb-4a8b-87b3-8cb3253f4f09] Created FlowFile[3875,93428196070597.mockFlowFile,24B] from FlowFile[3874,93428196070597.mockFlowFile,24B]; routing to relationship simple
[pool-4259-thread-1] INFO org.apache.nifi.processors.standard.RouteText - RouteText[id=24e84634-fdfb-4a8b-87b3-8cb3253f4f09] Routing FlowFile[3874,93428196070597.mockFlowFile,24B] to original
[main] DEBUG org.apache.nifi.processors.standard.RouteText - RouteText[id=24e84634-fdfb-4a8b-87b3-8cb3253f4f09] Adding new dynamic property: PropertyDescriptor[simple]
[pool-4260-thread-1] INFO org.apache.nifi.processors.standard.RouteText - RouteText[id=24e84634-fdfb-4a8b-87b3-8cb3253f4f09] Created FlowFile[3877,93428196560959.mockFlowFile,24B] from FlowFile[3876,93428196560959.mockFlowFile,24B]; routing to relationship simple
[pool-4260-thread-1] INFO org.apache.nifi.processors.standard.RouteText - RouteText[id=24e84634-fdfb-4a8b-87b3-8cb3253f4f09] Routing FlowFile[3876,93428196560959.mockFlowFile,24B] to original
[main] DEBUG org.apache.nifi.processors.standard.RouteText - RouteText[id=24e84634-fdfb-4a8b-87b3-8cb3253f4f09] Adding new dynamic property: PropertyDescriptor[simple]
[pool-4261-thread-1] INFO org.apache.nifi.processors.standard.RouteText - RouteText[id=24e84634-fdfb-4a8b-87b3-8cb3253f4f09] Created FlowFile[3879,93428197039190.mockFlowFile,24B] from FlowFile[3878,93428197039190.mockFlowFile,24B]; routing to relationship simple
[pool-4261-thread-1] INFO org.apache.nifi.processors.standard.RouteText - RouteText[id=24e84634-fdfb-4a8b-87b3-8cb3253f4f09] Routing FlowFile[3878,93428197039190.mockFlowFile,24B] to original
[main] DEBUG org.apache.nifi.processors.standard.RouteText - RouteText[id=24e84634-fdfb-4a8b-87b3-8cb3253f4f09] Adding new dynamic property: PropertyDescriptor[simple]
[pool-4262-thread-1] INFO org.apache.nifi.processors.standard.RouteText - RouteText[id=24e84634-fdfb-4a8b-87b3-8cb3253f4f09] Created FlowFile[3881,93428197492373.mockFlowFile,24B] from FlowFile[3880,93428197492373.mockFlowFile,24B]; routing to relationship simple
[pool-4262-thread-1] INFO org.apache.nifi.processors.standard.RouteText - RouteText[id=24e84634-fdfb-4a8b-87b3-8cb3253f4f09] Routing FlowFile[3880,93428197492373.mockFlowFile,24B] to original
[main] DEBUG org.apache.nifi.processors.standard.RouteText - RouteText[id=24e84634-fdfb-4a8b-87b3-8cb3253f4f09] Adding new dynamic property: PropertyDescriptor[simple]
[pool-4263-thread-1] INFO org.apache.nifi.processors.standard.RouteText - RouteText[id=24e84634-fdfb-4a8b-87b3-8cb3253f4f09] Created FlowFile[3883,93428197926268.mockFlowFile,24B] from FlowFile[3882,93428197926268.mockFlowFile,24B]; routing to relationship simple
[pool-4263-thread-1] INFO org.apache.nifi.processors.standard.RouteText - RouteText[id=24e84634-fdfb-4a8b-87b3-8cb3253f4f09] Routing FlowFile[3882,93428197926268.mockFlowFile,24B] to original
[main] DEBUG org.apache.nifi.processors.standard.RouteText - RouteText[id=24e84634-fdfb-4a8b-87b3-8cb3253f4f09] Adding new dynamic property: PropertyDescriptor[simple]
[pool-4264-thread-1] INFO org.apache.nifi.processors.standard.RouteText - RouteText[id=24e84634-fdfb-4a8b-87b3-8cb3253f4f09] Created FlowFile[3885,93428198334029.mockFlowFile,24B] from FlowFile[3884,93428198334029.mockFlowFile,24B]; routing to relationship simple
[pool-4264-thread-1] INFO org.apache.nifi.processors.standard.RouteText - RouteText[id=24e84634-fdfb-4a8b-87b3-8cb3253f4f09] Routing FlowFile[3884,93428198334029.mockFlowFile,24B] to original
[main] DEBUG org.apache.nifi.processors.standard.RouteText - RouteText[id=24e84634-fdfb-4a8b-87b3-8cb3253f4f09] Adding new dynamic property: PropertyDescriptor[simple]
[pool-4265-thread-1] INFO org.apache.nifi.processors.standard.RouteText - RouteText[id=24e84634-fdfb-4a8b-87b3-8cb3253f4f09] Created FlowFile[3887,93428198787733.mockFlowFile,24B] from FlowFile[3886,93428198787733.mockFlowFile,24B]; routing to relationship simple
[pool-4265-thread-1] INFO org.apache.nifi.processors.standard.RouteText - RouteText[id=24e84634-fdfb-4a8b-87b3-8cb3253f4f09] Routing FlowFile[3886,93428198787733.mockFlowFile,24B] to original
[main] DEBUG org.apache.nifi.processors.standard.RouteText - RouteText[id=24e84634-fdfb-4a8b-87b3-8cb3253f4f09] Adding new dynamic property: PropertyDescriptor[simple]
[pool-4266-thread-1] INFO org.apache.nifi.processors.standard.RouteText - RouteText[id=24e84634-fdfb-4a8b-87b3-8cb3253f4f09] Created FlowFile[3889,93428199262429.mockFlowFile,24B] from FlowFile[3888,93428199262429.mockFlowFile,24B]; routing to relationship simple
[pool-4266-thread-1] INFO org.apache.nifi.processors.standard.RouteText - RouteText[id=24e84634-fdfb-4a8b-87b3-8cb3253f4f09] Routing FlowFile[3888,93428199262429.mockFlowFile,24B] to original
[main] DEBUG org.apache.nifi.processors.standard.RouteText - RouteText[id=24e84634-fdfb-4a8b-87b3-8cb3253f4f09] Adding new dynamic property: PropertyDescriptor[simple]
[pool-4267-thread-1] INFO org.apache.nifi.processors.standard.RouteText - RouteText[id=24e84634-fdfb-4a8b-87b3-8cb3253f4f09] Created FlowFile[3891,93428199759470.mockFlowFile,24B] from FlowFile[3890,93428199759470.mockFlowFile,24B]; routing to relationship simple
[pool-4267-thread-1] INFO org.apache.nifi.processors.standard.RouteText - RouteText[id=24e84634-fdfb-4a8b-87b3-8cb3253f4f09] Routing FlowFile[3890,93428199759470.mockFlowFile,24B] to original
[main] DEBUG org.apache.nifi.processors.standard.RouteText - RouteText[id=24e84634-fdfb-4a8b-87b3-8cb3253f4f09] Adding new dynamic property: PropertyDescriptor[simple]
[pool-4268-thread-1] INFO org.apache.nifi.processors.standard.RouteText - RouteText[id=24e84634-fdfb-4a8b-87b3-8cb3253f4f09] Created FlowFile[3893,93428200235242.mockFlowFile,24B] from FlowFile[3892,93428200235242.mockFlowFile,24B]; routing to relationship simple
[pool-4268-thread-1] INFO org.apache.nifi.processors.standard.RouteText - RouteText[id=24e84634-fdfb-4a8b-87b3-8cb3253f4f09] Routing FlowFile[3892,93428200235242.mockFlowFile,24B] to original
[main] DEBUG org.apache.nifi.processors.standard.RouteText - RouteText[id=24e84634-fdfb-4a8b-87b3-8cb3253f4f09] Adding new dynamic property: PropertyDescriptor[simple]
[pool-4269-thread-1] INFO org.apache.nifi.processors.standard.RouteText - RouteText[id=24e84634-fdfb-4a8b-87b3-8cb3253f4f09] Created FlowFile[3895,93428200709096.mockFlowFile,24B] from FlowFile[3894,93428200709096.mockFlowFile,24B]; routing to relationship simple
[pool-4269-thread-1] INFO org.apache.nifi.processors.standard.RouteText - RouteText[id=24e84634-fdfb-4a8b-87b3-8cb3253f4f09] Routing FlowFile[3894,93428200709096.mockFlowFile,24B] to original
[main] DEBUG org.apache.nifi.processors.standard.RouteText - RouteText[id=24e84634-fdfb-4a8b-87b3-8cb3253f4f09] Adding new dynamic property: PropertyDescriptor[simple]
[pool-4270-thread-1] INFO org.apache.nifi.processors.standard.RouteText - RouteText[id=24e84634-fdfb-4a8b-87b3-8cb3253f4f09] Created FlowFile[3897,93428201164720.mockFlowFile,24B] from FlowFile[3896,93428201164720.mockFlowFile,24B]; routing to relationship simple
[pool-4270-thread-1] INFO org.apache.nifi.processors.standard.RouteText - RouteText[id=24e84634-fdfb-4a8b-87b3-8cb3253f4f09] Routing FlowFile[3896,93428201164720.mockFlowFile,24B] to original
[main] DEBUG org.apache.nifi.processors.standard.RouteText - RouteText[id=24e84634-fdfb-4a8b-87b3-8cb3253f4f09] Adding new dynamic property: PropertyDescriptor[simple]
[pool-4271-thread-1] INFO org.apache.nifi.processors.standard.RouteText - RouteText[id=24e84634-fdfb-4a8b-87b3-8cb3253f4f09] Created FlowFile[3899,93428201617669.mockFlowFile,24B] from FlowFile[3898,93428201617669.mockFlowFile,24B]; routing to relationship simple
[pool-4271-thread-1] INFO org.apache.nifi.processors.standard.RouteText - RouteText[id=24e84634-fdfb-4a8b-87b3-8cb3253f4f09] Routing FlowFile[3898,93428201617669.mockFlowFile,24B] to original
[main] DEBUG org.apache.nifi.processors.standard.RouteText - RouteText[id=24e84634-fdfb-4a8b-87b3-8cb3253f4f09] Adding new dynamic property: PropertyDescriptor[simple]
[pool-4272-thread-1] INFO org.apache.nifi.processors.standard.RouteText - RouteText[id=24e84634-fdfb-4a8b-87b3-8cb3253f4f09] Created FlowFile[3901,93428202040752.mockFlowFile,24B] from FlowFile[3900,93428202040752.mockFlowFile,24B]; routing to relationship simple
[pool-4272-thread-1] INFO org.apache.nifi.processors.standard.RouteText - RouteText[id=24e84634-fdfb-4a8b-87b3-8cb3253f4f09] Routing FlowFile[3900,93428202040752.mockFlowFile,24B] to original
[main] DEBUG org.apache.nifi.processors.standard.RouteText - RouteText[id=24e84634-fdfb-4a8b-87b3-8cb3253f4f09] Adding new dynamic property: PropertyDescriptor[simple]
[pool-4273-thread-1] INFO org.apache.nifi.processors.standard.RouteText - RouteText[id=24e84634-fdfb-4a8b-87b3-8cb3253f4f09] Created FlowFile[3903,93428202506172.mockFlowFile,24B] from FlowFile[3902,93428202506172.mockFlowFile,24B]; routing to relationship simple
[pool-4273-thread-1] INFO org.apache.nifi.processors.standard.RouteText - RouteText[id=24e84634-fdfb-4a8b-87b3-8cb3253f4f09] Routing FlowFile[3902,93428202506172.mockFlowFile,24B] to original
[main] DEBUG org.apache.nifi.processors.standard.RouteText - RouteText[id=24e84634-fdfb-4a8b-87b3-8cb3253f4f09] Adding new dynamic property: PropertyDescriptor[simple]
[pool-4274-thread-1] INFO org.apache.nifi.processors.standard.RouteText - RouteText[id=24e84634-fdfb-4a8b-87b3-8cb3253f4f09] Created FlowFile[3905,93428202983143.mockFlowFile,24B] from FlowFile[3904,93428202983143.mockFlowFile,24B]; routing to relationship simple
[pool-4274-thread-1] INFO org.apache.nifi.processors.standard.RouteText - RouteText[id=24e84634-fdfb-4a8b-87b3-8cb3253f4f09] Routing FlowFile[3904,93428202983143.mockFlowFile,24B] to original
[main] DEBUG org.apache.nifi.processors.standard.RouteText - RouteText[id=24e84634-fdfb-4a8b-87b3-8cb3253f4f09] Adding new dynamic property: PropertyDescriptor[simple]
[pool-4275-thread-1] INFO org.apache.nifi.processors.standard.RouteText - RouteText[id=24e84634-fdfb-4a8b-87b3-8cb3253f4f09] Created FlowFile[3907,93428203471734.mockFlowFile,24B] from FlowFile[3906,93428203471734.mockFlowFile,24B]; routing to relationship simple
[pool-4275-thread-1] INFO org.apache.nifi.processors.standard.RouteText - RouteText[id=24e84634-fdfb-4a8b-87b3-8cb3253f4f09] Routing FlowFile[3906,93428203471734.mockFlowFile,24B] to original
[main] DEBUG org.apache.nifi.processors.standard.RouteText - RouteText[id=24e84634-fdfb-4a8b-87b3-8cb3253f4f09] Adding new dynamic property: PropertyDescriptor[simple]
[pool-4276-thread-1] INFO org.apache.nifi.processors.standard.RouteText - RouteText[id=24e84634-fdfb-4a8b-87b3-8cb3253f4f09] Created FlowFile[3909,93428203948579.mockFlowFile,24B] from FlowFile[3908,93428203948579.mockFlowFile,24B]; routing to relationship simple
[pool-4276-thread-1] INFO org.apache.nifi.processors.standard.RouteText - RouteText[id=24e84634-fdfb-4a8b-87b3-8cb3253f4f09] Routing FlowFile[3908,93428203948579.mockFlowFile,24B] to original
[main] DEBUG org.apache.nifi.processors.standard.RouteText - RouteText[id=24e84634-fdfb-4a8b-87b3-8cb3253f4f09] Adding new dynamic property: PropertyDescriptor[simple]
[pool-4277-thread-1] INFO org.apache.nifi.processors.standard.RouteText - RouteText[id=24e84634-fdfb-4a8b-87b3-8cb3253f4f09] Created FlowFile[3911,93428204433029.mockFlowFile,24B] from FlowFile[3910,93428204433029.mockFlowFile,24B]; routing to relationship simple
[pool-4277-thread-1] INFO org.apache.nifi.processors.standard.RouteText - RouteText[id=24e84634-fdfb-4a8b-87b3-8cb3253f4f09] Routing FlowFile[3910,93428204433029.mockFlowFile,24B] to original
[main] DEBUG org.apache.nifi.processors.standard.RouteText - RouteText[id=24e84634-fdfb-4a8b-87b3-8cb3253f4f09] Adding new dynamic property: PropertyDescriptor[simple]
[pool-4278-thread-1] INFO org.apache.nifi.processors.standard.RouteText - RouteText[id=24e84634-fdfb-4a8b-87b3-8cb3253f4f09] Created FlowFile[3913,93428204921936.mockFlowFile,24B] from FlowFile[3912,93428204921936.mockFlowFile,24B]; routing to relationship simple
[pool-4278-thread-1] INFO org.apache.nifi.processors.standard.RouteText - RouteText[id=24e84634-fdfb-4a8b-87b3-8cb3253f4f09] Routing FlowFile[3912,93428204921936.mockFlowFile,24B] to original
[main] DEBUG org.apache.nifi.processors.standard.RouteText - RouteText[id=24e84634-fdfb-4a8b-87b3-8cb3253f4f09] Adding new dynamic property: PropertyDescriptor[simple]
[pool-4279-thread-1] INFO org.apache.nifi.processors.standard.RouteText - RouteText[id=24e84634-fdfb-4a8b-87b3-8cb3253f4f09] Created FlowFile[3915,93428205379761.mockFlowFile,24B] from FlowFile[3914,93428205379761.mockFlowFile,24B]; routing to relationship simple
[pool-4279-thread-1] INFO org.apache.nifi.processors.standard.RouteText - RouteText[id=24e84634-fdfb-4a8b-87b3-8cb3253f4f09] Routing FlowFile[3914,93428205379761.mockFlowFile,24B] to original
[main] DEBUG org.apache.nifi.processors.standard.RouteText - RouteText[id=24e84634-fdfb-4a8b-87b3-8cb3253f4f09] Adding new dynamic property: PropertyDescriptor[simple]
[pool-4280-thread-1] INFO org.apache.nifi.processors.standard.RouteText - RouteText[id=24e84634-fdfb-4a8b-87b3-8cb3253f4f09] Created FlowFile[3917,93428205861359.mockFlowFile,24B] from FlowFile[3916,93428205861359.mockFlowFile,24B]; routing to relationship simple
[pool-4280-thread-1] INFO org.apache.nifi.processors.standard.RouteText - RouteText[id=24e84634-fdfb-4a8b-87b3-8cb3253f4f09] Routing FlowFile[3916,93428205861359.mockFlowFile,24B] to original
[main] DEBUG org.apache.nifi.processors.standard.RouteText - RouteText[id=24e84634-fdfb-4a8b-87b3-8cb3253f4f09] Adding new dynamic property: PropertyDescriptor[simple]
[pool-4281-thread-1] INFO org.apache.nifi.processors.standard.RouteText - RouteText[id=24e84634-fdfb-4a8b-87b3-8cb3253f4f09] Created FlowFile[3919,93428206354007.mockFlowFile,24B] from FlowFile[3918,93428206354007.mockFlowFile,24B]; routing to relationship simple
[pool-4281-thread-1] INFO org.apache.nifi.processors.standard.RouteText - RouteText[id=24e84634-fdfb-4a8b-87b3-8cb3253f4f09] Routing FlowFile[3918,93428206354007.mockFlowFile,24B] to original
[main] DEBUG org.apache.nifi.processors.standard.RouteText - RouteText[id=24e84634-fdfb-4a8b-87b3-8cb3253f4f09] Adding new dynamic property: PropertyDescriptor[simple]
[pool-4282-thread-1] INFO org.apache.nifi.processors.standard.RouteText - RouteText[id=24e84634-fdfb-4a8b-87b3-8cb3253f4f09] Created FlowFile[3921,93428206861063.mockFlowFile,24B] from FlowFile[3920,93428206861063.mockFlowFile,24B]; routing to relationship simple
[pool-4282-thread-1] INFO org.apache.nifi.processors.standard.RouteText - RouteText[id=24e84634-fdfb-4a8b-87b3-8cb3253f4f09] Routing FlowFile[3920,93428206861063.mockFlowFile,24B] to original
[main] DEBUG org.apache.nifi.processors.standard.RouteText - RouteText[id=24e84634-fdfb-4a8b-87b3-8cb3253f4f09] Adding new dynamic property: PropertyDescriptor[simple]
[pool-4283-thread-1] INFO org.apache.nifi.processors.standard.RouteText - RouteText[id=24e84634-fdfb-4a8b-87b3-8cb3253f4f09] Created FlowFile[3923,93428207364156.mockFlowFile,24B] from FlowFile[3922,93428207364156.mockFlowFile,24B]; routing to relationship simple
[pool-4283-thread-1] INFO org.apache.nifi.processors.standard.RouteText - RouteText[id=24e84634-fdfb-4a8b-87b3-8cb3253f4f09] Routing FlowFile[3922,93428207364156.mockFlowFile,24B] to original
[main] DEBUG org.apache.nifi.processors.standard.RouteText - RouteText[id=24e84634-fdfb-4a8b-87b3-8cb3253f4f09] Adding new dynamic property: PropertyDescriptor[simple]
[pool-4284-thread-1] INFO org.apache.nifi.processors.standard.RouteText - RouteText[id=24e84634-fdfb-4a8b-87b3-8cb3253f4f09] Created FlowFile[3925,93428207855390.mockFlowFile,24B] from FlowFile[3924,93428207855390.mockFlowFile,24B]; routing to relationship simple
[pool-4284-thread-1] INFO org.apache.nifi.processors.standard.RouteText - RouteText[id=24e84634-fdfb-4a8b-87b3-8cb3253f4f09] Routing FlowFile[3924,93428207855390.mockFlowFile,24B] to original
[main] DEBUG org.apache.nifi.processors.standard.RouteText - RouteText[id=24e84634-fdfb-4a8b-87b3-8cb3253f4f09] Adding new dynamic property: PropertyDescriptor[simple]
[pool-4285-thread-1] INFO org.apache.nifi.processors.standard.RouteText - RouteText[id=24e84634-fdfb-4a8b-87b3-8cb3253f4f09] Created FlowFile[3927,93428208341269.mockFlowFile,24B] from FlowFile[3926,93428208341269.mockFlowFile,24B]; routing to relationship simple
[pool-4285-thread-1] INFO org.apache.nifi.processors.standard.RouteText - RouteText[id=24e84634-fdfb-4a8b-87b3-8cb3253f4f09] Routing FlowFile[3926,93428208341269.mockFlowFile,24B] to original
[main] DEBUG org.apache.nifi.processors.standard.RouteText - RouteText[id=24e84634-fdfb-4a8b-87b3-8cb3253f4f09] Adding new dynamic property: PropertyDescriptor[simple]
[pool-4286-thread-1] INFO org.apache.nifi.processors.standard.RouteText - RouteText[id=24e84634-fdfb-4a8b-87b3-8cb3253f4f09] Created FlowFile[3929,93428208803916.mockFlowFile,24B] from FlowFile[3928,93428208803916.mockFlowFile,24B]; routing to relationship simple
[pool-4286-thread-1] INFO org.apache.nifi.processors.standard.RouteText - RouteText[id=24e84634-fdfb-4a8b-87b3-8cb3253f4f09] Routing FlowFile[3928,93428208803916.mockFlowFile,24B] to original
[main] DEBUG org.apache.nifi.processors.standard.RouteText - RouteText[id=24e84634-fdfb-4a8b-87b3-8cb3253f4f09] Adding new dynamic property: PropertyDescriptor[simple]
[pool-4287-thread-1] INFO org.apache.nifi.processors.standard.RouteText - RouteText[id=24e84634-fdfb-4a8b-87b3-8cb3253f4f09] Created FlowFile[3931,93428209266692.mockFlowFile,24B] from FlowFile[3930,93428209266692.mockFlowFile,24B]; routing to relationship simple
[pool-4287-thread-1] INFO org.apache.nifi.processors.standard.RouteText - RouteText[id=24e84634-fdfb-4a8b-87b3-8cb3253f4f09] Routing FlowFile[3930,93428209266692.mockFlowFile,24B] to original
[main] DEBUG org.apache.nifi.processors.standard.RouteText - RouteText[id=24e84634-fdfb-4a8b-87b3-8cb3253f4f09] Adding new dynamic property: PropertyDescriptor[simple]
[pool-4288-thread-1] INFO org.apache.nifi.processors.standard.RouteText - RouteText[id=24e84634-fdfb-4a8b-87b3-8cb3253f4f09] Created FlowFile[3933,93428209729394.mockFlowFile,24B] from FlowFile[3932,93428209729394.mockFlowFile,24B]; routing to relationship simple
[pool-4288-thread-1] INFO org.apache.nifi.processors.standard.RouteText - RouteText[id=24e84634-fdfb-4a8b-87b3-8cb3253f4f09] Routing FlowFile[3932,93428209729394.mockFlowFile,24B] to original
[main] DEBUG org.apache.nifi.processors.standard.RouteText - RouteText[id=24e84634-fdfb-4a8b-87b3-8cb3253f4f09] Adding new dynamic property: PropertyDescriptor[simple]
[pool-4289-thread-1] INFO org.apache.nifi.processors.standard.RouteText - RouteText[id=24e84634-fdfb-4a8b-87b3-8cb3253f4f09] Created FlowFile[3935,93428210187971.mockFlowFile,24B] from FlowFile[3934,93428210187971.mockFlowFile,24B]; routing to relationship simple
[pool-4289-thread-1] INFO org.apache.nifi.processors.standard.RouteText - RouteText[id=24e84634-fdfb-4a8b-87b3-8cb3253f4f09] Routing FlowFile[3934,93428210187971.mockFlowFile,24B] to original
[main] DEBUG org.apache.nifi.processors.standard.RouteText - RouteText[id=24e84634-fdfb-4a8b-87b3-8cb3253f4f09] Adding new dynamic property: PropertyDescriptor[simple]
[pool-4290-thread-1] INFO org.apache.nifi.processors.standard.RouteText - RouteText[id=24e84634-fdfb-4a8b-87b3-8cb3253f4f09] Created FlowFile[3937,93428210652025.mockFlowFile,24B] from FlowFile[3936,93428210652025.mockFlowFile,24B]; routing to relationship simple
[pool-4290-thread-1] INFO org.apache.nifi.processors.standard.RouteText - RouteText[id=24e84634-fdfb-4a8b-87b3-8cb3253f4f09] Routing FlowFile[3936,93428210652025.mockFlowFile,24B] to original
[main] DEBUG org.apache.nifi.processors.standard.RouteText - RouteText[id=24e84634-fdfb-4a8b-87b3-8cb3253f4f09] Adding new dynamic property: PropertyDescriptor[simple]
[pool-4291-thread-1] INFO org.apache.nifi.processors.standard.RouteText - RouteText[id=24e84634-fdfb-4a8b-87b3-8cb3253f4f09] Created FlowFile[3939,93428211142618.mockFlowFile,24B] from FlowFile[3938,93428211142618.mockFlowFile,24B]; routing to relationship simple
[pool-4291-thread-1] INFO org.apache.nifi.processors.standard.RouteText - RouteText[id=24e84634-fdfb-4a8b-87b3-8cb3253f4f09] Routing FlowFile[3938,93428211142618.mockFlowFile,24B] to original
[main] DEBUG org.apache.nifi.processors.standard.RouteText - RouteText[id=24e84634-fdfb-4a8b-87b3-8cb3253f4f09] Adding new dynamic property: PropertyDescriptor[simple]
[pool-4292-thread-1] INFO org.apache.nifi.processors.standard.RouteText - RouteText[id=24e84634-fdfb-4a8b-87b3-8cb3253f4f09] Created FlowFile[3941,93428211631853.mockFlowFile,24B] from FlowFile[3940,93428211631853.mockFlowFile,24B]; routing to relationship simple
[pool-4292-thread-1] INFO org.apache.nifi.processors.standard.RouteText - RouteText[id=24e84634-fdfb-4a8b-87b3-8cb3253f4f09] Routing FlowFile[3940,93428211631853.mockFlowFile,24B] to original
[main] DEBUG org.apache.nifi.processors.standard.RouteText - RouteText[id=24e84634-fdfb-4a8b-87b3-8cb3253f4f09] Adding new dynamic property: PropertyDescriptor[simple]
[pool-4293-thread-1] INFO org.apache.nifi.processors.standard.RouteText - RouteText[id=24e84634-fdfb-4a8b-87b3-8cb3253f4f09] Created FlowFile[3943,93428212169593.mockFlowFile,24B] from FlowFile[3942,93428212169593.mockFlowFile,24B]; routing to relationship simple
[pool-4293-thread-1] INFO org.apache.nifi.processors.standard.RouteText - RouteText[id=24e84634-fdfb-4a8b-87b3-8cb3253f4f09] Routing FlowFile[3942,93428212169593.mockFlowFile,24B] to original
[main] DEBUG org.apache.nifi.processors.standard.RouteText - RouteText[id=24e84634-fdfb-4a8b-87b3-8cb3253f4f09] Adding new dynamic property: PropertyDescriptor[simple]
[pool-4294-thread-1] INFO org.apache.nifi.processors.standard.RouteText - RouteText[id=24e84634-fdfb-4a8b-87b3-8cb3253f4f09] Created FlowFile[3945,93428212678334.mockFlowFile,24B] from FlowFile[3944,93428212678334.mockFlowFile,24B]; routing to relationship simple
[pool-4294-thread-1] INFO org.apache.nifi.processors.standard.RouteText - RouteText[id=24e84634-fdfb-4a8b-87b3-8cb3253f4f09] Routing FlowFile[3944,93428212678334.mockFlowFile,24B] to original
[main] DEBUG org.apache.nifi.processors.standard.RouteText - RouteText[id=24e84634-fdfb-4a8b-87b3-8cb3253f4f09] Adding new dynamic property: PropertyDescriptor[simple]
[pool-4295-thread-1] INFO org.apache.nifi.processors.standard.RouteText - RouteText[id=24e84634-fdfb-4a8b-87b3-8cb3253f4f09] Created FlowFile[3947,93428213170160.mockFlowFile,24B] from FlowFile[3946,93428213170160.mockFlowFile,24B]; routing to relationship simple
[pool-4295-thread-1] INFO org.apache.nifi.processors.standard.RouteText - RouteText[id=24e84634-fdfb-4a8b-87b3-8cb3253f4f09] Routing FlowFile[3946,93428213170160.mockFlowFile,24B] to original
[main] DEBUG org.apache.nifi.processors.standard.RouteText - RouteText[id=24e84634-fdfb-4a8b-87b3-8cb3253f4f09] Adding new dynamic property: PropertyDescriptor[simple]
[pool-4296-thread-1] INFO org.apache.nifi.processors.standard.RouteText - RouteText[id=24e84634-fdfb-4a8b-87b3-8cb3253f4f09] Created FlowFile[3949,93428213628116.mockFlowFile,24B] from FlowFile[3948,93428213628116.mockFlowFile,24B]; routing to relationship simple
[pool-4296-thread-1] INFO org.apache.nifi.processors.standard.RouteText - RouteText[id=24e84634-fdfb-4a8b-87b3-8cb3253f4f09] Routing FlowFile[3948,93428213628116.mockFlowFile,24B] to original
[main] DEBUG org.apache.nifi.processors.standard.RouteText - RouteText[id=24e84634-fdfb-4a8b-87b3-8cb3253f4f09] Adding new dynamic property: PropertyDescriptor[simple]
[pool-4297-thread-1] INFO org.apache.nifi.processors.standard.RouteText - RouteText[id=24e84634-fdfb-4a8b-87b3-8cb3253f4f09] Created FlowFile[3951,93428214078714.mockFlowFile,24B] from FlowFile[3950,93428214078714.mockFlowFile,24B]; routing to relationship simple
[pool-4297-thread-1] INFO org.apache.nifi.processors.standard.RouteText - RouteText[id=24e84634-fdfb-4a8b-87b3-8cb3253f4f09] Routing FlowFile[3950,93428214078714.mockFlowFile,24B] to original
[main] DEBUG org.apache.nifi.processors.standard.RouteText - RouteText[id=24e84634-fdfb-4a8b-87b3-8cb3253f4f09] Adding new dynamic property: PropertyDescriptor[simple]
[pool-4298-thread-1] INFO org.apache.nifi.processors.standard.RouteText - RouteText[id=24e84634-fdfb-4a8b-87b3-8cb3253f4f09] Created FlowFile[3953,93428214554122.mockFlowFile,24B] from FlowFile[3952,93428214554122.mockFlowFile,24B]; routing to relationship simple
[pool-4298-thread-1] INFO org.apache.nifi.processors.standard.RouteText - RouteText[id=24e84634-fdfb-4a8b-87b3-8cb3253f4f09] Routing FlowFile[3952,93428214554122.mockFlowFile,24B] to original
[main] DEBUG org.apache.nifi.processors.standard.RouteText - RouteText[id=24e84634-fdfb-4a8b-87b3-8cb3253f4f09] Adding new dynamic property: PropertyDescriptor[simple]
[pool-4299-thread-1] INFO org.apache.nifi.processors.standard.RouteText - RouteText[id=24e84634-fdfb-4a8b-87b3-8cb3253f4f09] Created FlowFile[3955,93428215177455.mockFlowFile,24B] from FlowFile[3954,93428215177455.mockFlowFile,24B]; routing to relationship simple
[pool-4299-thread-1] INFO org.apache.nifi.processors.standard.RouteText - RouteText[id=24e84634-fdfb-4a8b-87b3-8cb3253f4f09] Routing FlowFile[3954,93428215177455.mockFlowFile,24B] to original
[main] DEBUG org.apache.nifi.processors.standard.RouteText - RouteText[id=24e84634-fdfb-4a8b-87b3-8cb3253f4f09] Adding new dynamic property: PropertyDescriptor[simple]
[pool-4300-thread-1] INFO org.apache.nifi.processors.standard.RouteText - RouteText[id=24e84634-fdfb-4a8b-87b3-8cb3253f4f09] Created FlowFile[3957,93428215700684.mockFlowFile,24B] from FlowFile[3956,93428215700684.mockFlowFile,24B]; routing to relationship simple
[pool-4300-thread-1] INFO org.apache.nifi.processors.standard.RouteText - RouteText[id=24e84634-fdfb-4a8b-87b3-8cb3253f4f09] Routing FlowFile[3956,93428215700684.mockFlowFile,24B] to original
[main] DEBUG org.apache.nifi.processors.standard.RouteText - RouteText[id=24e84634-fdfb-4a8b-87b3-8cb3253f4f09] Adding new dynamic property: PropertyDescriptor[simple]
[pool-4301-thread-1] INFO org.apache.nifi.processors.standard.RouteText - RouteText[id=24e84634-fdfb-4a8b-87b3-8cb3253f4f09] Created FlowFile[3959,93428216209079.mockFlowFile,24B] from FlowFile[3958,93428216209079.mockFlowFile,24B]; routing to relationship simple
[pool-4301-thread-1] INFO org.apache.nifi.processors.standard.RouteText - RouteText[id=24e84634-fdfb-4a8b-87b3-8cb3253f4f09] Routing FlowFile[3958,93428216209079.mockFlowFile,24B] to original
[main] DEBUG org.apache.nifi.processors.standard.RouteText - RouteText[id=24e84634-fdfb-4a8b-87b3-8cb3253f4f09] Adding new dynamic property: PropertyDescriptor[simple]
[pool-4302-thread-1] INFO org.apache.nifi.processors.standard.RouteText - RouteText[id=24e84634-fdfb-4a8b-87b3-8cb3253f4f09] Created FlowFile[3961,93428216705440.mockFlowFile,24B] from FlowFile[3960,93428216705440.mockFlowFile,24B]; routing to relationship simple
[pool-4302-thread-1] INFO org.apache.nifi.processors.standard.RouteText - RouteText[id=24e84634-fdfb-4a8b-87b3-8cb3253f4f09] Routing FlowFile[3960,93428216705440.mockFlowFile,24B] to original
[main] DEBUG org.apache.nifi.processors.standard.RouteText - RouteText[id=24e84634-fdfb-4a8b-87b3-8cb3253f4f09] Adding new dynamic property: PropertyDescriptor[simple]
[pool-4303-thread-1] INFO org.apache.nifi.processors.standard.RouteText - RouteText[id=24e84634-fdfb-4a8b-87b3-8cb3253f4f09] Created FlowFile[3963,93428217176471.mockFlowFile,24B] from FlowFile[3962,93428217176471.mockFlowFile,24B]; routing to relationship simple
[pool-4303-thread-1] INFO org.apache.nifi.processors.standard.RouteText - RouteText[id=24e84634-fdfb-4a8b-87b3-8cb3253f4f09] Routing FlowFile[3962,93428217176471.mockFlowFile,24B] to original
[main] DEBUG org.apache.nifi.processors.standard.RouteText - RouteText[id=24e84634-fdfb-4a8b-87b3-8cb3253f4f09] Adding new dynamic property: PropertyDescriptor[simple]
[pool-4304-thread-1] INFO org.apache.nifi.processors.standard.RouteText - RouteText[id=24e84634-fdfb-4a8b-87b3-8cb3253f4f09] Created FlowFile[3965,93428217617117.mockFlowFile,24B] from FlowFile[3964,93428217617117.mockFlowFile,24B]; routing to relationship simple
[pool-4304-thread-1] INFO org.apache.nifi.processors.standard.RouteText - RouteText[id=24e84634-fdfb-4a8b-87b3-8cb3253f4f09] Routing FlowFile[3964,93428217617117.mockFlowFile,24B] to original
[main] DEBUG org.apache.nifi.processors.standard.RouteText - RouteText[id=24e84634-fdfb-4a8b-87b3-8cb3253f4f09] Adding new dynamic property: PropertyDescriptor[simple]
[pool-4305-thread-1] INFO org.apache.nifi.processors.standard.RouteText - RouteText[id=24e84634-fdfb-4a8b-87b3-8cb3253f4f09] Created FlowFile[3967,93428218100027.mockFlowFile,24B] from FlowFile[3966,93428218100027.mockFlowFile,24B]; routing to relationship simple
[pool-4305-thread-1] INFO org.apache.nifi.processors.standard.RouteText - RouteText[id=24e84634-fdfb-4a8b-87b3-8cb3253f4f09] Routing FlowFile[3966,93428218100027.mockFlowFile,24B] to original
[main] DEBUG org.apache.nifi.processors.standard.RouteText - RouteText[id=24e84634-fdfb-4a8b-87b3-8cb3253f4f09] Adding new dynamic property: PropertyDescriptor[simple]
[pool-4306-thread-1] INFO org.apache.nifi.processors.standard.RouteText - RouteText[id=24e84634-fdfb-4a8b-87b3-8cb3253f4f09] Created FlowFile[3969,93428218579089.mockFlowFile,24B] from FlowFile[3968,93428218579089.mockFlowFile,24B]; routing to relationship simple
[pool-4306-thread-1] INFO org.apache.nifi.processors.standard.RouteText - RouteText[id=24e84634-fdfb-4a8b-87b3-8cb3253f4f09] Routing FlowFile[3968,93428218579089.mockFlowFile,24B] to original
[main] DEBUG org.apache.nifi.processors.standard.RouteText - RouteText[id=24e84634-fdfb-4a8b-87b3-8cb3253f4f09] Adding new dynamic property: PropertyDescriptor[simple]
[pool-4307-thread-1] INFO org.apache.nifi.processors.standard.RouteText - RouteText[id=24e84634-fdfb-4a8b-87b3-8cb3253f4f09] Created FlowFile[3971,93428219051669.mockFlowFile,24B] from FlowFile[3970,93428219051669.mockFlowFile,24B]; routing to relationship simple
[pool-4307-thread-1] INFO org.apache.nifi.processors.standard.RouteText - RouteText[id=24e84634-fdfb-4a8b-87b3-8cb3253f4f09] Routing FlowFile[3970,93428219051669.mockFlowFile,24B] to original
[main] DEBUG org.apache.nifi.processors.standard.RouteText - RouteText[id=24e84634-fdfb-4a8b-87b3-8cb3253f4f09] Adding new dynamic property: PropertyDescriptor[simple]
[pool-4308-thread-1] INFO org.apache.nifi.processors.standard.RouteText - RouteText[id=24e84634-fdfb-4a8b-87b3-8cb3253f4f09] Created FlowFile[3973,93428219511821.mockFlowFile,24B] from FlowFile[3972,93428219511821.mockFlowFile,24B]; routing to relationship simple
[pool-4308-thread-1] INFO org.apache.nifi.processors.standard.RouteText - RouteText[id=24e84634-fdfb-4a8b-87b3-8cb3253f4f09] Routing FlowFile[3972,93428219511821.mockFlowFile,24B] to original
[main] DEBUG org.apache.nifi.processors.standard.RouteText - RouteText[id=24e84634-fdfb-4a8b-87b3-8cb3253f4f09] Adding new dynamic property: PropertyDescriptor[simple]
[pool-4309-thread-1] INFO org.apache.nifi.processors.standard.RouteText - RouteText[id=24e84634-fdfb-4a8b-87b3-8cb3253f4f09] Created FlowFile[3975,93428219980420.mockFlowFile,24B] from FlowFile[3974,93428219980420.mockFlowFile,24B]; routing to relationship simple
[pool-4309-thread-1] INFO org.apache.nifi.processors.standard.RouteText - RouteText[id=24e84634-fdfb-4a8b-87b3-8cb3253f4f09] Routing FlowFile[3974,93428219980420.mockFlowFile,24B] to original
[main] DEBUG org.apache.nifi.processors.standard.RouteText - RouteText[id=24e84634-fdfb-4a8b-87b3-8cb3253f4f09] Adding new dynamic property: PropertyDescriptor[simple]
[pool-4310-thread-1] INFO org.apache.nifi.processors.standard.RouteText - RouteText[id=24e84634-fdfb-4a8b-87b3-8cb3253f4f09] Created FlowFile[3977,93428220495734.mockFlowFile,24B] from FlowFile[3976,93428220495734.mockFlowFile,24B]; routing to relationship simple
[pool-4310-thread-1] INFO org.apache.nifi.processors.standard.RouteText - RouteText[id=24e84634-fdfb-4a8b-87b3-8cb3253f4f09] Routing FlowFile[3976,93428220495734.mockFlowFile,24B] to original
[main] DEBUG org.apache.nifi.processors.standard.RouteText - RouteText[id=24e84634-fdfb-4a8b-87b3-8cb3253f4f09] Adding new dynamic property: PropertyDescriptor[simple]
[pool-4311-thread-1] INFO org.apache.nifi.processors.standard.RouteText - RouteText[id=24e84634-fdfb-4a8b-87b3-8cb3253f4f09] Created FlowFile[3979,93428220984458.mockFlowFile,24B] from FlowFile[3978,93428220984458.mockFlowFile,24B]; routing to relationship simple
[pool-4311-thread-1] INFO org.apache.nifi.processors.standard.RouteText - RouteText[id=24e84634-fdfb-4a8b-87b3-8cb3253f4f09] Routing FlowFile[3978,93428220984458.mockFlowFile,24B] to original
[main] DEBUG org.apache.nifi.processors.standard.RouteText - RouteText[id=24e84634-fdfb-4a8b-87b3-8cb3253f4f09] Adding new dynamic property: PropertyDescriptor[simple]
[pool-4312-thread-1] INFO org.apache.nifi.processors.standard.RouteText - RouteText[id=24e84634-fdfb-4a8b-87b3-8cb3253f4f09] Created FlowFile[3981,93428221475772.mockFlowFile,24B] from FlowFile[3980,93428221475772.mockFlowFile,24B]; routing to relationship simple
[pool-4312-thread-1] INFO org.apache.nifi.processors.standard.RouteText - RouteText[id=24e84634-fdfb-4a8b-87b3-8cb3253f4f09] Routing FlowFile[3980,93428221475772.mockFlowFile,24B] to original
[main] DEBUG org.apache.nifi.processors.standard.RouteText - RouteText[id=24e84634-fdfb-4a8b-87b3-8cb3253f4f09] Adding new dynamic property: PropertyDescriptor[simple]
[pool-4313-thread-1] INFO org.apache.nifi.processors.standard.RouteText - RouteText[id=24e84634-fdfb-4a8b-87b3-8cb3253f4f09] Created FlowFile[3983,93428221970553.mockFlowFile,24B] from FlowFile[3982,93428221970553.mockFlowFile,24B]; routing to relationship simple
[pool-4313-thread-1] INFO org.apache.nifi.processors.standard.RouteText - RouteText[id=24e84634-fdfb-4a8b-87b3-8cb3253f4f09] Routing FlowFile[3982,93428221970553.mockFlowFile,24B] to original
[main] DEBUG org.apache.nifi.processors.standard.RouteText - RouteText[id=24e84634-fdfb-4a8b-87b3-8cb3253f4f09] Adding new dynamic property: PropertyDescriptor[simple]
[pool-4314-thread-1] INFO org.apache.nifi.processors.standard.RouteText - RouteText[id=24e84634-fdfb-4a8b-87b3-8cb3253f4f09] Created FlowFile[3985,93428222476385.mockFlowFile,24B] from FlowFile[3984,93428222476385.mockFlowFile,24B]; routing to relationship simple
[pool-4314-thread-1] INFO org.apache.nifi.processors.standard.RouteText - RouteText[id=24e84634-fdfb-4a8b-87b3-8cb3253f4f09] Routing FlowFile[3984,93428222476385.mockFlowFile,24B] to original
[main] DEBUG org.apache.nifi.processors.standard.RouteText - RouteText[id=24e84634-fdfb-4a8b-87b3-8cb3253f4f09] Adding new dynamic property: PropertyDescriptor[simple]
[pool-4315-thread-1] INFO org.apache.nifi.processors.standard.RouteText - RouteText[id=24e84634-fdfb-4a8b-87b3-8cb3253f4f09] Created FlowFile[3987,93428222970512.mockFlowFile,24B] from FlowFile[3986,93428222970512.mockFlowFile,24B]; routing to relationship simple
[pool-4315-thread-1] INFO org.apache.nifi.processors.standard.RouteText - RouteText[id=24e84634-fdfb-4a8b-87b3-8cb3253f4f09] Routing FlowFile[3986,93428222970512.mockFlowFile,24B] to original
[main] DEBUG org.apache.nifi.processors.standard.RouteText - RouteText[id=24e84634-fdfb-4a8b-87b3-8cb3253f4f09] Adding new dynamic property: PropertyDescriptor[simple]
[pool-4316-thread-1] INFO org.apache.nifi.processors.standard.RouteText - RouteText[id=24e84634-fdfb-4a8b-87b3-8cb3253f4f09] Created FlowFile[3989,93428223487144.mockFlowFile,24B] from FlowFile[3988,93428223487144.mockFlowFile,24B]; routing to relationship simple
[pool-4316-thread-1] INFO org.apache.nifi.processors.standard.RouteText - RouteText[id=24e84634-fdfb-4a8b-87b3-8cb3253f4f09] Routing FlowFile[3988,93428223487144.mockFlowFile,24B] to original
[main] DEBUG org.apache.nifi.processors.standard.RouteText - RouteText[id=24e84634-fdfb-4a8b-87b3-8cb3253f4f09] Adding new dynamic property: PropertyDescriptor[simple]
[pool-4317-thread-1] INFO org.apache.nifi.processors.standard.RouteText - RouteText[id=24e84634-fdfb-4a8b-87b3-8cb3253f4f09] Created FlowFile[3991,93428223971797.mockFlowFile,24B] from FlowFile[3990,93428223971797.mockFlowFile,24B]; routing to relationship simple
[pool-4317-thread-1] INFO org.apache.nifi.processors.standard.RouteText - RouteText[id=24e84634-fdfb-4a8b-87b3-8cb3253f4f09] Routing FlowFile[3990,93428223971797.mockFlowFile,24B] to original
[main] DEBUG org.apache.nifi.processors.standard.RouteText - RouteText[id=24e84634-fdfb-4a8b-87b3-8cb3253f4f09] Adding new dynamic property: PropertyDescriptor[simple]
[pool-4318-thread-1] INFO org.apache.nifi.processors.standard.RouteText - RouteText[id=24e84634-fdfb-4a8b-87b3-8cb3253f4f09] Created FlowFile[3993,93428224468373.mockFlowFile,24B] from FlowFile[3992,93428224468373.mockFlowFile,24B]; routing to relationship simple
[pool-4318-thread-1] INFO org.apache.nifi.processors.standard.RouteText - RouteText[id=24e84634-fdfb-4a8b-87b3-8cb3253f4f09] Routing FlowFile[3992,93428224468373.mockFlowFile,24B] to original
[main] DEBUG org.apache.nifi.processors.standard.RouteText - RouteText[id=24e84634-fdfb-4a8b-87b3-8cb3253f4f09] Adding new dynamic property: PropertyDescriptor[simple]
[pool-4319-thread-1] INFO org.apache.nifi.processors.standard.RouteText - RouteText[id=24e84634-fdfb-4a8b-87b3-8cb3253f4f09] Created FlowFile[3995,93428224985900.mockFlowFile,24B] from FlowFile[3994,93428224985900.mockFlowFile,24B]; routing to relationship simple
[pool-4319-thread-1] INFO org.apache.nifi.processors.standard.RouteText - RouteText[id=24e84634-fdfb-4a8b-87b3-8cb3253f4f09] Routing FlowFile[3994,93428224985900.mockFlowFile,24B] to original
[main] DEBUG org.apache.nifi.processors.standard.RouteText - RouteText[id=24e84634-fdfb-4a8b-87b3-8cb3253f4f09] Adding new dynamic property: PropertyDescriptor[simple]
[pool-4320-thread-1] INFO org.apache.nifi.processors.standard.RouteText - RouteText[id=24e84634-fdfb-4a8b-87b3-8cb3253f4f09] Created FlowFile[3997,93428225467474.mockFlowFile,24B] from FlowFile[3996,93428225467474.mockFlowFile,24B]; routing to relationship simple
[pool-4320-thread-1] INFO org.apache.nifi.processors.standard.RouteText - RouteText[id=24e84634-fdfb-4a8b-87b3-8cb3253f4f09] Routing FlowFile[3996,93428225467474.mockFlowFile,24B] to original
[main] DEBUG org.apache.nifi.processors.standard.RouteText - RouteText[id=24e84634-fdfb-4a8b-87b3-8cb3253f4f09] Adding new dynamic property: PropertyDescriptor[simple]
[pool-4321-thread-1] INFO org.apache.nifi.processors.standard.RouteText - RouteText[id=24e84634-fdfb-4a8b-87b3-8cb3253f4f09] Created FlowFile[3999,93428226003177.mockFlowFile,24B] from FlowFile[3998,93428226003177.mockFlowFile,24B]; routing to relationship simple
[pool-4321-thread-1] INFO org.apache.nifi.processors.standard.RouteText - RouteText[id=24e84634-fdfb-4a8b-87b3-8cb3253f4f09] Routing FlowFile[3998,93428226003177.mockFlowFile,24B] to original
[main] DEBUG org.apache.nifi.processors.standard.RouteText - RouteText[id=24e84634-fdfb-4a8b-87b3-8cb3253f4f09] Adding new dynamic property: PropertyDescriptor[simple]
[pool-4322-thread-1] INFO org.apache.nifi.processors.standard.RouteText - RouteText[id=24e84634-fdfb-4a8b-87b3-8cb3253f4f09] Created FlowFile[4001,93428226474245.mockFlowFile,24B] from FlowFile[4000,93428226474245.mockFlowFile,24B]; routing to relationship simple
[pool-4322-thread-1] INFO org.apache.nifi.processors.standard.RouteText - RouteText[id=24e84634-fdfb-4a8b-87b3-8cb3253f4f09] Routing FlowFile[4000,93428226474245.mockFlowFile,24B] to original
[main] DEBUG org.apache.nifi.processors.standard.RouteText - RouteText[id=24e84634-fdfb-4a8b-87b3-8cb3253f4f09] Adding new dynamic property: PropertyDescriptor[simple]
[pool-4323-thread-1] INFO org.apache.nifi.processors.standard.RouteText - RouteText[id=24e84634-fdfb-4a8b-87b3-8cb3253f4f09] Created FlowFile[4003,93428226935132.mockFlowFile,24B] from FlowFile[4002,93428226935132.mockFlowFile,24B]; routing to relationship simple
[pool-4323-thread-1] INFO org.apache.nifi.processors.standard.RouteText - RouteText[id=24e84634-fdfb-4a8b-87b3-8cb3253f4f09] Routing FlowFile[4002,93428226935132.mockFlowFile,24B] to original
[main] DEBUG org.apache.nifi.processors.standard.RouteText - RouteText[id=24e84634-fdfb-4a8b-87b3-8cb3253f4f09] Adding new dynamic property: PropertyDescriptor[simple]
[pool-4324-thread-1] INFO org.apache.nifi.processors.standard.RouteText - RouteText[id=24e84634-fdfb-4a8b-87b3-8cb3253f4f09] Created FlowFile[4005,93428227408017.mockFlowFile,24B] from FlowFile[4004,93428227408017.mockFlowFile,24B]; routing to relationship simple
[pool-4324-thread-1] INFO org.apache.nifi.processors.standard.RouteText - RouteText[id=24e84634-fdfb-4a8b-87b3-8cb3253f4f09] Routing FlowFile[4004,93428227408017.mockFlowFile,24B] to original
[main] DEBUG org.apache.nifi.processors.standard.RouteText - RouteText[id=24e84634-fdfb-4a8b-87b3-8cb3253f4f09] Adding new dynamic property: PropertyDescriptor[simple]
[pool-4325-thread-1] INFO org.apache.nifi.processors.standard.RouteText - RouteText[id=24e84634-fdfb-4a8b-87b3-8cb3253f4f09] Created FlowFile[4007,93428227902180.mockFlowFile,24B] from FlowFile[4006,93428227902180.mockFlowFile,24B]; routing to relationship simple
[pool-4325-thread-1] INFO org.apache.nifi.processors.standard.RouteText - RouteText[id=24e84634-fdfb-4a8b-87b3-8cb3253f4f09] Routing FlowFile[4006,93428227902180.mockFlowFile,24B] to original
[main] DEBUG org.apache.nifi.processors.standard.RouteText - RouteText[id=24e84634-fdfb-4a8b-87b3-8cb3253f4f09] Adding new dynamic property: PropertyDescriptor[simple]
[pool-4326-thread-1] INFO org.apache.nifi.processors.standard.RouteText - RouteText[id=24e84634-fdfb-4a8b-87b3-8cb3253f4f09] Created FlowFile[4009,93428228408139.mockFlowFile,24B] from FlowFile[4008,93428228408139.mockFlowFile,24B]; routing to relationship simple
[pool-4326-thread-1] INFO org.apache.nifi.processors.standard.RouteText - RouteText[id=24e84634-fdfb-4a8b-87b3-8cb3253f4f09] Routing FlowFile[4008,93428228408139.mockFlowFile,24B] to original
[main] DEBUG org.apache.nifi.processors.standard.RouteText - RouteText[id=24e84634-fdfb-4a8b-87b3-8cb3253f4f09] Adding new dynamic property: PropertyDescriptor[simple]
[pool-4327-thread-1] INFO org.apache.nifi.processors.standard.RouteText - RouteText[id=24e84634-fdfb-4a8b-87b3-8cb3253f4f09] Created FlowFile[4011,93428228896555.mockFlowFile,24B] from FlowFile[4010,93428228896555.mockFlowFile,24B]; routing to relationship simple
[pool-4327-thread-1] INFO org.apache.nifi.processors.standard.RouteText - RouteText[id=24e84634-fdfb-4a8b-87b3-8cb3253f4f09] Routing FlowFile[4010,93428228896555.mockFlowFile,24B] to original
[main] DEBUG org.apache.nifi.processors.standard.RouteText - RouteText[id=24e84634-fdfb-4a8b-87b3-8cb3253f4f09] Adding new dynamic property: PropertyDescriptor[simple]
[pool-4328-thread-1] INFO org.apache.nifi.processors.standard.RouteText - RouteText[id=24e84634-fdfb-4a8b-87b3-8cb3253f4f09] Created FlowFile[4013,93428229393394.mockFlowFile,24B] from FlowFile[4012,93428229393394.mockFlowFile,24B]; routing to relationship simple
[pool-4328-thread-1] INFO org.apache.nifi.processors.standard.RouteText - RouteText[id=24e84634-fdfb-4a8b-87b3-8cb3253f4f09] Routing FlowFile[4012,93428229393394.mockFlowFile,24B] to original
[main] DEBUG org.apache.nifi.processors.standard.RouteText - RouteText[id=24e84634-fdfb-4a8b-87b3-8cb3253f4f09] Adding new dynamic property: PropertyDescriptor[simple]
[pool-4329-thread-1] INFO org.apache.nifi.processors.standard.RouteText - RouteText[id=24e84634-fdfb-4a8b-87b3-8cb3253f4f09] Created FlowFile[4015,93428229880811.mockFlowFile,24B] from FlowFile[4014,93428229880811.mockFlowFile,24B]; routing to relationship simple
[pool-4329-thread-1] INFO org.apache.nifi.processors.standard.RouteText - RouteText[id=24e84634-fdfb-4a8b-87b3-8cb3253f4f09] Routing FlowFile[4014,93428229880811.mockFlowFile,24B] to original
[main] DEBUG org.apache.nifi.processors.standard.RouteText - RouteText[id=24e84634-fdfb-4a8b-87b3-8cb3253f4f09] Adding new dynamic property: PropertyDescriptor[simple]
[pool-4330-thread-1] INFO org.apache.nifi.processors.standard.RouteText - RouteText[id=24e84634-fdfb-4a8b-87b3-8cb3253f4f09] Created FlowFile[4017,93428230356169.mockFlowFile,24B] from FlowFile[4016,93428230356169.mockFlowFile,24B]; routing to relationship simple
[pool-4330-thread-1] INFO org.apache.nifi.processors.standard.RouteText - RouteText[id=24e84634-fdfb-4a8b-87b3-8cb3253f4f09] Routing FlowFile[4016,93428230356169.mockFlowFile,24B] to original
[main] DEBUG org.apache.nifi.processors.standard.RouteText - RouteText[id=24e84634-fdfb-4a8b-87b3-8cb3253f4f09] Adding new dynamic property: PropertyDescriptor[simple]
[pool-4331-thread-1] INFO org.apache.nifi.processors.standard.RouteText - RouteText[id=24e84634-fdfb-4a8b-87b3-8cb3253f4f09] Created FlowFile[4019,93428230812987.mockFlowFile,24B] from FlowFile[4018,93428230812987.mockFlowFile,24B]; routing to relationship simple
[pool-4331-thread-1] INFO org.apache.nifi.processors.standard.RouteText - RouteText[id=24e84634-fdfb-4a8b-87b3-8cb3253f4f09] Routing FlowFile[4018,93428230812987.mockFlowFile,24B] to original
[main] DEBUG org.apache.nifi.processors.standard.RouteText - RouteText[id=24e84634-fdfb-4a8b-87b3-8cb3253f4f09] Adding new dynamic property: PropertyDescriptor[simple]
[pool-4332-thread-1] INFO org.apache.nifi.processors.standard.RouteText - RouteText[id=24e84634-fdfb-4a8b-87b3-8cb3253f4f09] Created FlowFile[4021,93428231275832.mockFlowFile,24B] from FlowFile[4020,93428231275832.mockFlowFile,24B]; routing to relationship simple
[pool-4332-thread-1] INFO org.apache.nifi.processors.standard.RouteText - RouteText[id=24e84634-fdfb-4a8b-87b3-8cb3253f4f09] Routing FlowFile[4020,93428231275832.mockFlowFile,24B] to original
[main] DEBUG org.apache.nifi.processors.standard.RouteText - RouteText[id=24e84634-fdfb-4a8b-87b3-8cb3253f4f09] Adding new dynamic property: PropertyDescriptor[simple]
[pool-4333-thread-1] INFO org.apache.nifi.processors.standard.RouteText - RouteText[id=24e84634-fdfb-4a8b-87b3-8cb3253f4f09] Created FlowFile[4023,93428271012340.mockFlowFile,24B] from FlowFile[4022,93428271012340.mockFlowFile,24B]; routing to relationship simple
[pool-4333-thread-1] INFO org.apache.nifi.processors.standard.RouteText - RouteText[id=24e84634-fdfb-4a8b-87b3-8cb3253f4f09] Routing FlowFile[4022,93428271012340.mockFlowFile,24B] to original
[main] DEBUG org.apache.nifi.processors.standard.RouteText - RouteText[id=24e84634-fdfb-4a8b-87b3-8cb3253f4f09] Adding new dynamic property: PropertyDescriptor[simple]
[pool-4334-thread-1] INFO org.apache.nifi.processors.standard.RouteText - RouteText[id=24e84634-fdfb-4a8b-87b3-8cb3253f4f09] Created FlowFile[4025,93428271534748.mockFlowFile,24B] from FlowFile[4024,93428271534748.mockFlowFile,24B]; routing to relationship simple
[pool-4334-thread-1] INFO org.apache.nifi.processors.standard.RouteText - RouteText[id=24e84634-fdfb-4a8b-87b3-8cb3253f4f09] Routing FlowFile[4024,93428271534748.mockFlowFile,24B] to original
[main] DEBUG org.apache.nifi.processors.standard.RouteText - RouteText[id=24e84634-fdfb-4a8b-87b3-8cb3253f4f09] Adding new dynamic property: PropertyDescriptor[simple]
[pool-4335-thread-1] INFO org.apache.nifi.processors.standard.RouteText - RouteText[id=24e84634-fdfb-4a8b-87b3-8cb3253f4f09] Created FlowFile[4027,93428272039706.mockFlowFile,24B] from FlowFile[4026,93428272039706.mockFlowFile,24B]; routing to relationship simple
[pool-4335-thread-1] INFO org.apache.nifi.processors.standard.RouteText - RouteText[id=24e84634-fdfb-4a8b-87b3-8cb3253f4f09] Routing FlowFile[4026,93428272039706.mockFlowFile,24B] to original
[main] DEBUG org.apache.nifi.processors.standard.RouteText - RouteText[id=24e84634-fdfb-4a8b-87b3-8cb3253f4f09] Adding new dynamic property: PropertyDescriptor[simple]
[pool-4336-thread-1] INFO org.apache.nifi.processors.standard.RouteText - RouteText[id=24e84634-fdfb-4a8b-87b3-8cb3253f4f09] Created FlowFile[4029,93428272496579.mockFlowFile,24B] from FlowFile[4028,93428272496579.mockFlowFile,24B]; routing to relationship simple
[pool-4336-thread-1] INFO org.apache.nifi.processors.standard.RouteText - RouteText[id=24e84634-fdfb-4a8b-87b3-8cb3253f4f09] Routing FlowFile[4028,93428272496579.mockFlowFile,24B] to original
[main] DEBUG org.apache.nifi.processors.standard.RouteText - RouteText[id=24e84634-fdfb-4a8b-87b3-8cb3253f4f09] Adding new dynamic property: PropertyDescriptor[simple]
[pool-4337-thread-1] INFO org.apache.nifi.processors.standard.RouteText - RouteText[id=24e84634-fdfb-4a8b-87b3-8cb3253f4f09] Created FlowFile[4031,93428272948698.mockFlowFile,24B] from FlowFile[4030,93428272948698.mockFlowFile,24B]; routing to relationship simple
[pool-4337-thread-1] INFO org.apache.nifi.processors.standard.RouteText - RouteText[id=24e84634-fdfb-4a8b-87b3-8cb3253f4f09] Routing FlowFile[4030,93428272948698.mockFlowFile,24B] to original
[main] DEBUG org.apache.nifi.processors.standard.RouteText - RouteText[id=24e84634-fdfb-4a8b-87b3-8cb3253f4f09] Adding new dynamic property: PropertyDescriptor[simple]
[pool-4338-thread-1] INFO org.apache.nifi.processors.standard.RouteText - RouteText[id=24e84634-fdfb-4a8b-87b3-8cb3253f4f09] Created FlowFile[4033,93428273422197.mockFlowFile,24B] from FlowFile[4032,93428273422197.mockFlowFile,24B]; routing to relationship simple
[pool-4338-thread-1] INFO org.apache.nifi.processors.standard.RouteText - RouteText[id=24e84634-fdfb-4a8b-87b3-8cb3253f4f09] Routing FlowFile[4032,93428273422197.mockFlowFile,24B] to original
[main] DEBUG org.apache.nifi.processors.standard.RouteText - RouteText[id=24e84634-fdfb-4a8b-87b3-8cb3253f4f09] Adding new dynamic property: PropertyDescriptor[simple]
[pool-4339-thread-1] INFO org.apache.nifi.processors.standard.RouteText - RouteText[id=24e84634-fdfb-4a8b-87b3-8cb3253f4f09] Created FlowFile[4035,93428273850351.mockFlowFile,24B] from FlowFile[4034,93428273850351.mockFlowFile,24B]; routing to relationship simple
[pool-4339-thread-1] INFO org.apache.nifi.processors.standard.RouteText - RouteText[id=24e84634-fdfb-4a8b-87b3-8cb3253f4f09] Routing FlowFile[4034,93428273850351.mockFlowFile,24B] to original
[main] DEBUG org.apache.nifi.processors.standard.RouteText - RouteText[id=24e84634-fdfb-4a8b-87b3-8cb3253f4f09] Adding new dynamic property: PropertyDescriptor[simple]
[pool-4340-thread-1] INFO org.apache.nifi.processors.standard.RouteText - RouteText[id=24e84634-fdfb-4a8b-87b3-8cb3253f4f09] Created FlowFile[4037,93428274250011.mockFlowFile,24B] from FlowFile[4036,93428274250011.mockFlowFile,24B]; routing to relationship simple
[pool-4340-thread-1] INFO org.apache.nifi.processors.standard.RouteText - RouteText[id=24e84634-fdfb-4a8b-87b3-8cb3253f4f09] Routing FlowFile[4036,93428274250011.mockFlowFile,24B] to original
[main] DEBUG org.apache.nifi.processors.standard.RouteText - RouteText[id=24e84634-fdfb-4a8b-87b3-8cb3253f4f09] Adding new dynamic property: PropertyDescriptor[simple]
[pool-4341-thread-1] INFO org.apache.nifi.processors.standard.RouteText - RouteText[id=24e84634-fdfb-4a8b-87b3-8cb3253f4f09] Created FlowFile[4039,93428274702624.mockFlowFile,24B] from FlowFile[4038,93428274702624.mockFlowFile,24B]; routing to relationship simple
[pool-4341-thread-1] INFO org.apache.nifi.processors.standard.RouteText - RouteText[id=24e84634-fdfb-4a8b-87b3-8cb3253f4f09] Routing FlowFile[4038,93428274702624.mockFlowFile,24B] to original
[main] DEBUG org.apache.nifi.processors.standard.RouteText - RouteText[id=24e84634-fdfb-4a8b-87b3-8cb3253f4f09] Adding new dynamic property: PropertyDescriptor[simple]
[pool-4342-thread-1] INFO org.apache.nifi.processors.standard.RouteText - RouteText[id=24e84634-fdfb-4a8b-87b3-8cb3253f4f09] Created FlowFile[4041,93428275162054.mockFlowFile,24B] from FlowFile[4040,93428275162054.mockFlowFile,24B]; routing to relationship simple
[pool-4342-thread-1] INFO org.apache.nifi.processors.standard.RouteText - RouteText[id=24e84634-fdfb-4a8b-87b3-8cb3253f4f09] Routing FlowFile[4040,93428275162054.mockFlowFile,24B] to original
[main] DEBUG org.apache.nifi.processors.standard.RouteText - RouteText[id=24e84634-fdfb-4a8b-87b3-8cb3253f4f09] Adding new dynamic property: PropertyDescriptor[simple]
[pool-4343-thread-1] INFO org.apache.nifi.processors.standard.RouteText - RouteText[id=24e84634-fdfb-4a8b-87b3-8cb3253f4f09] Created FlowFile[4043,93428275631061.mockFlowFile,24B] from FlowFile[4042,93428275631061.mockFlowFile,24B]; routing to relationship simple
[pool-4343-thread-1] INFO org.apache.nifi.processors.standard.RouteText - RouteText[id=24e84634-fdfb-4a8b-87b3-8cb3253f4f09] Routing FlowFile[4042,93428275631061.mockFlowFile,24B] to original
[main] DEBUG org.apache.nifi.processors.standard.RouteText - RouteText[id=24e84634-fdfb-4a8b-87b3-8cb3253f4f09] Adding new dynamic property: PropertyDescriptor[simple]
[pool-4344-thread-1] INFO org.apache.nifi.processors.standard.RouteText - RouteText[id=24e84634-fdfb-4a8b-87b3-8cb3253f4f09] Created FlowFile[4045,93428276134590.mockFlowFile,24B] from FlowFile[4044,93428276134590.mockFlowFile,24B]; routing to relationship simple
[pool-4344-thread-1] INFO org.apache.nifi.processors.standard.RouteText - RouteText[id=24e84634-fdfb-4a8b-87b3-8cb3253f4f09] Routing FlowFile[4044,93428276134590.mockFlowFile,24B] to original
[main] DEBUG org.apache.nifi.processors.standard.RouteText - RouteText[id=24e84634-fdfb-4a8b-87b3-8cb3253f4f09] Adding new dynamic property: PropertyDescriptor[simple]
[pool-4345-thread-1] INFO org.apache.nifi.processors.standard.RouteText - RouteText[id=24e84634-fdfb-4a8b-87b3-8cb3253f4f09] Created FlowFile[4047,93428276584186.mockFlowFile,24B] from FlowFile[4046,93428276584186.mockFlowFile,24B]; routing to relationship simple
[pool-4345-thread-1] INFO org.apache.nifi.processors.standard.RouteText - RouteText[id=24e84634-fdfb-4a8b-87b3-8cb3253f4f09] Routing FlowFile[4046,93428276584186.mockFlowFile,24B] to original
[main] DEBUG org.apache.nifi.processors.standard.RouteText - RouteText[id=24e84634-fdfb-4a8b-87b3-8cb3253f4f09] Adding new dynamic property: PropertyDescriptor[simple]
[pool-4346-thread-1] INFO org.apache.nifi.processors.standard.RouteText - RouteText[id=24e84634-fdfb-4a8b-87b3-8cb3253f4f09] Created FlowFile[4049,93428276994041.mockFlowFile,24B] from FlowFile[4048,93428276994041.mockFlowFile,24B]; routing to relationship simple
[pool-4346-thread-1] INFO org.apache.nifi.processors.standard.RouteText - RouteText[id=24e84634-fdfb-4a8b-87b3-8cb3253f4f09] Routing FlowFile[4048,93428276994041.mockFlowFile,24B] to original
[main] DEBUG org.apache.nifi.processors.standard.RouteText - RouteText[id=24e84634-fdfb-4a8b-87b3-8cb3253f4f09] Adding new dynamic property: PropertyDescriptor[simple]
[pool-4347-thread-1] INFO org.apache.nifi.processors.standard.RouteText - RouteText[id=24e84634-fdfb-4a8b-87b3-8cb3253f4f09] Created FlowFile[4051,93428277413481.mockFlowFile,24B] from FlowFile[4050,93428277413481.mockFlowFile,24B]; routing to relationship simple
[pool-4347-thread-1] INFO org.apache.nifi.processors.standard.RouteText - RouteText[id=24e84634-fdfb-4a8b-87b3-8cb3253f4f09] Routing FlowFile[4050,93428277413481.mockFlowFile,24B] to original
[main] DEBUG org.apache.nifi.processors.standard.RouteText - RouteText[id=24e84634-fdfb-4a8b-87b3-8cb3253f4f09] Adding new dynamic property: PropertyDescriptor[simple]
[pool-4348-thread-1] INFO org.apache.nifi.processors.standard.RouteText - RouteText[id=24e84634-fdfb-4a8b-87b3-8cb3253f4f09] Created FlowFile[4053,93428277850380.mockFlowFile,24B] from FlowFile[4052,93428277850380.mockFlowFile,24B]; routing to relationship simple
[pool-4348-thread-1] INFO org.apache.nifi.processors.standard.RouteText - RouteText[id=24e84634-fdfb-4a8b-87b3-8cb3253f4f09] Routing FlowFile[4052,93428277850380.mockFlowFile,24B] to original
[main] DEBUG org.apache.nifi.processors.standard.RouteText - RouteText[id=24e84634-fdfb-4a8b-87b3-8cb3253f4f09] Adding new dynamic property: PropertyDescriptor[simple]
[pool-4349-thread-1] INFO org.apache.nifi.processors.standard.RouteText - RouteText[id=24e84634-fdfb-4a8b-87b3-8cb3253f4f09] Created FlowFile[4055,93428278279866.mockFlowFile,24B] from FlowFile[4054,93428278279866.mockFlowFile,24B]; routing to relationship simple
[pool-4349-thread-1] INFO org.apache.nifi.processors.standard.RouteText - RouteText[id=24e84634-fdfb-4a8b-87b3-8cb3253f4f09] Routing FlowFile[4054,93428278279866.mockFlowFile,24B] to original
[main] DEBUG org.apache.nifi.processors.standard.RouteText - RouteText[id=24e84634-fdfb-4a8b-87b3-8cb3253f4f09] Adding new dynamic property: PropertyDescriptor[simple]
[pool-4350-thread-1] INFO org.apache.nifi.processors.standard.RouteText - RouteText[id=24e84634-fdfb-4a8b-87b3-8cb3253f4f09] Created FlowFile[4057,93428278704544.mockFlowFile,24B] from FlowFile[4056,93428278704544.mockFlowFile,24B]; routing to relationship simple
[pool-4350-thread-1] INFO org.apache.nifi.processors.standard.RouteText - RouteText[id=24e84634-fdfb-4a8b-87b3-8cb3253f4f09] Routing FlowFile[4056,93428278704544.mockFlowFile,24B] to original
[main] DEBUG org.apache.nifi.processors.standard.RouteText - RouteText[id=24e84634-fdfb-4a8b-87b3-8cb3253f4f09] Adding new dynamic property: PropertyDescriptor[simple]
[pool-4351-thread-1] INFO org.apache.nifi.processors.standard.RouteText - RouteText[id=24e84634-fdfb-4a8b-87b3-8cb3253f4f09] Created FlowFile[4059,93428279133041.mockFlowFile,24B] from FlowFile[4058,93428279133041.mockFlowFile,24B]; routing to relationship simple
[pool-4351-thread-1] INFO org.apache.nifi.processors.standard.RouteText - RouteText[id=24e84634-fdfb-4a8b-87b3-8cb3253f4f09] Routing FlowFile[4058,93428279133041.mockFlowFile,24B] to original
[main] DEBUG org.apache.nifi.processors.standard.RouteText - RouteText[id=24e84634-fdfb-4a8b-87b3-8cb3253f4f09] Adding new dynamic property: PropertyDescriptor[simple]
[pool-4352-thread-1] INFO org.apache.nifi.processors.standard.RouteText - RouteText[id=24e84634-fdfb-4a8b-87b3-8cb3253f4f09] Created FlowFile[4061,93428279587117.mockFlowFile,24B] from FlowFile[4060,93428279587117.mockFlowFile,24B]; routing to relationship simple
[pool-4352-thread-1] INFO org.apache.nifi.processors.standard.RouteText - RouteText[id=24e84634-fdfb-4a8b-87b3-8cb3253f4f09] Routing FlowFile[4060,93428279587117.mockFlowFile,24B] to original
[main] DEBUG org.apache.nifi.processors.standard.RouteText - RouteText[id=24e84634-fdfb-4a8b-87b3-8cb3253f4f09] Adding new dynamic property: PropertyDescriptor[simple]
[pool-4353-thread-1] INFO org.apache.nifi.processors.standard.RouteText - RouteText[id=24e84634-fdfb-4a8b-87b3-8cb3253f4f09] Created FlowFile[4063,93428280050836.mockFlowFile,24B] from FlowFile[4062,93428280050836.mockFlowFile,24B]; routing to relationship simple
[pool-4353-thread-1] INFO org.apache.nifi.processors.standard.RouteText - RouteText[id=24e84634-fdfb-4a8b-87b3-8cb3253f4f09] Routing FlowFile[4062,93428280050836.mockFlowFile,24B] to original
[main] DEBUG org.apache.nifi.processors.standard.RouteText - RouteText[id=24e84634-fdfb-4a8b-87b3-8cb3253f4f09] Adding new dynamic property: PropertyDescriptor[simple]
[pool-4354-thread-1] INFO org.apache.nifi.processors.standard.RouteText - RouteText[id=24e84634-fdfb-4a8b-87b3-8cb3253f4f09] Created FlowFile[4065,93428280486905.mockFlowFile,24B] from FlowFile[4064,93428280486905.mockFlowFile,24B]; routing to relationship simple
[pool-4354-thread-1] INFO org.apache.nifi.processors.standard.RouteText - RouteText[id=24e84634-fdfb-4a8b-87b3-8cb3253f4f09] Routing FlowFile[4064,93428280486905.mockFlowFile,24B] to original
[main] DEBUG org.apache.nifi.processors.standard.RouteText - RouteText[id=24e84634-fdfb-4a8b-87b3-8cb3253f4f09] Adding new dynamic property: PropertyDescriptor[simple]
[pool-4355-thread-1] INFO org.apache.nifi.processors.standard.RouteText - RouteText[id=24e84634-fdfb-4a8b-87b3-8cb3253f4f09] Created FlowFile[4067,93428280931510.mockFlowFile,24B] from FlowFile[4066,93428280931510.mockFlowFile,24B]; routing to relationship simple
[pool-4355-thread-1] INFO org.apache.nifi.processors.standard.RouteText - RouteText[id=24e84634-fdfb-4a8b-87b3-8cb3253f4f09] Routing FlowFile[4066,93428280931510.mockFlowFile,24B] to original
[main] DEBUG org.apache.nifi.processors.standard.RouteText - RouteText[id=24e84634-fdfb-4a8b-87b3-8cb3253f4f09] Adding new dynamic property: PropertyDescriptor[simple]
[pool-4356-thread-1] INFO org.apache.nifi.processors.standard.RouteText - RouteText[id=24e84634-fdfb-4a8b-87b3-8cb3253f4f09] Created FlowFile[4069,93428281385203.mockFlowFile,24B] from FlowFile[4068,93428281385203.mockFlowFile,24B]; routing to relationship simple
[pool-4356-thread-1] INFO org.apache.nifi.processors.standard.RouteText - RouteText[id=24e84634-fdfb-4a8b-87b3-8cb3253f4f09] Routing FlowFile[4068,93428281385203.mockFlowFile,24B] to original
[main] DEBUG org.apache.nifi.processors.standard.RouteText - RouteText[id=24e84634-fdfb-4a8b-87b3-8cb3253f4f09] Adding new dynamic property: PropertyDescriptor[simple]
[pool-4357-thread-1] INFO org.apache.nifi.processors.standard.RouteText - RouteText[id=24e84634-fdfb-4a8b-87b3-8cb3253f4f09] Created FlowFile[4071,93428281839201.mockFlowFile,24B] from FlowFile[4070,93428281839201.mockFlowFile,24B]; routing to relationship simple
[pool-4357-thread-1] INFO org.apache.nifi.processors.standard.RouteText - RouteText[id=24e84634-fdfb-4a8b-87b3-8cb3253f4f09] Routing FlowFile[4070,93428281839201.mockFlowFile,24B] to original
[main] DEBUG org.apache.nifi.processors.standard.RouteText - RouteText[id=24e84634-fdfb-4a8b-87b3-8cb3253f4f09] Adding new dynamic property: PropertyDescriptor[simple]
[pool-4358-thread-1] INFO org.apache.nifi.processors.standard.RouteText - RouteText[id=24e84634-fdfb-4a8b-87b3-8cb3253f4f09] Created FlowFile[4073,93428282321574.mockFlowFile,24B] from FlowFile[4072,93428282321574.mockFlowFile,24B]; routing to relationship simple
[pool-4358-thread-1] INFO org.apache.nifi.processors.standard.RouteText - RouteText[id=24e84634-fdfb-4a8b-87b3-8cb3253f4f09] Routing FlowFile[4072,93428282321574.mockFlowFile,24B] to original
[main] DEBUG org.apache.nifi.processors.standard.RouteText - RouteText[id=24e84634-fdfb-4a8b-87b3-8cb3253f4f09] Adding new dynamic property: PropertyDescriptor[simple]
[pool-4359-thread-1] INFO org.apache.nifi.processors.standard.RouteText - RouteText[id=24e84634-fdfb-4a8b-87b3-8cb3253f4f09] Created FlowFile[4075,93428282739691.mockFlowFile,24B] from FlowFile[4074,93428282739691.mockFlowFile,24B]; routing to relationship simple
[pool-4359-thread-1] INFO org.apache.nifi.processors.standard.RouteText - RouteText[id=24e84634-fdfb-4a8b-87b3-8cb3253f4f09] Routing FlowFile[4074,93428282739691.mockFlowFile,24B] to original
[main] DEBUG org.apache.nifi.processors.standard.RouteText - RouteText[id=24e84634-fdfb-4a8b-87b3-8cb3253f4f09] Adding new dynamic property: PropertyDescriptor[simple]
[pool-4360-thread-1] INFO org.apache.nifi.processors.standard.RouteText - RouteText[id=24e84634-fdfb-4a8b-87b3-8cb3253f4f09] Created FlowFile[4077,93428283157873.mockFlowFile,24B] from FlowFile[4076,93428283157873.mockFlowFile,24B]; routing to relationship simple
[pool-4360-thread-1] INFO org.apache.nifi.processors.standard.RouteText - RouteText[id=24e84634-fdfb-4a8b-87b3-8cb3253f4f09] Routing FlowFile[4076,93428283157873.mockFlowFile,24B] to original
[main] DEBUG org.apache.nifi.processors.standard.RouteText - RouteText[id=24e84634-fdfb-4a8b-87b3-8cb3253f4f09] Adding new dynamic property: PropertyDescriptor[simple]
[pool-4361-thread-1] INFO org.apache.nifi.processors.standard.RouteText - RouteText[id=24e84634-fdfb-4a8b-87b3-8cb3253f4f09] Created FlowFile[4079,93428283547684.mockFlowFile,24B] from FlowFile[4078,93428283547684.mockFlowFile,24B]; routing to relationship simple
[pool-4361-thread-1] INFO org.apache.nifi.processors.standard.RouteText - RouteText[id=24e84634-fdfb-4a8b-87b3-8cb3253f4f09] Routing FlowFile[4078,93428283547684.mockFlowFile,24B] to original
[main] DEBUG org.apache.nifi.processors.standard.RouteText - RouteText[id=24e84634-fdfb-4a8b-87b3-8cb3253f4f09] Adding new dynamic property: PropertyDescriptor[simple]
[pool-4362-thread-1] INFO org.apache.nifi.processors.standard.RouteText - RouteText[id=24e84634-fdfb-4a8b-87b3-8cb3253f4f09] Created FlowFile[4081,93428283966622.mockFlowFile,24B] from FlowFile[4080,93428283966622.mockFlowFile,24B]; routing to relationship simple
[pool-4362-thread-1] INFO org.apache.nifi.processors.standard.RouteText - RouteText[id=24e84634-fdfb-4a8b-87b3-8cb3253f4f09] Routing FlowFile[4080,93428283966622.mockFlowFile,24B] to original
[main] DEBUG org.apache.nifi.processors.standard.RouteText - RouteText[id=24e84634-fdfb-4a8b-87b3-8cb3253f4f09] Adding new dynamic property: PropertyDescriptor[simple]
[pool-4363-thread-1] INFO org.apache.nifi.processors.standard.RouteText - RouteText[id=24e84634-fdfb-4a8b-87b3-8cb3253f4f09] Created FlowFile[4083,93428284457680.mockFlowFile,24B] from FlowFile[4082,93428284457680.mockFlowFile,24B]; routing to relationship simple
[pool-4363-thread-1] INFO org.apache.nifi.processors.standard.RouteText - RouteText[id=24e84634-fdfb-4a8b-87b3-8cb3253f4f09] Routing FlowFile[4082,93428284457680.mockFlowFile,24B] to original
[main] DEBUG org.apache.nifi.processors.standard.RouteText - RouteText[id=24e84634-fdfb-4a8b-87b3-8cb3253f4f09] Adding new dynamic property: PropertyDescriptor[simple]
[pool-4364-thread-1] INFO org.apache.nifi.processors.standard.RouteText - RouteText[id=24e84634-fdfb-4a8b-87b3-8cb3253f4f09] Created FlowFile[4085,93428284934786.mockFlowFile,24B] from FlowFile[4084,93428284934786.mockFlowFile,24B]; routing to relationship simple
[pool-4364-thread-1] INFO org.apache.nifi.processors.standard.RouteText - RouteText[id=24e84634-fdfb-4a8b-87b3-8cb3253f4f09] Routing FlowFile[4084,93428284934786.mockFlowFile,24B] to original
[main] DEBUG org.apache.nifi.processors.standard.RouteText - RouteText[id=24e84634-fdfb-4a8b-87b3-8cb3253f4f09] Adding new dynamic property: PropertyDescriptor[simple]
[pool-4365-thread-1] INFO org.apache.nifi.processors.standard.RouteText - RouteText[id=24e84634-fdfb-4a8b-87b3-8cb3253f4f09] Created FlowFile[4087,93428285386743.mockFlowFile,24B] from FlowFile[4086,93428285386743.mockFlowFile,24B]; routing to relationship simple
[pool-4365-thread-1] INFO org.apache.nifi.processors.standard.RouteText - RouteText[id=24e84634-fdfb-4a8b-87b3-8cb3253f4f09] Routing FlowFile[4086,93428285386743.mockFlowFile,24B] to original
[main] DEBUG org.apache.nifi.processors.standard.RouteText - RouteText[id=24e84634-fdfb-4a8b-87b3-8cb3253f4f09] Adding new dynamic property: PropertyDescriptor[simple]
[pool-4366-thread-1] INFO org.apache.nifi.processors.standard.RouteText - RouteText[id=24e84634-fdfb-4a8b-87b3-8cb3253f4f09] Created FlowFile[4089,93428285814696.mockFlowFile,24B] from FlowFile[4088,93428285814696.mockFlowFile,24B]; routing to relationship simple
[pool-4366-thread-1] INFO org.apache.nifi.processors.standard.RouteText - RouteText[id=24e84634-fdfb-4a8b-87b3-8cb3253f4f09] Routing FlowFile[4088,93428285814696.mockFlowFile,24B] to original
[main] DEBUG org.apache.nifi.processors.standard.RouteText - RouteText[id=24e84634-fdfb-4a8b-87b3-8cb3253f4f09] Adding new dynamic property: PropertyDescriptor[simple]
[pool-4367-thread-1] INFO org.apache.nifi.processors.standard.RouteText - RouteText[id=24e84634-fdfb-4a8b-87b3-8cb3253f4f09] Created FlowFile[4091,93428286246050.mockFlowFile,24B] from FlowFile[4090,93428286246050.mockFlowFile,24B]; routing to relationship simple
[pool-4367-thread-1] INFO org.apache.nifi.processors.standard.RouteText - RouteText[id=24e84634-fdfb-4a8b-87b3-8cb3253f4f09] Routing FlowFile[4090,93428286246050.mockFlowFile,24B] to original
[main] DEBUG org.apache.nifi.processors.standard.RouteText - RouteText[id=24e84634-fdfb-4a8b-87b3-8cb3253f4f09] Adding new dynamic property: PropertyDescriptor[simple]
[pool-4368-thread-1] INFO org.apache.nifi.processors.standard.RouteText - RouteText[id=24e84634-fdfb-4a8b-87b3-8cb3253f4f09] Created FlowFile[4093,93428286674121.mockFlowFile,24B] from FlowFile[4092,93428286674121.mockFlowFile,24B]; routing to relationship simple
[pool-4368-thread-1] INFO org.apache.nifi.processors.standard.RouteText - RouteText[id=24e84634-fdfb-4a8b-87b3-8cb3253f4f09] Routing FlowFile[4092,93428286674121.mockFlowFile,24B] to original
[main] DEBUG org.apache.nifi.processors.standard.RouteText - RouteText[id=24e84634-fdfb-4a8b-87b3-8cb3253f4f09] Adding new dynamic property: PropertyDescriptor[simple]
[pool-4369-thread-1] INFO org.apache.nifi.processors.standard.RouteText - RouteText[id=24e84634-fdfb-4a8b-87b3-8cb3253f4f09] Created FlowFile[4095,93428287106977.mockFlowFile,24B] from FlowFile[4094,93428287106977.mockFlowFile,24B]; routing to relationship simple
[pool-4369-thread-1] INFO org.apache.nifi.processors.standard.RouteText - RouteText[id=24e84634-fdfb-4a8b-87b3-8cb3253f4f09] Routing FlowFile[4094,93428287106977.mockFlowFile,24B] to original
[main] DEBUG org.apache.nifi.processors.standard.RouteText - RouteText[id=24e84634-fdfb-4a8b-87b3-8cb3253f4f09] Adding new dynamic property: PropertyDescriptor[simple]
[pool-4370-thread-1] INFO org.apache.nifi.processors.standard.RouteText - RouteText[id=24e84634-fdfb-4a8b-87b3-8cb3253f4f09] Created FlowFile[4097,93428287530504.mockFlowFile,24B] from FlowFile[4096,93428287530504.mockFlowFile,24B]; routing to relationship simple
[pool-4370-thread-1] INFO org.apache.nifi.processors.standard.RouteText - RouteText[id=24e84634-fdfb-4a8b-87b3-8cb3253f4f09] Routing FlowFile[4096,93428287530504.mockFlowFile,24B] to original
[main] DEBUG org.apache.nifi.processors.standard.RouteText - RouteText[id=24e84634-fdfb-4a8b-87b3-8cb3253f4f09] Adding new dynamic property: PropertyDescriptor[simple]
[pool-4371-thread-1] INFO org.apache.nifi.processors.standard.RouteText - RouteText[id=24e84634-fdfb-4a8b-87b3-8cb3253f4f09] Created FlowFile[4099,93428287952254.mockFlowFile,24B] from FlowFile[4098,93428287952254.mockFlowFile,24B]; routing to relationship simple
[pool-4371-thread-1] INFO org.apache.nifi.processors.standard.RouteText - RouteText[id=24e84634-fdfb-4a8b-87b3-8cb3253f4f09] Routing FlowFile[4098,93428287952254.mockFlowFile,24B] to original
]]></system-err>
  </testcase>
  <testcase name="testSimpleDefaultMatchRegularExpression" classname="org.apache.nifi.processors.standard.TestRouteText" time="0.001">
    <system-err><![CDATA[[main] DEBUG org.apache.nifi.processors.standard.RouteText - RouteText[id=6937e66d-8f95-4f33-915d-5e5aa6cb46ed] Adding new dynamic property: PropertyDescriptor[simple]
[pool-4372-thread-1] INFO org.apache.nifi.processors.standard.RouteText - RouteText[id=6937e66d-8f95-4f33-915d-5e5aa6cb46ed] Created FlowFile[1,93428292101803.mockFlowFile,17B] from FlowFile[0,93428292101803.mockFlowFile,26B]; routing to relationship simple
[pool-4372-thread-1] INFO org.apache.nifi.processors.standard.RouteText - RouteText[id=6937e66d-8f95-4f33-915d-5e5aa6cb46ed] Created FlowFile[2,93428292101803.mockFlowFile,9B] from FlowFile[0,93428292101803.mockFlowFile,26B]; routing to relationship unmatched
[pool-4372-thread-1] INFO org.apache.nifi.processors.standard.RouteText - RouteText[id=6937e66d-8f95-4f33-915d-5e5aa6cb46ed] Routing FlowFile[0,93428292101803.mockFlowFile,26B] to original
]]></system-err>
  </testcase>
  <testcase name="testRouteOnPropertiesStartsWindowsNewLine" classname="org.apache.nifi.processors.standard.TestRouteText" time="0.001">
    <system-err><![CDATA[[main] DEBUG org.apache.nifi.processors.standard.RouteText - RouteText[id=b4da36ca-0e4d-468f-b201-75c857cbb6d7] Adding new dynamic property: PropertyDescriptor[simple]
[pool-4373-thread-1] INFO org.apache.nifi.processors.standard.RouteText - RouteText[id=b4da36ca-0e4d-468f-b201-75c857cbb6d7] Created FlowFile[1,93428293053097.mockFlowFile,18B] from FlowFile[0,93428293053097.mockFlowFile,27B]; routing to relationship simple
[pool-4373-thread-1] INFO org.apache.nifi.processors.standard.RouteText - RouteText[id=b4da36ca-0e4d-468f-b201-75c857cbb6d7] Created FlowFile[2,93428293053097.mockFlowFile,9B] from FlowFile[0,93428293053097.mockFlowFile,27B]; routing to relationship unmatched
[pool-4373-thread-1] INFO org.apache.nifi.processors.standard.RouteText - RouteText[id=b4da36ca-0e4d-468f-b201-75c857cbb6d7] Routing FlowFile[0,93428293053097.mockFlowFile,27B] to original
]]></system-err>
  </testcase>
  <testcase name="testSimpleAllEquals" classname="org.apache.nifi.processors.standard.TestRouteText" time="0.001">
    <system-err><![CDATA[[main] DEBUG org.apache.nifi.processors.standard.RouteText - RouteText[id=30f240c4-f8cd-4e07-b0eb-dca54d17b556] Adding new dynamic property: PropertyDescriptor[second]
[main] DEBUG org.apache.nifi.processors.standard.RouteText - RouteText[id=30f240c4-f8cd-4e07-b0eb-dca54d17b556] Adding new dynamic property: PropertyDescriptor[simple]
[pool-4374-thread-1] INFO org.apache.nifi.processors.standard.RouteText - RouteText[id=30f240c4-f8cd-4e07-b0eb-dca54d17b556] Created FlowFile[2,93428293773667.mockFlowFile,9B] from FlowFile[0,93428293773667.mockFlowFile,26B]; routing to relationship unmatched
[pool-4374-thread-1] INFO org.apache.nifi.processors.standard.RouteText - RouteText[id=30f240c4-f8cd-4e07-b0eb-dca54d17b556] Created FlowFile[1,93428293773667.mockFlowFile,17B] from FlowFile[0,93428293773667.mockFlowFile,26B]; routing to relationship matched
[pool-4374-thread-1] INFO org.apache.nifi.processors.standard.RouteText - RouteText[id=30f240c4-f8cd-4e07-b0eb-dca54d17b556] Routing FlowFile[0,93428293773667.mockFlowFile,26B] to original
]]></system-err>
  </testcase>
  <testcase name="testInvalidRegex" classname="org.apache.nifi.processors.standard.TestRouteText" time="0"/>
  <testcase name="testSimpleAllContainRegularExpression" classname="org.apache.nifi.processors.standard.TestRouteText" time="0.001">
    <system-err><![CDATA[[main] DEBUG org.apache.nifi.processors.standard.RouteText - RouteText[id=d9a8589e-d81f-4022-b38f-df27e421c993] Adding new dynamic property: PropertyDescriptor[second]
[main] DEBUG org.apache.nifi.processors.standard.RouteText - RouteText[id=d9a8589e-d81f-4022-b38f-df27e421c993] Adding new dynamic property: PropertyDescriptor[simple]
[pool-4375-thread-1] INFO org.apache.nifi.processors.standard.RouteText - RouteText[id=d9a8589e-d81f-4022-b38f-df27e421c993] Created FlowFile[2,93428294992552.mockFlowFile,9B] from FlowFile[0,93428294992552.mockFlowFile,26B]; routing to relationship unmatched
[pool-4375-thread-1] INFO org.apache.nifi.processors.standard.RouteText - RouteText[id=d9a8589e-d81f-4022-b38f-df27e421c993] Created FlowFile[1,93428294992552.mockFlowFile,17B] from FlowFile[0,93428294992552.mockFlowFile,26B]; routing to relationship matched
[pool-4375-thread-1] INFO org.apache.nifi.processors.standard.RouteText - RouteText[id=d9a8589e-d81f-4022-b38f-df27e421c993] Routing FlowFile[0,93428294992552.mockFlowFile,26B] to original
]]></system-err>
  </testcase>
  <testcase name="testSimpleDefaultContains" classname="org.apache.nifi.processors.standard.TestRouteText" time="0.001">
    <system-err><![CDATA[[main] DEBUG org.apache.nifi.processors.standard.RouteText - RouteText[id=a75ef6e7-6ec9-4749-b438-38d16b87d55a] Adding new dynamic property: PropertyDescriptor[simple]
[pool-4376-thread-1] INFO org.apache.nifi.processors.standard.RouteText - RouteText[id=a75ef6e7-6ec9-4749-b438-38d16b87d55a] Created FlowFile[1,93428295665895.mockFlowFile,17B] from FlowFile[0,93428295665895.mockFlowFile,26B]; routing to relationship simple
[pool-4376-thread-1] INFO org.apache.nifi.processors.standard.RouteText - RouteText[id=a75ef6e7-6ec9-4749-b438-38d16b87d55a] Created FlowFile[2,93428295665895.mockFlowFile,9B] from FlowFile[0,93428295665895.mockFlowFile,26B]; routing to relationship unmatched
[pool-4376-thread-1] INFO org.apache.nifi.processors.standard.RouteText - RouteText[id=a75ef6e7-6ec9-4749-b438-38d16b87d55a] Routing FlowFile[0,93428295665895.mockFlowFile,26B] to original
]]></system-err>
  </testcase>
  <testcase name="testNotText" classname="org.apache.nifi.processors.standard.TestRouteText" time="0.015">
    <system-err><![CDATA[[main] DEBUG org.apache.nifi.processors.standard.RouteText - RouteText[id=45430d4d-2c35-46c6-9e5e-5ff31fa98790] Adding new dynamic property: PropertyDescriptor[simple]
[pool-4377-thread-1] INFO org.apache.nifi.processors.standard.RouteText - RouteText[id=45430d4d-2c35-46c6-9e5e-5ff31fa98790] Created FlowFile[1,simple.jpg,42919B] from FlowFile[0,simple.jpg,25248B]; routing to relationship unmatched
[pool-4377-thread-1] INFO org.apache.nifi.processors.standard.RouteText - RouteText[id=45430d4d-2c35-46c6-9e5e-5ff31fa98790] Routing FlowFile[0,simple.jpg,25248B] to original
]]></system-err>
  </testcase>
  <testcase name="testSimpleAllStarts" classname="org.apache.nifi.processors.standard.TestRouteText" time="0.001">
    <system-err><![CDATA[[main] DEBUG org.apache.nifi.processors.standard.RouteText - RouteText[id=73fb624a-5ddf-4452-b3b8-c5bb4ccff6f0] Adding new dynamic property: PropertyDescriptor[second]
[main] DEBUG org.apache.nifi.processors.standard.RouteText - RouteText[id=73fb624a-5ddf-4452-b3b8-c5bb4ccff6f0] Adding new dynamic property: PropertyDescriptor[simple]
[pool-4378-thread-1] INFO org.apache.nifi.processors.standard.RouteText - RouteText[id=73fb624a-5ddf-4452-b3b8-c5bb4ccff6f0] Created FlowFile[2,93428312122692.mockFlowFile,9B] from FlowFile[0,93428312122692.mockFlowFile,26B]; routing to relationship unmatched
[pool-4378-thread-1] INFO org.apache.nifi.processors.standard.RouteText - RouteText[id=73fb624a-5ddf-4452-b3b8-c5bb4ccff6f0] Created FlowFile[1,93428312122692.mockFlowFile,17B] from FlowFile[0,93428312122692.mockFlowFile,26B]; routing to relationship matched
[pool-4378-thread-1] INFO org.apache.nifi.processors.standard.RouteText - RouteText[id=73fb624a-5ddf-4452-b3b8-c5bb4ccff6f0] Routing FlowFile[0,93428312122692.mockFlowFile,26B] to original
]]></system-err>
  </testcase>
  <testcase name="testRouteOnPropertiesStartsJustCarriageReturn" classname="org.apache.nifi.processors.standard.TestRouteText" time="0.001">
    <system-err><![CDATA[[main] DEBUG org.apache.nifi.processors.standard.RouteText - RouteText[id=385e5fec-b88b-44f6-898e-179348fa675b] Adding new dynamic property: PropertyDescriptor[simple]
[pool-4379-thread-1] INFO org.apache.nifi.processors.standard.RouteText - RouteText[id=385e5fec-b88b-44f6-898e-179348fa675b] Created FlowFile[1,93428312851418.mockFlowFile,17B] from FlowFile[0,93428312851418.mockFlowFile,26B]; routing to relationship simple
[pool-4379-thread-1] INFO org.apache.nifi.processors.standard.RouteText - RouteText[id=385e5fec-b88b-44f6-898e-179348fa675b] Created FlowFile[2,93428312851418.mockFlowFile,9B] from FlowFile[0,93428312851418.mockFlowFile,26B]; routing to relationship unmatched
[pool-4379-thread-1] INFO org.apache.nifi.processors.standard.RouteText - RouteText[id=385e5fec-b88b-44f6-898e-179348fa675b] Routing FlowFile[0,93428312851418.mockFlowFile,26B] to original
]]></system-err>
  </testcase>
  <testcase name="testSimpleAnyMatchRegularExpression" classname="org.apache.nifi.processors.standard.TestRouteText" time="0.001">
    <system-err><![CDATA[[main] DEBUG org.apache.nifi.processors.standard.RouteText - RouteText[id=af737150-94f2-4da5-914f-e98d68ba8aff] Adding new dynamic property: PropertyDescriptor[simple]
[main] DEBUG org.apache.nifi.processors.standard.RouteText - RouteText[id=af737150-94f2-4da5-914f-e98d68ba8aff] Adding new dynamic property: PropertyDescriptor[no]
[pool-4380-thread-1] INFO org.apache.nifi.processors.standard.RouteText - RouteText[id=af737150-94f2-4da5-914f-e98d68ba8aff] Created FlowFile[2,93428313556291.mockFlowFile,9B] from FlowFile[0,93428313556291.mockFlowFile,26B]; routing to relationship unmatched
[pool-4380-thread-1] INFO org.apache.nifi.processors.standard.RouteText - RouteText[id=af737150-94f2-4da5-914f-e98d68ba8aff] Created FlowFile[1,93428313556291.mockFlowFile,17B] from FlowFile[0,93428313556291.mockFlowFile,26B]; routing to relationship matched
[pool-4380-thread-1] INFO org.apache.nifi.processors.standard.RouteText - RouteText[id=af737150-94f2-4da5-914f-e98d68ba8aff] Routing FlowFile[0,93428313556291.mockFlowFile,26B] to original
]]></system-err>
  </testcase>
</testsuite>