<?xml version="1.0" encoding="UTF-8"?>
<testsuite xmlns:xsi="http://www.w3.org/2001/XMLSchema-instance" xsi:noNamespaceSchemaLocation="https://maven.apache.org/surefire/maven-surefire-plugin/xsd/surefire-test-report-3.0.xsd" version="3.0" name="org.apache.nifi.hl7.query.TestHL7Query" time="0.335" tests="14" errors="0" skipped="0" failures="0">
  <properties>
    <property name="sun.desktop" value="gnome"/>
    <property name="awt.toolkit" value="sun.awt.X11.XToolkit"/>
    <property name="file.encoding.pkg" value="sun.io"/>
    <property name="java.specification.version" value="1.8"/>
    <property name="sun.cpu.isalist" value=""/>
    <property name="sun.jnu.encoding" value="UTF-8"/>
    <property name="java.class.path" value="/home/alex/Repositories/nifi/nifi-commons/nifi-hl7-query-language/target/test-classes:/home/alex/Repositories/nifi/nifi-commons/nifi-hl7-query-language/target/classes:/home/alex/.m2/repository/org/antlr/antlr-runtime/3.5.2/antlr-runtime-3.5.2.jar:/home/alex/.m2/repository/ca/uhn/hapi/hapi-base/2.3/hapi-base-2.3.jar:/home/alex/.m2/repository/org/slf4j/slf4j-api/1.7.32/slf4j-api-1.7.32.jar:/home/alex/.m2/repository/joda-time/joda-time/2.1/joda-time-2.1.jar:/home/alex/.m2/repository/ca/uhn/hapi/hapi-structures-v21/2.3/hapi-structures-v21-2.3.jar:/home/alex/.m2/repository/ca/uhn/hapi/hapi-structures-v22/2.3/hapi-structures-v22-2.3.jar:/home/alex/.m2/repository/ca/uhn/hapi/hapi-structures-v23/2.3/hapi-structures-v23-2.3.jar:/home/alex/.m2/repository/ca/uhn/hapi/hapi-structures-v231/2.3/hapi-structures-v231-2.3.jar:/home/alex/.m2/repository/ca/uhn/hapi/hapi-structures-v24/2.3/hapi-structures-v24-2.3.jar:/home/alex/.m2/repository/ca/uhn/hapi/hapi-structures-v25/2.3/hapi-structures-v25-2.3.jar:/home/alex/.m2/repository/ca/uhn/hapi/hapi-structures-v251/2.3/hapi-structures-v251-2.3.jar:/home/alex/.m2/repository/ca/uhn/hapi/hapi-structures-v26/2.3/hapi-structures-v26-2.3.jar:/home/alex/.m2/repository/org/junit/jupiter/junit-jupiter-api/5.7.2/junit-jupiter-api-5.7.2.jar:/home/alex/.m2/repository/org/apiguardian/apiguardian-api/1.1.0/apiguardian-api-1.1.0.jar:/home/alex/.m2/repository/org/opentest4j/opentest4j/1.2.0/opentest4j-1.2.0.jar:/home/alex/.m2/repository/org/junit/platform/junit-platform-commons/1.7.2/junit-platform-commons-1.7.2.jar:/home/alex/.m2/repository/org/junit/jupiter/junit-jupiter-engine/5.7.2/junit-jupiter-engine-5.7.2.jar:/home/alex/.m2/repository/org/junit/platform/junit-platform-engine/1.7.2/junit-platform-engine-1.7.2.jar:/home/alex/.m2/repository/org/junit/vintage/junit-vintage-engine/5.7.2/junit-vintage-engine-5.7.2.jar:/home/alex/.m2/repository/junit/junit/4.13.2/junit-4.13.2.jar:/home/alex/.m2/repository/org/hamcrest/hamcrest-core/1.3/hamcrest-core-1.3.jar:/home/alex/.m2/repository/org/junit/jupiter/junit-jupiter-params/5.7.2/junit-jupiter-params-5.7.2.jar:/home/alex/.m2/repository/org/mockito/mockito-core/3.11.2/mockito-core-3.11.2.jar:/home/alex/.m2/repository/net/bytebuddy/byte-buddy/1.11.3/byte-buddy-1.11.3.jar:/home/alex/.m2/repository/net/bytebuddy/byte-buddy-agent/1.11.3/byte-buddy-agent-1.11.3.jar:/home/alex/.m2/repository/org/objenesis/objenesis/3.2/objenesis-3.2.jar:/home/alex/.m2/repository/org/mockito/mockito-junit-jupiter/3.11.2/mockito-junit-jupiter-3.11.2.jar:/home/alex/.m2/repository/org/slf4j/slf4j-simple/1.7.32/slf4j-simple-1.7.32.jar:/home/alex/.m2/repository/org/codehaus/groovy/groovy-test/2.5.14/groovy-test-2.5.14.jar:/home/alex/.m2/repository/org/codehaus/groovy/groovy/2.5.14/groovy-2.5.14.jar:"/>
    <property name="java.vm.vendor" value="Private Build"/>
    <property name="sun.arch.data.model" value="64"/>
    <property name="java.vendor.url" value="http://java.oracle.com/"/>
    <property name="user.timezone" value=""/>
    <property name="java.vm.specification.version" value="1.8"/>
    <property name="os.name" value="Linux"/>
    <property name="user.country" value="US"/>
    <property name="sun.java.launcher" value="SUN_STANDARD"/>
    <property name="sun.boot.library.path" value="/usr/lib/jvm/java-8-openjdk-amd64/jre/lib/amd64"/>
    <property name="sun.java.command" value="/home/alex/Repositories/nifi/nifi-commons/nifi-hl7-query-language/target/surefire/surefirebooter3297456503469915385.jar /home/alex/Repositories/nifi/nifi-commons/nifi-hl7-query-language/target/surefire 2024-05-02T02-13-54_999-jvmRun1 surefire5415140248650367011tmp surefire_132546440857709954147tmp"/>
    <property name="surefire.test.class.path" value="/home/alex/Repositories/nifi/nifi-commons/nifi-hl7-query-language/target/test-classes:/home/alex/Repositories/nifi/nifi-commons/nifi-hl7-query-language/target/classes:/home/alex/.m2/repository/org/antlr/antlr-runtime/3.5.2/antlr-runtime-3.5.2.jar:/home/alex/.m2/repository/ca/uhn/hapi/hapi-base/2.3/hapi-base-2.3.jar:/home/alex/.m2/repository/org/slf4j/slf4j-api/1.7.32/slf4j-api-1.7.32.jar:/home/alex/.m2/repository/joda-time/joda-time/2.1/joda-time-2.1.jar:/home/alex/.m2/repository/ca/uhn/hapi/hapi-structures-v21/2.3/hapi-structures-v21-2.3.jar:/home/alex/.m2/repository/ca/uhn/hapi/hapi-structures-v22/2.3/hapi-structures-v22-2.3.jar:/home/alex/.m2/repository/ca/uhn/hapi/hapi-structures-v23/2.3/hapi-structures-v23-2.3.jar:/home/alex/.m2/repository/ca/uhn/hapi/hapi-structures-v231/2.3/hapi-structures-v231-2.3.jar:/home/alex/.m2/repository/ca/uhn/hapi/hapi-structures-v24/2.3/hapi-structures-v24-2.3.jar:/home/alex/.m2/repository/ca/uhn/hapi/hapi-structures-v25/2.3/hapi-structures-v25-2.3.jar:/home/alex/.m2/repository/ca/uhn/hapi/hapi-structures-v251/2.3/hapi-structures-v251-2.3.jar:/home/alex/.m2/repository/ca/uhn/hapi/hapi-structures-v26/2.3/hapi-structures-v26-2.3.jar:/home/alex/.m2/repository/org/junit/jupiter/junit-jupiter-api/5.7.2/junit-jupiter-api-5.7.2.jar:/home/alex/.m2/repository/org/apiguardian/apiguardian-api/1.1.0/apiguardian-api-1.1.0.jar:/home/alex/.m2/repository/org/opentest4j/opentest4j/1.2.0/opentest4j-1.2.0.jar:/home/alex/.m2/repository/org/junit/platform/junit-platform-commons/1.7.2/junit-platform-commons-1.7.2.jar:/home/alex/.m2/repository/org/junit/jupiter/junit-jupiter-engine/5.7.2/junit-jupiter-engine-5.7.2.jar:/home/alex/.m2/repository/org/junit/platform/junit-platform-engine/1.7.2/junit-platform-engine-1.7.2.jar:/home/alex/.m2/repository/org/junit/vintage/junit-vintage-engine/5.7.2/junit-vintage-engine-5.7.2.jar:/home/alex/.m2/repository/junit/junit/4.13.2/junit-4.13.2.jar:/home/alex/.m2/repository/org/hamcrest/hamcrest-core/1.3/hamcrest-core-1.3.jar:/home/alex/.m2/repository/org/junit/jupiter/junit-jupiter-params/5.7.2/junit-jupiter-params-5.7.2.jar:/home/alex/.m2/repository/org/mockito/mockito-core/3.11.2/mockito-core-3.11.2.jar:/home/alex/.m2/repository/net/bytebuddy/byte-buddy/1.11.3/byte-buddy-1.11.3.jar:/home/alex/.m2/repository/net/bytebuddy/byte-buddy-agent/1.11.3/byte-buddy-agent-1.11.3.jar:/home/alex/.m2/repository/org/objenesis/objenesis/3.2/objenesis-3.2.jar:/home/alex/.m2/repository/org/mockito/mockito-junit-jupiter/3.11.2/mockito-junit-jupiter-3.11.2.jar:/home/alex/.m2/repository/org/slf4j/slf4j-simple/1.7.32/slf4j-simple-1.7.32.jar:/home/alex/.m2/repository/org/codehaus/groovy/groovy-test/2.5.14/groovy-test-2.5.14.jar:/home/alex/.m2/repository/org/codehaus/groovy/groovy/2.5.14/groovy-2.5.14.jar:"/>
    <property name="sun.cpu.endian" value="little"/>
    <property name="user.home" value="/home/alex"/>
    <property name="user.language" value="en"/>
    <property name="java.specification.vendor" value="Oracle Corporation"/>
    <property name="java.home" value="/usr/lib/jvm/java-8-openjdk-amd64/jre"/>
    <property name="basedir" value="/home/alex/Repositories/nifi/nifi-commons/nifi-hl7-query-language"/>
    <property name="file.separator" value="/"/>
    <property name="line.separator" value="&#10;"/>
    <property name="java.vm.specification.vendor" value="Oracle Corporation"/>
    <property name="java.specification.name" value="Java Platform API Specification"/>
    <property name="java.awt.graphicsenv" value="sun.awt.X11GraphicsEnvironment"/>
    <property name="java.awt.headless" value="true"/>
    <property name="surefire.real.class.path" value="/home/alex/Repositories/nifi/nifi-commons/nifi-hl7-query-language/target/surefire/surefirebooter3297456503469915385.jar"/>
    <property name="sun.boot.class.path" value="/usr/lib/jvm/java-8-openjdk-amd64/jre/lib/resources.jar:/usr/lib/jvm/java-8-openjdk-amd64/jre/lib/rt.jar:/usr/lib/jvm/java-8-openjdk-amd64/jre/lib/sunrsasign.jar:/usr/lib/jvm/java-8-openjdk-amd64/jre/lib/jsse.jar:/usr/lib/jvm/java-8-openjdk-amd64/jre/lib/jce.jar:/usr/lib/jvm/java-8-openjdk-amd64/jre/lib/charsets.jar:/usr/lib/jvm/java-8-openjdk-amd64/jre/lib/jfr.jar:/usr/lib/jvm/java-8-openjdk-amd64/jre/classes"/>
    <property name="sun.management.compiler" value="HotSpot 64-Bit Tiered Compilers"/>
    <property name="java.runtime.version" value="1.8.0_402-8u402-ga-2ubuntu1~22.04-b06"/>
    <property name="java.net.preferIPv4Stack" value="true"/>
    <property name="user.name" value="alex"/>
    <property name="path.separator" value=":"/>
    <property name="os.version" value="6.5.0-28-generic"/>
    <property name="java.endorsed.dirs" value="/usr/lib/jvm/java-8-openjdk-amd64/jre/lib/endorsed"/>
    <property name="java.runtime.name" value="OpenJDK Runtime Environment"/>
    <property name="file.encoding" value="UTF-8"/>
    <property name="java.vm.name" value="OpenJDK 64-Bit Server VM"/>
    <property name="localRepository" value="/home/alex/.m2/repository"/>
    <property name="java.vendor.url.bug" value="http://bugreport.sun.com/bugreport/"/>
    <property name="java.io.tmpdir" value="/tmp"/>
    <property name="java.version" value="1.8.0_402"/>
    <property name="user.dir" value="/home/alex/Repositories/nifi/nifi-commons/nifi-hl7-query-language"/>
    <property name="os.arch" value="amd64"/>
    <property name="java.vm.specification.name" value="Java Virtual Machine Specification"/>
    <property name="java.awt.printerjob" value="sun.print.PSPrinterJob"/>
    <property name="sun.os.patch.level" value="unknown"/>
    <property name="java.library.path" value="/usr/java/packages/lib/amd64:/usr/lib/x86_64-linux-gnu/jni:/lib/x86_64-linux-gnu:/usr/lib/x86_64-linux-gnu:/usr/lib/jni:/lib:/usr/lib"/>
    <property name="java.vm.info" value="mixed mode"/>
    <property name="java.vendor" value="Private Build"/>
    <property name="java.vm.version" value="25.402-b06"/>
    <property name="java.specification.maintenance.version" value="5"/>
    <property name="java.ext.dirs" value="/usr/lib/jvm/java-8-openjdk-amd64/jre/lib/ext:/usr/java/packages/lib/ext"/>
    <property name="sun.io.unicode.encoding" value="UnicodeLittle"/>
    <property name="java.class.version" value="52.0"/>
  </properties>
  <testcase name="testGreaterThanOrEqual" classname="org.apache.nifi.hl7.query.TestHL7Query" time="0.146">
    <system-err><![CDATA[[main] INFO ca.uhn.hl7v2.util.Home - hapi.home is set to /home/alex/Repositories/nifi/nifi-commons/nifi-hl7-query-language/.
[main] INFO ca.uhn.hl7v2.VersionLogger - HAPI version is: 2.3
[main] INFO ca.uhn.hl7v2.VersionLogger - Default Structure libraries found for HL7 versions 2.1, 2.2, 2.3, 2.3.1, 2.4, 2.5, 2.5.1, 2.6, 
]]></system-err>
  </testcase>
  <testcase name="testLessThanOrEqual" classname="org.apache.nifi.hl7.query.TestHL7Query" time="0.013"/>
  <testcase name="testLessThan" classname="org.apache.nifi.hl7.query.TestHL7Query" time="0.012"/>
  <testcase name="testDistinctValuesReturned" classname="org.apache.nifi.hl7.query.TestHL7Query" time="0.013"/>
  <testcase name="testAssignAliases" classname="org.apache.nifi.hl7.query.TestHL7Query" time="0.01">
    <system-out><![CDATA[0 : {A=a, B=d, C=e, D=g}
1 : {A=b, B=d, C=e, D=g}
2 : {A=c, B=d, C=e, D=g}
3 : {A=a, B=d, C=f, D=g}
4 : {A=b, B=d, C=f, D=g}
5 : {A=c, B=d, C=f, D=g}
6 : {A=a, B=d, C=e, D=h}
7 : {A=b, B=d, C=e, D=h}
8 : {A=c, B=d, C=e, D=h}
9 : {A=a, B=d, C=f, D=h}
10 : {A=b, B=d, C=f, D=h}
11 : {A=c, B=d, C=f, D=h}
]]></system-out>
  </testcase>
  <testcase name="testFieldEqualsString" classname="org.apache.nifi.hl7.query.TestHL7Query" time="0.02"/>
  <testcase name="testSelectMessage" classname="org.apache.nifi.hl7.query.TestHL7Query" time="0.013"/>
  <testcase name="testSelectField" classname="org.apache.nifi.hl7.query.TestHL7Query" time="0.015"/>
  <testcase name="testGreaterThan" classname="org.apache.nifi.hl7.query.TestHL7Query" time="0.023"/>
  <testcase name="testAndWithParents" classname="org.apache.nifi.hl7.query.TestHL7Query" time="0.014"/>
  <testcase name="testSelectAbnormalTestResult" classname="org.apache.nifi.hl7.query.TestHL7Query" time="0.01"/>
  <testcase name="testIsNull" classname="org.apache.nifi.hl7.query.TestHL7Query" time="0.008"/>
  <testcase name="testNotNull" classname="org.apache.nifi.hl7.query.TestHL7Query" time="0.008"/>
  <testcase name="testCompareTwoFields" classname="org.apache.nifi.hl7.query.TestHL7Query" time="0.007"/>
</testsuite>