<?xml version="1.0" encoding="UTF-8"?>
<testsuite xmlns:xsi="http://www.w3.org/2001/XMLSchema-instance" xsi:noNamespaceSchemaLocation="https://maven.apache.org/surefire/maven-surefire-plugin/xsd/surefire-test-report-3.0.xsd" version="3.0" name="org.apache.nifi.processors.standard.TestListenHTTP" time="4.33" tests="27" errors="0" skipped="1" failures="0">
  <properties>
    <property name="sun.desktop" value="gnome"/>
    <property name="awt.toolkit" value="sun.awt.X11.XToolkit"/>
    <property name="file.encoding.pkg" value="sun.io"/>
    <property name="java.specification.version" value="1.8"/>
    <property name="sun.cpu.isalist" value=""/>
    <property name="sun.jnu.encoding" value="UTF-8"/>
    <property name="java.class.path" value="/home/alex/Repositories/nifi/nifi-nar-bundles/nifi-standard-bundle/nifi-standard-processors/target/test-classes:/home/alex/Repositories/nifi/nifi-nar-bundles/nifi-standard-bundle/nifi-standard-processors/target/classes:/home/alex/.m2/repository/org/apache/ftpserver/ftpserver-core/1.1.1/ftpserver-core-1.1.1.jar:/home/alex/.m2/repository/org/apache/ftpserver/ftplet-api/1.1.1/ftplet-api-1.1.1.jar:/home/alex/.m2/repository/org/slf4j/slf4j-api/1.7.32/slf4j-api-1.7.32.jar:/home/alex/.m2/repository/org/apache/mina/mina-core/2.0.16/mina-core-2.0.16.jar:/home/alex/Repositories/nifi/nifi-api/target/classes:/home/alex/Repositories/nifi/nifi-commons/nifi-expression-language/target/classes:/home/alex/.m2/repository/org/antlr/antlr-runtime/3.5.2/antlr-runtime-3.5.2.jar:/home/alex/Repositories/nifi/nifi-commons/nifi-parameter/target/classes:/home/alex/Repositories/nifi/nifi-commons/nifi-uuid5/target/classes:/home/alex/.m2/repository/org/apache/commons/commons-text/1.8/commons-text-1.8.jar:/home/alex/Repositories/nifi/nifi-nar-bundles/nifi-extension-utils/nifi-processor-utils/target/classes:/home/alex/Repositories/nifi/nifi-commons/nifi-security-socket-ssl/target/classes:/home/alex/Repositories/nifi/nifi-nar-bundles/nifi-extension-utils/nifi-event-transport/target/classes:/home/alex/.m2/repository/io/netty/netty-handler/4.1.69.Final/netty-handler-4.1.69.Final.jar:/home/alex/.m2/repository/io/netty/netty-common/4.1.69.Final/netty-common-4.1.69.Final.jar:/home/alex/.m2/repository/io/netty/netty-resolver/4.1.69.Final/netty-resolver-4.1.69.Final.jar:/home/alex/.m2/repository/io/netty/netty-transport/4.1.69.Final/netty-transport-4.1.69.Final.jar:/home/alex/.m2/repository/io/netty/netty-codec/4.1.69.Final/netty-codec-4.1.69.Final.jar:/home/alex/Repositories/nifi/nifi-nar-bundles/nifi-extension-utils/nifi-syslog-utils/target/classes:/home/alex/.m2/repository/com/github/palindromicity/simple-syslog-5424/0.0.16/simple-syslog-5424-0.0.16.jar:/home/alex/.m2/repository/org/antlr/antlr4-runtime/4.7.2/antlr4-runtime-4.7.2.jar:/home/alex/Repositories/nifi/nifi-commons/nifi-utils/target/classes:/home/alex/Repositories/nifi/nifi-commons/nifi-record-path/target/classes:/home/alex/Repositories/nifi/nifi-commons/nifi-properties/target/classes:/home/alex/Repositories/nifi/nifi-commons/nifi-property-utils/target/classes:/home/alex/.m2/repository/com/github/ben-manes/caffeine/caffeine/2.8.1/caffeine-2.8.1.jar:/home/alex/Repositories/nifi/nifi-nar-bundles/nifi-standard-services/nifi-ssl-context-service-api/target/classes:/home/alex/Repositories/nifi/nifi-commons/nifi-security-utils-api/target/classes:/home/alex/Repositories/nifi/nifi-nar-bundles/nifi-standard-services/nifi-lookup-service-api/target/classes:/home/alex/Repositories/nifi/nifi-commons/nifi-flowfile-packager/target/classes:/home/alex/Repositories/nifi/nifi-nar-bundles/nifi-standard-services/nifi-distributed-cache-client-service-api/target/classes:/home/alex/Repositories/nifi/nifi-nar-bundles/nifi-standard-services/nifi-http-context-map-api/target/classes:/home/alex/Repositories/nifi/nifi-nar-bundles/nifi-standard-services/nifi-record-serialization-service-api/target/classes:/home/alex/Repositories/nifi/nifi-nar-bundles/nifi-standard-services/nifi-proxy-configuration-api/target/classes:/home/alex/Repositories/nifi/nifi-commons/nifi-record/target/classes:/home/alex/Repositories/nifi/nifi-nar-bundles/nifi-standard-services/nifi-record-sink-api/target/classes:/home/alex/.m2/repository/commons-io/commons-io/2.10.0/commons-io-2.10.0.jar:/home/alex/.m2/repository/javax/ws/rs/javax.ws.rs-api/2.1/javax.ws.rs-api-2.1.jar:/home/alex/.m2/repository/commons-net/commons-net/3.6/commons-net-3.6.jar:/home/alex/.m2/repository/org/apache/commons/commons-compress/1.21/commons-compress-1.21.jar:/home/alex/.m2/repository/org/apache/commons/commons-lang3/3.9/commons-lang3-3.9.jar:/home/alex/.m2/repository/org/bouncycastle/bcprov-jdk15on/1.69/bcprov-jdk15on-1.69.jar:/home/alex/.m2/repository/org/bouncycastle/bcpg-jdk15on/1.69/bcpg-jdk15on-1.69.jar:/home/alex/.m2/repository/org/bouncycastle/bcpkix-jdk15on/1.69/bcpkix-jdk15on-1.69.jar:/home/alex/.m2/repository/org/bouncycastle/bcutil-jdk15on/1.69/bcutil-jdk15on-1.69.jar:/home/alex/.m2/repository/commons-codec/commons-codec/1.14/commons-codec-1.14.jar:/home/alex/Repositories/nifi/nifi-commons/nifi-security-utils/target/classes:/home/alex/Repositories/nifi/nifi-commons/nifi-security-kms/target/classes:/home/alex/.m2/repository/org/apache/commons/commons-configuration2/2.7/commons-configuration2-2.7.jar:/home/alex/.m2/repository/com/hierynomus/sshj/0.32.0/sshj-0.32.0.jar:/home/alex/.m2/repository/com/jcraft/jzlib/1.1.3/jzlib-1.1.3.jar:/home/alex/.m2/repository/com/hierynomus/asn-one/0.6.0/asn-one-0.6.0.jar:/home/alex/.m2/repository/net/i2p/crypto/eddsa/0.3.0/eddsa-0.3.0.jar:/home/alex/.m2/repository/org/eclipse/jetty/jetty-server/9.4.44.v20210927/jetty-server-9.4.44.v20210927.jar:/home/alex/.m2/repository/javax/servlet/javax.servlet-api/3.1.0/javax.servlet-api-3.1.0.jar:/home/alex/.m2/repository/org/eclipse/jetty/jetty-http/9.4.44.v20210927/jetty-http-9.4.44.v20210927.jar:/home/alex/.m2/repository/org/eclipse/jetty/jetty-util/9.4.44.v20210927/jetty-util-9.4.44.v20210927.jar:/home/alex/.m2/repository/org/eclipse/jetty/jetty-io/9.4.44.v20210927/jetty-io-9.4.44.v20210927.jar:/home/alex/.m2/repository/org/eclipse/jetty/jetty-servlet/9.4.44.v20210927/jetty-servlet-9.4.44.v20210927.jar:/home/alex/.m2/repository/org/eclipse/jetty/jetty-security/9.4.44.v20210927/jetty-security-9.4.44.v20210927.jar:/home/alex/.m2/repository/org/eclipse/jetty/jetty-util-ajax/9.4.44.v20210927/jetty-util-ajax-9.4.44.v20210927.jar:/home/alex/.m2/repository/org/apache/httpcomponents/httpclient/4.5.5/httpclient-4.5.5.jar:/home/alex/.m2/repository/commons-logging/commons-logging/1.2/commons-logging-1.2.jar:/home/alex/.m2/repository/org/apache/httpcomponents/httpcore/4.4.9/httpcore-4.4.9.jar:/home/alex/.m2/repository/jakarta/activation/jakarta.activation-api/2.0.1/jakarta.activation-api-2.0.1.jar:/home/alex/.m2/repository/com/sun/activation/jakarta.activation/2.0.1/jakarta.activation-2.0.1.jar:/home/alex/.m2/repository/jakarta/mail/jakarta.mail-api/2.0.1/jakarta.mail-api-2.0.1.jar:/home/alex/.m2/repository/com/sun/mail/jakarta.mail/2.0.1/jakarta.mail-2.0.1.jar:/home/alex/.m2/repository/com/github/jponge/lzma-java/1.3/lzma-java-1.3.jar:/home/alex/.m2/repository/org/tukaani/xz/1.8/xz-1.8.jar:/home/alex/.m2/repository/net/sf/saxon/Saxon-HE/10.6/Saxon-HE-10.6.jar:/home/alex/Repositories/nifi/nifi-commons/nifi-socket-utils/target/classes:/home/alex/Repositories/nifi/nifi-commons/nifi-logging-utils/target/classes:/home/alex/Repositories/nifi/nifi-nar-bundles/nifi-standard-services/nifi-load-distribution-service-api/target/classes:/home/alex/.m2/repository/javax/jms/javax.jms-api/2.0.1/javax.jms-api-2.0.1.jar:/home/alex/.m2/repository/org/apache/activemq/activemq-client/5.15.15/activemq-client-5.15.15.jar:/home/alex/.m2/repository/org/apache/geronimo/specs/geronimo-jms_1.1_spec/1.1.1/geronimo-jms_1.1_spec-1.1.1.jar:/home/alex/.m2/repository/org/fusesource/hawtbuf/hawtbuf/1.11/hawtbuf-1.11.jar:/home/alex/.m2/repository/org/apache/geronimo/specs/geronimo-j2ee-management_1.1_spec/1.0.1/geronimo-j2ee-management_1.1_spec-1.0.1.jar:/home/alex/.m2/repository/com/jayway/jsonpath/json-path/2.6.0/json-path-2.6.0.jar:/home/alex/.m2/repository/net/minidev/json-smart/2.4.7/json-smart-2.4.7.jar:/home/alex/.m2/repository/net/minidev/accessors-smart/2.4.7/accessors-smart-2.4.7.jar:/home/alex/.m2/repository/org/ow2/asm/asm/9.1/asm-9.1.jar:/home/alex/.m2/repository/org/apache/tika/tika-core/1.26/tika-core-1.26.jar:/home/alex/.m2/repository/com/fasterxml/jackson/core/jackson-databind/2.12.3/jackson-databind-2.12.3.jar:/home/alex/.m2/repository/com/fasterxml/jackson/core/jackson-annotations/2.12.3/jackson-annotations-2.12.3.jar:/home/alex/.m2/repository/com/fasterxml/jackson/core/jackson-core/2.12.3/jackson-core-2.12.3.jar:/home/alex/Repositories/nifi/nifi-nar-bundles/nifi-extension-utils/nifi-record-utils/nifi-avro-record-utils/target/classes:/home/alex/Repositories/nifi/nifi-nar-bundles/nifi-extension-utils/nifi-record-utils/nifi-standard-record-utils/target/classes:/home/alex/.m2/repository/org/apache/avro/avro/1.8.1/avro-1.8.1.jar:/home/alex/.m2/repository/org/codehaus/jackson/jackson-core-asl/1.9.13/jackson-core-asl-1.9.13.jar:/home/alex/.m2/repository/org/codehaus/jackson/jackson-mapper-asl/1.9.13/jackson-mapper-asl-1.9.13.jar:/home/alex/.m2/repository/com/thoughtworks/paranamer/paranamer/2.7/paranamer-2.7.jar:/home/alex/Repositories/nifi/nifi-nar-bundles/nifi-standard-services/nifi-dbcp-service-api/target/classes:/home/alex/.m2/repository/com/squareup/okhttp3/okhttp/4.9.2/okhttp-4.9.2.jar:/home/alex/.m2/repository/com/squareup/okio/okio/2.8.0/okio-2.8.0.jar:/home/alex/.m2/repository/org/jetbrains/kotlin/kotlin-stdlib-common/1.4.0/kotlin-stdlib-common-1.4.0.jar:/home/alex/.m2/repository/org/jetbrains/kotlin/kotlin-stdlib/1.4.10/kotlin-stdlib-1.4.10.jar:/home/alex/.m2/repository/org/jetbrains/annotations/13.0/annotations-13.0.jar:/home/alex/.m2/repository/io/github/rburgst/okhttp-digest/2.5/okhttp-digest-2.5.jar:/home/alex/.m2/repository/at/favre/lib/bcrypt/0.9.0/bcrypt-0.9.0.jar:/home/alex/.m2/repository/at/favre/lib/bytes/1.3.0/bytes-1.3.0.jar:/home/alex/.m2/repository/com/google/guava/guava/28.0-jre/guava-28.0-jre.jar:/home/alex/.m2/repository/com/google/guava/failureaccess/1.0.1/failureaccess-1.0.1.jar:/home/alex/.m2/repository/com/google/guava/listenablefuture/9999.0-empty-to-avoid-conflict-with-guava/listenablefuture-9999.0-empty-to-avoid-conflict-with-guava.jar:/home/alex/.m2/repository/com/google/code/findbugs/jsr305/3.0.2/jsr305-3.0.2.jar:/home/alex/.m2/repository/org/checkerframework/checker-qual/2.8.1/checker-qual-2.8.1.jar:/home/alex/.m2/repository/com/google/errorprone/error_prone_annotations/2.3.2/error_prone_annotations-2.3.2.jar:/home/alex/.m2/repository/com/google/j2objc/j2objc-annotations/1.3/j2objc-annotations-1.3.jar:/home/alex/.m2/repository/org/codehaus/mojo/animal-sniffer-annotations/1.17/animal-sniffer-annotations-1.17.jar:/home/alex/Repositories/nifi/nifi-mock/target/classes:/home/alex/Repositories/nifi/nifi-framework-api/target/classes:/home/alex/Repositories/nifi/nifi-nar-bundles/nifi-framework-bundle/nifi-framework/nifi-framework-core-api/target/classes:/home/alex/Repositories/nifi/nifi-nar-bundles/nifi-framework-bundle/nifi-framework/nifi-framework-nar-utils/target/classes:/home/alex/Repositories/nifi/nifi-nar-bundles/nifi-framework-bundle/nifi-framework/nifi-client-dto/target/classes:/home/alex/.m2/repository/io/swagger/swagger-annotations/1.6.0/swagger-annotations-1.6.0.jar:/home/alex/Repositories/nifi/nifi-commons/nifi-site-to-site-client/target/classes:/home/alex/.m2/repository/org/apache/httpcomponents/httpasyncclient/4.1.4/httpasyncclient-4.1.4.jar:/home/alex/.m2/repository/org/apache/httpcomponents/httpcore-nio/4.4.10/httpcore-nio-4.4.10.jar:/home/alex/Repositories/nifi/nifi-nar-bundles/nifi-framework-bundle/nifi-framework/nifi-framework-authorization/target/classes:/home/alex/Repositories/nifi/nifi-registry/nifi-registry-core/nifi-registry-data-model/target/classes:/home/alex/Repositories/nifi/nifi-registry/nifi-registry-core/nifi-registry-revision/nifi-registry-revision-entity-model/target/classes:/home/alex/Repositories/nifi/nifi-registry/nifi-registry-core/nifi-registry-client/target/classes:/home/alex/Repositories/nifi/nifi-registry/nifi-registry-core/nifi-registry-security-utils/target/classes:/home/alex/.m2/repository/org/glassfish/jersey/core/jersey-client/2.33/jersey-client-2.33.jar:/home/alex/.m2/repository/jakarta/ws/rs/jakarta.ws.rs-api/2.1.6/jakarta.ws.rs-api-2.1.6.jar:/home/alex/.m2/repository/org/glassfish/hk2/external/jakarta.inject/2.6.1/jakarta.inject-2.6.1.jar:/home/alex/.m2/repository/org/glassfish/jersey/media/jersey-media-json-jackson/2.33/jersey-media-json-jackson-2.33.jar:/home/alex/.m2/repository/org/glassfish/jersey/ext/jersey-entity-filtering/2.33/jersey-entity-filtering-2.33.jar:/home/alex/.m2/repository/org/glassfish/jersey/inject/jersey-hk2/2.33/jersey-hk2-2.33.jar:/home/alex/.m2/repository/org/glassfish/hk2/hk2-locator/2.6.1/hk2-locator-2.6.1.jar:/home/alex/.m2/repository/org/glassfish/hk2/external/aopalliance-repackaged/2.6.1/aopalliance-repackaged-2.6.1.jar:/home/alex/.m2/repository/org/glassfish/hk2/hk2-api/2.6.1/hk2-api-2.6.1.jar:/home/alex/.m2/repository/org/glassfish/hk2/hk2-utils/2.6.1/hk2-utils-2.6.1.jar:/home/alex/.m2/repository/org/javassist/javassist/3.25.0-GA/javassist-3.25.0-GA.jar:/home/alex/.m2/repository/org/glassfish/jersey/core/jersey-common/2.33/jersey-common-2.33.jar:/home/alex/.m2/repository/jakarta/annotation/jakarta.annotation-api/1.3.5/jakarta.annotation-api-1.3.5.jar:/home/alex/.m2/repository/org/glassfish/hk2/osgi-resource-locator/1.0.3/osgi-resource-locator-1.0.3.jar:/home/alex/.m2/repository/org/glassfish/jersey/media/jersey-media-multipart/2.33/jersey-media-multipart-2.33.jar:/home/alex/.m2/repository/org/jvnet/mimepull/mimepull/1.9.13/mimepull-1.9.13.jar:/home/alex/Repositories/nifi/nifi-commons/nifi-data-provenance-utils/target/classes:/home/alex/Repositories/nifi/nifi-nar-bundles/nifi-standard-services/nifi-distributed-cache-services-bundle/nifi-distributed-cache-client-service/target/classes:/home/alex/Repositories/nifi/nifi-nar-bundles/nifi-standard-services/nifi-distributed-cache-services-bundle/nifi-distributed-cache-protocol/target/classes:/home/alex/.m2/repository/io/netty/netty-buffer/4.1.69.Final/netty-buffer-4.1.69.Final.jar:/home/alex/.m2/repository/com/google/http-client/google-http-client/1.28.0/google-http-client-1.28.0.jar:/home/alex/.m2/repository/io/opencensus/opencensus-api/0.18.0/opencensus-api-0.18.0.jar:/home/alex/.m2/repository/io/grpc/grpc-context/1.14.0/grpc-context-1.14.0.jar:/home/alex/.m2/repository/io/opencensus/opencensus-contrib-http-util/0.18.0/opencensus-contrib-http-util-0.18.0.jar:/home/alex/.m2/repository/org/apache/activemq/activemq-broker/5.15.14/activemq-broker-5.15.14.jar:/home/alex/.m2/repository/org/apache/activemq/activemq-openwire-legacy/5.15.14/activemq-openwire-legacy-5.15.14.jar:/home/alex/Repositories/nifi/nifi-nar-bundles/nifi-standard-services/nifi-ssl-context-bundle/nifi-ssl-context-service/target/classes:/home/alex/Repositories/nifi/nifi-nar-bundles/nifi-framework-bundle/nifi-framework/nifi-standard-prioritizers/target/classes:/home/alex/Repositories/nifi/nifi-nar-bundles/nifi-extension-utils/nifi-record-utils/nifi-mock-record-utils/target/classes:/home/alex/Repositories/nifi/nifi-nar-bundles/nifi-standard-services/nifi-record-serialization-services-bundle/nifi-record-serialization-services/target/classes:/home/alex/.m2/repository/org/apache/commons/commons-csv/1.8/commons-csv-1.8.jar:/home/alex/.m2/repository/com/fasterxml/jackson/dataformat/jackson-dataformat-csv/2.12.3/jackson-dataformat-csv-2.12.3.jar:/home/alex/.m2/repository/net/java/dev/stax-utils/stax-utils/20070216/stax-utils-20070216.jar:/home/alex/Repositories/nifi/nifi-nar-bundles/nifi-standard-services/nifi-lookup-services-bundle/nifi-lookup-services/target/classes:/home/alex/.m2/repository/commons-beanutils/commons-beanutils/1.9.4/commons-beanutils-1.9.4.jar:/home/alex/.m2/repository/commons-collections/commons-collections/3.2.2/commons-collections-3.2.2.jar:/home/alex/.m2/repository/com/maxmind/geoip2/geoip2/2.12.0/geoip2-2.12.0.jar:/home/alex/.m2/repository/com/maxmind/db/maxmind-db/1.2.2/maxmind-db-1.2.2.jar:/home/alex/.m2/repository/org/apache/derby/derby/10.14.2.0/derby-10.14.2.0.jar:/home/alex/.m2/repository/org/xerial/snappy/snappy-java/1.1.7.3/snappy-java-1.1.7.3.jar:/home/alex/.m2/repository/net/lingala/zip4j/zip4j/2.8.0/zip4j-2.8.0.jar:/home/alex/.m2/repository/com/h2database/h2/1.4.187/h2-1.4.187.jar:/home/alex/.m2/repository/org/mockftpserver/MockFtpServer/2.7.1/MockFtpServer-2.7.1.jar:/home/alex/.m2/repository/org/apache/sshd/sshd-core/1.7.0/sshd-core-1.7.0.jar:/home/alex/.m2/repository/com/bazaarvoice/jolt/jolt-core/0.1.1/jolt-core-0.1.1.jar:/home/alex/.m2/repository/javax/inject/javax.inject/1/javax.inject-1.jar:/home/alex/.m2/repository/com/bazaarvoice/jolt/json-utils/0.1.1/json-utils-0.1.1.jar:/home/alex/Repositories/nifi/nifi-nar-bundles/nifi-standard-bundle/nifi-standard-utils/target/classes:/home/alex/.m2/repository/net/sf/supercsv/super-csv/2.4.0/super-csv-2.4.0.jar:/home/alex/.m2/repository/com/fluenda/parcefone/2.1.0/parcefone-2.1.0.jar:/home/alex/.m2/repository/javax/validation/validation-api/1.1.0.Final/validation-api-1.1.0.Final.jar:/home/alex/.m2/repository/javax/el/javax.el-api/3.0.0/javax.el-api-3.0.0.jar:/home/alex/.m2/repository/com/github/wnameless/json/json-flattener/0.12.0/json-flattener-0.12.0.jar:/home/alex/.m2/repository/com/github/wnameless/json/json-base/2.0.0/json-base-2.0.0.jar:/home/alex/.m2/repository/org/apache/bval/bval-jsr/1.1.2/bval-jsr-1.1.2.jar:/home/alex/.m2/repository/org/apache/bval/bval-core/1.1.2/bval-core-1.1.2.jar:/home/alex/.m2/repository/io/krakens/java-grok/0.1.9/java-grok-0.1.9.jar:/home/alex/.m2/repository/org/apache/calcite/calcite-core/1.27.0/calcite-core-1.27.0.jar:/home/alex/.m2/repository/org/apache/calcite/calcite-linq4j/1.27.0/calcite-linq4j-1.27.0.jar:/home/alex/.m2/repository/com/esri/geometry/esri-geometry-api/2.2.0/esri-geometry-api-2.2.0.jar:/home/alex/.m2/repository/org/apache/calcite/avatica/avatica-core/1.18.0/avatica-core-1.18.0.jar:/home/alex/.m2/repository/org/apache/calcite/avatica/avatica-metrics/1.18.0/avatica-metrics-1.18.0.jar:/home/alex/.m2/repository/com/google/protobuf/protobuf-java/3.6.1/protobuf-java-3.6.1.jar:/home/alex/.m2/repository/org/apiguardian/apiguardian-api/1.1.0/apiguardian-api-1.1.0.jar:/home/alex/.m2/repository/com/fasterxml/jackson/dataformat/jackson-dataformat-yaml/2.10.0/jackson-dataformat-yaml-2.10.0.jar:/home/alex/.m2/repository/org/yaml/snakeyaml/1.29/snakeyaml-1.29.jar:/home/alex/.m2/repository/com/google/uzaygezen/uzaygezen-core/0.2/uzaygezen-core-0.2.jar:/home/alex/.m2/repository/com/yahoo/datasketches/sketches-core/0.9.0/sketches-core-0.9.0.jar:/home/alex/.m2/repository/com/yahoo/datasketches/memory/0.9.0/memory-0.9.0.jar:/home/alex/.m2/repository/net/hydromatic/aggdesigner-algorithm/6.0/aggdesigner-algorithm-6.0.jar:/home/alex/.m2/repository/commons-lang/commons-lang/2.4/commons-lang-2.4.jar:/home/alex/.m2/repository/org/apache/commons/commons-dbcp2/2.6.0/commons-dbcp2-2.6.0.jar:/home/alex/.m2/repository/org/apache/commons/commons-pool2/2.6.1/commons-pool2-2.6.1.jar:/home/alex/.m2/repository/org/codehaus/janino/commons-compiler/3.0.11/commons-compiler-3.0.11.jar:/home/alex/.m2/repository/org/codehaus/janino/janino/3.0.11/janino-3.0.11.jar:/home/alex/Repositories/nifi/nifi-nar-bundles/nifi-standard-services/nifi-schema-registry-service-api/target/classes:/home/alex/Repositories/nifi/nifi-nar-bundles/nifi-extension-utils/nifi-database-utils/target/classes:/home/alex/Repositories/nifi/nifi-nar-bundles/nifi-standard-bundle/nifi-standard-web-test-utils/target/classes:/home/alex/.m2/repository/com/github/stefanbirkner/fake-sftp-server-rule/2.0.1/fake-sftp-server-rule-2.0.1.jar:/home/alex/.m2/repository/com/github/marschall/memoryfilesystem/2.8.0/memoryfilesystem-2.8.0.jar:/home/alex/.m2/repository/junit/junit/4.13.2/junit-4.13.2.jar:/home/alex/.m2/repository/org/hamcrest/hamcrest-core/1.3/hamcrest-core-1.3.jar:/home/alex/Repositories/nifi/nifi-nar-bundles/nifi-extension-utils/nifi-database-test-utils/target/classes:/home/alex/.m2/repository/org/codehaus/groovy/groovy-json/2.5.14/groovy-json-2.5.14.jar:/home/alex/.m2/repository/org/codehaus/groovy/groovy/2.5.14/groovy-2.5.14.jar:/home/alex/.m2/repository/org/codehaus/groovy/groovy-servlet/2.5.14/groovy-servlet-2.5.14.jar:/home/alex/.m2/repository/org/codehaus/groovy/groovy-templates/2.5.14/groovy-templates-2.5.14.jar:/home/alex/.m2/repository/org/codehaus/groovy/groovy-xml/2.5.14/groovy-xml-2.5.14.jar:/home/alex/.m2/repository/org/hamcrest/hamcrest-all/1.3/hamcrest-all-1.3.jar:/home/alex/.m2/repository/com/squareup/okhttp3/mockwebserver/4.9.2/mockwebserver-4.9.2.jar:/home/alex/.m2/repository/org/jetbrains/kotlin/kotlin-stdlib-jdk8/1.4.10/kotlin-stdlib-jdk8-1.4.10.jar:/home/alex/.m2/repository/org/jetbrains/kotlin/kotlin-stdlib-jdk7/1.4.10/kotlin-stdlib-jdk7-1.4.10.jar:/home/alex/.m2/repository/org/mockito/mockito-inline/3.12.4/mockito-inline-3.12.4.jar:/home/alex/.m2/repository/org/junit/jupiter/junit-jupiter-api/5.7.2/junit-jupiter-api-5.7.2.jar:/home/alex/.m2/repository/org/opentest4j/opentest4j/1.2.0/opentest4j-1.2.0.jar:/home/alex/.m2/repository/org/junit/platform/junit-platform-commons/1.7.2/junit-platform-commons-1.7.2.jar:/home/alex/.m2/repository/org/junit/jupiter/junit-jupiter-engine/5.7.2/junit-jupiter-engine-5.7.2.jar:/home/alex/.m2/repository/org/junit/platform/junit-platform-engine/1.7.2/junit-platform-engine-1.7.2.jar:/home/alex/.m2/repository/org/junit/vintage/junit-vintage-engine/5.7.2/junit-vintage-engine-5.7.2.jar:/home/alex/.m2/repository/org/junit/jupiter/junit-jupiter-params/5.7.2/junit-jupiter-params-5.7.2.jar:/home/alex/.m2/repository/org/mockito/mockito-core/3.11.2/mockito-core-3.11.2.jar:/home/alex/.m2/repository/net/bytebuddy/byte-buddy/1.11.3/byte-buddy-1.11.3.jar:/home/alex/.m2/repository/net/bytebuddy/byte-buddy-agent/1.11.3/byte-buddy-agent-1.11.3.jar:/home/alex/.m2/repository/org/objenesis/objenesis/3.2/objenesis-3.2.jar:/home/alex/.m2/repository/org/mockito/mockito-junit-jupiter/3.11.2/mockito-junit-jupiter-3.11.2.jar:/home/alex/.m2/repository/org/slf4j/slf4j-simple/1.7.32/slf4j-simple-1.7.32.jar:/home/alex/.m2/repository/org/codehaus/groovy/groovy-test/2.5.14/groovy-test-2.5.14.jar:"/>
    <property name="org.slf4j.simpleLogger.log.nifi.processors.standard.TestExecuteSQLRecord" value="debug"/>
    <property name="java.vm.vendor" value="Private Build"/>
    <property name="sun.arch.data.model" value="64"/>
    <property name="java.vendor.url" value="http://java.oracle.com/"/>
    <property name="user.timezone" value="Europe/Lisbon"/>
    <property name="java.vm.specification.version" value="1.8"/>
    <property name="os.name" value="Linux"/>
    <property name="user.country" value="US"/>
    <property name="sun.java.launcher" value="SUN_STANDARD"/>
    <property name="sun.boot.library.path" value="/usr/lib/jvm/java-8-openjdk-amd64/jre/lib/amd64"/>
    <property name="sun.java.command" value="/home/alex/Repositories/nifi/nifi-nar-bundles/nifi-standard-bundle/nifi-standard-processors/target/surefire/surefirebooter262180563015504354.jar /home/alex/Repositories/nifi/nifi-nar-bundles/nifi-standard-bundle/nifi-standard-processors/target/surefire 2024-05-02T02-13-54_999-jvmRun1 surefire7006267633466184684tmp surefire_695365209324004685157tmp"/>
    <property name="org.slf4j.simpleLogger.log.nifi.io.nio" value="debug"/>
    <property name="surefire.test.class.path" value="/home/alex/Repositories/nifi/nifi-nar-bundles/nifi-standard-bundle/nifi-standard-processors/target/test-classes:/home/alex/Repositories/nifi/nifi-nar-bundles/nifi-standard-bundle/nifi-standard-processors/target/classes:/home/alex/.m2/repository/org/apache/ftpserver/ftpserver-core/1.1.1/ftpserver-core-1.1.1.jar:/home/alex/.m2/repository/org/apache/ftpserver/ftplet-api/1.1.1/ftplet-api-1.1.1.jar:/home/alex/.m2/repository/org/slf4j/slf4j-api/1.7.32/slf4j-api-1.7.32.jar:/home/alex/.m2/repository/org/apache/mina/mina-core/2.0.16/mina-core-2.0.16.jar:/home/alex/Repositories/nifi/nifi-api/target/classes:/home/alex/Repositories/nifi/nifi-commons/nifi-expression-language/target/classes:/home/alex/.m2/repository/org/antlr/antlr-runtime/3.5.2/antlr-runtime-3.5.2.jar:/home/alex/Repositories/nifi/nifi-commons/nifi-parameter/target/classes:/home/alex/Repositories/nifi/nifi-commons/nifi-uuid5/target/classes:/home/alex/.m2/repository/org/apache/commons/commons-text/1.8/commons-text-1.8.jar:/home/alex/Repositories/nifi/nifi-nar-bundles/nifi-extension-utils/nifi-processor-utils/target/classes:/home/alex/Repositories/nifi/nifi-commons/nifi-security-socket-ssl/target/classes:/home/alex/Repositories/nifi/nifi-nar-bundles/nifi-extension-utils/nifi-event-transport/target/classes:/home/alex/.m2/repository/io/netty/netty-handler/4.1.69.Final/netty-handler-4.1.69.Final.jar:/home/alex/.m2/repository/io/netty/netty-common/4.1.69.Final/netty-common-4.1.69.Final.jar:/home/alex/.m2/repository/io/netty/netty-resolver/4.1.69.Final/netty-resolver-4.1.69.Final.jar:/home/alex/.m2/repository/io/netty/netty-transport/4.1.69.Final/netty-transport-4.1.69.Final.jar:/home/alex/.m2/repository/io/netty/netty-codec/4.1.69.Final/netty-codec-4.1.69.Final.jar:/home/alex/Repositories/nifi/nifi-nar-bundles/nifi-extension-utils/nifi-syslog-utils/target/classes:/home/alex/.m2/repository/com/github/palindromicity/simple-syslog-5424/0.0.16/simple-syslog-5424-0.0.16.jar:/home/alex/.m2/repository/org/antlr/antlr4-runtime/4.7.2/antlr4-runtime-4.7.2.jar:/home/alex/Repositories/nifi/nifi-commons/nifi-utils/target/classes:/home/alex/Repositories/nifi/nifi-commons/nifi-record-path/target/classes:/home/alex/Repositories/nifi/nifi-commons/nifi-properties/target/classes:/home/alex/Repositories/nifi/nifi-commons/nifi-property-utils/target/classes:/home/alex/.m2/repository/com/github/ben-manes/caffeine/caffeine/2.8.1/caffeine-2.8.1.jar:/home/alex/Repositories/nifi/nifi-nar-bundles/nifi-standard-services/nifi-ssl-context-service-api/target/classes:/home/alex/Repositories/nifi/nifi-commons/nifi-security-utils-api/target/classes:/home/alex/Repositories/nifi/nifi-nar-bundles/nifi-standard-services/nifi-lookup-service-api/target/classes:/home/alex/Repositories/nifi/nifi-commons/nifi-flowfile-packager/target/classes:/home/alex/Repositories/nifi/nifi-nar-bundles/nifi-standard-services/nifi-distributed-cache-client-service-api/target/classes:/home/alex/Repositories/nifi/nifi-nar-bundles/nifi-standard-services/nifi-http-context-map-api/target/classes:/home/alex/Repositories/nifi/nifi-nar-bundles/nifi-standard-services/nifi-record-serialization-service-api/target/classes:/home/alex/Repositories/nifi/nifi-nar-bundles/nifi-standard-services/nifi-proxy-configuration-api/target/classes:/home/alex/Repositories/nifi/nifi-commons/nifi-record/target/classes:/home/alex/Repositories/nifi/nifi-nar-bundles/nifi-standard-services/nifi-record-sink-api/target/classes:/home/alex/.m2/repository/commons-io/commons-io/2.10.0/commons-io-2.10.0.jar:/home/alex/.m2/repository/javax/ws/rs/javax.ws.rs-api/2.1/javax.ws.rs-api-2.1.jar:/home/alex/.m2/repository/commons-net/commons-net/3.6/commons-net-3.6.jar:/home/alex/.m2/repository/org/apache/commons/commons-compress/1.21/commons-compress-1.21.jar:/home/alex/.m2/repository/org/apache/commons/commons-lang3/3.9/commons-lang3-3.9.jar:/home/alex/.m2/repository/org/bouncycastle/bcprov-jdk15on/1.69/bcprov-jdk15on-1.69.jar:/home/alex/.m2/repository/org/bouncycastle/bcpg-jdk15on/1.69/bcpg-jdk15on-1.69.jar:/home/alex/.m2/repository/org/bouncycastle/bcpkix-jdk15on/1.69/bcpkix-jdk15on-1.69.jar:/home/alex/.m2/repository/org/bouncycastle/bcutil-jdk15on/1.69/bcutil-jdk15on-1.69.jar:/home/alex/.m2/repository/commons-codec/commons-codec/1.14/commons-codec-1.14.jar:/home/alex/Repositories/nifi/nifi-commons/nifi-security-utils/target/classes:/home/alex/Repositories/nifi/nifi-commons/nifi-security-kms/target/classes:/home/alex/.m2/repository/org/apache/commons/commons-configuration2/2.7/commons-configuration2-2.7.jar:/home/alex/.m2/repository/com/hierynomus/sshj/0.32.0/sshj-0.32.0.jar:/home/alex/.m2/repository/com/jcraft/jzlib/1.1.3/jzlib-1.1.3.jar:/home/alex/.m2/repository/com/hierynomus/asn-one/0.6.0/asn-one-0.6.0.jar:/home/alex/.m2/repository/net/i2p/crypto/eddsa/0.3.0/eddsa-0.3.0.jar:/home/alex/.m2/repository/org/eclipse/jetty/jetty-server/9.4.44.v20210927/jetty-server-9.4.44.v20210927.jar:/home/alex/.m2/repository/javax/servlet/javax.servlet-api/3.1.0/javax.servlet-api-3.1.0.jar:/home/alex/.m2/repository/org/eclipse/jetty/jetty-http/9.4.44.v20210927/jetty-http-9.4.44.v20210927.jar:/home/alex/.m2/repository/org/eclipse/jetty/jetty-util/9.4.44.v20210927/jetty-util-9.4.44.v20210927.jar:/home/alex/.m2/repository/org/eclipse/jetty/jetty-io/9.4.44.v20210927/jetty-io-9.4.44.v20210927.jar:/home/alex/.m2/repository/org/eclipse/jetty/jetty-servlet/9.4.44.v20210927/jetty-servlet-9.4.44.v20210927.jar:/home/alex/.m2/repository/org/eclipse/jetty/jetty-security/9.4.44.v20210927/jetty-security-9.4.44.v20210927.jar:/home/alex/.m2/repository/org/eclipse/jetty/jetty-util-ajax/9.4.44.v20210927/jetty-util-ajax-9.4.44.v20210927.jar:/home/alex/.m2/repository/org/apache/httpcomponents/httpclient/4.5.5/httpclient-4.5.5.jar:/home/alex/.m2/repository/commons-logging/commons-logging/1.2/commons-logging-1.2.jar:/home/alex/.m2/repository/org/apache/httpcomponents/httpcore/4.4.9/httpcore-4.4.9.jar:/home/alex/.m2/repository/jakarta/activation/jakarta.activation-api/2.0.1/jakarta.activation-api-2.0.1.jar:/home/alex/.m2/repository/com/sun/activation/jakarta.activation/2.0.1/jakarta.activation-2.0.1.jar:/home/alex/.m2/repository/jakarta/mail/jakarta.mail-api/2.0.1/jakarta.mail-api-2.0.1.jar:/home/alex/.m2/repository/com/sun/mail/jakarta.mail/2.0.1/jakarta.mail-2.0.1.jar:/home/alex/.m2/repository/com/github/jponge/lzma-java/1.3/lzma-java-1.3.jar:/home/alex/.m2/repository/org/tukaani/xz/1.8/xz-1.8.jar:/home/alex/.m2/repository/net/sf/saxon/Saxon-HE/10.6/Saxon-HE-10.6.jar:/home/alex/Repositories/nifi/nifi-commons/nifi-socket-utils/target/classes:/home/alex/Repositories/nifi/nifi-commons/nifi-logging-utils/target/classes:/home/alex/Repositories/nifi/nifi-nar-bundles/nifi-standard-services/nifi-load-distribution-service-api/target/classes:/home/alex/.m2/repository/javax/jms/javax.jms-api/2.0.1/javax.jms-api-2.0.1.jar:/home/alex/.m2/repository/org/apache/activemq/activemq-client/5.15.15/activemq-client-5.15.15.jar:/home/alex/.m2/repository/org/apache/geronimo/specs/geronimo-jms_1.1_spec/1.1.1/geronimo-jms_1.1_spec-1.1.1.jar:/home/alex/.m2/repository/org/fusesource/hawtbuf/hawtbuf/1.11/hawtbuf-1.11.jar:/home/alex/.m2/repository/org/apache/geronimo/specs/geronimo-j2ee-management_1.1_spec/1.0.1/geronimo-j2ee-management_1.1_spec-1.0.1.jar:/home/alex/.m2/repository/com/jayway/jsonpath/json-path/2.6.0/json-path-2.6.0.jar:/home/alex/.m2/repository/net/minidev/json-smart/2.4.7/json-smart-2.4.7.jar:/home/alex/.m2/repository/net/minidev/accessors-smart/2.4.7/accessors-smart-2.4.7.jar:/home/alex/.m2/repository/org/ow2/asm/asm/9.1/asm-9.1.jar:/home/alex/.m2/repository/org/apache/tika/tika-core/1.26/tika-core-1.26.jar:/home/alex/.m2/repository/com/fasterxml/jackson/core/jackson-databind/2.12.3/jackson-databind-2.12.3.jar:/home/alex/.m2/repository/com/fasterxml/jackson/core/jackson-annotations/2.12.3/jackson-annotations-2.12.3.jar:/home/alex/.m2/repository/com/fasterxml/jackson/core/jackson-core/2.12.3/jackson-core-2.12.3.jar:/home/alex/Repositories/nifi/nifi-nar-bundles/nifi-extension-utils/nifi-record-utils/nifi-avro-record-utils/target/classes:/home/alex/Repositories/nifi/nifi-nar-bundles/nifi-extension-utils/nifi-record-utils/nifi-standard-record-utils/target/classes:/home/alex/.m2/repository/org/apache/avro/avro/1.8.1/avro-1.8.1.jar:/home/alex/.m2/repository/org/codehaus/jackson/jackson-core-asl/1.9.13/jackson-core-asl-1.9.13.jar:/home/alex/.m2/repository/org/codehaus/jackson/jackson-mapper-asl/1.9.13/jackson-mapper-asl-1.9.13.jar:/home/alex/.m2/repository/com/thoughtworks/paranamer/paranamer/2.7/paranamer-2.7.jar:/home/alex/Repositories/nifi/nifi-nar-bundles/nifi-standard-services/nifi-dbcp-service-api/target/classes:/home/alex/.m2/repository/com/squareup/okhttp3/okhttp/4.9.2/okhttp-4.9.2.jar:/home/alex/.m2/repository/com/squareup/okio/okio/2.8.0/okio-2.8.0.jar:/home/alex/.m2/repository/org/jetbrains/kotlin/kotlin-stdlib-common/1.4.0/kotlin-stdlib-common-1.4.0.jar:/home/alex/.m2/repository/org/jetbrains/kotlin/kotlin-stdlib/1.4.10/kotlin-stdlib-1.4.10.jar:/home/alex/.m2/repository/org/jetbrains/annotations/13.0/annotations-13.0.jar:/home/alex/.m2/repository/io/github/rburgst/okhttp-digest/2.5/okhttp-digest-2.5.jar:/home/alex/.m2/repository/at/favre/lib/bcrypt/0.9.0/bcrypt-0.9.0.jar:/home/alex/.m2/repository/at/favre/lib/bytes/1.3.0/bytes-1.3.0.jar:/home/alex/.m2/repository/com/google/guava/guava/28.0-jre/guava-28.0-jre.jar:/home/alex/.m2/repository/com/google/guava/failureaccess/1.0.1/failureaccess-1.0.1.jar:/home/alex/.m2/repository/com/google/guava/listenablefuture/9999.0-empty-to-avoid-conflict-with-guava/listenablefuture-9999.0-empty-to-avoid-conflict-with-guava.jar:/home/alex/.m2/repository/com/google/code/findbugs/jsr305/3.0.2/jsr305-3.0.2.jar:/home/alex/.m2/repository/org/checkerframework/checker-qual/2.8.1/checker-qual-2.8.1.jar:/home/alex/.m2/repository/com/google/errorprone/error_prone_annotations/2.3.2/error_prone_annotations-2.3.2.jar:/home/alex/.m2/repository/com/google/j2objc/j2objc-annotations/1.3/j2objc-annotations-1.3.jar:/home/alex/.m2/repository/org/codehaus/mojo/animal-sniffer-annotations/1.17/animal-sniffer-annotations-1.17.jar:/home/alex/Repositories/nifi/nifi-mock/target/classes:/home/alex/Repositories/nifi/nifi-framework-api/target/classes:/home/alex/Repositories/nifi/nifi-nar-bundles/nifi-framework-bundle/nifi-framework/nifi-framework-core-api/target/classes:/home/alex/Repositories/nifi/nifi-nar-bundles/nifi-framework-bundle/nifi-framework/nifi-framework-nar-utils/target/classes:/home/alex/Repositories/nifi/nifi-nar-bundles/nifi-framework-bundle/nifi-framework/nifi-client-dto/target/classes:/home/alex/.m2/repository/io/swagger/swagger-annotations/1.6.0/swagger-annotations-1.6.0.jar:/home/alex/Repositories/nifi/nifi-commons/nifi-site-to-site-client/target/classes:/home/alex/.m2/repository/org/apache/httpcomponents/httpasyncclient/4.1.4/httpasyncclient-4.1.4.jar:/home/alex/.m2/repository/org/apache/httpcomponents/httpcore-nio/4.4.10/httpcore-nio-4.4.10.jar:/home/alex/Repositories/nifi/nifi-nar-bundles/nifi-framework-bundle/nifi-framework/nifi-framework-authorization/target/classes:/home/alex/Repositories/nifi/nifi-registry/nifi-registry-core/nifi-registry-data-model/target/classes:/home/alex/Repositories/nifi/nifi-registry/nifi-registry-core/nifi-registry-revision/nifi-registry-revision-entity-model/target/classes:/home/alex/Repositories/nifi/nifi-registry/nifi-registry-core/nifi-registry-client/target/classes:/home/alex/Repositories/nifi/nifi-registry/nifi-registry-core/nifi-registry-security-utils/target/classes:/home/alex/.m2/repository/org/glassfish/jersey/core/jersey-client/2.33/jersey-client-2.33.jar:/home/alex/.m2/repository/jakarta/ws/rs/jakarta.ws.rs-api/2.1.6/jakarta.ws.rs-api-2.1.6.jar:/home/alex/.m2/repository/org/glassfish/hk2/external/jakarta.inject/2.6.1/jakarta.inject-2.6.1.jar:/home/alex/.m2/repository/org/glassfish/jersey/media/jersey-media-json-jackson/2.33/jersey-media-json-jackson-2.33.jar:/home/alex/.m2/repository/org/glassfish/jersey/ext/jersey-entity-filtering/2.33/jersey-entity-filtering-2.33.jar:/home/alex/.m2/repository/org/glassfish/jersey/inject/jersey-hk2/2.33/jersey-hk2-2.33.jar:/home/alex/.m2/repository/org/glassfish/hk2/hk2-locator/2.6.1/hk2-locator-2.6.1.jar:/home/alex/.m2/repository/org/glassfish/hk2/external/aopalliance-repackaged/2.6.1/aopalliance-repackaged-2.6.1.jar:/home/alex/.m2/repository/org/glassfish/hk2/hk2-api/2.6.1/hk2-api-2.6.1.jar:/home/alex/.m2/repository/org/glassfish/hk2/hk2-utils/2.6.1/hk2-utils-2.6.1.jar:/home/alex/.m2/repository/org/javassist/javassist/3.25.0-GA/javassist-3.25.0-GA.jar:/home/alex/.m2/repository/org/glassfish/jersey/core/jersey-common/2.33/jersey-common-2.33.jar:/home/alex/.m2/repository/jakarta/annotation/jakarta.annotation-api/1.3.5/jakarta.annotation-api-1.3.5.jar:/home/alex/.m2/repository/org/glassfish/hk2/osgi-resource-locator/1.0.3/osgi-resource-locator-1.0.3.jar:/home/alex/.m2/repository/org/glassfish/jersey/media/jersey-media-multipart/2.33/jersey-media-multipart-2.33.jar:/home/alex/.m2/repository/org/jvnet/mimepull/mimepull/1.9.13/mimepull-1.9.13.jar:/home/alex/Repositories/nifi/nifi-commons/nifi-data-provenance-utils/target/classes:/home/alex/Repositories/nifi/nifi-nar-bundles/nifi-standard-services/nifi-distributed-cache-services-bundle/nifi-distributed-cache-client-service/target/classes:/home/alex/Repositories/nifi/nifi-nar-bundles/nifi-standard-services/nifi-distributed-cache-services-bundle/nifi-distributed-cache-protocol/target/classes:/home/alex/.m2/repository/io/netty/netty-buffer/4.1.69.Final/netty-buffer-4.1.69.Final.jar:/home/alex/.m2/repository/com/google/http-client/google-http-client/1.28.0/google-http-client-1.28.0.jar:/home/alex/.m2/repository/io/opencensus/opencensus-api/0.18.0/opencensus-api-0.18.0.jar:/home/alex/.m2/repository/io/grpc/grpc-context/1.14.0/grpc-context-1.14.0.jar:/home/alex/.m2/repository/io/opencensus/opencensus-contrib-http-util/0.18.0/opencensus-contrib-http-util-0.18.0.jar:/home/alex/.m2/repository/org/apache/activemq/activemq-broker/5.15.14/activemq-broker-5.15.14.jar:/home/alex/.m2/repository/org/apache/activemq/activemq-openwire-legacy/5.15.14/activemq-openwire-legacy-5.15.14.jar:/home/alex/Repositories/nifi/nifi-nar-bundles/nifi-standard-services/nifi-ssl-context-bundle/nifi-ssl-context-service/target/classes:/home/alex/Repositories/nifi/nifi-nar-bundles/nifi-framework-bundle/nifi-framework/nifi-standard-prioritizers/target/classes:/home/alex/Repositories/nifi/nifi-nar-bundles/nifi-extension-utils/nifi-record-utils/nifi-mock-record-utils/target/classes:/home/alex/Repositories/nifi/nifi-nar-bundles/nifi-standard-services/nifi-record-serialization-services-bundle/nifi-record-serialization-services/target/classes:/home/alex/.m2/repository/org/apache/commons/commons-csv/1.8/commons-csv-1.8.jar:/home/alex/.m2/repository/com/fasterxml/jackson/dataformat/jackson-dataformat-csv/2.12.3/jackson-dataformat-csv-2.12.3.jar:/home/alex/.m2/repository/net/java/dev/stax-utils/stax-utils/20070216/stax-utils-20070216.jar:/home/alex/Repositories/nifi/nifi-nar-bundles/nifi-standard-services/nifi-lookup-services-bundle/nifi-lookup-services/target/classes:/home/alex/.m2/repository/commons-beanutils/commons-beanutils/1.9.4/commons-beanutils-1.9.4.jar:/home/alex/.m2/repository/commons-collections/commons-collections/3.2.2/commons-collections-3.2.2.jar:/home/alex/.m2/repository/com/maxmind/geoip2/geoip2/2.12.0/geoip2-2.12.0.jar:/home/alex/.m2/repository/com/maxmind/db/maxmind-db/1.2.2/maxmind-db-1.2.2.jar:/home/alex/.m2/repository/org/apache/derby/derby/10.14.2.0/derby-10.14.2.0.jar:/home/alex/.m2/repository/org/xerial/snappy/snappy-java/1.1.7.3/snappy-java-1.1.7.3.jar:/home/alex/.m2/repository/net/lingala/zip4j/zip4j/2.8.0/zip4j-2.8.0.jar:/home/alex/.m2/repository/com/h2database/h2/1.4.187/h2-1.4.187.jar:/home/alex/.m2/repository/org/mockftpserver/MockFtpServer/2.7.1/MockFtpServer-2.7.1.jar:/home/alex/.m2/repository/org/apache/sshd/sshd-core/1.7.0/sshd-core-1.7.0.jar:/home/alex/.m2/repository/com/bazaarvoice/jolt/jolt-core/0.1.1/jolt-core-0.1.1.jar:/home/alex/.m2/repository/javax/inject/javax.inject/1/javax.inject-1.jar:/home/alex/.m2/repository/com/bazaarvoice/jolt/json-utils/0.1.1/json-utils-0.1.1.jar:/home/alex/Repositories/nifi/nifi-nar-bundles/nifi-standard-bundle/nifi-standard-utils/target/classes:/home/alex/.m2/repository/net/sf/supercsv/super-csv/2.4.0/super-csv-2.4.0.jar:/home/alex/.m2/repository/com/fluenda/parcefone/2.1.0/parcefone-2.1.0.jar:/home/alex/.m2/repository/javax/validation/validation-api/1.1.0.Final/validation-api-1.1.0.Final.jar:/home/alex/.m2/repository/javax/el/javax.el-api/3.0.0/javax.el-api-3.0.0.jar:/home/alex/.m2/repository/com/github/wnameless/json/json-flattener/0.12.0/json-flattener-0.12.0.jar:/home/alex/.m2/repository/com/github/wnameless/json/json-base/2.0.0/json-base-2.0.0.jar:/home/alex/.m2/repository/org/apache/bval/bval-jsr/1.1.2/bval-jsr-1.1.2.jar:/home/alex/.m2/repository/org/apache/bval/bval-core/1.1.2/bval-core-1.1.2.jar:/home/alex/.m2/repository/io/krakens/java-grok/0.1.9/java-grok-0.1.9.jar:/home/alex/.m2/repository/org/apache/calcite/calcite-core/1.27.0/calcite-core-1.27.0.jar:/home/alex/.m2/repository/org/apache/calcite/calcite-linq4j/1.27.0/calcite-linq4j-1.27.0.jar:/home/alex/.m2/repository/com/esri/geometry/esri-geometry-api/2.2.0/esri-geometry-api-2.2.0.jar:/home/alex/.m2/repository/org/apache/calcite/avatica/avatica-core/1.18.0/avatica-core-1.18.0.jar:/home/alex/.m2/repository/org/apache/calcite/avatica/avatica-metrics/1.18.0/avatica-metrics-1.18.0.jar:/home/alex/.m2/repository/com/google/protobuf/protobuf-java/3.6.1/protobuf-java-3.6.1.jar:/home/alex/.m2/repository/org/apiguardian/apiguardian-api/1.1.0/apiguardian-api-1.1.0.jar:/home/alex/.m2/repository/com/fasterxml/jackson/dataformat/jackson-dataformat-yaml/2.10.0/jackson-dataformat-yaml-2.10.0.jar:/home/alex/.m2/repository/org/yaml/snakeyaml/1.29/snakeyaml-1.29.jar:/home/alex/.m2/repository/com/google/uzaygezen/uzaygezen-core/0.2/uzaygezen-core-0.2.jar:/home/alex/.m2/repository/com/yahoo/datasketches/sketches-core/0.9.0/sketches-core-0.9.0.jar:/home/alex/.m2/repository/com/yahoo/datasketches/memory/0.9.0/memory-0.9.0.jar:/home/alex/.m2/repository/net/hydromatic/aggdesigner-algorithm/6.0/aggdesigner-algorithm-6.0.jar:/home/alex/.m2/repository/commons-lang/commons-lang/2.4/commons-lang-2.4.jar:/home/alex/.m2/repository/org/apache/commons/commons-dbcp2/2.6.0/commons-dbcp2-2.6.0.jar:/home/alex/.m2/repository/org/apache/commons/commons-pool2/2.6.1/commons-pool2-2.6.1.jar:/home/alex/.m2/repository/org/codehaus/janino/commons-compiler/3.0.11/commons-compiler-3.0.11.jar:/home/alex/.m2/repository/org/codehaus/janino/janino/3.0.11/janino-3.0.11.jar:/home/alex/Repositories/nifi/nifi-nar-bundles/nifi-standard-services/nifi-schema-registry-service-api/target/classes:/home/alex/Repositories/nifi/nifi-nar-bundles/nifi-extension-utils/nifi-database-utils/target/classes:/home/alex/Repositories/nifi/nifi-nar-bundles/nifi-standard-bundle/nifi-standard-web-test-utils/target/classes:/home/alex/.m2/repository/com/github/stefanbirkner/fake-sftp-server-rule/2.0.1/fake-sftp-server-rule-2.0.1.jar:/home/alex/.m2/repository/com/github/marschall/memoryfilesystem/2.8.0/memoryfilesystem-2.8.0.jar:/home/alex/.m2/repository/junit/junit/4.13.2/junit-4.13.2.jar:/home/alex/.m2/repository/org/hamcrest/hamcrest-core/1.3/hamcrest-core-1.3.jar:/home/alex/Repositories/nifi/nifi-nar-bundles/nifi-extension-utils/nifi-database-test-utils/target/classes:/home/alex/.m2/repository/org/codehaus/groovy/groovy-json/2.5.14/groovy-json-2.5.14.jar:/home/alex/.m2/repository/org/codehaus/groovy/groovy/2.5.14/groovy-2.5.14.jar:/home/alex/.m2/repository/org/codehaus/groovy/groovy-servlet/2.5.14/groovy-servlet-2.5.14.jar:/home/alex/.m2/repository/org/codehaus/groovy/groovy-templates/2.5.14/groovy-templates-2.5.14.jar:/home/alex/.m2/repository/org/codehaus/groovy/groovy-xml/2.5.14/groovy-xml-2.5.14.jar:/home/alex/.m2/repository/org/hamcrest/hamcrest-all/1.3/hamcrest-all-1.3.jar:/home/alex/.m2/repository/com/squareup/okhttp3/mockwebserver/4.9.2/mockwebserver-4.9.2.jar:/home/alex/.m2/repository/org/jetbrains/kotlin/kotlin-stdlib-jdk8/1.4.10/kotlin-stdlib-jdk8-1.4.10.jar:/home/alex/.m2/repository/org/jetbrains/kotlin/kotlin-stdlib-jdk7/1.4.10/kotlin-stdlib-jdk7-1.4.10.jar:/home/alex/.m2/repository/org/mockito/mockito-inline/3.12.4/mockito-inline-3.12.4.jar:/home/alex/.m2/repository/org/junit/jupiter/junit-jupiter-api/5.7.2/junit-jupiter-api-5.7.2.jar:/home/alex/.m2/repository/org/opentest4j/opentest4j/1.2.0/opentest4j-1.2.0.jar:/home/alex/.m2/repository/org/junit/platform/junit-platform-commons/1.7.2/junit-platform-commons-1.7.2.jar:/home/alex/.m2/repository/org/junit/jupiter/junit-jupiter-engine/5.7.2/junit-jupiter-engine-5.7.2.jar:/home/alex/.m2/repository/org/junit/platform/junit-platform-engine/1.7.2/junit-platform-engine-1.7.2.jar:/home/alex/.m2/repository/org/junit/vintage/junit-vintage-engine/5.7.2/junit-vintage-engine-5.7.2.jar:/home/alex/.m2/repository/org/junit/jupiter/junit-jupiter-params/5.7.2/junit-jupiter-params-5.7.2.jar:/home/alex/.m2/repository/org/mockito/mockito-core/3.11.2/mockito-core-3.11.2.jar:/home/alex/.m2/repository/net/bytebuddy/byte-buddy/1.11.3/byte-buddy-1.11.3.jar:/home/alex/.m2/repository/net/bytebuddy/byte-buddy-agent/1.11.3/byte-buddy-agent-1.11.3.jar:/home/alex/.m2/repository/org/objenesis/objenesis/3.2/objenesis-3.2.jar:/home/alex/.m2/repository/org/mockito/mockito-junit-jupiter/3.11.2/mockito-junit-jupiter-3.11.2.jar:/home/alex/.m2/repository/org/slf4j/slf4j-simple/1.7.32/slf4j-simple-1.7.32.jar:/home/alex/.m2/repository/org/codehaus/groovy/groovy-test/2.5.14/groovy-test-2.5.14.jar:"/>
    <property name="sun.cpu.endian" value="little"/>
    <property name="user.home" value="/home/alex"/>
    <property name="user.language" value="en"/>
    <property name="java.specification.vendor" value="Oracle Corporation"/>
    <property name="java.home" value="/usr/lib/jvm/java-8-openjdk-amd64/jre"/>
    <property name="basedir" value="/home/alex/Repositories/nifi/nifi-nar-bundles/nifi-standard-bundle/nifi-standard-processors"/>
    <property name="file.separator" value="/"/>
    <property name="line.separator" value="&#10;"/>
    <property name="java.vm.specification.vendor" value="Oracle Corporation"/>
    <property name="java.specification.name" value="Java Platform API Specification"/>
    <property name="derby.stream.error.file" value="target/derby.log"/>
    <property name="org.slf4j.simpleLogger.log.org.apache.nifi" value="TRACE"/>
    <property name="javax.xml.xpath.XPathFactory:http://saxon.sf.net/jaxp/xpath/om" value="net.sf.saxon.xpath.XPathFactoryImpl"/>
    <property name="java.awt.graphicsenv" value="sun.awt.X11GraphicsEnvironment"/>
    <property name="org.slf4j.simpleLogger.log.org.apache.nifi.processors.standard.SQLTransform" value="debug"/>
    <property name="java.awt.headless" value="true"/>
    <property name="org.slf4j.simpleLogger.log.nifi.processors.standard.ExecuteSQLRecord" value="debug"/>
    <property name="org.slf4j.simpleLogger.showDateTime" value="true"/>
    <property name="surefire.real.class.path" value="/home/alex/Repositories/nifi/nifi-nar-bundles/nifi-standard-bundle/nifi-standard-processors/target/surefire/surefirebooter262180563015504354.jar"/>
    <property name="sun.boot.class.path" value="/usr/lib/jvm/java-8-openjdk-amd64/jre/lib/resources.jar:/usr/lib/jvm/java-8-openjdk-amd64/jre/lib/rt.jar:/usr/lib/jvm/java-8-openjdk-amd64/jre/lib/sunrsasign.jar:/usr/lib/jvm/java-8-openjdk-amd64/jre/lib/jsse.jar:/usr/lib/jvm/java-8-openjdk-amd64/jre/lib/jce.jar:/usr/lib/jvm/java-8-openjdk-amd64/jre/lib/charsets.jar:/usr/lib/jvm/java-8-openjdk-amd64/jre/lib/jfr.jar:/usr/lib/jvm/java-8-openjdk-amd64/jre/classes"/>
    <property name="sun.management.compiler" value="HotSpot 64-Bit Tiered Compilers"/>
    <property name="org.slf4j.simpleLogger.log.nifi.processors.standard.TestExecuteSQL" value="debug"/>
    <property name="java.runtime.version" value="1.8.0_402-8u402-ga-2ubuntu1~22.04-b06"/>
    <property name="java.net.preferIPv4Stack" value="true"/>
    <property name="user.name" value="alex"/>
    <property name="path.separator" value=":"/>
    <property name="os.version" value="6.5.0-28-generic"/>
    <property name="java.endorsed.dirs" value="/usr/lib/jvm/java-8-openjdk-amd64/jre/lib/endorsed"/>
    <property name="java.runtime.name" value="OpenJDK Runtime Environment"/>
    <property name="org.slf4j.simpleLogger.log.nifi.processors.standard.DistributeLoad" value="debug"/>
    <property name="file.encoding" value="UTF-8"/>
    <property name="org.slf4j.simpleLogger.log.org.apache.nifi.processors.standard" value="DEBUG"/>
    <property name="org.slf4j.simpleLogger.log.nifi.processors.standard.ExecuteSQL" value="debug"/>
    <property name="sun.nio.ch.bugLevel" value=""/>
    <property name="java.vm.name" value="OpenJDK 64-Bit Server VM"/>
    <property name="localRepository" value="/home/alex/.m2/repository"/>
    <property name="java.vendor.url.bug" value="http://bugreport.sun.com/bugreport/"/>
    <property name="jetty.git.hash" value="8da83308eeca865e495e53ef315a249d63ba9332"/>
    <property name="java.io.tmpdir" value="/tmp"/>
    <property name="java.version" value="1.8.0_402"/>
    <property name="user.dir" value="/home/alex/Repositories/nifi/nifi-nar-bundles/nifi-standard-bundle/nifi-standard-processors"/>
    <property name="org.slf4j.simpleLogger.log.nifi.processors.standard.TestDetectDuplicate" value="debug"/>
    <property name="os.arch" value="amd64"/>
    <property name="java.vm.specification.name" value="Java Virtual Machine Specification"/>
    <property name="java.awt.printerjob" value="sun.print.PSPrinterJob"/>
    <property name="sun.os.patch.level" value="unknown"/>
    <property name="org.slf4j.simpleLogger.defaultLogLevel" value="info"/>
    <property name="java.library.path" value="/usr/java/packages/lib/amd64:/usr/lib/x86_64-linux-gnu/jni:/lib/x86_64-linux-gnu:/usr/lib/x86_64-linux-gnu:/usr/lib/jni:/lib:/usr/lib"/>
    <property name="java.vm.info" value="mixed mode"/>
    <property name="java.vendor" value="Private Build"/>
    <property name="java.vm.version" value="25.402-b06"/>
    <property name="org.slf4j.simpleLogger.log.nifi.processors.standard.DetectDuplicate" value="debug"/>
    <property name="java.specification.maintenance.version" value="5"/>
    <property name="java.ext.dirs" value="/usr/lib/jvm/java-8-openjdk-amd64/jre/lib/ext:/usr/java/packages/lib/ext"/>
    <property name="sun.io.unicode.encoding" value="UnicodeLittle"/>
    <property name="java.class.version" value="52.0"/>
  </properties>
  <testcase name="testMultipartFormDataRequest" classname="org.apache.nifi.processors.standard.TestListenHTTP" time="0.313">
    <system-err><![CDATA[[main] INFO org.eclipse.jetty.util.log - Logging initialized @130873ms to org.eclipse.jetty.util.log.Slf4jLog
[main] INFO org.eclipse.jetty.server.Server - jetty-9.4.44.v20210927; built: 2021-09-27T23:02:44.612Z; git: 8da83308eeca865e495e53ef315a249d63ba9332; jvm 1.8.0_402-8u402-ga-2ubuntu1~22.04-b06
[main] INFO org.eclipse.jetty.server.session - DefaultSessionIdManager workerName=node0
[main] INFO org.eclipse.jetty.server.session - No SessionScavenger set, using defaults
[main] INFO org.eclipse.jetty.server.session - node0 Scavenging every 600000ms
[main] INFO org.eclipse.jetty.server.handler.ContextHandler - Started o.e.j.s.ServletContextHandler@36c0b070{/,null,AVAILABLE}
[main] INFO org.eclipse.jetty.server.AbstractConnector - Started ServerConnector@73bbb06{HTTP/1.1, (http/1.1)}{0.0.0.0:39879}
[main] INFO org.eclipse.jetty.server.Server - Started @131041ms
[main] DEBUG org.apache.nifi.processors.standard.ListenHTTP - ListenHTTP[id=c6090844-76f6-4332-bc6a-a3fb4b2d498f] Server Socket Connected after 0 ms
[ListenHTTP (c6090844-76f6-4332-bc6a-a3fb4b2d498f) Web Server-2962] DEBUG org.apache.nifi.processors.standard.ListenHTTP - ListenHTTP[id=c6090844-76f6-4332-bc6a-a3fb4b2d498f] Received request from 127.0.0.1, createHold=false, content-type=multipart/form-data; boundary=5fbf131b-dd45-4d64-a372-00208720883a, gzip=false
[ListenHTTP (c6090844-76f6-4332-bc6a-a3fb4b2d498f) Web Server-2962] INFO org.apache.nifi.processors.standard.ListenHTTP - ListenHTTP[id=c6090844-76f6-4332-bc6a-a3fb4b2d498f] Received from Remote Host: [127.0.0.1] Port [49710] SubjectDN [none] IssuerDN [none]; transferring to 'success'
[main] INFO org.eclipse.jetty.server.AbstractConnector - Stopped ServerConnector@73bbb06{HTTP/1.1, (http/1.1)}{0.0.0.0:39879}
[main] INFO org.eclipse.jetty.server.session - node0 Stopped scavenging
[main] INFO org.eclipse.jetty.server.handler.ContextHandler - Stopped o.e.j.s.ServletContextHandler@36c0b070{/,null,STOPPED}
]]></system-err>
  </testcase>
  <testcase name="testSecureTwoWaySslPOSTRequestsReceivedWithoutEL" classname="org.apache.nifi.processors.standard.TestListenHTTP" time="0.258">
    <system-err><![CDATA[[main] INFO org.eclipse.jetty.server.Server - jetty-9.4.44.v20210927; built: 2021-09-27T23:02:44.612Z; git: 8da83308eeca865e495e53ef315a249d63ba9332; jvm 1.8.0_402-8u402-ga-2ubuntu1~22.04-b06
[main] INFO org.eclipse.jetty.server.session - DefaultSessionIdManager workerName=node0
[main] INFO org.eclipse.jetty.server.session - No SessionScavenger set, using defaults
[main] INFO org.eclipse.jetty.server.session - node0 Scavenging every 660000ms
[main] INFO org.eclipse.jetty.server.handler.ContextHandler - Started o.e.j.s.ServletContextHandler@17c43156{/,null,AVAILABLE}
[main] INFO org.eclipse.jetty.server.AbstractConnector - Started ServerConnector@65fd2b3f{SSL, (ssl, http/1.1)}{0.0.0.0:34073}
[main] INFO org.eclipse.jetty.server.Server - Started @131192ms
[main] DEBUG org.apache.nifi.processors.standard.ListenHTTP - ListenHTTP[id=710c14ce-cf03-416d-89d1-002ab43cdc33] Server Socket Connected after 0 ms
[ListenHTTP (710c14ce-cf03-416d-89d1-002ab43cdc33) Web Server-2971] DEBUG org.apache.nifi.processors.standard.ListenHTTP - ListenHTTP[id=710c14ce-cf03-416d-89d1-002ab43cdc33] Received request from 127.0.0.1, createHold=false, content-type=application/octet-stream, gzip=false
[ListenHTTP (710c14ce-cf03-416d-89d1-002ab43cdc33) Web Server-2971] INFO org.apache.nifi.processors.standard.ListenHTTP - ListenHTTP[id=710c14ce-cf03-416d-89d1-002ab43cdc33] Received from Remote Host: [127.0.0.1] Port [58460] SubjectDN [CN=localhost] IssuerDN [CN=localhost]; transferring to 'success'
[ListenHTTP (710c14ce-cf03-416d-89d1-002ab43cdc33) Web Server-2975] DEBUG org.apache.nifi.processors.standard.ListenHTTP - ListenHTTP[id=710c14ce-cf03-416d-89d1-002ab43cdc33] Received request from 127.0.0.1, createHold=false, content-type=application/octet-stream, gzip=false
[ListenHTTP (710c14ce-cf03-416d-89d1-002ab43cdc33) Web Server-2975] INFO org.apache.nifi.processors.standard.ListenHTTP - ListenHTTP[id=710c14ce-cf03-416d-89d1-002ab43cdc33] Received from Remote Host: [127.0.0.1] Port [58466] SubjectDN [CN=localhost] IssuerDN [CN=localhost]; transferring to 'success'
[ListenHTTP (710c14ce-cf03-416d-89d1-002ab43cdc33) Web Server-2970] DEBUG org.apache.nifi.processors.standard.ListenHTTP - ListenHTTP[id=710c14ce-cf03-416d-89d1-002ab43cdc33] Received request from 127.0.0.1, createHold=false, content-type=application/octet-stream, gzip=false
[ListenHTTP (710c14ce-cf03-416d-89d1-002ab43cdc33) Web Server-2970] INFO org.apache.nifi.processors.standard.ListenHTTP - ListenHTTP[id=710c14ce-cf03-416d-89d1-002ab43cdc33] Received from Remote Host: [127.0.0.1] Port [58470] SubjectDN [CN=localhost] IssuerDN [CN=localhost]; transferring to 'success'
[ListenHTTP (710c14ce-cf03-416d-89d1-002ab43cdc33) Web Server-2974] DEBUG org.apache.nifi.processors.standard.ListenHTTP - ListenHTTP[id=710c14ce-cf03-416d-89d1-002ab43cdc33] Received request from 127.0.0.1, createHold=false, content-type=application/octet-stream, gzip=false
[ListenHTTP (710c14ce-cf03-416d-89d1-002ab43cdc33) Web Server-2974] INFO org.apache.nifi.processors.standard.ListenHTTP - ListenHTTP[id=710c14ce-cf03-416d-89d1-002ab43cdc33] Received from Remote Host: [127.0.0.1] Port [58476] SubjectDN [CN=localhost] IssuerDN [CN=localhost]; transferring to 'success'
[main] INFO org.eclipse.jetty.server.AbstractConnector - Stopped ServerConnector@65fd2b3f{SSL, (ssl, http/1.1)}{0.0.0.0:34073}
[main] INFO org.eclipse.jetty.server.session - node0 Stopped scavenging
[main] INFO org.eclipse.jetty.server.handler.ContextHandler - Stopped o.e.j.s.ServletContextHandler@17c43156{/,null,STOPPED}
]]></system-err>
  </testcase>
  <testcase name="testMaxThreadPoolSizeOkLowerBound" classname="org.apache.nifi.processors.standard.TestListenHTTP" time="0.001"/>
  <testcase name="testSecureServerRejectsUnsupportedTlsProtocolVersion" classname="org.apache.nifi.processors.standard.TestListenHTTP" time="0">
    <skipped type="org.junit.AssumptionViolatedException"><![CDATA[org.junit.AssumptionViolatedException: TLS Protocol required [TLSv1.3] found [TLSv1.2]
	at org.apache.nifi.processors.standard.TestListenHTTP.testSecureServerRejectsUnsupportedTlsProtocolVersion(TestListenHTTP.java:389)
]]></skipped>
  </testcase>
  <testcase name="testPOSTRequestsReceivedWithRecordReader" classname="org.apache.nifi.processors.standard.TestListenHTTP" time="0.011">
    <system-err><![CDATA[[main] INFO org.eclipse.jetty.server.Server - jetty-9.4.44.v20210927; built: 2021-09-27T23:02:44.612Z; git: 8da83308eeca865e495e53ef315a249d63ba9332; jvm 1.8.0_402-8u402-ga-2ubuntu1~22.04-b06
[main] INFO org.eclipse.jetty.server.session - DefaultSessionIdManager workerName=node0
[main] INFO org.eclipse.jetty.server.session - No SessionScavenger set, using defaults
[main] INFO org.eclipse.jetty.server.session - node0 Scavenging every 660000ms
[main] INFO org.eclipse.jetty.server.handler.ContextHandler - Started o.e.j.s.ServletContextHandler@57b05414{/,null,AVAILABLE}
[main] INFO org.eclipse.jetty.server.AbstractConnector - Started ServerConnector@596ae769{HTTP/1.1, (http/1.1)}{0.0.0.0:36671}
[main] INFO org.eclipse.jetty.server.Server - Started @131430ms
[main] DEBUG org.apache.nifi.processors.standard.ListenHTTP - ListenHTTP[id=836a5dc5-941c-4e03-b7cc-2d7c8bf85593] Server Socket Connected after 0 ms
[ListenHTTP (836a5dc5-941c-4e03-b7cc-2d7c8bf85593) Web Server-2979] DEBUG org.apache.nifi.processors.standard.ListenHTTP - ListenHTTP[id=836a5dc5-941c-4e03-b7cc-2d7c8bf85593] Received request from 127.0.0.1, createHold=false, content-type=application/octet-stream, gzip=false
[ListenHTTP (836a5dc5-941c-4e03-b7cc-2d7c8bf85593) Web Server-2979] INFO org.apache.nifi.processors.standard.ListenHTTP - ListenHTTP[id=836a5dc5-941c-4e03-b7cc-2d7c8bf85593] Received from Remote Host: [127.0.0.1] Port [54736] SubjectDN [none] IssuerDN [none]; transferring to 'success'
[main] INFO org.eclipse.jetty.server.AbstractConnector - Stopped ServerConnector@596ae769{HTTP/1.1, (http/1.1)}{0.0.0.0:36671}
[main] INFO org.eclipse.jetty.server.session - node0 Stopped scavenging
[main] INFO org.eclipse.jetty.server.handler.ContextHandler - Stopped o.e.j.s.ServletContextHandler@57b05414{/,null,STOPPED}
]]></system-err>
  </testcase>
  <testcase name="testSecurePOSTRequestsReturnCodeReceivedWithoutEL" classname="org.apache.nifi.processors.standard.TestListenHTTP" time="0.207">
    <system-err><![CDATA[[main] INFO org.eclipse.jetty.server.Server - jetty-9.4.44.v20210927; built: 2021-09-27T23:02:44.612Z; git: 8da83308eeca865e495e53ef315a249d63ba9332; jvm 1.8.0_402-8u402-ga-2ubuntu1~22.04-b06
[main] INFO org.eclipse.jetty.server.session - DefaultSessionIdManager workerName=node0
[main] INFO org.eclipse.jetty.server.session - No SessionScavenger set, using defaults
[main] INFO org.eclipse.jetty.server.session - node0 Scavenging every 660000ms
[main] INFO org.eclipse.jetty.server.handler.ContextHandler - Started o.e.j.s.ServletContextHandler@853d1a2{/,null,AVAILABLE}
[main] INFO org.eclipse.jetty.server.AbstractConnector - Started ServerConnector@724a7c9c{SSL, (ssl, http/1.1)}{0.0.0.0:40631}
[main] INFO org.eclipse.jetty.server.Server - Started @131443ms
[main] DEBUG org.apache.nifi.processors.standard.ListenHTTP - ListenHTTP[id=eb925886-d9da-4af9-a985-b4bf2e98d6b4] Server Socket Connected after 0 ms
[ListenHTTP (eb925886-d9da-4af9-a985-b4bf2e98d6b4) Web Server-2993] DEBUG org.apache.nifi.processors.standard.ListenHTTP - ListenHTTP[id=eb925886-d9da-4af9-a985-b4bf2e98d6b4] Received request from 127.0.0.1, createHold=false, content-type=application/octet-stream, gzip=false
[ListenHTTP (eb925886-d9da-4af9-a985-b4bf2e98d6b4) Web Server-2993] INFO org.apache.nifi.processors.standard.ListenHTTP - ListenHTTP[id=eb925886-d9da-4af9-a985-b4bf2e98d6b4] Received from Remote Host: [127.0.0.1] Port [33034] SubjectDN [none] IssuerDN [none]; transferring to 'success'
[ListenHTTP (eb925886-d9da-4af9-a985-b4bf2e98d6b4) Web Server-2992] DEBUG org.apache.nifi.processors.standard.ListenHTTP - ListenHTTP[id=eb925886-d9da-4af9-a985-b4bf2e98d6b4] Received request from 127.0.0.1, createHold=false, content-type=application/octet-stream, gzip=false
[ListenHTTP (eb925886-d9da-4af9-a985-b4bf2e98d6b4) Web Server-2992] INFO org.apache.nifi.processors.standard.ListenHTTP - ListenHTTP[id=eb925886-d9da-4af9-a985-b4bf2e98d6b4] Received from Remote Host: [127.0.0.1] Port [33044] SubjectDN [none] IssuerDN [none]; transferring to 'success'
[ListenHTTP (eb925886-d9da-4af9-a985-b4bf2e98d6b4) Web Server-2989] DEBUG org.apache.nifi.processors.standard.ListenHTTP - ListenHTTP[id=eb925886-d9da-4af9-a985-b4bf2e98d6b4] Received request from 127.0.0.1, createHold=false, content-type=application/octet-stream, gzip=false
[ListenHTTP (eb925886-d9da-4af9-a985-b4bf2e98d6b4) Web Server-2989] INFO org.apache.nifi.processors.standard.ListenHTTP - ListenHTTP[id=eb925886-d9da-4af9-a985-b4bf2e98d6b4] Received from Remote Host: [127.0.0.1] Port [33050] SubjectDN [none] IssuerDN [none]; transferring to 'success'
[ListenHTTP (eb925886-d9da-4af9-a985-b4bf2e98d6b4) Web Server-2990] DEBUG org.apache.nifi.processors.standard.ListenHTTP - ListenHTTP[id=eb925886-d9da-4af9-a985-b4bf2e98d6b4] Received request from 127.0.0.1, createHold=false, content-type=application/octet-stream, gzip=false
[ListenHTTP (eb925886-d9da-4af9-a985-b4bf2e98d6b4) Web Server-2990] INFO org.apache.nifi.processors.standard.ListenHTTP - ListenHTTP[id=eb925886-d9da-4af9-a985-b4bf2e98d6b4] Received from Remote Host: [127.0.0.1] Port [33060] SubjectDN [none] IssuerDN [none]; transferring to 'success'
[main] INFO org.eclipse.jetty.server.AbstractConnector - Stopped ServerConnector@724a7c9c{SSL, (ssl, http/1.1)}{0.0.0.0:40631}
[main] INFO org.eclipse.jetty.server.session - node0 Stopped scavenging
[main] INFO org.eclipse.jetty.server.handler.ContextHandler - Stopped o.e.j.s.ServletContextHandler@853d1a2{/,null,STOPPED}
]]></system-err>
  </testcase>
  <testcase name="testReturn400WhenInvalidPOSTRequestSentWithRecordReader" classname="org.apache.nifi.processors.standard.TestListenHTTP" time="0.016">
    <system-err><![CDATA[[main] INFO org.eclipse.jetty.server.Server - jetty-9.4.44.v20210927; built: 2021-09-27T23:02:44.612Z; git: 8da83308eeca865e495e53ef315a249d63ba9332; jvm 1.8.0_402-8u402-ga-2ubuntu1~22.04-b06
[main] INFO org.eclipse.jetty.server.session - DefaultSessionIdManager workerName=node0
[main] INFO org.eclipse.jetty.server.session - No SessionScavenger set, using defaults
[main] INFO org.eclipse.jetty.server.session - node0 Scavenging every 600000ms
[main] INFO org.eclipse.jetty.server.handler.ContextHandler - Started o.e.j.s.ServletContextHandler@5f9c1bcb{/,null,AVAILABLE}
[main] INFO org.eclipse.jetty.server.AbstractConnector - Started ServerConnector@2f172796{HTTP/1.1, (http/1.1)}{0.0.0.0:46061}
[main] INFO org.eclipse.jetty.server.Server - Started @131649ms
[main] DEBUG org.apache.nifi.processors.standard.ListenHTTP - ListenHTTP[id=ec054734-50e5-4f17-b45f-38eb82e7015a] Server Socket Connected after 0 ms
[ListenHTTP (ec054734-50e5-4f17-b45f-38eb82e7015a) Web Server-3000] DEBUG org.apache.nifi.processors.standard.ListenHTTP - ListenHTTP[id=ec054734-50e5-4f17-b45f-38eb82e7015a] Received request from 127.0.0.1, createHold=false, content-type=application/octet-stream, gzip=false
[ListenHTTP (ec054734-50e5-4f17-b45f-38eb82e7015a) Web Server-3000] ERROR org.apache.nifi.processors.standard.ListenHTTP - ListenHTTP[id=ec054734-50e5-4f17-b45f-38eb82e7015a] Unable to receive file from Remote Host: [127.0.0.1] SubjectDN [none] IssuerDN [none] due to org.apache.nifi.processors.standard.exception.ListenHttpException: Could not process record.: org.apache.nifi.processors.standard.exception.ListenHttpException: Could not process record.
org.apache.nifi.processors.standard.exception.ListenHttpException: Could not process record.
	at org.apache.nifi.processors.standard.servlets.ListenHTTPServlet.processRecord(ListenHTTPServlet.java:448)
	at org.apache.nifi.processors.standard.servlets.ListenHTTPServlet.handleRequest(ListenHTTPServlet.java:323)
	at org.apache.nifi.processors.standard.servlets.ListenHTTPServlet.doPost(ListenHTTPServlet.java:247)
	at javax.servlet.http.HttpServlet.service(HttpServlet.java:707)
	at javax.servlet.http.HttpServlet.service(HttpServlet.java:790)
	at org.eclipse.jetty.servlet.ServletHolder.handle(ServletHolder.java:799)
	at org.eclipse.jetty.servlet.ServletHandler.doHandle(ServletHandler.java:550)
	at org.eclipse.jetty.server.handler.ScopedHandler.nextHandle(ScopedHandler.java:233)
	at org.eclipse.jetty.server.session.SessionHandler.doHandle(SessionHandler.java:1624)
	at org.eclipse.jetty.server.handler.ScopedHandler.nextHandle(ScopedHandler.java:233)
	at org.eclipse.jetty.server.handler.ContextHandler.doHandle(ContextHandler.java:1434)
	at org.eclipse.jetty.server.handler.ScopedHandler.nextScope(ScopedHandler.java:188)
	at org.eclipse.jetty.servlet.ServletHandler.doScope(ServletHandler.java:501)
	at org.eclipse.jetty.server.session.SessionHandler.doScope(SessionHandler.java:1594)
	at org.eclipse.jetty.server.handler.ScopedHandler.nextScope(ScopedHandler.java:186)
	at org.eclipse.jetty.server.handler.ContextHandler.doScope(ContextHandler.java:1349)
	at org.eclipse.jetty.server.handler.ScopedHandler.handle(ScopedHandler.java:141)
	at org.eclipse.jetty.server.handler.HandlerWrapper.handle(HandlerWrapper.java:127)
	at org.eclipse.jetty.server.Server.handle(Server.java:516)
	at org.eclipse.jetty.server.HttpChannel.lambda$handle$1(HttpChannel.java:400)
	at org.eclipse.jetty.server.HttpChannel.dispatch(HttpChannel.java:645)
	at org.eclipse.jetty.server.HttpChannel.handle(HttpChannel.java:392)
	at org.eclipse.jetty.server.HttpConnection.onFillable(HttpConnection.java:277)
	at org.eclipse.jetty.io.AbstractConnection$ReadCallback.succeeded(AbstractConnection.java:311)
	at org.eclipse.jetty.io.FillInterest.fillable(FillInterest.java:105)
	at org.eclipse.jetty.io.ChannelEndPoint$1.run(ChannelEndPoint.java:104)
	at org.eclipse.jetty.util.thread.strategy.EatWhatYouKill.runTask(EatWhatYouKill.java:338)
	at org.eclipse.jetty.util.thread.strategy.EatWhatYouKill.doProduce(EatWhatYouKill.java:315)
	at org.eclipse.jetty.util.thread.strategy.EatWhatYouKill.tryProduce(EatWhatYouKill.java:173)
	at org.eclipse.jetty.util.thread.strategy.EatWhatYouKill.produce(EatWhatYouKill.java:137)
	at org.eclipse.jetty.util.thread.QueuedThreadPool.runJob(QueuedThreadPool.java:883)
	at org.eclipse.jetty.util.thread.QueuedThreadPool$Runner.run(QueuedThreadPool.java:1034)
	at java.lang.Thread.run(Thread.java:750)
Caused by: java.io.IOException: org.apache.nifi.serialization.MalformedRecordException: Intentional Unit Test Exception because 2 records have been read
	at org.apache.nifi.serialization.RecordReader$1.next(RecordReader.java:98)
	at org.apache.nifi.serialization.record.MockRecordWriter$1.write(MockRecordWriter.java:95)
	at org.apache.nifi.processors.standard.servlets.ListenHTTPServlet.processRecord(ListenHTTPServlet.java:445)
	... 32 more
Caused by: org.apache.nifi.serialization.MalformedRecordException: Intentional Unit Test Exception because 2 records have been read
	at org.apache.nifi.serialization.record.MockRecordParser$1.nextRecord(MockRecordParser.java:90)
	at org.apache.nifi.serialization.RecordReader.nextRecord(RecordReader.java:50)
	at org.apache.nifi.serialization.RecordReader$1.next(RecordReader.java:96)
	... 34 more
[main] INFO org.eclipse.jetty.server.AbstractConnector - Stopped ServerConnector@2f172796{HTTP/1.1, (http/1.1)}{0.0.0.0:46061}
[main] INFO org.eclipse.jetty.server.session - node0 Stopped scavenging
[main] INFO org.eclipse.jetty.server.handler.ContextHandler - Stopped o.e.j.s.ServletContextHandler@5f9c1bcb{/,null,STOPPED}
]]></system-err>
  </testcase>
  <testcase name="testPOSTRequestsReceivedReturnCodeWithoutEL" classname="org.apache.nifi.processors.standard.TestListenHTTP" time="0.025">
    <system-err><![CDATA[[main] INFO org.eclipse.jetty.server.Server - jetty-9.4.44.v20210927; built: 2021-09-27T23:02:44.612Z; git: 8da83308eeca865e495e53ef315a249d63ba9332; jvm 1.8.0_402-8u402-ga-2ubuntu1~22.04-b06
[main] INFO org.eclipse.jetty.server.session - DefaultSessionIdManager workerName=node0
[main] INFO org.eclipse.jetty.server.session - No SessionScavenger set, using defaults
[main] INFO org.eclipse.jetty.server.session - node0 Scavenging every 660000ms
[main] INFO org.eclipse.jetty.server.handler.ContextHandler - Started o.e.j.s.ServletContextHandler@2a3c55a1{/,null,AVAILABLE}
[main] INFO org.eclipse.jetty.server.AbstractConnector - Started ServerConnector@4ce115d7{HTTP/1.1, (http/1.1)}{0.0.0.0:35571}
[main] INFO org.eclipse.jetty.server.Server - Started @131666ms
[main] DEBUG org.apache.nifi.processors.standard.ListenHTTP - ListenHTTP[id=aaee0fb9-a7dd-4f51-9460-52b538ec59f8] Server Socket Connected after 0 ms
[ListenHTTP (aaee0fb9-a7dd-4f51-9460-52b538ec59f8) Web Server-3010] DEBUG org.apache.nifi.processors.standard.ListenHTTP - ListenHTTP[id=aaee0fb9-a7dd-4f51-9460-52b538ec59f8] Received request from 127.0.0.1, createHold=false, content-type=application/octet-stream, gzip=false
[ListenHTTP (aaee0fb9-a7dd-4f51-9460-52b538ec59f8) Web Server-3010] INFO org.apache.nifi.processors.standard.ListenHTTP - ListenHTTP[id=aaee0fb9-a7dd-4f51-9460-52b538ec59f8] Received from Remote Host: [127.0.0.1] Port [37038] SubjectDN [none] IssuerDN [none]; transferring to 'success'
[ListenHTTP (aaee0fb9-a7dd-4f51-9460-52b538ec59f8) Web Server-3011] DEBUG org.apache.nifi.processors.standard.ListenHTTP - ListenHTTP[id=aaee0fb9-a7dd-4f51-9460-52b538ec59f8] Received request from 127.0.0.1, createHold=false, content-type=application/octet-stream, gzip=false
[ListenHTTP (aaee0fb9-a7dd-4f51-9460-52b538ec59f8) Web Server-3011] INFO org.apache.nifi.processors.standard.ListenHTTP - ListenHTTP[id=aaee0fb9-a7dd-4f51-9460-52b538ec59f8] Received from Remote Host: [127.0.0.1] Port [37046] SubjectDN [none] IssuerDN [none]; transferring to 'success'
[ListenHTTP (aaee0fb9-a7dd-4f51-9460-52b538ec59f8) Web Server-3008] DEBUG org.apache.nifi.processors.standard.ListenHTTP - ListenHTTP[id=aaee0fb9-a7dd-4f51-9460-52b538ec59f8] Received request from 127.0.0.1, createHold=false, content-type=application/octet-stream, gzip=false
[ListenHTTP (aaee0fb9-a7dd-4f51-9460-52b538ec59f8) Web Server-3008] INFO org.apache.nifi.processors.standard.ListenHTTP - ListenHTTP[id=aaee0fb9-a7dd-4f51-9460-52b538ec59f8] Received from Remote Host: [127.0.0.1] Port [37052] SubjectDN [none] IssuerDN [none]; transferring to 'success'
[ListenHTTP (aaee0fb9-a7dd-4f51-9460-52b538ec59f8) Web Server-3009] DEBUG org.apache.nifi.processors.standard.ListenHTTP - ListenHTTP[id=aaee0fb9-a7dd-4f51-9460-52b538ec59f8] Received request from 127.0.0.1, createHold=false, content-type=application/octet-stream, gzip=false
[ListenHTTP (aaee0fb9-a7dd-4f51-9460-52b538ec59f8) Web Server-3009] INFO org.apache.nifi.processors.standard.ListenHTTP - ListenHTTP[id=aaee0fb9-a7dd-4f51-9460-52b538ec59f8] Received from Remote Host: [127.0.0.1] Port [37056] SubjectDN [none] IssuerDN [none]; transferring to 'success'
[main] INFO org.eclipse.jetty.server.AbstractConnector - Stopped ServerConnector@4ce115d7{HTTP/1.1, (http/1.1)}{0.0.0.0:35571}
[main] INFO org.eclipse.jetty.server.session - node0 Stopped scavenging
[main] INFO org.eclipse.jetty.server.handler.ContextHandler - Stopped o.e.j.s.ServletContextHandler@2a3c55a1{/,null,STOPPED}
]]></system-err>
  </testcase>
  <testcase name="testSecurePOSTRequestsReceivedWithoutEL" classname="org.apache.nifi.processors.standard.TestListenHTTP" time="0.214">
    <system-err><![CDATA[[main] INFO org.eclipse.jetty.server.Server - jetty-9.4.44.v20210927; built: 2021-09-27T23:02:44.612Z; git: 8da83308eeca865e495e53ef315a249d63ba9332; jvm 1.8.0_402-8u402-ga-2ubuntu1~22.04-b06
[main] INFO org.eclipse.jetty.server.session - DefaultSessionIdManager workerName=node0
[main] INFO org.eclipse.jetty.server.session - No SessionScavenger set, using defaults
[main] INFO org.eclipse.jetty.server.session - node0 Scavenging every 660000ms
[main] INFO org.eclipse.jetty.server.handler.ContextHandler - Started o.e.j.s.ServletContextHandler@3b413141{/,null,AVAILABLE}
[main] INFO org.eclipse.jetty.server.AbstractConnector - Started ServerConnector@7022df96{SSL, (ssl, http/1.1)}{0.0.0.0:32977}
[main] INFO org.eclipse.jetty.server.Server - Started @131692ms
[main] DEBUG org.apache.nifi.processors.standard.ListenHTTP - ListenHTTP[id=18bf784e-bf93-49b4-917d-0dc7706407cd] Server Socket Connected after 0 ms
[ListenHTTP (18bf784e-bf93-49b4-917d-0dc7706407cd) Web Server-3024] DEBUG org.apache.nifi.processors.standard.ListenHTTP - ListenHTTP[id=18bf784e-bf93-49b4-917d-0dc7706407cd] Received request from 127.0.0.1, createHold=false, content-type=application/octet-stream, gzip=false
[ListenHTTP (18bf784e-bf93-49b4-917d-0dc7706407cd) Web Server-3024] INFO org.apache.nifi.processors.standard.ListenHTTP - ListenHTTP[id=18bf784e-bf93-49b4-917d-0dc7706407cd] Received from Remote Host: [127.0.0.1] Port [32810] SubjectDN [none] IssuerDN [none]; transferring to 'success'
[ListenHTTP (18bf784e-bf93-49b4-917d-0dc7706407cd) Web Server-3025] DEBUG org.apache.nifi.processors.standard.ListenHTTP - ListenHTTP[id=18bf784e-bf93-49b4-917d-0dc7706407cd] Received request from 127.0.0.1, createHold=false, content-type=application/octet-stream, gzip=false
[ListenHTTP (18bf784e-bf93-49b4-917d-0dc7706407cd) Web Server-3025] INFO org.apache.nifi.processors.standard.ListenHTTP - ListenHTTP[id=18bf784e-bf93-49b4-917d-0dc7706407cd] Received from Remote Host: [127.0.0.1] Port [32824] SubjectDN [none] IssuerDN [none]; transferring to 'success'
[ListenHTTP (18bf784e-bf93-49b4-917d-0dc7706407cd) Web Server-3020] DEBUG org.apache.nifi.processors.standard.ListenHTTP - ListenHTTP[id=18bf784e-bf93-49b4-917d-0dc7706407cd] Received request from 127.0.0.1, createHold=false, content-type=application/octet-stream, gzip=false
[ListenHTTP (18bf784e-bf93-49b4-917d-0dc7706407cd) Web Server-3020] INFO org.apache.nifi.processors.standard.ListenHTTP - ListenHTTP[id=18bf784e-bf93-49b4-917d-0dc7706407cd] Received from Remote Host: [127.0.0.1] Port [32828] SubjectDN [none] IssuerDN [none]; transferring to 'success'
[ListenHTTP (18bf784e-bf93-49b4-917d-0dc7706407cd) Web Server-3021] DEBUG org.apache.nifi.processors.standard.ListenHTTP - ListenHTTP[id=18bf784e-bf93-49b4-917d-0dc7706407cd] Received request from 127.0.0.1, createHold=false, content-type=application/octet-stream, gzip=false
[ListenHTTP (18bf784e-bf93-49b4-917d-0dc7706407cd) Web Server-3021] INFO org.apache.nifi.processors.standard.ListenHTTP - ListenHTTP[id=18bf784e-bf93-49b4-917d-0dc7706407cd] Received from Remote Host: [127.0.0.1] Port [32836] SubjectDN [none] IssuerDN [none]; transferring to 'success'
[main] INFO org.eclipse.jetty.server.AbstractConnector - Stopped ServerConnector@7022df96{SSL, (ssl, http/1.1)}{0.0.0.0:32977}
[main] INFO org.eclipse.jetty.server.session - node0 Stopped scavenging
[main] INFO org.eclipse.jetty.server.handler.ContextHandler - Stopped o.e.j.s.ServletContextHandler@3b413141{/,null,STOPPED}
]]></system-err>
  </testcase>
  <testcase name="testPOSTRequestsReturnCodeReceivedWithEL" classname="org.apache.nifi.processors.standard.TestListenHTTP" time="0.025">
    <system-err><![CDATA[[main] INFO org.eclipse.jetty.server.Server - jetty-9.4.44.v20210927; built: 2021-09-27T23:02:44.612Z; git: 8da83308eeca865e495e53ef315a249d63ba9332; jvm 1.8.0_402-8u402-ga-2ubuntu1~22.04-b06
[main] INFO org.eclipse.jetty.server.session - DefaultSessionIdManager workerName=node0
[main] INFO org.eclipse.jetty.server.session - No SessionScavenger set, using defaults
[main] INFO org.eclipse.jetty.server.session - node0 Scavenging every 600000ms
[main] INFO org.eclipse.jetty.server.handler.ContextHandler - Started o.e.j.s.ServletContextHandler@5f2d5020{/,null,AVAILABLE}
[main] INFO org.eclipse.jetty.server.AbstractConnector - Started ServerConnector@65a9413f{HTTP/1.1, (http/1.1)}{0.0.0.0:41447}
[main] INFO org.eclipse.jetty.server.Server - Started @131905ms
[main] DEBUG org.apache.nifi.processors.standard.ListenHTTP - ListenHTTP[id=53446a88-9910-48d5-974e-4eb7e311865e] Server Socket Connected after 0 ms
[ListenHTTP (53446a88-9910-48d5-974e-4eb7e311865e) Web Server-3031] DEBUG org.apache.nifi.processors.standard.ListenHTTP - ListenHTTP[id=53446a88-9910-48d5-974e-4eb7e311865e] Received request from 127.0.0.1, createHold=false, content-type=application/octet-stream, gzip=false
[ListenHTTP (53446a88-9910-48d5-974e-4eb7e311865e) Web Server-3031] INFO org.apache.nifi.processors.standard.ListenHTTP - ListenHTTP[id=53446a88-9910-48d5-974e-4eb7e311865e] Received from Remote Host: [127.0.0.1] Port [45860] SubjectDN [none] IssuerDN [none]; transferring to 'success'
[ListenHTTP (53446a88-9910-48d5-974e-4eb7e311865e) Web Server-3032] DEBUG org.apache.nifi.processors.standard.ListenHTTP - ListenHTTP[id=53446a88-9910-48d5-974e-4eb7e311865e] Received request from 127.0.0.1, createHold=false, content-type=application/octet-stream, gzip=false
[ListenHTTP (53446a88-9910-48d5-974e-4eb7e311865e) Web Server-3032] INFO org.apache.nifi.processors.standard.ListenHTTP - ListenHTTP[id=53446a88-9910-48d5-974e-4eb7e311865e] Received from Remote Host: [127.0.0.1] Port [45864] SubjectDN [none] IssuerDN [none]; transferring to 'success'
[ListenHTTP (53446a88-9910-48d5-974e-4eb7e311865e) Web Server-3029] DEBUG org.apache.nifi.processors.standard.ListenHTTP - ListenHTTP[id=53446a88-9910-48d5-974e-4eb7e311865e] Received request from 127.0.0.1, createHold=false, content-type=application/octet-stream, gzip=false
[ListenHTTP (53446a88-9910-48d5-974e-4eb7e311865e) Web Server-3029] INFO org.apache.nifi.processors.standard.ListenHTTP - ListenHTTP[id=53446a88-9910-48d5-974e-4eb7e311865e] Received from Remote Host: [127.0.0.1] Port [45876] SubjectDN [none] IssuerDN [none]; transferring to 'success'
[ListenHTTP (53446a88-9910-48d5-974e-4eb7e311865e) Web Server-3030] DEBUG org.apache.nifi.processors.standard.ListenHTTP - ListenHTTP[id=53446a88-9910-48d5-974e-4eb7e311865e] Received request from 127.0.0.1, createHold=false, content-type=application/octet-stream, gzip=false
[ListenHTTP (53446a88-9910-48d5-974e-4eb7e311865e) Web Server-3030] INFO org.apache.nifi.processors.standard.ListenHTTP - ListenHTTP[id=53446a88-9910-48d5-974e-4eb7e311865e] Received from Remote Host: [127.0.0.1] Port [45886] SubjectDN [none] IssuerDN [none]; transferring to 'success'
[main] INFO org.eclipse.jetty.server.AbstractConnector - Stopped ServerConnector@65a9413f{HTTP/1.1, (http/1.1)}{0.0.0.0:41447}
[main] INFO org.eclipse.jetty.server.session - node0 Stopped scavenging
[main] INFO org.eclipse.jetty.server.handler.ContextHandler - Stopped o.e.j.s.ServletContextHandler@5f2d5020{/,null,STOPPED}
]]></system-err>
  </testcase>
  <testcase name="testPOSTRequestsReceivedWithEL" classname="org.apache.nifi.processors.standard.TestListenHTTP" time="0.021">
    <system-err><![CDATA[[main] INFO org.eclipse.jetty.server.Server - jetty-9.4.44.v20210927; built: 2021-09-27T23:02:44.612Z; git: 8da83308eeca865e495e53ef315a249d63ba9332; jvm 1.8.0_402-8u402-ga-2ubuntu1~22.04-b06
[main] INFO org.eclipse.jetty.server.session - DefaultSessionIdManager workerName=node0
[main] INFO org.eclipse.jetty.server.session - No SessionScavenger set, using defaults
[main] INFO org.eclipse.jetty.server.session - node0 Scavenging every 660000ms
[main] INFO org.eclipse.jetty.server.handler.ContextHandler - Started o.e.j.s.ServletContextHandler@67c0318c{/,null,AVAILABLE}
[main] INFO org.eclipse.jetty.server.AbstractConnector - Started ServerConnector@472e5837{HTTP/1.1, (http/1.1)}{0.0.0.0:41655}
[main] INFO org.eclipse.jetty.server.Server - Started @131929ms
[main] DEBUG org.apache.nifi.processors.standard.ListenHTTP - ListenHTTP[id=1f362428-23fb-476a-928a-513c1aad22cb] Server Socket Connected after 0 ms
[ListenHTTP (1f362428-23fb-476a-928a-513c1aad22cb) Web Server-3041] DEBUG org.apache.nifi.processors.standard.ListenHTTP - ListenHTTP[id=1f362428-23fb-476a-928a-513c1aad22cb] Received request from 127.0.0.1, createHold=false, content-type=application/octet-stream, gzip=false
[ListenHTTP (1f362428-23fb-476a-928a-513c1aad22cb) Web Server-3041] INFO org.apache.nifi.processors.standard.ListenHTTP - ListenHTTP[id=1f362428-23fb-476a-928a-513c1aad22cb] Received from Remote Host: [127.0.0.1] Port [54748] SubjectDN [none] IssuerDN [none]; transferring to 'success'
[ListenHTTP (1f362428-23fb-476a-928a-513c1aad22cb) Web Server-3042] DEBUG org.apache.nifi.processors.standard.ListenHTTP - ListenHTTP[id=1f362428-23fb-476a-928a-513c1aad22cb] Received request from 127.0.0.1, createHold=false, content-type=application/octet-stream, gzip=false
[ListenHTTP (1f362428-23fb-476a-928a-513c1aad22cb) Web Server-3042] INFO org.apache.nifi.processors.standard.ListenHTTP - ListenHTTP[id=1f362428-23fb-476a-928a-513c1aad22cb] Received from Remote Host: [127.0.0.1] Port [54754] SubjectDN [none] IssuerDN [none]; transferring to 'success'
[ListenHTTP (1f362428-23fb-476a-928a-513c1aad22cb) Web Server-3039] DEBUG org.apache.nifi.processors.standard.ListenHTTP - ListenHTTP[id=1f362428-23fb-476a-928a-513c1aad22cb] Received request from 127.0.0.1, createHold=false, content-type=application/octet-stream, gzip=false
[ListenHTTP (1f362428-23fb-476a-928a-513c1aad22cb) Web Server-3039] INFO org.apache.nifi.processors.standard.ListenHTTP - ListenHTTP[id=1f362428-23fb-476a-928a-513c1aad22cb] Received from Remote Host: [127.0.0.1] Port [54766] SubjectDN [none] IssuerDN [none]; transferring to 'success'
[ListenHTTP (1f362428-23fb-476a-928a-513c1aad22cb) Web Server-3040] DEBUG org.apache.nifi.processors.standard.ListenHTTP - ListenHTTP[id=1f362428-23fb-476a-928a-513c1aad22cb] Received request from 127.0.0.1, createHold=false, content-type=application/octet-stream, gzip=false
[ListenHTTP (1f362428-23fb-476a-928a-513c1aad22cb) Web Server-3040] INFO org.apache.nifi.processors.standard.ListenHTTP - ListenHTTP[id=1f362428-23fb-476a-928a-513c1aad22cb] Received from Remote Host: [127.0.0.1] Port [54778] SubjectDN [none] IssuerDN [none]; transferring to 'success'
[main] INFO org.eclipse.jetty.server.AbstractConnector - Stopped ServerConnector@472e5837{HTTP/1.1, (http/1.1)}{0.0.0.0:41655}
[main] INFO org.eclipse.jetty.server.session - node0 Stopped scavenging
[main] INFO org.eclipse.jetty.server.handler.ContextHandler - Stopped o.e.j.s.ServletContextHandler@67c0318c{/,null,STOPPED}
]]></system-err>
  </testcase>
  <testcase name="testSecureTwoWaySslPOSTRequestsReceivedWithUnauthorizedIssuerDn" classname="org.apache.nifi.processors.standard.TestListenHTTP" time="0.21">
    <system-err><![CDATA[[main] INFO org.eclipse.jetty.server.Server - jetty-9.4.44.v20210927; built: 2021-09-27T23:02:44.612Z; git: 8da83308eeca865e495e53ef315a249d63ba9332; jvm 1.8.0_402-8u402-ga-2ubuntu1~22.04-b06
[main] INFO org.eclipse.jetty.server.session - DefaultSessionIdManager workerName=node0
[main] INFO org.eclipse.jetty.server.session - No SessionScavenger set, using defaults
[main] INFO org.eclipse.jetty.server.session - node0 Scavenging every 600000ms
[main] INFO org.eclipse.jetty.server.handler.ContextHandler - Started o.e.j.s.ServletContextHandler@738a4db{/,null,AVAILABLE}
[main] INFO org.eclipse.jetty.server.AbstractConnector - Started ServerConnector@2e066e65{SSL, (ssl, http/1.1)}{0.0.0.0:32875}
[main] INFO org.eclipse.jetty.server.Server - Started @131952ms
[main] DEBUG org.apache.nifi.processors.standard.ListenHTTP - ListenHTTP[id=c0969ad8-97ce-47c0-94c9-67c9d8645aaf] Server Socket Connected after 0 ms
[ListenHTTP (c0969ad8-97ce-47c0-94c9-67c9d8645aaf) Web Server-3056] WARN org.apache.nifi.processors.standard.ListenHTTP - ListenHTTP[id=c0969ad8-97ce-47c0-94c9-67c9d8645aaf] Access Forbidden [Issuer not authorized] Host [127.0.0.1] Subject [CN=localhost] Issuer [CN=localhost]
[ListenHTTP (c0969ad8-97ce-47c0-94c9-67c9d8645aaf) Web Server-3054] WARN org.apache.nifi.processors.standard.ListenHTTP - ListenHTTP[id=c0969ad8-97ce-47c0-94c9-67c9d8645aaf] Access Forbidden [Issuer not authorized] Host [127.0.0.1] Subject [CN=localhost] Issuer [CN=localhost]
[ListenHTTP (c0969ad8-97ce-47c0-94c9-67c9d8645aaf) Web Server-3051] WARN org.apache.nifi.processors.standard.ListenHTTP - ListenHTTP[id=c0969ad8-97ce-47c0-94c9-67c9d8645aaf] Access Forbidden [Issuer not authorized] Host [127.0.0.1] Subject [CN=localhost] Issuer [CN=localhost]
[ListenHTTP (c0969ad8-97ce-47c0-94c9-67c9d8645aaf) Web Server-3052] WARN org.apache.nifi.processors.standard.ListenHTTP - ListenHTTP[id=c0969ad8-97ce-47c0-94c9-67c9d8645aaf] Access Forbidden [Issuer not authorized] Host [127.0.0.1] Subject [CN=localhost] Issuer [CN=localhost]
[main] INFO org.eclipse.jetty.server.AbstractConnector - Stopped ServerConnector@2e066e65{SSL, (ssl, http/1.1)}{0.0.0.0:32875}
[main] INFO org.eclipse.jetty.server.session - node0 Stopped scavenging
[main] INFO org.eclipse.jetty.server.handler.ContextHandler - Stopped o.e.j.s.ServletContextHandler@738a4db{/,null,STOPPED}
]]></system-err>
  </testcase>
  <testcase name="testMaxThreadPoolSizeOkUpperBound" classname="org.apache.nifi.processors.standard.TestListenHTTP" time="0"/>
  <testcase name="testMaxThreadPoolSizeSpecifiedInThePropertyIsSetInTheServerInstance" classname="org.apache.nifi.processors.standard.TestListenHTTP" time="0.005">
    <system-err><![CDATA[[main] INFO org.eclipse.jetty.server.Server - jetty-9.4.44.v20210927; built: 2021-09-27T23:02:44.612Z; git: 8da83308eeca865e495e53ef315a249d63ba9332; jvm 1.8.0_402-8u402-ga-2ubuntu1~22.04-b06
[main] INFO org.eclipse.jetty.server.session - DefaultSessionIdManager workerName=node0
[main] INFO org.eclipse.jetty.server.session - No SessionScavenger set, using defaults
[main] INFO org.eclipse.jetty.server.session - node0 Scavenging every 600000ms
[main] INFO org.eclipse.jetty.server.handler.ContextHandler - Started o.e.j.s.ServletContextHandler@7317056f{/,null,AVAILABLE}
[main] INFO org.eclipse.jetty.server.AbstractConnector - Started ServerConnector@67f8d1{HTTP/1.1, (http/1.1)}{0.0.0.0:44551}
[main] INFO org.eclipse.jetty.server.Server - Started @132159ms
[main] DEBUG org.apache.nifi.processors.standard.ListenHTTP - ListenHTTP[id=6320dc52-a1eb-4580-9a3c-1d400d3f8bd6] Server Socket Connected after 0 ms
[main] INFO org.eclipse.jetty.server.AbstractConnector - Stopped ServerConnector@67f8d1{HTTP/1.1, (http/1.1)}{0.0.0.0:44551}
[main] INFO org.eclipse.jetty.server.session - node0 Stopped scavenging
[main] INFO org.eclipse.jetty.server.handler.ContextHandler - Stopped o.e.j.s.ServletContextHandler@7317056f{/,null,STOPPED}
]]></system-err>
  </testcase>
  <testcase name="testSecureServerSupportsCurrentTlsProtocolVersion" classname="org.apache.nifi.processors.standard.TestListenHTTP" time="0.058">
    <system-err><![CDATA[[main] INFO org.eclipse.jetty.server.Server - jetty-9.4.44.v20210927; built: 2021-09-27T23:02:44.612Z; git: 8da83308eeca865e495e53ef315a249d63ba9332; jvm 1.8.0_402-8u402-ga-2ubuntu1~22.04-b06
[main] INFO org.eclipse.jetty.server.session - DefaultSessionIdManager workerName=node0
[main] INFO org.eclipse.jetty.server.session - No SessionScavenger set, using defaults
[main] INFO org.eclipse.jetty.server.session - node0 Scavenging every 600000ms
[main] INFO org.eclipse.jetty.server.handler.ContextHandler - Started o.e.j.s.ServletContextHandler@59f09926{/,null,AVAILABLE}
[main] INFO org.eclipse.jetty.server.AbstractConnector - Started ServerConnector@4a7cf5b1{SSL, (ssl, http/1.1)}{0.0.0.0:39953}
[main] INFO org.eclipse.jetty.server.Server - Started @132165ms
[main] DEBUG org.apache.nifi.processors.standard.ListenHTTP - ListenHTTP[id=0b507bdf-629d-4831-b563-cd457a4ff2b4] Server Socket Connected after 0 ms
[main] INFO org.eclipse.jetty.server.AbstractConnector - Stopped ServerConnector@4a7cf5b1{SSL, (ssl, http/1.1)}{0.0.0.0:39953}
[main] INFO org.eclipse.jetty.server.session - node0 Stopped scavenging
[main] INFO org.eclipse.jetty.server.handler.ContextHandler - Stopped o.e.j.s.ServletContextHandler@59f09926{/,null,STOPPED}
]]></system-err>
  </testcase>
  <testcase name="testMaxThreadPoolSizeTooLow" classname="org.apache.nifi.processors.standard.TestListenHTTP" time="0.001"/>
  <testcase name="testSecureServerTrustStoreConfiguredClientAuthenticationRequired" classname="org.apache.nifi.processors.standard.TestListenHTTP" time="0.02">
    <system-err><![CDATA[[main] INFO org.eclipse.jetty.server.Server - jetty-9.4.44.v20210927; built: 2021-09-27T23:02:44.612Z; git: 8da83308eeca865e495e53ef315a249d63ba9332; jvm 1.8.0_402-8u402-ga-2ubuntu1~22.04-b06
[main] INFO org.eclipse.jetty.server.session - DefaultSessionIdManager workerName=node0
[main] INFO org.eclipse.jetty.server.session - No SessionScavenger set, using defaults
[main] INFO org.eclipse.jetty.server.session - node0 Scavenging every 600000ms
[main] INFO org.eclipse.jetty.server.handler.ContextHandler - Started o.e.j.s.ServletContextHandler@24a5ad3b{/,null,AVAILABLE}
[main] INFO org.eclipse.jetty.server.AbstractConnector - Started ServerConnector@18aea1a4{SSL, (ssl, http/1.1)}{0.0.0.0:43887}
[main] INFO org.eclipse.jetty.server.Server - Started @132225ms
[main] DEBUG org.apache.nifi.processors.standard.ListenHTTP - ListenHTTP[id=86e3e25c-7c90-4ade-9c5f-4d98f669d061] Server Socket Connected after 0 ms
[main] INFO org.eclipse.jetty.server.AbstractConnector - Stopped ServerConnector@18aea1a4{SSL, (ssl, http/1.1)}{0.0.0.0:43887}
[main] INFO org.eclipse.jetty.server.session - node0 Stopped scavenging
[main] INFO org.eclipse.jetty.server.handler.ContextHandler - Stopped o.e.j.s.ServletContextHandler@24a5ad3b{/,null,STOPPED}
]]></system-err>
  </testcase>
  <testcase name="testSecureTwoWaySslPOSTRequestsReceivedWithEL" classname="org.apache.nifi.processors.standard.TestListenHTTP" time="0.211">
    <system-err><![CDATA[[main] INFO org.eclipse.jetty.server.Server - jetty-9.4.44.v20210927; built: 2021-09-27T23:02:44.612Z; git: 8da83308eeca865e495e53ef315a249d63ba9332; jvm 1.8.0_402-8u402-ga-2ubuntu1~22.04-b06
[main] INFO org.eclipse.jetty.server.session - DefaultSessionIdManager workerName=node0
[main] INFO org.eclipse.jetty.server.session - No SessionScavenger set, using defaults
[main] INFO org.eclipse.jetty.server.session - node0 Scavenging every 660000ms
[main] INFO org.eclipse.jetty.server.handler.ContextHandler - Started o.e.j.s.ServletContextHandler@770683ea{/,null,AVAILABLE}
[main] INFO org.eclipse.jetty.server.AbstractConnector - Started ServerConnector@487f5286{SSL, (ssl, http/1.1)}{0.0.0.0:35959}
[main] INFO org.eclipse.jetty.server.Server - Started @132244ms
[main] DEBUG org.apache.nifi.processors.standard.ListenHTTP - ListenHTTP[id=0f4a1edb-ac9e-4972-9148-4c7d0c3ea035] Server Socket Connected after 0 ms
[ListenHTTP (0f4a1edb-ac9e-4972-9148-4c7d0c3ea035) Web Server-3096] DEBUG org.apache.nifi.processors.standard.ListenHTTP - ListenHTTP[id=0f4a1edb-ac9e-4972-9148-4c7d0c3ea035] Received request from 127.0.0.1, createHold=false, content-type=application/octet-stream, gzip=false
[ListenHTTP (0f4a1edb-ac9e-4972-9148-4c7d0c3ea035) Web Server-3096] INFO org.apache.nifi.processors.standard.ListenHTTP - ListenHTTP[id=0f4a1edb-ac9e-4972-9148-4c7d0c3ea035] Received from Remote Host: [127.0.0.1] Port [34172] SubjectDN [CN=localhost] IssuerDN [CN=localhost]; transferring to 'success'
[ListenHTTP (0f4a1edb-ac9e-4972-9148-4c7d0c3ea035) Web Server-3097] DEBUG org.apache.nifi.processors.standard.ListenHTTP - ListenHTTP[id=0f4a1edb-ac9e-4972-9148-4c7d0c3ea035] Received request from 127.0.0.1, createHold=false, content-type=application/octet-stream, gzip=false
[ListenHTTP (0f4a1edb-ac9e-4972-9148-4c7d0c3ea035) Web Server-3097] INFO org.apache.nifi.processors.standard.ListenHTTP - ListenHTTP[id=0f4a1edb-ac9e-4972-9148-4c7d0c3ea035] Received from Remote Host: [127.0.0.1] Port [34176] SubjectDN [CN=localhost] IssuerDN [CN=localhost]; transferring to 'success'
[ListenHTTP (0f4a1edb-ac9e-4972-9148-4c7d0c3ea035) Web Server-3092] DEBUG org.apache.nifi.processors.standard.ListenHTTP - ListenHTTP[id=0f4a1edb-ac9e-4972-9148-4c7d0c3ea035] Received request from 127.0.0.1, createHold=false, content-type=application/octet-stream, gzip=false
[ListenHTTP (0f4a1edb-ac9e-4972-9148-4c7d0c3ea035) Web Server-3092] INFO org.apache.nifi.processors.standard.ListenHTTP - ListenHTTP[id=0f4a1edb-ac9e-4972-9148-4c7d0c3ea035] Received from Remote Host: [127.0.0.1] Port [34190] SubjectDN [CN=localhost] IssuerDN [CN=localhost]; transferring to 'success'
[ListenHTTP (0f4a1edb-ac9e-4972-9148-4c7d0c3ea035) Web Server-3093] DEBUG org.apache.nifi.processors.standard.ListenHTTP - ListenHTTP[id=0f4a1edb-ac9e-4972-9148-4c7d0c3ea035] Received request from 127.0.0.1, createHold=false, content-type=application/octet-stream, gzip=false
[ListenHTTP (0f4a1edb-ac9e-4972-9148-4c7d0c3ea035) Web Server-3093] INFO org.apache.nifi.processors.standard.ListenHTTP - ListenHTTP[id=0f4a1edb-ac9e-4972-9148-4c7d0c3ea035] Received from Remote Host: [127.0.0.1] Port [34194] SubjectDN [CN=localhost] IssuerDN [CN=localhost]; transferring to 'success'
[main] INFO org.eclipse.jetty.server.AbstractConnector - Stopped ServerConnector@487f5286{SSL, (ssl, http/1.1)}{0.0.0.0:35959}
[main] INFO org.eclipse.jetty.server.session - node0 Stopped scavenging
[main] INFO org.eclipse.jetty.server.handler.ContextHandler - Stopped o.e.j.s.ServletContextHandler@770683ea{/,null,STOPPED}
]]></system-err>
  </testcase>
  <testcase name="testSecureTwoWaySslPOSTRequestsReceivedWithUnauthorizedSubjectDn" classname="org.apache.nifi.processors.standard.TestListenHTTP" time="0.208">
    <system-err><![CDATA[[main] INFO org.eclipse.jetty.server.Server - jetty-9.4.44.v20210927; built: 2021-09-27T23:02:44.612Z; git: 8da83308eeca865e495e53ef315a249d63ba9332; jvm 1.8.0_402-8u402-ga-2ubuntu1~22.04-b06
[main] INFO org.eclipse.jetty.server.session - DefaultSessionIdManager workerName=node0
[main] INFO org.eclipse.jetty.server.session - No SessionScavenger set, using defaults
[main] INFO org.eclipse.jetty.server.session - node0 Scavenging every 600000ms
[main] INFO org.eclipse.jetty.server.handler.ContextHandler - Started o.e.j.s.ServletContextHandler@694d181{/,null,AVAILABLE}
[main] INFO org.eclipse.jetty.server.AbstractConnector - Started ServerConnector@5651637b{SSL, (ssl, http/1.1)}{0.0.0.0:39149}
[main] INFO org.eclipse.jetty.server.Server - Started @132457ms
[main] DEBUG org.apache.nifi.processors.standard.ListenHTTP - ListenHTTP[id=34d9e281-5242-4006-9472-bd3946f4f5db] Server Socket Connected after 0 ms
[ListenHTTP (34d9e281-5242-4006-9472-bd3946f4f5db) Web Server-3107] WARN org.apache.nifi.processors.standard.ListenHTTP - ListenHTTP[id=34d9e281-5242-4006-9472-bd3946f4f5db] Access Forbidden [Subject not authorized] Host [127.0.0.1] Subject [CN=localhost] Issuer [CN=localhost]
[ListenHTTP (34d9e281-5242-4006-9472-bd3946f4f5db) Web Server-3108] WARN org.apache.nifi.processors.standard.ListenHTTP - ListenHTTP[id=34d9e281-5242-4006-9472-bd3946f4f5db] Access Forbidden [Subject not authorized] Host [127.0.0.1] Subject [CN=localhost] Issuer [CN=localhost]
[ListenHTTP (34d9e281-5242-4006-9472-bd3946f4f5db) Web Server-3103] WARN org.apache.nifi.processors.standard.ListenHTTP - ListenHTTP[id=34d9e281-5242-4006-9472-bd3946f4f5db] Access Forbidden [Subject not authorized] Host [127.0.0.1] Subject [CN=localhost] Issuer [CN=localhost]
[ListenHTTP (34d9e281-5242-4006-9472-bd3946f4f5db) Web Server-3104] WARN org.apache.nifi.processors.standard.ListenHTTP - ListenHTTP[id=34d9e281-5242-4006-9472-bd3946f4f5db] Access Forbidden [Subject not authorized] Host [127.0.0.1] Subject [CN=localhost] Issuer [CN=localhost]
[main] INFO org.eclipse.jetty.server.AbstractConnector - Stopped ServerConnector@5651637b{SSL, (ssl, http/1.1)}{0.0.0.0:39149}
[main] INFO org.eclipse.jetty.server.session - node0 Stopped scavenging
[main] INFO org.eclipse.jetty.server.handler.ContextHandler - Stopped o.e.j.s.ServletContextHandler@694d181{/,null,STOPPED}
]]></system-err>
  </testcase>
  <testcase name="testSecurePOSTRequestsReceivedWithEL" classname="org.apache.nifi.processors.standard.TestListenHTTP" time="0.203">
    <system-err><![CDATA[[main] INFO org.eclipse.jetty.server.Server - jetty-9.4.44.v20210927; built: 2021-09-27T23:02:44.612Z; git: 8da83308eeca865e495e53ef315a249d63ba9332; jvm 1.8.0_402-8u402-ga-2ubuntu1~22.04-b06
[main] INFO org.eclipse.jetty.server.session - DefaultSessionIdManager workerName=node0
[main] INFO org.eclipse.jetty.server.session - No SessionScavenger set, using defaults
[main] INFO org.eclipse.jetty.server.session - node0 Scavenging every 660000ms
[main] INFO org.eclipse.jetty.server.handler.ContextHandler - Started o.e.j.s.ServletContextHandler@7f437c73{/,null,AVAILABLE}
[main] INFO org.eclipse.jetty.server.AbstractConnector - Started ServerConnector@538a85de{SSL, (ssl, http/1.1)}{0.0.0.0:34153}
[main] INFO org.eclipse.jetty.server.Server - Started @132664ms
[main] DEBUG org.apache.nifi.processors.standard.ListenHTTP - ListenHTTP[id=48f7d44a-476e-40ce-bafb-bdbd368d5fda] Server Socket Connected after 0 ms
[ListenHTTP (48f7d44a-476e-40ce-bafb-bdbd368d5fda) Web Server-3118] DEBUG org.apache.nifi.processors.standard.ListenHTTP - ListenHTTP[id=48f7d44a-476e-40ce-bafb-bdbd368d5fda] Received request from 127.0.0.1, createHold=false, content-type=application/octet-stream, gzip=false
[ListenHTTP (48f7d44a-476e-40ce-bafb-bdbd368d5fda) Web Server-3118] INFO org.apache.nifi.processors.standard.ListenHTTP - ListenHTTP[id=48f7d44a-476e-40ce-bafb-bdbd368d5fda] Received from Remote Host: [127.0.0.1] Port [48292] SubjectDN [none] IssuerDN [none]; transferring to 'success'
[ListenHTTP (48f7d44a-476e-40ce-bafb-bdbd368d5fda) Web Server-3119] DEBUG org.apache.nifi.processors.standard.ListenHTTP - ListenHTTP[id=48f7d44a-476e-40ce-bafb-bdbd368d5fda] Received request from 127.0.0.1, createHold=false, content-type=application/octet-stream, gzip=false
[ListenHTTP (48f7d44a-476e-40ce-bafb-bdbd368d5fda) Web Server-3119] INFO org.apache.nifi.processors.standard.ListenHTTP - ListenHTTP[id=48f7d44a-476e-40ce-bafb-bdbd368d5fda] Received from Remote Host: [127.0.0.1] Port [48308] SubjectDN [none] IssuerDN [none]; transferring to 'success'
[ListenHTTP (48f7d44a-476e-40ce-bafb-bdbd368d5fda) Web Server-3114] DEBUG org.apache.nifi.processors.standard.ListenHTTP - ListenHTTP[id=48f7d44a-476e-40ce-bafb-bdbd368d5fda] Received request from 127.0.0.1, createHold=false, content-type=application/octet-stream, gzip=false
[ListenHTTP (48f7d44a-476e-40ce-bafb-bdbd368d5fda) Web Server-3114] INFO org.apache.nifi.processors.standard.ListenHTTP - ListenHTTP[id=48f7d44a-476e-40ce-bafb-bdbd368d5fda] Received from Remote Host: [127.0.0.1] Port [48320] SubjectDN [none] IssuerDN [none]; transferring to 'success'
[ListenHTTP (48f7d44a-476e-40ce-bafb-bdbd368d5fda) Web Server-3115] DEBUG org.apache.nifi.processors.standard.ListenHTTP - ListenHTTP[id=48f7d44a-476e-40ce-bafb-bdbd368d5fda] Received request from 127.0.0.1, createHold=false, content-type=application/octet-stream, gzip=false
[ListenHTTP (48f7d44a-476e-40ce-bafb-bdbd368d5fda) Web Server-3115] INFO org.apache.nifi.processors.standard.ListenHTTP - ListenHTTP[id=48f7d44a-476e-40ce-bafb-bdbd368d5fda] Received from Remote Host: [127.0.0.1] Port [48332] SubjectDN [none] IssuerDN [none]; transferring to 'success'
[main] INFO org.eclipse.jetty.server.AbstractConnector - Stopped ServerConnector@538a85de{SSL, (ssl, http/1.1)}{0.0.0.0:34153}
[main] INFO org.eclipse.jetty.server.session - node0 Stopped scavenging
[main] INFO org.eclipse.jetty.server.handler.ContextHandler - Stopped o.e.j.s.ServletContextHandler@7f437c73{/,null,STOPPED}
]]></system-err>
  </testcase>
  <testcase name="testSecureTwoWaySslPOSTRequestsReceivedWithAuthorizedIssuerDn" classname="org.apache.nifi.processors.standard.TestListenHTTP" time="0.193">
    <system-err><![CDATA[[main] INFO org.eclipse.jetty.server.Server - jetty-9.4.44.v20210927; built: 2021-09-27T23:02:44.612Z; git: 8da83308eeca865e495e53ef315a249d63ba9332; jvm 1.8.0_402-8u402-ga-2ubuntu1~22.04-b06
[main] INFO org.eclipse.jetty.server.session - DefaultSessionIdManager workerName=node0
[main] INFO org.eclipse.jetty.server.session - No SessionScavenger set, using defaults
[main] INFO org.eclipse.jetty.server.session - node0 Scavenging every 600000ms
[main] INFO org.eclipse.jetty.server.handler.ContextHandler - Started o.e.j.s.ServletContextHandler@7cd4fe0b{/,null,AVAILABLE}
[main] INFO org.eclipse.jetty.server.AbstractConnector - Started ServerConnector@903b697{SSL, (ssl, http/1.1)}{0.0.0.0:44429}
[main] INFO org.eclipse.jetty.server.Server - Started @132867ms
[main] DEBUG org.apache.nifi.processors.standard.ListenHTTP - ListenHTTP[id=95d02353-b78f-48a3-88ea-3f7843a09ba6] Server Socket Connected after 0 ms
[ListenHTTP (95d02353-b78f-48a3-88ea-3f7843a09ba6) Web Server-3129] DEBUG org.apache.nifi.processors.standard.ListenHTTP - ListenHTTP[id=95d02353-b78f-48a3-88ea-3f7843a09ba6] Received request from 127.0.0.1, createHold=false, content-type=application/octet-stream, gzip=false
[ListenHTTP (95d02353-b78f-48a3-88ea-3f7843a09ba6) Web Server-3129] INFO org.apache.nifi.processors.standard.ListenHTTP - ListenHTTP[id=95d02353-b78f-48a3-88ea-3f7843a09ba6] Received from Remote Host: [127.0.0.1] Port [48910] SubjectDN [CN=localhost] IssuerDN [CN=localhost]; transferring to 'success'
[ListenHTTP (95d02353-b78f-48a3-88ea-3f7843a09ba6) Web Server-3130] DEBUG org.apache.nifi.processors.standard.ListenHTTP - ListenHTTP[id=95d02353-b78f-48a3-88ea-3f7843a09ba6] Received request from 127.0.0.1, createHold=false, content-type=application/octet-stream, gzip=false
[ListenHTTP (95d02353-b78f-48a3-88ea-3f7843a09ba6) Web Server-3130] INFO org.apache.nifi.processors.standard.ListenHTTP - ListenHTTP[id=95d02353-b78f-48a3-88ea-3f7843a09ba6] Received from Remote Host: [127.0.0.1] Port [48918] SubjectDN [CN=localhost] IssuerDN [CN=localhost]; transferring to 'success'
[ListenHTTP (95d02353-b78f-48a3-88ea-3f7843a09ba6) Web Server-3125] DEBUG org.apache.nifi.processors.standard.ListenHTTP - ListenHTTP[id=95d02353-b78f-48a3-88ea-3f7843a09ba6] Received request from 127.0.0.1, createHold=false, content-type=application/octet-stream, gzip=false
[ListenHTTP (95d02353-b78f-48a3-88ea-3f7843a09ba6) Web Server-3125] INFO org.apache.nifi.processors.standard.ListenHTTP - ListenHTTP[id=95d02353-b78f-48a3-88ea-3f7843a09ba6] Received from Remote Host: [127.0.0.1] Port [48932] SubjectDN [CN=localhost] IssuerDN [CN=localhost]; transferring to 'success'
[ListenHTTP (95d02353-b78f-48a3-88ea-3f7843a09ba6) Web Server-3126] DEBUG org.apache.nifi.processors.standard.ListenHTTP - ListenHTTP[id=95d02353-b78f-48a3-88ea-3f7843a09ba6] Received request from 127.0.0.1, createHold=false, content-type=application/octet-stream, gzip=false
[ListenHTTP (95d02353-b78f-48a3-88ea-3f7843a09ba6) Web Server-3126] INFO org.apache.nifi.processors.standard.ListenHTTP - ListenHTTP[id=95d02353-b78f-48a3-88ea-3f7843a09ba6] Received from Remote Host: [127.0.0.1] Port [48934] SubjectDN [CN=localhost] IssuerDN [CN=localhost]; transferring to 'success'
[main] INFO org.eclipse.jetty.server.AbstractConnector - Stopped ServerConnector@903b697{SSL, (ssl, http/1.1)}{0.0.0.0:44429}
[main] INFO org.eclipse.jetty.server.session - node0 Stopped scavenging
[main] INFO org.eclipse.jetty.server.handler.ContextHandler - Stopped o.e.j.s.ServletContextHandler@7cd4fe0b{/,null,STOPPED}
]]></system-err>
  </testcase>
  <testcase name="testPOSTRequestsReceivedWithoutEL" classname="org.apache.nifi.processors.standard.TestListenHTTP" time="0.011">
    <system-err><![CDATA[[main] INFO org.eclipse.jetty.server.Server - jetty-9.4.44.v20210927; built: 2021-09-27T23:02:44.612Z; git: 8da83308eeca865e495e53ef315a249d63ba9332; jvm 1.8.0_402-8u402-ga-2ubuntu1~22.04-b06
[main] INFO org.eclipse.jetty.server.session - DefaultSessionIdManager workerName=node0
[main] INFO org.eclipse.jetty.server.session - No SessionScavenger set, using defaults
[main] INFO org.eclipse.jetty.server.session - node0 Scavenging every 660000ms
[main] INFO org.eclipse.jetty.server.handler.ContextHandler - Started o.e.j.s.ServletContextHandler@6edde339{/,null,AVAILABLE}
[main] INFO org.eclipse.jetty.server.AbstractConnector - Started ServerConnector@246fc537{HTTP/1.1, (http/1.1)}{0.0.0.0:37349}
[main] INFO org.eclipse.jetty.server.Server - Started @133058ms
[main] DEBUG org.apache.nifi.processors.standard.ListenHTTP - ListenHTTP[id=c2ce175c-0e55-43a8-95f7-ecde760780ff] Server Socket Connected after 0 ms
[ListenHTTP (c2ce175c-0e55-43a8-95f7-ecde760780ff) Web Server-3136] DEBUG org.apache.nifi.processors.standard.ListenHTTP - ListenHTTP[id=c2ce175c-0e55-43a8-95f7-ecde760780ff] Received request from 127.0.0.1, createHold=false, content-type=application/octet-stream, gzip=false
[ListenHTTP (c2ce175c-0e55-43a8-95f7-ecde760780ff) Web Server-3136] INFO org.apache.nifi.processors.standard.ListenHTTP - ListenHTTP[id=c2ce175c-0e55-43a8-95f7-ecde760780ff] Received from Remote Host: [127.0.0.1] Port [33518] SubjectDN [none] IssuerDN [none]; transferring to 'success'
[ListenHTTP (c2ce175c-0e55-43a8-95f7-ecde760780ff) Web Server-3137] DEBUG org.apache.nifi.processors.standard.ListenHTTP - ListenHTTP[id=c2ce175c-0e55-43a8-95f7-ecde760780ff] Received request from 127.0.0.1, createHold=false, content-type=application/octet-stream, gzip=false
[ListenHTTP (c2ce175c-0e55-43a8-95f7-ecde760780ff) Web Server-3137] INFO org.apache.nifi.processors.standard.ListenHTTP - ListenHTTP[id=c2ce175c-0e55-43a8-95f7-ecde760780ff] Received from Remote Host: [127.0.0.1] Port [33524] SubjectDN [none] IssuerDN [none]; transferring to 'success'
[ListenHTTP (c2ce175c-0e55-43a8-95f7-ecde760780ff) Web Server-3134] DEBUG org.apache.nifi.processors.standard.ListenHTTP - ListenHTTP[id=c2ce175c-0e55-43a8-95f7-ecde760780ff] Received request from 127.0.0.1, createHold=false, content-type=application/octet-stream, gzip=false
[ListenHTTP (c2ce175c-0e55-43a8-95f7-ecde760780ff) Web Server-3134] INFO org.apache.nifi.processors.standard.ListenHTTP - ListenHTTP[id=c2ce175c-0e55-43a8-95f7-ecde760780ff] Received from Remote Host: [127.0.0.1] Port [33536] SubjectDN [none] IssuerDN [none]; transferring to 'success'
[ListenHTTP (c2ce175c-0e55-43a8-95f7-ecde760780ff) Web Server-3135] DEBUG org.apache.nifi.processors.standard.ListenHTTP - ListenHTTP[id=c2ce175c-0e55-43a8-95f7-ecde760780ff] Received request from 127.0.0.1, createHold=false, content-type=application/octet-stream, gzip=false
[ListenHTTP (c2ce175c-0e55-43a8-95f7-ecde760780ff) Web Server-3135] INFO org.apache.nifi.processors.standard.ListenHTTP - ListenHTTP[id=c2ce175c-0e55-43a8-95f7-ecde760780ff] Received from Remote Host: [127.0.0.1] Port [33548] SubjectDN [none] IssuerDN [none]; transferring to 'success'
[main] INFO org.eclipse.jetty.server.AbstractConnector - Stopped ServerConnector@246fc537{HTTP/1.1, (http/1.1)}{0.0.0.0:37349}
[main] INFO org.eclipse.jetty.server.session - node0 Stopped scavenging
[main] INFO org.eclipse.jetty.server.handler.ContextHandler - Stopped o.e.j.s.ServletContextHandler@6edde339{/,null,STOPPED}
]]></system-err>
  </testcase>
  <testcase name="testSecurePOSTRequestsReturnCodeReceivedWithEL" classname="org.apache.nifi.processors.standard.TestListenHTTP" time="0.196">
    <system-err><![CDATA[[main] INFO org.eclipse.jetty.server.Server - jetty-9.4.44.v20210927; built: 2021-09-27T23:02:44.612Z; git: 8da83308eeca865e495e53ef315a249d63ba9332; jvm 1.8.0_402-8u402-ga-2ubuntu1~22.04-b06
[main] INFO org.eclipse.jetty.server.session - DefaultSessionIdManager workerName=node0
[main] INFO org.eclipse.jetty.server.session - No SessionScavenger set, using defaults
[main] INFO org.eclipse.jetty.server.session - node0 Scavenging every 600000ms
[main] INFO org.eclipse.jetty.server.handler.ContextHandler - Started o.e.j.s.ServletContextHandler@336e766d{/,null,AVAILABLE}
[main] INFO org.eclipse.jetty.server.AbstractConnector - Started ServerConnector@14c2863d{SSL, (ssl, http/1.1)}{0.0.0.0:45355}
[main] INFO org.eclipse.jetty.server.Server - Started @133071ms
[main] DEBUG org.apache.nifi.processors.standard.ListenHTTP - ListenHTTP[id=0d76c42c-b336-4ca3-8f8e-5c48e93cc1d1] Server Socket Connected after 0 ms
[ListenHTTP (0d76c42c-b336-4ca3-8f8e-5c48e93cc1d1) Web Server-3150] DEBUG org.apache.nifi.processors.standard.ListenHTTP - ListenHTTP[id=0d76c42c-b336-4ca3-8f8e-5c48e93cc1d1] Received request from 127.0.0.1, createHold=false, content-type=application/octet-stream, gzip=false
[ListenHTTP (0d76c42c-b336-4ca3-8f8e-5c48e93cc1d1) Web Server-3150] INFO org.apache.nifi.processors.standard.ListenHTTP - ListenHTTP[id=0d76c42c-b336-4ca3-8f8e-5c48e93cc1d1] Received from Remote Host: [127.0.0.1] Port [50454] SubjectDN [none] IssuerDN [none]; transferring to 'success'
[ListenHTTP (0d76c42c-b336-4ca3-8f8e-5c48e93cc1d1) Web Server-3154] DEBUG org.apache.nifi.processors.standard.ListenHTTP - ListenHTTP[id=0d76c42c-b336-4ca3-8f8e-5c48e93cc1d1] Received request from 127.0.0.1, createHold=false, content-type=application/octet-stream, gzip=false
[ListenHTTP (0d76c42c-b336-4ca3-8f8e-5c48e93cc1d1) Web Server-3154] INFO org.apache.nifi.processors.standard.ListenHTTP - ListenHTTP[id=0d76c42c-b336-4ca3-8f8e-5c48e93cc1d1] Received from Remote Host: [127.0.0.1] Port [50456] SubjectDN [none] IssuerDN [none]; transferring to 'success'
[ListenHTTP (0d76c42c-b336-4ca3-8f8e-5c48e93cc1d1) Web Server-3146] DEBUG org.apache.nifi.processors.standard.ListenHTTP - ListenHTTP[id=0d76c42c-b336-4ca3-8f8e-5c48e93cc1d1] Received request from 127.0.0.1, createHold=false, content-type=application/octet-stream, gzip=false
[ListenHTTP (0d76c42c-b336-4ca3-8f8e-5c48e93cc1d1) Web Server-3146] INFO org.apache.nifi.processors.standard.ListenHTTP - ListenHTTP[id=0d76c42c-b336-4ca3-8f8e-5c48e93cc1d1] Received from Remote Host: [127.0.0.1] Port [50464] SubjectDN [none] IssuerDN [none]; transferring to 'success'
[ListenHTTP (0d76c42c-b336-4ca3-8f8e-5c48e93cc1d1) Web Server-3147] DEBUG org.apache.nifi.processors.standard.ListenHTTP - ListenHTTP[id=0d76c42c-b336-4ca3-8f8e-5c48e93cc1d1] Received request from 127.0.0.1, createHold=false, content-type=application/octet-stream, gzip=false
[ListenHTTP (0d76c42c-b336-4ca3-8f8e-5c48e93cc1d1) Web Server-3147] INFO org.apache.nifi.processors.standard.ListenHTTP - ListenHTTP[id=0d76c42c-b336-4ca3-8f8e-5c48e93cc1d1] Received from Remote Host: [127.0.0.1] Port [50476] SubjectDN [none] IssuerDN [none]; transferring to 'success'
[main] INFO org.eclipse.jetty.server.AbstractConnector - Stopped ServerConnector@14c2863d{SSL, (ssl, http/1.1)}{0.0.0.0:45355}
[main] INFO org.eclipse.jetty.server.session - node0 Stopped scavenging
[main] INFO org.eclipse.jetty.server.handler.ContextHandler - Stopped o.e.j.s.ServletContextHandler@336e766d{/,null,STOPPED}
]]></system-err>
  </testcase>
  <testcase name="testMaxThreadPoolSizeTooHigh" classname="org.apache.nifi.processors.standard.TestListenHTTP" time="0.001"/>
  <testcase name="testSecureServerTrustStoreNotConfiguredClientAuthenticationNotRequired" classname="org.apache.nifi.processors.standard.TestListenHTTP" time="0.06">
    <system-err><![CDATA[[main] INFO org.eclipse.jetty.server.Server - jetty-9.4.44.v20210927; built: 2021-09-27T23:02:44.612Z; git: 8da83308eeca865e495e53ef315a249d63ba9332; jvm 1.8.0_402-8u402-ga-2ubuntu1~22.04-b06
[main] INFO org.eclipse.jetty.server.session - DefaultSessionIdManager workerName=node0
[main] INFO org.eclipse.jetty.server.session - No SessionScavenger set, using defaults
[main] INFO org.eclipse.jetty.server.session - node0 Scavenging every 600000ms
[main] INFO org.eclipse.jetty.server.handler.ContextHandler - Started o.e.j.s.ServletContextHandler@6c8ec510{/,null,AVAILABLE}
[main] INFO org.eclipse.jetty.server.AbstractConnector - Started ServerConnector@43b1ab57{SSL, (ssl, http/1.1)}{0.0.0.0:45723}
[main] INFO org.eclipse.jetty.server.Server - Started @133268ms
[main] DEBUG org.apache.nifi.processors.standard.ListenHTTP - ListenHTTP[id=a26003cf-e864-4998-8ebc-ea470bd36283] Server Socket Connected after 0 ms
[ListenHTTP (a26003cf-e864-4998-8ebc-ea470bd36283) Web Server-3161] DEBUG org.apache.nifi.processors.standard.ListenHTTP - ListenHTTP[id=a26003cf-e864-4998-8ebc-ea470bd36283] Received request from 127.0.0.1, createHold=false, content-type=application/octet-stream, gzip=false
[ListenHTTP (a26003cf-e864-4998-8ebc-ea470bd36283) Web Server-3161] INFO org.apache.nifi.processors.standard.ListenHTTP - ListenHTTP[id=a26003cf-e864-4998-8ebc-ea470bd36283] Received from Remote Host: [127.0.0.1] Port [43284] SubjectDN [none] IssuerDN [none]; transferring to 'success'
[main] INFO org.eclipse.jetty.server.AbstractConnector - Stopped ServerConnector@43b1ab57{SSL, (ssl, http/1.1)}{0.0.0.0:45723}
[main] INFO org.eclipse.jetty.server.session - node0 Stopped scavenging
[main] INFO org.eclipse.jetty.server.handler.ContextHandler - Stopped o.e.j.s.ServletContextHandler@6c8ec510{/,null,STOPPED}
]]></system-err>
  </testcase>
  <testcase name="testSecureTwoWaySslPOSTRequestsReturnCodeReceivedWithoutEL" classname="org.apache.nifi.processors.standard.TestListenHTTP" time="0.191">
    <system-err><![CDATA[[main] INFO org.eclipse.jetty.server.Server - jetty-9.4.44.v20210927; built: 2021-09-27T23:02:44.612Z; git: 8da83308eeca865e495e53ef315a249d63ba9332; jvm 1.8.0_402-8u402-ga-2ubuntu1~22.04-b06
[main] INFO org.eclipse.jetty.server.session - DefaultSessionIdManager workerName=node0
[main] INFO org.eclipse.jetty.server.session - No SessionScavenger set, using defaults
[main] INFO org.eclipse.jetty.server.session - node0 Scavenging every 600000ms
[main] INFO org.eclipse.jetty.server.handler.ContextHandler - Started o.e.j.s.ServletContextHandler@73ab1ec7{/,null,AVAILABLE}
[main] INFO org.eclipse.jetty.server.AbstractConnector - Started ServerConnector@352d6fc9{SSL, (ssl, http/1.1)}{0.0.0.0:36585}
[main] INFO org.eclipse.jetty.server.Server - Started @133328ms
[main] DEBUG org.apache.nifi.processors.standard.ListenHTTP - ListenHTTP[id=3cfc554b-6609-4974-b126-d5387b6bbc92] Server Socket Connected after 0 ms
[ListenHTTP (3cfc554b-6609-4974-b126-d5387b6bbc92) Web Server-3172] DEBUG org.apache.nifi.processors.standard.ListenHTTP - ListenHTTP[id=3cfc554b-6609-4974-b126-d5387b6bbc92] Received request from 127.0.0.1, createHold=false, content-type=application/octet-stream, gzip=false
[ListenHTTP (3cfc554b-6609-4974-b126-d5387b6bbc92) Web Server-3172] INFO org.apache.nifi.processors.standard.ListenHTTP - ListenHTTP[id=3cfc554b-6609-4974-b126-d5387b6bbc92] Received from Remote Host: [127.0.0.1] Port [58910] SubjectDN [CN=localhost] IssuerDN [CN=localhost]; transferring to 'success'
[ListenHTTP (3cfc554b-6609-4974-b126-d5387b6bbc92) Web Server-3173] DEBUG org.apache.nifi.processors.standard.ListenHTTP - ListenHTTP[id=3cfc554b-6609-4974-b126-d5387b6bbc92] Received request from 127.0.0.1, createHold=false, content-type=application/octet-stream, gzip=false
[ListenHTTP (3cfc554b-6609-4974-b126-d5387b6bbc92) Web Server-3173] INFO org.apache.nifi.processors.standard.ListenHTTP - ListenHTTP[id=3cfc554b-6609-4974-b126-d5387b6bbc92] Received from Remote Host: [127.0.0.1] Port [58916] SubjectDN [CN=localhost] IssuerDN [CN=localhost]; transferring to 'success'
[ListenHTTP (3cfc554b-6609-4974-b126-d5387b6bbc92) Web Server-3168] DEBUG org.apache.nifi.processors.standard.ListenHTTP - ListenHTTP[id=3cfc554b-6609-4974-b126-d5387b6bbc92] Received request from 127.0.0.1, createHold=false, content-type=application/octet-stream, gzip=false
[ListenHTTP (3cfc554b-6609-4974-b126-d5387b6bbc92) Web Server-3168] INFO org.apache.nifi.processors.standard.ListenHTTP - ListenHTTP[id=3cfc554b-6609-4974-b126-d5387b6bbc92] Received from Remote Host: [127.0.0.1] Port [58920] SubjectDN [CN=localhost] IssuerDN [CN=localhost]; transferring to 'success'
[ListenHTTP (3cfc554b-6609-4974-b126-d5387b6bbc92) Web Server-3169] DEBUG org.apache.nifi.processors.standard.ListenHTTP - ListenHTTP[id=3cfc554b-6609-4974-b126-d5387b6bbc92] Received request from 127.0.0.1, createHold=false, content-type=application/octet-stream, gzip=false
[ListenHTTP (3cfc554b-6609-4974-b126-d5387b6bbc92) Web Server-3169] INFO org.apache.nifi.processors.standard.ListenHTTP - ListenHTTP[id=3cfc554b-6609-4974-b126-d5387b6bbc92] Received from Remote Host: [127.0.0.1] Port [58932] SubjectDN [CN=localhost] IssuerDN [CN=localhost]; transferring to 'success'
[main] INFO org.eclipse.jetty.server.AbstractConnector - Stopped ServerConnector@352d6fc9{SSL, (ssl, http/1.1)}{0.0.0.0:36585}
[main] INFO org.eclipse.jetty.server.session - node0 Stopped scavenging
[main] INFO org.eclipse.jetty.server.handler.ContextHandler - Stopped o.e.j.s.ServletContextHandler@73ab1ec7{/,null,STOPPED}
]]></system-err>
  </testcase>
  <testcase name="testSecureTwoWaySslPOSTRequestsReturnCodeReceivedWithEL" classname="org.apache.nifi.processors.standard.TestListenHTTP" time="0.199">
    <system-err><![CDATA[[main] INFO org.eclipse.jetty.server.Server - jetty-9.4.44.v20210927; built: 2021-09-27T23:02:44.612Z; git: 8da83308eeca865e495e53ef315a249d63ba9332; jvm 1.8.0_402-8u402-ga-2ubuntu1~22.04-b06
[main] INFO org.eclipse.jetty.server.session - DefaultSessionIdManager workerName=node0
[main] INFO org.eclipse.jetty.server.session - No SessionScavenger set, using defaults
[main] INFO org.eclipse.jetty.server.session - node0 Scavenging every 600000ms
[main] INFO org.eclipse.jetty.server.handler.ContextHandler - Started o.e.j.s.ServletContextHandler@46994fde{/,null,AVAILABLE}
[main] INFO org.eclipse.jetty.server.AbstractConnector - Started ServerConnector@279313db{SSL, (ssl, http/1.1)}{0.0.0.0:43473}
[main] INFO org.eclipse.jetty.server.Server - Started @133519ms
[main] DEBUG org.apache.nifi.processors.standard.ListenHTTP - ListenHTTP[id=a44fddd5-4c22-465a-86bb-7996256f7104] Server Socket Connected after 0 ms
[ListenHTTP (a44fddd5-4c22-465a-86bb-7996256f7104) Web Server-3182] DEBUG org.apache.nifi.processors.standard.ListenHTTP - ListenHTTP[id=a44fddd5-4c22-465a-86bb-7996256f7104] Received request from 127.0.0.1, createHold=false, content-type=application/octet-stream, gzip=false
[ListenHTTP (a44fddd5-4c22-465a-86bb-7996256f7104) Web Server-3182] INFO org.apache.nifi.processors.standard.ListenHTTP - ListenHTTP[id=a44fddd5-4c22-465a-86bb-7996256f7104] Received from Remote Host: [127.0.0.1] Port [44566] SubjectDN [CN=localhost] IssuerDN [CN=localhost]; transferring to 'success'
[ListenHTTP (a44fddd5-4c22-465a-86bb-7996256f7104) Web Server-3183] DEBUG org.apache.nifi.processors.standard.ListenHTTP - ListenHTTP[id=a44fddd5-4c22-465a-86bb-7996256f7104] Received request from 127.0.0.1, createHold=false, content-type=application/octet-stream, gzip=false
[ListenHTTP (a44fddd5-4c22-465a-86bb-7996256f7104) Web Server-3183] INFO org.apache.nifi.processors.standard.ListenHTTP - ListenHTTP[id=a44fddd5-4c22-465a-86bb-7996256f7104] Received from Remote Host: [127.0.0.1] Port [44570] SubjectDN [CN=localhost] IssuerDN [CN=localhost]; transferring to 'success'
[ListenHTTP (a44fddd5-4c22-465a-86bb-7996256f7104) Web Server-3179] DEBUG org.apache.nifi.processors.standard.ListenHTTP - ListenHTTP[id=a44fddd5-4c22-465a-86bb-7996256f7104] Received request from 127.0.0.1, createHold=false, content-type=application/octet-stream, gzip=false
[ListenHTTP (a44fddd5-4c22-465a-86bb-7996256f7104) Web Server-3179] INFO org.apache.nifi.processors.standard.ListenHTTP - ListenHTTP[id=a44fddd5-4c22-465a-86bb-7996256f7104] Received from Remote Host: [127.0.0.1] Port [44580] SubjectDN [CN=localhost] IssuerDN [CN=localhost]; transferring to 'success'
[ListenHTTP (a44fddd5-4c22-465a-86bb-7996256f7104) Web Server-3183] DEBUG org.apache.nifi.processors.standard.ListenHTTP - ListenHTTP[id=a44fddd5-4c22-465a-86bb-7996256f7104] Received request from 127.0.0.1, createHold=false, content-type=application/octet-stream, gzip=false
[ListenHTTP (a44fddd5-4c22-465a-86bb-7996256f7104) Web Server-3183] INFO org.apache.nifi.processors.standard.ListenHTTP - ListenHTTP[id=a44fddd5-4c22-465a-86bb-7996256f7104] Received from Remote Host: [127.0.0.1] Port [44594] SubjectDN [CN=localhost] IssuerDN [CN=localhost]; transferring to 'success'
[main] INFO org.eclipse.jetty.server.AbstractConnector - Stopped ServerConnector@279313db{SSL, (ssl, http/1.1)}{0.0.0.0:43473}
[main] INFO org.eclipse.jetty.server.session - node0 Stopped scavenging
[main] INFO org.eclipse.jetty.server.handler.ContextHandler - Stopped o.e.j.s.ServletContextHandler@46994fde{/,null,STOPPED}
]]></system-err>
  </testcase>
</testsuite>