<?xml version="1.0" encoding="UTF-8"?>
<testsuite xmlns:xsi="http://www.w3.org/2001/XMLSchema-instance" xsi:noNamespaceSchemaLocation="https://maven.apache.org/surefire/maven-surefire-plugin/xsd/surefire-test-report-3.0.xsd" version="3.0" name="org.apache.nifi.processors.aws.kinesis.stream.TestConsumeKinesisStream" time="3.436" tests="12" errors="0" skipped="0" failures="0">
  <properties>
    <property name="sun.desktop" value="gnome"/>
    <property name="awt.toolkit" value="sun.awt.X11.XToolkit"/>
    <property name="file.encoding.pkg" value="sun.io"/>
    <property name="java.specification.version" value="1.8"/>
    <property name="sun.cpu.isalist" value=""/>
    <property name="sun.jnu.encoding" value="UTF-8"/>
    <property name="java.class.path" value="/home/alex/Repositories/nifi/nifi-nar-bundles/nifi-aws-bundle/nifi-aws-processors/target/test-classes:/home/alex/Repositories/nifi/nifi-nar-bundles/nifi-aws-bundle/nifi-aws-processors/target/classes:/home/alex/Repositories/nifi/nifi-api/target/classes:/home/alex/Repositories/nifi/nifi-nar-bundles/nifi-extension-utils/nifi-processor-utils/target/classes:/home/alex/Repositories/nifi/nifi-commons/nifi-utils/target/classes:/home/alex/Repositories/nifi/nifi-commons/nifi-security-socket-ssl/target/classes:/home/alex/.m2/repository/commons-io/commons-io/2.10.0/commons-io-2.10.0.jar:/home/alex/.m2/repository/org/apache/commons/commons-lang3/3.11/commons-lang3-3.11.jar:/home/alex/.m2/repository/com/fasterxml/jackson/core/jackson-databind/2.12.3/jackson-databind-2.12.3.jar:/home/alex/.m2/repository/com/fasterxml/jackson/core/jackson-annotations/2.12.3/jackson-annotations-2.12.3.jar:/home/alex/.m2/repository/com/fasterxml/jackson/core/jackson-core/2.12.3/jackson-core-2.12.3.jar:/home/alex/Repositories/nifi/nifi-nar-bundles/nifi-standard-services/nifi-record-serialization-service-api/target/classes:/home/alex/Repositories/nifi/nifi-commons/nifi-record/target/classes:/home/alex/Repositories/nifi/nifi-nar-bundles/nifi-extension-utils/nifi-event-transport/target/classes:/home/alex/.m2/repository/io/netty/netty-handler/4.1.69.Final/netty-handler-4.1.69.Final.jar:/home/alex/.m2/repository/io/netty/netty-common/4.1.69.Final/netty-common-4.1.69.Final.jar:/home/alex/.m2/repository/io/netty/netty-resolver/4.1.69.Final/netty-resolver-4.1.69.Final.jar:/home/alex/.m2/repository/io/netty/netty-buffer/4.1.69.Final/netty-buffer-4.1.69.Final.jar:/home/alex/.m2/repository/io/netty/netty-transport/4.1.69.Final/netty-transport-4.1.69.Final.jar:/home/alex/.m2/repository/io/netty/netty-codec/4.1.69.Final/netty-codec-4.1.69.Final.jar:/home/alex/Repositories/nifi/nifi-nar-bundles/nifi-aws-bundle/nifi-aws-abstract-processors/target/classes:/home/alex/.m2/repository/com/amazonaws/aws-java-sdk-core/1.11.1016/aws-java-sdk-core-1.11.1016.jar:/home/alex/.m2/repository/commons-codec/commons-codec/1.15/commons-codec-1.15.jar:/home/alex/.m2/repository/org/apache/httpcomponents/httpclient/4.5.13/httpclient-4.5.13.jar:/home/alex/.m2/repository/org/apache/httpcomponents/httpcore/4.4.13/httpcore-4.4.13.jar:/home/alex/.m2/repository/software/amazon/ion/ion-java/1.0.2/ion-java-1.0.2.jar:/home/alex/.m2/repository/joda-time/joda-time/2.8.1/joda-time-2.8.1.jar:/home/alex/.m2/repository/com/amazonaws/aws-java-sdk-dynamodb/1.11.1016/aws-java-sdk-dynamodb-1.11.1016.jar:/home/alex/.m2/repository/com/amazonaws/aws-java-sdk-kinesis/1.11.1016/aws-java-sdk-kinesis-1.11.1016.jar:/home/alex/.m2/repository/com/amazonaws/amazon-kinesis-client/1.13.3/amazon-kinesis-client-1.13.3.jar:/home/alex/.m2/repository/com/google/protobuf/protobuf-java/2.6.1/protobuf-java-2.6.1.jar:/home/alex/.m2/repository/com/amazonaws/aws-java-sdk-lambda/1.11.1016/aws-java-sdk-lambda-1.11.1016.jar:/home/alex/.m2/repository/com/amazonaws/aws-java-sdk-s3/1.11.1016/aws-java-sdk-s3-1.11.1016.jar:/home/alex/.m2/repository/com/amazonaws/aws-java-sdk-kms/1.11.1016/aws-java-sdk-kms-1.11.1016.jar:/home/alex/.m2/repository/com/amazonaws/aws-java-sdk-sns/1.11.1016/aws-java-sdk-sns-1.11.1016.jar:/home/alex/.m2/repository/com/amazonaws/aws-java-sdk-sqs/1.11.1016/aws-java-sdk-sqs-1.11.1016.jar:/home/alex/Repositories/nifi/nifi-nar-bundles/nifi-standard-services/nifi-proxy-configuration-api/target/classes:/home/alex/.m2/repository/com/fasterxml/jackson/dataformat/jackson-dataformat-cbor/2.12.3/jackson-dataformat-cbor-2.12.3.jar:/home/alex/Repositories/nifi/nifi-nar-bundles/nifi-aws-bundle/nifi-aws-service-api/target/classes:/home/alex/Repositories/nifi/nifi-nar-bundles/nifi-standard-services/nifi-ssl-context-service-api/target/classes:/home/alex/Repositories/nifi/nifi-commons/nifi-security-utils-api/target/classes:/home/alex/.m2/repository/com/amazonaws/aws-java-sdk-cloudwatchmetrics/1.11.1016/aws-java-sdk-cloudwatchmetrics-1.11.1016.jar:/home/alex/.m2/repository/com/amazonaws/aws-java-sdk-cloudwatch/1.11.1016/aws-java-sdk-cloudwatch-1.11.1016.jar:/home/alex/.m2/repository/com/amazonaws/aws-java-sdk-sts/1.11.1016/aws-java-sdk-sts-1.11.1016.jar:/home/alex/.m2/repository/com/amazonaws/jmespath-java/1.11.1016/jmespath-java-1.11.1016.jar:/home/alex/.m2/repository/commons-beanutils/commons-beanutils/1.9.4/commons-beanutils-1.9.4.jar:/home/alex/.m2/repository/commons-logging/commons-logging/1.2/commons-logging-1.2.jar:/home/alex/.m2/repository/commons-collections/commons-collections/3.2.2/commons-collections-3.2.2.jar:/home/alex/Repositories/nifi/nifi-mock/target/classes:/home/alex/Repositories/nifi/nifi-framework-api/target/classes:/home/alex/Repositories/nifi/nifi-commons/nifi-parameter/target/classes:/home/alex/Repositories/nifi/nifi-nar-bundles/nifi-framework-bundle/nifi-framework/nifi-framework-core-api/target/classes:/home/alex/Repositories/nifi/nifi-nar-bundles/nifi-framework-bundle/nifi-framework/nifi-framework-nar-utils/target/classes:/home/alex/Repositories/nifi/nifi-nar-bundles/nifi-framework-bundle/nifi-framework/nifi-client-dto/target/classes:/home/alex/.m2/repository/io/swagger/swagger-annotations/1.6.0/swagger-annotations-1.6.0.jar:/home/alex/Repositories/nifi/nifi-commons/nifi-site-to-site-client/target/classes:/home/alex/.m2/repository/org/apache/httpcomponents/httpasyncclient/4.1.4/httpasyncclient-4.1.4.jar:/home/alex/.m2/repository/org/apache/httpcomponents/httpcore-nio/4.4.10/httpcore-nio-4.4.10.jar:/home/alex/Repositories/nifi/nifi-nar-bundles/nifi-framework-bundle/nifi-framework/nifi-framework-authorization/target/classes:/home/alex/Repositories/nifi/nifi-registry/nifi-registry-core/nifi-registry-data-model/target/classes:/home/alex/.m2/repository/javax/validation/validation-api/2.0.1.Final/validation-api-2.0.1.Final.jar:/home/alex/.m2/repository/javax/ws/rs/javax.ws.rs-api/2.1/javax.ws.rs-api-2.1.jar:/home/alex/Repositories/nifi/nifi-registry/nifi-registry-core/nifi-registry-revision/nifi-registry-revision-entity-model/target/classes:/home/alex/Repositories/nifi/nifi-registry/nifi-registry-core/nifi-registry-client/target/classes:/home/alex/Repositories/nifi/nifi-registry/nifi-registry-core/nifi-registry-security-utils/target/classes:/home/alex/.m2/repository/org/glassfish/jersey/core/jersey-client/2.33/jersey-client-2.33.jar:/home/alex/.m2/repository/jakarta/ws/rs/jakarta.ws.rs-api/2.1.6/jakarta.ws.rs-api-2.1.6.jar:/home/alex/.m2/repository/org/glassfish/hk2/external/jakarta.inject/2.6.1/jakarta.inject-2.6.1.jar:/home/alex/.m2/repository/org/glassfish/jersey/media/jersey-media-json-jackson/2.33/jersey-media-json-jackson-2.33.jar:/home/alex/.m2/repository/org/glassfish/jersey/ext/jersey-entity-filtering/2.33/jersey-entity-filtering-2.33.jar:/home/alex/.m2/repository/com/fasterxml/jackson/module/jackson-module-jaxb-annotations/2.11.3/jackson-module-jaxb-annotations-2.11.3.jar:/home/alex/.m2/repository/jakarta/xml/bind/jakarta.xml.bind-api/2.3.2/jakarta.xml.bind-api-2.3.2.jar:/home/alex/.m2/repository/jakarta/activation/jakarta.activation-api/1.2.1/jakarta.activation-api-1.2.1.jar:/home/alex/.m2/repository/org/glassfish/jersey/inject/jersey-hk2/2.33/jersey-hk2-2.33.jar:/home/alex/.m2/repository/org/glassfish/hk2/hk2-locator/2.6.1/hk2-locator-2.6.1.jar:/home/alex/.m2/repository/org/glassfish/hk2/external/aopalliance-repackaged/2.6.1/aopalliance-repackaged-2.6.1.jar:/home/alex/.m2/repository/org/glassfish/hk2/hk2-api/2.6.1/hk2-api-2.6.1.jar:/home/alex/.m2/repository/org/glassfish/hk2/hk2-utils/2.6.1/hk2-utils-2.6.1.jar:/home/alex/.m2/repository/org/javassist/javassist/3.25.0-GA/javassist-3.25.0-GA.jar:/home/alex/.m2/repository/org/glassfish/jersey/core/jersey-common/2.33/jersey-common-2.33.jar:/home/alex/.m2/repository/jakarta/annotation/jakarta.annotation-api/1.3.5/jakarta.annotation-api-1.3.5.jar:/home/alex/.m2/repository/org/glassfish/hk2/osgi-resource-locator/1.0.3/osgi-resource-locator-1.0.3.jar:/home/alex/.m2/repository/org/glassfish/jersey/media/jersey-media-multipart/2.33/jersey-media-multipart-2.33.jar:/home/alex/.m2/repository/org/jvnet/mimepull/mimepull/1.9.13/mimepull-1.9.13.jar:/home/alex/Repositories/nifi/nifi-commons/nifi-expression-language/target/classes:/home/alex/.m2/repository/org/antlr/antlr-runtime/3.5.2/antlr-runtime-3.5.2.jar:/home/alex/Repositories/nifi/nifi-commons/nifi-uuid5/target/classes:/home/alex/Repositories/nifi/nifi-commons/nifi-data-provenance-utils/target/classes:/home/alex/Repositories/nifi/nifi-nar-bundles/nifi-standard-bundle/nifi-standard-web-test-utils/target/classes:/home/alex/Repositories/nifi/nifi-nar-bundles/nifi-standard-services/nifi-ssl-context-bundle/nifi-ssl-context-service/target/classes:/home/alex/Repositories/nifi/nifi-commons/nifi-security-utils/target/classes:/home/alex/Repositories/nifi/nifi-commons/nifi-security-kms/target/classes:/home/alex/.m2/repository/org/bouncycastle/bcprov-jdk15on/1.69/bcprov-jdk15on-1.69.jar:/home/alex/.m2/repository/org/bouncycastle/bcpkix-jdk15on/1.69/bcpkix-jdk15on-1.69.jar:/home/alex/.m2/repository/org/bouncycastle/bcutil-jdk15on/1.69/bcutil-jdk15on-1.69.jar:/home/alex/Repositories/nifi/nifi-commons/nifi-properties/target/classes:/home/alex/Repositories/nifi/nifi-commons/nifi-property-utils/target/classes:/home/alex/.m2/repository/at/favre/lib/bcrypt/0.9.0/bcrypt-0.9.0.jar:/home/alex/.m2/repository/at/favre/lib/bytes/1.3.0/bytes-1.3.0.jar:/home/alex/.m2/repository/org/apache/commons/commons-configuration2/2.7/commons-configuration2-2.7.jar:/home/alex/.m2/repository/org/eclipse/jetty/jetty-server/9.4.44.v20210927/jetty-server-9.4.44.v20210927.jar:/home/alex/.m2/repository/javax/servlet/javax.servlet-api/3.1.0/javax.servlet-api-3.1.0.jar:/home/alex/.m2/repository/org/eclipse/jetty/jetty-http/9.4.44.v20210927/jetty-http-9.4.44.v20210927.jar:/home/alex/.m2/repository/org/eclipse/jetty/jetty-util/9.4.44.v20210927/jetty-util-9.4.44.v20210927.jar:/home/alex/.m2/repository/org/eclipse/jetty/jetty-io/9.4.44.v20210927/jetty-io-9.4.44.v20210927.jar:/home/alex/Repositories/nifi/nifi-nar-bundles/nifi-extension-utils/nifi-record-utils/nifi-mock-record-utils/target/classes:/home/alex/Repositories/nifi/nifi-nar-bundles/nifi-standard-services/nifi-record-serialization-services-bundle/nifi-record-serialization-services/target/classes:/home/alex/Repositories/nifi/nifi-nar-bundles/nifi-extension-utils/nifi-record-utils/nifi-avro-record-utils/target/classes:/home/alex/Repositories/nifi/nifi-nar-bundles/nifi-extension-utils/nifi-record-utils/nifi-standard-record-utils/target/classes:/home/alex/Repositories/nifi/nifi-nar-bundles/nifi-extension-utils/nifi-syslog-utils/target/classes:/home/alex/.m2/repository/com/github/palindromicity/simple-syslog-5424/0.0.16/simple-syslog-5424-0.0.16.jar:/home/alex/.m2/repository/org/antlr/antlr4-runtime/4.7.2/antlr4-runtime-4.7.2.jar:/home/alex/.m2/repository/com/jayway/jsonpath/json-path/2.6.0/json-path-2.6.0.jar:/home/alex/.m2/repository/net/minidev/json-smart/2.4.7/json-smart-2.4.7.jar:/home/alex/.m2/repository/net/minidev/accessors-smart/2.4.7/accessors-smart-2.4.7.jar:/home/alex/.m2/repository/org/ow2/asm/asm/9.1/asm-9.1.jar:/home/alex/.m2/repository/org/apache/commons/commons-csv/1.8/commons-csv-1.8.jar:/home/alex/.m2/repository/com/fasterxml/jackson/dataformat/jackson-dataformat-csv/2.12.3/jackson-dataformat-csv-2.12.3.jar:/home/alex/.m2/repository/io/krakens/java-grok/0.1.9/java-grok-0.1.9.jar:/home/alex/.m2/repository/org/apache/avro/avro/1.8.1/avro-1.8.1.jar:/home/alex/.m2/repository/org/codehaus/jackson/jackson-core-asl/1.9.13/jackson-core-asl-1.9.13.jar:/home/alex/.m2/repository/org/codehaus/jackson/jackson-mapper-asl/1.9.13/jackson-mapper-asl-1.9.13.jar:/home/alex/.m2/repository/com/thoughtworks/paranamer/paranamer/2.7/paranamer-2.7.jar:/home/alex/.m2/repository/org/xerial/snappy/snappy-java/1.1.1.3/snappy-java-1.1.1.3.jar:/home/alex/.m2/repository/org/apache/commons/commons-compress/1.8.1/commons-compress-1.8.1.jar:/home/alex/.m2/repository/org/tukaani/xz/1.5/xz-1.5.jar:/home/alex/.m2/repository/net/java/dev/stax-utils/stax-utils/20070216/stax-utils-20070216.jar:/home/alex/.m2/repository/org/apache/commons/commons-text/1.8/commons-text-1.8.jar:/home/alex/.m2/repository/com/github/ben-manes/caffeine/caffeine/2.8.1/caffeine-2.8.1.jar:/home/alex/.m2/repository/org/checkerframework/checker-qual/3.1.0/checker-qual-3.1.0.jar:/home/alex/.m2/repository/com/google/errorprone/error_prone_annotations/2.3.4/error_prone_annotations-2.3.4.jar:/home/alex/.m2/repository/com/google/guava/guava/27.0.1-jre/guava-27.0.1-jre.jar:/home/alex/.m2/repository/com/google/guava/failureaccess/1.0.1/failureaccess-1.0.1.jar:/home/alex/.m2/repository/com/google/guava/listenablefuture/9999.0-empty-to-avoid-conflict-with-guava/listenablefuture-9999.0-empty-to-avoid-conflict-with-guava.jar:/home/alex/.m2/repository/com/google/code/findbugs/jsr305/3.0.2/jsr305-3.0.2.jar:/home/alex/.m2/repository/com/google/j2objc/j2objc-annotations/1.1/j2objc-annotations-1.1.jar:/home/alex/.m2/repository/org/codehaus/mojo/animal-sniffer-annotations/1.17/animal-sniffer-annotations-1.17.jar:/home/alex/Repositories/nifi/nifi-nar-bundles/nifi-standard-services/nifi-schema-registry-service-api/target/classes:/home/alex/.m2/repository/org/junit/jupiter/junit-jupiter-api/5.7.2/junit-jupiter-api-5.7.2.jar:/home/alex/.m2/repository/org/apiguardian/apiguardian-api/1.1.0/apiguardian-api-1.1.0.jar:/home/alex/.m2/repository/org/opentest4j/opentest4j/1.2.0/opentest4j-1.2.0.jar:/home/alex/.m2/repository/org/junit/platform/junit-platform-commons/1.7.2/junit-platform-commons-1.7.2.jar:/home/alex/.m2/repository/org/junit/jupiter/junit-jupiter-engine/5.7.2/junit-jupiter-engine-5.7.2.jar:/home/alex/.m2/repository/org/junit/platform/junit-platform-engine/1.7.2/junit-platform-engine-1.7.2.jar:/home/alex/.m2/repository/org/junit/vintage/junit-vintage-engine/5.7.2/junit-vintage-engine-5.7.2.jar:/home/alex/.m2/repository/junit/junit/4.13.2/junit-4.13.2.jar:/home/alex/.m2/repository/org/hamcrest/hamcrest-core/1.3/hamcrest-core-1.3.jar:/home/alex/.m2/repository/org/junit/jupiter/junit-jupiter-params/5.7.2/junit-jupiter-params-5.7.2.jar:/home/alex/.m2/repository/org/mockito/mockito-core/3.11.2/mockito-core-3.11.2.jar:/home/alex/.m2/repository/net/bytebuddy/byte-buddy/1.11.3/byte-buddy-1.11.3.jar:/home/alex/.m2/repository/net/bytebuddy/byte-buddy-agent/1.11.3/byte-buddy-agent-1.11.3.jar:/home/alex/.m2/repository/org/objenesis/objenesis/3.2/objenesis-3.2.jar:/home/alex/.m2/repository/org/mockito/mockito-junit-jupiter/3.11.2/mockito-junit-jupiter-3.11.2.jar:/home/alex/.m2/repository/org/slf4j/slf4j-simple/1.7.32/slf4j-simple-1.7.32.jar:/home/alex/.m2/repository/org/slf4j/slf4j-api/1.7.32/slf4j-api-1.7.32.jar:/home/alex/.m2/repository/org/codehaus/groovy/groovy-test/2.5.14/groovy-test-2.5.14.jar:/home/alex/.m2/repository/org/codehaus/groovy/groovy/2.5.14/groovy-2.5.14.jar:"/>
    <property name="java.vm.vendor" value="Private Build"/>
    <property name="sun.arch.data.model" value="64"/>
    <property name="java.vendor.url" value="http://java.oracle.com/"/>
    <property name="user.timezone" value="Europe/Lisbon"/>
    <property name="java.vm.specification.version" value="1.8"/>
    <property name="os.name" value="Linux"/>
    <property name="user.country" value="US"/>
    <property name="sun.java.launcher" value="SUN_STANDARD"/>
    <property name="sun.boot.library.path" value="/usr/lib/jvm/java-8-openjdk-amd64/jre/lib/amd64"/>
    <property name="sun.java.command" value="/home/alex/Repositories/nifi/nifi-nar-bundles/nifi-aws-bundle/nifi-aws-processors/target/surefire/surefirebooter3799183651309610616.jar /home/alex/Repositories/nifi/nifi-nar-bundles/nifi-aws-bundle/nifi-aws-processors/target/surefire 2024-05-02T02-13-54_999-jvmRun1 surefire5884999612918688183tmp surefire_927052627413989874228tmp"/>
    <property name="surefire.test.class.path" value="/home/alex/Repositories/nifi/nifi-nar-bundles/nifi-aws-bundle/nifi-aws-processors/target/test-classes:/home/alex/Repositories/nifi/nifi-nar-bundles/nifi-aws-bundle/nifi-aws-processors/target/classes:/home/alex/Repositories/nifi/nifi-api/target/classes:/home/alex/Repositories/nifi/nifi-nar-bundles/nifi-extension-utils/nifi-processor-utils/target/classes:/home/alex/Repositories/nifi/nifi-commons/nifi-utils/target/classes:/home/alex/Repositories/nifi/nifi-commons/nifi-security-socket-ssl/target/classes:/home/alex/.m2/repository/commons-io/commons-io/2.10.0/commons-io-2.10.0.jar:/home/alex/.m2/repository/org/apache/commons/commons-lang3/3.11/commons-lang3-3.11.jar:/home/alex/.m2/repository/com/fasterxml/jackson/core/jackson-databind/2.12.3/jackson-databind-2.12.3.jar:/home/alex/.m2/repository/com/fasterxml/jackson/core/jackson-annotations/2.12.3/jackson-annotations-2.12.3.jar:/home/alex/.m2/repository/com/fasterxml/jackson/core/jackson-core/2.12.3/jackson-core-2.12.3.jar:/home/alex/Repositories/nifi/nifi-nar-bundles/nifi-standard-services/nifi-record-serialization-service-api/target/classes:/home/alex/Repositories/nifi/nifi-commons/nifi-record/target/classes:/home/alex/Repositories/nifi/nifi-nar-bundles/nifi-extension-utils/nifi-event-transport/target/classes:/home/alex/.m2/repository/io/netty/netty-handler/4.1.69.Final/netty-handler-4.1.69.Final.jar:/home/alex/.m2/repository/io/netty/netty-common/4.1.69.Final/netty-common-4.1.69.Final.jar:/home/alex/.m2/repository/io/netty/netty-resolver/4.1.69.Final/netty-resolver-4.1.69.Final.jar:/home/alex/.m2/repository/io/netty/netty-buffer/4.1.69.Final/netty-buffer-4.1.69.Final.jar:/home/alex/.m2/repository/io/netty/netty-transport/4.1.69.Final/netty-transport-4.1.69.Final.jar:/home/alex/.m2/repository/io/netty/netty-codec/4.1.69.Final/netty-codec-4.1.69.Final.jar:/home/alex/Repositories/nifi/nifi-nar-bundles/nifi-aws-bundle/nifi-aws-abstract-processors/target/classes:/home/alex/.m2/repository/com/amazonaws/aws-java-sdk-core/1.11.1016/aws-java-sdk-core-1.11.1016.jar:/home/alex/.m2/repository/commons-codec/commons-codec/1.15/commons-codec-1.15.jar:/home/alex/.m2/repository/org/apache/httpcomponents/httpclient/4.5.13/httpclient-4.5.13.jar:/home/alex/.m2/repository/org/apache/httpcomponents/httpcore/4.4.13/httpcore-4.4.13.jar:/home/alex/.m2/repository/software/amazon/ion/ion-java/1.0.2/ion-java-1.0.2.jar:/home/alex/.m2/repository/joda-time/joda-time/2.8.1/joda-time-2.8.1.jar:/home/alex/.m2/repository/com/amazonaws/aws-java-sdk-dynamodb/1.11.1016/aws-java-sdk-dynamodb-1.11.1016.jar:/home/alex/.m2/repository/com/amazonaws/aws-java-sdk-kinesis/1.11.1016/aws-java-sdk-kinesis-1.11.1016.jar:/home/alex/.m2/repository/com/amazonaws/amazon-kinesis-client/1.13.3/amazon-kinesis-client-1.13.3.jar:/home/alex/.m2/repository/com/google/protobuf/protobuf-java/2.6.1/protobuf-java-2.6.1.jar:/home/alex/.m2/repository/com/amazonaws/aws-java-sdk-lambda/1.11.1016/aws-java-sdk-lambda-1.11.1016.jar:/home/alex/.m2/repository/com/amazonaws/aws-java-sdk-s3/1.11.1016/aws-java-sdk-s3-1.11.1016.jar:/home/alex/.m2/repository/com/amazonaws/aws-java-sdk-kms/1.11.1016/aws-java-sdk-kms-1.11.1016.jar:/home/alex/.m2/repository/com/amazonaws/aws-java-sdk-sns/1.11.1016/aws-java-sdk-sns-1.11.1016.jar:/home/alex/.m2/repository/com/amazonaws/aws-java-sdk-sqs/1.11.1016/aws-java-sdk-sqs-1.11.1016.jar:/home/alex/Repositories/nifi/nifi-nar-bundles/nifi-standard-services/nifi-proxy-configuration-api/target/classes:/home/alex/.m2/repository/com/fasterxml/jackson/dataformat/jackson-dataformat-cbor/2.12.3/jackson-dataformat-cbor-2.12.3.jar:/home/alex/Repositories/nifi/nifi-nar-bundles/nifi-aws-bundle/nifi-aws-service-api/target/classes:/home/alex/Repositories/nifi/nifi-nar-bundles/nifi-standard-services/nifi-ssl-context-service-api/target/classes:/home/alex/Repositories/nifi/nifi-commons/nifi-security-utils-api/target/classes:/home/alex/.m2/repository/com/amazonaws/aws-java-sdk-cloudwatchmetrics/1.11.1016/aws-java-sdk-cloudwatchmetrics-1.11.1016.jar:/home/alex/.m2/repository/com/amazonaws/aws-java-sdk-cloudwatch/1.11.1016/aws-java-sdk-cloudwatch-1.11.1016.jar:/home/alex/.m2/repository/com/amazonaws/aws-java-sdk-sts/1.11.1016/aws-java-sdk-sts-1.11.1016.jar:/home/alex/.m2/repository/com/amazonaws/jmespath-java/1.11.1016/jmespath-java-1.11.1016.jar:/home/alex/.m2/repository/commons-beanutils/commons-beanutils/1.9.4/commons-beanutils-1.9.4.jar:/home/alex/.m2/repository/commons-logging/commons-logging/1.2/commons-logging-1.2.jar:/home/alex/.m2/repository/commons-collections/commons-collections/3.2.2/commons-collections-3.2.2.jar:/home/alex/Repositories/nifi/nifi-mock/target/classes:/home/alex/Repositories/nifi/nifi-framework-api/target/classes:/home/alex/Repositories/nifi/nifi-commons/nifi-parameter/target/classes:/home/alex/Repositories/nifi/nifi-nar-bundles/nifi-framework-bundle/nifi-framework/nifi-framework-core-api/target/classes:/home/alex/Repositories/nifi/nifi-nar-bundles/nifi-framework-bundle/nifi-framework/nifi-framework-nar-utils/target/classes:/home/alex/Repositories/nifi/nifi-nar-bundles/nifi-framework-bundle/nifi-framework/nifi-client-dto/target/classes:/home/alex/.m2/repository/io/swagger/swagger-annotations/1.6.0/swagger-annotations-1.6.0.jar:/home/alex/Repositories/nifi/nifi-commons/nifi-site-to-site-client/target/classes:/home/alex/.m2/repository/org/apache/httpcomponents/httpasyncclient/4.1.4/httpasyncclient-4.1.4.jar:/home/alex/.m2/repository/org/apache/httpcomponents/httpcore-nio/4.4.10/httpcore-nio-4.4.10.jar:/home/alex/Repositories/nifi/nifi-nar-bundles/nifi-framework-bundle/nifi-framework/nifi-framework-authorization/target/classes:/home/alex/Repositories/nifi/nifi-registry/nifi-registry-core/nifi-registry-data-model/target/classes:/home/alex/.m2/repository/javax/validation/validation-api/2.0.1.Final/validation-api-2.0.1.Final.jar:/home/alex/.m2/repository/javax/ws/rs/javax.ws.rs-api/2.1/javax.ws.rs-api-2.1.jar:/home/alex/Repositories/nifi/nifi-registry/nifi-registry-core/nifi-registry-revision/nifi-registry-revision-entity-model/target/classes:/home/alex/Repositories/nifi/nifi-registry/nifi-registry-core/nifi-registry-client/target/classes:/home/alex/Repositories/nifi/nifi-registry/nifi-registry-core/nifi-registry-security-utils/target/classes:/home/alex/.m2/repository/org/glassfish/jersey/core/jersey-client/2.33/jersey-client-2.33.jar:/home/alex/.m2/repository/jakarta/ws/rs/jakarta.ws.rs-api/2.1.6/jakarta.ws.rs-api-2.1.6.jar:/home/alex/.m2/repository/org/glassfish/hk2/external/jakarta.inject/2.6.1/jakarta.inject-2.6.1.jar:/home/alex/.m2/repository/org/glassfish/jersey/media/jersey-media-json-jackson/2.33/jersey-media-json-jackson-2.33.jar:/home/alex/.m2/repository/org/glassfish/jersey/ext/jersey-entity-filtering/2.33/jersey-entity-filtering-2.33.jar:/home/alex/.m2/repository/com/fasterxml/jackson/module/jackson-module-jaxb-annotations/2.11.3/jackson-module-jaxb-annotations-2.11.3.jar:/home/alex/.m2/repository/jakarta/xml/bind/jakarta.xml.bind-api/2.3.2/jakarta.xml.bind-api-2.3.2.jar:/home/alex/.m2/repository/jakarta/activation/jakarta.activation-api/1.2.1/jakarta.activation-api-1.2.1.jar:/home/alex/.m2/repository/org/glassfish/jersey/inject/jersey-hk2/2.33/jersey-hk2-2.33.jar:/home/alex/.m2/repository/org/glassfish/hk2/hk2-locator/2.6.1/hk2-locator-2.6.1.jar:/home/alex/.m2/repository/org/glassfish/hk2/external/aopalliance-repackaged/2.6.1/aopalliance-repackaged-2.6.1.jar:/home/alex/.m2/repository/org/glassfish/hk2/hk2-api/2.6.1/hk2-api-2.6.1.jar:/home/alex/.m2/repository/org/glassfish/hk2/hk2-utils/2.6.1/hk2-utils-2.6.1.jar:/home/alex/.m2/repository/org/javassist/javassist/3.25.0-GA/javassist-3.25.0-GA.jar:/home/alex/.m2/repository/org/glassfish/jersey/core/jersey-common/2.33/jersey-common-2.33.jar:/home/alex/.m2/repository/jakarta/annotation/jakarta.annotation-api/1.3.5/jakarta.annotation-api-1.3.5.jar:/home/alex/.m2/repository/org/glassfish/hk2/osgi-resource-locator/1.0.3/osgi-resource-locator-1.0.3.jar:/home/alex/.m2/repository/org/glassfish/jersey/media/jersey-media-multipart/2.33/jersey-media-multipart-2.33.jar:/home/alex/.m2/repository/org/jvnet/mimepull/mimepull/1.9.13/mimepull-1.9.13.jar:/home/alex/Repositories/nifi/nifi-commons/nifi-expression-language/target/classes:/home/alex/.m2/repository/org/antlr/antlr-runtime/3.5.2/antlr-runtime-3.5.2.jar:/home/alex/Repositories/nifi/nifi-commons/nifi-uuid5/target/classes:/home/alex/Repositories/nifi/nifi-commons/nifi-data-provenance-utils/target/classes:/home/alex/Repositories/nifi/nifi-nar-bundles/nifi-standard-bundle/nifi-standard-web-test-utils/target/classes:/home/alex/Repositories/nifi/nifi-nar-bundles/nifi-standard-services/nifi-ssl-context-bundle/nifi-ssl-context-service/target/classes:/home/alex/Repositories/nifi/nifi-commons/nifi-security-utils/target/classes:/home/alex/Repositories/nifi/nifi-commons/nifi-security-kms/target/classes:/home/alex/.m2/repository/org/bouncycastle/bcprov-jdk15on/1.69/bcprov-jdk15on-1.69.jar:/home/alex/.m2/repository/org/bouncycastle/bcpkix-jdk15on/1.69/bcpkix-jdk15on-1.69.jar:/home/alex/.m2/repository/org/bouncycastle/bcutil-jdk15on/1.69/bcutil-jdk15on-1.69.jar:/home/alex/Repositories/nifi/nifi-commons/nifi-properties/target/classes:/home/alex/Repositories/nifi/nifi-commons/nifi-property-utils/target/classes:/home/alex/.m2/repository/at/favre/lib/bcrypt/0.9.0/bcrypt-0.9.0.jar:/home/alex/.m2/repository/at/favre/lib/bytes/1.3.0/bytes-1.3.0.jar:/home/alex/.m2/repository/org/apache/commons/commons-configuration2/2.7/commons-configuration2-2.7.jar:/home/alex/.m2/repository/org/eclipse/jetty/jetty-server/9.4.44.v20210927/jetty-server-9.4.44.v20210927.jar:/home/alex/.m2/repository/javax/servlet/javax.servlet-api/3.1.0/javax.servlet-api-3.1.0.jar:/home/alex/.m2/repository/org/eclipse/jetty/jetty-http/9.4.44.v20210927/jetty-http-9.4.44.v20210927.jar:/home/alex/.m2/repository/org/eclipse/jetty/jetty-util/9.4.44.v20210927/jetty-util-9.4.44.v20210927.jar:/home/alex/.m2/repository/org/eclipse/jetty/jetty-io/9.4.44.v20210927/jetty-io-9.4.44.v20210927.jar:/home/alex/Repositories/nifi/nifi-nar-bundles/nifi-extension-utils/nifi-record-utils/nifi-mock-record-utils/target/classes:/home/alex/Repositories/nifi/nifi-nar-bundles/nifi-standard-services/nifi-record-serialization-services-bundle/nifi-record-serialization-services/target/classes:/home/alex/Repositories/nifi/nifi-nar-bundles/nifi-extension-utils/nifi-record-utils/nifi-avro-record-utils/target/classes:/home/alex/Repositories/nifi/nifi-nar-bundles/nifi-extension-utils/nifi-record-utils/nifi-standard-record-utils/target/classes:/home/alex/Repositories/nifi/nifi-nar-bundles/nifi-extension-utils/nifi-syslog-utils/target/classes:/home/alex/.m2/repository/com/github/palindromicity/simple-syslog-5424/0.0.16/simple-syslog-5424-0.0.16.jar:/home/alex/.m2/repository/org/antlr/antlr4-runtime/4.7.2/antlr4-runtime-4.7.2.jar:/home/alex/.m2/repository/com/jayway/jsonpath/json-path/2.6.0/json-path-2.6.0.jar:/home/alex/.m2/repository/net/minidev/json-smart/2.4.7/json-smart-2.4.7.jar:/home/alex/.m2/repository/net/minidev/accessors-smart/2.4.7/accessors-smart-2.4.7.jar:/home/alex/.m2/repository/org/ow2/asm/asm/9.1/asm-9.1.jar:/home/alex/.m2/repository/org/apache/commons/commons-csv/1.8/commons-csv-1.8.jar:/home/alex/.m2/repository/com/fasterxml/jackson/dataformat/jackson-dataformat-csv/2.12.3/jackson-dataformat-csv-2.12.3.jar:/home/alex/.m2/repository/io/krakens/java-grok/0.1.9/java-grok-0.1.9.jar:/home/alex/.m2/repository/org/apache/avro/avro/1.8.1/avro-1.8.1.jar:/home/alex/.m2/repository/org/codehaus/jackson/jackson-core-asl/1.9.13/jackson-core-asl-1.9.13.jar:/home/alex/.m2/repository/org/codehaus/jackson/jackson-mapper-asl/1.9.13/jackson-mapper-asl-1.9.13.jar:/home/alex/.m2/repository/com/thoughtworks/paranamer/paranamer/2.7/paranamer-2.7.jar:/home/alex/.m2/repository/org/xerial/snappy/snappy-java/1.1.1.3/snappy-java-1.1.1.3.jar:/home/alex/.m2/repository/org/apache/commons/commons-compress/1.8.1/commons-compress-1.8.1.jar:/home/alex/.m2/repository/org/tukaani/xz/1.5/xz-1.5.jar:/home/alex/.m2/repository/net/java/dev/stax-utils/stax-utils/20070216/stax-utils-20070216.jar:/home/alex/.m2/repository/org/apache/commons/commons-text/1.8/commons-text-1.8.jar:/home/alex/.m2/repository/com/github/ben-manes/caffeine/caffeine/2.8.1/caffeine-2.8.1.jar:/home/alex/.m2/repository/org/checkerframework/checker-qual/3.1.0/checker-qual-3.1.0.jar:/home/alex/.m2/repository/com/google/errorprone/error_prone_annotations/2.3.4/error_prone_annotations-2.3.4.jar:/home/alex/.m2/repository/com/google/guava/guava/27.0.1-jre/guava-27.0.1-jre.jar:/home/alex/.m2/repository/com/google/guava/failureaccess/1.0.1/failureaccess-1.0.1.jar:/home/alex/.m2/repository/com/google/guava/listenablefuture/9999.0-empty-to-avoid-conflict-with-guava/listenablefuture-9999.0-empty-to-avoid-conflict-with-guava.jar:/home/alex/.m2/repository/com/google/code/findbugs/jsr305/3.0.2/jsr305-3.0.2.jar:/home/alex/.m2/repository/com/google/j2objc/j2objc-annotations/1.1/j2objc-annotations-1.1.jar:/home/alex/.m2/repository/org/codehaus/mojo/animal-sniffer-annotations/1.17/animal-sniffer-annotations-1.17.jar:/home/alex/Repositories/nifi/nifi-nar-bundles/nifi-standard-services/nifi-schema-registry-service-api/target/classes:/home/alex/.m2/repository/org/junit/jupiter/junit-jupiter-api/5.7.2/junit-jupiter-api-5.7.2.jar:/home/alex/.m2/repository/org/apiguardian/apiguardian-api/1.1.0/apiguardian-api-1.1.0.jar:/home/alex/.m2/repository/org/opentest4j/opentest4j/1.2.0/opentest4j-1.2.0.jar:/home/alex/.m2/repository/org/junit/platform/junit-platform-commons/1.7.2/junit-platform-commons-1.7.2.jar:/home/alex/.m2/repository/org/junit/jupiter/junit-jupiter-engine/5.7.2/junit-jupiter-engine-5.7.2.jar:/home/alex/.m2/repository/org/junit/platform/junit-platform-engine/1.7.2/junit-platform-engine-1.7.2.jar:/home/alex/.m2/repository/org/junit/vintage/junit-vintage-engine/5.7.2/junit-vintage-engine-5.7.2.jar:/home/alex/.m2/repository/junit/junit/4.13.2/junit-4.13.2.jar:/home/alex/.m2/repository/org/hamcrest/hamcrest-core/1.3/hamcrest-core-1.3.jar:/home/alex/.m2/repository/org/junit/jupiter/junit-jupiter-params/5.7.2/junit-jupiter-params-5.7.2.jar:/home/alex/.m2/repository/org/mockito/mockito-core/3.11.2/mockito-core-3.11.2.jar:/home/alex/.m2/repository/net/bytebuddy/byte-buddy/1.11.3/byte-buddy-1.11.3.jar:/home/alex/.m2/repository/net/bytebuddy/byte-buddy-agent/1.11.3/byte-buddy-agent-1.11.3.jar:/home/alex/.m2/repository/org/objenesis/objenesis/3.2/objenesis-3.2.jar:/home/alex/.m2/repository/org/mockito/mockito-junit-jupiter/3.11.2/mockito-junit-jupiter-3.11.2.jar:/home/alex/.m2/repository/org/slf4j/slf4j-simple/1.7.32/slf4j-simple-1.7.32.jar:/home/alex/.m2/repository/org/slf4j/slf4j-api/1.7.32/slf4j-api-1.7.32.jar:/home/alex/.m2/repository/org/codehaus/groovy/groovy-test/2.5.14/groovy-test-2.5.14.jar:/home/alex/.m2/repository/org/codehaus/groovy/groovy/2.5.14/groovy-2.5.14.jar:"/>
    <property name="sun.cpu.endian" value="little"/>
    <property name="user.home" value="/home/alex"/>
    <property name="user.language" value="en"/>
    <property name="java.specification.vendor" value="Oracle Corporation"/>
    <property name="java.home" value="/usr/lib/jvm/java-8-openjdk-amd64/jre"/>
    <property name="basedir" value="/home/alex/Repositories/nifi/nifi-nar-bundles/nifi-aws-bundle/nifi-aws-processors"/>
    <property name="file.separator" value="/"/>
    <property name="line.separator" value="&#10;"/>
    <property name="java.vm.specification.vendor" value="Oracle Corporation"/>
    <property name="java.specification.name" value="Java Platform API Specification"/>
    <property name="java.awt.graphicsenv" value="sun.awt.X11GraphicsEnvironment"/>
    <property name="java.awt.headless" value="true"/>
    <property name="surefire.real.class.path" value="/home/alex/Repositories/nifi/nifi-nar-bundles/nifi-aws-bundle/nifi-aws-processors/target/surefire/surefirebooter3799183651309610616.jar"/>
    <property name="sun.boot.class.path" value="/usr/lib/jvm/java-8-openjdk-amd64/jre/lib/resources.jar:/usr/lib/jvm/java-8-openjdk-amd64/jre/lib/rt.jar:/usr/lib/jvm/java-8-openjdk-amd64/jre/lib/sunrsasign.jar:/usr/lib/jvm/java-8-openjdk-amd64/jre/lib/jsse.jar:/usr/lib/jvm/java-8-openjdk-amd64/jre/lib/jce.jar:/usr/lib/jvm/java-8-openjdk-amd64/jre/lib/charsets.jar:/usr/lib/jvm/java-8-openjdk-amd64/jre/lib/jfr.jar:/usr/lib/jvm/java-8-openjdk-amd64/jre/classes"/>
    <property name="sun.management.compiler" value="HotSpot 64-Bit Tiered Compilers"/>
    <property name="java.runtime.version" value="1.8.0_402-8u402-ga-2ubuntu1~22.04-b06"/>
    <property name="java.net.preferIPv4Stack" value="true"/>
    <property name="user.name" value="alex"/>
    <property name="path.separator" value=":"/>
    <property name="os.version" value="6.5.0-28-generic"/>
    <property name="java.endorsed.dirs" value="/usr/lib/jvm/java-8-openjdk-amd64/jre/lib/endorsed"/>
    <property name="java.runtime.name" value="OpenJDK Runtime Environment"/>
    <property name="file.encoding" value="UTF-8"/>
    <property name="java.vm.name" value="OpenJDK 64-Bit Server VM"/>
    <property name="localRepository" value="/home/alex/.m2/repository"/>
    <property name="java.vendor.url.bug" value="http://bugreport.sun.com/bugreport/"/>
    <property name="java.io.tmpdir" value="/tmp"/>
    <property name="java.version" value="1.8.0_402"/>
    <property name="user.dir" value="/home/alex/Repositories/nifi/nifi-nar-bundles/nifi-aws-bundle/nifi-aws-processors"/>
    <property name="os.arch" value="amd64"/>
    <property name="java.vm.specification.name" value="Java Virtual Machine Specification"/>
    <property name="java.awt.printerjob" value="sun.print.PSPrinterJob"/>
    <property name="sun.os.patch.level" value="unknown"/>
    <property name="java.library.path" value="/usr/java/packages/lib/amd64:/usr/lib/x86_64-linux-gnu/jni:/lib/x86_64-linux-gnu:/usr/lib/x86_64-linux-gnu:/usr/lib/jni:/lib:/usr/lib"/>
    <property name="java.vm.info" value="mixed mode"/>
    <property name="java.vendor" value="Private Build"/>
    <property name="java.vm.version" value="25.402-b06"/>
    <property name="java.specification.maintenance.version" value="5"/>
    <property name="java.ext.dirs" value="/usr/lib/jvm/java-8-openjdk-amd64/jre/lib/ext:/usr/java/packages/lib/ext"/>
    <property name="sun.io.unicode.encoding" value="UnicodeLittle"/>
    <property name="java.class.version" value="52.0"/>
  </properties>
  <testcase name="testInvalidProperties" classname="org.apache.nifi.processors.aws.kinesis.stream.TestConsumeKinesisStream" time="0.048"/>
  <testcase name="testInvalidDynamicKCLProperties" classname="org.apache.nifi.processors.aws.kinesis.stream.TestConsumeKinesisStream" time="0.048">
    <system-err><![CDATA[May 02, 2024 2:26:17 AM org.apache.commons.beanutils.FluentPropertyBeanIntrospector introspect
INFO: Error when creating PropertyDescriptor for public com.amazonaws.services.kinesis.clientlibrary.lib.worker.KinesisClientLibConfiguration com.amazonaws.services.kinesis.clientlibrary.lib.worker.KinesisClientLibConfiguration.withMetricsLevel(java.lang.String)! Ignoring this property.
May 02, 2024 2:26:17 AM org.apache.commons.beanutils.FluentPropertyBeanIntrospector introspect
INFO: Error when creating PropertyDescriptor for public com.amazonaws.services.kinesis.clientlibrary.lib.worker.KinesisClientLibConfiguration com.amazonaws.services.kinesis.clientlibrary.lib.worker.KinesisClientLibConfiguration.withRetryGetRecordsInSeconds(int)! Ignoring this property.
May 02, 2024 2:26:17 AM org.apache.commons.beanutils.FluentPropertyBeanIntrospector introspect
INFO: Error when creating PropertyDescriptor for public com.amazonaws.services.kinesis.clientlibrary.lib.worker.KinesisClientLibConfiguration com.amazonaws.services.kinesis.clientlibrary.lib.worker.KinesisClientLibConfiguration.withMaxGetRecordsThreadPool(int)! Ignoring this property.
May 02, 2024 2:26:17 AM org.apache.commons.beanutils.FluentPropertyBeanIntrospector introspect
INFO: Error when creating PropertyDescriptor for public void com.amazonaws.services.kinesis.clientlibrary.lib.worker.KinesisClientLibConfiguration.withTimeoutInSeconds(int)! Ignoring this property.
May 02, 2024 2:26:17 AM org.apache.commons.beanutils.FluentPropertyBeanIntrospector introspect
INFO: Error when creating PropertyDescriptor for public com.amazonaws.services.kinesis.clientlibrary.lib.worker.KinesisClientLibConfiguration com.amazonaws.services.kinesis.clientlibrary.lib.worker.KinesisClientLibConfiguration.withLogWarningForTaskAfterMillis(long)! Ignoring this property.
]]></system-err>
  </testcase>
  <testcase name="testMissingMandatoryProperties" classname="org.apache.nifi.processors.aws.kinesis.stream.TestConsumeKinesisStream" time="0.002"/>
  <testcase name="testRunWorkerWithoutCredentials" classname="org.apache.nifi.processors.aws.kinesis.stream.TestConsumeKinesisStream" time="0.244">
    <system-err><![CDATA[[main] INFO org.apache.nifi.processors.aws.kinesis.stream.TestConsumeKinesisStream$MockConsumeKinesisStream - MockConsumeKinesisStream[id=e206d57d-1403-4bde-9c02-d4e739f8f402] Creating client using aws credentials provider
[pool-2-thread-1] INFO org.apache.nifi.processors.aws.kinesis.stream.TestConsumeKinesisStream$MockConsumeKinesisStream - MockConsumeKinesisStream[id=e206d57d-1403-4bde-9c02-d4e739f8f402] Starting Kinesis Worker Lenovo-Bot:36159ae3-0598-4219-8eee-1766dbce6f8a
[pool-2-thread-1] INFO org.apache.nifi.processors.aws.kinesis.stream.TestConsumeKinesisStream$MockConsumeKinesisStream - MockConsumeKinesisStream[id=e206d57d-1403-4bde-9c02-d4e739f8f402] Kinesis Worker prepared for application test-application to process stream test-stream as worker ID Lenovo-Bot:36159ae3-0598-4219-8eee-1766dbce6f8a...
May 02, 2024 2:26:17 AM com.amazonaws.services.kinesis.clientlibrary.lib.worker.Worker createClient
WARNING: Received configuration for region as eu-west-2.
May 02, 2024 2:26:17 AM com.amazonaws.services.kinesis.clientlibrary.lib.worker.Worker createClient
WARNING: Received configuration for region as eu-west-2.
May 02, 2024 2:26:17 AM com.amazonaws.services.kinesis.leases.impl.LeaseCoordinator <init>
INFO: With failover time 30000 ms and epsilon 25 ms, LeaseCoordinator will renew leases every 9975 ms, takeleases every 60050 ms, process maximum of 2147483647 leases and steal 1 lease(s) at a time.
May 02, 2024 2:26:17 AM com.amazonaws.services.kinesis.clientlibrary.lib.worker.Worker <init>
INFO: Shard sync strategy determined as SHARD_END.
May 02, 2024 2:26:17 AM com.amazonaws.services.kinesis.clientlibrary.lib.worker.Worker initialize
INFO: Initialization attempt 1
May 02, 2024 2:26:17 AM com.amazonaws.services.kinesis.clientlibrary.lib.worker.Worker initialize
INFO: Initializing LeaseCoordinator
May 02, 2024 2:26:17 AM com.amazonaws.services.kinesis.leases.impl.LeaseCoordinator <init>
INFO: With failover time 30000 ms and epsilon 25 ms, LeaseCoordinator will renew leases every 9975 ms, takeleases every 60050 ms, process maximum of 2147483647 leases and steal 1 lease(s) at a time.
May 02, 2024 2:26:17 AM com.amazonaws.services.kinesis.clientlibrary.lib.worker.Worker <init>
INFO: Shard sync strategy determined as SHARD_END.
[main] INFO org.apache.nifi.processors.aws.kinesis.stream.TestConsumeKinesisStream$MockConsumeKinesisStream - MockConsumeKinesisStream[id=e206d57d-1403-4bde-9c02-d4e739f8f402] Requesting Kinesis Worker shutdown
May 02, 2024 2:26:17 AM com.amazonaws.services.kinesis.clientlibrary.lib.worker.GracefulShutdownCoordinator$GracefulShutdownCallable call
WARNING: Caught exception while requesting initial worker shutdown.
java.lang.NullPointerException
	at com.amazonaws.services.kinesis.leases.impl.LeaseCoordinator.stopLeaseTaker(LeaseCoordinator.java:417)
	at com.amazonaws.services.kinesis.clientlibrary.lib.worker.Worker.lambda$createWorkerShutdownCallable$1(Worker.java:889)
	at com.amazonaws.services.kinesis.clientlibrary.lib.worker.GracefulShutdownCoordinator$GracefulShutdownCallable.call(GracefulShutdownCoordinator.java:155)
	at com.amazonaws.services.kinesis.clientlibrary.lib.worker.GracefulShutdownCoordinator$GracefulShutdownCallable.call(GracefulShutdownCoordinator.java:39)
	at java.util.concurrent.FutureTask.run(FutureTask.java:266)
	at java.lang.Thread.run(Thread.java:750)

[main] WARN org.apache.nifi.processors.aws.kinesis.stream.TestConsumeKinesisStream$MockConsumeKinesisStream - MockConsumeKinesisStream[id=e206d57d-1403-4bde-9c02-d4e739f8f402] Problem while shutting down Kinesis Worker: java.lang.NullPointerException: java.util.concurrent.ExecutionException: java.lang.NullPointerException
[main] WARN org.apache.nifi.processors.aws.kinesis.stream.TestConsumeKinesisStream$MockConsumeKinesisStream - MockConsumeKinesisStream[id=e206d57d-1403-4bde-9c02-d4e739f8f402] One or more problems while shutting down Kinesis Worker, see logs for details
]]></system-err>
  </testcase>
  <testcase name="testMissingStreamPositionTimestamp" classname="org.apache.nifi.processors.aws.kinesis.stream.TestConsumeKinesisStream" time="0.003"/>
  <testcase name="testValidDynamicKCLProperties" classname="org.apache.nifi.processors.aws.kinesis.stream.TestConsumeKinesisStream" time="0.005"/>
  <testcase name="testInvalidStreamPositionTimestamp" classname="org.apache.nifi.processors.aws.kinesis.stream.TestConsumeKinesisStream" time="0.005"/>
  <testcase name="testInvalidRecordReaderWithoutRecordWriter" classname="org.apache.nifi.processors.aws.kinesis.stream.TestConsumeKinesisStream" time="0.02"/>
  <testcase name="testRunWorkerUnexpectedShutdown" classname="org.apache.nifi.processors.aws.kinesis.stream.TestConsumeKinesisStream" time="3.023">
    <system-err><![CDATA[[main] INFO org.apache.nifi.processors.aws.kinesis.stream.TestConsumeKinesisStream$MockConsumeKinesisStream - MockConsumeKinesisStream[id=b79c5ef9-a25e-4167-9b1b-143a27856ddd] Creating client using aws credentials provider
[pool-8-thread-1] INFO org.apache.nifi.processors.aws.kinesis.stream.TestConsumeKinesisStream$MockConsumeKinesisStream - MockConsumeKinesisStream[id=b79c5ef9-a25e-4167-9b1b-143a27856ddd] Starting Kinesis Worker Lenovo-Bot:74063530-fd4e-4075-8ab1-38bdef2ce526
[pool-8-thread-1] INFO org.apache.nifi.processors.aws.kinesis.stream.TestConsumeKinesisStream$MockConsumeKinesisStream - MockConsumeKinesisStream[id=b79c5ef9-a25e-4167-9b1b-143a27856ddd] Kinesis Worker prepared for application test-application to process stream test-stream as worker ID Lenovo-Bot:74063530-fd4e-4075-8ab1-38bdef2ce526...
May 02, 2024 2:26:17 AM com.amazonaws.services.kinesis.clientlibrary.lib.worker.Worker createClient
WARNING: Received configuration for region as eu-west-2.
May 02, 2024 2:26:17 AM com.amazonaws.services.kinesis.clientlibrary.lib.worker.Worker createClient
WARNING: Received configuration for region as eu-west-2.
May 02, 2024 2:26:17 AM com.amazonaws.services.kinesis.leases.impl.LeaseCoordinator <init>
INFO: With failover time 30000 ms and epsilon 25 ms, LeaseCoordinator will renew leases every 9975 ms, takeleases every 60050 ms, process maximum of 2147483647 leases and steal 1 lease(s) at a time.
May 02, 2024 2:26:17 AM com.amazonaws.services.kinesis.clientlibrary.lib.worker.Worker <init>
INFO: Shard sync strategy determined as SHARD_END.
May 02, 2024 2:26:17 AM com.amazonaws.services.kinesis.leases.impl.LeaseCoordinator <init>
INFO: With failover time 30000 ms and epsilon 25 ms, LeaseCoordinator will renew leases every 9975 ms, takeleases every 60050 ms, process maximum of 2147483647 leases and steal 1 lease(s) at a time.
May 02, 2024 2:26:17 AM com.amazonaws.services.kinesis.clientlibrary.lib.worker.Worker initialize
INFO: Initialization attempt 1
May 02, 2024 2:26:17 AM com.amazonaws.services.kinesis.clientlibrary.lib.worker.Worker <init>
INFO: Shard sync strategy determined as SHARD_END.
May 02, 2024 2:26:17 AM com.amazonaws.services.kinesis.clientlibrary.lib.worker.Worker initialize
INFO: Initializing LeaseCoordinator
May 02, 2024 2:26:17 AM com.amazonaws.services.kinesis.leases.impl.LeaseManager createLeaseTableIfNotExists
SEVERE: Failed to get table status for test-application
com.amazonaws.services.kinesis.leases.exceptions.DependencyException: com.amazonaws.services.dynamodbv2.model.AmazonDynamoDBException: Request is missing Authentication Token (Service: AmazonDynamoDBv2; Status Code: 400; Error Code: MissingAuthenticationTokenException; Request ID: HODSGR045OA9EK2SMJBQJ5H097VV4KQNSO5AEMVJF66Q9ASUAAJG; Proxy: null)
	at com.amazonaws.services.kinesis.leases.impl.LeaseManager.tableStatus(LeaseManager.java:183)
	at com.amazonaws.services.kinesis.leases.impl.LeaseManager.createLeaseTableIfNotExists(LeaseManager.java:126)
	at com.amazonaws.services.kinesis.clientlibrary.lib.worker.KinesisClientLibLeaseCoordinator.initialize(KinesisClientLibLeaseCoordinator.java:329)
	at com.amazonaws.services.kinesis.clientlibrary.lib.worker.Worker.initialize(Worker.java:674)
	at com.amazonaws.services.kinesis.clientlibrary.lib.worker.Worker.run(Worker.java:614)
	at java.lang.Thread.run(Thread.java:750)
Caused by: com.amazonaws.services.dynamodbv2.model.AmazonDynamoDBException: Request is missing Authentication Token (Service: AmazonDynamoDBv2; Status Code: 400; Error Code: MissingAuthenticationTokenException; Request ID: HODSGR045OA9EK2SMJBQJ5H097VV4KQNSO5AEMVJF66Q9ASUAAJG; Proxy: null)
	at com.amazonaws.http.AmazonHttpClient$RequestExecutor.handleErrorResponse(AmazonHttpClient.java:1819)
	at com.amazonaws.http.AmazonHttpClient$RequestExecutor.handleServiceErrorResponse(AmazonHttpClient.java:1403)
	at com.amazonaws.http.AmazonHttpClient$RequestExecutor.executeOneRequest(AmazonHttpClient.java:1372)
	at com.amazonaws.http.AmazonHttpClient$RequestExecutor.executeHelper(AmazonHttpClient.java:1145)
	at com.amazonaws.http.AmazonHttpClient$RequestExecutor.doExecute(AmazonHttpClient.java:802)
	at com.amazonaws.http.AmazonHttpClient$RequestExecutor.executeWithTimer(AmazonHttpClient.java:770)
	at com.amazonaws.http.AmazonHttpClient$RequestExecutor.execute(AmazonHttpClient.java:744)
	at com.amazonaws.http.AmazonHttpClient$RequestExecutor.access$500(AmazonHttpClient.java:704)
	at com.amazonaws.http.AmazonHttpClient$RequestExecutionBuilderImpl.execute(AmazonHttpClient.java:686)
	at com.amazonaws.http.AmazonHttpClient.execute(AmazonHttpClient.java:550)
	at com.amazonaws.http.AmazonHttpClient.execute(AmazonHttpClient.java:530)
	at com.amazonaws.services.dynamodbv2.AmazonDynamoDBClient.doInvoke(AmazonDynamoDBClient.java:6214)
	at com.amazonaws.services.dynamodbv2.AmazonDynamoDBClient.invoke(AmazonDynamoDBClient.java:6181)
	at com.amazonaws.services.dynamodbv2.AmazonDynamoDBClient.executeDescribeTable(AmazonDynamoDBClient.java:2247)
	at com.amazonaws.services.dynamodbv2.AmazonDynamoDBClient.describeTable(AmazonDynamoDBClient.java:2211)
	at com.amazonaws.services.kinesis.leases.impl.LeaseManager.tableStatus(LeaseManager.java:175)
	... 5 more

May 02, 2024 2:26:17 AM com.amazonaws.services.kinesis.leases.impl.LeaseManager createLeaseTableIfNotExists
SEVERE: Failed to get table status for test-application
com.amazonaws.services.kinesis.leases.exceptions.DependencyException: com.amazonaws.services.dynamodbv2.model.AmazonDynamoDBException: The security token included in the request is invalid. (Service: AmazonDynamoDBv2; Status Code: 400; Error Code: UnrecognizedClientException; Request ID: L99PVVB5TEIVPMDML8AFUJCT63VV4KQNSO5AEMVJF66Q9ASUAAJG; Proxy: null)
	at com.amazonaws.services.kinesis.leases.impl.LeaseManager.tableStatus(LeaseManager.java:183)
	at com.amazonaws.services.kinesis.leases.impl.LeaseManager.createLeaseTableIfNotExists(LeaseManager.java:126)
	at com.amazonaws.services.kinesis.clientlibrary.lib.worker.KinesisClientLibLeaseCoordinator.initialize(KinesisClientLibLeaseCoordinator.java:329)
	at com.amazonaws.services.kinesis.clientlibrary.lib.worker.Worker.initialize(Worker.java:674)
	at com.amazonaws.services.kinesis.clientlibrary.lib.worker.Worker.run(Worker.java:614)
	at java.lang.Thread.run(Thread.java:750)
Caused by: com.amazonaws.services.dynamodbv2.model.AmazonDynamoDBException: The security token included in the request is invalid. (Service: AmazonDynamoDBv2; Status Code: 400; Error Code: UnrecognizedClientException; Request ID: L99PVVB5TEIVPMDML8AFUJCT63VV4KQNSO5AEMVJF66Q9ASUAAJG; Proxy: null)
	at com.amazonaws.http.AmazonHttpClient$RequestExecutor.handleErrorResponse(AmazonHttpClient.java:1819)
	at com.amazonaws.http.AmazonHttpClient$RequestExecutor.handleServiceErrorResponse(AmazonHttpClient.java:1403)
	at com.amazonaws.http.AmazonHttpClient$RequestExecutor.executeOneRequest(AmazonHttpClient.java:1372)
	at com.amazonaws.http.AmazonHttpClient$RequestExecutor.executeHelper(AmazonHttpClient.java:1145)
	at com.amazonaws.http.AmazonHttpClient$RequestExecutor.doExecute(AmazonHttpClient.java:802)
	at com.amazonaws.http.AmazonHttpClient$RequestExecutor.executeWithTimer(AmazonHttpClient.java:770)
	at com.amazonaws.http.AmazonHttpClient$RequestExecutor.execute(AmazonHttpClient.java:744)
	at com.amazonaws.http.AmazonHttpClient$RequestExecutor.access$500(AmazonHttpClient.java:704)
	at com.amazonaws.http.AmazonHttpClient$RequestExecutionBuilderImpl.execute(AmazonHttpClient.java:686)
	at com.amazonaws.http.AmazonHttpClient.execute(AmazonHttpClient.java:550)
	at com.amazonaws.http.AmazonHttpClient.execute(AmazonHttpClient.java:530)
	at com.amazonaws.services.dynamodbv2.AmazonDynamoDBClient.doInvoke(AmazonDynamoDBClient.java:6214)
	at com.amazonaws.services.dynamodbv2.AmazonDynamoDBClient.invoke(AmazonDynamoDBClient.java:6181)
	at com.amazonaws.services.dynamodbv2.AmazonDynamoDBClient.executeDescribeTable(AmazonDynamoDBClient.java:2247)
	at com.amazonaws.services.dynamodbv2.AmazonDynamoDBClient.describeTable(AmazonDynamoDBClient.java:2211)
	at com.amazonaws.services.kinesis.leases.impl.LeaseManager.tableStatus(LeaseManager.java:175)
	... 5 more

May 02, 2024 2:26:18 AM com.amazonaws.services.kinesis.clientlibrary.lib.worker.Worker initialize
SEVERE: Caught exception when initializing LeaseCoordinator
com.amazonaws.services.kinesis.leases.exceptions.DependencyException: com.amazonaws.services.dynamodbv2.model.AmazonDynamoDBException: Request is missing Authentication Token (Service: AmazonDynamoDBv2; Status Code: 400; Error Code: MissingAuthenticationTokenException; Request ID: TFD8MD7SGU9FJSDN7RGFRQTCHNVV4KQNSO5AEMVJF66Q9ASUAAJG; Proxy: null)
	at com.amazonaws.services.kinesis.leases.impl.LeaseManager.createLeaseTableIfNotExists(LeaseManager.java:155)
	at com.amazonaws.services.kinesis.clientlibrary.lib.worker.KinesisClientLibLeaseCoordinator.initialize(KinesisClientLibLeaseCoordinator.java:329)
	at com.amazonaws.services.kinesis.clientlibrary.lib.worker.Worker.initialize(Worker.java:674)
	at com.amazonaws.services.kinesis.clientlibrary.lib.worker.Worker.run(Worker.java:614)
	at java.lang.Thread.run(Thread.java:750)
Caused by: com.amazonaws.services.dynamodbv2.model.AmazonDynamoDBException: Request is missing Authentication Token (Service: AmazonDynamoDBv2; Status Code: 400; Error Code: MissingAuthenticationTokenException; Request ID: TFD8MD7SGU9FJSDN7RGFRQTCHNVV4KQNSO5AEMVJF66Q9ASUAAJG; Proxy: null)
	at com.amazonaws.http.AmazonHttpClient$RequestExecutor.handleErrorResponse(AmazonHttpClient.java:1819)
	at com.amazonaws.http.AmazonHttpClient$RequestExecutor.handleServiceErrorResponse(AmazonHttpClient.java:1403)
	at com.amazonaws.http.AmazonHttpClient$RequestExecutor.executeOneRequest(AmazonHttpClient.java:1372)
	at com.amazonaws.http.AmazonHttpClient$RequestExecutor.executeHelper(AmazonHttpClient.java:1145)
	at com.amazonaws.http.AmazonHttpClient$RequestExecutor.doExecute(AmazonHttpClient.java:802)
	at com.amazonaws.http.AmazonHttpClient$RequestExecutor.executeWithTimer(AmazonHttpClient.java:770)
	at com.amazonaws.http.AmazonHttpClient$RequestExecutor.execute(AmazonHttpClient.java:744)
	at com.amazonaws.http.AmazonHttpClient$RequestExecutor.access$500(AmazonHttpClient.java:704)
	at com.amazonaws.http.AmazonHttpClient$RequestExecutionBuilderImpl.execute(AmazonHttpClient.java:686)
	at com.amazonaws.http.AmazonHttpClient.execute(AmazonHttpClient.java:550)
	at com.amazonaws.http.AmazonHttpClient.execute(AmazonHttpClient.java:530)
	at com.amazonaws.services.dynamodbv2.AmazonDynamoDBClient.doInvoke(AmazonDynamoDBClient.java:6214)
	at com.amazonaws.services.dynamodbv2.AmazonDynamoDBClient.invoke(AmazonDynamoDBClient.java:6181)
	at com.amazonaws.services.dynamodbv2.AmazonDynamoDBClient.executeCreateTable(AmazonDynamoDBClient.java:1160)
	at com.amazonaws.services.dynamodbv2.AmazonDynamoDBClient.createTable(AmazonDynamoDBClient.java:1124)
	at com.amazonaws.services.kinesis.leases.impl.LeaseManager.createLeaseTableIfNotExists(LeaseManager.java:148)
	... 4 more

May 02, 2024 2:26:18 AM com.amazonaws.services.kinesis.clientlibrary.lib.worker.Worker initialize
INFO: Initialization attempt 2
May 02, 2024 2:26:18 AM com.amazonaws.services.kinesis.clientlibrary.lib.worker.Worker initialize
INFO: Initializing LeaseCoordinator
May 02, 2024 2:26:18 AM com.amazonaws.services.kinesis.clientlibrary.lib.worker.Worker initialize
SEVERE: Caught exception when initializing LeaseCoordinator
com.amazonaws.services.kinesis.leases.exceptions.DependencyException: com.amazonaws.services.dynamodbv2.model.AmazonDynamoDBException: The security token included in the request is invalid. (Service: AmazonDynamoDBv2; Status Code: 400; Error Code: UnrecognizedClientException; Request ID: 9044RFFLA9UMROL2TJM72IIMCNVV4KQNSO5AEMVJF66Q9ASUAAJG; Proxy: null)
	at com.amazonaws.services.kinesis.leases.impl.LeaseManager.createLeaseTableIfNotExists(LeaseManager.java:155)
	at com.amazonaws.services.kinesis.clientlibrary.lib.worker.KinesisClientLibLeaseCoordinator.initialize(KinesisClientLibLeaseCoordinator.java:329)
	at com.amazonaws.services.kinesis.clientlibrary.lib.worker.Worker.initialize(Worker.java:674)
	at com.amazonaws.services.kinesis.clientlibrary.lib.worker.Worker.run(Worker.java:614)
	at java.lang.Thread.run(Thread.java:750)
Caused by: com.amazonaws.services.dynamodbv2.model.AmazonDynamoDBException: The security token included in the request is invalid. (Service: AmazonDynamoDBv2; Status Code: 400; Error Code: UnrecognizedClientException; Request ID: 9044RFFLA9UMROL2TJM72IIMCNVV4KQNSO5AEMVJF66Q9ASUAAJG; Proxy: null)
	at com.amazonaws.http.AmazonHttpClient$RequestExecutor.handleErrorResponse(AmazonHttpClient.java:1819)
	at com.amazonaws.http.AmazonHttpClient$RequestExecutor.handleServiceErrorResponse(AmazonHttpClient.java:1403)
	at com.amazonaws.http.AmazonHttpClient$RequestExecutor.executeOneRequest(AmazonHttpClient.java:1372)
	at com.amazonaws.http.AmazonHttpClient$RequestExecutor.executeHelper(AmazonHttpClient.java:1145)
	at com.amazonaws.http.AmazonHttpClient$RequestExecutor.doExecute(AmazonHttpClient.java:802)
	at com.amazonaws.http.AmazonHttpClient$RequestExecutor.executeWithTimer(AmazonHttpClient.java:770)
	at com.amazonaws.http.AmazonHttpClient$RequestExecutor.execute(AmazonHttpClient.java:744)
	at com.amazonaws.http.AmazonHttpClient$RequestExecutor.access$500(AmazonHttpClient.java:704)
	at com.amazonaws.http.AmazonHttpClient$RequestExecutionBuilderImpl.execute(AmazonHttpClient.java:686)
	at com.amazonaws.http.AmazonHttpClient.execute(AmazonHttpClient.java:550)
	at com.amazonaws.http.AmazonHttpClient.execute(AmazonHttpClient.java:530)
	at com.amazonaws.services.dynamodbv2.AmazonDynamoDBClient.doInvoke(AmazonDynamoDBClient.java:6214)
	at com.amazonaws.services.dynamodbv2.AmazonDynamoDBClient.invoke(AmazonDynamoDBClient.java:6181)
	at com.amazonaws.services.dynamodbv2.AmazonDynamoDBClient.executeCreateTable(AmazonDynamoDBClient.java:1160)
	at com.amazonaws.services.dynamodbv2.AmazonDynamoDBClient.createTable(AmazonDynamoDBClient.java:1124)
	at com.amazonaws.services.kinesis.leases.impl.LeaseManager.createLeaseTableIfNotExists(LeaseManager.java:148)
	... 4 more

May 02, 2024 2:26:18 AM com.amazonaws.services.kinesis.clientlibrary.lib.worker.Worker initialize
INFO: Initialization attempt 2
May 02, 2024 2:26:18 AM com.amazonaws.services.kinesis.clientlibrary.lib.worker.Worker initialize
INFO: Initializing LeaseCoordinator
May 02, 2024 2:26:18 AM com.amazonaws.services.kinesis.leases.impl.LeaseManager createLeaseTableIfNotExists
SEVERE: Failed to get table status for test-application
com.amazonaws.services.kinesis.leases.exceptions.DependencyException: com.amazonaws.services.dynamodbv2.model.AmazonDynamoDBException: Request is missing Authentication Token (Service: AmazonDynamoDBv2; Status Code: 400; Error Code: MissingAuthenticationTokenException; Request ID: IQB5A295JKDH6GRV4RICKFTFVNVV4KQNSO5AEMVJF66Q9ASUAAJG; Proxy: null)
	at com.amazonaws.services.kinesis.leases.impl.LeaseManager.tableStatus(LeaseManager.java:183)
	at com.amazonaws.services.kinesis.leases.impl.LeaseManager.createLeaseTableIfNotExists(LeaseManager.java:126)
	at com.amazonaws.services.kinesis.clientlibrary.lib.worker.KinesisClientLibLeaseCoordinator.initialize(KinesisClientLibLeaseCoordinator.java:329)
	at com.amazonaws.services.kinesis.clientlibrary.lib.worker.Worker.initialize(Worker.java:674)
	at com.amazonaws.services.kinesis.clientlibrary.lib.worker.Worker.run(Worker.java:614)
	at java.lang.Thread.run(Thread.java:750)
Caused by: com.amazonaws.services.dynamodbv2.model.AmazonDynamoDBException: Request is missing Authentication Token (Service: AmazonDynamoDBv2; Status Code: 400; Error Code: MissingAuthenticationTokenException; Request ID: IQB5A295JKDH6GRV4RICKFTFVNVV4KQNSO5AEMVJF66Q9ASUAAJG; Proxy: null)
	at com.amazonaws.http.AmazonHttpClient$RequestExecutor.handleErrorResponse(AmazonHttpClient.java:1819)
	at com.amazonaws.http.AmazonHttpClient$RequestExecutor.handleServiceErrorResponse(AmazonHttpClient.java:1403)
	at com.amazonaws.http.AmazonHttpClient$RequestExecutor.executeOneRequest(AmazonHttpClient.java:1372)
	at com.amazonaws.http.AmazonHttpClient$RequestExecutor.executeHelper(AmazonHttpClient.java:1145)
	at com.amazonaws.http.AmazonHttpClient$RequestExecutor.doExecute(AmazonHttpClient.java:802)
	at com.amazonaws.http.AmazonHttpClient$RequestExecutor.executeWithTimer(AmazonHttpClient.java:770)
	at com.amazonaws.http.AmazonHttpClient$RequestExecutor.execute(AmazonHttpClient.java:744)
	at com.amazonaws.http.AmazonHttpClient$RequestExecutor.access$500(AmazonHttpClient.java:704)
	at com.amazonaws.http.AmazonHttpClient$RequestExecutionBuilderImpl.execute(AmazonHttpClient.java:686)
	at com.amazonaws.http.AmazonHttpClient.execute(AmazonHttpClient.java:550)
	at com.amazonaws.http.AmazonHttpClient.execute(AmazonHttpClient.java:530)
	at com.amazonaws.services.dynamodbv2.AmazonDynamoDBClient.doInvoke(AmazonDynamoDBClient.java:6214)
	at com.amazonaws.services.dynamodbv2.AmazonDynamoDBClient.invoke(AmazonDynamoDBClient.java:6181)
	at com.amazonaws.services.dynamodbv2.AmazonDynamoDBClient.executeDescribeTable(AmazonDynamoDBClient.java:2247)
	at com.amazonaws.services.dynamodbv2.AmazonDynamoDBClient.describeTable(AmazonDynamoDBClient.java:2211)
	at com.amazonaws.services.kinesis.leases.impl.LeaseManager.tableStatus(LeaseManager.java:175)
	... 5 more

May 02, 2024 2:26:18 AM com.amazonaws.services.kinesis.leases.impl.LeaseManager createLeaseTableIfNotExists
SEVERE: Failed to get table status for test-application
com.amazonaws.services.kinesis.leases.exceptions.DependencyException: com.amazonaws.services.dynamodbv2.model.AmazonDynamoDBException: The security token included in the request is invalid. (Service: AmazonDynamoDBv2; Status Code: 400; Error Code: UnrecognizedClientException; Request ID: CDG51VT30KM886U3SOVPEHEIOBVV4KQNSO5AEMVJF66Q9ASUAAJG; Proxy: null)
	at com.amazonaws.services.kinesis.leases.impl.LeaseManager.tableStatus(LeaseManager.java:183)
	at com.amazonaws.services.kinesis.leases.impl.LeaseManager.createLeaseTableIfNotExists(LeaseManager.java:126)
	at com.amazonaws.services.kinesis.clientlibrary.lib.worker.KinesisClientLibLeaseCoordinator.initialize(KinesisClientLibLeaseCoordinator.java:329)
	at com.amazonaws.services.kinesis.clientlibrary.lib.worker.Worker.initialize(Worker.java:674)
	at com.amazonaws.services.kinesis.clientlibrary.lib.worker.Worker.run(Worker.java:614)
	at java.lang.Thread.run(Thread.java:750)
Caused by: com.amazonaws.services.dynamodbv2.model.AmazonDynamoDBException: The security token included in the request is invalid. (Service: AmazonDynamoDBv2; Status Code: 400; Error Code: UnrecognizedClientException; Request ID: CDG51VT30KM886U3SOVPEHEIOBVV4KQNSO5AEMVJF66Q9ASUAAJG; Proxy: null)
	at com.amazonaws.http.AmazonHttpClient$RequestExecutor.handleErrorResponse(AmazonHttpClient.java:1819)
	at com.amazonaws.http.AmazonHttpClient$RequestExecutor.handleServiceErrorResponse(AmazonHttpClient.java:1403)
	at com.amazonaws.http.AmazonHttpClient$RequestExecutor.executeOneRequest(AmazonHttpClient.java:1372)
	at com.amazonaws.http.AmazonHttpClient$RequestExecutor.executeHelper(AmazonHttpClient.java:1145)
	at com.amazonaws.http.AmazonHttpClient$RequestExecutor.doExecute(AmazonHttpClient.java:802)
	at com.amazonaws.http.AmazonHttpClient$RequestExecutor.executeWithTimer(AmazonHttpClient.java:770)
	at com.amazonaws.http.AmazonHttpClient$RequestExecutor.execute(AmazonHttpClient.java:744)
	at com.amazonaws.http.AmazonHttpClient$RequestExecutor.access$500(AmazonHttpClient.java:704)
	at com.amazonaws.http.AmazonHttpClient$RequestExecutionBuilderImpl.execute(AmazonHttpClient.java:686)
	at com.amazonaws.http.AmazonHttpClient.execute(AmazonHttpClient.java:550)
	at com.amazonaws.http.AmazonHttpClient.execute(AmazonHttpClient.java:530)
	at com.amazonaws.services.dynamodbv2.AmazonDynamoDBClient.doInvoke(AmazonDynamoDBClient.java:6214)
	at com.amazonaws.services.dynamodbv2.AmazonDynamoDBClient.invoke(AmazonDynamoDBClient.java:6181)
	at com.amazonaws.services.dynamodbv2.AmazonDynamoDBClient.executeDescribeTable(AmazonDynamoDBClient.java:2247)
	at com.amazonaws.services.dynamodbv2.AmazonDynamoDBClient.describeTable(AmazonDynamoDBClient.java:2211)
	at com.amazonaws.services.kinesis.leases.impl.LeaseManager.tableStatus(LeaseManager.java:175)
	... 5 more

May 02, 2024 2:26:18 AM com.amazonaws.services.kinesis.clientlibrary.lib.worker.Worker initialize
SEVERE: Caught exception when initializing LeaseCoordinator
com.amazonaws.services.kinesis.leases.exceptions.DependencyException: com.amazonaws.services.dynamodbv2.model.AmazonDynamoDBException: Request is missing Authentication Token (Service: AmazonDynamoDBv2; Status Code: 400; Error Code: MissingAuthenticationTokenException; Request ID: EUO5DUSU4LAO2ATJKQH9KTHDNNVV4KQNSO5AEMVJF66Q9ASUAAJG; Proxy: null)
	at com.amazonaws.services.kinesis.leases.impl.LeaseManager.createLeaseTableIfNotExists(LeaseManager.java:155)
	at com.amazonaws.services.kinesis.clientlibrary.lib.worker.KinesisClientLibLeaseCoordinator.initialize(KinesisClientLibLeaseCoordinator.java:329)
	at com.amazonaws.services.kinesis.clientlibrary.lib.worker.Worker.initialize(Worker.java:674)
	at com.amazonaws.services.kinesis.clientlibrary.lib.worker.Worker.run(Worker.java:614)
	at java.lang.Thread.run(Thread.java:750)
Caused by: com.amazonaws.services.dynamodbv2.model.AmazonDynamoDBException: Request is missing Authentication Token (Service: AmazonDynamoDBv2; Status Code: 400; Error Code: MissingAuthenticationTokenException; Request ID: EUO5DUSU4LAO2ATJKQH9KTHDNNVV4KQNSO5AEMVJF66Q9ASUAAJG; Proxy: null)
	at com.amazonaws.http.AmazonHttpClient$RequestExecutor.handleErrorResponse(AmazonHttpClient.java:1819)
	at com.amazonaws.http.AmazonHttpClient$RequestExecutor.handleServiceErrorResponse(AmazonHttpClient.java:1403)
	at com.amazonaws.http.AmazonHttpClient$RequestExecutor.executeOneRequest(AmazonHttpClient.java:1372)
	at com.amazonaws.http.AmazonHttpClient$RequestExecutor.executeHelper(AmazonHttpClient.java:1145)
	at com.amazonaws.http.AmazonHttpClient$RequestExecutor.doExecute(AmazonHttpClient.java:802)
	at com.amazonaws.http.AmazonHttpClient$RequestExecutor.executeWithTimer(AmazonHttpClient.java:770)
	at com.amazonaws.http.AmazonHttpClient$RequestExecutor.execute(AmazonHttpClient.java:744)
	at com.amazonaws.http.AmazonHttpClient$RequestExecutor.access$500(AmazonHttpClient.java:704)
	at com.amazonaws.http.AmazonHttpClient$RequestExecutionBuilderImpl.execute(AmazonHttpClient.java:686)
	at com.amazonaws.http.AmazonHttpClient.execute(AmazonHttpClient.java:550)
	at com.amazonaws.http.AmazonHttpClient.execute(AmazonHttpClient.java:530)
	at com.amazonaws.services.dynamodbv2.AmazonDynamoDBClient.doInvoke(AmazonDynamoDBClient.java:6214)
	at com.amazonaws.services.dynamodbv2.AmazonDynamoDBClient.invoke(AmazonDynamoDBClient.java:6181)
	at com.amazonaws.services.dynamodbv2.AmazonDynamoDBClient.executeCreateTable(AmazonDynamoDBClient.java:1160)
	at com.amazonaws.services.dynamodbv2.AmazonDynamoDBClient.createTable(AmazonDynamoDBClient.java:1124)
	at com.amazonaws.services.kinesis.leases.impl.LeaseManager.createLeaseTableIfNotExists(LeaseManager.java:148)
	... 4 more

May 02, 2024 2:26:18 AM com.amazonaws.services.kinesis.clientlibrary.lib.worker.Worker initialize
INFO: Initialization attempt 3
May 02, 2024 2:26:18 AM com.amazonaws.services.kinesis.clientlibrary.lib.worker.Worker initialize
INFO: Initializing LeaseCoordinator
May 02, 2024 2:26:18 AM com.amazonaws.services.kinesis.clientlibrary.lib.worker.Worker initialize
SEVERE: Caught exception when initializing LeaseCoordinator
com.amazonaws.services.kinesis.leases.exceptions.DependencyException: com.amazonaws.services.dynamodbv2.model.AmazonDynamoDBException: The security token included in the request is invalid. (Service: AmazonDynamoDBv2; Status Code: 400; Error Code: UnrecognizedClientException; Request ID: N1LSF6BPPB9ICE4QA9TM7BJ9HBVV4KQNSO5AEMVJF66Q9ASUAAJG; Proxy: null)
	at com.amazonaws.services.kinesis.leases.impl.LeaseManager.createLeaseTableIfNotExists(LeaseManager.java:155)
	at com.amazonaws.services.kinesis.clientlibrary.lib.worker.KinesisClientLibLeaseCoordinator.initialize(KinesisClientLibLeaseCoordinator.java:329)
	at com.amazonaws.services.kinesis.clientlibrary.lib.worker.Worker.initialize(Worker.java:674)
	at com.amazonaws.services.kinesis.clientlibrary.lib.worker.Worker.run(Worker.java:614)
	at java.lang.Thread.run(Thread.java:750)
Caused by: com.amazonaws.services.dynamodbv2.model.AmazonDynamoDBException: The security token included in the request is invalid. (Service: AmazonDynamoDBv2; Status Code: 400; Error Code: UnrecognizedClientException; Request ID: N1LSF6BPPB9ICE4QA9TM7BJ9HBVV4KQNSO5AEMVJF66Q9ASUAAJG; Proxy: null)
	at com.amazonaws.http.AmazonHttpClient$RequestExecutor.handleErrorResponse(AmazonHttpClient.java:1819)
	at com.amazonaws.http.AmazonHttpClient$RequestExecutor.handleServiceErrorResponse(AmazonHttpClient.java:1403)
	at com.amazonaws.http.AmazonHttpClient$RequestExecutor.executeOneRequest(AmazonHttpClient.java:1372)
	at com.amazonaws.http.AmazonHttpClient$RequestExecutor.executeHelper(AmazonHttpClient.java:1145)
	at com.amazonaws.http.AmazonHttpClient$RequestExecutor.doExecute(AmazonHttpClient.java:802)
	at com.amazonaws.http.AmazonHttpClient$RequestExecutor.executeWithTimer(AmazonHttpClient.java:770)
	at com.amazonaws.http.AmazonHttpClient$RequestExecutor.execute(AmazonHttpClient.java:744)
	at com.amazonaws.http.AmazonHttpClient$RequestExecutor.access$500(AmazonHttpClient.java:704)
	at com.amazonaws.http.AmazonHttpClient$RequestExecutionBuilderImpl.execute(AmazonHttpClient.java:686)
	at com.amazonaws.http.AmazonHttpClient.execute(AmazonHttpClient.java:550)
	at com.amazonaws.http.AmazonHttpClient.execute(AmazonHttpClient.java:530)
	at com.amazonaws.services.dynamodbv2.AmazonDynamoDBClient.doInvoke(AmazonDynamoDBClient.java:6214)
	at com.amazonaws.services.dynamodbv2.AmazonDynamoDBClient.invoke(AmazonDynamoDBClient.java:6181)
	at com.amazonaws.services.dynamodbv2.AmazonDynamoDBClient.executeCreateTable(AmazonDynamoDBClient.java:1160)
	at com.amazonaws.services.dynamodbv2.AmazonDynamoDBClient.createTable(AmazonDynamoDBClient.java:1124)
	at com.amazonaws.services.kinesis.leases.impl.LeaseManager.createLeaseTableIfNotExists(LeaseManager.java:148)
	... 4 more

May 02, 2024 2:26:18 AM com.amazonaws.services.kinesis.clientlibrary.lib.worker.Worker initialize
INFO: Initialization attempt 3
May 02, 2024 2:26:18 AM com.amazonaws.services.kinesis.clientlibrary.lib.worker.Worker initialize
INFO: Initializing LeaseCoordinator
May 02, 2024 2:26:18 AM com.amazonaws.services.kinesis.leases.impl.LeaseManager createLeaseTableIfNotExists
SEVERE: Failed to get table status for test-application
com.amazonaws.services.kinesis.leases.exceptions.DependencyException: com.amazonaws.services.dynamodbv2.model.AmazonDynamoDBException: Request is missing Authentication Token (Service: AmazonDynamoDBv2; Status Code: 400; Error Code: MissingAuthenticationTokenException; Request ID: DQB2RLCC2GRD8TP0OQMG2O52NBVV4KQNSO5AEMVJF66Q9ASUAAJG; Proxy: null)
	at com.amazonaws.services.kinesis.leases.impl.LeaseManager.tableStatus(LeaseManager.java:183)
	at com.amazonaws.services.kinesis.leases.impl.LeaseManager.createLeaseTableIfNotExists(LeaseManager.java:126)
	at com.amazonaws.services.kinesis.clientlibrary.lib.worker.KinesisClientLibLeaseCoordinator.initialize(KinesisClientLibLeaseCoordinator.java:329)
	at com.amazonaws.services.kinesis.clientlibrary.lib.worker.Worker.initialize(Worker.java:674)
	at com.amazonaws.services.kinesis.clientlibrary.lib.worker.Worker.run(Worker.java:614)
	at java.lang.Thread.run(Thread.java:750)
Caused by: com.amazonaws.services.dynamodbv2.model.AmazonDynamoDBException: Request is missing Authentication Token (Service: AmazonDynamoDBv2; Status Code: 400; Error Code: MissingAuthenticationTokenException; Request ID: DQB2RLCC2GRD8TP0OQMG2O52NBVV4KQNSO5AEMVJF66Q9ASUAAJG; Proxy: null)
	at com.amazonaws.http.AmazonHttpClient$RequestExecutor.handleErrorResponse(AmazonHttpClient.java:1819)
	at com.amazonaws.http.AmazonHttpClient$RequestExecutor.handleServiceErrorResponse(AmazonHttpClient.java:1403)
	at com.amazonaws.http.AmazonHttpClient$RequestExecutor.executeOneRequest(AmazonHttpClient.java:1372)
	at com.amazonaws.http.AmazonHttpClient$RequestExecutor.executeHelper(AmazonHttpClient.java:1145)
	at com.amazonaws.http.AmazonHttpClient$RequestExecutor.doExecute(AmazonHttpClient.java:802)
	at com.amazonaws.http.AmazonHttpClient$RequestExecutor.executeWithTimer(AmazonHttpClient.java:770)
	at com.amazonaws.http.AmazonHttpClient$RequestExecutor.execute(AmazonHttpClient.java:744)
	at com.amazonaws.http.AmazonHttpClient$RequestExecutor.access$500(AmazonHttpClient.java:704)
	at com.amazonaws.http.AmazonHttpClient$RequestExecutionBuilderImpl.execute(AmazonHttpClient.java:686)
	at com.amazonaws.http.AmazonHttpClient.execute(AmazonHttpClient.java:550)
	at com.amazonaws.http.AmazonHttpClient.execute(AmazonHttpClient.java:530)
	at com.amazonaws.services.dynamodbv2.AmazonDynamoDBClient.doInvoke(AmazonDynamoDBClient.java:6214)
	at com.amazonaws.services.dynamodbv2.AmazonDynamoDBClient.invoke(AmazonDynamoDBClient.java:6181)
	at com.amazonaws.services.dynamodbv2.AmazonDynamoDBClient.executeDescribeTable(AmazonDynamoDBClient.java:2247)
	at com.amazonaws.services.dynamodbv2.AmazonDynamoDBClient.describeTable(AmazonDynamoDBClient.java:2211)
	at com.amazonaws.services.kinesis.leases.impl.LeaseManager.tableStatus(LeaseManager.java:175)
	... 5 more

May 02, 2024 2:26:18 AM com.amazonaws.services.kinesis.leases.impl.LeaseManager createLeaseTableIfNotExists
SEVERE: Failed to get table status for test-application
com.amazonaws.services.kinesis.leases.exceptions.DependencyException: com.amazonaws.services.dynamodbv2.model.AmazonDynamoDBException: The security token included in the request is invalid. (Service: AmazonDynamoDBv2; Status Code: 400; Error Code: UnrecognizedClientException; Request ID: LRIO15IAG51TM6CJQUQV15TU1VVV4KQNSO5AEMVJF66Q9ASUAAJG; Proxy: null)
	at com.amazonaws.services.kinesis.leases.impl.LeaseManager.tableStatus(LeaseManager.java:183)
	at com.amazonaws.services.kinesis.leases.impl.LeaseManager.createLeaseTableIfNotExists(LeaseManager.java:126)
	at com.amazonaws.services.kinesis.clientlibrary.lib.worker.KinesisClientLibLeaseCoordinator.initialize(KinesisClientLibLeaseCoordinator.java:329)
	at com.amazonaws.services.kinesis.clientlibrary.lib.worker.Worker.initialize(Worker.java:674)
	at com.amazonaws.services.kinesis.clientlibrary.lib.worker.Worker.run(Worker.java:614)
	at java.lang.Thread.run(Thread.java:750)
Caused by: com.amazonaws.services.dynamodbv2.model.AmazonDynamoDBException: The security token included in the request is invalid. (Service: AmazonDynamoDBv2; Status Code: 400; Error Code: UnrecognizedClientException; Request ID: LRIO15IAG51TM6CJQUQV15TU1VVV4KQNSO5AEMVJF66Q9ASUAAJG; Proxy: null)
	at com.amazonaws.http.AmazonHttpClient$RequestExecutor.handleErrorResponse(AmazonHttpClient.java:1819)
	at com.amazonaws.http.AmazonHttpClient$RequestExecutor.handleServiceErrorResponse(AmazonHttpClient.java:1403)
	at com.amazonaws.http.AmazonHttpClient$RequestExecutor.executeOneRequest(AmazonHttpClient.java:1372)
	at com.amazonaws.http.AmazonHttpClient$RequestExecutor.executeHelper(AmazonHttpClient.java:1145)
	at com.amazonaws.http.AmazonHttpClient$RequestExecutor.doExecute(AmazonHttpClient.java:802)
	at com.amazonaws.http.AmazonHttpClient$RequestExecutor.executeWithTimer(AmazonHttpClient.java:770)
	at com.amazonaws.http.AmazonHttpClient$RequestExecutor.execute(AmazonHttpClient.java:744)
	at com.amazonaws.http.AmazonHttpClient$RequestExecutor.access$500(AmazonHttpClient.java:704)
	at com.amazonaws.http.AmazonHttpClient$RequestExecutionBuilderImpl.execute(AmazonHttpClient.java:686)
	at com.amazonaws.http.AmazonHttpClient.execute(AmazonHttpClient.java:550)
	at com.amazonaws.http.AmazonHttpClient.execute(AmazonHttpClient.java:530)
	at com.amazonaws.services.dynamodbv2.AmazonDynamoDBClient.doInvoke(AmazonDynamoDBClient.java:6214)
	at com.amazonaws.services.dynamodbv2.AmazonDynamoDBClient.invoke(AmazonDynamoDBClient.java:6181)
	at com.amazonaws.services.dynamodbv2.AmazonDynamoDBClient.executeDescribeTable(AmazonDynamoDBClient.java:2247)
	at com.amazonaws.services.dynamodbv2.AmazonDynamoDBClient.describeTable(AmazonDynamoDBClient.java:2211)
	at com.amazonaws.services.kinesis.leases.impl.LeaseManager.tableStatus(LeaseManager.java:175)
	... 5 more

May 02, 2024 2:26:18 AM com.amazonaws.services.kinesis.clientlibrary.lib.worker.Worker initialize
SEVERE: Caught exception when initializing LeaseCoordinator
com.amazonaws.services.kinesis.leases.exceptions.DependencyException: com.amazonaws.services.dynamodbv2.model.AmazonDynamoDBException: Request is missing Authentication Token (Service: AmazonDynamoDBv2; Status Code: 400; Error Code: MissingAuthenticationTokenException; Request ID: PP9C2NJB16V9KAHQ741BU1BVFVVV4KQNSO5AEMVJF66Q9ASUAAJG; Proxy: null)
	at com.amazonaws.services.kinesis.leases.impl.LeaseManager.createLeaseTableIfNotExists(LeaseManager.java:155)
	at com.amazonaws.services.kinesis.clientlibrary.lib.worker.KinesisClientLibLeaseCoordinator.initialize(KinesisClientLibLeaseCoordinator.java:329)
	at com.amazonaws.services.kinesis.clientlibrary.lib.worker.Worker.initialize(Worker.java:674)
	at com.amazonaws.services.kinesis.clientlibrary.lib.worker.Worker.run(Worker.java:614)
	at java.lang.Thread.run(Thread.java:750)
Caused by: com.amazonaws.services.dynamodbv2.model.AmazonDynamoDBException: Request is missing Authentication Token (Service: AmazonDynamoDBv2; Status Code: 400; Error Code: MissingAuthenticationTokenException; Request ID: PP9C2NJB16V9KAHQ741BU1BVFVVV4KQNSO5AEMVJF66Q9ASUAAJG; Proxy: null)
	at com.amazonaws.http.AmazonHttpClient$RequestExecutor.handleErrorResponse(AmazonHttpClient.java:1819)
	at com.amazonaws.http.AmazonHttpClient$RequestExecutor.handleServiceErrorResponse(AmazonHttpClient.java:1403)
	at com.amazonaws.http.AmazonHttpClient$RequestExecutor.executeOneRequest(AmazonHttpClient.java:1372)
	at com.amazonaws.http.AmazonHttpClient$RequestExecutor.executeHelper(AmazonHttpClient.java:1145)
	at com.amazonaws.http.AmazonHttpClient$RequestExecutor.doExecute(AmazonHttpClient.java:802)
	at com.amazonaws.http.AmazonHttpClient$RequestExecutor.executeWithTimer(AmazonHttpClient.java:770)
	at com.amazonaws.http.AmazonHttpClient$RequestExecutor.execute(AmazonHttpClient.java:744)
	at com.amazonaws.http.AmazonHttpClient$RequestExecutor.access$500(AmazonHttpClient.java:704)
	at com.amazonaws.http.AmazonHttpClient$RequestExecutionBuilderImpl.execute(AmazonHttpClient.java:686)
	at com.amazonaws.http.AmazonHttpClient.execute(AmazonHttpClient.java:550)
	at com.amazonaws.http.AmazonHttpClient.execute(AmazonHttpClient.java:530)
	at com.amazonaws.services.dynamodbv2.AmazonDynamoDBClient.doInvoke(AmazonDynamoDBClient.java:6214)
	at com.amazonaws.services.dynamodbv2.AmazonDynamoDBClient.invoke(AmazonDynamoDBClient.java:6181)
	at com.amazonaws.services.dynamodbv2.AmazonDynamoDBClient.executeCreateTable(AmazonDynamoDBClient.java:1160)
	at com.amazonaws.services.dynamodbv2.AmazonDynamoDBClient.createTable(AmazonDynamoDBClient.java:1124)
	at com.amazonaws.services.kinesis.leases.impl.LeaseManager.createLeaseTableIfNotExists(LeaseManager.java:148)
	... 4 more

May 02, 2024 2:26:18 AM com.amazonaws.services.kinesis.clientlibrary.lib.worker.Worker initialize
INFO: Initialization attempt 4
May 02, 2024 2:26:18 AM com.amazonaws.services.kinesis.clientlibrary.lib.worker.Worker initialize
INFO: Initializing LeaseCoordinator
May 02, 2024 2:26:18 AM com.amazonaws.services.kinesis.clientlibrary.lib.worker.Worker initialize
SEVERE: Caught exception when initializing LeaseCoordinator
com.amazonaws.services.kinesis.leases.exceptions.DependencyException: com.amazonaws.services.dynamodbv2.model.AmazonDynamoDBException: The security token included in the request is invalid. (Service: AmazonDynamoDBv2; Status Code: 400; Error Code: UnrecognizedClientException; Request ID: R5EGD970DT4BDFTLSLQBEG1MTFVV4KQNSO5AEMVJF66Q9ASUAAJG; Proxy: null)
	at com.amazonaws.services.kinesis.leases.impl.LeaseManager.createLeaseTableIfNotExists(LeaseManager.java:155)
	at com.amazonaws.services.kinesis.clientlibrary.lib.worker.KinesisClientLibLeaseCoordinator.initialize(KinesisClientLibLeaseCoordinator.java:329)
	at com.amazonaws.services.kinesis.clientlibrary.lib.worker.Worker.initialize(Worker.java:674)
	at com.amazonaws.services.kinesis.clientlibrary.lib.worker.Worker.run(Worker.java:614)
	at java.lang.Thread.run(Thread.java:750)
Caused by: com.amazonaws.services.dynamodbv2.model.AmazonDynamoDBException: The security token included in the request is invalid. (Service: AmazonDynamoDBv2; Status Code: 400; Error Code: UnrecognizedClientException; Request ID: R5EGD970DT4BDFTLSLQBEG1MTFVV4KQNSO5AEMVJF66Q9ASUAAJG; Proxy: null)
	at com.amazonaws.http.AmazonHttpClient$RequestExecutor.handleErrorResponse(AmazonHttpClient.java:1819)
	at com.amazonaws.http.AmazonHttpClient$RequestExecutor.handleServiceErrorResponse(AmazonHttpClient.java:1403)
	at com.amazonaws.http.AmazonHttpClient$RequestExecutor.executeOneRequest(AmazonHttpClient.java:1372)
	at com.amazonaws.http.AmazonHttpClient$RequestExecutor.executeHelper(AmazonHttpClient.java:1145)
	at com.amazonaws.http.AmazonHttpClient$RequestExecutor.doExecute(AmazonHttpClient.java:802)
	at com.amazonaws.http.AmazonHttpClient$RequestExecutor.executeWithTimer(AmazonHttpClient.java:770)
	at com.amazonaws.http.AmazonHttpClient$RequestExecutor.execute(AmazonHttpClient.java:744)
	at com.amazonaws.http.AmazonHttpClient$RequestExecutor.access$500(AmazonHttpClient.java:704)
	at com.amazonaws.http.AmazonHttpClient$RequestExecutionBuilderImpl.execute(AmazonHttpClient.java:686)
	at com.amazonaws.http.AmazonHttpClient.execute(AmazonHttpClient.java:550)
	at com.amazonaws.http.AmazonHttpClient.execute(AmazonHttpClient.java:530)
	at com.amazonaws.services.dynamodbv2.AmazonDynamoDBClient.doInvoke(AmazonDynamoDBClient.java:6214)
	at com.amazonaws.services.dynamodbv2.AmazonDynamoDBClient.invoke(AmazonDynamoDBClient.java:6181)
	at com.amazonaws.services.dynamodbv2.AmazonDynamoDBClient.executeCreateTable(AmazonDynamoDBClient.java:1160)
	at com.amazonaws.services.dynamodbv2.AmazonDynamoDBClient.createTable(AmazonDynamoDBClient.java:1124)
	at com.amazonaws.services.kinesis.leases.impl.LeaseManager.createLeaseTableIfNotExists(LeaseManager.java:148)
	... 4 more

May 02, 2024 2:26:18 AM com.amazonaws.services.kinesis.clientlibrary.lib.worker.Worker initialize
INFO: Initialization attempt 4
May 02, 2024 2:26:18 AM com.amazonaws.services.kinesis.clientlibrary.lib.worker.Worker initialize
INFO: Initializing LeaseCoordinator
May 02, 2024 2:26:18 AM com.amazonaws.services.kinesis.leases.impl.LeaseManager createLeaseTableIfNotExists
SEVERE: Failed to get table status for test-application
com.amazonaws.services.kinesis.leases.exceptions.DependencyException: com.amazonaws.services.dynamodbv2.model.AmazonDynamoDBException: Request is missing Authentication Token (Service: AmazonDynamoDBv2; Status Code: 400; Error Code: MissingAuthenticationTokenException; Request ID: QL42JTQOPCAQMJO2S5KSQMH9KRVV4KQNSO5AEMVJF66Q9ASUAAJG; Proxy: null)
	at com.amazonaws.services.kinesis.leases.impl.LeaseManager.tableStatus(LeaseManager.java:183)
	at com.amazonaws.services.kinesis.leases.impl.LeaseManager.createLeaseTableIfNotExists(LeaseManager.java:126)
	at com.amazonaws.services.kinesis.clientlibrary.lib.worker.KinesisClientLibLeaseCoordinator.initialize(KinesisClientLibLeaseCoordinator.java:329)
	at com.amazonaws.services.kinesis.clientlibrary.lib.worker.Worker.initialize(Worker.java:674)
	at com.amazonaws.services.kinesis.clientlibrary.lib.worker.Worker.run(Worker.java:614)
	at java.lang.Thread.run(Thread.java:750)
Caused by: com.amazonaws.services.dynamodbv2.model.AmazonDynamoDBException: Request is missing Authentication Token (Service: AmazonDynamoDBv2; Status Code: 400; Error Code: MissingAuthenticationTokenException; Request ID: QL42JTQOPCAQMJO2S5KSQMH9KRVV4KQNSO5AEMVJF66Q9ASUAAJG; Proxy: null)
	at com.amazonaws.http.AmazonHttpClient$RequestExecutor.handleErrorResponse(AmazonHttpClient.java:1819)
	at com.amazonaws.http.AmazonHttpClient$RequestExecutor.handleServiceErrorResponse(AmazonHttpClient.java:1403)
	at com.amazonaws.http.AmazonHttpClient$RequestExecutor.executeOneRequest(AmazonHttpClient.java:1372)
	at com.amazonaws.http.AmazonHttpClient$RequestExecutor.executeHelper(AmazonHttpClient.java:1145)
	at com.amazonaws.http.AmazonHttpClient$RequestExecutor.doExecute(AmazonHttpClient.java:802)
	at com.amazonaws.http.AmazonHttpClient$RequestExecutor.executeWithTimer(AmazonHttpClient.java:770)
	at com.amazonaws.http.AmazonHttpClient$RequestExecutor.execute(AmazonHttpClient.java:744)
	at com.amazonaws.http.AmazonHttpClient$RequestExecutor.access$500(AmazonHttpClient.java:704)
	at com.amazonaws.http.AmazonHttpClient$RequestExecutionBuilderImpl.execute(AmazonHttpClient.java:686)
	at com.amazonaws.http.AmazonHttpClient.execute(AmazonHttpClient.java:550)
	at com.amazonaws.http.AmazonHttpClient.execute(AmazonHttpClient.java:530)
	at com.amazonaws.services.dynamodbv2.AmazonDynamoDBClient.doInvoke(AmazonDynamoDBClient.java:6214)
	at com.amazonaws.services.dynamodbv2.AmazonDynamoDBClient.invoke(AmazonDynamoDBClient.java:6181)
	at com.amazonaws.services.dynamodbv2.AmazonDynamoDBClient.executeDescribeTable(AmazonDynamoDBClient.java:2247)
	at com.amazonaws.services.dynamodbv2.AmazonDynamoDBClient.describeTable(AmazonDynamoDBClient.java:2211)
	at com.amazonaws.services.kinesis.leases.impl.LeaseManager.tableStatus(LeaseManager.java:175)
	... 5 more

May 02, 2024 2:26:18 AM com.amazonaws.services.kinesis.leases.impl.LeaseManager createLeaseTableIfNotExists
SEVERE: Failed to get table status for test-application
com.amazonaws.services.kinesis.leases.exceptions.DependencyException: com.amazonaws.services.dynamodbv2.model.AmazonDynamoDBException: The security token included in the request is invalid. (Service: AmazonDynamoDBv2; Status Code: 400; Error Code: UnrecognizedClientException; Request ID: 1EOFCGUD45PPH5OSQLSL96H2NRVV4KQNSO5AEMVJF66Q9ASUAAJG; Proxy: null)
	at com.amazonaws.services.kinesis.leases.impl.LeaseManager.tableStatus(LeaseManager.java:183)
	at com.amazonaws.services.kinesis.leases.impl.LeaseManager.createLeaseTableIfNotExists(LeaseManager.java:126)
	at com.amazonaws.services.kinesis.clientlibrary.lib.worker.KinesisClientLibLeaseCoordinator.initialize(KinesisClientLibLeaseCoordinator.java:329)
	at com.amazonaws.services.kinesis.clientlibrary.lib.worker.Worker.initialize(Worker.java:674)
	at com.amazonaws.services.kinesis.clientlibrary.lib.worker.Worker.run(Worker.java:614)
	at java.lang.Thread.run(Thread.java:750)
Caused by: com.amazonaws.services.dynamodbv2.model.AmazonDynamoDBException: The security token included in the request is invalid. (Service: AmazonDynamoDBv2; Status Code: 400; Error Code: UnrecognizedClientException; Request ID: 1EOFCGUD45PPH5OSQLSL96H2NRVV4KQNSO5AEMVJF66Q9ASUAAJG; Proxy: null)
	at com.amazonaws.http.AmazonHttpClient$RequestExecutor.handleErrorResponse(AmazonHttpClient.java:1819)
	at com.amazonaws.http.AmazonHttpClient$RequestExecutor.handleServiceErrorResponse(AmazonHttpClient.java:1403)
	at com.amazonaws.http.AmazonHttpClient$RequestExecutor.executeOneRequest(AmazonHttpClient.java:1372)
	at com.amazonaws.http.AmazonHttpClient$RequestExecutor.executeHelper(AmazonHttpClient.java:1145)
	at com.amazonaws.http.AmazonHttpClient$RequestExecutor.doExecute(AmazonHttpClient.java:802)
	at com.amazonaws.http.AmazonHttpClient$RequestExecutor.executeWithTimer(AmazonHttpClient.java:770)
	at com.amazonaws.http.AmazonHttpClient$RequestExecutor.execute(AmazonHttpClient.java:744)
	at com.amazonaws.http.AmazonHttpClient$RequestExecutor.access$500(AmazonHttpClient.java:704)
	at com.amazonaws.http.AmazonHttpClient$RequestExecutionBuilderImpl.execute(AmazonHttpClient.java:686)
	at com.amazonaws.http.AmazonHttpClient.execute(AmazonHttpClient.java:550)
	at com.amazonaws.http.AmazonHttpClient.execute(AmazonHttpClient.java:530)
	at com.amazonaws.services.dynamodbv2.AmazonDynamoDBClient.doInvoke(AmazonDynamoDBClient.java:6214)
	at com.amazonaws.services.dynamodbv2.AmazonDynamoDBClient.invoke(AmazonDynamoDBClient.java:6181)
	at com.amazonaws.services.dynamodbv2.AmazonDynamoDBClient.executeDescribeTable(AmazonDynamoDBClient.java:2247)
	at com.amazonaws.services.dynamodbv2.AmazonDynamoDBClient.describeTable(AmazonDynamoDBClient.java:2211)
	at com.amazonaws.services.kinesis.leases.impl.LeaseManager.tableStatus(LeaseManager.java:175)
	... 5 more

May 02, 2024 2:26:18 AM com.amazonaws.services.kinesis.clientlibrary.lib.worker.Worker initialize
SEVERE: Caught exception when initializing LeaseCoordinator
com.amazonaws.services.kinesis.leases.exceptions.DependencyException: com.amazonaws.services.dynamodbv2.model.AmazonDynamoDBException: Request is missing Authentication Token (Service: AmazonDynamoDBv2; Status Code: 400; Error Code: MissingAuthenticationTokenException; Request ID: 3ORPV0QOOEI2OCPJUCR8L6DEM7VV4KQNSO5AEMVJF66Q9ASUAAJG; Proxy: null)
	at com.amazonaws.services.kinesis.leases.impl.LeaseManager.createLeaseTableIfNotExists(LeaseManager.java:155)
	at com.amazonaws.services.kinesis.clientlibrary.lib.worker.KinesisClientLibLeaseCoordinator.initialize(KinesisClientLibLeaseCoordinator.java:329)
	at com.amazonaws.services.kinesis.clientlibrary.lib.worker.Worker.initialize(Worker.java:674)
	at com.amazonaws.services.kinesis.clientlibrary.lib.worker.Worker.run(Worker.java:614)
	at java.lang.Thread.run(Thread.java:750)
Caused by: com.amazonaws.services.dynamodbv2.model.AmazonDynamoDBException: Request is missing Authentication Token (Service: AmazonDynamoDBv2; Status Code: 400; Error Code: MissingAuthenticationTokenException; Request ID: 3ORPV0QOOEI2OCPJUCR8L6DEM7VV4KQNSO5AEMVJF66Q9ASUAAJG; Proxy: null)
	at com.amazonaws.http.AmazonHttpClient$RequestExecutor.handleErrorResponse(AmazonHttpClient.java:1819)
	at com.amazonaws.http.AmazonHttpClient$RequestExecutor.handleServiceErrorResponse(AmazonHttpClient.java:1403)
	at com.amazonaws.http.AmazonHttpClient$RequestExecutor.executeOneRequest(AmazonHttpClient.java:1372)
	at com.amazonaws.http.AmazonHttpClient$RequestExecutor.executeHelper(AmazonHttpClient.java:1145)
	at com.amazonaws.http.AmazonHttpClient$RequestExecutor.doExecute(AmazonHttpClient.java:802)
	at com.amazonaws.http.AmazonHttpClient$RequestExecutor.executeWithTimer(AmazonHttpClient.java:770)
	at com.amazonaws.http.AmazonHttpClient$RequestExecutor.execute(AmazonHttpClient.java:744)
	at com.amazonaws.http.AmazonHttpClient$RequestExecutor.access$500(AmazonHttpClient.java:704)
	at com.amazonaws.http.AmazonHttpClient$RequestExecutionBuilderImpl.execute(AmazonHttpClient.java:686)
	at com.amazonaws.http.AmazonHttpClient.execute(AmazonHttpClient.java:550)
	at com.amazonaws.http.AmazonHttpClient.execute(AmazonHttpClient.java:530)
	at com.amazonaws.services.dynamodbv2.AmazonDynamoDBClient.doInvoke(AmazonDynamoDBClient.java:6214)
	at com.amazonaws.services.dynamodbv2.AmazonDynamoDBClient.invoke(AmazonDynamoDBClient.java:6181)
	at com.amazonaws.services.dynamodbv2.AmazonDynamoDBClient.executeCreateTable(AmazonDynamoDBClient.java:1160)
	at com.amazonaws.services.dynamodbv2.AmazonDynamoDBClient.createTable(AmazonDynamoDBClient.java:1124)
	at com.amazonaws.services.kinesis.leases.impl.LeaseManager.createLeaseTableIfNotExists(LeaseManager.java:148)
	... 4 more

May 02, 2024 2:26:18 AM com.amazonaws.services.kinesis.clientlibrary.lib.worker.Worker initialize
INFO: Initialization attempt 5
May 02, 2024 2:26:18 AM com.amazonaws.services.kinesis.clientlibrary.lib.worker.Worker initialize
INFO: Initializing LeaseCoordinator
May 02, 2024 2:26:18 AM com.amazonaws.services.kinesis.clientlibrary.lib.worker.Worker initialize
SEVERE: Caught exception when initializing LeaseCoordinator
com.amazonaws.services.kinesis.leases.exceptions.DependencyException: com.amazonaws.services.dynamodbv2.model.AmazonDynamoDBException: The security token included in the request is invalid. (Service: AmazonDynamoDBv2; Status Code: 400; Error Code: UnrecognizedClientException; Request ID: 9CAV7G90RVESVBF6HJB7SPDCO7VV4KQNSO5AEMVJF66Q9ASUAAJG; Proxy: null)
	at com.amazonaws.services.kinesis.leases.impl.LeaseManager.createLeaseTableIfNotExists(LeaseManager.java:155)
	at com.amazonaws.services.kinesis.clientlibrary.lib.worker.KinesisClientLibLeaseCoordinator.initialize(KinesisClientLibLeaseCoordinator.java:329)
	at com.amazonaws.services.kinesis.clientlibrary.lib.worker.Worker.initialize(Worker.java:674)
	at com.amazonaws.services.kinesis.clientlibrary.lib.worker.Worker.run(Worker.java:614)
	at java.lang.Thread.run(Thread.java:750)
Caused by: com.amazonaws.services.dynamodbv2.model.AmazonDynamoDBException: The security token included in the request is invalid. (Service: AmazonDynamoDBv2; Status Code: 400; Error Code: UnrecognizedClientException; Request ID: 9CAV7G90RVESVBF6HJB7SPDCO7VV4KQNSO5AEMVJF66Q9ASUAAJG; Proxy: null)
	at com.amazonaws.http.AmazonHttpClient$RequestExecutor.handleErrorResponse(AmazonHttpClient.java:1819)
	at com.amazonaws.http.AmazonHttpClient$RequestExecutor.handleServiceErrorResponse(AmazonHttpClient.java:1403)
	at com.amazonaws.http.AmazonHttpClient$RequestExecutor.executeOneRequest(AmazonHttpClient.java:1372)
	at com.amazonaws.http.AmazonHttpClient$RequestExecutor.executeHelper(AmazonHttpClient.java:1145)
	at com.amazonaws.http.AmazonHttpClient$RequestExecutor.doExecute(AmazonHttpClient.java:802)
	at com.amazonaws.http.AmazonHttpClient$RequestExecutor.executeWithTimer(AmazonHttpClient.java:770)
	at com.amazonaws.http.AmazonHttpClient$RequestExecutor.execute(AmazonHttpClient.java:744)
	at com.amazonaws.http.AmazonHttpClient$RequestExecutor.access$500(AmazonHttpClient.java:704)
	at com.amazonaws.http.AmazonHttpClient$RequestExecutionBuilderImpl.execute(AmazonHttpClient.java:686)
	at com.amazonaws.http.AmazonHttpClient.execute(AmazonHttpClient.java:550)
	at com.amazonaws.http.AmazonHttpClient.execute(AmazonHttpClient.java:530)
	at com.amazonaws.services.dynamodbv2.AmazonDynamoDBClient.doInvoke(AmazonDynamoDBClient.java:6214)
	at com.amazonaws.services.dynamodbv2.AmazonDynamoDBClient.invoke(AmazonDynamoDBClient.java:6181)
	at com.amazonaws.services.dynamodbv2.AmazonDynamoDBClient.executeCreateTable(AmazonDynamoDBClient.java:1160)
	at com.amazonaws.services.dynamodbv2.AmazonDynamoDBClient.createTable(AmazonDynamoDBClient.java:1124)
	at com.amazonaws.services.kinesis.leases.impl.LeaseManager.createLeaseTableIfNotExists(LeaseManager.java:148)
	... 4 more

May 02, 2024 2:26:18 AM com.amazonaws.services.kinesis.clientlibrary.lib.worker.Worker initialize
INFO: Initialization attempt 5
May 02, 2024 2:26:18 AM com.amazonaws.services.kinesis.clientlibrary.lib.worker.Worker initialize
INFO: Initializing LeaseCoordinator
May 02, 2024 2:26:18 AM com.amazonaws.services.kinesis.leases.impl.LeaseManager createLeaseTableIfNotExists
SEVERE: Failed to get table status for test-application
com.amazonaws.services.kinesis.leases.exceptions.DependencyException: com.amazonaws.services.dynamodbv2.model.AmazonDynamoDBException: Request is missing Authentication Token (Service: AmazonDynamoDBv2; Status Code: 400; Error Code: MissingAuthenticationTokenException; Request ID: HSA1128HB0KHUE30C3EO8G170RVV4KQNSO5AEMVJF66Q9ASUAAJG; Proxy: null)
	at com.amazonaws.services.kinesis.leases.impl.LeaseManager.tableStatus(LeaseManager.java:183)
	at com.amazonaws.services.kinesis.leases.impl.LeaseManager.createLeaseTableIfNotExists(LeaseManager.java:126)
	at com.amazonaws.services.kinesis.clientlibrary.lib.worker.KinesisClientLibLeaseCoordinator.initialize(KinesisClientLibLeaseCoordinator.java:329)
	at com.amazonaws.services.kinesis.clientlibrary.lib.worker.Worker.initialize(Worker.java:674)
	at com.amazonaws.services.kinesis.clientlibrary.lib.worker.Worker.run(Worker.java:614)
	at java.lang.Thread.run(Thread.java:750)
Caused by: com.amazonaws.services.dynamodbv2.model.AmazonDynamoDBException: Request is missing Authentication Token (Service: AmazonDynamoDBv2; Status Code: 400; Error Code: MissingAuthenticationTokenException; Request ID: HSA1128HB0KHUE30C3EO8G170RVV4KQNSO5AEMVJF66Q9ASUAAJG; Proxy: null)
	at com.amazonaws.http.AmazonHttpClient$RequestExecutor.handleErrorResponse(AmazonHttpClient.java:1819)
	at com.amazonaws.http.AmazonHttpClient$RequestExecutor.handleServiceErrorResponse(AmazonHttpClient.java:1403)
	at com.amazonaws.http.AmazonHttpClient$RequestExecutor.executeOneRequest(AmazonHttpClient.java:1372)
	at com.amazonaws.http.AmazonHttpClient$RequestExecutor.executeHelper(AmazonHttpClient.java:1145)
	at com.amazonaws.http.AmazonHttpClient$RequestExecutor.doExecute(AmazonHttpClient.java:802)
	at com.amazonaws.http.AmazonHttpClient$RequestExecutor.executeWithTimer(AmazonHttpClient.java:770)
	at com.amazonaws.http.AmazonHttpClient$RequestExecutor.execute(AmazonHttpClient.java:744)
	at com.amazonaws.http.AmazonHttpClient$RequestExecutor.access$500(AmazonHttpClient.java:704)
	at com.amazonaws.http.AmazonHttpClient$RequestExecutionBuilderImpl.execute(AmazonHttpClient.java:686)
	at com.amazonaws.http.AmazonHttpClient.execute(AmazonHttpClient.java:550)
	at com.amazonaws.http.AmazonHttpClient.execute(AmazonHttpClient.java:530)
	at com.amazonaws.services.dynamodbv2.AmazonDynamoDBClient.doInvoke(AmazonDynamoDBClient.java:6214)
	at com.amazonaws.services.dynamodbv2.AmazonDynamoDBClient.invoke(AmazonDynamoDBClient.java:6181)
	at com.amazonaws.services.dynamodbv2.AmazonDynamoDBClient.executeDescribeTable(AmazonDynamoDBClient.java:2247)
	at com.amazonaws.services.dynamodbv2.AmazonDynamoDBClient.describeTable(AmazonDynamoDBClient.java:2211)
	at com.amazonaws.services.kinesis.leases.impl.LeaseManager.tableStatus(LeaseManager.java:175)
	... 5 more

May 02, 2024 2:26:18 AM com.amazonaws.services.kinesis.leases.impl.LeaseManager createLeaseTableIfNotExists
SEVERE: Failed to get table status for test-application
com.amazonaws.services.kinesis.leases.exceptions.DependencyException: com.amazonaws.services.dynamodbv2.model.AmazonDynamoDBException: The security token included in the request is invalid. (Service: AmazonDynamoDBv2; Status Code: 400; Error Code: UnrecognizedClientException; Request ID: PDNLMH3NDG4BGTF34NB8H1I667VV4KQNSO5AEMVJF66Q9ASUAAJG; Proxy: null)
	at com.amazonaws.services.kinesis.leases.impl.LeaseManager.tableStatus(LeaseManager.java:183)
	at com.amazonaws.services.kinesis.leases.impl.LeaseManager.createLeaseTableIfNotExists(LeaseManager.java:126)
	at com.amazonaws.services.kinesis.clientlibrary.lib.worker.KinesisClientLibLeaseCoordinator.initialize(KinesisClientLibLeaseCoordinator.java:329)
	at com.amazonaws.services.kinesis.clientlibrary.lib.worker.Worker.initialize(Worker.java:674)
	at com.amazonaws.services.kinesis.clientlibrary.lib.worker.Worker.run(Worker.java:614)
	at java.lang.Thread.run(Thread.java:750)
Caused by: com.amazonaws.services.dynamodbv2.model.AmazonDynamoDBException: The security token included in the request is invalid. (Service: AmazonDynamoDBv2; Status Code: 400; Error Code: UnrecognizedClientException; Request ID: PDNLMH3NDG4BGTF34NB8H1I667VV4KQNSO5AEMVJF66Q9ASUAAJG; Proxy: null)
	at com.amazonaws.http.AmazonHttpClient$RequestExecutor.handleErrorResponse(AmazonHttpClient.java:1819)
	at com.amazonaws.http.AmazonHttpClient$RequestExecutor.handleServiceErrorResponse(AmazonHttpClient.java:1403)
	at com.amazonaws.http.AmazonHttpClient$RequestExecutor.executeOneRequest(AmazonHttpClient.java:1372)
	at com.amazonaws.http.AmazonHttpClient$RequestExecutor.executeHelper(AmazonHttpClient.java:1145)
	at com.amazonaws.http.AmazonHttpClient$RequestExecutor.doExecute(AmazonHttpClient.java:802)
	at com.amazonaws.http.AmazonHttpClient$RequestExecutor.executeWithTimer(AmazonHttpClient.java:770)
	at com.amazonaws.http.AmazonHttpClient$RequestExecutor.execute(AmazonHttpClient.java:744)
	at com.amazonaws.http.AmazonHttpClient$RequestExecutor.access$500(AmazonHttpClient.java:704)
	at com.amazonaws.http.AmazonHttpClient$RequestExecutionBuilderImpl.execute(AmazonHttpClient.java:686)
	at com.amazonaws.http.AmazonHttpClient.execute(AmazonHttpClient.java:550)
	at com.amazonaws.http.AmazonHttpClient.execute(AmazonHttpClient.java:530)
	at com.amazonaws.services.dynamodbv2.AmazonDynamoDBClient.doInvoke(AmazonDynamoDBClient.java:6214)
	at com.amazonaws.services.dynamodbv2.AmazonDynamoDBClient.invoke(AmazonDynamoDBClient.java:6181)
	at com.amazonaws.services.dynamodbv2.AmazonDynamoDBClient.executeDescribeTable(AmazonDynamoDBClient.java:2247)
	at com.amazonaws.services.dynamodbv2.AmazonDynamoDBClient.describeTable(AmazonDynamoDBClient.java:2211)
	at com.amazonaws.services.kinesis.leases.impl.LeaseManager.tableStatus(LeaseManager.java:175)
	... 5 more

May 02, 2024 2:26:18 AM com.amazonaws.services.kinesis.clientlibrary.lib.worker.Worker initialize
SEVERE: Caught exception when initializing LeaseCoordinator
com.amazonaws.services.kinesis.leases.exceptions.DependencyException: com.amazonaws.services.dynamodbv2.model.AmazonDynamoDBException: Request is missing Authentication Token (Service: AmazonDynamoDBv2; Status Code: 400; Error Code: MissingAuthenticationTokenException; Request ID: CU332UI3CJOUQBA1EL6PK5CS9VVV4KQNSO5AEMVJF66Q9ASUAAJG; Proxy: null)
	at com.amazonaws.services.kinesis.leases.impl.LeaseManager.createLeaseTableIfNotExists(LeaseManager.java:155)
	at com.amazonaws.services.kinesis.clientlibrary.lib.worker.KinesisClientLibLeaseCoordinator.initialize(KinesisClientLibLeaseCoordinator.java:329)
	at com.amazonaws.services.kinesis.clientlibrary.lib.worker.Worker.initialize(Worker.java:674)
	at com.amazonaws.services.kinesis.clientlibrary.lib.worker.Worker.run(Worker.java:614)
	at java.lang.Thread.run(Thread.java:750)
Caused by: com.amazonaws.services.dynamodbv2.model.AmazonDynamoDBException: Request is missing Authentication Token (Service: AmazonDynamoDBv2; Status Code: 400; Error Code: MissingAuthenticationTokenException; Request ID: CU332UI3CJOUQBA1EL6PK5CS9VVV4KQNSO5AEMVJF66Q9ASUAAJG; Proxy: null)
	at com.amazonaws.http.AmazonHttpClient$RequestExecutor.handleErrorResponse(AmazonHttpClient.java:1819)
	at com.amazonaws.http.AmazonHttpClient$RequestExecutor.handleServiceErrorResponse(AmazonHttpClient.java:1403)
	at com.amazonaws.http.AmazonHttpClient$RequestExecutor.executeOneRequest(AmazonHttpClient.java:1372)
	at com.amazonaws.http.AmazonHttpClient$RequestExecutor.executeHelper(AmazonHttpClient.java:1145)
	at com.amazonaws.http.AmazonHttpClient$RequestExecutor.doExecute(AmazonHttpClient.java:802)
	at com.amazonaws.http.AmazonHttpClient$RequestExecutor.executeWithTimer(AmazonHttpClient.java:770)
	at com.amazonaws.http.AmazonHttpClient$RequestExecutor.execute(AmazonHttpClient.java:744)
	at com.amazonaws.http.AmazonHttpClient$RequestExecutor.access$500(AmazonHttpClient.java:704)
	at com.amazonaws.http.AmazonHttpClient$RequestExecutionBuilderImpl.execute(AmazonHttpClient.java:686)
	at com.amazonaws.http.AmazonHttpClient.execute(AmazonHttpClient.java:550)
	at com.amazonaws.http.AmazonHttpClient.execute(AmazonHttpClient.java:530)
	at com.amazonaws.services.dynamodbv2.AmazonDynamoDBClient.doInvoke(AmazonDynamoDBClient.java:6214)
	at com.amazonaws.services.dynamodbv2.AmazonDynamoDBClient.invoke(AmazonDynamoDBClient.java:6181)
	at com.amazonaws.services.dynamodbv2.AmazonDynamoDBClient.executeCreateTable(AmazonDynamoDBClient.java:1160)
	at com.amazonaws.services.dynamodbv2.AmazonDynamoDBClient.createTable(AmazonDynamoDBClient.java:1124)
	at com.amazonaws.services.kinesis.leases.impl.LeaseManager.createLeaseTableIfNotExists(LeaseManager.java:148)
	... 4 more

May 02, 2024 2:26:18 AM com.amazonaws.services.kinesis.clientlibrary.lib.worker.Worker initialize
INFO: Initialization attempt 6
May 02, 2024 2:26:18 AM com.amazonaws.services.kinesis.clientlibrary.lib.worker.Worker initialize
INFO: Initializing LeaseCoordinator
May 02, 2024 2:26:18 AM com.amazonaws.services.kinesis.leases.impl.LeaseManager createLeaseTableIfNotExists
SEVERE: Failed to get table status for test-application
com.amazonaws.services.kinesis.leases.exceptions.DependencyException: com.amazonaws.services.dynamodbv2.model.AmazonDynamoDBException: Request is missing Authentication Token (Service: AmazonDynamoDBv2; Status Code: 400; Error Code: MissingAuthenticationTokenException; Request ID: 2K6K5OEB21SPCML8K0RVK6QP43VV4KQNSO5AEMVJF66Q9ASUAAJG; Proxy: null)
	at com.amazonaws.services.kinesis.leases.impl.LeaseManager.tableStatus(LeaseManager.java:183)
	at com.amazonaws.services.kinesis.leases.impl.LeaseManager.createLeaseTableIfNotExists(LeaseManager.java:126)
	at com.amazonaws.services.kinesis.clientlibrary.lib.worker.KinesisClientLibLeaseCoordinator.initialize(KinesisClientLibLeaseCoordinator.java:329)
	at com.amazonaws.services.kinesis.clientlibrary.lib.worker.Worker.initialize(Worker.java:674)
	at com.amazonaws.services.kinesis.clientlibrary.lib.worker.Worker.run(Worker.java:614)
	at java.lang.Thread.run(Thread.java:750)
Caused by: com.amazonaws.services.dynamodbv2.model.AmazonDynamoDBException: Request is missing Authentication Token (Service: AmazonDynamoDBv2; Status Code: 400; Error Code: MissingAuthenticationTokenException; Request ID: 2K6K5OEB21SPCML8K0RVK6QP43VV4KQNSO5AEMVJF66Q9ASUAAJG; Proxy: null)
	at com.amazonaws.http.AmazonHttpClient$RequestExecutor.handleErrorResponse(AmazonHttpClient.java:1819)
	at com.amazonaws.http.AmazonHttpClient$RequestExecutor.handleServiceErrorResponse(AmazonHttpClient.java:1403)
	at com.amazonaws.http.AmazonHttpClient$RequestExecutor.executeOneRequest(AmazonHttpClient.java:1372)
	at com.amazonaws.http.AmazonHttpClient$RequestExecutor.executeHelper(AmazonHttpClient.java:1145)
	at com.amazonaws.http.AmazonHttpClient$RequestExecutor.doExecute(AmazonHttpClient.java:802)
	at com.amazonaws.http.AmazonHttpClient$RequestExecutor.executeWithTimer(AmazonHttpClient.java:770)
	at com.amazonaws.http.AmazonHttpClient$RequestExecutor.execute(AmazonHttpClient.java:744)
	at com.amazonaws.http.AmazonHttpClient$RequestExecutor.access$500(AmazonHttpClient.java:704)
	at com.amazonaws.http.AmazonHttpClient$RequestExecutionBuilderImpl.execute(AmazonHttpClient.java:686)
	at com.amazonaws.http.AmazonHttpClient.execute(AmazonHttpClient.java:550)
	at com.amazonaws.http.AmazonHttpClient.execute(AmazonHttpClient.java:530)
	at com.amazonaws.services.dynamodbv2.AmazonDynamoDBClient.doInvoke(AmazonDynamoDBClient.java:6214)
	at com.amazonaws.services.dynamodbv2.AmazonDynamoDBClient.invoke(AmazonDynamoDBClient.java:6181)
	at com.amazonaws.services.dynamodbv2.AmazonDynamoDBClient.executeDescribeTable(AmazonDynamoDBClient.java:2247)
	at com.amazonaws.services.dynamodbv2.AmazonDynamoDBClient.describeTable(AmazonDynamoDBClient.java:2211)
	at com.amazonaws.services.kinesis.leases.impl.LeaseManager.tableStatus(LeaseManager.java:175)
	... 5 more

May 02, 2024 2:26:18 AM com.amazonaws.services.kinesis.clientlibrary.lib.worker.Worker initialize
SEVERE: Caught exception when initializing LeaseCoordinator
com.amazonaws.services.kinesis.leases.exceptions.DependencyException: com.amazonaws.services.dynamodbv2.model.AmazonDynamoDBException: The security token included in the request is invalid. (Service: AmazonDynamoDBv2; Status Code: 400; Error Code: UnrecognizedClientException; Request ID: P65B81IFGFA15O1UF4M7IM495NVV4KQNSO5AEMVJF66Q9ASUAAJG; Proxy: null)
	at com.amazonaws.services.kinesis.leases.impl.LeaseManager.createLeaseTableIfNotExists(LeaseManager.java:155)
	at com.amazonaws.services.kinesis.clientlibrary.lib.worker.KinesisClientLibLeaseCoordinator.initialize(KinesisClientLibLeaseCoordinator.java:329)
	at com.amazonaws.services.kinesis.clientlibrary.lib.worker.Worker.initialize(Worker.java:674)
	at com.amazonaws.services.kinesis.clientlibrary.lib.worker.Worker.run(Worker.java:614)
	at java.lang.Thread.run(Thread.java:750)
Caused by: com.amazonaws.services.dynamodbv2.model.AmazonDynamoDBException: The security token included in the request is invalid. (Service: AmazonDynamoDBv2; Status Code: 400; Error Code: UnrecognizedClientException; Request ID: P65B81IFGFA15O1UF4M7IM495NVV4KQNSO5AEMVJF66Q9ASUAAJG; Proxy: null)
	at com.amazonaws.http.AmazonHttpClient$RequestExecutor.handleErrorResponse(AmazonHttpClient.java:1819)
	at com.amazonaws.http.AmazonHttpClient$RequestExecutor.handleServiceErrorResponse(AmazonHttpClient.java:1403)
	at com.amazonaws.http.AmazonHttpClient$RequestExecutor.executeOneRequest(AmazonHttpClient.java:1372)
	at com.amazonaws.http.AmazonHttpClient$RequestExecutor.executeHelper(AmazonHttpClient.java:1145)
	at com.amazonaws.http.AmazonHttpClient$RequestExecutor.doExecute(AmazonHttpClient.java:802)
	at com.amazonaws.http.AmazonHttpClient$RequestExecutor.executeWithTimer(AmazonHttpClient.java:770)
	at com.amazonaws.http.AmazonHttpClient$RequestExecutor.execute(AmazonHttpClient.java:744)
	at com.amazonaws.http.AmazonHttpClient$RequestExecutor.access$500(AmazonHttpClient.java:704)
	at com.amazonaws.http.AmazonHttpClient$RequestExecutionBuilderImpl.execute(AmazonHttpClient.java:686)
	at com.amazonaws.http.AmazonHttpClient.execute(AmazonHttpClient.java:550)
	at com.amazonaws.http.AmazonHttpClient.execute(AmazonHttpClient.java:530)
	at com.amazonaws.services.dynamodbv2.AmazonDynamoDBClient.doInvoke(AmazonDynamoDBClient.java:6214)
	at com.amazonaws.services.dynamodbv2.AmazonDynamoDBClient.invoke(AmazonDynamoDBClient.java:6181)
	at com.amazonaws.services.dynamodbv2.AmazonDynamoDBClient.executeCreateTable(AmazonDynamoDBClient.java:1160)
	at com.amazonaws.services.dynamodbv2.AmazonDynamoDBClient.createTable(AmazonDynamoDBClient.java:1124)
	at com.amazonaws.services.kinesis.leases.impl.LeaseManager.createLeaseTableIfNotExists(LeaseManager.java:148)
	... 4 more

May 02, 2024 2:26:18 AM com.amazonaws.services.kinesis.clientlibrary.lib.worker.Worker initialize
INFO: Initialization attempt 6
May 02, 2024 2:26:18 AM com.amazonaws.services.kinesis.clientlibrary.lib.worker.Worker initialize
INFO: Initializing LeaseCoordinator
May 02, 2024 2:26:18 AM com.amazonaws.services.kinesis.clientlibrary.lib.worker.Worker initialize
SEVERE: Caught exception when initializing LeaseCoordinator
com.amazonaws.services.kinesis.leases.exceptions.DependencyException: com.amazonaws.services.dynamodbv2.model.AmazonDynamoDBException: Request is missing Authentication Token (Service: AmazonDynamoDBv2; Status Code: 400; Error Code: MissingAuthenticationTokenException; Request ID: 40H1KQ9REMEJOCPNJUDNGSIS1NVV4KQNSO5AEMVJF66Q9ASUAAJG; Proxy: null)
	at com.amazonaws.services.kinesis.leases.impl.LeaseManager.createLeaseTableIfNotExists(LeaseManager.java:155)
	at com.amazonaws.services.kinesis.clientlibrary.lib.worker.KinesisClientLibLeaseCoordinator.initialize(KinesisClientLibLeaseCoordinator.java:329)
	at com.amazonaws.services.kinesis.clientlibrary.lib.worker.Worker.initialize(Worker.java:674)
	at com.amazonaws.services.kinesis.clientlibrary.lib.worker.Worker.run(Worker.java:614)
	at java.lang.Thread.run(Thread.java:750)
Caused by: com.amazonaws.services.dynamodbv2.model.AmazonDynamoDBException: Request is missing Authentication Token (Service: AmazonDynamoDBv2; Status Code: 400; Error Code: MissingAuthenticationTokenException; Request ID: 40H1KQ9REMEJOCPNJUDNGSIS1NVV4KQNSO5AEMVJF66Q9ASUAAJG; Proxy: null)
	at com.amazonaws.http.AmazonHttpClient$RequestExecutor.handleErrorResponse(AmazonHttpClient.java:1819)
	at com.amazonaws.http.AmazonHttpClient$RequestExecutor.handleServiceErrorResponse(AmazonHttpClient.java:1403)
	at com.amazonaws.http.AmazonHttpClient$RequestExecutor.executeOneRequest(AmazonHttpClient.java:1372)
	at com.amazonaws.http.AmazonHttpClient$RequestExecutor.executeHelper(AmazonHttpClient.java:1145)
	at com.amazonaws.http.AmazonHttpClient$RequestExecutor.doExecute(AmazonHttpClient.java:802)
	at com.amazonaws.http.AmazonHttpClient$RequestExecutor.executeWithTimer(AmazonHttpClient.java:770)
	at com.amazonaws.http.AmazonHttpClient$RequestExecutor.execute(AmazonHttpClient.java:744)
	at com.amazonaws.http.AmazonHttpClient$RequestExecutor.access$500(AmazonHttpClient.java:704)
	at com.amazonaws.http.AmazonHttpClient$RequestExecutionBuilderImpl.execute(AmazonHttpClient.java:686)
	at com.amazonaws.http.AmazonHttpClient.execute(AmazonHttpClient.java:550)
	at com.amazonaws.http.AmazonHttpClient.execute(AmazonHttpClient.java:530)
	at com.amazonaws.services.dynamodbv2.AmazonDynamoDBClient.doInvoke(AmazonDynamoDBClient.java:6214)
	at com.amazonaws.services.dynamodbv2.AmazonDynamoDBClient.invoke(AmazonDynamoDBClient.java:6181)
	at com.amazonaws.services.dynamodbv2.AmazonDynamoDBClient.executeCreateTable(AmazonDynamoDBClient.java:1160)
	at com.amazonaws.services.dynamodbv2.AmazonDynamoDBClient.createTable(AmazonDynamoDBClient.java:1124)
	at com.amazonaws.services.kinesis.leases.impl.LeaseManager.createLeaseTableIfNotExists(LeaseManager.java:148)
	... 4 more

May 02, 2024 2:26:18 AM com.amazonaws.services.kinesis.clientlibrary.lib.worker.Worker initialize
INFO: Initialization attempt 7
May 02, 2024 2:26:18 AM com.amazonaws.services.kinesis.clientlibrary.lib.worker.Worker initialize
INFO: Initializing LeaseCoordinator
May 02, 2024 2:26:18 AM com.amazonaws.services.kinesis.leases.impl.LeaseManager createLeaseTableIfNotExists
SEVERE: Failed to get table status for test-application
com.amazonaws.services.kinesis.leases.exceptions.DependencyException: com.amazonaws.services.dynamodbv2.model.AmazonDynamoDBException: The security token included in the request is invalid. (Service: AmazonDynamoDBv2; Status Code: 400; Error Code: UnrecognizedClientException; Request ID: Q5CENECLVCS7KH7GETM253D62BVV4KQNSO5AEMVJF66Q9ASUAAJG; Proxy: null)
	at com.amazonaws.services.kinesis.leases.impl.LeaseManager.tableStatus(LeaseManager.java:183)
	at com.amazonaws.services.kinesis.leases.impl.LeaseManager.createLeaseTableIfNotExists(LeaseManager.java:126)
	at com.amazonaws.services.kinesis.clientlibrary.lib.worker.KinesisClientLibLeaseCoordinator.initialize(KinesisClientLibLeaseCoordinator.java:329)
	at com.amazonaws.services.kinesis.clientlibrary.lib.worker.Worker.initialize(Worker.java:674)
	at com.amazonaws.services.kinesis.clientlibrary.lib.worker.Worker.run(Worker.java:614)
	at java.lang.Thread.run(Thread.java:750)
Caused by: com.amazonaws.services.dynamodbv2.model.AmazonDynamoDBException: The security token included in the request is invalid. (Service: AmazonDynamoDBv2; Status Code: 400; Error Code: UnrecognizedClientException; Request ID: Q5CENECLVCS7KH7GETM253D62BVV4KQNSO5AEMVJF66Q9ASUAAJG; Proxy: null)
	at com.amazonaws.http.AmazonHttpClient$RequestExecutor.handleErrorResponse(AmazonHttpClient.java:1819)
	at com.amazonaws.http.AmazonHttpClient$RequestExecutor.handleServiceErrorResponse(AmazonHttpClient.java:1403)
	at com.amazonaws.http.AmazonHttpClient$RequestExecutor.executeOneRequest(AmazonHttpClient.java:1372)
	at com.amazonaws.http.AmazonHttpClient$RequestExecutor.executeHelper(AmazonHttpClient.java:1145)
	at com.amazonaws.http.AmazonHttpClient$RequestExecutor.doExecute(AmazonHttpClient.java:802)
	at com.amazonaws.http.AmazonHttpClient$RequestExecutor.executeWithTimer(AmazonHttpClient.java:770)
	at com.amazonaws.http.AmazonHttpClient$RequestExecutor.execute(AmazonHttpClient.java:744)
	at com.amazonaws.http.AmazonHttpClient$RequestExecutor.access$500(AmazonHttpClient.java:704)
	at com.amazonaws.http.AmazonHttpClient$RequestExecutionBuilderImpl.execute(AmazonHttpClient.java:686)
	at com.amazonaws.http.AmazonHttpClient.execute(AmazonHttpClient.java:550)
	at com.amazonaws.http.AmazonHttpClient.execute(AmazonHttpClient.java:530)
	at com.amazonaws.services.dynamodbv2.AmazonDynamoDBClient.doInvoke(AmazonDynamoDBClient.java:6214)
	at com.amazonaws.services.dynamodbv2.AmazonDynamoDBClient.invoke(AmazonDynamoDBClient.java:6181)
	at com.amazonaws.services.dynamodbv2.AmazonDynamoDBClient.executeDescribeTable(AmazonDynamoDBClient.java:2247)
	at com.amazonaws.services.dynamodbv2.AmazonDynamoDBClient.describeTable(AmazonDynamoDBClient.java:2211)
	at com.amazonaws.services.kinesis.leases.impl.LeaseManager.tableStatus(LeaseManager.java:175)
	... 5 more

May 02, 2024 2:26:18 AM com.amazonaws.services.kinesis.leases.impl.LeaseManager createLeaseTableIfNotExists
SEVERE: Failed to get table status for test-application
com.amazonaws.services.kinesis.leases.exceptions.DependencyException: com.amazonaws.services.dynamodbv2.model.AmazonDynamoDBException: Request is missing Authentication Token (Service: AmazonDynamoDBv2; Status Code: 400; Error Code: MissingAuthenticationTokenException; Request ID: 5AS0MQ931TNQ30TVC9Q87QLDDFVV4KQNSO5AEMVJF66Q9ASUAAJG; Proxy: null)
	at com.amazonaws.services.kinesis.leases.impl.LeaseManager.tableStatus(LeaseManager.java:183)
	at com.amazonaws.services.kinesis.leases.impl.LeaseManager.createLeaseTableIfNotExists(LeaseManager.java:126)
	at com.amazonaws.services.kinesis.clientlibrary.lib.worker.KinesisClientLibLeaseCoordinator.initialize(KinesisClientLibLeaseCoordinator.java:329)
	at com.amazonaws.services.kinesis.clientlibrary.lib.worker.Worker.initialize(Worker.java:674)
	at com.amazonaws.services.kinesis.clientlibrary.lib.worker.Worker.run(Worker.java:614)
	at java.lang.Thread.run(Thread.java:750)
Caused by: com.amazonaws.services.dynamodbv2.model.AmazonDynamoDBException: Request is missing Authentication Token (Service: AmazonDynamoDBv2; Status Code: 400; Error Code: MissingAuthenticationTokenException; Request ID: 5AS0MQ931TNQ30TVC9Q87QLDDFVV4KQNSO5AEMVJF66Q9ASUAAJG; Proxy: null)
	at com.amazonaws.http.AmazonHttpClient$RequestExecutor.handleErrorResponse(AmazonHttpClient.java:1819)
	at com.amazonaws.http.AmazonHttpClient$RequestExecutor.handleServiceErrorResponse(AmazonHttpClient.java:1403)
	at com.amazonaws.http.AmazonHttpClient$RequestExecutor.executeOneRequest(AmazonHttpClient.java:1372)
	at com.amazonaws.http.AmazonHttpClient$RequestExecutor.executeHelper(AmazonHttpClient.java:1145)
	at com.amazonaws.http.AmazonHttpClient$RequestExecutor.doExecute(AmazonHttpClient.java:802)
	at com.amazonaws.http.AmazonHttpClient$RequestExecutor.executeWithTimer(AmazonHttpClient.java:770)
	at com.amazonaws.http.AmazonHttpClient$RequestExecutor.execute(AmazonHttpClient.java:744)
	at com.amazonaws.http.AmazonHttpClient$RequestExecutor.access$500(AmazonHttpClient.java:704)
	at com.amazonaws.http.AmazonHttpClient$RequestExecutionBuilderImpl.execute(AmazonHttpClient.java:686)
	at com.amazonaws.http.AmazonHttpClient.execute(AmazonHttpClient.java:550)
	at com.amazonaws.http.AmazonHttpClient.execute(AmazonHttpClient.java:530)
	at com.amazonaws.services.dynamodbv2.AmazonDynamoDBClient.doInvoke(AmazonDynamoDBClient.java:6214)
	at com.amazonaws.services.dynamodbv2.AmazonDynamoDBClient.invoke(AmazonDynamoDBClient.java:6181)
	at com.amazonaws.services.dynamodbv2.AmazonDynamoDBClient.executeDescribeTable(AmazonDynamoDBClient.java:2247)
	at com.amazonaws.services.dynamodbv2.AmazonDynamoDBClient.describeTable(AmazonDynamoDBClient.java:2211)
	at com.amazonaws.services.kinesis.leases.impl.LeaseManager.tableStatus(LeaseManager.java:175)
	... 5 more

May 02, 2024 2:26:18 AM com.amazonaws.services.kinesis.clientlibrary.lib.worker.Worker initialize
SEVERE: Caught exception when initializing LeaseCoordinator
com.amazonaws.services.kinesis.leases.exceptions.DependencyException: com.amazonaws.services.dynamodbv2.model.AmazonDynamoDBException: The security token included in the request is invalid. (Service: AmazonDynamoDBv2; Status Code: 400; Error Code: UnrecognizedClientException; Request ID: BRH151HM3HTB7C29DDRH6JQNCBVV4KQNSO5AEMVJF66Q9ASUAAJG; Proxy: null)
	at com.amazonaws.services.kinesis.leases.impl.LeaseManager.createLeaseTableIfNotExists(LeaseManager.java:155)
	at com.amazonaws.services.kinesis.clientlibrary.lib.worker.KinesisClientLibLeaseCoordinator.initialize(KinesisClientLibLeaseCoordinator.java:329)
	at com.amazonaws.services.kinesis.clientlibrary.lib.worker.Worker.initialize(Worker.java:674)
	at com.amazonaws.services.kinesis.clientlibrary.lib.worker.Worker.run(Worker.java:614)
	at java.lang.Thread.run(Thread.java:750)
Caused by: com.amazonaws.services.dynamodbv2.model.AmazonDynamoDBException: The security token included in the request is invalid. (Service: AmazonDynamoDBv2; Status Code: 400; Error Code: UnrecognizedClientException; Request ID: BRH151HM3HTB7C29DDRH6JQNCBVV4KQNSO5AEMVJF66Q9ASUAAJG; Proxy: null)
	at com.amazonaws.http.AmazonHttpClient$RequestExecutor.handleErrorResponse(AmazonHttpClient.java:1819)
	at com.amazonaws.http.AmazonHttpClient$RequestExecutor.handleServiceErrorResponse(AmazonHttpClient.java:1403)
	at com.amazonaws.http.AmazonHttpClient$RequestExecutor.executeOneRequest(AmazonHttpClient.java:1372)
	at com.amazonaws.http.AmazonHttpClient$RequestExecutor.executeHelper(AmazonHttpClient.java:1145)
	at com.amazonaws.http.AmazonHttpClient$RequestExecutor.doExecute(AmazonHttpClient.java:802)
	at com.amazonaws.http.AmazonHttpClient$RequestExecutor.executeWithTimer(AmazonHttpClient.java:770)
	at com.amazonaws.http.AmazonHttpClient$RequestExecutor.execute(AmazonHttpClient.java:744)
	at com.amazonaws.http.AmazonHttpClient$RequestExecutor.access$500(AmazonHttpClient.java:704)
	at com.amazonaws.http.AmazonHttpClient$RequestExecutionBuilderImpl.execute(AmazonHttpClient.java:686)
	at com.amazonaws.http.AmazonHttpClient.execute(AmazonHttpClient.java:550)
	at com.amazonaws.http.AmazonHttpClient.execute(AmazonHttpClient.java:530)
	at com.amazonaws.services.dynamodbv2.AmazonDynamoDBClient.doInvoke(AmazonDynamoDBClient.java:6214)
	at com.amazonaws.services.dynamodbv2.AmazonDynamoDBClient.invoke(AmazonDynamoDBClient.java:6181)
	at com.amazonaws.services.dynamodbv2.AmazonDynamoDBClient.executeCreateTable(AmazonDynamoDBClient.java:1160)
	at com.amazonaws.services.dynamodbv2.AmazonDynamoDBClient.createTable(AmazonDynamoDBClient.java:1124)
	at com.amazonaws.services.kinesis.leases.impl.LeaseManager.createLeaseTableIfNotExists(LeaseManager.java:148)
	... 4 more

May 02, 2024 2:26:18 AM com.amazonaws.services.kinesis.clientlibrary.lib.worker.Worker initialize
INFO: Initialization attempt 7
May 02, 2024 2:26:18 AM com.amazonaws.services.kinesis.clientlibrary.lib.worker.Worker initialize
INFO: Initializing LeaseCoordinator
May 02, 2024 2:26:18 AM com.amazonaws.services.kinesis.clientlibrary.lib.worker.Worker initialize
SEVERE: Caught exception when initializing LeaseCoordinator
com.amazonaws.services.kinesis.leases.exceptions.DependencyException: com.amazonaws.services.dynamodbv2.model.AmazonDynamoDBException: Request is missing Authentication Token (Service: AmazonDynamoDBv2; Status Code: 400; Error Code: MissingAuthenticationTokenException; Request ID: B1LO1KMRHBCEF13J80ERRQT4HFVV4KQNSO5AEMVJF66Q9ASUAAJG; Proxy: null)
	at com.amazonaws.services.kinesis.leases.impl.LeaseManager.createLeaseTableIfNotExists(LeaseManager.java:155)
	at com.amazonaws.services.kinesis.clientlibrary.lib.worker.KinesisClientLibLeaseCoordinator.initialize(KinesisClientLibLeaseCoordinator.java:329)
	at com.amazonaws.services.kinesis.clientlibrary.lib.worker.Worker.initialize(Worker.java:674)
	at com.amazonaws.services.kinesis.clientlibrary.lib.worker.Worker.run(Worker.java:614)
	at java.lang.Thread.run(Thread.java:750)
Caused by: com.amazonaws.services.dynamodbv2.model.AmazonDynamoDBException: Request is missing Authentication Token (Service: AmazonDynamoDBv2; Status Code: 400; Error Code: MissingAuthenticationTokenException; Request ID: B1LO1KMRHBCEF13J80ERRQT4HFVV4KQNSO5AEMVJF66Q9ASUAAJG; Proxy: null)
	at com.amazonaws.http.AmazonHttpClient$RequestExecutor.handleErrorResponse(AmazonHttpClient.java:1819)
	at com.amazonaws.http.AmazonHttpClient$RequestExecutor.handleServiceErrorResponse(AmazonHttpClient.java:1403)
	at com.amazonaws.http.AmazonHttpClient$RequestExecutor.executeOneRequest(AmazonHttpClient.java:1372)
	at com.amazonaws.http.AmazonHttpClient$RequestExecutor.executeHelper(AmazonHttpClient.java:1145)
	at com.amazonaws.http.AmazonHttpClient$RequestExecutor.doExecute(AmazonHttpClient.java:802)
	at com.amazonaws.http.AmazonHttpClient$RequestExecutor.executeWithTimer(AmazonHttpClient.java:770)
	at com.amazonaws.http.AmazonHttpClient$RequestExecutor.execute(AmazonHttpClient.java:744)
	at com.amazonaws.http.AmazonHttpClient$RequestExecutor.access$500(AmazonHttpClient.java:704)
	at com.amazonaws.http.AmazonHttpClient$RequestExecutionBuilderImpl.execute(AmazonHttpClient.java:686)
	at com.amazonaws.http.AmazonHttpClient.execute(AmazonHttpClient.java:550)
	at com.amazonaws.http.AmazonHttpClient.execute(AmazonHttpClient.java:530)
	at com.amazonaws.services.dynamodbv2.AmazonDynamoDBClient.doInvoke(AmazonDynamoDBClient.java:6214)
	at com.amazonaws.services.dynamodbv2.AmazonDynamoDBClient.invoke(AmazonDynamoDBClient.java:6181)
	at com.amazonaws.services.dynamodbv2.AmazonDynamoDBClient.executeCreateTable(AmazonDynamoDBClient.java:1160)
	at com.amazonaws.services.dynamodbv2.AmazonDynamoDBClient.createTable(AmazonDynamoDBClient.java:1124)
	at com.amazonaws.services.kinesis.leases.impl.LeaseManager.createLeaseTableIfNotExists(LeaseManager.java:148)
	... 4 more

May 02, 2024 2:26:18 AM com.amazonaws.services.kinesis.clientlibrary.lib.worker.Worker initialize
INFO: Initialization attempt 8
May 02, 2024 2:26:18 AM com.amazonaws.services.kinesis.clientlibrary.lib.worker.Worker initialize
INFO: Initializing LeaseCoordinator
May 02, 2024 2:26:18 AM com.amazonaws.services.kinesis.leases.impl.LeaseManager createLeaseTableIfNotExists
SEVERE: Failed to get table status for test-application
com.amazonaws.services.kinesis.leases.exceptions.DependencyException: com.amazonaws.services.dynamodbv2.model.AmazonDynamoDBException: The security token included in the request is invalid. (Service: AmazonDynamoDBv2; Status Code: 400; Error Code: UnrecognizedClientException; Request ID: F9LTGCDFH7ON1S4S5S2FEMGRLRVV4KQNSO5AEMVJF66Q9ASUAAJG; Proxy: null)
	at com.amazonaws.services.kinesis.leases.impl.LeaseManager.tableStatus(LeaseManager.java:183)
	at com.amazonaws.services.kinesis.leases.impl.LeaseManager.createLeaseTableIfNotExists(LeaseManager.java:126)
	at com.amazonaws.services.kinesis.clientlibrary.lib.worker.KinesisClientLibLeaseCoordinator.initialize(KinesisClientLibLeaseCoordinator.java:329)
	at com.amazonaws.services.kinesis.clientlibrary.lib.worker.Worker.initialize(Worker.java:674)
	at com.amazonaws.services.kinesis.clientlibrary.lib.worker.Worker.run(Worker.java:614)
	at java.lang.Thread.run(Thread.java:750)
Caused by: com.amazonaws.services.dynamodbv2.model.AmazonDynamoDBException: The security token included in the request is invalid. (Service: AmazonDynamoDBv2; Status Code: 400; Error Code: UnrecognizedClientException; Request ID: F9LTGCDFH7ON1S4S5S2FEMGRLRVV4KQNSO5AEMVJF66Q9ASUAAJG; Proxy: null)
	at com.amazonaws.http.AmazonHttpClient$RequestExecutor.handleErrorResponse(AmazonHttpClient.java:1819)
	at com.amazonaws.http.AmazonHttpClient$RequestExecutor.handleServiceErrorResponse(AmazonHttpClient.java:1403)
	at com.amazonaws.http.AmazonHttpClient$RequestExecutor.executeOneRequest(AmazonHttpClient.java:1372)
	at com.amazonaws.http.AmazonHttpClient$RequestExecutor.executeHelper(AmazonHttpClient.java:1145)
	at com.amazonaws.http.AmazonHttpClient$RequestExecutor.doExecute(AmazonHttpClient.java:802)
	at com.amazonaws.http.AmazonHttpClient$RequestExecutor.executeWithTimer(AmazonHttpClient.java:770)
	at com.amazonaws.http.AmazonHttpClient$RequestExecutor.execute(AmazonHttpClient.java:744)
	at com.amazonaws.http.AmazonHttpClient$RequestExecutor.access$500(AmazonHttpClient.java:704)
	at com.amazonaws.http.AmazonHttpClient$RequestExecutionBuilderImpl.execute(AmazonHttpClient.java:686)
	at com.amazonaws.http.AmazonHttpClient.execute(AmazonHttpClient.java:550)
	at com.amazonaws.http.AmazonHttpClient.execute(AmazonHttpClient.java:530)
	at com.amazonaws.services.dynamodbv2.AmazonDynamoDBClient.doInvoke(AmazonDynamoDBClient.java:6214)
	at com.amazonaws.services.dynamodbv2.AmazonDynamoDBClient.invoke(AmazonDynamoDBClient.java:6181)
	at com.amazonaws.services.dynamodbv2.AmazonDynamoDBClient.executeDescribeTable(AmazonDynamoDBClient.java:2247)
	at com.amazonaws.services.dynamodbv2.AmazonDynamoDBClient.describeTable(AmazonDynamoDBClient.java:2211)
	at com.amazonaws.services.kinesis.leases.impl.LeaseManager.tableStatus(LeaseManager.java:175)
	... 5 more

May 02, 2024 2:26:18 AM com.amazonaws.services.kinesis.leases.impl.LeaseManager createLeaseTableIfNotExists
SEVERE: Failed to get table status for test-application
com.amazonaws.services.kinesis.leases.exceptions.DependencyException: com.amazonaws.services.dynamodbv2.model.AmazonDynamoDBException: Request is missing Authentication Token (Service: AmazonDynamoDBv2; Status Code: 400; Error Code: MissingAuthenticationTokenException; Request ID: A83ARP4FVERGH0DOQHILNJP2E7VV4KQNSO5AEMVJF66Q9ASUAAJG; Proxy: null)
	at com.amazonaws.services.kinesis.leases.impl.LeaseManager.tableStatus(LeaseManager.java:183)
	at com.amazonaws.services.kinesis.leases.impl.LeaseManager.createLeaseTableIfNotExists(LeaseManager.java:126)
	at com.amazonaws.services.kinesis.clientlibrary.lib.worker.KinesisClientLibLeaseCoordinator.initialize(KinesisClientLibLeaseCoordinator.java:329)
	at com.amazonaws.services.kinesis.clientlibrary.lib.worker.Worker.initialize(Worker.java:674)
	at com.amazonaws.services.kinesis.clientlibrary.lib.worker.Worker.run(Worker.java:614)
	at java.lang.Thread.run(Thread.java:750)
Caused by: com.amazonaws.services.dynamodbv2.model.AmazonDynamoDBException: Request is missing Authentication Token (Service: AmazonDynamoDBv2; Status Code: 400; Error Code: MissingAuthenticationTokenException; Request ID: A83ARP4FVERGH0DOQHILNJP2E7VV4KQNSO5AEMVJF66Q9ASUAAJG; Proxy: null)
	at com.amazonaws.http.AmazonHttpClient$RequestExecutor.handleErrorResponse(AmazonHttpClient.java:1819)
	at com.amazonaws.http.AmazonHttpClient$RequestExecutor.handleServiceErrorResponse(AmazonHttpClient.java:1403)
	at com.amazonaws.http.AmazonHttpClient$RequestExecutor.executeOneRequest(AmazonHttpClient.java:1372)
	at com.amazonaws.http.AmazonHttpClient$RequestExecutor.executeHelper(AmazonHttpClient.java:1145)
	at com.amazonaws.http.AmazonHttpClient$RequestExecutor.doExecute(AmazonHttpClient.java:802)
	at com.amazonaws.http.AmazonHttpClient$RequestExecutor.executeWithTimer(AmazonHttpClient.java:770)
	at com.amazonaws.http.AmazonHttpClient$RequestExecutor.execute(AmazonHttpClient.java:744)
	at com.amazonaws.http.AmazonHttpClient$RequestExecutor.access$500(AmazonHttpClient.java:704)
	at com.amazonaws.http.AmazonHttpClient$RequestExecutionBuilderImpl.execute(AmazonHttpClient.java:686)
	at com.amazonaws.http.AmazonHttpClient.execute(AmazonHttpClient.java:550)
	at com.amazonaws.http.AmazonHttpClient.execute(AmazonHttpClient.java:530)
	at com.amazonaws.services.dynamodbv2.AmazonDynamoDBClient.doInvoke(AmazonDynamoDBClient.java:6214)
	at com.amazonaws.services.dynamodbv2.AmazonDynamoDBClient.invoke(AmazonDynamoDBClient.java:6181)
	at com.amazonaws.services.dynamodbv2.AmazonDynamoDBClient.executeDescribeTable(AmazonDynamoDBClient.java:2247)
	at com.amazonaws.services.dynamodbv2.AmazonDynamoDBClient.describeTable(AmazonDynamoDBClient.java:2211)
	at com.amazonaws.services.kinesis.leases.impl.LeaseManager.tableStatus(LeaseManager.java:175)
	... 5 more

May 02, 2024 2:26:18 AM com.amazonaws.services.kinesis.clientlibrary.lib.worker.Worker initialize
SEVERE: Caught exception when initializing LeaseCoordinator
com.amazonaws.services.kinesis.leases.exceptions.DependencyException: com.amazonaws.services.dynamodbv2.model.AmazonDynamoDBException: The security token included in the request is invalid. (Service: AmazonDynamoDBv2; Status Code: 400; Error Code: UnrecognizedClientException; Request ID: H1ASAKLH0QSNUTUQTGSBV892JRVV4KQNSO5AEMVJF66Q9ASUAAJG; Proxy: null)
	at com.amazonaws.services.kinesis.leases.impl.LeaseManager.createLeaseTableIfNotExists(LeaseManager.java:155)
	at com.amazonaws.services.kinesis.clientlibrary.lib.worker.KinesisClientLibLeaseCoordinator.initialize(KinesisClientLibLeaseCoordinator.java:329)
	at com.amazonaws.services.kinesis.clientlibrary.lib.worker.Worker.initialize(Worker.java:674)
	at com.amazonaws.services.kinesis.clientlibrary.lib.worker.Worker.run(Worker.java:614)
	at java.lang.Thread.run(Thread.java:750)
Caused by: com.amazonaws.services.dynamodbv2.model.AmazonDynamoDBException: The security token included in the request is invalid. (Service: AmazonDynamoDBv2; Status Code: 400; Error Code: UnrecognizedClientException; Request ID: H1ASAKLH0QSNUTUQTGSBV892JRVV4KQNSO5AEMVJF66Q9ASUAAJG; Proxy: null)
	at com.amazonaws.http.AmazonHttpClient$RequestExecutor.handleErrorResponse(AmazonHttpClient.java:1819)
	at com.amazonaws.http.AmazonHttpClient$RequestExecutor.handleServiceErrorResponse(AmazonHttpClient.java:1403)
	at com.amazonaws.http.AmazonHttpClient$RequestExecutor.executeOneRequest(AmazonHttpClient.java:1372)
	at com.amazonaws.http.AmazonHttpClient$RequestExecutor.executeHelper(AmazonHttpClient.java:1145)
	at com.amazonaws.http.AmazonHttpClient$RequestExecutor.doExecute(AmazonHttpClient.java:802)
	at com.amazonaws.http.AmazonHttpClient$RequestExecutor.executeWithTimer(AmazonHttpClient.java:770)
	at com.amazonaws.http.AmazonHttpClient$RequestExecutor.execute(AmazonHttpClient.java:744)
	at com.amazonaws.http.AmazonHttpClient$RequestExecutor.access$500(AmazonHttpClient.java:704)
	at com.amazonaws.http.AmazonHttpClient$RequestExecutionBuilderImpl.execute(AmazonHttpClient.java:686)
	at com.amazonaws.http.AmazonHttpClient.execute(AmazonHttpClient.java:550)
	at com.amazonaws.http.AmazonHttpClient.execute(AmazonHttpClient.java:530)
	at com.amazonaws.services.dynamodbv2.AmazonDynamoDBClient.doInvoke(AmazonDynamoDBClient.java:6214)
	at com.amazonaws.services.dynamodbv2.AmazonDynamoDBClient.invoke(AmazonDynamoDBClient.java:6181)
	at com.amazonaws.services.dynamodbv2.AmazonDynamoDBClient.executeCreateTable(AmazonDynamoDBClient.java:1160)
	at com.amazonaws.services.dynamodbv2.AmazonDynamoDBClient.createTable(AmazonDynamoDBClient.java:1124)
	at com.amazonaws.services.kinesis.leases.impl.LeaseManager.createLeaseTableIfNotExists(LeaseManager.java:148)
	... 4 more

May 02, 2024 2:26:18 AM com.amazonaws.services.kinesis.clientlibrary.lib.worker.Worker initialize
INFO: Initialization attempt 8
May 02, 2024 2:26:18 AM com.amazonaws.services.kinesis.clientlibrary.lib.worker.Worker initialize
INFO: Initializing LeaseCoordinator
May 02, 2024 2:26:18 AM com.amazonaws.services.kinesis.clientlibrary.lib.worker.Worker initialize
SEVERE: Caught exception when initializing LeaseCoordinator
com.amazonaws.services.kinesis.leases.exceptions.DependencyException: com.amazonaws.services.dynamodbv2.model.AmazonDynamoDBException: Request is missing Authentication Token (Service: AmazonDynamoDBv2; Status Code: 400; Error Code: MissingAuthenticationTokenException; Request ID: 8PFLFN6A4OFBA411BIPMP5D3Q3VV4KQNSO5AEMVJF66Q9ASUAAJG; Proxy: null)
	at com.amazonaws.services.kinesis.leases.impl.LeaseManager.createLeaseTableIfNotExists(LeaseManager.java:155)
	at com.amazonaws.services.kinesis.clientlibrary.lib.worker.KinesisClientLibLeaseCoordinator.initialize(KinesisClientLibLeaseCoordinator.java:329)
	at com.amazonaws.services.kinesis.clientlibrary.lib.worker.Worker.initialize(Worker.java:674)
	at com.amazonaws.services.kinesis.clientlibrary.lib.worker.Worker.run(Worker.java:614)
	at java.lang.Thread.run(Thread.java:750)
Caused by: com.amazonaws.services.dynamodbv2.model.AmazonDynamoDBException: Request is missing Authentication Token (Service: AmazonDynamoDBv2; Status Code: 400; Error Code: MissingAuthenticationTokenException; Request ID: 8PFLFN6A4OFBA411BIPMP5D3Q3VV4KQNSO5AEMVJF66Q9ASUAAJG; Proxy: null)
	at com.amazonaws.http.AmazonHttpClient$RequestExecutor.handleErrorResponse(AmazonHttpClient.java:1819)
	at com.amazonaws.http.AmazonHttpClient$RequestExecutor.handleServiceErrorResponse(AmazonHttpClient.java:1403)
	at com.amazonaws.http.AmazonHttpClient$RequestExecutor.executeOneRequest(AmazonHttpClient.java:1372)
	at com.amazonaws.http.AmazonHttpClient$RequestExecutor.executeHelper(AmazonHttpClient.java:1145)
	at com.amazonaws.http.AmazonHttpClient$RequestExecutor.doExecute(AmazonHttpClient.java:802)
	at com.amazonaws.http.AmazonHttpClient$RequestExecutor.executeWithTimer(AmazonHttpClient.java:770)
	at com.amazonaws.http.AmazonHttpClient$RequestExecutor.execute(AmazonHttpClient.java:744)
	at com.amazonaws.http.AmazonHttpClient$RequestExecutor.access$500(AmazonHttpClient.java:704)
	at com.amazonaws.http.AmazonHttpClient$RequestExecutionBuilderImpl.execute(AmazonHttpClient.java:686)
	at com.amazonaws.http.AmazonHttpClient.execute(AmazonHttpClient.java:550)
	at com.amazonaws.http.AmazonHttpClient.execute(AmazonHttpClient.java:530)
	at com.amazonaws.services.dynamodbv2.AmazonDynamoDBClient.doInvoke(AmazonDynamoDBClient.java:6214)
	at com.amazonaws.services.dynamodbv2.AmazonDynamoDBClient.invoke(AmazonDynamoDBClient.java:6181)
	at com.amazonaws.services.dynamodbv2.AmazonDynamoDBClient.executeCreateTable(AmazonDynamoDBClient.java:1160)
	at com.amazonaws.services.dynamodbv2.AmazonDynamoDBClient.createTable(AmazonDynamoDBClient.java:1124)
	at com.amazonaws.services.kinesis.leases.impl.LeaseManager.createLeaseTableIfNotExists(LeaseManager.java:148)
	... 4 more

May 02, 2024 2:26:18 AM com.amazonaws.services.kinesis.clientlibrary.lib.worker.Worker initialize
INFO: Initialization attempt 9
May 02, 2024 2:26:18 AM com.amazonaws.services.kinesis.clientlibrary.lib.worker.Worker initialize
INFO: Initializing LeaseCoordinator
May 02, 2024 2:26:18 AM com.amazonaws.services.kinesis.leases.impl.LeaseManager createLeaseTableIfNotExists
SEVERE: Failed to get table status for test-application
com.amazonaws.services.kinesis.leases.exceptions.DependencyException: com.amazonaws.services.dynamodbv2.model.AmazonDynamoDBException: The security token included in the request is invalid. (Service: AmazonDynamoDBv2; Status Code: 400; Error Code: UnrecognizedClientException; Request ID: CJR8TNT7S1LKT34R03UG0A3KORVV4KQNSO5AEMVJF66Q9ASUAAJG; Proxy: null)
	at com.amazonaws.services.kinesis.leases.impl.LeaseManager.tableStatus(LeaseManager.java:183)
	at com.amazonaws.services.kinesis.leases.impl.LeaseManager.createLeaseTableIfNotExists(LeaseManager.java:126)
	at com.amazonaws.services.kinesis.clientlibrary.lib.worker.KinesisClientLibLeaseCoordinator.initialize(KinesisClientLibLeaseCoordinator.java:329)
	at com.amazonaws.services.kinesis.clientlibrary.lib.worker.Worker.initialize(Worker.java:674)
	at com.amazonaws.services.kinesis.clientlibrary.lib.worker.Worker.run(Worker.java:614)
	at java.lang.Thread.run(Thread.java:750)
Caused by: com.amazonaws.services.dynamodbv2.model.AmazonDynamoDBException: The security token included in the request is invalid. (Service: AmazonDynamoDBv2; Status Code: 400; Error Code: UnrecognizedClientException; Request ID: CJR8TNT7S1LKT34R03UG0A3KORVV4KQNSO5AEMVJF66Q9ASUAAJG; Proxy: null)
	at com.amazonaws.http.AmazonHttpClient$RequestExecutor.handleErrorResponse(AmazonHttpClient.java:1819)
	at com.amazonaws.http.AmazonHttpClient$RequestExecutor.handleServiceErrorResponse(AmazonHttpClient.java:1403)
	at com.amazonaws.http.AmazonHttpClient$RequestExecutor.executeOneRequest(AmazonHttpClient.java:1372)
	at com.amazonaws.http.AmazonHttpClient$RequestExecutor.executeHelper(AmazonHttpClient.java:1145)
	at com.amazonaws.http.AmazonHttpClient$RequestExecutor.doExecute(AmazonHttpClient.java:802)
	at com.amazonaws.http.AmazonHttpClient$RequestExecutor.executeWithTimer(AmazonHttpClient.java:770)
	at com.amazonaws.http.AmazonHttpClient$RequestExecutor.execute(AmazonHttpClient.java:744)
	at com.amazonaws.http.AmazonHttpClient$RequestExecutor.access$500(AmazonHttpClient.java:704)
	at com.amazonaws.http.AmazonHttpClient$RequestExecutionBuilderImpl.execute(AmazonHttpClient.java:686)
	at com.amazonaws.http.AmazonHttpClient.execute(AmazonHttpClient.java:550)
	at com.amazonaws.http.AmazonHttpClient.execute(AmazonHttpClient.java:530)
	at com.amazonaws.services.dynamodbv2.AmazonDynamoDBClient.doInvoke(AmazonDynamoDBClient.java:6214)
	at com.amazonaws.services.dynamodbv2.AmazonDynamoDBClient.invoke(AmazonDynamoDBClient.java:6181)
	at com.amazonaws.services.dynamodbv2.AmazonDynamoDBClient.executeDescribeTable(AmazonDynamoDBClient.java:2247)
	at com.amazonaws.services.dynamodbv2.AmazonDynamoDBClient.describeTable(AmazonDynamoDBClient.java:2211)
	at com.amazonaws.services.kinesis.leases.impl.LeaseManager.tableStatus(LeaseManager.java:175)
	... 5 more

May 02, 2024 2:26:18 AM com.amazonaws.services.kinesis.leases.impl.LeaseManager createLeaseTableIfNotExists
SEVERE: Failed to get table status for test-application
com.amazonaws.services.kinesis.leases.exceptions.DependencyException: com.amazonaws.services.dynamodbv2.model.AmazonDynamoDBException: Request is missing Authentication Token (Service: AmazonDynamoDBv2; Status Code: 400; Error Code: MissingAuthenticationTokenException; Request ID: SVIU7PODO04VVJJM4J2U1TR8QJVV4KQNSO5AEMVJF66Q9ASUAAJG; Proxy: null)
	at com.amazonaws.services.kinesis.leases.impl.LeaseManager.tableStatus(LeaseManager.java:183)
	at com.amazonaws.services.kinesis.leases.impl.LeaseManager.createLeaseTableIfNotExists(LeaseManager.java:126)
	at com.amazonaws.services.kinesis.clientlibrary.lib.worker.KinesisClientLibLeaseCoordinator.initialize(KinesisClientLibLeaseCoordinator.java:329)
	at com.amazonaws.services.kinesis.clientlibrary.lib.worker.Worker.initialize(Worker.java:674)
	at com.amazonaws.services.kinesis.clientlibrary.lib.worker.Worker.run(Worker.java:614)
	at java.lang.Thread.run(Thread.java:750)
Caused by: com.amazonaws.services.dynamodbv2.model.AmazonDynamoDBException: Request is missing Authentication Token (Service: AmazonDynamoDBv2; Status Code: 400; Error Code: MissingAuthenticationTokenException; Request ID: SVIU7PODO04VVJJM4J2U1TR8QJVV4KQNSO5AEMVJF66Q9ASUAAJG; Proxy: null)
	at com.amazonaws.http.AmazonHttpClient$RequestExecutor.handleErrorResponse(AmazonHttpClient.java:1819)
	at com.amazonaws.http.AmazonHttpClient$RequestExecutor.handleServiceErrorResponse(AmazonHttpClient.java:1403)
	at com.amazonaws.http.AmazonHttpClient$RequestExecutor.executeOneRequest(AmazonHttpClient.java:1372)
	at com.amazonaws.http.AmazonHttpClient$RequestExecutor.executeHelper(AmazonHttpClient.java:1145)
	at com.amazonaws.http.AmazonHttpClient$RequestExecutor.doExecute(AmazonHttpClient.java:802)
	at com.amazonaws.http.AmazonHttpClient$RequestExecutor.executeWithTimer(AmazonHttpClient.java:770)
	at com.amazonaws.http.AmazonHttpClient$RequestExecutor.execute(AmazonHttpClient.java:744)
	at com.amazonaws.http.AmazonHttpClient$RequestExecutor.access$500(AmazonHttpClient.java:704)
	at com.amazonaws.http.AmazonHttpClient$RequestExecutionBuilderImpl.execute(AmazonHttpClient.java:686)
	at com.amazonaws.http.AmazonHttpClient.execute(AmazonHttpClient.java:550)
	at com.amazonaws.http.AmazonHttpClient.execute(AmazonHttpClient.java:530)
	at com.amazonaws.services.dynamodbv2.AmazonDynamoDBClient.doInvoke(AmazonDynamoDBClient.java:6214)
	at com.amazonaws.services.dynamodbv2.AmazonDynamoDBClient.invoke(AmazonDynamoDBClient.java:6181)
	at com.amazonaws.services.dynamodbv2.AmazonDynamoDBClient.executeDescribeTable(AmazonDynamoDBClient.java:2247)
	at com.amazonaws.services.dynamodbv2.AmazonDynamoDBClient.describeTable(AmazonDynamoDBClient.java:2211)
	at com.amazonaws.services.kinesis.leases.impl.LeaseManager.tableStatus(LeaseManager.java:175)
	... 5 more

May 02, 2024 2:26:18 AM com.amazonaws.services.kinesis.clientlibrary.lib.worker.Worker initialize
SEVERE: Caught exception when initializing LeaseCoordinator
com.amazonaws.services.kinesis.leases.exceptions.DependencyException: com.amazonaws.services.dynamodbv2.model.AmazonDynamoDBException: The security token included in the request is invalid. (Service: AmazonDynamoDBv2; Status Code: 400; Error Code: UnrecognizedClientException; Request ID: TFL2O07ED42TMVPOOQE4JB7TQJVV4KQNSO5AEMVJF66Q9ASUAAJG; Proxy: null)
	at com.amazonaws.services.kinesis.leases.impl.LeaseManager.createLeaseTableIfNotExists(LeaseManager.java:155)
	at com.amazonaws.services.kinesis.clientlibrary.lib.worker.KinesisClientLibLeaseCoordinator.initialize(KinesisClientLibLeaseCoordinator.java:329)
	at com.amazonaws.services.kinesis.clientlibrary.lib.worker.Worker.initialize(Worker.java:674)
	at com.amazonaws.services.kinesis.clientlibrary.lib.worker.Worker.run(Worker.java:614)
	at java.lang.Thread.run(Thread.java:750)
Caused by: com.amazonaws.services.dynamodbv2.model.AmazonDynamoDBException: The security token included in the request is invalid. (Service: AmazonDynamoDBv2; Status Code: 400; Error Code: UnrecognizedClientException; Request ID: TFL2O07ED42TMVPOOQE4JB7TQJVV4KQNSO5AEMVJF66Q9ASUAAJG; Proxy: null)
	at com.amazonaws.http.AmazonHttpClient$RequestExecutor.handleErrorResponse(AmazonHttpClient.java:1819)
	at com.amazonaws.http.AmazonHttpClient$RequestExecutor.handleServiceErrorResponse(AmazonHttpClient.java:1403)
	at com.amazonaws.http.AmazonHttpClient$RequestExecutor.executeOneRequest(AmazonHttpClient.java:1372)
	at com.amazonaws.http.AmazonHttpClient$RequestExecutor.executeHelper(AmazonHttpClient.java:1145)
	at com.amazonaws.http.AmazonHttpClient$RequestExecutor.doExecute(AmazonHttpClient.java:802)
	at com.amazonaws.http.AmazonHttpClient$RequestExecutor.executeWithTimer(AmazonHttpClient.java:770)
	at com.amazonaws.http.AmazonHttpClient$RequestExecutor.execute(AmazonHttpClient.java:744)
	at com.amazonaws.http.AmazonHttpClient$RequestExecutor.access$500(AmazonHttpClient.java:704)
	at com.amazonaws.http.AmazonHttpClient$RequestExecutionBuilderImpl.execute(AmazonHttpClient.java:686)
	at com.amazonaws.http.AmazonHttpClient.execute(AmazonHttpClient.java:550)
	at com.amazonaws.http.AmazonHttpClient.execute(AmazonHttpClient.java:530)
	at com.amazonaws.services.dynamodbv2.AmazonDynamoDBClient.doInvoke(AmazonDynamoDBClient.java:6214)
	at com.amazonaws.services.dynamodbv2.AmazonDynamoDBClient.invoke(AmazonDynamoDBClient.java:6181)
	at com.amazonaws.services.dynamodbv2.AmazonDynamoDBClient.executeCreateTable(AmazonDynamoDBClient.java:1160)
	at com.amazonaws.services.dynamodbv2.AmazonDynamoDBClient.createTable(AmazonDynamoDBClient.java:1124)
	at com.amazonaws.services.kinesis.leases.impl.LeaseManager.createLeaseTableIfNotExists(LeaseManager.java:148)
	... 4 more

May 02, 2024 2:26:18 AM com.amazonaws.services.kinesis.clientlibrary.lib.worker.Worker initialize
INFO: Initialization attempt 9
May 02, 2024 2:26:18 AM com.amazonaws.services.kinesis.clientlibrary.lib.worker.Worker initialize
INFO: Initializing LeaseCoordinator
May 02, 2024 2:26:18 AM com.amazonaws.services.kinesis.clientlibrary.lib.worker.Worker initialize
SEVERE: Caught exception when initializing LeaseCoordinator
com.amazonaws.services.kinesis.leases.exceptions.DependencyException: com.amazonaws.services.dynamodbv2.model.AmazonDynamoDBException: Request is missing Authentication Token (Service: AmazonDynamoDBv2; Status Code: 400; Error Code: MissingAuthenticationTokenException; Request ID: RIP2U2FHT91UM0TUG7OHGCRU9RVV4KQNSO5AEMVJF66Q9ASUAAJG; Proxy: null)
	at com.amazonaws.services.kinesis.leases.impl.LeaseManager.createLeaseTableIfNotExists(LeaseManager.java:155)
	at com.amazonaws.services.kinesis.clientlibrary.lib.worker.KinesisClientLibLeaseCoordinator.initialize(KinesisClientLibLeaseCoordinator.java:329)
	at com.amazonaws.services.kinesis.clientlibrary.lib.worker.Worker.initialize(Worker.java:674)
	at com.amazonaws.services.kinesis.clientlibrary.lib.worker.Worker.run(Worker.java:614)
	at java.lang.Thread.run(Thread.java:750)
Caused by: com.amazonaws.services.dynamodbv2.model.AmazonDynamoDBException: Request is missing Authentication Token (Service: AmazonDynamoDBv2; Status Code: 400; Error Code: MissingAuthenticationTokenException; Request ID: RIP2U2FHT91UM0TUG7OHGCRU9RVV4KQNSO5AEMVJF66Q9ASUAAJG; Proxy: null)
	at com.amazonaws.http.AmazonHttpClient$RequestExecutor.handleErrorResponse(AmazonHttpClient.java:1819)
	at com.amazonaws.http.AmazonHttpClient$RequestExecutor.handleServiceErrorResponse(AmazonHttpClient.java:1403)
	at com.amazonaws.http.AmazonHttpClient$RequestExecutor.executeOneRequest(AmazonHttpClient.java:1372)
	at com.amazonaws.http.AmazonHttpClient$RequestExecutor.executeHelper(AmazonHttpClient.java:1145)
	at com.amazonaws.http.AmazonHttpClient$RequestExecutor.doExecute(AmazonHttpClient.java:802)
	at com.amazonaws.http.AmazonHttpClient$RequestExecutor.executeWithTimer(AmazonHttpClient.java:770)
	at com.amazonaws.http.AmazonHttpClient$RequestExecutor.execute(AmazonHttpClient.java:744)
	at com.amazonaws.http.AmazonHttpClient$RequestExecutor.access$500(AmazonHttpClient.java:704)
	at com.amazonaws.http.AmazonHttpClient$RequestExecutionBuilderImpl.execute(AmazonHttpClient.java:686)
	at com.amazonaws.http.AmazonHttpClient.execute(AmazonHttpClient.java:550)
	at com.amazonaws.http.AmazonHttpClient.execute(AmazonHttpClient.java:530)
	at com.amazonaws.services.dynamodbv2.AmazonDynamoDBClient.doInvoke(AmazonDynamoDBClient.java:6214)
	at com.amazonaws.services.dynamodbv2.AmazonDynamoDBClient.invoke(AmazonDynamoDBClient.java:6181)
	at com.amazonaws.services.dynamodbv2.AmazonDynamoDBClient.executeCreateTable(AmazonDynamoDBClient.java:1160)
	at com.amazonaws.services.dynamodbv2.AmazonDynamoDBClient.createTable(AmazonDynamoDBClient.java:1124)
	at com.amazonaws.services.kinesis.leases.impl.LeaseManager.createLeaseTableIfNotExists(LeaseManager.java:148)
	... 4 more

May 02, 2024 2:26:18 AM com.amazonaws.services.kinesis.clientlibrary.lib.worker.Worker initialize
INFO: Initialization attempt 10
May 02, 2024 2:26:18 AM com.amazonaws.services.kinesis.clientlibrary.lib.worker.Worker initialize
INFO: Initializing LeaseCoordinator
May 02, 2024 2:26:18 AM com.amazonaws.services.kinesis.leases.impl.LeaseManager createLeaseTableIfNotExists
SEVERE: Failed to get table status for test-application
com.amazonaws.services.kinesis.leases.exceptions.DependencyException: com.amazonaws.services.dynamodbv2.model.AmazonDynamoDBException: The security token included in the request is invalid. (Service: AmazonDynamoDBv2; Status Code: 400; Error Code: UnrecognizedClientException; Request ID: F1KC7NRF21NSC3RV4RD3K8MG1VVV4KQNSO5AEMVJF66Q9ASUAAJG; Proxy: null)
	at com.amazonaws.services.kinesis.leases.impl.LeaseManager.tableStatus(LeaseManager.java:183)
	at com.amazonaws.services.kinesis.leases.impl.LeaseManager.createLeaseTableIfNotExists(LeaseManager.java:126)
	at com.amazonaws.services.kinesis.clientlibrary.lib.worker.KinesisClientLibLeaseCoordinator.initialize(KinesisClientLibLeaseCoordinator.java:329)
	at com.amazonaws.services.kinesis.clientlibrary.lib.worker.Worker.initialize(Worker.java:674)
	at com.amazonaws.services.kinesis.clientlibrary.lib.worker.Worker.run(Worker.java:614)
	at java.lang.Thread.run(Thread.java:750)
Caused by: com.amazonaws.services.dynamodbv2.model.AmazonDynamoDBException: The security token included in the request is invalid. (Service: AmazonDynamoDBv2; Status Code: 400; Error Code: UnrecognizedClientException; Request ID: F1KC7NRF21NSC3RV4RD3K8MG1VVV4KQNSO5AEMVJF66Q9ASUAAJG; Proxy: null)
	at com.amazonaws.http.AmazonHttpClient$RequestExecutor.handleErrorResponse(AmazonHttpClient.java:1819)
	at com.amazonaws.http.AmazonHttpClient$RequestExecutor.handleServiceErrorResponse(AmazonHttpClient.java:1403)
	at com.amazonaws.http.AmazonHttpClient$RequestExecutor.executeOneRequest(AmazonHttpClient.java:1372)
	at com.amazonaws.http.AmazonHttpClient$RequestExecutor.executeHelper(AmazonHttpClient.java:1145)
	at com.amazonaws.http.AmazonHttpClient$RequestExecutor.doExecute(AmazonHttpClient.java:802)
	at com.amazonaws.http.AmazonHttpClient$RequestExecutor.executeWithTimer(AmazonHttpClient.java:770)
	at com.amazonaws.http.AmazonHttpClient$RequestExecutor.execute(AmazonHttpClient.java:744)
	at com.amazonaws.http.AmazonHttpClient$RequestExecutor.access$500(AmazonHttpClient.java:704)
	at com.amazonaws.http.AmazonHttpClient$RequestExecutionBuilderImpl.execute(AmazonHttpClient.java:686)
	at com.amazonaws.http.AmazonHttpClient.execute(AmazonHttpClient.java:550)
	at com.amazonaws.http.AmazonHttpClient.execute(AmazonHttpClient.java:530)
	at com.amazonaws.services.dynamodbv2.AmazonDynamoDBClient.doInvoke(AmazonDynamoDBClient.java:6214)
	at com.amazonaws.services.dynamodbv2.AmazonDynamoDBClient.invoke(AmazonDynamoDBClient.java:6181)
	at com.amazonaws.services.dynamodbv2.AmazonDynamoDBClient.executeDescribeTable(AmazonDynamoDBClient.java:2247)
	at com.amazonaws.services.dynamodbv2.AmazonDynamoDBClient.describeTable(AmazonDynamoDBClient.java:2211)
	at com.amazonaws.services.kinesis.leases.impl.LeaseManager.tableStatus(LeaseManager.java:175)
	... 5 more

May 02, 2024 2:26:18 AM com.amazonaws.services.kinesis.leases.impl.LeaseManager createLeaseTableIfNotExists
SEVERE: Failed to get table status for test-application
com.amazonaws.services.kinesis.leases.exceptions.DependencyException: com.amazonaws.services.dynamodbv2.model.AmazonDynamoDBException: Request is missing Authentication Token (Service: AmazonDynamoDBv2; Status Code: 400; Error Code: MissingAuthenticationTokenException; Request ID: E2MF4D7FG588L7I13JPTT89OCNVV4KQNSO5AEMVJF66Q9ASUAAJG; Proxy: null)
	at com.amazonaws.services.kinesis.leases.impl.LeaseManager.tableStatus(LeaseManager.java:183)
	at com.amazonaws.services.kinesis.leases.impl.LeaseManager.createLeaseTableIfNotExists(LeaseManager.java:126)
	at com.amazonaws.services.kinesis.clientlibrary.lib.worker.KinesisClientLibLeaseCoordinator.initialize(KinesisClientLibLeaseCoordinator.java:329)
	at com.amazonaws.services.kinesis.clientlibrary.lib.worker.Worker.initialize(Worker.java:674)
	at com.amazonaws.services.kinesis.clientlibrary.lib.worker.Worker.run(Worker.java:614)
	at java.lang.Thread.run(Thread.java:750)
Caused by: com.amazonaws.services.dynamodbv2.model.AmazonDynamoDBException: Request is missing Authentication Token (Service: AmazonDynamoDBv2; Status Code: 400; Error Code: MissingAuthenticationTokenException; Request ID: E2MF4D7FG588L7I13JPTT89OCNVV4KQNSO5AEMVJF66Q9ASUAAJG; Proxy: null)
	at com.amazonaws.http.AmazonHttpClient$RequestExecutor.handleErrorResponse(AmazonHttpClient.java:1819)
	at com.amazonaws.http.AmazonHttpClient$RequestExecutor.handleServiceErrorResponse(AmazonHttpClient.java:1403)
	at com.amazonaws.http.AmazonHttpClient$RequestExecutor.executeOneRequest(AmazonHttpClient.java:1372)
	at com.amazonaws.http.AmazonHttpClient$RequestExecutor.executeHelper(AmazonHttpClient.java:1145)
	at com.amazonaws.http.AmazonHttpClient$RequestExecutor.doExecute(AmazonHttpClient.java:802)
	at com.amazonaws.http.AmazonHttpClient$RequestExecutor.executeWithTimer(AmazonHttpClient.java:770)
	at com.amazonaws.http.AmazonHttpClient$RequestExecutor.execute(AmazonHttpClient.java:744)
	at com.amazonaws.http.AmazonHttpClient$RequestExecutor.access$500(AmazonHttpClient.java:704)
	at com.amazonaws.http.AmazonHttpClient$RequestExecutionBuilderImpl.execute(AmazonHttpClient.java:686)
	at com.amazonaws.http.AmazonHttpClient.execute(AmazonHttpClient.java:550)
	at com.amazonaws.http.AmazonHttpClient.execute(AmazonHttpClient.java:530)
	at com.amazonaws.services.dynamodbv2.AmazonDynamoDBClient.doInvoke(AmazonDynamoDBClient.java:6214)
	at com.amazonaws.services.dynamodbv2.AmazonDynamoDBClient.invoke(AmazonDynamoDBClient.java:6181)
	at com.amazonaws.services.dynamodbv2.AmazonDynamoDBClient.executeDescribeTable(AmazonDynamoDBClient.java:2247)
	at com.amazonaws.services.dynamodbv2.AmazonDynamoDBClient.describeTable(AmazonDynamoDBClient.java:2211)
	at com.amazonaws.services.kinesis.leases.impl.LeaseManager.tableStatus(LeaseManager.java:175)
	... 5 more

May 02, 2024 2:26:18 AM com.amazonaws.services.kinesis.clientlibrary.lib.worker.Worker initialize
SEVERE: Caught exception when initializing LeaseCoordinator
com.amazonaws.services.kinesis.leases.exceptions.DependencyException: com.amazonaws.services.dynamodbv2.model.AmazonDynamoDBException: The security token included in the request is invalid. (Service: AmazonDynamoDBv2; Status Code: 400; Error Code: UnrecognizedClientException; Request ID: TDM8L296PTGDUIQQSENL652P5JVV4KQNSO5AEMVJF66Q9ASUAAJG; Proxy: null)
	at com.amazonaws.services.kinesis.leases.impl.LeaseManager.createLeaseTableIfNotExists(LeaseManager.java:155)
	at com.amazonaws.services.kinesis.clientlibrary.lib.worker.KinesisClientLibLeaseCoordinator.initialize(KinesisClientLibLeaseCoordinator.java:329)
	at com.amazonaws.services.kinesis.clientlibrary.lib.worker.Worker.initialize(Worker.java:674)
	at com.amazonaws.services.kinesis.clientlibrary.lib.worker.Worker.run(Worker.java:614)
	at java.lang.Thread.run(Thread.java:750)
Caused by: com.amazonaws.services.dynamodbv2.model.AmazonDynamoDBException: The security token included in the request is invalid. (Service: AmazonDynamoDBv2; Status Code: 400; Error Code: UnrecognizedClientException; Request ID: TDM8L296PTGDUIQQSENL652P5JVV4KQNSO5AEMVJF66Q9ASUAAJG; Proxy: null)
	at com.amazonaws.http.AmazonHttpClient$RequestExecutor.handleErrorResponse(AmazonHttpClient.java:1819)
	at com.amazonaws.http.AmazonHttpClient$RequestExecutor.handleServiceErrorResponse(AmazonHttpClient.java:1403)
	at com.amazonaws.http.AmazonHttpClient$RequestExecutor.executeOneRequest(AmazonHttpClient.java:1372)
	at com.amazonaws.http.AmazonHttpClient$RequestExecutor.executeHelper(AmazonHttpClient.java:1145)
	at com.amazonaws.http.AmazonHttpClient$RequestExecutor.doExecute(AmazonHttpClient.java:802)
	at com.amazonaws.http.AmazonHttpClient$RequestExecutor.executeWithTimer(AmazonHttpClient.java:770)
	at com.amazonaws.http.AmazonHttpClient$RequestExecutor.execute(AmazonHttpClient.java:744)
	at com.amazonaws.http.AmazonHttpClient$RequestExecutor.access$500(AmazonHttpClient.java:704)
	at com.amazonaws.http.AmazonHttpClient$RequestExecutionBuilderImpl.execute(AmazonHttpClient.java:686)
	at com.amazonaws.http.AmazonHttpClient.execute(AmazonHttpClient.java:550)
	at com.amazonaws.http.AmazonHttpClient.execute(AmazonHttpClient.java:530)
	at com.amazonaws.services.dynamodbv2.AmazonDynamoDBClient.doInvoke(AmazonDynamoDBClient.java:6214)
	at com.amazonaws.services.dynamodbv2.AmazonDynamoDBClient.invoke(AmazonDynamoDBClient.java:6181)
	at com.amazonaws.services.dynamodbv2.AmazonDynamoDBClient.executeCreateTable(AmazonDynamoDBClient.java:1160)
	at com.amazonaws.services.dynamodbv2.AmazonDynamoDBClient.createTable(AmazonDynamoDBClient.java:1124)
	at com.amazonaws.services.kinesis.leases.impl.LeaseManager.createLeaseTableIfNotExists(LeaseManager.java:148)
	... 4 more

May 02, 2024 2:26:18 AM com.amazonaws.services.kinesis.clientlibrary.lib.worker.Worker initialize
INFO: Initialization attempt 10
May 02, 2024 2:26:18 AM com.amazonaws.services.kinesis.clientlibrary.lib.worker.Worker initialize
INFO: Initializing LeaseCoordinator
May 02, 2024 2:26:18 AM com.amazonaws.services.kinesis.clientlibrary.lib.worker.Worker initialize
SEVERE: Caught exception when initializing LeaseCoordinator
com.amazonaws.services.kinesis.leases.exceptions.DependencyException: com.amazonaws.services.dynamodbv2.model.AmazonDynamoDBException: Request is missing Authentication Token (Service: AmazonDynamoDBv2; Status Code: 400; Error Code: MissingAuthenticationTokenException; Request ID: O90I7PIG9J6KQGNH5D9DT78LKFVV4KQNSO5AEMVJF66Q9ASUAAJG; Proxy: null)
	at com.amazonaws.services.kinesis.leases.impl.LeaseManager.createLeaseTableIfNotExists(LeaseManager.java:155)
	at com.amazonaws.services.kinesis.clientlibrary.lib.worker.KinesisClientLibLeaseCoordinator.initialize(KinesisClientLibLeaseCoordinator.java:329)
	at com.amazonaws.services.kinesis.clientlibrary.lib.worker.Worker.initialize(Worker.java:674)
	at com.amazonaws.services.kinesis.clientlibrary.lib.worker.Worker.run(Worker.java:614)
	at java.lang.Thread.run(Thread.java:750)
Caused by: com.amazonaws.services.dynamodbv2.model.AmazonDynamoDBException: Request is missing Authentication Token (Service: AmazonDynamoDBv2; Status Code: 400; Error Code: MissingAuthenticationTokenException; Request ID: O90I7PIG9J6KQGNH5D9DT78LKFVV4KQNSO5AEMVJF66Q9ASUAAJG; Proxy: null)
	at com.amazonaws.http.AmazonHttpClient$RequestExecutor.handleErrorResponse(AmazonHttpClient.java:1819)
	at com.amazonaws.http.AmazonHttpClient$RequestExecutor.handleServiceErrorResponse(AmazonHttpClient.java:1403)
	at com.amazonaws.http.AmazonHttpClient$RequestExecutor.executeOneRequest(AmazonHttpClient.java:1372)
	at com.amazonaws.http.AmazonHttpClient$RequestExecutor.executeHelper(AmazonHttpClient.java:1145)
	at com.amazonaws.http.AmazonHttpClient$RequestExecutor.doExecute(AmazonHttpClient.java:802)
	at com.amazonaws.http.AmazonHttpClient$RequestExecutor.executeWithTimer(AmazonHttpClient.java:770)
	at com.amazonaws.http.AmazonHttpClient$RequestExecutor.execute(AmazonHttpClient.java:744)
	at com.amazonaws.http.AmazonHttpClient$RequestExecutor.access$500(AmazonHttpClient.java:704)
	at com.amazonaws.http.AmazonHttpClient$RequestExecutionBuilderImpl.execute(AmazonHttpClient.java:686)
	at com.amazonaws.http.AmazonHttpClient.execute(AmazonHttpClient.java:550)
	at com.amazonaws.http.AmazonHttpClient.execute(AmazonHttpClient.java:530)
	at com.amazonaws.services.dynamodbv2.AmazonDynamoDBClient.doInvoke(AmazonDynamoDBClient.java:6214)
	at com.amazonaws.services.dynamodbv2.AmazonDynamoDBClient.invoke(AmazonDynamoDBClient.java:6181)
	at com.amazonaws.services.dynamodbv2.AmazonDynamoDBClient.executeCreateTable(AmazonDynamoDBClient.java:1160)
	at com.amazonaws.services.dynamodbv2.AmazonDynamoDBClient.createTable(AmazonDynamoDBClient.java:1124)
	at com.amazonaws.services.kinesis.leases.impl.LeaseManager.createLeaseTableIfNotExists(LeaseManager.java:148)
	... 4 more

May 02, 2024 2:26:18 AM com.amazonaws.services.kinesis.clientlibrary.lib.worker.Worker initialize
INFO: Initialization attempt 11
May 02, 2024 2:26:18 AM com.amazonaws.services.kinesis.clientlibrary.lib.worker.Worker initialize
INFO: Initializing LeaseCoordinator
May 02, 2024 2:26:18 AM com.amazonaws.services.kinesis.leases.impl.LeaseManager createLeaseTableIfNotExists
SEVERE: Failed to get table status for test-application
com.amazonaws.services.kinesis.leases.exceptions.DependencyException: com.amazonaws.services.dynamodbv2.model.AmazonDynamoDBException: Request is missing Authentication Token (Service: AmazonDynamoDBv2; Status Code: 400; Error Code: MissingAuthenticationTokenException; Request ID: BVDLRBE0SGDS0HGL6A1KHCEN6FVV4KQNSO5AEMVJF66Q9ASUAAJG; Proxy: null)
	at com.amazonaws.services.kinesis.leases.impl.LeaseManager.tableStatus(LeaseManager.java:183)
	at com.amazonaws.services.kinesis.leases.impl.LeaseManager.createLeaseTableIfNotExists(LeaseManager.java:126)
	at com.amazonaws.services.kinesis.clientlibrary.lib.worker.KinesisClientLibLeaseCoordinator.initialize(KinesisClientLibLeaseCoordinator.java:329)
	at com.amazonaws.services.kinesis.clientlibrary.lib.worker.Worker.initialize(Worker.java:674)
	at com.amazonaws.services.kinesis.clientlibrary.lib.worker.Worker.run(Worker.java:614)
	at java.lang.Thread.run(Thread.java:750)
Caused by: com.amazonaws.services.dynamodbv2.model.AmazonDynamoDBException: Request is missing Authentication Token (Service: AmazonDynamoDBv2; Status Code: 400; Error Code: MissingAuthenticationTokenException; Request ID: BVDLRBE0SGDS0HGL6A1KHCEN6FVV4KQNSO5AEMVJF66Q9ASUAAJG; Proxy: null)
	at com.amazonaws.http.AmazonHttpClient$RequestExecutor.handleErrorResponse(AmazonHttpClient.java:1819)
	at com.amazonaws.http.AmazonHttpClient$RequestExecutor.handleServiceErrorResponse(AmazonHttpClient.java:1403)
	at com.amazonaws.http.AmazonHttpClient$RequestExecutor.executeOneRequest(AmazonHttpClient.java:1372)
	at com.amazonaws.http.AmazonHttpClient$RequestExecutor.executeHelper(AmazonHttpClient.java:1145)
	at com.amazonaws.http.AmazonHttpClient$RequestExecutor.doExecute(AmazonHttpClient.java:802)
	at com.amazonaws.http.AmazonHttpClient$RequestExecutor.executeWithTimer(AmazonHttpClient.java:770)
	at com.amazonaws.http.AmazonHttpClient$RequestExecutor.execute(AmazonHttpClient.java:744)
	at com.amazonaws.http.AmazonHttpClient$RequestExecutor.access$500(AmazonHttpClient.java:704)
	at com.amazonaws.http.AmazonHttpClient$RequestExecutionBuilderImpl.execute(AmazonHttpClient.java:686)
	at com.amazonaws.http.AmazonHttpClient.execute(AmazonHttpClient.java:550)
	at com.amazonaws.http.AmazonHttpClient.execute(AmazonHttpClient.java:530)
	at com.amazonaws.services.dynamodbv2.AmazonDynamoDBClient.doInvoke(AmazonDynamoDBClient.java:6214)
	at com.amazonaws.services.dynamodbv2.AmazonDynamoDBClient.invoke(AmazonDynamoDBClient.java:6181)
	at com.amazonaws.services.dynamodbv2.AmazonDynamoDBClient.executeDescribeTable(AmazonDynamoDBClient.java:2247)
	at com.amazonaws.services.dynamodbv2.AmazonDynamoDBClient.describeTable(AmazonDynamoDBClient.java:2211)
	at com.amazonaws.services.kinesis.leases.impl.LeaseManager.tableStatus(LeaseManager.java:175)
	... 5 more

May 02, 2024 2:26:18 AM com.amazonaws.services.kinesis.leases.impl.LeaseManager createLeaseTableIfNotExists
SEVERE: Failed to get table status for test-application
com.amazonaws.services.kinesis.leases.exceptions.DependencyException: com.amazonaws.services.dynamodbv2.model.AmazonDynamoDBException: The security token included in the request is invalid. (Service: AmazonDynamoDBv2; Status Code: 400; Error Code: UnrecognizedClientException; Request ID: SH5QL74ABM3SRICIJEUGGM7BARVV4KQNSO5AEMVJF66Q9ASUAAJG; Proxy: null)
	at com.amazonaws.services.kinesis.leases.impl.LeaseManager.tableStatus(LeaseManager.java:183)
	at com.amazonaws.services.kinesis.leases.impl.LeaseManager.createLeaseTableIfNotExists(LeaseManager.java:126)
	at com.amazonaws.services.kinesis.clientlibrary.lib.worker.KinesisClientLibLeaseCoordinator.initialize(KinesisClientLibLeaseCoordinator.java:329)
	at com.amazonaws.services.kinesis.clientlibrary.lib.worker.Worker.initialize(Worker.java:674)
	at com.amazonaws.services.kinesis.clientlibrary.lib.worker.Worker.run(Worker.java:614)
	at java.lang.Thread.run(Thread.java:750)
Caused by: com.amazonaws.services.dynamodbv2.model.AmazonDynamoDBException: The security token included in the request is invalid. (Service: AmazonDynamoDBv2; Status Code: 400; Error Code: UnrecognizedClientException; Request ID: SH5QL74ABM3SRICIJEUGGM7BARVV4KQNSO5AEMVJF66Q9ASUAAJG; Proxy: null)
	at com.amazonaws.http.AmazonHttpClient$RequestExecutor.handleErrorResponse(AmazonHttpClient.java:1819)
	at com.amazonaws.http.AmazonHttpClient$RequestExecutor.handleServiceErrorResponse(AmazonHttpClient.java:1403)
	at com.amazonaws.http.AmazonHttpClient$RequestExecutor.executeOneRequest(AmazonHttpClient.java:1372)
	at com.amazonaws.http.AmazonHttpClient$RequestExecutor.executeHelper(AmazonHttpClient.java:1145)
	at com.amazonaws.http.AmazonHttpClient$RequestExecutor.doExecute(AmazonHttpClient.java:802)
	at com.amazonaws.http.AmazonHttpClient$RequestExecutor.executeWithTimer(AmazonHttpClient.java:770)
	at com.amazonaws.http.AmazonHttpClient$RequestExecutor.execute(AmazonHttpClient.java:744)
	at com.amazonaws.http.AmazonHttpClient$RequestExecutor.access$500(AmazonHttpClient.java:704)
	at com.amazonaws.http.AmazonHttpClient$RequestExecutionBuilderImpl.execute(AmazonHttpClient.java:686)
	at com.amazonaws.http.AmazonHttpClient.execute(AmazonHttpClient.java:550)
	at com.amazonaws.http.AmazonHttpClient.execute(AmazonHttpClient.java:530)
	at com.amazonaws.services.dynamodbv2.AmazonDynamoDBClient.doInvoke(AmazonDynamoDBClient.java:6214)
	at com.amazonaws.services.dynamodbv2.AmazonDynamoDBClient.invoke(AmazonDynamoDBClient.java:6181)
	at com.amazonaws.services.dynamodbv2.AmazonDynamoDBClient.executeDescribeTable(AmazonDynamoDBClient.java:2247)
	at com.amazonaws.services.dynamodbv2.AmazonDynamoDBClient.describeTable(AmazonDynamoDBClient.java:2211)
	at com.amazonaws.services.kinesis.leases.impl.LeaseManager.tableStatus(LeaseManager.java:175)
	... 5 more

May 02, 2024 2:26:18 AM com.amazonaws.services.kinesis.clientlibrary.lib.worker.Worker initialize
SEVERE: Caught exception when initializing LeaseCoordinator
com.amazonaws.services.kinesis.leases.exceptions.DependencyException: com.amazonaws.services.dynamodbv2.model.AmazonDynamoDBException: Request is missing Authentication Token (Service: AmazonDynamoDBv2; Status Code: 400; Error Code: MissingAuthenticationTokenException; Request ID: VC8E9EREUO84VJRLCVG3R3BBDBVV4KQNSO5AEMVJF66Q9ASUAAJG; Proxy: null)
	at com.amazonaws.services.kinesis.leases.impl.LeaseManager.createLeaseTableIfNotExists(LeaseManager.java:155)
	at com.amazonaws.services.kinesis.clientlibrary.lib.worker.KinesisClientLibLeaseCoordinator.initialize(KinesisClientLibLeaseCoordinator.java:329)
	at com.amazonaws.services.kinesis.clientlibrary.lib.worker.Worker.initialize(Worker.java:674)
	at com.amazonaws.services.kinesis.clientlibrary.lib.worker.Worker.run(Worker.java:614)
	at java.lang.Thread.run(Thread.java:750)
Caused by: com.amazonaws.services.dynamodbv2.model.AmazonDynamoDBException: Request is missing Authentication Token (Service: AmazonDynamoDBv2; Status Code: 400; Error Code: MissingAuthenticationTokenException; Request ID: VC8E9EREUO84VJRLCVG3R3BBDBVV4KQNSO5AEMVJF66Q9ASUAAJG; Proxy: null)
	at com.amazonaws.http.AmazonHttpClient$RequestExecutor.handleErrorResponse(AmazonHttpClient.java:1819)
	at com.amazonaws.http.AmazonHttpClient$RequestExecutor.handleServiceErrorResponse(AmazonHttpClient.java:1403)
	at com.amazonaws.http.AmazonHttpClient$RequestExecutor.executeOneRequest(AmazonHttpClient.java:1372)
	at com.amazonaws.http.AmazonHttpClient$RequestExecutor.executeHelper(AmazonHttpClient.java:1145)
	at com.amazonaws.http.AmazonHttpClient$RequestExecutor.doExecute(AmazonHttpClient.java:802)
	at com.amazonaws.http.AmazonHttpClient$RequestExecutor.executeWithTimer(AmazonHttpClient.java:770)
	at com.amazonaws.http.AmazonHttpClient$RequestExecutor.execute(AmazonHttpClient.java:744)
	at com.amazonaws.http.AmazonHttpClient$RequestExecutor.access$500(AmazonHttpClient.java:704)
	at com.amazonaws.http.AmazonHttpClient$RequestExecutionBuilderImpl.execute(AmazonHttpClient.java:686)
	at com.amazonaws.http.AmazonHttpClient.execute(AmazonHttpClient.java:550)
	at com.amazonaws.http.AmazonHttpClient.execute(AmazonHttpClient.java:530)
	at com.amazonaws.services.dynamodbv2.AmazonDynamoDBClient.doInvoke(AmazonDynamoDBClient.java:6214)
	at com.amazonaws.services.dynamodbv2.AmazonDynamoDBClient.invoke(AmazonDynamoDBClient.java:6181)
	at com.amazonaws.services.dynamodbv2.AmazonDynamoDBClient.executeCreateTable(AmazonDynamoDBClient.java:1160)
	at com.amazonaws.services.dynamodbv2.AmazonDynamoDBClient.createTable(AmazonDynamoDBClient.java:1124)
	at com.amazonaws.services.kinesis.leases.impl.LeaseManager.createLeaseTableIfNotExists(LeaseManager.java:148)
	... 4 more

May 02, 2024 2:26:18 AM com.amazonaws.services.kinesis.clientlibrary.lib.worker.Worker initialize
INFO: Initialization attempt 12
May 02, 2024 2:26:18 AM com.amazonaws.services.kinesis.clientlibrary.lib.worker.Worker initialize
INFO: Initializing LeaseCoordinator
May 02, 2024 2:26:18 AM com.amazonaws.services.kinesis.clientlibrary.lib.worker.Worker initialize
SEVERE: Caught exception when initializing LeaseCoordinator
com.amazonaws.services.kinesis.leases.exceptions.DependencyException: com.amazonaws.services.dynamodbv2.model.AmazonDynamoDBException: The security token included in the request is invalid. (Service: AmazonDynamoDBv2; Status Code: 400; Error Code: UnrecognizedClientException; Request ID: B8D6UF2RU0M8B4UPKGS6QIKJNJVV4KQNSO5AEMVJF66Q9ASUAAJG; Proxy: null)
	at com.amazonaws.services.kinesis.leases.impl.LeaseManager.createLeaseTableIfNotExists(LeaseManager.java:155)
	at com.amazonaws.services.kinesis.clientlibrary.lib.worker.KinesisClientLibLeaseCoordinator.initialize(KinesisClientLibLeaseCoordinator.java:329)
	at com.amazonaws.services.kinesis.clientlibrary.lib.worker.Worker.initialize(Worker.java:674)
	at com.amazonaws.services.kinesis.clientlibrary.lib.worker.Worker.run(Worker.java:614)
	at java.lang.Thread.run(Thread.java:750)
Caused by: com.amazonaws.services.dynamodbv2.model.AmazonDynamoDBException: The security token included in the request is invalid. (Service: AmazonDynamoDBv2; Status Code: 400; Error Code: UnrecognizedClientException; Request ID: B8D6UF2RU0M8B4UPKGS6QIKJNJVV4KQNSO5AEMVJF66Q9ASUAAJG; Proxy: null)
	at com.amazonaws.http.AmazonHttpClient$RequestExecutor.handleErrorResponse(AmazonHttpClient.java:1819)
	at com.amazonaws.http.AmazonHttpClient$RequestExecutor.handleServiceErrorResponse(AmazonHttpClient.java:1403)
	at com.amazonaws.http.AmazonHttpClient$RequestExecutor.executeOneRequest(AmazonHttpClient.java:1372)
	at com.amazonaws.http.AmazonHttpClient$RequestExecutor.executeHelper(AmazonHttpClient.java:1145)
	at com.amazonaws.http.AmazonHttpClient$RequestExecutor.doExecute(AmazonHttpClient.java:802)
	at com.amazonaws.http.AmazonHttpClient$RequestExecutor.executeWithTimer(AmazonHttpClient.java:770)
	at com.amazonaws.http.AmazonHttpClient$RequestExecutor.execute(AmazonHttpClient.java:744)
	at com.amazonaws.http.AmazonHttpClient$RequestExecutor.access$500(AmazonHttpClient.java:704)
	at com.amazonaws.http.AmazonHttpClient$RequestExecutionBuilderImpl.execute(AmazonHttpClient.java:686)
	at com.amazonaws.http.AmazonHttpClient.execute(AmazonHttpClient.java:550)
	at com.amazonaws.http.AmazonHttpClient.execute(AmazonHttpClient.java:530)
	at com.amazonaws.services.dynamodbv2.AmazonDynamoDBClient.doInvoke(AmazonDynamoDBClient.java:6214)
	at com.amazonaws.services.dynamodbv2.AmazonDynamoDBClient.invoke(AmazonDynamoDBClient.java:6181)
	at com.amazonaws.services.dynamodbv2.AmazonDynamoDBClient.executeCreateTable(AmazonDynamoDBClient.java:1160)
	at com.amazonaws.services.dynamodbv2.AmazonDynamoDBClient.createTable(AmazonDynamoDBClient.java:1124)
	at com.amazonaws.services.kinesis.leases.impl.LeaseManager.createLeaseTableIfNotExists(LeaseManager.java:148)
	... 4 more

May 02, 2024 2:26:18 AM com.amazonaws.services.kinesis.clientlibrary.lib.worker.Worker initialize
INFO: Initialization attempt 11
May 02, 2024 2:26:18 AM com.amazonaws.services.kinesis.clientlibrary.lib.worker.Worker initialize
INFO: Initializing LeaseCoordinator
May 02, 2024 2:26:18 AM com.amazonaws.services.kinesis.leases.impl.LeaseManager createLeaseTableIfNotExists
SEVERE: Failed to get table status for test-application
com.amazonaws.services.kinesis.leases.exceptions.DependencyException: com.amazonaws.services.dynamodbv2.model.AmazonDynamoDBException: Request is missing Authentication Token (Service: AmazonDynamoDBv2; Status Code: 400; Error Code: MissingAuthenticationTokenException; Request ID: TIPED6KE7HO99I16V97R8FVNFBVV4KQNSO5AEMVJF66Q9ASUAAJG; Proxy: null)
	at com.amazonaws.services.kinesis.leases.impl.LeaseManager.tableStatus(LeaseManager.java:183)
	at com.amazonaws.services.kinesis.leases.impl.LeaseManager.createLeaseTableIfNotExists(LeaseManager.java:126)
	at com.amazonaws.services.kinesis.clientlibrary.lib.worker.KinesisClientLibLeaseCoordinator.initialize(KinesisClientLibLeaseCoordinator.java:329)
	at com.amazonaws.services.kinesis.clientlibrary.lib.worker.Worker.initialize(Worker.java:674)
	at com.amazonaws.services.kinesis.clientlibrary.lib.worker.Worker.run(Worker.java:614)
	at java.lang.Thread.run(Thread.java:750)
Caused by: com.amazonaws.services.dynamodbv2.model.AmazonDynamoDBException: Request is missing Authentication Token (Service: AmazonDynamoDBv2; Status Code: 400; Error Code: MissingAuthenticationTokenException; Request ID: TIPED6KE7HO99I16V97R8FVNFBVV4KQNSO5AEMVJF66Q9ASUAAJG; Proxy: null)
	at com.amazonaws.http.AmazonHttpClient$RequestExecutor.handleErrorResponse(AmazonHttpClient.java:1819)
	at com.amazonaws.http.AmazonHttpClient$RequestExecutor.handleServiceErrorResponse(AmazonHttpClient.java:1403)
	at com.amazonaws.http.AmazonHttpClient$RequestExecutor.executeOneRequest(AmazonHttpClient.java:1372)
	at com.amazonaws.http.AmazonHttpClient$RequestExecutor.executeHelper(AmazonHttpClient.java:1145)
	at com.amazonaws.http.AmazonHttpClient$RequestExecutor.doExecute(AmazonHttpClient.java:802)
	at com.amazonaws.http.AmazonHttpClient$RequestExecutor.executeWithTimer(AmazonHttpClient.java:770)
	at com.amazonaws.http.AmazonHttpClient$RequestExecutor.execute(AmazonHttpClient.java:744)
	at com.amazonaws.http.AmazonHttpClient$RequestExecutor.access$500(AmazonHttpClient.java:704)
	at com.amazonaws.http.AmazonHttpClient$RequestExecutionBuilderImpl.execute(AmazonHttpClient.java:686)
	at com.amazonaws.http.AmazonHttpClient.execute(AmazonHttpClient.java:550)
	at com.amazonaws.http.AmazonHttpClient.execute(AmazonHttpClient.java:530)
	at com.amazonaws.services.dynamodbv2.AmazonDynamoDBClient.doInvoke(AmazonDynamoDBClient.java:6214)
	at com.amazonaws.services.dynamodbv2.AmazonDynamoDBClient.invoke(AmazonDynamoDBClient.java:6181)
	at com.amazonaws.services.dynamodbv2.AmazonDynamoDBClient.executeDescribeTable(AmazonDynamoDBClient.java:2247)
	at com.amazonaws.services.dynamodbv2.AmazonDynamoDBClient.describeTable(AmazonDynamoDBClient.java:2211)
	at com.amazonaws.services.kinesis.leases.impl.LeaseManager.tableStatus(LeaseManager.java:175)
	... 5 more

May 02, 2024 2:26:18 AM com.amazonaws.services.kinesis.leases.impl.LeaseManager createLeaseTableIfNotExists
SEVERE: Failed to get table status for test-application
com.amazonaws.services.kinesis.leases.exceptions.DependencyException: com.amazonaws.services.dynamodbv2.model.AmazonDynamoDBException: The security token included in the request is invalid. (Service: AmazonDynamoDBv2; Status Code: 400; Error Code: UnrecognizedClientException; Request ID: 0C8LLDQATNCT35H3RGHIDA5ILFVV4KQNSO5AEMVJF66Q9ASUAAJG; Proxy: null)
	at com.amazonaws.services.kinesis.leases.impl.LeaseManager.tableStatus(LeaseManager.java:183)
	at com.amazonaws.services.kinesis.leases.impl.LeaseManager.createLeaseTableIfNotExists(LeaseManager.java:126)
	at com.amazonaws.services.kinesis.clientlibrary.lib.worker.KinesisClientLibLeaseCoordinator.initialize(KinesisClientLibLeaseCoordinator.java:329)
	at com.amazonaws.services.kinesis.clientlibrary.lib.worker.Worker.initialize(Worker.java:674)
	at com.amazonaws.services.kinesis.clientlibrary.lib.worker.Worker.run(Worker.java:614)
	at java.lang.Thread.run(Thread.java:750)
Caused by: com.amazonaws.services.dynamodbv2.model.AmazonDynamoDBException: The security token included in the request is invalid. (Service: AmazonDynamoDBv2; Status Code: 400; Error Code: UnrecognizedClientException; Request ID: 0C8LLDQATNCT35H3RGHIDA5ILFVV4KQNSO5AEMVJF66Q9ASUAAJG; Proxy: null)
	at com.amazonaws.http.AmazonHttpClient$RequestExecutor.handleErrorResponse(AmazonHttpClient.java:1819)
	at com.amazonaws.http.AmazonHttpClient$RequestExecutor.handleServiceErrorResponse(AmazonHttpClient.java:1403)
	at com.amazonaws.http.AmazonHttpClient$RequestExecutor.executeOneRequest(AmazonHttpClient.java:1372)
	at com.amazonaws.http.AmazonHttpClient$RequestExecutor.executeHelper(AmazonHttpClient.java:1145)
	at com.amazonaws.http.AmazonHttpClient$RequestExecutor.doExecute(AmazonHttpClient.java:802)
	at com.amazonaws.http.AmazonHttpClient$RequestExecutor.executeWithTimer(AmazonHttpClient.java:770)
	at com.amazonaws.http.AmazonHttpClient$RequestExecutor.execute(AmazonHttpClient.java:744)
	at com.amazonaws.http.AmazonHttpClient$RequestExecutor.access$500(AmazonHttpClient.java:704)
	at com.amazonaws.http.AmazonHttpClient$RequestExecutionBuilderImpl.execute(AmazonHttpClient.java:686)
	at com.amazonaws.http.AmazonHttpClient.execute(AmazonHttpClient.java:550)
	at com.amazonaws.http.AmazonHttpClient.execute(AmazonHttpClient.java:530)
	at com.amazonaws.services.dynamodbv2.AmazonDynamoDBClient.doInvoke(AmazonDynamoDBClient.java:6214)
	at com.amazonaws.services.dynamodbv2.AmazonDynamoDBClient.invoke(AmazonDynamoDBClient.java:6181)
	at com.amazonaws.services.dynamodbv2.AmazonDynamoDBClient.executeDescribeTable(AmazonDynamoDBClient.java:2247)
	at com.amazonaws.services.dynamodbv2.AmazonDynamoDBClient.describeTable(AmazonDynamoDBClient.java:2211)
	at com.amazonaws.services.kinesis.leases.impl.LeaseManager.tableStatus(LeaseManager.java:175)
	... 5 more

May 02, 2024 2:26:19 AM com.amazonaws.services.kinesis.clientlibrary.lib.worker.Worker initialize
SEVERE: Caught exception when initializing LeaseCoordinator
com.amazonaws.services.kinesis.leases.exceptions.DependencyException: com.amazonaws.services.dynamodbv2.model.AmazonDynamoDBException: Request is missing Authentication Token (Service: AmazonDynamoDBv2; Status Code: 400; Error Code: MissingAuthenticationTokenException; Request ID: 3ELMIBF8TOJS51KHC5OKKM2077VV4KQNSO5AEMVJF66Q9ASUAAJG; Proxy: null)
	at com.amazonaws.services.kinesis.leases.impl.LeaseManager.createLeaseTableIfNotExists(LeaseManager.java:155)
	at com.amazonaws.services.kinesis.clientlibrary.lib.worker.KinesisClientLibLeaseCoordinator.initialize(KinesisClientLibLeaseCoordinator.java:329)
	at com.amazonaws.services.kinesis.clientlibrary.lib.worker.Worker.initialize(Worker.java:674)
	at com.amazonaws.services.kinesis.clientlibrary.lib.worker.Worker.run(Worker.java:614)
	at java.lang.Thread.run(Thread.java:750)
Caused by: com.amazonaws.services.dynamodbv2.model.AmazonDynamoDBException: Request is missing Authentication Token (Service: AmazonDynamoDBv2; Status Code: 400; Error Code: MissingAuthenticationTokenException; Request ID: 3ELMIBF8TOJS51KHC5OKKM2077VV4KQNSO5AEMVJF66Q9ASUAAJG; Proxy: null)
	at com.amazonaws.http.AmazonHttpClient$RequestExecutor.handleErrorResponse(AmazonHttpClient.java:1819)
	at com.amazonaws.http.AmazonHttpClient$RequestExecutor.handleServiceErrorResponse(AmazonHttpClient.java:1403)
	at com.amazonaws.http.AmazonHttpClient$RequestExecutor.executeOneRequest(AmazonHttpClient.java:1372)
	at com.amazonaws.http.AmazonHttpClient$RequestExecutor.executeHelper(AmazonHttpClient.java:1145)
	at com.amazonaws.http.AmazonHttpClient$RequestExecutor.doExecute(AmazonHttpClient.java:802)
	at com.amazonaws.http.AmazonHttpClient$RequestExecutor.executeWithTimer(AmazonHttpClient.java:770)
	at com.amazonaws.http.AmazonHttpClient$RequestExecutor.execute(AmazonHttpClient.java:744)
	at com.amazonaws.http.AmazonHttpClient$RequestExecutor.access$500(AmazonHttpClient.java:704)
	at com.amazonaws.http.AmazonHttpClient$RequestExecutionBuilderImpl.execute(AmazonHttpClient.java:686)
	at com.amazonaws.http.AmazonHttpClient.execute(AmazonHttpClient.java:550)
	at com.amazonaws.http.AmazonHttpClient.execute(AmazonHttpClient.java:530)
	at com.amazonaws.services.dynamodbv2.AmazonDynamoDBClient.doInvoke(AmazonDynamoDBClient.java:6214)
	at com.amazonaws.services.dynamodbv2.AmazonDynamoDBClient.invoke(AmazonDynamoDBClient.java:6181)
	at com.amazonaws.services.dynamodbv2.AmazonDynamoDBClient.executeCreateTable(AmazonDynamoDBClient.java:1160)
	at com.amazonaws.services.dynamodbv2.AmazonDynamoDBClient.createTable(AmazonDynamoDBClient.java:1124)
	at com.amazonaws.services.kinesis.leases.impl.LeaseManager.createLeaseTableIfNotExists(LeaseManager.java:148)
	... 4 more

May 02, 2024 2:26:19 AM com.amazonaws.services.kinesis.clientlibrary.lib.worker.Worker initialize
INFO: Initialization attempt 13
May 02, 2024 2:26:19 AM com.amazonaws.services.kinesis.clientlibrary.lib.worker.Worker initialize
INFO: Initializing LeaseCoordinator
May 02, 2024 2:26:19 AM com.amazonaws.services.kinesis.clientlibrary.lib.worker.Worker initialize
SEVERE: Caught exception when initializing LeaseCoordinator
com.amazonaws.services.kinesis.leases.exceptions.DependencyException: com.amazonaws.services.dynamodbv2.model.AmazonDynamoDBException: The security token included in the request is invalid. (Service: AmazonDynamoDBv2; Status Code: 400; Error Code: UnrecognizedClientException; Request ID: 7MQJICQ5P40IAPD1FP8GT7PNGJVV4KQNSO5AEMVJF66Q9ASUAAJG; Proxy: null)
	at com.amazonaws.services.kinesis.leases.impl.LeaseManager.createLeaseTableIfNotExists(LeaseManager.java:155)
	at com.amazonaws.services.kinesis.clientlibrary.lib.worker.KinesisClientLibLeaseCoordinator.initialize(KinesisClientLibLeaseCoordinator.java:329)
	at com.amazonaws.services.kinesis.clientlibrary.lib.worker.Worker.initialize(Worker.java:674)
	at com.amazonaws.services.kinesis.clientlibrary.lib.worker.Worker.run(Worker.java:614)
	at java.lang.Thread.run(Thread.java:750)
Caused by: com.amazonaws.services.dynamodbv2.model.AmazonDynamoDBException: The security token included in the request is invalid. (Service: AmazonDynamoDBv2; Status Code: 400; Error Code: UnrecognizedClientException; Request ID: 7MQJICQ5P40IAPD1FP8GT7PNGJVV4KQNSO5AEMVJF66Q9ASUAAJG; Proxy: null)
	at com.amazonaws.http.AmazonHttpClient$RequestExecutor.handleErrorResponse(AmazonHttpClient.java:1819)
	at com.amazonaws.http.AmazonHttpClient$RequestExecutor.handleServiceErrorResponse(AmazonHttpClient.java:1403)
	at com.amazonaws.http.AmazonHttpClient$RequestExecutor.executeOneRequest(AmazonHttpClient.java:1372)
	at com.amazonaws.http.AmazonHttpClient$RequestExecutor.executeHelper(AmazonHttpClient.java:1145)
	at com.amazonaws.http.AmazonHttpClient$RequestExecutor.doExecute(AmazonHttpClient.java:802)
	at com.amazonaws.http.AmazonHttpClient$RequestExecutor.executeWithTimer(AmazonHttpClient.java:770)
	at com.amazonaws.http.AmazonHttpClient$RequestExecutor.execute(AmazonHttpClient.java:744)
	at com.amazonaws.http.AmazonHttpClient$RequestExecutor.access$500(AmazonHttpClient.java:704)
	at com.amazonaws.http.AmazonHttpClient$RequestExecutionBuilderImpl.execute(AmazonHttpClient.java:686)
	at com.amazonaws.http.AmazonHttpClient.execute(AmazonHttpClient.java:550)
	at com.amazonaws.http.AmazonHttpClient.execute(AmazonHttpClient.java:530)
	at com.amazonaws.services.dynamodbv2.AmazonDynamoDBClient.doInvoke(AmazonDynamoDBClient.java:6214)
	at com.amazonaws.services.dynamodbv2.AmazonDynamoDBClient.invoke(AmazonDynamoDBClient.java:6181)
	at com.amazonaws.services.dynamodbv2.AmazonDynamoDBClient.executeCreateTable(AmazonDynamoDBClient.java:1160)
	at com.amazonaws.services.dynamodbv2.AmazonDynamoDBClient.createTable(AmazonDynamoDBClient.java:1124)
	at com.amazonaws.services.kinesis.leases.impl.LeaseManager.createLeaseTableIfNotExists(LeaseManager.java:148)
	... 4 more

May 02, 2024 2:26:19 AM com.amazonaws.services.kinesis.clientlibrary.lib.worker.Worker initialize
INFO: Initialization attempt 12
May 02, 2024 2:26:19 AM com.amazonaws.services.kinesis.clientlibrary.lib.worker.Worker initialize
INFO: Initializing LeaseCoordinator
May 02, 2024 2:26:19 AM com.amazonaws.services.kinesis.leases.impl.LeaseManager createLeaseTableIfNotExists
SEVERE: Failed to get table status for test-application
com.amazonaws.services.kinesis.leases.exceptions.DependencyException: com.amazonaws.services.dynamodbv2.model.AmazonDynamoDBException: Request is missing Authentication Token (Service: AmazonDynamoDBv2; Status Code: 400; Error Code: MissingAuthenticationTokenException; Request ID: USSENIKAG9RB771ADF66HT4DHRVV4KQNSO5AEMVJF66Q9ASUAAJG; Proxy: null)
	at com.amazonaws.services.kinesis.leases.impl.LeaseManager.tableStatus(LeaseManager.java:183)
	at com.amazonaws.services.kinesis.leases.impl.LeaseManager.createLeaseTableIfNotExists(LeaseManager.java:126)
	at com.amazonaws.services.kinesis.clientlibrary.lib.worker.KinesisClientLibLeaseCoordinator.initialize(KinesisClientLibLeaseCoordinator.java:329)
	at com.amazonaws.services.kinesis.clientlibrary.lib.worker.Worker.initialize(Worker.java:674)
	at com.amazonaws.services.kinesis.clientlibrary.lib.worker.Worker.run(Worker.java:614)
	at java.lang.Thread.run(Thread.java:750)
Caused by: com.amazonaws.services.dynamodbv2.model.AmazonDynamoDBException: Request is missing Authentication Token (Service: AmazonDynamoDBv2; Status Code: 400; Error Code: MissingAuthenticationTokenException; Request ID: USSENIKAG9RB771ADF66HT4DHRVV4KQNSO5AEMVJF66Q9ASUAAJG; Proxy: null)
	at com.amazonaws.http.AmazonHttpClient$RequestExecutor.handleErrorResponse(AmazonHttpClient.java:1819)
	at com.amazonaws.http.AmazonHttpClient$RequestExecutor.handleServiceErrorResponse(AmazonHttpClient.java:1403)
	at com.amazonaws.http.AmazonHttpClient$RequestExecutor.executeOneRequest(AmazonHttpClient.java:1372)
	at com.amazonaws.http.AmazonHttpClient$RequestExecutor.executeHelper(AmazonHttpClient.java:1145)
	at com.amazonaws.http.AmazonHttpClient$RequestExecutor.doExecute(AmazonHttpClient.java:802)
	at com.amazonaws.http.AmazonHttpClient$RequestExecutor.executeWithTimer(AmazonHttpClient.java:770)
	at com.amazonaws.http.AmazonHttpClient$RequestExecutor.execute(AmazonHttpClient.java:744)
	at com.amazonaws.http.AmazonHttpClient$RequestExecutor.access$500(AmazonHttpClient.java:704)
	at com.amazonaws.http.AmazonHttpClient$RequestExecutionBuilderImpl.execute(AmazonHttpClient.java:686)
	at com.amazonaws.http.AmazonHttpClient.execute(AmazonHttpClient.java:550)
	at com.amazonaws.http.AmazonHttpClient.execute(AmazonHttpClient.java:530)
	at com.amazonaws.services.dynamodbv2.AmazonDynamoDBClient.doInvoke(AmazonDynamoDBClient.java:6214)
	at com.amazonaws.services.dynamodbv2.AmazonDynamoDBClient.invoke(AmazonDynamoDBClient.java:6181)
	at com.amazonaws.services.dynamodbv2.AmazonDynamoDBClient.executeDescribeTable(AmazonDynamoDBClient.java:2247)
	at com.amazonaws.services.dynamodbv2.AmazonDynamoDBClient.describeTable(AmazonDynamoDBClient.java:2211)
	at com.amazonaws.services.kinesis.leases.impl.LeaseManager.tableStatus(LeaseManager.java:175)
	... 5 more

May 02, 2024 2:26:19 AM com.amazonaws.services.kinesis.leases.impl.LeaseManager createLeaseTableIfNotExists
SEVERE: Failed to get table status for test-application
com.amazonaws.services.kinesis.leases.exceptions.DependencyException: com.amazonaws.services.dynamodbv2.model.AmazonDynamoDBException: The security token included in the request is invalid. (Service: AmazonDynamoDBv2; Status Code: 400; Error Code: UnrecognizedClientException; Request ID: ESVFRPBF0DAS46HGNA03M84T7FVV4KQNSO5AEMVJF66Q9ASUAAJG; Proxy: null)
	at com.amazonaws.services.kinesis.leases.impl.LeaseManager.tableStatus(LeaseManager.java:183)
	at com.amazonaws.services.kinesis.leases.impl.LeaseManager.createLeaseTableIfNotExists(LeaseManager.java:126)
	at com.amazonaws.services.kinesis.clientlibrary.lib.worker.KinesisClientLibLeaseCoordinator.initialize(KinesisClientLibLeaseCoordinator.java:329)
	at com.amazonaws.services.kinesis.clientlibrary.lib.worker.Worker.initialize(Worker.java:674)
	at com.amazonaws.services.kinesis.clientlibrary.lib.worker.Worker.run(Worker.java:614)
	at java.lang.Thread.run(Thread.java:750)
Caused by: com.amazonaws.services.dynamodbv2.model.AmazonDynamoDBException: The security token included in the request is invalid. (Service: AmazonDynamoDBv2; Status Code: 400; Error Code: UnrecognizedClientException; Request ID: ESVFRPBF0DAS46HGNA03M84T7FVV4KQNSO5AEMVJF66Q9ASUAAJG; Proxy: null)
	at com.amazonaws.http.AmazonHttpClient$RequestExecutor.handleErrorResponse(AmazonHttpClient.java:1819)
	at com.amazonaws.http.AmazonHttpClient$RequestExecutor.handleServiceErrorResponse(AmazonHttpClient.java:1403)
	at com.amazonaws.http.AmazonHttpClient$RequestExecutor.executeOneRequest(AmazonHttpClient.java:1372)
	at com.amazonaws.http.AmazonHttpClient$RequestExecutor.executeHelper(AmazonHttpClient.java:1145)
	at com.amazonaws.http.AmazonHttpClient$RequestExecutor.doExecute(AmazonHttpClient.java:802)
	at com.amazonaws.http.AmazonHttpClient$RequestExecutor.executeWithTimer(AmazonHttpClient.java:770)
	at com.amazonaws.http.AmazonHttpClient$RequestExecutor.execute(AmazonHttpClient.java:744)
	at com.amazonaws.http.AmazonHttpClient$RequestExecutor.access$500(AmazonHttpClient.java:704)
	at com.amazonaws.http.AmazonHttpClient$RequestExecutionBuilderImpl.execute(AmazonHttpClient.java:686)
	at com.amazonaws.http.AmazonHttpClient.execute(AmazonHttpClient.java:550)
	at com.amazonaws.http.AmazonHttpClient.execute(AmazonHttpClient.java:530)
	at com.amazonaws.services.dynamodbv2.AmazonDynamoDBClient.doInvoke(AmazonDynamoDBClient.java:6214)
	at com.amazonaws.services.dynamodbv2.AmazonDynamoDBClient.invoke(AmazonDynamoDBClient.java:6181)
	at com.amazonaws.services.dynamodbv2.AmazonDynamoDBClient.executeDescribeTable(AmazonDynamoDBClient.java:2247)
	at com.amazonaws.services.dynamodbv2.AmazonDynamoDBClient.describeTable(AmazonDynamoDBClient.java:2211)
	at com.amazonaws.services.kinesis.leases.impl.LeaseManager.tableStatus(LeaseManager.java:175)
	... 5 more

May 02, 2024 2:26:19 AM com.amazonaws.services.kinesis.clientlibrary.lib.worker.Worker initialize
SEVERE: Caught exception when initializing LeaseCoordinator
com.amazonaws.services.kinesis.leases.exceptions.DependencyException: com.amazonaws.services.dynamodbv2.model.AmazonDynamoDBException: Request is missing Authentication Token (Service: AmazonDynamoDBv2; Status Code: 400; Error Code: MissingAuthenticationTokenException; Request ID: K200CKH8C2N9VCB98IVIV4UTO7VV4KQNSO5AEMVJF66Q9ASUAAJG; Proxy: null)
	at com.amazonaws.services.kinesis.leases.impl.LeaseManager.createLeaseTableIfNotExists(LeaseManager.java:155)
	at com.amazonaws.services.kinesis.clientlibrary.lib.worker.KinesisClientLibLeaseCoordinator.initialize(KinesisClientLibLeaseCoordinator.java:329)
	at com.amazonaws.services.kinesis.clientlibrary.lib.worker.Worker.initialize(Worker.java:674)
	at com.amazonaws.services.kinesis.clientlibrary.lib.worker.Worker.run(Worker.java:614)
	at java.lang.Thread.run(Thread.java:750)
Caused by: com.amazonaws.services.dynamodbv2.model.AmazonDynamoDBException: Request is missing Authentication Token (Service: AmazonDynamoDBv2; Status Code: 400; Error Code: MissingAuthenticationTokenException; Request ID: K200CKH8C2N9VCB98IVIV4UTO7VV4KQNSO5AEMVJF66Q9ASUAAJG; Proxy: null)
	at com.amazonaws.http.AmazonHttpClient$RequestExecutor.handleErrorResponse(AmazonHttpClient.java:1819)
	at com.amazonaws.http.AmazonHttpClient$RequestExecutor.handleServiceErrorResponse(AmazonHttpClient.java:1403)
	at com.amazonaws.http.AmazonHttpClient$RequestExecutor.executeOneRequest(AmazonHttpClient.java:1372)
	at com.amazonaws.http.AmazonHttpClient$RequestExecutor.executeHelper(AmazonHttpClient.java:1145)
	at com.amazonaws.http.AmazonHttpClient$RequestExecutor.doExecute(AmazonHttpClient.java:802)
	at com.amazonaws.http.AmazonHttpClient$RequestExecutor.executeWithTimer(AmazonHttpClient.java:770)
	at com.amazonaws.http.AmazonHttpClient$RequestExecutor.execute(AmazonHttpClient.java:744)
	at com.amazonaws.http.AmazonHttpClient$RequestExecutor.access$500(AmazonHttpClient.java:704)
	at com.amazonaws.http.AmazonHttpClient$RequestExecutionBuilderImpl.execute(AmazonHttpClient.java:686)
	at com.amazonaws.http.AmazonHttpClient.execute(AmazonHttpClient.java:550)
	at com.amazonaws.http.AmazonHttpClient.execute(AmazonHttpClient.java:530)
	at com.amazonaws.services.dynamodbv2.AmazonDynamoDBClient.doInvoke(AmazonDynamoDBClient.java:6214)
	at com.amazonaws.services.dynamodbv2.AmazonDynamoDBClient.invoke(AmazonDynamoDBClient.java:6181)
	at com.amazonaws.services.dynamodbv2.AmazonDynamoDBClient.executeCreateTable(AmazonDynamoDBClient.java:1160)
	at com.amazonaws.services.dynamodbv2.AmazonDynamoDBClient.createTable(AmazonDynamoDBClient.java:1124)
	at com.amazonaws.services.kinesis.leases.impl.LeaseManager.createLeaseTableIfNotExists(LeaseManager.java:148)
	... 4 more

May 02, 2024 2:26:19 AM com.amazonaws.services.kinesis.clientlibrary.lib.worker.Worker initialize
INFO: Initialization attempt 14
May 02, 2024 2:26:19 AM com.amazonaws.services.kinesis.clientlibrary.lib.worker.Worker initialize
INFO: Initializing LeaseCoordinator
May 02, 2024 2:26:19 AM com.amazonaws.services.kinesis.clientlibrary.lib.worker.Worker initialize
SEVERE: Caught exception when initializing LeaseCoordinator
com.amazonaws.services.kinesis.leases.exceptions.DependencyException: com.amazonaws.services.dynamodbv2.model.AmazonDynamoDBException: The security token included in the request is invalid. (Service: AmazonDynamoDBv2; Status Code: 400; Error Code: UnrecognizedClientException; Request ID: P1312VDC5HLFGTH7MVE56569C3VV4KQNSO5AEMVJF66Q9ASUAAJG; Proxy: null)
	at com.amazonaws.services.kinesis.leases.impl.LeaseManager.createLeaseTableIfNotExists(LeaseManager.java:155)
	at com.amazonaws.services.kinesis.clientlibrary.lib.worker.KinesisClientLibLeaseCoordinator.initialize(KinesisClientLibLeaseCoordinator.java:329)
	at com.amazonaws.services.kinesis.clientlibrary.lib.worker.Worker.initialize(Worker.java:674)
	at com.amazonaws.services.kinesis.clientlibrary.lib.worker.Worker.run(Worker.java:614)
	at java.lang.Thread.run(Thread.java:750)
Caused by: com.amazonaws.services.dynamodbv2.model.AmazonDynamoDBException: The security token included in the request is invalid. (Service: AmazonDynamoDBv2; Status Code: 400; Error Code: UnrecognizedClientException; Request ID: P1312VDC5HLFGTH7MVE56569C3VV4KQNSO5AEMVJF66Q9ASUAAJG; Proxy: null)
	at com.amazonaws.http.AmazonHttpClient$RequestExecutor.handleErrorResponse(AmazonHttpClient.java:1819)
	at com.amazonaws.http.AmazonHttpClient$RequestExecutor.handleServiceErrorResponse(AmazonHttpClient.java:1403)
	at com.amazonaws.http.AmazonHttpClient$RequestExecutor.executeOneRequest(AmazonHttpClient.java:1372)
	at com.amazonaws.http.AmazonHttpClient$RequestExecutor.executeHelper(AmazonHttpClient.java:1145)
	at com.amazonaws.http.AmazonHttpClient$RequestExecutor.doExecute(AmazonHttpClient.java:802)
	at com.amazonaws.http.AmazonHttpClient$RequestExecutor.executeWithTimer(AmazonHttpClient.java:770)
	at com.amazonaws.http.AmazonHttpClient$RequestExecutor.execute(AmazonHttpClient.java:744)
	at com.amazonaws.http.AmazonHttpClient$RequestExecutor.access$500(AmazonHttpClient.java:704)
	at com.amazonaws.http.AmazonHttpClient$RequestExecutionBuilderImpl.execute(AmazonHttpClient.java:686)
	at com.amazonaws.http.AmazonHttpClient.execute(AmazonHttpClient.java:550)
	at com.amazonaws.http.AmazonHttpClient.execute(AmazonHttpClient.java:530)
	at com.amazonaws.services.dynamodbv2.AmazonDynamoDBClient.doInvoke(AmazonDynamoDBClient.java:6214)
	at com.amazonaws.services.dynamodbv2.AmazonDynamoDBClient.invoke(AmazonDynamoDBClient.java:6181)
	at com.amazonaws.services.dynamodbv2.AmazonDynamoDBClient.executeCreateTable(AmazonDynamoDBClient.java:1160)
	at com.amazonaws.services.dynamodbv2.AmazonDynamoDBClient.createTable(AmazonDynamoDBClient.java:1124)
	at com.amazonaws.services.kinesis.leases.impl.LeaseManager.createLeaseTableIfNotExists(LeaseManager.java:148)
	... 4 more

May 02, 2024 2:26:19 AM com.amazonaws.services.kinesis.clientlibrary.lib.worker.Worker initialize
INFO: Initialization attempt 13
May 02, 2024 2:26:19 AM com.amazonaws.services.kinesis.clientlibrary.lib.worker.Worker initialize
INFO: Initializing LeaseCoordinator
May 02, 2024 2:26:19 AM com.amazonaws.services.kinesis.leases.impl.LeaseManager createLeaseTableIfNotExists
SEVERE: Failed to get table status for test-application
com.amazonaws.services.kinesis.leases.exceptions.DependencyException: com.amazonaws.services.dynamodbv2.model.AmazonDynamoDBException: Request is missing Authentication Token (Service: AmazonDynamoDBv2; Status Code: 400; Error Code: MissingAuthenticationTokenException; Request ID: N2NDO46PCMHISDT8MF1BLD0M77VV4KQNSO5AEMVJF66Q9ASUAAJG; Proxy: null)
	at com.amazonaws.services.kinesis.leases.impl.LeaseManager.tableStatus(LeaseManager.java:183)
	at com.amazonaws.services.kinesis.leases.impl.LeaseManager.createLeaseTableIfNotExists(LeaseManager.java:126)
	at com.amazonaws.services.kinesis.clientlibrary.lib.worker.KinesisClientLibLeaseCoordinator.initialize(KinesisClientLibLeaseCoordinator.java:329)
	at com.amazonaws.services.kinesis.clientlibrary.lib.worker.Worker.initialize(Worker.java:674)
	at com.amazonaws.services.kinesis.clientlibrary.lib.worker.Worker.run(Worker.java:614)
	at java.lang.Thread.run(Thread.java:750)
Caused by: com.amazonaws.services.dynamodbv2.model.AmazonDynamoDBException: Request is missing Authentication Token (Service: AmazonDynamoDBv2; Status Code: 400; Error Code: MissingAuthenticationTokenException; Request ID: N2NDO46PCMHISDT8MF1BLD0M77VV4KQNSO5AEMVJF66Q9ASUAAJG; Proxy: null)
	at com.amazonaws.http.AmazonHttpClient$RequestExecutor.handleErrorResponse(AmazonHttpClient.java:1819)
	at com.amazonaws.http.AmazonHttpClient$RequestExecutor.handleServiceErrorResponse(AmazonHttpClient.java:1403)
	at com.amazonaws.http.AmazonHttpClient$RequestExecutor.executeOneRequest(AmazonHttpClient.java:1372)
	at com.amazonaws.http.AmazonHttpClient$RequestExecutor.executeHelper(AmazonHttpClient.java:1145)
	at com.amazonaws.http.AmazonHttpClient$RequestExecutor.doExecute(AmazonHttpClient.java:802)
	at com.amazonaws.http.AmazonHttpClient$RequestExecutor.executeWithTimer(AmazonHttpClient.java:770)
	at com.amazonaws.http.AmazonHttpClient$RequestExecutor.execute(AmazonHttpClient.java:744)
	at com.amazonaws.http.AmazonHttpClient$RequestExecutor.access$500(AmazonHttpClient.java:704)
	at com.amazonaws.http.AmazonHttpClient$RequestExecutionBuilderImpl.execute(AmazonHttpClient.java:686)
	at com.amazonaws.http.AmazonHttpClient.execute(AmazonHttpClient.java:550)
	at com.amazonaws.http.AmazonHttpClient.execute(AmazonHttpClient.java:530)
	at com.amazonaws.services.dynamodbv2.AmazonDynamoDBClient.doInvoke(AmazonDynamoDBClient.java:6214)
	at com.amazonaws.services.dynamodbv2.AmazonDynamoDBClient.invoke(AmazonDynamoDBClient.java:6181)
	at com.amazonaws.services.dynamodbv2.AmazonDynamoDBClient.executeDescribeTable(AmazonDynamoDBClient.java:2247)
	at com.amazonaws.services.dynamodbv2.AmazonDynamoDBClient.describeTable(AmazonDynamoDBClient.java:2211)
	at com.amazonaws.services.kinesis.leases.impl.LeaseManager.tableStatus(LeaseManager.java:175)
	... 5 more

May 02, 2024 2:26:19 AM com.amazonaws.services.kinesis.leases.impl.LeaseManager createLeaseTableIfNotExists
SEVERE: Failed to get table status for test-application
com.amazonaws.services.kinesis.leases.exceptions.DependencyException: com.amazonaws.services.dynamodbv2.model.AmazonDynamoDBException: The security token included in the request is invalid. (Service: AmazonDynamoDBv2; Status Code: 400; Error Code: UnrecognizedClientException; Request ID: H6AKJC4SMFIDG3EICD4S0CNPOFVV4KQNSO5AEMVJF66Q9ASUAAJG; Proxy: null)
	at com.amazonaws.services.kinesis.leases.impl.LeaseManager.tableStatus(LeaseManager.java:183)
	at com.amazonaws.services.kinesis.leases.impl.LeaseManager.createLeaseTableIfNotExists(LeaseManager.java:126)
	at com.amazonaws.services.kinesis.clientlibrary.lib.worker.KinesisClientLibLeaseCoordinator.initialize(KinesisClientLibLeaseCoordinator.java:329)
	at com.amazonaws.services.kinesis.clientlibrary.lib.worker.Worker.initialize(Worker.java:674)
	at com.amazonaws.services.kinesis.clientlibrary.lib.worker.Worker.run(Worker.java:614)
	at java.lang.Thread.run(Thread.java:750)
Caused by: com.amazonaws.services.dynamodbv2.model.AmazonDynamoDBException: The security token included in the request is invalid. (Service: AmazonDynamoDBv2; Status Code: 400; Error Code: UnrecognizedClientException; Request ID: H6AKJC4SMFIDG3EICD4S0CNPOFVV4KQNSO5AEMVJF66Q9ASUAAJG; Proxy: null)
	at com.amazonaws.http.AmazonHttpClient$RequestExecutor.handleErrorResponse(AmazonHttpClient.java:1819)
	at com.amazonaws.http.AmazonHttpClient$RequestExecutor.handleServiceErrorResponse(AmazonHttpClient.java:1403)
	at com.amazonaws.http.AmazonHttpClient$RequestExecutor.executeOneRequest(AmazonHttpClient.java:1372)
	at com.amazonaws.http.AmazonHttpClient$RequestExecutor.executeHelper(AmazonHttpClient.java:1145)
	at com.amazonaws.http.AmazonHttpClient$RequestExecutor.doExecute(AmazonHttpClient.java:802)
	at com.amazonaws.http.AmazonHttpClient$RequestExecutor.executeWithTimer(AmazonHttpClient.java:770)
	at com.amazonaws.http.AmazonHttpClient$RequestExecutor.execute(AmazonHttpClient.java:744)
	at com.amazonaws.http.AmazonHttpClient$RequestExecutor.access$500(AmazonHttpClient.java:704)
	at com.amazonaws.http.AmazonHttpClient$RequestExecutionBuilderImpl.execute(AmazonHttpClient.java:686)
	at com.amazonaws.http.AmazonHttpClient.execute(AmazonHttpClient.java:550)
	at com.amazonaws.http.AmazonHttpClient.execute(AmazonHttpClient.java:530)
	at com.amazonaws.services.dynamodbv2.AmazonDynamoDBClient.doInvoke(AmazonDynamoDBClient.java:6214)
	at com.amazonaws.services.dynamodbv2.AmazonDynamoDBClient.invoke(AmazonDynamoDBClient.java:6181)
	at com.amazonaws.services.dynamodbv2.AmazonDynamoDBClient.executeDescribeTable(AmazonDynamoDBClient.java:2247)
	at com.amazonaws.services.dynamodbv2.AmazonDynamoDBClient.describeTable(AmazonDynamoDBClient.java:2211)
	at com.amazonaws.services.kinesis.leases.impl.LeaseManager.tableStatus(LeaseManager.java:175)
	... 5 more

May 02, 2024 2:26:19 AM com.amazonaws.services.kinesis.clientlibrary.lib.worker.Worker initialize
SEVERE: Caught exception when initializing LeaseCoordinator
com.amazonaws.services.kinesis.leases.exceptions.DependencyException: com.amazonaws.services.dynamodbv2.model.AmazonDynamoDBException: Request is missing Authentication Token (Service: AmazonDynamoDBv2; Status Code: 400; Error Code: MissingAuthenticationTokenException; Request ID: 6ULB6DM7T88JSR1PG7Q38SGGV7VV4KQNSO5AEMVJF66Q9ASUAAJG; Proxy: null)
	at com.amazonaws.services.kinesis.leases.impl.LeaseManager.createLeaseTableIfNotExists(LeaseManager.java:155)
	at com.amazonaws.services.kinesis.clientlibrary.lib.worker.KinesisClientLibLeaseCoordinator.initialize(KinesisClientLibLeaseCoordinator.java:329)
	at com.amazonaws.services.kinesis.clientlibrary.lib.worker.Worker.initialize(Worker.java:674)
	at com.amazonaws.services.kinesis.clientlibrary.lib.worker.Worker.run(Worker.java:614)
	at java.lang.Thread.run(Thread.java:750)
Caused by: com.amazonaws.services.dynamodbv2.model.AmazonDynamoDBException: Request is missing Authentication Token (Service: AmazonDynamoDBv2; Status Code: 400; Error Code: MissingAuthenticationTokenException; Request ID: 6ULB6DM7T88JSR1PG7Q38SGGV7VV4KQNSO5AEMVJF66Q9ASUAAJG; Proxy: null)
	at com.amazonaws.http.AmazonHttpClient$RequestExecutor.handleErrorResponse(AmazonHttpClient.java:1819)
	at com.amazonaws.http.AmazonHttpClient$RequestExecutor.handleServiceErrorResponse(AmazonHttpClient.java:1403)
	at com.amazonaws.http.AmazonHttpClient$RequestExecutor.executeOneRequest(AmazonHttpClient.java:1372)
	at com.amazonaws.http.AmazonHttpClient$RequestExecutor.executeHelper(AmazonHttpClient.java:1145)
	at com.amazonaws.http.AmazonHttpClient$RequestExecutor.doExecute(AmazonHttpClient.java:802)
	at com.amazonaws.http.AmazonHttpClient$RequestExecutor.executeWithTimer(AmazonHttpClient.java:770)
	at com.amazonaws.http.AmazonHttpClient$RequestExecutor.execute(AmazonHttpClient.java:744)
	at com.amazonaws.http.AmazonHttpClient$RequestExecutor.access$500(AmazonHttpClient.java:704)
	at com.amazonaws.http.AmazonHttpClient$RequestExecutionBuilderImpl.execute(AmazonHttpClient.java:686)
	at com.amazonaws.http.AmazonHttpClient.execute(AmazonHttpClient.java:550)
	at com.amazonaws.http.AmazonHttpClient.execute(AmazonHttpClient.java:530)
	at com.amazonaws.services.dynamodbv2.AmazonDynamoDBClient.doInvoke(AmazonDynamoDBClient.java:6214)
	at com.amazonaws.services.dynamodbv2.AmazonDynamoDBClient.invoke(AmazonDynamoDBClient.java:6181)
	at com.amazonaws.services.dynamodbv2.AmazonDynamoDBClient.executeCreateTable(AmazonDynamoDBClient.java:1160)
	at com.amazonaws.services.dynamodbv2.AmazonDynamoDBClient.createTable(AmazonDynamoDBClient.java:1124)
	at com.amazonaws.services.kinesis.leases.impl.LeaseManager.createLeaseTableIfNotExists(LeaseManager.java:148)
	... 4 more

May 02, 2024 2:26:19 AM com.amazonaws.services.kinesis.clientlibrary.lib.worker.Worker initialize
INFO: Initialization attempt 15
May 02, 2024 2:26:19 AM com.amazonaws.services.kinesis.clientlibrary.lib.worker.Worker initialize
INFO: Initializing LeaseCoordinator
May 02, 2024 2:26:19 AM com.amazonaws.services.kinesis.leases.impl.LeaseManager createLeaseTableIfNotExists
SEVERE: Failed to get table status for test-application
com.amazonaws.services.kinesis.leases.exceptions.DependencyException: com.amazonaws.services.dynamodbv2.model.AmazonDynamoDBException: Request is missing Authentication Token (Service: AmazonDynamoDBv2; Status Code: 400; Error Code: MissingAuthenticationTokenException; Request ID: HA59CVFJ1OSU4IB9635PNPISJNVV4KQNSO5AEMVJF66Q9ASUAAJG; Proxy: null)
	at com.amazonaws.services.kinesis.leases.impl.LeaseManager.tableStatus(LeaseManager.java:183)
	at com.amazonaws.services.kinesis.leases.impl.LeaseManager.createLeaseTableIfNotExists(LeaseManager.java:126)
	at com.amazonaws.services.kinesis.clientlibrary.lib.worker.KinesisClientLibLeaseCoordinator.initialize(KinesisClientLibLeaseCoordinator.java:329)
	at com.amazonaws.services.kinesis.clientlibrary.lib.worker.Worker.initialize(Worker.java:674)
	at com.amazonaws.services.kinesis.clientlibrary.lib.worker.Worker.run(Worker.java:614)
	at java.lang.Thread.run(Thread.java:750)
Caused by: com.amazonaws.services.dynamodbv2.model.AmazonDynamoDBException: Request is missing Authentication Token (Service: AmazonDynamoDBv2; Status Code: 400; Error Code: MissingAuthenticationTokenException; Request ID: HA59CVFJ1OSU4IB9635PNPISJNVV4KQNSO5AEMVJF66Q9ASUAAJG; Proxy: null)
	at com.amazonaws.http.AmazonHttpClient$RequestExecutor.handleErrorResponse(AmazonHttpClient.java:1819)
	at com.amazonaws.http.AmazonHttpClient$RequestExecutor.handleServiceErrorResponse(AmazonHttpClient.java:1403)
	at com.amazonaws.http.AmazonHttpClient$RequestExecutor.executeOneRequest(AmazonHttpClient.java:1372)
	at com.amazonaws.http.AmazonHttpClient$RequestExecutor.executeHelper(AmazonHttpClient.java:1145)
	at com.amazonaws.http.AmazonHttpClient$RequestExecutor.doExecute(AmazonHttpClient.java:802)
	at com.amazonaws.http.AmazonHttpClient$RequestExecutor.executeWithTimer(AmazonHttpClient.java:770)
	at com.amazonaws.http.AmazonHttpClient$RequestExecutor.execute(AmazonHttpClient.java:744)
	at com.amazonaws.http.AmazonHttpClient$RequestExecutor.access$500(AmazonHttpClient.java:704)
	at com.amazonaws.http.AmazonHttpClient$RequestExecutionBuilderImpl.execute(AmazonHttpClient.java:686)
	at com.amazonaws.http.AmazonHttpClient.execute(AmazonHttpClient.java:550)
	at com.amazonaws.http.AmazonHttpClient.execute(AmazonHttpClient.java:530)
	at com.amazonaws.services.dynamodbv2.AmazonDynamoDBClient.doInvoke(AmazonDynamoDBClient.java:6214)
	at com.amazonaws.services.dynamodbv2.AmazonDynamoDBClient.invoke(AmazonDynamoDBClient.java:6181)
	at com.amazonaws.services.dynamodbv2.AmazonDynamoDBClient.executeDescribeTable(AmazonDynamoDBClient.java:2247)
	at com.amazonaws.services.dynamodbv2.AmazonDynamoDBClient.describeTable(AmazonDynamoDBClient.java:2211)
	at com.amazonaws.services.kinesis.leases.impl.LeaseManager.tableStatus(LeaseManager.java:175)
	... 5 more

May 02, 2024 2:26:19 AM com.amazonaws.services.kinesis.clientlibrary.lib.worker.Worker initialize
SEVERE: Caught exception when initializing LeaseCoordinator
com.amazonaws.services.kinesis.leases.exceptions.DependencyException: com.amazonaws.services.dynamodbv2.model.AmazonDynamoDBException: The security token included in the request is invalid. (Service: AmazonDynamoDBv2; Status Code: 400; Error Code: UnrecognizedClientException; Request ID: TBQQUE5M2MS2MC9BB1AO0O4O1NVV4KQNSO5AEMVJF66Q9ASUAAJG; Proxy: null)
	at com.amazonaws.services.kinesis.leases.impl.LeaseManager.createLeaseTableIfNotExists(LeaseManager.java:155)
	at com.amazonaws.services.kinesis.clientlibrary.lib.worker.KinesisClientLibLeaseCoordinator.initialize(KinesisClientLibLeaseCoordinator.java:329)
	at com.amazonaws.services.kinesis.clientlibrary.lib.worker.Worker.initialize(Worker.java:674)
	at com.amazonaws.services.kinesis.clientlibrary.lib.worker.Worker.run(Worker.java:614)
	at java.lang.Thread.run(Thread.java:750)
Caused by: com.amazonaws.services.dynamodbv2.model.AmazonDynamoDBException: The security token included in the request is invalid. (Service: AmazonDynamoDBv2; Status Code: 400; Error Code: UnrecognizedClientException; Request ID: TBQQUE5M2MS2MC9BB1AO0O4O1NVV4KQNSO5AEMVJF66Q9ASUAAJG; Proxy: null)
	at com.amazonaws.http.AmazonHttpClient$RequestExecutor.handleErrorResponse(AmazonHttpClient.java:1819)
	at com.amazonaws.http.AmazonHttpClient$RequestExecutor.handleServiceErrorResponse(AmazonHttpClient.java:1403)
	at com.amazonaws.http.AmazonHttpClient$RequestExecutor.executeOneRequest(AmazonHttpClient.java:1372)
	at com.amazonaws.http.AmazonHttpClient$RequestExecutor.executeHelper(AmazonHttpClient.java:1145)
	at com.amazonaws.http.AmazonHttpClient$RequestExecutor.doExecute(AmazonHttpClient.java:802)
	at com.amazonaws.http.AmazonHttpClient$RequestExecutor.executeWithTimer(AmazonHttpClient.java:770)
	at com.amazonaws.http.AmazonHttpClient$RequestExecutor.execute(AmazonHttpClient.java:744)
	at com.amazonaws.http.AmazonHttpClient$RequestExecutor.access$500(AmazonHttpClient.java:704)
	at com.amazonaws.http.AmazonHttpClient$RequestExecutionBuilderImpl.execute(AmazonHttpClient.java:686)
	at com.amazonaws.http.AmazonHttpClient.execute(AmazonHttpClient.java:550)
	at com.amazonaws.http.AmazonHttpClient.execute(AmazonHttpClient.java:530)
	at com.amazonaws.services.dynamodbv2.AmazonDynamoDBClient.doInvoke(AmazonDynamoDBClient.java:6214)
	at com.amazonaws.services.dynamodbv2.AmazonDynamoDBClient.invoke(AmazonDynamoDBClient.java:6181)
	at com.amazonaws.services.dynamodbv2.AmazonDynamoDBClient.executeCreateTable(AmazonDynamoDBClient.java:1160)
	at com.amazonaws.services.dynamodbv2.AmazonDynamoDBClient.createTable(AmazonDynamoDBClient.java:1124)
	at com.amazonaws.services.kinesis.leases.impl.LeaseManager.createLeaseTableIfNotExists(LeaseManager.java:148)
	... 4 more

May 02, 2024 2:26:19 AM com.amazonaws.services.kinesis.clientlibrary.lib.worker.Worker initialize
INFO: Initialization attempt 14
May 02, 2024 2:26:19 AM com.amazonaws.services.kinesis.clientlibrary.lib.worker.Worker initialize
INFO: Initializing LeaseCoordinator
May 02, 2024 2:26:19 AM com.amazonaws.services.kinesis.clientlibrary.lib.worker.Worker initialize
SEVERE: Caught exception when initializing LeaseCoordinator
com.amazonaws.services.kinesis.leases.exceptions.DependencyException: com.amazonaws.services.dynamodbv2.model.AmazonDynamoDBException: Request is missing Authentication Token (Service: AmazonDynamoDBv2; Status Code: 400; Error Code: MissingAuthenticationTokenException; Request ID: 31E8O7SAPDCENBM4LA5N6818VRVV4KQNSO5AEMVJF66Q9ASUAAJG; Proxy: null)
	at com.amazonaws.services.kinesis.leases.impl.LeaseManager.createLeaseTableIfNotExists(LeaseManager.java:155)
	at com.amazonaws.services.kinesis.clientlibrary.lib.worker.KinesisClientLibLeaseCoordinator.initialize(KinesisClientLibLeaseCoordinator.java:329)
	at com.amazonaws.services.kinesis.clientlibrary.lib.worker.Worker.initialize(Worker.java:674)
	at com.amazonaws.services.kinesis.clientlibrary.lib.worker.Worker.run(Worker.java:614)
	at java.lang.Thread.run(Thread.java:750)
Caused by: com.amazonaws.services.dynamodbv2.model.AmazonDynamoDBException: Request is missing Authentication Token (Service: AmazonDynamoDBv2; Status Code: 400; Error Code: MissingAuthenticationTokenException; Request ID: 31E8O7SAPDCENBM4LA5N6818VRVV4KQNSO5AEMVJF66Q9ASUAAJG; Proxy: null)
	at com.amazonaws.http.AmazonHttpClient$RequestExecutor.handleErrorResponse(AmazonHttpClient.java:1819)
	at com.amazonaws.http.AmazonHttpClient$RequestExecutor.handleServiceErrorResponse(AmazonHttpClient.java:1403)
	at com.amazonaws.http.AmazonHttpClient$RequestExecutor.executeOneRequest(AmazonHttpClient.java:1372)
	at com.amazonaws.http.AmazonHttpClient$RequestExecutor.executeHelper(AmazonHttpClient.java:1145)
	at com.amazonaws.http.AmazonHttpClient$RequestExecutor.doExecute(AmazonHttpClient.java:802)
	at com.amazonaws.http.AmazonHttpClient$RequestExecutor.executeWithTimer(AmazonHttpClient.java:770)
	at com.amazonaws.http.AmazonHttpClient$RequestExecutor.execute(AmazonHttpClient.java:744)
	at com.amazonaws.http.AmazonHttpClient$RequestExecutor.access$500(AmazonHttpClient.java:704)
	at com.amazonaws.http.AmazonHttpClient$RequestExecutionBuilderImpl.execute(AmazonHttpClient.java:686)
	at com.amazonaws.http.AmazonHttpClient.execute(AmazonHttpClient.java:550)
	at com.amazonaws.http.AmazonHttpClient.execute(AmazonHttpClient.java:530)
	at com.amazonaws.services.dynamodbv2.AmazonDynamoDBClient.doInvoke(AmazonDynamoDBClient.java:6214)
	at com.amazonaws.services.dynamodbv2.AmazonDynamoDBClient.invoke(AmazonDynamoDBClient.java:6181)
	at com.amazonaws.services.dynamodbv2.AmazonDynamoDBClient.executeCreateTable(AmazonDynamoDBClient.java:1160)
	at com.amazonaws.services.dynamodbv2.AmazonDynamoDBClient.createTable(AmazonDynamoDBClient.java:1124)
	at com.amazonaws.services.kinesis.leases.impl.LeaseManager.createLeaseTableIfNotExists(LeaseManager.java:148)
	... 4 more

May 02, 2024 2:26:19 AM com.amazonaws.services.kinesis.clientlibrary.lib.worker.Worker initialize
INFO: Initialization attempt 16
May 02, 2024 2:26:19 AM com.amazonaws.services.kinesis.clientlibrary.lib.worker.Worker initialize
INFO: Initializing LeaseCoordinator
May 02, 2024 2:26:19 AM com.amazonaws.services.kinesis.leases.impl.LeaseManager createLeaseTableIfNotExists
SEVERE: Failed to get table status for test-application
com.amazonaws.services.kinesis.leases.exceptions.DependencyException: com.amazonaws.services.dynamodbv2.model.AmazonDynamoDBException: The security token included in the request is invalid. (Service: AmazonDynamoDBv2; Status Code: 400; Error Code: UnrecognizedClientException; Request ID: P4B1QFHSV2VKKU6T2OQHDHIVERVV4KQNSO5AEMVJF66Q9ASUAAJG; Proxy: null)
	at com.amazonaws.services.kinesis.leases.impl.LeaseManager.tableStatus(LeaseManager.java:183)
	at com.amazonaws.services.kinesis.leases.impl.LeaseManager.createLeaseTableIfNotExists(LeaseManager.java:126)
	at com.amazonaws.services.kinesis.clientlibrary.lib.worker.KinesisClientLibLeaseCoordinator.initialize(KinesisClientLibLeaseCoordinator.java:329)
	at com.amazonaws.services.kinesis.clientlibrary.lib.worker.Worker.initialize(Worker.java:674)
	at com.amazonaws.services.kinesis.clientlibrary.lib.worker.Worker.run(Worker.java:614)
	at java.lang.Thread.run(Thread.java:750)
Caused by: com.amazonaws.services.dynamodbv2.model.AmazonDynamoDBException: The security token included in the request is invalid. (Service: AmazonDynamoDBv2; Status Code: 400; Error Code: UnrecognizedClientException; Request ID: P4B1QFHSV2VKKU6T2OQHDHIVERVV4KQNSO5AEMVJF66Q9ASUAAJG; Proxy: null)
	at com.amazonaws.http.AmazonHttpClient$RequestExecutor.handleErrorResponse(AmazonHttpClient.java:1819)
	at com.amazonaws.http.AmazonHttpClient$RequestExecutor.handleServiceErrorResponse(AmazonHttpClient.java:1403)
	at com.amazonaws.http.AmazonHttpClient$RequestExecutor.executeOneRequest(AmazonHttpClient.java:1372)
	at com.amazonaws.http.AmazonHttpClient$RequestExecutor.executeHelper(AmazonHttpClient.java:1145)
	at com.amazonaws.http.AmazonHttpClient$RequestExecutor.doExecute(AmazonHttpClient.java:802)
	at com.amazonaws.http.AmazonHttpClient$RequestExecutor.executeWithTimer(AmazonHttpClient.java:770)
	at com.amazonaws.http.AmazonHttpClient$RequestExecutor.execute(AmazonHttpClient.java:744)
	at com.amazonaws.http.AmazonHttpClient$RequestExecutor.access$500(AmazonHttpClient.java:704)
	at com.amazonaws.http.AmazonHttpClient$RequestExecutionBuilderImpl.execute(AmazonHttpClient.java:686)
	at com.amazonaws.http.AmazonHttpClient.execute(AmazonHttpClient.java:550)
	at com.amazonaws.http.AmazonHttpClient.execute(AmazonHttpClient.java:530)
	at com.amazonaws.services.dynamodbv2.AmazonDynamoDBClient.doInvoke(AmazonDynamoDBClient.java:6214)
	at com.amazonaws.services.dynamodbv2.AmazonDynamoDBClient.invoke(AmazonDynamoDBClient.java:6181)
	at com.amazonaws.services.dynamodbv2.AmazonDynamoDBClient.executeDescribeTable(AmazonDynamoDBClient.java:2247)
	at com.amazonaws.services.dynamodbv2.AmazonDynamoDBClient.describeTable(AmazonDynamoDBClient.java:2211)
	at com.amazonaws.services.kinesis.leases.impl.LeaseManager.tableStatus(LeaseManager.java:175)
	... 5 more

May 02, 2024 2:26:19 AM com.amazonaws.services.kinesis.leases.impl.LeaseManager createLeaseTableIfNotExists
SEVERE: Failed to get table status for test-application
com.amazonaws.services.kinesis.leases.exceptions.DependencyException: com.amazonaws.services.dynamodbv2.model.AmazonDynamoDBException: Request is missing Authentication Token (Service: AmazonDynamoDBv2; Status Code: 400; Error Code: MissingAuthenticationTokenException; Request ID: 2V7PLIJKD31P5C5HQRE93Q5VVFVV4KQNSO5AEMVJF66Q9ASUAAJG; Proxy: null)
	at com.amazonaws.services.kinesis.leases.impl.LeaseManager.tableStatus(LeaseManager.java:183)
	at com.amazonaws.services.kinesis.leases.impl.LeaseManager.createLeaseTableIfNotExists(LeaseManager.java:126)
	at com.amazonaws.services.kinesis.clientlibrary.lib.worker.KinesisClientLibLeaseCoordinator.initialize(KinesisClientLibLeaseCoordinator.java:329)
	at com.amazonaws.services.kinesis.clientlibrary.lib.worker.Worker.initialize(Worker.java:674)
	at com.amazonaws.services.kinesis.clientlibrary.lib.worker.Worker.run(Worker.java:614)
	at java.lang.Thread.run(Thread.java:750)
Caused by: com.amazonaws.services.dynamodbv2.model.AmazonDynamoDBException: Request is missing Authentication Token (Service: AmazonDynamoDBv2; Status Code: 400; Error Code: MissingAuthenticationTokenException; Request ID: 2V7PLIJKD31P5C5HQRE93Q5VVFVV4KQNSO5AEMVJF66Q9ASUAAJG; Proxy: null)
	at com.amazonaws.http.AmazonHttpClient$RequestExecutor.handleErrorResponse(AmazonHttpClient.java:1819)
	at com.amazonaws.http.AmazonHttpClient$RequestExecutor.handleServiceErrorResponse(AmazonHttpClient.java:1403)
	at com.amazonaws.http.AmazonHttpClient$RequestExecutor.executeOneRequest(AmazonHttpClient.java:1372)
	at com.amazonaws.http.AmazonHttpClient$RequestExecutor.executeHelper(AmazonHttpClient.java:1145)
	at com.amazonaws.http.AmazonHttpClient$RequestExecutor.doExecute(AmazonHttpClient.java:802)
	at com.amazonaws.http.AmazonHttpClient$RequestExecutor.executeWithTimer(AmazonHttpClient.java:770)
	at com.amazonaws.http.AmazonHttpClient$RequestExecutor.execute(AmazonHttpClient.java:744)
	at com.amazonaws.http.AmazonHttpClient$RequestExecutor.access$500(AmazonHttpClient.java:704)
	at com.amazonaws.http.AmazonHttpClient$RequestExecutionBuilderImpl.execute(AmazonHttpClient.java:686)
	at com.amazonaws.http.AmazonHttpClient.execute(AmazonHttpClient.java:550)
	at com.amazonaws.http.AmazonHttpClient.execute(AmazonHttpClient.java:530)
	at com.amazonaws.services.dynamodbv2.AmazonDynamoDBClient.doInvoke(AmazonDynamoDBClient.java:6214)
	at com.amazonaws.services.dynamodbv2.AmazonDynamoDBClient.invoke(AmazonDynamoDBClient.java:6181)
	at com.amazonaws.services.dynamodbv2.AmazonDynamoDBClient.executeDescribeTable(AmazonDynamoDBClient.java:2247)
	at com.amazonaws.services.dynamodbv2.AmazonDynamoDBClient.describeTable(AmazonDynamoDBClient.java:2211)
	at com.amazonaws.services.kinesis.leases.impl.LeaseManager.tableStatus(LeaseManager.java:175)
	... 5 more

May 02, 2024 2:26:19 AM com.amazonaws.services.kinesis.clientlibrary.lib.worker.Worker initialize
SEVERE: Caught exception when initializing LeaseCoordinator
com.amazonaws.services.kinesis.leases.exceptions.DependencyException: com.amazonaws.services.dynamodbv2.model.AmazonDynamoDBException: The security token included in the request is invalid. (Service: AmazonDynamoDBv2; Status Code: 400; Error Code: UnrecognizedClientException; Request ID: LJKUOD3FRI53HLQCS7G8O3195JVV4KQNSO5AEMVJF66Q9ASUAAJG; Proxy: null)
	at com.amazonaws.services.kinesis.leases.impl.LeaseManager.createLeaseTableIfNotExists(LeaseManager.java:155)
	at com.amazonaws.services.kinesis.clientlibrary.lib.worker.KinesisClientLibLeaseCoordinator.initialize(KinesisClientLibLeaseCoordinator.java:329)
	at com.amazonaws.services.kinesis.clientlibrary.lib.worker.Worker.initialize(Worker.java:674)
	at com.amazonaws.services.kinesis.clientlibrary.lib.worker.Worker.run(Worker.java:614)
	at java.lang.Thread.run(Thread.java:750)
Caused by: com.amazonaws.services.dynamodbv2.model.AmazonDynamoDBException: The security token included in the request is invalid. (Service: AmazonDynamoDBv2; Status Code: 400; Error Code: UnrecognizedClientException; Request ID: LJKUOD3FRI53HLQCS7G8O3195JVV4KQNSO5AEMVJF66Q9ASUAAJG; Proxy: null)
	at com.amazonaws.http.AmazonHttpClient$RequestExecutor.handleErrorResponse(AmazonHttpClient.java:1819)
	at com.amazonaws.http.AmazonHttpClient$RequestExecutor.handleServiceErrorResponse(AmazonHttpClient.java:1403)
	at com.amazonaws.http.AmazonHttpClient$RequestExecutor.executeOneRequest(AmazonHttpClient.java:1372)
	at com.amazonaws.http.AmazonHttpClient$RequestExecutor.executeHelper(AmazonHttpClient.java:1145)
	at com.amazonaws.http.AmazonHttpClient$RequestExecutor.doExecute(AmazonHttpClient.java:802)
	at com.amazonaws.http.AmazonHttpClient$RequestExecutor.executeWithTimer(AmazonHttpClient.java:770)
	at com.amazonaws.http.AmazonHttpClient$RequestExecutor.execute(AmazonHttpClient.java:744)
	at com.amazonaws.http.AmazonHttpClient$RequestExecutor.access$500(AmazonHttpClient.java:704)
	at com.amazonaws.http.AmazonHttpClient$RequestExecutionBuilderImpl.execute(AmazonHttpClient.java:686)
	at com.amazonaws.http.AmazonHttpClient.execute(AmazonHttpClient.java:550)
	at com.amazonaws.http.AmazonHttpClient.execute(AmazonHttpClient.java:530)
	at com.amazonaws.services.dynamodbv2.AmazonDynamoDBClient.doInvoke(AmazonDynamoDBClient.java:6214)
	at com.amazonaws.services.dynamodbv2.AmazonDynamoDBClient.invoke(AmazonDynamoDBClient.java:6181)
	at com.amazonaws.services.dynamodbv2.AmazonDynamoDBClient.executeCreateTable(AmazonDynamoDBClient.java:1160)
	at com.amazonaws.services.dynamodbv2.AmazonDynamoDBClient.createTable(AmazonDynamoDBClient.java:1124)
	at com.amazonaws.services.kinesis.leases.impl.LeaseManager.createLeaseTableIfNotExists(LeaseManager.java:148)
	... 4 more

May 02, 2024 2:26:19 AM com.amazonaws.services.kinesis.clientlibrary.lib.worker.Worker initialize
INFO: Initialization attempt 15
May 02, 2024 2:26:19 AM com.amazonaws.services.kinesis.clientlibrary.lib.worker.Worker initialize
INFO: Initializing LeaseCoordinator
May 02, 2024 2:26:19 AM com.amazonaws.services.kinesis.clientlibrary.lib.worker.Worker initialize
SEVERE: Caught exception when initializing LeaseCoordinator
com.amazonaws.services.kinesis.leases.exceptions.DependencyException: com.amazonaws.services.dynamodbv2.model.AmazonDynamoDBException: Request is missing Authentication Token (Service: AmazonDynamoDBv2; Status Code: 400; Error Code: MissingAuthenticationTokenException; Request ID: 40DMOCRR8T1OUFMSGKU1QCD8OJVV4KQNSO5AEMVJF66Q9ASUAAJG; Proxy: null)
	at com.amazonaws.services.kinesis.leases.impl.LeaseManager.createLeaseTableIfNotExists(LeaseManager.java:155)
	at com.amazonaws.services.kinesis.clientlibrary.lib.worker.KinesisClientLibLeaseCoordinator.initialize(KinesisClientLibLeaseCoordinator.java:329)
	at com.amazonaws.services.kinesis.clientlibrary.lib.worker.Worker.initialize(Worker.java:674)
	at com.amazonaws.services.kinesis.clientlibrary.lib.worker.Worker.run(Worker.java:614)
	at java.lang.Thread.run(Thread.java:750)
Caused by: com.amazonaws.services.dynamodbv2.model.AmazonDynamoDBException: Request is missing Authentication Token (Service: AmazonDynamoDBv2; Status Code: 400; Error Code: MissingAuthenticationTokenException; Request ID: 40DMOCRR8T1OUFMSGKU1QCD8OJVV4KQNSO5AEMVJF66Q9ASUAAJG; Proxy: null)
	at com.amazonaws.http.AmazonHttpClient$RequestExecutor.handleErrorResponse(AmazonHttpClient.java:1819)
	at com.amazonaws.http.AmazonHttpClient$RequestExecutor.handleServiceErrorResponse(AmazonHttpClient.java:1403)
	at com.amazonaws.http.AmazonHttpClient$RequestExecutor.executeOneRequest(AmazonHttpClient.java:1372)
	at com.amazonaws.http.AmazonHttpClient$RequestExecutor.executeHelper(AmazonHttpClient.java:1145)
	at com.amazonaws.http.AmazonHttpClient$RequestExecutor.doExecute(AmazonHttpClient.java:802)
	at com.amazonaws.http.AmazonHttpClient$RequestExecutor.executeWithTimer(AmazonHttpClient.java:770)
	at com.amazonaws.http.AmazonHttpClient$RequestExecutor.execute(AmazonHttpClient.java:744)
	at com.amazonaws.http.AmazonHttpClient$RequestExecutor.access$500(AmazonHttpClient.java:704)
	at com.amazonaws.http.AmazonHttpClient$RequestExecutionBuilderImpl.execute(AmazonHttpClient.java:686)
	at com.amazonaws.http.AmazonHttpClient.execute(AmazonHttpClient.java:550)
	at com.amazonaws.http.AmazonHttpClient.execute(AmazonHttpClient.java:530)
	at com.amazonaws.services.dynamodbv2.AmazonDynamoDBClient.doInvoke(AmazonDynamoDBClient.java:6214)
	at com.amazonaws.services.dynamodbv2.AmazonDynamoDBClient.invoke(AmazonDynamoDBClient.java:6181)
	at com.amazonaws.services.dynamodbv2.AmazonDynamoDBClient.executeCreateTable(AmazonDynamoDBClient.java:1160)
	at com.amazonaws.services.dynamodbv2.AmazonDynamoDBClient.createTable(AmazonDynamoDBClient.java:1124)
	at com.amazonaws.services.kinesis.leases.impl.LeaseManager.createLeaseTableIfNotExists(LeaseManager.java:148)
	... 4 more

May 02, 2024 2:26:19 AM com.amazonaws.services.kinesis.clientlibrary.lib.worker.Worker initialize
INFO: Initialization attempt 17
May 02, 2024 2:26:19 AM com.amazonaws.services.kinesis.clientlibrary.lib.worker.Worker initialize
INFO: Initializing LeaseCoordinator
May 02, 2024 2:26:19 AM com.amazonaws.services.kinesis.leases.impl.LeaseManager createLeaseTableIfNotExists
SEVERE: Failed to get table status for test-application
com.amazonaws.services.kinesis.leases.exceptions.DependencyException: com.amazonaws.services.dynamodbv2.model.AmazonDynamoDBException: The security token included in the request is invalid. (Service: AmazonDynamoDBv2; Status Code: 400; Error Code: UnrecognizedClientException; Request ID: FK6QHLVLFI185APVJI5G3RQV33VV4KQNSO5AEMVJF66Q9ASUAAJG; Proxy: null)
	at com.amazonaws.services.kinesis.leases.impl.LeaseManager.tableStatus(LeaseManager.java:183)
	at com.amazonaws.services.kinesis.leases.impl.LeaseManager.createLeaseTableIfNotExists(LeaseManager.java:126)
	at com.amazonaws.services.kinesis.clientlibrary.lib.worker.KinesisClientLibLeaseCoordinator.initialize(KinesisClientLibLeaseCoordinator.java:329)
	at com.amazonaws.services.kinesis.clientlibrary.lib.worker.Worker.initialize(Worker.java:674)
	at com.amazonaws.services.kinesis.clientlibrary.lib.worker.Worker.run(Worker.java:614)
	at java.lang.Thread.run(Thread.java:750)
Caused by: com.amazonaws.services.dynamodbv2.model.AmazonDynamoDBException: The security token included in the request is invalid. (Service: AmazonDynamoDBv2; Status Code: 400; Error Code: UnrecognizedClientException; Request ID: FK6QHLVLFI185APVJI5G3RQV33VV4KQNSO5AEMVJF66Q9ASUAAJG; Proxy: null)
	at com.amazonaws.http.AmazonHttpClient$RequestExecutor.handleErrorResponse(AmazonHttpClient.java:1819)
	at com.amazonaws.http.AmazonHttpClient$RequestExecutor.handleServiceErrorResponse(AmazonHttpClient.java:1403)
	at com.amazonaws.http.AmazonHttpClient$RequestExecutor.executeOneRequest(AmazonHttpClient.java:1372)
	at com.amazonaws.http.AmazonHttpClient$RequestExecutor.executeHelper(AmazonHttpClient.java:1145)
	at com.amazonaws.http.AmazonHttpClient$RequestExecutor.doExecute(AmazonHttpClient.java:802)
	at com.amazonaws.http.AmazonHttpClient$RequestExecutor.executeWithTimer(AmazonHttpClient.java:770)
	at com.amazonaws.http.AmazonHttpClient$RequestExecutor.execute(AmazonHttpClient.java:744)
	at com.amazonaws.http.AmazonHttpClient$RequestExecutor.access$500(AmazonHttpClient.java:704)
	at com.amazonaws.http.AmazonHttpClient$RequestExecutionBuilderImpl.execute(AmazonHttpClient.java:686)
	at com.amazonaws.http.AmazonHttpClient.execute(AmazonHttpClient.java:550)
	at com.amazonaws.http.AmazonHttpClient.execute(AmazonHttpClient.java:530)
	at com.amazonaws.services.dynamodbv2.AmazonDynamoDBClient.doInvoke(AmazonDynamoDBClient.java:6214)
	at com.amazonaws.services.dynamodbv2.AmazonDynamoDBClient.invoke(AmazonDynamoDBClient.java:6181)
	at com.amazonaws.services.dynamodbv2.AmazonDynamoDBClient.executeDescribeTable(AmazonDynamoDBClient.java:2247)
	at com.amazonaws.services.dynamodbv2.AmazonDynamoDBClient.describeTable(AmazonDynamoDBClient.java:2211)
	at com.amazonaws.services.kinesis.leases.impl.LeaseManager.tableStatus(LeaseManager.java:175)
	... 5 more

May 02, 2024 2:26:19 AM com.amazonaws.services.kinesis.leases.impl.LeaseManager createLeaseTableIfNotExists
SEVERE: Failed to get table status for test-application
com.amazonaws.services.kinesis.leases.exceptions.DependencyException: com.amazonaws.services.dynamodbv2.model.AmazonDynamoDBException: Request is missing Authentication Token (Service: AmazonDynamoDBv2; Status Code: 400; Error Code: MissingAuthenticationTokenException; Request ID: H4D38HULFGL69HN4TM0HCRQUCBVV4KQNSO5AEMVJF66Q9ASUAAJG; Proxy: null)
	at com.amazonaws.services.kinesis.leases.impl.LeaseManager.tableStatus(LeaseManager.java:183)
	at com.amazonaws.services.kinesis.leases.impl.LeaseManager.createLeaseTableIfNotExists(LeaseManager.java:126)
	at com.amazonaws.services.kinesis.clientlibrary.lib.worker.KinesisClientLibLeaseCoordinator.initialize(KinesisClientLibLeaseCoordinator.java:329)
	at com.amazonaws.services.kinesis.clientlibrary.lib.worker.Worker.initialize(Worker.java:674)
	at com.amazonaws.services.kinesis.clientlibrary.lib.worker.Worker.run(Worker.java:614)
	at java.lang.Thread.run(Thread.java:750)
Caused by: com.amazonaws.services.dynamodbv2.model.AmazonDynamoDBException: Request is missing Authentication Token (Service: AmazonDynamoDBv2; Status Code: 400; Error Code: MissingAuthenticationTokenException; Request ID: H4D38HULFGL69HN4TM0HCRQUCBVV4KQNSO5AEMVJF66Q9ASUAAJG; Proxy: null)
	at com.amazonaws.http.AmazonHttpClient$RequestExecutor.handleErrorResponse(AmazonHttpClient.java:1819)
	at com.amazonaws.http.AmazonHttpClient$RequestExecutor.handleServiceErrorResponse(AmazonHttpClient.java:1403)
	at com.amazonaws.http.AmazonHttpClient$RequestExecutor.executeOneRequest(AmazonHttpClient.java:1372)
	at com.amazonaws.http.AmazonHttpClient$RequestExecutor.executeHelper(AmazonHttpClient.java:1145)
	at com.amazonaws.http.AmazonHttpClient$RequestExecutor.doExecute(AmazonHttpClient.java:802)
	at com.amazonaws.http.AmazonHttpClient$RequestExecutor.executeWithTimer(AmazonHttpClient.java:770)
	at com.amazonaws.http.AmazonHttpClient$RequestExecutor.execute(AmazonHttpClient.java:744)
	at com.amazonaws.http.AmazonHttpClient$RequestExecutor.access$500(AmazonHttpClient.java:704)
	at com.amazonaws.http.AmazonHttpClient$RequestExecutionBuilderImpl.execute(AmazonHttpClient.java:686)
	at com.amazonaws.http.AmazonHttpClient.execute(AmazonHttpClient.java:550)
	at com.amazonaws.http.AmazonHttpClient.execute(AmazonHttpClient.java:530)
	at com.amazonaws.services.dynamodbv2.AmazonDynamoDBClient.doInvoke(AmazonDynamoDBClient.java:6214)
	at com.amazonaws.services.dynamodbv2.AmazonDynamoDBClient.invoke(AmazonDynamoDBClient.java:6181)
	at com.amazonaws.services.dynamodbv2.AmazonDynamoDBClient.executeDescribeTable(AmazonDynamoDBClient.java:2247)
	at com.amazonaws.services.dynamodbv2.AmazonDynamoDBClient.describeTable(AmazonDynamoDBClient.java:2211)
	at com.amazonaws.services.kinesis.leases.impl.LeaseManager.tableStatus(LeaseManager.java:175)
	... 5 more

May 02, 2024 2:26:19 AM com.amazonaws.services.kinesis.clientlibrary.lib.worker.Worker initialize
SEVERE: Caught exception when initializing LeaseCoordinator
com.amazonaws.services.kinesis.leases.exceptions.DependencyException: com.amazonaws.services.dynamodbv2.model.AmazonDynamoDBException: The security token included in the request is invalid. (Service: AmazonDynamoDBv2; Status Code: 400; Error Code: UnrecognizedClientException; Request ID: RH0PTT0ABBHO1RH7AM4U4AD85NVV4KQNSO5AEMVJF66Q9ASUAAJG; Proxy: null)
	at com.amazonaws.services.kinesis.leases.impl.LeaseManager.createLeaseTableIfNotExists(LeaseManager.java:155)
	at com.amazonaws.services.kinesis.clientlibrary.lib.worker.KinesisClientLibLeaseCoordinator.initialize(KinesisClientLibLeaseCoordinator.java:329)
	at com.amazonaws.services.kinesis.clientlibrary.lib.worker.Worker.initialize(Worker.java:674)
	at com.amazonaws.services.kinesis.clientlibrary.lib.worker.Worker.run(Worker.java:614)
	at java.lang.Thread.run(Thread.java:750)
Caused by: com.amazonaws.services.dynamodbv2.model.AmazonDynamoDBException: The security token included in the request is invalid. (Service: AmazonDynamoDBv2; Status Code: 400; Error Code: UnrecognizedClientException; Request ID: RH0PTT0ABBHO1RH7AM4U4AD85NVV4KQNSO5AEMVJF66Q9ASUAAJG; Proxy: null)
	at com.amazonaws.http.AmazonHttpClient$RequestExecutor.handleErrorResponse(AmazonHttpClient.java:1819)
	at com.amazonaws.http.AmazonHttpClient$RequestExecutor.handleServiceErrorResponse(AmazonHttpClient.java:1403)
	at com.amazonaws.http.AmazonHttpClient$RequestExecutor.executeOneRequest(AmazonHttpClient.java:1372)
	at com.amazonaws.http.AmazonHttpClient$RequestExecutor.executeHelper(AmazonHttpClient.java:1145)
	at com.amazonaws.http.AmazonHttpClient$RequestExecutor.doExecute(AmazonHttpClient.java:802)
	at com.amazonaws.http.AmazonHttpClient$RequestExecutor.executeWithTimer(AmazonHttpClient.java:770)
	at com.amazonaws.http.AmazonHttpClient$RequestExecutor.execute(AmazonHttpClient.java:744)
	at com.amazonaws.http.AmazonHttpClient$RequestExecutor.access$500(AmazonHttpClient.java:704)
	at com.amazonaws.http.AmazonHttpClient$RequestExecutionBuilderImpl.execute(AmazonHttpClient.java:686)
	at com.amazonaws.http.AmazonHttpClient.execute(AmazonHttpClient.java:550)
	at com.amazonaws.http.AmazonHttpClient.execute(AmazonHttpClient.java:530)
	at com.amazonaws.services.dynamodbv2.AmazonDynamoDBClient.doInvoke(AmazonDynamoDBClient.java:6214)
	at com.amazonaws.services.dynamodbv2.AmazonDynamoDBClient.invoke(AmazonDynamoDBClient.java:6181)
	at com.amazonaws.services.dynamodbv2.AmazonDynamoDBClient.executeCreateTable(AmazonDynamoDBClient.java:1160)
	at com.amazonaws.services.dynamodbv2.AmazonDynamoDBClient.createTable(AmazonDynamoDBClient.java:1124)
	at com.amazonaws.services.kinesis.leases.impl.LeaseManager.createLeaseTableIfNotExists(LeaseManager.java:148)
	... 4 more

May 02, 2024 2:26:19 AM com.amazonaws.services.kinesis.clientlibrary.lib.worker.Worker initialize
INFO: Initialization attempt 16
May 02, 2024 2:26:19 AM com.amazonaws.services.kinesis.clientlibrary.lib.worker.Worker initialize
INFO: Initializing LeaseCoordinator
May 02, 2024 2:26:19 AM com.amazonaws.services.kinesis.clientlibrary.lib.worker.Worker initialize
SEVERE: Caught exception when initializing LeaseCoordinator
com.amazonaws.services.kinesis.leases.exceptions.DependencyException: com.amazonaws.services.dynamodbv2.model.AmazonDynamoDBException: Request is missing Authentication Token (Service: AmazonDynamoDBv2; Status Code: 400; Error Code: MissingAuthenticationTokenException; Request ID: FIQ6613EDV4486BM5PSOKGRT6FVV4KQNSO5AEMVJF66Q9ASUAAJG; Proxy: null)
	at com.amazonaws.services.kinesis.leases.impl.LeaseManager.createLeaseTableIfNotExists(LeaseManager.java:155)
	at com.amazonaws.services.kinesis.clientlibrary.lib.worker.KinesisClientLibLeaseCoordinator.initialize(KinesisClientLibLeaseCoordinator.java:329)
	at com.amazonaws.services.kinesis.clientlibrary.lib.worker.Worker.initialize(Worker.java:674)
	at com.amazonaws.services.kinesis.clientlibrary.lib.worker.Worker.run(Worker.java:614)
	at java.lang.Thread.run(Thread.java:750)
Caused by: com.amazonaws.services.dynamodbv2.model.AmazonDynamoDBException: Request is missing Authentication Token (Service: AmazonDynamoDBv2; Status Code: 400; Error Code: MissingAuthenticationTokenException; Request ID: FIQ6613EDV4486BM5PSOKGRT6FVV4KQNSO5AEMVJF66Q9ASUAAJG; Proxy: null)
	at com.amazonaws.http.AmazonHttpClient$RequestExecutor.handleErrorResponse(AmazonHttpClient.java:1819)
	at com.amazonaws.http.AmazonHttpClient$RequestExecutor.handleServiceErrorResponse(AmazonHttpClient.java:1403)
	at com.amazonaws.http.AmazonHttpClient$RequestExecutor.executeOneRequest(AmazonHttpClient.java:1372)
	at com.amazonaws.http.AmazonHttpClient$RequestExecutor.executeHelper(AmazonHttpClient.java:1145)
	at com.amazonaws.http.AmazonHttpClient$RequestExecutor.doExecute(AmazonHttpClient.java:802)
	at com.amazonaws.http.AmazonHttpClient$RequestExecutor.executeWithTimer(AmazonHttpClient.java:770)
	at com.amazonaws.http.AmazonHttpClient$RequestExecutor.execute(AmazonHttpClient.java:744)
	at com.amazonaws.http.AmazonHttpClient$RequestExecutor.access$500(AmazonHttpClient.java:704)
	at com.amazonaws.http.AmazonHttpClient$RequestExecutionBuilderImpl.execute(AmazonHttpClient.java:686)
	at com.amazonaws.http.AmazonHttpClient.execute(AmazonHttpClient.java:550)
	at com.amazonaws.http.AmazonHttpClient.execute(AmazonHttpClient.java:530)
	at com.amazonaws.services.dynamodbv2.AmazonDynamoDBClient.doInvoke(AmazonDynamoDBClient.java:6214)
	at com.amazonaws.services.dynamodbv2.AmazonDynamoDBClient.invoke(AmazonDynamoDBClient.java:6181)
	at com.amazonaws.services.dynamodbv2.AmazonDynamoDBClient.executeCreateTable(AmazonDynamoDBClient.java:1160)
	at com.amazonaws.services.dynamodbv2.AmazonDynamoDBClient.createTable(AmazonDynamoDBClient.java:1124)
	at com.amazonaws.services.kinesis.leases.impl.LeaseManager.createLeaseTableIfNotExists(LeaseManager.java:148)
	... 4 more

May 02, 2024 2:26:19 AM com.amazonaws.services.kinesis.clientlibrary.lib.worker.Worker initialize
INFO: Initialization attempt 18
May 02, 2024 2:26:19 AM com.amazonaws.services.kinesis.clientlibrary.lib.worker.Worker initialize
INFO: Initializing LeaseCoordinator
May 02, 2024 2:26:19 AM com.amazonaws.services.kinesis.leases.impl.LeaseManager createLeaseTableIfNotExists
SEVERE: Failed to get table status for test-application
com.amazonaws.services.kinesis.leases.exceptions.DependencyException: com.amazonaws.services.dynamodbv2.model.AmazonDynamoDBException: The security token included in the request is invalid. (Service: AmazonDynamoDBv2; Status Code: 400; Error Code: UnrecognizedClientException; Request ID: 1I2D298DVHGK7LP595G366QGINVV4KQNSO5AEMVJF66Q9ASUAAJG; Proxy: null)
	at com.amazonaws.services.kinesis.leases.impl.LeaseManager.tableStatus(LeaseManager.java:183)
	at com.amazonaws.services.kinesis.leases.impl.LeaseManager.createLeaseTableIfNotExists(LeaseManager.java:126)
	at com.amazonaws.services.kinesis.clientlibrary.lib.worker.KinesisClientLibLeaseCoordinator.initialize(KinesisClientLibLeaseCoordinator.java:329)
	at com.amazonaws.services.kinesis.clientlibrary.lib.worker.Worker.initialize(Worker.java:674)
	at com.amazonaws.services.kinesis.clientlibrary.lib.worker.Worker.run(Worker.java:614)
	at java.lang.Thread.run(Thread.java:750)
Caused by: com.amazonaws.services.dynamodbv2.model.AmazonDynamoDBException: The security token included in the request is invalid. (Service: AmazonDynamoDBv2; Status Code: 400; Error Code: UnrecognizedClientException; Request ID: 1I2D298DVHGK7LP595G366QGINVV4KQNSO5AEMVJF66Q9ASUAAJG; Proxy: null)
	at com.amazonaws.http.AmazonHttpClient$RequestExecutor.handleErrorResponse(AmazonHttpClient.java:1819)
	at com.amazonaws.http.AmazonHttpClient$RequestExecutor.handleServiceErrorResponse(AmazonHttpClient.java:1403)
	at com.amazonaws.http.AmazonHttpClient$RequestExecutor.executeOneRequest(AmazonHttpClient.java:1372)
	at com.amazonaws.http.AmazonHttpClient$RequestExecutor.executeHelper(AmazonHttpClient.java:1145)
	at com.amazonaws.http.AmazonHttpClient$RequestExecutor.doExecute(AmazonHttpClient.java:802)
	at com.amazonaws.http.AmazonHttpClient$RequestExecutor.executeWithTimer(AmazonHttpClient.java:770)
	at com.amazonaws.http.AmazonHttpClient$RequestExecutor.execute(AmazonHttpClient.java:744)
	at com.amazonaws.http.AmazonHttpClient$RequestExecutor.access$500(AmazonHttpClient.java:704)
	at com.amazonaws.http.AmazonHttpClient$RequestExecutionBuilderImpl.execute(AmazonHttpClient.java:686)
	at com.amazonaws.http.AmazonHttpClient.execute(AmazonHttpClient.java:550)
	at com.amazonaws.http.AmazonHttpClient.execute(AmazonHttpClient.java:530)
	at com.amazonaws.services.dynamodbv2.AmazonDynamoDBClient.doInvoke(AmazonDynamoDBClient.java:6214)
	at com.amazonaws.services.dynamodbv2.AmazonDynamoDBClient.invoke(AmazonDynamoDBClient.java:6181)
	at com.amazonaws.services.dynamodbv2.AmazonDynamoDBClient.executeDescribeTable(AmazonDynamoDBClient.java:2247)
	at com.amazonaws.services.dynamodbv2.AmazonDynamoDBClient.describeTable(AmazonDynamoDBClient.java:2211)
	at com.amazonaws.services.kinesis.leases.impl.LeaseManager.tableStatus(LeaseManager.java:175)
	... 5 more

May 02, 2024 2:26:19 AM com.amazonaws.services.kinesis.leases.impl.LeaseManager createLeaseTableIfNotExists
SEVERE: Failed to get table status for test-application
com.amazonaws.services.kinesis.leases.exceptions.DependencyException: com.amazonaws.services.dynamodbv2.model.AmazonDynamoDBException: Request is missing Authentication Token (Service: AmazonDynamoDBv2; Status Code: 400; Error Code: MissingAuthenticationTokenException; Request ID: EKA9ND2FM6136B21BAV8QC0IJNVV4KQNSO5AEMVJF66Q9ASUAAJG; Proxy: null)
	at com.amazonaws.services.kinesis.leases.impl.LeaseManager.tableStatus(LeaseManager.java:183)
	at com.amazonaws.services.kinesis.leases.impl.LeaseManager.createLeaseTableIfNotExists(LeaseManager.java:126)
	at com.amazonaws.services.kinesis.clientlibrary.lib.worker.KinesisClientLibLeaseCoordinator.initialize(KinesisClientLibLeaseCoordinator.java:329)
	at com.amazonaws.services.kinesis.clientlibrary.lib.worker.Worker.initialize(Worker.java:674)
	at com.amazonaws.services.kinesis.clientlibrary.lib.worker.Worker.run(Worker.java:614)
	at java.lang.Thread.run(Thread.java:750)
Caused by: com.amazonaws.services.dynamodbv2.model.AmazonDynamoDBException: Request is missing Authentication Token (Service: AmazonDynamoDBv2; Status Code: 400; Error Code: MissingAuthenticationTokenException; Request ID: EKA9ND2FM6136B21BAV8QC0IJNVV4KQNSO5AEMVJF66Q9ASUAAJG; Proxy: null)
	at com.amazonaws.http.AmazonHttpClient$RequestExecutor.handleErrorResponse(AmazonHttpClient.java:1819)
	at com.amazonaws.http.AmazonHttpClient$RequestExecutor.handleServiceErrorResponse(AmazonHttpClient.java:1403)
	at com.amazonaws.http.AmazonHttpClient$RequestExecutor.executeOneRequest(AmazonHttpClient.java:1372)
	at com.amazonaws.http.AmazonHttpClient$RequestExecutor.executeHelper(AmazonHttpClient.java:1145)
	at com.amazonaws.http.AmazonHttpClient$RequestExecutor.doExecute(AmazonHttpClient.java:802)
	at com.amazonaws.http.AmazonHttpClient$RequestExecutor.executeWithTimer(AmazonHttpClient.java:770)
	at com.amazonaws.http.AmazonHttpClient$RequestExecutor.execute(AmazonHttpClient.java:744)
	at com.amazonaws.http.AmazonHttpClient$RequestExecutor.access$500(AmazonHttpClient.java:704)
	at com.amazonaws.http.AmazonHttpClient$RequestExecutionBuilderImpl.execute(AmazonHttpClient.java:686)
	at com.amazonaws.http.AmazonHttpClient.execute(AmazonHttpClient.java:550)
	at com.amazonaws.http.AmazonHttpClient.execute(AmazonHttpClient.java:530)
	at com.amazonaws.services.dynamodbv2.AmazonDynamoDBClient.doInvoke(AmazonDynamoDBClient.java:6214)
	at com.amazonaws.services.dynamodbv2.AmazonDynamoDBClient.invoke(AmazonDynamoDBClient.java:6181)
	at com.amazonaws.services.dynamodbv2.AmazonDynamoDBClient.executeDescribeTable(AmazonDynamoDBClient.java:2247)
	at com.amazonaws.services.dynamodbv2.AmazonDynamoDBClient.describeTable(AmazonDynamoDBClient.java:2211)
	at com.amazonaws.services.kinesis.leases.impl.LeaseManager.tableStatus(LeaseManager.java:175)
	... 5 more

May 02, 2024 2:26:19 AM com.amazonaws.services.kinesis.clientlibrary.lib.worker.Worker initialize
SEVERE: Caught exception when initializing LeaseCoordinator
com.amazonaws.services.kinesis.leases.exceptions.DependencyException: com.amazonaws.services.dynamodbv2.model.AmazonDynamoDBException: The security token included in the request is invalid. (Service: AmazonDynamoDBv2; Status Code: 400; Error Code: UnrecognizedClientException; Request ID: RLOJU0OUD7K3ETE65Q9LK45Q27VV4KQNSO5AEMVJF66Q9ASUAAJG; Proxy: null)
	at com.amazonaws.services.kinesis.leases.impl.LeaseManager.createLeaseTableIfNotExists(LeaseManager.java:155)
	at com.amazonaws.services.kinesis.clientlibrary.lib.worker.KinesisClientLibLeaseCoordinator.initialize(KinesisClientLibLeaseCoordinator.java:329)
	at com.amazonaws.services.kinesis.clientlibrary.lib.worker.Worker.initialize(Worker.java:674)
	at com.amazonaws.services.kinesis.clientlibrary.lib.worker.Worker.run(Worker.java:614)
	at java.lang.Thread.run(Thread.java:750)
Caused by: com.amazonaws.services.dynamodbv2.model.AmazonDynamoDBException: The security token included in the request is invalid. (Service: AmazonDynamoDBv2; Status Code: 400; Error Code: UnrecognizedClientException; Request ID: RLOJU0OUD7K3ETE65Q9LK45Q27VV4KQNSO5AEMVJF66Q9ASUAAJG; Proxy: null)
	at com.amazonaws.http.AmazonHttpClient$RequestExecutor.handleErrorResponse(AmazonHttpClient.java:1819)
	at com.amazonaws.http.AmazonHttpClient$RequestExecutor.handleServiceErrorResponse(AmazonHttpClient.java:1403)
	at com.amazonaws.http.AmazonHttpClient$RequestExecutor.executeOneRequest(AmazonHttpClient.java:1372)
	at com.amazonaws.http.AmazonHttpClient$RequestExecutor.executeHelper(AmazonHttpClient.java:1145)
	at com.amazonaws.http.AmazonHttpClient$RequestExecutor.doExecute(AmazonHttpClient.java:802)
	at com.amazonaws.http.AmazonHttpClient$RequestExecutor.executeWithTimer(AmazonHttpClient.java:770)
	at com.amazonaws.http.AmazonHttpClient$RequestExecutor.execute(AmazonHttpClient.java:744)
	at com.amazonaws.http.AmazonHttpClient$RequestExecutor.access$500(AmazonHttpClient.java:704)
	at com.amazonaws.http.AmazonHttpClient$RequestExecutionBuilderImpl.execute(AmazonHttpClient.java:686)
	at com.amazonaws.http.AmazonHttpClient.execute(AmazonHttpClient.java:550)
	at com.amazonaws.http.AmazonHttpClient.execute(AmazonHttpClient.java:530)
	at com.amazonaws.services.dynamodbv2.AmazonDynamoDBClient.doInvoke(AmazonDynamoDBClient.java:6214)
	at com.amazonaws.services.dynamodbv2.AmazonDynamoDBClient.invoke(AmazonDynamoDBClient.java:6181)
	at com.amazonaws.services.dynamodbv2.AmazonDynamoDBClient.executeCreateTable(AmazonDynamoDBClient.java:1160)
	at com.amazonaws.services.dynamodbv2.AmazonDynamoDBClient.createTable(AmazonDynamoDBClient.java:1124)
	at com.amazonaws.services.kinesis.leases.impl.LeaseManager.createLeaseTableIfNotExists(LeaseManager.java:148)
	... 4 more

May 02, 2024 2:26:19 AM com.amazonaws.services.kinesis.clientlibrary.lib.worker.Worker initialize
INFO: Initialization attempt 17
May 02, 2024 2:26:19 AM com.amazonaws.services.kinesis.clientlibrary.lib.worker.Worker initialize
INFO: Initializing LeaseCoordinator
May 02, 2024 2:26:19 AM com.amazonaws.services.kinesis.clientlibrary.lib.worker.Worker initialize
SEVERE: Caught exception when initializing LeaseCoordinator
com.amazonaws.services.kinesis.leases.exceptions.DependencyException: com.amazonaws.services.dynamodbv2.model.AmazonDynamoDBException: Request is missing Authentication Token (Service: AmazonDynamoDBv2; Status Code: 400; Error Code: MissingAuthenticationTokenException; Request ID: E7J2IF5NUN6T67TCA2ARR2RPGRVV4KQNSO5AEMVJF66Q9ASUAAJG; Proxy: null)
	at com.amazonaws.services.kinesis.leases.impl.LeaseManager.createLeaseTableIfNotExists(LeaseManager.java:155)
	at com.amazonaws.services.kinesis.clientlibrary.lib.worker.KinesisClientLibLeaseCoordinator.initialize(KinesisClientLibLeaseCoordinator.java:329)
	at com.amazonaws.services.kinesis.clientlibrary.lib.worker.Worker.initialize(Worker.java:674)
	at com.amazonaws.services.kinesis.clientlibrary.lib.worker.Worker.run(Worker.java:614)
	at java.lang.Thread.run(Thread.java:750)
Caused by: com.amazonaws.services.dynamodbv2.model.AmazonDynamoDBException: Request is missing Authentication Token (Service: AmazonDynamoDBv2; Status Code: 400; Error Code: MissingAuthenticationTokenException; Request ID: E7J2IF5NUN6T67TCA2ARR2RPGRVV4KQNSO5AEMVJF66Q9ASUAAJG; Proxy: null)
	at com.amazonaws.http.AmazonHttpClient$RequestExecutor.handleErrorResponse(AmazonHttpClient.java:1819)
	at com.amazonaws.http.AmazonHttpClient$RequestExecutor.handleServiceErrorResponse(AmazonHttpClient.java:1403)
	at com.amazonaws.http.AmazonHttpClient$RequestExecutor.executeOneRequest(AmazonHttpClient.java:1372)
	at com.amazonaws.http.AmazonHttpClient$RequestExecutor.executeHelper(AmazonHttpClient.java:1145)
	at com.amazonaws.http.AmazonHttpClient$RequestExecutor.doExecute(AmazonHttpClient.java:802)
	at com.amazonaws.http.AmazonHttpClient$RequestExecutor.executeWithTimer(AmazonHttpClient.java:770)
	at com.amazonaws.http.AmazonHttpClient$RequestExecutor.execute(AmazonHttpClient.java:744)
	at com.amazonaws.http.AmazonHttpClient$RequestExecutor.access$500(AmazonHttpClient.java:704)
	at com.amazonaws.http.AmazonHttpClient$RequestExecutionBuilderImpl.execute(AmazonHttpClient.java:686)
	at com.amazonaws.http.AmazonHttpClient.execute(AmazonHttpClient.java:550)
	at com.amazonaws.http.AmazonHttpClient.execute(AmazonHttpClient.java:530)
	at com.amazonaws.services.dynamodbv2.AmazonDynamoDBClient.doInvoke(AmazonDynamoDBClient.java:6214)
	at com.amazonaws.services.dynamodbv2.AmazonDynamoDBClient.invoke(AmazonDynamoDBClient.java:6181)
	at com.amazonaws.services.dynamodbv2.AmazonDynamoDBClient.executeCreateTable(AmazonDynamoDBClient.java:1160)
	at com.amazonaws.services.dynamodbv2.AmazonDynamoDBClient.createTable(AmazonDynamoDBClient.java:1124)
	at com.amazonaws.services.kinesis.leases.impl.LeaseManager.createLeaseTableIfNotExists(LeaseManager.java:148)
	... 4 more

May 02, 2024 2:26:19 AM com.amazonaws.services.kinesis.clientlibrary.lib.worker.Worker initialize
INFO: Initialization attempt 19
May 02, 2024 2:26:19 AM com.amazonaws.services.kinesis.clientlibrary.lib.worker.Worker initialize
INFO: Initializing LeaseCoordinator
May 02, 2024 2:26:19 AM com.amazonaws.services.kinesis.leases.impl.LeaseManager createLeaseTableIfNotExists
SEVERE: Failed to get table status for test-application
com.amazonaws.services.kinesis.leases.exceptions.DependencyException: com.amazonaws.services.dynamodbv2.model.AmazonDynamoDBException: The security token included in the request is invalid. (Service: AmazonDynamoDBv2; Status Code: 400; Error Code: UnrecognizedClientException; Request ID: TTSK4O2SFHSHL2EVFSGEQUDDNFVV4KQNSO5AEMVJF66Q9ASUAAJG; Proxy: null)
	at com.amazonaws.services.kinesis.leases.impl.LeaseManager.tableStatus(LeaseManager.java:183)
	at com.amazonaws.services.kinesis.leases.impl.LeaseManager.createLeaseTableIfNotExists(LeaseManager.java:126)
	at com.amazonaws.services.kinesis.clientlibrary.lib.worker.KinesisClientLibLeaseCoordinator.initialize(KinesisClientLibLeaseCoordinator.java:329)
	at com.amazonaws.services.kinesis.clientlibrary.lib.worker.Worker.initialize(Worker.java:674)
	at com.amazonaws.services.kinesis.clientlibrary.lib.worker.Worker.run(Worker.java:614)
	at java.lang.Thread.run(Thread.java:750)
Caused by: com.amazonaws.services.dynamodbv2.model.AmazonDynamoDBException: The security token included in the request is invalid. (Service: AmazonDynamoDBv2; Status Code: 400; Error Code: UnrecognizedClientException; Request ID: TTSK4O2SFHSHL2EVFSGEQUDDNFVV4KQNSO5AEMVJF66Q9ASUAAJG; Proxy: null)
	at com.amazonaws.http.AmazonHttpClient$RequestExecutor.handleErrorResponse(AmazonHttpClient.java:1819)
	at com.amazonaws.http.AmazonHttpClient$RequestExecutor.handleServiceErrorResponse(AmazonHttpClient.java:1403)
	at com.amazonaws.http.AmazonHttpClient$RequestExecutor.executeOneRequest(AmazonHttpClient.java:1372)
	at com.amazonaws.http.AmazonHttpClient$RequestExecutor.executeHelper(AmazonHttpClient.java:1145)
	at com.amazonaws.http.AmazonHttpClient$RequestExecutor.doExecute(AmazonHttpClient.java:802)
	at com.amazonaws.http.AmazonHttpClient$RequestExecutor.executeWithTimer(AmazonHttpClient.java:770)
	at com.amazonaws.http.AmazonHttpClient$RequestExecutor.execute(AmazonHttpClient.java:744)
	at com.amazonaws.http.AmazonHttpClient$RequestExecutor.access$500(AmazonHttpClient.java:704)
	at com.amazonaws.http.AmazonHttpClient$RequestExecutionBuilderImpl.execute(AmazonHttpClient.java:686)
	at com.amazonaws.http.AmazonHttpClient.execute(AmazonHttpClient.java:550)
	at com.amazonaws.http.AmazonHttpClient.execute(AmazonHttpClient.java:530)
	at com.amazonaws.services.dynamodbv2.AmazonDynamoDBClient.doInvoke(AmazonDynamoDBClient.java:6214)
	at com.amazonaws.services.dynamodbv2.AmazonDynamoDBClient.invoke(AmazonDynamoDBClient.java:6181)
	at com.amazonaws.services.dynamodbv2.AmazonDynamoDBClient.executeDescribeTable(AmazonDynamoDBClient.java:2247)
	at com.amazonaws.services.dynamodbv2.AmazonDynamoDBClient.describeTable(AmazonDynamoDBClient.java:2211)
	at com.amazonaws.services.kinesis.leases.impl.LeaseManager.tableStatus(LeaseManager.java:175)
	... 5 more

May 02, 2024 2:26:19 AM com.amazonaws.services.kinesis.leases.impl.LeaseManager createLeaseTableIfNotExists
SEVERE: Failed to get table status for test-application
com.amazonaws.services.kinesis.leases.exceptions.DependencyException: com.amazonaws.services.dynamodbv2.model.AmazonDynamoDBException: Request is missing Authentication Token (Service: AmazonDynamoDBv2; Status Code: 400; Error Code: MissingAuthenticationTokenException; Request ID: S8THT3KJN8I6M569P32MN3JHS3VV4KQNSO5AEMVJF66Q9ASUAAJG; Proxy: null)
	at com.amazonaws.services.kinesis.leases.impl.LeaseManager.tableStatus(LeaseManager.java:183)
	at com.amazonaws.services.kinesis.leases.impl.LeaseManager.createLeaseTableIfNotExists(LeaseManager.java:126)
	at com.amazonaws.services.kinesis.clientlibrary.lib.worker.KinesisClientLibLeaseCoordinator.initialize(KinesisClientLibLeaseCoordinator.java:329)
	at com.amazonaws.services.kinesis.clientlibrary.lib.worker.Worker.initialize(Worker.java:674)
	at com.amazonaws.services.kinesis.clientlibrary.lib.worker.Worker.run(Worker.java:614)
	at java.lang.Thread.run(Thread.java:750)
Caused by: com.amazonaws.services.dynamodbv2.model.AmazonDynamoDBException: Request is missing Authentication Token (Service: AmazonDynamoDBv2; Status Code: 400; Error Code: MissingAuthenticationTokenException; Request ID: S8THT3KJN8I6M569P32MN3JHS3VV4KQNSO5AEMVJF66Q9ASUAAJG; Proxy: null)
	at com.amazonaws.http.AmazonHttpClient$RequestExecutor.handleErrorResponse(AmazonHttpClient.java:1819)
	at com.amazonaws.http.AmazonHttpClient$RequestExecutor.handleServiceErrorResponse(AmazonHttpClient.java:1403)
	at com.amazonaws.http.AmazonHttpClient$RequestExecutor.executeOneRequest(AmazonHttpClient.java:1372)
	at com.amazonaws.http.AmazonHttpClient$RequestExecutor.executeHelper(AmazonHttpClient.java:1145)
	at com.amazonaws.http.AmazonHttpClient$RequestExecutor.doExecute(AmazonHttpClient.java:802)
	at com.amazonaws.http.AmazonHttpClient$RequestExecutor.executeWithTimer(AmazonHttpClient.java:770)
	at com.amazonaws.http.AmazonHttpClient$RequestExecutor.execute(AmazonHttpClient.java:744)
	at com.amazonaws.http.AmazonHttpClient$RequestExecutor.access$500(AmazonHttpClient.java:704)
	at com.amazonaws.http.AmazonHttpClient$RequestExecutionBuilderImpl.execute(AmazonHttpClient.java:686)
	at com.amazonaws.http.AmazonHttpClient.execute(AmazonHttpClient.java:550)
	at com.amazonaws.http.AmazonHttpClient.execute(AmazonHttpClient.java:530)
	at com.amazonaws.services.dynamodbv2.AmazonDynamoDBClient.doInvoke(AmazonDynamoDBClient.java:6214)
	at com.amazonaws.services.dynamodbv2.AmazonDynamoDBClient.invoke(AmazonDynamoDBClient.java:6181)
	at com.amazonaws.services.dynamodbv2.AmazonDynamoDBClient.executeDescribeTable(AmazonDynamoDBClient.java:2247)
	at com.amazonaws.services.dynamodbv2.AmazonDynamoDBClient.describeTable(AmazonDynamoDBClient.java:2211)
	at com.amazonaws.services.kinesis.leases.impl.LeaseManager.tableStatus(LeaseManager.java:175)
	... 5 more

May 02, 2024 2:26:19 AM com.amazonaws.services.kinesis.clientlibrary.lib.worker.Worker initialize
SEVERE: Caught exception when initializing LeaseCoordinator
com.amazonaws.services.kinesis.leases.exceptions.DependencyException: com.amazonaws.services.dynamodbv2.model.AmazonDynamoDBException: Request is missing Authentication Token (Service: AmazonDynamoDBv2; Status Code: 400; Error Code: MissingAuthenticationTokenException; Request ID: OUFNKFNIUB535FQ1C9I225CP87VV4KQNSO5AEMVJF66Q9ASUAAJG; Proxy: null)
	at com.amazonaws.services.kinesis.leases.impl.LeaseManager.createLeaseTableIfNotExists(LeaseManager.java:155)
	at com.amazonaws.services.kinesis.clientlibrary.lib.worker.KinesisClientLibLeaseCoordinator.initialize(KinesisClientLibLeaseCoordinator.java:329)
	at com.amazonaws.services.kinesis.clientlibrary.lib.worker.Worker.initialize(Worker.java:674)
	at com.amazonaws.services.kinesis.clientlibrary.lib.worker.Worker.run(Worker.java:614)
	at java.lang.Thread.run(Thread.java:750)
Caused by: com.amazonaws.services.dynamodbv2.model.AmazonDynamoDBException: Request is missing Authentication Token (Service: AmazonDynamoDBv2; Status Code: 400; Error Code: MissingAuthenticationTokenException; Request ID: OUFNKFNIUB535FQ1C9I225CP87VV4KQNSO5AEMVJF66Q9ASUAAJG; Proxy: null)
	at com.amazonaws.http.AmazonHttpClient$RequestExecutor.handleErrorResponse(AmazonHttpClient.java:1819)
	at com.amazonaws.http.AmazonHttpClient$RequestExecutor.handleServiceErrorResponse(AmazonHttpClient.java:1403)
	at com.amazonaws.http.AmazonHttpClient$RequestExecutor.executeOneRequest(AmazonHttpClient.java:1372)
	at com.amazonaws.http.AmazonHttpClient$RequestExecutor.executeHelper(AmazonHttpClient.java:1145)
	at com.amazonaws.http.AmazonHttpClient$RequestExecutor.doExecute(AmazonHttpClient.java:802)
	at com.amazonaws.http.AmazonHttpClient$RequestExecutor.executeWithTimer(AmazonHttpClient.java:770)
	at com.amazonaws.http.AmazonHttpClient$RequestExecutor.execute(AmazonHttpClient.java:744)
	at com.amazonaws.http.AmazonHttpClient$RequestExecutor.access$500(AmazonHttpClient.java:704)
	at com.amazonaws.http.AmazonHttpClient$RequestExecutionBuilderImpl.execute(AmazonHttpClient.java:686)
	at com.amazonaws.http.AmazonHttpClient.execute(AmazonHttpClient.java:550)
	at com.amazonaws.http.AmazonHttpClient.execute(AmazonHttpClient.java:530)
	at com.amazonaws.services.dynamodbv2.AmazonDynamoDBClient.doInvoke(AmazonDynamoDBClient.java:6214)
	at com.amazonaws.services.dynamodbv2.AmazonDynamoDBClient.invoke(AmazonDynamoDBClient.java:6181)
	at com.amazonaws.services.dynamodbv2.AmazonDynamoDBClient.executeCreateTable(AmazonDynamoDBClient.java:1160)
	at com.amazonaws.services.dynamodbv2.AmazonDynamoDBClient.createTable(AmazonDynamoDBClient.java:1124)
	at com.amazonaws.services.kinesis.leases.impl.LeaseManager.createLeaseTableIfNotExists(LeaseManager.java:148)
	... 4 more

May 02, 2024 2:26:19 AM com.amazonaws.services.kinesis.clientlibrary.lib.worker.Worker initialize
INFO: Initialization attempt 20
May 02, 2024 2:26:19 AM com.amazonaws.services.kinesis.clientlibrary.lib.worker.Worker initialize
INFO: Initializing LeaseCoordinator
May 02, 2024 2:26:19 AM com.amazonaws.services.kinesis.clientlibrary.lib.worker.Worker initialize
SEVERE: Caught exception when initializing LeaseCoordinator
com.amazonaws.services.kinesis.leases.exceptions.DependencyException: com.amazonaws.services.dynamodbv2.model.AmazonDynamoDBException: The security token included in the request is invalid. (Service: AmazonDynamoDBv2; Status Code: 400; Error Code: UnrecognizedClientException; Request ID: 8S4MH4UUBT4QHAO047TOLNNNHJVV4KQNSO5AEMVJF66Q9ASUAAJG; Proxy: null)
	at com.amazonaws.services.kinesis.leases.impl.LeaseManager.createLeaseTableIfNotExists(LeaseManager.java:155)
	at com.amazonaws.services.kinesis.clientlibrary.lib.worker.KinesisClientLibLeaseCoordinator.initialize(KinesisClientLibLeaseCoordinator.java:329)
	at com.amazonaws.services.kinesis.clientlibrary.lib.worker.Worker.initialize(Worker.java:674)
	at com.amazonaws.services.kinesis.clientlibrary.lib.worker.Worker.run(Worker.java:614)
	at java.lang.Thread.run(Thread.java:750)
Caused by: com.amazonaws.services.dynamodbv2.model.AmazonDynamoDBException: The security token included in the request is invalid. (Service: AmazonDynamoDBv2; Status Code: 400; Error Code: UnrecognizedClientException; Request ID: 8S4MH4UUBT4QHAO047TOLNNNHJVV4KQNSO5AEMVJF66Q9ASUAAJG; Proxy: null)
	at com.amazonaws.http.AmazonHttpClient$RequestExecutor.handleErrorResponse(AmazonHttpClient.java:1819)
	at com.amazonaws.http.AmazonHttpClient$RequestExecutor.handleServiceErrorResponse(AmazonHttpClient.java:1403)
	at com.amazonaws.http.AmazonHttpClient$RequestExecutor.executeOneRequest(AmazonHttpClient.java:1372)
	at com.amazonaws.http.AmazonHttpClient$RequestExecutor.executeHelper(AmazonHttpClient.java:1145)
	at com.amazonaws.http.AmazonHttpClient$RequestExecutor.doExecute(AmazonHttpClient.java:802)
	at com.amazonaws.http.AmazonHttpClient$RequestExecutor.executeWithTimer(AmazonHttpClient.java:770)
	at com.amazonaws.http.AmazonHttpClient$RequestExecutor.execute(AmazonHttpClient.java:744)
	at com.amazonaws.http.AmazonHttpClient$RequestExecutor.access$500(AmazonHttpClient.java:704)
	at com.amazonaws.http.AmazonHttpClient$RequestExecutionBuilderImpl.execute(AmazonHttpClient.java:686)
	at com.amazonaws.http.AmazonHttpClient.execute(AmazonHttpClient.java:550)
	at com.amazonaws.http.AmazonHttpClient.execute(AmazonHttpClient.java:530)
	at com.amazonaws.services.dynamodbv2.AmazonDynamoDBClient.doInvoke(AmazonDynamoDBClient.java:6214)
	at com.amazonaws.services.dynamodbv2.AmazonDynamoDBClient.invoke(AmazonDynamoDBClient.java:6181)
	at com.amazonaws.services.dynamodbv2.AmazonDynamoDBClient.executeCreateTable(AmazonDynamoDBClient.java:1160)
	at com.amazonaws.services.dynamodbv2.AmazonDynamoDBClient.createTable(AmazonDynamoDBClient.java:1124)
	at com.amazonaws.services.kinesis.leases.impl.LeaseManager.createLeaseTableIfNotExists(LeaseManager.java:148)
	... 4 more

May 02, 2024 2:26:19 AM com.amazonaws.services.kinesis.clientlibrary.lib.worker.Worker initialize
INFO: Initialization attempt 18
May 02, 2024 2:26:19 AM com.amazonaws.services.kinesis.clientlibrary.lib.worker.Worker initialize
INFO: Initializing LeaseCoordinator
May 02, 2024 2:26:19 AM com.amazonaws.services.kinesis.leases.impl.LeaseManager createLeaseTableIfNotExists
SEVERE: Failed to get table status for test-application
com.amazonaws.services.kinesis.leases.exceptions.DependencyException: com.amazonaws.services.dynamodbv2.model.AmazonDynamoDBException: Request is missing Authentication Token (Service: AmazonDynamoDBv2; Status Code: 400; Error Code: MissingAuthenticationTokenException; Request ID: 3P8OS9AK67SBBDUH91K1UQP0MBVV4KQNSO5AEMVJF66Q9ASUAAJG; Proxy: null)
	at com.amazonaws.services.kinesis.leases.impl.LeaseManager.tableStatus(LeaseManager.java:183)
	at com.amazonaws.services.kinesis.leases.impl.LeaseManager.createLeaseTableIfNotExists(LeaseManager.java:126)
	at com.amazonaws.services.kinesis.clientlibrary.lib.worker.KinesisClientLibLeaseCoordinator.initialize(KinesisClientLibLeaseCoordinator.java:329)
	at com.amazonaws.services.kinesis.clientlibrary.lib.worker.Worker.initialize(Worker.java:674)
	at com.amazonaws.services.kinesis.clientlibrary.lib.worker.Worker.run(Worker.java:614)
	at java.lang.Thread.run(Thread.java:750)
Caused by: com.amazonaws.services.dynamodbv2.model.AmazonDynamoDBException: Request is missing Authentication Token (Service: AmazonDynamoDBv2; Status Code: 400; Error Code: MissingAuthenticationTokenException; Request ID: 3P8OS9AK67SBBDUH91K1UQP0MBVV4KQNSO5AEMVJF66Q9ASUAAJG; Proxy: null)
	at com.amazonaws.http.AmazonHttpClient$RequestExecutor.handleErrorResponse(AmazonHttpClient.java:1819)
	at com.amazonaws.http.AmazonHttpClient$RequestExecutor.handleServiceErrorResponse(AmazonHttpClient.java:1403)
	at com.amazonaws.http.AmazonHttpClient$RequestExecutor.executeOneRequest(AmazonHttpClient.java:1372)
	at com.amazonaws.http.AmazonHttpClient$RequestExecutor.executeHelper(AmazonHttpClient.java:1145)
	at com.amazonaws.http.AmazonHttpClient$RequestExecutor.doExecute(AmazonHttpClient.java:802)
	at com.amazonaws.http.AmazonHttpClient$RequestExecutor.executeWithTimer(AmazonHttpClient.java:770)
	at com.amazonaws.http.AmazonHttpClient$RequestExecutor.execute(AmazonHttpClient.java:744)
	at com.amazonaws.http.AmazonHttpClient$RequestExecutor.access$500(AmazonHttpClient.java:704)
	at com.amazonaws.http.AmazonHttpClient$RequestExecutionBuilderImpl.execute(AmazonHttpClient.java:686)
	at com.amazonaws.http.AmazonHttpClient.execute(AmazonHttpClient.java:550)
	at com.amazonaws.http.AmazonHttpClient.execute(AmazonHttpClient.java:530)
	at com.amazonaws.services.dynamodbv2.AmazonDynamoDBClient.doInvoke(AmazonDynamoDBClient.java:6214)
	at com.amazonaws.services.dynamodbv2.AmazonDynamoDBClient.invoke(AmazonDynamoDBClient.java:6181)
	at com.amazonaws.services.dynamodbv2.AmazonDynamoDBClient.executeDescribeTable(AmazonDynamoDBClient.java:2247)
	at com.amazonaws.services.dynamodbv2.AmazonDynamoDBClient.describeTable(AmazonDynamoDBClient.java:2211)
	at com.amazonaws.services.kinesis.leases.impl.LeaseManager.tableStatus(LeaseManager.java:175)
	... 5 more

May 02, 2024 2:26:19 AM com.amazonaws.services.kinesis.leases.impl.LeaseManager createLeaseTableIfNotExists
SEVERE: Failed to get table status for test-application
com.amazonaws.services.kinesis.leases.exceptions.DependencyException: com.amazonaws.services.dynamodbv2.model.AmazonDynamoDBException: The security token included in the request is invalid. (Service: AmazonDynamoDBv2; Status Code: 400; Error Code: UnrecognizedClientException; Request ID: 8LAPM21JOK8HTIJKAAH68DNGVFVV4KQNSO5AEMVJF66Q9ASUAAJG; Proxy: null)
	at com.amazonaws.services.kinesis.leases.impl.LeaseManager.tableStatus(LeaseManager.java:183)
	at com.amazonaws.services.kinesis.leases.impl.LeaseManager.createLeaseTableIfNotExists(LeaseManager.java:126)
	at com.amazonaws.services.kinesis.clientlibrary.lib.worker.KinesisClientLibLeaseCoordinator.initialize(KinesisClientLibLeaseCoordinator.java:329)
	at com.amazonaws.services.kinesis.clientlibrary.lib.worker.Worker.initialize(Worker.java:674)
	at com.amazonaws.services.kinesis.clientlibrary.lib.worker.Worker.run(Worker.java:614)
	at java.lang.Thread.run(Thread.java:750)
Caused by: com.amazonaws.services.dynamodbv2.model.AmazonDynamoDBException: The security token included in the request is invalid. (Service: AmazonDynamoDBv2; Status Code: 400; Error Code: UnrecognizedClientException; Request ID: 8LAPM21JOK8HTIJKAAH68DNGVFVV4KQNSO5AEMVJF66Q9ASUAAJG; Proxy: null)
	at com.amazonaws.http.AmazonHttpClient$RequestExecutor.handleErrorResponse(AmazonHttpClient.java:1819)
	at com.amazonaws.http.AmazonHttpClient$RequestExecutor.handleServiceErrorResponse(AmazonHttpClient.java:1403)
	at com.amazonaws.http.AmazonHttpClient$RequestExecutor.executeOneRequest(AmazonHttpClient.java:1372)
	at com.amazonaws.http.AmazonHttpClient$RequestExecutor.executeHelper(AmazonHttpClient.java:1145)
	at com.amazonaws.http.AmazonHttpClient$RequestExecutor.doExecute(AmazonHttpClient.java:802)
	at com.amazonaws.http.AmazonHttpClient$RequestExecutor.executeWithTimer(AmazonHttpClient.java:770)
	at com.amazonaws.http.AmazonHttpClient$RequestExecutor.execute(AmazonHttpClient.java:744)
	at com.amazonaws.http.AmazonHttpClient$RequestExecutor.access$500(AmazonHttpClient.java:704)
	at com.amazonaws.http.AmazonHttpClient$RequestExecutionBuilderImpl.execute(AmazonHttpClient.java:686)
	at com.amazonaws.http.AmazonHttpClient.execute(AmazonHttpClient.java:550)
	at com.amazonaws.http.AmazonHttpClient.execute(AmazonHttpClient.java:530)
	at com.amazonaws.services.dynamodbv2.AmazonDynamoDBClient.doInvoke(AmazonDynamoDBClient.java:6214)
	at com.amazonaws.services.dynamodbv2.AmazonDynamoDBClient.invoke(AmazonDynamoDBClient.java:6181)
	at com.amazonaws.services.dynamodbv2.AmazonDynamoDBClient.executeDescribeTable(AmazonDynamoDBClient.java:2247)
	at com.amazonaws.services.dynamodbv2.AmazonDynamoDBClient.describeTable(AmazonDynamoDBClient.java:2211)
	at com.amazonaws.services.kinesis.leases.impl.LeaseManager.tableStatus(LeaseManager.java:175)
	... 5 more

May 02, 2024 2:26:19 AM com.amazonaws.services.kinesis.clientlibrary.lib.worker.Worker initialize
SEVERE: Caught exception when initializing LeaseCoordinator
com.amazonaws.services.kinesis.leases.exceptions.DependencyException: com.amazonaws.services.dynamodbv2.model.AmazonDynamoDBException: Request is missing Authentication Token (Service: AmazonDynamoDBv2; Status Code: 400; Error Code: MissingAuthenticationTokenException; Request ID: PLEVEQRSKPQ6AKFGHOESE3V4IFVV4KQNSO5AEMVJF66Q9ASUAAJG; Proxy: null)
	at com.amazonaws.services.kinesis.leases.impl.LeaseManager.createLeaseTableIfNotExists(LeaseManager.java:155)
	at com.amazonaws.services.kinesis.clientlibrary.lib.worker.KinesisClientLibLeaseCoordinator.initialize(KinesisClientLibLeaseCoordinator.java:329)
	at com.amazonaws.services.kinesis.clientlibrary.lib.worker.Worker.initialize(Worker.java:674)
	at com.amazonaws.services.kinesis.clientlibrary.lib.worker.Worker.run(Worker.java:614)
	at java.lang.Thread.run(Thread.java:750)
Caused by: com.amazonaws.services.dynamodbv2.model.AmazonDynamoDBException: Request is missing Authentication Token (Service: AmazonDynamoDBv2; Status Code: 400; Error Code: MissingAuthenticationTokenException; Request ID: PLEVEQRSKPQ6AKFGHOESE3V4IFVV4KQNSO5AEMVJF66Q9ASUAAJG; Proxy: null)
	at com.amazonaws.http.AmazonHttpClient$RequestExecutor.handleErrorResponse(AmazonHttpClient.java:1819)
	at com.amazonaws.http.AmazonHttpClient$RequestExecutor.handleServiceErrorResponse(AmazonHttpClient.java:1403)
	at com.amazonaws.http.AmazonHttpClient$RequestExecutor.executeOneRequest(AmazonHttpClient.java:1372)
	at com.amazonaws.http.AmazonHttpClient$RequestExecutor.executeHelper(AmazonHttpClient.java:1145)
	at com.amazonaws.http.AmazonHttpClient$RequestExecutor.doExecute(AmazonHttpClient.java:802)
	at com.amazonaws.http.AmazonHttpClient$RequestExecutor.executeWithTimer(AmazonHttpClient.java:770)
	at com.amazonaws.http.AmazonHttpClient$RequestExecutor.execute(AmazonHttpClient.java:744)
	at com.amazonaws.http.AmazonHttpClient$RequestExecutor.access$500(AmazonHttpClient.java:704)
	at com.amazonaws.http.AmazonHttpClient$RequestExecutionBuilderImpl.execute(AmazonHttpClient.java:686)
	at com.amazonaws.http.AmazonHttpClient.execute(AmazonHttpClient.java:550)
	at com.amazonaws.http.AmazonHttpClient.execute(AmazonHttpClient.java:530)
	at com.amazonaws.services.dynamodbv2.AmazonDynamoDBClient.doInvoke(AmazonDynamoDBClient.java:6214)
	at com.amazonaws.services.dynamodbv2.AmazonDynamoDBClient.invoke(AmazonDynamoDBClient.java:6181)
	at com.amazonaws.services.dynamodbv2.AmazonDynamoDBClient.executeCreateTable(AmazonDynamoDBClient.java:1160)
	at com.amazonaws.services.dynamodbv2.AmazonDynamoDBClient.createTable(AmazonDynamoDBClient.java:1124)
	at com.amazonaws.services.kinesis.leases.impl.LeaseManager.createLeaseTableIfNotExists(LeaseManager.java:148)
	... 4 more

May 02, 2024 2:26:19 AM com.amazonaws.services.kinesis.clientlibrary.lib.worker.Worker run
SEVERE: Unable to initialize after 20 attempts. Shutting down.
java.lang.RuntimeException: com.amazonaws.services.kinesis.leases.exceptions.DependencyException: com.amazonaws.services.dynamodbv2.model.AmazonDynamoDBException: Request is missing Authentication Token (Service: AmazonDynamoDBv2; Status Code: 400; Error Code: MissingAuthenticationTokenException; Request ID: PLEVEQRSKPQ6AKFGHOESE3V4IFVV4KQNSO5AEMVJF66Q9ASUAAJG; Proxy: null)
	at com.amazonaws.services.kinesis.clientlibrary.lib.worker.Worker.initialize(Worker.java:715)
	at com.amazonaws.services.kinesis.clientlibrary.lib.worker.Worker.run(Worker.java:614)
	at java.lang.Thread.run(Thread.java:750)
Caused by: com.amazonaws.services.kinesis.leases.exceptions.DependencyException: com.amazonaws.services.dynamodbv2.model.AmazonDynamoDBException: Request is missing Authentication Token (Service: AmazonDynamoDBv2; Status Code: 400; Error Code: MissingAuthenticationTokenException; Request ID: PLEVEQRSKPQ6AKFGHOESE3V4IFVV4KQNSO5AEMVJF66Q9ASUAAJG; Proxy: null)
	at com.amazonaws.services.kinesis.leases.impl.LeaseManager.createLeaseTableIfNotExists(LeaseManager.java:155)
	at com.amazonaws.services.kinesis.clientlibrary.lib.worker.KinesisClientLibLeaseCoordinator.initialize(KinesisClientLibLeaseCoordinator.java:329)
	at com.amazonaws.services.kinesis.clientlibrary.lib.worker.Worker.initialize(Worker.java:674)
	... 2 more
Caused by: com.amazonaws.services.dynamodbv2.model.AmazonDynamoDBException: Request is missing Authentication Token (Service: AmazonDynamoDBv2; Status Code: 400; Error Code: MissingAuthenticationTokenException; Request ID: PLEVEQRSKPQ6AKFGHOESE3V4IFVV4KQNSO5AEMVJF66Q9ASUAAJG; Proxy: null)
	at com.amazonaws.http.AmazonHttpClient$RequestExecutor.handleErrorResponse(AmazonHttpClient.java:1819)
	at com.amazonaws.http.AmazonHttpClient$RequestExecutor.handleServiceErrorResponse(AmazonHttpClient.java:1403)
	at com.amazonaws.http.AmazonHttpClient$RequestExecutor.executeOneRequest(AmazonHttpClient.java:1372)
	at com.amazonaws.http.AmazonHttpClient$RequestExecutor.executeHelper(AmazonHttpClient.java:1145)
	at com.amazonaws.http.AmazonHttpClient$RequestExecutor.doExecute(AmazonHttpClient.java:802)
	at com.amazonaws.http.AmazonHttpClient$RequestExecutor.executeWithTimer(AmazonHttpClient.java:770)
	at com.amazonaws.http.AmazonHttpClient$RequestExecutor.execute(AmazonHttpClient.java:744)
	at com.amazonaws.http.AmazonHttpClient$RequestExecutor.access$500(AmazonHttpClient.java:704)
	at com.amazonaws.http.AmazonHttpClient$RequestExecutionBuilderImpl.execute(AmazonHttpClient.java:686)
	at com.amazonaws.http.AmazonHttpClient.execute(AmazonHttpClient.java:550)
	at com.amazonaws.http.AmazonHttpClient.execute(AmazonHttpClient.java:530)
	at com.amazonaws.services.dynamodbv2.AmazonDynamoDBClient.doInvoke(AmazonDynamoDBClient.java:6214)
	at com.amazonaws.services.dynamodbv2.AmazonDynamoDBClient.invoke(AmazonDynamoDBClient.java:6181)
	at com.amazonaws.services.dynamodbv2.AmazonDynamoDBClient.executeCreateTable(AmazonDynamoDBClient.java:1160)
	at com.amazonaws.services.dynamodbv2.AmazonDynamoDBClient.createTable(AmazonDynamoDBClient.java:1124)
	at com.amazonaws.services.kinesis.leases.impl.LeaseManager.createLeaseTableIfNotExists(LeaseManager.java:148)
	... 4 more

May 02, 2024 2:26:19 AM com.amazonaws.services.kinesis.clientlibrary.lib.worker.Worker shutdown
INFO: Worker shutdown requested.
May 02, 2024 2:26:19 AM com.amazonaws.services.kinesis.clientlibrary.lib.worker.Worker shouldShutdown
INFO: All record processors have been shutdown successfully.
May 02, 2024 2:26:19 AM com.amazonaws.services.kinesis.clientlibrary.lib.worker.Worker finalShutdown
INFO: Starting worker's final shutdown.
May 02, 2024 2:26:19 AM com.amazonaws.services.kinesis.clientlibrary.lib.worker.Worker run
INFO: Worker loop is complete. Exiting from worker.
May 02, 2024 2:26:19 AM com.amazonaws.services.kinesis.clientlibrary.lib.worker.Worker initialize
SEVERE: Caught exception when initializing LeaseCoordinator
com.amazonaws.services.kinesis.leases.exceptions.DependencyException: com.amazonaws.services.dynamodbv2.model.AmazonDynamoDBException: The security token included in the request is invalid. (Service: AmazonDynamoDBv2; Status Code: 400; Error Code: UnrecognizedClientException; Request ID: MEE11PN9DM67MGJ8DDTLGPEFPFVV4KQNSO5AEMVJF66Q9ASUAAJG; Proxy: null)
	at com.amazonaws.services.kinesis.leases.impl.LeaseManager.createLeaseTableIfNotExists(LeaseManager.java:155)
	at com.amazonaws.services.kinesis.clientlibrary.lib.worker.KinesisClientLibLeaseCoordinator.initialize(KinesisClientLibLeaseCoordinator.java:329)
	at com.amazonaws.services.kinesis.clientlibrary.lib.worker.Worker.initialize(Worker.java:674)
	at com.amazonaws.services.kinesis.clientlibrary.lib.worker.Worker.run(Worker.java:614)
	at java.lang.Thread.run(Thread.java:750)
Caused by: com.amazonaws.services.dynamodbv2.model.AmazonDynamoDBException: The security token included in the request is invalid. (Service: AmazonDynamoDBv2; Status Code: 400; Error Code: UnrecognizedClientException; Request ID: MEE11PN9DM67MGJ8DDTLGPEFPFVV4KQNSO5AEMVJF66Q9ASUAAJG; Proxy: null)
	at com.amazonaws.http.AmazonHttpClient$RequestExecutor.handleErrorResponse(AmazonHttpClient.java:1819)
	at com.amazonaws.http.AmazonHttpClient$RequestExecutor.handleServiceErrorResponse(AmazonHttpClient.java:1403)
	at com.amazonaws.http.AmazonHttpClient$RequestExecutor.executeOneRequest(AmazonHttpClient.java:1372)
	at com.amazonaws.http.AmazonHttpClient$RequestExecutor.executeHelper(AmazonHttpClient.java:1145)
	at com.amazonaws.http.AmazonHttpClient$RequestExecutor.doExecute(AmazonHttpClient.java:802)
	at com.amazonaws.http.AmazonHttpClient$RequestExecutor.executeWithTimer(AmazonHttpClient.java:770)
	at com.amazonaws.http.AmazonHttpClient$RequestExecutor.execute(AmazonHttpClient.java:744)
	at com.amazonaws.http.AmazonHttpClient$RequestExecutor.access$500(AmazonHttpClient.java:704)
	at com.amazonaws.http.AmazonHttpClient$RequestExecutionBuilderImpl.execute(AmazonHttpClient.java:686)
	at com.amazonaws.http.AmazonHttpClient.execute(AmazonHttpClient.java:550)
	at com.amazonaws.http.AmazonHttpClient.execute(AmazonHttpClient.java:530)
	at com.amazonaws.services.dynamodbv2.AmazonDynamoDBClient.doInvoke(AmazonDynamoDBClient.java:6214)
	at com.amazonaws.services.dynamodbv2.AmazonDynamoDBClient.invoke(AmazonDynamoDBClient.java:6181)
	at com.amazonaws.services.dynamodbv2.AmazonDynamoDBClient.executeCreateTable(AmazonDynamoDBClient.java:1160)
	at com.amazonaws.services.dynamodbv2.AmazonDynamoDBClient.createTable(AmazonDynamoDBClient.java:1124)
	at com.amazonaws.services.kinesis.leases.impl.LeaseManager.createLeaseTableIfNotExists(LeaseManager.java:148)
	... 4 more

May 02, 2024 2:26:19 AM com.amazonaws.services.kinesis.clientlibrary.lib.worker.Worker initialize
INFO: Initialization attempt 19
May 02, 2024 2:26:19 AM com.amazonaws.services.kinesis.clientlibrary.lib.worker.Worker initialize
INFO: Initializing LeaseCoordinator
May 02, 2024 2:26:19 AM com.amazonaws.services.kinesis.leases.impl.LeaseManager createLeaseTableIfNotExists
SEVERE: Failed to get table status for test-application
com.amazonaws.services.kinesis.leases.exceptions.DependencyException: com.amazonaws.services.dynamodbv2.model.AmazonDynamoDBException: The security token included in the request is invalid. (Service: AmazonDynamoDBv2; Status Code: 400; Error Code: UnrecognizedClientException; Request ID: Q7SQ9BAUQN6433525JJCJ18I77VV4KQNSO5AEMVJF66Q9ASUAAJG; Proxy: null)
	at com.amazonaws.services.kinesis.leases.impl.LeaseManager.tableStatus(LeaseManager.java:183)
	at com.amazonaws.services.kinesis.leases.impl.LeaseManager.createLeaseTableIfNotExists(LeaseManager.java:126)
	at com.amazonaws.services.kinesis.clientlibrary.lib.worker.KinesisClientLibLeaseCoordinator.initialize(KinesisClientLibLeaseCoordinator.java:329)
	at com.amazonaws.services.kinesis.clientlibrary.lib.worker.Worker.initialize(Worker.java:674)
	at com.amazonaws.services.kinesis.clientlibrary.lib.worker.Worker.run(Worker.java:614)
	at java.lang.Thread.run(Thread.java:750)
Caused by: com.amazonaws.services.dynamodbv2.model.AmazonDynamoDBException: The security token included in the request is invalid. (Service: AmazonDynamoDBv2; Status Code: 400; Error Code: UnrecognizedClientException; Request ID: Q7SQ9BAUQN6433525JJCJ18I77VV4KQNSO5AEMVJF66Q9ASUAAJG; Proxy: null)
	at com.amazonaws.http.AmazonHttpClient$RequestExecutor.handleErrorResponse(AmazonHttpClient.java:1819)
	at com.amazonaws.http.AmazonHttpClient$RequestExecutor.handleServiceErrorResponse(AmazonHttpClient.java:1403)
	at com.amazonaws.http.AmazonHttpClient$RequestExecutor.executeOneRequest(AmazonHttpClient.java:1372)
	at com.amazonaws.http.AmazonHttpClient$RequestExecutor.executeHelper(AmazonHttpClient.java:1145)
	at com.amazonaws.http.AmazonHttpClient$RequestExecutor.doExecute(AmazonHttpClient.java:802)
	at com.amazonaws.http.AmazonHttpClient$RequestExecutor.executeWithTimer(AmazonHttpClient.java:770)
	at com.amazonaws.http.AmazonHttpClient$RequestExecutor.execute(AmazonHttpClient.java:744)
	at com.amazonaws.http.AmazonHttpClient$RequestExecutor.access$500(AmazonHttpClient.java:704)
	at com.amazonaws.http.AmazonHttpClient$RequestExecutionBuilderImpl.execute(AmazonHttpClient.java:686)
	at com.amazonaws.http.AmazonHttpClient.execute(AmazonHttpClient.java:550)
	at com.amazonaws.http.AmazonHttpClient.execute(AmazonHttpClient.java:530)
	at com.amazonaws.services.dynamodbv2.AmazonDynamoDBClient.doInvoke(AmazonDynamoDBClient.java:6214)
	at com.amazonaws.services.dynamodbv2.AmazonDynamoDBClient.invoke(AmazonDynamoDBClient.java:6181)
	at com.amazonaws.services.dynamodbv2.AmazonDynamoDBClient.executeDescribeTable(AmazonDynamoDBClient.java:2247)
	at com.amazonaws.services.dynamodbv2.AmazonDynamoDBClient.describeTable(AmazonDynamoDBClient.java:2211)
	at com.amazonaws.services.kinesis.leases.impl.LeaseManager.tableStatus(LeaseManager.java:175)
	... 5 more

May 02, 2024 2:26:19 AM com.amazonaws.services.kinesis.clientlibrary.lib.worker.Worker initialize
SEVERE: Caught exception when initializing LeaseCoordinator
com.amazonaws.services.kinesis.leases.exceptions.DependencyException: com.amazonaws.services.dynamodbv2.model.AmazonDynamoDBException: The security token included in the request is invalid. (Service: AmazonDynamoDBv2; Status Code: 400; Error Code: UnrecognizedClientException; Request ID: BRDLHC1KSPR3JMEIKKP36BCBKJVV4KQNSO5AEMVJF66Q9ASUAAJG; Proxy: null)
	at com.amazonaws.services.kinesis.leases.impl.LeaseManager.createLeaseTableIfNotExists(LeaseManager.java:155)
	at com.amazonaws.services.kinesis.clientlibrary.lib.worker.KinesisClientLibLeaseCoordinator.initialize(KinesisClientLibLeaseCoordinator.java:329)
	at com.amazonaws.services.kinesis.clientlibrary.lib.worker.Worker.initialize(Worker.java:674)
	at com.amazonaws.services.kinesis.clientlibrary.lib.worker.Worker.run(Worker.java:614)
	at java.lang.Thread.run(Thread.java:750)
Caused by: com.amazonaws.services.dynamodbv2.model.AmazonDynamoDBException: The security token included in the request is invalid. (Service: AmazonDynamoDBv2; Status Code: 400; Error Code: UnrecognizedClientException; Request ID: BRDLHC1KSPR3JMEIKKP36BCBKJVV4KQNSO5AEMVJF66Q9ASUAAJG; Proxy: null)
	at com.amazonaws.http.AmazonHttpClient$RequestExecutor.handleErrorResponse(AmazonHttpClient.java:1819)
	at com.amazonaws.http.AmazonHttpClient$RequestExecutor.handleServiceErrorResponse(AmazonHttpClient.java:1403)
	at com.amazonaws.http.AmazonHttpClient$RequestExecutor.executeOneRequest(AmazonHttpClient.java:1372)
	at com.amazonaws.http.AmazonHttpClient$RequestExecutor.executeHelper(AmazonHttpClient.java:1145)
	at com.amazonaws.http.AmazonHttpClient$RequestExecutor.doExecute(AmazonHttpClient.java:802)
	at com.amazonaws.http.AmazonHttpClient$RequestExecutor.executeWithTimer(AmazonHttpClient.java:770)
	at com.amazonaws.http.AmazonHttpClient$RequestExecutor.execute(AmazonHttpClient.java:744)
	at com.amazonaws.http.AmazonHttpClient$RequestExecutor.access$500(AmazonHttpClient.java:704)
	at com.amazonaws.http.AmazonHttpClient$RequestExecutionBuilderImpl.execute(AmazonHttpClient.java:686)
	at com.amazonaws.http.AmazonHttpClient.execute(AmazonHttpClient.java:550)
	at com.amazonaws.http.AmazonHttpClient.execute(AmazonHttpClient.java:530)
	at com.amazonaws.services.dynamodbv2.AmazonDynamoDBClient.doInvoke(AmazonDynamoDBClient.java:6214)
	at com.amazonaws.services.dynamodbv2.AmazonDynamoDBClient.invoke(AmazonDynamoDBClient.java:6181)
	at com.amazonaws.services.dynamodbv2.AmazonDynamoDBClient.executeCreateTable(AmazonDynamoDBClient.java:1160)
	at com.amazonaws.services.dynamodbv2.AmazonDynamoDBClient.createTable(AmazonDynamoDBClient.java:1124)
	at com.amazonaws.services.kinesis.leases.impl.LeaseManager.createLeaseTableIfNotExists(LeaseManager.java:148)
	... 4 more

May 02, 2024 2:26:19 AM com.amazonaws.services.kinesis.clientlibrary.lib.worker.Worker initialize
INFO: Initialization attempt 20
May 02, 2024 2:26:19 AM com.amazonaws.services.kinesis.clientlibrary.lib.worker.Worker initialize
INFO: Initializing LeaseCoordinator
May 02, 2024 2:26:19 AM com.amazonaws.services.kinesis.leases.impl.LeaseManager createLeaseTableIfNotExists
SEVERE: Failed to get table status for test-application
com.amazonaws.services.kinesis.leases.exceptions.DependencyException: com.amazonaws.services.dynamodbv2.model.AmazonDynamoDBException: The security token included in the request is invalid. (Service: AmazonDynamoDBv2; Status Code: 400; Error Code: UnrecognizedClientException; Request ID: N1U2C9PIP67J21RL71CFEQS703VV4KQNSO5AEMVJF66Q9ASUAAJG; Proxy: null)
	at com.amazonaws.services.kinesis.leases.impl.LeaseManager.tableStatus(LeaseManager.java:183)
	at com.amazonaws.services.kinesis.leases.impl.LeaseManager.createLeaseTableIfNotExists(LeaseManager.java:126)
	at com.amazonaws.services.kinesis.clientlibrary.lib.worker.KinesisClientLibLeaseCoordinator.initialize(KinesisClientLibLeaseCoordinator.java:329)
	at com.amazonaws.services.kinesis.clientlibrary.lib.worker.Worker.initialize(Worker.java:674)
	at com.amazonaws.services.kinesis.clientlibrary.lib.worker.Worker.run(Worker.java:614)
	at java.lang.Thread.run(Thread.java:750)
Caused by: com.amazonaws.services.dynamodbv2.model.AmazonDynamoDBException: The security token included in the request is invalid. (Service: AmazonDynamoDBv2; Status Code: 400; Error Code: UnrecognizedClientException; Request ID: N1U2C9PIP67J21RL71CFEQS703VV4KQNSO5AEMVJF66Q9ASUAAJG; Proxy: null)
	at com.amazonaws.http.AmazonHttpClient$RequestExecutor.handleErrorResponse(AmazonHttpClient.java:1819)
	at com.amazonaws.http.AmazonHttpClient$RequestExecutor.handleServiceErrorResponse(AmazonHttpClient.java:1403)
	at com.amazonaws.http.AmazonHttpClient$RequestExecutor.executeOneRequest(AmazonHttpClient.java:1372)
	at com.amazonaws.http.AmazonHttpClient$RequestExecutor.executeHelper(AmazonHttpClient.java:1145)
	at com.amazonaws.http.AmazonHttpClient$RequestExecutor.doExecute(AmazonHttpClient.java:802)
	at com.amazonaws.http.AmazonHttpClient$RequestExecutor.executeWithTimer(AmazonHttpClient.java:770)
	at com.amazonaws.http.AmazonHttpClient$RequestExecutor.execute(AmazonHttpClient.java:744)
	at com.amazonaws.http.AmazonHttpClient$RequestExecutor.access$500(AmazonHttpClient.java:704)
	at com.amazonaws.http.AmazonHttpClient$RequestExecutionBuilderImpl.execute(AmazonHttpClient.java:686)
	at com.amazonaws.http.AmazonHttpClient.execute(AmazonHttpClient.java:550)
	at com.amazonaws.http.AmazonHttpClient.execute(AmazonHttpClient.java:530)
	at com.amazonaws.services.dynamodbv2.AmazonDynamoDBClient.doInvoke(AmazonDynamoDBClient.java:6214)
	at com.amazonaws.services.dynamodbv2.AmazonDynamoDBClient.invoke(AmazonDynamoDBClient.java:6181)
	at com.amazonaws.services.dynamodbv2.AmazonDynamoDBClient.executeDescribeTable(AmazonDynamoDBClient.java:2247)
	at com.amazonaws.services.dynamodbv2.AmazonDynamoDBClient.describeTable(AmazonDynamoDBClient.java:2211)
	at com.amazonaws.services.kinesis.leases.impl.LeaseManager.tableStatus(LeaseManager.java:175)
	... 5 more

May 02, 2024 2:26:19 AM com.amazonaws.services.kinesis.clientlibrary.lib.worker.Worker initialize
SEVERE: Caught exception when initializing LeaseCoordinator
com.amazonaws.services.kinesis.leases.exceptions.DependencyException: com.amazonaws.services.dynamodbv2.model.AmazonDynamoDBException: The security token included in the request is invalid. (Service: AmazonDynamoDBv2; Status Code: 400; Error Code: UnrecognizedClientException; Request ID: 53BVUBGDGIMIGT4JKMJVLNDJM3VV4KQNSO5AEMVJF66Q9ASUAAJG; Proxy: null)
	at com.amazonaws.services.kinesis.leases.impl.LeaseManager.createLeaseTableIfNotExists(LeaseManager.java:155)
	at com.amazonaws.services.kinesis.clientlibrary.lib.worker.KinesisClientLibLeaseCoordinator.initialize(KinesisClientLibLeaseCoordinator.java:329)
	at com.amazonaws.services.kinesis.clientlibrary.lib.worker.Worker.initialize(Worker.java:674)
	at com.amazonaws.services.kinesis.clientlibrary.lib.worker.Worker.run(Worker.java:614)
	at java.lang.Thread.run(Thread.java:750)
Caused by: com.amazonaws.services.dynamodbv2.model.AmazonDynamoDBException: The security token included in the request is invalid. (Service: AmazonDynamoDBv2; Status Code: 400; Error Code: UnrecognizedClientException; Request ID: 53BVUBGDGIMIGT4JKMJVLNDJM3VV4KQNSO5AEMVJF66Q9ASUAAJG; Proxy: null)
	at com.amazonaws.http.AmazonHttpClient$RequestExecutor.handleErrorResponse(AmazonHttpClient.java:1819)
	at com.amazonaws.http.AmazonHttpClient$RequestExecutor.handleServiceErrorResponse(AmazonHttpClient.java:1403)
	at com.amazonaws.http.AmazonHttpClient$RequestExecutor.executeOneRequest(AmazonHttpClient.java:1372)
	at com.amazonaws.http.AmazonHttpClient$RequestExecutor.executeHelper(AmazonHttpClient.java:1145)
	at com.amazonaws.http.AmazonHttpClient$RequestExecutor.doExecute(AmazonHttpClient.java:802)
	at com.amazonaws.http.AmazonHttpClient$RequestExecutor.executeWithTimer(AmazonHttpClient.java:770)
	at com.amazonaws.http.AmazonHttpClient$RequestExecutor.execute(AmazonHttpClient.java:744)
	at com.amazonaws.http.AmazonHttpClient$RequestExecutor.access$500(AmazonHttpClient.java:704)
	at com.amazonaws.http.AmazonHttpClient$RequestExecutionBuilderImpl.execute(AmazonHttpClient.java:686)
	at com.amazonaws.http.AmazonHttpClient.execute(AmazonHttpClient.java:550)
	at com.amazonaws.http.AmazonHttpClient.execute(AmazonHttpClient.java:530)
	at com.amazonaws.services.dynamodbv2.AmazonDynamoDBClient.doInvoke(AmazonDynamoDBClient.java:6214)
	at com.amazonaws.services.dynamodbv2.AmazonDynamoDBClient.invoke(AmazonDynamoDBClient.java:6181)
	at com.amazonaws.services.dynamodbv2.AmazonDynamoDBClient.executeCreateTable(AmazonDynamoDBClient.java:1160)
	at com.amazonaws.services.dynamodbv2.AmazonDynamoDBClient.createTable(AmazonDynamoDBClient.java:1124)
	at com.amazonaws.services.kinesis.leases.impl.LeaseManager.createLeaseTableIfNotExists(LeaseManager.java:148)
	... 4 more

May 02, 2024 2:26:19 AM com.amazonaws.services.kinesis.clientlibrary.lib.worker.Worker run
SEVERE: Unable to initialize after 20 attempts. Shutting down.
java.lang.RuntimeException: com.amazonaws.services.kinesis.leases.exceptions.DependencyException: com.amazonaws.services.dynamodbv2.model.AmazonDynamoDBException: The security token included in the request is invalid. (Service: AmazonDynamoDBv2; Status Code: 400; Error Code: UnrecognizedClientException; Request ID: 53BVUBGDGIMIGT4JKMJVLNDJM3VV4KQNSO5AEMVJF66Q9ASUAAJG; Proxy: null)
	at com.amazonaws.services.kinesis.clientlibrary.lib.worker.Worker.initialize(Worker.java:715)
	at com.amazonaws.services.kinesis.clientlibrary.lib.worker.Worker.run(Worker.java:614)
	at java.lang.Thread.run(Thread.java:750)
Caused by: com.amazonaws.services.kinesis.leases.exceptions.DependencyException: com.amazonaws.services.dynamodbv2.model.AmazonDynamoDBException: The security token included in the request is invalid. (Service: AmazonDynamoDBv2; Status Code: 400; Error Code: UnrecognizedClientException; Request ID: 53BVUBGDGIMIGT4JKMJVLNDJM3VV4KQNSO5AEMVJF66Q9ASUAAJG; Proxy: null)
	at com.amazonaws.services.kinesis.leases.impl.LeaseManager.createLeaseTableIfNotExists(LeaseManager.java:155)
	at com.amazonaws.services.kinesis.clientlibrary.lib.worker.KinesisClientLibLeaseCoordinator.initialize(KinesisClientLibLeaseCoordinator.java:329)
	at com.amazonaws.services.kinesis.clientlibrary.lib.worker.Worker.initialize(Worker.java:674)
	... 2 more
Caused by: com.amazonaws.services.dynamodbv2.model.AmazonDynamoDBException: The security token included in the request is invalid. (Service: AmazonDynamoDBv2; Status Code: 400; Error Code: UnrecognizedClientException; Request ID: 53BVUBGDGIMIGT4JKMJVLNDJM3VV4KQNSO5AEMVJF66Q9ASUAAJG; Proxy: null)
	at com.amazonaws.http.AmazonHttpClient$RequestExecutor.handleErrorResponse(AmazonHttpClient.java:1819)
	at com.amazonaws.http.AmazonHttpClient$RequestExecutor.handleServiceErrorResponse(AmazonHttpClient.java:1403)
	at com.amazonaws.http.AmazonHttpClient$RequestExecutor.executeOneRequest(AmazonHttpClient.java:1372)
	at com.amazonaws.http.AmazonHttpClient$RequestExecutor.executeHelper(AmazonHttpClient.java:1145)
	at com.amazonaws.http.AmazonHttpClient$RequestExecutor.doExecute(AmazonHttpClient.java:802)
	at com.amazonaws.http.AmazonHttpClient$RequestExecutor.executeWithTimer(AmazonHttpClient.java:770)
	at com.amazonaws.http.AmazonHttpClient$RequestExecutor.execute(AmazonHttpClient.java:744)
	at com.amazonaws.http.AmazonHttpClient$RequestExecutor.access$500(AmazonHttpClient.java:704)
	at com.amazonaws.http.AmazonHttpClient$RequestExecutionBuilderImpl.execute(AmazonHttpClient.java:686)
	at com.amazonaws.http.AmazonHttpClient.execute(AmazonHttpClient.java:550)
	at com.amazonaws.http.AmazonHttpClient.execute(AmazonHttpClient.java:530)
	at com.amazonaws.services.dynamodbv2.AmazonDynamoDBClient.doInvoke(AmazonDynamoDBClient.java:6214)
	at com.amazonaws.services.dynamodbv2.AmazonDynamoDBClient.invoke(AmazonDynamoDBClient.java:6181)
	at com.amazonaws.services.dynamodbv2.AmazonDynamoDBClient.executeCreateTable(AmazonDynamoDBClient.java:1160)
	at com.amazonaws.services.dynamodbv2.AmazonDynamoDBClient.createTable(AmazonDynamoDBClient.java:1124)
	at com.amazonaws.services.kinesis.leases.impl.LeaseManager.createLeaseTableIfNotExists(LeaseManager.java:148)
	... 4 more

May 02, 2024 2:26:19 AM com.amazonaws.services.kinesis.clientlibrary.lib.worker.Worker shutdown
INFO: Worker shutdown requested.
May 02, 2024 2:26:19 AM com.amazonaws.services.kinesis.clientlibrary.lib.worker.Worker shouldShutdown
INFO: All record processors have been shutdown successfully.
May 02, 2024 2:26:19 AM com.amazonaws.services.kinesis.clientlibrary.lib.worker.Worker finalShutdown
INFO: Starting worker's final shutdown.
May 02, 2024 2:26:19 AM com.amazonaws.services.kinesis.clientlibrary.lib.worker.Worker run
INFO: Worker loop is complete. Exiting from worker.
]]></system-err>
  </testcase>
  <testcase name="testInvalidRecordWriterWithoutRecordReader" classname="org.apache.nifi.processors.aws.kinesis.stream.TestConsumeKinesisStream" time="0.015"/>
  <testcase name="testValidWithCredentials" classname="org.apache.nifi.processors.aws.kinesis.stream.TestConsumeKinesisStream" time="0.004">
    <system-err><![CDATA[[main] INFO org.apache.nifi.processors.aws.kinesis.stream.ConsumeKinesisStream - ConsumeKinesisStream[id=da2ac1cd-c88e-479f-9ee0-a68e1c084b7f] Creating client using aws credentials provider
]]></system-err>
  </testcase>
  <testcase name="testRunWorkerWithCredentials" classname="org.apache.nifi.processors.aws.kinesis.stream.TestConsumeKinesisStream" time="0.017">
    <system-err><![CDATA[[main] INFO org.apache.nifi.processors.aws.kinesis.stream.TestConsumeKinesisStream$MockConsumeKinesisStream - MockConsumeKinesisStream[id=dd485bd7-c873-404f-a1bd-f876f5ab585f] Creating client using aws credentials provider
[pool-15-thread-1] INFO org.apache.nifi.processors.aws.kinesis.stream.TestConsumeKinesisStream$MockConsumeKinesisStream - MockConsumeKinesisStream[id=dd485bd7-c873-404f-a1bd-f876f5ab585f] Starting Kinesis Worker Lenovo-Bot:d07357df-a067-4658-bb6e-674aa07cc778
[pool-15-thread-1] INFO org.apache.nifi.processors.aws.kinesis.stream.TestConsumeKinesisStream$MockConsumeKinesisStream - MockConsumeKinesisStream[id=dd485bd7-c873-404f-a1bd-f876f5ab585f] Kinesis Worker prepared for application test-application to process stream test-stream as worker ID Lenovo-Bot:d07357df-a067-4658-bb6e-674aa07cc778...
May 02, 2024 2:26:20 AM com.amazonaws.services.kinesis.clientlibrary.lib.worker.Worker createClient
WARNING: Received configuration for region as eu-west-2.
May 02, 2024 2:26:20 AM com.amazonaws.services.kinesis.clientlibrary.lib.worker.Worker createClient
WARNING: Received configuration for region as eu-west-2.
May 02, 2024 2:26:20 AM com.amazonaws.services.kinesis.leases.impl.LeaseCoordinator <init>
INFO: With failover time 30000 ms and epsilon 25 ms, LeaseCoordinator will renew leases every 9975 ms, takeleases every 60050 ms, process maximum of 2147483647 leases and steal 1 lease(s) at a time.
May 02, 2024 2:26:20 AM com.amazonaws.services.kinesis.clientlibrary.lib.worker.Worker <init>
INFO: Shard sync strategy determined as SHARD_END.
May 02, 2024 2:26:20 AM com.amazonaws.services.kinesis.clientlibrary.lib.worker.Worker initialize
INFO: Initialization attempt 1
May 02, 2024 2:26:20 AM com.amazonaws.services.kinesis.clientlibrary.lib.worker.Worker initialize
INFO: Initializing LeaseCoordinator
May 02, 2024 2:26:20 AM com.amazonaws.services.kinesis.leases.impl.LeaseCoordinator <init>
INFO: With failover time 30000 ms and epsilon 25 ms, LeaseCoordinator will renew leases every 9975 ms, takeleases every 60050 ms, process maximum of 2147483647 leases and steal 1 lease(s) at a time.
May 02, 2024 2:26:20 AM com.amazonaws.services.kinesis.clientlibrary.lib.worker.Worker <init>
INFO: Shard sync strategy determined as SHARD_END.
[main] INFO org.apache.nifi.processors.aws.kinesis.stream.TestConsumeKinesisStream$MockConsumeKinesisStream - MockConsumeKinesisStream[id=dd485bd7-c873-404f-a1bd-f876f5ab585f] Requesting Kinesis Worker shutdown
May 02, 2024 2:26:20 AM com.amazonaws.services.kinesis.clientlibrary.lib.worker.GracefulShutdownCoordinator$GracefulShutdownCallable call
WARNING: Caught exception while requesting initial worker shutdown.
java.lang.NullPointerException
	at com.amazonaws.services.kinesis.leases.impl.LeaseCoordinator.stopLeaseTaker(LeaseCoordinator.java:417)
	at com.amazonaws.services.kinesis.clientlibrary.lib.worker.Worker.lambda$createWorkerShutdownCallable$1(Worker.java:889)
	at com.amazonaws.services.kinesis.clientlibrary.lib.worker.GracefulShutdownCoordinator$GracefulShutdownCallable.call(GracefulShutdownCoordinator.java:155)
	at com.amazonaws.services.kinesis.clientlibrary.lib.worker.GracefulShutdownCoordinator$GracefulShutdownCallable.call(GracefulShutdownCoordinator.java:39)
	at java.util.concurrent.FutureTask.run(FutureTask.java:266)
	at java.lang.Thread.run(Thread.java:750)

[main] WARN org.apache.nifi.processors.aws.kinesis.stream.TestConsumeKinesisStream$MockConsumeKinesisStream - MockConsumeKinesisStream[id=dd485bd7-c873-404f-a1bd-f876f5ab585f] Problem while shutting down Kinesis Worker: java.lang.NullPointerException: java.util.concurrent.ExecutionException: java.lang.NullPointerException
[main] WARN org.apache.nifi.processors.aws.kinesis.stream.TestConsumeKinesisStream$MockConsumeKinesisStream - MockConsumeKinesisStream[id=dd485bd7-c873-404f-a1bd-f876f5ab585f] One or more problems while shutting down Kinesis Worker, see logs for details
]]></system-err>
  </testcase>
</testsuite>