<?xml version="1.0" encoding="UTF-8"?>
<testsuite xmlns:xsi="http://www.w3.org/2001/XMLSchema-instance" xsi:noNamespaceSchemaLocation="https://maven.apache.org/surefire/maven-surefire-plugin/xsd/surefire-test-report-3.0.xsd" version="3.0" name="org.apache.nifi.minifi.bootstrap.configuration.ingestors.RestChangeIngestorSSLTest" time="1.205" tests="3" errors="0" skipped="0" failures="0">
  <properties>
    <property name="sun.desktop" value="gnome"/>
    <property name="awt.toolkit" value="sun.awt.X11.XToolkit"/>
    <property name="file.encoding.pkg" value="sun.io"/>
    <property name="java.specification.version" value="1.8"/>
    <property name="sun.cpu.isalist" value=""/>
    <property name="sun.jnu.encoding" value="UTF-8"/>
    <property name="java.class.path" value="/home/alex/Repositories/nifi/minifi/minifi-bootstrap/target/test-classes:/home/alex/Repositories/nifi/minifi/minifi-bootstrap/target/classes:/home/alex/.m2/repository/org/slf4j/slf4j-api/1.7.32/slf4j-api-1.7.32.jar:/home/alex/.m2/repository/ch/qos/logback/logback-classic/1.2.6/logback-classic-1.2.6.jar:/home/alex/.m2/repository/ch/qos/logback/logback-core/1.2.6/logback-core-1.2.6.jar:/home/alex/Repositories/nifi/nifi-api/target/classes:/home/alex/Repositories/nifi/nifi-commons/nifi-bootstrap-utils/target/classes:/home/alex/.m2/repository/net/java/dev/jna/jna-platform/4.4.0/jna-platform-4.4.0.jar:/home/alex/.m2/repository/net/java/dev/jna/jna/4.4.0/jna-4.4.0.jar:/home/alex/Repositories/nifi/nifi-nar-bundles/nifi-extension-utils/nifi-processor-utils/target/classes:/home/alex/Repositories/nifi/nifi-commons/nifi-security-socket-ssl/target/classes:/home/alex/.m2/repository/org/apache/commons/commons-lang3/3.9/commons-lang3-3.9.jar:/home/alex/.m2/repository/com/fasterxml/jackson/core/jackson-databind/2.12.3/jackson-databind-2.12.3.jar:/home/alex/.m2/repository/com/fasterxml/jackson/core/jackson-annotations/2.12.3/jackson-annotations-2.12.3.jar:/home/alex/.m2/repository/com/fasterxml/jackson/core/jackson-core/2.12.3/jackson-core-2.12.3.jar:/home/alex/Repositories/nifi/nifi-nar-bundles/nifi-standard-services/nifi-record-serialization-service-api/target/classes:/home/alex/Repositories/nifi/nifi-commons/nifi-record/target/classes:/home/alex/Repositories/nifi/nifi-nar-bundles/nifi-extension-utils/nifi-event-transport/target/classes:/home/alex/.m2/repository/io/netty/netty-handler/4.1.69.Final/netty-handler-4.1.69.Final.jar:/home/alex/.m2/repository/io/netty/netty-common/4.1.69.Final/netty-common-4.1.69.Final.jar:/home/alex/.m2/repository/io/netty/netty-resolver/4.1.69.Final/netty-resolver-4.1.69.Final.jar:/home/alex/.m2/repository/io/netty/netty-buffer/4.1.69.Final/netty-buffer-4.1.69.Final.jar:/home/alex/.m2/repository/io/netty/netty-transport/4.1.69.Final/netty-transport-4.1.69.Final.jar:/home/alex/.m2/repository/io/netty/netty-codec/4.1.69.Final/netty-codec-4.1.69.Final.jar:/home/alex/Repositories/nifi/nifi-commons/nifi-expression-language/target/classes:/home/alex/.m2/repository/org/antlr/antlr-runtime/3.5.2/antlr-runtime-3.5.2.jar:/home/alex/Repositories/nifi/nifi-commons/nifi-parameter/target/classes:/home/alex/Repositories/nifi/nifi-commons/nifi-uuid5/target/classes:/home/alex/.m2/repository/com/jayway/jsonpath/json-path/2.6.0/json-path-2.6.0.jar:/home/alex/.m2/repository/net/minidev/json-smart/2.4.7/json-smart-2.4.7.jar:/home/alex/.m2/repository/net/minidev/accessors-smart/2.4.7/accessors-smart-2.4.7.jar:/home/alex/.m2/repository/org/ow2/asm/asm/9.1/asm-9.1.jar:/home/alex/.m2/repository/org/apache/commons/commons-text/1.8/commons-text-1.8.jar:/home/alex/.m2/repository/commons-codec/commons-codec/1.10/commons-codec-1.10.jar:/home/alex/Repositories/nifi/minifi/minifi-commons/minifi-utils/target/classes:/home/alex/Repositories/nifi/nifi-commons/nifi-utils/target/classes:/home/alex/Repositories/nifi/nifi-commons/nifi-properties/target/classes:/home/alex/Repositories/nifi/nifi-commons/nifi-property-utils/target/classes:/home/alex/.m2/repository/org/yaml/snakeyaml/1.29/snakeyaml-1.29.jar:/home/alex/Repositories/nifi/minifi/minifi-commons/minifi-commons-schema/target/classes:/home/alex/.m2/repository/org/eclipse/jetty/jetty-server/9.4.44.v20210927/jetty-server-9.4.44.v20210927.jar:/home/alex/.m2/repository/javax/servlet/javax.servlet-api/3.1.0/javax.servlet-api-3.1.0.jar:/home/alex/.m2/repository/org/eclipse/jetty/jetty-http/9.4.44.v20210927/jetty-http-9.4.44.v20210927.jar:/home/alex/.m2/repository/org/eclipse/jetty/jetty-util/9.4.44.v20210927/jetty-util-9.4.44.v20210927.jar:/home/alex/.m2/repository/org/eclipse/jetty/jetty-io/9.4.44.v20210927/jetty-io-9.4.44.v20210927.jar:/home/alex/.m2/repository/org/eclipse/jetty/jetty-servlet/9.4.44.v20210927/jetty-servlet-9.4.44.v20210927.jar:/home/alex/.m2/repository/org/eclipse/jetty/jetty-security/9.4.44.v20210927/jetty-security-9.4.44.v20210927.jar:/home/alex/.m2/repository/org/eclipse/jetty/jetty-util-ajax/9.4.44.v20210927/jetty-util-ajax-9.4.44.v20210927.jar:/home/alex/.m2/repository/com/squareup/okhttp3/okhttp/3.12.3/okhttp-3.12.3.jar:/home/alex/.m2/repository/com/squareup/okio/okio/1.15.0/okio-1.15.0.jar:/home/alex/.m2/repository/commons-io/commons-io/2.10.0/commons-io-2.10.0.jar:/home/alex/.m2/repository/junit/junit/4.13.2/junit-4.13.2.jar:/home/alex/.m2/repository/org/hamcrest/hamcrest-core/1.3/hamcrest-core-1.3.jar:/home/alex/.m2/repository/org/mockito/mockito-all/1.10.19/mockito-all-1.10.19.jar:/home/alex/.m2/repository/org/slf4j/slf4j-simple/1.7.32/slf4j-simple-1.7.32.jar:/home/alex/.m2/repository/org/junit/jupiter/junit-jupiter-api/5.7.2/junit-jupiter-api-5.7.2.jar:/home/alex/.m2/repository/org/apiguardian/apiguardian-api/1.1.0/apiguardian-api-1.1.0.jar:/home/alex/.m2/repository/org/opentest4j/opentest4j/1.2.0/opentest4j-1.2.0.jar:/home/alex/.m2/repository/org/junit/platform/junit-platform-commons/1.7.2/junit-platform-commons-1.7.2.jar:/home/alex/.m2/repository/org/junit/jupiter/junit-jupiter-engine/5.7.2/junit-jupiter-engine-5.7.2.jar:/home/alex/.m2/repository/org/junit/platform/junit-platform-engine/1.7.2/junit-platform-engine-1.7.2.jar:/home/alex/.m2/repository/org/junit/vintage/junit-vintage-engine/5.7.2/junit-vintage-engine-5.7.2.jar:/home/alex/.m2/repository/org/junit/jupiter/junit-jupiter-params/5.7.2/junit-jupiter-params-5.7.2.jar:/home/alex/.m2/repository/org/mockito/mockito-core/3.11.2/mockito-core-3.11.2.jar:/home/alex/.m2/repository/net/bytebuddy/byte-buddy/1.11.3/byte-buddy-1.11.3.jar:/home/alex/.m2/repository/net/bytebuddy/byte-buddy-agent/1.11.3/byte-buddy-agent-1.11.3.jar:/home/alex/.m2/repository/org/objenesis/objenesis/3.2/objenesis-3.2.jar:/home/alex/.m2/repository/org/mockito/mockito-junit-jupiter/3.11.2/mockito-junit-jupiter-3.11.2.jar:/home/alex/.m2/repository/org/codehaus/groovy/groovy-test/2.5.14/groovy-test-2.5.14.jar:/home/alex/.m2/repository/org/codehaus/groovy/groovy/2.5.14/groovy-2.5.14.jar:"/>
    <property name="java.vm.vendor" value="Private Build"/>
    <property name="sun.arch.data.model" value="64"/>
    <property name="java.vendor.url" value="http://java.oracle.com/"/>
    <property name="user.timezone" value="Europe/Lisbon"/>
    <property name="java.vm.specification.version" value="1.8"/>
    <property name="os.name" value="Linux"/>
    <property name="user.country" value="US"/>
    <property name="sun.java.launcher" value="SUN_STANDARD"/>
    <property name="sun.boot.library.path" value="/usr/lib/jvm/java-8-openjdk-amd64/jre/lib/amd64"/>
    <property name="sun.java.command" value="/home/alex/Repositories/nifi/minifi/minifi-bootstrap/target/surefire/surefirebooter7615888553529736416.jar /home/alex/Repositories/nifi/minifi/minifi-bootstrap/target/surefire 2024-05-02T02-13-54_999-jvmRun1 surefire4288932775162710114tmp surefire_1828943175523126713460tmp"/>
    <property name="surefire.test.class.path" value="/home/alex/Repositories/nifi/minifi/minifi-bootstrap/target/test-classes:/home/alex/Repositories/nifi/minifi/minifi-bootstrap/target/classes:/home/alex/.m2/repository/org/slf4j/slf4j-api/1.7.32/slf4j-api-1.7.32.jar:/home/alex/.m2/repository/ch/qos/logback/logback-classic/1.2.6/logback-classic-1.2.6.jar:/home/alex/.m2/repository/ch/qos/logback/logback-core/1.2.6/logback-core-1.2.6.jar:/home/alex/Repositories/nifi/nifi-api/target/classes:/home/alex/Repositories/nifi/nifi-commons/nifi-bootstrap-utils/target/classes:/home/alex/.m2/repository/net/java/dev/jna/jna-platform/4.4.0/jna-platform-4.4.0.jar:/home/alex/.m2/repository/net/java/dev/jna/jna/4.4.0/jna-4.4.0.jar:/home/alex/Repositories/nifi/nifi-nar-bundles/nifi-extension-utils/nifi-processor-utils/target/classes:/home/alex/Repositories/nifi/nifi-commons/nifi-security-socket-ssl/target/classes:/home/alex/.m2/repository/org/apache/commons/commons-lang3/3.9/commons-lang3-3.9.jar:/home/alex/.m2/repository/com/fasterxml/jackson/core/jackson-databind/2.12.3/jackson-databind-2.12.3.jar:/home/alex/.m2/repository/com/fasterxml/jackson/core/jackson-annotations/2.12.3/jackson-annotations-2.12.3.jar:/home/alex/.m2/repository/com/fasterxml/jackson/core/jackson-core/2.12.3/jackson-core-2.12.3.jar:/home/alex/Repositories/nifi/nifi-nar-bundles/nifi-standard-services/nifi-record-serialization-service-api/target/classes:/home/alex/Repositories/nifi/nifi-commons/nifi-record/target/classes:/home/alex/Repositories/nifi/nifi-nar-bundles/nifi-extension-utils/nifi-event-transport/target/classes:/home/alex/.m2/repository/io/netty/netty-handler/4.1.69.Final/netty-handler-4.1.69.Final.jar:/home/alex/.m2/repository/io/netty/netty-common/4.1.69.Final/netty-common-4.1.69.Final.jar:/home/alex/.m2/repository/io/netty/netty-resolver/4.1.69.Final/netty-resolver-4.1.69.Final.jar:/home/alex/.m2/repository/io/netty/netty-buffer/4.1.69.Final/netty-buffer-4.1.69.Final.jar:/home/alex/.m2/repository/io/netty/netty-transport/4.1.69.Final/netty-transport-4.1.69.Final.jar:/home/alex/.m2/repository/io/netty/netty-codec/4.1.69.Final/netty-codec-4.1.69.Final.jar:/home/alex/Repositories/nifi/nifi-commons/nifi-expression-language/target/classes:/home/alex/.m2/repository/org/antlr/antlr-runtime/3.5.2/antlr-runtime-3.5.2.jar:/home/alex/Repositories/nifi/nifi-commons/nifi-parameter/target/classes:/home/alex/Repositories/nifi/nifi-commons/nifi-uuid5/target/classes:/home/alex/.m2/repository/com/jayway/jsonpath/json-path/2.6.0/json-path-2.6.0.jar:/home/alex/.m2/repository/net/minidev/json-smart/2.4.7/json-smart-2.4.7.jar:/home/alex/.m2/repository/net/minidev/accessors-smart/2.4.7/accessors-smart-2.4.7.jar:/home/alex/.m2/repository/org/ow2/asm/asm/9.1/asm-9.1.jar:/home/alex/.m2/repository/org/apache/commons/commons-text/1.8/commons-text-1.8.jar:/home/alex/.m2/repository/commons-codec/commons-codec/1.10/commons-codec-1.10.jar:/home/alex/Repositories/nifi/minifi/minifi-commons/minifi-utils/target/classes:/home/alex/Repositories/nifi/nifi-commons/nifi-utils/target/classes:/home/alex/Repositories/nifi/nifi-commons/nifi-properties/target/classes:/home/alex/Repositories/nifi/nifi-commons/nifi-property-utils/target/classes:/home/alex/.m2/repository/org/yaml/snakeyaml/1.29/snakeyaml-1.29.jar:/home/alex/Repositories/nifi/minifi/minifi-commons/minifi-commons-schema/target/classes:/home/alex/.m2/repository/org/eclipse/jetty/jetty-server/9.4.44.v20210927/jetty-server-9.4.44.v20210927.jar:/home/alex/.m2/repository/javax/servlet/javax.servlet-api/3.1.0/javax.servlet-api-3.1.0.jar:/home/alex/.m2/repository/org/eclipse/jetty/jetty-http/9.4.44.v20210927/jetty-http-9.4.44.v20210927.jar:/home/alex/.m2/repository/org/eclipse/jetty/jetty-util/9.4.44.v20210927/jetty-util-9.4.44.v20210927.jar:/home/alex/.m2/repository/org/eclipse/jetty/jetty-io/9.4.44.v20210927/jetty-io-9.4.44.v20210927.jar:/home/alex/.m2/repository/org/eclipse/jetty/jetty-servlet/9.4.44.v20210927/jetty-servlet-9.4.44.v20210927.jar:/home/alex/.m2/repository/org/eclipse/jetty/jetty-security/9.4.44.v20210927/jetty-security-9.4.44.v20210927.jar:/home/alex/.m2/repository/org/eclipse/jetty/jetty-util-ajax/9.4.44.v20210927/jetty-util-ajax-9.4.44.v20210927.jar:/home/alex/.m2/repository/com/squareup/okhttp3/okhttp/3.12.3/okhttp-3.12.3.jar:/home/alex/.m2/repository/com/squareup/okio/okio/1.15.0/okio-1.15.0.jar:/home/alex/.m2/repository/commons-io/commons-io/2.10.0/commons-io-2.10.0.jar:/home/alex/.m2/repository/junit/junit/4.13.2/junit-4.13.2.jar:/home/alex/.m2/repository/org/hamcrest/hamcrest-core/1.3/hamcrest-core-1.3.jar:/home/alex/.m2/repository/org/mockito/mockito-all/1.10.19/mockito-all-1.10.19.jar:/home/alex/.m2/repository/org/slf4j/slf4j-simple/1.7.32/slf4j-simple-1.7.32.jar:/home/alex/.m2/repository/org/junit/jupiter/junit-jupiter-api/5.7.2/junit-jupiter-api-5.7.2.jar:/home/alex/.m2/repository/org/apiguardian/apiguardian-api/1.1.0/apiguardian-api-1.1.0.jar:/home/alex/.m2/repository/org/opentest4j/opentest4j/1.2.0/opentest4j-1.2.0.jar:/home/alex/.m2/repository/org/junit/platform/junit-platform-commons/1.7.2/junit-platform-commons-1.7.2.jar:/home/alex/.m2/repository/org/junit/jupiter/junit-jupiter-engine/5.7.2/junit-jupiter-engine-5.7.2.jar:/home/alex/.m2/repository/org/junit/platform/junit-platform-engine/1.7.2/junit-platform-engine-1.7.2.jar:/home/alex/.m2/repository/org/junit/vintage/junit-vintage-engine/5.7.2/junit-vintage-engine-5.7.2.jar:/home/alex/.m2/repository/org/junit/jupiter/junit-jupiter-params/5.7.2/junit-jupiter-params-5.7.2.jar:/home/alex/.m2/repository/org/mockito/mockito-core/3.11.2/mockito-core-3.11.2.jar:/home/alex/.m2/repository/net/bytebuddy/byte-buddy/1.11.3/byte-buddy-1.11.3.jar:/home/alex/.m2/repository/net/bytebuddy/byte-buddy-agent/1.11.3/byte-buddy-agent-1.11.3.jar:/home/alex/.m2/repository/org/objenesis/objenesis/3.2/objenesis-3.2.jar:/home/alex/.m2/repository/org/mockito/mockito-junit-jupiter/3.11.2/mockito-junit-jupiter-3.11.2.jar:/home/alex/.m2/repository/org/codehaus/groovy/groovy-test/2.5.14/groovy-test-2.5.14.jar:/home/alex/.m2/repository/org/codehaus/groovy/groovy/2.5.14/groovy-2.5.14.jar:"/>
    <property name="sun.cpu.endian" value="little"/>
    <property name="user.home" value="/home/alex"/>
    <property name="user.language" value="en"/>
    <property name="java.specification.vendor" value="Oracle Corporation"/>
    <property name="java.home" value="/usr/lib/jvm/java-8-openjdk-amd64/jre"/>
    <property name="basedir" value="/home/alex/Repositories/nifi/minifi/minifi-bootstrap"/>
    <property name="file.separator" value="/"/>
    <property name="line.separator" value="&#10;"/>
    <property name="java.vm.specification.vendor" value="Oracle Corporation"/>
    <property name="java.specification.name" value="Java Platform API Specification"/>
    <property name="java.awt.graphicsenv" value="sun.awt.X11GraphicsEnvironment"/>
    <property name="java.awt.headless" value="true"/>
    <property name="surefire.real.class.path" value="/home/alex/Repositories/nifi/minifi/minifi-bootstrap/target/surefire/surefirebooter7615888553529736416.jar"/>
    <property name="sun.boot.class.path" value="/usr/lib/jvm/java-8-openjdk-amd64/jre/lib/resources.jar:/usr/lib/jvm/java-8-openjdk-amd64/jre/lib/rt.jar:/usr/lib/jvm/java-8-openjdk-amd64/jre/lib/sunrsasign.jar:/usr/lib/jvm/java-8-openjdk-amd64/jre/lib/jsse.jar:/usr/lib/jvm/java-8-openjdk-amd64/jre/lib/jce.jar:/usr/lib/jvm/java-8-openjdk-amd64/jre/lib/charsets.jar:/usr/lib/jvm/java-8-openjdk-amd64/jre/lib/jfr.jar:/usr/lib/jvm/java-8-openjdk-amd64/jre/classes"/>
    <property name="sun.management.compiler" value="HotSpot 64-Bit Tiered Compilers"/>
    <property name="java.runtime.version" value="1.8.0_402-8u402-ga-2ubuntu1~22.04-b06"/>
    <property name="java.net.preferIPv4Stack" value="true"/>
    <property name="user.name" value="alex"/>
    <property name="path.separator" value=":"/>
    <property name="os.version" value="6.5.0-28-generic"/>
    <property name="java.endorsed.dirs" value="/usr/lib/jvm/java-8-openjdk-amd64/jre/lib/endorsed"/>
    <property name="java.runtime.name" value="OpenJDK Runtime Environment"/>
    <property name="file.encoding" value="UTF-8"/>
    <property name="java.vm.name" value="OpenJDK 64-Bit Server VM"/>
    <property name="localRepository" value="/home/alex/.m2/repository"/>
    <property name="java.vendor.url.bug" value="http://bugreport.sun.com/bugreport/"/>
    <property name="jetty.git.hash" value="8da83308eeca865e495e53ef315a249d63ba9332"/>
    <property name="java.io.tmpdir" value="/tmp"/>
    <property name="java.version" value="1.8.0_402"/>
    <property name="user.dir" value="/home/alex/Repositories/nifi/minifi/minifi-bootstrap"/>
    <property name="os.arch" value="amd64"/>
    <property name="java.vm.specification.name" value="Java Virtual Machine Specification"/>
    <property name="java.awt.printerjob" value="sun.print.PSPrinterJob"/>
    <property name="sun.os.patch.level" value="unknown"/>
    <property name="java.library.path" value="/usr/java/packages/lib/amd64:/usr/lib/x86_64-linux-gnu/jni:/lib/x86_64-linux-gnu:/usr/lib/x86_64-linux-gnu:/usr/lib/jni:/lib:/usr/lib"/>
    <property name="java.vm.info" value="mixed mode"/>
    <property name="java.vendor" value="Private Build"/>
    <property name="java.vm.version" value="25.402-b06"/>
    <property name="java.specification.maintenance.version" value="5"/>
    <property name="java.ext.dirs" value="/usr/lib/jvm/java-8-openjdk-amd64/jre/lib/ext:/usr/java/packages/lib/ext"/>
    <property name="sun.io.unicode.encoding" value="UnicodeLittle"/>
    <property name="java.class.version" value="52.0"/>
  </properties>
  <testcase name="testGet" classname="org.apache.nifi.minifi.bootstrap.configuration.ingestors.RestChangeIngestorSSLTest" time="0.133">
    <system-out><![CDATA[02:33:23.296 [main] DEBUG org.eclipse.jetty.util.component.ContainerLifeCycle - QueuedThreadPool[qtp1221981006]@48d5f34e{STOPPED,8<=0<=200,i=0,r=-1,q=0}[NO_TRY] added {org.eclipse.jetty.util.thread.ThreadPoolBudget@fc258b1,POJO}
02:33:23.296 [main] DEBUG org.eclipse.jetty.util.component.ContainerLifeCycle - Server@6ff65192{STOPPED}[9.4.44.v20210927] added {QueuedThreadPool[qtp1221981006]@48d5f34e{STOPPED,8<=0<=200,i=0,r=-1,q=0}[NO_TRY],AUTO}
02:33:23.296 [main] INFO org.apache.nifi.minifi.bootstrap.configuration.ingestors.RestChangeIngestor - Initializing
02:33:23.307 [main] DEBUG org.eclipse.jetty.util.component.ContainerLifeCycle - HttpConnectionFactory@1d131e1b[HTTP/1.1] added {HttpConfiguration@71cf1b07{32768/8192,8192/8192,https://:0,[]},POJO}
02:33:23.308 [main] DEBUG org.eclipse.jetty.util.component.ContainerLifeCycle - SslConnectionFactory@260e86a1{SSL->HTTP/1.1} added {SslContextFactory@19648c40[provider=null,keyStore=file:///home/alex/Repositories/nifi/minifi/minifi-bootstrap/src/test/resources/localhost-ks.jks,trustStore=file:///home/alex/Repositories/nifi/minifi/minifi-bootstrap/src/test/resources/localhost-ts.jks],AUTO}
02:33:23.308 [main] DEBUG org.eclipse.jetty.util.component.ContainerLifeCycle - ServerConnector@12bd8a64{null, ()}{0.0.0.0:0} added {Server@6ff65192{STOPPED}[9.4.44.v20210927],UNMANAGED}
02:33:23.308 [main] DEBUG org.eclipse.jetty.util.component.ContainerLifeCycle - ServerConnector@12bd8a64{null, ()}{0.0.0.0:0} added {QueuedThreadPool[qtp1221981006]@48d5f34e{STOPPED,8<=0<=200,i=0,r=-1,q=0}[NO_TRY],AUTO}
02:33:23.308 [main] DEBUG org.eclipse.jetty.util.component.ContainerLifeCycle - ServerConnector@12bd8a64{null, ()}{0.0.0.0:0} added {ScheduledExecutorScheduler@61e94def{STOPPED},AUTO}
02:33:23.308 [main] DEBUG org.eclipse.jetty.util.component.ContainerLifeCycle - ServerConnector@12bd8a64{null, ()}{0.0.0.0:0} added {org.eclipse.jetty.io.ArrayByteBufferPool@3300f4fd,POJO}
02:33:23.308 [main] DEBUG org.eclipse.jetty.util.component.ContainerLifeCycle - ServerConnector@12bd8a64{null, (ssl)}{0.0.0.0:0} added {SslConnectionFactory@260e86a1{SSL->HTTP/1.1},AUTO}
02:33:23.308 [main] DEBUG org.eclipse.jetty.server.AbstractConnector - ServerConnector@12bd8a64{SSL, (ssl)}{0.0.0.0:0} added SslConnectionFactory@260e86a1{SSL->HTTP/1.1}
02:33:23.308 [main] DEBUG org.eclipse.jetty.util.component.ContainerLifeCycle - ServerConnector@12bd8a64{SSL, (ssl, http/1.1)}{0.0.0.0:0} added {HttpConnectionFactory@1d131e1b[HTTP/1.1],AUTO}
02:33:23.308 [main] DEBUG org.eclipse.jetty.server.AbstractConnector - ServerConnector@12bd8a64{SSL, (ssl, http/1.1)}{0.0.0.0:0} added HttpConnectionFactory@1d131e1b[HTTP/1.1]
02:33:23.308 [main] DEBUG org.eclipse.jetty.util.component.ContainerLifeCycle - ServerConnector@12bd8a64{SSL, (ssl, http/1.1)}{0.0.0.0:0} added {SelectorManager@ServerConnector@12bd8a64{SSL, (ssl, http/1.1)}{0.0.0.0:0},MANAGED}
02:33:23.308 [main] DEBUG org.eclipse.jetty.util.component.ContainerLifeCycle - Server@6ff65192{STOPPED}[9.4.44.v20210927] added {ServerConnector@12bd8a64{SSL, (ssl, http/1.1)}{localhost:0},AUTO}
02:33:23.308 [main] INFO org.apache.nifi.minifi.bootstrap.configuration.ingestors.RestChangeIngestor - Added an https connector on the host 'localhost' and port '0'
02:33:23.308 [main] DEBUG org.eclipse.jetty.util.component.ContainerLifeCycle - HandlerCollection@ebb6851{STOPPED} added {JettyHandler@70ab2d48{STOPPED},AUTO}
02:33:23.308 [main] DEBUG org.eclipse.jetty.util.component.ContainerLifeCycle - Server@6ff65192{STOPPED}[9.4.44.v20210927] added {HandlerCollection@ebb6851{STOPPED},MANAGED}
02:33:23.308 [main] DEBUG org.eclipse.jetty.util.component.AbstractLifeCycle - starting Server@6ff65192{STOPPED}[9.4.44.v20210927]
02:33:23.308 [main] DEBUG org.eclipse.jetty.util.component.ContainerLifeCycle - Server@6ff65192{STARTING}[9.4.44.v20210927] added {ErrorHandler@5b068087{STOPPED},AUTO}
02:33:23.309 [main] INFO org.eclipse.jetty.server.Server - jetty-9.4.44.v20210927; built: 2021-09-27T23:02:44.612Z; git: 8da83308eeca865e495e53ef315a249d63ba9332; jvm 1.8.0_402-8u402-ga-2ubuntu1~22.04-b06
02:33:23.309 [main] DEBUG org.eclipse.jetty.server.handler.AbstractHandler - starting Server@6ff65192{STARTING}[9.4.44.v20210927]
02:33:23.309 [main] DEBUG org.eclipse.jetty.util.component.AbstractLifeCycle - starting QueuedThreadPool[qtp1221981006]@48d5f34e{STOPPED,8<=0<=200,i=0,r=-1,q=0}[NO_TRY]
02:33:23.309 [main] DEBUG org.eclipse.jetty.util.thread.ReservedThreadExecutor - ReservedThreadExecutor@6f152006{reserved=0/8,pending=0}
02:33:23.309 [main] DEBUG org.eclipse.jetty.util.component.ContainerLifeCycle - QueuedThreadPool[qtp1221981006]@48d5f34e{STARTING,8<=0<=200,i=0,r=-1,q=0}[ReservedThreadExecutor@6f152006{reserved=0/8,pending=0}] added {ReservedThreadExecutor@6f152006{reserved=0/8,pending=0},AUTO}
02:33:23.309 [main] DEBUG org.eclipse.jetty.util.component.AbstractLifeCycle - starting ReservedThreadExecutor@6f152006{reserved=0/8,pending=0}
02:33:23.309 [main] DEBUG org.eclipse.jetty.util.component.AbstractLifeCycle - STARTED @3681ms ReservedThreadExecutor@6f152006{reserved=0/8,pending=0}
02:33:23.309 [main] DEBUG org.eclipse.jetty.util.thread.QueuedThreadPool - Starting Thread[qtp1221981006-45,5,main]
02:33:23.309 [main] DEBUG org.eclipse.jetty.util.thread.QueuedThreadPool - Starting Thread[qtp1221981006-46,5,main]
02:33:23.309 [main] DEBUG org.eclipse.jetty.util.thread.QueuedThreadPool - Starting Thread[qtp1221981006-47,5,main]
02:33:23.309 [qtp1221981006-45] DEBUG org.eclipse.jetty.util.thread.QueuedThreadPool - Runner started for QueuedThreadPool[qtp1221981006]@48d5f34e{STARTING,8<=3<=200,i=3,r=-1,q=0}[ReservedThreadExecutor@6f152006{reserved=0/8,pending=0}]
02:33:23.309 [qtp1221981006-46] DEBUG org.eclipse.jetty.util.thread.QueuedThreadPool - Runner started for QueuedThreadPool[qtp1221981006]@48d5f34e{STARTING,8<=3<=200,i=3,r=-1,q=0}[ReservedThreadExecutor@6f152006{reserved=0/8,pending=0}]
02:33:23.309 [main] DEBUG org.eclipse.jetty.util.thread.QueuedThreadPool - Starting Thread[qtp1221981006-48,5,main]
02:33:23.309 [main] DEBUG org.eclipse.jetty.util.thread.QueuedThreadPool - Starting Thread[qtp1221981006-49,5,main]
02:33:23.309 [qtp1221981006-47] DEBUG org.eclipse.jetty.util.thread.QueuedThreadPool - Runner started for QueuedThreadPool[qtp1221981006]@48d5f34e{STARTING,8<=4<=200,i=4,r=-1,q=0}[ReservedThreadExecutor@6f152006{reserved=0/8,pending=0}]
02:33:23.309 [main] DEBUG org.eclipse.jetty.util.thread.QueuedThreadPool - Starting Thread[qtp1221981006-50,5,main]
02:33:23.309 [qtp1221981006-48] DEBUG org.eclipse.jetty.util.thread.QueuedThreadPool - Runner started for QueuedThreadPool[qtp1221981006]@48d5f34e{STARTING,8<=6<=200,i=6,r=-1,q=0}[ReservedThreadExecutor@6f152006{reserved=0/8,pending=0}]
02:33:23.309 [qtp1221981006-49] DEBUG org.eclipse.jetty.util.thread.QueuedThreadPool - Runner started for QueuedThreadPool[qtp1221981006]@48d5f34e{STARTING,8<=6<=200,i=6,r=-1,q=0}[ReservedThreadExecutor@6f152006{reserved=0/8,pending=0}]
02:33:23.309 [main] DEBUG org.eclipse.jetty.util.thread.QueuedThreadPool - Starting Thread[qtp1221981006-51,5,main]
02:33:23.309 [qtp1221981006-50] DEBUG org.eclipse.jetty.util.thread.QueuedThreadPool - Runner started for QueuedThreadPool[qtp1221981006]@48d5f34e{STARTING,8<=7<=200,i=7,r=-1,q=0}[ReservedThreadExecutor@6f152006{reserved=0/8,pending=0}]
02:33:23.310 [main] DEBUG org.eclipse.jetty.util.thread.QueuedThreadPool - Starting Thread[qtp1221981006-52,5,main]
02:33:23.310 [qtp1221981006-51] DEBUG org.eclipse.jetty.util.thread.QueuedThreadPool - Runner started for QueuedThreadPool[qtp1221981006]@48d5f34e{STARTING,8<=8<=200,i=8,r=-1,q=0}[ReservedThreadExecutor@6f152006{reserved=0/8,pending=0}]
02:33:23.310 [main] DEBUG org.eclipse.jetty.util.component.AbstractLifeCycle - STARTED @3682ms QueuedThreadPool[qtp1221981006]@48d5f34e{STARTED,8<=8<=200,i=8,r=-1,q=0}[ReservedThreadExecutor@6f152006{reserved=0/8,pending=0}]
02:33:23.310 [qtp1221981006-52] DEBUG org.eclipse.jetty.util.thread.QueuedThreadPool - Runner started for QueuedThreadPool[qtp1221981006]@48d5f34e{STARTED,8<=8<=200,i=8,r=-1,q=0}[ReservedThreadExecutor@6f152006{reserved=0/8,pending=0}]
02:33:23.310 [main] DEBUG org.eclipse.jetty.util.component.AbstractLifeCycle - starting HandlerCollection@ebb6851{STOPPED}
02:33:23.310 [main] DEBUG org.eclipse.jetty.server.handler.AbstractHandler - starting HandlerCollection@ebb6851{STARTING}
02:33:23.310 [main] DEBUG org.eclipse.jetty.util.component.AbstractLifeCycle - starting JettyHandler@70ab2d48{STOPPED}
02:33:23.310 [main] DEBUG org.eclipse.jetty.server.handler.AbstractHandler - starting JettyHandler@70ab2d48{STARTING}
02:33:23.310 [main] DEBUG org.eclipse.jetty.util.component.AbstractLifeCycle - STARTED @3682ms JettyHandler@70ab2d48{STARTED}
02:33:23.310 [main] DEBUG org.eclipse.jetty.util.component.AbstractLifeCycle - STARTED @3682ms HandlerCollection@ebb6851{STARTED}
02:33:23.310 [main] DEBUG org.eclipse.jetty.util.component.AbstractLifeCycle - starting ErrorHandler@5b068087{STOPPED}
02:33:23.310 [main] DEBUG org.eclipse.jetty.server.handler.AbstractHandler - starting ErrorHandler@5b068087{STARTING}
02:33:23.310 [main] DEBUG org.eclipse.jetty.util.component.AbstractLifeCycle - STARTED @3683ms ErrorHandler@5b068087{STARTED}
02:33:23.310 [main] DEBUG org.eclipse.jetty.util.component.AbstractLifeCycle - starting ServerConnector@12bd8a64{SSL, (ssl, http/1.1)}{localhost:0}
02:33:23.310 [main] DEBUG org.eclipse.jetty.util.component.ContainerLifeCycle - ServerConnector@12bd8a64{SSL, (ssl, http/1.1)}{localhost:39679} added {sun.nio.ch.ServerSocketChannelImpl[/127.0.0.1:39679],POJO}
02:33:23.310 [main] DEBUG org.eclipse.jetty.util.component.AbstractLifeCycle - starting ScheduledExecutorScheduler@61e94def{STOPPED}
02:33:23.310 [main] DEBUG org.eclipse.jetty.util.component.AbstractLifeCycle - STARTED @3683ms ScheduledExecutorScheduler@61e94def{STARTED}
02:33:23.310 [main] DEBUG org.eclipse.jetty.util.component.AbstractLifeCycle - starting SslConnectionFactory@260e86a1{SSL->HTTP/1.1}
02:33:23.310 [main] DEBUG org.eclipse.jetty.util.component.AbstractLifeCycle - starting SslContextFactory@19648c40[provider=null,keyStore=file:///home/alex/Repositories/nifi/minifi/minifi-bootstrap/src/test/resources/localhost-ks.jks,trustStore=file:///home/alex/Repositories/nifi/minifi/minifi-bootstrap/src/test/resources/localhost-ts.jks]
02:33:23.320 [main] DEBUG org.eclipse.jetty.util.ssl.SslContextFactory - Skipping [
[
  Version: V3
  Subject: CN=localhost, OU=Apache NiFi, O=Apache, L=Santa Monica, ST=CA, C=US
  Signature Algorithm: SHA256withRSA, OID = 1.2.840.113549.1.1.11

  Key:  Sun RSA public key, 2048 bits
  params: null
  modulus: 30814356967964143889979985530055364514699394643854733747998343669441470253519148017443938086010371890735549349346219651337818702185332874291515054870079563226954918193849616960862684868242286307978102369612841123949572244550174312189783512432514374223942259755501453758648376374577329063158223919569981746956302768359932779930568567551025861141698242321770321797245641831546024352966190839853333380405862111836548816513307103278129669977363291361980989435025931448076674220589578916708474451915467598527744638059964817414583177679616410437042552549854073395960578135618251112100328624274333297476918645698689757444387
  public exponent: 65537
  Validity: [From: Wed Sep 11 16:38:57 WEST 2019,
               To: Thu Sep 10 16:38:57 WEST 2020]
  Issuer: CN=localhost, OU=Apache NiFi, O=Apache, L=Santa Monica, ST=CA, C=US
  SerialNumber: [    5d791511]

Certificate Extensions: 2
[1]: ObjectId: 2.5.29.15 Criticality=false
KeyUsage [
  DigitalSignature
  Non_repudiation
  Key_Encipherment
  Data_Encipherment
  Key_Agreement
  Key_CertSign
]

[2]: ObjectId: 2.5.29.17 Criticality=false
SubjectAlternativeName [
  DNSName: localhost
]

]
  Algorithm: [SHA256withRSA]
  Signature:
0000: BD 60 51 3B 2B 7F 6A 1F   07 27 5B 95 90 71 12 AA  .`Q;+.j..'[..q..
0010: E2 51 88 19 F1 3D BF D9   70 36 DE BE 2E D0 E6 CB  .Q...=..p6......
0020: F9 37 23 D4 B2 67 1D FA   F6 06 D0 05 A4 C4 D8 BF  .7#..g..........
0030: 25 30 00 BC 98 A7 DC 41   D4 42 76 94 DB AD 9B DD  %0.....A.Bv.....
0040: E8 4A DA 97 40 4D 22 7F   8A B2 D2 F8 08 28 76 9F  .J..@M"......(v.
0050: AF 21 73 EC 37 D2 F2 3B   96 20 AE 8B E0 F8 F7 E9  .!s.7..;. ......
0060: E8 22 85 21 82 19 0F D1   C5 8A BE 7C CC FE D7 6F  .".!...........o
0070: A9 4E 62 69 45 A5 2D 50   33 31 06 6A 0F 61 1E F7  .NbiE.-P31.j.a..
0080: 8D 9F 60 68 D7 61 D6 32   25 64 43 76 B1 1B 7A 21  ..`h.a.2%dCv..z!
0090: 59 6F A3 FA BC D5 A9 28   6C A8 EF 30 F2 67 5E 1D  Yo.....(l..0.g^.
00A0: B9 AD A0 03 53 6E 83 6D   C4 CE CE 0C 66 10 73 39  ....Sn.m....f.s9
00B0: CE 73 1D BD 4D 8C 13 18   84 E7 E5 41 97 68 C1 53  .s..M......A.h.S
00C0: 81 CD B5 40 25 73 EC 05   E4 23 01 BA 4D 20 78 6B  ...@%s...#..M xk
00D0: 84 14 EB FF F2 82 AD 99   1F B9 34 99 3B BD 1D 3E  ..........4.;..>
00E0: 1B 14 48 1E E6 ED F9 7B   82 EE 15 33 57 CE B3 44  ..H........3W..D
00F0: 86 C7 F4 99 89 34 CE F3   88 BB AC F6 35 F2 80 59  .....4......5..Y

]
02:33:23.321 [main] DEBUG org.eclipse.jetty.util.ssl.X509 - Certificate CN alias=mykey CN=localhost in X509@44e3a2b2(mykey,h=[],a=[],w=[])
02:33:23.321 [main] INFO org.eclipse.jetty.util.ssl.SslContextFactory - x509=X509@44e3a2b2(mykey,h=[localhost],a=[],w=[]) for SslContextFactory@19648c40[provider=null,keyStore=file:///home/alex/Repositories/nifi/minifi/minifi-bootstrap/src/test/resources/localhost-ks.jks,trustStore=file:///home/alex/Repositories/nifi/minifi/minifi-bootstrap/src/test/resources/localhost-ts.jks]
02:33:23.324 [main] DEBUG org.eclipse.jetty.util.ssl.SslContextFactory - managers=[sun.security.ssl.SunX509KeyManagerImpl@4c550889] for SslContextFactory@19648c40[provider=null,keyStore=file:///home/alex/Repositories/nifi/minifi/minifi-bootstrap/src/test/resources/localhost-ks.jks,trustStore=file:///home/alex/Repositories/nifi/minifi/minifi-bootstrap/src/test/resources/localhost-ts.jks]
02:33:23.332 [main] DEBUG org.eclipse.jetty.util.ssl.SslContextFactory - Selected Protocols [TLSv1.3, TLSv1.2] of [TLSv1.3, TLSv1.2, TLSv1.1, TLSv1, SSLv3, SSLv2Hello]
02:33:23.332 [main] DEBUG org.eclipse.jetty.util.ssl.SslContextFactory - Selected Ciphers   [TLS_AES_256_GCM_SHA384, TLS_AES_128_GCM_SHA256, TLS_ECDHE_ECDSA_WITH_AES_256_GCM_SHA384, TLS_ECDHE_ECDSA_WITH_AES_128_GCM_SHA256, TLS_ECDHE_RSA_WITH_AES_256_GCM_SHA384, TLS_ECDHE_RSA_WITH_AES_128_GCM_SHA256, TLS_DHE_RSA_WITH_AES_256_GCM_SHA384, TLS_DHE_DSS_WITH_AES_256_GCM_SHA384, TLS_DHE_RSA_WITH_AES_128_GCM_SHA256, TLS_DHE_DSS_WITH_AES_128_GCM_SHA256, TLS_ECDHE_ECDSA_WITH_AES_256_CBC_SHA384, TLS_ECDHE_RSA_WITH_AES_256_CBC_SHA384, TLS_ECDHE_ECDSA_WITH_AES_128_CBC_SHA256, TLS_ECDHE_RSA_WITH_AES_128_CBC_SHA256, TLS_DHE_RSA_WITH_AES_256_CBC_SHA256, TLS_DHE_DSS_WITH_AES_256_CBC_SHA256, TLS_DHE_RSA_WITH_AES_128_CBC_SHA256, TLS_DHE_DSS_WITH_AES_128_CBC_SHA256, TLS_ECDH_ECDSA_WITH_AES_256_GCM_SHA384, TLS_ECDH_RSA_WITH_AES_256_GCM_SHA384, TLS_ECDH_ECDSA_WITH_AES_128_GCM_SHA256, TLS_ECDH_RSA_WITH_AES_128_GCM_SHA256, TLS_ECDH_ECDSA_WITH_AES_256_CBC_SHA384, TLS_ECDH_RSA_WITH_AES_256_CBC_SHA384, TLS_ECDH_ECDSA_WITH_AES_128_CBC_SHA256, TLS_ECDH_RSA_WITH_AES_128_CBC_SHA256, TLS_EMPTY_RENEGOTIATION_INFO_SCSV] of [TLS_AES_256_GCM_SHA384, TLS_AES_128_GCM_SHA256, TLS_ECDHE_ECDSA_WITH_AES_256_GCM_SHA384, TLS_ECDHE_ECDSA_WITH_AES_128_GCM_SHA256, TLS_ECDHE_RSA_WITH_AES_256_GCM_SHA384, TLS_ECDHE_RSA_WITH_AES_128_GCM_SHA256, TLS_DHE_RSA_WITH_AES_256_GCM_SHA384, TLS_DHE_DSS_WITH_AES_256_GCM_SHA384, TLS_DHE_RSA_WITH_AES_128_GCM_SHA256, TLS_DHE_DSS_WITH_AES_128_GCM_SHA256, TLS_ECDHE_ECDSA_WITH_AES_256_CBC_SHA384, TLS_ECDHE_RSA_WITH_AES_256_CBC_SHA384, TLS_ECDHE_ECDSA_WITH_AES_128_CBC_SHA256, TLS_ECDHE_RSA_WITH_AES_128_CBC_SHA256, TLS_DHE_RSA_WITH_AES_256_CBC_SHA256, TLS_DHE_DSS_WITH_AES_256_CBC_SHA256, TLS_DHE_RSA_WITH_AES_128_CBC_SHA256, TLS_DHE_DSS_WITH_AES_128_CBC_SHA256, TLS_ECDH_ECDSA_WITH_AES_256_GCM_SHA384, TLS_ECDH_RSA_WITH_AES_256_GCM_SHA384, TLS_ECDH_ECDSA_WITH_AES_128_GCM_SHA256, TLS_ECDH_RSA_WITH_AES_128_GCM_SHA256, TLS_ECDH_ECDSA_WITH_AES_256_CBC_SHA384, TLS_ECDH_RSA_WITH_AES_256_CBC_SHA384, TLS_ECDH_ECDSA_WITH_AES_128_CBC_SHA256, TLS_ECDH_RSA_WITH_AES_128_CBC_SHA256, TLS_ECDHE_ECDSA_WITH_AES_256_CBC_SHA, TLS_ECDHE_RSA_WITH_AES_256_CBC_SHA, TLS_ECDHE_ECDSA_WITH_AES_128_CBC_SHA, TLS_ECDHE_RSA_WITH_AES_128_CBC_SHA, TLS_DHE_RSA_WITH_AES_256_CBC_SHA, TLS_DHE_DSS_WITH_AES_256_CBC_SHA, TLS_DHE_RSA_WITH_AES_128_CBC_SHA, TLS_DHE_DSS_WITH_AES_128_CBC_SHA, TLS_ECDH_ECDSA_WITH_AES_256_CBC_SHA, TLS_ECDH_RSA_WITH_AES_256_CBC_SHA, TLS_ECDH_ECDSA_WITH_AES_128_CBC_SHA, TLS_ECDH_RSA_WITH_AES_128_CBC_SHA, TLS_RSA_WITH_AES_256_GCM_SHA384, TLS_RSA_WITH_AES_128_GCM_SHA256, TLS_RSA_WITH_AES_256_CBC_SHA256, TLS_RSA_WITH_AES_128_CBC_SHA256, TLS_RSA_WITH_AES_256_CBC_SHA, TLS_RSA_WITH_AES_128_CBC_SHA, TLS_EMPTY_RENEGOTIATION_INFO_SCSV]
02:33:23.333 [main] DEBUG org.eclipse.jetty.util.ssl.SslContextFactory - Customize sun.security.ssl.SSLEngineImpl@68ead359
02:33:23.335 [main] DEBUG org.eclipse.jetty.util.component.AbstractLifeCycle - STARTED @3707ms SslContextFactory@19648c40[provider=null,keyStore=file:///home/alex/Repositories/nifi/minifi/minifi-bootstrap/src/test/resources/localhost-ks.jks,trustStore=file:///home/alex/Repositories/nifi/minifi/minifi-bootstrap/src/test/resources/localhost-ts.jks]
02:33:23.335 [main] DEBUG org.eclipse.jetty.util.ssl.SslContextFactory - Customize sun.security.ssl.SSLEngineImpl@424ebba3
02:33:23.335 [main] DEBUG org.eclipse.jetty.util.component.AbstractLifeCycle - STARTED @3707ms SslConnectionFactory@260e86a1{SSL->HTTP/1.1}
02:33:23.335 [main] DEBUG org.eclipse.jetty.util.component.AbstractLifeCycle - starting HttpConnectionFactory@1d131e1b[HTTP/1.1]
02:33:23.335 [main] DEBUG org.eclipse.jetty.util.component.AbstractLifeCycle - STARTED @3708ms HttpConnectionFactory@1d131e1b[HTTP/1.1]
02:33:23.335 [main] DEBUG org.eclipse.jetty.util.component.AbstractLifeCycle - starting SelectorManager@ServerConnector@12bd8a64{SSL, (ssl, http/1.1)}{localhost:39679}
02:33:23.335 [main] DEBUG org.eclipse.jetty.util.component.ContainerLifeCycle - EatWhatYouKill@37052337/SelectorProducer@2320fa6f/IDLE/p=false/QueuedThreadPool[qtp1221981006]@48d5f34e{STARTED,8<=8<=200,i=8,r=-1,q=0}[ReservedThreadExecutor@6f152006{reserved=0/8,pending=0}][pc=0,pic=0,pec=0,epc=0]@2024-05-02T02:33:23.335+01:00 added {SelectorProducer@2320fa6f,POJO}
02:33:23.335 [main] DEBUG org.eclipse.jetty.util.component.ContainerLifeCycle - EatWhatYouKill@37052337/SelectorProducer@2320fa6f/IDLE/p=false/QueuedThreadPool[qtp1221981006]@48d5f34e{STARTED,8<=8<=200,i=8,r=-1,q=0}[ReservedThreadExecutor@6f152006{reserved=0/8,pending=0}][pc=0,pic=0,pec=0,epc=0]@2024-05-02T02:33:23.335+01:00 added {QueuedThreadPool[qtp1221981006]@48d5f34e{STARTED,8<=8<=200,i=8,r=-1,q=0}[ReservedThreadExecutor@6f152006{reserved=0/8,pending=0}],UNMANAGED}
02:33:23.335 [main] DEBUG org.eclipse.jetty.util.thread.strategy.EatWhatYouKill - EatWhatYouKill@37052337/SelectorProducer@2320fa6f/IDLE/p=false/QueuedThreadPool[qtp1221981006]@48d5f34e{STARTED,8<=8<=200,i=8,r=-1,q=0}[ReservedThreadExecutor@6f152006{reserved=0/8,pending=0}][pc=0,pic=0,pec=0,epc=0]@2024-05-02T02:33:23.335+01:00 created
02:33:23.335 [main] DEBUG org.eclipse.jetty.util.component.ContainerLifeCycle - ManagedSelector@7a560583{STOPPED} id=0 keys=-1 selected=-1 updates=0 added {EatWhatYouKill@37052337/SelectorProducer@2320fa6f/IDLE/p=false/QueuedThreadPool[qtp1221981006]@48d5f34e{STARTED,8<=8<=200,i=8,r=-1,q=0}[ReservedThreadExecutor@6f152006{reserved=0/8,pending=0}][pc=0,pic=0,pec=0,epc=0]@2024-05-02T02:33:23.335+01:00,MANAGED}
02:33:23.335 [main] DEBUG org.eclipse.jetty.util.component.ContainerLifeCycle - SelectorManager@ServerConnector@12bd8a64{SSL, (ssl, http/1.1)}{localhost:39679} added {ManagedSelector@7a560583{STOPPED} id=0 keys=-1 selected=-1 updates=0,AUTO}
02:33:23.336 [main] DEBUG org.eclipse.jetty.util.component.ContainerLifeCycle - EatWhatYouKill@4d722ac9/SelectorProducer@53f0a4cb/IDLE/p=false/QueuedThreadPool[qtp1221981006]@48d5f34e{STARTED,8<=8<=200,i=8,r=-1,q=0}[ReservedThreadExecutor@6f152006{reserved=0/8,pending=0}][pc=0,pic=0,pec=0,epc=0]@2024-05-02T02:33:23.335+01:00 added {SelectorProducer@53f0a4cb,POJO}
02:33:23.336 [main] DEBUG org.eclipse.jetty.util.component.ContainerLifeCycle - EatWhatYouKill@4d722ac9/SelectorProducer@53f0a4cb/IDLE/p=false/QueuedThreadPool[qtp1221981006]@48d5f34e{STARTED,8<=8<=200,i=8,r=-1,q=0}[ReservedThreadExecutor@6f152006{reserved=0/8,pending=0}][pc=0,pic=0,pec=0,epc=0]@2024-05-02T02:33:23.336+01:00 added {QueuedThreadPool[qtp1221981006]@48d5f34e{STARTED,8<=8<=200,i=8,r=-1,q=0}[ReservedThreadExecutor@6f152006{reserved=0/8,pending=0}],UNMANAGED}
02:33:23.336 [main] DEBUG org.eclipse.jetty.util.thread.strategy.EatWhatYouKill - EatWhatYouKill@4d722ac9/SelectorProducer@53f0a4cb/IDLE/p=false/QueuedThreadPool[qtp1221981006]@48d5f34e{STARTED,8<=8<=200,i=8,r=-1,q=0}[ReservedThreadExecutor@6f152006{reserved=0/8,pending=0}][pc=0,pic=0,pec=0,epc=0]@2024-05-02T02:33:23.336+01:00 created
02:33:23.336 [main] DEBUG org.eclipse.jetty.util.component.ContainerLifeCycle - ManagedSelector@77a7cf58{STOPPED} id=1 keys=-1 selected=-1 updates=0 added {EatWhatYouKill@4d722ac9/SelectorProducer@53f0a4cb/IDLE/p=false/QueuedThreadPool[qtp1221981006]@48d5f34e{STARTED,8<=8<=200,i=8,r=-1,q=0}[ReservedThreadExecutor@6f152006{reserved=0/8,pending=0}][pc=0,pic=0,pec=0,epc=0]@2024-05-02T02:33:23.336+01:00,MANAGED}
02:33:23.336 [main] DEBUG org.eclipse.jetty.util.component.ContainerLifeCycle - SelectorManager@ServerConnector@12bd8a64{SSL, (ssl, http/1.1)}{localhost:39679} added {ManagedSelector@77a7cf58{STOPPED} id=1 keys=-1 selected=-1 updates=0,AUTO}
02:33:23.336 [main] DEBUG org.eclipse.jetty.util.component.ContainerLifeCycle - EatWhatYouKill@3d97a632/SelectorProducer@616fe72b/IDLE/p=false/QueuedThreadPool[qtp1221981006]@48d5f34e{STARTED,8<=8<=200,i=8,r=-1,q=0}[ReservedThreadExecutor@6f152006{reserved=0/8,pending=0}][pc=0,pic=0,pec=0,epc=0]@2024-05-02T02:33:23.336+01:00 added {SelectorProducer@616fe72b,POJO}
02:33:23.336 [main] DEBUG org.eclipse.jetty.util.component.ContainerLifeCycle - EatWhatYouKill@3d97a632/SelectorProducer@616fe72b/IDLE/p=false/QueuedThreadPool[qtp1221981006]@48d5f34e{STARTED,8<=8<=200,i=8,r=-1,q=0}[ReservedThreadExecutor@6f152006{reserved=0/8,pending=0}][pc=0,pic=0,pec=0,epc=0]@2024-05-02T02:33:23.336+01:00 added {QueuedThreadPool[qtp1221981006]@48d5f34e{STARTED,8<=8<=200,i=8,r=-1,q=0}[ReservedThreadExecutor@6f152006{reserved=0/8,pending=0}],UNMANAGED}
02:33:23.336 [main] DEBUG org.eclipse.jetty.util.thread.strategy.EatWhatYouKill - EatWhatYouKill@3d97a632/SelectorProducer@616fe72b/IDLE/p=false/QueuedThreadPool[qtp1221981006]@48d5f34e{STARTED,8<=8<=200,i=8,r=-1,q=0}[ReservedThreadExecutor@6f152006{reserved=0/8,pending=0}][pc=0,pic=0,pec=0,epc=0]@2024-05-02T02:33:23.336+01:00 created
02:33:23.336 [main] DEBUG org.eclipse.jetty.util.component.ContainerLifeCycle - ManagedSelector@37efd131{STOPPED} id=2 keys=-1 selected=-1 updates=0 added {EatWhatYouKill@3d97a632/SelectorProducer@616fe72b/IDLE/p=false/QueuedThreadPool[qtp1221981006]@48d5f34e{STARTED,8<=8<=200,i=8,r=-1,q=0}[ReservedThreadExecutor@6f152006{reserved=0/8,pending=0}][pc=0,pic=0,pec=0,epc=0]@2024-05-02T02:33:23.336+01:00,MANAGED}
02:33:23.336 [main] DEBUG org.eclipse.jetty.util.component.ContainerLifeCycle - SelectorManager@ServerConnector@12bd8a64{SSL, (ssl, http/1.1)}{localhost:39679} added {ManagedSelector@37efd131{STOPPED} id=2 keys=-1 selected=-1 updates=0,AUTO}
02:33:23.336 [main] DEBUG org.eclipse.jetty.util.component.ContainerLifeCycle - EatWhatYouKill@7e7b159b/SelectorProducer@7e5d9a50/IDLE/p=false/QueuedThreadPool[qtp1221981006]@48d5f34e{STARTED,8<=8<=200,i=8,r=-1,q=0}[ReservedThreadExecutor@6f152006{reserved=0/8,pending=0}][pc=0,pic=0,pec=0,epc=0]@2024-05-02T02:33:23.336+01:00 added {SelectorProducer@7e5d9a50,POJO}
02:33:23.336 [main] DEBUG org.eclipse.jetty.util.component.ContainerLifeCycle - EatWhatYouKill@7e7b159b/SelectorProducer@7e5d9a50/IDLE/p=false/QueuedThreadPool[qtp1221981006]@48d5f34e{STARTED,8<=8<=200,i=8,r=-1,q=0}[ReservedThreadExecutor@6f152006{reserved=0/8,pending=0}][pc=0,pic=0,pec=0,epc=0]@2024-05-02T02:33:23.336+01:00 added {QueuedThreadPool[qtp1221981006]@48d5f34e{STARTED,8<=8<=200,i=8,r=-1,q=0}[ReservedThreadExecutor@6f152006{reserved=0/8,pending=0}],UNMANAGED}
02:33:23.336 [main] DEBUG org.eclipse.jetty.util.thread.strategy.EatWhatYouKill - EatWhatYouKill@7e7b159b/SelectorProducer@7e5d9a50/IDLE/p=false/QueuedThreadPool[qtp1221981006]@48d5f34e{STARTED,8<=8<=200,i=8,r=-1,q=0}[ReservedThreadExecutor@6f152006{reserved=0/8,pending=0}][pc=0,pic=0,pec=0,epc=0]@2024-05-02T02:33:23.336+01:00 created
02:33:23.336 [main] DEBUG org.eclipse.jetty.util.component.ContainerLifeCycle - ManagedSelector@60957c0f{STOPPED} id=3 keys=-1 selected=-1 updates=0 added {EatWhatYouKill@7e7b159b/SelectorProducer@7e5d9a50/IDLE/p=false/QueuedThreadPool[qtp1221981006]@48d5f34e{STARTED,8<=8<=200,i=8,r=-1,q=0}[ReservedThreadExecutor@6f152006{reserved=0/8,pending=0}][pc=0,pic=0,pec=0,epc=0]@2024-05-02T02:33:23.336+01:00,MANAGED}
02:33:23.336 [main] DEBUG org.eclipse.jetty.util.component.ContainerLifeCycle - SelectorManager@ServerConnector@12bd8a64{SSL, (ssl, http/1.1)}{localhost:39679} added {ManagedSelector@60957c0f{STOPPED} id=3 keys=-1 selected=-1 updates=0,AUTO}
02:33:23.336 [main] DEBUG org.eclipse.jetty.util.component.AbstractLifeCycle - starting ManagedSelector@7a560583{STOPPED} id=0 keys=-1 selected=-1 updates=0
02:33:23.336 [main] DEBUG org.eclipse.jetty.util.component.AbstractLifeCycle - starting EatWhatYouKill@37052337/SelectorProducer@2320fa6f/IDLE/p=false/QueuedThreadPool[qtp1221981006]@48d5f34e{STARTED,8<=8<=200,i=8,r=-1,q=0}[ReservedThreadExecutor@6f152006{reserved=0/8,pending=0}][pc=0,pic=0,pec=0,epc=0]@2024-05-02T02:33:23.336+01:00
02:33:23.337 [main] DEBUG org.eclipse.jetty.util.component.AbstractLifeCycle - STARTED @3709ms EatWhatYouKill@37052337/SelectorProducer@2320fa6f/IDLE/p=false/QueuedThreadPool[qtp1221981006]@48d5f34e{STARTED,8<=8<=200,i=8,r=-1,q=0}[ReservedThreadExecutor@6f152006{reserved=0/8,pending=0}][pc=0,pic=0,pec=0,epc=0]@2024-05-02T02:33:23.337+01:00
02:33:23.337 [main] DEBUG org.eclipse.jetty.util.thread.QueuedThreadPool - queue org.eclipse.jetty.io.ManagedSelector$$Lambda$253/838473569@293a5f75 startThread=0
02:33:23.337 [main] DEBUG org.eclipse.jetty.io.ManagedSelector - Queued change lazy=false org.eclipse.jetty.io.ManagedSelector$Start@fcb4004 on ManagedSelector@7a560583{STARTING} id=0 keys=0 selected=0 updates=0
02:33:23.337 [qtp1221981006-45] DEBUG org.eclipse.jetty.util.thread.QueuedThreadPool - run org.eclipse.jetty.io.ManagedSelector$$Lambda$253/838473569@293a5f75 in QueuedThreadPool[qtp1221981006]@48d5f34e{STARTED,8<=8<=200,i=7,r=-1,q=0}[ReservedThreadExecutor@6f152006{reserved=0/8,pending=0}]
02:33:23.337 [qtp1221981006-45] DEBUG org.eclipse.jetty.util.thread.strategy.EatWhatYouKill - EatWhatYouKill@37052337/SelectorProducer@2320fa6f/IDLE/p=false/QueuedThreadPool[qtp1221981006]@48d5f34e{STARTED,8<=8<=200,i=7,r=-1,q=0}[ReservedThreadExecutor@6f152006{reserved=0/8,pending=0}][pc=0,pic=0,pec=0,epc=0]@2024-05-02T02:33:23.337+01:00 tryProduce false
02:33:23.337 [qtp1221981006-45] DEBUG org.eclipse.jetty.io.ManagedSelector - updateable 1
02:33:23.337 [qtp1221981006-45] DEBUG org.eclipse.jetty.io.ManagedSelector - update org.eclipse.jetty.io.ManagedSelector$Start@fcb4004
02:33:23.337 [qtp1221981006-45] DEBUG org.eclipse.jetty.io.ManagedSelector - updates 0
02:33:23.337 [qtp1221981006-45] DEBUG org.eclipse.jetty.io.ManagedSelector - Selector sun.nio.ch.EPollSelectorImpl@6db577b2 waiting with 0 keys
02:33:23.337 [main] DEBUG org.eclipse.jetty.util.component.AbstractLifeCycle - STARTED @3710ms ManagedSelector@7a560583{STARTED} id=0 keys=0 selected=0 updates=0
02:33:23.337 [main] DEBUG org.eclipse.jetty.util.component.AbstractLifeCycle - starting ManagedSelector@77a7cf58{STOPPED} id=1 keys=-1 selected=-1 updates=0
02:33:23.337 [main] DEBUG org.eclipse.jetty.util.component.AbstractLifeCycle - starting EatWhatYouKill@4d722ac9/SelectorProducer@53f0a4cb/IDLE/p=false/QueuedThreadPool[qtp1221981006]@48d5f34e{STARTED,8<=8<=200,i=7,r=-1,q=0}[ReservedThreadExecutor@6f152006{reserved=0/8,pending=0}][pc=0,pic=0,pec=0,epc=0]@2024-05-02T02:33:23.337+01:00
02:33:23.337 [main] DEBUG org.eclipse.jetty.util.component.AbstractLifeCycle - STARTED @3710ms EatWhatYouKill@4d722ac9/SelectorProducer@53f0a4cb/IDLE/p=false/QueuedThreadPool[qtp1221981006]@48d5f34e{STARTED,8<=8<=200,i=7,r=-1,q=0}[ReservedThreadExecutor@6f152006{reserved=0/8,pending=0}][pc=0,pic=0,pec=0,epc=0]@2024-05-02T02:33:23.337+01:00
02:33:23.337 [main] DEBUG org.eclipse.jetty.util.thread.QueuedThreadPool - queue org.eclipse.jetty.io.ManagedSelector$$Lambda$253/838473569@1dd6d4b7 startThread=0
02:33:23.337 [main] DEBUG org.eclipse.jetty.io.ManagedSelector - Queued change lazy=false org.eclipse.jetty.io.ManagedSelector$Start@56e8b606 on ManagedSelector@77a7cf58{STARTING} id=1 keys=0 selected=0 updates=0
02:33:23.337 [qtp1221981006-46] DEBUG org.eclipse.jetty.util.thread.QueuedThreadPool - run org.eclipse.jetty.io.ManagedSelector$$Lambda$253/838473569@1dd6d4b7 in QueuedThreadPool[qtp1221981006]@48d5f34e{STARTED,8<=8<=200,i=6,r=-1,q=0}[ReservedThreadExecutor@6f152006{reserved=0/8,pending=0}]
02:33:23.337 [qtp1221981006-46] DEBUG org.eclipse.jetty.util.thread.strategy.EatWhatYouKill - EatWhatYouKill@4d722ac9/SelectorProducer@53f0a4cb/IDLE/p=false/QueuedThreadPool[qtp1221981006]@48d5f34e{STARTED,8<=8<=200,i=6,r=-1,q=0}[ReservedThreadExecutor@6f152006{reserved=0/8,pending=0}][pc=0,pic=0,pec=0,epc=0]@2024-05-02T02:33:23.337+01:00 tryProduce false
02:33:23.337 [qtp1221981006-46] DEBUG org.eclipse.jetty.io.ManagedSelector - updateable 1
02:33:23.337 [qtp1221981006-46] DEBUG org.eclipse.jetty.io.ManagedSelector - update org.eclipse.jetty.io.ManagedSelector$Start@56e8b606
02:33:23.337 [qtp1221981006-46] DEBUG org.eclipse.jetty.io.ManagedSelector - updates 0
02:33:23.337 [qtp1221981006-46] DEBUG org.eclipse.jetty.io.ManagedSelector - Selector sun.nio.ch.EPollSelectorImpl@55c2a0a3 waiting with 0 keys
02:33:23.337 [main] DEBUG org.eclipse.jetty.util.component.AbstractLifeCycle - STARTED @3710ms ManagedSelector@77a7cf58{STARTED} id=1 keys=0 selected=0 updates=0
02:33:23.337 [main] DEBUG org.eclipse.jetty.util.component.AbstractLifeCycle - starting ManagedSelector@37efd131{STOPPED} id=2 keys=-1 selected=-1 updates=0
02:33:23.338 [main] DEBUG org.eclipse.jetty.util.component.AbstractLifeCycle - starting EatWhatYouKill@3d97a632/SelectorProducer@616fe72b/IDLE/p=false/QueuedThreadPool[qtp1221981006]@48d5f34e{STARTED,8<=8<=200,i=6,r=-1,q=0}[ReservedThreadExecutor@6f152006{reserved=0/8,pending=0}][pc=0,pic=0,pec=0,epc=0]@2024-05-02T02:33:23.338+01:00
02:33:23.338 [main] DEBUG org.eclipse.jetty.util.component.AbstractLifeCycle - STARTED @3710ms EatWhatYouKill@3d97a632/SelectorProducer@616fe72b/IDLE/p=false/QueuedThreadPool[qtp1221981006]@48d5f34e{STARTED,8<=8<=200,i=6,r=-1,q=0}[ReservedThreadExecutor@6f152006{reserved=0/8,pending=0}][pc=0,pic=0,pec=0,epc=0]@2024-05-02T02:33:23.338+01:00
02:33:23.338 [main] DEBUG org.eclipse.jetty.util.thread.QueuedThreadPool - queue org.eclipse.jetty.io.ManagedSelector$$Lambda$253/838473569@2dd29a59 startThread=0
02:33:23.338 [main] DEBUG org.eclipse.jetty.io.ManagedSelector - Queued change lazy=false org.eclipse.jetty.io.ManagedSelector$Start@784c3487 on ManagedSelector@37efd131{STARTING} id=2 keys=0 selected=0 updates=0
02:33:23.338 [qtp1221981006-47] DEBUG org.eclipse.jetty.util.thread.QueuedThreadPool - run org.eclipse.jetty.io.ManagedSelector$$Lambda$253/838473569@2dd29a59 in QueuedThreadPool[qtp1221981006]@48d5f34e{STARTED,8<=8<=200,i=5,r=-1,q=0}[ReservedThreadExecutor@6f152006{reserved=0/8,pending=0}]
02:33:23.338 [qtp1221981006-47] DEBUG org.eclipse.jetty.util.thread.strategy.EatWhatYouKill - EatWhatYouKill@3d97a632/SelectorProducer@616fe72b/IDLE/p=false/QueuedThreadPool[qtp1221981006]@48d5f34e{STARTED,8<=8<=200,i=5,r=-1,q=0}[ReservedThreadExecutor@6f152006{reserved=0/8,pending=0}][pc=0,pic=0,pec=0,epc=0]@2024-05-02T02:33:23.338+01:00 tryProduce false
02:33:23.338 [qtp1221981006-47] DEBUG org.eclipse.jetty.io.ManagedSelector - updateable 1
02:33:23.338 [qtp1221981006-47] DEBUG org.eclipse.jetty.io.ManagedSelector - update org.eclipse.jetty.io.ManagedSelector$Start@784c3487
02:33:23.338 [qtp1221981006-47] DEBUG org.eclipse.jetty.io.ManagedSelector - updates 0
02:33:23.338 [main] DEBUG org.eclipse.jetty.util.component.AbstractLifeCycle - STARTED @3711ms ManagedSelector@37efd131{STARTED} id=2 keys=0 selected=0 updates=0
02:33:23.338 [qtp1221981006-47] DEBUG org.eclipse.jetty.io.ManagedSelector - Selector sun.nio.ch.EPollSelectorImpl@60de4d07 waiting with 0 keys
02:33:23.338 [main] DEBUG org.eclipse.jetty.util.component.AbstractLifeCycle - starting ManagedSelector@60957c0f{STOPPED} id=3 keys=-1 selected=-1 updates=0
02:33:23.338 [main] DEBUG org.eclipse.jetty.util.component.AbstractLifeCycle - starting EatWhatYouKill@7e7b159b/SelectorProducer@7e5d9a50/IDLE/p=false/QueuedThreadPool[qtp1221981006]@48d5f34e{STARTED,8<=8<=200,i=5,r=-1,q=0}[ReservedThreadExecutor@6f152006{reserved=0/8,pending=0}][pc=0,pic=0,pec=0,epc=0]@2024-05-02T02:33:23.338+01:00
02:33:23.338 [main] DEBUG org.eclipse.jetty.util.component.AbstractLifeCycle - STARTED @3711ms EatWhatYouKill@7e7b159b/SelectorProducer@7e5d9a50/IDLE/p=false/QueuedThreadPool[qtp1221981006]@48d5f34e{STARTED,8<=8<=200,i=5,r=-1,q=0}[ReservedThreadExecutor@6f152006{reserved=0/8,pending=0}][pc=0,pic=0,pec=0,epc=0]@2024-05-02T02:33:23.338+01:00
02:33:23.338 [main] DEBUG org.eclipse.jetty.util.thread.QueuedThreadPool - queue org.eclipse.jetty.io.ManagedSelector$$Lambda$253/838473569@53142455 startThread=0
02:33:23.338 [main] DEBUG org.eclipse.jetty.io.ManagedSelector - Queued change lazy=false org.eclipse.jetty.io.ManagedSelector$Start@40dff0b7 on ManagedSelector@60957c0f{STARTING} id=3 keys=0 selected=0 updates=0
02:33:23.338 [qtp1221981006-48] DEBUG org.eclipse.jetty.util.thread.QueuedThreadPool - run org.eclipse.jetty.io.ManagedSelector$$Lambda$253/838473569@53142455 in QueuedThreadPool[qtp1221981006]@48d5f34e{STARTED,8<=8<=200,i=4,r=-1,q=0}[ReservedThreadExecutor@6f152006{reserved=0/8,pending=0}]
02:33:23.338 [qtp1221981006-48] DEBUG org.eclipse.jetty.util.thread.strategy.EatWhatYouKill - EatWhatYouKill@7e7b159b/SelectorProducer@7e5d9a50/IDLE/p=false/QueuedThreadPool[qtp1221981006]@48d5f34e{STARTED,8<=8<=200,i=4,r=-1,q=0}[ReservedThreadExecutor@6f152006{reserved=0/8,pending=0}][pc=0,pic=0,pec=0,epc=0]@2024-05-02T02:33:23.338+01:00 tryProduce false
02:33:23.338 [qtp1221981006-48] DEBUG org.eclipse.jetty.io.ManagedSelector - updateable 1
02:33:23.338 [qtp1221981006-48] DEBUG org.eclipse.jetty.io.ManagedSelector - update org.eclipse.jetty.io.ManagedSelector$Start@40dff0b7
02:33:23.338 [qtp1221981006-48] DEBUG org.eclipse.jetty.io.ManagedSelector - updates 0
02:33:23.338 [main] DEBUG org.eclipse.jetty.util.component.AbstractLifeCycle - STARTED @3711ms ManagedSelector@60957c0f{STARTED} id=3 keys=0 selected=0 updates=0
02:33:23.338 [qtp1221981006-48] DEBUG org.eclipse.jetty.io.ManagedSelector - Selector sun.nio.ch.EPollSelectorImpl@67b27e44 waiting with 0 keys
02:33:23.338 [main] DEBUG org.eclipse.jetty.util.component.AbstractLifeCycle - STARTED @3711ms SelectorManager@ServerConnector@12bd8a64{SSL, (ssl, http/1.1)}{localhost:39679}
02:33:23.338 [main] DEBUG org.eclipse.jetty.util.component.ContainerLifeCycle - ServerConnector@12bd8a64{SSL, (ssl, http/1.1)}{localhost:39679} added {acceptor-0@7966baa7,POJO}
02:33:23.338 [main] DEBUG org.eclipse.jetty.util.thread.QueuedThreadPool - queue acceptor-0@7966baa7 startThread=0
02:33:23.338 [qtp1221981006-49] DEBUG org.eclipse.jetty.util.thread.QueuedThreadPool - run acceptor-0@7966baa7 in QueuedThreadPool[qtp1221981006]@48d5f34e{STARTED,8<=8<=200,i=3,r=-1,q=0}[ReservedThreadExecutor@6f152006{reserved=0/8,pending=0}]
02:33:23.338 [main] INFO org.eclipse.jetty.server.AbstractConnector - Started ServerConnector@12bd8a64{SSL, (ssl, http/1.1)}{localhost:39679}
02:33:23.339 [main] DEBUG org.eclipse.jetty.util.component.AbstractLifeCycle - STARTED @3711ms ServerConnector@12bd8a64{SSL, (ssl, http/1.1)}{localhost:39679}
02:33:23.339 [main] INFO org.eclipse.jetty.server.Server - Started @3711ms
02:33:23.339 [main] DEBUG org.eclipse.jetty.util.component.AbstractLifeCycle - STARTED @3711ms Server@6ff65192{STARTED}[9.4.44.v20210927]
02:33:23.339 [main] INFO org.apache.nifi.minifi.bootstrap.configuration.ingestors.RestChangeIngestor - RestChangeIngester has started and is listening on port 39679.
02:33:24.342 [qtp1221981006-49-acceptor-0@7966baa7-ServerConnector@12bd8a64{SSL, (ssl, http/1.1)}{localhost:39679}] DEBUG org.eclipse.jetty.io.ManagedSelector - Queued change lazy=false Accept@4a822289[java.nio.channels.SocketChannel[connected local=/127.0.0.1:39679 remote=/127.0.0.1:50208]] on ManagedSelector@77a7cf58{STARTED} id=1 keys=0 selected=0 updates=0
02:33:24.342 [qtp1221981006-49-acceptor-0@7966baa7-ServerConnector@12bd8a64{SSL, (ssl, http/1.1)}{localhost:39679}] DEBUG org.eclipse.jetty.io.ManagedSelector - Wakeup on submit ManagedSelector@77a7cf58{STARTED} id=1 keys=0 selected=0 updates=1
02:33:24.342 [qtp1221981006-46] DEBUG org.eclipse.jetty.io.ManagedSelector - Selector sun.nio.ch.EPollSelectorImpl@55c2a0a3 woken with none selected
02:33:24.342 [qtp1221981006-46] DEBUG org.eclipse.jetty.io.ManagedSelector - Selector sun.nio.ch.EPollSelectorImpl@55c2a0a3 woken up from select, 0/0/0 selected
02:33:24.342 [qtp1221981006-46] DEBUG org.eclipse.jetty.io.ManagedSelector - Selector sun.nio.ch.EPollSelectorImpl@55c2a0a3 processing 0 keys, 1 updates
02:33:24.342 [qtp1221981006-46] DEBUG org.eclipse.jetty.io.ManagedSelector - updateable 1
02:33:24.342 [qtp1221981006-46] DEBUG org.eclipse.jetty.io.ManagedSelector - update Accept@4a822289[java.nio.channels.SocketChannel[connected local=/127.0.0.1:39679 remote=/127.0.0.1:50208]]
02:33:24.343 [qtp1221981006-46] DEBUG org.eclipse.jetty.util.thread.QueuedThreadPool - queue Accept@4a822289[java.nio.channels.SocketChannel[connected local=/127.0.0.1:39679 remote=/127.0.0.1:50208]] startThread=0
02:33:24.343 [qtp1221981006-50] DEBUG org.eclipse.jetty.util.thread.QueuedThreadPool - run Accept@4a822289[java.nio.channels.SocketChannel[connected local=/127.0.0.1:39679 remote=/127.0.0.1:50208]] in QueuedThreadPool[qtp1221981006]@48d5f34e{STARTED,8<=8<=200,i=2,r=-1,q=0}[ReservedThreadExecutor@6f152006{reserved=0/8,pending=0}]
02:33:24.343 [qtp1221981006-46] DEBUG org.eclipse.jetty.io.ManagedSelector - updates 0
02:33:24.343 [qtp1221981006-46] DEBUG org.eclipse.jetty.io.ManagedSelector - Selector sun.nio.ch.EPollSelectorImpl@55c2a0a3 waiting with 1 keys
02:33:24.343 [qtp1221981006-50] DEBUG org.eclipse.jetty.io.IdleTimeout - SocketChannelEndPoint@2df60c40{l=/127.0.0.1:39679,r=/127.0.0.1:50208,OPEN,fill=-,flush=-,to=0/30000}{io=0/0,kio=0,kro=0}-><null> idle timeout check, elapsed: 0 ms, remaining: 30000 ms
02:33:24.343 [qtp1221981006-50] DEBUG org.eclipse.jetty.util.ssl.SslContextFactory - Customize sun.security.ssl.SSLEngineImpl@270e6730
02:33:24.350 [qtp1221981006-50] DEBUG org.eclipse.jetty.server.HttpChannel - new HttpChannelOverHttp@396c32d4{s=HttpChannelState@45523295{s=IDLE rs=BLOCKING os=OPEN is=IDLE awp=false se=false i=true al=0},r=0,c=false/false,a=IDLE,uri=null,age=0} -> DecryptedEndPoint@1e824c5d{l=/127.0.0.1:39679,r=/127.0.0.1:50208,OPEN,fill=-,flush=-,to=1/30000},null,HttpChannelState@45523295{s=IDLE rs=BLOCKING os=OPEN is=IDLE awp=false se=false i=true al=0}
02:33:24.350 [qtp1221981006-50] DEBUG org.eclipse.jetty.server.HttpConnection - New HTTP Connection HttpConnection@73b23093::DecryptedEndPoint@1e824c5d{l=/127.0.0.1:39679,r=/127.0.0.1:50208,OPEN,fill=-,flush=-,to=1/30000}
02:33:24.351 [qtp1221981006-50] DEBUG org.eclipse.jetty.io.ManagedSelector - Queued change lazy=true org.eclipse.jetty.io.ManagedSelector$$Lambda$258/1710399120@736e44d7 on ManagedSelector@77a7cf58{STARTED} id=1 keys=1 selected=0 updates=0
02:33:24.351 [qtp1221981006-50] DEBUG org.eclipse.jetty.io.AbstractEndPoint - onOpen SocketChannelEndPoint@2df60c40{l=/127.0.0.1:39679,r=/127.0.0.1:50208,OPEN,fill=-,flush=-,to=8/30000}{io=0/0,kio=0,kro=0}->SslConnection@113ac481{NOT_HANDSHAKING,eio=-1/-1,di=-1,fill=IDLE,flush=IDLE}~>DecryptedEndPoint@1e824c5d{l=/127.0.0.1:39679,r=/127.0.0.1:50208,OPEN,fill=-,flush=-,to=1/30000}=>HttpConnection@73b23093[p=HttpParser{s=START,0 of -1},g=HttpGenerator@3836ad5b{s=START}]=>HttpChannelOverHttp@396c32d4{s=HttpChannelState@45523295{s=IDLE rs=BLOCKING os=OPEN is=IDLE awp=false se=false i=true al=0},r=0,c=false/false,a=IDLE,uri=null,age=0}
02:33:24.351 [qtp1221981006-50] DEBUG org.eclipse.jetty.io.AbstractConnection - onOpen SslConnection@113ac481::SocketChannelEndPoint@2df60c40{l=/127.0.0.1:39679,r=/127.0.0.1:50208,OPEN,fill=-,flush=-,to=8/30000}{io=0/0,kio=0,kro=0}->SslConnection@113ac481{NOT_HANDSHAKING,eio=-1/-1,di=-1,fill=IDLE,flush=IDLE}~>DecryptedEndPoint@1e824c5d{l=/127.0.0.1:39679,r=/127.0.0.1:50208,OPEN,fill=-,flush=-,to=2/30000}=>HttpConnection@73b23093[p=HttpParser{s=START,0 of -1},g=HttpGenerator@3836ad5b{s=START}]=>HttpChannelOverHttp@396c32d4{s=HttpChannelState@45523295{s=IDLE rs=BLOCKING os=OPEN is=IDLE awp=false se=false i=true al=0},r=0,c=false/false,a=IDLE,uri=null,age=0}
02:33:24.351 [qtp1221981006-50] DEBUG org.eclipse.jetty.io.AbstractConnection - onOpen HttpConnection@73b23093::DecryptedEndPoint@1e824c5d{l=/127.0.0.1:39679,r=/127.0.0.1:50208,OPEN,fill=-,flush=-,to=2/30000}
02:33:24.351 [qtp1221981006-50] DEBUG org.eclipse.jetty.io.AbstractConnection - fillInterested HttpConnection@73b23093::DecryptedEndPoint@1e824c5d{l=/127.0.0.1:39679,r=/127.0.0.1:50208,OPEN,fill=-,flush=-,to=2/30000}
02:33:24.351 [qtp1221981006-50] DEBUG org.eclipse.jetty.io.FillInterest - interested FillInterest@5725b9ec{AC.ReadCB@73b23093{HttpConnection@73b23093::DecryptedEndPoint@1e824c5d{l=/127.0.0.1:39679,r=/127.0.0.1:50208,OPEN,fill=FI,flush=-,to=0/30000}}}
02:33:24.351 [qtp1221981006-50] DEBUG org.eclipse.jetty.io.ssl.SslConnection - >needFillInterest s=IDLE/IDLE uf=false ei=null di=null SslConnection@113ac481::SocketChannelEndPoint@2df60c40{l=/127.0.0.1:39679,r=/127.0.0.1:50208,OPEN,fill=-,flush=-,to=8/30000}{io=0/0,kio=0,kro=0}->SslConnection@113ac481{NOT_HANDSHAKING,eio=-1/-1,di=-1,fill=IDLE,flush=IDLE}~>DecryptedEndPoint@1e824c5d{l=/127.0.0.1:39679,r=/127.0.0.1:50208,OPEN,fill=FI,flush=-,to=0/30000}=>HttpConnection@73b23093[p=HttpParser{s=START,0 of -1},g=HttpGenerator@3836ad5b{s=START}]=>HttpChannelOverHttp@396c32d4{s=HttpChannelState@45523295{s=IDLE rs=BLOCKING os=OPEN is=IDLE awp=false se=false i=true al=0},r=0,c=false/false,a=IDLE,uri=null,age=0}
02:33:24.352 [qtp1221981006-50] DEBUG org.eclipse.jetty.io.ssl.SslConnection - <needFillInterest s=IDLE/INTERESTED f=false i=true w=null
02:33:24.352 [qtp1221981006-50] DEBUG org.eclipse.jetty.io.ssl.SslConnection - ensureFillInterested SslConnection@113ac481::SocketChannelEndPoint@2df60c40{l=/127.0.0.1:39679,r=/127.0.0.1:50208,OPEN,fill=-,flush=-,to=8/30000}{io=0/0,kio=0,kro=0}->SslConnection@113ac481{NOT_HANDSHAKING,eio=-1/-1,di=-1,fill=INTERESTED,flush=IDLE}~>DecryptedEndPoint@1e824c5d{l=/127.0.0.1:39679,r=/127.0.0.1:50208,OPEN,fill=FI,flush=-,to=0/30000}=>HttpConnection@73b23093[p=HttpParser{s=START,0 of -1},g=HttpGenerator@3836ad5b{s=START}]=>HttpChannelOverHttp@396c32d4{s=HttpChannelState@45523295{s=IDLE rs=BLOCKING os=OPEN is=IDLE awp=false se=false i=true al=0},r=0,c=false/false,a=IDLE,uri=null,age=0}
02:33:24.352 [qtp1221981006-50] DEBUG org.eclipse.jetty.io.FillInterest - interested FillInterest@1ce4e4ab{SSLC.NBReadCB@113ac481{SslConnection@113ac481::SocketChannelEndPoint@2df60c40{l=/127.0.0.1:39679,r=/127.0.0.1:50208,OPEN,fill=FI,flush=-,to=0/30000}{io=0/0,kio=0,kro=0}->SslConnection@113ac481{NOT_HANDSHAKING,eio=-1/-1,di=-1,fill=INTERESTED,flush=IDLE}~>DecryptedEndPoint@1e824c5d{l=/127.0.0.1:39679,r=/127.0.0.1:50208,OPEN,fill=FI,flush=-,to=0/30000}=>HttpConnection@73b23093[p=HttpParser{s=START,0 of -1},g=HttpGenerator@3836ad5b{s=START}]=>HttpChannelOverHttp@396c32d4{s=HttpChannelState@45523295{s=IDLE rs=BLOCKING os=OPEN is=IDLE awp=false se=false i=true al=0},r=0,c=false/false,a=IDLE,uri=null,age=0}}}
02:33:24.352 [qtp1221981006-50] DEBUG org.eclipse.jetty.io.ChannelEndPoint - changeInterests p=false 0->1 for SocketChannelEndPoint@2df60c40{l=/127.0.0.1:39679,r=/127.0.0.1:50208,OPEN,fill=FI,flush=-,to=0/30000}{io=0/1,kio=0,kro=0}->SslConnection@113ac481{NOT_HANDSHAKING,eio=-1/-1,di=-1,fill=INTERESTED,flush=IDLE}~>DecryptedEndPoint@1e824c5d{l=/127.0.0.1:39679,r=/127.0.0.1:50208,OPEN,fill=FI,flush=-,to=0/30000}=>HttpConnection@73b23093[p=HttpParser{s=START,0 of -1},g=HttpGenerator@3836ad5b{s=START}]=>HttpChannelOverHttp@396c32d4{s=HttpChannelState@45523295{s=IDLE rs=BLOCKING os=OPEN is=IDLE awp=false se=false i=true al=0},r=0,c=false/false,a=IDLE,uri=null,age=0}
02:33:24.352 [qtp1221981006-50] DEBUG org.eclipse.jetty.io.ManagedSelector - Queued change lazy=false org.eclipse.jetty.io.ChannelEndPoint$$Lambda$255/1238156519@66f4d402 on ManagedSelector@77a7cf58{STARTED} id=1 keys=1 selected=0 updates=1
02:33:24.352 [qtp1221981006-50] DEBUG org.eclipse.jetty.io.ManagedSelector - Wakeup on submit ManagedSelector@77a7cf58{STARTED} id=1 keys=1 selected=0 updates=2
02:33:24.352 [qtp1221981006-46] DEBUG org.eclipse.jetty.io.ManagedSelector - Selector sun.nio.ch.EPollSelectorImpl@55c2a0a3 woken with none selected
02:33:24.352 [qtp1221981006-50] DEBUG org.eclipse.jetty.io.ManagedSelector - Created SocketChannelEndPoint@2df60c40{l=/127.0.0.1:39679,r=/127.0.0.1:50208,OPEN,fill=FI,flush=-,to=0/30000}{io=0/1,kio=0,kro=0}->SslConnection@113ac481{NOT_HANDSHAKING,eio=-1/-1,di=-1,fill=INTERESTED,flush=IDLE}~>DecryptedEndPoint@1e824c5d{l=/127.0.0.1:39679,r=/127.0.0.1:50208,OPEN,fill=FI,flush=-,to=0/30000}=>HttpConnection@73b23093[p=HttpParser{s=START,0 of -1},g=HttpGenerator@3836ad5b{s=START}]=>HttpChannelOverHttp@396c32d4{s=HttpChannelState@45523295{s=IDLE rs=BLOCKING os=OPEN is=IDLE awp=false se=false i=true al=0},r=0,c=false/false,a=IDLE,uri=null,age=0}
02:33:24.352 [qtp1221981006-46] DEBUG org.eclipse.jetty.io.ManagedSelector - Selector sun.nio.ch.EPollSelectorImpl@55c2a0a3 woken up from select, 0/0/1 selected
02:33:24.352 [qtp1221981006-46] DEBUG org.eclipse.jetty.io.ManagedSelector - Selector sun.nio.ch.EPollSelectorImpl@55c2a0a3 processing 0 keys, 2 updates
02:33:24.352 [qtp1221981006-50] DEBUG org.eclipse.jetty.util.thread.QueuedThreadPool - ran Accept@4a822289[java.nio.channels.SocketChannel[connected local=/127.0.0.1:39679 remote=/127.0.0.1:50208]] in QueuedThreadPool[qtp1221981006]@48d5f34e{STARTED,8<=8<=200,i=2,r=-1,q=0}[ReservedThreadExecutor@6f152006{reserved=0/8,pending=0}]
02:33:24.352 [qtp1221981006-46] DEBUG org.eclipse.jetty.io.ManagedSelector - updateable 2
02:33:24.352 [qtp1221981006-46] DEBUG org.eclipse.jetty.io.ManagedSelector - update org.eclipse.jetty.io.ManagedSelector$$Lambda$258/1710399120@736e44d7
02:33:24.352 [qtp1221981006-46] DEBUG org.eclipse.jetty.io.ManagedSelector - update org.eclipse.jetty.io.ChannelEndPoint$$Lambda$255/1238156519@66f4d402
02:33:24.352 [qtp1221981006-46] DEBUG org.eclipse.jetty.io.ChannelEndPoint - Key interests updated 0 -> 1 on SocketChannelEndPoint@2df60c40{l=/127.0.0.1:39679,r=/127.0.0.1:50208,OPEN,fill=FI,flush=-,to=0/30000}{io=1/1,kio=1,kro=0}->SslConnection@113ac481{NOT_HANDSHAKING,eio=-1/-1,di=-1,fill=INTERESTED,flush=IDLE}~>DecryptedEndPoint@1e824c5d{l=/127.0.0.1:39679,r=/127.0.0.1:50208,OPEN,fill=FI,flush=-,to=1/30000}=>HttpConnection@73b23093[p=HttpParser{s=START,0 of -1},g=HttpGenerator@3836ad5b{s=START}]=>HttpChannelOverHttp@396c32d4{s=HttpChannelState@45523295{s=IDLE rs=BLOCKING os=OPEN is=IDLE awp=false se=false i=true al=0},r=0,c=false/false,a=IDLE,uri=null,age=0}
02:33:24.352 [qtp1221981006-46] DEBUG org.eclipse.jetty.io.ManagedSelector - updates 0
02:33:24.352 [qtp1221981006-46] DEBUG org.eclipse.jetty.io.ManagedSelector - Selector sun.nio.ch.EPollSelectorImpl@55c2a0a3 waiting with 1 keys
02:33:24.375 [qtp1221981006-46] DEBUG org.eclipse.jetty.io.ManagedSelector - Selector sun.nio.ch.EPollSelectorImpl@55c2a0a3 woken up from select, 1/1/1 selected
02:33:24.376 [qtp1221981006-46] DEBUG org.eclipse.jetty.io.ManagedSelector - Selector sun.nio.ch.EPollSelectorImpl@55c2a0a3 processing 1 keys, 0 updates
02:33:24.376 [qtp1221981006-46] DEBUG org.eclipse.jetty.io.ManagedSelector - selected 1 sun.nio.ch.SelectionKeyImpl@5b05446b SocketChannelEndPoint@2df60c40{l=/127.0.0.1:39679,r=/127.0.0.1:50208,OPEN,fill=FI,flush=-,to=23/30000}{io=1/1,kio=1,kro=1}->SslConnection@113ac481{NOT_HANDSHAKING,eio=-1/-1,di=-1,fill=INTERESTED,flush=IDLE}~>DecryptedEndPoint@1e824c5d{l=/127.0.0.1:39679,r=/127.0.0.1:50208,OPEN,fill=FI,flush=-,to=24/30000}=>HttpConnection@73b23093[p=HttpParser{s=START,0 of -1},g=HttpGenerator@3836ad5b{s=START}]=>HttpChannelOverHttp@396c32d4{s=HttpChannelState@45523295{s=IDLE rs=BLOCKING os=OPEN is=IDLE awp=false se=false i=true al=0},r=0,c=false/false,a=IDLE,uri=null,age=0} 
02:33:24.376 [qtp1221981006-46] DEBUG org.eclipse.jetty.io.ChannelEndPoint - onSelected 1->0 r=true w=false for SocketChannelEndPoint@2df60c40{l=/127.0.0.1:39679,r=/127.0.0.1:50208,OPEN,fill=FI,flush=-,to=23/30000}{io=1/0,kio=1,kro=1}->SslConnection@113ac481{NOT_HANDSHAKING,eio=-1/-1,di=-1,fill=INTERESTED,flush=IDLE}~>DecryptedEndPoint@1e824c5d{l=/127.0.0.1:39679,r=/127.0.0.1:50208,OPEN,fill=FI,flush=-,to=24/30000}=>HttpConnection@73b23093[p=HttpParser{s=START,0 of -1},g=HttpGenerator@3836ad5b{s=START}]=>HttpChannelOverHttp@396c32d4{s=HttpChannelState@45523295{s=IDLE rs=BLOCKING os=OPEN is=IDLE awp=false se=false i=true al=0},r=0,c=false/false,a=IDLE,uri=null,age=0}
02:33:24.376 [qtp1221981006-46] DEBUG org.eclipse.jetty.io.ChannelEndPoint - task CEP:SocketChannelEndPoint@2df60c40{l=/127.0.0.1:39679,r=/127.0.0.1:50208,OPEN,fill=FI,flush=-,to=24/30000}{io=1/0,kio=1,kro=1}->SslConnection@113ac481{NOT_HANDSHAKING,eio=-1/-1,di=-1,fill=INTERESTED,flush=IDLE}~>DecryptedEndPoint@1e824c5d{l=/127.0.0.1:39679,r=/127.0.0.1:50208,OPEN,fill=FI,flush=-,to=24/30000}=>HttpConnection@73b23093[p=HttpParser{s=START,0 of -1},g=HttpGenerator@3836ad5b{s=START}]=>HttpChannelOverHttp@396c32d4{s=HttpChannelState@45523295{s=IDLE rs=BLOCKING os=OPEN is=IDLE awp=false se=false i=true al=0},r=0,c=false/false,a=IDLE,uri=null,age=0}:runFillable:BLOCKING
02:33:24.376 [qtp1221981006-46] DEBUG org.eclipse.jetty.util.thread.ReservedThreadExecutor - ReservedThreadExecutor@6f152006{reserved=0/8,pending=0} tryExecute EatWhatYouKill@4d722ac9/SelectorProducer@53f0a4cb/PRODUCING/p=false/QueuedThreadPool[qtp1221981006]@48d5f34e{STARTED,8<=8<=200,i=3,r=-1,q=0}[ReservedThreadExecutor@6f152006{reserved=0/8,pending=0}][pc=0,pic=0,pec=0,epc=0]@2024-05-02T02:33:24.376+01:00
02:33:24.376 [qtp1221981006-46] DEBUG org.eclipse.jetty.util.thread.ReservedThreadExecutor - ReservedThreadExecutor@6f152006{reserved=0/8,pending=1} startReservedThread p=1
02:33:24.376 [qtp1221981006-46] DEBUG org.eclipse.jetty.util.thread.QueuedThreadPool - queue ReservedThread@5f3acbd3{PENDING,thread=null} startThread=0
02:33:24.376 [qtp1221981006-51] DEBUG org.eclipse.jetty.util.thread.QueuedThreadPool - run ReservedThread@5f3acbd3{PENDING,thread=null} in QueuedThreadPool[qtp1221981006]@48d5f34e{STARTED,8<=8<=200,i=2,r=-1,q=0}[ReservedThreadExecutor@6f152006{reserved=0/8,pending=1}]
02:33:24.376 [qtp1221981006-51] DEBUG org.eclipse.jetty.util.thread.ReservedThreadExecutor - ReservedThread@5f3acbd3{PENDING,thread=Thread[qtp1221981006-51,5,main]} was=PENDING next=RESERVED size=0+1 capacity=8
02:33:24.376 [qtp1221981006-51] DEBUG org.eclipse.jetty.util.thread.ReservedThreadExecutor - ReservedThread@5f3acbd3{RESERVED,thread=Thread[qtp1221981006-51,5,main]} waiting ReservedThreadExecutor@6f152006{reserved=1/8,pending=0}
02:33:24.376 [qtp1221981006-46] DEBUG org.eclipse.jetty.util.thread.strategy.EatWhatYouKill - EatWhatYouKill@4d722ac9/SelectorProducer@53f0a4cb/PRODUCING/p=false/QueuedThreadPool[qtp1221981006]@48d5f34e{STARTED,8<=8<=200,i=2,r=-1,q=0}[ReservedThreadExecutor@6f152006{reserved=0/8,pending=1}][pc=0,pic=0,pec=0,epc=0]@2024-05-02T02:33:24.376+01:00 m=PRODUCE_EXECUTE_CONSUME t=CEP:SocketChannelEndPoint@2df60c40{l=/127.0.0.1:39679,r=/127.0.0.1:50208,OPEN,fill=FI,flush=-,to=24/30000}{io=1/0,kio=1,kro=1}->SslConnection@113ac481{NOT_HANDSHAKING,eio=-1/-1,di=-1,fill=INTERESTED,flush=IDLE}~>DecryptedEndPoint@1e824c5d{l=/127.0.0.1:39679,r=/127.0.0.1:50208,OPEN,fill=FI,flush=-,to=25/30000}=>HttpConnection@73b23093[p=HttpParser{s=START,0 of -1},g=HttpGenerator@3836ad5b{s=START}]=>HttpChannelOverHttp@396c32d4{s=HttpChannelState@45523295{s=IDLE rs=BLOCKING os=OPEN is=IDLE awp=false se=false i=true al=0},r=0,c=false/false,a=IDLE,uri=null,age=0}:runFillable:BLOCKING/BLOCKING
02:33:24.376 [qtp1221981006-46] DEBUG org.eclipse.jetty.util.thread.QueuedThreadPool - queue CEP:SocketChannelEndPoint@2df60c40{l=/127.0.0.1:39679,r=/127.0.0.1:50208,OPEN,fill=FI,flush=-,to=24/30000}{io=1/0,kio=1,kro=1}->SslConnection@113ac481{NOT_HANDSHAKING,eio=-1/-1,di=-1,fill=INTERESTED,flush=IDLE}~>DecryptedEndPoint@1e824c5d{l=/127.0.0.1:39679,r=/127.0.0.1:50208,OPEN,fill=FI,flush=-,to=25/30000}=>HttpConnection@73b23093[p=HttpParser{s=START,0 of -1},g=HttpGenerator@3836ad5b{s=START}]=>HttpChannelOverHttp@396c32d4{s=HttpChannelState@45523295{s=IDLE rs=BLOCKING os=OPEN is=IDLE awp=false se=false i=true al=0},r=0,c=false/false,a=IDLE,uri=null,age=0}:runFillable:BLOCKING startThread=0
02:33:24.376 [qtp1221981006-46] DEBUG org.eclipse.jetty.io.ManagedSelector - updateable 0
02:33:24.376 [qtp1221981006-46] DEBUG org.eclipse.jetty.io.ManagedSelector - updates 0
02:33:24.376 [qtp1221981006-52] DEBUG org.eclipse.jetty.util.thread.QueuedThreadPool - run CEP:SocketChannelEndPoint@2df60c40{l=/127.0.0.1:39679,r=/127.0.0.1:50208,OPEN,fill=FI,flush=-,to=24/30000}{io=1/0,kio=1,kro=1}->SslConnection@113ac481{NOT_HANDSHAKING,eio=-1/-1,di=-1,fill=INTERESTED,flush=IDLE}~>DecryptedEndPoint@1e824c5d{l=/127.0.0.1:39679,r=/127.0.0.1:50208,OPEN,fill=FI,flush=-,to=25/30000}=>HttpConnection@73b23093[p=HttpParser{s=START,0 of -1},g=HttpGenerator@3836ad5b{s=START}]=>HttpChannelOverHttp@396c32d4{s=HttpChannelState@45523295{s=IDLE rs=BLOCKING os=OPEN is=IDLE awp=false se=false i=true al=0},r=0,c=false/false,a=IDLE,uri=null,age=0}:runFillable:BLOCKING in QueuedThreadPool[qtp1221981006]@48d5f34e{STARTED,8<=8<=200,i=1,r=-1,q=0}[ReservedThreadExecutor@6f152006{reserved=1/8,pending=0}]
02:33:24.377 [qtp1221981006-46] DEBUG org.eclipse.jetty.io.ChannelEndPoint - Key interests updated 1 -> 0 on SocketChannelEndPoint@2df60c40{l=/127.0.0.1:39679,r=/127.0.0.1:50208,OPEN,fill=FI,flush=-,to=24/30000}{io=0/0,kio=0,kro=1}->SslConnection@113ac481{NOT_HANDSHAKING,eio=-1/-1,di=-1,fill=INTERESTED,flush=IDLE}~>DecryptedEndPoint@1e824c5d{l=/127.0.0.1:39679,r=/127.0.0.1:50208,OPEN,fill=FI,flush=-,to=25/30000}=>HttpConnection@73b23093[p=HttpParser{s=START,0 of -1},g=HttpGenerator@3836ad5b{s=START}]=>HttpChannelOverHttp@396c32d4{s=HttpChannelState@45523295{s=IDLE rs=BLOCKING os=OPEN is=IDLE awp=false se=false i=true al=0},r=0,c=false/false,a=IDLE,uri=null,age=0}
02:33:24.377 [qtp1221981006-46] DEBUG org.eclipse.jetty.io.ManagedSelector - Selector sun.nio.ch.EPollSelectorImpl@55c2a0a3 waiting with 1 keys
02:33:24.377 [qtp1221981006-52] DEBUG org.eclipse.jetty.io.FillInterest - fillable FillInterest@1ce4e4ab{SSLC.NBReadCB@113ac481{SslConnection@113ac481::SocketChannelEndPoint@2df60c40{l=/127.0.0.1:39679,r=/127.0.0.1:50208,OPEN,fill=FI,flush=-,to=24/30000}{io=0/0,kio=0,kro=1}->SslConnection@113ac481{NOT_HANDSHAKING,eio=-1/-1,di=-1,fill=INTERESTED,flush=IDLE}~>DecryptedEndPoint@1e824c5d{l=/127.0.0.1:39679,r=/127.0.0.1:50208,OPEN,fill=FI,flush=-,to=25/30000}=>HttpConnection@73b23093[p=HttpParser{s=START,0 of -1},g=HttpGenerator@3836ad5b{s=START}]=>HttpChannelOverHttp@396c32d4{s=HttpChannelState@45523295{s=IDLE rs=BLOCKING os=OPEN is=IDLE awp=false se=false i=true al=0},r=0,c=false/false,a=IDLE,uri=null,age=0}}}
02:33:24.377 [qtp1221981006-52] DEBUG org.eclipse.jetty.io.ssl.SslConnection - >c.onFillable SslConnection@113ac481::SocketChannelEndPoint@2df60c40{l=/127.0.0.1:39679,r=/127.0.0.1:50208,OPEN,fill=-,flush=-,to=24/30000}{io=0/0,kio=0,kro=1}->SslConnection@113ac481{NOT_HANDSHAKING,eio=-1/-1,di=-1,fill=INTERESTED,flush=IDLE}~>DecryptedEndPoint@1e824c5d{l=/127.0.0.1:39679,r=/127.0.0.1:50208,OPEN,fill=FI,flush=-,to=25/30000}=>HttpConnection@73b23093[p=HttpParser{s=START,0 of -1},g=HttpGenerator@3836ad5b{s=START}]=>HttpChannelOverHttp@396c32d4{s=HttpChannelState@45523295{s=IDLE rs=BLOCKING os=OPEN is=IDLE awp=false se=false i=true al=0},r=0,c=false/false,a=IDLE,uri=null,age=0}
02:33:24.377 [qtp1221981006-52] DEBUG org.eclipse.jetty.io.ssl.SslConnection - onFillable SslConnection@113ac481::SocketChannelEndPoint@2df60c40{l=/127.0.0.1:39679,r=/127.0.0.1:50208,OPEN,fill=-,flush=-,to=24/30000}{io=0/0,kio=0,kro=1}->SslConnection@113ac481{NOT_HANDSHAKING,eio=-1/-1,di=-1,fill=INTERESTED,flush=IDLE}~>DecryptedEndPoint@1e824c5d{l=/127.0.0.1:39679,r=/127.0.0.1:50208,OPEN,fill=FI,flush=-,to=25/30000}=>HttpConnection@73b23093[p=HttpParser{s=START,0 of -1},g=HttpGenerator@3836ad5b{s=START}]=>HttpChannelOverHttp@396c32d4{s=HttpChannelState@45523295{s=IDLE rs=BLOCKING os=OPEN is=IDLE awp=false se=false i=true al=0},r=0,c=false/false,a=IDLE,uri=null,age=0}
02:33:24.377 [qtp1221981006-52] DEBUG org.eclipse.jetty.io.FillInterest - fillable FillInterest@5725b9ec{AC.ReadCB@73b23093{HttpConnection@73b23093::DecryptedEndPoint@1e824c5d{l=/127.0.0.1:39679,r=/127.0.0.1:50208,OPEN,fill=FI,flush=-,to=25/30000}}}
02:33:24.377 [qtp1221981006-52] DEBUG org.eclipse.jetty.server.HttpConnection - HttpConnection@73b23093::DecryptedEndPoint@1e824c5d{l=/127.0.0.1:39679,r=/127.0.0.1:50208,OPEN,fill=-,flush=-,to=25/30000} onFillable enter HttpChannelState@45523295{s=IDLE rs=BLOCKING os=OPEN is=IDLE awp=false se=false i=true al=0} null
02:33:24.377 [qtp1221981006-52] DEBUG org.eclipse.jetty.io.ssl.SslConnection - >fill SslConnection@113ac481::SocketChannelEndPoint@2df60c40{l=/127.0.0.1:39679,r=/127.0.0.1:50208,OPEN,fill=-,flush=-,to=25/30000}{io=0/0,kio=0,kro=1}->SslConnection@113ac481{NOT_HANDSHAKING,eio=-1/-1,di=-1,fill=IDLE,flush=IDLE}~>DecryptedEndPoint@1e824c5d{l=/127.0.0.1:39679,r=/127.0.0.1:50208,OPEN,fill=-,flush=-,to=25/30000}=>HttpConnection@73b23093[p=HttpParser{s=START,0 of -1},g=HttpGenerator@3836ad5b{s=START}]=>HttpChannelOverHttp@396c32d4{s=HttpChannelState@45523295{s=IDLE rs=BLOCKING os=OPEN is=IDLE awp=false se=false i=true al=0},r=0,c=false/false,a=IDLE,uri=null,age=0}
02:33:24.377 [qtp1221981006-52] DEBUG org.eclipse.jetty.io.ssl.SslConnection - fill NOT_HANDSHAKING
02:33:24.378 [qtp1221981006-52] DEBUG org.eclipse.jetty.io.ChannelEndPoint - filled 339 HeapByteBuffer@5a364fd5[p=0,l=339,c=17408,r=339]={<<<\x16\x03\x03\x01N\x01\x00\x01J\x03\x03\x80\x04\xA3\xB0\x86\xB5C\xF1\xAb.\x00\x8a\xE3<...J\xE8\xB9\xEd\x99\x1ds?6,\xCb\xA7\xE6\x1d\xEa\x9d\x18Y\xFf\x01\x00\x01\x00>>>\x00\x00\x00\x00\x00\x00\x00\x00\x00...\x00\x00\x00\x00\x00\x00\x00}
02:33:24.378 [qtp1221981006-52] DEBUG org.eclipse.jetty.io.ssl.SslConnection - net filled=339
02:33:24.378 [qtp1221981006-52] DEBUG org.eclipse.jetty.io.ssl.SslConnection - fill starting handshake SslConnection@113ac481::SocketChannelEndPoint@2df60c40{l=/127.0.0.1:39679,r=/127.0.0.1:50208,OPEN,fill=-,flush=-,to=0/30000}{io=0/0,kio=0,kro=1}->SslConnection@113ac481{NOT_HANDSHAKING,eio=339/-1,di=-1,fill=IDLE,flush=IDLE}~>DecryptedEndPoint@1e824c5d{l=/127.0.0.1:39679,r=/127.0.0.1:50208,OPEN,fill=-,flush=-,to=26/30000}=>HttpConnection@73b23093[p=HttpParser{s=START,0 of -1},g=HttpGenerator@3836ad5b{s=START}]=>HttpChannelOverHttp@396c32d4{s=HttpChannelState@45523295{s=IDLE rs=BLOCKING os=OPEN is=IDLE awp=false se=false i=true al=0},r=0,c=false/false,a=IDLE,uri=null,age=0}
02:33:24.379 [qtp1221981006-52] DEBUG org.eclipse.jetty.io.ssl.SslConnection - unwrap net_filled=339 Status = OK HandshakeStatus = NEED_TASK bytesConsumed = 339 bytesProduced = 0 encryptedBuffer=[p=339,l=339,c=17408,r=0] unwrapBuffer=HeapByteBuffer@5e09d04b[p=0,l=0,c=17408,r=0]={<<<>>>\x00\x00\x00\x00\x00\x00\x00\x00\x00...\x00\x00\x00\x00\x00\x00\x00} appBuffer=HeapByteBuffer@5e09d04b[p=0,l=0,c=17408,r=0]={<<<>>>\x00\x00\x00\x00\x00\x00\x00\x00\x00...\x00\x00\x00\x00\x00\x00\x00}
02:33:24.379 [qtp1221981006-52] DEBUG org.eclipse.jetty.io.ssl.SslConnection - fill NEED_TASK
02:33:24.436 [qtp1221981006-52] DEBUG org.eclipse.jetty.io.ssl.SslConnection - fill NEED_WRAP
02:33:24.436 [qtp1221981006-52] DEBUG org.eclipse.jetty.io.ssl.SslConnection - >flush SslConnection@113ac481::SocketChannelEndPoint@2df60c40{l=/127.0.0.1:39679,r=/127.0.0.1:50208,OPEN,fill=-,flush=-,to=58/30000}{io=0/0,kio=0,kro=1}->SslConnection@113ac481{NEED_WRAP,eio=0/-1,di=-1,fill=IDLE,flush=IDLE}~>DecryptedEndPoint@1e824c5d{l=/127.0.0.1:39679,r=/127.0.0.1:50208,OPEN,fill=-,flush=-,to=84/30000}=>HttpConnection@73b23093[p=HttpParser{s=START,0 of -1},g=HttpGenerator@3836ad5b{s=START}]=>HttpChannelOverHttp@396c32d4{s=HttpChannelState@45523295{s=IDLE rs=BLOCKING os=OPEN is=IDLE awp=false se=false i=true al=0},r=0,c=false/false,a=IDLE,uri=null,age=0}
02:33:24.436 [qtp1221981006-52] DEBUG org.eclipse.jetty.io.ssl.SslConnection - flush b[0]=HeapByteBuffer@98da274[p=0,l=0,c=0,r=0]={<<<>>>}
02:33:24.436 [qtp1221981006-52] DEBUG org.eclipse.jetty.io.ssl.SslConnection - flush NEED_WRAP
02:33:24.436 [qtp1221981006-52] DEBUG org.eclipse.jetty.io.ssl.SslConnection - wrap Status = OK HandshakeStatus = NEED_WRAP bytesConsumed = 0 bytesProduced = 160 [p=0,l=160,c=17408,r=160] ioDone=false/false
02:33:24.436 [qtp1221981006-52] DEBUG org.eclipse.jetty.io.ChannelEndPoint - flushed 160 SocketChannelEndPoint@2df60c40{l=/127.0.0.1:39679,r=/127.0.0.1:50208,OPEN,fill=-,flush=-,to=58/30000}{io=0/0,kio=0,kro=1}->SslConnection@113ac481{NEED_WRAP,eio=0/0,di=-1,fill=IDLE,flush=IDLE}~>DecryptedEndPoint@1e824c5d{l=/127.0.0.1:39679,r=/127.0.0.1:50208,OPEN,fill=-,flush=-,to=85/30000}=>HttpConnection@73b23093[p=HttpParser{s=START,0 of -1},g=HttpGenerator@3836ad5b{s=START}]=>HttpChannelOverHttp@396c32d4{s=HttpChannelState@45523295{s=IDLE rs=BLOCKING os=OPEN is=IDLE awp=false se=false i=true al=0},r=0,c=false/false,a=IDLE,uri=null,age=0}
02:33:24.436 [qtp1221981006-52] DEBUG org.eclipse.jetty.io.ssl.SslConnection - net flushed=true, ac=true
02:33:24.436 [qtp1221981006-52] DEBUG org.eclipse.jetty.io.ssl.SslConnection - flush NEED_WRAP
02:33:24.436 [qtp1221981006-52] DEBUG org.eclipse.jetty.io.ssl.SslConnection - wrap Status = OK HandshakeStatus = NEED_WRAP bytesConsumed = 0 bytesProduced = 6 [p=0,l=6,c=17408,r=6] ioDone=false/false
02:33:24.437 [qtp1221981006-52] DEBUG org.eclipse.jetty.io.ChannelEndPoint - flushed 6 SocketChannelEndPoint@2df60c40{l=/127.0.0.1:39679,r=/127.0.0.1:50208,OPEN,fill=-,flush=-,to=0/30000}{io=0/0,kio=0,kro=1}->SslConnection@113ac481{NEED_WRAP,eio=0/0,di=-1,fill=IDLE,flush=IDLE}~>DecryptedEndPoint@1e824c5d{l=/127.0.0.1:39679,r=/127.0.0.1:50208,OPEN,fill=-,flush=-,to=85/30000}=>HttpConnection@73b23093[p=HttpParser{s=START,0 of -1},g=HttpGenerator@3836ad5b{s=START}]=>HttpChannelOverHttp@396c32d4{s=HttpChannelState@45523295{s=IDLE rs=BLOCKING os=OPEN is=IDLE awp=false se=false i=true al=0},r=0,c=false/false,a=IDLE,uri=null,age=0}
02:33:24.437 [qtp1221981006-52] DEBUG org.eclipse.jetty.io.ssl.SslConnection - net flushed=true, ac=true
02:33:24.437 [qtp1221981006-52] DEBUG org.eclipse.jetty.io.ssl.SslConnection - flush NEED_WRAP
02:33:24.453 [qtp1221981006-52] DEBUG org.eclipse.jetty.io.ssl.SslConnection - wrap Status = OK HandshakeStatus = NEED_UNWRAP bytesConsumed = 0 bytesProduced = 1290 [p=0,l=1290,c=17408,r=1290] ioDone=false/false
02:33:24.454 [qtp1221981006-52] DEBUG org.eclipse.jetty.io.ChannelEndPoint - flushed 1290 SocketChannelEndPoint@2df60c40{l=/127.0.0.1:39679,r=/127.0.0.1:50208,OPEN,fill=-,flush=-,to=16/30000}{io=0/0,kio=0,kro=1}->SslConnection@113ac481{NEED_UNWRAP,eio=0/0,di=-1,fill=IDLE,flush=IDLE}~>DecryptedEndPoint@1e824c5d{l=/127.0.0.1:39679,r=/127.0.0.1:50208,OPEN,fill=-,flush=-,to=102/30000}=>HttpConnection@73b23093[p=HttpParser{s=START,0 of -1},g=HttpGenerator@3836ad5b{s=START}]=>HttpChannelOverHttp@396c32d4{s=HttpChannelState@45523295{s=IDLE rs=BLOCKING os=OPEN is=IDLE awp=false se=false i=true al=0},r=0,c=false/false,a=IDLE,uri=null,age=0}
02:33:24.454 [qtp1221981006-52] DEBUG org.eclipse.jetty.io.ssl.SslConnection - net flushed=true, ac=true
02:33:24.454 [qtp1221981006-52] DEBUG org.eclipse.jetty.io.ssl.SslConnection - <flush true SslConnection@113ac481::SocketChannelEndPoint@2df60c40{l=/127.0.0.1:39679,r=/127.0.0.1:50208,OPEN,fill=-,flush=-,to=0/30000}{io=0/0,kio=0,kro=1}->SslConnection@113ac481{NEED_UNWRAP,eio=0/-1,di=-1,fill=IDLE,flush=IDLE}~>DecryptedEndPoint@1e824c5d{l=/127.0.0.1:39679,r=/127.0.0.1:50208,OPEN,fill=-,flush=-,to=102/30000}=>HttpConnection@73b23093[p=HttpParser{s=START,0 of -1},g=HttpGenerator@3836ad5b{s=START}]=>HttpChannelOverHttp@396c32d4{s=HttpChannelState@45523295{s=IDLE rs=BLOCKING os=OPEN is=IDLE awp=false se=false i=true al=0},r=0,c=false/false,a=IDLE,uri=null,age=0}
02:33:24.454 [qtp1221981006-52] DEBUG org.eclipse.jetty.io.ssl.SslConnection - fill NEED_UNWRAP
02:33:24.454 [qtp1221981006-52] DEBUG org.eclipse.jetty.io.ChannelEndPoint - filled 6 HeapByteBuffer@5a364fd5[p=0,l=6,c=17408,r=6]={<<<\x14\x03\x03\x00\x01\x01>>>\x00\x01J\x03\x03\x80\x04\xA3\xB0...\x00\x00\x00\x00\x00\x00\x00}
02:33:24.454 [qtp1221981006-52] DEBUG org.eclipse.jetty.io.ssl.SslConnection - net filled=6
02:33:24.454 [qtp1221981006-52] DEBUG org.eclipse.jetty.io.ssl.SslConnection - unwrap net_filled=6 Status = OK HandshakeStatus = NEED_UNWRAP bytesConsumed = 6 bytesProduced = 0 encryptedBuffer=[p=6,l=6,c=17408,r=0] unwrapBuffer=HeapByteBuffer@5e09d04b[p=0,l=0,c=17408,r=0]={<<<>>>\x00\x00\x00\x00\x00\x00\x00\x00\x00...\x00\x00\x00\x00\x00\x00\x00} appBuffer=HeapByteBuffer@5e09d04b[p=0,l=0,c=17408,r=0]={<<<>>>\x00\x00\x00\x00\x00\x00\x00\x00\x00...\x00\x00\x00\x00\x00\x00\x00}
02:33:24.454 [qtp1221981006-52] DEBUG org.eclipse.jetty.io.ssl.SslConnection - fill NEED_UNWRAP
02:33:24.454 [qtp1221981006-52] DEBUG org.eclipse.jetty.io.ChannelEndPoint - filled 0 HeapByteBuffer@5a364fd5[p=0,l=0,c=17408,r=0]={<<<>>>\x14\x03\x03\x00\x01\x01\x00\x01J...\x00\x00\x00\x00\x00\x00\x00}
02:33:24.454 [qtp1221981006-52] DEBUG org.eclipse.jetty.io.ssl.SslConnection - net filled=0
02:33:24.454 [qtp1221981006-52] DEBUG org.eclipse.jetty.io.ssl.SslConnection - unwrap net_filled=0 Status = BUFFER_UNDERFLOW HandshakeStatus = NEED_UNWRAP bytesConsumed = 0 bytesProduced = 0 encryptedBuffer=[p=0,l=0,c=17408,r=0] unwrapBuffer=HeapByteBuffer@5e09d04b[p=0,l=0,c=17408,r=0]={<<<>>>\x00\x00\x00\x00\x00\x00\x00\x00\x00...\x00\x00\x00\x00\x00\x00\x00} appBuffer=HeapByteBuffer@5e09d04b[p=0,l=0,c=17408,r=0]={<<<>>>\x00\x00\x00\x00\x00\x00\x00\x00\x00...\x00\x00\x00\x00\x00\x00\x00}
02:33:24.454 [qtp1221981006-52] DEBUG org.eclipse.jetty.io.ssl.SslConnection - <fill f=0 uf=true SslConnection@113ac481::SocketChannelEndPoint@2df60c40{l=/127.0.0.1:39679,r=/127.0.0.1:50208,OPEN,fill=-,flush=-,to=0/30000}{io=0/0,kio=0,kro=1}->SslConnection@113ac481{NEED_UNWRAP,eio=-1/-1,di=-1,fill=IDLE,flush=IDLE}~>DecryptedEndPoint@1e824c5d{l=/127.0.0.1:39679,r=/127.0.0.1:50208,OPEN,fill=-,flush=-,to=103/30000}=>HttpConnection@73b23093[p=HttpParser{s=START,0 of -1},g=HttpGenerator@3836ad5b{s=START}]=>HttpChannelOverHttp@396c32d4{s=HttpChannelState@45523295{s=IDLE rs=BLOCKING os=OPEN is=IDLE awp=false se=false i=true al=0},r=0,c=false/false,a=IDLE,uri=null,age=0}
02:33:24.455 [qtp1221981006-52] DEBUG org.eclipse.jetty.io.ssl.SslConnection - >fill SslConnection@113ac481::SocketChannelEndPoint@2df60c40{l=/127.0.0.1:39679,r=/127.0.0.1:50208,OPEN,fill=-,flush=-,to=0/30000}{io=0/0,kio=0,kro=1}->SslConnection@113ac481{NEED_UNWRAP,eio=-1/-1,di=-1,fill=IDLE,flush=IDLE}~>DecryptedEndPoint@1e824c5d{l=/127.0.0.1:39679,r=/127.0.0.1:50208,OPEN,fill=-,flush=-,to=103/30000}=>HttpConnection@73b23093[p=HttpParser{s=START,0 of -1},g=HttpGenerator@3836ad5b{s=START}]=>HttpChannelOverHttp@396c32d4{s=HttpChannelState@45523295{s=IDLE rs=BLOCKING os=OPEN is=IDLE awp=false se=false i=true al=0},r=0,c=false/false,a=IDLE,uri=null,age=0}
02:33:24.455 [qtp1221981006-52] DEBUG org.eclipse.jetty.io.ssl.SslConnection - fill NEED_UNWRAP
02:33:24.455 [qtp1221981006-52] DEBUG org.eclipse.jetty.io.ChannelEndPoint - filled 0 HeapByteBuffer@5275a4a0[p=0,l=0,c=17408,r=0]={<<<>>>\x17\x03\x03\x05\x05\xBfw\x96\xEd...\x00\x00\x00\x00\x00\x00\x00}
02:33:24.455 [qtp1221981006-52] DEBUG org.eclipse.jetty.io.ssl.SslConnection - net filled=0
02:33:24.455 [qtp1221981006-52] DEBUG org.eclipse.jetty.io.ssl.SslConnection - unwrap net_filled=0 Status = BUFFER_UNDERFLOW HandshakeStatus = NEED_UNWRAP bytesConsumed = 0 bytesProduced = 0 encryptedBuffer=[p=0,l=0,c=17408,r=0] unwrapBuffer=HeapByteBuffer@5e09d04b[p=0,l=0,c=17408,r=0]={<<<>>>\x00\x00\x00\x00\x00\x00\x00\x00\x00...\x00\x00\x00\x00\x00\x00\x00} appBuffer=HeapByteBuffer@5e09d04b[p=0,l=0,c=17408,r=0]={<<<>>>\x00\x00\x00\x00\x00\x00\x00\x00\x00...\x00\x00\x00\x00\x00\x00\x00}
02:33:24.455 [qtp1221981006-52] DEBUG org.eclipse.jetty.io.ssl.SslConnection - <fill f=0 uf=true SslConnection@113ac481::SocketChannelEndPoint@2df60c40{l=/127.0.0.1:39679,r=/127.0.0.1:50208,OPEN,fill=-,flush=-,to=0/30000}{io=0/0,kio=0,kro=1}->SslConnection@113ac481{NEED_UNWRAP,eio=-1/-1,di=-1,fill=IDLE,flush=IDLE}~>DecryptedEndPoint@1e824c5d{l=/127.0.0.1:39679,r=/127.0.0.1:50208,OPEN,fill=-,flush=-,to=103/30000}=>HttpConnection@73b23093[p=HttpParser{s=START,0 of -1},g=HttpGenerator@3836ad5b{s=START}]=>HttpChannelOverHttp@396c32d4{s=HttpChannelState@45523295{s=IDLE rs=BLOCKING os=OPEN is=IDLE awp=false se=false i=true al=0},r=0,c=false/false,a=IDLE,uri=null,age=0}
02:33:24.455 [qtp1221981006-52] DEBUG org.eclipse.jetty.server.HttpConnection - HttpConnection@73b23093::DecryptedEndPoint@1e824c5d{l=/127.0.0.1:39679,r=/127.0.0.1:50208,OPEN,fill=-,flush=-,to=103/30000} filled 0 HeapByteBuffer@5e09d04b[p=0,l=0,c=17408,r=0]={<<<>>>\x00\x00\x00\x00\x00\x00\x00\x00\x00...\x00\x00\x00\x00\x00\x00\x00}
02:33:24.455 [qtp1221981006-52] DEBUG org.eclipse.jetty.server.HttpConnection - HttpConnection@73b23093::DecryptedEndPoint@1e824c5d{l=/127.0.0.1:39679,r=/127.0.0.1:50208,OPEN,fill=-,flush=-,to=103/30000} parse HeapByteBuffer@5e09d04b[p=0,l=0,c=17408,r=0]={<<<>>>\x00\x00\x00\x00\x00\x00\x00\x00\x00...\x00\x00\x00\x00\x00\x00\x00} {}
02:33:24.455 [qtp1221981006-52] DEBUG org.eclipse.jetty.http.HttpParser - parseNext s=START HeapByteBuffer@5e09d04b[p=0,l=0,c=17408,r=0]={<<<>>>\x00\x00\x00\x00\x00\x00\x00\x00\x00...\x00\x00\x00\x00\x00\x00\x00}
02:33:24.455 [qtp1221981006-52] DEBUG org.eclipse.jetty.server.HttpConnection - HttpConnection@73b23093::DecryptedEndPoint@1e824c5d{l=/127.0.0.1:39679,r=/127.0.0.1:50208,OPEN,fill=-,flush=-,to=103/30000} parsed false HttpParser{s=START,0 of -1}
02:33:24.455 [qtp1221981006-52] DEBUG org.eclipse.jetty.server.HttpConnection - releaseRequestBuffer HttpConnection@73b23093::DecryptedEndPoint@1e824c5d{l=/127.0.0.1:39679,r=/127.0.0.1:50208,OPEN,fill=-,flush=-,to=103/30000}
02:33:24.455 [qtp1221981006-52] DEBUG org.eclipse.jetty.io.AbstractConnection - fillInterested HttpConnection@73b23093::DecryptedEndPoint@1e824c5d{l=/127.0.0.1:39679,r=/127.0.0.1:50208,OPEN,fill=-,flush=-,to=103/30000}
02:33:24.455 [qtp1221981006-52] DEBUG org.eclipse.jetty.io.FillInterest - interested FillInterest@5725b9ec{AC.ReadCB@73b23093{HttpConnection@73b23093::DecryptedEndPoint@1e824c5d{l=/127.0.0.1:39679,r=/127.0.0.1:50208,OPEN,fill=FI,flush=-,to=0/30000}}}
02:33:24.455 [qtp1221981006-52] DEBUG org.eclipse.jetty.io.ssl.SslConnection - >needFillInterest s=IDLE/IDLE uf=true ei=null di=null SslConnection@113ac481::SocketChannelEndPoint@2df60c40{l=/127.0.0.1:39679,r=/127.0.0.1:50208,OPEN,fill=-,flush=-,to=1/30000}{io=0/0,kio=0,kro=1}->SslConnection@113ac481{NEED_UNWRAP,eio=-1/-1,di=-1,fill=IDLE,flush=IDLE}~>DecryptedEndPoint@1e824c5d{l=/127.0.0.1:39679,r=/127.0.0.1:50208,OPEN,fill=FI,flush=-,to=0/30000}=>HttpConnection@73b23093[p=HttpParser{s=START,0 of -1},g=HttpGenerator@3836ad5b{s=START}]=>HttpChannelOverHttp@396c32d4{s=HttpChannelState@45523295{s=IDLE rs=BLOCKING os=OPEN is=IDLE awp=false se=false i=true al=0},r=0,c=false/false,a=IDLE,uri=null,age=0}
02:33:24.455 [qtp1221981006-52] DEBUG org.eclipse.jetty.io.ssl.SslConnection - <needFillInterest s=IDLE/INTERESTED f=false i=true w=null
02:33:24.455 [qtp1221981006-52] DEBUG org.eclipse.jetty.io.ssl.SslConnection - ensureFillInterested SslConnection@113ac481::SocketChannelEndPoint@2df60c40{l=/127.0.0.1:39679,r=/127.0.0.1:50208,OPEN,fill=-,flush=-,to=1/30000}{io=0/0,kio=0,kro=1}->SslConnection@113ac481{NEED_UNWRAP,eio=-1/-1,di=-1,fill=INTERESTED,flush=IDLE}~>DecryptedEndPoint@1e824c5d{l=/127.0.0.1:39679,r=/127.0.0.1:50208,OPEN,fill=FI,flush=-,to=0/30000}=>HttpConnection@73b23093[p=HttpParser{s=START,0 of -1},g=HttpGenerator@3836ad5b{s=START}]=>HttpChannelOverHttp@396c32d4{s=HttpChannelState@45523295{s=IDLE rs=BLOCKING os=OPEN is=IDLE awp=false se=false i=true al=0},r=0,c=false/false,a=IDLE,uri=null,age=0}
02:33:24.455 [qtp1221981006-52] DEBUG org.eclipse.jetty.io.FillInterest - interested FillInterest@1ce4e4ab{SSLC.NBReadCB@113ac481{SslConnection@113ac481::SocketChannelEndPoint@2df60c40{l=/127.0.0.1:39679,r=/127.0.0.1:50208,OPEN,fill=FI,flush=-,to=0/30000}{io=0/0,kio=0,kro=1}->SslConnection@113ac481{NEED_UNWRAP,eio=-1/-1,di=-1,fill=INTERESTED,flush=IDLE}~>DecryptedEndPoint@1e824c5d{l=/127.0.0.1:39679,r=/127.0.0.1:50208,OPEN,fill=FI,flush=-,to=0/30000}=>HttpConnection@73b23093[p=HttpParser{s=START,0 of -1},g=HttpGenerator@3836ad5b{s=START}]=>HttpChannelOverHttp@396c32d4{s=HttpChannelState@45523295{s=IDLE rs=BLOCKING os=OPEN is=IDLE awp=false se=false i=true al=0},r=0,c=false/false,a=IDLE,uri=null,age=0}}}
02:33:24.455 [qtp1221981006-52] DEBUG org.eclipse.jetty.io.ChannelEndPoint - changeInterests p=false 0->1 for SocketChannelEndPoint@2df60c40{l=/127.0.0.1:39679,r=/127.0.0.1:50208,OPEN,fill=FI,flush=-,to=0/30000}{io=0/1,kio=0,kro=1}->SslConnection@113ac481{NEED_UNWRAP,eio=-1/-1,di=-1,fill=INTERESTED,flush=IDLE}~>DecryptedEndPoint@1e824c5d{l=/127.0.0.1:39679,r=/127.0.0.1:50208,OPEN,fill=FI,flush=-,to=0/30000}=>HttpConnection@73b23093[p=HttpParser{s=START,0 of -1},g=HttpGenerator@3836ad5b{s=START}]=>HttpChannelOverHttp@396c32d4{s=HttpChannelState@45523295{s=IDLE rs=BLOCKING os=OPEN is=IDLE awp=false se=false i=true al=0},r=0,c=false/false,a=IDLE,uri=null,age=0}
02:33:24.456 [qtp1221981006-52] DEBUG org.eclipse.jetty.io.ManagedSelector - Queued change lazy=false org.eclipse.jetty.io.ChannelEndPoint$$Lambda$255/1238156519@66f4d402 on ManagedSelector@77a7cf58{STARTED} id=1 keys=1 selected=0 updates=0
02:33:24.456 [qtp1221981006-52] DEBUG org.eclipse.jetty.io.ManagedSelector - Wakeup on submit ManagedSelector@77a7cf58{STARTED} id=1 keys=1 selected=0 updates=1
02:33:24.456 [qtp1221981006-46] DEBUG org.eclipse.jetty.io.ManagedSelector - Selector sun.nio.ch.EPollSelectorImpl@55c2a0a3 woken with none selected
02:33:24.456 [qtp1221981006-52] DEBUG org.eclipse.jetty.server.HttpConnection - HttpConnection@73b23093::DecryptedEndPoint@1e824c5d{l=/127.0.0.1:39679,r=/127.0.0.1:50208,OPEN,fill=FI,flush=-,to=0/30000} onFillable exit HttpChannelState@45523295{s=IDLE rs=BLOCKING os=OPEN is=IDLE awp=false se=false i=true al=0} null
02:33:24.456 [qtp1221981006-46] DEBUG org.eclipse.jetty.io.ManagedSelector - Selector sun.nio.ch.EPollSelectorImpl@55c2a0a3 woken up from select, 0/0/1 selected
02:33:24.456 [qtp1221981006-46] DEBUG org.eclipse.jetty.io.ManagedSelector - Selector sun.nio.ch.EPollSelectorImpl@55c2a0a3 processing 0 keys, 1 updates
02:33:24.456 [qtp1221981006-46] DEBUG org.eclipse.jetty.io.ManagedSelector - updateable 1
02:33:24.456 [qtp1221981006-46] DEBUG org.eclipse.jetty.io.ManagedSelector - update org.eclipse.jetty.io.ChannelEndPoint$$Lambda$255/1238156519@66f4d402
02:33:24.456 [qtp1221981006-52] DEBUG org.eclipse.jetty.io.ssl.SslConnection - <c.onFillable SslConnection@113ac481::SocketChannelEndPoint@2df60c40{l=/127.0.0.1:39679,r=/127.0.0.1:50208,OPEN,fill=FI,flush=-,to=0/30000}{io=0/1,kio=0,kro=1}->SslConnection@113ac481{NEED_UNWRAP,eio=-1/-1,di=-1,fill=INTERESTED,flush=IDLE}~>DecryptedEndPoint@1e824c5d{l=/127.0.0.1:39679,r=/127.0.0.1:50208,OPEN,fill=FI,flush=-,to=0/30000}=>HttpConnection@73b23093[p=HttpParser{s=START,0 of -1},g=HttpGenerator@3836ad5b{s=START}]=>HttpChannelOverHttp@396c32d4{s=HttpChannelState@45523295{s=IDLE rs=BLOCKING os=OPEN is=IDLE awp=false se=false i=true al=0},r=0,c=false/false,a=IDLE,uri=null,age=0}
02:33:24.456 [qtp1221981006-46] DEBUG org.eclipse.jetty.io.ChannelEndPoint - Key interests updated 0 -> 1 on SocketChannelEndPoint@2df60c40{l=/127.0.0.1:39679,r=/127.0.0.1:50208,OPEN,fill=FI,flush=-,to=0/30000}{io=1/1,kio=1,kro=1}->SslConnection@113ac481{NEED_UNWRAP,eio=-1/-1,di=-1,fill=INTERESTED,flush=IDLE}~>DecryptedEndPoint@1e824c5d{l=/127.0.0.1:39679,r=/127.0.0.1:50208,OPEN,fill=FI,flush=-,to=0/30000}=>HttpConnection@73b23093[p=HttpParser{s=START,0 of -1},g=HttpGenerator@3836ad5b{s=START}]=>HttpChannelOverHttp@396c32d4{s=HttpChannelState@45523295{s=IDLE rs=BLOCKING os=OPEN is=IDLE awp=false se=false i=true al=0},r=0,c=false/false,a=IDLE,uri=null,age=0}
02:33:24.457 [qtp1221981006-46] DEBUG org.eclipse.jetty.io.ManagedSelector - updates 0
02:33:24.457 [qtp1221981006-46] DEBUG org.eclipse.jetty.io.ManagedSelector - Selector sun.nio.ch.EPollSelectorImpl@55c2a0a3 waiting with 1 keys
02:33:24.457 [qtp1221981006-52] DEBUG org.eclipse.jetty.util.thread.QueuedThreadPool - ran CEP:SocketChannelEndPoint@2df60c40{l=/127.0.0.1:39679,r=/127.0.0.1:50208,OPEN,fill=FI,flush=-,to=1/30000}{io=1/1,kio=1,kro=1}->SslConnection@113ac481{NEED_UNWRAP,eio=-1/-1,di=-1,fill=INTERESTED,flush=IDLE}~>DecryptedEndPoint@1e824c5d{l=/127.0.0.1:39679,r=/127.0.0.1:50208,OPEN,fill=FI,flush=-,to=1/30000}=>HttpConnection@73b23093[p=HttpParser{s=START,0 of -1},g=HttpGenerator@3836ad5b{s=START}]=>HttpChannelOverHttp@396c32d4{s=HttpChannelState@45523295{s=IDLE rs=BLOCKING os=OPEN is=IDLE awp=false se=false i=true al=0},r=0,c=false/false,a=IDLE,uri=null,age=0}:runFillable:BLOCKING in QueuedThreadPool[qtp1221981006]@48d5f34e{STARTED,8<=8<=200,i=1,r=-1,q=0}[ReservedThreadExecutor@6f152006{reserved=1/8,pending=0}]
02:33:24.462 [qtp1221981006-46] DEBUG org.eclipse.jetty.io.ManagedSelector - Selector sun.nio.ch.EPollSelectorImpl@55c2a0a3 woken up from select, 1/1/1 selected
02:33:24.462 [qtp1221981006-46] DEBUG org.eclipse.jetty.io.ManagedSelector - Selector sun.nio.ch.EPollSelectorImpl@55c2a0a3 processing 1 keys, 0 updates
02:33:24.462 [qtp1221981006-46] DEBUG org.eclipse.jetty.io.ManagedSelector - selected 1 sun.nio.ch.SelectionKeyImpl@5b05446b SocketChannelEndPoint@2df60c40{l=/127.0.0.1:39679,r=/127.0.0.1:50208,OPEN,fill=FI,flush=-,to=6/30000}{io=1/1,kio=1,kro=1}->SslConnection@113ac481{NEED_UNWRAP,eio=-1/-1,di=-1,fill=INTERESTED,flush=IDLE}~>DecryptedEndPoint@1e824c5d{l=/127.0.0.1:39679,r=/127.0.0.1:50208,OPEN,fill=FI,flush=-,to=7/30000}=>HttpConnection@73b23093[p=HttpParser{s=START,0 of -1},g=HttpGenerator@3836ad5b{s=START}]=>HttpChannelOverHttp@396c32d4{s=HttpChannelState@45523295{s=IDLE rs=BLOCKING os=OPEN is=IDLE awp=false se=false i=true al=0},r=0,c=false/false,a=IDLE,uri=null,age=0} 
02:33:24.462 [qtp1221981006-46] DEBUG org.eclipse.jetty.io.ChannelEndPoint - onSelected 1->0 r=true w=false for SocketChannelEndPoint@2df60c40{l=/127.0.0.1:39679,r=/127.0.0.1:50208,OPEN,fill=FI,flush=-,to=6/30000}{io=1/0,kio=1,kro=1}->SslConnection@113ac481{NEED_UNWRAP,eio=-1/-1,di=-1,fill=INTERESTED,flush=IDLE}~>DecryptedEndPoint@1e824c5d{l=/127.0.0.1:39679,r=/127.0.0.1:50208,OPEN,fill=FI,flush=-,to=7/30000}=>HttpConnection@73b23093[p=HttpParser{s=START,0 of -1},g=HttpGenerator@3836ad5b{s=START}]=>HttpChannelOverHttp@396c32d4{s=HttpChannelState@45523295{s=IDLE rs=BLOCKING os=OPEN is=IDLE awp=false se=false i=true al=0},r=0,c=false/false,a=IDLE,uri=null,age=0}
02:33:24.462 [qtp1221981006-46] DEBUG org.eclipse.jetty.io.ChannelEndPoint - task CEP:SocketChannelEndPoint@2df60c40{l=/127.0.0.1:39679,r=/127.0.0.1:50208,OPEN,fill=FI,flush=-,to=6/30000}{io=1/0,kio=1,kro=1}->SslConnection@113ac481{NEED_UNWRAP,eio=-1/-1,di=-1,fill=INTERESTED,flush=IDLE}~>DecryptedEndPoint@1e824c5d{l=/127.0.0.1:39679,r=/127.0.0.1:50208,OPEN,fill=FI,flush=-,to=7/30000}=>HttpConnection@73b23093[p=HttpParser{s=START,0 of -1},g=HttpGenerator@3836ad5b{s=START}]=>HttpChannelOverHttp@396c32d4{s=HttpChannelState@45523295{s=IDLE rs=BLOCKING os=OPEN is=IDLE awp=false se=false i=true al=0},r=0,c=false/false,a=IDLE,uri=null,age=0}:runFillable:BLOCKING
02:33:24.463 [qtp1221981006-46] DEBUG org.eclipse.jetty.util.thread.ReservedThreadExecutor - ReservedThreadExecutor@6f152006{reserved=1/8,pending=0} tryExecute EatWhatYouKill@4d722ac9/SelectorProducer@53f0a4cb/PRODUCING/p=false/QueuedThreadPool[qtp1221981006]@48d5f34e{STARTED,8<=8<=200,i=2,r=-1,q=0}[ReservedThreadExecutor@6f152006{reserved=1/8,pending=0}][pc=0,pic=0,pec=1,epc=0]@2024-05-02T02:33:24.463+01:00
02:33:24.463 [qtp1221981006-46] DEBUG org.eclipse.jetty.util.thread.ReservedThreadExecutor - ReservedThreadExecutor@6f152006{reserved=0/8,pending=1} startReservedThread p=1
02:33:24.463 [qtp1221981006-46] DEBUG org.eclipse.jetty.util.thread.QueuedThreadPool - queue ReservedThread@1a384e50{PENDING,thread=null} startThread=0
02:33:24.463 [qtp1221981006-50] DEBUG org.eclipse.jetty.util.thread.QueuedThreadPool - run ReservedThread@1a384e50{PENDING,thread=null} in QueuedThreadPool[qtp1221981006]@48d5f34e{STARTED,8<=8<=200,i=1,r=-1,q=0}[ReservedThreadExecutor@6f152006{reserved=0/8,pending=1}]
02:33:24.463 [qtp1221981006-50] DEBUG org.eclipse.jetty.util.thread.ReservedThreadExecutor - ReservedThread@1a384e50{PENDING,thread=Thread[qtp1221981006-50,5,main]} was=PENDING next=RESERVED size=0+1 capacity=8
02:33:24.463 [qtp1221981006-50] DEBUG org.eclipse.jetty.util.thread.ReservedThreadExecutor - ReservedThread@1a384e50{RESERVED,thread=Thread[qtp1221981006-50,5,main]} waiting ReservedThreadExecutor@6f152006{reserved=1/8,pending=0}
02:33:24.463 [qtp1221981006-51] DEBUG org.eclipse.jetty.util.thread.ReservedThreadExecutor - ReservedThread@5f3acbd3{RESERVED,thread=Thread[qtp1221981006-51,5,main]} task=EatWhatYouKill@4d722ac9/SelectorProducer@53f0a4cb/IDLE/p=true/QueuedThreadPool[qtp1221981006]@48d5f34e{STARTED,8<=8<=200,i=1,r=-1,q=0}[ReservedThreadExecutor@6f152006{reserved=0/8,pending=1}][pc=0,pic=0,pec=1,epc=0]@2024-05-02T02:33:24.463+01:00 ReservedThreadExecutor@6f152006{reserved=1/8,pending=0}
02:33:24.463 [qtp1221981006-51] DEBUG org.eclipse.jetty.util.thread.strategy.EatWhatYouKill - EatWhatYouKill@4d722ac9/SelectorProducer@53f0a4cb/IDLE/p=true/QueuedThreadPool[qtp1221981006]@48d5f34e{STARTED,8<=8<=200,i=1,r=-1,q=0}[ReservedThreadExecutor@6f152006{reserved=1/8,pending=0}][pc=0,pic=0,pec=1,epc=0]@2024-05-02T02:33:24.463+01:00 tryProduce true
02:33:24.463 [qtp1221981006-51] DEBUG org.eclipse.jetty.io.ManagedSelector - updateable 0
02:33:24.463 [qtp1221981006-51] DEBUG org.eclipse.jetty.io.ManagedSelector - updates 0
02:33:24.463 [qtp1221981006-51] DEBUG org.eclipse.jetty.io.ChannelEndPoint - Key interests updated 1 -> 0 on SocketChannelEndPoint@2df60c40{l=/127.0.0.1:39679,r=/127.0.0.1:50208,OPEN,fill=FI,flush=-,to=7/30000}{io=0/0,kio=0,kro=1}->SslConnection@113ac481{NEED_UNWRAP,eio=-1/-1,di=-1,fill=INTERESTED,flush=IDLE}~>DecryptedEndPoint@1e824c5d{l=/127.0.0.1:39679,r=/127.0.0.1:50208,OPEN,fill=FI,flush=-,to=8/30000}=>HttpConnection@73b23093[p=HttpParser{s=START,0 of -1},g=HttpGenerator@3836ad5b{s=START}]=>HttpChannelOverHttp@396c32d4{s=HttpChannelState@45523295{s=IDLE rs=BLOCKING os=OPEN is=IDLE awp=false se=false i=true al=0},r=0,c=false/false,a=IDLE,uri=null,age=0}
02:33:24.463 [qtp1221981006-51] DEBUG org.eclipse.jetty.io.ManagedSelector - Selector sun.nio.ch.EPollSelectorImpl@55c2a0a3 waiting with 1 keys
02:33:24.464 [qtp1221981006-46] DEBUG org.eclipse.jetty.util.thread.strategy.EatWhatYouKill - EatWhatYouKill@4d722ac9/SelectorProducer@53f0a4cb/PRODUCING/p=false/QueuedThreadPool[qtp1221981006]@48d5f34e{STARTED,8<=8<=200,i=1,r=-1,q=0}[ReservedThreadExecutor@6f152006{reserved=1/8,pending=0}][pc=0,pic=0,pec=1,epc=0]@2024-05-02T02:33:24.463+01:00 m=EXECUTE_PRODUCE_CONSUME t=CEP:SocketChannelEndPoint@2df60c40{l=/127.0.0.1:39679,r=/127.0.0.1:50208,OPEN,fill=FI,flush=-,to=8/30000}{io=0/0,kio=0,kro=1}->SslConnection@113ac481{NEED_UNWRAP,eio=-1/-1,di=-1,fill=INTERESTED,flush=IDLE}~>DecryptedEndPoint@1e824c5d{l=/127.0.0.1:39679,r=/127.0.0.1:50208,OPEN,fill=FI,flush=-,to=8/30000}=>HttpConnection@73b23093[p=HttpParser{s=START,0 of -1},g=HttpGenerator@3836ad5b{s=START}]=>HttpChannelOverHttp@396c32d4{s=HttpChannelState@45523295{s=IDLE rs=BLOCKING os=OPEN is=IDLE awp=false se=false i=true al=0},r=0,c=false/false,a=IDLE,uri=null,age=0}:runFillable:BLOCKING/BLOCKING
02:33:24.464 [qtp1221981006-46] DEBUG org.eclipse.jetty.io.FillInterest - fillable FillInterest@1ce4e4ab{SSLC.NBReadCB@113ac481{SslConnection@113ac481::SocketChannelEndPoint@2df60c40{l=/127.0.0.1:39679,r=/127.0.0.1:50208,OPEN,fill=FI,flush=-,to=8/30000}{io=0/0,kio=0,kro=1}->SslConnection@113ac481{NEED_UNWRAP,eio=-1/-1,di=-1,fill=INTERESTED,flush=IDLE}~>DecryptedEndPoint@1e824c5d{l=/127.0.0.1:39679,r=/127.0.0.1:50208,OPEN,fill=FI,flush=-,to=8/30000}=>HttpConnection@73b23093[p=HttpParser{s=START,0 of -1},g=HttpGenerator@3836ad5b{s=START}]=>HttpChannelOverHttp@396c32d4{s=HttpChannelState@45523295{s=IDLE rs=BLOCKING os=OPEN is=IDLE awp=false se=false i=true al=0},r=0,c=false/false,a=IDLE,uri=null,age=0}}}
02:33:24.464 [qtp1221981006-46] DEBUG org.eclipse.jetty.io.ssl.SslConnection - >c.onFillable SslConnection@113ac481::SocketChannelEndPoint@2df60c40{l=/127.0.0.1:39679,r=/127.0.0.1:50208,OPEN,fill=-,flush=-,to=8/30000}{io=0/0,kio=0,kro=1}->SslConnection@113ac481{NEED_UNWRAP,eio=-1/-1,di=-1,fill=INTERESTED,flush=IDLE}~>DecryptedEndPoint@1e824c5d{l=/127.0.0.1:39679,r=/127.0.0.1:50208,OPEN,fill=FI,flush=-,to=8/30000}=>HttpConnection@73b23093[p=HttpParser{s=START,0 of -1},g=HttpGenerator@3836ad5b{s=START}]=>HttpChannelOverHttp@396c32d4{s=HttpChannelState@45523295{s=IDLE rs=BLOCKING os=OPEN is=IDLE awp=false se=false i=true al=0},r=0,c=false/false,a=IDLE,uri=null,age=0}
02:33:24.464 [qtp1221981006-46] DEBUG org.eclipse.jetty.io.ssl.SslConnection - onFillable SslConnection@113ac481::SocketChannelEndPoint@2df60c40{l=/127.0.0.1:39679,r=/127.0.0.1:50208,OPEN,fill=-,flush=-,to=8/30000}{io=0/0,kio=0,kro=1}->SslConnection@113ac481{NEED_UNWRAP,eio=-1/-1,di=-1,fill=INTERESTED,flush=IDLE}~>DecryptedEndPoint@1e824c5d{l=/127.0.0.1:39679,r=/127.0.0.1:50208,OPEN,fill=FI,flush=-,to=8/30000}=>HttpConnection@73b23093[p=HttpParser{s=START,0 of -1},g=HttpGenerator@3836ad5b{s=START}]=>HttpChannelOverHttp@396c32d4{s=HttpChannelState@45523295{s=IDLE rs=BLOCKING os=OPEN is=IDLE awp=false se=false i=true al=0},r=0,c=false/false,a=IDLE,uri=null,age=0}
02:33:24.464 [qtp1221981006-46] DEBUG org.eclipse.jetty.io.FillInterest - fillable FillInterest@5725b9ec{AC.ReadCB@73b23093{HttpConnection@73b23093::DecryptedEndPoint@1e824c5d{l=/127.0.0.1:39679,r=/127.0.0.1:50208,OPEN,fill=FI,flush=-,to=8/30000}}}
02:33:24.464 [qtp1221981006-46] DEBUG org.eclipse.jetty.server.HttpConnection - HttpConnection@73b23093::DecryptedEndPoint@1e824c5d{l=/127.0.0.1:39679,r=/127.0.0.1:50208,OPEN,fill=-,flush=-,to=8/30000} onFillable enter HttpChannelState@45523295{s=IDLE rs=BLOCKING os=OPEN is=IDLE awp=false se=false i=true al=0} null
02:33:24.464 [qtp1221981006-46] DEBUG org.eclipse.jetty.io.ssl.SslConnection - >fill SslConnection@113ac481::SocketChannelEndPoint@2df60c40{l=/127.0.0.1:39679,r=/127.0.0.1:50208,OPEN,fill=-,flush=-,to=8/30000}{io=0/0,kio=0,kro=1}->SslConnection@113ac481{NEED_UNWRAP,eio=-1/-1,di=-1,fill=IDLE,flush=IDLE}~>DecryptedEndPoint@1e824c5d{l=/127.0.0.1:39679,r=/127.0.0.1:50208,OPEN,fill=-,flush=-,to=9/30000}=>HttpConnection@73b23093[p=HttpParser{s=START,0 of -1},g=HttpGenerator@3836ad5b{s=START}]=>HttpChannelOverHttp@396c32d4{s=HttpChannelState@45523295{s=IDLE rs=BLOCKING os=OPEN is=IDLE awp=false se=false i=true al=0},r=0,c=false/false,a=IDLE,uri=null,age=0}
02:33:24.464 [qtp1221981006-46] DEBUG org.eclipse.jetty.io.ssl.SslConnection - fill NEED_UNWRAP
02:33:24.465 [qtp1221981006-46] DEBUG org.eclipse.jetty.io.ChannelEndPoint - filled 90 HeapByteBuffer@5275a4a0[p=0,l=90,c=17408,r=90]={<<<\x17\x03\x03\x00Uj\x02\x9e\x9bcP\x02\xAa\xD8\r\x1d\x012f\xC1\xE7I-\xCaC...\xA4\xD9\x04\xFa\xF6*lK\xB3\x04\x8d\xB8\xEd^\xB9\xBc;\x15o^\x81\xD3p>>>\x16\x84\x9e\xD1U\xF1\xC8_X...\x00\x00\x00\x00\x00\x00\x00}
02:33:24.465 [qtp1221981006-46] DEBUG org.eclipse.jetty.io.ssl.SslConnection - net filled=90
02:33:24.466 [qtp1221981006-46] DEBUG org.eclipse.jetty.io.ssl.SslConnection - unwrap net_filled=90 Status = OK HandshakeStatus = NEED_WRAP bytesConsumed = 90 bytesProduced = 0 encryptedBuffer=[p=90,l=90,c=17408,r=0] unwrapBuffer=HeapByteBuffer@5a364fd5[p=0,l=0,c=17408,r=0]={<<<>>>\x14\x03\x03\x00\x01\x01\x00\x01J...\x00\x00\x00\x00\x00\x00\x00} appBuffer=HeapByteBuffer@5a364fd5[p=0,l=0,c=17408,r=0]={<<<>>>\x14\x03\x03\x00\x01\x01\x00\x01J...\x00\x00\x00\x00\x00\x00\x00}
02:33:24.467 [qtp1221981006-46] DEBUG org.eclipse.jetty.io.ssl.SslConnection - fill NEED_WRAP
02:33:24.467 [qtp1221981006-46] DEBUG org.eclipse.jetty.io.ssl.SslConnection - >flush SslConnection@113ac481::SocketChannelEndPoint@2df60c40{l=/127.0.0.1:39679,r=/127.0.0.1:50208,OPEN,fill=-,flush=-,to=2/30000}{io=0/0,kio=0,kro=1}->SslConnection@113ac481{NEED_WRAP,eio=0/-1,di=-1,fill=IDLE,flush=IDLE}~>DecryptedEndPoint@1e824c5d{l=/127.0.0.1:39679,r=/127.0.0.1:50208,OPEN,fill=-,flush=-,to=11/30000}=>HttpConnection@73b23093[p=HttpParser{s=START,0 of -1},g=HttpGenerator@3836ad5b{s=START}]=>HttpChannelOverHttp@396c32d4{s=HttpChannelState@45523295{s=IDLE rs=BLOCKING os=OPEN is=IDLE awp=false se=false i=true al=0},r=0,c=false/false,a=IDLE,uri=null,age=0}
02:33:24.467 [qtp1221981006-46] DEBUG org.eclipse.jetty.io.ssl.SslConnection - flush b[0]=HeapByteBuffer@98da274[p=0,l=0,c=0,r=0]={<<<>>>}
02:33:24.467 [qtp1221981006-46] DEBUG org.eclipse.jetty.io.ssl.SslConnection - flush NEED_WRAP
02:33:24.467 [qtp1221981006-46] DEBUG org.eclipse.jetty.io.ssl.SslConnection - wrap Status = OK HandshakeStatus = FINISHED bytesConsumed = 0 bytesProduced = 88 [p=0,l=88,c=17408,r=88] ioDone=false/false
02:33:24.467 [qtp1221981006-46] DEBUG org.eclipse.jetty.io.ChannelEndPoint - flushed 88 SocketChannelEndPoint@2df60c40{l=/127.0.0.1:39679,r=/127.0.0.1:50208,OPEN,fill=-,flush=-,to=2/30000}{io=0/0,kio=0,kro=1}->SslConnection@113ac481{NOT_HANDSHAKING,eio=0/0,di=-1,fill=IDLE,flush=IDLE}~>DecryptedEndPoint@1e824c5d{l=/127.0.0.1:39679,r=/127.0.0.1:50208,OPEN,fill=-,flush=-,to=12/30000}=>HttpConnection@73b23093[p=HttpParser{s=START,0 of -1},g=HttpGenerator@3836ad5b{s=START}]=>HttpChannelOverHttp@396c32d4{s=HttpChannelState@45523295{s=IDLE rs=BLOCKING os=OPEN is=IDLE awp=false se=false i=true al=0},r=0,c=false/false,a=IDLE,uri=null,age=0}
02:33:24.467 [qtp1221981006-46] DEBUG org.eclipse.jetty.io.ssl.SslConnection - net flushed=true, ac=true
02:33:24.468 [qtp1221981006-46] DEBUG org.eclipse.jetty.io.ssl.SslConnection - handshake succeeded SslConnection@113ac481::SocketChannelEndPoint@2df60c40{l=/127.0.0.1:39679,r=/127.0.0.1:50208,OPEN,fill=-,flush=-,to=0/30000}{io=0/0,kio=0,kro=1}->SslConnection@113ac481{NOT_HANDSHAKING,eio=0/0,di=-1,fill=IDLE,flush=IDLE}~>DecryptedEndPoint@1e824c5d{l=/127.0.0.1:39679,r=/127.0.0.1:50208,OPEN,fill=-,flush=-,to=12/30000}=>HttpConnection@73b23093[p=HttpParser{s=START,0 of -1},g=HttpGenerator@3836ad5b{s=START}]=>HttpChannelOverHttp@396c32d4{s=HttpChannelState@45523295{s=IDLE rs=BLOCKING os=OPEN is=IDLE awp=false se=false i=true al=0},r=0,c=false/false,a=IDLE,uri=null,age=0} resumed server TLSv1.3/TLS_AES_256_GCM_SHA384
02:33:24.468 [qtp1221981006-46] DEBUG org.eclipse.jetty.io.ssl.SslConnection - <flush true SslConnection@113ac481::SocketChannelEndPoint@2df60c40{l=/127.0.0.1:39679,r=/127.0.0.1:50208,OPEN,fill=-,flush=-,to=0/30000}{io=0/0,kio=0,kro=1}->SslConnection@113ac481{NOT_HANDSHAKING,eio=0/-1,di=-1,fill=IDLE,flush=IDLE}~>DecryptedEndPoint@1e824c5d{l=/127.0.0.1:39679,r=/127.0.0.1:50208,OPEN,fill=-,flush=-,to=12/30000}=>HttpConnection@73b23093[p=HttpParser{s=START,0 of -1},g=HttpGenerator@3836ad5b{s=START}]=>HttpChannelOverHttp@396c32d4{s=HttpChannelState@45523295{s=IDLE rs=BLOCKING os=OPEN is=IDLE awp=false se=false i=true al=0},r=0,c=false/false,a=IDLE,uri=null,age=0}
02:33:24.468 [qtp1221981006-46] DEBUG org.eclipse.jetty.io.ssl.SslConnection - fill NOT_HANDSHAKING
02:33:24.468 [qtp1221981006-46] DEBUG org.eclipse.jetty.io.ChannelEndPoint - filled 153 HeapByteBuffer@5275a4a0[p=0,l=153,c=17408,r=153]={<<<\x17\x03\x03\x00\x94\xC7eh\xBf\xFc\xE7l\x00X\xB9\x12.\xE74\xCb\x16\xBcWye...,\x03[S\xC6\xAb\xAfS\xFe\x15\x82n\x9f\x99\x8a\xFe(*\x04\x19\x1b\xB9\x9a>>>\xEd\x03\x13\x8a\xB6~|C\xD3...\x00\x00\x00\x00\x00\x00\x00}
02:33:24.468 [qtp1221981006-46] DEBUG org.eclipse.jetty.io.ssl.SslConnection - net filled=153
02:33:24.468 [qtp1221981006-46] DEBUG org.eclipse.jetty.io.ssl.SslConnection - unwrap net_filled=153 Status = OK HandshakeStatus = NOT_HANDSHAKING bytesConsumed = 153 bytesProduced = 115 encryptedBuffer=[p=153,l=153,c=17408,r=0] unwrapBuffer=HeapByteBuffer@5a364fd5[p=0,l=115,c=17408,r=115]={<<<GET / HTTP/1.1\r\nHost: loc...gent: okhttp/3.12.3\r\n\r\n>>>\x18\x00\x19\x01\x00\x01\x01\x01\x02...\x00\x00\x00\x00\x00\x00\x00} appBuffer=HeapByteBuffer@5a364fd5[p=0,l=115,c=17408,r=115]={<<<GET / HTTP/1.1\r\nHost: loc...gent: okhttp/3.12.3\r\n\r\n>>>\x18\x00\x19\x01\x00\x01\x01\x01\x02...\x00\x00\x00\x00\x00\x00\x00}
02:33:24.468 [qtp1221981006-46] DEBUG org.eclipse.jetty.io.ssl.SslConnection - <fill f=115 uf=false SslConnection@113ac481::SocketChannelEndPoint@2df60c40{l=/127.0.0.1:39679,r=/127.0.0.1:50208,OPEN,fill=-,flush=-,to=0/30000}{io=0/0,kio=0,kro=1}->SslConnection@113ac481{NOT_HANDSHAKING,eio=-1/-1,di=-1,fill=IDLE,flush=IDLE}~>DecryptedEndPoint@1e824c5d{l=/127.0.0.1:39679,r=/127.0.0.1:50208,OPEN,fill=-,flush=-,to=13/30000}=>HttpConnection@73b23093[p=HttpParser{s=START,0 of -1},g=HttpGenerator@3836ad5b{s=START}]=>HttpChannelOverHttp@396c32d4{s=HttpChannelState@45523295{s=IDLE rs=BLOCKING os=OPEN is=IDLE awp=false se=false i=true al=0},r=0,c=false/false,a=IDLE,uri=null,age=0}
02:33:24.468 [qtp1221981006-46] DEBUG org.eclipse.jetty.server.HttpConnection - HttpConnection@73b23093::DecryptedEndPoint@1e824c5d{l=/127.0.0.1:39679,r=/127.0.0.1:50208,OPEN,fill=-,flush=-,to=13/30000} filled 115 HeapByteBuffer@5a364fd5[p=0,l=115,c=17408,r=115]={<<<GET / HTTP/1.1\r\nHost: loc...gent: okhttp/3.12.3\r\n\r\n>>>\x18\x00\x19\x01\x00\x01\x01\x01\x02...\x00\x00\x00\x00\x00\x00\x00}
02:33:24.468 [qtp1221981006-46] DEBUG org.eclipse.jetty.server.HttpConnection - HttpConnection@73b23093::DecryptedEndPoint@1e824c5d{l=/127.0.0.1:39679,r=/127.0.0.1:50208,OPEN,fill=-,flush=-,to=13/30000} parse HeapByteBuffer@5a364fd5[p=0,l=115,c=17408,r=115]={<<<GET / HTTP/1.1\r\nHost: loc...gent: okhttp/3.12.3\r\n\r\n>>>\x18\x00\x19\x01\x00\x01\x01\x01\x02...\x00\x00\x00\x00\x00\x00\x00} {}
02:33:24.468 [qtp1221981006-46] DEBUG org.eclipse.jetty.http.HttpParser - parseNext s=START HeapByteBuffer@5a364fd5[p=0,l=115,c=17408,r=115]={<<<GET / HTTP/1.1\r\nHost: loc...gent: okhttp/3.12.3\r\n\r\n>>>\x18\x00\x19\x01\x00\x01\x01\x01\x02...\x00\x00\x00\x00\x00\x00\x00}
02:33:24.468 [qtp1221981006-46] DEBUG org.eclipse.jetty.http.HttpParser - START --> SPACE1
02:33:24.468 [qtp1221981006-46] DEBUG org.eclipse.jetty.http.HttpParser - SPACE1 --> URI
02:33:24.468 [qtp1221981006-46] DEBUG org.eclipse.jetty.http.HttpParser - URI --> SPACE2
02:33:24.468 [qtp1221981006-46] DEBUG org.eclipse.jetty.http.HttpParser - SPACE2 --> REQUEST_VERSION
02:33:24.468 [qtp1221981006-46] DEBUG org.eclipse.jetty.http.HttpParser - REQUEST_VERSION --> HEADER
02:33:24.468 [qtp1221981006-46] DEBUG org.eclipse.jetty.http.HttpParser - HEADER:Host --> VALUE
02:33:24.468 [qtp1221981006-46] DEBUG org.eclipse.jetty.http.HttpParser - HEADER:Host --> IN_VALUE
02:33:24.468 [qtp1221981006-46] DEBUG org.eclipse.jetty.http.HttpParser - HEADER:Host --> FIELD
02:33:24.469 [qtp1221981006-46] DEBUG org.eclipse.jetty.http.HttpParser - HEADER:Connection: keep-alive --> IN_VALUE
02:33:24.469 [qtp1221981006-46] DEBUG org.eclipse.jetty.http.HttpParser - HEADER:Connection: keep-alive --> FIELD
02:33:24.469 [qtp1221981006-46] DEBUG org.eclipse.jetty.http.HttpParser - HEADER:Accept-Encoding: gzip --> IN_VALUE
02:33:24.469 [qtp1221981006-46] DEBUG org.eclipse.jetty.http.HttpParser - HEADER:Accept-Encoding: gzip --> FIELD
02:33:24.469 [qtp1221981006-46] DEBUG org.eclipse.jetty.http.HttpParser - HEADER:User-Agent --> VALUE
02:33:24.469 [qtp1221981006-46] DEBUG org.eclipse.jetty.http.HttpParser - HEADER:User-Agent --> IN_VALUE
02:33:24.469 [qtp1221981006-46] DEBUG org.eclipse.jetty.http.HttpParser - HEADER:User-Agent --> FIELD
02:33:24.469 [qtp1221981006-46] DEBUG org.eclipse.jetty.http.HttpParser - HEADER --> CONTENT
02:33:24.469 [qtp1221981006-46] DEBUG org.eclipse.jetty.server.HttpChannel - REQUEST for //localhost:39679/ on HttpChannelOverHttp@396c32d4{s=HttpChannelState@45523295{s=IDLE rs=BLOCKING os=OPEN is=IDLE awp=false se=false i=true al=0},r=1,c=false/false,a=IDLE,uri=//localhost:39679/,age=0}
GET //localhost:39679/ HTTP/1.1
Host: localhost:39679
Connection: keep-alive
Accept-Encoding: gzip
User-Agent: okhttp/3.12.3


02:33:24.469 [qtp1221981006-46] DEBUG org.eclipse.jetty.server.HttpConnection - HttpConnection@73b23093::DecryptedEndPoint@1e824c5d{l=/127.0.0.1:39679,r=/127.0.0.1:50208,OPEN,fill=-,flush=-,to=13/30000} parsed true HttpParser{s=CONTENT,0 of -1}
02:33:24.469 [qtp1221981006-46] DEBUG org.eclipse.jetty.server.HttpConnection - releaseRequestBuffer HttpConnection@73b23093::DecryptedEndPoint@1e824c5d{l=/127.0.0.1:39679,r=/127.0.0.1:50208,OPEN,fill=-,flush=-,to=13/30000}
02:33:24.469 [qtp1221981006-46] DEBUG org.eclipse.jetty.server.HttpChannel - handle //localhost:39679/ HttpChannelOverHttp@396c32d4{s=HttpChannelState@45523295{s=IDLE rs=BLOCKING os=OPEN is=IDLE awp=false se=false i=true al=0},r=1,c=false/false,a=IDLE,uri=//localhost:39679/,age=0} 
02:33:24.469 [qtp1221981006-46] DEBUG org.eclipse.jetty.server.HttpChannelState - handling HttpChannelState@45523295{s=IDLE rs=BLOCKING os=OPEN is=IDLE awp=false se=false i=true al=0}
02:33:24.469 [qtp1221981006-46] DEBUG org.eclipse.jetty.server.HttpChannel - action DISPATCH HttpChannelOverHttp@396c32d4{s=HttpChannelState@45523295{s=HANDLING rs=BLOCKING os=OPEN is=IDLE awp=false se=false i=true al=0},r=1,c=false/false,a=HANDLING,uri=//localhost:39679/,age=0}
02:33:24.469 [qtp1221981006-46] DEBUG org.eclipse.jetty.server.SecureRequestCustomizer - Host localhost with SNI null
02:33:24.472 [qtp1221981006-46] DEBUG org.eclipse.jetty.server.Server - REQUEST GET / on HttpChannelOverHttp@396c32d4{s=HttpChannelState@45523295{s=HANDLING rs=BLOCKING os=OPEN is=IDLE awp=false se=false i=true al=0},r=1,c=false/false,a=HANDLING,uri=https://localhost:39679/,age=3}
02:33:24.472 [qtp1221981006-46] INFO org.apache.nifi.minifi.bootstrap.configuration.ingestors.RestChangeIngestor - >>>>>>>>>>>>>>>>>>>>>>>>>>>>>>>>>>>>>>>>>>>>
02:33:24.472 [qtp1221981006-46] INFO org.apache.nifi.minifi.bootstrap.configuration.ingestors.RestChangeIngestor - request method = GET
02:33:24.472 [qtp1221981006-46] INFO org.apache.nifi.minifi.bootstrap.configuration.ingestors.RestChangeIngestor - request url = https://localhost:39679/
02:33:24.472 [qtp1221981006-46] INFO org.apache.nifi.minifi.bootstrap.configuration.ingestors.RestChangeIngestor - context path = null
02:33:24.472 [qtp1221981006-46] INFO org.apache.nifi.minifi.bootstrap.configuration.ingestors.RestChangeIngestor - request content type = null
02:33:24.472 [qtp1221981006-46] INFO org.apache.nifi.minifi.bootstrap.configuration.ingestors.RestChangeIngestor - <<<<<<<<<<<<<<<<<<<<<<<<<<<<<<<<<<<<<<<<<<<<
02:33:24.472 [qtp1221981006-46] DEBUG org.eclipse.jetty.server.HttpOutput - write(array HeapByteBuffer@4465b78b[p=0,l=198,c=512,r=198]={<<<This is a config change l...'/' to upload the file.>>>\x00\x00\x00\x00\x00\x00\x00\x00\x00...\x00\x00\x00\x00\x00\x00\x00})
02:33:24.472 [qtp1221981006-46] DEBUG org.eclipse.jetty.server.HttpOutput - write(array) s=CLOSING,api=BLOCKED,sc=false,e=null last=true agg=false flush=true async=false, len=198 null
02:33:24.472 [qtp1221981006-46] DEBUG org.eclipse.jetty.server.HttpChannel - sendResponse info=null content=HeapByteBuffer@72cbcf5d[p=0,l=198,c=512,r=198]={<<<This is a config change l...'/' to upload the file.>>>\x00\x00\x00\x00\x00\x00\x00\x00\x00...\x00\x00\x00\x00\x00\x00\x00} complete=true committing=true callback=Blocker@f9f4be3{null}
02:33:24.472 [qtp1221981006-46] DEBUG org.eclipse.jetty.server.HttpChannel - COMMIT for / on HttpChannelOverHttp@396c32d4{s=HttpChannelState@45523295{s=HANDLING rs=BLOCKING os=COMMITTED is=IDLE awp=false se=false i=true al=0},r=1,c=false/false,a=HANDLING,uri=https://localhost:39679/,age=3}
200 null HTTP/1.1
Date: Thu, 02 May 2024 01:33:24 GMT
Content-Type: text/plain;charset=iso-8859-1
Content-Length: 198


02:33:24.472 [qtp1221981006-46] DEBUG org.eclipse.jetty.server.HttpConnection - generate: NEED_HEADER for SendCallback@497c5d41[PROCESSING][i=HTTP/1.1{s=200,h=3,cl=198},cb=org.eclipse.jetty.server.HttpChannel$SendCallback@204c620a] (null,[p=0,l=198,c=512,r=198],true)@START
02:33:24.472 [qtp1221981006-46] DEBUG org.eclipse.jetty.http.HttpGenerator - generateHeaders HTTP/1.1{s=200,h=3,cl=198} last=true content=HeapByteBuffer@72cbcf5d[p=0,l=198,c=512,r=198]={<<<This is a config change l...'/' to upload the file.>>>\x00\x00\x00\x00\x00\x00\x00\x00\x00...\x00\x00\x00\x00\x00\x00\x00}
02:33:24.472 [qtp1221981006-46] DEBUG org.eclipse.jetty.http.HttpGenerator - Date: Thu, 02 May 2024 01:33:24 GMT
Content-Type: text/plain;charset=iso-8859-1
Content-Length: 198


02:33:24.472 [qtp1221981006-46] DEBUG org.eclipse.jetty.http.HttpGenerator - CONTENT_LENGTH
02:33:24.472 [qtp1221981006-46] DEBUG org.eclipse.jetty.server.HttpConnection - generate: FLUSH for SendCallback@497c5d41[PROCESSING][i=HTTP/1.1{s=200,h=3,cl=198},cb=org.eclipse.jetty.server.HttpChannel$SendCallback@204c620a] ([p=0,l=155,c=8192,r=155],[p=0,l=198,c=512,r=198],true)@COMPLETING
02:33:24.472 [qtp1221981006-46] DEBUG org.eclipse.jetty.io.WriteFlusher - write: WriteFlusher@79646253{IDLE}->null [HeapByteBuffer@cd1e079[p=0,l=155,c=8192,r=155]={<<<HTTP/1.1 200 OK\r\nDate: Th...y(9.4.44.v20210927)\r\n\r\n>>>\x00\x00\x00\x00\x00\x00\x00\x00\x00...\x00\x00\x00\x00\x00\x00\x00},HeapByteBuffer@72cbcf5d[p=0,l=198,c=512,r=198]={<<<This is a config change l...'/' to upload the file.>>>\x00\x00\x00\x00\x00\x00\x00\x00\x00...\x00\x00\x00\x00\x00\x00\x00}]
02:33:24.472 [qtp1221981006-46] DEBUG org.eclipse.jetty.io.WriteFlusher - update WriteFlusher@79646253{WRITING}->null:IDLE-->WRITING
02:33:24.472 [qtp1221981006-46] DEBUG org.eclipse.jetty.io.ssl.SslConnection - >flush SslConnection@113ac481::SocketChannelEndPoint@2df60c40{l=/127.0.0.1:39679,r=/127.0.0.1:50208,OPEN,fill=-,flush=-,to=4/30000}{io=0/0,kio=0,kro=1}->SslConnection@113ac481{NOT_HANDSHAKING,eio=-1/-1,di=-1,fill=IDLE,flush=IDLE}~>DecryptedEndPoint@1e824c5d{l=/127.0.0.1:39679,r=/127.0.0.1:50208,OPEN,fill=-,flush=W,to=17/30000}=>HttpConnection@73b23093[p=HttpParser{s=CONTENT,0 of -1},g=HttpGenerator@3836ad5b{s=COMPLETING}]=>HttpChannelOverHttp@396c32d4{s=HttpChannelState@45523295{s=HANDLING rs=BLOCKING os=COMMITTED is=IDLE awp=false se=false i=true al=0},r=1,c=false/false,a=HANDLING,uri=https://localhost:39679/,age=3}
02:33:24.472 [qtp1221981006-46] DEBUG org.eclipse.jetty.io.ssl.SslConnection - flush b[0]=HeapByteBuffer@cd1e079[p=0,l=155,c=8192,r=155]={<<<HTTP/1.1 200 OK\r\nDate: Th...y(9.4.44.v20210927)\r\n\r\n>>>\x00\x00\x00\x00\x00\x00\x00\x00\x00...\x00\x00\x00\x00\x00\x00\x00}
02:33:24.473 [qtp1221981006-46] DEBUG org.eclipse.jetty.io.ssl.SslConnection - flush b[1]=HeapByteBuffer@72cbcf5d[p=0,l=198,c=512,r=198]={<<<This is a config change l...'/' to upload the file.>>>\x00\x00\x00\x00\x00\x00\x00\x00\x00...\x00\x00\x00\x00\x00\x00\x00}
02:33:24.473 [qtp1221981006-46] DEBUG org.eclipse.jetty.io.ssl.SslConnection - flush NOT_HANDSHAKING
02:33:24.473 [qtp1221981006-46] DEBUG org.eclipse.jetty.io.ssl.SslConnection - wrap Status = OK HandshakeStatus = NOT_HANDSHAKING bytesConsumed = 353 bytesProduced = 391 [p=0,l=391,c=17408,r=391] ioDone=false/false
02:33:24.473 [qtp1221981006-46] DEBUG org.eclipse.jetty.io.ChannelEndPoint - flushed 391 SocketChannelEndPoint@2df60c40{l=/127.0.0.1:39679,r=/127.0.0.1:50208,OPEN,fill=-,flush=-,to=5/30000}{io=0/0,kio=0,kro=1}->SslConnection@113ac481{NOT_HANDSHAKING,eio=-1/0,di=-1,fill=IDLE,flush=IDLE}~>DecryptedEndPoint@1e824c5d{l=/127.0.0.1:39679,r=/127.0.0.1:50208,OPEN,fill=-,flush=W,to=17/30000}=>HttpConnection@73b23093[p=HttpParser{s=CONTENT,0 of -1},g=HttpGenerator@3836ad5b{s=COMPLETING}]=>HttpChannelOverHttp@396c32d4{s=HttpChannelState@45523295{s=HANDLING rs=BLOCKING os=COMMITTED is=IDLE awp=false se=false i=true al=0},r=1,c=false/false,a=HANDLING,uri=https://localhost:39679/,age=4}
02:33:24.473 [qtp1221981006-46] DEBUG org.eclipse.jetty.io.ssl.SslConnection - net flushed=true, ac=true
02:33:24.473 [qtp1221981006-46] DEBUG org.eclipse.jetty.io.ssl.SslConnection - <flush true SslConnection@113ac481::SocketChannelEndPoint@2df60c40{l=/127.0.0.1:39679,r=/127.0.0.1:50208,OPEN,fill=-,flush=-,to=0/30000}{io=0/0,kio=0,kro=1}->SslConnection@113ac481{NOT_HANDSHAKING,eio=-1/-1,di=-1,fill=IDLE,flush=IDLE}~>DecryptedEndPoint@1e824c5d{l=/127.0.0.1:39679,r=/127.0.0.1:50208,OPEN,fill=-,flush=W,to=18/30000}=>HttpConnection@73b23093[p=HttpParser{s=CONTENT,0 of -1},g=HttpGenerator@3836ad5b{s=COMPLETING}]=>HttpChannelOverHttp@396c32d4{s=HttpChannelState@45523295{s=HANDLING rs=BLOCKING os=COMMITTED is=IDLE awp=false se=false i=true al=0},r=1,c=false/false,a=HANDLING,uri=https://localhost:39679/,age=4}
02:33:24.473 [qtp1221981006-46] DEBUG org.eclipse.jetty.io.WriteFlusher - Flushed=true written=353 remaining=0 WriteFlusher@79646253{WRITING}->null
02:33:24.473 [qtp1221981006-46] DEBUG org.eclipse.jetty.io.WriteFlusher - update WriteFlusher@79646253{IDLE}->null:WRITING-->IDLE
02:33:24.473 [qtp1221981006-46] DEBUG org.eclipse.jetty.server.HttpConnection - generate: DONE for SendCallback@497c5d41[PROCESSING][i=HTTP/1.1{s=200,h=3,cl=198},cb=org.eclipse.jetty.server.HttpChannel$SendCallback@204c620a] ([p=155,l=155,c=8192,r=0],[p=198,l=198,c=512,r=0],true)@END
Date: Thu, 02 May 2024 01:33:24 GMT
Content-Type: text/plain;charset=iso-8859-1
Content-Length: 198
Server: Jetty(9.4.44.v20210927)
02:33:24.473 [qtp1221981006-46] DEBUG org.eclipse.jetty.server.HttpOutput - onWriteComplete(true,null) s=CLOSING,api=BLOCKED,sc=false,e=null->s=CLOSED,api=BLOCKING,sc=false,e=null c=null cb=null w=false
02:33:24.473 [qtp1221981006-46] DEBUG org.eclipse.jetty.server.HttpOutput - close() s=CLOSED,api=BLOCKING,sc=false,e=null c=null b=null
02:33:24.473 [qtp1221981006-46] DEBUG org.eclipse.jetty.server.Server - handled=true async=false committed=true on HttpChannelOverHttp@396c32d4{s=HttpChannelState@45523295{s=HANDLING rs=BLOCKING os=COMPLETED is=IDLE awp=false se=false i=true al=0},r=1,c=false/true,a=HANDLING,uri=https://localhost:39679/,age=4}
02:33:24.473 [qtp1221981006-46] DEBUG org.eclipse.jetty.server.HttpChannelState - unhandle HttpChannelState@45523295{s=HANDLING rs=BLOCKING os=COMPLETED is=IDLE awp=false se=false i=true al=0}
02:33:24.473 [qtp1221981006-46] DEBUG org.eclipse.jetty.server.HttpChannelState - nextAction(false) COMPLETE HttpChannelState@45523295{s=HANDLING rs=COMPLETING os=COMPLETED is=IDLE awp=false se=false i=false al=0}
02:33:24.473 [qtp1221981006-46] DEBUG org.eclipse.jetty.server.HttpChannel - action COMPLETE HttpChannelOverHttp@396c32d4{s=HttpChannelState@45523295{s=HANDLING rs=COMPLETING os=COMPLETED is=IDLE awp=false se=false i=false al=0},r=1,c=false/true,a=HANDLING,uri=https://localhost:39679/,age=4}
02:33:24.473 [qtp1221981006-46] DEBUG org.eclipse.jetty.server.HttpOutput - complete(org.eclipse.jetty.util.Callback$3@5259be6b) s=CLOSED,api=BLOCKING,sc=false,e=null s=true e=null, c=null
02:33:24.473 [qtp1221981006-46] DEBUG org.eclipse.jetty.server.HttpChannelState - completed HttpChannelState@45523295{s=HANDLING rs=COMPLETING os=COMPLETED is=IDLE awp=false se=false i=false al=0}
02:33:24.474 [qtp1221981006-46] DEBUG org.eclipse.jetty.server.HttpChannelState - unhandle HttpChannelState@45523295{s=HANDLING rs=COMPLETED os=COMPLETED is=IDLE awp=false se=false i=false al=0}
02:33:24.474 [qtp1221981006-46] DEBUG org.eclipse.jetty.server.HttpChannelState - nextAction(false) TERMINATED HttpChannelState@45523295{s=IDLE rs=COMPLETED os=COMPLETED is=IDLE awp=false se=false i=false al=0}
02:33:24.474 [qtp1221981006-46] DEBUG org.eclipse.jetty.server.HttpChannel - action TERMINATED HttpChannelOverHttp@396c32d4{s=HttpChannelState@45523295{s=IDLE rs=COMPLETED os=COMPLETED is=IDLE awp=false se=false i=false al=0},r=1,c=true/true,a=IDLE,uri=https://localhost:39679/,age=5}
02:33:24.474 [qtp1221981006-46] DEBUG org.eclipse.jetty.server.HttpChannel - onCompleted for / written=198
]]></system-out>
  </testcase>
  <testcase name="testFileUploadNewConfig" classname="org.apache.nifi.minifi.bootstrap.configuration.ingestors.RestChangeIngestorSSLTest" time="0.009">
    <system-out><![CDATA[02:33:24.474 [qtp1221981006-46] DEBUG org.eclipse.jetty.io.ssl.SslConnection - >fill SslConnection@113ac481::SocketChannelEndPoint@2df60c40{l=/127.0.0.1:39679,r=/127.0.0.1:50208,OPEN,fill=-,flush=-,to=0/30000}{io=0/0,kio=0,kro=1}->SslConnection@113ac481{NOT_HANDSHAKING,eio=-1/-1,di=-1,fill=IDLE,flush=IDLE}~>DecryptedEndPoint@1e824c5d{l=/127.0.0.1:39679,r=/127.0.0.1:50208,OPEN,fill=-,flush=-,to=18/30000}=>HttpConnection@73b23093[p=HttpParser{s=CONTENT,0 of -1},g=HttpGenerator@3836ad5b{s=END}]=>HttpChannelOverHttp@396c32d4{s=HttpChannelState@45523295{s=IDLE rs=COMPLETED os=COMPLETED is=IDLE awp=false se=false i=false al=0},r=1,c=true/true,a=IDLE,uri=https://localhost:39679/,age=5}
02:33:24.474 [qtp1221981006-46] DEBUG org.eclipse.jetty.io.ssl.SslConnection - fill NOT_HANDSHAKING
02:33:24.474 [qtp1221981006-46] DEBUG org.eclipse.jetty.io.ChannelEndPoint - filled 0 HeapByteBuffer@5a364fd5[p=0,l=0,c=17408,r=0]={<<<>>>GET / HTT...\x00\x00\x00\x00\x00\x00\x00}
02:33:24.474 [qtp1221981006-46] DEBUG org.eclipse.jetty.io.ssl.SslConnection - net filled=0
02:33:24.474 [qtp1221981006-46] DEBUG org.eclipse.jetty.io.ssl.SslConnection - unwrap net_filled=0 Status = BUFFER_UNDERFLOW HandshakeStatus = NOT_HANDSHAKING bytesConsumed = 0 bytesProduced = 0 encryptedBuffer=[p=0,l=0,c=17408,r=0] unwrapBuffer=HeapByteBuffer@5275a4a0[p=0,l=0,c=17408,r=0]={<<<>>>\x17\x03\x03\x00\x94GET ...\x00\x00\x00\x00\x00\x00\x00} appBuffer=HeapByteBuffer@5275a4a0[p=0,l=0,c=17408,r=0]={<<<>>>\x17\x03\x03\x00\x94GET ...\x00\x00\x00\x00\x00\x00\x00}
02:33:24.474 [qtp1221981006-46] DEBUG org.eclipse.jetty.io.ssl.SslConnection - <fill f=0 uf=true SslConnection@113ac481::SocketChannelEndPoint@2df60c40{l=/127.0.0.1:39679,r=/127.0.0.1:50208,OPEN,fill=-,flush=-,to=0/30000}{io=0/0,kio=0,kro=1}->SslConnection@113ac481{NOT_HANDSHAKING,eio=-1/-1,di=-1,fill=IDLE,flush=IDLE}~>DecryptedEndPoint@1e824c5d{l=/127.0.0.1:39679,r=/127.0.0.1:50208,OPEN,fill=-,flush=-,to=18/30000}=>HttpConnection@73b23093[p=HttpParser{s=CONTENT,0 of -1},g=HttpGenerator@3836ad5b{s=END}]=>HttpChannelOverHttp@396c32d4{s=HttpChannelState@45523295{s=IDLE rs=COMPLETED os=COMPLETED is=IDLE awp=false se=false i=false al=0},r=1,c=true/true,a=IDLE,uri=https://localhost:39679/,age=5}
02:33:24.474 [qtp1221981006-46] DEBUG org.eclipse.jetty.io.ssl.SslConnection - >fill SslConnection@113ac481::SocketChannelEndPoint@2df60c40{l=/127.0.0.1:39679,r=/127.0.0.1:50208,OPEN,fill=-,flush=-,to=1/30000}{io=0/0,kio=0,kro=1}->SslConnection@113ac481{NOT_HANDSHAKING,eio=-1/-1,di=-1,fill=IDLE,flush=IDLE}~>DecryptedEndPoint@1e824c5d{l=/127.0.0.1:39679,r=/127.0.0.1:50208,OPEN,fill=-,flush=-,to=19/30000}=>HttpConnection@73b23093[p=HttpParser{s=CONTENT,0 of -1},g=HttpGenerator@3836ad5b{s=END}]=>HttpChannelOverHttp@396c32d4{s=HttpChannelState@45523295{s=IDLE rs=COMPLETED os=COMPLETED is=IDLE awp=false se=false i=false al=0},r=1,c=true/true,a=IDLE,uri=https://localhost:39679/,age=5}
02:33:24.474 [qtp1221981006-46] DEBUG org.eclipse.jetty.io.ssl.SslConnection - fill NOT_HANDSHAKING
02:33:24.474 [qtp1221981006-46] DEBUG org.eclipse.jetty.io.ChannelEndPoint - filled 0 HeapByteBuffer@5e09d04b[p=0,l=0,c=17408,r=0]={<<<>>>\x17\x03\x03\x01\x82\xD1\x05\x82\x0c...\x00\x00\x00\x00\x00\x00\x00}
02:33:24.474 [qtp1221981006-46] DEBUG org.eclipse.jetty.io.ssl.SslConnection - net filled=0
02:33:24.474 [qtp1221981006-46] DEBUG org.eclipse.jetty.io.ssl.SslConnection - unwrap net_filled=0 Status = BUFFER_UNDERFLOW HandshakeStatus = NOT_HANDSHAKING bytesConsumed = 0 bytesProduced = 0 encryptedBuffer=[p=0,l=0,c=17408,r=0] unwrapBuffer=HeapByteBuffer@5275a4a0[p=0,l=0,c=17408,r=0]={<<<>>>\x17\x03\x03\x00\x94GET ...\x00\x00\x00\x00\x00\x00\x00} appBuffer=HeapByteBuffer@5275a4a0[p=0,l=0,c=17408,r=0]={<<<>>>\x17\x03\x03\x00\x94GET ...\x00\x00\x00\x00\x00\x00\x00}
02:33:24.474 [qtp1221981006-46] DEBUG org.eclipse.jetty.io.ssl.SslConnection - <fill f=0 uf=true SslConnection@113ac481::SocketChannelEndPoint@2df60c40{l=/127.0.0.1:39679,r=/127.0.0.1:50208,OPEN,fill=-,flush=-,to=1/30000}{io=0/0,kio=0,kro=1}->SslConnection@113ac481{NOT_HANDSHAKING,eio=-1/-1,di=-1,fill=IDLE,flush=IDLE}~>DecryptedEndPoint@1e824c5d{l=/127.0.0.1:39679,r=/127.0.0.1:50208,OPEN,fill=-,flush=-,to=19/30000}=>HttpConnection@73b23093[p=HttpParser{s=CONTENT,0 of -1},g=HttpGenerator@3836ad5b{s=END}]=>HttpChannelOverHttp@396c32d4{s=HttpChannelState@45523295{s=IDLE rs=COMPLETED os=COMPLETED is=IDLE awp=false se=false i=false al=0},r=1,c=true/true,a=IDLE,uri=https://localhost:39679/,age=5}
02:33:24.474 [qtp1221981006-46] DEBUG org.eclipse.jetty.server.HttpConnection - HttpConnection@73b23093::DecryptedEndPoint@1e824c5d{l=/127.0.0.1:39679,r=/127.0.0.1:50208,OPEN,fill=-,flush=-,to=19/30000} filled 0 HeapByteBuffer@5275a4a0[p=0,l=0,c=17408,r=0]={<<<>>>\x17\x03\x03\x00\x94GET ...\x00\x00\x00\x00\x00\x00\x00}
02:33:24.474 [qtp1221981006-46] DEBUG org.eclipse.jetty.server.HttpConnection - HttpConnection@73b23093::DecryptedEndPoint@1e824c5d{l=/127.0.0.1:39679,r=/127.0.0.1:50208,OPEN,fill=-,flush=-,to=19/30000} parse HeapByteBuffer@5275a4a0[p=0,l=0,c=17408,r=0]={<<<>>>\x17\x03\x03\x00\x94GET ...\x00\x00\x00\x00\x00\x00\x00} {}
02:33:24.474 [qtp1221981006-46] DEBUG org.eclipse.jetty.http.HttpParser - parseNext s=CONTENT HeapByteBuffer@5275a4a0[p=0,l=0,c=17408,r=0]={<<<>>>\x17\x03\x03\x00\x94GET ...\x00\x00\x00\x00\x00\x00\x00}
02:33:24.474 [qtp1221981006-46] DEBUG org.eclipse.jetty.http.HttpParser - CONTENT --> CONTENT_END
02:33:24.474 [qtp1221981006-46] DEBUG org.eclipse.jetty.server.HttpChannel - onContentComplete HttpChannelOverHttp@396c32d4{s=HttpChannelState@45523295{s=IDLE rs=COMPLETED os=COMPLETED is=IDLE awp=false se=false i=false al=0},r=1,c=true/true,a=IDLE,uri=https://localhost:39679/,age=5}
02:33:24.474 [qtp1221981006-46] DEBUG org.eclipse.jetty.http.HttpParser - CONTENT_END --> END
02:33:24.474 [qtp1221981006-46] DEBUG org.eclipse.jetty.server.HttpChannel - onRequestComplete HttpChannelOverHttp@396c32d4{s=HttpChannelState@45523295{s=IDLE rs=COMPLETED os=COMPLETED is=IDLE awp=false se=false i=false al=0},r=1,c=true/true,a=IDLE,uri=https://localhost:39679/,age=5}
02:33:24.474 [qtp1221981006-46] DEBUG org.eclipse.jetty.server.HttpInput - HttpInputOverHTTP@11c6da18[c=0,q=0,[0]=null,s=STREAM] addContent EOF
02:33:24.475 [qtp1221981006-46] DEBUG org.eclipse.jetty.server.HttpConnection - HttpConnection@73b23093::DecryptedEndPoint@1e824c5d{l=/127.0.0.1:39679,r=/127.0.0.1:50208,OPEN,fill=-,flush=-,to=19/30000} parsed false HttpParser{s=END,0 of -1}
02:33:24.475 [qtp1221981006-46] DEBUG org.eclipse.jetty.server.HttpConnection - releaseRequestBuffer HttpConnection@73b23093::DecryptedEndPoint@1e824c5d{l=/127.0.0.1:39679,r=/127.0.0.1:50208,OPEN,fill=-,flush=-,to=19/30000}
02:33:24.475 [qtp1221981006-46] DEBUG org.eclipse.jetty.server.HttpChannelState - recycle HttpChannelState@45523295{s=IDLE rs=COMPLETED os=COMPLETED is=IDLE awp=false se=false i=false al=0}
02:33:24.475 [qtp1221981006-46] DEBUG org.eclipse.jetty.http.HttpParser - reset HttpParser{s=END,0 of -1}
02:33:24.475 [qtp1221981006-46] DEBUG org.eclipse.jetty.http.HttpParser - END --> START
02:33:24.475 [qtp1221981006-46] DEBUG org.eclipse.jetty.server.HttpChannel - !handle TERMINATED HttpChannelOverHttp@396c32d4{s=HttpChannelState@45523295{s=IDLE rs=BLOCKING os=OPEN is=IDLE awp=false se=false i=true al=0},r=1,c=false/false,a=IDLE,uri=null,age=0}
02:33:24.475 [qtp1221981006-46] DEBUG org.eclipse.jetty.io.ssl.SslConnection - >fill SslConnection@113ac481::SocketChannelEndPoint@2df60c40{l=/127.0.0.1:39679,r=/127.0.0.1:50208,OPEN,fill=-,flush=-,to=1/30000}{io=0/0,kio=0,kro=1}->SslConnection@113ac481{NOT_HANDSHAKING,eio=-1/-1,di=-1,fill=IDLE,flush=IDLE}~>DecryptedEndPoint@1e824c5d{l=/127.0.0.1:39679,r=/127.0.0.1:50208,OPEN,fill=-,flush=-,to=19/30000}=>HttpConnection@73b23093[p=HttpParser{s=START,0 of -1},g=HttpGenerator@3836ad5b{s=START}]=>HttpChannelOverHttp@396c32d4{s=HttpChannelState@45523295{s=IDLE rs=BLOCKING os=OPEN is=IDLE awp=false se=false i=true al=0},r=1,c=false/false,a=IDLE,uri=null,age=0}
02:33:24.475 [qtp1221981006-46] DEBUG org.eclipse.jetty.io.ssl.SslConnection - fill NOT_HANDSHAKING
02:33:24.475 [qtp1221981006-46] DEBUG org.eclipse.jetty.io.ChannelEndPoint - filled 0 HeapByteBuffer@5e09d04b[p=0,l=0,c=17408,r=0]={<<<>>>\x17\x03\x03\x01\x82\xD1\x05\x82\x0c...\x00\x00\x00\x00\x00\x00\x00}
02:33:24.475 [qtp1221981006-46] DEBUG org.eclipse.jetty.io.ssl.SslConnection - net filled=0
02:33:24.475 [qtp1221981006-46] DEBUG org.eclipse.jetty.io.ssl.SslConnection - unwrap net_filled=0 Status = BUFFER_UNDERFLOW HandshakeStatus = NOT_HANDSHAKING bytesConsumed = 0 bytesProduced = 0 encryptedBuffer=[p=0,l=0,c=17408,r=0] unwrapBuffer=HeapByteBuffer@5a364fd5[p=0,l=0,c=17408,r=0]={<<<>>>GET / HTT...\x00\x00\x00\x00\x00\x00\x00} appBuffer=HeapByteBuffer@5a364fd5[p=0,l=0,c=17408,r=0]={<<<>>>GET / HTT...\x00\x00\x00\x00\x00\x00\x00}
02:33:24.475 [qtp1221981006-46] DEBUG org.eclipse.jetty.io.ssl.SslConnection - <fill f=0 uf=true SslConnection@113ac481::SocketChannelEndPoint@2df60c40{l=/127.0.0.1:39679,r=/127.0.0.1:50208,OPEN,fill=-,flush=-,to=1/30000}{io=0/0,kio=0,kro=1}->SslConnection@113ac481{NOT_HANDSHAKING,eio=-1/-1,di=-1,fill=IDLE,flush=IDLE}~>DecryptedEndPoint@1e824c5d{l=/127.0.0.1:39679,r=/127.0.0.1:50208,OPEN,fill=-,flush=-,to=20/30000}=>HttpConnection@73b23093[p=HttpParser{s=START,0 of -1},g=HttpGenerator@3836ad5b{s=START}]=>HttpChannelOverHttp@396c32d4{s=HttpChannelState@45523295{s=IDLE rs=BLOCKING os=OPEN is=IDLE awp=false se=false i=true al=0},r=1,c=false/false,a=IDLE,uri=null,age=0}
02:33:24.475 [qtp1221981006-46] DEBUG org.eclipse.jetty.io.ssl.SslConnection - >fill SslConnection@113ac481::SocketChannelEndPoint@2df60c40{l=/127.0.0.1:39679,r=/127.0.0.1:50208,OPEN,fill=-,flush=-,to=2/30000}{io=0/0,kio=0,kro=1}->SslConnection@113ac481{NOT_HANDSHAKING,eio=-1/-1,di=-1,fill=IDLE,flush=IDLE}~>DecryptedEndPoint@1e824c5d{l=/127.0.0.1:39679,r=/127.0.0.1:50208,OPEN,fill=-,flush=-,to=20/30000}=>HttpConnection@73b23093[p=HttpParser{s=START,0 of -1},g=HttpGenerator@3836ad5b{s=START}]=>HttpChannelOverHttp@396c32d4{s=HttpChannelState@45523295{s=IDLE rs=BLOCKING os=OPEN is=IDLE awp=false se=false i=true al=0},r=1,c=false/false,a=IDLE,uri=null,age=0}
02:33:24.475 [qtp1221981006-46] DEBUG org.eclipse.jetty.io.ssl.SslConnection - fill NOT_HANDSHAKING
02:33:24.475 [qtp1221981006-46] DEBUG org.eclipse.jetty.io.ChannelEndPoint - filled 0 HeapByteBuffer@5275a4a0[p=0,l=0,c=17408,r=0]={<<<>>>\x17\x03\x03\x00\x94GET ...\x00\x00\x00\x00\x00\x00\x00}
02:33:24.475 [qtp1221981006-46] DEBUG org.eclipse.jetty.io.ssl.SslConnection - net filled=0
02:33:24.475 [qtp1221981006-46] DEBUG org.eclipse.jetty.io.ssl.SslConnection - unwrap net_filled=0 Status = BUFFER_UNDERFLOW HandshakeStatus = NOT_HANDSHAKING bytesConsumed = 0 bytesProduced = 0 encryptedBuffer=[p=0,l=0,c=17408,r=0] unwrapBuffer=HeapByteBuffer@5a364fd5[p=0,l=0,c=17408,r=0]={<<<>>>GET / HTT...\x00\x00\x00\x00\x00\x00\x00} appBuffer=HeapByteBuffer@5a364fd5[p=0,l=0,c=17408,r=0]={<<<>>>GET / HTT...\x00\x00\x00\x00\x00\x00\x00}
02:33:24.475 [qtp1221981006-46] DEBUG org.eclipse.jetty.io.ssl.SslConnection - <fill f=0 uf=true SslConnection@113ac481::SocketChannelEndPoint@2df60c40{l=/127.0.0.1:39679,r=/127.0.0.1:50208,OPEN,fill=-,flush=-,to=2/30000}{io=0/0,kio=0,kro=1}->SslConnection@113ac481{NOT_HANDSHAKING,eio=-1/-1,di=-1,fill=IDLE,flush=IDLE}~>DecryptedEndPoint@1e824c5d{l=/127.0.0.1:39679,r=/127.0.0.1:50208,OPEN,fill=-,flush=-,to=20/30000}=>HttpConnection@73b23093[p=HttpParser{s=START,0 of -1},g=HttpGenerator@3836ad5b{s=START}]=>HttpChannelOverHttp@396c32d4{s=HttpChannelState@45523295{s=IDLE rs=BLOCKING os=OPEN is=IDLE awp=false se=false i=true al=0},r=1,c=false/false,a=IDLE,uri=null,age=0}
02:33:24.475 [qtp1221981006-46] DEBUG org.eclipse.jetty.server.HttpConnection - HttpConnection@73b23093::DecryptedEndPoint@1e824c5d{l=/127.0.0.1:39679,r=/127.0.0.1:50208,OPEN,fill=-,flush=-,to=20/30000} filled 0 HeapByteBuffer@5a364fd5[p=0,l=0,c=17408,r=0]={<<<>>>GET / HTT...\x00\x00\x00\x00\x00\x00\x00}
02:33:24.475 [qtp1221981006-46] DEBUG org.eclipse.jetty.server.HttpConnection - HttpConnection@73b23093::DecryptedEndPoint@1e824c5d{l=/127.0.0.1:39679,r=/127.0.0.1:50208,OPEN,fill=-,flush=-,to=20/30000} parse HeapByteBuffer@5a364fd5[p=0,l=0,c=17408,r=0]={<<<>>>GET / HTT...\x00\x00\x00\x00\x00\x00\x00} {}
02:33:24.475 [qtp1221981006-46] DEBUG org.eclipse.jetty.http.HttpParser - parseNext s=START HeapByteBuffer@5a364fd5[p=0,l=0,c=17408,r=0]={<<<>>>GET / HTT...\x00\x00\x00\x00\x00\x00\x00}
02:33:24.475 [qtp1221981006-46] DEBUG org.eclipse.jetty.server.HttpConnection - HttpConnection@73b23093::DecryptedEndPoint@1e824c5d{l=/127.0.0.1:39679,r=/127.0.0.1:50208,OPEN,fill=-,flush=-,to=20/30000} parsed false HttpParser{s=START,0 of -1}
02:33:24.475 [qtp1221981006-46] DEBUG org.eclipse.jetty.server.HttpConnection - releaseRequestBuffer HttpConnection@73b23093::DecryptedEndPoint@1e824c5d{l=/127.0.0.1:39679,r=/127.0.0.1:50208,OPEN,fill=-,flush=-,to=20/30000}
02:33:24.475 [qtp1221981006-46] DEBUG org.eclipse.jetty.io.AbstractConnection - fillInterested HttpConnection@73b23093::DecryptedEndPoint@1e824c5d{l=/127.0.0.1:39679,r=/127.0.0.1:50208,OPEN,fill=-,flush=-,to=20/30000}
02:33:24.475 [qtp1221981006-46] DEBUG org.eclipse.jetty.io.FillInterest - interested FillInterest@5725b9ec{AC.ReadCB@73b23093{HttpConnection@73b23093::DecryptedEndPoint@1e824c5d{l=/127.0.0.1:39679,r=/127.0.0.1:50208,OPEN,fill=FI,flush=-,to=0/30000}}}
02:33:24.476 [qtp1221981006-46] DEBUG org.eclipse.jetty.io.ssl.SslConnection - >needFillInterest s=IDLE/IDLE uf=true ei=null di=null SslConnection@113ac481::SocketChannelEndPoint@2df60c40{l=/127.0.0.1:39679,r=/127.0.0.1:50208,OPEN,fill=-,flush=-,to=2/30000}{io=0/0,kio=0,kro=1}->SslConnection@113ac481{NOT_HANDSHAKING,eio=-1/-1,di=-1,fill=IDLE,flush=IDLE}~>DecryptedEndPoint@1e824c5d{l=/127.0.0.1:39679,r=/127.0.0.1:50208,OPEN,fill=FI,flush=-,to=0/30000}=>HttpConnection@73b23093[p=HttpParser{s=START,0 of -1},g=HttpGenerator@3836ad5b{s=START}]=>HttpChannelOverHttp@396c32d4{s=HttpChannelState@45523295{s=IDLE rs=BLOCKING os=OPEN is=IDLE awp=false se=false i=true al=0},r=1,c=false/false,a=IDLE,uri=null,age=0}
02:33:24.476 [qtp1221981006-46] DEBUG org.eclipse.jetty.io.ssl.SslConnection - <needFillInterest s=IDLE/INTERESTED f=false i=true w=null
02:33:24.476 [qtp1221981006-46] DEBUG org.eclipse.jetty.io.ssl.SslConnection - ensureFillInterested SslConnection@113ac481::SocketChannelEndPoint@2df60c40{l=/127.0.0.1:39679,r=/127.0.0.1:50208,OPEN,fill=-,flush=-,to=2/30000}{io=0/0,kio=0,kro=1}->SslConnection@113ac481{NOT_HANDSHAKING,eio=-1/-1,di=-1,fill=INTERESTED,flush=IDLE}~>DecryptedEndPoint@1e824c5d{l=/127.0.0.1:39679,r=/127.0.0.1:50208,OPEN,fill=FI,flush=-,to=0/30000}=>HttpConnection@73b23093[p=HttpParser{s=START,0 of -1},g=HttpGenerator@3836ad5b{s=START}]=>HttpChannelOverHttp@396c32d4{s=HttpChannelState@45523295{s=IDLE rs=BLOCKING os=OPEN is=IDLE awp=false se=false i=true al=0},r=1,c=false/false,a=IDLE,uri=null,age=0}
02:33:24.476 [qtp1221981006-46] DEBUG org.eclipse.jetty.io.FillInterest - interested FillInterest@1ce4e4ab{SSLC.NBReadCB@113ac481{SslConnection@113ac481::SocketChannelEndPoint@2df60c40{l=/127.0.0.1:39679,r=/127.0.0.1:50208,OPEN,fill=FI,flush=-,to=0/30000}{io=0/0,kio=0,kro=1}->SslConnection@113ac481{NOT_HANDSHAKING,eio=-1/-1,di=-1,fill=INTERESTED,flush=IDLE}~>DecryptedEndPoint@1e824c5d{l=/127.0.0.1:39679,r=/127.0.0.1:50208,OPEN,fill=FI,flush=-,to=0/30000}=>HttpConnection@73b23093[p=HttpParser{s=START,0 of -1},g=HttpGenerator@3836ad5b{s=START}]=>HttpChannelOverHttp@396c32d4{s=HttpChannelState@45523295{s=IDLE rs=BLOCKING os=OPEN is=IDLE awp=false se=false i=true al=0},r=1,c=false/false,a=IDLE,uri=null,age=0}}}
02:33:24.476 [qtp1221981006-46] DEBUG org.eclipse.jetty.io.ChannelEndPoint - changeInterests p=false 0->1 for SocketChannelEndPoint@2df60c40{l=/127.0.0.1:39679,r=/127.0.0.1:50208,OPEN,fill=FI,flush=-,to=0/30000}{io=0/1,kio=0,kro=1}->SslConnection@113ac481{NOT_HANDSHAKING,eio=-1/-1,di=-1,fill=INTERESTED,flush=IDLE}~>DecryptedEndPoint@1e824c5d{l=/127.0.0.1:39679,r=/127.0.0.1:50208,OPEN,fill=FI,flush=-,to=0/30000}=>HttpConnection@73b23093[p=HttpParser{s=START,0 of -1},g=HttpGenerator@3836ad5b{s=START}]=>HttpChannelOverHttp@396c32d4{s=HttpChannelState@45523295{s=IDLE rs=BLOCKING os=OPEN is=IDLE awp=false se=false i=true al=0},r=1,c=false/false,a=IDLE,uri=null,age=0}
02:33:24.476 [qtp1221981006-46] DEBUG org.eclipse.jetty.io.ManagedSelector - Queued change lazy=false org.eclipse.jetty.io.ChannelEndPoint$$Lambda$255/1238156519@66f4d402 on ManagedSelector@77a7cf58{STARTED} id=1 keys=1 selected=0 updates=0
02:33:24.476 [qtp1221981006-46] DEBUG org.eclipse.jetty.io.ManagedSelector - Wakeup on submit ManagedSelector@77a7cf58{STARTED} id=1 keys=1 selected=0 updates=1
02:33:24.476 [qtp1221981006-46] DEBUG org.eclipse.jetty.server.HttpConnection - HttpConnection@73b23093::DecryptedEndPoint@1e824c5d{l=/127.0.0.1:39679,r=/127.0.0.1:50208,OPEN,fill=FI,flush=-,to=0/30000} onFillable exit HttpChannelState@45523295{s=IDLE rs=BLOCKING os=OPEN is=IDLE awp=false se=false i=true al=0} null
02:33:24.476 [qtp1221981006-51] DEBUG org.eclipse.jetty.io.ManagedSelector - Selector sun.nio.ch.EPollSelectorImpl@55c2a0a3 woken with none selected
02:33:24.476 [qtp1221981006-51] DEBUG org.eclipse.jetty.io.ManagedSelector - Selector sun.nio.ch.EPollSelectorImpl@55c2a0a3 woken up from select, 0/0/1 selected
02:33:24.476 [qtp1221981006-51] DEBUG org.eclipse.jetty.io.ManagedSelector - Selector sun.nio.ch.EPollSelectorImpl@55c2a0a3 processing 0 keys, 1 updates
02:33:24.476 [qtp1221981006-51] DEBUG org.eclipse.jetty.io.ManagedSelector - updateable 1
02:33:24.476 [qtp1221981006-51] DEBUG org.eclipse.jetty.io.ManagedSelector - update org.eclipse.jetty.io.ChannelEndPoint$$Lambda$255/1238156519@66f4d402
02:33:24.476 [qtp1221981006-51] DEBUG org.eclipse.jetty.io.ChannelEndPoint - Key interests updated 0 -> 1 on SocketChannelEndPoint@2df60c40{l=/127.0.0.1:39679,r=/127.0.0.1:50208,OPEN,fill=FI,flush=-,to=0/30000}{io=1/1,kio=1,kro=1}->SslConnection@113ac481{NOT_HANDSHAKING,eio=-1/-1,di=-1,fill=INTERESTED,flush=IDLE}~>DecryptedEndPoint@1e824c5d{l=/127.0.0.1:39679,r=/127.0.0.1:50208,OPEN,fill=FI,flush=-,to=0/30000}=>HttpConnection@73b23093[p=HttpParser{s=START,0 of -1},g=HttpGenerator@3836ad5b{s=START}]=>HttpChannelOverHttp@396c32d4{s=HttpChannelState@45523295{s=IDLE rs=BLOCKING os=OPEN is=IDLE awp=false se=false i=true al=0},r=1,c=false/false,a=IDLE,uri=null,age=0}
02:33:24.476 [qtp1221981006-46] DEBUG org.eclipse.jetty.io.ssl.SslConnection - <c.onFillable SslConnection@113ac481::SocketChannelEndPoint@2df60c40{l=/127.0.0.1:39679,r=/127.0.0.1:50208,OPEN,fill=FI,flush=-,to=0/30000}{io=0/1,kio=0,kro=1}->SslConnection@113ac481{NOT_HANDSHAKING,eio=-1/-1,di=-1,fill=INTERESTED,flush=IDLE}~>DecryptedEndPoint@1e824c5d{l=/127.0.0.1:39679,r=/127.0.0.1:50208,OPEN,fill=FI,flush=-,to=0/30000}=>HttpConnection@73b23093[p=HttpParser{s=START,0 of -1},g=HttpGenerator@3836ad5b{s=START}]=>HttpChannelOverHttp@396c32d4{s=HttpChannelState@45523295{s=IDLE rs=BLOCKING os=OPEN is=IDLE awp=false se=false i=true al=0},r=1,c=false/false,a=IDLE,uri=null,age=0}
02:33:24.476 [qtp1221981006-51] DEBUG org.eclipse.jetty.io.ManagedSelector - updates 0
02:33:24.476 [qtp1221981006-51] DEBUG org.eclipse.jetty.io.ManagedSelector - Selector sun.nio.ch.EPollSelectorImpl@55c2a0a3 waiting with 1 keys
02:33:24.476 [qtp1221981006-46] DEBUG org.eclipse.jetty.util.thread.QueuedThreadPool - ran org.eclipse.jetty.io.ManagedSelector$$Lambda$253/838473569@1dd6d4b7 in QueuedThreadPool[qtp1221981006]@48d5f34e{STARTED,8<=8<=200,i=1,r=-1,q=0}[ReservedThreadExecutor@6f152006{reserved=1/8,pending=0}]
02:33:24.476 [qtp1221981006-51] DEBUG org.eclipse.jetty.io.ManagedSelector - Selector sun.nio.ch.EPollSelectorImpl@55c2a0a3 woken up from select, 1/1/1 selected
02:33:24.476 [qtp1221981006-51] DEBUG org.eclipse.jetty.io.ManagedSelector - Selector sun.nio.ch.EPollSelectorImpl@55c2a0a3 processing 1 keys, 0 updates
02:33:24.476 [qtp1221981006-51] DEBUG org.eclipse.jetty.io.ManagedSelector - selected 1 sun.nio.ch.SelectionKeyImpl@5b05446b SocketChannelEndPoint@2df60c40{l=/127.0.0.1:39679,r=/127.0.0.1:50208,OPEN,fill=FI,flush=-,to=0/30000}{io=1/1,kio=1,kro=1}->SslConnection@113ac481{NOT_HANDSHAKING,eio=-1/-1,di=-1,fill=INTERESTED,flush=IDLE}~>DecryptedEndPoint@1e824c5d{l=/127.0.0.1:39679,r=/127.0.0.1:50208,OPEN,fill=FI,flush=-,to=0/30000}=>HttpConnection@73b23093[p=HttpParser{s=START,0 of -1},g=HttpGenerator@3836ad5b{s=START}]=>HttpChannelOverHttp@396c32d4{s=HttpChannelState@45523295{s=IDLE rs=BLOCKING os=OPEN is=IDLE awp=false se=false i=true al=0},r=1,c=false/false,a=IDLE,uri=null,age=0} 
02:33:24.476 [qtp1221981006-51] DEBUG org.eclipse.jetty.io.ChannelEndPoint - onSelected 1->0 r=true w=false for SocketChannelEndPoint@2df60c40{l=/127.0.0.1:39679,r=/127.0.0.1:50208,OPEN,fill=FI,flush=-,to=0/30000}{io=1/0,kio=1,kro=1}->SslConnection@113ac481{NOT_HANDSHAKING,eio=-1/-1,di=-1,fill=INTERESTED,flush=IDLE}~>DecryptedEndPoint@1e824c5d{l=/127.0.0.1:39679,r=/127.0.0.1:50208,OPEN,fill=FI,flush=-,to=0/30000}=>HttpConnection@73b23093[p=HttpParser{s=START,0 of -1},g=HttpGenerator@3836ad5b{s=START}]=>HttpChannelOverHttp@396c32d4{s=HttpChannelState@45523295{s=IDLE rs=BLOCKING os=OPEN is=IDLE awp=false se=false i=true al=0},r=1,c=false/false,a=IDLE,uri=null,age=0}
02:33:24.477 [qtp1221981006-51] DEBUG org.eclipse.jetty.io.ChannelEndPoint - task CEP:SocketChannelEndPoint@2df60c40{l=/127.0.0.1:39679,r=/127.0.0.1:50208,OPEN,fill=FI,flush=-,to=0/30000}{io=1/0,kio=1,kro=1}->SslConnection@113ac481{NOT_HANDSHAKING,eio=-1/-1,di=-1,fill=INTERESTED,flush=IDLE}~>DecryptedEndPoint@1e824c5d{l=/127.0.0.1:39679,r=/127.0.0.1:50208,OPEN,fill=FI,flush=-,to=1/30000}=>HttpConnection@73b23093[p=HttpParser{s=START,0 of -1},g=HttpGenerator@3836ad5b{s=START}]=>HttpChannelOverHttp@396c32d4{s=HttpChannelState@45523295{s=IDLE rs=BLOCKING os=OPEN is=IDLE awp=false se=false i=true al=0},r=1,c=false/false,a=IDLE,uri=null,age=0}:runFillable:BLOCKING
02:33:24.477 [qtp1221981006-51] DEBUG org.eclipse.jetty.util.thread.ReservedThreadExecutor - ReservedThreadExecutor@6f152006{reserved=1/8,pending=0} tryExecute EatWhatYouKill@4d722ac9/SelectorProducer@53f0a4cb/PRODUCING/p=false/QueuedThreadPool[qtp1221981006]@48d5f34e{STARTED,8<=8<=200,i=2,r=-1,q=0}[ReservedThreadExecutor@6f152006{reserved=1/8,pending=0}][pc=0,pic=0,pec=1,epc=1]@2024-05-02T02:33:24.477+01:00
02:33:24.477 [qtp1221981006-51] DEBUG org.eclipse.jetty.util.thread.ReservedThreadExecutor - ReservedThreadExecutor@6f152006{reserved=0/8,pending=1} startReservedThread p=1
02:33:24.477 [qtp1221981006-51] DEBUG org.eclipse.jetty.util.thread.QueuedThreadPool - queue ReservedThread@d9dcfb1{PENDING,thread=null} startThread=0
02:33:24.477 [qtp1221981006-52] DEBUG org.eclipse.jetty.util.thread.QueuedThreadPool - run ReservedThread@d9dcfb1{PENDING,thread=null} in QueuedThreadPool[qtp1221981006]@48d5f34e{STARTED,8<=8<=200,i=1,r=-1,q=0}[ReservedThreadExecutor@6f152006{reserved=0/8,pending=1}]
02:33:24.477 [qtp1221981006-52] DEBUG org.eclipse.jetty.util.thread.ReservedThreadExecutor - ReservedThread@d9dcfb1{PENDING,thread=Thread[qtp1221981006-52,5,main]} was=PENDING next=RESERVED size=0+1 capacity=8
02:33:24.477 [qtp1221981006-52] DEBUG org.eclipse.jetty.util.thread.ReservedThreadExecutor - ReservedThread@d9dcfb1{RESERVED,thread=Thread[qtp1221981006-52,5,main]} waiting ReservedThreadExecutor@6f152006{reserved=1/8,pending=0}
02:33:24.477 [qtp1221981006-50] DEBUG org.eclipse.jetty.util.thread.ReservedThreadExecutor - ReservedThread@1a384e50{RESERVED,thread=Thread[qtp1221981006-50,5,main]} task=EatWhatYouKill@4d722ac9/SelectorProducer@53f0a4cb/IDLE/p=true/QueuedThreadPool[qtp1221981006]@48d5f34e{STARTED,8<=8<=200,i=1,r=-1,q=0}[ReservedThreadExecutor@6f152006{reserved=0/8,pending=1}][pc=0,pic=0,pec=1,epc=1]@2024-05-02T02:33:24.477+01:00 ReservedThreadExecutor@6f152006{reserved=1/8,pending=0}
02:33:24.477 [qtp1221981006-50] DEBUG org.eclipse.jetty.util.thread.strategy.EatWhatYouKill - EatWhatYouKill@4d722ac9/SelectorProducer@53f0a4cb/IDLE/p=true/QueuedThreadPool[qtp1221981006]@48d5f34e{STARTED,8<=8<=200,i=1,r=-1,q=0}[ReservedThreadExecutor@6f152006{reserved=1/8,pending=0}][pc=0,pic=0,pec=1,epc=1]@2024-05-02T02:33:24.477+01:00 tryProduce true
02:33:24.477 [qtp1221981006-51] DEBUG org.eclipse.jetty.util.thread.strategy.EatWhatYouKill - EatWhatYouKill@4d722ac9/SelectorProducer@53f0a4cb/IDLE/p=true/QueuedThreadPool[qtp1221981006]@48d5f34e{STARTED,8<=8<=200,i=1,r=-1,q=0}[ReservedThreadExecutor@6f152006{reserved=1/8,pending=0}][pc=0,pic=0,pec=1,epc=1]@2024-05-02T02:33:24.477+01:00 m=EXECUTE_PRODUCE_CONSUME t=CEP:SocketChannelEndPoint@2df60c40{l=/127.0.0.1:39679,r=/127.0.0.1:50208,OPEN,fill=FI,flush=-,to=1/30000}{io=1/0,kio=1,kro=1}->SslConnection@113ac481{NOT_HANDSHAKING,eio=-1/-1,di=-1,fill=INTERESTED,flush=IDLE}~>DecryptedEndPoint@1e824c5d{l=/127.0.0.1:39679,r=/127.0.0.1:50208,OPEN,fill=FI,flush=-,to=1/30000}=>HttpConnection@73b23093[p=HttpParser{s=START,0 of -1},g=HttpGenerator@3836ad5b{s=START}]=>HttpChannelOverHttp@396c32d4{s=HttpChannelState@45523295{s=IDLE rs=BLOCKING os=OPEN is=IDLE awp=false se=false i=true al=0},r=1,c=false/false,a=IDLE,uri=null,age=0}:runFillable:BLOCKING/BLOCKING
02:33:24.477 [qtp1221981006-50] DEBUG org.eclipse.jetty.io.ManagedSelector - updateable 0
02:33:24.477 [qtp1221981006-50] DEBUG org.eclipse.jetty.io.ManagedSelector - updates 0
02:33:24.477 [qtp1221981006-51] DEBUG org.eclipse.jetty.io.FillInterest - fillable FillInterest@1ce4e4ab{SSLC.NBReadCB@113ac481{SslConnection@113ac481::SocketChannelEndPoint@2df60c40{l=/127.0.0.1:39679,r=/127.0.0.1:50208,OPEN,fill=FI,flush=-,to=1/30000}{io=1/0,kio=1,kro=1}->SslConnection@113ac481{NOT_HANDSHAKING,eio=-1/-1,di=-1,fill=INTERESTED,flush=IDLE}~>DecryptedEndPoint@1e824c5d{l=/127.0.0.1:39679,r=/127.0.0.1:50208,OPEN,fill=FI,flush=-,to=1/30000}=>HttpConnection@73b23093[p=HttpParser{s=START,0 of -1},g=HttpGenerator@3836ad5b{s=START}]=>HttpChannelOverHttp@396c32d4{s=HttpChannelState@45523295{s=IDLE rs=BLOCKING os=OPEN is=IDLE awp=false se=false i=true al=0},r=1,c=false/false,a=IDLE,uri=null,age=0}}}
02:33:24.477 [qtp1221981006-50] DEBUG org.eclipse.jetty.io.ChannelEndPoint - Key interests updated 1 -> 0 on SocketChannelEndPoint@2df60c40{l=/127.0.0.1:39679,r=/127.0.0.1:50208,OPEN,fill=FI,flush=-,to=1/30000}{io=0/0,kio=0,kro=1}->SslConnection@113ac481{NOT_HANDSHAKING,eio=-1/-1,di=-1,fill=INTERESTED,flush=IDLE}~>DecryptedEndPoint@1e824c5d{l=/127.0.0.1:39679,r=/127.0.0.1:50208,OPEN,fill=FI,flush=-,to=1/30000}=>HttpConnection@73b23093[p=HttpParser{s=START,0 of -1},g=HttpGenerator@3836ad5b{s=START}]=>HttpChannelOverHttp@396c32d4{s=HttpChannelState@45523295{s=IDLE rs=BLOCKING os=OPEN is=IDLE awp=false se=false i=true al=0},r=1,c=false/false,a=IDLE,uri=null,age=0}
02:33:24.477 [qtp1221981006-50] DEBUG org.eclipse.jetty.io.ManagedSelector - Selector sun.nio.ch.EPollSelectorImpl@55c2a0a3 waiting with 1 keys
02:33:24.477 [qtp1221981006-51] DEBUG org.eclipse.jetty.io.ssl.SslConnection - >c.onFillable SslConnection@113ac481::SocketChannelEndPoint@2df60c40{l=/127.0.0.1:39679,r=/127.0.0.1:50208,OPEN,fill=-,flush=-,to=1/30000}{io=0/0,kio=0,kro=1}->SslConnection@113ac481{NOT_HANDSHAKING,eio=-1/-1,di=-1,fill=INTERESTED,flush=IDLE}~>DecryptedEndPoint@1e824c5d{l=/127.0.0.1:39679,r=/127.0.0.1:50208,OPEN,fill=FI,flush=-,to=1/30000}=>HttpConnection@73b23093[p=HttpParser{s=START,0 of -1},g=HttpGenerator@3836ad5b{s=START}]=>HttpChannelOverHttp@396c32d4{s=HttpChannelState@45523295{s=IDLE rs=BLOCKING os=OPEN is=IDLE awp=false se=false i=true al=0},r=1,c=false/false,a=IDLE,uri=null,age=0}
02:33:24.478 [qtp1221981006-51] DEBUG org.eclipse.jetty.io.ssl.SslConnection - onFillable SslConnection@113ac481::SocketChannelEndPoint@2df60c40{l=/127.0.0.1:39679,r=/127.0.0.1:50208,OPEN,fill=-,flush=-,to=1/30000}{io=0/0,kio=0,kro=1}->SslConnection@113ac481{NOT_HANDSHAKING,eio=-1/-1,di=-1,fill=INTERESTED,flush=IDLE}~>DecryptedEndPoint@1e824c5d{l=/127.0.0.1:39679,r=/127.0.0.1:50208,OPEN,fill=FI,flush=-,to=2/30000}=>HttpConnection@73b23093[p=HttpParser{s=START,0 of -1},g=HttpGenerator@3836ad5b{s=START}]=>HttpChannelOverHttp@396c32d4{s=HttpChannelState@45523295{s=IDLE rs=BLOCKING os=OPEN is=IDLE awp=false se=false i=true al=0},r=1,c=false/false,a=IDLE,uri=null,age=0}
02:33:24.478 [qtp1221981006-51] DEBUG org.eclipse.jetty.io.FillInterest - fillable FillInterest@5725b9ec{AC.ReadCB@73b23093{HttpConnection@73b23093::DecryptedEndPoint@1e824c5d{l=/127.0.0.1:39679,r=/127.0.0.1:50208,OPEN,fill=FI,flush=-,to=2/30000}}}
02:33:24.478 [qtp1221981006-51] DEBUG org.eclipse.jetty.server.HttpConnection - HttpConnection@73b23093::DecryptedEndPoint@1e824c5d{l=/127.0.0.1:39679,r=/127.0.0.1:50208,OPEN,fill=-,flush=-,to=2/30000} onFillable enter HttpChannelState@45523295{s=IDLE rs=BLOCKING os=OPEN is=IDLE awp=false se=false i=true al=0} null
02:33:24.478 [qtp1221981006-51] DEBUG org.eclipse.jetty.io.ssl.SslConnection - >fill SslConnection@113ac481::SocketChannelEndPoint@2df60c40{l=/127.0.0.1:39679,r=/127.0.0.1:50208,OPEN,fill=-,flush=-,to=1/30000}{io=0/0,kio=0,kro=1}->SslConnection@113ac481{NOT_HANDSHAKING,eio=-1/-1,di=-1,fill=IDLE,flush=IDLE}~>DecryptedEndPoint@1e824c5d{l=/127.0.0.1:39679,r=/127.0.0.1:50208,OPEN,fill=-,flush=-,to=2/30000}=>HttpConnection@73b23093[p=HttpParser{s=START,0 of -1},g=HttpGenerator@3836ad5b{s=START}]=>HttpChannelOverHttp@396c32d4{s=HttpChannelState@45523295{s=IDLE rs=BLOCKING os=OPEN is=IDLE awp=false se=false i=true al=0},r=1,c=false/false,a=IDLE,uri=null,age=0}
02:33:24.478 [qtp1221981006-51] DEBUG org.eclipse.jetty.io.ssl.SslConnection - fill NOT_HANDSHAKING
02:33:24.478 [qtp1221981006-51] DEBUG org.eclipse.jetty.io.ChannelEndPoint - filled 258 HeapByteBuffer@5275a4a0[p=0,l=258,c=17408,r=258]={<<<\x17\x03\x03\x00\xFd?}N?nH<jZ\xD2\x8c\xBbE#j\xEdk\x1fEZ...\xAb\xB2\xEf*\x17\x93s\x0c\x8f\x01NJu\x11%H"7dO\x9e!\xD5>>>\xD6\xEc\xBd\x15rW\x9aVf...\x00\x00\x00\x00\x00\x00\x00}
02:33:24.478 [qtp1221981006-51] DEBUG org.eclipse.jetty.io.ssl.SslConnection - net filled=258
02:33:24.478 [qtp1221981006-51] DEBUG org.eclipse.jetty.io.ssl.SslConnection - unwrap net_filled=258 Status = OK HandshakeStatus = NOT_HANDSHAKING bytesConsumed = 258 bytesProduced = 220 encryptedBuffer=[p=258,l=258,c=17408,r=0] unwrapBuffer=HeapByteBuffer@5e09d04b[p=0,l=220,c=17408,r=220]={<<<POST / HTTP/1.1\r\ncharset:...\nThis is a test string.>>>;#\x1e\xDc\x1a-<-\xDa...\x00\x00\x00\x00\x00\x00\x00} appBuffer=HeapByteBuffer@5e09d04b[p=0,l=220,c=17408,r=220]={<<<POST / HTTP/1.1\r\ncharset:...\nThis is a test string.>>>;#\x1e\xDc\x1a-<-\xDa...\x00\x00\x00\x00\x00\x00\x00}
02:33:24.478 [qtp1221981006-51] DEBUG org.eclipse.jetty.io.ssl.SslConnection - <fill f=220 uf=false SslConnection@113ac481::SocketChannelEndPoint@2df60c40{l=/127.0.0.1:39679,r=/127.0.0.1:50208,OPEN,fill=-,flush=-,to=0/30000}{io=0/0,kio=0,kro=1}->SslConnection@113ac481{NOT_HANDSHAKING,eio=-1/-1,di=-1,fill=IDLE,flush=IDLE}~>DecryptedEndPoint@1e824c5d{l=/127.0.0.1:39679,r=/127.0.0.1:50208,OPEN,fill=-,flush=-,to=2/30000}=>HttpConnection@73b23093[p=HttpParser{s=START,0 of -1},g=HttpGenerator@3836ad5b{s=START}]=>HttpChannelOverHttp@396c32d4{s=HttpChannelState@45523295{s=IDLE rs=BLOCKING os=OPEN is=IDLE awp=false se=false i=true al=0},r=1,c=false/false,a=IDLE,uri=null,age=0}
02:33:24.478 [qtp1221981006-51] DEBUG org.eclipse.jetty.server.HttpConnection - HttpConnection@73b23093::DecryptedEndPoint@1e824c5d{l=/127.0.0.1:39679,r=/127.0.0.1:50208,OPEN,fill=-,flush=-,to=2/30000} filled 220 HeapByteBuffer@5e09d04b[p=0,l=220,c=17408,r=220]={<<<POST / HTTP/1.1\r\ncharset:...\nThis is a test string.>>>;#\x1e\xDc\x1a-<-\xDa...\x00\x00\x00\x00\x00\x00\x00}
02:33:24.478 [qtp1221981006-51] DEBUG org.eclipse.jetty.server.HttpConnection - HttpConnection@73b23093::DecryptedEndPoint@1e824c5d{l=/127.0.0.1:39679,r=/127.0.0.1:50208,OPEN,fill=-,flush=-,to=2/30000} parse HeapByteBuffer@5e09d04b[p=0,l=220,c=17408,r=220]={<<<POST / HTTP/1.1\r\ncharset:...\nThis is a test string.>>>;#\x1e\xDc\x1a-<-\xDa...\x00\x00\x00\x00\x00\x00\x00} {}
02:33:24.478 [qtp1221981006-51] DEBUG org.eclipse.jetty.http.HttpParser - parseNext s=START HeapByteBuffer@5e09d04b[p=0,l=220,c=17408,r=220]={<<<POST / HTTP/1.1\r\ncharset:...\nThis is a test string.>>>;#\x1e\xDc\x1a-<-\xDa...\x00\x00\x00\x00\x00\x00\x00}
02:33:24.478 [qtp1221981006-51] DEBUG org.eclipse.jetty.http.HttpParser - START --> SPACE1
02:33:24.478 [qtp1221981006-51] DEBUG org.eclipse.jetty.http.HttpParser - SPACE1 --> URI
02:33:24.478 [qtp1221981006-51] DEBUG org.eclipse.jetty.http.HttpParser - URI --> SPACE2
02:33:24.478 [qtp1221981006-51] DEBUG org.eclipse.jetty.http.HttpParser - SPACE2 --> REQUEST_VERSION
02:33:24.478 [qtp1221981006-51] DEBUG org.eclipse.jetty.http.HttpParser - REQUEST_VERSION --> HEADER
02:33:24.478 [qtp1221981006-51] DEBUG org.eclipse.jetty.http.HttpParser - HEADER: --> IN_NAME
02:33:24.478 [qtp1221981006-51] DEBUG org.eclipse.jetty.http.HttpParser - HEADER:charset --> VALUE
02:33:24.478 [qtp1221981006-51] DEBUG org.eclipse.jetty.http.HttpParser - HEADER:charset --> IN_VALUE
02:33:24.478 [qtp1221981006-51] DEBUG org.eclipse.jetty.http.HttpParser - HEADER:charset --> FIELD
02:33:24.478 [qtp1221981006-51] DEBUG org.eclipse.jetty.http.HttpParser - HEADER:Content-Type --> VALUE
02:33:24.478 [qtp1221981006-51] DEBUG org.eclipse.jetty.http.HttpParser - HEADER:Content-Type --> IN_VALUE
02:33:24.478 [qtp1221981006-51] DEBUG org.eclipse.jetty.http.HttpParser - HEADER:Content-Type --> FIELD
02:33:24.478 [qtp1221981006-51] DEBUG org.eclipse.jetty.http.HttpParser - HEADER:Content-Length --> VALUE
02:33:24.478 [qtp1221981006-51] DEBUG org.eclipse.jetty.http.HttpParser - HEADER:Content-Length --> IN_VALUE
02:33:24.478 [qtp1221981006-51] DEBUG org.eclipse.jetty.http.HttpParser - HEADER:Content-Length --> FIELD
02:33:24.478 [qtp1221981006-51] DEBUG org.eclipse.jetty.http.HttpParser - HEADER:Host: localhost:39679 --> IN_VALUE
02:33:24.479 [qtp1221981006-51] DEBUG org.eclipse.jetty.http.HttpParser - HEADER:Host: localhost:39679 --> FIELD
02:33:24.479 [qtp1221981006-51] DEBUG org.eclipse.jetty.http.HttpParser - HEADER:Connection: keep-alive --> IN_VALUE
02:33:24.479 [qtp1221981006-51] DEBUG org.eclipse.jetty.http.HttpParser - HEADER:Connection: keep-alive --> FIELD
02:33:24.479 [qtp1221981006-51] DEBUG org.eclipse.jetty.http.HttpParser - HEADER:Accept-Encoding: gzip --> IN_VALUE
02:33:24.479 [qtp1221981006-51] DEBUG org.eclipse.jetty.http.HttpParser - HEADER:Accept-Encoding: gzip --> FIELD
02:33:24.479 [qtp1221981006-51] DEBUG org.eclipse.jetty.http.HttpParser - HEADER:User-Agent: okhttp/3.12.3 --> IN_VALUE
02:33:24.479 [qtp1221981006-51] DEBUG org.eclipse.jetty.http.HttpParser - HEADER:User-Agent: okhttp/3.12.3 --> FIELD
02:33:24.479 [qtp1221981006-51] DEBUG org.eclipse.jetty.http.HttpParser - HEADER --> CONTENT
02:33:24.479 [qtp1221981006-51] DEBUG org.eclipse.jetty.server.HttpChannel - REQUEST for //localhost:39679/ on HttpChannelOverHttp@396c32d4{s=HttpChannelState@45523295{s=IDLE rs=BLOCKING os=OPEN is=IDLE awp=false se=false i=true al=0},r=2,c=false/false,a=IDLE,uri=//localhost:39679/,age=0}
POST //localhost:39679/ HTTP/1.1
charset: UTF-8
Content-Type: text/x-markdown; charset=utf-8
Content-Length: 22
Host: localhost:39679
Connection: keep-alive
Accept-Encoding: gzip
User-Agent: okhttp/3.12.3


02:33:24.479 [qtp1221981006-51] DEBUG org.eclipse.jetty.server.HttpConnection - HttpConnection@73b23093::DecryptedEndPoint@1e824c5d{l=/127.0.0.1:39679,r=/127.0.0.1:50208,OPEN,fill=-,flush=-,to=3/30000} parsed true HttpParser{s=CONTENT,0 of 22}
02:33:24.479 [qtp1221981006-51] DEBUG org.eclipse.jetty.server.HttpChannel - handle //localhost:39679/ HttpChannelOverHttp@396c32d4{s=HttpChannelState@45523295{s=IDLE rs=BLOCKING os=OPEN is=IDLE awp=false se=false i=true al=0},r=2,c=false/false,a=IDLE,uri=//localhost:39679/,age=0} 
02:33:24.479 [qtp1221981006-51] DEBUG org.eclipse.jetty.server.HttpChannelState - handling HttpChannelState@45523295{s=IDLE rs=BLOCKING os=OPEN is=IDLE awp=false se=false i=true al=0}
02:33:24.479 [qtp1221981006-51] DEBUG org.eclipse.jetty.server.HttpChannel - action DISPATCH HttpChannelOverHttp@396c32d4{s=HttpChannelState@45523295{s=HANDLING rs=BLOCKING os=OPEN is=IDLE awp=false se=false i=true al=0},r=2,c=false/false,a=HANDLING,uri=//localhost:39679/,age=0}
02:33:24.479 [qtp1221981006-51] DEBUG org.eclipse.jetty.server.SecureRequestCustomizer - Host localhost with SNI null
02:33:24.479 [qtp1221981006-51] DEBUG org.eclipse.jetty.server.Server - REQUEST POST / on HttpChannelOverHttp@396c32d4{s=HttpChannelState@45523295{s=HANDLING rs=BLOCKING os=OPEN is=IDLE awp=false se=false i=true al=0},r=2,c=false/false,a=HANDLING,uri=https://localhost:39679/,age=0}
02:33:24.479 [qtp1221981006-51] INFO org.apache.nifi.minifi.bootstrap.configuration.ingestors.RestChangeIngestor - >>>>>>>>>>>>>>>>>>>>>>>>>>>>>>>>>>>>>>>>>>>>
02:33:24.479 [qtp1221981006-51] INFO org.apache.nifi.minifi.bootstrap.configuration.ingestors.RestChangeIngestor - request method = POST
02:33:24.479 [qtp1221981006-51] INFO org.apache.nifi.minifi.bootstrap.configuration.ingestors.RestChangeIngestor - request url = https://localhost:39679/
02:33:24.479 [qtp1221981006-51] INFO org.apache.nifi.minifi.bootstrap.configuration.ingestors.RestChangeIngestor - context path = null
02:33:24.479 [qtp1221981006-51] INFO org.apache.nifi.minifi.bootstrap.configuration.ingestors.RestChangeIngestor - request content type = text/x-markdown; charset=utf-8
02:33:24.479 [qtp1221981006-51] INFO org.apache.nifi.minifi.bootstrap.configuration.ingestors.RestChangeIngestor - <<<<<<<<<<<<<<<<<<<<<<<<<<<<<<<<<<<<<<<<<<<<
02:33:24.479 [qtp1221981006-51] DEBUG org.eclipse.jetty.server.HttpConnection - HttpConnection@73b23093::DecryptedEndPoint@1e824c5d{l=/127.0.0.1:39679,r=/127.0.0.1:50208,OPEN,fill=-,flush=-,to=3/30000} parse HeapByteBuffer@5e09d04b[p=198,l=220,c=17408,r=22]={POST / HT...2.3\r\n\r\n<<<This is a test string.>>>;#\x1e\xDc\x1a-<-\xDa...\x00\x00\x00\x00\x00\x00\x00} {}
02:33:24.480 [qtp1221981006-51] DEBUG org.eclipse.jetty.http.HttpParser - parseNext s=CONTENT HeapByteBuffer@5e09d04b[p=198,l=220,c=17408,r=22]={POST / HT...2.3\r\n\r\n<<<This is a test string.>>>;#\x1e\xDc\x1a-<-\xDa...\x00\x00\x00\x00\x00\x00\x00}
02:33:24.480 [qtp1221981006-51] DEBUG org.eclipse.jetty.server.HttpChannel - onContent HttpChannelOverHttp@396c32d4{s=HttpChannelState@45523295{s=HANDLING rs=BLOCKING os=OPEN is=IDLE awp=false se=false i=true al=0},r=2,c=false/false,a=HANDLING,uri=https://localhost:39679/,age=1} Content@35a2072{HeapByteBufferR@765a4c1[p=198,l=220,c=17408,r=22]={POST / HT...2.3\r\n\r\n<<<This is a test string.>>>;#\x1e\xDc\x1a-<-\xDa...\x00\x00\x00\x00\x00\x00\x00}}
02:33:24.480 [qtp1221981006-51] DEBUG org.eclipse.jetty.server.HttpInput - HttpInputOverHTTP@11c6da18[c=0,q=0,[0]=null,s=STREAM] addContent Content@35a2072{HeapByteBufferR@765a4c1[p=198,l=220,c=17408,r=22]={POST / HT...2.3\r\n\r\n<<<This is a test string.>>>;#\x1e\xDc\x1a-<-\xDa...\x00\x00\x00\x00\x00\x00\x00}}
02:33:24.480 [qtp1221981006-51] DEBUG org.eclipse.jetty.http.HttpParser - CONTENT --> CONTENT_END
02:33:24.480 [qtp1221981006-51] DEBUG org.eclipse.jetty.server.HttpChannel - onContentComplete HttpChannelOverHttp@396c32d4{s=HttpChannelState@45523295{s=HANDLING rs=BLOCKING os=OPEN is=IDLE awp=false se=false i=true al=0},r=2,c=false/false,a=HANDLING,uri=https://localhost:39679/,age=1}
02:33:24.480 [qtp1221981006-51] DEBUG org.eclipse.jetty.http.HttpParser - CONTENT_END --> END
02:33:24.480 [qtp1221981006-51] DEBUG org.eclipse.jetty.server.HttpChannel - onRequestComplete HttpChannelOverHttp@396c32d4{s=HttpChannelState@45523295{s=HANDLING rs=BLOCKING os=OPEN is=IDLE awp=false se=false i=true al=0},r=2,c=false/false,a=HANDLING,uri=https://localhost:39679/,age=1}
02:33:24.480 [qtp1221981006-51] DEBUG org.eclipse.jetty.server.HttpInput - HttpInputOverHTTP@11c6da18[c=0,q=1,[0]=EOF,s=STREAM] addContent EOF
02:33:24.480 [qtp1221981006-51] DEBUG org.eclipse.jetty.server.HttpConnection - HttpConnection@73b23093::DecryptedEndPoint@1e824c5d{l=/127.0.0.1:39679,r=/127.0.0.1:50208,OPEN,fill=-,flush=-,to=4/30000} parsed false HttpParser{s=END,22 of 22}
02:33:24.480 [qtp1221981006-51] DEBUG org.eclipse.jetty.server.HttpInput - HttpInputOverHTTP@11c6da18[c=1,q=1,[0]=EOF,s=STREAM] read 1 from Content@35a2072{HeapByteBufferR@765a4c1[p=199,l=220,c=17408,r=21]={POST / HT....3\r\n\r\nT<<<his is a test string.>>>;#\x1e\xDc\x1a-<-\xDa...\x00\x00\x00\x00\x00\x00\x00}}
02:33:24.480 [qtp1221981006-51] DEBUG org.eclipse.jetty.server.HttpInput - HttpInputOverHTTP@11c6da18[c=2,q=1,[0]=EOF,s=STREAM] read 1 from Content@35a2072{HeapByteBufferR@765a4c1[p=200,l=220,c=17408,r=20]={POST / HT...3\r\n\r\nTh<<<is is a test string.>>>;#\x1e\xDc\x1a-<-\xDa...\x00\x00\x00\x00\x00\x00\x00}}
02:33:24.480 [qtp1221981006-51] DEBUG org.eclipse.jetty.server.HttpInput - HttpInputOverHTTP@11c6da18[c=3,q=1,[0]=EOF,s=STREAM] read 1 from Content@35a2072{HeapByteBufferR@765a4c1[p=201,l=220,c=17408,r=19]={POST / HT...\r\n\r\nThi<<<s is a test string.>>>;#\x1e\xDc\x1a-<-\xDa...\x00\x00\x00\x00\x00\x00\x00}}
02:33:24.480 [qtp1221981006-51] DEBUG org.eclipse.jetty.server.HttpInput - HttpInputOverHTTP@11c6da18[c=4,q=1,[0]=EOF,s=STREAM] read 1 from Content@35a2072{HeapByteBufferR@765a4c1[p=202,l=220,c=17408,r=18]={POST / HT...\n\r\nThis<<< is a test string.>>>;#\x1e\xDc\x1a-<-\xDa...\x00\x00\x00\x00\x00\x00\x00}}
02:33:24.480 [qtp1221981006-51] DEBUG org.eclipse.jetty.server.HttpInput - HttpInputOverHTTP@11c6da18[c=5,q=1,[0]=EOF,s=STREAM] read 1 from Content@35a2072{HeapByteBufferR@765a4c1[p=203,l=220,c=17408,r=17]={POST / HT...\r\nThis <<<is a test string.>>>;#\x1e\xDc\x1a-<-\xDa...\x00\x00\x00\x00\x00\x00\x00}}
02:33:24.480 [qtp1221981006-51] DEBUG org.eclipse.jetty.server.HttpInput - HttpInputOverHTTP@11c6da18[c=6,q=1,[0]=EOF,s=STREAM] read 1 from Content@35a2072{HeapByteBufferR@765a4c1[p=204,l=220,c=17408,r=16]={POST / HT...\nThis i<<<s a test string.>>>;#\x1e\xDc\x1a-<-\xDa...\x00\x00\x00\x00\x00\x00\x00}}
02:33:24.480 [qtp1221981006-51] DEBUG org.eclipse.jetty.server.HttpInput - HttpInputOverHTTP@11c6da18[c=7,q=1,[0]=EOF,s=STREAM] read 1 from Content@35a2072{HeapByteBufferR@765a4c1[p=205,l=220,c=17408,r=15]={POST / HT...This is<<< a test string.>>>;#\x1e\xDc\x1a-<-\xDa...\x00\x00\x00\x00\x00\x00\x00}}
02:33:24.480 [qtp1221981006-51] DEBUG org.eclipse.jetty.server.HttpInput - HttpInputOverHTTP@11c6da18[c=8,q=1,[0]=EOF,s=STREAM] read 1 from Content@35a2072{HeapByteBufferR@765a4c1[p=206,l=220,c=17408,r=14]={POST / HT...his is <<<a test string.>>>;#\x1e\xDc\x1a-<-\xDa...\x00\x00\x00\x00\x00\x00\x00}}
02:33:24.480 [qtp1221981006-51] DEBUG org.eclipse.jetty.server.HttpInput - HttpInputOverHTTP@11c6da18[c=9,q=1,[0]=EOF,s=STREAM] read 1 from Content@35a2072{HeapByteBufferR@765a4c1[p=207,l=220,c=17408,r=13]={POST / HT...is is a<<< test string.>>>;#\x1e\xDc\x1a-<-\xDa...\x00\x00\x00\x00\x00\x00\x00}}
02:33:24.480 [qtp1221981006-51] DEBUG org.eclipse.jetty.server.HttpInput - HttpInputOverHTTP@11c6da18[c=10,q=1,[0]=EOF,s=STREAM] read 1 from Content@35a2072{HeapByteBufferR@765a4c1[p=208,l=220,c=17408,r=12]={POST / HT...s is a <<<test string.>>>;#\x1e\xDc\x1a-<-\xDa...\x00\x00\x00\x00\x00\x00\x00}}
02:33:24.480 [qtp1221981006-51] DEBUG org.eclipse.jetty.server.HttpInput - HttpInputOverHTTP@11c6da18[c=11,q=1,[0]=EOF,s=STREAM] read 1 from Content@35a2072{HeapByteBufferR@765a4c1[p=209,l=220,c=17408,r=11]={POST / HT... is a t<<<est string.>>>;#\x1e\xDc\x1a-<-\xDa...\x00\x00\x00\x00\x00\x00\x00}}
02:33:24.480 [qtp1221981006-51] DEBUG org.eclipse.jetty.server.HttpInput - HttpInputOverHTTP@11c6da18[c=12,q=1,[0]=EOF,s=STREAM] read 1 from Content@35a2072{HeapByteBufferR@765a4c1[p=210,l=220,c=17408,r=10]={POST / HT...is a te<<<st string.>>>;#\x1e\xDc\x1a-<-\xDa...\x00\x00\x00\x00\x00\x00\x00}}
02:33:24.480 [qtp1221981006-51] DEBUG org.eclipse.jetty.server.HttpInput - HttpInputOverHTTP@11c6da18[c=13,q=1,[0]=EOF,s=STREAM] read 1 from Content@35a2072{HeapByteBufferR@765a4c1[p=211,l=220,c=17408,r=9]={POST / HT...s a tes<<<t string.>>>;#\x1e\xDc\x1a-<-\xDa...\x00\x00\x00\x00\x00\x00\x00}}
02:33:24.480 [qtp1221981006-51] DEBUG org.eclipse.jetty.server.HttpInput - HttpInputOverHTTP@11c6da18[c=14,q=1,[0]=EOF,s=STREAM] read 1 from Content@35a2072{HeapByteBufferR@765a4c1[p=212,l=220,c=17408,r=8]={POST / HT... a test<<< string.>>>;#\x1e\xDc\x1a-<-\xDa...\x00\x00\x00\x00\x00\x00\x00}}
02:33:24.480 [qtp1221981006-51] DEBUG org.eclipse.jetty.server.HttpInput - HttpInputOverHTTP@11c6da18[c=15,q=1,[0]=EOF,s=STREAM] read 1 from Content@35a2072{HeapByteBufferR@765a4c1[p=213,l=220,c=17408,r=7]={POST / HT...a test <<<string.>>>;#\x1e\xDc\x1a-<-\xDa...\x00\x00\x00\x00\x00\x00\x00}}
02:33:24.480 [qtp1221981006-51] DEBUG org.eclipse.jetty.server.HttpInput - HttpInputOverHTTP@11c6da18[c=16,q=1,[0]=EOF,s=STREAM] read 1 from Content@35a2072{HeapByteBufferR@765a4c1[p=214,l=220,c=17408,r=6]={POST / HT... test s<<<tring.>>>;#\x1e\xDc\x1a-<-\xDa...\x00\x00\x00\x00\x00\x00\x00}}
02:33:24.481 [qtp1221981006-51] DEBUG org.eclipse.jetty.server.HttpInput - HttpInputOverHTTP@11c6da18[c=17,q=1,[0]=EOF,s=STREAM] read 1 from Content@35a2072{HeapByteBufferR@765a4c1[p=215,l=220,c=17408,r=5]={POST / HT...test st<<<ring.>>>;#\x1e\xDc\x1a-<-\xDa...\x00\x00\x00\x00\x00\x00\x00}}
02:33:24.481 [qtp1221981006-51] DEBUG org.eclipse.jetty.server.HttpInput - HttpInputOverHTTP@11c6da18[c=18,q=1,[0]=EOF,s=STREAM] read 1 from Content@35a2072{HeapByteBufferR@765a4c1[p=216,l=220,c=17408,r=4]={POST / HT...est str<<<ing.>>>;#\x1e\xDc\x1a-<-\xDa...\x00\x00\x00\x00\x00\x00\x00}}
02:33:24.481 [qtp1221981006-51] DEBUG org.eclipse.jetty.server.HttpInput - HttpInputOverHTTP@11c6da18[c=19,q=1,[0]=EOF,s=STREAM] read 1 from Content@35a2072{HeapByteBufferR@765a4c1[p=217,l=220,c=17408,r=3]={POST / HT...st stri<<<ng.>>>;#\x1e\xDc\x1a-<-\xDa...\x00\x00\x00\x00\x00\x00\x00}}
02:33:24.481 [qtp1221981006-51] DEBUG org.eclipse.jetty.server.HttpInput - HttpInputOverHTTP@11c6da18[c=20,q=1,[0]=EOF,s=STREAM] read 1 from Content@35a2072{HeapByteBufferR@765a4c1[p=218,l=220,c=17408,r=2]={POST / HT...t strin<<<g.>>>;#\x1e\xDc\x1a-<-\xDa...\x00\x00\x00\x00\x00\x00\x00}}
02:33:24.481 [qtp1221981006-51] DEBUG org.eclipse.jetty.server.HttpInput - HttpInputOverHTTP@11c6da18[c=21,q=1,[0]=EOF,s=STREAM] read 1 from Content@35a2072{HeapByteBufferR@765a4c1[p=219,l=220,c=17408,r=1]={POST / HT... string<<<.>>>;#\x1e\xDc\x1a-<-\xDa...\x00\x00\x00\x00\x00\x00\x00}}
02:33:24.481 [qtp1221981006-51] DEBUG org.eclipse.jetty.server.HttpInput - HttpInputOverHTTP@11c6da18[c=22,q=1,[0]=EOF,s=STREAM] read 1 from Content@35a2072{HeapByteBufferR@765a4c1[p=220,l=220,c=17408,r=0]={POST / HT...string.<<<>>>;#\x1e\xDc\x1a-<-\xDa...\x00\x00\x00\x00\x00\x00\x00}}
02:33:24.481 [qtp1221981006-51] DEBUG org.eclipse.jetty.server.HttpConnection - releaseRequestBuffer HttpConnection@73b23093::DecryptedEndPoint@1e824c5d{l=/127.0.0.1:39679,r=/127.0.0.1:50208,OPEN,fill=-,flush=-,to=5/30000}
02:33:24.482 [qtp1221981006-51] DEBUG org.eclipse.jetty.server.HttpOutput - write(array HeapByteBuffer@42672a49[p=0,l=100,c=512,r=100]={<<<The result of notifying l...e configuration change\n>>>d a conf....\x00\x00\x00\x00\x00\x00\x00})
02:33:24.482 [qtp1221981006-51] DEBUG org.eclipse.jetty.server.HttpOutput - write(array) s=CLOSING,api=BLOCKED,sc=false,e=null last=true agg=false flush=true async=false, len=100 null
02:33:24.482 [qtp1221981006-51] DEBUG org.eclipse.jetty.server.HttpChannel - sendResponse info=null content=HeapByteBuffer@21e485f3[p=0,l=100,c=512,r=100]={<<<The result of notifying l...e configuration change\n>>>d a conf....\x00\x00\x00\x00\x00\x00\x00} complete=true committing=true callback=Blocker@f9f4be3{null}
02:33:24.482 [qtp1221981006-51] DEBUG org.eclipse.jetty.server.HttpChannel - COMMIT for / on HttpChannelOverHttp@396c32d4{s=HttpChannelState@45523295{s=HANDLING rs=BLOCKING os=COMMITTED is=IDLE awp=false se=false i=true al=0},r=2,c=false/false,a=HANDLING,uri=https://localhost:39679/,age=3}
200 null HTTP/1.1
Date: Thu, 02 May 2024 01:33:24 GMT
Content-Type: text/plain;charset=iso-8859-1
Content-Length: 100


02:33:24.482 [qtp1221981006-51] DEBUG org.eclipse.jetty.server.HttpConnection - generate: NEED_HEADER for SendCallback@497c5d41[PROCESSING][i=HTTP/1.1{s=200,h=3,cl=100},cb=org.eclipse.jetty.server.HttpChannel$SendCallback@736f680d] (null,[p=0,l=100,c=512,r=100],true)@START
02:33:24.482 [qtp1221981006-51] DEBUG org.eclipse.jetty.http.HttpGenerator - generateHeaders HTTP/1.1{s=200,h=3,cl=100} last=true content=HeapByteBuffer@21e485f3[p=0,l=100,c=512,r=100]={<<<The result of notifying l...e configuration change\n>>>d a conf....\x00\x00\x00\x00\x00\x00\x00}
02:33:24.482 [qtp1221981006-51] DEBUG org.eclipse.jetty.http.HttpGenerator - Date: Thu, 02 May 2024 01:33:24 GMT
Content-Type: text/plain;charset=iso-8859-1
Content-Length: 100


02:33:24.482 [qtp1221981006-51] DEBUG org.eclipse.jetty.http.HttpGenerator - CONTENT_LENGTH
02:33:24.482 [qtp1221981006-51] DEBUG org.eclipse.jetty.server.HttpConnection - generate: FLUSH for SendCallback@497c5d41[PROCESSING][i=HTTP/1.1{s=200,h=3,cl=100},cb=org.eclipse.jetty.server.HttpChannel$SendCallback@736f680d] ([p=0,l=155,c=8192,r=155],[p=0,l=100,c=512,r=100],true)@COMPLETING
02:33:24.482 [qtp1221981006-51] DEBUG org.eclipse.jetty.io.WriteFlusher - write: WriteFlusher@79646253{IDLE}->null [HeapByteBuffer@cd1e079[p=0,l=155,c=8192,r=155]={<<<HTTP/1.1 200 OK\r\nDate: Th...y(9.4.44.v20210927)\r\n\r\n>>>\x00\x00\x00\x00\x00\x00\x00\x00\x00...\x00\x00\x00\x00\x00\x00\x00},HeapByteBuffer@21e485f3[p=0,l=100,c=512,r=100]={<<<The result of notifying l...e configuration change\n>>>d a conf....\x00\x00\x00\x00\x00\x00\x00}]
02:33:24.482 [qtp1221981006-51] DEBUG org.eclipse.jetty.io.WriteFlusher - update WriteFlusher@79646253{WRITING}->null:IDLE-->WRITING
02:33:24.482 [qtp1221981006-51] DEBUG org.eclipse.jetty.io.ssl.SslConnection - >flush SslConnection@113ac481::SocketChannelEndPoint@2df60c40{l=/127.0.0.1:39679,r=/127.0.0.1:50208,OPEN,fill=-,flush=-,to=4/30000}{io=0/0,kio=0,kro=1}->SslConnection@113ac481{NOT_HANDSHAKING,eio=-1/-1,di=-1,fill=IDLE,flush=IDLE}~>DecryptedEndPoint@1e824c5d{l=/127.0.0.1:39679,r=/127.0.0.1:50208,OPEN,fill=-,flush=W,to=6/30000}=>HttpConnection@73b23093[p=HttpParser{s=END,22 of 22},g=HttpGenerator@3836ad5b{s=COMPLETING}]=>HttpChannelOverHttp@396c32d4{s=HttpChannelState@45523295{s=HANDLING rs=BLOCKING os=COMMITTED is=IDLE awp=false se=false i=true al=0},r=2,c=false/false,a=HANDLING,uri=https://localhost:39679/,age=3}
02:33:24.482 [qtp1221981006-51] DEBUG org.eclipse.jetty.io.ssl.SslConnection - flush b[0]=HeapByteBuffer@cd1e079[p=0,l=155,c=8192,r=155]={<<<HTTP/1.1 200 OK\r\nDate: Th...y(9.4.44.v20210927)\r\n\r\n>>>\x00\x00\x00\x00\x00\x00\x00\x00\x00...\x00\x00\x00\x00\x00\x00\x00}
02:33:24.482 [qtp1221981006-51] DEBUG org.eclipse.jetty.io.ssl.SslConnection - flush b[1]=HeapByteBuffer@21e485f3[p=0,l=100,c=512,r=100]={<<<The result of notifying l...e configuration change\n>>>d a conf....\x00\x00\x00\x00\x00\x00\x00}
02:33:24.482 [qtp1221981006-51] DEBUG org.eclipse.jetty.io.ssl.SslConnection - flush NOT_HANDSHAKING
02:33:24.483 [qtp1221981006-51] DEBUG org.eclipse.jetty.io.ssl.SslConnection - wrap Status = OK HandshakeStatus = NOT_HANDSHAKING bytesConsumed = 255 bytesProduced = 293 [p=0,l=293,c=17408,r=293] ioDone=false/false
02:33:24.483 [qtp1221981006-51] DEBUG org.eclipse.jetty.io.ChannelEndPoint - flushed 293 SocketChannelEndPoint@2df60c40{l=/127.0.0.1:39679,r=/127.0.0.1:50208,OPEN,fill=-,flush=-,to=4/30000}{io=0/0,kio=0,kro=1}->SslConnection@113ac481{NOT_HANDSHAKING,eio=-1/0,di=-1,fill=IDLE,flush=IDLE}~>DecryptedEndPoint@1e824c5d{l=/127.0.0.1:39679,r=/127.0.0.1:50208,OPEN,fill=-,flush=W,to=7/30000}=>HttpConnection@73b23093[p=HttpParser{s=END,22 of 22},g=HttpGenerator@3836ad5b{s=COMPLETING}]=>HttpChannelOverHttp@396c32d4{s=HttpChannelState@45523295{s=HANDLING rs=BLOCKING os=COMMITTED is=IDLE awp=false se=false i=true al=0},r=2,c=false/false,a=HANDLING,uri=https://localhost:39679/,age=4}
02:33:24.483 [qtp1221981006-51] DEBUG org.eclipse.jetty.io.ssl.SslConnection - net flushed=true, ac=true
02:33:24.483 [qtp1221981006-51] DEBUG org.eclipse.jetty.io.ssl.SslConnection - <flush true SslConnection@113ac481::SocketChannelEndPoint@2df60c40{l=/127.0.0.1:39679,r=/127.0.0.1:50208,OPEN,fill=-,flush=-,to=0/30000}{io=0/0,kio=0,kro=1}->SslConnection@113ac481{NOT_HANDSHAKING,eio=-1/-1,di=-1,fill=IDLE,flush=IDLE}~>DecryptedEndPoint@1e824c5d{l=/127.0.0.1:39679,r=/127.0.0.1:50208,OPEN,fill=-,flush=W,to=7/30000}=>HttpConnection@73b23093[p=HttpParser{s=END,22 of 22},g=HttpGenerator@3836ad5b{s=COMPLETING}]=>HttpChannelOverHttp@396c32d4{s=HttpChannelState@45523295{s=HANDLING rs=BLOCKING os=COMMITTED is=IDLE awp=false se=false i=true al=0},r=2,c=false/false,a=HANDLING,uri=https://localhost:39679/,age=4}
02:33:24.483 [qtp1221981006-51] DEBUG org.eclipse.jetty.io.WriteFlusher - Flushed=true written=255 remaining=0 WriteFlusher@79646253{WRITING}->null
Date: Thu, 02 May 2024 01:33:24 GMT
Content-Type: text/plain;charset=iso-8859-1
Content-Length: 100
Server: Jetty(9.4.44.v20210927)
02:33:24.483 [qtp1221981006-51] DEBUG org.eclipse.jetty.io.WriteFlusher - update WriteFlusher@79646253{IDLE}->null:WRITING-->IDLE
02:33:24.483 [qtp1221981006-51] DEBUG org.eclipse.jetty.server.HttpConnection - generate: DONE for SendCallback@497c5d41[PROCESSING][i=HTTP/1.1{s=200,h=3,cl=100},cb=org.eclipse.jetty.server.HttpChannel$SendCallback@736f680d] ([p=155,l=155,c=8192,r=0],[p=100,l=100,c=512,r=0],true)@END
02:33:24.483 [qtp1221981006-51] DEBUG org.eclipse.jetty.server.HttpOutput - onWriteComplete(true,null) s=CLOSING,api=BLOCKED,sc=false,e=null->s=CLOSED,api=BLOCKING,sc=false,e=null c=null cb=null w=false
02:33:24.483 [qtp1221981006-51] DEBUG org.eclipse.jetty.server.HttpOutput - close() s=CLOSED,api=BLOCKING,sc=false,e=null c=null b=null
02:33:24.483 [qtp1221981006-51] DEBUG org.eclipse.jetty.server.Server - handled=true async=false committed=true on HttpChannelOverHttp@396c32d4{s=HttpChannelState@45523295{s=HANDLING rs=BLOCKING os=COMPLETED is=IDLE awp=false se=false i=true al=0},r=2,c=false/true,a=HANDLING,uri=https://localhost:39679/,age=4}
02:33:24.483 [qtp1221981006-51] DEBUG org.eclipse.jetty.server.HttpChannelState - unhandle HttpChannelState@45523295{s=HANDLING rs=BLOCKING os=COMPLETED is=IDLE awp=false se=false i=true al=0}
02:33:24.483 [qtp1221981006-51] DEBUG org.eclipse.jetty.server.HttpChannelState - nextAction(false) COMPLETE HttpChannelState@45523295{s=HANDLING rs=COMPLETING os=COMPLETED is=IDLE awp=false se=false i=false al=0}
02:33:24.483 [qtp1221981006-51] DEBUG org.eclipse.jetty.server.HttpChannel - action COMPLETE HttpChannelOverHttp@396c32d4{s=HttpChannelState@45523295{s=HANDLING rs=COMPLETING os=COMPLETED is=IDLE awp=false se=false i=false al=0},r=2,c=false/true,a=HANDLING,uri=https://localhost:39679/,age=4}
02:33:24.483 [qtp1221981006-51] DEBUG org.eclipse.jetty.server.HttpOutput - complete(org.eclipse.jetty.util.Callback$3@5906990d) s=CLOSED,api=BLOCKING,sc=false,e=null s=true e=null, c=null
02:33:24.483 [qtp1221981006-51] DEBUG org.eclipse.jetty.server.HttpChannelState - completed HttpChannelState@45523295{s=HANDLING rs=COMPLETING os=COMPLETED is=IDLE awp=false se=false i=false al=0}
02:33:24.483 [qtp1221981006-51] DEBUG org.eclipse.jetty.server.HttpChannelState - unhandle HttpChannelState@45523295{s=HANDLING rs=COMPLETED os=COMPLETED is=IDLE awp=false se=false i=false al=0}
02:33:24.483 [qtp1221981006-51] DEBUG org.eclipse.jetty.server.HttpChannelState - nextAction(false) TERMINATED HttpChannelState@45523295{s=IDLE rs=COMPLETED os=COMPLETED is=IDLE awp=false se=false i=false al=0}
]]></system-out>
  </testcase>
  <testcase name="testFileUploadSameConfig" classname="org.apache.nifi.minifi.bootstrap.configuration.ingestors.RestChangeIngestorSSLTest" time="0.006">
    <system-out><![CDATA[02:33:24.483 [qtp1221981006-51] DEBUG org.eclipse.jetty.server.HttpChannel - action TERMINATED HttpChannelOverHttp@396c32d4{s=HttpChannelState@45523295{s=IDLE rs=COMPLETED os=COMPLETED is=IDLE awp=false se=false i=false al=0},r=2,c=true/true,a=IDLE,uri=https://localhost:39679/,age=4}
02:33:24.483 [qtp1221981006-51] DEBUG org.eclipse.jetty.server.HttpChannel - onCompleted for / written=100
02:33:24.484 [qtp1221981006-51] DEBUG org.eclipse.jetty.server.HttpChannelState - recycle HttpChannelState@45523295{s=IDLE rs=COMPLETED os=COMPLETED is=IDLE awp=false se=false i=false al=0}
02:33:24.484 [qtp1221981006-51] DEBUG org.eclipse.jetty.http.HttpParser - reset HttpParser{s=END,22 of 22}
02:33:24.484 [qtp1221981006-51] DEBUG org.eclipse.jetty.http.HttpParser - END --> START
02:33:24.484 [qtp1221981006-51] DEBUG org.eclipse.jetty.server.HttpChannel - !handle TERMINATED HttpChannelOverHttp@396c32d4{s=HttpChannelState@45523295{s=IDLE rs=BLOCKING os=OPEN is=IDLE awp=false se=false i=true al=0},r=2,c=false/false,a=IDLE,uri=null,age=0}
02:33:24.484 [qtp1221981006-51] DEBUG org.eclipse.jetty.io.ssl.SslConnection - >fill SslConnection@113ac481::SocketChannelEndPoint@2df60c40{l=/127.0.0.1:39679,r=/127.0.0.1:50208,OPEN,fill=-,flush=-,to=0/30000}{io=0/0,kio=0,kro=1}->SslConnection@113ac481{NOT_HANDSHAKING,eio=-1/-1,di=-1,fill=IDLE,flush=IDLE}~>DecryptedEndPoint@1e824c5d{l=/127.0.0.1:39679,r=/127.0.0.1:50208,OPEN,fill=-,flush=-,to=8/30000}=>HttpConnection@73b23093[p=HttpParser{s=START,0 of -1},g=HttpGenerator@3836ad5b{s=START}]=>HttpChannelOverHttp@396c32d4{s=HttpChannelState@45523295{s=IDLE rs=BLOCKING os=OPEN is=IDLE awp=false se=false i=true al=0},r=2,c=false/false,a=IDLE,uri=null,age=0}
02:33:24.484 [qtp1221981006-51] DEBUG org.eclipse.jetty.io.ssl.SslConnection - fill NOT_HANDSHAKING
02:33:24.484 [qtp1221981006-51] DEBUG org.eclipse.jetty.io.ChannelEndPoint - filled 0 HeapByteBuffer@5e09d04b[p=0,l=0,c=17408,r=0]={<<<>>>POST / HT...\x00\x00\x00\x00\x00\x00\x00}
02:33:24.484 [qtp1221981006-51] DEBUG org.eclipse.jetty.io.ssl.SslConnection - net filled=0
02:33:24.484 [qtp1221981006-51] DEBUG org.eclipse.jetty.io.ssl.SslConnection - unwrap net_filled=0 Status = BUFFER_UNDERFLOW HandshakeStatus = NOT_HANDSHAKING bytesConsumed = 0 bytesProduced = 0 encryptedBuffer=[p=0,l=0,c=17408,r=0] unwrapBuffer=HeapByteBuffer@5275a4a0[p=0,l=0,c=17408,r=0]={<<<>>>\x17\x03\x03\x00\xFdPOST...\x00\x00\x00\x00\x00\x00\x00} appBuffer=HeapByteBuffer@5275a4a0[p=0,l=0,c=17408,r=0]={<<<>>>\x17\x03\x03\x00\xFdPOST...\x00\x00\x00\x00\x00\x00\x00}
02:33:24.485 [qtp1221981006-51] DEBUG org.eclipse.jetty.io.ssl.SslConnection - <fill f=0 uf=true SslConnection@113ac481::SocketChannelEndPoint@2df60c40{l=/127.0.0.1:39679,r=/127.0.0.1:50208,OPEN,fill=-,flush=-,to=1/30000}{io=0/0,kio=0,kro=1}->SslConnection@113ac481{NOT_HANDSHAKING,eio=-1/-1,di=-1,fill=IDLE,flush=IDLE}~>DecryptedEndPoint@1e824c5d{l=/127.0.0.1:39679,r=/127.0.0.1:50208,OPEN,fill=-,flush=-,to=9/30000}=>HttpConnection@73b23093[p=HttpParser{s=START,0 of -1},g=HttpGenerator@3836ad5b{s=START}]=>HttpChannelOverHttp@396c32d4{s=HttpChannelState@45523295{s=IDLE rs=BLOCKING os=OPEN is=IDLE awp=false se=false i=true al=0},r=2,c=false/false,a=IDLE,uri=null,age=0}
02:33:24.485 [qtp1221981006-51] DEBUG org.eclipse.jetty.io.ssl.SslConnection - >fill SslConnection@113ac481::SocketChannelEndPoint@2df60c40{l=/127.0.0.1:39679,r=/127.0.0.1:50208,OPEN,fill=-,flush=-,to=2/30000}{io=0/0,kio=0,kro=1}->SslConnection@113ac481{NOT_HANDSHAKING,eio=-1/-1,di=-1,fill=IDLE,flush=IDLE}~>DecryptedEndPoint@1e824c5d{l=/127.0.0.1:39679,r=/127.0.0.1:50208,OPEN,fill=-,flush=-,to=9/30000}=>HttpConnection@73b23093[p=HttpParser{s=START,0 of -1},g=HttpGenerator@3836ad5b{s=START}]=>HttpChannelOverHttp@396c32d4{s=HttpChannelState@45523295{s=IDLE rs=BLOCKING os=OPEN is=IDLE awp=false se=false i=true al=0},r=2,c=false/false,a=IDLE,uri=null,age=0}
02:33:24.485 [qtp1221981006-51] DEBUG org.eclipse.jetty.io.ssl.SslConnection - fill NOT_HANDSHAKING
02:33:24.485 [qtp1221981006-51] DEBUG org.eclipse.jetty.io.ChannelEndPoint - filled 0 HeapByteBuffer@5a364fd5[p=0,l=0,c=17408,r=0]={<<<>>>\x17\x03\x03\x01 \xB1r\xE5\x01...\x00\x00\x00\x00\x00\x00\x00}
02:33:24.485 [qtp1221981006-51] DEBUG org.eclipse.jetty.io.ssl.SslConnection - net filled=0
02:33:24.485 [qtp1221981006-51] DEBUG org.eclipse.jetty.io.ssl.SslConnection - unwrap net_filled=0 Status = BUFFER_UNDERFLOW HandshakeStatus = NOT_HANDSHAKING bytesConsumed = 0 bytesProduced = 0 encryptedBuffer=[p=0,l=0,c=17408,r=0] unwrapBuffer=HeapByteBuffer@5275a4a0[p=0,l=0,c=17408,r=0]={<<<>>>\x17\x03\x03\x00\xFdPOST...\x00\x00\x00\x00\x00\x00\x00} appBuffer=HeapByteBuffer@5275a4a0[p=0,l=0,c=17408,r=0]={<<<>>>\x17\x03\x03\x00\xFdPOST...\x00\x00\x00\x00\x00\x00\x00}
02:33:24.485 [qtp1221981006-51] DEBUG org.eclipse.jetty.io.ssl.SslConnection - <fill f=0 uf=true SslConnection@113ac481::SocketChannelEndPoint@2df60c40{l=/127.0.0.1:39679,r=/127.0.0.1:50208,OPEN,fill=-,flush=-,to=2/30000}{io=0/0,kio=0,kro=1}->SslConnection@113ac481{NOT_HANDSHAKING,eio=-1/-1,di=-1,fill=IDLE,flush=IDLE}~>DecryptedEndPoint@1e824c5d{l=/127.0.0.1:39679,r=/127.0.0.1:50208,OPEN,fill=-,flush=-,to=9/30000}=>HttpConnection@73b23093[p=HttpParser{s=START,0 of -1},g=HttpGenerator@3836ad5b{s=START}]=>HttpChannelOverHttp@396c32d4{s=HttpChannelState@45523295{s=IDLE rs=BLOCKING os=OPEN is=IDLE awp=false se=false i=true al=0},r=2,c=false/false,a=IDLE,uri=null,age=0}
02:33:24.485 [qtp1221981006-51] DEBUG org.eclipse.jetty.server.HttpConnection - HttpConnection@73b23093::DecryptedEndPoint@1e824c5d{l=/127.0.0.1:39679,r=/127.0.0.1:50208,OPEN,fill=-,flush=-,to=9/30000} filled 0 HeapByteBuffer@5275a4a0[p=0,l=0,c=17408,r=0]={<<<>>>\x17\x03\x03\x00\xFdPOST...\x00\x00\x00\x00\x00\x00\x00}
02:33:24.485 [qtp1221981006-51] DEBUG org.eclipse.jetty.server.HttpConnection - HttpConnection@73b23093::DecryptedEndPoint@1e824c5d{l=/127.0.0.1:39679,r=/127.0.0.1:50208,OPEN,fill=-,flush=-,to=9/30000} parse HeapByteBuffer@5275a4a0[p=0,l=0,c=17408,r=0]={<<<>>>\x17\x03\x03\x00\xFdPOST...\x00\x00\x00\x00\x00\x00\x00} {}
02:33:24.485 [qtp1221981006-51] DEBUG org.eclipse.jetty.http.HttpParser - parseNext s=START HeapByteBuffer@5275a4a0[p=0,l=0,c=17408,r=0]={<<<>>>\x17\x03\x03\x00\xFdPOST...\x00\x00\x00\x00\x00\x00\x00}
02:33:24.485 [qtp1221981006-51] DEBUG org.eclipse.jetty.server.HttpConnection - HttpConnection@73b23093::DecryptedEndPoint@1e824c5d{l=/127.0.0.1:39679,r=/127.0.0.1:50208,OPEN,fill=-,flush=-,to=9/30000} parsed false HttpParser{s=START,0 of -1}
02:33:24.485 [qtp1221981006-51] DEBUG org.eclipse.jetty.server.HttpConnection - releaseRequestBuffer HttpConnection@73b23093::DecryptedEndPoint@1e824c5d{l=/127.0.0.1:39679,r=/127.0.0.1:50208,OPEN,fill=-,flush=-,to=9/30000}
02:33:24.485 [qtp1221981006-51] DEBUG org.eclipse.jetty.io.AbstractConnection - fillInterested HttpConnection@73b23093::DecryptedEndPoint@1e824c5d{l=/127.0.0.1:39679,r=/127.0.0.1:50208,OPEN,fill=-,flush=-,to=9/30000}
02:33:24.486 [qtp1221981006-51] DEBUG org.eclipse.jetty.io.FillInterest - interested FillInterest@5725b9ec{AC.ReadCB@73b23093{HttpConnection@73b23093::DecryptedEndPoint@1e824c5d{l=/127.0.0.1:39679,r=/127.0.0.1:50208,OPEN,fill=FI,flush=-,to=0/30000}}}
02:33:24.486 [qtp1221981006-51] DEBUG org.eclipse.jetty.io.ssl.SslConnection - >needFillInterest s=IDLE/IDLE uf=true ei=null di=null SslConnection@113ac481::SocketChannelEndPoint@2df60c40{l=/127.0.0.1:39679,r=/127.0.0.1:50208,OPEN,fill=-,flush=-,to=2/30000}{io=0/0,kio=0,kro=1}->SslConnection@113ac481{NOT_HANDSHAKING,eio=-1/-1,di=-1,fill=IDLE,flush=IDLE}~>DecryptedEndPoint@1e824c5d{l=/127.0.0.1:39679,r=/127.0.0.1:50208,OPEN,fill=FI,flush=-,to=0/30000}=>HttpConnection@73b23093[p=HttpParser{s=START,0 of -1},g=HttpGenerator@3836ad5b{s=START}]=>HttpChannelOverHttp@396c32d4{s=HttpChannelState@45523295{s=IDLE rs=BLOCKING os=OPEN is=IDLE awp=false se=false i=true al=0},r=2,c=false/false,a=IDLE,uri=null,age=0}
02:33:24.486 [qtp1221981006-51] DEBUG org.eclipse.jetty.io.ssl.SslConnection - <needFillInterest s=IDLE/INTERESTED f=false i=true w=null
02:33:24.486 [qtp1221981006-51] DEBUG org.eclipse.jetty.io.ssl.SslConnection - ensureFillInterested SslConnection@113ac481::SocketChannelEndPoint@2df60c40{l=/127.0.0.1:39679,r=/127.0.0.1:50208,OPEN,fill=-,flush=-,to=2/30000}{io=0/0,kio=0,kro=1}->SslConnection@113ac481{NOT_HANDSHAKING,eio=-1/-1,di=-1,fill=INTERESTED,flush=IDLE}~>DecryptedEndPoint@1e824c5d{l=/127.0.0.1:39679,r=/127.0.0.1:50208,OPEN,fill=FI,flush=-,to=0/30000}=>HttpConnection@73b23093[p=HttpParser{s=START,0 of -1},g=HttpGenerator@3836ad5b{s=START}]=>HttpChannelOverHttp@396c32d4{s=HttpChannelState@45523295{s=IDLE rs=BLOCKING os=OPEN is=IDLE awp=false se=false i=true al=0},r=2,c=false/false,a=IDLE,uri=null,age=0}
02:33:24.486 [qtp1221981006-51] DEBUG org.eclipse.jetty.io.FillInterest - interested FillInterest@1ce4e4ab{SSLC.NBReadCB@113ac481{SslConnection@113ac481::SocketChannelEndPoint@2df60c40{l=/127.0.0.1:39679,r=/127.0.0.1:50208,OPEN,fill=FI,flush=-,to=0/30000}{io=0/0,kio=0,kro=1}->SslConnection@113ac481{NOT_HANDSHAKING,eio=-1/-1,di=-1,fill=INTERESTED,flush=IDLE}~>DecryptedEndPoint@1e824c5d{l=/127.0.0.1:39679,r=/127.0.0.1:50208,OPEN,fill=FI,flush=-,to=0/30000}=>HttpConnection@73b23093[p=HttpParser{s=START,0 of -1},g=HttpGenerator@3836ad5b{s=START}]=>HttpChannelOverHttp@396c32d4{s=HttpChannelState@45523295{s=IDLE rs=BLOCKING os=OPEN is=IDLE awp=false se=false i=true al=0},r=2,c=false/false,a=IDLE,uri=null,age=0}}}
02:33:24.486 [qtp1221981006-51] DEBUG org.eclipse.jetty.io.ChannelEndPoint - changeInterests p=false 0->1 for SocketChannelEndPoint@2df60c40{l=/127.0.0.1:39679,r=/127.0.0.1:50208,OPEN,fill=FI,flush=-,to=0/30000}{io=0/1,kio=0,kro=1}->SslConnection@113ac481{NOT_HANDSHAKING,eio=-1/-1,di=-1,fill=INTERESTED,flush=IDLE}~>DecryptedEndPoint@1e824c5d{l=/127.0.0.1:39679,r=/127.0.0.1:50208,OPEN,fill=FI,flush=-,to=0/30000}=>HttpConnection@73b23093[p=HttpParser{s=START,0 of -1},g=HttpGenerator@3836ad5b{s=START}]=>HttpChannelOverHttp@396c32d4{s=HttpChannelState@45523295{s=IDLE rs=BLOCKING os=OPEN is=IDLE awp=false se=false i=true al=0},r=2,c=false/false,a=IDLE,uri=null,age=0}
02:33:24.486 [qtp1221981006-51] DEBUG org.eclipse.jetty.io.ManagedSelector - Queued change lazy=false org.eclipse.jetty.io.ChannelEndPoint$$Lambda$255/1238156519@66f4d402 on ManagedSelector@77a7cf58{STARTED} id=1 keys=1 selected=0 updates=0
02:33:24.486 [qtp1221981006-51] DEBUG org.eclipse.jetty.io.ManagedSelector - Wakeup on submit ManagedSelector@77a7cf58{STARTED} id=1 keys=1 selected=0 updates=1
02:33:24.486 [qtp1221981006-51] DEBUG org.eclipse.jetty.server.HttpConnection - HttpConnection@73b23093::DecryptedEndPoint@1e824c5d{l=/127.0.0.1:39679,r=/127.0.0.1:50208,OPEN,fill=FI,flush=-,to=0/30000} onFillable exit HttpChannelState@45523295{s=IDLE rs=BLOCKING os=OPEN is=IDLE awp=false se=false i=true al=0} null
02:33:24.486 [qtp1221981006-50] DEBUG org.eclipse.jetty.io.ManagedSelector - Selector sun.nio.ch.EPollSelectorImpl@55c2a0a3 woken with none selected
02:33:24.486 [qtp1221981006-50] DEBUG org.eclipse.jetty.io.ManagedSelector - Selector sun.nio.ch.EPollSelectorImpl@55c2a0a3 woken up from select, 0/0/1 selected
02:33:24.486 [qtp1221981006-50] DEBUG org.eclipse.jetty.io.ManagedSelector - Selector sun.nio.ch.EPollSelectorImpl@55c2a0a3 processing 0 keys, 1 updates
02:33:24.486 [qtp1221981006-50] DEBUG org.eclipse.jetty.io.ManagedSelector - updateable 1
02:33:24.486 [qtp1221981006-50] DEBUG org.eclipse.jetty.io.ManagedSelector - update org.eclipse.jetty.io.ChannelEndPoint$$Lambda$255/1238156519@66f4d402
02:33:24.486 [qtp1221981006-51] DEBUG org.eclipse.jetty.io.ssl.SslConnection - <c.onFillable SslConnection@113ac481::SocketChannelEndPoint@2df60c40{l=/127.0.0.1:39679,r=/127.0.0.1:50208,OPEN,fill=FI,flush=-,to=0/30000}{io=0/1,kio=0,kro=1}->SslConnection@113ac481{NOT_HANDSHAKING,eio=-1/-1,di=-1,fill=INTERESTED,flush=IDLE}~>DecryptedEndPoint@1e824c5d{l=/127.0.0.1:39679,r=/127.0.0.1:50208,OPEN,fill=FI,flush=-,to=0/30000}=>HttpConnection@73b23093[p=HttpParser{s=START,0 of -1},g=HttpGenerator@3836ad5b{s=START}]=>HttpChannelOverHttp@396c32d4{s=HttpChannelState@45523295{s=IDLE rs=BLOCKING os=OPEN is=IDLE awp=false se=false i=true al=0},r=2,c=false/false,a=IDLE,uri=null,age=0}
02:33:24.486 [qtp1221981006-51] DEBUG org.eclipse.jetty.util.thread.ReservedThreadExecutor - ReservedThread@5f3acbd3{RUNNING,thread=Thread[qtp1221981006-51,5,main]} was=RUNNING next=RESERVED size=0+2 capacity=8
02:33:24.486 [qtp1221981006-50] DEBUG org.eclipse.jetty.io.ChannelEndPoint - Key interests updated 0 -> 1 on SocketChannelEndPoint@2df60c40{l=/127.0.0.1:39679,r=/127.0.0.1:50208,OPEN,fill=FI,flush=-,to=0/30000}{io=1/1,kio=1,kro=1}->SslConnection@113ac481{NOT_HANDSHAKING,eio=-1/-1,di=-1,fill=INTERESTED,flush=IDLE}~>DecryptedEndPoint@1e824c5d{l=/127.0.0.1:39679,r=/127.0.0.1:50208,OPEN,fill=FI,flush=-,to=0/30000}=>HttpConnection@73b23093[p=HttpParser{s=START,0 of -1},g=HttpGenerator@3836ad5b{s=START}]=>HttpChannelOverHttp@396c32d4{s=HttpChannelState@45523295{s=IDLE rs=BLOCKING os=OPEN is=IDLE awp=false se=false i=true al=0},r=2,c=false/false,a=IDLE,uri=null,age=0}
02:33:24.486 [qtp1221981006-50] DEBUG org.eclipse.jetty.io.ManagedSelector - updates 0
02:33:24.486 [qtp1221981006-51] DEBUG org.eclipse.jetty.util.thread.ReservedThreadExecutor - ReservedThread@5f3acbd3{RESERVED,thread=Thread[qtp1221981006-51,5,main]} waiting ReservedThreadExecutor@6f152006{reserved=2/8,pending=0}
02:33:24.486 [qtp1221981006-50] DEBUG org.eclipse.jetty.io.ManagedSelector - Selector sun.nio.ch.EPollSelectorImpl@55c2a0a3 waiting with 1 keys
02:33:24.486 [qtp1221981006-50] DEBUG org.eclipse.jetty.io.ManagedSelector - Selector sun.nio.ch.EPollSelectorImpl@55c2a0a3 woken up from select, 1/1/1 selected
02:33:24.486 [qtp1221981006-50] DEBUG org.eclipse.jetty.io.ManagedSelector - Selector sun.nio.ch.EPollSelectorImpl@55c2a0a3 processing 1 keys, 0 updates
02:33:24.487 [qtp1221981006-50] DEBUG org.eclipse.jetty.io.ManagedSelector - selected 1 sun.nio.ch.SelectionKeyImpl@5b05446b SocketChannelEndPoint@2df60c40{l=/127.0.0.1:39679,r=/127.0.0.1:50208,OPEN,fill=FI,flush=-,to=0/30000}{io=1/1,kio=1,kro=1}->SslConnection@113ac481{NOT_HANDSHAKING,eio=-1/-1,di=-1,fill=INTERESTED,flush=IDLE}~>DecryptedEndPoint@1e824c5d{l=/127.0.0.1:39679,r=/127.0.0.1:50208,OPEN,fill=FI,flush=-,to=1/30000}=>HttpConnection@73b23093[p=HttpParser{s=START,0 of -1},g=HttpGenerator@3836ad5b{s=START}]=>HttpChannelOverHttp@396c32d4{s=HttpChannelState@45523295{s=IDLE rs=BLOCKING os=OPEN is=IDLE awp=false se=false i=true al=0},r=2,c=false/false,a=IDLE,uri=null,age=0} 
02:33:24.487 [qtp1221981006-50] DEBUG org.eclipse.jetty.io.ChannelEndPoint - onSelected 1->0 r=true w=false for SocketChannelEndPoint@2df60c40{l=/127.0.0.1:39679,r=/127.0.0.1:50208,OPEN,fill=FI,flush=-,to=0/30000}{io=1/0,kio=1,kro=1}->SslConnection@113ac481{NOT_HANDSHAKING,eio=-1/-1,di=-1,fill=INTERESTED,flush=IDLE}~>DecryptedEndPoint@1e824c5d{l=/127.0.0.1:39679,r=/127.0.0.1:50208,OPEN,fill=FI,flush=-,to=1/30000}=>HttpConnection@73b23093[p=HttpParser{s=START,0 of -1},g=HttpGenerator@3836ad5b{s=START}]=>HttpChannelOverHttp@396c32d4{s=HttpChannelState@45523295{s=IDLE rs=BLOCKING os=OPEN is=IDLE awp=false se=false i=true al=0},r=2,c=false/false,a=IDLE,uri=null,age=0}
02:33:24.487 [qtp1221981006-50] DEBUG org.eclipse.jetty.io.ChannelEndPoint - task CEP:SocketChannelEndPoint@2df60c40{l=/127.0.0.1:39679,r=/127.0.0.1:50208,OPEN,fill=FI,flush=-,to=0/30000}{io=1/0,kio=1,kro=1}->SslConnection@113ac481{NOT_HANDSHAKING,eio=-1/-1,di=-1,fill=INTERESTED,flush=IDLE}~>DecryptedEndPoint@1e824c5d{l=/127.0.0.1:39679,r=/127.0.0.1:50208,OPEN,fill=FI,flush=-,to=1/30000}=>HttpConnection@73b23093[p=HttpParser{s=START,0 of -1},g=HttpGenerator@3836ad5b{s=START}]=>HttpChannelOverHttp@396c32d4{s=HttpChannelState@45523295{s=IDLE rs=BLOCKING os=OPEN is=IDLE awp=false se=false i=true al=0},r=2,c=false/false,a=IDLE,uri=null,age=0}:runFillable:BLOCKING
02:33:24.487 [qtp1221981006-50] DEBUG org.eclipse.jetty.util.thread.ReservedThreadExecutor - ReservedThreadExecutor@6f152006{reserved=2/8,pending=0} tryExecute EatWhatYouKill@4d722ac9/SelectorProducer@53f0a4cb/PRODUCING/p=false/QueuedThreadPool[qtp1221981006]@48d5f34e{STARTED,8<=8<=200,i=1,r=-1,q=0}[ReservedThreadExecutor@6f152006{reserved=2/8,pending=0}][pc=0,pic=0,pec=1,epc=2]@2024-05-02T02:33:24.487+01:00
02:33:24.487 [qtp1221981006-50] DEBUG org.eclipse.jetty.util.thread.strategy.EatWhatYouKill - EatWhatYouKill@4d722ac9/SelectorProducer@53f0a4cb/IDLE/p=true/QueuedThreadPool[qtp1221981006]@48d5f34e{STARTED,8<=8<=200,i=1,r=-1,q=0}[ReservedThreadExecutor@6f152006{reserved=1/8,pending=0}][pc=0,pic=0,pec=1,epc=2]@2024-05-02T02:33:24.487+01:00 m=EXECUTE_PRODUCE_CONSUME t=CEP:SocketChannelEndPoint@2df60c40{l=/127.0.0.1:39679,r=/127.0.0.1:50208,OPEN,fill=FI,flush=-,to=1/30000}{io=1/0,kio=1,kro=1}->SslConnection@113ac481{NOT_HANDSHAKING,eio=-1/-1,di=-1,fill=INTERESTED,flush=IDLE}~>DecryptedEndPoint@1e824c5d{l=/127.0.0.1:39679,r=/127.0.0.1:50208,OPEN,fill=FI,flush=-,to=1/30000}=>HttpConnection@73b23093[p=HttpParser{s=START,0 of -1},g=HttpGenerator@3836ad5b{s=START}]=>HttpChannelOverHttp@396c32d4{s=HttpChannelState@45523295{s=IDLE rs=BLOCKING os=OPEN is=IDLE awp=false se=false i=true al=0},r=2,c=false/false,a=IDLE,uri=null,age=0}:runFillable:BLOCKING/BLOCKING
02:33:24.487 [qtp1221981006-51] DEBUG org.eclipse.jetty.util.thread.ReservedThreadExecutor - ReservedThread@5f3acbd3{RESERVED,thread=Thread[qtp1221981006-51,5,main]} task=EatWhatYouKill@4d722ac9/SelectorProducer@53f0a4cb/IDLE/p=true/QueuedThreadPool[qtp1221981006]@48d5f34e{STARTED,8<=8<=200,i=1,r=-1,q=0}[ReservedThreadExecutor@6f152006{reserved=1/8,pending=0}][pc=0,pic=0,pec=1,epc=2]@2024-05-02T02:33:24.487+01:00 ReservedThreadExecutor@6f152006{reserved=1/8,pending=0}
02:33:24.487 [qtp1221981006-50] DEBUG org.eclipse.jetty.io.FillInterest - fillable FillInterest@1ce4e4ab{SSLC.NBReadCB@113ac481{SslConnection@113ac481::SocketChannelEndPoint@2df60c40{l=/127.0.0.1:39679,r=/127.0.0.1:50208,OPEN,fill=FI,flush=-,to=1/30000}{io=1/0,kio=1,kro=1}->SslConnection@113ac481{NOT_HANDSHAKING,eio=-1/-1,di=-1,fill=INTERESTED,flush=IDLE}~>DecryptedEndPoint@1e824c5d{l=/127.0.0.1:39679,r=/127.0.0.1:50208,OPEN,fill=FI,flush=-,to=1/30000}=>HttpConnection@73b23093[p=HttpParser{s=START,0 of -1},g=HttpGenerator@3836ad5b{s=START}]=>HttpChannelOverHttp@396c32d4{s=HttpChannelState@45523295{s=IDLE rs=BLOCKING os=OPEN is=IDLE awp=false se=false i=true al=0},r=2,c=false/false,a=IDLE,uri=null,age=0}}}
02:33:24.487 [qtp1221981006-50] DEBUG org.eclipse.jetty.io.ssl.SslConnection - >c.onFillable SslConnection@113ac481::SocketChannelEndPoint@2df60c40{l=/127.0.0.1:39679,r=/127.0.0.1:50208,OPEN,fill=-,flush=-,to=1/30000}{io=1/0,kio=1,kro=1}->SslConnection@113ac481{NOT_HANDSHAKING,eio=-1/-1,di=-1,fill=INTERESTED,flush=IDLE}~>DecryptedEndPoint@1e824c5d{l=/127.0.0.1:39679,r=/127.0.0.1:50208,OPEN,fill=FI,flush=-,to=1/30000}=>HttpConnection@73b23093[p=HttpParser{s=START,0 of -1},g=HttpGenerator@3836ad5b{s=START}]=>HttpChannelOverHttp@396c32d4{s=HttpChannelState@45523295{s=IDLE rs=BLOCKING os=OPEN is=IDLE awp=false se=false i=true al=0},r=2,c=false/false,a=IDLE,uri=null,age=0}
02:33:24.487 [qtp1221981006-51] DEBUG org.eclipse.jetty.util.thread.strategy.EatWhatYouKill - EatWhatYouKill@4d722ac9/SelectorProducer@53f0a4cb/IDLE/p=true/QueuedThreadPool[qtp1221981006]@48d5f34e{STARTED,8<=8<=200,i=1,r=-1,q=0}[ReservedThreadExecutor@6f152006{reserved=1/8,pending=0}][pc=0,pic=0,pec=1,epc=3]@2024-05-02T02:33:24.487+01:00 tryProduce true
02:33:24.487 [qtp1221981006-51] DEBUG org.eclipse.jetty.io.ManagedSelector - updateable 0
02:33:24.487 [qtp1221981006-50] DEBUG org.eclipse.jetty.io.ssl.SslConnection - onFillable SslConnection@113ac481::SocketChannelEndPoint@2df60c40{l=/127.0.0.1:39679,r=/127.0.0.1:50208,OPEN,fill=-,flush=-,to=1/30000}{io=1/0,kio=1,kro=1}->SslConnection@113ac481{NOT_HANDSHAKING,eio=-1/-1,di=-1,fill=INTERESTED,flush=IDLE}~>DecryptedEndPoint@1e824c5d{l=/127.0.0.1:39679,r=/127.0.0.1:50208,OPEN,fill=FI,flush=-,to=1/30000}=>HttpConnection@73b23093[p=HttpParser{s=START,0 of -1},g=HttpGenerator@3836ad5b{s=START}]=>HttpChannelOverHttp@396c32d4{s=HttpChannelState@45523295{s=IDLE rs=BLOCKING os=OPEN is=IDLE awp=false se=false i=true al=0},r=2,c=false/false,a=IDLE,uri=null,age=0}
02:33:24.487 [qtp1221981006-51] DEBUG org.eclipse.jetty.io.ManagedSelector - updates 0
02:33:24.487 [qtp1221981006-50] DEBUG org.eclipse.jetty.io.FillInterest - fillable FillInterest@5725b9ec{AC.ReadCB@73b23093{HttpConnection@73b23093::DecryptedEndPoint@1e824c5d{l=/127.0.0.1:39679,r=/127.0.0.1:50208,OPEN,fill=FI,flush=-,to=1/30000}}}
02:33:24.487 [qtp1221981006-50] DEBUG org.eclipse.jetty.server.HttpConnection - HttpConnection@73b23093::DecryptedEndPoint@1e824c5d{l=/127.0.0.1:39679,r=/127.0.0.1:50208,OPEN,fill=-,flush=-,to=1/30000} onFillable enter HttpChannelState@45523295{s=IDLE rs=BLOCKING os=OPEN is=IDLE awp=false se=false i=true al=0} null
02:33:24.487 [qtp1221981006-51] DEBUG org.eclipse.jetty.io.ChannelEndPoint - Key interests updated 1 -> 0 on SocketChannelEndPoint@2df60c40{l=/127.0.0.1:39679,r=/127.0.0.1:50208,OPEN,fill=-,flush=-,to=1/30000}{io=0/0,kio=0,kro=1}->SslConnection@113ac481{NOT_HANDSHAKING,eio=-1/-1,di=-1,fill=IDLE,flush=IDLE}~>DecryptedEndPoint@1e824c5d{l=/127.0.0.1:39679,r=/127.0.0.1:50208,OPEN,fill=-,flush=-,to=1/30000}=>HttpConnection@73b23093[p=HttpParser{s=START,0 of -1},g=HttpGenerator@3836ad5b{s=START}]=>HttpChannelOverHttp@396c32d4{s=HttpChannelState@45523295{s=IDLE rs=BLOCKING os=OPEN is=IDLE awp=false se=false i=true al=0},r=2,c=false/false,a=IDLE,uri=null,age=0}
02:33:24.487 [qtp1221981006-50] DEBUG org.eclipse.jetty.io.ssl.SslConnection - >fill SslConnection@113ac481::SocketChannelEndPoint@2df60c40{l=/127.0.0.1:39679,r=/127.0.0.1:50208,OPEN,fill=-,flush=-,to=1/30000}{io=0/0,kio=0,kro=1}->SslConnection@113ac481{NOT_HANDSHAKING,eio=-1/-1,di=-1,fill=IDLE,flush=IDLE}~>DecryptedEndPoint@1e824c5d{l=/127.0.0.1:39679,r=/127.0.0.1:50208,OPEN,fill=-,flush=-,to=1/30000}=>HttpConnection@73b23093[p=HttpParser{s=START,0 of -1},g=HttpGenerator@3836ad5b{s=START}]=>HttpChannelOverHttp@396c32d4{s=HttpChannelState@45523295{s=IDLE rs=BLOCKING os=OPEN is=IDLE awp=false se=false i=true al=0},r=2,c=false/false,a=IDLE,uri=null,age=0}
02:33:24.487 [qtp1221981006-50] DEBUG org.eclipse.jetty.io.ssl.SslConnection - fill NOT_HANDSHAKING
02:33:24.487 [qtp1221981006-51] DEBUG org.eclipse.jetty.io.ManagedSelector - Selector sun.nio.ch.EPollSelectorImpl@55c2a0a3 waiting with 1 keys
02:33:24.487 [qtp1221981006-50] DEBUG org.eclipse.jetty.io.ChannelEndPoint - filled 258 HeapByteBuffer@5a364fd5[p=0,l=258,c=17408,r=258]={<<<\x17\x03\x03\x00\xFdG\xFb\xEd\x8f\xF60\x91\xB2\xFd\xC0\t;b{\x9b^\x1cL\xE8'...\xC1\x0e=\xD2\xB5\xB4}\x9eX\xF9\xBf\x9fh\xE1;\xCa3tm\x08\xEfa\xEf>>>bl\xCb\x80\x84\xAdU\x825...\x00\x00\x00\x00\x00\x00\x00}
02:33:24.487 [qtp1221981006-50] DEBUG org.eclipse.jetty.io.ssl.SslConnection - net filled=258
02:33:24.487 [qtp1221981006-50] DEBUG org.eclipse.jetty.io.ssl.SslConnection - unwrap net_filled=258 Status = OK HandshakeStatus = NOT_HANDSHAKING bytesConsumed = 258 bytesProduced = 220 encryptedBuffer=[p=258,l=258,c=17408,r=0] unwrapBuffer=HeapByteBuffer@5e09d04b[p=0,l=220,c=17408,r=220]={<<<POST / HTTP/1.1\r\ncharset:...\nThis is a test string.>>>;#\x1e\xDc\x1a-<-\xDa...\x00\x00\x00\x00\x00\x00\x00} appBuffer=HeapByteBuffer@5e09d04b[p=0,l=220,c=17408,r=220]={<<<POST / HTTP/1.1\r\ncharset:...\nThis is a test string.>>>;#\x1e\xDc\x1a-<-\xDa...\x00\x00\x00\x00\x00\x00\x00}
02:33:24.488 [qtp1221981006-50] DEBUG org.eclipse.jetty.io.ssl.SslConnection - <fill f=220 uf=false SslConnection@113ac481::SocketChannelEndPoint@2df60c40{l=/127.0.0.1:39679,r=/127.0.0.1:50208,OPEN,fill=-,flush=-,to=0/30000}{io=0/0,kio=0,kro=1}->SslConnection@113ac481{NOT_HANDSHAKING,eio=-1/-1,di=-1,fill=IDLE,flush=IDLE}~>DecryptedEndPoint@1e824c5d{l=/127.0.0.1:39679,r=/127.0.0.1:50208,OPEN,fill=-,flush=-,to=2/30000}=>HttpConnection@73b23093[p=HttpParser{s=START,0 of -1},g=HttpGenerator@3836ad5b{s=START}]=>HttpChannelOverHttp@396c32d4{s=HttpChannelState@45523295{s=IDLE rs=BLOCKING os=OPEN is=IDLE awp=false se=false i=true al=0},r=2,c=false/false,a=IDLE,uri=null,age=0}
02:33:24.488 [qtp1221981006-50] DEBUG org.eclipse.jetty.server.HttpConnection - HttpConnection@73b23093::DecryptedEndPoint@1e824c5d{l=/127.0.0.1:39679,r=/127.0.0.1:50208,OPEN,fill=-,flush=-,to=2/30000} filled 220 HeapByteBuffer@5e09d04b[p=0,l=220,c=17408,r=220]={<<<POST / HTTP/1.1\r\ncharset:...\nThis is a test string.>>>;#\x1e\xDc\x1a-<-\xDa...\x00\x00\x00\x00\x00\x00\x00}
02:33:24.488 [qtp1221981006-50] DEBUG org.eclipse.jetty.server.HttpConnection - HttpConnection@73b23093::DecryptedEndPoint@1e824c5d{l=/127.0.0.1:39679,r=/127.0.0.1:50208,OPEN,fill=-,flush=-,to=2/30000} parse HeapByteBuffer@5e09d04b[p=0,l=220,c=17408,r=220]={<<<POST / HTTP/1.1\r\ncharset:...\nThis is a test string.>>>;#\x1e\xDc\x1a-<-\xDa...\x00\x00\x00\x00\x00\x00\x00} {}
02:33:24.488 [qtp1221981006-50] DEBUG org.eclipse.jetty.http.HttpParser - parseNext s=START HeapByteBuffer@5e09d04b[p=0,l=220,c=17408,r=220]={<<<POST / HTTP/1.1\r\ncharset:...\nThis is a test string.>>>;#\x1e\xDc\x1a-<-\xDa...\x00\x00\x00\x00\x00\x00\x00}
02:33:24.488 [qtp1221981006-50] DEBUG org.eclipse.jetty.http.HttpParser - START --> SPACE1
02:33:24.488 [qtp1221981006-50] DEBUG org.eclipse.jetty.http.HttpParser - SPACE1 --> URI
02:33:24.488 [qtp1221981006-50] DEBUG org.eclipse.jetty.http.HttpParser - URI --> SPACE2
02:33:24.488 [qtp1221981006-50] DEBUG org.eclipse.jetty.http.HttpParser - SPACE2 --> REQUEST_VERSION
02:33:24.488 [qtp1221981006-50] DEBUG org.eclipse.jetty.http.HttpParser - REQUEST_VERSION --> HEADER
02:33:24.488 [qtp1221981006-50] DEBUG org.eclipse.jetty.http.HttpParser - HEADER: --> IN_NAME
02:33:24.488 [qtp1221981006-50] DEBUG org.eclipse.jetty.http.HttpParser - HEADER:charset --> VALUE
02:33:24.488 [qtp1221981006-50] DEBUG org.eclipse.jetty.http.HttpParser - HEADER:charset --> IN_VALUE
02:33:24.488 [qtp1221981006-50] DEBUG org.eclipse.jetty.http.HttpParser - HEADER:charset --> FIELD
02:33:24.488 [qtp1221981006-50] DEBUG org.eclipse.jetty.http.HttpParser - HEADER:Content-Type --> VALUE
02:33:24.488 [qtp1221981006-50] DEBUG org.eclipse.jetty.http.HttpParser - HEADER:Content-Type --> IN_VALUE
02:33:24.488 [qtp1221981006-50] DEBUG org.eclipse.jetty.http.HttpParser - HEADER:Content-Type --> FIELD
02:33:24.488 [qtp1221981006-50] DEBUG org.eclipse.jetty.http.HttpParser - HEADER:Content-Length --> VALUE
02:33:24.488 [qtp1221981006-50] DEBUG org.eclipse.jetty.http.HttpParser - HEADER:Content-Length --> IN_VALUE
02:33:24.488 [qtp1221981006-50] DEBUG org.eclipse.jetty.http.HttpParser - HEADER:Content-Length --> FIELD
02:33:24.488 [qtp1221981006-50] DEBUG org.eclipse.jetty.http.HttpParser - HEADER:Host: localhost:39679 --> IN_VALUE
02:33:24.488 [qtp1221981006-50] DEBUG org.eclipse.jetty.http.HttpParser - HEADER:Host: localhost:39679 --> FIELD
02:33:24.488 [qtp1221981006-50] DEBUG org.eclipse.jetty.http.HttpParser - HEADER:Connection: keep-alive --> IN_VALUE
02:33:24.488 [qtp1221981006-50] DEBUG org.eclipse.jetty.http.HttpParser - HEADER:Connection: keep-alive --> FIELD
02:33:24.488 [qtp1221981006-50] DEBUG org.eclipse.jetty.http.HttpParser - HEADER:Accept-Encoding: gzip --> IN_VALUE
02:33:24.488 [qtp1221981006-50] DEBUG org.eclipse.jetty.http.HttpParser - HEADER:Accept-Encoding: gzip --> FIELD
02:33:24.488 [qtp1221981006-50] DEBUG org.eclipse.jetty.http.HttpParser - HEADER:User-Agent: okhttp/3.12.3 --> IN_VALUE
02:33:24.488 [qtp1221981006-50] DEBUG org.eclipse.jetty.http.HttpParser - HEADER:User-Agent: okhttp/3.12.3 --> FIELD
02:33:24.488 [qtp1221981006-50] DEBUG org.eclipse.jetty.http.HttpParser - HEADER --> CONTENT
02:33:24.488 [qtp1221981006-50] DEBUG org.eclipse.jetty.server.HttpChannel - REQUEST for //localhost:39679/ on HttpChannelOverHttp@396c32d4{s=HttpChannelState@45523295{s=IDLE rs=BLOCKING os=OPEN is=IDLE awp=false se=false i=true al=0},r=3,c=false/false,a=IDLE,uri=//localhost:39679/,age=0}
POST //localhost:39679/ HTTP/1.1
charset: UTF-8
Content-Type: text/x-markdown; charset=utf-8
Content-Length: 22
Host: localhost:39679
Connection: keep-alive
Accept-Encoding: gzip
User-Agent: okhttp/3.12.3


02:33:24.488 [qtp1221981006-50] DEBUG org.eclipse.jetty.server.HttpConnection - HttpConnection@73b23093::DecryptedEndPoint@1e824c5d{l=/127.0.0.1:39679,r=/127.0.0.1:50208,OPEN,fill=-,flush=-,to=2/30000} parsed true HttpParser{s=CONTENT,0 of 22}
02:33:24.488 [qtp1221981006-50] DEBUG org.eclipse.jetty.server.HttpChannel - handle //localhost:39679/ HttpChannelOverHttp@396c32d4{s=HttpChannelState@45523295{s=IDLE rs=BLOCKING os=OPEN is=IDLE awp=false se=false i=true al=0},r=3,c=false/false,a=IDLE,uri=//localhost:39679/,age=0} 
02:33:24.488 [qtp1221981006-50] DEBUG org.eclipse.jetty.server.HttpChannelState - handling HttpChannelState@45523295{s=IDLE rs=BLOCKING os=OPEN is=IDLE awp=false se=false i=true al=0}
02:33:24.488 [qtp1221981006-50] DEBUG org.eclipse.jetty.server.HttpChannel - action DISPATCH HttpChannelOverHttp@396c32d4{s=HttpChannelState@45523295{s=HANDLING rs=BLOCKING os=OPEN is=IDLE awp=false se=false i=true al=0},r=3,c=false/false,a=HANDLING,uri=//localhost:39679/,age=0}
02:33:24.488 [qtp1221981006-50] DEBUG org.eclipse.jetty.server.SecureRequestCustomizer - Host localhost with SNI null
02:33:24.488 [qtp1221981006-50] DEBUG org.eclipse.jetty.server.Server - REQUEST POST / on HttpChannelOverHttp@396c32d4{s=HttpChannelState@45523295{s=HANDLING rs=BLOCKING os=OPEN is=IDLE awp=false se=false i=true al=0},r=3,c=false/false,a=HANDLING,uri=https://localhost:39679/,age=0}
02:33:24.488 [qtp1221981006-50] INFO org.apache.nifi.minifi.bootstrap.configuration.ingestors.RestChangeIngestor - >>>>>>>>>>>>>>>>>>>>>>>>>>>>>>>>>>>>>>>>>>>>
02:33:24.488 [qtp1221981006-50] INFO org.apache.nifi.minifi.bootstrap.configuration.ingestors.RestChangeIngestor - request method = POST
02:33:24.488 [qtp1221981006-50] INFO org.apache.nifi.minifi.bootstrap.configuration.ingestors.RestChangeIngestor - request url = https://localhost:39679/
02:33:24.488 [qtp1221981006-50] INFO org.apache.nifi.minifi.bootstrap.configuration.ingestors.RestChangeIngestor - context path = null
02:33:24.488 [qtp1221981006-50] INFO org.apache.nifi.minifi.bootstrap.configuration.ingestors.RestChangeIngestor - request content type = text/x-markdown; charset=utf-8
02:33:24.488 [qtp1221981006-50] INFO org.apache.nifi.minifi.bootstrap.configuration.ingestors.RestChangeIngestor - <<<<<<<<<<<<<<<<<<<<<<<<<<<<<<<<<<<<<<<<<<<<
02:33:24.489 [qtp1221981006-50] DEBUG org.eclipse.jetty.server.HttpOutput - write(array HeapByteBuffer@509792f0[p=0,l=61,c=512,r=61]={<<<Request received but inst...dy running this config.>>>fully han...\x00\x00\x00\x00\x00\x00\x00})
02:33:24.489 [qtp1221981006-50] DEBUG org.eclipse.jetty.server.HttpOutput - write(array) s=CLOSING,api=BLOCKED,sc=false,e=null last=true agg=false flush=true async=false, len=61 null
02:33:24.489 [qtp1221981006-50] DEBUG org.eclipse.jetty.server.HttpChannel - sendResponse info=null content=HeapByteBuffer@6fe01706[p=0,l=61,c=512,r=61]={<<<Request received but inst...dy running this config.>>>fully han...\x00\x00\x00\x00\x00\x00\x00} complete=true committing=true callback=Blocker@f9f4be3{null}
02:33:24.489 [qtp1221981006-50] DEBUG org.eclipse.jetty.server.HttpChannel - COMMIT for / on HttpChannelOverHttp@396c32d4{s=HttpChannelState@45523295{s=HANDLING rs=BLOCKING os=COMMITTED is=IDLE awp=false se=false i=true al=0},r=3,c=false/false,a=HANDLING,uri=https://localhost:39679/,age=1}
409 null HTTP/1.1
Date: Thu, 02 May 2024 01:33:24 GMT
Content-Type: text/plain;charset=iso-8859-1
Content-Length: 61


02:33:24.489 [qtp1221981006-50] DEBUG org.eclipse.jetty.server.HttpConnection - generate: NEED_HEADER for SendCallback@497c5d41[PROCESSING][i=HTTP/1.1{s=409,h=3,cl=61},cb=org.eclipse.jetty.server.HttpChannel$SendCallback@541a67ed] (null,[p=0,l=61,c=512,r=61],true)@START
02:33:24.489 [qtp1221981006-50] DEBUG org.eclipse.jetty.http.HttpGenerator - generateHeaders HTTP/1.1{s=409,h=3,cl=61} last=true content=HeapByteBuffer@6fe01706[p=0,l=61,c=512,r=61]={<<<Request received but inst...dy running this config.>>>fully han...\x00\x00\x00\x00\x00\x00\x00}
02:33:24.489 [qtp1221981006-50] DEBUG org.eclipse.jetty.http.HttpGenerator - Date: Thu, 02 May 2024 01:33:24 GMT
Content-Type: text/plain;charset=iso-8859-1
Content-Length: 61


02:33:24.489 [qtp1221981006-50] DEBUG org.eclipse.jetty.http.HttpGenerator - CONTENT_LENGTH
02:33:24.489 [qtp1221981006-50] DEBUG org.eclipse.jetty.server.HttpConnection - generate: FLUSH for SendCallback@497c5d41[PROCESSING][i=HTTP/1.1{s=409,h=3,cl=61},cb=org.eclipse.jetty.server.HttpChannel$SendCallback@541a67ed] ([p=0,l=160,c=8192,r=160],[p=0,l=61,c=512,r=61],true)@COMPLETING
02:33:24.489 [qtp1221981006-50] DEBUG org.eclipse.jetty.io.WriteFlusher - write: WriteFlusher@79646253{IDLE}->null [HeapByteBuffer@cd1e079[p=0,l=160,c=8192,r=160]={<<<HTTP/1.1 409 Conflict\r\nDa...y(9.4.44.v20210927)\r\n\r\n>>>\x00\x00\x00\x00\x00\x00\x00\x00\x00...\x00\x00\x00\x00\x00\x00\x00},HeapByteBuffer@6fe01706[p=0,l=61,c=512,r=61]={<<<Request received but inst...dy running this config.>>>fully han...\x00\x00\x00\x00\x00\x00\x00}]
02:33:24.489 [qtp1221981006-50] DEBUG org.eclipse.jetty.io.WriteFlusher - update WriteFlusher@79646253{WRITING}->null:IDLE-->WRITING
02:33:24.489 [qtp1221981006-50] DEBUG org.eclipse.jetty.io.ssl.SslConnection - >flush SslConnection@113ac481::SocketChannelEndPoint@2df60c40{l=/127.0.0.1:39679,r=/127.0.0.1:50208,OPEN,fill=-,flush=-,to=1/30000}{io=0/0,kio=0,kro=1}->SslConnection@113ac481{NOT_HANDSHAKING,eio=-1/-1,di=-1,fill=IDLE,flush=IDLE}~>DecryptedEndPoint@1e824c5d{l=/127.0.0.1:39679,r=/127.0.0.1:50208,OPEN,fill=-,flush=W,to=3/30000}=>HttpConnection@73b23093[p=HttpParser{s=CONTENT,0 of 22},g=HttpGenerator@3836ad5b{s=COMPLETING}]=>HttpChannelOverHttp@396c32d4{s=HttpChannelState@45523295{s=HANDLING rs=BLOCKING os=COMMITTED is=IDLE awp=false se=false i=true al=0},r=3,c=false/false,a=HANDLING,uri=https://localhost:39679/,age=1}
02:33:24.489 [qtp1221981006-50] DEBUG org.eclipse.jetty.io.ssl.SslConnection - flush b[0]=HeapByteBuffer@cd1e079[p=0,l=160,c=8192,r=160]={<<<HTTP/1.1 409 Conflict\r\nDa...y(9.4.44.v20210927)\r\n\r\n>>>\x00\x00\x00\x00\x00\x00\x00\x00\x00...\x00\x00\x00\x00\x00\x00\x00}
02:33:24.489 [qtp1221981006-50] DEBUG org.eclipse.jetty.io.ssl.SslConnection - flush b[1]=HeapByteBuffer@6fe01706[p=0,l=61,c=512,r=61]={<<<Request received but inst...dy running this config.>>>fully han...\x00\x00\x00\x00\x00\x00\x00}
02:33:24.489 [qtp1221981006-50] DEBUG org.eclipse.jetty.io.ssl.SslConnection - flush NOT_HANDSHAKING
02:33:24.489 [qtp1221981006-50] DEBUG org.eclipse.jetty.io.ssl.SslConnection - wrap Status = OK HandshakeStatus = NOT_HANDSHAKING bytesConsumed = 221 bytesProduced = 259 [p=0,l=259,c=17408,r=259] ioDone=false/false
02:33:24.489 [qtp1221981006-50] DEBUG org.eclipse.jetty.io.ChannelEndPoint - flushed 259 SocketChannelEndPoint@2df60c40{l=/127.0.0.1:39679,r=/127.0.0.1:50208,OPEN,fill=-,flush=-,to=1/30000}{io=0/0,kio=0,kro=1}->SslConnection@113ac481{NOT_HANDSHAKING,eio=-1/0,di=-1,fill=IDLE,flush=IDLE}~>DecryptedEndPoint@1e824c5d{l=/127.0.0.1:39679,r=/127.0.0.1:50208,OPEN,fill=-,flush=W,to=3/30000}=>HttpConnection@73b23093[p=HttpParser{s=CONTENT,0 of 22},g=HttpGenerator@3836ad5b{s=COMPLETING}]=>HttpChannelOverHttp@396c32d4{s=HttpChannelState@45523295{s=HANDLING rs=BLOCKING os=COMMITTED is=IDLE awp=false se=false i=true al=0},r=3,c=false/false,a=HANDLING,uri=https://localhost:39679/,age=1}
02:33:24.489 [qtp1221981006-50] DEBUG org.eclipse.jetty.io.ssl.SslConnection - net flushed=true, ac=true
02:33:24.489 [qtp1221981006-50] DEBUG org.eclipse.jetty.io.ssl.SslConnection - <flush true SslConnection@113ac481::SocketChannelEndPoint@2df60c40{l=/127.0.0.1:39679,r=/127.0.0.1:50208,OPEN,fill=-,flush=-,to=0/30000}{io=0/0,kio=0,kro=1}->SslConnection@113ac481{NOT_HANDSHAKING,eio=-1/-1,di=-1,fill=IDLE,flush=IDLE}~>DecryptedEndPoint@1e824c5d{l=/127.0.0.1:39679,r=/127.0.0.1:50208,OPEN,fill=-,flush=W,to=3/30000}=>HttpConnection@73b23093[p=HttpParser{s=CONTENT,0 of 22},g=HttpGenerator@3836ad5b{s=COMPLETING}]=>HttpChannelOverHttp@396c32d4{s=HttpChannelState@45523295{s=HANDLING rs=BLOCKING os=COMMITTED is=IDLE awp=false se=false i=true al=0},r=3,c=false/false,a=HANDLING,uri=https://localhost:39679/,age=1}
02:33:24.489 [qtp1221981006-50] DEBUG org.eclipse.jetty.io.WriteFlusher - Flushed=true written=221 remaining=0 WriteFlusher@79646253{WRITING}->null
Date: Thu, 02 May 2024 01:33:24 GMT
Content-Type: text/plain;charset=iso-8859-1
Content-Length: 61
02:33:24.489 [qtp1221981006-50] DEBUG org.eclipse.jetty.io.WriteFlusher - update WriteFlusher@79646253{IDLE}->null:WRITING-->IDLE
Server: Jetty(9.4.44.v20210927)
02:33:24.490 [qtp1221981006-50] DEBUG org.eclipse.jetty.server.HttpConnection - generate: DONE for SendCallback@497c5d41[PROCESSING][i=HTTP/1.1{s=409,h=3,cl=61},cb=org.eclipse.jetty.server.HttpChannel$SendCallback@541a67ed] ([p=160,l=160,c=8192,r=0],[p=61,l=61,c=512,r=0],true)@END
02:33:24.490 [qtp1221981006-50] DEBUG org.eclipse.jetty.server.HttpOutput - onWriteComplete(true,null) s=CLOSING,api=BLOCKED,sc=false,e=null->s=CLOSED,api=BLOCKING,sc=false,e=null c=null cb=null w=false
02:33:24.490 [qtp1221981006-50] DEBUG org.eclipse.jetty.server.HttpOutput - close() s=CLOSED,api=BLOCKING,sc=false,e=null c=null b=null
02:33:24.490 [qtp1221981006-50] DEBUG org.eclipse.jetty.server.Server - handled=true async=false committed=true on HttpChannelOverHttp@396c32d4{s=HttpChannelState@45523295{s=HANDLING rs=BLOCKING os=COMPLETED is=IDLE awp=false se=false i=true al=0},r=3,c=false/true,a=HANDLING,uri=https://localhost:39679/,age=2}
02:33:24.490 [qtp1221981006-50] DEBUG org.eclipse.jetty.server.HttpChannelState - unhandle HttpChannelState@45523295{s=HANDLING rs=BLOCKING os=COMPLETED is=IDLE awp=false se=false i=true al=0}
02:33:24.490 [qtp1221981006-50] DEBUG org.eclipse.jetty.server.HttpChannelState - nextAction(false) COMPLETE HttpChannelState@45523295{s=HANDLING rs=COMPLETING os=COMPLETED is=IDLE awp=false se=false i=false al=0}
02:33:24.490 [qtp1221981006-50] DEBUG org.eclipse.jetty.server.HttpChannel - action COMPLETE HttpChannelOverHttp@396c32d4{s=HttpChannelState@45523295{s=HANDLING rs=COMPLETING os=COMPLETED is=IDLE awp=false se=false i=false al=0},r=3,c=false/true,a=HANDLING,uri=https://localhost:39679/,age=2}
02:33:24.490 [qtp1221981006-50] DEBUG org.eclipse.jetty.server.HttpOutput - complete(org.eclipse.jetty.util.Callback$3@140efda8) s=CLOSED,api=BLOCKING,sc=false,e=null s=true e=null, c=null
02:33:24.490 [qtp1221981006-50] DEBUG org.eclipse.jetty.server.HttpChannelState - completed HttpChannelState@45523295{s=HANDLING rs=COMPLETING os=COMPLETED is=IDLE awp=false se=false i=false al=0}
]]></system-out>
  </testcase>
</testsuite>