<?xml version="1.0" encoding="UTF-8"?>
<testsuite xmlns:xsi="http://www.w3.org/2001/XMLSchema-instance" xsi:noNamespaceSchemaLocation="https://maven.apache.org/surefire/maven-surefire-plugin/xsd/surefire-test-report-3.0.xsd" version="3.0" name="org.apache.nifi.processors.standard.TestEvaluateXQuery" time="1.179" tests="25" errors="0" skipped="0" failures="0">
  <properties>
    <property name="sun.desktop" value="gnome"/>
    <property name="awt.toolkit" value="sun.awt.X11.XToolkit"/>
    <property name="file.encoding.pkg" value="sun.io"/>
    <property name="java.specification.version" value="1.8"/>
    <property name="sun.cpu.isalist" value=""/>
    <property name="sun.jnu.encoding" value="UTF-8"/>
    <property name="java.class.path" value="/home/alex/Repositories/nifi/nifi-nar-bundles/nifi-standard-bundle/nifi-standard-processors/target/test-classes:/home/alex/Repositories/nifi/nifi-nar-bundles/nifi-standard-bundle/nifi-standard-processors/target/classes:/home/alex/.m2/repository/org/apache/ftpserver/ftpserver-core/1.1.1/ftpserver-core-1.1.1.jar:/home/alex/.m2/repository/org/apache/ftpserver/ftplet-api/1.1.1/ftplet-api-1.1.1.jar:/home/alex/.m2/repository/org/slf4j/slf4j-api/1.7.32/slf4j-api-1.7.32.jar:/home/alex/.m2/repository/org/apache/mina/mina-core/2.0.16/mina-core-2.0.16.jar:/home/alex/Repositories/nifi/nifi-api/target/classes:/home/alex/Repositories/nifi/nifi-commons/nifi-expression-language/target/classes:/home/alex/.m2/repository/org/antlr/antlr-runtime/3.5.2/antlr-runtime-3.5.2.jar:/home/alex/Repositories/nifi/nifi-commons/nifi-parameter/target/classes:/home/alex/Repositories/nifi/nifi-commons/nifi-uuid5/target/classes:/home/alex/.m2/repository/org/apache/commons/commons-text/1.8/commons-text-1.8.jar:/home/alex/Repositories/nifi/nifi-nar-bundles/nifi-extension-utils/nifi-processor-utils/target/classes:/home/alex/Repositories/nifi/nifi-commons/nifi-security-socket-ssl/target/classes:/home/alex/Repositories/nifi/nifi-nar-bundles/nifi-extension-utils/nifi-event-transport/target/classes:/home/alex/.m2/repository/io/netty/netty-handler/4.1.69.Final/netty-handler-4.1.69.Final.jar:/home/alex/.m2/repository/io/netty/netty-common/4.1.69.Final/netty-common-4.1.69.Final.jar:/home/alex/.m2/repository/io/netty/netty-resolver/4.1.69.Final/netty-resolver-4.1.69.Final.jar:/home/alex/.m2/repository/io/netty/netty-transport/4.1.69.Final/netty-transport-4.1.69.Final.jar:/home/alex/.m2/repository/io/netty/netty-codec/4.1.69.Final/netty-codec-4.1.69.Final.jar:/home/alex/Repositories/nifi/nifi-nar-bundles/nifi-extension-utils/nifi-syslog-utils/target/classes:/home/alex/.m2/repository/com/github/palindromicity/simple-syslog-5424/0.0.16/simple-syslog-5424-0.0.16.jar:/home/alex/.m2/repository/org/antlr/antlr4-runtime/4.7.2/antlr4-runtime-4.7.2.jar:/home/alex/Repositories/nifi/nifi-commons/nifi-utils/target/classes:/home/alex/Repositories/nifi/nifi-commons/nifi-record-path/target/classes:/home/alex/Repositories/nifi/nifi-commons/nifi-properties/target/classes:/home/alex/Repositories/nifi/nifi-commons/nifi-property-utils/target/classes:/home/alex/.m2/repository/com/github/ben-manes/caffeine/caffeine/2.8.1/caffeine-2.8.1.jar:/home/alex/Repositories/nifi/nifi-nar-bundles/nifi-standard-services/nifi-ssl-context-service-api/target/classes:/home/alex/Repositories/nifi/nifi-commons/nifi-security-utils-api/target/classes:/home/alex/Repositories/nifi/nifi-nar-bundles/nifi-standard-services/nifi-lookup-service-api/target/classes:/home/alex/Repositories/nifi/nifi-commons/nifi-flowfile-packager/target/classes:/home/alex/Repositories/nifi/nifi-nar-bundles/nifi-standard-services/nifi-distributed-cache-client-service-api/target/classes:/home/alex/Repositories/nifi/nifi-nar-bundles/nifi-standard-services/nifi-http-context-map-api/target/classes:/home/alex/Repositories/nifi/nifi-nar-bundles/nifi-standard-services/nifi-record-serialization-service-api/target/classes:/home/alex/Repositories/nifi/nifi-nar-bundles/nifi-standard-services/nifi-proxy-configuration-api/target/classes:/home/alex/Repositories/nifi/nifi-commons/nifi-record/target/classes:/home/alex/Repositories/nifi/nifi-nar-bundles/nifi-standard-services/nifi-record-sink-api/target/classes:/home/alex/.m2/repository/commons-io/commons-io/2.10.0/commons-io-2.10.0.jar:/home/alex/.m2/repository/javax/ws/rs/javax.ws.rs-api/2.1/javax.ws.rs-api-2.1.jar:/home/alex/.m2/repository/commons-net/commons-net/3.6/commons-net-3.6.jar:/home/alex/.m2/repository/org/apache/commons/commons-compress/1.21/commons-compress-1.21.jar:/home/alex/.m2/repository/org/apache/commons/commons-lang3/3.9/commons-lang3-3.9.jar:/home/alex/.m2/repository/org/bouncycastle/bcprov-jdk15on/1.69/bcprov-jdk15on-1.69.jar:/home/alex/.m2/repository/org/bouncycastle/bcpg-jdk15on/1.69/bcpg-jdk15on-1.69.jar:/home/alex/.m2/repository/org/bouncycastle/bcpkix-jdk15on/1.69/bcpkix-jdk15on-1.69.jar:/home/alex/.m2/repository/org/bouncycastle/bcutil-jdk15on/1.69/bcutil-jdk15on-1.69.jar:/home/alex/.m2/repository/commons-codec/commons-codec/1.14/commons-codec-1.14.jar:/home/alex/Repositories/nifi/nifi-commons/nifi-security-utils/target/classes:/home/alex/Repositories/nifi/nifi-commons/nifi-security-kms/target/classes:/home/alex/.m2/repository/org/apache/commons/commons-configuration2/2.7/commons-configuration2-2.7.jar:/home/alex/.m2/repository/com/hierynomus/sshj/0.32.0/sshj-0.32.0.jar:/home/alex/.m2/repository/com/jcraft/jzlib/1.1.3/jzlib-1.1.3.jar:/home/alex/.m2/repository/com/hierynomus/asn-one/0.6.0/asn-one-0.6.0.jar:/home/alex/.m2/repository/net/i2p/crypto/eddsa/0.3.0/eddsa-0.3.0.jar:/home/alex/.m2/repository/org/eclipse/jetty/jetty-server/9.4.44.v20210927/jetty-server-9.4.44.v20210927.jar:/home/alex/.m2/repository/javax/servlet/javax.servlet-api/3.1.0/javax.servlet-api-3.1.0.jar:/home/alex/.m2/repository/org/eclipse/jetty/jetty-http/9.4.44.v20210927/jetty-http-9.4.44.v20210927.jar:/home/alex/.m2/repository/org/eclipse/jetty/jetty-util/9.4.44.v20210927/jetty-util-9.4.44.v20210927.jar:/home/alex/.m2/repository/org/eclipse/jetty/jetty-io/9.4.44.v20210927/jetty-io-9.4.44.v20210927.jar:/home/alex/.m2/repository/org/eclipse/jetty/jetty-servlet/9.4.44.v20210927/jetty-servlet-9.4.44.v20210927.jar:/home/alex/.m2/repository/org/eclipse/jetty/jetty-security/9.4.44.v20210927/jetty-security-9.4.44.v20210927.jar:/home/alex/.m2/repository/org/eclipse/jetty/jetty-util-ajax/9.4.44.v20210927/jetty-util-ajax-9.4.44.v20210927.jar:/home/alex/.m2/repository/org/apache/httpcomponents/httpclient/4.5.5/httpclient-4.5.5.jar:/home/alex/.m2/repository/commons-logging/commons-logging/1.2/commons-logging-1.2.jar:/home/alex/.m2/repository/org/apache/httpcomponents/httpcore/4.4.9/httpcore-4.4.9.jar:/home/alex/.m2/repository/jakarta/activation/jakarta.activation-api/2.0.1/jakarta.activation-api-2.0.1.jar:/home/alex/.m2/repository/com/sun/activation/jakarta.activation/2.0.1/jakarta.activation-2.0.1.jar:/home/alex/.m2/repository/jakarta/mail/jakarta.mail-api/2.0.1/jakarta.mail-api-2.0.1.jar:/home/alex/.m2/repository/com/sun/mail/jakarta.mail/2.0.1/jakarta.mail-2.0.1.jar:/home/alex/.m2/repository/com/github/jponge/lzma-java/1.3/lzma-java-1.3.jar:/home/alex/.m2/repository/org/tukaani/xz/1.8/xz-1.8.jar:/home/alex/.m2/repository/net/sf/saxon/Saxon-HE/10.6/Saxon-HE-10.6.jar:/home/alex/Repositories/nifi/nifi-commons/nifi-socket-utils/target/classes:/home/alex/Repositories/nifi/nifi-commons/nifi-logging-utils/target/classes:/home/alex/Repositories/nifi/nifi-nar-bundles/nifi-standard-services/nifi-load-distribution-service-api/target/classes:/home/alex/.m2/repository/javax/jms/javax.jms-api/2.0.1/javax.jms-api-2.0.1.jar:/home/alex/.m2/repository/org/apache/activemq/activemq-client/5.15.15/activemq-client-5.15.15.jar:/home/alex/.m2/repository/org/apache/geronimo/specs/geronimo-jms_1.1_spec/1.1.1/geronimo-jms_1.1_spec-1.1.1.jar:/home/alex/.m2/repository/org/fusesource/hawtbuf/hawtbuf/1.11/hawtbuf-1.11.jar:/home/alex/.m2/repository/org/apache/geronimo/specs/geronimo-j2ee-management_1.1_spec/1.0.1/geronimo-j2ee-management_1.1_spec-1.0.1.jar:/home/alex/.m2/repository/com/jayway/jsonpath/json-path/2.6.0/json-path-2.6.0.jar:/home/alex/.m2/repository/net/minidev/json-smart/2.4.7/json-smart-2.4.7.jar:/home/alex/.m2/repository/net/minidev/accessors-smart/2.4.7/accessors-smart-2.4.7.jar:/home/alex/.m2/repository/org/ow2/asm/asm/9.1/asm-9.1.jar:/home/alex/.m2/repository/org/apache/tika/tika-core/1.26/tika-core-1.26.jar:/home/alex/.m2/repository/com/fasterxml/jackson/core/jackson-databind/2.12.3/jackson-databind-2.12.3.jar:/home/alex/.m2/repository/com/fasterxml/jackson/core/jackson-annotations/2.12.3/jackson-annotations-2.12.3.jar:/home/alex/.m2/repository/com/fasterxml/jackson/core/jackson-core/2.12.3/jackson-core-2.12.3.jar:/home/alex/Repositories/nifi/nifi-nar-bundles/nifi-extension-utils/nifi-record-utils/nifi-avro-record-utils/target/classes:/home/alex/Repositories/nifi/nifi-nar-bundles/nifi-extension-utils/nifi-record-utils/nifi-standard-record-utils/target/classes:/home/alex/.m2/repository/org/apache/avro/avro/1.8.1/avro-1.8.1.jar:/home/alex/.m2/repository/org/codehaus/jackson/jackson-core-asl/1.9.13/jackson-core-asl-1.9.13.jar:/home/alex/.m2/repository/org/codehaus/jackson/jackson-mapper-asl/1.9.13/jackson-mapper-asl-1.9.13.jar:/home/alex/.m2/repository/com/thoughtworks/paranamer/paranamer/2.7/paranamer-2.7.jar:/home/alex/Repositories/nifi/nifi-nar-bundles/nifi-standard-services/nifi-dbcp-service-api/target/classes:/home/alex/.m2/repository/com/squareup/okhttp3/okhttp/4.9.2/okhttp-4.9.2.jar:/home/alex/.m2/repository/com/squareup/okio/okio/2.8.0/okio-2.8.0.jar:/home/alex/.m2/repository/org/jetbrains/kotlin/kotlin-stdlib-common/1.4.0/kotlin-stdlib-common-1.4.0.jar:/home/alex/.m2/repository/org/jetbrains/kotlin/kotlin-stdlib/1.4.10/kotlin-stdlib-1.4.10.jar:/home/alex/.m2/repository/org/jetbrains/annotations/13.0/annotations-13.0.jar:/home/alex/.m2/repository/io/github/rburgst/okhttp-digest/2.5/okhttp-digest-2.5.jar:/home/alex/.m2/repository/at/favre/lib/bcrypt/0.9.0/bcrypt-0.9.0.jar:/home/alex/.m2/repository/at/favre/lib/bytes/1.3.0/bytes-1.3.0.jar:/home/alex/.m2/repository/com/google/guava/guava/28.0-jre/guava-28.0-jre.jar:/home/alex/.m2/repository/com/google/guava/failureaccess/1.0.1/failureaccess-1.0.1.jar:/home/alex/.m2/repository/com/google/guava/listenablefuture/9999.0-empty-to-avoid-conflict-with-guava/listenablefuture-9999.0-empty-to-avoid-conflict-with-guava.jar:/home/alex/.m2/repository/com/google/code/findbugs/jsr305/3.0.2/jsr305-3.0.2.jar:/home/alex/.m2/repository/org/checkerframework/checker-qual/2.8.1/checker-qual-2.8.1.jar:/home/alex/.m2/repository/com/google/errorprone/error_prone_annotations/2.3.2/error_prone_annotations-2.3.2.jar:/home/alex/.m2/repository/com/google/j2objc/j2objc-annotations/1.3/j2objc-annotations-1.3.jar:/home/alex/.m2/repository/org/codehaus/mojo/animal-sniffer-annotations/1.17/animal-sniffer-annotations-1.17.jar:/home/alex/Repositories/nifi/nifi-mock/target/classes:/home/alex/Repositories/nifi/nifi-framework-api/target/classes:/home/alex/Repositories/nifi/nifi-nar-bundles/nifi-framework-bundle/nifi-framework/nifi-framework-core-api/target/classes:/home/alex/Repositories/nifi/nifi-nar-bundles/nifi-framework-bundle/nifi-framework/nifi-framework-nar-utils/target/classes:/home/alex/Repositories/nifi/nifi-nar-bundles/nifi-framework-bundle/nifi-framework/nifi-client-dto/target/classes:/home/alex/.m2/repository/io/swagger/swagger-annotations/1.6.0/swagger-annotations-1.6.0.jar:/home/alex/Repositories/nifi/nifi-commons/nifi-site-to-site-client/target/classes:/home/alex/.m2/repository/org/apache/httpcomponents/httpasyncclient/4.1.4/httpasyncclient-4.1.4.jar:/home/alex/.m2/repository/org/apache/httpcomponents/httpcore-nio/4.4.10/httpcore-nio-4.4.10.jar:/home/alex/Repositories/nifi/nifi-nar-bundles/nifi-framework-bundle/nifi-framework/nifi-framework-authorization/target/classes:/home/alex/Repositories/nifi/nifi-registry/nifi-registry-core/nifi-registry-data-model/target/classes:/home/alex/Repositories/nifi/nifi-registry/nifi-registry-core/nifi-registry-revision/nifi-registry-revision-entity-model/target/classes:/home/alex/Repositories/nifi/nifi-registry/nifi-registry-core/nifi-registry-client/target/classes:/home/alex/Repositories/nifi/nifi-registry/nifi-registry-core/nifi-registry-security-utils/target/classes:/home/alex/.m2/repository/org/glassfish/jersey/core/jersey-client/2.33/jersey-client-2.33.jar:/home/alex/.m2/repository/jakarta/ws/rs/jakarta.ws.rs-api/2.1.6/jakarta.ws.rs-api-2.1.6.jar:/home/alex/.m2/repository/org/glassfish/hk2/external/jakarta.inject/2.6.1/jakarta.inject-2.6.1.jar:/home/alex/.m2/repository/org/glassfish/jersey/media/jersey-media-json-jackson/2.33/jersey-media-json-jackson-2.33.jar:/home/alex/.m2/repository/org/glassfish/jersey/ext/jersey-entity-filtering/2.33/jersey-entity-filtering-2.33.jar:/home/alex/.m2/repository/org/glassfish/jersey/inject/jersey-hk2/2.33/jersey-hk2-2.33.jar:/home/alex/.m2/repository/org/glassfish/hk2/hk2-locator/2.6.1/hk2-locator-2.6.1.jar:/home/alex/.m2/repository/org/glassfish/hk2/external/aopalliance-repackaged/2.6.1/aopalliance-repackaged-2.6.1.jar:/home/alex/.m2/repository/org/glassfish/hk2/hk2-api/2.6.1/hk2-api-2.6.1.jar:/home/alex/.m2/repository/org/glassfish/hk2/hk2-utils/2.6.1/hk2-utils-2.6.1.jar:/home/alex/.m2/repository/org/javassist/javassist/3.25.0-GA/javassist-3.25.0-GA.jar:/home/alex/.m2/repository/org/glassfish/jersey/core/jersey-common/2.33/jersey-common-2.33.jar:/home/alex/.m2/repository/jakarta/annotation/jakarta.annotation-api/1.3.5/jakarta.annotation-api-1.3.5.jar:/home/alex/.m2/repository/org/glassfish/hk2/osgi-resource-locator/1.0.3/osgi-resource-locator-1.0.3.jar:/home/alex/.m2/repository/org/glassfish/jersey/media/jersey-media-multipart/2.33/jersey-media-multipart-2.33.jar:/home/alex/.m2/repository/org/jvnet/mimepull/mimepull/1.9.13/mimepull-1.9.13.jar:/home/alex/Repositories/nifi/nifi-commons/nifi-data-provenance-utils/target/classes:/home/alex/Repositories/nifi/nifi-nar-bundles/nifi-standard-services/nifi-distributed-cache-services-bundle/nifi-distributed-cache-client-service/target/classes:/home/alex/Repositories/nifi/nifi-nar-bundles/nifi-standard-services/nifi-distributed-cache-services-bundle/nifi-distributed-cache-protocol/target/classes:/home/alex/.m2/repository/io/netty/netty-buffer/4.1.69.Final/netty-buffer-4.1.69.Final.jar:/home/alex/.m2/repository/com/google/http-client/google-http-client/1.28.0/google-http-client-1.28.0.jar:/home/alex/.m2/repository/io/opencensus/opencensus-api/0.18.0/opencensus-api-0.18.0.jar:/home/alex/.m2/repository/io/grpc/grpc-context/1.14.0/grpc-context-1.14.0.jar:/home/alex/.m2/repository/io/opencensus/opencensus-contrib-http-util/0.18.0/opencensus-contrib-http-util-0.18.0.jar:/home/alex/.m2/repository/org/apache/activemq/activemq-broker/5.15.14/activemq-broker-5.15.14.jar:/home/alex/.m2/repository/org/apache/activemq/activemq-openwire-legacy/5.15.14/activemq-openwire-legacy-5.15.14.jar:/home/alex/Repositories/nifi/nifi-nar-bundles/nifi-standard-services/nifi-ssl-context-bundle/nifi-ssl-context-service/target/classes:/home/alex/Repositories/nifi/nifi-nar-bundles/nifi-framework-bundle/nifi-framework/nifi-standard-prioritizers/target/classes:/home/alex/Repositories/nifi/nifi-nar-bundles/nifi-extension-utils/nifi-record-utils/nifi-mock-record-utils/target/classes:/home/alex/Repositories/nifi/nifi-nar-bundles/nifi-standard-services/nifi-record-serialization-services-bundle/nifi-record-serialization-services/target/classes:/home/alex/.m2/repository/org/apache/commons/commons-csv/1.8/commons-csv-1.8.jar:/home/alex/.m2/repository/com/fasterxml/jackson/dataformat/jackson-dataformat-csv/2.12.3/jackson-dataformat-csv-2.12.3.jar:/home/alex/.m2/repository/net/java/dev/stax-utils/stax-utils/20070216/stax-utils-20070216.jar:/home/alex/Repositories/nifi/nifi-nar-bundles/nifi-standard-services/nifi-lookup-services-bundle/nifi-lookup-services/target/classes:/home/alex/.m2/repository/commons-beanutils/commons-beanutils/1.9.4/commons-beanutils-1.9.4.jar:/home/alex/.m2/repository/commons-collections/commons-collections/3.2.2/commons-collections-3.2.2.jar:/home/alex/.m2/repository/com/maxmind/geoip2/geoip2/2.12.0/geoip2-2.12.0.jar:/home/alex/.m2/repository/com/maxmind/db/maxmind-db/1.2.2/maxmind-db-1.2.2.jar:/home/alex/.m2/repository/org/apache/derby/derby/10.14.2.0/derby-10.14.2.0.jar:/home/alex/.m2/repository/org/xerial/snappy/snappy-java/1.1.7.3/snappy-java-1.1.7.3.jar:/home/alex/.m2/repository/net/lingala/zip4j/zip4j/2.8.0/zip4j-2.8.0.jar:/home/alex/.m2/repository/com/h2database/h2/1.4.187/h2-1.4.187.jar:/home/alex/.m2/repository/org/mockftpserver/MockFtpServer/2.7.1/MockFtpServer-2.7.1.jar:/home/alex/.m2/repository/org/apache/sshd/sshd-core/1.7.0/sshd-core-1.7.0.jar:/home/alex/.m2/repository/com/bazaarvoice/jolt/jolt-core/0.1.1/jolt-core-0.1.1.jar:/home/alex/.m2/repository/javax/inject/javax.inject/1/javax.inject-1.jar:/home/alex/.m2/repository/com/bazaarvoice/jolt/json-utils/0.1.1/json-utils-0.1.1.jar:/home/alex/Repositories/nifi/nifi-nar-bundles/nifi-standard-bundle/nifi-standard-utils/target/classes:/home/alex/.m2/repository/net/sf/supercsv/super-csv/2.4.0/super-csv-2.4.0.jar:/home/alex/.m2/repository/com/fluenda/parcefone/2.1.0/parcefone-2.1.0.jar:/home/alex/.m2/repository/javax/validation/validation-api/1.1.0.Final/validation-api-1.1.0.Final.jar:/home/alex/.m2/repository/javax/el/javax.el-api/3.0.0/javax.el-api-3.0.0.jar:/home/alex/.m2/repository/com/github/wnameless/json/json-flattener/0.12.0/json-flattener-0.12.0.jar:/home/alex/.m2/repository/com/github/wnameless/json/json-base/2.0.0/json-base-2.0.0.jar:/home/alex/.m2/repository/org/apache/bval/bval-jsr/1.1.2/bval-jsr-1.1.2.jar:/home/alex/.m2/repository/org/apache/bval/bval-core/1.1.2/bval-core-1.1.2.jar:/home/alex/.m2/repository/io/krakens/java-grok/0.1.9/java-grok-0.1.9.jar:/home/alex/.m2/repository/org/apache/calcite/calcite-core/1.27.0/calcite-core-1.27.0.jar:/home/alex/.m2/repository/org/apache/calcite/calcite-linq4j/1.27.0/calcite-linq4j-1.27.0.jar:/home/alex/.m2/repository/com/esri/geometry/esri-geometry-api/2.2.0/esri-geometry-api-2.2.0.jar:/home/alex/.m2/repository/org/apache/calcite/avatica/avatica-core/1.18.0/avatica-core-1.18.0.jar:/home/alex/.m2/repository/org/apache/calcite/avatica/avatica-metrics/1.18.0/avatica-metrics-1.18.0.jar:/home/alex/.m2/repository/com/google/protobuf/protobuf-java/3.6.1/protobuf-java-3.6.1.jar:/home/alex/.m2/repository/org/apiguardian/apiguardian-api/1.1.0/apiguardian-api-1.1.0.jar:/home/alex/.m2/repository/com/fasterxml/jackson/dataformat/jackson-dataformat-yaml/2.10.0/jackson-dataformat-yaml-2.10.0.jar:/home/alex/.m2/repository/org/yaml/snakeyaml/1.29/snakeyaml-1.29.jar:/home/alex/.m2/repository/com/google/uzaygezen/uzaygezen-core/0.2/uzaygezen-core-0.2.jar:/home/alex/.m2/repository/com/yahoo/datasketches/sketches-core/0.9.0/sketches-core-0.9.0.jar:/home/alex/.m2/repository/com/yahoo/datasketches/memory/0.9.0/memory-0.9.0.jar:/home/alex/.m2/repository/net/hydromatic/aggdesigner-algorithm/6.0/aggdesigner-algorithm-6.0.jar:/home/alex/.m2/repository/commons-lang/commons-lang/2.4/commons-lang-2.4.jar:/home/alex/.m2/repository/org/apache/commons/commons-dbcp2/2.6.0/commons-dbcp2-2.6.0.jar:/home/alex/.m2/repository/org/apache/commons/commons-pool2/2.6.1/commons-pool2-2.6.1.jar:/home/alex/.m2/repository/org/codehaus/janino/commons-compiler/3.0.11/commons-compiler-3.0.11.jar:/home/alex/.m2/repository/org/codehaus/janino/janino/3.0.11/janino-3.0.11.jar:/home/alex/Repositories/nifi/nifi-nar-bundles/nifi-standard-services/nifi-schema-registry-service-api/target/classes:/home/alex/Repositories/nifi/nifi-nar-bundles/nifi-extension-utils/nifi-database-utils/target/classes:/home/alex/Repositories/nifi/nifi-nar-bundles/nifi-standard-bundle/nifi-standard-web-test-utils/target/classes:/home/alex/.m2/repository/com/github/stefanbirkner/fake-sftp-server-rule/2.0.1/fake-sftp-server-rule-2.0.1.jar:/home/alex/.m2/repository/com/github/marschall/memoryfilesystem/2.8.0/memoryfilesystem-2.8.0.jar:/home/alex/.m2/repository/junit/junit/4.13.2/junit-4.13.2.jar:/home/alex/.m2/repository/org/hamcrest/hamcrest-core/1.3/hamcrest-core-1.3.jar:/home/alex/Repositories/nifi/nifi-nar-bundles/nifi-extension-utils/nifi-database-test-utils/target/classes:/home/alex/.m2/repository/org/codehaus/groovy/groovy-json/2.5.14/groovy-json-2.5.14.jar:/home/alex/.m2/repository/org/codehaus/groovy/groovy/2.5.14/groovy-2.5.14.jar:/home/alex/.m2/repository/org/codehaus/groovy/groovy-servlet/2.5.14/groovy-servlet-2.5.14.jar:/home/alex/.m2/repository/org/codehaus/groovy/groovy-templates/2.5.14/groovy-templates-2.5.14.jar:/home/alex/.m2/repository/org/codehaus/groovy/groovy-xml/2.5.14/groovy-xml-2.5.14.jar:/home/alex/.m2/repository/org/hamcrest/hamcrest-all/1.3/hamcrest-all-1.3.jar:/home/alex/.m2/repository/com/squareup/okhttp3/mockwebserver/4.9.2/mockwebserver-4.9.2.jar:/home/alex/.m2/repository/org/jetbrains/kotlin/kotlin-stdlib-jdk8/1.4.10/kotlin-stdlib-jdk8-1.4.10.jar:/home/alex/.m2/repository/org/jetbrains/kotlin/kotlin-stdlib-jdk7/1.4.10/kotlin-stdlib-jdk7-1.4.10.jar:/home/alex/.m2/repository/org/mockito/mockito-inline/3.12.4/mockito-inline-3.12.4.jar:/home/alex/.m2/repository/org/junit/jupiter/junit-jupiter-api/5.7.2/junit-jupiter-api-5.7.2.jar:/home/alex/.m2/repository/org/opentest4j/opentest4j/1.2.0/opentest4j-1.2.0.jar:/home/alex/.m2/repository/org/junit/platform/junit-platform-commons/1.7.2/junit-platform-commons-1.7.2.jar:/home/alex/.m2/repository/org/junit/jupiter/junit-jupiter-engine/5.7.2/junit-jupiter-engine-5.7.2.jar:/home/alex/.m2/repository/org/junit/platform/junit-platform-engine/1.7.2/junit-platform-engine-1.7.2.jar:/home/alex/.m2/repository/org/junit/vintage/junit-vintage-engine/5.7.2/junit-vintage-engine-5.7.2.jar:/home/alex/.m2/repository/org/junit/jupiter/junit-jupiter-params/5.7.2/junit-jupiter-params-5.7.2.jar:/home/alex/.m2/repository/org/mockito/mockito-core/3.11.2/mockito-core-3.11.2.jar:/home/alex/.m2/repository/net/bytebuddy/byte-buddy/1.11.3/byte-buddy-1.11.3.jar:/home/alex/.m2/repository/net/bytebuddy/byte-buddy-agent/1.11.3/byte-buddy-agent-1.11.3.jar:/home/alex/.m2/repository/org/objenesis/objenesis/3.2/objenesis-3.2.jar:/home/alex/.m2/repository/org/mockito/mockito-junit-jupiter/3.11.2/mockito-junit-jupiter-3.11.2.jar:/home/alex/.m2/repository/org/slf4j/slf4j-simple/1.7.32/slf4j-simple-1.7.32.jar:/home/alex/.m2/repository/org/codehaus/groovy/groovy-test/2.5.14/groovy-test-2.5.14.jar:"/>
    <property name="java.vm.vendor" value="Private Build"/>
    <property name="sun.arch.data.model" value="64"/>
    <property name="java.vendor.url" value="http://java.oracle.com/"/>
    <property name="user.timezone" value="Europe/Lisbon"/>
    <property name="java.vm.specification.version" value="1.8"/>
    <property name="os.name" value="Linux"/>
    <property name="user.country" value="US"/>
    <property name="sun.java.launcher" value="SUN_STANDARD"/>
    <property name="sun.boot.library.path" value="/usr/lib/jvm/java-8-openjdk-amd64/jre/lib/amd64"/>
    <property name="sun.java.command" value="/home/alex/Repositories/nifi/nifi-nar-bundles/nifi-standard-bundle/nifi-standard-processors/target/surefire/surefirebooter262180563015504354.jar /home/alex/Repositories/nifi/nifi-nar-bundles/nifi-standard-bundle/nifi-standard-processors/target/surefire 2024-05-02T02-13-54_999-jvmRun1 surefire7006267633466184684tmp surefire_695365209324004685157tmp"/>
    <property name="org.slf4j.simpleLogger.log.nifi.io.nio" value="debug"/>
    <property name="surefire.test.class.path" value="/home/alex/Repositories/nifi/nifi-nar-bundles/nifi-standard-bundle/nifi-standard-processors/target/test-classes:/home/alex/Repositories/nifi/nifi-nar-bundles/nifi-standard-bundle/nifi-standard-processors/target/classes:/home/alex/.m2/repository/org/apache/ftpserver/ftpserver-core/1.1.1/ftpserver-core-1.1.1.jar:/home/alex/.m2/repository/org/apache/ftpserver/ftplet-api/1.1.1/ftplet-api-1.1.1.jar:/home/alex/.m2/repository/org/slf4j/slf4j-api/1.7.32/slf4j-api-1.7.32.jar:/home/alex/.m2/repository/org/apache/mina/mina-core/2.0.16/mina-core-2.0.16.jar:/home/alex/Repositories/nifi/nifi-api/target/classes:/home/alex/Repositories/nifi/nifi-commons/nifi-expression-language/target/classes:/home/alex/.m2/repository/org/antlr/antlr-runtime/3.5.2/antlr-runtime-3.5.2.jar:/home/alex/Repositories/nifi/nifi-commons/nifi-parameter/target/classes:/home/alex/Repositories/nifi/nifi-commons/nifi-uuid5/target/classes:/home/alex/.m2/repository/org/apache/commons/commons-text/1.8/commons-text-1.8.jar:/home/alex/Repositories/nifi/nifi-nar-bundles/nifi-extension-utils/nifi-processor-utils/target/classes:/home/alex/Repositories/nifi/nifi-commons/nifi-security-socket-ssl/target/classes:/home/alex/Repositories/nifi/nifi-nar-bundles/nifi-extension-utils/nifi-event-transport/target/classes:/home/alex/.m2/repository/io/netty/netty-handler/4.1.69.Final/netty-handler-4.1.69.Final.jar:/home/alex/.m2/repository/io/netty/netty-common/4.1.69.Final/netty-common-4.1.69.Final.jar:/home/alex/.m2/repository/io/netty/netty-resolver/4.1.69.Final/netty-resolver-4.1.69.Final.jar:/home/alex/.m2/repository/io/netty/netty-transport/4.1.69.Final/netty-transport-4.1.69.Final.jar:/home/alex/.m2/repository/io/netty/netty-codec/4.1.69.Final/netty-codec-4.1.69.Final.jar:/home/alex/Repositories/nifi/nifi-nar-bundles/nifi-extension-utils/nifi-syslog-utils/target/classes:/home/alex/.m2/repository/com/github/palindromicity/simple-syslog-5424/0.0.16/simple-syslog-5424-0.0.16.jar:/home/alex/.m2/repository/org/antlr/antlr4-runtime/4.7.2/antlr4-runtime-4.7.2.jar:/home/alex/Repositories/nifi/nifi-commons/nifi-utils/target/classes:/home/alex/Repositories/nifi/nifi-commons/nifi-record-path/target/classes:/home/alex/Repositories/nifi/nifi-commons/nifi-properties/target/classes:/home/alex/Repositories/nifi/nifi-commons/nifi-property-utils/target/classes:/home/alex/.m2/repository/com/github/ben-manes/caffeine/caffeine/2.8.1/caffeine-2.8.1.jar:/home/alex/Repositories/nifi/nifi-nar-bundles/nifi-standard-services/nifi-ssl-context-service-api/target/classes:/home/alex/Repositories/nifi/nifi-commons/nifi-security-utils-api/target/classes:/home/alex/Repositories/nifi/nifi-nar-bundles/nifi-standard-services/nifi-lookup-service-api/target/classes:/home/alex/Repositories/nifi/nifi-commons/nifi-flowfile-packager/target/classes:/home/alex/Repositories/nifi/nifi-nar-bundles/nifi-standard-services/nifi-distributed-cache-client-service-api/target/classes:/home/alex/Repositories/nifi/nifi-nar-bundles/nifi-standard-services/nifi-http-context-map-api/target/classes:/home/alex/Repositories/nifi/nifi-nar-bundles/nifi-standard-services/nifi-record-serialization-service-api/target/classes:/home/alex/Repositories/nifi/nifi-nar-bundles/nifi-standard-services/nifi-proxy-configuration-api/target/classes:/home/alex/Repositories/nifi/nifi-commons/nifi-record/target/classes:/home/alex/Repositories/nifi/nifi-nar-bundles/nifi-standard-services/nifi-record-sink-api/target/classes:/home/alex/.m2/repository/commons-io/commons-io/2.10.0/commons-io-2.10.0.jar:/home/alex/.m2/repository/javax/ws/rs/javax.ws.rs-api/2.1/javax.ws.rs-api-2.1.jar:/home/alex/.m2/repository/commons-net/commons-net/3.6/commons-net-3.6.jar:/home/alex/.m2/repository/org/apache/commons/commons-compress/1.21/commons-compress-1.21.jar:/home/alex/.m2/repository/org/apache/commons/commons-lang3/3.9/commons-lang3-3.9.jar:/home/alex/.m2/repository/org/bouncycastle/bcprov-jdk15on/1.69/bcprov-jdk15on-1.69.jar:/home/alex/.m2/repository/org/bouncycastle/bcpg-jdk15on/1.69/bcpg-jdk15on-1.69.jar:/home/alex/.m2/repository/org/bouncycastle/bcpkix-jdk15on/1.69/bcpkix-jdk15on-1.69.jar:/home/alex/.m2/repository/org/bouncycastle/bcutil-jdk15on/1.69/bcutil-jdk15on-1.69.jar:/home/alex/.m2/repository/commons-codec/commons-codec/1.14/commons-codec-1.14.jar:/home/alex/Repositories/nifi/nifi-commons/nifi-security-utils/target/classes:/home/alex/Repositories/nifi/nifi-commons/nifi-security-kms/target/classes:/home/alex/.m2/repository/org/apache/commons/commons-configuration2/2.7/commons-configuration2-2.7.jar:/home/alex/.m2/repository/com/hierynomus/sshj/0.32.0/sshj-0.32.0.jar:/home/alex/.m2/repository/com/jcraft/jzlib/1.1.3/jzlib-1.1.3.jar:/home/alex/.m2/repository/com/hierynomus/asn-one/0.6.0/asn-one-0.6.0.jar:/home/alex/.m2/repository/net/i2p/crypto/eddsa/0.3.0/eddsa-0.3.0.jar:/home/alex/.m2/repository/org/eclipse/jetty/jetty-server/9.4.44.v20210927/jetty-server-9.4.44.v20210927.jar:/home/alex/.m2/repository/javax/servlet/javax.servlet-api/3.1.0/javax.servlet-api-3.1.0.jar:/home/alex/.m2/repository/org/eclipse/jetty/jetty-http/9.4.44.v20210927/jetty-http-9.4.44.v20210927.jar:/home/alex/.m2/repository/org/eclipse/jetty/jetty-util/9.4.44.v20210927/jetty-util-9.4.44.v20210927.jar:/home/alex/.m2/repository/org/eclipse/jetty/jetty-io/9.4.44.v20210927/jetty-io-9.4.44.v20210927.jar:/home/alex/.m2/repository/org/eclipse/jetty/jetty-servlet/9.4.44.v20210927/jetty-servlet-9.4.44.v20210927.jar:/home/alex/.m2/repository/org/eclipse/jetty/jetty-security/9.4.44.v20210927/jetty-security-9.4.44.v20210927.jar:/home/alex/.m2/repository/org/eclipse/jetty/jetty-util-ajax/9.4.44.v20210927/jetty-util-ajax-9.4.44.v20210927.jar:/home/alex/.m2/repository/org/apache/httpcomponents/httpclient/4.5.5/httpclient-4.5.5.jar:/home/alex/.m2/repository/commons-logging/commons-logging/1.2/commons-logging-1.2.jar:/home/alex/.m2/repository/org/apache/httpcomponents/httpcore/4.4.9/httpcore-4.4.9.jar:/home/alex/.m2/repository/jakarta/activation/jakarta.activation-api/2.0.1/jakarta.activation-api-2.0.1.jar:/home/alex/.m2/repository/com/sun/activation/jakarta.activation/2.0.1/jakarta.activation-2.0.1.jar:/home/alex/.m2/repository/jakarta/mail/jakarta.mail-api/2.0.1/jakarta.mail-api-2.0.1.jar:/home/alex/.m2/repository/com/sun/mail/jakarta.mail/2.0.1/jakarta.mail-2.0.1.jar:/home/alex/.m2/repository/com/github/jponge/lzma-java/1.3/lzma-java-1.3.jar:/home/alex/.m2/repository/org/tukaani/xz/1.8/xz-1.8.jar:/home/alex/.m2/repository/net/sf/saxon/Saxon-HE/10.6/Saxon-HE-10.6.jar:/home/alex/Repositories/nifi/nifi-commons/nifi-socket-utils/target/classes:/home/alex/Repositories/nifi/nifi-commons/nifi-logging-utils/target/classes:/home/alex/Repositories/nifi/nifi-nar-bundles/nifi-standard-services/nifi-load-distribution-service-api/target/classes:/home/alex/.m2/repository/javax/jms/javax.jms-api/2.0.1/javax.jms-api-2.0.1.jar:/home/alex/.m2/repository/org/apache/activemq/activemq-client/5.15.15/activemq-client-5.15.15.jar:/home/alex/.m2/repository/org/apache/geronimo/specs/geronimo-jms_1.1_spec/1.1.1/geronimo-jms_1.1_spec-1.1.1.jar:/home/alex/.m2/repository/org/fusesource/hawtbuf/hawtbuf/1.11/hawtbuf-1.11.jar:/home/alex/.m2/repository/org/apache/geronimo/specs/geronimo-j2ee-management_1.1_spec/1.0.1/geronimo-j2ee-management_1.1_spec-1.0.1.jar:/home/alex/.m2/repository/com/jayway/jsonpath/json-path/2.6.0/json-path-2.6.0.jar:/home/alex/.m2/repository/net/minidev/json-smart/2.4.7/json-smart-2.4.7.jar:/home/alex/.m2/repository/net/minidev/accessors-smart/2.4.7/accessors-smart-2.4.7.jar:/home/alex/.m2/repository/org/ow2/asm/asm/9.1/asm-9.1.jar:/home/alex/.m2/repository/org/apache/tika/tika-core/1.26/tika-core-1.26.jar:/home/alex/.m2/repository/com/fasterxml/jackson/core/jackson-databind/2.12.3/jackson-databind-2.12.3.jar:/home/alex/.m2/repository/com/fasterxml/jackson/core/jackson-annotations/2.12.3/jackson-annotations-2.12.3.jar:/home/alex/.m2/repository/com/fasterxml/jackson/core/jackson-core/2.12.3/jackson-core-2.12.3.jar:/home/alex/Repositories/nifi/nifi-nar-bundles/nifi-extension-utils/nifi-record-utils/nifi-avro-record-utils/target/classes:/home/alex/Repositories/nifi/nifi-nar-bundles/nifi-extension-utils/nifi-record-utils/nifi-standard-record-utils/target/classes:/home/alex/.m2/repository/org/apache/avro/avro/1.8.1/avro-1.8.1.jar:/home/alex/.m2/repository/org/codehaus/jackson/jackson-core-asl/1.9.13/jackson-core-asl-1.9.13.jar:/home/alex/.m2/repository/org/codehaus/jackson/jackson-mapper-asl/1.9.13/jackson-mapper-asl-1.9.13.jar:/home/alex/.m2/repository/com/thoughtworks/paranamer/paranamer/2.7/paranamer-2.7.jar:/home/alex/Repositories/nifi/nifi-nar-bundles/nifi-standard-services/nifi-dbcp-service-api/target/classes:/home/alex/.m2/repository/com/squareup/okhttp3/okhttp/4.9.2/okhttp-4.9.2.jar:/home/alex/.m2/repository/com/squareup/okio/okio/2.8.0/okio-2.8.0.jar:/home/alex/.m2/repository/org/jetbrains/kotlin/kotlin-stdlib-common/1.4.0/kotlin-stdlib-common-1.4.0.jar:/home/alex/.m2/repository/org/jetbrains/kotlin/kotlin-stdlib/1.4.10/kotlin-stdlib-1.4.10.jar:/home/alex/.m2/repository/org/jetbrains/annotations/13.0/annotations-13.0.jar:/home/alex/.m2/repository/io/github/rburgst/okhttp-digest/2.5/okhttp-digest-2.5.jar:/home/alex/.m2/repository/at/favre/lib/bcrypt/0.9.0/bcrypt-0.9.0.jar:/home/alex/.m2/repository/at/favre/lib/bytes/1.3.0/bytes-1.3.0.jar:/home/alex/.m2/repository/com/google/guava/guava/28.0-jre/guava-28.0-jre.jar:/home/alex/.m2/repository/com/google/guava/failureaccess/1.0.1/failureaccess-1.0.1.jar:/home/alex/.m2/repository/com/google/guava/listenablefuture/9999.0-empty-to-avoid-conflict-with-guava/listenablefuture-9999.0-empty-to-avoid-conflict-with-guava.jar:/home/alex/.m2/repository/com/google/code/findbugs/jsr305/3.0.2/jsr305-3.0.2.jar:/home/alex/.m2/repository/org/checkerframework/checker-qual/2.8.1/checker-qual-2.8.1.jar:/home/alex/.m2/repository/com/google/errorprone/error_prone_annotations/2.3.2/error_prone_annotations-2.3.2.jar:/home/alex/.m2/repository/com/google/j2objc/j2objc-annotations/1.3/j2objc-annotations-1.3.jar:/home/alex/.m2/repository/org/codehaus/mojo/animal-sniffer-annotations/1.17/animal-sniffer-annotations-1.17.jar:/home/alex/Repositories/nifi/nifi-mock/target/classes:/home/alex/Repositories/nifi/nifi-framework-api/target/classes:/home/alex/Repositories/nifi/nifi-nar-bundles/nifi-framework-bundle/nifi-framework/nifi-framework-core-api/target/classes:/home/alex/Repositories/nifi/nifi-nar-bundles/nifi-framework-bundle/nifi-framework/nifi-framework-nar-utils/target/classes:/home/alex/Repositories/nifi/nifi-nar-bundles/nifi-framework-bundle/nifi-framework/nifi-client-dto/target/classes:/home/alex/.m2/repository/io/swagger/swagger-annotations/1.6.0/swagger-annotations-1.6.0.jar:/home/alex/Repositories/nifi/nifi-commons/nifi-site-to-site-client/target/classes:/home/alex/.m2/repository/org/apache/httpcomponents/httpasyncclient/4.1.4/httpasyncclient-4.1.4.jar:/home/alex/.m2/repository/org/apache/httpcomponents/httpcore-nio/4.4.10/httpcore-nio-4.4.10.jar:/home/alex/Repositories/nifi/nifi-nar-bundles/nifi-framework-bundle/nifi-framework/nifi-framework-authorization/target/classes:/home/alex/Repositories/nifi/nifi-registry/nifi-registry-core/nifi-registry-data-model/target/classes:/home/alex/Repositories/nifi/nifi-registry/nifi-registry-core/nifi-registry-revision/nifi-registry-revision-entity-model/target/classes:/home/alex/Repositories/nifi/nifi-registry/nifi-registry-core/nifi-registry-client/target/classes:/home/alex/Repositories/nifi/nifi-registry/nifi-registry-core/nifi-registry-security-utils/target/classes:/home/alex/.m2/repository/org/glassfish/jersey/core/jersey-client/2.33/jersey-client-2.33.jar:/home/alex/.m2/repository/jakarta/ws/rs/jakarta.ws.rs-api/2.1.6/jakarta.ws.rs-api-2.1.6.jar:/home/alex/.m2/repository/org/glassfish/hk2/external/jakarta.inject/2.6.1/jakarta.inject-2.6.1.jar:/home/alex/.m2/repository/org/glassfish/jersey/media/jersey-media-json-jackson/2.33/jersey-media-json-jackson-2.33.jar:/home/alex/.m2/repository/org/glassfish/jersey/ext/jersey-entity-filtering/2.33/jersey-entity-filtering-2.33.jar:/home/alex/.m2/repository/org/glassfish/jersey/inject/jersey-hk2/2.33/jersey-hk2-2.33.jar:/home/alex/.m2/repository/org/glassfish/hk2/hk2-locator/2.6.1/hk2-locator-2.6.1.jar:/home/alex/.m2/repository/org/glassfish/hk2/external/aopalliance-repackaged/2.6.1/aopalliance-repackaged-2.6.1.jar:/home/alex/.m2/repository/org/glassfish/hk2/hk2-api/2.6.1/hk2-api-2.6.1.jar:/home/alex/.m2/repository/org/glassfish/hk2/hk2-utils/2.6.1/hk2-utils-2.6.1.jar:/home/alex/.m2/repository/org/javassist/javassist/3.25.0-GA/javassist-3.25.0-GA.jar:/home/alex/.m2/repository/org/glassfish/jersey/core/jersey-common/2.33/jersey-common-2.33.jar:/home/alex/.m2/repository/jakarta/annotation/jakarta.annotation-api/1.3.5/jakarta.annotation-api-1.3.5.jar:/home/alex/.m2/repository/org/glassfish/hk2/osgi-resource-locator/1.0.3/osgi-resource-locator-1.0.3.jar:/home/alex/.m2/repository/org/glassfish/jersey/media/jersey-media-multipart/2.33/jersey-media-multipart-2.33.jar:/home/alex/.m2/repository/org/jvnet/mimepull/mimepull/1.9.13/mimepull-1.9.13.jar:/home/alex/Repositories/nifi/nifi-commons/nifi-data-provenance-utils/target/classes:/home/alex/Repositories/nifi/nifi-nar-bundles/nifi-standard-services/nifi-distributed-cache-services-bundle/nifi-distributed-cache-client-service/target/classes:/home/alex/Repositories/nifi/nifi-nar-bundles/nifi-standard-services/nifi-distributed-cache-services-bundle/nifi-distributed-cache-protocol/target/classes:/home/alex/.m2/repository/io/netty/netty-buffer/4.1.69.Final/netty-buffer-4.1.69.Final.jar:/home/alex/.m2/repository/com/google/http-client/google-http-client/1.28.0/google-http-client-1.28.0.jar:/home/alex/.m2/repository/io/opencensus/opencensus-api/0.18.0/opencensus-api-0.18.0.jar:/home/alex/.m2/repository/io/grpc/grpc-context/1.14.0/grpc-context-1.14.0.jar:/home/alex/.m2/repository/io/opencensus/opencensus-contrib-http-util/0.18.0/opencensus-contrib-http-util-0.18.0.jar:/home/alex/.m2/repository/org/apache/activemq/activemq-broker/5.15.14/activemq-broker-5.15.14.jar:/home/alex/.m2/repository/org/apache/activemq/activemq-openwire-legacy/5.15.14/activemq-openwire-legacy-5.15.14.jar:/home/alex/Repositories/nifi/nifi-nar-bundles/nifi-standard-services/nifi-ssl-context-bundle/nifi-ssl-context-service/target/classes:/home/alex/Repositories/nifi/nifi-nar-bundles/nifi-framework-bundle/nifi-framework/nifi-standard-prioritizers/target/classes:/home/alex/Repositories/nifi/nifi-nar-bundles/nifi-extension-utils/nifi-record-utils/nifi-mock-record-utils/target/classes:/home/alex/Repositories/nifi/nifi-nar-bundles/nifi-standard-services/nifi-record-serialization-services-bundle/nifi-record-serialization-services/target/classes:/home/alex/.m2/repository/org/apache/commons/commons-csv/1.8/commons-csv-1.8.jar:/home/alex/.m2/repository/com/fasterxml/jackson/dataformat/jackson-dataformat-csv/2.12.3/jackson-dataformat-csv-2.12.3.jar:/home/alex/.m2/repository/net/java/dev/stax-utils/stax-utils/20070216/stax-utils-20070216.jar:/home/alex/Repositories/nifi/nifi-nar-bundles/nifi-standard-services/nifi-lookup-services-bundle/nifi-lookup-services/target/classes:/home/alex/.m2/repository/commons-beanutils/commons-beanutils/1.9.4/commons-beanutils-1.9.4.jar:/home/alex/.m2/repository/commons-collections/commons-collections/3.2.2/commons-collections-3.2.2.jar:/home/alex/.m2/repository/com/maxmind/geoip2/geoip2/2.12.0/geoip2-2.12.0.jar:/home/alex/.m2/repository/com/maxmind/db/maxmind-db/1.2.2/maxmind-db-1.2.2.jar:/home/alex/.m2/repository/org/apache/derby/derby/10.14.2.0/derby-10.14.2.0.jar:/home/alex/.m2/repository/org/xerial/snappy/snappy-java/1.1.7.3/snappy-java-1.1.7.3.jar:/home/alex/.m2/repository/net/lingala/zip4j/zip4j/2.8.0/zip4j-2.8.0.jar:/home/alex/.m2/repository/com/h2database/h2/1.4.187/h2-1.4.187.jar:/home/alex/.m2/repository/org/mockftpserver/MockFtpServer/2.7.1/MockFtpServer-2.7.1.jar:/home/alex/.m2/repository/org/apache/sshd/sshd-core/1.7.0/sshd-core-1.7.0.jar:/home/alex/.m2/repository/com/bazaarvoice/jolt/jolt-core/0.1.1/jolt-core-0.1.1.jar:/home/alex/.m2/repository/javax/inject/javax.inject/1/javax.inject-1.jar:/home/alex/.m2/repository/com/bazaarvoice/jolt/json-utils/0.1.1/json-utils-0.1.1.jar:/home/alex/Repositories/nifi/nifi-nar-bundles/nifi-standard-bundle/nifi-standard-utils/target/classes:/home/alex/.m2/repository/net/sf/supercsv/super-csv/2.4.0/super-csv-2.4.0.jar:/home/alex/.m2/repository/com/fluenda/parcefone/2.1.0/parcefone-2.1.0.jar:/home/alex/.m2/repository/javax/validation/validation-api/1.1.0.Final/validation-api-1.1.0.Final.jar:/home/alex/.m2/repository/javax/el/javax.el-api/3.0.0/javax.el-api-3.0.0.jar:/home/alex/.m2/repository/com/github/wnameless/json/json-flattener/0.12.0/json-flattener-0.12.0.jar:/home/alex/.m2/repository/com/github/wnameless/json/json-base/2.0.0/json-base-2.0.0.jar:/home/alex/.m2/repository/org/apache/bval/bval-jsr/1.1.2/bval-jsr-1.1.2.jar:/home/alex/.m2/repository/org/apache/bval/bval-core/1.1.2/bval-core-1.1.2.jar:/home/alex/.m2/repository/io/krakens/java-grok/0.1.9/java-grok-0.1.9.jar:/home/alex/.m2/repository/org/apache/calcite/calcite-core/1.27.0/calcite-core-1.27.0.jar:/home/alex/.m2/repository/org/apache/calcite/calcite-linq4j/1.27.0/calcite-linq4j-1.27.0.jar:/home/alex/.m2/repository/com/esri/geometry/esri-geometry-api/2.2.0/esri-geometry-api-2.2.0.jar:/home/alex/.m2/repository/org/apache/calcite/avatica/avatica-core/1.18.0/avatica-core-1.18.0.jar:/home/alex/.m2/repository/org/apache/calcite/avatica/avatica-metrics/1.18.0/avatica-metrics-1.18.0.jar:/home/alex/.m2/repository/com/google/protobuf/protobuf-java/3.6.1/protobuf-java-3.6.1.jar:/home/alex/.m2/repository/org/apiguardian/apiguardian-api/1.1.0/apiguardian-api-1.1.0.jar:/home/alex/.m2/repository/com/fasterxml/jackson/dataformat/jackson-dataformat-yaml/2.10.0/jackson-dataformat-yaml-2.10.0.jar:/home/alex/.m2/repository/org/yaml/snakeyaml/1.29/snakeyaml-1.29.jar:/home/alex/.m2/repository/com/google/uzaygezen/uzaygezen-core/0.2/uzaygezen-core-0.2.jar:/home/alex/.m2/repository/com/yahoo/datasketches/sketches-core/0.9.0/sketches-core-0.9.0.jar:/home/alex/.m2/repository/com/yahoo/datasketches/memory/0.9.0/memory-0.9.0.jar:/home/alex/.m2/repository/net/hydromatic/aggdesigner-algorithm/6.0/aggdesigner-algorithm-6.0.jar:/home/alex/.m2/repository/commons-lang/commons-lang/2.4/commons-lang-2.4.jar:/home/alex/.m2/repository/org/apache/commons/commons-dbcp2/2.6.0/commons-dbcp2-2.6.0.jar:/home/alex/.m2/repository/org/apache/commons/commons-pool2/2.6.1/commons-pool2-2.6.1.jar:/home/alex/.m2/repository/org/codehaus/janino/commons-compiler/3.0.11/commons-compiler-3.0.11.jar:/home/alex/.m2/repository/org/codehaus/janino/janino/3.0.11/janino-3.0.11.jar:/home/alex/Repositories/nifi/nifi-nar-bundles/nifi-standard-services/nifi-schema-registry-service-api/target/classes:/home/alex/Repositories/nifi/nifi-nar-bundles/nifi-extension-utils/nifi-database-utils/target/classes:/home/alex/Repositories/nifi/nifi-nar-bundles/nifi-standard-bundle/nifi-standard-web-test-utils/target/classes:/home/alex/.m2/repository/com/github/stefanbirkner/fake-sftp-server-rule/2.0.1/fake-sftp-server-rule-2.0.1.jar:/home/alex/.m2/repository/com/github/marschall/memoryfilesystem/2.8.0/memoryfilesystem-2.8.0.jar:/home/alex/.m2/repository/junit/junit/4.13.2/junit-4.13.2.jar:/home/alex/.m2/repository/org/hamcrest/hamcrest-core/1.3/hamcrest-core-1.3.jar:/home/alex/Repositories/nifi/nifi-nar-bundles/nifi-extension-utils/nifi-database-test-utils/target/classes:/home/alex/.m2/repository/org/codehaus/groovy/groovy-json/2.5.14/groovy-json-2.5.14.jar:/home/alex/.m2/repository/org/codehaus/groovy/groovy/2.5.14/groovy-2.5.14.jar:/home/alex/.m2/repository/org/codehaus/groovy/groovy-servlet/2.5.14/groovy-servlet-2.5.14.jar:/home/alex/.m2/repository/org/codehaus/groovy/groovy-templates/2.5.14/groovy-templates-2.5.14.jar:/home/alex/.m2/repository/org/codehaus/groovy/groovy-xml/2.5.14/groovy-xml-2.5.14.jar:/home/alex/.m2/repository/org/hamcrest/hamcrest-all/1.3/hamcrest-all-1.3.jar:/home/alex/.m2/repository/com/squareup/okhttp3/mockwebserver/4.9.2/mockwebserver-4.9.2.jar:/home/alex/.m2/repository/org/jetbrains/kotlin/kotlin-stdlib-jdk8/1.4.10/kotlin-stdlib-jdk8-1.4.10.jar:/home/alex/.m2/repository/org/jetbrains/kotlin/kotlin-stdlib-jdk7/1.4.10/kotlin-stdlib-jdk7-1.4.10.jar:/home/alex/.m2/repository/org/mockito/mockito-inline/3.12.4/mockito-inline-3.12.4.jar:/home/alex/.m2/repository/org/junit/jupiter/junit-jupiter-api/5.7.2/junit-jupiter-api-5.7.2.jar:/home/alex/.m2/repository/org/opentest4j/opentest4j/1.2.0/opentest4j-1.2.0.jar:/home/alex/.m2/repository/org/junit/platform/junit-platform-commons/1.7.2/junit-platform-commons-1.7.2.jar:/home/alex/.m2/repository/org/junit/jupiter/junit-jupiter-engine/5.7.2/junit-jupiter-engine-5.7.2.jar:/home/alex/.m2/repository/org/junit/platform/junit-platform-engine/1.7.2/junit-platform-engine-1.7.2.jar:/home/alex/.m2/repository/org/junit/vintage/junit-vintage-engine/5.7.2/junit-vintage-engine-5.7.2.jar:/home/alex/.m2/repository/org/junit/jupiter/junit-jupiter-params/5.7.2/junit-jupiter-params-5.7.2.jar:/home/alex/.m2/repository/org/mockito/mockito-core/3.11.2/mockito-core-3.11.2.jar:/home/alex/.m2/repository/net/bytebuddy/byte-buddy/1.11.3/byte-buddy-1.11.3.jar:/home/alex/.m2/repository/net/bytebuddy/byte-buddy-agent/1.11.3/byte-buddy-agent-1.11.3.jar:/home/alex/.m2/repository/org/objenesis/objenesis/3.2/objenesis-3.2.jar:/home/alex/.m2/repository/org/mockito/mockito-junit-jupiter/3.11.2/mockito-junit-jupiter-3.11.2.jar:/home/alex/.m2/repository/org/slf4j/slf4j-simple/1.7.32/slf4j-simple-1.7.32.jar:/home/alex/.m2/repository/org/codehaus/groovy/groovy-test/2.5.14/groovy-test-2.5.14.jar:"/>
    <property name="sun.cpu.endian" value="little"/>
    <property name="user.home" value="/home/alex"/>
    <property name="user.language" value="en"/>
    <property name="java.specification.vendor" value="Oracle Corporation"/>
    <property name="java.home" value="/usr/lib/jvm/java-8-openjdk-amd64/jre"/>
    <property name="basedir" value="/home/alex/Repositories/nifi/nifi-nar-bundles/nifi-standard-bundle/nifi-standard-processors"/>
    <property name="file.separator" value="/"/>
    <property name="line.separator" value="&#10;"/>
    <property name="java.vm.specification.vendor" value="Oracle Corporation"/>
    <property name="java.specification.name" value="Java Platform API Specification"/>
    <property name="derby.stream.error.file" value="target/derby.log"/>
    <property name="java.awt.graphicsenv" value="sun.awt.X11GraphicsEnvironment"/>
    <property name="org.slf4j.simpleLogger.log.org.apache.nifi.processors.standard.SQLTransform" value="debug"/>
    <property name="java.awt.headless" value="true"/>
    <property name="org.slf4j.simpleLogger.showDateTime" value="true"/>
    <property name="surefire.real.class.path" value="/home/alex/Repositories/nifi/nifi-nar-bundles/nifi-standard-bundle/nifi-standard-processors/target/surefire/surefirebooter262180563015504354.jar"/>
    <property name="sun.boot.class.path" value="/usr/lib/jvm/java-8-openjdk-amd64/jre/lib/resources.jar:/usr/lib/jvm/java-8-openjdk-amd64/jre/lib/rt.jar:/usr/lib/jvm/java-8-openjdk-amd64/jre/lib/sunrsasign.jar:/usr/lib/jvm/java-8-openjdk-amd64/jre/lib/jsse.jar:/usr/lib/jvm/java-8-openjdk-amd64/jre/lib/jce.jar:/usr/lib/jvm/java-8-openjdk-amd64/jre/lib/charsets.jar:/usr/lib/jvm/java-8-openjdk-amd64/jre/lib/jfr.jar:/usr/lib/jvm/java-8-openjdk-amd64/jre/classes"/>
    <property name="sun.management.compiler" value="HotSpot 64-Bit Tiered Compilers"/>
    <property name="java.runtime.version" value="1.8.0_402-8u402-ga-2ubuntu1~22.04-b06"/>
    <property name="java.net.preferIPv4Stack" value="true"/>
    <property name="user.name" value="alex"/>
    <property name="path.separator" value=":"/>
    <property name="os.version" value="6.5.0-28-generic"/>
    <property name="java.endorsed.dirs" value="/usr/lib/jvm/java-8-openjdk-amd64/jre/lib/endorsed"/>
    <property name="java.runtime.name" value="OpenJDK Runtime Environment"/>
    <property name="file.encoding" value="UTF-8"/>
    <property name="sun.nio.ch.bugLevel" value=""/>
    <property name="java.vm.name" value="OpenJDK 64-Bit Server VM"/>
    <property name="localRepository" value="/home/alex/.m2/repository"/>
    <property name="java.vendor.url.bug" value="http://bugreport.sun.com/bugreport/"/>
    <property name="java.io.tmpdir" value="/tmp"/>
    <property name="java.version" value="1.8.0_402"/>
    <property name="user.dir" value="/home/alex/Repositories/nifi/nifi-nar-bundles/nifi-standard-bundle/nifi-standard-processors"/>
    <property name="os.arch" value="amd64"/>
    <property name="java.vm.specification.name" value="Java Virtual Machine Specification"/>
    <property name="java.awt.printerjob" value="sun.print.PSPrinterJob"/>
    <property name="sun.os.patch.level" value="unknown"/>
    <property name="org.slf4j.simpleLogger.defaultLogLevel" value="info"/>
    <property name="java.library.path" value="/usr/java/packages/lib/amd64:/usr/lib/x86_64-linux-gnu/jni:/lib/x86_64-linux-gnu:/usr/lib/x86_64-linux-gnu:/usr/lib/jni:/lib:/usr/lib"/>
    <property name="java.vm.info" value="mixed mode"/>
    <property name="java.vendor" value="Private Build"/>
    <property name="java.vm.version" value="25.402-b06"/>
    <property name="java.specification.maintenance.version" value="5"/>
    <property name="java.ext.dirs" value="/usr/lib/jvm/java-8-openjdk-amd64/jre/lib/ext:/usr/java/packages/lib/ext"/>
    <property name="sun.io.unicode.encoding" value="UnicodeLittle"/>
    <property name="java.class.version" value="52.0"/>
  </properties>
  <testcase name="testMatchesMultipleXmlAttribute" classname="org.apache.nifi.processors.standard.TestEvaluateXQuery" time="0.569">
    <system-err><![CDATA[[pool-648-thread-1] INFO org.apache.nifi.processors.standard.EvaluateXQuery - EvaluateXQuery[id=40c5136a-b2a0-480f-9ff9-5e43aa10282a] Successfully evaluated XQueries against FlowFile[0,fruit.xml,1581B] and found 7 matches; routing to matched
]]></system-err>
  </testcase>
  <testcase name="testUnmatchedAttribute" classname="org.apache.nifi.processors.standard.TestEvaluateXQuery" time="0.006">
    <system-err><![CDATA[[pool-649-thread-1] INFO org.apache.nifi.processors.standard.EvaluateXQuery - EvaluateXQuery[id=3a1e7050-7a6f-4063-bfbc-7b6eec03e8ef] Successfully evaluated XQueries against FlowFile[0,fruit.xml,1581B] and found 0 matches; routing to unmatched
]]></system-err>
  </testcase>
  <testcase name="testBadXQuery" classname="org.apache.nifi.processors.standard.TestEvaluateXQuery" time="0.011">
    <system-err><![CDATA[Static error on line 1 column 26 
  XPST0017  Cannot find a 1-argument function named
  Q{http://www.w3.org/2005/xpath-functions}counttttttt()
Static error on line 1 column 26 
  XPST0017  Cannot find a 1-argument function named
  Q{http://www.w3.org/2005/xpath-functions}counttttttt()
]]></system-err>
  </testcase>
  <testcase name="testNoXQueryAttribute" classname="org.apache.nifi.processors.standard.TestEvaluateXQuery" time="0.004">
    <system-err><![CDATA[[pool-650-thread-1] INFO org.apache.nifi.processors.standard.EvaluateXQuery - EvaluateXQuery[id=f950571f-103b-4c61-9ccf-555db46caee8] Successfully evaluated XQueries against FlowFile[0,fruit.xml,1581B] and found 0 matches; routing to unmatched
]]></system-err>
  </testcase>
  <testcase name="testMatchedEmptyStringAttribute" classname="org.apache.nifi.processors.standard.TestEvaluateXQuery" time="0.036">
    <system-err><![CDATA[[pool-651-thread-1] INFO org.apache.nifi.processors.standard.EvaluateXQuery - EvaluateXQuery[id=16f27a0c-3cc9-4950-bd66-f6b544db32f7] Successfully evaluated XQueries against FlowFile[0,fruit.xml,1581B] and found 0 matches; routing to unmatched
]]></system-err>
  </testcase>
  <testcase name="testWriteStringToAttribute" classname="org.apache.nifi.processors.standard.TestEvaluateXQuery" time="0.009">
    <system-err><![CDATA[[pool-652-thread-1] INFO org.apache.nifi.processors.standard.EvaluateXQuery - EvaluateXQuery[id=94829198-d4e3-4900-b7c4-c88f244c7fb5] Successfully evaluated XQueries against FlowFile[0,fruit.xml,1581B] and found 1 matches; routing to matched
]]></system-err>
  </testcase>
  <testcase name="testFailureForExternalDocTypeWithDocTypeValidationEnabled" classname="org.apache.nifi.processors.standard.TestEvaluateXQuery" time="0.006">
    <system-err><![CDATA[[pool-653-thread-1] ERROR org.apache.nifi.processors.standard.EvaluateXQuery - EvaluateXQuery[id=338ed245-ddf1-4a11-92f5-6934fefae7fd] unable to evaluate XQuery against FlowFile[0,xml-snippet-external-doctype.xml,1059B] due to net.sf.saxon.s9api.SaxonApiException: I/O error reported by XML parser processing null: /home/alex/Repositories/nifi/nifi-nar-bundles/nifi-standard-bundle/nifi-standard-processors/non-existent-doctype.dtd (No such file or directory); routing to 'failure': net.sf.saxon.s9api.SaxonApiException: I/O error reported by XML parser processing null: /home/alex/Repositories/nifi/nifi-nar-bundles/nifi-standard-bundle/nifi-standard-processors/non-existent-doctype.dtd (No such file or directory)
net.sf.saxon.s9api.SaxonApiException: I/O error reported by XML parser processing null: /home/alex/Repositories/nifi/nifi-nar-bundles/nifi-standard-bundle/nifi-standard-processors/non-existent-doctype.dtd (No such file or directory)
	at net.sf.saxon.s9api.DocumentBuilder.build(DocumentBuilder.java:360)
	at net.sf.saxon.s9api.XQueryEvaluator.setSource(XQueryEvaluator.java:134)
	at org.apache.nifi.processors.standard.EvaluateXQuery$2.process(EvaluateXQuery.java:310)
	at org.apache.nifi.util.MockProcessSession.read(MockProcessSession.java:601)
	at org.apache.nifi.util.MockProcessSession.read(MockProcessSession.java:583)
	at org.apache.nifi.processors.standard.EvaluateXQuery.onTrigger(EvaluateXQuery.java:305)
	at org.apache.nifi.processor.AbstractProcessor.onTrigger(AbstractProcessor.java:27)
	at org.apache.nifi.util.StandardProcessorTestRunner$RunProcessor.call(StandardProcessorTestRunner.java:284)
	at org.apache.nifi.util.StandardProcessorTestRunner$RunProcessor.call(StandardProcessorTestRunner.java:278)
	at java.util.concurrent.FutureTask.run(FutureTask.java:266)
	at java.util.concurrent.ScheduledThreadPoolExecutor$ScheduledFutureTask.access$201(ScheduledThreadPoolExecutor.java:180)
	at java.util.concurrent.ScheduledThreadPoolExecutor$ScheduledFutureTask.run(ScheduledThreadPoolExecutor.java:293)
	at java.util.concurrent.ThreadPoolExecutor.runWorker(ThreadPoolExecutor.java:1149)
	at java.util.concurrent.ThreadPoolExecutor$Worker.run(ThreadPoolExecutor.java:624)
	at java.lang.Thread.run(Thread.java:750)
Caused by: net.sf.saxon.trans.XPathException: I/O error reported by XML parser processing null: /home/alex/Repositories/nifi/nifi-nar-bundles/nifi-standard-bundle/nifi-standard-processors/non-existent-doctype.dtd (No such file or directory)
	at net.sf.saxon.event.Sender.sendSAXSource(Sender.java:467)
	at net.sf.saxon.event.Sender.send(Sender.java:142)
	at net.sf.saxon.Configuration.buildDocumentTree(Configuration.java:4203)
	at net.sf.saxon.s9api.DocumentBuilder.build(DocumentBuilder.java:357)
	... 14 more
Caused by: java.io.FileNotFoundException: /home/alex/Repositories/nifi/nifi-nar-bundles/nifi-standard-bundle/nifi-standard-processors/non-existent-doctype.dtd (No such file or directory)
	at java.io.FileInputStream.open0(Native Method)
	at java.io.FileInputStream.open(FileInputStream.java:195)
	at java.io.FileInputStream.<init>(FileInputStream.java:138)
	at java.io.FileInputStream.<init>(FileInputStream.java:93)
	at sun.net.www.protocol.file.FileURLConnection.connect(FileURLConnection.java:90)
	at sun.net.www.protocol.file.FileURLConnection.getInputStream(FileURLConnection.java:188)
	at com.sun.org.apache.xerces.internal.impl.XMLEntityManager.setupCurrentEntity(XMLEntityManager.java:624)
	at com.sun.org.apache.xerces.internal.impl.XMLEntityManager.startEntity(XMLEntityManager.java:1305)
	at com.sun.org.apache.xerces.internal.impl.XMLEntityManager.startDTDEntity(XMLEntityManager.java:1271)
	at com.sun.org.apache.xerces.internal.impl.XMLDTDScannerImpl.setInputSource(XMLDTDScannerImpl.java:264)
	at com.sun.org.apache.xerces.internal.impl.XMLDocumentScannerImpl$DTDDriver.dispatch(XMLDocumentScannerImpl.java:1160)
	at com.sun.org.apache.xerces.internal.impl.XMLDocumentScannerImpl$DTDDriver.next(XMLDocumentScannerImpl.java:1044)
	at com.sun.org.apache.xerces.internal.impl.XMLDocumentScannerImpl$PrologDriver.next(XMLDocumentScannerImpl.java:958)
	at com.sun.org.apache.xerces.internal.impl.XMLDocumentScannerImpl.next(XMLDocumentScannerImpl.java:601)
	at com.sun.org.apache.xerces.internal.impl.XMLNSDocumentScannerImpl.next(XMLNSDocumentScannerImpl.java:112)
	at com.sun.org.apache.xerces.internal.impl.XMLDocumentFragmentScannerImpl.scanDocument(XMLDocumentFragmentScannerImpl.java:504)
	at com.sun.org.apache.xerces.internal.parsers.XML11Configuration.parse(XML11Configuration.java:841)
	at com.sun.org.apache.xerces.internal.parsers.XML11Configuration.parse(XML11Configuration.java:770)
	at com.sun.org.apache.xerces.internal.parsers.XMLParser.parse(XMLParser.java:141)
	at com.sun.org.apache.xerces.internal.parsers.AbstractSAXParser.parse(AbstractSAXParser.java:1213)
	at net.sf.saxon.event.Sender.sendSAXSource(Sender.java:439)
	... 17 more
]]></system-err>
  </testcase>
  <testcase name="testSetTransformerProperties" classname="org.apache.nifi.processors.standard.TestEvaluateXQuery" time="0"/>
  <testcase name="testMatchesMultipleStringContent" classname="org.apache.nifi.processors.standard.TestEvaluateXQuery" time="0.007">
    <system-err><![CDATA[[pool-654-thread-1] INFO org.apache.nifi.processors.standard.EvaluateXQuery - EvaluateXQuery[id=167d953f-3b2c-4536-9064-49095aa2cdb2] Successfully created 7 new FlowFiles from FlowFile[0,fruit.xml,1581B]; routing all to 'matched'
]]></system-err>
  </testcase>
  <testcase name="testFormatting" classname="org.apache.nifi.processors.standard.TestEvaluateXQuery" time="0.168">
    <system-err><![CDATA[[pool-655-thread-1] INFO org.apache.nifi.processors.standard.EvaluateXQuery - EvaluateXQuery[id=670ed53d-ab06-441f-9970-698706f83957] Successfully updated content for FlowFile[0,fruit.xml,1B]; routing to 'matched'
[pool-656-thread-1] INFO org.apache.nifi.processors.standard.EvaluateXQuery - EvaluateXQuery[id=33df336e-1487-41ef-a66a-bb09178b201d] Successfully updated content for FlowFile[0,fruit.xml,1B]; routing to 'matched'
[pool-657-thread-1] INFO org.apache.nifi.processors.standard.EvaluateXQuery - EvaluateXQuery[id=5d815f26-62da-436b-b7e2-b31448a16e14] Successfully updated content for FlowFile[0,fruit.xml,1B]; routing to 'matched'
[pool-658-thread-1] INFO org.apache.nifi.processors.standard.EvaluateXQuery - EvaluateXQuery[id=3f720f1a-0bd9-4752-8df0-ffb9f039bfe1] Successfully updated content for FlowFile[0,fruit.xml,1B]; routing to 'matched'
[pool-659-thread-1] INFO org.apache.nifi.processors.standard.EvaluateXQuery - EvaluateXQuery[id=81f72d41-a88d-4022-9ed7-a4dd49bb5160] Successfully updated content for FlowFile[0,fruit.xml,1B]; routing to 'matched'
[pool-660-thread-1] INFO org.apache.nifi.processors.standard.EvaluateXQuery - EvaluateXQuery[id=520630e4-0b16-406f-a746-ade1b583c4b7] Successfully updated content for FlowFile[0,fruit.xml,1B]; routing to 'matched'
[pool-661-thread-1] INFO org.apache.nifi.processors.standard.EvaluateXQuery - EvaluateXQuery[id=27235f8f-a340-4764-aa45-ac7f9c8adc11] Successfully updated content for FlowFile[0,fruit.xml,1B]; routing to 'matched'
[pool-662-thread-1] INFO org.apache.nifi.processors.standard.EvaluateXQuery - EvaluateXQuery[id=f48ca749-c026-4635-8bee-8026d9ac04d1] Successfully updated content for FlowFile[0,fruit.xml,1B]; routing to 'matched'
[pool-663-thread-1] INFO org.apache.nifi.processors.standard.EvaluateXQuery - EvaluateXQuery[id=bcebb77e-1c85-4412-9e2a-52862c9e75fc] Successfully updated content for FlowFile[0,fruit.xml,1B]; routing to 'matched'
[pool-664-thread-1] INFO org.apache.nifi.processors.standard.EvaluateXQuery - EvaluateXQuery[id=8d9d5077-1ff4-4c29-9d63-a97120a344b1] Successfully updated content for FlowFile[0,fruit.xml,1B]; routing to 'matched'
[pool-665-thread-1] INFO org.apache.nifi.processors.standard.EvaluateXQuery - EvaluateXQuery[id=29a0e1dc-cd45-4b26-b368-54074e62944b] Successfully updated content for FlowFile[0,fruit.xml,1B]; routing to 'matched'
[pool-666-thread-1] INFO org.apache.nifi.processors.standard.EvaluateXQuery - EvaluateXQuery[id=5d5729d7-1c2e-4582-a18f-cc2cba83b8af] Successfully updated content for FlowFile[0,fruit.xml,1B]; routing to 'matched'
[pool-667-thread-1] INFO org.apache.nifi.processors.standard.EvaluateXQuery - EvaluateXQuery[id=bf448e9c-346a-483a-8f1c-f4e7465a62e0] Successfully updated content for FlowFile[0,fruit.xml,5B]; routing to 'matched'
[pool-668-thread-1] INFO org.apache.nifi.processors.standard.EvaluateXQuery - EvaluateXQuery[id=e047d621-d18d-418e-9539-6427aff7e8df] Successfully updated content for FlowFile[0,fruit.xml,5B]; routing to 'matched'
[pool-669-thread-1] INFO org.apache.nifi.processors.standard.EvaluateXQuery - EvaluateXQuery[id=176bde1e-5736-4d1a-9dd0-c6d41af1d6b8] Successfully updated content for FlowFile[0,fruit.xml,5B]; routing to 'matched'
[pool-670-thread-1] INFO org.apache.nifi.processors.standard.EvaluateXQuery - EvaluateXQuery[id=c9ae8943-20c6-4c0e-82e0-0d20d5582cbd] Successfully updated content for FlowFile[0,fruit.xml,5B]; routing to 'matched'
[pool-671-thread-1] INFO org.apache.nifi.processors.standard.EvaluateXQuery - EvaluateXQuery[id=9868da28-9ad8-4a06-8b5a-36e27ceff999] Successfully updated content for FlowFile[0,fruit.xml,5B]; routing to 'matched'
[pool-672-thread-1] INFO org.apache.nifi.processors.standard.EvaluateXQuery - EvaluateXQuery[id=419c0a51-d8eb-4c8b-ab8f-d7dd2e85d68a] Successfully updated content for FlowFile[0,fruit.xml,5B]; routing to 'matched'
[pool-673-thread-1] INFO org.apache.nifi.processors.standard.EvaluateXQuery - EvaluateXQuery[id=5f91ce71-d11b-45f9-b534-dd27a1a558fb] Successfully updated content for FlowFile[0,fruit.xml,5B]; routing to 'matched'
[pool-674-thread-1] INFO org.apache.nifi.processors.standard.EvaluateXQuery - EvaluateXQuery[id=861ed2e6-d2b8-4bf5-a9b7-e450b5c0352d] Successfully updated content for FlowFile[0,fruit.xml,5B]; routing to 'matched'
[pool-675-thread-1] INFO org.apache.nifi.processors.standard.EvaluateXQuery - EvaluateXQuery[id=fe29faeb-3d60-400b-8dc2-1772a5d62e36] Successfully updated content for FlowFile[0,fruit.xml,5B]; routing to 'matched'
[pool-676-thread-1] INFO org.apache.nifi.processors.standard.EvaluateXQuery - EvaluateXQuery[id=1238cf43-e303-4abe-a7a8-d3adde95fd54] Successfully updated content for FlowFile[0,fruit.xml,5B]; routing to 'matched'
[pool-677-thread-1] INFO org.apache.nifi.processors.standard.EvaluateXQuery - EvaluateXQuery[id=5997e3b2-51a8-4598-ac26-ed4c69603cb6] Successfully updated content for FlowFile[0,fruit.xml,5B]; routing to 'matched'
[pool-678-thread-1] INFO org.apache.nifi.processors.standard.EvaluateXQuery - EvaluateXQuery[id=725f15ac-4c3d-4200-aedd-2e97851a50bd] Successfully updated content for FlowFile[0,fruit.xml,5B]; routing to 'matched'
[pool-679-thread-1] INFO org.apache.nifi.processors.standard.EvaluateXQuery - EvaluateXQuery[id=7f256206-24f4-40a7-a934-91c3cb2b1d90] Successfully updated content for FlowFile[0,fruit.xml,196B]; routing to 'matched'
[pool-680-thread-1] INFO org.apache.nifi.processors.standard.EvaluateXQuery - EvaluateXQuery[id=d0d385e8-fcd2-4037-b227-74de26643b3b] Successfully updated content for FlowFile[0,fruit.xml,158B]; routing to 'matched'
[pool-681-thread-1] INFO org.apache.nifi.processors.standard.EvaluateXQuery - EvaluateXQuery[id=b15d6644-de83-4000-946a-ea40ff910ed6] Successfully updated content for FlowFile[0,fruit.xml,40B]; routing to 'matched'
[pool-682-thread-1] INFO org.apache.nifi.processors.standard.EvaluateXQuery - EvaluateXQuery[id=4e884a9e-f5d7-4a24-82a2-66389a553962] Successfully updated content for FlowFile[0,fruit.xml,184B]; routing to 'matched'
[pool-683-thread-1] INFO org.apache.nifi.processors.standard.EvaluateXQuery - EvaluateXQuery[id=501d81d7-c96a-4fe3-85a4-35ba7bb4080f] Successfully updated content for FlowFile[0,fruit.xml,145B]; routing to 'matched'
]]></system-err>
  </testcase>
  <testcase name="testUnmatchedContent" classname="org.apache.nifi.processors.standard.TestEvaluateXQuery" time="0.004">
    <system-err><![CDATA[[pool-684-thread-1] INFO org.apache.nifi.processors.standard.EvaluateXQuery - EvaluateXQuery[id=4478c6e9-3001-4fbd-a95a-da751e206eb5] Routing FlowFile[0,fruit.xml,1581B] to 'unmatched'
]]></system-err>
  </testcase>
  <testcase name="testNoXQueryContent" classname="org.apache.nifi.processors.standard.TestEvaluateXQuery" time="0.001"/>
  <testcase name="testWriteXmlToContent" classname="org.apache.nifi.processors.standard.TestEvaluateXQuery" time="0.004">
    <system-err><![CDATA[[pool-685-thread-1] INFO org.apache.nifi.processors.standard.EvaluateXQuery - EvaluateXQuery[id=47d8771a-7ba5-4671-b890-257975f651b3] Successfully updated content for FlowFile[0,fruit.xml,86B]; routing to 'matched'
]]></system-err>
  </testcase>
  <testcase name="testRootPath" classname="org.apache.nifi.processors.standard.TestEvaluateXQuery" time="0.006">
    <system-err><![CDATA[[pool-686-thread-1] INFO org.apache.nifi.processors.standard.EvaluateXQuery - EvaluateXQuery[id=681b4f83-ee04-4106-b49e-8fe182a4e510] Successfully evaluated XQueries against FlowFile[0,fruit.xml,1581B] and found 1 matches; routing to matched
]]></system-err>
  </testcase>
  <testcase name="testWriteXmlToAttribute" classname="org.apache.nifi.processors.standard.TestEvaluateXQuery" time="0.006">
    <system-err><![CDATA[[pool-687-thread-1] INFO org.apache.nifi.processors.standard.EvaluateXQuery - EvaluateXQuery[id=f30a238c-5a68-438a-a03c-5c0def9b179d] Successfully evaluated XQueries against FlowFile[0,fruit.xml,1581B] and found 1 matches; routing to matched
]]></system-err>
  </testcase>
  <testcase name="testSuccessForEmbeddedDocTypeValidationDisabled" classname="org.apache.nifi.processors.standard.TestEvaluateXQuery" time="0.007">
    <system-err><![CDATA[[pool-688-thread-1] INFO org.apache.nifi.processors.standard.EvaluateXQuery - EvaluateXQuery[id=80f6067d-3adb-4ffa-9268-c3586649f284] Successfully updated content for FlowFile[0,xml-snippet-embedded-doctype.xml,5B]; routing to 'matched'
]]></system-err>
  </testcase>
  <testcase name="testMatchesMultipleStringAttribute" classname="org.apache.nifi.processors.standard.TestEvaluateXQuery" time="0.006">
    <system-err><![CDATA[[pool-689-thread-1] INFO org.apache.nifi.processors.standard.EvaluateXQuery - EvaluateXQuery[id=e44fc965-2850-40f9-82fe-c3de63eeffc4] Successfully evaluated XQueries against FlowFile[0,fruit.xml,1581B] and found 7 matches; routing to matched
]]></system-err>
  </testcase>
  <testcase name="testCheckIfElementExists" classname="org.apache.nifi.processors.standard.TestEvaluateXQuery" time="0.029">
    <system-err><![CDATA[[pool-690-thread-1] INFO org.apache.nifi.processors.standard.EvaluateXQuery - EvaluateXQuery[id=50ae07bb-12b6-4fca-810a-ca2a6f15412f] Successfully evaluated XQueries against FlowFile[0,fruit.xml,1581B] and found 2 matches; routing to matched
]]></system-err>
  </testcase>
  <testcase name="testSuccessForExternalDocTypeWithDocTypeValidationDisabled" classname="org.apache.nifi.processors.standard.TestEvaluateXQuery" time="0.006">
    <system-err><![CDATA[[pool-691-thread-1] INFO org.apache.nifi.processors.standard.EvaluateXQuery - EvaluateXQuery[id=33c53b65-7b46-43e2-9dce-95d036cf9ce3] Successfully updated content for FlowFile[0,xml-snippet-external-doctype.xml,5B]; routing to 'matched'
]]></system-err>
  </testcase>
  <testcase name="testSuccessForEmbeddedDocTypeValidation" classname="org.apache.nifi.processors.standard.TestEvaluateXQuery" time="0.004">
    <system-err><![CDATA[[pool-692-thread-1] INFO org.apache.nifi.processors.standard.EvaluateXQuery - EvaluateXQuery[id=6ba81468-2e4a-433f-902d-867830875235] Successfully updated content for FlowFile[0,xml-snippet-embedded-doctype.xml,5B]; routing to 'matched'
]]></system-err>
  </testcase>
  <testcase name="testXQueries" classname="org.apache.nifi.processors.standard.TestEvaluateXQuery" time="0.273">
    <system-err><![CDATA[[pool-693-thread-1] INFO org.apache.nifi.processors.standard.EvaluateXQuery - EvaluateXQuery[id=5cfccc63-60e0-41e1-86ad-e1bc7edbb5c3] Successfully evaluated XQueries against FlowFile[0,fruit.xml,1581B] and found 1 matches; routing to matched
[pool-694-thread-1] INFO org.apache.nifi.processors.standard.EvaluateXQuery - EvaluateXQuery[id=2eca778e-d719-4a6a-97f8-f72ab7b75573] Successfully updated content for FlowFile[0,fruit.xml,1B]; routing to 'matched'
[pool-695-thread-1] INFO org.apache.nifi.processors.standard.EvaluateXQuery - EvaluateXQuery[id=2fe78dcc-ed59-40aa-8fdc-14237036de5d] Successfully evaluated XQueries against FlowFile[0,fruit.xml,1581B] and found 1 matches; routing to matched
[pool-696-thread-1] INFO org.apache.nifi.processors.standard.EvaluateXQuery - EvaluateXQuery[id=7c179367-c91a-4851-a217-442d8cfb4656] Successfully updated content for FlowFile[0,fruit.xml,1B]; routing to 'matched'
[pool-697-thread-1] INFO org.apache.nifi.processors.standard.EvaluateXQuery - EvaluateXQuery[id=4254ffba-68fd-4c6d-9dc1-bc2c9b42dd59] Successfully evaluated XQueries against FlowFile[0,fruit.xml,1581B] and found 1 matches; routing to matched
[pool-698-thread-1] INFO org.apache.nifi.processors.standard.EvaluateXQuery - EvaluateXQuery[id=1e1f3440-46a1-47ef-9e84-5f8a03c6b0b8] Successfully updated content for FlowFile[0,fruit.xml,1B]; routing to 'matched'
[pool-699-thread-1] INFO org.apache.nifi.processors.standard.EvaluateXQuery - EvaluateXQuery[id=79f1f0da-0aca-424b-8af6-02ebe5038d23] Successfully evaluated XQueries against FlowFile[0,fruit.xml,1581B] and found 1 matches; routing to matched
[pool-700-thread-1] INFO org.apache.nifi.processors.standard.EvaluateXQuery - EvaluateXQuery[id=c9e64876-a907-4289-9e12-801e6aed52e4] Successfully updated content for FlowFile[0,fruit.xml,4B]; routing to 'matched'
[pool-701-thread-1] INFO org.apache.nifi.processors.standard.EvaluateXQuery - EvaluateXQuery[id=0b5375d1-f451-47d9-9738-5a5699c6fa1e] Successfully evaluated XQueries against FlowFile[0,fruit.xml,1581B] and found 1 matches; routing to matched
[pool-702-thread-1] INFO org.apache.nifi.processors.standard.EvaluateXQuery - EvaluateXQuery[id=2115ada6-9053-43b8-ba4e-0a2b98608332] Successfully updated content for FlowFile[0,fruit.xml,5B]; routing to 'matched'
[pool-703-thread-1] INFO org.apache.nifi.processors.standard.EvaluateXQuery - EvaluateXQuery[id=27070e1d-d971-43db-b464-41ed20d40d3f] Successfully evaluated XQueries against FlowFile[0,fruit.xml,1581B] and found 1 matches; routing to matched
[pool-704-thread-1] INFO org.apache.nifi.processors.standard.EvaluateXQuery - EvaluateXQuery[id=f64fc6dd-0f03-4082-92f4-2c03d79aa6f1] Successfully updated content for FlowFile[0,fruit.xml,196B]; routing to 'matched'
[pool-705-thread-1] INFO org.apache.nifi.processors.standard.EvaluateXQuery - EvaluateXQuery[id=d5800ae6-6533-4bd3-bb25-2d0814fea36f] Successfully evaluated XQueries against FlowFile[0,fruit.xml,1581B] and found 1 matches; routing to matched
[pool-706-thread-1] INFO org.apache.nifi.processors.standard.EvaluateXQuery - EvaluateXQuery[id=91d4cb79-cb88-4c2b-bda3-b366e3cbb5bd] Successfully updated content for FlowFile[0,fruit.xml,131B]; routing to 'matched'
[pool-707-thread-1] INFO org.apache.nifi.processors.standard.EvaluateXQuery - EvaluateXQuery[id=1c575b82-9499-4cf3-9668-cae67bae7cf6] Successfully evaluated XQueries against FlowFile[0,fruit.xml,1581B] and found 1 matches; routing to matched
[pool-708-thread-1] INFO org.apache.nifi.processors.standard.EvaluateXQuery - EvaluateXQuery[id=4bdc708c-c015-41c1-bdf3-638d882dc2b6] Successfully updated content for FlowFile[0,fruit.xml,209B]; routing to 'matched'
[pool-709-thread-1] INFO org.apache.nifi.processors.standard.EvaluateXQuery - EvaluateXQuery[id=d4970ccd-fbba-40c3-a37e-5517ac6796c7] Successfully evaluated XQueries against FlowFile[0,fruit.xml,1581B] and found 7 matches; routing to matched
[pool-710-thread-1] INFO org.apache.nifi.processors.standard.EvaluateXQuery - EvaluateXQuery[id=1440f9f5-0cb4-44a9-86e2-e565702cef8c] Successfully created 7 new FlowFiles from FlowFile[0,fruit.xml,1581B]; routing all to 'matched'
[pool-711-thread-1] INFO org.apache.nifi.processors.standard.EvaluateXQuery - EvaluateXQuery[id=7409e65e-ab95-48ea-b7e5-6d39b00a7917] Successfully evaluated XQueries against FlowFile[0,fruit.xml,1581B] and found 1 matches; routing to matched
[pool-712-thread-1] INFO org.apache.nifi.processors.standard.EvaluateXQuery - EvaluateXQuery[id=184c2f03-cdde-420d-8d36-c2133aed1c1e] Successfully updated content for FlowFile[0,fruit.xml,868B]; routing to 'matched'
[pool-713-thread-1] INFO org.apache.nifi.processors.standard.EvaluateXQuery - EvaluateXQuery[id=b071f464-de89-4b74-8f24-05a13e6bfb85] Successfully evaluated XQueries against FlowFile[0,fruit.xml,1581B] and found 7 matches; routing to matched
[pool-714-thread-1] INFO org.apache.nifi.processors.standard.EvaluateXQuery - EvaluateXQuery[id=353e12d3-bd71-41cb-ba08-292b375ba920] Successfully created 7 new FlowFiles from FlowFile[0,fruit.xml,1581B]; routing all to 'matched'
[pool-715-thread-1] INFO org.apache.nifi.processors.standard.EvaluateXQuery - EvaluateXQuery[id=ca497eea-21b8-45ff-833a-32e4c9ce0880] Successfully evaluated XQueries against FlowFile[0,fruit.xml,1581B] and found 1 matches; routing to matched
[pool-716-thread-1] INFO org.apache.nifi.processors.standard.EvaluateXQuery - EvaluateXQuery[id=7eb14e39-c8d6-4fdc-bc04-fee154dd744e] Successfully updated content for FlowFile[0,fruit.xml,5B]; routing to 'matched'
[pool-717-thread-1] INFO org.apache.nifi.processors.standard.EvaluateXQuery - EvaluateXQuery[id=b03e8e56-dbe6-4e1e-8d2f-3e06d4a295d2] Successfully evaluated XQueries against FlowFile[0,fruit.xml,1581B] and found 1 matches; routing to matched
[pool-718-thread-1] INFO org.apache.nifi.processors.standard.EvaluateXQuery - EvaluateXQuery[id=cb82e2eb-5cf1-4ad3-b8dc-c6c9d23c7a7a] Successfully updated content for FlowFile[0,fruit.xml,3B]; routing to 'matched'
[pool-719-thread-1] INFO org.apache.nifi.processors.standard.EvaluateXQuery - EvaluateXQuery[id=efe1f25b-f6fc-4d5f-8696-7102bd590831] Successfully evaluated XQueries against FlowFile[0,fruit.xml,1581B] and found 1 matches; routing to matched
[pool-720-thread-1] INFO org.apache.nifi.processors.standard.EvaluateXQuery - EvaluateXQuery[id=8b618df1-fc5a-46cf-95e6-1b03359ad3b9] Successfully updated content for FlowFile[0,fruit.xml,11B]; routing to 'matched'
[pool-721-thread-1] INFO org.apache.nifi.processors.standard.EvaluateXQuery - EvaluateXQuery[id=1300e077-cc94-455e-bbb5-e81d312a904b] Successfully evaluated XQueries against FlowFile[0,fruit.xml,1581B] and found 1 matches; routing to matched
[pool-722-thread-1] INFO org.apache.nifi.processors.standard.EvaluateXQuery - EvaluateXQuery[id=7160c446-278c-4c86-88de-e15081f9ecd8] Successfully updated content for FlowFile[0,fruit.xml,11B]; routing to 'matched'
[pool-723-thread-1] INFO org.apache.nifi.processors.standard.EvaluateXQuery - EvaluateXQuery[id=1aabc5fa-7bc7-4b36-be29-7dddbe2e4b98] Successfully evaluated XQueries against FlowFile[0,fruit.xml,1581B] and found 7 matches; routing to matched
[pool-724-thread-1] INFO org.apache.nifi.processors.standard.EvaluateXQuery - EvaluateXQuery[id=ff7115da-c4b6-4134-8cb9-5cf99ebea23d] Successfully created 7 new FlowFiles from FlowFile[0,fruit.xml,1581B]; routing all to 'matched'
[pool-725-thread-1] INFO org.apache.nifi.processors.standard.EvaluateXQuery - EvaluateXQuery[id=a5a3fedb-1b27-4e45-aed8-d2f839a566a9] Successfully evaluated XQueries against FlowFile[0,fruit.xml,1581B] and found 1 matches; routing to matched
[pool-726-thread-1] INFO org.apache.nifi.processors.standard.EvaluateXQuery - EvaluateXQuery[id=42b38298-bd18-406a-a035-31db5f516f82] Successfully updated content for FlowFile[0,fruit.xml,95B]; routing to 'matched'
[pool-727-thread-1] INFO org.apache.nifi.processors.standard.EvaluateXQuery - EvaluateXQuery[id=7623ffe3-ca89-4a5f-8aaa-3c77a5311db2] Successfully evaluated XQueries against FlowFile[0,fruit.xml,1581B] and found 1 matches; routing to matched
[pool-728-thread-1] INFO org.apache.nifi.processors.standard.EvaluateXQuery - EvaluateXQuery[id=cb2de733-f0e3-48f1-af6e-aa948a78b108] Successfully updated content for FlowFile[0,fruit.xml,95B]; routing to 'matched'
[pool-729-thread-1] INFO org.apache.nifi.processors.standard.EvaluateXQuery - EvaluateXQuery[id=bad5858a-e940-42a3-a62d-0ba1da26bcb1] Successfully evaluated XQueries against FlowFile[0,fruit.xml,1581B] and found 1 matches; routing to matched
[pool-730-thread-1] INFO org.apache.nifi.processors.standard.EvaluateXQuery - EvaluateXQuery[id=24e021ac-7761-4ac6-b9ac-066672a580d9] Successfully updated content for FlowFile[0,fruit.xml,56B]; routing to 'matched'
[pool-731-thread-1] INFO org.apache.nifi.processors.standard.EvaluateXQuery - EvaluateXQuery[id=5fae5fd9-c3c4-42c4-beac-889c9d77bb03] Successfully evaluated XQueries against FlowFile[0,fruit.xml,1581B] and found 1 matches; routing to matched
[pool-732-thread-1] INFO org.apache.nifi.processors.standard.EvaluateXQuery - EvaluateXQuery[id=1f8aa41c-bcb6-4206-94c3-ad0c5ef20bef] Successfully updated content for FlowFile[0,fruit.xml,89B]; routing to 'matched'
[pool-733-thread-1] INFO org.apache.nifi.processors.standard.EvaluateXQuery - EvaluateXQuery[id=f7df39f8-8ad0-4f8a-9f2a-85f6f1047831] Successfully evaluated XQueries against FlowFile[0,fruit.xml,1581B] and found 1 matches; routing to matched
[pool-734-thread-1] INFO org.apache.nifi.processors.standard.EvaluateXQuery - EvaluateXQuery[id=6e457cdc-dba4-4408-9dc4-896d449a81f2] Successfully updated content for FlowFile[0,fruit.xml,89B]; routing to 'matched'
[pool-735-thread-1] INFO org.apache.nifi.processors.standard.EvaluateXQuery - EvaluateXQuery[id=532c8445-6504-4ce1-b8c7-839b75daec1b] Successfully evaluated XQueries against FlowFile[0,fruit.xml,1581B] and found 1 matches; routing to matched
[pool-736-thread-1] INFO org.apache.nifi.processors.standard.EvaluateXQuery - EvaluateXQuery[id=5809a117-8619-4893-847e-b76d6520f583] Successfully updated content for FlowFile[0,fruit.xml,5B]; routing to 'matched'
[pool-737-thread-1] INFO org.apache.nifi.processors.standard.EvaluateXQuery - EvaluateXQuery[id=1df7e280-dbbb-4c71-af3a-cfc803a7f48a] Successfully evaluated XQueries against FlowFile[0,fruit.xml,1581B] and found 1 matches; routing to matched
[pool-738-thread-1] INFO org.apache.nifi.processors.standard.EvaluateXQuery - EvaluateXQuery[id=e5173ca8-bda1-4d15-b4a3-5b2f4e278feb] Successfully updated content for FlowFile[0,fruit.xml,24B]; routing to 'matched'
[pool-739-thread-1] INFO org.apache.nifi.processors.standard.EvaluateXQuery - EvaluateXQuery[id=18604d65-e691-4b78-96f2-cd495af28bd9] Successfully evaluated XQueries against FlowFile[0,fruit.xml,1581B] and found 1 matches; routing to matched
[pool-740-thread-1] INFO org.apache.nifi.processors.standard.EvaluateXQuery - EvaluateXQuery[id=d9dd1c46-e167-4057-9e71-d726a3a3e823] Successfully updated content for FlowFile[0,fruit.xml,30B]; routing to 'matched'
]]></system-err>
  </testcase>
  <testcase name="testOneMatchOneUnmatchAttribute" classname="org.apache.nifi.processors.standard.TestEvaluateXQuery" time="0.004">
    <system-err><![CDATA[[pool-741-thread-1] INFO org.apache.nifi.processors.standard.EvaluateXQuery - EvaluateXQuery[id=07776051-2b0d-4e3f-83ad-f0b38f952147] Successfully evaluated XQueries against FlowFile[0,fruit.xml,1581B] and found 7 matches; routing to matched
]]></system-err>
  </testcase>
  <testcase name="testMatchesMultipleXmlContent" classname="org.apache.nifi.processors.standard.TestEvaluateXQuery" time="0.007">
    <system-err><![CDATA[[pool-742-thread-1] INFO org.apache.nifi.processors.standard.EvaluateXQuery - EvaluateXQuery[id=24503454-4580-4489-873b-89772aaaa9a0] Successfully created 7 new FlowFiles from FlowFile[0,fruit.xml,1581B]; routing all to 'matched'
]]></system-err>
  </testcase>
  <testcase name="testWriteStringToContent" classname="org.apache.nifi.processors.standard.TestEvaluateXQuery" time="0.003">
    <system-err><![CDATA[[pool-743-thread-1] INFO org.apache.nifi.processors.standard.EvaluateXQuery - EvaluateXQuery[id=c35d4cf3-e4ba-4072-8117-6486fad26d78] Successfully updated content for FlowFile[0,fruit.xml,5B]; routing to 'matched'
]]></system-err>
  </testcase>
  <testcase name="testMultipleXPathForContent" classname="org.apache.nifi.processors.standard.TestEvaluateXQuery" time="0.001"/>
</testsuite>