<?xml version="1.0" encoding="UTF-8"?>
<testsuite xmlns:xsi="http://www.w3.org/2001/XMLSchema-instance" xsi:noNamespaceSchemaLocation="https://maven.apache.org/surefire/maven-surefire-plugin/xsd/surefire-test-report-3.0.xsd" version="3.0" name="org.apache.nifi.processors.standard.TestExecuteSQL" time="9.009" tests="22" errors="0" skipped="0" failures="0">
  <properties>
    <property name="sun.desktop" value="gnome"/>
    <property name="awt.toolkit" value="sun.awt.X11.XToolkit"/>
    <property name="file.encoding.pkg" value="sun.io"/>
    <property name="java.specification.version" value="1.8"/>
    <property name="sun.cpu.isalist" value=""/>
    <property name="sun.jnu.encoding" value="UTF-8"/>
    <property name="java.class.path" value="/home/alex/Repositories/nifi/nifi-nar-bundles/nifi-standard-bundle/nifi-standard-processors/target/test-classes:/home/alex/Repositories/nifi/nifi-nar-bundles/nifi-standard-bundle/nifi-standard-processors/target/classes:/home/alex/.m2/repository/org/apache/ftpserver/ftpserver-core/1.1.1/ftpserver-core-1.1.1.jar:/home/alex/.m2/repository/org/apache/ftpserver/ftplet-api/1.1.1/ftplet-api-1.1.1.jar:/home/alex/.m2/repository/org/slf4j/slf4j-api/1.7.32/slf4j-api-1.7.32.jar:/home/alex/.m2/repository/org/apache/mina/mina-core/2.0.16/mina-core-2.0.16.jar:/home/alex/Repositories/nifi/nifi-api/target/classes:/home/alex/Repositories/nifi/nifi-commons/nifi-expression-language/target/classes:/home/alex/.m2/repository/org/antlr/antlr-runtime/3.5.2/antlr-runtime-3.5.2.jar:/home/alex/Repositories/nifi/nifi-commons/nifi-parameter/target/classes:/home/alex/Repositories/nifi/nifi-commons/nifi-uuid5/target/classes:/home/alex/.m2/repository/org/apache/commons/commons-text/1.8/commons-text-1.8.jar:/home/alex/Repositories/nifi/nifi-nar-bundles/nifi-extension-utils/nifi-processor-utils/target/classes:/home/alex/Repositories/nifi/nifi-commons/nifi-security-socket-ssl/target/classes:/home/alex/Repositories/nifi/nifi-nar-bundles/nifi-extension-utils/nifi-event-transport/target/classes:/home/alex/.m2/repository/io/netty/netty-handler/4.1.69.Final/netty-handler-4.1.69.Final.jar:/home/alex/.m2/repository/io/netty/netty-common/4.1.69.Final/netty-common-4.1.69.Final.jar:/home/alex/.m2/repository/io/netty/netty-resolver/4.1.69.Final/netty-resolver-4.1.69.Final.jar:/home/alex/.m2/repository/io/netty/netty-transport/4.1.69.Final/netty-transport-4.1.69.Final.jar:/home/alex/.m2/repository/io/netty/netty-codec/4.1.69.Final/netty-codec-4.1.69.Final.jar:/home/alex/Repositories/nifi/nifi-nar-bundles/nifi-extension-utils/nifi-syslog-utils/target/classes:/home/alex/.m2/repository/com/github/palindromicity/simple-syslog-5424/0.0.16/simple-syslog-5424-0.0.16.jar:/home/alex/.m2/repository/org/antlr/antlr4-runtime/4.7.2/antlr4-runtime-4.7.2.jar:/home/alex/Repositories/nifi/nifi-commons/nifi-utils/target/classes:/home/alex/Repositories/nifi/nifi-commons/nifi-record-path/target/classes:/home/alex/Repositories/nifi/nifi-commons/nifi-properties/target/classes:/home/alex/Repositories/nifi/nifi-commons/nifi-property-utils/target/classes:/home/alex/.m2/repository/com/github/ben-manes/caffeine/caffeine/2.8.1/caffeine-2.8.1.jar:/home/alex/Repositories/nifi/nifi-nar-bundles/nifi-standard-services/nifi-ssl-context-service-api/target/classes:/home/alex/Repositories/nifi/nifi-commons/nifi-security-utils-api/target/classes:/home/alex/Repositories/nifi/nifi-nar-bundles/nifi-standard-services/nifi-lookup-service-api/target/classes:/home/alex/Repositories/nifi/nifi-commons/nifi-flowfile-packager/target/classes:/home/alex/Repositories/nifi/nifi-nar-bundles/nifi-standard-services/nifi-distributed-cache-client-service-api/target/classes:/home/alex/Repositories/nifi/nifi-nar-bundles/nifi-standard-services/nifi-http-context-map-api/target/classes:/home/alex/Repositories/nifi/nifi-nar-bundles/nifi-standard-services/nifi-record-serialization-service-api/target/classes:/home/alex/Repositories/nifi/nifi-nar-bundles/nifi-standard-services/nifi-proxy-configuration-api/target/classes:/home/alex/Repositories/nifi/nifi-commons/nifi-record/target/classes:/home/alex/Repositories/nifi/nifi-nar-bundles/nifi-standard-services/nifi-record-sink-api/target/classes:/home/alex/.m2/repository/commons-io/commons-io/2.10.0/commons-io-2.10.0.jar:/home/alex/.m2/repository/javax/ws/rs/javax.ws.rs-api/2.1/javax.ws.rs-api-2.1.jar:/home/alex/.m2/repository/commons-net/commons-net/3.6/commons-net-3.6.jar:/home/alex/.m2/repository/org/apache/commons/commons-compress/1.21/commons-compress-1.21.jar:/home/alex/.m2/repository/org/apache/commons/commons-lang3/3.9/commons-lang3-3.9.jar:/home/alex/.m2/repository/org/bouncycastle/bcprov-jdk15on/1.69/bcprov-jdk15on-1.69.jar:/home/alex/.m2/repository/org/bouncycastle/bcpg-jdk15on/1.69/bcpg-jdk15on-1.69.jar:/home/alex/.m2/repository/org/bouncycastle/bcpkix-jdk15on/1.69/bcpkix-jdk15on-1.69.jar:/home/alex/.m2/repository/org/bouncycastle/bcutil-jdk15on/1.69/bcutil-jdk15on-1.69.jar:/home/alex/.m2/repository/commons-codec/commons-codec/1.14/commons-codec-1.14.jar:/home/alex/Repositories/nifi/nifi-commons/nifi-security-utils/target/classes:/home/alex/Repositories/nifi/nifi-commons/nifi-security-kms/target/classes:/home/alex/.m2/repository/org/apache/commons/commons-configuration2/2.7/commons-configuration2-2.7.jar:/home/alex/.m2/repository/com/hierynomus/sshj/0.32.0/sshj-0.32.0.jar:/home/alex/.m2/repository/com/jcraft/jzlib/1.1.3/jzlib-1.1.3.jar:/home/alex/.m2/repository/com/hierynomus/asn-one/0.6.0/asn-one-0.6.0.jar:/home/alex/.m2/repository/net/i2p/crypto/eddsa/0.3.0/eddsa-0.3.0.jar:/home/alex/.m2/repository/org/eclipse/jetty/jetty-server/9.4.44.v20210927/jetty-server-9.4.44.v20210927.jar:/home/alex/.m2/repository/javax/servlet/javax.servlet-api/3.1.0/javax.servlet-api-3.1.0.jar:/home/alex/.m2/repository/org/eclipse/jetty/jetty-http/9.4.44.v20210927/jetty-http-9.4.44.v20210927.jar:/home/alex/.m2/repository/org/eclipse/jetty/jetty-util/9.4.44.v20210927/jetty-util-9.4.44.v20210927.jar:/home/alex/.m2/repository/org/eclipse/jetty/jetty-io/9.4.44.v20210927/jetty-io-9.4.44.v20210927.jar:/home/alex/.m2/repository/org/eclipse/jetty/jetty-servlet/9.4.44.v20210927/jetty-servlet-9.4.44.v20210927.jar:/home/alex/.m2/repository/org/eclipse/jetty/jetty-security/9.4.44.v20210927/jetty-security-9.4.44.v20210927.jar:/home/alex/.m2/repository/org/eclipse/jetty/jetty-util-ajax/9.4.44.v20210927/jetty-util-ajax-9.4.44.v20210927.jar:/home/alex/.m2/repository/org/apache/httpcomponents/httpclient/4.5.5/httpclient-4.5.5.jar:/home/alex/.m2/repository/commons-logging/commons-logging/1.2/commons-logging-1.2.jar:/home/alex/.m2/repository/org/apache/httpcomponents/httpcore/4.4.9/httpcore-4.4.9.jar:/home/alex/.m2/repository/jakarta/activation/jakarta.activation-api/2.0.1/jakarta.activation-api-2.0.1.jar:/home/alex/.m2/repository/com/sun/activation/jakarta.activation/2.0.1/jakarta.activation-2.0.1.jar:/home/alex/.m2/repository/jakarta/mail/jakarta.mail-api/2.0.1/jakarta.mail-api-2.0.1.jar:/home/alex/.m2/repository/com/sun/mail/jakarta.mail/2.0.1/jakarta.mail-2.0.1.jar:/home/alex/.m2/repository/com/github/jponge/lzma-java/1.3/lzma-java-1.3.jar:/home/alex/.m2/repository/org/tukaani/xz/1.8/xz-1.8.jar:/home/alex/.m2/repository/net/sf/saxon/Saxon-HE/10.6/Saxon-HE-10.6.jar:/home/alex/Repositories/nifi/nifi-commons/nifi-socket-utils/target/classes:/home/alex/Repositories/nifi/nifi-commons/nifi-logging-utils/target/classes:/home/alex/Repositories/nifi/nifi-nar-bundles/nifi-standard-services/nifi-load-distribution-service-api/target/classes:/home/alex/.m2/repository/javax/jms/javax.jms-api/2.0.1/javax.jms-api-2.0.1.jar:/home/alex/.m2/repository/org/apache/activemq/activemq-client/5.15.15/activemq-client-5.15.15.jar:/home/alex/.m2/repository/org/apache/geronimo/specs/geronimo-jms_1.1_spec/1.1.1/geronimo-jms_1.1_spec-1.1.1.jar:/home/alex/.m2/repository/org/fusesource/hawtbuf/hawtbuf/1.11/hawtbuf-1.11.jar:/home/alex/.m2/repository/org/apache/geronimo/specs/geronimo-j2ee-management_1.1_spec/1.0.1/geronimo-j2ee-management_1.1_spec-1.0.1.jar:/home/alex/.m2/repository/com/jayway/jsonpath/json-path/2.6.0/json-path-2.6.0.jar:/home/alex/.m2/repository/net/minidev/json-smart/2.4.7/json-smart-2.4.7.jar:/home/alex/.m2/repository/net/minidev/accessors-smart/2.4.7/accessors-smart-2.4.7.jar:/home/alex/.m2/repository/org/ow2/asm/asm/9.1/asm-9.1.jar:/home/alex/.m2/repository/org/apache/tika/tika-core/1.26/tika-core-1.26.jar:/home/alex/.m2/repository/com/fasterxml/jackson/core/jackson-databind/2.12.3/jackson-databind-2.12.3.jar:/home/alex/.m2/repository/com/fasterxml/jackson/core/jackson-annotations/2.12.3/jackson-annotations-2.12.3.jar:/home/alex/.m2/repository/com/fasterxml/jackson/core/jackson-core/2.12.3/jackson-core-2.12.3.jar:/home/alex/Repositories/nifi/nifi-nar-bundles/nifi-extension-utils/nifi-record-utils/nifi-avro-record-utils/target/classes:/home/alex/Repositories/nifi/nifi-nar-bundles/nifi-extension-utils/nifi-record-utils/nifi-standard-record-utils/target/classes:/home/alex/.m2/repository/org/apache/avro/avro/1.8.1/avro-1.8.1.jar:/home/alex/.m2/repository/org/codehaus/jackson/jackson-core-asl/1.9.13/jackson-core-asl-1.9.13.jar:/home/alex/.m2/repository/org/codehaus/jackson/jackson-mapper-asl/1.9.13/jackson-mapper-asl-1.9.13.jar:/home/alex/.m2/repository/com/thoughtworks/paranamer/paranamer/2.7/paranamer-2.7.jar:/home/alex/Repositories/nifi/nifi-nar-bundles/nifi-standard-services/nifi-dbcp-service-api/target/classes:/home/alex/.m2/repository/com/squareup/okhttp3/okhttp/4.9.2/okhttp-4.9.2.jar:/home/alex/.m2/repository/com/squareup/okio/okio/2.8.0/okio-2.8.0.jar:/home/alex/.m2/repository/org/jetbrains/kotlin/kotlin-stdlib-common/1.4.0/kotlin-stdlib-common-1.4.0.jar:/home/alex/.m2/repository/org/jetbrains/kotlin/kotlin-stdlib/1.4.10/kotlin-stdlib-1.4.10.jar:/home/alex/.m2/repository/org/jetbrains/annotations/13.0/annotations-13.0.jar:/home/alex/.m2/repository/io/github/rburgst/okhttp-digest/2.5/okhttp-digest-2.5.jar:/home/alex/.m2/repository/at/favre/lib/bcrypt/0.9.0/bcrypt-0.9.0.jar:/home/alex/.m2/repository/at/favre/lib/bytes/1.3.0/bytes-1.3.0.jar:/home/alex/.m2/repository/com/google/guava/guava/28.0-jre/guava-28.0-jre.jar:/home/alex/.m2/repository/com/google/guava/failureaccess/1.0.1/failureaccess-1.0.1.jar:/home/alex/.m2/repository/com/google/guava/listenablefuture/9999.0-empty-to-avoid-conflict-with-guava/listenablefuture-9999.0-empty-to-avoid-conflict-with-guava.jar:/home/alex/.m2/repository/com/google/code/findbugs/jsr305/3.0.2/jsr305-3.0.2.jar:/home/alex/.m2/repository/org/checkerframework/checker-qual/2.8.1/checker-qual-2.8.1.jar:/home/alex/.m2/repository/com/google/errorprone/error_prone_annotations/2.3.2/error_prone_annotations-2.3.2.jar:/home/alex/.m2/repository/com/google/j2objc/j2objc-annotations/1.3/j2objc-annotations-1.3.jar:/home/alex/.m2/repository/org/codehaus/mojo/animal-sniffer-annotations/1.17/animal-sniffer-annotations-1.17.jar:/home/alex/Repositories/nifi/nifi-mock/target/classes:/home/alex/Repositories/nifi/nifi-framework-api/target/classes:/home/alex/Repositories/nifi/nifi-nar-bundles/nifi-framework-bundle/nifi-framework/nifi-framework-core-api/target/classes:/home/alex/Repositories/nifi/nifi-nar-bundles/nifi-framework-bundle/nifi-framework/nifi-framework-nar-utils/target/classes:/home/alex/Repositories/nifi/nifi-nar-bundles/nifi-framework-bundle/nifi-framework/nifi-client-dto/target/classes:/home/alex/.m2/repository/io/swagger/swagger-annotations/1.6.0/swagger-annotations-1.6.0.jar:/home/alex/Repositories/nifi/nifi-commons/nifi-site-to-site-client/target/classes:/home/alex/.m2/repository/org/apache/httpcomponents/httpasyncclient/4.1.4/httpasyncclient-4.1.4.jar:/home/alex/.m2/repository/org/apache/httpcomponents/httpcore-nio/4.4.10/httpcore-nio-4.4.10.jar:/home/alex/Repositories/nifi/nifi-nar-bundles/nifi-framework-bundle/nifi-framework/nifi-framework-authorization/target/classes:/home/alex/Repositories/nifi/nifi-registry/nifi-registry-core/nifi-registry-data-model/target/classes:/home/alex/Repositories/nifi/nifi-registry/nifi-registry-core/nifi-registry-revision/nifi-registry-revision-entity-model/target/classes:/home/alex/Repositories/nifi/nifi-registry/nifi-registry-core/nifi-registry-client/target/classes:/home/alex/Repositories/nifi/nifi-registry/nifi-registry-core/nifi-registry-security-utils/target/classes:/home/alex/.m2/repository/org/glassfish/jersey/core/jersey-client/2.33/jersey-client-2.33.jar:/home/alex/.m2/repository/jakarta/ws/rs/jakarta.ws.rs-api/2.1.6/jakarta.ws.rs-api-2.1.6.jar:/home/alex/.m2/repository/org/glassfish/hk2/external/jakarta.inject/2.6.1/jakarta.inject-2.6.1.jar:/home/alex/.m2/repository/org/glassfish/jersey/media/jersey-media-json-jackson/2.33/jersey-media-json-jackson-2.33.jar:/home/alex/.m2/repository/org/glassfish/jersey/ext/jersey-entity-filtering/2.33/jersey-entity-filtering-2.33.jar:/home/alex/.m2/repository/org/glassfish/jersey/inject/jersey-hk2/2.33/jersey-hk2-2.33.jar:/home/alex/.m2/repository/org/glassfish/hk2/hk2-locator/2.6.1/hk2-locator-2.6.1.jar:/home/alex/.m2/repository/org/glassfish/hk2/external/aopalliance-repackaged/2.6.1/aopalliance-repackaged-2.6.1.jar:/home/alex/.m2/repository/org/glassfish/hk2/hk2-api/2.6.1/hk2-api-2.6.1.jar:/home/alex/.m2/repository/org/glassfish/hk2/hk2-utils/2.6.1/hk2-utils-2.6.1.jar:/home/alex/.m2/repository/org/javassist/javassist/3.25.0-GA/javassist-3.25.0-GA.jar:/home/alex/.m2/repository/org/glassfish/jersey/core/jersey-common/2.33/jersey-common-2.33.jar:/home/alex/.m2/repository/jakarta/annotation/jakarta.annotation-api/1.3.5/jakarta.annotation-api-1.3.5.jar:/home/alex/.m2/repository/org/glassfish/hk2/osgi-resource-locator/1.0.3/osgi-resource-locator-1.0.3.jar:/home/alex/.m2/repository/org/glassfish/jersey/media/jersey-media-multipart/2.33/jersey-media-multipart-2.33.jar:/home/alex/.m2/repository/org/jvnet/mimepull/mimepull/1.9.13/mimepull-1.9.13.jar:/home/alex/Repositories/nifi/nifi-commons/nifi-data-provenance-utils/target/classes:/home/alex/Repositories/nifi/nifi-nar-bundles/nifi-standard-services/nifi-distributed-cache-services-bundle/nifi-distributed-cache-client-service/target/classes:/home/alex/Repositories/nifi/nifi-nar-bundles/nifi-standard-services/nifi-distributed-cache-services-bundle/nifi-distributed-cache-protocol/target/classes:/home/alex/.m2/repository/io/netty/netty-buffer/4.1.69.Final/netty-buffer-4.1.69.Final.jar:/home/alex/.m2/repository/com/google/http-client/google-http-client/1.28.0/google-http-client-1.28.0.jar:/home/alex/.m2/repository/io/opencensus/opencensus-api/0.18.0/opencensus-api-0.18.0.jar:/home/alex/.m2/repository/io/grpc/grpc-context/1.14.0/grpc-context-1.14.0.jar:/home/alex/.m2/repository/io/opencensus/opencensus-contrib-http-util/0.18.0/opencensus-contrib-http-util-0.18.0.jar:/home/alex/.m2/repository/org/apache/activemq/activemq-broker/5.15.14/activemq-broker-5.15.14.jar:/home/alex/.m2/repository/org/apache/activemq/activemq-openwire-legacy/5.15.14/activemq-openwire-legacy-5.15.14.jar:/home/alex/Repositories/nifi/nifi-nar-bundles/nifi-standard-services/nifi-ssl-context-bundle/nifi-ssl-context-service/target/classes:/home/alex/Repositories/nifi/nifi-nar-bundles/nifi-framework-bundle/nifi-framework/nifi-standard-prioritizers/target/classes:/home/alex/Repositories/nifi/nifi-nar-bundles/nifi-extension-utils/nifi-record-utils/nifi-mock-record-utils/target/classes:/home/alex/Repositories/nifi/nifi-nar-bundles/nifi-standard-services/nifi-record-serialization-services-bundle/nifi-record-serialization-services/target/classes:/home/alex/.m2/repository/org/apache/commons/commons-csv/1.8/commons-csv-1.8.jar:/home/alex/.m2/repository/com/fasterxml/jackson/dataformat/jackson-dataformat-csv/2.12.3/jackson-dataformat-csv-2.12.3.jar:/home/alex/.m2/repository/net/java/dev/stax-utils/stax-utils/20070216/stax-utils-20070216.jar:/home/alex/Repositories/nifi/nifi-nar-bundles/nifi-standard-services/nifi-lookup-services-bundle/nifi-lookup-services/target/classes:/home/alex/.m2/repository/commons-beanutils/commons-beanutils/1.9.4/commons-beanutils-1.9.4.jar:/home/alex/.m2/repository/commons-collections/commons-collections/3.2.2/commons-collections-3.2.2.jar:/home/alex/.m2/repository/com/maxmind/geoip2/geoip2/2.12.0/geoip2-2.12.0.jar:/home/alex/.m2/repository/com/maxmind/db/maxmind-db/1.2.2/maxmind-db-1.2.2.jar:/home/alex/.m2/repository/org/apache/derby/derby/10.14.2.0/derby-10.14.2.0.jar:/home/alex/.m2/repository/org/xerial/snappy/snappy-java/1.1.7.3/snappy-java-1.1.7.3.jar:/home/alex/.m2/repository/net/lingala/zip4j/zip4j/2.8.0/zip4j-2.8.0.jar:/home/alex/.m2/repository/com/h2database/h2/1.4.187/h2-1.4.187.jar:/home/alex/.m2/repository/org/mockftpserver/MockFtpServer/2.7.1/MockFtpServer-2.7.1.jar:/home/alex/.m2/repository/org/apache/sshd/sshd-core/1.7.0/sshd-core-1.7.0.jar:/home/alex/.m2/repository/com/bazaarvoice/jolt/jolt-core/0.1.1/jolt-core-0.1.1.jar:/home/alex/.m2/repository/javax/inject/javax.inject/1/javax.inject-1.jar:/home/alex/.m2/repository/com/bazaarvoice/jolt/json-utils/0.1.1/json-utils-0.1.1.jar:/home/alex/Repositories/nifi/nifi-nar-bundles/nifi-standard-bundle/nifi-standard-utils/target/classes:/home/alex/.m2/repository/net/sf/supercsv/super-csv/2.4.0/super-csv-2.4.0.jar:/home/alex/.m2/repository/com/fluenda/parcefone/2.1.0/parcefone-2.1.0.jar:/home/alex/.m2/repository/javax/validation/validation-api/1.1.0.Final/validation-api-1.1.0.Final.jar:/home/alex/.m2/repository/javax/el/javax.el-api/3.0.0/javax.el-api-3.0.0.jar:/home/alex/.m2/repository/com/github/wnameless/json/json-flattener/0.12.0/json-flattener-0.12.0.jar:/home/alex/.m2/repository/com/github/wnameless/json/json-base/2.0.0/json-base-2.0.0.jar:/home/alex/.m2/repository/org/apache/bval/bval-jsr/1.1.2/bval-jsr-1.1.2.jar:/home/alex/.m2/repository/org/apache/bval/bval-core/1.1.2/bval-core-1.1.2.jar:/home/alex/.m2/repository/io/krakens/java-grok/0.1.9/java-grok-0.1.9.jar:/home/alex/.m2/repository/org/apache/calcite/calcite-core/1.27.0/calcite-core-1.27.0.jar:/home/alex/.m2/repository/org/apache/calcite/calcite-linq4j/1.27.0/calcite-linq4j-1.27.0.jar:/home/alex/.m2/repository/com/esri/geometry/esri-geometry-api/2.2.0/esri-geometry-api-2.2.0.jar:/home/alex/.m2/repository/org/apache/calcite/avatica/avatica-core/1.18.0/avatica-core-1.18.0.jar:/home/alex/.m2/repository/org/apache/calcite/avatica/avatica-metrics/1.18.0/avatica-metrics-1.18.0.jar:/home/alex/.m2/repository/com/google/protobuf/protobuf-java/3.6.1/protobuf-java-3.6.1.jar:/home/alex/.m2/repository/org/apiguardian/apiguardian-api/1.1.0/apiguardian-api-1.1.0.jar:/home/alex/.m2/repository/com/fasterxml/jackson/dataformat/jackson-dataformat-yaml/2.10.0/jackson-dataformat-yaml-2.10.0.jar:/home/alex/.m2/repository/org/yaml/snakeyaml/1.29/snakeyaml-1.29.jar:/home/alex/.m2/repository/com/google/uzaygezen/uzaygezen-core/0.2/uzaygezen-core-0.2.jar:/home/alex/.m2/repository/com/yahoo/datasketches/sketches-core/0.9.0/sketches-core-0.9.0.jar:/home/alex/.m2/repository/com/yahoo/datasketches/memory/0.9.0/memory-0.9.0.jar:/home/alex/.m2/repository/net/hydromatic/aggdesigner-algorithm/6.0/aggdesigner-algorithm-6.0.jar:/home/alex/.m2/repository/commons-lang/commons-lang/2.4/commons-lang-2.4.jar:/home/alex/.m2/repository/org/apache/commons/commons-dbcp2/2.6.0/commons-dbcp2-2.6.0.jar:/home/alex/.m2/repository/org/apache/commons/commons-pool2/2.6.1/commons-pool2-2.6.1.jar:/home/alex/.m2/repository/org/codehaus/janino/commons-compiler/3.0.11/commons-compiler-3.0.11.jar:/home/alex/.m2/repository/org/codehaus/janino/janino/3.0.11/janino-3.0.11.jar:/home/alex/Repositories/nifi/nifi-nar-bundles/nifi-standard-services/nifi-schema-registry-service-api/target/classes:/home/alex/Repositories/nifi/nifi-nar-bundles/nifi-extension-utils/nifi-database-utils/target/classes:/home/alex/Repositories/nifi/nifi-nar-bundles/nifi-standard-bundle/nifi-standard-web-test-utils/target/classes:/home/alex/.m2/repository/com/github/stefanbirkner/fake-sftp-server-rule/2.0.1/fake-sftp-server-rule-2.0.1.jar:/home/alex/.m2/repository/com/github/marschall/memoryfilesystem/2.8.0/memoryfilesystem-2.8.0.jar:/home/alex/.m2/repository/junit/junit/4.13.2/junit-4.13.2.jar:/home/alex/.m2/repository/org/hamcrest/hamcrest-core/1.3/hamcrest-core-1.3.jar:/home/alex/Repositories/nifi/nifi-nar-bundles/nifi-extension-utils/nifi-database-test-utils/target/classes:/home/alex/.m2/repository/org/codehaus/groovy/groovy-json/2.5.14/groovy-json-2.5.14.jar:/home/alex/.m2/repository/org/codehaus/groovy/groovy/2.5.14/groovy-2.5.14.jar:/home/alex/.m2/repository/org/codehaus/groovy/groovy-servlet/2.5.14/groovy-servlet-2.5.14.jar:/home/alex/.m2/repository/org/codehaus/groovy/groovy-templates/2.5.14/groovy-templates-2.5.14.jar:/home/alex/.m2/repository/org/codehaus/groovy/groovy-xml/2.5.14/groovy-xml-2.5.14.jar:/home/alex/.m2/repository/org/hamcrest/hamcrest-all/1.3/hamcrest-all-1.3.jar:/home/alex/.m2/repository/com/squareup/okhttp3/mockwebserver/4.9.2/mockwebserver-4.9.2.jar:/home/alex/.m2/repository/org/jetbrains/kotlin/kotlin-stdlib-jdk8/1.4.10/kotlin-stdlib-jdk8-1.4.10.jar:/home/alex/.m2/repository/org/jetbrains/kotlin/kotlin-stdlib-jdk7/1.4.10/kotlin-stdlib-jdk7-1.4.10.jar:/home/alex/.m2/repository/org/mockito/mockito-inline/3.12.4/mockito-inline-3.12.4.jar:/home/alex/.m2/repository/org/junit/jupiter/junit-jupiter-api/5.7.2/junit-jupiter-api-5.7.2.jar:/home/alex/.m2/repository/org/opentest4j/opentest4j/1.2.0/opentest4j-1.2.0.jar:/home/alex/.m2/repository/org/junit/platform/junit-platform-commons/1.7.2/junit-platform-commons-1.7.2.jar:/home/alex/.m2/repository/org/junit/jupiter/junit-jupiter-engine/5.7.2/junit-jupiter-engine-5.7.2.jar:/home/alex/.m2/repository/org/junit/platform/junit-platform-engine/1.7.2/junit-platform-engine-1.7.2.jar:/home/alex/.m2/repository/org/junit/vintage/junit-vintage-engine/5.7.2/junit-vintage-engine-5.7.2.jar:/home/alex/.m2/repository/org/junit/jupiter/junit-jupiter-params/5.7.2/junit-jupiter-params-5.7.2.jar:/home/alex/.m2/repository/org/mockito/mockito-core/3.11.2/mockito-core-3.11.2.jar:/home/alex/.m2/repository/net/bytebuddy/byte-buddy/1.11.3/byte-buddy-1.11.3.jar:/home/alex/.m2/repository/net/bytebuddy/byte-buddy-agent/1.11.3/byte-buddy-agent-1.11.3.jar:/home/alex/.m2/repository/org/objenesis/objenesis/3.2/objenesis-3.2.jar:/home/alex/.m2/repository/org/mockito/mockito-junit-jupiter/3.11.2/mockito-junit-jupiter-3.11.2.jar:/home/alex/.m2/repository/org/slf4j/slf4j-simple/1.7.32/slf4j-simple-1.7.32.jar:/home/alex/.m2/repository/org/codehaus/groovy/groovy-test/2.5.14/groovy-test-2.5.14.jar:"/>
    <property name="org.slf4j.simpleLogger.log.nifi.processors.standard.TestExecuteSQLRecord" value="debug"/>
    <property name="java.vm.vendor" value="Private Build"/>
    <property name="sun.arch.data.model" value="64"/>
    <property name="java.vendor.url" value="http://java.oracle.com/"/>
    <property name="user.timezone" value="Europe/Lisbon"/>
    <property name="java.vm.specification.version" value="1.8"/>
    <property name="os.name" value="Linux"/>
    <property name="user.country" value="US"/>
    <property name="sun.java.launcher" value="SUN_STANDARD"/>
    <property name="sun.boot.library.path" value="/usr/lib/jvm/java-8-openjdk-amd64/jre/lib/amd64"/>
    <property name="sun.java.command" value="/home/alex/Repositories/nifi/nifi-nar-bundles/nifi-standard-bundle/nifi-standard-processors/target/surefire/surefirebooter262180563015504354.jar /home/alex/Repositories/nifi/nifi-nar-bundles/nifi-standard-bundle/nifi-standard-processors/target/surefire 2024-05-02T02-13-54_999-jvmRun1 surefire7006267633466184684tmp surefire_695365209324004685157tmp"/>
    <property name="org.slf4j.simpleLogger.log.nifi.io.nio" value="debug"/>
    <property name="surefire.test.class.path" value="/home/alex/Repositories/nifi/nifi-nar-bundles/nifi-standard-bundle/nifi-standard-processors/target/test-classes:/home/alex/Repositories/nifi/nifi-nar-bundles/nifi-standard-bundle/nifi-standard-processors/target/classes:/home/alex/.m2/repository/org/apache/ftpserver/ftpserver-core/1.1.1/ftpserver-core-1.1.1.jar:/home/alex/.m2/repository/org/apache/ftpserver/ftplet-api/1.1.1/ftplet-api-1.1.1.jar:/home/alex/.m2/repository/org/slf4j/slf4j-api/1.7.32/slf4j-api-1.7.32.jar:/home/alex/.m2/repository/org/apache/mina/mina-core/2.0.16/mina-core-2.0.16.jar:/home/alex/Repositories/nifi/nifi-api/target/classes:/home/alex/Repositories/nifi/nifi-commons/nifi-expression-language/target/classes:/home/alex/.m2/repository/org/antlr/antlr-runtime/3.5.2/antlr-runtime-3.5.2.jar:/home/alex/Repositories/nifi/nifi-commons/nifi-parameter/target/classes:/home/alex/Repositories/nifi/nifi-commons/nifi-uuid5/target/classes:/home/alex/.m2/repository/org/apache/commons/commons-text/1.8/commons-text-1.8.jar:/home/alex/Repositories/nifi/nifi-nar-bundles/nifi-extension-utils/nifi-processor-utils/target/classes:/home/alex/Repositories/nifi/nifi-commons/nifi-security-socket-ssl/target/classes:/home/alex/Repositories/nifi/nifi-nar-bundles/nifi-extension-utils/nifi-event-transport/target/classes:/home/alex/.m2/repository/io/netty/netty-handler/4.1.69.Final/netty-handler-4.1.69.Final.jar:/home/alex/.m2/repository/io/netty/netty-common/4.1.69.Final/netty-common-4.1.69.Final.jar:/home/alex/.m2/repository/io/netty/netty-resolver/4.1.69.Final/netty-resolver-4.1.69.Final.jar:/home/alex/.m2/repository/io/netty/netty-transport/4.1.69.Final/netty-transport-4.1.69.Final.jar:/home/alex/.m2/repository/io/netty/netty-codec/4.1.69.Final/netty-codec-4.1.69.Final.jar:/home/alex/Repositories/nifi/nifi-nar-bundles/nifi-extension-utils/nifi-syslog-utils/target/classes:/home/alex/.m2/repository/com/github/palindromicity/simple-syslog-5424/0.0.16/simple-syslog-5424-0.0.16.jar:/home/alex/.m2/repository/org/antlr/antlr4-runtime/4.7.2/antlr4-runtime-4.7.2.jar:/home/alex/Repositories/nifi/nifi-commons/nifi-utils/target/classes:/home/alex/Repositories/nifi/nifi-commons/nifi-record-path/target/classes:/home/alex/Repositories/nifi/nifi-commons/nifi-properties/target/classes:/home/alex/Repositories/nifi/nifi-commons/nifi-property-utils/target/classes:/home/alex/.m2/repository/com/github/ben-manes/caffeine/caffeine/2.8.1/caffeine-2.8.1.jar:/home/alex/Repositories/nifi/nifi-nar-bundles/nifi-standard-services/nifi-ssl-context-service-api/target/classes:/home/alex/Repositories/nifi/nifi-commons/nifi-security-utils-api/target/classes:/home/alex/Repositories/nifi/nifi-nar-bundles/nifi-standard-services/nifi-lookup-service-api/target/classes:/home/alex/Repositories/nifi/nifi-commons/nifi-flowfile-packager/target/classes:/home/alex/Repositories/nifi/nifi-nar-bundles/nifi-standard-services/nifi-distributed-cache-client-service-api/target/classes:/home/alex/Repositories/nifi/nifi-nar-bundles/nifi-standard-services/nifi-http-context-map-api/target/classes:/home/alex/Repositories/nifi/nifi-nar-bundles/nifi-standard-services/nifi-record-serialization-service-api/target/classes:/home/alex/Repositories/nifi/nifi-nar-bundles/nifi-standard-services/nifi-proxy-configuration-api/target/classes:/home/alex/Repositories/nifi/nifi-commons/nifi-record/target/classes:/home/alex/Repositories/nifi/nifi-nar-bundles/nifi-standard-services/nifi-record-sink-api/target/classes:/home/alex/.m2/repository/commons-io/commons-io/2.10.0/commons-io-2.10.0.jar:/home/alex/.m2/repository/javax/ws/rs/javax.ws.rs-api/2.1/javax.ws.rs-api-2.1.jar:/home/alex/.m2/repository/commons-net/commons-net/3.6/commons-net-3.6.jar:/home/alex/.m2/repository/org/apache/commons/commons-compress/1.21/commons-compress-1.21.jar:/home/alex/.m2/repository/org/apache/commons/commons-lang3/3.9/commons-lang3-3.9.jar:/home/alex/.m2/repository/org/bouncycastle/bcprov-jdk15on/1.69/bcprov-jdk15on-1.69.jar:/home/alex/.m2/repository/org/bouncycastle/bcpg-jdk15on/1.69/bcpg-jdk15on-1.69.jar:/home/alex/.m2/repository/org/bouncycastle/bcpkix-jdk15on/1.69/bcpkix-jdk15on-1.69.jar:/home/alex/.m2/repository/org/bouncycastle/bcutil-jdk15on/1.69/bcutil-jdk15on-1.69.jar:/home/alex/.m2/repository/commons-codec/commons-codec/1.14/commons-codec-1.14.jar:/home/alex/Repositories/nifi/nifi-commons/nifi-security-utils/target/classes:/home/alex/Repositories/nifi/nifi-commons/nifi-security-kms/target/classes:/home/alex/.m2/repository/org/apache/commons/commons-configuration2/2.7/commons-configuration2-2.7.jar:/home/alex/.m2/repository/com/hierynomus/sshj/0.32.0/sshj-0.32.0.jar:/home/alex/.m2/repository/com/jcraft/jzlib/1.1.3/jzlib-1.1.3.jar:/home/alex/.m2/repository/com/hierynomus/asn-one/0.6.0/asn-one-0.6.0.jar:/home/alex/.m2/repository/net/i2p/crypto/eddsa/0.3.0/eddsa-0.3.0.jar:/home/alex/.m2/repository/org/eclipse/jetty/jetty-server/9.4.44.v20210927/jetty-server-9.4.44.v20210927.jar:/home/alex/.m2/repository/javax/servlet/javax.servlet-api/3.1.0/javax.servlet-api-3.1.0.jar:/home/alex/.m2/repository/org/eclipse/jetty/jetty-http/9.4.44.v20210927/jetty-http-9.4.44.v20210927.jar:/home/alex/.m2/repository/org/eclipse/jetty/jetty-util/9.4.44.v20210927/jetty-util-9.4.44.v20210927.jar:/home/alex/.m2/repository/org/eclipse/jetty/jetty-io/9.4.44.v20210927/jetty-io-9.4.44.v20210927.jar:/home/alex/.m2/repository/org/eclipse/jetty/jetty-servlet/9.4.44.v20210927/jetty-servlet-9.4.44.v20210927.jar:/home/alex/.m2/repository/org/eclipse/jetty/jetty-security/9.4.44.v20210927/jetty-security-9.4.44.v20210927.jar:/home/alex/.m2/repository/org/eclipse/jetty/jetty-util-ajax/9.4.44.v20210927/jetty-util-ajax-9.4.44.v20210927.jar:/home/alex/.m2/repository/org/apache/httpcomponents/httpclient/4.5.5/httpclient-4.5.5.jar:/home/alex/.m2/repository/commons-logging/commons-logging/1.2/commons-logging-1.2.jar:/home/alex/.m2/repository/org/apache/httpcomponents/httpcore/4.4.9/httpcore-4.4.9.jar:/home/alex/.m2/repository/jakarta/activation/jakarta.activation-api/2.0.1/jakarta.activation-api-2.0.1.jar:/home/alex/.m2/repository/com/sun/activation/jakarta.activation/2.0.1/jakarta.activation-2.0.1.jar:/home/alex/.m2/repository/jakarta/mail/jakarta.mail-api/2.0.1/jakarta.mail-api-2.0.1.jar:/home/alex/.m2/repository/com/sun/mail/jakarta.mail/2.0.1/jakarta.mail-2.0.1.jar:/home/alex/.m2/repository/com/github/jponge/lzma-java/1.3/lzma-java-1.3.jar:/home/alex/.m2/repository/org/tukaani/xz/1.8/xz-1.8.jar:/home/alex/.m2/repository/net/sf/saxon/Saxon-HE/10.6/Saxon-HE-10.6.jar:/home/alex/Repositories/nifi/nifi-commons/nifi-socket-utils/target/classes:/home/alex/Repositories/nifi/nifi-commons/nifi-logging-utils/target/classes:/home/alex/Repositories/nifi/nifi-nar-bundles/nifi-standard-services/nifi-load-distribution-service-api/target/classes:/home/alex/.m2/repository/javax/jms/javax.jms-api/2.0.1/javax.jms-api-2.0.1.jar:/home/alex/.m2/repository/org/apache/activemq/activemq-client/5.15.15/activemq-client-5.15.15.jar:/home/alex/.m2/repository/org/apache/geronimo/specs/geronimo-jms_1.1_spec/1.1.1/geronimo-jms_1.1_spec-1.1.1.jar:/home/alex/.m2/repository/org/fusesource/hawtbuf/hawtbuf/1.11/hawtbuf-1.11.jar:/home/alex/.m2/repository/org/apache/geronimo/specs/geronimo-j2ee-management_1.1_spec/1.0.1/geronimo-j2ee-management_1.1_spec-1.0.1.jar:/home/alex/.m2/repository/com/jayway/jsonpath/json-path/2.6.0/json-path-2.6.0.jar:/home/alex/.m2/repository/net/minidev/json-smart/2.4.7/json-smart-2.4.7.jar:/home/alex/.m2/repository/net/minidev/accessors-smart/2.4.7/accessors-smart-2.4.7.jar:/home/alex/.m2/repository/org/ow2/asm/asm/9.1/asm-9.1.jar:/home/alex/.m2/repository/org/apache/tika/tika-core/1.26/tika-core-1.26.jar:/home/alex/.m2/repository/com/fasterxml/jackson/core/jackson-databind/2.12.3/jackson-databind-2.12.3.jar:/home/alex/.m2/repository/com/fasterxml/jackson/core/jackson-annotations/2.12.3/jackson-annotations-2.12.3.jar:/home/alex/.m2/repository/com/fasterxml/jackson/core/jackson-core/2.12.3/jackson-core-2.12.3.jar:/home/alex/Repositories/nifi/nifi-nar-bundles/nifi-extension-utils/nifi-record-utils/nifi-avro-record-utils/target/classes:/home/alex/Repositories/nifi/nifi-nar-bundles/nifi-extension-utils/nifi-record-utils/nifi-standard-record-utils/target/classes:/home/alex/.m2/repository/org/apache/avro/avro/1.8.1/avro-1.8.1.jar:/home/alex/.m2/repository/org/codehaus/jackson/jackson-core-asl/1.9.13/jackson-core-asl-1.9.13.jar:/home/alex/.m2/repository/org/codehaus/jackson/jackson-mapper-asl/1.9.13/jackson-mapper-asl-1.9.13.jar:/home/alex/.m2/repository/com/thoughtworks/paranamer/paranamer/2.7/paranamer-2.7.jar:/home/alex/Repositories/nifi/nifi-nar-bundles/nifi-standard-services/nifi-dbcp-service-api/target/classes:/home/alex/.m2/repository/com/squareup/okhttp3/okhttp/4.9.2/okhttp-4.9.2.jar:/home/alex/.m2/repository/com/squareup/okio/okio/2.8.0/okio-2.8.0.jar:/home/alex/.m2/repository/org/jetbrains/kotlin/kotlin-stdlib-common/1.4.0/kotlin-stdlib-common-1.4.0.jar:/home/alex/.m2/repository/org/jetbrains/kotlin/kotlin-stdlib/1.4.10/kotlin-stdlib-1.4.10.jar:/home/alex/.m2/repository/org/jetbrains/annotations/13.0/annotations-13.0.jar:/home/alex/.m2/repository/io/github/rburgst/okhttp-digest/2.5/okhttp-digest-2.5.jar:/home/alex/.m2/repository/at/favre/lib/bcrypt/0.9.0/bcrypt-0.9.0.jar:/home/alex/.m2/repository/at/favre/lib/bytes/1.3.0/bytes-1.3.0.jar:/home/alex/.m2/repository/com/google/guava/guava/28.0-jre/guava-28.0-jre.jar:/home/alex/.m2/repository/com/google/guava/failureaccess/1.0.1/failureaccess-1.0.1.jar:/home/alex/.m2/repository/com/google/guava/listenablefuture/9999.0-empty-to-avoid-conflict-with-guava/listenablefuture-9999.0-empty-to-avoid-conflict-with-guava.jar:/home/alex/.m2/repository/com/google/code/findbugs/jsr305/3.0.2/jsr305-3.0.2.jar:/home/alex/.m2/repository/org/checkerframework/checker-qual/2.8.1/checker-qual-2.8.1.jar:/home/alex/.m2/repository/com/google/errorprone/error_prone_annotations/2.3.2/error_prone_annotations-2.3.2.jar:/home/alex/.m2/repository/com/google/j2objc/j2objc-annotations/1.3/j2objc-annotations-1.3.jar:/home/alex/.m2/repository/org/codehaus/mojo/animal-sniffer-annotations/1.17/animal-sniffer-annotations-1.17.jar:/home/alex/Repositories/nifi/nifi-mock/target/classes:/home/alex/Repositories/nifi/nifi-framework-api/target/classes:/home/alex/Repositories/nifi/nifi-nar-bundles/nifi-framework-bundle/nifi-framework/nifi-framework-core-api/target/classes:/home/alex/Repositories/nifi/nifi-nar-bundles/nifi-framework-bundle/nifi-framework/nifi-framework-nar-utils/target/classes:/home/alex/Repositories/nifi/nifi-nar-bundles/nifi-framework-bundle/nifi-framework/nifi-client-dto/target/classes:/home/alex/.m2/repository/io/swagger/swagger-annotations/1.6.0/swagger-annotations-1.6.0.jar:/home/alex/Repositories/nifi/nifi-commons/nifi-site-to-site-client/target/classes:/home/alex/.m2/repository/org/apache/httpcomponents/httpasyncclient/4.1.4/httpasyncclient-4.1.4.jar:/home/alex/.m2/repository/org/apache/httpcomponents/httpcore-nio/4.4.10/httpcore-nio-4.4.10.jar:/home/alex/Repositories/nifi/nifi-nar-bundles/nifi-framework-bundle/nifi-framework/nifi-framework-authorization/target/classes:/home/alex/Repositories/nifi/nifi-registry/nifi-registry-core/nifi-registry-data-model/target/classes:/home/alex/Repositories/nifi/nifi-registry/nifi-registry-core/nifi-registry-revision/nifi-registry-revision-entity-model/target/classes:/home/alex/Repositories/nifi/nifi-registry/nifi-registry-core/nifi-registry-client/target/classes:/home/alex/Repositories/nifi/nifi-registry/nifi-registry-core/nifi-registry-security-utils/target/classes:/home/alex/.m2/repository/org/glassfish/jersey/core/jersey-client/2.33/jersey-client-2.33.jar:/home/alex/.m2/repository/jakarta/ws/rs/jakarta.ws.rs-api/2.1.6/jakarta.ws.rs-api-2.1.6.jar:/home/alex/.m2/repository/org/glassfish/hk2/external/jakarta.inject/2.6.1/jakarta.inject-2.6.1.jar:/home/alex/.m2/repository/org/glassfish/jersey/media/jersey-media-json-jackson/2.33/jersey-media-json-jackson-2.33.jar:/home/alex/.m2/repository/org/glassfish/jersey/ext/jersey-entity-filtering/2.33/jersey-entity-filtering-2.33.jar:/home/alex/.m2/repository/org/glassfish/jersey/inject/jersey-hk2/2.33/jersey-hk2-2.33.jar:/home/alex/.m2/repository/org/glassfish/hk2/hk2-locator/2.6.1/hk2-locator-2.6.1.jar:/home/alex/.m2/repository/org/glassfish/hk2/external/aopalliance-repackaged/2.6.1/aopalliance-repackaged-2.6.1.jar:/home/alex/.m2/repository/org/glassfish/hk2/hk2-api/2.6.1/hk2-api-2.6.1.jar:/home/alex/.m2/repository/org/glassfish/hk2/hk2-utils/2.6.1/hk2-utils-2.6.1.jar:/home/alex/.m2/repository/org/javassist/javassist/3.25.0-GA/javassist-3.25.0-GA.jar:/home/alex/.m2/repository/org/glassfish/jersey/core/jersey-common/2.33/jersey-common-2.33.jar:/home/alex/.m2/repository/jakarta/annotation/jakarta.annotation-api/1.3.5/jakarta.annotation-api-1.3.5.jar:/home/alex/.m2/repository/org/glassfish/hk2/osgi-resource-locator/1.0.3/osgi-resource-locator-1.0.3.jar:/home/alex/.m2/repository/org/glassfish/jersey/media/jersey-media-multipart/2.33/jersey-media-multipart-2.33.jar:/home/alex/.m2/repository/org/jvnet/mimepull/mimepull/1.9.13/mimepull-1.9.13.jar:/home/alex/Repositories/nifi/nifi-commons/nifi-data-provenance-utils/target/classes:/home/alex/Repositories/nifi/nifi-nar-bundles/nifi-standard-services/nifi-distributed-cache-services-bundle/nifi-distributed-cache-client-service/target/classes:/home/alex/Repositories/nifi/nifi-nar-bundles/nifi-standard-services/nifi-distributed-cache-services-bundle/nifi-distributed-cache-protocol/target/classes:/home/alex/.m2/repository/io/netty/netty-buffer/4.1.69.Final/netty-buffer-4.1.69.Final.jar:/home/alex/.m2/repository/com/google/http-client/google-http-client/1.28.0/google-http-client-1.28.0.jar:/home/alex/.m2/repository/io/opencensus/opencensus-api/0.18.0/opencensus-api-0.18.0.jar:/home/alex/.m2/repository/io/grpc/grpc-context/1.14.0/grpc-context-1.14.0.jar:/home/alex/.m2/repository/io/opencensus/opencensus-contrib-http-util/0.18.0/opencensus-contrib-http-util-0.18.0.jar:/home/alex/.m2/repository/org/apache/activemq/activemq-broker/5.15.14/activemq-broker-5.15.14.jar:/home/alex/.m2/repository/org/apache/activemq/activemq-openwire-legacy/5.15.14/activemq-openwire-legacy-5.15.14.jar:/home/alex/Repositories/nifi/nifi-nar-bundles/nifi-standard-services/nifi-ssl-context-bundle/nifi-ssl-context-service/target/classes:/home/alex/Repositories/nifi/nifi-nar-bundles/nifi-framework-bundle/nifi-framework/nifi-standard-prioritizers/target/classes:/home/alex/Repositories/nifi/nifi-nar-bundles/nifi-extension-utils/nifi-record-utils/nifi-mock-record-utils/target/classes:/home/alex/Repositories/nifi/nifi-nar-bundles/nifi-standard-services/nifi-record-serialization-services-bundle/nifi-record-serialization-services/target/classes:/home/alex/.m2/repository/org/apache/commons/commons-csv/1.8/commons-csv-1.8.jar:/home/alex/.m2/repository/com/fasterxml/jackson/dataformat/jackson-dataformat-csv/2.12.3/jackson-dataformat-csv-2.12.3.jar:/home/alex/.m2/repository/net/java/dev/stax-utils/stax-utils/20070216/stax-utils-20070216.jar:/home/alex/Repositories/nifi/nifi-nar-bundles/nifi-standard-services/nifi-lookup-services-bundle/nifi-lookup-services/target/classes:/home/alex/.m2/repository/commons-beanutils/commons-beanutils/1.9.4/commons-beanutils-1.9.4.jar:/home/alex/.m2/repository/commons-collections/commons-collections/3.2.2/commons-collections-3.2.2.jar:/home/alex/.m2/repository/com/maxmind/geoip2/geoip2/2.12.0/geoip2-2.12.0.jar:/home/alex/.m2/repository/com/maxmind/db/maxmind-db/1.2.2/maxmind-db-1.2.2.jar:/home/alex/.m2/repository/org/apache/derby/derby/10.14.2.0/derby-10.14.2.0.jar:/home/alex/.m2/repository/org/xerial/snappy/snappy-java/1.1.7.3/snappy-java-1.1.7.3.jar:/home/alex/.m2/repository/net/lingala/zip4j/zip4j/2.8.0/zip4j-2.8.0.jar:/home/alex/.m2/repository/com/h2database/h2/1.4.187/h2-1.4.187.jar:/home/alex/.m2/repository/org/mockftpserver/MockFtpServer/2.7.1/MockFtpServer-2.7.1.jar:/home/alex/.m2/repository/org/apache/sshd/sshd-core/1.7.0/sshd-core-1.7.0.jar:/home/alex/.m2/repository/com/bazaarvoice/jolt/jolt-core/0.1.1/jolt-core-0.1.1.jar:/home/alex/.m2/repository/javax/inject/javax.inject/1/javax.inject-1.jar:/home/alex/.m2/repository/com/bazaarvoice/jolt/json-utils/0.1.1/json-utils-0.1.1.jar:/home/alex/Repositories/nifi/nifi-nar-bundles/nifi-standard-bundle/nifi-standard-utils/target/classes:/home/alex/.m2/repository/net/sf/supercsv/super-csv/2.4.0/super-csv-2.4.0.jar:/home/alex/.m2/repository/com/fluenda/parcefone/2.1.0/parcefone-2.1.0.jar:/home/alex/.m2/repository/javax/validation/validation-api/1.1.0.Final/validation-api-1.1.0.Final.jar:/home/alex/.m2/repository/javax/el/javax.el-api/3.0.0/javax.el-api-3.0.0.jar:/home/alex/.m2/repository/com/github/wnameless/json/json-flattener/0.12.0/json-flattener-0.12.0.jar:/home/alex/.m2/repository/com/github/wnameless/json/json-base/2.0.0/json-base-2.0.0.jar:/home/alex/.m2/repository/org/apache/bval/bval-jsr/1.1.2/bval-jsr-1.1.2.jar:/home/alex/.m2/repository/org/apache/bval/bval-core/1.1.2/bval-core-1.1.2.jar:/home/alex/.m2/repository/io/krakens/java-grok/0.1.9/java-grok-0.1.9.jar:/home/alex/.m2/repository/org/apache/calcite/calcite-core/1.27.0/calcite-core-1.27.0.jar:/home/alex/.m2/repository/org/apache/calcite/calcite-linq4j/1.27.0/calcite-linq4j-1.27.0.jar:/home/alex/.m2/repository/com/esri/geometry/esri-geometry-api/2.2.0/esri-geometry-api-2.2.0.jar:/home/alex/.m2/repository/org/apache/calcite/avatica/avatica-core/1.18.0/avatica-core-1.18.0.jar:/home/alex/.m2/repository/org/apache/calcite/avatica/avatica-metrics/1.18.0/avatica-metrics-1.18.0.jar:/home/alex/.m2/repository/com/google/protobuf/protobuf-java/3.6.1/protobuf-java-3.6.1.jar:/home/alex/.m2/repository/org/apiguardian/apiguardian-api/1.1.0/apiguardian-api-1.1.0.jar:/home/alex/.m2/repository/com/fasterxml/jackson/dataformat/jackson-dataformat-yaml/2.10.0/jackson-dataformat-yaml-2.10.0.jar:/home/alex/.m2/repository/org/yaml/snakeyaml/1.29/snakeyaml-1.29.jar:/home/alex/.m2/repository/com/google/uzaygezen/uzaygezen-core/0.2/uzaygezen-core-0.2.jar:/home/alex/.m2/repository/com/yahoo/datasketches/sketches-core/0.9.0/sketches-core-0.9.0.jar:/home/alex/.m2/repository/com/yahoo/datasketches/memory/0.9.0/memory-0.9.0.jar:/home/alex/.m2/repository/net/hydromatic/aggdesigner-algorithm/6.0/aggdesigner-algorithm-6.0.jar:/home/alex/.m2/repository/commons-lang/commons-lang/2.4/commons-lang-2.4.jar:/home/alex/.m2/repository/org/apache/commons/commons-dbcp2/2.6.0/commons-dbcp2-2.6.0.jar:/home/alex/.m2/repository/org/apache/commons/commons-pool2/2.6.1/commons-pool2-2.6.1.jar:/home/alex/.m2/repository/org/codehaus/janino/commons-compiler/3.0.11/commons-compiler-3.0.11.jar:/home/alex/.m2/repository/org/codehaus/janino/janino/3.0.11/janino-3.0.11.jar:/home/alex/Repositories/nifi/nifi-nar-bundles/nifi-standard-services/nifi-schema-registry-service-api/target/classes:/home/alex/Repositories/nifi/nifi-nar-bundles/nifi-extension-utils/nifi-database-utils/target/classes:/home/alex/Repositories/nifi/nifi-nar-bundles/nifi-standard-bundle/nifi-standard-web-test-utils/target/classes:/home/alex/.m2/repository/com/github/stefanbirkner/fake-sftp-server-rule/2.0.1/fake-sftp-server-rule-2.0.1.jar:/home/alex/.m2/repository/com/github/marschall/memoryfilesystem/2.8.0/memoryfilesystem-2.8.0.jar:/home/alex/.m2/repository/junit/junit/4.13.2/junit-4.13.2.jar:/home/alex/.m2/repository/org/hamcrest/hamcrest-core/1.3/hamcrest-core-1.3.jar:/home/alex/Repositories/nifi/nifi-nar-bundles/nifi-extension-utils/nifi-database-test-utils/target/classes:/home/alex/.m2/repository/org/codehaus/groovy/groovy-json/2.5.14/groovy-json-2.5.14.jar:/home/alex/.m2/repository/org/codehaus/groovy/groovy/2.5.14/groovy-2.5.14.jar:/home/alex/.m2/repository/org/codehaus/groovy/groovy-servlet/2.5.14/groovy-servlet-2.5.14.jar:/home/alex/.m2/repository/org/codehaus/groovy/groovy-templates/2.5.14/groovy-templates-2.5.14.jar:/home/alex/.m2/repository/org/codehaus/groovy/groovy-xml/2.5.14/groovy-xml-2.5.14.jar:/home/alex/.m2/repository/org/hamcrest/hamcrest-all/1.3/hamcrest-all-1.3.jar:/home/alex/.m2/repository/com/squareup/okhttp3/mockwebserver/4.9.2/mockwebserver-4.9.2.jar:/home/alex/.m2/repository/org/jetbrains/kotlin/kotlin-stdlib-jdk8/1.4.10/kotlin-stdlib-jdk8-1.4.10.jar:/home/alex/.m2/repository/org/jetbrains/kotlin/kotlin-stdlib-jdk7/1.4.10/kotlin-stdlib-jdk7-1.4.10.jar:/home/alex/.m2/repository/org/mockito/mockito-inline/3.12.4/mockito-inline-3.12.4.jar:/home/alex/.m2/repository/org/junit/jupiter/junit-jupiter-api/5.7.2/junit-jupiter-api-5.7.2.jar:/home/alex/.m2/repository/org/opentest4j/opentest4j/1.2.0/opentest4j-1.2.0.jar:/home/alex/.m2/repository/org/junit/platform/junit-platform-commons/1.7.2/junit-platform-commons-1.7.2.jar:/home/alex/.m2/repository/org/junit/jupiter/junit-jupiter-engine/5.7.2/junit-jupiter-engine-5.7.2.jar:/home/alex/.m2/repository/org/junit/platform/junit-platform-engine/1.7.2/junit-platform-engine-1.7.2.jar:/home/alex/.m2/repository/org/junit/vintage/junit-vintage-engine/5.7.2/junit-vintage-engine-5.7.2.jar:/home/alex/.m2/repository/org/junit/jupiter/junit-jupiter-params/5.7.2/junit-jupiter-params-5.7.2.jar:/home/alex/.m2/repository/org/mockito/mockito-core/3.11.2/mockito-core-3.11.2.jar:/home/alex/.m2/repository/net/bytebuddy/byte-buddy/1.11.3/byte-buddy-1.11.3.jar:/home/alex/.m2/repository/net/bytebuddy/byte-buddy-agent/1.11.3/byte-buddy-agent-1.11.3.jar:/home/alex/.m2/repository/org/objenesis/objenesis/3.2/objenesis-3.2.jar:/home/alex/.m2/repository/org/mockito/mockito-junit-jupiter/3.11.2/mockito-junit-jupiter-3.11.2.jar:/home/alex/.m2/repository/org/slf4j/slf4j-simple/1.7.32/slf4j-simple-1.7.32.jar:/home/alex/.m2/repository/org/codehaus/groovy/groovy-test/2.5.14/groovy-test-2.5.14.jar:"/>
    <property name="sun.cpu.endian" value="little"/>
    <property name="user.home" value="/home/alex"/>
    <property name="user.language" value="en"/>
    <property name="java.specification.vendor" value="Oracle Corporation"/>
    <property name="java.home" value="/usr/lib/jvm/java-8-openjdk-amd64/jre"/>
    <property name="basedir" value="/home/alex/Repositories/nifi/nifi-nar-bundles/nifi-standard-bundle/nifi-standard-processors"/>
    <property name="file.separator" value="/"/>
    <property name="line.separator" value="&#10;"/>
    <property name="java.vm.specification.vendor" value="Oracle Corporation"/>
    <property name="java.specification.name" value="Java Platform API Specification"/>
    <property name="derby.stream.error.file" value="target/derby.log"/>
    <property name="javax.xml.xpath.XPathFactory:http://saxon.sf.net/jaxp/xpath/om" value="net.sf.saxon.xpath.XPathFactoryImpl"/>
    <property name="java.awt.graphicsenv" value="sun.awt.X11GraphicsEnvironment"/>
    <property name="org.slf4j.simpleLogger.log.org.apache.nifi.processors.standard.SQLTransform" value="debug"/>
    <property name="java.awt.headless" value="true"/>
    <property name="org.slf4j.simpleLogger.log.nifi.processors.standard.ExecuteSQLRecord" value="debug"/>
    <property name="org.slf4j.simpleLogger.showDateTime" value="true"/>
    <property name="surefire.real.class.path" value="/home/alex/Repositories/nifi/nifi-nar-bundles/nifi-standard-bundle/nifi-standard-processors/target/surefire/surefirebooter262180563015504354.jar"/>
    <property name="sun.boot.class.path" value="/usr/lib/jvm/java-8-openjdk-amd64/jre/lib/resources.jar:/usr/lib/jvm/java-8-openjdk-amd64/jre/lib/rt.jar:/usr/lib/jvm/java-8-openjdk-amd64/jre/lib/sunrsasign.jar:/usr/lib/jvm/java-8-openjdk-amd64/jre/lib/jsse.jar:/usr/lib/jvm/java-8-openjdk-amd64/jre/lib/jce.jar:/usr/lib/jvm/java-8-openjdk-amd64/jre/lib/charsets.jar:/usr/lib/jvm/java-8-openjdk-amd64/jre/lib/jfr.jar:/usr/lib/jvm/java-8-openjdk-amd64/jre/classes"/>
    <property name="sun.management.compiler" value="HotSpot 64-Bit Tiered Compilers"/>
    <property name="org.slf4j.simpleLogger.log.nifi.processors.standard.TestExecuteSQL" value="debug"/>
    <property name="java.runtime.version" value="1.8.0_402-8u402-ga-2ubuntu1~22.04-b06"/>
    <property name="java.net.preferIPv4Stack" value="true"/>
    <property name="user.name" value="alex"/>
    <property name="path.separator" value=":"/>
    <property name="os.version" value="6.5.0-28-generic"/>
    <property name="java.endorsed.dirs" value="/usr/lib/jvm/java-8-openjdk-amd64/jre/lib/endorsed"/>
    <property name="java.runtime.name" value="OpenJDK Runtime Environment"/>
    <property name="file.encoding" value="UTF-8"/>
    <property name="org.slf4j.simpleLogger.log.org.apache.nifi.processors.standard" value="TRACE"/>
    <property name="org.slf4j.simpleLogger.log.nifi.processors.standard.ExecuteSQL" value="debug"/>
    <property name="sun.nio.ch.bugLevel" value=""/>
    <property name="java.vm.name" value="OpenJDK 64-Bit Server VM"/>
    <property name="localRepository" value="/home/alex/.m2/repository"/>
    <property name="java.vendor.url.bug" value="http://bugreport.sun.com/bugreport/"/>
    <property name="java.io.tmpdir" value="/tmp"/>
    <property name="java.version" value="1.8.0_402"/>
    <property name="user.dir" value="/home/alex/Repositories/nifi/nifi-nar-bundles/nifi-standard-bundle/nifi-standard-processors"/>
    <property name="org.slf4j.simpleLogger.log.nifi.processors.standard.TestDetectDuplicate" value="debug"/>
    <property name="os.arch" value="amd64"/>
    <property name="java.vm.specification.name" value="Java Virtual Machine Specification"/>
    <property name="java.awt.printerjob" value="sun.print.PSPrinterJob"/>
    <property name="sun.os.patch.level" value="unknown"/>
    <property name="org.slf4j.simpleLogger.defaultLogLevel" value="info"/>
    <property name="java.library.path" value="/usr/java/packages/lib/amd64:/usr/lib/x86_64-linux-gnu/jni:/lib/x86_64-linux-gnu:/usr/lib/x86_64-linux-gnu:/usr/lib/jni:/lib:/usr/lib"/>
    <property name="java.vm.info" value="mixed mode"/>
    <property name="java.vendor" value="Private Build"/>
    <property name="java.vm.version" value="25.402-b06"/>
    <property name="org.slf4j.simpleLogger.log.nifi.processors.standard.DetectDuplicate" value="debug"/>
    <property name="java.specification.maintenance.version" value="5"/>
    <property name="java.ext.dirs" value="/usr/lib/jvm/java-8-openjdk-amd64/jre/lib/ext:/usr/java/packages/lib/ext"/>
    <property name="sun.io.unicode.encoding" value="UnicodeLittle"/>
    <property name="java.class.version" value="52.0"/>
  </properties>
  <testcase name="testWithOutputBatching" classname="org.apache.nifi.processors.standard.TestExecuteSQL" time="1.807">
    <system-err><![CDATA[[org.apache.nifi.processors.standard.ListenUDP [7377e4c2-c32b-443a-a7cc-c8ae76ffbbca]] ERROR org.apache.nifi.processors.standard.ListenUDP - ListenUDP[id=7377e4c2-c32b-443a-a7cc-c8ae76ffbbca] Internal queue at maximum capacity, could not queue event
[org.apache.nifi.processors.standard.ListenUDP [7377e4c2-c32b-443a-a7cc-c8ae76ffbbca]] ERROR org.apache.nifi.processors.standard.ListenUDP - ListenUDP[id=7377e4c2-c32b-443a-a7cc-c8ae76ffbbca] Internal queue at maximum capacity, could not queue event
[org.apache.nifi.processors.standard.ListenUDP [7377e4c2-c32b-443a-a7cc-c8ae76ffbbca]] ERROR org.apache.nifi.processors.standard.ListenUDP - ListenUDP[id=7377e4c2-c32b-443a-a7cc-c8ae76ffbbca] Internal queue at maximum capacity, could not queue event
[org.apache.nifi.processors.standard.ListenUDP [7377e4c2-c32b-443a-a7cc-c8ae76ffbbca]] ERROR org.apache.nifi.processors.standard.ListenUDP - ListenUDP[id=7377e4c2-c32b-443a-a7cc-c8ae76ffbbca] Internal queue at maximum capacity, could not queue event
[org.apache.nifi.processors.standard.ListenUDP [7377e4c2-c32b-443a-a7cc-c8ae76ffbbca]] ERROR org.apache.nifi.processors.standard.ListenUDP - ListenUDP[id=7377e4c2-c32b-443a-a7cc-c8ae76ffbbca] Internal queue at maximum capacity, could not queue event
[org.apache.nifi.processors.standard.ListenUDP [7377e4c2-c32b-443a-a7cc-c8ae76ffbbca]] ERROR org.apache.nifi.processors.standard.ListenUDP - ListenUDP[id=7377e4c2-c32b-443a-a7cc-c8ae76ffbbca] Internal queue at maximum capacity, could not queue event
[org.apache.nifi.processors.standard.ListenUDP [7377e4c2-c32b-443a-a7cc-c8ae76ffbbca]] ERROR org.apache.nifi.processors.standard.ListenUDP - ListenUDP[id=7377e4c2-c32b-443a-a7cc-c8ae76ffbbca] Internal queue at maximum capacity, could not queue event
[org.apache.nifi.processors.standard.ListenUDP [7377e4c2-c32b-443a-a7cc-c8ae76ffbbca]] ERROR org.apache.nifi.processors.standard.ListenUDP - ListenUDP[id=7377e4c2-c32b-443a-a7cc-c8ae76ffbbca] Internal queue at maximum capacity, could not queue event
[org.apache.nifi.processors.standard.ListenUDP [7377e4c2-c32b-443a-a7cc-c8ae76ffbbca]] ERROR org.apache.nifi.processors.standard.ListenUDP - ListenUDP[id=7377e4c2-c32b-443a-a7cc-c8ae76ffbbca] Internal queue at maximum capacity, could not queue event
[org.apache.nifi.processors.standard.ListenUDP [7377e4c2-c32b-443a-a7cc-c8ae76ffbbca]] ERROR org.apache.nifi.processors.standard.ListenUDP - ListenUDP[id=7377e4c2-c32b-443a-a7cc-c8ae76ffbbca] Internal queue at maximum capacity, could not queue event
[org.apache.nifi.processors.standard.ListenUDP [7377e4c2-c32b-443a-a7cc-c8ae76ffbbca]] ERROR org.apache.nifi.processors.standard.ListenUDP - ListenUDP[id=7377e4c2-c32b-443a-a7cc-c8ae76ffbbca] Internal queue at maximum capacity, could not queue event
[org.apache.nifi.processors.standard.ListenUDP [7377e4c2-c32b-443a-a7cc-c8ae76ffbbca]] ERROR org.apache.nifi.processors.standard.ListenUDP - ListenUDP[id=7377e4c2-c32b-443a-a7cc-c8ae76ffbbca] Internal queue at maximum capacity, could not queue event
[org.apache.nifi.processors.standard.ListenUDP [7377e4c2-c32b-443a-a7cc-c8ae76ffbbca]] ERROR org.apache.nifi.processors.standard.ListenUDP - ListenUDP[id=7377e4c2-c32b-443a-a7cc-c8ae76ffbbca] Internal queue at maximum capacity, could not queue event
[pool-1916-thread-1] DEBUG org.apache.nifi.processors.standard.ExecuteSQL - ExecuteSQL[id=65eacc74-8f67-4c35-ae19-803a9b1231b6] Executing query SELECT * FROM TEST_NULL_INT
[pool-1916-thread-1] INFO org.apache.nifi.processors.standard.ExecuteSQL - ExecuteSQL[id=65eacc74-8f67-4c35-ae19-803a9b1231b6] FlowFile[0,93394032563548.mockFlowFile,286B] contains 5 records; transferring to 'success'
[pool-1916-thread-1] INFO org.apache.nifi.processors.standard.ExecuteSQL - ExecuteSQL[id=65eacc74-8f67-4c35-ae19-803a9b1231b6] FlowFile[1,93394033658082.mockFlowFile,286B] contains 5 records; transferring to 'success'
[pool-1916-thread-1] INFO org.apache.nifi.processors.standard.ExecuteSQL - ExecuteSQL[id=65eacc74-8f67-4c35-ae19-803a9b1231b6] FlowFile[2,93394033799180.mockFlowFile,286B] contains 5 records; transferring to 'success'
[pool-1916-thread-1] INFO org.apache.nifi.processors.standard.ExecuteSQL - ExecuteSQL[id=65eacc74-8f67-4c35-ae19-803a9b1231b6] FlowFile[3,93394033898080.mockFlowFile,286B] contains 5 records; transferring to 'success'
[pool-1916-thread-1] INFO org.apache.nifi.processors.standard.ExecuteSQL - ExecuteSQL[id=65eacc74-8f67-4c35-ae19-803a9b1231b6] FlowFile[4,93394034002765.mockFlowFile,286B] contains 5 records; transferring to 'success'
[pool-1916-thread-1] INFO org.apache.nifi.processors.standard.ExecuteSQL - ExecuteSQL[id=65eacc74-8f67-4c35-ae19-803a9b1231b6] FlowFile[5,93394034188483.mockFlowFile,286B] contains 5 records; transferring to 'success'
[pool-1916-thread-1] INFO org.apache.nifi.processors.standard.ExecuteSQL - ExecuteSQL[id=65eacc74-8f67-4c35-ae19-803a9b1231b6] FlowFile[6,93394034284044.mockFlowFile,286B] contains 5 records; transferring to 'success'
[pool-1916-thread-1] INFO org.apache.nifi.processors.standard.ExecuteSQL - ExecuteSQL[id=65eacc74-8f67-4c35-ae19-803a9b1231b6] FlowFile[7,93394034381552.mockFlowFile,286B] contains 5 records; transferring to 'success'
[pool-1916-thread-1] INFO org.apache.nifi.processors.standard.ExecuteSQL - ExecuteSQL[id=65eacc74-8f67-4c35-ae19-803a9b1231b6] FlowFile[8,93394034481232.mockFlowFile,286B] contains 5 records; transferring to 'success'
[pool-1916-thread-1] INFO org.apache.nifi.processors.standard.ExecuteSQL - ExecuteSQL[id=65eacc74-8f67-4c35-ae19-803a9b1231b6] FlowFile[9,93394034628678.mockFlowFile,286B] contains 5 records; transferring to 'success'
[pool-1916-thread-1] INFO org.apache.nifi.processors.standard.ExecuteSQL - ExecuteSQL[id=65eacc74-8f67-4c35-ae19-803a9b1231b6] FlowFile[10,93394034738060.mockFlowFile,286B] contains 5 records; transferring to 'success'
[pool-1916-thread-1] INFO org.apache.nifi.processors.standard.ExecuteSQL - ExecuteSQL[id=65eacc74-8f67-4c35-ae19-803a9b1231b6] FlowFile[11,93394034832322.mockFlowFile,286B] contains 5 records; transferring to 'success'
[pool-1916-thread-1] INFO org.apache.nifi.processors.standard.ExecuteSQL - ExecuteSQL[id=65eacc74-8f67-4c35-ae19-803a9b1231b6] FlowFile[12,93394034945790.mockFlowFile,287B] contains 5 records; transferring to 'success'
[pool-1916-thread-1] INFO org.apache.nifi.processors.standard.ExecuteSQL - ExecuteSQL[id=65eacc74-8f67-4c35-ae19-803a9b1231b6] FlowFile[13,93394035060497.mockFlowFile,291B] contains 5 records; transferring to 'success'
[pool-1916-thread-1] INFO org.apache.nifi.processors.standard.ExecuteSQL - ExecuteSQL[id=65eacc74-8f67-4c35-ae19-803a9b1231b6] FlowFile[14,93394035168203.mockFlowFile,291B] contains 5 records; transferring to 'success'
[pool-1916-thread-1] INFO org.apache.nifi.processors.standard.ExecuteSQL - ExecuteSQL[id=65eacc74-8f67-4c35-ae19-803a9b1231b6] FlowFile[15,93394035286599.mockFlowFile,291B] contains 5 records; transferring to 'success'
[pool-1916-thread-1] INFO org.apache.nifi.processors.standard.ExecuteSQL - ExecuteSQL[id=65eacc74-8f67-4c35-ae19-803a9b1231b6] FlowFile[16,93394035396535.mockFlowFile,291B] contains 5 records; transferring to 'success'
[pool-1916-thread-1] INFO org.apache.nifi.processors.standard.ExecuteSQL - ExecuteSQL[id=65eacc74-8f67-4c35-ae19-803a9b1231b6] FlowFile[17,93394035500155.mockFlowFile,291B] contains 5 records; transferring to 'success'
[pool-1916-thread-1] INFO org.apache.nifi.processors.standard.ExecuteSQL - ExecuteSQL[id=65eacc74-8f67-4c35-ae19-803a9b1231b6] FlowFile[18,93394035595839.mockFlowFile,291B] contains 5 records; transferring to 'success'
[pool-1916-thread-1] INFO org.apache.nifi.processors.standard.ExecuteSQL - ExecuteSQL[id=65eacc74-8f67-4c35-ae19-803a9b1231b6] FlowFile[19,93394035701337.mockFlowFile,291B] contains 5 records; transferring to 'success'
[pool-1916-thread-1] INFO org.apache.nifi.processors.standard.ExecuteSQL - ExecuteSQL[id=65eacc74-8f67-4c35-ae19-803a9b1231b6] FlowFile[20,93394035820975.mockFlowFile,291B] contains 5 records; transferring to 'success'
[pool-1916-thread-1] INFO org.apache.nifi.processors.standard.ExecuteSQL - ExecuteSQL[id=65eacc74-8f67-4c35-ae19-803a9b1231b6] FlowFile[21,93394035930834.mockFlowFile,291B] contains 5 records; transferring to 'success'
[pool-1916-thread-1] INFO org.apache.nifi.processors.standard.ExecuteSQL - ExecuteSQL[id=65eacc74-8f67-4c35-ae19-803a9b1231b6] FlowFile[22,93394036039857.mockFlowFile,291B] contains 5 records; transferring to 'success'
[pool-1916-thread-1] INFO org.apache.nifi.processors.standard.ExecuteSQL - ExecuteSQL[id=65eacc74-8f67-4c35-ae19-803a9b1231b6] FlowFile[23,93394036144928.mockFlowFile,291B] contains 5 records; transferring to 'success'
[pool-1916-thread-1] INFO org.apache.nifi.processors.standard.ExecuteSQL - ExecuteSQL[id=65eacc74-8f67-4c35-ae19-803a9b1231b6] FlowFile[24,93394036256853.mockFlowFile,291B] contains 5 records; transferring to 'success'
[pool-1916-thread-1] INFO org.apache.nifi.processors.standard.ExecuteSQL - ExecuteSQL[id=65eacc74-8f67-4c35-ae19-803a9b1231b6] FlowFile[25,93394036373657.mockFlowFile,291B] contains 5 records; transferring to 'success'
[pool-1916-thread-1] INFO org.apache.nifi.processors.standard.ExecuteSQL - ExecuteSQL[id=65eacc74-8f67-4c35-ae19-803a9b1231b6] FlowFile[26,93394036646598.mockFlowFile,291B] contains 5 records; transferring to 'success'
[pool-1916-thread-1] INFO org.apache.nifi.processors.standard.ExecuteSQL - ExecuteSQL[id=65eacc74-8f67-4c35-ae19-803a9b1231b6] FlowFile[27,93394036780157.mockFlowFile,291B] contains 5 records; transferring to 'success'
[pool-1916-thread-1] INFO org.apache.nifi.processors.standard.ExecuteSQL - ExecuteSQL[id=65eacc74-8f67-4c35-ae19-803a9b1231b6] FlowFile[28,93394036894236.mockFlowFile,291B] contains 5 records; transferring to 'success'
[pool-1916-thread-1] INFO org.apache.nifi.processors.standard.ExecuteSQL - ExecuteSQL[id=65eacc74-8f67-4c35-ae19-803a9b1231b6] FlowFile[29,93394037004854.mockFlowFile,291B] contains 5 records; transferring to 'success'
[pool-1916-thread-1] INFO org.apache.nifi.processors.standard.ExecuteSQL - ExecuteSQL[id=65eacc74-8f67-4c35-ae19-803a9b1231b6] FlowFile[30,93394037121102.mockFlowFile,291B] contains 5 records; transferring to 'success'
[pool-1916-thread-1] INFO org.apache.nifi.processors.standard.ExecuteSQL - ExecuteSQL[id=65eacc74-8f67-4c35-ae19-803a9b1231b6] FlowFile[31,93394037223268.mockFlowFile,291B] contains 5 records; transferring to 'success'
[pool-1916-thread-1] INFO org.apache.nifi.processors.standard.ExecuteSQL - ExecuteSQL[id=65eacc74-8f67-4c35-ae19-803a9b1231b6] FlowFile[32,93394037505288.mockFlowFile,291B] contains 5 records; transferring to 'success'
[pool-1916-thread-1] INFO org.apache.nifi.processors.standard.ExecuteSQL - ExecuteSQL[id=65eacc74-8f67-4c35-ae19-803a9b1231b6] FlowFile[33,93394037635971.mockFlowFile,291B] contains 5 records; transferring to 'success'
[pool-1916-thread-1] INFO org.apache.nifi.processors.standard.ExecuteSQL - ExecuteSQL[id=65eacc74-8f67-4c35-ae19-803a9b1231b6] FlowFile[34,93394037756145.mockFlowFile,291B] contains 5 records; transferring to 'success'
[pool-1916-thread-1] INFO org.apache.nifi.processors.standard.ExecuteSQL - ExecuteSQL[id=65eacc74-8f67-4c35-ae19-803a9b1231b6] FlowFile[35,93394037865472.mockFlowFile,291B] contains 5 records; transferring to 'success'
[pool-1916-thread-1] INFO org.apache.nifi.processors.standard.ExecuteSQL - ExecuteSQL[id=65eacc74-8f67-4c35-ae19-803a9b1231b6] FlowFile[36,93394037971216.mockFlowFile,291B] contains 5 records; transferring to 'success'
[pool-1916-thread-1] INFO org.apache.nifi.processors.standard.ExecuteSQL - ExecuteSQL[id=65eacc74-8f67-4c35-ae19-803a9b1231b6] FlowFile[37,93394038070192.mockFlowFile,291B] contains 5 records; transferring to 'success'
[pool-1916-thread-1] INFO org.apache.nifi.processors.standard.ExecuteSQL - ExecuteSQL[id=65eacc74-8f67-4c35-ae19-803a9b1231b6] FlowFile[38,93394038193598.mockFlowFile,291B] contains 5 records; transferring to 'success'
[pool-1916-thread-1] INFO org.apache.nifi.processors.standard.ExecuteSQL - ExecuteSQL[id=65eacc74-8f67-4c35-ae19-803a9b1231b6] FlowFile[39,93394038308038.mockFlowFile,291B] contains 5 records; transferring to 'success'
[pool-1916-thread-1] INFO org.apache.nifi.processors.standard.ExecuteSQL - ExecuteSQL[id=65eacc74-8f67-4c35-ae19-803a9b1231b6] FlowFile[40,93394038419405.mockFlowFile,291B] contains 5 records; transferring to 'success'
[pool-1916-thread-1] INFO org.apache.nifi.processors.standard.ExecuteSQL - ExecuteSQL[id=65eacc74-8f67-4c35-ae19-803a9b1231b6] FlowFile[41,93394038512897.mockFlowFile,291B] contains 5 records; transferring to 'success'
[pool-1916-thread-1] INFO org.apache.nifi.processors.standard.ExecuteSQL - ExecuteSQL[id=65eacc74-8f67-4c35-ae19-803a9b1231b6] FlowFile[42,93394038614651.mockFlowFile,291B] contains 5 records; transferring to 'success'
[pool-1916-thread-1] INFO org.apache.nifi.processors.standard.ExecuteSQL - ExecuteSQL[id=65eacc74-8f67-4c35-ae19-803a9b1231b6] FlowFile[43,93394038748166.mockFlowFile,291B] contains 5 records; transferring to 'success'
[pool-1916-thread-1] INFO org.apache.nifi.processors.standard.ExecuteSQL - ExecuteSQL[id=65eacc74-8f67-4c35-ae19-803a9b1231b6] FlowFile[44,93394038841452.mockFlowFile,291B] contains 5 records; transferring to 'success'
[pool-1916-thread-1] INFO org.apache.nifi.processors.standard.ExecuteSQL - ExecuteSQL[id=65eacc74-8f67-4c35-ae19-803a9b1231b6] FlowFile[45,93394038956691.mockFlowFile,291B] contains 5 records; transferring to 'success'
[pool-1916-thread-1] INFO org.apache.nifi.processors.standard.ExecuteSQL - ExecuteSQL[id=65eacc74-8f67-4c35-ae19-803a9b1231b6] FlowFile[46,93394039056310.mockFlowFile,291B] contains 5 records; transferring to 'success'
[pool-1916-thread-1] INFO org.apache.nifi.processors.standard.ExecuteSQL - ExecuteSQL[id=65eacc74-8f67-4c35-ae19-803a9b1231b6] FlowFile[47,93394039170686.mockFlowFile,291B] contains 5 records; transferring to 'success'
[pool-1916-thread-1] INFO org.apache.nifi.processors.standard.ExecuteSQL - ExecuteSQL[id=65eacc74-8f67-4c35-ae19-803a9b1231b6] FlowFile[48,93394039288968.mockFlowFile,291B] contains 5 records; transferring to 'success'
[pool-1916-thread-1] INFO org.apache.nifi.processors.standard.ExecuteSQL - ExecuteSQL[id=65eacc74-8f67-4c35-ae19-803a9b1231b6] FlowFile[49,93394039392092.mockFlowFile,291B] contains 5 records; transferring to 'success'
[pool-1916-thread-1] INFO org.apache.nifi.processors.standard.ExecuteSQL - ExecuteSQL[id=65eacc74-8f67-4c35-ae19-803a9b1231b6] FlowFile[50,93394039536254.mockFlowFile,291B] contains 5 records; transferring to 'success'
[pool-1916-thread-1] INFO org.apache.nifi.processors.standard.ExecuteSQL - ExecuteSQL[id=65eacc74-8f67-4c35-ae19-803a9b1231b6] FlowFile[51,93394039658308.mockFlowFile,291B] contains 5 records; transferring to 'success'
[pool-1916-thread-1] INFO org.apache.nifi.processors.standard.ExecuteSQL - ExecuteSQL[id=65eacc74-8f67-4c35-ae19-803a9b1231b6] FlowFile[52,93394039756583.mockFlowFile,291B] contains 5 records; transferring to 'success'
[pool-1916-thread-1] INFO org.apache.nifi.processors.standard.ExecuteSQL - ExecuteSQL[id=65eacc74-8f67-4c35-ae19-803a9b1231b6] FlowFile[53,93394039877952.mockFlowFile,291B] contains 5 records; transferring to 'success'
[pool-1916-thread-1] INFO org.apache.nifi.processors.standard.ExecuteSQL - ExecuteSQL[id=65eacc74-8f67-4c35-ae19-803a9b1231b6] FlowFile[54,93394039972649.mockFlowFile,291B] contains 5 records; transferring to 'success'
[pool-1916-thread-1] INFO org.apache.nifi.processors.standard.ExecuteSQL - ExecuteSQL[id=65eacc74-8f67-4c35-ae19-803a9b1231b6] FlowFile[55,93394040094768.mockFlowFile,291B] contains 5 records; transferring to 'success'
[pool-1916-thread-1] INFO org.apache.nifi.processors.standard.ExecuteSQL - ExecuteSQL[id=65eacc74-8f67-4c35-ae19-803a9b1231b6] FlowFile[56,93394040200450.mockFlowFile,291B] contains 5 records; transferring to 'success'
[pool-1916-thread-1] INFO org.apache.nifi.processors.standard.ExecuteSQL - ExecuteSQL[id=65eacc74-8f67-4c35-ae19-803a9b1231b6] FlowFile[57,93394040292129.mockFlowFile,291B] contains 5 records; transferring to 'success'
[pool-1916-thread-1] INFO org.apache.nifi.processors.standard.ExecuteSQL - ExecuteSQL[id=65eacc74-8f67-4c35-ae19-803a9b1231b6] FlowFile[58,93394040419857.mockFlowFile,291B] contains 5 records; transferring to 'success'
[pool-1916-thread-1] INFO org.apache.nifi.processors.standard.ExecuteSQL - ExecuteSQL[id=65eacc74-8f67-4c35-ae19-803a9b1231b6] FlowFile[59,93394040523732.mockFlowFile,291B] contains 5 records; transferring to 'success'
[pool-1916-thread-1] INFO org.apache.nifi.processors.standard.ExecuteSQL - ExecuteSQL[id=65eacc74-8f67-4c35-ae19-803a9b1231b6] FlowFile[60,93394040621641.mockFlowFile,291B] contains 5 records; transferring to 'success'
[pool-1916-thread-1] INFO org.apache.nifi.processors.standard.ExecuteSQL - ExecuteSQL[id=65eacc74-8f67-4c35-ae19-803a9b1231b6] FlowFile[61,93394040721980.mockFlowFile,291B] contains 5 records; transferring to 'success'
[pool-1916-thread-1] INFO org.apache.nifi.processors.standard.ExecuteSQL - ExecuteSQL[id=65eacc74-8f67-4c35-ae19-803a9b1231b6] FlowFile[62,93394040812411.mockFlowFile,291B] contains 5 records; transferring to 'success'
[pool-1916-thread-1] INFO org.apache.nifi.processors.standard.ExecuteSQL - ExecuteSQL[id=65eacc74-8f67-4c35-ae19-803a9b1231b6] FlowFile[63,93394040902171.mockFlowFile,291B] contains 5 records; transferring to 'success'
[pool-1916-thread-1] INFO org.apache.nifi.processors.standard.ExecuteSQL - ExecuteSQL[id=65eacc74-8f67-4c35-ae19-803a9b1231b6] FlowFile[64,93394041016851.mockFlowFile,291B] contains 5 records; transferring to 'success'
[pool-1916-thread-1] INFO org.apache.nifi.processors.standard.ExecuteSQL - ExecuteSQL[id=65eacc74-8f67-4c35-ae19-803a9b1231b6] FlowFile[65,93394041124980.mockFlowFile,291B] contains 5 records; transferring to 'success'
[pool-1916-thread-1] INFO org.apache.nifi.processors.standard.ExecuteSQL - ExecuteSQL[id=65eacc74-8f67-4c35-ae19-803a9b1231b6] FlowFile[66,93394041217239.mockFlowFile,291B] contains 5 records; transferring to 'success'
[pool-1916-thread-1] INFO org.apache.nifi.processors.standard.ExecuteSQL - ExecuteSQL[id=65eacc74-8f67-4c35-ae19-803a9b1231b6] FlowFile[67,93394041306980.mockFlowFile,291B] contains 5 records; transferring to 'success'
[pool-1916-thread-1] INFO org.apache.nifi.processors.standard.ExecuteSQL - ExecuteSQL[id=65eacc74-8f67-4c35-ae19-803a9b1231b6] FlowFile[68,93394041406215.mockFlowFile,291B] contains 5 records; transferring to 'success'
[pool-1916-thread-1] INFO org.apache.nifi.processors.standard.ExecuteSQL - ExecuteSQL[id=65eacc74-8f67-4c35-ae19-803a9b1231b6] FlowFile[69,93394041504617.mockFlowFile,291B] contains 5 records; transferring to 'success'
[pool-1916-thread-1] INFO org.apache.nifi.processors.standard.ExecuteSQL - ExecuteSQL[id=65eacc74-8f67-4c35-ae19-803a9b1231b6] FlowFile[70,93394041614644.mockFlowFile,291B] contains 5 records; transferring to 'success'
[pool-1916-thread-1] INFO org.apache.nifi.processors.standard.ExecuteSQL - ExecuteSQL[id=65eacc74-8f67-4c35-ae19-803a9b1231b6] FlowFile[71,93394041718325.mockFlowFile,291B] contains 5 records; transferring to 'success'
[pool-1916-thread-1] INFO org.apache.nifi.processors.standard.ExecuteSQL - ExecuteSQL[id=65eacc74-8f67-4c35-ae19-803a9b1231b6] FlowFile[72,93394041821036.mockFlowFile,291B] contains 5 records; transferring to 'success'
[pool-1916-thread-1] INFO org.apache.nifi.processors.standard.ExecuteSQL - ExecuteSQL[id=65eacc74-8f67-4c35-ae19-803a9b1231b6] FlowFile[73,93394041913870.mockFlowFile,291B] contains 5 records; transferring to 'success'
[pool-1916-thread-1] INFO org.apache.nifi.processors.standard.ExecuteSQL - ExecuteSQL[id=65eacc74-8f67-4c35-ae19-803a9b1231b6] FlowFile[74,93394042013170.mockFlowFile,291B] contains 5 records; transferring to 'success'
[pool-1916-thread-1] INFO org.apache.nifi.processors.standard.ExecuteSQL - ExecuteSQL[id=65eacc74-8f67-4c35-ae19-803a9b1231b6] FlowFile[75,93394042112445.mockFlowFile,291B] contains 5 records; transferring to 'success'
[pool-1916-thread-1] INFO org.apache.nifi.processors.standard.ExecuteSQL - ExecuteSQL[id=65eacc74-8f67-4c35-ae19-803a9b1231b6] FlowFile[76,93394042221372.mockFlowFile,291B] contains 5 records; transferring to 'success'
[pool-1916-thread-1] INFO org.apache.nifi.processors.standard.ExecuteSQL - ExecuteSQL[id=65eacc74-8f67-4c35-ae19-803a9b1231b6] FlowFile[77,93394042372084.mockFlowFile,291B] contains 5 records; transferring to 'success'
[pool-1916-thread-1] INFO org.apache.nifi.processors.standard.ExecuteSQL - ExecuteSQL[id=65eacc74-8f67-4c35-ae19-803a9b1231b6] FlowFile[78,93394042471569.mockFlowFile,291B] contains 5 records; transferring to 'success'
[pool-1916-thread-1] INFO org.apache.nifi.processors.standard.ExecuteSQL - ExecuteSQL[id=65eacc74-8f67-4c35-ae19-803a9b1231b6] FlowFile[79,93394042579218.mockFlowFile,291B] contains 5 records; transferring to 'success'
[pool-1916-thread-1] INFO org.apache.nifi.processors.standard.ExecuteSQL - ExecuteSQL[id=65eacc74-8f67-4c35-ae19-803a9b1231b6] FlowFile[80,93394042689382.mockFlowFile,291B] contains 5 records; transferring to 'success'
[pool-1916-thread-1] INFO org.apache.nifi.processors.standard.ExecuteSQL - ExecuteSQL[id=65eacc74-8f67-4c35-ae19-803a9b1231b6] FlowFile[81,93394042797324.mockFlowFile,291B] contains 5 records; transferring to 'success'
[pool-1916-thread-1] INFO org.apache.nifi.processors.standard.ExecuteSQL - ExecuteSQL[id=65eacc74-8f67-4c35-ae19-803a9b1231b6] FlowFile[82,93394042888775.mockFlowFile,291B] contains 5 records; transferring to 'success'
[pool-1916-thread-1] INFO org.apache.nifi.processors.standard.ExecuteSQL - ExecuteSQL[id=65eacc74-8f67-4c35-ae19-803a9b1231b6] FlowFile[83,93394042979966.mockFlowFile,291B] contains 5 records; transferring to 'success'
[pool-1916-thread-1] INFO org.apache.nifi.processors.standard.ExecuteSQL - ExecuteSQL[id=65eacc74-8f67-4c35-ae19-803a9b1231b6] FlowFile[84,93394043075957.mockFlowFile,291B] contains 5 records; transferring to 'success'
[pool-1916-thread-1] INFO org.apache.nifi.processors.standard.ExecuteSQL - ExecuteSQL[id=65eacc74-8f67-4c35-ae19-803a9b1231b6] FlowFile[85,93394043177108.mockFlowFile,291B] contains 5 records; transferring to 'success'
[pool-1916-thread-1] INFO org.apache.nifi.processors.standard.ExecuteSQL - ExecuteSQL[id=65eacc74-8f67-4c35-ae19-803a9b1231b6] FlowFile[86,93394043270177.mockFlowFile,291B] contains 5 records; transferring to 'success'
[pool-1916-thread-1] INFO org.apache.nifi.processors.standard.ExecuteSQL - ExecuteSQL[id=65eacc74-8f67-4c35-ae19-803a9b1231b6] FlowFile[87,93394043368165.mockFlowFile,291B] contains 5 records; transferring to 'success'
[pool-1916-thread-1] INFO org.apache.nifi.processors.standard.ExecuteSQL - ExecuteSQL[id=65eacc74-8f67-4c35-ae19-803a9b1231b6] FlowFile[88,93394043466008.mockFlowFile,291B] contains 5 records; transferring to 'success'
[pool-1916-thread-1] INFO org.apache.nifi.processors.standard.ExecuteSQL - ExecuteSQL[id=65eacc74-8f67-4c35-ae19-803a9b1231b6] FlowFile[89,93394043553553.mockFlowFile,291B] contains 5 records; transferring to 'success'
[pool-1916-thread-1] INFO org.apache.nifi.processors.standard.ExecuteSQL - ExecuteSQL[id=65eacc74-8f67-4c35-ae19-803a9b1231b6] FlowFile[90,93394043654898.mockFlowFile,291B] contains 5 records; transferring to 'success'
[pool-1916-thread-1] INFO org.apache.nifi.processors.standard.ExecuteSQL - ExecuteSQL[id=65eacc74-8f67-4c35-ae19-803a9b1231b6] FlowFile[91,93394043745622.mockFlowFile,291B] contains 5 records; transferring to 'success'
[pool-1916-thread-1] INFO org.apache.nifi.processors.standard.ExecuteSQL - ExecuteSQL[id=65eacc74-8f67-4c35-ae19-803a9b1231b6] FlowFile[92,93394043836861.mockFlowFile,291B] contains 5 records; transferring to 'success'
[pool-1916-thread-1] INFO org.apache.nifi.processors.standard.ExecuteSQL - ExecuteSQL[id=65eacc74-8f67-4c35-ae19-803a9b1231b6] FlowFile[93,93394043933566.mockFlowFile,291B] contains 5 records; transferring to 'success'
[pool-1916-thread-1] INFO org.apache.nifi.processors.standard.ExecuteSQL - ExecuteSQL[id=65eacc74-8f67-4c35-ae19-803a9b1231b6] FlowFile[94,93394044043675.mockFlowFile,291B] contains 5 records; transferring to 'success'
[pool-1916-thread-1] INFO org.apache.nifi.processors.standard.ExecuteSQL - ExecuteSQL[id=65eacc74-8f67-4c35-ae19-803a9b1231b6] FlowFile[95,93394044140576.mockFlowFile,291B] contains 5 records; transferring to 'success'
[pool-1916-thread-1] INFO org.apache.nifi.processors.standard.ExecuteSQL - ExecuteSQL[id=65eacc74-8f67-4c35-ae19-803a9b1231b6] FlowFile[96,93394044242216.mockFlowFile,291B] contains 5 records; transferring to 'success'
[pool-1916-thread-1] INFO org.apache.nifi.processors.standard.ExecuteSQL - ExecuteSQL[id=65eacc74-8f67-4c35-ae19-803a9b1231b6] FlowFile[97,93394044345404.mockFlowFile,291B] contains 5 records; transferring to 'success'
[pool-1916-thread-1] INFO org.apache.nifi.processors.standard.ExecuteSQL - ExecuteSQL[id=65eacc74-8f67-4c35-ae19-803a9b1231b6] FlowFile[98,93394044438123.mockFlowFile,291B] contains 5 records; transferring to 'success'
[pool-1916-thread-1] INFO org.apache.nifi.processors.standard.ExecuteSQL - ExecuteSQL[id=65eacc74-8f67-4c35-ae19-803a9b1231b6] FlowFile[99,93394044528008.mockFlowFile,291B] contains 5 records; transferring to 'success'
[pool-1916-thread-1] INFO org.apache.nifi.processors.standard.ExecuteSQL - ExecuteSQL[id=65eacc74-8f67-4c35-ae19-803a9b1231b6] FlowFile[100,93394044628224.mockFlowFile,291B] contains 5 records; transferring to 'success'
[pool-1916-thread-1] INFO org.apache.nifi.processors.standard.ExecuteSQL - ExecuteSQL[id=65eacc74-8f67-4c35-ae19-803a9b1231b6] FlowFile[101,93394044717649.mockFlowFile,291B] contains 5 records; transferring to 'success'
[pool-1916-thread-1] INFO org.apache.nifi.processors.standard.ExecuteSQL - ExecuteSQL[id=65eacc74-8f67-4c35-ae19-803a9b1231b6] FlowFile[102,93394044804409.mockFlowFile,291B] contains 5 records; transferring to 'success'
[pool-1916-thread-1] INFO org.apache.nifi.processors.standard.ExecuteSQL - ExecuteSQL[id=65eacc74-8f67-4c35-ae19-803a9b1231b6] FlowFile[103,93394044901434.mockFlowFile,291B] contains 5 records; transferring to 'success'
[pool-1916-thread-1] INFO org.apache.nifi.processors.standard.ExecuteSQL - ExecuteSQL[id=65eacc74-8f67-4c35-ae19-803a9b1231b6] FlowFile[104,93394045001718.mockFlowFile,291B] contains 5 records; transferring to 'success'
[pool-1916-thread-1] INFO org.apache.nifi.processors.standard.ExecuteSQL - ExecuteSQL[id=65eacc74-8f67-4c35-ae19-803a9b1231b6] FlowFile[105,93394045113457.mockFlowFile,291B] contains 5 records; transferring to 'success'
[pool-1916-thread-1] INFO org.apache.nifi.processors.standard.ExecuteSQL - ExecuteSQL[id=65eacc74-8f67-4c35-ae19-803a9b1231b6] FlowFile[106,93394045214339.mockFlowFile,291B] contains 5 records; transferring to 'success'
[pool-1916-thread-1] INFO org.apache.nifi.processors.standard.ExecuteSQL - ExecuteSQL[id=65eacc74-8f67-4c35-ae19-803a9b1231b6] FlowFile[107,93394045305924.mockFlowFile,291B] contains 5 records; transferring to 'success'
[pool-1916-thread-1] INFO org.apache.nifi.processors.standard.ExecuteSQL - ExecuteSQL[id=65eacc74-8f67-4c35-ae19-803a9b1231b6] FlowFile[108,93394045395585.mockFlowFile,291B] contains 5 records; transferring to 'success'
[pool-1916-thread-1] INFO org.apache.nifi.processors.standard.ExecuteSQL - ExecuteSQL[id=65eacc74-8f67-4c35-ae19-803a9b1231b6] FlowFile[109,93394045500114.mockFlowFile,291B] contains 5 records; transferring to 'success'
[pool-1916-thread-1] INFO org.apache.nifi.processors.standard.ExecuteSQL - ExecuteSQL[id=65eacc74-8f67-4c35-ae19-803a9b1231b6] FlowFile[110,93394045598945.mockFlowFile,291B] contains 5 records; transferring to 'success'
[pool-1916-thread-1] INFO org.apache.nifi.processors.standard.ExecuteSQL - ExecuteSQL[id=65eacc74-8f67-4c35-ae19-803a9b1231b6] FlowFile[111,93394045692676.mockFlowFile,291B] contains 5 records; transferring to 'success'
[pool-1916-thread-1] INFO org.apache.nifi.processors.standard.ExecuteSQL - ExecuteSQL[id=65eacc74-8f67-4c35-ae19-803a9b1231b6] FlowFile[112,93394045790635.mockFlowFile,291B] contains 5 records; transferring to 'success'
[pool-1916-thread-1] INFO org.apache.nifi.processors.standard.ExecuteSQL - ExecuteSQL[id=65eacc74-8f67-4c35-ae19-803a9b1231b6] FlowFile[113,93394045889159.mockFlowFile,291B] contains 5 records; transferring to 'success'
[pool-1916-thread-1] INFO org.apache.nifi.processors.standard.ExecuteSQL - ExecuteSQL[id=65eacc74-8f67-4c35-ae19-803a9b1231b6] FlowFile[114,93394045978692.mockFlowFile,291B] contains 5 records; transferring to 'success'
[pool-1916-thread-1] INFO org.apache.nifi.processors.standard.ExecuteSQL - ExecuteSQL[id=65eacc74-8f67-4c35-ae19-803a9b1231b6] FlowFile[115,93394046072658.mockFlowFile,291B] contains 5 records; transferring to 'success'
[pool-1916-thread-1] INFO org.apache.nifi.processors.standard.ExecuteSQL - ExecuteSQL[id=65eacc74-8f67-4c35-ae19-803a9b1231b6] FlowFile[116,93394046171814.mockFlowFile,291B] contains 5 records; transferring to 'success'
[pool-1916-thread-1] INFO org.apache.nifi.processors.standard.ExecuteSQL - ExecuteSQL[id=65eacc74-8f67-4c35-ae19-803a9b1231b6] FlowFile[117,93394046264308.mockFlowFile,291B] contains 5 records; transferring to 'success'
[pool-1916-thread-1] INFO org.apache.nifi.processors.standard.ExecuteSQL - ExecuteSQL[id=65eacc74-8f67-4c35-ae19-803a9b1231b6] FlowFile[118,93394046351972.mockFlowFile,291B] contains 5 records; transferring to 'success'
[pool-1916-thread-1] INFO org.apache.nifi.processors.standard.ExecuteSQL - ExecuteSQL[id=65eacc74-8f67-4c35-ae19-803a9b1231b6] FlowFile[119,93394046448211.mockFlowFile,291B] contains 5 records; transferring to 'success'
[pool-1916-thread-1] INFO org.apache.nifi.processors.standard.ExecuteSQL - ExecuteSQL[id=65eacc74-8f67-4c35-ae19-803a9b1231b6] FlowFile[120,93394046552534.mockFlowFile,291B] contains 5 records; transferring to 'success'
[pool-1916-thread-1] INFO org.apache.nifi.processors.standard.ExecuteSQL - ExecuteSQL[id=65eacc74-8f67-4c35-ae19-803a9b1231b6] FlowFile[121,93394046642712.mockFlowFile,291B] contains 5 records; transferring to 'success'
[pool-1916-thread-1] INFO org.apache.nifi.processors.standard.ExecuteSQL - ExecuteSQL[id=65eacc74-8f67-4c35-ae19-803a9b1231b6] FlowFile[122,93394046760070.mockFlowFile,291B] contains 5 records; transferring to 'success'
[pool-1916-thread-1] INFO org.apache.nifi.processors.standard.ExecuteSQL - ExecuteSQL[id=65eacc74-8f67-4c35-ae19-803a9b1231b6] FlowFile[123,93394046853324.mockFlowFile,291B] contains 5 records; transferring to 'success'
[pool-1916-thread-1] INFO org.apache.nifi.processors.standard.ExecuteSQL - ExecuteSQL[id=65eacc74-8f67-4c35-ae19-803a9b1231b6] FlowFile[124,93394046944357.mockFlowFile,291B] contains 5 records; transferring to 'success'
[pool-1916-thread-1] INFO org.apache.nifi.processors.standard.ExecuteSQL - ExecuteSQL[id=65eacc74-8f67-4c35-ae19-803a9b1231b6] FlowFile[125,93394047047327.mockFlowFile,291B] contains 5 records; transferring to 'success'
[pool-1916-thread-1] INFO org.apache.nifi.processors.standard.ExecuteSQL - ExecuteSQL[id=65eacc74-8f67-4c35-ae19-803a9b1231b6] FlowFile[126,93394047141055.mockFlowFile,291B] contains 5 records; transferring to 'success'
[pool-1916-thread-1] INFO org.apache.nifi.processors.standard.ExecuteSQL - ExecuteSQL[id=65eacc74-8f67-4c35-ae19-803a9b1231b6] FlowFile[127,93394047231547.mockFlowFile,291B] contains 5 records; transferring to 'success'
[pool-1916-thread-1] INFO org.apache.nifi.processors.standard.ExecuteSQL - ExecuteSQL[id=65eacc74-8f67-4c35-ae19-803a9b1231b6] FlowFile[128,93394047331408.mockFlowFile,291B] contains 5 records; transferring to 'success'
[pool-1916-thread-1] INFO org.apache.nifi.processors.standard.ExecuteSQL - ExecuteSQL[id=65eacc74-8f67-4c35-ae19-803a9b1231b6] FlowFile[129,93394047448559.mockFlowFile,291B] contains 5 records; transferring to 'success'
[pool-1916-thread-1] INFO org.apache.nifi.processors.standard.ExecuteSQL - ExecuteSQL[id=65eacc74-8f67-4c35-ae19-803a9b1231b6] FlowFile[130,93394047557292.mockFlowFile,291B] contains 5 records; transferring to 'success'
[pool-1916-thread-1] INFO org.apache.nifi.processors.standard.ExecuteSQL - ExecuteSQL[id=65eacc74-8f67-4c35-ae19-803a9b1231b6] FlowFile[131,93394047650158.mockFlowFile,291B] contains 5 records; transferring to 'success'
[pool-1916-thread-1] INFO org.apache.nifi.processors.standard.ExecuteSQL - ExecuteSQL[id=65eacc74-8f67-4c35-ae19-803a9b1231b6] FlowFile[132,93394047755516.mockFlowFile,291B] contains 5 records; transferring to 'success'
[pool-1916-thread-1] INFO org.apache.nifi.processors.standard.ExecuteSQL - ExecuteSQL[id=65eacc74-8f67-4c35-ae19-803a9b1231b6] FlowFile[133,93394047847599.mockFlowFile,291B] contains 5 records; transferring to 'success'
[pool-1916-thread-1] INFO org.apache.nifi.processors.standard.ExecuteSQL - ExecuteSQL[id=65eacc74-8f67-4c35-ae19-803a9b1231b6] FlowFile[134,93394047937635.mockFlowFile,291B] contains 5 records; transferring to 'success'
[pool-1916-thread-1] INFO org.apache.nifi.processors.standard.ExecuteSQL - ExecuteSQL[id=65eacc74-8f67-4c35-ae19-803a9b1231b6] FlowFile[135,93394048062998.mockFlowFile,291B] contains 5 records; transferring to 'success'
[pool-1916-thread-1] INFO org.apache.nifi.processors.standard.ExecuteSQL - ExecuteSQL[id=65eacc74-8f67-4c35-ae19-803a9b1231b6] FlowFile[136,93394048175715.mockFlowFile,291B] contains 5 records; transferring to 'success'
[pool-1916-thread-1] INFO org.apache.nifi.processors.standard.ExecuteSQL - ExecuteSQL[id=65eacc74-8f67-4c35-ae19-803a9b1231b6] FlowFile[137,93394048268460.mockFlowFile,291B] contains 5 records; transferring to 'success'
[pool-1916-thread-1] INFO org.apache.nifi.processors.standard.ExecuteSQL - ExecuteSQL[id=65eacc74-8f67-4c35-ae19-803a9b1231b6] FlowFile[138,93394048374863.mockFlowFile,291B] contains 5 records; transferring to 'success'
[pool-1916-thread-1] INFO org.apache.nifi.processors.standard.ExecuteSQL - ExecuteSQL[id=65eacc74-8f67-4c35-ae19-803a9b1231b6] FlowFile[139,93394048466345.mockFlowFile,291B] contains 5 records; transferring to 'success'
[pool-1916-thread-1] INFO org.apache.nifi.processors.standard.ExecuteSQL - ExecuteSQL[id=65eacc74-8f67-4c35-ae19-803a9b1231b6] FlowFile[140,93394048570581.mockFlowFile,291B] contains 5 records; transferring to 'success'
[pool-1916-thread-1] INFO org.apache.nifi.processors.standard.ExecuteSQL - ExecuteSQL[id=65eacc74-8f67-4c35-ae19-803a9b1231b6] FlowFile[141,93394048676676.mockFlowFile,291B] contains 5 records; transferring to 'success'
[pool-1916-thread-1] INFO org.apache.nifi.processors.standard.ExecuteSQL - ExecuteSQL[id=65eacc74-8f67-4c35-ae19-803a9b1231b6] FlowFile[142,93394048773099.mockFlowFile,291B] contains 5 records; transferring to 'success'
[pool-1916-thread-1] INFO org.apache.nifi.processors.standard.ExecuteSQL - ExecuteSQL[id=65eacc74-8f67-4c35-ae19-803a9b1231b6] FlowFile[143,93394048930080.mockFlowFile,291B] contains 5 records; transferring to 'success'
[pool-1916-thread-1] INFO org.apache.nifi.processors.standard.ExecuteSQL - ExecuteSQL[id=65eacc74-8f67-4c35-ae19-803a9b1231b6] FlowFile[144,93394049040553.mockFlowFile,291B] contains 5 records; transferring to 'success'
[pool-1916-thread-1] INFO org.apache.nifi.processors.standard.ExecuteSQL - ExecuteSQL[id=65eacc74-8f67-4c35-ae19-803a9b1231b6] FlowFile[145,93394049157558.mockFlowFile,291B] contains 5 records; transferring to 'success'
[pool-1916-thread-1] INFO org.apache.nifi.processors.standard.ExecuteSQL - ExecuteSQL[id=65eacc74-8f67-4c35-ae19-803a9b1231b6] FlowFile[146,93394049250719.mockFlowFile,291B] contains 5 records; transferring to 'success'
[pool-1916-thread-1] INFO org.apache.nifi.processors.standard.ExecuteSQL - ExecuteSQL[id=65eacc74-8f67-4c35-ae19-803a9b1231b6] FlowFile[147,93394049343446.mockFlowFile,291B] contains 5 records; transferring to 'success'
[pool-1916-thread-1] INFO org.apache.nifi.processors.standard.ExecuteSQL - ExecuteSQL[id=65eacc74-8f67-4c35-ae19-803a9b1231b6] FlowFile[148,93394049442939.mockFlowFile,291B] contains 5 records; transferring to 'success'
[pool-1916-thread-1] INFO org.apache.nifi.processors.standard.ExecuteSQL - ExecuteSQL[id=65eacc74-8f67-4c35-ae19-803a9b1231b6] FlowFile[149,93394049537982.mockFlowFile,291B] contains 5 records; transferring to 'success'
[pool-1916-thread-1] INFO org.apache.nifi.processors.standard.ExecuteSQL - ExecuteSQL[id=65eacc74-8f67-4c35-ae19-803a9b1231b6] FlowFile[150,93394049638228.mockFlowFile,291B] contains 5 records; transferring to 'success'
[pool-1916-thread-1] INFO org.apache.nifi.processors.standard.ExecuteSQL - ExecuteSQL[id=65eacc74-8f67-4c35-ae19-803a9b1231b6] FlowFile[151,93394049736945.mockFlowFile,291B] contains 5 records; transferring to 'success'
[pool-1916-thread-1] INFO org.apache.nifi.processors.standard.ExecuteSQL - ExecuteSQL[id=65eacc74-8f67-4c35-ae19-803a9b1231b6] FlowFile[152,93394049840682.mockFlowFile,291B] contains 5 records; transferring to 'success'
[pool-1916-thread-1] INFO org.apache.nifi.processors.standard.ExecuteSQL - ExecuteSQL[id=65eacc74-8f67-4c35-ae19-803a9b1231b6] FlowFile[153,93394049931872.mockFlowFile,291B] contains 5 records; transferring to 'success'
[pool-1916-thread-1] INFO org.apache.nifi.processors.standard.ExecuteSQL - ExecuteSQL[id=65eacc74-8f67-4c35-ae19-803a9b1231b6] FlowFile[154,93394050029023.mockFlowFile,291B] contains 5 records; transferring to 'success'
[pool-1916-thread-1] INFO org.apache.nifi.processors.standard.ExecuteSQL - ExecuteSQL[id=65eacc74-8f67-4c35-ae19-803a9b1231b6] FlowFile[155,93394050129492.mockFlowFile,291B] contains 5 records; transferring to 'success'
[pool-1916-thread-1] INFO org.apache.nifi.processors.standard.ExecuteSQL - ExecuteSQL[id=65eacc74-8f67-4c35-ae19-803a9b1231b6] FlowFile[156,93394050219859.mockFlowFile,291B] contains 5 records; transferring to 'success'
[pool-1916-thread-1] INFO org.apache.nifi.processors.standard.ExecuteSQL - ExecuteSQL[id=65eacc74-8f67-4c35-ae19-803a9b1231b6] FlowFile[157,93394050318430.mockFlowFile,291B] contains 5 records; transferring to 'success'
[pool-1916-thread-1] INFO org.apache.nifi.processors.standard.ExecuteSQL - ExecuteSQL[id=65eacc74-8f67-4c35-ae19-803a9b1231b6] FlowFile[158,93394050408547.mockFlowFile,291B] contains 5 records; transferring to 'success'
[pool-1916-thread-1] INFO org.apache.nifi.processors.standard.ExecuteSQL - ExecuteSQL[id=65eacc74-8f67-4c35-ae19-803a9b1231b6] FlowFile[159,93394050499386.mockFlowFile,291B] contains 5 records; transferring to 'success'
[pool-1916-thread-1] INFO org.apache.nifi.processors.standard.ExecuteSQL - ExecuteSQL[id=65eacc74-8f67-4c35-ae19-803a9b1231b6] FlowFile[160,93394050603492.mockFlowFile,291B] contains 5 records; transferring to 'success'
[pool-1916-thread-1] INFO org.apache.nifi.processors.standard.ExecuteSQL - ExecuteSQL[id=65eacc74-8f67-4c35-ae19-803a9b1231b6] FlowFile[161,93394050705113.mockFlowFile,291B] contains 5 records; transferring to 'success'
[pool-1916-thread-1] INFO org.apache.nifi.processors.standard.ExecuteSQL - ExecuteSQL[id=65eacc74-8f67-4c35-ae19-803a9b1231b6] FlowFile[162,93394050796416.mockFlowFile,291B] contains 5 records; transferring to 'success'
[pool-1916-thread-1] INFO org.apache.nifi.processors.standard.ExecuteSQL - ExecuteSQL[id=65eacc74-8f67-4c35-ae19-803a9b1231b6] FlowFile[163,93394050884166.mockFlowFile,291B] contains 5 records; transferring to 'success'
[pool-1916-thread-1] INFO org.apache.nifi.processors.standard.ExecuteSQL - ExecuteSQL[id=65eacc74-8f67-4c35-ae19-803a9b1231b6] FlowFile[164,93394050982450.mockFlowFile,291B] contains 5 records; transferring to 'success'
[pool-1916-thread-1] INFO org.apache.nifi.processors.standard.ExecuteSQL - ExecuteSQL[id=65eacc74-8f67-4c35-ae19-803a9b1231b6] FlowFile[165,93394051083050.mockFlowFile,291B] contains 5 records; transferring to 'success'
[pool-1916-thread-1] INFO org.apache.nifi.processors.standard.ExecuteSQL - ExecuteSQL[id=65eacc74-8f67-4c35-ae19-803a9b1231b6] FlowFile[166,93394051177391.mockFlowFile,291B] contains 5 records; transferring to 'success'
[pool-1916-thread-1] INFO org.apache.nifi.processors.standard.ExecuteSQL - ExecuteSQL[id=65eacc74-8f67-4c35-ae19-803a9b1231b6] FlowFile[167,93394051277769.mockFlowFile,291B] contains 5 records; transferring to 'success'
[pool-1916-thread-1] INFO org.apache.nifi.processors.standard.ExecuteSQL - ExecuteSQL[id=65eacc74-8f67-4c35-ae19-803a9b1231b6] FlowFile[168,93394051382084.mockFlowFile,291B] contains 5 records; transferring to 'success'
[pool-1916-thread-1] INFO org.apache.nifi.processors.standard.ExecuteSQL - ExecuteSQL[id=65eacc74-8f67-4c35-ae19-803a9b1231b6] FlowFile[169,93394051641102.mockFlowFile,291B] contains 5 records; transferring to 'success'
[pool-1916-thread-1] INFO org.apache.nifi.processors.standard.ExecuteSQL - ExecuteSQL[id=65eacc74-8f67-4c35-ae19-803a9b1231b6] FlowFile[170,93394051840334.mockFlowFile,291B] contains 5 records; transferring to 'success'
[pool-1916-thread-1] INFO org.apache.nifi.processors.standard.ExecuteSQL - ExecuteSQL[id=65eacc74-8f67-4c35-ae19-803a9b1231b6] FlowFile[171,93394051996278.mockFlowFile,291B] contains 5 records; transferring to 'success'
[pool-1916-thread-1] INFO org.apache.nifi.processors.standard.ExecuteSQL - ExecuteSQL[id=65eacc74-8f67-4c35-ae19-803a9b1231b6] FlowFile[172,93394052159336.mockFlowFile,291B] contains 5 records; transferring to 'success'
[pool-1916-thread-1] INFO org.apache.nifi.processors.standard.ExecuteSQL - ExecuteSQL[id=65eacc74-8f67-4c35-ae19-803a9b1231b6] FlowFile[173,93394052311861.mockFlowFile,291B] contains 5 records; transferring to 'success'
[pool-1916-thread-1] INFO org.apache.nifi.processors.standard.ExecuteSQL - ExecuteSQL[id=65eacc74-8f67-4c35-ae19-803a9b1231b6] FlowFile[174,93394052458161.mockFlowFile,291B] contains 5 records; transferring to 'success'
[pool-1916-thread-1] INFO org.apache.nifi.processors.standard.ExecuteSQL - ExecuteSQL[id=65eacc74-8f67-4c35-ae19-803a9b1231b6] FlowFile[175,93394052607475.mockFlowFile,291B] contains 5 records; transferring to 'success'
[pool-1916-thread-1] INFO org.apache.nifi.processors.standard.ExecuteSQL - ExecuteSQL[id=65eacc74-8f67-4c35-ae19-803a9b1231b6] FlowFile[176,93394052761578.mockFlowFile,291B] contains 5 records; transferring to 'success'
[pool-1916-thread-1] INFO org.apache.nifi.processors.standard.ExecuteSQL - ExecuteSQL[id=65eacc74-8f67-4c35-ae19-803a9b1231b6] FlowFile[177,93394052911699.mockFlowFile,291B] contains 5 records; transferring to 'success'
[pool-1916-thread-1] INFO org.apache.nifi.processors.standard.ExecuteSQL - ExecuteSQL[id=65eacc74-8f67-4c35-ae19-803a9b1231b6] FlowFile[178,93394053044808.mockFlowFile,291B] contains 5 records; transferring to 'success'
[pool-1916-thread-1] INFO org.apache.nifi.processors.standard.ExecuteSQL - ExecuteSQL[id=65eacc74-8f67-4c35-ae19-803a9b1231b6] FlowFile[179,93394053177730.mockFlowFile,291B] contains 5 records; transferring to 'success'
[pool-1916-thread-1] INFO org.apache.nifi.processors.standard.ExecuteSQL - ExecuteSQL[id=65eacc74-8f67-4c35-ae19-803a9b1231b6] FlowFile[180,93394053332609.mockFlowFile,291B] contains 5 records; transferring to 'success'
[pool-1916-thread-1] INFO org.apache.nifi.processors.standard.ExecuteSQL - ExecuteSQL[id=65eacc74-8f67-4c35-ae19-803a9b1231b6] FlowFile[181,93394053474078.mockFlowFile,291B] contains 5 records; transferring to 'success'
[pool-1916-thread-1] INFO org.apache.nifi.processors.standard.ExecuteSQL - ExecuteSQL[id=65eacc74-8f67-4c35-ae19-803a9b1231b6] FlowFile[182,93394053612810.mockFlowFile,291B] contains 5 records; transferring to 'success'
[pool-1916-thread-1] INFO org.apache.nifi.processors.standard.ExecuteSQL - ExecuteSQL[id=65eacc74-8f67-4c35-ae19-803a9b1231b6] FlowFile[183,93394053807304.mockFlowFile,291B] contains 5 records; transferring to 'success'
[pool-1916-thread-1] INFO org.apache.nifi.processors.standard.ExecuteSQL - ExecuteSQL[id=65eacc74-8f67-4c35-ae19-803a9b1231b6] FlowFile[184,93394054001157.mockFlowFile,291B] contains 5 records; transferring to 'success'
[pool-1916-thread-1] INFO org.apache.nifi.processors.standard.ExecuteSQL - ExecuteSQL[id=65eacc74-8f67-4c35-ae19-803a9b1231b6] FlowFile[185,93394054183803.mockFlowFile,291B] contains 5 records; transferring to 'success'
[pool-1916-thread-1] INFO org.apache.nifi.processors.standard.ExecuteSQL - ExecuteSQL[id=65eacc74-8f67-4c35-ae19-803a9b1231b6] FlowFile[186,93394054317820.mockFlowFile,291B] contains 5 records; transferring to 'success'
[pool-1916-thread-1] INFO org.apache.nifi.processors.standard.ExecuteSQL - ExecuteSQL[id=65eacc74-8f67-4c35-ae19-803a9b1231b6] FlowFile[187,93394054421429.mockFlowFile,291B] contains 5 records; transferring to 'success'
[pool-1916-thread-1] INFO org.apache.nifi.processors.standard.ExecuteSQL - ExecuteSQL[id=65eacc74-8f67-4c35-ae19-803a9b1231b6] FlowFile[188,93394054686516.mockFlowFile,291B] contains 5 records; transferring to 'success'
[pool-1916-thread-1] INFO org.apache.nifi.processors.standard.ExecuteSQL - ExecuteSQL[id=65eacc74-8f67-4c35-ae19-803a9b1231b6] FlowFile[189,93394054836403.mockFlowFile,291B] contains 5 records; transferring to 'success'
[pool-1916-thread-1] INFO org.apache.nifi.processors.standard.ExecuteSQL - ExecuteSQL[id=65eacc74-8f67-4c35-ae19-803a9b1231b6] FlowFile[190,93394055019787.mockFlowFile,291B] contains 5 records; transferring to 'success'
[pool-1916-thread-1] INFO org.apache.nifi.processors.standard.ExecuteSQL - ExecuteSQL[id=65eacc74-8f67-4c35-ae19-803a9b1231b6] FlowFile[191,93394055200650.mockFlowFile,291B] contains 5 records; transferring to 'success'
[pool-1916-thread-1] INFO org.apache.nifi.processors.standard.ExecuteSQL - ExecuteSQL[id=65eacc74-8f67-4c35-ae19-803a9b1231b6] FlowFile[192,93394055348840.mockFlowFile,291B] contains 5 records; transferring to 'success'
[pool-1916-thread-1] INFO org.apache.nifi.processors.standard.ExecuteSQL - ExecuteSQL[id=65eacc74-8f67-4c35-ae19-803a9b1231b6] FlowFile[193,93394055462335.mockFlowFile,291B] contains 5 records; transferring to 'success'
[pool-1916-thread-1] INFO org.apache.nifi.processors.standard.ExecuteSQL - ExecuteSQL[id=65eacc74-8f67-4c35-ae19-803a9b1231b6] FlowFile[194,93394055548198.mockFlowFile,291B] contains 5 records; transferring to 'success'
[pool-1916-thread-1] INFO org.apache.nifi.processors.standard.ExecuteSQL - ExecuteSQL[id=65eacc74-8f67-4c35-ae19-803a9b1231b6] FlowFile[195,93394055641237.mockFlowFile,291B] contains 5 records; transferring to 'success'
[pool-1916-thread-1] INFO org.apache.nifi.processors.standard.ExecuteSQL - ExecuteSQL[id=65eacc74-8f67-4c35-ae19-803a9b1231b6] FlowFile[196,93394055736325.mockFlowFile,291B] contains 5 records; transferring to 'success'
[pool-1916-thread-1] INFO org.apache.nifi.processors.standard.ExecuteSQL - ExecuteSQL[id=65eacc74-8f67-4c35-ae19-803a9b1231b6] FlowFile[197,93394055853563.mockFlowFile,291B] contains 5 records; transferring to 'success'
[pool-1916-thread-1] INFO org.apache.nifi.processors.standard.ExecuteSQL - ExecuteSQL[id=65eacc74-8f67-4c35-ae19-803a9b1231b6] FlowFile[198,93394055942792.mockFlowFile,291B] contains 5 records; transferring to 'success'
[pool-1916-thread-1] INFO org.apache.nifi.processors.standard.ExecuteSQL - ExecuteSQL[id=65eacc74-8f67-4c35-ae19-803a9b1231b6] FlowFile[199,93394056070914.mockFlowFile,291B] contains 5 records; transferring to 'success'
]]></system-err>
  </testcase>
  <testcase name="testPostQuery" classname="org.apache.nifi.processors.standard.TestExecuteSQL" time="0.032">
    <system-err><![CDATA[[pool-1917-thread-1] DEBUG org.apache.nifi.processors.standard.ExecuteSQL - ExecuteSQL[id=02f8d1d5-7da2-4b60-9db3-d6ed3d70b5a6] Executing query select * from TEST_NULL_INT
[pool-1917-thread-1] INFO org.apache.nifi.processors.standard.ExecuteSQL - ExecuteSQL[id=02f8d1d5-7da2-4b60-9db3-d6ed3d70b5a6] FlowFile[1,93394079165949.mockFlowFile,262B] contains 1 records; transferring to 'success'
]]></system-err>
  </testcase>
  <testcase name="testNoIncomingConnection" classname="org.apache.nifi.processors.standard.TestExecuteSQL" time="0.898">
    <system-out><![CDATA[ AF
DHAEDI EIBABF
DBI 
]]></system-out>
    <system-err><![CDATA[[main] INFO org.apache.nifi.processors.standard.TestExecuteSQL - test data loaded
[pool-1918-thread-1] DEBUG org.apache.nifi.processors.standard.ExecuteSQL - ExecuteSQL[id=8f19cce6-98cc-48e5-bcf4-88edd21c32b0] Executing query select   PER.ID as PersonId, PER.NAME as PersonName, PER.CODE as PersonCode, PRD.ID as ProductId,PRD.NAME as ProductName,PRD.CODE as ProductCode, REL.ID as RelId,    REL.NAME as RelName,    REL.CODE as RelCode, ROW_NUMBER() OVER () as rownr  from persons PER, products PRD, relationships REL where PER.ID = 10
[pool-1918-thread-1] INFO org.apache.nifi.processors.standard.ExecuteSQL - ExecuteSQL[id=8f19cce6-98cc-48e5-bcf4-88edd21c32b0] FlowFile[0,93394716312714.mockFlowFile,1219517B] contains 20000 records; transferring to 'success'
[main] INFO org.apache.nifi.processors.standard.TestExecuteSQL - total nr of records from stream: 20000
]]></system-err>
  </testcase>
  <testcase name="testPostQueryFail" classname="org.apache.nifi.processors.standard.TestExecuteSQL" time="0.025">
    <system-err><![CDATA[[pool-1919-thread-1] DEBUG org.apache.nifi.processors.standard.ExecuteSQL - ExecuteSQL[id=4d2a43f1-4a15-4798-a598-741d87f8801f] Executing query select * from TEST_NULL_INT
[pool-1919-thread-1] INFO org.apache.nifi.processors.standard.ExecuteSQL - ExecuteSQL[id=4d2a43f1-4a15-4798-a598-741d87f8801f] FlowFile[1,93395007813380.mockFlowFile,238B] contains 0 records; transferring to 'success'
[pool-1919-thread-1] ERROR org.apache.nifi.processors.standard.ExecuteSQL - ExecuteSQL[id=4d2a43f1-4a15-4798-a598-741d87f8801f] Unable to execute SQL select query CALL SYSCS_UTIL.SYSCS_SET_RUNTIMESTATISTICS() for FlowFile[0,93395007813380.mockFlowFile,4B] due to java.sql.SQLSyntaxErrorException: 'SYSCS_UTIL.SYSCS_SET_RUNTIMESTATISTICS' is not recognized as a function or procedure.; routing to failure: java.sql.SQLSyntaxErrorException: 'SYSCS_UTIL.SYSCS_SET_RUNTIMESTATISTICS' is not recognized as a function or procedure.
java.sql.SQLSyntaxErrorException: 'SYSCS_UTIL.SYSCS_SET_RUNTIMESTATISTICS' is not recognized as a function or procedure.
	at org.apache.derby.impl.jdbc.SQLExceptionFactory.getSQLException(Unknown Source)
	at org.apache.derby.impl.jdbc.Util.generateCsSQLException(Unknown Source)
	at org.apache.derby.impl.jdbc.TransactionResourceImpl.wrapInSQLException(Unknown Source)
	at org.apache.derby.impl.jdbc.TransactionResourceImpl.handleException(Unknown Source)
	at org.apache.derby.impl.jdbc.EmbedConnection.handleException(Unknown Source)
	at org.apache.derby.impl.jdbc.ConnectionChild.handleException(Unknown Source)
	at org.apache.derby.impl.jdbc.EmbedStatement.execute(Unknown Source)
	at org.apache.derby.impl.jdbc.EmbedStatement.execute(Unknown Source)
	at org.apache.nifi.processors.standard.AbstractExecuteSQL.executeConfigStatements(AbstractExecuteSQL.java:464)
	at org.apache.nifi.processors.standard.AbstractExecuteSQL.onTrigger(AbstractExecuteSQL.java:397)
	at org.apache.nifi.processor.AbstractProcessor.onTrigger(AbstractProcessor.java:27)
	at org.apache.nifi.util.StandardProcessorTestRunner$RunProcessor.call(StandardProcessorTestRunner.java:284)
	at org.apache.nifi.util.StandardProcessorTestRunner$RunProcessor.call(StandardProcessorTestRunner.java:278)
	at java.util.concurrent.FutureTask.run(FutureTask.java:266)
	at java.util.concurrent.ScheduledThreadPoolExecutor$ScheduledFutureTask.access$201(ScheduledThreadPoolExecutor.java:180)
	at java.util.concurrent.ScheduledThreadPoolExecutor$ScheduledFutureTask.run(ScheduledThreadPoolExecutor.java:293)
	at java.util.concurrent.ThreadPoolExecutor.runWorker(ThreadPoolExecutor.java:1149)
	at java.util.concurrent.ThreadPoolExecutor$Worker.run(ThreadPoolExecutor.java:624)
	at java.lang.Thread.run(Thread.java:750)
Caused by: ERROR 42Y03: 'SYSCS_UTIL.SYSCS_SET_RUNTIMESTATISTICS' is not recognized as a function or procedure.
	at org.apache.derby.iapi.error.StandardException.newException(Unknown Source)
	at org.apache.derby.iapi.error.StandardException.newException(Unknown Source)
	at org.apache.derby.impl.sql.compile.StaticMethodCallNode.bindExpressionMinion(Unknown Source)
	at org.apache.derby.impl.sql.compile.StaticMethodCallNode.bindExpression(Unknown Source)
	at org.apache.derby.impl.sql.compile.JavaToSQLValueNode.bindExpression(Unknown Source)
	at org.apache.derby.impl.sql.compile.CallStatementNode.bindStatement(Unknown Source)
	at org.apache.derby.impl.sql.GenericStatement.prepMinion(Unknown Source)
	at org.apache.derby.impl.sql.GenericStatement.prepare(Unknown Source)
	at org.apache.derby.impl.sql.conn.GenericLanguageConnectionContext.prepareInternalStatement(Unknown Source)
	... 13 more
]]></system-err>
  </testcase>
  <testcase name="testWithSqlException" classname="org.apache.nifi.processors.standard.TestExecuteSQL" time="0.012">
    <system-err><![CDATA[[pool-1920-thread-1] ERROR org.apache.nifi.processors.standard.ExecuteSQL - ExecuteSQL[id=cb69127e-1179-4ddc-a65c-6f8cf34aa12a] Unable to execute SQL select query SELECT val1 FROM TEST_NO_ROWS due to java.sql.SQLSyntaxErrorException: Column 'VAL1' is either not in any table in the FROM list or appears within a join specification and is outside the scope of the join specification or appears in a HAVING clause and is not in the GROUP BY list. If this is a CREATE or ALTER TABLE  statement then 'VAL1' is not a column in the target table.. No FlowFile to route to failure: java.sql.SQLSyntaxErrorException: Column 'VAL1' is either not in any table in the FROM list or appears within a join specification and is outside the scope of the join specification or appears in a HAVING clause and is not in the GROUP BY list. If this is a CREATE or ALTER TABLE  statement then 'VAL1' is not a column in the target table.
java.sql.SQLSyntaxErrorException: Column 'VAL1' is either not in any table in the FROM list or appears within a join specification and is outside the scope of the join specification or appears in a HAVING clause and is not in the GROUP BY list. If this is a CREATE or ALTER TABLE  statement then 'VAL1' is not a column in the target table.
	at org.apache.derby.impl.jdbc.SQLExceptionFactory.getSQLException(Unknown Source)
	at org.apache.derby.impl.jdbc.Util.generateCsSQLException(Unknown Source)
	at org.apache.derby.impl.jdbc.TransactionResourceImpl.wrapInSQLException(Unknown Source)
	at org.apache.derby.impl.jdbc.TransactionResourceImpl.handleException(Unknown Source)
	at org.apache.derby.impl.jdbc.EmbedConnection.handleException(Unknown Source)
	at org.apache.derby.impl.jdbc.ConnectionChild.handleException(Unknown Source)
	at org.apache.derby.impl.jdbc.EmbedPreparedStatement.<init>(Unknown Source)
	at org.apache.derby.impl.jdbc.EmbedPreparedStatement42.<init>(Unknown Source)
	at org.apache.derby.jdbc.Driver42.newEmbedPreparedStatement(Unknown Source)
	at org.apache.derby.impl.jdbc.EmbedConnection.prepareStatement(Unknown Source)
	at org.apache.derby.impl.jdbc.EmbedConnection.prepareStatement(Unknown Source)
	at org.apache.nifi.processors.standard.AbstractExecuteSQL.onTrigger(AbstractExecuteSQL.java:240)
	at org.apache.nifi.processor.AbstractProcessor.onTrigger(AbstractProcessor.java:27)
	at org.apache.nifi.util.StandardProcessorTestRunner$RunProcessor.call(StandardProcessorTestRunner.java:284)
	at org.apache.nifi.util.StandardProcessorTestRunner$RunProcessor.call(StandardProcessorTestRunner.java:278)
	at java.util.concurrent.FutureTask.run(FutureTask.java:266)
	at java.util.concurrent.ScheduledThreadPoolExecutor$ScheduledFutureTask.access$201(ScheduledThreadPoolExecutor.java:180)
	at java.util.concurrent.ScheduledThreadPoolExecutor$ScheduledFutureTask.run(ScheduledThreadPoolExecutor.java:293)
	at java.util.concurrent.ThreadPoolExecutor.runWorker(ThreadPoolExecutor.java:1149)
	at java.util.concurrent.ThreadPoolExecutor$Worker.run(ThreadPoolExecutor.java:624)
	at java.lang.Thread.run(Thread.java:750)
Caused by: ERROR 42X04: Column 'VAL1' is either not in any table in the FROM list or appears within a join specification and is outside the scope of the join specification or appears in a HAVING clause and is not in the GROUP BY list. If this is a CREATE or ALTER TABLE  statement then 'VAL1' is not a column in the target table.
	at org.apache.derby.iapi.error.StandardException.newException(Unknown Source)
	at org.apache.derby.iapi.error.StandardException.newException(Unknown Source)
	at org.apache.derby.impl.sql.compile.ColumnReference.bindExpression(Unknown Source)
	at org.apache.derby.impl.sql.compile.ColumnReference.bindExpression(Unknown Source)
	at org.apache.derby.impl.sql.compile.ResultColumn.bindExpression(Unknown Source)
	at org.apache.derby.impl.sql.compile.ResultColumnList.bindExpressions(Unknown Source)
	at org.apache.derby.impl.sql.compile.SelectNode.bindExpressions(Unknown Source)
	at org.apache.derby.impl.sql.compile.DMLStatementNode.bindExpressions(Unknown Source)
	at org.apache.derby.impl.sql.compile.DMLStatementNode.bind(Unknown Source)
	at org.apache.derby.impl.sql.compile.CursorNode.bindStatement(Unknown Source)
	at org.apache.derby.impl.sql.GenericStatement.prepMinion(Unknown Source)
	at org.apache.derby.impl.sql.GenericStatement.prepare(Unknown Source)
	at org.apache.derby.impl.sql.conn.GenericLanguageConnectionContext.prepareInternalStatement(Unknown Source)
	... 15 more
]]></system-err>
  </testcase>
  <testcase name="testPreQuery" classname="org.apache.nifi.processors.standard.TestExecuteSQL" time="0.024">
    <system-err><![CDATA[[pool-1921-thread-1] DEBUG org.apache.nifi.processors.standard.ExecuteSQL - ExecuteSQL[id=6fd7b954-176a-4bc4-a94d-701d6cd0c6d8] Executing query select * from TEST_NULL_INT
[pool-1921-thread-1] INFO org.apache.nifi.processors.standard.ExecuteSQL - ExecuteSQL[id=6fd7b954-176a-4bc4-a94d-701d6cd0c6d8] FlowFile[1,93395046935665.mockFlowFile,262B] contains 1 records; transferring to 'success'
]]></system-err>
  </testcase>
  <testcase name="testInsertStatementCreatesFlowFile" classname="org.apache.nifi.processors.standard.TestExecuteSQL" time="0.023">
    <system-err><![CDATA[[pool-1922-thread-1] DEBUG org.apache.nifi.processors.standard.ExecuteSQL - ExecuteSQL[id=915d0835-960c-4f82-a77f-e9c7f9d1c757] Executing query insert into TEST_NULL_INT (id, val1, val2) VALUES (0, NULL, 1)
]]></system-err>
  </testcase>
  <testcase name="testNoRowsStatementCreatesEmptyFlowFile" classname="org.apache.nifi.processors.standard.TestExecuteSQL" time="0.022">
    <system-err><![CDATA[[pool-1923-thread-1] DEBUG org.apache.nifi.processors.standard.ExecuteSQL - ExecuteSQL[id=5c17f2d9-31ef-4578-9fd7-147835de0365] Executing query select * from TEST_NULL_INT
[pool-1923-thread-1] INFO org.apache.nifi.processors.standard.ExecuteSQL - ExecuteSQL[id=5c17f2d9-31ef-4578-9fd7-147835de0365] FlowFile[1,93395092411454.mockFlowFile,238B] contains 0 records; transferring to 'success'
]]></system-err>
  </testcase>
  <testcase name="testWithDuplicateColumns" classname="org.apache.nifi.processors.standard.TestExecuteSQL" time="0.032">
    <system-err><![CDATA[[pool-1924-thread-1] DEBUG org.apache.nifi.processors.standard.ExecuteSQL - ExecuteSQL[id=33463cf5-e7b6-45c5-b008-061db1c59a2a] Executing query select a.host as hostA,b.host as hostB from host1 a join host2 b on b.id=a.id
[pool-1924-thread-1] INFO org.apache.nifi.processors.standard.ExecuteSQL - ExecuteSQL[id=33463cf5-e7b6-45c5-b008-061db1c59a2a] FlowFile[0,93395127085807.mockFlowFile,234B] contains 1 records; transferring to 'success'
]]></system-err>
  </testcase>
  <testcase name="testMaxRowsPerFlowFile" classname="org.apache.nifi.processors.standard.TestExecuteSQL" time="1.594">
    <system-err><![CDATA[[pool-1925-thread-1] DEBUG org.apache.nifi.processors.standard.ExecuteSQL - ExecuteSQL[id=98edeca3-ab22-40a7-a815-f227244cc105] Executing query SELECT * FROM TEST_NULL_INT
[pool-1925-thread-1] INFO org.apache.nifi.processors.standard.ExecuteSQL - ExecuteSQL[id=98edeca3-ab22-40a7-a815-f227244cc105] FlowFile[0,93396699302745.mockFlowFile,286B] contains 5 records; transferring to 'success'
[pool-1925-thread-1] INFO org.apache.nifi.processors.standard.ExecuteSQL - ExecuteSQL[id=98edeca3-ab22-40a7-a815-f227244cc105] FlowFile[1,93396699543353.mockFlowFile,286B] contains 5 records; transferring to 'success'
[pool-1925-thread-1] INFO org.apache.nifi.processors.standard.ExecuteSQL - ExecuteSQL[id=98edeca3-ab22-40a7-a815-f227244cc105] FlowFile[2,93396699730806.mockFlowFile,286B] contains 5 records; transferring to 'success'
[pool-1925-thread-1] INFO org.apache.nifi.processors.standard.ExecuteSQL - ExecuteSQL[id=98edeca3-ab22-40a7-a815-f227244cc105] FlowFile[3,93396699903646.mockFlowFile,286B] contains 5 records; transferring to 'success'
[pool-1925-thread-1] INFO org.apache.nifi.processors.standard.ExecuteSQL - ExecuteSQL[id=98edeca3-ab22-40a7-a815-f227244cc105] FlowFile[4,93396699996994.mockFlowFile,286B] contains 5 records; transferring to 'success'
[pool-1925-thread-1] INFO org.apache.nifi.processors.standard.ExecuteSQL - ExecuteSQL[id=98edeca3-ab22-40a7-a815-f227244cc105] FlowFile[5,93396700336228.mockFlowFile,286B] contains 5 records; transferring to 'success'
[pool-1925-thread-1] INFO org.apache.nifi.processors.standard.ExecuteSQL - ExecuteSQL[id=98edeca3-ab22-40a7-a815-f227244cc105] FlowFile[6,93396700421237.mockFlowFile,286B] contains 5 records; transferring to 'success'
[pool-1925-thread-1] INFO org.apache.nifi.processors.standard.ExecuteSQL - ExecuteSQL[id=98edeca3-ab22-40a7-a815-f227244cc105] FlowFile[7,93396700507276.mockFlowFile,286B] contains 5 records; transferring to 'success'
[pool-1925-thread-1] INFO org.apache.nifi.processors.standard.ExecuteSQL - ExecuteSQL[id=98edeca3-ab22-40a7-a815-f227244cc105] FlowFile[8,93396700589130.mockFlowFile,286B] contains 5 records; transferring to 'success'
[pool-1925-thread-1] INFO org.apache.nifi.processors.standard.ExecuteSQL - ExecuteSQL[id=98edeca3-ab22-40a7-a815-f227244cc105] FlowFile[9,93396700658847.mockFlowFile,286B] contains 5 records; transferring to 'success'
[pool-1925-thread-1] INFO org.apache.nifi.processors.standard.ExecuteSQL - ExecuteSQL[id=98edeca3-ab22-40a7-a815-f227244cc105] FlowFile[10,93396700736510.mockFlowFile,286B] contains 5 records; transferring to 'success'
[pool-1925-thread-1] INFO org.apache.nifi.processors.standard.ExecuteSQL - ExecuteSQL[id=98edeca3-ab22-40a7-a815-f227244cc105] FlowFile[11,93396700806092.mockFlowFile,286B] contains 5 records; transferring to 'success'
[pool-1925-thread-1] INFO org.apache.nifi.processors.standard.ExecuteSQL - ExecuteSQL[id=98edeca3-ab22-40a7-a815-f227244cc105] FlowFile[12,93396700873259.mockFlowFile,287B] contains 5 records; transferring to 'success'
[pool-1925-thread-1] INFO org.apache.nifi.processors.standard.ExecuteSQL - ExecuteSQL[id=98edeca3-ab22-40a7-a815-f227244cc105] FlowFile[13,93396700983550.mockFlowFile,291B] contains 5 records; transferring to 'success'
[pool-1925-thread-1] INFO org.apache.nifi.processors.standard.ExecuteSQL - ExecuteSQL[id=98edeca3-ab22-40a7-a815-f227244cc105] FlowFile[14,93396701065260.mockFlowFile,291B] contains 5 records; transferring to 'success'
[pool-1925-thread-1] INFO org.apache.nifi.processors.standard.ExecuteSQL - ExecuteSQL[id=98edeca3-ab22-40a7-a815-f227244cc105] FlowFile[15,93396701132226.mockFlowFile,291B] contains 5 records; transferring to 'success'
[pool-1925-thread-1] INFO org.apache.nifi.processors.standard.ExecuteSQL - ExecuteSQL[id=98edeca3-ab22-40a7-a815-f227244cc105] FlowFile[16,93396701279652.mockFlowFile,291B] contains 5 records; transferring to 'success'
[pool-1925-thread-1] INFO org.apache.nifi.processors.standard.ExecuteSQL - ExecuteSQL[id=98edeca3-ab22-40a7-a815-f227244cc105] FlowFile[17,93396701375342.mockFlowFile,291B] contains 5 records; transferring to 'success'
[pool-1925-thread-1] INFO org.apache.nifi.processors.standard.ExecuteSQL - ExecuteSQL[id=98edeca3-ab22-40a7-a815-f227244cc105] FlowFile[18,93396701446967.mockFlowFile,291B] contains 5 records; transferring to 'success'
[pool-1925-thread-1] INFO org.apache.nifi.processors.standard.ExecuteSQL - ExecuteSQL[id=98edeca3-ab22-40a7-a815-f227244cc105] FlowFile[19,93396701513619.mockFlowFile,291B] contains 5 records; transferring to 'success'
[pool-1925-thread-1] INFO org.apache.nifi.processors.standard.ExecuteSQL - ExecuteSQL[id=98edeca3-ab22-40a7-a815-f227244cc105] FlowFile[20,93396701589235.mockFlowFile,291B] contains 5 records; transferring to 'success'
[pool-1925-thread-1] INFO org.apache.nifi.processors.standard.ExecuteSQL - ExecuteSQL[id=98edeca3-ab22-40a7-a815-f227244cc105] FlowFile[21,93396702038825.mockFlowFile,291B] contains 5 records; transferring to 'success'
[pool-1925-thread-1] INFO org.apache.nifi.processors.standard.ExecuteSQL - ExecuteSQL[id=98edeca3-ab22-40a7-a815-f227244cc105] FlowFile[22,93396702124280.mockFlowFile,291B] contains 5 records; transferring to 'success'
[pool-1925-thread-1] INFO org.apache.nifi.processors.standard.ExecuteSQL - ExecuteSQL[id=98edeca3-ab22-40a7-a815-f227244cc105] FlowFile[23,93396702216632.mockFlowFile,291B] contains 5 records; transferring to 'success'
[pool-1925-thread-1] INFO org.apache.nifi.processors.standard.ExecuteSQL - ExecuteSQL[id=98edeca3-ab22-40a7-a815-f227244cc105] FlowFile[24,93396702319396.mockFlowFile,291B] contains 5 records; transferring to 'success'
[pool-1925-thread-1] INFO org.apache.nifi.processors.standard.ExecuteSQL - ExecuteSQL[id=98edeca3-ab22-40a7-a815-f227244cc105] FlowFile[25,93396702432711.mockFlowFile,291B] contains 5 records; transferring to 'success'
[pool-1925-thread-1] INFO org.apache.nifi.processors.standard.ExecuteSQL - ExecuteSQL[id=98edeca3-ab22-40a7-a815-f227244cc105] FlowFile[26,93396702602492.mockFlowFile,291B] contains 5 records; transferring to 'success'
[pool-1925-thread-1] INFO org.apache.nifi.processors.standard.ExecuteSQL - ExecuteSQL[id=98edeca3-ab22-40a7-a815-f227244cc105] FlowFile[27,93396702676153.mockFlowFile,291B] contains 5 records; transferring to 'success'
[pool-1925-thread-1] INFO org.apache.nifi.processors.standard.ExecuteSQL - ExecuteSQL[id=98edeca3-ab22-40a7-a815-f227244cc105] FlowFile[28,93396702798251.mockFlowFile,291B] contains 5 records; transferring to 'success'
[pool-1925-thread-1] INFO org.apache.nifi.processors.standard.ExecuteSQL - ExecuteSQL[id=98edeca3-ab22-40a7-a815-f227244cc105] FlowFile[29,93396702878269.mockFlowFile,291B] contains 5 records; transferring to 'success'
[pool-1925-thread-1] INFO org.apache.nifi.processors.standard.ExecuteSQL - ExecuteSQL[id=98edeca3-ab22-40a7-a815-f227244cc105] FlowFile[30,93396702946497.mockFlowFile,291B] contains 5 records; transferring to 'success'
[pool-1925-thread-1] INFO org.apache.nifi.processors.standard.ExecuteSQL - ExecuteSQL[id=98edeca3-ab22-40a7-a815-f227244cc105] FlowFile[31,93396703013746.mockFlowFile,291B] contains 5 records; transferring to 'success'
[pool-1925-thread-1] INFO org.apache.nifi.processors.standard.ExecuteSQL - ExecuteSQL[id=98edeca3-ab22-40a7-a815-f227244cc105] FlowFile[32,93396703086088.mockFlowFile,291B] contains 5 records; transferring to 'success'
[pool-1925-thread-1] INFO org.apache.nifi.processors.standard.ExecuteSQL - ExecuteSQL[id=98edeca3-ab22-40a7-a815-f227244cc105] FlowFile[33,93396703162486.mockFlowFile,291B] contains 5 records; transferring to 'success'
[pool-1925-thread-1] INFO org.apache.nifi.processors.standard.ExecuteSQL - ExecuteSQL[id=98edeca3-ab22-40a7-a815-f227244cc105] FlowFile[34,93396703232310.mockFlowFile,291B] contains 5 records; transferring to 'success'
[pool-1925-thread-1] INFO org.apache.nifi.processors.standard.ExecuteSQL - ExecuteSQL[id=98edeca3-ab22-40a7-a815-f227244cc105] FlowFile[35,93396703297851.mockFlowFile,291B] contains 5 records; transferring to 'success'
[pool-1925-thread-1] INFO org.apache.nifi.processors.standard.ExecuteSQL - ExecuteSQL[id=98edeca3-ab22-40a7-a815-f227244cc105] FlowFile[36,93396703373944.mockFlowFile,291B] contains 5 records; transferring to 'success'
[pool-1925-thread-1] INFO org.apache.nifi.processors.standard.ExecuteSQL - ExecuteSQL[id=98edeca3-ab22-40a7-a815-f227244cc105] FlowFile[37,93396703441706.mockFlowFile,291B] contains 5 records; transferring to 'success'
[pool-1925-thread-1] INFO org.apache.nifi.processors.standard.ExecuteSQL - ExecuteSQL[id=98edeca3-ab22-40a7-a815-f227244cc105] FlowFile[38,93396703507240.mockFlowFile,291B] contains 5 records; transferring to 'success'
[pool-1925-thread-1] INFO org.apache.nifi.processors.standard.ExecuteSQL - ExecuteSQL[id=98edeca3-ab22-40a7-a815-f227244cc105] FlowFile[39,93396703585929.mockFlowFile,291B] contains 5 records; transferring to 'success'
[pool-1925-thread-1] INFO org.apache.nifi.processors.standard.ExecuteSQL - ExecuteSQL[id=98edeca3-ab22-40a7-a815-f227244cc105] FlowFile[40,93396703658727.mockFlowFile,291B] contains 5 records; transferring to 'success'
[pool-1925-thread-1] INFO org.apache.nifi.processors.standard.ExecuteSQL - ExecuteSQL[id=98edeca3-ab22-40a7-a815-f227244cc105] FlowFile[41,93396703724871.mockFlowFile,291B] contains 5 records; transferring to 'success'
[pool-1925-thread-1] INFO org.apache.nifi.processors.standard.ExecuteSQL - ExecuteSQL[id=98edeca3-ab22-40a7-a815-f227244cc105] FlowFile[42,93396703799918.mockFlowFile,291B] contains 5 records; transferring to 'success'
[pool-1925-thread-1] INFO org.apache.nifi.processors.standard.ExecuteSQL - ExecuteSQL[id=98edeca3-ab22-40a7-a815-f227244cc105] FlowFile[43,93396703865874.mockFlowFile,291B] contains 5 records; transferring to 'success'
[pool-1925-thread-1] INFO org.apache.nifi.processors.standard.ExecuteSQL - ExecuteSQL[id=98edeca3-ab22-40a7-a815-f227244cc105] FlowFile[44,93396703931340.mockFlowFile,291B] contains 5 records; transferring to 'success'
[pool-1925-thread-1] INFO org.apache.nifi.processors.standard.ExecuteSQL - ExecuteSQL[id=98edeca3-ab22-40a7-a815-f227244cc105] FlowFile[45,93396704039375.mockFlowFile,291B] contains 5 records; transferring to 'success'
[pool-1925-thread-1] INFO org.apache.nifi.processors.standard.ExecuteSQL - ExecuteSQL[id=98edeca3-ab22-40a7-a815-f227244cc105] FlowFile[46,93396704123204.mockFlowFile,291B] contains 5 records; transferring to 'success'
[pool-1925-thread-1] INFO org.apache.nifi.processors.standard.ExecuteSQL - ExecuteSQL[id=98edeca3-ab22-40a7-a815-f227244cc105] FlowFile[47,93396704191051.mockFlowFile,291B] contains 5 records; transferring to 'success'
[pool-1925-thread-1] INFO org.apache.nifi.processors.standard.ExecuteSQL - ExecuteSQL[id=98edeca3-ab22-40a7-a815-f227244cc105] FlowFile[48,93396704261361.mockFlowFile,291B] contains 5 records; transferring to 'success'
[pool-1925-thread-1] INFO org.apache.nifi.processors.standard.ExecuteSQL - ExecuteSQL[id=98edeca3-ab22-40a7-a815-f227244cc105] FlowFile[49,93396704345599.mockFlowFile,291B] contains 5 records; transferring to 'success'
[pool-1925-thread-1] INFO org.apache.nifi.processors.standard.ExecuteSQL - ExecuteSQL[id=98edeca3-ab22-40a7-a815-f227244cc105] FlowFile[50,93396704412994.mockFlowFile,291B] contains 5 records; transferring to 'success'
[pool-1925-thread-1] INFO org.apache.nifi.processors.standard.ExecuteSQL - ExecuteSQL[id=98edeca3-ab22-40a7-a815-f227244cc105] FlowFile[51,93396704478657.mockFlowFile,291B] contains 5 records; transferring to 'success'
[pool-1925-thread-1] INFO org.apache.nifi.processors.standard.ExecuteSQL - ExecuteSQL[id=98edeca3-ab22-40a7-a815-f227244cc105] FlowFile[52,93396704554039.mockFlowFile,291B] contains 5 records; transferring to 'success'
[pool-1925-thread-1] INFO org.apache.nifi.processors.standard.ExecuteSQL - ExecuteSQL[id=98edeca3-ab22-40a7-a815-f227244cc105] FlowFile[53,93396704620235.mockFlowFile,291B] contains 5 records; transferring to 'success'
[pool-1925-thread-1] INFO org.apache.nifi.processors.standard.ExecuteSQL - ExecuteSQL[id=98edeca3-ab22-40a7-a815-f227244cc105] FlowFile[54,93396704684512.mockFlowFile,291B] contains 5 records; transferring to 'success'
[pool-1925-thread-1] INFO org.apache.nifi.processors.standard.ExecuteSQL - ExecuteSQL[id=98edeca3-ab22-40a7-a815-f227244cc105] FlowFile[55,93396704759001.mockFlowFile,291B] contains 5 records; transferring to 'success'
[pool-1925-thread-1] INFO org.apache.nifi.processors.standard.ExecuteSQL - ExecuteSQL[id=98edeca3-ab22-40a7-a815-f227244cc105] FlowFile[56,93396704920536.mockFlowFile,291B] contains 5 records; transferring to 'success'
[pool-1925-thread-1] INFO org.apache.nifi.processors.standard.ExecuteSQL - ExecuteSQL[id=98edeca3-ab22-40a7-a815-f227244cc105] FlowFile[57,93396705024446.mockFlowFile,291B] contains 5 records; transferring to 'success'
[pool-1925-thread-1] INFO org.apache.nifi.processors.standard.ExecuteSQL - ExecuteSQL[id=98edeca3-ab22-40a7-a815-f227244cc105] FlowFile[58,93396705152576.mockFlowFile,291B] contains 5 records; transferring to 'success'
[pool-1925-thread-1] INFO org.apache.nifi.processors.standard.ExecuteSQL - ExecuteSQL[id=98edeca3-ab22-40a7-a815-f227244cc105] FlowFile[59,93396705262978.mockFlowFile,291B] contains 5 records; transferring to 'success'
[pool-1925-thread-1] INFO org.apache.nifi.processors.standard.ExecuteSQL - ExecuteSQL[id=98edeca3-ab22-40a7-a815-f227244cc105] FlowFile[60,93396705372397.mockFlowFile,291B] contains 5 records; transferring to 'success'
[pool-1925-thread-1] INFO org.apache.nifi.processors.standard.ExecuteSQL - ExecuteSQL[id=98edeca3-ab22-40a7-a815-f227244cc105] FlowFile[61,93396705499703.mockFlowFile,291B] contains 5 records; transferring to 'success'
[pool-1925-thread-1] INFO org.apache.nifi.processors.standard.ExecuteSQL - ExecuteSQL[id=98edeca3-ab22-40a7-a815-f227244cc105] FlowFile[62,93396705610204.mockFlowFile,291B] contains 5 records; transferring to 'success'
[pool-1925-thread-1] INFO org.apache.nifi.processors.standard.ExecuteSQL - ExecuteSQL[id=98edeca3-ab22-40a7-a815-f227244cc105] FlowFile[63,93396705721380.mockFlowFile,291B] contains 5 records; transferring to 'success'
[pool-1925-thread-1] INFO org.apache.nifi.processors.standard.ExecuteSQL - ExecuteSQL[id=98edeca3-ab22-40a7-a815-f227244cc105] FlowFile[64,93396705836501.mockFlowFile,291B] contains 5 records; transferring to 'success'
[pool-1925-thread-1] INFO org.apache.nifi.processors.standard.ExecuteSQL - ExecuteSQL[id=98edeca3-ab22-40a7-a815-f227244cc105] FlowFile[65,93396705966883.mockFlowFile,291B] contains 5 records; transferring to 'success'
[pool-1925-thread-1] INFO org.apache.nifi.processors.standard.ExecuteSQL - ExecuteSQL[id=98edeca3-ab22-40a7-a815-f227244cc105] FlowFile[66,93396706076397.mockFlowFile,291B] contains 5 records; transferring to 'success'
[pool-1925-thread-1] INFO org.apache.nifi.processors.standard.ExecuteSQL - ExecuteSQL[id=98edeca3-ab22-40a7-a815-f227244cc105] FlowFile[67,93396706178468.mockFlowFile,291B] contains 5 records; transferring to 'success'
[pool-1925-thread-1] INFO org.apache.nifi.processors.standard.ExecuteSQL - ExecuteSQL[id=98edeca3-ab22-40a7-a815-f227244cc105] FlowFile[68,93396706309658.mockFlowFile,291B] contains 5 records; transferring to 'success'
[pool-1925-thread-1] INFO org.apache.nifi.processors.standard.ExecuteSQL - ExecuteSQL[id=98edeca3-ab22-40a7-a815-f227244cc105] FlowFile[69,93396706418039.mockFlowFile,291B] contains 5 records; transferring to 'success'
[pool-1925-thread-1] INFO org.apache.nifi.processors.standard.ExecuteSQL - ExecuteSQL[id=98edeca3-ab22-40a7-a815-f227244cc105] FlowFile[70,93396706565801.mockFlowFile,291B] contains 5 records; transferring to 'success'
[pool-1925-thread-1] INFO org.apache.nifi.processors.standard.ExecuteSQL - ExecuteSQL[id=98edeca3-ab22-40a7-a815-f227244cc105] FlowFile[71,93396706696660.mockFlowFile,291B] contains 5 records; transferring to 'success'
[pool-1925-thread-1] INFO org.apache.nifi.processors.standard.ExecuteSQL - ExecuteSQL[id=98edeca3-ab22-40a7-a815-f227244cc105] FlowFile[72,93396706816329.mockFlowFile,291B] contains 5 records; transferring to 'success'
[pool-1925-thread-1] INFO org.apache.nifi.processors.standard.ExecuteSQL - ExecuteSQL[id=98edeca3-ab22-40a7-a815-f227244cc105] FlowFile[73,93396706956242.mockFlowFile,291B] contains 5 records; transferring to 'success'
[pool-1925-thread-1] INFO org.apache.nifi.processors.standard.ExecuteSQL - ExecuteSQL[id=98edeca3-ab22-40a7-a815-f227244cc105] FlowFile[74,93396707089714.mockFlowFile,291B] contains 5 records; transferring to 'success'
[pool-1925-thread-1] INFO org.apache.nifi.processors.standard.ExecuteSQL - ExecuteSQL[id=98edeca3-ab22-40a7-a815-f227244cc105] FlowFile[75,93396707202814.mockFlowFile,291B] contains 5 records; transferring to 'success'
[pool-1925-thread-1] INFO org.apache.nifi.processors.standard.ExecuteSQL - ExecuteSQL[id=98edeca3-ab22-40a7-a815-f227244cc105] FlowFile[76,93396707358628.mockFlowFile,291B] contains 5 records; transferring to 'success'
[pool-1925-thread-1] INFO org.apache.nifi.processors.standard.ExecuteSQL - ExecuteSQL[id=98edeca3-ab22-40a7-a815-f227244cc105] FlowFile[77,93396707493593.mockFlowFile,291B] contains 5 records; transferring to 'success'
[pool-1925-thread-1] INFO org.apache.nifi.processors.standard.ExecuteSQL - ExecuteSQL[id=98edeca3-ab22-40a7-a815-f227244cc105] FlowFile[78,93396707613064.mockFlowFile,291B] contains 5 records; transferring to 'success'
[pool-1925-thread-1] INFO org.apache.nifi.processors.standard.ExecuteSQL - ExecuteSQL[id=98edeca3-ab22-40a7-a815-f227244cc105] FlowFile[79,93396707726400.mockFlowFile,291B] contains 5 records; transferring to 'success'
[pool-1925-thread-1] INFO org.apache.nifi.processors.standard.ExecuteSQL - ExecuteSQL[id=98edeca3-ab22-40a7-a815-f227244cc105] FlowFile[80,93396707845712.mockFlowFile,291B] contains 5 records; transferring to 'success'
[pool-1925-thread-1] INFO org.apache.nifi.processors.standard.ExecuteSQL - ExecuteSQL[id=98edeca3-ab22-40a7-a815-f227244cc105] FlowFile[81,93396707985174.mockFlowFile,291B] contains 5 records; transferring to 'success'
[pool-1925-thread-1] INFO org.apache.nifi.processors.standard.ExecuteSQL - ExecuteSQL[id=98edeca3-ab22-40a7-a815-f227244cc105] FlowFile[82,93396708119027.mockFlowFile,291B] contains 5 records; transferring to 'success'
[pool-1925-thread-1] INFO org.apache.nifi.processors.standard.ExecuteSQL - ExecuteSQL[id=98edeca3-ab22-40a7-a815-f227244cc105] FlowFile[83,93396708230892.mockFlowFile,291B] contains 5 records; transferring to 'success'
[pool-1925-thread-1] INFO org.apache.nifi.processors.standard.ExecuteSQL - ExecuteSQL[id=98edeca3-ab22-40a7-a815-f227244cc105] FlowFile[84,93396708359917.mockFlowFile,291B] contains 5 records; transferring to 'success'
[pool-1925-thread-1] INFO org.apache.nifi.processors.standard.ExecuteSQL - ExecuteSQL[id=98edeca3-ab22-40a7-a815-f227244cc105] FlowFile[85,93396708475976.mockFlowFile,291B] contains 5 records; transferring to 'success'
[pool-1925-thread-1] INFO org.apache.nifi.processors.standard.ExecuteSQL - ExecuteSQL[id=98edeca3-ab22-40a7-a815-f227244cc105] FlowFile[86,93396708589400.mockFlowFile,291B] contains 5 records; transferring to 'success'
[pool-1925-thread-1] INFO org.apache.nifi.processors.standard.ExecuteSQL - ExecuteSQL[id=98edeca3-ab22-40a7-a815-f227244cc105] FlowFile[87,93396708748250.mockFlowFile,291B] contains 5 records; transferring to 'success'
[pool-1925-thread-1] INFO org.apache.nifi.processors.standard.ExecuteSQL - ExecuteSQL[id=98edeca3-ab22-40a7-a815-f227244cc105] FlowFile[88,93396708878094.mockFlowFile,291B] contains 5 records; transferring to 'success'
[pool-1925-thread-1] INFO org.apache.nifi.processors.standard.ExecuteSQL - ExecuteSQL[id=98edeca3-ab22-40a7-a815-f227244cc105] FlowFile[89,93396709008563.mockFlowFile,291B] contains 5 records; transferring to 'success'
[pool-1925-thread-1] INFO org.apache.nifi.processors.standard.ExecuteSQL - ExecuteSQL[id=98edeca3-ab22-40a7-a815-f227244cc105] FlowFile[90,93396709139794.mockFlowFile,291B] contains 5 records; transferring to 'success'
[pool-1925-thread-1] INFO org.apache.nifi.processors.standard.ExecuteSQL - ExecuteSQL[id=98edeca3-ab22-40a7-a815-f227244cc105] FlowFile[91,93396709255857.mockFlowFile,291B] contains 5 records; transferring to 'success'
[pool-1925-thread-1] INFO org.apache.nifi.processors.standard.ExecuteSQL - ExecuteSQL[id=98edeca3-ab22-40a7-a815-f227244cc105] FlowFile[92,93396709365583.mockFlowFile,291B] contains 5 records; transferring to 'success'
[pool-1925-thread-1] INFO org.apache.nifi.processors.standard.ExecuteSQL - ExecuteSQL[id=98edeca3-ab22-40a7-a815-f227244cc105] FlowFile[93,93396709504335.mockFlowFile,291B] contains 5 records; transferring to 'success'
[pool-1925-thread-1] INFO org.apache.nifi.processors.standard.ExecuteSQL - ExecuteSQL[id=98edeca3-ab22-40a7-a815-f227244cc105] FlowFile[94,93396709616986.mockFlowFile,291B] contains 5 records; transferring to 'success'
[pool-1925-thread-1] INFO org.apache.nifi.processors.standard.ExecuteSQL - ExecuteSQL[id=98edeca3-ab22-40a7-a815-f227244cc105] FlowFile[95,93396709723570.mockFlowFile,291B] contains 5 records; transferring to 'success'
[pool-1925-thread-1] INFO org.apache.nifi.processors.standard.ExecuteSQL - ExecuteSQL[id=98edeca3-ab22-40a7-a815-f227244cc105] FlowFile[96,93396709843000.mockFlowFile,291B] contains 5 records; transferring to 'success'
[pool-1925-thread-1] INFO org.apache.nifi.processors.standard.ExecuteSQL - ExecuteSQL[id=98edeca3-ab22-40a7-a815-f227244cc105] FlowFile[97,93396709994832.mockFlowFile,291B] contains 5 records; transferring to 'success'
[pool-1925-thread-1] INFO org.apache.nifi.processors.standard.ExecuteSQL - ExecuteSQL[id=98edeca3-ab22-40a7-a815-f227244cc105] FlowFile[98,93396710105142.mockFlowFile,291B] contains 5 records; transferring to 'success'
[pool-1925-thread-1] INFO org.apache.nifi.processors.standard.ExecuteSQL - ExecuteSQL[id=98edeca3-ab22-40a7-a815-f227244cc105] FlowFile[99,93396710210218.mockFlowFile,291B] contains 5 records; transferring to 'success'
[pool-1925-thread-1] INFO org.apache.nifi.processors.standard.ExecuteSQL - ExecuteSQL[id=98edeca3-ab22-40a7-a815-f227244cc105] FlowFile[100,93396710330978.mockFlowFile,291B] contains 5 records; transferring to 'success'
[pool-1925-thread-1] INFO org.apache.nifi.processors.standard.ExecuteSQL - ExecuteSQL[id=98edeca3-ab22-40a7-a815-f227244cc105] FlowFile[101,93396710438728.mockFlowFile,291B] contains 5 records; transferring to 'success'
[pool-1925-thread-1] INFO org.apache.nifi.processors.standard.ExecuteSQL - ExecuteSQL[id=98edeca3-ab22-40a7-a815-f227244cc105] FlowFile[102,93396710549445.mockFlowFile,291B] contains 5 records; transferring to 'success'
[pool-1925-thread-1] INFO org.apache.nifi.processors.standard.ExecuteSQL - ExecuteSQL[id=98edeca3-ab22-40a7-a815-f227244cc105] FlowFile[103,93396710716008.mockFlowFile,291B] contains 5 records; transferring to 'success'
[pool-1925-thread-1] INFO org.apache.nifi.processors.standard.ExecuteSQL - ExecuteSQL[id=98edeca3-ab22-40a7-a815-f227244cc105] FlowFile[104,93396710837048.mockFlowFile,291B] contains 5 records; transferring to 'success'
[pool-1925-thread-1] INFO org.apache.nifi.processors.standard.ExecuteSQL - ExecuteSQL[id=98edeca3-ab22-40a7-a815-f227244cc105] FlowFile[105,93396710941672.mockFlowFile,291B] contains 5 records; transferring to 'success'
[pool-1925-thread-1] INFO org.apache.nifi.processors.standard.ExecuteSQL - ExecuteSQL[id=98edeca3-ab22-40a7-a815-f227244cc105] FlowFile[106,93396711073561.mockFlowFile,291B] contains 5 records; transferring to 'success'
[pool-1925-thread-1] INFO org.apache.nifi.processors.standard.ExecuteSQL - ExecuteSQL[id=98edeca3-ab22-40a7-a815-f227244cc105] FlowFile[107,93396711182374.mockFlowFile,291B] contains 5 records; transferring to 'success'
[pool-1925-thread-1] INFO org.apache.nifi.processors.standard.ExecuteSQL - ExecuteSQL[id=98edeca3-ab22-40a7-a815-f227244cc105] FlowFile[108,93396711290969.mockFlowFile,291B] contains 5 records; transferring to 'success'
[pool-1925-thread-1] INFO org.apache.nifi.processors.standard.ExecuteSQL - ExecuteSQL[id=98edeca3-ab22-40a7-a815-f227244cc105] FlowFile[109,93396711420944.mockFlowFile,291B] contains 5 records; transferring to 'success'
[pool-1925-thread-1] INFO org.apache.nifi.processors.standard.ExecuteSQL - ExecuteSQL[id=98edeca3-ab22-40a7-a815-f227244cc105] FlowFile[110,93396711526458.mockFlowFile,291B] contains 5 records; transferring to 'success'
[pool-1925-thread-1] INFO org.apache.nifi.processors.standard.ExecuteSQL - ExecuteSQL[id=98edeca3-ab22-40a7-a815-f227244cc105] FlowFile[111,93396711630448.mockFlowFile,291B] contains 5 records; transferring to 'success'
[pool-1925-thread-1] INFO org.apache.nifi.processors.standard.ExecuteSQL - ExecuteSQL[id=98edeca3-ab22-40a7-a815-f227244cc105] FlowFile[112,93396711839921.mockFlowFile,291B] contains 5 records; transferring to 'success'
[pool-1925-thread-1] INFO org.apache.nifi.processors.standard.ExecuteSQL - ExecuteSQL[id=98edeca3-ab22-40a7-a815-f227244cc105] FlowFile[113,93396712013989.mockFlowFile,291B] contains 5 records; transferring to 'success'
[pool-1925-thread-1] INFO org.apache.nifi.processors.standard.ExecuteSQL - ExecuteSQL[id=98edeca3-ab22-40a7-a815-f227244cc105] FlowFile[114,93396712147441.mockFlowFile,291B] contains 5 records; transferring to 'success'
[pool-1925-thread-1] INFO org.apache.nifi.processors.standard.ExecuteSQL - ExecuteSQL[id=98edeca3-ab22-40a7-a815-f227244cc105] FlowFile[115,93396712262972.mockFlowFile,291B] contains 5 records; transferring to 'success'
[pool-1925-thread-1] INFO org.apache.nifi.processors.standard.ExecuteSQL - ExecuteSQL[id=98edeca3-ab22-40a7-a815-f227244cc105] FlowFile[116,93396712395090.mockFlowFile,291B] contains 5 records; transferring to 'success'
[pool-1925-thread-1] INFO org.apache.nifi.processors.standard.ExecuteSQL - ExecuteSQL[id=98edeca3-ab22-40a7-a815-f227244cc105] FlowFile[117,93396712504008.mockFlowFile,291B] contains 5 records; transferring to 'success'
[pool-1925-thread-1] INFO org.apache.nifi.processors.standard.ExecuteSQL - ExecuteSQL[id=98edeca3-ab22-40a7-a815-f227244cc105] FlowFile[118,93396712619177.mockFlowFile,291B] contains 5 records; transferring to 'success'
[pool-1925-thread-1] INFO org.apache.nifi.processors.standard.ExecuteSQL - ExecuteSQL[id=98edeca3-ab22-40a7-a815-f227244cc105] FlowFile[119,93396712747227.mockFlowFile,291B] contains 5 records; transferring to 'success'
[pool-1925-thread-1] INFO org.apache.nifi.processors.standard.ExecuteSQL - ExecuteSQL[id=98edeca3-ab22-40a7-a815-f227244cc105] FlowFile[120,93396712864332.mockFlowFile,291B] contains 5 records; transferring to 'success'
[pool-1925-thread-1] INFO org.apache.nifi.processors.standard.ExecuteSQL - ExecuteSQL[id=98edeca3-ab22-40a7-a815-f227244cc105] FlowFile[121,93396712969449.mockFlowFile,291B] contains 5 records; transferring to 'success'
[pool-1925-thread-1] INFO org.apache.nifi.processors.standard.ExecuteSQL - ExecuteSQL[id=98edeca3-ab22-40a7-a815-f227244cc105] FlowFile[122,93396713105383.mockFlowFile,291B] contains 5 records; transferring to 'success'
[pool-1925-thread-1] INFO org.apache.nifi.processors.standard.ExecuteSQL - ExecuteSQL[id=98edeca3-ab22-40a7-a815-f227244cc105] FlowFile[123,93396713209038.mockFlowFile,291B] contains 5 records; transferring to 'success'
[pool-1925-thread-1] INFO org.apache.nifi.processors.standard.ExecuteSQL - ExecuteSQL[id=98edeca3-ab22-40a7-a815-f227244cc105] FlowFile[124,93396713327017.mockFlowFile,291B] contains 5 records; transferring to 'success'
[pool-1925-thread-1] INFO org.apache.nifi.processors.standard.ExecuteSQL - ExecuteSQL[id=98edeca3-ab22-40a7-a815-f227244cc105] FlowFile[125,93396713452173.mockFlowFile,291B] contains 5 records; transferring to 'success'
[pool-1925-thread-1] INFO org.apache.nifi.processors.standard.ExecuteSQL - ExecuteSQL[id=98edeca3-ab22-40a7-a815-f227244cc105] FlowFile[126,93396713554024.mockFlowFile,291B] contains 5 records; transferring to 'success'
[pool-1925-thread-1] INFO org.apache.nifi.processors.standard.ExecuteSQL - ExecuteSQL[id=98edeca3-ab22-40a7-a815-f227244cc105] FlowFile[127,93396713652410.mockFlowFile,291B] contains 5 records; transferring to 'success'
[pool-1925-thread-1] INFO org.apache.nifi.processors.standard.ExecuteSQL - ExecuteSQL[id=98edeca3-ab22-40a7-a815-f227244cc105] FlowFile[128,93396713795479.mockFlowFile,291B] contains 5 records; transferring to 'success'
[pool-1925-thread-1] INFO org.apache.nifi.processors.standard.ExecuteSQL - ExecuteSQL[id=98edeca3-ab22-40a7-a815-f227244cc105] FlowFile[129,93396714017879.mockFlowFile,291B] contains 5 records; transferring to 'success'
[pool-1925-thread-1] INFO org.apache.nifi.processors.standard.ExecuteSQL - ExecuteSQL[id=98edeca3-ab22-40a7-a815-f227244cc105] FlowFile[130,93396714150551.mockFlowFile,291B] contains 5 records; transferring to 'success'
[pool-1925-thread-1] INFO org.apache.nifi.processors.standard.ExecuteSQL - ExecuteSQL[id=98edeca3-ab22-40a7-a815-f227244cc105] FlowFile[131,93396714263125.mockFlowFile,291B] contains 5 records; transferring to 'success'
[pool-1925-thread-1] INFO org.apache.nifi.processors.standard.ExecuteSQL - ExecuteSQL[id=98edeca3-ab22-40a7-a815-f227244cc105] FlowFile[132,93396714417222.mockFlowFile,291B] contains 5 records; transferring to 'success'
[pool-1925-thread-1] INFO org.apache.nifi.processors.standard.ExecuteSQL - ExecuteSQL[id=98edeca3-ab22-40a7-a815-f227244cc105] FlowFile[133,93396714543700.mockFlowFile,291B] contains 5 records; transferring to 'success'
[pool-1925-thread-1] INFO org.apache.nifi.processors.standard.ExecuteSQL - ExecuteSQL[id=98edeca3-ab22-40a7-a815-f227244cc105] FlowFile[134,93396714657976.mockFlowFile,291B] contains 5 records; transferring to 'success'
[pool-1925-thread-1] INFO org.apache.nifi.processors.standard.ExecuteSQL - ExecuteSQL[id=98edeca3-ab22-40a7-a815-f227244cc105] FlowFile[135,93396714783496.mockFlowFile,291B] contains 5 records; transferring to 'success'
[pool-1925-thread-1] INFO org.apache.nifi.processors.standard.ExecuteSQL - ExecuteSQL[id=98edeca3-ab22-40a7-a815-f227244cc105] FlowFile[136,93396714881885.mockFlowFile,291B] contains 5 records; transferring to 'success'
[pool-1925-thread-1] INFO org.apache.nifi.processors.standard.ExecuteSQL - ExecuteSQL[id=98edeca3-ab22-40a7-a815-f227244cc105] FlowFile[137,93396714952674.mockFlowFile,291B] contains 5 records; transferring to 'success'
[pool-1925-thread-1] INFO org.apache.nifi.processors.standard.ExecuteSQL - ExecuteSQL[id=98edeca3-ab22-40a7-a815-f227244cc105] FlowFile[138,93396715033212.mockFlowFile,291B] contains 5 records; transferring to 'success'
[pool-1925-thread-1] INFO org.apache.nifi.processors.standard.ExecuteSQL - ExecuteSQL[id=98edeca3-ab22-40a7-a815-f227244cc105] FlowFile[139,93396715100310.mockFlowFile,291B] contains 5 records; transferring to 'success'
[pool-1925-thread-1] INFO org.apache.nifi.processors.standard.ExecuteSQL - ExecuteSQL[id=98edeca3-ab22-40a7-a815-f227244cc105] FlowFile[140,93396715167213.mockFlowFile,291B] contains 5 records; transferring to 'success'
[pool-1925-thread-1] INFO org.apache.nifi.processors.standard.ExecuteSQL - ExecuteSQL[id=98edeca3-ab22-40a7-a815-f227244cc105] FlowFile[141,93396715240989.mockFlowFile,291B] contains 5 records; transferring to 'success'
[pool-1925-thread-1] INFO org.apache.nifi.processors.standard.ExecuteSQL - ExecuteSQL[id=98edeca3-ab22-40a7-a815-f227244cc105] FlowFile[142,93396715491750.mockFlowFile,291B] contains 5 records; transferring to 'success'
[pool-1925-thread-1] INFO org.apache.nifi.processors.standard.ExecuteSQL - ExecuteSQL[id=98edeca3-ab22-40a7-a815-f227244cc105] FlowFile[143,93396715557088.mockFlowFile,291B] contains 5 records; transferring to 'success'
[pool-1925-thread-1] INFO org.apache.nifi.processors.standard.ExecuteSQL - ExecuteSQL[id=98edeca3-ab22-40a7-a815-f227244cc105] FlowFile[144,93396715631620.mockFlowFile,291B] contains 5 records; transferring to 'success'
[pool-1925-thread-1] INFO org.apache.nifi.processors.standard.ExecuteSQL - ExecuteSQL[id=98edeca3-ab22-40a7-a815-f227244cc105] FlowFile[145,93396715705648.mockFlowFile,291B] contains 5 records; transferring to 'success'
[pool-1925-thread-1] INFO org.apache.nifi.processors.standard.ExecuteSQL - ExecuteSQL[id=98edeca3-ab22-40a7-a815-f227244cc105] FlowFile[146,93396715770145.mockFlowFile,291B] contains 5 records; transferring to 'success'
[pool-1925-thread-1] INFO org.apache.nifi.processors.standard.ExecuteSQL - ExecuteSQL[id=98edeca3-ab22-40a7-a815-f227244cc105] FlowFile[147,93396715833682.mockFlowFile,291B] contains 5 records; transferring to 'success'
[pool-1925-thread-1] INFO org.apache.nifi.processors.standard.ExecuteSQL - ExecuteSQL[id=98edeca3-ab22-40a7-a815-f227244cc105] FlowFile[148,93396715904133.mockFlowFile,291B] contains 5 records; transferring to 'success'
[pool-1925-thread-1] INFO org.apache.nifi.processors.standard.ExecuteSQL - ExecuteSQL[id=98edeca3-ab22-40a7-a815-f227244cc105] FlowFile[149,93396715970386.mockFlowFile,291B] contains 5 records; transferring to 'success'
[pool-1925-thread-1] INFO org.apache.nifi.processors.standard.ExecuteSQL - ExecuteSQL[id=98edeca3-ab22-40a7-a815-f227244cc105] FlowFile[150,93396716117346.mockFlowFile,291B] contains 5 records; transferring to 'success'
[pool-1925-thread-1] INFO org.apache.nifi.processors.standard.ExecuteSQL - ExecuteSQL[id=98edeca3-ab22-40a7-a815-f227244cc105] FlowFile[151,93396716195635.mockFlowFile,291B] contains 5 records; transferring to 'success'
[pool-1925-thread-1] INFO org.apache.nifi.processors.standard.ExecuteSQL - ExecuteSQL[id=98edeca3-ab22-40a7-a815-f227244cc105] FlowFile[152,93396716266885.mockFlowFile,291B] contains 5 records; transferring to 'success'
[pool-1925-thread-1] INFO org.apache.nifi.processors.standard.ExecuteSQL - ExecuteSQL[id=98edeca3-ab22-40a7-a815-f227244cc105] FlowFile[153,93396716329918.mockFlowFile,291B] contains 5 records; transferring to 'success'
[pool-1925-thread-1] INFO org.apache.nifi.processors.standard.ExecuteSQL - ExecuteSQL[id=98edeca3-ab22-40a7-a815-f227244cc105] FlowFile[154,93396716402308.mockFlowFile,291B] contains 5 records; transferring to 'success'
[pool-1925-thread-1] INFO org.apache.nifi.processors.standard.ExecuteSQL - ExecuteSQL[id=98edeca3-ab22-40a7-a815-f227244cc105] FlowFile[155,93396716463592.mockFlowFile,291B] contains 5 records; transferring to 'success'
[pool-1925-thread-1] INFO org.apache.nifi.processors.standard.ExecuteSQL - ExecuteSQL[id=98edeca3-ab22-40a7-a815-f227244cc105] FlowFile[156,93396716525075.mockFlowFile,291B] contains 5 records; transferring to 'success'
[pool-1925-thread-1] INFO org.apache.nifi.processors.standard.ExecuteSQL - ExecuteSQL[id=98edeca3-ab22-40a7-a815-f227244cc105] FlowFile[157,93396716640603.mockFlowFile,291B] contains 5 records; transferring to 'success'
[pool-1925-thread-1] INFO org.apache.nifi.processors.standard.ExecuteSQL - ExecuteSQL[id=98edeca3-ab22-40a7-a815-f227244cc105] FlowFile[158,93396716706639.mockFlowFile,291B] contains 5 records; transferring to 'success'
[pool-1925-thread-1] INFO org.apache.nifi.processors.standard.ExecuteSQL - ExecuteSQL[id=98edeca3-ab22-40a7-a815-f227244cc105] FlowFile[159,93396716772887.mockFlowFile,291B] contains 5 records; transferring to 'success'
[pool-1925-thread-1] INFO org.apache.nifi.processors.standard.ExecuteSQL - ExecuteSQL[id=98edeca3-ab22-40a7-a815-f227244cc105] FlowFile[160,93396716840694.mockFlowFile,291B] contains 5 records; transferring to 'success'
[pool-1925-thread-1] INFO org.apache.nifi.processors.standard.ExecuteSQL - ExecuteSQL[id=98edeca3-ab22-40a7-a815-f227244cc105] FlowFile[161,93396716910589.mockFlowFile,291B] contains 5 records; transferring to 'success'
[pool-1925-thread-1] INFO org.apache.nifi.processors.standard.ExecuteSQL - ExecuteSQL[id=98edeca3-ab22-40a7-a815-f227244cc105] FlowFile[162,93396717006191.mockFlowFile,291B] contains 5 records; transferring to 'success'
[pool-1925-thread-1] INFO org.apache.nifi.processors.standard.ExecuteSQL - ExecuteSQL[id=98edeca3-ab22-40a7-a815-f227244cc105] FlowFile[163,93396717108224.mockFlowFile,291B] contains 5 records; transferring to 'success'
[pool-1925-thread-1] INFO org.apache.nifi.processors.standard.ExecuteSQL - ExecuteSQL[id=98edeca3-ab22-40a7-a815-f227244cc105] FlowFile[164,93396717229846.mockFlowFile,291B] contains 5 records; transferring to 'success'
[pool-1925-thread-1] INFO org.apache.nifi.processors.standard.ExecuteSQL - ExecuteSQL[id=98edeca3-ab22-40a7-a815-f227244cc105] FlowFile[165,93396717325485.mockFlowFile,291B] contains 5 records; transferring to 'success'
[pool-1925-thread-1] INFO org.apache.nifi.processors.standard.ExecuteSQL - ExecuteSQL[id=98edeca3-ab22-40a7-a815-f227244cc105] FlowFile[166,93396717392192.mockFlowFile,291B] contains 5 records; transferring to 'success'
[pool-1925-thread-1] INFO org.apache.nifi.processors.standard.ExecuteSQL - ExecuteSQL[id=98edeca3-ab22-40a7-a815-f227244cc105] FlowFile[167,93396717501897.mockFlowFile,291B] contains 5 records; transferring to 'success'
[pool-1925-thread-1] INFO org.apache.nifi.processors.standard.ExecuteSQL - ExecuteSQL[id=98edeca3-ab22-40a7-a815-f227244cc105] FlowFile[168,93396717859725.mockFlowFile,291B] contains 5 records; transferring to 'success'
[pool-1925-thread-1] INFO org.apache.nifi.processors.standard.ExecuteSQL - ExecuteSQL[id=98edeca3-ab22-40a7-a815-f227244cc105] FlowFile[169,93396717977887.mockFlowFile,291B] contains 5 records; transferring to 'success'
[pool-1925-thread-1] INFO org.apache.nifi.processors.standard.ExecuteSQL - ExecuteSQL[id=98edeca3-ab22-40a7-a815-f227244cc105] FlowFile[170,93396718178322.mockFlowFile,291B] contains 5 records; transferring to 'success'
[pool-1925-thread-1] INFO org.apache.nifi.processors.standard.ExecuteSQL - ExecuteSQL[id=98edeca3-ab22-40a7-a815-f227244cc105] FlowFile[171,93396718294168.mockFlowFile,291B] contains 5 records; transferring to 'success'
[pool-1925-thread-1] INFO org.apache.nifi.processors.standard.ExecuteSQL - ExecuteSQL[id=98edeca3-ab22-40a7-a815-f227244cc105] FlowFile[172,93396718422642.mockFlowFile,291B] contains 5 records; transferring to 'success'
[pool-1925-thread-1] INFO org.apache.nifi.processors.standard.ExecuteSQL - ExecuteSQL[id=98edeca3-ab22-40a7-a815-f227244cc105] FlowFile[173,93396718540679.mockFlowFile,291B] contains 5 records; transferring to 'success'
[pool-1925-thread-1] INFO org.apache.nifi.processors.standard.ExecuteSQL - ExecuteSQL[id=98edeca3-ab22-40a7-a815-f227244cc105] FlowFile[174,93396718661773.mockFlowFile,291B] contains 5 records; transferring to 'success'
[pool-1925-thread-1] INFO org.apache.nifi.processors.standard.ExecuteSQL - ExecuteSQL[id=98edeca3-ab22-40a7-a815-f227244cc105] FlowFile[175,93396718762438.mockFlowFile,291B] contains 5 records; transferring to 'success'
[pool-1925-thread-1] INFO org.apache.nifi.processors.standard.ExecuteSQL - ExecuteSQL[id=98edeca3-ab22-40a7-a815-f227244cc105] FlowFile[176,93396718866138.mockFlowFile,291B] contains 5 records; transferring to 'success'
[pool-1925-thread-1] INFO org.apache.nifi.processors.standard.ExecuteSQL - ExecuteSQL[id=98edeca3-ab22-40a7-a815-f227244cc105] FlowFile[177,93396718971315.mockFlowFile,291B] contains 5 records; transferring to 'success'
[pool-1925-thread-1] INFO org.apache.nifi.processors.standard.ExecuteSQL - ExecuteSQL[id=98edeca3-ab22-40a7-a815-f227244cc105] FlowFile[178,93396719073564.mockFlowFile,291B] contains 5 records; transferring to 'success'
[pool-1925-thread-1] INFO org.apache.nifi.processors.standard.ExecuteSQL - ExecuteSQL[id=98edeca3-ab22-40a7-a815-f227244cc105] FlowFile[179,93396719183508.mockFlowFile,291B] contains 5 records; transferring to 'success'
[pool-1925-thread-1] INFO org.apache.nifi.processors.standard.ExecuteSQL - ExecuteSQL[id=98edeca3-ab22-40a7-a815-f227244cc105] FlowFile[180,93396719292765.mockFlowFile,291B] contains 5 records; transferring to 'success'
[pool-1925-thread-1] INFO org.apache.nifi.processors.standard.ExecuteSQL - ExecuteSQL[id=98edeca3-ab22-40a7-a815-f227244cc105] FlowFile[181,93396719385386.mockFlowFile,291B] contains 5 records; transferring to 'success'
[pool-1925-thread-1] INFO org.apache.nifi.processors.standard.ExecuteSQL - ExecuteSQL[id=98edeca3-ab22-40a7-a815-f227244cc105] FlowFile[182,93396719479196.mockFlowFile,291B] contains 5 records; transferring to 'success'
[pool-1925-thread-1] INFO org.apache.nifi.processors.standard.ExecuteSQL - ExecuteSQL[id=98edeca3-ab22-40a7-a815-f227244cc105] FlowFile[183,93396719756203.mockFlowFile,291B] contains 5 records; transferring to 'success'
[pool-1925-thread-1] INFO org.apache.nifi.processors.standard.ExecuteSQL - ExecuteSQL[id=98edeca3-ab22-40a7-a815-f227244cc105] FlowFile[184,93396719939790.mockFlowFile,291B] contains 5 records; transferring to 'success'
[pool-1925-thread-1] INFO org.apache.nifi.processors.standard.ExecuteSQL - ExecuteSQL[id=98edeca3-ab22-40a7-a815-f227244cc105] FlowFile[185,93396720059214.mockFlowFile,291B] contains 5 records; transferring to 'success'
[pool-1925-thread-1] INFO org.apache.nifi.processors.standard.ExecuteSQL - ExecuteSQL[id=98edeca3-ab22-40a7-a815-f227244cc105] FlowFile[186,93396720183843.mockFlowFile,291B] contains 5 records; transferring to 'success'
[pool-1925-thread-1] INFO org.apache.nifi.processors.standard.ExecuteSQL - ExecuteSQL[id=98edeca3-ab22-40a7-a815-f227244cc105] FlowFile[187,93396720290485.mockFlowFile,291B] contains 5 records; transferring to 'success'
[pool-1925-thread-1] INFO org.apache.nifi.processors.standard.ExecuteSQL - ExecuteSQL[id=98edeca3-ab22-40a7-a815-f227244cc105] FlowFile[188,93396720392534.mockFlowFile,291B] contains 5 records; transferring to 'success'
[pool-1925-thread-1] INFO org.apache.nifi.processors.standard.ExecuteSQL - ExecuteSQL[id=98edeca3-ab22-40a7-a815-f227244cc105] FlowFile[189,93396720535905.mockFlowFile,291B] contains 5 records; transferring to 'success'
[pool-1925-thread-1] INFO org.apache.nifi.processors.standard.ExecuteSQL - ExecuteSQL[id=98edeca3-ab22-40a7-a815-f227244cc105] FlowFile[190,93396720639790.mockFlowFile,291B] contains 5 records; transferring to 'success'
[pool-1925-thread-1] INFO org.apache.nifi.processors.standard.ExecuteSQL - ExecuteSQL[id=98edeca3-ab22-40a7-a815-f227244cc105] FlowFile[191,93396720813859.mockFlowFile,291B] contains 5 records; transferring to 'success'
[pool-1925-thread-1] INFO org.apache.nifi.processors.standard.ExecuteSQL - ExecuteSQL[id=98edeca3-ab22-40a7-a815-f227244cc105] FlowFile[192,93396720929324.mockFlowFile,291B] contains 5 records; transferring to 'success'
[pool-1925-thread-1] INFO org.apache.nifi.processors.standard.ExecuteSQL - ExecuteSQL[id=98edeca3-ab22-40a7-a815-f227244cc105] FlowFile[193,93396721091601.mockFlowFile,291B] contains 5 records; transferring to 'success'
[pool-1925-thread-1] INFO org.apache.nifi.processors.standard.ExecuteSQL - ExecuteSQL[id=98edeca3-ab22-40a7-a815-f227244cc105] FlowFile[194,93396721198710.mockFlowFile,291B] contains 5 records; transferring to 'success'
[pool-1925-thread-1] INFO org.apache.nifi.processors.standard.ExecuteSQL - ExecuteSQL[id=98edeca3-ab22-40a7-a815-f227244cc105] FlowFile[195,93396721307790.mockFlowFile,291B] contains 5 records; transferring to 'success'
[pool-1925-thread-1] INFO org.apache.nifi.processors.standard.ExecuteSQL - ExecuteSQL[id=98edeca3-ab22-40a7-a815-f227244cc105] FlowFile[196,93396721412992.mockFlowFile,291B] contains 5 records; transferring to 'success'
[pool-1925-thread-1] INFO org.apache.nifi.processors.standard.ExecuteSQL - ExecuteSQL[id=98edeca3-ab22-40a7-a815-f227244cc105] FlowFile[197,93396721506538.mockFlowFile,291B] contains 5 records; transferring to 'success'
[pool-1925-thread-1] INFO org.apache.nifi.processors.standard.ExecuteSQL - ExecuteSQL[id=98edeca3-ab22-40a7-a815-f227244cc105] FlowFile[198,93396721604679.mockFlowFile,291B] contains 5 records; transferring to 'success'
[pool-1925-thread-1] INFO org.apache.nifi.processors.standard.ExecuteSQL - ExecuteSQL[id=98edeca3-ab22-40a7-a815-f227244cc105] FlowFile[199,93396721721136.mockFlowFile,291B] contains 5 records; transferring to 'success'
]]></system-err>
  </testcase>
  <testcase name="testSelectQueryInFlowFileWithParameters" classname="org.apache.nifi.processors.standard.TestExecuteSQL" time="0.679">
    <system-out><![CDATA[GAIAJID AEGGDEBD
D CHBG
JDBBDA 
]]></system-out>
    <system-err><![CDATA[[main] INFO org.apache.nifi.processors.standard.TestExecuteSQL - test data loaded
[pool-1926-thread-1] DEBUG org.apache.nifi.processors.standard.ExecuteSQL - ExecuteSQL[id=847a1c1f-9b17-4bcc-b007-7de32708d9c5] Executing query select   PER.ID as PersonId, PER.NAME as PersonName, PER.CODE as PersonCode, PRD.ID as ProductId,PRD.NAME as ProductName,PRD.CODE as ProductCode, REL.ID as RelId,    REL.NAME as RelName,    REL.CODE as RelCode, ROW_NUMBER() OVER () as rownr  from persons PER, products PRD, relationships REL where PER.ID < ? AND REL.ID < ?
[pool-1926-thread-1] INFO org.apache.nifi.processors.standard.ExecuteSQL - ExecuteSQL[id=847a1c1f-9b17-4bcc-b007-7de32708d9c5] FlowFile[1,93397313938543.mockFlowFile,1196698B] contains 20000 records; transferring to 'success'
[main] INFO org.apache.nifi.processors.standard.TestExecuteSQL - total nr of records from stream: 20000
]]></system-err>
  </testcase>
  <testcase name="testCompression" classname="org.apache.nifi.processors.standard.TestExecuteSQL" time="0.024">
    <system-err><![CDATA[[pool-1927-thread-1] DEBUG org.apache.nifi.processors.standard.ExecuteSQL - ExecuteSQL[id=f56a22a8-f141-40ab-a1fb-020646b20604] Executing query SELECT * FROM TEST_NULL_INT
[pool-1927-thread-1] INFO org.apache.nifi.processors.standard.ExecuteSQL - ExecuteSQL[id=f56a22a8-f141-40ab-a1fb-020646b20604] FlowFile[0,93397424219691.mockFlowFile,297B] contains 2 records; transferring to 'success'
]]></system-err>
  </testcase>
  <testcase name="testNoTimeLimit" classname="org.apache.nifi.processors.standard.TestExecuteSQL" time="0.721">
    <system-out><![CDATA[HJEGBBIBF GACFAH
AAHDJFBCA DABEB
IIII CEE
]]></system-out>
    <system-err><![CDATA[[main] INFO org.apache.nifi.processors.standard.TestExecuteSQL - test data loaded
[pool-1928-thread-1] DEBUG org.apache.nifi.processors.standard.ExecuteSQL - ExecuteSQL[id=3d6f50c5-d71d-495c-82ca-46eb544fbe83] Executing query select   PER.ID as PersonId, PER.NAME as PersonName, PER.CODE as PersonCode, PRD.ID as ProductId,PRD.NAME as ProductName,PRD.CODE as ProductCode, REL.ID as RelId,    REL.NAME as RelName,    REL.CODE as RelCode, ROW_NUMBER() OVER () as rownr  from persons PER, products PRD, relationships REL where PER.ID = 10
[pool-1928-thread-1] INFO org.apache.nifi.processors.standard.ExecuteSQL - ExecuteSQL[id=3d6f50c5-d71d-495c-82ca-46eb544fbe83] FlowFile[1,93398031246695.mockFlowFile,1274919B] contains 20000 records; transferring to 'success'
[main] INFO org.apache.nifi.processors.standard.TestExecuteSQL - total nr of records from stream: 20000
]]></system-err>
  </testcase>
  <testcase name="testSelectQueryInFlowFile" classname="org.apache.nifi.processors.standard.TestExecuteSQL" time="0.699">
    <system-out><![CDATA[ BJGIH
HIFABCFD 
JJEJID IGD
]]></system-out>
    <system-err><![CDATA[[main] INFO org.apache.nifi.processors.standard.TestExecuteSQL - test data loaded
[pool-1929-thread-1] DEBUG org.apache.nifi.processors.standard.ExecuteSQL - ExecuteSQL[id=838ee119-220f-4d30-91ec-78e9634434f4] Executing query select   PER.ID as PersonId, PER.NAME as PersonName, PER.CODE as PersonCode, PRD.ID as ProductId,PRD.NAME as ProductName,PRD.CODE as ProductCode, REL.ID as RelId,    REL.NAME as RelName,    REL.CODE as RelCode, ROW_NUMBER() OVER () as rownr  from persons PER, products PRD, relationships REL where PER.ID = 10
[pool-1929-thread-1] INFO org.apache.nifi.processors.standard.ExecuteSQL - ExecuteSQL[id=838ee119-220f-4d30-91ec-78e9634434f4] FlowFile[1,93398765806813.mockFlowFile,1071956B] contains 20000 records; transferring to 'success'
[main] INFO org.apache.nifi.processors.standard.TestExecuteSQL - total nr of records from stream: 20000
]]></system-err>
  </testcase>
  <testcase name="testWithOutputBatchingAndIncomingFlowFile" classname="org.apache.nifi.processors.standard.TestExecuteSQL" time="1.528">
    <system-err><![CDATA[[pool-1930-thread-1] DEBUG org.apache.nifi.processors.standard.ExecuteSQL - ExecuteSQL[id=79d1bea4-5cd3-4472-866d-f4577df73f97] Executing query SELECT * FROM TEST_NULL_INT
[pool-1930-thread-1] INFO org.apache.nifi.processors.standard.ExecuteSQL - ExecuteSQL[id=79d1bea4-5cd3-4472-866d-f4577df73f97] FlowFile[1,93400346754447.mockFlowFile,286B] contains 5 records; transferring to 'success'
[pool-1930-thread-1] INFO org.apache.nifi.processors.standard.ExecuteSQL - ExecuteSQL[id=79d1bea4-5cd3-4472-866d-f4577df73f97] FlowFile[2,93400346754447.mockFlowFile,286B] contains 5 records; transferring to 'success'
[pool-1930-thread-1] INFO org.apache.nifi.processors.standard.ExecuteSQL - ExecuteSQL[id=79d1bea4-5cd3-4472-866d-f4577df73f97] FlowFile[3,93400346754447.mockFlowFile,286B] contains 5 records; transferring to 'success'
[pool-1930-thread-1] INFO org.apache.nifi.processors.standard.ExecuteSQL - ExecuteSQL[id=79d1bea4-5cd3-4472-866d-f4577df73f97] FlowFile[4,93400346754447.mockFlowFile,286B] contains 5 records; transferring to 'success'
[pool-1930-thread-1] INFO org.apache.nifi.processors.standard.ExecuteSQL - ExecuteSQL[id=79d1bea4-5cd3-4472-866d-f4577df73f97] FlowFile[5,93400346754447.mockFlowFile,286B] contains 5 records; transferring to 'success'
[pool-1930-thread-1] INFO org.apache.nifi.processors.standard.ExecuteSQL - ExecuteSQL[id=79d1bea4-5cd3-4472-866d-f4577df73f97] FlowFile[6,93400346754447.mockFlowFile,286B] contains 5 records; transferring to 'success'
[pool-1930-thread-1] INFO org.apache.nifi.processors.standard.ExecuteSQL - ExecuteSQL[id=79d1bea4-5cd3-4472-866d-f4577df73f97] FlowFile[7,93400346754447.mockFlowFile,286B] contains 5 records; transferring to 'success'
[pool-1930-thread-1] INFO org.apache.nifi.processors.standard.ExecuteSQL - ExecuteSQL[id=79d1bea4-5cd3-4472-866d-f4577df73f97] FlowFile[8,93400346754447.mockFlowFile,286B] contains 5 records; transferring to 'success'
[pool-1930-thread-1] INFO org.apache.nifi.processors.standard.ExecuteSQL - ExecuteSQL[id=79d1bea4-5cd3-4472-866d-f4577df73f97] FlowFile[9,93400346754447.mockFlowFile,286B] contains 5 records; transferring to 'success'
[pool-1930-thread-1] INFO org.apache.nifi.processors.standard.ExecuteSQL - ExecuteSQL[id=79d1bea4-5cd3-4472-866d-f4577df73f97] FlowFile[10,93400346754447.mockFlowFile,286B] contains 5 records; transferring to 'success'
[pool-1930-thread-1] INFO org.apache.nifi.processors.standard.ExecuteSQL - ExecuteSQL[id=79d1bea4-5cd3-4472-866d-f4577df73f97] FlowFile[11,93400346754447.mockFlowFile,286B] contains 5 records; transferring to 'success'
[pool-1930-thread-1] INFO org.apache.nifi.processors.standard.ExecuteSQL - ExecuteSQL[id=79d1bea4-5cd3-4472-866d-f4577df73f97] FlowFile[12,93400346754447.mockFlowFile,286B] contains 5 records; transferring to 'success'
[pool-1930-thread-1] INFO org.apache.nifi.processors.standard.ExecuteSQL - ExecuteSQL[id=79d1bea4-5cd3-4472-866d-f4577df73f97] FlowFile[13,93400346754447.mockFlowFile,287B] contains 5 records; transferring to 'success'
[pool-1930-thread-1] INFO org.apache.nifi.processors.standard.ExecuteSQL - ExecuteSQL[id=79d1bea4-5cd3-4472-866d-f4577df73f97] FlowFile[14,93400346754447.mockFlowFile,291B] contains 5 records; transferring to 'success'
[pool-1930-thread-1] INFO org.apache.nifi.processors.standard.ExecuteSQL - ExecuteSQL[id=79d1bea4-5cd3-4472-866d-f4577df73f97] FlowFile[15,93400346754447.mockFlowFile,291B] contains 5 records; transferring to 'success'
[pool-1930-thread-1] INFO org.apache.nifi.processors.standard.ExecuteSQL - ExecuteSQL[id=79d1bea4-5cd3-4472-866d-f4577df73f97] FlowFile[16,93400346754447.mockFlowFile,291B] contains 5 records; transferring to 'success'
[pool-1930-thread-1] INFO org.apache.nifi.processors.standard.ExecuteSQL - ExecuteSQL[id=79d1bea4-5cd3-4472-866d-f4577df73f97] FlowFile[17,93400346754447.mockFlowFile,291B] contains 5 records; transferring to 'success'
[pool-1930-thread-1] INFO org.apache.nifi.processors.standard.ExecuteSQL - ExecuteSQL[id=79d1bea4-5cd3-4472-866d-f4577df73f97] FlowFile[18,93400346754447.mockFlowFile,291B] contains 5 records; transferring to 'success'
[pool-1930-thread-1] INFO org.apache.nifi.processors.standard.ExecuteSQL - ExecuteSQL[id=79d1bea4-5cd3-4472-866d-f4577df73f97] FlowFile[19,93400346754447.mockFlowFile,291B] contains 5 records; transferring to 'success'
[pool-1930-thread-1] INFO org.apache.nifi.processors.standard.ExecuteSQL - ExecuteSQL[id=79d1bea4-5cd3-4472-866d-f4577df73f97] FlowFile[20,93400346754447.mockFlowFile,291B] contains 5 records; transferring to 'success'
[pool-1930-thread-1] INFO org.apache.nifi.processors.standard.ExecuteSQL - ExecuteSQL[id=79d1bea4-5cd3-4472-866d-f4577df73f97] FlowFile[21,93400346754447.mockFlowFile,291B] contains 5 records; transferring to 'success'
[pool-1930-thread-1] INFO org.apache.nifi.processors.standard.ExecuteSQL - ExecuteSQL[id=79d1bea4-5cd3-4472-866d-f4577df73f97] FlowFile[22,93400346754447.mockFlowFile,291B] contains 5 records; transferring to 'success'
[pool-1930-thread-1] INFO org.apache.nifi.processors.standard.ExecuteSQL - ExecuteSQL[id=79d1bea4-5cd3-4472-866d-f4577df73f97] FlowFile[23,93400346754447.mockFlowFile,291B] contains 5 records; transferring to 'success'
[pool-1930-thread-1] INFO org.apache.nifi.processors.standard.ExecuteSQL - ExecuteSQL[id=79d1bea4-5cd3-4472-866d-f4577df73f97] FlowFile[24,93400346754447.mockFlowFile,291B] contains 5 records; transferring to 'success'
[pool-1930-thread-1] INFO org.apache.nifi.processors.standard.ExecuteSQL - ExecuteSQL[id=79d1bea4-5cd3-4472-866d-f4577df73f97] FlowFile[25,93400346754447.mockFlowFile,291B] contains 5 records; transferring to 'success'
[pool-1930-thread-1] INFO org.apache.nifi.processors.standard.ExecuteSQL - ExecuteSQL[id=79d1bea4-5cd3-4472-866d-f4577df73f97] FlowFile[26,93400346754447.mockFlowFile,291B] contains 5 records; transferring to 'success'
[pool-1930-thread-1] INFO org.apache.nifi.processors.standard.ExecuteSQL - ExecuteSQL[id=79d1bea4-5cd3-4472-866d-f4577df73f97] FlowFile[27,93400346754447.mockFlowFile,291B] contains 5 records; transferring to 'success'
[pool-1930-thread-1] INFO org.apache.nifi.processors.standard.ExecuteSQL - ExecuteSQL[id=79d1bea4-5cd3-4472-866d-f4577df73f97] FlowFile[28,93400346754447.mockFlowFile,291B] contains 5 records; transferring to 'success'
[pool-1930-thread-1] INFO org.apache.nifi.processors.standard.ExecuteSQL - ExecuteSQL[id=79d1bea4-5cd3-4472-866d-f4577df73f97] FlowFile[29,93400346754447.mockFlowFile,291B] contains 5 records; transferring to 'success'
[pool-1930-thread-1] INFO org.apache.nifi.processors.standard.ExecuteSQL - ExecuteSQL[id=79d1bea4-5cd3-4472-866d-f4577df73f97] FlowFile[30,93400346754447.mockFlowFile,291B] contains 5 records; transferring to 'success'
[pool-1930-thread-1] INFO org.apache.nifi.processors.standard.ExecuteSQL - ExecuteSQL[id=79d1bea4-5cd3-4472-866d-f4577df73f97] FlowFile[31,93400346754447.mockFlowFile,291B] contains 5 records; transferring to 'success'
[pool-1930-thread-1] INFO org.apache.nifi.processors.standard.ExecuteSQL - ExecuteSQL[id=79d1bea4-5cd3-4472-866d-f4577df73f97] FlowFile[32,93400346754447.mockFlowFile,291B] contains 5 records; transferring to 'success'
[pool-1930-thread-1] INFO org.apache.nifi.processors.standard.ExecuteSQL - ExecuteSQL[id=79d1bea4-5cd3-4472-866d-f4577df73f97] FlowFile[33,93400346754447.mockFlowFile,291B] contains 5 records; transferring to 'success'
[pool-1930-thread-1] INFO org.apache.nifi.processors.standard.ExecuteSQL - ExecuteSQL[id=79d1bea4-5cd3-4472-866d-f4577df73f97] FlowFile[34,93400346754447.mockFlowFile,291B] contains 5 records; transferring to 'success'
[pool-1930-thread-1] INFO org.apache.nifi.processors.standard.ExecuteSQL - ExecuteSQL[id=79d1bea4-5cd3-4472-866d-f4577df73f97] FlowFile[35,93400346754447.mockFlowFile,291B] contains 5 records; transferring to 'success'
[pool-1930-thread-1] INFO org.apache.nifi.processors.standard.ExecuteSQL - ExecuteSQL[id=79d1bea4-5cd3-4472-866d-f4577df73f97] FlowFile[36,93400346754447.mockFlowFile,291B] contains 5 records; transferring to 'success'
[pool-1930-thread-1] INFO org.apache.nifi.processors.standard.ExecuteSQL - ExecuteSQL[id=79d1bea4-5cd3-4472-866d-f4577df73f97] FlowFile[37,93400346754447.mockFlowFile,291B] contains 5 records; transferring to 'success'
[pool-1930-thread-1] INFO org.apache.nifi.processors.standard.ExecuteSQL - ExecuteSQL[id=79d1bea4-5cd3-4472-866d-f4577df73f97] FlowFile[38,93400346754447.mockFlowFile,291B] contains 5 records; transferring to 'success'
[pool-1930-thread-1] INFO org.apache.nifi.processors.standard.ExecuteSQL - ExecuteSQL[id=79d1bea4-5cd3-4472-866d-f4577df73f97] FlowFile[39,93400346754447.mockFlowFile,291B] contains 5 records; transferring to 'success'
[pool-1930-thread-1] INFO org.apache.nifi.processors.standard.ExecuteSQL - ExecuteSQL[id=79d1bea4-5cd3-4472-866d-f4577df73f97] FlowFile[40,93400346754447.mockFlowFile,291B] contains 5 records; transferring to 'success'
[pool-1930-thread-1] INFO org.apache.nifi.processors.standard.ExecuteSQL - ExecuteSQL[id=79d1bea4-5cd3-4472-866d-f4577df73f97] FlowFile[41,93400346754447.mockFlowFile,291B] contains 5 records; transferring to 'success'
[pool-1930-thread-1] INFO org.apache.nifi.processors.standard.ExecuteSQL - ExecuteSQL[id=79d1bea4-5cd3-4472-866d-f4577df73f97] FlowFile[42,93400346754447.mockFlowFile,291B] contains 5 records; transferring to 'success'
[pool-1930-thread-1] INFO org.apache.nifi.processors.standard.ExecuteSQL - ExecuteSQL[id=79d1bea4-5cd3-4472-866d-f4577df73f97] FlowFile[43,93400346754447.mockFlowFile,291B] contains 5 records; transferring to 'success'
[pool-1930-thread-1] INFO org.apache.nifi.processors.standard.ExecuteSQL - ExecuteSQL[id=79d1bea4-5cd3-4472-866d-f4577df73f97] FlowFile[44,93400346754447.mockFlowFile,291B] contains 5 records; transferring to 'success'
[pool-1930-thread-1] INFO org.apache.nifi.processors.standard.ExecuteSQL - ExecuteSQL[id=79d1bea4-5cd3-4472-866d-f4577df73f97] FlowFile[45,93400346754447.mockFlowFile,291B] contains 5 records; transferring to 'success'
[pool-1930-thread-1] INFO org.apache.nifi.processors.standard.ExecuteSQL - ExecuteSQL[id=79d1bea4-5cd3-4472-866d-f4577df73f97] FlowFile[46,93400346754447.mockFlowFile,291B] contains 5 records; transferring to 'success'
[pool-1930-thread-1] INFO org.apache.nifi.processors.standard.ExecuteSQL - ExecuteSQL[id=79d1bea4-5cd3-4472-866d-f4577df73f97] FlowFile[47,93400346754447.mockFlowFile,291B] contains 5 records; transferring to 'success'
[pool-1930-thread-1] INFO org.apache.nifi.processors.standard.ExecuteSQL - ExecuteSQL[id=79d1bea4-5cd3-4472-866d-f4577df73f97] FlowFile[48,93400346754447.mockFlowFile,291B] contains 5 records; transferring to 'success'
[pool-1930-thread-1] INFO org.apache.nifi.processors.standard.ExecuteSQL - ExecuteSQL[id=79d1bea4-5cd3-4472-866d-f4577df73f97] FlowFile[49,93400346754447.mockFlowFile,291B] contains 5 records; transferring to 'success'
[pool-1930-thread-1] INFO org.apache.nifi.processors.standard.ExecuteSQL - ExecuteSQL[id=79d1bea4-5cd3-4472-866d-f4577df73f97] FlowFile[50,93400346754447.mockFlowFile,291B] contains 5 records; transferring to 'success'
[pool-1930-thread-1] INFO org.apache.nifi.processors.standard.ExecuteSQL - ExecuteSQL[id=79d1bea4-5cd3-4472-866d-f4577df73f97] FlowFile[51,93400346754447.mockFlowFile,291B] contains 5 records; transferring to 'success'
[pool-1930-thread-1] INFO org.apache.nifi.processors.standard.ExecuteSQL - ExecuteSQL[id=79d1bea4-5cd3-4472-866d-f4577df73f97] FlowFile[52,93400346754447.mockFlowFile,291B] contains 5 records; transferring to 'success'
[pool-1930-thread-1] INFO org.apache.nifi.processors.standard.ExecuteSQL - ExecuteSQL[id=79d1bea4-5cd3-4472-866d-f4577df73f97] FlowFile[53,93400346754447.mockFlowFile,291B] contains 5 records; transferring to 'success'
[pool-1930-thread-1] INFO org.apache.nifi.processors.standard.ExecuteSQL - ExecuteSQL[id=79d1bea4-5cd3-4472-866d-f4577df73f97] FlowFile[54,93400346754447.mockFlowFile,291B] contains 5 records; transferring to 'success'
[pool-1930-thread-1] INFO org.apache.nifi.processors.standard.ExecuteSQL - ExecuteSQL[id=79d1bea4-5cd3-4472-866d-f4577df73f97] FlowFile[55,93400346754447.mockFlowFile,291B] contains 5 records; transferring to 'success'
[pool-1930-thread-1] INFO org.apache.nifi.processors.standard.ExecuteSQL - ExecuteSQL[id=79d1bea4-5cd3-4472-866d-f4577df73f97] FlowFile[56,93400346754447.mockFlowFile,291B] contains 5 records; transferring to 'success'
[pool-1930-thread-1] INFO org.apache.nifi.processors.standard.ExecuteSQL - ExecuteSQL[id=79d1bea4-5cd3-4472-866d-f4577df73f97] FlowFile[57,93400346754447.mockFlowFile,291B] contains 5 records; transferring to 'success'
[pool-1930-thread-1] INFO org.apache.nifi.processors.standard.ExecuteSQL - ExecuteSQL[id=79d1bea4-5cd3-4472-866d-f4577df73f97] FlowFile[58,93400346754447.mockFlowFile,291B] contains 5 records; transferring to 'success'
[pool-1930-thread-1] INFO org.apache.nifi.processors.standard.ExecuteSQL - ExecuteSQL[id=79d1bea4-5cd3-4472-866d-f4577df73f97] FlowFile[59,93400346754447.mockFlowFile,291B] contains 5 records; transferring to 'success'
[pool-1930-thread-1] INFO org.apache.nifi.processors.standard.ExecuteSQL - ExecuteSQL[id=79d1bea4-5cd3-4472-866d-f4577df73f97] FlowFile[60,93400346754447.mockFlowFile,291B] contains 5 records; transferring to 'success'
[pool-1930-thread-1] INFO org.apache.nifi.processors.standard.ExecuteSQL - ExecuteSQL[id=79d1bea4-5cd3-4472-866d-f4577df73f97] FlowFile[61,93400346754447.mockFlowFile,291B] contains 5 records; transferring to 'success'
[pool-1930-thread-1] INFO org.apache.nifi.processors.standard.ExecuteSQL - ExecuteSQL[id=79d1bea4-5cd3-4472-866d-f4577df73f97] FlowFile[62,93400346754447.mockFlowFile,291B] contains 5 records; transferring to 'success'
[pool-1930-thread-1] INFO org.apache.nifi.processors.standard.ExecuteSQL - ExecuteSQL[id=79d1bea4-5cd3-4472-866d-f4577df73f97] FlowFile[63,93400346754447.mockFlowFile,291B] contains 5 records; transferring to 'success'
[pool-1930-thread-1] INFO org.apache.nifi.processors.standard.ExecuteSQL - ExecuteSQL[id=79d1bea4-5cd3-4472-866d-f4577df73f97] FlowFile[64,93400346754447.mockFlowFile,291B] contains 5 records; transferring to 'success'
[pool-1930-thread-1] INFO org.apache.nifi.processors.standard.ExecuteSQL - ExecuteSQL[id=79d1bea4-5cd3-4472-866d-f4577df73f97] FlowFile[65,93400346754447.mockFlowFile,291B] contains 5 records; transferring to 'success'
[pool-1930-thread-1] INFO org.apache.nifi.processors.standard.ExecuteSQL - ExecuteSQL[id=79d1bea4-5cd3-4472-866d-f4577df73f97] FlowFile[66,93400346754447.mockFlowFile,291B] contains 5 records; transferring to 'success'
[pool-1930-thread-1] INFO org.apache.nifi.processors.standard.ExecuteSQL - ExecuteSQL[id=79d1bea4-5cd3-4472-866d-f4577df73f97] FlowFile[67,93400346754447.mockFlowFile,291B] contains 5 records; transferring to 'success'
[pool-1930-thread-1] INFO org.apache.nifi.processors.standard.ExecuteSQL - ExecuteSQL[id=79d1bea4-5cd3-4472-866d-f4577df73f97] FlowFile[68,93400346754447.mockFlowFile,291B] contains 5 records; transferring to 'success'
[pool-1930-thread-1] INFO org.apache.nifi.processors.standard.ExecuteSQL - ExecuteSQL[id=79d1bea4-5cd3-4472-866d-f4577df73f97] FlowFile[69,93400346754447.mockFlowFile,291B] contains 5 records; transferring to 'success'
[pool-1930-thread-1] INFO org.apache.nifi.processors.standard.ExecuteSQL - ExecuteSQL[id=79d1bea4-5cd3-4472-866d-f4577df73f97] FlowFile[70,93400346754447.mockFlowFile,291B] contains 5 records; transferring to 'success'
[pool-1930-thread-1] INFO org.apache.nifi.processors.standard.ExecuteSQL - ExecuteSQL[id=79d1bea4-5cd3-4472-866d-f4577df73f97] FlowFile[71,93400346754447.mockFlowFile,291B] contains 5 records; transferring to 'success'
[pool-1930-thread-1] INFO org.apache.nifi.processors.standard.ExecuteSQL - ExecuteSQL[id=79d1bea4-5cd3-4472-866d-f4577df73f97] FlowFile[72,93400346754447.mockFlowFile,291B] contains 5 records; transferring to 'success'
[pool-1930-thread-1] INFO org.apache.nifi.processors.standard.ExecuteSQL - ExecuteSQL[id=79d1bea4-5cd3-4472-866d-f4577df73f97] FlowFile[73,93400346754447.mockFlowFile,291B] contains 5 records; transferring to 'success'
[pool-1930-thread-1] INFO org.apache.nifi.processors.standard.ExecuteSQL - ExecuteSQL[id=79d1bea4-5cd3-4472-866d-f4577df73f97] FlowFile[74,93400346754447.mockFlowFile,291B] contains 5 records; transferring to 'success'
[pool-1930-thread-1] INFO org.apache.nifi.processors.standard.ExecuteSQL - ExecuteSQL[id=79d1bea4-5cd3-4472-866d-f4577df73f97] FlowFile[75,93400346754447.mockFlowFile,291B] contains 5 records; transferring to 'success'
[pool-1930-thread-1] INFO org.apache.nifi.processors.standard.ExecuteSQL - ExecuteSQL[id=79d1bea4-5cd3-4472-866d-f4577df73f97] FlowFile[76,93400346754447.mockFlowFile,291B] contains 5 records; transferring to 'success'
[pool-1930-thread-1] INFO org.apache.nifi.processors.standard.ExecuteSQL - ExecuteSQL[id=79d1bea4-5cd3-4472-866d-f4577df73f97] FlowFile[77,93400346754447.mockFlowFile,291B] contains 5 records; transferring to 'success'
[pool-1930-thread-1] INFO org.apache.nifi.processors.standard.ExecuteSQL - ExecuteSQL[id=79d1bea4-5cd3-4472-866d-f4577df73f97] FlowFile[78,93400346754447.mockFlowFile,291B] contains 5 records; transferring to 'success'
[pool-1930-thread-1] INFO org.apache.nifi.processors.standard.ExecuteSQL - ExecuteSQL[id=79d1bea4-5cd3-4472-866d-f4577df73f97] FlowFile[79,93400346754447.mockFlowFile,291B] contains 5 records; transferring to 'success'
[pool-1930-thread-1] INFO org.apache.nifi.processors.standard.ExecuteSQL - ExecuteSQL[id=79d1bea4-5cd3-4472-866d-f4577df73f97] FlowFile[80,93400346754447.mockFlowFile,291B] contains 5 records; transferring to 'success'
[pool-1930-thread-1] INFO org.apache.nifi.processors.standard.ExecuteSQL - ExecuteSQL[id=79d1bea4-5cd3-4472-866d-f4577df73f97] FlowFile[81,93400346754447.mockFlowFile,291B] contains 5 records; transferring to 'success'
[pool-1930-thread-1] INFO org.apache.nifi.processors.standard.ExecuteSQL - ExecuteSQL[id=79d1bea4-5cd3-4472-866d-f4577df73f97] FlowFile[82,93400346754447.mockFlowFile,291B] contains 5 records; transferring to 'success'
[pool-1930-thread-1] INFO org.apache.nifi.processors.standard.ExecuteSQL - ExecuteSQL[id=79d1bea4-5cd3-4472-866d-f4577df73f97] FlowFile[83,93400346754447.mockFlowFile,291B] contains 5 records; transferring to 'success'
[pool-1930-thread-1] INFO org.apache.nifi.processors.standard.ExecuteSQL - ExecuteSQL[id=79d1bea4-5cd3-4472-866d-f4577df73f97] FlowFile[84,93400346754447.mockFlowFile,291B] contains 5 records; transferring to 'success'
[pool-1930-thread-1] INFO org.apache.nifi.processors.standard.ExecuteSQL - ExecuteSQL[id=79d1bea4-5cd3-4472-866d-f4577df73f97] FlowFile[85,93400346754447.mockFlowFile,291B] contains 5 records; transferring to 'success'
[pool-1930-thread-1] INFO org.apache.nifi.processors.standard.ExecuteSQL - ExecuteSQL[id=79d1bea4-5cd3-4472-866d-f4577df73f97] FlowFile[86,93400346754447.mockFlowFile,291B] contains 5 records; transferring to 'success'
[pool-1930-thread-1] INFO org.apache.nifi.processors.standard.ExecuteSQL - ExecuteSQL[id=79d1bea4-5cd3-4472-866d-f4577df73f97] FlowFile[87,93400346754447.mockFlowFile,291B] contains 5 records; transferring to 'success'
[pool-1930-thread-1] INFO org.apache.nifi.processors.standard.ExecuteSQL - ExecuteSQL[id=79d1bea4-5cd3-4472-866d-f4577df73f97] FlowFile[88,93400346754447.mockFlowFile,291B] contains 5 records; transferring to 'success'
[pool-1930-thread-1] INFO org.apache.nifi.processors.standard.ExecuteSQL - ExecuteSQL[id=79d1bea4-5cd3-4472-866d-f4577df73f97] FlowFile[89,93400346754447.mockFlowFile,291B] contains 5 records; transferring to 'success'
[pool-1930-thread-1] INFO org.apache.nifi.processors.standard.ExecuteSQL - ExecuteSQL[id=79d1bea4-5cd3-4472-866d-f4577df73f97] FlowFile[90,93400346754447.mockFlowFile,291B] contains 5 records; transferring to 'success'
[pool-1930-thread-1] INFO org.apache.nifi.processors.standard.ExecuteSQL - ExecuteSQL[id=79d1bea4-5cd3-4472-866d-f4577df73f97] FlowFile[91,93400346754447.mockFlowFile,291B] contains 5 records; transferring to 'success'
[pool-1930-thread-1] INFO org.apache.nifi.processors.standard.ExecuteSQL - ExecuteSQL[id=79d1bea4-5cd3-4472-866d-f4577df73f97] FlowFile[92,93400346754447.mockFlowFile,291B] contains 5 records; transferring to 'success'
[pool-1930-thread-1] INFO org.apache.nifi.processors.standard.ExecuteSQL - ExecuteSQL[id=79d1bea4-5cd3-4472-866d-f4577df73f97] FlowFile[93,93400346754447.mockFlowFile,291B] contains 5 records; transferring to 'success'
[pool-1930-thread-1] INFO org.apache.nifi.processors.standard.ExecuteSQL - ExecuteSQL[id=79d1bea4-5cd3-4472-866d-f4577df73f97] FlowFile[94,93400346754447.mockFlowFile,291B] contains 5 records; transferring to 'success'
[pool-1930-thread-1] INFO org.apache.nifi.processors.standard.ExecuteSQL - ExecuteSQL[id=79d1bea4-5cd3-4472-866d-f4577df73f97] FlowFile[95,93400346754447.mockFlowFile,291B] contains 5 records; transferring to 'success'
[pool-1930-thread-1] INFO org.apache.nifi.processors.standard.ExecuteSQL - ExecuteSQL[id=79d1bea4-5cd3-4472-866d-f4577df73f97] FlowFile[96,93400346754447.mockFlowFile,291B] contains 5 records; transferring to 'success'
[pool-1930-thread-1] INFO org.apache.nifi.processors.standard.ExecuteSQL - ExecuteSQL[id=79d1bea4-5cd3-4472-866d-f4577df73f97] FlowFile[97,93400346754447.mockFlowFile,291B] contains 5 records; transferring to 'success'
[pool-1930-thread-1] INFO org.apache.nifi.processors.standard.ExecuteSQL - ExecuteSQL[id=79d1bea4-5cd3-4472-866d-f4577df73f97] FlowFile[98,93400346754447.mockFlowFile,291B] contains 5 records; transferring to 'success'
[pool-1930-thread-1] INFO org.apache.nifi.processors.standard.ExecuteSQL - ExecuteSQL[id=79d1bea4-5cd3-4472-866d-f4577df73f97] FlowFile[99,93400346754447.mockFlowFile,291B] contains 5 records; transferring to 'success'
[pool-1930-thread-1] INFO org.apache.nifi.processors.standard.ExecuteSQL - ExecuteSQL[id=79d1bea4-5cd3-4472-866d-f4577df73f97] FlowFile[100,93400346754447.mockFlowFile,291B] contains 5 records; transferring to 'success'
[pool-1930-thread-1] INFO org.apache.nifi.processors.standard.ExecuteSQL - ExecuteSQL[id=79d1bea4-5cd3-4472-866d-f4577df73f97] FlowFile[101,93400346754447.mockFlowFile,291B] contains 5 records; transferring to 'success'
[pool-1930-thread-1] INFO org.apache.nifi.processors.standard.ExecuteSQL - ExecuteSQL[id=79d1bea4-5cd3-4472-866d-f4577df73f97] FlowFile[102,93400346754447.mockFlowFile,291B] contains 5 records; transferring to 'success'
[pool-1930-thread-1] INFO org.apache.nifi.processors.standard.ExecuteSQL - ExecuteSQL[id=79d1bea4-5cd3-4472-866d-f4577df73f97] FlowFile[103,93400346754447.mockFlowFile,291B] contains 5 records; transferring to 'success'
[pool-1930-thread-1] INFO org.apache.nifi.processors.standard.ExecuteSQL - ExecuteSQL[id=79d1bea4-5cd3-4472-866d-f4577df73f97] FlowFile[104,93400346754447.mockFlowFile,291B] contains 5 records; transferring to 'success'
[pool-1930-thread-1] INFO org.apache.nifi.processors.standard.ExecuteSQL - ExecuteSQL[id=79d1bea4-5cd3-4472-866d-f4577df73f97] FlowFile[105,93400346754447.mockFlowFile,291B] contains 5 records; transferring to 'success'
[pool-1930-thread-1] INFO org.apache.nifi.processors.standard.ExecuteSQL - ExecuteSQL[id=79d1bea4-5cd3-4472-866d-f4577df73f97] FlowFile[106,93400346754447.mockFlowFile,291B] contains 5 records; transferring to 'success'
[pool-1930-thread-1] INFO org.apache.nifi.processors.standard.ExecuteSQL - ExecuteSQL[id=79d1bea4-5cd3-4472-866d-f4577df73f97] FlowFile[107,93400346754447.mockFlowFile,291B] contains 5 records; transferring to 'success'
[pool-1930-thread-1] INFO org.apache.nifi.processors.standard.ExecuteSQL - ExecuteSQL[id=79d1bea4-5cd3-4472-866d-f4577df73f97] FlowFile[108,93400346754447.mockFlowFile,291B] contains 5 records; transferring to 'success'
[pool-1930-thread-1] INFO org.apache.nifi.processors.standard.ExecuteSQL - ExecuteSQL[id=79d1bea4-5cd3-4472-866d-f4577df73f97] FlowFile[109,93400346754447.mockFlowFile,291B] contains 5 records; transferring to 'success'
[pool-1930-thread-1] INFO org.apache.nifi.processors.standard.ExecuteSQL - ExecuteSQL[id=79d1bea4-5cd3-4472-866d-f4577df73f97] FlowFile[110,93400346754447.mockFlowFile,291B] contains 5 records; transferring to 'success'
[pool-1930-thread-1] INFO org.apache.nifi.processors.standard.ExecuteSQL - ExecuteSQL[id=79d1bea4-5cd3-4472-866d-f4577df73f97] FlowFile[111,93400346754447.mockFlowFile,291B] contains 5 records; transferring to 'success'
[pool-1930-thread-1] INFO org.apache.nifi.processors.standard.ExecuteSQL - ExecuteSQL[id=79d1bea4-5cd3-4472-866d-f4577df73f97] FlowFile[112,93400346754447.mockFlowFile,291B] contains 5 records; transferring to 'success'
[pool-1930-thread-1] INFO org.apache.nifi.processors.standard.ExecuteSQL - ExecuteSQL[id=79d1bea4-5cd3-4472-866d-f4577df73f97] FlowFile[113,93400346754447.mockFlowFile,291B] contains 5 records; transferring to 'success'
[pool-1930-thread-1] INFO org.apache.nifi.processors.standard.ExecuteSQL - ExecuteSQL[id=79d1bea4-5cd3-4472-866d-f4577df73f97] FlowFile[114,93400346754447.mockFlowFile,291B] contains 5 records; transferring to 'success'
[pool-1930-thread-1] INFO org.apache.nifi.processors.standard.ExecuteSQL - ExecuteSQL[id=79d1bea4-5cd3-4472-866d-f4577df73f97] FlowFile[115,93400346754447.mockFlowFile,291B] contains 5 records; transferring to 'success'
[pool-1930-thread-1] INFO org.apache.nifi.processors.standard.ExecuteSQL - ExecuteSQL[id=79d1bea4-5cd3-4472-866d-f4577df73f97] FlowFile[116,93400346754447.mockFlowFile,291B] contains 5 records; transferring to 'success'
[pool-1930-thread-1] INFO org.apache.nifi.processors.standard.ExecuteSQL - ExecuteSQL[id=79d1bea4-5cd3-4472-866d-f4577df73f97] FlowFile[117,93400346754447.mockFlowFile,291B] contains 5 records; transferring to 'success'
[pool-1930-thread-1] INFO org.apache.nifi.processors.standard.ExecuteSQL - ExecuteSQL[id=79d1bea4-5cd3-4472-866d-f4577df73f97] FlowFile[118,93400346754447.mockFlowFile,291B] contains 5 records; transferring to 'success'
[pool-1930-thread-1] INFO org.apache.nifi.processors.standard.ExecuteSQL - ExecuteSQL[id=79d1bea4-5cd3-4472-866d-f4577df73f97] FlowFile[119,93400346754447.mockFlowFile,291B] contains 5 records; transferring to 'success'
[pool-1930-thread-1] INFO org.apache.nifi.processors.standard.ExecuteSQL - ExecuteSQL[id=79d1bea4-5cd3-4472-866d-f4577df73f97] FlowFile[120,93400346754447.mockFlowFile,291B] contains 5 records; transferring to 'success'
[pool-1930-thread-1] INFO org.apache.nifi.processors.standard.ExecuteSQL - ExecuteSQL[id=79d1bea4-5cd3-4472-866d-f4577df73f97] FlowFile[121,93400346754447.mockFlowFile,291B] contains 5 records; transferring to 'success'
[pool-1930-thread-1] INFO org.apache.nifi.processors.standard.ExecuteSQL - ExecuteSQL[id=79d1bea4-5cd3-4472-866d-f4577df73f97] FlowFile[122,93400346754447.mockFlowFile,291B] contains 5 records; transferring to 'success'
[pool-1930-thread-1] INFO org.apache.nifi.processors.standard.ExecuteSQL - ExecuteSQL[id=79d1bea4-5cd3-4472-866d-f4577df73f97] FlowFile[123,93400346754447.mockFlowFile,291B] contains 5 records; transferring to 'success'
[pool-1930-thread-1] INFO org.apache.nifi.processors.standard.ExecuteSQL - ExecuteSQL[id=79d1bea4-5cd3-4472-866d-f4577df73f97] FlowFile[124,93400346754447.mockFlowFile,291B] contains 5 records; transferring to 'success'
[pool-1930-thread-1] INFO org.apache.nifi.processors.standard.ExecuteSQL - ExecuteSQL[id=79d1bea4-5cd3-4472-866d-f4577df73f97] FlowFile[125,93400346754447.mockFlowFile,291B] contains 5 records; transferring to 'success'
[pool-1930-thread-1] INFO org.apache.nifi.processors.standard.ExecuteSQL - ExecuteSQL[id=79d1bea4-5cd3-4472-866d-f4577df73f97] FlowFile[126,93400346754447.mockFlowFile,291B] contains 5 records; transferring to 'success'
[pool-1930-thread-1] INFO org.apache.nifi.processors.standard.ExecuteSQL - ExecuteSQL[id=79d1bea4-5cd3-4472-866d-f4577df73f97] FlowFile[127,93400346754447.mockFlowFile,291B] contains 5 records; transferring to 'success'
[pool-1930-thread-1] INFO org.apache.nifi.processors.standard.ExecuteSQL - ExecuteSQL[id=79d1bea4-5cd3-4472-866d-f4577df73f97] FlowFile[128,93400346754447.mockFlowFile,291B] contains 5 records; transferring to 'success'
[pool-1930-thread-1] INFO org.apache.nifi.processors.standard.ExecuteSQL - ExecuteSQL[id=79d1bea4-5cd3-4472-866d-f4577df73f97] FlowFile[129,93400346754447.mockFlowFile,291B] contains 5 records; transferring to 'success'
[pool-1930-thread-1] INFO org.apache.nifi.processors.standard.ExecuteSQL - ExecuteSQL[id=79d1bea4-5cd3-4472-866d-f4577df73f97] FlowFile[130,93400346754447.mockFlowFile,291B] contains 5 records; transferring to 'success'
[pool-1930-thread-1] INFO org.apache.nifi.processors.standard.ExecuteSQL - ExecuteSQL[id=79d1bea4-5cd3-4472-866d-f4577df73f97] FlowFile[131,93400346754447.mockFlowFile,291B] contains 5 records; transferring to 'success'
[pool-1930-thread-1] INFO org.apache.nifi.processors.standard.ExecuteSQL - ExecuteSQL[id=79d1bea4-5cd3-4472-866d-f4577df73f97] FlowFile[132,93400346754447.mockFlowFile,291B] contains 5 records; transferring to 'success'
[pool-1930-thread-1] INFO org.apache.nifi.processors.standard.ExecuteSQL - ExecuteSQL[id=79d1bea4-5cd3-4472-866d-f4577df73f97] FlowFile[133,93400346754447.mockFlowFile,291B] contains 5 records; transferring to 'success'
[pool-1930-thread-1] INFO org.apache.nifi.processors.standard.ExecuteSQL - ExecuteSQL[id=79d1bea4-5cd3-4472-866d-f4577df73f97] FlowFile[134,93400346754447.mockFlowFile,291B] contains 5 records; transferring to 'success'
[pool-1930-thread-1] INFO org.apache.nifi.processors.standard.ExecuteSQL - ExecuteSQL[id=79d1bea4-5cd3-4472-866d-f4577df73f97] FlowFile[135,93400346754447.mockFlowFile,291B] contains 5 records; transferring to 'success'
[pool-1930-thread-1] INFO org.apache.nifi.processors.standard.ExecuteSQL - ExecuteSQL[id=79d1bea4-5cd3-4472-866d-f4577df73f97] FlowFile[136,93400346754447.mockFlowFile,291B] contains 5 records; transferring to 'success'
[pool-1930-thread-1] INFO org.apache.nifi.processors.standard.ExecuteSQL - ExecuteSQL[id=79d1bea4-5cd3-4472-866d-f4577df73f97] FlowFile[137,93400346754447.mockFlowFile,291B] contains 5 records; transferring to 'success'
[pool-1930-thread-1] INFO org.apache.nifi.processors.standard.ExecuteSQL - ExecuteSQL[id=79d1bea4-5cd3-4472-866d-f4577df73f97] FlowFile[138,93400346754447.mockFlowFile,291B] contains 5 records; transferring to 'success'
[pool-1930-thread-1] INFO org.apache.nifi.processors.standard.ExecuteSQL - ExecuteSQL[id=79d1bea4-5cd3-4472-866d-f4577df73f97] FlowFile[139,93400346754447.mockFlowFile,291B] contains 5 records; transferring to 'success'
[pool-1930-thread-1] INFO org.apache.nifi.processors.standard.ExecuteSQL - ExecuteSQL[id=79d1bea4-5cd3-4472-866d-f4577df73f97] FlowFile[140,93400346754447.mockFlowFile,291B] contains 5 records; transferring to 'success'
[pool-1930-thread-1] INFO org.apache.nifi.processors.standard.ExecuteSQL - ExecuteSQL[id=79d1bea4-5cd3-4472-866d-f4577df73f97] FlowFile[141,93400346754447.mockFlowFile,291B] contains 5 records; transferring to 'success'
[pool-1930-thread-1] INFO org.apache.nifi.processors.standard.ExecuteSQL - ExecuteSQL[id=79d1bea4-5cd3-4472-866d-f4577df73f97] FlowFile[142,93400346754447.mockFlowFile,291B] contains 5 records; transferring to 'success'
[pool-1930-thread-1] INFO org.apache.nifi.processors.standard.ExecuteSQL - ExecuteSQL[id=79d1bea4-5cd3-4472-866d-f4577df73f97] FlowFile[143,93400346754447.mockFlowFile,291B] contains 5 records; transferring to 'success'
[pool-1930-thread-1] INFO org.apache.nifi.processors.standard.ExecuteSQL - ExecuteSQL[id=79d1bea4-5cd3-4472-866d-f4577df73f97] FlowFile[144,93400346754447.mockFlowFile,291B] contains 5 records; transferring to 'success'
[pool-1930-thread-1] INFO org.apache.nifi.processors.standard.ExecuteSQL - ExecuteSQL[id=79d1bea4-5cd3-4472-866d-f4577df73f97] FlowFile[145,93400346754447.mockFlowFile,291B] contains 5 records; transferring to 'success'
[pool-1930-thread-1] INFO org.apache.nifi.processors.standard.ExecuteSQL - ExecuteSQL[id=79d1bea4-5cd3-4472-866d-f4577df73f97] FlowFile[146,93400346754447.mockFlowFile,291B] contains 5 records; transferring to 'success'
[pool-1930-thread-1] INFO org.apache.nifi.processors.standard.ExecuteSQL - ExecuteSQL[id=79d1bea4-5cd3-4472-866d-f4577df73f97] FlowFile[147,93400346754447.mockFlowFile,291B] contains 5 records; transferring to 'success'
[pool-1930-thread-1] INFO org.apache.nifi.processors.standard.ExecuteSQL - ExecuteSQL[id=79d1bea4-5cd3-4472-866d-f4577df73f97] FlowFile[148,93400346754447.mockFlowFile,291B] contains 5 records; transferring to 'success'
[pool-1930-thread-1] INFO org.apache.nifi.processors.standard.ExecuteSQL - ExecuteSQL[id=79d1bea4-5cd3-4472-866d-f4577df73f97] FlowFile[149,93400346754447.mockFlowFile,291B] contains 5 records; transferring to 'success'
[pool-1930-thread-1] INFO org.apache.nifi.processors.standard.ExecuteSQL - ExecuteSQL[id=79d1bea4-5cd3-4472-866d-f4577df73f97] FlowFile[150,93400346754447.mockFlowFile,291B] contains 5 records; transferring to 'success'
[pool-1930-thread-1] INFO org.apache.nifi.processors.standard.ExecuteSQL - ExecuteSQL[id=79d1bea4-5cd3-4472-866d-f4577df73f97] FlowFile[151,93400346754447.mockFlowFile,291B] contains 5 records; transferring to 'success'
[pool-1930-thread-1] INFO org.apache.nifi.processors.standard.ExecuteSQL - ExecuteSQL[id=79d1bea4-5cd3-4472-866d-f4577df73f97] FlowFile[152,93400346754447.mockFlowFile,291B] contains 5 records; transferring to 'success'
[pool-1930-thread-1] INFO org.apache.nifi.processors.standard.ExecuteSQL - ExecuteSQL[id=79d1bea4-5cd3-4472-866d-f4577df73f97] FlowFile[153,93400346754447.mockFlowFile,291B] contains 5 records; transferring to 'success'
[pool-1930-thread-1] INFO org.apache.nifi.processors.standard.ExecuteSQL - ExecuteSQL[id=79d1bea4-5cd3-4472-866d-f4577df73f97] FlowFile[154,93400346754447.mockFlowFile,291B] contains 5 records; transferring to 'success'
[pool-1930-thread-1] INFO org.apache.nifi.processors.standard.ExecuteSQL - ExecuteSQL[id=79d1bea4-5cd3-4472-866d-f4577df73f97] FlowFile[155,93400346754447.mockFlowFile,291B] contains 5 records; transferring to 'success'
[pool-1930-thread-1] INFO org.apache.nifi.processors.standard.ExecuteSQL - ExecuteSQL[id=79d1bea4-5cd3-4472-866d-f4577df73f97] FlowFile[156,93400346754447.mockFlowFile,291B] contains 5 records; transferring to 'success'
[pool-1930-thread-1] INFO org.apache.nifi.processors.standard.ExecuteSQL - ExecuteSQL[id=79d1bea4-5cd3-4472-866d-f4577df73f97] FlowFile[157,93400346754447.mockFlowFile,291B] contains 5 records; transferring to 'success'
[pool-1930-thread-1] INFO org.apache.nifi.processors.standard.ExecuteSQL - ExecuteSQL[id=79d1bea4-5cd3-4472-866d-f4577df73f97] FlowFile[158,93400346754447.mockFlowFile,291B] contains 5 records; transferring to 'success'
[pool-1930-thread-1] INFO org.apache.nifi.processors.standard.ExecuteSQL - ExecuteSQL[id=79d1bea4-5cd3-4472-866d-f4577df73f97] FlowFile[159,93400346754447.mockFlowFile,291B] contains 5 records; transferring to 'success'
[pool-1930-thread-1] INFO org.apache.nifi.processors.standard.ExecuteSQL - ExecuteSQL[id=79d1bea4-5cd3-4472-866d-f4577df73f97] FlowFile[160,93400346754447.mockFlowFile,291B] contains 5 records; transferring to 'success'
[pool-1930-thread-1] INFO org.apache.nifi.processors.standard.ExecuteSQL - ExecuteSQL[id=79d1bea4-5cd3-4472-866d-f4577df73f97] FlowFile[161,93400346754447.mockFlowFile,291B] contains 5 records; transferring to 'success'
[pool-1930-thread-1] INFO org.apache.nifi.processors.standard.ExecuteSQL - ExecuteSQL[id=79d1bea4-5cd3-4472-866d-f4577df73f97] FlowFile[162,93400346754447.mockFlowFile,291B] contains 5 records; transferring to 'success'
[pool-1930-thread-1] INFO org.apache.nifi.processors.standard.ExecuteSQL - ExecuteSQL[id=79d1bea4-5cd3-4472-866d-f4577df73f97] FlowFile[163,93400346754447.mockFlowFile,291B] contains 5 records; transferring to 'success'
[pool-1930-thread-1] INFO org.apache.nifi.processors.standard.ExecuteSQL - ExecuteSQL[id=79d1bea4-5cd3-4472-866d-f4577df73f97] FlowFile[164,93400346754447.mockFlowFile,291B] contains 5 records; transferring to 'success'
[pool-1930-thread-1] INFO org.apache.nifi.processors.standard.ExecuteSQL - ExecuteSQL[id=79d1bea4-5cd3-4472-866d-f4577df73f97] FlowFile[165,93400346754447.mockFlowFile,291B] contains 5 records; transferring to 'success'
[pool-1930-thread-1] INFO org.apache.nifi.processors.standard.ExecuteSQL - ExecuteSQL[id=79d1bea4-5cd3-4472-866d-f4577df73f97] FlowFile[166,93400346754447.mockFlowFile,291B] contains 5 records; transferring to 'success'
[pool-1930-thread-1] INFO org.apache.nifi.processors.standard.ExecuteSQL - ExecuteSQL[id=79d1bea4-5cd3-4472-866d-f4577df73f97] FlowFile[167,93400346754447.mockFlowFile,291B] contains 5 records; transferring to 'success'
[pool-1930-thread-1] INFO org.apache.nifi.processors.standard.ExecuteSQL - ExecuteSQL[id=79d1bea4-5cd3-4472-866d-f4577df73f97] FlowFile[168,93400346754447.mockFlowFile,291B] contains 5 records; transferring to 'success'
[pool-1930-thread-1] INFO org.apache.nifi.processors.standard.ExecuteSQL - ExecuteSQL[id=79d1bea4-5cd3-4472-866d-f4577df73f97] FlowFile[169,93400346754447.mockFlowFile,291B] contains 5 records; transferring to 'success'
[pool-1930-thread-1] INFO org.apache.nifi.processors.standard.ExecuteSQL - ExecuteSQL[id=79d1bea4-5cd3-4472-866d-f4577df73f97] FlowFile[170,93400346754447.mockFlowFile,291B] contains 5 records; transferring to 'success'
[pool-1930-thread-1] INFO org.apache.nifi.processors.standard.ExecuteSQL - ExecuteSQL[id=79d1bea4-5cd3-4472-866d-f4577df73f97] FlowFile[171,93400346754447.mockFlowFile,291B] contains 5 records; transferring to 'success'
[pool-1930-thread-1] INFO org.apache.nifi.processors.standard.ExecuteSQL - ExecuteSQL[id=79d1bea4-5cd3-4472-866d-f4577df73f97] FlowFile[172,93400346754447.mockFlowFile,291B] contains 5 records; transferring to 'success'
[pool-1930-thread-1] INFO org.apache.nifi.processors.standard.ExecuteSQL - ExecuteSQL[id=79d1bea4-5cd3-4472-866d-f4577df73f97] FlowFile[173,93400346754447.mockFlowFile,291B] contains 5 records; transferring to 'success'
[pool-1930-thread-1] INFO org.apache.nifi.processors.standard.ExecuteSQL - ExecuteSQL[id=79d1bea4-5cd3-4472-866d-f4577df73f97] FlowFile[174,93400346754447.mockFlowFile,291B] contains 5 records; transferring to 'success'
[pool-1930-thread-1] INFO org.apache.nifi.processors.standard.ExecuteSQL - ExecuteSQL[id=79d1bea4-5cd3-4472-866d-f4577df73f97] FlowFile[175,93400346754447.mockFlowFile,291B] contains 5 records; transferring to 'success'
[pool-1930-thread-1] INFO org.apache.nifi.processors.standard.ExecuteSQL - ExecuteSQL[id=79d1bea4-5cd3-4472-866d-f4577df73f97] FlowFile[176,93400346754447.mockFlowFile,291B] contains 5 records; transferring to 'success'
[pool-1930-thread-1] INFO org.apache.nifi.processors.standard.ExecuteSQL - ExecuteSQL[id=79d1bea4-5cd3-4472-866d-f4577df73f97] FlowFile[177,93400346754447.mockFlowFile,291B] contains 5 records; transferring to 'success'
[pool-1930-thread-1] INFO org.apache.nifi.processors.standard.ExecuteSQL - ExecuteSQL[id=79d1bea4-5cd3-4472-866d-f4577df73f97] FlowFile[178,93400346754447.mockFlowFile,291B] contains 5 records; transferring to 'success'
[pool-1930-thread-1] INFO org.apache.nifi.processors.standard.ExecuteSQL - ExecuteSQL[id=79d1bea4-5cd3-4472-866d-f4577df73f97] FlowFile[179,93400346754447.mockFlowFile,291B] contains 5 records; transferring to 'success'
[pool-1930-thread-1] INFO org.apache.nifi.processors.standard.ExecuteSQL - ExecuteSQL[id=79d1bea4-5cd3-4472-866d-f4577df73f97] FlowFile[180,93400346754447.mockFlowFile,291B] contains 5 records; transferring to 'success'
[pool-1930-thread-1] INFO org.apache.nifi.processors.standard.ExecuteSQL - ExecuteSQL[id=79d1bea4-5cd3-4472-866d-f4577df73f97] FlowFile[181,93400346754447.mockFlowFile,291B] contains 5 records; transferring to 'success'
[pool-1930-thread-1] INFO org.apache.nifi.processors.standard.ExecuteSQL - ExecuteSQL[id=79d1bea4-5cd3-4472-866d-f4577df73f97] FlowFile[182,93400346754447.mockFlowFile,291B] contains 5 records; transferring to 'success'
[pool-1930-thread-1] INFO org.apache.nifi.processors.standard.ExecuteSQL - ExecuteSQL[id=79d1bea4-5cd3-4472-866d-f4577df73f97] FlowFile[183,93400346754447.mockFlowFile,291B] contains 5 records; transferring to 'success'
[pool-1930-thread-1] INFO org.apache.nifi.processors.standard.ExecuteSQL - ExecuteSQL[id=79d1bea4-5cd3-4472-866d-f4577df73f97] FlowFile[184,93400346754447.mockFlowFile,291B] contains 5 records; transferring to 'success'
[pool-1930-thread-1] INFO org.apache.nifi.processors.standard.ExecuteSQL - ExecuteSQL[id=79d1bea4-5cd3-4472-866d-f4577df73f97] FlowFile[185,93400346754447.mockFlowFile,291B] contains 5 records; transferring to 'success'
[pool-1930-thread-1] INFO org.apache.nifi.processors.standard.ExecuteSQL - ExecuteSQL[id=79d1bea4-5cd3-4472-866d-f4577df73f97] FlowFile[186,93400346754447.mockFlowFile,291B] contains 5 records; transferring to 'success'
[pool-1930-thread-1] INFO org.apache.nifi.processors.standard.ExecuteSQL - ExecuteSQL[id=79d1bea4-5cd3-4472-866d-f4577df73f97] FlowFile[187,93400346754447.mockFlowFile,291B] contains 5 records; transferring to 'success'
[pool-1930-thread-1] INFO org.apache.nifi.processors.standard.ExecuteSQL - ExecuteSQL[id=79d1bea4-5cd3-4472-866d-f4577df73f97] FlowFile[188,93400346754447.mockFlowFile,291B] contains 5 records; transferring to 'success'
[pool-1930-thread-1] INFO org.apache.nifi.processors.standard.ExecuteSQL - ExecuteSQL[id=79d1bea4-5cd3-4472-866d-f4577df73f97] FlowFile[189,93400346754447.mockFlowFile,291B] contains 5 records; transferring to 'success'
[pool-1930-thread-1] INFO org.apache.nifi.processors.standard.ExecuteSQL - ExecuteSQL[id=79d1bea4-5cd3-4472-866d-f4577df73f97] FlowFile[190,93400346754447.mockFlowFile,291B] contains 5 records; transferring to 'success'
[pool-1930-thread-1] INFO org.apache.nifi.processors.standard.ExecuteSQL - ExecuteSQL[id=79d1bea4-5cd3-4472-866d-f4577df73f97] FlowFile[191,93400346754447.mockFlowFile,291B] contains 5 records; transferring to 'success'
[pool-1930-thread-1] INFO org.apache.nifi.processors.standard.ExecuteSQL - ExecuteSQL[id=79d1bea4-5cd3-4472-866d-f4577df73f97] FlowFile[192,93400346754447.mockFlowFile,291B] contains 5 records; transferring to 'success'
[pool-1930-thread-1] INFO org.apache.nifi.processors.standard.ExecuteSQL - ExecuteSQL[id=79d1bea4-5cd3-4472-866d-f4577df73f97] FlowFile[193,93400346754447.mockFlowFile,291B] contains 5 records; transferring to 'success'
[pool-1930-thread-1] INFO org.apache.nifi.processors.standard.ExecuteSQL - ExecuteSQL[id=79d1bea4-5cd3-4472-866d-f4577df73f97] FlowFile[194,93400346754447.mockFlowFile,291B] contains 5 records; transferring to 'success'
[pool-1930-thread-1] INFO org.apache.nifi.processors.standard.ExecuteSQL - ExecuteSQL[id=79d1bea4-5cd3-4472-866d-f4577df73f97] FlowFile[195,93400346754447.mockFlowFile,291B] contains 5 records; transferring to 'success'
[pool-1930-thread-1] INFO org.apache.nifi.processors.standard.ExecuteSQL - ExecuteSQL[id=79d1bea4-5cd3-4472-866d-f4577df73f97] FlowFile[196,93400346754447.mockFlowFile,291B] contains 5 records; transferring to 'success'
[pool-1930-thread-1] INFO org.apache.nifi.processors.standard.ExecuteSQL - ExecuteSQL[id=79d1bea4-5cd3-4472-866d-f4577df73f97] FlowFile[197,93400346754447.mockFlowFile,291B] contains 5 records; transferring to 'success'
[pool-1930-thread-1] INFO org.apache.nifi.processors.standard.ExecuteSQL - ExecuteSQL[id=79d1bea4-5cd3-4472-866d-f4577df73f97] FlowFile[198,93400346754447.mockFlowFile,291B] contains 5 records; transferring to 'success'
[pool-1930-thread-1] INFO org.apache.nifi.processors.standard.ExecuteSQL - ExecuteSQL[id=79d1bea4-5cd3-4472-866d-f4577df73f97] FlowFile[199,93400346754447.mockFlowFile,291B] contains 5 records; transferring to 'success'
[pool-1930-thread-1] INFO org.apache.nifi.processors.standard.ExecuteSQL - ExecuteSQL[id=79d1bea4-5cd3-4472-866d-f4577df73f97] FlowFile[200,93400346754447.mockFlowFile,291B] contains 5 records; transferring to 'success'
]]></system-err>
  </testcase>
  <testcase name="testWithSqlExceptionErrorProcessingResultSet" classname="org.apache.nifi.processors.standard.TestExecuteSQL" time="0.008">
    <system-err><![CDATA[[pool-1931-thread-1] DEBUG org.apache.nifi.processors.standard.ExecuteSQL - ExecuteSQL[id=79aabceb-8ecc-441a-ad9a-df1f9a788f29] Executing query SELECT 1
[pool-1931-thread-1] ERROR org.apache.nifi.processors.standard.ExecuteSQL - ExecuteSQL[id=79aabceb-8ecc-441a-ad9a-df1f9a788f29] Unable to execute SQL select query SELECT 1 for FlowFile[0,93400380405171.mockFlowFile,8B] due to org.apache.nifi.processor.exception.ProcessException: java.sql.SQLException: test execute statement failed; routing to failure: org.apache.nifi.processor.exception.ProcessException: java.sql.SQLException: test execute statement failed
org.apache.nifi.processor.exception.ProcessException: java.sql.SQLException: test execute statement failed
	at org.apache.nifi.processors.standard.sql.DefaultAvroSqlWriter.writeResultSet(DefaultAvroSqlWriter.java:51)
	at org.apache.nifi.processors.standard.AbstractExecuteSQL.lambda$onTrigger$1(AbstractExecuteSQL.java:302)
	at org.apache.nifi.util.MockProcessSession.write(MockProcessSession.java:907)
	at org.apache.nifi.util.MockProcessSession.write(MockProcessSession.java:67)
	at org.apache.nifi.processors.standard.AbstractExecuteSQL.onTrigger(AbstractExecuteSQL.java:300)
	at org.apache.nifi.processor.AbstractProcessor.onTrigger(AbstractProcessor.java:27)
	at org.apache.nifi.util.StandardProcessorTestRunner$RunProcessor.call(StandardProcessorTestRunner.java:284)
	at org.apache.nifi.util.StandardProcessorTestRunner$RunProcessor.call(StandardProcessorTestRunner.java:278)
	at java.util.concurrent.FutureTask.run(FutureTask.java:266)
	at java.util.concurrent.ScheduledThreadPoolExecutor$ScheduledFutureTask.access$201(ScheduledThreadPoolExecutor.java:180)
	at java.util.concurrent.ScheduledThreadPoolExecutor$ScheduledFutureTask.run(ScheduledThreadPoolExecutor.java:293)
	at java.util.concurrent.ThreadPoolExecutor.runWorker(ThreadPoolExecutor.java:1149)
	at java.util.concurrent.ThreadPoolExecutor$Worker.run(ThreadPoolExecutor.java:624)
	at java.lang.Thread.run(Thread.java:750)
Caused by: java.sql.SQLException: test execute statement failed
	at org.apache.nifi.util.db.JdbcCommon.createSchema(JdbcCommon.java:497)
	at org.apache.nifi.util.db.JdbcCommon.convertToAvroStream(JdbcCommon.java:251)
	at org.apache.nifi.processors.standard.sql.DefaultAvroSqlWriter.writeResultSet(DefaultAvroSqlWriter.java:49)
	... 13 more
]]></system-err>
  </testcase>
  <testcase name="testIncomingConnectionWithNoFlowFileAndNoQuery" classname="org.apache.nifi.processors.standard.TestExecuteSQL" time="0.001"/>
  <testcase name="testQueryTimeout" classname="org.apache.nifi.processors.standard.TestExecuteSQL" time="0.831">
    <system-out><![CDATA[JCIDDEH 
DDABGCFD IHJIGJ
EEJHJ C
]]></system-out>
    <system-err><![CDATA[[main] INFO org.apache.nifi.processors.standard.TestExecuteSQL - test data loaded
[pool-1933-thread-1] DEBUG org.apache.nifi.processors.standard.ExecuteSQL - ExecuteSQL[id=3d7abeaa-c5b3-46eb-b567-5f11d607bbbc] Executing query select   PER.ID as PersonId, PER.NAME as PersonName, PER.CODE as PersonCode, PRD.ID as ProductId,PRD.NAME as ProductName,PRD.CODE as ProductCode, REL.ID as RelId,    REL.NAME as RelName,    REL.CODE as RelCode, ROW_NUMBER() OVER () as rownr  from persons PER, products PRD, relationships REL where PER.ID = 10
[pool-1933-thread-1] INFO org.apache.nifi.processors.standard.ExecuteSQL - ExecuteSQL[id=3d7abeaa-c5b3-46eb-b567-5f11d607bbbc] FlowFile[1,93401097752137.mockFlowFile,1174898B] contains 20000 records; transferring to 'success'
[main] INFO org.apache.nifi.processors.standard.TestExecuteSQL - total nr of records from stream: 20000
]]></system-err>
  </testcase>
  <testcase name="testPreQueryFail" classname="org.apache.nifi.processors.standard.TestExecuteSQL" time="0.02">
    <system-err><![CDATA[[pool-1934-thread-1] ERROR org.apache.nifi.processors.standard.ExecuteSQL - ExecuteSQL[id=1f6c4094-efcf-4d6e-abe0-6aaf374b5663] Unable to execute SQL select query CALL SYSCS_UTIL.SYSCS_SET_RUNTIMESTATISTICS() for FlowFile[0,93401232190180.mockFlowFile,4B] due to java.sql.SQLSyntaxErrorException: 'SYSCS_UTIL.SYSCS_SET_RUNTIMESTATISTICS' is not recognized as a function or procedure.; routing to failure: java.sql.SQLSyntaxErrorException: 'SYSCS_UTIL.SYSCS_SET_RUNTIMESTATISTICS' is not recognized as a function or procedure.
java.sql.SQLSyntaxErrorException: 'SYSCS_UTIL.SYSCS_SET_RUNTIMESTATISTICS' is not recognized as a function or procedure.
	at org.apache.derby.impl.jdbc.SQLExceptionFactory.getSQLException(Unknown Source)
	at org.apache.derby.impl.jdbc.Util.generateCsSQLException(Unknown Source)
	at org.apache.derby.impl.jdbc.TransactionResourceImpl.wrapInSQLException(Unknown Source)
	at org.apache.derby.impl.jdbc.TransactionResourceImpl.handleException(Unknown Source)
	at org.apache.derby.impl.jdbc.EmbedConnection.handleException(Unknown Source)
	at org.apache.derby.impl.jdbc.ConnectionChild.handleException(Unknown Source)
	at org.apache.derby.impl.jdbc.EmbedStatement.execute(Unknown Source)
	at org.apache.derby.impl.jdbc.EmbedStatement.execute(Unknown Source)
	at org.apache.nifi.processors.standard.AbstractExecuteSQL.executeConfigStatements(AbstractExecuteSQL.java:464)
	at org.apache.nifi.processors.standard.AbstractExecuteSQL.onTrigger(AbstractExecuteSQL.java:252)
	at org.apache.nifi.processor.AbstractProcessor.onTrigger(AbstractProcessor.java:27)
	at org.apache.nifi.util.StandardProcessorTestRunner$RunProcessor.call(StandardProcessorTestRunner.java:284)
	at org.apache.nifi.util.StandardProcessorTestRunner$RunProcessor.call(StandardProcessorTestRunner.java:278)
	at java.util.concurrent.FutureTask.run(FutureTask.java:266)
	at java.util.concurrent.ScheduledThreadPoolExecutor$ScheduledFutureTask.access$201(ScheduledThreadPoolExecutor.java:180)
	at java.util.concurrent.ScheduledThreadPoolExecutor$ScheduledFutureTask.run(ScheduledThreadPoolExecutor.java:293)
	at java.util.concurrent.ThreadPoolExecutor.runWorker(ThreadPoolExecutor.java:1149)
	at java.util.concurrent.ThreadPoolExecutor$Worker.run(ThreadPoolExecutor.java:624)
	at java.lang.Thread.run(Thread.java:750)
Caused by: ERROR 42Y03: 'SYSCS_UTIL.SYSCS_SET_RUNTIMESTATISTICS' is not recognized as a function or procedure.
	at org.apache.derby.iapi.error.StandardException.newException(Unknown Source)
	at org.apache.derby.iapi.error.StandardException.newException(Unknown Source)
	at org.apache.derby.impl.sql.compile.StaticMethodCallNode.bindExpressionMinion(Unknown Source)
	at org.apache.derby.impl.sql.compile.StaticMethodCallNode.bindExpression(Unknown Source)
	at org.apache.derby.impl.sql.compile.JavaToSQLValueNode.bindExpression(Unknown Source)
	at org.apache.derby.impl.sql.compile.CallStatementNode.bindStatement(Unknown Source)
	at org.apache.derby.impl.sql.GenericStatement.prepMinion(Unknown Source)
	at org.apache.derby.impl.sql.GenericStatement.prepare(Unknown Source)
	at org.apache.derby.impl.sql.conn.GenericLanguageConnectionContext.prepareInternalStatement(Unknown Source)
	... 13 more
]]></system-err>
  </testcase>
  <testcase name="testIncomingConnectionWithNoFlowFile" classname="org.apache.nifi.processors.standard.TestExecuteSQL" time="0"/>
  <testcase name="testWithNullIntColumn" classname="org.apache.nifi.processors.standard.TestExecuteSQL" time="0.023">
    <system-err><![CDATA[[pool-1936-thread-1] DEBUG org.apache.nifi.processors.standard.ExecuteSQL - ExecuteSQL[id=019abb31-40cb-4fb5-9bac-19208bf1e49e] Executing query SELECT * FROM TEST_NULL_INT
[pool-1936-thread-1] INFO org.apache.nifi.processors.standard.ExecuteSQL - ExecuteSQL[id=019abb31-40cb-4fb5-9bac-19208bf1e49e] FlowFile[0,93401258248088.mockFlowFile,267B] contains 2 records; transferring to 'success'
]]></system-err>
  </testcase>
  <testcase name="testNoIncomingConnectionAndNoQuery" classname="org.apache.nifi.processors.standard.TestExecuteSQL" time="0.001">
    <system-err><![CDATA[[main] ERROR org.apache.nifi.processors.standard.ExecuteSQL - ExecuteSQL[id=f616cca5-2f9d-42ae-bd91-e7491071d94d] Either the Select Query must be specified or there must be an incoming connection providing flowfile(s) containing a SQL select query
java.lang.reflect.InvocationTargetException
	at sun.reflect.GeneratedMethodAccessor126.invoke(Unknown Source)
	at sun.reflect.DelegatingMethodAccessorImpl.invoke(DelegatingMethodAccessorImpl.java:43)
	at java.lang.reflect.Method.invoke(Method.java:498)
	at org.apache.nifi.util.ReflectionUtils.invokeMethodsWithAnnotation(ReflectionUtils.java:68)
	at org.apache.nifi.util.StandardProcessorTestRunner.run(StandardProcessorTestRunner.java:203)
	at org.apache.nifi.util.StandardProcessorTestRunner.run(StandardProcessorTestRunner.java:185)
	at org.apache.nifi.util.StandardProcessorTestRunner.run(StandardProcessorTestRunner.java:180)
	at org.apache.nifi.util.StandardProcessorTestRunner.run(StandardProcessorTestRunner.java:175)
	at org.apache.nifi.util.StandardProcessorTestRunner.run(StandardProcessorTestRunner.java:170)
	at org.apache.nifi.processors.standard.TestExecuteSQL.testNoIncomingConnectionAndNoQuery(TestExecuteSQL.java:141)
	at sun.reflect.NativeMethodAccessorImpl.invoke0(Native Method)
	at sun.reflect.NativeMethodAccessorImpl.invoke(NativeMethodAccessorImpl.java:62)
	at sun.reflect.DelegatingMethodAccessorImpl.invoke(DelegatingMethodAccessorImpl.java:43)
	at java.lang.reflect.Method.invoke(Method.java:498)
	at org.junit.runners.model.FrameworkMethod$1.runReflectiveCall(FrameworkMethod.java:59)
	at org.junit.internal.runners.model.ReflectiveCallable.run(ReflectiveCallable.java:12)
	at org.junit.runners.model.FrameworkMethod.invokeExplosively(FrameworkMethod.java:56)
	at org.junit.internal.runners.statements.InvokeMethod.evaluate(InvokeMethod.java:17)
	at org.junit.internal.runners.statements.ExpectException.evaluate(ExpectException.java:19)
	at org.junit.internal.runners.statements.RunBefores.evaluate(RunBefores.java:26)
	at org.junit.runners.ParentRunner$3.evaluate(ParentRunner.java:306)
	at org.junit.runners.BlockJUnit4ClassRunner$1.evaluate(BlockJUnit4ClassRunner.java:100)
	at org.junit.runners.ParentRunner.runLeaf(ParentRunner.java:366)
	at org.junit.runners.BlockJUnit4ClassRunner.runChild(BlockJUnit4ClassRunner.java:103)
	at org.junit.runners.BlockJUnit4ClassRunner.runChild(BlockJUnit4ClassRunner.java:63)
	at org.junit.runners.ParentRunner$4.run(ParentRunner.java:331)
	at org.junit.runners.ParentRunner$1.schedule(ParentRunner.java:79)
	at org.junit.runners.ParentRunner.runChildren(ParentRunner.java:329)
	at org.junit.runners.ParentRunner.access$100(ParentRunner.java:66)
	at org.junit.runners.ParentRunner$2.evaluate(ParentRunner.java:293)
	at org.junit.internal.runners.statements.RunBefores.evaluate(RunBefores.java:26)
	at org.junit.runners.ParentRunner$3.evaluate(ParentRunner.java:306)
	at org.junit.runners.ParentRunner.run(ParentRunner.java:413)
	at org.junit.runner.JUnitCore.run(JUnitCore.java:137)
	at org.junit.runner.JUnitCore.run(JUnitCore.java:115)
	at org.junit.vintage.engine.execution.RunnerExecutor.execute(RunnerExecutor.java:43)
	at java.util.stream.ForEachOps$ForEachOp$OfRef.accept(ForEachOps.java:183)
	at java.util.stream.ReferencePipeline$3$1.accept(ReferencePipeline.java:193)
	at java.util.Iterator.forEachRemaining(Iterator.java:116)
	at java.util.Spliterators$IteratorSpliterator.forEachRemaining(Spliterators.java:1801)
	at java.util.stream.AbstractPipeline.copyInto(AbstractPipeline.java:482)
	at java.util.stream.AbstractPipeline.wrapAndCopyInto(AbstractPipeline.java:472)
	at java.util.stream.ForEachOps$ForEachOp.evaluateSequential(ForEachOps.java:150)
	at java.util.stream.ForEachOps$ForEachOp$OfRef.evaluateSequential(ForEachOps.java:173)
	at java.util.stream.AbstractPipeline.evaluate(AbstractPipeline.java:234)
	at java.util.stream.ReferencePipeline.forEach(ReferencePipeline.java:485)
	at org.junit.vintage.engine.VintageTestEngine.executeAllChildren(VintageTestEngine.java:82)
	at org.junit.vintage.engine.VintageTestEngine.execute(VintageTestEngine.java:73)
	at org.junit.platform.launcher.core.EngineExecutionOrchestrator.execute(EngineExecutionOrchestrator.java:108)
	at org.junit.platform.launcher.core.EngineExecutionOrchestrator.execute(EngineExecutionOrchestrator.java:88)
	at org.junit.platform.launcher.core.EngineExecutionOrchestrator.lambda$execute$0(EngineExecutionOrchestrator.java:54)
	at org.junit.platform.launcher.core.EngineExecutionOrchestrator.withInterceptedStreams(EngineExecutionOrchestrator.java:67)
	at org.junit.platform.launcher.core.EngineExecutionOrchestrator.execute(EngineExecutionOrchestrator.java:52)
	at org.junit.platform.launcher.core.DefaultLauncher.execute(DefaultLauncher.java:96)
	at org.junit.platform.launcher.core.DefaultLauncher.execute(DefaultLauncher.java:75)
	at org.apache.maven.surefire.junitplatform.JUnitPlatformProvider.execute(JUnitPlatformProvider.java:188)
	at org.apache.maven.surefire.junitplatform.JUnitPlatformProvider.invokeAllTests(JUnitPlatformProvider.java:154)
	at org.apache.maven.surefire.junitplatform.JUnitPlatformProvider.invoke(JUnitPlatformProvider.java:128)
	at org.apache.maven.surefire.booter.ForkedBooter.runSuitesInProcess(ForkedBooter.java:428)
	at org.apache.maven.surefire.booter.ForkedBooter.execute(ForkedBooter.java:162)
	at org.apache.maven.surefire.booter.ForkedBooter.run(ForkedBooter.java:562)
	at org.apache.maven.surefire.booter.ForkedBooter.main(ForkedBooter.java:548)
Caused by: org.apache.nifi.processor.exception.ProcessException: Either the Select Query must be specified or there must be an incoming connection providing flowfile(s) containing a SQL select query
	at org.apache.nifi.processors.standard.AbstractExecuteSQL.setup(AbstractExecuteSQL.java:193)
	... 62 more
]]></system-err>
  </testcase>
</testsuite>