<?xml version="1.0" encoding="UTF-8"?>
<testsuite xmlns:xsi="http://www.w3.org/2001/XMLSchema-instance" xsi:noNamespaceSchemaLocation="https://maven.apache.org/surefire/maven-surefire-plugin/xsd/surefire-test-report-3.0.xsd" version="3.0" name="org.apache.nifi.web.security.x509.ocsp.OcspCertificateValidatorGroovyTest" time="0.934" tests="8" errors="0" skipped="3" failures="0">
  <properties>
    <property name="sun.desktop" value="gnome"/>
    <property name="awt.toolkit" value="sun.awt.X11.XToolkit"/>
    <property name="file.encoding.pkg" value="sun.io"/>
    <property name="java.specification.version" value="1.8"/>
    <property name="sun.cpu.isalist" value=""/>
    <property name="sun.jnu.encoding" value="UTF-8"/>
    <property name="java.class.path" value="/home/alex/Repositories/nifi/nifi-nar-bundles/nifi-framework-bundle/nifi-framework/nifi-web/nifi-web-security/target/test-classes:/home/alex/Repositories/nifi/nifi-nar-bundles/nifi-framework-bundle/nifi-framework/nifi-web/nifi-web-security/target/classes:/home/alex/Repositories/nifi/nifi-nar-bundles/nifi-framework-bundle/nifi-framework/nifi-administration/target/classes:/home/alex/Repositories/nifi/nifi-nar-bundles/nifi-framework-bundle/nifi-framework/nifi-user-actions/target/classes:/home/alex/Repositories/nifi/nifi-nar-bundles/nifi-framework-bundle/nifi-framework/nifi-framework-core-api/target/classes:/home/alex/Repositories/nifi/nifi-nar-bundles/nifi-framework-bundle/nifi-framework/nifi-framework-nar-utils/target/classes:/home/alex/Repositories/nifi/nifi-commons/nifi-parameter/target/classes:/home/alex/Repositories/nifi/nifi-commons/nifi-utils/target/classes:/home/alex/.m2/repository/com/h2database/h2/1.4.199/h2-1.4.199.jar:/home/alex/.m2/repository/org/springframework/spring-beans/5.3.11/spring-beans-5.3.11.jar:/home/alex/.m2/repository/org/springframework/spring-context/5.3.11/spring-context-5.3.11.jar:/home/alex/.m2/repository/org/springframework/spring-expression/5.3.11/spring-expression-5.3.11.jar:/home/alex/.m2/repository/org/springframework/spring-core/5.3.11/spring-core-5.3.11.jar:/home/alex/.m2/repository/org/springframework/spring-jcl/5.3.11/spring-jcl-5.3.11.jar:/home/alex/.m2/repository/org/springframework/spring-aop/5.3.11/spring-aop-5.3.11.jar:/home/alex/.m2/repository/org/aspectj/aspectjweaver/1.9.6/aspectjweaver-1.9.6.jar:/home/alex/.m2/repository/org/apache/commons/commons-collections4/4.4/commons-collections4-4.4.jar:/home/alex/Repositories/nifi/nifi-nar-bundles/nifi-framework-bundle/nifi-framework/nifi-nar-utils/target/classes:/home/alex/Repositories/nifi/nifi-api/target/classes:/home/alex/Repositories/nifi/nifi-framework-api/target/classes:/home/alex/Repositories/nifi/nifi-commons/nifi-web-utils/target/classes:/home/alex/.m2/repository/org/apache/commons/commons-lang3/3.9/commons-lang3-3.9.jar:/home/alex/.m2/repository/com/fasterxml/jackson/core/jackson-databind/2.12.3/jackson-databind-2.12.3.jar:/home/alex/.m2/repository/com/fasterxml/jackson/core/jackson-annotations/2.12.3/jackson-annotations-2.12.3.jar:/home/alex/.m2/repository/com/fasterxml/jackson/module/jackson-module-jaxb-annotations/2.12.3/jackson-module-jaxb-annotations-2.12.3.jar:/home/alex/.m2/repository/jakarta/xml/bind/jakarta.xml.bind-api/2.3.2/jakarta.xml.bind-api-2.3.2.jar:/home/alex/.m2/repository/jakarta/activation/jakarta.activation-api/1.2.1/jakarta.activation-api-1.2.1.jar:/home/alex/.m2/repository/org/apache/httpcomponents/httpclient/4.5.5/httpclient-4.5.5.jar:/home/alex/.m2/repository/org/apache/httpcomponents/httpcore/4.4.9/httpcore-4.4.9.jar:/home/alex/Repositories/nifi/nifi-commons/nifi-security-utils/target/classes:/home/alex/Repositories/nifi/nifi-commons/nifi-security-utils-api/target/classes:/home/alex/Repositories/nifi/nifi-commons/nifi-security-kms/target/classes:/home/alex/.m2/repository/commons-codec/commons-codec/1.14/commons-codec-1.14.jar:/home/alex/Repositories/nifi/nifi-commons/nifi-properties/target/classes:/home/alex/Repositories/nifi/nifi-commons/nifi-property-utils/target/classes:/home/alex/.m2/repository/at/favre/lib/bcrypt/0.9.0/bcrypt-0.9.0.jar:/home/alex/.m2/repository/at/favre/lib/bytes/1.3.0/bytes-1.3.0.jar:/home/alex/.m2/repository/org/apache/commons/commons-configuration2/2.7/commons-configuration2-2.7.jar:/home/alex/.m2/repository/org/apache/commons/commons-text/1.8/commons-text-1.8.jar:/home/alex/Repositories/nifi/nifi-nar-bundles/nifi-framework-bundle/nifi-framework/nifi-framework-core/target/classes:/home/alex/Repositories/nifi/nifi-nar-bundles/nifi-framework-bundle/nifi-framework/nifi-properties-loader/target/classes:/home/alex/Repositories/nifi/nifi-commons/nifi-sensitive-property-provider/target/classes:/home/alex/.m2/repository/software/amazon/awssdk/kms/2.17.1/kms-2.17.1.jar:/home/alex/.m2/repository/software/amazon/awssdk/aws-json-protocol/2.17.1/aws-json-protocol-2.17.1.jar:/home/alex/.m2/repository/software/amazon/awssdk/third-party-jackson-core/2.17.1/third-party-jackson-core-2.17.1.jar:/home/alex/.m2/repository/software/amazon/awssdk/json-utils/2.17.1/json-utils-2.17.1.jar:/home/alex/.m2/repository/software/amazon/awssdk/protocol-core/2.17.1/protocol-core-2.17.1.jar:/home/alex/.m2/repository/software/amazon/awssdk/sdk-core/2.17.1/sdk-core-2.17.1.jar:/home/alex/.m2/repository/software/amazon/awssdk/profiles/2.17.1/profiles-2.17.1.jar:/home/alex/.m2/repository/org/reactivestreams/reactive-streams/1.0.3/reactive-streams-1.0.3.jar:/home/alex/.m2/repository/software/amazon/awssdk/auth/2.17.1/auth-2.17.1.jar:/home/alex/.m2/repository/software/amazon/eventstream/eventstream/1.0.1/eventstream-1.0.1.jar:/home/alex/.m2/repository/software/amazon/awssdk/http-client-spi/2.17.1/http-client-spi-2.17.1.jar:/home/alex/.m2/repository/software/amazon/awssdk/regions/2.17.1/regions-2.17.1.jar:/home/alex/.m2/repository/software/amazon/awssdk/annotations/2.17.1/annotations-2.17.1.jar:/home/alex/.m2/repository/software/amazon/awssdk/utils/2.17.1/utils-2.17.1.jar:/home/alex/.m2/repository/software/amazon/awssdk/aws-core/2.17.1/aws-core-2.17.1.jar:/home/alex/.m2/repository/software/amazon/awssdk/metrics-spi/2.17.1/metrics-spi-2.17.1.jar:/home/alex/.m2/repository/software/amazon/awssdk/secretsmanager/2.17.1/secretsmanager-2.17.1.jar:/home/alex/.m2/repository/com/azure/azure-security-keyvault-secrets/4.3.3/azure-security-keyvault-secrets-4.3.3.jar:/home/alex/.m2/repository/com/azure/azure-core/1.20.0/azure-core-1.20.0.jar:/home/alex/.m2/repository/com/fasterxml/jackson/dataformat/jackson-dataformat-xml/2.12.4/jackson-dataformat-xml-2.12.4.jar:/home/alex/.m2/repository/io/projectreactor/reactor-core/3.4.9/reactor-core-3.4.9.jar:/home/alex/.m2/repository/com/azure/azure-security-keyvault-keys/4.3.3/azure-security-keyvault-keys-4.3.3.jar:/home/alex/.m2/repository/com/azure/azure-identity/1.3.4/azure-identity-1.3.4.jar:/home/alex/.m2/repository/com/microsoft/azure/msal4j/1.10.1/msal4j-1.10.1.jar:/home/alex/.m2/repository/com/microsoft/azure/msal4j-persistence-extension/1.1.0/msal4j-persistence-extension-1.1.0.jar:/home/alex/.m2/repository/net/java/dev/jna/jna/5.5.0/jna-5.5.0.jar:/home/alex/.m2/repository/net/java/dev/jna/jna-platform/5.6.0/jna-platform-5.6.0.jar:/home/alex/.m2/repository/com/azure/azure-core-http-okhttp/1.7.1/azure-core-http-okhttp-1.7.1.jar:/home/alex/.m2/repository/com/squareup/okhttp3/okhttp/4.8.1/okhttp-4.8.1.jar:/home/alex/.m2/repository/com/squareup/okio/okio/2.7.0/okio-2.7.0.jar:/home/alex/.m2/repository/org/jetbrains/kotlin/kotlin-stdlib-common/1.3.70/kotlin-stdlib-common-1.3.70.jar:/home/alex/.m2/repository/org/jetbrains/kotlin/kotlin-stdlib/1.3.72/kotlin-stdlib-1.3.72.jar:/home/alex/.m2/repository/org/jetbrains/annotations/13.0/annotations-13.0.jar:/home/alex/.m2/repository/software/amazon/awssdk/url-connection-client/2.17.1/url-connection-client-2.17.1.jar:/home/alex/.m2/repository/com/google/cloud/google-cloud-kms/2.0.2/google-cloud-kms-2.0.2.jar:/home/alex/.m2/repository/io/grpc/grpc-api/1.40.0/grpc-api-1.40.0.jar:/home/alex/.m2/repository/io/grpc/grpc-context/1.40.0/grpc-context-1.40.0.jar:/home/alex/.m2/repository/io/grpc/grpc-stub/1.40.0/grpc-stub-1.40.0.jar:/home/alex/.m2/repository/io/grpc/grpc-protobuf/1.40.0/grpc-protobuf-1.40.0.jar:/home/alex/.m2/repository/io/grpc/grpc-protobuf-lite/1.40.0/grpc-protobuf-lite-1.40.0.jar:/home/alex/.m2/repository/com/google/api/api-common/2.0.1/api-common-2.0.1.jar:/home/alex/.m2/repository/javax/annotation/javax.annotation-api/1.3.2/javax.annotation-api-1.3.2.jar:/home/alex/.m2/repository/com/google/auto/value/auto-value-annotations/1.8.2/auto-value-annotations-1.8.2.jar:/home/alex/.m2/repository/com/google/protobuf/protobuf-java/3.17.3/protobuf-java-3.17.3.jar:/home/alex/.m2/repository/com/google/api/grpc/proto-google-common-protos/2.3.2/proto-google-common-protos-2.3.2.jar:/home/alex/.m2/repository/com/google/api/grpc/proto-google-cloud-kms-v1/0.91.2/proto-google-cloud-kms-v1-0.91.2.jar:/home/alex/.m2/repository/com/google/api/gax/2.3.0/gax-2.3.0.jar:/home/alex/.m2/repository/io/opencensus/opencensus-api/0.28.0/opencensus-api-0.28.0.jar:/home/alex/.m2/repository/com/google/api/gax-grpc/2.3.0/gax-grpc-2.3.0.jar:/home/alex/.m2/repository/com/google/auth/google-auth-library-credentials/1.1.0/google-auth-library-credentials-1.1.0.jar:/home/alex/.m2/repository/io/grpc/grpc-netty-shaded/1.40.0/grpc-netty-shaded-1.40.0.jar:/home/alex/.m2/repository/io/perfmark/perfmark-api/0.23.0/perfmark-api-0.23.0.jar:/home/alex/.m2/repository/io/grpc/grpc-core/1.40.0/grpc-core-1.40.0.jar:/home/alex/.m2/repository/com/google/android/annotations/4.1.1.4/annotations-4.1.1.4.jar:/home/alex/.m2/repository/io/grpc/grpc-alts/1.40.0/grpc-alts-1.40.0.jar:/home/alex/.m2/repository/io/grpc/grpc-grpclb/1.40.0/grpc-grpclb-1.40.0.jar:/home/alex/.m2/repository/com/google/protobuf/protobuf-java-util/3.17.3/protobuf-java-util-3.17.3.jar:/home/alex/.m2/repository/org/conscrypt/conscrypt-openjdk-uber/2.5.1/conscrypt-openjdk-uber-2.5.1.jar:/home/alex/.m2/repository/org/threeten/threetenbp/1.5.1/threetenbp-1.5.1.jar:/home/alex/.m2/repository/io/grpc/grpc-auth/1.40.0/grpc-auth-1.40.0.jar:/home/alex/.m2/repository/com/google/api/grpc/proto-google-iam-v1/1.0.14/proto-google-iam-v1-1.0.14.jar:/home/alex/.m2/repository/com/google/auth/google-auth-library-oauth2-http/1.1.0/google-auth-library-oauth2-http-1.1.0.jar:/home/alex/.m2/repository/com/google/http-client/google-http-client/1.39.2/google-http-client-1.39.2.jar:/home/alex/.m2/repository/io/opencensus/opencensus-contrib-http-util/0.28.0/opencensus-contrib-http-util-0.28.0.jar:/home/alex/.m2/repository/com/google/http-client/google-http-client-gson/1.39.2/google-http-client-gson-1.39.2.jar:/home/alex/.m2/repository/com/google/code/gson/gson/2.8.8/gson-2.8.8.jar:/home/alex/Repositories/nifi/nifi-commons/nifi-vault-utils/target/classes:/home/alex/.m2/repository/org/springframework/vault/spring-vault-core/2.3.2/spring-vault-core-2.3.2.jar:/home/alex/Repositories/nifi/nifi-nar-bundles/nifi-framework-bundle/nifi-framework/nifi-framework-components/target/classes:/home/alex/.m2/repository/org/quartz-scheduler/quartz/2.3.2/quartz-2.3.2.jar:/home/alex/.m2/repository/com/mchange/c3p0/0.9.5.4/c3p0-0.9.5.4.jar:/home/alex/.m2/repository/com/mchange/mchange-commons-java/0.2.15/mchange-commons-java-0.2.15.jar:/home/alex/.m2/repository/com/zaxxer/HikariCP-java7/2.4.13/HikariCP-java7-2.4.13.jar:/home/alex/Repositories/nifi/nifi-commons/nifi-property-encryptor/target/classes:/home/alex/Repositories/nifi/nifi-commons/nifi-expression-language/target/classes:/home/alex/.m2/repository/org/antlr/antlr-runtime/3.5.2/antlr-runtime-3.5.2.jar:/home/alex/Repositories/nifi/nifi-commons/nifi-uuid5/target/classes:/home/alex/.m2/repository/com/jayway/jsonpath/json-path/2.6.0/json-path-2.6.0.jar:/home/alex/Repositories/nifi/nifi-commons/nifi-schema-utils/target/classes:/home/alex/Repositories/nifi/nifi-nar-bundles/nifi-framework-bundle/nifi-framework/nifi-repository-models/target/classes:/home/alex/Repositories/nifi/nifi-commons/nifi-repository-encryption/target/classes:/home/alex/Repositories/nifi/nifi-nar-bundles/nifi-framework-bundle/nifi-framework/nifi-site-to-site/target/classes:/home/alex/Repositories/nifi/nifi-nar-bundles/nifi-framework-bundle/nifi-framework/nifi-framework-cluster-protocol/target/classes:/home/alex/Repositories/nifi/nifi-commons/nifi-socket-utils/target/classes:/home/alex/.m2/repository/commons-net/commons-net/3.6/commons-net-3.6.jar:/home/alex/Repositories/nifi/nifi-commons/nifi-logging-utils/target/classes:/home/alex/Repositories/nifi/nifi-nar-bundles/nifi-framework-bundle/nifi-framework/nifi-client-dto/target/classes:/home/alex/.m2/repository/io/swagger/swagger-annotations/1.6.0/swagger-annotations-1.6.0.jar:/home/alex/Repositories/nifi/nifi-commons/nifi-site-to-site-client/target/classes:/home/alex/.m2/repository/org/apache/httpcomponents/httpasyncclient/4.1.4/httpasyncclient-4.1.4.jar:/home/alex/.m2/repository/org/apache/httpcomponents/httpcore-nio/4.4.10/httpcore-nio-4.4.10.jar:/home/alex/.m2/repository/commons-io/commons-io/2.10.0/commons-io-2.10.0.jar:/home/alex/.m2/repository/org/apache/commons/commons-math3/3.6.1/commons-math3-3.6.1.jar:/home/alex/.m2/repository/org/questdb/core/4.2.1/core-4.2.1.jar:/home/alex/Repositories/nifi/nifi-commons/nifi-data-provenance-utils/target/classes:/home/alex/Repositories/nifi/nifi-commons/nifi-write-ahead-log/target/classes:/home/alex/Repositories/nifi/nifi-commons/nifi-rocksdb-utils/target/classes:/home/alex/.m2/repository/org/rocksdb/rocksdbjni/6.6.4/rocksdbjni-6.6.4.jar:/home/alex/Repositories/nifi/nifi-nar-bundles/nifi-framework-bundle/nifi-framework/nifi-flowfile-repo-serialization/target/classes:/home/alex/.m2/repository/org/apache/zookeeper/zookeeper/3.5.9/zookeeper-3.5.9.jar:/home/alex/.m2/repository/org/apache/zookeeper/zookeeper-jute/3.5.9/zookeeper-jute-3.5.9.jar:/home/alex/.m2/repository/org/apache/yetus/audience-annotations/0.5.0/audience-annotations-0.5.0.jar:/home/alex/.m2/repository/io/netty/netty-handler/4.1.50.Final/netty-handler-4.1.50.Final.jar:/home/alex/.m2/repository/io/netty/netty-common/4.1.50.Final/netty-common-4.1.50.Final.jar:/home/alex/.m2/repository/io/netty/netty-resolver/4.1.50.Final/netty-resolver-4.1.50.Final.jar:/home/alex/.m2/repository/io/netty/netty-buffer/4.1.50.Final/netty-buffer-4.1.50.Final.jar:/home/alex/.m2/repository/io/netty/netty-transport/4.1.50.Final/netty-transport-4.1.50.Final.jar:/home/alex/.m2/repository/io/netty/netty-codec/4.1.50.Final/netty-codec-4.1.50.Final.jar:/home/alex/.m2/repository/io/netty/netty-transport-native-epoll/4.1.50.Final/netty-transport-native-epoll-4.1.50.Final.jar:/home/alex/.m2/repository/io/netty/netty-transport-native-unix-common/4.1.50.Final/netty-transport-native-unix-common-4.1.50.Final.jar:/home/alex/.m2/repository/org/apache/curator/curator-framework/5.2.0/curator-framework-5.2.0.jar:/home/alex/.m2/repository/org/apache/curator/curator-client/5.2.0/curator-client-5.2.0.jar:/home/alex/.m2/repository/org/apache/curator/curator-recipes/5.2.0/curator-recipes-5.2.0.jar:/home/alex/Repositories/nifi/nifi-registry/nifi-registry-core/nifi-registry-data-model/target/classes:/home/alex/.m2/repository/javax/validation/validation-api/2.0.1.Final/validation-api-2.0.1.Final.jar:/home/alex/Repositories/nifi/nifi-registry/nifi-registry-core/nifi-registry-revision/nifi-registry-revision-entity-model/target/classes:/home/alex/Repositories/nifi/nifi-registry/nifi-registry-core/nifi-registry-flow-diff/target/classes:/home/alex/Repositories/nifi/nifi-registry/nifi-registry-core/nifi-registry-client/target/classes:/home/alex/Repositories/nifi/nifi-registry/nifi-registry-core/nifi-registry-security-utils/target/classes:/home/alex/.m2/repository/org/glassfish/jersey/inject/jersey-hk2/2.33/jersey-hk2-2.33.jar:/home/alex/.m2/repository/org/glassfish/hk2/hk2-locator/2.6.1/hk2-locator-2.6.1.jar:/home/alex/.m2/repository/org/glassfish/hk2/external/aopalliance-repackaged/2.6.1/aopalliance-repackaged-2.6.1.jar:/home/alex/.m2/repository/org/glassfish/hk2/hk2-api/2.6.1/hk2-api-2.6.1.jar:/home/alex/.m2/repository/org/glassfish/hk2/hk2-utils/2.6.1/hk2-utils-2.6.1.jar:/home/alex/.m2/repository/org/javassist/javassist/3.25.0-GA/javassist-3.25.0-GA.jar:/home/alex/.m2/repository/org/glassfish/jersey/media/jersey-media-multipart/2.33/jersey-media-multipart-2.33.jar:/home/alex/.m2/repository/org/jvnet/mimepull/mimepull/1.9.13/mimepull-1.9.13.jar:/home/alex/.m2/repository/com/fasterxml/jackson/core/jackson-core/2.12.3/jackson-core-2.12.3.jar:/home/alex/Repositories/nifi/nifi-nar-bundles/nifi-framework-bundle/nifi-framework/nifi-authorizer/target/classes:/home/alex/Repositories/nifi/nifi-nar-bundles/nifi-framework-bundle/nifi-framework/nifi-framework-authorization-providers/target/classes:/home/alex/.m2/repository/com/github/ben-manes/caffeine/caffeine/2.8.1/caffeine-2.8.1.jar:/home/alex/Repositories/nifi/nifi-nar-bundles/nifi-framework-bundle/nifi-framework/nifi-framework-authorization/target/classes:/home/alex/.m2/repository/org/bouncycastle/bcprov-jdk15on/1.69/bcprov-jdk15on-1.69.jar:/home/alex/.m2/repository/org/bouncycastle/bcpkix-jdk15on/1.69/bcpkix-jdk15on-1.69.jar:/home/alex/.m2/repository/org/bouncycastle/bcutil-jdk15on/1.69/bcutil-jdk15on-1.69.jar:/home/alex/.m2/repository/com/google/guava/guava/28.0-jre/guava-28.0-jre.jar:/home/alex/.m2/repository/com/google/guava/failureaccess/1.0.1/failureaccess-1.0.1.jar:/home/alex/.m2/repository/com/google/guava/listenablefuture/9999.0-empty-to-avoid-conflict-with-guava/listenablefuture-9999.0-empty-to-avoid-conflict-with-guava.jar:/home/alex/.m2/repository/com/google/code/findbugs/jsr305/3.0.2/jsr305-3.0.2.jar:/home/alex/.m2/repository/org/checkerframework/checker-qual/2.8.1/checker-qual-2.8.1.jar:/home/alex/.m2/repository/com/google/errorprone/error_prone_annotations/2.3.2/error_prone_annotations-2.3.2.jar:/home/alex/.m2/repository/com/google/j2objc/j2objc-annotations/1.3/j2objc-annotations-1.3.jar:/home/alex/.m2/repository/org/codehaus/mojo/animal-sniffer-annotations/1.17/animal-sniffer-annotations-1.17.jar:/home/alex/.m2/repository/org/springframework/spring-jdbc/5.3.11/spring-jdbc-5.3.11.jar:/home/alex/.m2/repository/org/springframework/spring-tx/5.3.11/spring-tx-5.3.11.jar:/home/alex/.m2/repository/org/springframework/spring-web/5.3.11/spring-web-5.3.11.jar:/home/alex/.m2/repository/org/springframework/security/spring-security-core/5.5.2/spring-security-core-5.5.2.jar:/home/alex/.m2/repository/org/springframework/security/spring-security-crypto/5.5.2/spring-security-crypto-5.5.2.jar:/home/alex/.m2/repository/org/springframework/security/spring-security-config/5.5.2/spring-security-config-5.5.2.jar:/home/alex/.m2/repository/org/springframework/security/spring-security-web/5.5.2/spring-security-web-5.5.2.jar:/home/alex/.m2/repository/javax/servlet/javax.servlet-api/3.1.0/javax.servlet-api-3.1.0.jar:/home/alex/.m2/repository/org/springframework/security/extensions/spring-security-saml2-core/1.0.10.RELEASE/spring-security-saml2-core-1.0.10.RELEASE.jar:/home/alex/.m2/repository/com/narupley/not-going-to-be-commons-ssl/0.3.20/not-going-to-be-commons-ssl-0.3.20.jar:/home/alex/.m2/repository/commons-httpclient/commons-httpclient/3.1/commons-httpclient-3.1.jar:/home/alex/.m2/repository/org/apache/santuario/xmlsec/1.5.8/xmlsec-1.5.8.jar:/home/alex/.m2/repository/org/apache/velocity/velocity-engine-core/2.0/velocity-engine-core-2.0.jar:/home/alex/.m2/repository/org/opensaml/opensaml/2.6.6/opensaml-2.6.6.jar:/home/alex/.m2/repository/org/opensaml/openws/1.5.6/openws-1.5.6.jar:/home/alex/.m2/repository/org/opensaml/xmltooling/1.4.6/xmltooling-1.4.6.jar:/home/alex/.m2/repository/commons-collections/commons-collections/3.2.1/commons-collections-3.2.1.jar:/home/alex/.m2/repository/commons-lang/commons-lang/2.6/commons-lang-2.6.jar:/home/alex/.m2/repository/joda-time/joda-time/2.2/joda-time-2.2.jar:/home/alex/.m2/repository/org/owasp/esapi/esapi/2.2.0.0/esapi-2.2.0.0.jar:/home/alex/.m2/repository/commons-beanutils/commons-beanutils/1.9.4/commons-beanutils-1.9.4.jar:/home/alex/.m2/repository/org/apache-extras/beanshell/bsh/2.0b6/bsh-2.0b6.jar:/home/alex/.m2/repository/xerces/xercesImpl/2.12.0/xercesImpl-2.12.0.jar:/home/alex/.m2/repository/xml-apis/xml-apis/1.4.01/xml-apis-1.4.01.jar:/home/alex/.m2/repository/org/springframework/security/kerberos/spring-security-kerberos-core/1.0.1.RELEASE/spring-security-kerberos-core-1.0.1.RELEASE.jar:/home/alex/.m2/repository/org/springframework/security/spring-security-oauth2-resource-server/5.5.2/spring-security-oauth2-resource-server-5.5.2.jar:/home/alex/.m2/repository/org/springframework/security/spring-security-oauth2-core/5.5.2/spring-security-oauth2-core-5.5.2.jar:/home/alex/.m2/repository/org/springframework/security/spring-security-oauth2-jose/5.5.2/spring-security-oauth2-jose-5.5.2.jar:/home/alex/.m2/repository/com/nimbusds/nimbus-jose-jwt/9.11.2/nimbus-jose-jwt-9.11.2.jar:/home/alex/.m2/repository/org/slf4j/jcl-over-slf4j/1.7.32/jcl-over-slf4j-1.7.32.jar:/home/alex/.m2/repository/com/nimbusds/oauth2-oidc-sdk/9.10.2/oauth2-oidc-sdk-9.10.2.jar:/home/alex/.m2/repository/com/github/stephenc/jcip/jcip-annotations/1.0-1/jcip-annotations-1.0-1.jar:/home/alex/.m2/repository/com/nimbusds/content-type/2.1/content-type-2.1.jar:/home/alex/.m2/repository/net/minidev/json-smart/2.4.7/json-smart-2.4.7.jar:/home/alex/.m2/repository/net/minidev/accessors-smart/2.4.7/accessors-smart-2.4.7.jar:/home/alex/.m2/repository/org/ow2/asm/asm/9.1/asm-9.1.jar:/home/alex/.m2/repository/com/nimbusds/lang-tag/1.5/lang-tag-1.5.jar:/home/alex/.m2/repository/javax/ws/rs/javax.ws.rs-api/2.1/javax.ws.rs-api-2.1.jar:/home/alex/.m2/repository/org/glassfish/jersey/core/jersey-client/2.33/jersey-client-2.33.jar:/home/alex/.m2/repository/jakarta/ws/rs/jakarta.ws.rs-api/2.1.6/jakarta.ws.rs-api-2.1.6.jar:/home/alex/.m2/repository/org/glassfish/jersey/core/jersey-common/2.33/jersey-common-2.33.jar:/home/alex/.m2/repository/jakarta/annotation/jakarta.annotation-api/1.3.5/jakarta.annotation-api-1.3.5.jar:/home/alex/.m2/repository/org/glassfish/hk2/osgi-resource-locator/1.0.3/osgi-resource-locator-1.0.3.jar:/home/alex/.m2/repository/org/glassfish/hk2/external/jakarta.inject/2.6.1/jakarta.inject-2.6.1.jar:/home/alex/.m2/repository/org/glassfish/jersey/media/jersey-media-json-jackson/2.33/jersey-media-json-jackson-2.33.jar:/home/alex/.m2/repository/org/glassfish/jersey/ext/jersey-entity-filtering/2.33/jersey-entity-filtering-2.33.jar:/home/alex/.m2/repository/com/fasterxml/jackson/datatype/jackson-datatype-jsr310/2.12.3/jackson-datatype-jsr310-2.12.3.jar:/home/alex/.m2/repository/org/codehaus/jettison/jettison/1.3.7/jettison-1.3.7.jar:/home/alex/.m2/repository/stax/stax-api/1.0.1/stax-api-1.0.1.jar:/home/alex/.m2/repository/org/springframework/spring-test/5.3.11/spring-test-5.3.11.jar:/home/alex/.m2/repository/org/eclipse/jetty/jetty-servlet/9.4.44.v20210927/jetty-servlet-9.4.44.v20210927.jar:/home/alex/.m2/repository/org/eclipse/jetty/jetty-security/9.4.44.v20210927/jetty-security-9.4.44.v20210927.jar:/home/alex/.m2/repository/org/eclipse/jetty/jetty-server/9.4.44.v20210927/jetty-server-9.4.44.v20210927.jar:/home/alex/.m2/repository/org/eclipse/jetty/jetty-http/9.4.44.v20210927/jetty-http-9.4.44.v20210927.jar:/home/alex/.m2/repository/org/eclipse/jetty/jetty-io/9.4.44.v20210927/jetty-io-9.4.44.v20210927.jar:/home/alex/.m2/repository/org/eclipse/jetty/jetty-util-ajax/9.4.44.v20210927/jetty-util-ajax-9.4.44.v20210927.jar:/home/alex/.m2/repository/org/eclipse/jetty/jetty-util/9.4.44.v20210927/jetty-util-9.4.44.v20210927.jar:/home/alex/.m2/repository/org/codehaus/groovy/groovy-json/2.5.14/groovy-json-2.5.14.jar:/home/alex/.m2/repository/org/codehaus/groovy/groovy/2.5.14/groovy-2.5.14.jar:/home/alex/.m2/repository/org/slf4j/slf4j-api/1.7.32/slf4j-api-1.7.32.jar:/home/alex/.m2/repository/org/junit/jupiter/junit-jupiter-api/5.7.2/junit-jupiter-api-5.7.2.jar:/home/alex/.m2/repository/org/apiguardian/apiguardian-api/1.1.0/apiguardian-api-1.1.0.jar:/home/alex/.m2/repository/org/opentest4j/opentest4j/1.2.0/opentest4j-1.2.0.jar:/home/alex/.m2/repository/org/junit/platform/junit-platform-commons/1.7.2/junit-platform-commons-1.7.2.jar:/home/alex/.m2/repository/org/junit/jupiter/junit-jupiter-engine/5.7.2/junit-jupiter-engine-5.7.2.jar:/home/alex/.m2/repository/org/junit/platform/junit-platform-engine/1.7.2/junit-platform-engine-1.7.2.jar:/home/alex/.m2/repository/org/junit/vintage/junit-vintage-engine/5.7.2/junit-vintage-engine-5.7.2.jar:/home/alex/.m2/repository/junit/junit/4.13.2/junit-4.13.2.jar:/home/alex/.m2/repository/org/hamcrest/hamcrest-core/1.3/hamcrest-core-1.3.jar:/home/alex/.m2/repository/org/junit/jupiter/junit-jupiter-params/5.7.2/junit-jupiter-params-5.7.2.jar:/home/alex/.m2/repository/org/mockito/mockito-core/3.11.2/mockito-core-3.11.2.jar:/home/alex/.m2/repository/net/bytebuddy/byte-buddy/1.11.3/byte-buddy-1.11.3.jar:/home/alex/.m2/repository/net/bytebuddy/byte-buddy-agent/1.11.3/byte-buddy-agent-1.11.3.jar:/home/alex/.m2/repository/org/objenesis/objenesis/3.2/objenesis-3.2.jar:/home/alex/.m2/repository/org/mockito/mockito-junit-jupiter/3.11.2/mockito-junit-jupiter-3.11.2.jar:/home/alex/.m2/repository/org/slf4j/slf4j-simple/1.7.32/slf4j-simple-1.7.32.jar:/home/alex/.m2/repository/org/codehaus/groovy/groovy-test/2.5.14/groovy-test-2.5.14.jar:"/>
    <property name="java.vm.vendor" value="Private Build"/>
    <property name="sun.arch.data.model" value="64"/>
    <property name="java.vendor.url" value="http://java.oracle.com/"/>
    <property name="user.timezone" value="Europe/Lisbon"/>
    <property name="java.vm.specification.version" value="1.8"/>
    <property name="os.name" value="Linux"/>
    <property name="nifi.properties.file.path" value="conf/nifi.properties"/>
    <property name="user.country" value="US"/>
    <property name="sun.java.launcher" value="SUN_STANDARD"/>
    <property name="sun.boot.library.path" value="/usr/lib/jvm/java-8-openjdk-amd64/jre/lib/amd64"/>
    <property name="sun.java.command" value="/home/alex/Repositories/nifi/nifi-nar-bundles/nifi-framework-bundle/nifi-framework/nifi-web/nifi-web-security/target/surefire/surefirebooter7730354200047448112.jar /home/alex/Repositories/nifi/nifi-nar-bundles/nifi-framework-bundle/nifi-framework/nifi-web/nifi-web-security/target/surefire 2024-05-02T01-23-45_285-jvmRun1 surefire4670688315260072519tmp surefire_453186729769187612204tmp"/>
    <property name="surefire.test.class.path" value="/home/alex/Repositories/nifi/nifi-nar-bundles/nifi-framework-bundle/nifi-framework/nifi-web/nifi-web-security/target/test-classes:/home/alex/Repositories/nifi/nifi-nar-bundles/nifi-framework-bundle/nifi-framework/nifi-web/nifi-web-security/target/classes:/home/alex/Repositories/nifi/nifi-nar-bundles/nifi-framework-bundle/nifi-framework/nifi-administration/target/classes:/home/alex/Repositories/nifi/nifi-nar-bundles/nifi-framework-bundle/nifi-framework/nifi-user-actions/target/classes:/home/alex/Repositories/nifi/nifi-nar-bundles/nifi-framework-bundle/nifi-framework/nifi-framework-core-api/target/classes:/home/alex/Repositories/nifi/nifi-nar-bundles/nifi-framework-bundle/nifi-framework/nifi-framework-nar-utils/target/classes:/home/alex/Repositories/nifi/nifi-commons/nifi-parameter/target/classes:/home/alex/Repositories/nifi/nifi-commons/nifi-utils/target/classes:/home/alex/.m2/repository/com/h2database/h2/1.4.199/h2-1.4.199.jar:/home/alex/.m2/repository/org/springframework/spring-beans/5.3.11/spring-beans-5.3.11.jar:/home/alex/.m2/repository/org/springframework/spring-context/5.3.11/spring-context-5.3.11.jar:/home/alex/.m2/repository/org/springframework/spring-expression/5.3.11/spring-expression-5.3.11.jar:/home/alex/.m2/repository/org/springframework/spring-core/5.3.11/spring-core-5.3.11.jar:/home/alex/.m2/repository/org/springframework/spring-jcl/5.3.11/spring-jcl-5.3.11.jar:/home/alex/.m2/repository/org/springframework/spring-aop/5.3.11/spring-aop-5.3.11.jar:/home/alex/.m2/repository/org/aspectj/aspectjweaver/1.9.6/aspectjweaver-1.9.6.jar:/home/alex/.m2/repository/org/apache/commons/commons-collections4/4.4/commons-collections4-4.4.jar:/home/alex/Repositories/nifi/nifi-nar-bundles/nifi-framework-bundle/nifi-framework/nifi-nar-utils/target/classes:/home/alex/Repositories/nifi/nifi-api/target/classes:/home/alex/Repositories/nifi/nifi-framework-api/target/classes:/home/alex/Repositories/nifi/nifi-commons/nifi-web-utils/target/classes:/home/alex/.m2/repository/org/apache/commons/commons-lang3/3.9/commons-lang3-3.9.jar:/home/alex/.m2/repository/com/fasterxml/jackson/core/jackson-databind/2.12.3/jackson-databind-2.12.3.jar:/home/alex/.m2/repository/com/fasterxml/jackson/core/jackson-annotations/2.12.3/jackson-annotations-2.12.3.jar:/home/alex/.m2/repository/com/fasterxml/jackson/module/jackson-module-jaxb-annotations/2.12.3/jackson-module-jaxb-annotations-2.12.3.jar:/home/alex/.m2/repository/jakarta/xml/bind/jakarta.xml.bind-api/2.3.2/jakarta.xml.bind-api-2.3.2.jar:/home/alex/.m2/repository/jakarta/activation/jakarta.activation-api/1.2.1/jakarta.activation-api-1.2.1.jar:/home/alex/.m2/repository/org/apache/httpcomponents/httpclient/4.5.5/httpclient-4.5.5.jar:/home/alex/.m2/repository/org/apache/httpcomponents/httpcore/4.4.9/httpcore-4.4.9.jar:/home/alex/Repositories/nifi/nifi-commons/nifi-security-utils/target/classes:/home/alex/Repositories/nifi/nifi-commons/nifi-security-utils-api/target/classes:/home/alex/Repositories/nifi/nifi-commons/nifi-security-kms/target/classes:/home/alex/.m2/repository/commons-codec/commons-codec/1.14/commons-codec-1.14.jar:/home/alex/Repositories/nifi/nifi-commons/nifi-properties/target/classes:/home/alex/Repositories/nifi/nifi-commons/nifi-property-utils/target/classes:/home/alex/.m2/repository/at/favre/lib/bcrypt/0.9.0/bcrypt-0.9.0.jar:/home/alex/.m2/repository/at/favre/lib/bytes/1.3.0/bytes-1.3.0.jar:/home/alex/.m2/repository/org/apache/commons/commons-configuration2/2.7/commons-configuration2-2.7.jar:/home/alex/.m2/repository/org/apache/commons/commons-text/1.8/commons-text-1.8.jar:/home/alex/Repositories/nifi/nifi-nar-bundles/nifi-framework-bundle/nifi-framework/nifi-framework-core/target/classes:/home/alex/Repositories/nifi/nifi-nar-bundles/nifi-framework-bundle/nifi-framework/nifi-properties-loader/target/classes:/home/alex/Repositories/nifi/nifi-commons/nifi-sensitive-property-provider/target/classes:/home/alex/.m2/repository/software/amazon/awssdk/kms/2.17.1/kms-2.17.1.jar:/home/alex/.m2/repository/software/amazon/awssdk/aws-json-protocol/2.17.1/aws-json-protocol-2.17.1.jar:/home/alex/.m2/repository/software/amazon/awssdk/third-party-jackson-core/2.17.1/third-party-jackson-core-2.17.1.jar:/home/alex/.m2/repository/software/amazon/awssdk/json-utils/2.17.1/json-utils-2.17.1.jar:/home/alex/.m2/repository/software/amazon/awssdk/protocol-core/2.17.1/protocol-core-2.17.1.jar:/home/alex/.m2/repository/software/amazon/awssdk/sdk-core/2.17.1/sdk-core-2.17.1.jar:/home/alex/.m2/repository/software/amazon/awssdk/profiles/2.17.1/profiles-2.17.1.jar:/home/alex/.m2/repository/org/reactivestreams/reactive-streams/1.0.3/reactive-streams-1.0.3.jar:/home/alex/.m2/repository/software/amazon/awssdk/auth/2.17.1/auth-2.17.1.jar:/home/alex/.m2/repository/software/amazon/eventstream/eventstream/1.0.1/eventstream-1.0.1.jar:/home/alex/.m2/repository/software/amazon/awssdk/http-client-spi/2.17.1/http-client-spi-2.17.1.jar:/home/alex/.m2/repository/software/amazon/awssdk/regions/2.17.1/regions-2.17.1.jar:/home/alex/.m2/repository/software/amazon/awssdk/annotations/2.17.1/annotations-2.17.1.jar:/home/alex/.m2/repository/software/amazon/awssdk/utils/2.17.1/utils-2.17.1.jar:/home/alex/.m2/repository/software/amazon/awssdk/aws-core/2.17.1/aws-core-2.17.1.jar:/home/alex/.m2/repository/software/amazon/awssdk/metrics-spi/2.17.1/metrics-spi-2.17.1.jar:/home/alex/.m2/repository/software/amazon/awssdk/secretsmanager/2.17.1/secretsmanager-2.17.1.jar:/home/alex/.m2/repository/com/azure/azure-security-keyvault-secrets/4.3.3/azure-security-keyvault-secrets-4.3.3.jar:/home/alex/.m2/repository/com/azure/azure-core/1.20.0/azure-core-1.20.0.jar:/home/alex/.m2/repository/com/fasterxml/jackson/dataformat/jackson-dataformat-xml/2.12.4/jackson-dataformat-xml-2.12.4.jar:/home/alex/.m2/repository/io/projectreactor/reactor-core/3.4.9/reactor-core-3.4.9.jar:/home/alex/.m2/repository/com/azure/azure-security-keyvault-keys/4.3.3/azure-security-keyvault-keys-4.3.3.jar:/home/alex/.m2/repository/com/azure/azure-identity/1.3.4/azure-identity-1.3.4.jar:/home/alex/.m2/repository/com/microsoft/azure/msal4j/1.10.1/msal4j-1.10.1.jar:/home/alex/.m2/repository/com/microsoft/azure/msal4j-persistence-extension/1.1.0/msal4j-persistence-extension-1.1.0.jar:/home/alex/.m2/repository/net/java/dev/jna/jna/5.5.0/jna-5.5.0.jar:/home/alex/.m2/repository/net/java/dev/jna/jna-platform/5.6.0/jna-platform-5.6.0.jar:/home/alex/.m2/repository/com/azure/azure-core-http-okhttp/1.7.1/azure-core-http-okhttp-1.7.1.jar:/home/alex/.m2/repository/com/squareup/okhttp3/okhttp/4.8.1/okhttp-4.8.1.jar:/home/alex/.m2/repository/com/squareup/okio/okio/2.7.0/okio-2.7.0.jar:/home/alex/.m2/repository/org/jetbrains/kotlin/kotlin-stdlib-common/1.3.70/kotlin-stdlib-common-1.3.70.jar:/home/alex/.m2/repository/org/jetbrains/kotlin/kotlin-stdlib/1.3.72/kotlin-stdlib-1.3.72.jar:/home/alex/.m2/repository/org/jetbrains/annotations/13.0/annotations-13.0.jar:/home/alex/.m2/repository/software/amazon/awssdk/url-connection-client/2.17.1/url-connection-client-2.17.1.jar:/home/alex/.m2/repository/com/google/cloud/google-cloud-kms/2.0.2/google-cloud-kms-2.0.2.jar:/home/alex/.m2/repository/io/grpc/grpc-api/1.40.0/grpc-api-1.40.0.jar:/home/alex/.m2/repository/io/grpc/grpc-context/1.40.0/grpc-context-1.40.0.jar:/home/alex/.m2/repository/io/grpc/grpc-stub/1.40.0/grpc-stub-1.40.0.jar:/home/alex/.m2/repository/io/grpc/grpc-protobuf/1.40.0/grpc-protobuf-1.40.0.jar:/home/alex/.m2/repository/io/grpc/grpc-protobuf-lite/1.40.0/grpc-protobuf-lite-1.40.0.jar:/home/alex/.m2/repository/com/google/api/api-common/2.0.1/api-common-2.0.1.jar:/home/alex/.m2/repository/javax/annotation/javax.annotation-api/1.3.2/javax.annotation-api-1.3.2.jar:/home/alex/.m2/repository/com/google/auto/value/auto-value-annotations/1.8.2/auto-value-annotations-1.8.2.jar:/home/alex/.m2/repository/com/google/protobuf/protobuf-java/3.17.3/protobuf-java-3.17.3.jar:/home/alex/.m2/repository/com/google/api/grpc/proto-google-common-protos/2.3.2/proto-google-common-protos-2.3.2.jar:/home/alex/.m2/repository/com/google/api/grpc/proto-google-cloud-kms-v1/0.91.2/proto-google-cloud-kms-v1-0.91.2.jar:/home/alex/.m2/repository/com/google/api/gax/2.3.0/gax-2.3.0.jar:/home/alex/.m2/repository/io/opencensus/opencensus-api/0.28.0/opencensus-api-0.28.0.jar:/home/alex/.m2/repository/com/google/api/gax-grpc/2.3.0/gax-grpc-2.3.0.jar:/home/alex/.m2/repository/com/google/auth/google-auth-library-credentials/1.1.0/google-auth-library-credentials-1.1.0.jar:/home/alex/.m2/repository/io/grpc/grpc-netty-shaded/1.40.0/grpc-netty-shaded-1.40.0.jar:/home/alex/.m2/repository/io/perfmark/perfmark-api/0.23.0/perfmark-api-0.23.0.jar:/home/alex/.m2/repository/io/grpc/grpc-core/1.40.0/grpc-core-1.40.0.jar:/home/alex/.m2/repository/com/google/android/annotations/4.1.1.4/annotations-4.1.1.4.jar:/home/alex/.m2/repository/io/grpc/grpc-alts/1.40.0/grpc-alts-1.40.0.jar:/home/alex/.m2/repository/io/grpc/grpc-grpclb/1.40.0/grpc-grpclb-1.40.0.jar:/home/alex/.m2/repository/com/google/protobuf/protobuf-java-util/3.17.3/protobuf-java-util-3.17.3.jar:/home/alex/.m2/repository/org/conscrypt/conscrypt-openjdk-uber/2.5.1/conscrypt-openjdk-uber-2.5.1.jar:/home/alex/.m2/repository/org/threeten/threetenbp/1.5.1/threetenbp-1.5.1.jar:/home/alex/.m2/repository/io/grpc/grpc-auth/1.40.0/grpc-auth-1.40.0.jar:/home/alex/.m2/repository/com/google/api/grpc/proto-google-iam-v1/1.0.14/proto-google-iam-v1-1.0.14.jar:/home/alex/.m2/repository/com/google/auth/google-auth-library-oauth2-http/1.1.0/google-auth-library-oauth2-http-1.1.0.jar:/home/alex/.m2/repository/com/google/http-client/google-http-client/1.39.2/google-http-client-1.39.2.jar:/home/alex/.m2/repository/io/opencensus/opencensus-contrib-http-util/0.28.0/opencensus-contrib-http-util-0.28.0.jar:/home/alex/.m2/repository/com/google/http-client/google-http-client-gson/1.39.2/google-http-client-gson-1.39.2.jar:/home/alex/.m2/repository/com/google/code/gson/gson/2.8.8/gson-2.8.8.jar:/home/alex/Repositories/nifi/nifi-commons/nifi-vault-utils/target/classes:/home/alex/.m2/repository/org/springframework/vault/spring-vault-core/2.3.2/spring-vault-core-2.3.2.jar:/home/alex/Repositories/nifi/nifi-nar-bundles/nifi-framework-bundle/nifi-framework/nifi-framework-components/target/classes:/home/alex/.m2/repository/org/quartz-scheduler/quartz/2.3.2/quartz-2.3.2.jar:/home/alex/.m2/repository/com/mchange/c3p0/0.9.5.4/c3p0-0.9.5.4.jar:/home/alex/.m2/repository/com/mchange/mchange-commons-java/0.2.15/mchange-commons-java-0.2.15.jar:/home/alex/.m2/repository/com/zaxxer/HikariCP-java7/2.4.13/HikariCP-java7-2.4.13.jar:/home/alex/Repositories/nifi/nifi-commons/nifi-property-encryptor/target/classes:/home/alex/Repositories/nifi/nifi-commons/nifi-expression-language/target/classes:/home/alex/.m2/repository/org/antlr/antlr-runtime/3.5.2/antlr-runtime-3.5.2.jar:/home/alex/Repositories/nifi/nifi-commons/nifi-uuid5/target/classes:/home/alex/.m2/repository/com/jayway/jsonpath/json-path/2.6.0/json-path-2.6.0.jar:/home/alex/Repositories/nifi/nifi-commons/nifi-schema-utils/target/classes:/home/alex/Repositories/nifi/nifi-nar-bundles/nifi-framework-bundle/nifi-framework/nifi-repository-models/target/classes:/home/alex/Repositories/nifi/nifi-commons/nifi-repository-encryption/target/classes:/home/alex/Repositories/nifi/nifi-nar-bundles/nifi-framework-bundle/nifi-framework/nifi-site-to-site/target/classes:/home/alex/Repositories/nifi/nifi-nar-bundles/nifi-framework-bundle/nifi-framework/nifi-framework-cluster-protocol/target/classes:/home/alex/Repositories/nifi/nifi-commons/nifi-socket-utils/target/classes:/home/alex/.m2/repository/commons-net/commons-net/3.6/commons-net-3.6.jar:/home/alex/Repositories/nifi/nifi-commons/nifi-logging-utils/target/classes:/home/alex/Repositories/nifi/nifi-nar-bundles/nifi-framework-bundle/nifi-framework/nifi-client-dto/target/classes:/home/alex/.m2/repository/io/swagger/swagger-annotations/1.6.0/swagger-annotations-1.6.0.jar:/home/alex/Repositories/nifi/nifi-commons/nifi-site-to-site-client/target/classes:/home/alex/.m2/repository/org/apache/httpcomponents/httpasyncclient/4.1.4/httpasyncclient-4.1.4.jar:/home/alex/.m2/repository/org/apache/httpcomponents/httpcore-nio/4.4.10/httpcore-nio-4.4.10.jar:/home/alex/.m2/repository/commons-io/commons-io/2.10.0/commons-io-2.10.0.jar:/home/alex/.m2/repository/org/apache/commons/commons-math3/3.6.1/commons-math3-3.6.1.jar:/home/alex/.m2/repository/org/questdb/core/4.2.1/core-4.2.1.jar:/home/alex/Repositories/nifi/nifi-commons/nifi-data-provenance-utils/target/classes:/home/alex/Repositories/nifi/nifi-commons/nifi-write-ahead-log/target/classes:/home/alex/Repositories/nifi/nifi-commons/nifi-rocksdb-utils/target/classes:/home/alex/.m2/repository/org/rocksdb/rocksdbjni/6.6.4/rocksdbjni-6.6.4.jar:/home/alex/Repositories/nifi/nifi-nar-bundles/nifi-framework-bundle/nifi-framework/nifi-flowfile-repo-serialization/target/classes:/home/alex/.m2/repository/org/apache/zookeeper/zookeeper/3.5.9/zookeeper-3.5.9.jar:/home/alex/.m2/repository/org/apache/zookeeper/zookeeper-jute/3.5.9/zookeeper-jute-3.5.9.jar:/home/alex/.m2/repository/org/apache/yetus/audience-annotations/0.5.0/audience-annotations-0.5.0.jar:/home/alex/.m2/repository/io/netty/netty-handler/4.1.50.Final/netty-handler-4.1.50.Final.jar:/home/alex/.m2/repository/io/netty/netty-common/4.1.50.Final/netty-common-4.1.50.Final.jar:/home/alex/.m2/repository/io/netty/netty-resolver/4.1.50.Final/netty-resolver-4.1.50.Final.jar:/home/alex/.m2/repository/io/netty/netty-buffer/4.1.50.Final/netty-buffer-4.1.50.Final.jar:/home/alex/.m2/repository/io/netty/netty-transport/4.1.50.Final/netty-transport-4.1.50.Final.jar:/home/alex/.m2/repository/io/netty/netty-codec/4.1.50.Final/netty-codec-4.1.50.Final.jar:/home/alex/.m2/repository/io/netty/netty-transport-native-epoll/4.1.50.Final/netty-transport-native-epoll-4.1.50.Final.jar:/home/alex/.m2/repository/io/netty/netty-transport-native-unix-common/4.1.50.Final/netty-transport-native-unix-common-4.1.50.Final.jar:/home/alex/.m2/repository/org/apache/curator/curator-framework/5.2.0/curator-framework-5.2.0.jar:/home/alex/.m2/repository/org/apache/curator/curator-client/5.2.0/curator-client-5.2.0.jar:/home/alex/.m2/repository/org/apache/curator/curator-recipes/5.2.0/curator-recipes-5.2.0.jar:/home/alex/Repositories/nifi/nifi-registry/nifi-registry-core/nifi-registry-data-model/target/classes:/home/alex/.m2/repository/javax/validation/validation-api/2.0.1.Final/validation-api-2.0.1.Final.jar:/home/alex/Repositories/nifi/nifi-registry/nifi-registry-core/nifi-registry-revision/nifi-registry-revision-entity-model/target/classes:/home/alex/Repositories/nifi/nifi-registry/nifi-registry-core/nifi-registry-flow-diff/target/classes:/home/alex/Repositories/nifi/nifi-registry/nifi-registry-core/nifi-registry-client/target/classes:/home/alex/Repositories/nifi/nifi-registry/nifi-registry-core/nifi-registry-security-utils/target/classes:/home/alex/.m2/repository/org/glassfish/jersey/inject/jersey-hk2/2.33/jersey-hk2-2.33.jar:/home/alex/.m2/repository/org/glassfish/hk2/hk2-locator/2.6.1/hk2-locator-2.6.1.jar:/home/alex/.m2/repository/org/glassfish/hk2/external/aopalliance-repackaged/2.6.1/aopalliance-repackaged-2.6.1.jar:/home/alex/.m2/repository/org/glassfish/hk2/hk2-api/2.6.1/hk2-api-2.6.1.jar:/home/alex/.m2/repository/org/glassfish/hk2/hk2-utils/2.6.1/hk2-utils-2.6.1.jar:/home/alex/.m2/repository/org/javassist/javassist/3.25.0-GA/javassist-3.25.0-GA.jar:/home/alex/.m2/repository/org/glassfish/jersey/media/jersey-media-multipart/2.33/jersey-media-multipart-2.33.jar:/home/alex/.m2/repository/org/jvnet/mimepull/mimepull/1.9.13/mimepull-1.9.13.jar:/home/alex/.m2/repository/com/fasterxml/jackson/core/jackson-core/2.12.3/jackson-core-2.12.3.jar:/home/alex/Repositories/nifi/nifi-nar-bundles/nifi-framework-bundle/nifi-framework/nifi-authorizer/target/classes:/home/alex/Repositories/nifi/nifi-nar-bundles/nifi-framework-bundle/nifi-framework/nifi-framework-authorization-providers/target/classes:/home/alex/.m2/repository/com/github/ben-manes/caffeine/caffeine/2.8.1/caffeine-2.8.1.jar:/home/alex/Repositories/nifi/nifi-nar-bundles/nifi-framework-bundle/nifi-framework/nifi-framework-authorization/target/classes:/home/alex/.m2/repository/org/bouncycastle/bcprov-jdk15on/1.69/bcprov-jdk15on-1.69.jar:/home/alex/.m2/repository/org/bouncycastle/bcpkix-jdk15on/1.69/bcpkix-jdk15on-1.69.jar:/home/alex/.m2/repository/org/bouncycastle/bcutil-jdk15on/1.69/bcutil-jdk15on-1.69.jar:/home/alex/.m2/repository/com/google/guava/guava/28.0-jre/guava-28.0-jre.jar:/home/alex/.m2/repository/com/google/guava/failureaccess/1.0.1/failureaccess-1.0.1.jar:/home/alex/.m2/repository/com/google/guava/listenablefuture/9999.0-empty-to-avoid-conflict-with-guava/listenablefuture-9999.0-empty-to-avoid-conflict-with-guava.jar:/home/alex/.m2/repository/com/google/code/findbugs/jsr305/3.0.2/jsr305-3.0.2.jar:/home/alex/.m2/repository/org/checkerframework/checker-qual/2.8.1/checker-qual-2.8.1.jar:/home/alex/.m2/repository/com/google/errorprone/error_prone_annotations/2.3.2/error_prone_annotations-2.3.2.jar:/home/alex/.m2/repository/com/google/j2objc/j2objc-annotations/1.3/j2objc-annotations-1.3.jar:/home/alex/.m2/repository/org/codehaus/mojo/animal-sniffer-annotations/1.17/animal-sniffer-annotations-1.17.jar:/home/alex/.m2/repository/org/springframework/spring-jdbc/5.3.11/spring-jdbc-5.3.11.jar:/home/alex/.m2/repository/org/springframework/spring-tx/5.3.11/spring-tx-5.3.11.jar:/home/alex/.m2/repository/org/springframework/spring-web/5.3.11/spring-web-5.3.11.jar:/home/alex/.m2/repository/org/springframework/security/spring-security-core/5.5.2/spring-security-core-5.5.2.jar:/home/alex/.m2/repository/org/springframework/security/spring-security-crypto/5.5.2/spring-security-crypto-5.5.2.jar:/home/alex/.m2/repository/org/springframework/security/spring-security-config/5.5.2/spring-security-config-5.5.2.jar:/home/alex/.m2/repository/org/springframework/security/spring-security-web/5.5.2/spring-security-web-5.5.2.jar:/home/alex/.m2/repository/javax/servlet/javax.servlet-api/3.1.0/javax.servlet-api-3.1.0.jar:/home/alex/.m2/repository/org/springframework/security/extensions/spring-security-saml2-core/1.0.10.RELEASE/spring-security-saml2-core-1.0.10.RELEASE.jar:/home/alex/.m2/repository/com/narupley/not-going-to-be-commons-ssl/0.3.20/not-going-to-be-commons-ssl-0.3.20.jar:/home/alex/.m2/repository/commons-httpclient/commons-httpclient/3.1/commons-httpclient-3.1.jar:/home/alex/.m2/repository/org/apache/santuario/xmlsec/1.5.8/xmlsec-1.5.8.jar:/home/alex/.m2/repository/org/apache/velocity/velocity-engine-core/2.0/velocity-engine-core-2.0.jar:/home/alex/.m2/repository/org/opensaml/opensaml/2.6.6/opensaml-2.6.6.jar:/home/alex/.m2/repository/org/opensaml/openws/1.5.6/openws-1.5.6.jar:/home/alex/.m2/repository/org/opensaml/xmltooling/1.4.6/xmltooling-1.4.6.jar:/home/alex/.m2/repository/commons-collections/commons-collections/3.2.1/commons-collections-3.2.1.jar:/home/alex/.m2/repository/commons-lang/commons-lang/2.6/commons-lang-2.6.jar:/home/alex/.m2/repository/joda-time/joda-time/2.2/joda-time-2.2.jar:/home/alex/.m2/repository/org/owasp/esapi/esapi/2.2.0.0/esapi-2.2.0.0.jar:/home/alex/.m2/repository/commons-beanutils/commons-beanutils/1.9.4/commons-beanutils-1.9.4.jar:/home/alex/.m2/repository/org/apache-extras/beanshell/bsh/2.0b6/bsh-2.0b6.jar:/home/alex/.m2/repository/xerces/xercesImpl/2.12.0/xercesImpl-2.12.0.jar:/home/alex/.m2/repository/xml-apis/xml-apis/1.4.01/xml-apis-1.4.01.jar:/home/alex/.m2/repository/org/springframework/security/kerberos/spring-security-kerberos-core/1.0.1.RELEASE/spring-security-kerberos-core-1.0.1.RELEASE.jar:/home/alex/.m2/repository/org/springframework/security/spring-security-oauth2-resource-server/5.5.2/spring-security-oauth2-resource-server-5.5.2.jar:/home/alex/.m2/repository/org/springframework/security/spring-security-oauth2-core/5.5.2/spring-security-oauth2-core-5.5.2.jar:/home/alex/.m2/repository/org/springframework/security/spring-security-oauth2-jose/5.5.2/spring-security-oauth2-jose-5.5.2.jar:/home/alex/.m2/repository/com/nimbusds/nimbus-jose-jwt/9.11.2/nimbus-jose-jwt-9.11.2.jar:/home/alex/.m2/repository/org/slf4j/jcl-over-slf4j/1.7.32/jcl-over-slf4j-1.7.32.jar:/home/alex/.m2/repository/com/nimbusds/oauth2-oidc-sdk/9.10.2/oauth2-oidc-sdk-9.10.2.jar:/home/alex/.m2/repository/com/github/stephenc/jcip/jcip-annotations/1.0-1/jcip-annotations-1.0-1.jar:/home/alex/.m2/repository/com/nimbusds/content-type/2.1/content-type-2.1.jar:/home/alex/.m2/repository/net/minidev/json-smart/2.4.7/json-smart-2.4.7.jar:/home/alex/.m2/repository/net/minidev/accessors-smart/2.4.7/accessors-smart-2.4.7.jar:/home/alex/.m2/repository/org/ow2/asm/asm/9.1/asm-9.1.jar:/home/alex/.m2/repository/com/nimbusds/lang-tag/1.5/lang-tag-1.5.jar:/home/alex/.m2/repository/javax/ws/rs/javax.ws.rs-api/2.1/javax.ws.rs-api-2.1.jar:/home/alex/.m2/repository/org/glassfish/jersey/core/jersey-client/2.33/jersey-client-2.33.jar:/home/alex/.m2/repository/jakarta/ws/rs/jakarta.ws.rs-api/2.1.6/jakarta.ws.rs-api-2.1.6.jar:/home/alex/.m2/repository/org/glassfish/jersey/core/jersey-common/2.33/jersey-common-2.33.jar:/home/alex/.m2/repository/jakarta/annotation/jakarta.annotation-api/1.3.5/jakarta.annotation-api-1.3.5.jar:/home/alex/.m2/repository/org/glassfish/hk2/osgi-resource-locator/1.0.3/osgi-resource-locator-1.0.3.jar:/home/alex/.m2/repository/org/glassfish/hk2/external/jakarta.inject/2.6.1/jakarta.inject-2.6.1.jar:/home/alex/.m2/repository/org/glassfish/jersey/media/jersey-media-json-jackson/2.33/jersey-media-json-jackson-2.33.jar:/home/alex/.m2/repository/org/glassfish/jersey/ext/jersey-entity-filtering/2.33/jersey-entity-filtering-2.33.jar:/home/alex/.m2/repository/com/fasterxml/jackson/datatype/jackson-datatype-jsr310/2.12.3/jackson-datatype-jsr310-2.12.3.jar:/home/alex/.m2/repository/org/codehaus/jettison/jettison/1.3.7/jettison-1.3.7.jar:/home/alex/.m2/repository/stax/stax-api/1.0.1/stax-api-1.0.1.jar:/home/alex/.m2/repository/org/springframework/spring-test/5.3.11/spring-test-5.3.11.jar:/home/alex/.m2/repository/org/eclipse/jetty/jetty-servlet/9.4.44.v20210927/jetty-servlet-9.4.44.v20210927.jar:/home/alex/.m2/repository/org/eclipse/jetty/jetty-security/9.4.44.v20210927/jetty-security-9.4.44.v20210927.jar:/home/alex/.m2/repository/org/eclipse/jetty/jetty-server/9.4.44.v20210927/jetty-server-9.4.44.v20210927.jar:/home/alex/.m2/repository/org/eclipse/jetty/jetty-http/9.4.44.v20210927/jetty-http-9.4.44.v20210927.jar:/home/alex/.m2/repository/org/eclipse/jetty/jetty-io/9.4.44.v20210927/jetty-io-9.4.44.v20210927.jar:/home/alex/.m2/repository/org/eclipse/jetty/jetty-util-ajax/9.4.44.v20210927/jetty-util-ajax-9.4.44.v20210927.jar:/home/alex/.m2/repository/org/eclipse/jetty/jetty-util/9.4.44.v20210927/jetty-util-9.4.44.v20210927.jar:/home/alex/.m2/repository/org/codehaus/groovy/groovy-json/2.5.14/groovy-json-2.5.14.jar:/home/alex/.m2/repository/org/codehaus/groovy/groovy/2.5.14/groovy-2.5.14.jar:/home/alex/.m2/repository/org/slf4j/slf4j-api/1.7.32/slf4j-api-1.7.32.jar:/home/alex/.m2/repository/org/junit/jupiter/junit-jupiter-api/5.7.2/junit-jupiter-api-5.7.2.jar:/home/alex/.m2/repository/org/apiguardian/apiguardian-api/1.1.0/apiguardian-api-1.1.0.jar:/home/alex/.m2/repository/org/opentest4j/opentest4j/1.2.0/opentest4j-1.2.0.jar:/home/alex/.m2/repository/org/junit/platform/junit-platform-commons/1.7.2/junit-platform-commons-1.7.2.jar:/home/alex/.m2/repository/org/junit/jupiter/junit-jupiter-engine/5.7.2/junit-jupiter-engine-5.7.2.jar:/home/alex/.m2/repository/org/junit/platform/junit-platform-engine/1.7.2/junit-platform-engine-1.7.2.jar:/home/alex/.m2/repository/org/junit/vintage/junit-vintage-engine/5.7.2/junit-vintage-engine-5.7.2.jar:/home/alex/.m2/repository/junit/junit/4.13.2/junit-4.13.2.jar:/home/alex/.m2/repository/org/hamcrest/hamcrest-core/1.3/hamcrest-core-1.3.jar:/home/alex/.m2/repository/org/junit/jupiter/junit-jupiter-params/5.7.2/junit-jupiter-params-5.7.2.jar:/home/alex/.m2/repository/org/mockito/mockito-core/3.11.2/mockito-core-3.11.2.jar:/home/alex/.m2/repository/net/bytebuddy/byte-buddy/1.11.3/byte-buddy-1.11.3.jar:/home/alex/.m2/repository/net/bytebuddy/byte-buddy-agent/1.11.3/byte-buddy-agent-1.11.3.jar:/home/alex/.m2/repository/org/objenesis/objenesis/3.2/objenesis-3.2.jar:/home/alex/.m2/repository/org/mockito/mockito-junit-jupiter/3.11.2/mockito-junit-jupiter-3.11.2.jar:/home/alex/.m2/repository/org/slf4j/slf4j-simple/1.7.32/slf4j-simple-1.7.32.jar:/home/alex/.m2/repository/org/codehaus/groovy/groovy-test/2.5.14/groovy-test-2.5.14.jar:"/>
    <property name="sun.cpu.endian" value="little"/>
    <property name="user.home" value="/home/alex"/>
    <property name="user.language" value="en"/>
    <property name="java.specification.vendor" value="Oracle Corporation"/>
    <property name="java.home" value="/usr/lib/jvm/java-8-openjdk-amd64/jre"/>
    <property name="basedir" value="/home/alex/Repositories/nifi/nifi-nar-bundles/nifi-framework-bundle/nifi-framework/nifi-web/nifi-web-security"/>
    <property name="file.separator" value="/"/>
    <property name="line.separator" value="&#10;"/>
    <property name="java.vm.specification.vendor" value="Oracle Corporation"/>
    <property name="java.specification.name" value="Java Platform API Specification"/>
    <property name="java.awt.graphicsenv" value="sun.awt.X11GraphicsEnvironment"/>
    <property name="java.awt.headless" value="true"/>
    <property name="surefire.real.class.path" value="/home/alex/Repositories/nifi/nifi-nar-bundles/nifi-framework-bundle/nifi-framework/nifi-web/nifi-web-security/target/surefire/surefirebooter7730354200047448112.jar"/>
    <property name="org.apache.xml.security.ignoreLineBreaks" value="true"/>
    <property name="sun.boot.class.path" value="/usr/lib/jvm/java-8-openjdk-amd64/jre/lib/resources.jar:/usr/lib/jvm/java-8-openjdk-amd64/jre/lib/rt.jar:/usr/lib/jvm/java-8-openjdk-amd64/jre/lib/sunrsasign.jar:/usr/lib/jvm/java-8-openjdk-amd64/jre/lib/jsse.jar:/usr/lib/jvm/java-8-openjdk-amd64/jre/lib/jce.jar:/usr/lib/jvm/java-8-openjdk-amd64/jre/lib/charsets.jar:/usr/lib/jvm/java-8-openjdk-amd64/jre/lib/jfr.jar:/usr/lib/jvm/java-8-openjdk-amd64/jre/classes"/>
    <property name="sun.management.compiler" value="HotSpot 64-Bit Tiered Compilers"/>
    <property name="java.runtime.version" value="1.8.0_402-8u402-ga-2ubuntu1~22.04-b06"/>
    <property name="org.owasp.esapi.SecurityConfiguration" value="org.opensaml.ESAPISecurityConfig"/>
    <property name="java.net.preferIPv4Stack" value="true"/>
    <property name="user.name" value="alex"/>
    <property name="path.separator" value=":"/>
    <property name="os.version" value="6.5.0-28-generic"/>
    <property name="java.endorsed.dirs" value="/usr/lib/jvm/java-8-openjdk-amd64/jre/lib/endorsed"/>
    <property name="java.runtime.name" value="OpenJDK Runtime Environment"/>
    <property name="file.encoding" value="UTF-8"/>
    <property name="java.vm.name" value="OpenJDK 64-Bit Server VM"/>
    <property name="localRepository" value="/home/alex/.m2/repository"/>
    <property name="java.vendor.url.bug" value="http://bugreport.sun.com/bugreport/"/>
    <property name="jetty.git.hash" value="8da83308eeca865e495e53ef315a249d63ba9332"/>
    <property name="java.io.tmpdir" value="/tmp"/>
    <property name="java.version" value="1.8.0_402"/>
    <property name="user.dir" value="/home/alex/Repositories/nifi/nifi-nar-bundles/nifi-framework-bundle/nifi-framework/nifi-web/nifi-web-security"/>
    <property name="os.arch" value="amd64"/>
    <property name="java.vm.specification.name" value="Java Virtual Machine Specification"/>
    <property name="java.awt.printerjob" value="sun.print.PSPrinterJob"/>
    <property name="sun.os.patch.level" value="unknown"/>
    <property name="java.library.path" value="/usr/java/packages/lib/amd64:/usr/lib/x86_64-linux-gnu/jni:/lib/x86_64-linux-gnu:/usr/lib/x86_64-linux-gnu:/usr/lib/jni:/lib:/usr/lib"/>
    <property name="java.vm.info" value="mixed mode"/>
    <property name="java.vendor" value="Private Build"/>
    <property name="java.vm.version" value="25.402-b06"/>
    <property name="java.specification.maintenance.version" value="5"/>
    <property name="java.ext.dirs" value="/usr/lib/jvm/java-8-openjdk-amd64/jre/lib/ext:/usr/java/packages/lib/ext"/>
    <property name="sun.io.unicode.encoding" value="UnicodeLittle"/>
    <property name="java.class.version" value="52.0"/>
  </properties>
  <testcase name="testShouldValidateCertificate" classname="org.apache.nifi.web.security.x509.ocsp.OcspCertificateValidatorGroovyTest" time="0.412">
    <system-err><![CDATA[[main] ERROR org.apache.nifi.web.security.x509.ocsp.OcspCertificateValidator - Disabling OCSP certificate validation. Unable to load OCSP configuration: java.lang.IllegalStateException: Unable to load the configured truststore: java.io.FileNotFoundException: value_for_nifi.security.truststore (No such file or directory)
java.lang.IllegalStateException: Unable to load the configured truststore: java.io.FileNotFoundException: value_for_nifi.security.truststore (No such file or directory)
	at org.apache.nifi.web.security.x509.ocsp.OcspCertificateValidator.getTrustedCAs(OcspCertificateValidator.java:212)
	at org.apache.nifi.web.security.x509.ocsp.OcspCertificateValidator.<init>(OcspCertificateValidator.java:118)
	at sun.reflect.NativeConstructorAccessorImpl.newInstance0(Native Method)
	at sun.reflect.NativeConstructorAccessorImpl.newInstance(NativeConstructorAccessorImpl.java:62)
	at sun.reflect.DelegatingConstructorAccessorImpl.newInstance(DelegatingConstructorAccessorImpl.java:45)
	at java.lang.reflect.Constructor.newInstance(Constructor.java:423)
	at org.codehaus.groovy.reflection.CachedConstructor.invoke(CachedConstructor.java:80)
	at org.codehaus.groovy.runtime.callsite.ConstructorSite$ConstructorSiteNoUnwrapNoCoerce.callConstructor(ConstructorSite.java:105)
	at org.codehaus.groovy.runtime.callsite.CallSiteArray.defaultCallConstructor(CallSiteArray.java:59)
	at org.codehaus.groovy.runtime.callsite.AbstractCallSite.callConstructor(AbstractCallSite.java:237)
	at org.codehaus.groovy.runtime.callsite.AbstractCallSite.callConstructor(AbstractCallSite.java:249)
	at org.apache.nifi.web.security.x509.ocsp.OcspCertificateValidatorGroovyTest.testShouldValidateCertificate(OcspCertificateValidatorGroovyTest.groovy:312)
	at sun.reflect.NativeMethodAccessorImpl.invoke0(Native Method)
	at sun.reflect.NativeMethodAccessorImpl.invoke(NativeMethodAccessorImpl.java:62)
	at sun.reflect.DelegatingMethodAccessorImpl.invoke(DelegatingMethodAccessorImpl.java:43)
	at java.lang.reflect.Method.invoke(Method.java:498)
	at org.junit.runners.model.FrameworkMethod$1.runReflectiveCall(FrameworkMethod.java:59)
	at org.junit.internal.runners.model.ReflectiveCallable.run(ReflectiveCallable.java:12)
	at org.junit.runners.model.FrameworkMethod.invokeExplosively(FrameworkMethod.java:56)
	at org.junit.internal.runners.statements.InvokeMethod.evaluate(InvokeMethod.java:17)
	at org.junit.internal.runners.statements.RunBefores.evaluate(RunBefores.java:26)
	at org.junit.internal.runners.statements.RunAfters.evaluate(RunAfters.java:27)
	at org.junit.runners.ParentRunner$3.evaluate(ParentRunner.java:306)
	at org.junit.runners.BlockJUnit4ClassRunner$1.evaluate(BlockJUnit4ClassRunner.java:100)
	at org.junit.runners.ParentRunner.runLeaf(ParentRunner.java:366)
	at org.junit.runners.BlockJUnit4ClassRunner.runChild(BlockJUnit4ClassRunner.java:103)
	at org.junit.runners.BlockJUnit4ClassRunner.runChild(BlockJUnit4ClassRunner.java:63)
	at org.junit.runners.ParentRunner$4.run(ParentRunner.java:331)
	at org.junit.runners.ParentRunner$1.schedule(ParentRunner.java:79)
	at org.junit.runners.ParentRunner.runChildren(ParentRunner.java:329)
	at org.junit.runners.ParentRunner.access$100(ParentRunner.java:66)
	at org.junit.runners.ParentRunner$2.evaluate(ParentRunner.java:293)
	at org.junit.internal.runners.statements.RunBefores.evaluate(RunBefores.java:26)
	at org.junit.runners.ParentRunner$3.evaluate(ParentRunner.java:306)
	at org.junit.runners.ParentRunner.run(ParentRunner.java:413)
	at org.junit.runner.JUnitCore.run(JUnitCore.java:137)
	at org.junit.runner.JUnitCore.run(JUnitCore.java:115)
	at org.junit.vintage.engine.execution.RunnerExecutor.execute(RunnerExecutor.java:43)
	at java.util.stream.ForEachOps$ForEachOp$OfRef.accept(ForEachOps.java:183)
	at java.util.stream.ReferencePipeline$3$1.accept(ReferencePipeline.java:193)
	at java.util.Iterator.forEachRemaining(Iterator.java:116)
	at java.util.Spliterators$IteratorSpliterator.forEachRemaining(Spliterators.java:1801)
	at java.util.stream.AbstractPipeline.copyInto(AbstractPipeline.java:482)
	at java.util.stream.AbstractPipeline.wrapAndCopyInto(AbstractPipeline.java:472)
	at java.util.stream.ForEachOps$ForEachOp.evaluateSequential(ForEachOps.java:150)
	at java.util.stream.ForEachOps$ForEachOp$OfRef.evaluateSequential(ForEachOps.java:173)
	at java.util.stream.AbstractPipeline.evaluate(AbstractPipeline.java:234)
	at java.util.stream.ReferencePipeline.forEach(ReferencePipeline.java:485)
	at org.junit.vintage.engine.VintageTestEngine.executeAllChildren(VintageTestEngine.java:82)
	at org.junit.vintage.engine.VintageTestEngine.execute(VintageTestEngine.java:73)
	at org.junit.platform.launcher.core.EngineExecutionOrchestrator.execute(EngineExecutionOrchestrator.java:108)
	at org.junit.platform.launcher.core.EngineExecutionOrchestrator.execute(EngineExecutionOrchestrator.java:88)
	at org.junit.platform.launcher.core.EngineExecutionOrchestrator.lambda$execute$0(EngineExecutionOrchestrator.java:54)
	at org.junit.platform.launcher.core.EngineExecutionOrchestrator.withInterceptedStreams(EngineExecutionOrchestrator.java:67)
	at org.junit.platform.launcher.core.EngineExecutionOrchestrator.execute(EngineExecutionOrchestrator.java:52)
	at org.junit.platform.launcher.core.DefaultLauncher.execute(DefaultLauncher.java:96)
	at org.junit.platform.launcher.core.DefaultLauncher.execute(DefaultLauncher.java:75)
	at org.apache.maven.surefire.junitplatform.JUnitPlatformProvider.execute(JUnitPlatformProvider.java:188)
	at org.apache.maven.surefire.junitplatform.JUnitPlatformProvider.invokeAllTests(JUnitPlatformProvider.java:154)
	at org.apache.maven.surefire.junitplatform.JUnitPlatformProvider.invoke(JUnitPlatformProvider.java:128)
	at org.apache.maven.surefire.booter.ForkedBooter.runSuitesInProcess(ForkedBooter.java:428)
	at org.apache.maven.surefire.booter.ForkedBooter.execute(ForkedBooter.java:162)
	at org.apache.maven.surefire.booter.ForkedBooter.run(ForkedBooter.java:562)
	at org.apache.maven.surefire.booter.ForkedBooter.main(ForkedBooter.java:548)
[main] INFO org.apache.nifi.web.security.x509.ocsp.OcspCertificateValidatorGroovyTest - Mock cache implementation load(NiFi OCSP Request: Subject DN: CN=NiFi Test Server,OU=Security,O=Apache,ST=CA,C=US issued by Issuer DN: CN=NiFi Test CA,OU=Security,O=Apache,ST=CA,C=US) returns Request (Successful) Verification (Verified) Validation (Good)
]]></system-err>
  </testcase>
  <testcase name="testValidateShouldHandleUnsignedResponse" classname="org.apache.nifi.web.security.x509.ocsp.OcspCertificateValidatorGroovyTest" time="0">
    <skipped message="To be implemented with Groovy test"/>
  </testcase>
  <testcase name="testValidateShouldHandleResponseWithIncorrectNonce" classname="org.apache.nifi.web.security.x509.ocsp.OcspCertificateValidatorGroovyTest" time="0">
    <skipped message="To be implemented with Groovy test"/>
  </testcase>
  <testcase name="testShouldGenerateCertificate" classname="org.apache.nifi.web.security.x509.ocsp.OcspCertificateValidatorGroovyTest" time="0.051">
    <system-err><![CDATA[[main] INFO org.apache.nifi.web.security.x509.ocsp.OcspCertificateValidatorGroovyTest - Generated certificate: 
  [0]         Version: 3
         SerialNumber: 1714609748293
             IssuerDN: CN=This is a test
           Start Date: Wed May 01 01:29:07 WEST 2024
           Final Date: Sun May 19 02:09:36 WEST 2024
            SubjectDN: CN=This is a test
           Public Key: RSA Public Key [2b:f8:a8:28:a2:5e:77:0c:92:37:e9:eb:9f:8a:4e:8f:d3:9a:02:51],[56:66:d1:a4]
        modulus: beea57669043ac3bacb69df35d142167f1cd08c27b325da0b9073ceeb46d52263213b7ce7ce6149ed34bcf395c3d89c3a9215eea043d75bb4b7b674a454a1824de78cb7d1420fa7f3c4d53063c9650f2fbd1c792c6aa97e2ffadbb77d464a08ccefc7435fad36774210c1224bf3f64fb4070374890450c25d5673dcd842ca26ae1e3068e0b62a28f28f7149404480e21bee4369a62f9f2216fa2df3e046f8fb578c34ad5f21079b0070a85b1dd59e09d17f8048fb482066fc10b85cacf46f7933530205e9280bc788d919da6a792e7f2397c645060062cfb2ba187a4b5396de6658536bf88edaa5a4bc909fedbdc01182e829afd94e560493045a684e526fd43
public exponent: 10001

  Signature Algorithm: SHA256WITHRSA
            Signature: 8d44b50aa568650eab9cef2886cc7a984dfbcd7e
                       df4492df96bed9173819901373c7d4c429851642
                       c73f4bd359583deeaaf417a3b9797fa304dc329c
                       2388308975a2ab4734c651cad5a38c3d9d3de18c
                       d7c6f13f2670e915d7bbc383c556605e2a9679d0
                       4c173d3179889b1ed769519cc4a98c3ba103e5b5
                       ab92dc7338d4b9da99b84924048ba6ccafe20e9f
                       be99c76f35caeaa477040e6fbc97179bdbf918be
                       72d80fa006154b464ea35930277f4ce0fb0a2caa
                       ced7e81f2ca50bc0af11acbe9f58ae1e49d91463
                       262e8ca374e41a9b19620f137aeef16d6d30aab2
                       20867f1459b1e16b64bd76e033ab89d7637bdda6
                       9be1843636ac04e9f6e11a214698e11a
       Extensions: 
                       critical(true) KeyUsage: 0xb8
                       critical(false) 2.5.29.37 value = Sequence
    ObjectIdentifier(1.3.6.1.5.5.7.3.2)
    ObjectIdentifier(1.3.6.1.5.5.7.3.1)


]]></system-err>
  </testcase>
  <testcase name="testShouldGenerateCertificateFromKeyPair" classname="org.apache.nifi.web.security.x509.ocsp.OcspCertificateValidatorGroovyTest" time="0.162">
    <system-err><![CDATA[[main] INFO org.apache.nifi.web.security.x509.ocsp.OcspCertificateValidatorGroovyTest - Generated certificate: 
  [0]         Version: 3
         SerialNumber: 1714609748465
             IssuerDN: CN=This is a test
           Start Date: Wed May 01 01:29:07 WEST 2024
           Final Date: Sun May 19 02:09:36 WEST 2024
            SubjectDN: CN=This is a test
           Public Key: RSA Public Key [12:50:ec:96:82:b1:8d:d7:ca:a7:34:49:5e:a9:02:f1:5f:47:c0:ee],[56:66:d1:a4]
        modulus: 9a2151fdbc869bfaf01307b80d12dd05e561c67693c6ec72929ba742474ff794ccf62aeef3686fe1b13ef45e70d8ceabea8ea42fafa42a442c6075c2347a56810cf30fcbb762c8b88e3a4f69c3700ee82ca23e76b389cab963bc3b91fe8133e61979c4bbce8c0c74329a3d2a8b44fd042124725d77ac60de8ee866b9c01272363d16317a792fbb63eb501d85544e7da4085aef878cd19aa8a9a44908a8a5703539bb3a1c3c82f1a31f2b6acba7c2cb772db4d1a8ef23f5541934d19c6ddf94d425980ee4bb0f11610be67411809b7009ec5c5c8039b31d264efcb465b0d1ab62e329fa10e979b5777003df80e939a0a3827387a1c7ce5cd81b02b6f6985cefc5
public exponent: 10001

  Signature Algorithm: SHA256WITHRSA
            Signature: 2001239c95c6c4d892d1aa7daf00b12c88f466db
                       84cd99928d364875083e766c1b83c745374cc3b3
                       1ce2bb412e363d97769d5df04ec67db2c9f1d049
                       3877016d044913050666243e337c18857e4ea4a4
                       d572bd24e408ac47f66773c496e24a8196b70f26
                       f0b9a19e34435f8591db6c12772b902775ff3a58
                       fe337fb0394549f693d77f53eee855a884a3a7fa
                       bda1e6b9a28e29fed6d7cb518fc84309e528f81d
                       5c133cf6bccccd6bfcdfc78686a065532cb1898e
                       4a483b9cce921652b2688a5c4900d893d00604cd
                       86bdcf7b876533a583057b6b75d3916c937a8269
                       85f8587a39962fc652ce4d346b93b265b4d51db8
                       c0b77eedc07739bbb3b08d93d1781d83
       Extensions: 
                       critical(true) KeyUsage: 0xb8
                       critical(false) 2.5.29.37 value = Sequence
    ObjectIdentifier(1.3.6.1.5.5.7.3.2)
    ObjectIdentifier(1.3.6.1.5.5.7.3.1)


]]></system-err>
  </testcase>
  <testcase name="testShouldGenerateIssuedCertificate" classname="org.apache.nifi.web.security.x509.ocsp.OcspCertificateValidatorGroovyTest" time="0.189">
    <system-err><![CDATA[[main] INFO org.apache.nifi.web.security.x509.ocsp.OcspCertificateValidatorGroovyTest - Generated issuer certificate: 
  [0]         Version: 3
         SerialNumber: 1714609748512
             IssuerDN: CN=Issuer CA
           Start Date: Wed May 01 01:29:07 WEST 2024
           Final Date: Sun May 19 02:09:36 WEST 2024
            SubjectDN: CN=Issuer CA
           Public Key: RSA Public Key [cd:a8:78:aa:24:01:c5:c1:68:d3:14:19:0f:b5:a9:b3:69:5c:eb:de],[56:66:d1:a4]
        modulus: b070e490886701c175a778812b2af4e3659378522102e28ee71ad423ae3e9a0c4e8601dca0a10a7d282a7c3bab14d1d662b3d8a95b22f3b845b0bd88a49c84685de4c3fc818355e00968e34ec7aac3122d7e804c94fac98d900e3f7c31f5f09f483d470b8902dfd89874566dc870e6281b6365be933df5c72a0c3378298870cf3d0ad951343504116e12307cbe88401778951891b2472115d960b2a3a62b988530d5b9ea056bdb90acab6f907130ab60cefa5ca3e81c17aa4456987522d45c94c1a3c295afce2f7c08a478339d4b1641d922ef38b3dee71b1f21b69ac793b31baf3174897fdf221249c4624ebe0aa0a62ea71cb0087097b051b2d5c00458a349
public exponent: 10001

  Signature Algorithm: SHA256WITHRSA
            Signature: 287399edf7535d4f0053951bb7df87291458b793
                       ca795b0107e54d4336fb2541c246d1db4c3b2150
                       c0e1c9809ddab3b0c920a1e85527603e92476c56
                       4820352c0a3ed22e977a2daa84dd3f274dbfed52
                       64e3f294e0518a14a6a2312f48d093fdc9a735d9
                       213532353ba145d8108201e22674848adf54ae62
                       e044168cdee2b9fd9354534739964b7a5c16fb58
                       bc077dc23533c59cf9713435bbf3e98fdd5ceebf
                       6f7a86872962fc7986235ea768110e91d546aa4c
                       681c7748aeab137f34bcb763cb6289f38f09fa44
                       5ddf28098e2dcafdd41dc1113153090ad795fbbc
                       96c3a0ab5410a0b46a587b1ddd391de79abf87e4
                       572350b43d0490cf88da43ecd7984dfc
       Extensions: 
                       critical(true) KeyUsage: 0xb8
                       critical(false) 2.5.29.37 value = Sequence
    ObjectIdentifier(1.3.6.1.5.5.7.3.2)
    ObjectIdentifier(1.3.6.1.5.5.7.3.1)


[main] INFO org.apache.nifi.web.security.x509.ocsp.OcspCertificateValidatorGroovyTest - Generated signed certificate: 
  [0]         Version: 3
         SerialNumber: 1714609748650
             IssuerDN: CN=Issuer CA
           Start Date: Wed May 01 01:29:07 WEST 2024
           Final Date: Sun May 19 02:09:36 WEST 2024
            SubjectDN: CN=This is a signed test
           Public Key: RSA Public Key [ec:6a:c6:87:2d:68:9e:57:a3:d2:a1:bb:4d:21:7c:7b:40:38:bc:1b],[56:66:d1:a4]
        modulus: 857a0a351926730e051ddfdfda75d9d5f56ecc04dd9e2a011fd62e039a65800300d54a6f7098bac7b11f8e7b43730cc2e4dd397e96a25057fcead2fa1941f4dd8483fd1f5bc439677841c6463db9fa63dc5783222a6470decbe877828ea94c7fd15715850b0bff24ad02df30f52c60196115645889c9114e02d28daf1efb55acd2a22933d104c988416a9a20de460a30a56c92a8107a2f22df1113caadb5479127fb959455de37a9b5ed58c835658835ab3c35a50d1fe0e4959cd7c0d13aca6bae4ba3edb696ec541fbd9ce1e84bf627e275da3c6deb5efb09b33c011b9e006fb771504980cddb24c295ecbec33a8aa67f9c70703f2d4cd7a043918f05a5fb61
public exponent: 10001

  Signature Algorithm: SHA256WITHRSA
            Signature: 357b449fa5bf57897af8f5482d8033bd56174c8d
                       80100e1565ca82d2e778683636f797e472e585b1
                       2f2434cada670a285331be3f293468929148199a
                       9c06047210c91940a1d1635e9aec7c84aef11d64
                       988cb6369eae81ac693cd6c43b9a3f5118c902d2
                       96b4bb6c4cd6a6d0bfdbb02e1de04c9ffebbfd9d
                       f56205f64499a8d72ca3a60626ce3fa7e9f6c155
                       bf7dc38918f39953839f3541f22def148c5de5d6
                       3fca01368c46e6ee8ac630a7e83bc444efe0a6b2
                       e7c183914fefe042667580260e020d06517d35d7
                       31f62e570ba5c5a923d413044e4b285cfd21f056
                       d20fe8dc8cde8f372b8e58ce5dab64bfc67e1cdb
                       4c1c1a2a9b2c18860f4182fe895d42ac

]]></system-err>
  </testcase>
  <testcase name="testShouldNotValidateRevokedCertificate" classname="org.apache.nifi.web.security.x509.ocsp.OcspCertificateValidatorGroovyTest" time="0.115">
    <system-err><![CDATA[[main] ERROR org.apache.nifi.web.security.x509.ocsp.OcspCertificateValidator - Disabling OCSP certificate validation. Unable to load OCSP configuration: java.lang.IllegalStateException: Unable to load the configured truststore: java.io.FileNotFoundException: value_for_nifi.security.truststore (No such file or directory)
java.lang.IllegalStateException: Unable to load the configured truststore: java.io.FileNotFoundException: value_for_nifi.security.truststore (No such file or directory)
	at org.apache.nifi.web.security.x509.ocsp.OcspCertificateValidator.getTrustedCAs(OcspCertificateValidator.java:212)
	at org.apache.nifi.web.security.x509.ocsp.OcspCertificateValidator.<init>(OcspCertificateValidator.java:118)
	at sun.reflect.NativeConstructorAccessorImpl.newInstance0(Native Method)
	at sun.reflect.NativeConstructorAccessorImpl.newInstance(NativeConstructorAccessorImpl.java:62)
	at sun.reflect.DelegatingConstructorAccessorImpl.newInstance(DelegatingConstructorAccessorImpl.java:45)
	at java.lang.reflect.Constructor.newInstance(Constructor.java:423)
	at org.codehaus.groovy.reflection.CachedConstructor.invoke(CachedConstructor.java:80)
	at org.codehaus.groovy.runtime.callsite.ConstructorSite$ConstructorSiteNoUnwrapNoCoerce.callConstructor(ConstructorSite.java:105)
	at org.codehaus.groovy.runtime.callsite.CallSiteArray.defaultCallConstructor(CallSiteArray.java:59)
	at org.codehaus.groovy.runtime.callsite.AbstractCallSite.callConstructor(AbstractCallSite.java:237)
	at org.codehaus.groovy.runtime.callsite.AbstractCallSite.callConstructor(AbstractCallSite.java:249)
	at org.apache.nifi.web.security.x509.ocsp.OcspCertificateValidatorGroovyTest.testShouldNotValidateRevokedCertificate(OcspCertificateValidatorGroovyTest.groovy:345)
	at sun.reflect.NativeMethodAccessorImpl.invoke0(Native Method)
	at sun.reflect.NativeMethodAccessorImpl.invoke(NativeMethodAccessorImpl.java:62)
	at sun.reflect.DelegatingMethodAccessorImpl.invoke(DelegatingMethodAccessorImpl.java:43)
	at java.lang.reflect.Method.invoke(Method.java:498)
	at org.junit.runners.model.FrameworkMethod$1.runReflectiveCall(FrameworkMethod.java:59)
	at org.junit.internal.runners.model.ReflectiveCallable.run(ReflectiveCallable.java:12)
	at org.junit.runners.model.FrameworkMethod.invokeExplosively(FrameworkMethod.java:56)
	at org.junit.internal.runners.statements.InvokeMethod.evaluate(InvokeMethod.java:17)
	at org.junit.internal.runners.statements.RunBefores.evaluate(RunBefores.java:26)
	at org.junit.internal.runners.statements.RunAfters.evaluate(RunAfters.java:27)
	at org.junit.runners.ParentRunner$3.evaluate(ParentRunner.java:306)
	at org.junit.runners.BlockJUnit4ClassRunner$1.evaluate(BlockJUnit4ClassRunner.java:100)
	at org.junit.runners.ParentRunner.runLeaf(ParentRunner.java:366)
	at org.junit.runners.BlockJUnit4ClassRunner.runChild(BlockJUnit4ClassRunner.java:103)
	at org.junit.runners.BlockJUnit4ClassRunner.runChild(BlockJUnit4ClassRunner.java:63)
	at org.junit.runners.ParentRunner$4.run(ParentRunner.java:331)
	at org.junit.runners.ParentRunner$1.schedule(ParentRunner.java:79)
	at org.junit.runners.ParentRunner.runChildren(ParentRunner.java:329)
	at org.junit.runners.ParentRunner.access$100(ParentRunner.java:66)
	at org.junit.runners.ParentRunner$2.evaluate(ParentRunner.java:293)
	at org.junit.internal.runners.statements.RunBefores.evaluate(RunBefores.java:26)
	at org.junit.runners.ParentRunner$3.evaluate(ParentRunner.java:306)
	at org.junit.runners.ParentRunner.run(ParentRunner.java:413)
	at org.junit.runner.JUnitCore.run(JUnitCore.java:137)
	at org.junit.runner.JUnitCore.run(JUnitCore.java:115)
	at org.junit.vintage.engine.execution.RunnerExecutor.execute(RunnerExecutor.java:43)
	at java.util.stream.ForEachOps$ForEachOp$OfRef.accept(ForEachOps.java:183)
	at java.util.stream.ReferencePipeline$3$1.accept(ReferencePipeline.java:193)
	at java.util.Iterator.forEachRemaining(Iterator.java:116)
	at java.util.Spliterators$IteratorSpliterator.forEachRemaining(Spliterators.java:1801)
	at java.util.stream.AbstractPipeline.copyInto(AbstractPipeline.java:482)
	at java.util.stream.AbstractPipeline.wrapAndCopyInto(AbstractPipeline.java:472)
	at java.util.stream.ForEachOps$ForEachOp.evaluateSequential(ForEachOps.java:150)
	at java.util.stream.ForEachOps$ForEachOp$OfRef.evaluateSequential(ForEachOps.java:173)
	at java.util.stream.AbstractPipeline.evaluate(AbstractPipeline.java:234)
	at java.util.stream.ReferencePipeline.forEach(ReferencePipeline.java:485)
	at org.junit.vintage.engine.VintageTestEngine.executeAllChildren(VintageTestEngine.java:82)
	at org.junit.vintage.engine.VintageTestEngine.execute(VintageTestEngine.java:73)
	at org.junit.platform.launcher.core.EngineExecutionOrchestrator.execute(EngineExecutionOrchestrator.java:108)
	at org.junit.platform.launcher.core.EngineExecutionOrchestrator.execute(EngineExecutionOrchestrator.java:88)
	at org.junit.platform.launcher.core.EngineExecutionOrchestrator.lambda$execute$0(EngineExecutionOrchestrator.java:54)
	at org.junit.platform.launcher.core.EngineExecutionOrchestrator.withInterceptedStreams(EngineExecutionOrchestrator.java:67)
	at org.junit.platform.launcher.core.EngineExecutionOrchestrator.execute(EngineExecutionOrchestrator.java:52)
	at org.junit.platform.launcher.core.DefaultLauncher.execute(DefaultLauncher.java:96)
	at org.junit.platform.launcher.core.DefaultLauncher.execute(DefaultLauncher.java:75)
	at org.apache.maven.surefire.junitplatform.JUnitPlatformProvider.execute(JUnitPlatformProvider.java:188)
	at org.apache.maven.surefire.junitplatform.JUnitPlatformProvider.invokeAllTests(JUnitPlatformProvider.java:154)
	at org.apache.maven.surefire.junitplatform.JUnitPlatformProvider.invoke(JUnitPlatformProvider.java:128)
	at org.apache.maven.surefire.booter.ForkedBooter.runSuitesInProcess(ForkedBooter.java:428)
	at org.apache.maven.surefire.booter.ForkedBooter.execute(ForkedBooter.java:162)
	at org.apache.maven.surefire.booter.ForkedBooter.run(ForkedBooter.java:562)
	at org.apache.maven.surefire.booter.ForkedBooter.main(ForkedBooter.java:548)
[main] INFO org.apache.nifi.web.security.x509.ocsp.OcspCertificateValidatorGroovyTest - Mock cache implementation load(NiFi OCSP Request: Subject DN: CN=NiFi Test Server,OU=Security,O=Apache,ST=CA,C=US issued by Issuer DN: CN=NiFi Test CA,OU=Security,O=Apache,ST=CA,C=US) returns Request (Successful) Verification (Verified) Validation (Revoked)
]]></system-err>
  </testcase>
  <testcase name="testShouldNotValidateEmptyCertificate" classname="org.apache.nifi.web.security.x509.ocsp.OcspCertificateValidatorGroovyTest" time="0">
    <skipped message="To be implemented with Groovy test"/>
  </testcase>
</testsuite>