<?xml version="1.0" encoding="UTF-8"?>
<testsuite xmlns:xsi="http://www.w3.org/2001/XMLSchema-instance" xsi:noNamespaceSchemaLocation="https://maven.apache.org/surefire/maven-surefire-plugin/xsd/surefire-test-report-3.0.xsd" version="3.0" name="org.apache.nifi.security.util.crypto.HashServiceTest" time="0.544" tests="11" errors="0" skipped="0" failures="0">
  <properties>
    <property name="sun.desktop" value="gnome"/>
    <property name="awt.toolkit" value="sun.awt.X11.XToolkit"/>
    <property name="file.encoding.pkg" value="sun.io"/>
    <property name="java.specification.version" value="1.8"/>
    <property name="sun.cpu.isalist" value=""/>
    <property name="sun.jnu.encoding" value="UTF-8"/>
    <property name="java.class.path" value="/home/alex/Repositories/nifi/nifi-commons/nifi-security-utils/target/test-classes:/home/alex/Repositories/nifi/nifi-commons/nifi-security-utils/target/classes:/home/alex/Repositories/nifi/nifi-api/target/classes:/home/alex/Repositories/nifi/nifi-commons/nifi-utils/target/classes:/home/alex/Repositories/nifi/nifi-commons/nifi-security-utils-api/target/classes:/home/alex/Repositories/nifi/nifi-commons/nifi-security-kms/target/classes:/home/alex/.m2/repository/org/apache/commons/commons-lang3/3.12.0/commons-lang3-3.12.0.jar:/home/alex/.m2/repository/commons-codec/commons-codec/1.14/commons-codec-1.14.jar:/home/alex/.m2/repository/org/bouncycastle/bcprov-jdk15on/1.69/bcprov-jdk15on-1.69.jar:/home/alex/.m2/repository/org/bouncycastle/bcpkix-jdk15on/1.69/bcpkix-jdk15on-1.69.jar:/home/alex/.m2/repository/org/bouncycastle/bcutil-jdk15on/1.69/bcutil-jdk15on-1.69.jar:/home/alex/Repositories/nifi/nifi-commons/nifi-properties/target/classes:/home/alex/Repositories/nifi/nifi-commons/nifi-property-utils/target/classes:/home/alex/.m2/repository/at/favre/lib/bcrypt/0.9.0/bcrypt-0.9.0.jar:/home/alex/.m2/repository/at/favre/lib/bytes/1.3.0/bytes-1.3.0.jar:/home/alex/.m2/repository/org/apache/commons/commons-configuration2/2.7/commons-configuration2-2.7.jar:/home/alex/.m2/repository/org/apache/commons/commons-text/1.8/commons-text-1.8.jar:/home/alex/.m2/repository/org/slf4j/jcl-over-slf4j/1.7.32/jcl-over-slf4j-1.7.32.jar:/home/alex/.m2/repository/org/slf4j/slf4j-api/1.7.32/slf4j-api-1.7.32.jar:/home/alex/.m2/repository/org/junit/jupiter/junit-jupiter-api/5.7.2/junit-jupiter-api-5.7.2.jar:/home/alex/.m2/repository/org/apiguardian/apiguardian-api/1.1.0/apiguardian-api-1.1.0.jar:/home/alex/.m2/repository/org/opentest4j/opentest4j/1.2.0/opentest4j-1.2.0.jar:/home/alex/.m2/repository/org/junit/platform/junit-platform-commons/1.7.2/junit-platform-commons-1.7.2.jar:/home/alex/.m2/repository/org/junit/jupiter/junit-jupiter-engine/5.7.2/junit-jupiter-engine-5.7.2.jar:/home/alex/.m2/repository/org/junit/platform/junit-platform-engine/1.7.2/junit-platform-engine-1.7.2.jar:/home/alex/.m2/repository/org/junit/vintage/junit-vintage-engine/5.7.2/junit-vintage-engine-5.7.2.jar:/home/alex/.m2/repository/junit/junit/4.13.2/junit-4.13.2.jar:/home/alex/.m2/repository/org/hamcrest/hamcrest-core/1.3/hamcrest-core-1.3.jar:/home/alex/.m2/repository/org/junit/jupiter/junit-jupiter-params/5.7.2/junit-jupiter-params-5.7.2.jar:/home/alex/.m2/repository/org/mockito/mockito-core/3.11.2/mockito-core-3.11.2.jar:/home/alex/.m2/repository/net/bytebuddy/byte-buddy/1.11.3/byte-buddy-1.11.3.jar:/home/alex/.m2/repository/net/bytebuddy/byte-buddy-agent/1.11.3/byte-buddy-agent-1.11.3.jar:/home/alex/.m2/repository/org/objenesis/objenesis/3.2/objenesis-3.2.jar:/home/alex/.m2/repository/org/mockito/mockito-junit-jupiter/3.11.2/mockito-junit-jupiter-3.11.2.jar:/home/alex/.m2/repository/org/slf4j/slf4j-simple/1.7.32/slf4j-simple-1.7.32.jar:/home/alex/.m2/repository/org/codehaus/groovy/groovy-test/2.5.14/groovy-test-2.5.14.jar:/home/alex/.m2/repository/org/codehaus/groovy/groovy/2.5.14/groovy-2.5.14.jar:"/>
    <property name="java.vm.vendor" value="Private Build"/>
    <property name="sun.arch.data.model" value="64"/>
    <property name="java.vendor.url" value="http://java.oracle.com/"/>
    <property name="user.timezone" value="Europe/Lisbon"/>
    <property name="java.vm.specification.version" value="1.8"/>
    <property name="os.name" value="Linux"/>
    <property name="user.country" value="US"/>
    <property name="sun.java.launcher" value="SUN_STANDARD"/>
    <property name="sun.boot.library.path" value="/usr/lib/jvm/java-8-openjdk-amd64/jre/lib/amd64"/>
    <property name="sun.java.command" value="/home/alex/Repositories/nifi/nifi-commons/nifi-security-utils/target/surefire/surefirebooter2484183974892880044.jar /home/alex/Repositories/nifi/nifi-commons/nifi-security-utils/target/surefire 2024-05-02T01-23-45_285-jvmRun1 surefire3200246400180549808tmp surefire_63750338899853254368tmp"/>
    <property name="surefire.test.class.path" value="/home/alex/Repositories/nifi/nifi-commons/nifi-security-utils/target/test-classes:/home/alex/Repositories/nifi/nifi-commons/nifi-security-utils/target/classes:/home/alex/Repositories/nifi/nifi-api/target/classes:/home/alex/Repositories/nifi/nifi-commons/nifi-utils/target/classes:/home/alex/Repositories/nifi/nifi-commons/nifi-security-utils-api/target/classes:/home/alex/Repositories/nifi/nifi-commons/nifi-security-kms/target/classes:/home/alex/.m2/repository/org/apache/commons/commons-lang3/3.12.0/commons-lang3-3.12.0.jar:/home/alex/.m2/repository/commons-codec/commons-codec/1.14/commons-codec-1.14.jar:/home/alex/.m2/repository/org/bouncycastle/bcprov-jdk15on/1.69/bcprov-jdk15on-1.69.jar:/home/alex/.m2/repository/org/bouncycastle/bcpkix-jdk15on/1.69/bcpkix-jdk15on-1.69.jar:/home/alex/.m2/repository/org/bouncycastle/bcutil-jdk15on/1.69/bcutil-jdk15on-1.69.jar:/home/alex/Repositories/nifi/nifi-commons/nifi-properties/target/classes:/home/alex/Repositories/nifi/nifi-commons/nifi-property-utils/target/classes:/home/alex/.m2/repository/at/favre/lib/bcrypt/0.9.0/bcrypt-0.9.0.jar:/home/alex/.m2/repository/at/favre/lib/bytes/1.3.0/bytes-1.3.0.jar:/home/alex/.m2/repository/org/apache/commons/commons-configuration2/2.7/commons-configuration2-2.7.jar:/home/alex/.m2/repository/org/apache/commons/commons-text/1.8/commons-text-1.8.jar:/home/alex/.m2/repository/org/slf4j/jcl-over-slf4j/1.7.32/jcl-over-slf4j-1.7.32.jar:/home/alex/.m2/repository/org/slf4j/slf4j-api/1.7.32/slf4j-api-1.7.32.jar:/home/alex/.m2/repository/org/junit/jupiter/junit-jupiter-api/5.7.2/junit-jupiter-api-5.7.2.jar:/home/alex/.m2/repository/org/apiguardian/apiguardian-api/1.1.0/apiguardian-api-1.1.0.jar:/home/alex/.m2/repository/org/opentest4j/opentest4j/1.2.0/opentest4j-1.2.0.jar:/home/alex/.m2/repository/org/junit/platform/junit-platform-commons/1.7.2/junit-platform-commons-1.7.2.jar:/home/alex/.m2/repository/org/junit/jupiter/junit-jupiter-engine/5.7.2/junit-jupiter-engine-5.7.2.jar:/home/alex/.m2/repository/org/junit/platform/junit-platform-engine/1.7.2/junit-platform-engine-1.7.2.jar:/home/alex/.m2/repository/org/junit/vintage/junit-vintage-engine/5.7.2/junit-vintage-engine-5.7.2.jar:/home/alex/.m2/repository/junit/junit/4.13.2/junit-4.13.2.jar:/home/alex/.m2/repository/org/hamcrest/hamcrest-core/1.3/hamcrest-core-1.3.jar:/home/alex/.m2/repository/org/junit/jupiter/junit-jupiter-params/5.7.2/junit-jupiter-params-5.7.2.jar:/home/alex/.m2/repository/org/mockito/mockito-core/3.11.2/mockito-core-3.11.2.jar:/home/alex/.m2/repository/net/bytebuddy/byte-buddy/1.11.3/byte-buddy-1.11.3.jar:/home/alex/.m2/repository/net/bytebuddy/byte-buddy-agent/1.11.3/byte-buddy-agent-1.11.3.jar:/home/alex/.m2/repository/org/objenesis/objenesis/3.2/objenesis-3.2.jar:/home/alex/.m2/repository/org/mockito/mockito-junit-jupiter/3.11.2/mockito-junit-jupiter-3.11.2.jar:/home/alex/.m2/repository/org/slf4j/slf4j-simple/1.7.32/slf4j-simple-1.7.32.jar:/home/alex/.m2/repository/org/codehaus/groovy/groovy-test/2.5.14/groovy-test-2.5.14.jar:/home/alex/.m2/repository/org/codehaus/groovy/groovy/2.5.14/groovy-2.5.14.jar:"/>
    <property name="sun.cpu.endian" value="little"/>
    <property name="user.home" value="/home/alex"/>
    <property name="user.language" value="en"/>
    <property name="java.specification.vendor" value="Oracle Corporation"/>
    <property name="java.home" value="/usr/lib/jvm/java-8-openjdk-amd64/jre"/>
    <property name="basedir" value="/home/alex/Repositories/nifi/nifi-commons/nifi-security-utils"/>
    <property name="file.separator" value="/"/>
    <property name="line.separator" value="&#10;"/>
    <property name="java.vm.specification.vendor" value="Oracle Corporation"/>
    <property name="java.specification.name" value="Java Platform API Specification"/>
    <property name="java.awt.graphicsenv" value="sun.awt.X11GraphicsEnvironment"/>
    <property name="java.awt.headless" value="true"/>
    <property name="surefire.real.class.path" value="/home/alex/Repositories/nifi/nifi-commons/nifi-security-utils/target/surefire/surefirebooter2484183974892880044.jar"/>
    <property name="sun.boot.class.path" value="/usr/lib/jvm/java-8-openjdk-amd64/jre/lib/resources.jar:/usr/lib/jvm/java-8-openjdk-amd64/jre/lib/rt.jar:/usr/lib/jvm/java-8-openjdk-amd64/jre/lib/sunrsasign.jar:/usr/lib/jvm/java-8-openjdk-amd64/jre/lib/jsse.jar:/usr/lib/jvm/java-8-openjdk-amd64/jre/lib/jce.jar:/usr/lib/jvm/java-8-openjdk-amd64/jre/lib/charsets.jar:/usr/lib/jvm/java-8-openjdk-amd64/jre/lib/jfr.jar:/usr/lib/jvm/java-8-openjdk-amd64/jre/classes"/>
    <property name="sun.management.compiler" value="HotSpot 64-Bit Tiered Compilers"/>
    <property name="java.runtime.version" value="1.8.0_402-8u402-ga-2ubuntu1~22.04-b06"/>
    <property name="java.net.preferIPv4Stack" value="true"/>
    <property name="user.name" value="alex"/>
    <property name="path.separator" value=":"/>
    <property name="os.version" value="6.5.0-28-generic"/>
    <property name="java.endorsed.dirs" value="/usr/lib/jvm/java-8-openjdk-amd64/jre/lib/endorsed"/>
    <property name="java.runtime.name" value="OpenJDK Runtime Environment"/>
    <property name="file.encoding" value="UTF-8"/>
    <property name="java.vm.name" value="OpenJDK 64-Bit Server VM"/>
    <property name="localRepository" value="/home/alex/.m2/repository"/>
    <property name="java.vendor.url.bug" value="http://bugreport.sun.com/bugreport/"/>
    <property name="java.io.tmpdir" value="/tmp"/>
    <property name="java.version" value="1.8.0_402"/>
    <property name="user.dir" value="/home/alex/Repositories/nifi/nifi-commons/nifi-security-utils"/>
    <property name="os.arch" value="amd64"/>
    <property name="java.vm.specification.name" value="Java Virtual Machine Specification"/>
    <property name="java.awt.printerjob" value="sun.print.PSPrinterJob"/>
    <property name="sun.os.patch.level" value="unknown"/>
    <property name="java.library.path" value="/usr/java/packages/lib/amd64:/usr/lib/x86_64-linux-gnu/jni:/lib/x86_64-linux-gnu:/usr/lib/x86_64-linux-gnu:/usr/lib/jni:/lib:/usr/lib"/>
    <property name="java.vm.info" value="mixed mode"/>
    <property name="java.vendor" value="Private Build"/>
    <property name="java.vm.version" value="25.402-b06"/>
    <property name="java.specification.maintenance.version" value="5"/>
    <property name="java.ext.dirs" value="/usr/lib/jvm/java-8-openjdk-amd64/jre/lib/ext:/usr/java/packages/lib/ext"/>
    <property name="sun.io.unicode.encoding" value="UnicodeLittle"/>
    <property name="java.class.version" value="52.0"/>
  </properties>
  <testcase name="testHashValueShouldHandleUTF16BOMIssue" classname="org.apache.nifi.security.util.crypto.HashServiceTest" time="0.024">
    <system-err><![CDATA[[main] INFO org.apache.nifi.security.util.crypto.HashServiceTest - [    UTF-8]: 0x61 0x70 0x61 0x63 0x68 0x65 0x6E 0x69 0x66 0x69
[main] INFO org.apache.nifi.security.util.crypto.HashServiceTest - [   UTF-16]: 0xFE 0xFF 0x00 0x61 0x00 0x70 0x00 0x61 0x00 0x63 0x00 0x68 0x00 0x65 0x00 0x6E 0x00 0x69 0x00 0x66 0x00 0x69
[main] INFO org.apache.nifi.security.util.crypto.HashServiceTest - [ UTF-16LE]: 0x61 0x00 0x70 0x00 0x61 0x00 0x63 0x00 0x68 0x00 0x65 0x00 0x6E 0x00 0x69 0x00 0x66 0x00 0x69 0x00
[main] INFO org.apache.nifi.security.util.crypto.HashServiceTest - [ UTF-16BE]: 0x00 0x61 0x00 0x70 0x00 0x61 0x00 0x63 0x00 0x68 0x00 0x65 0x00 0x6E 0x00 0x69 0x00 0x66 0x00 0x69
[main] INFO org.apache.nifi.security.util.crypto.HashServiceTest - [EXPECTED] SHA-256(    utf_8(apachenifi)) = dc4bd945723b9c234f1be408e8ceb78660b481008b8ab5b71eb2aa3b4f08357a
[main] INFO org.apache.nifi.security.util.crypto.HashServiceTest - [EXPECTED] SHA-256(   utf_16(apachenifi)) = f370019c2a41a8285077beb839f7566240e2f0ca970cb67aed5836b89478df91
[main] INFO org.apache.nifi.security.util.crypto.HashServiceTest - [EXPECTED] SHA-256( utf_16be(apachenifi)) = f370019c2a41a8285077beb839f7566240e2f0ca970cb67aed5836b89478df91
[main] INFO org.apache.nifi.security.util.crypto.HashServiceTest - [EXPECTED] SHA-256( utf_16le(apachenifi)) = 7e285dc64d3a8c3cb4e04304577eebbcb654f2245373874e48e597a8b8f15aff
[main] INFO org.apache.nifi.security.util.crypto.HashServiceTest - SHA-256(apachenifi,     UTF-8) = dc4bd945723b9c234f1be408e8ceb78660b481008b8ab5b71eb2aa3b4f08357a
[main] WARN org.apache.nifi.security.util.crypto.HashService - The charset provided was UTF-16, but Java will insert a Big Endian BOM in the decoded message before hashing, so switching to UTF-16BE
[main] INFO org.apache.nifi.security.util.crypto.HashServiceTest - SHA-256(apachenifi,    UTF-16) = f370019c2a41a8285077beb839f7566240e2f0ca970cb67aed5836b89478df91
[main] INFO org.apache.nifi.security.util.crypto.HashServiceTest - SHA-256(apachenifi,  UTF-16LE) = 7e285dc64d3a8c3cb4e04304577eebbcb654f2245373874e48e597a8b8f15aff
[main] INFO org.apache.nifi.security.util.crypto.HashServiceTest - SHA-256(apachenifi,  UTF-16BE) = f370019c2a41a8285077beb839f7566240e2f0ca970cb67aed5836b89478df91
]]></system-err>
  </testcase>
  <testcase name="testHashValueShouldHandleUTF16BOMIssue" classname="org.apache.nifi.security.util.crypto.HashServiceTest" time="0.004">
    <system-err><![CDATA[[main] INFO org.apache.nifi.security.util.crypto.HashServiceTest - [    UTF-8]: 0x61 0x70 0x61 0x63 0x68 0x65 0x6E 0x69 0x66 0x69
[main] INFO org.apache.nifi.security.util.crypto.HashServiceTest - [   UTF-16]: 0xFE 0xFF 0x00 0x61 0x00 0x70 0x00 0x61 0x00 0x63 0x00 0x68 0x00 0x65 0x00 0x6E 0x00 0x69 0x00 0x66 0x00 0x69
[main] INFO org.apache.nifi.security.util.crypto.HashServiceTest - [ UTF-16LE]: 0x61 0x00 0x70 0x00 0x61 0x00 0x63 0x00 0x68 0x00 0x65 0x00 0x6E 0x00 0x69 0x00 0x66 0x00 0x69 0x00
[main] INFO org.apache.nifi.security.util.crypto.HashServiceTest - [ UTF-16BE]: 0x00 0x61 0x00 0x70 0x00 0x61 0x00 0x63 0x00 0x68 0x00 0x65 0x00 0x6E 0x00 0x69 0x00 0x66 0x00 0x69
[main] INFO org.apache.nifi.security.util.crypto.HashServiceTest - [EXPECTED] SHA-256(    utf_8(apachenifi)) = dc4bd945723b9c234f1be408e8ceb78660b481008b8ab5b71eb2aa3b4f08357a
[main] INFO org.apache.nifi.security.util.crypto.HashServiceTest - [EXPECTED] SHA-256(   utf_16(apachenifi)) = f370019c2a41a8285077beb839f7566240e2f0ca970cb67aed5836b89478df91
[main] INFO org.apache.nifi.security.util.crypto.HashServiceTest - [EXPECTED] SHA-256( utf_16be(apachenifi)) = f370019c2a41a8285077beb839f7566240e2f0ca970cb67aed5836b89478df91
[main] INFO org.apache.nifi.security.util.crypto.HashServiceTest - [EXPECTED] SHA-256( utf_16le(apachenifi)) = 7e285dc64d3a8c3cb4e04304577eebbcb654f2245373874e48e597a8b8f15aff
[main] INFO org.apache.nifi.security.util.crypto.HashServiceTest - SHA-256(apachenifi,     UTF-8) = dc4bd945723b9c234f1be408e8ceb78660b481008b8ab5b71eb2aa3b4f08357a
[main] WARN org.apache.nifi.security.util.crypto.HashService - The charset provided was UTF-16, but Java will insert a Big Endian BOM in the decoded message before hashing, so switching to UTF-16BE
[main] INFO org.apache.nifi.security.util.crypto.HashServiceTest - SHA-256(apachenifi,    UTF-16) = f370019c2a41a8285077beb839f7566240e2f0ca970cb67aed5836b89478df91
[main] INFO org.apache.nifi.security.util.crypto.HashServiceTest - SHA-256(apachenifi,  UTF-16LE) = 7e285dc64d3a8c3cb4e04304577eebbcb654f2245373874e48e597a8b8f15aff
[main] INFO org.apache.nifi.security.util.crypto.HashServiceTest - SHA-256(apachenifi,  UTF-16BE) = f370019c2a41a8285077beb839f7566240e2f0ca970cb67aed5836b89478df91
]]></system-err>
  </testcase>
  <testcase name="testShouldRejectNullValue" classname="org.apache.nifi.security.util.crypto.HashServiceTest" time="0.007">
    <system-err><![CDATA[[main] INFO org.apache.nifi.security.util.crypto.HashServiceTest - [EXPECTED]       threeArgString: The value cannot be null
[main] INFO org.apache.nifi.security.util.crypto.HashServiceTest - [EXPECTED]         twoArgString: The value cannot be null
[main] INFO org.apache.nifi.security.util.crypto.HashServiceTest - [EXPECTED]    threeArgStringRaw: The value cannot be null
[main] INFO org.apache.nifi.security.util.crypto.HashServiceTest - [EXPECTED]      twoArgStringRaw: The value cannot be null
[main] INFO org.apache.nifi.security.util.crypto.HashServiceTest - [EXPECTED]       twoArgBytesRaw: The value cannot be null
]]></system-err>
  </testcase>
  <testcase name="testShouldRejectNullValue" classname="org.apache.nifi.security.util.crypto.HashServiceTest" time="0.001">
    <system-err><![CDATA[[main] INFO org.apache.nifi.security.util.crypto.HashServiceTest - [EXPECTED]       threeArgString: The value cannot be null
[main] INFO org.apache.nifi.security.util.crypto.HashServiceTest - [EXPECTED]         twoArgString: The value cannot be null
[main] INFO org.apache.nifi.security.util.crypto.HashServiceTest - [EXPECTED]    threeArgStringRaw: The value cannot be null
[main] INFO org.apache.nifi.security.util.crypto.HashServiceTest - [EXPECTED]      twoArgStringRaw: The value cannot be null
[main] INFO org.apache.nifi.security.util.crypto.HashServiceTest - [EXPECTED]       twoArgBytesRaw: The value cannot be null
]]></system-err>
  </testcase>
  <testcase name="testShouldHashEmptyValue" classname="org.apache.nifi.security.util.crypto.HashServiceTest" time="0.015">
    <system-err><![CDATA[[main] INFO org.apache.nifi.security.util.crypto.HashServiceTest -         MD2('') [16] = 8350e5a3e24c153df2275c9f80692773
[main] INFO org.apache.nifi.security.util.crypto.HashServiceTest -         MD5('') [16] = d41d8cd98f00b204e9800998ecf8427e
[main] INFO org.apache.nifi.security.util.crypto.HashServiceTest -       SHA-1('') [20] = da39a3ee5e6b4b0d3255bfef95601890afd80709
[main] INFO org.apache.nifi.security.util.crypto.HashServiceTest -     SHA-224('') [28] = d14a028c2a3a2bc9476102bb288234c415a2b01f828ea62ac5b3e42f
[main] INFO org.apache.nifi.security.util.crypto.HashServiceTest -     SHA-256('') [32] = e3b0c44298fc1c149afbf4c8996fb92427ae41e4649b934ca495991b7852b855
[main] INFO org.apache.nifi.security.util.crypto.HashServiceTest -     SHA-384('') [48] = 38b060a751ac96384cd9327eb1b1e36a21fdb71114be07434c0cc7bf63f6e1da274edebfe76f65fbd51ad2f14898b95b
[main] INFO org.apache.nifi.security.util.crypto.HashServiceTest -     SHA-512('') [64] = cf83e1357eefb8bdf1542850d66d8007d620e4050b5715dc83f4a921d36ce9ce47d0d13c5d85f2b0ff8318d2877eec2f63b931bd47417a81a538327af927da3e
[main] INFO org.apache.nifi.security.util.crypto.HashServiceTest - SHA-512/224('') [28] = 6ed0dd02806fa89e25de060c19d3ac86cabb87d6a0ddd05c333b84f4
[main] INFO org.apache.nifi.security.util.crypto.HashServiceTest - SHA-512/256('') [32] = c672b8d1ef56ed28ab87c3622c5114069bdd3ad7b8f9737498d0c01ecef0967a
[main] INFO org.apache.nifi.security.util.crypto.HashServiceTest -    SHA3-224('') [28] = 6b4e03423667dbb73b6e15454f0eb1abd4597f9a1b078e3f5b5a6bc7
[main] INFO org.apache.nifi.security.util.crypto.HashServiceTest -    SHA3-256('') [32] = a7ffc6f8bf1ed76651c14756a061d662f580ff4de43b49fa82d80a4b80f8434a
[main] INFO org.apache.nifi.security.util.crypto.HashServiceTest -    SHA3-384('') [48] = 0c63a75b845e4f7d01107d852e4c2485c51a50aaaa94fc61995e71bbee983a2ac3713831264adb47fb6bd1e058d5f004
[main] INFO org.apache.nifi.security.util.crypto.HashServiceTest -    SHA3-512('') [64] = a69f73cca23a9ac5c8b567dc185a756e97c982164fe25859e0d1dcc1475c80a615b2123af1f5f94c11e3e9402c3ac558f500199d95b6d3e301758586281dcd26
[main] INFO org.apache.nifi.security.util.crypto.HashServiceTest -  BLAKE2-160('') [20] = 3345524abf6bbe1809449224b5972c41790b6cf2
[main] INFO org.apache.nifi.security.util.crypto.HashServiceTest -  BLAKE2-256('') [32] = 0e5751c026e543b2e8ab2eb06099daa1d1e5df47778f7787faab45cdf12fe3a8
[main] INFO org.apache.nifi.security.util.crypto.HashServiceTest -  BLAKE2-384('') [48] = b32811423377f52d7862286ee1a72ee540524380fda1724a6f25d7978c6fd3244a6caf0498812673c5e05ef583825100
[main] INFO org.apache.nifi.security.util.crypto.HashServiceTest -  BLAKE2-512('') [64] = 786a02f742015903c6c6fd852552d272912f4740e15847618a86e217f71f5419d25e1031afee585313896444934eb04b903a685b1448b755d56f701afe9be2ce
]]></system-err>
  </testcase>
  <testcase name="testShouldHashEmptyValue" classname="org.apache.nifi.security.util.crypto.HashServiceTest" time="0.002">
    <system-err><![CDATA[[main] INFO org.apache.nifi.security.util.crypto.HashServiceTest -         MD2('') [16] = 8350e5a3e24c153df2275c9f80692773
[main] INFO org.apache.nifi.security.util.crypto.HashServiceTest -         MD5('') [16] = d41d8cd98f00b204e9800998ecf8427e
[main] INFO org.apache.nifi.security.util.crypto.HashServiceTest -       SHA-1('') [20] = da39a3ee5e6b4b0d3255bfef95601890afd80709
[main] INFO org.apache.nifi.security.util.crypto.HashServiceTest -     SHA-224('') [28] = d14a028c2a3a2bc9476102bb288234c415a2b01f828ea62ac5b3e42f
[main] INFO org.apache.nifi.security.util.crypto.HashServiceTest -     SHA-256('') [32] = e3b0c44298fc1c149afbf4c8996fb92427ae41e4649b934ca495991b7852b855
[main] INFO org.apache.nifi.security.util.crypto.HashServiceTest -     SHA-384('') [48] = 38b060a751ac96384cd9327eb1b1e36a21fdb71114be07434c0cc7bf63f6e1da274edebfe76f65fbd51ad2f14898b95b
[main] INFO org.apache.nifi.security.util.crypto.HashServiceTest -     SHA-512('') [64] = cf83e1357eefb8bdf1542850d66d8007d620e4050b5715dc83f4a921d36ce9ce47d0d13c5d85f2b0ff8318d2877eec2f63b931bd47417a81a538327af927da3e
[main] INFO org.apache.nifi.security.util.crypto.HashServiceTest - SHA-512/224('') [28] = 6ed0dd02806fa89e25de060c19d3ac86cabb87d6a0ddd05c333b84f4
[main] INFO org.apache.nifi.security.util.crypto.HashServiceTest - SHA-512/256('') [32] = c672b8d1ef56ed28ab87c3622c5114069bdd3ad7b8f9737498d0c01ecef0967a
[main] INFO org.apache.nifi.security.util.crypto.HashServiceTest -    SHA3-224('') [28] = 6b4e03423667dbb73b6e15454f0eb1abd4597f9a1b078e3f5b5a6bc7
[main] INFO org.apache.nifi.security.util.crypto.HashServiceTest -    SHA3-256('') [32] = a7ffc6f8bf1ed76651c14756a061d662f580ff4de43b49fa82d80a4b80f8434a
[main] INFO org.apache.nifi.security.util.crypto.HashServiceTest -    SHA3-384('') [48] = 0c63a75b845e4f7d01107d852e4c2485c51a50aaaa94fc61995e71bbee983a2ac3713831264adb47fb6bd1e058d5f004
[main] INFO org.apache.nifi.security.util.crypto.HashServiceTest -    SHA3-512('') [64] = a69f73cca23a9ac5c8b567dc185a756e97c982164fe25859e0d1dcc1475c80a615b2123af1f5f94c11e3e9402c3ac558f500199d95b6d3e301758586281dcd26
[main] INFO org.apache.nifi.security.util.crypto.HashServiceTest -  BLAKE2-160('') [20] = 3345524abf6bbe1809449224b5972c41790b6cf2
[main] INFO org.apache.nifi.security.util.crypto.HashServiceTest -  BLAKE2-256('') [32] = 0e5751c026e543b2e8ab2eb06099daa1d1e5df47778f7787faab45cdf12fe3a8
[main] INFO org.apache.nifi.security.util.crypto.HashServiceTest -  BLAKE2-384('') [48] = b32811423377f52d7862286ee1a72ee540524380fda1724a6f25d7978c6fd3244a6caf0498812673c5e05ef583825100
[main] INFO org.apache.nifi.security.util.crypto.HashServiceTest -  BLAKE2-512('') [64] = 786a02f742015903c6c6fd852552d272912f4740e15847618a86e217f71f5419d25e1031afee585313896444934eb04b903a685b1448b755d56f701afe9be2ce
]]></system-err>
  </testcase>
  <testcase name="testShouldHashConstantValue" classname="org.apache.nifi.security.util.crypto.HashServiceTest" time="0.005">
    <system-err><![CDATA[[main] INFO org.apache.nifi.security.util.crypto.HashServiceTest -         MD2('apachenifi') [16] = 25d261790198fa543b3436b4755ded91
[main] INFO org.apache.nifi.security.util.crypto.HashServiceTest -         MD5('apachenifi') [16] = a968b5ec1d52449963dcc517789baaaf
[main] INFO org.apache.nifi.security.util.crypto.HashServiceTest -       SHA-1('apachenifi') [20] = 749806dbcab91a695ac85959aca610d84f03c6a7
[main] INFO org.apache.nifi.security.util.crypto.HashServiceTest -     SHA-224('apachenifi') [28] = 4933803881a4ccb9b3453b829263d3e44852765db12958267ad46135
[main] INFO org.apache.nifi.security.util.crypto.HashServiceTest -     SHA-256('apachenifi') [32] = dc4bd945723b9c234f1be408e8ceb78660b481008b8ab5b71eb2aa3b4f08357a
[main] INFO org.apache.nifi.security.util.crypto.HashServiceTest -     SHA-384('apachenifi') [48] = a5205271df448e55afc4a553e91a8fea7d60d080d390d1f3484fcb6318abe94174cf3d36ea4eb1a4d5ed7637c99dec0c
[main] INFO org.apache.nifi.security.util.crypto.HashServiceTest -     SHA-512('apachenifi') [64] = 0846ae23e122fbe090e94d45f886aa786acf426f56496e816a64e292b78c1bb7a962dbfd32c5c73bbee432db400970e22fd65498c862da72a305311332c6f302
[main] INFO org.apache.nifi.security.util.crypto.HashServiceTest - SHA-512/224('apachenifi') [28] = ecf78a026035528e3097ea7289257d1819d273f60636060fbba43bfb
[main] INFO org.apache.nifi.security.util.crypto.HashServiceTest - SHA-512/256('apachenifi') [32] = d90bdd8ad7e19f2d7848a45782d5dbe056a8213a94e03d9a35d6f44dbe7ee6cd
[main] INFO org.apache.nifi.security.util.crypto.HashServiceTest -    SHA3-224('apachenifi') [28] = 2e9d1ea677847dce686ca2444cc4525f114443652fcb55af4c7286cd
[main] INFO org.apache.nifi.security.util.crypto.HashServiceTest -    SHA3-256('apachenifi') [32] = b1b3cd90a21ef60caba5ec1bf12ffcb833e52a0ae26f0ab7c4f9ccfa9c5c025b
[main] INFO org.apache.nifi.security.util.crypto.HashServiceTest -    SHA3-384('apachenifi') [48] = ca699a2447032857bf4f7e84fa316264f0c1870f9330031d5d75a0770644353c268b36d0522a3cf62e60f9401aadc37c
[main] INFO org.apache.nifi.security.util.crypto.HashServiceTest -    SHA3-512('apachenifi') [64] = cb9059d9b7ec4fde4d9710160a694e7ac2a4dd9969dee43d730066ded7b80d3eefdb4cae7622d21f6cfe16092e24f1ad6ca5924767118667654cf71b7abaaca4
[main] INFO org.apache.nifi.security.util.crypto.HashServiceTest -  BLAKE2-160('apachenifi') [20] = 7bc5a408dba4f1934d9090c4d75c65bfa0c7c90c
[main] INFO org.apache.nifi.security.util.crypto.HashServiceTest -  BLAKE2-256('apachenifi') [32] = 40b8935dc5ed153846fb08dac8e7999ba04a74f4dab28415c39847a15c211447
[main] INFO org.apache.nifi.security.util.crypto.HashServiceTest -  BLAKE2-384('apachenifi') [48] = 40716eddc8cfcf666d980804fed294c43fe9436a9787367a3086b45d69791fd5cef1a16c17235ea289c1e40a899b4f6b
[main] INFO org.apache.nifi.security.util.crypto.HashServiceTest -  BLAKE2-512('apachenifi') [64] = 5f34525b130c11c469302ef6734bf6eedb1eca5d7445a3c4ae289ab58dd13ef72531966bfe2f67c4bf49c99dd14dae92d245f241482307d29bf25c45a1085026
]]></system-err>
  </testcase>
  <testcase name="testShouldHashConstantValue" classname="org.apache.nifi.security.util.crypto.HashServiceTest" time="0.002">
    <system-err><![CDATA[[main] INFO org.apache.nifi.security.util.crypto.HashServiceTest -         MD2('apachenifi') [16] = 25d261790198fa543b3436b4755ded91
[main] INFO org.apache.nifi.security.util.crypto.HashServiceTest -         MD5('apachenifi') [16] = a968b5ec1d52449963dcc517789baaaf
[main] INFO org.apache.nifi.security.util.crypto.HashServiceTest -       SHA-1('apachenifi') [20] = 749806dbcab91a695ac85959aca610d84f03c6a7
[main] INFO org.apache.nifi.security.util.crypto.HashServiceTest -     SHA-224('apachenifi') [28] = 4933803881a4ccb9b3453b829263d3e44852765db12958267ad46135
[main] INFO org.apache.nifi.security.util.crypto.HashServiceTest -     SHA-256('apachenifi') [32] = dc4bd945723b9c234f1be408e8ceb78660b481008b8ab5b71eb2aa3b4f08357a
[main] INFO org.apache.nifi.security.util.crypto.HashServiceTest -     SHA-384('apachenifi') [48] = a5205271df448e55afc4a553e91a8fea7d60d080d390d1f3484fcb6318abe94174cf3d36ea4eb1a4d5ed7637c99dec0c
[main] INFO org.apache.nifi.security.util.crypto.HashServiceTest -     SHA-512('apachenifi') [64] = 0846ae23e122fbe090e94d45f886aa786acf426f56496e816a64e292b78c1bb7a962dbfd32c5c73bbee432db400970e22fd65498c862da72a305311332c6f302
[main] INFO org.apache.nifi.security.util.crypto.HashServiceTest - SHA-512/224('apachenifi') [28] = ecf78a026035528e3097ea7289257d1819d273f60636060fbba43bfb
[main] INFO org.apache.nifi.security.util.crypto.HashServiceTest - SHA-512/256('apachenifi') [32] = d90bdd8ad7e19f2d7848a45782d5dbe056a8213a94e03d9a35d6f44dbe7ee6cd
[main] INFO org.apache.nifi.security.util.crypto.HashServiceTest -    SHA3-224('apachenifi') [28] = 2e9d1ea677847dce686ca2444cc4525f114443652fcb55af4c7286cd
[main] INFO org.apache.nifi.security.util.crypto.HashServiceTest -    SHA3-256('apachenifi') [32] = b1b3cd90a21ef60caba5ec1bf12ffcb833e52a0ae26f0ab7c4f9ccfa9c5c025b
[main] INFO org.apache.nifi.security.util.crypto.HashServiceTest -    SHA3-384('apachenifi') [48] = ca699a2447032857bf4f7e84fa316264f0c1870f9330031d5d75a0770644353c268b36d0522a3cf62e60f9401aadc37c
[main] INFO org.apache.nifi.security.util.crypto.HashServiceTest -    SHA3-512('apachenifi') [64] = cb9059d9b7ec4fde4d9710160a694e7ac2a4dd9969dee43d730066ded7b80d3eefdb4cae7622d21f6cfe16092e24f1ad6ca5924767118667654cf71b7abaaca4
[main] INFO org.apache.nifi.security.util.crypto.HashServiceTest -  BLAKE2-160('apachenifi') [20] = 7bc5a408dba4f1934d9090c4d75c65bfa0c7c90c
[main] INFO org.apache.nifi.security.util.crypto.HashServiceTest -  BLAKE2-256('apachenifi') [32] = 40b8935dc5ed153846fb08dac8e7999ba04a74f4dab28415c39847a15c211447
[main] INFO org.apache.nifi.security.util.crypto.HashServiceTest -  BLAKE2-384('apachenifi') [48] = 40716eddc8cfcf666d980804fed294c43fe9436a9787367a3086b45d69791fd5cef1a16c17235ea289c1e40a899b4f6b
[main] INFO org.apache.nifi.security.util.crypto.HashServiceTest -  BLAKE2-512('apachenifi') [64] = 5f34525b130c11c469302ef6734bf6eedb1eca5d7445a3c4ae289ab58dd13ef72531966bfe2f67c4bf49c99dd14dae92d245f241482307d29bf25c45a1085026
]]></system-err>
  </testcase>
  <testcase name="testHashValueShouldDefaultToUTF8" classname="org.apache.nifi.security.util.crypto.HashServiceTest" time="0.003">
    <system-err><![CDATA[[main] INFO org.apache.nifi.security.util.crypto.HashServiceTest - Explicit UTF-8: dc4bd945723b9c234f1be408e8ceb78660b481008b8ab5b71eb2aa3b4f08357a
[main] INFO org.apache.nifi.security.util.crypto.HashServiceTest - Implicit UTF-8: dc4bd945723b9c234f1be408e8ceb78660b481008b8ab5b71eb2aa3b4f08357a
[main] INFO org.apache.nifi.security.util.crypto.HashServiceTest - Explicit UTF-8 bytes: [-36, 75, -39, 69, 114, 59, -100, 35, 79, 27, -28, 8, -24, -50, -73, -122, 96, -76, -127, 0, -117, -118, -75, -73, 30, -78, -86, 59, 79, 8, 53, 122]
[main] INFO org.apache.nifi.security.util.crypto.HashServiceTest - Implicit UTF-8 bytes: [-36, 75, -39, 69, 114, 59, -100, 35, 79, 27, -28, 8, -24, -50, -73, -122, 96, -76, -127, 0, -117, -118, -75, -73, 30, -78, -86, 59, 79, 8, 53, 122]
[main] INFO org.apache.nifi.security.util.crypto.HashServiceTest - Implicit UTF-8 bytes: [-36, 75, -39, 69, 114, 59, -100, 35, 79, 27, -28, 8, -24, -50, -73, -122, 96, -76, -127, 0, -117, -118, -75, -73, 30, -78, -86, 59, 79, 8, 53, 122]
]]></system-err>
  </testcase>
  <testcase name="testHashValueShouldDefaultToUTF8" classname="org.apache.nifi.security.util.crypto.HashServiceTest" time="0.001">
    <system-err><![CDATA[[main] INFO org.apache.nifi.security.util.crypto.HashServiceTest - Explicit UTF-8: dc4bd945723b9c234f1be408e8ceb78660b481008b8ab5b71eb2aa3b4f08357a
[main] INFO org.apache.nifi.security.util.crypto.HashServiceTest - Implicit UTF-8: dc4bd945723b9c234f1be408e8ceb78660b481008b8ab5b71eb2aa3b4f08357a
[main] INFO org.apache.nifi.security.util.crypto.HashServiceTest - Explicit UTF-8 bytes: [-36, 75, -39, 69, 114, 59, -100, 35, 79, 27, -28, 8, -24, -50, -73, -122, 96, -76, -127, 0, -117, -118, -75, -73, 30, -78, -86, 59, 79, 8, 53, 122]
[main] INFO org.apache.nifi.security.util.crypto.HashServiceTest - Implicit UTF-8 bytes: [-36, 75, -39, 69, 114, 59, -100, 35, 79, 27, -28, 8, -24, -50, -73, -122, 96, -76, -127, 0, -117, -118, -75, -73, 30, -78, -86, 59, 79, 8, 53, 122]
[main] INFO org.apache.nifi.security.util.crypto.HashServiceTest - Implicit UTF-8 bytes: [-36, 75, -39, 69, 114, 59, -100, 35, 79, 27, -28, 8, -24, -50, -73, -122, 96, -76, -127, 0, -117, -118, -75, -73, 30, -78, -86, 59, 79, 8, 53, 122]
]]></system-err>
  </testcase>
  <testcase name="testShouldHashValue" classname="org.apache.nifi.security.util.crypto.HashServiceTest" time="0.006">
    <system-err><![CDATA[[main] INFO org.apache.nifi.security.util.crypto.HashServiceTest -       threeArgString:   String dc4bd945723b9c234f1be408e8ceb78660b481008b8ab5b71eb2aa3b4f08357a
[main] INFO org.apache.nifi.security.util.crypto.HashServiceTest -         twoArgString:   String dc4bd945723b9c234f1be408e8ceb78660b481008b8ab5b71eb2aa3b4f08357a
[main] INFO org.apache.nifi.security.util.crypto.HashServiceTest -    threeArgStringRaw:   byte[] [-36, 75, -39, 69, 114, 59, -100, 35, 79, 27, -28, 8, -24, -50, -73, -122, 96, -76, -127, 0, -117, -118, -75, -73, 30, -78, -86, 59, 79, 8, 53, 122]
[main] INFO org.apache.nifi.security.util.crypto.HashServiceTest -      twoArgStringRaw:   byte[] [-36, 75, -39, 69, 114, 59, -100, 35, 79, 27, -28, 8, -24, -50, -73, -122, 96, -76, -127, 0, -117, -118, -75, -73, 30, -78, -86, 59, 79, 8, 53, 122]
[main] INFO org.apache.nifi.security.util.crypto.HashServiceTest -       twoArgBytesRaw:   byte[] [-36, 75, -39, 69, 114, 59, -100, 35, 79, 27, -28, 8, -24, -50, -73, -122, 96, -76, -127, 0, -117, -118, -75, -73, 30, -78, -86, 59, 79, 8, 53, 122]
]]></system-err>
  </testcase>
  <testcase name="testShouldHashValue" classname="org.apache.nifi.security.util.crypto.HashServiceTest" time="0">
    <system-err><![CDATA[[main] INFO org.apache.nifi.security.util.crypto.HashServiceTest -       threeArgString:   String dc4bd945723b9c234f1be408e8ceb78660b481008b8ab5b71eb2aa3b4f08357a
[main] INFO org.apache.nifi.security.util.crypto.HashServiceTest -         twoArgString:   String dc4bd945723b9c234f1be408e8ceb78660b481008b8ab5b71eb2aa3b4f08357a
[main] INFO org.apache.nifi.security.util.crypto.HashServiceTest -    threeArgStringRaw:   byte[] [-36, 75, -39, 69, 114, 59, -100, 35, 79, 27, -28, 8, -24, -50, -73, -122, 96, -76, -127, 0, -117, -118, -75, -73, 30, -78, -86, 59, 79, 8, 53, 122]
[main] INFO org.apache.nifi.security.util.crypto.HashServiceTest -      twoArgStringRaw:   byte[] [-36, 75, -39, 69, 114, 59, -100, 35, 79, 27, -28, 8, -24, -50, -73, -122, 96, -76, -127, 0, -117, -118, -75, -73, 30, -78, -86, 59, 79, 8, 53, 122]
[main] INFO org.apache.nifi.security.util.crypto.HashServiceTest -       twoArgBytesRaw:   byte[] [-36, 75, -39, 69, 114, 59, -100, 35, 79, 27, -28, 8, -24, -50, -73, -122, 96, -76, -127, 0, -117, -118, -75, -73, 30, -78, -86, 59, 79, 8, 53, 122]
]]></system-err>
  </testcase>
  <testcase name="testShouldHashValueFromStream" classname="org.apache.nifi.security.util.crypto.HashServiceTest" time="0.671"/>
  <testcase name="testShouldHashValueFromStream" classname="org.apache.nifi.security.util.crypto.HashServiceTest" time="0.531"/>
  <testcase name="testShouldBuildHashAlgorithmAllowableValues" classname="org.apache.nifi.security.util.crypto.HashServiceTest" time="0.007">
    <system-err><![CDATA[[main] INFO org.apache.nifi.security.util.crypto.HashServiceTest - The consistent list of hash algorithms available [17]: 
	MD2
	MD5
	SHA-1
	SHA-224
	SHA-256
	SHA-384
	SHA-512
	SHA-512/224
	SHA-512/256
	SHA3-224
	SHA3-256
	SHA3-384
	SHA3-512
	BLAKE2-160
	BLAKE2-256
	BLAKE2-384
	BLAKE2-512
]]></system-err>
  </testcase>
  <testcase name="testShouldBuildHashAlgorithmAllowableValues" classname="org.apache.nifi.security.util.crypto.HashServiceTest" time="0.001">
    <system-err><![CDATA[[main] INFO org.apache.nifi.security.util.crypto.HashServiceTest - The consistent list of hash algorithms available [17]: 
	MD2
	MD5
	SHA-1
	SHA-224
	SHA-256
	SHA-384
	SHA-512
	SHA-512/224
	SHA-512/256
	SHA3-224
	SHA3-256
	SHA3-384
	SHA3-512
	BLAKE2-160
	BLAKE2-256
	BLAKE2-384
	BLAKE2-512
]]></system-err>
  </testcase>
  <testcase name="testShouldBuildCharacterSetAllowableValues" classname="org.apache.nifi.security.util.crypto.HashServiceTest" time="0.006">
    <system-err><![CDATA[[main] INFO org.apache.nifi.security.util.crypto.HashServiceTest - The consistent list of character sets available [6]: 
	US-ASCII
	ISO-8859-1
	UTF-8
	UTF-16BE
	UTF-16LE
	UTF-16
]]></system-err>
  </testcase>
  <testcase name="testShouldBuildCharacterSetAllowableValues" classname="org.apache.nifi.security.util.crypto.HashServiceTest" time="0">
    <system-err><![CDATA[[main] INFO org.apache.nifi.security.util.crypto.HashServiceTest - The consistent list of character sets available [6]: 
	US-ASCII
	ISO-8859-1
	UTF-8
	UTF-16BE
	UTF-16LE
	UTF-16
]]></system-err>
  </testcase>
  <testcase name="testHashValueShouldDifferOnDifferentEncodings" classname="org.apache.nifi.security.util.crypto.HashServiceTest" time="0.001">
    <system-err><![CDATA[[main] INFO org.apache.nifi.security.util.crypto.HashServiceTest -  UTF-8: dc4bd945723b9c234f1be408e8ceb78660b481008b8ab5b71eb2aa3b4f08357a
[main] WARN org.apache.nifi.security.util.crypto.HashService - The charset provided was UTF-16, but Java will insert a Big Endian BOM in the decoded message before hashing, so switching to UTF-16BE
[main] INFO org.apache.nifi.security.util.crypto.HashServiceTest - UTF-16: f370019c2a41a8285077beb839f7566240e2f0ca970cb67aed5836b89478df91
]]></system-err>
  </testcase>
  <testcase name="testHashValueShouldDifferOnDifferentEncodings" classname="org.apache.nifi.security.util.crypto.HashServiceTest" time="0">
    <system-err><![CDATA[[main] INFO org.apache.nifi.security.util.crypto.HashServiceTest -  UTF-8: dc4bd945723b9c234f1be408e8ceb78660b481008b8ab5b71eb2aa3b4f08357a
[main] WARN org.apache.nifi.security.util.crypto.HashService - The charset provided was UTF-16, but Java will insert a Big Endian BOM in the decoded message before hashing, so switching to UTF-16BE
[main] INFO org.apache.nifi.security.util.crypto.HashServiceTest - UTF-16: f370019c2a41a8285077beb839f7566240e2f0ca970cb67aed5836b89478df91
]]></system-err>
  </testcase>
  <testcase name="testShouldRejectNullAlgorithm" classname="org.apache.nifi.security.util.crypto.HashServiceTest" time="0.007">
    <system-err><![CDATA[[main] INFO org.apache.nifi.security.util.crypto.HashServiceTest - [EXPECTED]       threeArgString: The hash algorithm cannot be null
[main] INFO org.apache.nifi.security.util.crypto.HashServiceTest - [EXPECTED]         twoArgString: The hash algorithm cannot be null
[main] INFO org.apache.nifi.security.util.crypto.HashServiceTest - [EXPECTED]    threeArgStringRaw: The hash algorithm cannot be null
[main] INFO org.apache.nifi.security.util.crypto.HashServiceTest - [EXPECTED]      twoArgStringRaw: The hash algorithm cannot be null
[main] INFO org.apache.nifi.security.util.crypto.HashServiceTest - [EXPECTED]       twoArgBytesRaw: The hash algorithm cannot be null
]]></system-err>
  </testcase>
  <testcase name="testShouldRejectNullAlgorithm" classname="org.apache.nifi.security.util.crypto.HashServiceTest" time="0.001">
    <system-err><![CDATA[[main] INFO org.apache.nifi.security.util.crypto.HashServiceTest - [EXPECTED]       threeArgString: The hash algorithm cannot be null
[main] INFO org.apache.nifi.security.util.crypto.HashServiceTest - [EXPECTED]         twoArgString: The hash algorithm cannot be null
[main] INFO org.apache.nifi.security.util.crypto.HashServiceTest - [EXPECTED]    threeArgStringRaw: The hash algorithm cannot be null
[main] INFO org.apache.nifi.security.util.crypto.HashServiceTest - [EXPECTED]      twoArgStringRaw: The hash algorithm cannot be null
[main] INFO org.apache.nifi.security.util.crypto.HashServiceTest - [EXPECTED]       twoArgBytesRaw: The hash algorithm cannot be null
]]></system-err>
  </testcase>
</testsuite>