<?xml version="1.0" encoding="UTF-8"?>
<testsuite xmlns:xsi="http://www.w3.org/2001/XMLSchema-instance" xsi:noNamespaceSchemaLocation="https://maven.apache.org/surefire/maven-surefire-plugin/xsd/surefire-test-report-3.0.xsd" version="3.0" name="org.apache.nifi.processors.standard.TestTailFileSimpleScenarios" time="0.075" tests="5" errors="0" skipped="0" failures="0">
  <properties>
    <property name="sun.desktop" value="gnome"/>
    <property name="awt.toolkit" value="sun.awt.X11.XToolkit"/>
    <property name="file.encoding.pkg" value="sun.io"/>
    <property name="java.specification.version" value="1.8"/>
    <property name="sun.cpu.isalist" value=""/>
    <property name="sun.jnu.encoding" value="UTF-8"/>
    <property name="java.class.path" value="/home/alex/Repositories/nifi/nifi-nar-bundles/nifi-standard-bundle/nifi-standard-processors/target/test-classes:/home/alex/Repositories/nifi/nifi-nar-bundles/nifi-standard-bundle/nifi-standard-processors/target/classes:/home/alex/.m2/repository/org/apache/ftpserver/ftpserver-core/1.1.1/ftpserver-core-1.1.1.jar:/home/alex/.m2/repository/org/apache/ftpserver/ftplet-api/1.1.1/ftplet-api-1.1.1.jar:/home/alex/.m2/repository/org/slf4j/slf4j-api/1.7.32/slf4j-api-1.7.32.jar:/home/alex/.m2/repository/org/apache/mina/mina-core/2.0.16/mina-core-2.0.16.jar:/home/alex/Repositories/nifi/nifi-api/target/classes:/home/alex/Repositories/nifi/nifi-commons/nifi-expression-language/target/classes:/home/alex/.m2/repository/org/antlr/antlr-runtime/3.5.2/antlr-runtime-3.5.2.jar:/home/alex/Repositories/nifi/nifi-commons/nifi-parameter/target/classes:/home/alex/Repositories/nifi/nifi-commons/nifi-uuid5/target/classes:/home/alex/.m2/repository/org/apache/commons/commons-text/1.8/commons-text-1.8.jar:/home/alex/Repositories/nifi/nifi-nar-bundles/nifi-extension-utils/nifi-processor-utils/target/classes:/home/alex/Repositories/nifi/nifi-commons/nifi-security-socket-ssl/target/classes:/home/alex/Repositories/nifi/nifi-nar-bundles/nifi-extension-utils/nifi-event-transport/target/classes:/home/alex/.m2/repository/io/netty/netty-handler/4.1.69.Final/netty-handler-4.1.69.Final.jar:/home/alex/.m2/repository/io/netty/netty-common/4.1.69.Final/netty-common-4.1.69.Final.jar:/home/alex/.m2/repository/io/netty/netty-resolver/4.1.69.Final/netty-resolver-4.1.69.Final.jar:/home/alex/.m2/repository/io/netty/netty-transport/4.1.69.Final/netty-transport-4.1.69.Final.jar:/home/alex/.m2/repository/io/netty/netty-codec/4.1.69.Final/netty-codec-4.1.69.Final.jar:/home/alex/Repositories/nifi/nifi-nar-bundles/nifi-extension-utils/nifi-syslog-utils/target/classes:/home/alex/.m2/repository/com/github/palindromicity/simple-syslog-5424/0.0.16/simple-syslog-5424-0.0.16.jar:/home/alex/.m2/repository/org/antlr/antlr4-runtime/4.7.2/antlr4-runtime-4.7.2.jar:/home/alex/Repositories/nifi/nifi-commons/nifi-utils/target/classes:/home/alex/Repositories/nifi/nifi-commons/nifi-record-path/target/classes:/home/alex/Repositories/nifi/nifi-commons/nifi-properties/target/classes:/home/alex/Repositories/nifi/nifi-commons/nifi-property-utils/target/classes:/home/alex/.m2/repository/com/github/ben-manes/caffeine/caffeine/2.8.1/caffeine-2.8.1.jar:/home/alex/Repositories/nifi/nifi-nar-bundles/nifi-standard-services/nifi-ssl-context-service-api/target/classes:/home/alex/Repositories/nifi/nifi-commons/nifi-security-utils-api/target/classes:/home/alex/Repositories/nifi/nifi-nar-bundles/nifi-standard-services/nifi-lookup-service-api/target/classes:/home/alex/Repositories/nifi/nifi-commons/nifi-flowfile-packager/target/classes:/home/alex/Repositories/nifi/nifi-nar-bundles/nifi-standard-services/nifi-distributed-cache-client-service-api/target/classes:/home/alex/Repositories/nifi/nifi-nar-bundles/nifi-standard-services/nifi-http-context-map-api/target/classes:/home/alex/Repositories/nifi/nifi-nar-bundles/nifi-standard-services/nifi-record-serialization-service-api/target/classes:/home/alex/Repositories/nifi/nifi-nar-bundles/nifi-standard-services/nifi-proxy-configuration-api/target/classes:/home/alex/Repositories/nifi/nifi-commons/nifi-record/target/classes:/home/alex/Repositories/nifi/nifi-nar-bundles/nifi-standard-services/nifi-record-sink-api/target/classes:/home/alex/.m2/repository/commons-io/commons-io/2.10.0/commons-io-2.10.0.jar:/home/alex/.m2/repository/javax/ws/rs/javax.ws.rs-api/2.1/javax.ws.rs-api-2.1.jar:/home/alex/.m2/repository/commons-net/commons-net/3.6/commons-net-3.6.jar:/home/alex/.m2/repository/org/apache/commons/commons-compress/1.21/commons-compress-1.21.jar:/home/alex/.m2/repository/org/apache/commons/commons-lang3/3.9/commons-lang3-3.9.jar:/home/alex/.m2/repository/org/bouncycastle/bcprov-jdk15on/1.69/bcprov-jdk15on-1.69.jar:/home/alex/.m2/repository/org/bouncycastle/bcpg-jdk15on/1.69/bcpg-jdk15on-1.69.jar:/home/alex/.m2/repository/org/bouncycastle/bcpkix-jdk15on/1.69/bcpkix-jdk15on-1.69.jar:/home/alex/.m2/repository/org/bouncycastle/bcutil-jdk15on/1.69/bcutil-jdk15on-1.69.jar:/home/alex/.m2/repository/commons-codec/commons-codec/1.14/commons-codec-1.14.jar:/home/alex/Repositories/nifi/nifi-commons/nifi-security-utils/target/classes:/home/alex/Repositories/nifi/nifi-commons/nifi-security-kms/target/classes:/home/alex/.m2/repository/org/apache/commons/commons-configuration2/2.7/commons-configuration2-2.7.jar:/home/alex/.m2/repository/com/hierynomus/sshj/0.32.0/sshj-0.32.0.jar:/home/alex/.m2/repository/com/jcraft/jzlib/1.1.3/jzlib-1.1.3.jar:/home/alex/.m2/repository/com/hierynomus/asn-one/0.6.0/asn-one-0.6.0.jar:/home/alex/.m2/repository/net/i2p/crypto/eddsa/0.3.0/eddsa-0.3.0.jar:/home/alex/.m2/repository/org/eclipse/jetty/jetty-server/9.4.44.v20210927/jetty-server-9.4.44.v20210927.jar:/home/alex/.m2/repository/javax/servlet/javax.servlet-api/3.1.0/javax.servlet-api-3.1.0.jar:/home/alex/.m2/repository/org/eclipse/jetty/jetty-http/9.4.44.v20210927/jetty-http-9.4.44.v20210927.jar:/home/alex/.m2/repository/org/eclipse/jetty/jetty-util/9.4.44.v20210927/jetty-util-9.4.44.v20210927.jar:/home/alex/.m2/repository/org/eclipse/jetty/jetty-io/9.4.44.v20210927/jetty-io-9.4.44.v20210927.jar:/home/alex/.m2/repository/org/eclipse/jetty/jetty-servlet/9.4.44.v20210927/jetty-servlet-9.4.44.v20210927.jar:/home/alex/.m2/repository/org/eclipse/jetty/jetty-security/9.4.44.v20210927/jetty-security-9.4.44.v20210927.jar:/home/alex/.m2/repository/org/eclipse/jetty/jetty-util-ajax/9.4.44.v20210927/jetty-util-ajax-9.4.44.v20210927.jar:/home/alex/.m2/repository/org/apache/httpcomponents/httpclient/4.5.5/httpclient-4.5.5.jar:/home/alex/.m2/repository/commons-logging/commons-logging/1.2/commons-logging-1.2.jar:/home/alex/.m2/repository/org/apache/httpcomponents/httpcore/4.4.9/httpcore-4.4.9.jar:/home/alex/.m2/repository/jakarta/activation/jakarta.activation-api/2.0.1/jakarta.activation-api-2.0.1.jar:/home/alex/.m2/repository/com/sun/activation/jakarta.activation/2.0.1/jakarta.activation-2.0.1.jar:/home/alex/.m2/repository/jakarta/mail/jakarta.mail-api/2.0.1/jakarta.mail-api-2.0.1.jar:/home/alex/.m2/repository/com/sun/mail/jakarta.mail/2.0.1/jakarta.mail-2.0.1.jar:/home/alex/.m2/repository/com/github/jponge/lzma-java/1.3/lzma-java-1.3.jar:/home/alex/.m2/repository/org/tukaani/xz/1.8/xz-1.8.jar:/home/alex/.m2/repository/net/sf/saxon/Saxon-HE/10.6/Saxon-HE-10.6.jar:/home/alex/Repositories/nifi/nifi-commons/nifi-socket-utils/target/classes:/home/alex/Repositories/nifi/nifi-commons/nifi-logging-utils/target/classes:/home/alex/Repositories/nifi/nifi-nar-bundles/nifi-standard-services/nifi-load-distribution-service-api/target/classes:/home/alex/.m2/repository/javax/jms/javax.jms-api/2.0.1/javax.jms-api-2.0.1.jar:/home/alex/.m2/repository/org/apache/activemq/activemq-client/5.15.15/activemq-client-5.15.15.jar:/home/alex/.m2/repository/org/apache/geronimo/specs/geronimo-jms_1.1_spec/1.1.1/geronimo-jms_1.1_spec-1.1.1.jar:/home/alex/.m2/repository/org/fusesource/hawtbuf/hawtbuf/1.11/hawtbuf-1.11.jar:/home/alex/.m2/repository/org/apache/geronimo/specs/geronimo-j2ee-management_1.1_spec/1.0.1/geronimo-j2ee-management_1.1_spec-1.0.1.jar:/home/alex/.m2/repository/com/jayway/jsonpath/json-path/2.6.0/json-path-2.6.0.jar:/home/alex/.m2/repository/net/minidev/json-smart/2.4.7/json-smart-2.4.7.jar:/home/alex/.m2/repository/net/minidev/accessors-smart/2.4.7/accessors-smart-2.4.7.jar:/home/alex/.m2/repository/org/ow2/asm/asm/9.1/asm-9.1.jar:/home/alex/.m2/repository/org/apache/tika/tika-core/1.26/tika-core-1.26.jar:/home/alex/.m2/repository/com/fasterxml/jackson/core/jackson-databind/2.12.3/jackson-databind-2.12.3.jar:/home/alex/.m2/repository/com/fasterxml/jackson/core/jackson-annotations/2.12.3/jackson-annotations-2.12.3.jar:/home/alex/.m2/repository/com/fasterxml/jackson/core/jackson-core/2.12.3/jackson-core-2.12.3.jar:/home/alex/Repositories/nifi/nifi-nar-bundles/nifi-extension-utils/nifi-record-utils/nifi-avro-record-utils/target/classes:/home/alex/Repositories/nifi/nifi-nar-bundles/nifi-extension-utils/nifi-record-utils/nifi-standard-record-utils/target/classes:/home/alex/.m2/repository/org/apache/avro/avro/1.8.1/avro-1.8.1.jar:/home/alex/.m2/repository/org/codehaus/jackson/jackson-core-asl/1.9.13/jackson-core-asl-1.9.13.jar:/home/alex/.m2/repository/org/codehaus/jackson/jackson-mapper-asl/1.9.13/jackson-mapper-asl-1.9.13.jar:/home/alex/.m2/repository/com/thoughtworks/paranamer/paranamer/2.7/paranamer-2.7.jar:/home/alex/Repositories/nifi/nifi-nar-bundles/nifi-standard-services/nifi-dbcp-service-api/target/classes:/home/alex/.m2/repository/com/squareup/okhttp3/okhttp/4.9.2/okhttp-4.9.2.jar:/home/alex/.m2/repository/com/squareup/okio/okio/2.8.0/okio-2.8.0.jar:/home/alex/.m2/repository/org/jetbrains/kotlin/kotlin-stdlib-common/1.4.0/kotlin-stdlib-common-1.4.0.jar:/home/alex/.m2/repository/org/jetbrains/kotlin/kotlin-stdlib/1.4.10/kotlin-stdlib-1.4.10.jar:/home/alex/.m2/repository/org/jetbrains/annotations/13.0/annotations-13.0.jar:/home/alex/.m2/repository/io/github/rburgst/okhttp-digest/2.5/okhttp-digest-2.5.jar:/home/alex/.m2/repository/at/favre/lib/bcrypt/0.9.0/bcrypt-0.9.0.jar:/home/alex/.m2/repository/at/favre/lib/bytes/1.3.0/bytes-1.3.0.jar:/home/alex/.m2/repository/com/google/guava/guava/28.0-jre/guava-28.0-jre.jar:/home/alex/.m2/repository/com/google/guava/failureaccess/1.0.1/failureaccess-1.0.1.jar:/home/alex/.m2/repository/com/google/guava/listenablefuture/9999.0-empty-to-avoid-conflict-with-guava/listenablefuture-9999.0-empty-to-avoid-conflict-with-guava.jar:/home/alex/.m2/repository/com/google/code/findbugs/jsr305/3.0.2/jsr305-3.0.2.jar:/home/alex/.m2/repository/org/checkerframework/checker-qual/2.8.1/checker-qual-2.8.1.jar:/home/alex/.m2/repository/com/google/errorprone/error_prone_annotations/2.3.2/error_prone_annotations-2.3.2.jar:/home/alex/.m2/repository/com/google/j2objc/j2objc-annotations/1.3/j2objc-annotations-1.3.jar:/home/alex/.m2/repository/org/codehaus/mojo/animal-sniffer-annotations/1.17/animal-sniffer-annotations-1.17.jar:/home/alex/Repositories/nifi/nifi-mock/target/classes:/home/alex/Repositories/nifi/nifi-framework-api/target/classes:/home/alex/Repositories/nifi/nifi-nar-bundles/nifi-framework-bundle/nifi-framework/nifi-framework-core-api/target/classes:/home/alex/Repositories/nifi/nifi-nar-bundles/nifi-framework-bundle/nifi-framework/nifi-framework-nar-utils/target/classes:/home/alex/Repositories/nifi/nifi-nar-bundles/nifi-framework-bundle/nifi-framework/nifi-client-dto/target/classes:/home/alex/.m2/repository/io/swagger/swagger-annotations/1.6.0/swagger-annotations-1.6.0.jar:/home/alex/Repositories/nifi/nifi-commons/nifi-site-to-site-client/target/classes:/home/alex/.m2/repository/org/apache/httpcomponents/httpasyncclient/4.1.4/httpasyncclient-4.1.4.jar:/home/alex/.m2/repository/org/apache/httpcomponents/httpcore-nio/4.4.10/httpcore-nio-4.4.10.jar:/home/alex/Repositories/nifi/nifi-nar-bundles/nifi-framework-bundle/nifi-framework/nifi-framework-authorization/target/classes:/home/alex/Repositories/nifi/nifi-registry/nifi-registry-core/nifi-registry-data-model/target/classes:/home/alex/Repositories/nifi/nifi-registry/nifi-registry-core/nifi-registry-revision/nifi-registry-revision-entity-model/target/classes:/home/alex/Repositories/nifi/nifi-registry/nifi-registry-core/nifi-registry-client/target/classes:/home/alex/Repositories/nifi/nifi-registry/nifi-registry-core/nifi-registry-security-utils/target/classes:/home/alex/.m2/repository/org/glassfish/jersey/core/jersey-client/2.33/jersey-client-2.33.jar:/home/alex/.m2/repository/jakarta/ws/rs/jakarta.ws.rs-api/2.1.6/jakarta.ws.rs-api-2.1.6.jar:/home/alex/.m2/repository/org/glassfish/hk2/external/jakarta.inject/2.6.1/jakarta.inject-2.6.1.jar:/home/alex/.m2/repository/org/glassfish/jersey/media/jersey-media-json-jackson/2.33/jersey-media-json-jackson-2.33.jar:/home/alex/.m2/repository/org/glassfish/jersey/ext/jersey-entity-filtering/2.33/jersey-entity-filtering-2.33.jar:/home/alex/.m2/repository/org/glassfish/jersey/inject/jersey-hk2/2.33/jersey-hk2-2.33.jar:/home/alex/.m2/repository/org/glassfish/hk2/hk2-locator/2.6.1/hk2-locator-2.6.1.jar:/home/alex/.m2/repository/org/glassfish/hk2/external/aopalliance-repackaged/2.6.1/aopalliance-repackaged-2.6.1.jar:/home/alex/.m2/repository/org/glassfish/hk2/hk2-api/2.6.1/hk2-api-2.6.1.jar:/home/alex/.m2/repository/org/glassfish/hk2/hk2-utils/2.6.1/hk2-utils-2.6.1.jar:/home/alex/.m2/repository/org/javassist/javassist/3.25.0-GA/javassist-3.25.0-GA.jar:/home/alex/.m2/repository/org/glassfish/jersey/core/jersey-common/2.33/jersey-common-2.33.jar:/home/alex/.m2/repository/jakarta/annotation/jakarta.annotation-api/1.3.5/jakarta.annotation-api-1.3.5.jar:/home/alex/.m2/repository/org/glassfish/hk2/osgi-resource-locator/1.0.3/osgi-resource-locator-1.0.3.jar:/home/alex/.m2/repository/org/glassfish/jersey/media/jersey-media-multipart/2.33/jersey-media-multipart-2.33.jar:/home/alex/.m2/repository/org/jvnet/mimepull/mimepull/1.9.13/mimepull-1.9.13.jar:/home/alex/Repositories/nifi/nifi-commons/nifi-data-provenance-utils/target/classes:/home/alex/Repositories/nifi/nifi-nar-bundles/nifi-standard-services/nifi-distributed-cache-services-bundle/nifi-distributed-cache-client-service/target/classes:/home/alex/Repositories/nifi/nifi-nar-bundles/nifi-standard-services/nifi-distributed-cache-services-bundle/nifi-distributed-cache-protocol/target/classes:/home/alex/.m2/repository/io/netty/netty-buffer/4.1.69.Final/netty-buffer-4.1.69.Final.jar:/home/alex/.m2/repository/com/google/http-client/google-http-client/1.28.0/google-http-client-1.28.0.jar:/home/alex/.m2/repository/io/opencensus/opencensus-api/0.18.0/opencensus-api-0.18.0.jar:/home/alex/.m2/repository/io/grpc/grpc-context/1.14.0/grpc-context-1.14.0.jar:/home/alex/.m2/repository/io/opencensus/opencensus-contrib-http-util/0.18.0/opencensus-contrib-http-util-0.18.0.jar:/home/alex/.m2/repository/org/apache/activemq/activemq-broker/5.15.14/activemq-broker-5.15.14.jar:/home/alex/.m2/repository/org/apache/activemq/activemq-openwire-legacy/5.15.14/activemq-openwire-legacy-5.15.14.jar:/home/alex/Repositories/nifi/nifi-nar-bundles/nifi-standard-services/nifi-ssl-context-bundle/nifi-ssl-context-service/target/classes:/home/alex/Repositories/nifi/nifi-nar-bundles/nifi-framework-bundle/nifi-framework/nifi-standard-prioritizers/target/classes:/home/alex/Repositories/nifi/nifi-nar-bundles/nifi-extension-utils/nifi-record-utils/nifi-mock-record-utils/target/classes:/home/alex/Repositories/nifi/nifi-nar-bundles/nifi-standard-services/nifi-record-serialization-services-bundle/nifi-record-serialization-services/target/classes:/home/alex/.m2/repository/org/apache/commons/commons-csv/1.8/commons-csv-1.8.jar:/home/alex/.m2/repository/com/fasterxml/jackson/dataformat/jackson-dataformat-csv/2.12.3/jackson-dataformat-csv-2.12.3.jar:/home/alex/.m2/repository/net/java/dev/stax-utils/stax-utils/20070216/stax-utils-20070216.jar:/home/alex/Repositories/nifi/nifi-nar-bundles/nifi-standard-services/nifi-lookup-services-bundle/nifi-lookup-services/target/classes:/home/alex/.m2/repository/commons-beanutils/commons-beanutils/1.9.4/commons-beanutils-1.9.4.jar:/home/alex/.m2/repository/commons-collections/commons-collections/3.2.2/commons-collections-3.2.2.jar:/home/alex/.m2/repository/com/maxmind/geoip2/geoip2/2.12.0/geoip2-2.12.0.jar:/home/alex/.m2/repository/com/maxmind/db/maxmind-db/1.2.2/maxmind-db-1.2.2.jar:/home/alex/.m2/repository/org/apache/derby/derby/10.14.2.0/derby-10.14.2.0.jar:/home/alex/.m2/repository/org/xerial/snappy/snappy-java/1.1.7.3/snappy-java-1.1.7.3.jar:/home/alex/.m2/repository/net/lingala/zip4j/zip4j/2.8.0/zip4j-2.8.0.jar:/home/alex/.m2/repository/com/h2database/h2/1.4.187/h2-1.4.187.jar:/home/alex/.m2/repository/org/mockftpserver/MockFtpServer/2.7.1/MockFtpServer-2.7.1.jar:/home/alex/.m2/repository/org/apache/sshd/sshd-core/1.7.0/sshd-core-1.7.0.jar:/home/alex/.m2/repository/com/bazaarvoice/jolt/jolt-core/0.1.1/jolt-core-0.1.1.jar:/home/alex/.m2/repository/javax/inject/javax.inject/1/javax.inject-1.jar:/home/alex/.m2/repository/com/bazaarvoice/jolt/json-utils/0.1.1/json-utils-0.1.1.jar:/home/alex/Repositories/nifi/nifi-nar-bundles/nifi-standard-bundle/nifi-standard-utils/target/classes:/home/alex/.m2/repository/net/sf/supercsv/super-csv/2.4.0/super-csv-2.4.0.jar:/home/alex/.m2/repository/com/fluenda/parcefone/2.1.0/parcefone-2.1.0.jar:/home/alex/.m2/repository/javax/validation/validation-api/1.1.0.Final/validation-api-1.1.0.Final.jar:/home/alex/.m2/repository/javax/el/javax.el-api/3.0.0/javax.el-api-3.0.0.jar:/home/alex/.m2/repository/com/github/wnameless/json/json-flattener/0.12.0/json-flattener-0.12.0.jar:/home/alex/.m2/repository/com/github/wnameless/json/json-base/2.0.0/json-base-2.0.0.jar:/home/alex/.m2/repository/org/apache/bval/bval-jsr/1.1.2/bval-jsr-1.1.2.jar:/home/alex/.m2/repository/org/apache/bval/bval-core/1.1.2/bval-core-1.1.2.jar:/home/alex/.m2/repository/io/krakens/java-grok/0.1.9/java-grok-0.1.9.jar:/home/alex/.m2/repository/org/apache/calcite/calcite-core/1.27.0/calcite-core-1.27.0.jar:/home/alex/.m2/repository/org/apache/calcite/calcite-linq4j/1.27.0/calcite-linq4j-1.27.0.jar:/home/alex/.m2/repository/com/esri/geometry/esri-geometry-api/2.2.0/esri-geometry-api-2.2.0.jar:/home/alex/.m2/repository/org/apache/calcite/avatica/avatica-core/1.18.0/avatica-core-1.18.0.jar:/home/alex/.m2/repository/org/apache/calcite/avatica/avatica-metrics/1.18.0/avatica-metrics-1.18.0.jar:/home/alex/.m2/repository/com/google/protobuf/protobuf-java/3.6.1/protobuf-java-3.6.1.jar:/home/alex/.m2/repository/org/apiguardian/apiguardian-api/1.1.0/apiguardian-api-1.1.0.jar:/home/alex/.m2/repository/com/fasterxml/jackson/dataformat/jackson-dataformat-yaml/2.10.0/jackson-dataformat-yaml-2.10.0.jar:/home/alex/.m2/repository/org/yaml/snakeyaml/1.29/snakeyaml-1.29.jar:/home/alex/.m2/repository/com/google/uzaygezen/uzaygezen-core/0.2/uzaygezen-core-0.2.jar:/home/alex/.m2/repository/com/yahoo/datasketches/sketches-core/0.9.0/sketches-core-0.9.0.jar:/home/alex/.m2/repository/com/yahoo/datasketches/memory/0.9.0/memory-0.9.0.jar:/home/alex/.m2/repository/net/hydromatic/aggdesigner-algorithm/6.0/aggdesigner-algorithm-6.0.jar:/home/alex/.m2/repository/commons-lang/commons-lang/2.4/commons-lang-2.4.jar:/home/alex/.m2/repository/org/apache/commons/commons-dbcp2/2.6.0/commons-dbcp2-2.6.0.jar:/home/alex/.m2/repository/org/apache/commons/commons-pool2/2.6.1/commons-pool2-2.6.1.jar:/home/alex/.m2/repository/org/codehaus/janino/commons-compiler/3.0.11/commons-compiler-3.0.11.jar:/home/alex/.m2/repository/org/codehaus/janino/janino/3.0.11/janino-3.0.11.jar:/home/alex/Repositories/nifi/nifi-nar-bundles/nifi-standard-services/nifi-schema-registry-service-api/target/classes:/home/alex/Repositories/nifi/nifi-nar-bundles/nifi-extension-utils/nifi-database-utils/target/classes:/home/alex/Repositories/nifi/nifi-nar-bundles/nifi-standard-bundle/nifi-standard-web-test-utils/target/classes:/home/alex/.m2/repository/com/github/stefanbirkner/fake-sftp-server-rule/2.0.1/fake-sftp-server-rule-2.0.1.jar:/home/alex/.m2/repository/com/github/marschall/memoryfilesystem/2.8.0/memoryfilesystem-2.8.0.jar:/home/alex/.m2/repository/junit/junit/4.13.2/junit-4.13.2.jar:/home/alex/.m2/repository/org/hamcrest/hamcrest-core/1.3/hamcrest-core-1.3.jar:/home/alex/Repositories/nifi/nifi-nar-bundles/nifi-extension-utils/nifi-database-test-utils/target/classes:/home/alex/.m2/repository/org/codehaus/groovy/groovy-json/2.5.14/groovy-json-2.5.14.jar:/home/alex/.m2/repository/org/codehaus/groovy/groovy/2.5.14/groovy-2.5.14.jar:/home/alex/.m2/repository/org/codehaus/groovy/groovy-servlet/2.5.14/groovy-servlet-2.5.14.jar:/home/alex/.m2/repository/org/codehaus/groovy/groovy-templates/2.5.14/groovy-templates-2.5.14.jar:/home/alex/.m2/repository/org/codehaus/groovy/groovy-xml/2.5.14/groovy-xml-2.5.14.jar:/home/alex/.m2/repository/org/hamcrest/hamcrest-all/1.3/hamcrest-all-1.3.jar:/home/alex/.m2/repository/com/squareup/okhttp3/mockwebserver/4.9.2/mockwebserver-4.9.2.jar:/home/alex/.m2/repository/org/jetbrains/kotlin/kotlin-stdlib-jdk8/1.4.10/kotlin-stdlib-jdk8-1.4.10.jar:/home/alex/.m2/repository/org/jetbrains/kotlin/kotlin-stdlib-jdk7/1.4.10/kotlin-stdlib-jdk7-1.4.10.jar:/home/alex/.m2/repository/org/mockito/mockito-inline/3.12.4/mockito-inline-3.12.4.jar:/home/alex/.m2/repository/org/junit/jupiter/junit-jupiter-api/5.7.2/junit-jupiter-api-5.7.2.jar:/home/alex/.m2/repository/org/opentest4j/opentest4j/1.2.0/opentest4j-1.2.0.jar:/home/alex/.m2/repository/org/junit/platform/junit-platform-commons/1.7.2/junit-platform-commons-1.7.2.jar:/home/alex/.m2/repository/org/junit/jupiter/junit-jupiter-engine/5.7.2/junit-jupiter-engine-5.7.2.jar:/home/alex/.m2/repository/org/junit/platform/junit-platform-engine/1.7.2/junit-platform-engine-1.7.2.jar:/home/alex/.m2/repository/org/junit/vintage/junit-vintage-engine/5.7.2/junit-vintage-engine-5.7.2.jar:/home/alex/.m2/repository/org/junit/jupiter/junit-jupiter-params/5.7.2/junit-jupiter-params-5.7.2.jar:/home/alex/.m2/repository/org/mockito/mockito-core/3.11.2/mockito-core-3.11.2.jar:/home/alex/.m2/repository/net/bytebuddy/byte-buddy/1.11.3/byte-buddy-1.11.3.jar:/home/alex/.m2/repository/net/bytebuddy/byte-buddy-agent/1.11.3/byte-buddy-agent-1.11.3.jar:/home/alex/.m2/repository/org/objenesis/objenesis/3.2/objenesis-3.2.jar:/home/alex/.m2/repository/org/mockito/mockito-junit-jupiter/3.11.2/mockito-junit-jupiter-3.11.2.jar:/home/alex/.m2/repository/org/slf4j/slf4j-simple/1.7.32/slf4j-simple-1.7.32.jar:/home/alex/.m2/repository/org/codehaus/groovy/groovy-test/2.5.14/groovy-test-2.5.14.jar:"/>
    <property name="org.slf4j.simpleLogger.log.nifi.processors.standard.TestExecuteSQLRecord" value="debug"/>
    <property name="java.vm.vendor" value="Private Build"/>
    <property name="sun.arch.data.model" value="64"/>
    <property name="java.vendor.url" value="http://java.oracle.com/"/>
    <property name="user.timezone" value="Europe/Lisbon"/>
    <property name="java.vm.specification.version" value="1.8"/>
    <property name="os.name" value="Linux"/>
    <property name="user.country" value="US"/>
    <property name="sun.java.launcher" value="SUN_STANDARD"/>
    <property name="sun.boot.library.path" value="/usr/lib/jvm/java-8-openjdk-amd64/jre/lib/amd64"/>
    <property name="sun.java.command" value="/home/alex/Repositories/nifi/nifi-nar-bundles/nifi-standard-bundle/nifi-standard-processors/target/surefire/surefirebooter5361507383572708917.jar /home/alex/Repositories/nifi/nifi-nar-bundles/nifi-standard-bundle/nifi-standard-processors/target/surefire 2024-05-02T01-23-45_285-jvmRun1 surefire2937495179455515110tmp surefire_696557117907135602125tmp"/>
    <property name="org.slf4j.simpleLogger.log.nifi.io.nio" value="debug"/>
    <property name="surefire.test.class.path" value="/home/alex/Repositories/nifi/nifi-nar-bundles/nifi-standard-bundle/nifi-standard-processors/target/test-classes:/home/alex/Repositories/nifi/nifi-nar-bundles/nifi-standard-bundle/nifi-standard-processors/target/classes:/home/alex/.m2/repository/org/apache/ftpserver/ftpserver-core/1.1.1/ftpserver-core-1.1.1.jar:/home/alex/.m2/repository/org/apache/ftpserver/ftplet-api/1.1.1/ftplet-api-1.1.1.jar:/home/alex/.m2/repository/org/slf4j/slf4j-api/1.7.32/slf4j-api-1.7.32.jar:/home/alex/.m2/repository/org/apache/mina/mina-core/2.0.16/mina-core-2.0.16.jar:/home/alex/Repositories/nifi/nifi-api/target/classes:/home/alex/Repositories/nifi/nifi-commons/nifi-expression-language/target/classes:/home/alex/.m2/repository/org/antlr/antlr-runtime/3.5.2/antlr-runtime-3.5.2.jar:/home/alex/Repositories/nifi/nifi-commons/nifi-parameter/target/classes:/home/alex/Repositories/nifi/nifi-commons/nifi-uuid5/target/classes:/home/alex/.m2/repository/org/apache/commons/commons-text/1.8/commons-text-1.8.jar:/home/alex/Repositories/nifi/nifi-nar-bundles/nifi-extension-utils/nifi-processor-utils/target/classes:/home/alex/Repositories/nifi/nifi-commons/nifi-security-socket-ssl/target/classes:/home/alex/Repositories/nifi/nifi-nar-bundles/nifi-extension-utils/nifi-event-transport/target/classes:/home/alex/.m2/repository/io/netty/netty-handler/4.1.69.Final/netty-handler-4.1.69.Final.jar:/home/alex/.m2/repository/io/netty/netty-common/4.1.69.Final/netty-common-4.1.69.Final.jar:/home/alex/.m2/repository/io/netty/netty-resolver/4.1.69.Final/netty-resolver-4.1.69.Final.jar:/home/alex/.m2/repository/io/netty/netty-transport/4.1.69.Final/netty-transport-4.1.69.Final.jar:/home/alex/.m2/repository/io/netty/netty-codec/4.1.69.Final/netty-codec-4.1.69.Final.jar:/home/alex/Repositories/nifi/nifi-nar-bundles/nifi-extension-utils/nifi-syslog-utils/target/classes:/home/alex/.m2/repository/com/github/palindromicity/simple-syslog-5424/0.0.16/simple-syslog-5424-0.0.16.jar:/home/alex/.m2/repository/org/antlr/antlr4-runtime/4.7.2/antlr4-runtime-4.7.2.jar:/home/alex/Repositories/nifi/nifi-commons/nifi-utils/target/classes:/home/alex/Repositories/nifi/nifi-commons/nifi-record-path/target/classes:/home/alex/Repositories/nifi/nifi-commons/nifi-properties/target/classes:/home/alex/Repositories/nifi/nifi-commons/nifi-property-utils/target/classes:/home/alex/.m2/repository/com/github/ben-manes/caffeine/caffeine/2.8.1/caffeine-2.8.1.jar:/home/alex/Repositories/nifi/nifi-nar-bundles/nifi-standard-services/nifi-ssl-context-service-api/target/classes:/home/alex/Repositories/nifi/nifi-commons/nifi-security-utils-api/target/classes:/home/alex/Repositories/nifi/nifi-nar-bundles/nifi-standard-services/nifi-lookup-service-api/target/classes:/home/alex/Repositories/nifi/nifi-commons/nifi-flowfile-packager/target/classes:/home/alex/Repositories/nifi/nifi-nar-bundles/nifi-standard-services/nifi-distributed-cache-client-service-api/target/classes:/home/alex/Repositories/nifi/nifi-nar-bundles/nifi-standard-services/nifi-http-context-map-api/target/classes:/home/alex/Repositories/nifi/nifi-nar-bundles/nifi-standard-services/nifi-record-serialization-service-api/target/classes:/home/alex/Repositories/nifi/nifi-nar-bundles/nifi-standard-services/nifi-proxy-configuration-api/target/classes:/home/alex/Repositories/nifi/nifi-commons/nifi-record/target/classes:/home/alex/Repositories/nifi/nifi-nar-bundles/nifi-standard-services/nifi-record-sink-api/target/classes:/home/alex/.m2/repository/commons-io/commons-io/2.10.0/commons-io-2.10.0.jar:/home/alex/.m2/repository/javax/ws/rs/javax.ws.rs-api/2.1/javax.ws.rs-api-2.1.jar:/home/alex/.m2/repository/commons-net/commons-net/3.6/commons-net-3.6.jar:/home/alex/.m2/repository/org/apache/commons/commons-compress/1.21/commons-compress-1.21.jar:/home/alex/.m2/repository/org/apache/commons/commons-lang3/3.9/commons-lang3-3.9.jar:/home/alex/.m2/repository/org/bouncycastle/bcprov-jdk15on/1.69/bcprov-jdk15on-1.69.jar:/home/alex/.m2/repository/org/bouncycastle/bcpg-jdk15on/1.69/bcpg-jdk15on-1.69.jar:/home/alex/.m2/repository/org/bouncycastle/bcpkix-jdk15on/1.69/bcpkix-jdk15on-1.69.jar:/home/alex/.m2/repository/org/bouncycastle/bcutil-jdk15on/1.69/bcutil-jdk15on-1.69.jar:/home/alex/.m2/repository/commons-codec/commons-codec/1.14/commons-codec-1.14.jar:/home/alex/Repositories/nifi/nifi-commons/nifi-security-utils/target/classes:/home/alex/Repositories/nifi/nifi-commons/nifi-security-kms/target/classes:/home/alex/.m2/repository/org/apache/commons/commons-configuration2/2.7/commons-configuration2-2.7.jar:/home/alex/.m2/repository/com/hierynomus/sshj/0.32.0/sshj-0.32.0.jar:/home/alex/.m2/repository/com/jcraft/jzlib/1.1.3/jzlib-1.1.3.jar:/home/alex/.m2/repository/com/hierynomus/asn-one/0.6.0/asn-one-0.6.0.jar:/home/alex/.m2/repository/net/i2p/crypto/eddsa/0.3.0/eddsa-0.3.0.jar:/home/alex/.m2/repository/org/eclipse/jetty/jetty-server/9.4.44.v20210927/jetty-server-9.4.44.v20210927.jar:/home/alex/.m2/repository/javax/servlet/javax.servlet-api/3.1.0/javax.servlet-api-3.1.0.jar:/home/alex/.m2/repository/org/eclipse/jetty/jetty-http/9.4.44.v20210927/jetty-http-9.4.44.v20210927.jar:/home/alex/.m2/repository/org/eclipse/jetty/jetty-util/9.4.44.v20210927/jetty-util-9.4.44.v20210927.jar:/home/alex/.m2/repository/org/eclipse/jetty/jetty-io/9.4.44.v20210927/jetty-io-9.4.44.v20210927.jar:/home/alex/.m2/repository/org/eclipse/jetty/jetty-servlet/9.4.44.v20210927/jetty-servlet-9.4.44.v20210927.jar:/home/alex/.m2/repository/org/eclipse/jetty/jetty-security/9.4.44.v20210927/jetty-security-9.4.44.v20210927.jar:/home/alex/.m2/repository/org/eclipse/jetty/jetty-util-ajax/9.4.44.v20210927/jetty-util-ajax-9.4.44.v20210927.jar:/home/alex/.m2/repository/org/apache/httpcomponents/httpclient/4.5.5/httpclient-4.5.5.jar:/home/alex/.m2/repository/commons-logging/commons-logging/1.2/commons-logging-1.2.jar:/home/alex/.m2/repository/org/apache/httpcomponents/httpcore/4.4.9/httpcore-4.4.9.jar:/home/alex/.m2/repository/jakarta/activation/jakarta.activation-api/2.0.1/jakarta.activation-api-2.0.1.jar:/home/alex/.m2/repository/com/sun/activation/jakarta.activation/2.0.1/jakarta.activation-2.0.1.jar:/home/alex/.m2/repository/jakarta/mail/jakarta.mail-api/2.0.1/jakarta.mail-api-2.0.1.jar:/home/alex/.m2/repository/com/sun/mail/jakarta.mail/2.0.1/jakarta.mail-2.0.1.jar:/home/alex/.m2/repository/com/github/jponge/lzma-java/1.3/lzma-java-1.3.jar:/home/alex/.m2/repository/org/tukaani/xz/1.8/xz-1.8.jar:/home/alex/.m2/repository/net/sf/saxon/Saxon-HE/10.6/Saxon-HE-10.6.jar:/home/alex/Repositories/nifi/nifi-commons/nifi-socket-utils/target/classes:/home/alex/Repositories/nifi/nifi-commons/nifi-logging-utils/target/classes:/home/alex/Repositories/nifi/nifi-nar-bundles/nifi-standard-services/nifi-load-distribution-service-api/target/classes:/home/alex/.m2/repository/javax/jms/javax.jms-api/2.0.1/javax.jms-api-2.0.1.jar:/home/alex/.m2/repository/org/apache/activemq/activemq-client/5.15.15/activemq-client-5.15.15.jar:/home/alex/.m2/repository/org/apache/geronimo/specs/geronimo-jms_1.1_spec/1.1.1/geronimo-jms_1.1_spec-1.1.1.jar:/home/alex/.m2/repository/org/fusesource/hawtbuf/hawtbuf/1.11/hawtbuf-1.11.jar:/home/alex/.m2/repository/org/apache/geronimo/specs/geronimo-j2ee-management_1.1_spec/1.0.1/geronimo-j2ee-management_1.1_spec-1.0.1.jar:/home/alex/.m2/repository/com/jayway/jsonpath/json-path/2.6.0/json-path-2.6.0.jar:/home/alex/.m2/repository/net/minidev/json-smart/2.4.7/json-smart-2.4.7.jar:/home/alex/.m2/repository/net/minidev/accessors-smart/2.4.7/accessors-smart-2.4.7.jar:/home/alex/.m2/repository/org/ow2/asm/asm/9.1/asm-9.1.jar:/home/alex/.m2/repository/org/apache/tika/tika-core/1.26/tika-core-1.26.jar:/home/alex/.m2/repository/com/fasterxml/jackson/core/jackson-databind/2.12.3/jackson-databind-2.12.3.jar:/home/alex/.m2/repository/com/fasterxml/jackson/core/jackson-annotations/2.12.3/jackson-annotations-2.12.3.jar:/home/alex/.m2/repository/com/fasterxml/jackson/core/jackson-core/2.12.3/jackson-core-2.12.3.jar:/home/alex/Repositories/nifi/nifi-nar-bundles/nifi-extension-utils/nifi-record-utils/nifi-avro-record-utils/target/classes:/home/alex/Repositories/nifi/nifi-nar-bundles/nifi-extension-utils/nifi-record-utils/nifi-standard-record-utils/target/classes:/home/alex/.m2/repository/org/apache/avro/avro/1.8.1/avro-1.8.1.jar:/home/alex/.m2/repository/org/codehaus/jackson/jackson-core-asl/1.9.13/jackson-core-asl-1.9.13.jar:/home/alex/.m2/repository/org/codehaus/jackson/jackson-mapper-asl/1.9.13/jackson-mapper-asl-1.9.13.jar:/home/alex/.m2/repository/com/thoughtworks/paranamer/paranamer/2.7/paranamer-2.7.jar:/home/alex/Repositories/nifi/nifi-nar-bundles/nifi-standard-services/nifi-dbcp-service-api/target/classes:/home/alex/.m2/repository/com/squareup/okhttp3/okhttp/4.9.2/okhttp-4.9.2.jar:/home/alex/.m2/repository/com/squareup/okio/okio/2.8.0/okio-2.8.0.jar:/home/alex/.m2/repository/org/jetbrains/kotlin/kotlin-stdlib-common/1.4.0/kotlin-stdlib-common-1.4.0.jar:/home/alex/.m2/repository/org/jetbrains/kotlin/kotlin-stdlib/1.4.10/kotlin-stdlib-1.4.10.jar:/home/alex/.m2/repository/org/jetbrains/annotations/13.0/annotations-13.0.jar:/home/alex/.m2/repository/io/github/rburgst/okhttp-digest/2.5/okhttp-digest-2.5.jar:/home/alex/.m2/repository/at/favre/lib/bcrypt/0.9.0/bcrypt-0.9.0.jar:/home/alex/.m2/repository/at/favre/lib/bytes/1.3.0/bytes-1.3.0.jar:/home/alex/.m2/repository/com/google/guava/guava/28.0-jre/guava-28.0-jre.jar:/home/alex/.m2/repository/com/google/guava/failureaccess/1.0.1/failureaccess-1.0.1.jar:/home/alex/.m2/repository/com/google/guava/listenablefuture/9999.0-empty-to-avoid-conflict-with-guava/listenablefuture-9999.0-empty-to-avoid-conflict-with-guava.jar:/home/alex/.m2/repository/com/google/code/findbugs/jsr305/3.0.2/jsr305-3.0.2.jar:/home/alex/.m2/repository/org/checkerframework/checker-qual/2.8.1/checker-qual-2.8.1.jar:/home/alex/.m2/repository/com/google/errorprone/error_prone_annotations/2.3.2/error_prone_annotations-2.3.2.jar:/home/alex/.m2/repository/com/google/j2objc/j2objc-annotations/1.3/j2objc-annotations-1.3.jar:/home/alex/.m2/repository/org/codehaus/mojo/animal-sniffer-annotations/1.17/animal-sniffer-annotations-1.17.jar:/home/alex/Repositories/nifi/nifi-mock/target/classes:/home/alex/Repositories/nifi/nifi-framework-api/target/classes:/home/alex/Repositories/nifi/nifi-nar-bundles/nifi-framework-bundle/nifi-framework/nifi-framework-core-api/target/classes:/home/alex/Repositories/nifi/nifi-nar-bundles/nifi-framework-bundle/nifi-framework/nifi-framework-nar-utils/target/classes:/home/alex/Repositories/nifi/nifi-nar-bundles/nifi-framework-bundle/nifi-framework/nifi-client-dto/target/classes:/home/alex/.m2/repository/io/swagger/swagger-annotations/1.6.0/swagger-annotations-1.6.0.jar:/home/alex/Repositories/nifi/nifi-commons/nifi-site-to-site-client/target/classes:/home/alex/.m2/repository/org/apache/httpcomponents/httpasyncclient/4.1.4/httpasyncclient-4.1.4.jar:/home/alex/.m2/repository/org/apache/httpcomponents/httpcore-nio/4.4.10/httpcore-nio-4.4.10.jar:/home/alex/Repositories/nifi/nifi-nar-bundles/nifi-framework-bundle/nifi-framework/nifi-framework-authorization/target/classes:/home/alex/Repositories/nifi/nifi-registry/nifi-registry-core/nifi-registry-data-model/target/classes:/home/alex/Repositories/nifi/nifi-registry/nifi-registry-core/nifi-registry-revision/nifi-registry-revision-entity-model/target/classes:/home/alex/Repositories/nifi/nifi-registry/nifi-registry-core/nifi-registry-client/target/classes:/home/alex/Repositories/nifi/nifi-registry/nifi-registry-core/nifi-registry-security-utils/target/classes:/home/alex/.m2/repository/org/glassfish/jersey/core/jersey-client/2.33/jersey-client-2.33.jar:/home/alex/.m2/repository/jakarta/ws/rs/jakarta.ws.rs-api/2.1.6/jakarta.ws.rs-api-2.1.6.jar:/home/alex/.m2/repository/org/glassfish/hk2/external/jakarta.inject/2.6.1/jakarta.inject-2.6.1.jar:/home/alex/.m2/repository/org/glassfish/jersey/media/jersey-media-json-jackson/2.33/jersey-media-json-jackson-2.33.jar:/home/alex/.m2/repository/org/glassfish/jersey/ext/jersey-entity-filtering/2.33/jersey-entity-filtering-2.33.jar:/home/alex/.m2/repository/org/glassfish/jersey/inject/jersey-hk2/2.33/jersey-hk2-2.33.jar:/home/alex/.m2/repository/org/glassfish/hk2/hk2-locator/2.6.1/hk2-locator-2.6.1.jar:/home/alex/.m2/repository/org/glassfish/hk2/external/aopalliance-repackaged/2.6.1/aopalliance-repackaged-2.6.1.jar:/home/alex/.m2/repository/org/glassfish/hk2/hk2-api/2.6.1/hk2-api-2.6.1.jar:/home/alex/.m2/repository/org/glassfish/hk2/hk2-utils/2.6.1/hk2-utils-2.6.1.jar:/home/alex/.m2/repository/org/javassist/javassist/3.25.0-GA/javassist-3.25.0-GA.jar:/home/alex/.m2/repository/org/glassfish/jersey/core/jersey-common/2.33/jersey-common-2.33.jar:/home/alex/.m2/repository/jakarta/annotation/jakarta.annotation-api/1.3.5/jakarta.annotation-api-1.3.5.jar:/home/alex/.m2/repository/org/glassfish/hk2/osgi-resource-locator/1.0.3/osgi-resource-locator-1.0.3.jar:/home/alex/.m2/repository/org/glassfish/jersey/media/jersey-media-multipart/2.33/jersey-media-multipart-2.33.jar:/home/alex/.m2/repository/org/jvnet/mimepull/mimepull/1.9.13/mimepull-1.9.13.jar:/home/alex/Repositories/nifi/nifi-commons/nifi-data-provenance-utils/target/classes:/home/alex/Repositories/nifi/nifi-nar-bundles/nifi-standard-services/nifi-distributed-cache-services-bundle/nifi-distributed-cache-client-service/target/classes:/home/alex/Repositories/nifi/nifi-nar-bundles/nifi-standard-services/nifi-distributed-cache-services-bundle/nifi-distributed-cache-protocol/target/classes:/home/alex/.m2/repository/io/netty/netty-buffer/4.1.69.Final/netty-buffer-4.1.69.Final.jar:/home/alex/.m2/repository/com/google/http-client/google-http-client/1.28.0/google-http-client-1.28.0.jar:/home/alex/.m2/repository/io/opencensus/opencensus-api/0.18.0/opencensus-api-0.18.0.jar:/home/alex/.m2/repository/io/grpc/grpc-context/1.14.0/grpc-context-1.14.0.jar:/home/alex/.m2/repository/io/opencensus/opencensus-contrib-http-util/0.18.0/opencensus-contrib-http-util-0.18.0.jar:/home/alex/.m2/repository/org/apache/activemq/activemq-broker/5.15.14/activemq-broker-5.15.14.jar:/home/alex/.m2/repository/org/apache/activemq/activemq-openwire-legacy/5.15.14/activemq-openwire-legacy-5.15.14.jar:/home/alex/Repositories/nifi/nifi-nar-bundles/nifi-standard-services/nifi-ssl-context-bundle/nifi-ssl-context-service/target/classes:/home/alex/Repositories/nifi/nifi-nar-bundles/nifi-framework-bundle/nifi-framework/nifi-standard-prioritizers/target/classes:/home/alex/Repositories/nifi/nifi-nar-bundles/nifi-extension-utils/nifi-record-utils/nifi-mock-record-utils/target/classes:/home/alex/Repositories/nifi/nifi-nar-bundles/nifi-standard-services/nifi-record-serialization-services-bundle/nifi-record-serialization-services/target/classes:/home/alex/.m2/repository/org/apache/commons/commons-csv/1.8/commons-csv-1.8.jar:/home/alex/.m2/repository/com/fasterxml/jackson/dataformat/jackson-dataformat-csv/2.12.3/jackson-dataformat-csv-2.12.3.jar:/home/alex/.m2/repository/net/java/dev/stax-utils/stax-utils/20070216/stax-utils-20070216.jar:/home/alex/Repositories/nifi/nifi-nar-bundles/nifi-standard-services/nifi-lookup-services-bundle/nifi-lookup-services/target/classes:/home/alex/.m2/repository/commons-beanutils/commons-beanutils/1.9.4/commons-beanutils-1.9.4.jar:/home/alex/.m2/repository/commons-collections/commons-collections/3.2.2/commons-collections-3.2.2.jar:/home/alex/.m2/repository/com/maxmind/geoip2/geoip2/2.12.0/geoip2-2.12.0.jar:/home/alex/.m2/repository/com/maxmind/db/maxmind-db/1.2.2/maxmind-db-1.2.2.jar:/home/alex/.m2/repository/org/apache/derby/derby/10.14.2.0/derby-10.14.2.0.jar:/home/alex/.m2/repository/org/xerial/snappy/snappy-java/1.1.7.3/snappy-java-1.1.7.3.jar:/home/alex/.m2/repository/net/lingala/zip4j/zip4j/2.8.0/zip4j-2.8.0.jar:/home/alex/.m2/repository/com/h2database/h2/1.4.187/h2-1.4.187.jar:/home/alex/.m2/repository/org/mockftpserver/MockFtpServer/2.7.1/MockFtpServer-2.7.1.jar:/home/alex/.m2/repository/org/apache/sshd/sshd-core/1.7.0/sshd-core-1.7.0.jar:/home/alex/.m2/repository/com/bazaarvoice/jolt/jolt-core/0.1.1/jolt-core-0.1.1.jar:/home/alex/.m2/repository/javax/inject/javax.inject/1/javax.inject-1.jar:/home/alex/.m2/repository/com/bazaarvoice/jolt/json-utils/0.1.1/json-utils-0.1.1.jar:/home/alex/Repositories/nifi/nifi-nar-bundles/nifi-standard-bundle/nifi-standard-utils/target/classes:/home/alex/.m2/repository/net/sf/supercsv/super-csv/2.4.0/super-csv-2.4.0.jar:/home/alex/.m2/repository/com/fluenda/parcefone/2.1.0/parcefone-2.1.0.jar:/home/alex/.m2/repository/javax/validation/validation-api/1.1.0.Final/validation-api-1.1.0.Final.jar:/home/alex/.m2/repository/javax/el/javax.el-api/3.0.0/javax.el-api-3.0.0.jar:/home/alex/.m2/repository/com/github/wnameless/json/json-flattener/0.12.0/json-flattener-0.12.0.jar:/home/alex/.m2/repository/com/github/wnameless/json/json-base/2.0.0/json-base-2.0.0.jar:/home/alex/.m2/repository/org/apache/bval/bval-jsr/1.1.2/bval-jsr-1.1.2.jar:/home/alex/.m2/repository/org/apache/bval/bval-core/1.1.2/bval-core-1.1.2.jar:/home/alex/.m2/repository/io/krakens/java-grok/0.1.9/java-grok-0.1.9.jar:/home/alex/.m2/repository/org/apache/calcite/calcite-core/1.27.0/calcite-core-1.27.0.jar:/home/alex/.m2/repository/org/apache/calcite/calcite-linq4j/1.27.0/calcite-linq4j-1.27.0.jar:/home/alex/.m2/repository/com/esri/geometry/esri-geometry-api/2.2.0/esri-geometry-api-2.2.0.jar:/home/alex/.m2/repository/org/apache/calcite/avatica/avatica-core/1.18.0/avatica-core-1.18.0.jar:/home/alex/.m2/repository/org/apache/calcite/avatica/avatica-metrics/1.18.0/avatica-metrics-1.18.0.jar:/home/alex/.m2/repository/com/google/protobuf/protobuf-java/3.6.1/protobuf-java-3.6.1.jar:/home/alex/.m2/repository/org/apiguardian/apiguardian-api/1.1.0/apiguardian-api-1.1.0.jar:/home/alex/.m2/repository/com/fasterxml/jackson/dataformat/jackson-dataformat-yaml/2.10.0/jackson-dataformat-yaml-2.10.0.jar:/home/alex/.m2/repository/org/yaml/snakeyaml/1.29/snakeyaml-1.29.jar:/home/alex/.m2/repository/com/google/uzaygezen/uzaygezen-core/0.2/uzaygezen-core-0.2.jar:/home/alex/.m2/repository/com/yahoo/datasketches/sketches-core/0.9.0/sketches-core-0.9.0.jar:/home/alex/.m2/repository/com/yahoo/datasketches/memory/0.9.0/memory-0.9.0.jar:/home/alex/.m2/repository/net/hydromatic/aggdesigner-algorithm/6.0/aggdesigner-algorithm-6.0.jar:/home/alex/.m2/repository/commons-lang/commons-lang/2.4/commons-lang-2.4.jar:/home/alex/.m2/repository/org/apache/commons/commons-dbcp2/2.6.0/commons-dbcp2-2.6.0.jar:/home/alex/.m2/repository/org/apache/commons/commons-pool2/2.6.1/commons-pool2-2.6.1.jar:/home/alex/.m2/repository/org/codehaus/janino/commons-compiler/3.0.11/commons-compiler-3.0.11.jar:/home/alex/.m2/repository/org/codehaus/janino/janino/3.0.11/janino-3.0.11.jar:/home/alex/Repositories/nifi/nifi-nar-bundles/nifi-standard-services/nifi-schema-registry-service-api/target/classes:/home/alex/Repositories/nifi/nifi-nar-bundles/nifi-extension-utils/nifi-database-utils/target/classes:/home/alex/Repositories/nifi/nifi-nar-bundles/nifi-standard-bundle/nifi-standard-web-test-utils/target/classes:/home/alex/.m2/repository/com/github/stefanbirkner/fake-sftp-server-rule/2.0.1/fake-sftp-server-rule-2.0.1.jar:/home/alex/.m2/repository/com/github/marschall/memoryfilesystem/2.8.0/memoryfilesystem-2.8.0.jar:/home/alex/.m2/repository/junit/junit/4.13.2/junit-4.13.2.jar:/home/alex/.m2/repository/org/hamcrest/hamcrest-core/1.3/hamcrest-core-1.3.jar:/home/alex/Repositories/nifi/nifi-nar-bundles/nifi-extension-utils/nifi-database-test-utils/target/classes:/home/alex/.m2/repository/org/codehaus/groovy/groovy-json/2.5.14/groovy-json-2.5.14.jar:/home/alex/.m2/repository/org/codehaus/groovy/groovy/2.5.14/groovy-2.5.14.jar:/home/alex/.m2/repository/org/codehaus/groovy/groovy-servlet/2.5.14/groovy-servlet-2.5.14.jar:/home/alex/.m2/repository/org/codehaus/groovy/groovy-templates/2.5.14/groovy-templates-2.5.14.jar:/home/alex/.m2/repository/org/codehaus/groovy/groovy-xml/2.5.14/groovy-xml-2.5.14.jar:/home/alex/.m2/repository/org/hamcrest/hamcrest-all/1.3/hamcrest-all-1.3.jar:/home/alex/.m2/repository/com/squareup/okhttp3/mockwebserver/4.9.2/mockwebserver-4.9.2.jar:/home/alex/.m2/repository/org/jetbrains/kotlin/kotlin-stdlib-jdk8/1.4.10/kotlin-stdlib-jdk8-1.4.10.jar:/home/alex/.m2/repository/org/jetbrains/kotlin/kotlin-stdlib-jdk7/1.4.10/kotlin-stdlib-jdk7-1.4.10.jar:/home/alex/.m2/repository/org/mockito/mockito-inline/3.12.4/mockito-inline-3.12.4.jar:/home/alex/.m2/repository/org/junit/jupiter/junit-jupiter-api/5.7.2/junit-jupiter-api-5.7.2.jar:/home/alex/.m2/repository/org/opentest4j/opentest4j/1.2.0/opentest4j-1.2.0.jar:/home/alex/.m2/repository/org/junit/platform/junit-platform-commons/1.7.2/junit-platform-commons-1.7.2.jar:/home/alex/.m2/repository/org/junit/jupiter/junit-jupiter-engine/5.7.2/junit-jupiter-engine-5.7.2.jar:/home/alex/.m2/repository/org/junit/platform/junit-platform-engine/1.7.2/junit-platform-engine-1.7.2.jar:/home/alex/.m2/repository/org/junit/vintage/junit-vintage-engine/5.7.2/junit-vintage-engine-5.7.2.jar:/home/alex/.m2/repository/org/junit/jupiter/junit-jupiter-params/5.7.2/junit-jupiter-params-5.7.2.jar:/home/alex/.m2/repository/org/mockito/mockito-core/3.11.2/mockito-core-3.11.2.jar:/home/alex/.m2/repository/net/bytebuddy/byte-buddy/1.11.3/byte-buddy-1.11.3.jar:/home/alex/.m2/repository/net/bytebuddy/byte-buddy-agent/1.11.3/byte-buddy-agent-1.11.3.jar:/home/alex/.m2/repository/org/objenesis/objenesis/3.2/objenesis-3.2.jar:/home/alex/.m2/repository/org/mockito/mockito-junit-jupiter/3.11.2/mockito-junit-jupiter-3.11.2.jar:/home/alex/.m2/repository/org/slf4j/slf4j-simple/1.7.32/slf4j-simple-1.7.32.jar:/home/alex/.m2/repository/org/codehaus/groovy/groovy-test/2.5.14/groovy-test-2.5.14.jar:"/>
    <property name="sun.cpu.endian" value="little"/>
    <property name="user.home" value="/home/alex"/>
    <property name="user.language" value="en"/>
    <property name="java.specification.vendor" value="Oracle Corporation"/>
    <property name="java.home" value="/usr/lib/jvm/java-8-openjdk-amd64/jre"/>
    <property name="basedir" value="/home/alex/Repositories/nifi/nifi-nar-bundles/nifi-standard-bundle/nifi-standard-processors"/>
    <property name="file.separator" value="/"/>
    <property name="line.separator" value="&#10;"/>
    <property name="java.vm.specification.vendor" value="Oracle Corporation"/>
    <property name="java.specification.name" value="Java Platform API Specification"/>
    <property name="derby.stream.error.file" value="target/derby.log"/>
    <property name="java.awt.graphicsenv" value="sun.awt.X11GraphicsEnvironment"/>
    <property name="org.slf4j.simpleLogger.log.org.apache.nifi.processors.standard.SQLTransform" value="debug"/>
    <property name="java.awt.headless" value="true"/>
    <property name="org.slf4j.simpleLogger.log.nifi.processors.standard.ExecuteSQLRecord" value="debug"/>
    <property name="org.slf4j.simpleLogger.showDateTime" value="true"/>
    <property name="surefire.real.class.path" value="/home/alex/Repositories/nifi/nifi-nar-bundles/nifi-standard-bundle/nifi-standard-processors/target/surefire/surefirebooter5361507383572708917.jar"/>
    <property name="sun.boot.class.path" value="/usr/lib/jvm/java-8-openjdk-amd64/jre/lib/resources.jar:/usr/lib/jvm/java-8-openjdk-amd64/jre/lib/rt.jar:/usr/lib/jvm/java-8-openjdk-amd64/jre/lib/sunrsasign.jar:/usr/lib/jvm/java-8-openjdk-amd64/jre/lib/jsse.jar:/usr/lib/jvm/java-8-openjdk-amd64/jre/lib/jce.jar:/usr/lib/jvm/java-8-openjdk-amd64/jre/lib/charsets.jar:/usr/lib/jvm/java-8-openjdk-amd64/jre/lib/jfr.jar:/usr/lib/jvm/java-8-openjdk-amd64/jre/classes"/>
    <property name="sun.management.compiler" value="HotSpot 64-Bit Tiered Compilers"/>
    <property name="java.runtime.version" value="1.8.0_402-8u402-ga-2ubuntu1~22.04-b06"/>
    <property name="java.net.preferIPv4Stack" value="true"/>
    <property name="user.name" value="alex"/>
    <property name="path.separator" value=":"/>
    <property name="os.version" value="6.5.0-28-generic"/>
    <property name="java.endorsed.dirs" value="/usr/lib/jvm/java-8-openjdk-amd64/jre/lib/endorsed"/>
    <property name="java.runtime.name" value="OpenJDK Runtime Environment"/>
    <property name="file.encoding" value="UTF-8"/>
    <property name="org.slf4j.simpleLogger.log.org.apache.nifi.processors.standard" value="TRACE"/>
    <property name="sun.nio.ch.bugLevel" value=""/>
    <property name="java.vm.name" value="OpenJDK 64-Bit Server VM"/>
    <property name="localRepository" value="/home/alex/.m2/repository"/>
    <property name="java.vendor.url.bug" value="http://bugreport.sun.com/bugreport/"/>
    <property name="java.io.tmpdir" value="/tmp"/>
    <property name="java.version" value="1.8.0_402"/>
    <property name="user.dir" value="/home/alex/Repositories/nifi/nifi-nar-bundles/nifi-standard-bundle/nifi-standard-processors"/>
    <property name="os.arch" value="amd64"/>
    <property name="java.vm.specification.name" value="Java Virtual Machine Specification"/>
    <property name="java.awt.printerjob" value="sun.print.PSPrinterJob"/>
    <property name="sun.os.patch.level" value="unknown"/>
    <property name="org.slf4j.simpleLogger.defaultLogLevel" value="info"/>
    <property name="java.library.path" value="/usr/java/packages/lib/amd64:/usr/lib/x86_64-linux-gnu/jni:/lib/x86_64-linux-gnu:/usr/lib/x86_64-linux-gnu:/usr/lib/jni:/lib:/usr/lib"/>
    <property name="java.vm.info" value="mixed mode"/>
    <property name="java.vendor" value="Private Build"/>
    <property name="java.vm.version" value="25.402-b06"/>
    <property name="java.specification.maintenance.version" value="5"/>
    <property name="java.ext.dirs" value="/usr/lib/jvm/java-8-openjdk-amd64/jre/lib/ext:/usr/java/packages/lib/ext"/>
    <property name="sun.io.unicode.encoding" value="UnicodeLittle"/>
    <property name="java.class.version" value="52.0"/>
  </properties>
  <testcase name="testSimpleScenario" classname="org.apache.nifi.processors.standard.TestTailFileSimpleScenarios" time="0.03">
    <system-err><![CDATA[[pool-1688-thread-1] DEBUG org.apache.nifi.processors.standard.AbstractTestTailFileScenario$1 - [id=56d257af-863f-4aca-881a-6d1333346d1a] Created FileChannel sun.nio.ch.FileChannelImpl@591393a6 for target/testTailFileScenario/in.txt
[pool-1688-thread-1] DEBUG org.apache.nifi.processors.standard.AbstractTestTailFileScenario$1 - [id=56d257af-863f-4aca-881a-6d1333346d1a] No data to consume; created no FlowFiles
[pool-1689-thread-1] DEBUG org.apache.nifi.processors.standard.AbstractTestTailFileScenario$1 - [id=56d257af-863f-4aca-881a-6d1333346d1a] Recovering Rolled Off Files; total number of files rolled off = 0
[pool-1689-thread-1] DEBUG org.apache.nifi.processors.standard.AbstractTestTailFileScenario$1 - [id=56d257af-863f-4aca-881a-6d1333346d1a] Reading lines starting at position 0
[pool-1689-thread-1] TRACE org.apache.nifi.processors.standard.AbstractTestTailFileScenario$1 - [id=56d257af-863f-4aca-881a-6d1333346d1a] Checksum updated to 314346298
[pool-1689-thread-1] DEBUG org.apache.nifi.processors.standard.AbstractTestTailFileScenario$1 - [id=56d257af-863f-4aca-881a-6d1333346d1a] Created FlowFile[0,in.0-9.txt,9B] and routed to success
[pool-1690-thread-1] DEBUG org.apache.nifi.processors.standard.AbstractTestTailFileScenario$1 - [id=56d257af-863f-4aca-881a-6d1333346d1a] Recovering Rolled Off Files; total number of files rolled off = 1
[pool-1690-thread-1] DEBUG org.apache.nifi.processors.standard.AbstractTestTailFileScenario$1 - [id=56d257af-863f-4aca-881a-6d1333346d1a] Checksum for target/testTailFileScenario/in.txt.1 matched expected checksum. Will skip first 9 bytes
[pool-1690-thread-1] DEBUG org.apache.nifi.processors.standard.AbstractTestTailFileScenario$1 - [id=56d257af-863f-4aca-881a-6d1333346d1a] Reading lines starting at position 9
[pool-1690-thread-1] DEBUG org.apache.nifi.processors.standard.AbstractTestTailFileScenario$1 - [id=56d257af-863f-4aca-881a-6d1333346d1a] File target/testTailFileScenario/in.txt.1 has been rolled over, but it was updated 13 millis ago, which is less than the configured Post-Rollover Tail Period (100000 ms), so will continue tailing
[pool-1690-thread-1] DEBUG org.apache.nifi.processors.standard.AbstractTestTailFileScenario$1 - [id=56d257af-863f-4aca-881a-6d1333346d1a] File target/testTailFileScenario/in.txt was rolled over and the Rollover Tail Period is set, so will not consume from new file during this iteration.
[pool-1691-thread-1] DEBUG org.apache.nifi.processors.standard.AbstractTestTailFileScenario$1 - [id=56d257af-863f-4aca-881a-6d1333346d1a] Recovering Rolled Off Files; total number of files rolled off = 1
[pool-1691-thread-1] DEBUG org.apache.nifi.processors.standard.AbstractTestTailFileScenario$1 - [id=56d257af-863f-4aca-881a-6d1333346d1a] Checksum for target/testTailFileScenario/in.txt.1 matched expected checksum. Will skip first 9 bytes
[pool-1691-thread-1] DEBUG org.apache.nifi.processors.standard.AbstractTestTailFileScenario$1 - [id=56d257af-863f-4aca-881a-6d1333346d1a] Reading lines starting at position 9
[pool-1691-thread-1] TRACE org.apache.nifi.processors.standard.AbstractTestTailFileScenario$1 - [id=56d257af-863f-4aca-881a-6d1333346d1a] Checksum updated to 209674471
[pool-1691-thread-1] TRACE org.apache.nifi.processors.standard.AbstractTestTailFileScenario$1 - [id=56d257af-863f-4aca-881a-6d1333346d1a] Checksum updated to 3988843027
[pool-1691-thread-1] TRACE org.apache.nifi.processors.standard.AbstractTestTailFileScenario$1 - [id=56d257af-863f-4aca-881a-6d1333346d1a] Checksum updated to 4125989147
[pool-1691-thread-1] DEBUG org.apache.nifi.processors.standard.AbstractTestTailFileScenario$1 - [id=56d257af-863f-4aca-881a-6d1333346d1a] Created FlowFile[2,in.txt.1,28B] from rolled over file target/testTailFileScenario/in.txt.1 and routed to success
[pool-1691-thread-1] DEBUG org.apache.nifi.processors.standard.AbstractTestTailFileScenario$1 - [id=56d257af-863f-4aca-881a-6d1333346d1a] File target/testTailFileScenario/in.txt.1 has been rolled over, but it was updated 7 millis ago, which is less than the configured Post-Rollover Tail Period (100000 ms), so will continue tailing
[pool-1691-thread-1] DEBUG org.apache.nifi.processors.standard.AbstractTestTailFileScenario$1 - [id=56d257af-863f-4aca-881a-6d1333346d1a] File target/testTailFileScenario/in.txt was rolled over and the Rollover Tail Period is set, so will not consume from new file during this iteration.
[pool-1692-thread-1] DEBUG org.apache.nifi.processors.standard.AbstractTestTailFileScenario$1 - [id=56d257af-863f-4aca-881a-6d1333346d1a] Recovering Rolled Off Files; total number of files rolled off = 1
[pool-1692-thread-1] DEBUG org.apache.nifi.processors.standard.AbstractTestTailFileScenario$1 - [id=56d257af-863f-4aca-881a-6d1333346d1a] Checksum for target/testTailFileScenario/in.txt.1 matched expected checksum. Will skip first 37 bytes
[pool-1692-thread-1] DEBUG org.apache.nifi.processors.standard.AbstractTestTailFileScenario$1 - [id=56d257af-863f-4aca-881a-6d1333346d1a] Reading lines starting at position 37
[pool-1692-thread-1] TRACE org.apache.nifi.processors.standard.AbstractTestTailFileScenario$1 - [id=56d257af-863f-4aca-881a-6d1333346d1a] Checksum updated to 4125989147
[pool-1692-thread-1] TRACE org.apache.nifi.processors.standard.AbstractTestTailFileScenario$1 - [id=56d257af-863f-4aca-881a-6d1333346d1a] Checksum updated to 4125989147
[pool-1692-thread-1] DEBUG org.apache.nifi.processors.standard.AbstractTestTailFileScenario$1 - [id=56d257af-863f-4aca-881a-6d1333346d1a] Completed tailing of file target/testTailFileScenario/in.txt; will cleanup state
[pool-1692-thread-1] DEBUG org.apache.nifi.processors.standard.AbstractTestTailFileScenario$1 - [id=56d257af-863f-4aca-881a-6d1333346d1a] Closed FileChannel sun.nio.ch.FileChannelImpl@36c9a2aa
[pool-1692-thread-1] DEBUG org.apache.nifi.processors.standard.AbstractTestTailFileScenario$1 - [id=56d257af-863f-4aca-881a-6d1333346d1a] Consumed the final data from target/testTailFileScenario/in.txt.1
[pool-1692-thread-1] DEBUG org.apache.nifi.processors.standard.AbstractTestTailFileScenario$1 - [id=56d257af-863f-4aca-881a-6d1333346d1a] File target/testTailFileScenario/in.txt was rolled over and the Rollover Tail Period is set, so will not consume from new file during this iteration.
[pool-1693-thread-1] DEBUG org.apache.nifi.processors.standard.AbstractTestTailFileScenario$1 - [id=56d257af-863f-4aca-881a-6d1333346d1a] Found rolled off file target/testTailFileScenario/in.txt.1 but its last modified timestamp is before the cutoff (Last Mod = 1714610015965, Cutoff = 1714610015966) so will not consume it
[pool-1693-thread-1] DEBUG org.apache.nifi.processors.standard.AbstractTestTailFileScenario$1 - [id=56d257af-863f-4aca-881a-6d1333346d1a] Found rolled off file target/testTailFileScenario/in.txt but its last modified timestamp is before the cutoff (Last Mod = 1714610015965, Cutoff = 1714610015966) so will not consume it
[pool-1693-thread-1] DEBUG org.apache.nifi.processors.standard.AbstractTestTailFileScenario$1 - [id=56d257af-863f-4aca-881a-6d1333346d1a] Recovering Rolled Off Files; total number of files rolled off = 0
[pool-1693-thread-1] DEBUG org.apache.nifi.processors.standard.AbstractTestTailFileScenario$1 - [id=56d257af-863f-4aca-881a-6d1333346d1a] Created FileChannel sun.nio.ch.FileChannelImpl@bac7413 for target/testTailFileScenario/in.txt
[pool-1693-thread-1] DEBUG org.apache.nifi.processors.standard.AbstractTestTailFileScenario$1 - [id=56d257af-863f-4aca-881a-6d1333346d1a] Rotated = true because TailFileState Length = 37, File Length = 10
[pool-1693-thread-1] DEBUG org.apache.nifi.processors.standard.AbstractTestTailFileScenario$1 - [id=56d257af-863f-4aca-881a-6d1333346d1a] Closed FileChannel sun.nio.ch.FileChannelImpl@bac7413
[pool-1693-thread-1] DEBUG org.apache.nifi.processors.standard.AbstractTestTailFileScenario$1 - [id=56d257af-863f-4aca-881a-6d1333346d1a] Created FileChannel sun.nio.ch.FileChannelImpl@f93f1be for target/testTailFileScenario/in.txt
[pool-1693-thread-1] DEBUG org.apache.nifi.processors.standard.AbstractTestTailFileScenario$1 - [id=56d257af-863f-4aca-881a-6d1333346d1a] Reading lines starting at position 0
[pool-1693-thread-1] TRACE org.apache.nifi.processors.standard.AbstractTestTailFileScenario$1 - [id=56d257af-863f-4aca-881a-6d1333346d1a] Checksum updated to 364192742
[pool-1693-thread-1] TRACE org.apache.nifi.processors.standard.AbstractTestTailFileScenario$1 - [id=56d257af-863f-4aca-881a-6d1333346d1a] Checksum updated to 2074866941
[pool-1693-thread-1] DEBUG org.apache.nifi.processors.standard.AbstractTestTailFileScenario$1 - [id=56d257af-863f-4aca-881a-6d1333346d1a] Created FlowFile[4,in.0-10.txt,10B] and routed to success
[main] DEBUG org.apache.nifi.processors.standard.AbstractTestTailFileScenario$1 - [id=56d257af-863f-4aca-881a-6d1333346d1a] Closed FileChannel sun.nio.ch.FileChannelImpl@f93f1be
[pool-1694-thread-1] DEBUG org.apache.nifi.processors.standard.AbstractTestTailFileScenario$1 - [id=495a5c16-01aa-4221-9fb4-b74029828935] Created FileChannel sun.nio.ch.FileChannelImpl@461aeaf5 for target/testTailFileScenario/in.txt
[pool-1694-thread-1] DEBUG org.apache.nifi.processors.standard.AbstractTestTailFileScenario$1 - [id=495a5c16-01aa-4221-9fb4-b74029828935] No data to consume; created no FlowFiles
[pool-1695-thread-1] DEBUG org.apache.nifi.processors.standard.AbstractTestTailFileScenario$1 - [id=495a5c16-01aa-4221-9fb4-b74029828935] Recovering Rolled Off Files; total number of files rolled off = 0
[pool-1695-thread-1] DEBUG org.apache.nifi.processors.standard.AbstractTestTailFileScenario$1 - [id=495a5c16-01aa-4221-9fb4-b74029828935] Reading lines starting at position 0
[pool-1695-thread-1] TRACE org.apache.nifi.processors.standard.AbstractTestTailFileScenario$1 - [id=495a5c16-01aa-4221-9fb4-b74029828935] Checksum updated to 314346298
[pool-1695-thread-1] DEBUG org.apache.nifi.processors.standard.AbstractTestTailFileScenario$1 - [id=495a5c16-01aa-4221-9fb4-b74029828935] Created FlowFile[0,in.0-9.txt,9B] and routed to success
[main] DEBUG org.apache.nifi.processors.standard.AbstractTestTailFileScenario$1 - [id=495a5c16-01aa-4221-9fb4-b74029828935] Closed FileChannel sun.nio.ch.FileChannelImpl@461aeaf5
[pool-1696-thread-1] DEBUG org.apache.nifi.processors.standard.AbstractTestTailFileScenario$1 - [id=495a5c16-01aa-4221-9fb4-b74029828935] Recovering Rolled Off Files; total number of files rolled off = 1
[pool-1696-thread-1] DEBUG org.apache.nifi.processors.standard.AbstractTestTailFileScenario$1 - [id=495a5c16-01aa-4221-9fb4-b74029828935] Checksum for target/testTailFileScenario/in.txt.1 matched expected checksum. Will skip first 9 bytes
[pool-1696-thread-1] DEBUG org.apache.nifi.processors.standard.AbstractTestTailFileScenario$1 - [id=495a5c16-01aa-4221-9fb4-b74029828935] Reading lines starting at position 9
[pool-1696-thread-1] DEBUG org.apache.nifi.processors.standard.AbstractTestTailFileScenario$1 - [id=495a5c16-01aa-4221-9fb4-b74029828935] File target/testTailFileScenario/in.txt.1 has been rolled over, but it was updated 8 millis ago, which is less than the configured Post-Rollover Tail Period (100000 ms), so will continue tailing
[pool-1696-thread-1] DEBUG org.apache.nifi.processors.standard.AbstractTestTailFileScenario$1 - [id=495a5c16-01aa-4221-9fb4-b74029828935] File target/testTailFileScenario/in.txt was rolled over and the Rollover Tail Period is set, so will not consume from new file during this iteration.
[main] DEBUG org.apache.nifi.processors.standard.AbstractTestTailFileScenario$1 - [id=495a5c16-01aa-4221-9fb4-b74029828935] Closed FileChannel sun.nio.ch.FileChannelImpl@62429f3c
[pool-1697-thread-1] DEBUG org.apache.nifi.processors.standard.AbstractTestTailFileScenario$1 - [id=495a5c16-01aa-4221-9fb4-b74029828935] Recovering Rolled Off Files; total number of files rolled off = 1
[pool-1697-thread-1] DEBUG org.apache.nifi.processors.standard.AbstractTestTailFileScenario$1 - [id=495a5c16-01aa-4221-9fb4-b74029828935] Checksum for target/testTailFileScenario/in.txt.1 matched expected checksum. Will skip first 9 bytes
[pool-1697-thread-1] DEBUG org.apache.nifi.processors.standard.AbstractTestTailFileScenario$1 - [id=495a5c16-01aa-4221-9fb4-b74029828935] Reading lines starting at position 9
[pool-1697-thread-1] TRACE org.apache.nifi.processors.standard.AbstractTestTailFileScenario$1 - [id=495a5c16-01aa-4221-9fb4-b74029828935] Checksum updated to 209674471
[pool-1697-thread-1] TRACE org.apache.nifi.processors.standard.AbstractTestTailFileScenario$1 - [id=495a5c16-01aa-4221-9fb4-b74029828935] Checksum updated to 3988843027
[pool-1697-thread-1] TRACE org.apache.nifi.processors.standard.AbstractTestTailFileScenario$1 - [id=495a5c16-01aa-4221-9fb4-b74029828935] Checksum updated to 4125989147
[pool-1697-thread-1] DEBUG org.apache.nifi.processors.standard.AbstractTestTailFileScenario$1 - [id=495a5c16-01aa-4221-9fb4-b74029828935] Created FlowFile[2,in.txt.1,28B] from rolled over file target/testTailFileScenario/in.txt.1 and routed to success
[pool-1697-thread-1] DEBUG org.apache.nifi.processors.standard.AbstractTestTailFileScenario$1 - [id=495a5c16-01aa-4221-9fb4-b74029828935] File target/testTailFileScenario/in.txt.1 has been rolled over, but it was updated 5 millis ago, which is less than the configured Post-Rollover Tail Period (100000 ms), so will continue tailing
[pool-1697-thread-1] DEBUG org.apache.nifi.processors.standard.AbstractTestTailFileScenario$1 - [id=495a5c16-01aa-4221-9fb4-b74029828935] File target/testTailFileScenario/in.txt was rolled over and the Rollover Tail Period is set, so will not consume from new file during this iteration.
[main] DEBUG org.apache.nifi.processors.standard.AbstractTestTailFileScenario$1 - [id=495a5c16-01aa-4221-9fb4-b74029828935] Closed FileChannel sun.nio.ch.FileChannelImpl@598259cb
[pool-1698-thread-1] DEBUG org.apache.nifi.processors.standard.AbstractTestTailFileScenario$1 - [id=495a5c16-01aa-4221-9fb4-b74029828935] Recovering Rolled Off Files; total number of files rolled off = 1
[pool-1698-thread-1] DEBUG org.apache.nifi.processors.standard.AbstractTestTailFileScenario$1 - [id=495a5c16-01aa-4221-9fb4-b74029828935] Checksum for target/testTailFileScenario/in.txt.1 matched expected checksum. Will skip first 37 bytes
[pool-1698-thread-1] DEBUG org.apache.nifi.processors.standard.AbstractTestTailFileScenario$1 - [id=495a5c16-01aa-4221-9fb4-b74029828935] Reading lines starting at position 37
[pool-1698-thread-1] TRACE org.apache.nifi.processors.standard.AbstractTestTailFileScenario$1 - [id=495a5c16-01aa-4221-9fb4-b74029828935] Checksum updated to 4125989147
[pool-1698-thread-1] TRACE org.apache.nifi.processors.standard.AbstractTestTailFileScenario$1 - [id=495a5c16-01aa-4221-9fb4-b74029828935] Checksum updated to 4125989147
[pool-1698-thread-1] DEBUG org.apache.nifi.processors.standard.AbstractTestTailFileScenario$1 - [id=495a5c16-01aa-4221-9fb4-b74029828935] Completed tailing of file target/testTailFileScenario/in.txt; will cleanup state
[pool-1698-thread-1] DEBUG org.apache.nifi.processors.standard.AbstractTestTailFileScenario$1 - [id=495a5c16-01aa-4221-9fb4-b74029828935] Consumed the final data from target/testTailFileScenario/in.txt.1
[pool-1698-thread-1] DEBUG org.apache.nifi.processors.standard.AbstractTestTailFileScenario$1 - [id=495a5c16-01aa-4221-9fb4-b74029828935] File target/testTailFileScenario/in.txt was rolled over and the Rollover Tail Period is set, so will not consume from new file during this iteration.
[pool-1699-thread-1] DEBUG org.apache.nifi.processors.standard.AbstractTestTailFileScenario$1 - [id=495a5c16-01aa-4221-9fb4-b74029828935] Found rolled off file target/testTailFileScenario/in.txt.1 but its last modified timestamp is before the cutoff (Last Mod = 1714610015977, Cutoff = 1714610015978) so will not consume it
[pool-1699-thread-1] DEBUG org.apache.nifi.processors.standard.AbstractTestTailFileScenario$1 - [id=495a5c16-01aa-4221-9fb4-b74029828935] Found rolled off file target/testTailFileScenario/in.txt but its last modified timestamp is before the cutoff (Last Mod = 1714610015977, Cutoff = 1714610015978) so will not consume it
[pool-1699-thread-1] DEBUG org.apache.nifi.processors.standard.AbstractTestTailFileScenario$1 - [id=495a5c16-01aa-4221-9fb4-b74029828935] Recovering Rolled Off Files; total number of files rolled off = 0
[pool-1699-thread-1] DEBUG org.apache.nifi.processors.standard.AbstractTestTailFileScenario$1 - [id=495a5c16-01aa-4221-9fb4-b74029828935] Created FileChannel sun.nio.ch.FileChannelImpl@2b7d8b0b for target/testTailFileScenario/in.txt
[pool-1699-thread-1] DEBUG org.apache.nifi.processors.standard.AbstractTestTailFileScenario$1 - [id=495a5c16-01aa-4221-9fb4-b74029828935] Rotated = true because TailFileState Length = 37, File Length = 10
[pool-1699-thread-1] DEBUG org.apache.nifi.processors.standard.AbstractTestTailFileScenario$1 - [id=495a5c16-01aa-4221-9fb4-b74029828935] Closed FileChannel sun.nio.ch.FileChannelImpl@2b7d8b0b
[pool-1699-thread-1] DEBUG org.apache.nifi.processors.standard.AbstractTestTailFileScenario$1 - [id=495a5c16-01aa-4221-9fb4-b74029828935] Created FileChannel sun.nio.ch.FileChannelImpl@2f420abc for target/testTailFileScenario/in.txt
[pool-1699-thread-1] DEBUG org.apache.nifi.processors.standard.AbstractTestTailFileScenario$1 - [id=495a5c16-01aa-4221-9fb4-b74029828935] Reading lines starting at position 0
[pool-1699-thread-1] TRACE org.apache.nifi.processors.standard.AbstractTestTailFileScenario$1 - [id=495a5c16-01aa-4221-9fb4-b74029828935] Checksum updated to 364192742
[pool-1699-thread-1] TRACE org.apache.nifi.processors.standard.AbstractTestTailFileScenario$1 - [id=495a5c16-01aa-4221-9fb4-b74029828935] Checksum updated to 2074866941
[pool-1699-thread-1] DEBUG org.apache.nifi.processors.standard.AbstractTestTailFileScenario$1 - [id=495a5c16-01aa-4221-9fb4-b74029828935] Created FlowFile[4,in.0-10.txt,10B] and routed to success
[main] DEBUG org.apache.nifi.processors.standard.AbstractTestTailFileScenario$1 - [id=495a5c16-01aa-4221-9fb4-b74029828935] Closed FileChannel sun.nio.ch.FileChannelImpl@2f420abc
]]></system-err>
  </testcase>
  <testcase name="testSimpleScenario2" classname="org.apache.nifi.processors.standard.TestTailFileSimpleScenarios" time="0.01">
    <system-err><![CDATA[[pool-1700-thread-1] DEBUG org.apache.nifi.processors.standard.AbstractTestTailFileScenario$1 - [id=8f7a370a-3615-4a7e-b296-3da6d8cfae8c] Created FileChannel sun.nio.ch.FileChannelImpl@4374c2bf for target/testTailFileScenario/in.txt
[pool-1700-thread-1] DEBUG org.apache.nifi.processors.standard.AbstractTestTailFileScenario$1 - [id=8f7a370a-3615-4a7e-b296-3da6d8cfae8c] No data to consume; created no FlowFiles
[pool-1701-thread-1] DEBUG org.apache.nifi.processors.standard.AbstractTestTailFileScenario$1 - [id=8f7a370a-3615-4a7e-b296-3da6d8cfae8c] Recovering Rolled Off Files; total number of files rolled off = 0
[pool-1701-thread-1] DEBUG org.apache.nifi.processors.standard.AbstractTestTailFileScenario$1 - [id=8f7a370a-3615-4a7e-b296-3da6d8cfae8c] Reading lines starting at position 0
[pool-1701-thread-1] TRACE org.apache.nifi.processors.standard.AbstractTestTailFileScenario$1 - [id=8f7a370a-3615-4a7e-b296-3da6d8cfae8c] Checksum updated to 314346298
[pool-1701-thread-1] DEBUG org.apache.nifi.processors.standard.AbstractTestTailFileScenario$1 - [id=8f7a370a-3615-4a7e-b296-3da6d8cfae8c] Created FlowFile[0,in.0-9.txt,9B] and routed to success
[pool-1701-thread-1] WARN org.apache.nifi.processors.standard.AbstractTestTailFileScenario$1 - [id=8f7a370a-3615-4a7e-b296-3da6d8cfae8c] NUL character encountered in target/testTailFileScenario/in.txt and 'Reread when NUL encountered' is set to 'true', yielding.
[pool-1702-thread-1] DEBUG org.apache.nifi.processors.standard.AbstractTestTailFileScenario$1 - [id=8f7a370a-3615-4a7e-b296-3da6d8cfae8c] Recovering Rolled Off Files; total number of files rolled off = 0
[pool-1702-thread-1] DEBUG org.apache.nifi.processors.standard.AbstractTestTailFileScenario$1 - [id=8f7a370a-3615-4a7e-b296-3da6d8cfae8c] Reading lines starting at position 9
[pool-1702-thread-1] TRACE org.apache.nifi.processors.standard.AbstractTestTailFileScenario$1 - [id=8f7a370a-3615-4a7e-b296-3da6d8cfae8c] Checksum updated to 1334256897
[pool-1702-thread-1] TRACE org.apache.nifi.processors.standard.AbstractTestTailFileScenario$1 - [id=8f7a370a-3615-4a7e-b296-3da6d8cfae8c] Checksum updated to 1168093472
[pool-1702-thread-1] DEBUG org.apache.nifi.processors.standard.AbstractTestTailFileScenario$1 - [id=8f7a370a-3615-4a7e-b296-3da6d8cfae8c] Created FlowFile[1,in.9-28.txt,19B] and routed to success
[pool-1703-thread-1] DEBUG org.apache.nifi.processors.standard.AbstractTestTailFileScenario$1 - [id=8f7a370a-3615-4a7e-b296-3da6d8cfae8c] Recovering Rolled Off Files; total number of files rolled off = 0
[pool-1703-thread-1] DEBUG org.apache.nifi.processors.standard.AbstractTestTailFileScenario$1 - [id=8f7a370a-3615-4a7e-b296-3da6d8cfae8c] No data to consume; created no FlowFiles
[pool-1704-thread-1] DEBUG org.apache.nifi.processors.standard.AbstractTestTailFileScenario$1 - [id=8f7a370a-3615-4a7e-b296-3da6d8cfae8c] Recovering Rolled Off Files; total number of files rolled off = 0
[pool-1704-thread-1] DEBUG org.apache.nifi.processors.standard.AbstractTestTailFileScenario$1 - [id=8f7a370a-3615-4a7e-b296-3da6d8cfae8c] No data to consume; created no FlowFiles
[main] DEBUG org.apache.nifi.processors.standard.AbstractTestTailFileScenario$1 - [id=8f7a370a-3615-4a7e-b296-3da6d8cfae8c] Closed FileChannel sun.nio.ch.FileChannelImpl@4374c2bf
[pool-1705-thread-1] DEBUG org.apache.nifi.processors.standard.AbstractTestTailFileScenario$1 - [id=fe97a670-fb2c-4a04-be75-4acd96e87485] Created FileChannel sun.nio.ch.FileChannelImpl@3d0ee334 for target/testTailFileScenario/in.txt
[pool-1705-thread-1] DEBUG org.apache.nifi.processors.standard.AbstractTestTailFileScenario$1 - [id=fe97a670-fb2c-4a04-be75-4acd96e87485] No data to consume; created no FlowFiles
[pool-1706-thread-1] DEBUG org.apache.nifi.processors.standard.AbstractTestTailFileScenario$1 - [id=fe97a670-fb2c-4a04-be75-4acd96e87485] Recovering Rolled Off Files; total number of files rolled off = 0
[pool-1706-thread-1] DEBUG org.apache.nifi.processors.standard.AbstractTestTailFileScenario$1 - [id=fe97a670-fb2c-4a04-be75-4acd96e87485] Reading lines starting at position 0
[pool-1706-thread-1] TRACE org.apache.nifi.processors.standard.AbstractTestTailFileScenario$1 - [id=fe97a670-fb2c-4a04-be75-4acd96e87485] Checksum updated to 314346298
[pool-1706-thread-1] DEBUG org.apache.nifi.processors.standard.AbstractTestTailFileScenario$1 - [id=fe97a670-fb2c-4a04-be75-4acd96e87485] Created FlowFile[0,in.0-9.txt,9B] and routed to success
[pool-1706-thread-1] WARN org.apache.nifi.processors.standard.AbstractTestTailFileScenario$1 - [id=fe97a670-fb2c-4a04-be75-4acd96e87485] NUL character encountered in target/testTailFileScenario/in.txt and 'Reread when NUL encountered' is set to 'true', yielding.
[main] DEBUG org.apache.nifi.processors.standard.AbstractTestTailFileScenario$1 - [id=fe97a670-fb2c-4a04-be75-4acd96e87485] Closed FileChannel sun.nio.ch.FileChannelImpl@3d0ee334
[pool-1707-thread-1] DEBUG org.apache.nifi.processors.standard.AbstractTestTailFileScenario$1 - [id=fe97a670-fb2c-4a04-be75-4acd96e87485] Recovering Rolled Off Files; total number of files rolled off = 0
[pool-1707-thread-1] DEBUG org.apache.nifi.processors.standard.AbstractTestTailFileScenario$1 - [id=fe97a670-fb2c-4a04-be75-4acd96e87485] Created FileChannel sun.nio.ch.FileChannelImpl@35115773 for target/testTailFileScenario/in.txt
[pool-1707-thread-1] DEBUG org.apache.nifi.processors.standard.AbstractTestTailFileScenario$1 - [id=fe97a670-fb2c-4a04-be75-4acd96e87485] Reading lines starting at position 9
[pool-1707-thread-1] TRACE org.apache.nifi.processors.standard.AbstractTestTailFileScenario$1 - [id=fe97a670-fb2c-4a04-be75-4acd96e87485] Checksum updated to 1334256897
[pool-1707-thread-1] TRACE org.apache.nifi.processors.standard.AbstractTestTailFileScenario$1 - [id=fe97a670-fb2c-4a04-be75-4acd96e87485] Checksum updated to 1168093472
[pool-1707-thread-1] DEBUG org.apache.nifi.processors.standard.AbstractTestTailFileScenario$1 - [id=fe97a670-fb2c-4a04-be75-4acd96e87485] Created FlowFile[1,in.9-28.txt,19B] and routed to success
[main] DEBUG org.apache.nifi.processors.standard.AbstractTestTailFileScenario$1 - [id=fe97a670-fb2c-4a04-be75-4acd96e87485] Closed FileChannel sun.nio.ch.FileChannelImpl@35115773
[pool-1708-thread-1] DEBUG org.apache.nifi.processors.standard.AbstractTestTailFileScenario$1 - [id=fe97a670-fb2c-4a04-be75-4acd96e87485] Recovering Rolled Off Files; total number of files rolled off = 0
[pool-1708-thread-1] DEBUG org.apache.nifi.processors.standard.AbstractTestTailFileScenario$1 - [id=fe97a670-fb2c-4a04-be75-4acd96e87485] Created FileChannel sun.nio.ch.FileChannelImpl@7b46b23a for target/testTailFileScenario/in.txt
[pool-1708-thread-1] DEBUG org.apache.nifi.processors.standard.AbstractTestTailFileScenario$1 - [id=fe97a670-fb2c-4a04-be75-4acd96e87485] No data to consume; created no FlowFiles
[main] DEBUG org.apache.nifi.processors.standard.AbstractTestTailFileScenario$1 - [id=fe97a670-fb2c-4a04-be75-4acd96e87485] Closed FileChannel sun.nio.ch.FileChannelImpl@7b46b23a
[pool-1709-thread-1] DEBUG org.apache.nifi.processors.standard.AbstractTestTailFileScenario$1 - [id=fe97a670-fb2c-4a04-be75-4acd96e87485] Recovering Rolled Off Files; total number of files rolled off = 0
[pool-1709-thread-1] DEBUG org.apache.nifi.processors.standard.AbstractTestTailFileScenario$1 - [id=fe97a670-fb2c-4a04-be75-4acd96e87485] Created FileChannel sun.nio.ch.FileChannelImpl@62c59fc for target/testTailFileScenario/in.txt
[pool-1709-thread-1] DEBUG org.apache.nifi.processors.standard.AbstractTestTailFileScenario$1 - [id=fe97a670-fb2c-4a04-be75-4acd96e87485] No data to consume; created no FlowFiles
[main] DEBUG org.apache.nifi.processors.standard.AbstractTestTailFileScenario$1 - [id=fe97a670-fb2c-4a04-be75-4acd96e87485] Closed FileChannel sun.nio.ch.FileChannelImpl@62c59fc
]]></system-err>
  </testcase>
  <testcase name="testSimpleScenario3" classname="org.apache.nifi.processors.standard.TestTailFileSimpleScenarios" time="0.009">
    <system-err><![CDATA[[pool-1710-thread-1] DEBUG org.apache.nifi.processors.standard.AbstractTestTailFileScenario$1 - [id=bedd0956-ffac-4169-9ac3-4aa32dfdbf85] Created FileChannel sun.nio.ch.FileChannelImpl@760f6134 for target/testTailFileScenario/in.txt
[pool-1710-thread-1] DEBUG org.apache.nifi.processors.standard.AbstractTestTailFileScenario$1 - [id=bedd0956-ffac-4169-9ac3-4aa32dfdbf85] No data to consume; created no FlowFiles
[pool-1711-thread-1] DEBUG org.apache.nifi.processors.standard.AbstractTestTailFileScenario$1 - [id=bedd0956-ffac-4169-9ac3-4aa32dfdbf85] Recovering Rolled Off Files; total number of files rolled off = 0
[pool-1711-thread-1] DEBUG org.apache.nifi.processors.standard.AbstractTestTailFileScenario$1 - [id=bedd0956-ffac-4169-9ac3-4aa32dfdbf85] Reading lines starting at position 0
[pool-1711-thread-1] DEBUG org.apache.nifi.processors.standard.AbstractTestTailFileScenario$1 - [id=bedd0956-ffac-4169-9ac3-4aa32dfdbf85] No data to consume; removed created FlowFile
[pool-1711-thread-1] WARN org.apache.nifi.processors.standard.AbstractTestTailFileScenario$1 - [id=bedd0956-ffac-4169-9ac3-4aa32dfdbf85] NUL character encountered in target/testTailFileScenario/in.txt and 'Reread when NUL encountered' is set to 'true', yielding.
[pool-1712-thread-1] DEBUG org.apache.nifi.processors.standard.AbstractTestTailFileScenario$1 - [id=bedd0956-ffac-4169-9ac3-4aa32dfdbf85] Recovering Rolled Off Files; total number of files rolled off = 0
[pool-1712-thread-1] DEBUG org.apache.nifi.processors.standard.AbstractTestTailFileScenario$1 - [id=bedd0956-ffac-4169-9ac3-4aa32dfdbf85] Reading lines starting at position 0
[pool-1712-thread-1] TRACE org.apache.nifi.processors.standard.AbstractTestTailFileScenario$1 - [id=bedd0956-ffac-4169-9ac3-4aa32dfdbf85] Checksum updated to 2979935890
[pool-1712-thread-1] TRACE org.apache.nifi.processors.standard.AbstractTestTailFileScenario$1 - [id=bedd0956-ffac-4169-9ac3-4aa32dfdbf85] Checksum updated to 744975053
[pool-1712-thread-1] DEBUG org.apache.nifi.processors.standard.AbstractTestTailFileScenario$1 - [id=bedd0956-ffac-4169-9ac3-4aa32dfdbf85] Created FlowFile[1,in.0-19.txt,19B] and routed to success
[pool-1713-thread-1] DEBUG org.apache.nifi.processors.standard.AbstractTestTailFileScenario$1 - [id=bedd0956-ffac-4169-9ac3-4aa32dfdbf85] Recovering Rolled Off Files; total number of files rolled off = 0
[pool-1713-thread-1] DEBUG org.apache.nifi.processors.standard.AbstractTestTailFileScenario$1 - [id=bedd0956-ffac-4169-9ac3-4aa32dfdbf85] No data to consume; created no FlowFiles
[pool-1714-thread-1] DEBUG org.apache.nifi.processors.standard.AbstractTestTailFileScenario$1 - [id=bedd0956-ffac-4169-9ac3-4aa32dfdbf85] Recovering Rolled Off Files; total number of files rolled off = 0
[pool-1714-thread-1] DEBUG org.apache.nifi.processors.standard.AbstractTestTailFileScenario$1 - [id=bedd0956-ffac-4169-9ac3-4aa32dfdbf85] No data to consume; created no FlowFiles
[main] DEBUG org.apache.nifi.processors.standard.AbstractTestTailFileScenario$1 - [id=bedd0956-ffac-4169-9ac3-4aa32dfdbf85] Closed FileChannel sun.nio.ch.FileChannelImpl@760f6134
[pool-1715-thread-1] DEBUG org.apache.nifi.processors.standard.AbstractTestTailFileScenario$1 - [id=3c948faf-8bb0-4cbf-816e-0b3e5be6ba4e] Created FileChannel sun.nio.ch.FileChannelImpl@575573df for target/testTailFileScenario/in.txt
[pool-1715-thread-1] DEBUG org.apache.nifi.processors.standard.AbstractTestTailFileScenario$1 - [id=3c948faf-8bb0-4cbf-816e-0b3e5be6ba4e] No data to consume; created no FlowFiles
[pool-1716-thread-1] DEBUG org.apache.nifi.processors.standard.AbstractTestTailFileScenario$1 - [id=3c948faf-8bb0-4cbf-816e-0b3e5be6ba4e] Recovering Rolled Off Files; total number of files rolled off = 0
[pool-1716-thread-1] DEBUG org.apache.nifi.processors.standard.AbstractTestTailFileScenario$1 - [id=3c948faf-8bb0-4cbf-816e-0b3e5be6ba4e] Reading lines starting at position 0
[pool-1716-thread-1] DEBUG org.apache.nifi.processors.standard.AbstractTestTailFileScenario$1 - [id=3c948faf-8bb0-4cbf-816e-0b3e5be6ba4e] No data to consume; removed created FlowFile
[pool-1716-thread-1] WARN org.apache.nifi.processors.standard.AbstractTestTailFileScenario$1 - [id=3c948faf-8bb0-4cbf-816e-0b3e5be6ba4e] NUL character encountered in target/testTailFileScenario/in.txt and 'Reread when NUL encountered' is set to 'true', yielding.
[main] DEBUG org.apache.nifi.processors.standard.AbstractTestTailFileScenario$1 - [id=3c948faf-8bb0-4cbf-816e-0b3e5be6ba4e] Closed FileChannel sun.nio.ch.FileChannelImpl@575573df
[pool-1717-thread-1] DEBUG org.apache.nifi.processors.standard.AbstractTestTailFileScenario$1 - [id=3c948faf-8bb0-4cbf-816e-0b3e5be6ba4e] Recovering Rolled Off Files; total number of files rolled off = 0
[pool-1717-thread-1] DEBUG org.apache.nifi.processors.standard.AbstractTestTailFileScenario$1 - [id=3c948faf-8bb0-4cbf-816e-0b3e5be6ba4e] Created FileChannel sun.nio.ch.FileChannelImpl@1903f0e4 for target/testTailFileScenario/in.txt
[pool-1717-thread-1] DEBUG org.apache.nifi.processors.standard.AbstractTestTailFileScenario$1 - [id=3c948faf-8bb0-4cbf-816e-0b3e5be6ba4e] Reading lines starting at position 0
[pool-1717-thread-1] TRACE org.apache.nifi.processors.standard.AbstractTestTailFileScenario$1 - [id=3c948faf-8bb0-4cbf-816e-0b3e5be6ba4e] Checksum updated to 2979935890
[pool-1717-thread-1] TRACE org.apache.nifi.processors.standard.AbstractTestTailFileScenario$1 - [id=3c948faf-8bb0-4cbf-816e-0b3e5be6ba4e] Checksum updated to 744975053
[pool-1717-thread-1] DEBUG org.apache.nifi.processors.standard.AbstractTestTailFileScenario$1 - [id=3c948faf-8bb0-4cbf-816e-0b3e5be6ba4e] Created FlowFile[1,in.0-19.txt,19B] and routed to success
[main] DEBUG org.apache.nifi.processors.standard.AbstractTestTailFileScenario$1 - [id=3c948faf-8bb0-4cbf-816e-0b3e5be6ba4e] Closed FileChannel sun.nio.ch.FileChannelImpl@1903f0e4
[pool-1718-thread-1] DEBUG org.apache.nifi.processors.standard.AbstractTestTailFileScenario$1 - [id=3c948faf-8bb0-4cbf-816e-0b3e5be6ba4e] Recovering Rolled Off Files; total number of files rolled off = 0
[pool-1718-thread-1] DEBUG org.apache.nifi.processors.standard.AbstractTestTailFileScenario$1 - [id=3c948faf-8bb0-4cbf-816e-0b3e5be6ba4e] Created FileChannel sun.nio.ch.FileChannelImpl@20dda00b for target/testTailFileScenario/in.txt
[pool-1718-thread-1] DEBUG org.apache.nifi.processors.standard.AbstractTestTailFileScenario$1 - [id=3c948faf-8bb0-4cbf-816e-0b3e5be6ba4e] No data to consume; created no FlowFiles
[main] DEBUG org.apache.nifi.processors.standard.AbstractTestTailFileScenario$1 - [id=3c948faf-8bb0-4cbf-816e-0b3e5be6ba4e] Closed FileChannel sun.nio.ch.FileChannelImpl@20dda00b
[pool-1719-thread-1] DEBUG org.apache.nifi.processors.standard.AbstractTestTailFileScenario$1 - [id=3c948faf-8bb0-4cbf-816e-0b3e5be6ba4e] Recovering Rolled Off Files; total number of files rolled off = 0
[pool-1719-thread-1] DEBUG org.apache.nifi.processors.standard.AbstractTestTailFileScenario$1 - [id=3c948faf-8bb0-4cbf-816e-0b3e5be6ba4e] Created FileChannel sun.nio.ch.FileChannelImpl@cfda210 for target/testTailFileScenario/in.txt
[pool-1719-thread-1] DEBUG org.apache.nifi.processors.standard.AbstractTestTailFileScenario$1 - [id=3c948faf-8bb0-4cbf-816e-0b3e5be6ba4e] No data to consume; created no FlowFiles
[main] DEBUG org.apache.nifi.processors.standard.AbstractTestTailFileScenario$1 - [id=3c948faf-8bb0-4cbf-816e-0b3e5be6ba4e] Closed FileChannel sun.nio.ch.FileChannelImpl@cfda210
]]></system-err>
  </testcase>
  <testcase name="testSimpleScenario4" classname="org.apache.nifi.processors.standard.TestTailFileSimpleScenarios" time="0.011">
    <system-err><![CDATA[[pool-1720-thread-1] DEBUG org.apache.nifi.processors.standard.AbstractTestTailFileScenario$1 - [id=8f65f5e8-0195-4c22-82f4-2a663fb3ef11] Created FileChannel sun.nio.ch.FileChannelImpl@7a794c51 for target/testTailFileScenario/in.txt
[pool-1720-thread-1] DEBUG org.apache.nifi.processors.standard.AbstractTestTailFileScenario$1 - [id=8f65f5e8-0195-4c22-82f4-2a663fb3ef11] No data to consume; created no FlowFiles
[pool-1721-thread-1] DEBUG org.apache.nifi.processors.standard.AbstractTestTailFileScenario$1 - [id=8f65f5e8-0195-4c22-82f4-2a663fb3ef11] Recovering Rolled Off Files; total number of files rolled off = 1
[pool-1721-thread-1] DEBUG org.apache.nifi.processors.standard.AbstractTestTailFileScenario$1 - [id=8f65f5e8-0195-4c22-82f4-2a663fb3ef11] Checksum for target/testTailFileScenario/in.txt.1 matched expected checksum. Will skip first 0 bytes
[pool-1721-thread-1] DEBUG org.apache.nifi.processors.standard.AbstractTestTailFileScenario$1 - [id=8f65f5e8-0195-4c22-82f4-2a663fb3ef11] Reading lines starting at position 0
[pool-1721-thread-1] TRACE org.apache.nifi.processors.standard.AbstractTestTailFileScenario$1 - [id=8f65f5e8-0195-4c22-82f4-2a663fb3ef11] Checksum updated to 314346298
[pool-1721-thread-1] DEBUG org.apache.nifi.processors.standard.AbstractTestTailFileScenario$1 - [id=8f65f5e8-0195-4c22-82f4-2a663fb3ef11] Created FlowFile[0,in.txt.1,9B] from rolled over file target/testTailFileScenario/in.txt.1 and routed to success
[pool-1721-thread-1] DEBUG org.apache.nifi.processors.standard.AbstractTestTailFileScenario$1 - [id=8f65f5e8-0195-4c22-82f4-2a663fb3ef11] File target/testTailFileScenario/in.txt.1 has been rolled over, but it was updated 6 millis ago, which is less than the configured Post-Rollover Tail Period (100000 ms), so will continue tailing
[pool-1721-thread-1] DEBUG org.apache.nifi.processors.standard.AbstractTestTailFileScenario$1 - [id=8f65f5e8-0195-4c22-82f4-2a663fb3ef11] File target/testTailFileScenario/in.txt was rolled over and the Rollover Tail Period is set, so will not consume from new file during this iteration.
[pool-1722-thread-1] DEBUG org.apache.nifi.processors.standard.AbstractTestTailFileScenario$1 - [id=8f65f5e8-0195-4c22-82f4-2a663fb3ef11] Recovering Rolled Off Files; total number of files rolled off = 1
[pool-1722-thread-1] DEBUG org.apache.nifi.processors.standard.AbstractTestTailFileScenario$1 - [id=8f65f5e8-0195-4c22-82f4-2a663fb3ef11] Checksum for target/testTailFileScenario/in.txt.1 matched expected checksum. Will skip first 9 bytes
[pool-1722-thread-1] DEBUG org.apache.nifi.processors.standard.AbstractTestTailFileScenario$1 - [id=8f65f5e8-0195-4c22-82f4-2a663fb3ef11] Reading lines starting at position 9
[pool-1722-thread-1] TRACE org.apache.nifi.processors.standard.AbstractTestTailFileScenario$1 - [id=8f65f5e8-0195-4c22-82f4-2a663fb3ef11] Checksum updated to 209674471
[pool-1722-thread-1] DEBUG org.apache.nifi.processors.standard.AbstractTestTailFileScenario$1 - [id=8f65f5e8-0195-4c22-82f4-2a663fb3ef11] Created FlowFile[1,in.txt.1,9B] from rolled over file target/testTailFileScenario/in.txt.1 and routed to success
[pool-1722-thread-1] DEBUG org.apache.nifi.processors.standard.AbstractTestTailFileScenario$1 - [id=8f65f5e8-0195-4c22-82f4-2a663fb3ef11] File target/testTailFileScenario/in.txt.1 has been rolled over, but it was updated 6 millis ago, which is less than the configured Post-Rollover Tail Period (100000 ms), so will continue tailing
[pool-1722-thread-1] DEBUG org.apache.nifi.processors.standard.AbstractTestTailFileScenario$1 - [id=8f65f5e8-0195-4c22-82f4-2a663fb3ef11] File target/testTailFileScenario/in.txt was rolled over and the Rollover Tail Period is set, so will not consume from new file during this iteration.
[pool-1723-thread-1] DEBUG org.apache.nifi.processors.standard.AbstractTestTailFileScenario$1 - [id=8f65f5e8-0195-4c22-82f4-2a663fb3ef11] Recovering Rolled Off Files; total number of files rolled off = 1
[pool-1723-thread-1] DEBUG org.apache.nifi.processors.standard.AbstractTestTailFileScenario$1 - [id=8f65f5e8-0195-4c22-82f4-2a663fb3ef11] Checksum for target/testTailFileScenario/in.txt.1 matched expected checksum. Will skip first 18 bytes
[pool-1723-thread-1] DEBUG org.apache.nifi.processors.standard.AbstractTestTailFileScenario$1 - [id=8f65f5e8-0195-4c22-82f4-2a663fb3ef11] Reading lines starting at position 18
[pool-1723-thread-1] TRACE org.apache.nifi.processors.standard.AbstractTestTailFileScenario$1 - [id=8f65f5e8-0195-4c22-82f4-2a663fb3ef11] Checksum updated to 209674471
[pool-1723-thread-1] TRACE org.apache.nifi.processors.standard.AbstractTestTailFileScenario$1 - [id=8f65f5e8-0195-4c22-82f4-2a663fb3ef11] Checksum updated to 209674471
[pool-1723-thread-1] DEBUG org.apache.nifi.processors.standard.AbstractTestTailFileScenario$1 - [id=8f65f5e8-0195-4c22-82f4-2a663fb3ef11] Completed tailing of file target/testTailFileScenario/in.txt; will cleanup state
[pool-1723-thread-1] DEBUG org.apache.nifi.processors.standard.AbstractTestTailFileScenario$1 - [id=8f65f5e8-0195-4c22-82f4-2a663fb3ef11] Closed FileChannel sun.nio.ch.FileChannelImpl@1cfa1c52
[pool-1723-thread-1] DEBUG org.apache.nifi.processors.standard.AbstractTestTailFileScenario$1 - [id=8f65f5e8-0195-4c22-82f4-2a663fb3ef11] Consumed the final data from target/testTailFileScenario/in.txt.1
[pool-1723-thread-1] DEBUG org.apache.nifi.processors.standard.AbstractTestTailFileScenario$1 - [id=8f65f5e8-0195-4c22-82f4-2a663fb3ef11] File target/testTailFileScenario/in.txt was rolled over and the Rollover Tail Period is set, so will not consume from new file during this iteration.
[pool-1724-thread-1] DEBUG org.apache.nifi.processors.standard.AbstractTestTailFileScenario$1 - [id=8f65f5e8-0195-4c22-82f4-2a663fb3ef11] Found rolled off file target/testTailFileScenario/in.txt.1 but its last modified timestamp is before the cutoff (Last Mod = 1714610016001, Cutoff = 1714610016002) so will not consume it
[pool-1724-thread-1] DEBUG org.apache.nifi.processors.standard.AbstractTestTailFileScenario$1 - [id=8f65f5e8-0195-4c22-82f4-2a663fb3ef11] Found rolled off file target/testTailFileScenario/in.txt but its last modified timestamp is before the cutoff (Last Mod = 1714610016001, Cutoff = 1714610016002) so will not consume it
[pool-1724-thread-1] DEBUG org.apache.nifi.processors.standard.AbstractTestTailFileScenario$1 - [id=8f65f5e8-0195-4c22-82f4-2a663fb3ef11] Recovering Rolled Off Files; total number of files rolled off = 0
[pool-1724-thread-1] DEBUG org.apache.nifi.processors.standard.AbstractTestTailFileScenario$1 - [id=8f65f5e8-0195-4c22-82f4-2a663fb3ef11] Created FileChannel sun.nio.ch.FileChannelImpl@5f9fc9c9 for target/testTailFileScenario/in.txt
[pool-1724-thread-1] DEBUG org.apache.nifi.processors.standard.AbstractTestTailFileScenario$1 - [id=8f65f5e8-0195-4c22-82f4-2a663fb3ef11] Rotated = true because TailFileState Length = 18, File Length = 10
[pool-1724-thread-1] DEBUG org.apache.nifi.processors.standard.AbstractTestTailFileScenario$1 - [id=8f65f5e8-0195-4c22-82f4-2a663fb3ef11] Closed FileChannel sun.nio.ch.FileChannelImpl@5f9fc9c9
[pool-1724-thread-1] DEBUG org.apache.nifi.processors.standard.AbstractTestTailFileScenario$1 - [id=8f65f5e8-0195-4c22-82f4-2a663fb3ef11] Created FileChannel sun.nio.ch.FileChannelImpl@5ba046e2 for target/testTailFileScenario/in.txt
[pool-1724-thread-1] DEBUG org.apache.nifi.processors.standard.AbstractTestTailFileScenario$1 - [id=8f65f5e8-0195-4c22-82f4-2a663fb3ef11] Reading lines starting at position 0
[pool-1724-thread-1] TRACE org.apache.nifi.processors.standard.AbstractTestTailFileScenario$1 - [id=8f65f5e8-0195-4c22-82f4-2a663fb3ef11] Checksum updated to 288907092
[pool-1724-thread-1] TRACE org.apache.nifi.processors.standard.AbstractTestTailFileScenario$1 - [id=8f65f5e8-0195-4c22-82f4-2a663fb3ef11] Checksum updated to 1589685025
[pool-1724-thread-1] DEBUG org.apache.nifi.processors.standard.AbstractTestTailFileScenario$1 - [id=8f65f5e8-0195-4c22-82f4-2a663fb3ef11] Created FlowFile[3,in.0-10.txt,10B] and routed to success
[main] DEBUG org.apache.nifi.processors.standard.AbstractTestTailFileScenario$1 - [id=8f65f5e8-0195-4c22-82f4-2a663fb3ef11] Closed FileChannel sun.nio.ch.FileChannelImpl@5ba046e2
[pool-1725-thread-1] DEBUG org.apache.nifi.processors.standard.AbstractTestTailFileScenario$1 - [id=f8b3d588-a9b4-4560-903c-e386415e5752] Created FileChannel sun.nio.ch.FileChannelImpl@d95aaec for target/testTailFileScenario/in.txt
[pool-1725-thread-1] DEBUG org.apache.nifi.processors.standard.AbstractTestTailFileScenario$1 - [id=f8b3d588-a9b4-4560-903c-e386415e5752] No data to consume; created no FlowFiles
[pool-1726-thread-1] DEBUG org.apache.nifi.processors.standard.AbstractTestTailFileScenario$1 - [id=f8b3d588-a9b4-4560-903c-e386415e5752] Recovering Rolled Off Files; total number of files rolled off = 1
[pool-1726-thread-1] DEBUG org.apache.nifi.processors.standard.AbstractTestTailFileScenario$1 - [id=f8b3d588-a9b4-4560-903c-e386415e5752] Checksum for target/testTailFileScenario/in.txt.1 matched expected checksum. Will skip first 0 bytes
[pool-1726-thread-1] DEBUG org.apache.nifi.processors.standard.AbstractTestTailFileScenario$1 - [id=f8b3d588-a9b4-4560-903c-e386415e5752] Reading lines starting at position 0
[pool-1726-thread-1] TRACE org.apache.nifi.processors.standard.AbstractTestTailFileScenario$1 - [id=f8b3d588-a9b4-4560-903c-e386415e5752] Checksum updated to 314346298
[pool-1726-thread-1] DEBUG org.apache.nifi.processors.standard.AbstractTestTailFileScenario$1 - [id=f8b3d588-a9b4-4560-903c-e386415e5752] Created FlowFile[0,in.txt.1,9B] from rolled over file target/testTailFileScenario/in.txt.1 and routed to success
[pool-1726-thread-1] DEBUG org.apache.nifi.processors.standard.AbstractTestTailFileScenario$1 - [id=f8b3d588-a9b4-4560-903c-e386415e5752] File target/testTailFileScenario/in.txt.1 has been rolled over, but it was updated 7 millis ago, which is less than the configured Post-Rollover Tail Period (100000 ms), so will continue tailing
[pool-1726-thread-1] DEBUG org.apache.nifi.processors.standard.AbstractTestTailFileScenario$1 - [id=f8b3d588-a9b4-4560-903c-e386415e5752] File target/testTailFileScenario/in.txt was rolled over and the Rollover Tail Period is set, so will not consume from new file during this iteration.
[main] DEBUG org.apache.nifi.processors.standard.AbstractTestTailFileScenario$1 - [id=f8b3d588-a9b4-4560-903c-e386415e5752] Closed FileChannel sun.nio.ch.FileChannelImpl@64471776
[pool-1727-thread-1] DEBUG org.apache.nifi.processors.standard.AbstractTestTailFileScenario$1 - [id=f8b3d588-a9b4-4560-903c-e386415e5752] Recovering Rolled Off Files; total number of files rolled off = 1
[pool-1727-thread-1] DEBUG org.apache.nifi.processors.standard.AbstractTestTailFileScenario$1 - [id=f8b3d588-a9b4-4560-903c-e386415e5752] Checksum for target/testTailFileScenario/in.txt.1 matched expected checksum. Will skip first 9 bytes
[pool-1727-thread-1] DEBUG org.apache.nifi.processors.standard.AbstractTestTailFileScenario$1 - [id=f8b3d588-a9b4-4560-903c-e386415e5752] Reading lines starting at position 9
[pool-1727-thread-1] TRACE org.apache.nifi.processors.standard.AbstractTestTailFileScenario$1 - [id=f8b3d588-a9b4-4560-903c-e386415e5752] Checksum updated to 209674471
[pool-1727-thread-1] DEBUG org.apache.nifi.processors.standard.AbstractTestTailFileScenario$1 - [id=f8b3d588-a9b4-4560-903c-e386415e5752] Created FlowFile[1,in.txt.1,9B] from rolled over file target/testTailFileScenario/in.txt.1 and routed to success
[pool-1727-thread-1] DEBUG org.apache.nifi.processors.standard.AbstractTestTailFileScenario$1 - [id=f8b3d588-a9b4-4560-903c-e386415e5752] File target/testTailFileScenario/in.txt.1 has been rolled over, but it was updated 8 millis ago, which is less than the configured Post-Rollover Tail Period (100000 ms), so will continue tailing
[pool-1727-thread-1] DEBUG org.apache.nifi.processors.standard.AbstractTestTailFileScenario$1 - [id=f8b3d588-a9b4-4560-903c-e386415e5752] File target/testTailFileScenario/in.txt was rolled over and the Rollover Tail Period is set, so will not consume from new file during this iteration.
[main] DEBUG org.apache.nifi.processors.standard.AbstractTestTailFileScenario$1 - [id=f8b3d588-a9b4-4560-903c-e386415e5752] Closed FileChannel sun.nio.ch.FileChannelImpl@53f5f9d9
[pool-1728-thread-1] DEBUG org.apache.nifi.processors.standard.AbstractTestTailFileScenario$1 - [id=f8b3d588-a9b4-4560-903c-e386415e5752] Recovering Rolled Off Files; total number of files rolled off = 1
[pool-1728-thread-1] DEBUG org.apache.nifi.processors.standard.AbstractTestTailFileScenario$1 - [id=f8b3d588-a9b4-4560-903c-e386415e5752] Checksum for target/testTailFileScenario/in.txt.1 matched expected checksum. Will skip first 18 bytes
[pool-1728-thread-1] DEBUG org.apache.nifi.processors.standard.AbstractTestTailFileScenario$1 - [id=f8b3d588-a9b4-4560-903c-e386415e5752] Reading lines starting at position 18
[pool-1728-thread-1] TRACE org.apache.nifi.processors.standard.AbstractTestTailFileScenario$1 - [id=f8b3d588-a9b4-4560-903c-e386415e5752] Checksum updated to 209674471
[pool-1728-thread-1] TRACE org.apache.nifi.processors.standard.AbstractTestTailFileScenario$1 - [id=f8b3d588-a9b4-4560-903c-e386415e5752] Checksum updated to 209674471
[pool-1728-thread-1] DEBUG org.apache.nifi.processors.standard.AbstractTestTailFileScenario$1 - [id=f8b3d588-a9b4-4560-903c-e386415e5752] Completed tailing of file target/testTailFileScenario/in.txt; will cleanup state
[pool-1728-thread-1] DEBUG org.apache.nifi.processors.standard.AbstractTestTailFileScenario$1 - [id=f8b3d588-a9b4-4560-903c-e386415e5752] Consumed the final data from target/testTailFileScenario/in.txt.1
[pool-1728-thread-1] DEBUG org.apache.nifi.processors.standard.AbstractTestTailFileScenario$1 - [id=f8b3d588-a9b4-4560-903c-e386415e5752] File target/testTailFileScenario/in.txt was rolled over and the Rollover Tail Period is set, so will not consume from new file during this iteration.
[pool-1729-thread-1] DEBUG org.apache.nifi.processors.standard.AbstractTestTailFileScenario$1 - [id=f8b3d588-a9b4-4560-903c-e386415e5752] Found rolled off file target/testTailFileScenario/in.txt.1 but its last modified timestamp is before the cutoff (Last Mod = 1714610016005, Cutoff = 1714610016006) so will not consume it
[pool-1729-thread-1] DEBUG org.apache.nifi.processors.standard.AbstractTestTailFileScenario$1 - [id=f8b3d588-a9b4-4560-903c-e386415e5752] Recovering Rolled Off Files; total number of files rolled off = 0
[pool-1729-thread-1] DEBUG org.apache.nifi.processors.standard.AbstractTestTailFileScenario$1 - [id=f8b3d588-a9b4-4560-903c-e386415e5752] Created FileChannel sun.nio.ch.FileChannelImpl@2263f2b8 for target/testTailFileScenario/in.txt
[pool-1729-thread-1] DEBUG org.apache.nifi.processors.standard.AbstractTestTailFileScenario$1 - [id=f8b3d588-a9b4-4560-903c-e386415e5752] Rotated = true because TailFileState Length = 18, File Length = 10
[pool-1729-thread-1] DEBUG org.apache.nifi.processors.standard.AbstractTestTailFileScenario$1 - [id=f8b3d588-a9b4-4560-903c-e386415e5752] Closed FileChannel sun.nio.ch.FileChannelImpl@2263f2b8
[pool-1729-thread-1] DEBUG org.apache.nifi.processors.standard.AbstractTestTailFileScenario$1 - [id=f8b3d588-a9b4-4560-903c-e386415e5752] Created FileChannel sun.nio.ch.FileChannelImpl@265c722c for target/testTailFileScenario/in.txt
[pool-1729-thread-1] DEBUG org.apache.nifi.processors.standard.AbstractTestTailFileScenario$1 - [id=f8b3d588-a9b4-4560-903c-e386415e5752] Reading lines starting at position 0
[pool-1729-thread-1] TRACE org.apache.nifi.processors.standard.AbstractTestTailFileScenario$1 - [id=f8b3d588-a9b4-4560-903c-e386415e5752] Checksum updated to 288907092
[pool-1729-thread-1] TRACE org.apache.nifi.processors.standard.AbstractTestTailFileScenario$1 - [id=f8b3d588-a9b4-4560-903c-e386415e5752] Checksum updated to 1589685025
[pool-1729-thread-1] DEBUG org.apache.nifi.processors.standard.AbstractTestTailFileScenario$1 - [id=f8b3d588-a9b4-4560-903c-e386415e5752] Created FlowFile[3,in.0-10.txt,10B] and routed to success
[main] DEBUG org.apache.nifi.processors.standard.AbstractTestTailFileScenario$1 - [id=f8b3d588-a9b4-4560-903c-e386415e5752] Closed FileChannel sun.nio.ch.FileChannelImpl@265c722c
]]></system-err>
  </testcase>
  <testcase name="testSimpleScenario5" classname="org.apache.nifi.processors.standard.TestTailFileSimpleScenarios" time="0.011">
    <system-err><![CDATA[[pool-1730-thread-1] DEBUG org.apache.nifi.processors.standard.AbstractTestTailFileScenario$1 - [id=fea05258-1e05-49a0-927f-60787ba69c7f] Created FileChannel sun.nio.ch.FileChannelImpl@2aec33ac for target/testTailFileScenario/in.txt
[pool-1730-thread-1] DEBUG org.apache.nifi.processors.standard.AbstractTestTailFileScenario$1 - [id=fea05258-1e05-49a0-927f-60787ba69c7f] No data to consume; created no FlowFiles
[pool-1731-thread-1] DEBUG org.apache.nifi.processors.standard.AbstractTestTailFileScenario$1 - [id=fea05258-1e05-49a0-927f-60787ba69c7f] Recovering Rolled Off Files; total number of files rolled off = 0
[pool-1731-thread-1] DEBUG org.apache.nifi.processors.standard.AbstractTestTailFileScenario$1 - [id=fea05258-1e05-49a0-927f-60787ba69c7f] Reading lines starting at position 0
[pool-1731-thread-1] TRACE org.apache.nifi.processors.standard.AbstractTestTailFileScenario$1 - [id=fea05258-1e05-49a0-927f-60787ba69c7f] Checksum updated to 314346298
[pool-1731-thread-1] DEBUG org.apache.nifi.processors.standard.AbstractTestTailFileScenario$1 - [id=fea05258-1e05-49a0-927f-60787ba69c7f] Created FlowFile[0,in.0-9.txt,9B] and routed to success
[pool-1732-thread-1] DEBUG org.apache.nifi.processors.standard.AbstractTestTailFileScenario$1 - [id=fea05258-1e05-49a0-927f-60787ba69c7f] Recovering Rolled Off Files; total number of files rolled off = 0
[pool-1732-thread-1] DEBUG org.apache.nifi.processors.standard.AbstractTestTailFileScenario$1 - [id=fea05258-1e05-49a0-927f-60787ba69c7f] Reading lines starting at position 9
[pool-1732-thread-1] TRACE org.apache.nifi.processors.standard.AbstractTestTailFileScenario$1 - [id=fea05258-1e05-49a0-927f-60787ba69c7f] Checksum updated to 209674471
[pool-1732-thread-1] DEBUG org.apache.nifi.processors.standard.AbstractTestTailFileScenario$1 - [id=fea05258-1e05-49a0-927f-60787ba69c7f] Created FlowFile[1,in.9-18.txt,9B] and routed to success
[pool-1732-thread-1] WARN org.apache.nifi.processors.standard.AbstractTestTailFileScenario$1 - [id=fea05258-1e05-49a0-927f-60787ba69c7f] NUL character encountered in target/testTailFileScenario/in.txt and 'Reread when NUL encountered' is set to 'true', yielding.
[pool-1733-thread-1] DEBUG org.apache.nifi.processors.standard.AbstractTestTailFileScenario$1 - [id=fea05258-1e05-49a0-927f-60787ba69c7f] Recovering Rolled Off Files; total number of files rolled off = 1
[pool-1733-thread-1] DEBUG org.apache.nifi.processors.standard.AbstractTestTailFileScenario$1 - [id=fea05258-1e05-49a0-927f-60787ba69c7f] Checksum for target/testTailFileScenario/in.txt.1 matched expected checksum. Will skip first 18 bytes
[pool-1733-thread-1] DEBUG org.apache.nifi.processors.standard.AbstractTestTailFileScenario$1 - [id=fea05258-1e05-49a0-927f-60787ba69c7f] Reading lines starting at position 18
[pool-1733-thread-1] TRACE org.apache.nifi.processors.standard.AbstractTestTailFileScenario$1 - [id=fea05258-1e05-49a0-927f-60787ba69c7f] Checksum updated to 2247465940
[pool-1733-thread-1] TRACE org.apache.nifi.processors.standard.AbstractTestTailFileScenario$1 - [id=fea05258-1e05-49a0-927f-60787ba69c7f] Checksum updated to 3018646981
[pool-1733-thread-1] DEBUG org.apache.nifi.processors.standard.AbstractTestTailFileScenario$1 - [id=fea05258-1e05-49a0-927f-60787ba69c7f] Created FlowFile[2,in.txt.1,11B] from rolled over file target/testTailFileScenario/in.txt.1 and routed to success
[pool-1733-thread-1] DEBUG org.apache.nifi.processors.standard.AbstractTestTailFileScenario$1 - [id=fea05258-1e05-49a0-927f-60787ba69c7f] File target/testTailFileScenario/in.txt.1 has been rolled over, but it was updated 7 millis ago, which is less than the configured Post-Rollover Tail Period (100000 ms), so will continue tailing
[pool-1733-thread-1] DEBUG org.apache.nifi.processors.standard.AbstractTestTailFileScenario$1 - [id=fea05258-1e05-49a0-927f-60787ba69c7f] File target/testTailFileScenario/in.txt was rolled over and the Rollover Tail Period is set, so will not consume from new file during this iteration.
[pool-1734-thread-1] DEBUG org.apache.nifi.processors.standard.AbstractTestTailFileScenario$1 - [id=fea05258-1e05-49a0-927f-60787ba69c7f] Recovering Rolled Off Files; total number of files rolled off = 1
[pool-1734-thread-1] DEBUG org.apache.nifi.processors.standard.AbstractTestTailFileScenario$1 - [id=fea05258-1e05-49a0-927f-60787ba69c7f] Checksum for target/testTailFileScenario/in.txt.1 matched expected checksum. Will skip first 29 bytes
[pool-1734-thread-1] DEBUG org.apache.nifi.processors.standard.AbstractTestTailFileScenario$1 - [id=fea05258-1e05-49a0-927f-60787ba69c7f] Reading lines starting at position 29
[pool-1734-thread-1] TRACE org.apache.nifi.processors.standard.AbstractTestTailFileScenario$1 - [id=fea05258-1e05-49a0-927f-60787ba69c7f] Checksum updated to 3018646981
[pool-1734-thread-1] TRACE org.apache.nifi.processors.standard.AbstractTestTailFileScenario$1 - [id=fea05258-1e05-49a0-927f-60787ba69c7f] Checksum updated to 3018646981
[pool-1734-thread-1] DEBUG org.apache.nifi.processors.standard.AbstractTestTailFileScenario$1 - [id=fea05258-1e05-49a0-927f-60787ba69c7f] Completed tailing of file target/testTailFileScenario/in.txt; will cleanup state
[pool-1734-thread-1] DEBUG org.apache.nifi.processors.standard.AbstractTestTailFileScenario$1 - [id=fea05258-1e05-49a0-927f-60787ba69c7f] Closed FileChannel sun.nio.ch.FileChannelImpl@58a2ee5d
[pool-1734-thread-1] DEBUG org.apache.nifi.processors.standard.AbstractTestTailFileScenario$1 - [id=fea05258-1e05-49a0-927f-60787ba69c7f] Consumed the final data from target/testTailFileScenario/in.txt.1
[pool-1734-thread-1] DEBUG org.apache.nifi.processors.standard.AbstractTestTailFileScenario$1 - [id=fea05258-1e05-49a0-927f-60787ba69c7f] File target/testTailFileScenario/in.txt was rolled over and the Rollover Tail Period is set, so will not consume from new file during this iteration.
[pool-1735-thread-1] DEBUG org.apache.nifi.processors.standard.AbstractTestTailFileScenario$1 - [id=fea05258-1e05-49a0-927f-60787ba69c7f] Found rolled off file target/testTailFileScenario/in.txt.1 but its last modified timestamp is before the cutoff (Last Mod = 1714610016013, Cutoff = 1714610016014) so will not consume it
[pool-1735-thread-1] DEBUG org.apache.nifi.processors.standard.AbstractTestTailFileScenario$1 - [id=fea05258-1e05-49a0-927f-60787ba69c7f] Found rolled off file target/testTailFileScenario/in.txt but its last modified timestamp is before the cutoff (Last Mod = 1714610016013, Cutoff = 1714610016014) so will not consume it
[pool-1735-thread-1] DEBUG org.apache.nifi.processors.standard.AbstractTestTailFileScenario$1 - [id=fea05258-1e05-49a0-927f-60787ba69c7f] Recovering Rolled Off Files; total number of files rolled off = 0
[pool-1735-thread-1] DEBUG org.apache.nifi.processors.standard.AbstractTestTailFileScenario$1 - [id=fea05258-1e05-49a0-927f-60787ba69c7f] Created FileChannel sun.nio.ch.FileChannelImpl@758cad88 for target/testTailFileScenario/in.txt
[pool-1735-thread-1] DEBUG org.apache.nifi.processors.standard.AbstractTestTailFileScenario$1 - [id=fea05258-1e05-49a0-927f-60787ba69c7f] Rotated = true because TailFileState Length = 29, File Length = 0
[pool-1735-thread-1] DEBUG org.apache.nifi.processors.standard.AbstractTestTailFileScenario$1 - [id=fea05258-1e05-49a0-927f-60787ba69c7f] Closed FileChannel sun.nio.ch.FileChannelImpl@758cad88
[pool-1735-thread-1] DEBUG org.apache.nifi.processors.standard.AbstractTestTailFileScenario$1 - [id=fea05258-1e05-49a0-927f-60787ba69c7f] Created FileChannel sun.nio.ch.FileChannelImpl@71b337e1 for target/testTailFileScenario/in.txt
[pool-1735-thread-1] DEBUG org.apache.nifi.processors.standard.AbstractTestTailFileScenario$1 - [id=fea05258-1e05-49a0-927f-60787ba69c7f] No data to consume; created no FlowFiles
[main] DEBUG org.apache.nifi.processors.standard.AbstractTestTailFileScenario$1 - [id=fea05258-1e05-49a0-927f-60787ba69c7f] Closed FileChannel sun.nio.ch.FileChannelImpl@71b337e1
[pool-1736-thread-1] DEBUG org.apache.nifi.processors.standard.AbstractTestTailFileScenario$1 - [id=4ad6cb6c-c3a0-4c07-8ce6-5bdae2c2e475] Created FileChannel sun.nio.ch.FileChannelImpl@6f882c2f for target/testTailFileScenario/in.txt
[pool-1736-thread-1] DEBUG org.apache.nifi.processors.standard.AbstractTestTailFileScenario$1 - [id=4ad6cb6c-c3a0-4c07-8ce6-5bdae2c2e475] No data to consume; created no FlowFiles
[pool-1737-thread-1] DEBUG org.apache.nifi.processors.standard.AbstractTestTailFileScenario$1 - [id=4ad6cb6c-c3a0-4c07-8ce6-5bdae2c2e475] Recovering Rolled Off Files; total number of files rolled off = 0
[pool-1737-thread-1] DEBUG org.apache.nifi.processors.standard.AbstractTestTailFileScenario$1 - [id=4ad6cb6c-c3a0-4c07-8ce6-5bdae2c2e475] Reading lines starting at position 0
[pool-1737-thread-1] TRACE org.apache.nifi.processors.standard.AbstractTestTailFileScenario$1 - [id=4ad6cb6c-c3a0-4c07-8ce6-5bdae2c2e475] Checksum updated to 314346298
[pool-1737-thread-1] DEBUG org.apache.nifi.processors.standard.AbstractTestTailFileScenario$1 - [id=4ad6cb6c-c3a0-4c07-8ce6-5bdae2c2e475] Created FlowFile[0,in.0-9.txt,9B] and routed to success
[main] DEBUG org.apache.nifi.processors.standard.AbstractTestTailFileScenario$1 - [id=4ad6cb6c-c3a0-4c07-8ce6-5bdae2c2e475] Closed FileChannel sun.nio.ch.FileChannelImpl@6f882c2f
[pool-1738-thread-1] DEBUG org.apache.nifi.processors.standard.AbstractTestTailFileScenario$1 - [id=4ad6cb6c-c3a0-4c07-8ce6-5bdae2c2e475] Recovering Rolled Off Files; total number of files rolled off = 0
[pool-1738-thread-1] DEBUG org.apache.nifi.processors.standard.AbstractTestTailFileScenario$1 - [id=4ad6cb6c-c3a0-4c07-8ce6-5bdae2c2e475] Created FileChannel sun.nio.ch.FileChannelImpl@5a21b685 for target/testTailFileScenario/in.txt
[pool-1738-thread-1] DEBUG org.apache.nifi.processors.standard.AbstractTestTailFileScenario$1 - [id=4ad6cb6c-c3a0-4c07-8ce6-5bdae2c2e475] Reading lines starting at position 9
[pool-1738-thread-1] TRACE org.apache.nifi.processors.standard.AbstractTestTailFileScenario$1 - [id=4ad6cb6c-c3a0-4c07-8ce6-5bdae2c2e475] Checksum updated to 209674471
[pool-1738-thread-1] DEBUG org.apache.nifi.processors.standard.AbstractTestTailFileScenario$1 - [id=4ad6cb6c-c3a0-4c07-8ce6-5bdae2c2e475] Created FlowFile[1,in.9-18.txt,9B] and routed to success
[pool-1738-thread-1] WARN org.apache.nifi.processors.standard.AbstractTestTailFileScenario$1 - [id=4ad6cb6c-c3a0-4c07-8ce6-5bdae2c2e475] NUL character encountered in target/testTailFileScenario/in.txt and 'Reread when NUL encountered' is set to 'true', yielding.
[main] DEBUG org.apache.nifi.processors.standard.AbstractTestTailFileScenario$1 - [id=4ad6cb6c-c3a0-4c07-8ce6-5bdae2c2e475] Closed FileChannel sun.nio.ch.FileChannelImpl@5a21b685
[pool-1739-thread-1] DEBUG org.apache.nifi.processors.standard.AbstractTestTailFileScenario$1 - [id=4ad6cb6c-c3a0-4c07-8ce6-5bdae2c2e475] Recovering Rolled Off Files; total number of files rolled off = 1
[pool-1739-thread-1] DEBUG org.apache.nifi.processors.standard.AbstractTestTailFileScenario$1 - [id=4ad6cb6c-c3a0-4c07-8ce6-5bdae2c2e475] Checksum for target/testTailFileScenario/in.txt.1 matched expected checksum. Will skip first 18 bytes
[pool-1739-thread-1] DEBUG org.apache.nifi.processors.standard.AbstractTestTailFileScenario$1 - [id=4ad6cb6c-c3a0-4c07-8ce6-5bdae2c2e475] Reading lines starting at position 18
[pool-1739-thread-1] TRACE org.apache.nifi.processors.standard.AbstractTestTailFileScenario$1 - [id=4ad6cb6c-c3a0-4c07-8ce6-5bdae2c2e475] Checksum updated to 2247465940
[pool-1739-thread-1] TRACE org.apache.nifi.processors.standard.AbstractTestTailFileScenario$1 - [id=4ad6cb6c-c3a0-4c07-8ce6-5bdae2c2e475] Checksum updated to 3018646981
[pool-1739-thread-1] DEBUG org.apache.nifi.processors.standard.AbstractTestTailFileScenario$1 - [id=4ad6cb6c-c3a0-4c07-8ce6-5bdae2c2e475] Created FlowFile[2,in.txt.1,11B] from rolled over file target/testTailFileScenario/in.txt.1 and routed to success
[pool-1739-thread-1] DEBUG org.apache.nifi.processors.standard.AbstractTestTailFileScenario$1 - [id=4ad6cb6c-c3a0-4c07-8ce6-5bdae2c2e475] File target/testTailFileScenario/in.txt.1 has been rolled over, but it was updated 5 millis ago, which is less than the configured Post-Rollover Tail Period (100000 ms), so will continue tailing
[pool-1739-thread-1] DEBUG org.apache.nifi.processors.standard.AbstractTestTailFileScenario$1 - [id=4ad6cb6c-c3a0-4c07-8ce6-5bdae2c2e475] File target/testTailFileScenario/in.txt was rolled over and the Rollover Tail Period is set, so will not consume from new file during this iteration.
[main] DEBUG org.apache.nifi.processors.standard.AbstractTestTailFileScenario$1 - [id=4ad6cb6c-c3a0-4c07-8ce6-5bdae2c2e475] Closed FileChannel sun.nio.ch.FileChannelImpl@6829adcf
[pool-1740-thread-1] DEBUG org.apache.nifi.processors.standard.AbstractTestTailFileScenario$1 - [id=4ad6cb6c-c3a0-4c07-8ce6-5bdae2c2e475] Recovering Rolled Off Files; total number of files rolled off = 1
[pool-1740-thread-1] DEBUG org.apache.nifi.processors.standard.AbstractTestTailFileScenario$1 - [id=4ad6cb6c-c3a0-4c07-8ce6-5bdae2c2e475] Checksum for target/testTailFileScenario/in.txt.1 matched expected checksum. Will skip first 29 bytes
[pool-1740-thread-1] DEBUG org.apache.nifi.processors.standard.AbstractTestTailFileScenario$1 - [id=4ad6cb6c-c3a0-4c07-8ce6-5bdae2c2e475] Reading lines starting at position 29
[pool-1740-thread-1] TRACE org.apache.nifi.processors.standard.AbstractTestTailFileScenario$1 - [id=4ad6cb6c-c3a0-4c07-8ce6-5bdae2c2e475] Checksum updated to 3018646981
[pool-1740-thread-1] TRACE org.apache.nifi.processors.standard.AbstractTestTailFileScenario$1 - [id=4ad6cb6c-c3a0-4c07-8ce6-5bdae2c2e475] Checksum updated to 3018646981
[pool-1740-thread-1] DEBUG org.apache.nifi.processors.standard.AbstractTestTailFileScenario$1 - [id=4ad6cb6c-c3a0-4c07-8ce6-5bdae2c2e475] Completed tailing of file target/testTailFileScenario/in.txt; will cleanup state
[pool-1740-thread-1] DEBUG org.apache.nifi.processors.standard.AbstractTestTailFileScenario$1 - [id=4ad6cb6c-c3a0-4c07-8ce6-5bdae2c2e475] Consumed the final data from target/testTailFileScenario/in.txt.1
[pool-1740-thread-1] DEBUG org.apache.nifi.processors.standard.AbstractTestTailFileScenario$1 - [id=4ad6cb6c-c3a0-4c07-8ce6-5bdae2c2e475] File target/testTailFileScenario/in.txt was rolled over and the Rollover Tail Period is set, so will not consume from new file during this iteration.
[pool-1741-thread-1] DEBUG org.apache.nifi.processors.standard.AbstractTestTailFileScenario$1 - [id=4ad6cb6c-c3a0-4c07-8ce6-5bdae2c2e475] Found rolled off file target/testTailFileScenario/in.txt.1 but its last modified timestamp is before the cutoff (Last Mod = 1714610016021, Cutoff = 1714610016022) so will not consume it
[pool-1741-thread-1] DEBUG org.apache.nifi.processors.standard.AbstractTestTailFileScenario$1 - [id=4ad6cb6c-c3a0-4c07-8ce6-5bdae2c2e475] Found rolled off file target/testTailFileScenario/in.txt but its last modified timestamp is before the cutoff (Last Mod = 1714610016021, Cutoff = 1714610016022) so will not consume it
[pool-1741-thread-1] DEBUG org.apache.nifi.processors.standard.AbstractTestTailFileScenario$1 - [id=4ad6cb6c-c3a0-4c07-8ce6-5bdae2c2e475] Recovering Rolled Off Files; total number of files rolled off = 0
[pool-1741-thread-1] DEBUG org.apache.nifi.processors.standard.AbstractTestTailFileScenario$1 - [id=4ad6cb6c-c3a0-4c07-8ce6-5bdae2c2e475] Created FileChannel sun.nio.ch.FileChannelImpl@2f941ca9 for target/testTailFileScenario/in.txt
[pool-1741-thread-1] DEBUG org.apache.nifi.processors.standard.AbstractTestTailFileScenario$1 - [id=4ad6cb6c-c3a0-4c07-8ce6-5bdae2c2e475] Rotated = true because TailFileState Length = 29, File Length = 0
[pool-1741-thread-1] DEBUG org.apache.nifi.processors.standard.AbstractTestTailFileScenario$1 - [id=4ad6cb6c-c3a0-4c07-8ce6-5bdae2c2e475] Closed FileChannel sun.nio.ch.FileChannelImpl@2f941ca9
[pool-1741-thread-1] DEBUG org.apache.nifi.processors.standard.AbstractTestTailFileScenario$1 - [id=4ad6cb6c-c3a0-4c07-8ce6-5bdae2c2e475] Created FileChannel sun.nio.ch.FileChannelImpl@2bab8d83 for target/testTailFileScenario/in.txt
[pool-1741-thread-1] DEBUG org.apache.nifi.processors.standard.AbstractTestTailFileScenario$1 - [id=4ad6cb6c-c3a0-4c07-8ce6-5bdae2c2e475] No data to consume; created no FlowFiles
[main] DEBUG org.apache.nifi.processors.standard.AbstractTestTailFileScenario$1 - [id=4ad6cb6c-c3a0-4c07-8ce6-5bdae2c2e475] Closed FileChannel sun.nio.ch.FileChannelImpl@2bab8d83
]]></system-err>
  </testcase>
</testsuite>