<?xml version="1.0" encoding="UTF-8"?>
<testsuite xmlns:xsi="http://www.w3.org/2001/XMLSchema-instance" xsi:noNamespaceSchemaLocation="https://maven.apache.org/surefire/maven-surefire-plugin/xsd/surefire-test-report-3.0.xsd" version="3.0" name="org.apache.nifi.processors.ignite.cache.TestPutIgniteCache" time="0.86" tests="12" errors="0" skipped="0" failures="0">
  <properties>
    <property name="sun.desktop" value="gnome"/>
    <property name="awt.toolkit" value="sun.awt.X11.XToolkit"/>
    <property name="file.encoding.pkg" value="sun.io"/>
    <property name="java.specification.version" value="1.8"/>
    <property name="sun.cpu.isalist" value=""/>
    <property name="sun.jnu.encoding" value="UTF-8"/>
    <property name="java.class.path" value="/home/alex/Repositories/nifi/nifi-nar-bundles/nifi-ignite-bundle/nifi-ignite-processors/target/test-classes:/home/alex/Repositories/nifi/nifi-nar-bundles/nifi-ignite-bundle/nifi-ignite-processors/target/classes:/home/alex/.m2/repository/org/apache/ignite/ignite-core/1.6.0/ignite-core-1.6.0.jar:/home/alex/.m2/repository/org/gridgain/ignite-shmem/1.0.0/ignite-shmem-1.0.0.jar:/home/alex/.m2/repository/org/apache/geronimo/specs/geronimo-jcache_1.0_spec/1.0-alpha-1/geronimo-jcache_1.0_spec-1.0-alpha-1.jar:/home/alex/.m2/repository/org/apache/commons/commons-lang3/3.9/commons-lang3-3.9.jar:/home/alex/.m2/repository/org/apache/ignite/ignite-log4j2/1.6.0/ignite-log4j2-1.6.0.jar:/home/alex/.m2/repository/org/apache/logging/log4j/log4j-api/2.3/log4j-api-2.3.jar:/home/alex/.m2/repository/org/apache/logging/log4j/log4j-core/2.3/log4j-core-2.3.jar:/home/alex/.m2/repository/org/apache/ignite/ignite-spring/1.6.0/ignite-spring-1.6.0.jar:/home/alex/.m2/repository/org/springframework/spring-core/5.3.11/spring-core-5.3.11.jar:/home/alex/.m2/repository/org/springframework/spring-jcl/5.3.11/spring-jcl-5.3.11.jar:/home/alex/.m2/repository/org/springframework/spring-aop/5.3.11/spring-aop-5.3.11.jar:/home/alex/.m2/repository/org/springframework/spring-beans/5.3.11/spring-beans-5.3.11.jar:/home/alex/.m2/repository/org/springframework/spring-context/5.3.11/spring-context-5.3.11.jar:/home/alex/.m2/repository/org/springframework/spring-expression/5.3.11/spring-expression-5.3.11.jar:/home/alex/.m2/repository/org/springframework/spring-tx/5.3.11/spring-tx-5.3.11.jar:/home/alex/.m2/repository/org/springframework/spring-jdbc/5.3.11/spring-jdbc-5.3.11.jar:/home/alex/.m2/repository/commons-logging/commons-logging/1.1.1/commons-logging-1.1.1.jar:/home/alex/Repositories/nifi/nifi-api/target/classes:/home/alex/Repositories/nifi/nifi-commons/nifi-utils/target/classes:/home/alex/.m2/repository/commons-io/commons-io/2.10.0/commons-io-2.10.0.jar:/home/alex/Repositories/nifi/nifi-mock/target/classes:/home/alex/Repositories/nifi/nifi-framework-api/target/classes:/home/alex/Repositories/nifi/nifi-commons/nifi-parameter/target/classes:/home/alex/Repositories/nifi/nifi-nar-bundles/nifi-framework-bundle/nifi-framework/nifi-framework-core-api/target/classes:/home/alex/Repositories/nifi/nifi-nar-bundles/nifi-framework-bundle/nifi-framework/nifi-framework-nar-utils/target/classes:/home/alex/Repositories/nifi/nifi-nar-bundles/nifi-framework-bundle/nifi-framework/nifi-client-dto/target/classes:/home/alex/.m2/repository/io/swagger/swagger-annotations/1.6.0/swagger-annotations-1.6.0.jar:/home/alex/Repositories/nifi/nifi-commons/nifi-site-to-site-client/target/classes:/home/alex/Repositories/nifi/nifi-commons/nifi-security-utils/target/classes:/home/alex/Repositories/nifi/nifi-commons/nifi-security-utils-api/target/classes:/home/alex/Repositories/nifi/nifi-commons/nifi-security-kms/target/classes:/home/alex/.m2/repository/org/bouncycastle/bcprov-jdk15on/1.69/bcprov-jdk15on-1.69.jar:/home/alex/.m2/repository/org/bouncycastle/bcpkix-jdk15on/1.69/bcpkix-jdk15on-1.69.jar:/home/alex/.m2/repository/org/bouncycastle/bcutil-jdk15on/1.69/bcutil-jdk15on-1.69.jar:/home/alex/Repositories/nifi/nifi-commons/nifi-properties/target/classes:/home/alex/Repositories/nifi/nifi-commons/nifi-property-utils/target/classes:/home/alex/.m2/repository/at/favre/lib/bcrypt/0.9.0/bcrypt-0.9.0.jar:/home/alex/.m2/repository/at/favre/lib/bytes/1.3.0/bytes-1.3.0.jar:/home/alex/.m2/repository/org/apache/commons/commons-configuration2/2.7/commons-configuration2-2.7.jar:/home/alex/.m2/repository/org/apache/httpcomponents/httpclient/4.5.5/httpclient-4.5.5.jar:/home/alex/.m2/repository/org/apache/httpcomponents/httpcore/4.4.9/httpcore-4.4.9.jar:/home/alex/.m2/repository/org/apache/httpcomponents/httpasyncclient/4.1.4/httpasyncclient-4.1.4.jar:/home/alex/.m2/repository/org/apache/httpcomponents/httpcore-nio/4.4.10/httpcore-nio-4.4.10.jar:/home/alex/Repositories/nifi/nifi-nar-bundles/nifi-framework-bundle/nifi-framework/nifi-framework-authorization/target/classes:/home/alex/Repositories/nifi/nifi-registry/nifi-registry-core/nifi-registry-data-model/target/classes:/home/alex/.m2/repository/javax/validation/validation-api/2.0.1.Final/validation-api-2.0.1.Final.jar:/home/alex/.m2/repository/javax/ws/rs/javax.ws.rs-api/2.1/javax.ws.rs-api-2.1.jar:/home/alex/Repositories/nifi/nifi-registry/nifi-registry-core/nifi-registry-revision/nifi-registry-revision-entity-model/target/classes:/home/alex/Repositories/nifi/nifi-registry/nifi-registry-core/nifi-registry-client/target/classes:/home/alex/Repositories/nifi/nifi-registry/nifi-registry-core/nifi-registry-security-utils/target/classes:/home/alex/.m2/repository/org/glassfish/jersey/core/jersey-client/2.33/jersey-client-2.33.jar:/home/alex/.m2/repository/jakarta/ws/rs/jakarta.ws.rs-api/2.1.6/jakarta.ws.rs-api-2.1.6.jar:/home/alex/.m2/repository/org/glassfish/hk2/external/jakarta.inject/2.6.1/jakarta.inject-2.6.1.jar:/home/alex/.m2/repository/org/glassfish/jersey/media/jersey-media-json-jackson/2.33/jersey-media-json-jackson-2.33.jar:/home/alex/.m2/repository/org/glassfish/jersey/ext/jersey-entity-filtering/2.33/jersey-entity-filtering-2.33.jar:/home/alex/.m2/repository/com/fasterxml/jackson/module/jackson-module-jaxb-annotations/2.11.3/jackson-module-jaxb-annotations-2.11.3.jar:/home/alex/.m2/repository/jakarta/xml/bind/jakarta.xml.bind-api/2.3.2/jakarta.xml.bind-api-2.3.2.jar:/home/alex/.m2/repository/jakarta/activation/jakarta.activation-api/1.2.1/jakarta.activation-api-1.2.1.jar:/home/alex/.m2/repository/org/glassfish/jersey/inject/jersey-hk2/2.33/jersey-hk2-2.33.jar:/home/alex/.m2/repository/org/glassfish/hk2/hk2-locator/2.6.1/hk2-locator-2.6.1.jar:/home/alex/.m2/repository/org/glassfish/hk2/external/aopalliance-repackaged/2.6.1/aopalliance-repackaged-2.6.1.jar:/home/alex/.m2/repository/org/glassfish/hk2/hk2-api/2.6.1/hk2-api-2.6.1.jar:/home/alex/.m2/repository/org/glassfish/hk2/hk2-utils/2.6.1/hk2-utils-2.6.1.jar:/home/alex/.m2/repository/org/javassist/javassist/3.25.0-GA/javassist-3.25.0-GA.jar:/home/alex/.m2/repository/org/glassfish/jersey/core/jersey-common/2.33/jersey-common-2.33.jar:/home/alex/.m2/repository/jakarta/annotation/jakarta.annotation-api/1.3.5/jakarta.annotation-api-1.3.5.jar:/home/alex/.m2/repository/org/glassfish/hk2/osgi-resource-locator/1.0.3/osgi-resource-locator-1.0.3.jar:/home/alex/.m2/repository/org/glassfish/jersey/media/jersey-media-multipart/2.33/jersey-media-multipart-2.33.jar:/home/alex/.m2/repository/org/jvnet/mimepull/mimepull/1.9.13/mimepull-1.9.13.jar:/home/alex/Repositories/nifi/nifi-commons/nifi-expression-language/target/classes:/home/alex/.m2/repository/org/antlr/antlr-runtime/3.5.2/antlr-runtime-3.5.2.jar:/home/alex/Repositories/nifi/nifi-commons/nifi-uuid5/target/classes:/home/alex/.m2/repository/com/jayway/jsonpath/json-path/2.6.0/json-path-2.6.0.jar:/home/alex/.m2/repository/net/minidev/json-smart/2.4.7/json-smart-2.4.7.jar:/home/alex/.m2/repository/net/minidev/accessors-smart/2.4.7/accessors-smart-2.4.7.jar:/home/alex/.m2/repository/org/ow2/asm/asm/9.1/asm-9.1.jar:/home/alex/.m2/repository/com/fasterxml/jackson/core/jackson-databind/2.12.3/jackson-databind-2.12.3.jar:/home/alex/.m2/repository/com/fasterxml/jackson/core/jackson-annotations/2.12.3/jackson-annotations-2.12.3.jar:/home/alex/.m2/repository/com/fasterxml/jackson/core/jackson-core/2.12.3/jackson-core-2.12.3.jar:/home/alex/.m2/repository/org/apache/commons/commons-text/1.8/commons-text-1.8.jar:/home/alex/.m2/repository/commons-codec/commons-codec/1.14/commons-codec-1.14.jar:/home/alex/Repositories/nifi/nifi-commons/nifi-data-provenance-utils/target/classes:/home/alex/.m2/repository/org/junit/jupiter/junit-jupiter-api/5.7.2/junit-jupiter-api-5.7.2.jar:/home/alex/.m2/repository/org/apiguardian/apiguardian-api/1.1.0/apiguardian-api-1.1.0.jar:/home/alex/.m2/repository/org/opentest4j/opentest4j/1.2.0/opentest4j-1.2.0.jar:/home/alex/.m2/repository/org/junit/platform/junit-platform-commons/1.7.2/junit-platform-commons-1.7.2.jar:/home/alex/.m2/repository/org/junit/jupiter/junit-jupiter-engine/5.7.2/junit-jupiter-engine-5.7.2.jar:/home/alex/.m2/repository/org/junit/platform/junit-platform-engine/1.7.2/junit-platform-engine-1.7.2.jar:/home/alex/.m2/repository/org/junit/vintage/junit-vintage-engine/5.7.2/junit-vintage-engine-5.7.2.jar:/home/alex/.m2/repository/junit/junit/4.13.2/junit-4.13.2.jar:/home/alex/.m2/repository/org/hamcrest/hamcrest-core/1.3/hamcrest-core-1.3.jar:/home/alex/.m2/repository/org/junit/jupiter/junit-jupiter-params/5.7.2/junit-jupiter-params-5.7.2.jar:/home/alex/.m2/repository/org/mockito/mockito-core/3.11.2/mockito-core-3.11.2.jar:/home/alex/.m2/repository/net/bytebuddy/byte-buddy/1.11.3/byte-buddy-1.11.3.jar:/home/alex/.m2/repository/net/bytebuddy/byte-buddy-agent/1.11.3/byte-buddy-agent-1.11.3.jar:/home/alex/.m2/repository/org/objenesis/objenesis/3.2/objenesis-3.2.jar:/home/alex/.m2/repository/org/mockito/mockito-junit-jupiter/3.11.2/mockito-junit-jupiter-3.11.2.jar:/home/alex/.m2/repository/org/slf4j/slf4j-simple/1.7.32/slf4j-simple-1.7.32.jar:/home/alex/.m2/repository/org/slf4j/slf4j-api/1.7.32/slf4j-api-1.7.32.jar:/home/alex/.m2/repository/org/codehaus/groovy/groovy-test/2.5.14/groovy-test-2.5.14.jar:/home/alex/.m2/repository/org/codehaus/groovy/groovy/2.5.14/groovy-2.5.14.jar:"/>
    <property name="java.vm.vendor" value="Private Build"/>
    <property name="sun.arch.data.model" value="64"/>
    <property name="java.vendor.url" value="http://java.oracle.com/"/>
    <property name="user.timezone" value=""/>
    <property name="java.vm.specification.version" value="1.8"/>
    <property name="os.name" value="Linux"/>
    <property name="user.country" value="US"/>
    <property name="sun.java.launcher" value="SUN_STANDARD"/>
    <property name="sun.boot.library.path" value="/usr/lib/jvm/java-8-openjdk-amd64/jre/lib/amd64"/>
    <property name="sun.java.command" value="/home/alex/Repositories/nifi/nifi-nar-bundles/nifi-ignite-bundle/nifi-ignite-processors/target/surefire/surefirebooter6620886598542940950.jar /home/alex/Repositories/nifi/nifi-nar-bundles/nifi-ignite-bundle/nifi-ignite-processors/target/surefire 2024-05-02T01-23-45_285-jvmRun1 surefire8842251177653748795tmp surefire_1381579563570636744688tmp"/>
    <property name="surefire.test.class.path" value="/home/alex/Repositories/nifi/nifi-nar-bundles/nifi-ignite-bundle/nifi-ignite-processors/target/test-classes:/home/alex/Repositories/nifi/nifi-nar-bundles/nifi-ignite-bundle/nifi-ignite-processors/target/classes:/home/alex/.m2/repository/org/apache/ignite/ignite-core/1.6.0/ignite-core-1.6.0.jar:/home/alex/.m2/repository/org/gridgain/ignite-shmem/1.0.0/ignite-shmem-1.0.0.jar:/home/alex/.m2/repository/org/apache/geronimo/specs/geronimo-jcache_1.0_spec/1.0-alpha-1/geronimo-jcache_1.0_spec-1.0-alpha-1.jar:/home/alex/.m2/repository/org/apache/commons/commons-lang3/3.9/commons-lang3-3.9.jar:/home/alex/.m2/repository/org/apache/ignite/ignite-log4j2/1.6.0/ignite-log4j2-1.6.0.jar:/home/alex/.m2/repository/org/apache/logging/log4j/log4j-api/2.3/log4j-api-2.3.jar:/home/alex/.m2/repository/org/apache/logging/log4j/log4j-core/2.3/log4j-core-2.3.jar:/home/alex/.m2/repository/org/apache/ignite/ignite-spring/1.6.0/ignite-spring-1.6.0.jar:/home/alex/.m2/repository/org/springframework/spring-core/5.3.11/spring-core-5.3.11.jar:/home/alex/.m2/repository/org/springframework/spring-jcl/5.3.11/spring-jcl-5.3.11.jar:/home/alex/.m2/repository/org/springframework/spring-aop/5.3.11/spring-aop-5.3.11.jar:/home/alex/.m2/repository/org/springframework/spring-beans/5.3.11/spring-beans-5.3.11.jar:/home/alex/.m2/repository/org/springframework/spring-context/5.3.11/spring-context-5.3.11.jar:/home/alex/.m2/repository/org/springframework/spring-expression/5.3.11/spring-expression-5.3.11.jar:/home/alex/.m2/repository/org/springframework/spring-tx/5.3.11/spring-tx-5.3.11.jar:/home/alex/.m2/repository/org/springframework/spring-jdbc/5.3.11/spring-jdbc-5.3.11.jar:/home/alex/.m2/repository/commons-logging/commons-logging/1.1.1/commons-logging-1.1.1.jar:/home/alex/Repositories/nifi/nifi-api/target/classes:/home/alex/Repositories/nifi/nifi-commons/nifi-utils/target/classes:/home/alex/.m2/repository/commons-io/commons-io/2.10.0/commons-io-2.10.0.jar:/home/alex/Repositories/nifi/nifi-mock/target/classes:/home/alex/Repositories/nifi/nifi-framework-api/target/classes:/home/alex/Repositories/nifi/nifi-commons/nifi-parameter/target/classes:/home/alex/Repositories/nifi/nifi-nar-bundles/nifi-framework-bundle/nifi-framework/nifi-framework-core-api/target/classes:/home/alex/Repositories/nifi/nifi-nar-bundles/nifi-framework-bundle/nifi-framework/nifi-framework-nar-utils/target/classes:/home/alex/Repositories/nifi/nifi-nar-bundles/nifi-framework-bundle/nifi-framework/nifi-client-dto/target/classes:/home/alex/.m2/repository/io/swagger/swagger-annotations/1.6.0/swagger-annotations-1.6.0.jar:/home/alex/Repositories/nifi/nifi-commons/nifi-site-to-site-client/target/classes:/home/alex/Repositories/nifi/nifi-commons/nifi-security-utils/target/classes:/home/alex/Repositories/nifi/nifi-commons/nifi-security-utils-api/target/classes:/home/alex/Repositories/nifi/nifi-commons/nifi-security-kms/target/classes:/home/alex/.m2/repository/org/bouncycastle/bcprov-jdk15on/1.69/bcprov-jdk15on-1.69.jar:/home/alex/.m2/repository/org/bouncycastle/bcpkix-jdk15on/1.69/bcpkix-jdk15on-1.69.jar:/home/alex/.m2/repository/org/bouncycastle/bcutil-jdk15on/1.69/bcutil-jdk15on-1.69.jar:/home/alex/Repositories/nifi/nifi-commons/nifi-properties/target/classes:/home/alex/Repositories/nifi/nifi-commons/nifi-property-utils/target/classes:/home/alex/.m2/repository/at/favre/lib/bcrypt/0.9.0/bcrypt-0.9.0.jar:/home/alex/.m2/repository/at/favre/lib/bytes/1.3.0/bytes-1.3.0.jar:/home/alex/.m2/repository/org/apache/commons/commons-configuration2/2.7/commons-configuration2-2.7.jar:/home/alex/.m2/repository/org/apache/httpcomponents/httpclient/4.5.5/httpclient-4.5.5.jar:/home/alex/.m2/repository/org/apache/httpcomponents/httpcore/4.4.9/httpcore-4.4.9.jar:/home/alex/.m2/repository/org/apache/httpcomponents/httpasyncclient/4.1.4/httpasyncclient-4.1.4.jar:/home/alex/.m2/repository/org/apache/httpcomponents/httpcore-nio/4.4.10/httpcore-nio-4.4.10.jar:/home/alex/Repositories/nifi/nifi-nar-bundles/nifi-framework-bundle/nifi-framework/nifi-framework-authorization/target/classes:/home/alex/Repositories/nifi/nifi-registry/nifi-registry-core/nifi-registry-data-model/target/classes:/home/alex/.m2/repository/javax/validation/validation-api/2.0.1.Final/validation-api-2.0.1.Final.jar:/home/alex/.m2/repository/javax/ws/rs/javax.ws.rs-api/2.1/javax.ws.rs-api-2.1.jar:/home/alex/Repositories/nifi/nifi-registry/nifi-registry-core/nifi-registry-revision/nifi-registry-revision-entity-model/target/classes:/home/alex/Repositories/nifi/nifi-registry/nifi-registry-core/nifi-registry-client/target/classes:/home/alex/Repositories/nifi/nifi-registry/nifi-registry-core/nifi-registry-security-utils/target/classes:/home/alex/.m2/repository/org/glassfish/jersey/core/jersey-client/2.33/jersey-client-2.33.jar:/home/alex/.m2/repository/jakarta/ws/rs/jakarta.ws.rs-api/2.1.6/jakarta.ws.rs-api-2.1.6.jar:/home/alex/.m2/repository/org/glassfish/hk2/external/jakarta.inject/2.6.1/jakarta.inject-2.6.1.jar:/home/alex/.m2/repository/org/glassfish/jersey/media/jersey-media-json-jackson/2.33/jersey-media-json-jackson-2.33.jar:/home/alex/.m2/repository/org/glassfish/jersey/ext/jersey-entity-filtering/2.33/jersey-entity-filtering-2.33.jar:/home/alex/.m2/repository/com/fasterxml/jackson/module/jackson-module-jaxb-annotations/2.11.3/jackson-module-jaxb-annotations-2.11.3.jar:/home/alex/.m2/repository/jakarta/xml/bind/jakarta.xml.bind-api/2.3.2/jakarta.xml.bind-api-2.3.2.jar:/home/alex/.m2/repository/jakarta/activation/jakarta.activation-api/1.2.1/jakarta.activation-api-1.2.1.jar:/home/alex/.m2/repository/org/glassfish/jersey/inject/jersey-hk2/2.33/jersey-hk2-2.33.jar:/home/alex/.m2/repository/org/glassfish/hk2/hk2-locator/2.6.1/hk2-locator-2.6.1.jar:/home/alex/.m2/repository/org/glassfish/hk2/external/aopalliance-repackaged/2.6.1/aopalliance-repackaged-2.6.1.jar:/home/alex/.m2/repository/org/glassfish/hk2/hk2-api/2.6.1/hk2-api-2.6.1.jar:/home/alex/.m2/repository/org/glassfish/hk2/hk2-utils/2.6.1/hk2-utils-2.6.1.jar:/home/alex/.m2/repository/org/javassist/javassist/3.25.0-GA/javassist-3.25.0-GA.jar:/home/alex/.m2/repository/org/glassfish/jersey/core/jersey-common/2.33/jersey-common-2.33.jar:/home/alex/.m2/repository/jakarta/annotation/jakarta.annotation-api/1.3.5/jakarta.annotation-api-1.3.5.jar:/home/alex/.m2/repository/org/glassfish/hk2/osgi-resource-locator/1.0.3/osgi-resource-locator-1.0.3.jar:/home/alex/.m2/repository/org/glassfish/jersey/media/jersey-media-multipart/2.33/jersey-media-multipart-2.33.jar:/home/alex/.m2/repository/org/jvnet/mimepull/mimepull/1.9.13/mimepull-1.9.13.jar:/home/alex/Repositories/nifi/nifi-commons/nifi-expression-language/target/classes:/home/alex/.m2/repository/org/antlr/antlr-runtime/3.5.2/antlr-runtime-3.5.2.jar:/home/alex/Repositories/nifi/nifi-commons/nifi-uuid5/target/classes:/home/alex/.m2/repository/com/jayway/jsonpath/json-path/2.6.0/json-path-2.6.0.jar:/home/alex/.m2/repository/net/minidev/json-smart/2.4.7/json-smart-2.4.7.jar:/home/alex/.m2/repository/net/minidev/accessors-smart/2.4.7/accessors-smart-2.4.7.jar:/home/alex/.m2/repository/org/ow2/asm/asm/9.1/asm-9.1.jar:/home/alex/.m2/repository/com/fasterxml/jackson/core/jackson-databind/2.12.3/jackson-databind-2.12.3.jar:/home/alex/.m2/repository/com/fasterxml/jackson/core/jackson-annotations/2.12.3/jackson-annotations-2.12.3.jar:/home/alex/.m2/repository/com/fasterxml/jackson/core/jackson-core/2.12.3/jackson-core-2.12.3.jar:/home/alex/.m2/repository/org/apache/commons/commons-text/1.8/commons-text-1.8.jar:/home/alex/.m2/repository/commons-codec/commons-codec/1.14/commons-codec-1.14.jar:/home/alex/Repositories/nifi/nifi-commons/nifi-data-provenance-utils/target/classes:/home/alex/.m2/repository/org/junit/jupiter/junit-jupiter-api/5.7.2/junit-jupiter-api-5.7.2.jar:/home/alex/.m2/repository/org/apiguardian/apiguardian-api/1.1.0/apiguardian-api-1.1.0.jar:/home/alex/.m2/repository/org/opentest4j/opentest4j/1.2.0/opentest4j-1.2.0.jar:/home/alex/.m2/repository/org/junit/platform/junit-platform-commons/1.7.2/junit-platform-commons-1.7.2.jar:/home/alex/.m2/repository/org/junit/jupiter/junit-jupiter-engine/5.7.2/junit-jupiter-engine-5.7.2.jar:/home/alex/.m2/repository/org/junit/platform/junit-platform-engine/1.7.2/junit-platform-engine-1.7.2.jar:/home/alex/.m2/repository/org/junit/vintage/junit-vintage-engine/5.7.2/junit-vintage-engine-5.7.2.jar:/home/alex/.m2/repository/junit/junit/4.13.2/junit-4.13.2.jar:/home/alex/.m2/repository/org/hamcrest/hamcrest-core/1.3/hamcrest-core-1.3.jar:/home/alex/.m2/repository/org/junit/jupiter/junit-jupiter-params/5.7.2/junit-jupiter-params-5.7.2.jar:/home/alex/.m2/repository/org/mockito/mockito-core/3.11.2/mockito-core-3.11.2.jar:/home/alex/.m2/repository/net/bytebuddy/byte-buddy/1.11.3/byte-buddy-1.11.3.jar:/home/alex/.m2/repository/net/bytebuddy/byte-buddy-agent/1.11.3/byte-buddy-agent-1.11.3.jar:/home/alex/.m2/repository/org/objenesis/objenesis/3.2/objenesis-3.2.jar:/home/alex/.m2/repository/org/mockito/mockito-junit-jupiter/3.11.2/mockito-junit-jupiter-3.11.2.jar:/home/alex/.m2/repository/org/slf4j/slf4j-simple/1.7.32/slf4j-simple-1.7.32.jar:/home/alex/.m2/repository/org/slf4j/slf4j-api/1.7.32/slf4j-api-1.7.32.jar:/home/alex/.m2/repository/org/codehaus/groovy/groovy-test/2.5.14/groovy-test-2.5.14.jar:/home/alex/.m2/repository/org/codehaus/groovy/groovy/2.5.14/groovy-2.5.14.jar:"/>
    <property name="sun.cpu.endian" value="little"/>
    <property name="user.home" value="/home/alex"/>
    <property name="user.language" value="en"/>
    <property name="java.specification.vendor" value="Oracle Corporation"/>
    <property name="java.home" value="/usr/lib/jvm/java-8-openjdk-amd64/jre"/>
    <property name="basedir" value="/home/alex/Repositories/nifi/nifi-nar-bundles/nifi-ignite-bundle/nifi-ignite-processors"/>
    <property name="file.separator" value="/"/>
    <property name="line.separator" value="&#10;"/>
    <property name="java.vm.specification.vendor" value="Oracle Corporation"/>
    <property name="java.specification.name" value="Java Platform API Specification"/>
    <property name="java.awt.graphicsenv" value="sun.awt.X11GraphicsEnvironment"/>
    <property name="java.awt.headless" value="true"/>
    <property name="surefire.real.class.path" value="/home/alex/Repositories/nifi/nifi-nar-bundles/nifi-ignite-bundle/nifi-ignite-processors/target/surefire/surefirebooter6620886598542940950.jar"/>
    <property name="sun.boot.class.path" value="/usr/lib/jvm/java-8-openjdk-amd64/jre/lib/resources.jar:/usr/lib/jvm/java-8-openjdk-amd64/jre/lib/rt.jar:/usr/lib/jvm/java-8-openjdk-amd64/jre/lib/sunrsasign.jar:/usr/lib/jvm/java-8-openjdk-amd64/jre/lib/jsse.jar:/usr/lib/jvm/java-8-openjdk-amd64/jre/lib/jce.jar:/usr/lib/jvm/java-8-openjdk-amd64/jre/lib/charsets.jar:/usr/lib/jvm/java-8-openjdk-amd64/jre/lib/jfr.jar:/usr/lib/jvm/java-8-openjdk-amd64/jre/classes"/>
    <property name="sun.management.compiler" value="HotSpot 64-Bit Tiered Compilers"/>
    <property name="java.runtime.version" value="1.8.0_402-8u402-ga-2ubuntu1~22.04-b06"/>
    <property name="java.net.preferIPv4Stack" value="true"/>
    <property name="user.name" value="alex"/>
    <property name="path.separator" value=":"/>
    <property name="os.version" value="6.5.0-28-generic"/>
    <property name="java.endorsed.dirs" value="/usr/lib/jvm/java-8-openjdk-amd64/jre/lib/endorsed"/>
    <property name="java.runtime.name" value="OpenJDK Runtime Environment"/>
    <property name="file.encoding" value="UTF-8"/>
    <property name="java.vm.name" value="OpenJDK 64-Bit Server VM"/>
    <property name="localRepository" value="/home/alex/.m2/repository"/>
    <property name="java.vendor.url.bug" value="http://bugreport.sun.com/bugreport/"/>
    <property name="java.io.tmpdir" value="/tmp"/>
    <property name="java.version" value="1.8.0_402"/>
    <property name="user.dir" value="/home/alex/Repositories/nifi/nifi-nar-bundles/nifi-ignite-bundle/nifi-ignite-processors"/>
    <property name="os.arch" value="amd64"/>
    <property name="java.vm.specification.name" value="Java Virtual Machine Specification"/>
    <property name="java.awt.printerjob" value="sun.print.PSPrinterJob"/>
    <property name="sun.os.patch.level" value="unknown"/>
    <property name="java.library.path" value="/usr/java/packages/lib/amd64:/usr/lib/x86_64-linux-gnu/jni:/lib/x86_64-linux-gnu:/usr/lib/x86_64-linux-gnu:/usr/lib/jni:/lib:/usr/lib"/>
    <property name="java.vm.info" value="mixed mode"/>
    <property name="java.vendor" value="Private Build"/>
    <property name="java.vm.version" value="25.402-b06"/>
    <property name="java.specification.maintenance.version" value="5"/>
    <property name="java.ext.dirs" value="/usr/lib/jvm/java-8-openjdk-amd64/jre/lib/ext:/usr/java/packages/lib/ext"/>
    <property name="sun.io.unicode.encoding" value="UnicodeLittle"/>
    <property name="java.class.version" value="52.0"/>
  </properties>
  <testcase name="testPutIgniteCacheOnTriggerDefaultConfigurationOneFlowFileNoKey" classname="org.apache.nifi.processors.ignite.cache.TestPutIgniteCache" time="0.753">
    <system-err><![CDATA[[main] INFO org.apache.nifi.processors.ignite.cache.TestPutIgniteCache$1 - [id=1cc8554a-781b-4139-8b18-aadc974ec46c] Initializing Ignite cache
[main] INFO org.apache.nifi.processors.ignite.cache.TestPutIgniteCache$1 - [id=1cc8554a-781b-4139-8b18-aadc974ec46c] Creating Ignite Datastreamer
[main] INFO org.apache.nifi.processors.ignite.cache.TestPutIgniteCache$1 - [id=1cc8554a-781b-4139-8b18-aadc974ec46c] Closing ignite data streamer
[main] INFO org.apache.nifi.processors.ignite.cache.TestPutIgniteCache$1 - [id=1cc8554a-781b-4139-8b18-aadc974ec46c] Closing ignite cache
[main] INFO org.apache.nifi.processors.ignite.cache.TestPutIgniteCache$1 - [id=1cc8554a-781b-4139-8b18-aadc974ec46c] Closing ignite cache
]]></system-err>
  </testcase>
  <testcase name="testPutIgniteCacheOnTriggerDefaultConfigurationTwoFlowFilesOneNoKeyOneNoBytes" classname="org.apache.nifi.processors.ignite.cache.TestPutIgniteCache" time="0.009">
    <system-err><![CDATA[[main] INFO org.apache.nifi.processors.ignite.cache.TestPutIgniteCache$1 - [id=a150c70a-71f1-45ff-ac09-e6167aac2e40] Initializing Ignite cache
[main] INFO org.apache.nifi.processors.ignite.cache.TestPutIgniteCache$1 - [id=a150c70a-71f1-45ff-ac09-e6167aac2e40] Creating Ignite Datastreamer
[main] INFO org.apache.nifi.processors.ignite.cache.TestPutIgniteCache$1 - [id=a150c70a-71f1-45ff-ac09-e6167aac2e40] Closing ignite data streamer
[main] INFO org.apache.nifi.processors.ignite.cache.TestPutIgniteCache$1 - [id=a150c70a-71f1-45ff-ac09-e6167aac2e40] Closing ignite cache
[main] INFO org.apache.nifi.processors.ignite.cache.TestPutIgniteCache$1 - [id=a150c70a-71f1-45ff-ac09-e6167aac2e40] Closing ignite cache
]]></system-err>
  </testcase>
  <testcase name="testPutIgniteCacheOnTriggerDefaultConfigurationTwoFlowFileSecondNoKey" classname="org.apache.nifi.processors.ignite.cache.TestPutIgniteCache" time="0.016">
    <system-err><![CDATA[[main] INFO org.apache.nifi.processors.ignite.cache.TestPutIgniteCache$1 - [id=5020e839-968d-4238-af61-1d2583038311] Initializing Ignite cache
[main] INFO org.apache.nifi.processors.ignite.cache.TestPutIgniteCache$1 - [id=5020e839-968d-4238-af61-1d2583038311] Creating Ignite Datastreamer
[main] INFO org.apache.nifi.processors.ignite.cache.TestPutIgniteCache$1 - [id=5020e839-968d-4238-af61-1d2583038311] Closing ignite data streamer
[main] INFO org.apache.nifi.processors.ignite.cache.TestPutIgniteCache$1 - [id=5020e839-968d-4238-af61-1d2583038311] Closing ignite cache
[main] INFO org.apache.nifi.processors.ignite.cache.TestPutIgniteCache$1 - [id=5020e839-968d-4238-af61-1d2583038311] Closing ignite cache
]]></system-err>
  </testcase>
  <testcase name="testPutIgniteCacheOnTriggerDefaultConfigurationOneFlowFileNoBytes" classname="org.apache.nifi.processors.ignite.cache.TestPutIgniteCache" time="0.008">
    <system-err><![CDATA[[main] INFO org.apache.nifi.processors.ignite.cache.TestPutIgniteCache$1 - [id=328d5aac-de09-49e9-9c24-eca36528b726] Initializing Ignite cache
[main] INFO org.apache.nifi.processors.ignite.cache.TestPutIgniteCache$1 - [id=328d5aac-de09-49e9-9c24-eca36528b726] Creating Ignite Datastreamer
[main] INFO org.apache.nifi.processors.ignite.cache.TestPutIgniteCache$1 - [id=328d5aac-de09-49e9-9c24-eca36528b726] Closing ignite data streamer
[main] INFO org.apache.nifi.processors.ignite.cache.TestPutIgniteCache$1 - [id=328d5aac-de09-49e9-9c24-eca36528b726] Closing ignite cache
[main] INFO org.apache.nifi.processors.ignite.cache.TestPutIgniteCache$1 - [id=328d5aac-de09-49e9-9c24-eca36528b726] Closing ignite cache
]]></system-err>
  </testcase>
  <testcase name="testPutIgniteCacheOnTriggerDefaultConfigurationTwoFlowFileFirstNoKey" classname="org.apache.nifi.processors.ignite.cache.TestPutIgniteCache" time="0.008">
    <system-err><![CDATA[[main] INFO org.apache.nifi.processors.ignite.cache.TestPutIgniteCache$1 - [id=cbc9ba6f-17db-45e3-8896-ee54546299f6] Initializing Ignite cache
[main] INFO org.apache.nifi.processors.ignite.cache.TestPutIgniteCache$1 - [id=cbc9ba6f-17db-45e3-8896-ee54546299f6] Creating Ignite Datastreamer
[main] INFO org.apache.nifi.processors.ignite.cache.TestPutIgniteCache$1 - [id=cbc9ba6f-17db-45e3-8896-ee54546299f6] Closing ignite data streamer
[main] INFO org.apache.nifi.processors.ignite.cache.TestPutIgniteCache$1 - [id=cbc9ba6f-17db-45e3-8896-ee54546299f6] Closing ignite cache
[main] INFO org.apache.nifi.processors.ignite.cache.TestPutIgniteCache$1 - [id=cbc9ba6f-17db-45e3-8896-ee54546299f6] Closing ignite cache
]]></system-err>
  </testcase>
  <testcase name="testPutIgniteCacheOnTriggerDefaultConfigurationTwoFlowFilesOneNoKeySecondOkThirdNoBytes" classname="org.apache.nifi.processors.ignite.cache.TestPutIgniteCache" time="0.008">
    <system-err><![CDATA[[main] INFO org.apache.nifi.processors.ignite.cache.TestPutIgniteCache$1 - [id=6dd2e45b-818e-4466-b6a1-64a24c2e3034] Initializing Ignite cache
[main] INFO org.apache.nifi.processors.ignite.cache.TestPutIgniteCache$1 - [id=6dd2e45b-818e-4466-b6a1-64a24c2e3034] Creating Ignite Datastreamer
[main] INFO org.apache.nifi.processors.ignite.cache.TestPutIgniteCache$1 - [id=6dd2e45b-818e-4466-b6a1-64a24c2e3034] Closing ignite data streamer
[main] INFO org.apache.nifi.processors.ignite.cache.TestPutIgniteCache$1 - [id=6dd2e45b-818e-4466-b6a1-64a24c2e3034] Closing ignite cache
[main] INFO org.apache.nifi.processors.ignite.cache.TestPutIgniteCache$1 - [id=6dd2e45b-818e-4466-b6a1-64a24c2e3034] Closing ignite cache
]]></system-err>
  </testcase>
  <testcase name="testPutIgniteCacheOnTriggerDefaultConfigurationOneFlowFileWithPlainKey" classname="org.apache.nifi.processors.ignite.cache.TestPutIgniteCache" time="0.005">
    <system-err><![CDATA[[main] INFO org.apache.nifi.processors.ignite.cache.TestPutIgniteCache$1 - [id=58913550-7f23-4f76-bb28-c85a7125a7b5] Initializing Ignite cache
[main] INFO org.apache.nifi.processors.ignite.cache.TestPutIgniteCache$1 - [id=58913550-7f23-4f76-bb28-c85a7125a7b5] Creating Ignite Datastreamer
[main] INFO org.apache.nifi.processors.ignite.cache.TestPutIgniteCache$1 - [id=58913550-7f23-4f76-bb28-c85a7125a7b5] Closing ignite data streamer
[main] INFO org.apache.nifi.processors.ignite.cache.TestPutIgniteCache$1 - [id=58913550-7f23-4f76-bb28-c85a7125a7b5] Closing ignite cache
[main] INFO org.apache.nifi.processors.ignite.cache.TestPutIgniteCache$1 - [id=58913550-7f23-4f76-bb28-c85a7125a7b5] Closing ignite cache
]]></system-err>
  </testcase>
  <testcase name="testPutIgniteCacheOnTriggerDefaultConfigurationTwoFlowFilesAllowOverrideDefaultFalse" classname="org.apache.nifi.processors.ignite.cache.TestPutIgniteCache" time="0.008">
    <system-err><![CDATA[[main] INFO org.apache.nifi.processors.ignite.cache.TestPutIgniteCache$1 - [id=287422b4-ec1d-4ff8-b876-b27cbdfb39c5] Initializing Ignite cache
[main] INFO org.apache.nifi.processors.ignite.cache.TestPutIgniteCache$1 - [id=287422b4-ec1d-4ff8-b876-b27cbdfb39c5] Creating Ignite Datastreamer
[main] INFO org.apache.nifi.processors.ignite.cache.TestPutIgniteCache$1 - [id=287422b4-ec1d-4ff8-b876-b27cbdfb39c5] Closing ignite data streamer
[main] INFO org.apache.nifi.processors.ignite.cache.TestPutIgniteCache$1 - [id=287422b4-ec1d-4ff8-b876-b27cbdfb39c5] Closing ignite cache
[main] INFO org.apache.nifi.processors.ignite.cache.TestPutIgniteCache$1 - [id=287422b4-ec1d-4ff8-b876-b27cbdfb39c5] Closing ignite cache
]]></system-err>
  </testcase>
  <testcase name="testPutIgniteCacheOnTriggerDefaultConfigurationTwoFlowFilesAllowOverrideTrue" classname="org.apache.nifi.processors.ignite.cache.TestPutIgniteCache" time="0.007">
    <system-err><![CDATA[[main] INFO org.apache.nifi.processors.ignite.cache.TestPutIgniteCache$1 - [id=2b6d2201-bcdd-4556-9e76-0300a0f9c52e] Initializing Ignite cache
[main] INFO org.apache.nifi.processors.ignite.cache.TestPutIgniteCache$1 - [id=2b6d2201-bcdd-4556-9e76-0300a0f9c52e] Creating Ignite Datastreamer
[main] INFO org.apache.nifi.processors.ignite.cache.TestPutIgniteCache$1 - [id=2b6d2201-bcdd-4556-9e76-0300a0f9c52e] Closing ignite data streamer
[main] INFO org.apache.nifi.processors.ignite.cache.TestPutIgniteCache$1 - [id=2b6d2201-bcdd-4556-9e76-0300a0f9c52e] Closing ignite cache
[main] INFO org.apache.nifi.processors.ignite.cache.TestPutIgniteCache$1 - [id=2b6d2201-bcdd-4556-9e76-0300a0f9c52e] Closing ignite cache
]]></system-err>
  </testcase>
  <testcase name="testPutIgniteCacheOnTriggerDefaultConfigurationTwoFlowFilesNoKey" classname="org.apache.nifi.processors.ignite.cache.TestPutIgniteCache" time="0.006">
    <system-err><![CDATA[[main] INFO org.apache.nifi.processors.ignite.cache.TestPutIgniteCache$1 - [id=1e255e19-1eab-4042-922c-c3909ebb6eb4] Initializing Ignite cache
[main] INFO org.apache.nifi.processors.ignite.cache.TestPutIgniteCache$1 - [id=1e255e19-1eab-4042-922c-c3909ebb6eb4] Creating Ignite Datastreamer
[main] INFO org.apache.nifi.processors.ignite.cache.TestPutIgniteCache$1 - [id=1e255e19-1eab-4042-922c-c3909ebb6eb4] Closing ignite data streamer
[main] INFO org.apache.nifi.processors.ignite.cache.TestPutIgniteCache$1 - [id=1e255e19-1eab-4042-922c-c3909ebb6eb4] Closing ignite cache
[main] INFO org.apache.nifi.processors.ignite.cache.TestPutIgniteCache$1 - [id=1e255e19-1eab-4042-922c-c3909ebb6eb4] Closing ignite cache
]]></system-err>
  </testcase>
  <testcase name="testPutIgniteCacheOnTriggerDefaultConfigurationTwoFlowFiles" classname="org.apache.nifi.processors.ignite.cache.TestPutIgniteCache" time="0.008">
    <system-err><![CDATA[[main] INFO org.apache.nifi.processors.ignite.cache.TestPutIgniteCache$1 - [id=ee4f457e-79a2-4c56-94b7-f1130892b96e] Initializing Ignite cache
[main] INFO org.apache.nifi.processors.ignite.cache.TestPutIgniteCache$1 - [id=ee4f457e-79a2-4c56-94b7-f1130892b96e] Creating Ignite Datastreamer
[main] INFO org.apache.nifi.processors.ignite.cache.TestPutIgniteCache$1 - [id=ee4f457e-79a2-4c56-94b7-f1130892b96e] Closing ignite data streamer
[main] INFO org.apache.nifi.processors.ignite.cache.TestPutIgniteCache$1 - [id=ee4f457e-79a2-4c56-94b7-f1130892b96e] Closing ignite cache
[main] INFO org.apache.nifi.processors.ignite.cache.TestPutIgniteCache$1 - [id=ee4f457e-79a2-4c56-94b7-f1130892b96e] Closing ignite cache
]]></system-err>
  </testcase>
  <testcase name="testPutIgniteCacheOnTriggerDefaultConfigurationOneFlowFile" classname="org.apache.nifi.processors.ignite.cache.TestPutIgniteCache" time="0.007">
    <system-err><![CDATA[[main] INFO org.apache.nifi.processors.ignite.cache.TestPutIgniteCache$1 - [id=fda05b3a-53d1-42d0-a054-a8e9261c4863] Initializing Ignite cache
[main] INFO org.apache.nifi.processors.ignite.cache.TestPutIgniteCache$1 - [id=fda05b3a-53d1-42d0-a054-a8e9261c4863] Creating Ignite Datastreamer
[main] INFO org.apache.nifi.processors.ignite.cache.TestPutIgniteCache$1 - [id=fda05b3a-53d1-42d0-a054-a8e9261c4863] Closing ignite data streamer
[main] INFO org.apache.nifi.processors.ignite.cache.TestPutIgniteCache$1 - [id=fda05b3a-53d1-42d0-a054-a8e9261c4863] Closing ignite cache
[main] INFO org.apache.nifi.processors.ignite.cache.TestPutIgniteCache$1 - [id=fda05b3a-53d1-42d0-a054-a8e9261c4863] Closing ignite cache
]]></system-err>
  </testcase>
</testsuite>