<?xml version="1.0" encoding="UTF-8"?>
<testsuite xmlns:xsi="http://www.w3.org/2001/XMLSchema-instance" xsi:noNamespaceSchemaLocation="https://maven.apache.org/surefire/maven-surefire-plugin/xsd/surefire-test-report-3.0.xsd" version="3.0" name="org.apache.nifi.processors.standard.TestExecuteSQL" time="9.867" tests="22" errors="0" skipped="0" failures="0">
  <properties>
    <property name="sun.desktop" value="gnome"/>
    <property name="awt.toolkit" value="sun.awt.X11.XToolkit"/>
    <property name="file.encoding.pkg" value="sun.io"/>
    <property name="java.specification.version" value="1.8"/>
    <property name="sun.cpu.isalist" value=""/>
    <property name="sun.jnu.encoding" value="UTF-8"/>
    <property name="java.class.path" value="/home/alex/Repositories/nifi/nifi-nar-bundles/nifi-standard-bundle/nifi-standard-processors/target/test-classes:/home/alex/Repositories/nifi/nifi-nar-bundles/nifi-standard-bundle/nifi-standard-processors/target/classes:/home/alex/.m2/repository/org/apache/ftpserver/ftpserver-core/1.1.1/ftpserver-core-1.1.1.jar:/home/alex/.m2/repository/org/apache/ftpserver/ftplet-api/1.1.1/ftplet-api-1.1.1.jar:/home/alex/.m2/repository/org/slf4j/slf4j-api/1.7.32/slf4j-api-1.7.32.jar:/home/alex/.m2/repository/org/apache/mina/mina-core/2.0.16/mina-core-2.0.16.jar:/home/alex/Repositories/nifi/nifi-api/target/classes:/home/alex/Repositories/nifi/nifi-commons/nifi-expression-language/target/classes:/home/alex/.m2/repository/org/antlr/antlr-runtime/3.5.2/antlr-runtime-3.5.2.jar:/home/alex/Repositories/nifi/nifi-commons/nifi-parameter/target/classes:/home/alex/Repositories/nifi/nifi-commons/nifi-uuid5/target/classes:/home/alex/.m2/repository/org/apache/commons/commons-text/1.8/commons-text-1.8.jar:/home/alex/Repositories/nifi/nifi-nar-bundles/nifi-extension-utils/nifi-processor-utils/target/classes:/home/alex/Repositories/nifi/nifi-commons/nifi-security-socket-ssl/target/classes:/home/alex/Repositories/nifi/nifi-nar-bundles/nifi-extension-utils/nifi-event-transport/target/classes:/home/alex/.m2/repository/io/netty/netty-handler/4.1.69.Final/netty-handler-4.1.69.Final.jar:/home/alex/.m2/repository/io/netty/netty-common/4.1.69.Final/netty-common-4.1.69.Final.jar:/home/alex/.m2/repository/io/netty/netty-resolver/4.1.69.Final/netty-resolver-4.1.69.Final.jar:/home/alex/.m2/repository/io/netty/netty-transport/4.1.69.Final/netty-transport-4.1.69.Final.jar:/home/alex/.m2/repository/io/netty/netty-codec/4.1.69.Final/netty-codec-4.1.69.Final.jar:/home/alex/Repositories/nifi/nifi-nar-bundles/nifi-extension-utils/nifi-syslog-utils/target/classes:/home/alex/.m2/repository/com/github/palindromicity/simple-syslog-5424/0.0.16/simple-syslog-5424-0.0.16.jar:/home/alex/.m2/repository/org/antlr/antlr4-runtime/4.7.2/antlr4-runtime-4.7.2.jar:/home/alex/Repositories/nifi/nifi-commons/nifi-utils/target/classes:/home/alex/Repositories/nifi/nifi-commons/nifi-record-path/target/classes:/home/alex/Repositories/nifi/nifi-commons/nifi-properties/target/classes:/home/alex/Repositories/nifi/nifi-commons/nifi-property-utils/target/classes:/home/alex/.m2/repository/com/github/ben-manes/caffeine/caffeine/2.8.1/caffeine-2.8.1.jar:/home/alex/Repositories/nifi/nifi-nar-bundles/nifi-standard-services/nifi-ssl-context-service-api/target/classes:/home/alex/Repositories/nifi/nifi-commons/nifi-security-utils-api/target/classes:/home/alex/Repositories/nifi/nifi-nar-bundles/nifi-standard-services/nifi-lookup-service-api/target/classes:/home/alex/Repositories/nifi/nifi-commons/nifi-flowfile-packager/target/classes:/home/alex/Repositories/nifi/nifi-nar-bundles/nifi-standard-services/nifi-distributed-cache-client-service-api/target/classes:/home/alex/Repositories/nifi/nifi-nar-bundles/nifi-standard-services/nifi-http-context-map-api/target/classes:/home/alex/Repositories/nifi/nifi-nar-bundles/nifi-standard-services/nifi-record-serialization-service-api/target/classes:/home/alex/Repositories/nifi/nifi-nar-bundles/nifi-standard-services/nifi-proxy-configuration-api/target/classes:/home/alex/Repositories/nifi/nifi-commons/nifi-record/target/classes:/home/alex/Repositories/nifi/nifi-nar-bundles/nifi-standard-services/nifi-record-sink-api/target/classes:/home/alex/.m2/repository/commons-io/commons-io/2.10.0/commons-io-2.10.0.jar:/home/alex/.m2/repository/javax/ws/rs/javax.ws.rs-api/2.1/javax.ws.rs-api-2.1.jar:/home/alex/.m2/repository/commons-net/commons-net/3.6/commons-net-3.6.jar:/home/alex/.m2/repository/org/apache/commons/commons-compress/1.21/commons-compress-1.21.jar:/home/alex/.m2/repository/org/apache/commons/commons-lang3/3.9/commons-lang3-3.9.jar:/home/alex/.m2/repository/org/bouncycastle/bcprov-jdk15on/1.69/bcprov-jdk15on-1.69.jar:/home/alex/.m2/repository/org/bouncycastle/bcpg-jdk15on/1.69/bcpg-jdk15on-1.69.jar:/home/alex/.m2/repository/org/bouncycastle/bcpkix-jdk15on/1.69/bcpkix-jdk15on-1.69.jar:/home/alex/.m2/repository/org/bouncycastle/bcutil-jdk15on/1.69/bcutil-jdk15on-1.69.jar:/home/alex/.m2/repository/commons-codec/commons-codec/1.14/commons-codec-1.14.jar:/home/alex/Repositories/nifi/nifi-commons/nifi-security-utils/target/classes:/home/alex/Repositories/nifi/nifi-commons/nifi-security-kms/target/classes:/home/alex/.m2/repository/org/apache/commons/commons-configuration2/2.7/commons-configuration2-2.7.jar:/home/alex/.m2/repository/com/hierynomus/sshj/0.32.0/sshj-0.32.0.jar:/home/alex/.m2/repository/com/jcraft/jzlib/1.1.3/jzlib-1.1.3.jar:/home/alex/.m2/repository/com/hierynomus/asn-one/0.6.0/asn-one-0.6.0.jar:/home/alex/.m2/repository/net/i2p/crypto/eddsa/0.3.0/eddsa-0.3.0.jar:/home/alex/.m2/repository/org/eclipse/jetty/jetty-server/9.4.44.v20210927/jetty-server-9.4.44.v20210927.jar:/home/alex/.m2/repository/javax/servlet/javax.servlet-api/3.1.0/javax.servlet-api-3.1.0.jar:/home/alex/.m2/repository/org/eclipse/jetty/jetty-http/9.4.44.v20210927/jetty-http-9.4.44.v20210927.jar:/home/alex/.m2/repository/org/eclipse/jetty/jetty-util/9.4.44.v20210927/jetty-util-9.4.44.v20210927.jar:/home/alex/.m2/repository/org/eclipse/jetty/jetty-io/9.4.44.v20210927/jetty-io-9.4.44.v20210927.jar:/home/alex/.m2/repository/org/eclipse/jetty/jetty-servlet/9.4.44.v20210927/jetty-servlet-9.4.44.v20210927.jar:/home/alex/.m2/repository/org/eclipse/jetty/jetty-security/9.4.44.v20210927/jetty-security-9.4.44.v20210927.jar:/home/alex/.m2/repository/org/eclipse/jetty/jetty-util-ajax/9.4.44.v20210927/jetty-util-ajax-9.4.44.v20210927.jar:/home/alex/.m2/repository/org/apache/httpcomponents/httpclient/4.5.5/httpclient-4.5.5.jar:/home/alex/.m2/repository/commons-logging/commons-logging/1.2/commons-logging-1.2.jar:/home/alex/.m2/repository/org/apache/httpcomponents/httpcore/4.4.9/httpcore-4.4.9.jar:/home/alex/.m2/repository/jakarta/activation/jakarta.activation-api/2.0.1/jakarta.activation-api-2.0.1.jar:/home/alex/.m2/repository/com/sun/activation/jakarta.activation/2.0.1/jakarta.activation-2.0.1.jar:/home/alex/.m2/repository/jakarta/mail/jakarta.mail-api/2.0.1/jakarta.mail-api-2.0.1.jar:/home/alex/.m2/repository/com/sun/mail/jakarta.mail/2.0.1/jakarta.mail-2.0.1.jar:/home/alex/.m2/repository/com/github/jponge/lzma-java/1.3/lzma-java-1.3.jar:/home/alex/.m2/repository/org/tukaani/xz/1.8/xz-1.8.jar:/home/alex/.m2/repository/net/sf/saxon/Saxon-HE/10.6/Saxon-HE-10.6.jar:/home/alex/Repositories/nifi/nifi-commons/nifi-socket-utils/target/classes:/home/alex/Repositories/nifi/nifi-commons/nifi-logging-utils/target/classes:/home/alex/Repositories/nifi/nifi-nar-bundles/nifi-standard-services/nifi-load-distribution-service-api/target/classes:/home/alex/.m2/repository/javax/jms/javax.jms-api/2.0.1/javax.jms-api-2.0.1.jar:/home/alex/.m2/repository/org/apache/activemq/activemq-client/5.15.15/activemq-client-5.15.15.jar:/home/alex/.m2/repository/org/apache/geronimo/specs/geronimo-jms_1.1_spec/1.1.1/geronimo-jms_1.1_spec-1.1.1.jar:/home/alex/.m2/repository/org/fusesource/hawtbuf/hawtbuf/1.11/hawtbuf-1.11.jar:/home/alex/.m2/repository/org/apache/geronimo/specs/geronimo-j2ee-management_1.1_spec/1.0.1/geronimo-j2ee-management_1.1_spec-1.0.1.jar:/home/alex/.m2/repository/com/jayway/jsonpath/json-path/2.6.0/json-path-2.6.0.jar:/home/alex/.m2/repository/net/minidev/json-smart/2.4.7/json-smart-2.4.7.jar:/home/alex/.m2/repository/net/minidev/accessors-smart/2.4.7/accessors-smart-2.4.7.jar:/home/alex/.m2/repository/org/ow2/asm/asm/9.1/asm-9.1.jar:/home/alex/.m2/repository/org/apache/tika/tika-core/1.26/tika-core-1.26.jar:/home/alex/.m2/repository/com/fasterxml/jackson/core/jackson-databind/2.12.3/jackson-databind-2.12.3.jar:/home/alex/.m2/repository/com/fasterxml/jackson/core/jackson-annotations/2.12.3/jackson-annotations-2.12.3.jar:/home/alex/.m2/repository/com/fasterxml/jackson/core/jackson-core/2.12.3/jackson-core-2.12.3.jar:/home/alex/Repositories/nifi/nifi-nar-bundles/nifi-extension-utils/nifi-record-utils/nifi-avro-record-utils/target/classes:/home/alex/Repositories/nifi/nifi-nar-bundles/nifi-extension-utils/nifi-record-utils/nifi-standard-record-utils/target/classes:/home/alex/.m2/repository/org/apache/avro/avro/1.8.1/avro-1.8.1.jar:/home/alex/.m2/repository/org/codehaus/jackson/jackson-core-asl/1.9.13/jackson-core-asl-1.9.13.jar:/home/alex/.m2/repository/org/codehaus/jackson/jackson-mapper-asl/1.9.13/jackson-mapper-asl-1.9.13.jar:/home/alex/.m2/repository/com/thoughtworks/paranamer/paranamer/2.7/paranamer-2.7.jar:/home/alex/Repositories/nifi/nifi-nar-bundles/nifi-standard-services/nifi-dbcp-service-api/target/classes:/home/alex/.m2/repository/com/squareup/okhttp3/okhttp/4.9.2/okhttp-4.9.2.jar:/home/alex/.m2/repository/com/squareup/okio/okio/2.8.0/okio-2.8.0.jar:/home/alex/.m2/repository/org/jetbrains/kotlin/kotlin-stdlib-common/1.4.0/kotlin-stdlib-common-1.4.0.jar:/home/alex/.m2/repository/org/jetbrains/kotlin/kotlin-stdlib/1.4.10/kotlin-stdlib-1.4.10.jar:/home/alex/.m2/repository/org/jetbrains/annotations/13.0/annotations-13.0.jar:/home/alex/.m2/repository/io/github/rburgst/okhttp-digest/2.5/okhttp-digest-2.5.jar:/home/alex/.m2/repository/at/favre/lib/bcrypt/0.9.0/bcrypt-0.9.0.jar:/home/alex/.m2/repository/at/favre/lib/bytes/1.3.0/bytes-1.3.0.jar:/home/alex/.m2/repository/com/google/guava/guava/28.0-jre/guava-28.0-jre.jar:/home/alex/.m2/repository/com/google/guava/failureaccess/1.0.1/failureaccess-1.0.1.jar:/home/alex/.m2/repository/com/google/guava/listenablefuture/9999.0-empty-to-avoid-conflict-with-guava/listenablefuture-9999.0-empty-to-avoid-conflict-with-guava.jar:/home/alex/.m2/repository/com/google/code/findbugs/jsr305/3.0.2/jsr305-3.0.2.jar:/home/alex/.m2/repository/org/checkerframework/checker-qual/2.8.1/checker-qual-2.8.1.jar:/home/alex/.m2/repository/com/google/errorprone/error_prone_annotations/2.3.2/error_prone_annotations-2.3.2.jar:/home/alex/.m2/repository/com/google/j2objc/j2objc-annotations/1.3/j2objc-annotations-1.3.jar:/home/alex/.m2/repository/org/codehaus/mojo/animal-sniffer-annotations/1.17/animal-sniffer-annotations-1.17.jar:/home/alex/Repositories/nifi/nifi-mock/target/classes:/home/alex/Repositories/nifi/nifi-framework-api/target/classes:/home/alex/Repositories/nifi/nifi-nar-bundles/nifi-framework-bundle/nifi-framework/nifi-framework-core-api/target/classes:/home/alex/Repositories/nifi/nifi-nar-bundles/nifi-framework-bundle/nifi-framework/nifi-framework-nar-utils/target/classes:/home/alex/Repositories/nifi/nifi-nar-bundles/nifi-framework-bundle/nifi-framework/nifi-client-dto/target/classes:/home/alex/.m2/repository/io/swagger/swagger-annotations/1.6.0/swagger-annotations-1.6.0.jar:/home/alex/Repositories/nifi/nifi-commons/nifi-site-to-site-client/target/classes:/home/alex/.m2/repository/org/apache/httpcomponents/httpasyncclient/4.1.4/httpasyncclient-4.1.4.jar:/home/alex/.m2/repository/org/apache/httpcomponents/httpcore-nio/4.4.10/httpcore-nio-4.4.10.jar:/home/alex/Repositories/nifi/nifi-nar-bundles/nifi-framework-bundle/nifi-framework/nifi-framework-authorization/target/classes:/home/alex/Repositories/nifi/nifi-registry/nifi-registry-core/nifi-registry-data-model/target/classes:/home/alex/Repositories/nifi/nifi-registry/nifi-registry-core/nifi-registry-revision/nifi-registry-revision-entity-model/target/classes:/home/alex/Repositories/nifi/nifi-registry/nifi-registry-core/nifi-registry-client/target/classes:/home/alex/Repositories/nifi/nifi-registry/nifi-registry-core/nifi-registry-security-utils/target/classes:/home/alex/.m2/repository/org/glassfish/jersey/core/jersey-client/2.33/jersey-client-2.33.jar:/home/alex/.m2/repository/jakarta/ws/rs/jakarta.ws.rs-api/2.1.6/jakarta.ws.rs-api-2.1.6.jar:/home/alex/.m2/repository/org/glassfish/hk2/external/jakarta.inject/2.6.1/jakarta.inject-2.6.1.jar:/home/alex/.m2/repository/org/glassfish/jersey/media/jersey-media-json-jackson/2.33/jersey-media-json-jackson-2.33.jar:/home/alex/.m2/repository/org/glassfish/jersey/ext/jersey-entity-filtering/2.33/jersey-entity-filtering-2.33.jar:/home/alex/.m2/repository/org/glassfish/jersey/inject/jersey-hk2/2.33/jersey-hk2-2.33.jar:/home/alex/.m2/repository/org/glassfish/hk2/hk2-locator/2.6.1/hk2-locator-2.6.1.jar:/home/alex/.m2/repository/org/glassfish/hk2/external/aopalliance-repackaged/2.6.1/aopalliance-repackaged-2.6.1.jar:/home/alex/.m2/repository/org/glassfish/hk2/hk2-api/2.6.1/hk2-api-2.6.1.jar:/home/alex/.m2/repository/org/glassfish/hk2/hk2-utils/2.6.1/hk2-utils-2.6.1.jar:/home/alex/.m2/repository/org/javassist/javassist/3.25.0-GA/javassist-3.25.0-GA.jar:/home/alex/.m2/repository/org/glassfish/jersey/core/jersey-common/2.33/jersey-common-2.33.jar:/home/alex/.m2/repository/jakarta/annotation/jakarta.annotation-api/1.3.5/jakarta.annotation-api-1.3.5.jar:/home/alex/.m2/repository/org/glassfish/hk2/osgi-resource-locator/1.0.3/osgi-resource-locator-1.0.3.jar:/home/alex/.m2/repository/org/glassfish/jersey/media/jersey-media-multipart/2.33/jersey-media-multipart-2.33.jar:/home/alex/.m2/repository/org/jvnet/mimepull/mimepull/1.9.13/mimepull-1.9.13.jar:/home/alex/Repositories/nifi/nifi-commons/nifi-data-provenance-utils/target/classes:/home/alex/Repositories/nifi/nifi-nar-bundles/nifi-standard-services/nifi-distributed-cache-services-bundle/nifi-distributed-cache-client-service/target/classes:/home/alex/Repositories/nifi/nifi-nar-bundles/nifi-standard-services/nifi-distributed-cache-services-bundle/nifi-distributed-cache-protocol/target/classes:/home/alex/.m2/repository/io/netty/netty-buffer/4.1.69.Final/netty-buffer-4.1.69.Final.jar:/home/alex/.m2/repository/com/google/http-client/google-http-client/1.28.0/google-http-client-1.28.0.jar:/home/alex/.m2/repository/io/opencensus/opencensus-api/0.18.0/opencensus-api-0.18.0.jar:/home/alex/.m2/repository/io/grpc/grpc-context/1.14.0/grpc-context-1.14.0.jar:/home/alex/.m2/repository/io/opencensus/opencensus-contrib-http-util/0.18.0/opencensus-contrib-http-util-0.18.0.jar:/home/alex/.m2/repository/org/apache/activemq/activemq-broker/5.15.14/activemq-broker-5.15.14.jar:/home/alex/.m2/repository/org/apache/activemq/activemq-openwire-legacy/5.15.14/activemq-openwire-legacy-5.15.14.jar:/home/alex/Repositories/nifi/nifi-nar-bundles/nifi-standard-services/nifi-ssl-context-bundle/nifi-ssl-context-service/target/classes:/home/alex/Repositories/nifi/nifi-nar-bundles/nifi-framework-bundle/nifi-framework/nifi-standard-prioritizers/target/classes:/home/alex/Repositories/nifi/nifi-nar-bundles/nifi-extension-utils/nifi-record-utils/nifi-mock-record-utils/target/classes:/home/alex/Repositories/nifi/nifi-nar-bundles/nifi-standard-services/nifi-record-serialization-services-bundle/nifi-record-serialization-services/target/classes:/home/alex/.m2/repository/org/apache/commons/commons-csv/1.8/commons-csv-1.8.jar:/home/alex/.m2/repository/com/fasterxml/jackson/dataformat/jackson-dataformat-csv/2.12.3/jackson-dataformat-csv-2.12.3.jar:/home/alex/.m2/repository/net/java/dev/stax-utils/stax-utils/20070216/stax-utils-20070216.jar:/home/alex/Repositories/nifi/nifi-nar-bundles/nifi-standard-services/nifi-lookup-services-bundle/nifi-lookup-services/target/classes:/home/alex/.m2/repository/commons-beanutils/commons-beanutils/1.9.4/commons-beanutils-1.9.4.jar:/home/alex/.m2/repository/commons-collections/commons-collections/3.2.2/commons-collections-3.2.2.jar:/home/alex/.m2/repository/com/maxmind/geoip2/geoip2/2.12.0/geoip2-2.12.0.jar:/home/alex/.m2/repository/com/maxmind/db/maxmind-db/1.2.2/maxmind-db-1.2.2.jar:/home/alex/.m2/repository/org/apache/derby/derby/10.14.2.0/derby-10.14.2.0.jar:/home/alex/.m2/repository/org/xerial/snappy/snappy-java/1.1.7.3/snappy-java-1.1.7.3.jar:/home/alex/.m2/repository/net/lingala/zip4j/zip4j/2.8.0/zip4j-2.8.0.jar:/home/alex/.m2/repository/com/h2database/h2/1.4.187/h2-1.4.187.jar:/home/alex/.m2/repository/org/mockftpserver/MockFtpServer/2.7.1/MockFtpServer-2.7.1.jar:/home/alex/.m2/repository/org/apache/sshd/sshd-core/1.7.0/sshd-core-1.7.0.jar:/home/alex/.m2/repository/com/bazaarvoice/jolt/jolt-core/0.1.1/jolt-core-0.1.1.jar:/home/alex/.m2/repository/javax/inject/javax.inject/1/javax.inject-1.jar:/home/alex/.m2/repository/com/bazaarvoice/jolt/json-utils/0.1.1/json-utils-0.1.1.jar:/home/alex/Repositories/nifi/nifi-nar-bundles/nifi-standard-bundle/nifi-standard-utils/target/classes:/home/alex/.m2/repository/net/sf/supercsv/super-csv/2.4.0/super-csv-2.4.0.jar:/home/alex/.m2/repository/com/fluenda/parcefone/2.1.0/parcefone-2.1.0.jar:/home/alex/.m2/repository/javax/validation/validation-api/1.1.0.Final/validation-api-1.1.0.Final.jar:/home/alex/.m2/repository/javax/el/javax.el-api/3.0.0/javax.el-api-3.0.0.jar:/home/alex/.m2/repository/com/github/wnameless/json/json-flattener/0.12.0/json-flattener-0.12.0.jar:/home/alex/.m2/repository/com/github/wnameless/json/json-base/2.0.0/json-base-2.0.0.jar:/home/alex/.m2/repository/org/apache/bval/bval-jsr/1.1.2/bval-jsr-1.1.2.jar:/home/alex/.m2/repository/org/apache/bval/bval-core/1.1.2/bval-core-1.1.2.jar:/home/alex/.m2/repository/io/krakens/java-grok/0.1.9/java-grok-0.1.9.jar:/home/alex/.m2/repository/org/apache/calcite/calcite-core/1.27.0/calcite-core-1.27.0.jar:/home/alex/.m2/repository/org/apache/calcite/calcite-linq4j/1.27.0/calcite-linq4j-1.27.0.jar:/home/alex/.m2/repository/com/esri/geometry/esri-geometry-api/2.2.0/esri-geometry-api-2.2.0.jar:/home/alex/.m2/repository/org/apache/calcite/avatica/avatica-core/1.18.0/avatica-core-1.18.0.jar:/home/alex/.m2/repository/org/apache/calcite/avatica/avatica-metrics/1.18.0/avatica-metrics-1.18.0.jar:/home/alex/.m2/repository/com/google/protobuf/protobuf-java/3.6.1/protobuf-java-3.6.1.jar:/home/alex/.m2/repository/org/apiguardian/apiguardian-api/1.1.0/apiguardian-api-1.1.0.jar:/home/alex/.m2/repository/com/fasterxml/jackson/dataformat/jackson-dataformat-yaml/2.10.0/jackson-dataformat-yaml-2.10.0.jar:/home/alex/.m2/repository/org/yaml/snakeyaml/1.29/snakeyaml-1.29.jar:/home/alex/.m2/repository/com/google/uzaygezen/uzaygezen-core/0.2/uzaygezen-core-0.2.jar:/home/alex/.m2/repository/com/yahoo/datasketches/sketches-core/0.9.0/sketches-core-0.9.0.jar:/home/alex/.m2/repository/com/yahoo/datasketches/memory/0.9.0/memory-0.9.0.jar:/home/alex/.m2/repository/net/hydromatic/aggdesigner-algorithm/6.0/aggdesigner-algorithm-6.0.jar:/home/alex/.m2/repository/commons-lang/commons-lang/2.4/commons-lang-2.4.jar:/home/alex/.m2/repository/org/apache/commons/commons-dbcp2/2.6.0/commons-dbcp2-2.6.0.jar:/home/alex/.m2/repository/org/apache/commons/commons-pool2/2.6.1/commons-pool2-2.6.1.jar:/home/alex/.m2/repository/org/codehaus/janino/commons-compiler/3.0.11/commons-compiler-3.0.11.jar:/home/alex/.m2/repository/org/codehaus/janino/janino/3.0.11/janino-3.0.11.jar:/home/alex/Repositories/nifi/nifi-nar-bundles/nifi-standard-services/nifi-schema-registry-service-api/target/classes:/home/alex/Repositories/nifi/nifi-nar-bundles/nifi-extension-utils/nifi-database-utils/target/classes:/home/alex/Repositories/nifi/nifi-nar-bundles/nifi-standard-bundle/nifi-standard-web-test-utils/target/classes:/home/alex/.m2/repository/com/github/stefanbirkner/fake-sftp-server-rule/2.0.1/fake-sftp-server-rule-2.0.1.jar:/home/alex/.m2/repository/com/github/marschall/memoryfilesystem/2.8.0/memoryfilesystem-2.8.0.jar:/home/alex/.m2/repository/junit/junit/4.13.2/junit-4.13.2.jar:/home/alex/.m2/repository/org/hamcrest/hamcrest-core/1.3/hamcrest-core-1.3.jar:/home/alex/Repositories/nifi/nifi-nar-bundles/nifi-extension-utils/nifi-database-test-utils/target/classes:/home/alex/.m2/repository/org/codehaus/groovy/groovy-json/2.5.14/groovy-json-2.5.14.jar:/home/alex/.m2/repository/org/codehaus/groovy/groovy/2.5.14/groovy-2.5.14.jar:/home/alex/.m2/repository/org/codehaus/groovy/groovy-servlet/2.5.14/groovy-servlet-2.5.14.jar:/home/alex/.m2/repository/org/codehaus/groovy/groovy-templates/2.5.14/groovy-templates-2.5.14.jar:/home/alex/.m2/repository/org/codehaus/groovy/groovy-xml/2.5.14/groovy-xml-2.5.14.jar:/home/alex/.m2/repository/org/hamcrest/hamcrest-all/1.3/hamcrest-all-1.3.jar:/home/alex/.m2/repository/com/squareup/okhttp3/mockwebserver/4.9.2/mockwebserver-4.9.2.jar:/home/alex/.m2/repository/org/jetbrains/kotlin/kotlin-stdlib-jdk8/1.4.10/kotlin-stdlib-jdk8-1.4.10.jar:/home/alex/.m2/repository/org/jetbrains/kotlin/kotlin-stdlib-jdk7/1.4.10/kotlin-stdlib-jdk7-1.4.10.jar:/home/alex/.m2/repository/org/mockito/mockito-inline/3.12.4/mockito-inline-3.12.4.jar:/home/alex/.m2/repository/org/junit/jupiter/junit-jupiter-api/5.7.2/junit-jupiter-api-5.7.2.jar:/home/alex/.m2/repository/org/opentest4j/opentest4j/1.2.0/opentest4j-1.2.0.jar:/home/alex/.m2/repository/org/junit/platform/junit-platform-commons/1.7.2/junit-platform-commons-1.7.2.jar:/home/alex/.m2/repository/org/junit/jupiter/junit-jupiter-engine/5.7.2/junit-jupiter-engine-5.7.2.jar:/home/alex/.m2/repository/org/junit/platform/junit-platform-engine/1.7.2/junit-platform-engine-1.7.2.jar:/home/alex/.m2/repository/org/junit/vintage/junit-vintage-engine/5.7.2/junit-vintage-engine-5.7.2.jar:/home/alex/.m2/repository/org/junit/jupiter/junit-jupiter-params/5.7.2/junit-jupiter-params-5.7.2.jar:/home/alex/.m2/repository/org/mockito/mockito-core/3.11.2/mockito-core-3.11.2.jar:/home/alex/.m2/repository/net/bytebuddy/byte-buddy/1.11.3/byte-buddy-1.11.3.jar:/home/alex/.m2/repository/net/bytebuddy/byte-buddy-agent/1.11.3/byte-buddy-agent-1.11.3.jar:/home/alex/.m2/repository/org/objenesis/objenesis/3.2/objenesis-3.2.jar:/home/alex/.m2/repository/org/mockito/mockito-junit-jupiter/3.11.2/mockito-junit-jupiter-3.11.2.jar:/home/alex/.m2/repository/org/slf4j/slf4j-simple/1.7.32/slf4j-simple-1.7.32.jar:/home/alex/.m2/repository/org/codehaus/groovy/groovy-test/2.5.14/groovy-test-2.5.14.jar:"/>
    <property name="org.slf4j.simpleLogger.log.nifi.processors.standard.TestExecuteSQLRecord" value="debug"/>
    <property name="java.vm.vendor" value="Private Build"/>
    <property name="sun.arch.data.model" value="64"/>
    <property name="java.vendor.url" value="http://java.oracle.com/"/>
    <property name="user.timezone" value="Europe/Lisbon"/>
    <property name="java.vm.specification.version" value="1.8"/>
    <property name="os.name" value="Linux"/>
    <property name="user.country" value="US"/>
    <property name="sun.java.launcher" value="SUN_STANDARD"/>
    <property name="sun.boot.library.path" value="/usr/lib/jvm/java-8-openjdk-amd64/jre/lib/amd64"/>
    <property name="sun.java.command" value="/home/alex/Repositories/nifi/nifi-nar-bundles/nifi-standard-bundle/nifi-standard-processors/target/surefire/surefirebooter5361507383572708917.jar /home/alex/Repositories/nifi/nifi-nar-bundles/nifi-standard-bundle/nifi-standard-processors/target/surefire 2024-05-02T01-23-45_285-jvmRun1 surefire2937495179455515110tmp surefire_696557117907135602125tmp"/>
    <property name="org.slf4j.simpleLogger.log.nifi.io.nio" value="debug"/>
    <property name="surefire.test.class.path" value="/home/alex/Repositories/nifi/nifi-nar-bundles/nifi-standard-bundle/nifi-standard-processors/target/test-classes:/home/alex/Repositories/nifi/nifi-nar-bundles/nifi-standard-bundle/nifi-standard-processors/target/classes:/home/alex/.m2/repository/org/apache/ftpserver/ftpserver-core/1.1.1/ftpserver-core-1.1.1.jar:/home/alex/.m2/repository/org/apache/ftpserver/ftplet-api/1.1.1/ftplet-api-1.1.1.jar:/home/alex/.m2/repository/org/slf4j/slf4j-api/1.7.32/slf4j-api-1.7.32.jar:/home/alex/.m2/repository/org/apache/mina/mina-core/2.0.16/mina-core-2.0.16.jar:/home/alex/Repositories/nifi/nifi-api/target/classes:/home/alex/Repositories/nifi/nifi-commons/nifi-expression-language/target/classes:/home/alex/.m2/repository/org/antlr/antlr-runtime/3.5.2/antlr-runtime-3.5.2.jar:/home/alex/Repositories/nifi/nifi-commons/nifi-parameter/target/classes:/home/alex/Repositories/nifi/nifi-commons/nifi-uuid5/target/classes:/home/alex/.m2/repository/org/apache/commons/commons-text/1.8/commons-text-1.8.jar:/home/alex/Repositories/nifi/nifi-nar-bundles/nifi-extension-utils/nifi-processor-utils/target/classes:/home/alex/Repositories/nifi/nifi-commons/nifi-security-socket-ssl/target/classes:/home/alex/Repositories/nifi/nifi-nar-bundles/nifi-extension-utils/nifi-event-transport/target/classes:/home/alex/.m2/repository/io/netty/netty-handler/4.1.69.Final/netty-handler-4.1.69.Final.jar:/home/alex/.m2/repository/io/netty/netty-common/4.1.69.Final/netty-common-4.1.69.Final.jar:/home/alex/.m2/repository/io/netty/netty-resolver/4.1.69.Final/netty-resolver-4.1.69.Final.jar:/home/alex/.m2/repository/io/netty/netty-transport/4.1.69.Final/netty-transport-4.1.69.Final.jar:/home/alex/.m2/repository/io/netty/netty-codec/4.1.69.Final/netty-codec-4.1.69.Final.jar:/home/alex/Repositories/nifi/nifi-nar-bundles/nifi-extension-utils/nifi-syslog-utils/target/classes:/home/alex/.m2/repository/com/github/palindromicity/simple-syslog-5424/0.0.16/simple-syslog-5424-0.0.16.jar:/home/alex/.m2/repository/org/antlr/antlr4-runtime/4.7.2/antlr4-runtime-4.7.2.jar:/home/alex/Repositories/nifi/nifi-commons/nifi-utils/target/classes:/home/alex/Repositories/nifi/nifi-commons/nifi-record-path/target/classes:/home/alex/Repositories/nifi/nifi-commons/nifi-properties/target/classes:/home/alex/Repositories/nifi/nifi-commons/nifi-property-utils/target/classes:/home/alex/.m2/repository/com/github/ben-manes/caffeine/caffeine/2.8.1/caffeine-2.8.1.jar:/home/alex/Repositories/nifi/nifi-nar-bundles/nifi-standard-services/nifi-ssl-context-service-api/target/classes:/home/alex/Repositories/nifi/nifi-commons/nifi-security-utils-api/target/classes:/home/alex/Repositories/nifi/nifi-nar-bundles/nifi-standard-services/nifi-lookup-service-api/target/classes:/home/alex/Repositories/nifi/nifi-commons/nifi-flowfile-packager/target/classes:/home/alex/Repositories/nifi/nifi-nar-bundles/nifi-standard-services/nifi-distributed-cache-client-service-api/target/classes:/home/alex/Repositories/nifi/nifi-nar-bundles/nifi-standard-services/nifi-http-context-map-api/target/classes:/home/alex/Repositories/nifi/nifi-nar-bundles/nifi-standard-services/nifi-record-serialization-service-api/target/classes:/home/alex/Repositories/nifi/nifi-nar-bundles/nifi-standard-services/nifi-proxy-configuration-api/target/classes:/home/alex/Repositories/nifi/nifi-commons/nifi-record/target/classes:/home/alex/Repositories/nifi/nifi-nar-bundles/nifi-standard-services/nifi-record-sink-api/target/classes:/home/alex/.m2/repository/commons-io/commons-io/2.10.0/commons-io-2.10.0.jar:/home/alex/.m2/repository/javax/ws/rs/javax.ws.rs-api/2.1/javax.ws.rs-api-2.1.jar:/home/alex/.m2/repository/commons-net/commons-net/3.6/commons-net-3.6.jar:/home/alex/.m2/repository/org/apache/commons/commons-compress/1.21/commons-compress-1.21.jar:/home/alex/.m2/repository/org/apache/commons/commons-lang3/3.9/commons-lang3-3.9.jar:/home/alex/.m2/repository/org/bouncycastle/bcprov-jdk15on/1.69/bcprov-jdk15on-1.69.jar:/home/alex/.m2/repository/org/bouncycastle/bcpg-jdk15on/1.69/bcpg-jdk15on-1.69.jar:/home/alex/.m2/repository/org/bouncycastle/bcpkix-jdk15on/1.69/bcpkix-jdk15on-1.69.jar:/home/alex/.m2/repository/org/bouncycastle/bcutil-jdk15on/1.69/bcutil-jdk15on-1.69.jar:/home/alex/.m2/repository/commons-codec/commons-codec/1.14/commons-codec-1.14.jar:/home/alex/Repositories/nifi/nifi-commons/nifi-security-utils/target/classes:/home/alex/Repositories/nifi/nifi-commons/nifi-security-kms/target/classes:/home/alex/.m2/repository/org/apache/commons/commons-configuration2/2.7/commons-configuration2-2.7.jar:/home/alex/.m2/repository/com/hierynomus/sshj/0.32.0/sshj-0.32.0.jar:/home/alex/.m2/repository/com/jcraft/jzlib/1.1.3/jzlib-1.1.3.jar:/home/alex/.m2/repository/com/hierynomus/asn-one/0.6.0/asn-one-0.6.0.jar:/home/alex/.m2/repository/net/i2p/crypto/eddsa/0.3.0/eddsa-0.3.0.jar:/home/alex/.m2/repository/org/eclipse/jetty/jetty-server/9.4.44.v20210927/jetty-server-9.4.44.v20210927.jar:/home/alex/.m2/repository/javax/servlet/javax.servlet-api/3.1.0/javax.servlet-api-3.1.0.jar:/home/alex/.m2/repository/org/eclipse/jetty/jetty-http/9.4.44.v20210927/jetty-http-9.4.44.v20210927.jar:/home/alex/.m2/repository/org/eclipse/jetty/jetty-util/9.4.44.v20210927/jetty-util-9.4.44.v20210927.jar:/home/alex/.m2/repository/org/eclipse/jetty/jetty-io/9.4.44.v20210927/jetty-io-9.4.44.v20210927.jar:/home/alex/.m2/repository/org/eclipse/jetty/jetty-servlet/9.4.44.v20210927/jetty-servlet-9.4.44.v20210927.jar:/home/alex/.m2/repository/org/eclipse/jetty/jetty-security/9.4.44.v20210927/jetty-security-9.4.44.v20210927.jar:/home/alex/.m2/repository/org/eclipse/jetty/jetty-util-ajax/9.4.44.v20210927/jetty-util-ajax-9.4.44.v20210927.jar:/home/alex/.m2/repository/org/apache/httpcomponents/httpclient/4.5.5/httpclient-4.5.5.jar:/home/alex/.m2/repository/commons-logging/commons-logging/1.2/commons-logging-1.2.jar:/home/alex/.m2/repository/org/apache/httpcomponents/httpcore/4.4.9/httpcore-4.4.9.jar:/home/alex/.m2/repository/jakarta/activation/jakarta.activation-api/2.0.1/jakarta.activation-api-2.0.1.jar:/home/alex/.m2/repository/com/sun/activation/jakarta.activation/2.0.1/jakarta.activation-2.0.1.jar:/home/alex/.m2/repository/jakarta/mail/jakarta.mail-api/2.0.1/jakarta.mail-api-2.0.1.jar:/home/alex/.m2/repository/com/sun/mail/jakarta.mail/2.0.1/jakarta.mail-2.0.1.jar:/home/alex/.m2/repository/com/github/jponge/lzma-java/1.3/lzma-java-1.3.jar:/home/alex/.m2/repository/org/tukaani/xz/1.8/xz-1.8.jar:/home/alex/.m2/repository/net/sf/saxon/Saxon-HE/10.6/Saxon-HE-10.6.jar:/home/alex/Repositories/nifi/nifi-commons/nifi-socket-utils/target/classes:/home/alex/Repositories/nifi/nifi-commons/nifi-logging-utils/target/classes:/home/alex/Repositories/nifi/nifi-nar-bundles/nifi-standard-services/nifi-load-distribution-service-api/target/classes:/home/alex/.m2/repository/javax/jms/javax.jms-api/2.0.1/javax.jms-api-2.0.1.jar:/home/alex/.m2/repository/org/apache/activemq/activemq-client/5.15.15/activemq-client-5.15.15.jar:/home/alex/.m2/repository/org/apache/geronimo/specs/geronimo-jms_1.1_spec/1.1.1/geronimo-jms_1.1_spec-1.1.1.jar:/home/alex/.m2/repository/org/fusesource/hawtbuf/hawtbuf/1.11/hawtbuf-1.11.jar:/home/alex/.m2/repository/org/apache/geronimo/specs/geronimo-j2ee-management_1.1_spec/1.0.1/geronimo-j2ee-management_1.1_spec-1.0.1.jar:/home/alex/.m2/repository/com/jayway/jsonpath/json-path/2.6.0/json-path-2.6.0.jar:/home/alex/.m2/repository/net/minidev/json-smart/2.4.7/json-smart-2.4.7.jar:/home/alex/.m2/repository/net/minidev/accessors-smart/2.4.7/accessors-smart-2.4.7.jar:/home/alex/.m2/repository/org/ow2/asm/asm/9.1/asm-9.1.jar:/home/alex/.m2/repository/org/apache/tika/tika-core/1.26/tika-core-1.26.jar:/home/alex/.m2/repository/com/fasterxml/jackson/core/jackson-databind/2.12.3/jackson-databind-2.12.3.jar:/home/alex/.m2/repository/com/fasterxml/jackson/core/jackson-annotations/2.12.3/jackson-annotations-2.12.3.jar:/home/alex/.m2/repository/com/fasterxml/jackson/core/jackson-core/2.12.3/jackson-core-2.12.3.jar:/home/alex/Repositories/nifi/nifi-nar-bundles/nifi-extension-utils/nifi-record-utils/nifi-avro-record-utils/target/classes:/home/alex/Repositories/nifi/nifi-nar-bundles/nifi-extension-utils/nifi-record-utils/nifi-standard-record-utils/target/classes:/home/alex/.m2/repository/org/apache/avro/avro/1.8.1/avro-1.8.1.jar:/home/alex/.m2/repository/org/codehaus/jackson/jackson-core-asl/1.9.13/jackson-core-asl-1.9.13.jar:/home/alex/.m2/repository/org/codehaus/jackson/jackson-mapper-asl/1.9.13/jackson-mapper-asl-1.9.13.jar:/home/alex/.m2/repository/com/thoughtworks/paranamer/paranamer/2.7/paranamer-2.7.jar:/home/alex/Repositories/nifi/nifi-nar-bundles/nifi-standard-services/nifi-dbcp-service-api/target/classes:/home/alex/.m2/repository/com/squareup/okhttp3/okhttp/4.9.2/okhttp-4.9.2.jar:/home/alex/.m2/repository/com/squareup/okio/okio/2.8.0/okio-2.8.0.jar:/home/alex/.m2/repository/org/jetbrains/kotlin/kotlin-stdlib-common/1.4.0/kotlin-stdlib-common-1.4.0.jar:/home/alex/.m2/repository/org/jetbrains/kotlin/kotlin-stdlib/1.4.10/kotlin-stdlib-1.4.10.jar:/home/alex/.m2/repository/org/jetbrains/annotations/13.0/annotations-13.0.jar:/home/alex/.m2/repository/io/github/rburgst/okhttp-digest/2.5/okhttp-digest-2.5.jar:/home/alex/.m2/repository/at/favre/lib/bcrypt/0.9.0/bcrypt-0.9.0.jar:/home/alex/.m2/repository/at/favre/lib/bytes/1.3.0/bytes-1.3.0.jar:/home/alex/.m2/repository/com/google/guava/guava/28.0-jre/guava-28.0-jre.jar:/home/alex/.m2/repository/com/google/guava/failureaccess/1.0.1/failureaccess-1.0.1.jar:/home/alex/.m2/repository/com/google/guava/listenablefuture/9999.0-empty-to-avoid-conflict-with-guava/listenablefuture-9999.0-empty-to-avoid-conflict-with-guava.jar:/home/alex/.m2/repository/com/google/code/findbugs/jsr305/3.0.2/jsr305-3.0.2.jar:/home/alex/.m2/repository/org/checkerframework/checker-qual/2.8.1/checker-qual-2.8.1.jar:/home/alex/.m2/repository/com/google/errorprone/error_prone_annotations/2.3.2/error_prone_annotations-2.3.2.jar:/home/alex/.m2/repository/com/google/j2objc/j2objc-annotations/1.3/j2objc-annotations-1.3.jar:/home/alex/.m2/repository/org/codehaus/mojo/animal-sniffer-annotations/1.17/animal-sniffer-annotations-1.17.jar:/home/alex/Repositories/nifi/nifi-mock/target/classes:/home/alex/Repositories/nifi/nifi-framework-api/target/classes:/home/alex/Repositories/nifi/nifi-nar-bundles/nifi-framework-bundle/nifi-framework/nifi-framework-core-api/target/classes:/home/alex/Repositories/nifi/nifi-nar-bundles/nifi-framework-bundle/nifi-framework/nifi-framework-nar-utils/target/classes:/home/alex/Repositories/nifi/nifi-nar-bundles/nifi-framework-bundle/nifi-framework/nifi-client-dto/target/classes:/home/alex/.m2/repository/io/swagger/swagger-annotations/1.6.0/swagger-annotations-1.6.0.jar:/home/alex/Repositories/nifi/nifi-commons/nifi-site-to-site-client/target/classes:/home/alex/.m2/repository/org/apache/httpcomponents/httpasyncclient/4.1.4/httpasyncclient-4.1.4.jar:/home/alex/.m2/repository/org/apache/httpcomponents/httpcore-nio/4.4.10/httpcore-nio-4.4.10.jar:/home/alex/Repositories/nifi/nifi-nar-bundles/nifi-framework-bundle/nifi-framework/nifi-framework-authorization/target/classes:/home/alex/Repositories/nifi/nifi-registry/nifi-registry-core/nifi-registry-data-model/target/classes:/home/alex/Repositories/nifi/nifi-registry/nifi-registry-core/nifi-registry-revision/nifi-registry-revision-entity-model/target/classes:/home/alex/Repositories/nifi/nifi-registry/nifi-registry-core/nifi-registry-client/target/classes:/home/alex/Repositories/nifi/nifi-registry/nifi-registry-core/nifi-registry-security-utils/target/classes:/home/alex/.m2/repository/org/glassfish/jersey/core/jersey-client/2.33/jersey-client-2.33.jar:/home/alex/.m2/repository/jakarta/ws/rs/jakarta.ws.rs-api/2.1.6/jakarta.ws.rs-api-2.1.6.jar:/home/alex/.m2/repository/org/glassfish/hk2/external/jakarta.inject/2.6.1/jakarta.inject-2.6.1.jar:/home/alex/.m2/repository/org/glassfish/jersey/media/jersey-media-json-jackson/2.33/jersey-media-json-jackson-2.33.jar:/home/alex/.m2/repository/org/glassfish/jersey/ext/jersey-entity-filtering/2.33/jersey-entity-filtering-2.33.jar:/home/alex/.m2/repository/org/glassfish/jersey/inject/jersey-hk2/2.33/jersey-hk2-2.33.jar:/home/alex/.m2/repository/org/glassfish/hk2/hk2-locator/2.6.1/hk2-locator-2.6.1.jar:/home/alex/.m2/repository/org/glassfish/hk2/external/aopalliance-repackaged/2.6.1/aopalliance-repackaged-2.6.1.jar:/home/alex/.m2/repository/org/glassfish/hk2/hk2-api/2.6.1/hk2-api-2.6.1.jar:/home/alex/.m2/repository/org/glassfish/hk2/hk2-utils/2.6.1/hk2-utils-2.6.1.jar:/home/alex/.m2/repository/org/javassist/javassist/3.25.0-GA/javassist-3.25.0-GA.jar:/home/alex/.m2/repository/org/glassfish/jersey/core/jersey-common/2.33/jersey-common-2.33.jar:/home/alex/.m2/repository/jakarta/annotation/jakarta.annotation-api/1.3.5/jakarta.annotation-api-1.3.5.jar:/home/alex/.m2/repository/org/glassfish/hk2/osgi-resource-locator/1.0.3/osgi-resource-locator-1.0.3.jar:/home/alex/.m2/repository/org/glassfish/jersey/media/jersey-media-multipart/2.33/jersey-media-multipart-2.33.jar:/home/alex/.m2/repository/org/jvnet/mimepull/mimepull/1.9.13/mimepull-1.9.13.jar:/home/alex/Repositories/nifi/nifi-commons/nifi-data-provenance-utils/target/classes:/home/alex/Repositories/nifi/nifi-nar-bundles/nifi-standard-services/nifi-distributed-cache-services-bundle/nifi-distributed-cache-client-service/target/classes:/home/alex/Repositories/nifi/nifi-nar-bundles/nifi-standard-services/nifi-distributed-cache-services-bundle/nifi-distributed-cache-protocol/target/classes:/home/alex/.m2/repository/io/netty/netty-buffer/4.1.69.Final/netty-buffer-4.1.69.Final.jar:/home/alex/.m2/repository/com/google/http-client/google-http-client/1.28.0/google-http-client-1.28.0.jar:/home/alex/.m2/repository/io/opencensus/opencensus-api/0.18.0/opencensus-api-0.18.0.jar:/home/alex/.m2/repository/io/grpc/grpc-context/1.14.0/grpc-context-1.14.0.jar:/home/alex/.m2/repository/io/opencensus/opencensus-contrib-http-util/0.18.0/opencensus-contrib-http-util-0.18.0.jar:/home/alex/.m2/repository/org/apache/activemq/activemq-broker/5.15.14/activemq-broker-5.15.14.jar:/home/alex/.m2/repository/org/apache/activemq/activemq-openwire-legacy/5.15.14/activemq-openwire-legacy-5.15.14.jar:/home/alex/Repositories/nifi/nifi-nar-bundles/nifi-standard-services/nifi-ssl-context-bundle/nifi-ssl-context-service/target/classes:/home/alex/Repositories/nifi/nifi-nar-bundles/nifi-framework-bundle/nifi-framework/nifi-standard-prioritizers/target/classes:/home/alex/Repositories/nifi/nifi-nar-bundles/nifi-extension-utils/nifi-record-utils/nifi-mock-record-utils/target/classes:/home/alex/Repositories/nifi/nifi-nar-bundles/nifi-standard-services/nifi-record-serialization-services-bundle/nifi-record-serialization-services/target/classes:/home/alex/.m2/repository/org/apache/commons/commons-csv/1.8/commons-csv-1.8.jar:/home/alex/.m2/repository/com/fasterxml/jackson/dataformat/jackson-dataformat-csv/2.12.3/jackson-dataformat-csv-2.12.3.jar:/home/alex/.m2/repository/net/java/dev/stax-utils/stax-utils/20070216/stax-utils-20070216.jar:/home/alex/Repositories/nifi/nifi-nar-bundles/nifi-standard-services/nifi-lookup-services-bundle/nifi-lookup-services/target/classes:/home/alex/.m2/repository/commons-beanutils/commons-beanutils/1.9.4/commons-beanutils-1.9.4.jar:/home/alex/.m2/repository/commons-collections/commons-collections/3.2.2/commons-collections-3.2.2.jar:/home/alex/.m2/repository/com/maxmind/geoip2/geoip2/2.12.0/geoip2-2.12.0.jar:/home/alex/.m2/repository/com/maxmind/db/maxmind-db/1.2.2/maxmind-db-1.2.2.jar:/home/alex/.m2/repository/org/apache/derby/derby/10.14.2.0/derby-10.14.2.0.jar:/home/alex/.m2/repository/org/xerial/snappy/snappy-java/1.1.7.3/snappy-java-1.1.7.3.jar:/home/alex/.m2/repository/net/lingala/zip4j/zip4j/2.8.0/zip4j-2.8.0.jar:/home/alex/.m2/repository/com/h2database/h2/1.4.187/h2-1.4.187.jar:/home/alex/.m2/repository/org/mockftpserver/MockFtpServer/2.7.1/MockFtpServer-2.7.1.jar:/home/alex/.m2/repository/org/apache/sshd/sshd-core/1.7.0/sshd-core-1.7.0.jar:/home/alex/.m2/repository/com/bazaarvoice/jolt/jolt-core/0.1.1/jolt-core-0.1.1.jar:/home/alex/.m2/repository/javax/inject/javax.inject/1/javax.inject-1.jar:/home/alex/.m2/repository/com/bazaarvoice/jolt/json-utils/0.1.1/json-utils-0.1.1.jar:/home/alex/Repositories/nifi/nifi-nar-bundles/nifi-standard-bundle/nifi-standard-utils/target/classes:/home/alex/.m2/repository/net/sf/supercsv/super-csv/2.4.0/super-csv-2.4.0.jar:/home/alex/.m2/repository/com/fluenda/parcefone/2.1.0/parcefone-2.1.0.jar:/home/alex/.m2/repository/javax/validation/validation-api/1.1.0.Final/validation-api-1.1.0.Final.jar:/home/alex/.m2/repository/javax/el/javax.el-api/3.0.0/javax.el-api-3.0.0.jar:/home/alex/.m2/repository/com/github/wnameless/json/json-flattener/0.12.0/json-flattener-0.12.0.jar:/home/alex/.m2/repository/com/github/wnameless/json/json-base/2.0.0/json-base-2.0.0.jar:/home/alex/.m2/repository/org/apache/bval/bval-jsr/1.1.2/bval-jsr-1.1.2.jar:/home/alex/.m2/repository/org/apache/bval/bval-core/1.1.2/bval-core-1.1.2.jar:/home/alex/.m2/repository/io/krakens/java-grok/0.1.9/java-grok-0.1.9.jar:/home/alex/.m2/repository/org/apache/calcite/calcite-core/1.27.0/calcite-core-1.27.0.jar:/home/alex/.m2/repository/org/apache/calcite/calcite-linq4j/1.27.0/calcite-linq4j-1.27.0.jar:/home/alex/.m2/repository/com/esri/geometry/esri-geometry-api/2.2.0/esri-geometry-api-2.2.0.jar:/home/alex/.m2/repository/org/apache/calcite/avatica/avatica-core/1.18.0/avatica-core-1.18.0.jar:/home/alex/.m2/repository/org/apache/calcite/avatica/avatica-metrics/1.18.0/avatica-metrics-1.18.0.jar:/home/alex/.m2/repository/com/google/protobuf/protobuf-java/3.6.1/protobuf-java-3.6.1.jar:/home/alex/.m2/repository/org/apiguardian/apiguardian-api/1.1.0/apiguardian-api-1.1.0.jar:/home/alex/.m2/repository/com/fasterxml/jackson/dataformat/jackson-dataformat-yaml/2.10.0/jackson-dataformat-yaml-2.10.0.jar:/home/alex/.m2/repository/org/yaml/snakeyaml/1.29/snakeyaml-1.29.jar:/home/alex/.m2/repository/com/google/uzaygezen/uzaygezen-core/0.2/uzaygezen-core-0.2.jar:/home/alex/.m2/repository/com/yahoo/datasketches/sketches-core/0.9.0/sketches-core-0.9.0.jar:/home/alex/.m2/repository/com/yahoo/datasketches/memory/0.9.0/memory-0.9.0.jar:/home/alex/.m2/repository/net/hydromatic/aggdesigner-algorithm/6.0/aggdesigner-algorithm-6.0.jar:/home/alex/.m2/repository/commons-lang/commons-lang/2.4/commons-lang-2.4.jar:/home/alex/.m2/repository/org/apache/commons/commons-dbcp2/2.6.0/commons-dbcp2-2.6.0.jar:/home/alex/.m2/repository/org/apache/commons/commons-pool2/2.6.1/commons-pool2-2.6.1.jar:/home/alex/.m2/repository/org/codehaus/janino/commons-compiler/3.0.11/commons-compiler-3.0.11.jar:/home/alex/.m2/repository/org/codehaus/janino/janino/3.0.11/janino-3.0.11.jar:/home/alex/Repositories/nifi/nifi-nar-bundles/nifi-standard-services/nifi-schema-registry-service-api/target/classes:/home/alex/Repositories/nifi/nifi-nar-bundles/nifi-extension-utils/nifi-database-utils/target/classes:/home/alex/Repositories/nifi/nifi-nar-bundles/nifi-standard-bundle/nifi-standard-web-test-utils/target/classes:/home/alex/.m2/repository/com/github/stefanbirkner/fake-sftp-server-rule/2.0.1/fake-sftp-server-rule-2.0.1.jar:/home/alex/.m2/repository/com/github/marschall/memoryfilesystem/2.8.0/memoryfilesystem-2.8.0.jar:/home/alex/.m2/repository/junit/junit/4.13.2/junit-4.13.2.jar:/home/alex/.m2/repository/org/hamcrest/hamcrest-core/1.3/hamcrest-core-1.3.jar:/home/alex/Repositories/nifi/nifi-nar-bundles/nifi-extension-utils/nifi-database-test-utils/target/classes:/home/alex/.m2/repository/org/codehaus/groovy/groovy-json/2.5.14/groovy-json-2.5.14.jar:/home/alex/.m2/repository/org/codehaus/groovy/groovy/2.5.14/groovy-2.5.14.jar:/home/alex/.m2/repository/org/codehaus/groovy/groovy-servlet/2.5.14/groovy-servlet-2.5.14.jar:/home/alex/.m2/repository/org/codehaus/groovy/groovy-templates/2.5.14/groovy-templates-2.5.14.jar:/home/alex/.m2/repository/org/codehaus/groovy/groovy-xml/2.5.14/groovy-xml-2.5.14.jar:/home/alex/.m2/repository/org/hamcrest/hamcrest-all/1.3/hamcrest-all-1.3.jar:/home/alex/.m2/repository/com/squareup/okhttp3/mockwebserver/4.9.2/mockwebserver-4.9.2.jar:/home/alex/.m2/repository/org/jetbrains/kotlin/kotlin-stdlib-jdk8/1.4.10/kotlin-stdlib-jdk8-1.4.10.jar:/home/alex/.m2/repository/org/jetbrains/kotlin/kotlin-stdlib-jdk7/1.4.10/kotlin-stdlib-jdk7-1.4.10.jar:/home/alex/.m2/repository/org/mockito/mockito-inline/3.12.4/mockito-inline-3.12.4.jar:/home/alex/.m2/repository/org/junit/jupiter/junit-jupiter-api/5.7.2/junit-jupiter-api-5.7.2.jar:/home/alex/.m2/repository/org/opentest4j/opentest4j/1.2.0/opentest4j-1.2.0.jar:/home/alex/.m2/repository/org/junit/platform/junit-platform-commons/1.7.2/junit-platform-commons-1.7.2.jar:/home/alex/.m2/repository/org/junit/jupiter/junit-jupiter-engine/5.7.2/junit-jupiter-engine-5.7.2.jar:/home/alex/.m2/repository/org/junit/platform/junit-platform-engine/1.7.2/junit-platform-engine-1.7.2.jar:/home/alex/.m2/repository/org/junit/vintage/junit-vintage-engine/5.7.2/junit-vintage-engine-5.7.2.jar:/home/alex/.m2/repository/org/junit/jupiter/junit-jupiter-params/5.7.2/junit-jupiter-params-5.7.2.jar:/home/alex/.m2/repository/org/mockito/mockito-core/3.11.2/mockito-core-3.11.2.jar:/home/alex/.m2/repository/net/bytebuddy/byte-buddy/1.11.3/byte-buddy-1.11.3.jar:/home/alex/.m2/repository/net/bytebuddy/byte-buddy-agent/1.11.3/byte-buddy-agent-1.11.3.jar:/home/alex/.m2/repository/org/objenesis/objenesis/3.2/objenesis-3.2.jar:/home/alex/.m2/repository/org/mockito/mockito-junit-jupiter/3.11.2/mockito-junit-jupiter-3.11.2.jar:/home/alex/.m2/repository/org/slf4j/slf4j-simple/1.7.32/slf4j-simple-1.7.32.jar:/home/alex/.m2/repository/org/codehaus/groovy/groovy-test/2.5.14/groovy-test-2.5.14.jar:"/>
    <property name="sun.cpu.endian" value="little"/>
    <property name="user.home" value="/home/alex"/>
    <property name="user.language" value="en"/>
    <property name="java.specification.vendor" value="Oracle Corporation"/>
    <property name="java.home" value="/usr/lib/jvm/java-8-openjdk-amd64/jre"/>
    <property name="basedir" value="/home/alex/Repositories/nifi/nifi-nar-bundles/nifi-standard-bundle/nifi-standard-processors"/>
    <property name="file.separator" value="/"/>
    <property name="line.separator" value="&#10;"/>
    <property name="java.vm.specification.vendor" value="Oracle Corporation"/>
    <property name="java.specification.name" value="Java Platform API Specification"/>
    <property name="derby.stream.error.file" value="target/derby.log"/>
    <property name="javax.xml.xpath.XPathFactory:http://saxon.sf.net/jaxp/xpath/om" value="net.sf.saxon.xpath.XPathFactoryImpl"/>
    <property name="java.awt.graphicsenv" value="sun.awt.X11GraphicsEnvironment"/>
    <property name="org.slf4j.simpleLogger.log.org.apache.nifi.processors.standard.SQLTransform" value="debug"/>
    <property name="java.awt.headless" value="true"/>
    <property name="org.slf4j.simpleLogger.log.nifi.processors.standard.ExecuteSQLRecord" value="debug"/>
    <property name="org.slf4j.simpleLogger.showDateTime" value="true"/>
    <property name="surefire.real.class.path" value="/home/alex/Repositories/nifi/nifi-nar-bundles/nifi-standard-bundle/nifi-standard-processors/target/surefire/surefirebooter5361507383572708917.jar"/>
    <property name="sun.boot.class.path" value="/usr/lib/jvm/java-8-openjdk-amd64/jre/lib/resources.jar:/usr/lib/jvm/java-8-openjdk-amd64/jre/lib/rt.jar:/usr/lib/jvm/java-8-openjdk-amd64/jre/lib/sunrsasign.jar:/usr/lib/jvm/java-8-openjdk-amd64/jre/lib/jsse.jar:/usr/lib/jvm/java-8-openjdk-amd64/jre/lib/jce.jar:/usr/lib/jvm/java-8-openjdk-amd64/jre/lib/charsets.jar:/usr/lib/jvm/java-8-openjdk-amd64/jre/lib/jfr.jar:/usr/lib/jvm/java-8-openjdk-amd64/jre/classes"/>
    <property name="sun.management.compiler" value="HotSpot 64-Bit Tiered Compilers"/>
    <property name="org.slf4j.simpleLogger.log.nifi.processors.standard.TestExecuteSQL" value="debug"/>
    <property name="java.runtime.version" value="1.8.0_402-8u402-ga-2ubuntu1~22.04-b06"/>
    <property name="java.net.preferIPv4Stack" value="true"/>
    <property name="user.name" value="alex"/>
    <property name="path.separator" value=":"/>
    <property name="os.version" value="6.5.0-28-generic"/>
    <property name="java.endorsed.dirs" value="/usr/lib/jvm/java-8-openjdk-amd64/jre/lib/endorsed"/>
    <property name="java.runtime.name" value="OpenJDK Runtime Environment"/>
    <property name="file.encoding" value="UTF-8"/>
    <property name="org.slf4j.simpleLogger.log.org.apache.nifi.processors.standard" value="TRACE"/>
    <property name="org.slf4j.simpleLogger.log.nifi.processors.standard.ExecuteSQL" value="debug"/>
    <property name="sun.nio.ch.bugLevel" value=""/>
    <property name="java.vm.name" value="OpenJDK 64-Bit Server VM"/>
    <property name="localRepository" value="/home/alex/.m2/repository"/>
    <property name="java.vendor.url.bug" value="http://bugreport.sun.com/bugreport/"/>
    <property name="java.io.tmpdir" value="/tmp"/>
    <property name="java.version" value="1.8.0_402"/>
    <property name="user.dir" value="/home/alex/Repositories/nifi/nifi-nar-bundles/nifi-standard-bundle/nifi-standard-processors"/>
    <property name="org.slf4j.simpleLogger.log.nifi.processors.standard.TestDetectDuplicate" value="debug"/>
    <property name="os.arch" value="amd64"/>
    <property name="java.vm.specification.name" value="Java Virtual Machine Specification"/>
    <property name="java.awt.printerjob" value="sun.print.PSPrinterJob"/>
    <property name="sun.os.patch.level" value="unknown"/>
    <property name="org.slf4j.simpleLogger.defaultLogLevel" value="info"/>
    <property name="java.library.path" value="/usr/java/packages/lib/amd64:/usr/lib/x86_64-linux-gnu/jni:/lib/x86_64-linux-gnu:/usr/lib/x86_64-linux-gnu:/usr/lib/jni:/lib:/usr/lib"/>
    <property name="java.vm.info" value="mixed mode"/>
    <property name="java.vendor" value="Private Build"/>
    <property name="java.vm.version" value="25.402-b06"/>
    <property name="org.slf4j.simpleLogger.log.nifi.processors.standard.DetectDuplicate" value="debug"/>
    <property name="java.specification.maintenance.version" value="5"/>
    <property name="java.ext.dirs" value="/usr/lib/jvm/java-8-openjdk-amd64/jre/lib/ext:/usr/java/packages/lib/ext"/>
    <property name="sun.io.unicode.encoding" value="UnicodeLittle"/>
    <property name="java.class.version" value="52.0"/>
  </properties>
  <testcase name="testWithOutputBatching" classname="org.apache.nifi.processors.standard.TestExecuteSQL" time="2.343">
    <system-err><![CDATA[[org.apache.nifi.processors.standard.ListenUDP [76e4b5e9-4826-44d5-80f9-d550f35dca44]] ERROR org.apache.nifi.processors.standard.ListenUDP - ListenUDP[id=76e4b5e9-4826-44d5-80f9-d550f35dca44] Internal queue at maximum capacity, could not queue event
[org.apache.nifi.processors.standard.ListenUDP [76e4b5e9-4826-44d5-80f9-d550f35dca44]] ERROR org.apache.nifi.processors.standard.ListenUDP - ListenUDP[id=76e4b5e9-4826-44d5-80f9-d550f35dca44] Internal queue at maximum capacity, could not queue event
[org.apache.nifi.processors.standard.ListenUDP [76e4b5e9-4826-44d5-80f9-d550f35dca44]] ERROR org.apache.nifi.processors.standard.ListenUDP - ListenUDP[id=76e4b5e9-4826-44d5-80f9-d550f35dca44] Internal queue at maximum capacity, could not queue event
[org.apache.nifi.processors.standard.ListenUDP [76e4b5e9-4826-44d5-80f9-d550f35dca44]] ERROR org.apache.nifi.processors.standard.ListenUDP - ListenUDP[id=76e4b5e9-4826-44d5-80f9-d550f35dca44] Internal queue at maximum capacity, could not queue event
[org.apache.nifi.processors.standard.ListenUDP [76e4b5e9-4826-44d5-80f9-d550f35dca44]] ERROR org.apache.nifi.processors.standard.ListenUDP - ListenUDP[id=76e4b5e9-4826-44d5-80f9-d550f35dca44] Internal queue at maximum capacity, could not queue event
[org.apache.nifi.processors.standard.ListenUDP [76e4b5e9-4826-44d5-80f9-d550f35dca44]] ERROR org.apache.nifi.processors.standard.ListenUDP - ListenUDP[id=76e4b5e9-4826-44d5-80f9-d550f35dca44] Internal queue at maximum capacity, could not queue event
[org.apache.nifi.processors.standard.ListenUDP [76e4b5e9-4826-44d5-80f9-d550f35dca44]] ERROR org.apache.nifi.processors.standard.ListenUDP - ListenUDP[id=76e4b5e9-4826-44d5-80f9-d550f35dca44] Internal queue at maximum capacity, could not queue event
[org.apache.nifi.processors.standard.ListenUDP [76e4b5e9-4826-44d5-80f9-d550f35dca44]] ERROR org.apache.nifi.processors.standard.ListenUDP - ListenUDP[id=76e4b5e9-4826-44d5-80f9-d550f35dca44] Internal queue at maximum capacity, could not queue event
[org.apache.nifi.processors.standard.ListenUDP [76e4b5e9-4826-44d5-80f9-d550f35dca44]] ERROR org.apache.nifi.processors.standard.ListenUDP - ListenUDP[id=76e4b5e9-4826-44d5-80f9-d550f35dca44] Internal queue at maximum capacity, could not queue event
[org.apache.nifi.processors.standard.ListenUDP [76e4b5e9-4826-44d5-80f9-d550f35dca44]] ERROR org.apache.nifi.processors.standard.ListenUDP - ListenUDP[id=76e4b5e9-4826-44d5-80f9-d550f35dca44] Internal queue at maximum capacity, could not queue event
[org.apache.nifi.processors.standard.ListenUDP [76e4b5e9-4826-44d5-80f9-d550f35dca44]] ERROR org.apache.nifi.processors.standard.ListenUDP - ListenUDP[id=76e4b5e9-4826-44d5-80f9-d550f35dca44] Internal queue at maximum capacity, could not queue event
[org.apache.nifi.processors.standard.ListenUDP [76e4b5e9-4826-44d5-80f9-d550f35dca44]] ERROR org.apache.nifi.processors.standard.ListenUDP - ListenUDP[id=76e4b5e9-4826-44d5-80f9-d550f35dca44] Internal queue at maximum capacity, could not queue event
[org.apache.nifi.processors.standard.ListenUDP [76e4b5e9-4826-44d5-80f9-d550f35dca44]] ERROR org.apache.nifi.processors.standard.ListenUDP - ListenUDP[id=76e4b5e9-4826-44d5-80f9-d550f35dca44] Internal queue at maximum capacity, could not queue event
[pool-1916-thread-1] DEBUG org.apache.nifi.processors.standard.ExecuteSQL - ExecuteSQL[id=b7e1643b-3e8a-4618-8dcd-a48ec6289181] Executing query SELECT * FROM TEST_NULL_INT
[pool-1916-thread-1] INFO org.apache.nifi.processors.standard.ExecuteSQL - ExecuteSQL[id=b7e1643b-3e8a-4618-8dcd-a48ec6289181] FlowFile[0,90457651983957.mockFlowFile,286B] contains 5 records; transferring to 'success'
[pool-1916-thread-1] INFO org.apache.nifi.processors.standard.ExecuteSQL - ExecuteSQL[id=b7e1643b-3e8a-4618-8dcd-a48ec6289181] FlowFile[1,90457653274579.mockFlowFile,286B] contains 5 records; transferring to 'success'
[pool-1916-thread-1] INFO org.apache.nifi.processors.standard.ExecuteSQL - ExecuteSQL[id=b7e1643b-3e8a-4618-8dcd-a48ec6289181] FlowFile[2,90457653417755.mockFlowFile,286B] contains 5 records; transferring to 'success'
[pool-1916-thread-1] INFO org.apache.nifi.processors.standard.ExecuteSQL - ExecuteSQL[id=b7e1643b-3e8a-4618-8dcd-a48ec6289181] FlowFile[3,90457653519989.mockFlowFile,286B] contains 5 records; transferring to 'success'
[pool-1916-thread-1] INFO org.apache.nifi.processors.standard.ExecuteSQL - ExecuteSQL[id=b7e1643b-3e8a-4618-8dcd-a48ec6289181] FlowFile[4,90457653649452.mockFlowFile,286B] contains 5 records; transferring to 'success'
[pool-1916-thread-1] INFO org.apache.nifi.processors.standard.ExecuteSQL - ExecuteSQL[id=b7e1643b-3e8a-4618-8dcd-a48ec6289181] FlowFile[5,90457653847598.mockFlowFile,286B] contains 5 records; transferring to 'success'
[pool-1916-thread-1] INFO org.apache.nifi.processors.standard.ExecuteSQL - ExecuteSQL[id=b7e1643b-3e8a-4618-8dcd-a48ec6289181] FlowFile[6,90457653942813.mockFlowFile,286B] contains 5 records; transferring to 'success'
[pool-1916-thread-1] INFO org.apache.nifi.processors.standard.ExecuteSQL - ExecuteSQL[id=b7e1643b-3e8a-4618-8dcd-a48ec6289181] FlowFile[7,90457654038979.mockFlowFile,286B] contains 5 records; transferring to 'success'
[pool-1916-thread-1] INFO org.apache.nifi.processors.standard.ExecuteSQL - ExecuteSQL[id=b7e1643b-3e8a-4618-8dcd-a48ec6289181] FlowFile[8,90457654136904.mockFlowFile,286B] contains 5 records; transferring to 'success'
[pool-1916-thread-1] INFO org.apache.nifi.processors.standard.ExecuteSQL - ExecuteSQL[id=b7e1643b-3e8a-4618-8dcd-a48ec6289181] FlowFile[9,90457654223845.mockFlowFile,286B] contains 5 records; transferring to 'success'
[pool-1916-thread-1] INFO org.apache.nifi.processors.standard.ExecuteSQL - ExecuteSQL[id=b7e1643b-3e8a-4618-8dcd-a48ec6289181] FlowFile[10,90457654320483.mockFlowFile,286B] contains 5 records; transferring to 'success'
[pool-1916-thread-1] INFO org.apache.nifi.processors.standard.ExecuteSQL - ExecuteSQL[id=b7e1643b-3e8a-4618-8dcd-a48ec6289181] FlowFile[11,90457654407146.mockFlowFile,286B] contains 5 records; transferring to 'success'
[pool-1916-thread-1] INFO org.apache.nifi.processors.standard.ExecuteSQL - ExecuteSQL[id=b7e1643b-3e8a-4618-8dcd-a48ec6289181] FlowFile[12,90457654536148.mockFlowFile,287B] contains 5 records; transferring to 'success'
[pool-1916-thread-1] INFO org.apache.nifi.processors.standard.ExecuteSQL - ExecuteSQL[id=b7e1643b-3e8a-4618-8dcd-a48ec6289181] FlowFile[13,90457654688018.mockFlowFile,291B] contains 5 records; transferring to 'success'
[pool-1916-thread-1] INFO org.apache.nifi.processors.standard.ExecuteSQL - ExecuteSQL[id=b7e1643b-3e8a-4618-8dcd-a48ec6289181] FlowFile[14,90457654782292.mockFlowFile,291B] contains 5 records; transferring to 'success'
[pool-1916-thread-1] INFO org.apache.nifi.processors.standard.ExecuteSQL - ExecuteSQL[id=b7e1643b-3e8a-4618-8dcd-a48ec6289181] FlowFile[15,90457654930687.mockFlowFile,291B] contains 5 records; transferring to 'success'
[pool-1916-thread-1] INFO org.apache.nifi.processors.standard.ExecuteSQL - ExecuteSQL[id=b7e1643b-3e8a-4618-8dcd-a48ec6289181] FlowFile[16,90457655057600.mockFlowFile,291B] contains 5 records; transferring to 'success'
[pool-1916-thread-1] INFO org.apache.nifi.processors.standard.ExecuteSQL - ExecuteSQL[id=b7e1643b-3e8a-4618-8dcd-a48ec6289181] FlowFile[17,90457655157314.mockFlowFile,291B] contains 5 records; transferring to 'success'
[pool-1916-thread-1] INFO org.apache.nifi.processors.standard.ExecuteSQL - ExecuteSQL[id=b7e1643b-3e8a-4618-8dcd-a48ec6289181] FlowFile[18,90457655249703.mockFlowFile,291B] contains 5 records; transferring to 'success'
[pool-1916-thread-1] INFO org.apache.nifi.processors.standard.ExecuteSQL - ExecuteSQL[id=b7e1643b-3e8a-4618-8dcd-a48ec6289181] FlowFile[19,90457655338175.mockFlowFile,291B] contains 5 records; transferring to 'success'
[pool-1916-thread-1] INFO org.apache.nifi.processors.standard.ExecuteSQL - ExecuteSQL[id=b7e1643b-3e8a-4618-8dcd-a48ec6289181] FlowFile[20,90457655441061.mockFlowFile,291B] contains 5 records; transferring to 'success'
[pool-1916-thread-1] INFO org.apache.nifi.processors.standard.ExecuteSQL - ExecuteSQL[id=b7e1643b-3e8a-4618-8dcd-a48ec6289181] FlowFile[21,90457655574849.mockFlowFile,291B] contains 5 records; transferring to 'success'
[pool-1916-thread-1] INFO org.apache.nifi.processors.standard.ExecuteSQL - ExecuteSQL[id=b7e1643b-3e8a-4618-8dcd-a48ec6289181] FlowFile[22,90457655720339.mockFlowFile,291B] contains 5 records; transferring to 'success'
[pool-1916-thread-1] INFO org.apache.nifi.processors.standard.ExecuteSQL - ExecuteSQL[id=b7e1643b-3e8a-4618-8dcd-a48ec6289181] FlowFile[23,90457655872493.mockFlowFile,291B] contains 5 records; transferring to 'success'
[pool-1916-thread-1] INFO org.apache.nifi.processors.standard.ExecuteSQL - ExecuteSQL[id=b7e1643b-3e8a-4618-8dcd-a48ec6289181] FlowFile[24,90457656025581.mockFlowFile,291B] contains 5 records; transferring to 'success'
[pool-1916-thread-1] INFO org.apache.nifi.processors.standard.ExecuteSQL - ExecuteSQL[id=b7e1643b-3e8a-4618-8dcd-a48ec6289181] FlowFile[25,90457656176906.mockFlowFile,291B] contains 5 records; transferring to 'success'
[pool-1916-thread-1] INFO org.apache.nifi.processors.standard.ExecuteSQL - ExecuteSQL[id=b7e1643b-3e8a-4618-8dcd-a48ec6289181] FlowFile[26,90457656350038.mockFlowFile,291B] contains 5 records; transferring to 'success'
[pool-1916-thread-1] INFO org.apache.nifi.processors.standard.ExecuteSQL - ExecuteSQL[id=b7e1643b-3e8a-4618-8dcd-a48ec6289181] FlowFile[27,90457656499795.mockFlowFile,291B] contains 5 records; transferring to 'success'
[pool-1916-thread-1] INFO org.apache.nifi.processors.standard.ExecuteSQL - ExecuteSQL[id=b7e1643b-3e8a-4618-8dcd-a48ec6289181] FlowFile[28,90457656645045.mockFlowFile,291B] contains 5 records; transferring to 'success'
[pool-1916-thread-1] INFO org.apache.nifi.processors.standard.ExecuteSQL - ExecuteSQL[id=b7e1643b-3e8a-4618-8dcd-a48ec6289181] FlowFile[29,90457656802985.mockFlowFile,291B] contains 5 records; transferring to 'success'
[pool-1916-thread-1] INFO org.apache.nifi.processors.standard.ExecuteSQL - ExecuteSQL[id=b7e1643b-3e8a-4618-8dcd-a48ec6289181] FlowFile[30,90457656956461.mockFlowFile,291B] contains 5 records; transferring to 'success'
[pool-1916-thread-1] INFO org.apache.nifi.processors.standard.ExecuteSQL - ExecuteSQL[id=b7e1643b-3e8a-4618-8dcd-a48ec6289181] FlowFile[31,90457657101601.mockFlowFile,291B] contains 5 records; transferring to 'success'
[pool-1916-thread-1] INFO org.apache.nifi.processors.standard.ExecuteSQL - ExecuteSQL[id=b7e1643b-3e8a-4618-8dcd-a48ec6289181] FlowFile[32,90457657270726.mockFlowFile,291B] contains 5 records; transferring to 'success'
[pool-1916-thread-1] INFO org.apache.nifi.processors.standard.ExecuteSQL - ExecuteSQL[id=b7e1643b-3e8a-4618-8dcd-a48ec6289181] FlowFile[33,90457657441185.mockFlowFile,291B] contains 5 records; transferring to 'success'
[pool-1916-thread-1] INFO org.apache.nifi.processors.standard.ExecuteSQL - ExecuteSQL[id=b7e1643b-3e8a-4618-8dcd-a48ec6289181] FlowFile[34,90457657598878.mockFlowFile,291B] contains 5 records; transferring to 'success'
[pool-1916-thread-1] INFO org.apache.nifi.processors.standard.ExecuteSQL - ExecuteSQL[id=b7e1643b-3e8a-4618-8dcd-a48ec6289181] FlowFile[35,90457657749243.mockFlowFile,291B] contains 5 records; transferring to 'success'
[pool-1916-thread-1] INFO org.apache.nifi.processors.standard.ExecuteSQL - ExecuteSQL[id=b7e1643b-3e8a-4618-8dcd-a48ec6289181] FlowFile[36,90457657904466.mockFlowFile,291B] contains 5 records; transferring to 'success'
[pool-1916-thread-1] INFO org.apache.nifi.processors.standard.ExecuteSQL - ExecuteSQL[id=b7e1643b-3e8a-4618-8dcd-a48ec6289181] FlowFile[37,90457658057620.mockFlowFile,291B] contains 5 records; transferring to 'success'
[pool-1916-thread-1] INFO org.apache.nifi.processors.standard.ExecuteSQL - ExecuteSQL[id=b7e1643b-3e8a-4618-8dcd-a48ec6289181] FlowFile[38,90457658244039.mockFlowFile,291B] contains 5 records; transferring to 'success'
[pool-1916-thread-1] INFO org.apache.nifi.processors.standard.ExecuteSQL - ExecuteSQL[id=b7e1643b-3e8a-4618-8dcd-a48ec6289181] FlowFile[39,90457658421717.mockFlowFile,291B] contains 5 records; transferring to 'success'
[pool-1916-thread-1] INFO org.apache.nifi.processors.standard.ExecuteSQL - ExecuteSQL[id=b7e1643b-3e8a-4618-8dcd-a48ec6289181] FlowFile[40,90457658580984.mockFlowFile,291B] contains 5 records; transferring to 'success'
[pool-1916-thread-1] INFO org.apache.nifi.processors.standard.ExecuteSQL - ExecuteSQL[id=b7e1643b-3e8a-4618-8dcd-a48ec6289181] FlowFile[41,90457658729208.mockFlowFile,291B] contains 5 records; transferring to 'success'
[pool-1916-thread-1] INFO org.apache.nifi.processors.standard.ExecuteSQL - ExecuteSQL[id=b7e1643b-3e8a-4618-8dcd-a48ec6289181] FlowFile[42,90457658925546.mockFlowFile,291B] contains 5 records; transferring to 'success'
[pool-1916-thread-1] INFO org.apache.nifi.processors.standard.ExecuteSQL - ExecuteSQL[id=b7e1643b-3e8a-4618-8dcd-a48ec6289181] FlowFile[43,90457659122656.mockFlowFile,291B] contains 5 records; transferring to 'success'
[pool-1916-thread-1] INFO org.apache.nifi.processors.standard.ExecuteSQL - ExecuteSQL[id=b7e1643b-3e8a-4618-8dcd-a48ec6289181] FlowFile[44,90457659282565.mockFlowFile,291B] contains 5 records; transferring to 'success'
[pool-1916-thread-1] INFO org.apache.nifi.processors.standard.ExecuteSQL - ExecuteSQL[id=b7e1643b-3e8a-4618-8dcd-a48ec6289181] FlowFile[45,90457659420738.mockFlowFile,291B] contains 5 records; transferring to 'success'
[pool-1916-thread-1] INFO org.apache.nifi.processors.standard.ExecuteSQL - ExecuteSQL[id=b7e1643b-3e8a-4618-8dcd-a48ec6289181] FlowFile[46,90457659516912.mockFlowFile,291B] contains 5 records; transferring to 'success'
[pool-1916-thread-1] INFO org.apache.nifi.processors.standard.ExecuteSQL - ExecuteSQL[id=b7e1643b-3e8a-4618-8dcd-a48ec6289181] FlowFile[47,90457659609612.mockFlowFile,291B] contains 5 records; transferring to 'success'
[pool-1916-thread-1] INFO org.apache.nifi.processors.standard.ExecuteSQL - ExecuteSQL[id=b7e1643b-3e8a-4618-8dcd-a48ec6289181] FlowFile[48,90457659764195.mockFlowFile,291B] contains 5 records; transferring to 'success'
[pool-1916-thread-1] INFO org.apache.nifi.processors.standard.ExecuteSQL - ExecuteSQL[id=b7e1643b-3e8a-4618-8dcd-a48ec6289181] FlowFile[49,90457659926503.mockFlowFile,291B] contains 5 records; transferring to 'success'
[pool-1916-thread-1] INFO org.apache.nifi.processors.standard.ExecuteSQL - ExecuteSQL[id=b7e1643b-3e8a-4618-8dcd-a48ec6289181] FlowFile[50,90457660092331.mockFlowFile,291B] contains 5 records; transferring to 'success'
[pool-1916-thread-1] INFO org.apache.nifi.processors.standard.ExecuteSQL - ExecuteSQL[id=b7e1643b-3e8a-4618-8dcd-a48ec6289181] FlowFile[51,90457660238290.mockFlowFile,291B] contains 5 records; transferring to 'success'
[pool-1916-thread-1] INFO org.apache.nifi.processors.standard.ExecuteSQL - ExecuteSQL[id=b7e1643b-3e8a-4618-8dcd-a48ec6289181] FlowFile[52,90457660396607.mockFlowFile,291B] contains 5 records; transferring to 'success'
[pool-1916-thread-1] INFO org.apache.nifi.processors.standard.ExecuteSQL - ExecuteSQL[id=b7e1643b-3e8a-4618-8dcd-a48ec6289181] FlowFile[53,90457660541634.mockFlowFile,291B] contains 5 records; transferring to 'success'
[pool-1916-thread-1] INFO org.apache.nifi.processors.standard.ExecuteSQL - ExecuteSQL[id=b7e1643b-3e8a-4618-8dcd-a48ec6289181] FlowFile[54,90457660687222.mockFlowFile,291B] contains 5 records; transferring to 'success'
[pool-1916-thread-1] INFO org.apache.nifi.processors.standard.ExecuteSQL - ExecuteSQL[id=b7e1643b-3e8a-4618-8dcd-a48ec6289181] FlowFile[55,90457660871273.mockFlowFile,291B] contains 5 records; transferring to 'success'
[pool-1916-thread-1] INFO org.apache.nifi.processors.standard.ExecuteSQL - ExecuteSQL[id=b7e1643b-3e8a-4618-8dcd-a48ec6289181] FlowFile[56,90457661022651.mockFlowFile,291B] contains 5 records; transferring to 'success'
[pool-1916-thread-1] INFO org.apache.nifi.processors.standard.ExecuteSQL - ExecuteSQL[id=b7e1643b-3e8a-4618-8dcd-a48ec6289181] FlowFile[57,90457661168153.mockFlowFile,291B] contains 5 records; transferring to 'success'
[pool-1916-thread-1] INFO org.apache.nifi.processors.standard.ExecuteSQL - ExecuteSQL[id=b7e1643b-3e8a-4618-8dcd-a48ec6289181] FlowFile[58,90457661325279.mockFlowFile,291B] contains 5 records; transferring to 'success'
[pool-1916-thread-1] INFO org.apache.nifi.processors.standard.ExecuteSQL - ExecuteSQL[id=b7e1643b-3e8a-4618-8dcd-a48ec6289181] FlowFile[59,90457661480898.mockFlowFile,291B] contains 5 records; transferring to 'success'
[pool-1916-thread-1] INFO org.apache.nifi.processors.standard.ExecuteSQL - ExecuteSQL[id=b7e1643b-3e8a-4618-8dcd-a48ec6289181] FlowFile[60,90457661642000.mockFlowFile,291B] contains 5 records; transferring to 'success'
[pool-1916-thread-1] INFO org.apache.nifi.processors.standard.ExecuteSQL - ExecuteSQL[id=b7e1643b-3e8a-4618-8dcd-a48ec6289181] FlowFile[61,90457661798481.mockFlowFile,291B] contains 5 records; transferring to 'success'
[pool-1916-thread-1] INFO org.apache.nifi.processors.standard.ExecuteSQL - ExecuteSQL[id=b7e1643b-3e8a-4618-8dcd-a48ec6289181] FlowFile[62,90457661949594.mockFlowFile,291B] contains 5 records; transferring to 'success'
[pool-1916-thread-1] INFO org.apache.nifi.processors.standard.ExecuteSQL - ExecuteSQL[id=b7e1643b-3e8a-4618-8dcd-a48ec6289181] FlowFile[63,90457662091880.mockFlowFile,291B] contains 5 records; transferring to 'success'
[pool-1916-thread-1] INFO org.apache.nifi.processors.standard.ExecuteSQL - ExecuteSQL[id=b7e1643b-3e8a-4618-8dcd-a48ec6289181] FlowFile[64,90457662261468.mockFlowFile,291B] contains 5 records; transferring to 'success'
[pool-1916-thread-1] INFO org.apache.nifi.processors.standard.ExecuteSQL - ExecuteSQL[id=b7e1643b-3e8a-4618-8dcd-a48ec6289181] FlowFile[65,90457662443146.mockFlowFile,291B] contains 5 records; transferring to 'success'
[pool-1916-thread-1] INFO org.apache.nifi.processors.standard.ExecuteSQL - ExecuteSQL[id=b7e1643b-3e8a-4618-8dcd-a48ec6289181] FlowFile[66,90457662589695.mockFlowFile,291B] contains 5 records; transferring to 'success'
[pool-1916-thread-1] INFO org.apache.nifi.processors.standard.ExecuteSQL - ExecuteSQL[id=b7e1643b-3e8a-4618-8dcd-a48ec6289181] FlowFile[67,90457662739030.mockFlowFile,291B] contains 5 records; transferring to 'success'
[pool-1916-thread-1] INFO org.apache.nifi.processors.standard.ExecuteSQL - ExecuteSQL[id=b7e1643b-3e8a-4618-8dcd-a48ec6289181] FlowFile[68,90457662900585.mockFlowFile,291B] contains 5 records; transferring to 'success'
[pool-1916-thread-1] INFO org.apache.nifi.processors.standard.ExecuteSQL - ExecuteSQL[id=b7e1643b-3e8a-4618-8dcd-a48ec6289181] FlowFile[69,90457663048878.mockFlowFile,291B] contains 5 records; transferring to 'success'
[pool-1916-thread-1] INFO org.apache.nifi.processors.standard.ExecuteSQL - ExecuteSQL[id=b7e1643b-3e8a-4618-8dcd-a48ec6289181] FlowFile[70,90457663207421.mockFlowFile,291B] contains 5 records; transferring to 'success'
[pool-1916-thread-1] INFO org.apache.nifi.processors.standard.ExecuteSQL - ExecuteSQL[id=b7e1643b-3e8a-4618-8dcd-a48ec6289181] FlowFile[71,90457663372860.mockFlowFile,291B] contains 5 records; transferring to 'success'
[pool-1916-thread-1] INFO org.apache.nifi.processors.standard.ExecuteSQL - ExecuteSQL[id=b7e1643b-3e8a-4618-8dcd-a48ec6289181] FlowFile[72,90457663520492.mockFlowFile,291B] contains 5 records; transferring to 'success'
[pool-1916-thread-1] INFO org.apache.nifi.processors.standard.ExecuteSQL - ExecuteSQL[id=b7e1643b-3e8a-4618-8dcd-a48ec6289181] FlowFile[73,90457663672046.mockFlowFile,291B] contains 5 records; transferring to 'success'
[pool-1916-thread-1] INFO org.apache.nifi.processors.standard.ExecuteSQL - ExecuteSQL[id=b7e1643b-3e8a-4618-8dcd-a48ec6289181] FlowFile[74,90457663827529.mockFlowFile,291B] contains 5 records; transferring to 'success'
[pool-1916-thread-1] INFO org.apache.nifi.processors.standard.ExecuteSQL - ExecuteSQL[id=b7e1643b-3e8a-4618-8dcd-a48ec6289181] FlowFile[75,90457663978746.mockFlowFile,291B] contains 5 records; transferring to 'success'
[pool-1916-thread-1] INFO org.apache.nifi.processors.standard.ExecuteSQL - ExecuteSQL[id=b7e1643b-3e8a-4618-8dcd-a48ec6289181] FlowFile[76,90457664132815.mockFlowFile,291B] contains 5 records; transferring to 'success'
[pool-1916-thread-1] INFO org.apache.nifi.processors.standard.ExecuteSQL - ExecuteSQL[id=b7e1643b-3e8a-4618-8dcd-a48ec6289181] FlowFile[77,90457664286096.mockFlowFile,291B] contains 5 records; transferring to 'success'
[pool-1916-thread-1] INFO org.apache.nifi.processors.standard.ExecuteSQL - ExecuteSQL[id=b7e1643b-3e8a-4618-8dcd-a48ec6289181] FlowFile[78,90457664428458.mockFlowFile,291B] contains 5 records; transferring to 'success'
[pool-1916-thread-1] INFO org.apache.nifi.processors.standard.ExecuteSQL - ExecuteSQL[id=b7e1643b-3e8a-4618-8dcd-a48ec6289181] FlowFile[79,90457664579072.mockFlowFile,291B] contains 5 records; transferring to 'success'
[pool-1916-thread-1] INFO org.apache.nifi.processors.standard.ExecuteSQL - ExecuteSQL[id=b7e1643b-3e8a-4618-8dcd-a48ec6289181] FlowFile[80,90457664753514.mockFlowFile,291B] contains 5 records; transferring to 'success'
[pool-1916-thread-1] INFO org.apache.nifi.processors.standard.ExecuteSQL - ExecuteSQL[id=b7e1643b-3e8a-4618-8dcd-a48ec6289181] FlowFile[81,90457664947160.mockFlowFile,291B] contains 5 records; transferring to 'success'
[pool-1916-thread-1] INFO org.apache.nifi.processors.standard.ExecuteSQL - ExecuteSQL[id=b7e1643b-3e8a-4618-8dcd-a48ec6289181] FlowFile[82,90457665104402.mockFlowFile,291B] contains 5 records; transferring to 'success'
[pool-1916-thread-1] INFO org.apache.nifi.processors.standard.ExecuteSQL - ExecuteSQL[id=b7e1643b-3e8a-4618-8dcd-a48ec6289181] FlowFile[83,90457665263271.mockFlowFile,291B] contains 5 records; transferring to 'success'
[pool-1916-thread-1] INFO org.apache.nifi.processors.standard.ExecuteSQL - ExecuteSQL[id=b7e1643b-3e8a-4618-8dcd-a48ec6289181] FlowFile[84,90457665431250.mockFlowFile,291B] contains 5 records; transferring to 'success'
[pool-1916-thread-1] INFO org.apache.nifi.processors.standard.ExecuteSQL - ExecuteSQL[id=b7e1643b-3e8a-4618-8dcd-a48ec6289181] FlowFile[85,90457665596957.mockFlowFile,291B] contains 5 records; transferring to 'success'
[pool-1916-thread-1] INFO org.apache.nifi.processors.standard.ExecuteSQL - ExecuteSQL[id=b7e1643b-3e8a-4618-8dcd-a48ec6289181] FlowFile[86,90457665746239.mockFlowFile,291B] contains 5 records; transferring to 'success'
[pool-1916-thread-1] INFO org.apache.nifi.processors.standard.ExecuteSQL - ExecuteSQL[id=b7e1643b-3e8a-4618-8dcd-a48ec6289181] FlowFile[87,90457665906198.mockFlowFile,291B] contains 5 records; transferring to 'success'
[pool-1916-thread-1] INFO org.apache.nifi.processors.standard.ExecuteSQL - ExecuteSQL[id=b7e1643b-3e8a-4618-8dcd-a48ec6289181] FlowFile[88,90457666055967.mockFlowFile,291B] contains 5 records; transferring to 'success'
[pool-1916-thread-1] INFO org.apache.nifi.processors.standard.ExecuteSQL - ExecuteSQL[id=b7e1643b-3e8a-4618-8dcd-a48ec6289181] FlowFile[89,90457666202251.mockFlowFile,291B] contains 5 records; transferring to 'success'
[pool-1916-thread-1] INFO org.apache.nifi.processors.standard.ExecuteSQL - ExecuteSQL[id=b7e1643b-3e8a-4618-8dcd-a48ec6289181] FlowFile[90,90457666388943.mockFlowFile,291B] contains 5 records; transferring to 'success'
[pool-1916-thread-1] INFO org.apache.nifi.processors.standard.ExecuteSQL - ExecuteSQL[id=b7e1643b-3e8a-4618-8dcd-a48ec6289181] FlowFile[91,90457666536061.mockFlowFile,291B] contains 5 records; transferring to 'success'
[pool-1916-thread-1] INFO org.apache.nifi.processors.standard.ExecuteSQL - ExecuteSQL[id=b7e1643b-3e8a-4618-8dcd-a48ec6289181] FlowFile[92,90457666679039.mockFlowFile,291B] contains 5 records; transferring to 'success'
[pool-1916-thread-1] INFO org.apache.nifi.processors.standard.ExecuteSQL - ExecuteSQL[id=b7e1643b-3e8a-4618-8dcd-a48ec6289181] FlowFile[93,90457666835491.mockFlowFile,291B] contains 5 records; transferring to 'success'
[pool-1916-thread-1] INFO org.apache.nifi.processors.standard.ExecuteSQL - ExecuteSQL[id=b7e1643b-3e8a-4618-8dcd-a48ec6289181] FlowFile[94,90457666981902.mockFlowFile,291B] contains 5 records; transferring to 'success'
[pool-1916-thread-1] INFO org.apache.nifi.processors.standard.ExecuteSQL - ExecuteSQL[id=b7e1643b-3e8a-4618-8dcd-a48ec6289181] FlowFile[95,90457667139149.mockFlowFile,291B] contains 5 records; transferring to 'success'
[pool-1916-thread-1] INFO org.apache.nifi.processors.standard.ExecuteSQL - ExecuteSQL[id=b7e1643b-3e8a-4618-8dcd-a48ec6289181] FlowFile[96,90457667306793.mockFlowFile,291B] contains 5 records; transferring to 'success'
[pool-1916-thread-1] INFO org.apache.nifi.processors.standard.ExecuteSQL - ExecuteSQL[id=b7e1643b-3e8a-4618-8dcd-a48ec6289181] FlowFile[97,90457667484497.mockFlowFile,291B] contains 5 records; transferring to 'success'
[pool-1916-thread-1] INFO org.apache.nifi.processors.standard.ExecuteSQL - ExecuteSQL[id=b7e1643b-3e8a-4618-8dcd-a48ec6289181] FlowFile[98,90457667662163.mockFlowFile,291B] contains 5 records; transferring to 'success'
[pool-1916-thread-1] INFO org.apache.nifi.processors.standard.ExecuteSQL - ExecuteSQL[id=b7e1643b-3e8a-4618-8dcd-a48ec6289181] FlowFile[99,90457667819167.mockFlowFile,291B] contains 5 records; transferring to 'success'
[pool-1916-thread-1] INFO org.apache.nifi.processors.standard.ExecuteSQL - ExecuteSQL[id=b7e1643b-3e8a-4618-8dcd-a48ec6289181] FlowFile[100,90457668013824.mockFlowFile,291B] contains 5 records; transferring to 'success'
[pool-1916-thread-1] INFO org.apache.nifi.processors.standard.ExecuteSQL - ExecuteSQL[id=b7e1643b-3e8a-4618-8dcd-a48ec6289181] FlowFile[101,90457668173839.mockFlowFile,291B] contains 5 records; transferring to 'success'
[pool-1916-thread-1] INFO org.apache.nifi.processors.standard.ExecuteSQL - ExecuteSQL[id=b7e1643b-3e8a-4618-8dcd-a48ec6289181] FlowFile[102,90457668343441.mockFlowFile,291B] contains 5 records; transferring to 'success'
[pool-1916-thread-1] INFO org.apache.nifi.processors.standard.ExecuteSQL - ExecuteSQL[id=b7e1643b-3e8a-4618-8dcd-a48ec6289181] FlowFile[103,90457668501900.mockFlowFile,291B] contains 5 records; transferring to 'success'
[pool-1916-thread-1] INFO org.apache.nifi.processors.standard.ExecuteSQL - ExecuteSQL[id=b7e1643b-3e8a-4618-8dcd-a48ec6289181] FlowFile[104,90457668648475.mockFlowFile,291B] contains 5 records; transferring to 'success'
[pool-1916-thread-1] INFO org.apache.nifi.processors.standard.ExecuteSQL - ExecuteSQL[id=b7e1643b-3e8a-4618-8dcd-a48ec6289181] FlowFile[105,90457668804642.mockFlowFile,291B] contains 5 records; transferring to 'success'
[pool-1916-thread-1] INFO org.apache.nifi.processors.standard.ExecuteSQL - ExecuteSQL[id=b7e1643b-3e8a-4618-8dcd-a48ec6289181] FlowFile[106,90457668964977.mockFlowFile,291B] contains 5 records; transferring to 'success'
[pool-1916-thread-1] INFO org.apache.nifi.processors.standard.ExecuteSQL - ExecuteSQL[id=b7e1643b-3e8a-4618-8dcd-a48ec6289181] FlowFile[107,90457669114712.mockFlowFile,291B] contains 5 records; transferring to 'success'
[pool-1916-thread-1] INFO org.apache.nifi.processors.standard.ExecuteSQL - ExecuteSQL[id=b7e1643b-3e8a-4618-8dcd-a48ec6289181] FlowFile[108,90457669256849.mockFlowFile,291B] contains 5 records; transferring to 'success'
[pool-1916-thread-1] INFO org.apache.nifi.processors.standard.ExecuteSQL - ExecuteSQL[id=b7e1643b-3e8a-4618-8dcd-a48ec6289181] FlowFile[109,90457669414979.mockFlowFile,291B] contains 5 records; transferring to 'success'
[pool-1916-thread-1] INFO org.apache.nifi.processors.standard.ExecuteSQL - ExecuteSQL[id=b7e1643b-3e8a-4618-8dcd-a48ec6289181] FlowFile[110,90457669568458.mockFlowFile,291B] contains 5 records; transferring to 'success'
[pool-1916-thread-1] INFO org.apache.nifi.processors.standard.ExecuteSQL - ExecuteSQL[id=b7e1643b-3e8a-4618-8dcd-a48ec6289181] FlowFile[111,90457669716301.mockFlowFile,291B] contains 5 records; transferring to 'success'
[pool-1916-thread-1] INFO org.apache.nifi.processors.standard.ExecuteSQL - ExecuteSQL[id=b7e1643b-3e8a-4618-8dcd-a48ec6289181] FlowFile[112,90457669879122.mockFlowFile,291B] contains 5 records; transferring to 'success'
[pool-1916-thread-1] INFO org.apache.nifi.processors.standard.ExecuteSQL - ExecuteSQL[id=b7e1643b-3e8a-4618-8dcd-a48ec6289181] FlowFile[113,90457670041877.mockFlowFile,291B] contains 5 records; transferring to 'success'
[pool-1916-thread-1] INFO org.apache.nifi.processors.standard.ExecuteSQL - ExecuteSQL[id=b7e1643b-3e8a-4618-8dcd-a48ec6289181] FlowFile[114,90457670183583.mockFlowFile,291B] contains 5 records; transferring to 'success'
[pool-1916-thread-1] INFO org.apache.nifi.processors.standard.ExecuteSQL - ExecuteSQL[id=b7e1643b-3e8a-4618-8dcd-a48ec6289181] FlowFile[115,90457670333840.mockFlowFile,291B] contains 5 records; transferring to 'success'
[pool-1916-thread-1] INFO org.apache.nifi.processors.standard.ExecuteSQL - ExecuteSQL[id=b7e1643b-3e8a-4618-8dcd-a48ec6289181] FlowFile[116,90457670490783.mockFlowFile,291B] contains 5 records; transferring to 'success'
[pool-1916-thread-1] INFO org.apache.nifi.processors.standard.ExecuteSQL - ExecuteSQL[id=b7e1643b-3e8a-4618-8dcd-a48ec6289181] FlowFile[117,90457670637721.mockFlowFile,291B] contains 5 records; transferring to 'success'
[pool-1916-thread-1] INFO org.apache.nifi.processors.standard.ExecuteSQL - ExecuteSQL[id=b7e1643b-3e8a-4618-8dcd-a48ec6289181] FlowFile[118,90457670785716.mockFlowFile,291B] contains 5 records; transferring to 'success'
[pool-1916-thread-1] INFO org.apache.nifi.processors.standard.ExecuteSQL - ExecuteSQL[id=b7e1643b-3e8a-4618-8dcd-a48ec6289181] FlowFile[119,90457670941069.mockFlowFile,291B] contains 5 records; transferring to 'success'
[pool-1916-thread-1] INFO org.apache.nifi.processors.standard.ExecuteSQL - ExecuteSQL[id=b7e1643b-3e8a-4618-8dcd-a48ec6289181] FlowFile[120,90457671115037.mockFlowFile,291B] contains 5 records; transferring to 'success'
[pool-1916-thread-1] INFO org.apache.nifi.processors.standard.ExecuteSQL - ExecuteSQL[id=b7e1643b-3e8a-4618-8dcd-a48ec6289181] FlowFile[121,90457671257453.mockFlowFile,291B] contains 5 records; transferring to 'success'
[pool-1916-thread-1] INFO org.apache.nifi.processors.standard.ExecuteSQL - ExecuteSQL[id=b7e1643b-3e8a-4618-8dcd-a48ec6289181] FlowFile[122,90457671434697.mockFlowFile,291B] contains 5 records; transferring to 'success'
[pool-1916-thread-1] INFO org.apache.nifi.processors.standard.ExecuteSQL - ExecuteSQL[id=b7e1643b-3e8a-4618-8dcd-a48ec6289181] FlowFile[123,90457671843417.mockFlowFile,291B] contains 5 records; transferring to 'success'
[pool-1916-thread-1] INFO org.apache.nifi.processors.standard.ExecuteSQL - ExecuteSQL[id=b7e1643b-3e8a-4618-8dcd-a48ec6289181] FlowFile[124,90457672036533.mockFlowFile,291B] contains 5 records; transferring to 'success'
[pool-1916-thread-1] INFO org.apache.nifi.processors.standard.ExecuteSQL - ExecuteSQL[id=b7e1643b-3e8a-4618-8dcd-a48ec6289181] FlowFile[125,90457672218210.mockFlowFile,291B] contains 5 records; transferring to 'success'
[pool-1916-thread-1] INFO org.apache.nifi.processors.standard.ExecuteSQL - ExecuteSQL[id=b7e1643b-3e8a-4618-8dcd-a48ec6289181] FlowFile[126,90457672366943.mockFlowFile,291B] contains 5 records; transferring to 'success'
[pool-1916-thread-1] INFO org.apache.nifi.processors.standard.ExecuteSQL - ExecuteSQL[id=b7e1643b-3e8a-4618-8dcd-a48ec6289181] FlowFile[127,90457672885469.mockFlowFile,291B] contains 5 records; transferring to 'success'
[pool-1916-thread-1] INFO org.apache.nifi.processors.standard.ExecuteSQL - ExecuteSQL[id=b7e1643b-3e8a-4618-8dcd-a48ec6289181] FlowFile[128,90457673065011.mockFlowFile,291B] contains 5 records; transferring to 'success'
[pool-1916-thread-1] INFO org.apache.nifi.processors.standard.ExecuteSQL - ExecuteSQL[id=b7e1643b-3e8a-4618-8dcd-a48ec6289181] FlowFile[129,90457673239791.mockFlowFile,291B] contains 5 records; transferring to 'success'
[pool-1916-thread-1] INFO org.apache.nifi.processors.standard.ExecuteSQL - ExecuteSQL[id=b7e1643b-3e8a-4618-8dcd-a48ec6289181] FlowFile[130,90457673425432.mockFlowFile,291B] contains 5 records; transferring to 'success'
[pool-1916-thread-1] INFO org.apache.nifi.processors.standard.ExecuteSQL - ExecuteSQL[id=b7e1643b-3e8a-4618-8dcd-a48ec6289181] FlowFile[131,90457673573100.mockFlowFile,291B] contains 5 records; transferring to 'success'
[pool-1916-thread-1] INFO org.apache.nifi.processors.standard.ExecuteSQL - ExecuteSQL[id=b7e1643b-3e8a-4618-8dcd-a48ec6289181] FlowFile[132,90457673743047.mockFlowFile,291B] contains 5 records; transferring to 'success'
[pool-1916-thread-1] INFO org.apache.nifi.processors.standard.ExecuteSQL - ExecuteSQL[id=b7e1643b-3e8a-4618-8dcd-a48ec6289181] FlowFile[133,90457673896237.mockFlowFile,291B] contains 5 records; transferring to 'success'
[pool-1916-thread-1] INFO org.apache.nifi.processors.standard.ExecuteSQL - ExecuteSQL[id=b7e1643b-3e8a-4618-8dcd-a48ec6289181] FlowFile[134,90457674042278.mockFlowFile,291B] contains 5 records; transferring to 'success'
[pool-1916-thread-1] INFO org.apache.nifi.processors.standard.ExecuteSQL - ExecuteSQL[id=b7e1643b-3e8a-4618-8dcd-a48ec6289181] FlowFile[135,90457674211483.mockFlowFile,291B] contains 5 records; transferring to 'success'
[pool-1916-thread-1] INFO org.apache.nifi.processors.standard.ExecuteSQL - ExecuteSQL[id=b7e1643b-3e8a-4618-8dcd-a48ec6289181] FlowFile[136,90457674398313.mockFlowFile,291B] contains 5 records; transferring to 'success'
[pool-1916-thread-1] INFO org.apache.nifi.processors.standard.ExecuteSQL - ExecuteSQL[id=b7e1643b-3e8a-4618-8dcd-a48ec6289181] FlowFile[137,90457674537063.mockFlowFile,291B] contains 5 records; transferring to 'success'
[pool-1916-thread-1] INFO org.apache.nifi.processors.standard.ExecuteSQL - ExecuteSQL[id=b7e1643b-3e8a-4618-8dcd-a48ec6289181] FlowFile[138,90457674697469.mockFlowFile,291B] contains 5 records; transferring to 'success'
[pool-1916-thread-1] INFO org.apache.nifi.processors.standard.ExecuteSQL - ExecuteSQL[id=b7e1643b-3e8a-4618-8dcd-a48ec6289181] FlowFile[139,90457674831299.mockFlowFile,291B] contains 5 records; transferring to 'success'
[pool-1916-thread-1] INFO org.apache.nifi.processors.standard.ExecuteSQL - ExecuteSQL[id=b7e1643b-3e8a-4618-8dcd-a48ec6289181] FlowFile[140,90457674968649.mockFlowFile,291B] contains 5 records; transferring to 'success'
[pool-1916-thread-1] INFO org.apache.nifi.processors.standard.ExecuteSQL - ExecuteSQL[id=b7e1643b-3e8a-4618-8dcd-a48ec6289181] FlowFile[141,90457675145318.mockFlowFile,291B] contains 5 records; transferring to 'success'
[pool-1916-thread-1] INFO org.apache.nifi.processors.standard.ExecuteSQL - ExecuteSQL[id=b7e1643b-3e8a-4618-8dcd-a48ec6289181] FlowFile[142,90457675282430.mockFlowFile,291B] contains 5 records; transferring to 'success'
[pool-1916-thread-1] INFO org.apache.nifi.processors.standard.ExecuteSQL - ExecuteSQL[id=b7e1643b-3e8a-4618-8dcd-a48ec6289181] FlowFile[143,90457675528337.mockFlowFile,291B] contains 5 records; transferring to 'success'
[pool-1916-thread-1] INFO org.apache.nifi.processors.standard.ExecuteSQL - ExecuteSQL[id=b7e1643b-3e8a-4618-8dcd-a48ec6289181] FlowFile[144,90457675686258.mockFlowFile,291B] contains 5 records; transferring to 'success'
[pool-1916-thread-1] INFO org.apache.nifi.processors.standard.ExecuteSQL - ExecuteSQL[id=b7e1643b-3e8a-4618-8dcd-a48ec6289181] FlowFile[145,90457675852983.mockFlowFile,291B] contains 5 records; transferring to 'success'
[pool-1916-thread-1] INFO org.apache.nifi.processors.standard.ExecuteSQL - ExecuteSQL[id=b7e1643b-3e8a-4618-8dcd-a48ec6289181] FlowFile[146,90457675990292.mockFlowFile,291B] contains 5 records; transferring to 'success'
[pool-1916-thread-1] INFO org.apache.nifi.processors.standard.ExecuteSQL - ExecuteSQL[id=b7e1643b-3e8a-4618-8dcd-a48ec6289181] FlowFile[147,90457676157950.mockFlowFile,291B] contains 5 records; transferring to 'success'
[pool-1916-thread-1] INFO org.apache.nifi.processors.standard.ExecuteSQL - ExecuteSQL[id=b7e1643b-3e8a-4618-8dcd-a48ec6289181] FlowFile[148,90457676304081.mockFlowFile,291B] contains 5 records; transferring to 'success'
[pool-1916-thread-1] INFO org.apache.nifi.processors.standard.ExecuteSQL - ExecuteSQL[id=b7e1643b-3e8a-4618-8dcd-a48ec6289181] FlowFile[149,90457676437173.mockFlowFile,291B] contains 5 records; transferring to 'success'
[pool-1916-thread-1] INFO org.apache.nifi.processors.standard.ExecuteSQL - ExecuteSQL[id=b7e1643b-3e8a-4618-8dcd-a48ec6289181] FlowFile[150,90457676581189.mockFlowFile,291B] contains 5 records; transferring to 'success'
[pool-1916-thread-1] INFO org.apache.nifi.processors.standard.ExecuteSQL - ExecuteSQL[id=b7e1643b-3e8a-4618-8dcd-a48ec6289181] FlowFile[151,90457676736864.mockFlowFile,291B] contains 5 records; transferring to 'success'
[pool-1916-thread-1] INFO org.apache.nifi.processors.standard.ExecuteSQL - ExecuteSQL[id=b7e1643b-3e8a-4618-8dcd-a48ec6289181] FlowFile[152,90457676867736.mockFlowFile,291B] contains 5 records; transferring to 'success'
[pool-1916-thread-1] INFO org.apache.nifi.processors.standard.ExecuteSQL - ExecuteSQL[id=b7e1643b-3e8a-4618-8dcd-a48ec6289181] FlowFile[153,90457676994827.mockFlowFile,291B] contains 5 records; transferring to 'success'
[pool-1916-thread-1] INFO org.apache.nifi.processors.standard.ExecuteSQL - ExecuteSQL[id=b7e1643b-3e8a-4618-8dcd-a48ec6289181] FlowFile[154,90457677151712.mockFlowFile,291B] contains 5 records; transferring to 'success'
[pool-1916-thread-1] INFO org.apache.nifi.processors.standard.ExecuteSQL - ExecuteSQL[id=b7e1643b-3e8a-4618-8dcd-a48ec6289181] FlowFile[155,90457677291205.mockFlowFile,291B] contains 5 records; transferring to 'success'
[pool-1916-thread-1] INFO org.apache.nifi.processors.standard.ExecuteSQL - ExecuteSQL[id=b7e1643b-3e8a-4618-8dcd-a48ec6289181] FlowFile[156,90457677415039.mockFlowFile,291B] contains 5 records; transferring to 'success'
[pool-1916-thread-1] INFO org.apache.nifi.processors.standard.ExecuteSQL - ExecuteSQL[id=b7e1643b-3e8a-4618-8dcd-a48ec6289181] FlowFile[157,90457677557820.mockFlowFile,291B] contains 5 records; transferring to 'success'
[pool-1916-thread-1] INFO org.apache.nifi.processors.standard.ExecuteSQL - ExecuteSQL[id=b7e1643b-3e8a-4618-8dcd-a48ec6289181] FlowFile[158,90457677685182.mockFlowFile,291B] contains 5 records; transferring to 'success'
[pool-1916-thread-1] INFO org.apache.nifi.processors.standard.ExecuteSQL - ExecuteSQL[id=b7e1643b-3e8a-4618-8dcd-a48ec6289181] FlowFile[159,90457677955132.mockFlowFile,291B] contains 5 records; transferring to 'success'
[pool-1916-thread-1] INFO org.apache.nifi.processors.standard.ExecuteSQL - ExecuteSQL[id=b7e1643b-3e8a-4618-8dcd-a48ec6289181] FlowFile[160,90457678155606.mockFlowFile,291B] contains 5 records; transferring to 'success'
[pool-1916-thread-1] INFO org.apache.nifi.processors.standard.ExecuteSQL - ExecuteSQL[id=b7e1643b-3e8a-4618-8dcd-a48ec6289181] FlowFile[161,90457678300887.mockFlowFile,291B] contains 5 records; transferring to 'success'
[pool-1916-thread-1] INFO org.apache.nifi.processors.standard.ExecuteSQL - ExecuteSQL[id=b7e1643b-3e8a-4618-8dcd-a48ec6289181] FlowFile[162,90457678432329.mockFlowFile,291B] contains 5 records; transferring to 'success'
[pool-1916-thread-1] INFO org.apache.nifi.processors.standard.ExecuteSQL - ExecuteSQL[id=b7e1643b-3e8a-4618-8dcd-a48ec6289181] FlowFile[163,90457678583250.mockFlowFile,291B] contains 5 records; transferring to 'success'
[pool-1916-thread-1] INFO org.apache.nifi.processors.standard.ExecuteSQL - ExecuteSQL[id=b7e1643b-3e8a-4618-8dcd-a48ec6289181] FlowFile[164,90457678716711.mockFlowFile,291B] contains 5 records; transferring to 'success'
[pool-1916-thread-1] INFO org.apache.nifi.processors.standard.ExecuteSQL - ExecuteSQL[id=b7e1643b-3e8a-4618-8dcd-a48ec6289181] FlowFile[165,90457678888061.mockFlowFile,291B] contains 5 records; transferring to 'success'
[pool-1916-thread-1] INFO org.apache.nifi.processors.standard.ExecuteSQL - ExecuteSQL[id=b7e1643b-3e8a-4618-8dcd-a48ec6289181] FlowFile[166,90457679014089.mockFlowFile,291B] contains 5 records; transferring to 'success'
[pool-1916-thread-1] INFO org.apache.nifi.processors.standard.ExecuteSQL - ExecuteSQL[id=b7e1643b-3e8a-4618-8dcd-a48ec6289181] FlowFile[167,90457679192562.mockFlowFile,291B] contains 5 records; transferring to 'success'
[pool-1916-thread-1] INFO org.apache.nifi.processors.standard.ExecuteSQL - ExecuteSQL[id=b7e1643b-3e8a-4618-8dcd-a48ec6289181] FlowFile[168,90457679340551.mockFlowFile,291B] contains 5 records; transferring to 'success'
[pool-1916-thread-1] INFO org.apache.nifi.processors.standard.ExecuteSQL - ExecuteSQL[id=b7e1643b-3e8a-4618-8dcd-a48ec6289181] FlowFile[169,90457679664171.mockFlowFile,291B] contains 5 records; transferring to 'success'
[pool-1916-thread-1] INFO org.apache.nifi.processors.standard.ExecuteSQL - ExecuteSQL[id=b7e1643b-3e8a-4618-8dcd-a48ec6289181] FlowFile[170,90457679860779.mockFlowFile,291B] contains 5 records; transferring to 'success'
[pool-1916-thread-1] INFO org.apache.nifi.processors.standard.ExecuteSQL - ExecuteSQL[id=b7e1643b-3e8a-4618-8dcd-a48ec6289181] FlowFile[171,90457679993805.mockFlowFile,291B] contains 5 records; transferring to 'success'
[pool-1916-thread-1] INFO org.apache.nifi.processors.standard.ExecuteSQL - ExecuteSQL[id=b7e1643b-3e8a-4618-8dcd-a48ec6289181] FlowFile[172,90457680132063.mockFlowFile,291B] contains 5 records; transferring to 'success'
[pool-1916-thread-1] INFO org.apache.nifi.processors.standard.ExecuteSQL - ExecuteSQL[id=b7e1643b-3e8a-4618-8dcd-a48ec6289181] FlowFile[173,90457680261959.mockFlowFile,291B] contains 5 records; transferring to 'success'
[pool-1916-thread-1] INFO org.apache.nifi.processors.standard.ExecuteSQL - ExecuteSQL[id=b7e1643b-3e8a-4618-8dcd-a48ec6289181] FlowFile[174,90457680382052.mockFlowFile,291B] contains 5 records; transferring to 'success'
[pool-1916-thread-1] INFO org.apache.nifi.processors.standard.ExecuteSQL - ExecuteSQL[id=b7e1643b-3e8a-4618-8dcd-a48ec6289181] FlowFile[175,90457680516536.mockFlowFile,291B] contains 5 records; transferring to 'success'
[pool-1916-thread-1] INFO org.apache.nifi.processors.standard.ExecuteSQL - ExecuteSQL[id=b7e1643b-3e8a-4618-8dcd-a48ec6289181] FlowFile[176,90457680655105.mockFlowFile,291B] contains 5 records; transferring to 'success'
[pool-1916-thread-1] INFO org.apache.nifi.processors.standard.ExecuteSQL - ExecuteSQL[id=b7e1643b-3e8a-4618-8dcd-a48ec6289181] FlowFile[177,90457680804327.mockFlowFile,291B] contains 5 records; transferring to 'success'
[pool-1916-thread-1] INFO org.apache.nifi.processors.standard.ExecuteSQL - ExecuteSQL[id=b7e1643b-3e8a-4618-8dcd-a48ec6289181] FlowFile[178,90457680926458.mockFlowFile,291B] contains 5 records; transferring to 'success'
[pool-1916-thread-1] INFO org.apache.nifi.processors.standard.ExecuteSQL - ExecuteSQL[id=b7e1643b-3e8a-4618-8dcd-a48ec6289181] FlowFile[179,90457681047987.mockFlowFile,291B] contains 5 records; transferring to 'success'
[pool-1916-thread-1] INFO org.apache.nifi.processors.standard.ExecuteSQL - ExecuteSQL[id=b7e1643b-3e8a-4618-8dcd-a48ec6289181] FlowFile[180,90457681192865.mockFlowFile,291B] contains 5 records; transferring to 'success'
[pool-1916-thread-1] INFO org.apache.nifi.processors.standard.ExecuteSQL - ExecuteSQL[id=b7e1643b-3e8a-4618-8dcd-a48ec6289181] FlowFile[181,90457681316263.mockFlowFile,291B] contains 5 records; transferring to 'success'
[pool-1916-thread-1] INFO org.apache.nifi.processors.standard.ExecuteSQL - ExecuteSQL[id=b7e1643b-3e8a-4618-8dcd-a48ec6289181] FlowFile[182,90457681439129.mockFlowFile,291B] contains 5 records; transferring to 'success'
[pool-1916-thread-1] INFO org.apache.nifi.processors.standard.ExecuteSQL - ExecuteSQL[id=b7e1643b-3e8a-4618-8dcd-a48ec6289181] FlowFile[183,90457681572638.mockFlowFile,291B] contains 5 records; transferring to 'success'
[pool-1916-thread-1] INFO org.apache.nifi.processors.standard.ExecuteSQL - ExecuteSQL[id=b7e1643b-3e8a-4618-8dcd-a48ec6289181] FlowFile[184,90457681702632.mockFlowFile,291B] contains 5 records; transferring to 'success'
[pool-1916-thread-1] INFO org.apache.nifi.processors.standard.ExecuteSQL - ExecuteSQL[id=b7e1643b-3e8a-4618-8dcd-a48ec6289181] FlowFile[185,90457681832016.mockFlowFile,291B] contains 5 records; transferring to 'success'
[pool-1916-thread-1] INFO org.apache.nifi.processors.standard.ExecuteSQL - ExecuteSQL[id=b7e1643b-3e8a-4618-8dcd-a48ec6289181] FlowFile[186,90457681968977.mockFlowFile,291B] contains 5 records; transferring to 'success'
[pool-1916-thread-1] INFO org.apache.nifi.processors.standard.ExecuteSQL - ExecuteSQL[id=b7e1643b-3e8a-4618-8dcd-a48ec6289181] FlowFile[187,90457682107479.mockFlowFile,291B] contains 5 records; transferring to 'success'
[pool-1916-thread-1] INFO org.apache.nifi.processors.standard.ExecuteSQL - ExecuteSQL[id=b7e1643b-3e8a-4618-8dcd-a48ec6289181] FlowFile[188,90457682234760.mockFlowFile,291B] contains 5 records; transferring to 'success'
[pool-1916-thread-1] INFO org.apache.nifi.processors.standard.ExecuteSQL - ExecuteSQL[id=b7e1643b-3e8a-4618-8dcd-a48ec6289181] FlowFile[189,90457682365157.mockFlowFile,291B] contains 5 records; transferring to 'success'
[pool-1916-thread-1] INFO org.apache.nifi.processors.standard.ExecuteSQL - ExecuteSQL[id=b7e1643b-3e8a-4618-8dcd-a48ec6289181] FlowFile[190,90457682499240.mockFlowFile,291B] contains 5 records; transferring to 'success'
[pool-1916-thread-1] INFO org.apache.nifi.processors.standard.ExecuteSQL - ExecuteSQL[id=b7e1643b-3e8a-4618-8dcd-a48ec6289181] FlowFile[191,90457682620461.mockFlowFile,291B] contains 5 records; transferring to 'success'
[pool-1916-thread-1] INFO org.apache.nifi.processors.standard.ExecuteSQL - ExecuteSQL[id=b7e1643b-3e8a-4618-8dcd-a48ec6289181] FlowFile[192,90457682774125.mockFlowFile,291B] contains 5 records; transferring to 'success'
[pool-1916-thread-1] INFO org.apache.nifi.processors.standard.ExecuteSQL - ExecuteSQL[id=b7e1643b-3e8a-4618-8dcd-a48ec6289181] FlowFile[193,90457682913644.mockFlowFile,291B] contains 5 records; transferring to 'success'
[pool-1916-thread-1] INFO org.apache.nifi.processors.standard.ExecuteSQL - ExecuteSQL[id=b7e1643b-3e8a-4618-8dcd-a48ec6289181] FlowFile[194,90457683035216.mockFlowFile,291B] contains 5 records; transferring to 'success'
[pool-1916-thread-1] INFO org.apache.nifi.processors.standard.ExecuteSQL - ExecuteSQL[id=b7e1643b-3e8a-4618-8dcd-a48ec6289181] FlowFile[195,90457683168469.mockFlowFile,291B] contains 5 records; transferring to 'success'
[pool-1916-thread-1] INFO org.apache.nifi.processors.standard.ExecuteSQL - ExecuteSQL[id=b7e1643b-3e8a-4618-8dcd-a48ec6289181] FlowFile[196,90457683311416.mockFlowFile,291B] contains 5 records; transferring to 'success'
[pool-1916-thread-1] INFO org.apache.nifi.processors.standard.ExecuteSQL - ExecuteSQL[id=b7e1643b-3e8a-4618-8dcd-a48ec6289181] FlowFile[197,90457683435665.mockFlowFile,291B] contains 5 records; transferring to 'success'
[pool-1916-thread-1] INFO org.apache.nifi.processors.standard.ExecuteSQL - ExecuteSQL[id=b7e1643b-3e8a-4618-8dcd-a48ec6289181] FlowFile[198,90457683586375.mockFlowFile,291B] contains 5 records; transferring to 'success'
[pool-1916-thread-1] INFO org.apache.nifi.processors.standard.ExecuteSQL - ExecuteSQL[id=b7e1643b-3e8a-4618-8dcd-a48ec6289181] FlowFile[199,90457683739005.mockFlowFile,291B] contains 5 records; transferring to 'success'
]]></system-err>
  </testcase>
  <testcase name="testPostQuery" classname="org.apache.nifi.processors.standard.TestExecuteSQL" time="0.03">
    <system-err><![CDATA[[pool-1917-thread-1] DEBUG org.apache.nifi.processors.standard.ExecuteSQL - ExecuteSQL[id=0946aaf6-3575-4521-a0ec-13a6eb49c810] Executing query select * from TEST_NULL_INT
[pool-1917-thread-1] INFO org.apache.nifi.processors.standard.ExecuteSQL - ExecuteSQL[id=0946aaf6-3575-4521-a0ec-13a6eb49c810] FlowFile[1,90457707272196.mockFlowFile,262B] contains 1 records; transferring to 'success'
]]></system-err>
  </testcase>
  <testcase name="testNoIncomingConnection" classname="org.apache.nifi.processors.standard.TestExecuteSQL" time="0.9">
    <system-out><![CDATA[ AF
DHAEDI EIBABF
DBI 
]]></system-out>
    <system-err><![CDATA[[main] INFO org.apache.nifi.processors.standard.TestExecuteSQL - test data loaded
[pool-1918-thread-1] DEBUG org.apache.nifi.processors.standard.ExecuteSQL - ExecuteSQL[id=63894cc2-36ec-42aa-9c02-2d2f40d118a5] Executing query select   PER.ID as PersonId, PER.NAME as PersonName, PER.CODE as PersonCode, PRD.ID as ProductId,PRD.NAME as ProductName,PRD.CODE as ProductCode, REL.ID as RelId,    REL.NAME as RelName,    REL.CODE as RelCode, ROW_NUMBER() OVER () as rownr  from persons PER, products PRD, relationships REL where PER.ID = 10
[pool-1918-thread-1] INFO org.apache.nifi.processors.standard.ExecuteSQL - ExecuteSQL[id=63894cc2-36ec-42aa-9c02-2d2f40d118a5] FlowFile[0,90458394731081.mockFlowFile,1219517B] contains 20000 records; transferring to 'success'
[main] INFO org.apache.nifi.processors.standard.TestExecuteSQL - total nr of records from stream: 20000
]]></system-err>
  </testcase>
  <testcase name="testPostQueryFail" classname="org.apache.nifi.processors.standard.TestExecuteSQL" time="0.025">
    <system-err><![CDATA[[pool-1919-thread-1] DEBUG org.apache.nifi.processors.standard.ExecuteSQL - ExecuteSQL[id=dde3a57e-e5fd-4909-b117-cce7495658f3] Executing query select * from TEST_NULL_INT
[pool-1919-thread-1] INFO org.apache.nifi.processors.standard.ExecuteSQL - ExecuteSQL[id=dde3a57e-e5fd-4909-b117-cce7495658f3] FlowFile[1,90458634750949.mockFlowFile,238B] contains 0 records; transferring to 'success'
[pool-1919-thread-1] ERROR org.apache.nifi.processors.standard.ExecuteSQL - ExecuteSQL[id=dde3a57e-e5fd-4909-b117-cce7495658f3] Unable to execute SQL select query CALL SYSCS_UTIL.SYSCS_SET_RUNTIMESTATISTICS() for FlowFile[0,90458634750949.mockFlowFile,4B] due to java.sql.SQLSyntaxErrorException: 'SYSCS_UTIL.SYSCS_SET_RUNTIMESTATISTICS' is not recognized as a function or procedure.; routing to failure: java.sql.SQLSyntaxErrorException: 'SYSCS_UTIL.SYSCS_SET_RUNTIMESTATISTICS' is not recognized as a function or procedure.
java.sql.SQLSyntaxErrorException: 'SYSCS_UTIL.SYSCS_SET_RUNTIMESTATISTICS' is not recognized as a function or procedure.
	at org.apache.derby.impl.jdbc.SQLExceptionFactory.getSQLException(Unknown Source)
	at org.apache.derby.impl.jdbc.Util.generateCsSQLException(Unknown Source)
	at org.apache.derby.impl.jdbc.TransactionResourceImpl.wrapInSQLException(Unknown Source)
	at org.apache.derby.impl.jdbc.TransactionResourceImpl.handleException(Unknown Source)
	at org.apache.derby.impl.jdbc.EmbedConnection.handleException(Unknown Source)
	at org.apache.derby.impl.jdbc.ConnectionChild.handleException(Unknown Source)
	at org.apache.derby.impl.jdbc.EmbedStatement.execute(Unknown Source)
	at org.apache.derby.impl.jdbc.EmbedStatement.execute(Unknown Source)
	at org.apache.nifi.processors.standard.AbstractExecuteSQL.executeConfigStatements(AbstractExecuteSQL.java:464)
	at org.apache.nifi.processors.standard.AbstractExecuteSQL.onTrigger(AbstractExecuteSQL.java:397)
	at org.apache.nifi.processor.AbstractProcessor.onTrigger(AbstractProcessor.java:27)
	at org.apache.nifi.util.StandardProcessorTestRunner$RunProcessor.call(StandardProcessorTestRunner.java:284)
	at org.apache.nifi.util.StandardProcessorTestRunner$RunProcessor.call(StandardProcessorTestRunner.java:278)
	at java.util.concurrent.FutureTask.run(FutureTask.java:266)
	at java.util.concurrent.ScheduledThreadPoolExecutor$ScheduledFutureTask.access$201(ScheduledThreadPoolExecutor.java:180)
	at java.util.concurrent.ScheduledThreadPoolExecutor$ScheduledFutureTask.run(ScheduledThreadPoolExecutor.java:293)
	at java.util.concurrent.ThreadPoolExecutor.runWorker(ThreadPoolExecutor.java:1149)
	at java.util.concurrent.ThreadPoolExecutor$Worker.run(ThreadPoolExecutor.java:624)
	at java.lang.Thread.run(Thread.java:750)
Caused by: ERROR 42Y03: 'SYSCS_UTIL.SYSCS_SET_RUNTIMESTATISTICS' is not recognized as a function or procedure.
	at org.apache.derby.iapi.error.StandardException.newException(Unknown Source)
	at org.apache.derby.iapi.error.StandardException.newException(Unknown Source)
	at org.apache.derby.impl.sql.compile.StaticMethodCallNode.bindExpressionMinion(Unknown Source)
	at org.apache.derby.impl.sql.compile.StaticMethodCallNode.bindExpression(Unknown Source)
	at org.apache.derby.impl.sql.compile.JavaToSQLValueNode.bindExpression(Unknown Source)
	at org.apache.derby.impl.sql.compile.CallStatementNode.bindStatement(Unknown Source)
	at org.apache.derby.impl.sql.GenericStatement.prepMinion(Unknown Source)
	at org.apache.derby.impl.sql.GenericStatement.prepare(Unknown Source)
	at org.apache.derby.impl.sql.conn.GenericLanguageConnectionContext.prepareInternalStatement(Unknown Source)
	... 13 more
]]></system-err>
  </testcase>
  <testcase name="testWithSqlException" classname="org.apache.nifi.processors.standard.TestExecuteSQL" time="0.01">
    <system-err><![CDATA[[pool-1920-thread-1] ERROR org.apache.nifi.processors.standard.ExecuteSQL - ExecuteSQL[id=ada4145d-c516-4ae7-8c11-f6ee5deab8ca] Unable to execute SQL select query SELECT val1 FROM TEST_NO_ROWS due to java.sql.SQLSyntaxErrorException: Column 'VAL1' is either not in any table in the FROM list or appears within a join specification and is outside the scope of the join specification or appears in a HAVING clause and is not in the GROUP BY list. If this is a CREATE or ALTER TABLE  statement then 'VAL1' is not a column in the target table.. No FlowFile to route to failure: java.sql.SQLSyntaxErrorException: Column 'VAL1' is either not in any table in the FROM list or appears within a join specification and is outside the scope of the join specification or appears in a HAVING clause and is not in the GROUP BY list. If this is a CREATE or ALTER TABLE  statement then 'VAL1' is not a column in the target table.
java.sql.SQLSyntaxErrorException: Column 'VAL1' is either not in any table in the FROM list or appears within a join specification and is outside the scope of the join specification or appears in a HAVING clause and is not in the GROUP BY list. If this is a CREATE or ALTER TABLE  statement then 'VAL1' is not a column in the target table.
	at org.apache.derby.impl.jdbc.SQLExceptionFactory.getSQLException(Unknown Source)
	at org.apache.derby.impl.jdbc.Util.generateCsSQLException(Unknown Source)
	at org.apache.derby.impl.jdbc.TransactionResourceImpl.wrapInSQLException(Unknown Source)
	at org.apache.derby.impl.jdbc.TransactionResourceImpl.handleException(Unknown Source)
	at org.apache.derby.impl.jdbc.EmbedConnection.handleException(Unknown Source)
	at org.apache.derby.impl.jdbc.ConnectionChild.handleException(Unknown Source)
	at org.apache.derby.impl.jdbc.EmbedPreparedStatement.<init>(Unknown Source)
	at org.apache.derby.impl.jdbc.EmbedPreparedStatement42.<init>(Unknown Source)
	at org.apache.derby.jdbc.Driver42.newEmbedPreparedStatement(Unknown Source)
	at org.apache.derby.impl.jdbc.EmbedConnection.prepareStatement(Unknown Source)
	at org.apache.derby.impl.jdbc.EmbedConnection.prepareStatement(Unknown Source)
	at org.apache.nifi.processors.standard.AbstractExecuteSQL.onTrigger(AbstractExecuteSQL.java:240)
	at org.apache.nifi.processor.AbstractProcessor.onTrigger(AbstractProcessor.java:27)
	at org.apache.nifi.util.StandardProcessorTestRunner$RunProcessor.call(StandardProcessorTestRunner.java:284)
	at org.apache.nifi.util.StandardProcessorTestRunner$RunProcessor.call(StandardProcessorTestRunner.java:278)
	at java.util.concurrent.FutureTask.run(FutureTask.java:266)
	at java.util.concurrent.ScheduledThreadPoolExecutor$ScheduledFutureTask.access$201(ScheduledThreadPoolExecutor.java:180)
	at java.util.concurrent.ScheduledThreadPoolExecutor$ScheduledFutureTask.run(ScheduledThreadPoolExecutor.java:293)
	at java.util.concurrent.ThreadPoolExecutor.runWorker(ThreadPoolExecutor.java:1149)
	at java.util.concurrent.ThreadPoolExecutor$Worker.run(ThreadPoolExecutor.java:624)
	at java.lang.Thread.run(Thread.java:750)
Caused by: ERROR 42X04: Column 'VAL1' is either not in any table in the FROM list or appears within a join specification and is outside the scope of the join specification or appears in a HAVING clause and is not in the GROUP BY list. If this is a CREATE or ALTER TABLE  statement then 'VAL1' is not a column in the target table.
	at org.apache.derby.iapi.error.StandardException.newException(Unknown Source)
	at org.apache.derby.iapi.error.StandardException.newException(Unknown Source)
	at org.apache.derby.impl.sql.compile.ColumnReference.bindExpression(Unknown Source)
	at org.apache.derby.impl.sql.compile.ColumnReference.bindExpression(Unknown Source)
	at org.apache.derby.impl.sql.compile.ResultColumn.bindExpression(Unknown Source)
	at org.apache.derby.impl.sql.compile.ResultColumnList.bindExpressions(Unknown Source)
	at org.apache.derby.impl.sql.compile.SelectNode.bindExpressions(Unknown Source)
	at org.apache.derby.impl.sql.compile.DMLStatementNode.bindExpressions(Unknown Source)
	at org.apache.derby.impl.sql.compile.DMLStatementNode.bind(Unknown Source)
	at org.apache.derby.impl.sql.compile.CursorNode.bindStatement(Unknown Source)
	at org.apache.derby.impl.sql.GenericStatement.prepMinion(Unknown Source)
	at org.apache.derby.impl.sql.GenericStatement.prepare(Unknown Source)
	at org.apache.derby.impl.sql.conn.GenericLanguageConnectionContext.prepareInternalStatement(Unknown Source)
	... 15 more
]]></system-err>
  </testcase>
  <testcase name="testPreQuery" classname="org.apache.nifi.processors.standard.TestExecuteSQL" time="0.023">
    <system-err><![CDATA[[pool-1921-thread-1] DEBUG org.apache.nifi.processors.standard.ExecuteSQL - ExecuteSQL[id=656e2839-2656-4601-8a6b-e45db9a86bbe] Executing query select * from TEST_NULL_INT
[pool-1921-thread-1] INFO org.apache.nifi.processors.standard.ExecuteSQL - ExecuteSQL[id=656e2839-2656-4601-8a6b-e45db9a86bbe] FlowFile[1,90458670355255.mockFlowFile,262B] contains 1 records; transferring to 'success'
]]></system-err>
  </testcase>
  <testcase name="testInsertStatementCreatesFlowFile" classname="org.apache.nifi.processors.standard.TestExecuteSQL" time="0.02">
    <system-err><![CDATA[[pool-1922-thread-1] DEBUG org.apache.nifi.processors.standard.ExecuteSQL - ExecuteSQL[id=0a8d0f91-7e3a-44e3-a7bf-37c39358f05b] Executing query insert into TEST_NULL_INT (id, val1, val2) VALUES (0, NULL, 1)
]]></system-err>
  </testcase>
  <testcase name="testNoRowsStatementCreatesEmptyFlowFile" classname="org.apache.nifi.processors.standard.TestExecuteSQL" time="0.019">
    <system-err><![CDATA[[pool-1923-thread-1] DEBUG org.apache.nifi.processors.standard.ExecuteSQL - ExecuteSQL[id=5fb132b1-e6cb-4482-a722-2bccd69690ed] Executing query select * from TEST_NULL_INT
[pool-1923-thread-1] INFO org.apache.nifi.processors.standard.ExecuteSQL - ExecuteSQL[id=5fb132b1-e6cb-4482-a722-2bccd69690ed] FlowFile[1,90458709985168.mockFlowFile,238B] contains 0 records; transferring to 'success'
]]></system-err>
  </testcase>
  <testcase name="testWithDuplicateColumns" classname="org.apache.nifi.processors.standard.TestExecuteSQL" time="0.017">
    <system-err><![CDATA[[pool-1924-thread-1] DEBUG org.apache.nifi.processors.standard.ExecuteSQL - ExecuteSQL[id=97c9e697-a519-46e8-901e-c2da61affd0a] Executing query select a.host as hostA,b.host as hostB from host1 a join host2 b on b.id=a.id
[pool-1924-thread-1] INFO org.apache.nifi.processors.standard.ExecuteSQL - ExecuteSQL[id=97c9e697-a519-46e8-901e-c2da61affd0a] FlowFile[0,90458728745919.mockFlowFile,234B] contains 1 records; transferring to 'success'
]]></system-err>
  </testcase>
  <testcase name="testMaxRowsPerFlowFile" classname="org.apache.nifi.processors.standard.TestExecuteSQL" time="1.726">
    <system-err><![CDATA[[pool-1925-thread-1] DEBUG org.apache.nifi.processors.standard.ExecuteSQL - ExecuteSQL[id=4f6691e0-4ea6-4d12-935d-96a71e28e35b] Executing query SELECT * FROM TEST_NULL_INT
[pool-1925-thread-1] INFO org.apache.nifi.processors.standard.ExecuteSQL - ExecuteSQL[id=4f6691e0-4ea6-4d12-935d-96a71e28e35b] FlowFile[0,90460440180301.mockFlowFile,286B] contains 5 records; transferring to 'success'
[pool-1925-thread-1] INFO org.apache.nifi.processors.standard.ExecuteSQL - ExecuteSQL[id=4f6691e0-4ea6-4d12-935d-96a71e28e35b] FlowFile[1,90460440395925.mockFlowFile,286B] contains 5 records; transferring to 'success'
[pool-1925-thread-1] INFO org.apache.nifi.processors.standard.ExecuteSQL - ExecuteSQL[id=4f6691e0-4ea6-4d12-935d-96a71e28e35b] FlowFile[2,90460440559008.mockFlowFile,286B] contains 5 records; transferring to 'success'
[pool-1925-thread-1] INFO org.apache.nifi.processors.standard.ExecuteSQL - ExecuteSQL[id=4f6691e0-4ea6-4d12-935d-96a71e28e35b] FlowFile[3,90460440745728.mockFlowFile,286B] contains 5 records; transferring to 'success'
[pool-1925-thread-1] INFO org.apache.nifi.processors.standard.ExecuteSQL - ExecuteSQL[id=4f6691e0-4ea6-4d12-935d-96a71e28e35b] FlowFile[4,90460440836094.mockFlowFile,286B] contains 5 records; transferring to 'success'
[pool-1925-thread-1] INFO org.apache.nifi.processors.standard.ExecuteSQL - ExecuteSQL[id=4f6691e0-4ea6-4d12-935d-96a71e28e35b] FlowFile[5,90460441022155.mockFlowFile,286B] contains 5 records; transferring to 'success'
[pool-1925-thread-1] INFO org.apache.nifi.processors.standard.ExecuteSQL - ExecuteSQL[id=4f6691e0-4ea6-4d12-935d-96a71e28e35b] FlowFile[6,90460441082364.mockFlowFile,286B] contains 5 records; transferring to 'success'
[pool-1925-thread-1] INFO org.apache.nifi.processors.standard.ExecuteSQL - ExecuteSQL[id=4f6691e0-4ea6-4d12-935d-96a71e28e35b] FlowFile[7,90460441144514.mockFlowFile,286B] contains 5 records; transferring to 'success'
[pool-1925-thread-1] INFO org.apache.nifi.processors.standard.ExecuteSQL - ExecuteSQL[id=4f6691e0-4ea6-4d12-935d-96a71e28e35b] FlowFile[8,90460441200564.mockFlowFile,286B] contains 5 records; transferring to 'success'
[pool-1925-thread-1] INFO org.apache.nifi.processors.standard.ExecuteSQL - ExecuteSQL[id=4f6691e0-4ea6-4d12-935d-96a71e28e35b] FlowFile[9,90460441254760.mockFlowFile,286B] contains 5 records; transferring to 'success'
[pool-1925-thread-1] INFO org.apache.nifi.processors.standard.ExecuteSQL - ExecuteSQL[id=4f6691e0-4ea6-4d12-935d-96a71e28e35b] FlowFile[10,90460441314618.mockFlowFile,286B] contains 5 records; transferring to 'success'
[pool-1925-thread-1] INFO org.apache.nifi.processors.standard.ExecuteSQL - ExecuteSQL[id=4f6691e0-4ea6-4d12-935d-96a71e28e35b] FlowFile[11,90460441370454.mockFlowFile,286B] contains 5 records; transferring to 'success'
[pool-1925-thread-1] INFO org.apache.nifi.processors.standard.ExecuteSQL - ExecuteSQL[id=4f6691e0-4ea6-4d12-935d-96a71e28e35b] FlowFile[12,90460441424662.mockFlowFile,287B] contains 5 records; transferring to 'success'
[pool-1925-thread-1] INFO org.apache.nifi.processors.standard.ExecuteSQL - ExecuteSQL[id=4f6691e0-4ea6-4d12-935d-96a71e28e35b] FlowFile[13,90460441492887.mockFlowFile,291B] contains 5 records; transferring to 'success'
[pool-1925-thread-1] INFO org.apache.nifi.processors.standard.ExecuteSQL - ExecuteSQL[id=4f6691e0-4ea6-4d12-935d-96a71e28e35b] FlowFile[14,90460441547440.mockFlowFile,291B] contains 5 records; transferring to 'success'
[pool-1925-thread-1] INFO org.apache.nifi.processors.standard.ExecuteSQL - ExecuteSQL[id=4f6691e0-4ea6-4d12-935d-96a71e28e35b] FlowFile[15,90460441602174.mockFlowFile,291B] contains 5 records; transferring to 'success'
[pool-1925-thread-1] INFO org.apache.nifi.processors.standard.ExecuteSQL - ExecuteSQL[id=4f6691e0-4ea6-4d12-935d-96a71e28e35b] FlowFile[16,90460441729755.mockFlowFile,291B] contains 5 records; transferring to 'success'
[pool-1925-thread-1] INFO org.apache.nifi.processors.standard.ExecuteSQL - ExecuteSQL[id=4f6691e0-4ea6-4d12-935d-96a71e28e35b] FlowFile[17,90460441808353.mockFlowFile,291B] contains 5 records; transferring to 'success'
[pool-1925-thread-1] INFO org.apache.nifi.processors.standard.ExecuteSQL - ExecuteSQL[id=4f6691e0-4ea6-4d12-935d-96a71e28e35b] FlowFile[18,90460441865685.mockFlowFile,291B] contains 5 records; transferring to 'success'
[pool-1925-thread-1] INFO org.apache.nifi.processors.standard.ExecuteSQL - ExecuteSQL[id=4f6691e0-4ea6-4d12-935d-96a71e28e35b] FlowFile[19,90460441920379.mockFlowFile,291B] contains 5 records; transferring to 'success'
[pool-1925-thread-1] INFO org.apache.nifi.processors.standard.ExecuteSQL - ExecuteSQL[id=4f6691e0-4ea6-4d12-935d-96a71e28e35b] FlowFile[20,90460441977902.mockFlowFile,291B] contains 5 records; transferring to 'success'
[pool-1925-thread-1] INFO org.apache.nifi.processors.standard.ExecuteSQL - ExecuteSQL[id=4f6691e0-4ea6-4d12-935d-96a71e28e35b] FlowFile[21,90460442109043.mockFlowFile,291B] contains 5 records; transferring to 'success'
[pool-1925-thread-1] INFO org.apache.nifi.processors.standard.ExecuteSQL - ExecuteSQL[id=4f6691e0-4ea6-4d12-935d-96a71e28e35b] FlowFile[22,90460442183032.mockFlowFile,291B] contains 5 records; transferring to 'success'
[pool-1925-thread-1] INFO org.apache.nifi.processors.standard.ExecuteSQL - ExecuteSQL[id=4f6691e0-4ea6-4d12-935d-96a71e28e35b] FlowFile[23,90460442257811.mockFlowFile,291B] contains 5 records; transferring to 'success'
[pool-1925-thread-1] INFO org.apache.nifi.processors.standard.ExecuteSQL - ExecuteSQL[id=4f6691e0-4ea6-4d12-935d-96a71e28e35b] FlowFile[24,90460442316962.mockFlowFile,291B] contains 5 records; transferring to 'success'
[pool-1925-thread-1] INFO org.apache.nifi.processors.standard.ExecuteSQL - ExecuteSQL[id=4f6691e0-4ea6-4d12-935d-96a71e28e35b] FlowFile[25,90460442374933.mockFlowFile,291B] contains 5 records; transferring to 'success'
[pool-1925-thread-1] INFO org.apache.nifi.processors.standard.ExecuteSQL - ExecuteSQL[id=4f6691e0-4ea6-4d12-935d-96a71e28e35b] FlowFile[26,90460442435629.mockFlowFile,291B] contains 5 records; transferring to 'success'
[pool-1925-thread-1] INFO org.apache.nifi.processors.standard.ExecuteSQL - ExecuteSQL[id=4f6691e0-4ea6-4d12-935d-96a71e28e35b] FlowFile[27,90460442492874.mockFlowFile,291B] contains 5 records; transferring to 'success'
[pool-1925-thread-1] INFO org.apache.nifi.processors.standard.ExecuteSQL - ExecuteSQL[id=4f6691e0-4ea6-4d12-935d-96a71e28e35b] FlowFile[28,90460442574480.mockFlowFile,291B] contains 5 records; transferring to 'success'
[pool-1925-thread-1] INFO org.apache.nifi.processors.standard.ExecuteSQL - ExecuteSQL[id=4f6691e0-4ea6-4d12-935d-96a71e28e35b] FlowFile[29,90460442634995.mockFlowFile,291B] contains 5 records; transferring to 'success'
[pool-1925-thread-1] INFO org.apache.nifi.processors.standard.ExecuteSQL - ExecuteSQL[id=4f6691e0-4ea6-4d12-935d-96a71e28e35b] FlowFile[30,90460442689806.mockFlowFile,291B] contains 5 records; transferring to 'success'
[pool-1925-thread-1] INFO org.apache.nifi.processors.standard.ExecuteSQL - ExecuteSQL[id=4f6691e0-4ea6-4d12-935d-96a71e28e35b] FlowFile[31,90460442743292.mockFlowFile,291B] contains 5 records; transferring to 'success'
[pool-1925-thread-1] INFO org.apache.nifi.processors.standard.ExecuteSQL - ExecuteSQL[id=4f6691e0-4ea6-4d12-935d-96a71e28e35b] FlowFile[32,90460442805865.mockFlowFile,291B] contains 5 records; transferring to 'success'
[pool-1925-thread-1] INFO org.apache.nifi.processors.standard.ExecuteSQL - ExecuteSQL[id=4f6691e0-4ea6-4d12-935d-96a71e28e35b] FlowFile[33,90460442864758.mockFlowFile,291B] contains 5 records; transferring to 'success'
[pool-1925-thread-1] INFO org.apache.nifi.processors.standard.ExecuteSQL - ExecuteSQL[id=4f6691e0-4ea6-4d12-935d-96a71e28e35b] FlowFile[34,90460442925529.mockFlowFile,291B] contains 5 records; transferring to 'success'
[pool-1925-thread-1] INFO org.apache.nifi.processors.standard.ExecuteSQL - ExecuteSQL[id=4f6691e0-4ea6-4d12-935d-96a71e28e35b] FlowFile[35,90460443034027.mockFlowFile,291B] contains 5 records; transferring to 'success'
[pool-1925-thread-1] INFO org.apache.nifi.processors.standard.ExecuteSQL - ExecuteSQL[id=4f6691e0-4ea6-4d12-935d-96a71e28e35b] FlowFile[36,90460443130080.mockFlowFile,291B] contains 5 records; transferring to 'success'
[pool-1925-thread-1] INFO org.apache.nifi.processors.standard.ExecuteSQL - ExecuteSQL[id=4f6691e0-4ea6-4d12-935d-96a71e28e35b] FlowFile[37,90460443184564.mockFlowFile,291B] contains 5 records; transferring to 'success'
[pool-1925-thread-1] INFO org.apache.nifi.processors.standard.ExecuteSQL - ExecuteSQL[id=4f6691e0-4ea6-4d12-935d-96a71e28e35b] FlowFile[38,90460443237474.mockFlowFile,291B] contains 5 records; transferring to 'success'
[pool-1925-thread-1] INFO org.apache.nifi.processors.standard.ExecuteSQL - ExecuteSQL[id=4f6691e0-4ea6-4d12-935d-96a71e28e35b] FlowFile[39,90460443297701.mockFlowFile,291B] contains 5 records; transferring to 'success'
[pool-1925-thread-1] INFO org.apache.nifi.processors.standard.ExecuteSQL - ExecuteSQL[id=4f6691e0-4ea6-4d12-935d-96a71e28e35b] FlowFile[40,90460443352428.mockFlowFile,291B] contains 5 records; transferring to 'success'
[pool-1925-thread-1] INFO org.apache.nifi.processors.standard.ExecuteSQL - ExecuteSQL[id=4f6691e0-4ea6-4d12-935d-96a71e28e35b] FlowFile[41,90460443404720.mockFlowFile,291B] contains 5 records; transferring to 'success'
[pool-1925-thread-1] INFO org.apache.nifi.processors.standard.ExecuteSQL - ExecuteSQL[id=4f6691e0-4ea6-4d12-935d-96a71e28e35b] FlowFile[42,90460443461405.mockFlowFile,291B] contains 5 records; transferring to 'success'
[pool-1925-thread-1] INFO org.apache.nifi.processors.standard.ExecuteSQL - ExecuteSQL[id=4f6691e0-4ea6-4d12-935d-96a71e28e35b] FlowFile[43,90460443515277.mockFlowFile,291B] contains 5 records; transferring to 'success'
[pool-1925-thread-1] INFO org.apache.nifi.processors.standard.ExecuteSQL - ExecuteSQL[id=4f6691e0-4ea6-4d12-935d-96a71e28e35b] FlowFile[44,90460443569133.mockFlowFile,291B] contains 5 records; transferring to 'success'
[pool-1925-thread-1] INFO org.apache.nifi.processors.standard.ExecuteSQL - ExecuteSQL[id=4f6691e0-4ea6-4d12-935d-96a71e28e35b] FlowFile[45,90460443628041.mockFlowFile,291B] contains 5 records; transferring to 'success'
[pool-1925-thread-1] INFO org.apache.nifi.processors.standard.ExecuteSQL - ExecuteSQL[id=4f6691e0-4ea6-4d12-935d-96a71e28e35b] FlowFile[46,90460443682378.mockFlowFile,291B] contains 5 records; transferring to 'success'
[pool-1925-thread-1] INFO org.apache.nifi.processors.standard.ExecuteSQL - ExecuteSQL[id=4f6691e0-4ea6-4d12-935d-96a71e28e35b] FlowFile[47,90460443734904.mockFlowFile,291B] contains 5 records; transferring to 'success'
[pool-1925-thread-1] INFO org.apache.nifi.processors.standard.ExecuteSQL - ExecuteSQL[id=4f6691e0-4ea6-4d12-935d-96a71e28e35b] FlowFile[48,90460443795506.mockFlowFile,291B] contains 5 records; transferring to 'success'
[pool-1925-thread-1] INFO org.apache.nifi.processors.standard.ExecuteSQL - ExecuteSQL[id=4f6691e0-4ea6-4d12-935d-96a71e28e35b] FlowFile[49,90460443857703.mockFlowFile,291B] contains 5 records; transferring to 'success'
[pool-1925-thread-1] INFO org.apache.nifi.processors.standard.ExecuteSQL - ExecuteSQL[id=4f6691e0-4ea6-4d12-935d-96a71e28e35b] FlowFile[50,90460443911546.mockFlowFile,291B] contains 5 records; transferring to 'success'
[pool-1925-thread-1] INFO org.apache.nifi.processors.standard.ExecuteSQL - ExecuteSQL[id=4f6691e0-4ea6-4d12-935d-96a71e28e35b] FlowFile[51,90460443963946.mockFlowFile,291B] contains 5 records; transferring to 'success'
[pool-1925-thread-1] INFO org.apache.nifi.processors.standard.ExecuteSQL - ExecuteSQL[id=4f6691e0-4ea6-4d12-935d-96a71e28e35b] FlowFile[52,90460444058910.mockFlowFile,291B] contains 5 records; transferring to 'success'
[pool-1925-thread-1] INFO org.apache.nifi.processors.standard.ExecuteSQL - ExecuteSQL[id=4f6691e0-4ea6-4d12-935d-96a71e28e35b] FlowFile[53,90460444141737.mockFlowFile,291B] contains 5 records; transferring to 'success'
[pool-1925-thread-1] INFO org.apache.nifi.processors.standard.ExecuteSQL - ExecuteSQL[id=4f6691e0-4ea6-4d12-935d-96a71e28e35b] FlowFile[54,90460444194642.mockFlowFile,291B] contains 5 records; transferring to 'success'
[pool-1925-thread-1] INFO org.apache.nifi.processors.standard.ExecuteSQL - ExecuteSQL[id=4f6691e0-4ea6-4d12-935d-96a71e28e35b] FlowFile[55,90460444252178.mockFlowFile,291B] contains 5 records; transferring to 'success'
[pool-1925-thread-1] INFO org.apache.nifi.processors.standard.ExecuteSQL - ExecuteSQL[id=4f6691e0-4ea6-4d12-935d-96a71e28e35b] FlowFile[56,90460444392770.mockFlowFile,291B] contains 5 records; transferring to 'success'
[pool-1925-thread-1] INFO org.apache.nifi.processors.standard.ExecuteSQL - ExecuteSQL[id=4f6691e0-4ea6-4d12-935d-96a71e28e35b] FlowFile[57,90460444510674.mockFlowFile,291B] contains 5 records; transferring to 'success'
[pool-1925-thread-1] INFO org.apache.nifi.processors.standard.ExecuteSQL - ExecuteSQL[id=4f6691e0-4ea6-4d12-935d-96a71e28e35b] FlowFile[58,90460444572819.mockFlowFile,291B] contains 5 records; transferring to 'success'
[pool-1925-thread-1] INFO org.apache.nifi.processors.standard.ExecuteSQL - ExecuteSQL[id=4f6691e0-4ea6-4d12-935d-96a71e28e35b] FlowFile[59,90460444629302.mockFlowFile,291B] contains 5 records; transferring to 'success'
[pool-1925-thread-1] INFO org.apache.nifi.processors.standard.ExecuteSQL - ExecuteSQL[id=4f6691e0-4ea6-4d12-935d-96a71e28e35b] FlowFile[60,90460444687351.mockFlowFile,291B] contains 5 records; transferring to 'success'
[pool-1925-thread-1] INFO org.apache.nifi.processors.standard.ExecuteSQL - ExecuteSQL[id=4f6691e0-4ea6-4d12-935d-96a71e28e35b] FlowFile[61,90460444785831.mockFlowFile,291B] contains 5 records; transferring to 'success'
[pool-1925-thread-1] INFO org.apache.nifi.processors.standard.ExecuteSQL - ExecuteSQL[id=4f6691e0-4ea6-4d12-935d-96a71e28e35b] FlowFile[62,90460444845960.mockFlowFile,291B] contains 5 records; transferring to 'success'
[pool-1925-thread-1] INFO org.apache.nifi.processors.standard.ExecuteSQL - ExecuteSQL[id=4f6691e0-4ea6-4d12-935d-96a71e28e35b] FlowFile[63,90460444907548.mockFlowFile,291B] contains 5 records; transferring to 'success'
[pool-1925-thread-1] INFO org.apache.nifi.processors.standard.ExecuteSQL - ExecuteSQL[id=4f6691e0-4ea6-4d12-935d-96a71e28e35b] FlowFile[64,90460445001839.mockFlowFile,291B] contains 5 records; transferring to 'success'
[pool-1925-thread-1] INFO org.apache.nifi.processors.standard.ExecuteSQL - ExecuteSQL[id=4f6691e0-4ea6-4d12-935d-96a71e28e35b] FlowFile[65,90460445069615.mockFlowFile,291B] contains 5 records; transferring to 'success'
[pool-1925-thread-1] INFO org.apache.nifi.processors.standard.ExecuteSQL - ExecuteSQL[id=4f6691e0-4ea6-4d12-935d-96a71e28e35b] FlowFile[66,90460445132410.mockFlowFile,291B] contains 5 records; transferring to 'success'
[pool-1925-thread-1] INFO org.apache.nifi.processors.standard.ExecuteSQL - ExecuteSQL[id=4f6691e0-4ea6-4d12-935d-96a71e28e35b] FlowFile[67,90460445191605.mockFlowFile,291B] contains 5 records; transferring to 'success'
[pool-1925-thread-1] INFO org.apache.nifi.processors.standard.ExecuteSQL - ExecuteSQL[id=4f6691e0-4ea6-4d12-935d-96a71e28e35b] FlowFile[68,90460445257860.mockFlowFile,291B] contains 5 records; transferring to 'success'
[pool-1925-thread-1] INFO org.apache.nifi.processors.standard.ExecuteSQL - ExecuteSQL[id=4f6691e0-4ea6-4d12-935d-96a71e28e35b] FlowFile[69,90460445315196.mockFlowFile,291B] contains 5 records; transferring to 'success'
[pool-1925-thread-1] INFO org.apache.nifi.processors.standard.ExecuteSQL - ExecuteSQL[id=4f6691e0-4ea6-4d12-935d-96a71e28e35b] FlowFile[70,90460445373517.mockFlowFile,291B] contains 5 records; transferring to 'success'
[pool-1925-thread-1] INFO org.apache.nifi.processors.standard.ExecuteSQL - ExecuteSQL[id=4f6691e0-4ea6-4d12-935d-96a71e28e35b] FlowFile[71,90460445437521.mockFlowFile,291B] contains 5 records; transferring to 'success'
[pool-1925-thread-1] INFO org.apache.nifi.processors.standard.ExecuteSQL - ExecuteSQL[id=4f6691e0-4ea6-4d12-935d-96a71e28e35b] FlowFile[72,90460445495572.mockFlowFile,291B] contains 5 records; transferring to 'success'
[pool-1925-thread-1] INFO org.apache.nifi.processors.standard.ExecuteSQL - ExecuteSQL[id=4f6691e0-4ea6-4d12-935d-96a71e28e35b] FlowFile[73,90460445551473.mockFlowFile,291B] contains 5 records; transferring to 'success'
[pool-1925-thread-1] INFO org.apache.nifi.processors.standard.ExecuteSQL - ExecuteSQL[id=4f6691e0-4ea6-4d12-935d-96a71e28e35b] FlowFile[74,90460445613723.mockFlowFile,291B] contains 5 records; transferring to 'success'
[pool-1925-thread-1] INFO org.apache.nifi.processors.standard.ExecuteSQL - ExecuteSQL[id=4f6691e0-4ea6-4d12-935d-96a71e28e35b] FlowFile[75,90460445713686.mockFlowFile,291B] contains 5 records; transferring to 'success'
[pool-1925-thread-1] INFO org.apache.nifi.processors.standard.ExecuteSQL - ExecuteSQL[id=4f6691e0-4ea6-4d12-935d-96a71e28e35b] FlowFile[76,90460445771566.mockFlowFile,291B] contains 5 records; transferring to 'success'
[pool-1925-thread-1] INFO org.apache.nifi.processors.standard.ExecuteSQL - ExecuteSQL[id=4f6691e0-4ea6-4d12-935d-96a71e28e35b] FlowFile[77,90460445833896.mockFlowFile,291B] contains 5 records; transferring to 'success'
[pool-1925-thread-1] INFO org.apache.nifi.processors.standard.ExecuteSQL - ExecuteSQL[id=4f6691e0-4ea6-4d12-935d-96a71e28e35b] FlowFile[78,90460445891345.mockFlowFile,291B] contains 5 records; transferring to 'success'
[pool-1925-thread-1] INFO org.apache.nifi.processors.standard.ExecuteSQL - ExecuteSQL[id=4f6691e0-4ea6-4d12-935d-96a71e28e35b] FlowFile[79,90460445946639.mockFlowFile,291B] contains 5 records; transferring to 'success'
[pool-1925-thread-1] INFO org.apache.nifi.processors.standard.ExecuteSQL - ExecuteSQL[id=4f6691e0-4ea6-4d12-935d-96a71e28e35b] FlowFile[80,90460446012813.mockFlowFile,291B] contains 5 records; transferring to 'success'
[pool-1925-thread-1] INFO org.apache.nifi.processors.standard.ExecuteSQL - ExecuteSQL[id=4f6691e0-4ea6-4d12-935d-96a71e28e35b] FlowFile[81,90460446074967.mockFlowFile,291B] contains 5 records; transferring to 'success'
[pool-1925-thread-1] INFO org.apache.nifi.processors.standard.ExecuteSQL - ExecuteSQL[id=4f6691e0-4ea6-4d12-935d-96a71e28e35b] FlowFile[82,90460446159761.mockFlowFile,291B] contains 5 records; transferring to 'success'
[pool-1925-thread-1] INFO org.apache.nifi.processors.standard.ExecuteSQL - ExecuteSQL[id=4f6691e0-4ea6-4d12-935d-96a71e28e35b] FlowFile[83,90460446219706.mockFlowFile,291B] contains 5 records; transferring to 'success'
[pool-1925-thread-1] INFO org.apache.nifi.processors.standard.ExecuteSQL - ExecuteSQL[id=4f6691e0-4ea6-4d12-935d-96a71e28e35b] FlowFile[84,90460446281249.mockFlowFile,291B] contains 5 records; transferring to 'success'
[pool-1925-thread-1] INFO org.apache.nifi.processors.standard.ExecuteSQL - ExecuteSQL[id=4f6691e0-4ea6-4d12-935d-96a71e28e35b] FlowFile[85,90460446353744.mockFlowFile,291B] contains 5 records; transferring to 'success'
[pool-1925-thread-1] INFO org.apache.nifi.processors.standard.ExecuteSQL - ExecuteSQL[id=4f6691e0-4ea6-4d12-935d-96a71e28e35b] FlowFile[86,90460446410552.mockFlowFile,291B] contains 5 records; transferring to 'success'
[pool-1925-thread-1] INFO org.apache.nifi.processors.standard.ExecuteSQL - ExecuteSQL[id=4f6691e0-4ea6-4d12-935d-96a71e28e35b] FlowFile[87,90460446470778.mockFlowFile,291B] contains 5 records; transferring to 'success'
[pool-1925-thread-1] INFO org.apache.nifi.processors.standard.ExecuteSQL - ExecuteSQL[id=4f6691e0-4ea6-4d12-935d-96a71e28e35b] FlowFile[88,90460446528872.mockFlowFile,291B] contains 5 records; transferring to 'success'
[pool-1925-thread-1] INFO org.apache.nifi.processors.standard.ExecuteSQL - ExecuteSQL[id=4f6691e0-4ea6-4d12-935d-96a71e28e35b] FlowFile[89,90460446588951.mockFlowFile,291B] contains 5 records; transferring to 'success'
[pool-1925-thread-1] INFO org.apache.nifi.processors.standard.ExecuteSQL - ExecuteSQL[id=4f6691e0-4ea6-4d12-935d-96a71e28e35b] FlowFile[90,90460446648937.mockFlowFile,291B] contains 5 records; transferring to 'success'
[pool-1925-thread-1] INFO org.apache.nifi.processors.standard.ExecuteSQL - ExecuteSQL[id=4f6691e0-4ea6-4d12-935d-96a71e28e35b] FlowFile[91,90460446704642.mockFlowFile,291B] contains 5 records; transferring to 'success'
[pool-1925-thread-1] INFO org.apache.nifi.processors.standard.ExecuteSQL - ExecuteSQL[id=4f6691e0-4ea6-4d12-935d-96a71e28e35b] FlowFile[92,90460446759889.mockFlowFile,291B] contains 5 records; transferring to 'success'
[pool-1925-thread-1] INFO org.apache.nifi.processors.standard.ExecuteSQL - ExecuteSQL[id=4f6691e0-4ea6-4d12-935d-96a71e28e35b] FlowFile[93,90460446832774.mockFlowFile,291B] contains 5 records; transferring to 'success'
[pool-1925-thread-1] INFO org.apache.nifi.processors.standard.ExecuteSQL - ExecuteSQL[id=4f6691e0-4ea6-4d12-935d-96a71e28e35b] FlowFile[94,90460446889287.mockFlowFile,291B] contains 5 records; transferring to 'success'
[pool-1925-thread-1] INFO org.apache.nifi.processors.standard.ExecuteSQL - ExecuteSQL[id=4f6691e0-4ea6-4d12-935d-96a71e28e35b] FlowFile[95,90460446944443.mockFlowFile,291B] contains 5 records; transferring to 'success'
[pool-1925-thread-1] INFO org.apache.nifi.processors.standard.ExecuteSQL - ExecuteSQL[id=4f6691e0-4ea6-4d12-935d-96a71e28e35b] FlowFile[96,90460447020074.mockFlowFile,291B] contains 5 records; transferring to 'success'
[pool-1925-thread-1] INFO org.apache.nifi.processors.standard.ExecuteSQL - ExecuteSQL[id=4f6691e0-4ea6-4d12-935d-96a71e28e35b] FlowFile[97,90460447099006.mockFlowFile,291B] contains 5 records; transferring to 'success'
[pool-1925-thread-1] INFO org.apache.nifi.processors.standard.ExecuteSQL - ExecuteSQL[id=4f6691e0-4ea6-4d12-935d-96a71e28e35b] FlowFile[98,90460447159391.mockFlowFile,291B] contains 5 records; transferring to 'success'
[pool-1925-thread-1] INFO org.apache.nifi.processors.standard.ExecuteSQL - ExecuteSQL[id=4f6691e0-4ea6-4d12-935d-96a71e28e35b] FlowFile[99,90460447215397.mockFlowFile,291B] contains 5 records; transferring to 'success'
[pool-1925-thread-1] INFO org.apache.nifi.processors.standard.ExecuteSQL - ExecuteSQL[id=4f6691e0-4ea6-4d12-935d-96a71e28e35b] FlowFile[100,90460447276353.mockFlowFile,291B] contains 5 records; transferring to 'success'
[pool-1925-thread-1] INFO org.apache.nifi.processors.standard.ExecuteSQL - ExecuteSQL[id=4f6691e0-4ea6-4d12-935d-96a71e28e35b] FlowFile[101,90460447333748.mockFlowFile,291B] contains 5 records; transferring to 'success'
[pool-1925-thread-1] INFO org.apache.nifi.processors.standard.ExecuteSQL - ExecuteSQL[id=4f6691e0-4ea6-4d12-935d-96a71e28e35b] FlowFile[102,90460447392997.mockFlowFile,291B] contains 5 records; transferring to 'success'
[pool-1925-thread-1] INFO org.apache.nifi.processors.standard.ExecuteSQL - ExecuteSQL[id=4f6691e0-4ea6-4d12-935d-96a71e28e35b] FlowFile[103,90460447453579.mockFlowFile,291B] contains 5 records; transferring to 'success'
[pool-1925-thread-1] INFO org.apache.nifi.processors.standard.ExecuteSQL - ExecuteSQL[id=4f6691e0-4ea6-4d12-935d-96a71e28e35b] FlowFile[104,90460447509328.mockFlowFile,291B] contains 5 records; transferring to 'success'
[pool-1925-thread-1] INFO org.apache.nifi.processors.standard.ExecuteSQL - ExecuteSQL[id=4f6691e0-4ea6-4d12-935d-96a71e28e35b] FlowFile[105,90460447568039.mockFlowFile,291B] contains 5 records; transferring to 'success'
[pool-1925-thread-1] INFO org.apache.nifi.processors.standard.ExecuteSQL - ExecuteSQL[id=4f6691e0-4ea6-4d12-935d-96a71e28e35b] FlowFile[106,90460447630629.mockFlowFile,291B] contains 5 records; transferring to 'success'
[pool-1925-thread-1] INFO org.apache.nifi.processors.standard.ExecuteSQL - ExecuteSQL[id=4f6691e0-4ea6-4d12-935d-96a71e28e35b] FlowFile[107,90460447689352.mockFlowFile,291B] contains 5 records; transferring to 'success'
[pool-1925-thread-1] INFO org.apache.nifi.processors.standard.ExecuteSQL - ExecuteSQL[id=4f6691e0-4ea6-4d12-935d-96a71e28e35b] FlowFile[108,90460447744962.mockFlowFile,291B] contains 5 records; transferring to 'success'
[pool-1925-thread-1] INFO org.apache.nifi.processors.standard.ExecuteSQL - ExecuteSQL[id=4f6691e0-4ea6-4d12-935d-96a71e28e35b] FlowFile[109,90460447806259.mockFlowFile,291B] contains 5 records; transferring to 'success'
[pool-1925-thread-1] INFO org.apache.nifi.processors.standard.ExecuteSQL - ExecuteSQL[id=4f6691e0-4ea6-4d12-935d-96a71e28e35b] FlowFile[110,90460447863984.mockFlowFile,291B] contains 5 records; transferring to 'success'
[pool-1925-thread-1] INFO org.apache.nifi.processors.standard.ExecuteSQL - ExecuteSQL[id=4f6691e0-4ea6-4d12-935d-96a71e28e35b] FlowFile[111,90460447918912.mockFlowFile,291B] contains 5 records; transferring to 'success'
[pool-1925-thread-1] INFO org.apache.nifi.processors.standard.ExecuteSQL - ExecuteSQL[id=4f6691e0-4ea6-4d12-935d-96a71e28e35b] FlowFile[112,90460448033762.mockFlowFile,291B] contains 5 records; transferring to 'success'
[pool-1925-thread-1] INFO org.apache.nifi.processors.standard.ExecuteSQL - ExecuteSQL[id=4f6691e0-4ea6-4d12-935d-96a71e28e35b] FlowFile[113,90460448103847.mockFlowFile,291B] contains 5 records; transferring to 'success'
[pool-1925-thread-1] INFO org.apache.nifi.processors.standard.ExecuteSQL - ExecuteSQL[id=4f6691e0-4ea6-4d12-935d-96a71e28e35b] FlowFile[114,90460448170391.mockFlowFile,291B] contains 5 records; transferring to 'success'
[pool-1925-thread-1] INFO org.apache.nifi.processors.standard.ExecuteSQL - ExecuteSQL[id=4f6691e0-4ea6-4d12-935d-96a71e28e35b] FlowFile[115,90460448228026.mockFlowFile,291B] contains 5 records; transferring to 'success'
[pool-1925-thread-1] INFO org.apache.nifi.processors.standard.ExecuteSQL - ExecuteSQL[id=4f6691e0-4ea6-4d12-935d-96a71e28e35b] FlowFile[116,90460448292056.mockFlowFile,291B] contains 5 records; transferring to 'success'
[pool-1925-thread-1] INFO org.apache.nifi.processors.standard.ExecuteSQL - ExecuteSQL[id=4f6691e0-4ea6-4d12-935d-96a71e28e35b] FlowFile[117,90460448348985.mockFlowFile,291B] contains 5 records; transferring to 'success'
[pool-1925-thread-1] INFO org.apache.nifi.processors.standard.ExecuteSQL - ExecuteSQL[id=4f6691e0-4ea6-4d12-935d-96a71e28e35b] FlowFile[118,90460448405815.mockFlowFile,291B] contains 5 records; transferring to 'success'
[pool-1925-thread-1] INFO org.apache.nifi.processors.standard.ExecuteSQL - ExecuteSQL[id=4f6691e0-4ea6-4d12-935d-96a71e28e35b] FlowFile[119,90460448466120.mockFlowFile,291B] contains 5 records; transferring to 'success'
[pool-1925-thread-1] INFO org.apache.nifi.processors.standard.ExecuteSQL - ExecuteSQL[id=4f6691e0-4ea6-4d12-935d-96a71e28e35b] FlowFile[120,90460448522916.mockFlowFile,291B] contains 5 records; transferring to 'success'
[pool-1925-thread-1] INFO org.apache.nifi.processors.standard.ExecuteSQL - ExecuteSQL[id=4f6691e0-4ea6-4d12-935d-96a71e28e35b] FlowFile[121,90460448583821.mockFlowFile,291B] contains 5 records; transferring to 'success'
[pool-1925-thread-1] INFO org.apache.nifi.processors.standard.ExecuteSQL - ExecuteSQL[id=4f6691e0-4ea6-4d12-935d-96a71e28e35b] FlowFile[122,90460448645049.mockFlowFile,291B] contains 5 records; transferring to 'success'
[pool-1925-thread-1] INFO org.apache.nifi.processors.standard.ExecuteSQL - ExecuteSQL[id=4f6691e0-4ea6-4d12-935d-96a71e28e35b] FlowFile[123,90460448700919.mockFlowFile,291B] contains 5 records; transferring to 'success'
[pool-1925-thread-1] INFO org.apache.nifi.processors.standard.ExecuteSQL - ExecuteSQL[id=4f6691e0-4ea6-4d12-935d-96a71e28e35b] FlowFile[124,90460448788435.mockFlowFile,291B] contains 5 records; transferring to 'success'
[pool-1925-thread-1] INFO org.apache.nifi.processors.standard.ExecuteSQL - ExecuteSQL[id=4f6691e0-4ea6-4d12-935d-96a71e28e35b] FlowFile[125,90460448851718.mockFlowFile,291B] contains 5 records; transferring to 'success'
[pool-1925-thread-1] INFO org.apache.nifi.processors.standard.ExecuteSQL - ExecuteSQL[id=4f6691e0-4ea6-4d12-935d-96a71e28e35b] FlowFile[126,90460448933160.mockFlowFile,291B] contains 5 records; transferring to 'success'
[pool-1925-thread-1] INFO org.apache.nifi.processors.standard.ExecuteSQL - ExecuteSQL[id=4f6691e0-4ea6-4d12-935d-96a71e28e35b] FlowFile[127,90460448989345.mockFlowFile,291B] contains 5 records; transferring to 'success'
[pool-1925-thread-1] INFO org.apache.nifi.processors.standard.ExecuteSQL - ExecuteSQL[id=4f6691e0-4ea6-4d12-935d-96a71e28e35b] FlowFile[128,90460449054528.mockFlowFile,291B] contains 5 records; transferring to 'success'
[pool-1925-thread-1] INFO org.apache.nifi.processors.standard.ExecuteSQL - ExecuteSQL[id=4f6691e0-4ea6-4d12-935d-96a71e28e35b] FlowFile[129,90460449115433.mockFlowFile,291B] contains 5 records; transferring to 'success'
[pool-1925-thread-1] INFO org.apache.nifi.processors.standard.ExecuteSQL - ExecuteSQL[id=4f6691e0-4ea6-4d12-935d-96a71e28e35b] FlowFile[130,90460449173192.mockFlowFile,291B] contains 5 records; transferring to 'success'
[pool-1925-thread-1] INFO org.apache.nifi.processors.standard.ExecuteSQL - ExecuteSQL[id=4f6691e0-4ea6-4d12-935d-96a71e28e35b] FlowFile[131,90460449229920.mockFlowFile,291B] contains 5 records; transferring to 'success'
[pool-1925-thread-1] INFO org.apache.nifi.processors.standard.ExecuteSQL - ExecuteSQL[id=4f6691e0-4ea6-4d12-935d-96a71e28e35b] FlowFile[132,90460449289779.mockFlowFile,291B] contains 5 records; transferring to 'success'
[pool-1925-thread-1] INFO org.apache.nifi.processors.standard.ExecuteSQL - ExecuteSQL[id=4f6691e0-4ea6-4d12-935d-96a71e28e35b] FlowFile[133,90460449353635.mockFlowFile,291B] contains 5 records; transferring to 'success'
[pool-1925-thread-1] INFO org.apache.nifi.processors.standard.ExecuteSQL - ExecuteSQL[id=4f6691e0-4ea6-4d12-935d-96a71e28e35b] FlowFile[134,90460449409723.mockFlowFile,291B] contains 5 records; transferring to 'success'
[pool-1925-thread-1] INFO org.apache.nifi.processors.standard.ExecuteSQL - ExecuteSQL[id=4f6691e0-4ea6-4d12-935d-96a71e28e35b] FlowFile[135,90460449470621.mockFlowFile,291B] contains 5 records; transferring to 'success'
[pool-1925-thread-1] INFO org.apache.nifi.processors.standard.ExecuteSQL - ExecuteSQL[id=4f6691e0-4ea6-4d12-935d-96a71e28e35b] FlowFile[136,90460449526325.mockFlowFile,291B] contains 5 records; transferring to 'success'
[pool-1925-thread-1] INFO org.apache.nifi.processors.standard.ExecuteSQL - ExecuteSQL[id=4f6691e0-4ea6-4d12-935d-96a71e28e35b] FlowFile[137,90460449583810.mockFlowFile,291B] contains 5 records; transferring to 'success'
[pool-1925-thread-1] INFO org.apache.nifi.processors.standard.ExecuteSQL - ExecuteSQL[id=4f6691e0-4ea6-4d12-935d-96a71e28e35b] FlowFile[138,90460449650035.mockFlowFile,291B] contains 5 records; transferring to 'success'
[pool-1925-thread-1] INFO org.apache.nifi.processors.standard.ExecuteSQL - ExecuteSQL[id=4f6691e0-4ea6-4d12-935d-96a71e28e35b] FlowFile[139,90460449705924.mockFlowFile,291B] contains 5 records; transferring to 'success'
[pool-1925-thread-1] INFO org.apache.nifi.processors.standard.ExecuteSQL - ExecuteSQL[id=4f6691e0-4ea6-4d12-935d-96a71e28e35b] FlowFile[140,90460449759833.mockFlowFile,291B] contains 5 records; transferring to 'success'
[pool-1925-thread-1] INFO org.apache.nifi.processors.standard.ExecuteSQL - ExecuteSQL[id=4f6691e0-4ea6-4d12-935d-96a71e28e35b] FlowFile[141,90460449821184.mockFlowFile,291B] contains 5 records; transferring to 'success'
[pool-1925-thread-1] INFO org.apache.nifi.processors.standard.ExecuteSQL - ExecuteSQL[id=4f6691e0-4ea6-4d12-935d-96a71e28e35b] FlowFile[142,90460449877048.mockFlowFile,291B] contains 5 records; transferring to 'success'
[pool-1925-thread-1] INFO org.apache.nifi.processors.standard.ExecuteSQL - ExecuteSQL[id=4f6691e0-4ea6-4d12-935d-96a71e28e35b] FlowFile[143,90460449930956.mockFlowFile,291B] contains 5 records; transferring to 'success'
[pool-1925-thread-1] INFO org.apache.nifi.processors.standard.ExecuteSQL - ExecuteSQL[id=4f6691e0-4ea6-4d12-935d-96a71e28e35b] FlowFile[144,90460449994779.mockFlowFile,291B] contains 5 records; transferring to 'success'
[pool-1925-thread-1] INFO org.apache.nifi.processors.standard.ExecuteSQL - ExecuteSQL[id=4f6691e0-4ea6-4d12-935d-96a71e28e35b] FlowFile[145,90460450058574.mockFlowFile,291B] contains 5 records; transferring to 'success'
[pool-1925-thread-1] INFO org.apache.nifi.processors.standard.ExecuteSQL - ExecuteSQL[id=4f6691e0-4ea6-4d12-935d-96a71e28e35b] FlowFile[146,90460450115778.mockFlowFile,291B] contains 5 records; transferring to 'success'
[pool-1925-thread-1] INFO org.apache.nifi.processors.standard.ExecuteSQL - ExecuteSQL[id=4f6691e0-4ea6-4d12-935d-96a71e28e35b] FlowFile[147,90460450172931.mockFlowFile,291B] contains 5 records; transferring to 'success'
[pool-1925-thread-1] INFO org.apache.nifi.processors.standard.ExecuteSQL - ExecuteSQL[id=4f6691e0-4ea6-4d12-935d-96a71e28e35b] FlowFile[148,90460450245349.mockFlowFile,291B] contains 5 records; transferring to 'success'
[pool-1925-thread-1] INFO org.apache.nifi.processors.standard.ExecuteSQL - ExecuteSQL[id=4f6691e0-4ea6-4d12-935d-96a71e28e35b] FlowFile[149,90460450300452.mockFlowFile,291B] contains 5 records; transferring to 'success'
[pool-1925-thread-1] INFO org.apache.nifi.processors.standard.ExecuteSQL - ExecuteSQL[id=4f6691e0-4ea6-4d12-935d-96a71e28e35b] FlowFile[150,90460450355983.mockFlowFile,291B] contains 5 records; transferring to 'success'
[pool-1925-thread-1] INFO org.apache.nifi.processors.standard.ExecuteSQL - ExecuteSQL[id=4f6691e0-4ea6-4d12-935d-96a71e28e35b] FlowFile[151,90460450416913.mockFlowFile,291B] contains 5 records; transferring to 'success'
[pool-1925-thread-1] INFO org.apache.nifi.processors.standard.ExecuteSQL - ExecuteSQL[id=4f6691e0-4ea6-4d12-935d-96a71e28e35b] FlowFile[152,90460450473472.mockFlowFile,291B] contains 5 records; transferring to 'success'
[pool-1925-thread-1] INFO org.apache.nifi.processors.standard.ExecuteSQL - ExecuteSQL[id=4f6691e0-4ea6-4d12-935d-96a71e28e35b] FlowFile[153,90460450528523.mockFlowFile,291B] contains 5 records; transferring to 'success'
[pool-1925-thread-1] INFO org.apache.nifi.processors.standard.ExecuteSQL - ExecuteSQL[id=4f6691e0-4ea6-4d12-935d-96a71e28e35b] FlowFile[154,90460450590206.mockFlowFile,291B] contains 5 records; transferring to 'success'
[pool-1925-thread-1] INFO org.apache.nifi.processors.standard.ExecuteSQL - ExecuteSQL[id=4f6691e0-4ea6-4d12-935d-96a71e28e35b] FlowFile[155,90460450645098.mockFlowFile,291B] contains 5 records; transferring to 'success'
[pool-1925-thread-1] INFO org.apache.nifi.processors.standard.ExecuteSQL - ExecuteSQL[id=4f6691e0-4ea6-4d12-935d-96a71e28e35b] FlowFile[156,90460450698847.mockFlowFile,291B] contains 5 records; transferring to 'success'
[pool-1925-thread-1] INFO org.apache.nifi.processors.standard.ExecuteSQL - ExecuteSQL[id=4f6691e0-4ea6-4d12-935d-96a71e28e35b] FlowFile[157,90460450874112.mockFlowFile,291B] contains 5 records; transferring to 'success'
[pool-1925-thread-1] INFO org.apache.nifi.processors.standard.ExecuteSQL - ExecuteSQL[id=4f6691e0-4ea6-4d12-935d-96a71e28e35b] FlowFile[158,90460450971174.mockFlowFile,291B] contains 5 records; transferring to 'success'
[pool-1925-thread-1] INFO org.apache.nifi.processors.standard.ExecuteSQL - ExecuteSQL[id=4f6691e0-4ea6-4d12-935d-96a71e28e35b] FlowFile[159,90460451028660.mockFlowFile,291B] contains 5 records; transferring to 'success'
[pool-1925-thread-1] INFO org.apache.nifi.processors.standard.ExecuteSQL - ExecuteSQL[id=4f6691e0-4ea6-4d12-935d-96a71e28e35b] FlowFile[160,90460451093885.mockFlowFile,291B] contains 5 records; transferring to 'success'
[pool-1925-thread-1] INFO org.apache.nifi.processors.standard.ExecuteSQL - ExecuteSQL[id=4f6691e0-4ea6-4d12-935d-96a71e28e35b] FlowFile[161,90460451156554.mockFlowFile,291B] contains 5 records; transferring to 'success'
[pool-1925-thread-1] INFO org.apache.nifi.processors.standard.ExecuteSQL - ExecuteSQL[id=4f6691e0-4ea6-4d12-935d-96a71e28e35b] FlowFile[162,90460451211531.mockFlowFile,291B] contains 5 records; transferring to 'success'
[pool-1925-thread-1] INFO org.apache.nifi.processors.standard.ExecuteSQL - ExecuteSQL[id=4f6691e0-4ea6-4d12-935d-96a71e28e35b] FlowFile[163,90460451264877.mockFlowFile,291B] contains 5 records; transferring to 'success'
[pool-1925-thread-1] INFO org.apache.nifi.processors.standard.ExecuteSQL - ExecuteSQL[id=4f6691e0-4ea6-4d12-935d-96a71e28e35b] FlowFile[164,90460451450152.mockFlowFile,291B] contains 5 records; transferring to 'success'
[pool-1925-thread-1] INFO org.apache.nifi.processors.standard.ExecuteSQL - ExecuteSQL[id=4f6691e0-4ea6-4d12-935d-96a71e28e35b] FlowFile[165,90460451547913.mockFlowFile,291B] contains 5 records; transferring to 'success'
[pool-1925-thread-1] INFO org.apache.nifi.processors.standard.ExecuteSQL - ExecuteSQL[id=4f6691e0-4ea6-4d12-935d-96a71e28e35b] FlowFile[166,90460451630464.mockFlowFile,291B] contains 5 records; transferring to 'success'
[pool-1925-thread-1] INFO org.apache.nifi.processors.standard.ExecuteSQL - ExecuteSQL[id=4f6691e0-4ea6-4d12-935d-96a71e28e35b] FlowFile[167,90460451701061.mockFlowFile,291B] contains 5 records; transferring to 'success'
[pool-1925-thread-1] INFO org.apache.nifi.processors.standard.ExecuteSQL - ExecuteSQL[id=4f6691e0-4ea6-4d12-935d-96a71e28e35b] FlowFile[168,90460451793311.mockFlowFile,291B] contains 5 records; transferring to 'success'
[pool-1925-thread-1] INFO org.apache.nifi.processors.standard.ExecuteSQL - ExecuteSQL[id=4f6691e0-4ea6-4d12-935d-96a71e28e35b] FlowFile[169,90460451849083.mockFlowFile,291B] contains 5 records; transferring to 'success'
[pool-1925-thread-1] INFO org.apache.nifi.processors.standard.ExecuteSQL - ExecuteSQL[id=4f6691e0-4ea6-4d12-935d-96a71e28e35b] FlowFile[170,90460451910771.mockFlowFile,291B] contains 5 records; transferring to 'success'
[pool-1925-thread-1] INFO org.apache.nifi.processors.standard.ExecuteSQL - ExecuteSQL[id=4f6691e0-4ea6-4d12-935d-96a71e28e35b] FlowFile[171,90460451965117.mockFlowFile,291B] contains 5 records; transferring to 'success'
[pool-1925-thread-1] INFO org.apache.nifi.processors.standard.ExecuteSQL - ExecuteSQL[id=4f6691e0-4ea6-4d12-935d-96a71e28e35b] FlowFile[172,90460452039902.mockFlowFile,291B] contains 5 records; transferring to 'success'
[pool-1925-thread-1] INFO org.apache.nifi.processors.standard.ExecuteSQL - ExecuteSQL[id=4f6691e0-4ea6-4d12-935d-96a71e28e35b] FlowFile[173,90460452107037.mockFlowFile,291B] contains 5 records; transferring to 'success'
[pool-1925-thread-1] INFO org.apache.nifi.processors.standard.ExecuteSQL - ExecuteSQL[id=4f6691e0-4ea6-4d12-935d-96a71e28e35b] FlowFile[174,90460452172730.mockFlowFile,291B] contains 5 records; transferring to 'success'
[pool-1925-thread-1] INFO org.apache.nifi.processors.standard.ExecuteSQL - ExecuteSQL[id=4f6691e0-4ea6-4d12-935d-96a71e28e35b] FlowFile[175,90460452263400.mockFlowFile,291B] contains 5 records; transferring to 'success'
[pool-1925-thread-1] INFO org.apache.nifi.processors.standard.ExecuteSQL - ExecuteSQL[id=4f6691e0-4ea6-4d12-935d-96a71e28e35b] FlowFile[176,90460452327516.mockFlowFile,291B] contains 5 records; transferring to 'success'
[pool-1925-thread-1] INFO org.apache.nifi.processors.standard.ExecuteSQL - ExecuteSQL[id=4f6691e0-4ea6-4d12-935d-96a71e28e35b] FlowFile[177,90460452389463.mockFlowFile,291B] contains 5 records; transferring to 'success'
[pool-1925-thread-1] INFO org.apache.nifi.processors.standard.ExecuteSQL - ExecuteSQL[id=4f6691e0-4ea6-4d12-935d-96a71e28e35b] FlowFile[178,90460452441945.mockFlowFile,291B] contains 5 records; transferring to 'success'
[pool-1925-thread-1] INFO org.apache.nifi.processors.standard.ExecuteSQL - ExecuteSQL[id=4f6691e0-4ea6-4d12-935d-96a71e28e35b] FlowFile[179,90460452493768.mockFlowFile,291B] contains 5 records; transferring to 'success'
[pool-1925-thread-1] INFO org.apache.nifi.processors.standard.ExecuteSQL - ExecuteSQL[id=4f6691e0-4ea6-4d12-935d-96a71e28e35b] FlowFile[180,90460452566076.mockFlowFile,291B] contains 5 records; transferring to 'success'
[pool-1925-thread-1] INFO org.apache.nifi.processors.standard.ExecuteSQL - ExecuteSQL[id=4f6691e0-4ea6-4d12-935d-96a71e28e35b] FlowFile[181,90460452639292.mockFlowFile,291B] contains 5 records; transferring to 'success'
[pool-1925-thread-1] INFO org.apache.nifi.processors.standard.ExecuteSQL - ExecuteSQL[id=4f6691e0-4ea6-4d12-935d-96a71e28e35b] FlowFile[182,90460452700496.mockFlowFile,291B] contains 5 records; transferring to 'success'
[pool-1925-thread-1] INFO org.apache.nifi.processors.standard.ExecuteSQL - ExecuteSQL[id=4f6691e0-4ea6-4d12-935d-96a71e28e35b] FlowFile[183,90460452912165.mockFlowFile,291B] contains 5 records; transferring to 'success'
[pool-1925-thread-1] INFO org.apache.nifi.processors.standard.ExecuteSQL - ExecuteSQL[id=4f6691e0-4ea6-4d12-935d-96a71e28e35b] FlowFile[184,90460453000165.mockFlowFile,291B] contains 5 records; transferring to 'success'
[pool-1925-thread-1] INFO org.apache.nifi.processors.standard.ExecuteSQL - ExecuteSQL[id=4f6691e0-4ea6-4d12-935d-96a71e28e35b] FlowFile[185,90460453108490.mockFlowFile,291B] contains 5 records; transferring to 'success'
[pool-1925-thread-1] INFO org.apache.nifi.processors.standard.ExecuteSQL - ExecuteSQL[id=4f6691e0-4ea6-4d12-935d-96a71e28e35b] FlowFile[186,90460453228076.mockFlowFile,291B] contains 5 records; transferring to 'success'
[pool-1925-thread-1] INFO org.apache.nifi.processors.standard.ExecuteSQL - ExecuteSQL[id=4f6691e0-4ea6-4d12-935d-96a71e28e35b] FlowFile[187,90460453339196.mockFlowFile,291B] contains 5 records; transferring to 'success'
[pool-1925-thread-1] INFO org.apache.nifi.processors.standard.ExecuteSQL - ExecuteSQL[id=4f6691e0-4ea6-4d12-935d-96a71e28e35b] FlowFile[188,90460453444708.mockFlowFile,291B] contains 5 records; transferring to 'success'
[pool-1925-thread-1] INFO org.apache.nifi.processors.standard.ExecuteSQL - ExecuteSQL[id=4f6691e0-4ea6-4d12-935d-96a71e28e35b] FlowFile[189,90460453570540.mockFlowFile,291B] contains 5 records; transferring to 'success'
[pool-1925-thread-1] INFO org.apache.nifi.processors.standard.ExecuteSQL - ExecuteSQL[id=4f6691e0-4ea6-4d12-935d-96a71e28e35b] FlowFile[190,90460453663385.mockFlowFile,291B] contains 5 records; transferring to 'success'
[pool-1925-thread-1] INFO org.apache.nifi.processors.standard.ExecuteSQL - ExecuteSQL[id=4f6691e0-4ea6-4d12-935d-96a71e28e35b] FlowFile[191,90460453803683.mockFlowFile,291B] contains 5 records; transferring to 'success'
[pool-1925-thread-1] INFO org.apache.nifi.processors.standard.ExecuteSQL - ExecuteSQL[id=4f6691e0-4ea6-4d12-935d-96a71e28e35b] FlowFile[192,90460453903508.mockFlowFile,291B] contains 5 records; transferring to 'success'
[pool-1925-thread-1] INFO org.apache.nifi.processors.standard.ExecuteSQL - ExecuteSQL[id=4f6691e0-4ea6-4d12-935d-96a71e28e35b] FlowFile[193,90460454050651.mockFlowFile,291B] contains 5 records; transferring to 'success'
[pool-1925-thread-1] INFO org.apache.nifi.processors.standard.ExecuteSQL - ExecuteSQL[id=4f6691e0-4ea6-4d12-935d-96a71e28e35b] FlowFile[194,90460454138066.mockFlowFile,291B] contains 5 records; transferring to 'success'
[pool-1925-thread-1] INFO org.apache.nifi.processors.standard.ExecuteSQL - ExecuteSQL[id=4f6691e0-4ea6-4d12-935d-96a71e28e35b] FlowFile[195,90460454219622.mockFlowFile,291B] contains 5 records; transferring to 'success'
[pool-1925-thread-1] INFO org.apache.nifi.processors.standard.ExecuteSQL - ExecuteSQL[id=4f6691e0-4ea6-4d12-935d-96a71e28e35b] FlowFile[196,90460454306937.mockFlowFile,291B] contains 5 records; transferring to 'success'
[pool-1925-thread-1] INFO org.apache.nifi.processors.standard.ExecuteSQL - ExecuteSQL[id=4f6691e0-4ea6-4d12-935d-96a71e28e35b] FlowFile[197,90460454387740.mockFlowFile,291B] contains 5 records; transferring to 'success'
[pool-1925-thread-1] INFO org.apache.nifi.processors.standard.ExecuteSQL - ExecuteSQL[id=4f6691e0-4ea6-4d12-935d-96a71e28e35b] FlowFile[198,90460454511862.mockFlowFile,291B] contains 5 records; transferring to 'success'
[pool-1925-thread-1] INFO org.apache.nifi.processors.standard.ExecuteSQL - ExecuteSQL[id=4f6691e0-4ea6-4d12-935d-96a71e28e35b] FlowFile[199,90460454609329.mockFlowFile,291B] contains 5 records; transferring to 'success'
]]></system-err>
  </testcase>
  <testcase name="testSelectQueryInFlowFileWithParameters" classname="org.apache.nifi.processors.standard.TestExecuteSQL" time="0.761">
    <system-out><![CDATA[GAIAJID AEGGDEBD
D CHBG
JDBBDA 
]]></system-out>
    <system-err><![CDATA[[main] INFO org.apache.nifi.processors.standard.TestExecuteSQL - test data loaded
[pool-1926-thread-1] DEBUG org.apache.nifi.processors.standard.ExecuteSQL - ExecuteSQL[id=171e2e9f-b4e6-4e9b-8997-01e8fd447dae] Executing query select   PER.ID as PersonId, PER.NAME as PersonName, PER.CODE as PersonCode, PRD.ID as ProductId,PRD.NAME as ProductName,PRD.CODE as ProductCode, REL.ID as RelId,    REL.NAME as RelName,    REL.CODE as RelCode, ROW_NUMBER() OVER () as rownr  from persons PER, products PRD, relationships REL where PER.ID < ? AND REL.ID < ?
[pool-1926-thread-1] INFO org.apache.nifi.processors.standard.ExecuteSQL - ExecuteSQL[id=171e2e9f-b4e6-4e9b-8997-01e8fd447dae] FlowFile[1,90461132619668.mockFlowFile,1196698B] contains 20000 records; transferring to 'success'
[main] INFO org.apache.nifi.processors.standard.TestExecuteSQL - total nr of records from stream: 20000
]]></system-err>
  </testcase>
  <testcase name="testCompression" classname="org.apache.nifi.processors.standard.TestExecuteSQL" time="0.024">
    <system-err><![CDATA[[pool-1927-thread-1] DEBUG org.apache.nifi.processors.standard.ExecuteSQL - ExecuteSQL[id=4988e763-908b-4a80-89a3-2d157ab0faf8] Executing query SELECT * FROM TEST_NULL_INT
[pool-1927-thread-1] INFO org.apache.nifi.processors.standard.ExecuteSQL - ExecuteSQL[id=4988e763-908b-4a80-89a3-2d157ab0faf8] FlowFile[0,90461239120696.mockFlowFile,297B] contains 2 records; transferring to 'success'
]]></system-err>
  </testcase>
  <testcase name="testNoTimeLimit" classname="org.apache.nifi.processors.standard.TestExecuteSQL" time="0.742">
    <system-out><![CDATA[HJEGBBIBF GACFAH
AAHDJFBCA DABEB
IIII CEE
]]></system-out>
    <system-err><![CDATA[[main] INFO org.apache.nifi.processors.standard.TestExecuteSQL - test data loaded
[pool-1928-thread-1] DEBUG org.apache.nifi.processors.standard.ExecuteSQL - ExecuteSQL[id=03aa2dfc-271a-477b-8c7a-e47dc26426e3] Executing query select   PER.ID as PersonId, PER.NAME as PersonName, PER.CODE as PersonCode, PRD.ID as ProductId,PRD.NAME as ProductName,PRD.CODE as ProductCode, REL.ID as RelId,    REL.NAME as RelName,    REL.CODE as RelCode, ROW_NUMBER() OVER () as rownr  from persons PER, products PRD, relationships REL where PER.ID = 10
[pool-1928-thread-1] INFO org.apache.nifi.processors.standard.ExecuteSQL - ExecuteSQL[id=03aa2dfc-271a-477b-8c7a-e47dc26426e3] FlowFile[1,90461906952354.mockFlowFile,1274919B] contains 20000 records; transferring to 'success'
[main] INFO org.apache.nifi.processors.standard.TestExecuteSQL - total nr of records from stream: 20000
]]></system-err>
  </testcase>
  <testcase name="testSelectQueryInFlowFile" classname="org.apache.nifi.processors.standard.TestExecuteSQL" time="0.762">
    <system-out><![CDATA[ BJGIH
HIFABCFD 
JJEJID IGD
]]></system-out>
    <system-err><![CDATA[[main] INFO org.apache.nifi.processors.standard.TestExecuteSQL - test data loaded
[pool-1929-thread-1] DEBUG org.apache.nifi.processors.standard.ExecuteSQL - ExecuteSQL[id=a9624e42-f74b-4e0f-be8b-b59d0ffb1c2d] Executing query select   PER.ID as PersonId, PER.NAME as PersonName, PER.CODE as PersonCode, PRD.ID as ProductId,PRD.NAME as ProductName,PRD.CODE as ProductCode, REL.ID as RelId,    REL.NAME as RelName,    REL.CODE as RelCode, ROW_NUMBER() OVER () as rownr  from persons PER, products PRD, relationships REL where PER.ID = 10
[pool-1929-thread-1] INFO org.apache.nifi.processors.standard.ExecuteSQL - ExecuteSQL[id=a9624e42-f74b-4e0f-be8b-b59d0ffb1c2d] FlowFile[1,90462673077565.mockFlowFile,1071956B] contains 20000 records; transferring to 'success'
[main] INFO org.apache.nifi.processors.standard.TestExecuteSQL - total nr of records from stream: 20000
]]></system-err>
  </testcase>
  <testcase name="testWithOutputBatchingAndIncomingFlowFile" classname="org.apache.nifi.processors.standard.TestExecuteSQL" time="1.565">
    <system-err><![CDATA[[pool-1930-thread-1] DEBUG org.apache.nifi.processors.standard.ExecuteSQL - ExecuteSQL[id=b89b1996-21d2-4d5f-93e9-41a56eb9cc1c] Executing query SELECT * FROM TEST_NULL_INT
[pool-1930-thread-1] INFO org.apache.nifi.processors.standard.ExecuteSQL - ExecuteSQL[id=b89b1996-21d2-4d5f-93e9-41a56eb9cc1c] FlowFile[1,90464295329815.mockFlowFile,286B] contains 5 records; transferring to 'success'
[pool-1930-thread-1] INFO org.apache.nifi.processors.standard.ExecuteSQL - ExecuteSQL[id=b89b1996-21d2-4d5f-93e9-41a56eb9cc1c] FlowFile[2,90464295329815.mockFlowFile,286B] contains 5 records; transferring to 'success'
[pool-1930-thread-1] INFO org.apache.nifi.processors.standard.ExecuteSQL - ExecuteSQL[id=b89b1996-21d2-4d5f-93e9-41a56eb9cc1c] FlowFile[3,90464295329815.mockFlowFile,286B] contains 5 records; transferring to 'success'
[pool-1930-thread-1] INFO org.apache.nifi.processors.standard.ExecuteSQL - ExecuteSQL[id=b89b1996-21d2-4d5f-93e9-41a56eb9cc1c] FlowFile[4,90464295329815.mockFlowFile,286B] contains 5 records; transferring to 'success'
[pool-1930-thread-1] INFO org.apache.nifi.processors.standard.ExecuteSQL - ExecuteSQL[id=b89b1996-21d2-4d5f-93e9-41a56eb9cc1c] FlowFile[5,90464295329815.mockFlowFile,286B] contains 5 records; transferring to 'success'
[pool-1930-thread-1] INFO org.apache.nifi.processors.standard.ExecuteSQL - ExecuteSQL[id=b89b1996-21d2-4d5f-93e9-41a56eb9cc1c] FlowFile[6,90464295329815.mockFlowFile,286B] contains 5 records; transferring to 'success'
[pool-1930-thread-1] INFO org.apache.nifi.processors.standard.ExecuteSQL - ExecuteSQL[id=b89b1996-21d2-4d5f-93e9-41a56eb9cc1c] FlowFile[7,90464295329815.mockFlowFile,286B] contains 5 records; transferring to 'success'
[pool-1930-thread-1] INFO org.apache.nifi.processors.standard.ExecuteSQL - ExecuteSQL[id=b89b1996-21d2-4d5f-93e9-41a56eb9cc1c] FlowFile[8,90464295329815.mockFlowFile,286B] contains 5 records; transferring to 'success'
[pool-1930-thread-1] INFO org.apache.nifi.processors.standard.ExecuteSQL - ExecuteSQL[id=b89b1996-21d2-4d5f-93e9-41a56eb9cc1c] FlowFile[9,90464295329815.mockFlowFile,286B] contains 5 records; transferring to 'success'
[pool-1930-thread-1] INFO org.apache.nifi.processors.standard.ExecuteSQL - ExecuteSQL[id=b89b1996-21d2-4d5f-93e9-41a56eb9cc1c] FlowFile[10,90464295329815.mockFlowFile,286B] contains 5 records; transferring to 'success'
[pool-1930-thread-1] INFO org.apache.nifi.processors.standard.ExecuteSQL - ExecuteSQL[id=b89b1996-21d2-4d5f-93e9-41a56eb9cc1c] FlowFile[11,90464295329815.mockFlowFile,286B] contains 5 records; transferring to 'success'
[pool-1930-thread-1] INFO org.apache.nifi.processors.standard.ExecuteSQL - ExecuteSQL[id=b89b1996-21d2-4d5f-93e9-41a56eb9cc1c] FlowFile[12,90464295329815.mockFlowFile,286B] contains 5 records; transferring to 'success'
[pool-1930-thread-1] INFO org.apache.nifi.processors.standard.ExecuteSQL - ExecuteSQL[id=b89b1996-21d2-4d5f-93e9-41a56eb9cc1c] FlowFile[13,90464295329815.mockFlowFile,287B] contains 5 records; transferring to 'success'
[pool-1930-thread-1] INFO org.apache.nifi.processors.standard.ExecuteSQL - ExecuteSQL[id=b89b1996-21d2-4d5f-93e9-41a56eb9cc1c] FlowFile[14,90464295329815.mockFlowFile,291B] contains 5 records; transferring to 'success'
[pool-1930-thread-1] INFO org.apache.nifi.processors.standard.ExecuteSQL - ExecuteSQL[id=b89b1996-21d2-4d5f-93e9-41a56eb9cc1c] FlowFile[15,90464295329815.mockFlowFile,291B] contains 5 records; transferring to 'success'
[pool-1930-thread-1] INFO org.apache.nifi.processors.standard.ExecuteSQL - ExecuteSQL[id=b89b1996-21d2-4d5f-93e9-41a56eb9cc1c] FlowFile[16,90464295329815.mockFlowFile,291B] contains 5 records; transferring to 'success'
[pool-1930-thread-1] INFO org.apache.nifi.processors.standard.ExecuteSQL - ExecuteSQL[id=b89b1996-21d2-4d5f-93e9-41a56eb9cc1c] FlowFile[17,90464295329815.mockFlowFile,291B] contains 5 records; transferring to 'success'
[pool-1930-thread-1] INFO org.apache.nifi.processors.standard.ExecuteSQL - ExecuteSQL[id=b89b1996-21d2-4d5f-93e9-41a56eb9cc1c] FlowFile[18,90464295329815.mockFlowFile,291B] contains 5 records; transferring to 'success'
[pool-1930-thread-1] INFO org.apache.nifi.processors.standard.ExecuteSQL - ExecuteSQL[id=b89b1996-21d2-4d5f-93e9-41a56eb9cc1c] FlowFile[19,90464295329815.mockFlowFile,291B] contains 5 records; transferring to 'success'
[pool-1930-thread-1] INFO org.apache.nifi.processors.standard.ExecuteSQL - ExecuteSQL[id=b89b1996-21d2-4d5f-93e9-41a56eb9cc1c] FlowFile[20,90464295329815.mockFlowFile,291B] contains 5 records; transferring to 'success'
[pool-1930-thread-1] INFO org.apache.nifi.processors.standard.ExecuteSQL - ExecuteSQL[id=b89b1996-21d2-4d5f-93e9-41a56eb9cc1c] FlowFile[21,90464295329815.mockFlowFile,291B] contains 5 records; transferring to 'success'
[pool-1930-thread-1] INFO org.apache.nifi.processors.standard.ExecuteSQL - ExecuteSQL[id=b89b1996-21d2-4d5f-93e9-41a56eb9cc1c] FlowFile[22,90464295329815.mockFlowFile,291B] contains 5 records; transferring to 'success'
[pool-1930-thread-1] INFO org.apache.nifi.processors.standard.ExecuteSQL - ExecuteSQL[id=b89b1996-21d2-4d5f-93e9-41a56eb9cc1c] FlowFile[23,90464295329815.mockFlowFile,291B] contains 5 records; transferring to 'success'
[pool-1930-thread-1] INFO org.apache.nifi.processors.standard.ExecuteSQL - ExecuteSQL[id=b89b1996-21d2-4d5f-93e9-41a56eb9cc1c] FlowFile[24,90464295329815.mockFlowFile,291B] contains 5 records; transferring to 'success'
[pool-1930-thread-1] INFO org.apache.nifi.processors.standard.ExecuteSQL - ExecuteSQL[id=b89b1996-21d2-4d5f-93e9-41a56eb9cc1c] FlowFile[25,90464295329815.mockFlowFile,291B] contains 5 records; transferring to 'success'
[pool-1930-thread-1] INFO org.apache.nifi.processors.standard.ExecuteSQL - ExecuteSQL[id=b89b1996-21d2-4d5f-93e9-41a56eb9cc1c] FlowFile[26,90464295329815.mockFlowFile,291B] contains 5 records; transferring to 'success'
[pool-1930-thread-1] INFO org.apache.nifi.processors.standard.ExecuteSQL - ExecuteSQL[id=b89b1996-21d2-4d5f-93e9-41a56eb9cc1c] FlowFile[27,90464295329815.mockFlowFile,291B] contains 5 records; transferring to 'success'
[pool-1930-thread-1] INFO org.apache.nifi.processors.standard.ExecuteSQL - ExecuteSQL[id=b89b1996-21d2-4d5f-93e9-41a56eb9cc1c] FlowFile[28,90464295329815.mockFlowFile,291B] contains 5 records; transferring to 'success'
[pool-1930-thread-1] INFO org.apache.nifi.processors.standard.ExecuteSQL - ExecuteSQL[id=b89b1996-21d2-4d5f-93e9-41a56eb9cc1c] FlowFile[29,90464295329815.mockFlowFile,291B] contains 5 records; transferring to 'success'
[pool-1930-thread-1] INFO org.apache.nifi.processors.standard.ExecuteSQL - ExecuteSQL[id=b89b1996-21d2-4d5f-93e9-41a56eb9cc1c] FlowFile[30,90464295329815.mockFlowFile,291B] contains 5 records; transferring to 'success'
[pool-1930-thread-1] INFO org.apache.nifi.processors.standard.ExecuteSQL - ExecuteSQL[id=b89b1996-21d2-4d5f-93e9-41a56eb9cc1c] FlowFile[31,90464295329815.mockFlowFile,291B] contains 5 records; transferring to 'success'
[pool-1930-thread-1] INFO org.apache.nifi.processors.standard.ExecuteSQL - ExecuteSQL[id=b89b1996-21d2-4d5f-93e9-41a56eb9cc1c] FlowFile[32,90464295329815.mockFlowFile,291B] contains 5 records; transferring to 'success'
[pool-1930-thread-1] INFO org.apache.nifi.processors.standard.ExecuteSQL - ExecuteSQL[id=b89b1996-21d2-4d5f-93e9-41a56eb9cc1c] FlowFile[33,90464295329815.mockFlowFile,291B] contains 5 records; transferring to 'success'
[pool-1930-thread-1] INFO org.apache.nifi.processors.standard.ExecuteSQL - ExecuteSQL[id=b89b1996-21d2-4d5f-93e9-41a56eb9cc1c] FlowFile[34,90464295329815.mockFlowFile,291B] contains 5 records; transferring to 'success'
[pool-1930-thread-1] INFO org.apache.nifi.processors.standard.ExecuteSQL - ExecuteSQL[id=b89b1996-21d2-4d5f-93e9-41a56eb9cc1c] FlowFile[35,90464295329815.mockFlowFile,291B] contains 5 records; transferring to 'success'
[pool-1930-thread-1] INFO org.apache.nifi.processors.standard.ExecuteSQL - ExecuteSQL[id=b89b1996-21d2-4d5f-93e9-41a56eb9cc1c] FlowFile[36,90464295329815.mockFlowFile,291B] contains 5 records; transferring to 'success'
[pool-1930-thread-1] INFO org.apache.nifi.processors.standard.ExecuteSQL - ExecuteSQL[id=b89b1996-21d2-4d5f-93e9-41a56eb9cc1c] FlowFile[37,90464295329815.mockFlowFile,291B] contains 5 records; transferring to 'success'
[pool-1930-thread-1] INFO org.apache.nifi.processors.standard.ExecuteSQL - ExecuteSQL[id=b89b1996-21d2-4d5f-93e9-41a56eb9cc1c] FlowFile[38,90464295329815.mockFlowFile,291B] contains 5 records; transferring to 'success'
[pool-1930-thread-1] INFO org.apache.nifi.processors.standard.ExecuteSQL - ExecuteSQL[id=b89b1996-21d2-4d5f-93e9-41a56eb9cc1c] FlowFile[39,90464295329815.mockFlowFile,291B] contains 5 records; transferring to 'success'
[pool-1930-thread-1] INFO org.apache.nifi.processors.standard.ExecuteSQL - ExecuteSQL[id=b89b1996-21d2-4d5f-93e9-41a56eb9cc1c] FlowFile[40,90464295329815.mockFlowFile,291B] contains 5 records; transferring to 'success'
[pool-1930-thread-1] INFO org.apache.nifi.processors.standard.ExecuteSQL - ExecuteSQL[id=b89b1996-21d2-4d5f-93e9-41a56eb9cc1c] FlowFile[41,90464295329815.mockFlowFile,291B] contains 5 records; transferring to 'success'
[pool-1930-thread-1] INFO org.apache.nifi.processors.standard.ExecuteSQL - ExecuteSQL[id=b89b1996-21d2-4d5f-93e9-41a56eb9cc1c] FlowFile[42,90464295329815.mockFlowFile,291B] contains 5 records; transferring to 'success'
[pool-1930-thread-1] INFO org.apache.nifi.processors.standard.ExecuteSQL - ExecuteSQL[id=b89b1996-21d2-4d5f-93e9-41a56eb9cc1c] FlowFile[43,90464295329815.mockFlowFile,291B] contains 5 records; transferring to 'success'
[pool-1930-thread-1] INFO org.apache.nifi.processors.standard.ExecuteSQL - ExecuteSQL[id=b89b1996-21d2-4d5f-93e9-41a56eb9cc1c] FlowFile[44,90464295329815.mockFlowFile,291B] contains 5 records; transferring to 'success'
[pool-1930-thread-1] INFO org.apache.nifi.processors.standard.ExecuteSQL - ExecuteSQL[id=b89b1996-21d2-4d5f-93e9-41a56eb9cc1c] FlowFile[45,90464295329815.mockFlowFile,291B] contains 5 records; transferring to 'success'
[pool-1930-thread-1] INFO org.apache.nifi.processors.standard.ExecuteSQL - ExecuteSQL[id=b89b1996-21d2-4d5f-93e9-41a56eb9cc1c] FlowFile[46,90464295329815.mockFlowFile,291B] contains 5 records; transferring to 'success'
[pool-1930-thread-1] INFO org.apache.nifi.processors.standard.ExecuteSQL - ExecuteSQL[id=b89b1996-21d2-4d5f-93e9-41a56eb9cc1c] FlowFile[47,90464295329815.mockFlowFile,291B] contains 5 records; transferring to 'success'
[pool-1930-thread-1] INFO org.apache.nifi.processors.standard.ExecuteSQL - ExecuteSQL[id=b89b1996-21d2-4d5f-93e9-41a56eb9cc1c] FlowFile[48,90464295329815.mockFlowFile,291B] contains 5 records; transferring to 'success'
[pool-1930-thread-1] INFO org.apache.nifi.processors.standard.ExecuteSQL - ExecuteSQL[id=b89b1996-21d2-4d5f-93e9-41a56eb9cc1c] FlowFile[49,90464295329815.mockFlowFile,291B] contains 5 records; transferring to 'success'
[pool-1930-thread-1] INFO org.apache.nifi.processors.standard.ExecuteSQL - ExecuteSQL[id=b89b1996-21d2-4d5f-93e9-41a56eb9cc1c] FlowFile[50,90464295329815.mockFlowFile,291B] contains 5 records; transferring to 'success'
[pool-1930-thread-1] INFO org.apache.nifi.processors.standard.ExecuteSQL - ExecuteSQL[id=b89b1996-21d2-4d5f-93e9-41a56eb9cc1c] FlowFile[51,90464295329815.mockFlowFile,291B] contains 5 records; transferring to 'success'
[pool-1930-thread-1] INFO org.apache.nifi.processors.standard.ExecuteSQL - ExecuteSQL[id=b89b1996-21d2-4d5f-93e9-41a56eb9cc1c] FlowFile[52,90464295329815.mockFlowFile,291B] contains 5 records; transferring to 'success'
[pool-1930-thread-1] INFO org.apache.nifi.processors.standard.ExecuteSQL - ExecuteSQL[id=b89b1996-21d2-4d5f-93e9-41a56eb9cc1c] FlowFile[53,90464295329815.mockFlowFile,291B] contains 5 records; transferring to 'success'
[pool-1930-thread-1] INFO org.apache.nifi.processors.standard.ExecuteSQL - ExecuteSQL[id=b89b1996-21d2-4d5f-93e9-41a56eb9cc1c] FlowFile[54,90464295329815.mockFlowFile,291B] contains 5 records; transferring to 'success'
[pool-1930-thread-1] INFO org.apache.nifi.processors.standard.ExecuteSQL - ExecuteSQL[id=b89b1996-21d2-4d5f-93e9-41a56eb9cc1c] FlowFile[55,90464295329815.mockFlowFile,291B] contains 5 records; transferring to 'success'
[pool-1930-thread-1] INFO org.apache.nifi.processors.standard.ExecuteSQL - ExecuteSQL[id=b89b1996-21d2-4d5f-93e9-41a56eb9cc1c] FlowFile[56,90464295329815.mockFlowFile,291B] contains 5 records; transferring to 'success'
[pool-1930-thread-1] INFO org.apache.nifi.processors.standard.ExecuteSQL - ExecuteSQL[id=b89b1996-21d2-4d5f-93e9-41a56eb9cc1c] FlowFile[57,90464295329815.mockFlowFile,291B] contains 5 records; transferring to 'success'
[pool-1930-thread-1] INFO org.apache.nifi.processors.standard.ExecuteSQL - ExecuteSQL[id=b89b1996-21d2-4d5f-93e9-41a56eb9cc1c] FlowFile[58,90464295329815.mockFlowFile,291B] contains 5 records; transferring to 'success'
[pool-1930-thread-1] INFO org.apache.nifi.processors.standard.ExecuteSQL - ExecuteSQL[id=b89b1996-21d2-4d5f-93e9-41a56eb9cc1c] FlowFile[59,90464295329815.mockFlowFile,291B] contains 5 records; transferring to 'success'
[pool-1930-thread-1] INFO org.apache.nifi.processors.standard.ExecuteSQL - ExecuteSQL[id=b89b1996-21d2-4d5f-93e9-41a56eb9cc1c] FlowFile[60,90464295329815.mockFlowFile,291B] contains 5 records; transferring to 'success'
[pool-1930-thread-1] INFO org.apache.nifi.processors.standard.ExecuteSQL - ExecuteSQL[id=b89b1996-21d2-4d5f-93e9-41a56eb9cc1c] FlowFile[61,90464295329815.mockFlowFile,291B] contains 5 records; transferring to 'success'
[pool-1930-thread-1] INFO org.apache.nifi.processors.standard.ExecuteSQL - ExecuteSQL[id=b89b1996-21d2-4d5f-93e9-41a56eb9cc1c] FlowFile[62,90464295329815.mockFlowFile,291B] contains 5 records; transferring to 'success'
[pool-1930-thread-1] INFO org.apache.nifi.processors.standard.ExecuteSQL - ExecuteSQL[id=b89b1996-21d2-4d5f-93e9-41a56eb9cc1c] FlowFile[63,90464295329815.mockFlowFile,291B] contains 5 records; transferring to 'success'
[pool-1930-thread-1] INFO org.apache.nifi.processors.standard.ExecuteSQL - ExecuteSQL[id=b89b1996-21d2-4d5f-93e9-41a56eb9cc1c] FlowFile[64,90464295329815.mockFlowFile,291B] contains 5 records; transferring to 'success'
[pool-1930-thread-1] INFO org.apache.nifi.processors.standard.ExecuteSQL - ExecuteSQL[id=b89b1996-21d2-4d5f-93e9-41a56eb9cc1c] FlowFile[65,90464295329815.mockFlowFile,291B] contains 5 records; transferring to 'success'
[pool-1930-thread-1] INFO org.apache.nifi.processors.standard.ExecuteSQL - ExecuteSQL[id=b89b1996-21d2-4d5f-93e9-41a56eb9cc1c] FlowFile[66,90464295329815.mockFlowFile,291B] contains 5 records; transferring to 'success'
[pool-1930-thread-1] INFO org.apache.nifi.processors.standard.ExecuteSQL - ExecuteSQL[id=b89b1996-21d2-4d5f-93e9-41a56eb9cc1c] FlowFile[67,90464295329815.mockFlowFile,291B] contains 5 records; transferring to 'success'
[pool-1930-thread-1] INFO org.apache.nifi.processors.standard.ExecuteSQL - ExecuteSQL[id=b89b1996-21d2-4d5f-93e9-41a56eb9cc1c] FlowFile[68,90464295329815.mockFlowFile,291B] contains 5 records; transferring to 'success'
[pool-1930-thread-1] INFO org.apache.nifi.processors.standard.ExecuteSQL - ExecuteSQL[id=b89b1996-21d2-4d5f-93e9-41a56eb9cc1c] FlowFile[69,90464295329815.mockFlowFile,291B] contains 5 records; transferring to 'success'
[pool-1930-thread-1] INFO org.apache.nifi.processors.standard.ExecuteSQL - ExecuteSQL[id=b89b1996-21d2-4d5f-93e9-41a56eb9cc1c] FlowFile[70,90464295329815.mockFlowFile,291B] contains 5 records; transferring to 'success'
[pool-1930-thread-1] INFO org.apache.nifi.processors.standard.ExecuteSQL - ExecuteSQL[id=b89b1996-21d2-4d5f-93e9-41a56eb9cc1c] FlowFile[71,90464295329815.mockFlowFile,291B] contains 5 records; transferring to 'success'
[pool-1930-thread-1] INFO org.apache.nifi.processors.standard.ExecuteSQL - ExecuteSQL[id=b89b1996-21d2-4d5f-93e9-41a56eb9cc1c] FlowFile[72,90464295329815.mockFlowFile,291B] contains 5 records; transferring to 'success'
[pool-1930-thread-1] INFO org.apache.nifi.processors.standard.ExecuteSQL - ExecuteSQL[id=b89b1996-21d2-4d5f-93e9-41a56eb9cc1c] FlowFile[73,90464295329815.mockFlowFile,291B] contains 5 records; transferring to 'success'
[pool-1930-thread-1] INFO org.apache.nifi.processors.standard.ExecuteSQL - ExecuteSQL[id=b89b1996-21d2-4d5f-93e9-41a56eb9cc1c] FlowFile[74,90464295329815.mockFlowFile,291B] contains 5 records; transferring to 'success'
[pool-1930-thread-1] INFO org.apache.nifi.processors.standard.ExecuteSQL - ExecuteSQL[id=b89b1996-21d2-4d5f-93e9-41a56eb9cc1c] FlowFile[75,90464295329815.mockFlowFile,291B] contains 5 records; transferring to 'success'
[pool-1930-thread-1] INFO org.apache.nifi.processors.standard.ExecuteSQL - ExecuteSQL[id=b89b1996-21d2-4d5f-93e9-41a56eb9cc1c] FlowFile[76,90464295329815.mockFlowFile,291B] contains 5 records; transferring to 'success'
[pool-1930-thread-1] INFO org.apache.nifi.processors.standard.ExecuteSQL - ExecuteSQL[id=b89b1996-21d2-4d5f-93e9-41a56eb9cc1c] FlowFile[77,90464295329815.mockFlowFile,291B] contains 5 records; transferring to 'success'
[pool-1930-thread-1] INFO org.apache.nifi.processors.standard.ExecuteSQL - ExecuteSQL[id=b89b1996-21d2-4d5f-93e9-41a56eb9cc1c] FlowFile[78,90464295329815.mockFlowFile,291B] contains 5 records; transferring to 'success'
[pool-1930-thread-1] INFO org.apache.nifi.processors.standard.ExecuteSQL - ExecuteSQL[id=b89b1996-21d2-4d5f-93e9-41a56eb9cc1c] FlowFile[79,90464295329815.mockFlowFile,291B] contains 5 records; transferring to 'success'
[pool-1930-thread-1] INFO org.apache.nifi.processors.standard.ExecuteSQL - ExecuteSQL[id=b89b1996-21d2-4d5f-93e9-41a56eb9cc1c] FlowFile[80,90464295329815.mockFlowFile,291B] contains 5 records; transferring to 'success'
[pool-1930-thread-1] INFO org.apache.nifi.processors.standard.ExecuteSQL - ExecuteSQL[id=b89b1996-21d2-4d5f-93e9-41a56eb9cc1c] FlowFile[81,90464295329815.mockFlowFile,291B] contains 5 records; transferring to 'success'
[pool-1930-thread-1] INFO org.apache.nifi.processors.standard.ExecuteSQL - ExecuteSQL[id=b89b1996-21d2-4d5f-93e9-41a56eb9cc1c] FlowFile[82,90464295329815.mockFlowFile,291B] contains 5 records; transferring to 'success'
[pool-1930-thread-1] INFO org.apache.nifi.processors.standard.ExecuteSQL - ExecuteSQL[id=b89b1996-21d2-4d5f-93e9-41a56eb9cc1c] FlowFile[83,90464295329815.mockFlowFile,291B] contains 5 records; transferring to 'success'
[pool-1930-thread-1] INFO org.apache.nifi.processors.standard.ExecuteSQL - ExecuteSQL[id=b89b1996-21d2-4d5f-93e9-41a56eb9cc1c] FlowFile[84,90464295329815.mockFlowFile,291B] contains 5 records; transferring to 'success'
[pool-1930-thread-1] INFO org.apache.nifi.processors.standard.ExecuteSQL - ExecuteSQL[id=b89b1996-21d2-4d5f-93e9-41a56eb9cc1c] FlowFile[85,90464295329815.mockFlowFile,291B] contains 5 records; transferring to 'success'
[pool-1930-thread-1] INFO org.apache.nifi.processors.standard.ExecuteSQL - ExecuteSQL[id=b89b1996-21d2-4d5f-93e9-41a56eb9cc1c] FlowFile[86,90464295329815.mockFlowFile,291B] contains 5 records; transferring to 'success'
[pool-1930-thread-1] INFO org.apache.nifi.processors.standard.ExecuteSQL - ExecuteSQL[id=b89b1996-21d2-4d5f-93e9-41a56eb9cc1c] FlowFile[87,90464295329815.mockFlowFile,291B] contains 5 records; transferring to 'success'
[pool-1930-thread-1] INFO org.apache.nifi.processors.standard.ExecuteSQL - ExecuteSQL[id=b89b1996-21d2-4d5f-93e9-41a56eb9cc1c] FlowFile[88,90464295329815.mockFlowFile,291B] contains 5 records; transferring to 'success'
[pool-1930-thread-1] INFO org.apache.nifi.processors.standard.ExecuteSQL - ExecuteSQL[id=b89b1996-21d2-4d5f-93e9-41a56eb9cc1c] FlowFile[89,90464295329815.mockFlowFile,291B] contains 5 records; transferring to 'success'
[pool-1930-thread-1] INFO org.apache.nifi.processors.standard.ExecuteSQL - ExecuteSQL[id=b89b1996-21d2-4d5f-93e9-41a56eb9cc1c] FlowFile[90,90464295329815.mockFlowFile,291B] contains 5 records; transferring to 'success'
[pool-1930-thread-1] INFO org.apache.nifi.processors.standard.ExecuteSQL - ExecuteSQL[id=b89b1996-21d2-4d5f-93e9-41a56eb9cc1c] FlowFile[91,90464295329815.mockFlowFile,291B] contains 5 records; transferring to 'success'
[pool-1930-thread-1] INFO org.apache.nifi.processors.standard.ExecuteSQL - ExecuteSQL[id=b89b1996-21d2-4d5f-93e9-41a56eb9cc1c] FlowFile[92,90464295329815.mockFlowFile,291B] contains 5 records; transferring to 'success'
[pool-1930-thread-1] INFO org.apache.nifi.processors.standard.ExecuteSQL - ExecuteSQL[id=b89b1996-21d2-4d5f-93e9-41a56eb9cc1c] FlowFile[93,90464295329815.mockFlowFile,291B] contains 5 records; transferring to 'success'
[pool-1930-thread-1] INFO org.apache.nifi.processors.standard.ExecuteSQL - ExecuteSQL[id=b89b1996-21d2-4d5f-93e9-41a56eb9cc1c] FlowFile[94,90464295329815.mockFlowFile,291B] contains 5 records; transferring to 'success'
[pool-1930-thread-1] INFO org.apache.nifi.processors.standard.ExecuteSQL - ExecuteSQL[id=b89b1996-21d2-4d5f-93e9-41a56eb9cc1c] FlowFile[95,90464295329815.mockFlowFile,291B] contains 5 records; transferring to 'success'
[pool-1930-thread-1] INFO org.apache.nifi.processors.standard.ExecuteSQL - ExecuteSQL[id=b89b1996-21d2-4d5f-93e9-41a56eb9cc1c] FlowFile[96,90464295329815.mockFlowFile,291B] contains 5 records; transferring to 'success'
[pool-1930-thread-1] INFO org.apache.nifi.processors.standard.ExecuteSQL - ExecuteSQL[id=b89b1996-21d2-4d5f-93e9-41a56eb9cc1c] FlowFile[97,90464295329815.mockFlowFile,291B] contains 5 records; transferring to 'success'
[pool-1930-thread-1] INFO org.apache.nifi.processors.standard.ExecuteSQL - ExecuteSQL[id=b89b1996-21d2-4d5f-93e9-41a56eb9cc1c] FlowFile[98,90464295329815.mockFlowFile,291B] contains 5 records; transferring to 'success'
[pool-1930-thread-1] INFO org.apache.nifi.processors.standard.ExecuteSQL - ExecuteSQL[id=b89b1996-21d2-4d5f-93e9-41a56eb9cc1c] FlowFile[99,90464295329815.mockFlowFile,291B] contains 5 records; transferring to 'success'
[pool-1930-thread-1] INFO org.apache.nifi.processors.standard.ExecuteSQL - ExecuteSQL[id=b89b1996-21d2-4d5f-93e9-41a56eb9cc1c] FlowFile[100,90464295329815.mockFlowFile,291B] contains 5 records; transferring to 'success'
[pool-1930-thread-1] INFO org.apache.nifi.processors.standard.ExecuteSQL - ExecuteSQL[id=b89b1996-21d2-4d5f-93e9-41a56eb9cc1c] FlowFile[101,90464295329815.mockFlowFile,291B] contains 5 records; transferring to 'success'
[pool-1930-thread-1] INFO org.apache.nifi.processors.standard.ExecuteSQL - ExecuteSQL[id=b89b1996-21d2-4d5f-93e9-41a56eb9cc1c] FlowFile[102,90464295329815.mockFlowFile,291B] contains 5 records; transferring to 'success'
[pool-1930-thread-1] INFO org.apache.nifi.processors.standard.ExecuteSQL - ExecuteSQL[id=b89b1996-21d2-4d5f-93e9-41a56eb9cc1c] FlowFile[103,90464295329815.mockFlowFile,291B] contains 5 records; transferring to 'success'
[pool-1930-thread-1] INFO org.apache.nifi.processors.standard.ExecuteSQL - ExecuteSQL[id=b89b1996-21d2-4d5f-93e9-41a56eb9cc1c] FlowFile[104,90464295329815.mockFlowFile,291B] contains 5 records; transferring to 'success'
[pool-1930-thread-1] INFO org.apache.nifi.processors.standard.ExecuteSQL - ExecuteSQL[id=b89b1996-21d2-4d5f-93e9-41a56eb9cc1c] FlowFile[105,90464295329815.mockFlowFile,291B] contains 5 records; transferring to 'success'
[pool-1930-thread-1] INFO org.apache.nifi.processors.standard.ExecuteSQL - ExecuteSQL[id=b89b1996-21d2-4d5f-93e9-41a56eb9cc1c] FlowFile[106,90464295329815.mockFlowFile,291B] contains 5 records; transferring to 'success'
[pool-1930-thread-1] INFO org.apache.nifi.processors.standard.ExecuteSQL - ExecuteSQL[id=b89b1996-21d2-4d5f-93e9-41a56eb9cc1c] FlowFile[107,90464295329815.mockFlowFile,291B] contains 5 records; transferring to 'success'
[pool-1930-thread-1] INFO org.apache.nifi.processors.standard.ExecuteSQL - ExecuteSQL[id=b89b1996-21d2-4d5f-93e9-41a56eb9cc1c] FlowFile[108,90464295329815.mockFlowFile,291B] contains 5 records; transferring to 'success'
[pool-1930-thread-1] INFO org.apache.nifi.processors.standard.ExecuteSQL - ExecuteSQL[id=b89b1996-21d2-4d5f-93e9-41a56eb9cc1c] FlowFile[109,90464295329815.mockFlowFile,291B] contains 5 records; transferring to 'success'
[pool-1930-thread-1] INFO org.apache.nifi.processors.standard.ExecuteSQL - ExecuteSQL[id=b89b1996-21d2-4d5f-93e9-41a56eb9cc1c] FlowFile[110,90464295329815.mockFlowFile,291B] contains 5 records; transferring to 'success'
[pool-1930-thread-1] INFO org.apache.nifi.processors.standard.ExecuteSQL - ExecuteSQL[id=b89b1996-21d2-4d5f-93e9-41a56eb9cc1c] FlowFile[111,90464295329815.mockFlowFile,291B] contains 5 records; transferring to 'success'
[pool-1930-thread-1] INFO org.apache.nifi.processors.standard.ExecuteSQL - ExecuteSQL[id=b89b1996-21d2-4d5f-93e9-41a56eb9cc1c] FlowFile[112,90464295329815.mockFlowFile,291B] contains 5 records; transferring to 'success'
[pool-1930-thread-1] INFO org.apache.nifi.processors.standard.ExecuteSQL - ExecuteSQL[id=b89b1996-21d2-4d5f-93e9-41a56eb9cc1c] FlowFile[113,90464295329815.mockFlowFile,291B] contains 5 records; transferring to 'success'
[pool-1930-thread-1] INFO org.apache.nifi.processors.standard.ExecuteSQL - ExecuteSQL[id=b89b1996-21d2-4d5f-93e9-41a56eb9cc1c] FlowFile[114,90464295329815.mockFlowFile,291B] contains 5 records; transferring to 'success'
[pool-1930-thread-1] INFO org.apache.nifi.processors.standard.ExecuteSQL - ExecuteSQL[id=b89b1996-21d2-4d5f-93e9-41a56eb9cc1c] FlowFile[115,90464295329815.mockFlowFile,291B] contains 5 records; transferring to 'success'
[pool-1930-thread-1] INFO org.apache.nifi.processors.standard.ExecuteSQL - ExecuteSQL[id=b89b1996-21d2-4d5f-93e9-41a56eb9cc1c] FlowFile[116,90464295329815.mockFlowFile,291B] contains 5 records; transferring to 'success'
[pool-1930-thread-1] INFO org.apache.nifi.processors.standard.ExecuteSQL - ExecuteSQL[id=b89b1996-21d2-4d5f-93e9-41a56eb9cc1c] FlowFile[117,90464295329815.mockFlowFile,291B] contains 5 records; transferring to 'success'
[pool-1930-thread-1] INFO org.apache.nifi.processors.standard.ExecuteSQL - ExecuteSQL[id=b89b1996-21d2-4d5f-93e9-41a56eb9cc1c] FlowFile[118,90464295329815.mockFlowFile,291B] contains 5 records; transferring to 'success'
[pool-1930-thread-1] INFO org.apache.nifi.processors.standard.ExecuteSQL - ExecuteSQL[id=b89b1996-21d2-4d5f-93e9-41a56eb9cc1c] FlowFile[119,90464295329815.mockFlowFile,291B] contains 5 records; transferring to 'success'
[pool-1930-thread-1] INFO org.apache.nifi.processors.standard.ExecuteSQL - ExecuteSQL[id=b89b1996-21d2-4d5f-93e9-41a56eb9cc1c] FlowFile[120,90464295329815.mockFlowFile,291B] contains 5 records; transferring to 'success'
[pool-1930-thread-1] INFO org.apache.nifi.processors.standard.ExecuteSQL - ExecuteSQL[id=b89b1996-21d2-4d5f-93e9-41a56eb9cc1c] FlowFile[121,90464295329815.mockFlowFile,291B] contains 5 records; transferring to 'success'
[pool-1930-thread-1] INFO org.apache.nifi.processors.standard.ExecuteSQL - ExecuteSQL[id=b89b1996-21d2-4d5f-93e9-41a56eb9cc1c] FlowFile[122,90464295329815.mockFlowFile,291B] contains 5 records; transferring to 'success'
[pool-1930-thread-1] INFO org.apache.nifi.processors.standard.ExecuteSQL - ExecuteSQL[id=b89b1996-21d2-4d5f-93e9-41a56eb9cc1c] FlowFile[123,90464295329815.mockFlowFile,291B] contains 5 records; transferring to 'success'
[pool-1930-thread-1] INFO org.apache.nifi.processors.standard.ExecuteSQL - ExecuteSQL[id=b89b1996-21d2-4d5f-93e9-41a56eb9cc1c] FlowFile[124,90464295329815.mockFlowFile,291B] contains 5 records; transferring to 'success'
[pool-1930-thread-1] INFO org.apache.nifi.processors.standard.ExecuteSQL - ExecuteSQL[id=b89b1996-21d2-4d5f-93e9-41a56eb9cc1c] FlowFile[125,90464295329815.mockFlowFile,291B] contains 5 records; transferring to 'success'
[pool-1930-thread-1] INFO org.apache.nifi.processors.standard.ExecuteSQL - ExecuteSQL[id=b89b1996-21d2-4d5f-93e9-41a56eb9cc1c] FlowFile[126,90464295329815.mockFlowFile,291B] contains 5 records; transferring to 'success'
[pool-1930-thread-1] INFO org.apache.nifi.processors.standard.ExecuteSQL - ExecuteSQL[id=b89b1996-21d2-4d5f-93e9-41a56eb9cc1c] FlowFile[127,90464295329815.mockFlowFile,291B] contains 5 records; transferring to 'success'
[pool-1930-thread-1] INFO org.apache.nifi.processors.standard.ExecuteSQL - ExecuteSQL[id=b89b1996-21d2-4d5f-93e9-41a56eb9cc1c] FlowFile[128,90464295329815.mockFlowFile,291B] contains 5 records; transferring to 'success'
[pool-1930-thread-1] INFO org.apache.nifi.processors.standard.ExecuteSQL - ExecuteSQL[id=b89b1996-21d2-4d5f-93e9-41a56eb9cc1c] FlowFile[129,90464295329815.mockFlowFile,291B] contains 5 records; transferring to 'success'
[pool-1930-thread-1] INFO org.apache.nifi.processors.standard.ExecuteSQL - ExecuteSQL[id=b89b1996-21d2-4d5f-93e9-41a56eb9cc1c] FlowFile[130,90464295329815.mockFlowFile,291B] contains 5 records; transferring to 'success'
[pool-1930-thread-1] INFO org.apache.nifi.processors.standard.ExecuteSQL - ExecuteSQL[id=b89b1996-21d2-4d5f-93e9-41a56eb9cc1c] FlowFile[131,90464295329815.mockFlowFile,291B] contains 5 records; transferring to 'success'
[pool-1930-thread-1] INFO org.apache.nifi.processors.standard.ExecuteSQL - ExecuteSQL[id=b89b1996-21d2-4d5f-93e9-41a56eb9cc1c] FlowFile[132,90464295329815.mockFlowFile,291B] contains 5 records; transferring to 'success'
[pool-1930-thread-1] INFO org.apache.nifi.processors.standard.ExecuteSQL - ExecuteSQL[id=b89b1996-21d2-4d5f-93e9-41a56eb9cc1c] FlowFile[133,90464295329815.mockFlowFile,291B] contains 5 records; transferring to 'success'
[pool-1930-thread-1] INFO org.apache.nifi.processors.standard.ExecuteSQL - ExecuteSQL[id=b89b1996-21d2-4d5f-93e9-41a56eb9cc1c] FlowFile[134,90464295329815.mockFlowFile,291B] contains 5 records; transferring to 'success'
[pool-1930-thread-1] INFO org.apache.nifi.processors.standard.ExecuteSQL - ExecuteSQL[id=b89b1996-21d2-4d5f-93e9-41a56eb9cc1c] FlowFile[135,90464295329815.mockFlowFile,291B] contains 5 records; transferring to 'success'
[pool-1930-thread-1] INFO org.apache.nifi.processors.standard.ExecuteSQL - ExecuteSQL[id=b89b1996-21d2-4d5f-93e9-41a56eb9cc1c] FlowFile[136,90464295329815.mockFlowFile,291B] contains 5 records; transferring to 'success'
[pool-1930-thread-1] INFO org.apache.nifi.processors.standard.ExecuteSQL - ExecuteSQL[id=b89b1996-21d2-4d5f-93e9-41a56eb9cc1c] FlowFile[137,90464295329815.mockFlowFile,291B] contains 5 records; transferring to 'success'
[pool-1930-thread-1] INFO org.apache.nifi.processors.standard.ExecuteSQL - ExecuteSQL[id=b89b1996-21d2-4d5f-93e9-41a56eb9cc1c] FlowFile[138,90464295329815.mockFlowFile,291B] contains 5 records; transferring to 'success'
[pool-1930-thread-1] INFO org.apache.nifi.processors.standard.ExecuteSQL - ExecuteSQL[id=b89b1996-21d2-4d5f-93e9-41a56eb9cc1c] FlowFile[139,90464295329815.mockFlowFile,291B] contains 5 records; transferring to 'success'
[pool-1930-thread-1] INFO org.apache.nifi.processors.standard.ExecuteSQL - ExecuteSQL[id=b89b1996-21d2-4d5f-93e9-41a56eb9cc1c] FlowFile[140,90464295329815.mockFlowFile,291B] contains 5 records; transferring to 'success'
[pool-1930-thread-1] INFO org.apache.nifi.processors.standard.ExecuteSQL - ExecuteSQL[id=b89b1996-21d2-4d5f-93e9-41a56eb9cc1c] FlowFile[141,90464295329815.mockFlowFile,291B] contains 5 records; transferring to 'success'
[pool-1930-thread-1] INFO org.apache.nifi.processors.standard.ExecuteSQL - ExecuteSQL[id=b89b1996-21d2-4d5f-93e9-41a56eb9cc1c] FlowFile[142,90464295329815.mockFlowFile,291B] contains 5 records; transferring to 'success'
[pool-1930-thread-1] INFO org.apache.nifi.processors.standard.ExecuteSQL - ExecuteSQL[id=b89b1996-21d2-4d5f-93e9-41a56eb9cc1c] FlowFile[143,90464295329815.mockFlowFile,291B] contains 5 records; transferring to 'success'
[pool-1930-thread-1] INFO org.apache.nifi.processors.standard.ExecuteSQL - ExecuteSQL[id=b89b1996-21d2-4d5f-93e9-41a56eb9cc1c] FlowFile[144,90464295329815.mockFlowFile,291B] contains 5 records; transferring to 'success'
[pool-1930-thread-1] INFO org.apache.nifi.processors.standard.ExecuteSQL - ExecuteSQL[id=b89b1996-21d2-4d5f-93e9-41a56eb9cc1c] FlowFile[145,90464295329815.mockFlowFile,291B] contains 5 records; transferring to 'success'
[pool-1930-thread-1] INFO org.apache.nifi.processors.standard.ExecuteSQL - ExecuteSQL[id=b89b1996-21d2-4d5f-93e9-41a56eb9cc1c] FlowFile[146,90464295329815.mockFlowFile,291B] contains 5 records; transferring to 'success'
[pool-1930-thread-1] INFO org.apache.nifi.processors.standard.ExecuteSQL - ExecuteSQL[id=b89b1996-21d2-4d5f-93e9-41a56eb9cc1c] FlowFile[147,90464295329815.mockFlowFile,291B] contains 5 records; transferring to 'success'
[pool-1930-thread-1] INFO org.apache.nifi.processors.standard.ExecuteSQL - ExecuteSQL[id=b89b1996-21d2-4d5f-93e9-41a56eb9cc1c] FlowFile[148,90464295329815.mockFlowFile,291B] contains 5 records; transferring to 'success'
[pool-1930-thread-1] INFO org.apache.nifi.processors.standard.ExecuteSQL - ExecuteSQL[id=b89b1996-21d2-4d5f-93e9-41a56eb9cc1c] FlowFile[149,90464295329815.mockFlowFile,291B] contains 5 records; transferring to 'success'
[pool-1930-thread-1] INFO org.apache.nifi.processors.standard.ExecuteSQL - ExecuteSQL[id=b89b1996-21d2-4d5f-93e9-41a56eb9cc1c] FlowFile[150,90464295329815.mockFlowFile,291B] contains 5 records; transferring to 'success'
[pool-1930-thread-1] INFO org.apache.nifi.processors.standard.ExecuteSQL - ExecuteSQL[id=b89b1996-21d2-4d5f-93e9-41a56eb9cc1c] FlowFile[151,90464295329815.mockFlowFile,291B] contains 5 records; transferring to 'success'
[pool-1930-thread-1] INFO org.apache.nifi.processors.standard.ExecuteSQL - ExecuteSQL[id=b89b1996-21d2-4d5f-93e9-41a56eb9cc1c] FlowFile[152,90464295329815.mockFlowFile,291B] contains 5 records; transferring to 'success'
[pool-1930-thread-1] INFO org.apache.nifi.processors.standard.ExecuteSQL - ExecuteSQL[id=b89b1996-21d2-4d5f-93e9-41a56eb9cc1c] FlowFile[153,90464295329815.mockFlowFile,291B] contains 5 records; transferring to 'success'
[pool-1930-thread-1] INFO org.apache.nifi.processors.standard.ExecuteSQL - ExecuteSQL[id=b89b1996-21d2-4d5f-93e9-41a56eb9cc1c] FlowFile[154,90464295329815.mockFlowFile,291B] contains 5 records; transferring to 'success'
[pool-1930-thread-1] INFO org.apache.nifi.processors.standard.ExecuteSQL - ExecuteSQL[id=b89b1996-21d2-4d5f-93e9-41a56eb9cc1c] FlowFile[155,90464295329815.mockFlowFile,291B] contains 5 records; transferring to 'success'
[pool-1930-thread-1] INFO org.apache.nifi.processors.standard.ExecuteSQL - ExecuteSQL[id=b89b1996-21d2-4d5f-93e9-41a56eb9cc1c] FlowFile[156,90464295329815.mockFlowFile,291B] contains 5 records; transferring to 'success'
[pool-1930-thread-1] INFO org.apache.nifi.processors.standard.ExecuteSQL - ExecuteSQL[id=b89b1996-21d2-4d5f-93e9-41a56eb9cc1c] FlowFile[157,90464295329815.mockFlowFile,291B] contains 5 records; transferring to 'success'
[pool-1930-thread-1] INFO org.apache.nifi.processors.standard.ExecuteSQL - ExecuteSQL[id=b89b1996-21d2-4d5f-93e9-41a56eb9cc1c] FlowFile[158,90464295329815.mockFlowFile,291B] contains 5 records; transferring to 'success'
[pool-1930-thread-1] INFO org.apache.nifi.processors.standard.ExecuteSQL - ExecuteSQL[id=b89b1996-21d2-4d5f-93e9-41a56eb9cc1c] FlowFile[159,90464295329815.mockFlowFile,291B] contains 5 records; transferring to 'success'
[pool-1930-thread-1] INFO org.apache.nifi.processors.standard.ExecuteSQL - ExecuteSQL[id=b89b1996-21d2-4d5f-93e9-41a56eb9cc1c] FlowFile[160,90464295329815.mockFlowFile,291B] contains 5 records; transferring to 'success'
[pool-1930-thread-1] INFO org.apache.nifi.processors.standard.ExecuteSQL - ExecuteSQL[id=b89b1996-21d2-4d5f-93e9-41a56eb9cc1c] FlowFile[161,90464295329815.mockFlowFile,291B] contains 5 records; transferring to 'success'
[pool-1930-thread-1] INFO org.apache.nifi.processors.standard.ExecuteSQL - ExecuteSQL[id=b89b1996-21d2-4d5f-93e9-41a56eb9cc1c] FlowFile[162,90464295329815.mockFlowFile,291B] contains 5 records; transferring to 'success'
[pool-1930-thread-1] INFO org.apache.nifi.processors.standard.ExecuteSQL - ExecuteSQL[id=b89b1996-21d2-4d5f-93e9-41a56eb9cc1c] FlowFile[163,90464295329815.mockFlowFile,291B] contains 5 records; transferring to 'success'
[pool-1930-thread-1] INFO org.apache.nifi.processors.standard.ExecuteSQL - ExecuteSQL[id=b89b1996-21d2-4d5f-93e9-41a56eb9cc1c] FlowFile[164,90464295329815.mockFlowFile,291B] contains 5 records; transferring to 'success'
[pool-1930-thread-1] INFO org.apache.nifi.processors.standard.ExecuteSQL - ExecuteSQL[id=b89b1996-21d2-4d5f-93e9-41a56eb9cc1c] FlowFile[165,90464295329815.mockFlowFile,291B] contains 5 records; transferring to 'success'
[pool-1930-thread-1] INFO org.apache.nifi.processors.standard.ExecuteSQL - ExecuteSQL[id=b89b1996-21d2-4d5f-93e9-41a56eb9cc1c] FlowFile[166,90464295329815.mockFlowFile,291B] contains 5 records; transferring to 'success'
[pool-1930-thread-1] INFO org.apache.nifi.processors.standard.ExecuteSQL - ExecuteSQL[id=b89b1996-21d2-4d5f-93e9-41a56eb9cc1c] FlowFile[167,90464295329815.mockFlowFile,291B] contains 5 records; transferring to 'success'
[pool-1930-thread-1] INFO org.apache.nifi.processors.standard.ExecuteSQL - ExecuteSQL[id=b89b1996-21d2-4d5f-93e9-41a56eb9cc1c] FlowFile[168,90464295329815.mockFlowFile,291B] contains 5 records; transferring to 'success'
[pool-1930-thread-1] INFO org.apache.nifi.processors.standard.ExecuteSQL - ExecuteSQL[id=b89b1996-21d2-4d5f-93e9-41a56eb9cc1c] FlowFile[169,90464295329815.mockFlowFile,291B] contains 5 records; transferring to 'success'
[pool-1930-thread-1] INFO org.apache.nifi.processors.standard.ExecuteSQL - ExecuteSQL[id=b89b1996-21d2-4d5f-93e9-41a56eb9cc1c] FlowFile[170,90464295329815.mockFlowFile,291B] contains 5 records; transferring to 'success'
[pool-1930-thread-1] INFO org.apache.nifi.processors.standard.ExecuteSQL - ExecuteSQL[id=b89b1996-21d2-4d5f-93e9-41a56eb9cc1c] FlowFile[171,90464295329815.mockFlowFile,291B] contains 5 records; transferring to 'success'
[pool-1930-thread-1] INFO org.apache.nifi.processors.standard.ExecuteSQL - ExecuteSQL[id=b89b1996-21d2-4d5f-93e9-41a56eb9cc1c] FlowFile[172,90464295329815.mockFlowFile,291B] contains 5 records; transferring to 'success'
[pool-1930-thread-1] INFO org.apache.nifi.processors.standard.ExecuteSQL - ExecuteSQL[id=b89b1996-21d2-4d5f-93e9-41a56eb9cc1c] FlowFile[173,90464295329815.mockFlowFile,291B] contains 5 records; transferring to 'success'
[pool-1930-thread-1] INFO org.apache.nifi.processors.standard.ExecuteSQL - ExecuteSQL[id=b89b1996-21d2-4d5f-93e9-41a56eb9cc1c] FlowFile[174,90464295329815.mockFlowFile,291B] contains 5 records; transferring to 'success'
[pool-1930-thread-1] INFO org.apache.nifi.processors.standard.ExecuteSQL - ExecuteSQL[id=b89b1996-21d2-4d5f-93e9-41a56eb9cc1c] FlowFile[175,90464295329815.mockFlowFile,291B] contains 5 records; transferring to 'success'
[pool-1930-thread-1] INFO org.apache.nifi.processors.standard.ExecuteSQL - ExecuteSQL[id=b89b1996-21d2-4d5f-93e9-41a56eb9cc1c] FlowFile[176,90464295329815.mockFlowFile,291B] contains 5 records; transferring to 'success'
[pool-1930-thread-1] INFO org.apache.nifi.processors.standard.ExecuteSQL - ExecuteSQL[id=b89b1996-21d2-4d5f-93e9-41a56eb9cc1c] FlowFile[177,90464295329815.mockFlowFile,291B] contains 5 records; transferring to 'success'
[pool-1930-thread-1] INFO org.apache.nifi.processors.standard.ExecuteSQL - ExecuteSQL[id=b89b1996-21d2-4d5f-93e9-41a56eb9cc1c] FlowFile[178,90464295329815.mockFlowFile,291B] contains 5 records; transferring to 'success'
[pool-1930-thread-1] INFO org.apache.nifi.processors.standard.ExecuteSQL - ExecuteSQL[id=b89b1996-21d2-4d5f-93e9-41a56eb9cc1c] FlowFile[179,90464295329815.mockFlowFile,291B] contains 5 records; transferring to 'success'
[pool-1930-thread-1] INFO org.apache.nifi.processors.standard.ExecuteSQL - ExecuteSQL[id=b89b1996-21d2-4d5f-93e9-41a56eb9cc1c] FlowFile[180,90464295329815.mockFlowFile,291B] contains 5 records; transferring to 'success'
[pool-1930-thread-1] INFO org.apache.nifi.processors.standard.ExecuteSQL - ExecuteSQL[id=b89b1996-21d2-4d5f-93e9-41a56eb9cc1c] FlowFile[181,90464295329815.mockFlowFile,291B] contains 5 records; transferring to 'success'
[pool-1930-thread-1] INFO org.apache.nifi.processors.standard.ExecuteSQL - ExecuteSQL[id=b89b1996-21d2-4d5f-93e9-41a56eb9cc1c] FlowFile[182,90464295329815.mockFlowFile,291B] contains 5 records; transferring to 'success'
[pool-1930-thread-1] INFO org.apache.nifi.processors.standard.ExecuteSQL - ExecuteSQL[id=b89b1996-21d2-4d5f-93e9-41a56eb9cc1c] FlowFile[183,90464295329815.mockFlowFile,291B] contains 5 records; transferring to 'success'
[pool-1930-thread-1] INFO org.apache.nifi.processors.standard.ExecuteSQL - ExecuteSQL[id=b89b1996-21d2-4d5f-93e9-41a56eb9cc1c] FlowFile[184,90464295329815.mockFlowFile,291B] contains 5 records; transferring to 'success'
[pool-1930-thread-1] INFO org.apache.nifi.processors.standard.ExecuteSQL - ExecuteSQL[id=b89b1996-21d2-4d5f-93e9-41a56eb9cc1c] FlowFile[185,90464295329815.mockFlowFile,291B] contains 5 records; transferring to 'success'
[pool-1930-thread-1] INFO org.apache.nifi.processors.standard.ExecuteSQL - ExecuteSQL[id=b89b1996-21d2-4d5f-93e9-41a56eb9cc1c] FlowFile[186,90464295329815.mockFlowFile,291B] contains 5 records; transferring to 'success'
[pool-1930-thread-1] INFO org.apache.nifi.processors.standard.ExecuteSQL - ExecuteSQL[id=b89b1996-21d2-4d5f-93e9-41a56eb9cc1c] FlowFile[187,90464295329815.mockFlowFile,291B] contains 5 records; transferring to 'success'
[pool-1930-thread-1] INFO org.apache.nifi.processors.standard.ExecuteSQL - ExecuteSQL[id=b89b1996-21d2-4d5f-93e9-41a56eb9cc1c] FlowFile[188,90464295329815.mockFlowFile,291B] contains 5 records; transferring to 'success'
[pool-1930-thread-1] INFO org.apache.nifi.processors.standard.ExecuteSQL - ExecuteSQL[id=b89b1996-21d2-4d5f-93e9-41a56eb9cc1c] FlowFile[189,90464295329815.mockFlowFile,291B] contains 5 records; transferring to 'success'
[pool-1930-thread-1] INFO org.apache.nifi.processors.standard.ExecuteSQL - ExecuteSQL[id=b89b1996-21d2-4d5f-93e9-41a56eb9cc1c] FlowFile[190,90464295329815.mockFlowFile,291B] contains 5 records; transferring to 'success'
[pool-1930-thread-1] INFO org.apache.nifi.processors.standard.ExecuteSQL - ExecuteSQL[id=b89b1996-21d2-4d5f-93e9-41a56eb9cc1c] FlowFile[191,90464295329815.mockFlowFile,291B] contains 5 records; transferring to 'success'
[pool-1930-thread-1] INFO org.apache.nifi.processors.standard.ExecuteSQL - ExecuteSQL[id=b89b1996-21d2-4d5f-93e9-41a56eb9cc1c] FlowFile[192,90464295329815.mockFlowFile,291B] contains 5 records; transferring to 'success'
[pool-1930-thread-1] INFO org.apache.nifi.processors.standard.ExecuteSQL - ExecuteSQL[id=b89b1996-21d2-4d5f-93e9-41a56eb9cc1c] FlowFile[193,90464295329815.mockFlowFile,291B] contains 5 records; transferring to 'success'
[pool-1930-thread-1] INFO org.apache.nifi.processors.standard.ExecuteSQL - ExecuteSQL[id=b89b1996-21d2-4d5f-93e9-41a56eb9cc1c] FlowFile[194,90464295329815.mockFlowFile,291B] contains 5 records; transferring to 'success'
[pool-1930-thread-1] INFO org.apache.nifi.processors.standard.ExecuteSQL - ExecuteSQL[id=b89b1996-21d2-4d5f-93e9-41a56eb9cc1c] FlowFile[195,90464295329815.mockFlowFile,291B] contains 5 records; transferring to 'success'
[pool-1930-thread-1] INFO org.apache.nifi.processors.standard.ExecuteSQL - ExecuteSQL[id=b89b1996-21d2-4d5f-93e9-41a56eb9cc1c] FlowFile[196,90464295329815.mockFlowFile,291B] contains 5 records; transferring to 'success'
[pool-1930-thread-1] INFO org.apache.nifi.processors.standard.ExecuteSQL - ExecuteSQL[id=b89b1996-21d2-4d5f-93e9-41a56eb9cc1c] FlowFile[197,90464295329815.mockFlowFile,291B] contains 5 records; transferring to 'success'
[pool-1930-thread-1] INFO org.apache.nifi.processors.standard.ExecuteSQL - ExecuteSQL[id=b89b1996-21d2-4d5f-93e9-41a56eb9cc1c] FlowFile[198,90464295329815.mockFlowFile,291B] contains 5 records; transferring to 'success'
[pool-1930-thread-1] INFO org.apache.nifi.processors.standard.ExecuteSQL - ExecuteSQL[id=b89b1996-21d2-4d5f-93e9-41a56eb9cc1c] FlowFile[199,90464295329815.mockFlowFile,291B] contains 5 records; transferring to 'success'
[pool-1930-thread-1] INFO org.apache.nifi.processors.standard.ExecuteSQL - ExecuteSQL[id=b89b1996-21d2-4d5f-93e9-41a56eb9cc1c] FlowFile[200,90464295329815.mockFlowFile,291B] contains 5 records; transferring to 'success'
]]></system-err>
  </testcase>
  <testcase name="testWithSqlExceptionErrorProcessingResultSet" classname="org.apache.nifi.processors.standard.TestExecuteSQL" time="0.008">
    <system-err><![CDATA[[pool-1931-thread-1] DEBUG org.apache.nifi.processors.standard.ExecuteSQL - ExecuteSQL[id=d9795e79-3ee5-4f66-9725-98d2a8515e53] Executing query SELECT 1
[pool-1931-thread-1] ERROR org.apache.nifi.processors.standard.ExecuteSQL - ExecuteSQL[id=d9795e79-3ee5-4f66-9725-98d2a8515e53] Unable to execute SQL select query SELECT 1 for FlowFile[0,90464316745516.mockFlowFile,8B] due to org.apache.nifi.processor.exception.ProcessException: java.sql.SQLException: test execute statement failed; routing to failure: org.apache.nifi.processor.exception.ProcessException: java.sql.SQLException: test execute statement failed
org.apache.nifi.processor.exception.ProcessException: java.sql.SQLException: test execute statement failed
	at org.apache.nifi.processors.standard.sql.DefaultAvroSqlWriter.writeResultSet(DefaultAvroSqlWriter.java:51)
	at org.apache.nifi.processors.standard.AbstractExecuteSQL.lambda$onTrigger$1(AbstractExecuteSQL.java:302)
	at org.apache.nifi.util.MockProcessSession.write(MockProcessSession.java:907)
	at org.apache.nifi.util.MockProcessSession.write(MockProcessSession.java:67)
	at org.apache.nifi.processors.standard.AbstractExecuteSQL.onTrigger(AbstractExecuteSQL.java:300)
	at org.apache.nifi.processor.AbstractProcessor.onTrigger(AbstractProcessor.java:27)
	at org.apache.nifi.util.StandardProcessorTestRunner$RunProcessor.call(StandardProcessorTestRunner.java:284)
	at org.apache.nifi.util.StandardProcessorTestRunner$RunProcessor.call(StandardProcessorTestRunner.java:278)
	at java.util.concurrent.FutureTask.run(FutureTask.java:266)
	at java.util.concurrent.ScheduledThreadPoolExecutor$ScheduledFutureTask.access$201(ScheduledThreadPoolExecutor.java:180)
	at java.util.concurrent.ScheduledThreadPoolExecutor$ScheduledFutureTask.run(ScheduledThreadPoolExecutor.java:293)
	at java.util.concurrent.ThreadPoolExecutor.runWorker(ThreadPoolExecutor.java:1149)
	at java.util.concurrent.ThreadPoolExecutor$Worker.run(ThreadPoolExecutor.java:624)
	at java.lang.Thread.run(Thread.java:750)
Caused by: java.sql.SQLException: test execute statement failed
	at org.apache.nifi.util.db.JdbcCommon.createSchema(JdbcCommon.java:497)
	at org.apache.nifi.util.db.JdbcCommon.convertToAvroStream(JdbcCommon.java:251)
	at org.apache.nifi.processors.standard.sql.DefaultAvroSqlWriter.writeResultSet(DefaultAvroSqlWriter.java:49)
	... 13 more
]]></system-err>
  </testcase>
  <testcase name="testIncomingConnectionWithNoFlowFileAndNoQuery" classname="org.apache.nifi.processors.standard.TestExecuteSQL" time="0.001"/>
  <testcase name="testQueryTimeout" classname="org.apache.nifi.processors.standard.TestExecuteSQL" time="0.841">
    <system-out><![CDATA[JCIDDEH 
DDABGCFD IHJIGJ
EEJHJ C
]]></system-out>
    <system-err><![CDATA[[main] INFO org.apache.nifi.processors.standard.TestExecuteSQL - test data loaded
[pool-1933-thread-1] DEBUG org.apache.nifi.processors.standard.ExecuteSQL - ExecuteSQL[id=6384820e-ddf6-41eb-a01e-5942ae218b6e] Executing query select   PER.ID as PersonId, PER.NAME as PersonName, PER.CODE as PersonCode, PRD.ID as ProductId,PRD.NAME as ProductName,PRD.CODE as ProductCode, REL.ID as RelId,    REL.NAME as RelName,    REL.CODE as RelCode, ROW_NUMBER() OVER () as rownr  from persons PER, products PRD, relationships REL where PER.ID = 10
[pool-1933-thread-1] INFO org.apache.nifi.processors.standard.ExecuteSQL - ExecuteSQL[id=6384820e-ddf6-41eb-a01e-5942ae218b6e] FlowFile[1,90465034738577.mockFlowFile,1174898B] contains 20000 records; transferring to 'success'
[main] INFO org.apache.nifi.processors.standard.TestExecuteSQL - total nr of records from stream: 20000
]]></system-err>
  </testcase>
  <testcase name="testPreQueryFail" classname="org.apache.nifi.processors.standard.TestExecuteSQL" time="0.023">
    <system-err><![CDATA[[pool-1934-thread-1] ERROR org.apache.nifi.processors.standard.ExecuteSQL - ExecuteSQL[id=1c23a47b-0bf3-4c35-9690-26a84ce7997e] Unable to execute SQL select query CALL SYSCS_UTIL.SYSCS_SET_RUNTIMESTATISTICS() for FlowFile[0,90465181789696.mockFlowFile,4B] due to java.sql.SQLSyntaxErrorException: 'SYSCS_UTIL.SYSCS_SET_RUNTIMESTATISTICS' is not recognized as a function or procedure.; routing to failure: java.sql.SQLSyntaxErrorException: 'SYSCS_UTIL.SYSCS_SET_RUNTIMESTATISTICS' is not recognized as a function or procedure.
java.sql.SQLSyntaxErrorException: 'SYSCS_UTIL.SYSCS_SET_RUNTIMESTATISTICS' is not recognized as a function or procedure.
	at org.apache.derby.impl.jdbc.SQLExceptionFactory.getSQLException(Unknown Source)
	at org.apache.derby.impl.jdbc.Util.generateCsSQLException(Unknown Source)
	at org.apache.derby.impl.jdbc.TransactionResourceImpl.wrapInSQLException(Unknown Source)
	at org.apache.derby.impl.jdbc.TransactionResourceImpl.handleException(Unknown Source)
	at org.apache.derby.impl.jdbc.EmbedConnection.handleException(Unknown Source)
	at org.apache.derby.impl.jdbc.ConnectionChild.handleException(Unknown Source)
	at org.apache.derby.impl.jdbc.EmbedStatement.execute(Unknown Source)
	at org.apache.derby.impl.jdbc.EmbedStatement.execute(Unknown Source)
	at org.apache.nifi.processors.standard.AbstractExecuteSQL.executeConfigStatements(AbstractExecuteSQL.java:464)
	at org.apache.nifi.processors.standard.AbstractExecuteSQL.onTrigger(AbstractExecuteSQL.java:252)
	at org.apache.nifi.processor.AbstractProcessor.onTrigger(AbstractProcessor.java:27)
	at org.apache.nifi.util.StandardProcessorTestRunner$RunProcessor.call(StandardProcessorTestRunner.java:284)
	at org.apache.nifi.util.StandardProcessorTestRunner$RunProcessor.call(StandardProcessorTestRunner.java:278)
	at java.util.concurrent.FutureTask.run(FutureTask.java:266)
	at java.util.concurrent.ScheduledThreadPoolExecutor$ScheduledFutureTask.access$201(ScheduledThreadPoolExecutor.java:180)
	at java.util.concurrent.ScheduledThreadPoolExecutor$ScheduledFutureTask.run(ScheduledThreadPoolExecutor.java:293)
	at java.util.concurrent.ThreadPoolExecutor.runWorker(ThreadPoolExecutor.java:1149)
	at java.util.concurrent.ThreadPoolExecutor$Worker.run(ThreadPoolExecutor.java:624)
	at java.lang.Thread.run(Thread.java:750)
Caused by: ERROR 42Y03: 'SYSCS_UTIL.SYSCS_SET_RUNTIMESTATISTICS' is not recognized as a function or procedure.
	at org.apache.derby.iapi.error.StandardException.newException(Unknown Source)
	at org.apache.derby.iapi.error.StandardException.newException(Unknown Source)
	at org.apache.derby.impl.sql.compile.StaticMethodCallNode.bindExpressionMinion(Unknown Source)
	at org.apache.derby.impl.sql.compile.StaticMethodCallNode.bindExpression(Unknown Source)
	at org.apache.derby.impl.sql.compile.JavaToSQLValueNode.bindExpression(Unknown Source)
	at org.apache.derby.impl.sql.compile.CallStatementNode.bindStatement(Unknown Source)
	at org.apache.derby.impl.sql.GenericStatement.prepMinion(Unknown Source)
	at org.apache.derby.impl.sql.GenericStatement.prepare(Unknown Source)
	at org.apache.derby.impl.sql.conn.GenericLanguageConnectionContext.prepareInternalStatement(Unknown Source)
	... 13 more
]]></system-err>
  </testcase>
  <testcase name="testIncomingConnectionWithNoFlowFile" classname="org.apache.nifi.processors.standard.TestExecuteSQL" time="0.001"/>
  <testcase name="testWithNullIntColumn" classname="org.apache.nifi.processors.standard.TestExecuteSQL" time="0.022">
    <system-err><![CDATA[[pool-1936-thread-1] DEBUG org.apache.nifi.processors.standard.ExecuteSQL - ExecuteSQL[id=d5183d36-82e7-4c06-b7cd-9da70c677d70] Executing query SELECT * FROM TEST_NULL_INT
[pool-1936-thread-1] INFO org.apache.nifi.processors.standard.ExecuteSQL - ExecuteSQL[id=d5183d36-82e7-4c06-b7cd-9da70c677d70] FlowFile[0,90465207162025.mockFlowFile,267B] contains 2 records; transferring to 'success'
]]></system-err>
  </testcase>
  <testcase name="testNoIncomingConnectionAndNoQuery" classname="org.apache.nifi.processors.standard.TestExecuteSQL" time="0.001">
    <system-err><![CDATA[[main] ERROR org.apache.nifi.processors.standard.ExecuteSQL - ExecuteSQL[id=00c482fc-d079-4be3-8f53-62d5a24ea09e] Either the Select Query must be specified or there must be an incoming connection providing flowfile(s) containing a SQL select query
java.lang.reflect.InvocationTargetException
	at sun.reflect.GeneratedMethodAccessor126.invoke(Unknown Source)
	at sun.reflect.DelegatingMethodAccessorImpl.invoke(DelegatingMethodAccessorImpl.java:43)
	at java.lang.reflect.Method.invoke(Method.java:498)
	at org.apache.nifi.util.ReflectionUtils.invokeMethodsWithAnnotation(ReflectionUtils.java:68)
	at org.apache.nifi.util.StandardProcessorTestRunner.run(StandardProcessorTestRunner.java:203)
	at org.apache.nifi.util.StandardProcessorTestRunner.run(StandardProcessorTestRunner.java:185)
	at org.apache.nifi.util.StandardProcessorTestRunner.run(StandardProcessorTestRunner.java:180)
	at org.apache.nifi.util.StandardProcessorTestRunner.run(StandardProcessorTestRunner.java:175)
	at org.apache.nifi.util.StandardProcessorTestRunner.run(StandardProcessorTestRunner.java:170)
	at org.apache.nifi.processors.standard.TestExecuteSQL.testNoIncomingConnectionAndNoQuery(TestExecuteSQL.java:141)
	at sun.reflect.NativeMethodAccessorImpl.invoke0(Native Method)
	at sun.reflect.NativeMethodAccessorImpl.invoke(NativeMethodAccessorImpl.java:62)
	at sun.reflect.DelegatingMethodAccessorImpl.invoke(DelegatingMethodAccessorImpl.java:43)
	at java.lang.reflect.Method.invoke(Method.java:498)
	at org.junit.runners.model.FrameworkMethod$1.runReflectiveCall(FrameworkMethod.java:59)
	at org.junit.internal.runners.model.ReflectiveCallable.run(ReflectiveCallable.java:12)
	at org.junit.runners.model.FrameworkMethod.invokeExplosively(FrameworkMethod.java:56)
	at org.junit.internal.runners.statements.InvokeMethod.evaluate(InvokeMethod.java:17)
	at org.junit.internal.runners.statements.ExpectException.evaluate(ExpectException.java:19)
	at org.junit.internal.runners.statements.RunBefores.evaluate(RunBefores.java:26)
	at org.junit.runners.ParentRunner$3.evaluate(ParentRunner.java:306)
	at org.junit.runners.BlockJUnit4ClassRunner$1.evaluate(BlockJUnit4ClassRunner.java:100)
	at org.junit.runners.ParentRunner.runLeaf(ParentRunner.java:366)
	at org.junit.runners.BlockJUnit4ClassRunner.runChild(BlockJUnit4ClassRunner.java:103)
	at org.junit.runners.BlockJUnit4ClassRunner.runChild(BlockJUnit4ClassRunner.java:63)
	at org.junit.runners.ParentRunner$4.run(ParentRunner.java:331)
	at org.junit.runners.ParentRunner$1.schedule(ParentRunner.java:79)
	at org.junit.runners.ParentRunner.runChildren(ParentRunner.java:329)
	at org.junit.runners.ParentRunner.access$100(ParentRunner.java:66)
	at org.junit.runners.ParentRunner$2.evaluate(ParentRunner.java:293)
	at org.junit.internal.runners.statements.RunBefores.evaluate(RunBefores.java:26)
	at org.junit.runners.ParentRunner$3.evaluate(ParentRunner.java:306)
	at org.junit.runners.ParentRunner.run(ParentRunner.java:413)
	at org.junit.runner.JUnitCore.run(JUnitCore.java:137)
	at org.junit.runner.JUnitCore.run(JUnitCore.java:115)
	at org.junit.vintage.engine.execution.RunnerExecutor.execute(RunnerExecutor.java:43)
	at java.util.stream.ForEachOps$ForEachOp$OfRef.accept(ForEachOps.java:183)
	at java.util.stream.ReferencePipeline$3$1.accept(ReferencePipeline.java:193)
	at java.util.Iterator.forEachRemaining(Iterator.java:116)
	at java.util.Spliterators$IteratorSpliterator.forEachRemaining(Spliterators.java:1801)
	at java.util.stream.AbstractPipeline.copyInto(AbstractPipeline.java:482)
	at java.util.stream.AbstractPipeline.wrapAndCopyInto(AbstractPipeline.java:472)
	at java.util.stream.ForEachOps$ForEachOp.evaluateSequential(ForEachOps.java:150)
	at java.util.stream.ForEachOps$ForEachOp$OfRef.evaluateSequential(ForEachOps.java:173)
	at java.util.stream.AbstractPipeline.evaluate(AbstractPipeline.java:234)
	at java.util.stream.ReferencePipeline.forEach(ReferencePipeline.java:485)
	at org.junit.vintage.engine.VintageTestEngine.executeAllChildren(VintageTestEngine.java:82)
	at org.junit.vintage.engine.VintageTestEngine.execute(VintageTestEngine.java:73)
	at org.junit.platform.launcher.core.EngineExecutionOrchestrator.execute(EngineExecutionOrchestrator.java:108)
	at org.junit.platform.launcher.core.EngineExecutionOrchestrator.execute(EngineExecutionOrchestrator.java:88)
	at org.junit.platform.launcher.core.EngineExecutionOrchestrator.lambda$execute$0(EngineExecutionOrchestrator.java:54)
	at org.junit.platform.launcher.core.EngineExecutionOrchestrator.withInterceptedStreams(EngineExecutionOrchestrator.java:67)
	at org.junit.platform.launcher.core.EngineExecutionOrchestrator.execute(EngineExecutionOrchestrator.java:52)
	at org.junit.platform.launcher.core.DefaultLauncher.execute(DefaultLauncher.java:96)
	at org.junit.platform.launcher.core.DefaultLauncher.execute(DefaultLauncher.java:75)
	at org.apache.maven.surefire.junitplatform.JUnitPlatformProvider.execute(JUnitPlatformProvider.java:188)
	at org.apache.maven.surefire.junitplatform.JUnitPlatformProvider.invokeAllTests(JUnitPlatformProvider.java:154)
	at org.apache.maven.surefire.junitplatform.JUnitPlatformProvider.invoke(JUnitPlatformProvider.java:128)
	at org.apache.maven.surefire.booter.ForkedBooter.runSuitesInProcess(ForkedBooter.java:428)
	at org.apache.maven.surefire.booter.ForkedBooter.execute(ForkedBooter.java:162)
	at org.apache.maven.surefire.booter.ForkedBooter.run(ForkedBooter.java:562)
	at org.apache.maven.surefire.booter.ForkedBooter.main(ForkedBooter.java:548)
Caused by: org.apache.nifi.processor.exception.ProcessException: Either the Select Query must be specified or there must be an incoming connection providing flowfile(s) containing a SQL select query
	at org.apache.nifi.processors.standard.AbstractExecuteSQL.setup(AbstractExecuteSQL.java:193)
	... 62 more
]]></system-err>
  </testcase>
</testsuite>