<?xml version="1.0" encoding="UTF-8"?>
<testsuite xmlns:xsi="http://www.w3.org/2001/XMLSchema-instance" xsi:noNamespaceSchemaLocation="https://maven.apache.org/surefire/maven-surefire-plugin/xsd/surefire-test-report-3.0.xsd" version="3.0" name="org.apache.nifi.security.util.crypto.NiFiLegacyCipherProviderGroovyTest" time="0.16" tests="6" errors="0" skipped="1" failures="0">
  <properties>
    <property name="sun.desktop" value="gnome"/>
    <property name="awt.toolkit" value="sun.awt.X11.XToolkit"/>
    <property name="file.encoding.pkg" value="sun.io"/>
    <property name="java.specification.version" value="1.8"/>
    <property name="sun.cpu.isalist" value=""/>
    <property name="sun.jnu.encoding" value="UTF-8"/>
    <property name="java.class.path" value="/home/alex/Repositories/nifi/nifi-commons/nifi-security-utils/target/test-classes:/home/alex/Repositories/nifi/nifi-commons/nifi-security-utils/target/classes:/home/alex/Repositories/nifi/nifi-api/target/classes:/home/alex/Repositories/nifi/nifi-commons/nifi-utils/target/classes:/home/alex/Repositories/nifi/nifi-commons/nifi-security-utils-api/target/classes:/home/alex/Repositories/nifi/nifi-commons/nifi-security-kms/target/classes:/home/alex/.m2/repository/org/apache/commons/commons-lang3/3.12.0/commons-lang3-3.12.0.jar:/home/alex/.m2/repository/commons-codec/commons-codec/1.14/commons-codec-1.14.jar:/home/alex/.m2/repository/org/bouncycastle/bcprov-jdk15on/1.69/bcprov-jdk15on-1.69.jar:/home/alex/.m2/repository/org/bouncycastle/bcpkix-jdk15on/1.69/bcpkix-jdk15on-1.69.jar:/home/alex/.m2/repository/org/bouncycastle/bcutil-jdk15on/1.69/bcutil-jdk15on-1.69.jar:/home/alex/Repositories/nifi/nifi-commons/nifi-properties/target/classes:/home/alex/Repositories/nifi/nifi-commons/nifi-property-utils/target/classes:/home/alex/.m2/repository/at/favre/lib/bcrypt/0.9.0/bcrypt-0.9.0.jar:/home/alex/.m2/repository/at/favre/lib/bytes/1.3.0/bytes-1.3.0.jar:/home/alex/.m2/repository/org/apache/commons/commons-configuration2/2.7/commons-configuration2-2.7.jar:/home/alex/.m2/repository/org/apache/commons/commons-text/1.8/commons-text-1.8.jar:/home/alex/.m2/repository/org/slf4j/jcl-over-slf4j/1.7.32/jcl-over-slf4j-1.7.32.jar:/home/alex/.m2/repository/org/slf4j/slf4j-api/1.7.32/slf4j-api-1.7.32.jar:/home/alex/.m2/repository/org/junit/jupiter/junit-jupiter-api/5.7.2/junit-jupiter-api-5.7.2.jar:/home/alex/.m2/repository/org/apiguardian/apiguardian-api/1.1.0/apiguardian-api-1.1.0.jar:/home/alex/.m2/repository/org/opentest4j/opentest4j/1.2.0/opentest4j-1.2.0.jar:/home/alex/.m2/repository/org/junit/platform/junit-platform-commons/1.7.2/junit-platform-commons-1.7.2.jar:/home/alex/.m2/repository/org/junit/jupiter/junit-jupiter-engine/5.7.2/junit-jupiter-engine-5.7.2.jar:/home/alex/.m2/repository/org/junit/platform/junit-platform-engine/1.7.2/junit-platform-engine-1.7.2.jar:/home/alex/.m2/repository/org/junit/vintage/junit-vintage-engine/5.7.2/junit-vintage-engine-5.7.2.jar:/home/alex/.m2/repository/junit/junit/4.13.2/junit-4.13.2.jar:/home/alex/.m2/repository/org/hamcrest/hamcrest-core/1.3/hamcrest-core-1.3.jar:/home/alex/.m2/repository/org/junit/jupiter/junit-jupiter-params/5.7.2/junit-jupiter-params-5.7.2.jar:/home/alex/.m2/repository/org/mockito/mockito-core/3.11.2/mockito-core-3.11.2.jar:/home/alex/.m2/repository/net/bytebuddy/byte-buddy/1.11.3/byte-buddy-1.11.3.jar:/home/alex/.m2/repository/net/bytebuddy/byte-buddy-agent/1.11.3/byte-buddy-agent-1.11.3.jar:/home/alex/.m2/repository/org/objenesis/objenesis/3.2/objenesis-3.2.jar:/home/alex/.m2/repository/org/mockito/mockito-junit-jupiter/3.11.2/mockito-junit-jupiter-3.11.2.jar:/home/alex/.m2/repository/org/slf4j/slf4j-simple/1.7.32/slf4j-simple-1.7.32.jar:/home/alex/.m2/repository/org/codehaus/groovy/groovy-test/2.5.14/groovy-test-2.5.14.jar:/home/alex/.m2/repository/org/codehaus/groovy/groovy/2.5.14/groovy-2.5.14.jar:"/>
    <property name="java.vm.vendor" value="Private Build"/>
    <property name="sun.arch.data.model" value="64"/>
    <property name="java.vendor.url" value="http://java.oracle.com/"/>
    <property name="user.timezone" value=""/>
    <property name="java.vm.specification.version" value="1.8"/>
    <property name="os.name" value="Linux"/>
    <property name="user.country" value="US"/>
    <property name="sun.java.launcher" value="SUN_STANDARD"/>
    <property name="sun.boot.library.path" value="/usr/lib/jvm/java-8-openjdk-amd64/jre/lib/amd64"/>
    <property name="sun.java.command" value="/home/alex/Repositories/nifi/nifi-commons/nifi-security-utils/target/surefire/surefirebooter2484183974892880044.jar /home/alex/Repositories/nifi/nifi-commons/nifi-security-utils/target/surefire 2024-05-02T01-23-45_285-jvmRun1 surefire3200246400180549808tmp surefire_63750338899853254368tmp"/>
    <property name="surefire.test.class.path" value="/home/alex/Repositories/nifi/nifi-commons/nifi-security-utils/target/test-classes:/home/alex/Repositories/nifi/nifi-commons/nifi-security-utils/target/classes:/home/alex/Repositories/nifi/nifi-api/target/classes:/home/alex/Repositories/nifi/nifi-commons/nifi-utils/target/classes:/home/alex/Repositories/nifi/nifi-commons/nifi-security-utils-api/target/classes:/home/alex/Repositories/nifi/nifi-commons/nifi-security-kms/target/classes:/home/alex/.m2/repository/org/apache/commons/commons-lang3/3.12.0/commons-lang3-3.12.0.jar:/home/alex/.m2/repository/commons-codec/commons-codec/1.14/commons-codec-1.14.jar:/home/alex/.m2/repository/org/bouncycastle/bcprov-jdk15on/1.69/bcprov-jdk15on-1.69.jar:/home/alex/.m2/repository/org/bouncycastle/bcpkix-jdk15on/1.69/bcpkix-jdk15on-1.69.jar:/home/alex/.m2/repository/org/bouncycastle/bcutil-jdk15on/1.69/bcutil-jdk15on-1.69.jar:/home/alex/Repositories/nifi/nifi-commons/nifi-properties/target/classes:/home/alex/Repositories/nifi/nifi-commons/nifi-property-utils/target/classes:/home/alex/.m2/repository/at/favre/lib/bcrypt/0.9.0/bcrypt-0.9.0.jar:/home/alex/.m2/repository/at/favre/lib/bytes/1.3.0/bytes-1.3.0.jar:/home/alex/.m2/repository/org/apache/commons/commons-configuration2/2.7/commons-configuration2-2.7.jar:/home/alex/.m2/repository/org/apache/commons/commons-text/1.8/commons-text-1.8.jar:/home/alex/.m2/repository/org/slf4j/jcl-over-slf4j/1.7.32/jcl-over-slf4j-1.7.32.jar:/home/alex/.m2/repository/org/slf4j/slf4j-api/1.7.32/slf4j-api-1.7.32.jar:/home/alex/.m2/repository/org/junit/jupiter/junit-jupiter-api/5.7.2/junit-jupiter-api-5.7.2.jar:/home/alex/.m2/repository/org/apiguardian/apiguardian-api/1.1.0/apiguardian-api-1.1.0.jar:/home/alex/.m2/repository/org/opentest4j/opentest4j/1.2.0/opentest4j-1.2.0.jar:/home/alex/.m2/repository/org/junit/platform/junit-platform-commons/1.7.2/junit-platform-commons-1.7.2.jar:/home/alex/.m2/repository/org/junit/jupiter/junit-jupiter-engine/5.7.2/junit-jupiter-engine-5.7.2.jar:/home/alex/.m2/repository/org/junit/platform/junit-platform-engine/1.7.2/junit-platform-engine-1.7.2.jar:/home/alex/.m2/repository/org/junit/vintage/junit-vintage-engine/5.7.2/junit-vintage-engine-5.7.2.jar:/home/alex/.m2/repository/junit/junit/4.13.2/junit-4.13.2.jar:/home/alex/.m2/repository/org/hamcrest/hamcrest-core/1.3/hamcrest-core-1.3.jar:/home/alex/.m2/repository/org/junit/jupiter/junit-jupiter-params/5.7.2/junit-jupiter-params-5.7.2.jar:/home/alex/.m2/repository/org/mockito/mockito-core/3.11.2/mockito-core-3.11.2.jar:/home/alex/.m2/repository/net/bytebuddy/byte-buddy/1.11.3/byte-buddy-1.11.3.jar:/home/alex/.m2/repository/net/bytebuddy/byte-buddy-agent/1.11.3/byte-buddy-agent-1.11.3.jar:/home/alex/.m2/repository/org/objenesis/objenesis/3.2/objenesis-3.2.jar:/home/alex/.m2/repository/org/mockito/mockito-junit-jupiter/3.11.2/mockito-junit-jupiter-3.11.2.jar:/home/alex/.m2/repository/org/slf4j/slf4j-simple/1.7.32/slf4j-simple-1.7.32.jar:/home/alex/.m2/repository/org/codehaus/groovy/groovy-test/2.5.14/groovy-test-2.5.14.jar:/home/alex/.m2/repository/org/codehaus/groovy/groovy/2.5.14/groovy-2.5.14.jar:"/>
    <property name="sun.cpu.endian" value="little"/>
    <property name="user.home" value="/home/alex"/>
    <property name="user.language" value="en"/>
    <property name="java.specification.vendor" value="Oracle Corporation"/>
    <property name="java.home" value="/usr/lib/jvm/java-8-openjdk-amd64/jre"/>
    <property name="basedir" value="/home/alex/Repositories/nifi/nifi-commons/nifi-security-utils"/>
    <property name="file.separator" value="/"/>
    <property name="line.separator" value="&#10;"/>
    <property name="java.vm.specification.vendor" value="Oracle Corporation"/>
    <property name="java.specification.name" value="Java Platform API Specification"/>
    <property name="java.awt.graphicsenv" value="sun.awt.X11GraphicsEnvironment"/>
    <property name="java.awt.headless" value="true"/>
    <property name="surefire.real.class.path" value="/home/alex/Repositories/nifi/nifi-commons/nifi-security-utils/target/surefire/surefirebooter2484183974892880044.jar"/>
    <property name="sun.boot.class.path" value="/usr/lib/jvm/java-8-openjdk-amd64/jre/lib/resources.jar:/usr/lib/jvm/java-8-openjdk-amd64/jre/lib/rt.jar:/usr/lib/jvm/java-8-openjdk-amd64/jre/lib/sunrsasign.jar:/usr/lib/jvm/java-8-openjdk-amd64/jre/lib/jsse.jar:/usr/lib/jvm/java-8-openjdk-amd64/jre/lib/jce.jar:/usr/lib/jvm/java-8-openjdk-amd64/jre/lib/charsets.jar:/usr/lib/jvm/java-8-openjdk-amd64/jre/lib/jfr.jar:/usr/lib/jvm/java-8-openjdk-amd64/jre/classes"/>
    <property name="sun.management.compiler" value="HotSpot 64-Bit Tiered Compilers"/>
    <property name="java.runtime.version" value="1.8.0_402-8u402-ga-2ubuntu1~22.04-b06"/>
    <property name="java.net.preferIPv4Stack" value="true"/>
    <property name="user.name" value="alex"/>
    <property name="path.separator" value=":"/>
    <property name="os.version" value="6.5.0-28-generic"/>
    <property name="java.endorsed.dirs" value="/usr/lib/jvm/java-8-openjdk-amd64/jre/lib/endorsed"/>
    <property name="java.runtime.name" value="OpenJDK Runtime Environment"/>
    <property name="file.encoding" value="UTF-8"/>
    <property name="java.vm.name" value="OpenJDK 64-Bit Server VM"/>
    <property name="localRepository" value="/home/alex/.m2/repository"/>
    <property name="java.vendor.url.bug" value="http://bugreport.sun.com/bugreport/"/>
    <property name="java.io.tmpdir" value="/tmp"/>
    <property name="java.version" value="1.8.0_402"/>
    <property name="user.dir" value="/home/alex/Repositories/nifi/nifi-commons/nifi-security-utils"/>
    <property name="os.arch" value="amd64"/>
    <property name="java.vm.specification.name" value="Java Virtual Machine Specification"/>
    <property name="java.awt.printerjob" value="sun.print.PSPrinterJob"/>
    <property name="sun.os.patch.level" value="unknown"/>
    <property name="java.library.path" value="/usr/java/packages/lib/amd64:/usr/lib/x86_64-linux-gnu/jni:/lib/x86_64-linux-gnu:/usr/lib/x86_64-linux-gnu:/usr/lib/jni:/lib:/usr/lib"/>
    <property name="java.vm.info" value="mixed mode"/>
    <property name="java.vendor" value="Private Build"/>
    <property name="java.vm.version" value="25.402-b06"/>
    <property name="java.specification.maintenance.version" value="5"/>
    <property name="java.ext.dirs" value="/usr/lib/jvm/java-8-openjdk-amd64/jre/lib/ext:/usr/java/packages/lib/ext"/>
    <property name="sun.io.unicode.encoding" value="UnicodeLittle"/>
    <property name="java.class.version" value="52.0"/>
  </properties>
  <testcase name="testGetCipherShouldSupportLegacyCode" classname="org.apache.nifi.security.util.crypto.NiFiLegacyCipherProviderGroovyTest" time="0.083">
    <system-err><![CDATA[[main] INFO org.apache.nifi.security.util.crypto.NiFiLegacyCipherProviderGroovyTest - Using algorithm: PBEWITHMD5AND128BITAES-CBC-OPENSSL
[main] INFO org.apache.nifi.security.util.crypto.NiFiLegacyCipherProviderGroovyTest - Generated salt a78a6be6e250e275abab2d4bdc1e8263 (16)
[main] INFO org.apache.nifi.security.util.crypto.NiFiLegacyCipherProviderGroovyTest - Cipher text: e05886ba281275705700ebd0c463a951a96e61ee1bd16413c31bd58e4c763209 32
[main] INFO org.apache.nifi.security.util.crypto.NiFiLegacyCipherProviderGroovyTest - Using algorithm: PBEWITHMD5ANDDES
[main] INFO org.apache.nifi.security.util.crypto.NiFiLegacyCipherProviderGroovyTest - Generated salt e80f20df0b493d0c (8)
[main] INFO org.apache.nifi.security.util.crypto.NiFiLegacyCipherProviderGroovyTest - Cipher text: dfed0bb3e7db7a887e84fd130e4ec8d8107eee026714bbf7a3a5d5a9cb860055 32
[main] INFO org.apache.nifi.security.util.crypto.NiFiLegacyCipherProviderGroovyTest - Using algorithm: PBEWITHMD5ANDRC2
[main] INFO org.apache.nifi.security.util.crypto.NiFiLegacyCipherProviderGroovyTest - Generated salt e3b009f045fc71d2 (8)
[main] INFO org.apache.nifi.security.util.crypto.NiFiLegacyCipherProviderGroovyTest - Cipher text: 26f91c58fc9449efc3e5cdb798eddfedf909a655071fc506436f05353c6ecd0d 32
[main] INFO org.apache.nifi.security.util.crypto.NiFiLegacyCipherProviderGroovyTest - Using algorithm: PBEWITHSHA1ANDRC2
[main] INFO org.apache.nifi.security.util.crypto.NiFiLegacyCipherProviderGroovyTest - Generated salt c3f3431e20355ede (8)
[main] INFO org.apache.nifi.security.util.crypto.NiFiLegacyCipherProviderGroovyTest - Cipher text: c3fb3017c9dc57fb8337d7b3e2ae64a20b1752533b468137e4b656646166732b 32
[main] INFO org.apache.nifi.security.util.crypto.NiFiLegacyCipherProviderGroovyTest - Using algorithm: PBEWITHSHA1ANDDES
[main] INFO org.apache.nifi.security.util.crypto.NiFiLegacyCipherProviderGroovyTest - Generated salt a1b10b9626d04acf (8)
[main] INFO org.apache.nifi.security.util.crypto.NiFiLegacyCipherProviderGroovyTest - Cipher text: 890c7d6ae2210f67ecec0cc5c706dd797242dabb0cce2d0c36c3e0ca7b5656a7 32
[main] INFO org.apache.nifi.security.util.crypto.NiFiLegacyCipherProviderGroovyTest - Using algorithm: PBEWITHSHAAND128BITAES-CBC-BC
[main] INFO org.apache.nifi.security.util.crypto.NiFiLegacyCipherProviderGroovyTest - Generated salt 842aab2a2236999afec75bb89bbe4499 (16)
[main] INFO org.apache.nifi.security.util.crypto.NiFiLegacyCipherProviderGroovyTest - Cipher text: 6ba9c6641ee43cff80b327c3f800881db8bf9810b4d445b5924f0b72e652ae14 32
[main] INFO org.apache.nifi.security.util.crypto.NiFiLegacyCipherProviderGroovyTest - Using algorithm: PBEWITHSHAAND40BITRC2-CBC
[main] INFO org.apache.nifi.security.util.crypto.NiFiLegacyCipherProviderGroovyTest - Generated salt 173f7cdd5bb83ab5 (8)
[main] INFO org.apache.nifi.security.util.crypto.NiFiLegacyCipherProviderGroovyTest - Cipher text: 89b25cc73d6c5f6a6a137f621ed819421ca72adedfb189492cebcde6f96ce67d 32
[main] INFO org.apache.nifi.security.util.crypto.NiFiLegacyCipherProviderGroovyTest - Using algorithm: PBEWITHSHAAND128BITRC2-CBC
[main] INFO org.apache.nifi.security.util.crypto.NiFiLegacyCipherProviderGroovyTest - Generated salt bff668107eafb0e5 (8)
[main] INFO org.apache.nifi.security.util.crypto.NiFiLegacyCipherProviderGroovyTest - Cipher text: 26ba838272a718f8047433627c7b6cd27c380c5a020e49667b472e969a719265 32
[main] INFO org.apache.nifi.security.util.crypto.NiFiLegacyCipherProviderGroovyTest - Using algorithm: PBEWITHSHAAND40BITRC4
[main] INFO org.apache.nifi.security.util.crypto.NiFiLegacyCipherProviderGroovyTest - Generated salt e3f67943b8e0a416 (8)
[main] INFO org.apache.nifi.security.util.crypto.NiFiLegacyCipherProviderGroovyTest - Cipher text: f463ce645b6ba3489961c838437e4a460e2d0f7dc67e05acfc49c64a 28
[main] INFO org.apache.nifi.security.util.crypto.NiFiLegacyCipherProviderGroovyTest - Using algorithm: PBEWITHSHAAND128BITRC4
[main] INFO org.apache.nifi.security.util.crypto.NiFiLegacyCipherProviderGroovyTest - Generated salt 03ccca01eeba79ba (8)
[main] INFO org.apache.nifi.security.util.crypto.NiFiLegacyCipherProviderGroovyTest - Cipher text: 3ce6471cb5d30f80c823a311673cb2e71e572d1710c0ae86af7819b1 28
[main] INFO org.apache.nifi.security.util.crypto.NiFiLegacyCipherProviderGroovyTest - Using algorithm: PBEWITHSHA256AND128BITAES-CBC-BC
[main] INFO org.apache.nifi.security.util.crypto.NiFiLegacyCipherProviderGroovyTest - Generated salt c8ee06b97803732d633f690c0b921a52 (16)
[main] INFO org.apache.nifi.security.util.crypto.NiFiLegacyCipherProviderGroovyTest - Cipher text: 6f252cbdbd8fe9b2e89bbb0e18bd7e579595749d6a222b780588116f6578232e 32
[main] INFO org.apache.nifi.security.util.crypto.NiFiLegacyCipherProviderGroovyTest - Using algorithm: PBEWITHSHAAND2-KEYTRIPLEDES-CBC
[main] INFO org.apache.nifi.security.util.crypto.NiFiLegacyCipherProviderGroovyTest - Generated salt 1582c1d35d78bc19 (8)
[main] INFO org.apache.nifi.security.util.crypto.NiFiLegacyCipherProviderGroovyTest - Cipher text: 365bdd297532dbcc0167641d547a2f97154fd0f6b07693473b333e34dd61ae97 32
[main] INFO org.apache.nifi.security.util.crypto.NiFiLegacyCipherProviderGroovyTest - Using algorithm: PBEWITHSHAAND3-KEYTRIPLEDES-CBC
[main] INFO org.apache.nifi.security.util.crypto.NiFiLegacyCipherProviderGroovyTest - Generated salt 06af945c0160b65f (8)
[main] INFO org.apache.nifi.security.util.crypto.NiFiLegacyCipherProviderGroovyTest - Cipher text: e5e827bf6e2810f7bd2b88d30716d9feccc0f7fec660aa6841d5d91ec7435d10 32
[main] INFO org.apache.nifi.security.util.crypto.NiFiLegacyCipherProviderGroovyTest - Using algorithm: PBEWITHSHAANDTWOFISH-CBC
[main] INFO org.apache.nifi.security.util.crypto.NiFiLegacyCipherProviderGroovyTest - Generated salt 08298136c2ee6e8b180150e1ee3d82c2 (16)
[main] INFO org.apache.nifi.security.util.crypto.NiFiLegacyCipherProviderGroovyTest - Cipher text: 64841352f080e0aa74c11826e4b65be244d682a54d13c9385567e5dfce87bdb2 32
]]></system-err>
  </testcase>
  <testcase name="testGetCipherWithUnlimitedStrengthShouldBeInternallyConsistent" classname="org.apache.nifi.security.util.crypto.NiFiLegacyCipherProviderGroovyTest" time="0.035">
    <system-err><![CDATA[[main] INFO org.apache.nifi.security.util.crypto.NiFiLegacyCipherProviderGroovyTest - Using algorithm: PBEWITHMD5AND128BITAES-CBC-OPENSSL
[main] INFO org.apache.nifi.security.util.crypto.NiFiLegacyCipherProviderGroovyTest - Generated salt 8b483b2163f57600b0855292d9c4a376 (16)
[main] INFO org.apache.nifi.security.util.crypto.NiFiLegacyCipherProviderGroovyTest - Cipher text: 115b44e04f75e4a1ee5cdf97b2ebdbc1bc72e45cd5a5fa337a5529a44b7d78d7 32
[main] INFO org.apache.nifi.security.util.crypto.NiFiLegacyCipherProviderGroovyTest - Using algorithm: PBEWITHMD5AND192BITAES-CBC-OPENSSL
[main] INFO org.apache.nifi.security.util.crypto.NiFiLegacyCipherProviderGroovyTest - Generated salt 4874f5da8f07612c12916a51107b0c93 (16)
[main] INFO org.apache.nifi.security.util.crypto.NiFiLegacyCipherProviderGroovyTest - Cipher text: 81a5038c38ffa29ce0bee6bd1ddb1b3d44c6ba166d26e49c5f58cc875bccd13f 32
[main] INFO org.apache.nifi.security.util.crypto.NiFiLegacyCipherProviderGroovyTest - Using algorithm: PBEWITHMD5AND256BITAES-CBC-OPENSSL
[main] INFO org.apache.nifi.security.util.crypto.NiFiLegacyCipherProviderGroovyTest - Generated salt fc25f5a25663a9166cda896477c2c539 (16)
[main] INFO org.apache.nifi.security.util.crypto.NiFiLegacyCipherProviderGroovyTest - Cipher text: 416cdb07e6c8049ae9309037df37b0ad23ec5feb148b9ea650e49802f726af17 32
[main] INFO org.apache.nifi.security.util.crypto.NiFiLegacyCipherProviderGroovyTest - Using algorithm: PBEWITHMD5ANDDES
[main] INFO org.apache.nifi.security.util.crypto.NiFiLegacyCipherProviderGroovyTest - Generated salt f41e094560ca9cb3 (8)
[main] INFO org.apache.nifi.security.util.crypto.NiFiLegacyCipherProviderGroovyTest - Cipher text: 4772aa295be50394baeb84672e2fb533d187413035ffbcd70bcc72c6f594ba2d 32
[main] INFO org.apache.nifi.security.util.crypto.NiFiLegacyCipherProviderGroovyTest - Using algorithm: PBEWITHMD5ANDRC2
[main] INFO org.apache.nifi.security.util.crypto.NiFiLegacyCipherProviderGroovyTest - Generated salt 2833dff191681f76 (8)
[main] INFO org.apache.nifi.security.util.crypto.NiFiLegacyCipherProviderGroovyTest - Cipher text: 2ac5a228ccf216d46425a72d5d74a7519b02a1dcc7716d3cce89b7c3a874ad17 32
[main] INFO org.apache.nifi.security.util.crypto.NiFiLegacyCipherProviderGroovyTest - Using algorithm: PBEWITHSHA1ANDRC2
[main] INFO org.apache.nifi.security.util.crypto.NiFiLegacyCipherProviderGroovyTest - Generated salt ef3e4b5a1c6a1e73 (8)
[main] INFO org.apache.nifi.security.util.crypto.NiFiLegacyCipherProviderGroovyTest - Cipher text: da80ee8e0426ef3901791bebd211e0204a00f5b61014f8ad143f69bcb440dc15 32
[main] INFO org.apache.nifi.security.util.crypto.NiFiLegacyCipherProviderGroovyTest - Using algorithm: PBEWITHSHA1ANDDES
[main] INFO org.apache.nifi.security.util.crypto.NiFiLegacyCipherProviderGroovyTest - Generated salt 313d6adb75869527 (8)
[main] INFO org.apache.nifi.security.util.crypto.NiFiLegacyCipherProviderGroovyTest - Cipher text: f23422225e596a750e38ecbc0b5813c50f406432005d3cb757017fcea9c1f7f4 32
[main] INFO org.apache.nifi.security.util.crypto.NiFiLegacyCipherProviderGroovyTest - Using algorithm: PBEWITHSHAAND128BITAES-CBC-BC
[main] INFO org.apache.nifi.security.util.crypto.NiFiLegacyCipherProviderGroovyTest - Generated salt 9a2f9c1cc0801ff56beae571d752fd2c (16)
[main] INFO org.apache.nifi.security.util.crypto.NiFiLegacyCipherProviderGroovyTest - Cipher text: 48416c3d0fe4daadb92c70822773e756df40b278c7b391370dc2a6d13c005c8b 32
[main] INFO org.apache.nifi.security.util.crypto.NiFiLegacyCipherProviderGroovyTest - Using algorithm: PBEWITHSHAAND192BITAES-CBC-BC
[main] INFO org.apache.nifi.security.util.crypto.NiFiLegacyCipherProviderGroovyTest - Generated salt 20e76a7fa67243db1d8829db6e097405 (16)
[main] INFO org.apache.nifi.security.util.crypto.NiFiLegacyCipherProviderGroovyTest - Cipher text: 1860007d24355b5b3add0a92a23d426d4593fd806e70e75e0b1862bbd6ae6d07 32
[main] INFO org.apache.nifi.security.util.crypto.NiFiLegacyCipherProviderGroovyTest - Using algorithm: PBEWITHSHAAND256BITAES-CBC-BC
[main] INFO org.apache.nifi.security.util.crypto.NiFiLegacyCipherProviderGroovyTest - Generated salt 02e0bef642e5736d97ecaef5d4c5a7b7 (16)
[main] INFO org.apache.nifi.security.util.crypto.NiFiLegacyCipherProviderGroovyTest - Cipher text: 64856bf0479701a8c958e4c2f142c334b64429fb978fda926c41cb8c337c7cde 32
[main] INFO org.apache.nifi.security.util.crypto.NiFiLegacyCipherProviderGroovyTest - Using algorithm: PBEWITHSHAAND40BITRC2-CBC
[main] INFO org.apache.nifi.security.util.crypto.NiFiLegacyCipherProviderGroovyTest - Generated salt 0921a9f85c15def8 (8)
[main] INFO org.apache.nifi.security.util.crypto.NiFiLegacyCipherProviderGroovyTest - Cipher text: e9e75694ff150c2cde0f1adb533878a4aa9450a7606134d180704607dda4bc83 32
[main] INFO org.apache.nifi.security.util.crypto.NiFiLegacyCipherProviderGroovyTest - Using algorithm: PBEWITHSHAAND128BITRC2-CBC
[main] INFO org.apache.nifi.security.util.crypto.NiFiLegacyCipherProviderGroovyTest - Generated salt 48db7f833f54e9e5 (8)
[main] INFO org.apache.nifi.security.util.crypto.NiFiLegacyCipherProviderGroovyTest - Cipher text: c3ae45c9823011a6df6603c11c2f42c1b51095830d6e73287a517054ff8e4b89 32
[main] INFO org.apache.nifi.security.util.crypto.NiFiLegacyCipherProviderGroovyTest - Using algorithm: PBEWITHSHAAND40BITRC4
[main] INFO org.apache.nifi.security.util.crypto.NiFiLegacyCipherProviderGroovyTest - Generated salt 28b0039b489f7d8a (8)
[main] INFO org.apache.nifi.security.util.crypto.NiFiLegacyCipherProviderGroovyTest - Cipher text: d60420ee2a093db88a2d6a4cf24c1cf3df137c971e0c6629b19f0e76 28
[main] INFO org.apache.nifi.security.util.crypto.NiFiLegacyCipherProviderGroovyTest - Using algorithm: PBEWITHSHAAND128BITRC4
[main] INFO org.apache.nifi.security.util.crypto.NiFiLegacyCipherProviderGroovyTest - Generated salt ec1271fc69235033 (8)
[main] INFO org.apache.nifi.security.util.crypto.NiFiLegacyCipherProviderGroovyTest - Cipher text: 610cdd3fa4a87781d7d7aa2ad3ce70a6501c6e304fe3bbf926066d3b 28
[main] INFO org.apache.nifi.security.util.crypto.NiFiLegacyCipherProviderGroovyTest - Using algorithm: PBEWITHSHA256AND128BITAES-CBC-BC
[main] INFO org.apache.nifi.security.util.crypto.NiFiLegacyCipherProviderGroovyTest - Generated salt 2fddbe7295260f650e68d4eb6ac72c4e (16)
[main] INFO org.apache.nifi.security.util.crypto.NiFiLegacyCipherProviderGroovyTest - Cipher text: 5bbeb7e95e4c1d8248a7b49e23ca9c02e442b51b9af53bdf4a51408eb6219467 32
[main] INFO org.apache.nifi.security.util.crypto.NiFiLegacyCipherProviderGroovyTest - Using algorithm: PBEWITHSHA256AND192BITAES-CBC-BC
[main] INFO org.apache.nifi.security.util.crypto.NiFiLegacyCipherProviderGroovyTest - Generated salt 7b3e0a4b7c6b7749dc4d5aca57f53813 (16)
[main] INFO org.apache.nifi.security.util.crypto.NiFiLegacyCipherProviderGroovyTest - Cipher text: 3540b14b0f7822ab6e5129e0541be3210f6c42499a4cc23f3ff2351f891f24de 32
[main] INFO org.apache.nifi.security.util.crypto.NiFiLegacyCipherProviderGroovyTest - Using algorithm: PBEWITHSHA256AND256BITAES-CBC-BC
[main] INFO org.apache.nifi.security.util.crypto.NiFiLegacyCipherProviderGroovyTest - Generated salt ce0aee8e43e9961c544eb20cdfeb413d (16)
[main] INFO org.apache.nifi.security.util.crypto.NiFiLegacyCipherProviderGroovyTest - Cipher text: 94cf5db742c31347cad74ca9385a79dfc389c08436777ecd6a5a98dc973109f4 32
[main] INFO org.apache.nifi.security.util.crypto.NiFiLegacyCipherProviderGroovyTest - Using algorithm: PBEWITHSHAAND2-KEYTRIPLEDES-CBC
[main] INFO org.apache.nifi.security.util.crypto.NiFiLegacyCipherProviderGroovyTest - Generated salt b4c88b56aa8a63b3 (8)
[main] INFO org.apache.nifi.security.util.crypto.NiFiLegacyCipherProviderGroovyTest - Cipher text: 28d7709f1dc3f64412003123bcec083065da9014d37c328c578190ba05c6d602 32
[main] INFO org.apache.nifi.security.util.crypto.NiFiLegacyCipherProviderGroovyTest - Using algorithm: PBEWITHSHAAND3-KEYTRIPLEDES-CBC
[main] INFO org.apache.nifi.security.util.crypto.NiFiLegacyCipherProviderGroovyTest - Generated salt aae86405e431da11 (8)
[main] INFO org.apache.nifi.security.util.crypto.NiFiLegacyCipherProviderGroovyTest - Cipher text: 4ddc9f72376fcd7ad961f8083cf7942851637db2bd9d19c87d4d8a7a7d600f75 32
[main] INFO org.apache.nifi.security.util.crypto.NiFiLegacyCipherProviderGroovyTest - Using algorithm: PBEWITHSHAANDTWOFISH-CBC
[main] INFO org.apache.nifi.security.util.crypto.NiFiLegacyCipherProviderGroovyTest - Generated salt bc39c915e590f673c6e81c136b7784ea (16)
[main] INFO org.apache.nifi.security.util.crypto.NiFiLegacyCipherProviderGroovyTest - Cipher text: 8df212e662d2ebe9268d8195af2179eb1e5581df9345c51abe48174817c36a55 32
]]></system-err>
  </testcase>
  <testcase name="testGetCipherWithoutSaltShouldSupportLegacyCode" classname="org.apache.nifi.security.util.crypto.NiFiLegacyCipherProviderGroovyTest" time="0.024">
    <system-err><![CDATA[[main] INFO org.apache.nifi.security.util.crypto.NiFiLegacyCipherProviderGroovyTest - Using algorithm: PBEWITHMD5AND128BITAES-CBC-OPENSSL
[main] INFO org.apache.nifi.security.util.crypto.NiFiLegacyCipherProviderGroovyTest - Cipher text: b29275ae7f922502db83b1d1481274e4968562614236068154cb3f8a8535ef43 32
[main] INFO org.apache.nifi.security.util.crypto.NiFiLegacyCipherProviderGroovyTest - Using algorithm: PBEWITHMD5ANDDES
[main] INFO org.apache.nifi.security.util.crypto.NiFiLegacyCipherProviderGroovyTest - Cipher text: 9bfccd12e615fbd8fddb97079d871aa2da57947df6ae3f567598af5b0224037a 32
[main] INFO org.apache.nifi.security.util.crypto.NiFiLegacyCipherProviderGroovyTest - Using algorithm: PBEWITHMD5ANDRC2
[main] INFO org.apache.nifi.security.util.crypto.NiFiLegacyCipherProviderGroovyTest - Cipher text: 9438426d7406a7924c170f5f46899cbf9537fdf8da488dda856995c59b794294 32
[main] INFO org.apache.nifi.security.util.crypto.NiFiLegacyCipherProviderGroovyTest - Using algorithm: PBEWITHSHA1ANDRC2
[main] INFO org.apache.nifi.security.util.crypto.NiFiLegacyCipherProviderGroovyTest - Cipher text: f125b3e44d52f6de912a5751e83925c450ba2705158a95f6460939cf80f1afe7 32
[main] INFO org.apache.nifi.security.util.crypto.NiFiLegacyCipherProviderGroovyTest - Using algorithm: PBEWITHSHA1ANDDES
[main] INFO org.apache.nifi.security.util.crypto.NiFiLegacyCipherProviderGroovyTest - Cipher text: f162ad673ec43f24b3272bc2d37757e1ef80167ce76e611c374194d6a2cc2adf 32
[main] INFO org.apache.nifi.security.util.crypto.NiFiLegacyCipherProviderGroovyTest - Using algorithm: PBEWITHSHAAND128BITAES-CBC-BC
[main] INFO org.apache.nifi.security.util.crypto.NiFiLegacyCipherProviderGroovyTest - Cipher text: 58914107a592186a2397643c13cce17fad69110343252c5f873eaf739128d9e8 32
[main] INFO org.apache.nifi.security.util.crypto.NiFiLegacyCipherProviderGroovyTest - Using algorithm: PBEWITHSHAAND40BITRC2-CBC
[main] INFO org.apache.nifi.security.util.crypto.NiFiLegacyCipherProviderGroovyTest - Cipher text: d73a888b83d6c26c8be6cc9cba0162a37799cd3147299724a1c350da7d190924 32
[main] INFO org.apache.nifi.security.util.crypto.NiFiLegacyCipherProviderGroovyTest - Using algorithm: PBEWITHSHAAND128BITRC2-CBC
[main] INFO org.apache.nifi.security.util.crypto.NiFiLegacyCipherProviderGroovyTest - Cipher text: b9da62e30531556f9c2fbcba2b78c3e17973253bb96ce9d358af723825287ecd 32
[main] INFO org.apache.nifi.security.util.crypto.NiFiLegacyCipherProviderGroovyTest - Using algorithm: PBEWITHSHAAND40BITRC4
[main] INFO org.apache.nifi.security.util.crypto.NiFiLegacyCipherProviderGroovyTest - Cipher text: bd33da32fa5689232f115824753a01cecd4eafda8d4472e0180df20d 28
[main] INFO org.apache.nifi.security.util.crypto.NiFiLegacyCipherProviderGroovyTest - Using algorithm: PBEWITHSHAAND128BITRC4
[main] INFO org.apache.nifi.security.util.crypto.NiFiLegacyCipherProviderGroovyTest - Cipher text: 26b98ca6599319387ef636aef6f9b249f7fffc414a28264982d88faf 28
[main] INFO org.apache.nifi.security.util.crypto.NiFiLegacyCipherProviderGroovyTest - Using algorithm: PBEWITHSHA256AND128BITAES-CBC-BC
[main] INFO org.apache.nifi.security.util.crypto.NiFiLegacyCipherProviderGroovyTest - Cipher text: 7660f73f0a670e36864ea9a4740662e44fc0992be09a284de74cd41ccbce9b6a 32
[main] INFO org.apache.nifi.security.util.crypto.NiFiLegacyCipherProviderGroovyTest - Using algorithm: PBEWITHSHAAND2-KEYTRIPLEDES-CBC
[main] INFO org.apache.nifi.security.util.crypto.NiFiLegacyCipherProviderGroovyTest - Cipher text: ce6b9b5cc554409b7574a6f4e10b5b53cab1f436ba4d3b1af7299a4c5909069b 32
[main] INFO org.apache.nifi.security.util.crypto.NiFiLegacyCipherProviderGroovyTest - Using algorithm: PBEWITHSHAAND3-KEYTRIPLEDES-CBC
[main] INFO org.apache.nifi.security.util.crypto.NiFiLegacyCipherProviderGroovyTest - Cipher text: d3e41c3241ff7a0c238a7d73317a8a7b0ad1664855df1e722c5e6b89682c3cc4 32
[main] INFO org.apache.nifi.security.util.crypto.NiFiLegacyCipherProviderGroovyTest - Using algorithm: PBEWITHSHAANDTWOFISH-CBC
[main] INFO org.apache.nifi.security.util.crypto.NiFiLegacyCipherProviderGroovyTest - Cipher text: 4ca0e3f6e62cbc0f1ea7f00c2659b524ba3c357b5ad03f23a400ff83b4a57453 32
]]></system-err>
  </testcase>
  <testcase name="testGetCipherShouldBeInternallyConsistent" classname="org.apache.nifi.security.util.crypto.NiFiLegacyCipherProviderGroovyTest" time="0.006">
    <system-err><![CDATA[[main] INFO org.apache.nifi.security.util.crypto.NiFiLegacyCipherProviderGroovyTest - Using algorithm: PBEWITHMD5AND128BITAES-CBC-OPENSSL
[main] INFO org.apache.nifi.security.util.crypto.NiFiLegacyCipherProviderGroovyTest - Generated salt 4bdf760c0cf1d0842593a7d370dab5d1 (16)
[main] INFO org.apache.nifi.security.util.crypto.NiFiLegacyCipherProviderGroovyTest - Cipher text: a492310075297d342bbf4c628ac6696e398b728ffb38d4e3b55a322468ccde56 32
[main] INFO org.apache.nifi.security.util.crypto.NiFiLegacyCipherProviderGroovyTest - Using algorithm: PBEWITHMD5ANDDES
[main] INFO org.apache.nifi.security.util.crypto.NiFiLegacyCipherProviderGroovyTest - Generated salt e9fab514f9d20cd0 (8)
[main] INFO org.apache.nifi.security.util.crypto.NiFiLegacyCipherProviderGroovyTest - Cipher text: 88ab327bb9462ddf149508ec8a738697ed2957c0dc0c588ebb737e0661279319 32
[main] INFO org.apache.nifi.security.util.crypto.NiFiLegacyCipherProviderGroovyTest - Using algorithm: PBEWITHMD5ANDRC2
[main] INFO org.apache.nifi.security.util.crypto.NiFiLegacyCipherProviderGroovyTest - Generated salt 25e61e04cffdc489 (8)
[main] INFO org.apache.nifi.security.util.crypto.NiFiLegacyCipherProviderGroovyTest - Cipher text: 3c30bbd0d39ed8e994586256e6da483da865bed897fe4eb1d82b432f4424d266 32
[main] INFO org.apache.nifi.security.util.crypto.NiFiLegacyCipherProviderGroovyTest - Using algorithm: PBEWITHSHA1ANDRC2
[main] INFO org.apache.nifi.security.util.crypto.NiFiLegacyCipherProviderGroovyTest - Generated salt 6c0adcb80f2505dd (8)
[main] INFO org.apache.nifi.security.util.crypto.NiFiLegacyCipherProviderGroovyTest - Cipher text: df51d9fb002ac0a5369398eb15420493b1192a670016278c88c14de737984e78 32
[main] INFO org.apache.nifi.security.util.crypto.NiFiLegacyCipherProviderGroovyTest - Using algorithm: PBEWITHSHA1ANDDES
[main] INFO org.apache.nifi.security.util.crypto.NiFiLegacyCipherProviderGroovyTest - Generated salt 43fb7cbcac73b4b0 (8)
[main] INFO org.apache.nifi.security.util.crypto.NiFiLegacyCipherProviderGroovyTest - Cipher text: 256d4e88695fc17282690095da7733a9bc3755e71b82517a13d974733a7baaa1 32
[main] INFO org.apache.nifi.security.util.crypto.NiFiLegacyCipherProviderGroovyTest - Using algorithm: PBEWITHSHAAND128BITAES-CBC-BC
[main] WARN org.apache.nifi.security.util.crypto.NiFiLegacyCipherProviderGroovyTest - This test is skipped because the password length exceeds the undocumented limit BouncyCastle imposes on a JVM with limited strength crypto policies
[main] INFO org.apache.nifi.security.util.crypto.NiFiLegacyCipherProviderGroovyTest - Using algorithm: PBEWITHSHAAND40BITRC2-CBC
[main] WARN org.apache.nifi.security.util.crypto.NiFiLegacyCipherProviderGroovyTest - This test is skipped because the password length exceeds the undocumented limit BouncyCastle imposes on a JVM with limited strength crypto policies
[main] INFO org.apache.nifi.security.util.crypto.NiFiLegacyCipherProviderGroovyTest - Using algorithm: PBEWITHSHAAND128BITRC2-CBC
[main] WARN org.apache.nifi.security.util.crypto.NiFiLegacyCipherProviderGroovyTest - This test is skipped because the password length exceeds the undocumented limit BouncyCastle imposes on a JVM with limited strength crypto policies
[main] INFO org.apache.nifi.security.util.crypto.NiFiLegacyCipherProviderGroovyTest - Using algorithm: PBEWITHSHAAND40BITRC4
[main] WARN org.apache.nifi.security.util.crypto.NiFiLegacyCipherProviderGroovyTest - This test is skipped because the password length exceeds the undocumented limit BouncyCastle imposes on a JVM with limited strength crypto policies
[main] INFO org.apache.nifi.security.util.crypto.NiFiLegacyCipherProviderGroovyTest - Using algorithm: PBEWITHSHAAND128BITRC4
[main] WARN org.apache.nifi.security.util.crypto.NiFiLegacyCipherProviderGroovyTest - This test is skipped because the password length exceeds the undocumented limit BouncyCastle imposes on a JVM with limited strength crypto policies
[main] INFO org.apache.nifi.security.util.crypto.NiFiLegacyCipherProviderGroovyTest - Using algorithm: PBEWITHSHA256AND128BITAES-CBC-BC
[main] WARN org.apache.nifi.security.util.crypto.NiFiLegacyCipherProviderGroovyTest - This test is skipped because the password length exceeds the undocumented limit BouncyCastle imposes on a JVM with limited strength crypto policies
[main] INFO org.apache.nifi.security.util.crypto.NiFiLegacyCipherProviderGroovyTest - Using algorithm: PBEWITHSHAAND2-KEYTRIPLEDES-CBC
[main] WARN org.apache.nifi.security.util.crypto.NiFiLegacyCipherProviderGroovyTest - This test is skipped because the password length exceeds the undocumented limit BouncyCastle imposes on a JVM with limited strength crypto policies
[main] INFO org.apache.nifi.security.util.crypto.NiFiLegacyCipherProviderGroovyTest - Using algorithm: PBEWITHSHAAND3-KEYTRIPLEDES-CBC
[main] WARN org.apache.nifi.security.util.crypto.NiFiLegacyCipherProviderGroovyTest - This test is skipped because the password length exceeds the undocumented limit BouncyCastle imposes on a JVM with limited strength crypto policies
[main] INFO org.apache.nifi.security.util.crypto.NiFiLegacyCipherProviderGroovyTest - Using algorithm: PBEWITHSHAANDTWOFISH-CBC
[main] WARN org.apache.nifi.security.util.crypto.NiFiLegacyCipherProviderGroovyTest - This test is skipped because the password length exceeds the undocumented limit BouncyCastle imposes on a JVM with limited strength crypto policies
]]></system-err>
  </testcase>
  <testcase name="testShouldDetermineDependenceOnUnlimitedStrengthCrypto" classname="org.apache.nifi.security.util.crypto.NiFiLegacyCipherProviderGroovyTest" time="0">
    <skipped message="System property [legacyCipherTest] does not exist ==&gt; Only needed once to determine max supported password lengths"/>
  </testcase>
  <testcase name="testGetCipherShouldIgnoreKeyLength" classname="org.apache.nifi.security.util.crypto.NiFiLegacyCipherProviderGroovyTest" time="0.002">
    <system-err><![CDATA[[main] INFO org.apache.nifi.security.util.crypto.NiFiLegacyCipherProviderGroovyTest - Cipher text: 4b47f5f25c4f90db7b609e2d3afa0b6fcee3eb0aa7719ef71c295f9cf54d5033 32
[main] INFO org.apache.nifi.security.util.crypto.NiFiLegacyCipherProviderGroovyTest - Decrypting with 'requested' key length: -1
[main] INFO org.apache.nifi.security.util.crypto.NiFiLegacyCipherProviderGroovyTest - Decrypting with 'requested' key length: 40
[main] INFO org.apache.nifi.security.util.crypto.NiFiLegacyCipherProviderGroovyTest - Decrypting with 'requested' key length: 64
[main] INFO org.apache.nifi.security.util.crypto.NiFiLegacyCipherProviderGroovyTest - Decrypting with 'requested' key length: 128
[main] INFO org.apache.nifi.security.util.crypto.NiFiLegacyCipherProviderGroovyTest - Decrypting with 'requested' key length: 192
[main] INFO org.apache.nifi.security.util.crypto.NiFiLegacyCipherProviderGroovyTest - Decrypting with 'requested' key length: 256
]]></system-err>
  </testcase>
</testsuite>