<?xml version="1.0" encoding="UTF-8"?>
<testsuite xmlns:xsi="http://www.w3.org/2001/XMLSchema-instance" xsi:noNamespaceSchemaLocation="https://maven.apache.org/surefire/maven-surefire-plugin/xsd/surefire-test-report-3.0.xsd" version="3.0" name="org.apache.nifi.minifi.bootstrap.configuration.ingestors.PullHttpChangeIngestorSSLTest" time="1.538" tests="7" errors="0" skipped="0" failures="0">
  <properties>
    <property name="sun.desktop" value="gnome"/>
    <property name="awt.toolkit" value="sun.awt.X11.XToolkit"/>
    <property name="file.encoding.pkg" value="sun.io"/>
    <property name="java.specification.version" value="1.8"/>
    <property name="sun.cpu.isalist" value=""/>
    <property name="sun.jnu.encoding" value="UTF-8"/>
    <property name="java.class.path" value="/home/alex/Repositories/nifi/minifi/minifi-bootstrap/target/test-classes:/home/alex/Repositories/nifi/minifi/minifi-bootstrap/target/classes:/home/alex/.m2/repository/org/slf4j/slf4j-api/1.7.32/slf4j-api-1.7.32.jar:/home/alex/.m2/repository/ch/qos/logback/logback-classic/1.2.6/logback-classic-1.2.6.jar:/home/alex/.m2/repository/ch/qos/logback/logback-core/1.2.6/logback-core-1.2.6.jar:/home/alex/Repositories/nifi/nifi-api/target/classes:/home/alex/Repositories/nifi/nifi-commons/nifi-bootstrap-utils/target/classes:/home/alex/.m2/repository/net/java/dev/jna/jna-platform/4.4.0/jna-platform-4.4.0.jar:/home/alex/.m2/repository/net/java/dev/jna/jna/4.4.0/jna-4.4.0.jar:/home/alex/Repositories/nifi/nifi-nar-bundles/nifi-extension-utils/nifi-processor-utils/target/classes:/home/alex/Repositories/nifi/nifi-commons/nifi-security-socket-ssl/target/classes:/home/alex/.m2/repository/org/apache/commons/commons-lang3/3.9/commons-lang3-3.9.jar:/home/alex/.m2/repository/com/fasterxml/jackson/core/jackson-databind/2.12.3/jackson-databind-2.12.3.jar:/home/alex/.m2/repository/com/fasterxml/jackson/core/jackson-annotations/2.12.3/jackson-annotations-2.12.3.jar:/home/alex/.m2/repository/com/fasterxml/jackson/core/jackson-core/2.12.3/jackson-core-2.12.3.jar:/home/alex/Repositories/nifi/nifi-nar-bundles/nifi-standard-services/nifi-record-serialization-service-api/target/classes:/home/alex/Repositories/nifi/nifi-commons/nifi-record/target/classes:/home/alex/Repositories/nifi/nifi-nar-bundles/nifi-extension-utils/nifi-event-transport/target/classes:/home/alex/.m2/repository/io/netty/netty-handler/4.1.69.Final/netty-handler-4.1.69.Final.jar:/home/alex/.m2/repository/io/netty/netty-common/4.1.69.Final/netty-common-4.1.69.Final.jar:/home/alex/.m2/repository/io/netty/netty-resolver/4.1.69.Final/netty-resolver-4.1.69.Final.jar:/home/alex/.m2/repository/io/netty/netty-buffer/4.1.69.Final/netty-buffer-4.1.69.Final.jar:/home/alex/.m2/repository/io/netty/netty-transport/4.1.69.Final/netty-transport-4.1.69.Final.jar:/home/alex/.m2/repository/io/netty/netty-codec/4.1.69.Final/netty-codec-4.1.69.Final.jar:/home/alex/Repositories/nifi/nifi-commons/nifi-expression-language/target/classes:/home/alex/.m2/repository/org/antlr/antlr-runtime/3.5.2/antlr-runtime-3.5.2.jar:/home/alex/Repositories/nifi/nifi-commons/nifi-parameter/target/classes:/home/alex/Repositories/nifi/nifi-commons/nifi-uuid5/target/classes:/home/alex/.m2/repository/com/jayway/jsonpath/json-path/2.6.0/json-path-2.6.0.jar:/home/alex/.m2/repository/net/minidev/json-smart/2.4.7/json-smart-2.4.7.jar:/home/alex/.m2/repository/net/minidev/accessors-smart/2.4.7/accessors-smart-2.4.7.jar:/home/alex/.m2/repository/org/ow2/asm/asm/9.1/asm-9.1.jar:/home/alex/.m2/repository/org/apache/commons/commons-text/1.8/commons-text-1.8.jar:/home/alex/.m2/repository/commons-codec/commons-codec/1.10/commons-codec-1.10.jar:/home/alex/Repositories/nifi/minifi/minifi-commons/minifi-utils/target/classes:/home/alex/Repositories/nifi/nifi-commons/nifi-utils/target/classes:/home/alex/Repositories/nifi/nifi-commons/nifi-properties/target/classes:/home/alex/Repositories/nifi/nifi-commons/nifi-property-utils/target/classes:/home/alex/.m2/repository/org/yaml/snakeyaml/1.29/snakeyaml-1.29.jar:/home/alex/Repositories/nifi/minifi/minifi-commons/minifi-commons-schema/target/classes:/home/alex/.m2/repository/org/eclipse/jetty/jetty-server/9.4.44.v20210927/jetty-server-9.4.44.v20210927.jar:/home/alex/.m2/repository/javax/servlet/javax.servlet-api/3.1.0/javax.servlet-api-3.1.0.jar:/home/alex/.m2/repository/org/eclipse/jetty/jetty-http/9.4.44.v20210927/jetty-http-9.4.44.v20210927.jar:/home/alex/.m2/repository/org/eclipse/jetty/jetty-util/9.4.44.v20210927/jetty-util-9.4.44.v20210927.jar:/home/alex/.m2/repository/org/eclipse/jetty/jetty-io/9.4.44.v20210927/jetty-io-9.4.44.v20210927.jar:/home/alex/.m2/repository/org/eclipse/jetty/jetty-servlet/9.4.44.v20210927/jetty-servlet-9.4.44.v20210927.jar:/home/alex/.m2/repository/org/eclipse/jetty/jetty-security/9.4.44.v20210927/jetty-security-9.4.44.v20210927.jar:/home/alex/.m2/repository/org/eclipse/jetty/jetty-util-ajax/9.4.44.v20210927/jetty-util-ajax-9.4.44.v20210927.jar:/home/alex/.m2/repository/com/squareup/okhttp3/okhttp/3.12.3/okhttp-3.12.3.jar:/home/alex/.m2/repository/com/squareup/okio/okio/1.15.0/okio-1.15.0.jar:/home/alex/.m2/repository/commons-io/commons-io/2.10.0/commons-io-2.10.0.jar:/home/alex/.m2/repository/junit/junit/4.13.2/junit-4.13.2.jar:/home/alex/.m2/repository/org/hamcrest/hamcrest-core/1.3/hamcrest-core-1.3.jar:/home/alex/.m2/repository/org/mockito/mockito-all/1.10.19/mockito-all-1.10.19.jar:/home/alex/.m2/repository/org/slf4j/slf4j-simple/1.7.32/slf4j-simple-1.7.32.jar:/home/alex/.m2/repository/org/junit/jupiter/junit-jupiter-api/5.7.2/junit-jupiter-api-5.7.2.jar:/home/alex/.m2/repository/org/apiguardian/apiguardian-api/1.1.0/apiguardian-api-1.1.0.jar:/home/alex/.m2/repository/org/opentest4j/opentest4j/1.2.0/opentest4j-1.2.0.jar:/home/alex/.m2/repository/org/junit/platform/junit-platform-commons/1.7.2/junit-platform-commons-1.7.2.jar:/home/alex/.m2/repository/org/junit/jupiter/junit-jupiter-engine/5.7.2/junit-jupiter-engine-5.7.2.jar:/home/alex/.m2/repository/org/junit/platform/junit-platform-engine/1.7.2/junit-platform-engine-1.7.2.jar:/home/alex/.m2/repository/org/junit/vintage/junit-vintage-engine/5.7.2/junit-vintage-engine-5.7.2.jar:/home/alex/.m2/repository/org/junit/jupiter/junit-jupiter-params/5.7.2/junit-jupiter-params-5.7.2.jar:/home/alex/.m2/repository/org/mockito/mockito-core/3.11.2/mockito-core-3.11.2.jar:/home/alex/.m2/repository/net/bytebuddy/byte-buddy/1.11.3/byte-buddy-1.11.3.jar:/home/alex/.m2/repository/net/bytebuddy/byte-buddy-agent/1.11.3/byte-buddy-agent-1.11.3.jar:/home/alex/.m2/repository/org/objenesis/objenesis/3.2/objenesis-3.2.jar:/home/alex/.m2/repository/org/mockito/mockito-junit-jupiter/3.11.2/mockito-junit-jupiter-3.11.2.jar:/home/alex/.m2/repository/org/codehaus/groovy/groovy-test/2.5.14/groovy-test-2.5.14.jar:/home/alex/.m2/repository/org/codehaus/groovy/groovy/2.5.14/groovy-2.5.14.jar:"/>
    <property name="java.vm.vendor" value="Private Build"/>
    <property name="sun.arch.data.model" value="64"/>
    <property name="java.vendor.url" value="http://java.oracle.com/"/>
    <property name="user.timezone" value="Europe/Lisbon"/>
    <property name="java.vm.specification.version" value="1.8"/>
    <property name="os.name" value="Linux"/>
    <property name="user.country" value="US"/>
    <property name="sun.java.launcher" value="SUN_STANDARD"/>
    <property name="sun.boot.library.path" value="/usr/lib/jvm/java-8-openjdk-amd64/jre/lib/amd64"/>
    <property name="sun.java.command" value="/home/alex/Repositories/nifi/minifi/minifi-bootstrap/target/surefire/surefirebooter9035609157176473370.jar /home/alex/Repositories/nifi/minifi/minifi-bootstrap/target/surefire 2024-05-02T01-23-45_285-jvmRun1 surefire7430014280798465908tmp surefire_1822912697619789155176tmp"/>
    <property name="surefire.test.class.path" value="/home/alex/Repositories/nifi/minifi/minifi-bootstrap/target/test-classes:/home/alex/Repositories/nifi/minifi/minifi-bootstrap/target/classes:/home/alex/.m2/repository/org/slf4j/slf4j-api/1.7.32/slf4j-api-1.7.32.jar:/home/alex/.m2/repository/ch/qos/logback/logback-classic/1.2.6/logback-classic-1.2.6.jar:/home/alex/.m2/repository/ch/qos/logback/logback-core/1.2.6/logback-core-1.2.6.jar:/home/alex/Repositories/nifi/nifi-api/target/classes:/home/alex/Repositories/nifi/nifi-commons/nifi-bootstrap-utils/target/classes:/home/alex/.m2/repository/net/java/dev/jna/jna-platform/4.4.0/jna-platform-4.4.0.jar:/home/alex/.m2/repository/net/java/dev/jna/jna/4.4.0/jna-4.4.0.jar:/home/alex/Repositories/nifi/nifi-nar-bundles/nifi-extension-utils/nifi-processor-utils/target/classes:/home/alex/Repositories/nifi/nifi-commons/nifi-security-socket-ssl/target/classes:/home/alex/.m2/repository/org/apache/commons/commons-lang3/3.9/commons-lang3-3.9.jar:/home/alex/.m2/repository/com/fasterxml/jackson/core/jackson-databind/2.12.3/jackson-databind-2.12.3.jar:/home/alex/.m2/repository/com/fasterxml/jackson/core/jackson-annotations/2.12.3/jackson-annotations-2.12.3.jar:/home/alex/.m2/repository/com/fasterxml/jackson/core/jackson-core/2.12.3/jackson-core-2.12.3.jar:/home/alex/Repositories/nifi/nifi-nar-bundles/nifi-standard-services/nifi-record-serialization-service-api/target/classes:/home/alex/Repositories/nifi/nifi-commons/nifi-record/target/classes:/home/alex/Repositories/nifi/nifi-nar-bundles/nifi-extension-utils/nifi-event-transport/target/classes:/home/alex/.m2/repository/io/netty/netty-handler/4.1.69.Final/netty-handler-4.1.69.Final.jar:/home/alex/.m2/repository/io/netty/netty-common/4.1.69.Final/netty-common-4.1.69.Final.jar:/home/alex/.m2/repository/io/netty/netty-resolver/4.1.69.Final/netty-resolver-4.1.69.Final.jar:/home/alex/.m2/repository/io/netty/netty-buffer/4.1.69.Final/netty-buffer-4.1.69.Final.jar:/home/alex/.m2/repository/io/netty/netty-transport/4.1.69.Final/netty-transport-4.1.69.Final.jar:/home/alex/.m2/repository/io/netty/netty-codec/4.1.69.Final/netty-codec-4.1.69.Final.jar:/home/alex/Repositories/nifi/nifi-commons/nifi-expression-language/target/classes:/home/alex/.m2/repository/org/antlr/antlr-runtime/3.5.2/antlr-runtime-3.5.2.jar:/home/alex/Repositories/nifi/nifi-commons/nifi-parameter/target/classes:/home/alex/Repositories/nifi/nifi-commons/nifi-uuid5/target/classes:/home/alex/.m2/repository/com/jayway/jsonpath/json-path/2.6.0/json-path-2.6.0.jar:/home/alex/.m2/repository/net/minidev/json-smart/2.4.7/json-smart-2.4.7.jar:/home/alex/.m2/repository/net/minidev/accessors-smart/2.4.7/accessors-smart-2.4.7.jar:/home/alex/.m2/repository/org/ow2/asm/asm/9.1/asm-9.1.jar:/home/alex/.m2/repository/org/apache/commons/commons-text/1.8/commons-text-1.8.jar:/home/alex/.m2/repository/commons-codec/commons-codec/1.10/commons-codec-1.10.jar:/home/alex/Repositories/nifi/minifi/minifi-commons/minifi-utils/target/classes:/home/alex/Repositories/nifi/nifi-commons/nifi-utils/target/classes:/home/alex/Repositories/nifi/nifi-commons/nifi-properties/target/classes:/home/alex/Repositories/nifi/nifi-commons/nifi-property-utils/target/classes:/home/alex/.m2/repository/org/yaml/snakeyaml/1.29/snakeyaml-1.29.jar:/home/alex/Repositories/nifi/minifi/minifi-commons/minifi-commons-schema/target/classes:/home/alex/.m2/repository/org/eclipse/jetty/jetty-server/9.4.44.v20210927/jetty-server-9.4.44.v20210927.jar:/home/alex/.m2/repository/javax/servlet/javax.servlet-api/3.1.0/javax.servlet-api-3.1.0.jar:/home/alex/.m2/repository/org/eclipse/jetty/jetty-http/9.4.44.v20210927/jetty-http-9.4.44.v20210927.jar:/home/alex/.m2/repository/org/eclipse/jetty/jetty-util/9.4.44.v20210927/jetty-util-9.4.44.v20210927.jar:/home/alex/.m2/repository/org/eclipse/jetty/jetty-io/9.4.44.v20210927/jetty-io-9.4.44.v20210927.jar:/home/alex/.m2/repository/org/eclipse/jetty/jetty-servlet/9.4.44.v20210927/jetty-servlet-9.4.44.v20210927.jar:/home/alex/.m2/repository/org/eclipse/jetty/jetty-security/9.4.44.v20210927/jetty-security-9.4.44.v20210927.jar:/home/alex/.m2/repository/org/eclipse/jetty/jetty-util-ajax/9.4.44.v20210927/jetty-util-ajax-9.4.44.v20210927.jar:/home/alex/.m2/repository/com/squareup/okhttp3/okhttp/3.12.3/okhttp-3.12.3.jar:/home/alex/.m2/repository/com/squareup/okio/okio/1.15.0/okio-1.15.0.jar:/home/alex/.m2/repository/commons-io/commons-io/2.10.0/commons-io-2.10.0.jar:/home/alex/.m2/repository/junit/junit/4.13.2/junit-4.13.2.jar:/home/alex/.m2/repository/org/hamcrest/hamcrest-core/1.3/hamcrest-core-1.3.jar:/home/alex/.m2/repository/org/mockito/mockito-all/1.10.19/mockito-all-1.10.19.jar:/home/alex/.m2/repository/org/slf4j/slf4j-simple/1.7.32/slf4j-simple-1.7.32.jar:/home/alex/.m2/repository/org/junit/jupiter/junit-jupiter-api/5.7.2/junit-jupiter-api-5.7.2.jar:/home/alex/.m2/repository/org/apiguardian/apiguardian-api/1.1.0/apiguardian-api-1.1.0.jar:/home/alex/.m2/repository/org/opentest4j/opentest4j/1.2.0/opentest4j-1.2.0.jar:/home/alex/.m2/repository/org/junit/platform/junit-platform-commons/1.7.2/junit-platform-commons-1.7.2.jar:/home/alex/.m2/repository/org/junit/jupiter/junit-jupiter-engine/5.7.2/junit-jupiter-engine-5.7.2.jar:/home/alex/.m2/repository/org/junit/platform/junit-platform-engine/1.7.2/junit-platform-engine-1.7.2.jar:/home/alex/.m2/repository/org/junit/vintage/junit-vintage-engine/5.7.2/junit-vintage-engine-5.7.2.jar:/home/alex/.m2/repository/org/junit/jupiter/junit-jupiter-params/5.7.2/junit-jupiter-params-5.7.2.jar:/home/alex/.m2/repository/org/mockito/mockito-core/3.11.2/mockito-core-3.11.2.jar:/home/alex/.m2/repository/net/bytebuddy/byte-buddy/1.11.3/byte-buddy-1.11.3.jar:/home/alex/.m2/repository/net/bytebuddy/byte-buddy-agent/1.11.3/byte-buddy-agent-1.11.3.jar:/home/alex/.m2/repository/org/objenesis/objenesis/3.2/objenesis-3.2.jar:/home/alex/.m2/repository/org/mockito/mockito-junit-jupiter/3.11.2/mockito-junit-jupiter-3.11.2.jar:/home/alex/.m2/repository/org/codehaus/groovy/groovy-test/2.5.14/groovy-test-2.5.14.jar:/home/alex/.m2/repository/org/codehaus/groovy/groovy/2.5.14/groovy-2.5.14.jar:"/>
    <property name="sun.cpu.endian" value="little"/>
    <property name="user.home" value="/home/alex"/>
    <property name="user.language" value="en"/>
    <property name="java.specification.vendor" value="Oracle Corporation"/>
    <property name="java.home" value="/usr/lib/jvm/java-8-openjdk-amd64/jre"/>
    <property name="basedir" value="/home/alex/Repositories/nifi/minifi/minifi-bootstrap"/>
    <property name="file.separator" value="/"/>
    <property name="line.separator" value="&#10;"/>
    <property name="java.vm.specification.vendor" value="Oracle Corporation"/>
    <property name="java.specification.name" value="Java Platform API Specification"/>
    <property name="java.awt.graphicsenv" value="sun.awt.X11GraphicsEnvironment"/>
    <property name="java.awt.headless" value="true"/>
    <property name="surefire.real.class.path" value="/home/alex/Repositories/nifi/minifi/minifi-bootstrap/target/surefire/surefirebooter9035609157176473370.jar"/>
    <property name="sun.boot.class.path" value="/usr/lib/jvm/java-8-openjdk-amd64/jre/lib/resources.jar:/usr/lib/jvm/java-8-openjdk-amd64/jre/lib/rt.jar:/usr/lib/jvm/java-8-openjdk-amd64/jre/lib/sunrsasign.jar:/usr/lib/jvm/java-8-openjdk-amd64/jre/lib/jsse.jar:/usr/lib/jvm/java-8-openjdk-amd64/jre/lib/jce.jar:/usr/lib/jvm/java-8-openjdk-amd64/jre/lib/charsets.jar:/usr/lib/jvm/java-8-openjdk-amd64/jre/lib/jfr.jar:/usr/lib/jvm/java-8-openjdk-amd64/jre/classes"/>
    <property name="sun.management.compiler" value="HotSpot 64-Bit Tiered Compilers"/>
    <property name="java.runtime.version" value="1.8.0_402-8u402-ga-2ubuntu1~22.04-b06"/>
    <property name="java.net.preferIPv4Stack" value="true"/>
    <property name="user.name" value="alex"/>
    <property name="path.separator" value=":"/>
    <property name="os.version" value="6.5.0-28-generic"/>
    <property name="java.endorsed.dirs" value="/usr/lib/jvm/java-8-openjdk-amd64/jre/lib/endorsed"/>
    <property name="java.runtime.name" value="OpenJDK Runtime Environment"/>
    <property name="file.encoding" value="UTF-8"/>
    <property name="java.vm.name" value="OpenJDK 64-Bit Server VM"/>
    <property name="localRepository" value="/home/alex/.m2/repository"/>
    <property name="java.vendor.url.bug" value="http://bugreport.sun.com/bugreport/"/>
    <property name="jetty.git.hash" value="8da83308eeca865e495e53ef315a249d63ba9332"/>
    <property name="java.io.tmpdir" value="/tmp"/>
    <property name="java.version" value="1.8.0_402"/>
    <property name="user.dir" value="/home/alex/Repositories/nifi/minifi/minifi-bootstrap"/>
    <property name="os.arch" value="amd64"/>
    <property name="java.vm.specification.name" value="Java Virtual Machine Specification"/>
    <property name="java.awt.printerjob" value="sun.print.PSPrinterJob"/>
    <property name="sun.os.patch.level" value="unknown"/>
    <property name="java.library.path" value="/usr/java/packages/lib/amd64:/usr/lib/x86_64-linux-gnu/jni:/lib/x86_64-linux-gnu:/usr/lib/x86_64-linux-gnu:/usr/lib/jni:/lib:/usr/lib"/>
    <property name="java.vm.info" value="mixed mode"/>
    <property name="java.vendor" value="Private Build"/>
    <property name="java.vm.version" value="25.402-b06"/>
    <property name="java.specification.maintenance.version" value="5"/>
    <property name="java.ext.dirs" value="/usr/lib/jvm/java-8-openjdk-amd64/jre/lib/ext:/usr/java/packages/lib/ext"/>
    <property name="sun.io.unicode.encoding" value="UnicodeLittle"/>
    <property name="java.class.version" value="52.0"/>
  </properties>
  <testcase name="testNewUpdateWithPath" classname="org.apache.nifi.minifi.bootstrap.configuration.ingestors.PullHttpChangeIngestorSSLTest" time="0.082">
    <system-out><![CDATA[01:46:22.108 [main] DEBUG org.eclipse.jetty.util.component.ContainerLifeCycle - QueuedThreadPool[qtp399373008]@17cdf2d0{STOPPED,8<=0<=200,i=0,r=-1,q=0}[NO_TRY] added {org.eclipse.jetty.util.thread.ThreadPoolBudget@1755e85b,POJO}
01:46:22.108 [main] DEBUG org.eclipse.jetty.util.component.ContainerLifeCycle - Server@736d6a5c{STOPPED}[9.4.44.v20210927] added {QueuedThreadPool[qtp399373008]@17cdf2d0{STOPPED,8<=0<=200,i=0,r=-1,q=0}[NO_TRY],AUTO}
01:46:22.108 [main] DEBUG org.eclipse.jetty.util.component.ContainerLifeCycle - HandlerCollection@2371aaca{STOPPED} added {JettyHandler@5b529706{STOPPED},AUTO}
01:46:22.108 [main] DEBUG org.eclipse.jetty.util.component.ContainerLifeCycle - Server@736d6a5c{STOPPED}[9.4.44.v20210927] added {HandlerCollection@2371aaca{STOPPED},MANAGED}
01:46:22.110 [main] DEBUG org.eclipse.jetty.util.component.ContainerLifeCycle - HttpConnectionFactory@5553d0f5[HTTP/1.1] added {HttpConfiguration@1af687fe{32768/8192,8192/8192,https://:0,[]},POJO}
01:46:22.111 [main] DEBUG org.eclipse.jetty.util.component.ContainerLifeCycle - SslConnectionFactory@14dda234{SSL->HTTP/1.1} added {Server@5a411614[provider=null,keyStore=file:///home/alex/Repositories/nifi/minifi/minifi-bootstrap/src/test/resources/localhost-ks.jks,trustStore=file:///home/alex/Repositories/nifi/minifi/minifi-bootstrap/src/test/resources/localhost-ts.jks],AUTO}
01:46:22.111 [main] DEBUG org.eclipse.jetty.util.component.ContainerLifeCycle - ServerConnector@2374d36a{null, ()}{0.0.0.0:0} added {Server@736d6a5c{STOPPED}[9.4.44.v20210927],UNMANAGED}
01:46:22.111 [main] DEBUG org.eclipse.jetty.util.component.ContainerLifeCycle - ServerConnector@2374d36a{null, ()}{0.0.0.0:0} added {QueuedThreadPool[qtp399373008]@17cdf2d0{STOPPED,8<=0<=200,i=0,r=-1,q=0}[NO_TRY],AUTO}
01:46:22.112 [main] DEBUG org.eclipse.jetty.util.component.ContainerLifeCycle - ServerConnector@2374d36a{null, ()}{0.0.0.0:0} added {ScheduledExecutorScheduler@54d18072{STOPPED},AUTO}
01:46:22.112 [main] DEBUG org.eclipse.jetty.util.component.ContainerLifeCycle - ServerConnector@2374d36a{null, ()}{0.0.0.0:0} added {org.eclipse.jetty.io.ArrayByteBufferPool@1506f20f,POJO}
01:46:22.112 [main] DEBUG org.eclipse.jetty.util.component.ContainerLifeCycle - ServerConnector@2374d36a{null, (ssl)}{0.0.0.0:0} added {SslConnectionFactory@14dda234{SSL->HTTP/1.1},AUTO}
01:46:22.112 [main] DEBUG org.eclipse.jetty.server.AbstractConnector - ServerConnector@2374d36a{SSL, (ssl)}{0.0.0.0:0} added SslConnectionFactory@14dda234{SSL->HTTP/1.1}
01:46:22.112 [main] DEBUG org.eclipse.jetty.util.component.ContainerLifeCycle - ServerConnector@2374d36a{SSL, (ssl, http/1.1)}{0.0.0.0:0} added {HttpConnectionFactory@5553d0f5[HTTP/1.1],AUTO}
01:46:22.112 [main] DEBUG org.eclipse.jetty.server.AbstractConnector - ServerConnector@2374d36a{SSL, (ssl, http/1.1)}{0.0.0.0:0} added HttpConnectionFactory@5553d0f5[HTTP/1.1]
01:46:22.112 [main] DEBUG org.eclipse.jetty.util.component.ContainerLifeCycle - ServerConnector@2374d36a{SSL, (ssl, http/1.1)}{0.0.0.0:0} added {SelectorManager@ServerConnector@2374d36a{SSL, (ssl, http/1.1)}{0.0.0.0:0},MANAGED}
01:46:22.112 [main] DEBUG org.eclipse.jetty.util.component.ContainerLifeCycle - Server@736d6a5c{STOPPED}[9.4.44.v20210927] added {ServerConnector@2374d36a{SSL, (ssl, http/1.1)}{localhost:0},AUTO}
01:46:22.112 [main] DEBUG org.eclipse.jetty.util.component.AbstractLifeCycle - starting Server@736d6a5c{STOPPED}[9.4.44.v20210927]
01:46:22.112 [main] DEBUG org.eclipse.jetty.util.component.ContainerLifeCycle - Server@736d6a5c{STARTING}[9.4.44.v20210927] added {ErrorHandler@47a5b70d{STOPPED},AUTO}
01:46:22.112 [main] INFO org.eclipse.jetty.server.Server - jetty-9.4.44.v20210927; built: 2021-09-27T23:02:44.612Z; git: 8da83308eeca865e495e53ef315a249d63ba9332; jvm 1.8.0_402-8u402-ga-2ubuntu1~22.04-b06
01:46:22.112 [main] DEBUG org.eclipse.jetty.server.handler.AbstractHandler - starting Server@736d6a5c{STARTING}[9.4.44.v20210927]
01:46:22.112 [main] DEBUG org.eclipse.jetty.util.component.AbstractLifeCycle - starting QueuedThreadPool[qtp399373008]@17cdf2d0{STOPPED,8<=0<=200,i=0,r=-1,q=0}[NO_TRY]
01:46:22.112 [main] DEBUG org.eclipse.jetty.util.thread.ReservedThreadExecutor - ReservedThreadExecutor@424fd310{reserved=0/8,pending=0}
01:46:22.112 [main] DEBUG org.eclipse.jetty.util.component.ContainerLifeCycle - QueuedThreadPool[qtp399373008]@17cdf2d0{STARTING,8<=0<=200,i=0,r=-1,q=0}[ReservedThreadExecutor@424fd310{reserved=0/8,pending=0}] added {ReservedThreadExecutor@424fd310{reserved=0/8,pending=0},AUTO}
01:46:22.112 [main] DEBUG org.eclipse.jetty.util.component.AbstractLifeCycle - starting ReservedThreadExecutor@424fd310{reserved=0/8,pending=0}
01:46:22.113 [main] DEBUG org.eclipse.jetty.util.component.AbstractLifeCycle - STARTED @4856ms ReservedThreadExecutor@424fd310{reserved=0/8,pending=0}
01:46:22.113 [main] DEBUG org.eclipse.jetty.util.thread.QueuedThreadPool - Starting Thread[qtp399373008-55,5,main]
01:46:22.113 [main] DEBUG org.eclipse.jetty.util.thread.QueuedThreadPool - Starting Thread[qtp399373008-56,5,main]
01:46:22.113 [main] DEBUG org.eclipse.jetty.util.thread.QueuedThreadPool - Starting Thread[qtp399373008-57,5,main]
01:46:22.113 [qtp399373008-55] DEBUG org.eclipse.jetty.util.thread.QueuedThreadPool - Runner started for QueuedThreadPool[qtp399373008]@17cdf2d0{STARTING,8<=2<=200,i=2,r=-1,q=0}[ReservedThreadExecutor@424fd310{reserved=0/8,pending=0}]
01:46:22.113 [qtp399373008-56] DEBUG org.eclipse.jetty.util.thread.QueuedThreadPool - Runner started for QueuedThreadPool[qtp399373008]@17cdf2d0{STARTING,8<=3<=200,i=3,r=-1,q=0}[ReservedThreadExecutor@424fd310{reserved=0/8,pending=0}]
01:46:22.113 [main] DEBUG org.eclipse.jetty.util.thread.QueuedThreadPool - Starting Thread[qtp399373008-58,5,main]
01:46:22.113 [qtp399373008-57] DEBUG org.eclipse.jetty.util.thread.QueuedThreadPool - Runner started for QueuedThreadPool[qtp399373008]@17cdf2d0{STARTING,8<=4<=200,i=4,r=-1,q=0}[ReservedThreadExecutor@424fd310{reserved=0/8,pending=0}]
01:46:22.113 [main] DEBUG org.eclipse.jetty.util.thread.QueuedThreadPool - Starting Thread[qtp399373008-59,5,main]
01:46:22.113 [qtp399373008-58] DEBUG org.eclipse.jetty.util.thread.QueuedThreadPool - Runner started for QueuedThreadPool[qtp399373008]@17cdf2d0{STARTING,8<=5<=200,i=5,r=-1,q=0}[ReservedThreadExecutor@424fd310{reserved=0/8,pending=0}]
01:46:22.113 [main] DEBUG org.eclipse.jetty.util.thread.QueuedThreadPool - Starting Thread[qtp399373008-60,5,main]
01:46:22.113 [qtp399373008-59] DEBUG org.eclipse.jetty.util.thread.QueuedThreadPool - Runner started for QueuedThreadPool[qtp399373008]@17cdf2d0{STARTING,8<=6<=200,i=6,r=-1,q=0}[ReservedThreadExecutor@424fd310{reserved=0/8,pending=0}]
01:46:22.113 [main] DEBUG org.eclipse.jetty.util.thread.QueuedThreadPool - Starting Thread[qtp399373008-61,5,main]
01:46:22.114 [qtp399373008-60] DEBUG org.eclipse.jetty.util.thread.QueuedThreadPool - Runner started for QueuedThreadPool[qtp399373008]@17cdf2d0{STARTING,8<=7<=200,i=7,r=-1,q=0}[ReservedThreadExecutor@424fd310{reserved=0/8,pending=0}]
01:46:22.114 [main] DEBUG org.eclipse.jetty.util.thread.QueuedThreadPool - Starting Thread[qtp399373008-62,5,main]
01:46:22.114 [qtp399373008-61] DEBUG org.eclipse.jetty.util.thread.QueuedThreadPool - Runner started for QueuedThreadPool[qtp399373008]@17cdf2d0{STARTING,8<=8<=200,i=8,r=-1,q=0}[ReservedThreadExecutor@424fd310{reserved=0/8,pending=0}]
01:46:22.114 [main] DEBUG org.eclipse.jetty.util.component.AbstractLifeCycle - STARTED @4858ms QueuedThreadPool[qtp399373008]@17cdf2d0{STARTED,8<=8<=200,i=8,r=-1,q=0}[ReservedThreadExecutor@424fd310{reserved=0/8,pending=0}]
01:46:22.114 [qtp399373008-62] DEBUG org.eclipse.jetty.util.thread.QueuedThreadPool - Runner started for QueuedThreadPool[qtp399373008]@17cdf2d0{STARTED,8<=8<=200,i=8,r=-1,q=0}[ReservedThreadExecutor@424fd310{reserved=0/8,pending=0}]
01:46:22.114 [main] DEBUG org.eclipse.jetty.util.component.AbstractLifeCycle - starting HandlerCollection@2371aaca{STOPPED}
01:46:22.114 [main] DEBUG org.eclipse.jetty.server.handler.AbstractHandler - starting HandlerCollection@2371aaca{STARTING}
01:46:22.114 [main] DEBUG org.eclipse.jetty.util.component.AbstractLifeCycle - starting JettyHandler@5b529706{STOPPED}
01:46:22.114 [main] DEBUG org.eclipse.jetty.server.handler.AbstractHandler - starting JettyHandler@5b529706{STARTING}
01:46:22.114 [main] DEBUG org.eclipse.jetty.util.component.AbstractLifeCycle - STARTED @4858ms JettyHandler@5b529706{STARTED}
01:46:22.114 [main] DEBUG org.eclipse.jetty.util.component.AbstractLifeCycle - STARTED @4858ms HandlerCollection@2371aaca{STARTED}
01:46:22.114 [main] DEBUG org.eclipse.jetty.util.component.AbstractLifeCycle - starting ErrorHandler@47a5b70d{STOPPED}
01:46:22.114 [main] DEBUG org.eclipse.jetty.server.handler.AbstractHandler - starting ErrorHandler@47a5b70d{STARTING}
01:46:22.114 [main] DEBUG org.eclipse.jetty.util.component.AbstractLifeCycle - STARTED @4858ms ErrorHandler@47a5b70d{STARTED}
01:46:22.114 [main] DEBUG org.eclipse.jetty.util.component.AbstractLifeCycle - starting ServerConnector@2374d36a{SSL, (ssl, http/1.1)}{localhost:0}
01:46:22.114 [main] DEBUG org.eclipse.jetty.util.component.ContainerLifeCycle - ServerConnector@2374d36a{SSL, (ssl, http/1.1)}{localhost:33719} added {sun.nio.ch.ServerSocketChannelImpl[/127.0.0.1:33719],POJO}
01:46:22.114 [main] DEBUG org.eclipse.jetty.util.component.AbstractLifeCycle - starting ScheduledExecutorScheduler@54d18072{STOPPED}
01:46:22.114 [main] DEBUG org.eclipse.jetty.util.component.AbstractLifeCycle - STARTED @4858ms ScheduledExecutorScheduler@54d18072{STARTED}
01:46:22.114 [main] DEBUG org.eclipse.jetty.util.component.AbstractLifeCycle - starting SslConnectionFactory@14dda234{SSL->HTTP/1.1}
01:46:22.114 [main] DEBUG org.eclipse.jetty.util.component.AbstractLifeCycle - starting Server@5a411614[provider=null,keyStore=file:///home/alex/Repositories/nifi/minifi/minifi-bootstrap/src/test/resources/localhost-ks.jks,trustStore=file:///home/alex/Repositories/nifi/minifi/minifi-bootstrap/src/test/resources/localhost-ts.jks]
01:46:22.118 [main] DEBUG org.eclipse.jetty.util.ssl.SslContextFactory - Skipping [
[
  Version: V3
  Subject: CN=localhost, OU=Apache NiFi, O=Apache, L=Santa Monica, ST=CA, C=US
  Signature Algorithm: SHA256withRSA, OID = 1.2.840.113549.1.1.11

  Key:  Sun RSA public key, 2048 bits
  params: null
  modulus: 30814356967964143889979985530055364514699394643854733747998343669441470253519148017443938086010371890735549349346219651337818702185332874291515054870079563226954918193849616960862684868242286307978102369612841123949572244550174312189783512432514374223942259755501453758648376374577329063158223919569981746956302768359932779930568567551025861141698242321770321797245641831546024352966190839853333380405862111836548816513307103278129669977363291361980989435025931448076674220589578916708474451915467598527744638059964817414583177679616410437042552549854073395960578135618251112100328624274333297476918645698689757444387
  public exponent: 65537
  Validity: [From: Wed Sep 11 16:38:57 WEST 2019,
               To: Thu Sep 10 16:38:57 WEST 2020]
  Issuer: CN=localhost, OU=Apache NiFi, O=Apache, L=Santa Monica, ST=CA, C=US
  SerialNumber: [    5d791511]

Certificate Extensions: 2
[1]: ObjectId: 2.5.29.15 Criticality=false
KeyUsage [
  DigitalSignature
  Non_repudiation
  Key_Encipherment
  Data_Encipherment
  Key_Agreement
  Key_CertSign
]

[2]: ObjectId: 2.5.29.17 Criticality=false
SubjectAlternativeName [
  DNSName: localhost
]

]
  Algorithm: [SHA256withRSA]
  Signature:
0000: BD 60 51 3B 2B 7F 6A 1F   07 27 5B 95 90 71 12 AA  .`Q;+.j..'[..q..
0010: E2 51 88 19 F1 3D BF D9   70 36 DE BE 2E D0 E6 CB  .Q...=..p6......
0020: F9 37 23 D4 B2 67 1D FA   F6 06 D0 05 A4 C4 D8 BF  .7#..g..........
0030: 25 30 00 BC 98 A7 DC 41   D4 42 76 94 DB AD 9B DD  %0.....A.Bv.....
0040: E8 4A DA 97 40 4D 22 7F   8A B2 D2 F8 08 28 76 9F  .J..@M"......(v.
0050: AF 21 73 EC 37 D2 F2 3B   96 20 AE 8B E0 F8 F7 E9  .!s.7..;. ......
0060: E8 22 85 21 82 19 0F D1   C5 8A BE 7C CC FE D7 6F  .".!...........o
0070: A9 4E 62 69 45 A5 2D 50   33 31 06 6A 0F 61 1E F7  .NbiE.-P31.j.a..
0080: 8D 9F 60 68 D7 61 D6 32   25 64 43 76 B1 1B 7A 21  ..`h.a.2%dCv..z!
0090: 59 6F A3 FA BC D5 A9 28   6C A8 EF 30 F2 67 5E 1D  Yo.....(l..0.g^.
00A0: B9 AD A0 03 53 6E 83 6D   C4 CE CE 0C 66 10 73 39  ....Sn.m....f.s9
00B0: CE 73 1D BD 4D 8C 13 18   84 E7 E5 41 97 68 C1 53  .s..M......A.h.S
00C0: 81 CD B5 40 25 73 EC 05   E4 23 01 BA 4D 20 78 6B  ...@%s...#..M xk
00D0: 84 14 EB FF F2 82 AD 99   1F B9 34 99 3B BD 1D 3E  ..........4.;..>
00E0: 1B 14 48 1E E6 ED F9 7B   82 EE 15 33 57 CE B3 44  ..H........3W..D
00F0: 86 C7 F4 99 89 34 CE F3   88 BB AC F6 35 F2 80 59  .....4......5..Y

]
01:46:22.118 [main] DEBUG org.eclipse.jetty.util.ssl.X509 - Certificate CN alias=mykey CN=localhost in X509@48a12036(mykey,h=[],a=[],w=[])
01:46:22.118 [main] INFO org.eclipse.jetty.util.ssl.SslContextFactory - x509=X509@48a12036(mykey,h=[localhost],a=[],w=[]) for Server@5a411614[provider=null,keyStore=file:///home/alex/Repositories/nifi/minifi/minifi-bootstrap/src/test/resources/localhost-ks.jks,trustStore=file:///home/alex/Repositories/nifi/minifi/minifi-bootstrap/src/test/resources/localhost-ts.jks]
01:46:22.119 [main] DEBUG org.eclipse.jetty.util.ssl.SslContextFactory - managers=[sun.security.ssl.SunX509KeyManagerImpl@70efb718] for Server@5a411614[provider=null,keyStore=file:///home/alex/Repositories/nifi/minifi/minifi-bootstrap/src/test/resources/localhost-ks.jks,trustStore=file:///home/alex/Repositories/nifi/minifi/minifi-bootstrap/src/test/resources/localhost-ts.jks]
01:46:22.120 [main] DEBUG org.eclipse.jetty.util.ssl.SslContextFactory - Selected Protocols [TLSv1.3, TLSv1.2] of [TLSv1.3, TLSv1.2, TLSv1.1, TLSv1, SSLv3, SSLv2Hello]
01:46:22.120 [main] DEBUG org.eclipse.jetty.util.ssl.SslContextFactory - Selected Ciphers   [TLS_AES_256_GCM_SHA384, TLS_AES_128_GCM_SHA256, TLS_ECDHE_ECDSA_WITH_AES_256_GCM_SHA384, TLS_ECDHE_ECDSA_WITH_AES_128_GCM_SHA256, TLS_ECDHE_RSA_WITH_AES_256_GCM_SHA384, TLS_ECDHE_RSA_WITH_AES_128_GCM_SHA256, TLS_DHE_RSA_WITH_AES_256_GCM_SHA384, TLS_DHE_DSS_WITH_AES_256_GCM_SHA384, TLS_DHE_RSA_WITH_AES_128_GCM_SHA256, TLS_DHE_DSS_WITH_AES_128_GCM_SHA256, TLS_ECDHE_ECDSA_WITH_AES_256_CBC_SHA384, TLS_ECDHE_RSA_WITH_AES_256_CBC_SHA384, TLS_ECDHE_ECDSA_WITH_AES_128_CBC_SHA256, TLS_ECDHE_RSA_WITH_AES_128_CBC_SHA256, TLS_DHE_RSA_WITH_AES_256_CBC_SHA256, TLS_DHE_DSS_WITH_AES_256_CBC_SHA256, TLS_DHE_RSA_WITH_AES_128_CBC_SHA256, TLS_DHE_DSS_WITH_AES_128_CBC_SHA256, TLS_ECDH_ECDSA_WITH_AES_256_GCM_SHA384, TLS_ECDH_RSA_WITH_AES_256_GCM_SHA384, TLS_ECDH_ECDSA_WITH_AES_128_GCM_SHA256, TLS_ECDH_RSA_WITH_AES_128_GCM_SHA256, TLS_ECDH_ECDSA_WITH_AES_256_CBC_SHA384, TLS_ECDH_RSA_WITH_AES_256_CBC_SHA384, TLS_ECDH_ECDSA_WITH_AES_128_CBC_SHA256, TLS_ECDH_RSA_WITH_AES_128_CBC_SHA256, TLS_EMPTY_RENEGOTIATION_INFO_SCSV] of [TLS_AES_256_GCM_SHA384, TLS_AES_128_GCM_SHA256, TLS_ECDHE_ECDSA_WITH_AES_256_GCM_SHA384, TLS_ECDHE_ECDSA_WITH_AES_128_GCM_SHA256, TLS_ECDHE_RSA_WITH_AES_256_GCM_SHA384, TLS_ECDHE_RSA_WITH_AES_128_GCM_SHA256, TLS_DHE_RSA_WITH_AES_256_GCM_SHA384, TLS_DHE_DSS_WITH_AES_256_GCM_SHA384, TLS_DHE_RSA_WITH_AES_128_GCM_SHA256, TLS_DHE_DSS_WITH_AES_128_GCM_SHA256, TLS_ECDHE_ECDSA_WITH_AES_256_CBC_SHA384, TLS_ECDHE_RSA_WITH_AES_256_CBC_SHA384, TLS_ECDHE_ECDSA_WITH_AES_128_CBC_SHA256, TLS_ECDHE_RSA_WITH_AES_128_CBC_SHA256, TLS_DHE_RSA_WITH_AES_256_CBC_SHA256, TLS_DHE_DSS_WITH_AES_256_CBC_SHA256, TLS_DHE_RSA_WITH_AES_128_CBC_SHA256, TLS_DHE_DSS_WITH_AES_128_CBC_SHA256, TLS_ECDH_ECDSA_WITH_AES_256_GCM_SHA384, TLS_ECDH_RSA_WITH_AES_256_GCM_SHA384, TLS_ECDH_ECDSA_WITH_AES_128_GCM_SHA256, TLS_ECDH_RSA_WITH_AES_128_GCM_SHA256, TLS_ECDH_ECDSA_WITH_AES_256_CBC_SHA384, TLS_ECDH_RSA_WITH_AES_256_CBC_SHA384, TLS_ECDH_ECDSA_WITH_AES_128_CBC_SHA256, TLS_ECDH_RSA_WITH_AES_128_CBC_SHA256, TLS_ECDHE_ECDSA_WITH_AES_256_CBC_SHA, TLS_ECDHE_RSA_WITH_AES_256_CBC_SHA, TLS_ECDHE_ECDSA_WITH_AES_128_CBC_SHA, TLS_ECDHE_RSA_WITH_AES_128_CBC_SHA, TLS_DHE_RSA_WITH_AES_256_CBC_SHA, TLS_DHE_DSS_WITH_AES_256_CBC_SHA, TLS_DHE_RSA_WITH_AES_128_CBC_SHA, TLS_DHE_DSS_WITH_AES_128_CBC_SHA, TLS_ECDH_ECDSA_WITH_AES_256_CBC_SHA, TLS_ECDH_RSA_WITH_AES_256_CBC_SHA, TLS_ECDH_ECDSA_WITH_AES_128_CBC_SHA, TLS_ECDH_RSA_WITH_AES_128_CBC_SHA, TLS_RSA_WITH_AES_256_GCM_SHA384, TLS_RSA_WITH_AES_128_GCM_SHA256, TLS_RSA_WITH_AES_256_CBC_SHA256, TLS_RSA_WITH_AES_128_CBC_SHA256, TLS_RSA_WITH_AES_256_CBC_SHA, TLS_RSA_WITH_AES_128_CBC_SHA, TLS_EMPTY_RENEGOTIATION_INFO_SCSV]
01:46:22.120 [main] DEBUG org.eclipse.jetty.util.ssl.SslContextFactory - Customize sun.security.ssl.SSLEngineImpl@b70da4c
01:46:22.121 [main] DEBUG org.eclipse.jetty.util.component.AbstractLifeCycle - STARTED @4865ms Server@5a411614[provider=null,keyStore=file:///home/alex/Repositories/nifi/minifi/minifi-bootstrap/src/test/resources/localhost-ks.jks,trustStore=file:///home/alex/Repositories/nifi/minifi/minifi-bootstrap/src/test/resources/localhost-ts.jks]
01:46:22.121 [main] DEBUG org.eclipse.jetty.util.ssl.SslContextFactory - Customize sun.security.ssl.SSLEngineImpl@4a11eb84
01:46:22.121 [main] DEBUG org.eclipse.jetty.util.component.AbstractLifeCycle - STARTED @4865ms SslConnectionFactory@14dda234{SSL->HTTP/1.1}
01:46:22.121 [main] DEBUG org.eclipse.jetty.util.component.AbstractLifeCycle - starting HttpConnectionFactory@5553d0f5[HTTP/1.1]
01:46:22.121 [main] DEBUG org.eclipse.jetty.util.component.AbstractLifeCycle - STARTED @4865ms HttpConnectionFactory@5553d0f5[HTTP/1.1]
01:46:22.121 [main] DEBUG org.eclipse.jetty.util.component.AbstractLifeCycle - starting SelectorManager@ServerConnector@2374d36a{SSL, (ssl, http/1.1)}{localhost:33719}
01:46:22.121 [main] DEBUG org.eclipse.jetty.util.component.ContainerLifeCycle - EatWhatYouKill@4e858e0a/SelectorProducer@435fb7b5/IDLE/p=false/QueuedThreadPool[qtp399373008]@17cdf2d0{STARTED,8<=8<=200,i=8,r=-1,q=0}[ReservedThreadExecutor@424fd310{reserved=0/8,pending=0}][pc=0,pic=0,pec=0,epc=0]@2024-05-02T01:46:22.121+01:00 added {SelectorProducer@435fb7b5,POJO}
01:46:22.122 [main] DEBUG org.eclipse.jetty.util.component.ContainerLifeCycle - EatWhatYouKill@4e858e0a/SelectorProducer@435fb7b5/IDLE/p=false/QueuedThreadPool[qtp399373008]@17cdf2d0{STARTED,8<=8<=200,i=8,r=-1,q=0}[ReservedThreadExecutor@424fd310{reserved=0/8,pending=0}][pc=0,pic=0,pec=0,epc=0]@2024-05-02T01:46:22.122+01:00 added {QueuedThreadPool[qtp399373008]@17cdf2d0{STARTED,8<=8<=200,i=8,r=-1,q=0}[ReservedThreadExecutor@424fd310{reserved=0/8,pending=0}],UNMANAGED}
01:46:22.122 [main] DEBUG org.eclipse.jetty.util.thread.strategy.EatWhatYouKill - EatWhatYouKill@4e858e0a/SelectorProducer@435fb7b5/IDLE/p=false/QueuedThreadPool[qtp399373008]@17cdf2d0{STARTED,8<=8<=200,i=8,r=-1,q=0}[ReservedThreadExecutor@424fd310{reserved=0/8,pending=0}][pc=0,pic=0,pec=0,epc=0]@2024-05-02T01:46:22.122+01:00 created
01:46:22.122 [main] DEBUG org.eclipse.jetty.util.component.ContainerLifeCycle - ManagedSelector@4e70a728{STOPPED} id=0 keys=-1 selected=-1 updates=0 added {EatWhatYouKill@4e858e0a/SelectorProducer@435fb7b5/IDLE/p=false/QueuedThreadPool[qtp399373008]@17cdf2d0{STARTED,8<=8<=200,i=8,r=-1,q=0}[ReservedThreadExecutor@424fd310{reserved=0/8,pending=0}][pc=0,pic=0,pec=0,epc=0]@2024-05-02T01:46:22.122+01:00,MANAGED}
01:46:22.122 [main] DEBUG org.eclipse.jetty.util.component.ContainerLifeCycle - SelectorManager@ServerConnector@2374d36a{SSL, (ssl, http/1.1)}{localhost:33719} added {ManagedSelector@4e70a728{STOPPED} id=0 keys=-1 selected=-1 updates=0,AUTO}
01:46:22.122 [main] DEBUG org.eclipse.jetty.util.component.ContainerLifeCycle - EatWhatYouKill@b7838a9/SelectorProducer@696f0212/IDLE/p=false/QueuedThreadPool[qtp399373008]@17cdf2d0{STARTED,8<=8<=200,i=8,r=-1,q=0}[ReservedThreadExecutor@424fd310{reserved=0/8,pending=0}][pc=0,pic=0,pec=0,epc=0]@2024-05-02T01:46:22.122+01:00 added {SelectorProducer@696f0212,POJO}
01:46:22.122 [main] DEBUG org.eclipse.jetty.util.component.ContainerLifeCycle - EatWhatYouKill@b7838a9/SelectorProducer@696f0212/IDLE/p=false/QueuedThreadPool[qtp399373008]@17cdf2d0{STARTED,8<=8<=200,i=8,r=-1,q=0}[ReservedThreadExecutor@424fd310{reserved=0/8,pending=0}][pc=0,pic=0,pec=0,epc=0]@2024-05-02T01:46:22.122+01:00 added {QueuedThreadPool[qtp399373008]@17cdf2d0{STARTED,8<=8<=200,i=8,r=-1,q=0}[ReservedThreadExecutor@424fd310{reserved=0/8,pending=0}],UNMANAGED}
01:46:22.122 [main] DEBUG org.eclipse.jetty.util.thread.strategy.EatWhatYouKill - EatWhatYouKill@b7838a9/SelectorProducer@696f0212/IDLE/p=false/QueuedThreadPool[qtp399373008]@17cdf2d0{STARTED,8<=8<=200,i=8,r=-1,q=0}[ReservedThreadExecutor@424fd310{reserved=0/8,pending=0}][pc=0,pic=0,pec=0,epc=0]@2024-05-02T01:46:22.122+01:00 created
01:46:22.123 [main] DEBUG org.eclipse.jetty.util.component.ContainerLifeCycle - ManagedSelector@5733f295{STOPPED} id=1 keys=-1 selected=-1 updates=0 added {EatWhatYouKill@b7838a9/SelectorProducer@696f0212/IDLE/p=false/QueuedThreadPool[qtp399373008]@17cdf2d0{STARTED,8<=8<=200,i=8,r=-1,q=0}[ReservedThreadExecutor@424fd310{reserved=0/8,pending=0}][pc=0,pic=0,pec=0,epc=0]@2024-05-02T01:46:22.123+01:00,MANAGED}
01:46:22.123 [main] DEBUG org.eclipse.jetty.util.component.ContainerLifeCycle - SelectorManager@ServerConnector@2374d36a{SSL, (ssl, http/1.1)}{localhost:33719} added {ManagedSelector@5733f295{STOPPED} id=1 keys=-1 selected=-1 updates=0,AUTO}
01:46:22.123 [main] DEBUG org.eclipse.jetty.util.component.ContainerLifeCycle - EatWhatYouKill@1c3146bc/SelectorProducer@56c698e3/IDLE/p=false/QueuedThreadPool[qtp399373008]@17cdf2d0{STARTED,8<=8<=200,i=8,r=-1,q=0}[ReservedThreadExecutor@424fd310{reserved=0/8,pending=0}][pc=0,pic=0,pec=0,epc=0]@2024-05-02T01:46:22.123+01:00 added {SelectorProducer@56c698e3,POJO}
01:46:22.123 [main] DEBUG org.eclipse.jetty.util.component.ContainerLifeCycle - EatWhatYouKill@1c3146bc/SelectorProducer@56c698e3/IDLE/p=false/QueuedThreadPool[qtp399373008]@17cdf2d0{STARTED,8<=8<=200,i=8,r=-1,q=0}[ReservedThreadExecutor@424fd310{reserved=0/8,pending=0}][pc=0,pic=0,pec=0,epc=0]@2024-05-02T01:46:22.123+01:00 added {QueuedThreadPool[qtp399373008]@17cdf2d0{STARTED,8<=8<=200,i=8,r=-1,q=0}[ReservedThreadExecutor@424fd310{reserved=0/8,pending=0}],UNMANAGED}
01:46:22.123 [main] DEBUG org.eclipse.jetty.util.thread.strategy.EatWhatYouKill - EatWhatYouKill@1c3146bc/SelectorProducer@56c698e3/IDLE/p=false/QueuedThreadPool[qtp399373008]@17cdf2d0{STARTED,8<=8<=200,i=8,r=-1,q=0}[ReservedThreadExecutor@424fd310{reserved=0/8,pending=0}][pc=0,pic=0,pec=0,epc=0]@2024-05-02T01:46:22.123+01:00 created
01:46:22.123 [main] DEBUG org.eclipse.jetty.util.component.ContainerLifeCycle - ManagedSelector@47a86fbb{STOPPED} id=2 keys=-1 selected=-1 updates=0 added {EatWhatYouKill@1c3146bc/SelectorProducer@56c698e3/IDLE/p=false/QueuedThreadPool[qtp399373008]@17cdf2d0{STARTED,8<=8<=200,i=8,r=-1,q=0}[ReservedThreadExecutor@424fd310{reserved=0/8,pending=0}][pc=0,pic=0,pec=0,epc=0]@2024-05-02T01:46:22.123+01:00,MANAGED}
01:46:22.123 [main] DEBUG org.eclipse.jetty.util.component.ContainerLifeCycle - SelectorManager@ServerConnector@2374d36a{SSL, (ssl, http/1.1)}{localhost:33719} added {ManagedSelector@47a86fbb{STOPPED} id=2 keys=-1 selected=-1 updates=0,AUTO}
01:46:22.124 [main] DEBUG org.eclipse.jetty.util.component.ContainerLifeCycle - EatWhatYouKill@f478a81/SelectorProducer@19553973/IDLE/p=false/QueuedThreadPool[qtp399373008]@17cdf2d0{STARTED,8<=8<=200,i=8,r=-1,q=0}[ReservedThreadExecutor@424fd310{reserved=0/8,pending=0}][pc=0,pic=0,pec=0,epc=0]@2024-05-02T01:46:22.124+01:00 added {SelectorProducer@19553973,POJO}
01:46:22.124 [main] DEBUG org.eclipse.jetty.util.component.ContainerLifeCycle - EatWhatYouKill@f478a81/SelectorProducer@19553973/IDLE/p=false/QueuedThreadPool[qtp399373008]@17cdf2d0{STARTED,8<=8<=200,i=8,r=-1,q=0}[ReservedThreadExecutor@424fd310{reserved=0/8,pending=0}][pc=0,pic=0,pec=0,epc=0]@2024-05-02T01:46:22.124+01:00 added {QueuedThreadPool[qtp399373008]@17cdf2d0{STARTED,8<=8<=200,i=8,r=-1,q=0}[ReservedThreadExecutor@424fd310{reserved=0/8,pending=0}],UNMANAGED}
01:46:22.124 [main] DEBUG org.eclipse.jetty.util.thread.strategy.EatWhatYouKill - EatWhatYouKill@f478a81/SelectorProducer@19553973/IDLE/p=false/QueuedThreadPool[qtp399373008]@17cdf2d0{STARTED,8<=8<=200,i=8,r=-1,q=0}[ReservedThreadExecutor@424fd310{reserved=0/8,pending=0}][pc=0,pic=0,pec=0,epc=0]@2024-05-02T01:46:22.124+01:00 created
01:46:22.124 [main] DEBUG org.eclipse.jetty.util.component.ContainerLifeCycle - ManagedSelector@7bb6ab3a{STOPPED} id=3 keys=-1 selected=-1 updates=0 added {EatWhatYouKill@f478a81/SelectorProducer@19553973/IDLE/p=false/QueuedThreadPool[qtp399373008]@17cdf2d0{STARTED,8<=8<=200,i=8,r=-1,q=0}[ReservedThreadExecutor@424fd310{reserved=0/8,pending=0}][pc=0,pic=0,pec=0,epc=0]@2024-05-02T01:46:22.124+01:00,MANAGED}
01:46:22.124 [main] DEBUG org.eclipse.jetty.util.component.ContainerLifeCycle - SelectorManager@ServerConnector@2374d36a{SSL, (ssl, http/1.1)}{localhost:33719} added {ManagedSelector@7bb6ab3a{STOPPED} id=3 keys=-1 selected=-1 updates=0,AUTO}
01:46:22.124 [main] DEBUG org.eclipse.jetty.util.component.AbstractLifeCycle - starting ManagedSelector@4e70a728{STOPPED} id=0 keys=-1 selected=-1 updates=0
01:46:22.124 [main] DEBUG org.eclipse.jetty.util.component.AbstractLifeCycle - starting EatWhatYouKill@4e858e0a/SelectorProducer@435fb7b5/IDLE/p=false/QueuedThreadPool[qtp399373008]@17cdf2d0{STARTED,8<=8<=200,i=8,r=-1,q=0}[ReservedThreadExecutor@424fd310{reserved=0/8,pending=0}][pc=0,pic=0,pec=0,epc=0]@2024-05-02T01:46:22.124+01:00
01:46:22.124 [main] DEBUG org.eclipse.jetty.util.component.AbstractLifeCycle - STARTED @4868ms EatWhatYouKill@4e858e0a/SelectorProducer@435fb7b5/IDLE/p=false/QueuedThreadPool[qtp399373008]@17cdf2d0{STARTED,8<=8<=200,i=8,r=-1,q=0}[ReservedThreadExecutor@424fd310{reserved=0/8,pending=0}][pc=0,pic=0,pec=0,epc=0]@2024-05-02T01:46:22.124+01:00
01:46:22.125 [main] DEBUG org.eclipse.jetty.util.thread.QueuedThreadPool - queue org.eclipse.jetty.io.ManagedSelector$$Lambda$253/838473569@7fe7c640 startThread=0
01:46:22.125 [qtp399373008-55] DEBUG org.eclipse.jetty.util.thread.QueuedThreadPool - run org.eclipse.jetty.io.ManagedSelector$$Lambda$253/838473569@7fe7c640 in QueuedThreadPool[qtp399373008]@17cdf2d0{STARTED,8<=8<=200,i=7,r=-1,q=0}[ReservedThreadExecutor@424fd310{reserved=0/8,pending=0}]
01:46:22.125 [main] DEBUG org.eclipse.jetty.io.ManagedSelector - Queued change lazy=false org.eclipse.jetty.io.ManagedSelector$Start@4c4748bf on ManagedSelector@4e70a728{STARTING} id=0 keys=0 selected=0 updates=0
01:46:22.125 [qtp399373008-55] DEBUG org.eclipse.jetty.util.thread.strategy.EatWhatYouKill - EatWhatYouKill@4e858e0a/SelectorProducer@435fb7b5/IDLE/p=false/QueuedThreadPool[qtp399373008]@17cdf2d0{STARTED,8<=8<=200,i=7,r=-1,q=0}[ReservedThreadExecutor@424fd310{reserved=0/8,pending=0}][pc=0,pic=0,pec=0,epc=0]@2024-05-02T01:46:22.125+01:00 tryProduce false
01:46:22.125 [qtp399373008-55] DEBUG org.eclipse.jetty.io.ManagedSelector - updateable 1
01:46:22.125 [qtp399373008-55] DEBUG org.eclipse.jetty.io.ManagedSelector - update org.eclipse.jetty.io.ManagedSelector$Start@4c4748bf
01:46:22.125 [qtp399373008-55] DEBUG org.eclipse.jetty.io.ManagedSelector - updates 0
01:46:22.125 [qtp399373008-55] DEBUG org.eclipse.jetty.io.ManagedSelector - Selector sun.nio.ch.EPollSelectorImpl@4985b9d4 waiting with 0 keys
01:46:22.125 [main] DEBUG org.eclipse.jetty.util.component.AbstractLifeCycle - STARTED @4869ms ManagedSelector@4e70a728{STARTED} id=0 keys=0 selected=0 updates=0
01:46:22.125 [main] DEBUG org.eclipse.jetty.util.component.AbstractLifeCycle - starting ManagedSelector@5733f295{STOPPED} id=1 keys=-1 selected=-1 updates=0
01:46:22.125 [main] DEBUG org.eclipse.jetty.util.component.AbstractLifeCycle - starting EatWhatYouKill@b7838a9/SelectorProducer@696f0212/IDLE/p=false/QueuedThreadPool[qtp399373008]@17cdf2d0{STARTED,8<=8<=200,i=7,r=-1,q=0}[ReservedThreadExecutor@424fd310{reserved=0/8,pending=0}][pc=0,pic=0,pec=0,epc=0]@2024-05-02T01:46:22.125+01:00
01:46:22.125 [main] DEBUG org.eclipse.jetty.util.component.AbstractLifeCycle - STARTED @4869ms EatWhatYouKill@b7838a9/SelectorProducer@696f0212/IDLE/p=false/QueuedThreadPool[qtp399373008]@17cdf2d0{STARTED,8<=8<=200,i=7,r=-1,q=0}[ReservedThreadExecutor@424fd310{reserved=0/8,pending=0}][pc=0,pic=0,pec=0,epc=0]@2024-05-02T01:46:22.125+01:00
01:46:22.125 [main] DEBUG org.eclipse.jetty.util.thread.QueuedThreadPool - queue org.eclipse.jetty.io.ManagedSelector$$Lambda$253/838473569@7ce97ee5 startThread=0
01:46:22.125 [main] DEBUG org.eclipse.jetty.io.ManagedSelector - Queued change lazy=false org.eclipse.jetty.io.ManagedSelector$Start@32c8e539 on ManagedSelector@5733f295{STARTING} id=1 keys=0 selected=0 updates=0
01:46:22.125 [qtp399373008-56] DEBUG org.eclipse.jetty.util.thread.QueuedThreadPool - run org.eclipse.jetty.io.ManagedSelector$$Lambda$253/838473569@7ce97ee5 in QueuedThreadPool[qtp399373008]@17cdf2d0{STARTED,8<=8<=200,i=6,r=-1,q=0}[ReservedThreadExecutor@424fd310{reserved=0/8,pending=0}]
01:46:22.126 [qtp399373008-56] DEBUG org.eclipse.jetty.util.thread.strategy.EatWhatYouKill - EatWhatYouKill@b7838a9/SelectorProducer@696f0212/IDLE/p=false/QueuedThreadPool[qtp399373008]@17cdf2d0{STARTED,8<=8<=200,i=6,r=-1,q=0}[ReservedThreadExecutor@424fd310{reserved=0/8,pending=0}][pc=0,pic=0,pec=0,epc=0]@2024-05-02T01:46:22.126+01:00 tryProduce false
01:46:22.126 [qtp399373008-56] DEBUG org.eclipse.jetty.io.ManagedSelector - updateable 1
01:46:22.126 [qtp399373008-56] DEBUG org.eclipse.jetty.io.ManagedSelector - update org.eclipse.jetty.io.ManagedSelector$Start@32c8e539
01:46:22.126 [qtp399373008-56] DEBUG org.eclipse.jetty.io.ManagedSelector - updates 0
01:46:22.126 [qtp399373008-56] DEBUG org.eclipse.jetty.io.ManagedSelector - Selector sun.nio.ch.EPollSelectorImpl@60af7bcf waiting with 0 keys
01:46:22.126 [main] DEBUG org.eclipse.jetty.util.component.AbstractLifeCycle - STARTED @4870ms ManagedSelector@5733f295{STARTED} id=1 keys=0 selected=0 updates=0
01:46:22.126 [main] DEBUG org.eclipse.jetty.util.component.AbstractLifeCycle - starting ManagedSelector@47a86fbb{STOPPED} id=2 keys=-1 selected=-1 updates=0
01:46:22.126 [main] DEBUG org.eclipse.jetty.util.component.AbstractLifeCycle - starting EatWhatYouKill@1c3146bc/SelectorProducer@56c698e3/IDLE/p=false/QueuedThreadPool[qtp399373008]@17cdf2d0{STARTED,8<=8<=200,i=6,r=-1,q=0}[ReservedThreadExecutor@424fd310{reserved=0/8,pending=0}][pc=0,pic=0,pec=0,epc=0]@2024-05-02T01:46:22.126+01:00
01:46:22.126 [main] DEBUG org.eclipse.jetty.util.component.AbstractLifeCycle - STARTED @4870ms EatWhatYouKill@1c3146bc/SelectorProducer@56c698e3/IDLE/p=false/QueuedThreadPool[qtp399373008]@17cdf2d0{STARTED,8<=8<=200,i=6,r=-1,q=0}[ReservedThreadExecutor@424fd310{reserved=0/8,pending=0}][pc=0,pic=0,pec=0,epc=0]@2024-05-02T01:46:22.126+01:00
01:46:22.126 [main] DEBUG org.eclipse.jetty.util.thread.QueuedThreadPool - queue org.eclipse.jetty.io.ManagedSelector$$Lambda$253/838473569@73dce0e6 startThread=0
01:46:22.126 [main] DEBUG org.eclipse.jetty.io.ManagedSelector - Queued change lazy=false org.eclipse.jetty.io.ManagedSelector$Start@5a85c92 on ManagedSelector@47a86fbb{STARTING} id=2 keys=0 selected=0 updates=0
01:46:22.126 [qtp399373008-57] DEBUG org.eclipse.jetty.util.thread.QueuedThreadPool - run org.eclipse.jetty.io.ManagedSelector$$Lambda$253/838473569@73dce0e6 in QueuedThreadPool[qtp399373008]@17cdf2d0{STARTED,8<=8<=200,i=5,r=-1,q=0}[ReservedThreadExecutor@424fd310{reserved=0/8,pending=0}]
01:46:22.126 [qtp399373008-57] DEBUG org.eclipse.jetty.util.thread.strategy.EatWhatYouKill - EatWhatYouKill@1c3146bc/SelectorProducer@56c698e3/IDLE/p=false/QueuedThreadPool[qtp399373008]@17cdf2d0{STARTED,8<=8<=200,i=5,r=-1,q=0}[ReservedThreadExecutor@424fd310{reserved=0/8,pending=0}][pc=0,pic=0,pec=0,epc=0]@2024-05-02T01:46:22.126+01:00 tryProduce false
01:46:22.127 [qtp399373008-57] DEBUG org.eclipse.jetty.io.ManagedSelector - updateable 1
01:46:22.127 [qtp399373008-57] DEBUG org.eclipse.jetty.io.ManagedSelector - update org.eclipse.jetty.io.ManagedSelector$Start@5a85c92
01:46:22.127 [qtp399373008-57] DEBUG org.eclipse.jetty.io.ManagedSelector - updates 0
01:46:22.127 [qtp399373008-57] DEBUG org.eclipse.jetty.io.ManagedSelector - Selector sun.nio.ch.EPollSelectorImpl@ecff91a waiting with 0 keys
01:46:22.127 [main] DEBUG org.eclipse.jetty.util.component.AbstractLifeCycle - STARTED @4870ms ManagedSelector@47a86fbb{STARTED} id=2 keys=0 selected=0 updates=0
01:46:22.127 [main] DEBUG org.eclipse.jetty.util.component.AbstractLifeCycle - starting ManagedSelector@7bb6ab3a{STOPPED} id=3 keys=-1 selected=-1 updates=0
01:46:22.127 [main] DEBUG org.eclipse.jetty.util.component.AbstractLifeCycle - starting EatWhatYouKill@f478a81/SelectorProducer@19553973/IDLE/p=false/QueuedThreadPool[qtp399373008]@17cdf2d0{STARTED,8<=8<=200,i=5,r=-1,q=0}[ReservedThreadExecutor@424fd310{reserved=0/8,pending=0}][pc=0,pic=0,pec=0,epc=0]@2024-05-02T01:46:22.127+01:00
01:46:22.127 [main] DEBUG org.eclipse.jetty.util.component.AbstractLifeCycle - STARTED @4871ms EatWhatYouKill@f478a81/SelectorProducer@19553973/IDLE/p=false/QueuedThreadPool[qtp399373008]@17cdf2d0{STARTED,8<=8<=200,i=5,r=-1,q=0}[ReservedThreadExecutor@424fd310{reserved=0/8,pending=0}][pc=0,pic=0,pec=0,epc=0]@2024-05-02T01:46:22.127+01:00
01:46:22.127 [main] DEBUG org.eclipse.jetty.util.thread.QueuedThreadPool - queue org.eclipse.jetty.io.ManagedSelector$$Lambda$253/838473569@32811494 startThread=0
01:46:22.127 [main] DEBUG org.eclipse.jetty.io.ManagedSelector - Queued change lazy=false org.eclipse.jetty.io.ManagedSelector$Start@4795ded0 on ManagedSelector@7bb6ab3a{STARTING} id=3 keys=0 selected=0 updates=0
01:46:22.127 [qtp399373008-58] DEBUG org.eclipse.jetty.util.thread.QueuedThreadPool - run org.eclipse.jetty.io.ManagedSelector$$Lambda$253/838473569@32811494 in QueuedThreadPool[qtp399373008]@17cdf2d0{STARTED,8<=8<=200,i=4,r=-1,q=0}[ReservedThreadExecutor@424fd310{reserved=0/8,pending=0}]
01:46:22.127 [qtp399373008-58] DEBUG org.eclipse.jetty.util.thread.strategy.EatWhatYouKill - EatWhatYouKill@f478a81/SelectorProducer@19553973/IDLE/p=false/QueuedThreadPool[qtp399373008]@17cdf2d0{STARTED,8<=8<=200,i=4,r=-1,q=0}[ReservedThreadExecutor@424fd310{reserved=0/8,pending=0}][pc=0,pic=0,pec=0,epc=0]@2024-05-02T01:46:22.127+01:00 tryProduce false
01:46:22.127 [qtp399373008-58] DEBUG org.eclipse.jetty.io.ManagedSelector - updateable 1
01:46:22.127 [qtp399373008-58] DEBUG org.eclipse.jetty.io.ManagedSelector - update org.eclipse.jetty.io.ManagedSelector$Start@4795ded0
01:46:22.127 [qtp399373008-58] DEBUG org.eclipse.jetty.io.ManagedSelector - updates 0
01:46:22.127 [qtp399373008-58] DEBUG org.eclipse.jetty.io.ManagedSelector - Selector sun.nio.ch.EPollSelectorImpl@63debfd6 waiting with 0 keys
01:46:22.127 [main] DEBUG org.eclipse.jetty.util.component.AbstractLifeCycle - STARTED @4871ms ManagedSelector@7bb6ab3a{STARTED} id=3 keys=0 selected=0 updates=0
01:46:22.127 [main] DEBUG org.eclipse.jetty.util.component.AbstractLifeCycle - STARTED @4871ms SelectorManager@ServerConnector@2374d36a{SSL, (ssl, http/1.1)}{localhost:33719}
01:46:22.128 [main] DEBUG org.eclipse.jetty.util.component.ContainerLifeCycle - ServerConnector@2374d36a{SSL, (ssl, http/1.1)}{localhost:33719} added {acceptor-0@53dacd14,POJO}
01:46:22.128 [main] DEBUG org.eclipse.jetty.util.thread.QueuedThreadPool - queue acceptor-0@53dacd14 startThread=0
01:46:22.128 [qtp399373008-59] DEBUG org.eclipse.jetty.util.thread.QueuedThreadPool - run acceptor-0@53dacd14 in QueuedThreadPool[qtp399373008]@17cdf2d0{STARTED,8<=8<=200,i=3,r=-1,q=0}[ReservedThreadExecutor@424fd310{reserved=0/8,pending=0}]
01:46:22.128 [main] INFO org.eclipse.jetty.server.AbstractConnector - Started ServerConnector@2374d36a{SSL, (ssl, http/1.1)}{localhost:33719}
01:46:22.128 [main] DEBUG org.eclipse.jetty.util.component.AbstractLifeCycle - STARTED @4872ms ServerConnector@2374d36a{SSL, (ssl, http/1.1)}{localhost:33719}
01:46:22.128 [main] INFO org.eclipse.jetty.server.Server - Started @4872ms
01:46:22.128 [main] DEBUG org.eclipse.jetty.util.component.AbstractLifeCycle - STARTED @4872ms Server@736d6a5c{STARTED}[9.4.44.v20210927]
01:46:23.131 [main] DEBUG org.apache.nifi.minifi.bootstrap.configuration.ingestors.PullHttpChangeIngestor - Attempting to pull new config
01:46:23.131 [qtp399373008-59-acceptor-0@53dacd14-ServerConnector@2374d36a{SSL, (ssl, http/1.1)}{localhost:33719}] DEBUG org.eclipse.jetty.io.ManagedSelector - Queued change lazy=false Accept@14ed89af[java.nio.channels.SocketChannel[connected local=/127.0.0.1:33719 remote=/127.0.0.1:51142]] on ManagedSelector@5733f295{STARTED} id=1 keys=0 selected=0 updates=0
01:46:23.131 [qtp399373008-59-acceptor-0@53dacd14-ServerConnector@2374d36a{SSL, (ssl, http/1.1)}{localhost:33719}] DEBUG org.eclipse.jetty.io.ManagedSelector - Wakeup on submit ManagedSelector@5733f295{STARTED} id=1 keys=0 selected=0 updates=1
01:46:23.132 [qtp399373008-56] DEBUG org.eclipse.jetty.io.ManagedSelector - Selector sun.nio.ch.EPollSelectorImpl@60af7bcf woken with none selected
01:46:23.132 [qtp399373008-56] DEBUG org.eclipse.jetty.io.ManagedSelector - Selector sun.nio.ch.EPollSelectorImpl@60af7bcf woken up from select, 0/0/0 selected
01:46:23.132 [qtp399373008-56] DEBUG org.eclipse.jetty.io.ManagedSelector - Selector sun.nio.ch.EPollSelectorImpl@60af7bcf processing 0 keys, 1 updates
01:46:23.132 [qtp399373008-56] DEBUG org.eclipse.jetty.io.ManagedSelector - updateable 1
01:46:23.132 [qtp399373008-56] DEBUG org.eclipse.jetty.io.ManagedSelector - update Accept@14ed89af[java.nio.channels.SocketChannel[connected local=/127.0.0.1:33719 remote=/127.0.0.1:51142]]
01:46:23.132 [qtp399373008-56] DEBUG org.eclipse.jetty.util.thread.QueuedThreadPool - queue Accept@14ed89af[java.nio.channels.SocketChannel[connected local=/127.0.0.1:33719 remote=/127.0.0.1:51142]] startThread=0
01:46:23.132 [qtp399373008-56] DEBUG org.eclipse.jetty.io.ManagedSelector - updates 0
01:46:23.132 [qtp399373008-60] DEBUG org.eclipse.jetty.util.thread.QueuedThreadPool - run Accept@14ed89af[java.nio.channels.SocketChannel[connected local=/127.0.0.1:33719 remote=/127.0.0.1:51142]] in QueuedThreadPool[qtp399373008]@17cdf2d0{STARTED,8<=8<=200,i=2,r=-1,q=0}[ReservedThreadExecutor@424fd310{reserved=0/8,pending=0}]
01:46:23.132 [qtp399373008-56] DEBUG org.eclipse.jetty.io.ManagedSelector - Selector sun.nio.ch.EPollSelectorImpl@60af7bcf waiting with 1 keys
01:46:23.132 [qtp399373008-60] DEBUG org.eclipse.jetty.io.IdleTimeout - SocketChannelEndPoint@4dcc83cc{l=/127.0.0.1:33719,r=/127.0.0.1:51142,OPEN,fill=-,flush=-,to=0/30000}{io=0/0,kio=0,kro=0}-><null> idle timeout check, elapsed: 0 ms, remaining: 30000 ms
01:46:23.133 [qtp399373008-60] DEBUG org.eclipse.jetty.util.ssl.SslContextFactory - Customize sun.security.ssl.SSLEngineImpl@4734e8bc
01:46:23.133 [qtp399373008-60] DEBUG org.eclipse.jetty.server.HttpChannel - new HttpChannelOverHttp@2367e3e{s=HttpChannelState@2bcd5f57{s=IDLE rs=BLOCKING os=OPEN is=IDLE awp=false se=false i=true al=0},r=0,c=false/false,a=IDLE,uri=null,age=0} -> DecryptedEndPoint@33febd77{l=/127.0.0.1:33719,r=/127.0.0.1:51142,OPEN,fill=-,flush=-,to=0/30000},null,HttpChannelState@2bcd5f57{s=IDLE rs=BLOCKING os=OPEN is=IDLE awp=false se=false i=true al=0}
01:46:23.133 [qtp399373008-60] DEBUG org.eclipse.jetty.server.HttpConnection - New HTTP Connection HttpConnection@53efc2bc::DecryptedEndPoint@33febd77{l=/127.0.0.1:33719,r=/127.0.0.1:51142,OPEN,fill=-,flush=-,to=0/30000}
01:46:23.133 [qtp399373008-60] DEBUG org.eclipse.jetty.io.ManagedSelector - Queued change lazy=true org.eclipse.jetty.io.ManagedSelector$$Lambda$258/102804084@62198171 on ManagedSelector@5733f295{STARTED} id=1 keys=1 selected=0 updates=0
01:46:23.133 [qtp399373008-60] DEBUG org.eclipse.jetty.io.AbstractEndPoint - onOpen SocketChannelEndPoint@4dcc83cc{l=/127.0.0.1:33719,r=/127.0.0.1:51142,OPEN,fill=-,flush=-,to=0/30000}{io=0/0,kio=0,kro=0}->SslConnection@23ef5d82{NOT_HANDSHAKING,eio=-1/-1,di=-1,fill=IDLE,flush=IDLE}~>DecryptedEndPoint@33febd77{l=/127.0.0.1:33719,r=/127.0.0.1:51142,OPEN,fill=-,flush=-,to=0/30000}=>HttpConnection@53efc2bc[p=HttpParser{s=START,0 of -1},g=HttpGenerator@653c598d{s=START}]=>HttpChannelOverHttp@2367e3e{s=HttpChannelState@2bcd5f57{s=IDLE rs=BLOCKING os=OPEN is=IDLE awp=false se=false i=true al=0},r=0,c=false/false,a=IDLE,uri=null,age=0}
01:46:23.133 [qtp399373008-60] DEBUG org.eclipse.jetty.io.AbstractConnection - onOpen SslConnection@23ef5d82::SocketChannelEndPoint@4dcc83cc{l=/127.0.0.1:33719,r=/127.0.0.1:51142,OPEN,fill=-,flush=-,to=1/30000}{io=0/0,kio=0,kro=0}->SslConnection@23ef5d82{NOT_HANDSHAKING,eio=-1/-1,di=-1,fill=IDLE,flush=IDLE}~>DecryptedEndPoint@33febd77{l=/127.0.0.1:33719,r=/127.0.0.1:51142,OPEN,fill=-,flush=-,to=0/30000}=>HttpConnection@53efc2bc[p=HttpParser{s=START,0 of -1},g=HttpGenerator@653c598d{s=START}]=>HttpChannelOverHttp@2367e3e{s=HttpChannelState@2bcd5f57{s=IDLE rs=BLOCKING os=OPEN is=IDLE awp=false se=false i=true al=0},r=0,c=false/false,a=IDLE,uri=null,age=0}
01:46:23.134 [qtp399373008-60] DEBUG org.eclipse.jetty.io.AbstractConnection - onOpen HttpConnection@53efc2bc::DecryptedEndPoint@33febd77{l=/127.0.0.1:33719,r=/127.0.0.1:51142,OPEN,fill=-,flush=-,to=0/30000}
01:46:23.134 [qtp399373008-60] DEBUG org.eclipse.jetty.io.AbstractConnection - fillInterested HttpConnection@53efc2bc::DecryptedEndPoint@33febd77{l=/127.0.0.1:33719,r=/127.0.0.1:51142,OPEN,fill=-,flush=-,to=0/30000}
01:46:23.134 [qtp399373008-60] DEBUG org.eclipse.jetty.io.FillInterest - interested FillInterest@48eb8db4{AC.ReadCB@53efc2bc{HttpConnection@53efc2bc::DecryptedEndPoint@33febd77{l=/127.0.0.1:33719,r=/127.0.0.1:51142,OPEN,fill=FI,flush=-,to=0/30000}}}
01:46:23.134 [qtp399373008-60] DEBUG org.eclipse.jetty.io.ssl.SslConnection - >needFillInterest s=IDLE/IDLE uf=false ei=null di=null SslConnection@23ef5d82::SocketChannelEndPoint@4dcc83cc{l=/127.0.0.1:33719,r=/127.0.0.1:51142,OPEN,fill=-,flush=-,to=1/30000}{io=0/0,kio=0,kro=0}->SslConnection@23ef5d82{NOT_HANDSHAKING,eio=-1/-1,di=-1,fill=IDLE,flush=IDLE}~>DecryptedEndPoint@33febd77{l=/127.0.0.1:33719,r=/127.0.0.1:51142,OPEN,fill=FI,flush=-,to=0/30000}=>HttpConnection@53efc2bc[p=HttpParser{s=START,0 of -1},g=HttpGenerator@653c598d{s=START}]=>HttpChannelOverHttp@2367e3e{s=HttpChannelState@2bcd5f57{s=IDLE rs=BLOCKING os=OPEN is=IDLE awp=false se=false i=true al=0},r=0,c=false/false,a=IDLE,uri=null,age=0}
01:46:23.134 [qtp399373008-60] DEBUG org.eclipse.jetty.io.ssl.SslConnection - <needFillInterest s=IDLE/INTERESTED f=false i=true w=null
01:46:23.134 [qtp399373008-60] DEBUG org.eclipse.jetty.io.ssl.SslConnection - ensureFillInterested SslConnection@23ef5d82::SocketChannelEndPoint@4dcc83cc{l=/127.0.0.1:33719,r=/127.0.0.1:51142,OPEN,fill=-,flush=-,to=1/30000}{io=0/0,kio=0,kro=0}->SslConnection@23ef5d82{NOT_HANDSHAKING,eio=-1/-1,di=-1,fill=INTERESTED,flush=IDLE}~>DecryptedEndPoint@33febd77{l=/127.0.0.1:33719,r=/127.0.0.1:51142,OPEN,fill=FI,flush=-,to=0/30000}=>HttpConnection@53efc2bc[p=HttpParser{s=START,0 of -1},g=HttpGenerator@653c598d{s=START}]=>HttpChannelOverHttp@2367e3e{s=HttpChannelState@2bcd5f57{s=IDLE rs=BLOCKING os=OPEN is=IDLE awp=false se=false i=true al=0},r=0,c=false/false,a=IDLE,uri=null,age=0}
01:46:23.134 [qtp399373008-60] DEBUG org.eclipse.jetty.io.FillInterest - interested FillInterest@66579fd1{SSLC.NBReadCB@23ef5d82{SslConnection@23ef5d82::SocketChannelEndPoint@4dcc83cc{l=/127.0.0.1:33719,r=/127.0.0.1:51142,OPEN,fill=FI,flush=-,to=0/30000}{io=0/0,kio=0,kro=0}->SslConnection@23ef5d82{NOT_HANDSHAKING,eio=-1/-1,di=-1,fill=INTERESTED,flush=IDLE}~>DecryptedEndPoint@33febd77{l=/127.0.0.1:33719,r=/127.0.0.1:51142,OPEN,fill=FI,flush=-,to=0/30000}=>HttpConnection@53efc2bc[p=HttpParser{s=START,0 of -1},g=HttpGenerator@653c598d{s=START}]=>HttpChannelOverHttp@2367e3e{s=HttpChannelState@2bcd5f57{s=IDLE rs=BLOCKING os=OPEN is=IDLE awp=false se=false i=true al=0},r=0,c=false/false,a=IDLE,uri=null,age=0}}}
01:46:23.134 [qtp399373008-60] DEBUG org.eclipse.jetty.io.ChannelEndPoint - changeInterests p=false 0->1 for SocketChannelEndPoint@4dcc83cc{l=/127.0.0.1:33719,r=/127.0.0.1:51142,OPEN,fill=FI,flush=-,to=0/30000}{io=0/1,kio=0,kro=0}->SslConnection@23ef5d82{NOT_HANDSHAKING,eio=-1/-1,di=-1,fill=INTERESTED,flush=IDLE}~>DecryptedEndPoint@33febd77{l=/127.0.0.1:33719,r=/127.0.0.1:51142,OPEN,fill=FI,flush=-,to=0/30000}=>HttpConnection@53efc2bc[p=HttpParser{s=START,0 of -1},g=HttpGenerator@653c598d{s=START}]=>HttpChannelOverHttp@2367e3e{s=HttpChannelState@2bcd5f57{s=IDLE rs=BLOCKING os=OPEN is=IDLE awp=false se=false i=true al=0},r=0,c=false/false,a=IDLE,uri=null,age=0}
01:46:23.134 [qtp399373008-60] DEBUG org.eclipse.jetty.io.ManagedSelector - Queued change lazy=false org.eclipse.jetty.io.ChannelEndPoint$$Lambda$255/981852870@3f8dcdd4 on ManagedSelector@5733f295{STARTED} id=1 keys=1 selected=0 updates=1
01:46:23.134 [qtp399373008-60] DEBUG org.eclipse.jetty.io.ManagedSelector - Wakeup on submit ManagedSelector@5733f295{STARTED} id=1 keys=1 selected=0 updates=2
01:46:23.134 [qtp399373008-56] DEBUG org.eclipse.jetty.io.ManagedSelector - Selector sun.nio.ch.EPollSelectorImpl@60af7bcf woken with none selected
01:46:23.135 [qtp399373008-56] DEBUG org.eclipse.jetty.io.ManagedSelector - Selector sun.nio.ch.EPollSelectorImpl@60af7bcf woken up from select, 0/0/1 selected
01:46:23.135 [qtp399373008-56] DEBUG org.eclipse.jetty.io.ManagedSelector - Selector sun.nio.ch.EPollSelectorImpl@60af7bcf processing 0 keys, 2 updates
01:46:23.135 [qtp399373008-56] DEBUG org.eclipse.jetty.io.ManagedSelector - updateable 2
01:46:23.135 [qtp399373008-60] DEBUG org.eclipse.jetty.io.ManagedSelector - Created SocketChannelEndPoint@4dcc83cc{l=/127.0.0.1:33719,r=/127.0.0.1:51142,OPEN,fill=FI,flush=-,to=0/30000}{io=0/1,kio=0,kro=0}->SslConnection@23ef5d82{NOT_HANDSHAKING,eio=-1/-1,di=-1,fill=INTERESTED,flush=IDLE}~>DecryptedEndPoint@33febd77{l=/127.0.0.1:33719,r=/127.0.0.1:51142,OPEN,fill=FI,flush=-,to=0/30000}=>HttpConnection@53efc2bc[p=HttpParser{s=START,0 of -1},g=HttpGenerator@653c598d{s=START}]=>HttpChannelOverHttp@2367e3e{s=HttpChannelState@2bcd5f57{s=IDLE rs=BLOCKING os=OPEN is=IDLE awp=false se=false i=true al=0},r=0,c=false/false,a=IDLE,uri=null,age=0}
01:46:23.135 [qtp399373008-56] DEBUG org.eclipse.jetty.io.ManagedSelector - update org.eclipse.jetty.io.ManagedSelector$$Lambda$258/102804084@62198171
01:46:23.135 [qtp399373008-56] DEBUG org.eclipse.jetty.io.ManagedSelector - update org.eclipse.jetty.io.ChannelEndPoint$$Lambda$255/981852870@3f8dcdd4
01:46:23.135 [qtp399373008-60] DEBUG org.eclipse.jetty.util.thread.QueuedThreadPool - ran Accept@14ed89af[java.nio.channels.SocketChannel[connected local=/127.0.0.1:33719 remote=/127.0.0.1:51142]] in QueuedThreadPool[qtp399373008]@17cdf2d0{STARTED,8<=8<=200,i=2,r=-1,q=0}[ReservedThreadExecutor@424fd310{reserved=0/8,pending=0}]
01:46:23.135 [qtp399373008-56] DEBUG org.eclipse.jetty.io.ChannelEndPoint - Key interests updated 0 -> 1 on SocketChannelEndPoint@4dcc83cc{l=/127.0.0.1:33719,r=/127.0.0.1:51142,OPEN,fill=FI,flush=-,to=0/30000}{io=1/1,kio=1,kro=0}->SslConnection@23ef5d82{NOT_HANDSHAKING,eio=-1/-1,di=-1,fill=INTERESTED,flush=IDLE}~>DecryptedEndPoint@33febd77{l=/127.0.0.1:33719,r=/127.0.0.1:51142,OPEN,fill=FI,flush=-,to=1/30000}=>HttpConnection@53efc2bc[p=HttpParser{s=START,0 of -1},g=HttpGenerator@653c598d{s=START}]=>HttpChannelOverHttp@2367e3e{s=HttpChannelState@2bcd5f57{s=IDLE rs=BLOCKING os=OPEN is=IDLE awp=false se=false i=true al=0},r=0,c=false/false,a=IDLE,uri=null,age=0}
01:46:23.135 [qtp399373008-56] DEBUG org.eclipse.jetty.io.ManagedSelector - updates 0
01:46:23.135 [qtp399373008-56] DEBUG org.eclipse.jetty.io.ManagedSelector - Selector sun.nio.ch.EPollSelectorImpl@60af7bcf waiting with 1 keys
01:46:23.135 [qtp399373008-56] DEBUG org.eclipse.jetty.io.ManagedSelector - Selector sun.nio.ch.EPollSelectorImpl@60af7bcf woken up from select, 1/1/1 selected
01:46:23.135 [qtp399373008-56] DEBUG org.eclipse.jetty.io.ManagedSelector - Selector sun.nio.ch.EPollSelectorImpl@60af7bcf processing 1 keys, 0 updates
01:46:23.135 [qtp399373008-56] DEBUG org.eclipse.jetty.io.ManagedSelector - selected 1 sun.nio.ch.SelectionKeyImpl@6e6899aa SocketChannelEndPoint@4dcc83cc{l=/127.0.0.1:33719,r=/127.0.0.1:51142,OPEN,fill=FI,flush=-,to=0/30000}{io=1/1,kio=1,kro=1}->SslConnection@23ef5d82{NOT_HANDSHAKING,eio=-1/-1,di=-1,fill=INTERESTED,flush=IDLE}~>DecryptedEndPoint@33febd77{l=/127.0.0.1:33719,r=/127.0.0.1:51142,OPEN,fill=FI,flush=-,to=1/30000}=>HttpConnection@53efc2bc[p=HttpParser{s=START,0 of -1},g=HttpGenerator@653c598d{s=START}]=>HttpChannelOverHttp@2367e3e{s=HttpChannelState@2bcd5f57{s=IDLE rs=BLOCKING os=OPEN is=IDLE awp=false se=false i=true al=0},r=0,c=false/false,a=IDLE,uri=null,age=0} 
01:46:23.135 [qtp399373008-56] DEBUG org.eclipse.jetty.io.ChannelEndPoint - onSelected 1->0 r=true w=false for SocketChannelEndPoint@4dcc83cc{l=/127.0.0.1:33719,r=/127.0.0.1:51142,OPEN,fill=FI,flush=-,to=1/30000}{io=1/0,kio=1,kro=1}->SslConnection@23ef5d82{NOT_HANDSHAKING,eio=-1/-1,di=-1,fill=INTERESTED,flush=IDLE}~>DecryptedEndPoint@33febd77{l=/127.0.0.1:33719,r=/127.0.0.1:51142,OPEN,fill=FI,flush=-,to=1/30000}=>HttpConnection@53efc2bc[p=HttpParser{s=START,0 of -1},g=HttpGenerator@653c598d{s=START}]=>HttpChannelOverHttp@2367e3e{s=HttpChannelState@2bcd5f57{s=IDLE rs=BLOCKING os=OPEN is=IDLE awp=false se=false i=true al=0},r=0,c=false/false,a=IDLE,uri=null,age=0}
01:46:23.135 [qtp399373008-56] DEBUG org.eclipse.jetty.io.ChannelEndPoint - task CEP:SocketChannelEndPoint@4dcc83cc{l=/127.0.0.1:33719,r=/127.0.0.1:51142,OPEN,fill=FI,flush=-,to=1/30000}{io=1/0,kio=1,kro=1}->SslConnection@23ef5d82{NOT_HANDSHAKING,eio=-1/-1,di=-1,fill=INTERESTED,flush=IDLE}~>DecryptedEndPoint@33febd77{l=/127.0.0.1:33719,r=/127.0.0.1:51142,OPEN,fill=FI,flush=-,to=1/30000}=>HttpConnection@53efc2bc[p=HttpParser{s=START,0 of -1},g=HttpGenerator@653c598d{s=START}]=>HttpChannelOverHttp@2367e3e{s=HttpChannelState@2bcd5f57{s=IDLE rs=BLOCKING os=OPEN is=IDLE awp=false se=false i=true al=0},r=0,c=false/false,a=IDLE,uri=null,age=0}:runFillable:BLOCKING
01:46:23.135 [qtp399373008-56] DEBUG org.eclipse.jetty.util.thread.ReservedThreadExecutor - ReservedThreadExecutor@424fd310{reserved=0/8,pending=0} tryExecute EatWhatYouKill@b7838a9/SelectorProducer@696f0212/PRODUCING/p=false/QueuedThreadPool[qtp399373008]@17cdf2d0{STARTED,8<=8<=200,i=3,r=-1,q=0}[ReservedThreadExecutor@424fd310{reserved=0/8,pending=0}][pc=0,pic=0,pec=0,epc=0]@2024-05-02T01:46:23.135+01:00
01:46:23.135 [qtp399373008-56] DEBUG org.eclipse.jetty.util.thread.ReservedThreadExecutor - ReservedThreadExecutor@424fd310{reserved=0/8,pending=1} startReservedThread p=1
01:46:23.135 [qtp399373008-56] DEBUG org.eclipse.jetty.util.thread.QueuedThreadPool - queue ReservedThread@6a5710bf{PENDING,thread=null} startThread=0
01:46:23.135 [qtp399373008-61] DEBUG org.eclipse.jetty.util.thread.QueuedThreadPool - run ReservedThread@6a5710bf{PENDING,thread=null} in QueuedThreadPool[qtp399373008]@17cdf2d0{STARTED,8<=8<=200,i=2,r=-1,q=0}[ReservedThreadExecutor@424fd310{reserved=0/8,pending=1}]
01:46:23.136 [qtp399373008-61] DEBUG org.eclipse.jetty.util.thread.ReservedThreadExecutor - ReservedThread@6a5710bf{PENDING,thread=Thread[qtp399373008-61,5,main]} was=PENDING next=RESERVED size=0+1 capacity=8
01:46:23.136 [qtp399373008-61] DEBUG org.eclipse.jetty.util.thread.ReservedThreadExecutor - ReservedThread@6a5710bf{RESERVED,thread=Thread[qtp399373008-61,5,main]} waiting ReservedThreadExecutor@424fd310{reserved=1/8,pending=0}
01:46:23.136 [qtp399373008-56] DEBUG org.eclipse.jetty.util.thread.strategy.EatWhatYouKill - EatWhatYouKill@b7838a9/SelectorProducer@696f0212/PRODUCING/p=false/QueuedThreadPool[qtp399373008]@17cdf2d0{STARTED,8<=8<=200,i=2,r=-1,q=0}[ReservedThreadExecutor@424fd310{reserved=0/8,pending=1}][pc=0,pic=0,pec=0,epc=0]@2024-05-02T01:46:23.135+01:00 m=PRODUCE_EXECUTE_CONSUME t=CEP:SocketChannelEndPoint@4dcc83cc{l=/127.0.0.1:33719,r=/127.0.0.1:51142,OPEN,fill=FI,flush=-,to=1/30000}{io=1/0,kio=1,kro=1}->SslConnection@23ef5d82{NOT_HANDSHAKING,eio=-1/-1,di=-1,fill=INTERESTED,flush=IDLE}~>DecryptedEndPoint@33febd77{l=/127.0.0.1:33719,r=/127.0.0.1:51142,OPEN,fill=FI,flush=-,to=1/30000}=>HttpConnection@53efc2bc[p=HttpParser{s=START,0 of -1},g=HttpGenerator@653c598d{s=START}]=>HttpChannelOverHttp@2367e3e{s=HttpChannelState@2bcd5f57{s=IDLE rs=BLOCKING os=OPEN is=IDLE awp=false se=false i=true al=0},r=0,c=false/false,a=IDLE,uri=null,age=0}:runFillable:BLOCKING/BLOCKING
01:46:23.136 [qtp399373008-56] DEBUG org.eclipse.jetty.util.thread.QueuedThreadPool - queue CEP:SocketChannelEndPoint@4dcc83cc{l=/127.0.0.1:33719,r=/127.0.0.1:51142,OPEN,fill=FI,flush=-,to=1/30000}{io=1/0,kio=1,kro=1}->SslConnection@23ef5d82{NOT_HANDSHAKING,eio=-1/-1,di=-1,fill=INTERESTED,flush=IDLE}~>DecryptedEndPoint@33febd77{l=/127.0.0.1:33719,r=/127.0.0.1:51142,OPEN,fill=FI,flush=-,to=2/30000}=>HttpConnection@53efc2bc[p=HttpParser{s=START,0 of -1},g=HttpGenerator@653c598d{s=START}]=>HttpChannelOverHttp@2367e3e{s=HttpChannelState@2bcd5f57{s=IDLE rs=BLOCKING os=OPEN is=IDLE awp=false se=false i=true al=0},r=0,c=false/false,a=IDLE,uri=null,age=0}:runFillable:BLOCKING startThread=0
01:46:23.136 [qtp399373008-56] DEBUG org.eclipse.jetty.io.ManagedSelector - updateable 0
01:46:23.136 [qtp399373008-62] DEBUG org.eclipse.jetty.util.thread.QueuedThreadPool - run CEP:SocketChannelEndPoint@4dcc83cc{l=/127.0.0.1:33719,r=/127.0.0.1:51142,OPEN,fill=FI,flush=-,to=1/30000}{io=1/0,kio=1,kro=1}->SslConnection@23ef5d82{NOT_HANDSHAKING,eio=-1/-1,di=-1,fill=INTERESTED,flush=IDLE}~>DecryptedEndPoint@33febd77{l=/127.0.0.1:33719,r=/127.0.0.1:51142,OPEN,fill=FI,flush=-,to=2/30000}=>HttpConnection@53efc2bc[p=HttpParser{s=START,0 of -1},g=HttpGenerator@653c598d{s=START}]=>HttpChannelOverHttp@2367e3e{s=HttpChannelState@2bcd5f57{s=IDLE rs=BLOCKING os=OPEN is=IDLE awp=false se=false i=true al=0},r=0,c=false/false,a=IDLE,uri=null,age=0}:runFillable:BLOCKING in QueuedThreadPool[qtp399373008]@17cdf2d0{STARTED,8<=8<=200,i=1,r=-1,q=0}[ReservedThreadExecutor@424fd310{reserved=1/8,pending=0}]
01:46:23.136 [qtp399373008-56] DEBUG org.eclipse.jetty.io.ManagedSelector - updates 0
01:46:23.136 [qtp399373008-62] DEBUG org.eclipse.jetty.io.FillInterest - fillable FillInterest@66579fd1{SSLC.NBReadCB@23ef5d82{SslConnection@23ef5d82::SocketChannelEndPoint@4dcc83cc{l=/127.0.0.1:33719,r=/127.0.0.1:51142,OPEN,fill=FI,flush=-,to=1/30000}{io=0/0,kio=1,kro=1}->SslConnection@23ef5d82{NOT_HANDSHAKING,eio=-1/-1,di=-1,fill=INTERESTED,flush=IDLE}~>DecryptedEndPoint@33febd77{l=/127.0.0.1:33719,r=/127.0.0.1:51142,OPEN,fill=FI,flush=-,to=2/30000}=>HttpConnection@53efc2bc[p=HttpParser{s=START,0 of -1},g=HttpGenerator@653c598d{s=START}]=>HttpChannelOverHttp@2367e3e{s=HttpChannelState@2bcd5f57{s=IDLE rs=BLOCKING os=OPEN is=IDLE awp=false se=false i=true al=0},r=0,c=false/false,a=IDLE,uri=null,age=0}}}
01:46:23.136 [qtp399373008-56] DEBUG org.eclipse.jetty.io.ChannelEndPoint - Key interests updated 1 -> 0 on SocketChannelEndPoint@4dcc83cc{l=/127.0.0.1:33719,r=/127.0.0.1:51142,OPEN,fill=FI,flush=-,to=1/30000}{io=0/0,kio=0,kro=1}->SslConnection@23ef5d82{NOT_HANDSHAKING,eio=-1/-1,di=-1,fill=INTERESTED,flush=IDLE}~>DecryptedEndPoint@33febd77{l=/127.0.0.1:33719,r=/127.0.0.1:51142,OPEN,fill=FI,flush=-,to=2/30000}=>HttpConnection@53efc2bc[p=HttpParser{s=START,0 of -1},g=HttpGenerator@653c598d{s=START}]=>HttpChannelOverHttp@2367e3e{s=HttpChannelState@2bcd5f57{s=IDLE rs=BLOCKING os=OPEN is=IDLE awp=false se=false i=true al=0},r=0,c=false/false,a=IDLE,uri=null,age=0}
01:46:23.136 [qtp399373008-56] DEBUG org.eclipse.jetty.io.ManagedSelector - Selector sun.nio.ch.EPollSelectorImpl@60af7bcf waiting with 1 keys
01:46:23.136 [qtp399373008-62] DEBUG org.eclipse.jetty.io.ssl.SslConnection - >c.onFillable SslConnection@23ef5d82::SocketChannelEndPoint@4dcc83cc{l=/127.0.0.1:33719,r=/127.0.0.1:51142,OPEN,fill=-,flush=-,to=1/30000}{io=0/0,kio=0,kro=1}->SslConnection@23ef5d82{NOT_HANDSHAKING,eio=-1/-1,di=-1,fill=INTERESTED,flush=IDLE}~>DecryptedEndPoint@33febd77{l=/127.0.0.1:33719,r=/127.0.0.1:51142,OPEN,fill=FI,flush=-,to=2/30000}=>HttpConnection@53efc2bc[p=HttpParser{s=START,0 of -1},g=HttpGenerator@653c598d{s=START}]=>HttpChannelOverHttp@2367e3e{s=HttpChannelState@2bcd5f57{s=IDLE rs=BLOCKING os=OPEN is=IDLE awp=false se=false i=true al=0},r=0,c=false/false,a=IDLE,uri=null,age=0}
01:46:23.136 [qtp399373008-62] DEBUG org.eclipse.jetty.io.ssl.SslConnection - onFillable SslConnection@23ef5d82::SocketChannelEndPoint@4dcc83cc{l=/127.0.0.1:33719,r=/127.0.0.1:51142,OPEN,fill=-,flush=-,to=2/30000}{io=0/0,kio=0,kro=1}->SslConnection@23ef5d82{NOT_HANDSHAKING,eio=-1/-1,di=-1,fill=INTERESTED,flush=IDLE}~>DecryptedEndPoint@33febd77{l=/127.0.0.1:33719,r=/127.0.0.1:51142,OPEN,fill=FI,flush=-,to=2/30000}=>HttpConnection@53efc2bc[p=HttpParser{s=START,0 of -1},g=HttpGenerator@653c598d{s=START}]=>HttpChannelOverHttp@2367e3e{s=HttpChannelState@2bcd5f57{s=IDLE rs=BLOCKING os=OPEN is=IDLE awp=false se=false i=true al=0},r=0,c=false/false,a=IDLE,uri=null,age=0}
01:46:23.136 [qtp399373008-62] DEBUG org.eclipse.jetty.io.FillInterest - fillable FillInterest@48eb8db4{AC.ReadCB@53efc2bc{HttpConnection@53efc2bc::DecryptedEndPoint@33febd77{l=/127.0.0.1:33719,r=/127.0.0.1:51142,OPEN,fill=FI,flush=-,to=2/30000}}}
01:46:23.136 [qtp399373008-62] DEBUG org.eclipse.jetty.server.HttpConnection - HttpConnection@53efc2bc::DecryptedEndPoint@33febd77{l=/127.0.0.1:33719,r=/127.0.0.1:51142,OPEN,fill=-,flush=-,to=2/30000} onFillable enter HttpChannelState@2bcd5f57{s=IDLE rs=BLOCKING os=OPEN is=IDLE awp=false se=false i=true al=0} null
01:46:23.136 [qtp399373008-62] DEBUG org.eclipse.jetty.io.ssl.SslConnection - >fill SslConnection@23ef5d82::SocketChannelEndPoint@4dcc83cc{l=/127.0.0.1:33719,r=/127.0.0.1:51142,OPEN,fill=-,flush=-,to=2/30000}{io=0/0,kio=0,kro=1}->SslConnection@23ef5d82{NOT_HANDSHAKING,eio=-1/-1,di=-1,fill=IDLE,flush=IDLE}~>DecryptedEndPoint@33febd77{l=/127.0.0.1:33719,r=/127.0.0.1:51142,OPEN,fill=-,flush=-,to=2/30000}=>HttpConnection@53efc2bc[p=HttpParser{s=START,0 of -1},g=HttpGenerator@653c598d{s=START}]=>HttpChannelOverHttp@2367e3e{s=HttpChannelState@2bcd5f57{s=IDLE rs=BLOCKING os=OPEN is=IDLE awp=false se=false i=true al=0},r=0,c=false/false,a=IDLE,uri=null,age=0}
01:46:23.136 [qtp399373008-62] DEBUG org.eclipse.jetty.io.ssl.SslConnection - fill NOT_HANDSHAKING
01:46:23.137 [qtp399373008-62] DEBUG org.eclipse.jetty.io.ChannelEndPoint - filled 339 HeapByteBuffer@2f3b09c3[p=0,l=339,c=17408,r=339]={<<<\x16\x03\x03\x01N\x01\x00\x01J\x03\x03\xA84Cwoj\xD3@\xA7I\xDezh\x18...2\x96~\x07~\x1b\xEd\xC3\xA5\xD4}+\x8a\x8b<4\xCb\xEd\xFf\x01\x00\x01\x00>>>\x00\x00\x00\x00\x00\x00\x00\x00\x00...\x00\x00\x00\x00\x00\x00\x00}
01:46:23.137 [qtp399373008-62] DEBUG org.eclipse.jetty.io.ssl.SslConnection - net filled=339
01:46:23.137 [qtp399373008-62] DEBUG org.eclipse.jetty.io.ssl.SslConnection - fill starting handshake SslConnection@23ef5d82::SocketChannelEndPoint@4dcc83cc{l=/127.0.0.1:33719,r=/127.0.0.1:51142,OPEN,fill=-,flush=-,to=0/30000}{io=0/0,kio=0,kro=1}->SslConnection@23ef5d82{NOT_HANDSHAKING,eio=339/-1,di=-1,fill=IDLE,flush=IDLE}~>DecryptedEndPoint@33febd77{l=/127.0.0.1:33719,r=/127.0.0.1:51142,OPEN,fill=-,flush=-,to=3/30000}=>HttpConnection@53efc2bc[p=HttpParser{s=START,0 of -1},g=HttpGenerator@653c598d{s=START}]=>HttpChannelOverHttp@2367e3e{s=HttpChannelState@2bcd5f57{s=IDLE rs=BLOCKING os=OPEN is=IDLE awp=false se=false i=true al=0},r=0,c=false/false,a=IDLE,uri=null,age=0}
01:46:23.137 [qtp399373008-62] DEBUG org.eclipse.jetty.io.ssl.SslConnection - unwrap net_filled=339 Status = OK HandshakeStatus = NEED_TASK bytesConsumed = 339 bytesProduced = 0 encryptedBuffer=[p=339,l=339,c=17408,r=0] unwrapBuffer=HeapByteBuffer@21fcf254[p=0,l=0,c=17408,r=0]={<<<>>>\x00\x00\x00\x00\x00\x00\x00\x00\x00...\x00\x00\x00\x00\x00\x00\x00} appBuffer=HeapByteBuffer@21fcf254[p=0,l=0,c=17408,r=0]={<<<>>>\x00\x00\x00\x00\x00\x00\x00\x00\x00...\x00\x00\x00\x00\x00\x00\x00}
01:46:23.137 [qtp399373008-62] DEBUG org.eclipse.jetty.io.ssl.SslConnection - fill NEED_TASK
01:46:23.157 [qtp399373008-62] DEBUG org.eclipse.jetty.io.ssl.SslConnection - fill NEED_WRAP
01:46:23.157 [qtp399373008-62] DEBUG org.eclipse.jetty.io.ssl.SslConnection - >flush SslConnection@23ef5d82::SocketChannelEndPoint@4dcc83cc{l=/127.0.0.1:33719,r=/127.0.0.1:51142,OPEN,fill=-,flush=-,to=20/30000}{io=0/0,kio=0,kro=1}->SslConnection@23ef5d82{NEED_WRAP,eio=0/-1,di=-1,fill=IDLE,flush=IDLE}~>DecryptedEndPoint@33febd77{l=/127.0.0.1:33719,r=/127.0.0.1:51142,OPEN,fill=-,flush=-,to=23/30000}=>HttpConnection@53efc2bc[p=HttpParser{s=START,0 of -1},g=HttpGenerator@653c598d{s=START}]=>HttpChannelOverHttp@2367e3e{s=HttpChannelState@2bcd5f57{s=IDLE rs=BLOCKING os=OPEN is=IDLE awp=false se=false i=true al=0},r=0,c=false/false,a=IDLE,uri=null,age=0}
01:46:23.157 [qtp399373008-62] DEBUG org.eclipse.jetty.io.ssl.SslConnection - flush b[0]=HeapByteBuffer@98da274[p=0,l=0,c=0,r=0]={<<<>>>}
01:46:23.157 [qtp399373008-62] DEBUG org.eclipse.jetty.io.ssl.SslConnection - flush NEED_WRAP
01:46:23.157 [qtp399373008-62] DEBUG org.eclipse.jetty.io.ssl.SslConnection - wrap Status = OK HandshakeStatus = NEED_WRAP bytesConsumed = 0 bytesProduced = 160 [p=0,l=160,c=17408,r=160] ioDone=false/false
01:46:23.157 [qtp399373008-62] DEBUG org.eclipse.jetty.io.ChannelEndPoint - flushed 160 SocketChannelEndPoint@4dcc83cc{l=/127.0.0.1:33719,r=/127.0.0.1:51142,OPEN,fill=-,flush=-,to=20/30000}{io=0/0,kio=0,kro=1}->SslConnection@23ef5d82{NEED_WRAP,eio=0/0,di=-1,fill=IDLE,flush=IDLE}~>DecryptedEndPoint@33febd77{l=/127.0.0.1:33719,r=/127.0.0.1:51142,OPEN,fill=-,flush=-,to=23/30000}=>HttpConnection@53efc2bc[p=HttpParser{s=START,0 of -1},g=HttpGenerator@653c598d{s=START}]=>HttpChannelOverHttp@2367e3e{s=HttpChannelState@2bcd5f57{s=IDLE rs=BLOCKING os=OPEN is=IDLE awp=false se=false i=true al=0},r=0,c=false/false,a=IDLE,uri=null,age=0}
01:46:23.157 [qtp399373008-62] DEBUG org.eclipse.jetty.io.ssl.SslConnection - net flushed=true, ac=true
01:46:23.157 [qtp399373008-62] DEBUG org.eclipse.jetty.io.ssl.SslConnection - flush NEED_WRAP
01:46:23.157 [qtp399373008-62] DEBUG org.eclipse.jetty.io.ssl.SslConnection - wrap Status = OK HandshakeStatus = NEED_WRAP bytesConsumed = 0 bytesProduced = 6 [p=0,l=6,c=17408,r=6] ioDone=false/false
01:46:23.158 [qtp399373008-62] DEBUG org.eclipse.jetty.io.ChannelEndPoint - flushed 6 SocketChannelEndPoint@4dcc83cc{l=/127.0.0.1:33719,r=/127.0.0.1:51142,OPEN,fill=-,flush=-,to=0/30000}{io=0/0,kio=0,kro=1}->SslConnection@23ef5d82{NEED_WRAP,eio=0/0,di=-1,fill=IDLE,flush=IDLE}~>DecryptedEndPoint@33febd77{l=/127.0.0.1:33719,r=/127.0.0.1:51142,OPEN,fill=-,flush=-,to=23/30000}=>HttpConnection@53efc2bc[p=HttpParser{s=START,0 of -1},g=HttpGenerator@653c598d{s=START}]=>HttpChannelOverHttp@2367e3e{s=HttpChannelState@2bcd5f57{s=IDLE rs=BLOCKING os=OPEN is=IDLE awp=false se=false i=true al=0},r=0,c=false/false,a=IDLE,uri=null,age=0}
01:46:23.158 [qtp399373008-62] DEBUG org.eclipse.jetty.io.ssl.SslConnection - net flushed=true, ac=true
01:46:23.158 [qtp399373008-62] DEBUG org.eclipse.jetty.io.ssl.SslConnection - flush NEED_WRAP
01:46:23.158 [qtp399373008-62] DEBUG org.eclipse.jetty.io.ssl.SslConnection - wrap Status = OK HandshakeStatus = NEED_UNWRAP bytesConsumed = 0 bytesProduced = 1597 [p=0,l=1597,c=17408,r=1597] ioDone=false/false
01:46:23.158 [qtp399373008-62] DEBUG org.eclipse.jetty.io.ChannelEndPoint - flushed 1597 SocketChannelEndPoint@4dcc83cc{l=/127.0.0.1:33719,r=/127.0.0.1:51142,OPEN,fill=-,flush=-,to=0/30000}{io=0/0,kio=0,kro=1}->SslConnection@23ef5d82{NEED_UNWRAP,eio=0/0,di=-1,fill=IDLE,flush=IDLE}~>DecryptedEndPoint@33febd77{l=/127.0.0.1:33719,r=/127.0.0.1:51142,OPEN,fill=-,flush=-,to=24/30000}=>HttpConnection@53efc2bc[p=HttpParser{s=START,0 of -1},g=HttpGenerator@653c598d{s=START}]=>HttpChannelOverHttp@2367e3e{s=HttpChannelState@2bcd5f57{s=IDLE rs=BLOCKING os=OPEN is=IDLE awp=false se=false i=true al=0},r=0,c=false/false,a=IDLE,uri=null,age=0}
01:46:23.159 [qtp399373008-62] DEBUG org.eclipse.jetty.io.ssl.SslConnection - net flushed=true, ac=true
01:46:23.159 [qtp399373008-62] DEBUG org.eclipse.jetty.io.ssl.SslConnection - <flush true SslConnection@23ef5d82::SocketChannelEndPoint@4dcc83cc{l=/127.0.0.1:33719,r=/127.0.0.1:51142,OPEN,fill=-,flush=-,to=0/30000}{io=0/0,kio=0,kro=1}->SslConnection@23ef5d82{NEED_UNWRAP,eio=0/-1,di=-1,fill=IDLE,flush=IDLE}~>DecryptedEndPoint@33febd77{l=/127.0.0.1:33719,r=/127.0.0.1:51142,OPEN,fill=-,flush=-,to=25/30000}=>HttpConnection@53efc2bc[p=HttpParser{s=START,0 of -1},g=HttpGenerator@653c598d{s=START}]=>HttpChannelOverHttp@2367e3e{s=HttpChannelState@2bcd5f57{s=IDLE rs=BLOCKING os=OPEN is=IDLE awp=false se=false i=true al=0},r=0,c=false/false,a=IDLE,uri=null,age=0}
01:46:23.159 [qtp399373008-62] DEBUG org.eclipse.jetty.io.ssl.SslConnection - fill NEED_UNWRAP
01:46:23.159 [qtp399373008-62] DEBUG org.eclipse.jetty.io.ChannelEndPoint - filled 0 HeapByteBuffer@2f3b09c3[p=0,l=0,c=17408,r=0]={<<<>>>\x16\x03\x03\x01N\x01\x00\x01J...\x00\x00\x00\x00\x00\x00\x00}
01:46:23.159 [qtp399373008-62] DEBUG org.eclipse.jetty.io.ssl.SslConnection - net filled=0
01:46:23.159 [qtp399373008-62] DEBUG org.eclipse.jetty.io.ssl.SslConnection - unwrap net_filled=0 Status = BUFFER_UNDERFLOW HandshakeStatus = NEED_UNWRAP bytesConsumed = 0 bytesProduced = 0 encryptedBuffer=[p=0,l=0,c=17408,r=0] unwrapBuffer=HeapByteBuffer@21fcf254[p=0,l=0,c=17408,r=0]={<<<>>>\x00\x00\x00\x00\x00\x00\x00\x00\x00...\x00\x00\x00\x00\x00\x00\x00} appBuffer=HeapByteBuffer@21fcf254[p=0,l=0,c=17408,r=0]={<<<>>>\x00\x00\x00\x00\x00\x00\x00\x00\x00...\x00\x00\x00\x00\x00\x00\x00}
01:46:23.159 [qtp399373008-62] DEBUG org.eclipse.jetty.io.ssl.SslConnection - <fill f=0 uf=true SslConnection@23ef5d82::SocketChannelEndPoint@4dcc83cc{l=/127.0.0.1:33719,r=/127.0.0.1:51142,OPEN,fill=-,flush=-,to=0/30000}{io=0/0,kio=0,kro=1}->SslConnection@23ef5d82{NEED_UNWRAP,eio=-1/-1,di=-1,fill=IDLE,flush=IDLE}~>DecryptedEndPoint@33febd77{l=/127.0.0.1:33719,r=/127.0.0.1:51142,OPEN,fill=-,flush=-,to=25/30000}=>HttpConnection@53efc2bc[p=HttpParser{s=START,0 of -1},g=HttpGenerator@653c598d{s=START}]=>HttpChannelOverHttp@2367e3e{s=HttpChannelState@2bcd5f57{s=IDLE rs=BLOCKING os=OPEN is=IDLE awp=false se=false i=true al=0},r=0,c=false/false,a=IDLE,uri=null,age=0}
01:46:23.159 [qtp399373008-62] DEBUG org.eclipse.jetty.io.ssl.SslConnection - >fill SslConnection@23ef5d82::SocketChannelEndPoint@4dcc83cc{l=/127.0.0.1:33719,r=/127.0.0.1:51142,OPEN,fill=-,flush=-,to=0/30000}{io=0/0,kio=0,kro=1}->SslConnection@23ef5d82{NEED_UNWRAP,eio=-1/-1,di=-1,fill=IDLE,flush=IDLE}~>DecryptedEndPoint@33febd77{l=/127.0.0.1:33719,r=/127.0.0.1:51142,OPEN,fill=-,flush=-,to=25/30000}=>HttpConnection@53efc2bc[p=HttpParser{s=START,0 of -1},g=HttpGenerator@653c598d{s=START}]=>HttpChannelOverHttp@2367e3e{s=HttpChannelState@2bcd5f57{s=IDLE rs=BLOCKING os=OPEN is=IDLE awp=false se=false i=true al=0},r=0,c=false/false,a=IDLE,uri=null,age=0}
01:46:23.159 [qtp399373008-62] DEBUG org.eclipse.jetty.io.ssl.SslConnection - fill NEED_UNWRAP
01:46:23.159 [qtp399373008-62] DEBUG org.eclipse.jetty.io.ChannelEndPoint - filled 0 HeapByteBuffer@25c362b3[p=0,l=0,c=17408,r=0]={<<<>>>\x17\x03\x03\x068\xD7\xBd\xDb\x06...\x00\x00\x00\x00\x00\x00\x00}
01:46:23.159 [qtp399373008-62] DEBUG org.eclipse.jetty.io.ssl.SslConnection - net filled=0
01:46:23.159 [qtp399373008-62] DEBUG org.eclipse.jetty.io.ssl.SslConnection - unwrap net_filled=0 Status = BUFFER_UNDERFLOW HandshakeStatus = NEED_UNWRAP bytesConsumed = 0 bytesProduced = 0 encryptedBuffer=[p=0,l=0,c=17408,r=0] unwrapBuffer=HeapByteBuffer@21fcf254[p=0,l=0,c=17408,r=0]={<<<>>>\x00\x00\x00\x00\x00\x00\x00\x00\x00...\x00\x00\x00\x00\x00\x00\x00} appBuffer=HeapByteBuffer@21fcf254[p=0,l=0,c=17408,r=0]={<<<>>>\x00\x00\x00\x00\x00\x00\x00\x00\x00...\x00\x00\x00\x00\x00\x00\x00}
01:46:23.159 [qtp399373008-62] DEBUG org.eclipse.jetty.io.ssl.SslConnection - <fill f=0 uf=true SslConnection@23ef5d82::SocketChannelEndPoint@4dcc83cc{l=/127.0.0.1:33719,r=/127.0.0.1:51142,OPEN,fill=-,flush=-,to=0/30000}{io=0/0,kio=0,kro=1}->SslConnection@23ef5d82{NEED_UNWRAP,eio=-1/-1,di=-1,fill=IDLE,flush=IDLE}~>DecryptedEndPoint@33febd77{l=/127.0.0.1:33719,r=/127.0.0.1:51142,OPEN,fill=-,flush=-,to=25/30000}=>HttpConnection@53efc2bc[p=HttpParser{s=START,0 of -1},g=HttpGenerator@653c598d{s=START}]=>HttpChannelOverHttp@2367e3e{s=HttpChannelState@2bcd5f57{s=IDLE rs=BLOCKING os=OPEN is=IDLE awp=false se=false i=true al=0},r=0,c=false/false,a=IDLE,uri=null,age=0}
01:46:23.159 [qtp399373008-62] DEBUG org.eclipse.jetty.server.HttpConnection - HttpConnection@53efc2bc::DecryptedEndPoint@33febd77{l=/127.0.0.1:33719,r=/127.0.0.1:51142,OPEN,fill=-,flush=-,to=25/30000} filled 0 HeapByteBuffer@21fcf254[p=0,l=0,c=17408,r=0]={<<<>>>\x00\x00\x00\x00\x00\x00\x00\x00\x00...\x00\x00\x00\x00\x00\x00\x00}
01:46:23.159 [qtp399373008-62] DEBUG org.eclipse.jetty.server.HttpConnection - HttpConnection@53efc2bc::DecryptedEndPoint@33febd77{l=/127.0.0.1:33719,r=/127.0.0.1:51142,OPEN,fill=-,flush=-,to=25/30000} parse HeapByteBuffer@21fcf254[p=0,l=0,c=17408,r=0]={<<<>>>\x00\x00\x00\x00\x00\x00\x00\x00\x00...\x00\x00\x00\x00\x00\x00\x00} {}
01:46:23.160 [qtp399373008-62] DEBUG org.eclipse.jetty.http.HttpParser - parseNext s=START HeapByteBuffer@21fcf254[p=0,l=0,c=17408,r=0]={<<<>>>\x00\x00\x00\x00\x00\x00\x00\x00\x00...\x00\x00\x00\x00\x00\x00\x00}
01:46:23.160 [qtp399373008-62] DEBUG org.eclipse.jetty.server.HttpConnection - HttpConnection@53efc2bc::DecryptedEndPoint@33febd77{l=/127.0.0.1:33719,r=/127.0.0.1:51142,OPEN,fill=-,flush=-,to=25/30000} parsed false HttpParser{s=START,0 of -1}
01:46:23.160 [qtp399373008-62] DEBUG org.eclipse.jetty.server.HttpConnection - releaseRequestBuffer HttpConnection@53efc2bc::DecryptedEndPoint@33febd77{l=/127.0.0.1:33719,r=/127.0.0.1:51142,OPEN,fill=-,flush=-,to=25/30000}
01:46:23.160 [qtp399373008-62] DEBUG org.eclipse.jetty.io.AbstractConnection - fillInterested HttpConnection@53efc2bc::DecryptedEndPoint@33febd77{l=/127.0.0.1:33719,r=/127.0.0.1:51142,OPEN,fill=-,flush=-,to=26/30000}
01:46:23.160 [qtp399373008-62] DEBUG org.eclipse.jetty.io.FillInterest - interested FillInterest@48eb8db4{AC.ReadCB@53efc2bc{HttpConnection@53efc2bc::DecryptedEndPoint@33febd77{l=/127.0.0.1:33719,r=/127.0.0.1:51142,OPEN,fill=FI,flush=-,to=0/30000}}}
01:46:23.160 [qtp399373008-62] DEBUG org.eclipse.jetty.io.ssl.SslConnection - >needFillInterest s=IDLE/IDLE uf=true ei=null di=null SslConnection@23ef5d82::SocketChannelEndPoint@4dcc83cc{l=/127.0.0.1:33719,r=/127.0.0.1:51142,OPEN,fill=-,flush=-,to=1/30000}{io=0/0,kio=0,kro=1}->SslConnection@23ef5d82{NEED_UNWRAP,eio=-1/-1,di=-1,fill=IDLE,flush=IDLE}~>DecryptedEndPoint@33febd77{l=/127.0.0.1:33719,r=/127.0.0.1:51142,OPEN,fill=FI,flush=-,to=0/30000}=>HttpConnection@53efc2bc[p=HttpParser{s=START,0 of -1},g=HttpGenerator@653c598d{s=START}]=>HttpChannelOverHttp@2367e3e{s=HttpChannelState@2bcd5f57{s=IDLE rs=BLOCKING os=OPEN is=IDLE awp=false se=false i=true al=0},r=0,c=false/false,a=IDLE,uri=null,age=0}
01:46:23.160 [qtp399373008-62] DEBUG org.eclipse.jetty.io.ssl.SslConnection - <needFillInterest s=IDLE/INTERESTED f=false i=true w=null
01:46:23.160 [qtp399373008-62] DEBUG org.eclipse.jetty.io.ssl.SslConnection - ensureFillInterested SslConnection@23ef5d82::SocketChannelEndPoint@4dcc83cc{l=/127.0.0.1:33719,r=/127.0.0.1:51142,OPEN,fill=-,flush=-,to=1/30000}{io=0/0,kio=0,kro=1}->SslConnection@23ef5d82{NEED_UNWRAP,eio=-1/-1,di=-1,fill=INTERESTED,flush=IDLE}~>DecryptedEndPoint@33febd77{l=/127.0.0.1:33719,r=/127.0.0.1:51142,OPEN,fill=FI,flush=-,to=0/30000}=>HttpConnection@53efc2bc[p=HttpParser{s=START,0 of -1},g=HttpGenerator@653c598d{s=START}]=>HttpChannelOverHttp@2367e3e{s=HttpChannelState@2bcd5f57{s=IDLE rs=BLOCKING os=OPEN is=IDLE awp=false se=false i=true al=0},r=0,c=false/false,a=IDLE,uri=null,age=0}
01:46:23.160 [qtp399373008-62] DEBUG org.eclipse.jetty.io.FillInterest - interested FillInterest@66579fd1{SSLC.NBReadCB@23ef5d82{SslConnection@23ef5d82::SocketChannelEndPoint@4dcc83cc{l=/127.0.0.1:33719,r=/127.0.0.1:51142,OPEN,fill=FI,flush=-,to=0/30000}{io=0/0,kio=0,kro=1}->SslConnection@23ef5d82{NEED_UNWRAP,eio=-1/-1,di=-1,fill=INTERESTED,flush=IDLE}~>DecryptedEndPoint@33febd77{l=/127.0.0.1:33719,r=/127.0.0.1:51142,OPEN,fill=FI,flush=-,to=0/30000}=>HttpConnection@53efc2bc[p=HttpParser{s=START,0 of -1},g=HttpGenerator@653c598d{s=START}]=>HttpChannelOverHttp@2367e3e{s=HttpChannelState@2bcd5f57{s=IDLE rs=BLOCKING os=OPEN is=IDLE awp=false se=false i=true al=0},r=0,c=false/false,a=IDLE,uri=null,age=0}}}
01:46:23.160 [qtp399373008-62] DEBUG org.eclipse.jetty.io.ChannelEndPoint - changeInterests p=false 0->1 for SocketChannelEndPoint@4dcc83cc{l=/127.0.0.1:33719,r=/127.0.0.1:51142,OPEN,fill=FI,flush=-,to=0/30000}{io=0/1,kio=0,kro=1}->SslConnection@23ef5d82{NEED_UNWRAP,eio=-1/-1,di=-1,fill=INTERESTED,flush=IDLE}~>DecryptedEndPoint@33febd77{l=/127.0.0.1:33719,r=/127.0.0.1:51142,OPEN,fill=FI,flush=-,to=0/30000}=>HttpConnection@53efc2bc[p=HttpParser{s=START,0 of -1},g=HttpGenerator@653c598d{s=START}]=>HttpChannelOverHttp@2367e3e{s=HttpChannelState@2bcd5f57{s=IDLE rs=BLOCKING os=OPEN is=IDLE awp=false se=false i=true al=0},r=0,c=false/false,a=IDLE,uri=null,age=0}
01:46:23.160 [qtp399373008-62] DEBUG org.eclipse.jetty.io.ManagedSelector - Queued change lazy=false org.eclipse.jetty.io.ChannelEndPoint$$Lambda$255/981852870@3f8dcdd4 on ManagedSelector@5733f295{STARTED} id=1 keys=1 selected=0 updates=0
01:46:23.160 [qtp399373008-62] DEBUG org.eclipse.jetty.io.ManagedSelector - Wakeup on submit ManagedSelector@5733f295{STARTED} id=1 keys=1 selected=0 updates=1
01:46:23.161 [qtp399373008-56] DEBUG org.eclipse.jetty.io.ManagedSelector - Selector sun.nio.ch.EPollSelectorImpl@60af7bcf woken with none selected
01:46:23.161 [qtp399373008-62] DEBUG org.eclipse.jetty.server.HttpConnection - HttpConnection@53efc2bc::DecryptedEndPoint@33febd77{l=/127.0.0.1:33719,r=/127.0.0.1:51142,OPEN,fill=FI,flush=-,to=0/30000} onFillable exit HttpChannelState@2bcd5f57{s=IDLE rs=BLOCKING os=OPEN is=IDLE awp=false se=false i=true al=0} null
01:46:23.161 [qtp399373008-56] DEBUG org.eclipse.jetty.io.ManagedSelector - Selector sun.nio.ch.EPollSelectorImpl@60af7bcf woken up from select, 0/0/1 selected
01:46:23.161 [qtp399373008-56] DEBUG org.eclipse.jetty.io.ManagedSelector - Selector sun.nio.ch.EPollSelectorImpl@60af7bcf processing 0 keys, 1 updates
01:46:23.161 [qtp399373008-56] DEBUG org.eclipse.jetty.io.ManagedSelector - updateable 1
01:46:23.161 [qtp399373008-56] DEBUG org.eclipse.jetty.io.ManagedSelector - update org.eclipse.jetty.io.ChannelEndPoint$$Lambda$255/981852870@3f8dcdd4
01:46:23.161 [qtp399373008-62] DEBUG org.eclipse.jetty.io.ssl.SslConnection - <c.onFillable SslConnection@23ef5d82::SocketChannelEndPoint@4dcc83cc{l=/127.0.0.1:33719,r=/127.0.0.1:51142,OPEN,fill=FI,flush=-,to=0/30000}{io=0/1,kio=0,kro=1}->SslConnection@23ef5d82{NEED_UNWRAP,eio=-1/-1,di=-1,fill=INTERESTED,flush=IDLE}~>DecryptedEndPoint@33febd77{l=/127.0.0.1:33719,r=/127.0.0.1:51142,OPEN,fill=FI,flush=-,to=1/30000}=>HttpConnection@53efc2bc[p=HttpParser{s=START,0 of -1},g=HttpGenerator@653c598d{s=START}]=>HttpChannelOverHttp@2367e3e{s=HttpChannelState@2bcd5f57{s=IDLE rs=BLOCKING os=OPEN is=IDLE awp=false se=false i=true al=0},r=0,c=false/false,a=IDLE,uri=null,age=0}
01:46:23.161 [qtp399373008-56] DEBUG org.eclipse.jetty.io.ChannelEndPoint - Key interests updated 0 -> 1 on SocketChannelEndPoint@4dcc83cc{l=/127.0.0.1:33719,r=/127.0.0.1:51142,OPEN,fill=FI,flush=-,to=0/30000}{io=1/1,kio=1,kro=1}->SslConnection@23ef5d82{NEED_UNWRAP,eio=-1/-1,di=-1,fill=INTERESTED,flush=IDLE}~>DecryptedEndPoint@33febd77{l=/127.0.0.1:33719,r=/127.0.0.1:51142,OPEN,fill=FI,flush=-,to=1/30000}=>HttpConnection@53efc2bc[p=HttpParser{s=START,0 of -1},g=HttpGenerator@653c598d{s=START}]=>HttpChannelOverHttp@2367e3e{s=HttpChannelState@2bcd5f57{s=IDLE rs=BLOCKING os=OPEN is=IDLE awp=false se=false i=true al=0},r=0,c=false/false,a=IDLE,uri=null,age=0}
01:46:23.161 [qtp399373008-56] DEBUG org.eclipse.jetty.io.ManagedSelector - updates 0
01:46:23.161 [qtp399373008-62] DEBUG org.eclipse.jetty.util.thread.QueuedThreadPool - ran CEP:SocketChannelEndPoint@4dcc83cc{l=/127.0.0.1:33719,r=/127.0.0.1:51142,OPEN,fill=FI,flush=-,to=1/30000}{io=1/1,kio=1,kro=1}->SslConnection@23ef5d82{NEED_UNWRAP,eio=-1/-1,di=-1,fill=INTERESTED,flush=IDLE}~>DecryptedEndPoint@33febd77{l=/127.0.0.1:33719,r=/127.0.0.1:51142,OPEN,fill=FI,flush=-,to=1/30000}=>HttpConnection@53efc2bc[p=HttpParser{s=START,0 of -1},g=HttpGenerator@653c598d{s=START}]=>HttpChannelOverHttp@2367e3e{s=HttpChannelState@2bcd5f57{s=IDLE rs=BLOCKING os=OPEN is=IDLE awp=false se=false i=true al=0},r=0,c=false/false,a=IDLE,uri=null,age=0}:runFillable:BLOCKING in QueuedThreadPool[qtp399373008]@17cdf2d0{STARTED,8<=8<=200,i=1,r=-1,q=0}[ReservedThreadExecutor@424fd310{reserved=1/8,pending=0}]
01:46:23.161 [qtp399373008-56] DEBUG org.eclipse.jetty.io.ManagedSelector - Selector sun.nio.ch.EPollSelectorImpl@60af7bcf waiting with 1 keys
01:46:23.161 [qtp399373008-56] DEBUG org.eclipse.jetty.io.ManagedSelector - Selector sun.nio.ch.EPollSelectorImpl@60af7bcf woken up from select, 1/1/1 selected
01:46:23.161 [qtp399373008-56] DEBUG org.eclipse.jetty.io.ManagedSelector - Selector sun.nio.ch.EPollSelectorImpl@60af7bcf processing 1 keys, 0 updates
01:46:23.162 [qtp399373008-56] DEBUG org.eclipse.jetty.io.ManagedSelector - selected 1 sun.nio.ch.SelectionKeyImpl@6e6899aa SocketChannelEndPoint@4dcc83cc{l=/127.0.0.1:33719,r=/127.0.0.1:51142,OPEN,fill=FI,flush=-,to=1/30000}{io=1/1,kio=1,kro=1}->SslConnection@23ef5d82{NEED_UNWRAP,eio=-1/-1,di=-1,fill=INTERESTED,flush=IDLE}~>DecryptedEndPoint@33febd77{l=/127.0.0.1:33719,r=/127.0.0.1:51142,OPEN,fill=FI,flush=-,to=1/30000}=>HttpConnection@53efc2bc[p=HttpParser{s=START,0 of -1},g=HttpGenerator@653c598d{s=START}]=>HttpChannelOverHttp@2367e3e{s=HttpChannelState@2bcd5f57{s=IDLE rs=BLOCKING os=OPEN is=IDLE awp=false se=false i=true al=0},r=0,c=false/false,a=IDLE,uri=null,age=0} 
01:46:23.162 [qtp399373008-56] DEBUG org.eclipse.jetty.io.ChannelEndPoint - onSelected 1->0 r=true w=false for SocketChannelEndPoint@4dcc83cc{l=/127.0.0.1:33719,r=/127.0.0.1:51142,OPEN,fill=FI,flush=-,to=1/30000}{io=1/0,kio=1,kro=1}->SslConnection@23ef5d82{NEED_UNWRAP,eio=-1/-1,di=-1,fill=INTERESTED,flush=IDLE}~>DecryptedEndPoint@33febd77{l=/127.0.0.1:33719,r=/127.0.0.1:51142,OPEN,fill=FI,flush=-,to=1/30000}=>HttpConnection@53efc2bc[p=HttpParser{s=START,0 of -1},g=HttpGenerator@653c598d{s=START}]=>HttpChannelOverHttp@2367e3e{s=HttpChannelState@2bcd5f57{s=IDLE rs=BLOCKING os=OPEN is=IDLE awp=false se=false i=true al=0},r=0,c=false/false,a=IDLE,uri=null,age=0}
01:46:23.162 [qtp399373008-56] DEBUG org.eclipse.jetty.io.ChannelEndPoint - task CEP:SocketChannelEndPoint@4dcc83cc{l=/127.0.0.1:33719,r=/127.0.0.1:51142,OPEN,fill=FI,flush=-,to=1/30000}{io=1/0,kio=1,kro=1}->SslConnection@23ef5d82{NEED_UNWRAP,eio=-1/-1,di=-1,fill=INTERESTED,flush=IDLE}~>DecryptedEndPoint@33febd77{l=/127.0.0.1:33719,r=/127.0.0.1:51142,OPEN,fill=FI,flush=-,to=2/30000}=>HttpConnection@53efc2bc[p=HttpParser{s=START,0 of -1},g=HttpGenerator@653c598d{s=START}]=>HttpChannelOverHttp@2367e3e{s=HttpChannelState@2bcd5f57{s=IDLE rs=BLOCKING os=OPEN is=IDLE awp=false se=false i=true al=0},r=0,c=false/false,a=IDLE,uri=null,age=0}:runFillable:BLOCKING
01:46:23.162 [qtp399373008-56] DEBUG org.eclipse.jetty.util.thread.ReservedThreadExecutor - ReservedThreadExecutor@424fd310{reserved=1/8,pending=0} tryExecute EatWhatYouKill@b7838a9/SelectorProducer@696f0212/PRODUCING/p=false/QueuedThreadPool[qtp399373008]@17cdf2d0{STARTED,8<=8<=200,i=2,r=-1,q=0}[ReservedThreadExecutor@424fd310{reserved=1/8,pending=0}][pc=0,pic=0,pec=1,epc=0]@2024-05-02T01:46:23.162+01:00
01:46:23.162 [qtp399373008-56] DEBUG org.eclipse.jetty.util.thread.ReservedThreadExecutor - ReservedThreadExecutor@424fd310{reserved=0/8,pending=1} startReservedThread p=1
01:46:23.162 [qtp399373008-56] DEBUG org.eclipse.jetty.util.thread.QueuedThreadPool - queue ReservedThread@2f559391{PENDING,thread=null} startThread=0
01:46:23.162 [qtp399373008-60] DEBUG org.eclipse.jetty.util.thread.QueuedThreadPool - run ReservedThread@2f559391{PENDING,thread=null} in QueuedThreadPool[qtp399373008]@17cdf2d0{STARTED,8<=8<=200,i=1,r=-1,q=0}[ReservedThreadExecutor@424fd310{reserved=0/8,pending=1}]
01:46:23.162 [qtp399373008-60] DEBUG org.eclipse.jetty.util.thread.ReservedThreadExecutor - ReservedThread@2f559391{PENDING,thread=Thread[qtp399373008-60,5,main]} was=PENDING next=RESERVED size=0+1 capacity=8
01:46:23.163 [qtp399373008-60] DEBUG org.eclipse.jetty.util.thread.ReservedThreadExecutor - ReservedThread@2f559391{RESERVED,thread=Thread[qtp399373008-60,5,main]} waiting ReservedThreadExecutor@424fd310{reserved=1/8,pending=0}
01:46:23.163 [qtp399373008-56] DEBUG org.eclipse.jetty.util.thread.strategy.EatWhatYouKill - EatWhatYouKill@b7838a9/SelectorProducer@696f0212/IDLE/p=true/QueuedThreadPool[qtp399373008]@17cdf2d0{STARTED,8<=8<=200,i=1,r=-1,q=0}[ReservedThreadExecutor@424fd310{reserved=0/8,pending=1}][pc=0,pic=0,pec=1,epc=0]@2024-05-02T01:46:23.162+01:00 m=EXECUTE_PRODUCE_CONSUME t=CEP:SocketChannelEndPoint@4dcc83cc{l=/127.0.0.1:33719,r=/127.0.0.1:51142,OPEN,fill=FI,flush=-,to=2/30000}{io=1/0,kio=1,kro=1}->SslConnection@23ef5d82{NEED_UNWRAP,eio=-1/-1,di=-1,fill=INTERESTED,flush=IDLE}~>DecryptedEndPoint@33febd77{l=/127.0.0.1:33719,r=/127.0.0.1:51142,OPEN,fill=FI,flush=-,to=2/30000}=>HttpConnection@53efc2bc[p=HttpParser{s=START,0 of -1},g=HttpGenerator@653c598d{s=START}]=>HttpChannelOverHttp@2367e3e{s=HttpChannelState@2bcd5f57{s=IDLE rs=BLOCKING os=OPEN is=IDLE awp=false se=false i=true al=0},r=0,c=false/false,a=IDLE,uri=null,age=0}:runFillable:BLOCKING/BLOCKING
01:46:23.163 [qtp399373008-61] DEBUG org.eclipse.jetty.util.thread.ReservedThreadExecutor - ReservedThread@6a5710bf{RESERVED,thread=Thread[qtp399373008-61,5,main]} task=EatWhatYouKill@b7838a9/SelectorProducer@696f0212/IDLE/p=true/QueuedThreadPool[qtp399373008]@17cdf2d0{STARTED,8<=8<=200,i=1,r=-1,q=0}[ReservedThreadExecutor@424fd310{reserved=1/8,pending=0}][pc=0,pic=0,pec=1,epc=0]@2024-05-02T01:46:23.163+01:00 ReservedThreadExecutor@424fd310{reserved=1/8,pending=0}
01:46:23.163 [qtp399373008-56] DEBUG org.eclipse.jetty.io.FillInterest - fillable FillInterest@66579fd1{SSLC.NBReadCB@23ef5d82{SslConnection@23ef5d82::SocketChannelEndPoint@4dcc83cc{l=/127.0.0.1:33719,r=/127.0.0.1:51142,OPEN,fill=FI,flush=-,to=2/30000}{io=1/0,kio=1,kro=1}->SslConnection@23ef5d82{NEED_UNWRAP,eio=-1/-1,di=-1,fill=INTERESTED,flush=IDLE}~>DecryptedEndPoint@33febd77{l=/127.0.0.1:33719,r=/127.0.0.1:51142,OPEN,fill=FI,flush=-,to=3/30000}=>HttpConnection@53efc2bc[p=HttpParser{s=START,0 of -1},g=HttpGenerator@653c598d{s=START}]=>HttpChannelOverHttp@2367e3e{s=HttpChannelState@2bcd5f57{s=IDLE rs=BLOCKING os=OPEN is=IDLE awp=false se=false i=true al=0},r=0,c=false/false,a=IDLE,uri=null,age=0}}}
01:46:23.163 [qtp399373008-61] DEBUG org.eclipse.jetty.util.thread.strategy.EatWhatYouKill - EatWhatYouKill@b7838a9/SelectorProducer@696f0212/IDLE/p=true/QueuedThreadPool[qtp399373008]@17cdf2d0{STARTED,8<=8<=200,i=1,r=-1,q=0}[ReservedThreadExecutor@424fd310{reserved=1/8,pending=0}][pc=0,pic=0,pec=1,epc=1]@2024-05-02T01:46:23.163+01:00 tryProduce true
01:46:23.163 [qtp399373008-56] DEBUG org.eclipse.jetty.io.ssl.SslConnection - >c.onFillable SslConnection@23ef5d82::SocketChannelEndPoint@4dcc83cc{l=/127.0.0.1:33719,r=/127.0.0.1:51142,OPEN,fill=-,flush=-,to=2/30000}{io=1/0,kio=1,kro=1}->SslConnection@23ef5d82{NEED_UNWRAP,eio=-1/-1,di=-1,fill=INTERESTED,flush=IDLE}~>DecryptedEndPoint@33febd77{l=/127.0.0.1:33719,r=/127.0.0.1:51142,OPEN,fill=FI,flush=-,to=3/30000}=>HttpConnection@53efc2bc[p=HttpParser{s=START,0 of -1},g=HttpGenerator@653c598d{s=START}]=>HttpChannelOverHttp@2367e3e{s=HttpChannelState@2bcd5f57{s=IDLE rs=BLOCKING os=OPEN is=IDLE awp=false se=false i=true al=0},r=0,c=false/false,a=IDLE,uri=null,age=0}
01:46:23.163 [qtp399373008-56] DEBUG org.eclipse.jetty.io.ssl.SslConnection - onFillable SslConnection@23ef5d82::SocketChannelEndPoint@4dcc83cc{l=/127.0.0.1:33719,r=/127.0.0.1:51142,OPEN,fill=-,flush=-,to=3/30000}{io=1/0,kio=1,kro=1}->SslConnection@23ef5d82{NEED_UNWRAP,eio=-1/-1,di=-1,fill=INTERESTED,flush=IDLE}~>DecryptedEndPoint@33febd77{l=/127.0.0.1:33719,r=/127.0.0.1:51142,OPEN,fill=FI,flush=-,to=3/30000}=>HttpConnection@53efc2bc[p=HttpParser{s=START,0 of -1},g=HttpGenerator@653c598d{s=START}]=>HttpChannelOverHttp@2367e3e{s=HttpChannelState@2bcd5f57{s=IDLE rs=BLOCKING os=OPEN is=IDLE awp=false se=false i=true al=0},r=0,c=false/false,a=IDLE,uri=null,age=0}
01:46:23.163 [qtp399373008-56] DEBUG org.eclipse.jetty.io.FillInterest - fillable FillInterest@48eb8db4{AC.ReadCB@53efc2bc{HttpConnection@53efc2bc::DecryptedEndPoint@33febd77{l=/127.0.0.1:33719,r=/127.0.0.1:51142,OPEN,fill=FI,flush=-,to=3/30000}}}
01:46:23.163 [qtp399373008-61] DEBUG org.eclipse.jetty.io.ManagedSelector - updateable 0
01:46:23.163 [qtp399373008-61] DEBUG org.eclipse.jetty.io.ManagedSelector - updates 0
01:46:23.163 [qtp399373008-56] DEBUG org.eclipse.jetty.server.HttpConnection - HttpConnection@53efc2bc::DecryptedEndPoint@33febd77{l=/127.0.0.1:33719,r=/127.0.0.1:51142,OPEN,fill=-,flush=-,to=3/30000} onFillable enter HttpChannelState@2bcd5f57{s=IDLE rs=BLOCKING os=OPEN is=IDLE awp=false se=false i=true al=0} null
01:46:23.164 [qtp399373008-61] DEBUG org.eclipse.jetty.io.ChannelEndPoint - Key interests updated 1 -> 0 on SocketChannelEndPoint@4dcc83cc{l=/127.0.0.1:33719,r=/127.0.0.1:51142,OPEN,fill=-,flush=-,to=3/30000}{io=0/0,kio=0,kro=1}->SslConnection@23ef5d82{NEED_UNWRAP,eio=-1/-1,di=-1,fill=IDLE,flush=IDLE}~>DecryptedEndPoint@33febd77{l=/127.0.0.1:33719,r=/127.0.0.1:51142,OPEN,fill=-,flush=-,to=4/30000}=>HttpConnection@53efc2bc[p=HttpParser{s=START,0 of -1},g=HttpGenerator@653c598d{s=START}]=>HttpChannelOverHttp@2367e3e{s=HttpChannelState@2bcd5f57{s=IDLE rs=BLOCKING os=OPEN is=IDLE awp=false se=false i=true al=0},r=0,c=false/false,a=IDLE,uri=null,age=0}
01:46:23.164 [qtp399373008-61] DEBUG org.eclipse.jetty.io.ManagedSelector - Selector sun.nio.ch.EPollSelectorImpl@60af7bcf waiting with 1 keys
01:46:23.164 [qtp399373008-56] DEBUG org.eclipse.jetty.io.ssl.SslConnection - >fill SslConnection@23ef5d82::SocketChannelEndPoint@4dcc83cc{l=/127.0.0.1:33719,r=/127.0.0.1:51142,OPEN,fill=-,flush=-,to=3/30000}{io=0/0,kio=0,kro=1}->SslConnection@23ef5d82{NEED_UNWRAP,eio=-1/-1,di=-1,fill=IDLE,flush=IDLE}~>DecryptedEndPoint@33febd77{l=/127.0.0.1:33719,r=/127.0.0.1:51142,OPEN,fill=-,flush=-,to=4/30000}=>HttpConnection@53efc2bc[p=HttpParser{s=START,0 of -1},g=HttpGenerator@653c598d{s=START}]=>HttpChannelOverHttp@2367e3e{s=HttpChannelState@2bcd5f57{s=IDLE rs=BLOCKING os=OPEN is=IDLE awp=false se=false i=true al=0},r=0,c=false/false,a=IDLE,uri=null,age=0}
01:46:23.164 [qtp399373008-56] DEBUG org.eclipse.jetty.io.ssl.SslConnection - fill NEED_UNWRAP
01:46:23.165 [qtp399373008-56] DEBUG org.eclipse.jetty.io.ChannelEndPoint - filled 6 HeapByteBuffer@25c362b3[p=0,l=6,c=17408,r=6]={<<<\x14\x03\x03\x00\x01\x01>>>\xBd\xDb\x06\x80\xDcLWl,...\x00\x00\x00\x00\x00\x00\x00}
01:46:23.165 [qtp399373008-56] DEBUG org.eclipse.jetty.io.ssl.SslConnection - net filled=6
01:46:23.165 [qtp399373008-56] DEBUG org.eclipse.jetty.io.ssl.SslConnection - unwrap net_filled=6 Status = OK HandshakeStatus = NEED_UNWRAP bytesConsumed = 6 bytesProduced = 0 encryptedBuffer=[p=6,l=6,c=17408,r=0] unwrapBuffer=HeapByteBuffer@2f3b09c3[p=0,l=0,c=17408,r=0]={<<<>>>\x16\x03\x03\x01N\x01\x00\x01J...\x00\x00\x00\x00\x00\x00\x00} appBuffer=HeapByteBuffer@2f3b09c3[p=0,l=0,c=17408,r=0]={<<<>>>\x16\x03\x03\x01N\x01\x00\x01J...\x00\x00\x00\x00\x00\x00\x00}
01:46:23.165 [qtp399373008-56] DEBUG org.eclipse.jetty.io.ssl.SslConnection - fill NEED_UNWRAP
01:46:23.165 [qtp399373008-56] DEBUG org.eclipse.jetty.io.ChannelEndPoint - filled 0 HeapByteBuffer@25c362b3[p=0,l=0,c=17408,r=0]={<<<>>>\x14\x03\x03\x00\x01\x01\xBd\xDb\x06...\x00\x00\x00\x00\x00\x00\x00}
01:46:23.165 [qtp399373008-56] DEBUG org.eclipse.jetty.io.ssl.SslConnection - net filled=0
01:46:23.165 [qtp399373008-56] DEBUG org.eclipse.jetty.io.ssl.SslConnection - unwrap net_filled=0 Status = BUFFER_UNDERFLOW HandshakeStatus = NEED_UNWRAP bytesConsumed = 0 bytesProduced = 0 encryptedBuffer=[p=0,l=0,c=17408,r=0] unwrapBuffer=HeapByteBuffer@2f3b09c3[p=0,l=0,c=17408,r=0]={<<<>>>\x16\x03\x03\x01N\x01\x00\x01J...\x00\x00\x00\x00\x00\x00\x00} appBuffer=HeapByteBuffer@2f3b09c3[p=0,l=0,c=17408,r=0]={<<<>>>\x16\x03\x03\x01N\x01\x00\x01J...\x00\x00\x00\x00\x00\x00\x00}
01:46:23.165 [qtp399373008-56] DEBUG org.eclipse.jetty.io.ssl.SslConnection - <fill f=0 uf=true SslConnection@23ef5d82::SocketChannelEndPoint@4dcc83cc{l=/127.0.0.1:33719,r=/127.0.0.1:51142,OPEN,fill=-,flush=-,to=0/30000}{io=0/0,kio=0,kro=1}->SslConnection@23ef5d82{NEED_UNWRAP,eio=-1/-1,di=-1,fill=IDLE,flush=IDLE}~>DecryptedEndPoint@33febd77{l=/127.0.0.1:33719,r=/127.0.0.1:51142,OPEN,fill=-,flush=-,to=5/30000}=>HttpConnection@53efc2bc[p=HttpParser{s=START,0 of -1},g=HttpGenerator@653c598d{s=START}]=>HttpChannelOverHttp@2367e3e{s=HttpChannelState@2bcd5f57{s=IDLE rs=BLOCKING os=OPEN is=IDLE awp=false se=false i=true al=0},r=0,c=false/false,a=IDLE,uri=null,age=0}
01:46:23.165 [qtp399373008-56] DEBUG org.eclipse.jetty.io.ssl.SslConnection - >fill SslConnection@23ef5d82::SocketChannelEndPoint@4dcc83cc{l=/127.0.0.1:33719,r=/127.0.0.1:51142,OPEN,fill=-,flush=-,to=0/30000}{io=0/0,kio=0,kro=1}->SslConnection@23ef5d82{NEED_UNWRAP,eio=-1/-1,di=-1,fill=IDLE,flush=IDLE}~>DecryptedEndPoint@33febd77{l=/127.0.0.1:33719,r=/127.0.0.1:51142,OPEN,fill=-,flush=-,to=5/30000}=>HttpConnection@53efc2bc[p=HttpParser{s=START,0 of -1},g=HttpGenerator@653c598d{s=START}]=>HttpChannelOverHttp@2367e3e{s=HttpChannelState@2bcd5f57{s=IDLE rs=BLOCKING os=OPEN is=IDLE awp=false se=false i=true al=0},r=0,c=false/false,a=IDLE,uri=null,age=0}
01:46:23.165 [qtp399373008-56] DEBUG org.eclipse.jetty.io.ssl.SslConnection - fill NEED_UNWRAP
01:46:23.166 [qtp399373008-56] DEBUG org.eclipse.jetty.io.ChannelEndPoint - filled 0 HeapByteBuffer@21fcf254[p=0,l=0,c=17408,r=0]={<<<>>>\x00\x00\x00\x00\x00\x00\x00\x00\x00...\x00\x00\x00\x00\x00\x00\x00}
01:46:23.166 [qtp399373008-56] DEBUG org.eclipse.jetty.io.ssl.SslConnection - net filled=0
01:46:23.166 [qtp399373008-56] DEBUG org.eclipse.jetty.io.ssl.SslConnection - unwrap net_filled=0 Status = BUFFER_UNDERFLOW HandshakeStatus = NEED_UNWRAP bytesConsumed = 0 bytesProduced = 0 encryptedBuffer=[p=0,l=0,c=17408,r=0] unwrapBuffer=HeapByteBuffer@2f3b09c3[p=0,l=0,c=17408,r=0]={<<<>>>\x16\x03\x03\x01N\x01\x00\x01J...\x00\x00\x00\x00\x00\x00\x00} appBuffer=HeapByteBuffer@2f3b09c3[p=0,l=0,c=17408,r=0]={<<<>>>\x16\x03\x03\x01N\x01\x00\x01J...\x00\x00\x00\x00\x00\x00\x00}
01:46:23.166 [qtp399373008-56] DEBUG org.eclipse.jetty.io.ssl.SslConnection - <fill f=0 uf=true SslConnection@23ef5d82::SocketChannelEndPoint@4dcc83cc{l=/127.0.0.1:33719,r=/127.0.0.1:51142,OPEN,fill=-,flush=-,to=0/30000}{io=0/0,kio=0,kro=1}->SslConnection@23ef5d82{NEED_UNWRAP,eio=-1/-1,di=-1,fill=IDLE,flush=IDLE}~>DecryptedEndPoint@33febd77{l=/127.0.0.1:33719,r=/127.0.0.1:51142,OPEN,fill=-,flush=-,to=6/30000}=>HttpConnection@53efc2bc[p=HttpParser{s=START,0 of -1},g=HttpGenerator@653c598d{s=START}]=>HttpChannelOverHttp@2367e3e{s=HttpChannelState@2bcd5f57{s=IDLE rs=BLOCKING os=OPEN is=IDLE awp=false se=false i=true al=0},r=0,c=false/false,a=IDLE,uri=null,age=0}
01:46:23.166 [qtp399373008-56] DEBUG org.eclipse.jetty.server.HttpConnection - HttpConnection@53efc2bc::DecryptedEndPoint@33febd77{l=/127.0.0.1:33719,r=/127.0.0.1:51142,OPEN,fill=-,flush=-,to=6/30000} filled 0 HeapByteBuffer@2f3b09c3[p=0,l=0,c=17408,r=0]={<<<>>>\x16\x03\x03\x01N\x01\x00\x01J...\x00\x00\x00\x00\x00\x00\x00}
01:46:23.166 [qtp399373008-56] DEBUG org.eclipse.jetty.server.HttpConnection - HttpConnection@53efc2bc::DecryptedEndPoint@33febd77{l=/127.0.0.1:33719,r=/127.0.0.1:51142,OPEN,fill=-,flush=-,to=6/30000} parse HeapByteBuffer@2f3b09c3[p=0,l=0,c=17408,r=0]={<<<>>>\x16\x03\x03\x01N\x01\x00\x01J...\x00\x00\x00\x00\x00\x00\x00} {}
01:46:23.166 [qtp399373008-56] DEBUG org.eclipse.jetty.http.HttpParser - parseNext s=START HeapByteBuffer@2f3b09c3[p=0,l=0,c=17408,r=0]={<<<>>>\x16\x03\x03\x01N\x01\x00\x01J...\x00\x00\x00\x00\x00\x00\x00}
01:46:23.166 [qtp399373008-56] DEBUG org.eclipse.jetty.server.HttpConnection - HttpConnection@53efc2bc::DecryptedEndPoint@33febd77{l=/127.0.0.1:33719,r=/127.0.0.1:51142,OPEN,fill=-,flush=-,to=6/30000} parsed false HttpParser{s=START,0 of -1}
01:46:23.166 [qtp399373008-56] DEBUG org.eclipse.jetty.server.HttpConnection - releaseRequestBuffer HttpConnection@53efc2bc::DecryptedEndPoint@33febd77{l=/127.0.0.1:33719,r=/127.0.0.1:51142,OPEN,fill=-,flush=-,to=6/30000}
01:46:23.166 [qtp399373008-56] DEBUG org.eclipse.jetty.io.AbstractConnection - fillInterested HttpConnection@53efc2bc::DecryptedEndPoint@33febd77{l=/127.0.0.1:33719,r=/127.0.0.1:51142,OPEN,fill=-,flush=-,to=6/30000}
01:46:23.166 [qtp399373008-56] DEBUG org.eclipse.jetty.io.FillInterest - interested FillInterest@48eb8db4{AC.ReadCB@53efc2bc{HttpConnection@53efc2bc::DecryptedEndPoint@33febd77{l=/127.0.0.1:33719,r=/127.0.0.1:51142,OPEN,fill=FI,flush=-,to=0/30000}}}
01:46:23.166 [qtp399373008-56] DEBUG org.eclipse.jetty.io.ssl.SslConnection - >needFillInterest s=IDLE/IDLE uf=true ei=null di=null SslConnection@23ef5d82::SocketChannelEndPoint@4dcc83cc{l=/127.0.0.1:33719,r=/127.0.0.1:51142,OPEN,fill=-,flush=-,to=1/30000}{io=0/0,kio=0,kro=1}->SslConnection@23ef5d82{NEED_UNWRAP,eio=-1/-1,di=-1,fill=IDLE,flush=IDLE}~>DecryptedEndPoint@33febd77{l=/127.0.0.1:33719,r=/127.0.0.1:51142,OPEN,fill=FI,flush=-,to=0/30000}=>HttpConnection@53efc2bc[p=HttpParser{s=START,0 of -1},g=HttpGenerator@653c598d{s=START}]=>HttpChannelOverHttp@2367e3e{s=HttpChannelState@2bcd5f57{s=IDLE rs=BLOCKING os=OPEN is=IDLE awp=false se=false i=true al=0},r=0,c=false/false,a=IDLE,uri=null,age=0}
01:46:23.166 [qtp399373008-56] DEBUG org.eclipse.jetty.io.ssl.SslConnection - <needFillInterest s=IDLE/INTERESTED f=false i=true w=null
01:46:23.166 [qtp399373008-56] DEBUG org.eclipse.jetty.io.ssl.SslConnection - ensureFillInterested SslConnection@23ef5d82::SocketChannelEndPoint@4dcc83cc{l=/127.0.0.1:33719,r=/127.0.0.1:51142,OPEN,fill=-,flush=-,to=1/30000}{io=0/0,kio=0,kro=1}->SslConnection@23ef5d82{NEED_UNWRAP,eio=-1/-1,di=-1,fill=INTERESTED,flush=IDLE}~>DecryptedEndPoint@33febd77{l=/127.0.0.1:33719,r=/127.0.0.1:51142,OPEN,fill=FI,flush=-,to=0/30000}=>HttpConnection@53efc2bc[p=HttpParser{s=START,0 of -1},g=HttpGenerator@653c598d{s=START}]=>HttpChannelOverHttp@2367e3e{s=HttpChannelState@2bcd5f57{s=IDLE rs=BLOCKING os=OPEN is=IDLE awp=false se=false i=true al=0},r=0,c=false/false,a=IDLE,uri=null,age=0}
01:46:23.167 [qtp399373008-56] DEBUG org.eclipse.jetty.io.FillInterest - interested FillInterest@66579fd1{SSLC.NBReadCB@23ef5d82{SslConnection@23ef5d82::SocketChannelEndPoint@4dcc83cc{l=/127.0.0.1:33719,r=/127.0.0.1:51142,OPEN,fill=FI,flush=-,to=0/30000}{io=0/0,kio=0,kro=1}->SslConnection@23ef5d82{NEED_UNWRAP,eio=-1/-1,di=-1,fill=INTERESTED,flush=IDLE}~>DecryptedEndPoint@33febd77{l=/127.0.0.1:33719,r=/127.0.0.1:51142,OPEN,fill=FI,flush=-,to=0/30000}=>HttpConnection@53efc2bc[p=HttpParser{s=START,0 of -1},g=HttpGenerator@653c598d{s=START}]=>HttpChannelOverHttp@2367e3e{s=HttpChannelState@2bcd5f57{s=IDLE rs=BLOCKING os=OPEN is=IDLE awp=false se=false i=true al=0},r=0,c=false/false,a=IDLE,uri=null,age=0}}}
01:46:23.167 [qtp399373008-56] DEBUG org.eclipse.jetty.io.ChannelEndPoint - changeInterests p=false 0->1 for SocketChannelEndPoint@4dcc83cc{l=/127.0.0.1:33719,r=/127.0.0.1:51142,OPEN,fill=FI,flush=-,to=0/30000}{io=0/1,kio=0,kro=1}->SslConnection@23ef5d82{NEED_UNWRAP,eio=-1/-1,di=-1,fill=INTERESTED,flush=IDLE}~>DecryptedEndPoint@33febd77{l=/127.0.0.1:33719,r=/127.0.0.1:51142,OPEN,fill=FI,flush=-,to=0/30000}=>HttpConnection@53efc2bc[p=HttpParser{s=START,0 of -1},g=HttpGenerator@653c598d{s=START}]=>HttpChannelOverHttp@2367e3e{s=HttpChannelState@2bcd5f57{s=IDLE rs=BLOCKING os=OPEN is=IDLE awp=false se=false i=true al=0},r=0,c=false/false,a=IDLE,uri=null,age=0}
01:46:23.167 [qtp399373008-56] DEBUG org.eclipse.jetty.io.ManagedSelector - Queued change lazy=false org.eclipse.jetty.io.ChannelEndPoint$$Lambda$255/981852870@3f8dcdd4 on ManagedSelector@5733f295{STARTED} id=1 keys=1 selected=0 updates=0
01:46:23.167 [qtp399373008-56] DEBUG org.eclipse.jetty.io.ManagedSelector - Wakeup on submit ManagedSelector@5733f295{STARTED} id=1 keys=1 selected=0 updates=1
01:46:23.167 [qtp399373008-61] DEBUG org.eclipse.jetty.io.ManagedSelector - Selector sun.nio.ch.EPollSelectorImpl@60af7bcf woken with none selected
01:46:23.167 [qtp399373008-56] DEBUG org.eclipse.jetty.server.HttpConnection - HttpConnection@53efc2bc::DecryptedEndPoint@33febd77{l=/127.0.0.1:33719,r=/127.0.0.1:51142,OPEN,fill=FI,flush=-,to=0/30000} onFillable exit HttpChannelState@2bcd5f57{s=IDLE rs=BLOCKING os=OPEN is=IDLE awp=false se=false i=true al=0} null
01:46:23.167 [qtp399373008-61] DEBUG org.eclipse.jetty.io.ManagedSelector - Selector sun.nio.ch.EPollSelectorImpl@60af7bcf woken up from select, 0/0/1 selected
01:46:23.167 [qtp399373008-61] DEBUG org.eclipse.jetty.io.ManagedSelector - Selector sun.nio.ch.EPollSelectorImpl@60af7bcf processing 0 keys, 1 updates
01:46:23.167 [qtp399373008-61] DEBUG org.eclipse.jetty.io.ManagedSelector - updateable 1
01:46:23.167 [qtp399373008-61] DEBUG org.eclipse.jetty.io.ManagedSelector - update org.eclipse.jetty.io.ChannelEndPoint$$Lambda$255/981852870@3f8dcdd4
01:46:23.167 [qtp399373008-56] DEBUG org.eclipse.jetty.io.ssl.SslConnection - <c.onFillable SslConnection@23ef5d82::SocketChannelEndPoint@4dcc83cc{l=/127.0.0.1:33719,r=/127.0.0.1:51142,OPEN,fill=FI,flush=-,to=0/30000}{io=0/1,kio=0,kro=1}->SslConnection@23ef5d82{NEED_UNWRAP,eio=-1/-1,di=-1,fill=INTERESTED,flush=IDLE}~>DecryptedEndPoint@33febd77{l=/127.0.0.1:33719,r=/127.0.0.1:51142,OPEN,fill=FI,flush=-,to=0/30000}=>HttpConnection@53efc2bc[p=HttpParser{s=START,0 of -1},g=HttpGenerator@653c598d{s=START}]=>HttpChannelOverHttp@2367e3e{s=HttpChannelState@2bcd5f57{s=IDLE rs=BLOCKING os=OPEN is=IDLE awp=false se=false i=true al=0},r=0,c=false/false,a=IDLE,uri=null,age=0}
01:46:23.167 [qtp399373008-56] DEBUG org.eclipse.jetty.util.thread.QueuedThreadPool - ran org.eclipse.jetty.io.ManagedSelector$$Lambda$253/838473569@7ce97ee5 in QueuedThreadPool[qtp399373008]@17cdf2d0{STARTED,8<=8<=200,i=1,r=-1,q=0}[ReservedThreadExecutor@424fd310{reserved=1/8,pending=0}]
01:46:23.167 [qtp399373008-61] DEBUG org.eclipse.jetty.io.ChannelEndPoint - Key interests updated 0 -> 1 on SocketChannelEndPoint@4dcc83cc{l=/127.0.0.1:33719,r=/127.0.0.1:51142,OPEN,fill=FI,flush=-,to=0/30000}{io=1/1,kio=1,kro=1}->SslConnection@23ef5d82{NEED_UNWRAP,eio=-1/-1,di=-1,fill=INTERESTED,flush=IDLE}~>DecryptedEndPoint@33febd77{l=/127.0.0.1:33719,r=/127.0.0.1:51142,OPEN,fill=FI,flush=-,to=0/30000}=>HttpConnection@53efc2bc[p=HttpParser{s=START,0 of -1},g=HttpGenerator@653c598d{s=START}]=>HttpChannelOverHttp@2367e3e{s=HttpChannelState@2bcd5f57{s=IDLE rs=BLOCKING os=OPEN is=IDLE awp=false se=false i=true al=0},r=0,c=false/false,a=IDLE,uri=null,age=0}
01:46:23.167 [qtp399373008-61] DEBUG org.eclipse.jetty.io.ManagedSelector - updates 0
01:46:23.167 [qtp399373008-61] DEBUG org.eclipse.jetty.io.ManagedSelector - Selector sun.nio.ch.EPollSelectorImpl@60af7bcf waiting with 1 keys
01:46:23.201 [qtp399373008-61] DEBUG org.eclipse.jetty.io.ManagedSelector - Selector sun.nio.ch.EPollSelectorImpl@60af7bcf woken up from select, 1/1/1 selected
01:46:23.201 [qtp399373008-61] DEBUG org.eclipse.jetty.io.ManagedSelector - Selector sun.nio.ch.EPollSelectorImpl@60af7bcf processing 1 keys, 0 updates
01:46:23.201 [qtp399373008-61] DEBUG org.eclipse.jetty.io.ManagedSelector - selected 1 sun.nio.ch.SelectionKeyImpl@6e6899aa SocketChannelEndPoint@4dcc83cc{l=/127.0.0.1:33719,r=/127.0.0.1:51142,OPEN,fill=FI,flush=-,to=34/30000}{io=1/1,kio=1,kro=1}->SslConnection@23ef5d82{NEED_UNWRAP,eio=-1/-1,di=-1,fill=INTERESTED,flush=IDLE}~>DecryptedEndPoint@33febd77{l=/127.0.0.1:33719,r=/127.0.0.1:51142,OPEN,fill=FI,flush=-,to=34/30000}=>HttpConnection@53efc2bc[p=HttpParser{s=START,0 of -1},g=HttpGenerator@653c598d{s=START}]=>HttpChannelOverHttp@2367e3e{s=HttpChannelState@2bcd5f57{s=IDLE rs=BLOCKING os=OPEN is=IDLE awp=false se=false i=true al=0},r=0,c=false/false,a=IDLE,uri=null,age=0} 
01:46:23.201 [qtp399373008-61] DEBUG org.eclipse.jetty.io.ChannelEndPoint - onSelected 1->0 r=true w=false for SocketChannelEndPoint@4dcc83cc{l=/127.0.0.1:33719,r=/127.0.0.1:51142,OPEN,fill=FI,flush=-,to=34/30000}{io=1/0,kio=1,kro=1}->SslConnection@23ef5d82{NEED_UNWRAP,eio=-1/-1,di=-1,fill=INTERESTED,flush=IDLE}~>DecryptedEndPoint@33febd77{l=/127.0.0.1:33719,r=/127.0.0.1:51142,OPEN,fill=FI,flush=-,to=34/30000}=>HttpConnection@53efc2bc[p=HttpParser{s=START,0 of -1},g=HttpGenerator@653c598d{s=START}]=>HttpChannelOverHttp@2367e3e{s=HttpChannelState@2bcd5f57{s=IDLE rs=BLOCKING os=OPEN is=IDLE awp=false se=false i=true al=0},r=0,c=false/false,a=IDLE,uri=null,age=0}
01:46:23.201 [qtp399373008-61] DEBUG org.eclipse.jetty.io.ChannelEndPoint - task CEP:SocketChannelEndPoint@4dcc83cc{l=/127.0.0.1:33719,r=/127.0.0.1:51142,OPEN,fill=FI,flush=-,to=34/30000}{io=1/0,kio=1,kro=1}->SslConnection@23ef5d82{NEED_UNWRAP,eio=-1/-1,di=-1,fill=INTERESTED,flush=IDLE}~>DecryptedEndPoint@33febd77{l=/127.0.0.1:33719,r=/127.0.0.1:51142,OPEN,fill=FI,flush=-,to=34/30000}=>HttpConnection@53efc2bc[p=HttpParser{s=START,0 of -1},g=HttpGenerator@653c598d{s=START}]=>HttpChannelOverHttp@2367e3e{s=HttpChannelState@2bcd5f57{s=IDLE rs=BLOCKING os=OPEN is=IDLE awp=false se=false i=true al=0},r=0,c=false/false,a=IDLE,uri=null,age=0}:runFillable:BLOCKING
01:46:23.201 [qtp399373008-61] DEBUG org.eclipse.jetty.util.thread.ReservedThreadExecutor - ReservedThreadExecutor@424fd310{reserved=1/8,pending=0} tryExecute EatWhatYouKill@b7838a9/SelectorProducer@696f0212/PRODUCING/p=false/QueuedThreadPool[qtp399373008]@17cdf2d0{STARTED,8<=8<=200,i=2,r=-1,q=0}[ReservedThreadExecutor@424fd310{reserved=1/8,pending=0}][pc=0,pic=0,pec=1,epc=1]@2024-05-02T01:46:23.201+01:00
01:46:23.201 [qtp399373008-61] DEBUG org.eclipse.jetty.util.thread.ReservedThreadExecutor - ReservedThreadExecutor@424fd310{reserved=0/8,pending=1} startReservedThread p=1
01:46:23.202 [qtp399373008-61] DEBUG org.eclipse.jetty.util.thread.QueuedThreadPool - queue ReservedThread@65f3ead4{PENDING,thread=null} startThread=0
01:46:23.202 [qtp399373008-62] DEBUG org.eclipse.jetty.util.thread.QueuedThreadPool - run ReservedThread@65f3ead4{PENDING,thread=null} in QueuedThreadPool[qtp399373008]@17cdf2d0{STARTED,8<=8<=200,i=1,r=-1,q=0}[ReservedThreadExecutor@424fd310{reserved=0/8,pending=1}]
01:46:23.202 [qtp399373008-62] DEBUG org.eclipse.jetty.util.thread.ReservedThreadExecutor - ReservedThread@65f3ead4{PENDING,thread=Thread[qtp399373008-62,5,main]} was=PENDING next=RESERVED size=0+1 capacity=8
01:46:23.202 [qtp399373008-62] DEBUG org.eclipse.jetty.util.thread.ReservedThreadExecutor - ReservedThread@65f3ead4{RESERVED,thread=Thread[qtp399373008-62,5,main]} waiting ReservedThreadExecutor@424fd310{reserved=1/8,pending=0}
01:46:23.202 [qtp399373008-61] DEBUG org.eclipse.jetty.util.thread.strategy.EatWhatYouKill - EatWhatYouKill@b7838a9/SelectorProducer@696f0212/IDLE/p=true/QueuedThreadPool[qtp399373008]@17cdf2d0{STARTED,8<=8<=200,i=1,r=-1,q=0}[ReservedThreadExecutor@424fd310{reserved=0/8,pending=1}][pc=0,pic=0,pec=1,epc=1]@2024-05-02T01:46:23.202+01:00 m=EXECUTE_PRODUCE_CONSUME t=CEP:SocketChannelEndPoint@4dcc83cc{l=/127.0.0.1:33719,r=/127.0.0.1:51142,OPEN,fill=FI,flush=-,to=35/30000}{io=1/0,kio=1,kro=1}->SslConnection@23ef5d82{NEED_UNWRAP,eio=-1/-1,di=-1,fill=INTERESTED,flush=IDLE}~>DecryptedEndPoint@33febd77{l=/127.0.0.1:33719,r=/127.0.0.1:51142,OPEN,fill=FI,flush=-,to=35/30000}=>HttpConnection@53efc2bc[p=HttpParser{s=START,0 of -1},g=HttpGenerator@653c598d{s=START}]=>HttpChannelOverHttp@2367e3e{s=HttpChannelState@2bcd5f57{s=IDLE rs=BLOCKING os=OPEN is=IDLE awp=false se=false i=true al=0},r=0,c=false/false,a=IDLE,uri=null,age=0}:runFillable:BLOCKING/BLOCKING
01:46:23.202 [qtp399373008-60] DEBUG org.eclipse.jetty.util.thread.ReservedThreadExecutor - ReservedThread@2f559391{RESERVED,thread=Thread[qtp399373008-60,5,main]} task=EatWhatYouKill@b7838a9/SelectorProducer@696f0212/IDLE/p=true/QueuedThreadPool[qtp399373008]@17cdf2d0{STARTED,8<=8<=200,i=1,r=-1,q=0}[ReservedThreadExecutor@424fd310{reserved=1/8,pending=0}][pc=0,pic=0,pec=1,epc=1]@2024-05-02T01:46:23.202+01:00 ReservedThreadExecutor@424fd310{reserved=1/8,pending=0}
01:46:23.202 [qtp399373008-61] DEBUG org.eclipse.jetty.io.FillInterest - fillable FillInterest@66579fd1{SSLC.NBReadCB@23ef5d82{SslConnection@23ef5d82::SocketChannelEndPoint@4dcc83cc{l=/127.0.0.1:33719,r=/127.0.0.1:51142,OPEN,fill=FI,flush=-,to=35/30000}{io=1/0,kio=1,kro=1}->SslConnection@23ef5d82{NEED_UNWRAP,eio=-1/-1,di=-1,fill=INTERESTED,flush=IDLE}~>DecryptedEndPoint@33febd77{l=/127.0.0.1:33719,r=/127.0.0.1:51142,OPEN,fill=FI,flush=-,to=35/30000}=>HttpConnection@53efc2bc[p=HttpParser{s=START,0 of -1},g=HttpGenerator@653c598d{s=START}]=>HttpChannelOverHttp@2367e3e{s=HttpChannelState@2bcd5f57{s=IDLE rs=BLOCKING os=OPEN is=IDLE awp=false se=false i=true al=0},r=0,c=false/false,a=IDLE,uri=null,age=0}}}
01:46:23.202 [qtp399373008-60] DEBUG org.eclipse.jetty.util.thread.strategy.EatWhatYouKill - EatWhatYouKill@b7838a9/SelectorProducer@696f0212/IDLE/p=true/QueuedThreadPool[qtp399373008]@17cdf2d0{STARTED,8<=8<=200,i=1,r=-1,q=0}[ReservedThreadExecutor@424fd310{reserved=1/8,pending=0}][pc=0,pic=0,pec=1,epc=2]@2024-05-02T01:46:23.202+01:00 tryProduce true
01:46:23.202 [qtp399373008-60] DEBUG org.eclipse.jetty.io.ManagedSelector - updateable 0
01:46:23.202 [qtp399373008-60] DEBUG org.eclipse.jetty.io.ManagedSelector - updates 0
01:46:23.202 [qtp399373008-61] DEBUG org.eclipse.jetty.io.ssl.SslConnection - >c.onFillable SslConnection@23ef5d82::SocketChannelEndPoint@4dcc83cc{l=/127.0.0.1:33719,r=/127.0.0.1:51142,OPEN,fill=-,flush=-,to=35/30000}{io=1/0,kio=1,kro=1}->SslConnection@23ef5d82{NEED_UNWRAP,eio=-1/-1,di=-1,fill=INTERESTED,flush=IDLE}~>DecryptedEndPoint@33febd77{l=/127.0.0.1:33719,r=/127.0.0.1:51142,OPEN,fill=FI,flush=-,to=35/30000}=>HttpConnection@53efc2bc[p=HttpParser{s=START,0 of -1},g=HttpGenerator@653c598d{s=START}]=>HttpChannelOverHttp@2367e3e{s=HttpChannelState@2bcd5f57{s=IDLE rs=BLOCKING os=OPEN is=IDLE awp=false se=false i=true al=0},r=0,c=false/false,a=IDLE,uri=null,age=0}
01:46:23.202 [qtp399373008-60] DEBUG org.eclipse.jetty.io.ChannelEndPoint - Key interests updated 1 -> 0 on SocketChannelEndPoint@4dcc83cc{l=/127.0.0.1:33719,r=/127.0.0.1:51142,OPEN,fill=-,flush=-,to=35/30000}{io=0/0,kio=0,kro=1}->SslConnection@23ef5d82{NEED_UNWRAP,eio=-1/-1,di=-1,fill=INTERESTED,flush=IDLE}~>DecryptedEndPoint@33febd77{l=/127.0.0.1:33719,r=/127.0.0.1:51142,OPEN,fill=FI,flush=-,to=35/30000}=>HttpConnection@53efc2bc[p=HttpParser{s=START,0 of -1},g=HttpGenerator@653c598d{s=START}]=>HttpChannelOverHttp@2367e3e{s=HttpChannelState@2bcd5f57{s=IDLE rs=BLOCKING os=OPEN is=IDLE awp=false se=false i=true al=0},r=0,c=false/false,a=IDLE,uri=null,age=0}
01:46:23.202 [qtp399373008-61] DEBUG org.eclipse.jetty.io.ssl.SslConnection - onFillable SslConnection@23ef5d82::SocketChannelEndPoint@4dcc83cc{l=/127.0.0.1:33719,r=/127.0.0.1:51142,OPEN,fill=-,flush=-,to=35/30000}{io=0/0,kio=0,kro=1}->SslConnection@23ef5d82{NEED_UNWRAP,eio=-1/-1,di=-1,fill=INTERESTED,flush=IDLE}~>DecryptedEndPoint@33febd77{l=/127.0.0.1:33719,r=/127.0.0.1:51142,OPEN,fill=FI,flush=-,to=35/30000}=>HttpConnection@53efc2bc[p=HttpParser{s=START,0 of -1},g=HttpGenerator@653c598d{s=START}]=>HttpChannelOverHttp@2367e3e{s=HttpChannelState@2bcd5f57{s=IDLE rs=BLOCKING os=OPEN is=IDLE awp=false se=false i=true al=0},r=0,c=false/false,a=IDLE,uri=null,age=0}
01:46:23.202 [qtp399373008-60] DEBUG org.eclipse.jetty.io.ManagedSelector - Selector sun.nio.ch.EPollSelectorImpl@60af7bcf waiting with 1 keys
01:46:23.202 [qtp399373008-61] DEBUG org.eclipse.jetty.io.FillInterest - fillable FillInterest@48eb8db4{AC.ReadCB@53efc2bc{HttpConnection@53efc2bc::DecryptedEndPoint@33febd77{l=/127.0.0.1:33719,r=/127.0.0.1:51142,OPEN,fill=FI,flush=-,to=36/30000}}}
01:46:23.202 [qtp399373008-61] DEBUG org.eclipse.jetty.server.HttpConnection - HttpConnection@53efc2bc::DecryptedEndPoint@33febd77{l=/127.0.0.1:33719,r=/127.0.0.1:51142,OPEN,fill=-,flush=-,to=36/30000} onFillable enter HttpChannelState@2bcd5f57{s=IDLE rs=BLOCKING os=OPEN is=IDLE awp=false se=false i=true al=0} null
01:46:23.202 [qtp399373008-61] DEBUG org.eclipse.jetty.io.ssl.SslConnection - >fill SslConnection@23ef5d82::SocketChannelEndPoint@4dcc83cc{l=/127.0.0.1:33719,r=/127.0.0.1:51142,OPEN,fill=-,flush=-,to=35/30000}{io=0/0,kio=0,kro=1}->SslConnection@23ef5d82{NEED_UNWRAP,eio=-1/-1,di=-1,fill=IDLE,flush=IDLE}~>DecryptedEndPoint@33febd77{l=/127.0.0.1:33719,r=/127.0.0.1:51142,OPEN,fill=-,flush=-,to=36/30000}=>HttpConnection@53efc2bc[p=HttpParser{s=START,0 of -1},g=HttpGenerator@653c598d{s=START}]=>HttpChannelOverHttp@2367e3e{s=HttpChannelState@2bcd5f57{s=IDLE rs=BLOCKING os=OPEN is=IDLE awp=false se=false i=true al=0},r=0,c=false/false,a=IDLE,uri=null,age=0}
01:46:23.202 [qtp399373008-61] DEBUG org.eclipse.jetty.io.ssl.SslConnection - fill NEED_UNWRAP
01:46:23.203 [qtp399373008-61] DEBUG org.eclipse.jetty.io.ChannelEndPoint - filled 1501 HeapByteBuffer@21fcf254[p=0,l=1501,c=17408,r=1501]={<<<\x17\x03\x03\x03\xAdz\x80i\x9a\x03\x05(c\xC0$T\x85\xDas)E\x8a*#M...\x10\x9c\x05J\x16j\xD3\x7f$\x9a4\x84\xA2t\xAd\x04\xF3s\xD6\xC0\xA4 \xBd>>>\x00\x00\x00\x00\x00\x00\x00\x00\x00...\x00\x00\x00\x00\x00\x00\x00}
01:46:23.203 [qtp399373008-61] DEBUG org.eclipse.jetty.io.ssl.SslConnection - net filled=1501
01:46:23.203 [qtp399373008-61] DEBUG org.eclipse.jetty.io.ssl.SslConnection - unwrap net_filled=1501 Status = OK HandshakeStatus = NEED_TASK bytesConsumed = 946 bytesProduced = 0 encryptedBuffer=[p=946,l=1501,c=17408,r=555] unwrapBuffer=HeapByteBuffer@25c362b3[p=0,l=0,c=17408,r=0]={<<<>>>\x14\x03\x03\x00\x01\x01\xBd\xDb\x06...\x00\x00\x00\x00\x00\x00\x00} appBuffer=HeapByteBuffer@25c362b3[p=0,l=0,c=17408,r=0]={<<<>>>\x14\x03\x03\x00\x01\x01\xBd\xDb\x06...\x00\x00\x00\x00\x00\x00\x00}
01:46:23.203 [qtp399373008-61] DEBUG org.eclipse.jetty.io.ssl.SslConnection - fill NEED_TASK
01:46:23.203 [qtp399373008-61] DEBUG org.eclipse.jetty.io.ssl.SslConnection - fill NEED_UNWRAP
01:46:23.204 [qtp399373008-61] DEBUG org.eclipse.jetty.io.ChannelEndPoint - filled 0 HeapByteBuffer@21fcf254[p=946,l=1501,c=17408,r=555]={\x17\x03\x03\x03\xAd\x0b\x00\x03\x88...\xA6I\rN\x12\x11[<<<\x17\x03\x03\x01)\xD3\xC0\x14\xBb%\x83Qot{\xC6\x8bn\xBb\x01n\xF7u;R...\x10\x9c\x05J\x16j\xD3\x7f$\x9a4\x84\xA2t\xAd\x04\xF3s\xD6\xC0\xA4 \xBd>>>\x00\x00\x00\x00\x00\x00\x00\x00\x00...\x00\x00\x00\x00\x00\x00\x00}
01:46:23.204 [qtp399373008-61] DEBUG org.eclipse.jetty.io.ssl.SslConnection - net filled=0
01:46:23.204 [qtp399373008-61] DEBUG org.eclipse.jetty.io.ssl.SslConnection - unwrap net_filled=0 Status = OK HandshakeStatus = NEED_TASK bytesConsumed = 302 bytesProduced = 0 encryptedBuffer=[p=1248,l=1501,c=17408,r=253] unwrapBuffer=HeapByteBuffer@25c362b3[p=0,l=0,c=17408,r=0]={<<<>>>\x14\x03\x03\x00\x01\x01\xBd\xDb\x06...\x00\x00\x00\x00\x00\x00\x00} appBuffer=HeapByteBuffer@25c362b3[p=0,l=0,c=17408,r=0]={<<<>>>\x14\x03\x03\x00\x01\x01\xBd\xDb\x06...\x00\x00\x00\x00\x00\x00\x00}
01:46:23.204 [qtp399373008-61] DEBUG org.eclipse.jetty.io.ssl.SslConnection - fill NEED_TASK
01:46:23.204 [qtp399373008-61] DEBUG org.eclipse.jetty.io.ssl.SslConnection - fill NEED_UNWRAP
01:46:23.204 [qtp399373008-61] DEBUG org.eclipse.jetty.io.ChannelEndPoint - filled 0 HeapByteBuffer@21fcf254[p=1248,l=1501,c=17408,r=253]={\x17\x03\x03\x03\xAd\x0b\x00\x03\x88...\xE3~\xB1m\x8f\xBdX<<<\x17\x03\x03\x00Uq\x91\xAf\x1e\xD255\xB9\xC2\x90\xA9'\x97r*N\x87\t?F...\x10\x9c\x05J\x16j\xD3\x7f$\x9a4\x84\xA2t\xAd\x04\xF3s\xD6\xC0\xA4 \xBd>>>\x00\x00\x00\x00\x00\x00\x00\x00\x00...\x00\x00\x00\x00\x00\x00\x00}
01:46:23.204 [qtp399373008-61] DEBUG org.eclipse.jetty.io.ssl.SslConnection - net filled=0
01:46:23.205 [qtp399373008-61] DEBUG org.eclipse.jetty.io.ssl.SslConnection - unwrap net_filled=0 Status = OK HandshakeStatus = NEED_WRAP bytesConsumed = 90 bytesProduced = 0 encryptedBuffer=[p=1338,l=1501,c=17408,r=163] unwrapBuffer=HeapByteBuffer@25c362b3[p=0,l=0,c=17408,r=0]={<<<>>>\x14\x03\x03\x00\x01\x01\xBd\xDb\x06...\x00\x00\x00\x00\x00\x00\x00} appBuffer=HeapByteBuffer@25c362b3[p=0,l=0,c=17408,r=0]={<<<>>>\x14\x03\x03\x00\x01\x01\xBd\xDb\x06...\x00\x00\x00\x00\x00\x00\x00}
01:46:23.205 [qtp399373008-61] DEBUG org.eclipse.jetty.io.ssl.SslConnection - fill NEED_WRAP
01:46:23.205 [qtp399373008-61] DEBUG org.eclipse.jetty.io.ssl.SslConnection - >flush SslConnection@23ef5d82::SocketChannelEndPoint@4dcc83cc{l=/127.0.0.1:33719,r=/127.0.0.1:51142,OPEN,fill=-,flush=-,to=2/30000}{io=0/0,kio=0,kro=1}->SslConnection@23ef5d82{NEED_WRAP,eio=163/-1,di=-1,fill=IDLE,flush=IDLE}~>DecryptedEndPoint@33febd77{l=/127.0.0.1:33719,r=/127.0.0.1:51142,OPEN,fill=-,flush=-,to=39/30000}=>HttpConnection@53efc2bc[p=HttpParser{s=START,0 of -1},g=HttpGenerator@653c598d{s=START}]=>HttpChannelOverHttp@2367e3e{s=HttpChannelState@2bcd5f57{s=IDLE rs=BLOCKING os=OPEN is=IDLE awp=false se=false i=true al=0},r=0,c=false/false,a=IDLE,uri=null,age=0}
01:46:23.205 [qtp399373008-61] DEBUG org.eclipse.jetty.io.ssl.SslConnection - flush b[0]=HeapByteBuffer@98da274[p=0,l=0,c=0,r=0]={<<<>>>}
01:46:23.205 [qtp399373008-61] DEBUG org.eclipse.jetty.io.ssl.SslConnection - flush NEED_WRAP
01:46:23.206 [qtp399373008-61] DEBUG org.eclipse.jetty.io.ssl.SslConnection - wrap Status = OK HandshakeStatus = FINISHED bytesConsumed = 0 bytesProduced = 88 [p=0,l=88,c=17408,r=88] ioDone=false/false
01:46:23.206 [qtp399373008-61] DEBUG org.eclipse.jetty.io.ChannelEndPoint - flushed 88 SocketChannelEndPoint@4dcc83cc{l=/127.0.0.1:33719,r=/127.0.0.1:51142,OPEN,fill=-,flush=-,to=3/30000}{io=0/0,kio=0,kro=1}->SslConnection@23ef5d82{NOT_HANDSHAKING,eio=163/0,di=-1,fill=IDLE,flush=IDLE}~>DecryptedEndPoint@33febd77{l=/127.0.0.1:33719,r=/127.0.0.1:51142,OPEN,fill=-,flush=-,to=39/30000}=>HttpConnection@53efc2bc[p=HttpParser{s=START,0 of -1},g=HttpGenerator@653c598d{s=START}]=>HttpChannelOverHttp@2367e3e{s=HttpChannelState@2bcd5f57{s=IDLE rs=BLOCKING os=OPEN is=IDLE awp=false se=false i=true al=0},r=0,c=false/false,a=IDLE,uri=null,age=0}
01:46:23.206 [qtp399373008-61] DEBUG org.eclipse.jetty.io.ssl.SslConnection - net flushed=true, ac=true
01:46:23.206 [qtp399373008-61] DEBUG org.eclipse.jetty.io.ssl.SslConnection - handshake succeeded SslConnection@23ef5d82::SocketChannelEndPoint@4dcc83cc{l=/127.0.0.1:33719,r=/127.0.0.1:51142,OPEN,fill=-,flush=-,to=0/30000}{io=0/0,kio=0,kro=1}->SslConnection@23ef5d82{NOT_HANDSHAKING,eio=163/0,di=-1,fill=IDLE,flush=IDLE}~>DecryptedEndPoint@33febd77{l=/127.0.0.1:33719,r=/127.0.0.1:51142,OPEN,fill=-,flush=-,to=39/30000}=>HttpConnection@53efc2bc[p=HttpParser{s=START,0 of -1},g=HttpGenerator@653c598d{s=START}]=>HttpChannelOverHttp@2367e3e{s=HttpChannelState@2bcd5f57{s=IDLE rs=BLOCKING os=OPEN is=IDLE awp=false se=false i=true al=0},r=0,c=false/false,a=IDLE,uri=null,age=0} resumed server TLSv1.3/TLS_AES_256_GCM_SHA384
01:46:23.206 [qtp399373008-61] DEBUG org.eclipse.jetty.io.ssl.SslConnection - <flush true SslConnection@23ef5d82::SocketChannelEndPoint@4dcc83cc{l=/127.0.0.1:33719,r=/127.0.0.1:51142,OPEN,fill=-,flush=-,to=0/30000}{io=0/0,kio=0,kro=1}->SslConnection@23ef5d82{NOT_HANDSHAKING,eio=163/-1,di=-1,fill=IDLE,flush=IDLE}~>DecryptedEndPoint@33febd77{l=/127.0.0.1:33719,r=/127.0.0.1:51142,OPEN,fill=-,flush=-,to=40/30000}=>HttpConnection@53efc2bc[p=HttpParser{s=START,0 of -1},g=HttpGenerator@653c598d{s=START}]=>HttpChannelOverHttp@2367e3e{s=HttpChannelState@2bcd5f57{s=IDLE rs=BLOCKING os=OPEN is=IDLE awp=false se=false i=true al=0},r=0,c=false/false,a=IDLE,uri=null,age=0}
01:46:23.206 [qtp399373008-61] DEBUG org.eclipse.jetty.io.ssl.SslConnection - fill NOT_HANDSHAKING
01:46:23.206 [qtp399373008-61] DEBUG org.eclipse.jetty.io.ChannelEndPoint - filled 0 HeapByteBuffer@21fcf254[p=1338,l=1501,c=17408,r=163]={\x17\x03\x03\x03\xAd\x0b\x00\x03\x88...\x85gU\x81\x91\x96\xBb<<<\x17\x03\x03\x00\x9e Zr\xC7\x92DDlL\x1a\x86G\x7fA-\x13\x0f\xEc k...\x10\x9c\x05J\x16j\xD3\x7f$\x9a4\x84\xA2t\xAd\x04\xF3s\xD6\xC0\xA4 \xBd>>>\x00\x00\x00\x00\x00\x00\x00\x00\x00...\x00\x00\x00\x00\x00\x00\x00}
01:46:23.206 [qtp399373008-61] DEBUG org.eclipse.jetty.io.ssl.SslConnection - net filled=0
01:46:23.207 [qtp399373008-61] DEBUG org.eclipse.jetty.io.ssl.SslConnection - unwrap net_filled=0 Status = OK HandshakeStatus = NOT_HANDSHAKING bytesConsumed = 163 bytesProduced = 125 encryptedBuffer=[p=1501,l=1501,c=17408,r=0] unwrapBuffer=HeapByteBuffer@25c362b3[p=0,l=125,c=17408,r=125]={<<<GET /config.yml HTTP/1.1\r...gent: okhttp/3.12.3\r\n\r\n>>>O\xE4\xF2\x9e\x1am\x98\x91\xB6...\x00\x00\x00\x00\x00\x00\x00} appBuffer=HeapByteBuffer@25c362b3[p=0,l=125,c=17408,r=125]={<<<GET /config.yml HTTP/1.1\r...gent: okhttp/3.12.3\r\n\r\n>>>O\xE4\xF2\x9e\x1am\x98\x91\xB6...\x00\x00\x00\x00\x00\x00\x00}
01:46:23.207 [qtp399373008-61] DEBUG org.eclipse.jetty.io.ssl.SslConnection - <fill f=125 uf=false SslConnection@23ef5d82::SocketChannelEndPoint@4dcc83cc{l=/127.0.0.1:33719,r=/127.0.0.1:51142,OPEN,fill=-,flush=-,to=0/30000}{io=0/0,kio=0,kro=1}->SslConnection@23ef5d82{NOT_HANDSHAKING,eio=-1/-1,di=-1,fill=IDLE,flush=IDLE}~>DecryptedEndPoint@33febd77{l=/127.0.0.1:33719,r=/127.0.0.1:51142,OPEN,fill=-,flush=-,to=40/30000}=>HttpConnection@53efc2bc[p=HttpParser{s=START,0 of -1},g=HttpGenerator@653c598d{s=START}]=>HttpChannelOverHttp@2367e3e{s=HttpChannelState@2bcd5f57{s=IDLE rs=BLOCKING os=OPEN is=IDLE awp=false se=false i=true al=0},r=0,c=false/false,a=IDLE,uri=null,age=0}
01:46:23.207 [qtp399373008-61] DEBUG org.eclipse.jetty.server.HttpConnection - HttpConnection@53efc2bc::DecryptedEndPoint@33febd77{l=/127.0.0.1:33719,r=/127.0.0.1:51142,OPEN,fill=-,flush=-,to=40/30000} filled 125 HeapByteBuffer@25c362b3[p=0,l=125,c=17408,r=125]={<<<GET /config.yml HTTP/1.1\r...gent: okhttp/3.12.3\r\n\r\n>>>O\xE4\xF2\x9e\x1am\x98\x91\xB6...\x00\x00\x00\x00\x00\x00\x00}
01:46:23.207 [qtp399373008-61] DEBUG org.eclipse.jetty.server.HttpConnection - HttpConnection@53efc2bc::DecryptedEndPoint@33febd77{l=/127.0.0.1:33719,r=/127.0.0.1:51142,OPEN,fill=-,flush=-,to=40/30000} parse HeapByteBuffer@25c362b3[p=0,l=125,c=17408,r=125]={<<<GET /config.yml HTTP/1.1\r...gent: okhttp/3.12.3\r\n\r\n>>>O\xE4\xF2\x9e\x1am\x98\x91\xB6...\x00\x00\x00\x00\x00\x00\x00} {}
01:46:23.207 [qtp399373008-61] DEBUG org.eclipse.jetty.http.HttpParser - parseNext s=START HeapByteBuffer@25c362b3[p=0,l=125,c=17408,r=125]={<<<GET /config.yml HTTP/1.1\r...gent: okhttp/3.12.3\r\n\r\n>>>O\xE4\xF2\x9e\x1am\x98\x91\xB6...\x00\x00\x00\x00\x00\x00\x00}
01:46:23.207 [qtp399373008-61] DEBUG org.eclipse.jetty.http.HttpParser - START --> SPACE1
01:46:23.207 [qtp399373008-61] DEBUG org.eclipse.jetty.http.HttpParser - SPACE1 --> URI
01:46:23.207 [qtp399373008-61] DEBUG org.eclipse.jetty.http.HttpParser - URI --> SPACE2
01:46:23.207 [qtp399373008-61] DEBUG org.eclipse.jetty.http.HttpParser - SPACE2 --> REQUEST_VERSION
01:46:23.207 [qtp399373008-61] DEBUG org.eclipse.jetty.http.HttpParser - REQUEST_VERSION --> HEADER
01:46:23.207 [qtp399373008-61] DEBUG org.eclipse.jetty.http.HttpParser - HEADER:Host --> VALUE
01:46:23.207 [qtp399373008-61] DEBUG org.eclipse.jetty.http.HttpParser - HEADER:Host --> IN_VALUE
01:46:23.207 [qtp399373008-61] DEBUG org.eclipse.jetty.http.HttpParser - HEADER:Host --> FIELD
01:46:23.207 [qtp399373008-61] DEBUG org.eclipse.jetty.http.HttpParser - HEADER:Connection: keep-alive --> IN_VALUE
01:46:23.207 [qtp399373008-61] DEBUG org.eclipse.jetty.http.HttpParser - HEADER:Connection: keep-alive --> FIELD
01:46:23.207 [qtp399373008-61] DEBUG org.eclipse.jetty.http.HttpParser - HEADER:Accept-Encoding: gzip --> IN_VALUE
01:46:23.207 [qtp399373008-61] DEBUG org.eclipse.jetty.http.HttpParser - HEADER:Accept-Encoding: gzip --> FIELD
01:46:23.207 [qtp399373008-61] DEBUG org.eclipse.jetty.http.HttpParser - HEADER:User-Agent --> VALUE
01:46:23.207 [qtp399373008-61] DEBUG org.eclipse.jetty.http.HttpParser - HEADER:User-Agent --> IN_VALUE
01:46:23.207 [qtp399373008-61] DEBUG org.eclipse.jetty.http.HttpParser - HEADER:User-Agent --> FIELD
01:46:23.207 [qtp399373008-61] DEBUG org.eclipse.jetty.http.HttpParser - HEADER --> CONTENT
01:46:23.207 [qtp399373008-61] DEBUG org.eclipse.jetty.server.HttpChannel - REQUEST for //localhost:33719/config.yml on HttpChannelOverHttp@2367e3e{s=HttpChannelState@2bcd5f57{s=IDLE rs=BLOCKING os=OPEN is=IDLE awp=false se=false i=true al=0},r=1,c=false/false,a=IDLE,uri=//localhost:33719/config.yml,age=0}
GET //localhost:33719/config.yml HTTP/1.1
Host: localhost:33719
Connection: keep-alive
Accept-Encoding: gzip
User-Agent: okhttp/3.12.3


01:46:23.208 [qtp399373008-61] DEBUG org.eclipse.jetty.server.HttpConnection - HttpConnection@53efc2bc::DecryptedEndPoint@33febd77{l=/127.0.0.1:33719,r=/127.0.0.1:51142,OPEN,fill=-,flush=-,to=41/30000} parsed true HttpParser{s=CONTENT,0 of -1}
01:46:23.208 [qtp399373008-61] DEBUG org.eclipse.jetty.server.HttpConnection - releaseRequestBuffer HttpConnection@53efc2bc::DecryptedEndPoint@33febd77{l=/127.0.0.1:33719,r=/127.0.0.1:51142,OPEN,fill=-,flush=-,to=41/30000}
01:46:23.208 [qtp399373008-61] DEBUG org.eclipse.jetty.server.HttpChannel - handle //localhost:33719/config.yml HttpChannelOverHttp@2367e3e{s=HttpChannelState@2bcd5f57{s=IDLE rs=BLOCKING os=OPEN is=IDLE awp=false se=false i=true al=0},r=1,c=false/false,a=IDLE,uri=//localhost:33719/config.yml,age=1} 
01:46:23.208 [qtp399373008-61] DEBUG org.eclipse.jetty.server.HttpChannelState - handling HttpChannelState@2bcd5f57{s=IDLE rs=BLOCKING os=OPEN is=IDLE awp=false se=false i=true al=0}
01:46:23.208 [qtp399373008-61] DEBUG org.eclipse.jetty.server.HttpChannel - action DISPATCH HttpChannelOverHttp@2367e3e{s=HttpChannelState@2bcd5f57{s=HANDLING rs=BLOCKING os=OPEN is=IDLE awp=false se=false i=true al=0},r=1,c=false/false,a=HANDLING,uri=//localhost:33719/config.yml,age=1}
01:46:23.208 [qtp399373008-61] DEBUG org.eclipse.jetty.server.SecureRequestCustomizer - Host localhost with SNI null
01:46:23.208 [qtp399373008-61] DEBUG org.eclipse.jetty.server.Server - REQUEST GET /config.yml on HttpChannelOverHttp@2367e3e{s=HttpChannelState@2bcd5f57{s=HANDLING rs=BLOCKING os=OPEN is=IDLE awp=false se=false i=true al=0},r=1,c=false/false,a=HANDLING,uri=https://localhost:33719/config.yml,age=1}
01:46:23.208 [qtp399373008-61] DEBUG org.eclipse.jetty.server.HttpOutput - write(array HeapByteBuffer@40de9741[p=0,l=4,c=512,r=4]={<<<path>>>\x00\x00\x00\x00\x00\x00\x00\x00\x00...\x00\x00\x00\x00\x00\x00\x00})
01:46:23.208 [qtp399373008-61] DEBUG org.eclipse.jetty.server.HttpOutput - write(array) s=CLOSING,api=BLOCKED,sc=false,e=null last=true agg=false flush=true async=false, len=4 null
01:46:23.208 [qtp399373008-61] DEBUG org.eclipse.jetty.server.HttpChannel - sendResponse info=null content=HeapByteBuffer@7577f02c[p=0,l=4,c=512,r=4]={<<<path>>>\x00\x00\x00\x00\x00\x00\x00\x00\x00...\x00\x00\x00\x00\x00\x00\x00} complete=true committing=true callback=Blocker@3ad7cfde{null}
01:46:23.208 [qtp399373008-61] DEBUG org.eclipse.jetty.server.HttpChannel - COMMIT for /config.yml on HttpChannelOverHttp@2367e3e{s=HttpChannelState@2bcd5f57{s=HANDLING rs=BLOCKING os=COMMITTED is=IDLE awp=false se=false i=true al=0},r=1,c=false/false,a=HANDLING,uri=https://localhost:33719/config.yml,age=1}
200 null HTTP/1.1
Date: Thu, 02 May 2024 00:46:23 GMT
ETag: testEtag
Content-Type: text/plain;charset=utf-8
Content-Length: 4


01:46:23.208 [qtp399373008-61] DEBUG org.eclipse.jetty.server.HttpConnection - generate: NEED_HEADER for SendCallback@70c0dee0[PROCESSING][i=HTTP/1.1{s=200,h=4,cl=4},cb=org.eclipse.jetty.server.HttpChannel$SendCallback@44902b26] (null,[p=0,l=4,c=512,r=4],true)@START
01:46:23.209 [qtp399373008-61] DEBUG org.eclipse.jetty.http.HttpGenerator - generateHeaders HTTP/1.1{s=200,h=4,cl=4} last=true content=HeapByteBuffer@7577f02c[p=0,l=4,c=512,r=4]={<<<path>>>\x00\x00\x00\x00\x00\x00\x00\x00\x00...\x00\x00\x00\x00\x00\x00\x00}
01:46:23.209 [qtp399373008-61] DEBUG org.eclipse.jetty.http.HttpGenerator - Date: Thu, 02 May 2024 00:46:23 GMT
ETag: testEtag
Content-Type: text/plain;charset=utf-8
Content-Length: 4


01:46:23.209 [qtp399373008-61] DEBUG org.eclipse.jetty.http.HttpGenerator - CONTENT_LENGTH
01:46:23.209 [qtp399373008-61] DEBUG org.eclipse.jetty.server.HttpConnection - generate: FLUSH for SendCallback@70c0dee0[PROCESSING][i=HTTP/1.1{s=200,h=4,cl=4},cb=org.eclipse.jetty.server.HttpChannel$SendCallback@44902b26] ([p=0,l=164,c=8192,r=164],[p=0,l=4,c=512,r=4],true)@COMPLETING
01:46:23.209 [qtp399373008-61] DEBUG org.eclipse.jetty.io.WriteFlusher - write: WriteFlusher@a81c23c{IDLE}->null [HeapByteBuffer@eac4508[p=0,l=164,c=8192,r=164]={<<<HTTP/1.1 200 OK\r\nDate: Th...y(9.4.44.v20210927)\r\n\r\n>>>\x00\x00\x00\x00\x00\x00\x00\x00\x00...\x00\x00\x00\x00\x00\x00\x00},HeapByteBuffer@7577f02c[p=0,l=4,c=512,r=4]={<<<path>>>\x00\x00\x00\x00\x00\x00\x00\x00\x00...\x00\x00\x00\x00\x00\x00\x00}]
01:46:23.209 [qtp399373008-61] DEBUG org.eclipse.jetty.io.WriteFlusher - update WriteFlusher@a81c23c{WRITING}->null:IDLE-->WRITING
01:46:23.209 [qtp399373008-61] DEBUG org.eclipse.jetty.io.ssl.SslConnection - >flush SslConnection@23ef5d82::SocketChannelEndPoint@4dcc83cc{l=/127.0.0.1:33719,r=/127.0.0.1:51142,OPEN,fill=-,flush=-,to=2/30000}{io=0/0,kio=0,kro=1}->SslConnection@23ef5d82{NOT_HANDSHAKING,eio=-1/-1,di=-1,fill=IDLE,flush=IDLE}~>DecryptedEndPoint@33febd77{l=/127.0.0.1:33719,r=/127.0.0.1:51142,OPEN,fill=-,flush=W,to=42/30000}=>HttpConnection@53efc2bc[p=HttpParser{s=CONTENT,0 of -1},g=HttpGenerator@653c598d{s=COMPLETING}]=>HttpChannelOverHttp@2367e3e{s=HttpChannelState@2bcd5f57{s=HANDLING rs=BLOCKING os=COMMITTED is=IDLE awp=false se=false i=true al=0},r=1,c=false/false,a=HANDLING,uri=https://localhost:33719/config.yml,age=2}
01:46:23.209 [qtp399373008-61] DEBUG org.eclipse.jetty.io.ssl.SslConnection - flush b[0]=HeapByteBuffer@eac4508[p=0,l=164,c=8192,r=164]={<<<HTTP/1.1 200 OK\r\nDate: Th...y(9.4.44.v20210927)\r\n\r\n>>>\x00\x00\x00\x00\x00\x00\x00\x00\x00...\x00\x00\x00\x00\x00\x00\x00}
01:46:23.209 [qtp399373008-61] DEBUG org.eclipse.jetty.io.ssl.SslConnection - flush b[1]=HeapByteBuffer@7577f02c[p=0,l=4,c=512,r=4]={<<<path>>>\x00\x00\x00\x00\x00\x00\x00\x00\x00...\x00\x00\x00\x00\x00\x00\x00}
01:46:23.209 [qtp399373008-61] DEBUG org.eclipse.jetty.io.ssl.SslConnection - flush NOT_HANDSHAKING
01:46:23.209 [qtp399373008-61] DEBUG org.eclipse.jetty.io.ssl.SslConnection - wrap Status = OK HandshakeStatus = NOT_HANDSHAKING bytesConsumed = 168 bytesProduced = 206 [p=0,l=206,c=17408,r=206] ioDone=false/false
01:46:23.209 [qtp399373008-61] DEBUG org.eclipse.jetty.io.ChannelEndPoint - flushed 206 SocketChannelEndPoint@4dcc83cc{l=/127.0.0.1:33719,r=/127.0.0.1:51142,OPEN,fill=-,flush=-,to=3/30000}{io=0/0,kio=0,kro=1}->SslConnection@23ef5d82{NOT_HANDSHAKING,eio=-1/0,di=-1,fill=IDLE,flush=IDLE}~>DecryptedEndPoint@33febd77{l=/127.0.0.1:33719,r=/127.0.0.1:51142,OPEN,fill=-,flush=W,to=43/30000}=>HttpConnection@53efc2bc[p=HttpParser{s=CONTENT,0 of -1},g=HttpGenerator@653c598d{s=COMPLETING}]=>HttpChannelOverHttp@2367e3e{s=HttpChannelState@2bcd5f57{s=HANDLING rs=BLOCKING os=COMMITTED is=IDLE awp=false se=false i=true al=0},r=1,c=false/false,a=HANDLING,uri=https://localhost:33719/config.yml,age=2}
01:46:23.209 [qtp399373008-61] DEBUG org.eclipse.jetty.io.ssl.SslConnection - net flushed=true, ac=true
01:46:23.210 [qtp399373008-61] DEBUG org.eclipse.jetty.io.ssl.SslConnection - <flush true SslConnection@23ef5d82::SocketChannelEndPoint@4dcc83cc{l=/127.0.0.1:33719,r=/127.0.0.1:51142,OPEN,fill=-,flush=-,to=0/30000}{io=0/0,kio=0,kro=1}->SslConnection@23ef5d82{NOT_HANDSHAKING,eio=-1/-1,di=-1,fill=IDLE,flush=IDLE}~>DecryptedEndPoint@33febd77{l=/127.0.0.1:33719,r=/127.0.0.1:51142,OPEN,fill=-,flush=W,to=43/30000}=>HttpConnection@53efc2bc[p=HttpParser{s=CONTENT,0 of -1},g=HttpGenerator@653c598d{s=COMPLETING}]=>HttpChannelOverHttp@2367e3e{s=HttpChannelState@2bcd5f57{s=HANDLING rs=BLOCKING os=COMMITTED is=IDLE awp=false se=false i=true al=0},r=1,c=false/false,a=HANDLING,uri=https://localhost:33719/config.yml,age=2}
01:46:23.210 [main] DEBUG org.apache.nifi.minifi.bootstrap.configuration.ingestors.PullHttpChangeIngestor - Response received: Response{protocol=http/1.1, code=200, message=OK, url=https://localhost:33719/config.yml}
01:46:23.210 [qtp399373008-61] DEBUG org.eclipse.jetty.io.WriteFlusher - Flushed=true written=168 remaining=0 WriteFlusher@a81c23c{WRITING}->null
01:46:23.210 [qtp399373008-61] DEBUG org.eclipse.jetty.io.WriteFlusher - update WriteFlusher@a81c23c{IDLE}->null:WRITING-->IDLE
01:46:23.210 [qtp399373008-61] DEBUG org.eclipse.jetty.server.HttpConnection - generate: DONE for SendCallback@70c0dee0[PROCESSING][i=HTTP/1.1{s=200,h=4,cl=4},cb=org.eclipse.jetty.server.HttpChannel$SendCallback@44902b26] ([p=164,l=164,c=8192,r=0],[p=4,l=4,c=512,r=0],true)@END
01:46:23.210 [main] DEBUG org.apache.nifi.minifi.bootstrap.configuration.ingestors.PullHttpChangeIngestor - New change received, notifying listener
01:46:23.210 [qtp399373008-61] DEBUG org.eclipse.jetty.server.HttpOutput - onWriteComplete(true,null) s=CLOSING,api=BLOCKED,sc=false,e=null->s=CLOSED,api=BLOCKING,sc=false,e=null c=null cb=null w=false
01:46:23.210 [qtp399373008-61] DEBUG org.eclipse.jetty.server.HttpOutput - close() s=CLOSED,api=BLOCKING,sc=false,e=null c=null b=null
01:46:23.210 [main] DEBUG org.apache.nifi.minifi.bootstrap.configuration.ingestors.PullHttpChangeIngestor - Listeners notified
01:46:23.210 [qtp399373008-61] DEBUG org.eclipse.jetty.server.Server - handled=true async=false committed=true on HttpChannelOverHttp@2367e3e{s=HttpChannelState@2bcd5f57{s=HANDLING rs=BLOCKING os=COMPLETED is=IDLE awp=false se=false i=true al=0},r=1,c=false/true,a=HANDLING,uri=https://localhost:33719/config.yml,age=3}
01:46:23.210 [qtp399373008-61] DEBUG org.eclipse.jetty.server.HttpChannelState - unhandle HttpChannelState@2bcd5f57{s=HANDLING rs=BLOCKING os=COMPLETED is=IDLE awp=false se=false i=true al=0}
01:46:23.210 [qtp399373008-61] DEBUG org.eclipse.jetty.server.HttpChannelState - nextAction(false) COMPLETE HttpChannelState@2bcd5f57{s=HANDLING rs=COMPLETING os=COMPLETED is=IDLE awp=false se=false i=false al=0}
01:46:23.210 [qtp399373008-61] DEBUG org.eclipse.jetty.server.HttpChannel - action COMPLETE HttpChannelOverHttp@2367e3e{s=HttpChannelState@2bcd5f57{s=HANDLING rs=COMPLETING os=COMPLETED is=IDLE awp=false se=false i=false al=0},r=1,c=false/true,a=HANDLING,uri=https://localhost:33719/config.yml,age=3}
01:46:23.210 [qtp399373008-61] DEBUG org.eclipse.jetty.server.HttpOutput - complete(org.eclipse.jetty.util.Callback$3@7cc02a52) s=CLOSED,api=BLOCKING,sc=false,e=null s=true e=null, c=null
]]></system-out>
  </testcase>
  <testcase name="testUseEtag" classname="org.apache.nifi.minifi.bootstrap.configuration.ingestors.PullHttpChangeIngestorSSLTest" time="0.077">
    <system-out><![CDATA[01:46:23.214 [qtp399373008-61] DEBUG org.eclipse.jetty.server.HttpChannelState - completed HttpChannelState@2bcd5f57{s=HANDLING rs=COMPLETING os=COMPLETED is=IDLE awp=false se=false i=false al=0}
01:46:23.214 [qtp399373008-61] DEBUG org.eclipse.jetty.server.HttpChannelState - unhandle HttpChannelState@2bcd5f57{s=HANDLING rs=COMPLETED os=COMPLETED is=IDLE awp=false se=false i=false al=0}
01:46:23.214 [qtp399373008-61] DEBUG org.eclipse.jetty.server.HttpChannelState - nextAction(false) TERMINATED HttpChannelState@2bcd5f57{s=IDLE rs=COMPLETED os=COMPLETED is=IDLE awp=false se=false i=false al=0}
01:46:23.214 [qtp399373008-61] DEBUG org.eclipse.jetty.server.HttpChannel - action TERMINATED HttpChannelOverHttp@2367e3e{s=HttpChannelState@2bcd5f57{s=IDLE rs=COMPLETED os=COMPLETED is=IDLE awp=false se=false i=false al=0},r=1,c=true/true,a=IDLE,uri=https://localhost:33719/config.yml,age=7}
01:46:23.214 [qtp399373008-61] DEBUG org.eclipse.jetty.server.HttpChannel - onCompleted for /config.yml written=4
01:46:23.214 [qtp399373008-61] DEBUG org.eclipse.jetty.io.ssl.SslConnection - >fill SslConnection@23ef5d82::SocketChannelEndPoint@4dcc83cc{l=/127.0.0.1:33719,r=/127.0.0.1:51142,OPEN,fill=-,flush=-,to=4/30000}{io=0/0,kio=0,kro=1}->SslConnection@23ef5d82{NOT_HANDSHAKING,eio=-1/-1,di=-1,fill=IDLE,flush=IDLE}~>DecryptedEndPoint@33febd77{l=/127.0.0.1:33719,r=/127.0.0.1:51142,OPEN,fill=-,flush=-,to=48/30000}=>HttpConnection@53efc2bc[p=HttpParser{s=CONTENT,0 of -1},g=HttpGenerator@653c598d{s=END}]=>HttpChannelOverHttp@2367e3e{s=HttpChannelState@2bcd5f57{s=IDLE rs=COMPLETED os=COMPLETED is=IDLE awp=false se=false i=false al=0},r=1,c=true/true,a=IDLE,uri=https://localhost:33719/config.yml,age=7}
01:46:23.214 [qtp399373008-61] DEBUG org.eclipse.jetty.io.ssl.SslConnection - fill NOT_HANDSHAKING
01:46:23.215 [qtp399373008-61] DEBUG org.eclipse.jetty.io.ChannelEndPoint - filled 0 HeapByteBuffer@25c362b3[p=0,l=0,c=17408,r=0]={<<<>>>GET /conf...\x00\x00\x00\x00\x00\x00\x00}
01:46:23.215 [qtp399373008-61] DEBUG org.eclipse.jetty.io.ssl.SslConnection - net filled=0
01:46:23.215 [qtp399373008-61] DEBUG org.eclipse.jetty.io.ssl.SslConnection - unwrap net_filled=0 Status = BUFFER_UNDERFLOW HandshakeStatus = NOT_HANDSHAKING bytesConsumed = 0 bytesProduced = 0 encryptedBuffer=[p=0,l=0,c=17408,r=0] unwrapBuffer=HeapByteBuffer@21fcf254[p=0,l=0,c=17408,r=0]={<<<>>>\x17\x03\x03\x03\xAd\x0b\x00\x03\x88...\x00\x00\x00\x00\x00\x00\x00} appBuffer=HeapByteBuffer@21fcf254[p=0,l=0,c=17408,r=0]={<<<>>>\x17\x03\x03\x03\xAd\x0b\x00\x03\x88...\x00\x00\x00\x00\x00\x00\x00}
01:46:23.215 [qtp399373008-61] DEBUG org.eclipse.jetty.io.ssl.SslConnection - <fill f=0 uf=true SslConnection@23ef5d82::SocketChannelEndPoint@4dcc83cc{l=/127.0.0.1:33719,r=/127.0.0.1:51142,OPEN,fill=-,flush=-,to=5/30000}{io=0/0,kio=0,kro=1}->SslConnection@23ef5d82{NOT_HANDSHAKING,eio=-1/-1,di=-1,fill=IDLE,flush=IDLE}~>DecryptedEndPoint@33febd77{l=/127.0.0.1:33719,r=/127.0.0.1:51142,OPEN,fill=-,flush=-,to=48/30000}=>HttpConnection@53efc2bc[p=HttpParser{s=CONTENT,0 of -1},g=HttpGenerator@653c598d{s=END}]=>HttpChannelOverHttp@2367e3e{s=HttpChannelState@2bcd5f57{s=IDLE rs=COMPLETED os=COMPLETED is=IDLE awp=false se=false i=false al=0},r=1,c=true/true,a=IDLE,uri=https://localhost:33719/config.yml,age=8}
01:46:23.215 [qtp399373008-61] DEBUG org.eclipse.jetty.io.ssl.SslConnection - >fill SslConnection@23ef5d82::SocketChannelEndPoint@4dcc83cc{l=/127.0.0.1:33719,r=/127.0.0.1:51142,OPEN,fill=-,flush=-,to=5/30000}{io=0/0,kio=0,kro=1}->SslConnection@23ef5d82{NOT_HANDSHAKING,eio=-1/-1,di=-1,fill=IDLE,flush=IDLE}~>DecryptedEndPoint@33febd77{l=/127.0.0.1:33719,r=/127.0.0.1:51142,OPEN,fill=-,flush=-,to=48/30000}=>HttpConnection@53efc2bc[p=HttpParser{s=CONTENT,0 of -1},g=HttpGenerator@653c598d{s=END}]=>HttpChannelOverHttp@2367e3e{s=HttpChannelState@2bcd5f57{s=IDLE rs=COMPLETED os=COMPLETED is=IDLE awp=false se=false i=false al=0},r=1,c=true/true,a=IDLE,uri=https://localhost:33719/config.yml,age=8}
01:46:23.215 [qtp399373008-61] DEBUG org.eclipse.jetty.io.ssl.SslConnection - fill NOT_HANDSHAKING
01:46:23.215 [qtp399373008-61] DEBUG org.eclipse.jetty.io.ChannelEndPoint - filled 0 HeapByteBuffer@2f3b09c3[p=0,l=0,c=17408,r=0]={<<<>>>\x17\x03\x03\x00\xC9\xBf\xD4\xCa)...\x00\x00\x00\x00\x00\x00\x00}
01:46:23.215 [qtp399373008-61] DEBUG org.eclipse.jetty.io.ssl.SslConnection - net filled=0
01:46:23.215 [qtp399373008-61] DEBUG org.eclipse.jetty.io.ssl.SslConnection - unwrap net_filled=0 Status = BUFFER_UNDERFLOW HandshakeStatus = NOT_HANDSHAKING bytesConsumed = 0 bytesProduced = 0 encryptedBuffer=[p=0,l=0,c=17408,r=0] unwrapBuffer=HeapByteBuffer@21fcf254[p=0,l=0,c=17408,r=0]={<<<>>>\x17\x03\x03\x03\xAd\x0b\x00\x03\x88...\x00\x00\x00\x00\x00\x00\x00} appBuffer=HeapByteBuffer@21fcf254[p=0,l=0,c=17408,r=0]={<<<>>>\x17\x03\x03\x03\xAd\x0b\x00\x03\x88...\x00\x00\x00\x00\x00\x00\x00}
01:46:23.215 [qtp399373008-61] DEBUG org.eclipse.jetty.io.ssl.SslConnection - <fill f=0 uf=true SslConnection@23ef5d82::SocketChannelEndPoint@4dcc83cc{l=/127.0.0.1:33719,r=/127.0.0.1:51142,OPEN,fill=-,flush=-,to=5/30000}{io=0/0,kio=0,kro=1}->SslConnection@23ef5d82{NOT_HANDSHAKING,eio=-1/-1,di=-1,fill=IDLE,flush=IDLE}~>DecryptedEndPoint@33febd77{l=/127.0.0.1:33719,r=/127.0.0.1:51142,OPEN,fill=-,flush=-,to=49/30000}=>HttpConnection@53efc2bc[p=HttpParser{s=CONTENT,0 of -1},g=HttpGenerator@653c598d{s=END}]=>HttpChannelOverHttp@2367e3e{s=HttpChannelState@2bcd5f57{s=IDLE rs=COMPLETED os=COMPLETED is=IDLE awp=false se=false i=false al=0},r=1,c=true/true,a=IDLE,uri=https://localhost:33719/config.yml,age=8}
01:46:23.215 [qtp399373008-61] DEBUG org.eclipse.jetty.server.HttpConnection - HttpConnection@53efc2bc::DecryptedEndPoint@33febd77{l=/127.0.0.1:33719,r=/127.0.0.1:51142,OPEN,fill=-,flush=-,to=49/30000} filled 0 HeapByteBuffer@21fcf254[p=0,l=0,c=17408,r=0]={<<<>>>\x17\x03\x03\x03\xAd\x0b\x00\x03\x88...\x00\x00\x00\x00\x00\x00\x00}
01:46:23.215 [qtp399373008-61] DEBUG org.eclipse.jetty.server.HttpConnection - HttpConnection@53efc2bc::DecryptedEndPoint@33febd77{l=/127.0.0.1:33719,r=/127.0.0.1:51142,OPEN,fill=-,flush=-,to=49/30000} parse HeapByteBuffer@21fcf254[p=0,l=0,c=17408,r=0]={<<<>>>\x17\x03\x03\x03\xAd\x0b\x00\x03\x88...\x00\x00\x00\x00\x00\x00\x00} {}
01:46:23.215 [qtp399373008-61] DEBUG org.eclipse.jetty.http.HttpParser - parseNext s=CONTENT HeapByteBuffer@21fcf254[p=0,l=0,c=17408,r=0]={<<<>>>\x17\x03\x03\x03\xAd\x0b\x00\x03\x88...\x00\x00\x00\x00\x00\x00\x00}
01:46:23.215 [qtp399373008-61] DEBUG org.eclipse.jetty.http.HttpParser - CONTENT --> CONTENT_END
01:46:23.215 [qtp399373008-61] DEBUG org.eclipse.jetty.server.HttpChannel - onContentComplete HttpChannelOverHttp@2367e3e{s=HttpChannelState@2bcd5f57{s=IDLE rs=COMPLETED os=COMPLETED is=IDLE awp=false se=false i=false al=0},r=1,c=true/true,a=IDLE,uri=https://localhost:33719/config.yml,age=8}
01:46:23.215 [qtp399373008-61] DEBUG org.eclipse.jetty.http.HttpParser - CONTENT_END --> END
01:46:23.215 [qtp399373008-61] DEBUG org.eclipse.jetty.server.HttpChannel - onRequestComplete HttpChannelOverHttp@2367e3e{s=HttpChannelState@2bcd5f57{s=IDLE rs=COMPLETED os=COMPLETED is=IDLE awp=false se=false i=false al=0},r=1,c=true/true,a=IDLE,uri=https://localhost:33719/config.yml,age=8}
01:46:23.215 [qtp399373008-61] DEBUG org.eclipse.jetty.server.HttpInput - HttpInputOverHTTP@39ccf7f7[c=0,q=0,[0]=null,s=STREAM] addContent EOF
01:46:23.215 [qtp399373008-61] DEBUG org.eclipse.jetty.server.HttpConnection - HttpConnection@53efc2bc::DecryptedEndPoint@33febd77{l=/127.0.0.1:33719,r=/127.0.0.1:51142,OPEN,fill=-,flush=-,to=49/30000} parsed false HttpParser{s=END,0 of -1}
01:46:23.216 [qtp399373008-61] DEBUG org.eclipse.jetty.server.HttpConnection - releaseRequestBuffer HttpConnection@53efc2bc::DecryptedEndPoint@33febd77{l=/127.0.0.1:33719,r=/127.0.0.1:51142,OPEN,fill=-,flush=-,to=49/30000}
01:46:23.216 [qtp399373008-61] DEBUG org.eclipse.jetty.server.HttpChannelState - recycle HttpChannelState@2bcd5f57{s=IDLE rs=COMPLETED os=COMPLETED is=IDLE awp=false se=false i=false al=0}
01:46:23.216 [qtp399373008-61] DEBUG org.eclipse.jetty.http.HttpParser - reset HttpParser{s=END,0 of -1}
01:46:23.216 [qtp399373008-61] DEBUG org.eclipse.jetty.http.HttpParser - END --> START
01:46:23.216 [qtp399373008-61] DEBUG org.eclipse.jetty.server.HttpChannel - !handle TERMINATED HttpChannelOverHttp@2367e3e{s=HttpChannelState@2bcd5f57{s=IDLE rs=BLOCKING os=OPEN is=IDLE awp=false se=false i=true al=0},r=1,c=false/false,a=IDLE,uri=null,age=0}
01:46:23.216 [qtp399373008-61] DEBUG org.eclipse.jetty.io.ssl.SslConnection - >fill SslConnection@23ef5d82::SocketChannelEndPoint@4dcc83cc{l=/127.0.0.1:33719,r=/127.0.0.1:51142,OPEN,fill=-,flush=-,to=6/30000}{io=0/0,kio=0,kro=1}->SslConnection@23ef5d82{NOT_HANDSHAKING,eio=-1/-1,di=-1,fill=IDLE,flush=IDLE}~>DecryptedEndPoint@33febd77{l=/127.0.0.1:33719,r=/127.0.0.1:51142,OPEN,fill=-,flush=-,to=49/30000}=>HttpConnection@53efc2bc[p=HttpParser{s=START,0 of -1},g=HttpGenerator@653c598d{s=START}]=>HttpChannelOverHttp@2367e3e{s=HttpChannelState@2bcd5f57{s=IDLE rs=BLOCKING os=OPEN is=IDLE awp=false se=false i=true al=0},r=1,c=false/false,a=IDLE,uri=null,age=0}
01:46:23.216 [qtp399373008-61] DEBUG org.eclipse.jetty.io.ssl.SslConnection - fill NOT_HANDSHAKING
01:46:23.216 [qtp399373008-61] DEBUG org.eclipse.jetty.io.ChannelEndPoint - filled 0 HeapByteBuffer@2f3b09c3[p=0,l=0,c=17408,r=0]={<<<>>>\x17\x03\x03\x00\xC9\xBf\xD4\xCa)...\x00\x00\x00\x00\x00\x00\x00}
01:46:23.216 [qtp399373008-61] DEBUG org.eclipse.jetty.io.ssl.SslConnection - net filled=0
01:46:23.216 [qtp399373008-61] DEBUG org.eclipse.jetty.io.ssl.SslConnection - unwrap net_filled=0 Status = BUFFER_UNDERFLOW HandshakeStatus = NOT_HANDSHAKING bytesConsumed = 0 bytesProduced = 0 encryptedBuffer=[p=0,l=0,c=17408,r=0] unwrapBuffer=HeapByteBuffer@25c362b3[p=0,l=0,c=17408,r=0]={<<<>>>GET /conf...\x00\x00\x00\x00\x00\x00\x00} appBuffer=HeapByteBuffer@25c362b3[p=0,l=0,c=17408,r=0]={<<<>>>GET /conf...\x00\x00\x00\x00\x00\x00\x00}
01:46:23.216 [qtp399373008-61] DEBUG org.eclipse.jetty.io.ssl.SslConnection - <fill f=0 uf=true SslConnection@23ef5d82::SocketChannelEndPoint@4dcc83cc{l=/127.0.0.1:33719,r=/127.0.0.1:51142,OPEN,fill=-,flush=-,to=6/30000}{io=0/0,kio=0,kro=1}->SslConnection@23ef5d82{NOT_HANDSHAKING,eio=-1/-1,di=-1,fill=IDLE,flush=IDLE}~>DecryptedEndPoint@33febd77{l=/127.0.0.1:33719,r=/127.0.0.1:51142,OPEN,fill=-,flush=-,to=49/30000}=>HttpConnection@53efc2bc[p=HttpParser{s=START,0 of -1},g=HttpGenerator@653c598d{s=START}]=>HttpChannelOverHttp@2367e3e{s=HttpChannelState@2bcd5f57{s=IDLE rs=BLOCKING os=OPEN is=IDLE awp=false se=false i=true al=0},r=1,c=false/false,a=IDLE,uri=null,age=0}
01:46:23.216 [qtp399373008-61] DEBUG org.eclipse.jetty.io.ssl.SslConnection - >fill SslConnection@23ef5d82::SocketChannelEndPoint@4dcc83cc{l=/127.0.0.1:33719,r=/127.0.0.1:51142,OPEN,fill=-,flush=-,to=6/30000}{io=0/0,kio=0,kro=1}->SslConnection@23ef5d82{NOT_HANDSHAKING,eio=-1/-1,di=-1,fill=IDLE,flush=IDLE}~>DecryptedEndPoint@33febd77{l=/127.0.0.1:33719,r=/127.0.0.1:51142,OPEN,fill=-,flush=-,to=49/30000}=>HttpConnection@53efc2bc[p=HttpParser{s=START,0 of -1},g=HttpGenerator@653c598d{s=START}]=>HttpChannelOverHttp@2367e3e{s=HttpChannelState@2bcd5f57{s=IDLE rs=BLOCKING os=OPEN is=IDLE awp=false se=false i=true al=0},r=1,c=false/false,a=IDLE,uri=null,age=0}
01:46:23.216 [qtp399373008-61] DEBUG org.eclipse.jetty.io.ssl.SslConnection - fill NOT_HANDSHAKING
01:46:23.216 [qtp399373008-61] DEBUG org.eclipse.jetty.io.ChannelEndPoint - filled 0 HeapByteBuffer@21fcf254[p=0,l=0,c=17408,r=0]={<<<>>>\x17\x03\x03\x03\xAd\x0b\x00\x03\x88...\x00\x00\x00\x00\x00\x00\x00}
01:46:23.216 [qtp399373008-61] DEBUG org.eclipse.jetty.io.ssl.SslConnection - net filled=0
01:46:23.216 [qtp399373008-61] DEBUG org.eclipse.jetty.io.ssl.SslConnection - unwrap net_filled=0 Status = BUFFER_UNDERFLOW HandshakeStatus = NOT_HANDSHAKING bytesConsumed = 0 bytesProduced = 0 encryptedBuffer=[p=0,l=0,c=17408,r=0] unwrapBuffer=HeapByteBuffer@25c362b3[p=0,l=0,c=17408,r=0]={<<<>>>GET /conf...\x00\x00\x00\x00\x00\x00\x00} appBuffer=HeapByteBuffer@25c362b3[p=0,l=0,c=17408,r=0]={<<<>>>GET /conf...\x00\x00\x00\x00\x00\x00\x00}
01:46:23.216 [main] DEBUG org.apache.nifi.minifi.bootstrap.configuration.ingestors.PullHttpChangeIngestor - Attempting to pull new config
01:46:23.216 [qtp399373008-61] DEBUG org.eclipse.jetty.io.ssl.SslConnection - <fill f=0 uf=true SslConnection@23ef5d82::SocketChannelEndPoint@4dcc83cc{l=/127.0.0.1:33719,r=/127.0.0.1:51142,OPEN,fill=-,flush=-,to=6/30000}{io=0/0,kio=0,kro=1}->SslConnection@23ef5d82{NOT_HANDSHAKING,eio=-1/-1,di=-1,fill=IDLE,flush=IDLE}~>DecryptedEndPoint@33febd77{l=/127.0.0.1:33719,r=/127.0.0.1:51142,OPEN,fill=-,flush=-,to=50/30000}=>HttpConnection@53efc2bc[p=HttpParser{s=START,0 of -1},g=HttpGenerator@653c598d{s=START}]=>HttpChannelOverHttp@2367e3e{s=HttpChannelState@2bcd5f57{s=IDLE rs=BLOCKING os=OPEN is=IDLE awp=false se=false i=true al=0},r=1,c=false/false,a=IDLE,uri=null,age=0}
01:46:23.216 [qtp399373008-61] DEBUG org.eclipse.jetty.server.HttpConnection - HttpConnection@53efc2bc::DecryptedEndPoint@33febd77{l=/127.0.0.1:33719,r=/127.0.0.1:51142,OPEN,fill=-,flush=-,to=50/30000} filled 0 HeapByteBuffer@25c362b3[p=0,l=0,c=17408,r=0]={<<<>>>GET /conf...\x00\x00\x00\x00\x00\x00\x00}
01:46:23.216 [qtp399373008-61] DEBUG org.eclipse.jetty.server.HttpConnection - HttpConnection@53efc2bc::DecryptedEndPoint@33febd77{l=/127.0.0.1:33719,r=/127.0.0.1:51142,OPEN,fill=-,flush=-,to=50/30000} parse HeapByteBuffer@25c362b3[p=0,l=0,c=17408,r=0]={<<<>>>GET /conf...\x00\x00\x00\x00\x00\x00\x00} {}
01:46:23.216 [qtp399373008-61] DEBUG org.eclipse.jetty.http.HttpParser - parseNext s=START HeapByteBuffer@25c362b3[p=0,l=0,c=17408,r=0]={<<<>>>GET /conf...\x00\x00\x00\x00\x00\x00\x00}
01:46:23.216 [qtp399373008-61] DEBUG org.eclipse.jetty.server.HttpConnection - HttpConnection@53efc2bc::DecryptedEndPoint@33febd77{l=/127.0.0.1:33719,r=/127.0.0.1:51142,OPEN,fill=-,flush=-,to=50/30000} parsed false HttpParser{s=START,0 of -1}
01:46:23.216 [qtp399373008-61] DEBUG org.eclipse.jetty.server.HttpConnection - releaseRequestBuffer HttpConnection@53efc2bc::DecryptedEndPoint@33febd77{l=/127.0.0.1:33719,r=/127.0.0.1:51142,OPEN,fill=-,flush=-,to=50/30000}
01:46:23.216 [qtp399373008-61] DEBUG org.eclipse.jetty.io.AbstractConnection - fillInterested HttpConnection@53efc2bc::DecryptedEndPoint@33febd77{l=/127.0.0.1:33719,r=/127.0.0.1:51142,OPEN,fill=-,flush=-,to=50/30000}
01:46:23.216 [qtp399373008-61] DEBUG org.eclipse.jetty.io.FillInterest - interested FillInterest@48eb8db4{AC.ReadCB@53efc2bc{HttpConnection@53efc2bc::DecryptedEndPoint@33febd77{l=/127.0.0.1:33719,r=/127.0.0.1:51142,OPEN,fill=FI,flush=-,to=0/30000}}}
01:46:23.217 [qtp399373008-61] DEBUG org.eclipse.jetty.io.ssl.SslConnection - >needFillInterest s=IDLE/IDLE uf=true ei=null di=null SslConnection@23ef5d82::SocketChannelEndPoint@4dcc83cc{l=/127.0.0.1:33719,r=/127.0.0.1:51142,OPEN,fill=-,flush=-,to=7/30000}{io=0/0,kio=0,kro=1}->SslConnection@23ef5d82{NOT_HANDSHAKING,eio=-1/-1,di=-1,fill=IDLE,flush=IDLE}~>DecryptedEndPoint@33febd77{l=/127.0.0.1:33719,r=/127.0.0.1:51142,OPEN,fill=FI,flush=-,to=0/30000}=>HttpConnection@53efc2bc[p=HttpParser{s=START,0 of -1},g=HttpGenerator@653c598d{s=START}]=>HttpChannelOverHttp@2367e3e{s=HttpChannelState@2bcd5f57{s=IDLE rs=BLOCKING os=OPEN is=IDLE awp=false se=false i=true al=0},r=1,c=false/false,a=IDLE,uri=null,age=0}
01:46:23.217 [qtp399373008-61] DEBUG org.eclipse.jetty.io.ssl.SslConnection - <needFillInterest s=IDLE/INTERESTED f=false i=true w=null
01:46:23.217 [qtp399373008-61] DEBUG org.eclipse.jetty.io.ssl.SslConnection - ensureFillInterested SslConnection@23ef5d82::SocketChannelEndPoint@4dcc83cc{l=/127.0.0.1:33719,r=/127.0.0.1:51142,OPEN,fill=-,flush=-,to=7/30000}{io=0/0,kio=0,kro=1}->SslConnection@23ef5d82{NOT_HANDSHAKING,eio=-1/-1,di=-1,fill=INTERESTED,flush=IDLE}~>DecryptedEndPoint@33febd77{l=/127.0.0.1:33719,r=/127.0.0.1:51142,OPEN,fill=FI,flush=-,to=0/30000}=>HttpConnection@53efc2bc[p=HttpParser{s=START,0 of -1},g=HttpGenerator@653c598d{s=START}]=>HttpChannelOverHttp@2367e3e{s=HttpChannelState@2bcd5f57{s=IDLE rs=BLOCKING os=OPEN is=IDLE awp=false se=false i=true al=0},r=1,c=false/false,a=IDLE,uri=null,age=0}
01:46:23.217 [qtp399373008-59-acceptor-0@53dacd14-ServerConnector@2374d36a{SSL, (ssl, http/1.1)}{localhost:33719}] DEBUG org.eclipse.jetty.io.ManagedSelector - Queued change lazy=false Accept@1a2a7542[java.nio.channels.SocketChannel[connected local=/127.0.0.1:33719 remote=/127.0.0.1:51148]] on ManagedSelector@47a86fbb{STARTED} id=2 keys=0 selected=0 updates=0
01:46:23.217 [qtp399373008-59-acceptor-0@53dacd14-ServerConnector@2374d36a{SSL, (ssl, http/1.1)}{localhost:33719}] DEBUG org.eclipse.jetty.io.ManagedSelector - Wakeup on submit ManagedSelector@47a86fbb{STARTED} id=2 keys=0 selected=0 updates=1
01:46:23.217 [qtp399373008-61] DEBUG org.eclipse.jetty.io.FillInterest - interested FillInterest@66579fd1{SSLC.NBReadCB@23ef5d82{SslConnection@23ef5d82::SocketChannelEndPoint@4dcc83cc{l=/127.0.0.1:33719,r=/127.0.0.1:51142,OPEN,fill=FI,flush=-,to=0/30000}{io=0/0,kio=0,kro=1}->SslConnection@23ef5d82{NOT_HANDSHAKING,eio=-1/-1,di=-1,fill=INTERESTED,flush=IDLE}~>DecryptedEndPoint@33febd77{l=/127.0.0.1:33719,r=/127.0.0.1:51142,OPEN,fill=FI,flush=-,to=0/30000}=>HttpConnection@53efc2bc[p=HttpParser{s=START,0 of -1},g=HttpGenerator@653c598d{s=START}]=>HttpChannelOverHttp@2367e3e{s=HttpChannelState@2bcd5f57{s=IDLE rs=BLOCKING os=OPEN is=IDLE awp=false se=false i=true al=0},r=1,c=false/false,a=IDLE,uri=null,age=0}}}
01:46:23.217 [qtp399373008-57] DEBUG org.eclipse.jetty.io.ManagedSelector - Selector sun.nio.ch.EPollSelectorImpl@ecff91a woken with none selected
01:46:23.217 [qtp399373008-57] DEBUG org.eclipse.jetty.io.ManagedSelector - Selector sun.nio.ch.EPollSelectorImpl@ecff91a woken up from select, 0/0/0 selected
01:46:23.217 [qtp399373008-57] DEBUG org.eclipse.jetty.io.ManagedSelector - Selector sun.nio.ch.EPollSelectorImpl@ecff91a processing 0 keys, 1 updates
01:46:23.217 [qtp399373008-57] DEBUG org.eclipse.jetty.io.ManagedSelector - updateable 1
01:46:23.217 [qtp399373008-57] DEBUG org.eclipse.jetty.io.ManagedSelector - update Accept@1a2a7542[java.nio.channels.SocketChannel[connected local=/127.0.0.1:33719 remote=/127.0.0.1:51148]]
01:46:23.218 [qtp399373008-57] DEBUG org.eclipse.jetty.util.thread.QueuedThreadPool - queue Accept@1a2a7542[java.nio.channels.SocketChannel[connected local=/127.0.0.1:33719 remote=/127.0.0.1:51148]] startThread=0
01:46:23.218 [qtp399373008-61] DEBUG org.eclipse.jetty.io.ChannelEndPoint - changeInterests p=false 0->1 for SocketChannelEndPoint@4dcc83cc{l=/127.0.0.1:33719,r=/127.0.0.1:51142,OPEN,fill=FI,flush=-,to=0/30000}{io=0/1,kio=0,kro=1}->SslConnection@23ef5d82{NOT_HANDSHAKING,eio=-1/-1,di=-1,fill=INTERESTED,flush=IDLE}~>DecryptedEndPoint@33febd77{l=/127.0.0.1:33719,r=/127.0.0.1:51142,OPEN,fill=FI,flush=-,to=0/30000}=>HttpConnection@53efc2bc[p=HttpParser{s=START,0 of -1},g=HttpGenerator@653c598d{s=START}]=>HttpChannelOverHttp@2367e3e{s=HttpChannelState@2bcd5f57{s=IDLE rs=BLOCKING os=OPEN is=IDLE awp=false se=false i=true al=0},r=1,c=false/false,a=IDLE,uri=null,age=0}
01:46:23.218 [qtp399373008-56] DEBUG org.eclipse.jetty.util.thread.QueuedThreadPool - run Accept@1a2a7542[java.nio.channels.SocketChannel[connected local=/127.0.0.1:33719 remote=/127.0.0.1:51148]] in QueuedThreadPool[qtp399373008]@17cdf2d0{STARTED,8<=8<=200,i=0,r=-1,q=0}[ReservedThreadExecutor@424fd310{reserved=1/8,pending=0}]
01:46:23.218 [qtp399373008-61] DEBUG org.eclipse.jetty.io.ManagedSelector - Queued change lazy=false org.eclipse.jetty.io.ChannelEndPoint$$Lambda$255/981852870@3f8dcdd4 on ManagedSelector@5733f295{STARTED} id=1 keys=1 selected=0 updates=0
01:46:23.218 [qtp399373008-61] DEBUG org.eclipse.jetty.io.ManagedSelector - Wakeup on submit ManagedSelector@5733f295{STARTED} id=1 keys=1 selected=0 updates=1
01:46:23.218 [qtp399373008-60] DEBUG org.eclipse.jetty.io.ManagedSelector - Selector sun.nio.ch.EPollSelectorImpl@60af7bcf woken with none selected
01:46:23.218 [qtp399373008-60] DEBUG org.eclipse.jetty.io.ManagedSelector - Selector sun.nio.ch.EPollSelectorImpl@60af7bcf woken up from select, 0/0/1 selected
01:46:23.218 [qtp399373008-61] DEBUG org.eclipse.jetty.server.HttpConnection - HttpConnection@53efc2bc::DecryptedEndPoint@33febd77{l=/127.0.0.1:33719,r=/127.0.0.1:51142,OPEN,fill=FI,flush=-,to=1/30000} onFillable exit HttpChannelState@2bcd5f57{s=IDLE rs=BLOCKING os=OPEN is=IDLE awp=false se=false i=true al=0} null
01:46:23.218 [qtp399373008-56] DEBUG org.eclipse.jetty.io.IdleTimeout - SocketChannelEndPoint@34bfe4b7{l=/127.0.0.1:33719,r=/127.0.0.1:51148,OPEN,fill=-,flush=-,to=0/30000}{io=0/0,kio=0,kro=0}-><null> idle timeout check, elapsed: 0 ms, remaining: 30000 ms
01:46:23.218 [qtp399373008-56] DEBUG org.eclipse.jetty.util.ssl.SslContextFactory - Customize sun.security.ssl.SSLEngineImpl@1e309e43
01:46:23.218 [qtp399373008-56] DEBUG org.eclipse.jetty.server.HttpChannel - new HttpChannelOverHttp@4c30b7d2{s=HttpChannelState@4f7a6cde{s=IDLE rs=BLOCKING os=OPEN is=IDLE awp=false se=false i=true al=0},r=0,c=false/false,a=IDLE,uri=null,age=0} -> DecryptedEndPoint@4abb3da{l=/127.0.0.1:33719,r=/127.0.0.1:51148,OPEN,fill=-,flush=-,to=0/30000},null,HttpChannelState@4f7a6cde{s=IDLE rs=BLOCKING os=OPEN is=IDLE awp=false se=false i=true al=0}
01:46:23.218 [qtp399373008-56] DEBUG org.eclipse.jetty.server.HttpConnection - New HTTP Connection HttpConnection@1e73e78a::DecryptedEndPoint@4abb3da{l=/127.0.0.1:33719,r=/127.0.0.1:51148,OPEN,fill=-,flush=-,to=0/30000}
01:46:23.218 [qtp399373008-56] DEBUG org.eclipse.jetty.io.ManagedSelector - Queued change lazy=true org.eclipse.jetty.io.ManagedSelector$$Lambda$258/102804084@57345db1 on ManagedSelector@47a86fbb{STARTED} id=2 keys=1 selected=0 updates=0
01:46:23.218 [qtp399373008-56] DEBUG org.eclipse.jetty.io.AbstractEndPoint - onOpen SocketChannelEndPoint@34bfe4b7{l=/127.0.0.1:33719,r=/127.0.0.1:51148,OPEN,fill=-,flush=-,to=0/30000}{io=0/0,kio=0,kro=0}->SslConnection@4b34d715{NOT_HANDSHAKING,eio=-1/-1,di=-1,fill=IDLE,flush=IDLE}~>DecryptedEndPoint@4abb3da{l=/127.0.0.1:33719,r=/127.0.0.1:51148,OPEN,fill=-,flush=-,to=0/30000}=>HttpConnection@1e73e78a[p=HttpParser{s=START,0 of -1},g=HttpGenerator@12d888ca{s=START}]=>HttpChannelOverHttp@4c30b7d2{s=HttpChannelState@4f7a6cde{s=IDLE rs=BLOCKING os=OPEN is=IDLE awp=false se=false i=true al=0},r=0,c=false/false,a=IDLE,uri=null,age=0}
01:46:23.218 [qtp399373008-56] DEBUG org.eclipse.jetty.io.AbstractConnection - onOpen SslConnection@4b34d715::SocketChannelEndPoint@34bfe4b7{l=/127.0.0.1:33719,r=/127.0.0.1:51148,OPEN,fill=-,flush=-,to=0/30000}{io=0/0,kio=0,kro=0}->SslConnection@4b34d715{NOT_HANDSHAKING,eio=-1/-1,di=-1,fill=IDLE,flush=IDLE}~>DecryptedEndPoint@4abb3da{l=/127.0.0.1:33719,r=/127.0.0.1:51148,OPEN,fill=-,flush=-,to=0/30000}=>HttpConnection@1e73e78a[p=HttpParser{s=START,0 of -1},g=HttpGenerator@12d888ca{s=START}]=>HttpChannelOverHttp@4c30b7d2{s=HttpChannelState@4f7a6cde{s=IDLE rs=BLOCKING os=OPEN is=IDLE awp=false se=false i=true al=0},r=0,c=false/false,a=IDLE,uri=null,age=0}
01:46:23.218 [qtp399373008-56] DEBUG org.eclipse.jetty.io.AbstractConnection - onOpen HttpConnection@1e73e78a::DecryptedEndPoint@4abb3da{l=/127.0.0.1:33719,r=/127.0.0.1:51148,OPEN,fill=-,flush=-,to=0/30000}
01:46:23.218 [qtp399373008-57] DEBUG org.eclipse.jetty.io.ManagedSelector - updates 0
01:46:23.218 [qtp399373008-60] DEBUG org.eclipse.jetty.io.ManagedSelector - Selector sun.nio.ch.EPollSelectorImpl@60af7bcf processing 0 keys, 1 updates
01:46:23.219 [qtp399373008-60] DEBUG org.eclipse.jetty.io.ManagedSelector - updateable 1
01:46:23.219 [qtp399373008-60] DEBUG org.eclipse.jetty.io.ManagedSelector - update org.eclipse.jetty.io.ChannelEndPoint$$Lambda$255/981852870@3f8dcdd4
01:46:23.218 [qtp399373008-61] DEBUG org.eclipse.jetty.io.ssl.SslConnection - <c.onFillable SslConnection@23ef5d82::SocketChannelEndPoint@4dcc83cc{l=/127.0.0.1:33719,r=/127.0.0.1:51142,OPEN,fill=FI,flush=-,to=1/30000}{io=0/1,kio=0,kro=1}->SslConnection@23ef5d82{NOT_HANDSHAKING,eio=-1/-1,di=-1,fill=INTERESTED,flush=IDLE}~>DecryptedEndPoint@33febd77{l=/127.0.0.1:33719,r=/127.0.0.1:51142,OPEN,fill=FI,flush=-,to=1/30000}=>HttpConnection@53efc2bc[p=HttpParser{s=START,0 of -1},g=HttpGenerator@653c598d{s=START}]=>HttpChannelOverHttp@2367e3e{s=HttpChannelState@2bcd5f57{s=IDLE rs=BLOCKING os=OPEN is=IDLE awp=false se=false i=true al=0},r=1,c=false/false,a=IDLE,uri=null,age=0}
01:46:23.219 [qtp399373008-57] DEBUG org.eclipse.jetty.io.ManagedSelector - Selector sun.nio.ch.EPollSelectorImpl@ecff91a waiting with 1 keys
01:46:23.219 [qtp399373008-61] DEBUG org.eclipse.jetty.util.thread.ReservedThreadExecutor - ReservedThread@6a5710bf{RUNNING,thread=Thread[qtp399373008-61,5,main]} was=RUNNING next=RESERVED size=0+2 capacity=8
01:46:23.219 [qtp399373008-56] DEBUG org.eclipse.jetty.io.AbstractConnection - fillInterested HttpConnection@1e73e78a::DecryptedEndPoint@4abb3da{l=/127.0.0.1:33719,r=/127.0.0.1:51148,OPEN,fill=-,flush=-,to=0/30000}
01:46:23.219 [qtp399373008-60] DEBUG org.eclipse.jetty.io.ChannelEndPoint - Key interests updated 0 -> 1 on SocketChannelEndPoint@4dcc83cc{l=/127.0.0.1:33719,r=/127.0.0.1:51142,OPEN,fill=FI,flush=-,to=1/30000}{io=1/1,kio=1,kro=1}->SslConnection@23ef5d82{NOT_HANDSHAKING,eio=-1/-1,di=-1,fill=INTERESTED,flush=IDLE}~>DecryptedEndPoint@33febd77{l=/127.0.0.1:33719,r=/127.0.0.1:51142,OPEN,fill=FI,flush=-,to=2/30000}=>HttpConnection@53efc2bc[p=HttpParser{s=START,0 of -1},g=HttpGenerator@653c598d{s=START}]=>HttpChannelOverHttp@2367e3e{s=HttpChannelState@2bcd5f57{s=IDLE rs=BLOCKING os=OPEN is=IDLE awp=false se=false i=true al=0},r=1,c=false/false,a=IDLE,uri=null,age=0}
01:46:23.219 [qtp399373008-56] DEBUG org.eclipse.jetty.io.FillInterest - interested FillInterest@139662ac{AC.ReadCB@1e73e78a{HttpConnection@1e73e78a::DecryptedEndPoint@4abb3da{l=/127.0.0.1:33719,r=/127.0.0.1:51148,OPEN,fill=FI,flush=-,to=0/30000}}}
01:46:23.219 [qtp399373008-61] DEBUG org.eclipse.jetty.util.thread.ReservedThreadExecutor - ReservedThread@6a5710bf{RESERVED,thread=Thread[qtp399373008-61,5,main]} waiting ReservedThreadExecutor@424fd310{reserved=2/8,pending=0}
01:46:23.219 [qtp399373008-60] DEBUG org.eclipse.jetty.io.ManagedSelector - updates 0
01:46:23.219 [qtp399373008-60] DEBUG org.eclipse.jetty.io.ManagedSelector - Selector sun.nio.ch.EPollSelectorImpl@60af7bcf waiting with 1 keys
01:46:23.219 [qtp399373008-56] DEBUG org.eclipse.jetty.io.ssl.SslConnection - >needFillInterest s=IDLE/IDLE uf=false ei=null di=null SslConnection@4b34d715::SocketChannelEndPoint@34bfe4b7{l=/127.0.0.1:33719,r=/127.0.0.1:51148,OPEN,fill=-,flush=-,to=1/30000}{io=0/0,kio=0,kro=0}->SslConnection@4b34d715{NOT_HANDSHAKING,eio=-1/-1,di=-1,fill=IDLE,flush=IDLE}~>DecryptedEndPoint@4abb3da{l=/127.0.0.1:33719,r=/127.0.0.1:51148,OPEN,fill=FI,flush=-,to=0/30000}=>HttpConnection@1e73e78a[p=HttpParser{s=START,0 of -1},g=HttpGenerator@12d888ca{s=START}]=>HttpChannelOverHttp@4c30b7d2{s=HttpChannelState@4f7a6cde{s=IDLE rs=BLOCKING os=OPEN is=IDLE awp=false se=false i=true al=0},r=0,c=false/false,a=IDLE,uri=null,age=0}
01:46:23.219 [qtp399373008-56] DEBUG org.eclipse.jetty.io.ssl.SslConnection - <needFillInterest s=IDLE/INTERESTED f=false i=true w=null
01:46:23.219 [qtp399373008-56] DEBUG org.eclipse.jetty.io.ssl.SslConnection - ensureFillInterested SslConnection@4b34d715::SocketChannelEndPoint@34bfe4b7{l=/127.0.0.1:33719,r=/127.0.0.1:51148,OPEN,fill=-,flush=-,to=1/30000}{io=0/0,kio=0,kro=0}->SslConnection@4b34d715{NOT_HANDSHAKING,eio=-1/-1,di=-1,fill=INTERESTED,flush=IDLE}~>DecryptedEndPoint@4abb3da{l=/127.0.0.1:33719,r=/127.0.0.1:51148,OPEN,fill=FI,flush=-,to=0/30000}=>HttpConnection@1e73e78a[p=HttpParser{s=START,0 of -1},g=HttpGenerator@12d888ca{s=START}]=>HttpChannelOverHttp@4c30b7d2{s=HttpChannelState@4f7a6cde{s=IDLE rs=BLOCKING os=OPEN is=IDLE awp=false se=false i=true al=0},r=0,c=false/false,a=IDLE,uri=null,age=0}
01:46:23.219 [qtp399373008-56] DEBUG org.eclipse.jetty.io.FillInterest - interested FillInterest@66ba7cba{SSLC.NBReadCB@4b34d715{SslConnection@4b34d715::SocketChannelEndPoint@34bfe4b7{l=/127.0.0.1:33719,r=/127.0.0.1:51148,OPEN,fill=FI,flush=-,to=0/30000}{io=0/0,kio=0,kro=0}->SslConnection@4b34d715{NOT_HANDSHAKING,eio=-1/-1,di=-1,fill=INTERESTED,flush=IDLE}~>DecryptedEndPoint@4abb3da{l=/127.0.0.1:33719,r=/127.0.0.1:51148,OPEN,fill=FI,flush=-,to=0/30000}=>HttpConnection@1e73e78a[p=HttpParser{s=START,0 of -1},g=HttpGenerator@12d888ca{s=START}]=>HttpChannelOverHttp@4c30b7d2{s=HttpChannelState@4f7a6cde{s=IDLE rs=BLOCKING os=OPEN is=IDLE awp=false se=false i=true al=0},r=0,c=false/false,a=IDLE,uri=null,age=0}}}
01:46:23.219 [qtp399373008-56] DEBUG org.eclipse.jetty.io.ChannelEndPoint - changeInterests p=false 0->1 for SocketChannelEndPoint@34bfe4b7{l=/127.0.0.1:33719,r=/127.0.0.1:51148,OPEN,fill=FI,flush=-,to=0/30000}{io=0/1,kio=0,kro=0}->SslConnection@4b34d715{NOT_HANDSHAKING,eio=-1/-1,di=-1,fill=INTERESTED,flush=IDLE}~>DecryptedEndPoint@4abb3da{l=/127.0.0.1:33719,r=/127.0.0.1:51148,OPEN,fill=FI,flush=-,to=0/30000}=>HttpConnection@1e73e78a[p=HttpParser{s=START,0 of -1},g=HttpGenerator@12d888ca{s=START}]=>HttpChannelOverHttp@4c30b7d2{s=HttpChannelState@4f7a6cde{s=IDLE rs=BLOCKING os=OPEN is=IDLE awp=false se=false i=true al=0},r=0,c=false/false,a=IDLE,uri=null,age=0}
01:46:23.219 [qtp399373008-56] DEBUG org.eclipse.jetty.io.ManagedSelector - Queued change lazy=false org.eclipse.jetty.io.ChannelEndPoint$$Lambda$255/981852870@bdb8307 on ManagedSelector@47a86fbb{STARTED} id=2 keys=1 selected=0 updates=1
01:46:23.219 [qtp399373008-56] DEBUG org.eclipse.jetty.io.ManagedSelector - Wakeup on submit ManagedSelector@47a86fbb{STARTED} id=2 keys=1 selected=0 updates=2
01:46:23.219 [qtp399373008-57] DEBUG org.eclipse.jetty.io.ManagedSelector - Selector sun.nio.ch.EPollSelectorImpl@ecff91a woken with none selected
01:46:23.219 [qtp399373008-57] DEBUG org.eclipse.jetty.io.ManagedSelector - Selector sun.nio.ch.EPollSelectorImpl@ecff91a woken up from select, 0/0/1 selected
01:46:23.219 [qtp399373008-57] DEBUG org.eclipse.jetty.io.ManagedSelector - Selector sun.nio.ch.EPollSelectorImpl@ecff91a processing 0 keys, 2 updates
01:46:23.219 [qtp399373008-57] DEBUG org.eclipse.jetty.io.ManagedSelector - updateable 2
01:46:23.219 [qtp399373008-57] DEBUG org.eclipse.jetty.io.ManagedSelector - update org.eclipse.jetty.io.ManagedSelector$$Lambda$258/102804084@57345db1
01:46:23.219 [qtp399373008-56] DEBUG org.eclipse.jetty.io.ManagedSelector - Created SocketChannelEndPoint@34bfe4b7{l=/127.0.0.1:33719,r=/127.0.0.1:51148,OPEN,fill=FI,flush=-,to=0/30000}{io=0/1,kio=0,kro=0}->SslConnection@4b34d715{NOT_HANDSHAKING,eio=-1/-1,di=-1,fill=INTERESTED,flush=IDLE}~>DecryptedEndPoint@4abb3da{l=/127.0.0.1:33719,r=/127.0.0.1:51148,OPEN,fill=FI,flush=-,to=0/30000}=>HttpConnection@1e73e78a[p=HttpParser{s=START,0 of -1},g=HttpGenerator@12d888ca{s=START}]=>HttpChannelOverHttp@4c30b7d2{s=HttpChannelState@4f7a6cde{s=IDLE rs=BLOCKING os=OPEN is=IDLE awp=false se=false i=true al=0},r=0,c=false/false,a=IDLE,uri=null,age=0}
01:46:23.219 [qtp399373008-57] DEBUG org.eclipse.jetty.io.ManagedSelector - update org.eclipse.jetty.io.ChannelEndPoint$$Lambda$255/981852870@bdb8307
01:46:23.219 [qtp399373008-56] DEBUG org.eclipse.jetty.util.thread.QueuedThreadPool - ran Accept@1a2a7542[java.nio.channels.SocketChannel[connected local=/127.0.0.1:33719 remote=/127.0.0.1:51148]] in QueuedThreadPool[qtp399373008]@17cdf2d0{STARTED,8<=8<=200,i=0,r=-1,q=0}[ReservedThreadExecutor@424fd310{reserved=2/8,pending=0}]
01:46:23.219 [qtp399373008-57] DEBUG org.eclipse.jetty.io.ChannelEndPoint - Key interests updated 0 -> 1 on SocketChannelEndPoint@34bfe4b7{l=/127.0.0.1:33719,r=/127.0.0.1:51148,OPEN,fill=FI,flush=-,to=0/30000}{io=1/1,kio=1,kro=0}->SslConnection@4b34d715{NOT_HANDSHAKING,eio=-1/-1,di=-1,fill=INTERESTED,flush=IDLE}~>DecryptedEndPoint@4abb3da{l=/127.0.0.1:33719,r=/127.0.0.1:51148,OPEN,fill=FI,flush=-,to=0/30000}=>HttpConnection@1e73e78a[p=HttpParser{s=START,0 of -1},g=HttpGenerator@12d888ca{s=START}]=>HttpChannelOverHttp@4c30b7d2{s=HttpChannelState@4f7a6cde{s=IDLE rs=BLOCKING os=OPEN is=IDLE awp=false se=false i=true al=0},r=0,c=false/false,a=IDLE,uri=null,age=0}
01:46:23.220 [qtp399373008-57] DEBUG org.eclipse.jetty.io.ManagedSelector - updates 0
01:46:23.220 [qtp399373008-57] DEBUG org.eclipse.jetty.io.ManagedSelector - Selector sun.nio.ch.EPollSelectorImpl@ecff91a waiting with 1 keys
01:46:23.220 [qtp399373008-57] DEBUG org.eclipse.jetty.io.ManagedSelector - Selector sun.nio.ch.EPollSelectorImpl@ecff91a woken up from select, 1/1/1 selected
01:46:23.220 [qtp399373008-57] DEBUG org.eclipse.jetty.io.ManagedSelector - Selector sun.nio.ch.EPollSelectorImpl@ecff91a processing 1 keys, 0 updates
01:46:23.220 [qtp399373008-57] DEBUG org.eclipse.jetty.io.ManagedSelector - selected 1 sun.nio.ch.SelectionKeyImpl@816b3 SocketChannelEndPoint@34bfe4b7{l=/127.0.0.1:33719,r=/127.0.0.1:51148,OPEN,fill=FI,flush=-,to=0/30000}{io=1/1,kio=1,kro=1}->SslConnection@4b34d715{NOT_HANDSHAKING,eio=-1/-1,di=-1,fill=INTERESTED,flush=IDLE}~>DecryptedEndPoint@4abb3da{l=/127.0.0.1:33719,r=/127.0.0.1:51148,OPEN,fill=FI,flush=-,to=1/30000}=>HttpConnection@1e73e78a[p=HttpParser{s=START,0 of -1},g=HttpGenerator@12d888ca{s=START}]=>HttpChannelOverHttp@4c30b7d2{s=HttpChannelState@4f7a6cde{s=IDLE rs=BLOCKING os=OPEN is=IDLE awp=false se=false i=true al=0},r=0,c=false/false,a=IDLE,uri=null,age=0} 
01:46:23.220 [qtp399373008-57] DEBUG org.eclipse.jetty.io.ChannelEndPoint - onSelected 1->0 r=true w=false for SocketChannelEndPoint@34bfe4b7{l=/127.0.0.1:33719,r=/127.0.0.1:51148,OPEN,fill=FI,flush=-,to=0/30000}{io=1/0,kio=1,kro=1}->SslConnection@4b34d715{NOT_HANDSHAKING,eio=-1/-1,di=-1,fill=INTERESTED,flush=IDLE}~>DecryptedEndPoint@4abb3da{l=/127.0.0.1:33719,r=/127.0.0.1:51148,OPEN,fill=FI,flush=-,to=1/30000}=>HttpConnection@1e73e78a[p=HttpParser{s=START,0 of -1},g=HttpGenerator@12d888ca{s=START}]=>HttpChannelOverHttp@4c30b7d2{s=HttpChannelState@4f7a6cde{s=IDLE rs=BLOCKING os=OPEN is=IDLE awp=false se=false i=true al=0},r=0,c=false/false,a=IDLE,uri=null,age=0}
01:46:23.220 [qtp399373008-57] DEBUG org.eclipse.jetty.io.ChannelEndPoint - task CEP:SocketChannelEndPoint@34bfe4b7{l=/127.0.0.1:33719,r=/127.0.0.1:51148,OPEN,fill=FI,flush=-,to=1/30000}{io=1/0,kio=1,kro=1}->SslConnection@4b34d715{NOT_HANDSHAKING,eio=-1/-1,di=-1,fill=INTERESTED,flush=IDLE}~>DecryptedEndPoint@4abb3da{l=/127.0.0.1:33719,r=/127.0.0.1:51148,OPEN,fill=FI,flush=-,to=1/30000}=>HttpConnection@1e73e78a[p=HttpParser{s=START,0 of -1},g=HttpGenerator@12d888ca{s=START}]=>HttpChannelOverHttp@4c30b7d2{s=HttpChannelState@4f7a6cde{s=IDLE rs=BLOCKING os=OPEN is=IDLE awp=false se=false i=true al=0},r=0,c=false/false,a=IDLE,uri=null,age=0}:runFillable:BLOCKING
01:46:23.220 [qtp399373008-57] DEBUG org.eclipse.jetty.util.thread.ReservedThreadExecutor - ReservedThreadExecutor@424fd310{reserved=2/8,pending=0} tryExecute EatWhatYouKill@1c3146bc/SelectorProducer@56c698e3/PRODUCING/p=false/QueuedThreadPool[qtp399373008]@17cdf2d0{STARTED,8<=8<=200,i=1,r=-1,q=0}[ReservedThreadExecutor@424fd310{reserved=2/8,pending=0}][pc=0,pic=0,pec=0,epc=0]@2024-05-02T01:46:23.22+01:00
01:46:23.221 [qtp399373008-61] DEBUG org.eclipse.jetty.util.thread.ReservedThreadExecutor - ReservedThread@6a5710bf{RESERVED,thread=Thread[qtp399373008-61,5,main]} task=EatWhatYouKill@1c3146bc/SelectorProducer@56c698e3/IDLE/p=true/QueuedThreadPool[qtp399373008]@17cdf2d0{STARTED,8<=8<=200,i=1,r=-1,q=0}[ReservedThreadExecutor@424fd310{reserved=1/8,pending=0}][pc=0,pic=0,pec=0,epc=0]@2024-05-02T01:46:23.221+01:00 ReservedThreadExecutor@424fd310{reserved=1/8,pending=0}
01:46:23.221 [qtp399373008-57] DEBUG org.eclipse.jetty.util.thread.strategy.EatWhatYouKill - EatWhatYouKill@1c3146bc/SelectorProducer@56c698e3/IDLE/p=true/QueuedThreadPool[qtp399373008]@17cdf2d0{STARTED,8<=8<=200,i=1,r=-1,q=0}[ReservedThreadExecutor@424fd310{reserved=1/8,pending=0}][pc=0,pic=0,pec=0,epc=0]@2024-05-02T01:46:23.22+01:00 m=EXECUTE_PRODUCE_CONSUME t=CEP:SocketChannelEndPoint@34bfe4b7{l=/127.0.0.1:33719,r=/127.0.0.1:51148,OPEN,fill=FI,flush=-,to=1/30000}{io=1/0,kio=1,kro=1}->SslConnection@4b34d715{NOT_HANDSHAKING,eio=-1/-1,di=-1,fill=INTERESTED,flush=IDLE}~>DecryptedEndPoint@4abb3da{l=/127.0.0.1:33719,r=/127.0.0.1:51148,OPEN,fill=FI,flush=-,to=1/30000}=>HttpConnection@1e73e78a[p=HttpParser{s=START,0 of -1},g=HttpGenerator@12d888ca{s=START}]=>HttpChannelOverHttp@4c30b7d2{s=HttpChannelState@4f7a6cde{s=IDLE rs=BLOCKING os=OPEN is=IDLE awp=false se=false i=true al=0},r=0,c=false/false,a=IDLE,uri=null,age=0}:runFillable:BLOCKING/BLOCKING
01:46:23.221 [qtp399373008-61] DEBUG org.eclipse.jetty.util.thread.strategy.EatWhatYouKill - EatWhatYouKill@1c3146bc/SelectorProducer@56c698e3/IDLE/p=true/QueuedThreadPool[qtp399373008]@17cdf2d0{STARTED,8<=8<=200,i=1,r=-1,q=0}[ReservedThreadExecutor@424fd310{reserved=1/8,pending=0}][pc=0,pic=0,pec=0,epc=0]@2024-05-02T01:46:23.221+01:00 tryProduce true
01:46:23.221 [qtp399373008-61] DEBUG org.eclipse.jetty.io.ManagedSelector - updateable 0
01:46:23.221 [qtp399373008-61] DEBUG org.eclipse.jetty.io.ManagedSelector - updates 0
01:46:23.221 [qtp399373008-57] DEBUG org.eclipse.jetty.io.FillInterest - fillable FillInterest@66ba7cba{SSLC.NBReadCB@4b34d715{SslConnection@4b34d715::SocketChannelEndPoint@34bfe4b7{l=/127.0.0.1:33719,r=/127.0.0.1:51148,OPEN,fill=FI,flush=-,to=1/30000}{io=1/0,kio=1,kro=1}->SslConnection@4b34d715{NOT_HANDSHAKING,eio=-1/-1,di=-1,fill=INTERESTED,flush=IDLE}~>DecryptedEndPoint@4abb3da{l=/127.0.0.1:33719,r=/127.0.0.1:51148,OPEN,fill=FI,flush=-,to=1/30000}=>HttpConnection@1e73e78a[p=HttpParser{s=START,0 of -1},g=HttpGenerator@12d888ca{s=START}]=>HttpChannelOverHttp@4c30b7d2{s=HttpChannelState@4f7a6cde{s=IDLE rs=BLOCKING os=OPEN is=IDLE awp=false se=false i=true al=0},r=0,c=false/false,a=IDLE,uri=null,age=0}}}
01:46:23.221 [qtp399373008-61] DEBUG org.eclipse.jetty.io.ChannelEndPoint - Key interests updated 1 -> 0 on SocketChannelEndPoint@34bfe4b7{l=/127.0.0.1:33719,r=/127.0.0.1:51148,OPEN,fill=FI,flush=-,to=1/30000}{io=0/0,kio=0,kro=1}->SslConnection@4b34d715{NOT_HANDSHAKING,eio=-1/-1,di=-1,fill=INTERESTED,flush=IDLE}~>DecryptedEndPoint@4abb3da{l=/127.0.0.1:33719,r=/127.0.0.1:51148,OPEN,fill=FI,flush=-,to=2/30000}=>HttpConnection@1e73e78a[p=HttpParser{s=START,0 of -1},g=HttpGenerator@12d888ca{s=START}]=>HttpChannelOverHttp@4c30b7d2{s=HttpChannelState@4f7a6cde{s=IDLE rs=BLOCKING os=OPEN is=IDLE awp=false se=false i=true al=0},r=0,c=false/false,a=IDLE,uri=null,age=0}
01:46:23.221 [qtp399373008-61] DEBUG org.eclipse.jetty.io.ManagedSelector - Selector sun.nio.ch.EPollSelectorImpl@ecff91a waiting with 1 keys
01:46:23.221 [qtp399373008-57] DEBUG org.eclipse.jetty.io.ssl.SslConnection - >c.onFillable SslConnection@4b34d715::SocketChannelEndPoint@34bfe4b7{l=/127.0.0.1:33719,r=/127.0.0.1:51148,OPEN,fill=-,flush=-,to=1/30000}{io=0/0,kio=0,kro=1}->SslConnection@4b34d715{NOT_HANDSHAKING,eio=-1/-1,di=-1,fill=INTERESTED,flush=IDLE}~>DecryptedEndPoint@4abb3da{l=/127.0.0.1:33719,r=/127.0.0.1:51148,OPEN,fill=FI,flush=-,to=2/30000}=>HttpConnection@1e73e78a[p=HttpParser{s=START,0 of -1},g=HttpGenerator@12d888ca{s=START}]=>HttpChannelOverHttp@4c30b7d2{s=HttpChannelState@4f7a6cde{s=IDLE rs=BLOCKING os=OPEN is=IDLE awp=false se=false i=true al=0},r=0,c=false/false,a=IDLE,uri=null,age=0}
01:46:23.222 [qtp399373008-57] DEBUG org.eclipse.jetty.io.ssl.SslConnection - onFillable SslConnection@4b34d715::SocketChannelEndPoint@34bfe4b7{l=/127.0.0.1:33719,r=/127.0.0.1:51148,OPEN,fill=-,flush=-,to=2/30000}{io=0/0,kio=0,kro=1}->SslConnection@4b34d715{NOT_HANDSHAKING,eio=-1/-1,di=-1,fill=INTERESTED,flush=IDLE}~>DecryptedEndPoint@4abb3da{l=/127.0.0.1:33719,r=/127.0.0.1:51148,OPEN,fill=FI,flush=-,to=2/30000}=>HttpConnection@1e73e78a[p=HttpParser{s=START,0 of -1},g=HttpGenerator@12d888ca{s=START}]=>HttpChannelOverHttp@4c30b7d2{s=HttpChannelState@4f7a6cde{s=IDLE rs=BLOCKING os=OPEN is=IDLE awp=false se=false i=true al=0},r=0,c=false/false,a=IDLE,uri=null,age=0}
01:46:23.222 [qtp399373008-57] DEBUG org.eclipse.jetty.io.FillInterest - fillable FillInterest@139662ac{AC.ReadCB@1e73e78a{HttpConnection@1e73e78a::DecryptedEndPoint@4abb3da{l=/127.0.0.1:33719,r=/127.0.0.1:51148,OPEN,fill=FI,flush=-,to=2/30000}}}
01:46:23.222 [qtp399373008-57] DEBUG org.eclipse.jetty.server.HttpConnection - HttpConnection@1e73e78a::DecryptedEndPoint@4abb3da{l=/127.0.0.1:33719,r=/127.0.0.1:51148,OPEN,fill=-,flush=-,to=2/30000} onFillable enter HttpChannelState@4f7a6cde{s=IDLE rs=BLOCKING os=OPEN is=IDLE awp=false se=false i=true al=0} null
01:46:23.222 [qtp399373008-57] DEBUG org.eclipse.jetty.io.ssl.SslConnection - >fill SslConnection@4b34d715::SocketChannelEndPoint@34bfe4b7{l=/127.0.0.1:33719,r=/127.0.0.1:51148,OPEN,fill=-,flush=-,to=2/30000}{io=0/0,kio=0,kro=1}->SslConnection@4b34d715{NOT_HANDSHAKING,eio=-1/-1,di=-1,fill=IDLE,flush=IDLE}~>DecryptedEndPoint@4abb3da{l=/127.0.0.1:33719,r=/127.0.0.1:51148,OPEN,fill=-,flush=-,to=2/30000}=>HttpConnection@1e73e78a[p=HttpParser{s=START,0 of -1},g=HttpGenerator@12d888ca{s=START}]=>HttpChannelOverHttp@4c30b7d2{s=HttpChannelState@4f7a6cde{s=IDLE rs=BLOCKING os=OPEN is=IDLE awp=false se=false i=true al=0},r=0,c=false/false,a=IDLE,uri=null,age=0}
01:46:23.222 [qtp399373008-57] DEBUG org.eclipse.jetty.io.ssl.SslConnection - fill NOT_HANDSHAKING
01:46:23.222 [qtp399373008-57] DEBUG org.eclipse.jetty.io.ChannelEndPoint - filled 339 HeapByteBuffer@21fcf254[p=0,l=339,c=17408,r=339]={<<<\x16\x03\x03\x01N\x01\x00\x01J\x03\x03\xD3\x08\xF0v\xF3\x95-\xF5s\xB78s.\xDa...x\xF48\x15!\x97\xF4\xDb\x89\xC1\xD2\xD0\xA4S\xD8\xF9[D\xFf\x01\x00\x01\x00>>>\xF9\xFb}{\xC0\xFag\xC6G...\x00\x00\x00\x00\x00\x00\x00}
01:46:23.222 [qtp399373008-57] DEBUG org.eclipse.jetty.io.ssl.SslConnection - net filled=339
01:46:23.222 [qtp399373008-57] DEBUG org.eclipse.jetty.io.ssl.SslConnection - fill starting handshake SslConnection@4b34d715::SocketChannelEndPoint@34bfe4b7{l=/127.0.0.1:33719,r=/127.0.0.1:51148,OPEN,fill=-,flush=-,to=0/30000}{io=0/0,kio=0,kro=1}->SslConnection@4b34d715{NOT_HANDSHAKING,eio=339/-1,di=-1,fill=IDLE,flush=IDLE}~>DecryptedEndPoint@4abb3da{l=/127.0.0.1:33719,r=/127.0.0.1:51148,OPEN,fill=-,flush=-,to=3/30000}=>HttpConnection@1e73e78a[p=HttpParser{s=START,0 of -1},g=HttpGenerator@12d888ca{s=START}]=>HttpChannelOverHttp@4c30b7d2{s=HttpChannelState@4f7a6cde{s=IDLE rs=BLOCKING os=OPEN is=IDLE awp=false se=false i=true al=0},r=0,c=false/false,a=IDLE,uri=null,age=0}
01:46:23.222 [qtp399373008-57] DEBUG org.eclipse.jetty.io.ssl.SslConnection - unwrap net_filled=339 Status = OK HandshakeStatus = NEED_TASK bytesConsumed = 339 bytesProduced = 0 encryptedBuffer=[p=339,l=339,c=17408,r=0] unwrapBuffer=HeapByteBuffer@2f3b09c3[p=0,l=0,c=17408,r=0]={<<<>>>\x17\x03\x03\x00\xC9\xBf\xD4\xCa)...\x00\x00\x00\x00\x00\x00\x00} appBuffer=HeapByteBuffer@2f3b09c3[p=0,l=0,c=17408,r=0]={<<<>>>\x17\x03\x03\x00\xC9\xBf\xD4\xCa)...\x00\x00\x00\x00\x00\x00\x00}
01:46:23.222 [qtp399373008-57] DEBUG org.eclipse.jetty.io.ssl.SslConnection - fill NEED_TASK
01:46:23.234 [qtp399373008-57] DEBUG org.eclipse.jetty.io.ssl.SslConnection - fill NEED_WRAP
01:46:23.234 [qtp399373008-57] DEBUG org.eclipse.jetty.io.ssl.SslConnection - >flush SslConnection@4b34d715::SocketChannelEndPoint@34bfe4b7{l=/127.0.0.1:33719,r=/127.0.0.1:51148,OPEN,fill=-,flush=-,to=12/30000}{io=0/0,kio=0,kro=1}->SslConnection@4b34d715{NEED_WRAP,eio=0/-1,di=-1,fill=IDLE,flush=IDLE}~>DecryptedEndPoint@4abb3da{l=/127.0.0.1:33719,r=/127.0.0.1:51148,OPEN,fill=-,flush=-,to=15/30000}=>HttpConnection@1e73e78a[p=HttpParser{s=START,0 of -1},g=HttpGenerator@12d888ca{s=START}]=>HttpChannelOverHttp@4c30b7d2{s=HttpChannelState@4f7a6cde{s=IDLE rs=BLOCKING os=OPEN is=IDLE awp=false se=false i=true al=0},r=0,c=false/false,a=IDLE,uri=null,age=0}
01:46:23.234 [qtp399373008-57] DEBUG org.eclipse.jetty.io.ssl.SslConnection - flush b[0]=HeapByteBuffer@98da274[p=0,l=0,c=0,r=0]={<<<>>>}
01:46:23.234 [qtp399373008-57] DEBUG org.eclipse.jetty.io.ssl.SslConnection - flush NEED_WRAP
01:46:23.234 [qtp399373008-57] DEBUG org.eclipse.jetty.io.ssl.SslConnection - wrap Status = OK HandshakeStatus = NEED_WRAP bytesConsumed = 0 bytesProduced = 160 [p=0,l=160,c=17408,r=160] ioDone=false/false
01:46:23.234 [qtp399373008-57] DEBUG org.eclipse.jetty.io.ChannelEndPoint - flushed 160 SocketChannelEndPoint@34bfe4b7{l=/127.0.0.1:33719,r=/127.0.0.1:51148,OPEN,fill=-,flush=-,to=12/30000}{io=0/0,kio=0,kro=1}->SslConnection@4b34d715{NEED_WRAP,eio=0/0,di=-1,fill=IDLE,flush=IDLE}~>DecryptedEndPoint@4abb3da{l=/127.0.0.1:33719,r=/127.0.0.1:51148,OPEN,fill=-,flush=-,to=15/30000}=>HttpConnection@1e73e78a[p=HttpParser{s=START,0 of -1},g=HttpGenerator@12d888ca{s=START}]=>HttpChannelOverHttp@4c30b7d2{s=HttpChannelState@4f7a6cde{s=IDLE rs=BLOCKING os=OPEN is=IDLE awp=false se=false i=true al=0},r=0,c=false/false,a=IDLE,uri=null,age=0}
01:46:23.235 [qtp399373008-57] DEBUG org.eclipse.jetty.io.ssl.SslConnection - net flushed=true, ac=true
01:46:23.235 [qtp399373008-57] DEBUG org.eclipse.jetty.io.ssl.SslConnection - flush NEED_WRAP
01:46:23.235 [qtp399373008-57] DEBUG org.eclipse.jetty.io.ssl.SslConnection - wrap Status = OK HandshakeStatus = NEED_WRAP bytesConsumed = 0 bytesProduced = 6 [p=0,l=6,c=17408,r=6] ioDone=false/false
01:46:23.235 [qtp399373008-57] DEBUG org.eclipse.jetty.io.ChannelEndPoint - flushed 6 SocketChannelEndPoint@34bfe4b7{l=/127.0.0.1:33719,r=/127.0.0.1:51148,OPEN,fill=-,flush=-,to=0/30000}{io=0/0,kio=0,kro=1}->SslConnection@4b34d715{NEED_WRAP,eio=0/0,di=-1,fill=IDLE,flush=IDLE}~>DecryptedEndPoint@4abb3da{l=/127.0.0.1:33719,r=/127.0.0.1:51148,OPEN,fill=-,flush=-,to=16/30000}=>HttpConnection@1e73e78a[p=HttpParser{s=START,0 of -1},g=HttpGenerator@12d888ca{s=START}]=>HttpChannelOverHttp@4c30b7d2{s=HttpChannelState@4f7a6cde{s=IDLE rs=BLOCKING os=OPEN is=IDLE awp=false se=false i=true al=0},r=0,c=false/false,a=IDLE,uri=null,age=0}
01:46:23.235 [qtp399373008-57] DEBUG org.eclipse.jetty.io.ssl.SslConnection - net flushed=true, ac=true
01:46:23.235 [qtp399373008-57] DEBUG org.eclipse.jetty.io.ssl.SslConnection - flush NEED_WRAP
01:46:23.235 [qtp399373008-57] DEBUG org.eclipse.jetty.io.ssl.SslConnection - wrap Status = OK HandshakeStatus = NEED_UNWRAP bytesConsumed = 0 bytesProduced = 1597 [p=0,l=1597,c=17408,r=1597] ioDone=false/false
01:46:23.236 [qtp399373008-57] DEBUG org.eclipse.jetty.io.ChannelEndPoint - flushed 1597 SocketChannelEndPoint@34bfe4b7{l=/127.0.0.1:33719,r=/127.0.0.1:51148,OPEN,fill=-,flush=-,to=0/30000}{io=0/0,kio=0,kro=1}->SslConnection@4b34d715{NEED_UNWRAP,eio=0/0,di=-1,fill=IDLE,flush=IDLE}~>DecryptedEndPoint@4abb3da{l=/127.0.0.1:33719,r=/127.0.0.1:51148,OPEN,fill=-,flush=-,to=16/30000}=>HttpConnection@1e73e78a[p=HttpParser{s=START,0 of -1},g=HttpGenerator@12d888ca{s=START}]=>HttpChannelOverHttp@4c30b7d2{s=HttpChannelState@4f7a6cde{s=IDLE rs=BLOCKING os=OPEN is=IDLE awp=false se=false i=true al=0},r=0,c=false/false,a=IDLE,uri=null,age=0}
01:46:23.236 [qtp399373008-57] DEBUG org.eclipse.jetty.io.ssl.SslConnection - net flushed=true, ac=true
01:46:23.236 [qtp399373008-57] DEBUG org.eclipse.jetty.io.ssl.SslConnection - <flush true SslConnection@4b34d715::SocketChannelEndPoint@34bfe4b7{l=/127.0.0.1:33719,r=/127.0.0.1:51148,OPEN,fill=-,flush=-,to=0/30000}{io=0/0,kio=0,kro=1}->SslConnection@4b34d715{NEED_UNWRAP,eio=0/-1,di=-1,fill=IDLE,flush=IDLE}~>DecryptedEndPoint@4abb3da{l=/127.0.0.1:33719,r=/127.0.0.1:51148,OPEN,fill=-,flush=-,to=16/30000}=>HttpConnection@1e73e78a[p=HttpParser{s=START,0 of -1},g=HttpGenerator@12d888ca{s=START}]=>HttpChannelOverHttp@4c30b7d2{s=HttpChannelState@4f7a6cde{s=IDLE rs=BLOCKING os=OPEN is=IDLE awp=false se=false i=true al=0},r=0,c=false/false,a=IDLE,uri=null,age=0}
01:46:23.236 [qtp399373008-57] DEBUG org.eclipse.jetty.io.ssl.SslConnection - fill NEED_UNWRAP
01:46:23.236 [qtp399373008-57] DEBUG org.eclipse.jetty.io.ChannelEndPoint - filled 0 HeapByteBuffer@21fcf254[p=0,l=0,c=17408,r=0]={<<<>>>\x16\x03\x03\x01N\x01\x00\x01J...\x00\x00\x00\x00\x00\x00\x00}
01:46:23.236 [qtp399373008-57] DEBUG org.eclipse.jetty.io.ssl.SslConnection - net filled=0
01:46:23.236 [qtp399373008-57] DEBUG org.eclipse.jetty.io.ssl.SslConnection - unwrap net_filled=0 Status = BUFFER_UNDERFLOW HandshakeStatus = NEED_UNWRAP bytesConsumed = 0 bytesProduced = 0 encryptedBuffer=[p=0,l=0,c=17408,r=0] unwrapBuffer=HeapByteBuffer@2f3b09c3[p=0,l=0,c=17408,r=0]={<<<>>>\x17\x03\x03\x00\xC9\xBf\xD4\xCa)...\x00\x00\x00\x00\x00\x00\x00} appBuffer=HeapByteBuffer@2f3b09c3[p=0,l=0,c=17408,r=0]={<<<>>>\x17\x03\x03\x00\xC9\xBf\xD4\xCa)...\x00\x00\x00\x00\x00\x00\x00}
01:46:23.236 [qtp399373008-57] DEBUG org.eclipse.jetty.io.ssl.SslConnection - <fill f=0 uf=true SslConnection@4b34d715::SocketChannelEndPoint@34bfe4b7{l=/127.0.0.1:33719,r=/127.0.0.1:51148,OPEN,fill=-,flush=-,to=0/30000}{io=0/0,kio=0,kro=1}->SslConnection@4b34d715{NEED_UNWRAP,eio=-1/-1,di=-1,fill=IDLE,flush=IDLE}~>DecryptedEndPoint@4abb3da{l=/127.0.0.1:33719,r=/127.0.0.1:51148,OPEN,fill=-,flush=-,to=16/30000}=>HttpConnection@1e73e78a[p=HttpParser{s=START,0 of -1},g=HttpGenerator@12d888ca{s=START}]=>HttpChannelOverHttp@4c30b7d2{s=HttpChannelState@4f7a6cde{s=IDLE rs=BLOCKING os=OPEN is=IDLE awp=false se=false i=true al=0},r=0,c=false/false,a=IDLE,uri=null,age=0}
01:46:23.236 [qtp399373008-57] DEBUG org.eclipse.jetty.io.ssl.SslConnection - >fill SslConnection@4b34d715::SocketChannelEndPoint@34bfe4b7{l=/127.0.0.1:33719,r=/127.0.0.1:51148,OPEN,fill=-,flush=-,to=0/30000}{io=0/0,kio=0,kro=1}->SslConnection@4b34d715{NEED_UNWRAP,eio=-1/-1,di=-1,fill=IDLE,flush=IDLE}~>DecryptedEndPoint@4abb3da{l=/127.0.0.1:33719,r=/127.0.0.1:51148,OPEN,fill=-,flush=-,to=17/30000}=>HttpConnection@1e73e78a[p=HttpParser{s=START,0 of -1},g=HttpGenerator@12d888ca{s=START}]=>HttpChannelOverHttp@4c30b7d2{s=HttpChannelState@4f7a6cde{s=IDLE rs=BLOCKING os=OPEN is=IDLE awp=false se=false i=true al=0},r=0,c=false/false,a=IDLE,uri=null,age=0}
01:46:23.236 [qtp399373008-57] DEBUG org.eclipse.jetty.io.ssl.SslConnection - fill NEED_UNWRAP
01:46:23.236 [qtp399373008-57] DEBUG org.eclipse.jetty.io.ChannelEndPoint - filled 0 HeapByteBuffer@25c362b3[p=0,l=0,c=17408,r=0]={<<<>>>\x17\x03\x03\x068\x92j\xDa\x12...\x00\x00\x00\x00\x00\x00\x00}
01:46:23.236 [qtp399373008-57] DEBUG org.eclipse.jetty.io.ssl.SslConnection - net filled=0
01:46:23.236 [qtp399373008-57] DEBUG org.eclipse.jetty.io.ssl.SslConnection - unwrap net_filled=0 Status = BUFFER_UNDERFLOW HandshakeStatus = NEED_UNWRAP bytesConsumed = 0 bytesProduced = 0 encryptedBuffer=[p=0,l=0,c=17408,r=0] unwrapBuffer=HeapByteBuffer@2f3b09c3[p=0,l=0,c=17408,r=0]={<<<>>>\x17\x03\x03\x00\xC9\xBf\xD4\xCa)...\x00\x00\x00\x00\x00\x00\x00} appBuffer=HeapByteBuffer@2f3b09c3[p=0,l=0,c=17408,r=0]={<<<>>>\x17\x03\x03\x00\xC9\xBf\xD4\xCa)...\x00\x00\x00\x00\x00\x00\x00}
01:46:23.236 [qtp399373008-57] DEBUG org.eclipse.jetty.io.ssl.SslConnection - <fill f=0 uf=true SslConnection@4b34d715::SocketChannelEndPoint@34bfe4b7{l=/127.0.0.1:33719,r=/127.0.0.1:51148,OPEN,fill=-,flush=-,to=0/30000}{io=0/0,kio=0,kro=1}->SslConnection@4b34d715{NEED_UNWRAP,eio=-1/-1,di=-1,fill=IDLE,flush=IDLE}~>DecryptedEndPoint@4abb3da{l=/127.0.0.1:33719,r=/127.0.0.1:51148,OPEN,fill=-,flush=-,to=17/30000}=>HttpConnection@1e73e78a[p=HttpParser{s=START,0 of -1},g=HttpGenerator@12d888ca{s=START}]=>HttpChannelOverHttp@4c30b7d2{s=HttpChannelState@4f7a6cde{s=IDLE rs=BLOCKING os=OPEN is=IDLE awp=false se=false i=true al=0},r=0,c=false/false,a=IDLE,uri=null,age=0}
01:46:23.236 [qtp399373008-57] DEBUG org.eclipse.jetty.server.HttpConnection - HttpConnection@1e73e78a::DecryptedEndPoint@4abb3da{l=/127.0.0.1:33719,r=/127.0.0.1:51148,OPEN,fill=-,flush=-,to=17/30000} filled 0 HeapByteBuffer@2f3b09c3[p=0,l=0,c=17408,r=0]={<<<>>>\x17\x03\x03\x00\xC9\xBf\xD4\xCa)...\x00\x00\x00\x00\x00\x00\x00}
01:46:23.236 [qtp399373008-57] DEBUG org.eclipse.jetty.server.HttpConnection - HttpConnection@1e73e78a::DecryptedEndPoint@4abb3da{l=/127.0.0.1:33719,r=/127.0.0.1:51148,OPEN,fill=-,flush=-,to=17/30000} parse HeapByteBuffer@2f3b09c3[p=0,l=0,c=17408,r=0]={<<<>>>\x17\x03\x03\x00\xC9\xBf\xD4\xCa)...\x00\x00\x00\x00\x00\x00\x00} {}
01:46:23.236 [qtp399373008-57] DEBUG org.eclipse.jetty.http.HttpParser - parseNext s=START HeapByteBuffer@2f3b09c3[p=0,l=0,c=17408,r=0]={<<<>>>\x17\x03\x03\x00\xC9\xBf\xD4\xCa)...\x00\x00\x00\x00\x00\x00\x00}
01:46:23.236 [qtp399373008-57] DEBUG org.eclipse.jetty.server.HttpConnection - HttpConnection@1e73e78a::DecryptedEndPoint@4abb3da{l=/127.0.0.1:33719,r=/127.0.0.1:51148,OPEN,fill=-,flush=-,to=17/30000} parsed false HttpParser{s=START,0 of -1}
01:46:23.236 [qtp399373008-57] DEBUG org.eclipse.jetty.server.HttpConnection - releaseRequestBuffer HttpConnection@1e73e78a::DecryptedEndPoint@4abb3da{l=/127.0.0.1:33719,r=/127.0.0.1:51148,OPEN,fill=-,flush=-,to=17/30000}
01:46:23.236 [qtp399373008-57] DEBUG org.eclipse.jetty.io.AbstractConnection - fillInterested HttpConnection@1e73e78a::DecryptedEndPoint@4abb3da{l=/127.0.0.1:33719,r=/127.0.0.1:51148,OPEN,fill=-,flush=-,to=17/30000}
01:46:23.236 [qtp399373008-57] DEBUG org.eclipse.jetty.io.FillInterest - interested FillInterest@139662ac{AC.ReadCB@1e73e78a{HttpConnection@1e73e78a::DecryptedEndPoint@4abb3da{l=/127.0.0.1:33719,r=/127.0.0.1:51148,OPEN,fill=FI,flush=-,to=0/30000}}}
01:46:23.236 [qtp399373008-57] DEBUG org.eclipse.jetty.io.ssl.SslConnection - >needFillInterest s=IDLE/IDLE uf=true ei=null di=null SslConnection@4b34d715::SocketChannelEndPoint@34bfe4b7{l=/127.0.0.1:33719,r=/127.0.0.1:51148,OPEN,fill=-,flush=-,to=0/30000}{io=0/0,kio=0,kro=1}->SslConnection@4b34d715{NEED_UNWRAP,eio=-1/-1,di=-1,fill=IDLE,flush=IDLE}~>DecryptedEndPoint@4abb3da{l=/127.0.0.1:33719,r=/127.0.0.1:51148,OPEN,fill=FI,flush=-,to=0/30000}=>HttpConnection@1e73e78a[p=HttpParser{s=START,0 of -1},g=HttpGenerator@12d888ca{s=START}]=>HttpChannelOverHttp@4c30b7d2{s=HttpChannelState@4f7a6cde{s=IDLE rs=BLOCKING os=OPEN is=IDLE awp=false se=false i=true al=0},r=0,c=false/false,a=IDLE,uri=null,age=0}
01:46:23.236 [qtp399373008-57] DEBUG org.eclipse.jetty.io.ssl.SslConnection - <needFillInterest s=IDLE/INTERESTED f=false i=true w=null
01:46:23.236 [qtp399373008-57] DEBUG org.eclipse.jetty.io.ssl.SslConnection - ensureFillInterested SslConnection@4b34d715::SocketChannelEndPoint@34bfe4b7{l=/127.0.0.1:33719,r=/127.0.0.1:51148,OPEN,fill=-,flush=-,to=0/30000}{io=0/0,kio=0,kro=1}->SslConnection@4b34d715{NEED_UNWRAP,eio=-1/-1,di=-1,fill=INTERESTED,flush=IDLE}~>DecryptedEndPoint@4abb3da{l=/127.0.0.1:33719,r=/127.0.0.1:51148,OPEN,fill=FI,flush=-,to=0/30000}=>HttpConnection@1e73e78a[p=HttpParser{s=START,0 of -1},g=HttpGenerator@12d888ca{s=START}]=>HttpChannelOverHttp@4c30b7d2{s=HttpChannelState@4f7a6cde{s=IDLE rs=BLOCKING os=OPEN is=IDLE awp=false se=false i=true al=0},r=0,c=false/false,a=IDLE,uri=null,age=0}
01:46:23.236 [qtp399373008-57] DEBUG org.eclipse.jetty.io.FillInterest - interested FillInterest@66ba7cba{SSLC.NBReadCB@4b34d715{SslConnection@4b34d715::SocketChannelEndPoint@34bfe4b7{l=/127.0.0.1:33719,r=/127.0.0.1:51148,OPEN,fill=FI,flush=-,to=0/30000}{io=0/0,kio=0,kro=1}->SslConnection@4b34d715{NEED_UNWRAP,eio=-1/-1,di=-1,fill=INTERESTED,flush=IDLE}~>DecryptedEndPoint@4abb3da{l=/127.0.0.1:33719,r=/127.0.0.1:51148,OPEN,fill=FI,flush=-,to=0/30000}=>HttpConnection@1e73e78a[p=HttpParser{s=START,0 of -1},g=HttpGenerator@12d888ca{s=START}]=>HttpChannelOverHttp@4c30b7d2{s=HttpChannelState@4f7a6cde{s=IDLE rs=BLOCKING os=OPEN is=IDLE awp=false se=false i=true al=0},r=0,c=false/false,a=IDLE,uri=null,age=0}}}
01:46:23.236 [qtp399373008-57] DEBUG org.eclipse.jetty.io.ChannelEndPoint - changeInterests p=false 0->1 for SocketChannelEndPoint@34bfe4b7{l=/127.0.0.1:33719,r=/127.0.0.1:51148,OPEN,fill=FI,flush=-,to=0/30000}{io=0/1,kio=0,kro=1}->SslConnection@4b34d715{NEED_UNWRAP,eio=-1/-1,di=-1,fill=INTERESTED,flush=IDLE}~>DecryptedEndPoint@4abb3da{l=/127.0.0.1:33719,r=/127.0.0.1:51148,OPEN,fill=FI,flush=-,to=0/30000}=>HttpConnection@1e73e78a[p=HttpParser{s=START,0 of -1},g=HttpGenerator@12d888ca{s=START}]=>HttpChannelOverHttp@4c30b7d2{s=HttpChannelState@4f7a6cde{s=IDLE rs=BLOCKING os=OPEN is=IDLE awp=false se=false i=true al=0},r=0,c=false/false,a=IDLE,uri=null,age=0}
01:46:23.236 [qtp399373008-57] DEBUG org.eclipse.jetty.io.ManagedSelector - Queued change lazy=false org.eclipse.jetty.io.ChannelEndPoint$$Lambda$255/981852870@bdb8307 on ManagedSelector@47a86fbb{STARTED} id=2 keys=1 selected=0 updates=0
01:46:23.236 [qtp399373008-57] DEBUG org.eclipse.jetty.io.ManagedSelector - Wakeup on submit ManagedSelector@47a86fbb{STARTED} id=2 keys=1 selected=0 updates=1
01:46:23.236 [qtp399373008-57] DEBUG org.eclipse.jetty.server.HttpConnection - HttpConnection@1e73e78a::DecryptedEndPoint@4abb3da{l=/127.0.0.1:33719,r=/127.0.0.1:51148,OPEN,fill=FI,flush=-,to=0/30000} onFillable exit HttpChannelState@4f7a6cde{s=IDLE rs=BLOCKING os=OPEN is=IDLE awp=false se=false i=true al=0} null
01:46:23.236 [qtp399373008-61] DEBUG org.eclipse.jetty.io.ManagedSelector - Selector sun.nio.ch.EPollSelectorImpl@ecff91a woken with none selected
01:46:23.236 [qtp399373008-61] DEBUG org.eclipse.jetty.io.ManagedSelector - Selector sun.nio.ch.EPollSelectorImpl@ecff91a woken up from select, 0/0/1 selected
01:46:23.236 [qtp399373008-61] DEBUG org.eclipse.jetty.io.ManagedSelector - Selector sun.nio.ch.EPollSelectorImpl@ecff91a processing 0 keys, 1 updates
01:46:23.236 [qtp399373008-57] DEBUG org.eclipse.jetty.io.ssl.SslConnection - <c.onFillable SslConnection@4b34d715::SocketChannelEndPoint@34bfe4b7{l=/127.0.0.1:33719,r=/127.0.0.1:51148,OPEN,fill=FI,flush=-,to=0/30000}{io=0/1,kio=0,kro=1}->SslConnection@4b34d715{NEED_UNWRAP,eio=-1/-1,di=-1,fill=INTERESTED,flush=IDLE}~>DecryptedEndPoint@4abb3da{l=/127.0.0.1:33719,r=/127.0.0.1:51148,OPEN,fill=FI,flush=-,to=0/30000}=>HttpConnection@1e73e78a[p=HttpParser{s=START,0 of -1},g=HttpGenerator@12d888ca{s=START}]=>HttpChannelOverHttp@4c30b7d2{s=HttpChannelState@4f7a6cde{s=IDLE rs=BLOCKING os=OPEN is=IDLE awp=false se=false i=true al=0},r=0,c=false/false,a=IDLE,uri=null,age=0}
01:46:23.236 [qtp399373008-61] DEBUG org.eclipse.jetty.io.ManagedSelector - updateable 1
01:46:23.236 [qtp399373008-57] DEBUG org.eclipse.jetty.util.thread.QueuedThreadPool - ran org.eclipse.jetty.io.ManagedSelector$$Lambda$253/838473569@73dce0e6 in QueuedThreadPool[qtp399373008]@17cdf2d0{STARTED,8<=8<=200,i=1,r=-1,q=0}[ReservedThreadExecutor@424fd310{reserved=1/8,pending=0}]
01:46:23.236 [qtp399373008-61] DEBUG org.eclipse.jetty.io.ManagedSelector - update org.eclipse.jetty.io.ChannelEndPoint$$Lambda$255/981852870@bdb8307
01:46:23.237 [qtp399373008-61] DEBUG org.eclipse.jetty.io.ChannelEndPoint - Key interests updated 0 -> 1 on SocketChannelEndPoint@34bfe4b7{l=/127.0.0.1:33719,r=/127.0.0.1:51148,OPEN,fill=FI,flush=-,to=0/30000}{io=1/1,kio=1,kro=1}->SslConnection@4b34d715{NEED_UNWRAP,eio=-1/-1,di=-1,fill=INTERESTED,flush=IDLE}~>DecryptedEndPoint@4abb3da{l=/127.0.0.1:33719,r=/127.0.0.1:51148,OPEN,fill=FI,flush=-,to=0/30000}=>HttpConnection@1e73e78a[p=HttpParser{s=START,0 of -1},g=HttpGenerator@12d888ca{s=START}]=>HttpChannelOverHttp@4c30b7d2{s=HttpChannelState@4f7a6cde{s=IDLE rs=BLOCKING os=OPEN is=IDLE awp=false se=false i=true al=0},r=0,c=false/false,a=IDLE,uri=null,age=0}
01:46:23.237 [qtp399373008-61] DEBUG org.eclipse.jetty.io.ManagedSelector - updates 0
01:46:23.237 [qtp399373008-61] DEBUG org.eclipse.jetty.io.ManagedSelector - Selector sun.nio.ch.EPollSelectorImpl@ecff91a waiting with 1 keys
01:46:23.238 [qtp399373008-61] DEBUG org.eclipse.jetty.io.ManagedSelector - Selector sun.nio.ch.EPollSelectorImpl@ecff91a woken up from select, 1/1/1 selected
01:46:23.238 [qtp399373008-61] DEBUG org.eclipse.jetty.io.ManagedSelector - Selector sun.nio.ch.EPollSelectorImpl@ecff91a processing 1 keys, 0 updates
01:46:23.238 [qtp399373008-61] DEBUG org.eclipse.jetty.io.ManagedSelector - selected 1 sun.nio.ch.SelectionKeyImpl@816b3 SocketChannelEndPoint@34bfe4b7{l=/127.0.0.1:33719,r=/127.0.0.1:51148,OPEN,fill=FI,flush=-,to=1/30000}{io=1/1,kio=1,kro=1}->SslConnection@4b34d715{NEED_UNWRAP,eio=-1/-1,di=-1,fill=INTERESTED,flush=IDLE}~>DecryptedEndPoint@4abb3da{l=/127.0.0.1:33719,r=/127.0.0.1:51148,OPEN,fill=FI,flush=-,to=1/30000}=>HttpConnection@1e73e78a[p=HttpParser{s=START,0 of -1},g=HttpGenerator@12d888ca{s=START}]=>HttpChannelOverHttp@4c30b7d2{s=HttpChannelState@4f7a6cde{s=IDLE rs=BLOCKING os=OPEN is=IDLE awp=false se=false i=true al=0},r=0,c=false/false,a=IDLE,uri=null,age=0} 
01:46:23.238 [qtp399373008-61] DEBUG org.eclipse.jetty.io.ChannelEndPoint - onSelected 1->0 r=true w=false for SocketChannelEndPoint@34bfe4b7{l=/127.0.0.1:33719,r=/127.0.0.1:51148,OPEN,fill=FI,flush=-,to=1/30000}{io=1/0,kio=1,kro=1}->SslConnection@4b34d715{NEED_UNWRAP,eio=-1/-1,di=-1,fill=INTERESTED,flush=IDLE}~>DecryptedEndPoint@4abb3da{l=/127.0.0.1:33719,r=/127.0.0.1:51148,OPEN,fill=FI,flush=-,to=1/30000}=>HttpConnection@1e73e78a[p=HttpParser{s=START,0 of -1},g=HttpGenerator@12d888ca{s=START}]=>HttpChannelOverHttp@4c30b7d2{s=HttpChannelState@4f7a6cde{s=IDLE rs=BLOCKING os=OPEN is=IDLE awp=false se=false i=true al=0},r=0,c=false/false,a=IDLE,uri=null,age=0}
01:46:23.238 [qtp399373008-61] DEBUG org.eclipse.jetty.io.ChannelEndPoint - task CEP:SocketChannelEndPoint@34bfe4b7{l=/127.0.0.1:33719,r=/127.0.0.1:51148,OPEN,fill=FI,flush=-,to=1/30000}{io=1/0,kio=1,kro=1}->SslConnection@4b34d715{NEED_UNWRAP,eio=-1/-1,di=-1,fill=INTERESTED,flush=IDLE}~>DecryptedEndPoint@4abb3da{l=/127.0.0.1:33719,r=/127.0.0.1:51148,OPEN,fill=FI,flush=-,to=1/30000}=>HttpConnection@1e73e78a[p=HttpParser{s=START,0 of -1},g=HttpGenerator@12d888ca{s=START}]=>HttpChannelOverHttp@4c30b7d2{s=HttpChannelState@4f7a6cde{s=IDLE rs=BLOCKING os=OPEN is=IDLE awp=false se=false i=true al=0},r=0,c=false/false,a=IDLE,uri=null,age=0}:runFillable:BLOCKING
01:46:23.238 [qtp399373008-61] DEBUG org.eclipse.jetty.util.thread.ReservedThreadExecutor - ReservedThreadExecutor@424fd310{reserved=1/8,pending=0} tryExecute EatWhatYouKill@1c3146bc/SelectorProducer@56c698e3/PRODUCING/p=false/QueuedThreadPool[qtp399373008]@17cdf2d0{STARTED,8<=8<=200,i=2,r=-1,q=0}[ReservedThreadExecutor@424fd310{reserved=1/8,pending=0}][pc=0,pic=0,pec=0,epc=1]@2024-05-02T01:46:23.238+01:00
01:46:23.238 [qtp399373008-61] DEBUG org.eclipse.jetty.util.thread.ReservedThreadExecutor - ReservedThreadExecutor@424fd310{reserved=0/8,pending=1} startReservedThread p=1
01:46:23.238 [qtp399373008-61] DEBUG org.eclipse.jetty.util.thread.QueuedThreadPool - queue ReservedThread@55a461c3{PENDING,thread=null} startThread=0
01:46:23.238 [qtp399373008-56] DEBUG org.eclipse.jetty.util.thread.QueuedThreadPool - run ReservedThread@55a461c3{PENDING,thread=null} in QueuedThreadPool[qtp399373008]@17cdf2d0{STARTED,8<=8<=200,i=1,r=-1,q=0}[ReservedThreadExecutor@424fd310{reserved=0/8,pending=1}]
01:46:23.238 [qtp399373008-56] DEBUG org.eclipse.jetty.util.thread.ReservedThreadExecutor - ReservedThread@55a461c3{PENDING,thread=Thread[qtp399373008-56,5,main]} was=PENDING next=RESERVED size=0+1 capacity=8
01:46:23.238 [qtp399373008-56] DEBUG org.eclipse.jetty.util.thread.ReservedThreadExecutor - ReservedThread@55a461c3{RESERVED,thread=Thread[qtp399373008-56,5,main]} waiting ReservedThreadExecutor@424fd310{reserved=1/8,pending=0}
01:46:23.238 [qtp399373008-62] DEBUG org.eclipse.jetty.util.thread.ReservedThreadExecutor - ReservedThread@65f3ead4{RESERVED,thread=Thread[qtp399373008-62,5,main]} task=EatWhatYouKill@1c3146bc/SelectorProducer@56c698e3/IDLE/p=true/QueuedThreadPool[qtp399373008]@17cdf2d0{STARTED,8<=8<=200,i=1,r=-1,q=0}[ReservedThreadExecutor@424fd310{reserved=0/8,pending=1}][pc=0,pic=0,pec=0,epc=1]@2024-05-02T01:46:23.238+01:00 ReservedThreadExecutor@424fd310{reserved=1/8,pending=0}
01:46:23.238 [qtp399373008-61] DEBUG org.eclipse.jetty.util.thread.strategy.EatWhatYouKill - EatWhatYouKill@1c3146bc/SelectorProducer@56c698e3/IDLE/p=true/QueuedThreadPool[qtp399373008]@17cdf2d0{STARTED,8<=8<=200,i=1,r=-1,q=0}[ReservedThreadExecutor@424fd310{reserved=1/8,pending=0}][pc=0,pic=0,pec=0,epc=1]@2024-05-02T01:46:23.238+01:00 m=EXECUTE_PRODUCE_CONSUME t=CEP:SocketChannelEndPoint@34bfe4b7{l=/127.0.0.1:33719,r=/127.0.0.1:51148,OPEN,fill=FI,flush=-,to=2/30000}{io=1/0,kio=1,kro=1}->SslConnection@4b34d715{NEED_UNWRAP,eio=-1/-1,di=-1,fill=INTERESTED,flush=IDLE}~>DecryptedEndPoint@4abb3da{l=/127.0.0.1:33719,r=/127.0.0.1:51148,OPEN,fill=FI,flush=-,to=2/30000}=>HttpConnection@1e73e78a[p=HttpParser{s=START,0 of -1},g=HttpGenerator@12d888ca{s=START}]=>HttpChannelOverHttp@4c30b7d2{s=HttpChannelState@4f7a6cde{s=IDLE rs=BLOCKING os=OPEN is=IDLE awp=false se=false i=true al=0},r=0,c=false/false,a=IDLE,uri=null,age=0}:runFillable:BLOCKING/BLOCKING
01:46:23.238 [qtp399373008-62] DEBUG org.eclipse.jetty.util.thread.strategy.EatWhatYouKill - EatWhatYouKill@1c3146bc/SelectorProducer@56c698e3/IDLE/p=true/QueuedThreadPool[qtp399373008]@17cdf2d0{STARTED,8<=8<=200,i=1,r=-1,q=0}[ReservedThreadExecutor@424fd310{reserved=1/8,pending=0}][pc=0,pic=0,pec=0,epc=1]@2024-05-02T01:46:23.238+01:00 tryProduce true
01:46:23.239 [qtp399373008-62] DEBUG org.eclipse.jetty.io.ManagedSelector - updateable 0
01:46:23.239 [qtp399373008-62] DEBUG org.eclipse.jetty.io.ManagedSelector - updates 0
01:46:23.239 [qtp399373008-61] DEBUG org.eclipse.jetty.io.FillInterest - fillable FillInterest@66ba7cba{SSLC.NBReadCB@4b34d715{SslConnection@4b34d715::SocketChannelEndPoint@34bfe4b7{l=/127.0.0.1:33719,r=/127.0.0.1:51148,OPEN,fill=FI,flush=-,to=2/30000}{io=1/0,kio=1,kro=1}->SslConnection@4b34d715{NEED_UNWRAP,eio=-1/-1,di=-1,fill=INTERESTED,flush=IDLE}~>DecryptedEndPoint@4abb3da{l=/127.0.0.1:33719,r=/127.0.0.1:51148,OPEN,fill=FI,flush=-,to=2/30000}=>HttpConnection@1e73e78a[p=HttpParser{s=START,0 of -1},g=HttpGenerator@12d888ca{s=START}]=>HttpChannelOverHttp@4c30b7d2{s=HttpChannelState@4f7a6cde{s=IDLE rs=BLOCKING os=OPEN is=IDLE awp=false se=false i=true al=0},r=0,c=false/false,a=IDLE,uri=null,age=0}}}
01:46:23.239 [qtp399373008-62] DEBUG org.eclipse.jetty.io.ChannelEndPoint - Key interests updated 1 -> 0 on SocketChannelEndPoint@34bfe4b7{l=/127.0.0.1:33719,r=/127.0.0.1:51148,OPEN,fill=FI,flush=-,to=2/30000}{io=0/0,kio=0,kro=1}->SslConnection@4b34d715{NEED_UNWRAP,eio=-1/-1,di=-1,fill=INTERESTED,flush=IDLE}~>DecryptedEndPoint@4abb3da{l=/127.0.0.1:33719,r=/127.0.0.1:51148,OPEN,fill=FI,flush=-,to=2/30000}=>HttpConnection@1e73e78a[p=HttpParser{s=START,0 of -1},g=HttpGenerator@12d888ca{s=START}]=>HttpChannelOverHttp@4c30b7d2{s=HttpChannelState@4f7a6cde{s=IDLE rs=BLOCKING os=OPEN is=IDLE awp=false se=false i=true al=0},r=0,c=false/false,a=IDLE,uri=null,age=0}
01:46:23.239 [qtp399373008-61] DEBUG org.eclipse.jetty.io.ssl.SslConnection - >c.onFillable SslConnection@4b34d715::SocketChannelEndPoint@34bfe4b7{l=/127.0.0.1:33719,r=/127.0.0.1:51148,OPEN,fill=-,flush=-,to=2/30000}{io=0/0,kio=0,kro=1}->SslConnection@4b34d715{NEED_UNWRAP,eio=-1/-1,di=-1,fill=INTERESTED,flush=IDLE}~>DecryptedEndPoint@4abb3da{l=/127.0.0.1:33719,r=/127.0.0.1:51148,OPEN,fill=FI,flush=-,to=2/30000}=>HttpConnection@1e73e78a[p=HttpParser{s=START,0 of -1},g=HttpGenerator@12d888ca{s=START}]=>HttpChannelOverHttp@4c30b7d2{s=HttpChannelState@4f7a6cde{s=IDLE rs=BLOCKING os=OPEN is=IDLE awp=false se=false i=true al=0},r=0,c=false/false,a=IDLE,uri=null,age=0}
01:46:23.239 [qtp399373008-62] DEBUG org.eclipse.jetty.io.ManagedSelector - Selector sun.nio.ch.EPollSelectorImpl@ecff91a waiting with 1 keys
01:46:23.239 [qtp399373008-61] DEBUG org.eclipse.jetty.io.ssl.SslConnection - onFillable SslConnection@4b34d715::SocketChannelEndPoint@34bfe4b7{l=/127.0.0.1:33719,r=/127.0.0.1:51148,OPEN,fill=-,flush=-,to=2/30000}{io=0/0,kio=0,kro=1}->SslConnection@4b34d715{NEED_UNWRAP,eio=-1/-1,di=-1,fill=INTERESTED,flush=IDLE}~>DecryptedEndPoint@4abb3da{l=/127.0.0.1:33719,r=/127.0.0.1:51148,OPEN,fill=FI,flush=-,to=2/30000}=>HttpConnection@1e73e78a[p=HttpParser{s=START,0 of -1},g=HttpGenerator@12d888ca{s=START}]=>HttpChannelOverHttp@4c30b7d2{s=HttpChannelState@4f7a6cde{s=IDLE rs=BLOCKING os=OPEN is=IDLE awp=false se=false i=true al=0},r=0,c=false/false,a=IDLE,uri=null,age=0}
01:46:23.239 [qtp399373008-61] DEBUG org.eclipse.jetty.io.FillInterest - fillable FillInterest@139662ac{AC.ReadCB@1e73e78a{HttpConnection@1e73e78a::DecryptedEndPoint@4abb3da{l=/127.0.0.1:33719,r=/127.0.0.1:51148,OPEN,fill=FI,flush=-,to=2/30000}}}
01:46:23.239 [qtp399373008-61] DEBUG org.eclipse.jetty.server.HttpConnection - HttpConnection@1e73e78a::DecryptedEndPoint@4abb3da{l=/127.0.0.1:33719,r=/127.0.0.1:51148,OPEN,fill=-,flush=-,to=2/30000} onFillable enter HttpChannelState@4f7a6cde{s=IDLE rs=BLOCKING os=OPEN is=IDLE awp=false se=false i=true al=0} null
01:46:23.239 [qtp399373008-61] DEBUG org.eclipse.jetty.io.ssl.SslConnection - >fill SslConnection@4b34d715::SocketChannelEndPoint@34bfe4b7{l=/127.0.0.1:33719,r=/127.0.0.1:51148,OPEN,fill=-,flush=-,to=2/30000}{io=0/0,kio=0,kro=1}->SslConnection@4b34d715{NEED_UNWRAP,eio=-1/-1,di=-1,fill=IDLE,flush=IDLE}~>DecryptedEndPoint@4abb3da{l=/127.0.0.1:33719,r=/127.0.0.1:51148,OPEN,fill=-,flush=-,to=2/30000}=>HttpConnection@1e73e78a[p=HttpParser{s=START,0 of -1},g=HttpGenerator@12d888ca{s=START}]=>HttpChannelOverHttp@4c30b7d2{s=HttpChannelState@4f7a6cde{s=IDLE rs=BLOCKING os=OPEN is=IDLE awp=false se=false i=true al=0},r=0,c=false/false,a=IDLE,uri=null,age=0}
01:46:23.239 [qtp399373008-61] DEBUG org.eclipse.jetty.io.ssl.SslConnection - fill NEED_UNWRAP
01:46:23.239 [qtp399373008-61] DEBUG org.eclipse.jetty.io.ChannelEndPoint - filled 6 HeapByteBuffer@25c362b3[p=0,l=6,c=17408,r=6]={<<<\x14\x03\x03\x00\x01\x01>>>j\xDa\x12\xFak\x88F\xBc\xF8...\x00\x00\x00\x00\x00\x00\x00}
01:46:23.239 [qtp399373008-61] DEBUG org.eclipse.jetty.io.ssl.SslConnection - net filled=6
01:46:23.239 [qtp399373008-61] DEBUG org.eclipse.jetty.io.ssl.SslConnection - unwrap net_filled=6 Status = OK HandshakeStatus = NEED_UNWRAP bytesConsumed = 6 bytesProduced = 0 encryptedBuffer=[p=6,l=6,c=17408,r=0] unwrapBuffer=HeapByteBuffer@21fcf254[p=0,l=0,c=17408,r=0]={<<<>>>\x16\x03\x03\x01N\x01\x00\x01J...\x00\x00\x00\x00\x00\x00\x00} appBuffer=HeapByteBuffer@21fcf254[p=0,l=0,c=17408,r=0]={<<<>>>\x16\x03\x03\x01N\x01\x00\x01J...\x00\x00\x00\x00\x00\x00\x00}
01:46:23.240 [qtp399373008-61] DEBUG org.eclipse.jetty.io.ssl.SslConnection - fill NEED_UNWRAP
01:46:23.240 [qtp399373008-61] DEBUG org.eclipse.jetty.io.ChannelEndPoint - filled 0 HeapByteBuffer@25c362b3[p=0,l=0,c=17408,r=0]={<<<>>>\x14\x03\x03\x00\x01\x01j\xDa\x12...\x00\x00\x00\x00\x00\x00\x00}
01:46:23.240 [qtp399373008-61] DEBUG org.eclipse.jetty.io.ssl.SslConnection - net filled=0
01:46:23.240 [qtp399373008-61] DEBUG org.eclipse.jetty.io.ssl.SslConnection - unwrap net_filled=0 Status = BUFFER_UNDERFLOW HandshakeStatus = NEED_UNWRAP bytesConsumed = 0 bytesProduced = 0 encryptedBuffer=[p=0,l=0,c=17408,r=0] unwrapBuffer=HeapByteBuffer@21fcf254[p=0,l=0,c=17408,r=0]={<<<>>>\x16\x03\x03\x01N\x01\x00\x01J...\x00\x00\x00\x00\x00\x00\x00} appBuffer=HeapByteBuffer@21fcf254[p=0,l=0,c=17408,r=0]={<<<>>>\x16\x03\x03\x01N\x01\x00\x01J...\x00\x00\x00\x00\x00\x00\x00}
01:46:23.240 [qtp399373008-61] DEBUG org.eclipse.jetty.io.ssl.SslConnection - <fill f=0 uf=true SslConnection@4b34d715::SocketChannelEndPoint@34bfe4b7{l=/127.0.0.1:33719,r=/127.0.0.1:51148,OPEN,fill=-,flush=-,to=0/30000}{io=0/0,kio=0,kro=1}->SslConnection@4b34d715{NEED_UNWRAP,eio=-1/-1,di=-1,fill=IDLE,flush=IDLE}~>DecryptedEndPoint@4abb3da{l=/127.0.0.1:33719,r=/127.0.0.1:51148,OPEN,fill=-,flush=-,to=3/30000}=>HttpConnection@1e73e78a[p=HttpParser{s=START,0 of -1},g=HttpGenerator@12d888ca{s=START}]=>HttpChannelOverHttp@4c30b7d2{s=HttpChannelState@4f7a6cde{s=IDLE rs=BLOCKING os=OPEN is=IDLE awp=false se=false i=true al=0},r=0,c=false/false,a=IDLE,uri=null,age=0}
01:46:23.240 [qtp399373008-61] DEBUG org.eclipse.jetty.io.ssl.SslConnection - >fill SslConnection@4b34d715::SocketChannelEndPoint@34bfe4b7{l=/127.0.0.1:33719,r=/127.0.0.1:51148,OPEN,fill=-,flush=-,to=0/30000}{io=0/0,kio=0,kro=1}->SslConnection@4b34d715{NEED_UNWRAP,eio=-1/-1,di=-1,fill=IDLE,flush=IDLE}~>DecryptedEndPoint@4abb3da{l=/127.0.0.1:33719,r=/127.0.0.1:51148,OPEN,fill=-,flush=-,to=3/30000}=>HttpConnection@1e73e78a[p=HttpParser{s=START,0 of -1},g=HttpGenerator@12d888ca{s=START}]=>HttpChannelOverHttp@4c30b7d2{s=HttpChannelState@4f7a6cde{s=IDLE rs=BLOCKING os=OPEN is=IDLE awp=false se=false i=true al=0},r=0,c=false/false,a=IDLE,uri=null,age=0}
01:46:23.240 [qtp399373008-61] DEBUG org.eclipse.jetty.io.ssl.SslConnection - fill NEED_UNWRAP
01:46:23.240 [qtp399373008-61] DEBUG org.eclipse.jetty.io.ChannelEndPoint - filled 0 HeapByteBuffer@2f3b09c3[p=0,l=0,c=17408,r=0]={<<<>>>\x17\x03\x03\x00\xC9\xBf\xD4\xCa)...\x00\x00\x00\x00\x00\x00\x00}
01:46:23.240 [qtp399373008-61] DEBUG org.eclipse.jetty.io.ssl.SslConnection - net filled=0
01:46:23.240 [qtp399373008-61] DEBUG org.eclipse.jetty.io.ssl.SslConnection - unwrap net_filled=0 Status = BUFFER_UNDERFLOW HandshakeStatus = NEED_UNWRAP bytesConsumed = 0 bytesProduced = 0 encryptedBuffer=[p=0,l=0,c=17408,r=0] unwrapBuffer=HeapByteBuffer@21fcf254[p=0,l=0,c=17408,r=0]={<<<>>>\x16\x03\x03\x01N\x01\x00\x01J...\x00\x00\x00\x00\x00\x00\x00} appBuffer=HeapByteBuffer@21fcf254[p=0,l=0,c=17408,r=0]={<<<>>>\x16\x03\x03\x01N\x01\x00\x01J...\x00\x00\x00\x00\x00\x00\x00}
01:46:23.240 [qtp399373008-61] DEBUG org.eclipse.jetty.io.ssl.SslConnection - <fill f=0 uf=true SslConnection@4b34d715::SocketChannelEndPoint@34bfe4b7{l=/127.0.0.1:33719,r=/127.0.0.1:51148,OPEN,fill=-,flush=-,to=0/30000}{io=0/0,kio=0,kro=1}->SslConnection@4b34d715{NEED_UNWRAP,eio=-1/-1,di=-1,fill=IDLE,flush=IDLE}~>DecryptedEndPoint@4abb3da{l=/127.0.0.1:33719,r=/127.0.0.1:51148,OPEN,fill=-,flush=-,to=3/30000}=>HttpConnection@1e73e78a[p=HttpParser{s=START,0 of -1},g=HttpGenerator@12d888ca{s=START}]=>HttpChannelOverHttp@4c30b7d2{s=HttpChannelState@4f7a6cde{s=IDLE rs=BLOCKING os=OPEN is=IDLE awp=false se=false i=true al=0},r=0,c=false/false,a=IDLE,uri=null,age=0}
01:46:23.240 [qtp399373008-61] DEBUG org.eclipse.jetty.server.HttpConnection - HttpConnection@1e73e78a::DecryptedEndPoint@4abb3da{l=/127.0.0.1:33719,r=/127.0.0.1:51148,OPEN,fill=-,flush=-,to=3/30000} filled 0 HeapByteBuffer@21fcf254[p=0,l=0,c=17408,r=0]={<<<>>>\x16\x03\x03\x01N\x01\x00\x01J...\x00\x00\x00\x00\x00\x00\x00}
01:46:23.240 [qtp399373008-61] DEBUG org.eclipse.jetty.server.HttpConnection - HttpConnection@1e73e78a::DecryptedEndPoint@4abb3da{l=/127.0.0.1:33719,r=/127.0.0.1:51148,OPEN,fill=-,flush=-,to=4/30000} parse HeapByteBuffer@21fcf254[p=0,l=0,c=17408,r=0]={<<<>>>\x16\x03\x03\x01N\x01\x00\x01J...\x00\x00\x00\x00\x00\x00\x00} {}
01:46:23.240 [qtp399373008-61] DEBUG org.eclipse.jetty.http.HttpParser - parseNext s=START HeapByteBuffer@21fcf254[p=0,l=0,c=17408,r=0]={<<<>>>\x16\x03\x03\x01N\x01\x00\x01J...\x00\x00\x00\x00\x00\x00\x00}
01:46:23.240 [qtp399373008-61] DEBUG org.eclipse.jetty.server.HttpConnection - HttpConnection@1e73e78a::DecryptedEndPoint@4abb3da{l=/127.0.0.1:33719,r=/127.0.0.1:51148,OPEN,fill=-,flush=-,to=4/30000} parsed false HttpParser{s=START,0 of -1}
01:46:23.240 [qtp399373008-61] DEBUG org.eclipse.jetty.server.HttpConnection - releaseRequestBuffer HttpConnection@1e73e78a::DecryptedEndPoint@4abb3da{l=/127.0.0.1:33719,r=/127.0.0.1:51148,OPEN,fill=-,flush=-,to=4/30000}
01:46:23.240 [qtp399373008-61] DEBUG org.eclipse.jetty.io.AbstractConnection - fillInterested HttpConnection@1e73e78a::DecryptedEndPoint@4abb3da{l=/127.0.0.1:33719,r=/127.0.0.1:51148,OPEN,fill=-,flush=-,to=4/30000}
01:46:23.240 [qtp399373008-61] DEBUG org.eclipse.jetty.io.FillInterest - interested FillInterest@139662ac{AC.ReadCB@1e73e78a{HttpConnection@1e73e78a::DecryptedEndPoint@4abb3da{l=/127.0.0.1:33719,r=/127.0.0.1:51148,OPEN,fill=FI,flush=-,to=0/30000}}}
01:46:23.240 [qtp399373008-61] DEBUG org.eclipse.jetty.io.ssl.SslConnection - >needFillInterest s=IDLE/IDLE uf=true ei=null di=null SslConnection@4b34d715::SocketChannelEndPoint@34bfe4b7{l=/127.0.0.1:33719,r=/127.0.0.1:51148,OPEN,fill=-,flush=-,to=0/30000}{io=0/0,kio=0,kro=1}->SslConnection@4b34d715{NEED_UNWRAP,eio=-1/-1,di=-1,fill=IDLE,flush=IDLE}~>DecryptedEndPoint@4abb3da{l=/127.0.0.1:33719,r=/127.0.0.1:51148,OPEN,fill=FI,flush=-,to=0/30000}=>HttpConnection@1e73e78a[p=HttpParser{s=START,0 of -1},g=HttpGenerator@12d888ca{s=START}]=>HttpChannelOverHttp@4c30b7d2{s=HttpChannelState@4f7a6cde{s=IDLE rs=BLOCKING os=OPEN is=IDLE awp=false se=false i=true al=0},r=0,c=false/false,a=IDLE,uri=null,age=0}
01:46:23.240 [qtp399373008-61] DEBUG org.eclipse.jetty.io.ssl.SslConnection - <needFillInterest s=IDLE/INTERESTED f=false i=true w=null
01:46:23.240 [qtp399373008-61] DEBUG org.eclipse.jetty.io.ssl.SslConnection - ensureFillInterested SslConnection@4b34d715::SocketChannelEndPoint@34bfe4b7{l=/127.0.0.1:33719,r=/127.0.0.1:51148,OPEN,fill=-,flush=-,to=0/30000}{io=0/0,kio=0,kro=1}->SslConnection@4b34d715{NEED_UNWRAP,eio=-1/-1,di=-1,fill=INTERESTED,flush=IDLE}~>DecryptedEndPoint@4abb3da{l=/127.0.0.1:33719,r=/127.0.0.1:51148,OPEN,fill=FI,flush=-,to=0/30000}=>HttpConnection@1e73e78a[p=HttpParser{s=START,0 of -1},g=HttpGenerator@12d888ca{s=START}]=>HttpChannelOverHttp@4c30b7d2{s=HttpChannelState@4f7a6cde{s=IDLE rs=BLOCKING os=OPEN is=IDLE awp=false se=false i=true al=0},r=0,c=false/false,a=IDLE,uri=null,age=0}
01:46:23.241 [qtp399373008-61] DEBUG org.eclipse.jetty.io.FillInterest - interested FillInterest@66ba7cba{SSLC.NBReadCB@4b34d715{SslConnection@4b34d715::SocketChannelEndPoint@34bfe4b7{l=/127.0.0.1:33719,r=/127.0.0.1:51148,OPEN,fill=FI,flush=-,to=0/30000}{io=0/0,kio=0,kro=1}->SslConnection@4b34d715{NEED_UNWRAP,eio=-1/-1,di=-1,fill=INTERESTED,flush=IDLE}~>DecryptedEndPoint@4abb3da{l=/127.0.0.1:33719,r=/127.0.0.1:51148,OPEN,fill=FI,flush=-,to=0/30000}=>HttpConnection@1e73e78a[p=HttpParser{s=START,0 of -1},g=HttpGenerator@12d888ca{s=START}]=>HttpChannelOverHttp@4c30b7d2{s=HttpChannelState@4f7a6cde{s=IDLE rs=BLOCKING os=OPEN is=IDLE awp=false se=false i=true al=0},r=0,c=false/false,a=IDLE,uri=null,age=0}}}
01:46:23.241 [qtp399373008-61] DEBUG org.eclipse.jetty.io.ChannelEndPoint - changeInterests p=false 0->1 for SocketChannelEndPoint@34bfe4b7{l=/127.0.0.1:33719,r=/127.0.0.1:51148,OPEN,fill=FI,flush=-,to=0/30000}{io=0/1,kio=0,kro=1}->SslConnection@4b34d715{NEED_UNWRAP,eio=-1/-1,di=-1,fill=INTERESTED,flush=IDLE}~>DecryptedEndPoint@4abb3da{l=/127.0.0.1:33719,r=/127.0.0.1:51148,OPEN,fill=FI,flush=-,to=0/30000}=>HttpConnection@1e73e78a[p=HttpParser{s=START,0 of -1},g=HttpGenerator@12d888ca{s=START}]=>HttpChannelOverHttp@4c30b7d2{s=HttpChannelState@4f7a6cde{s=IDLE rs=BLOCKING os=OPEN is=IDLE awp=false se=false i=true al=0},r=0,c=false/false,a=IDLE,uri=null,age=0}
01:46:23.241 [qtp399373008-61] DEBUG org.eclipse.jetty.io.ManagedSelector - Queued change lazy=false org.eclipse.jetty.io.ChannelEndPoint$$Lambda$255/981852870@bdb8307 on ManagedSelector@47a86fbb{STARTED} id=2 keys=1 selected=0 updates=0
01:46:23.241 [qtp399373008-61] DEBUG org.eclipse.jetty.io.ManagedSelector - Wakeup on submit ManagedSelector@47a86fbb{STARTED} id=2 keys=1 selected=0 updates=1
01:46:23.241 [qtp399373008-62] DEBUG org.eclipse.jetty.io.ManagedSelector - Selector sun.nio.ch.EPollSelectorImpl@ecff91a woken with none selected
01:46:23.241 [qtp399373008-61] DEBUG org.eclipse.jetty.server.HttpConnection - HttpConnection@1e73e78a::DecryptedEndPoint@4abb3da{l=/127.0.0.1:33719,r=/127.0.0.1:51148,OPEN,fill=FI,flush=-,to=0/30000} onFillable exit HttpChannelState@4f7a6cde{s=IDLE rs=BLOCKING os=OPEN is=IDLE awp=false se=false i=true al=0} null
01:46:23.241 [qtp399373008-62] DEBUG org.eclipse.jetty.io.ManagedSelector - Selector sun.nio.ch.EPollSelectorImpl@ecff91a woken up from select, 0/0/1 selected
01:46:23.241 [qtp399373008-62] DEBUG org.eclipse.jetty.io.ManagedSelector - Selector sun.nio.ch.EPollSelectorImpl@ecff91a processing 0 keys, 1 updates
01:46:23.241 [qtp399373008-62] DEBUG org.eclipse.jetty.io.ManagedSelector - updateable 1
01:46:23.241 [qtp399373008-62] DEBUG org.eclipse.jetty.io.ManagedSelector - update org.eclipse.jetty.io.ChannelEndPoint$$Lambda$255/981852870@bdb8307
01:46:23.241 [qtp399373008-61] DEBUG org.eclipse.jetty.io.ssl.SslConnection - <c.onFillable SslConnection@4b34d715::SocketChannelEndPoint@34bfe4b7{l=/127.0.0.1:33719,r=/127.0.0.1:51148,OPEN,fill=FI,flush=-,to=0/30000}{io=0/1,kio=0,kro=1}->SslConnection@4b34d715{NEED_UNWRAP,eio=-1/-1,di=-1,fill=INTERESTED,flush=IDLE}~>DecryptedEndPoint@4abb3da{l=/127.0.0.1:33719,r=/127.0.0.1:51148,OPEN,fill=FI,flush=-,to=0/30000}=>HttpConnection@1e73e78a[p=HttpParser{s=START,0 of -1},g=HttpGenerator@12d888ca{s=START}]=>HttpChannelOverHttp@4c30b7d2{s=HttpChannelState@4f7a6cde{s=IDLE rs=BLOCKING os=OPEN is=IDLE awp=false se=false i=true al=0},r=0,c=false/false,a=IDLE,uri=null,age=0}
01:46:23.241 [qtp399373008-61] DEBUG org.eclipse.jetty.util.thread.ReservedThreadExecutor - ReservedThread@6a5710bf{RUNNING,thread=Thread[qtp399373008-61,5,main]} was=RUNNING next=RESERVED size=0+2 capacity=8
01:46:23.241 [qtp399373008-61] DEBUG org.eclipse.jetty.util.thread.ReservedThreadExecutor - ReservedThread@6a5710bf{RESERVED,thread=Thread[qtp399373008-61,5,main]} waiting ReservedThreadExecutor@424fd310{reserved=2/8,pending=0}
01:46:23.241 [qtp399373008-62] DEBUG org.eclipse.jetty.io.ChannelEndPoint - Key interests updated 0 -> 1 on SocketChannelEndPoint@34bfe4b7{l=/127.0.0.1:33719,r=/127.0.0.1:51148,OPEN,fill=FI,flush=-,to=0/30000}{io=1/1,kio=1,kro=1}->SslConnection@4b34d715{NEED_UNWRAP,eio=-1/-1,di=-1,fill=INTERESTED,flush=IDLE}~>DecryptedEndPoint@4abb3da{l=/127.0.0.1:33719,r=/127.0.0.1:51148,OPEN,fill=FI,flush=-,to=0/30000}=>HttpConnection@1e73e78a[p=HttpParser{s=START,0 of -1},g=HttpGenerator@12d888ca{s=START}]=>HttpChannelOverHttp@4c30b7d2{s=HttpChannelState@4f7a6cde{s=IDLE rs=BLOCKING os=OPEN is=IDLE awp=false se=false i=true al=0},r=0,c=false/false,a=IDLE,uri=null,age=0}
01:46:23.241 [qtp399373008-62] DEBUG org.eclipse.jetty.io.ManagedSelector - updates 0
01:46:23.241 [qtp399373008-62] DEBUG org.eclipse.jetty.io.ManagedSelector - Selector sun.nio.ch.EPollSelectorImpl@ecff91a waiting with 1 keys
01:46:23.281 [qtp399373008-62] DEBUG org.eclipse.jetty.io.ManagedSelector - Selector sun.nio.ch.EPollSelectorImpl@ecff91a woken up from select, 1/1/1 selected
01:46:23.281 [qtp399373008-62] DEBUG org.eclipse.jetty.io.ManagedSelector - Selector sun.nio.ch.EPollSelectorImpl@ecff91a processing 1 keys, 0 updates
01:46:23.281 [qtp399373008-62] DEBUG org.eclipse.jetty.io.ManagedSelector - selected 1 sun.nio.ch.SelectionKeyImpl@816b3 SocketChannelEndPoint@34bfe4b7{l=/127.0.0.1:33719,r=/127.0.0.1:51148,OPEN,fill=FI,flush=-,to=40/30000}{io=1/1,kio=1,kro=1}->SslConnection@4b34d715{NEED_UNWRAP,eio=-1/-1,di=-1,fill=INTERESTED,flush=IDLE}~>DecryptedEndPoint@4abb3da{l=/127.0.0.1:33719,r=/127.0.0.1:51148,OPEN,fill=FI,flush=-,to=40/30000}=>HttpConnection@1e73e78a[p=HttpParser{s=START,0 of -1},g=HttpGenerator@12d888ca{s=START}]=>HttpChannelOverHttp@4c30b7d2{s=HttpChannelState@4f7a6cde{s=IDLE rs=BLOCKING os=OPEN is=IDLE awp=false se=false i=true al=0},r=0,c=false/false,a=IDLE,uri=null,age=0} 
01:46:23.281 [qtp399373008-62] DEBUG org.eclipse.jetty.io.ChannelEndPoint - onSelected 1->0 r=true w=false for SocketChannelEndPoint@34bfe4b7{l=/127.0.0.1:33719,r=/127.0.0.1:51148,OPEN,fill=FI,flush=-,to=40/30000}{io=1/0,kio=1,kro=1}->SslConnection@4b34d715{NEED_UNWRAP,eio=-1/-1,di=-1,fill=INTERESTED,flush=IDLE}~>DecryptedEndPoint@4abb3da{l=/127.0.0.1:33719,r=/127.0.0.1:51148,OPEN,fill=FI,flush=-,to=40/30000}=>HttpConnection@1e73e78a[p=HttpParser{s=START,0 of -1},g=HttpGenerator@12d888ca{s=START}]=>HttpChannelOverHttp@4c30b7d2{s=HttpChannelState@4f7a6cde{s=IDLE rs=BLOCKING os=OPEN is=IDLE awp=false se=false i=true al=0},r=0,c=false/false,a=IDLE,uri=null,age=0}
01:46:23.281 [qtp399373008-62] DEBUG org.eclipse.jetty.io.ChannelEndPoint - task CEP:SocketChannelEndPoint@34bfe4b7{l=/127.0.0.1:33719,r=/127.0.0.1:51148,OPEN,fill=FI,flush=-,to=40/30000}{io=1/0,kio=1,kro=1}->SslConnection@4b34d715{NEED_UNWRAP,eio=-1/-1,di=-1,fill=INTERESTED,flush=IDLE}~>DecryptedEndPoint@4abb3da{l=/127.0.0.1:33719,r=/127.0.0.1:51148,OPEN,fill=FI,flush=-,to=40/30000}=>HttpConnection@1e73e78a[p=HttpParser{s=START,0 of -1},g=HttpGenerator@12d888ca{s=START}]=>HttpChannelOverHttp@4c30b7d2{s=HttpChannelState@4f7a6cde{s=IDLE rs=BLOCKING os=OPEN is=IDLE awp=false se=false i=true al=0},r=0,c=false/false,a=IDLE,uri=null,age=0}:runFillable:BLOCKING
01:46:23.281 [qtp399373008-62] DEBUG org.eclipse.jetty.util.thread.ReservedThreadExecutor - ReservedThreadExecutor@424fd310{reserved=2/8,pending=0} tryExecute EatWhatYouKill@1c3146bc/SelectorProducer@56c698e3/PRODUCING/p=false/QueuedThreadPool[qtp399373008]@17cdf2d0{STARTED,8<=8<=200,i=1,r=-1,q=0}[ReservedThreadExecutor@424fd310{reserved=2/8,pending=0}][pc=0,pic=0,pec=0,epc=2]@2024-05-02T01:46:23.281+01:00
01:46:23.281 [qtp399373008-62] DEBUG org.eclipse.jetty.util.thread.strategy.EatWhatYouKill - EatWhatYouKill@1c3146bc/SelectorProducer@56c698e3/IDLE/p=true/QueuedThreadPool[qtp399373008]@17cdf2d0{STARTED,8<=8<=200,i=1,r=-1,q=0}[ReservedThreadExecutor@424fd310{reserved=1/8,pending=0}][pc=0,pic=0,pec=0,epc=2]@2024-05-02T01:46:23.281+01:00 m=EXECUTE_PRODUCE_CONSUME t=CEP:SocketChannelEndPoint@34bfe4b7{l=/127.0.0.1:33719,r=/127.0.0.1:51148,OPEN,fill=FI,flush=-,to=40/30000}{io=1/0,kio=1,kro=1}->SslConnection@4b34d715{NEED_UNWRAP,eio=-1/-1,di=-1,fill=INTERESTED,flush=IDLE}~>DecryptedEndPoint@4abb3da{l=/127.0.0.1:33719,r=/127.0.0.1:51148,OPEN,fill=FI,flush=-,to=41/30000}=>HttpConnection@1e73e78a[p=HttpParser{s=START,0 of -1},g=HttpGenerator@12d888ca{s=START}]=>HttpChannelOverHttp@4c30b7d2{s=HttpChannelState@4f7a6cde{s=IDLE rs=BLOCKING os=OPEN is=IDLE awp=false se=false i=true al=0},r=0,c=false/false,a=IDLE,uri=null,age=0}:runFillable:BLOCKING/BLOCKING
01:46:23.281 [qtp399373008-61] DEBUG org.eclipse.jetty.util.thread.ReservedThreadExecutor - ReservedThread@6a5710bf{RESERVED,thread=Thread[qtp399373008-61,5,main]} task=EatWhatYouKill@1c3146bc/SelectorProducer@56c698e3/IDLE/p=true/QueuedThreadPool[qtp399373008]@17cdf2d0{STARTED,8<=8<=200,i=1,r=-1,q=0}[ReservedThreadExecutor@424fd310{reserved=1/8,pending=0}][pc=0,pic=0,pec=0,epc=2]@2024-05-02T01:46:23.281+01:00 ReservedThreadExecutor@424fd310{reserved=1/8,pending=0}
01:46:23.281 [qtp399373008-62] DEBUG org.eclipse.jetty.io.FillInterest - fillable FillInterest@66ba7cba{SSLC.NBReadCB@4b34d715{SslConnection@4b34d715::SocketChannelEndPoint@34bfe4b7{l=/127.0.0.1:33719,r=/127.0.0.1:51148,OPEN,fill=FI,flush=-,to=40/30000}{io=1/0,kio=1,kro=1}->SslConnection@4b34d715{NEED_UNWRAP,eio=-1/-1,di=-1,fill=INTERESTED,flush=IDLE}~>DecryptedEndPoint@4abb3da{l=/127.0.0.1:33719,r=/127.0.0.1:51148,OPEN,fill=FI,flush=-,to=41/30000}=>HttpConnection@1e73e78a[p=HttpParser{s=START,0 of -1},g=HttpGenerator@12d888ca{s=START}]=>HttpChannelOverHttp@4c30b7d2{s=HttpChannelState@4f7a6cde{s=IDLE rs=BLOCKING os=OPEN is=IDLE awp=false se=false i=true al=0},r=0,c=false/false,a=IDLE,uri=null,age=0}}}
01:46:23.281 [qtp399373008-61] DEBUG org.eclipse.jetty.util.thread.strategy.EatWhatYouKill - EatWhatYouKill@1c3146bc/SelectorProducer@56c698e3/IDLE/p=true/QueuedThreadPool[qtp399373008]@17cdf2d0{STARTED,8<=8<=200,i=1,r=-1,q=0}[ReservedThreadExecutor@424fd310{reserved=1/8,pending=0}][pc=0,pic=0,pec=0,epc=3]@2024-05-02T01:46:23.281+01:00 tryProduce true
01:46:23.281 [qtp399373008-61] DEBUG org.eclipse.jetty.io.ManagedSelector - updateable 0
01:46:23.281 [qtp399373008-61] DEBUG org.eclipse.jetty.io.ManagedSelector - updates 0
01:46:23.281 [qtp399373008-62] DEBUG org.eclipse.jetty.io.ssl.SslConnection - >c.onFillable SslConnection@4b34d715::SocketChannelEndPoint@34bfe4b7{l=/127.0.0.1:33719,r=/127.0.0.1:51148,OPEN,fill=-,flush=-,to=40/30000}{io=1/0,kio=1,kro=1}->SslConnection@4b34d715{NEED_UNWRAP,eio=-1/-1,di=-1,fill=INTERESTED,flush=IDLE}~>DecryptedEndPoint@4abb3da{l=/127.0.0.1:33719,r=/127.0.0.1:51148,OPEN,fill=FI,flush=-,to=41/30000}=>HttpConnection@1e73e78a[p=HttpParser{s=START,0 of -1},g=HttpGenerator@12d888ca{s=START}]=>HttpChannelOverHttp@4c30b7d2{s=HttpChannelState@4f7a6cde{s=IDLE rs=BLOCKING os=OPEN is=IDLE awp=false se=false i=true al=0},r=0,c=false/false,a=IDLE,uri=null,age=0}
01:46:23.281 [qtp399373008-61] DEBUG org.eclipse.jetty.io.ChannelEndPoint - Key interests updated 1 -> 0 on SocketChannelEndPoint@34bfe4b7{l=/127.0.0.1:33719,r=/127.0.0.1:51148,OPEN,fill=-,flush=-,to=40/30000}{io=0/0,kio=0,kro=1}->SslConnection@4b34d715{NEED_UNWRAP,eio=-1/-1,di=-1,fill=INTERESTED,flush=IDLE}~>DecryptedEndPoint@4abb3da{l=/127.0.0.1:33719,r=/127.0.0.1:51148,OPEN,fill=FI,flush=-,to=41/30000}=>HttpConnection@1e73e78a[p=HttpParser{s=START,0 of -1},g=HttpGenerator@12d888ca{s=START}]=>HttpChannelOverHttp@4c30b7d2{s=HttpChannelState@4f7a6cde{s=IDLE rs=BLOCKING os=OPEN is=IDLE awp=false se=false i=true al=0},r=0,c=false/false,a=IDLE,uri=null,age=0}
01:46:23.281 [qtp399373008-62] DEBUG org.eclipse.jetty.io.ssl.SslConnection - onFillable SslConnection@4b34d715::SocketChannelEndPoint@34bfe4b7{l=/127.0.0.1:33719,r=/127.0.0.1:51148,OPEN,fill=-,flush=-,to=40/30000}{io=0/0,kio=0,kro=1}->SslConnection@4b34d715{NEED_UNWRAP,eio=-1/-1,di=-1,fill=INTERESTED,flush=IDLE}~>DecryptedEndPoint@4abb3da{l=/127.0.0.1:33719,r=/127.0.0.1:51148,OPEN,fill=FI,flush=-,to=41/30000}=>HttpConnection@1e73e78a[p=HttpParser{s=START,0 of -1},g=HttpGenerator@12d888ca{s=START}]=>HttpChannelOverHttp@4c30b7d2{s=HttpChannelState@4f7a6cde{s=IDLE rs=BLOCKING os=OPEN is=IDLE awp=false se=false i=true al=0},r=0,c=false/false,a=IDLE,uri=null,age=0}
01:46:23.282 [qtp399373008-61] DEBUG org.eclipse.jetty.io.ManagedSelector - Selector sun.nio.ch.EPollSelectorImpl@ecff91a waiting with 1 keys
01:46:23.282 [qtp399373008-62] DEBUG org.eclipse.jetty.io.FillInterest - fillable FillInterest@139662ac{AC.ReadCB@1e73e78a{HttpConnection@1e73e78a::DecryptedEndPoint@4abb3da{l=/127.0.0.1:33719,r=/127.0.0.1:51148,OPEN,fill=FI,flush=-,to=41/30000}}}
01:46:23.282 [qtp399373008-62] DEBUG org.eclipse.jetty.server.HttpConnection - HttpConnection@1e73e78a::DecryptedEndPoint@4abb3da{l=/127.0.0.1:33719,r=/127.0.0.1:51148,OPEN,fill=-,flush=-,to=41/30000} onFillable enter HttpChannelState@4f7a6cde{s=IDLE rs=BLOCKING os=OPEN is=IDLE awp=false se=false i=true al=0} null
01:46:23.282 [qtp399373008-62] DEBUG org.eclipse.jetty.io.ssl.SslConnection - >fill SslConnection@4b34d715::SocketChannelEndPoint@34bfe4b7{l=/127.0.0.1:33719,r=/127.0.0.1:51148,OPEN,fill=-,flush=-,to=41/30000}{io=0/0,kio=0,kro=1}->SslConnection@4b34d715{NEED_UNWRAP,eio=-1/-1,di=-1,fill=IDLE,flush=IDLE}~>DecryptedEndPoint@4abb3da{l=/127.0.0.1:33719,r=/127.0.0.1:51148,OPEN,fill=-,flush=-,to=41/30000}=>HttpConnection@1e73e78a[p=HttpParser{s=START,0 of -1},g=HttpGenerator@12d888ca{s=START}]=>HttpChannelOverHttp@4c30b7d2{s=HttpChannelState@4f7a6cde{s=IDLE rs=BLOCKING os=OPEN is=IDLE awp=false se=false i=true al=0},r=0,c=false/false,a=IDLE,uri=null,age=0}
01:46:23.282 [qtp399373008-62] DEBUG org.eclipse.jetty.io.ssl.SslConnection - fill NEED_UNWRAP
01:46:23.282 [qtp399373008-62] DEBUG org.eclipse.jetty.io.ChannelEndPoint - filled 1508 HeapByteBuffer@2f3b09c3[p=0,l=1508,c=17408,r=1508]={<<<\x17\x03\x03\x03\xAd\xB4\xB9\xB1\xD5\xFc\x94&Z\xBa\xF6#\xB6\x13\xC0\x1fBNAg\x7f...\xF3\x97\x93\xA6\xBe\xAax^+\xF0\x8b;a\xE8\xCc\xBf\xA9P!\x84\x12F\x0f>>>\x00\x00\x00\x00\x00\x00\x00\x00\x00...\x00\x00\x00\x00\x00\x00\x00}
01:46:23.282 [qtp399373008-62] DEBUG org.eclipse.jetty.io.ssl.SslConnection - net filled=1508
01:46:23.282 [qtp399373008-62] DEBUG org.eclipse.jetty.io.ssl.SslConnection - unwrap net_filled=1508 Status = OK HandshakeStatus = NEED_TASK bytesConsumed = 946 bytesProduced = 0 encryptedBuffer=[p=946,l=1508,c=17408,r=562] unwrapBuffer=HeapByteBuffer@25c362b3[p=0,l=0,c=17408,r=0]={<<<>>>\x14\x03\x03\x00\x01\x01j\xDa\x12...\x00\x00\x00\x00\x00\x00\x00} appBuffer=HeapByteBuffer@25c362b3[p=0,l=0,c=17408,r=0]={<<<>>>\x14\x03\x03\x00\x01\x01j\xDa\x12...\x00\x00\x00\x00\x00\x00\x00}
01:46:23.282 [qtp399373008-62] DEBUG org.eclipse.jetty.io.ssl.SslConnection - fill NEED_TASK
01:46:23.283 [qtp399373008-62] DEBUG org.eclipse.jetty.io.ssl.SslConnection - fill NEED_UNWRAP
01:46:23.283 [qtp399373008-62] DEBUG org.eclipse.jetty.io.ChannelEndPoint - filled 0 HeapByteBuffer@2f3b09c3[p=946,l=1508,c=17408,r=562]={\x17\x03\x03\x03\xAd\x0b\x00\x03\x88...\xC8\x90\xEc\x14\x8c\xEd\xC9<<<\x17\x03\x03\x01)%C\x0b\xC7G\xAe\x82\x1e\x19k\xCb\x85\xCan'\xC2\x94\xF0\x0c\x01...\xF3\x97\x93\xA6\xBe\xAax^+\xF0\x8b;a\xE8\xCc\xBf\xA9P!\x84\x12F\x0f>>>\x00\x00\x00\x00\x00\x00\x00\x00\x00...\x00\x00\x00\x00\x00\x00\x00}
01:46:23.283 [qtp399373008-62] DEBUG org.eclipse.jetty.io.ssl.SslConnection - net filled=0
01:46:23.283 [qtp399373008-62] DEBUG org.eclipse.jetty.io.ssl.SslConnection - unwrap net_filled=0 Status = OK HandshakeStatus = NEED_TASK bytesConsumed = 302 bytesProduced = 0 encryptedBuffer=[p=1248,l=1508,c=17408,r=260] unwrapBuffer=HeapByteBuffer@25c362b3[p=0,l=0,c=17408,r=0]={<<<>>>\x14\x03\x03\x00\x01\x01j\xDa\x12...\x00\x00\x00\x00\x00\x00\x00} appBuffer=HeapByteBuffer@25c362b3[p=0,l=0,c=17408,r=0]={<<<>>>\x14\x03\x03\x00\x01\x01j\xDa\x12...\x00\x00\x00\x00\x00\x00\x00}
01:46:23.283 [qtp399373008-62] DEBUG org.eclipse.jetty.io.ssl.SslConnection - fill NEED_TASK
01:46:23.283 [qtp399373008-62] DEBUG org.eclipse.jetty.io.ssl.SslConnection - fill NEED_UNWRAP
01:46:23.283 [qtp399373008-62] DEBUG org.eclipse.jetty.io.ChannelEndPoint - filled 0 HeapByteBuffer@2f3b09c3[p=1248,l=1508,c=17408,r=260]={\x17\x03\x03\x03\xAd\x0b\x00\x03\x88...7N$O\xEaw\xB6<<<\x17\x03\x03\x00U!v\x1ad\xCc-kb\xA4AL\xFb#q\xF1X\xD7fe\xAe...\xF3\x97\x93\xA6\xBe\xAax^+\xF0\x8b;a\xE8\xCc\xBf\xA9P!\x84\x12F\x0f>>>\x00\x00\x00\x00\x00\x00\x00\x00\x00...\x00\x00\x00\x00\x00\x00\x00}
01:46:23.283 [qtp399373008-62] DEBUG org.eclipse.jetty.io.ssl.SslConnection - net filled=0
01:46:23.284 [qtp399373008-62] DEBUG org.eclipse.jetty.io.ssl.SslConnection - unwrap net_filled=0 Status = OK HandshakeStatus = NEED_WRAP bytesConsumed = 90 bytesProduced = 0 encryptedBuffer=[p=1338,l=1508,c=17408,r=170] unwrapBuffer=HeapByteBuffer@25c362b3[p=0,l=0,c=17408,r=0]={<<<>>>\x14\x03\x03\x00\x01\x01j\xDa\x12...\x00\x00\x00\x00\x00\x00\x00} appBuffer=HeapByteBuffer@25c362b3[p=0,l=0,c=17408,r=0]={<<<>>>\x14\x03\x03\x00\x01\x01j\xDa\x12...\x00\x00\x00\x00\x00\x00\x00}
01:46:23.284 [qtp399373008-62] DEBUG org.eclipse.jetty.io.ssl.SslConnection - fill NEED_WRAP
01:46:23.284 [qtp399373008-62] DEBUG org.eclipse.jetty.io.ssl.SslConnection - >flush SslConnection@4b34d715::SocketChannelEndPoint@34bfe4b7{l=/127.0.0.1:33719,r=/127.0.0.1:51148,OPEN,fill=-,flush=-,to=2/30000}{io=0/0,kio=0,kro=1}->SslConnection@4b34d715{NEED_WRAP,eio=170/-1,di=-1,fill=IDLE,flush=IDLE}~>DecryptedEndPoint@4abb3da{l=/127.0.0.1:33719,r=/127.0.0.1:51148,OPEN,fill=-,flush=-,to=43/30000}=>HttpConnection@1e73e78a[p=HttpParser{s=START,0 of -1},g=HttpGenerator@12d888ca{s=START}]=>HttpChannelOverHttp@4c30b7d2{s=HttpChannelState@4f7a6cde{s=IDLE rs=BLOCKING os=OPEN is=IDLE awp=false se=false i=true al=0},r=0,c=false/false,a=IDLE,uri=null,age=0}
01:46:23.284 [qtp399373008-62] DEBUG org.eclipse.jetty.io.ssl.SslConnection - flush b[0]=HeapByteBuffer@98da274[p=0,l=0,c=0,r=0]={<<<>>>}
01:46:23.284 [qtp399373008-62] DEBUG org.eclipse.jetty.io.ssl.SslConnection - flush NEED_WRAP
01:46:23.284 [qtp399373008-62] DEBUG org.eclipse.jetty.io.ssl.SslConnection - wrap Status = OK HandshakeStatus = FINISHED bytesConsumed = 0 bytesProduced = 88 [p=0,l=88,c=17408,r=88] ioDone=false/false
01:46:23.285 [qtp399373008-62] DEBUG org.eclipse.jetty.io.ChannelEndPoint - flushed 88 SocketChannelEndPoint@34bfe4b7{l=/127.0.0.1:33719,r=/127.0.0.1:51148,OPEN,fill=-,flush=-,to=2/30000}{io=0/0,kio=0,kro=1}->SslConnection@4b34d715{NOT_HANDSHAKING,eio=170/0,di=-1,fill=IDLE,flush=IDLE}~>DecryptedEndPoint@4abb3da{l=/127.0.0.1:33719,r=/127.0.0.1:51148,OPEN,fill=-,flush=-,to=44/30000}=>HttpConnection@1e73e78a[p=HttpParser{s=START,0 of -1},g=HttpGenerator@12d888ca{s=START}]=>HttpChannelOverHttp@4c30b7d2{s=HttpChannelState@4f7a6cde{s=IDLE rs=BLOCKING os=OPEN is=IDLE awp=false se=false i=true al=0},r=0,c=false/false,a=IDLE,uri=null,age=0}
01:46:23.285 [qtp399373008-62] DEBUG org.eclipse.jetty.io.ssl.SslConnection - net flushed=true, ac=true
01:46:23.285 [qtp399373008-62] DEBUG org.eclipse.jetty.io.ssl.SslConnection - handshake succeeded SslConnection@4b34d715::SocketChannelEndPoint@34bfe4b7{l=/127.0.0.1:33719,r=/127.0.0.1:51148,OPEN,fill=-,flush=-,to=0/30000}{io=0/0,kio=0,kro=1}->SslConnection@4b34d715{NOT_HANDSHAKING,eio=170/0,di=-1,fill=IDLE,flush=IDLE}~>DecryptedEndPoint@4abb3da{l=/127.0.0.1:33719,r=/127.0.0.1:51148,OPEN,fill=-,flush=-,to=44/30000}=>HttpConnection@1e73e78a[p=HttpParser{s=START,0 of -1},g=HttpGenerator@12d888ca{s=START}]=>HttpChannelOverHttp@4c30b7d2{s=HttpChannelState@4f7a6cde{s=IDLE rs=BLOCKING os=OPEN is=IDLE awp=false se=false i=true al=0},r=0,c=false/false,a=IDLE,uri=null,age=0} resumed server TLSv1.3/TLS_AES_256_GCM_SHA384
01:46:23.285 [qtp399373008-62] DEBUG org.eclipse.jetty.io.ssl.SslConnection - <flush true SslConnection@4b34d715::SocketChannelEndPoint@34bfe4b7{l=/127.0.0.1:33719,r=/127.0.0.1:51148,OPEN,fill=-,flush=-,to=0/30000}{io=0/0,kio=0,kro=1}->SslConnection@4b34d715{NOT_HANDSHAKING,eio=170/-1,di=-1,fill=IDLE,flush=IDLE}~>DecryptedEndPoint@4abb3da{l=/127.0.0.1:33719,r=/127.0.0.1:51148,OPEN,fill=-,flush=-,to=44/30000}=>HttpConnection@1e73e78a[p=HttpParser{s=START,0 of -1},g=HttpGenerator@12d888ca{s=START}]=>HttpChannelOverHttp@4c30b7d2{s=HttpChannelState@4f7a6cde{s=IDLE rs=BLOCKING os=OPEN is=IDLE awp=false se=false i=true al=0},r=0,c=false/false,a=IDLE,uri=null,age=0}
01:46:23.285 [qtp399373008-62] DEBUG org.eclipse.jetty.io.ssl.SslConnection - fill NOT_HANDSHAKING
01:46:23.285 [qtp399373008-62] DEBUG org.eclipse.jetty.io.ChannelEndPoint - filled 0 HeapByteBuffer@2f3b09c3[p=1338,l=1508,c=17408,r=170]={\x17\x03\x03\x03\xAd\x0b\x00\x03\x88...\xD9\xB2>c\x8d@Z<<<\x17\x03\x03\x00\xA5\xF5\xA5d\xD3\x02\x12\x10\xE0?$o\xC1\xB3\x1c&\x1a$\\E\xA6...\xF3\x97\x93\xA6\xBe\xAax^+\xF0\x8b;a\xE8\xCc\xBf\xA9P!\x84\x12F\x0f>>>\x00\x00\x00\x00\x00\x00\x00\x00\x00...\x00\x00\x00\x00\x00\x00\x00}
01:46:23.285 [qtp399373008-62] DEBUG org.eclipse.jetty.io.ssl.SslConnection - net filled=0
01:46:23.285 [qtp399373008-62] DEBUG org.eclipse.jetty.io.ssl.SslConnection - unwrap net_filled=0 Status = OK HandshakeStatus = NOT_HANDSHAKING bytesConsumed = 170 bytesProduced = 132 encryptedBuffer=[p=1508,l=1508,c=17408,r=0] unwrapBuffer=HeapByteBuffer@25c362b3[p=0,l=132,c=17408,r=132]={<<<GET / HTTP/1.1\r\nIf-None-M...gent: okhttp/3.12.3\r\n\r\n>>>\x89~\xD3\xC7\x9b\xD3\xB1\xEaU...\x00\x00\x00\x00\x00\x00\x00} appBuffer=HeapByteBuffer@25c362b3[p=0,l=132,c=17408,r=132]={<<<GET / HTTP/1.1\r\nIf-None-M...gent: okhttp/3.12.3\r\n\r\n>>>\x89~\xD3\xC7\x9b\xD3\xB1\xEaU...\x00\x00\x00\x00\x00\x00\x00}
01:46:23.286 [qtp399373008-62] DEBUG org.eclipse.jetty.io.ssl.SslConnection - <fill f=132 uf=false SslConnection@4b34d715::SocketChannelEndPoint@34bfe4b7{l=/127.0.0.1:33719,r=/127.0.0.1:51148,OPEN,fill=-,flush=-,to=0/30000}{io=0/0,kio=0,kro=1}->SslConnection@4b34d715{NOT_HANDSHAKING,eio=-1/-1,di=-1,fill=IDLE,flush=IDLE}~>DecryptedEndPoint@4abb3da{l=/127.0.0.1:33719,r=/127.0.0.1:51148,OPEN,fill=-,flush=-,to=45/30000}=>HttpConnection@1e73e78a[p=HttpParser{s=START,0 of -1},g=HttpGenerator@12d888ca{s=START}]=>HttpChannelOverHttp@4c30b7d2{s=HttpChannelState@4f7a6cde{s=IDLE rs=BLOCKING os=OPEN is=IDLE awp=false se=false i=true al=0},r=0,c=false/false,a=IDLE,uri=null,age=0}
01:46:23.286 [qtp399373008-62] DEBUG org.eclipse.jetty.server.HttpConnection - HttpConnection@1e73e78a::DecryptedEndPoint@4abb3da{l=/127.0.0.1:33719,r=/127.0.0.1:51148,OPEN,fill=-,flush=-,to=45/30000} filled 132 HeapByteBuffer@25c362b3[p=0,l=132,c=17408,r=132]={<<<GET / HTTP/1.1\r\nIf-None-M...gent: okhttp/3.12.3\r\n\r\n>>>\x89~\xD3\xC7\x9b\xD3\xB1\xEaU...\x00\x00\x00\x00\x00\x00\x00}
01:46:23.286 [qtp399373008-62] DEBUG org.eclipse.jetty.server.HttpConnection - HttpConnection@1e73e78a::DecryptedEndPoint@4abb3da{l=/127.0.0.1:33719,r=/127.0.0.1:51148,OPEN,fill=-,flush=-,to=45/30000} parse HeapByteBuffer@25c362b3[p=0,l=132,c=17408,r=132]={<<<GET / HTTP/1.1\r\nIf-None-M...gent: okhttp/3.12.3\r\n\r\n>>>\x89~\xD3\xC7\x9b\xD3\xB1\xEaU...\x00\x00\x00\x00\x00\x00\x00} {}
01:46:23.286 [qtp399373008-62] DEBUG org.eclipse.jetty.http.HttpParser - parseNext s=START HeapByteBuffer@25c362b3[p=0,l=132,c=17408,r=132]={<<<GET / HTTP/1.1\r\nIf-None-M...gent: okhttp/3.12.3\r\n\r\n>>>\x89~\xD3\xC7\x9b\xD3\xB1\xEaU...\x00\x00\x00\x00\x00\x00\x00}
01:46:23.286 [qtp399373008-62] DEBUG org.eclipse.jetty.http.HttpParser - START --> SPACE1
01:46:23.286 [qtp399373008-62] DEBUG org.eclipse.jetty.http.HttpParser - SPACE1 --> URI
01:46:23.286 [qtp399373008-62] DEBUG org.eclipse.jetty.http.HttpParser - URI --> SPACE2
01:46:23.286 [qtp399373008-62] DEBUG org.eclipse.jetty.http.HttpParser - SPACE2 --> REQUEST_VERSION
01:46:23.286 [qtp399373008-62] DEBUG org.eclipse.jetty.http.HttpParser - REQUEST_VERSION --> HEADER
01:46:23.286 [qtp399373008-62] DEBUG org.eclipse.jetty.http.HttpParser - HEADER:If-None-Match --> VALUE
01:46:23.286 [qtp399373008-62] DEBUG org.eclipse.jetty.http.HttpParser - HEADER:If-None-Match --> FIELD
01:46:23.286 [qtp399373008-62] DEBUG org.eclipse.jetty.http.HttpParser - HEADER:Host --> VALUE
01:46:23.286 [qtp399373008-62] DEBUG org.eclipse.jetty.http.HttpParser - HEADER:Host --> IN_VALUE
01:46:23.286 [qtp399373008-62] DEBUG org.eclipse.jetty.http.HttpParser - HEADER:Host --> FIELD
01:46:23.286 [qtp399373008-62] DEBUG org.eclipse.jetty.http.HttpParser - HEADER:Connection: keep-alive --> IN_VALUE
01:46:23.286 [qtp399373008-62] DEBUG org.eclipse.jetty.http.HttpParser - HEADER:Connection: keep-alive --> FIELD
01:46:23.286 [qtp399373008-62] DEBUG org.eclipse.jetty.http.HttpParser - HEADER:Accept-Encoding: gzip --> IN_VALUE
01:46:23.286 [qtp399373008-62] DEBUG org.eclipse.jetty.http.HttpParser - HEADER:Accept-Encoding: gzip --> FIELD
01:46:23.286 [qtp399373008-62] DEBUG org.eclipse.jetty.http.HttpParser - HEADER:User-Agent --> VALUE
01:46:23.286 [qtp399373008-62] DEBUG org.eclipse.jetty.http.HttpParser - HEADER:User-Agent --> IN_VALUE
01:46:23.286 [qtp399373008-62] DEBUG org.eclipse.jetty.http.HttpParser - HEADER:User-Agent --> FIELD
01:46:23.286 [qtp399373008-62] DEBUG org.eclipse.jetty.http.HttpParser - HEADER --> CONTENT
01:46:23.286 [qtp399373008-62] DEBUG org.eclipse.jetty.server.HttpChannel - REQUEST for //localhost:33719/ on HttpChannelOverHttp@4c30b7d2{s=HttpChannelState@4f7a6cde{s=IDLE rs=BLOCKING os=OPEN is=IDLE awp=false se=false i=true al=0},r=1,c=false/false,a=IDLE,uri=//localhost:33719/,age=0}
GET //localhost:33719/ HTTP/1.1
If-None-Match: 
Host: localhost:33719
Connection: keep-alive
Accept-Encoding: gzip
User-Agent: okhttp/3.12.3


01:46:23.286 [qtp399373008-62] DEBUG org.eclipse.jetty.server.HttpConnection - HttpConnection@1e73e78a::DecryptedEndPoint@4abb3da{l=/127.0.0.1:33719,r=/127.0.0.1:51148,OPEN,fill=-,flush=-,to=45/30000} parsed true HttpParser{s=CONTENT,0 of -1}
01:46:23.286 [qtp399373008-62] DEBUG org.eclipse.jetty.server.HttpConnection - releaseRequestBuffer HttpConnection@1e73e78a::DecryptedEndPoint@4abb3da{l=/127.0.0.1:33719,r=/127.0.0.1:51148,OPEN,fill=-,flush=-,to=45/30000}
01:46:23.286 [qtp399373008-62] DEBUG org.eclipse.jetty.server.HttpChannel - handle //localhost:33719/ HttpChannelOverHttp@4c30b7d2{s=HttpChannelState@4f7a6cde{s=IDLE rs=BLOCKING os=OPEN is=IDLE awp=false se=false i=true al=0},r=1,c=false/false,a=IDLE,uri=//localhost:33719/,age=0} 
01:46:23.286 [qtp399373008-62] DEBUG org.eclipse.jetty.server.HttpChannelState - handling HttpChannelState@4f7a6cde{s=IDLE rs=BLOCKING os=OPEN is=IDLE awp=false se=false i=true al=0}
01:46:23.286 [qtp399373008-62] DEBUG org.eclipse.jetty.server.HttpChannel - action DISPATCH HttpChannelOverHttp@4c30b7d2{s=HttpChannelState@4f7a6cde{s=HANDLING rs=BLOCKING os=OPEN is=IDLE awp=false se=false i=true al=0},r=1,c=false/false,a=HANDLING,uri=//localhost:33719/,age=0}
01:46:23.286 [qtp399373008-62] DEBUG org.eclipse.jetty.server.SecureRequestCustomizer - Host localhost with SNI null
01:46:23.286 [qtp399373008-62] DEBUG org.eclipse.jetty.server.Server - REQUEST GET / on HttpChannelOverHttp@4c30b7d2{s=HttpChannelState@4f7a6cde{s=HANDLING rs=BLOCKING os=OPEN is=IDLE awp=false se=false i=true al=0},r=1,c=false/false,a=HANDLING,uri=https://localhost:33719/,age=0}
01:46:23.286 [qtp399373008-62] DEBUG org.eclipse.jetty.server.HttpOutput - write(array HeapByteBuffer@60c1f86f[p=0,l=4,c=512,r=4]={<<<test>>>\x00\x00\x00\x00\x00\x00\x00\x00\x00...\x00\x00\x00\x00\x00\x00\x00})
01:46:23.286 [qtp399373008-62] DEBUG org.eclipse.jetty.server.HttpOutput - write(array) s=CLOSING,api=BLOCKED,sc=false,e=null last=true agg=false flush=true async=false, len=4 null
01:46:23.286 [qtp399373008-62] DEBUG org.eclipse.jetty.server.HttpChannel - sendResponse info=null content=HeapByteBuffer@174380a5[p=0,l=4,c=512,r=4]={<<<test>>>\x00\x00\x00\x00\x00\x00\x00\x00\x00...\x00\x00\x00\x00\x00\x00\x00} complete=true committing=true callback=Blocker@516bbe4b{null}
01:46:23.286 [qtp399373008-62] DEBUG org.eclipse.jetty.server.HttpChannel - COMMIT for / on HttpChannelOverHttp@4c30b7d2{s=HttpChannelState@4f7a6cde{s=HANDLING rs=BLOCKING os=COMMITTED is=IDLE awp=false se=false i=true al=0},r=1,c=false/false,a=HANDLING,uri=https://localhost:33719/,age=0}
200 null HTTP/1.1
Date: Thu, 02 May 2024 00:46:23 GMT
ETag: testEtag
Content-Type: text/plain;charset=utf-8
Content-Length: 4


01:46:23.286 [qtp399373008-62] DEBUG org.eclipse.jetty.server.HttpConnection - generate: NEED_HEADER for SendCallback@6f03982f[PROCESSING][i=HTTP/1.1{s=200,h=4,cl=4},cb=org.eclipse.jetty.server.HttpChannel$SendCallback@ee0720] (null,[p=0,l=4,c=512,r=4],true)@START
01:46:23.286 [qtp399373008-62] DEBUG org.eclipse.jetty.http.HttpGenerator - generateHeaders HTTP/1.1{s=200,h=4,cl=4} last=true content=HeapByteBuffer@174380a5[p=0,l=4,c=512,r=4]={<<<test>>>\x00\x00\x00\x00\x00\x00\x00\x00\x00...\x00\x00\x00\x00\x00\x00\x00}
01:46:23.286 [qtp399373008-62] DEBUG org.eclipse.jetty.http.HttpGenerator - Date: Thu, 02 May 2024 00:46:23 GMT
ETag: testEtag
Content-Type: text/plain;charset=utf-8
Content-Length: 4


01:46:23.286 [qtp399373008-62] DEBUG org.eclipse.jetty.http.HttpGenerator - CONTENT_LENGTH
01:46:23.287 [qtp399373008-62] DEBUG org.eclipse.jetty.server.HttpConnection - generate: FLUSH for SendCallback@6f03982f[PROCESSING][i=HTTP/1.1{s=200,h=4,cl=4},cb=org.eclipse.jetty.server.HttpChannel$SendCallback@ee0720] ([p=0,l=164,c=8192,r=164],[p=0,l=4,c=512,r=4],true)@COMPLETING
01:46:23.287 [qtp399373008-62] DEBUG org.eclipse.jetty.io.WriteFlusher - write: WriteFlusher@ba3e930{IDLE}->null [HeapByteBuffer@eac4508[p=0,l=164,c=8192,r=164]={<<<HTTP/1.1 200 OK\r\nDate: Th...y(9.4.44.v20210927)\r\n\r\n>>>\x00\x00\x00\x00\x00\x00\x00\x00\x00...\x00\x00\x00\x00\x00\x00\x00},HeapByteBuffer@174380a5[p=0,l=4,c=512,r=4]={<<<test>>>\x00\x00\x00\x00\x00\x00\x00\x00\x00...\x00\x00\x00\x00\x00\x00\x00}]
01:46:23.287 [qtp399373008-62] DEBUG org.eclipse.jetty.io.WriteFlusher - update WriteFlusher@ba3e930{WRITING}->null:IDLE-->WRITING
01:46:23.287 [qtp399373008-62] DEBUG org.eclipse.jetty.io.ssl.SslConnection - >flush SslConnection@4b34d715::SocketChannelEndPoint@34bfe4b7{l=/127.0.0.1:33719,r=/127.0.0.1:51148,OPEN,fill=-,flush=-,to=1/30000}{io=0/0,kio=0,kro=1}->SslConnection@4b34d715{NOT_HANDSHAKING,eio=-1/-1,di=-1,fill=IDLE,flush=IDLE}~>DecryptedEndPoint@4abb3da{l=/127.0.0.1:33719,r=/127.0.0.1:51148,OPEN,fill=-,flush=W,to=46/30000}=>HttpConnection@1e73e78a[p=HttpParser{s=CONTENT,0 of -1},g=HttpGenerator@12d888ca{s=COMPLETING}]=>HttpChannelOverHttp@4c30b7d2{s=HttpChannelState@4f7a6cde{s=HANDLING rs=BLOCKING os=COMMITTED is=IDLE awp=false se=false i=true al=0},r=1,c=false/false,a=HANDLING,uri=https://localhost:33719/,age=1}
01:46:23.287 [qtp399373008-62] DEBUG org.eclipse.jetty.io.ssl.SslConnection - flush b[0]=HeapByteBuffer@eac4508[p=0,l=164,c=8192,r=164]={<<<HTTP/1.1 200 OK\r\nDate: Th...y(9.4.44.v20210927)\r\n\r\n>>>\x00\x00\x00\x00\x00\x00\x00\x00\x00...\x00\x00\x00\x00\x00\x00\x00}
01:46:23.287 [qtp399373008-62] DEBUG org.eclipse.jetty.io.ssl.SslConnection - flush b[1]=HeapByteBuffer@174380a5[p=0,l=4,c=512,r=4]={<<<test>>>\x00\x00\x00\x00\x00\x00\x00\x00\x00...\x00\x00\x00\x00\x00\x00\x00}
01:46:23.287 [qtp399373008-62] DEBUG org.eclipse.jetty.io.ssl.SslConnection - flush NOT_HANDSHAKING
01:46:23.287 [qtp399373008-62] DEBUG org.eclipse.jetty.io.ssl.SslConnection - wrap Status = OK HandshakeStatus = NOT_HANDSHAKING bytesConsumed = 168 bytesProduced = 206 [p=0,l=206,c=17408,r=206] ioDone=false/false
01:46:23.287 [qtp399373008-62] DEBUG org.eclipse.jetty.io.ChannelEndPoint - flushed 206 SocketChannelEndPoint@34bfe4b7{l=/127.0.0.1:33719,r=/127.0.0.1:51148,OPEN,fill=-,flush=-,to=1/30000}{io=0/0,kio=0,kro=1}->SslConnection@4b34d715{NOT_HANDSHAKING,eio=-1/0,di=-1,fill=IDLE,flush=IDLE}~>DecryptedEndPoint@4abb3da{l=/127.0.0.1:33719,r=/127.0.0.1:51148,OPEN,fill=-,flush=W,to=46/30000}=>HttpConnection@1e73e78a[p=HttpParser{s=CONTENT,0 of -1},g=HttpGenerator@12d888ca{s=COMPLETING}]=>HttpChannelOverHttp@4c30b7d2{s=HttpChannelState@4f7a6cde{s=HANDLING rs=BLOCKING os=COMMITTED is=IDLE awp=false se=false i=true al=0},r=1,c=false/false,a=HANDLING,uri=https://localhost:33719/,age=1}
01:46:23.287 [qtp399373008-62] DEBUG org.eclipse.jetty.io.ssl.SslConnection - net flushed=true, ac=true
01:46:23.287 [qtp399373008-62] DEBUG org.eclipse.jetty.io.ssl.SslConnection - <flush true SslConnection@4b34d715::SocketChannelEndPoint@34bfe4b7{l=/127.0.0.1:33719,r=/127.0.0.1:51148,OPEN,fill=-,flush=-,to=0/30000}{io=0/0,kio=0,kro=1}->SslConnection@4b34d715{NOT_HANDSHAKING,eio=-1/-1,di=-1,fill=IDLE,flush=IDLE}~>DecryptedEndPoint@4abb3da{l=/127.0.0.1:33719,r=/127.0.0.1:51148,OPEN,fill=-,flush=W,to=46/30000}=>HttpConnection@1e73e78a[p=HttpParser{s=CONTENT,0 of -1},g=HttpGenerator@12d888ca{s=COMPLETING}]=>HttpChannelOverHttp@4c30b7d2{s=HttpChannelState@4f7a6cde{s=HANDLING rs=BLOCKING os=COMMITTED is=IDLE awp=false se=false i=true al=0},r=1,c=false/false,a=HANDLING,uri=https://localhost:33719/,age=1}
01:46:23.287 [qtp399373008-62] DEBUG org.eclipse.jetty.io.WriteFlusher - Flushed=true written=168 remaining=0 WriteFlusher@ba3e930{WRITING}->null
01:46:23.287 [qtp399373008-62] DEBUG org.eclipse.jetty.io.WriteFlusher - update WriteFlusher@ba3e930{IDLE}->null:WRITING-->IDLE
01:46:23.287 [main] DEBUG org.apache.nifi.minifi.bootstrap.configuration.ingestors.PullHttpChangeIngestor - Response received: Response{protocol=http/1.1, code=200, message=OK, url=https://localhost:33719/}
01:46:23.287 [qtp399373008-62] DEBUG org.eclipse.jetty.server.HttpConnection - generate: DONE for SendCallback@6f03982f[PROCESSING][i=HTTP/1.1{s=200,h=4,cl=4},cb=org.eclipse.jetty.server.HttpChannel$SendCallback@ee0720] ([p=164,l=164,c=8192,r=0],[p=4,l=4,c=512,r=0],true)@END
01:46:23.287 [qtp399373008-62] DEBUG org.eclipse.jetty.server.HttpOutput - onWriteComplete(true,null) s=CLOSING,api=BLOCKED,sc=false,e=null->s=CLOSED,api=BLOCKING,sc=false,e=null c=null cb=null w=false
01:46:23.287 [qtp399373008-62] DEBUG org.eclipse.jetty.server.HttpOutput - close() s=CLOSED,api=BLOCKING,sc=false,e=null c=null b=null
01:46:23.287 [qtp399373008-62] DEBUG org.eclipse.jetty.server.Server - handled=true async=false committed=true on HttpChannelOverHttp@4c30b7d2{s=HttpChannelState@4f7a6cde{s=HANDLING rs=BLOCKING os=COMPLETED is=IDLE awp=false se=false i=true al=0},r=1,c=false/true,a=HANDLING,uri=https://localhost:33719/,age=1}
01:46:23.287 [main] DEBUG org.apache.nifi.minifi.bootstrap.configuration.ingestors.PullHttpChangeIngestor - New change received, notifying listener
01:46:23.287 [qtp399373008-62] DEBUG org.eclipse.jetty.server.HttpChannelState - unhandle HttpChannelState@4f7a6cde{s=HANDLING rs=BLOCKING os=COMPLETED is=IDLE awp=false se=false i=true al=0}
01:46:23.287 [qtp399373008-62] DEBUG org.eclipse.jetty.server.HttpChannelState - nextAction(false) COMPLETE HttpChannelState@4f7a6cde{s=HANDLING rs=COMPLETING os=COMPLETED is=IDLE awp=false se=false i=false al=0}
01:46:23.287 [main] DEBUG org.apache.nifi.minifi.bootstrap.configuration.ingestors.PullHttpChangeIngestor - Listeners notified
01:46:23.287 [qtp399373008-62] DEBUG org.eclipse.jetty.server.HttpChannel - action COMPLETE HttpChannelOverHttp@4c30b7d2{s=HttpChannelState@4f7a6cde{s=HANDLING rs=COMPLETING os=COMPLETED is=IDLE awp=false se=false i=false al=0},r=1,c=false/true,a=HANDLING,uri=https://localhost:33719/,age=1}
01:46:23.287 [qtp399373008-62] DEBUG org.eclipse.jetty.server.HttpOutput - complete(org.eclipse.jetty.util.Callback$3@73697e9) s=CLOSED,api=BLOCKING,sc=false,e=null s=true e=null, c=null
01:46:23.287 [qtp399373008-62] DEBUG org.eclipse.jetty.server.HttpChannelState - completed HttpChannelState@4f7a6cde{s=HANDLING rs=COMPLETING os=COMPLETED is=IDLE awp=false se=false i=false al=0}
01:46:23.287 [main] DEBUG org.apache.nifi.minifi.bootstrap.configuration.ingestors.PullHttpChangeIngestor - Attempting to pull new config
01:46:23.287 [qtp399373008-62] DEBUG org.eclipse.jetty.server.HttpChannelState - unhandle HttpChannelState@4f7a6cde{s=HANDLING rs=COMPLETED os=COMPLETED is=IDLE awp=false se=false i=false al=0}
01:46:23.287 [qtp399373008-62] DEBUG org.eclipse.jetty.server.HttpChannelState - nextAction(false) TERMINATED HttpChannelState@4f7a6cde{s=IDLE rs=COMPLETED os=COMPLETED is=IDLE awp=false se=false i=false al=0}
01:46:23.287 [qtp399373008-62] DEBUG org.eclipse.jetty.server.HttpChannel - action TERMINATED HttpChannelOverHttp@4c30b7d2{s=HttpChannelState@4f7a6cde{s=IDLE rs=COMPLETED os=COMPLETED is=IDLE awp=false se=false i=false al=0},r=1,c=true/true,a=IDLE,uri=https://localhost:33719/,age=1}
01:46:23.287 [qtp399373008-62] DEBUG org.eclipse.jetty.server.HttpChannel - onCompleted for / written=4
01:46:23.288 [qtp399373008-62] DEBUG org.eclipse.jetty.io.ssl.SslConnection - >fill SslConnection@4b34d715::SocketChannelEndPoint@34bfe4b7{l=/127.0.0.1:33719,r=/127.0.0.1:51148,OPEN,fill=-,flush=-,to=0/30000}{io=0/0,kio=0,kro=1}->SslConnection@4b34d715{NOT_HANDSHAKING,eio=-1/-1,di=-1,fill=IDLE,flush=IDLE}~>DecryptedEndPoint@4abb3da{l=/127.0.0.1:33719,r=/127.0.0.1:51148,OPEN,fill=-,flush=-,to=47/30000}=>HttpConnection@1e73e78a[p=HttpParser{s=CONTENT,0 of -1},g=HttpGenerator@12d888ca{s=END}]=>HttpChannelOverHttp@4c30b7d2{s=HttpChannelState@4f7a6cde{s=IDLE rs=COMPLETED os=COMPLETED is=IDLE awp=false se=false i=false al=0},r=1,c=true/true,a=IDLE,uri=https://localhost:33719/,age=1}
01:46:23.288 [qtp399373008-62] DEBUG org.eclipse.jetty.io.ssl.SslConnection - fill NOT_HANDSHAKING
01:46:23.288 [qtp399373008-62] DEBUG org.eclipse.jetty.io.ChannelEndPoint - filled 0 HeapByteBuffer@25c362b3[p=0,l=0,c=17408,r=0]={<<<>>>GET / HTT...\x00\x00\x00\x00\x00\x00\x00}
01:46:23.288 [qtp399373008-62] DEBUG org.eclipse.jetty.io.ssl.SslConnection - net filled=0
01:46:23.288 [qtp399373008-62] DEBUG org.eclipse.jetty.io.ssl.SslConnection - unwrap net_filled=0 Status = BUFFER_UNDERFLOW HandshakeStatus = NOT_HANDSHAKING bytesConsumed = 0 bytesProduced = 0 encryptedBuffer=[p=0,l=0,c=17408,r=0] unwrapBuffer=HeapByteBuffer@2f3b09c3[p=0,l=0,c=17408,r=0]={<<<>>>\x17\x03\x03\x03\xAd\x0b\x00\x03\x88...\x00\x00\x00\x00\x00\x00\x00} appBuffer=HeapByteBuffer@2f3b09c3[p=0,l=0,c=17408,r=0]={<<<>>>\x17\x03\x03\x03\xAd\x0b\x00\x03\x88...\x00\x00\x00\x00\x00\x00\x00}
01:46:23.288 [qtp399373008-62] DEBUG org.eclipse.jetty.io.ssl.SslConnection - <fill f=0 uf=true SslConnection@4b34d715::SocketChannelEndPoint@34bfe4b7{l=/127.0.0.1:33719,r=/127.0.0.1:51148,OPEN,fill=-,flush=-,to=0/30000}{io=0/0,kio=0,kro=1}->SslConnection@4b34d715{NOT_HANDSHAKING,eio=-1/-1,di=-1,fill=IDLE,flush=IDLE}~>DecryptedEndPoint@4abb3da{l=/127.0.0.1:33719,r=/127.0.0.1:51148,OPEN,fill=-,flush=-,to=47/30000}=>HttpConnection@1e73e78a[p=HttpParser{s=CONTENT,0 of -1},g=HttpGenerator@12d888ca{s=END}]=>HttpChannelOverHttp@4c30b7d2{s=HttpChannelState@4f7a6cde{s=IDLE rs=COMPLETED os=COMPLETED is=IDLE awp=false se=false i=false al=0},r=1,c=true/true,a=IDLE,uri=https://localhost:33719/,age=2}
01:46:23.288 [qtp399373008-62] DEBUG org.eclipse.jetty.io.ssl.SslConnection - >fill SslConnection@4b34d715::SocketChannelEndPoint@34bfe4b7{l=/127.0.0.1:33719,r=/127.0.0.1:51148,OPEN,fill=-,flush=-,to=0/30000}{io=0/0,kio=0,kro=1}->SslConnection@4b34d715{NOT_HANDSHAKING,eio=-1/-1,di=-1,fill=IDLE,flush=IDLE}~>DecryptedEndPoint@4abb3da{l=/127.0.0.1:33719,r=/127.0.0.1:51148,OPEN,fill=-,flush=-,to=47/30000}=>HttpConnection@1e73e78a[p=HttpParser{s=CONTENT,0 of -1},g=HttpGenerator@12d888ca{s=END}]=>HttpChannelOverHttp@4c30b7d2{s=HttpChannelState@4f7a6cde{s=IDLE rs=COMPLETED os=COMPLETED is=IDLE awp=false se=false i=false al=0},r=1,c=true/true,a=IDLE,uri=https://localhost:33719/,age=2}
01:46:23.288 [qtp399373008-62] DEBUG org.eclipse.jetty.io.ssl.SslConnection - fill NOT_HANDSHAKING
01:46:23.288 [qtp399373008-62] DEBUG org.eclipse.jetty.io.ChannelEndPoint - filled 180 HeapByteBuffer@21fcf254[p=0,l=180,c=17408,r=180]={<<<\x17\x03\x03\x00\xAf\xB3N\x8ai=\xF2\xCe1\xBe\xC3\xA5(G\xC6\x05'W\x0f\n[...\xE3\xAc9N\xFes\xF8\xF8\x14\xB9y"\xA5\xA2\r\x9a5\x04\xFe\xB6Q\x1bQ>>>.8.gZ\x1f\xF4\x90\x8f...\x00\x00\x00\x00\x00\x00\x00}
01:46:23.288 [qtp399373008-62] DEBUG org.eclipse.jetty.io.ssl.SslConnection - net filled=180
01:46:23.288 [qtp399373008-62] DEBUG org.eclipse.jetty.io.ssl.SslConnection - unwrap net_filled=180 Status = OK HandshakeStatus = NOT_HANDSHAKING bytesConsumed = 180 bytesProduced = 142 encryptedBuffer=[p=180,l=180,c=17408,r=0] unwrapBuffer=HeapByteBuffer@2f3b09c3[p=0,l=142,c=17408,r=142]={<<<GET / HTTP/1.1\r\nIf-None-M...gent: okhttp/3.12.3\r\n\r\n>>>0\x10\x06\x03U\x04\x03\x0c\t...\x00\x00\x00\x00\x00\x00\x00} appBuffer=HeapByteBuffer@2f3b09c3[p=0,l=142,c=17408,r=142]={<<<GET / HTTP/1.1\r\nIf-None-M...gent: okhttp/3.12.3\r\n\r\n>>>0\x10\x06\x03U\x04\x03\x0c\t...\x00\x00\x00\x00\x00\x00\x00}
01:46:23.288 [qtp399373008-62] DEBUG org.eclipse.jetty.io.ssl.SslConnection - <fill f=142 uf=false SslConnection@4b34d715::SocketChannelEndPoint@34bfe4b7{l=/127.0.0.1:33719,r=/127.0.0.1:51148,OPEN,fill=-,flush=-,to=0/30000}{io=0/0,kio=0,kro=1}->SslConnection@4b34d715{NOT_HANDSHAKING,eio=-1/-1,di=-1,fill=IDLE,flush=IDLE}~>DecryptedEndPoint@4abb3da{l=/127.0.0.1:33719,r=/127.0.0.1:51148,OPEN,fill=-,flush=-,to=47/30000}=>HttpConnection@1e73e78a[p=HttpParser{s=CONTENT,0 of -1},g=HttpGenerator@12d888ca{s=END}]=>HttpChannelOverHttp@4c30b7d2{s=HttpChannelState@4f7a6cde{s=IDLE rs=COMPLETED os=COMPLETED is=IDLE awp=false se=false i=false al=0},r=1,c=true/true,a=IDLE,uri=https://localhost:33719/,age=2}
01:46:23.288 [qtp399373008-62] DEBUG org.eclipse.jetty.server.HttpConnection - HttpConnection@1e73e78a::DecryptedEndPoint@4abb3da{l=/127.0.0.1:33719,r=/127.0.0.1:51148,OPEN,fill=-,flush=-,to=47/30000} filled 142 HeapByteBuffer@2f3b09c3[p=0,l=142,c=17408,r=142]={<<<GET / HTTP/1.1\r\nIf-None-M...gent: okhttp/3.12.3\r\n\r\n>>>0\x10\x06\x03U\x04\x03\x0c\t...\x00\x00\x00\x00\x00\x00\x00}
01:46:23.288 [qtp399373008-62] DEBUG org.eclipse.jetty.server.HttpConnection - HttpConnection@1e73e78a::DecryptedEndPoint@4abb3da{l=/127.0.0.1:33719,r=/127.0.0.1:51148,OPEN,fill=-,flush=-,to=47/30000} parse HeapByteBuffer@2f3b09c3[p=0,l=142,c=17408,r=142]={<<<GET / HTTP/1.1\r\nIf-None-M...gent: okhttp/3.12.3\r\n\r\n>>>0\x10\x06\x03U\x04\x03\x0c\t...\x00\x00\x00\x00\x00\x00\x00} {}
01:46:23.288 [qtp399373008-62] DEBUG org.eclipse.jetty.http.HttpParser - parseNext s=CONTENT HeapByteBuffer@2f3b09c3[p=0,l=142,c=17408,r=142]={<<<GET / HTTP/1.1\r\nIf-None-M...gent: okhttp/3.12.3\r\n\r\n>>>0\x10\x06\x03U\x04\x03\x0c\t...\x00\x00\x00\x00\x00\x00\x00}
01:46:23.288 [qtp399373008-62] DEBUG org.eclipse.jetty.http.HttpParser - CONTENT --> CONTENT_END
01:46:23.288 [qtp399373008-62] DEBUG org.eclipse.jetty.server.HttpChannel - onContentComplete HttpChannelOverHttp@4c30b7d2{s=HttpChannelState@4f7a6cde{s=IDLE rs=COMPLETED os=COMPLETED is=IDLE awp=false se=false i=false al=0},r=1,c=true/true,a=IDLE,uri=https://localhost:33719/,age=2}
01:46:23.288 [qtp399373008-62] DEBUG org.eclipse.jetty.http.HttpParser - CONTENT_END --> END
01:46:23.288 [qtp399373008-62] DEBUG org.eclipse.jetty.server.HttpChannel - onRequestComplete HttpChannelOverHttp@4c30b7d2{s=HttpChannelState@4f7a6cde{s=IDLE rs=COMPLETED os=COMPLETED is=IDLE awp=false se=false i=false al=0},r=1,c=true/true,a=IDLE,uri=https://localhost:33719/,age=2}
01:46:23.288 [qtp399373008-62] DEBUG org.eclipse.jetty.server.HttpInput - HttpInputOverHTTP@7407b5c0[c=0,q=0,[0]=null,s=STREAM] addContent EOF
01:46:23.288 [qtp399373008-62] DEBUG org.eclipse.jetty.server.HttpConnection - HttpConnection@1e73e78a::DecryptedEndPoint@4abb3da{l=/127.0.0.1:33719,r=/127.0.0.1:51148,OPEN,fill=-,flush=-,to=48/30000} parsed false HttpParser{s=END,0 of -1}
01:46:23.288 [qtp399373008-62] DEBUG org.eclipse.jetty.server.HttpChannelState - recycle HttpChannelState@4f7a6cde{s=IDLE rs=COMPLETED os=COMPLETED is=IDLE awp=false se=false i=false al=0}
01:46:23.288 [qtp399373008-62] DEBUG org.eclipse.jetty.http.HttpParser - reset HttpParser{s=END,0 of -1}
01:46:23.288 [qtp399373008-62] DEBUG org.eclipse.jetty.http.HttpParser - END --> START
01:46:23.288 [qtp399373008-62] DEBUG org.eclipse.jetty.server.HttpChannel - !handle TERMINATED HttpChannelOverHttp@4c30b7d2{s=HttpChannelState@4f7a6cde{s=IDLE rs=BLOCKING os=OPEN is=IDLE awp=false se=false i=true al=0},r=1,c=false/false,a=IDLE,uri=null,age=0}
01:46:23.288 [qtp399373008-62] DEBUG org.eclipse.jetty.server.HttpConnection - HttpConnection@1e73e78a::DecryptedEndPoint@4abb3da{l=/127.0.0.1:33719,r=/127.0.0.1:51148,OPEN,fill=-,flush=-,to=48/30000} parse HeapByteBuffer@2f3b09c3[p=0,l=142,c=17408,r=142]={<<<GET / HTTP/1.1\r\nIf-None-M...gent: okhttp/3.12.3\r\n\r\n>>>0\x10\x06\x03U\x04\x03\x0c\t...\x00\x00\x00\x00\x00\x00\x00} {}
01:46:23.288 [qtp399373008-62] DEBUG org.eclipse.jetty.http.HttpParser - parseNext s=START HeapByteBuffer@2f3b09c3[p=0,l=142,c=17408,r=142]={<<<GET / HTTP/1.1\r\nIf-None-M...gent: okhttp/3.12.3\r\n\r\n>>>0\x10\x06\x03U\x04\x03\x0c\t...\x00\x00\x00\x00\x00\x00\x00}
01:46:23.289 [qtp399373008-62] DEBUG org.eclipse.jetty.http.HttpParser - START --> SPACE1
01:46:23.289 [qtp399373008-62] DEBUG org.eclipse.jetty.http.HttpParser - SPACE1 --> URI
01:46:23.289 [qtp399373008-62] DEBUG org.eclipse.jetty.http.HttpParser - URI --> SPACE2
01:46:23.289 [qtp399373008-62] DEBUG org.eclipse.jetty.http.HttpParser - SPACE2 --> REQUEST_VERSION
01:46:23.289 [qtp399373008-62] DEBUG org.eclipse.jetty.http.HttpParser - REQUEST_VERSION --> HEADER
01:46:23.289 [qtp399373008-62] DEBUG org.eclipse.jetty.http.HttpParser - HEADER:If-None-Match --> VALUE
01:46:23.289 [qtp399373008-62] DEBUG org.eclipse.jetty.http.HttpParser - HEADER:If-None-Match --> IN_VALUE
01:46:23.289 [qtp399373008-62] DEBUG org.eclipse.jetty.http.HttpParser - HEADER:If-None-Match --> FIELD
01:46:23.289 [qtp399373008-62] DEBUG org.eclipse.jetty.http.HttpParser - HEADER:Host: localhost:33719 --> IN_VALUE
01:46:23.289 [qtp399373008-62] DEBUG org.eclipse.jetty.http.HttpParser - HEADER:Host: localhost:33719 --> FIELD
01:46:23.289 [qtp399373008-62] DEBUG org.eclipse.jetty.http.HttpParser - HEADER:Connection: keep-alive --> IN_VALUE
01:46:23.289 [qtp399373008-62] DEBUG org.eclipse.jetty.http.HttpParser - HEADER:Connection: keep-alive --> FIELD
01:46:23.289 [qtp399373008-62] DEBUG org.eclipse.jetty.http.HttpParser - HEADER:Accept-Encoding: gzip --> IN_VALUE
01:46:23.289 [qtp399373008-62] DEBUG org.eclipse.jetty.http.HttpParser - HEADER:Accept-Encoding: gzip --> FIELD
01:46:23.289 [qtp399373008-62] DEBUG org.eclipse.jetty.http.HttpParser - HEADER:User-Agent: okhttp/3.12.3 --> IN_VALUE
01:46:23.289 [qtp399373008-62] DEBUG org.eclipse.jetty.http.HttpParser - HEADER:User-Agent: okhttp/3.12.3 --> FIELD
01:46:23.289 [qtp399373008-62] DEBUG org.eclipse.jetty.http.HttpParser - HEADER --> CONTENT
01:46:23.289 [qtp399373008-62] DEBUG org.eclipse.jetty.server.HttpChannel - REQUEST for //localhost:33719/ on HttpChannelOverHttp@4c30b7d2{s=HttpChannelState@4f7a6cde{s=IDLE rs=BLOCKING os=OPEN is=IDLE awp=false se=false i=true al=0},r=2,c=false/false,a=IDLE,uri=//localhost:33719/,age=0}
GET //localhost:33719/ HTTP/1.1
If-None-Match: "testEtag"
Host: localhost:33719
Connection: keep-alive
Accept-Encoding: gzip
User-Agent: okhttp/3.12.3


01:46:23.289 [qtp399373008-62] DEBUG org.eclipse.jetty.server.HttpConnection - HttpConnection@1e73e78a::DecryptedEndPoint@4abb3da{l=/127.0.0.1:33719,r=/127.0.0.1:51148,OPEN,fill=-,flush=-,to=48/30000} parsed true HttpParser{s=CONTENT,0 of -1}
01:46:23.289 [qtp399373008-62] DEBUG org.eclipse.jetty.server.HttpConnection - releaseRequestBuffer HttpConnection@1e73e78a::DecryptedEndPoint@4abb3da{l=/127.0.0.1:33719,r=/127.0.0.1:51148,OPEN,fill=-,flush=-,to=48/30000}
01:46:23.289 [qtp399373008-62] DEBUG org.eclipse.jetty.server.HttpChannel - handle //localhost:33719/ HttpChannelOverHttp@4c30b7d2{s=HttpChannelState@4f7a6cde{s=IDLE rs=BLOCKING os=OPEN is=IDLE awp=false se=false i=true al=0},r=2,c=false/false,a=IDLE,uri=//localhost:33719/,age=0} 
01:46:23.289 [qtp399373008-62] DEBUG org.eclipse.jetty.server.HttpChannelState - handling HttpChannelState@4f7a6cde{s=IDLE rs=BLOCKING os=OPEN is=IDLE awp=false se=false i=true al=0}
01:46:23.289 [qtp399373008-62] DEBUG org.eclipse.jetty.server.HttpChannel - action DISPATCH HttpChannelOverHttp@4c30b7d2{s=HttpChannelState@4f7a6cde{s=HANDLING rs=BLOCKING os=OPEN is=IDLE awp=false se=false i=true al=0},r=2,c=false/false,a=HANDLING,uri=//localhost:33719/,age=0}
01:46:23.289 [qtp399373008-62] DEBUG org.eclipse.jetty.server.SecureRequestCustomizer - Host localhost with SNI null
01:46:23.289 [qtp399373008-62] DEBUG org.eclipse.jetty.server.Server - REQUEST GET / on HttpChannelOverHttp@4c30b7d2{s=HttpChannelState@4f7a6cde{s=HANDLING rs=BLOCKING os=OPEN is=IDLE awp=false se=false i=true al=0},r=2,c=false/false,a=HANDLING,uri=https://localhost:33719/,age=0}
01:46:23.289 [qtp399373008-62] DEBUG org.eclipse.jetty.server.Server - handled=true async=false committed=false on HttpChannelOverHttp@4c30b7d2{s=HttpChannelState@4f7a6cde{s=HANDLING rs=BLOCKING os=OPEN is=IDLE awp=false se=false i=true al=0},r=2,c=false/false,a=HANDLING,uri=https://localhost:33719/,age=0}
01:46:23.289 [qtp399373008-62] DEBUG org.eclipse.jetty.server.HttpChannelState - unhandle HttpChannelState@4f7a6cde{s=HANDLING rs=BLOCKING os=OPEN is=IDLE awp=false se=false i=true al=0}
01:46:23.289 [qtp399373008-62] DEBUG org.eclipse.jetty.server.HttpChannelState - nextAction(false) COMPLETE HttpChannelState@4f7a6cde{s=HANDLING rs=COMPLETING os=OPEN is=IDLE awp=false se=false i=false al=0}
01:46:23.289 [qtp399373008-62] DEBUG org.eclipse.jetty.server.HttpChannel - action COMPLETE HttpChannelOverHttp@4c30b7d2{s=HttpChannelState@4f7a6cde{s=HANDLING rs=COMPLETING os=OPEN is=IDLE awp=false se=false i=false al=0},r=2,c=false/false,a=HANDLING,uri=https://localhost:33719/,age=0}
01:46:23.289 [qtp399373008-62] DEBUG org.eclipse.jetty.io.ssl.SslConnection - >fill SslConnection@4b34d715::SocketChannelEndPoint@34bfe4b7{l=/127.0.0.1:33719,r=/127.0.0.1:51148,OPEN,fill=-,flush=-,to=1/30000}{io=0/0,kio=0,kro=1}->SslConnection@4b34d715{NOT_HANDSHAKING,eio=-1/-1,di=-1,fill=IDLE,flush=IDLE}~>DecryptedEndPoint@4abb3da{l=/127.0.0.1:33719,r=/127.0.0.1:51148,OPEN,fill=-,flush=-,to=48/30000}=>HttpConnection@1e73e78a[p=HttpParser{s=CONTENT,0 of -1},g=HttpGenerator@12d888ca{s=START}]=>HttpChannelOverHttp@4c30b7d2{s=HttpChannelState@4f7a6cde{s=HANDLING rs=COMPLETING os=OPEN is=IDLE awp=false se=false i=false al=0},r=2,c=false/false,a=HANDLING,uri=https://localhost:33719/,age=0}
01:46:23.289 [qtp399373008-62] DEBUG org.eclipse.jetty.io.ssl.SslConnection - fill NOT_HANDSHAKING
01:46:23.289 [qtp399373008-62] DEBUG org.eclipse.jetty.io.ChannelEndPoint - filled 0 HeapByteBuffer@21fcf254[p=0,l=0,c=17408,r=0]={<<<>>>\x17\x03\x03\x00\xAfGET ...\x00\x00\x00\x00\x00\x00\x00}
01:46:23.289 [qtp399373008-62] DEBUG org.eclipse.jetty.io.ssl.SslConnection - net filled=0
01:46:23.289 [qtp399373008-62] DEBUG org.eclipse.jetty.io.ssl.SslConnection - unwrap net_filled=0 Status = BUFFER_UNDERFLOW HandshakeStatus = NOT_HANDSHAKING bytesConsumed = 0 bytesProduced = 0 encryptedBuffer=[p=0,l=0,c=17408,r=0] unwrapBuffer=HeapByteBuffer@25c362b3[p=0,l=0,c=17408,r=0]={<<<>>>GET / HTT...\x00\x00\x00\x00\x00\x00\x00} appBuffer=HeapByteBuffer@25c362b3[p=0,l=0,c=17408,r=0]={<<<>>>GET / HTT...\x00\x00\x00\x00\x00\x00\x00}
01:46:23.289 [qtp399373008-62] DEBUG org.eclipse.jetty.io.ssl.SslConnection - <fill f=0 uf=true SslConnection@4b34d715::SocketChannelEndPoint@34bfe4b7{l=/127.0.0.1:33719,r=/127.0.0.1:51148,OPEN,fill=-,flush=-,to=1/30000}{io=0/0,kio=0,kro=1}->SslConnection@4b34d715{NOT_HANDSHAKING,eio=-1/-1,di=-1,fill=IDLE,flush=IDLE}~>DecryptedEndPoint@4abb3da{l=/127.0.0.1:33719,r=/127.0.0.1:51148,OPEN,fill=-,flush=-,to=49/30000}=>HttpConnection@1e73e78a[p=HttpParser{s=CONTENT,0 of -1},g=HttpGenerator@12d888ca{s=START}]=>HttpChannelOverHttp@4c30b7d2{s=HttpChannelState@4f7a6cde{s=HANDLING rs=COMPLETING os=OPEN is=IDLE awp=false se=false i=false al=0},r=2,c=false/false,a=HANDLING,uri=https://localhost:33719/,age=0}
01:46:23.289 [qtp399373008-62] DEBUG org.eclipse.jetty.io.ssl.SslConnection - >fill SslConnection@4b34d715::SocketChannelEndPoint@34bfe4b7{l=/127.0.0.1:33719,r=/127.0.0.1:51148,OPEN,fill=-,flush=-,to=1/30000}{io=0/0,kio=0,kro=1}->SslConnection@4b34d715{NOT_HANDSHAKING,eio=-1/-1,di=-1,fill=IDLE,flush=IDLE}~>DecryptedEndPoint@4abb3da{l=/127.0.0.1:33719,r=/127.0.0.1:51148,OPEN,fill=-,flush=-,to=49/30000}=>HttpConnection@1e73e78a[p=HttpParser{s=CONTENT,0 of -1},g=HttpGenerator@12d888ca{s=START}]=>HttpChannelOverHttp@4c30b7d2{s=HttpChannelState@4f7a6cde{s=HANDLING rs=COMPLETING os=OPEN is=IDLE awp=false se=false i=false al=0},r=2,c=false/false,a=HANDLING,uri=https://localhost:33719/,age=0}
01:46:23.289 [qtp399373008-62] DEBUG org.eclipse.jetty.io.ssl.SslConnection - fill NOT_HANDSHAKING
01:46:23.289 [qtp399373008-62] DEBUG org.eclipse.jetty.io.ChannelEndPoint - filled 0 HeapByteBuffer@2f3b09c3[p=0,l=0,c=17408,r=0]={<<<>>>GET / HTT...\x00\x00\x00\x00\x00\x00\x00}
01:46:23.289 [qtp399373008-62] DEBUG org.eclipse.jetty.io.ssl.SslConnection - net filled=0
01:46:23.290 [qtp399373008-62] DEBUG org.eclipse.jetty.io.ssl.SslConnection - unwrap net_filled=0 Status = BUFFER_UNDERFLOW HandshakeStatus = NOT_HANDSHAKING bytesConsumed = 0 bytesProduced = 0 encryptedBuffer=[p=0,l=0,c=17408,r=0] unwrapBuffer=HeapByteBuffer@25c362b3[p=0,l=0,c=17408,r=0]={<<<>>>GET / HTT...\x00\x00\x00\x00\x00\x00\x00} appBuffer=HeapByteBuffer@25c362b3[p=0,l=0,c=17408,r=0]={<<<>>>GET / HTT...\x00\x00\x00\x00\x00\x00\x00}
01:46:23.290 [qtp399373008-62] DEBUG org.eclipse.jetty.io.ssl.SslConnection - <fill f=0 uf=true SslConnection@4b34d715::SocketChannelEndPoint@34bfe4b7{l=/127.0.0.1:33719,r=/127.0.0.1:51148,OPEN,fill=-,flush=-,to=1/30000}{io=0/0,kio=0,kro=1}->SslConnection@4b34d715{NOT_HANDSHAKING,eio=-1/-1,di=-1,fill=IDLE,flush=IDLE}~>DecryptedEndPoint@4abb3da{l=/127.0.0.1:33719,r=/127.0.0.1:51148,OPEN,fill=-,flush=-,to=49/30000}=>HttpConnection@1e73e78a[p=HttpParser{s=CONTENT,0 of -1},g=HttpGenerator@12d888ca{s=START}]=>HttpChannelOverHttp@4c30b7d2{s=HttpChannelState@4f7a6cde{s=HANDLING rs=COMPLETING os=OPEN is=IDLE awp=false se=false i=false al=0},r=2,c=false/false,a=HANDLING,uri=https://localhost:33719/,age=1}
01:46:23.290 [qtp399373008-62] DEBUG org.eclipse.jetty.server.HttpConnection - HttpConnection@1e73e78a::DecryptedEndPoint@4abb3da{l=/127.0.0.1:33719,r=/127.0.0.1:51148,OPEN,fill=-,flush=-,to=49/30000} filled 0 HeapByteBuffer@25c362b3[p=0,l=0,c=17408,r=0]={<<<>>>GET / HTT...\x00\x00\x00\x00\x00\x00\x00}
01:46:23.290 [qtp399373008-62] DEBUG org.eclipse.jetty.server.HttpConnection - HttpConnection@1e73e78a::DecryptedEndPoint@4abb3da{l=/127.0.0.1:33719,r=/127.0.0.1:51148,OPEN,fill=-,flush=-,to=49/30000} parse HeapByteBuffer@25c362b3[p=0,l=0,c=17408,r=0]={<<<>>>GET / HTT...\x00\x00\x00\x00\x00\x00\x00} {}
01:46:23.290 [qtp399373008-62] DEBUG org.eclipse.jetty.http.HttpParser - parseNext s=CONTENT HeapByteBuffer@25c362b3[p=0,l=0,c=17408,r=0]={<<<>>>GET / HTT...\x00\x00\x00\x00\x00\x00\x00}
01:46:23.290 [qtp399373008-62] DEBUG org.eclipse.jetty.http.HttpParser - CONTENT --> CONTENT_END
01:46:23.290 [qtp399373008-62] DEBUG org.eclipse.jetty.server.HttpChannel - onContentComplete HttpChannelOverHttp@4c30b7d2{s=HttpChannelState@4f7a6cde{s=HANDLING rs=COMPLETING os=OPEN is=IDLE awp=false se=false i=false al=0},r=2,c=false/false,a=HANDLING,uri=https://localhost:33719/,age=1}
01:46:23.290 [qtp399373008-62] DEBUG org.eclipse.jetty.http.HttpParser - CONTENT_END --> END
01:46:23.290 [qtp399373008-62] DEBUG org.eclipse.jetty.server.HttpChannel - onRequestComplete HttpChannelOverHttp@4c30b7d2{s=HttpChannelState@4f7a6cde{s=HANDLING rs=COMPLETING os=OPEN is=IDLE awp=false se=false i=false al=0},r=2,c=false/false,a=HANDLING,uri=https://localhost:33719/,age=1}
01:46:23.290 [qtp399373008-62] DEBUG org.eclipse.jetty.server.HttpInput - HttpInputOverHTTP@7407b5c0[c=0,q=0,[0]=null,s=STREAM] addContent EOF
01:46:23.290 [qtp399373008-62] DEBUG org.eclipse.jetty.server.HttpConnection - HttpConnection@1e73e78a::DecryptedEndPoint@4abb3da{l=/127.0.0.1:33719,r=/127.0.0.1:51148,OPEN,fill=-,flush=-,to=49/30000} parsed false HttpParser{s=END,0 of -1}
01:46:23.290 [qtp399373008-62] DEBUG org.eclipse.jetty.server.HttpConnection - releaseRequestBuffer HttpConnection@1e73e78a::DecryptedEndPoint@4abb3da{l=/127.0.0.1:33719,r=/127.0.0.1:51148,OPEN,fill=-,flush=-,to=49/30000}
01:46:23.290 [qtp399373008-62] DEBUG org.eclipse.jetty.server.HttpOutput - complete(org.eclipse.jetty.util.Callback$3@4a07b67) s=CLOSING,api=BLOCKED,sc=false,e=null s=false e=null, c=HeapByteBuffer@98da274[p=0,l=0,c=0,r=0]={<<<>>>}
01:46:23.290 [qtp399373008-62] DEBUG org.eclipse.jetty.server.HttpChannel - sendResponse info=null content=HeapByteBuffer@98da274[p=0,l=0,c=0,r=0]={<<<>>>} complete=true committing=true callback=org.eclipse.jetty.server.HttpOutput$WriteCompleteCB@105ee8aa
01:46:23.290 [qtp399373008-62] DEBUG org.eclipse.jetty.server.HttpChannel - COMMIT for / on HttpChannelOverHttp@4c30b7d2{s=HttpChannelState@4f7a6cde{s=HANDLING rs=COMPLETING os=COMMITTED is=IDLE awp=false se=false i=false al=0},r=2,c=false/false,a=HANDLING,uri=https://localhost:33719/,age=1}
304 null HTTP/1.1
Date: Thu, 02 May 2024 00:46:23 GMT
ETag: testEtag


01:46:23.290 [qtp399373008-62] DEBUG org.eclipse.jetty.server.HttpConnection - generate: NEED_HEADER for SendCallback@6f03982f[PROCESSING][i=HTTP/1.1{s=304,h=2,cl=-1},cb=org.eclipse.jetty.server.HttpChannel$SendCallback@2364ac97] (null,[p=0,l=0,c=0,r=0],true)@START
01:46:23.290 [qtp399373008-62] DEBUG org.eclipse.jetty.http.HttpGenerator - generateHeaders HTTP/1.1{s=304,h=2,cl=-1} last=true content=HeapByteBuffer@98da274[p=0,l=0,c=0,r=0]={<<<>>>}
01:46:23.290 [qtp399373008-62] DEBUG org.eclipse.jetty.http.HttpGenerator - Date: Thu, 02 May 2024 00:46:23 GMT
ETag: testEtag


01:46:23.290 [qtp399373008-62] DEBUG org.eclipse.jetty.http.HttpGenerator - NO_CONTENT
01:46:23.290 [qtp399373008-62] DEBUG org.eclipse.jetty.server.HttpConnection - generate: FLUSH for SendCallback@6f03982f[PROCESSING][i=HTTP/1.1{s=304,h=2,cl=-1},cb=org.eclipse.jetty.server.HttpChannel$SendCallback@2364ac97] ([p=0,l=115,c=8192,r=115],[p=0,l=0,c=0,r=0],true)@COMPLETING
01:46:23.290 [qtp399373008-62] DEBUG org.eclipse.jetty.io.WriteFlusher - write: WriteFlusher@ba3e930{IDLE}->null [HeapByteBuffer@eac4508[p=0,l=115,c=8192,r=115]={<<<HTTP/1.1 304 Not Modified...y(9.4.44.v20210927)\r\n\r\n>>>nt-Length...\x00\x00\x00\x00\x00\x00\x00}]
01:46:23.290 [qtp399373008-62] DEBUG org.eclipse.jetty.io.WriteFlusher - update WriteFlusher@ba3e930{WRITING}->null:IDLE-->WRITING
01:46:23.290 [qtp399373008-62] DEBUG org.eclipse.jetty.io.ssl.SslConnection - >flush SslConnection@4b34d715::SocketChannelEndPoint@34bfe4b7{l=/127.0.0.1:33719,r=/127.0.0.1:51148,OPEN,fill=-,flush=-,to=2/30000}{io=0/0,kio=0,kro=1}->SslConnection@4b34d715{NOT_HANDSHAKING,eio=-1/-1,di=-1,fill=IDLE,flush=IDLE}~>DecryptedEndPoint@4abb3da{l=/127.0.0.1:33719,r=/127.0.0.1:51148,OPEN,fill=-,flush=W,to=50/30000}=>HttpConnection@1e73e78a[p=HttpParser{s=END,0 of -1},g=HttpGenerator@12d888ca{s=COMPLETING}]=>HttpChannelOverHttp@4c30b7d2{s=HttpChannelState@4f7a6cde{s=HANDLING rs=COMPLETING os=COMMITTED is=IDLE awp=false se=false i=false al=0},r=2,c=false/false,a=HANDLING,uri=https://localhost:33719/,age=1}
01:46:23.290 [qtp399373008-62] DEBUG org.eclipse.jetty.io.ssl.SslConnection - flush b[0]=HeapByteBuffer@eac4508[p=0,l=115,c=8192,r=115]={<<<HTTP/1.1 304 Not Modified...y(9.4.44.v20210927)\r\n\r\n>>>nt-Length...\x00\x00\x00\x00\x00\x00\x00}
01:46:23.290 [qtp399373008-62] DEBUG org.eclipse.jetty.io.ssl.SslConnection - flush NOT_HANDSHAKING
01:46:23.291 [qtp399373008-62] DEBUG org.eclipse.jetty.io.ssl.SslConnection - wrap Status = OK HandshakeStatus = NOT_HANDSHAKING bytesConsumed = 115 bytesProduced = 153 [p=0,l=153,c=17408,r=153] ioDone=false/false
01:46:23.291 [qtp399373008-62] DEBUG org.eclipse.jetty.io.ChannelEndPoint - flushed 153 SocketChannelEndPoint@34bfe4b7{l=/127.0.0.1:33719,r=/127.0.0.1:51148,OPEN,fill=-,flush=-,to=2/30000}{io=0/0,kio=0,kro=1}->SslConnection@4b34d715{NOT_HANDSHAKING,eio=-1/0,di=-1,fill=IDLE,flush=IDLE}~>DecryptedEndPoint@4abb3da{l=/127.0.0.1:33719,r=/127.0.0.1:51148,OPEN,fill=-,flush=W,to=50/30000}=>HttpConnection@1e73e78a[p=HttpParser{s=END,0 of -1},g=HttpGenerator@12d888ca{s=COMPLETING}]=>HttpChannelOverHttp@4c30b7d2{s=HttpChannelState@4f7a6cde{s=HANDLING rs=COMPLETING os=COMMITTED is=IDLE awp=false se=false i=false al=0},r=2,c=false/false,a=HANDLING,uri=https://localhost:33719/,age=2}
01:46:23.291 [qtp399373008-62] DEBUG org.eclipse.jetty.io.ssl.SslConnection - net flushed=true, ac=true
01:46:23.291 [qtp399373008-62] DEBUG org.eclipse.jetty.io.ssl.SslConnection - <flush true SslConnection@4b34d715::SocketChannelEndPoint@34bfe4b7{l=/127.0.0.1:33719,r=/127.0.0.1:51148,OPEN,fill=-,flush=-,to=0/30000}{io=0/0,kio=0,kro=1}->SslConnection@4b34d715{NOT_HANDSHAKING,eio=-1/-1,di=-1,fill=IDLE,flush=IDLE}~>DecryptedEndPoint@4abb3da{l=/127.0.0.1:33719,r=/127.0.0.1:51148,OPEN,fill=-,flush=W,to=50/30000}=>HttpConnection@1e73e78a[p=HttpParser{s=END,0 of -1},g=HttpGenerator@12d888ca{s=COMPLETING}]=>HttpChannelOverHttp@4c30b7d2{s=HttpChannelState@4f7a6cde{s=HANDLING rs=COMPLETING os=COMMITTED is=IDLE awp=false se=false i=false al=0},r=2,c=false/false,a=HANDLING,uri=https://localhost:33719/,age=2}
01:46:23.291 [qtp399373008-62] DEBUG org.eclipse.jetty.io.WriteFlusher - Flushed=true written=115 remaining=0 WriteFlusher@ba3e930{WRITING}->null
01:46:23.291 [qtp399373008-62] DEBUG org.eclipse.jetty.io.WriteFlusher - update WriteFlusher@ba3e930{IDLE}->null:WRITING-->IDLE
01:46:23.291 [qtp399373008-62] DEBUG org.eclipse.jetty.server.HttpConnection - generate: DONE for SendCallback@6f03982f[PROCESSING][i=HTTP/1.1{s=304,h=2,cl=-1},cb=org.eclipse.jetty.server.HttpChannel$SendCallback@2364ac97] ([p=115,l=115,c=8192,r=0],[p=0,l=0,c=0,r=0],true)@END
01:46:23.291 [main] DEBUG org.apache.nifi.minifi.bootstrap.configuration.ingestors.PullHttpChangeIngestor - Response received: Response{protocol=http/1.1, code=304, message=Not Modified, url=https://localhost:33719/}
01:46:23.291 [qtp399373008-62] DEBUG org.eclipse.jetty.server.HttpOutput - onWriteComplete(true,null) s=CLOSING,api=BLOCKED,sc=false,e=null->s=CLOSED,api=BLOCKING,sc=false,e=null c=null cb=org.eclipse.jetty.util.Callback$3@4a07b67 w=false
01:46:23.291 [qtp399373008-62] DEBUG org.eclipse.jetty.server.HttpChannelState - completed HttpChannelState@4f7a6cde{s=HANDLING rs=COMPLETING os=COMPLETED is=IDLE awp=false se=false i=false al=0}
01:46:23.291 [qtp399373008-62] DEBUG org.eclipse.jetty.server.HttpChannelState - unhandle HttpChannelState@4f7a6cde{s=HANDLING rs=COMPLETED os=COMPLETED is=IDLE awp=false se=false i=false al=0}
01:46:23.291 [qtp399373008-62] DEBUG org.eclipse.jetty.server.HttpChannelState - nextAction(false) TERMINATED HttpChannelState@4f7a6cde{s=IDLE rs=COMPLETED os=COMPLETED is=IDLE awp=false se=false i=false al=0}
01:46:23.291 [qtp399373008-62] DEBUG org.eclipse.jetty.server.HttpChannel - action TERMINATED HttpChannelOverHttp@4c30b7d2{s=HttpChannelState@4f7a6cde{s=IDLE rs=COMPLETED os=COMPLETED is=IDLE awp=false se=false i=false al=0},r=2,c=true/true,a=IDLE,uri=https://localhost:33719/,age=2}
01:46:23.291 [qtp399373008-62] DEBUG org.eclipse.jetty.server.HttpChannel - onCompleted for / written=0
01:46:23.291 [qtp399373008-62] DEBUG org.eclipse.jetty.server.HttpChannelState - recycle HttpChannelState@4f7a6cde{s=IDLE rs=COMPLETED os=COMPLETED is=IDLE awp=false se=false i=false al=0}
01:46:23.291 [qtp399373008-62] DEBUG org.eclipse.jetty.http.HttpParser - reset HttpParser{s=END,0 of -1}
01:46:23.291 [qtp399373008-62] DEBUG org.eclipse.jetty.http.HttpParser - END --> START
01:46:23.291 [qtp399373008-62] DEBUG org.eclipse.jetty.server.HttpChannel - !handle TERMINATED HttpChannelOverHttp@4c30b7d2{s=HttpChannelState@4f7a6cde{s=IDLE rs=BLOCKING os=OPEN is=IDLE awp=false se=false i=true al=0},r=2,c=false/false,a=IDLE,uri=null,age=0}
01:46:23.291 [qtp399373008-62] DEBUG org.eclipse.jetty.io.ssl.SslConnection - >fill SslConnection@4b34d715::SocketChannelEndPoint@34bfe4b7{l=/127.0.0.1:33719,r=/127.0.0.1:51148,OPEN,fill=-,flush=-,to=0/30000}{io=0/0,kio=0,kro=1}->SslConnection@4b34d715{NOT_HANDSHAKING,eio=-1/-1,di=-1,fill=IDLE,flush=IDLE}~>DecryptedEndPoint@4abb3da{l=/127.0.0.1:33719,r=/127.0.0.1:51148,OPEN,fill=-,flush=-,to=50/30000}=>HttpConnection@1e73e78a[p=HttpParser{s=START,0 of -1},g=HttpGenerator@12d888ca{s=START}]=>HttpChannelOverHttp@4c30b7d2{s=HttpChannelState@4f7a6cde{s=IDLE rs=BLOCKING os=OPEN is=IDLE awp=false se=false i=true al=0},r=2,c=false/false,a=IDLE,uri=null,age=0}
]]></system-out>
  </testcase>
  <testcase name="testNewUpdate" classname="org.apache.nifi.minifi.bootstrap.configuration.ingestors.PullHttpChangeIngestorSSLTest" time="0.068">
    <system-out><![CDATA[01:46:23.291 [qtp399373008-62] DEBUG org.eclipse.jetty.io.ssl.SslConnection - fill NOT_HANDSHAKING
01:46:23.291 [qtp399373008-62] DEBUG org.eclipse.jetty.io.ChannelEndPoint - filled 0 HeapByteBuffer@25c362b3[p=0,l=0,c=17408,r=0]={<<<>>>GET / HTT...\x00\x00\x00\x00\x00\x00\x00}
01:46:23.291 [qtp399373008-62] DEBUG org.eclipse.jetty.io.ssl.SslConnection - net filled=0
01:46:23.291 [qtp399373008-62] DEBUG org.eclipse.jetty.io.ssl.SslConnection - unwrap net_filled=0 Status = BUFFER_UNDERFLOW HandshakeStatus = NOT_HANDSHAKING bytesConsumed = 0 bytesProduced = 0 encryptedBuffer=[p=0,l=0,c=17408,r=0] unwrapBuffer=HeapByteBuffer@2f3b09c3[p=0,l=0,c=17408,r=0]={<<<>>>GET / HTT...\x00\x00\x00\x00\x00\x00\x00} appBuffer=HeapByteBuffer@2f3b09c3[p=0,l=0,c=17408,r=0]={<<<>>>GET / HTT...\x00\x00\x00\x00\x00\x00\x00}
01:46:23.291 [qtp399373008-62] DEBUG org.eclipse.jetty.io.ssl.SslConnection - <fill f=0 uf=true SslConnection@4b34d715::SocketChannelEndPoint@34bfe4b7{l=/127.0.0.1:33719,r=/127.0.0.1:51148,OPEN,fill=-,flush=-,to=0/30000}{io=0/0,kio=0,kro=1}->SslConnection@4b34d715{NOT_HANDSHAKING,eio=-1/-1,di=-1,fill=IDLE,flush=IDLE}~>DecryptedEndPoint@4abb3da{l=/127.0.0.1:33719,r=/127.0.0.1:51148,OPEN,fill=-,flush=-,to=51/30000}=>HttpConnection@1e73e78a[p=HttpParser{s=START,0 of -1},g=HttpGenerator@12d888ca{s=START}]=>HttpChannelOverHttp@4c30b7d2{s=HttpChannelState@4f7a6cde{s=IDLE rs=BLOCKING os=OPEN is=IDLE awp=false se=false i=true al=0},r=2,c=false/false,a=IDLE,uri=null,age=0}
01:46:23.292 [qtp399373008-62] DEBUG org.eclipse.jetty.io.ssl.SslConnection - >fill SslConnection@4b34d715::SocketChannelEndPoint@34bfe4b7{l=/127.0.0.1:33719,r=/127.0.0.1:51148,OPEN,fill=-,flush=-,to=0/30000}{io=0/0,kio=0,kro=1}->SslConnection@4b34d715{NOT_HANDSHAKING,eio=-1/-1,di=-1,fill=IDLE,flush=IDLE}~>DecryptedEndPoint@4abb3da{l=/127.0.0.1:33719,r=/127.0.0.1:51148,OPEN,fill=-,flush=-,to=51/30000}=>HttpConnection@1e73e78a[p=HttpParser{s=START,0 of -1},g=HttpGenerator@12d888ca{s=START}]=>HttpChannelOverHttp@4c30b7d2{s=HttpChannelState@4f7a6cde{s=IDLE rs=BLOCKING os=OPEN is=IDLE awp=false se=false i=true al=0},r=2,c=false/false,a=IDLE,uri=null,age=0}
01:46:23.292 [qtp399373008-62] DEBUG org.eclipse.jetty.io.ssl.SslConnection - fill NOT_HANDSHAKING
01:46:23.292 [qtp399373008-62] DEBUG org.eclipse.jetty.io.ChannelEndPoint - filled 0 HeapByteBuffer@21fcf254[p=0,l=0,c=17408,r=0]={<<<>>>\x17\x03\x03\x00\x94*\x08\xFdr...\x00\x00\x00\x00\x00\x00\x00}
01:46:23.292 [qtp399373008-62] DEBUG org.eclipse.jetty.io.ssl.SslConnection - net filled=0
01:46:23.292 [qtp399373008-62] DEBUG org.eclipse.jetty.io.ssl.SslConnection - unwrap net_filled=0 Status = BUFFER_UNDERFLOW HandshakeStatus = NOT_HANDSHAKING bytesConsumed = 0 bytesProduced = 0 encryptedBuffer=[p=0,l=0,c=17408,r=0] unwrapBuffer=HeapByteBuffer@2f3b09c3[p=0,l=0,c=17408,r=0]={<<<>>>GET / HTT...\x00\x00\x00\x00\x00\x00\x00} appBuffer=HeapByteBuffer@2f3b09c3[p=0,l=0,c=17408,r=0]={<<<>>>GET / HTT...\x00\x00\x00\x00\x00\x00\x00}
01:46:23.292 [qtp399373008-62] DEBUG org.eclipse.jetty.io.ssl.SslConnection - <fill f=0 uf=true SslConnection@4b34d715::SocketChannelEndPoint@34bfe4b7{l=/127.0.0.1:33719,r=/127.0.0.1:51148,OPEN,fill=-,flush=-,to=1/30000}{io=0/0,kio=0,kro=1}->SslConnection@4b34d715{NOT_HANDSHAKING,eio=-1/-1,di=-1,fill=IDLE,flush=IDLE}~>DecryptedEndPoint@4abb3da{l=/127.0.0.1:33719,r=/127.0.0.1:51148,OPEN,fill=-,flush=-,to=51/30000}=>HttpConnection@1e73e78a[p=HttpParser{s=START,0 of -1},g=HttpGenerator@12d888ca{s=START}]=>HttpChannelOverHttp@4c30b7d2{s=HttpChannelState@4f7a6cde{s=IDLE rs=BLOCKING os=OPEN is=IDLE awp=false se=false i=true al=0},r=2,c=false/false,a=IDLE,uri=null,age=0}
01:46:23.292 [qtp399373008-62] DEBUG org.eclipse.jetty.server.HttpConnection - HttpConnection@1e73e78a::DecryptedEndPoint@4abb3da{l=/127.0.0.1:33719,r=/127.0.0.1:51148,OPEN,fill=-,flush=-,to=51/30000} filled 0 HeapByteBuffer@2f3b09c3[p=0,l=0,c=17408,r=0]={<<<>>>GET / HTT...\x00\x00\x00\x00\x00\x00\x00}
01:46:23.292 [qtp399373008-62] DEBUG org.eclipse.jetty.server.HttpConnection - HttpConnection@1e73e78a::DecryptedEndPoint@4abb3da{l=/127.0.0.1:33719,r=/127.0.0.1:51148,OPEN,fill=-,flush=-,to=51/30000} parse HeapByteBuffer@2f3b09c3[p=0,l=0,c=17408,r=0]={<<<>>>GET / HTT...\x00\x00\x00\x00\x00\x00\x00} {}
01:46:23.292 [qtp399373008-62] DEBUG org.eclipse.jetty.http.HttpParser - parseNext s=START HeapByteBuffer@2f3b09c3[p=0,l=0,c=17408,r=0]={<<<>>>GET / HTT...\x00\x00\x00\x00\x00\x00\x00}
01:46:23.292 [qtp399373008-62] DEBUG org.eclipse.jetty.server.HttpConnection - HttpConnection@1e73e78a::DecryptedEndPoint@4abb3da{l=/127.0.0.1:33719,r=/127.0.0.1:51148,OPEN,fill=-,flush=-,to=51/30000} parsed false HttpParser{s=START,0 of -1}
01:46:23.292 [qtp399373008-62] DEBUG org.eclipse.jetty.server.HttpConnection - releaseRequestBuffer HttpConnection@1e73e78a::DecryptedEndPoint@4abb3da{l=/127.0.0.1:33719,r=/127.0.0.1:51148,OPEN,fill=-,flush=-,to=51/30000}
01:46:23.292 [qtp399373008-62] DEBUG org.eclipse.jetty.io.AbstractConnection - fillInterested HttpConnection@1e73e78a::DecryptedEndPoint@4abb3da{l=/127.0.0.1:33719,r=/127.0.0.1:51148,OPEN,fill=-,flush=-,to=51/30000}
01:46:23.292 [qtp399373008-62] DEBUG org.eclipse.jetty.io.FillInterest - interested FillInterest@139662ac{AC.ReadCB@1e73e78a{HttpConnection@1e73e78a::DecryptedEndPoint@4abb3da{l=/127.0.0.1:33719,r=/127.0.0.1:51148,OPEN,fill=FI,flush=-,to=0/30000}}}
01:46:23.292 [qtp399373008-62] DEBUG org.eclipse.jetty.io.ssl.SslConnection - >needFillInterest s=IDLE/IDLE uf=true ei=null di=null SslConnection@4b34d715::SocketChannelEndPoint@34bfe4b7{l=/127.0.0.1:33719,r=/127.0.0.1:51148,OPEN,fill=-,flush=-,to=1/30000}{io=0/0,kio=0,kro=1}->SslConnection@4b34d715{NOT_HANDSHAKING,eio=-1/-1,di=-1,fill=IDLE,flush=IDLE}~>DecryptedEndPoint@4abb3da{l=/127.0.0.1:33719,r=/127.0.0.1:51148,OPEN,fill=FI,flush=-,to=0/30000}=>HttpConnection@1e73e78a[p=HttpParser{s=START,0 of -1},g=HttpGenerator@12d888ca{s=START}]=>HttpChannelOverHttp@4c30b7d2{s=HttpChannelState@4f7a6cde{s=IDLE rs=BLOCKING os=OPEN is=IDLE awp=false se=false i=true al=0},r=2,c=false/false,a=IDLE,uri=null,age=0}
01:46:23.292 [qtp399373008-62] DEBUG org.eclipse.jetty.io.ssl.SslConnection - <needFillInterest s=IDLE/INTERESTED f=false i=true w=null
01:46:23.292 [qtp399373008-62] DEBUG org.eclipse.jetty.io.ssl.SslConnection - ensureFillInterested SslConnection@4b34d715::SocketChannelEndPoint@34bfe4b7{l=/127.0.0.1:33719,r=/127.0.0.1:51148,OPEN,fill=-,flush=-,to=1/30000}{io=0/0,kio=0,kro=1}->SslConnection@4b34d715{NOT_HANDSHAKING,eio=-1/-1,di=-1,fill=INTERESTED,flush=IDLE}~>DecryptedEndPoint@4abb3da{l=/127.0.0.1:33719,r=/127.0.0.1:51148,OPEN,fill=FI,flush=-,to=0/30000}=>HttpConnection@1e73e78a[p=HttpParser{s=START,0 of -1},g=HttpGenerator@12d888ca{s=START}]=>HttpChannelOverHttp@4c30b7d2{s=HttpChannelState@4f7a6cde{s=IDLE rs=BLOCKING os=OPEN is=IDLE awp=false se=false i=true al=0},r=2,c=false/false,a=IDLE,uri=null,age=0}
01:46:23.292 [qtp399373008-62] DEBUG org.eclipse.jetty.io.FillInterest - interested FillInterest@66ba7cba{SSLC.NBReadCB@4b34d715{SslConnection@4b34d715::SocketChannelEndPoint@34bfe4b7{l=/127.0.0.1:33719,r=/127.0.0.1:51148,OPEN,fill=FI,flush=-,to=0/30000}{io=0/0,kio=0,kro=1}->SslConnection@4b34d715{NOT_HANDSHAKING,eio=-1/-1,di=-1,fill=INTERESTED,flush=IDLE}~>DecryptedEndPoint@4abb3da{l=/127.0.0.1:33719,r=/127.0.0.1:51148,OPEN,fill=FI,flush=-,to=0/30000}=>HttpConnection@1e73e78a[p=HttpParser{s=START,0 of -1},g=HttpGenerator@12d888ca{s=START}]=>HttpChannelOverHttp@4c30b7d2{s=HttpChannelState@4f7a6cde{s=IDLE rs=BLOCKING os=OPEN is=IDLE awp=false se=false i=true al=0},r=2,c=false/false,a=IDLE,uri=null,age=0}}}
01:46:23.292 [qtp399373008-62] DEBUG org.eclipse.jetty.io.ChannelEndPoint - changeInterests p=false 0->1 for SocketChannelEndPoint@34bfe4b7{l=/127.0.0.1:33719,r=/127.0.0.1:51148,OPEN,fill=FI,flush=-,to=0/30000}{io=0/1,kio=0,kro=1}->SslConnection@4b34d715{NOT_HANDSHAKING,eio=-1/-1,di=-1,fill=INTERESTED,flush=IDLE}~>DecryptedEndPoint@4abb3da{l=/127.0.0.1:33719,r=/127.0.0.1:51148,OPEN,fill=FI,flush=-,to=0/30000}=>HttpConnection@1e73e78a[p=HttpParser{s=START,0 of -1},g=HttpGenerator@12d888ca{s=START}]=>HttpChannelOverHttp@4c30b7d2{s=HttpChannelState@4f7a6cde{s=IDLE rs=BLOCKING os=OPEN is=IDLE awp=false se=false i=true al=0},r=2,c=false/false,a=IDLE,uri=null,age=0}
01:46:23.292 [qtp399373008-62] DEBUG org.eclipse.jetty.io.ManagedSelector - Queued change lazy=false org.eclipse.jetty.io.ChannelEndPoint$$Lambda$255/981852870@bdb8307 on ManagedSelector@47a86fbb{STARTED} id=2 keys=1 selected=0 updates=0
01:46:23.292 [qtp399373008-62] DEBUG org.eclipse.jetty.io.ManagedSelector - Wakeup on submit ManagedSelector@47a86fbb{STARTED} id=2 keys=1 selected=0 updates=1
01:46:23.292 [qtp399373008-62] DEBUG org.eclipse.jetty.server.HttpConnection - HttpConnection@1e73e78a::DecryptedEndPoint@4abb3da{l=/127.0.0.1:33719,r=/127.0.0.1:51148,OPEN,fill=FI,flush=-,to=0/30000} onFillable exit HttpChannelState@4f7a6cde{s=IDLE rs=BLOCKING os=OPEN is=IDLE awp=false se=false i=true al=0} null
01:46:23.292 [qtp399373008-61] DEBUG org.eclipse.jetty.io.ManagedSelector - Selector sun.nio.ch.EPollSelectorImpl@ecff91a woken with none selected
01:46:23.292 [qtp399373008-61] DEBUG org.eclipse.jetty.io.ManagedSelector - Selector sun.nio.ch.EPollSelectorImpl@ecff91a woken up from select, 0/0/1 selected
01:46:23.292 [qtp399373008-61] DEBUG org.eclipse.jetty.io.ManagedSelector - Selector sun.nio.ch.EPollSelectorImpl@ecff91a processing 0 keys, 1 updates
01:46:23.293 [qtp399373008-61] DEBUG org.eclipse.jetty.io.ManagedSelector - updateable 1
01:46:23.293 [qtp399373008-62] DEBUG org.eclipse.jetty.io.ssl.SslConnection - <c.onFillable SslConnection@4b34d715::SocketChannelEndPoint@34bfe4b7{l=/127.0.0.1:33719,r=/127.0.0.1:51148,OPEN,fill=FI,flush=-,to=0/30000}{io=0/1,kio=0,kro=1}->SslConnection@4b34d715{NOT_HANDSHAKING,eio=-1/-1,di=-1,fill=INTERESTED,flush=IDLE}~>DecryptedEndPoint@4abb3da{l=/127.0.0.1:33719,r=/127.0.0.1:51148,OPEN,fill=FI,flush=-,to=0/30000}=>HttpConnection@1e73e78a[p=HttpParser{s=START,0 of -1},g=HttpGenerator@12d888ca{s=START}]=>HttpChannelOverHttp@4c30b7d2{s=HttpChannelState@4f7a6cde{s=IDLE rs=BLOCKING os=OPEN is=IDLE awp=false se=false i=true al=0},r=2,c=false/false,a=IDLE,uri=null,age=0}
01:46:23.293 [qtp399373008-61] DEBUG org.eclipse.jetty.io.ManagedSelector - update org.eclipse.jetty.io.ChannelEndPoint$$Lambda$255/981852870@bdb8307
01:46:23.293 [qtp399373008-62] DEBUG org.eclipse.jetty.util.thread.ReservedThreadExecutor - ReservedThread@65f3ead4{RUNNING,thread=Thread[qtp399373008-62,5,main]} was=RUNNING next=RESERVED size=0+2 capacity=8
01:46:23.293 [qtp399373008-62] DEBUG org.eclipse.jetty.util.thread.ReservedThreadExecutor - ReservedThread@65f3ead4{RESERVED,thread=Thread[qtp399373008-62,5,main]} waiting ReservedThreadExecutor@424fd310{reserved=2/8,pending=0}
01:46:23.293 [qtp399373008-61] DEBUG org.eclipse.jetty.io.ChannelEndPoint - Key interests updated 0 -> 1 on SocketChannelEndPoint@34bfe4b7{l=/127.0.0.1:33719,r=/127.0.0.1:51148,OPEN,fill=FI,flush=-,to=0/30000}{io=1/1,kio=1,kro=1}->SslConnection@4b34d715{NOT_HANDSHAKING,eio=-1/-1,di=-1,fill=INTERESTED,flush=IDLE}~>DecryptedEndPoint@4abb3da{l=/127.0.0.1:33719,r=/127.0.0.1:51148,OPEN,fill=FI,flush=-,to=0/30000}=>HttpConnection@1e73e78a[p=HttpParser{s=START,0 of -1},g=HttpGenerator@12d888ca{s=START}]=>HttpChannelOverHttp@4c30b7d2{s=HttpChannelState@4f7a6cde{s=IDLE rs=BLOCKING os=OPEN is=IDLE awp=false se=false i=true al=0},r=2,c=false/false,a=IDLE,uri=null,age=0}
01:46:23.293 [qtp399373008-61] DEBUG org.eclipse.jetty.io.ManagedSelector - updates 0
01:46:23.293 [qtp399373008-61] DEBUG org.eclipse.jetty.io.ManagedSelector - Selector sun.nio.ch.EPollSelectorImpl@ecff91a waiting with 1 keys
01:46:23.293 [main] DEBUG org.apache.nifi.minifi.bootstrap.configuration.ingestors.PullHttpChangeIngestor - Attempting to pull new config
01:46:23.294 [qtp399373008-59-acceptor-0@53dacd14-ServerConnector@2374d36a{SSL, (ssl, http/1.1)}{localhost:33719}] DEBUG org.eclipse.jetty.io.ManagedSelector - Queued change lazy=false Accept@1e15e2df[java.nio.channels.SocketChannel[connected local=/127.0.0.1:33719 remote=/127.0.0.1:51164]] on ManagedSelector@7bb6ab3a{STARTED} id=3 keys=0 selected=0 updates=0
01:46:23.294 [qtp399373008-59-acceptor-0@53dacd14-ServerConnector@2374d36a{SSL, (ssl, http/1.1)}{localhost:33719}] DEBUG org.eclipse.jetty.io.ManagedSelector - Wakeup on submit ManagedSelector@7bb6ab3a{STARTED} id=3 keys=0 selected=0 updates=1
01:46:23.294 [qtp399373008-58] DEBUG org.eclipse.jetty.io.ManagedSelector - Selector sun.nio.ch.EPollSelectorImpl@63debfd6 woken with none selected
01:46:23.294 [qtp399373008-58] DEBUG org.eclipse.jetty.io.ManagedSelector - Selector sun.nio.ch.EPollSelectorImpl@63debfd6 woken up from select, 0/0/0 selected
01:46:23.294 [qtp399373008-58] DEBUG org.eclipse.jetty.io.ManagedSelector - Selector sun.nio.ch.EPollSelectorImpl@63debfd6 processing 0 keys, 1 updates
01:46:23.294 [qtp399373008-58] DEBUG org.eclipse.jetty.io.ManagedSelector - updateable 1
01:46:23.294 [qtp399373008-58] DEBUG org.eclipse.jetty.io.ManagedSelector - update Accept@1e15e2df[java.nio.channels.SocketChannel[connected local=/127.0.0.1:33719 remote=/127.0.0.1:51164]]
01:46:23.295 [qtp399373008-58] DEBUG org.eclipse.jetty.util.thread.QueuedThreadPool - queue Accept@1e15e2df[java.nio.channels.SocketChannel[connected local=/127.0.0.1:33719 remote=/127.0.0.1:51164]] startThread=0
01:46:23.295 [qtp399373008-57] DEBUG org.eclipse.jetty.util.thread.QueuedThreadPool - run Accept@1e15e2df[java.nio.channels.SocketChannel[connected local=/127.0.0.1:33719 remote=/127.0.0.1:51164]] in QueuedThreadPool[qtp399373008]@17cdf2d0{STARTED,8<=8<=200,i=0,r=-1,q=0}[ReservedThreadExecutor@424fd310{reserved=2/8,pending=0}]
01:46:23.295 [qtp399373008-58] DEBUG org.eclipse.jetty.io.ManagedSelector - updates 0
01:46:23.295 [qtp399373008-58] DEBUG org.eclipse.jetty.io.ManagedSelector - Selector sun.nio.ch.EPollSelectorImpl@63debfd6 waiting with 1 keys
01:46:23.295 [qtp399373008-57] DEBUG org.eclipse.jetty.io.IdleTimeout - SocketChannelEndPoint@41351c88{l=/127.0.0.1:33719,r=/127.0.0.1:51164,OPEN,fill=-,flush=-,to=0/30000}{io=0/0,kio=0,kro=0}-><null> idle timeout check, elapsed: 0 ms, remaining: 30000 ms
01:46:23.295 [qtp399373008-57] DEBUG org.eclipse.jetty.util.ssl.SslContextFactory - Customize sun.security.ssl.SSLEngineImpl@30c33a9d
01:46:23.295 [qtp399373008-57] DEBUG org.eclipse.jetty.server.HttpChannel - new HttpChannelOverHttp@703e1fb8{s=HttpChannelState@48226717{s=IDLE rs=BLOCKING os=OPEN is=IDLE awp=false se=false i=true al=0},r=0,c=false/false,a=IDLE,uri=null,age=0} -> DecryptedEndPoint@211ae3c7{l=/127.0.0.1:33719,r=/127.0.0.1:51164,OPEN,fill=-,flush=-,to=0/30000},null,HttpChannelState@48226717{s=IDLE rs=BLOCKING os=OPEN is=IDLE awp=false se=false i=true al=0}
01:46:23.295 [qtp399373008-57] DEBUG org.eclipse.jetty.server.HttpConnection - New HTTP Connection HttpConnection@8a432ab::DecryptedEndPoint@211ae3c7{l=/127.0.0.1:33719,r=/127.0.0.1:51164,OPEN,fill=-,flush=-,to=0/30000}
01:46:23.295 [qtp399373008-57] DEBUG org.eclipse.jetty.io.ManagedSelector - Queued change lazy=true org.eclipse.jetty.io.ManagedSelector$$Lambda$258/102804084@8672fd8 on ManagedSelector@7bb6ab3a{STARTED} id=3 keys=1 selected=0 updates=0
01:46:23.295 [qtp399373008-57] DEBUG org.eclipse.jetty.io.AbstractEndPoint - onOpen SocketChannelEndPoint@41351c88{l=/127.0.0.1:33719,r=/127.0.0.1:51164,OPEN,fill=-,flush=-,to=0/30000}{io=0/0,kio=0,kro=0}->SslConnection@5326eb1c{NOT_HANDSHAKING,eio=-1/-1,di=-1,fill=IDLE,flush=IDLE}~>DecryptedEndPoint@211ae3c7{l=/127.0.0.1:33719,r=/127.0.0.1:51164,OPEN,fill=-,flush=-,to=0/30000}=>HttpConnection@8a432ab[p=HttpParser{s=START,0 of -1},g=HttpGenerator@25543e64{s=START}]=>HttpChannelOverHttp@703e1fb8{s=HttpChannelState@48226717{s=IDLE rs=BLOCKING os=OPEN is=IDLE awp=false se=false i=true al=0},r=0,c=false/false,a=IDLE,uri=null,age=0}
01:46:23.295 [qtp399373008-57] DEBUG org.eclipse.jetty.io.AbstractConnection - onOpen SslConnection@5326eb1c::SocketChannelEndPoint@41351c88{l=/127.0.0.1:33719,r=/127.0.0.1:51164,OPEN,fill=-,flush=-,to=0/30000}{io=0/0,kio=0,kro=0}->SslConnection@5326eb1c{NOT_HANDSHAKING,eio=-1/-1,di=-1,fill=IDLE,flush=IDLE}~>DecryptedEndPoint@211ae3c7{l=/127.0.0.1:33719,r=/127.0.0.1:51164,OPEN,fill=-,flush=-,to=0/30000}=>HttpConnection@8a432ab[p=HttpParser{s=START,0 of -1},g=HttpGenerator@25543e64{s=START}]=>HttpChannelOverHttp@703e1fb8{s=HttpChannelState@48226717{s=IDLE rs=BLOCKING os=OPEN is=IDLE awp=false se=false i=true al=0},r=0,c=false/false,a=IDLE,uri=null,age=0}
01:46:23.295 [qtp399373008-57] DEBUG org.eclipse.jetty.io.AbstractConnection - onOpen HttpConnection@8a432ab::DecryptedEndPoint@211ae3c7{l=/127.0.0.1:33719,r=/127.0.0.1:51164,OPEN,fill=-,flush=-,to=0/30000}
01:46:23.295 [qtp399373008-57] DEBUG org.eclipse.jetty.io.AbstractConnection - fillInterested HttpConnection@8a432ab::DecryptedEndPoint@211ae3c7{l=/127.0.0.1:33719,r=/127.0.0.1:51164,OPEN,fill=-,flush=-,to=0/30000}
01:46:23.295 [qtp399373008-57] DEBUG org.eclipse.jetty.io.FillInterest - interested FillInterest@c4c610f{AC.ReadCB@8a432ab{HttpConnection@8a432ab::DecryptedEndPoint@211ae3c7{l=/127.0.0.1:33719,r=/127.0.0.1:51164,OPEN,fill=FI,flush=-,to=0/30000}}}
01:46:23.296 [qtp399373008-57] DEBUG org.eclipse.jetty.io.ssl.SslConnection - >needFillInterest s=IDLE/IDLE uf=false ei=null di=null SslConnection@5326eb1c::SocketChannelEndPoint@41351c88{l=/127.0.0.1:33719,r=/127.0.0.1:51164,OPEN,fill=-,flush=-,to=0/30000}{io=0/0,kio=0,kro=0}->SslConnection@5326eb1c{NOT_HANDSHAKING,eio=-1/-1,di=-1,fill=IDLE,flush=IDLE}~>DecryptedEndPoint@211ae3c7{l=/127.0.0.1:33719,r=/127.0.0.1:51164,OPEN,fill=FI,flush=-,to=0/30000}=>HttpConnection@8a432ab[p=HttpParser{s=START,0 of -1},g=HttpGenerator@25543e64{s=START}]=>HttpChannelOverHttp@703e1fb8{s=HttpChannelState@48226717{s=IDLE rs=BLOCKING os=OPEN is=IDLE awp=false se=false i=true al=0},r=0,c=false/false,a=IDLE,uri=null,age=0}
01:46:23.296 [qtp399373008-57] DEBUG org.eclipse.jetty.io.ssl.SslConnection - <needFillInterest s=IDLE/INTERESTED f=false i=true w=null
01:46:23.296 [qtp399373008-57] DEBUG org.eclipse.jetty.io.ssl.SslConnection - ensureFillInterested SslConnection@5326eb1c::SocketChannelEndPoint@41351c88{l=/127.0.0.1:33719,r=/127.0.0.1:51164,OPEN,fill=-,flush=-,to=0/30000}{io=0/0,kio=0,kro=0}->SslConnection@5326eb1c{NOT_HANDSHAKING,eio=-1/-1,di=-1,fill=INTERESTED,flush=IDLE}~>DecryptedEndPoint@211ae3c7{l=/127.0.0.1:33719,r=/127.0.0.1:51164,OPEN,fill=FI,flush=-,to=0/30000}=>HttpConnection@8a432ab[p=HttpParser{s=START,0 of -1},g=HttpGenerator@25543e64{s=START}]=>HttpChannelOverHttp@703e1fb8{s=HttpChannelState@48226717{s=IDLE rs=BLOCKING os=OPEN is=IDLE awp=false se=false i=true al=0},r=0,c=false/false,a=IDLE,uri=null,age=0}
01:46:23.296 [qtp399373008-57] DEBUG org.eclipse.jetty.io.FillInterest - interested FillInterest@3d6496b1{SSLC.NBReadCB@5326eb1c{SslConnection@5326eb1c::SocketChannelEndPoint@41351c88{l=/127.0.0.1:33719,r=/127.0.0.1:51164,OPEN,fill=FI,flush=-,to=0/30000}{io=0/0,kio=0,kro=0}->SslConnection@5326eb1c{NOT_HANDSHAKING,eio=-1/-1,di=-1,fill=INTERESTED,flush=IDLE}~>DecryptedEndPoint@211ae3c7{l=/127.0.0.1:33719,r=/127.0.0.1:51164,OPEN,fill=FI,flush=-,to=0/30000}=>HttpConnection@8a432ab[p=HttpParser{s=START,0 of -1},g=HttpGenerator@25543e64{s=START}]=>HttpChannelOverHttp@703e1fb8{s=HttpChannelState@48226717{s=IDLE rs=BLOCKING os=OPEN is=IDLE awp=false se=false i=true al=0},r=0,c=false/false,a=IDLE,uri=null,age=0}}}
01:46:23.296 [qtp399373008-57] DEBUG org.eclipse.jetty.io.ChannelEndPoint - changeInterests p=false 0->1 for SocketChannelEndPoint@41351c88{l=/127.0.0.1:33719,r=/127.0.0.1:51164,OPEN,fill=FI,flush=-,to=0/30000}{io=0/1,kio=0,kro=0}->SslConnection@5326eb1c{NOT_HANDSHAKING,eio=-1/-1,di=-1,fill=INTERESTED,flush=IDLE}~>DecryptedEndPoint@211ae3c7{l=/127.0.0.1:33719,r=/127.0.0.1:51164,OPEN,fill=FI,flush=-,to=0/30000}=>HttpConnection@8a432ab[p=HttpParser{s=START,0 of -1},g=HttpGenerator@25543e64{s=START}]=>HttpChannelOverHttp@703e1fb8{s=HttpChannelState@48226717{s=IDLE rs=BLOCKING os=OPEN is=IDLE awp=false se=false i=true al=0},r=0,c=false/false,a=IDLE,uri=null,age=0}
01:46:23.296 [qtp399373008-57] DEBUG org.eclipse.jetty.io.ManagedSelector - Queued change lazy=false org.eclipse.jetty.io.ChannelEndPoint$$Lambda$255/981852870@597ee40a on ManagedSelector@7bb6ab3a{STARTED} id=3 keys=1 selected=0 updates=1
01:46:23.296 [qtp399373008-57] DEBUG org.eclipse.jetty.io.ManagedSelector - Wakeup on submit ManagedSelector@7bb6ab3a{STARTED} id=3 keys=1 selected=0 updates=2
01:46:23.296 [qtp399373008-58] DEBUG org.eclipse.jetty.io.ManagedSelector - Selector sun.nio.ch.EPollSelectorImpl@63debfd6 woken with none selected
01:46:23.296 [qtp399373008-58] DEBUG org.eclipse.jetty.io.ManagedSelector - Selector sun.nio.ch.EPollSelectorImpl@63debfd6 woken up from select, 0/0/1 selected
01:46:23.296 [qtp399373008-58] DEBUG org.eclipse.jetty.io.ManagedSelector - Selector sun.nio.ch.EPollSelectorImpl@63debfd6 processing 0 keys, 2 updates
01:46:23.296 [qtp399373008-58] DEBUG org.eclipse.jetty.io.ManagedSelector - updateable 2
01:46:23.296 [qtp399373008-57] DEBUG org.eclipse.jetty.io.ManagedSelector - Created SocketChannelEndPoint@41351c88{l=/127.0.0.1:33719,r=/127.0.0.1:51164,OPEN,fill=FI,flush=-,to=0/30000}{io=0/1,kio=0,kro=0}->SslConnection@5326eb1c{NOT_HANDSHAKING,eio=-1/-1,di=-1,fill=INTERESTED,flush=IDLE}~>DecryptedEndPoint@211ae3c7{l=/127.0.0.1:33719,r=/127.0.0.1:51164,OPEN,fill=FI,flush=-,to=0/30000}=>HttpConnection@8a432ab[p=HttpParser{s=START,0 of -1},g=HttpGenerator@25543e64{s=START}]=>HttpChannelOverHttp@703e1fb8{s=HttpChannelState@48226717{s=IDLE rs=BLOCKING os=OPEN is=IDLE awp=false se=false i=true al=0},r=0,c=false/false,a=IDLE,uri=null,age=0}
01:46:23.296 [qtp399373008-58] DEBUG org.eclipse.jetty.io.ManagedSelector - update org.eclipse.jetty.io.ManagedSelector$$Lambda$258/102804084@8672fd8
01:46:23.296 [qtp399373008-58] DEBUG org.eclipse.jetty.io.ManagedSelector - update org.eclipse.jetty.io.ChannelEndPoint$$Lambda$255/981852870@597ee40a
01:46:23.296 [qtp399373008-57] DEBUG org.eclipse.jetty.util.thread.QueuedThreadPool - ran Accept@1e15e2df[java.nio.channels.SocketChannel[connected local=/127.0.0.1:33719 remote=/127.0.0.1:51164]] in QueuedThreadPool[qtp399373008]@17cdf2d0{STARTED,8<=8<=200,i=0,r=-1,q=0}[ReservedThreadExecutor@424fd310{reserved=2/8,pending=0}]
01:46:23.296 [qtp399373008-58] DEBUG org.eclipse.jetty.io.ChannelEndPoint - Key interests updated 0 -> 1 on SocketChannelEndPoint@41351c88{l=/127.0.0.1:33719,r=/127.0.0.1:51164,OPEN,fill=FI,flush=-,to=0/30000}{io=1/1,kio=1,kro=0}->SslConnection@5326eb1c{NOT_HANDSHAKING,eio=-1/-1,di=-1,fill=INTERESTED,flush=IDLE}~>DecryptedEndPoint@211ae3c7{l=/127.0.0.1:33719,r=/127.0.0.1:51164,OPEN,fill=FI,flush=-,to=0/30000}=>HttpConnection@8a432ab[p=HttpParser{s=START,0 of -1},g=HttpGenerator@25543e64{s=START}]=>HttpChannelOverHttp@703e1fb8{s=HttpChannelState@48226717{s=IDLE rs=BLOCKING os=OPEN is=IDLE awp=false se=false i=true al=0},r=0,c=false/false,a=IDLE,uri=null,age=0}
01:46:23.296 [qtp399373008-58] DEBUG org.eclipse.jetty.io.ManagedSelector - updates 0
01:46:23.296 [qtp399373008-58] DEBUG org.eclipse.jetty.io.ManagedSelector - Selector sun.nio.ch.EPollSelectorImpl@63debfd6 waiting with 1 keys
01:46:23.297 [qtp399373008-58] DEBUG org.eclipse.jetty.io.ManagedSelector - Selector sun.nio.ch.EPollSelectorImpl@63debfd6 woken up from select, 1/1/1 selected
01:46:23.297 [qtp399373008-58] DEBUG org.eclipse.jetty.io.ManagedSelector - Selector sun.nio.ch.EPollSelectorImpl@63debfd6 processing 1 keys, 0 updates
01:46:23.297 [qtp399373008-58] DEBUG org.eclipse.jetty.io.ManagedSelector - selected 1 sun.nio.ch.SelectionKeyImpl@6d195ddd SocketChannelEndPoint@41351c88{l=/127.0.0.1:33719,r=/127.0.0.1:51164,OPEN,fill=FI,flush=-,to=1/30000}{io=1/1,kio=1,kro=1}->SslConnection@5326eb1c{NOT_HANDSHAKING,eio=-1/-1,di=-1,fill=INTERESTED,flush=IDLE}~>DecryptedEndPoint@211ae3c7{l=/127.0.0.1:33719,r=/127.0.0.1:51164,OPEN,fill=FI,flush=-,to=1/30000}=>HttpConnection@8a432ab[p=HttpParser{s=START,0 of -1},g=HttpGenerator@25543e64{s=START}]=>HttpChannelOverHttp@703e1fb8{s=HttpChannelState@48226717{s=IDLE rs=BLOCKING os=OPEN is=IDLE awp=false se=false i=true al=0},r=0,c=false/false,a=IDLE,uri=null,age=0} 
01:46:23.297 [qtp399373008-58] DEBUG org.eclipse.jetty.io.ChannelEndPoint - onSelected 1->0 r=true w=false for SocketChannelEndPoint@41351c88{l=/127.0.0.1:33719,r=/127.0.0.1:51164,OPEN,fill=FI,flush=-,to=1/30000}{io=1/0,kio=1,kro=1}->SslConnection@5326eb1c{NOT_HANDSHAKING,eio=-1/-1,di=-1,fill=INTERESTED,flush=IDLE}~>DecryptedEndPoint@211ae3c7{l=/127.0.0.1:33719,r=/127.0.0.1:51164,OPEN,fill=FI,flush=-,to=1/30000}=>HttpConnection@8a432ab[p=HttpParser{s=START,0 of -1},g=HttpGenerator@25543e64{s=START}]=>HttpChannelOverHttp@703e1fb8{s=HttpChannelState@48226717{s=IDLE rs=BLOCKING os=OPEN is=IDLE awp=false se=false i=true al=0},r=0,c=false/false,a=IDLE,uri=null,age=0}
01:46:23.297 [qtp399373008-58] DEBUG org.eclipse.jetty.io.ChannelEndPoint - task CEP:SocketChannelEndPoint@41351c88{l=/127.0.0.1:33719,r=/127.0.0.1:51164,OPEN,fill=FI,flush=-,to=1/30000}{io=1/0,kio=1,kro=1}->SslConnection@5326eb1c{NOT_HANDSHAKING,eio=-1/-1,di=-1,fill=INTERESTED,flush=IDLE}~>DecryptedEndPoint@211ae3c7{l=/127.0.0.1:33719,r=/127.0.0.1:51164,OPEN,fill=FI,flush=-,to=1/30000}=>HttpConnection@8a432ab[p=HttpParser{s=START,0 of -1},g=HttpGenerator@25543e64{s=START}]=>HttpChannelOverHttp@703e1fb8{s=HttpChannelState@48226717{s=IDLE rs=BLOCKING os=OPEN is=IDLE awp=false se=false i=true al=0},r=0,c=false/false,a=IDLE,uri=null,age=0}:runFillable:BLOCKING
01:46:23.297 [qtp399373008-58] DEBUG org.eclipse.jetty.util.thread.ReservedThreadExecutor - ReservedThreadExecutor@424fd310{reserved=2/8,pending=0} tryExecute EatWhatYouKill@f478a81/SelectorProducer@19553973/PRODUCING/p=false/QueuedThreadPool[qtp399373008]@17cdf2d0{STARTED,8<=8<=200,i=1,r=-1,q=0}[ReservedThreadExecutor@424fd310{reserved=2/8,pending=0}][pc=0,pic=0,pec=0,epc=0]@2024-05-02T01:46:23.297+01:00
01:46:23.297 [qtp399373008-58] DEBUG org.eclipse.jetty.util.thread.strategy.EatWhatYouKill - EatWhatYouKill@f478a81/SelectorProducer@19553973/IDLE/p=true/QueuedThreadPool[qtp399373008]@17cdf2d0{STARTED,8<=8<=200,i=1,r=-1,q=0}[ReservedThreadExecutor@424fd310{reserved=1/8,pending=0}][pc=0,pic=0,pec=0,epc=0]@2024-05-02T01:46:23.297+01:00 m=EXECUTE_PRODUCE_CONSUME t=CEP:SocketChannelEndPoint@41351c88{l=/127.0.0.1:33719,r=/127.0.0.1:51164,OPEN,fill=FI,flush=-,to=1/30000}{io=1/0,kio=1,kro=1}->SslConnection@5326eb1c{NOT_HANDSHAKING,eio=-1/-1,di=-1,fill=INTERESTED,flush=IDLE}~>DecryptedEndPoint@211ae3c7{l=/127.0.0.1:33719,r=/127.0.0.1:51164,OPEN,fill=FI,flush=-,to=1/30000}=>HttpConnection@8a432ab[p=HttpParser{s=START,0 of -1},g=HttpGenerator@25543e64{s=START}]=>HttpChannelOverHttp@703e1fb8{s=HttpChannelState@48226717{s=IDLE rs=BLOCKING os=OPEN is=IDLE awp=false se=false i=true al=0},r=0,c=false/false,a=IDLE,uri=null,age=0}:runFillable:BLOCKING/BLOCKING
01:46:23.297 [qtp399373008-62] DEBUG org.eclipse.jetty.util.thread.ReservedThreadExecutor - ReservedThread@65f3ead4{RESERVED,thread=Thread[qtp399373008-62,5,main]} task=EatWhatYouKill@f478a81/SelectorProducer@19553973/IDLE/p=true/QueuedThreadPool[qtp399373008]@17cdf2d0{STARTED,8<=8<=200,i=1,r=-1,q=0}[ReservedThreadExecutor@424fd310{reserved=1/8,pending=0}][pc=0,pic=0,pec=0,epc=0]@2024-05-02T01:46:23.297+01:00 ReservedThreadExecutor@424fd310{reserved=1/8,pending=0}
01:46:23.297 [qtp399373008-58] DEBUG org.eclipse.jetty.io.FillInterest - fillable FillInterest@3d6496b1{SSLC.NBReadCB@5326eb1c{SslConnection@5326eb1c::SocketChannelEndPoint@41351c88{l=/127.0.0.1:33719,r=/127.0.0.1:51164,OPEN,fill=FI,flush=-,to=1/30000}{io=1/0,kio=1,kro=1}->SslConnection@5326eb1c{NOT_HANDSHAKING,eio=-1/-1,di=-1,fill=INTERESTED,flush=IDLE}~>DecryptedEndPoint@211ae3c7{l=/127.0.0.1:33719,r=/127.0.0.1:51164,OPEN,fill=FI,flush=-,to=1/30000}=>HttpConnection@8a432ab[p=HttpParser{s=START,0 of -1},g=HttpGenerator@25543e64{s=START}]=>HttpChannelOverHttp@703e1fb8{s=HttpChannelState@48226717{s=IDLE rs=BLOCKING os=OPEN is=IDLE awp=false se=false i=true al=0},r=0,c=false/false,a=IDLE,uri=null,age=0}}}
01:46:23.297 [qtp399373008-62] DEBUG org.eclipse.jetty.util.thread.strategy.EatWhatYouKill - EatWhatYouKill@f478a81/SelectorProducer@19553973/IDLE/p=true/QueuedThreadPool[qtp399373008]@17cdf2d0{STARTED,8<=8<=200,i=1,r=-1,q=0}[ReservedThreadExecutor@424fd310{reserved=1/8,pending=0}][pc=0,pic=0,pec=0,epc=1]@2024-05-02T01:46:23.297+01:00 tryProduce true
01:46:23.297 [qtp399373008-62] DEBUG org.eclipse.jetty.io.ManagedSelector - updateable 0
01:46:23.298 [qtp399373008-62] DEBUG org.eclipse.jetty.io.ManagedSelector - updates 0
01:46:23.298 [qtp399373008-58] DEBUG org.eclipse.jetty.io.ssl.SslConnection - >c.onFillable SslConnection@5326eb1c::SocketChannelEndPoint@41351c88{l=/127.0.0.1:33719,r=/127.0.0.1:51164,OPEN,fill=-,flush=-,to=1/30000}{io=1/0,kio=1,kro=1}->SslConnection@5326eb1c{NOT_HANDSHAKING,eio=-1/-1,di=-1,fill=INTERESTED,flush=IDLE}~>DecryptedEndPoint@211ae3c7{l=/127.0.0.1:33719,r=/127.0.0.1:51164,OPEN,fill=FI,flush=-,to=2/30000}=>HttpConnection@8a432ab[p=HttpParser{s=START,0 of -1},g=HttpGenerator@25543e64{s=START}]=>HttpChannelOverHttp@703e1fb8{s=HttpChannelState@48226717{s=IDLE rs=BLOCKING os=OPEN is=IDLE awp=false se=false i=true al=0},r=0,c=false/false,a=IDLE,uri=null,age=0}
01:46:23.298 [qtp399373008-58] DEBUG org.eclipse.jetty.io.ssl.SslConnection - onFillable SslConnection@5326eb1c::SocketChannelEndPoint@41351c88{l=/127.0.0.1:33719,r=/127.0.0.1:51164,OPEN,fill=-,flush=-,to=1/30000}{io=0/0,kio=0,kro=1}->SslConnection@5326eb1c{NOT_HANDSHAKING,eio=-1/-1,di=-1,fill=INTERESTED,flush=IDLE}~>DecryptedEndPoint@211ae3c7{l=/127.0.0.1:33719,r=/127.0.0.1:51164,OPEN,fill=FI,flush=-,to=2/30000}=>HttpConnection@8a432ab[p=HttpParser{s=START,0 of -1},g=HttpGenerator@25543e64{s=START}]=>HttpChannelOverHttp@703e1fb8{s=HttpChannelState@48226717{s=IDLE rs=BLOCKING os=OPEN is=IDLE awp=false se=false i=true al=0},r=0,c=false/false,a=IDLE,uri=null,age=0}
01:46:23.298 [qtp399373008-62] DEBUG org.eclipse.jetty.io.ChannelEndPoint - Key interests updated 1 -> 0 on SocketChannelEndPoint@41351c88{l=/127.0.0.1:33719,r=/127.0.0.1:51164,OPEN,fill=-,flush=-,to=2/30000}{io=0/0,kio=0,kro=1}->SslConnection@5326eb1c{NOT_HANDSHAKING,eio=-1/-1,di=-1,fill=INTERESTED,flush=IDLE}~>DecryptedEndPoint@211ae3c7{l=/127.0.0.1:33719,r=/127.0.0.1:51164,OPEN,fill=FI,flush=-,to=2/30000}=>HttpConnection@8a432ab[p=HttpParser{s=START,0 of -1},g=HttpGenerator@25543e64{s=START}]=>HttpChannelOverHttp@703e1fb8{s=HttpChannelState@48226717{s=IDLE rs=BLOCKING os=OPEN is=IDLE awp=false se=false i=true al=0},r=0,c=false/false,a=IDLE,uri=null,age=0}
01:46:23.298 [qtp399373008-58] DEBUG org.eclipse.jetty.io.FillInterest - fillable FillInterest@c4c610f{AC.ReadCB@8a432ab{HttpConnection@8a432ab::DecryptedEndPoint@211ae3c7{l=/127.0.0.1:33719,r=/127.0.0.1:51164,OPEN,fill=FI,flush=-,to=2/30000}}}
01:46:23.298 [qtp399373008-62] DEBUG org.eclipse.jetty.io.ManagedSelector - Selector sun.nio.ch.EPollSelectorImpl@63debfd6 waiting with 1 keys
01:46:23.298 [qtp399373008-58] DEBUG org.eclipse.jetty.server.HttpConnection - HttpConnection@8a432ab::DecryptedEndPoint@211ae3c7{l=/127.0.0.1:33719,r=/127.0.0.1:51164,OPEN,fill=-,flush=-,to=2/30000} onFillable enter HttpChannelState@48226717{s=IDLE rs=BLOCKING os=OPEN is=IDLE awp=false se=false i=true al=0} null
01:46:23.298 [qtp399373008-58] DEBUG org.eclipse.jetty.io.ssl.SslConnection - >fill SslConnection@5326eb1c::SocketChannelEndPoint@41351c88{l=/127.0.0.1:33719,r=/127.0.0.1:51164,OPEN,fill=-,flush=-,to=2/30000}{io=0/0,kio=0,kro=1}->SslConnection@5326eb1c{NOT_HANDSHAKING,eio=-1/-1,di=-1,fill=IDLE,flush=IDLE}~>DecryptedEndPoint@211ae3c7{l=/127.0.0.1:33719,r=/127.0.0.1:51164,OPEN,fill=-,flush=-,to=2/30000}=>HttpConnection@8a432ab[p=HttpParser{s=START,0 of -1},g=HttpGenerator@25543e64{s=START}]=>HttpChannelOverHttp@703e1fb8{s=HttpChannelState@48226717{s=IDLE rs=BLOCKING os=OPEN is=IDLE awp=false se=false i=true al=0},r=0,c=false/false,a=IDLE,uri=null,age=0}
01:46:23.298 [qtp399373008-58] DEBUG org.eclipse.jetty.io.ssl.SslConnection - fill NOT_HANDSHAKING
01:46:23.299 [qtp399373008-58] DEBUG org.eclipse.jetty.io.ChannelEndPoint - filled 339 HeapByteBuffer@21fcf254[p=0,l=339,c=17408,r=339]={<<<\x16\x03\x03\x01N\x01\x00\x01J\x03\x03'\xB2[\x1e\x9d\x0fv\x90c\x13\x1b8N\xE1...\xC0\x13P\xA6\x98\xDb|\xD7b\x82\xC9\xE2\xFf\x114\xE8\xCd\x99\xFf\x01\x00\x01\x00>>>\xF9\xFb}{\xC0\xFag\xC6G...\x00\x00\x00\x00\x00\x00\x00}
01:46:23.299 [qtp399373008-58] DEBUG org.eclipse.jetty.io.ssl.SslConnection - net filled=339
01:46:23.299 [qtp399373008-58] DEBUG org.eclipse.jetty.io.ssl.SslConnection - fill starting handshake SslConnection@5326eb1c::SocketChannelEndPoint@41351c88{l=/127.0.0.1:33719,r=/127.0.0.1:51164,OPEN,fill=-,flush=-,to=0/30000}{io=0/0,kio=0,kro=1}->SslConnection@5326eb1c{NOT_HANDSHAKING,eio=339/-1,di=-1,fill=IDLE,flush=IDLE}~>DecryptedEndPoint@211ae3c7{l=/127.0.0.1:33719,r=/127.0.0.1:51164,OPEN,fill=-,flush=-,to=3/30000}=>HttpConnection@8a432ab[p=HttpParser{s=START,0 of -1},g=HttpGenerator@25543e64{s=START}]=>HttpChannelOverHttp@703e1fb8{s=HttpChannelState@48226717{s=IDLE rs=BLOCKING os=OPEN is=IDLE awp=false se=false i=true al=0},r=0,c=false/false,a=IDLE,uri=null,age=0}
01:46:23.299 [qtp399373008-58] DEBUG org.eclipse.jetty.io.ssl.SslConnection - unwrap net_filled=339 Status = OK HandshakeStatus = NEED_TASK bytesConsumed = 339 bytesProduced = 0 encryptedBuffer=[p=339,l=339,c=17408,r=0] unwrapBuffer=HeapByteBuffer@25c362b3[p=0,l=0,c=17408,r=0]={<<<>>>GET / HTT...\x00\x00\x00\x00\x00\x00\x00} appBuffer=HeapByteBuffer@25c362b3[p=0,l=0,c=17408,r=0]={<<<>>>GET / HTT...\x00\x00\x00\x00\x00\x00\x00}
01:46:23.299 [qtp399373008-58] DEBUG org.eclipse.jetty.io.ssl.SslConnection - fill NEED_TASK
01:46:23.308 [qtp399373008-58] DEBUG org.eclipse.jetty.io.ssl.SslConnection - fill NEED_WRAP
01:46:23.308 [qtp399373008-58] DEBUG org.eclipse.jetty.io.ssl.SslConnection - >flush SslConnection@5326eb1c::SocketChannelEndPoint@41351c88{l=/127.0.0.1:33719,r=/127.0.0.1:51164,OPEN,fill=-,flush=-,to=9/30000}{io=0/0,kio=0,kro=1}->SslConnection@5326eb1c{NEED_WRAP,eio=0/-1,di=-1,fill=IDLE,flush=IDLE}~>DecryptedEndPoint@211ae3c7{l=/127.0.0.1:33719,r=/127.0.0.1:51164,OPEN,fill=-,flush=-,to=12/30000}=>HttpConnection@8a432ab[p=HttpParser{s=START,0 of -1},g=HttpGenerator@25543e64{s=START}]=>HttpChannelOverHttp@703e1fb8{s=HttpChannelState@48226717{s=IDLE rs=BLOCKING os=OPEN is=IDLE awp=false se=false i=true al=0},r=0,c=false/false,a=IDLE,uri=null,age=0}
01:46:23.308 [qtp399373008-58] DEBUG org.eclipse.jetty.io.ssl.SslConnection - flush b[0]=HeapByteBuffer@98da274[p=0,l=0,c=0,r=0]={<<<>>>}
01:46:23.308 [qtp399373008-58] DEBUG org.eclipse.jetty.io.ssl.SslConnection - flush NEED_WRAP
01:46:23.308 [qtp399373008-58] DEBUG org.eclipse.jetty.io.ssl.SslConnection - wrap Status = OK HandshakeStatus = NEED_WRAP bytesConsumed = 0 bytesProduced = 160 [p=0,l=160,c=17408,r=160] ioDone=false/false
01:46:23.308 [qtp399373008-58] DEBUG org.eclipse.jetty.io.ChannelEndPoint - flushed 160 SocketChannelEndPoint@41351c88{l=/127.0.0.1:33719,r=/127.0.0.1:51164,OPEN,fill=-,flush=-,to=9/30000}{io=0/0,kio=0,kro=1}->SslConnection@5326eb1c{NEED_WRAP,eio=0/0,di=-1,fill=IDLE,flush=IDLE}~>DecryptedEndPoint@211ae3c7{l=/127.0.0.1:33719,r=/127.0.0.1:51164,OPEN,fill=-,flush=-,to=13/30000}=>HttpConnection@8a432ab[p=HttpParser{s=START,0 of -1},g=HttpGenerator@25543e64{s=START}]=>HttpChannelOverHttp@703e1fb8{s=HttpChannelState@48226717{s=IDLE rs=BLOCKING os=OPEN is=IDLE awp=false se=false i=true al=0},r=0,c=false/false,a=IDLE,uri=null,age=0}
01:46:23.308 [qtp399373008-58] DEBUG org.eclipse.jetty.io.ssl.SslConnection - net flushed=true, ac=true
01:46:23.309 [qtp399373008-58] DEBUG org.eclipse.jetty.io.ssl.SslConnection - flush NEED_WRAP
01:46:23.309 [qtp399373008-58] DEBUG org.eclipse.jetty.io.ssl.SslConnection - wrap Status = OK HandshakeStatus = NEED_WRAP bytesConsumed = 0 bytesProduced = 6 [p=0,l=6,c=17408,r=6] ioDone=false/false
01:46:23.309 [qtp399373008-58] DEBUG org.eclipse.jetty.io.ChannelEndPoint - flushed 6 SocketChannelEndPoint@41351c88{l=/127.0.0.1:33719,r=/127.0.0.1:51164,OPEN,fill=-,flush=-,to=0/30000}{io=0/0,kio=0,kro=1}->SslConnection@5326eb1c{NEED_WRAP,eio=0/0,di=-1,fill=IDLE,flush=IDLE}~>DecryptedEndPoint@211ae3c7{l=/127.0.0.1:33719,r=/127.0.0.1:51164,OPEN,fill=-,flush=-,to=13/30000}=>HttpConnection@8a432ab[p=HttpParser{s=START,0 of -1},g=HttpGenerator@25543e64{s=START}]=>HttpChannelOverHttp@703e1fb8{s=HttpChannelState@48226717{s=IDLE rs=BLOCKING os=OPEN is=IDLE awp=false se=false i=true al=0},r=0,c=false/false,a=IDLE,uri=null,age=0}
01:46:23.309 [qtp399373008-58] DEBUG org.eclipse.jetty.io.ssl.SslConnection - net flushed=true, ac=true
01:46:23.309 [qtp399373008-58] DEBUG org.eclipse.jetty.io.ssl.SslConnection - flush NEED_WRAP
01:46:23.309 [qtp399373008-58] DEBUG org.eclipse.jetty.io.ssl.SslConnection - wrap Status = OK HandshakeStatus = NEED_UNWRAP bytesConsumed = 0 bytesProduced = 1597 [p=0,l=1597,c=17408,r=1597] ioDone=false/false
01:46:23.309 [qtp399373008-58] DEBUG org.eclipse.jetty.io.ChannelEndPoint - flushed 1597 SocketChannelEndPoint@41351c88{l=/127.0.0.1:33719,r=/127.0.0.1:51164,OPEN,fill=-,flush=-,to=0/30000}{io=0/0,kio=0,kro=1}->SslConnection@5326eb1c{NEED_UNWRAP,eio=0/0,di=-1,fill=IDLE,flush=IDLE}~>DecryptedEndPoint@211ae3c7{l=/127.0.0.1:33719,r=/127.0.0.1:51164,OPEN,fill=-,flush=-,to=13/30000}=>HttpConnection@8a432ab[p=HttpParser{s=START,0 of -1},g=HttpGenerator@25543e64{s=START}]=>HttpChannelOverHttp@703e1fb8{s=HttpChannelState@48226717{s=IDLE rs=BLOCKING os=OPEN is=IDLE awp=false se=false i=true al=0},r=0,c=false/false,a=IDLE,uri=null,age=0}
01:46:23.309 [qtp399373008-58] DEBUG org.eclipse.jetty.io.ssl.SslConnection - net flushed=true, ac=true
01:46:23.309 [qtp399373008-58] DEBUG org.eclipse.jetty.io.ssl.SslConnection - <flush true SslConnection@5326eb1c::SocketChannelEndPoint@41351c88{l=/127.0.0.1:33719,r=/127.0.0.1:51164,OPEN,fill=-,flush=-,to=0/30000}{io=0/0,kio=0,kro=1}->SslConnection@5326eb1c{NEED_UNWRAP,eio=0/-1,di=-1,fill=IDLE,flush=IDLE}~>DecryptedEndPoint@211ae3c7{l=/127.0.0.1:33719,r=/127.0.0.1:51164,OPEN,fill=-,flush=-,to=13/30000}=>HttpConnection@8a432ab[p=HttpParser{s=START,0 of -1},g=HttpGenerator@25543e64{s=START}]=>HttpChannelOverHttp@703e1fb8{s=HttpChannelState@48226717{s=IDLE rs=BLOCKING os=OPEN is=IDLE awp=false se=false i=true al=0},r=0,c=false/false,a=IDLE,uri=null,age=0}
01:46:23.309 [qtp399373008-58] DEBUG org.eclipse.jetty.io.ssl.SslConnection - fill NEED_UNWRAP
01:46:23.309 [qtp399373008-58] DEBUG org.eclipse.jetty.io.ChannelEndPoint - filled 0 HeapByteBuffer@21fcf254[p=0,l=0,c=17408,r=0]={<<<>>>\x16\x03\x03\x01N\x01\x00\x01J...\x00\x00\x00\x00\x00\x00\x00}
01:46:23.309 [qtp399373008-58] DEBUG org.eclipse.jetty.io.ssl.SslConnection - net filled=0
01:46:23.309 [qtp399373008-58] DEBUG org.eclipse.jetty.io.ssl.SslConnection - unwrap net_filled=0 Status = BUFFER_UNDERFLOW HandshakeStatus = NEED_UNWRAP bytesConsumed = 0 bytesProduced = 0 encryptedBuffer=[p=0,l=0,c=17408,r=0] unwrapBuffer=HeapByteBuffer@25c362b3[p=0,l=0,c=17408,r=0]={<<<>>>GET / HTT...\x00\x00\x00\x00\x00\x00\x00} appBuffer=HeapByteBuffer@25c362b3[p=0,l=0,c=17408,r=0]={<<<>>>GET / HTT...\x00\x00\x00\x00\x00\x00\x00}
01:46:23.310 [qtp399373008-58] DEBUG org.eclipse.jetty.io.ssl.SslConnection - <fill f=0 uf=true SslConnection@5326eb1c::SocketChannelEndPoint@41351c88{l=/127.0.0.1:33719,r=/127.0.0.1:51164,OPEN,fill=-,flush=-,to=0/30000}{io=0/0,kio=0,kro=1}->SslConnection@5326eb1c{NEED_UNWRAP,eio=-1/-1,di=-1,fill=IDLE,flush=IDLE}~>DecryptedEndPoint@211ae3c7{l=/127.0.0.1:33719,r=/127.0.0.1:51164,OPEN,fill=-,flush=-,to=14/30000}=>HttpConnection@8a432ab[p=HttpParser{s=START,0 of -1},g=HttpGenerator@25543e64{s=START}]=>HttpChannelOverHttp@703e1fb8{s=HttpChannelState@48226717{s=IDLE rs=BLOCKING os=OPEN is=IDLE awp=false se=false i=true al=0},r=0,c=false/false,a=IDLE,uri=null,age=0}
01:46:23.310 [qtp399373008-58] DEBUG org.eclipse.jetty.io.ssl.SslConnection - >fill SslConnection@5326eb1c::SocketChannelEndPoint@41351c88{l=/127.0.0.1:33719,r=/127.0.0.1:51164,OPEN,fill=-,flush=-,to=0/30000}{io=0/0,kio=0,kro=1}->SslConnection@5326eb1c{NEED_UNWRAP,eio=-1/-1,di=-1,fill=IDLE,flush=IDLE}~>DecryptedEndPoint@211ae3c7{l=/127.0.0.1:33719,r=/127.0.0.1:51164,OPEN,fill=-,flush=-,to=14/30000}=>HttpConnection@8a432ab[p=HttpParser{s=START,0 of -1},g=HttpGenerator@25543e64{s=START}]=>HttpChannelOverHttp@703e1fb8{s=HttpChannelState@48226717{s=IDLE rs=BLOCKING os=OPEN is=IDLE awp=false se=false i=true al=0},r=0,c=false/false,a=IDLE,uri=null,age=0}
01:46:23.310 [qtp399373008-58] DEBUG org.eclipse.jetty.io.ssl.SslConnection - fill NEED_UNWRAP
01:46:23.310 [qtp399373008-58] DEBUG org.eclipse.jetty.io.ChannelEndPoint - filled 0 HeapByteBuffer@2f3b09c3[p=0,l=0,c=17408,r=0]={<<<>>>\x17\x03\x03\x068\x88\x12{\xD9...\x00\x00\x00\x00\x00\x00\x00}
01:46:23.310 [qtp399373008-58] DEBUG org.eclipse.jetty.io.ssl.SslConnection - net filled=0
01:46:23.310 [qtp399373008-58] DEBUG org.eclipse.jetty.io.ssl.SslConnection - unwrap net_filled=0 Status = BUFFER_UNDERFLOW HandshakeStatus = NEED_UNWRAP bytesConsumed = 0 bytesProduced = 0 encryptedBuffer=[p=0,l=0,c=17408,r=0] unwrapBuffer=HeapByteBuffer@25c362b3[p=0,l=0,c=17408,r=0]={<<<>>>GET / HTT...\x00\x00\x00\x00\x00\x00\x00} appBuffer=HeapByteBuffer@25c362b3[p=0,l=0,c=17408,r=0]={<<<>>>GET / HTT...\x00\x00\x00\x00\x00\x00\x00}
01:46:23.310 [qtp399373008-58] DEBUG org.eclipse.jetty.io.ssl.SslConnection - <fill f=0 uf=true SslConnection@5326eb1c::SocketChannelEndPoint@41351c88{l=/127.0.0.1:33719,r=/127.0.0.1:51164,OPEN,fill=-,flush=-,to=0/30000}{io=0/0,kio=0,kro=1}->SslConnection@5326eb1c{NEED_UNWRAP,eio=-1/-1,di=-1,fill=IDLE,flush=IDLE}~>DecryptedEndPoint@211ae3c7{l=/127.0.0.1:33719,r=/127.0.0.1:51164,OPEN,fill=-,flush=-,to=14/30000}=>HttpConnection@8a432ab[p=HttpParser{s=START,0 of -1},g=HttpGenerator@25543e64{s=START}]=>HttpChannelOverHttp@703e1fb8{s=HttpChannelState@48226717{s=IDLE rs=BLOCKING os=OPEN is=IDLE awp=false se=false i=true al=0},r=0,c=false/false,a=IDLE,uri=null,age=0}
01:46:23.310 [qtp399373008-58] DEBUG org.eclipse.jetty.server.HttpConnection - HttpConnection@8a432ab::DecryptedEndPoint@211ae3c7{l=/127.0.0.1:33719,r=/127.0.0.1:51164,OPEN,fill=-,flush=-,to=14/30000} filled 0 HeapByteBuffer@25c362b3[p=0,l=0,c=17408,r=0]={<<<>>>GET / HTT...\x00\x00\x00\x00\x00\x00\x00}
01:46:23.310 [qtp399373008-58] DEBUG org.eclipse.jetty.server.HttpConnection - HttpConnection@8a432ab::DecryptedEndPoint@211ae3c7{l=/127.0.0.1:33719,r=/127.0.0.1:51164,OPEN,fill=-,flush=-,to=14/30000} parse HeapByteBuffer@25c362b3[p=0,l=0,c=17408,r=0]={<<<>>>GET / HTT...\x00\x00\x00\x00\x00\x00\x00} {}
01:46:23.310 [qtp399373008-58] DEBUG org.eclipse.jetty.http.HttpParser - parseNext s=START HeapByteBuffer@25c362b3[p=0,l=0,c=17408,r=0]={<<<>>>GET / HTT...\x00\x00\x00\x00\x00\x00\x00}
01:46:23.310 [qtp399373008-58] DEBUG org.eclipse.jetty.server.HttpConnection - HttpConnection@8a432ab::DecryptedEndPoint@211ae3c7{l=/127.0.0.1:33719,r=/127.0.0.1:51164,OPEN,fill=-,flush=-,to=14/30000} parsed false HttpParser{s=START,0 of -1}
01:46:23.310 [qtp399373008-58] DEBUG org.eclipse.jetty.server.HttpConnection - releaseRequestBuffer HttpConnection@8a432ab::DecryptedEndPoint@211ae3c7{l=/127.0.0.1:33719,r=/127.0.0.1:51164,OPEN,fill=-,flush=-,to=14/30000}
01:46:23.310 [qtp399373008-58] DEBUG org.eclipse.jetty.io.AbstractConnection - fillInterested HttpConnection@8a432ab::DecryptedEndPoint@211ae3c7{l=/127.0.0.1:33719,r=/127.0.0.1:51164,OPEN,fill=-,flush=-,to=14/30000}
01:46:23.310 [qtp399373008-58] DEBUG org.eclipse.jetty.io.FillInterest - interested FillInterest@c4c610f{AC.ReadCB@8a432ab{HttpConnection@8a432ab::DecryptedEndPoint@211ae3c7{l=/127.0.0.1:33719,r=/127.0.0.1:51164,OPEN,fill=FI,flush=-,to=0/30000}}}
01:46:23.310 [qtp399373008-58] DEBUG org.eclipse.jetty.io.ssl.SslConnection - >needFillInterest s=IDLE/IDLE uf=true ei=null di=null SslConnection@5326eb1c::SocketChannelEndPoint@41351c88{l=/127.0.0.1:33719,r=/127.0.0.1:51164,OPEN,fill=-,flush=-,to=0/30000}{io=0/0,kio=0,kro=1}->SslConnection@5326eb1c{NEED_UNWRAP,eio=-1/-1,di=-1,fill=IDLE,flush=IDLE}~>DecryptedEndPoint@211ae3c7{l=/127.0.0.1:33719,r=/127.0.0.1:51164,OPEN,fill=FI,flush=-,to=0/30000}=>HttpConnection@8a432ab[p=HttpParser{s=START,0 of -1},g=HttpGenerator@25543e64{s=START}]=>HttpChannelOverHttp@703e1fb8{s=HttpChannelState@48226717{s=IDLE rs=BLOCKING os=OPEN is=IDLE awp=false se=false i=true al=0},r=0,c=false/false,a=IDLE,uri=null,age=0}
01:46:23.310 [qtp399373008-58] DEBUG org.eclipse.jetty.io.ssl.SslConnection - <needFillInterest s=IDLE/INTERESTED f=false i=true w=null
01:46:23.310 [qtp399373008-58] DEBUG org.eclipse.jetty.io.ssl.SslConnection - ensureFillInterested SslConnection@5326eb1c::SocketChannelEndPoint@41351c88{l=/127.0.0.1:33719,r=/127.0.0.1:51164,OPEN,fill=-,flush=-,to=0/30000}{io=0/0,kio=0,kro=1}->SslConnection@5326eb1c{NEED_UNWRAP,eio=-1/-1,di=-1,fill=INTERESTED,flush=IDLE}~>DecryptedEndPoint@211ae3c7{l=/127.0.0.1:33719,r=/127.0.0.1:51164,OPEN,fill=FI,flush=-,to=0/30000}=>HttpConnection@8a432ab[p=HttpParser{s=START,0 of -1},g=HttpGenerator@25543e64{s=START}]=>HttpChannelOverHttp@703e1fb8{s=HttpChannelState@48226717{s=IDLE rs=BLOCKING os=OPEN is=IDLE awp=false se=false i=true al=0},r=0,c=false/false,a=IDLE,uri=null,age=0}
01:46:23.310 [qtp399373008-58] DEBUG org.eclipse.jetty.io.FillInterest - interested FillInterest@3d6496b1{SSLC.NBReadCB@5326eb1c{SslConnection@5326eb1c::SocketChannelEndPoint@41351c88{l=/127.0.0.1:33719,r=/127.0.0.1:51164,OPEN,fill=FI,flush=-,to=0/30000}{io=0/0,kio=0,kro=1}->SslConnection@5326eb1c{NEED_UNWRAP,eio=-1/-1,di=-1,fill=INTERESTED,flush=IDLE}~>DecryptedEndPoint@211ae3c7{l=/127.0.0.1:33719,r=/127.0.0.1:51164,OPEN,fill=FI,flush=-,to=0/30000}=>HttpConnection@8a432ab[p=HttpParser{s=START,0 of -1},g=HttpGenerator@25543e64{s=START}]=>HttpChannelOverHttp@703e1fb8{s=HttpChannelState@48226717{s=IDLE rs=BLOCKING os=OPEN is=IDLE awp=false se=false i=true al=0},r=0,c=false/false,a=IDLE,uri=null,age=0}}}
01:46:23.310 [qtp399373008-58] DEBUG org.eclipse.jetty.io.ChannelEndPoint - changeInterests p=false 0->1 for SocketChannelEndPoint@41351c88{l=/127.0.0.1:33719,r=/127.0.0.1:51164,OPEN,fill=FI,flush=-,to=0/30000}{io=0/1,kio=0,kro=1}->SslConnection@5326eb1c{NEED_UNWRAP,eio=-1/-1,di=-1,fill=INTERESTED,flush=IDLE}~>DecryptedEndPoint@211ae3c7{l=/127.0.0.1:33719,r=/127.0.0.1:51164,OPEN,fill=FI,flush=-,to=0/30000}=>HttpConnection@8a432ab[p=HttpParser{s=START,0 of -1},g=HttpGenerator@25543e64{s=START}]=>HttpChannelOverHttp@703e1fb8{s=HttpChannelState@48226717{s=IDLE rs=BLOCKING os=OPEN is=IDLE awp=false se=false i=true al=0},r=0,c=false/false,a=IDLE,uri=null,age=0}
01:46:23.310 [qtp399373008-58] DEBUG org.eclipse.jetty.io.ManagedSelector - Queued change lazy=false org.eclipse.jetty.io.ChannelEndPoint$$Lambda$255/981852870@597ee40a on ManagedSelector@7bb6ab3a{STARTED} id=3 keys=1 selected=0 updates=0
01:46:23.310 [qtp399373008-58] DEBUG org.eclipse.jetty.io.ManagedSelector - Wakeup on submit ManagedSelector@7bb6ab3a{STARTED} id=3 keys=1 selected=0 updates=1
01:46:23.311 [qtp399373008-58] DEBUG org.eclipse.jetty.server.HttpConnection - HttpConnection@8a432ab::DecryptedEndPoint@211ae3c7{l=/127.0.0.1:33719,r=/127.0.0.1:51164,OPEN,fill=FI,flush=-,to=0/30000} onFillable exit HttpChannelState@48226717{s=IDLE rs=BLOCKING os=OPEN is=IDLE awp=false se=false i=true al=0} null
01:46:23.311 [qtp399373008-58] DEBUG org.eclipse.jetty.io.ssl.SslConnection - <c.onFillable SslConnection@5326eb1c::SocketChannelEndPoint@41351c88{l=/127.0.0.1:33719,r=/127.0.0.1:51164,OPEN,fill=FI,flush=-,to=0/30000}{io=0/1,kio=0,kro=1}->SslConnection@5326eb1c{NEED_UNWRAP,eio=-1/-1,di=-1,fill=INTERESTED,flush=IDLE}~>DecryptedEndPoint@211ae3c7{l=/127.0.0.1:33719,r=/127.0.0.1:51164,OPEN,fill=FI,flush=-,to=0/30000}=>HttpConnection@8a432ab[p=HttpParser{s=START,0 of -1},g=HttpGenerator@25543e64{s=START}]=>HttpChannelOverHttp@703e1fb8{s=HttpChannelState@48226717{s=IDLE rs=BLOCKING os=OPEN is=IDLE awp=false se=false i=true al=0},r=0,c=false/false,a=IDLE,uri=null,age=0}
01:46:23.311 [qtp399373008-58] DEBUG org.eclipse.jetty.util.thread.QueuedThreadPool - ran org.eclipse.jetty.io.ManagedSelector$$Lambda$253/838473569@32811494 in QueuedThreadPool[qtp399373008]@17cdf2d0{STARTED,8<=8<=200,i=1,r=-1,q=0}[ReservedThreadExecutor@424fd310{reserved=1/8,pending=0}]
01:46:23.311 [qtp399373008-62] DEBUG org.eclipse.jetty.io.ManagedSelector - Selector sun.nio.ch.EPollSelectorImpl@63debfd6 woken with none selected
01:46:23.311 [qtp399373008-62] DEBUG org.eclipse.jetty.io.ManagedSelector - Selector sun.nio.ch.EPollSelectorImpl@63debfd6 woken up from select, 0/0/1 selected
01:46:23.311 [qtp399373008-62] DEBUG org.eclipse.jetty.io.ManagedSelector - Selector sun.nio.ch.EPollSelectorImpl@63debfd6 processing 0 keys, 1 updates
01:46:23.311 [qtp399373008-62] DEBUG org.eclipse.jetty.io.ManagedSelector - updateable 1
01:46:23.311 [qtp399373008-62] DEBUG org.eclipse.jetty.io.ManagedSelector - update org.eclipse.jetty.io.ChannelEndPoint$$Lambda$255/981852870@597ee40a
01:46:23.311 [qtp399373008-62] DEBUG org.eclipse.jetty.io.ChannelEndPoint - Key interests updated 0 -> 1 on SocketChannelEndPoint@41351c88{l=/127.0.0.1:33719,r=/127.0.0.1:51164,OPEN,fill=FI,flush=-,to=0/30000}{io=1/1,kio=1,kro=1}->SslConnection@5326eb1c{NEED_UNWRAP,eio=-1/-1,di=-1,fill=INTERESTED,flush=IDLE}~>DecryptedEndPoint@211ae3c7{l=/127.0.0.1:33719,r=/127.0.0.1:51164,OPEN,fill=FI,flush=-,to=1/30000}=>HttpConnection@8a432ab[p=HttpParser{s=START,0 of -1},g=HttpGenerator@25543e64{s=START}]=>HttpChannelOverHttp@703e1fb8{s=HttpChannelState@48226717{s=IDLE rs=BLOCKING os=OPEN is=IDLE awp=false se=false i=true al=0},r=0,c=false/false,a=IDLE,uri=null,age=0}
01:46:23.311 [qtp399373008-62] DEBUG org.eclipse.jetty.io.ManagedSelector - updates 0
01:46:23.311 [qtp399373008-62] DEBUG org.eclipse.jetty.io.ManagedSelector - Selector sun.nio.ch.EPollSelectorImpl@63debfd6 waiting with 1 keys
01:46:23.312 [qtp399373008-62] DEBUG org.eclipse.jetty.io.ManagedSelector - Selector sun.nio.ch.EPollSelectorImpl@63debfd6 woken up from select, 1/1/1 selected
01:46:23.312 [qtp399373008-62] DEBUG org.eclipse.jetty.io.ManagedSelector - Selector sun.nio.ch.EPollSelectorImpl@63debfd6 processing 1 keys, 0 updates
01:46:23.312 [qtp399373008-62] DEBUG org.eclipse.jetty.io.ManagedSelector - selected 1 sun.nio.ch.SelectionKeyImpl@6d195ddd SocketChannelEndPoint@41351c88{l=/127.0.0.1:33719,r=/127.0.0.1:51164,OPEN,fill=FI,flush=-,to=2/30000}{io=1/1,kio=1,kro=1}->SslConnection@5326eb1c{NEED_UNWRAP,eio=-1/-1,di=-1,fill=INTERESTED,flush=IDLE}~>DecryptedEndPoint@211ae3c7{l=/127.0.0.1:33719,r=/127.0.0.1:51164,OPEN,fill=FI,flush=-,to=2/30000}=>HttpConnection@8a432ab[p=HttpParser{s=START,0 of -1},g=HttpGenerator@25543e64{s=START}]=>HttpChannelOverHttp@703e1fb8{s=HttpChannelState@48226717{s=IDLE rs=BLOCKING os=OPEN is=IDLE awp=false se=false i=true al=0},r=0,c=false/false,a=IDLE,uri=null,age=0} 
01:46:23.313 [qtp399373008-62] DEBUG org.eclipse.jetty.io.ChannelEndPoint - onSelected 1->0 r=true w=false for SocketChannelEndPoint@41351c88{l=/127.0.0.1:33719,r=/127.0.0.1:51164,OPEN,fill=FI,flush=-,to=2/30000}{io=1/0,kio=1,kro=1}->SslConnection@5326eb1c{NEED_UNWRAP,eio=-1/-1,di=-1,fill=INTERESTED,flush=IDLE}~>DecryptedEndPoint@211ae3c7{l=/127.0.0.1:33719,r=/127.0.0.1:51164,OPEN,fill=FI,flush=-,to=2/30000}=>HttpConnection@8a432ab[p=HttpParser{s=START,0 of -1},g=HttpGenerator@25543e64{s=START}]=>HttpChannelOverHttp@703e1fb8{s=HttpChannelState@48226717{s=IDLE rs=BLOCKING os=OPEN is=IDLE awp=false se=false i=true al=0},r=0,c=false/false,a=IDLE,uri=null,age=0}
01:46:23.313 [qtp399373008-62] DEBUG org.eclipse.jetty.io.ChannelEndPoint - task CEP:SocketChannelEndPoint@41351c88{l=/127.0.0.1:33719,r=/127.0.0.1:51164,OPEN,fill=FI,flush=-,to=2/30000}{io=1/0,kio=1,kro=1}->SslConnection@5326eb1c{NEED_UNWRAP,eio=-1/-1,di=-1,fill=INTERESTED,flush=IDLE}~>DecryptedEndPoint@211ae3c7{l=/127.0.0.1:33719,r=/127.0.0.1:51164,OPEN,fill=FI,flush=-,to=2/30000}=>HttpConnection@8a432ab[p=HttpParser{s=START,0 of -1},g=HttpGenerator@25543e64{s=START}]=>HttpChannelOverHttp@703e1fb8{s=HttpChannelState@48226717{s=IDLE rs=BLOCKING os=OPEN is=IDLE awp=false se=false i=true al=0},r=0,c=false/false,a=IDLE,uri=null,age=0}:runFillable:BLOCKING
01:46:23.313 [qtp399373008-62] DEBUG org.eclipse.jetty.util.thread.ReservedThreadExecutor - ReservedThreadExecutor@424fd310{reserved=1/8,pending=0} tryExecute EatWhatYouKill@f478a81/SelectorProducer@19553973/PRODUCING/p=false/QueuedThreadPool[qtp399373008]@17cdf2d0{STARTED,8<=8<=200,i=2,r=-1,q=0}[ReservedThreadExecutor@424fd310{reserved=1/8,pending=0}][pc=0,pic=0,pec=0,epc=1]@2024-05-02T01:46:23.313+01:00
01:46:23.313 [qtp399373008-62] DEBUG org.eclipse.jetty.util.thread.ReservedThreadExecutor - ReservedThreadExecutor@424fd310{reserved=0/8,pending=1} startReservedThread p=1
01:46:23.313 [qtp399373008-57] DEBUG org.eclipse.jetty.util.thread.QueuedThreadPool - run ReservedThread@6a04b48e{PENDING,thread=null} in QueuedThreadPool[qtp399373008]@17cdf2d0{STARTED,8<=8<=200,i=1,r=-1,q=0}[ReservedThreadExecutor@424fd310{reserved=0/8,pending=1}]
01:46:23.313 [qtp399373008-57] DEBUG org.eclipse.jetty.util.thread.ReservedThreadExecutor - ReservedThread@6a04b48e{PENDING,thread=Thread[qtp399373008-57,5,main]} was=PENDING next=RESERVED size=0+1 capacity=8
01:46:23.313 [qtp399373008-57] DEBUG org.eclipse.jetty.util.thread.ReservedThreadExecutor - ReservedThread@6a04b48e{RESERVED,thread=Thread[qtp399373008-57,5,main]} waiting ReservedThreadExecutor@424fd310{reserved=1/8,pending=0}
01:46:23.313 [qtp399373008-62] DEBUG org.eclipse.jetty.util.thread.QueuedThreadPool - queue ReservedThread@6a04b48e{RESERVED,thread=Thread[qtp399373008-57,5,main]} startThread=0
01:46:23.313 [qtp399373008-62] DEBUG org.eclipse.jetty.util.thread.strategy.EatWhatYouKill - EatWhatYouKill@f478a81/SelectorProducer@19553973/IDLE/p=true/QueuedThreadPool[qtp399373008]@17cdf2d0{STARTED,8<=8<=200,i=1,r=-1,q=0}[ReservedThreadExecutor@424fd310{reserved=1/8,pending=0}][pc=0,pic=0,pec=0,epc=1]@2024-05-02T01:46:23.313+01:00 m=EXECUTE_PRODUCE_CONSUME t=CEP:SocketChannelEndPoint@41351c88{l=/127.0.0.1:33719,r=/127.0.0.1:51164,OPEN,fill=FI,flush=-,to=2/30000}{io=1/0,kio=1,kro=1}->SslConnection@5326eb1c{NEED_UNWRAP,eio=-1/-1,di=-1,fill=INTERESTED,flush=IDLE}~>DecryptedEndPoint@211ae3c7{l=/127.0.0.1:33719,r=/127.0.0.1:51164,OPEN,fill=FI,flush=-,to=3/30000}=>HttpConnection@8a432ab[p=HttpParser{s=START,0 of -1},g=HttpGenerator@25543e64{s=START}]=>HttpChannelOverHttp@703e1fb8{s=HttpChannelState@48226717{s=IDLE rs=BLOCKING os=OPEN is=IDLE awp=false se=false i=true al=0},r=0,c=false/false,a=IDLE,uri=null,age=0}:runFillable:BLOCKING/BLOCKING
01:46:23.313 [qtp399373008-56] DEBUG org.eclipse.jetty.util.thread.ReservedThreadExecutor - ReservedThread@55a461c3{RESERVED,thread=Thread[qtp399373008-56,5,main]} task=EatWhatYouKill@f478a81/SelectorProducer@19553973/IDLE/p=true/QueuedThreadPool[qtp399373008]@17cdf2d0{STARTED,8<=8<=200,i=1,r=-1,q=0}[ReservedThreadExecutor@424fd310{reserved=1/8,pending=0}][pc=0,pic=0,pec=0,epc=1]@2024-05-02T01:46:23.313+01:00 ReservedThreadExecutor@424fd310{reserved=1/8,pending=0}
01:46:23.313 [qtp399373008-62] DEBUG org.eclipse.jetty.io.FillInterest - fillable FillInterest@3d6496b1{SSLC.NBReadCB@5326eb1c{SslConnection@5326eb1c::SocketChannelEndPoint@41351c88{l=/127.0.0.1:33719,r=/127.0.0.1:51164,OPEN,fill=FI,flush=-,to=2/30000}{io=1/0,kio=1,kro=1}->SslConnection@5326eb1c{NEED_UNWRAP,eio=-1/-1,di=-1,fill=INTERESTED,flush=IDLE}~>DecryptedEndPoint@211ae3c7{l=/127.0.0.1:33719,r=/127.0.0.1:51164,OPEN,fill=FI,flush=-,to=3/30000}=>HttpConnection@8a432ab[p=HttpParser{s=START,0 of -1},g=HttpGenerator@25543e64{s=START}]=>HttpChannelOverHttp@703e1fb8{s=HttpChannelState@48226717{s=IDLE rs=BLOCKING os=OPEN is=IDLE awp=false se=false i=true al=0},r=0,c=false/false,a=IDLE,uri=null,age=0}}}
01:46:23.313 [qtp399373008-56] DEBUG org.eclipse.jetty.util.thread.strategy.EatWhatYouKill - EatWhatYouKill@f478a81/SelectorProducer@19553973/IDLE/p=true/QueuedThreadPool[qtp399373008]@17cdf2d0{STARTED,8<=8<=200,i=1,r=-1,q=0}[ReservedThreadExecutor@424fd310{reserved=1/8,pending=0}][pc=0,pic=0,pec=0,epc=2]@2024-05-02T01:46:23.313+01:00 tryProduce true
01:46:23.313 [qtp399373008-56] DEBUG org.eclipse.jetty.io.ManagedSelector - updateable 0
01:46:23.313 [qtp399373008-56] DEBUG org.eclipse.jetty.io.ManagedSelector - updates 0
01:46:23.313 [qtp399373008-62] DEBUG org.eclipse.jetty.io.ssl.SslConnection - >c.onFillable SslConnection@5326eb1c::SocketChannelEndPoint@41351c88{l=/127.0.0.1:33719,r=/127.0.0.1:51164,OPEN,fill=-,flush=-,to=2/30000}{io=1/0,kio=1,kro=1}->SslConnection@5326eb1c{NEED_UNWRAP,eio=-1/-1,di=-1,fill=INTERESTED,flush=IDLE}~>DecryptedEndPoint@211ae3c7{l=/127.0.0.1:33719,r=/127.0.0.1:51164,OPEN,fill=FI,flush=-,to=3/30000}=>HttpConnection@8a432ab[p=HttpParser{s=START,0 of -1},g=HttpGenerator@25543e64{s=START}]=>HttpChannelOverHttp@703e1fb8{s=HttpChannelState@48226717{s=IDLE rs=BLOCKING os=OPEN is=IDLE awp=false se=false i=true al=0},r=0,c=false/false,a=IDLE,uri=null,age=0}
01:46:23.313 [qtp399373008-56] DEBUG org.eclipse.jetty.io.ChannelEndPoint - Key interests updated 1 -> 0 on SocketChannelEndPoint@41351c88{l=/127.0.0.1:33719,r=/127.0.0.1:51164,OPEN,fill=-,flush=-,to=3/30000}{io=0/0,kio=0,kro=1}->SslConnection@5326eb1c{NEED_UNWRAP,eio=-1/-1,di=-1,fill=INTERESTED,flush=IDLE}~>DecryptedEndPoint@211ae3c7{l=/127.0.0.1:33719,r=/127.0.0.1:51164,OPEN,fill=FI,flush=-,to=3/30000}=>HttpConnection@8a432ab[p=HttpParser{s=START,0 of -1},g=HttpGenerator@25543e64{s=START}]=>HttpChannelOverHttp@703e1fb8{s=HttpChannelState@48226717{s=IDLE rs=BLOCKING os=OPEN is=IDLE awp=false se=false i=true al=0},r=0,c=false/false,a=IDLE,uri=null,age=0}
01:46:23.313 [qtp399373008-62] DEBUG org.eclipse.jetty.io.ssl.SslConnection - onFillable SslConnection@5326eb1c::SocketChannelEndPoint@41351c88{l=/127.0.0.1:33719,r=/127.0.0.1:51164,OPEN,fill=-,flush=-,to=3/30000}{io=0/0,kio=0,kro=1}->SslConnection@5326eb1c{NEED_UNWRAP,eio=-1/-1,di=-1,fill=INTERESTED,flush=IDLE}~>DecryptedEndPoint@211ae3c7{l=/127.0.0.1:33719,r=/127.0.0.1:51164,OPEN,fill=FI,flush=-,to=3/30000}=>HttpConnection@8a432ab[p=HttpParser{s=START,0 of -1},g=HttpGenerator@25543e64{s=START}]=>HttpChannelOverHttp@703e1fb8{s=HttpChannelState@48226717{s=IDLE rs=BLOCKING os=OPEN is=IDLE awp=false se=false i=true al=0},r=0,c=false/false,a=IDLE,uri=null,age=0}
01:46:23.313 [qtp399373008-56] DEBUG org.eclipse.jetty.io.ManagedSelector - Selector sun.nio.ch.EPollSelectorImpl@63debfd6 waiting with 1 keys
01:46:23.313 [qtp399373008-62] DEBUG org.eclipse.jetty.io.FillInterest - fillable FillInterest@c4c610f{AC.ReadCB@8a432ab{HttpConnection@8a432ab::DecryptedEndPoint@211ae3c7{l=/127.0.0.1:33719,r=/127.0.0.1:51164,OPEN,fill=FI,flush=-,to=3/30000}}}
01:46:23.313 [qtp399373008-62] DEBUG org.eclipse.jetty.server.HttpConnection - HttpConnection@8a432ab::DecryptedEndPoint@211ae3c7{l=/127.0.0.1:33719,r=/127.0.0.1:51164,OPEN,fill=-,flush=-,to=3/30000} onFillable enter HttpChannelState@48226717{s=IDLE rs=BLOCKING os=OPEN is=IDLE awp=false se=false i=true al=0} null
01:46:23.314 [qtp399373008-62] DEBUG org.eclipse.jetty.io.ssl.SslConnection - >fill SslConnection@5326eb1c::SocketChannelEndPoint@41351c88{l=/127.0.0.1:33719,r=/127.0.0.1:51164,OPEN,fill=-,flush=-,to=3/30000}{io=0/0,kio=0,kro=1}->SslConnection@5326eb1c{NEED_UNWRAP,eio=-1/-1,di=-1,fill=IDLE,flush=IDLE}~>DecryptedEndPoint@211ae3c7{l=/127.0.0.1:33719,r=/127.0.0.1:51164,OPEN,fill=-,flush=-,to=3/30000}=>HttpConnection@8a432ab[p=HttpParser{s=START,0 of -1},g=HttpGenerator@25543e64{s=START}]=>HttpChannelOverHttp@703e1fb8{s=HttpChannelState@48226717{s=IDLE rs=BLOCKING os=OPEN is=IDLE awp=false se=false i=true al=0},r=0,c=false/false,a=IDLE,uri=null,age=0}
01:46:23.314 [qtp399373008-62] DEBUG org.eclipse.jetty.io.ssl.SslConnection - fill NEED_UNWRAP
01:46:23.314 [qtp399373008-62] DEBUG org.eclipse.jetty.io.ChannelEndPoint - filled 6 HeapByteBuffer@2f3b09c3[p=0,l=6,c=17408,r=6]={<<<\x14\x03\x03\x00\x01\x01>>>\x12{\xD9`H\xF2.j\xD5...\x00\x00\x00\x00\x00\x00\x00}
01:46:23.314 [qtp399373008-62] DEBUG org.eclipse.jetty.io.ssl.SslConnection - net filled=6
01:46:23.314 [qtp399373008-62] DEBUG org.eclipse.jetty.io.ssl.SslConnection - unwrap net_filled=6 Status = OK HandshakeStatus = NEED_UNWRAP bytesConsumed = 6 bytesProduced = 0 encryptedBuffer=[p=6,l=6,c=17408,r=0] unwrapBuffer=HeapByteBuffer@21fcf254[p=0,l=0,c=17408,r=0]={<<<>>>\x16\x03\x03\x01N\x01\x00\x01J...\x00\x00\x00\x00\x00\x00\x00} appBuffer=HeapByteBuffer@21fcf254[p=0,l=0,c=17408,r=0]={<<<>>>\x16\x03\x03\x01N\x01\x00\x01J...\x00\x00\x00\x00\x00\x00\x00}
01:46:23.314 [qtp399373008-62] DEBUG org.eclipse.jetty.io.ssl.SslConnection - fill NEED_UNWRAP
01:46:23.314 [qtp399373008-62] DEBUG org.eclipse.jetty.io.ChannelEndPoint - filled 0 HeapByteBuffer@2f3b09c3[p=0,l=0,c=17408,r=0]={<<<>>>\x14\x03\x03\x00\x01\x01\x12{\xD9...\x00\x00\x00\x00\x00\x00\x00}
01:46:23.314 [qtp399373008-62] DEBUG org.eclipse.jetty.io.ssl.SslConnection - net filled=0
01:46:23.314 [qtp399373008-62] DEBUG org.eclipse.jetty.io.ssl.SslConnection - unwrap net_filled=0 Status = BUFFER_UNDERFLOW HandshakeStatus = NEED_UNWRAP bytesConsumed = 0 bytesProduced = 0 encryptedBuffer=[p=0,l=0,c=17408,r=0] unwrapBuffer=HeapByteBuffer@21fcf254[p=0,l=0,c=17408,r=0]={<<<>>>\x16\x03\x03\x01N\x01\x00\x01J...\x00\x00\x00\x00\x00\x00\x00} appBuffer=HeapByteBuffer@21fcf254[p=0,l=0,c=17408,r=0]={<<<>>>\x16\x03\x03\x01N\x01\x00\x01J...\x00\x00\x00\x00\x00\x00\x00}
01:46:23.314 [qtp399373008-62] DEBUG org.eclipse.jetty.io.ssl.SslConnection - <fill f=0 uf=true SslConnection@5326eb1c::SocketChannelEndPoint@41351c88{l=/127.0.0.1:33719,r=/127.0.0.1:51164,OPEN,fill=-,flush=-,to=0/30000}{io=0/0,kio=0,kro=1}->SslConnection@5326eb1c{NEED_UNWRAP,eio=-1/-1,di=-1,fill=IDLE,flush=IDLE}~>DecryptedEndPoint@211ae3c7{l=/127.0.0.1:33719,r=/127.0.0.1:51164,OPEN,fill=-,flush=-,to=4/30000}=>HttpConnection@8a432ab[p=HttpParser{s=START,0 of -1},g=HttpGenerator@25543e64{s=START}]=>HttpChannelOverHttp@703e1fb8{s=HttpChannelState@48226717{s=IDLE rs=BLOCKING os=OPEN is=IDLE awp=false se=false i=true al=0},r=0,c=false/false,a=IDLE,uri=null,age=0}
01:46:23.314 [qtp399373008-62] DEBUG org.eclipse.jetty.io.ssl.SslConnection - >fill SslConnection@5326eb1c::SocketChannelEndPoint@41351c88{l=/127.0.0.1:33719,r=/127.0.0.1:51164,OPEN,fill=-,flush=-,to=0/30000}{io=0/0,kio=0,kro=1}->SslConnection@5326eb1c{NEED_UNWRAP,eio=-1/-1,di=-1,fill=IDLE,flush=IDLE}~>DecryptedEndPoint@211ae3c7{l=/127.0.0.1:33719,r=/127.0.0.1:51164,OPEN,fill=-,flush=-,to=4/30000}=>HttpConnection@8a432ab[p=HttpParser{s=START,0 of -1},g=HttpGenerator@25543e64{s=START}]=>HttpChannelOverHttp@703e1fb8{s=HttpChannelState@48226717{s=IDLE rs=BLOCKING os=OPEN is=IDLE awp=false se=false i=true al=0},r=0,c=false/false,a=IDLE,uri=null,age=0}
01:46:23.314 [qtp399373008-62] DEBUG org.eclipse.jetty.io.ssl.SslConnection - fill NEED_UNWRAP
01:46:23.315 [qtp399373008-62] DEBUG org.eclipse.jetty.io.ChannelEndPoint - filled 0 HeapByteBuffer@25c362b3[p=0,l=0,c=17408,r=0]={<<<>>>GET / HTT...\x00\x00\x00\x00\x00\x00\x00}
01:46:23.315 [qtp399373008-62] DEBUG org.eclipse.jetty.io.ssl.SslConnection - net filled=0
01:46:23.315 [qtp399373008-62] DEBUG org.eclipse.jetty.io.ssl.SslConnection - unwrap net_filled=0 Status = BUFFER_UNDERFLOW HandshakeStatus = NEED_UNWRAP bytesConsumed = 0 bytesProduced = 0 encryptedBuffer=[p=0,l=0,c=17408,r=0] unwrapBuffer=HeapByteBuffer@21fcf254[p=0,l=0,c=17408,r=0]={<<<>>>\x16\x03\x03\x01N\x01\x00\x01J...\x00\x00\x00\x00\x00\x00\x00} appBuffer=HeapByteBuffer@21fcf254[p=0,l=0,c=17408,r=0]={<<<>>>\x16\x03\x03\x01N\x01\x00\x01J...\x00\x00\x00\x00\x00\x00\x00}
01:46:23.315 [qtp399373008-62] DEBUG org.eclipse.jetty.io.ssl.SslConnection - <fill f=0 uf=true SslConnection@5326eb1c::SocketChannelEndPoint@41351c88{l=/127.0.0.1:33719,r=/127.0.0.1:51164,OPEN,fill=-,flush=-,to=0/30000}{io=0/0,kio=0,kro=1}->SslConnection@5326eb1c{NEED_UNWRAP,eio=-1/-1,di=-1,fill=IDLE,flush=IDLE}~>DecryptedEndPoint@211ae3c7{l=/127.0.0.1:33719,r=/127.0.0.1:51164,OPEN,fill=-,flush=-,to=4/30000}=>HttpConnection@8a432ab[p=HttpParser{s=START,0 of -1},g=HttpGenerator@25543e64{s=START}]=>HttpChannelOverHttp@703e1fb8{s=HttpChannelState@48226717{s=IDLE rs=BLOCKING os=OPEN is=IDLE awp=false se=false i=true al=0},r=0,c=false/false,a=IDLE,uri=null,age=0}
01:46:23.315 [qtp399373008-62] DEBUG org.eclipse.jetty.server.HttpConnection - HttpConnection@8a432ab::DecryptedEndPoint@211ae3c7{l=/127.0.0.1:33719,r=/127.0.0.1:51164,OPEN,fill=-,flush=-,to=4/30000} filled 0 HeapByteBuffer@21fcf254[p=0,l=0,c=17408,r=0]={<<<>>>\x16\x03\x03\x01N\x01\x00\x01J...\x00\x00\x00\x00\x00\x00\x00}
01:46:23.315 [qtp399373008-62] DEBUG org.eclipse.jetty.server.HttpConnection - HttpConnection@8a432ab::DecryptedEndPoint@211ae3c7{l=/127.0.0.1:33719,r=/127.0.0.1:51164,OPEN,fill=-,flush=-,to=4/30000} parse HeapByteBuffer@21fcf254[p=0,l=0,c=17408,r=0]={<<<>>>\x16\x03\x03\x01N\x01\x00\x01J...\x00\x00\x00\x00\x00\x00\x00} {}
01:46:23.315 [qtp399373008-62] DEBUG org.eclipse.jetty.http.HttpParser - parseNext s=START HeapByteBuffer@21fcf254[p=0,l=0,c=17408,r=0]={<<<>>>\x16\x03\x03\x01N\x01\x00\x01J...\x00\x00\x00\x00\x00\x00\x00}
01:46:23.315 [qtp399373008-62] DEBUG org.eclipse.jetty.server.HttpConnection - HttpConnection@8a432ab::DecryptedEndPoint@211ae3c7{l=/127.0.0.1:33719,r=/127.0.0.1:51164,OPEN,fill=-,flush=-,to=4/30000} parsed false HttpParser{s=START,0 of -1}
01:46:23.315 [qtp399373008-62] DEBUG org.eclipse.jetty.server.HttpConnection - releaseRequestBuffer HttpConnection@8a432ab::DecryptedEndPoint@211ae3c7{l=/127.0.0.1:33719,r=/127.0.0.1:51164,OPEN,fill=-,flush=-,to=4/30000}
01:46:23.315 [qtp399373008-62] DEBUG org.eclipse.jetty.io.AbstractConnection - fillInterested HttpConnection@8a432ab::DecryptedEndPoint@211ae3c7{l=/127.0.0.1:33719,r=/127.0.0.1:51164,OPEN,fill=-,flush=-,to=4/30000}
01:46:23.315 [qtp399373008-62] DEBUG org.eclipse.jetty.io.FillInterest - interested FillInterest@c4c610f{AC.ReadCB@8a432ab{HttpConnection@8a432ab::DecryptedEndPoint@211ae3c7{l=/127.0.0.1:33719,r=/127.0.0.1:51164,OPEN,fill=FI,flush=-,to=0/30000}}}
01:46:23.315 [qtp399373008-62] DEBUG org.eclipse.jetty.io.ssl.SslConnection - >needFillInterest s=IDLE/IDLE uf=true ei=null di=null SslConnection@5326eb1c::SocketChannelEndPoint@41351c88{l=/127.0.0.1:33719,r=/127.0.0.1:51164,OPEN,fill=-,flush=-,to=0/30000}{io=0/0,kio=0,kro=1}->SslConnection@5326eb1c{NEED_UNWRAP,eio=-1/-1,di=-1,fill=IDLE,flush=IDLE}~>DecryptedEndPoint@211ae3c7{l=/127.0.0.1:33719,r=/127.0.0.1:51164,OPEN,fill=FI,flush=-,to=0/30000}=>HttpConnection@8a432ab[p=HttpParser{s=START,0 of -1},g=HttpGenerator@25543e64{s=START}]=>HttpChannelOverHttp@703e1fb8{s=HttpChannelState@48226717{s=IDLE rs=BLOCKING os=OPEN is=IDLE awp=false se=false i=true al=0},r=0,c=false/false,a=IDLE,uri=null,age=0}
01:46:23.315 [qtp399373008-62] DEBUG org.eclipse.jetty.io.ssl.SslConnection - <needFillInterest s=IDLE/INTERESTED f=false i=true w=null
01:46:23.315 [qtp399373008-62] DEBUG org.eclipse.jetty.io.ssl.SslConnection - ensureFillInterested SslConnection@5326eb1c::SocketChannelEndPoint@41351c88{l=/127.0.0.1:33719,r=/127.0.0.1:51164,OPEN,fill=-,flush=-,to=0/30000}{io=0/0,kio=0,kro=1}->SslConnection@5326eb1c{NEED_UNWRAP,eio=-1/-1,di=-1,fill=INTERESTED,flush=IDLE}~>DecryptedEndPoint@211ae3c7{l=/127.0.0.1:33719,r=/127.0.0.1:51164,OPEN,fill=FI,flush=-,to=0/30000}=>HttpConnection@8a432ab[p=HttpParser{s=START,0 of -1},g=HttpGenerator@25543e64{s=START}]=>HttpChannelOverHttp@703e1fb8{s=HttpChannelState@48226717{s=IDLE rs=BLOCKING os=OPEN is=IDLE awp=false se=false i=true al=0},r=0,c=false/false,a=IDLE,uri=null,age=0}
01:46:23.315 [qtp399373008-62] DEBUG org.eclipse.jetty.io.FillInterest - interested FillInterest@3d6496b1{SSLC.NBReadCB@5326eb1c{SslConnection@5326eb1c::SocketChannelEndPoint@41351c88{l=/127.0.0.1:33719,r=/127.0.0.1:51164,OPEN,fill=FI,flush=-,to=0/30000}{io=0/0,kio=0,kro=1}->SslConnection@5326eb1c{NEED_UNWRAP,eio=-1/-1,di=-1,fill=INTERESTED,flush=IDLE}~>DecryptedEndPoint@211ae3c7{l=/127.0.0.1:33719,r=/127.0.0.1:51164,OPEN,fill=FI,flush=-,to=0/30000}=>HttpConnection@8a432ab[p=HttpParser{s=START,0 of -1},g=HttpGenerator@25543e64{s=START}]=>HttpChannelOverHttp@703e1fb8{s=HttpChannelState@48226717{s=IDLE rs=BLOCKING os=OPEN is=IDLE awp=false se=false i=true al=0},r=0,c=false/false,a=IDLE,uri=null,age=0}}}
01:46:23.315 [qtp399373008-62] DEBUG org.eclipse.jetty.io.ChannelEndPoint - changeInterests p=false 0->1 for SocketChannelEndPoint@41351c88{l=/127.0.0.1:33719,r=/127.0.0.1:51164,OPEN,fill=FI,flush=-,to=0/30000}{io=0/1,kio=0,kro=1}->SslConnection@5326eb1c{NEED_UNWRAP,eio=-1/-1,di=-1,fill=INTERESTED,flush=IDLE}~>DecryptedEndPoint@211ae3c7{l=/127.0.0.1:33719,r=/127.0.0.1:51164,OPEN,fill=FI,flush=-,to=0/30000}=>HttpConnection@8a432ab[p=HttpParser{s=START,0 of -1},g=HttpGenerator@25543e64{s=START}]=>HttpChannelOverHttp@703e1fb8{s=HttpChannelState@48226717{s=IDLE rs=BLOCKING os=OPEN is=IDLE awp=false se=false i=true al=0},r=0,c=false/false,a=IDLE,uri=null,age=0}
01:46:23.315 [qtp399373008-62] DEBUG org.eclipse.jetty.io.ManagedSelector - Queued change lazy=false org.eclipse.jetty.io.ChannelEndPoint$$Lambda$255/981852870@597ee40a on ManagedSelector@7bb6ab3a{STARTED} id=3 keys=1 selected=0 updates=0
01:46:23.315 [qtp399373008-62] DEBUG org.eclipse.jetty.io.ManagedSelector - Wakeup on submit ManagedSelector@7bb6ab3a{STARTED} id=3 keys=1 selected=0 updates=1
01:46:23.315 [qtp399373008-62] DEBUG org.eclipse.jetty.server.HttpConnection - HttpConnection@8a432ab::DecryptedEndPoint@211ae3c7{l=/127.0.0.1:33719,r=/127.0.0.1:51164,OPEN,fill=FI,flush=-,to=0/30000} onFillable exit HttpChannelState@48226717{s=IDLE rs=BLOCKING os=OPEN is=IDLE awp=false se=false i=true al=0} null
01:46:23.315 [qtp399373008-56] DEBUG org.eclipse.jetty.io.ManagedSelector - Selector sun.nio.ch.EPollSelectorImpl@63debfd6 woken with none selected
01:46:23.315 [qtp399373008-56] DEBUG org.eclipse.jetty.io.ManagedSelector - Selector sun.nio.ch.EPollSelectorImpl@63debfd6 woken up from select, 0/0/1 selected
01:46:23.315 [qtp399373008-56] DEBUG org.eclipse.jetty.io.ManagedSelector - Selector sun.nio.ch.EPollSelectorImpl@63debfd6 processing 0 keys, 1 updates
01:46:23.315 [qtp399373008-56] DEBUG org.eclipse.jetty.io.ManagedSelector - updateable 1
01:46:23.315 [qtp399373008-62] DEBUG org.eclipse.jetty.io.ssl.SslConnection - <c.onFillable SslConnection@5326eb1c::SocketChannelEndPoint@41351c88{l=/127.0.0.1:33719,r=/127.0.0.1:51164,OPEN,fill=FI,flush=-,to=0/30000}{io=0/1,kio=0,kro=1}->SslConnection@5326eb1c{NEED_UNWRAP,eio=-1/-1,di=-1,fill=INTERESTED,flush=IDLE}~>DecryptedEndPoint@211ae3c7{l=/127.0.0.1:33719,r=/127.0.0.1:51164,OPEN,fill=FI,flush=-,to=0/30000}=>HttpConnection@8a432ab[p=HttpParser{s=START,0 of -1},g=HttpGenerator@25543e64{s=START}]=>HttpChannelOverHttp@703e1fb8{s=HttpChannelState@48226717{s=IDLE rs=BLOCKING os=OPEN is=IDLE awp=false se=false i=true al=0},r=0,c=false/false,a=IDLE,uri=null,age=0}
01:46:23.315 [qtp399373008-56] DEBUG org.eclipse.jetty.io.ManagedSelector - update org.eclipse.jetty.io.ChannelEndPoint$$Lambda$255/981852870@597ee40a
01:46:23.315 [qtp399373008-62] DEBUG org.eclipse.jetty.util.thread.ReservedThreadExecutor - ReservedThread@65f3ead4{RUNNING,thread=Thread[qtp399373008-62,5,main]} was=RUNNING next=RESERVED size=0+2 capacity=8
01:46:23.315 [qtp399373008-62] DEBUG org.eclipse.jetty.util.thread.ReservedThreadExecutor - ReservedThread@65f3ead4{RESERVED,thread=Thread[qtp399373008-62,5,main]} waiting ReservedThreadExecutor@424fd310{reserved=2/8,pending=0}
01:46:23.315 [qtp399373008-56] DEBUG org.eclipse.jetty.io.ChannelEndPoint - Key interests updated 0 -> 1 on SocketChannelEndPoint@41351c88{l=/127.0.0.1:33719,r=/127.0.0.1:51164,OPEN,fill=FI,flush=-,to=0/30000}{io=1/1,kio=1,kro=1}->SslConnection@5326eb1c{NEED_UNWRAP,eio=-1/-1,di=-1,fill=INTERESTED,flush=IDLE}~>DecryptedEndPoint@211ae3c7{l=/127.0.0.1:33719,r=/127.0.0.1:51164,OPEN,fill=FI,flush=-,to=0/30000}=>HttpConnection@8a432ab[p=HttpParser{s=START,0 of -1},g=HttpGenerator@25543e64{s=START}]=>HttpChannelOverHttp@703e1fb8{s=HttpChannelState@48226717{s=IDLE rs=BLOCKING os=OPEN is=IDLE awp=false se=false i=true al=0},r=0,c=false/false,a=IDLE,uri=null,age=0}
01:46:23.315 [qtp399373008-56] DEBUG org.eclipse.jetty.io.ManagedSelector - updates 0
01:46:23.315 [qtp399373008-56] DEBUG org.eclipse.jetty.io.ManagedSelector - Selector sun.nio.ch.EPollSelectorImpl@63debfd6 waiting with 1 keys
01:46:23.353 [qtp399373008-56] DEBUG org.eclipse.jetty.io.ManagedSelector - Selector sun.nio.ch.EPollSelectorImpl@63debfd6 woken up from select, 1/1/1 selected
01:46:23.353 [qtp399373008-56] DEBUG org.eclipse.jetty.io.ManagedSelector - Selector sun.nio.ch.EPollSelectorImpl@63debfd6 processing 1 keys, 0 updates
01:46:23.353 [qtp399373008-56] DEBUG org.eclipse.jetty.io.ManagedSelector - selected 1 sun.nio.ch.SelectionKeyImpl@6d195ddd SocketChannelEndPoint@41351c88{l=/127.0.0.1:33719,r=/127.0.0.1:51164,OPEN,fill=FI,flush=-,to=37/30000}{io=1/1,kio=1,kro=1}->SslConnection@5326eb1c{NEED_UNWRAP,eio=-1/-1,di=-1,fill=INTERESTED,flush=IDLE}~>DecryptedEndPoint@211ae3c7{l=/127.0.0.1:33719,r=/127.0.0.1:51164,OPEN,fill=FI,flush=-,to=38/30000}=>HttpConnection@8a432ab[p=HttpParser{s=START,0 of -1},g=HttpGenerator@25543e64{s=START}]=>HttpChannelOverHttp@703e1fb8{s=HttpChannelState@48226717{s=IDLE rs=BLOCKING os=OPEN is=IDLE awp=false se=false i=true al=0},r=0,c=false/false,a=IDLE,uri=null,age=0} 
01:46:23.353 [qtp399373008-56] DEBUG org.eclipse.jetty.io.ChannelEndPoint - onSelected 1->0 r=true w=false for SocketChannelEndPoint@41351c88{l=/127.0.0.1:33719,r=/127.0.0.1:51164,OPEN,fill=FI,flush=-,to=37/30000}{io=1/0,kio=1,kro=1}->SslConnection@5326eb1c{NEED_UNWRAP,eio=-1/-1,di=-1,fill=INTERESTED,flush=IDLE}~>DecryptedEndPoint@211ae3c7{l=/127.0.0.1:33719,r=/127.0.0.1:51164,OPEN,fill=FI,flush=-,to=38/30000}=>HttpConnection@8a432ab[p=HttpParser{s=START,0 of -1},g=HttpGenerator@25543e64{s=START}]=>HttpChannelOverHttp@703e1fb8{s=HttpChannelState@48226717{s=IDLE rs=BLOCKING os=OPEN is=IDLE awp=false se=false i=true al=0},r=0,c=false/false,a=IDLE,uri=null,age=0}
01:46:23.353 [qtp399373008-56] DEBUG org.eclipse.jetty.io.ChannelEndPoint - task CEP:SocketChannelEndPoint@41351c88{l=/127.0.0.1:33719,r=/127.0.0.1:51164,OPEN,fill=FI,flush=-,to=38/30000}{io=1/0,kio=1,kro=1}->SslConnection@5326eb1c{NEED_UNWRAP,eio=-1/-1,di=-1,fill=INTERESTED,flush=IDLE}~>DecryptedEndPoint@211ae3c7{l=/127.0.0.1:33719,r=/127.0.0.1:51164,OPEN,fill=FI,flush=-,to=38/30000}=>HttpConnection@8a432ab[p=HttpParser{s=START,0 of -1},g=HttpGenerator@25543e64{s=START}]=>HttpChannelOverHttp@703e1fb8{s=HttpChannelState@48226717{s=IDLE rs=BLOCKING os=OPEN is=IDLE awp=false se=false i=true al=0},r=0,c=false/false,a=IDLE,uri=null,age=0}:runFillable:BLOCKING
01:46:23.353 [qtp399373008-56] DEBUG org.eclipse.jetty.util.thread.ReservedThreadExecutor - ReservedThreadExecutor@424fd310{reserved=2/8,pending=0} tryExecute EatWhatYouKill@f478a81/SelectorProducer@19553973/PRODUCING/p=false/QueuedThreadPool[qtp399373008]@17cdf2d0{STARTED,8<=8<=200,i=1,r=-1,q=0}[ReservedThreadExecutor@424fd310{reserved=2/8,pending=0}][pc=0,pic=0,pec=0,epc=2]@2024-05-02T01:46:23.353+01:00
01:46:23.353 [qtp399373008-62] DEBUG org.eclipse.jetty.util.thread.ReservedThreadExecutor - ReservedThread@65f3ead4{RESERVED,thread=Thread[qtp399373008-62,5,main]} task=EatWhatYouKill@f478a81/SelectorProducer@19553973/IDLE/p=true/QueuedThreadPool[qtp399373008]@17cdf2d0{STARTED,8<=8<=200,i=1,r=-1,q=0}[ReservedThreadExecutor@424fd310{reserved=1/8,pending=0}][pc=0,pic=0,pec=0,epc=2]@2024-05-02T01:46:23.353+01:00 ReservedThreadExecutor@424fd310{reserved=1/8,pending=0}
01:46:23.353 [qtp399373008-56] DEBUG org.eclipse.jetty.util.thread.strategy.EatWhatYouKill - EatWhatYouKill@f478a81/SelectorProducer@19553973/IDLE/p=true/QueuedThreadPool[qtp399373008]@17cdf2d0{STARTED,8<=8<=200,i=1,r=-1,q=0}[ReservedThreadExecutor@424fd310{reserved=1/8,pending=0}][pc=0,pic=0,pec=0,epc=2]@2024-05-02T01:46:23.353+01:00 m=EXECUTE_PRODUCE_CONSUME t=CEP:SocketChannelEndPoint@41351c88{l=/127.0.0.1:33719,r=/127.0.0.1:51164,OPEN,fill=FI,flush=-,to=38/30000}{io=1/0,kio=1,kro=1}->SslConnection@5326eb1c{NEED_UNWRAP,eio=-1/-1,di=-1,fill=INTERESTED,flush=IDLE}~>DecryptedEndPoint@211ae3c7{l=/127.0.0.1:33719,r=/127.0.0.1:51164,OPEN,fill=FI,flush=-,to=38/30000}=>HttpConnection@8a432ab[p=HttpParser{s=START,0 of -1},g=HttpGenerator@25543e64{s=START}]=>HttpChannelOverHttp@703e1fb8{s=HttpChannelState@48226717{s=IDLE rs=BLOCKING os=OPEN is=IDLE awp=false se=false i=true al=0},r=0,c=false/false,a=IDLE,uri=null,age=0}:runFillable:BLOCKING/BLOCKING
01:46:23.354 [qtp399373008-62] DEBUG org.eclipse.jetty.util.thread.strategy.EatWhatYouKill - EatWhatYouKill@f478a81/SelectorProducer@19553973/IDLE/p=true/QueuedThreadPool[qtp399373008]@17cdf2d0{STARTED,8<=8<=200,i=1,r=-1,q=0}[ReservedThreadExecutor@424fd310{reserved=1/8,pending=0}][pc=0,pic=0,pec=0,epc=2]@2024-05-02T01:46:23.354+01:00 tryProduce true
01:46:23.354 [qtp399373008-62] DEBUG org.eclipse.jetty.io.ManagedSelector - updateable 0
01:46:23.354 [qtp399373008-62] DEBUG org.eclipse.jetty.io.ManagedSelector - updates 0
01:46:23.354 [qtp399373008-56] DEBUG org.eclipse.jetty.io.FillInterest - fillable FillInterest@3d6496b1{SSLC.NBReadCB@5326eb1c{SslConnection@5326eb1c::SocketChannelEndPoint@41351c88{l=/127.0.0.1:33719,r=/127.0.0.1:51164,OPEN,fill=FI,flush=-,to=38/30000}{io=1/0,kio=1,kro=1}->SslConnection@5326eb1c{NEED_UNWRAP,eio=-1/-1,di=-1,fill=INTERESTED,flush=IDLE}~>DecryptedEndPoint@211ae3c7{l=/127.0.0.1:33719,r=/127.0.0.1:51164,OPEN,fill=FI,flush=-,to=38/30000}=>HttpConnection@8a432ab[p=HttpParser{s=START,0 of -1},g=HttpGenerator@25543e64{s=START}]=>HttpChannelOverHttp@703e1fb8{s=HttpChannelState@48226717{s=IDLE rs=BLOCKING os=OPEN is=IDLE awp=false se=false i=true al=0},r=0,c=false/false,a=IDLE,uri=null,age=0}}}
01:46:23.354 [qtp399373008-62] DEBUG org.eclipse.jetty.io.ChannelEndPoint - Key interests updated 1 -> 0 on SocketChannelEndPoint@41351c88{l=/127.0.0.1:33719,r=/127.0.0.1:51164,OPEN,fill=FI,flush=-,to=38/30000}{io=0/0,kio=0,kro=1}->SslConnection@5326eb1c{NEED_UNWRAP,eio=-1/-1,di=-1,fill=INTERESTED,flush=IDLE}~>DecryptedEndPoint@211ae3c7{l=/127.0.0.1:33719,r=/127.0.0.1:51164,OPEN,fill=FI,flush=-,to=38/30000}=>HttpConnection@8a432ab[p=HttpParser{s=START,0 of -1},g=HttpGenerator@25543e64{s=START}]=>HttpChannelOverHttp@703e1fb8{s=HttpChannelState@48226717{s=IDLE rs=BLOCKING os=OPEN is=IDLE awp=false se=false i=true al=0},r=0,c=false/false,a=IDLE,uri=null,age=0}
01:46:23.354 [qtp399373008-56] DEBUG org.eclipse.jetty.io.ssl.SslConnection - >c.onFillable SslConnection@5326eb1c::SocketChannelEndPoint@41351c88{l=/127.0.0.1:33719,r=/127.0.0.1:51164,OPEN,fill=-,flush=-,to=38/30000}{io=0/0,kio=0,kro=1}->SslConnection@5326eb1c{NEED_UNWRAP,eio=-1/-1,di=-1,fill=INTERESTED,flush=IDLE}~>DecryptedEndPoint@211ae3c7{l=/127.0.0.1:33719,r=/127.0.0.1:51164,OPEN,fill=FI,flush=-,to=38/30000}=>HttpConnection@8a432ab[p=HttpParser{s=START,0 of -1},g=HttpGenerator@25543e64{s=START}]=>HttpChannelOverHttp@703e1fb8{s=HttpChannelState@48226717{s=IDLE rs=BLOCKING os=OPEN is=IDLE awp=false se=false i=true al=0},r=0,c=false/false,a=IDLE,uri=null,age=0}
01:46:23.354 [qtp399373008-62] DEBUG org.eclipse.jetty.io.ManagedSelector - Selector sun.nio.ch.EPollSelectorImpl@63debfd6 waiting with 1 keys
01:46:23.354 [qtp399373008-56] DEBUG org.eclipse.jetty.io.ssl.SslConnection - onFillable SslConnection@5326eb1c::SocketChannelEndPoint@41351c88{l=/127.0.0.1:33719,r=/127.0.0.1:51164,OPEN,fill=-,flush=-,to=38/30000}{io=0/0,kio=0,kro=1}->SslConnection@5326eb1c{NEED_UNWRAP,eio=-1/-1,di=-1,fill=INTERESTED,flush=IDLE}~>DecryptedEndPoint@211ae3c7{l=/127.0.0.1:33719,r=/127.0.0.1:51164,OPEN,fill=FI,flush=-,to=38/30000}=>HttpConnection@8a432ab[p=HttpParser{s=START,0 of -1},g=HttpGenerator@25543e64{s=START}]=>HttpChannelOverHttp@703e1fb8{s=HttpChannelState@48226717{s=IDLE rs=BLOCKING os=OPEN is=IDLE awp=false se=false i=true al=0},r=0,c=false/false,a=IDLE,uri=null,age=0}
01:46:23.354 [qtp399373008-56] DEBUG org.eclipse.jetty.io.FillInterest - fillable FillInterest@c4c610f{AC.ReadCB@8a432ab{HttpConnection@8a432ab::DecryptedEndPoint@211ae3c7{l=/127.0.0.1:33719,r=/127.0.0.1:51164,OPEN,fill=FI,flush=-,to=38/30000}}}
01:46:23.354 [qtp399373008-56] DEBUG org.eclipse.jetty.server.HttpConnection - HttpConnection@8a432ab::DecryptedEndPoint@211ae3c7{l=/127.0.0.1:33719,r=/127.0.0.1:51164,OPEN,fill=-,flush=-,to=39/30000} onFillable enter HttpChannelState@48226717{s=IDLE rs=BLOCKING os=OPEN is=IDLE awp=false se=false i=true al=0} null
01:46:23.354 [qtp399373008-56] DEBUG org.eclipse.jetty.io.ssl.SslConnection - >fill SslConnection@5326eb1c::SocketChannelEndPoint@41351c88{l=/127.0.0.1:33719,r=/127.0.0.1:51164,OPEN,fill=-,flush=-,to=38/30000}{io=0/0,kio=0,kro=1}->SslConnection@5326eb1c{NEED_UNWRAP,eio=-1/-1,di=-1,fill=IDLE,flush=IDLE}~>DecryptedEndPoint@211ae3c7{l=/127.0.0.1:33719,r=/127.0.0.1:51164,OPEN,fill=-,flush=-,to=39/30000}=>HttpConnection@8a432ab[p=HttpParser{s=START,0 of -1},g=HttpGenerator@25543e64{s=START}]=>HttpChannelOverHttp@703e1fb8{s=HttpChannelState@48226717{s=IDLE rs=BLOCKING os=OPEN is=IDLE awp=false se=false i=true al=0},r=0,c=false/false,a=IDLE,uri=null,age=0}
01:46:23.354 [qtp399373008-56] DEBUG org.eclipse.jetty.io.ssl.SslConnection - fill NEED_UNWRAP
01:46:23.354 [qtp399373008-56] DEBUG org.eclipse.jetty.io.ChannelEndPoint - filled 1491 HeapByteBuffer@25c362b3[p=0,l=1491,c=17408,r=1491]={<<<\x17\x03\x03\x03\xAd9\x08x\x8en\xC0C\xBb?\xEbv#\x03\x852\xF5\x8c\xBb^o...}\xFe\x12\x8e\x88\xDcW\x147l\t\xD3\x7f2.\x8d\x9b[\xF6\x83I\x8b\xC2>>>\xC1\x18B\xE03\xC23\x9ce...\x00\x00\x00\x00\x00\x00\x00}
01:46:23.354 [qtp399373008-56] DEBUG org.eclipse.jetty.io.ssl.SslConnection - net filled=1491
01:46:23.354 [qtp399373008-56] DEBUG org.eclipse.jetty.io.ssl.SslConnection - unwrap net_filled=1491 Status = OK HandshakeStatus = NEED_TASK bytesConsumed = 946 bytesProduced = 0 encryptedBuffer=[p=946,l=1491,c=17408,r=545] unwrapBuffer=HeapByteBuffer@2f3b09c3[p=0,l=0,c=17408,r=0]={<<<>>>\x14\x03\x03\x00\x01\x01\x12{\xD9...\x00\x00\x00\x00\x00\x00\x00} appBuffer=HeapByteBuffer@2f3b09c3[p=0,l=0,c=17408,r=0]={<<<>>>\x14\x03\x03\x00\x01\x01\x12{\xD9...\x00\x00\x00\x00\x00\x00\x00}
01:46:23.354 [qtp399373008-56] DEBUG org.eclipse.jetty.io.ssl.SslConnection - fill NEED_TASK
01:46:23.355 [qtp399373008-56] DEBUG org.eclipse.jetty.io.ssl.SslConnection - fill NEED_UNWRAP
01:46:23.355 [qtp399373008-56] DEBUG org.eclipse.jetty.io.ChannelEndPoint - filled 0 HeapByteBuffer@25c362b3[p=946,l=1491,c=17408,r=545]={\x17\x03\x03\x03\xAd\x0b\x00\x03\x88...4\xA1\xF1\xA7N\xD0\xB6<<<\x17\x03\x03\x01)L\xEe\xA1\xC6\x96\x93\xD3g\x12jE~\xE3<\xF5\x16\xA8\x9a\xBe~...}\xFe\x12\x8e\x88\xDcW\x147l\t\xD3\x7f2.\x8d\x9b[\xF6\x83I\x8b\xC2>>>\xC1\x18B\xE03\xC23\x9ce...\x00\x00\x00\x00\x00\x00\x00}
01:46:23.355 [qtp399373008-56] DEBUG org.eclipse.jetty.io.ssl.SslConnection - net filled=0
01:46:23.355 [qtp399373008-56] DEBUG org.eclipse.jetty.io.ssl.SslConnection - unwrap net_filled=0 Status = OK HandshakeStatus = NEED_TASK bytesConsumed = 302 bytesProduced = 0 encryptedBuffer=[p=1248,l=1491,c=17408,r=243] unwrapBuffer=HeapByteBuffer@2f3b09c3[p=0,l=0,c=17408,r=0]={<<<>>>\x14\x03\x03\x00\x01\x01\x12{\xD9...\x00\x00\x00\x00\x00\x00\x00} appBuffer=HeapByteBuffer@2f3b09c3[p=0,l=0,c=17408,r=0]={<<<>>>\x14\x03\x03\x00\x01\x01\x12{\xD9...\x00\x00\x00\x00\x00\x00\x00}
01:46:23.355 [qtp399373008-56] DEBUG org.eclipse.jetty.io.ssl.SslConnection - fill NEED_TASK
01:46:23.355 [qtp399373008-56] DEBUG org.eclipse.jetty.io.ssl.SslConnection - fill NEED_UNWRAP
01:46:23.355 [qtp399373008-56] DEBUG org.eclipse.jetty.io.ChannelEndPoint - filled 0 HeapByteBuffer@25c362b3[p=1248,l=1491,c=17408,r=243]={\x17\x03\x03\x03\xAd\x0b\x00\x03\x88...y/\xCf\x81\xCeSp<<<\x17\x03\x03\x00U]\xC6e\xB9g\xDcYX\x87\xB66\r\xA1\x88\xD6]\xD6\xBc\xB7g...}\xFe\x12\x8e\x88\xDcW\x147l\t\xD3\x7f2.\x8d\x9b[\xF6\x83I\x8b\xC2>>>\xC1\x18B\xE03\xC23\x9ce...\x00\x00\x00\x00\x00\x00\x00}
01:46:23.355 [qtp399373008-56] DEBUG org.eclipse.jetty.io.ssl.SslConnection - net filled=0
01:46:23.356 [qtp399373008-56] DEBUG org.eclipse.jetty.io.ssl.SslConnection - unwrap net_filled=0 Status = OK HandshakeStatus = NEED_WRAP bytesConsumed = 90 bytesProduced = 0 encryptedBuffer=[p=1338,l=1491,c=17408,r=153] unwrapBuffer=HeapByteBuffer@2f3b09c3[p=0,l=0,c=17408,r=0]={<<<>>>\x14\x03\x03\x00\x01\x01\x12{\xD9...\x00\x00\x00\x00\x00\x00\x00} appBuffer=HeapByteBuffer@2f3b09c3[p=0,l=0,c=17408,r=0]={<<<>>>\x14\x03\x03\x00\x01\x01\x12{\xD9...\x00\x00\x00\x00\x00\x00\x00}
01:46:23.356 [qtp399373008-56] DEBUG org.eclipse.jetty.io.ssl.SslConnection - fill NEED_WRAP
01:46:23.356 [qtp399373008-56] DEBUG org.eclipse.jetty.io.ssl.SslConnection - >flush SslConnection@5326eb1c::SocketChannelEndPoint@41351c88{l=/127.0.0.1:33719,r=/127.0.0.1:51164,OPEN,fill=-,flush=-,to=2/30000}{io=0/0,kio=0,kro=1}->SslConnection@5326eb1c{NEED_WRAP,eio=153/-1,di=-1,fill=IDLE,flush=IDLE}~>DecryptedEndPoint@211ae3c7{l=/127.0.0.1:33719,r=/127.0.0.1:51164,OPEN,fill=-,flush=-,to=41/30000}=>HttpConnection@8a432ab[p=HttpParser{s=START,0 of -1},g=HttpGenerator@25543e64{s=START}]=>HttpChannelOverHttp@703e1fb8{s=HttpChannelState@48226717{s=IDLE rs=BLOCKING os=OPEN is=IDLE awp=false se=false i=true al=0},r=0,c=false/false,a=IDLE,uri=null,age=0}
01:46:23.356 [qtp399373008-56] DEBUG org.eclipse.jetty.io.ssl.SslConnection - flush b[0]=HeapByteBuffer@98da274[p=0,l=0,c=0,r=0]={<<<>>>}
01:46:23.356 [qtp399373008-56] DEBUG org.eclipse.jetty.io.ssl.SslConnection - flush NEED_WRAP
01:46:23.357 [qtp399373008-56] DEBUG org.eclipse.jetty.io.ssl.SslConnection - wrap Status = OK HandshakeStatus = FINISHED bytesConsumed = 0 bytesProduced = 88 [p=0,l=88,c=17408,r=88] ioDone=false/false
01:46:23.357 [qtp399373008-56] DEBUG org.eclipse.jetty.io.ChannelEndPoint - flushed 88 SocketChannelEndPoint@41351c88{l=/127.0.0.1:33719,r=/127.0.0.1:51164,OPEN,fill=-,flush=-,to=2/30000}{io=0/0,kio=0,kro=1}->SslConnection@5326eb1c{NOT_HANDSHAKING,eio=153/0,di=-1,fill=IDLE,flush=IDLE}~>DecryptedEndPoint@211ae3c7{l=/127.0.0.1:33719,r=/127.0.0.1:51164,OPEN,fill=-,flush=-,to=42/30000}=>HttpConnection@8a432ab[p=HttpParser{s=START,0 of -1},g=HttpGenerator@25543e64{s=START}]=>HttpChannelOverHttp@703e1fb8{s=HttpChannelState@48226717{s=IDLE rs=BLOCKING os=OPEN is=IDLE awp=false se=false i=true al=0},r=0,c=false/false,a=IDLE,uri=null,age=0}
01:46:23.357 [qtp399373008-56] DEBUG org.eclipse.jetty.io.ssl.SslConnection - net flushed=true, ac=true
01:46:23.357 [qtp399373008-56] DEBUG org.eclipse.jetty.io.ssl.SslConnection - handshake succeeded SslConnection@5326eb1c::SocketChannelEndPoint@41351c88{l=/127.0.0.1:33719,r=/127.0.0.1:51164,OPEN,fill=-,flush=-,to=0/30000}{io=0/0,kio=0,kro=1}->SslConnection@5326eb1c{NOT_HANDSHAKING,eio=153/0,di=-1,fill=IDLE,flush=IDLE}~>DecryptedEndPoint@211ae3c7{l=/127.0.0.1:33719,r=/127.0.0.1:51164,OPEN,fill=-,flush=-,to=42/30000}=>HttpConnection@8a432ab[p=HttpParser{s=START,0 of -1},g=HttpGenerator@25543e64{s=START}]=>HttpChannelOverHttp@703e1fb8{s=HttpChannelState@48226717{s=IDLE rs=BLOCKING os=OPEN is=IDLE awp=false se=false i=true al=0},r=0,c=false/false,a=IDLE,uri=null,age=0} resumed server TLSv1.3/TLS_AES_256_GCM_SHA384
01:46:23.357 [qtp399373008-56] DEBUG org.eclipse.jetty.io.ssl.SslConnection - <flush true SslConnection@5326eb1c::SocketChannelEndPoint@41351c88{l=/127.0.0.1:33719,r=/127.0.0.1:51164,OPEN,fill=-,flush=-,to=0/30000}{io=0/0,kio=0,kro=1}->SslConnection@5326eb1c{NOT_HANDSHAKING,eio=153/-1,di=-1,fill=IDLE,flush=IDLE}~>DecryptedEndPoint@211ae3c7{l=/127.0.0.1:33719,r=/127.0.0.1:51164,OPEN,fill=-,flush=-,to=42/30000}=>HttpConnection@8a432ab[p=HttpParser{s=START,0 of -1},g=HttpGenerator@25543e64{s=START}]=>HttpChannelOverHttp@703e1fb8{s=HttpChannelState@48226717{s=IDLE rs=BLOCKING os=OPEN is=IDLE awp=false se=false i=true al=0},r=0,c=false/false,a=IDLE,uri=null,age=0}
01:46:23.357 [qtp399373008-56] DEBUG org.eclipse.jetty.io.ssl.SslConnection - fill NOT_HANDSHAKING
01:46:23.357 [qtp399373008-56] DEBUG org.eclipse.jetty.io.ChannelEndPoint - filled 0 HeapByteBuffer@25c362b3[p=1338,l=1491,c=17408,r=153]={\x17\x03\x03\x03\xAd\x0b\x00\x03\x88...D\xE6\x1dmb\xC6\x91<<<\x17\x03\x03\x00\x94m;\xBfh\x83i\x1aAT\xE1\xA3\xD8\x05\xBc\x0cn\xCf\x83\x9fq...}\xFe\x12\x8e\x88\xDcW\x147l\t\xD3\x7f2.\x8d\x9b[\xF6\x83I\x8b\xC2>>>\xC1\x18B\xE03\xC23\x9ce...\x00\x00\x00\x00\x00\x00\x00}
01:46:23.357 [qtp399373008-56] DEBUG org.eclipse.jetty.io.ssl.SslConnection - net filled=0
01:46:23.357 [qtp399373008-56] DEBUG org.eclipse.jetty.io.ssl.SslConnection - unwrap net_filled=0 Status = OK HandshakeStatus = NOT_HANDSHAKING bytesConsumed = 153 bytesProduced = 115 encryptedBuffer=[p=1491,l=1491,c=17408,r=0] unwrapBuffer=HeapByteBuffer@2f3b09c3[p=0,l=115,c=17408,r=115]={<<<GET / HTTP/1.1\r\nHost: loc...gent: okhttp/3.12.3\r\n\r\n>>>\xC4\xFc\x8a*}\xD3\xA2VI...\x00\x00\x00\x00\x00\x00\x00} appBuffer=HeapByteBuffer@2f3b09c3[p=0,l=115,c=17408,r=115]={<<<GET / HTTP/1.1\r\nHost: loc...gent: okhttp/3.12.3\r\n\r\n>>>\xC4\xFc\x8a*}\xD3\xA2VI...\x00\x00\x00\x00\x00\x00\x00}
01:46:23.357 [qtp399373008-56] DEBUG org.eclipse.jetty.io.ssl.SslConnection - <fill f=115 uf=false SslConnection@5326eb1c::SocketChannelEndPoint@41351c88{l=/127.0.0.1:33719,r=/127.0.0.1:51164,OPEN,fill=-,flush=-,to=0/30000}{io=0/0,kio=0,kro=1}->SslConnection@5326eb1c{NOT_HANDSHAKING,eio=-1/-1,di=-1,fill=IDLE,flush=IDLE}~>DecryptedEndPoint@211ae3c7{l=/127.0.0.1:33719,r=/127.0.0.1:51164,OPEN,fill=-,flush=-,to=42/30000}=>HttpConnection@8a432ab[p=HttpParser{s=START,0 of -1},g=HttpGenerator@25543e64{s=START}]=>HttpChannelOverHttp@703e1fb8{s=HttpChannelState@48226717{s=IDLE rs=BLOCKING os=OPEN is=IDLE awp=false se=false i=true al=0},r=0,c=false/false,a=IDLE,uri=null,age=0}
01:46:23.357 [qtp399373008-56] DEBUG org.eclipse.jetty.server.HttpConnection - HttpConnection@8a432ab::DecryptedEndPoint@211ae3c7{l=/127.0.0.1:33719,r=/127.0.0.1:51164,OPEN,fill=-,flush=-,to=42/30000} filled 115 HeapByteBuffer@2f3b09c3[p=0,l=115,c=17408,r=115]={<<<GET / HTTP/1.1\r\nHost: loc...gent: okhttp/3.12.3\r\n\r\n>>>\xC4\xFc\x8a*}\xD3\xA2VI...\x00\x00\x00\x00\x00\x00\x00}
01:46:23.357 [qtp399373008-56] DEBUG org.eclipse.jetty.server.HttpConnection - HttpConnection@8a432ab::DecryptedEndPoint@211ae3c7{l=/127.0.0.1:33719,r=/127.0.0.1:51164,OPEN,fill=-,flush=-,to=42/30000} parse HeapByteBuffer@2f3b09c3[p=0,l=115,c=17408,r=115]={<<<GET / HTTP/1.1\r\nHost: loc...gent: okhttp/3.12.3\r\n\r\n>>>\xC4\xFc\x8a*}\xD3\xA2VI...\x00\x00\x00\x00\x00\x00\x00} {}
01:46:23.357 [qtp399373008-56] DEBUG org.eclipse.jetty.http.HttpParser - parseNext s=START HeapByteBuffer@2f3b09c3[p=0,l=115,c=17408,r=115]={<<<GET / HTTP/1.1\r\nHost: loc...gent: okhttp/3.12.3\r\n\r\n>>>\xC4\xFc\x8a*}\xD3\xA2VI...\x00\x00\x00\x00\x00\x00\x00}
01:46:23.357 [qtp399373008-56] DEBUG org.eclipse.jetty.http.HttpParser - START --> SPACE1
01:46:23.357 [qtp399373008-56] DEBUG org.eclipse.jetty.http.HttpParser - SPACE1 --> URI
01:46:23.357 [qtp399373008-56] DEBUG org.eclipse.jetty.http.HttpParser - URI --> SPACE2
01:46:23.358 [qtp399373008-56] DEBUG org.eclipse.jetty.http.HttpParser - SPACE2 --> REQUEST_VERSION
01:46:23.358 [qtp399373008-56] DEBUG org.eclipse.jetty.http.HttpParser - REQUEST_VERSION --> HEADER
01:46:23.358 [qtp399373008-56] DEBUG org.eclipse.jetty.http.HttpParser - HEADER:Host --> VALUE
01:46:23.358 [qtp399373008-56] DEBUG org.eclipse.jetty.http.HttpParser - HEADER:Host --> IN_VALUE
01:46:23.358 [qtp399373008-56] DEBUG org.eclipse.jetty.http.HttpParser - HEADER:Host --> FIELD
01:46:23.358 [qtp399373008-56] DEBUG org.eclipse.jetty.http.HttpParser - HEADER:Connection: keep-alive --> IN_VALUE
01:46:23.358 [qtp399373008-56] DEBUG org.eclipse.jetty.http.HttpParser - HEADER:Connection: keep-alive --> FIELD
01:46:23.358 [qtp399373008-56] DEBUG org.eclipse.jetty.http.HttpParser - HEADER:Accept-Encoding: gzip --> IN_VALUE
01:46:23.358 [qtp399373008-56] DEBUG org.eclipse.jetty.http.HttpParser - HEADER:Accept-Encoding: gzip --> FIELD
01:46:23.358 [qtp399373008-56] DEBUG org.eclipse.jetty.http.HttpParser - HEADER:User-Agent --> VALUE
01:46:23.358 [qtp399373008-56] DEBUG org.eclipse.jetty.http.HttpParser - HEADER:User-Agent --> IN_VALUE
01:46:23.358 [qtp399373008-56] DEBUG org.eclipse.jetty.http.HttpParser - HEADER:User-Agent --> FIELD
01:46:23.358 [qtp399373008-56] DEBUG org.eclipse.jetty.http.HttpParser - HEADER --> CONTENT
01:46:23.358 [qtp399373008-56] DEBUG org.eclipse.jetty.server.HttpChannel - REQUEST for //localhost:33719/ on HttpChannelOverHttp@703e1fb8{s=HttpChannelState@48226717{s=IDLE rs=BLOCKING os=OPEN is=IDLE awp=false se=false i=true al=0},r=1,c=false/false,a=IDLE,uri=//localhost:33719/,age=0}
GET //localhost:33719/ HTTP/1.1
Host: localhost:33719
Connection: keep-alive
Accept-Encoding: gzip
User-Agent: okhttp/3.12.3


01:46:23.358 [qtp399373008-56] DEBUG org.eclipse.jetty.server.HttpConnection - HttpConnection@8a432ab::DecryptedEndPoint@211ae3c7{l=/127.0.0.1:33719,r=/127.0.0.1:51164,OPEN,fill=-,flush=-,to=42/30000} parsed true HttpParser{s=CONTENT,0 of -1}
01:46:23.358 [qtp399373008-56] DEBUG org.eclipse.jetty.server.HttpConnection - releaseRequestBuffer HttpConnection@8a432ab::DecryptedEndPoint@211ae3c7{l=/127.0.0.1:33719,r=/127.0.0.1:51164,OPEN,fill=-,flush=-,to=42/30000}
01:46:23.358 [qtp399373008-56] DEBUG org.eclipse.jetty.server.HttpChannel - handle //localhost:33719/ HttpChannelOverHttp@703e1fb8{s=HttpChannelState@48226717{s=IDLE rs=BLOCKING os=OPEN is=IDLE awp=false se=false i=true al=0},r=1,c=false/false,a=IDLE,uri=//localhost:33719/,age=0} 
01:46:23.358 [qtp399373008-56] DEBUG org.eclipse.jetty.server.HttpChannelState - handling HttpChannelState@48226717{s=IDLE rs=BLOCKING os=OPEN is=IDLE awp=false se=false i=true al=0}
01:46:23.358 [qtp399373008-56] DEBUG org.eclipse.jetty.server.HttpChannel - action DISPATCH HttpChannelOverHttp@703e1fb8{s=HttpChannelState@48226717{s=HANDLING rs=BLOCKING os=OPEN is=IDLE awp=false se=false i=true al=0},r=1,c=false/false,a=HANDLING,uri=//localhost:33719/,age=0}
01:46:23.358 [qtp399373008-56] DEBUG org.eclipse.jetty.server.SecureRequestCustomizer - Host localhost with SNI null
01:46:23.358 [qtp399373008-56] DEBUG org.eclipse.jetty.server.Server - REQUEST GET / on HttpChannelOverHttp@703e1fb8{s=HttpChannelState@48226717{s=HANDLING rs=BLOCKING os=OPEN is=IDLE awp=false se=false i=true al=0},r=1,c=false/false,a=HANDLING,uri=https://localhost:33719/,age=0}
01:46:23.358 [qtp399373008-56] DEBUG org.eclipse.jetty.server.HttpOutput - write(array HeapByteBuffer@5d13d46e[p=0,l=4,c=512,r=4]={<<<test>>>\x00\x00\x00\x00\x00\x00\x00\x00\x00...\x00\x00\x00\x00\x00\x00\x00})
01:46:23.358 [qtp399373008-56] DEBUG org.eclipse.jetty.server.HttpOutput - write(array) s=CLOSING,api=BLOCKED,sc=false,e=null last=true agg=false flush=true async=false, len=4 null
01:46:23.358 [qtp399373008-56] DEBUG org.eclipse.jetty.server.HttpChannel - sendResponse info=null content=HeapByteBuffer@7db04e62[p=0,l=4,c=512,r=4]={<<<test>>>\x00\x00\x00\x00\x00\x00\x00\x00\x00...\x00\x00\x00\x00\x00\x00\x00} complete=true committing=true callback=Blocker@485aa2c2{null}
01:46:23.358 [qtp399373008-56] DEBUG org.eclipse.jetty.server.HttpChannel - COMMIT for / on HttpChannelOverHttp@703e1fb8{s=HttpChannelState@48226717{s=HANDLING rs=BLOCKING os=COMMITTED is=IDLE awp=false se=false i=true al=0},r=1,c=false/false,a=HANDLING,uri=https://localhost:33719/,age=0}
200 null HTTP/1.1
Date: Thu, 02 May 2024 00:46:23 GMT
ETag: testEtag
Content-Type: text/plain;charset=utf-8
Content-Length: 4


01:46:23.358 [qtp399373008-56] DEBUG org.eclipse.jetty.server.HttpConnection - generate: NEED_HEADER for SendCallback@1fced375[PROCESSING][i=HTTP/1.1{s=200,h=4,cl=4},cb=org.eclipse.jetty.server.HttpChannel$SendCallback@5c3dc446] (null,[p=0,l=4,c=512,r=4],true)@START
01:46:23.358 [qtp399373008-56] DEBUG org.eclipse.jetty.http.HttpGenerator - generateHeaders HTTP/1.1{s=200,h=4,cl=4} last=true content=HeapByteBuffer@7db04e62[p=0,l=4,c=512,r=4]={<<<test>>>\x00\x00\x00\x00\x00\x00\x00\x00\x00...\x00\x00\x00\x00\x00\x00\x00}
01:46:23.358 [qtp399373008-56] DEBUG org.eclipse.jetty.http.HttpGenerator - Date: Thu, 02 May 2024 00:46:23 GMT
ETag: testEtag
Content-Type: text/plain;charset=utf-8
Content-Length: 4


01:46:23.358 [qtp399373008-56] DEBUG org.eclipse.jetty.http.HttpGenerator - CONTENT_LENGTH
01:46:23.358 [qtp399373008-56] DEBUG org.eclipse.jetty.server.HttpConnection - generate: FLUSH for SendCallback@1fced375[PROCESSING][i=HTTP/1.1{s=200,h=4,cl=4},cb=org.eclipse.jetty.server.HttpChannel$SendCallback@5c3dc446] ([p=0,l=164,c=8192,r=164],[p=0,l=4,c=512,r=4],true)@COMPLETING
01:46:23.358 [qtp399373008-56] DEBUG org.eclipse.jetty.io.WriteFlusher - write: WriteFlusher@238152fd{IDLE}->null [HeapByteBuffer@eac4508[p=0,l=164,c=8192,r=164]={<<<HTTP/1.1 200 OK\r\nDate: Th...y(9.4.44.v20210927)\r\n\r\n>>>\x00\x00\x00\x00\x00\x00\x00\x00\x00...\x00\x00\x00\x00\x00\x00\x00},HeapByteBuffer@7db04e62[p=0,l=4,c=512,r=4]={<<<test>>>\x00\x00\x00\x00\x00\x00\x00\x00\x00...\x00\x00\x00\x00\x00\x00\x00}]
01:46:23.358 [qtp399373008-56] DEBUG org.eclipse.jetty.io.WriteFlusher - update WriteFlusher@238152fd{WRITING}->null:IDLE-->WRITING
01:46:23.358 [qtp399373008-56] DEBUG org.eclipse.jetty.io.ssl.SslConnection - >flush SslConnection@5326eb1c::SocketChannelEndPoint@41351c88{l=/127.0.0.1:33719,r=/127.0.0.1:51164,OPEN,fill=-,flush=-,to=1/30000}{io=0/0,kio=0,kro=1}->SslConnection@5326eb1c{NOT_HANDSHAKING,eio=-1/-1,di=-1,fill=IDLE,flush=IDLE}~>DecryptedEndPoint@211ae3c7{l=/127.0.0.1:33719,r=/127.0.0.1:51164,OPEN,fill=-,flush=W,to=43/30000}=>HttpConnection@8a432ab[p=HttpParser{s=CONTENT,0 of -1},g=HttpGenerator@25543e64{s=COMPLETING}]=>HttpChannelOverHttp@703e1fb8{s=HttpChannelState@48226717{s=HANDLING rs=BLOCKING os=COMMITTED is=IDLE awp=false se=false i=true al=0},r=1,c=false/false,a=HANDLING,uri=https://localhost:33719/,age=0}
01:46:23.358 [qtp399373008-56] DEBUG org.eclipse.jetty.io.ssl.SslConnection - flush b[0]=HeapByteBuffer@eac4508[p=0,l=164,c=8192,r=164]={<<<HTTP/1.1 200 OK\r\nDate: Th...y(9.4.44.v20210927)\r\n\r\n>>>\x00\x00\x00\x00\x00\x00\x00\x00\x00...\x00\x00\x00\x00\x00\x00\x00}
01:46:23.358 [qtp399373008-56] DEBUG org.eclipse.jetty.io.ssl.SslConnection - flush b[1]=HeapByteBuffer@7db04e62[p=0,l=4,c=512,r=4]={<<<test>>>\x00\x00\x00\x00\x00\x00\x00\x00\x00...\x00\x00\x00\x00\x00\x00\x00}
01:46:23.358 [qtp399373008-56] DEBUG org.eclipse.jetty.io.ssl.SslConnection - flush NOT_HANDSHAKING
01:46:23.358 [qtp399373008-56] DEBUG org.eclipse.jetty.io.ssl.SslConnection - wrap Status = OK HandshakeStatus = NOT_HANDSHAKING bytesConsumed = 168 bytesProduced = 206 [p=0,l=206,c=17408,r=206] ioDone=false/false
01:46:23.359 [qtp399373008-56] DEBUG org.eclipse.jetty.io.ChannelEndPoint - flushed 206 SocketChannelEndPoint@41351c88{l=/127.0.0.1:33719,r=/127.0.0.1:51164,OPEN,fill=-,flush=-,to=1/30000}{io=0/0,kio=0,kro=1}->SslConnection@5326eb1c{NOT_HANDSHAKING,eio=-1/0,di=-1,fill=IDLE,flush=IDLE}~>DecryptedEndPoint@211ae3c7{l=/127.0.0.1:33719,r=/127.0.0.1:51164,OPEN,fill=-,flush=W,to=43/30000}=>HttpConnection@8a432ab[p=HttpParser{s=CONTENT,0 of -1},g=HttpGenerator@25543e64{s=COMPLETING}]=>HttpChannelOverHttp@703e1fb8{s=HttpChannelState@48226717{s=HANDLING rs=BLOCKING os=COMMITTED is=IDLE awp=false se=false i=true al=0},r=1,c=false/false,a=HANDLING,uri=https://localhost:33719/,age=0}
01:46:23.359 [qtp399373008-56] DEBUG org.eclipse.jetty.io.ssl.SslConnection - net flushed=true, ac=true
01:46:23.359 [qtp399373008-56] DEBUG org.eclipse.jetty.io.ssl.SslConnection - <flush true SslConnection@5326eb1c::SocketChannelEndPoint@41351c88{l=/127.0.0.1:33719,r=/127.0.0.1:51164,OPEN,fill=-,flush=-,to=0/30000}{io=0/0,kio=0,kro=1}->SslConnection@5326eb1c{NOT_HANDSHAKING,eio=-1/-1,di=-1,fill=IDLE,flush=IDLE}~>DecryptedEndPoint@211ae3c7{l=/127.0.0.1:33719,r=/127.0.0.1:51164,OPEN,fill=-,flush=W,to=43/30000}=>HttpConnection@8a432ab[p=HttpParser{s=CONTENT,0 of -1},g=HttpGenerator@25543e64{s=COMPLETING}]=>HttpChannelOverHttp@703e1fb8{s=HttpChannelState@48226717{s=HANDLING rs=BLOCKING os=COMMITTED is=IDLE awp=false se=false i=true al=0},r=1,c=false/false,a=HANDLING,uri=https://localhost:33719/,age=1}
01:46:23.359 [qtp399373008-56] DEBUG org.eclipse.jetty.io.WriteFlusher - Flushed=true written=168 remaining=0 WriteFlusher@238152fd{WRITING}->null
01:46:23.359 [qtp399373008-56] DEBUG org.eclipse.jetty.io.WriteFlusher - update WriteFlusher@238152fd{IDLE}->null:WRITING-->IDLE
01:46:23.359 [qtp399373008-56] DEBUG org.eclipse.jetty.server.HttpConnection - generate: DONE for SendCallback@1fced375[PROCESSING][i=HTTP/1.1{s=200,h=4,cl=4},cb=org.eclipse.jetty.server.HttpChannel$SendCallback@5c3dc446] ([p=164,l=164,c=8192,r=0],[p=4,l=4,c=512,r=0],true)@END
01:46:23.359 [qtp399373008-56] DEBUG org.eclipse.jetty.server.HttpOutput - onWriteComplete(true,null) s=CLOSING,api=BLOCKED,sc=false,e=null->s=CLOSED,api=BLOCKING,sc=false,e=null c=null cb=null w=false
01:46:23.359 [qtp399373008-56] DEBUG org.eclipse.jetty.server.HttpOutput - close() s=CLOSED,api=BLOCKING,sc=false,e=null c=null b=null
01:46:23.359 [main] DEBUG org.apache.nifi.minifi.bootstrap.configuration.ingestors.PullHttpChangeIngestor - Response received: Response{protocol=http/1.1, code=200, message=OK, url=https://localhost:33719/}
01:46:23.359 [qtp399373008-56] DEBUG org.eclipse.jetty.server.Server - handled=true async=false committed=true on HttpChannelOverHttp@703e1fb8{s=HttpChannelState@48226717{s=HANDLING rs=BLOCKING os=COMPLETED is=IDLE awp=false se=false i=true al=0},r=1,c=false/true,a=HANDLING,uri=https://localhost:33719/,age=1}
01:46:23.359 [qtp399373008-56] DEBUG org.eclipse.jetty.server.HttpChannelState - unhandle HttpChannelState@48226717{s=HANDLING rs=BLOCKING os=COMPLETED is=IDLE awp=false se=false i=true al=0}
01:46:23.359 [qtp399373008-56] DEBUG org.eclipse.jetty.server.HttpChannelState - nextAction(false) COMPLETE HttpChannelState@48226717{s=HANDLING rs=COMPLETING os=COMPLETED is=IDLE awp=false se=false i=false al=0}
01:46:23.359 [qtp399373008-56] DEBUG org.eclipse.jetty.server.HttpChannel - action COMPLETE HttpChannelOverHttp@703e1fb8{s=HttpChannelState@48226717{s=HANDLING rs=COMPLETING os=COMPLETED is=IDLE awp=false se=false i=false al=0},r=1,c=false/true,a=HANDLING,uri=https://localhost:33719/,age=1}
01:46:23.359 [qtp399373008-56] DEBUG org.eclipse.jetty.server.HttpOutput - complete(org.eclipse.jetty.util.Callback$3@3e50a8fd) s=CLOSED,api=BLOCKING,sc=false,e=null s=true e=null, c=null
01:46:23.359 [qtp399373008-56] DEBUG org.eclipse.jetty.server.HttpChannelState - completed HttpChannelState@48226717{s=HANDLING rs=COMPLETING os=COMPLETED is=IDLE awp=false se=false i=false al=0}
01:46:23.359 [main] DEBUG org.apache.nifi.minifi.bootstrap.configuration.ingestors.PullHttpChangeIngestor - New change received, notifying listener
01:46:23.359 [qtp399373008-56] DEBUG org.eclipse.jetty.server.HttpChannelState - unhandle HttpChannelState@48226717{s=HANDLING rs=COMPLETED os=COMPLETED is=IDLE awp=false se=false i=false al=0}
01:46:23.359 [qtp399373008-56] DEBUG org.eclipse.jetty.server.HttpChannelState - nextAction(false) TERMINATED HttpChannelState@48226717{s=IDLE rs=COMPLETED os=COMPLETED is=IDLE awp=false se=false i=false al=0}
01:46:23.359 [main] DEBUG org.apache.nifi.minifi.bootstrap.configuration.ingestors.PullHttpChangeIngestor - Listeners notified
01:46:23.359 [qtp399373008-56] DEBUG org.eclipse.jetty.server.HttpChannel - action TERMINATED HttpChannelOverHttp@703e1fb8{s=HttpChannelState@48226717{s=IDLE rs=COMPLETED os=COMPLETED is=IDLE awp=false se=false i=false al=0},r=1,c=true/true,a=IDLE,uri=https://localhost:33719/,age=1}
01:46:23.359 [qtp399373008-56] DEBUG org.eclipse.jetty.server.HttpChannel - onCompleted for / written=4
01:46:23.359 [qtp399373008-56] DEBUG org.eclipse.jetty.io.ssl.SslConnection - >fill SslConnection@5326eb1c::SocketChannelEndPoint@41351c88{l=/127.0.0.1:33719,r=/127.0.0.1:51164,OPEN,fill=-,flush=-,to=0/30000}{io=0/0,kio=0,kro=1}->SslConnection@5326eb1c{NOT_HANDSHAKING,eio=-1/-1,di=-1,fill=IDLE,flush=IDLE}~>DecryptedEndPoint@211ae3c7{l=/127.0.0.1:33719,r=/127.0.0.1:51164,OPEN,fill=-,flush=-,to=44/30000}=>HttpConnection@8a432ab[p=HttpParser{s=CONTENT,0 of -1},g=HttpGenerator@25543e64{s=END}]=>HttpChannelOverHttp@703e1fb8{s=HttpChannelState@48226717{s=IDLE rs=COMPLETED os=COMPLETED is=IDLE awp=false se=false i=false al=0},r=1,c=true/true,a=IDLE,uri=https://localhost:33719/,age=1}
01:46:23.359 [qtp399373008-56] DEBUG org.eclipse.jetty.io.ssl.SslConnection - fill NOT_HANDSHAKING
01:46:23.359 [qtp399373008-56] DEBUG org.eclipse.jetty.io.ChannelEndPoint - filled 0 HeapByteBuffer@2f3b09c3[p=0,l=0,c=17408,r=0]={<<<>>>GET / HTT...\x00\x00\x00\x00\x00\x00\x00}
01:46:23.359 [qtp399373008-56] DEBUG org.eclipse.jetty.io.ssl.SslConnection - net filled=0
01:46:23.359 [qtp399373008-56] DEBUG org.eclipse.jetty.io.ssl.SslConnection - unwrap net_filled=0 Status = BUFFER_UNDERFLOW HandshakeStatus = NOT_HANDSHAKING bytesConsumed = 0 bytesProduced = 0 encryptedBuffer=[p=0,l=0,c=17408,r=0] unwrapBuffer=HeapByteBuffer@25c362b3[p=0,l=0,c=17408,r=0]={<<<>>>\x17\x03\x03\x03\xAd\x0b\x00\x03\x88...\x00\x00\x00\x00\x00\x00\x00} appBuffer=HeapByteBuffer@25c362b3[p=0,l=0,c=17408,r=0]={<<<>>>\x17\x03\x03\x03\xAd\x0b\x00\x03\x88...\x00\x00\x00\x00\x00\x00\x00}
]]></system-out>
  </testcase>
  <testcase name="testUseEtagWithPath" classname="org.apache.nifi.minifi.bootstrap.configuration.ingestors.PullHttpChangeIngestorSSLTest" time="0.071">
    <system-out><![CDATA[01:46:23.359 [qtp399373008-56] DEBUG org.eclipse.jetty.io.ssl.SslConnection - <fill f=0 uf=true SslConnection@5326eb1c::SocketChannelEndPoint@41351c88{l=/127.0.0.1:33719,r=/127.0.0.1:51164,OPEN,fill=-,flush=-,to=0/30000}{io=0/0,kio=0,kro=1}->SslConnection@5326eb1c{NOT_HANDSHAKING,eio=-1/-1,di=-1,fill=IDLE,flush=IDLE}~>DecryptedEndPoint@211ae3c7{l=/127.0.0.1:33719,r=/127.0.0.1:51164,OPEN,fill=-,flush=-,to=44/30000}=>HttpConnection@8a432ab[p=HttpParser{s=CONTENT,0 of -1},g=HttpGenerator@25543e64{s=END}]=>HttpChannelOverHttp@703e1fb8{s=HttpChannelState@48226717{s=IDLE rs=COMPLETED os=COMPLETED is=IDLE awp=false se=false i=false al=0},r=1,c=true/true,a=IDLE,uri=https://localhost:33719/,age=1}
01:46:23.359 [qtp399373008-56] DEBUG org.eclipse.jetty.io.ssl.SslConnection - >fill SslConnection@5326eb1c::SocketChannelEndPoint@41351c88{l=/127.0.0.1:33719,r=/127.0.0.1:51164,OPEN,fill=-,flush=-,to=0/30000}{io=0/0,kio=0,kro=1}->SslConnection@5326eb1c{NOT_HANDSHAKING,eio=-1/-1,di=-1,fill=IDLE,flush=IDLE}~>DecryptedEndPoint@211ae3c7{l=/127.0.0.1:33719,r=/127.0.0.1:51164,OPEN,fill=-,flush=-,to=44/30000}=>HttpConnection@8a432ab[p=HttpParser{s=CONTENT,0 of -1},g=HttpGenerator@25543e64{s=END}]=>HttpChannelOverHttp@703e1fb8{s=HttpChannelState@48226717{s=IDLE rs=COMPLETED os=COMPLETED is=IDLE awp=false se=false i=false al=0},r=1,c=true/true,a=IDLE,uri=https://localhost:33719/,age=1}
01:46:23.359 [qtp399373008-56] DEBUG org.eclipse.jetty.io.ssl.SslConnection - fill NOT_HANDSHAKING
01:46:23.359 [qtp399373008-56] DEBUG org.eclipse.jetty.io.ChannelEndPoint - filled 0 HeapByteBuffer@21fcf254[p=0,l=0,c=17408,r=0]={<<<>>>\x17\x03\x03\x00\xC9\xF6\xA5*\xBe...\x00\x00\x00\x00\x00\x00\x00}
01:46:23.359 [qtp399373008-56] DEBUG org.eclipse.jetty.io.ssl.SslConnection - net filled=0
01:46:23.360 [qtp399373008-56] DEBUG org.eclipse.jetty.io.ssl.SslConnection - unwrap net_filled=0 Status = BUFFER_UNDERFLOW HandshakeStatus = NOT_HANDSHAKING bytesConsumed = 0 bytesProduced = 0 encryptedBuffer=[p=0,l=0,c=17408,r=0] unwrapBuffer=HeapByteBuffer@25c362b3[p=0,l=0,c=17408,r=0]={<<<>>>\x17\x03\x03\x03\xAd\x0b\x00\x03\x88...\x00\x00\x00\x00\x00\x00\x00} appBuffer=HeapByteBuffer@25c362b3[p=0,l=0,c=17408,r=0]={<<<>>>\x17\x03\x03\x03\xAd\x0b\x00\x03\x88...\x00\x00\x00\x00\x00\x00\x00}
01:46:23.360 [qtp399373008-56] DEBUG org.eclipse.jetty.io.ssl.SslConnection - <fill f=0 uf=true SslConnection@5326eb1c::SocketChannelEndPoint@41351c88{l=/127.0.0.1:33719,r=/127.0.0.1:51164,OPEN,fill=-,flush=-,to=1/30000}{io=0/0,kio=0,kro=1}->SslConnection@5326eb1c{NOT_HANDSHAKING,eio=-1/-1,di=-1,fill=IDLE,flush=IDLE}~>DecryptedEndPoint@211ae3c7{l=/127.0.0.1:33719,r=/127.0.0.1:51164,OPEN,fill=-,flush=-,to=44/30000}=>HttpConnection@8a432ab[p=HttpParser{s=CONTENT,0 of -1},g=HttpGenerator@25543e64{s=END}]=>HttpChannelOverHttp@703e1fb8{s=HttpChannelState@48226717{s=IDLE rs=COMPLETED os=COMPLETED is=IDLE awp=false se=false i=false al=0},r=1,c=true/true,a=IDLE,uri=https://localhost:33719/,age=2}
01:46:23.360 [qtp399373008-56] DEBUG org.eclipse.jetty.server.HttpConnection - HttpConnection@8a432ab::DecryptedEndPoint@211ae3c7{l=/127.0.0.1:33719,r=/127.0.0.1:51164,OPEN,fill=-,flush=-,to=44/30000} filled 0 HeapByteBuffer@25c362b3[p=0,l=0,c=17408,r=0]={<<<>>>\x17\x03\x03\x03\xAd\x0b\x00\x03\x88...\x00\x00\x00\x00\x00\x00\x00}
01:46:23.360 [qtp399373008-56] DEBUG org.eclipse.jetty.server.HttpConnection - HttpConnection@8a432ab::DecryptedEndPoint@211ae3c7{l=/127.0.0.1:33719,r=/127.0.0.1:51164,OPEN,fill=-,flush=-,to=44/30000} parse HeapByteBuffer@25c362b3[p=0,l=0,c=17408,r=0]={<<<>>>\x17\x03\x03\x03\xAd\x0b\x00\x03\x88...\x00\x00\x00\x00\x00\x00\x00} {}
01:46:23.360 [qtp399373008-56] DEBUG org.eclipse.jetty.http.HttpParser - parseNext s=CONTENT HeapByteBuffer@25c362b3[p=0,l=0,c=17408,r=0]={<<<>>>\x17\x03\x03\x03\xAd\x0b\x00\x03\x88...\x00\x00\x00\x00\x00\x00\x00}
01:46:23.360 [qtp399373008-56] DEBUG org.eclipse.jetty.http.HttpParser - CONTENT --> CONTENT_END
01:46:23.360 [qtp399373008-56] DEBUG org.eclipse.jetty.server.HttpChannel - onContentComplete HttpChannelOverHttp@703e1fb8{s=HttpChannelState@48226717{s=IDLE rs=COMPLETED os=COMPLETED is=IDLE awp=false se=false i=false al=0},r=1,c=true/true,a=IDLE,uri=https://localhost:33719/,age=2}
01:46:23.360 [qtp399373008-56] DEBUG org.eclipse.jetty.http.HttpParser - CONTENT_END --> END
01:46:23.360 [qtp399373008-56] DEBUG org.eclipse.jetty.server.HttpChannel - onRequestComplete HttpChannelOverHttp@703e1fb8{s=HttpChannelState@48226717{s=IDLE rs=COMPLETED os=COMPLETED is=IDLE awp=false se=false i=false al=0},r=1,c=true/true,a=IDLE,uri=https://localhost:33719/,age=2}
01:46:23.360 [qtp399373008-56] DEBUG org.eclipse.jetty.server.HttpInput - HttpInputOverHTTP@576c9139[c=0,q=0,[0]=null,s=STREAM] addContent EOF
01:46:23.360 [qtp399373008-56] DEBUG org.eclipse.jetty.server.HttpConnection - HttpConnection@8a432ab::DecryptedEndPoint@211ae3c7{l=/127.0.0.1:33719,r=/127.0.0.1:51164,OPEN,fill=-,flush=-,to=45/30000} parsed false HttpParser{s=END,0 of -1}
01:46:23.360 [qtp399373008-56] DEBUG org.eclipse.jetty.server.HttpConnection - releaseRequestBuffer HttpConnection@8a432ab::DecryptedEndPoint@211ae3c7{l=/127.0.0.1:33719,r=/127.0.0.1:51164,OPEN,fill=-,flush=-,to=45/30000}
01:46:23.360 [qtp399373008-56] DEBUG org.eclipse.jetty.server.HttpChannelState - recycle HttpChannelState@48226717{s=IDLE rs=COMPLETED os=COMPLETED is=IDLE awp=false se=false i=false al=0}
01:46:23.360 [qtp399373008-56] DEBUG org.eclipse.jetty.http.HttpParser - reset HttpParser{s=END,0 of -1}
01:46:23.360 [qtp399373008-56] DEBUG org.eclipse.jetty.http.HttpParser - END --> START
01:46:23.360 [qtp399373008-56] DEBUG org.eclipse.jetty.server.HttpChannel - !handle TERMINATED HttpChannelOverHttp@703e1fb8{s=HttpChannelState@48226717{s=IDLE rs=BLOCKING os=OPEN is=IDLE awp=false se=false i=true al=0},r=1,c=false/false,a=IDLE,uri=null,age=0}
01:46:23.360 [qtp399373008-56] DEBUG org.eclipse.jetty.io.ssl.SslConnection - >fill SslConnection@5326eb1c::SocketChannelEndPoint@41351c88{l=/127.0.0.1:33719,r=/127.0.0.1:51164,OPEN,fill=-,flush=-,to=1/30000}{io=0/0,kio=0,kro=1}->SslConnection@5326eb1c{NOT_HANDSHAKING,eio=-1/-1,di=-1,fill=IDLE,flush=IDLE}~>DecryptedEndPoint@211ae3c7{l=/127.0.0.1:33719,r=/127.0.0.1:51164,OPEN,fill=-,flush=-,to=45/30000}=>HttpConnection@8a432ab[p=HttpParser{s=START,0 of -1},g=HttpGenerator@25543e64{s=START}]=>HttpChannelOverHttp@703e1fb8{s=HttpChannelState@48226717{s=IDLE rs=BLOCKING os=OPEN is=IDLE awp=false se=false i=true al=0},r=1,c=false/false,a=IDLE,uri=null,age=0}
01:46:23.360 [qtp399373008-56] DEBUG org.eclipse.jetty.io.ssl.SslConnection - fill NOT_HANDSHAKING
01:46:23.360 [qtp399373008-56] DEBUG org.eclipse.jetty.io.ChannelEndPoint - filled 0 HeapByteBuffer@21fcf254[p=0,l=0,c=17408,r=0]={<<<>>>\x17\x03\x03\x00\xC9\xF6\xA5*\xBe...\x00\x00\x00\x00\x00\x00\x00}
01:46:23.360 [qtp399373008-56] DEBUG org.eclipse.jetty.io.ssl.SslConnection - net filled=0
01:46:23.360 [qtp399373008-56] DEBUG org.eclipse.jetty.io.ssl.SslConnection - unwrap net_filled=0 Status = BUFFER_UNDERFLOW HandshakeStatus = NOT_HANDSHAKING bytesConsumed = 0 bytesProduced = 0 encryptedBuffer=[p=0,l=0,c=17408,r=0] unwrapBuffer=HeapByteBuffer@2f3b09c3[p=0,l=0,c=17408,r=0]={<<<>>>GET / HTT...\x00\x00\x00\x00\x00\x00\x00} appBuffer=HeapByteBuffer@2f3b09c3[p=0,l=0,c=17408,r=0]={<<<>>>GET / HTT...\x00\x00\x00\x00\x00\x00\x00}
01:46:23.360 [qtp399373008-56] DEBUG org.eclipse.jetty.io.ssl.SslConnection - <fill f=0 uf=true SslConnection@5326eb1c::SocketChannelEndPoint@41351c88{l=/127.0.0.1:33719,r=/127.0.0.1:51164,OPEN,fill=-,flush=-,to=1/30000}{io=0/0,kio=0,kro=1}->SslConnection@5326eb1c{NOT_HANDSHAKING,eio=-1/-1,di=-1,fill=IDLE,flush=IDLE}~>DecryptedEndPoint@211ae3c7{l=/127.0.0.1:33719,r=/127.0.0.1:51164,OPEN,fill=-,flush=-,to=45/30000}=>HttpConnection@8a432ab[p=HttpParser{s=START,0 of -1},g=HttpGenerator@25543e64{s=START}]=>HttpChannelOverHttp@703e1fb8{s=HttpChannelState@48226717{s=IDLE rs=BLOCKING os=OPEN is=IDLE awp=false se=false i=true al=0},r=1,c=false/false,a=IDLE,uri=null,age=0}
01:46:23.360 [qtp399373008-56] DEBUG org.eclipse.jetty.io.ssl.SslConnection - >fill SslConnection@5326eb1c::SocketChannelEndPoint@41351c88{l=/127.0.0.1:33719,r=/127.0.0.1:51164,OPEN,fill=-,flush=-,to=1/30000}{io=0/0,kio=0,kro=1}->SslConnection@5326eb1c{NOT_HANDSHAKING,eio=-1/-1,di=-1,fill=IDLE,flush=IDLE}~>DecryptedEndPoint@211ae3c7{l=/127.0.0.1:33719,r=/127.0.0.1:51164,OPEN,fill=-,flush=-,to=45/30000}=>HttpConnection@8a432ab[p=HttpParser{s=START,0 of -1},g=HttpGenerator@25543e64{s=START}]=>HttpChannelOverHttp@703e1fb8{s=HttpChannelState@48226717{s=IDLE rs=BLOCKING os=OPEN is=IDLE awp=false se=false i=true al=0},r=1,c=false/false,a=IDLE,uri=null,age=0}
01:46:23.360 [qtp399373008-56] DEBUG org.eclipse.jetty.io.ssl.SslConnection - fill NOT_HANDSHAKING
01:46:23.360 [qtp399373008-56] DEBUG org.eclipse.jetty.io.ChannelEndPoint - filled 0 HeapByteBuffer@25c362b3[p=0,l=0,c=17408,r=0]={<<<>>>\x17\x03\x03\x03\xAd\x0b\x00\x03\x88...\x00\x00\x00\x00\x00\x00\x00}
01:46:23.360 [qtp399373008-56] DEBUG org.eclipse.jetty.io.ssl.SslConnection - net filled=0
01:46:23.361 [qtp399373008-56] DEBUG org.eclipse.jetty.io.ssl.SslConnection - unwrap net_filled=0 Status = BUFFER_UNDERFLOW HandshakeStatus = NOT_HANDSHAKING bytesConsumed = 0 bytesProduced = 0 encryptedBuffer=[p=0,l=0,c=17408,r=0] unwrapBuffer=HeapByteBuffer@2f3b09c3[p=0,l=0,c=17408,r=0]={<<<>>>GET / HTT...\x00\x00\x00\x00\x00\x00\x00} appBuffer=HeapByteBuffer@2f3b09c3[p=0,l=0,c=17408,r=0]={<<<>>>GET / HTT...\x00\x00\x00\x00\x00\x00\x00}
01:46:23.361 [qtp399373008-56] DEBUG org.eclipse.jetty.io.ssl.SslConnection - <fill f=0 uf=true SslConnection@5326eb1c::SocketChannelEndPoint@41351c88{l=/127.0.0.1:33719,r=/127.0.0.1:51164,OPEN,fill=-,flush=-,to=2/30000}{io=0/0,kio=0,kro=1}->SslConnection@5326eb1c{NOT_HANDSHAKING,eio=-1/-1,di=-1,fill=IDLE,flush=IDLE}~>DecryptedEndPoint@211ae3c7{l=/127.0.0.1:33719,r=/127.0.0.1:51164,OPEN,fill=-,flush=-,to=45/30000}=>HttpConnection@8a432ab[p=HttpParser{s=START,0 of -1},g=HttpGenerator@25543e64{s=START}]=>HttpChannelOverHttp@703e1fb8{s=HttpChannelState@48226717{s=IDLE rs=BLOCKING os=OPEN is=IDLE awp=false se=false i=true al=0},r=1,c=false/false,a=IDLE,uri=null,age=0}
01:46:23.361 [qtp399373008-56] DEBUG org.eclipse.jetty.server.HttpConnection - HttpConnection@8a432ab::DecryptedEndPoint@211ae3c7{l=/127.0.0.1:33719,r=/127.0.0.1:51164,OPEN,fill=-,flush=-,to=45/30000} filled 0 HeapByteBuffer@2f3b09c3[p=0,l=0,c=17408,r=0]={<<<>>>GET / HTT...\x00\x00\x00\x00\x00\x00\x00}
01:46:23.361 [qtp399373008-56] DEBUG org.eclipse.jetty.server.HttpConnection - HttpConnection@8a432ab::DecryptedEndPoint@211ae3c7{l=/127.0.0.1:33719,r=/127.0.0.1:51164,OPEN,fill=-,flush=-,to=45/30000} parse HeapByteBuffer@2f3b09c3[p=0,l=0,c=17408,r=0]={<<<>>>GET / HTT...\x00\x00\x00\x00\x00\x00\x00} {}
01:46:23.361 [qtp399373008-56] DEBUG org.eclipse.jetty.http.HttpParser - parseNext s=START HeapByteBuffer@2f3b09c3[p=0,l=0,c=17408,r=0]={<<<>>>GET / HTT...\x00\x00\x00\x00\x00\x00\x00}
01:46:23.361 [qtp399373008-56] DEBUG org.eclipse.jetty.server.HttpConnection - HttpConnection@8a432ab::DecryptedEndPoint@211ae3c7{l=/127.0.0.1:33719,r=/127.0.0.1:51164,OPEN,fill=-,flush=-,to=45/30000} parsed false HttpParser{s=START,0 of -1}
01:46:23.361 [qtp399373008-56] DEBUG org.eclipse.jetty.server.HttpConnection - releaseRequestBuffer HttpConnection@8a432ab::DecryptedEndPoint@211ae3c7{l=/127.0.0.1:33719,r=/127.0.0.1:51164,OPEN,fill=-,flush=-,to=45/30000}
01:46:23.361 [qtp399373008-56] DEBUG org.eclipse.jetty.io.AbstractConnection - fillInterested HttpConnection@8a432ab::DecryptedEndPoint@211ae3c7{l=/127.0.0.1:33719,r=/127.0.0.1:51164,OPEN,fill=-,flush=-,to=45/30000}
01:46:23.361 [qtp399373008-56] DEBUG org.eclipse.jetty.io.FillInterest - interested FillInterest@c4c610f{AC.ReadCB@8a432ab{HttpConnection@8a432ab::DecryptedEndPoint@211ae3c7{l=/127.0.0.1:33719,r=/127.0.0.1:51164,OPEN,fill=FI,flush=-,to=0/30000}}}
01:46:23.361 [qtp399373008-56] DEBUG org.eclipse.jetty.io.ssl.SslConnection - >needFillInterest s=IDLE/IDLE uf=true ei=null di=null SslConnection@5326eb1c::SocketChannelEndPoint@41351c88{l=/127.0.0.1:33719,r=/127.0.0.1:51164,OPEN,fill=-,flush=-,to=2/30000}{io=0/0,kio=0,kro=1}->SslConnection@5326eb1c{NOT_HANDSHAKING,eio=-1/-1,di=-1,fill=IDLE,flush=IDLE}~>DecryptedEndPoint@211ae3c7{l=/127.0.0.1:33719,r=/127.0.0.1:51164,OPEN,fill=FI,flush=-,to=0/30000}=>HttpConnection@8a432ab[p=HttpParser{s=START,0 of -1},g=HttpGenerator@25543e64{s=START}]=>HttpChannelOverHttp@703e1fb8{s=HttpChannelState@48226717{s=IDLE rs=BLOCKING os=OPEN is=IDLE awp=false se=false i=true al=0},r=1,c=false/false,a=IDLE,uri=null,age=0}
01:46:23.361 [qtp399373008-56] DEBUG org.eclipse.jetty.io.ssl.SslConnection - <needFillInterest s=IDLE/INTERESTED f=false i=true w=null
01:46:23.361 [qtp399373008-56] DEBUG org.eclipse.jetty.io.ssl.SslConnection - ensureFillInterested SslConnection@5326eb1c::SocketChannelEndPoint@41351c88{l=/127.0.0.1:33719,r=/127.0.0.1:51164,OPEN,fill=-,flush=-,to=2/30000}{io=0/0,kio=0,kro=1}->SslConnection@5326eb1c{NOT_HANDSHAKING,eio=-1/-1,di=-1,fill=INTERESTED,flush=IDLE}~>DecryptedEndPoint@211ae3c7{l=/127.0.0.1:33719,r=/127.0.0.1:51164,OPEN,fill=FI,flush=-,to=0/30000}=>HttpConnection@8a432ab[p=HttpParser{s=START,0 of -1},g=HttpGenerator@25543e64{s=START}]=>HttpChannelOverHttp@703e1fb8{s=HttpChannelState@48226717{s=IDLE rs=BLOCKING os=OPEN is=IDLE awp=false se=false i=true al=0},r=1,c=false/false,a=IDLE,uri=null,age=0}
01:46:23.361 [qtp399373008-56] DEBUG org.eclipse.jetty.io.FillInterest - interested FillInterest@3d6496b1{SSLC.NBReadCB@5326eb1c{SslConnection@5326eb1c::SocketChannelEndPoint@41351c88{l=/127.0.0.1:33719,r=/127.0.0.1:51164,OPEN,fill=FI,flush=-,to=0/30000}{io=0/0,kio=0,kro=1}->SslConnection@5326eb1c{NOT_HANDSHAKING,eio=-1/-1,di=-1,fill=INTERESTED,flush=IDLE}~>DecryptedEndPoint@211ae3c7{l=/127.0.0.1:33719,r=/127.0.0.1:51164,OPEN,fill=FI,flush=-,to=0/30000}=>HttpConnection@8a432ab[p=HttpParser{s=START,0 of -1},g=HttpGenerator@25543e64{s=START}]=>HttpChannelOverHttp@703e1fb8{s=HttpChannelState@48226717{s=IDLE rs=BLOCKING os=OPEN is=IDLE awp=false se=false i=true al=0},r=1,c=false/false,a=IDLE,uri=null,age=0}}}
01:46:23.361 [qtp399373008-56] DEBUG org.eclipse.jetty.io.ChannelEndPoint - changeInterests p=false 0->1 for SocketChannelEndPoint@41351c88{l=/127.0.0.1:33719,r=/127.0.0.1:51164,OPEN,fill=FI,flush=-,to=0/30000}{io=0/1,kio=0,kro=1}->SslConnection@5326eb1c{NOT_HANDSHAKING,eio=-1/-1,di=-1,fill=INTERESTED,flush=IDLE}~>DecryptedEndPoint@211ae3c7{l=/127.0.0.1:33719,r=/127.0.0.1:51164,OPEN,fill=FI,flush=-,to=0/30000}=>HttpConnection@8a432ab[p=HttpParser{s=START,0 of -1},g=HttpGenerator@25543e64{s=START}]=>HttpChannelOverHttp@703e1fb8{s=HttpChannelState@48226717{s=IDLE rs=BLOCKING os=OPEN is=IDLE awp=false se=false i=true al=0},r=1,c=false/false,a=IDLE,uri=null,age=0}
01:46:23.361 [main] DEBUG org.apache.nifi.minifi.bootstrap.configuration.ingestors.PullHttpChangeIngestor - Attempting to pull new config
01:46:23.361 [qtp399373008-56] DEBUG org.eclipse.jetty.io.ManagedSelector - Queued change lazy=false org.eclipse.jetty.io.ChannelEndPoint$$Lambda$255/981852870@597ee40a on ManagedSelector@7bb6ab3a{STARTED} id=3 keys=1 selected=0 updates=0
01:46:23.361 [qtp399373008-56] DEBUG org.eclipse.jetty.io.ManagedSelector - Wakeup on submit ManagedSelector@7bb6ab3a{STARTED} id=3 keys=1 selected=0 updates=1
01:46:23.361 [qtp399373008-56] DEBUG org.eclipse.jetty.server.HttpConnection - HttpConnection@8a432ab::DecryptedEndPoint@211ae3c7{l=/127.0.0.1:33719,r=/127.0.0.1:51164,OPEN,fill=FI,flush=-,to=0/30000} onFillable exit HttpChannelState@48226717{s=IDLE rs=BLOCKING os=OPEN is=IDLE awp=false se=false i=true al=0} null
01:46:23.361 [qtp399373008-62] DEBUG org.eclipse.jetty.io.ManagedSelector - Selector sun.nio.ch.EPollSelectorImpl@63debfd6 woken with none selected
01:46:23.361 [qtp399373008-62] DEBUG org.eclipse.jetty.io.ManagedSelector - Selector sun.nio.ch.EPollSelectorImpl@63debfd6 woken up from select, 0/0/1 selected
01:46:23.361 [qtp399373008-62] DEBUG org.eclipse.jetty.io.ManagedSelector - Selector sun.nio.ch.EPollSelectorImpl@63debfd6 processing 0 keys, 1 updates
01:46:23.361 [qtp399373008-56] DEBUG org.eclipse.jetty.io.ssl.SslConnection - <c.onFillable SslConnection@5326eb1c::SocketChannelEndPoint@41351c88{l=/127.0.0.1:33719,r=/127.0.0.1:51164,OPEN,fill=FI,flush=-,to=0/30000}{io=0/1,kio=0,kro=1}->SslConnection@5326eb1c{NOT_HANDSHAKING,eio=-1/-1,di=-1,fill=INTERESTED,flush=IDLE}~>DecryptedEndPoint@211ae3c7{l=/127.0.0.1:33719,r=/127.0.0.1:51164,OPEN,fill=FI,flush=-,to=0/30000}=>HttpConnection@8a432ab[p=HttpParser{s=START,0 of -1},g=HttpGenerator@25543e64{s=START}]=>HttpChannelOverHttp@703e1fb8{s=HttpChannelState@48226717{s=IDLE rs=BLOCKING os=OPEN is=IDLE awp=false se=false i=true al=0},r=1,c=false/false,a=IDLE,uri=null,age=0}
01:46:23.361 [qtp399373008-62] DEBUG org.eclipse.jetty.io.ManagedSelector - updateable 1
01:46:23.361 [qtp399373008-62] DEBUG org.eclipse.jetty.io.ManagedSelector - update org.eclipse.jetty.io.ChannelEndPoint$$Lambda$255/981852870@597ee40a
01:46:23.361 [qtp399373008-56] DEBUG org.eclipse.jetty.util.thread.ReservedThreadExecutor - ReservedThread@55a461c3{RUNNING,thread=Thread[qtp399373008-56,5,main]} was=RUNNING next=RESERVED size=0+2 capacity=8
01:46:23.361 [qtp399373008-56] DEBUG org.eclipse.jetty.util.thread.ReservedThreadExecutor - ReservedThread@55a461c3{RESERVED,thread=Thread[qtp399373008-56,5,main]} waiting ReservedThreadExecutor@424fd310{reserved=2/8,pending=0}
01:46:23.361 [qtp399373008-62] DEBUG org.eclipse.jetty.io.ChannelEndPoint - Key interests updated 0 -> 1 on SocketChannelEndPoint@41351c88{l=/127.0.0.1:33719,r=/127.0.0.1:51164,OPEN,fill=FI,flush=-,to=0/30000}{io=1/1,kio=1,kro=1}->SslConnection@5326eb1c{NOT_HANDSHAKING,eio=-1/-1,di=-1,fill=INTERESTED,flush=IDLE}~>DecryptedEndPoint@211ae3c7{l=/127.0.0.1:33719,r=/127.0.0.1:51164,OPEN,fill=FI,flush=-,to=0/30000}=>HttpConnection@8a432ab[p=HttpParser{s=START,0 of -1},g=HttpGenerator@25543e64{s=START}]=>HttpChannelOverHttp@703e1fb8{s=HttpChannelState@48226717{s=IDLE rs=BLOCKING os=OPEN is=IDLE awp=false se=false i=true al=0},r=1,c=false/false,a=IDLE,uri=null,age=0}
01:46:23.361 [qtp399373008-62] DEBUG org.eclipse.jetty.io.ManagedSelector - updates 0
01:46:23.361 [qtp399373008-62] DEBUG org.eclipse.jetty.io.ManagedSelector - Selector sun.nio.ch.EPollSelectorImpl@63debfd6 waiting with 1 keys
01:46:23.362 [qtp399373008-59-acceptor-0@53dacd14-ServerConnector@2374d36a{SSL, (ssl, http/1.1)}{localhost:33719}] DEBUG org.eclipse.jetty.io.ManagedSelector - Queued change lazy=false Accept@5b177f79[java.nio.channels.SocketChannel[connected local=/127.0.0.1:33719 remote=/127.0.0.1:51180]] on ManagedSelector@4e70a728{STARTED} id=0 keys=0 selected=0 updates=0
01:46:23.362 [qtp399373008-59-acceptor-0@53dacd14-ServerConnector@2374d36a{SSL, (ssl, http/1.1)}{localhost:33719}] DEBUG org.eclipse.jetty.io.ManagedSelector - Wakeup on submit ManagedSelector@4e70a728{STARTED} id=0 keys=0 selected=0 updates=1
01:46:23.362 [qtp399373008-55] DEBUG org.eclipse.jetty.io.ManagedSelector - Selector sun.nio.ch.EPollSelectorImpl@4985b9d4 woken with none selected
01:46:23.362 [qtp399373008-55] DEBUG org.eclipse.jetty.io.ManagedSelector - Selector sun.nio.ch.EPollSelectorImpl@4985b9d4 woken up from select, 0/0/0 selected
01:46:23.362 [qtp399373008-55] DEBUG org.eclipse.jetty.io.ManagedSelector - Selector sun.nio.ch.EPollSelectorImpl@4985b9d4 processing 0 keys, 1 updates
01:46:23.362 [qtp399373008-55] DEBUG org.eclipse.jetty.io.ManagedSelector - updateable 1
01:46:23.362 [qtp399373008-55] DEBUG org.eclipse.jetty.io.ManagedSelector - update Accept@5b177f79[java.nio.channels.SocketChannel[connected local=/127.0.0.1:33719 remote=/127.0.0.1:51180]]
01:46:23.362 [qtp399373008-55] DEBUG org.eclipse.jetty.util.thread.QueuedThreadPool - queue Accept@5b177f79[java.nio.channels.SocketChannel[connected local=/127.0.0.1:33719 remote=/127.0.0.1:51180]] startThread=0
01:46:23.363 [qtp399373008-55] DEBUG org.eclipse.jetty.io.ManagedSelector - updates 0
01:46:23.363 [qtp399373008-58] DEBUG org.eclipse.jetty.util.thread.QueuedThreadPool - run Accept@5b177f79[java.nio.channels.SocketChannel[connected local=/127.0.0.1:33719 remote=/127.0.0.1:51180]] in QueuedThreadPool[qtp399373008]@17cdf2d0{STARTED,8<=8<=200,i=0,r=-1,q=0}[ReservedThreadExecutor@424fd310{reserved=2/8,pending=0}]
01:46:23.363 [qtp399373008-55] DEBUG org.eclipse.jetty.io.ManagedSelector - Selector sun.nio.ch.EPollSelectorImpl@4985b9d4 waiting with 1 keys
01:46:23.363 [qtp399373008-58] DEBUG org.eclipse.jetty.io.IdleTimeout - SocketChannelEndPoint@6926d4a6{l=/127.0.0.1:33719,r=/127.0.0.1:51180,OPEN,fill=-,flush=-,to=0/30000}{io=0/0,kio=0,kro=0}-><null> idle timeout check, elapsed: 0 ms, remaining: 30000 ms
01:46:23.363 [qtp399373008-58] DEBUG org.eclipse.jetty.util.ssl.SslContextFactory - Customize sun.security.ssl.SSLEngineImpl@2c2457e6
01:46:23.363 [qtp399373008-58] DEBUG org.eclipse.jetty.server.HttpChannel - new HttpChannelOverHttp@3a127dbb{s=HttpChannelState@1d423891{s=IDLE rs=BLOCKING os=OPEN is=IDLE awp=false se=false i=true al=0},r=0,c=false/false,a=IDLE,uri=null,age=0} -> DecryptedEndPoint@429e4c7b{l=/127.0.0.1:33719,r=/127.0.0.1:51180,OPEN,fill=-,flush=-,to=0/30000},null,HttpChannelState@1d423891{s=IDLE rs=BLOCKING os=OPEN is=IDLE awp=false se=false i=true al=0}
01:46:23.363 [qtp399373008-58] DEBUG org.eclipse.jetty.server.HttpConnection - New HTTP Connection HttpConnection@4c0ba8a9::DecryptedEndPoint@429e4c7b{l=/127.0.0.1:33719,r=/127.0.0.1:51180,OPEN,fill=-,flush=-,to=0/30000}
01:46:23.363 [qtp399373008-58] DEBUG org.eclipse.jetty.io.ManagedSelector - Queued change lazy=true org.eclipse.jetty.io.ManagedSelector$$Lambda$258/102804084@655deb36 on ManagedSelector@4e70a728{STARTED} id=0 keys=1 selected=0 updates=0
01:46:23.363 [qtp399373008-58] DEBUG org.eclipse.jetty.io.AbstractEndPoint - onOpen SocketChannelEndPoint@6926d4a6{l=/127.0.0.1:33719,r=/127.0.0.1:51180,OPEN,fill=-,flush=-,to=0/30000}{io=0/0,kio=0,kro=0}->SslConnection@6957d1bc{NOT_HANDSHAKING,eio=-1/-1,di=-1,fill=IDLE,flush=IDLE}~>DecryptedEndPoint@429e4c7b{l=/127.0.0.1:33719,r=/127.0.0.1:51180,OPEN,fill=-,flush=-,to=0/30000}=>HttpConnection@4c0ba8a9[p=HttpParser{s=START,0 of -1},g=HttpGenerator@599aa579{s=START}]=>HttpChannelOverHttp@3a127dbb{s=HttpChannelState@1d423891{s=IDLE rs=BLOCKING os=OPEN is=IDLE awp=false se=false i=true al=0},r=0,c=false/false,a=IDLE,uri=null,age=0}
01:46:23.363 [qtp399373008-58] DEBUG org.eclipse.jetty.io.AbstractConnection - onOpen SslConnection@6957d1bc::SocketChannelEndPoint@6926d4a6{l=/127.0.0.1:33719,r=/127.0.0.1:51180,OPEN,fill=-,flush=-,to=0/30000}{io=0/0,kio=0,kro=0}->SslConnection@6957d1bc{NOT_HANDSHAKING,eio=-1/-1,di=-1,fill=IDLE,flush=IDLE}~>DecryptedEndPoint@429e4c7b{l=/127.0.0.1:33719,r=/127.0.0.1:51180,OPEN,fill=-,flush=-,to=0/30000}=>HttpConnection@4c0ba8a9[p=HttpParser{s=START,0 of -1},g=HttpGenerator@599aa579{s=START}]=>HttpChannelOverHttp@3a127dbb{s=HttpChannelState@1d423891{s=IDLE rs=BLOCKING os=OPEN is=IDLE awp=false se=false i=true al=0},r=0,c=false/false,a=IDLE,uri=null,age=0}
01:46:23.363 [qtp399373008-58] DEBUG org.eclipse.jetty.io.AbstractConnection - onOpen HttpConnection@4c0ba8a9::DecryptedEndPoint@429e4c7b{l=/127.0.0.1:33719,r=/127.0.0.1:51180,OPEN,fill=-,flush=-,to=0/30000}
01:46:23.363 [qtp399373008-58] DEBUG org.eclipse.jetty.io.AbstractConnection - fillInterested HttpConnection@4c0ba8a9::DecryptedEndPoint@429e4c7b{l=/127.0.0.1:33719,r=/127.0.0.1:51180,OPEN,fill=-,flush=-,to=0/30000}
01:46:23.363 [qtp399373008-58] DEBUG org.eclipse.jetty.io.FillInterest - interested FillInterest@48451003{AC.ReadCB@4c0ba8a9{HttpConnection@4c0ba8a9::DecryptedEndPoint@429e4c7b{l=/127.0.0.1:33719,r=/127.0.0.1:51180,OPEN,fill=FI,flush=-,to=0/30000}}}
01:46:23.363 [qtp399373008-58] DEBUG org.eclipse.jetty.io.ssl.SslConnection - >needFillInterest s=IDLE/IDLE uf=false ei=null di=null SslConnection@6957d1bc::SocketChannelEndPoint@6926d4a6{l=/127.0.0.1:33719,r=/127.0.0.1:51180,OPEN,fill=-,flush=-,to=0/30000}{io=0/0,kio=0,kro=0}->SslConnection@6957d1bc{NOT_HANDSHAKING,eio=-1/-1,di=-1,fill=IDLE,flush=IDLE}~>DecryptedEndPoint@429e4c7b{l=/127.0.0.1:33719,r=/127.0.0.1:51180,OPEN,fill=FI,flush=-,to=0/30000}=>HttpConnection@4c0ba8a9[p=HttpParser{s=START,0 of -1},g=HttpGenerator@599aa579{s=START}]=>HttpChannelOverHttp@3a127dbb{s=HttpChannelState@1d423891{s=IDLE rs=BLOCKING os=OPEN is=IDLE awp=false se=false i=true al=0},r=0,c=false/false,a=IDLE,uri=null,age=0}
01:46:23.363 [qtp399373008-58] DEBUG org.eclipse.jetty.io.ssl.SslConnection - <needFillInterest s=IDLE/INTERESTED f=false i=true w=null
01:46:23.363 [qtp399373008-58] DEBUG org.eclipse.jetty.io.ssl.SslConnection - ensureFillInterested SslConnection@6957d1bc::SocketChannelEndPoint@6926d4a6{l=/127.0.0.1:33719,r=/127.0.0.1:51180,OPEN,fill=-,flush=-,to=0/30000}{io=0/0,kio=0,kro=0}->SslConnection@6957d1bc{NOT_HANDSHAKING,eio=-1/-1,di=-1,fill=INTERESTED,flush=IDLE}~>DecryptedEndPoint@429e4c7b{l=/127.0.0.1:33719,r=/127.0.0.1:51180,OPEN,fill=FI,flush=-,to=0/30000}=>HttpConnection@4c0ba8a9[p=HttpParser{s=START,0 of -1},g=HttpGenerator@599aa579{s=START}]=>HttpChannelOverHttp@3a127dbb{s=HttpChannelState@1d423891{s=IDLE rs=BLOCKING os=OPEN is=IDLE awp=false se=false i=true al=0},r=0,c=false/false,a=IDLE,uri=null,age=0}
01:46:23.363 [qtp399373008-58] DEBUG org.eclipse.jetty.io.FillInterest - interested FillInterest@42cb4666{SSLC.NBReadCB@6957d1bc{SslConnection@6957d1bc::SocketChannelEndPoint@6926d4a6{l=/127.0.0.1:33719,r=/127.0.0.1:51180,OPEN,fill=FI,flush=-,to=0/30000}{io=0/0,kio=0,kro=0}->SslConnection@6957d1bc{NOT_HANDSHAKING,eio=-1/-1,di=-1,fill=INTERESTED,flush=IDLE}~>DecryptedEndPoint@429e4c7b{l=/127.0.0.1:33719,r=/127.0.0.1:51180,OPEN,fill=FI,flush=-,to=0/30000}=>HttpConnection@4c0ba8a9[p=HttpParser{s=START,0 of -1},g=HttpGenerator@599aa579{s=START}]=>HttpChannelOverHttp@3a127dbb{s=HttpChannelState@1d423891{s=IDLE rs=BLOCKING os=OPEN is=IDLE awp=false se=false i=true al=0},r=0,c=false/false,a=IDLE,uri=null,age=0}}}
01:46:23.364 [qtp399373008-58] DEBUG org.eclipse.jetty.io.ChannelEndPoint - changeInterests p=false 0->1 for SocketChannelEndPoint@6926d4a6{l=/127.0.0.1:33719,r=/127.0.0.1:51180,OPEN,fill=FI,flush=-,to=0/30000}{io=0/1,kio=0,kro=0}->SslConnection@6957d1bc{NOT_HANDSHAKING,eio=-1/-1,di=-1,fill=INTERESTED,flush=IDLE}~>DecryptedEndPoint@429e4c7b{l=/127.0.0.1:33719,r=/127.0.0.1:51180,OPEN,fill=FI,flush=-,to=0/30000}=>HttpConnection@4c0ba8a9[p=HttpParser{s=START,0 of -1},g=HttpGenerator@599aa579{s=START}]=>HttpChannelOverHttp@3a127dbb{s=HttpChannelState@1d423891{s=IDLE rs=BLOCKING os=OPEN is=IDLE awp=false se=false i=true al=0},r=0,c=false/false,a=IDLE,uri=null,age=0}
01:46:23.364 [qtp399373008-58] DEBUG org.eclipse.jetty.io.ManagedSelector - Queued change lazy=false org.eclipse.jetty.io.ChannelEndPoint$$Lambda$255/981852870@1546b5b2 on ManagedSelector@4e70a728{STARTED} id=0 keys=1 selected=0 updates=1
01:46:23.364 [qtp399373008-58] DEBUG org.eclipse.jetty.io.ManagedSelector - Wakeup on submit ManagedSelector@4e70a728{STARTED} id=0 keys=1 selected=0 updates=2
01:46:23.364 [qtp399373008-55] DEBUG org.eclipse.jetty.io.ManagedSelector - Selector sun.nio.ch.EPollSelectorImpl@4985b9d4 woken with none selected
01:46:23.364 [qtp399373008-55] DEBUG org.eclipse.jetty.io.ManagedSelector - Selector sun.nio.ch.EPollSelectorImpl@4985b9d4 woken up from select, 0/0/1 selected
01:46:23.364 [qtp399373008-58] DEBUG org.eclipse.jetty.io.ManagedSelector - Created SocketChannelEndPoint@6926d4a6{l=/127.0.0.1:33719,r=/127.0.0.1:51180,OPEN,fill=FI,flush=-,to=0/30000}{io=0/1,kio=0,kro=0}->SslConnection@6957d1bc{NOT_HANDSHAKING,eio=-1/-1,di=-1,fill=INTERESTED,flush=IDLE}~>DecryptedEndPoint@429e4c7b{l=/127.0.0.1:33719,r=/127.0.0.1:51180,OPEN,fill=FI,flush=-,to=0/30000}=>HttpConnection@4c0ba8a9[p=HttpParser{s=START,0 of -1},g=HttpGenerator@599aa579{s=START}]=>HttpChannelOverHttp@3a127dbb{s=HttpChannelState@1d423891{s=IDLE rs=BLOCKING os=OPEN is=IDLE awp=false se=false i=true al=0},r=0,c=false/false,a=IDLE,uri=null,age=0}
01:46:23.364 [qtp399373008-55] DEBUG org.eclipse.jetty.io.ManagedSelector - Selector sun.nio.ch.EPollSelectorImpl@4985b9d4 processing 0 keys, 2 updates
01:46:23.364 [qtp399373008-55] DEBUG org.eclipse.jetty.io.ManagedSelector - updateable 2
01:46:23.364 [qtp399373008-55] DEBUG org.eclipse.jetty.io.ManagedSelector - update org.eclipse.jetty.io.ManagedSelector$$Lambda$258/102804084@655deb36
01:46:23.364 [qtp399373008-58] DEBUG org.eclipse.jetty.util.thread.QueuedThreadPool - ran Accept@5b177f79[java.nio.channels.SocketChannel[connected local=/127.0.0.1:33719 remote=/127.0.0.1:51180]] in QueuedThreadPool[qtp399373008]@17cdf2d0{STARTED,8<=8<=200,i=0,r=-1,q=0}[ReservedThreadExecutor@424fd310{reserved=2/8,pending=0}]
01:46:23.364 [qtp399373008-55] DEBUG org.eclipse.jetty.io.ManagedSelector - update org.eclipse.jetty.io.ChannelEndPoint$$Lambda$255/981852870@1546b5b2
01:46:23.364 [qtp399373008-55] DEBUG org.eclipse.jetty.io.ChannelEndPoint - Key interests updated 0 -> 1 on SocketChannelEndPoint@6926d4a6{l=/127.0.0.1:33719,r=/127.0.0.1:51180,OPEN,fill=FI,flush=-,to=0/30000}{io=1/1,kio=1,kro=0}->SslConnection@6957d1bc{NOT_HANDSHAKING,eio=-1/-1,di=-1,fill=INTERESTED,flush=IDLE}~>DecryptedEndPoint@429e4c7b{l=/127.0.0.1:33719,r=/127.0.0.1:51180,OPEN,fill=FI,flush=-,to=0/30000}=>HttpConnection@4c0ba8a9[p=HttpParser{s=START,0 of -1},g=HttpGenerator@599aa579{s=START}]=>HttpChannelOverHttp@3a127dbb{s=HttpChannelState@1d423891{s=IDLE rs=BLOCKING os=OPEN is=IDLE awp=false se=false i=true al=0},r=0,c=false/false,a=IDLE,uri=null,age=0}
01:46:23.364 [qtp399373008-55] DEBUG org.eclipse.jetty.io.ManagedSelector - updates 0
01:46:23.364 [qtp399373008-55] DEBUG org.eclipse.jetty.io.ManagedSelector - Selector sun.nio.ch.EPollSelectorImpl@4985b9d4 waiting with 1 keys
01:46:23.365 [qtp399373008-55] DEBUG org.eclipse.jetty.io.ManagedSelector - Selector sun.nio.ch.EPollSelectorImpl@4985b9d4 woken up from select, 1/1/1 selected
01:46:23.365 [qtp399373008-55] DEBUG org.eclipse.jetty.io.ManagedSelector - Selector sun.nio.ch.EPollSelectorImpl@4985b9d4 processing 1 keys, 0 updates
01:46:23.365 [qtp399373008-55] DEBUG org.eclipse.jetty.io.ManagedSelector - selected 1 sun.nio.ch.SelectionKeyImpl@47425e94 SocketChannelEndPoint@6926d4a6{l=/127.0.0.1:33719,r=/127.0.0.1:51180,OPEN,fill=FI,flush=-,to=1/30000}{io=1/1,kio=1,kro=1}->SslConnection@6957d1bc{NOT_HANDSHAKING,eio=-1/-1,di=-1,fill=INTERESTED,flush=IDLE}~>DecryptedEndPoint@429e4c7b{l=/127.0.0.1:33719,r=/127.0.0.1:51180,OPEN,fill=FI,flush=-,to=1/30000}=>HttpConnection@4c0ba8a9[p=HttpParser{s=START,0 of -1},g=HttpGenerator@599aa579{s=START}]=>HttpChannelOverHttp@3a127dbb{s=HttpChannelState@1d423891{s=IDLE rs=BLOCKING os=OPEN is=IDLE awp=false se=false i=true al=0},r=0,c=false/false,a=IDLE,uri=null,age=0} 
01:46:23.365 [qtp399373008-55] DEBUG org.eclipse.jetty.io.ChannelEndPoint - onSelected 1->0 r=true w=false for SocketChannelEndPoint@6926d4a6{l=/127.0.0.1:33719,r=/127.0.0.1:51180,OPEN,fill=FI,flush=-,to=1/30000}{io=1/0,kio=1,kro=1}->SslConnection@6957d1bc{NOT_HANDSHAKING,eio=-1/-1,di=-1,fill=INTERESTED,flush=IDLE}~>DecryptedEndPoint@429e4c7b{l=/127.0.0.1:33719,r=/127.0.0.1:51180,OPEN,fill=FI,flush=-,to=1/30000}=>HttpConnection@4c0ba8a9[p=HttpParser{s=START,0 of -1},g=HttpGenerator@599aa579{s=START}]=>HttpChannelOverHttp@3a127dbb{s=HttpChannelState@1d423891{s=IDLE rs=BLOCKING os=OPEN is=IDLE awp=false se=false i=true al=0},r=0,c=false/false,a=IDLE,uri=null,age=0}
01:46:23.365 [qtp399373008-55] DEBUG org.eclipse.jetty.io.ChannelEndPoint - task CEP:SocketChannelEndPoint@6926d4a6{l=/127.0.0.1:33719,r=/127.0.0.1:51180,OPEN,fill=FI,flush=-,to=1/30000}{io=1/0,kio=1,kro=1}->SslConnection@6957d1bc{NOT_HANDSHAKING,eio=-1/-1,di=-1,fill=INTERESTED,flush=IDLE}~>DecryptedEndPoint@429e4c7b{l=/127.0.0.1:33719,r=/127.0.0.1:51180,OPEN,fill=FI,flush=-,to=1/30000}=>HttpConnection@4c0ba8a9[p=HttpParser{s=START,0 of -1},g=HttpGenerator@599aa579{s=START}]=>HttpChannelOverHttp@3a127dbb{s=HttpChannelState@1d423891{s=IDLE rs=BLOCKING os=OPEN is=IDLE awp=false se=false i=true al=0},r=0,c=false/false,a=IDLE,uri=null,age=0}:runFillable:BLOCKING
01:46:23.365 [qtp399373008-55] DEBUG org.eclipse.jetty.util.thread.ReservedThreadExecutor - ReservedThreadExecutor@424fd310{reserved=2/8,pending=0} tryExecute EatWhatYouKill@4e858e0a/SelectorProducer@435fb7b5/PRODUCING/p=false/QueuedThreadPool[qtp399373008]@17cdf2d0{STARTED,8<=8<=200,i=1,r=-1,q=0}[ReservedThreadExecutor@424fd310{reserved=2/8,pending=0}][pc=0,pic=0,pec=0,epc=0]@2024-05-02T01:46:23.365+01:00
01:46:23.365 [qtp399373008-56] DEBUG org.eclipse.jetty.util.thread.ReservedThreadExecutor - ReservedThread@55a461c3{RESERVED,thread=Thread[qtp399373008-56,5,main]} task=EatWhatYouKill@4e858e0a/SelectorProducer@435fb7b5/IDLE/p=true/QueuedThreadPool[qtp399373008]@17cdf2d0{STARTED,8<=8<=200,i=1,r=-1,q=0}[ReservedThreadExecutor@424fd310{reserved=1/8,pending=0}][pc=0,pic=0,pec=0,epc=0]@2024-05-02T01:46:23.365+01:00 ReservedThreadExecutor@424fd310{reserved=1/8,pending=0}
01:46:23.365 [qtp399373008-55] DEBUG org.eclipse.jetty.util.thread.strategy.EatWhatYouKill - EatWhatYouKill@4e858e0a/SelectorProducer@435fb7b5/IDLE/p=true/QueuedThreadPool[qtp399373008]@17cdf2d0{STARTED,8<=8<=200,i=1,r=-1,q=0}[ReservedThreadExecutor@424fd310{reserved=1/8,pending=0}][pc=0,pic=0,pec=0,epc=0]@2024-05-02T01:46:23.365+01:00 m=EXECUTE_PRODUCE_CONSUME t=CEP:SocketChannelEndPoint@6926d4a6{l=/127.0.0.1:33719,r=/127.0.0.1:51180,OPEN,fill=FI,flush=-,to=1/30000}{io=1/0,kio=1,kro=1}->SslConnection@6957d1bc{NOT_HANDSHAKING,eio=-1/-1,di=-1,fill=INTERESTED,flush=IDLE}~>DecryptedEndPoint@429e4c7b{l=/127.0.0.1:33719,r=/127.0.0.1:51180,OPEN,fill=FI,flush=-,to=1/30000}=>HttpConnection@4c0ba8a9[p=HttpParser{s=START,0 of -1},g=HttpGenerator@599aa579{s=START}]=>HttpChannelOverHttp@3a127dbb{s=HttpChannelState@1d423891{s=IDLE rs=BLOCKING os=OPEN is=IDLE awp=false se=false i=true al=0},r=0,c=false/false,a=IDLE,uri=null,age=0}:runFillable:BLOCKING/BLOCKING
01:46:23.365 [qtp399373008-56] DEBUG org.eclipse.jetty.util.thread.strategy.EatWhatYouKill - EatWhatYouKill@4e858e0a/SelectorProducer@435fb7b5/IDLE/p=true/QueuedThreadPool[qtp399373008]@17cdf2d0{STARTED,8<=8<=200,i=1,r=-1,q=0}[ReservedThreadExecutor@424fd310{reserved=1/8,pending=0}][pc=0,pic=0,pec=0,epc=0]@2024-05-02T01:46:23.365+01:00 tryProduce true
01:46:23.365 [qtp399373008-56] DEBUG org.eclipse.jetty.io.ManagedSelector - updateable 0
01:46:23.365 [qtp399373008-56] DEBUG org.eclipse.jetty.io.ManagedSelector - updates 0
01:46:23.365 [qtp399373008-55] DEBUG org.eclipse.jetty.io.FillInterest - fillable FillInterest@42cb4666{SSLC.NBReadCB@6957d1bc{SslConnection@6957d1bc::SocketChannelEndPoint@6926d4a6{l=/127.0.0.1:33719,r=/127.0.0.1:51180,OPEN,fill=FI,flush=-,to=1/30000}{io=1/0,kio=1,kro=1}->SslConnection@6957d1bc{NOT_HANDSHAKING,eio=-1/-1,di=-1,fill=INTERESTED,flush=IDLE}~>DecryptedEndPoint@429e4c7b{l=/127.0.0.1:33719,r=/127.0.0.1:51180,OPEN,fill=FI,flush=-,to=1/30000}=>HttpConnection@4c0ba8a9[p=HttpParser{s=START,0 of -1},g=HttpGenerator@599aa579{s=START}]=>HttpChannelOverHttp@3a127dbb{s=HttpChannelState@1d423891{s=IDLE rs=BLOCKING os=OPEN is=IDLE awp=false se=false i=true al=0},r=0,c=false/false,a=IDLE,uri=null,age=0}}}
01:46:23.365 [qtp399373008-56] DEBUG org.eclipse.jetty.io.ChannelEndPoint - Key interests updated 1 -> 0 on SocketChannelEndPoint@6926d4a6{l=/127.0.0.1:33719,r=/127.0.0.1:51180,OPEN,fill=-,flush=-,to=1/30000}{io=0/0,kio=0,kro=1}->SslConnection@6957d1bc{NOT_HANDSHAKING,eio=-1/-1,di=-1,fill=INTERESTED,flush=IDLE}~>DecryptedEndPoint@429e4c7b{l=/127.0.0.1:33719,r=/127.0.0.1:51180,OPEN,fill=FI,flush=-,to=2/30000}=>HttpConnection@4c0ba8a9[p=HttpParser{s=START,0 of -1},g=HttpGenerator@599aa579{s=START}]=>HttpChannelOverHttp@3a127dbb{s=HttpChannelState@1d423891{s=IDLE rs=BLOCKING os=OPEN is=IDLE awp=false se=false i=true al=0},r=0,c=false/false,a=IDLE,uri=null,age=0}
01:46:23.365 [qtp399373008-55] DEBUG org.eclipse.jetty.io.ssl.SslConnection - >c.onFillable SslConnection@6957d1bc::SocketChannelEndPoint@6926d4a6{l=/127.0.0.1:33719,r=/127.0.0.1:51180,OPEN,fill=-,flush=-,to=1/30000}{io=0/0,kio=0,kro=1}->SslConnection@6957d1bc{NOT_HANDSHAKING,eio=-1/-1,di=-1,fill=INTERESTED,flush=IDLE}~>DecryptedEndPoint@429e4c7b{l=/127.0.0.1:33719,r=/127.0.0.1:51180,OPEN,fill=FI,flush=-,to=2/30000}=>HttpConnection@4c0ba8a9[p=HttpParser{s=START,0 of -1},g=HttpGenerator@599aa579{s=START}]=>HttpChannelOverHttp@3a127dbb{s=HttpChannelState@1d423891{s=IDLE rs=BLOCKING os=OPEN is=IDLE awp=false se=false i=true al=0},r=0,c=false/false,a=IDLE,uri=null,age=0}
01:46:23.365 [qtp399373008-56] DEBUG org.eclipse.jetty.io.ManagedSelector - Selector sun.nio.ch.EPollSelectorImpl@4985b9d4 waiting with 1 keys
01:46:23.366 [qtp399373008-55] DEBUG org.eclipse.jetty.io.ssl.SslConnection - onFillable SslConnection@6957d1bc::SocketChannelEndPoint@6926d4a6{l=/127.0.0.1:33719,r=/127.0.0.1:51180,OPEN,fill=-,flush=-,to=2/30000}{io=0/0,kio=0,kro=1}->SslConnection@6957d1bc{NOT_HANDSHAKING,eio=-1/-1,di=-1,fill=INTERESTED,flush=IDLE}~>DecryptedEndPoint@429e4c7b{l=/127.0.0.1:33719,r=/127.0.0.1:51180,OPEN,fill=FI,flush=-,to=2/30000}=>HttpConnection@4c0ba8a9[p=HttpParser{s=START,0 of -1},g=HttpGenerator@599aa579{s=START}]=>HttpChannelOverHttp@3a127dbb{s=HttpChannelState@1d423891{s=IDLE rs=BLOCKING os=OPEN is=IDLE awp=false se=false i=true al=0},r=0,c=false/false,a=IDLE,uri=null,age=0}
01:46:23.366 [qtp399373008-55] DEBUG org.eclipse.jetty.io.FillInterest - fillable FillInterest@48451003{AC.ReadCB@4c0ba8a9{HttpConnection@4c0ba8a9::DecryptedEndPoint@429e4c7b{l=/127.0.0.1:33719,r=/127.0.0.1:51180,OPEN,fill=FI,flush=-,to=2/30000}}}
01:46:23.366 [qtp399373008-55] DEBUG org.eclipse.jetty.server.HttpConnection - HttpConnection@4c0ba8a9::DecryptedEndPoint@429e4c7b{l=/127.0.0.1:33719,r=/127.0.0.1:51180,OPEN,fill=-,flush=-,to=2/30000} onFillable enter HttpChannelState@1d423891{s=IDLE rs=BLOCKING os=OPEN is=IDLE awp=false se=false i=true al=0} null
01:46:23.366 [qtp399373008-55] DEBUG org.eclipse.jetty.io.ssl.SslConnection - >fill SslConnection@6957d1bc::SocketChannelEndPoint@6926d4a6{l=/127.0.0.1:33719,r=/127.0.0.1:51180,OPEN,fill=-,flush=-,to=2/30000}{io=0/0,kio=0,kro=1}->SslConnection@6957d1bc{NOT_HANDSHAKING,eio=-1/-1,di=-1,fill=IDLE,flush=IDLE}~>DecryptedEndPoint@429e4c7b{l=/127.0.0.1:33719,r=/127.0.0.1:51180,OPEN,fill=-,flush=-,to=2/30000}=>HttpConnection@4c0ba8a9[p=HttpParser{s=START,0 of -1},g=HttpGenerator@599aa579{s=START}]=>HttpChannelOverHttp@3a127dbb{s=HttpChannelState@1d423891{s=IDLE rs=BLOCKING os=OPEN is=IDLE awp=false se=false i=true al=0},r=0,c=false/false,a=IDLE,uri=null,age=0}
01:46:23.366 [qtp399373008-55] DEBUG org.eclipse.jetty.io.ssl.SslConnection - fill NOT_HANDSHAKING
01:46:23.366 [qtp399373008-55] DEBUG org.eclipse.jetty.io.ChannelEndPoint - filled 339 HeapByteBuffer@25c362b3[p=0,l=339,c=17408,r=339]={<<<\x16\x03\x03\x01N\x01\x00\x01J\x03\x03Rc8\x8e\x001\xC7\xC8\xCb\xC3 \x96,\xD2...Lo$\xFa@G\x10\x8d\xC1\x17\x81\xB2n\xFcz[[\xAe\xFf\x01\x00\x01\x00>>>\xF9\xFb}{\xC0\xFag\xC6G...\x00\x00\x00\x00\x00\x00\x00}
01:46:23.366 [qtp399373008-55] DEBUG org.eclipse.jetty.io.ssl.SslConnection - net filled=339
01:46:23.366 [qtp399373008-55] DEBUG org.eclipse.jetty.io.ssl.SslConnection - fill starting handshake SslConnection@6957d1bc::SocketChannelEndPoint@6926d4a6{l=/127.0.0.1:33719,r=/127.0.0.1:51180,OPEN,fill=-,flush=-,to=0/30000}{io=0/0,kio=0,kro=1}->SslConnection@6957d1bc{NOT_HANDSHAKING,eio=339/-1,di=-1,fill=IDLE,flush=IDLE}~>DecryptedEndPoint@429e4c7b{l=/127.0.0.1:33719,r=/127.0.0.1:51180,OPEN,fill=-,flush=-,to=3/30000}=>HttpConnection@4c0ba8a9[p=HttpParser{s=START,0 of -1},g=HttpGenerator@599aa579{s=START}]=>HttpChannelOverHttp@3a127dbb{s=HttpChannelState@1d423891{s=IDLE rs=BLOCKING os=OPEN is=IDLE awp=false se=false i=true al=0},r=0,c=false/false,a=IDLE,uri=null,age=0}
01:46:23.367 [qtp399373008-55] DEBUG org.eclipse.jetty.io.ssl.SslConnection - unwrap net_filled=339 Status = OK HandshakeStatus = NEED_TASK bytesConsumed = 339 bytesProduced = 0 encryptedBuffer=[p=339,l=339,c=17408,r=0] unwrapBuffer=HeapByteBuffer@21fcf254[p=0,l=0,c=17408,r=0]={<<<>>>\x17\x03\x03\x00\xC9\xF6\xA5*\xBe...\x00\x00\x00\x00\x00\x00\x00} appBuffer=HeapByteBuffer@21fcf254[p=0,l=0,c=17408,r=0]={<<<>>>\x17\x03\x03\x00\xC9\xF6\xA5*\xBe...\x00\x00\x00\x00\x00\x00\x00}
01:46:23.367 [qtp399373008-55] DEBUG org.eclipse.jetty.io.ssl.SslConnection - fill NEED_TASK
01:46:23.374 [qtp399373008-55] DEBUG org.eclipse.jetty.io.ssl.SslConnection - fill NEED_WRAP
01:46:23.374 [qtp399373008-55] DEBUG org.eclipse.jetty.io.ssl.SslConnection - >flush SslConnection@6957d1bc::SocketChannelEndPoint@6926d4a6{l=/127.0.0.1:33719,r=/127.0.0.1:51180,OPEN,fill=-,flush=-,to=7/30000}{io=0/0,kio=0,kro=1}->SslConnection@6957d1bc{NEED_WRAP,eio=0/-1,di=-1,fill=IDLE,flush=IDLE}~>DecryptedEndPoint@429e4c7b{l=/127.0.0.1:33719,r=/127.0.0.1:51180,OPEN,fill=-,flush=-,to=10/30000}=>HttpConnection@4c0ba8a9[p=HttpParser{s=START,0 of -1},g=HttpGenerator@599aa579{s=START}]=>HttpChannelOverHttp@3a127dbb{s=HttpChannelState@1d423891{s=IDLE rs=BLOCKING os=OPEN is=IDLE awp=false se=false i=true al=0},r=0,c=false/false,a=IDLE,uri=null,age=0}
01:46:23.374 [qtp399373008-55] DEBUG org.eclipse.jetty.io.ssl.SslConnection - flush b[0]=HeapByteBuffer@98da274[p=0,l=0,c=0,r=0]={<<<>>>}
01:46:23.374 [qtp399373008-55] DEBUG org.eclipse.jetty.io.ssl.SslConnection - flush NEED_WRAP
01:46:23.374 [qtp399373008-55] DEBUG org.eclipse.jetty.io.ssl.SslConnection - wrap Status = OK HandshakeStatus = NEED_WRAP bytesConsumed = 0 bytesProduced = 160 [p=0,l=160,c=17408,r=160] ioDone=false/false
01:46:23.374 [qtp399373008-55] DEBUG org.eclipse.jetty.io.ChannelEndPoint - flushed 160 SocketChannelEndPoint@6926d4a6{l=/127.0.0.1:33719,r=/127.0.0.1:51180,OPEN,fill=-,flush=-,to=7/30000}{io=0/0,kio=0,kro=1}->SslConnection@6957d1bc{NEED_WRAP,eio=0/0,di=-1,fill=IDLE,flush=IDLE}~>DecryptedEndPoint@429e4c7b{l=/127.0.0.1:33719,r=/127.0.0.1:51180,OPEN,fill=-,flush=-,to=10/30000}=>HttpConnection@4c0ba8a9[p=HttpParser{s=START,0 of -1},g=HttpGenerator@599aa579{s=START}]=>HttpChannelOverHttp@3a127dbb{s=HttpChannelState@1d423891{s=IDLE rs=BLOCKING os=OPEN is=IDLE awp=false se=false i=true al=0},r=0,c=false/false,a=IDLE,uri=null,age=0}
01:46:23.374 [qtp399373008-55] DEBUG org.eclipse.jetty.io.ssl.SslConnection - net flushed=true, ac=true
01:46:23.374 [qtp399373008-55] DEBUG org.eclipse.jetty.io.ssl.SslConnection - flush NEED_WRAP
01:46:23.374 [qtp399373008-55] DEBUG org.eclipse.jetty.io.ssl.SslConnection - wrap Status = OK HandshakeStatus = NEED_WRAP bytesConsumed = 0 bytesProduced = 6 [p=0,l=6,c=17408,r=6] ioDone=false/false
01:46:23.374 [qtp399373008-55] DEBUG org.eclipse.jetty.io.ChannelEndPoint - flushed 6 SocketChannelEndPoint@6926d4a6{l=/127.0.0.1:33719,r=/127.0.0.1:51180,OPEN,fill=-,flush=-,to=0/30000}{io=0/0,kio=0,kro=1}->SslConnection@6957d1bc{NEED_WRAP,eio=0/0,di=-1,fill=IDLE,flush=IDLE}~>DecryptedEndPoint@429e4c7b{l=/127.0.0.1:33719,r=/127.0.0.1:51180,OPEN,fill=-,flush=-,to=11/30000}=>HttpConnection@4c0ba8a9[p=HttpParser{s=START,0 of -1},g=HttpGenerator@599aa579{s=START}]=>HttpChannelOverHttp@3a127dbb{s=HttpChannelState@1d423891{s=IDLE rs=BLOCKING os=OPEN is=IDLE awp=false se=false i=true al=0},r=0,c=false/false,a=IDLE,uri=null,age=0}
01:46:23.374 [qtp399373008-55] DEBUG org.eclipse.jetty.io.ssl.SslConnection - net flushed=true, ac=true
01:46:23.374 [qtp399373008-55] DEBUG org.eclipse.jetty.io.ssl.SslConnection - flush NEED_WRAP
01:46:23.375 [qtp399373008-55] DEBUG org.eclipse.jetty.io.ssl.SslConnection - wrap Status = OK HandshakeStatus = NEED_UNWRAP bytesConsumed = 0 bytesProduced = 1597 [p=0,l=1597,c=17408,r=1597] ioDone=false/false
01:46:23.375 [qtp399373008-55] DEBUG org.eclipse.jetty.io.ChannelEndPoint - flushed 1597 SocketChannelEndPoint@6926d4a6{l=/127.0.0.1:33719,r=/127.0.0.1:51180,OPEN,fill=-,flush=-,to=0/30000}{io=0/0,kio=0,kro=1}->SslConnection@6957d1bc{NEED_UNWRAP,eio=0/0,di=-1,fill=IDLE,flush=IDLE}~>DecryptedEndPoint@429e4c7b{l=/127.0.0.1:33719,r=/127.0.0.1:51180,OPEN,fill=-,flush=-,to=11/30000}=>HttpConnection@4c0ba8a9[p=HttpParser{s=START,0 of -1},g=HttpGenerator@599aa579{s=START}]=>HttpChannelOverHttp@3a127dbb{s=HttpChannelState@1d423891{s=IDLE rs=BLOCKING os=OPEN is=IDLE awp=false se=false i=true al=0},r=0,c=false/false,a=IDLE,uri=null,age=0}
01:46:23.375 [qtp399373008-55] DEBUG org.eclipse.jetty.io.ssl.SslConnection - net flushed=true, ac=true
01:46:23.375 [qtp399373008-55] DEBUG org.eclipse.jetty.io.ssl.SslConnection - <flush true SslConnection@6957d1bc::SocketChannelEndPoint@6926d4a6{l=/127.0.0.1:33719,r=/127.0.0.1:51180,OPEN,fill=-,flush=-,to=0/30000}{io=0/0,kio=0,kro=1}->SslConnection@6957d1bc{NEED_UNWRAP,eio=0/-1,di=-1,fill=IDLE,flush=IDLE}~>DecryptedEndPoint@429e4c7b{l=/127.0.0.1:33719,r=/127.0.0.1:51180,OPEN,fill=-,flush=-,to=11/30000}=>HttpConnection@4c0ba8a9[p=HttpParser{s=START,0 of -1},g=HttpGenerator@599aa579{s=START}]=>HttpChannelOverHttp@3a127dbb{s=HttpChannelState@1d423891{s=IDLE rs=BLOCKING os=OPEN is=IDLE awp=false se=false i=true al=0},r=0,c=false/false,a=IDLE,uri=null,age=0}
01:46:23.375 [qtp399373008-55] DEBUG org.eclipse.jetty.io.ssl.SslConnection - fill NEED_UNWRAP
01:46:23.375 [qtp399373008-55] DEBUG org.eclipse.jetty.io.ChannelEndPoint - filled 0 HeapByteBuffer@25c362b3[p=0,l=0,c=17408,r=0]={<<<>>>\x16\x03\x03\x01N\x01\x00\x01J...\x00\x00\x00\x00\x00\x00\x00}
01:46:23.375 [qtp399373008-55] DEBUG org.eclipse.jetty.io.ssl.SslConnection - net filled=0
01:46:23.375 [qtp399373008-55] DEBUG org.eclipse.jetty.io.ssl.SslConnection - unwrap net_filled=0 Status = BUFFER_UNDERFLOW HandshakeStatus = NEED_UNWRAP bytesConsumed = 0 bytesProduced = 0 encryptedBuffer=[p=0,l=0,c=17408,r=0] unwrapBuffer=HeapByteBuffer@21fcf254[p=0,l=0,c=17408,r=0]={<<<>>>\x17\x03\x03\x00\xC9\xF6\xA5*\xBe...\x00\x00\x00\x00\x00\x00\x00} appBuffer=HeapByteBuffer@21fcf254[p=0,l=0,c=17408,r=0]={<<<>>>\x17\x03\x03\x00\xC9\xF6\xA5*\xBe...\x00\x00\x00\x00\x00\x00\x00}
01:46:23.375 [qtp399373008-55] DEBUG org.eclipse.jetty.io.ssl.SslConnection - <fill f=0 uf=true SslConnection@6957d1bc::SocketChannelEndPoint@6926d4a6{l=/127.0.0.1:33719,r=/127.0.0.1:51180,OPEN,fill=-,flush=-,to=0/30000}{io=0/0,kio=0,kro=1}->SslConnection@6957d1bc{NEED_UNWRAP,eio=-1/-1,di=-1,fill=IDLE,flush=IDLE}~>DecryptedEndPoint@429e4c7b{l=/127.0.0.1:33719,r=/127.0.0.1:51180,OPEN,fill=-,flush=-,to=11/30000}=>HttpConnection@4c0ba8a9[p=HttpParser{s=START,0 of -1},g=HttpGenerator@599aa579{s=START}]=>HttpChannelOverHttp@3a127dbb{s=HttpChannelState@1d423891{s=IDLE rs=BLOCKING os=OPEN is=IDLE awp=false se=false i=true al=0},r=0,c=false/false,a=IDLE,uri=null,age=0}
01:46:23.375 [qtp399373008-55] DEBUG org.eclipse.jetty.io.ssl.SslConnection - >fill SslConnection@6957d1bc::SocketChannelEndPoint@6926d4a6{l=/127.0.0.1:33719,r=/127.0.0.1:51180,OPEN,fill=-,flush=-,to=0/30000}{io=0/0,kio=0,kro=1}->SslConnection@6957d1bc{NEED_UNWRAP,eio=-1/-1,di=-1,fill=IDLE,flush=IDLE}~>DecryptedEndPoint@429e4c7b{l=/127.0.0.1:33719,r=/127.0.0.1:51180,OPEN,fill=-,flush=-,to=11/30000}=>HttpConnection@4c0ba8a9[p=HttpParser{s=START,0 of -1},g=HttpGenerator@599aa579{s=START}]=>HttpChannelOverHttp@3a127dbb{s=HttpChannelState@1d423891{s=IDLE rs=BLOCKING os=OPEN is=IDLE awp=false se=false i=true al=0},r=0,c=false/false,a=IDLE,uri=null,age=0}
01:46:23.375 [qtp399373008-55] DEBUG org.eclipse.jetty.io.ssl.SslConnection - fill NEED_UNWRAP
01:46:23.375 [qtp399373008-55] DEBUG org.eclipse.jetty.io.ChannelEndPoint - filled 0 HeapByteBuffer@2f3b09c3[p=0,l=0,c=17408,r=0]={<<<>>>\x17\x03\x03\x068[\x8f\xFc\x8e...\x00\x00\x00\x00\x00\x00\x00}
01:46:23.375 [qtp399373008-55] DEBUG org.eclipse.jetty.io.ssl.SslConnection - net filled=0
01:46:23.375 [qtp399373008-55] DEBUG org.eclipse.jetty.io.ssl.SslConnection - unwrap net_filled=0 Status = BUFFER_UNDERFLOW HandshakeStatus = NEED_UNWRAP bytesConsumed = 0 bytesProduced = 0 encryptedBuffer=[p=0,l=0,c=17408,r=0] unwrapBuffer=HeapByteBuffer@21fcf254[p=0,l=0,c=17408,r=0]={<<<>>>\x17\x03\x03\x00\xC9\xF6\xA5*\xBe...\x00\x00\x00\x00\x00\x00\x00} appBuffer=HeapByteBuffer@21fcf254[p=0,l=0,c=17408,r=0]={<<<>>>\x17\x03\x03\x00\xC9\xF6\xA5*\xBe...\x00\x00\x00\x00\x00\x00\x00}
01:46:23.375 [qtp399373008-55] DEBUG org.eclipse.jetty.io.ssl.SslConnection - <fill f=0 uf=true SslConnection@6957d1bc::SocketChannelEndPoint@6926d4a6{l=/127.0.0.1:33719,r=/127.0.0.1:51180,OPEN,fill=-,flush=-,to=0/30000}{io=0/0,kio=0,kro=1}->SslConnection@6957d1bc{NEED_UNWRAP,eio=-1/-1,di=-1,fill=IDLE,flush=IDLE}~>DecryptedEndPoint@429e4c7b{l=/127.0.0.1:33719,r=/127.0.0.1:51180,OPEN,fill=-,flush=-,to=12/30000}=>HttpConnection@4c0ba8a9[p=HttpParser{s=START,0 of -1},g=HttpGenerator@599aa579{s=START}]=>HttpChannelOverHttp@3a127dbb{s=HttpChannelState@1d423891{s=IDLE rs=BLOCKING os=OPEN is=IDLE awp=false se=false i=true al=0},r=0,c=false/false,a=IDLE,uri=null,age=0}
01:46:23.375 [qtp399373008-55] DEBUG org.eclipse.jetty.server.HttpConnection - HttpConnection@4c0ba8a9::DecryptedEndPoint@429e4c7b{l=/127.0.0.1:33719,r=/127.0.0.1:51180,OPEN,fill=-,flush=-,to=12/30000} filled 0 HeapByteBuffer@21fcf254[p=0,l=0,c=17408,r=0]={<<<>>>\x17\x03\x03\x00\xC9\xF6\xA5*\xBe...\x00\x00\x00\x00\x00\x00\x00}
01:46:23.375 [qtp399373008-55] DEBUG org.eclipse.jetty.server.HttpConnection - HttpConnection@4c0ba8a9::DecryptedEndPoint@429e4c7b{l=/127.0.0.1:33719,r=/127.0.0.1:51180,OPEN,fill=-,flush=-,to=12/30000} parse HeapByteBuffer@21fcf254[p=0,l=0,c=17408,r=0]={<<<>>>\x17\x03\x03\x00\xC9\xF6\xA5*\xBe...\x00\x00\x00\x00\x00\x00\x00} {}
01:46:23.376 [qtp399373008-55] DEBUG org.eclipse.jetty.http.HttpParser - parseNext s=START HeapByteBuffer@21fcf254[p=0,l=0,c=17408,r=0]={<<<>>>\x17\x03\x03\x00\xC9\xF6\xA5*\xBe...\x00\x00\x00\x00\x00\x00\x00}
01:46:23.376 [qtp399373008-55] DEBUG org.eclipse.jetty.server.HttpConnection - HttpConnection@4c0ba8a9::DecryptedEndPoint@429e4c7b{l=/127.0.0.1:33719,r=/127.0.0.1:51180,OPEN,fill=-,flush=-,to=12/30000} parsed false HttpParser{s=START,0 of -1}
01:46:23.376 [qtp399373008-55] DEBUG org.eclipse.jetty.server.HttpConnection - releaseRequestBuffer HttpConnection@4c0ba8a9::DecryptedEndPoint@429e4c7b{l=/127.0.0.1:33719,r=/127.0.0.1:51180,OPEN,fill=-,flush=-,to=12/30000}
01:46:23.376 [qtp399373008-55] DEBUG org.eclipse.jetty.io.AbstractConnection - fillInterested HttpConnection@4c0ba8a9::DecryptedEndPoint@429e4c7b{l=/127.0.0.1:33719,r=/127.0.0.1:51180,OPEN,fill=-,flush=-,to=12/30000}
01:46:23.376 [qtp399373008-55] DEBUG org.eclipse.jetty.io.FillInterest - interested FillInterest@48451003{AC.ReadCB@4c0ba8a9{HttpConnection@4c0ba8a9::DecryptedEndPoint@429e4c7b{l=/127.0.0.1:33719,r=/127.0.0.1:51180,OPEN,fill=FI,flush=-,to=0/30000}}}
01:46:23.376 [qtp399373008-55] DEBUG org.eclipse.jetty.io.ssl.SslConnection - >needFillInterest s=IDLE/IDLE uf=true ei=null di=null SslConnection@6957d1bc::SocketChannelEndPoint@6926d4a6{l=/127.0.0.1:33719,r=/127.0.0.1:51180,OPEN,fill=-,flush=-,to=0/30000}{io=0/0,kio=0,kro=1}->SslConnection@6957d1bc{NEED_UNWRAP,eio=-1/-1,di=-1,fill=IDLE,flush=IDLE}~>DecryptedEndPoint@429e4c7b{l=/127.0.0.1:33719,r=/127.0.0.1:51180,OPEN,fill=FI,flush=-,to=0/30000}=>HttpConnection@4c0ba8a9[p=HttpParser{s=START,0 of -1},g=HttpGenerator@599aa579{s=START}]=>HttpChannelOverHttp@3a127dbb{s=HttpChannelState@1d423891{s=IDLE rs=BLOCKING os=OPEN is=IDLE awp=false se=false i=true al=0},r=0,c=false/false,a=IDLE,uri=null,age=0}
01:46:23.376 [qtp399373008-55] DEBUG org.eclipse.jetty.io.ssl.SslConnection - <needFillInterest s=IDLE/INTERESTED f=false i=true w=null
01:46:23.376 [qtp399373008-55] DEBUG org.eclipse.jetty.io.ssl.SslConnection - ensureFillInterested SslConnection@6957d1bc::SocketChannelEndPoint@6926d4a6{l=/127.0.0.1:33719,r=/127.0.0.1:51180,OPEN,fill=-,flush=-,to=1/30000}{io=0/0,kio=0,kro=1}->SslConnection@6957d1bc{NEED_UNWRAP,eio=-1/-1,di=-1,fill=INTERESTED,flush=IDLE}~>DecryptedEndPoint@429e4c7b{l=/127.0.0.1:33719,r=/127.0.0.1:51180,OPEN,fill=FI,flush=-,to=0/30000}=>HttpConnection@4c0ba8a9[p=HttpParser{s=START,0 of -1},g=HttpGenerator@599aa579{s=START}]=>HttpChannelOverHttp@3a127dbb{s=HttpChannelState@1d423891{s=IDLE rs=BLOCKING os=OPEN is=IDLE awp=false se=false i=true al=0},r=0,c=false/false,a=IDLE,uri=null,age=0}
01:46:23.376 [qtp399373008-55] DEBUG org.eclipse.jetty.io.FillInterest - interested FillInterest@42cb4666{SSLC.NBReadCB@6957d1bc{SslConnection@6957d1bc::SocketChannelEndPoint@6926d4a6{l=/127.0.0.1:33719,r=/127.0.0.1:51180,OPEN,fill=FI,flush=-,to=0/30000}{io=0/0,kio=0,kro=1}->SslConnection@6957d1bc{NEED_UNWRAP,eio=-1/-1,di=-1,fill=INTERESTED,flush=IDLE}~>DecryptedEndPoint@429e4c7b{l=/127.0.0.1:33719,r=/127.0.0.1:51180,OPEN,fill=FI,flush=-,to=0/30000}=>HttpConnection@4c0ba8a9[p=HttpParser{s=START,0 of -1},g=HttpGenerator@599aa579{s=START}]=>HttpChannelOverHttp@3a127dbb{s=HttpChannelState@1d423891{s=IDLE rs=BLOCKING os=OPEN is=IDLE awp=false se=false i=true al=0},r=0,c=false/false,a=IDLE,uri=null,age=0}}}
01:46:23.376 [qtp399373008-55] DEBUG org.eclipse.jetty.io.ChannelEndPoint - changeInterests p=false 0->1 for SocketChannelEndPoint@6926d4a6{l=/127.0.0.1:33719,r=/127.0.0.1:51180,OPEN,fill=FI,flush=-,to=0/30000}{io=0/1,kio=0,kro=1}->SslConnection@6957d1bc{NEED_UNWRAP,eio=-1/-1,di=-1,fill=INTERESTED,flush=IDLE}~>DecryptedEndPoint@429e4c7b{l=/127.0.0.1:33719,r=/127.0.0.1:51180,OPEN,fill=FI,flush=-,to=0/30000}=>HttpConnection@4c0ba8a9[p=HttpParser{s=START,0 of -1},g=HttpGenerator@599aa579{s=START}]=>HttpChannelOverHttp@3a127dbb{s=HttpChannelState@1d423891{s=IDLE rs=BLOCKING os=OPEN is=IDLE awp=false se=false i=true al=0},r=0,c=false/false,a=IDLE,uri=null,age=0}
01:46:23.376 [qtp399373008-55] DEBUG org.eclipse.jetty.io.ManagedSelector - Queued change lazy=false org.eclipse.jetty.io.ChannelEndPoint$$Lambda$255/981852870@1546b5b2 on ManagedSelector@4e70a728{STARTED} id=0 keys=1 selected=0 updates=0
01:46:23.376 [qtp399373008-55] DEBUG org.eclipse.jetty.io.ManagedSelector - Wakeup on submit ManagedSelector@4e70a728{STARTED} id=0 keys=1 selected=0 updates=1
01:46:23.376 [qtp399373008-56] DEBUG org.eclipse.jetty.io.ManagedSelector - Selector sun.nio.ch.EPollSelectorImpl@4985b9d4 woken with none selected
01:46:23.376 [qtp399373008-55] DEBUG org.eclipse.jetty.server.HttpConnection - HttpConnection@4c0ba8a9::DecryptedEndPoint@429e4c7b{l=/127.0.0.1:33719,r=/127.0.0.1:51180,OPEN,fill=FI,flush=-,to=0/30000} onFillable exit HttpChannelState@1d423891{s=IDLE rs=BLOCKING os=OPEN is=IDLE awp=false se=false i=true al=0} null
01:46:23.376 [qtp399373008-56] DEBUG org.eclipse.jetty.io.ManagedSelector - Selector sun.nio.ch.EPollSelectorImpl@4985b9d4 woken up from select, 0/0/1 selected
01:46:23.376 [qtp399373008-56] DEBUG org.eclipse.jetty.io.ManagedSelector - Selector sun.nio.ch.EPollSelectorImpl@4985b9d4 processing 0 keys, 1 updates
01:46:23.376 [qtp399373008-56] DEBUG org.eclipse.jetty.io.ManagedSelector - updateable 1
01:46:23.376 [qtp399373008-56] DEBUG org.eclipse.jetty.io.ManagedSelector - update org.eclipse.jetty.io.ChannelEndPoint$$Lambda$255/981852870@1546b5b2
01:46:23.376 [qtp399373008-55] DEBUG org.eclipse.jetty.io.ssl.SslConnection - <c.onFillable SslConnection@6957d1bc::SocketChannelEndPoint@6926d4a6{l=/127.0.0.1:33719,r=/127.0.0.1:51180,OPEN,fill=FI,flush=-,to=0/30000}{io=0/1,kio=0,kro=1}->SslConnection@6957d1bc{NEED_UNWRAP,eio=-1/-1,di=-1,fill=INTERESTED,flush=IDLE}~>DecryptedEndPoint@429e4c7b{l=/127.0.0.1:33719,r=/127.0.0.1:51180,OPEN,fill=FI,flush=-,to=0/30000}=>HttpConnection@4c0ba8a9[p=HttpParser{s=START,0 of -1},g=HttpGenerator@599aa579{s=START}]=>HttpChannelOverHttp@3a127dbb{s=HttpChannelState@1d423891{s=IDLE rs=BLOCKING os=OPEN is=IDLE awp=false se=false i=true al=0},r=0,c=false/false,a=IDLE,uri=null,age=0}
01:46:23.376 [qtp399373008-55] DEBUG org.eclipse.jetty.util.thread.QueuedThreadPool - ran org.eclipse.jetty.io.ManagedSelector$$Lambda$253/838473569@7fe7c640 in QueuedThreadPool[qtp399373008]@17cdf2d0{STARTED,8<=8<=200,i=1,r=-1,q=0}[ReservedThreadExecutor@424fd310{reserved=1/8,pending=0}]
01:46:23.377 [qtp399373008-56] DEBUG org.eclipse.jetty.io.ChannelEndPoint - Key interests updated 0 -> 1 on SocketChannelEndPoint@6926d4a6{l=/127.0.0.1:33719,r=/127.0.0.1:51180,OPEN,fill=FI,flush=-,to=0/30000}{io=1/1,kio=1,kro=1}->SslConnection@6957d1bc{NEED_UNWRAP,eio=-1/-1,di=-1,fill=INTERESTED,flush=IDLE}~>DecryptedEndPoint@429e4c7b{l=/127.0.0.1:33719,r=/127.0.0.1:51180,OPEN,fill=FI,flush=-,to=0/30000}=>HttpConnection@4c0ba8a9[p=HttpParser{s=START,0 of -1},g=HttpGenerator@599aa579{s=START}]=>HttpChannelOverHttp@3a127dbb{s=HttpChannelState@1d423891{s=IDLE rs=BLOCKING os=OPEN is=IDLE awp=false se=false i=true al=0},r=0,c=false/false,a=IDLE,uri=null,age=0}
01:46:23.377 [qtp399373008-56] DEBUG org.eclipse.jetty.io.ManagedSelector - updates 0
01:46:23.377 [qtp399373008-56] DEBUG org.eclipse.jetty.io.ManagedSelector - Selector sun.nio.ch.EPollSelectorImpl@4985b9d4 waiting with 1 keys
01:46:23.378 [qtp399373008-56] DEBUG org.eclipse.jetty.io.ManagedSelector - Selector sun.nio.ch.EPollSelectorImpl@4985b9d4 woken up from select, 1/1/1 selected
01:46:23.378 [qtp399373008-56] DEBUG org.eclipse.jetty.io.ManagedSelector - Selector sun.nio.ch.EPollSelectorImpl@4985b9d4 processing 1 keys, 0 updates
01:46:23.378 [qtp399373008-56] DEBUG org.eclipse.jetty.io.ManagedSelector - selected 1 sun.nio.ch.SelectionKeyImpl@47425e94 SocketChannelEndPoint@6926d4a6{l=/127.0.0.1:33719,r=/127.0.0.1:51180,OPEN,fill=FI,flush=-,to=2/30000}{io=1/1,kio=1,kro=1}->SslConnection@6957d1bc{NEED_UNWRAP,eio=-1/-1,di=-1,fill=INTERESTED,flush=IDLE}~>DecryptedEndPoint@429e4c7b{l=/127.0.0.1:33719,r=/127.0.0.1:51180,OPEN,fill=FI,flush=-,to=2/30000}=>HttpConnection@4c0ba8a9[p=HttpParser{s=START,0 of -1},g=HttpGenerator@599aa579{s=START}]=>HttpChannelOverHttp@3a127dbb{s=HttpChannelState@1d423891{s=IDLE rs=BLOCKING os=OPEN is=IDLE awp=false se=false i=true al=0},r=0,c=false/false,a=IDLE,uri=null,age=0} 
01:46:23.379 [qtp399373008-56] DEBUG org.eclipse.jetty.io.ChannelEndPoint - onSelected 1->0 r=true w=false for SocketChannelEndPoint@6926d4a6{l=/127.0.0.1:33719,r=/127.0.0.1:51180,OPEN,fill=FI,flush=-,to=2/30000}{io=1/0,kio=1,kro=1}->SslConnection@6957d1bc{NEED_UNWRAP,eio=-1/-1,di=-1,fill=INTERESTED,flush=IDLE}~>DecryptedEndPoint@429e4c7b{l=/127.0.0.1:33719,r=/127.0.0.1:51180,OPEN,fill=FI,flush=-,to=2/30000}=>HttpConnection@4c0ba8a9[p=HttpParser{s=START,0 of -1},g=HttpGenerator@599aa579{s=START}]=>HttpChannelOverHttp@3a127dbb{s=HttpChannelState@1d423891{s=IDLE rs=BLOCKING os=OPEN is=IDLE awp=false se=false i=true al=0},r=0,c=false/false,a=IDLE,uri=null,age=0}
01:46:23.379 [qtp399373008-56] DEBUG org.eclipse.jetty.io.ChannelEndPoint - task CEP:SocketChannelEndPoint@6926d4a6{l=/127.0.0.1:33719,r=/127.0.0.1:51180,OPEN,fill=FI,flush=-,to=2/30000}{io=1/0,kio=1,kro=1}->SslConnection@6957d1bc{NEED_UNWRAP,eio=-1/-1,di=-1,fill=INTERESTED,flush=IDLE}~>DecryptedEndPoint@429e4c7b{l=/127.0.0.1:33719,r=/127.0.0.1:51180,OPEN,fill=FI,flush=-,to=2/30000}=>HttpConnection@4c0ba8a9[p=HttpParser{s=START,0 of -1},g=HttpGenerator@599aa579{s=START}]=>HttpChannelOverHttp@3a127dbb{s=HttpChannelState@1d423891{s=IDLE rs=BLOCKING os=OPEN is=IDLE awp=false se=false i=true al=0},r=0,c=false/false,a=IDLE,uri=null,age=0}:runFillable:BLOCKING
01:46:23.379 [qtp399373008-56] DEBUG org.eclipse.jetty.util.thread.ReservedThreadExecutor - ReservedThreadExecutor@424fd310{reserved=1/8,pending=0} tryExecute EatWhatYouKill@4e858e0a/SelectorProducer@435fb7b5/PRODUCING/p=false/QueuedThreadPool[qtp399373008]@17cdf2d0{STARTED,8<=8<=200,i=2,r=-1,q=0}[ReservedThreadExecutor@424fd310{reserved=1/8,pending=0}][pc=0,pic=0,pec=0,epc=1]@2024-05-02T01:46:23.379+01:00
01:46:23.379 [qtp399373008-56] DEBUG org.eclipse.jetty.util.thread.ReservedThreadExecutor - ReservedThreadExecutor@424fd310{reserved=0/8,pending=1} startReservedThread p=1
01:46:23.379 [qtp399373008-56] DEBUG org.eclipse.jetty.util.thread.QueuedThreadPool - queue ReservedThread@65c16066{PENDING,thread=null} startThread=0
01:46:23.379 [qtp399373008-58] DEBUG org.eclipse.jetty.util.thread.QueuedThreadPool - run ReservedThread@65c16066{PENDING,thread=null} in QueuedThreadPool[qtp399373008]@17cdf2d0{STARTED,8<=8<=200,i=1,r=-1,q=0}[ReservedThreadExecutor@424fd310{reserved=0/8,pending=1}]
01:46:23.379 [qtp399373008-58] DEBUG org.eclipse.jetty.util.thread.ReservedThreadExecutor - ReservedThread@65c16066{PENDING,thread=Thread[qtp399373008-58,5,main]} was=PENDING next=RESERVED size=0+1 capacity=8
01:46:23.379 [qtp399373008-58] DEBUG org.eclipse.jetty.util.thread.ReservedThreadExecutor - ReservedThread@65c16066{RESERVED,thread=Thread[qtp399373008-58,5,main]} waiting ReservedThreadExecutor@424fd310{reserved=1/8,pending=0}
01:46:23.379 [qtp399373008-56] DEBUG org.eclipse.jetty.util.thread.strategy.EatWhatYouKill - EatWhatYouKill@4e858e0a/SelectorProducer@435fb7b5/IDLE/p=true/QueuedThreadPool[qtp399373008]@17cdf2d0{STARTED,8<=8<=200,i=1,r=-1,q=0}[ReservedThreadExecutor@424fd310{reserved=0/8,pending=1}][pc=0,pic=0,pec=0,epc=1]@2024-05-02T01:46:23.379+01:00 m=EXECUTE_PRODUCE_CONSUME t=CEP:SocketChannelEndPoint@6926d4a6{l=/127.0.0.1:33719,r=/127.0.0.1:51180,OPEN,fill=FI,flush=-,to=3/30000}{io=1/0,kio=1,kro=1}->SslConnection@6957d1bc{NEED_UNWRAP,eio=-1/-1,di=-1,fill=INTERESTED,flush=IDLE}~>DecryptedEndPoint@429e4c7b{l=/127.0.0.1:33719,r=/127.0.0.1:51180,OPEN,fill=FI,flush=-,to=3/30000}=>HttpConnection@4c0ba8a9[p=HttpParser{s=START,0 of -1},g=HttpGenerator@599aa579{s=START}]=>HttpChannelOverHttp@3a127dbb{s=HttpChannelState@1d423891{s=IDLE rs=BLOCKING os=OPEN is=IDLE awp=false se=false i=true al=0},r=0,c=false/false,a=IDLE,uri=null,age=0}:runFillable:BLOCKING/BLOCKING
01:46:23.379 [qtp399373008-57] DEBUG org.eclipse.jetty.util.thread.ReservedThreadExecutor - ReservedThread@6a04b48e{RESERVED,thread=Thread[qtp399373008-57,5,main]} task=EatWhatYouKill@4e858e0a/SelectorProducer@435fb7b5/IDLE/p=true/QueuedThreadPool[qtp399373008]@17cdf2d0{STARTED,8<=8<=200,i=1,r=-1,q=0}[ReservedThreadExecutor@424fd310{reserved=1/8,pending=0}][pc=0,pic=0,pec=0,epc=1]@2024-05-02T01:46:23.379+01:00 ReservedThreadExecutor@424fd310{reserved=1/8,pending=0}
01:46:23.379 [qtp399373008-57] DEBUG org.eclipse.jetty.util.thread.strategy.EatWhatYouKill - EatWhatYouKill@4e858e0a/SelectorProducer@435fb7b5/IDLE/p=true/QueuedThreadPool[qtp399373008]@17cdf2d0{STARTED,8<=8<=200,i=1,r=-1,q=0}[ReservedThreadExecutor@424fd310{reserved=1/8,pending=0}][pc=0,pic=0,pec=0,epc=2]@2024-05-02T01:46:23.379+01:00 tryProduce true
01:46:23.379 [qtp399373008-56] DEBUG org.eclipse.jetty.io.FillInterest - fillable FillInterest@42cb4666{SSLC.NBReadCB@6957d1bc{SslConnection@6957d1bc::SocketChannelEndPoint@6926d4a6{l=/127.0.0.1:33719,r=/127.0.0.1:51180,OPEN,fill=FI,flush=-,to=3/30000}{io=1/0,kio=1,kro=1}->SslConnection@6957d1bc{NEED_UNWRAP,eio=-1/-1,di=-1,fill=INTERESTED,flush=IDLE}~>DecryptedEndPoint@429e4c7b{l=/127.0.0.1:33719,r=/127.0.0.1:51180,OPEN,fill=FI,flush=-,to=3/30000}=>HttpConnection@4c0ba8a9[p=HttpParser{s=START,0 of -1},g=HttpGenerator@599aa579{s=START}]=>HttpChannelOverHttp@3a127dbb{s=HttpChannelState@1d423891{s=IDLE rs=BLOCKING os=OPEN is=IDLE awp=false se=false i=true al=0},r=0,c=false/false,a=IDLE,uri=null,age=0}}}
01:46:23.379 [qtp399373008-57] DEBUG org.eclipse.jetty.io.ManagedSelector - updateable 0
01:46:23.379 [qtp399373008-57] DEBUG org.eclipse.jetty.io.ManagedSelector - updates 0
01:46:23.379 [qtp399373008-56] DEBUG org.eclipse.jetty.io.ssl.SslConnection - >c.onFillable SslConnection@6957d1bc::SocketChannelEndPoint@6926d4a6{l=/127.0.0.1:33719,r=/127.0.0.1:51180,OPEN,fill=-,flush=-,to=3/30000}{io=0/0,kio=1,kro=1}->SslConnection@6957d1bc{NEED_UNWRAP,eio=-1/-1,di=-1,fill=INTERESTED,flush=IDLE}~>DecryptedEndPoint@429e4c7b{l=/127.0.0.1:33719,r=/127.0.0.1:51180,OPEN,fill=FI,flush=-,to=3/30000}=>HttpConnection@4c0ba8a9[p=HttpParser{s=START,0 of -1},g=HttpGenerator@599aa579{s=START}]=>HttpChannelOverHttp@3a127dbb{s=HttpChannelState@1d423891{s=IDLE rs=BLOCKING os=OPEN is=IDLE awp=false se=false i=true al=0},r=0,c=false/false,a=IDLE,uri=null,age=0}
01:46:23.380 [qtp399373008-57] DEBUG org.eclipse.jetty.io.ChannelEndPoint - Key interests updated 1 -> 0 on SocketChannelEndPoint@6926d4a6{l=/127.0.0.1:33719,r=/127.0.0.1:51180,OPEN,fill=-,flush=-,to=3/30000}{io=0/0,kio=0,kro=1}->SslConnection@6957d1bc{NEED_UNWRAP,eio=-1/-1,di=-1,fill=INTERESTED,flush=IDLE}~>DecryptedEndPoint@429e4c7b{l=/127.0.0.1:33719,r=/127.0.0.1:51180,OPEN,fill=FI,flush=-,to=3/30000}=>HttpConnection@4c0ba8a9[p=HttpParser{s=START,0 of -1},g=HttpGenerator@599aa579{s=START}]=>HttpChannelOverHttp@3a127dbb{s=HttpChannelState@1d423891{s=IDLE rs=BLOCKING os=OPEN is=IDLE awp=false se=false i=true al=0},r=0,c=false/false,a=IDLE,uri=null,age=0}
01:46:23.380 [qtp399373008-57] DEBUG org.eclipse.jetty.io.ManagedSelector - Selector sun.nio.ch.EPollSelectorImpl@4985b9d4 waiting with 1 keys
01:46:23.380 [qtp399373008-56] DEBUG org.eclipse.jetty.io.ssl.SslConnection - onFillable SslConnection@6957d1bc::SocketChannelEndPoint@6926d4a6{l=/127.0.0.1:33719,r=/127.0.0.1:51180,OPEN,fill=-,flush=-,to=3/30000}{io=0/0,kio=0,kro=1}->SslConnection@6957d1bc{NEED_UNWRAP,eio=-1/-1,di=-1,fill=INTERESTED,flush=IDLE}~>DecryptedEndPoint@429e4c7b{l=/127.0.0.1:33719,r=/127.0.0.1:51180,OPEN,fill=FI,flush=-,to=3/30000}=>HttpConnection@4c0ba8a9[p=HttpParser{s=START,0 of -1},g=HttpGenerator@599aa579{s=START}]=>HttpChannelOverHttp@3a127dbb{s=HttpChannelState@1d423891{s=IDLE rs=BLOCKING os=OPEN is=IDLE awp=false se=false i=true al=0},r=0,c=false/false,a=IDLE,uri=null,age=0}
01:46:23.380 [qtp399373008-56] DEBUG org.eclipse.jetty.io.FillInterest - fillable FillInterest@48451003{AC.ReadCB@4c0ba8a9{HttpConnection@4c0ba8a9::DecryptedEndPoint@429e4c7b{l=/127.0.0.1:33719,r=/127.0.0.1:51180,OPEN,fill=FI,flush=-,to=3/30000}}}
01:46:23.380 [qtp399373008-56] DEBUG org.eclipse.jetty.server.HttpConnection - HttpConnection@4c0ba8a9::DecryptedEndPoint@429e4c7b{l=/127.0.0.1:33719,r=/127.0.0.1:51180,OPEN,fill=-,flush=-,to=3/30000} onFillable enter HttpChannelState@1d423891{s=IDLE rs=BLOCKING os=OPEN is=IDLE awp=false se=false i=true al=0} null
01:46:23.380 [qtp399373008-56] DEBUG org.eclipse.jetty.io.ssl.SslConnection - >fill SslConnection@6957d1bc::SocketChannelEndPoint@6926d4a6{l=/127.0.0.1:33719,r=/127.0.0.1:51180,OPEN,fill=-,flush=-,to=3/30000}{io=0/0,kio=0,kro=1}->SslConnection@6957d1bc{NEED_UNWRAP,eio=-1/-1,di=-1,fill=IDLE,flush=IDLE}~>DecryptedEndPoint@429e4c7b{l=/127.0.0.1:33719,r=/127.0.0.1:51180,OPEN,fill=-,flush=-,to=4/30000}=>HttpConnection@4c0ba8a9[p=HttpParser{s=START,0 of -1},g=HttpGenerator@599aa579{s=START}]=>HttpChannelOverHttp@3a127dbb{s=HttpChannelState@1d423891{s=IDLE rs=BLOCKING os=OPEN is=IDLE awp=false se=false i=true al=0},r=0,c=false/false,a=IDLE,uri=null,age=0}
01:46:23.380 [qtp399373008-56] DEBUG org.eclipse.jetty.io.ssl.SslConnection - fill NEED_UNWRAP
01:46:23.380 [qtp399373008-56] DEBUG org.eclipse.jetty.io.ChannelEndPoint - filled 6 HeapByteBuffer@2f3b09c3[p=0,l=6,c=17408,r=6]={<<<\x14\x03\x03\x00\x01\x01>>>\x8f\xFc\x8e\x07mZ\xFb\xA2F...\x00\x00\x00\x00\x00\x00\x00}
01:46:23.380 [qtp399373008-56] DEBUG org.eclipse.jetty.io.ssl.SslConnection - net filled=6
01:46:23.380 [qtp399373008-56] DEBUG org.eclipse.jetty.io.ssl.SslConnection - unwrap net_filled=6 Status = OK HandshakeStatus = NEED_UNWRAP bytesConsumed = 6 bytesProduced = 0 encryptedBuffer=[p=6,l=6,c=17408,r=0] unwrapBuffer=HeapByteBuffer@25c362b3[p=0,l=0,c=17408,r=0]={<<<>>>\x16\x03\x03\x01N\x01\x00\x01J...\x00\x00\x00\x00\x00\x00\x00} appBuffer=HeapByteBuffer@25c362b3[p=0,l=0,c=17408,r=0]={<<<>>>\x16\x03\x03\x01N\x01\x00\x01J...\x00\x00\x00\x00\x00\x00\x00}
01:46:23.380 [qtp399373008-56] DEBUG org.eclipse.jetty.io.ssl.SslConnection - fill NEED_UNWRAP
01:46:23.380 [qtp399373008-56] DEBUG org.eclipse.jetty.io.ChannelEndPoint - filled 0 HeapByteBuffer@2f3b09c3[p=0,l=0,c=17408,r=0]={<<<>>>\x14\x03\x03\x00\x01\x01\x8f\xFc\x8e...\x00\x00\x00\x00\x00\x00\x00}
01:46:23.380 [qtp399373008-56] DEBUG org.eclipse.jetty.io.ssl.SslConnection - net filled=0
01:46:23.380 [qtp399373008-56] DEBUG org.eclipse.jetty.io.ssl.SslConnection - unwrap net_filled=0 Status = BUFFER_UNDERFLOW HandshakeStatus = NEED_UNWRAP bytesConsumed = 0 bytesProduced = 0 encryptedBuffer=[p=0,l=0,c=17408,r=0] unwrapBuffer=HeapByteBuffer@25c362b3[p=0,l=0,c=17408,r=0]={<<<>>>\x16\x03\x03\x01N\x01\x00\x01J...\x00\x00\x00\x00\x00\x00\x00} appBuffer=HeapByteBuffer@25c362b3[p=0,l=0,c=17408,r=0]={<<<>>>\x16\x03\x03\x01N\x01\x00\x01J...\x00\x00\x00\x00\x00\x00\x00}
01:46:23.380 [qtp399373008-56] DEBUG org.eclipse.jetty.io.ssl.SslConnection - <fill f=0 uf=true SslConnection@6957d1bc::SocketChannelEndPoint@6926d4a6{l=/127.0.0.1:33719,r=/127.0.0.1:51180,OPEN,fill=-,flush=-,to=0/30000}{io=0/0,kio=0,kro=1}->SslConnection@6957d1bc{NEED_UNWRAP,eio=-1/-1,di=-1,fill=IDLE,flush=IDLE}~>DecryptedEndPoint@429e4c7b{l=/127.0.0.1:33719,r=/127.0.0.1:51180,OPEN,fill=-,flush=-,to=4/30000}=>HttpConnection@4c0ba8a9[p=HttpParser{s=START,0 of -1},g=HttpGenerator@599aa579{s=START}]=>HttpChannelOverHttp@3a127dbb{s=HttpChannelState@1d423891{s=IDLE rs=BLOCKING os=OPEN is=IDLE awp=false se=false i=true al=0},r=0,c=false/false,a=IDLE,uri=null,age=0}
01:46:23.381 [qtp399373008-56] DEBUG org.eclipse.jetty.io.ssl.SslConnection - >fill SslConnection@6957d1bc::SocketChannelEndPoint@6926d4a6{l=/127.0.0.1:33719,r=/127.0.0.1:51180,OPEN,fill=-,flush=-,to=0/30000}{io=0/0,kio=0,kro=1}->SslConnection@6957d1bc{NEED_UNWRAP,eio=-1/-1,di=-1,fill=IDLE,flush=IDLE}~>DecryptedEndPoint@429e4c7b{l=/127.0.0.1:33719,r=/127.0.0.1:51180,OPEN,fill=-,flush=-,to=4/30000}=>HttpConnection@4c0ba8a9[p=HttpParser{s=START,0 of -1},g=HttpGenerator@599aa579{s=START}]=>HttpChannelOverHttp@3a127dbb{s=HttpChannelState@1d423891{s=IDLE rs=BLOCKING os=OPEN is=IDLE awp=false se=false i=true al=0},r=0,c=false/false,a=IDLE,uri=null,age=0}
01:46:23.381 [qtp399373008-56] DEBUG org.eclipse.jetty.io.ssl.SslConnection - fill NEED_UNWRAP
01:46:23.381 [qtp399373008-56] DEBUG org.eclipse.jetty.io.ChannelEndPoint - filled 0 HeapByteBuffer@21fcf254[p=0,l=0,c=17408,r=0]={<<<>>>\x17\x03\x03\x00\xC9\xF6\xA5*\xBe...\x00\x00\x00\x00\x00\x00\x00}
01:46:23.381 [qtp399373008-56] DEBUG org.eclipse.jetty.io.ssl.SslConnection - net filled=0
01:46:23.381 [qtp399373008-56] DEBUG org.eclipse.jetty.io.ssl.SslConnection - unwrap net_filled=0 Status = BUFFER_UNDERFLOW HandshakeStatus = NEED_UNWRAP bytesConsumed = 0 bytesProduced = 0 encryptedBuffer=[p=0,l=0,c=17408,r=0] unwrapBuffer=HeapByteBuffer@25c362b3[p=0,l=0,c=17408,r=0]={<<<>>>\x16\x03\x03\x01N\x01\x00\x01J...\x00\x00\x00\x00\x00\x00\x00} appBuffer=HeapByteBuffer@25c362b3[p=0,l=0,c=17408,r=0]={<<<>>>\x16\x03\x03\x01N\x01\x00\x01J...\x00\x00\x00\x00\x00\x00\x00}
01:46:23.381 [qtp399373008-56] DEBUG org.eclipse.jetty.io.ssl.SslConnection - <fill f=0 uf=true SslConnection@6957d1bc::SocketChannelEndPoint@6926d4a6{l=/127.0.0.1:33719,r=/127.0.0.1:51180,OPEN,fill=-,flush=-,to=0/30000}{io=0/0,kio=0,kro=1}->SslConnection@6957d1bc{NEED_UNWRAP,eio=-1/-1,di=-1,fill=IDLE,flush=IDLE}~>DecryptedEndPoint@429e4c7b{l=/127.0.0.1:33719,r=/127.0.0.1:51180,OPEN,fill=-,flush=-,to=5/30000}=>HttpConnection@4c0ba8a9[p=HttpParser{s=START,0 of -1},g=HttpGenerator@599aa579{s=START}]=>HttpChannelOverHttp@3a127dbb{s=HttpChannelState@1d423891{s=IDLE rs=BLOCKING os=OPEN is=IDLE awp=false se=false i=true al=0},r=0,c=false/false,a=IDLE,uri=null,age=0}
01:46:23.381 [qtp399373008-56] DEBUG org.eclipse.jetty.server.HttpConnection - HttpConnection@4c0ba8a9::DecryptedEndPoint@429e4c7b{l=/127.0.0.1:33719,r=/127.0.0.1:51180,OPEN,fill=-,flush=-,to=5/30000} filled 0 HeapByteBuffer@25c362b3[p=0,l=0,c=17408,r=0]={<<<>>>\x16\x03\x03\x01N\x01\x00\x01J...\x00\x00\x00\x00\x00\x00\x00}
01:46:23.381 [qtp399373008-56] DEBUG org.eclipse.jetty.server.HttpConnection - HttpConnection@4c0ba8a9::DecryptedEndPoint@429e4c7b{l=/127.0.0.1:33719,r=/127.0.0.1:51180,OPEN,fill=-,flush=-,to=5/30000} parse HeapByteBuffer@25c362b3[p=0,l=0,c=17408,r=0]={<<<>>>\x16\x03\x03\x01N\x01\x00\x01J...\x00\x00\x00\x00\x00\x00\x00} {}
01:46:23.381 [qtp399373008-56] DEBUG org.eclipse.jetty.http.HttpParser - parseNext s=START HeapByteBuffer@25c362b3[p=0,l=0,c=17408,r=0]={<<<>>>\x16\x03\x03\x01N\x01\x00\x01J...\x00\x00\x00\x00\x00\x00\x00}
01:46:23.381 [qtp399373008-56] DEBUG org.eclipse.jetty.server.HttpConnection - HttpConnection@4c0ba8a9::DecryptedEndPoint@429e4c7b{l=/127.0.0.1:33719,r=/127.0.0.1:51180,OPEN,fill=-,flush=-,to=5/30000} parsed false HttpParser{s=START,0 of -1}
01:46:23.381 [qtp399373008-56] DEBUG org.eclipse.jetty.server.HttpConnection - releaseRequestBuffer HttpConnection@4c0ba8a9::DecryptedEndPoint@429e4c7b{l=/127.0.0.1:33719,r=/127.0.0.1:51180,OPEN,fill=-,flush=-,to=5/30000}
01:46:23.381 [qtp399373008-56] DEBUG org.eclipse.jetty.io.AbstractConnection - fillInterested HttpConnection@4c0ba8a9::DecryptedEndPoint@429e4c7b{l=/127.0.0.1:33719,r=/127.0.0.1:51180,OPEN,fill=-,flush=-,to=5/30000}
01:46:23.381 [qtp399373008-56] DEBUG org.eclipse.jetty.io.FillInterest - interested FillInterest@48451003{AC.ReadCB@4c0ba8a9{HttpConnection@4c0ba8a9::DecryptedEndPoint@429e4c7b{l=/127.0.0.1:33719,r=/127.0.0.1:51180,OPEN,fill=FI,flush=-,to=0/30000}}}
01:46:23.381 [qtp399373008-56] DEBUG org.eclipse.jetty.io.ssl.SslConnection - >needFillInterest s=IDLE/IDLE uf=true ei=null di=null SslConnection@6957d1bc::SocketChannelEndPoint@6926d4a6{l=/127.0.0.1:33719,r=/127.0.0.1:51180,OPEN,fill=-,flush=-,to=0/30000}{io=0/0,kio=0,kro=1}->SslConnection@6957d1bc{NEED_UNWRAP,eio=-1/-1,di=-1,fill=IDLE,flush=IDLE}~>DecryptedEndPoint@429e4c7b{l=/127.0.0.1:33719,r=/127.0.0.1:51180,OPEN,fill=FI,flush=-,to=0/30000}=>HttpConnection@4c0ba8a9[p=HttpParser{s=START,0 of -1},g=HttpGenerator@599aa579{s=START}]=>HttpChannelOverHttp@3a127dbb{s=HttpChannelState@1d423891{s=IDLE rs=BLOCKING os=OPEN is=IDLE awp=false se=false i=true al=0},r=0,c=false/false,a=IDLE,uri=null,age=0}
01:46:23.381 [qtp399373008-56] DEBUG org.eclipse.jetty.io.ssl.SslConnection - <needFillInterest s=IDLE/INTERESTED f=false i=true w=null
01:46:23.381 [qtp399373008-56] DEBUG org.eclipse.jetty.io.ssl.SslConnection - ensureFillInterested SslConnection@6957d1bc::SocketChannelEndPoint@6926d4a6{l=/127.0.0.1:33719,r=/127.0.0.1:51180,OPEN,fill=-,flush=-,to=0/30000}{io=0/0,kio=0,kro=1}->SslConnection@6957d1bc{NEED_UNWRAP,eio=-1/-1,di=-1,fill=INTERESTED,flush=IDLE}~>DecryptedEndPoint@429e4c7b{l=/127.0.0.1:33719,r=/127.0.0.1:51180,OPEN,fill=FI,flush=-,to=0/30000}=>HttpConnection@4c0ba8a9[p=HttpParser{s=START,0 of -1},g=HttpGenerator@599aa579{s=START}]=>HttpChannelOverHttp@3a127dbb{s=HttpChannelState@1d423891{s=IDLE rs=BLOCKING os=OPEN is=IDLE awp=false se=false i=true al=0},r=0,c=false/false,a=IDLE,uri=null,age=0}
01:46:23.381 [qtp399373008-56] DEBUG org.eclipse.jetty.io.FillInterest - interested FillInterest@42cb4666{SSLC.NBReadCB@6957d1bc{SslConnection@6957d1bc::SocketChannelEndPoint@6926d4a6{l=/127.0.0.1:33719,r=/127.0.0.1:51180,OPEN,fill=FI,flush=-,to=0/30000}{io=0/0,kio=0,kro=1}->SslConnection@6957d1bc{NEED_UNWRAP,eio=-1/-1,di=-1,fill=INTERESTED,flush=IDLE}~>DecryptedEndPoint@429e4c7b{l=/127.0.0.1:33719,r=/127.0.0.1:51180,OPEN,fill=FI,flush=-,to=0/30000}=>HttpConnection@4c0ba8a9[p=HttpParser{s=START,0 of -1},g=HttpGenerator@599aa579{s=START}]=>HttpChannelOverHttp@3a127dbb{s=HttpChannelState@1d423891{s=IDLE rs=BLOCKING os=OPEN is=IDLE awp=false se=false i=true al=0},r=0,c=false/false,a=IDLE,uri=null,age=0}}}
01:46:23.381 [qtp399373008-56] DEBUG org.eclipse.jetty.io.ChannelEndPoint - changeInterests p=false 0->1 for SocketChannelEndPoint@6926d4a6{l=/127.0.0.1:33719,r=/127.0.0.1:51180,OPEN,fill=FI,flush=-,to=0/30000}{io=0/1,kio=0,kro=1}->SslConnection@6957d1bc{NEED_UNWRAP,eio=-1/-1,di=-1,fill=INTERESTED,flush=IDLE}~>DecryptedEndPoint@429e4c7b{l=/127.0.0.1:33719,r=/127.0.0.1:51180,OPEN,fill=FI,flush=-,to=0/30000}=>HttpConnection@4c0ba8a9[p=HttpParser{s=START,0 of -1},g=HttpGenerator@599aa579{s=START}]=>HttpChannelOverHttp@3a127dbb{s=HttpChannelState@1d423891{s=IDLE rs=BLOCKING os=OPEN is=IDLE awp=false se=false i=true al=0},r=0,c=false/false,a=IDLE,uri=null,age=0}
01:46:23.381 [qtp399373008-56] DEBUG org.eclipse.jetty.io.ManagedSelector - Queued change lazy=false org.eclipse.jetty.io.ChannelEndPoint$$Lambda$255/981852870@1546b5b2 on ManagedSelector@4e70a728{STARTED} id=0 keys=1 selected=0 updates=0
01:46:23.381 [qtp399373008-56] DEBUG org.eclipse.jetty.io.ManagedSelector - Wakeup on submit ManagedSelector@4e70a728{STARTED} id=0 keys=1 selected=0 updates=1
01:46:23.381 [qtp399373008-56] DEBUG org.eclipse.jetty.server.HttpConnection - HttpConnection@4c0ba8a9::DecryptedEndPoint@429e4c7b{l=/127.0.0.1:33719,r=/127.0.0.1:51180,OPEN,fill=FI,flush=-,to=0/30000} onFillable exit HttpChannelState@1d423891{s=IDLE rs=BLOCKING os=OPEN is=IDLE awp=false se=false i=true al=0} null
01:46:23.381 [qtp399373008-57] DEBUG org.eclipse.jetty.io.ManagedSelector - Selector sun.nio.ch.EPollSelectorImpl@4985b9d4 woken with none selected
01:46:23.381 [qtp399373008-57] DEBUG org.eclipse.jetty.io.ManagedSelector - Selector sun.nio.ch.EPollSelectorImpl@4985b9d4 woken up from select, 0/0/1 selected
01:46:23.381 [qtp399373008-57] DEBUG org.eclipse.jetty.io.ManagedSelector - Selector sun.nio.ch.EPollSelectorImpl@4985b9d4 processing 0 keys, 1 updates
01:46:23.381 [qtp399373008-57] DEBUG org.eclipse.jetty.io.ManagedSelector - updateable 1
01:46:23.381 [qtp399373008-57] DEBUG org.eclipse.jetty.io.ManagedSelector - update org.eclipse.jetty.io.ChannelEndPoint$$Lambda$255/981852870@1546b5b2
01:46:23.381 [qtp399373008-56] DEBUG org.eclipse.jetty.io.ssl.SslConnection - <c.onFillable SslConnection@6957d1bc::SocketChannelEndPoint@6926d4a6{l=/127.0.0.1:33719,r=/127.0.0.1:51180,OPEN,fill=FI,flush=-,to=0/30000}{io=0/1,kio=0,kro=1}->SslConnection@6957d1bc{NEED_UNWRAP,eio=-1/-1,di=-1,fill=INTERESTED,flush=IDLE}~>DecryptedEndPoint@429e4c7b{l=/127.0.0.1:33719,r=/127.0.0.1:51180,OPEN,fill=FI,flush=-,to=0/30000}=>HttpConnection@4c0ba8a9[p=HttpParser{s=START,0 of -1},g=HttpGenerator@599aa579{s=START}]=>HttpChannelOverHttp@3a127dbb{s=HttpChannelState@1d423891{s=IDLE rs=BLOCKING os=OPEN is=IDLE awp=false se=false i=true al=0},r=0,c=false/false,a=IDLE,uri=null,age=0}
01:46:23.382 [qtp399373008-57] DEBUG org.eclipse.jetty.io.ChannelEndPoint - Key interests updated 0 -> 1 on SocketChannelEndPoint@6926d4a6{l=/127.0.0.1:33719,r=/127.0.0.1:51180,OPEN,fill=FI,flush=-,to=0/30000}{io=1/1,kio=1,kro=1}->SslConnection@6957d1bc{NEED_UNWRAP,eio=-1/-1,di=-1,fill=INTERESTED,flush=IDLE}~>DecryptedEndPoint@429e4c7b{l=/127.0.0.1:33719,r=/127.0.0.1:51180,OPEN,fill=FI,flush=-,to=0/30000}=>HttpConnection@4c0ba8a9[p=HttpParser{s=START,0 of -1},g=HttpGenerator@599aa579{s=START}]=>HttpChannelOverHttp@3a127dbb{s=HttpChannelState@1d423891{s=IDLE rs=BLOCKING os=OPEN is=IDLE awp=false se=false i=true al=0},r=0,c=false/false,a=IDLE,uri=null,age=0}
01:46:23.382 [qtp399373008-57] DEBUG org.eclipse.jetty.io.ManagedSelector - updates 0
01:46:23.382 [qtp399373008-56] DEBUG org.eclipse.jetty.util.thread.ReservedThreadExecutor - ReservedThread@55a461c3{RUNNING,thread=Thread[qtp399373008-56,5,main]} was=RUNNING next=RESERVED size=0+2 capacity=8
01:46:23.382 [qtp399373008-57] DEBUG org.eclipse.jetty.io.ManagedSelector - Selector sun.nio.ch.EPollSelectorImpl@4985b9d4 waiting with 1 keys
01:46:23.382 [qtp399373008-56] DEBUG org.eclipse.jetty.util.thread.ReservedThreadExecutor - ReservedThread@55a461c3{RESERVED,thread=Thread[qtp399373008-56,5,main]} waiting ReservedThreadExecutor@424fd310{reserved=2/8,pending=0}
01:46:23.421 [qtp399373008-57] DEBUG org.eclipse.jetty.io.ManagedSelector - Selector sun.nio.ch.EPollSelectorImpl@4985b9d4 woken up from select, 1/1/1 selected
01:46:23.421 [qtp399373008-57] DEBUG org.eclipse.jetty.io.ManagedSelector - Selector sun.nio.ch.EPollSelectorImpl@4985b9d4 processing 1 keys, 0 updates
01:46:23.421 [qtp399373008-57] DEBUG org.eclipse.jetty.io.ManagedSelector - selected 1 sun.nio.ch.SelectionKeyImpl@47425e94 SocketChannelEndPoint@6926d4a6{l=/127.0.0.1:33719,r=/127.0.0.1:51180,OPEN,fill=FI,flush=-,to=39/30000}{io=1/1,kio=1,kro=1}->SslConnection@6957d1bc{NEED_UNWRAP,eio=-1/-1,di=-1,fill=INTERESTED,flush=IDLE}~>DecryptedEndPoint@429e4c7b{l=/127.0.0.1:33719,r=/127.0.0.1:51180,OPEN,fill=FI,flush=-,to=39/30000}=>HttpConnection@4c0ba8a9[p=HttpParser{s=START,0 of -1},g=HttpGenerator@599aa579{s=START}]=>HttpChannelOverHttp@3a127dbb{s=HttpChannelState@1d423891{s=IDLE rs=BLOCKING os=OPEN is=IDLE awp=false se=false i=true al=0},r=0,c=false/false,a=IDLE,uri=null,age=0} 
01:46:23.421 [qtp399373008-57] DEBUG org.eclipse.jetty.io.ChannelEndPoint - onSelected 1->0 r=true w=false for SocketChannelEndPoint@6926d4a6{l=/127.0.0.1:33719,r=/127.0.0.1:51180,OPEN,fill=FI,flush=-,to=39/30000}{io=1/0,kio=1,kro=1}->SslConnection@6957d1bc{NEED_UNWRAP,eio=-1/-1,di=-1,fill=INTERESTED,flush=IDLE}~>DecryptedEndPoint@429e4c7b{l=/127.0.0.1:33719,r=/127.0.0.1:51180,OPEN,fill=FI,flush=-,to=40/30000}=>HttpConnection@4c0ba8a9[p=HttpParser{s=START,0 of -1},g=HttpGenerator@599aa579{s=START}]=>HttpChannelOverHttp@3a127dbb{s=HttpChannelState@1d423891{s=IDLE rs=BLOCKING os=OPEN is=IDLE awp=false se=false i=true al=0},r=0,c=false/false,a=IDLE,uri=null,age=0}
01:46:23.421 [qtp399373008-57] DEBUG org.eclipse.jetty.io.ChannelEndPoint - task CEP:SocketChannelEndPoint@6926d4a6{l=/127.0.0.1:33719,r=/127.0.0.1:51180,OPEN,fill=FI,flush=-,to=39/30000}{io=1/0,kio=1,kro=1}->SslConnection@6957d1bc{NEED_UNWRAP,eio=-1/-1,di=-1,fill=INTERESTED,flush=IDLE}~>DecryptedEndPoint@429e4c7b{l=/127.0.0.1:33719,r=/127.0.0.1:51180,OPEN,fill=FI,flush=-,to=40/30000}=>HttpConnection@4c0ba8a9[p=HttpParser{s=START,0 of -1},g=HttpGenerator@599aa579{s=START}]=>HttpChannelOverHttp@3a127dbb{s=HttpChannelState@1d423891{s=IDLE rs=BLOCKING os=OPEN is=IDLE awp=false se=false i=true al=0},r=0,c=false/false,a=IDLE,uri=null,age=0}:runFillable:BLOCKING
01:46:23.421 [qtp399373008-57] DEBUG org.eclipse.jetty.util.thread.ReservedThreadExecutor - ReservedThreadExecutor@424fd310{reserved=2/8,pending=0} tryExecute EatWhatYouKill@4e858e0a/SelectorProducer@435fb7b5/PRODUCING/p=false/QueuedThreadPool[qtp399373008]@17cdf2d0{STARTED,8<=8<=200,i=1,r=-1,q=0}[ReservedThreadExecutor@424fd310{reserved=2/8,pending=0}][pc=0,pic=0,pec=0,epc=2]@2024-05-02T01:46:23.421+01:00
01:46:23.421 [qtp399373008-56] DEBUG org.eclipse.jetty.util.thread.ReservedThreadExecutor - ReservedThread@55a461c3{RESERVED,thread=Thread[qtp399373008-56,5,main]} task=EatWhatYouKill@4e858e0a/SelectorProducer@435fb7b5/IDLE/p=true/QueuedThreadPool[qtp399373008]@17cdf2d0{STARTED,8<=8<=200,i=1,r=-1,q=0}[ReservedThreadExecutor@424fd310{reserved=1/8,pending=0}][pc=0,pic=0,pec=0,epc=2]@2024-05-02T01:46:23.421+01:00 ReservedThreadExecutor@424fd310{reserved=1/8,pending=0}
01:46:23.421 [qtp399373008-57] DEBUG org.eclipse.jetty.util.thread.strategy.EatWhatYouKill - EatWhatYouKill@4e858e0a/SelectorProducer@435fb7b5/IDLE/p=true/QueuedThreadPool[qtp399373008]@17cdf2d0{STARTED,8<=8<=200,i=1,r=-1,q=0}[ReservedThreadExecutor@424fd310{reserved=1/8,pending=0}][pc=0,pic=0,pec=0,epc=2]@2024-05-02T01:46:23.421+01:00 m=EXECUTE_PRODUCE_CONSUME t=CEP:SocketChannelEndPoint@6926d4a6{l=/127.0.0.1:33719,r=/127.0.0.1:51180,OPEN,fill=FI,flush=-,to=40/30000}{io=1/0,kio=1,kro=1}->SslConnection@6957d1bc{NEED_UNWRAP,eio=-1/-1,di=-1,fill=INTERESTED,flush=IDLE}~>DecryptedEndPoint@429e4c7b{l=/127.0.0.1:33719,r=/127.0.0.1:51180,OPEN,fill=FI,flush=-,to=40/30000}=>HttpConnection@4c0ba8a9[p=HttpParser{s=START,0 of -1},g=HttpGenerator@599aa579{s=START}]=>HttpChannelOverHttp@3a127dbb{s=HttpChannelState@1d423891{s=IDLE rs=BLOCKING os=OPEN is=IDLE awp=false se=false i=true al=0},r=0,c=false/false,a=IDLE,uri=null,age=0}:runFillable:BLOCKING/BLOCKING
01:46:23.421 [qtp399373008-56] DEBUG org.eclipse.jetty.util.thread.strategy.EatWhatYouKill - EatWhatYouKill@4e858e0a/SelectorProducer@435fb7b5/IDLE/p=true/QueuedThreadPool[qtp399373008]@17cdf2d0{STARTED,8<=8<=200,i=1,r=-1,q=0}[ReservedThreadExecutor@424fd310{reserved=1/8,pending=0}][pc=0,pic=0,pec=0,epc=2]@2024-05-02T01:46:23.421+01:00 tryProduce true
01:46:23.421 [qtp399373008-56] DEBUG org.eclipse.jetty.io.ManagedSelector - updateable 0
01:46:23.421 [qtp399373008-56] DEBUG org.eclipse.jetty.io.ManagedSelector - updates 0
01:46:23.421 [qtp399373008-57] DEBUG org.eclipse.jetty.io.FillInterest - fillable FillInterest@42cb4666{SSLC.NBReadCB@6957d1bc{SslConnection@6957d1bc::SocketChannelEndPoint@6926d4a6{l=/127.0.0.1:33719,r=/127.0.0.1:51180,OPEN,fill=FI,flush=-,to=40/30000}{io=1/0,kio=1,kro=1}->SslConnection@6957d1bc{NEED_UNWRAP,eio=-1/-1,di=-1,fill=INTERESTED,flush=IDLE}~>DecryptedEndPoint@429e4c7b{l=/127.0.0.1:33719,r=/127.0.0.1:51180,OPEN,fill=FI,flush=-,to=40/30000}=>HttpConnection@4c0ba8a9[p=HttpParser{s=START,0 of -1},g=HttpGenerator@599aa579{s=START}]=>HttpChannelOverHttp@3a127dbb{s=HttpChannelState@1d423891{s=IDLE rs=BLOCKING os=OPEN is=IDLE awp=false se=false i=true al=0},r=0,c=false/false,a=IDLE,uri=null,age=0}}}
01:46:23.421 [qtp399373008-56] DEBUG org.eclipse.jetty.io.ChannelEndPoint - Key interests updated 1 -> 0 on SocketChannelEndPoint@6926d4a6{l=/127.0.0.1:33719,r=/127.0.0.1:51180,OPEN,fill=FI,flush=-,to=40/30000}{io=0/0,kio=0,kro=1}->SslConnection@6957d1bc{NEED_UNWRAP,eio=-1/-1,di=-1,fill=INTERESTED,flush=IDLE}~>DecryptedEndPoint@429e4c7b{l=/127.0.0.1:33719,r=/127.0.0.1:51180,OPEN,fill=FI,flush=-,to=40/30000}=>HttpConnection@4c0ba8a9[p=HttpParser{s=START,0 of -1},g=HttpGenerator@599aa579{s=START}]=>HttpChannelOverHttp@3a127dbb{s=HttpChannelState@1d423891{s=IDLE rs=BLOCKING os=OPEN is=IDLE awp=false se=false i=true al=0},r=0,c=false/false,a=IDLE,uri=null,age=0}
01:46:23.422 [qtp399373008-56] DEBUG org.eclipse.jetty.io.ManagedSelector - Selector sun.nio.ch.EPollSelectorImpl@4985b9d4 waiting with 1 keys
01:46:23.422 [qtp399373008-57] DEBUG org.eclipse.jetty.io.ssl.SslConnection - >c.onFillable SslConnection@6957d1bc::SocketChannelEndPoint@6926d4a6{l=/127.0.0.1:33719,r=/127.0.0.1:51180,OPEN,fill=-,flush=-,to=40/30000}{io=0/0,kio=0,kro=1}->SslConnection@6957d1bc{NEED_UNWRAP,eio=-1/-1,di=-1,fill=INTERESTED,flush=IDLE}~>DecryptedEndPoint@429e4c7b{l=/127.0.0.1:33719,r=/127.0.0.1:51180,OPEN,fill=FI,flush=-,to=40/30000}=>HttpConnection@4c0ba8a9[p=HttpParser{s=START,0 of -1},g=HttpGenerator@599aa579{s=START}]=>HttpChannelOverHttp@3a127dbb{s=HttpChannelState@1d423891{s=IDLE rs=BLOCKING os=OPEN is=IDLE awp=false se=false i=true al=0},r=0,c=false/false,a=IDLE,uri=null,age=0}
01:46:23.422 [qtp399373008-57] DEBUG org.eclipse.jetty.io.ssl.SslConnection - onFillable SslConnection@6957d1bc::SocketChannelEndPoint@6926d4a6{l=/127.0.0.1:33719,r=/127.0.0.1:51180,OPEN,fill=-,flush=-,to=40/30000}{io=0/0,kio=0,kro=1}->SslConnection@6957d1bc{NEED_UNWRAP,eio=-1/-1,di=-1,fill=INTERESTED,flush=IDLE}~>DecryptedEndPoint@429e4c7b{l=/127.0.0.1:33719,r=/127.0.0.1:51180,OPEN,fill=FI,flush=-,to=40/30000}=>HttpConnection@4c0ba8a9[p=HttpParser{s=START,0 of -1},g=HttpGenerator@599aa579{s=START}]=>HttpChannelOverHttp@3a127dbb{s=HttpChannelState@1d423891{s=IDLE rs=BLOCKING os=OPEN is=IDLE awp=false se=false i=true al=0},r=0,c=false/false,a=IDLE,uri=null,age=0}
01:46:23.422 [qtp399373008-57] DEBUG org.eclipse.jetty.io.FillInterest - fillable FillInterest@48451003{AC.ReadCB@4c0ba8a9{HttpConnection@4c0ba8a9::DecryptedEndPoint@429e4c7b{l=/127.0.0.1:33719,r=/127.0.0.1:51180,OPEN,fill=FI,flush=-,to=40/30000}}}
01:46:23.422 [qtp399373008-57] DEBUG org.eclipse.jetty.server.HttpConnection - HttpConnection@4c0ba8a9::DecryptedEndPoint@429e4c7b{l=/127.0.0.1:33719,r=/127.0.0.1:51180,OPEN,fill=-,flush=-,to=40/30000} onFillable enter HttpChannelState@1d423891{s=IDLE rs=BLOCKING os=OPEN is=IDLE awp=false se=false i=true al=0} null
01:46:23.422 [qtp399373008-57] DEBUG org.eclipse.jetty.io.ssl.SslConnection - >fill SslConnection@6957d1bc::SocketChannelEndPoint@6926d4a6{l=/127.0.0.1:33719,r=/127.0.0.1:51180,OPEN,fill=-,flush=-,to=40/30000}{io=0/0,kio=0,kro=1}->SslConnection@6957d1bc{NEED_UNWRAP,eio=-1/-1,di=-1,fill=IDLE,flush=IDLE}~>DecryptedEndPoint@429e4c7b{l=/127.0.0.1:33719,r=/127.0.0.1:51180,OPEN,fill=-,flush=-,to=40/30000}=>HttpConnection@4c0ba8a9[p=HttpParser{s=START,0 of -1},g=HttpGenerator@599aa579{s=START}]=>HttpChannelOverHttp@3a127dbb{s=HttpChannelState@1d423891{s=IDLE rs=BLOCKING os=OPEN is=IDLE awp=false se=false i=true al=0},r=0,c=false/false,a=IDLE,uri=null,age=0}
01:46:23.422 [qtp399373008-57] DEBUG org.eclipse.jetty.io.ssl.SslConnection - fill NEED_UNWRAP
01:46:23.422 [qtp399373008-57] DEBUG org.eclipse.jetty.io.ChannelEndPoint - filled 1518 HeapByteBuffer@21fcf254[p=0,l=1518,c=17408,r=1518]={<<<\x17\x03\x03\x03\xAdPM\xCa\x1a K\x83\xBc\xEc\x8a6\xBat\xBdFNfB\x0f\xE1...M\xF1<"l\xB6\xE8\xE4\x8c.x\xE8\xFc<\xC3}y\xF8\xF5\x95\xE6\xEf\xEb>>>\x00\x00\x00\x00\x00\x00\x00\x00\x00...\x00\x00\x00\x00\x00\x00\x00}
01:46:23.422 [qtp399373008-57] DEBUG org.eclipse.jetty.io.ssl.SslConnection - net filled=1518
01:46:23.422 [qtp399373008-57] DEBUG org.eclipse.jetty.io.ssl.SslConnection - unwrap net_filled=1518 Status = OK HandshakeStatus = NEED_TASK bytesConsumed = 946 bytesProduced = 0 encryptedBuffer=[p=946,l=1518,c=17408,r=572] unwrapBuffer=HeapByteBuffer@2f3b09c3[p=0,l=0,c=17408,r=0]={<<<>>>\x14\x03\x03\x00\x01\x01\x8f\xFc\x8e...\x00\x00\x00\x00\x00\x00\x00} appBuffer=HeapByteBuffer@2f3b09c3[p=0,l=0,c=17408,r=0]={<<<>>>\x14\x03\x03\x00\x01\x01\x8f\xFc\x8e...\x00\x00\x00\x00\x00\x00\x00}
01:46:23.422 [qtp399373008-57] DEBUG org.eclipse.jetty.io.ssl.SslConnection - fill NEED_TASK
01:46:23.423 [qtp399373008-57] DEBUG org.eclipse.jetty.io.ssl.SslConnection - fill NEED_UNWRAP
01:46:23.423 [qtp399373008-57] DEBUG org.eclipse.jetty.io.ChannelEndPoint - filled 0 HeapByteBuffer@21fcf254[p=946,l=1518,c=17408,r=572]={\x17\x03\x03\x03\xAd\x0b\x00\x03\x88...H\xC16\x04\r\x9c\x9b<<<\x17\x03\x03\x01)s4\xFc\xA0o\xEdg\x93m\xCe\xC6A)v\x9d\x1e\xC7\xA9\xA2\xDb...M\xF1<"l\xB6\xE8\xE4\x8c.x\xE8\xFc<\xC3}y\xF8\xF5\x95\xE6\xEf\xEb>>>\x00\x00\x00\x00\x00\x00\x00\x00\x00...\x00\x00\x00\x00\x00\x00\x00}
01:46:23.423 [qtp399373008-57] DEBUG org.eclipse.jetty.io.ssl.SslConnection - net filled=0
01:46:23.423 [qtp399373008-57] DEBUG org.eclipse.jetty.io.ssl.SslConnection - unwrap net_filled=0 Status = OK HandshakeStatus = NEED_TASK bytesConsumed = 302 bytesProduced = 0 encryptedBuffer=[p=1248,l=1518,c=17408,r=270] unwrapBuffer=HeapByteBuffer@2f3b09c3[p=0,l=0,c=17408,r=0]={<<<>>>\x14\x03\x03\x00\x01\x01\x8f\xFc\x8e...\x00\x00\x00\x00\x00\x00\x00} appBuffer=HeapByteBuffer@2f3b09c3[p=0,l=0,c=17408,r=0]={<<<>>>\x14\x03\x03\x00\x01\x01\x8f\xFc\x8e...\x00\x00\x00\x00\x00\x00\x00}
01:46:23.423 [qtp399373008-57] DEBUG org.eclipse.jetty.io.ssl.SslConnection - fill NEED_TASK
01:46:23.423 [qtp399373008-57] DEBUG org.eclipse.jetty.io.ssl.SslConnection - fill NEED_UNWRAP
01:46:23.423 [qtp399373008-57] DEBUG org.eclipse.jetty.io.ChannelEndPoint - filled 0 HeapByteBuffer@21fcf254[p=1248,l=1518,c=17408,r=270]={\x17\x03\x03\x03\xAd\x0b\x00\x03\x88...\xB1\xD0\xDem\xF7q\x06<<<\x17\x03\x03\x00UM\xB0\x84\x80\xF8\xD9\x17\xEe\xBc|Q\x1f-e)\xC8\x0368\\...M\xF1<"l\xB6\xE8\xE4\x8c.x\xE8\xFc<\xC3}y\xF8\xF5\x95\xE6\xEf\xEb>>>\x00\x00\x00\x00\x00\x00\x00\x00\x00...\x00\x00\x00\x00\x00\x00\x00}
01:46:23.423 [qtp399373008-57] DEBUG org.eclipse.jetty.io.ssl.SslConnection - net filled=0
01:46:23.424 [qtp399373008-57] DEBUG org.eclipse.jetty.io.ssl.SslConnection - unwrap net_filled=0 Status = OK HandshakeStatus = NEED_WRAP bytesConsumed = 90 bytesProduced = 0 encryptedBuffer=[p=1338,l=1518,c=17408,r=180] unwrapBuffer=HeapByteBuffer@2f3b09c3[p=0,l=0,c=17408,r=0]={<<<>>>\x14\x03\x03\x00\x01\x01\x8f\xFc\x8e...\x00\x00\x00\x00\x00\x00\x00} appBuffer=HeapByteBuffer@2f3b09c3[p=0,l=0,c=17408,r=0]={<<<>>>\x14\x03\x03\x00\x01\x01\x8f\xFc\x8e...\x00\x00\x00\x00\x00\x00\x00}
01:46:23.424 [qtp399373008-57] DEBUG org.eclipse.jetty.io.ssl.SslConnection - fill NEED_WRAP
01:46:23.424 [qtp399373008-57] DEBUG org.eclipse.jetty.io.ssl.SslConnection - >flush SslConnection@6957d1bc::SocketChannelEndPoint@6926d4a6{l=/127.0.0.1:33719,r=/127.0.0.1:51180,OPEN,fill=-,flush=-,to=2/30000}{io=0/0,kio=0,kro=1}->SslConnection@6957d1bc{NEED_WRAP,eio=180/-1,di=-1,fill=IDLE,flush=IDLE}~>DecryptedEndPoint@429e4c7b{l=/127.0.0.1:33719,r=/127.0.0.1:51180,OPEN,fill=-,flush=-,to=43/30000}=>HttpConnection@4c0ba8a9[p=HttpParser{s=START,0 of -1},g=HttpGenerator@599aa579{s=START}]=>HttpChannelOverHttp@3a127dbb{s=HttpChannelState@1d423891{s=IDLE rs=BLOCKING os=OPEN is=IDLE awp=false se=false i=true al=0},r=0,c=false/false,a=IDLE,uri=null,age=0}
01:46:23.424 [qtp399373008-57] DEBUG org.eclipse.jetty.io.ssl.SslConnection - flush b[0]=HeapByteBuffer@98da274[p=0,l=0,c=0,r=0]={<<<>>>}
01:46:23.424 [qtp399373008-57] DEBUG org.eclipse.jetty.io.ssl.SslConnection - flush NEED_WRAP
01:46:23.424 [qtp399373008-57] DEBUG org.eclipse.jetty.io.ssl.SslConnection - wrap Status = OK HandshakeStatus = FINISHED bytesConsumed = 0 bytesProduced = 88 [p=0,l=88,c=17408,r=88] ioDone=false/false
01:46:23.424 [qtp399373008-57] DEBUG org.eclipse.jetty.io.ChannelEndPoint - flushed 88 SocketChannelEndPoint@6926d4a6{l=/127.0.0.1:33719,r=/127.0.0.1:51180,OPEN,fill=-,flush=-,to=2/30000}{io=0/0,kio=0,kro=1}->SslConnection@6957d1bc{NOT_HANDSHAKING,eio=180/0,di=-1,fill=IDLE,flush=IDLE}~>DecryptedEndPoint@429e4c7b{l=/127.0.0.1:33719,r=/127.0.0.1:51180,OPEN,fill=-,flush=-,to=43/30000}=>HttpConnection@4c0ba8a9[p=HttpParser{s=START,0 of -1},g=HttpGenerator@599aa579{s=START}]=>HttpChannelOverHttp@3a127dbb{s=HttpChannelState@1d423891{s=IDLE rs=BLOCKING os=OPEN is=IDLE awp=false se=false i=true al=0},r=0,c=false/false,a=IDLE,uri=null,age=0}
01:46:23.424 [qtp399373008-57] DEBUG org.eclipse.jetty.io.ssl.SslConnection - net flushed=true, ac=true
01:46:23.425 [qtp399373008-57] DEBUG org.eclipse.jetty.io.ssl.SslConnection - handshake succeeded SslConnection@6957d1bc::SocketChannelEndPoint@6926d4a6{l=/127.0.0.1:33719,r=/127.0.0.1:51180,OPEN,fill=-,flush=-,to=0/30000}{io=0/0,kio=0,kro=1}->SslConnection@6957d1bc{NOT_HANDSHAKING,eio=180/0,di=-1,fill=IDLE,flush=IDLE}~>DecryptedEndPoint@429e4c7b{l=/127.0.0.1:33719,r=/127.0.0.1:51180,OPEN,fill=-,flush=-,to=43/30000}=>HttpConnection@4c0ba8a9[p=HttpParser{s=START,0 of -1},g=HttpGenerator@599aa579{s=START}]=>HttpChannelOverHttp@3a127dbb{s=HttpChannelState@1d423891{s=IDLE rs=BLOCKING os=OPEN is=IDLE awp=false se=false i=true al=0},r=0,c=false/false,a=IDLE,uri=null,age=0} resumed server TLSv1.3/TLS_AES_256_GCM_SHA384
01:46:23.425 [qtp399373008-57] DEBUG org.eclipse.jetty.io.ssl.SslConnection - <flush true SslConnection@6957d1bc::SocketChannelEndPoint@6926d4a6{l=/127.0.0.1:33719,r=/127.0.0.1:51180,OPEN,fill=-,flush=-,to=0/30000}{io=0/0,kio=0,kro=1}->SslConnection@6957d1bc{NOT_HANDSHAKING,eio=180/-1,di=-1,fill=IDLE,flush=IDLE}~>DecryptedEndPoint@429e4c7b{l=/127.0.0.1:33719,r=/127.0.0.1:51180,OPEN,fill=-,flush=-,to=43/30000}=>HttpConnection@4c0ba8a9[p=HttpParser{s=START,0 of -1},g=HttpGenerator@599aa579{s=START}]=>HttpChannelOverHttp@3a127dbb{s=HttpChannelState@1d423891{s=IDLE rs=BLOCKING os=OPEN is=IDLE awp=false se=false i=true al=0},r=0,c=false/false,a=IDLE,uri=null,age=0}
01:46:23.425 [qtp399373008-57] DEBUG org.eclipse.jetty.io.ssl.SslConnection - fill NOT_HANDSHAKING
01:46:23.425 [qtp399373008-57] DEBUG org.eclipse.jetty.io.ChannelEndPoint - filled 0 HeapByteBuffer@21fcf254[p=1338,l=1518,c=17408,r=180]={\x17\x03\x03\x03\xAd\x0b\x00\x03\x88...2\xB2\xB4*\xC2bf<<<\x17\x03\x03\x00\xAf-\xA9\x8c\xDaC\xA22\\j\x91OH\x1cE;\xC5\x8fQ?\x08...M\xF1<"l\xB6\xE8\xE4\x8c.x\xE8\xFc<\xC3}y\xF8\xF5\x95\xE6\xEf\xEb>>>\x00\x00\x00\x00\x00\x00\x00\x00\x00...\x00\x00\x00\x00\x00\x00\x00}
01:46:23.425 [qtp399373008-57] DEBUG org.eclipse.jetty.io.ssl.SslConnection - net filled=0
01:46:23.425 [qtp399373008-57] DEBUG org.eclipse.jetty.io.ssl.SslConnection - unwrap net_filled=0 Status = OK HandshakeStatus = NOT_HANDSHAKING bytesConsumed = 180 bytesProduced = 142 encryptedBuffer=[p=1518,l=1518,c=17408,r=0] unwrapBuffer=HeapByteBuffer@2f3b09c3[p=0,l=142,c=17408,r=142]={<<<GET /config.yml HTTP/1.1\r...gent: okhttp/3.12.3\r\n\r\n>>>y\xEbpb\xD2\xCe\xD8\xDf\x01...\x00\x00\x00\x00\x00\x00\x00} appBuffer=HeapByteBuffer@2f3b09c3[p=0,l=142,c=17408,r=142]={<<<GET /config.yml HTTP/1.1\r...gent: okhttp/3.12.3\r\n\r\n>>>y\xEbpb\xD2\xCe\xD8\xDf\x01...\x00\x00\x00\x00\x00\x00\x00}
01:46:23.425 [qtp399373008-57] DEBUG org.eclipse.jetty.io.ssl.SslConnection - <fill f=142 uf=false SslConnection@6957d1bc::SocketChannelEndPoint@6926d4a6{l=/127.0.0.1:33719,r=/127.0.0.1:51180,OPEN,fill=-,flush=-,to=0/30000}{io=0/0,kio=0,kro=1}->SslConnection@6957d1bc{NOT_HANDSHAKING,eio=-1/-1,di=-1,fill=IDLE,flush=IDLE}~>DecryptedEndPoint@429e4c7b{l=/127.0.0.1:33719,r=/127.0.0.1:51180,OPEN,fill=-,flush=-,to=43/30000}=>HttpConnection@4c0ba8a9[p=HttpParser{s=START,0 of -1},g=HttpGenerator@599aa579{s=START}]=>HttpChannelOverHttp@3a127dbb{s=HttpChannelState@1d423891{s=IDLE rs=BLOCKING os=OPEN is=IDLE awp=false se=false i=true al=0},r=0,c=false/false,a=IDLE,uri=null,age=0}
01:46:23.425 [qtp399373008-57] DEBUG org.eclipse.jetty.server.HttpConnection - HttpConnection@4c0ba8a9::DecryptedEndPoint@429e4c7b{l=/127.0.0.1:33719,r=/127.0.0.1:51180,OPEN,fill=-,flush=-,to=44/30000} filled 142 HeapByteBuffer@2f3b09c3[p=0,l=142,c=17408,r=142]={<<<GET /config.yml HTTP/1.1\r...gent: okhttp/3.12.3\r\n\r\n>>>y\xEbpb\xD2\xCe\xD8\xDf\x01...\x00\x00\x00\x00\x00\x00\x00}
01:46:23.425 [qtp399373008-57] DEBUG org.eclipse.jetty.server.HttpConnection - HttpConnection@4c0ba8a9::DecryptedEndPoint@429e4c7b{l=/127.0.0.1:33719,r=/127.0.0.1:51180,OPEN,fill=-,flush=-,to=44/30000} parse HeapByteBuffer@2f3b09c3[p=0,l=142,c=17408,r=142]={<<<GET /config.yml HTTP/1.1\r...gent: okhttp/3.12.3\r\n\r\n>>>y\xEbpb\xD2\xCe\xD8\xDf\x01...\x00\x00\x00\x00\x00\x00\x00} {}
01:46:23.425 [qtp399373008-57] DEBUG org.eclipse.jetty.http.HttpParser - parseNext s=START HeapByteBuffer@2f3b09c3[p=0,l=142,c=17408,r=142]={<<<GET /config.yml HTTP/1.1\r...gent: okhttp/3.12.3\r\n\r\n>>>y\xEbpb\xD2\xCe\xD8\xDf\x01...\x00\x00\x00\x00\x00\x00\x00}
01:46:23.425 [qtp399373008-57] DEBUG org.eclipse.jetty.http.HttpParser - START --> SPACE1
01:46:23.425 [qtp399373008-57] DEBUG org.eclipse.jetty.http.HttpParser - SPACE1 --> URI
01:46:23.425 [qtp399373008-57] DEBUG org.eclipse.jetty.http.HttpParser - URI --> SPACE2
01:46:23.425 [qtp399373008-57] DEBUG org.eclipse.jetty.http.HttpParser - SPACE2 --> REQUEST_VERSION
01:46:23.425 [qtp399373008-57] DEBUG org.eclipse.jetty.http.HttpParser - REQUEST_VERSION --> HEADER
01:46:23.425 [qtp399373008-57] DEBUG org.eclipse.jetty.http.HttpParser - HEADER:If-None-Match --> VALUE
01:46:23.425 [qtp399373008-57] DEBUG org.eclipse.jetty.http.HttpParser - HEADER:If-None-Match --> FIELD
01:46:23.425 [qtp399373008-57] DEBUG org.eclipse.jetty.http.HttpParser - HEADER:Host --> VALUE
01:46:23.425 [qtp399373008-57] DEBUG org.eclipse.jetty.http.HttpParser - HEADER:Host --> IN_VALUE
01:46:23.425 [qtp399373008-57] DEBUG org.eclipse.jetty.http.HttpParser - HEADER:Host --> FIELD
01:46:23.425 [qtp399373008-57] DEBUG org.eclipse.jetty.http.HttpParser - HEADER:Connection: keep-alive --> IN_VALUE
01:46:23.425 [qtp399373008-57] DEBUG org.eclipse.jetty.http.HttpParser - HEADER:Connection: keep-alive --> FIELD
01:46:23.425 [qtp399373008-57] DEBUG org.eclipse.jetty.http.HttpParser - HEADER:Accept-Encoding: gzip --> IN_VALUE
01:46:23.425 [qtp399373008-57] DEBUG org.eclipse.jetty.http.HttpParser - HEADER:Accept-Encoding: gzip --> FIELD
01:46:23.425 [qtp399373008-57] DEBUG org.eclipse.jetty.http.HttpParser - HEADER:User-Agent --> VALUE
01:46:23.425 [qtp399373008-57] DEBUG org.eclipse.jetty.http.HttpParser - HEADER:User-Agent --> IN_VALUE
01:46:23.425 [qtp399373008-57] DEBUG org.eclipse.jetty.http.HttpParser - HEADER:User-Agent --> FIELD
01:46:23.425 [qtp399373008-57] DEBUG org.eclipse.jetty.http.HttpParser - HEADER --> CONTENT
01:46:23.425 [qtp399373008-57] DEBUG org.eclipse.jetty.server.HttpChannel - REQUEST for //localhost:33719/config.yml on HttpChannelOverHttp@3a127dbb{s=HttpChannelState@1d423891{s=IDLE rs=BLOCKING os=OPEN is=IDLE awp=false se=false i=true al=0},r=1,c=false/false,a=IDLE,uri=//localhost:33719/config.yml,age=0}
GET //localhost:33719/config.yml HTTP/1.1
If-None-Match: 
Host: localhost:33719
Connection: keep-alive
Accept-Encoding: gzip
User-Agent: okhttp/3.12.3


01:46:23.425 [qtp399373008-57] DEBUG org.eclipse.jetty.server.HttpConnection - HttpConnection@4c0ba8a9::DecryptedEndPoint@429e4c7b{l=/127.0.0.1:33719,r=/127.0.0.1:51180,OPEN,fill=-,flush=-,to=44/30000} parsed true HttpParser{s=CONTENT,0 of -1}
01:46:23.425 [qtp399373008-57] DEBUG org.eclipse.jetty.server.HttpConnection - releaseRequestBuffer HttpConnection@4c0ba8a9::DecryptedEndPoint@429e4c7b{l=/127.0.0.1:33719,r=/127.0.0.1:51180,OPEN,fill=-,flush=-,to=44/30000}
01:46:23.425 [qtp399373008-57] DEBUG org.eclipse.jetty.server.HttpChannel - handle //localhost:33719/config.yml HttpChannelOverHttp@3a127dbb{s=HttpChannelState@1d423891{s=IDLE rs=BLOCKING os=OPEN is=IDLE awp=false se=false i=true al=0},r=1,c=false/false,a=IDLE,uri=//localhost:33719/config.yml,age=0} 
01:46:23.425 [qtp399373008-57] DEBUG org.eclipse.jetty.server.HttpChannelState - handling HttpChannelState@1d423891{s=IDLE rs=BLOCKING os=OPEN is=IDLE awp=false se=false i=true al=0}
01:46:23.425 [qtp399373008-57] DEBUG org.eclipse.jetty.server.HttpChannel - action DISPATCH HttpChannelOverHttp@3a127dbb{s=HttpChannelState@1d423891{s=HANDLING rs=BLOCKING os=OPEN is=IDLE awp=false se=false i=true al=0},r=1,c=false/false,a=HANDLING,uri=//localhost:33719/config.yml,age=0}
01:46:23.425 [qtp399373008-57] DEBUG org.eclipse.jetty.server.SecureRequestCustomizer - Host localhost with SNI null
01:46:23.426 [qtp399373008-57] DEBUG org.eclipse.jetty.server.Server - REQUEST GET /config.yml on HttpChannelOverHttp@3a127dbb{s=HttpChannelState@1d423891{s=HANDLING rs=BLOCKING os=OPEN is=IDLE awp=false se=false i=true al=0},r=1,c=false/false,a=HANDLING,uri=https://localhost:33719/config.yml,age=0}
01:46:23.426 [qtp399373008-57] DEBUG org.eclipse.jetty.server.HttpOutput - write(array HeapByteBuffer@5d5d565f[p=0,l=4,c=512,r=4]={<<<path>>>\x00\x00\x00\x00\x00\x00\x00\x00\x00...\x00\x00\x00\x00\x00\x00\x00})
01:46:23.426 [qtp399373008-57] DEBUG org.eclipse.jetty.server.HttpOutput - write(array) s=CLOSING,api=BLOCKED,sc=false,e=null last=true agg=false flush=true async=false, len=4 null
01:46:23.426 [qtp399373008-57] DEBUG org.eclipse.jetty.server.HttpChannel - sendResponse info=null content=HeapByteBuffer@327610e2[p=0,l=4,c=512,r=4]={<<<path>>>\x00\x00\x00\x00\x00\x00\x00\x00\x00...\x00\x00\x00\x00\x00\x00\x00} complete=true committing=true callback=Blocker@2bbec903{null}
01:46:23.426 [qtp399373008-57] DEBUG org.eclipse.jetty.server.HttpChannel - COMMIT for /config.yml on HttpChannelOverHttp@3a127dbb{s=HttpChannelState@1d423891{s=HANDLING rs=BLOCKING os=COMMITTED is=IDLE awp=false se=false i=true al=0},r=1,c=false/false,a=HANDLING,uri=https://localhost:33719/config.yml,age=1}
200 null HTTP/1.1
Date: Thu, 02 May 2024 00:46:23 GMT
ETag: testEtag
Content-Type: text/plain;charset=utf-8
Content-Length: 4


01:46:23.426 [qtp399373008-57] DEBUG org.eclipse.jetty.server.HttpConnection - generate: NEED_HEADER for SendCallback@54e36ca[PROCESSING][i=HTTP/1.1{s=200,h=4,cl=4},cb=org.eclipse.jetty.server.HttpChannel$SendCallback@32967792] (null,[p=0,l=4,c=512,r=4],true)@START
01:46:23.426 [qtp399373008-57] DEBUG org.eclipse.jetty.http.HttpGenerator - generateHeaders HTTP/1.1{s=200,h=4,cl=4} last=true content=HeapByteBuffer@327610e2[p=0,l=4,c=512,r=4]={<<<path>>>\x00\x00\x00\x00\x00\x00\x00\x00\x00...\x00\x00\x00\x00\x00\x00\x00}
01:46:23.426 [qtp399373008-57] DEBUG org.eclipse.jetty.http.HttpGenerator - Date: Thu, 02 May 2024 00:46:23 GMT
ETag: testEtag
Content-Type: text/plain;charset=utf-8
Content-Length: 4


01:46:23.426 [qtp399373008-57] DEBUG org.eclipse.jetty.http.HttpGenerator - CONTENT_LENGTH
01:46:23.426 [qtp399373008-57] DEBUG org.eclipse.jetty.server.HttpConnection - generate: FLUSH for SendCallback@54e36ca[PROCESSING][i=HTTP/1.1{s=200,h=4,cl=4},cb=org.eclipse.jetty.server.HttpChannel$SendCallback@32967792] ([p=0,l=164,c=8192,r=164],[p=0,l=4,c=512,r=4],true)@COMPLETING
01:46:23.426 [qtp399373008-57] DEBUG org.eclipse.jetty.io.WriteFlusher - write: WriteFlusher@30658022{IDLE}->null [HeapByteBuffer@eac4508[p=0,l=164,c=8192,r=164]={<<<HTTP/1.1 200 OK\r\nDate: Th...y(9.4.44.v20210927)\r\n\r\n>>>\x00\x00\x00\x00\x00\x00\x00\x00\x00...\x00\x00\x00\x00\x00\x00\x00},HeapByteBuffer@327610e2[p=0,l=4,c=512,r=4]={<<<path>>>\x00\x00\x00\x00\x00\x00\x00\x00\x00...\x00\x00\x00\x00\x00\x00\x00}]
01:46:23.426 [qtp399373008-57] DEBUG org.eclipse.jetty.io.WriteFlusher - update WriteFlusher@30658022{WRITING}->null:IDLE-->WRITING
01:46:23.426 [qtp399373008-57] DEBUG org.eclipse.jetty.io.ssl.SslConnection - >flush SslConnection@6957d1bc::SocketChannelEndPoint@6926d4a6{l=/127.0.0.1:33719,r=/127.0.0.1:51180,OPEN,fill=-,flush=-,to=1/30000}{io=0/0,kio=0,kro=1}->SslConnection@6957d1bc{NOT_HANDSHAKING,eio=-1/-1,di=-1,fill=IDLE,flush=IDLE}~>DecryptedEndPoint@429e4c7b{l=/127.0.0.1:33719,r=/127.0.0.1:51180,OPEN,fill=-,flush=W,to=44/30000}=>HttpConnection@4c0ba8a9[p=HttpParser{s=CONTENT,0 of -1},g=HttpGenerator@599aa579{s=COMPLETING}]=>HttpChannelOverHttp@3a127dbb{s=HttpChannelState@1d423891{s=HANDLING rs=BLOCKING os=COMMITTED is=IDLE awp=false se=false i=true al=0},r=1,c=false/false,a=HANDLING,uri=https://localhost:33719/config.yml,age=1}
01:46:23.426 [qtp399373008-57] DEBUG org.eclipse.jetty.io.ssl.SslConnection - flush b[0]=HeapByteBuffer@eac4508[p=0,l=164,c=8192,r=164]={<<<HTTP/1.1 200 OK\r\nDate: Th...y(9.4.44.v20210927)\r\n\r\n>>>\x00\x00\x00\x00\x00\x00\x00\x00\x00...\x00\x00\x00\x00\x00\x00\x00}
01:46:23.426 [qtp399373008-57] DEBUG org.eclipse.jetty.io.ssl.SslConnection - flush b[1]=HeapByteBuffer@327610e2[p=0,l=4,c=512,r=4]={<<<path>>>\x00\x00\x00\x00\x00\x00\x00\x00\x00...\x00\x00\x00\x00\x00\x00\x00}
01:46:23.426 [qtp399373008-57] DEBUG org.eclipse.jetty.io.ssl.SslConnection - flush NOT_HANDSHAKING
01:46:23.426 [qtp399373008-57] DEBUG org.eclipse.jetty.io.ssl.SslConnection - wrap Status = OK HandshakeStatus = NOT_HANDSHAKING bytesConsumed = 168 bytesProduced = 206 [p=0,l=206,c=17408,r=206] ioDone=false/false
01:46:23.426 [qtp399373008-57] DEBUG org.eclipse.jetty.io.ChannelEndPoint - flushed 206 SocketChannelEndPoint@6926d4a6{l=/127.0.0.1:33719,r=/127.0.0.1:51180,OPEN,fill=-,flush=-,to=1/30000}{io=0/0,kio=0,kro=1}->SslConnection@6957d1bc{NOT_HANDSHAKING,eio=-1/0,di=-1,fill=IDLE,flush=IDLE}~>DecryptedEndPoint@429e4c7b{l=/127.0.0.1:33719,r=/127.0.0.1:51180,OPEN,fill=-,flush=W,to=45/30000}=>HttpConnection@4c0ba8a9[p=HttpParser{s=CONTENT,0 of -1},g=HttpGenerator@599aa579{s=COMPLETING}]=>HttpChannelOverHttp@3a127dbb{s=HttpChannelState@1d423891{s=HANDLING rs=BLOCKING os=COMMITTED is=IDLE awp=false se=false i=true al=0},r=1,c=false/false,a=HANDLING,uri=https://localhost:33719/config.yml,age=1}
01:46:23.426 [qtp399373008-57] DEBUG org.eclipse.jetty.io.ssl.SslConnection - net flushed=true, ac=true
01:46:23.426 [qtp399373008-57] DEBUG org.eclipse.jetty.io.ssl.SslConnection - <flush true SslConnection@6957d1bc::SocketChannelEndPoint@6926d4a6{l=/127.0.0.1:33719,r=/127.0.0.1:51180,OPEN,fill=-,flush=-,to=0/30000}{io=0/0,kio=0,kro=1}->SslConnection@6957d1bc{NOT_HANDSHAKING,eio=-1/-1,di=-1,fill=IDLE,flush=IDLE}~>DecryptedEndPoint@429e4c7b{l=/127.0.0.1:33719,r=/127.0.0.1:51180,OPEN,fill=-,flush=W,to=45/30000}=>HttpConnection@4c0ba8a9[p=HttpParser{s=CONTENT,0 of -1},g=HttpGenerator@599aa579{s=COMPLETING}]=>HttpChannelOverHttp@3a127dbb{s=HttpChannelState@1d423891{s=HANDLING rs=BLOCKING os=COMMITTED is=IDLE awp=false se=false i=true al=0},r=1,c=false/false,a=HANDLING,uri=https://localhost:33719/config.yml,age=1}
01:46:23.426 [qtp399373008-57] DEBUG org.eclipse.jetty.io.WriteFlusher - Flushed=true written=168 remaining=0 WriteFlusher@30658022{WRITING}->null
01:46:23.426 [qtp399373008-57] DEBUG org.eclipse.jetty.io.WriteFlusher - update WriteFlusher@30658022{IDLE}->null:WRITING-->IDLE
01:46:23.426 [qtp399373008-57] DEBUG org.eclipse.jetty.server.HttpConnection - generate: DONE for SendCallback@54e36ca[PROCESSING][i=HTTP/1.1{s=200,h=4,cl=4},cb=org.eclipse.jetty.server.HttpChannel$SendCallback@32967792] ([p=164,l=164,c=8192,r=0],[p=4,l=4,c=512,r=0],true)@END
01:46:23.426 [main] DEBUG org.apache.nifi.minifi.bootstrap.configuration.ingestors.PullHttpChangeIngestor - Response received: Response{protocol=http/1.1, code=200, message=OK, url=https://localhost:33719/config.yml}
01:46:23.426 [qtp399373008-57] DEBUG org.eclipse.jetty.server.HttpOutput - onWriteComplete(true,null) s=CLOSING,api=BLOCKED,sc=false,e=null->s=CLOSED,api=BLOCKING,sc=false,e=null c=null cb=null w=false
01:46:23.426 [qtp399373008-57] DEBUG org.eclipse.jetty.server.HttpOutput - close() s=CLOSED,api=BLOCKING,sc=false,e=null c=null b=null
01:46:23.426 [qtp399373008-57] DEBUG org.eclipse.jetty.server.Server - handled=true async=false committed=true on HttpChannelOverHttp@3a127dbb{s=HttpChannelState@1d423891{s=HANDLING rs=BLOCKING os=COMPLETED is=IDLE awp=false se=false i=true al=0},r=1,c=false/true,a=HANDLING,uri=https://localhost:33719/config.yml,age=1}
01:46:23.426 [qtp399373008-57] DEBUG org.eclipse.jetty.server.HttpChannelState - unhandle HttpChannelState@1d423891{s=HANDLING rs=BLOCKING os=COMPLETED is=IDLE awp=false se=false i=true al=0}
01:46:23.427 [qtp399373008-57] DEBUG org.eclipse.jetty.server.HttpChannelState - nextAction(false) COMPLETE HttpChannelState@1d423891{s=HANDLING rs=COMPLETING os=COMPLETED is=IDLE awp=false se=false i=false al=0}
01:46:23.427 [qtp399373008-57] DEBUG org.eclipse.jetty.server.HttpChannel - action COMPLETE HttpChannelOverHttp@3a127dbb{s=HttpChannelState@1d423891{s=HANDLING rs=COMPLETING os=COMPLETED is=IDLE awp=false se=false i=false al=0},r=1,c=false/true,a=HANDLING,uri=https://localhost:33719/config.yml,age=2}
01:46:23.427 [main] DEBUG org.apache.nifi.minifi.bootstrap.configuration.ingestors.PullHttpChangeIngestor - New change received, notifying listener
01:46:23.427 [qtp399373008-57] DEBUG org.eclipse.jetty.server.HttpOutput - complete(org.eclipse.jetty.util.Callback$3@6dcea1fc) s=CLOSED,api=BLOCKING,sc=false,e=null s=true e=null, c=null
01:46:23.427 [qtp399373008-57] DEBUG org.eclipse.jetty.server.HttpChannelState - completed HttpChannelState@1d423891{s=HANDLING rs=COMPLETING os=COMPLETED is=IDLE awp=false se=false i=false al=0}
01:46:23.427 [qtp399373008-57] DEBUG org.eclipse.jetty.server.HttpChannelState - unhandle HttpChannelState@1d423891{s=HANDLING rs=COMPLETED os=COMPLETED is=IDLE awp=false se=false i=false al=0}
01:46:23.427 [main] DEBUG org.apache.nifi.minifi.bootstrap.configuration.ingestors.PullHttpChangeIngestor - Listeners notified
01:46:23.427 [qtp399373008-57] DEBUG org.eclipse.jetty.server.HttpChannelState - nextAction(false) TERMINATED HttpChannelState@1d423891{s=IDLE rs=COMPLETED os=COMPLETED is=IDLE awp=false se=false i=false al=0}
01:46:23.427 [qtp399373008-57] DEBUG org.eclipse.jetty.server.HttpChannel - action TERMINATED HttpChannelOverHttp@3a127dbb{s=HttpChannelState@1d423891{s=IDLE rs=COMPLETED os=COMPLETED is=IDLE awp=false se=false i=false al=0},r=1,c=true/true,a=IDLE,uri=https://localhost:33719/config.yml,age=2}
01:46:23.427 [qtp399373008-57] DEBUG org.eclipse.jetty.server.HttpChannel - onCompleted for /config.yml written=4
01:46:23.427 [main] DEBUG org.apache.nifi.minifi.bootstrap.configuration.ingestors.PullHttpChangeIngestor - Attempting to pull new config
01:46:23.427 [qtp399373008-57] DEBUG org.eclipse.jetty.io.ssl.SslConnection - >fill SslConnection@6957d1bc::SocketChannelEndPoint@6926d4a6{l=/127.0.0.1:33719,r=/127.0.0.1:51180,OPEN,fill=-,flush=-,to=0/30000}{io=0/0,kio=0,kro=1}->SslConnection@6957d1bc{NOT_HANDSHAKING,eio=-1/-1,di=-1,fill=IDLE,flush=IDLE}~>DecryptedEndPoint@429e4c7b{l=/127.0.0.1:33719,r=/127.0.0.1:51180,OPEN,fill=-,flush=-,to=45/30000}=>HttpConnection@4c0ba8a9[p=HttpParser{s=CONTENT,0 of -1},g=HttpGenerator@599aa579{s=END}]=>HttpChannelOverHttp@3a127dbb{s=HttpChannelState@1d423891{s=IDLE rs=COMPLETED os=COMPLETED is=IDLE awp=false se=false i=false al=0},r=1,c=true/true,a=IDLE,uri=https://localhost:33719/config.yml,age=2}
01:46:23.427 [qtp399373008-57] DEBUG org.eclipse.jetty.io.ssl.SslConnection - fill NOT_HANDSHAKING
01:46:23.427 [qtp399373008-57] DEBUG org.eclipse.jetty.io.ChannelEndPoint - filled 0 HeapByteBuffer@2f3b09c3[p=0,l=0,c=17408,r=0]={<<<>>>GET /conf...\x00\x00\x00\x00\x00\x00\x00}
01:46:23.427 [qtp399373008-57] DEBUG org.eclipse.jetty.io.ssl.SslConnection - net filled=0
01:46:23.427 [qtp399373008-57] DEBUG org.eclipse.jetty.io.ssl.SslConnection - unwrap net_filled=0 Status = BUFFER_UNDERFLOW HandshakeStatus = NOT_HANDSHAKING bytesConsumed = 0 bytesProduced = 0 encryptedBuffer=[p=0,l=0,c=17408,r=0] unwrapBuffer=HeapByteBuffer@21fcf254[p=0,l=0,c=17408,r=0]={<<<>>>\x17\x03\x03\x03\xAd\x0b\x00\x03\x88...\x00\x00\x00\x00\x00\x00\x00} appBuffer=HeapByteBuffer@21fcf254[p=0,l=0,c=17408,r=0]={<<<>>>\x17\x03\x03\x03\xAd\x0b\x00\x03\x88...\x00\x00\x00\x00\x00\x00\x00}
01:46:23.427 [qtp399373008-57] DEBUG org.eclipse.jetty.io.ssl.SslConnection - <fill f=0 uf=true SslConnection@6957d1bc::SocketChannelEndPoint@6926d4a6{l=/127.0.0.1:33719,r=/127.0.0.1:51180,OPEN,fill=-,flush=-,to=0/30000}{io=0/0,kio=0,kro=1}->SslConnection@6957d1bc{NOT_HANDSHAKING,eio=-1/-1,di=-1,fill=IDLE,flush=IDLE}~>DecryptedEndPoint@429e4c7b{l=/127.0.0.1:33719,r=/127.0.0.1:51180,OPEN,fill=-,flush=-,to=45/30000}=>HttpConnection@4c0ba8a9[p=HttpParser{s=CONTENT,0 of -1},g=HttpGenerator@599aa579{s=END}]=>HttpChannelOverHttp@3a127dbb{s=HttpChannelState@1d423891{s=IDLE rs=COMPLETED os=COMPLETED is=IDLE awp=false se=false i=false al=0},r=1,c=true/true,a=IDLE,uri=https://localhost:33719/config.yml,age=2}
01:46:23.427 [qtp399373008-57] DEBUG org.eclipse.jetty.io.ssl.SslConnection - >fill SslConnection@6957d1bc::SocketChannelEndPoint@6926d4a6{l=/127.0.0.1:33719,r=/127.0.0.1:51180,OPEN,fill=-,flush=-,to=0/30000}{io=0/0,kio=0,kro=1}->SslConnection@6957d1bc{NOT_HANDSHAKING,eio=-1/-1,di=-1,fill=IDLE,flush=IDLE}~>DecryptedEndPoint@429e4c7b{l=/127.0.0.1:33719,r=/127.0.0.1:51180,OPEN,fill=-,flush=-,to=46/30000}=>HttpConnection@4c0ba8a9[p=HttpParser{s=CONTENT,0 of -1},g=HttpGenerator@599aa579{s=END}]=>HttpChannelOverHttp@3a127dbb{s=HttpChannelState@1d423891{s=IDLE rs=COMPLETED os=COMPLETED is=IDLE awp=false se=false i=false al=0},r=1,c=true/true,a=IDLE,uri=https://localhost:33719/config.yml,age=2}
01:46:23.427 [qtp399373008-57] DEBUG org.eclipse.jetty.io.ssl.SslConnection - fill NOT_HANDSHAKING
01:46:23.427 [qtp399373008-57] DEBUG org.eclipse.jetty.io.ChannelEndPoint - filled 0 HeapByteBuffer@25c362b3[p=0,l=0,c=17408,r=0]={<<<>>>\x17\x03\x03\x00\xC9%U\xEe\xA4...\x00\x00\x00\x00\x00\x00\x00}
01:46:23.427 [qtp399373008-57] DEBUG org.eclipse.jetty.io.ssl.SslConnection - net filled=0
01:46:23.427 [qtp399373008-57] DEBUG org.eclipse.jetty.io.ssl.SslConnection - unwrap net_filled=0 Status = BUFFER_UNDERFLOW HandshakeStatus = NOT_HANDSHAKING bytesConsumed = 0 bytesProduced = 0 encryptedBuffer=[p=0,l=0,c=17408,r=0] unwrapBuffer=HeapByteBuffer@21fcf254[p=0,l=0,c=17408,r=0]={<<<>>>\x17\x03\x03\x03\xAd\x0b\x00\x03\x88...\x00\x00\x00\x00\x00\x00\x00} appBuffer=HeapByteBuffer@21fcf254[p=0,l=0,c=17408,r=0]={<<<>>>\x17\x03\x03\x03\xAd\x0b\x00\x03\x88...\x00\x00\x00\x00\x00\x00\x00}
01:46:23.427 [qtp399373008-57] DEBUG org.eclipse.jetty.io.ssl.SslConnection - <fill f=0 uf=true SslConnection@6957d1bc::SocketChannelEndPoint@6926d4a6{l=/127.0.0.1:33719,r=/127.0.0.1:51180,OPEN,fill=-,flush=-,to=0/30000}{io=0/0,kio=0,kro=1}->SslConnection@6957d1bc{NOT_HANDSHAKING,eio=-1/-1,di=-1,fill=IDLE,flush=IDLE}~>DecryptedEndPoint@429e4c7b{l=/127.0.0.1:33719,r=/127.0.0.1:51180,OPEN,fill=-,flush=-,to=46/30000}=>HttpConnection@4c0ba8a9[p=HttpParser{s=CONTENT,0 of -1},g=HttpGenerator@599aa579{s=END}]=>HttpChannelOverHttp@3a127dbb{s=HttpChannelState@1d423891{s=IDLE rs=COMPLETED os=COMPLETED is=IDLE awp=false se=false i=false al=0},r=1,c=true/true,a=IDLE,uri=https://localhost:33719/config.yml,age=2}
01:46:23.427 [qtp399373008-57] DEBUG org.eclipse.jetty.server.HttpConnection - HttpConnection@4c0ba8a9::DecryptedEndPoint@429e4c7b{l=/127.0.0.1:33719,r=/127.0.0.1:51180,OPEN,fill=-,flush=-,to=46/30000} filled 0 HeapByteBuffer@21fcf254[p=0,l=0,c=17408,r=0]={<<<>>>\x17\x03\x03\x03\xAd\x0b\x00\x03\x88...\x00\x00\x00\x00\x00\x00\x00}
01:46:23.427 [qtp399373008-57] DEBUG org.eclipse.jetty.server.HttpConnection - HttpConnection@4c0ba8a9::DecryptedEndPoint@429e4c7b{l=/127.0.0.1:33719,r=/127.0.0.1:51180,OPEN,fill=-,flush=-,to=46/30000} parse HeapByteBuffer@21fcf254[p=0,l=0,c=17408,r=0]={<<<>>>\x17\x03\x03\x03\xAd\x0b\x00\x03\x88...\x00\x00\x00\x00\x00\x00\x00} {}
01:46:23.427 [qtp399373008-57] DEBUG org.eclipse.jetty.http.HttpParser - parseNext s=CONTENT HeapByteBuffer@21fcf254[p=0,l=0,c=17408,r=0]={<<<>>>\x17\x03\x03\x03\xAd\x0b\x00\x03\x88...\x00\x00\x00\x00\x00\x00\x00}
01:46:23.427 [qtp399373008-57] DEBUG org.eclipse.jetty.http.HttpParser - CONTENT --> CONTENT_END
01:46:23.427 [qtp399373008-57] DEBUG org.eclipse.jetty.server.HttpChannel - onContentComplete HttpChannelOverHttp@3a127dbb{s=HttpChannelState@1d423891{s=IDLE rs=COMPLETED os=COMPLETED is=IDLE awp=false se=false i=false al=0},r=1,c=true/true,a=IDLE,uri=https://localhost:33719/config.yml,age=2}
01:46:23.427 [qtp399373008-57] DEBUG org.eclipse.jetty.http.HttpParser - CONTENT_END --> END
01:46:23.427 [qtp399373008-57] DEBUG org.eclipse.jetty.server.HttpChannel - onRequestComplete HttpChannelOverHttp@3a127dbb{s=HttpChannelState@1d423891{s=IDLE rs=COMPLETED os=COMPLETED is=IDLE awp=false se=false i=false al=0},r=1,c=true/true,a=IDLE,uri=https://localhost:33719/config.yml,age=2}
01:46:23.427 [qtp399373008-57] DEBUG org.eclipse.jetty.server.HttpInput - HttpInputOverHTTP@194232e9[c=0,q=0,[0]=null,s=STREAM] addContent EOF
01:46:23.427 [qtp399373008-57] DEBUG org.eclipse.jetty.server.HttpConnection - HttpConnection@4c0ba8a9::DecryptedEndPoint@429e4c7b{l=/127.0.0.1:33719,r=/127.0.0.1:51180,OPEN,fill=-,flush=-,to=46/30000} parsed false HttpParser{s=END,0 of -1}
01:46:23.427 [qtp399373008-57] DEBUG org.eclipse.jetty.server.HttpConnection - releaseRequestBuffer HttpConnection@4c0ba8a9::DecryptedEndPoint@429e4c7b{l=/127.0.0.1:33719,r=/127.0.0.1:51180,OPEN,fill=-,flush=-,to=46/30000}
01:46:23.427 [qtp399373008-57] DEBUG org.eclipse.jetty.server.HttpChannelState - recycle HttpChannelState@1d423891{s=IDLE rs=COMPLETED os=COMPLETED is=IDLE awp=false se=false i=false al=0}
01:46:23.427 [qtp399373008-57] DEBUG org.eclipse.jetty.http.HttpParser - reset HttpParser{s=END,0 of -1}
01:46:23.427 [qtp399373008-57] DEBUG org.eclipse.jetty.http.HttpParser - END --> START
01:46:23.427 [qtp399373008-57] DEBUG org.eclipse.jetty.server.HttpChannel - !handle TERMINATED HttpChannelOverHttp@3a127dbb{s=HttpChannelState@1d423891{s=IDLE rs=BLOCKING os=OPEN is=IDLE awp=false se=false i=true al=0},r=1,c=false/false,a=IDLE,uri=null,age=0}
01:46:23.428 [qtp399373008-57] DEBUG org.eclipse.jetty.io.ssl.SslConnection - >fill SslConnection@6957d1bc::SocketChannelEndPoint@6926d4a6{l=/127.0.0.1:33719,r=/127.0.0.1:51180,OPEN,fill=-,flush=-,to=1/30000}{io=0/0,kio=0,kro=1}->SslConnection@6957d1bc{NOT_HANDSHAKING,eio=-1/-1,di=-1,fill=IDLE,flush=IDLE}~>DecryptedEndPoint@429e4c7b{l=/127.0.0.1:33719,r=/127.0.0.1:51180,OPEN,fill=-,flush=-,to=46/30000}=>HttpConnection@4c0ba8a9[p=HttpParser{s=START,0 of -1},g=HttpGenerator@599aa579{s=START}]=>HttpChannelOverHttp@3a127dbb{s=HttpChannelState@1d423891{s=IDLE rs=BLOCKING os=OPEN is=IDLE awp=false se=false i=true al=0},r=1,c=false/false,a=IDLE,uri=null,age=0}
01:46:23.428 [qtp399373008-57] DEBUG org.eclipse.jetty.io.ssl.SslConnection - fill NOT_HANDSHAKING
01:46:23.428 [qtp399373008-57] DEBUG org.eclipse.jetty.io.ChannelEndPoint - filled 190 HeapByteBuffer@25c362b3[p=0,l=190,c=17408,r=190]={<<<\x17\x03\x03\x00\xB9S{\x08\x99fDz\n4T%%\x14\xFbc\x86\xFb\x82\xB2@...\x0cx\x16\x1b\xE2]\xC1` \x95\xA9\x94$\xCf.h\xA6a\xE78\xA3j\x81>>>Y\x8fb\xEa\xE37\xA1>%...\x00\x00\x00\x00\x00\x00\x00}
01:46:23.428 [qtp399373008-57] DEBUG org.eclipse.jetty.io.ssl.SslConnection - net filled=190
01:46:23.428 [qtp399373008-57] DEBUG org.eclipse.jetty.io.ssl.SslConnection - unwrap net_filled=190 Status = OK HandshakeStatus = NOT_HANDSHAKING bytesConsumed = 190 bytesProduced = 152 encryptedBuffer=[p=190,l=190,c=17408,r=0] unwrapBuffer=HeapByteBuffer@2f3b09c3[p=0,l=152,c=17408,r=152]={<<<GET /config.yml HTTP/1.1\r...gent: okhttp/3.12.3\r\n\r\n>>>\xE2v\xBd\xD9|\xFf\x05\xF4\xC8...\x00\x00\x00\x00\x00\x00\x00} appBuffer=HeapByteBuffer@2f3b09c3[p=0,l=152,c=17408,r=152]={<<<GET /config.yml HTTP/1.1\r...gent: okhttp/3.12.3\r\n\r\n>>>\xE2v\xBd\xD9|\xFf\x05\xF4\xC8...\x00\x00\x00\x00\x00\x00\x00}
01:46:23.428 [qtp399373008-57] DEBUG org.eclipse.jetty.io.ssl.SslConnection - <fill f=152 uf=false SslConnection@6957d1bc::SocketChannelEndPoint@6926d4a6{l=/127.0.0.1:33719,r=/127.0.0.1:51180,OPEN,fill=-,flush=-,to=0/30000}{io=0/0,kio=0,kro=1}->SslConnection@6957d1bc{NOT_HANDSHAKING,eio=-1/-1,di=-1,fill=IDLE,flush=IDLE}~>DecryptedEndPoint@429e4c7b{l=/127.0.0.1:33719,r=/127.0.0.1:51180,OPEN,fill=-,flush=-,to=46/30000}=>HttpConnection@4c0ba8a9[p=HttpParser{s=START,0 of -1},g=HttpGenerator@599aa579{s=START}]=>HttpChannelOverHttp@3a127dbb{s=HttpChannelState@1d423891{s=IDLE rs=BLOCKING os=OPEN is=IDLE awp=false se=false i=true al=0},r=1,c=false/false,a=IDLE,uri=null,age=0}
01:46:23.428 [qtp399373008-57] DEBUG org.eclipse.jetty.server.HttpConnection - HttpConnection@4c0ba8a9::DecryptedEndPoint@429e4c7b{l=/127.0.0.1:33719,r=/127.0.0.1:51180,OPEN,fill=-,flush=-,to=46/30000} filled 152 HeapByteBuffer@2f3b09c3[p=0,l=152,c=17408,r=152]={<<<GET /config.yml HTTP/1.1\r...gent: okhttp/3.12.3\r\n\r\n>>>\xE2v\xBd\xD9|\xFf\x05\xF4\xC8...\x00\x00\x00\x00\x00\x00\x00}
01:46:23.428 [qtp399373008-57] DEBUG org.eclipse.jetty.server.HttpConnection - HttpConnection@4c0ba8a9::DecryptedEndPoint@429e4c7b{l=/127.0.0.1:33719,r=/127.0.0.1:51180,OPEN,fill=-,flush=-,to=46/30000} parse HeapByteBuffer@2f3b09c3[p=0,l=152,c=17408,r=152]={<<<GET /config.yml HTTP/1.1\r...gent: okhttp/3.12.3\r\n\r\n>>>\xE2v\xBd\xD9|\xFf\x05\xF4\xC8...\x00\x00\x00\x00\x00\x00\x00} {}
01:46:23.428 [qtp399373008-57] DEBUG org.eclipse.jetty.http.HttpParser - parseNext s=START HeapByteBuffer@2f3b09c3[p=0,l=152,c=17408,r=152]={<<<GET /config.yml HTTP/1.1\r...gent: okhttp/3.12.3\r\n\r\n>>>\xE2v\xBd\xD9|\xFf\x05\xF4\xC8...\x00\x00\x00\x00\x00\x00\x00}
01:46:23.428 [qtp399373008-57] DEBUG org.eclipse.jetty.http.HttpParser - START --> SPACE1
01:46:23.428 [qtp399373008-57] DEBUG org.eclipse.jetty.http.HttpParser - SPACE1 --> URI
01:46:23.428 [qtp399373008-57] DEBUG org.eclipse.jetty.http.HttpParser - URI --> SPACE2
01:46:23.428 [qtp399373008-57] DEBUG org.eclipse.jetty.http.HttpParser - SPACE2 --> REQUEST_VERSION
01:46:23.428 [qtp399373008-57] DEBUG org.eclipse.jetty.http.HttpParser - REQUEST_VERSION --> HEADER
01:46:23.428 [qtp399373008-57] DEBUG org.eclipse.jetty.http.HttpParser - HEADER:If-None-Match --> VALUE
01:46:23.428 [qtp399373008-57] DEBUG org.eclipse.jetty.http.HttpParser - HEADER:If-None-Match --> IN_VALUE
01:46:23.428 [qtp399373008-57] DEBUG org.eclipse.jetty.http.HttpParser - HEADER:If-None-Match --> FIELD
01:46:23.428 [qtp399373008-57] DEBUG org.eclipse.jetty.http.HttpParser - HEADER:Host: localhost:33719 --> IN_VALUE
01:46:23.428 [qtp399373008-57] DEBUG org.eclipse.jetty.http.HttpParser - HEADER:Host: localhost:33719 --> FIELD
01:46:23.428 [qtp399373008-57] DEBUG org.eclipse.jetty.http.HttpParser - HEADER:Connection: keep-alive --> IN_VALUE
01:46:23.428 [qtp399373008-57] DEBUG org.eclipse.jetty.http.HttpParser - HEADER:Connection: keep-alive --> FIELD
01:46:23.428 [qtp399373008-57] DEBUG org.eclipse.jetty.http.HttpParser - HEADER:Accept-Encoding: gzip --> IN_VALUE
01:46:23.428 [qtp399373008-57] DEBUG org.eclipse.jetty.http.HttpParser - HEADER:Accept-Encoding: gzip --> FIELD
01:46:23.428 [qtp399373008-57] DEBUG org.eclipse.jetty.http.HttpParser - HEADER:User-Agent: okhttp/3.12.3 --> IN_VALUE
01:46:23.428 [qtp399373008-57] DEBUG org.eclipse.jetty.http.HttpParser - HEADER:User-Agent: okhttp/3.12.3 --> FIELD
01:46:23.428 [qtp399373008-57] DEBUG org.eclipse.jetty.http.HttpParser - HEADER --> CONTENT
01:46:23.428 [qtp399373008-57] DEBUG org.eclipse.jetty.server.HttpChannel - REQUEST for //localhost:33719/config.yml on HttpChannelOverHttp@3a127dbb{s=HttpChannelState@1d423891{s=IDLE rs=BLOCKING os=OPEN is=IDLE awp=false se=false i=true al=0},r=2,c=false/false,a=IDLE,uri=//localhost:33719/config.yml,age=0}
GET //localhost:33719/config.yml HTTP/1.1
If-None-Match: "testEtag"
Host: localhost:33719
Connection: keep-alive
Accept-Encoding: gzip
User-Agent: okhttp/3.12.3


01:46:23.428 [qtp399373008-57] DEBUG org.eclipse.jetty.server.HttpConnection - HttpConnection@4c0ba8a9::DecryptedEndPoint@429e4c7b{l=/127.0.0.1:33719,r=/127.0.0.1:51180,OPEN,fill=-,flush=-,to=47/30000} parsed true HttpParser{s=CONTENT,0 of -1}
01:46:23.428 [qtp399373008-57] DEBUG org.eclipse.jetty.server.HttpConnection - releaseRequestBuffer HttpConnection@4c0ba8a9::DecryptedEndPoint@429e4c7b{l=/127.0.0.1:33719,r=/127.0.0.1:51180,OPEN,fill=-,flush=-,to=47/30000}
01:46:23.428 [qtp399373008-57] DEBUG org.eclipse.jetty.server.HttpChannel - handle //localhost:33719/config.yml HttpChannelOverHttp@3a127dbb{s=HttpChannelState@1d423891{s=IDLE rs=BLOCKING os=OPEN is=IDLE awp=false se=false i=true al=0},r=2,c=false/false,a=IDLE,uri=//localhost:33719/config.yml,age=0} 
01:46:23.428 [qtp399373008-57] DEBUG org.eclipse.jetty.server.HttpChannelState - handling HttpChannelState@1d423891{s=IDLE rs=BLOCKING os=OPEN is=IDLE awp=false se=false i=true al=0}
01:46:23.428 [qtp399373008-57] DEBUG org.eclipse.jetty.server.HttpChannel - action DISPATCH HttpChannelOverHttp@3a127dbb{s=HttpChannelState@1d423891{s=HANDLING rs=BLOCKING os=OPEN is=IDLE awp=false se=false i=true al=0},r=2,c=false/false,a=HANDLING,uri=//localhost:33719/config.yml,age=0}
01:46:23.428 [qtp399373008-57] DEBUG org.eclipse.jetty.server.SecureRequestCustomizer - Host localhost with SNI null
01:46:23.428 [qtp399373008-57] DEBUG org.eclipse.jetty.server.Server - REQUEST GET /config.yml on HttpChannelOverHttp@3a127dbb{s=HttpChannelState@1d423891{s=HANDLING rs=BLOCKING os=OPEN is=IDLE awp=false se=false i=true al=0},r=2,c=false/false,a=HANDLING,uri=https://localhost:33719/config.yml,age=0}
01:46:23.428 [qtp399373008-57] DEBUG org.eclipse.jetty.server.Server - handled=true async=false committed=false on HttpChannelOverHttp@3a127dbb{s=HttpChannelState@1d423891{s=HANDLING rs=BLOCKING os=OPEN is=IDLE awp=false se=false i=true al=0},r=2,c=false/false,a=HANDLING,uri=https://localhost:33719/config.yml,age=0}
01:46:23.428 [qtp399373008-57] DEBUG org.eclipse.jetty.server.HttpChannelState - unhandle HttpChannelState@1d423891{s=HANDLING rs=BLOCKING os=OPEN is=IDLE awp=false se=false i=true al=0}
01:46:23.428 [qtp399373008-57] DEBUG org.eclipse.jetty.server.HttpChannelState - nextAction(false) COMPLETE HttpChannelState@1d423891{s=HANDLING rs=COMPLETING os=OPEN is=IDLE awp=false se=false i=false al=0}
01:46:23.428 [qtp399373008-57] DEBUG org.eclipse.jetty.server.HttpChannel - action COMPLETE HttpChannelOverHttp@3a127dbb{s=HttpChannelState@1d423891{s=HANDLING rs=COMPLETING os=OPEN is=IDLE awp=false se=false i=false al=0},r=2,c=false/false,a=HANDLING,uri=https://localhost:33719/config.yml,age=0}
01:46:23.428 [qtp399373008-57] DEBUG org.eclipse.jetty.io.ssl.SslConnection - >fill SslConnection@6957d1bc::SocketChannelEndPoint@6926d4a6{l=/127.0.0.1:33719,r=/127.0.0.1:51180,OPEN,fill=-,flush=-,to=0/30000}{io=0/0,kio=0,kro=1}->SslConnection@6957d1bc{NOT_HANDSHAKING,eio=-1/-1,di=-1,fill=IDLE,flush=IDLE}~>DecryptedEndPoint@429e4c7b{l=/127.0.0.1:33719,r=/127.0.0.1:51180,OPEN,fill=-,flush=-,to=47/30000}=>HttpConnection@4c0ba8a9[p=HttpParser{s=CONTENT,0 of -1},g=HttpGenerator@599aa579{s=START}]=>HttpChannelOverHttp@3a127dbb{s=HttpChannelState@1d423891{s=HANDLING rs=COMPLETING os=OPEN is=IDLE awp=false se=false i=false al=0},r=2,c=false/false,a=HANDLING,uri=https://localhost:33719/config.yml,age=0}
01:46:23.429 [qtp399373008-57] DEBUG org.eclipse.jetty.io.ssl.SslConnection - fill NOT_HANDSHAKING
01:46:23.429 [qtp399373008-57] DEBUG org.eclipse.jetty.io.ChannelEndPoint - filled 0 HeapByteBuffer@25c362b3[p=0,l=0,c=17408,r=0]={<<<>>>\x17\x03\x03\x00\xB9GET ...\x00\x00\x00\x00\x00\x00\x00}
01:46:23.429 [qtp399373008-57] DEBUG org.eclipse.jetty.io.ssl.SslConnection - net filled=0
01:46:23.429 [qtp399373008-57] DEBUG org.eclipse.jetty.io.ssl.SslConnection - unwrap net_filled=0 Status = BUFFER_UNDERFLOW HandshakeStatus = NOT_HANDSHAKING bytesConsumed = 0 bytesProduced = 0 encryptedBuffer=[p=0,l=0,c=17408,r=0] unwrapBuffer=HeapByteBuffer@21fcf254[p=0,l=0,c=17408,r=0]={<<<>>>\x17\x03\x03\x03\xAd\x0b\x00\x03\x88...\x00\x00\x00\x00\x00\x00\x00} appBuffer=HeapByteBuffer@21fcf254[p=0,l=0,c=17408,r=0]={<<<>>>\x17\x03\x03\x03\xAd\x0b\x00\x03\x88...\x00\x00\x00\x00\x00\x00\x00}
01:46:23.429 [qtp399373008-57] DEBUG org.eclipse.jetty.io.ssl.SslConnection - <fill f=0 uf=true SslConnection@6957d1bc::SocketChannelEndPoint@6926d4a6{l=/127.0.0.1:33719,r=/127.0.0.1:51180,OPEN,fill=-,flush=-,to=1/30000}{io=0/0,kio=0,kro=1}->SslConnection@6957d1bc{NOT_HANDSHAKING,eio=-1/-1,di=-1,fill=IDLE,flush=IDLE}~>DecryptedEndPoint@429e4c7b{l=/127.0.0.1:33719,r=/127.0.0.1:51180,OPEN,fill=-,flush=-,to=47/30000}=>HttpConnection@4c0ba8a9[p=HttpParser{s=CONTENT,0 of -1},g=HttpGenerator@599aa579{s=START}]=>HttpChannelOverHttp@3a127dbb{s=HttpChannelState@1d423891{s=HANDLING rs=COMPLETING os=OPEN is=IDLE awp=false se=false i=false al=0},r=2,c=false/false,a=HANDLING,uri=https://localhost:33719/config.yml,age=1}
01:46:23.429 [qtp399373008-57] DEBUG org.eclipse.jetty.io.ssl.SslConnection - >fill SslConnection@6957d1bc::SocketChannelEndPoint@6926d4a6{l=/127.0.0.1:33719,r=/127.0.0.1:51180,OPEN,fill=-,flush=-,to=1/30000}{io=0/0,kio=0,kro=1}->SslConnection@6957d1bc{NOT_HANDSHAKING,eio=-1/-1,di=-1,fill=IDLE,flush=IDLE}~>DecryptedEndPoint@429e4c7b{l=/127.0.0.1:33719,r=/127.0.0.1:51180,OPEN,fill=-,flush=-,to=47/30000}=>HttpConnection@4c0ba8a9[p=HttpParser{s=CONTENT,0 of -1},g=HttpGenerator@599aa579{s=START}]=>HttpChannelOverHttp@3a127dbb{s=HttpChannelState@1d423891{s=HANDLING rs=COMPLETING os=OPEN is=IDLE awp=false se=false i=false al=0},r=2,c=false/false,a=HANDLING,uri=https://localhost:33719/config.yml,age=1}
01:46:23.429 [qtp399373008-57] DEBUG org.eclipse.jetty.io.ssl.SslConnection - fill NOT_HANDSHAKING
01:46:23.429 [qtp399373008-57] DEBUG org.eclipse.jetty.io.ChannelEndPoint - filled 0 HeapByteBuffer@2f3b09c3[p=0,l=0,c=17408,r=0]={<<<>>>GET /conf...\x00\x00\x00\x00\x00\x00\x00}
01:46:23.429 [qtp399373008-57] DEBUG org.eclipse.jetty.io.ssl.SslConnection - net filled=0
01:46:23.429 [qtp399373008-57] DEBUG org.eclipse.jetty.io.ssl.SslConnection - unwrap net_filled=0 Status = BUFFER_UNDERFLOW HandshakeStatus = NOT_HANDSHAKING bytesConsumed = 0 bytesProduced = 0 encryptedBuffer=[p=0,l=0,c=17408,r=0] unwrapBuffer=HeapByteBuffer@21fcf254[p=0,l=0,c=17408,r=0]={<<<>>>\x17\x03\x03\x03\xAd\x0b\x00\x03\x88...\x00\x00\x00\x00\x00\x00\x00} appBuffer=HeapByteBuffer@21fcf254[p=0,l=0,c=17408,r=0]={<<<>>>\x17\x03\x03\x03\xAd\x0b\x00\x03\x88...\x00\x00\x00\x00\x00\x00\x00}
01:46:23.429 [qtp399373008-57] DEBUG org.eclipse.jetty.io.ssl.SslConnection - <fill f=0 uf=true SslConnection@6957d1bc::SocketChannelEndPoint@6926d4a6{l=/127.0.0.1:33719,r=/127.0.0.1:51180,OPEN,fill=-,flush=-,to=1/30000}{io=0/0,kio=0,kro=1}->SslConnection@6957d1bc{NOT_HANDSHAKING,eio=-1/-1,di=-1,fill=IDLE,flush=IDLE}~>DecryptedEndPoint@429e4c7b{l=/127.0.0.1:33719,r=/127.0.0.1:51180,OPEN,fill=-,flush=-,to=48/30000}=>HttpConnection@4c0ba8a9[p=HttpParser{s=CONTENT,0 of -1},g=HttpGenerator@599aa579{s=START}]=>HttpChannelOverHttp@3a127dbb{s=HttpChannelState@1d423891{s=HANDLING rs=COMPLETING os=OPEN is=IDLE awp=false se=false i=false al=0},r=2,c=false/false,a=HANDLING,uri=https://localhost:33719/config.yml,age=1}
01:46:23.429 [qtp399373008-57] DEBUG org.eclipse.jetty.server.HttpConnection - HttpConnection@4c0ba8a9::DecryptedEndPoint@429e4c7b{l=/127.0.0.1:33719,r=/127.0.0.1:51180,OPEN,fill=-,flush=-,to=48/30000} filled 0 HeapByteBuffer@21fcf254[p=0,l=0,c=17408,r=0]={<<<>>>\x17\x03\x03\x03\xAd\x0b\x00\x03\x88...\x00\x00\x00\x00\x00\x00\x00}
01:46:23.429 [qtp399373008-57] DEBUG org.eclipse.jetty.server.HttpConnection - HttpConnection@4c0ba8a9::DecryptedEndPoint@429e4c7b{l=/127.0.0.1:33719,r=/127.0.0.1:51180,OPEN,fill=-,flush=-,to=48/30000} parse HeapByteBuffer@21fcf254[p=0,l=0,c=17408,r=0]={<<<>>>\x17\x03\x03\x03\xAd\x0b\x00\x03\x88...\x00\x00\x00\x00\x00\x00\x00} {}
01:46:23.429 [qtp399373008-57] DEBUG org.eclipse.jetty.http.HttpParser - parseNext s=CONTENT HeapByteBuffer@21fcf254[p=0,l=0,c=17408,r=0]={<<<>>>\x17\x03\x03\x03\xAd\x0b\x00\x03\x88...\x00\x00\x00\x00\x00\x00\x00}
01:46:23.429 [qtp399373008-57] DEBUG org.eclipse.jetty.http.HttpParser - CONTENT --> CONTENT_END
01:46:23.429 [qtp399373008-57] DEBUG org.eclipse.jetty.server.HttpChannel - onContentComplete HttpChannelOverHttp@3a127dbb{s=HttpChannelState@1d423891{s=HANDLING rs=COMPLETING os=OPEN is=IDLE awp=false se=false i=false al=0},r=2,c=false/false,a=HANDLING,uri=https://localhost:33719/config.yml,age=1}
01:46:23.429 [qtp399373008-57] DEBUG org.eclipse.jetty.http.HttpParser - CONTENT_END --> END
01:46:23.429 [qtp399373008-57] DEBUG org.eclipse.jetty.server.HttpChannel - onRequestComplete HttpChannelOverHttp@3a127dbb{s=HttpChannelState@1d423891{s=HANDLING rs=COMPLETING os=OPEN is=IDLE awp=false se=false i=false al=0},r=2,c=false/false,a=HANDLING,uri=https://localhost:33719/config.yml,age=1}
01:46:23.429 [qtp399373008-57] DEBUG org.eclipse.jetty.server.HttpInput - HttpInputOverHTTP@194232e9[c=0,q=0,[0]=null,s=STREAM] addContent EOF
01:46:23.429 [qtp399373008-57] DEBUG org.eclipse.jetty.server.HttpConnection - HttpConnection@4c0ba8a9::DecryptedEndPoint@429e4c7b{l=/127.0.0.1:33719,r=/127.0.0.1:51180,OPEN,fill=-,flush=-,to=48/30000} parsed false HttpParser{s=END,0 of -1}
01:46:23.429 [qtp399373008-57] DEBUG org.eclipse.jetty.server.HttpConnection - releaseRequestBuffer HttpConnection@4c0ba8a9::DecryptedEndPoint@429e4c7b{l=/127.0.0.1:33719,r=/127.0.0.1:51180,OPEN,fill=-,flush=-,to=48/30000}
01:46:23.429 [qtp399373008-57] DEBUG org.eclipse.jetty.server.HttpOutput - complete(org.eclipse.jetty.util.Callback$3@18e9fcb4) s=CLOSING,api=BLOCKED,sc=false,e=null s=false e=null, c=HeapByteBuffer@98da274[p=0,l=0,c=0,r=0]={<<<>>>}
01:46:23.429 [qtp399373008-57] DEBUG org.eclipse.jetty.server.HttpChannel - sendResponse info=null content=HeapByteBuffer@98da274[p=0,l=0,c=0,r=0]={<<<>>>} complete=true committing=true callback=org.eclipse.jetty.server.HttpOutput$WriteCompleteCB@4911b1b
01:46:23.429 [qtp399373008-57] DEBUG org.eclipse.jetty.server.HttpChannel - COMMIT for /config.yml on HttpChannelOverHttp@3a127dbb{s=HttpChannelState@1d423891{s=HANDLING rs=COMPLETING os=COMMITTED is=IDLE awp=false se=false i=false al=0},r=2,c=false/false,a=HANDLING,uri=https://localhost:33719/config.yml,age=1}
304 null HTTP/1.1
Date: Thu, 02 May 2024 00:46:23 GMT
ETag: testEtag


01:46:23.429 [qtp399373008-57] DEBUG org.eclipse.jetty.server.HttpConnection - generate: NEED_HEADER for SendCallback@54e36ca[PROCESSING][i=HTTP/1.1{s=304,h=2,cl=-1},cb=org.eclipse.jetty.server.HttpChannel$SendCallback@1c488b34] (null,[p=0,l=0,c=0,r=0],true)@START
01:46:23.429 [qtp399373008-57] DEBUG org.eclipse.jetty.http.HttpGenerator - generateHeaders HTTP/1.1{s=304,h=2,cl=-1} last=true content=HeapByteBuffer@98da274[p=0,l=0,c=0,r=0]={<<<>>>}
01:46:23.429 [qtp399373008-57] DEBUG org.eclipse.jetty.http.HttpGenerator - Date: Thu, 02 May 2024 00:46:23 GMT
ETag: testEtag


01:46:23.429 [qtp399373008-57] DEBUG org.eclipse.jetty.http.HttpGenerator - NO_CONTENT
01:46:23.429 [qtp399373008-57] DEBUG org.eclipse.jetty.server.HttpConnection - generate: FLUSH for SendCallback@54e36ca[PROCESSING][i=HTTP/1.1{s=304,h=2,cl=-1},cb=org.eclipse.jetty.server.HttpChannel$SendCallback@1c488b34] ([p=0,l=115,c=8192,r=115],[p=0,l=0,c=0,r=0],true)@COMPLETING
01:46:23.430 [qtp399373008-57] DEBUG org.eclipse.jetty.io.WriteFlusher - write: WriteFlusher@30658022{IDLE}->null [HeapByteBuffer@eac4508[p=0,l=115,c=8192,r=115]={<<<HTTP/1.1 304 Not Modified...y(9.4.44.v20210927)\r\n\r\n>>>nt-Length...\x00\x00\x00\x00\x00\x00\x00}]
01:46:23.430 [qtp399373008-57] DEBUG org.eclipse.jetty.io.WriteFlusher - update WriteFlusher@30658022{WRITING}->null:IDLE-->WRITING
01:46:23.430 [qtp399373008-57] DEBUG org.eclipse.jetty.io.ssl.SslConnection - >flush SslConnection@6957d1bc::SocketChannelEndPoint@6926d4a6{l=/127.0.0.1:33719,r=/127.0.0.1:51180,OPEN,fill=-,flush=-,to=1/30000}{io=0/0,kio=0,kro=1}->SslConnection@6957d1bc{NOT_HANDSHAKING,eio=-1/-1,di=-1,fill=IDLE,flush=IDLE}~>DecryptedEndPoint@429e4c7b{l=/127.0.0.1:33719,r=/127.0.0.1:51180,OPEN,fill=-,flush=W,to=48/30000}=>HttpConnection@4c0ba8a9[p=HttpParser{s=END,0 of -1},g=HttpGenerator@599aa579{s=COMPLETING}]=>HttpChannelOverHttp@3a127dbb{s=HttpChannelState@1d423891{s=HANDLING rs=COMPLETING os=COMMITTED is=IDLE awp=false se=false i=false al=0},r=2,c=false/false,a=HANDLING,uri=https://localhost:33719/config.yml,age=2}
01:46:23.430 [qtp399373008-57] DEBUG org.eclipse.jetty.io.ssl.SslConnection - flush b[0]=HeapByteBuffer@eac4508[p=0,l=115,c=8192,r=115]={<<<HTTP/1.1 304 Not Modified...y(9.4.44.v20210927)\r\n\r\n>>>nt-Length...\x00\x00\x00\x00\x00\x00\x00}
01:46:23.430 [qtp399373008-57] DEBUG org.eclipse.jetty.io.ssl.SslConnection - flush NOT_HANDSHAKING
01:46:23.430 [qtp399373008-57] DEBUG org.eclipse.jetty.io.ssl.SslConnection - wrap Status = OK HandshakeStatus = NOT_HANDSHAKING bytesConsumed = 115 bytesProduced = 153 [p=0,l=153,c=17408,r=153] ioDone=false/false
01:46:23.430 [qtp399373008-57] DEBUG org.eclipse.jetty.io.ChannelEndPoint - flushed 153 SocketChannelEndPoint@6926d4a6{l=/127.0.0.1:33719,r=/127.0.0.1:51180,OPEN,fill=-,flush=-,to=2/30000}{io=0/0,kio=0,kro=1}->SslConnection@6957d1bc{NOT_HANDSHAKING,eio=-1/0,di=-1,fill=IDLE,flush=IDLE}~>DecryptedEndPoint@429e4c7b{l=/127.0.0.1:33719,r=/127.0.0.1:51180,OPEN,fill=-,flush=W,to=48/30000}=>HttpConnection@4c0ba8a9[p=HttpParser{s=END,0 of -1},g=HttpGenerator@599aa579{s=COMPLETING}]=>HttpChannelOverHttp@3a127dbb{s=HttpChannelState@1d423891{s=HANDLING rs=COMPLETING os=COMMITTED is=IDLE awp=false se=false i=false al=0},r=2,c=false/false,a=HANDLING,uri=https://localhost:33719/config.yml,age=2}
01:46:23.430 [qtp399373008-57] DEBUG org.eclipse.jetty.io.ssl.SslConnection - net flushed=true, ac=true
01:46:23.430 [qtp399373008-57] DEBUG org.eclipse.jetty.io.ssl.SslConnection - <flush true SslConnection@6957d1bc::SocketChannelEndPoint@6926d4a6{l=/127.0.0.1:33719,r=/127.0.0.1:51180,OPEN,fill=-,flush=-,to=0/30000}{io=0/0,kio=0,kro=1}->SslConnection@6957d1bc{NOT_HANDSHAKING,eio=-1/-1,di=-1,fill=IDLE,flush=IDLE}~>DecryptedEndPoint@429e4c7b{l=/127.0.0.1:33719,r=/127.0.0.1:51180,OPEN,fill=-,flush=W,to=49/30000}=>HttpConnection@4c0ba8a9[p=HttpParser{s=END,0 of -1},g=HttpGenerator@599aa579{s=COMPLETING}]=>HttpChannelOverHttp@3a127dbb{s=HttpChannelState@1d423891{s=HANDLING rs=COMPLETING os=COMMITTED is=IDLE awp=false se=false i=false al=0},r=2,c=false/false,a=HANDLING,uri=https://localhost:33719/config.yml,age=2}
01:46:23.430 [qtp399373008-57] DEBUG org.eclipse.jetty.io.WriteFlusher - Flushed=true written=115 remaining=0 WriteFlusher@30658022{WRITING}->null
01:46:23.430 [qtp399373008-57] DEBUG org.eclipse.jetty.io.WriteFlusher - update WriteFlusher@30658022{IDLE}->null:WRITING-->IDLE
01:46:23.430 [main] DEBUG org.apache.nifi.minifi.bootstrap.configuration.ingestors.PullHttpChangeIngestor - Response received: Response{protocol=http/1.1, code=304, message=Not Modified, url=https://localhost:33719/config.yml}
01:46:23.430 [qtp399373008-57] DEBUG org.eclipse.jetty.server.HttpConnection - generate: DONE for SendCallback@54e36ca[PROCESSING][i=HTTP/1.1{s=304,h=2,cl=-1},cb=org.eclipse.jetty.server.HttpChannel$SendCallback@1c488b34] ([p=115,l=115,c=8192,r=0],[p=0,l=0,c=0,r=0],true)@END
01:46:23.430 [qtp399373008-57] DEBUG org.eclipse.jetty.server.HttpOutput - onWriteComplete(true,null) s=CLOSING,api=BLOCKED,sc=false,e=null->s=CLOSED,api=BLOCKING,sc=false,e=null c=null cb=org.eclipse.jetty.util.Callback$3@18e9fcb4 w=false
01:46:23.430 [qtp399373008-57] DEBUG org.eclipse.jetty.server.HttpChannelState - completed HttpChannelState@1d423891{s=HANDLING rs=COMPLETING os=COMPLETED is=IDLE awp=false se=false i=false al=0}
01:46:23.430 [qtp399373008-57] DEBUG org.eclipse.jetty.server.HttpChannelState - unhandle HttpChannelState@1d423891{s=HANDLING rs=COMPLETED os=COMPLETED is=IDLE awp=false se=false i=false al=0}
01:46:23.430 [qtp399373008-57] DEBUG org.eclipse.jetty.server.HttpChannelState - nextAction(false) TERMINATED HttpChannelState@1d423891{s=IDLE rs=COMPLETED os=COMPLETED is=IDLE awp=false se=false i=false al=0}
01:46:23.430 [qtp399373008-57] DEBUG org.eclipse.jetty.server.HttpChannel - action TERMINATED HttpChannelOverHttp@3a127dbb{s=HttpChannelState@1d423891{s=IDLE rs=COMPLETED os=COMPLETED is=IDLE awp=false se=false i=false al=0},r=2,c=true/true,a=IDLE,uri=https://localhost:33719/config.yml,age=2}
01:46:23.430 [qtp399373008-57] DEBUG org.eclipse.jetty.server.HttpChannel - onCompleted for /config.yml written=0
01:46:23.430 [qtp399373008-57] DEBUG org.eclipse.jetty.server.HttpChannelState - recycle HttpChannelState@1d423891{s=IDLE rs=COMPLETED os=COMPLETED is=IDLE awp=false se=false i=false al=0}
01:46:23.430 [qtp399373008-57] DEBUG org.eclipse.jetty.http.HttpParser - reset HttpParser{s=END,0 of -1}
01:46:23.430 [qtp399373008-57] DEBUG org.eclipse.jetty.http.HttpParser - END --> START
01:46:23.430 [qtp399373008-57] DEBUG org.eclipse.jetty.server.HttpChannel - !handle TERMINATED HttpChannelOverHttp@3a127dbb{s=HttpChannelState@1d423891{s=IDLE rs=BLOCKING os=OPEN is=IDLE awp=false se=false i=true al=0},r=2,c=false/false,a=IDLE,uri=null,age=0}
]]></system-out>
  </testcase>
  <testcase name="testSecurityOverride" classname="org.apache.nifi.minifi.bootstrap.configuration.ingestors.PullHttpChangeIngestorSSLTest" time="0.07">
    <system-out><![CDATA[01:46:23.430 [qtp399373008-57] DEBUG org.eclipse.jetty.io.ssl.SslConnection - >fill SslConnection@6957d1bc::SocketChannelEndPoint@6926d4a6{l=/127.0.0.1:33719,r=/127.0.0.1:51180,OPEN,fill=-,flush=-,to=0/30000}{io=0/0,kio=0,kro=1}->SslConnection@6957d1bc{NOT_HANDSHAKING,eio=-1/-1,di=-1,fill=IDLE,flush=IDLE}~>DecryptedEndPoint@429e4c7b{l=/127.0.0.1:33719,r=/127.0.0.1:51180,OPEN,fill=-,flush=-,to=49/30000}=>HttpConnection@4c0ba8a9[p=HttpParser{s=START,0 of -1},g=HttpGenerator@599aa579{s=START}]=>HttpChannelOverHttp@3a127dbb{s=HttpChannelState@1d423891{s=IDLE rs=BLOCKING os=OPEN is=IDLE awp=false se=false i=true al=0},r=2,c=false/false,a=IDLE,uri=null,age=0}
01:46:23.430 [qtp399373008-57] DEBUG org.eclipse.jetty.io.ssl.SslConnection - fill NOT_HANDSHAKING
01:46:23.431 [qtp399373008-57] DEBUG org.eclipse.jetty.io.ChannelEndPoint - filled 0 HeapByteBuffer@21fcf254[p=0,l=0,c=17408,r=0]={<<<>>>\x17\x03\x03\x03\xAd\x0b\x00\x03\x88...\x00\x00\x00\x00\x00\x00\x00}
01:46:23.431 [qtp399373008-57] DEBUG org.eclipse.jetty.io.ssl.SslConnection - net filled=0
01:46:23.431 [qtp399373008-57] DEBUG org.eclipse.jetty.io.ssl.SslConnection - unwrap net_filled=0 Status = BUFFER_UNDERFLOW HandshakeStatus = NOT_HANDSHAKING bytesConsumed = 0 bytesProduced = 0 encryptedBuffer=[p=0,l=0,c=17408,r=0] unwrapBuffer=HeapByteBuffer@2f3b09c3[p=0,l=0,c=17408,r=0]={<<<>>>GET /conf...\x00\x00\x00\x00\x00\x00\x00} appBuffer=HeapByteBuffer@2f3b09c3[p=0,l=0,c=17408,r=0]={<<<>>>GET /conf...\x00\x00\x00\x00\x00\x00\x00}
01:46:23.431 [qtp399373008-57] DEBUG org.eclipse.jetty.io.ssl.SslConnection - <fill f=0 uf=true SslConnection@6957d1bc::SocketChannelEndPoint@6926d4a6{l=/127.0.0.1:33719,r=/127.0.0.1:51180,OPEN,fill=-,flush=-,to=0/30000}{io=0/0,kio=0,kro=1}->SslConnection@6957d1bc{NOT_HANDSHAKING,eio=-1/-1,di=-1,fill=IDLE,flush=IDLE}~>DecryptedEndPoint@429e4c7b{l=/127.0.0.1:33719,r=/127.0.0.1:51180,OPEN,fill=-,flush=-,to=49/30000}=>HttpConnection@4c0ba8a9[p=HttpParser{s=START,0 of -1},g=HttpGenerator@599aa579{s=START}]=>HttpChannelOverHttp@3a127dbb{s=HttpChannelState@1d423891{s=IDLE rs=BLOCKING os=OPEN is=IDLE awp=false se=false i=true al=0},r=2,c=false/false,a=IDLE,uri=null,age=0}
01:46:23.431 [qtp399373008-57] DEBUG org.eclipse.jetty.io.ssl.SslConnection - >fill SslConnection@6957d1bc::SocketChannelEndPoint@6926d4a6{l=/127.0.0.1:33719,r=/127.0.0.1:51180,OPEN,fill=-,flush=-,to=0/30000}{io=0/0,kio=0,kro=1}->SslConnection@6957d1bc{NOT_HANDSHAKING,eio=-1/-1,di=-1,fill=IDLE,flush=IDLE}~>DecryptedEndPoint@429e4c7b{l=/127.0.0.1:33719,r=/127.0.0.1:51180,OPEN,fill=-,flush=-,to=49/30000}=>HttpConnection@4c0ba8a9[p=HttpParser{s=START,0 of -1},g=HttpGenerator@599aa579{s=START}]=>HttpChannelOverHttp@3a127dbb{s=HttpChannelState@1d423891{s=IDLE rs=BLOCKING os=OPEN is=IDLE awp=false se=false i=true al=0},r=2,c=false/false,a=IDLE,uri=null,age=0}
01:46:23.431 [qtp399373008-57] DEBUG org.eclipse.jetty.io.ssl.SslConnection - fill NOT_HANDSHAKING
01:46:23.431 [qtp399373008-57] DEBUG org.eclipse.jetty.io.ChannelEndPoint - filled 0 HeapByteBuffer@25c362b3[p=0,l=0,c=17408,r=0]={<<<>>>\x17\x03\x03\x00\x94\x1b\xAdD0...\x00\x00\x00\x00\x00\x00\x00}
01:46:23.431 [qtp399373008-57] DEBUG org.eclipse.jetty.io.ssl.SslConnection - net filled=0
01:46:23.431 [qtp399373008-57] DEBUG org.eclipse.jetty.io.ssl.SslConnection - unwrap net_filled=0 Status = BUFFER_UNDERFLOW HandshakeStatus = NOT_HANDSHAKING bytesConsumed = 0 bytesProduced = 0 encryptedBuffer=[p=0,l=0,c=17408,r=0] unwrapBuffer=HeapByteBuffer@2f3b09c3[p=0,l=0,c=17408,r=0]={<<<>>>GET /conf...\x00\x00\x00\x00\x00\x00\x00} appBuffer=HeapByteBuffer@2f3b09c3[p=0,l=0,c=17408,r=0]={<<<>>>GET /conf...\x00\x00\x00\x00\x00\x00\x00}
01:46:23.431 [qtp399373008-57] DEBUG org.eclipse.jetty.io.ssl.SslConnection - <fill f=0 uf=true SslConnection@6957d1bc::SocketChannelEndPoint@6926d4a6{l=/127.0.0.1:33719,r=/127.0.0.1:51180,OPEN,fill=-,flush=-,to=0/30000}{io=0/0,kio=0,kro=1}->SslConnection@6957d1bc{NOT_HANDSHAKING,eio=-1/-1,di=-1,fill=IDLE,flush=IDLE}~>DecryptedEndPoint@429e4c7b{l=/127.0.0.1:33719,r=/127.0.0.1:51180,OPEN,fill=-,flush=-,to=49/30000}=>HttpConnection@4c0ba8a9[p=HttpParser{s=START,0 of -1},g=HttpGenerator@599aa579{s=START}]=>HttpChannelOverHttp@3a127dbb{s=HttpChannelState@1d423891{s=IDLE rs=BLOCKING os=OPEN is=IDLE awp=false se=false i=true al=0},r=2,c=false/false,a=IDLE,uri=null,age=0}
01:46:23.431 [qtp399373008-57] DEBUG org.eclipse.jetty.server.HttpConnection - HttpConnection@4c0ba8a9::DecryptedEndPoint@429e4c7b{l=/127.0.0.1:33719,r=/127.0.0.1:51180,OPEN,fill=-,flush=-,to=50/30000} filled 0 HeapByteBuffer@2f3b09c3[p=0,l=0,c=17408,r=0]={<<<>>>GET /conf...\x00\x00\x00\x00\x00\x00\x00}
01:46:23.431 [qtp399373008-57] DEBUG org.eclipse.jetty.server.HttpConnection - HttpConnection@4c0ba8a9::DecryptedEndPoint@429e4c7b{l=/127.0.0.1:33719,r=/127.0.0.1:51180,OPEN,fill=-,flush=-,to=50/30000} parse HeapByteBuffer@2f3b09c3[p=0,l=0,c=17408,r=0]={<<<>>>GET /conf...\x00\x00\x00\x00\x00\x00\x00} {}
01:46:23.431 [qtp399373008-57] DEBUG org.eclipse.jetty.http.HttpParser - parseNext s=START HeapByteBuffer@2f3b09c3[p=0,l=0,c=17408,r=0]={<<<>>>GET /conf...\x00\x00\x00\x00\x00\x00\x00}
01:46:23.431 [qtp399373008-57] DEBUG org.eclipse.jetty.server.HttpConnection - HttpConnection@4c0ba8a9::DecryptedEndPoint@429e4c7b{l=/127.0.0.1:33719,r=/127.0.0.1:51180,OPEN,fill=-,flush=-,to=50/30000} parsed false HttpParser{s=START,0 of -1}
01:46:23.431 [qtp399373008-57] DEBUG org.eclipse.jetty.server.HttpConnection - releaseRequestBuffer HttpConnection@4c0ba8a9::DecryptedEndPoint@429e4c7b{l=/127.0.0.1:33719,r=/127.0.0.1:51180,OPEN,fill=-,flush=-,to=50/30000}
01:46:23.431 [qtp399373008-57] DEBUG org.eclipse.jetty.io.AbstractConnection - fillInterested HttpConnection@4c0ba8a9::DecryptedEndPoint@429e4c7b{l=/127.0.0.1:33719,r=/127.0.0.1:51180,OPEN,fill=-,flush=-,to=50/30000}
01:46:23.431 [qtp399373008-57] DEBUG org.eclipse.jetty.io.FillInterest - interested FillInterest@48451003{AC.ReadCB@4c0ba8a9{HttpConnection@4c0ba8a9::DecryptedEndPoint@429e4c7b{l=/127.0.0.1:33719,r=/127.0.0.1:51180,OPEN,fill=FI,flush=-,to=0/30000}}}
01:46:23.431 [qtp399373008-57] DEBUG org.eclipse.jetty.io.ssl.SslConnection - >needFillInterest s=IDLE/IDLE uf=true ei=null di=null SslConnection@6957d1bc::SocketChannelEndPoint@6926d4a6{l=/127.0.0.1:33719,r=/127.0.0.1:51180,OPEN,fill=-,flush=-,to=1/30000}{io=0/0,kio=0,kro=1}->SslConnection@6957d1bc{NOT_HANDSHAKING,eio=-1/-1,di=-1,fill=IDLE,flush=IDLE}~>DecryptedEndPoint@429e4c7b{l=/127.0.0.1:33719,r=/127.0.0.1:51180,OPEN,fill=FI,flush=-,to=0/30000}=>HttpConnection@4c0ba8a9[p=HttpParser{s=START,0 of -1},g=HttpGenerator@599aa579{s=START}]=>HttpChannelOverHttp@3a127dbb{s=HttpChannelState@1d423891{s=IDLE rs=BLOCKING os=OPEN is=IDLE awp=false se=false i=true al=0},r=2,c=false/false,a=IDLE,uri=null,age=0}
01:46:23.431 [qtp399373008-57] DEBUG org.eclipse.jetty.io.ssl.SslConnection - <needFillInterest s=IDLE/INTERESTED f=false i=true w=null
01:46:23.431 [qtp399373008-57] DEBUG org.eclipse.jetty.io.ssl.SslConnection - ensureFillInterested SslConnection@6957d1bc::SocketChannelEndPoint@6926d4a6{l=/127.0.0.1:33719,r=/127.0.0.1:51180,OPEN,fill=-,flush=-,to=1/30000}{io=0/0,kio=0,kro=1}->SslConnection@6957d1bc{NOT_HANDSHAKING,eio=-1/-1,di=-1,fill=INTERESTED,flush=IDLE}~>DecryptedEndPoint@429e4c7b{l=/127.0.0.1:33719,r=/127.0.0.1:51180,OPEN,fill=FI,flush=-,to=0/30000}=>HttpConnection@4c0ba8a9[p=HttpParser{s=START,0 of -1},g=HttpGenerator@599aa579{s=START}]=>HttpChannelOverHttp@3a127dbb{s=HttpChannelState@1d423891{s=IDLE rs=BLOCKING os=OPEN is=IDLE awp=false se=false i=true al=0},r=2,c=false/false,a=IDLE,uri=null,age=0}
01:46:23.431 [qtp399373008-57] DEBUG org.eclipse.jetty.io.FillInterest - interested FillInterest@42cb4666{SSLC.NBReadCB@6957d1bc{SslConnection@6957d1bc::SocketChannelEndPoint@6926d4a6{l=/127.0.0.1:33719,r=/127.0.0.1:51180,OPEN,fill=FI,flush=-,to=0/30000}{io=0/0,kio=0,kro=1}->SslConnection@6957d1bc{NOT_HANDSHAKING,eio=-1/-1,di=-1,fill=INTERESTED,flush=IDLE}~>DecryptedEndPoint@429e4c7b{l=/127.0.0.1:33719,r=/127.0.0.1:51180,OPEN,fill=FI,flush=-,to=0/30000}=>HttpConnection@4c0ba8a9[p=HttpParser{s=START,0 of -1},g=HttpGenerator@599aa579{s=START}]=>HttpChannelOverHttp@3a127dbb{s=HttpChannelState@1d423891{s=IDLE rs=BLOCKING os=OPEN is=IDLE awp=false se=false i=true al=0},r=2,c=false/false,a=IDLE,uri=null,age=0}}}
01:46:23.431 [qtp399373008-57] DEBUG org.eclipse.jetty.io.ChannelEndPoint - changeInterests p=false 0->1 for SocketChannelEndPoint@6926d4a6{l=/127.0.0.1:33719,r=/127.0.0.1:51180,OPEN,fill=FI,flush=-,to=0/30000}{io=0/1,kio=0,kro=1}->SslConnection@6957d1bc{NOT_HANDSHAKING,eio=-1/-1,di=-1,fill=INTERESTED,flush=IDLE}~>DecryptedEndPoint@429e4c7b{l=/127.0.0.1:33719,r=/127.0.0.1:51180,OPEN,fill=FI,flush=-,to=0/30000}=>HttpConnection@4c0ba8a9[p=HttpParser{s=START,0 of -1},g=HttpGenerator@599aa579{s=START}]=>HttpChannelOverHttp@3a127dbb{s=HttpChannelState@1d423891{s=IDLE rs=BLOCKING os=OPEN is=IDLE awp=false se=false i=true al=0},r=2,c=false/false,a=IDLE,uri=null,age=0}
01:46:23.431 [qtp399373008-57] DEBUG org.eclipse.jetty.io.ManagedSelector - Queued change lazy=false org.eclipse.jetty.io.ChannelEndPoint$$Lambda$255/981852870@1546b5b2 on ManagedSelector@4e70a728{STARTED} id=0 keys=1 selected=0 updates=0
01:46:23.431 [qtp399373008-57] DEBUG org.eclipse.jetty.io.ManagedSelector - Wakeup on submit ManagedSelector@4e70a728{STARTED} id=0 keys=1 selected=0 updates=1
01:46:23.432 [qtp399373008-57] DEBUG org.eclipse.jetty.server.HttpConnection - HttpConnection@4c0ba8a9::DecryptedEndPoint@429e4c7b{l=/127.0.0.1:33719,r=/127.0.0.1:51180,OPEN,fill=FI,flush=-,to=0/30000} onFillable exit HttpChannelState@1d423891{s=IDLE rs=BLOCKING os=OPEN is=IDLE awp=false se=false i=true al=0} null
01:46:23.432 [qtp399373008-56] DEBUG org.eclipse.jetty.io.ManagedSelector - Selector sun.nio.ch.EPollSelectorImpl@4985b9d4 woken with none selected
01:46:23.432 [qtp399373008-56] DEBUG org.eclipse.jetty.io.ManagedSelector - Selector sun.nio.ch.EPollSelectorImpl@4985b9d4 woken up from select, 0/0/1 selected
01:46:23.432 [qtp399373008-56] DEBUG org.eclipse.jetty.io.ManagedSelector - Selector sun.nio.ch.EPollSelectorImpl@4985b9d4 processing 0 keys, 1 updates
01:46:23.432 [qtp399373008-56] DEBUG org.eclipse.jetty.io.ManagedSelector - updateable 1
01:46:23.432 [qtp399373008-56] DEBUG org.eclipse.jetty.io.ManagedSelector - update org.eclipse.jetty.io.ChannelEndPoint$$Lambda$255/981852870@1546b5b2
01:46:23.432 [qtp399373008-57] DEBUG org.eclipse.jetty.io.ssl.SslConnection - <c.onFillable SslConnection@6957d1bc::SocketChannelEndPoint@6926d4a6{l=/127.0.0.1:33719,r=/127.0.0.1:51180,OPEN,fill=FI,flush=-,to=0/30000}{io=0/1,kio=0,kro=1}->SslConnection@6957d1bc{NOT_HANDSHAKING,eio=-1/-1,di=-1,fill=INTERESTED,flush=IDLE}~>DecryptedEndPoint@429e4c7b{l=/127.0.0.1:33719,r=/127.0.0.1:51180,OPEN,fill=FI,flush=-,to=0/30000}=>HttpConnection@4c0ba8a9[p=HttpParser{s=START,0 of -1},g=HttpGenerator@599aa579{s=START}]=>HttpChannelOverHttp@3a127dbb{s=HttpChannelState@1d423891{s=IDLE rs=BLOCKING os=OPEN is=IDLE awp=false se=false i=true al=0},r=2,c=false/false,a=IDLE,uri=null,age=0}
01:46:23.432 [qtp399373008-57] DEBUG org.eclipse.jetty.util.thread.ReservedThreadExecutor - ReservedThread@6a04b48e{RUNNING,thread=Thread[qtp399373008-57,5,main]} was=RUNNING next=RESERVED size=0+2 capacity=8
01:46:23.432 [qtp399373008-57] DEBUG org.eclipse.jetty.util.thread.ReservedThreadExecutor - ReservedThread@6a04b48e{RESERVED,thread=Thread[qtp399373008-57,5,main]} waiting ReservedThreadExecutor@424fd310{reserved=2/8,pending=0}
01:46:23.432 [qtp399373008-56] DEBUG org.eclipse.jetty.io.ChannelEndPoint - Key interests updated 0 -> 1 on SocketChannelEndPoint@6926d4a6{l=/127.0.0.1:33719,r=/127.0.0.1:51180,OPEN,fill=FI,flush=-,to=0/30000}{io=1/1,kio=1,kro=1}->SslConnection@6957d1bc{NOT_HANDSHAKING,eio=-1/-1,di=-1,fill=INTERESTED,flush=IDLE}~>DecryptedEndPoint@429e4c7b{l=/127.0.0.1:33719,r=/127.0.0.1:51180,OPEN,fill=FI,flush=-,to=0/30000}=>HttpConnection@4c0ba8a9[p=HttpParser{s=START,0 of -1},g=HttpGenerator@599aa579{s=START}]=>HttpChannelOverHttp@3a127dbb{s=HttpChannelState@1d423891{s=IDLE rs=BLOCKING os=OPEN is=IDLE awp=false se=false i=true al=0},r=2,c=false/false,a=IDLE,uri=null,age=0}
01:46:23.432 [qtp399373008-56] DEBUG org.eclipse.jetty.io.ManagedSelector - updates 0
01:46:23.432 [qtp399373008-56] DEBUG org.eclipse.jetty.io.ManagedSelector - Selector sun.nio.ch.EPollSelectorImpl@4985b9d4 waiting with 1 keys
01:46:23.433 [main] DEBUG org.apache.nifi.minifi.bootstrap.configuration.ingestors.PullHttpChangeIngestor - Attempting to pull new config
01:46:23.433 [qtp399373008-59-acceptor-0@53dacd14-ServerConnector@2374d36a{SSL, (ssl, http/1.1)}{localhost:33719}] DEBUG org.eclipse.jetty.io.ManagedSelector - Queued change lazy=false Accept@23cf3545[java.nio.channels.SocketChannel[connected local=/127.0.0.1:33719 remote=/127.0.0.1:51192]] on ManagedSelector@5733f295{STARTED} id=1 keys=1 selected=0 updates=0
01:46:23.434 [qtp399373008-59-acceptor-0@53dacd14-ServerConnector@2374d36a{SSL, (ssl, http/1.1)}{localhost:33719}] DEBUG org.eclipse.jetty.io.ManagedSelector - Wakeup on submit ManagedSelector@5733f295{STARTED} id=1 keys=1 selected=0 updates=1
01:46:23.434 [qtp399373008-60] DEBUG org.eclipse.jetty.io.ManagedSelector - Selector sun.nio.ch.EPollSelectorImpl@60af7bcf woken with none selected
01:46:23.434 [qtp399373008-60] DEBUG org.eclipse.jetty.io.ManagedSelector - Selector sun.nio.ch.EPollSelectorImpl@60af7bcf woken up from select, 0/0/1 selected
01:46:23.434 [qtp399373008-60] DEBUG org.eclipse.jetty.io.ManagedSelector - Selector sun.nio.ch.EPollSelectorImpl@60af7bcf processing 0 keys, 1 updates
01:46:23.434 [qtp399373008-60] DEBUG org.eclipse.jetty.io.ManagedSelector - updateable 1
01:46:23.434 [qtp399373008-60] DEBUG org.eclipse.jetty.io.ManagedSelector - update Accept@23cf3545[java.nio.channels.SocketChannel[connected local=/127.0.0.1:33719 remote=/127.0.0.1:51192]]
01:46:23.434 [qtp399373008-60] DEBUG org.eclipse.jetty.util.thread.QueuedThreadPool - queue Accept@23cf3545[java.nio.channels.SocketChannel[connected local=/127.0.0.1:33719 remote=/127.0.0.1:51192]] startThread=0
01:46:23.434 [qtp399373008-60] DEBUG org.eclipse.jetty.io.ManagedSelector - updates 0
01:46:23.434 [qtp399373008-60] DEBUG org.eclipse.jetty.io.ManagedSelector - Selector sun.nio.ch.EPollSelectorImpl@60af7bcf waiting with 2 keys
01:46:23.434 [qtp399373008-55] DEBUG org.eclipse.jetty.util.thread.QueuedThreadPool - run Accept@23cf3545[java.nio.channels.SocketChannel[connected local=/127.0.0.1:33719 remote=/127.0.0.1:51192]] in QueuedThreadPool[qtp399373008]@17cdf2d0{STARTED,8<=8<=200,i=0,r=-1,q=0}[ReservedThreadExecutor@424fd310{reserved=2/8,pending=0}]
01:46:23.434 [qtp399373008-55] DEBUG org.eclipse.jetty.io.IdleTimeout - SocketChannelEndPoint@437dd2a4{l=/127.0.0.1:33719,r=/127.0.0.1:51192,OPEN,fill=-,flush=-,to=0/30000}{io=0/0,kio=0,kro=0}-><null> idle timeout check, elapsed: 0 ms, remaining: 30000 ms
01:46:23.434 [qtp399373008-55] DEBUG org.eclipse.jetty.util.ssl.SslContextFactory - Customize sun.security.ssl.SSLEngineImpl@67f54af
01:46:23.434 [qtp399373008-55] DEBUG org.eclipse.jetty.server.HttpChannel - new HttpChannelOverHttp@62d006ad{s=HttpChannelState@3733529d{s=IDLE rs=BLOCKING os=OPEN is=IDLE awp=false se=false i=true al=0},r=0,c=false/false,a=IDLE,uri=null,age=0} -> DecryptedEndPoint@1a765e2d{l=/127.0.0.1:33719,r=/127.0.0.1:51192,OPEN,fill=-,flush=-,to=0/30000},null,HttpChannelState@3733529d{s=IDLE rs=BLOCKING os=OPEN is=IDLE awp=false se=false i=true al=0}
01:46:23.434 [qtp399373008-55] DEBUG org.eclipse.jetty.server.HttpConnection - New HTTP Connection HttpConnection@6650abe0::DecryptedEndPoint@1a765e2d{l=/127.0.0.1:33719,r=/127.0.0.1:51192,OPEN,fill=-,flush=-,to=0/30000}
01:46:23.434 [qtp399373008-55] DEBUG org.eclipse.jetty.io.ManagedSelector - Queued change lazy=true org.eclipse.jetty.io.ManagedSelector$$Lambda$258/102804084@4d73ce9 on ManagedSelector@5733f295{STARTED} id=1 keys=2 selected=0 updates=0
01:46:23.434 [qtp399373008-55] DEBUG org.eclipse.jetty.io.AbstractEndPoint - onOpen SocketChannelEndPoint@437dd2a4{l=/127.0.0.1:33719,r=/127.0.0.1:51192,OPEN,fill=-,flush=-,to=0/30000}{io=0/0,kio=0,kro=0}->SslConnection@295d3154{NOT_HANDSHAKING,eio=-1/-1,di=-1,fill=IDLE,flush=IDLE}~>DecryptedEndPoint@1a765e2d{l=/127.0.0.1:33719,r=/127.0.0.1:51192,OPEN,fill=-,flush=-,to=0/30000}=>HttpConnection@6650abe0[p=HttpParser{s=START,0 of -1},g=HttpGenerator@1729564{s=START}]=>HttpChannelOverHttp@62d006ad{s=HttpChannelState@3733529d{s=IDLE rs=BLOCKING os=OPEN is=IDLE awp=false se=false i=true al=0},r=0,c=false/false,a=IDLE,uri=null,age=0}
01:46:23.435 [qtp399373008-55] DEBUG org.eclipse.jetty.io.AbstractConnection - onOpen SslConnection@295d3154::SocketChannelEndPoint@437dd2a4{l=/127.0.0.1:33719,r=/127.0.0.1:51192,OPEN,fill=-,flush=-,to=0/30000}{io=0/0,kio=0,kro=0}->SslConnection@295d3154{NOT_HANDSHAKING,eio=-1/-1,di=-1,fill=IDLE,flush=IDLE}~>DecryptedEndPoint@1a765e2d{l=/127.0.0.1:33719,r=/127.0.0.1:51192,OPEN,fill=-,flush=-,to=0/30000}=>HttpConnection@6650abe0[p=HttpParser{s=START,0 of -1},g=HttpGenerator@1729564{s=START}]=>HttpChannelOverHttp@62d006ad{s=HttpChannelState@3733529d{s=IDLE rs=BLOCKING os=OPEN is=IDLE awp=false se=false i=true al=0},r=0,c=false/false,a=IDLE,uri=null,age=0}
01:46:23.435 [qtp399373008-55] DEBUG org.eclipse.jetty.io.AbstractConnection - onOpen HttpConnection@6650abe0::DecryptedEndPoint@1a765e2d{l=/127.0.0.1:33719,r=/127.0.0.1:51192,OPEN,fill=-,flush=-,to=0/30000}
01:46:23.435 [qtp399373008-55] DEBUG org.eclipse.jetty.io.AbstractConnection - fillInterested HttpConnection@6650abe0::DecryptedEndPoint@1a765e2d{l=/127.0.0.1:33719,r=/127.0.0.1:51192,OPEN,fill=-,flush=-,to=0/30000}
01:46:23.435 [qtp399373008-55] DEBUG org.eclipse.jetty.io.FillInterest - interested FillInterest@621e3101{AC.ReadCB@6650abe0{HttpConnection@6650abe0::DecryptedEndPoint@1a765e2d{l=/127.0.0.1:33719,r=/127.0.0.1:51192,OPEN,fill=FI,flush=-,to=0/30000}}}
01:46:23.435 [qtp399373008-55] DEBUG org.eclipse.jetty.io.ssl.SslConnection - >needFillInterest s=IDLE/IDLE uf=false ei=null di=null SslConnection@295d3154::SocketChannelEndPoint@437dd2a4{l=/127.0.0.1:33719,r=/127.0.0.1:51192,OPEN,fill=-,flush=-,to=0/30000}{io=0/0,kio=0,kro=0}->SslConnection@295d3154{NOT_HANDSHAKING,eio=-1/-1,di=-1,fill=IDLE,flush=IDLE}~>DecryptedEndPoint@1a765e2d{l=/127.0.0.1:33719,r=/127.0.0.1:51192,OPEN,fill=FI,flush=-,to=0/30000}=>HttpConnection@6650abe0[p=HttpParser{s=START,0 of -1},g=HttpGenerator@1729564{s=START}]=>HttpChannelOverHttp@62d006ad{s=HttpChannelState@3733529d{s=IDLE rs=BLOCKING os=OPEN is=IDLE awp=false se=false i=true al=0},r=0,c=false/false,a=IDLE,uri=null,age=0}
01:46:23.435 [qtp399373008-55] DEBUG org.eclipse.jetty.io.ssl.SslConnection - <needFillInterest s=IDLE/INTERESTED f=false i=true w=null
01:46:23.435 [qtp399373008-55] DEBUG org.eclipse.jetty.io.ssl.SslConnection - ensureFillInterested SslConnection@295d3154::SocketChannelEndPoint@437dd2a4{l=/127.0.0.1:33719,r=/127.0.0.1:51192,OPEN,fill=-,flush=-,to=0/30000}{io=0/0,kio=0,kro=0}->SslConnection@295d3154{NOT_HANDSHAKING,eio=-1/-1,di=-1,fill=INTERESTED,flush=IDLE}~>DecryptedEndPoint@1a765e2d{l=/127.0.0.1:33719,r=/127.0.0.1:51192,OPEN,fill=FI,flush=-,to=0/30000}=>HttpConnection@6650abe0[p=HttpParser{s=START,0 of -1},g=HttpGenerator@1729564{s=START}]=>HttpChannelOverHttp@62d006ad{s=HttpChannelState@3733529d{s=IDLE rs=BLOCKING os=OPEN is=IDLE awp=false se=false i=true al=0},r=0,c=false/false,a=IDLE,uri=null,age=0}
01:46:23.435 [qtp399373008-55] DEBUG org.eclipse.jetty.io.FillInterest - interested FillInterest@5f1379df{SSLC.NBReadCB@295d3154{SslConnection@295d3154::SocketChannelEndPoint@437dd2a4{l=/127.0.0.1:33719,r=/127.0.0.1:51192,OPEN,fill=FI,flush=-,to=0/30000}{io=0/0,kio=0,kro=0}->SslConnection@295d3154{NOT_HANDSHAKING,eio=-1/-1,di=-1,fill=INTERESTED,flush=IDLE}~>DecryptedEndPoint@1a765e2d{l=/127.0.0.1:33719,r=/127.0.0.1:51192,OPEN,fill=FI,flush=-,to=0/30000}=>HttpConnection@6650abe0[p=HttpParser{s=START,0 of -1},g=HttpGenerator@1729564{s=START}]=>HttpChannelOverHttp@62d006ad{s=HttpChannelState@3733529d{s=IDLE rs=BLOCKING os=OPEN is=IDLE awp=false se=false i=true al=0},r=0,c=false/false,a=IDLE,uri=null,age=0}}}
01:46:23.435 [qtp399373008-55] DEBUG org.eclipse.jetty.io.ChannelEndPoint - changeInterests p=false 0->1 for SocketChannelEndPoint@437dd2a4{l=/127.0.0.1:33719,r=/127.0.0.1:51192,OPEN,fill=FI,flush=-,to=0/30000}{io=0/1,kio=0,kro=0}->SslConnection@295d3154{NOT_HANDSHAKING,eio=-1/-1,di=-1,fill=INTERESTED,flush=IDLE}~>DecryptedEndPoint@1a765e2d{l=/127.0.0.1:33719,r=/127.0.0.1:51192,OPEN,fill=FI,flush=-,to=0/30000}=>HttpConnection@6650abe0[p=HttpParser{s=START,0 of -1},g=HttpGenerator@1729564{s=START}]=>HttpChannelOverHttp@62d006ad{s=HttpChannelState@3733529d{s=IDLE rs=BLOCKING os=OPEN is=IDLE awp=false se=false i=true al=0},r=0,c=false/false,a=IDLE,uri=null,age=0}
01:46:23.435 [qtp399373008-55] DEBUG org.eclipse.jetty.io.ManagedSelector - Queued change lazy=false org.eclipse.jetty.io.ChannelEndPoint$$Lambda$255/981852870@1f8434f8 on ManagedSelector@5733f295{STARTED} id=1 keys=2 selected=0 updates=1
01:46:23.435 [qtp399373008-55] DEBUG org.eclipse.jetty.io.ManagedSelector - Wakeup on submit ManagedSelector@5733f295{STARTED} id=1 keys=2 selected=0 updates=2
01:46:23.435 [qtp399373008-60] DEBUG org.eclipse.jetty.io.ManagedSelector - Selector sun.nio.ch.EPollSelectorImpl@60af7bcf woken with none selected
01:46:23.435 [qtp399373008-55] DEBUG org.eclipse.jetty.io.ManagedSelector - Created SocketChannelEndPoint@437dd2a4{l=/127.0.0.1:33719,r=/127.0.0.1:51192,OPEN,fill=FI,flush=-,to=0/30000}{io=0/1,kio=0,kro=0}->SslConnection@295d3154{NOT_HANDSHAKING,eio=-1/-1,di=-1,fill=INTERESTED,flush=IDLE}~>DecryptedEndPoint@1a765e2d{l=/127.0.0.1:33719,r=/127.0.0.1:51192,OPEN,fill=FI,flush=-,to=0/30000}=>HttpConnection@6650abe0[p=HttpParser{s=START,0 of -1},g=HttpGenerator@1729564{s=START}]=>HttpChannelOverHttp@62d006ad{s=HttpChannelState@3733529d{s=IDLE rs=BLOCKING os=OPEN is=IDLE awp=false se=false i=true al=0},r=0,c=false/false,a=IDLE,uri=null,age=0}
01:46:23.435 [qtp399373008-60] DEBUG org.eclipse.jetty.io.ManagedSelector - Selector sun.nio.ch.EPollSelectorImpl@60af7bcf woken up from select, 0/0/2 selected
01:46:23.435 [qtp399373008-60] DEBUG org.eclipse.jetty.io.ManagedSelector - Selector sun.nio.ch.EPollSelectorImpl@60af7bcf processing 0 keys, 2 updates
01:46:23.435 [qtp399373008-60] DEBUG org.eclipse.jetty.io.ManagedSelector - updateable 2
01:46:23.435 [qtp399373008-55] DEBUG org.eclipse.jetty.util.thread.QueuedThreadPool - ran Accept@23cf3545[java.nio.channels.SocketChannel[connected local=/127.0.0.1:33719 remote=/127.0.0.1:51192]] in QueuedThreadPool[qtp399373008]@17cdf2d0{STARTED,8<=8<=200,i=0,r=-1,q=0}[ReservedThreadExecutor@424fd310{reserved=2/8,pending=0}]
01:46:23.435 [qtp399373008-60] DEBUG org.eclipse.jetty.io.ManagedSelector - update org.eclipse.jetty.io.ManagedSelector$$Lambda$258/102804084@4d73ce9
01:46:23.435 [qtp399373008-60] DEBUG org.eclipse.jetty.io.ManagedSelector - update org.eclipse.jetty.io.ChannelEndPoint$$Lambda$255/981852870@1f8434f8
01:46:23.435 [qtp399373008-60] DEBUG org.eclipse.jetty.io.ChannelEndPoint - Key interests updated 0 -> 1 on SocketChannelEndPoint@437dd2a4{l=/127.0.0.1:33719,r=/127.0.0.1:51192,OPEN,fill=FI,flush=-,to=0/30000}{io=1/1,kio=1,kro=0}->SslConnection@295d3154{NOT_HANDSHAKING,eio=-1/-1,di=-1,fill=INTERESTED,flush=IDLE}~>DecryptedEndPoint@1a765e2d{l=/127.0.0.1:33719,r=/127.0.0.1:51192,OPEN,fill=FI,flush=-,to=0/30000}=>HttpConnection@6650abe0[p=HttpParser{s=START,0 of -1},g=HttpGenerator@1729564{s=START}]=>HttpChannelOverHttp@62d006ad{s=HttpChannelState@3733529d{s=IDLE rs=BLOCKING os=OPEN is=IDLE awp=false se=false i=true al=0},r=0,c=false/false,a=IDLE,uri=null,age=0}
01:46:23.435 [qtp399373008-60] DEBUG org.eclipse.jetty.io.ManagedSelector - updates 0
01:46:23.435 [qtp399373008-60] DEBUG org.eclipse.jetty.io.ManagedSelector - Selector sun.nio.ch.EPollSelectorImpl@60af7bcf waiting with 2 keys
01:46:23.436 [qtp399373008-60] DEBUG org.eclipse.jetty.io.ManagedSelector - Selector sun.nio.ch.EPollSelectorImpl@60af7bcf woken up from select, 1/1/2 selected
01:46:23.436 [qtp399373008-60] DEBUG org.eclipse.jetty.io.ManagedSelector - Selector sun.nio.ch.EPollSelectorImpl@60af7bcf processing 1 keys, 0 updates
01:46:23.436 [qtp399373008-60] DEBUG org.eclipse.jetty.io.ManagedSelector - selected 1 sun.nio.ch.SelectionKeyImpl@38fa0b99 SocketChannelEndPoint@437dd2a4{l=/127.0.0.1:33719,r=/127.0.0.1:51192,OPEN,fill=FI,flush=-,to=0/30000}{io=1/1,kio=1,kro=1}->SslConnection@295d3154{NOT_HANDSHAKING,eio=-1/-1,di=-1,fill=INTERESTED,flush=IDLE}~>DecryptedEndPoint@1a765e2d{l=/127.0.0.1:33719,r=/127.0.0.1:51192,OPEN,fill=FI,flush=-,to=1/30000}=>HttpConnection@6650abe0[p=HttpParser{s=START,0 of -1},g=HttpGenerator@1729564{s=START}]=>HttpChannelOverHttp@62d006ad{s=HttpChannelState@3733529d{s=IDLE rs=BLOCKING os=OPEN is=IDLE awp=false se=false i=true al=0},r=0,c=false/false,a=IDLE,uri=null,age=0} 
01:46:23.436 [qtp399373008-60] DEBUG org.eclipse.jetty.io.ChannelEndPoint - onSelected 1->0 r=true w=false for SocketChannelEndPoint@437dd2a4{l=/127.0.0.1:33719,r=/127.0.0.1:51192,OPEN,fill=FI,flush=-,to=1/30000}{io=1/0,kio=1,kro=1}->SslConnection@295d3154{NOT_HANDSHAKING,eio=-1/-1,di=-1,fill=INTERESTED,flush=IDLE}~>DecryptedEndPoint@1a765e2d{l=/127.0.0.1:33719,r=/127.0.0.1:51192,OPEN,fill=FI,flush=-,to=1/30000}=>HttpConnection@6650abe0[p=HttpParser{s=START,0 of -1},g=HttpGenerator@1729564{s=START}]=>HttpChannelOverHttp@62d006ad{s=HttpChannelState@3733529d{s=IDLE rs=BLOCKING os=OPEN is=IDLE awp=false se=false i=true al=0},r=0,c=false/false,a=IDLE,uri=null,age=0}
01:46:23.436 [qtp399373008-60] DEBUG org.eclipse.jetty.io.ChannelEndPoint - task CEP:SocketChannelEndPoint@437dd2a4{l=/127.0.0.1:33719,r=/127.0.0.1:51192,OPEN,fill=FI,flush=-,to=1/30000}{io=1/0,kio=1,kro=1}->SslConnection@295d3154{NOT_HANDSHAKING,eio=-1/-1,di=-1,fill=INTERESTED,flush=IDLE}~>DecryptedEndPoint@1a765e2d{l=/127.0.0.1:33719,r=/127.0.0.1:51192,OPEN,fill=FI,flush=-,to=1/30000}=>HttpConnection@6650abe0[p=HttpParser{s=START,0 of -1},g=HttpGenerator@1729564{s=START}]=>HttpChannelOverHttp@62d006ad{s=HttpChannelState@3733529d{s=IDLE rs=BLOCKING os=OPEN is=IDLE awp=false se=false i=true al=0},r=0,c=false/false,a=IDLE,uri=null,age=0}:runFillable:BLOCKING
01:46:23.436 [qtp399373008-60] DEBUG org.eclipse.jetty.util.thread.ReservedThreadExecutor - ReservedThreadExecutor@424fd310{reserved=2/8,pending=0} tryExecute EatWhatYouKill@b7838a9/SelectorProducer@696f0212/PRODUCING/p=false/QueuedThreadPool[qtp399373008]@17cdf2d0{STARTED,8<=8<=200,i=1,r=-1,q=0}[ReservedThreadExecutor@424fd310{reserved=2/8,pending=0}][pc=0,pic=0,pec=1,epc=2]@2024-05-02T01:46:23.436+01:00
01:46:23.436 [qtp399373008-60] DEBUG org.eclipse.jetty.util.thread.strategy.EatWhatYouKill - EatWhatYouKill@b7838a9/SelectorProducer@696f0212/IDLE/p=true/QueuedThreadPool[qtp399373008]@17cdf2d0{STARTED,8<=8<=200,i=1,r=-1,q=0}[ReservedThreadExecutor@424fd310{reserved=1/8,pending=0}][pc=0,pic=0,pec=1,epc=2]@2024-05-02T01:46:23.436+01:00 m=EXECUTE_PRODUCE_CONSUME t=CEP:SocketChannelEndPoint@437dd2a4{l=/127.0.0.1:33719,r=/127.0.0.1:51192,OPEN,fill=FI,flush=-,to=1/30000}{io=1/0,kio=1,kro=1}->SslConnection@295d3154{NOT_HANDSHAKING,eio=-1/-1,di=-1,fill=INTERESTED,flush=IDLE}~>DecryptedEndPoint@1a765e2d{l=/127.0.0.1:33719,r=/127.0.0.1:51192,OPEN,fill=FI,flush=-,to=1/30000}=>HttpConnection@6650abe0[p=HttpParser{s=START,0 of -1},g=HttpGenerator@1729564{s=START}]=>HttpChannelOverHttp@62d006ad{s=HttpChannelState@3733529d{s=IDLE rs=BLOCKING os=OPEN is=IDLE awp=false se=false i=true al=0},r=0,c=false/false,a=IDLE,uri=null,age=0}:runFillable:BLOCKING/BLOCKING
01:46:23.436 [qtp399373008-57] DEBUG org.eclipse.jetty.util.thread.ReservedThreadExecutor - ReservedThread@6a04b48e{RESERVED,thread=Thread[qtp399373008-57,5,main]} task=EatWhatYouKill@b7838a9/SelectorProducer@696f0212/IDLE/p=true/QueuedThreadPool[qtp399373008]@17cdf2d0{STARTED,8<=8<=200,i=1,r=-1,q=0}[ReservedThreadExecutor@424fd310{reserved=1/8,pending=0}][pc=0,pic=0,pec=1,epc=2]@2024-05-02T01:46:23.436+01:00 ReservedThreadExecutor@424fd310{reserved=1/8,pending=0}
01:46:23.436 [qtp399373008-60] DEBUG org.eclipse.jetty.io.FillInterest - fillable FillInterest@5f1379df{SSLC.NBReadCB@295d3154{SslConnection@295d3154::SocketChannelEndPoint@437dd2a4{l=/127.0.0.1:33719,r=/127.0.0.1:51192,OPEN,fill=FI,flush=-,to=1/30000}{io=1/0,kio=1,kro=1}->SslConnection@295d3154{NOT_HANDSHAKING,eio=-1/-1,di=-1,fill=INTERESTED,flush=IDLE}~>DecryptedEndPoint@1a765e2d{l=/127.0.0.1:33719,r=/127.0.0.1:51192,OPEN,fill=FI,flush=-,to=1/30000}=>HttpConnection@6650abe0[p=HttpParser{s=START,0 of -1},g=HttpGenerator@1729564{s=START}]=>HttpChannelOverHttp@62d006ad{s=HttpChannelState@3733529d{s=IDLE rs=BLOCKING os=OPEN is=IDLE awp=false se=false i=true al=0},r=0,c=false/false,a=IDLE,uri=null,age=0}}}
01:46:23.436 [qtp399373008-60] DEBUG org.eclipse.jetty.io.ssl.SslConnection - >c.onFillable SslConnection@295d3154::SocketChannelEndPoint@437dd2a4{l=/127.0.0.1:33719,r=/127.0.0.1:51192,OPEN,fill=-,flush=-,to=1/30000}{io=1/0,kio=1,kro=1}->SslConnection@295d3154{NOT_HANDSHAKING,eio=-1/-1,di=-1,fill=INTERESTED,flush=IDLE}~>DecryptedEndPoint@1a765e2d{l=/127.0.0.1:33719,r=/127.0.0.1:51192,OPEN,fill=FI,flush=-,to=1/30000}=>HttpConnection@6650abe0[p=HttpParser{s=START,0 of -1},g=HttpGenerator@1729564{s=START}]=>HttpChannelOverHttp@62d006ad{s=HttpChannelState@3733529d{s=IDLE rs=BLOCKING os=OPEN is=IDLE awp=false se=false i=true al=0},r=0,c=false/false,a=IDLE,uri=null,age=0}
01:46:23.436 [qtp399373008-57] DEBUG org.eclipse.jetty.util.thread.strategy.EatWhatYouKill - EatWhatYouKill@b7838a9/SelectorProducer@696f0212/IDLE/p=true/QueuedThreadPool[qtp399373008]@17cdf2d0{STARTED,8<=8<=200,i=1,r=-1,q=0}[ReservedThreadExecutor@424fd310{reserved=1/8,pending=0}][pc=0,pic=0,pec=1,epc=3]@2024-05-02T01:46:23.436+01:00 tryProduce true
01:46:23.436 [qtp399373008-57] DEBUG org.eclipse.jetty.io.ManagedSelector - updateable 0
01:46:23.436 [qtp399373008-60] DEBUG org.eclipse.jetty.io.ssl.SslConnection - onFillable SslConnection@295d3154::SocketChannelEndPoint@437dd2a4{l=/127.0.0.1:33719,r=/127.0.0.1:51192,OPEN,fill=-,flush=-,to=1/30000}{io=1/0,kio=1,kro=1}->SslConnection@295d3154{NOT_HANDSHAKING,eio=-1/-1,di=-1,fill=INTERESTED,flush=IDLE}~>DecryptedEndPoint@1a765e2d{l=/127.0.0.1:33719,r=/127.0.0.1:51192,OPEN,fill=FI,flush=-,to=1/30000}=>HttpConnection@6650abe0[p=HttpParser{s=START,0 of -1},g=HttpGenerator@1729564{s=START}]=>HttpChannelOverHttp@62d006ad{s=HttpChannelState@3733529d{s=IDLE rs=BLOCKING os=OPEN is=IDLE awp=false se=false i=true al=0},r=0,c=false/false,a=IDLE,uri=null,age=0}
01:46:23.436 [qtp399373008-57] DEBUG org.eclipse.jetty.io.ManagedSelector - updates 0
01:46:23.436 [qtp399373008-60] DEBUG org.eclipse.jetty.io.FillInterest - fillable FillInterest@621e3101{AC.ReadCB@6650abe0{HttpConnection@6650abe0::DecryptedEndPoint@1a765e2d{l=/127.0.0.1:33719,r=/127.0.0.1:51192,OPEN,fill=FI,flush=-,to=1/30000}}}
01:46:23.436 [qtp399373008-60] DEBUG org.eclipse.jetty.server.HttpConnection - HttpConnection@6650abe0::DecryptedEndPoint@1a765e2d{l=/127.0.0.1:33719,r=/127.0.0.1:51192,OPEN,fill=-,flush=-,to=1/30000} onFillable enter HttpChannelState@3733529d{s=IDLE rs=BLOCKING os=OPEN is=IDLE awp=false se=false i=true al=0} null
01:46:23.437 [qtp399373008-60] DEBUG org.eclipse.jetty.io.ssl.SslConnection - >fill SslConnection@295d3154::SocketChannelEndPoint@437dd2a4{l=/127.0.0.1:33719,r=/127.0.0.1:51192,OPEN,fill=-,flush=-,to=1/30000}{io=0/0,kio=0,kro=1}->SslConnection@295d3154{NOT_HANDSHAKING,eio=-1/-1,di=-1,fill=IDLE,flush=IDLE}~>DecryptedEndPoint@1a765e2d{l=/127.0.0.1:33719,r=/127.0.0.1:51192,OPEN,fill=-,flush=-,to=1/30000}=>HttpConnection@6650abe0[p=HttpParser{s=START,0 of -1},g=HttpGenerator@1729564{s=START}]=>HttpChannelOverHttp@62d006ad{s=HttpChannelState@3733529d{s=IDLE rs=BLOCKING os=OPEN is=IDLE awp=false se=false i=true al=0},r=0,c=false/false,a=IDLE,uri=null,age=0}
01:46:23.437 [qtp399373008-60] DEBUG org.eclipse.jetty.io.ssl.SslConnection - fill NOT_HANDSHAKING
01:46:23.437 [qtp399373008-57] DEBUG org.eclipse.jetty.io.ChannelEndPoint - Key interests updated 1 -> 0 on SocketChannelEndPoint@437dd2a4{l=/127.0.0.1:33719,r=/127.0.0.1:51192,OPEN,fill=-,flush=-,to=1/30000}{io=0/0,kio=0,kro=1}->SslConnection@295d3154{NOT_HANDSHAKING,eio=-1/-1,di=-1,fill=IDLE,flush=IDLE}~>DecryptedEndPoint@1a765e2d{l=/127.0.0.1:33719,r=/127.0.0.1:51192,OPEN,fill=-,flush=-,to=1/30000}=>HttpConnection@6650abe0[p=HttpParser{s=START,0 of -1},g=HttpGenerator@1729564{s=START}]=>HttpChannelOverHttp@62d006ad{s=HttpChannelState@3733529d{s=IDLE rs=BLOCKING os=OPEN is=IDLE awp=false se=false i=true al=0},r=0,c=false/false,a=IDLE,uri=null,age=0}
01:46:23.437 [qtp399373008-57] DEBUG org.eclipse.jetty.io.ManagedSelector - Selector sun.nio.ch.EPollSelectorImpl@60af7bcf waiting with 2 keys
01:46:23.437 [qtp399373008-60] DEBUG org.eclipse.jetty.io.ChannelEndPoint - filled 339 HeapByteBuffer@25c362b3[p=0,l=339,c=17408,r=339]={<<<\x16\x03\x03\x01N\x01\x00\x01J\x03\x03I\xC4q\xAd\xEf^b-|4\xB7\x84\x16\xEd...\xF7\xDfreJ\x17\xEf\xC3\x13K(\xC3\xEe\xFez*\x1f\xBc\xFf\x01\x00\x01\x00>>>\xF9\xFb}{\xC0\xFag\xC6G...\x00\x00\x00\x00\x00\x00\x00}
01:46:23.437 [qtp399373008-60] DEBUG org.eclipse.jetty.io.ssl.SslConnection - net filled=339
01:46:23.437 [qtp399373008-60] DEBUG org.eclipse.jetty.io.ssl.SslConnection - fill starting handshake SslConnection@295d3154::SocketChannelEndPoint@437dd2a4{l=/127.0.0.1:33719,r=/127.0.0.1:51192,OPEN,fill=-,flush=-,to=0/30000}{io=0/0,kio=0,kro=1}->SslConnection@295d3154{NOT_HANDSHAKING,eio=339/-1,di=-1,fill=IDLE,flush=IDLE}~>DecryptedEndPoint@1a765e2d{l=/127.0.0.1:33719,r=/127.0.0.1:51192,OPEN,fill=-,flush=-,to=2/30000}=>HttpConnection@6650abe0[p=HttpParser{s=START,0 of -1},g=HttpGenerator@1729564{s=START}]=>HttpChannelOverHttp@62d006ad{s=HttpChannelState@3733529d{s=IDLE rs=BLOCKING os=OPEN is=IDLE awp=false se=false i=true al=0},r=0,c=false/false,a=IDLE,uri=null,age=0}
01:46:23.437 [qtp399373008-60] DEBUG org.eclipse.jetty.io.ssl.SslConnection - unwrap net_filled=339 Status = OK HandshakeStatus = NEED_TASK bytesConsumed = 339 bytesProduced = 0 encryptedBuffer=[p=339,l=339,c=17408,r=0] unwrapBuffer=HeapByteBuffer@21fcf254[p=0,l=0,c=17408,r=0]={<<<>>>\x17\x03\x03\x03\xAd\x0b\x00\x03\x88...\x00\x00\x00\x00\x00\x00\x00} appBuffer=HeapByteBuffer@21fcf254[p=0,l=0,c=17408,r=0]={<<<>>>\x17\x03\x03\x03\xAd\x0b\x00\x03\x88...\x00\x00\x00\x00\x00\x00\x00}
01:46:23.437 [qtp399373008-60] DEBUG org.eclipse.jetty.io.ssl.SslConnection - fill NEED_TASK
01:46:23.446 [qtp399373008-60] DEBUG org.eclipse.jetty.io.ssl.SslConnection - fill NEED_WRAP
01:46:23.446 [qtp399373008-60] DEBUG org.eclipse.jetty.io.ssl.SslConnection - >flush SslConnection@295d3154::SocketChannelEndPoint@437dd2a4{l=/127.0.0.1:33719,r=/127.0.0.1:51192,OPEN,fill=-,flush=-,to=9/30000}{io=0/0,kio=0,kro=1}->SslConnection@295d3154{NEED_WRAP,eio=0/-1,di=-1,fill=IDLE,flush=IDLE}~>DecryptedEndPoint@1a765e2d{l=/127.0.0.1:33719,r=/127.0.0.1:51192,OPEN,fill=-,flush=-,to=11/30000}=>HttpConnection@6650abe0[p=HttpParser{s=START,0 of -1},g=HttpGenerator@1729564{s=START}]=>HttpChannelOverHttp@62d006ad{s=HttpChannelState@3733529d{s=IDLE rs=BLOCKING os=OPEN is=IDLE awp=false se=false i=true al=0},r=0,c=false/false,a=IDLE,uri=null,age=0}
01:46:23.446 [qtp399373008-60] DEBUG org.eclipse.jetty.io.ssl.SslConnection - flush b[0]=HeapByteBuffer@98da274[p=0,l=0,c=0,r=0]={<<<>>>}
01:46:23.446 [qtp399373008-60] DEBUG org.eclipse.jetty.io.ssl.SslConnection - flush NEED_WRAP
01:46:23.446 [qtp399373008-60] DEBUG org.eclipse.jetty.io.ssl.SslConnection - wrap Status = OK HandshakeStatus = NEED_WRAP bytesConsumed = 0 bytesProduced = 160 [p=0,l=160,c=17408,r=160] ioDone=false/false
01:46:23.446 [qtp399373008-60] DEBUG org.eclipse.jetty.io.ChannelEndPoint - flushed 160 SocketChannelEndPoint@437dd2a4{l=/127.0.0.1:33719,r=/127.0.0.1:51192,OPEN,fill=-,flush=-,to=9/30000}{io=0/0,kio=0,kro=1}->SslConnection@295d3154{NEED_WRAP,eio=0/0,di=-1,fill=IDLE,flush=IDLE}~>DecryptedEndPoint@1a765e2d{l=/127.0.0.1:33719,r=/127.0.0.1:51192,OPEN,fill=-,flush=-,to=11/30000}=>HttpConnection@6650abe0[p=HttpParser{s=START,0 of -1},g=HttpGenerator@1729564{s=START}]=>HttpChannelOverHttp@62d006ad{s=HttpChannelState@3733529d{s=IDLE rs=BLOCKING os=OPEN is=IDLE awp=false se=false i=true al=0},r=0,c=false/false,a=IDLE,uri=null,age=0}
01:46:23.446 [qtp399373008-60] DEBUG org.eclipse.jetty.io.ssl.SslConnection - net flushed=true, ac=true
01:46:23.446 [qtp399373008-60] DEBUG org.eclipse.jetty.io.ssl.SslConnection - flush NEED_WRAP
01:46:23.446 [qtp399373008-60] DEBUG org.eclipse.jetty.io.ssl.SslConnection - wrap Status = OK HandshakeStatus = NEED_WRAP bytesConsumed = 0 bytesProduced = 6 [p=0,l=6,c=17408,r=6] ioDone=false/false
01:46:23.447 [qtp399373008-60] DEBUG org.eclipse.jetty.io.ChannelEndPoint - flushed 6 SocketChannelEndPoint@437dd2a4{l=/127.0.0.1:33719,r=/127.0.0.1:51192,OPEN,fill=-,flush=-,to=0/30000}{io=0/0,kio=0,kro=1}->SslConnection@295d3154{NEED_WRAP,eio=0/0,di=-1,fill=IDLE,flush=IDLE}~>DecryptedEndPoint@1a765e2d{l=/127.0.0.1:33719,r=/127.0.0.1:51192,OPEN,fill=-,flush=-,to=11/30000}=>HttpConnection@6650abe0[p=HttpParser{s=START,0 of -1},g=HttpGenerator@1729564{s=START}]=>HttpChannelOverHttp@62d006ad{s=HttpChannelState@3733529d{s=IDLE rs=BLOCKING os=OPEN is=IDLE awp=false se=false i=true al=0},r=0,c=false/false,a=IDLE,uri=null,age=0}
01:46:23.447 [qtp399373008-60] DEBUG org.eclipse.jetty.io.ssl.SslConnection - net flushed=true, ac=true
01:46:23.447 [qtp399373008-60] DEBUG org.eclipse.jetty.io.ssl.SslConnection - flush NEED_WRAP
01:46:23.447 [qtp399373008-60] DEBUG org.eclipse.jetty.io.ssl.SslConnection - wrap Status = OK HandshakeStatus = NEED_UNWRAP bytesConsumed = 0 bytesProduced = 1597 [p=0,l=1597,c=17408,r=1597] ioDone=false/false
01:46:23.447 [qtp399373008-60] DEBUG org.eclipse.jetty.io.ChannelEndPoint - flushed 1597 SocketChannelEndPoint@437dd2a4{l=/127.0.0.1:33719,r=/127.0.0.1:51192,OPEN,fill=-,flush=-,to=0/30000}{io=0/0,kio=0,kro=1}->SslConnection@295d3154{NEED_UNWRAP,eio=0/0,di=-1,fill=IDLE,flush=IDLE}~>DecryptedEndPoint@1a765e2d{l=/127.0.0.1:33719,r=/127.0.0.1:51192,OPEN,fill=-,flush=-,to=12/30000}=>HttpConnection@6650abe0[p=HttpParser{s=START,0 of -1},g=HttpGenerator@1729564{s=START}]=>HttpChannelOverHttp@62d006ad{s=HttpChannelState@3733529d{s=IDLE rs=BLOCKING os=OPEN is=IDLE awp=false se=false i=true al=0},r=0,c=false/false,a=IDLE,uri=null,age=0}
01:46:23.447 [qtp399373008-60] DEBUG org.eclipse.jetty.io.ssl.SslConnection - net flushed=true, ac=true
01:46:23.447 [qtp399373008-60] DEBUG org.eclipse.jetty.io.ssl.SslConnection - <flush true SslConnection@295d3154::SocketChannelEndPoint@437dd2a4{l=/127.0.0.1:33719,r=/127.0.0.1:51192,OPEN,fill=-,flush=-,to=0/30000}{io=0/0,kio=0,kro=1}->SslConnection@295d3154{NEED_UNWRAP,eio=0/-1,di=-1,fill=IDLE,flush=IDLE}~>DecryptedEndPoint@1a765e2d{l=/127.0.0.1:33719,r=/127.0.0.1:51192,OPEN,fill=-,flush=-,to=12/30000}=>HttpConnection@6650abe0[p=HttpParser{s=START,0 of -1},g=HttpGenerator@1729564{s=START}]=>HttpChannelOverHttp@62d006ad{s=HttpChannelState@3733529d{s=IDLE rs=BLOCKING os=OPEN is=IDLE awp=false se=false i=true al=0},r=0,c=false/false,a=IDLE,uri=null,age=0}
01:46:23.447 [qtp399373008-60] DEBUG org.eclipse.jetty.io.ssl.SslConnection - fill NEED_UNWRAP
01:46:23.447 [qtp399373008-60] DEBUG org.eclipse.jetty.io.ChannelEndPoint - filled 0 HeapByteBuffer@25c362b3[p=0,l=0,c=17408,r=0]={<<<>>>\x16\x03\x03\x01N\x01\x00\x01J...\x00\x00\x00\x00\x00\x00\x00}
01:46:23.447 [qtp399373008-60] DEBUG org.eclipse.jetty.io.ssl.SslConnection - net filled=0
01:46:23.447 [qtp399373008-60] DEBUG org.eclipse.jetty.io.ssl.SslConnection - unwrap net_filled=0 Status = BUFFER_UNDERFLOW HandshakeStatus = NEED_UNWRAP bytesConsumed = 0 bytesProduced = 0 encryptedBuffer=[p=0,l=0,c=17408,r=0] unwrapBuffer=HeapByteBuffer@21fcf254[p=0,l=0,c=17408,r=0]={<<<>>>\x17\x03\x03\x03\xAd\x0b\x00\x03\x88...\x00\x00\x00\x00\x00\x00\x00} appBuffer=HeapByteBuffer@21fcf254[p=0,l=0,c=17408,r=0]={<<<>>>\x17\x03\x03\x03\xAd\x0b\x00\x03\x88...\x00\x00\x00\x00\x00\x00\x00}
01:46:23.447 [qtp399373008-60] DEBUG org.eclipse.jetty.io.ssl.SslConnection - <fill f=0 uf=true SslConnection@295d3154::SocketChannelEndPoint@437dd2a4{l=/127.0.0.1:33719,r=/127.0.0.1:51192,OPEN,fill=-,flush=-,to=0/30000}{io=0/0,kio=0,kro=1}->SslConnection@295d3154{NEED_UNWRAP,eio=-1/-1,di=-1,fill=IDLE,flush=IDLE}~>DecryptedEndPoint@1a765e2d{l=/127.0.0.1:33719,r=/127.0.0.1:51192,OPEN,fill=-,flush=-,to=12/30000}=>HttpConnection@6650abe0[p=HttpParser{s=START,0 of -1},g=HttpGenerator@1729564{s=START}]=>HttpChannelOverHttp@62d006ad{s=HttpChannelState@3733529d{s=IDLE rs=BLOCKING os=OPEN is=IDLE awp=false se=false i=true al=0},r=0,c=false/false,a=IDLE,uri=null,age=0}
01:46:23.447 [qtp399373008-60] DEBUG org.eclipse.jetty.io.ssl.SslConnection - >fill SslConnection@295d3154::SocketChannelEndPoint@437dd2a4{l=/127.0.0.1:33719,r=/127.0.0.1:51192,OPEN,fill=-,flush=-,to=0/30000}{io=0/0,kio=0,kro=1}->SslConnection@295d3154{NEED_UNWRAP,eio=-1/-1,di=-1,fill=IDLE,flush=IDLE}~>DecryptedEndPoint@1a765e2d{l=/127.0.0.1:33719,r=/127.0.0.1:51192,OPEN,fill=-,flush=-,to=12/30000}=>HttpConnection@6650abe0[p=HttpParser{s=START,0 of -1},g=HttpGenerator@1729564{s=START}]=>HttpChannelOverHttp@62d006ad{s=HttpChannelState@3733529d{s=IDLE rs=BLOCKING os=OPEN is=IDLE awp=false se=false i=true al=0},r=0,c=false/false,a=IDLE,uri=null,age=0}
01:46:23.447 [qtp399373008-60] DEBUG org.eclipse.jetty.io.ssl.SslConnection - fill NEED_UNWRAP
01:46:23.447 [qtp399373008-60] DEBUG org.eclipse.jetty.io.ChannelEndPoint - filled 0 HeapByteBuffer@2f3b09c3[p=0,l=0,c=17408,r=0]={<<<>>>\x17\x03\x03\x068LT\xD8\xF6...\x00\x00\x00\x00\x00\x00\x00}
01:46:23.448 [qtp399373008-60] DEBUG org.eclipse.jetty.io.ssl.SslConnection - net filled=0
01:46:23.448 [qtp399373008-60] DEBUG org.eclipse.jetty.io.ssl.SslConnection - unwrap net_filled=0 Status = BUFFER_UNDERFLOW HandshakeStatus = NEED_UNWRAP bytesConsumed = 0 bytesProduced = 0 encryptedBuffer=[p=0,l=0,c=17408,r=0] unwrapBuffer=HeapByteBuffer@21fcf254[p=0,l=0,c=17408,r=0]={<<<>>>\x17\x03\x03\x03\xAd\x0b\x00\x03\x88...\x00\x00\x00\x00\x00\x00\x00} appBuffer=HeapByteBuffer@21fcf254[p=0,l=0,c=17408,r=0]={<<<>>>\x17\x03\x03\x03\xAd\x0b\x00\x03\x88...\x00\x00\x00\x00\x00\x00\x00}
01:46:23.448 [qtp399373008-60] DEBUG org.eclipse.jetty.io.ssl.SslConnection - <fill f=0 uf=true SslConnection@295d3154::SocketChannelEndPoint@437dd2a4{l=/127.0.0.1:33719,r=/127.0.0.1:51192,OPEN,fill=-,flush=-,to=0/30000}{io=0/0,kio=0,kro=1}->SslConnection@295d3154{NEED_UNWRAP,eio=-1/-1,di=-1,fill=IDLE,flush=IDLE}~>DecryptedEndPoint@1a765e2d{l=/127.0.0.1:33719,r=/127.0.0.1:51192,OPEN,fill=-,flush=-,to=12/30000}=>HttpConnection@6650abe0[p=HttpParser{s=START,0 of -1},g=HttpGenerator@1729564{s=START}]=>HttpChannelOverHttp@62d006ad{s=HttpChannelState@3733529d{s=IDLE rs=BLOCKING os=OPEN is=IDLE awp=false se=false i=true al=0},r=0,c=false/false,a=IDLE,uri=null,age=0}
01:46:23.448 [qtp399373008-60] DEBUG org.eclipse.jetty.server.HttpConnection - HttpConnection@6650abe0::DecryptedEndPoint@1a765e2d{l=/127.0.0.1:33719,r=/127.0.0.1:51192,OPEN,fill=-,flush=-,to=12/30000} filled 0 HeapByteBuffer@21fcf254[p=0,l=0,c=17408,r=0]={<<<>>>\x17\x03\x03\x03\xAd\x0b\x00\x03\x88...\x00\x00\x00\x00\x00\x00\x00}
01:46:23.448 [qtp399373008-60] DEBUG org.eclipse.jetty.server.HttpConnection - HttpConnection@6650abe0::DecryptedEndPoint@1a765e2d{l=/127.0.0.1:33719,r=/127.0.0.1:51192,OPEN,fill=-,flush=-,to=13/30000} parse HeapByteBuffer@21fcf254[p=0,l=0,c=17408,r=0]={<<<>>>\x17\x03\x03\x03\xAd\x0b\x00\x03\x88...\x00\x00\x00\x00\x00\x00\x00} {}
01:46:23.448 [qtp399373008-60] DEBUG org.eclipse.jetty.http.HttpParser - parseNext s=START HeapByteBuffer@21fcf254[p=0,l=0,c=17408,r=0]={<<<>>>\x17\x03\x03\x03\xAd\x0b\x00\x03\x88...\x00\x00\x00\x00\x00\x00\x00}
01:46:23.448 [qtp399373008-60] DEBUG org.eclipse.jetty.server.HttpConnection - HttpConnection@6650abe0::DecryptedEndPoint@1a765e2d{l=/127.0.0.1:33719,r=/127.0.0.1:51192,OPEN,fill=-,flush=-,to=13/30000} parsed false HttpParser{s=START,0 of -1}
01:46:23.448 [qtp399373008-60] DEBUG org.eclipse.jetty.server.HttpConnection - releaseRequestBuffer HttpConnection@6650abe0::DecryptedEndPoint@1a765e2d{l=/127.0.0.1:33719,r=/127.0.0.1:51192,OPEN,fill=-,flush=-,to=13/30000}
01:46:23.448 [qtp399373008-60] DEBUG org.eclipse.jetty.io.AbstractConnection - fillInterested HttpConnection@6650abe0::DecryptedEndPoint@1a765e2d{l=/127.0.0.1:33719,r=/127.0.0.1:51192,OPEN,fill=-,flush=-,to=13/30000}
01:46:23.448 [qtp399373008-60] DEBUG org.eclipse.jetty.io.FillInterest - interested FillInterest@621e3101{AC.ReadCB@6650abe0{HttpConnection@6650abe0::DecryptedEndPoint@1a765e2d{l=/127.0.0.1:33719,r=/127.0.0.1:51192,OPEN,fill=FI,flush=-,to=0/30000}}}
01:46:23.448 [qtp399373008-60] DEBUG org.eclipse.jetty.io.ssl.SslConnection - >needFillInterest s=IDLE/IDLE uf=true ei=null di=null SslConnection@295d3154::SocketChannelEndPoint@437dd2a4{l=/127.0.0.1:33719,r=/127.0.0.1:51192,OPEN,fill=-,flush=-,to=0/30000}{io=0/0,kio=0,kro=1}->SslConnection@295d3154{NEED_UNWRAP,eio=-1/-1,di=-1,fill=IDLE,flush=IDLE}~>DecryptedEndPoint@1a765e2d{l=/127.0.0.1:33719,r=/127.0.0.1:51192,OPEN,fill=FI,flush=-,to=0/30000}=>HttpConnection@6650abe0[p=HttpParser{s=START,0 of -1},g=HttpGenerator@1729564{s=START}]=>HttpChannelOverHttp@62d006ad{s=HttpChannelState@3733529d{s=IDLE rs=BLOCKING os=OPEN is=IDLE awp=false se=false i=true al=0},r=0,c=false/false,a=IDLE,uri=null,age=0}
01:46:23.448 [qtp399373008-60] DEBUG org.eclipse.jetty.io.ssl.SslConnection - <needFillInterest s=IDLE/INTERESTED f=false i=true w=null
01:46:23.448 [qtp399373008-60] DEBUG org.eclipse.jetty.io.ssl.SslConnection - ensureFillInterested SslConnection@295d3154::SocketChannelEndPoint@437dd2a4{l=/127.0.0.1:33719,r=/127.0.0.1:51192,OPEN,fill=-,flush=-,to=1/30000}{io=0/0,kio=0,kro=1}->SslConnection@295d3154{NEED_UNWRAP,eio=-1/-1,di=-1,fill=INTERESTED,flush=IDLE}~>DecryptedEndPoint@1a765e2d{l=/127.0.0.1:33719,r=/127.0.0.1:51192,OPEN,fill=FI,flush=-,to=0/30000}=>HttpConnection@6650abe0[p=HttpParser{s=START,0 of -1},g=HttpGenerator@1729564{s=START}]=>HttpChannelOverHttp@62d006ad{s=HttpChannelState@3733529d{s=IDLE rs=BLOCKING os=OPEN is=IDLE awp=false se=false i=true al=0},r=0,c=false/false,a=IDLE,uri=null,age=0}
01:46:23.448 [qtp399373008-60] DEBUG org.eclipse.jetty.io.FillInterest - interested FillInterest@5f1379df{SSLC.NBReadCB@295d3154{SslConnection@295d3154::SocketChannelEndPoint@437dd2a4{l=/127.0.0.1:33719,r=/127.0.0.1:51192,OPEN,fill=FI,flush=-,to=0/30000}{io=0/0,kio=0,kro=1}->SslConnection@295d3154{NEED_UNWRAP,eio=-1/-1,di=-1,fill=INTERESTED,flush=IDLE}~>DecryptedEndPoint@1a765e2d{l=/127.0.0.1:33719,r=/127.0.0.1:51192,OPEN,fill=FI,flush=-,to=0/30000}=>HttpConnection@6650abe0[p=HttpParser{s=START,0 of -1},g=HttpGenerator@1729564{s=START}]=>HttpChannelOverHttp@62d006ad{s=HttpChannelState@3733529d{s=IDLE rs=BLOCKING os=OPEN is=IDLE awp=false se=false i=true al=0},r=0,c=false/false,a=IDLE,uri=null,age=0}}}
01:46:23.448 [qtp399373008-60] DEBUG org.eclipse.jetty.io.ChannelEndPoint - changeInterests p=false 0->1 for SocketChannelEndPoint@437dd2a4{l=/127.0.0.1:33719,r=/127.0.0.1:51192,OPEN,fill=FI,flush=-,to=0/30000}{io=0/1,kio=0,kro=1}->SslConnection@295d3154{NEED_UNWRAP,eio=-1/-1,di=-1,fill=INTERESTED,flush=IDLE}~>DecryptedEndPoint@1a765e2d{l=/127.0.0.1:33719,r=/127.0.0.1:51192,OPEN,fill=FI,flush=-,to=0/30000}=>HttpConnection@6650abe0[p=HttpParser{s=START,0 of -1},g=HttpGenerator@1729564{s=START}]=>HttpChannelOverHttp@62d006ad{s=HttpChannelState@3733529d{s=IDLE rs=BLOCKING os=OPEN is=IDLE awp=false se=false i=true al=0},r=0,c=false/false,a=IDLE,uri=null,age=0}
01:46:23.448 [qtp399373008-60] DEBUG org.eclipse.jetty.io.ManagedSelector - Queued change lazy=false org.eclipse.jetty.io.ChannelEndPoint$$Lambda$255/981852870@1f8434f8 on ManagedSelector@5733f295{STARTED} id=1 keys=2 selected=0 updates=0
01:46:23.448 [qtp399373008-60] DEBUG org.eclipse.jetty.io.ManagedSelector - Wakeup on submit ManagedSelector@5733f295{STARTED} id=1 keys=2 selected=0 updates=1
01:46:23.448 [qtp399373008-60] DEBUG org.eclipse.jetty.server.HttpConnection - HttpConnection@6650abe0::DecryptedEndPoint@1a765e2d{l=/127.0.0.1:33719,r=/127.0.0.1:51192,OPEN,fill=FI,flush=-,to=0/30000} onFillable exit HttpChannelState@3733529d{s=IDLE rs=BLOCKING os=OPEN is=IDLE awp=false se=false i=true al=0} null
01:46:23.448 [qtp399373008-57] DEBUG org.eclipse.jetty.io.ManagedSelector - Selector sun.nio.ch.EPollSelectorImpl@60af7bcf woken with none selected
01:46:23.448 [qtp399373008-57] DEBUG org.eclipse.jetty.io.ManagedSelector - Selector sun.nio.ch.EPollSelectorImpl@60af7bcf woken up from select, 0/0/2 selected
01:46:23.448 [qtp399373008-57] DEBUG org.eclipse.jetty.io.ManagedSelector - Selector sun.nio.ch.EPollSelectorImpl@60af7bcf processing 0 keys, 1 updates
01:46:23.448 [qtp399373008-57] DEBUG org.eclipse.jetty.io.ManagedSelector - updateable 1
01:46:23.448 [qtp399373008-60] DEBUG org.eclipse.jetty.io.ssl.SslConnection - <c.onFillable SslConnection@295d3154::SocketChannelEndPoint@437dd2a4{l=/127.0.0.1:33719,r=/127.0.0.1:51192,OPEN,fill=FI,flush=-,to=0/30000}{io=0/1,kio=0,kro=1}->SslConnection@295d3154{NEED_UNWRAP,eio=-1/-1,di=-1,fill=INTERESTED,flush=IDLE}~>DecryptedEndPoint@1a765e2d{l=/127.0.0.1:33719,r=/127.0.0.1:51192,OPEN,fill=FI,flush=-,to=0/30000}=>HttpConnection@6650abe0[p=HttpParser{s=START,0 of -1},g=HttpGenerator@1729564{s=START}]=>HttpChannelOverHttp@62d006ad{s=HttpChannelState@3733529d{s=IDLE rs=BLOCKING os=OPEN is=IDLE awp=false se=false i=true al=0},r=0,c=false/false,a=IDLE,uri=null,age=0}
01:46:23.448 [qtp399373008-57] DEBUG org.eclipse.jetty.io.ManagedSelector - update org.eclipse.jetty.io.ChannelEndPoint$$Lambda$255/981852870@1f8434f8
01:46:23.449 [qtp399373008-60] DEBUG org.eclipse.jetty.util.thread.ReservedThreadExecutor - ReservedThread@2f559391{RUNNING,thread=Thread[qtp399373008-60,5,main]} was=RUNNING next=RESERVED size=0+2 capacity=8
01:46:23.449 [qtp399373008-60] DEBUG org.eclipse.jetty.util.thread.ReservedThreadExecutor - ReservedThread@2f559391{RESERVED,thread=Thread[qtp399373008-60,5,main]} waiting ReservedThreadExecutor@424fd310{reserved=2/8,pending=0}
01:46:23.450 [qtp399373008-57] DEBUG org.eclipse.jetty.io.ChannelEndPoint - Key interests updated 0 -> 1 on SocketChannelEndPoint@437dd2a4{l=/127.0.0.1:33719,r=/127.0.0.1:51192,OPEN,fill=FI,flush=-,to=0/30000}{io=1/1,kio=1,kro=1}->SslConnection@295d3154{NEED_UNWRAP,eio=-1/-1,di=-1,fill=INTERESTED,flush=IDLE}~>DecryptedEndPoint@1a765e2d{l=/127.0.0.1:33719,r=/127.0.0.1:51192,OPEN,fill=FI,flush=-,to=1/30000}=>HttpConnection@6650abe0[p=HttpParser{s=START,0 of -1},g=HttpGenerator@1729564{s=START}]=>HttpChannelOverHttp@62d006ad{s=HttpChannelState@3733529d{s=IDLE rs=BLOCKING os=OPEN is=IDLE awp=false se=false i=true al=0},r=0,c=false/false,a=IDLE,uri=null,age=0}
01:46:23.450 [qtp399373008-57] DEBUG org.eclipse.jetty.io.ManagedSelector - updates 0
01:46:23.450 [qtp399373008-57] DEBUG org.eclipse.jetty.io.ManagedSelector - Selector sun.nio.ch.EPollSelectorImpl@60af7bcf waiting with 2 keys
01:46:23.451 [qtp399373008-57] DEBUG org.eclipse.jetty.io.ManagedSelector - Selector sun.nio.ch.EPollSelectorImpl@60af7bcf woken up from select, 1/1/2 selected
01:46:23.451 [qtp399373008-57] DEBUG org.eclipse.jetty.io.ManagedSelector - Selector sun.nio.ch.EPollSelectorImpl@60af7bcf processing 1 keys, 0 updates
01:46:23.451 [qtp399373008-57] DEBUG org.eclipse.jetty.io.ManagedSelector - selected 1 sun.nio.ch.SelectionKeyImpl@38fa0b99 SocketChannelEndPoint@437dd2a4{l=/127.0.0.1:33719,r=/127.0.0.1:51192,OPEN,fill=FI,flush=-,to=2/30000}{io=1/1,kio=1,kro=1}->SslConnection@295d3154{NEED_UNWRAP,eio=-1/-1,di=-1,fill=INTERESTED,flush=IDLE}~>DecryptedEndPoint@1a765e2d{l=/127.0.0.1:33719,r=/127.0.0.1:51192,OPEN,fill=FI,flush=-,to=3/30000}=>HttpConnection@6650abe0[p=HttpParser{s=START,0 of -1},g=HttpGenerator@1729564{s=START}]=>HttpChannelOverHttp@62d006ad{s=HttpChannelState@3733529d{s=IDLE rs=BLOCKING os=OPEN is=IDLE awp=false se=false i=true al=0},r=0,c=false/false,a=IDLE,uri=null,age=0} 
01:46:23.451 [qtp399373008-57] DEBUG org.eclipse.jetty.io.ChannelEndPoint - onSelected 1->0 r=true w=false for SocketChannelEndPoint@437dd2a4{l=/127.0.0.1:33719,r=/127.0.0.1:51192,OPEN,fill=FI,flush=-,to=2/30000}{io=1/0,kio=1,kro=1}->SslConnection@295d3154{NEED_UNWRAP,eio=-1/-1,di=-1,fill=INTERESTED,flush=IDLE}~>DecryptedEndPoint@1a765e2d{l=/127.0.0.1:33719,r=/127.0.0.1:51192,OPEN,fill=FI,flush=-,to=3/30000}=>HttpConnection@6650abe0[p=HttpParser{s=START,0 of -1},g=HttpGenerator@1729564{s=START}]=>HttpChannelOverHttp@62d006ad{s=HttpChannelState@3733529d{s=IDLE rs=BLOCKING os=OPEN is=IDLE awp=false se=false i=true al=0},r=0,c=false/false,a=IDLE,uri=null,age=0}
01:46:23.451 [qtp399373008-57] DEBUG org.eclipse.jetty.io.ChannelEndPoint - task CEP:SocketChannelEndPoint@437dd2a4{l=/127.0.0.1:33719,r=/127.0.0.1:51192,OPEN,fill=FI,flush=-,to=3/30000}{io=1/0,kio=1,kro=1}->SslConnection@295d3154{NEED_UNWRAP,eio=-1/-1,di=-1,fill=INTERESTED,flush=IDLE}~>DecryptedEndPoint@1a765e2d{l=/127.0.0.1:33719,r=/127.0.0.1:51192,OPEN,fill=FI,flush=-,to=3/30000}=>HttpConnection@6650abe0[p=HttpParser{s=START,0 of -1},g=HttpGenerator@1729564{s=START}]=>HttpChannelOverHttp@62d006ad{s=HttpChannelState@3733529d{s=IDLE rs=BLOCKING os=OPEN is=IDLE awp=false se=false i=true al=0},r=0,c=false/false,a=IDLE,uri=null,age=0}:runFillable:BLOCKING
01:46:23.451 [qtp399373008-57] DEBUG org.eclipse.jetty.util.thread.ReservedThreadExecutor - ReservedThreadExecutor@424fd310{reserved=2/8,pending=0} tryExecute EatWhatYouKill@b7838a9/SelectorProducer@696f0212/PRODUCING/p=false/QueuedThreadPool[qtp399373008]@17cdf2d0{STARTED,8<=8<=200,i=1,r=-1,q=0}[ReservedThreadExecutor@424fd310{reserved=2/8,pending=0}][pc=0,pic=0,pec=1,epc=3]@2024-05-02T01:46:23.451+01:00
01:46:23.452 [qtp399373008-60] DEBUG org.eclipse.jetty.util.thread.ReservedThreadExecutor - ReservedThread@2f559391{RESERVED,thread=Thread[qtp399373008-60,5,main]} task=EatWhatYouKill@b7838a9/SelectorProducer@696f0212/IDLE/p=true/QueuedThreadPool[qtp399373008]@17cdf2d0{STARTED,8<=8<=200,i=1,r=-1,q=0}[ReservedThreadExecutor@424fd310{reserved=1/8,pending=0}][pc=0,pic=0,pec=1,epc=3]@2024-05-02T01:46:23.452+01:00 ReservedThreadExecutor@424fd310{reserved=1/8,pending=0}
01:46:23.452 [qtp399373008-57] DEBUG org.eclipse.jetty.util.thread.strategy.EatWhatYouKill - EatWhatYouKill@b7838a9/SelectorProducer@696f0212/IDLE/p=true/QueuedThreadPool[qtp399373008]@17cdf2d0{STARTED,8<=8<=200,i=1,r=-1,q=0}[ReservedThreadExecutor@424fd310{reserved=1/8,pending=0}][pc=0,pic=0,pec=1,epc=3]@2024-05-02T01:46:23.452+01:00 m=EXECUTE_PRODUCE_CONSUME t=CEP:SocketChannelEndPoint@437dd2a4{l=/127.0.0.1:33719,r=/127.0.0.1:51192,OPEN,fill=FI,flush=-,to=3/30000}{io=1/0,kio=1,kro=1}->SslConnection@295d3154{NEED_UNWRAP,eio=-1/-1,di=-1,fill=INTERESTED,flush=IDLE}~>DecryptedEndPoint@1a765e2d{l=/127.0.0.1:33719,r=/127.0.0.1:51192,OPEN,fill=FI,flush=-,to=3/30000}=>HttpConnection@6650abe0[p=HttpParser{s=START,0 of -1},g=HttpGenerator@1729564{s=START}]=>HttpChannelOverHttp@62d006ad{s=HttpChannelState@3733529d{s=IDLE rs=BLOCKING os=OPEN is=IDLE awp=false se=false i=true al=0},r=0,c=false/false,a=IDLE,uri=null,age=0}:runFillable:BLOCKING/BLOCKING
01:46:23.452 [qtp399373008-60] DEBUG org.eclipse.jetty.util.thread.strategy.EatWhatYouKill - EatWhatYouKill@b7838a9/SelectorProducer@696f0212/IDLE/p=true/QueuedThreadPool[qtp399373008]@17cdf2d0{STARTED,8<=8<=200,i=1,r=-1,q=0}[ReservedThreadExecutor@424fd310{reserved=1/8,pending=0}][pc=0,pic=0,pec=1,epc=3]@2024-05-02T01:46:23.452+01:00 tryProduce true
01:46:23.452 [qtp399373008-60] DEBUG org.eclipse.jetty.io.ManagedSelector - updateable 0
01:46:23.452 [qtp399373008-60] DEBUG org.eclipse.jetty.io.ManagedSelector - updates 0
01:46:23.452 [qtp399373008-57] DEBUG org.eclipse.jetty.io.FillInterest - fillable FillInterest@5f1379df{SSLC.NBReadCB@295d3154{SslConnection@295d3154::SocketChannelEndPoint@437dd2a4{l=/127.0.0.1:33719,r=/127.0.0.1:51192,OPEN,fill=FI,flush=-,to=3/30000}{io=1/0,kio=1,kro=1}->SslConnection@295d3154{NEED_UNWRAP,eio=-1/-1,di=-1,fill=INTERESTED,flush=IDLE}~>DecryptedEndPoint@1a765e2d{l=/127.0.0.1:33719,r=/127.0.0.1:51192,OPEN,fill=FI,flush=-,to=3/30000}=>HttpConnection@6650abe0[p=HttpParser{s=START,0 of -1},g=HttpGenerator@1729564{s=START}]=>HttpChannelOverHttp@62d006ad{s=HttpChannelState@3733529d{s=IDLE rs=BLOCKING os=OPEN is=IDLE awp=false se=false i=true al=0},r=0,c=false/false,a=IDLE,uri=null,age=0}}}
01:46:23.452 [qtp399373008-60] DEBUG org.eclipse.jetty.io.ChannelEndPoint - Key interests updated 1 -> 0 on SocketChannelEndPoint@437dd2a4{l=/127.0.0.1:33719,r=/127.0.0.1:51192,OPEN,fill=FI,flush=-,to=3/30000}{io=0/0,kio=0,kro=1}->SslConnection@295d3154{NEED_UNWRAP,eio=-1/-1,di=-1,fill=INTERESTED,flush=IDLE}~>DecryptedEndPoint@1a765e2d{l=/127.0.0.1:33719,r=/127.0.0.1:51192,OPEN,fill=FI,flush=-,to=4/30000}=>HttpConnection@6650abe0[p=HttpParser{s=START,0 of -1},g=HttpGenerator@1729564{s=START}]=>HttpChannelOverHttp@62d006ad{s=HttpChannelState@3733529d{s=IDLE rs=BLOCKING os=OPEN is=IDLE awp=false se=false i=true al=0},r=0,c=false/false,a=IDLE,uri=null,age=0}
01:46:23.452 [qtp399373008-57] DEBUG org.eclipse.jetty.io.ssl.SslConnection - >c.onFillable SslConnection@295d3154::SocketChannelEndPoint@437dd2a4{l=/127.0.0.1:33719,r=/127.0.0.1:51192,OPEN,fill=-,flush=-,to=3/30000}{io=0/0,kio=0,kro=1}->SslConnection@295d3154{NEED_UNWRAP,eio=-1/-1,di=-1,fill=INTERESTED,flush=IDLE}~>DecryptedEndPoint@1a765e2d{l=/127.0.0.1:33719,r=/127.0.0.1:51192,OPEN,fill=FI,flush=-,to=4/30000}=>HttpConnection@6650abe0[p=HttpParser{s=START,0 of -1},g=HttpGenerator@1729564{s=START}]=>HttpChannelOverHttp@62d006ad{s=HttpChannelState@3733529d{s=IDLE rs=BLOCKING os=OPEN is=IDLE awp=false se=false i=true al=0},r=0,c=false/false,a=IDLE,uri=null,age=0}
01:46:23.452 [qtp399373008-60] DEBUG org.eclipse.jetty.io.ManagedSelector - Selector sun.nio.ch.EPollSelectorImpl@60af7bcf waiting with 2 keys
01:46:23.452 [qtp399373008-57] DEBUG org.eclipse.jetty.io.ssl.SslConnection - onFillable SslConnection@295d3154::SocketChannelEndPoint@437dd2a4{l=/127.0.0.1:33719,r=/127.0.0.1:51192,OPEN,fill=-,flush=-,to=3/30000}{io=0/0,kio=0,kro=1}->SslConnection@295d3154{NEED_UNWRAP,eio=-1/-1,di=-1,fill=INTERESTED,flush=IDLE}~>DecryptedEndPoint@1a765e2d{l=/127.0.0.1:33719,r=/127.0.0.1:51192,OPEN,fill=FI,flush=-,to=4/30000}=>HttpConnection@6650abe0[p=HttpParser{s=START,0 of -1},g=HttpGenerator@1729564{s=START}]=>HttpChannelOverHttp@62d006ad{s=HttpChannelState@3733529d{s=IDLE rs=BLOCKING os=OPEN is=IDLE awp=false se=false i=true al=0},r=0,c=false/false,a=IDLE,uri=null,age=0}
01:46:23.452 [qtp399373008-57] DEBUG org.eclipse.jetty.io.FillInterest - fillable FillInterest@621e3101{AC.ReadCB@6650abe0{HttpConnection@6650abe0::DecryptedEndPoint@1a765e2d{l=/127.0.0.1:33719,r=/127.0.0.1:51192,OPEN,fill=FI,flush=-,to=4/30000}}}
01:46:23.452 [qtp399373008-57] DEBUG org.eclipse.jetty.server.HttpConnection - HttpConnection@6650abe0::DecryptedEndPoint@1a765e2d{l=/127.0.0.1:33719,r=/127.0.0.1:51192,OPEN,fill=-,flush=-,to=4/30000} onFillable enter HttpChannelState@3733529d{s=IDLE rs=BLOCKING os=OPEN is=IDLE awp=false se=false i=true al=0} null
01:46:23.452 [qtp399373008-57] DEBUG org.eclipse.jetty.io.ssl.SslConnection - >fill SslConnection@295d3154::SocketChannelEndPoint@437dd2a4{l=/127.0.0.1:33719,r=/127.0.0.1:51192,OPEN,fill=-,flush=-,to=3/30000}{io=0/0,kio=0,kro=1}->SslConnection@295d3154{NEED_UNWRAP,eio=-1/-1,di=-1,fill=IDLE,flush=IDLE}~>DecryptedEndPoint@1a765e2d{l=/127.0.0.1:33719,r=/127.0.0.1:51192,OPEN,fill=-,flush=-,to=4/30000}=>HttpConnection@6650abe0[p=HttpParser{s=START,0 of -1},g=HttpGenerator@1729564{s=START}]=>HttpChannelOverHttp@62d006ad{s=HttpChannelState@3733529d{s=IDLE rs=BLOCKING os=OPEN is=IDLE awp=false se=false i=true al=0},r=0,c=false/false,a=IDLE,uri=null,age=0}
01:46:23.452 [qtp399373008-57] DEBUG org.eclipse.jetty.io.ssl.SslConnection - fill NEED_UNWRAP
01:46:23.453 [qtp399373008-57] DEBUG org.eclipse.jetty.io.ChannelEndPoint - filled 6 HeapByteBuffer@2f3b09c3[p=0,l=6,c=17408,r=6]={<<<\x14\x03\x03\x00\x01\x01>>>T\xD8\xF6\xB1\xA9\x05\xB3u\x1e...\x00\x00\x00\x00\x00\x00\x00}
01:46:23.453 [qtp399373008-57] DEBUG org.eclipse.jetty.io.ssl.SslConnection - net filled=6
01:46:23.453 [qtp399373008-57] DEBUG org.eclipse.jetty.io.ssl.SslConnection - unwrap net_filled=6 Status = OK HandshakeStatus = NEED_UNWRAP bytesConsumed = 6 bytesProduced = 0 encryptedBuffer=[p=6,l=6,c=17408,r=0] unwrapBuffer=HeapByteBuffer@25c362b3[p=0,l=0,c=17408,r=0]={<<<>>>\x16\x03\x03\x01N\x01\x00\x01J...\x00\x00\x00\x00\x00\x00\x00} appBuffer=HeapByteBuffer@25c362b3[p=0,l=0,c=17408,r=0]={<<<>>>\x16\x03\x03\x01N\x01\x00\x01J...\x00\x00\x00\x00\x00\x00\x00}
01:46:23.453 [qtp399373008-57] DEBUG org.eclipse.jetty.io.ssl.SslConnection - fill NEED_UNWRAP
01:46:23.453 [qtp399373008-57] DEBUG org.eclipse.jetty.io.ChannelEndPoint - filled 0 HeapByteBuffer@2f3b09c3[p=0,l=0,c=17408,r=0]={<<<>>>\x14\x03\x03\x00\x01\x01T\xD8\xF6...\x00\x00\x00\x00\x00\x00\x00}
01:46:23.453 [qtp399373008-57] DEBUG org.eclipse.jetty.io.ssl.SslConnection - net filled=0
01:46:23.453 [qtp399373008-57] DEBUG org.eclipse.jetty.io.ssl.SslConnection - unwrap net_filled=0 Status = BUFFER_UNDERFLOW HandshakeStatus = NEED_UNWRAP bytesConsumed = 0 bytesProduced = 0 encryptedBuffer=[p=0,l=0,c=17408,r=0] unwrapBuffer=HeapByteBuffer@25c362b3[p=0,l=0,c=17408,r=0]={<<<>>>\x16\x03\x03\x01N\x01\x00\x01J...\x00\x00\x00\x00\x00\x00\x00} appBuffer=HeapByteBuffer@25c362b3[p=0,l=0,c=17408,r=0]={<<<>>>\x16\x03\x03\x01N\x01\x00\x01J...\x00\x00\x00\x00\x00\x00\x00}
01:46:23.453 [qtp399373008-57] DEBUG org.eclipse.jetty.io.ssl.SslConnection - <fill f=0 uf=true SslConnection@295d3154::SocketChannelEndPoint@437dd2a4{l=/127.0.0.1:33719,r=/127.0.0.1:51192,OPEN,fill=-,flush=-,to=0/30000}{io=0/0,kio=0,kro=1}->SslConnection@295d3154{NEED_UNWRAP,eio=-1/-1,di=-1,fill=IDLE,flush=IDLE}~>DecryptedEndPoint@1a765e2d{l=/127.0.0.1:33719,r=/127.0.0.1:51192,OPEN,fill=-,flush=-,to=5/30000}=>HttpConnection@6650abe0[p=HttpParser{s=START,0 of -1},g=HttpGenerator@1729564{s=START}]=>HttpChannelOverHttp@62d006ad{s=HttpChannelState@3733529d{s=IDLE rs=BLOCKING os=OPEN is=IDLE awp=false se=false i=true al=0},r=0,c=false/false,a=IDLE,uri=null,age=0}
01:46:23.453 [qtp399373008-57] DEBUG org.eclipse.jetty.io.ssl.SslConnection - >fill SslConnection@295d3154::SocketChannelEndPoint@437dd2a4{l=/127.0.0.1:33719,r=/127.0.0.1:51192,OPEN,fill=-,flush=-,to=0/30000}{io=0/0,kio=0,kro=1}->SslConnection@295d3154{NEED_UNWRAP,eio=-1/-1,di=-1,fill=IDLE,flush=IDLE}~>DecryptedEndPoint@1a765e2d{l=/127.0.0.1:33719,r=/127.0.0.1:51192,OPEN,fill=-,flush=-,to=5/30000}=>HttpConnection@6650abe0[p=HttpParser{s=START,0 of -1},g=HttpGenerator@1729564{s=START}]=>HttpChannelOverHttp@62d006ad{s=HttpChannelState@3733529d{s=IDLE rs=BLOCKING os=OPEN is=IDLE awp=false se=false i=true al=0},r=0,c=false/false,a=IDLE,uri=null,age=0}
01:46:23.453 [qtp399373008-57] DEBUG org.eclipse.jetty.io.ssl.SslConnection - fill NEED_UNWRAP
01:46:23.453 [qtp399373008-57] DEBUG org.eclipse.jetty.io.ChannelEndPoint - filled 0 HeapByteBuffer@21fcf254[p=0,l=0,c=17408,r=0]={<<<>>>\x17\x03\x03\x03\xAd\x0b\x00\x03\x88...\x00\x00\x00\x00\x00\x00\x00}
01:46:23.453 [qtp399373008-57] DEBUG org.eclipse.jetty.io.ssl.SslConnection - net filled=0
01:46:23.453 [qtp399373008-57] DEBUG org.eclipse.jetty.io.ssl.SslConnection - unwrap net_filled=0 Status = BUFFER_UNDERFLOW HandshakeStatus = NEED_UNWRAP bytesConsumed = 0 bytesProduced = 0 encryptedBuffer=[p=0,l=0,c=17408,r=0] unwrapBuffer=HeapByteBuffer@25c362b3[p=0,l=0,c=17408,r=0]={<<<>>>\x16\x03\x03\x01N\x01\x00\x01J...\x00\x00\x00\x00\x00\x00\x00} appBuffer=HeapByteBuffer@25c362b3[p=0,l=0,c=17408,r=0]={<<<>>>\x16\x03\x03\x01N\x01\x00\x01J...\x00\x00\x00\x00\x00\x00\x00}
01:46:23.453 [qtp399373008-57] DEBUG org.eclipse.jetty.io.ssl.SslConnection - <fill f=0 uf=true SslConnection@295d3154::SocketChannelEndPoint@437dd2a4{l=/127.0.0.1:33719,r=/127.0.0.1:51192,OPEN,fill=-,flush=-,to=0/30000}{io=0/0,kio=0,kro=1}->SslConnection@295d3154{NEED_UNWRAP,eio=-1/-1,di=-1,fill=IDLE,flush=IDLE}~>DecryptedEndPoint@1a765e2d{l=/127.0.0.1:33719,r=/127.0.0.1:51192,OPEN,fill=-,flush=-,to=5/30000}=>HttpConnection@6650abe0[p=HttpParser{s=START,0 of -1},g=HttpGenerator@1729564{s=START}]=>HttpChannelOverHttp@62d006ad{s=HttpChannelState@3733529d{s=IDLE rs=BLOCKING os=OPEN is=IDLE awp=false se=false i=true al=0},r=0,c=false/false,a=IDLE,uri=null,age=0}
01:46:23.453 [qtp399373008-57] DEBUG org.eclipse.jetty.server.HttpConnection - HttpConnection@6650abe0::DecryptedEndPoint@1a765e2d{l=/127.0.0.1:33719,r=/127.0.0.1:51192,OPEN,fill=-,flush=-,to=5/30000} filled 0 HeapByteBuffer@25c362b3[p=0,l=0,c=17408,r=0]={<<<>>>\x16\x03\x03\x01N\x01\x00\x01J...\x00\x00\x00\x00\x00\x00\x00}
01:46:23.453 [qtp399373008-57] DEBUG org.eclipse.jetty.server.HttpConnection - HttpConnection@6650abe0::DecryptedEndPoint@1a765e2d{l=/127.0.0.1:33719,r=/127.0.0.1:51192,OPEN,fill=-,flush=-,to=5/30000} parse HeapByteBuffer@25c362b3[p=0,l=0,c=17408,r=0]={<<<>>>\x16\x03\x03\x01N\x01\x00\x01J...\x00\x00\x00\x00\x00\x00\x00} {}
01:46:23.453 [qtp399373008-57] DEBUG org.eclipse.jetty.http.HttpParser - parseNext s=START HeapByteBuffer@25c362b3[p=0,l=0,c=17408,r=0]={<<<>>>\x16\x03\x03\x01N\x01\x00\x01J...\x00\x00\x00\x00\x00\x00\x00}
01:46:23.453 [qtp399373008-57] DEBUG org.eclipse.jetty.server.HttpConnection - HttpConnection@6650abe0::DecryptedEndPoint@1a765e2d{l=/127.0.0.1:33719,r=/127.0.0.1:51192,OPEN,fill=-,flush=-,to=5/30000} parsed false HttpParser{s=START,0 of -1}
01:46:23.453 [qtp399373008-57] DEBUG org.eclipse.jetty.server.HttpConnection - releaseRequestBuffer HttpConnection@6650abe0::DecryptedEndPoint@1a765e2d{l=/127.0.0.1:33719,r=/127.0.0.1:51192,OPEN,fill=-,flush=-,to=5/30000}
01:46:23.454 [qtp399373008-57] DEBUG org.eclipse.jetty.io.AbstractConnection - fillInterested HttpConnection@6650abe0::DecryptedEndPoint@1a765e2d{l=/127.0.0.1:33719,r=/127.0.0.1:51192,OPEN,fill=-,flush=-,to=5/30000}
01:46:23.454 [qtp399373008-57] DEBUG org.eclipse.jetty.io.FillInterest - interested FillInterest@621e3101{AC.ReadCB@6650abe0{HttpConnection@6650abe0::DecryptedEndPoint@1a765e2d{l=/127.0.0.1:33719,r=/127.0.0.1:51192,OPEN,fill=FI,flush=-,to=0/30000}}}
01:46:23.454 [qtp399373008-57] DEBUG org.eclipse.jetty.io.ssl.SslConnection - >needFillInterest s=IDLE/IDLE uf=true ei=null di=null SslConnection@295d3154::SocketChannelEndPoint@437dd2a4{l=/127.0.0.1:33719,r=/127.0.0.1:51192,OPEN,fill=-,flush=-,to=0/30000}{io=0/0,kio=0,kro=1}->SslConnection@295d3154{NEED_UNWRAP,eio=-1/-1,di=-1,fill=IDLE,flush=IDLE}~>DecryptedEndPoint@1a765e2d{l=/127.0.0.1:33719,r=/127.0.0.1:51192,OPEN,fill=FI,flush=-,to=0/30000}=>HttpConnection@6650abe0[p=HttpParser{s=START,0 of -1},g=HttpGenerator@1729564{s=START}]=>HttpChannelOverHttp@62d006ad{s=HttpChannelState@3733529d{s=IDLE rs=BLOCKING os=OPEN is=IDLE awp=false se=false i=true al=0},r=0,c=false/false,a=IDLE,uri=null,age=0}
01:46:23.454 [qtp399373008-57] DEBUG org.eclipse.jetty.io.ssl.SslConnection - <needFillInterest s=IDLE/INTERESTED f=false i=true w=null
01:46:23.454 [qtp399373008-57] DEBUG org.eclipse.jetty.io.ssl.SslConnection - ensureFillInterested SslConnection@295d3154::SocketChannelEndPoint@437dd2a4{l=/127.0.0.1:33719,r=/127.0.0.1:51192,OPEN,fill=-,flush=-,to=0/30000}{io=0/0,kio=0,kro=1}->SslConnection@295d3154{NEED_UNWRAP,eio=-1/-1,di=-1,fill=INTERESTED,flush=IDLE}~>DecryptedEndPoint@1a765e2d{l=/127.0.0.1:33719,r=/127.0.0.1:51192,OPEN,fill=FI,flush=-,to=0/30000}=>HttpConnection@6650abe0[p=HttpParser{s=START,0 of -1},g=HttpGenerator@1729564{s=START}]=>HttpChannelOverHttp@62d006ad{s=HttpChannelState@3733529d{s=IDLE rs=BLOCKING os=OPEN is=IDLE awp=false se=false i=true al=0},r=0,c=false/false,a=IDLE,uri=null,age=0}
01:46:23.454 [qtp399373008-57] DEBUG org.eclipse.jetty.io.FillInterest - interested FillInterest@5f1379df{SSLC.NBReadCB@295d3154{SslConnection@295d3154::SocketChannelEndPoint@437dd2a4{l=/127.0.0.1:33719,r=/127.0.0.1:51192,OPEN,fill=FI,flush=-,to=0/30000}{io=0/0,kio=0,kro=1}->SslConnection@295d3154{NEED_UNWRAP,eio=-1/-1,di=-1,fill=INTERESTED,flush=IDLE}~>DecryptedEndPoint@1a765e2d{l=/127.0.0.1:33719,r=/127.0.0.1:51192,OPEN,fill=FI,flush=-,to=0/30000}=>HttpConnection@6650abe0[p=HttpParser{s=START,0 of -1},g=HttpGenerator@1729564{s=START}]=>HttpChannelOverHttp@62d006ad{s=HttpChannelState@3733529d{s=IDLE rs=BLOCKING os=OPEN is=IDLE awp=false se=false i=true al=0},r=0,c=false/false,a=IDLE,uri=null,age=0}}}
01:46:23.454 [qtp399373008-57] DEBUG org.eclipse.jetty.io.ChannelEndPoint - changeInterests p=false 0->1 for SocketChannelEndPoint@437dd2a4{l=/127.0.0.1:33719,r=/127.0.0.1:51192,OPEN,fill=FI,flush=-,to=0/30000}{io=0/1,kio=0,kro=1}->SslConnection@295d3154{NEED_UNWRAP,eio=-1/-1,di=-1,fill=INTERESTED,flush=IDLE}~>DecryptedEndPoint@1a765e2d{l=/127.0.0.1:33719,r=/127.0.0.1:51192,OPEN,fill=FI,flush=-,to=0/30000}=>HttpConnection@6650abe0[p=HttpParser{s=START,0 of -1},g=HttpGenerator@1729564{s=START}]=>HttpChannelOverHttp@62d006ad{s=HttpChannelState@3733529d{s=IDLE rs=BLOCKING os=OPEN is=IDLE awp=false se=false i=true al=0},r=0,c=false/false,a=IDLE,uri=null,age=0}
01:46:23.454 [qtp399373008-57] DEBUG org.eclipse.jetty.io.ManagedSelector - Queued change lazy=false org.eclipse.jetty.io.ChannelEndPoint$$Lambda$255/981852870@1f8434f8 on ManagedSelector@5733f295{STARTED} id=1 keys=2 selected=0 updates=0
01:46:23.454 [qtp399373008-57] DEBUG org.eclipse.jetty.io.ManagedSelector - Wakeup on submit ManagedSelector@5733f295{STARTED} id=1 keys=2 selected=0 updates=1
01:46:23.454 [qtp399373008-57] DEBUG org.eclipse.jetty.server.HttpConnection - HttpConnection@6650abe0::DecryptedEndPoint@1a765e2d{l=/127.0.0.1:33719,r=/127.0.0.1:51192,OPEN,fill=FI,flush=-,to=0/30000} onFillable exit HttpChannelState@3733529d{s=IDLE rs=BLOCKING os=OPEN is=IDLE awp=false se=false i=true al=0} null
01:46:23.454 [qtp399373008-60] DEBUG org.eclipse.jetty.io.ManagedSelector - Selector sun.nio.ch.EPollSelectorImpl@60af7bcf woken with none selected
01:46:23.454 [qtp399373008-60] DEBUG org.eclipse.jetty.io.ManagedSelector - Selector sun.nio.ch.EPollSelectorImpl@60af7bcf woken up from select, 0/0/2 selected
01:46:23.454 [qtp399373008-60] DEBUG org.eclipse.jetty.io.ManagedSelector - Selector sun.nio.ch.EPollSelectorImpl@60af7bcf processing 0 keys, 1 updates
01:46:23.454 [qtp399373008-60] DEBUG org.eclipse.jetty.io.ManagedSelector - updateable 1
01:46:23.454 [qtp399373008-60] DEBUG org.eclipse.jetty.io.ManagedSelector - update org.eclipse.jetty.io.ChannelEndPoint$$Lambda$255/981852870@1f8434f8
01:46:23.454 [qtp399373008-57] DEBUG org.eclipse.jetty.io.ssl.SslConnection - <c.onFillable SslConnection@295d3154::SocketChannelEndPoint@437dd2a4{l=/127.0.0.1:33719,r=/127.0.0.1:51192,OPEN,fill=FI,flush=-,to=0/30000}{io=0/1,kio=0,kro=1}->SslConnection@295d3154{NEED_UNWRAP,eio=-1/-1,di=-1,fill=INTERESTED,flush=IDLE}~>DecryptedEndPoint@1a765e2d{l=/127.0.0.1:33719,r=/127.0.0.1:51192,OPEN,fill=FI,flush=-,to=0/30000}=>HttpConnection@6650abe0[p=HttpParser{s=START,0 of -1},g=HttpGenerator@1729564{s=START}]=>HttpChannelOverHttp@62d006ad{s=HttpChannelState@3733529d{s=IDLE rs=BLOCKING os=OPEN is=IDLE awp=false se=false i=true al=0},r=0,c=false/false,a=IDLE,uri=null,age=0}
01:46:23.454 [qtp399373008-57] DEBUG org.eclipse.jetty.util.thread.ReservedThreadExecutor - ReservedThread@6a04b48e{RUNNING,thread=Thread[qtp399373008-57,5,main]} was=RUNNING next=RESERVED size=0+2 capacity=8
01:46:23.454 [qtp399373008-57] DEBUG org.eclipse.jetty.util.thread.ReservedThreadExecutor - ReservedThread@6a04b48e{RESERVED,thread=Thread[qtp399373008-57,5,main]} waiting ReservedThreadExecutor@424fd310{reserved=2/8,pending=0}
01:46:23.454 [qtp399373008-60] DEBUG org.eclipse.jetty.io.ChannelEndPoint - Key interests updated 0 -> 1 on SocketChannelEndPoint@437dd2a4{l=/127.0.0.1:33719,r=/127.0.0.1:51192,OPEN,fill=FI,flush=-,to=0/30000}{io=1/1,kio=1,kro=1}->SslConnection@295d3154{NEED_UNWRAP,eio=-1/-1,di=-1,fill=INTERESTED,flush=IDLE}~>DecryptedEndPoint@1a765e2d{l=/127.0.0.1:33719,r=/127.0.0.1:51192,OPEN,fill=FI,flush=-,to=0/30000}=>HttpConnection@6650abe0[p=HttpParser{s=START,0 of -1},g=HttpGenerator@1729564{s=START}]=>HttpChannelOverHttp@62d006ad{s=HttpChannelState@3733529d{s=IDLE rs=BLOCKING os=OPEN is=IDLE awp=false se=false i=true al=0},r=0,c=false/false,a=IDLE,uri=null,age=0}
01:46:23.454 [qtp399373008-60] DEBUG org.eclipse.jetty.io.ManagedSelector - updates 0
01:46:23.454 [qtp399373008-60] DEBUG org.eclipse.jetty.io.ManagedSelector - Selector sun.nio.ch.EPollSelectorImpl@60af7bcf waiting with 2 keys
01:46:23.493 [qtp399373008-60] DEBUG org.eclipse.jetty.io.ManagedSelector - Selector sun.nio.ch.EPollSelectorImpl@60af7bcf woken up from select, 1/1/2 selected
01:46:23.493 [qtp399373008-60] DEBUG org.eclipse.jetty.io.ManagedSelector - Selector sun.nio.ch.EPollSelectorImpl@60af7bcf processing 1 keys, 0 updates
01:46:23.493 [qtp399373008-60] DEBUG org.eclipse.jetty.io.ManagedSelector - selected 1 sun.nio.ch.SelectionKeyImpl@38fa0b99 SocketChannelEndPoint@437dd2a4{l=/127.0.0.1:33719,r=/127.0.0.1:51192,OPEN,fill=FI,flush=-,to=39/30000}{io=1/1,kio=1,kro=1}->SslConnection@295d3154{NEED_UNWRAP,eio=-1/-1,di=-1,fill=INTERESTED,flush=IDLE}~>DecryptedEndPoint@1a765e2d{l=/127.0.0.1:33719,r=/127.0.0.1:51192,OPEN,fill=FI,flush=-,to=39/30000}=>HttpConnection@6650abe0[p=HttpParser{s=START,0 of -1},g=HttpGenerator@1729564{s=START}]=>HttpChannelOverHttp@62d006ad{s=HttpChannelState@3733529d{s=IDLE rs=BLOCKING os=OPEN is=IDLE awp=false se=false i=true al=0},r=0,c=false/false,a=IDLE,uri=null,age=0} 
01:46:23.493 [qtp399373008-60] DEBUG org.eclipse.jetty.io.ChannelEndPoint - onSelected 1->0 r=true w=false for SocketChannelEndPoint@437dd2a4{l=/127.0.0.1:33719,r=/127.0.0.1:51192,OPEN,fill=FI,flush=-,to=39/30000}{io=1/0,kio=1,kro=1}->SslConnection@295d3154{NEED_UNWRAP,eio=-1/-1,di=-1,fill=INTERESTED,flush=IDLE}~>DecryptedEndPoint@1a765e2d{l=/127.0.0.1:33719,r=/127.0.0.1:51192,OPEN,fill=FI,flush=-,to=39/30000}=>HttpConnection@6650abe0[p=HttpParser{s=START,0 of -1},g=HttpGenerator@1729564{s=START}]=>HttpChannelOverHttp@62d006ad{s=HttpChannelState@3733529d{s=IDLE rs=BLOCKING os=OPEN is=IDLE awp=false se=false i=true al=0},r=0,c=false/false,a=IDLE,uri=null,age=0}
01:46:23.493 [qtp399373008-60] DEBUG org.eclipse.jetty.io.ChannelEndPoint - task CEP:SocketChannelEndPoint@437dd2a4{l=/127.0.0.1:33719,r=/127.0.0.1:51192,OPEN,fill=FI,flush=-,to=39/30000}{io=1/0,kio=1,kro=1}->SslConnection@295d3154{NEED_UNWRAP,eio=-1/-1,di=-1,fill=INTERESTED,flush=IDLE}~>DecryptedEndPoint@1a765e2d{l=/127.0.0.1:33719,r=/127.0.0.1:51192,OPEN,fill=FI,flush=-,to=39/30000}=>HttpConnection@6650abe0[p=HttpParser{s=START,0 of -1},g=HttpGenerator@1729564{s=START}]=>HttpChannelOverHttp@62d006ad{s=HttpChannelState@3733529d{s=IDLE rs=BLOCKING os=OPEN is=IDLE awp=false se=false i=true al=0},r=0,c=false/false,a=IDLE,uri=null,age=0}:runFillable:BLOCKING
01:46:23.493 [qtp399373008-60] DEBUG org.eclipse.jetty.util.thread.ReservedThreadExecutor - ReservedThreadExecutor@424fd310{reserved=2/8,pending=0} tryExecute EatWhatYouKill@b7838a9/SelectorProducer@696f0212/PRODUCING/p=false/QueuedThreadPool[qtp399373008]@17cdf2d0{STARTED,8<=8<=200,i=1,r=-1,q=0}[ReservedThreadExecutor@424fd310{reserved=2/8,pending=0}][pc=0,pic=0,pec=1,epc=4]@2024-05-02T01:46:23.493+01:00
01:46:23.493 [qtp399373008-60] DEBUG org.eclipse.jetty.util.thread.strategy.EatWhatYouKill - EatWhatYouKill@b7838a9/SelectorProducer@696f0212/IDLE/p=true/QueuedThreadPool[qtp399373008]@17cdf2d0{STARTED,8<=8<=200,i=1,r=-1,q=0}[ReservedThreadExecutor@424fd310{reserved=1/8,pending=0}][pc=0,pic=0,pec=1,epc=4]@2024-05-02T01:46:23.493+01:00 m=EXECUTE_PRODUCE_CONSUME t=CEP:SocketChannelEndPoint@437dd2a4{l=/127.0.0.1:33719,r=/127.0.0.1:51192,OPEN,fill=FI,flush=-,to=39/30000}{io=1/0,kio=1,kro=1}->SslConnection@295d3154{NEED_UNWRAP,eio=-1/-1,di=-1,fill=INTERESTED,flush=IDLE}~>DecryptedEndPoint@1a765e2d{l=/127.0.0.1:33719,r=/127.0.0.1:51192,OPEN,fill=FI,flush=-,to=39/30000}=>HttpConnection@6650abe0[p=HttpParser{s=START,0 of -1},g=HttpGenerator@1729564{s=START}]=>HttpChannelOverHttp@62d006ad{s=HttpChannelState@3733529d{s=IDLE rs=BLOCKING os=OPEN is=IDLE awp=false se=false i=true al=0},r=0,c=false/false,a=IDLE,uri=null,age=0}:runFillable:BLOCKING/BLOCKING
01:46:23.493 [qtp399373008-57] DEBUG org.eclipse.jetty.util.thread.ReservedThreadExecutor - ReservedThread@6a04b48e{RESERVED,thread=Thread[qtp399373008-57,5,main]} task=EatWhatYouKill@b7838a9/SelectorProducer@696f0212/IDLE/p=true/QueuedThreadPool[qtp399373008]@17cdf2d0{STARTED,8<=8<=200,i=1,r=-1,q=0}[ReservedThreadExecutor@424fd310{reserved=1/8,pending=0}][pc=0,pic=0,pec=1,epc=4]@2024-05-02T01:46:23.493+01:00 ReservedThreadExecutor@424fd310{reserved=1/8,pending=0}
01:46:23.493 [qtp399373008-60] DEBUG org.eclipse.jetty.io.FillInterest - fillable FillInterest@5f1379df{SSLC.NBReadCB@295d3154{SslConnection@295d3154::SocketChannelEndPoint@437dd2a4{l=/127.0.0.1:33719,r=/127.0.0.1:51192,OPEN,fill=FI,flush=-,to=39/30000}{io=1/0,kio=1,kro=1}->SslConnection@295d3154{NEED_UNWRAP,eio=-1/-1,di=-1,fill=INTERESTED,flush=IDLE}~>DecryptedEndPoint@1a765e2d{l=/127.0.0.1:33719,r=/127.0.0.1:51192,OPEN,fill=FI,flush=-,to=39/30000}=>HttpConnection@6650abe0[p=HttpParser{s=START,0 of -1},g=HttpGenerator@1729564{s=START}]=>HttpChannelOverHttp@62d006ad{s=HttpChannelState@3733529d{s=IDLE rs=BLOCKING os=OPEN is=IDLE awp=false se=false i=true al=0},r=0,c=false/false,a=IDLE,uri=null,age=0}}}
01:46:23.493 [qtp399373008-57] DEBUG org.eclipse.jetty.util.thread.strategy.EatWhatYouKill - EatWhatYouKill@b7838a9/SelectorProducer@696f0212/IDLE/p=true/QueuedThreadPool[qtp399373008]@17cdf2d0{STARTED,8<=8<=200,i=1,r=-1,q=0}[ReservedThreadExecutor@424fd310{reserved=1/8,pending=0}][pc=0,pic=0,pec=1,epc=5]@2024-05-02T01:46:23.493+01:00 tryProduce true
01:46:23.493 [qtp399373008-57] DEBUG org.eclipse.jetty.io.ManagedSelector - updateable 0
01:46:23.493 [qtp399373008-57] DEBUG org.eclipse.jetty.io.ManagedSelector - updates 0
01:46:23.494 [qtp399373008-60] DEBUG org.eclipse.jetty.io.ssl.SslConnection - >c.onFillable SslConnection@295d3154::SocketChannelEndPoint@437dd2a4{l=/127.0.0.1:33719,r=/127.0.0.1:51192,OPEN,fill=-,flush=-,to=39/30000}{io=1/0,kio=1,kro=1}->SslConnection@295d3154{NEED_UNWRAP,eio=-1/-1,di=-1,fill=INTERESTED,flush=IDLE}~>DecryptedEndPoint@1a765e2d{l=/127.0.0.1:33719,r=/127.0.0.1:51192,OPEN,fill=FI,flush=-,to=39/30000}=>HttpConnection@6650abe0[p=HttpParser{s=START,0 of -1},g=HttpGenerator@1729564{s=START}]=>HttpChannelOverHttp@62d006ad{s=HttpChannelState@3733529d{s=IDLE rs=BLOCKING os=OPEN is=IDLE awp=false se=false i=true al=0},r=0,c=false/false,a=IDLE,uri=null,age=0}
01:46:23.494 [qtp399373008-57] DEBUG org.eclipse.jetty.io.ChannelEndPoint - Key interests updated 1 -> 0 on SocketChannelEndPoint@437dd2a4{l=/127.0.0.1:33719,r=/127.0.0.1:51192,OPEN,fill=-,flush=-,to=39/30000}{io=0/0,kio=0,kro=1}->SslConnection@295d3154{NEED_UNWRAP,eio=-1/-1,di=-1,fill=INTERESTED,flush=IDLE}~>DecryptedEndPoint@1a765e2d{l=/127.0.0.1:33719,r=/127.0.0.1:51192,OPEN,fill=FI,flush=-,to=39/30000}=>HttpConnection@6650abe0[p=HttpParser{s=START,0 of -1},g=HttpGenerator@1729564{s=START}]=>HttpChannelOverHttp@62d006ad{s=HttpChannelState@3733529d{s=IDLE rs=BLOCKING os=OPEN is=IDLE awp=false se=false i=true al=0},r=0,c=false/false,a=IDLE,uri=null,age=0}
01:46:23.494 [qtp399373008-57] DEBUG org.eclipse.jetty.io.ManagedSelector - Selector sun.nio.ch.EPollSelectorImpl@60af7bcf waiting with 2 keys
01:46:23.494 [qtp399373008-60] DEBUG org.eclipse.jetty.io.ssl.SslConnection - onFillable SslConnection@295d3154::SocketChannelEndPoint@437dd2a4{l=/127.0.0.1:33719,r=/127.0.0.1:51192,OPEN,fill=-,flush=-,to=39/30000}{io=0/0,kio=0,kro=1}->SslConnection@295d3154{NEED_UNWRAP,eio=-1/-1,di=-1,fill=INTERESTED,flush=IDLE}~>DecryptedEndPoint@1a765e2d{l=/127.0.0.1:33719,r=/127.0.0.1:51192,OPEN,fill=FI,flush=-,to=40/30000}=>HttpConnection@6650abe0[p=HttpParser{s=START,0 of -1},g=HttpGenerator@1729564{s=START}]=>HttpChannelOverHttp@62d006ad{s=HttpChannelState@3733529d{s=IDLE rs=BLOCKING os=OPEN is=IDLE awp=false se=false i=true al=0},r=0,c=false/false,a=IDLE,uri=null,age=0}
01:46:23.494 [qtp399373008-60] DEBUG org.eclipse.jetty.io.FillInterest - fillable FillInterest@621e3101{AC.ReadCB@6650abe0{HttpConnection@6650abe0::DecryptedEndPoint@1a765e2d{l=/127.0.0.1:33719,r=/127.0.0.1:51192,OPEN,fill=FI,flush=-,to=40/30000}}}
01:46:23.494 [qtp399373008-60] DEBUG org.eclipse.jetty.server.HttpConnection - HttpConnection@6650abe0::DecryptedEndPoint@1a765e2d{l=/127.0.0.1:33719,r=/127.0.0.1:51192,OPEN,fill=-,flush=-,to=40/30000} onFillable enter HttpChannelState@3733529d{s=IDLE rs=BLOCKING os=OPEN is=IDLE awp=false se=false i=true al=0} null
01:46:23.494 [qtp399373008-60] DEBUG org.eclipse.jetty.io.ssl.SslConnection - >fill SslConnection@295d3154::SocketChannelEndPoint@437dd2a4{l=/127.0.0.1:33719,r=/127.0.0.1:51192,OPEN,fill=-,flush=-,to=39/30000}{io=0/0,kio=0,kro=1}->SslConnection@295d3154{NEED_UNWRAP,eio=-1/-1,di=-1,fill=IDLE,flush=IDLE}~>DecryptedEndPoint@1a765e2d{l=/127.0.0.1:33719,r=/127.0.0.1:51192,OPEN,fill=-,flush=-,to=40/30000}=>HttpConnection@6650abe0[p=HttpParser{s=START,0 of -1},g=HttpGenerator@1729564{s=START}]=>HttpChannelOverHttp@62d006ad{s=HttpChannelState@3733529d{s=IDLE rs=BLOCKING os=OPEN is=IDLE awp=false se=false i=true al=0},r=0,c=false/false,a=IDLE,uri=null,age=0}
01:46:23.494 [qtp399373008-60] DEBUG org.eclipse.jetty.io.ssl.SslConnection - fill NEED_UNWRAP
01:46:23.494 [qtp399373008-60] DEBUG org.eclipse.jetty.io.ChannelEndPoint - filled 1509 HeapByteBuffer@21fcf254[p=0,l=1509,c=17408,r=1509]={<<<\x17\x03\x03\x03\xAd\xD9\x87\x1d\xBa\x97M4QZ_\x18\x0c\xAf\xC8\x11n+\xC6\x06\xC6...\xB3\x1b\x14\x8fgc+\xAa.QTn\xC6\xD3;\xD8\xDb\x87v\x1f\xF5\x88\xA5>>>\xC3}y\xF8\xF5\x95\xE6\xEf\xEb...\x00\x00\x00\x00\x00\x00\x00}
01:46:23.494 [qtp399373008-60] DEBUG org.eclipse.jetty.io.ssl.SslConnection - net filled=1509
01:46:23.494 [qtp399373008-60] DEBUG org.eclipse.jetty.io.ssl.SslConnection - unwrap net_filled=1509 Status = OK HandshakeStatus = NEED_TASK bytesConsumed = 946 bytesProduced = 0 encryptedBuffer=[p=946,l=1509,c=17408,r=563] unwrapBuffer=HeapByteBuffer@2f3b09c3[p=0,l=0,c=17408,r=0]={<<<>>>\x14\x03\x03\x00\x01\x01T\xD8\xF6...\x00\x00\x00\x00\x00\x00\x00} appBuffer=HeapByteBuffer@2f3b09c3[p=0,l=0,c=17408,r=0]={<<<>>>\x14\x03\x03\x00\x01\x01T\xD8\xF6...\x00\x00\x00\x00\x00\x00\x00}
01:46:23.494 [qtp399373008-60] DEBUG org.eclipse.jetty.io.ssl.SslConnection - fill NEED_TASK
01:46:23.494 [qtp399373008-60] DEBUG org.eclipse.jetty.io.ssl.SslConnection - fill NEED_UNWRAP
01:46:23.494 [qtp399373008-60] DEBUG org.eclipse.jetty.io.ChannelEndPoint - filled 0 HeapByteBuffer@21fcf254[p=946,l=1509,c=17408,r=563]={\x17\x03\x03\x03\xAd\x0b\x00\x03\x88...9\x9c\xEf\xCdjN]<<<\x17\x03\x03\x01)\xF2je\xCe\xE3\x7ft\xC0elI\xB4\xE5K\xAc\x8e\xD9CB\xC1...\xB3\x1b\x14\x8fgc+\xAa.QTn\xC6\xD3;\xD8\xDb\x87v\x1f\xF5\x88\xA5>>>\xC3}y\xF8\xF5\x95\xE6\xEf\xEb...\x00\x00\x00\x00\x00\x00\x00}
01:46:23.494 [qtp399373008-60] DEBUG org.eclipse.jetty.io.ssl.SslConnection - net filled=0
01:46:23.494 [qtp399373008-60] DEBUG org.eclipse.jetty.io.ssl.SslConnection - unwrap net_filled=0 Status = OK HandshakeStatus = NEED_TASK bytesConsumed = 302 bytesProduced = 0 encryptedBuffer=[p=1248,l=1509,c=17408,r=261] unwrapBuffer=HeapByteBuffer@2f3b09c3[p=0,l=0,c=17408,r=0]={<<<>>>\x14\x03\x03\x00\x01\x01T\xD8\xF6...\x00\x00\x00\x00\x00\x00\x00} appBuffer=HeapByteBuffer@2f3b09c3[p=0,l=0,c=17408,r=0]={<<<>>>\x14\x03\x03\x00\x01\x01T\xD8\xF6...\x00\x00\x00\x00\x00\x00\x00}
01:46:23.494 [qtp399373008-60] DEBUG org.eclipse.jetty.io.ssl.SslConnection - fill NEED_TASK
01:46:23.495 [qtp399373008-60] DEBUG org.eclipse.jetty.io.ssl.SslConnection - fill NEED_UNWRAP
01:46:23.495 [qtp399373008-60] DEBUG org.eclipse.jetty.io.ChannelEndPoint - filled 0 HeapByteBuffer@21fcf254[p=1248,l=1509,c=17408,r=261]={\x17\x03\x03\x03\xAd\x0b\x00\x03\x88...\x97\xB7\xC5\xC1K\x14|<<<\x17\x03\x03\x00U\xE7K\\\xD0o\xCd\xC3\xC2\xDc' N\xB6@W\xD7\x99[\xE2\xF2...\xB3\x1b\x14\x8fgc+\xAa.QTn\xC6\xD3;\xD8\xDb\x87v\x1f\xF5\x88\xA5>>>\xC3}y\xF8\xF5\x95\xE6\xEf\xEb...\x00\x00\x00\x00\x00\x00\x00}
01:46:23.495 [qtp399373008-60] DEBUG org.eclipse.jetty.io.ssl.SslConnection - net filled=0
01:46:23.495 [qtp399373008-60] DEBUG org.eclipse.jetty.io.ssl.SslConnection - unwrap net_filled=0 Status = OK HandshakeStatus = NEED_WRAP bytesConsumed = 90 bytesProduced = 0 encryptedBuffer=[p=1338,l=1509,c=17408,r=171] unwrapBuffer=HeapByteBuffer@2f3b09c3[p=0,l=0,c=17408,r=0]={<<<>>>\x14\x03\x03\x00\x01\x01T\xD8\xF6...\x00\x00\x00\x00\x00\x00\x00} appBuffer=HeapByteBuffer@2f3b09c3[p=0,l=0,c=17408,r=0]={<<<>>>\x14\x03\x03\x00\x01\x01T\xD8\xF6...\x00\x00\x00\x00\x00\x00\x00}
01:46:23.495 [qtp399373008-60] DEBUG org.eclipse.jetty.io.ssl.SslConnection - fill NEED_WRAP
01:46:23.495 [qtp399373008-60] DEBUG org.eclipse.jetty.io.ssl.SslConnection - >flush SslConnection@295d3154::SocketChannelEndPoint@437dd2a4{l=/127.0.0.1:33719,r=/127.0.0.1:51192,OPEN,fill=-,flush=-,to=1/30000}{io=0/0,kio=0,kro=1}->SslConnection@295d3154{NEED_WRAP,eio=171/-1,di=-1,fill=IDLE,flush=IDLE}~>DecryptedEndPoint@1a765e2d{l=/127.0.0.1:33719,r=/127.0.0.1:51192,OPEN,fill=-,flush=-,to=41/30000}=>HttpConnection@6650abe0[p=HttpParser{s=START,0 of -1},g=HttpGenerator@1729564{s=START}]=>HttpChannelOverHttp@62d006ad{s=HttpChannelState@3733529d{s=IDLE rs=BLOCKING os=OPEN is=IDLE awp=false se=false i=true al=0},r=0,c=false/false,a=IDLE,uri=null,age=0}
01:46:23.495 [qtp399373008-60] DEBUG org.eclipse.jetty.io.ssl.SslConnection - flush b[0]=HeapByteBuffer@98da274[p=0,l=0,c=0,r=0]={<<<>>>}
01:46:23.495 [qtp399373008-60] DEBUG org.eclipse.jetty.io.ssl.SslConnection - flush NEED_WRAP
01:46:23.495 [qtp399373008-60] DEBUG org.eclipse.jetty.io.ssl.SslConnection - wrap Status = OK HandshakeStatus = FINISHED bytesConsumed = 0 bytesProduced = 88 [p=0,l=88,c=17408,r=88] ioDone=false/false
01:46:23.496 [qtp399373008-60] DEBUG org.eclipse.jetty.io.ChannelEndPoint - flushed 88 SocketChannelEndPoint@437dd2a4{l=/127.0.0.1:33719,r=/127.0.0.1:51192,OPEN,fill=-,flush=-,to=1/30000}{io=0/0,kio=0,kro=1}->SslConnection@295d3154{NOT_HANDSHAKING,eio=171/0,di=-1,fill=IDLE,flush=IDLE}~>DecryptedEndPoint@1a765e2d{l=/127.0.0.1:33719,r=/127.0.0.1:51192,OPEN,fill=-,flush=-,to=41/30000}=>HttpConnection@6650abe0[p=HttpParser{s=START,0 of -1},g=HttpGenerator@1729564{s=START}]=>HttpChannelOverHttp@62d006ad{s=HttpChannelState@3733529d{s=IDLE rs=BLOCKING os=OPEN is=IDLE awp=false se=false i=true al=0},r=0,c=false/false,a=IDLE,uri=null,age=0}
01:46:23.496 [qtp399373008-60] DEBUG org.eclipse.jetty.io.ssl.SslConnection - net flushed=true, ac=true
01:46:23.496 [qtp399373008-60] DEBUG org.eclipse.jetty.io.ssl.SslConnection - handshake succeeded SslConnection@295d3154::SocketChannelEndPoint@437dd2a4{l=/127.0.0.1:33719,r=/127.0.0.1:51192,OPEN,fill=-,flush=-,to=0/30000}{io=0/0,kio=0,kro=1}->SslConnection@295d3154{NOT_HANDSHAKING,eio=171/0,di=-1,fill=IDLE,flush=IDLE}~>DecryptedEndPoint@1a765e2d{l=/127.0.0.1:33719,r=/127.0.0.1:51192,OPEN,fill=-,flush=-,to=42/30000}=>HttpConnection@6650abe0[p=HttpParser{s=START,0 of -1},g=HttpGenerator@1729564{s=START}]=>HttpChannelOverHttp@62d006ad{s=HttpChannelState@3733529d{s=IDLE rs=BLOCKING os=OPEN is=IDLE awp=false se=false i=true al=0},r=0,c=false/false,a=IDLE,uri=null,age=0} resumed server TLSv1.3/TLS_AES_256_GCM_SHA384
01:46:23.496 [qtp399373008-60] DEBUG org.eclipse.jetty.io.ssl.SslConnection - <flush true SslConnection@295d3154::SocketChannelEndPoint@437dd2a4{l=/127.0.0.1:33719,r=/127.0.0.1:51192,OPEN,fill=-,flush=-,to=0/30000}{io=0/0,kio=0,kro=1}->SslConnection@295d3154{NOT_HANDSHAKING,eio=171/-1,di=-1,fill=IDLE,flush=IDLE}~>DecryptedEndPoint@1a765e2d{l=/127.0.0.1:33719,r=/127.0.0.1:51192,OPEN,fill=-,flush=-,to=42/30000}=>HttpConnection@6650abe0[p=HttpParser{s=START,0 of -1},g=HttpGenerator@1729564{s=START}]=>HttpChannelOverHttp@62d006ad{s=HttpChannelState@3733529d{s=IDLE rs=BLOCKING os=OPEN is=IDLE awp=false se=false i=true al=0},r=0,c=false/false,a=IDLE,uri=null,age=0}
01:46:23.496 [qtp399373008-60] DEBUG org.eclipse.jetty.io.ssl.SslConnection - fill NOT_HANDSHAKING
01:46:23.496 [qtp399373008-60] DEBUG org.eclipse.jetty.io.ChannelEndPoint - filled 0 HeapByteBuffer@21fcf254[p=1338,l=1509,c=17408,r=171]={\x17\x03\x03\x03\xAd\x0b\x00\x03\x88...7\x98Y\x0f\x07.K<<<\x17\x03\x03\x00\xA6\x06\xF2\xD6\xA3+u\xC7\x1f\x88\x04\xB6\x1c\xE7O\xE8\x15\x81\x1a\xA1=...\xB3\x1b\x14\x8fgc+\xAa.QTn\xC6\xD3;\xD8\xDb\x87v\x1f\xF5\x88\xA5>>>\xC3}y\xF8\xF5\x95\xE6\xEf\xEb...\x00\x00\x00\x00\x00\x00\x00}
01:46:23.496 [qtp399373008-60] DEBUG org.eclipse.jetty.io.ssl.SslConnection - net filled=0
01:46:23.496 [qtp399373008-60] DEBUG org.eclipse.jetty.io.ssl.SslConnection - unwrap net_filled=0 Status = OK HandshakeStatus = NOT_HANDSHAKING bytesConsumed = 171 bytesProduced = 133 encryptedBuffer=[p=1509,l=1509,c=17408,r=0] unwrapBuffer=HeapByteBuffer@2f3b09c3[p=0,l=133,c=17408,r=133]={<<<GET /config-minimal.yml H...gent: okhttp/3.12.3\r\n\r\n>>>\xBd\x83+\xE95 &\x85L...\x00\x00\x00\x00\x00\x00\x00} appBuffer=HeapByteBuffer@2f3b09c3[p=0,l=133,c=17408,r=133]={<<<GET /config-minimal.yml H...gent: okhttp/3.12.3\r\n\r\n>>>\xBd\x83+\xE95 &\x85L...\x00\x00\x00\x00\x00\x00\x00}
01:46:23.496 [qtp399373008-60] DEBUG org.eclipse.jetty.io.ssl.SslConnection - <fill f=133 uf=false SslConnection@295d3154::SocketChannelEndPoint@437dd2a4{l=/127.0.0.1:33719,r=/127.0.0.1:51192,OPEN,fill=-,flush=-,to=0/30000}{io=0/0,kio=0,kro=1}->SslConnection@295d3154{NOT_HANDSHAKING,eio=-1/-1,di=-1,fill=IDLE,flush=IDLE}~>DecryptedEndPoint@1a765e2d{l=/127.0.0.1:33719,r=/127.0.0.1:51192,OPEN,fill=-,flush=-,to=42/30000}=>HttpConnection@6650abe0[p=HttpParser{s=START,0 of -1},g=HttpGenerator@1729564{s=START}]=>HttpChannelOverHttp@62d006ad{s=HttpChannelState@3733529d{s=IDLE rs=BLOCKING os=OPEN is=IDLE awp=false se=false i=true al=0},r=0,c=false/false,a=IDLE,uri=null,age=0}
01:46:23.496 [qtp399373008-60] DEBUG org.eclipse.jetty.server.HttpConnection - HttpConnection@6650abe0::DecryptedEndPoint@1a765e2d{l=/127.0.0.1:33719,r=/127.0.0.1:51192,OPEN,fill=-,flush=-,to=42/30000} filled 133 HeapByteBuffer@2f3b09c3[p=0,l=133,c=17408,r=133]={<<<GET /config-minimal.yml H...gent: okhttp/3.12.3\r\n\r\n>>>\xBd\x83+\xE95 &\x85L...\x00\x00\x00\x00\x00\x00\x00}
01:46:23.496 [qtp399373008-60] DEBUG org.eclipse.jetty.server.HttpConnection - HttpConnection@6650abe0::DecryptedEndPoint@1a765e2d{l=/127.0.0.1:33719,r=/127.0.0.1:51192,OPEN,fill=-,flush=-,to=42/30000} parse HeapByteBuffer@2f3b09c3[p=0,l=133,c=17408,r=133]={<<<GET /config-minimal.yml H...gent: okhttp/3.12.3\r\n\r\n>>>\xBd\x83+\xE95 &\x85L...\x00\x00\x00\x00\x00\x00\x00} {}
01:46:23.496 [qtp399373008-60] DEBUG org.eclipse.jetty.http.HttpParser - parseNext s=START HeapByteBuffer@2f3b09c3[p=0,l=133,c=17408,r=133]={<<<GET /config-minimal.yml H...gent: okhttp/3.12.3\r\n\r\n>>>\xBd\x83+\xE95 &\x85L...\x00\x00\x00\x00\x00\x00\x00}
01:46:23.496 [qtp399373008-60] DEBUG org.eclipse.jetty.http.HttpParser - START --> SPACE1
01:46:23.496 [qtp399373008-60] DEBUG org.eclipse.jetty.http.HttpParser - SPACE1 --> URI
01:46:23.496 [qtp399373008-60] DEBUG org.eclipse.jetty.http.HttpParser - URI --> SPACE2
01:46:23.496 [qtp399373008-60] DEBUG org.eclipse.jetty.http.HttpParser - SPACE2 --> REQUEST_VERSION
01:46:23.496 [qtp399373008-60] DEBUG org.eclipse.jetty.http.HttpParser - REQUEST_VERSION --> HEADER
01:46:23.496 [qtp399373008-60] DEBUG org.eclipse.jetty.http.HttpParser - HEADER:Host --> VALUE
01:46:23.496 [qtp399373008-60] DEBUG org.eclipse.jetty.http.HttpParser - HEADER:Host --> IN_VALUE
01:46:23.496 [qtp399373008-60] DEBUG org.eclipse.jetty.http.HttpParser - HEADER:Host --> FIELD
01:46:23.496 [qtp399373008-60] DEBUG org.eclipse.jetty.http.HttpParser - HEADER:Connection: keep-alive --> IN_VALUE
01:46:23.496 [qtp399373008-60] DEBUG org.eclipse.jetty.http.HttpParser - HEADER:Connection: keep-alive --> FIELD
01:46:23.496 [qtp399373008-60] DEBUG org.eclipse.jetty.http.HttpParser - HEADER:Accept-Encoding: gzip --> IN_VALUE
01:46:23.496 [qtp399373008-60] DEBUG org.eclipse.jetty.http.HttpParser - HEADER:Accept-Encoding: gzip --> FIELD
01:46:23.496 [qtp399373008-60] DEBUG org.eclipse.jetty.http.HttpParser - HEADER:User-Agent --> VALUE
01:46:23.496 [qtp399373008-60] DEBUG org.eclipse.jetty.http.HttpParser - HEADER:User-Agent --> IN_VALUE
01:46:23.496 [qtp399373008-60] DEBUG org.eclipse.jetty.http.HttpParser - HEADER:User-Agent --> FIELD
01:46:23.496 [qtp399373008-60] DEBUG org.eclipse.jetty.http.HttpParser - HEADER --> CONTENT
01:46:23.496 [qtp399373008-60] DEBUG org.eclipse.jetty.server.HttpChannel - REQUEST for //localhost:33719/config-minimal.yml on HttpChannelOverHttp@62d006ad{s=HttpChannelState@3733529d{s=IDLE rs=BLOCKING os=OPEN is=IDLE awp=false se=false i=true al=0},r=1,c=false/false,a=IDLE,uri=//localhost:33719/config-minimal.yml,age=0}
GET //localhost:33719/config-minimal.yml HTTP/1.1
Host: localhost:33719
Connection: keep-alive
Accept-Encoding: gzip
User-Agent: okhttp/3.12.3


01:46:23.496 [qtp399373008-60] DEBUG org.eclipse.jetty.server.HttpConnection - HttpConnection@6650abe0::DecryptedEndPoint@1a765e2d{l=/127.0.0.1:33719,r=/127.0.0.1:51192,OPEN,fill=-,flush=-,to=42/30000} parsed true HttpParser{s=CONTENT,0 of -1}
01:46:23.496 [qtp399373008-60] DEBUG org.eclipse.jetty.server.HttpConnection - releaseRequestBuffer HttpConnection@6650abe0::DecryptedEndPoint@1a765e2d{l=/127.0.0.1:33719,r=/127.0.0.1:51192,OPEN,fill=-,flush=-,to=42/30000}
01:46:23.496 [qtp399373008-60] DEBUG org.eclipse.jetty.server.HttpChannel - handle //localhost:33719/config-minimal.yml HttpChannelOverHttp@62d006ad{s=HttpChannelState@3733529d{s=IDLE rs=BLOCKING os=OPEN is=IDLE awp=false se=false i=true al=0},r=1,c=false/false,a=IDLE,uri=//localhost:33719/config-minimal.yml,age=0} 
01:46:23.496 [qtp399373008-60] DEBUG org.eclipse.jetty.server.HttpChannelState - handling HttpChannelState@3733529d{s=IDLE rs=BLOCKING os=OPEN is=IDLE awp=false se=false i=true al=0}
01:46:23.496 [qtp399373008-60] DEBUG org.eclipse.jetty.server.HttpChannel - action DISPATCH HttpChannelOverHttp@62d006ad{s=HttpChannelState@3733529d{s=HANDLING rs=BLOCKING os=OPEN is=IDLE awp=false se=false i=true al=0},r=1,c=false/false,a=HANDLING,uri=//localhost:33719/config-minimal.yml,age=0}
01:46:23.496 [qtp399373008-60] DEBUG org.eclipse.jetty.server.SecureRequestCustomizer - Host localhost with SNI null
01:46:23.497 [qtp399373008-60] DEBUG org.eclipse.jetty.server.Server - REQUEST GET /config-minimal.yml on HttpChannelOverHttp@62d006ad{s=HttpChannelState@3733529d{s=HANDLING rs=BLOCKING os=OPEN is=IDLE awp=false se=false i=true al=0},r=1,c=false/false,a=HANDLING,uri=https://localhost:33719/config-minimal.yml,age=1}
01:46:23.497 [qtp399373008-60] DEBUG org.eclipse.jetty.server.HttpOutput - write(array HeapByteBuffer@2c68b71f[p=0,l=1469,c=262144,r=1469]={<<<# Licensed to the Apache ...tination name: PutFile\n>>>\x00\x00\x00\x00\x00\x00\x00\x00\x00...\x00\x00\x00\x00\x00\x00\x00})
01:46:23.497 [qtp399373008-60] DEBUG org.eclipse.jetty.server.HttpOutput - write(array) s=CLOSING,api=BLOCKED,sc=false,e=null last=true agg=false flush=true async=false, len=1469 null
01:46:23.497 [qtp399373008-60] DEBUG org.eclipse.jetty.server.HttpChannel - sendResponse info=null content=HeapByteBuffer@769b1c54[p=0,l=1469,c=262144,r=1469]={<<<# Licensed to the Apache ...tination name: PutFile\n>>>\x00\x00\x00\x00\x00\x00\x00\x00\x00...\x00\x00\x00\x00\x00\x00\x00} complete=true committing=true callback=Blocker@27298c3e{null}
01:46:23.497 [qtp399373008-60] DEBUG org.eclipse.jetty.server.HttpChannel - COMMIT for /config-minimal.yml on HttpChannelOverHttp@62d006ad{s=HttpChannelState@3733529d{s=HANDLING rs=BLOCKING os=COMMITTED is=IDLE awp=false se=false i=true al=0},r=1,c=false/false,a=HANDLING,uri=https://localhost:33719/config-minimal.yml,age=1}
200 null HTTP/1.1
Date: Thu, 02 May 2024 00:46:23 GMT
ETag: testEtag
Content-Type: text/plain;charset=utf-8
Content-Length: 1469


01:46:23.497 [qtp399373008-60] DEBUG org.eclipse.jetty.server.HttpConnection - generate: NEED_HEADER for SendCallback@4fe7fd81[PROCESSING][i=HTTP/1.1{s=200,h=4,cl=1469},cb=org.eclipse.jetty.server.HttpChannel$SendCallback@26de7b2d] (null,[p=0,l=1469,c=262144,r=1469],true)@START
01:46:23.497 [qtp399373008-60] DEBUG org.eclipse.jetty.http.HttpGenerator - generateHeaders HTTP/1.1{s=200,h=4,cl=1469} last=true content=HeapByteBuffer@769b1c54[p=0,l=1469,c=262144,r=1469]={<<<# Licensed to the Apache ...tination name: PutFile\n>>>\x00\x00\x00\x00\x00\x00\x00\x00\x00...\x00\x00\x00\x00\x00\x00\x00}
01:46:23.497 [qtp399373008-60] DEBUG org.eclipse.jetty.http.HttpGenerator - Date: Thu, 02 May 2024 00:46:23 GMT
ETag: testEtag
Content-Type: text/plain;charset=utf-8
Content-Length: 1469


01:46:23.497 [qtp399373008-60] DEBUG org.eclipse.jetty.http.HttpGenerator - CONTENT_LENGTH
01:46:23.497 [qtp399373008-60] DEBUG org.eclipse.jetty.server.HttpConnection - generate: FLUSH for SendCallback@4fe7fd81[PROCESSING][i=HTTP/1.1{s=200,h=4,cl=1469},cb=org.eclipse.jetty.server.HttpChannel$SendCallback@26de7b2d] ([p=0,l=167,c=8192,r=167],[p=0,l=1469,c=262144,r=1469],true)@COMPLETING
01:46:23.497 [qtp399373008-60] DEBUG org.eclipse.jetty.io.WriteFlusher - write: WriteFlusher@889ba1e{IDLE}->null [HeapByteBuffer@eac4508[p=0,l=167,c=8192,r=167]={<<<HTTP/1.1 200 OK\r\nDate: Th...y(9.4.44.v20210927)\r\n\r\n>>>\x00\x00\x00\x00\x00\x00\x00\x00\x00...\x00\x00\x00\x00\x00\x00\x00},HeapByteBuffer@769b1c54[p=0,l=1469,c=262144,r=1469]={<<<# Licensed to the Apache ...tination name: PutFile\n>>>\x00\x00\x00\x00\x00\x00\x00\x00\x00...\x00\x00\x00\x00\x00\x00\x00}]
01:46:23.497 [qtp399373008-60] DEBUG org.eclipse.jetty.io.WriteFlusher - update WriteFlusher@889ba1e{WRITING}->null:IDLE-->WRITING
01:46:23.497 [qtp399373008-60] DEBUG org.eclipse.jetty.io.ssl.SslConnection - >flush SslConnection@295d3154::SocketChannelEndPoint@437dd2a4{l=/127.0.0.1:33719,r=/127.0.0.1:51192,OPEN,fill=-,flush=-,to=1/30000}{io=0/0,kio=0,kro=1}->SslConnection@295d3154{NOT_HANDSHAKING,eio=-1/-1,di=-1,fill=IDLE,flush=IDLE}~>DecryptedEndPoint@1a765e2d{l=/127.0.0.1:33719,r=/127.0.0.1:51192,OPEN,fill=-,flush=W,to=43/30000}=>HttpConnection@6650abe0[p=HttpParser{s=CONTENT,0 of -1},g=HttpGenerator@1729564{s=COMPLETING}]=>HttpChannelOverHttp@62d006ad{s=HttpChannelState@3733529d{s=HANDLING rs=BLOCKING os=COMMITTED is=IDLE awp=false se=false i=true al=0},r=1,c=false/false,a=HANDLING,uri=https://localhost:33719/config-minimal.yml,age=1}
01:46:23.497 [qtp399373008-60] DEBUG org.eclipse.jetty.io.ssl.SslConnection - flush b[0]=HeapByteBuffer@eac4508[p=0,l=167,c=8192,r=167]={<<<HTTP/1.1 200 OK\r\nDate: Th...y(9.4.44.v20210927)\r\n\r\n>>>\x00\x00\x00\x00\x00\x00\x00\x00\x00...\x00\x00\x00\x00\x00\x00\x00}
01:46:23.497 [qtp399373008-60] DEBUG org.eclipse.jetty.io.ssl.SslConnection - flush b[1]=HeapByteBuffer@769b1c54[p=0,l=1469,c=262144,r=1469]={<<<# Licensed to the Apache ...tination name: PutFile\n>>>\x00\x00\x00\x00\x00\x00\x00\x00\x00...\x00\x00\x00\x00\x00\x00\x00}
01:46:23.497 [qtp399373008-60] DEBUG org.eclipse.jetty.io.ssl.SslConnection - flush NOT_HANDSHAKING
01:46:23.497 [qtp399373008-60] DEBUG org.eclipse.jetty.io.ssl.SslConnection - wrap Status = OK HandshakeStatus = NOT_HANDSHAKING bytesConsumed = 1636 bytesProduced = 1674 [p=0,l=1674,c=17408,r=1674] ioDone=false/false
01:46:23.497 [qtp399373008-60] DEBUG org.eclipse.jetty.io.ChannelEndPoint - flushed 1674 SocketChannelEndPoint@437dd2a4{l=/127.0.0.1:33719,r=/127.0.0.1:51192,OPEN,fill=-,flush=-,to=1/30000}{io=0/0,kio=0,kro=1}->SslConnection@295d3154{NOT_HANDSHAKING,eio=-1/0,di=-1,fill=IDLE,flush=IDLE}~>DecryptedEndPoint@1a765e2d{l=/127.0.0.1:33719,r=/127.0.0.1:51192,OPEN,fill=-,flush=W,to=43/30000}=>HttpConnection@6650abe0[p=HttpParser{s=CONTENT,0 of -1},g=HttpGenerator@1729564{s=COMPLETING}]=>HttpChannelOverHttp@62d006ad{s=HttpChannelState@3733529d{s=HANDLING rs=BLOCKING os=COMMITTED is=IDLE awp=false se=false i=true al=0},r=1,c=false/false,a=HANDLING,uri=https://localhost:33719/config-minimal.yml,age=1}
01:46:23.497 [qtp399373008-60] DEBUG org.eclipse.jetty.io.ssl.SslConnection - net flushed=true, ac=true
01:46:23.497 [qtp399373008-60] DEBUG org.eclipse.jetty.io.ssl.SslConnection - <flush true SslConnection@295d3154::SocketChannelEndPoint@437dd2a4{l=/127.0.0.1:33719,r=/127.0.0.1:51192,OPEN,fill=-,flush=-,to=0/30000}{io=0/0,kio=0,kro=1}->SslConnection@295d3154{NOT_HANDSHAKING,eio=-1/-1,di=-1,fill=IDLE,flush=IDLE}~>DecryptedEndPoint@1a765e2d{l=/127.0.0.1:33719,r=/127.0.0.1:51192,OPEN,fill=-,flush=W,to=43/30000}=>HttpConnection@6650abe0[p=HttpParser{s=CONTENT,0 of -1},g=HttpGenerator@1729564{s=COMPLETING}]=>HttpChannelOverHttp@62d006ad{s=HttpChannelState@3733529d{s=HANDLING rs=BLOCKING os=COMMITTED is=IDLE awp=false se=false i=true al=0},r=1,c=false/false,a=HANDLING,uri=https://localhost:33719/config-minimal.yml,age=1}
01:46:23.497 [qtp399373008-60] DEBUG org.eclipse.jetty.io.WriteFlusher - Flushed=true written=1636 remaining=0 WriteFlusher@889ba1e{WRITING}->null
01:46:23.497 [qtp399373008-60] DEBUG org.eclipse.jetty.io.WriteFlusher - update WriteFlusher@889ba1e{IDLE}->null:WRITING-->IDLE
01:46:23.497 [qtp399373008-60] DEBUG org.eclipse.jetty.server.HttpConnection - generate: DONE for SendCallback@4fe7fd81[PROCESSING][i=HTTP/1.1{s=200,h=4,cl=1469},cb=org.eclipse.jetty.server.HttpChannel$SendCallback@26de7b2d] ([p=167,l=167,c=8192,r=0],[p=1469,l=1469,c=262144,r=0],true)@END
01:46:23.497 [qtp399373008-60] DEBUG org.eclipse.jetty.server.HttpOutput - onWriteComplete(true,null) s=CLOSING,api=BLOCKED,sc=false,e=null->s=CLOSED,api=BLOCKING,sc=false,e=null c=null cb=null w=false
01:46:23.498 [main] DEBUG org.apache.nifi.minifi.bootstrap.configuration.ingestors.PullHttpChangeIngestor - Response received: Response{protocol=http/1.1, code=200, message=OK, url=https://localhost:33719/config-minimal.yml}
01:46:23.498 [main] DEBUG org.apache.nifi.minifi.bootstrap.configuration.ingestors.PullHttpChangeIngestor - New change received, notifying listener
01:46:23.498 [main] DEBUG org.apache.nifi.minifi.bootstrap.configuration.ingestors.PullHttpChangeIngestor - Listeners notified
01:46:23.498 [qtp399373008-60] DEBUG org.eclipse.jetty.server.HttpOutput - close() s=CLOSED,api=BLOCKING,sc=false,e=null c=null b=null
01:46:23.498 [qtp399373008-60] DEBUG org.eclipse.jetty.server.Server - handled=true async=false committed=true on HttpChannelOverHttp@62d006ad{s=HttpChannelState@3733529d{s=HANDLING rs=BLOCKING os=COMPLETED is=IDLE awp=false se=false i=true al=0},r=1,c=false/true,a=HANDLING,uri=https://localhost:33719/config-minimal.yml,age=2}
01:46:23.498 [qtp399373008-60] DEBUG org.eclipse.jetty.server.HttpChannelState - unhandle HttpChannelState@3733529d{s=HANDLING rs=BLOCKING os=COMPLETED is=IDLE awp=false se=false i=true al=0}
01:46:23.498 [qtp399373008-60] DEBUG org.eclipse.jetty.server.HttpChannelState - nextAction(false) COMPLETE HttpChannelState@3733529d{s=HANDLING rs=COMPLETING os=COMPLETED is=IDLE awp=false se=false i=false al=0}
01:46:23.498 [qtp399373008-60] DEBUG org.eclipse.jetty.server.HttpChannel - action COMPLETE HttpChannelOverHttp@62d006ad{s=HttpChannelState@3733529d{s=HANDLING rs=COMPLETING os=COMPLETED is=IDLE awp=false se=false i=false al=0},r=1,c=false/true,a=HANDLING,uri=https://localhost:33719/config-minimal.yml,age=2}
01:46:23.498 [qtp399373008-60] DEBUG org.eclipse.jetty.server.HttpOutput - complete(org.eclipse.jetty.util.Callback$3@632a8f4d) s=CLOSED,api=BLOCKING,sc=false,e=null s=true e=null, c=null
01:46:23.498 [qtp399373008-60] DEBUG org.eclipse.jetty.server.HttpChannelState - completed HttpChannelState@3733529d{s=HANDLING rs=COMPLETING os=COMPLETED is=IDLE awp=false se=false i=false al=0}
01:46:23.498 [qtp399373008-60] DEBUG org.eclipse.jetty.server.HttpChannelState - unhandle HttpChannelState@3733529d{s=HANDLING rs=COMPLETED os=COMPLETED is=IDLE awp=false se=false i=false al=0}
01:46:23.498 [qtp399373008-60] DEBUG org.eclipse.jetty.server.HttpChannelState - nextAction(false) TERMINATED HttpChannelState@3733529d{s=IDLE rs=COMPLETED os=COMPLETED is=IDLE awp=false se=false i=false al=0}
01:46:23.498 [qtp399373008-60] DEBUG org.eclipse.jetty.server.HttpChannel - action TERMINATED HttpChannelOverHttp@62d006ad{s=HttpChannelState@3733529d{s=IDLE rs=COMPLETED os=COMPLETED is=IDLE awp=false se=false i=false al=0},r=1,c=true/true,a=IDLE,uri=https://localhost:33719/config-minimal.yml,age=2}
01:46:23.498 [qtp399373008-60] DEBUG org.eclipse.jetty.server.HttpChannel - onCompleted for /config-minimal.yml written=1469
01:46:23.498 [qtp399373008-60] DEBUG org.eclipse.jetty.io.ssl.SslConnection - >fill SslConnection@295d3154::SocketChannelEndPoint@437dd2a4{l=/127.0.0.1:33719,r=/127.0.0.1:51192,OPEN,fill=-,flush=-,to=0/30000}{io=0/0,kio=0,kro=1}->SslConnection@295d3154{NOT_HANDSHAKING,eio=-1/-1,di=-1,fill=IDLE,flush=IDLE}~>DecryptedEndPoint@1a765e2d{l=/127.0.0.1:33719,r=/127.0.0.1:51192,OPEN,fill=-,flush=-,to=44/30000}=>HttpConnection@6650abe0[p=HttpParser{s=CONTENT,0 of -1},g=HttpGenerator@1729564{s=END}]=>HttpChannelOverHttp@62d006ad{s=HttpChannelState@3733529d{s=IDLE rs=COMPLETED os=COMPLETED is=IDLE awp=false se=false i=false al=0},r=1,c=true/true,a=IDLE,uri=https://localhost:33719/config-minimal.yml,age=2}
01:46:23.498 [qtp399373008-60] DEBUG org.eclipse.jetty.io.ssl.SslConnection - fill NOT_HANDSHAKING
01:46:23.498 [qtp399373008-60] DEBUG org.eclipse.jetty.io.ChannelEndPoint - filled 0 HeapByteBuffer@2f3b09c3[p=0,l=0,c=17408,r=0]={<<<>>>GET /conf...\x00\x00\x00\x00\x00\x00\x00}
01:46:23.498 [qtp399373008-60] DEBUG org.eclipse.jetty.io.ssl.SslConnection - net filled=0
01:46:23.498 [qtp399373008-60] DEBUG org.eclipse.jetty.io.ssl.SslConnection - unwrap net_filled=0 Status = BUFFER_UNDERFLOW HandshakeStatus = NOT_HANDSHAKING bytesConsumed = 0 bytesProduced = 0 encryptedBuffer=[p=0,l=0,c=17408,r=0] unwrapBuffer=HeapByteBuffer@21fcf254[p=0,l=0,c=17408,r=0]={<<<>>>\x17\x03\x03\x03\xAd\x0b\x00\x03\x88...\x00\x00\x00\x00\x00\x00\x00} appBuffer=HeapByteBuffer@21fcf254[p=0,l=0,c=17408,r=0]={<<<>>>\x17\x03\x03\x03\xAd\x0b\x00\x03\x88...\x00\x00\x00\x00\x00\x00\x00}
01:46:23.498 [qtp399373008-60] DEBUG org.eclipse.jetty.io.ssl.SslConnection - <fill f=0 uf=true SslConnection@295d3154::SocketChannelEndPoint@437dd2a4{l=/127.0.0.1:33719,r=/127.0.0.1:51192,OPEN,fill=-,flush=-,to=1/30000}{io=0/0,kio=0,kro=1}->SslConnection@295d3154{NOT_HANDSHAKING,eio=-1/-1,di=-1,fill=IDLE,flush=IDLE}~>DecryptedEndPoint@1a765e2d{l=/127.0.0.1:33719,r=/127.0.0.1:51192,OPEN,fill=-,flush=-,to=44/30000}=>HttpConnection@6650abe0[p=HttpParser{s=CONTENT,0 of -1},g=HttpGenerator@1729564{s=END}]=>HttpChannelOverHttp@62d006ad{s=HttpChannelState@3733529d{s=IDLE rs=COMPLETED os=COMPLETED is=IDLE awp=false se=false i=false al=0},r=1,c=true/true,a=IDLE,uri=https://localhost:33719/config-minimal.yml,age=2}
01:46:23.498 [qtp399373008-60] DEBUG org.eclipse.jetty.io.ssl.SslConnection - >fill SslConnection@295d3154::SocketChannelEndPoint@437dd2a4{l=/127.0.0.1:33719,r=/127.0.0.1:51192,OPEN,fill=-,flush=-,to=1/30000}{io=0/0,kio=0,kro=1}->SslConnection@295d3154{NOT_HANDSHAKING,eio=-1/-1,di=-1,fill=IDLE,flush=IDLE}~>DecryptedEndPoint@1a765e2d{l=/127.0.0.1:33719,r=/127.0.0.1:51192,OPEN,fill=-,flush=-,to=44/30000}=>HttpConnection@6650abe0[p=HttpParser{s=CONTENT,0 of -1},g=HttpGenerator@1729564{s=END}]=>HttpChannelOverHttp@62d006ad{s=HttpChannelState@3733529d{s=IDLE rs=COMPLETED os=COMPLETED is=IDLE awp=false se=false i=false al=0},r=1,c=true/true,a=IDLE,uri=https://localhost:33719/config-minimal.yml,age=2}
01:46:23.498 [qtp399373008-60] DEBUG org.eclipse.jetty.io.ssl.SslConnection - fill NOT_HANDSHAKING
01:46:23.498 [qtp399373008-60] DEBUG org.eclipse.jetty.io.ChannelEndPoint - filled 0 HeapByteBuffer@25c362b3[p=0,l=0,c=17408,r=0]={<<<>>>\x17\x03\x03\x06\x85\xF5{#=...\x00\x00\x00\x00\x00\x00\x00}
01:46:23.498 [qtp399373008-60] DEBUG org.eclipse.jetty.io.ssl.SslConnection - net filled=0
01:46:23.498 [qtp399373008-60] DEBUG org.eclipse.jetty.io.ssl.SslConnection - unwrap net_filled=0 Status = BUFFER_UNDERFLOW HandshakeStatus = NOT_HANDSHAKING bytesConsumed = 0 bytesProduced = 0 encryptedBuffer=[p=0,l=0,c=17408,r=0] unwrapBuffer=HeapByteBuffer@21fcf254[p=0,l=0,c=17408,r=0]={<<<>>>\x17\x03\x03\x03\xAd\x0b\x00\x03\x88...\x00\x00\x00\x00\x00\x00\x00} appBuffer=HeapByteBuffer@21fcf254[p=0,l=0,c=17408,r=0]={<<<>>>\x17\x03\x03\x03\xAd\x0b\x00\x03\x88...\x00\x00\x00\x00\x00\x00\x00}
01:46:23.499 [qtp399373008-60] DEBUG org.eclipse.jetty.io.ssl.SslConnection - <fill f=0 uf=true SslConnection@295d3154::SocketChannelEndPoint@437dd2a4{l=/127.0.0.1:33719,r=/127.0.0.1:51192,OPEN,fill=-,flush=-,to=1/30000}{io=0/0,kio=0,kro=1}->SslConnection@295d3154{NOT_HANDSHAKING,eio=-1/-1,di=-1,fill=IDLE,flush=IDLE}~>DecryptedEndPoint@1a765e2d{l=/127.0.0.1:33719,r=/127.0.0.1:51192,OPEN,fill=-,flush=-,to=44/30000}=>HttpConnection@6650abe0[p=HttpParser{s=CONTENT,0 of -1},g=HttpGenerator@1729564{s=END}]=>HttpChannelOverHttp@62d006ad{s=HttpChannelState@3733529d{s=IDLE rs=COMPLETED os=COMPLETED is=IDLE awp=false se=false i=false al=0},r=1,c=true/true,a=IDLE,uri=https://localhost:33719/config-minimal.yml,age=3}
01:46:23.499 [qtp399373008-60] DEBUG org.eclipse.jetty.server.HttpConnection - HttpConnection@6650abe0::DecryptedEndPoint@1a765e2d{l=/127.0.0.1:33719,r=/127.0.0.1:51192,OPEN,fill=-,flush=-,to=45/30000} filled 0 HeapByteBuffer@21fcf254[p=0,l=0,c=17408,r=0]={<<<>>>\x17\x03\x03\x03\xAd\x0b\x00\x03\x88...\x00\x00\x00\x00\x00\x00\x00}
01:46:23.499 [qtp399373008-60] DEBUG org.eclipse.jetty.server.HttpConnection - HttpConnection@6650abe0::DecryptedEndPoint@1a765e2d{l=/127.0.0.1:33719,r=/127.0.0.1:51192,OPEN,fill=-,flush=-,to=45/30000} parse HeapByteBuffer@21fcf254[p=0,l=0,c=17408,r=0]={<<<>>>\x17\x03\x03\x03\xAd\x0b\x00\x03\x88...\x00\x00\x00\x00\x00\x00\x00} {}
01:46:23.499 [qtp399373008-60] DEBUG org.eclipse.jetty.http.HttpParser - parseNext s=CONTENT HeapByteBuffer@21fcf254[p=0,l=0,c=17408,r=0]={<<<>>>\x17\x03\x03\x03\xAd\x0b\x00\x03\x88...\x00\x00\x00\x00\x00\x00\x00}
01:46:23.499 [qtp399373008-60] DEBUG org.eclipse.jetty.http.HttpParser - CONTENT --> CONTENT_END
01:46:23.499 [qtp399373008-60] DEBUG org.eclipse.jetty.server.HttpChannel - onContentComplete HttpChannelOverHttp@62d006ad{s=HttpChannelState@3733529d{s=IDLE rs=COMPLETED os=COMPLETED is=IDLE awp=false se=false i=false al=0},r=1,c=true/true,a=IDLE,uri=https://localhost:33719/config-minimal.yml,age=3}
01:46:23.499 [qtp399373008-60] DEBUG org.eclipse.jetty.http.HttpParser - CONTENT_END --> END
01:46:23.499 [qtp399373008-60] DEBUG org.eclipse.jetty.server.HttpChannel - onRequestComplete HttpChannelOverHttp@62d006ad{s=HttpChannelState@3733529d{s=IDLE rs=COMPLETED os=COMPLETED is=IDLE awp=false se=false i=false al=0},r=1,c=true/true,a=IDLE,uri=https://localhost:33719/config-minimal.yml,age=3}
01:46:23.499 [qtp399373008-60] DEBUG org.eclipse.jetty.server.HttpInput - HttpInputOverHTTP@13d16d5c[c=0,q=0,[0]=null,s=STREAM] addContent EOF
01:46:23.499 [qtp399373008-60] DEBUG org.eclipse.jetty.server.HttpConnection - HttpConnection@6650abe0::DecryptedEndPoint@1a765e2d{l=/127.0.0.1:33719,r=/127.0.0.1:51192,OPEN,fill=-,flush=-,to=45/30000} parsed false HttpParser{s=END,0 of -1}
01:46:23.499 [qtp399373008-60] DEBUG org.eclipse.jetty.server.HttpConnection - releaseRequestBuffer HttpConnection@6650abe0::DecryptedEndPoint@1a765e2d{l=/127.0.0.1:33719,r=/127.0.0.1:51192,OPEN,fill=-,flush=-,to=45/30000}
01:46:23.499 [qtp399373008-60] DEBUG org.eclipse.jetty.server.HttpChannelState - recycle HttpChannelState@3733529d{s=IDLE rs=COMPLETED os=COMPLETED is=IDLE awp=false se=false i=false al=0}
01:46:23.499 [qtp399373008-60] DEBUG org.eclipse.jetty.http.HttpParser - reset HttpParser{s=END,0 of -1}
01:46:23.499 [qtp399373008-60] DEBUG org.eclipse.jetty.http.HttpParser - END --> START
01:46:23.499 [qtp399373008-60] DEBUG org.eclipse.jetty.server.HttpChannel - !handle TERMINATED HttpChannelOverHttp@62d006ad{s=HttpChannelState@3733529d{s=IDLE rs=BLOCKING os=OPEN is=IDLE awp=false se=false i=true al=0},r=1,c=false/false,a=IDLE,uri=null,age=0}
01:46:23.499 [qtp399373008-60] DEBUG org.eclipse.jetty.io.ssl.SslConnection - >fill SslConnection@295d3154::SocketChannelEndPoint@437dd2a4{l=/127.0.0.1:33719,r=/127.0.0.1:51192,OPEN,fill=-,flush=-,to=1/30000}{io=0/0,kio=0,kro=1}->SslConnection@295d3154{NOT_HANDSHAKING,eio=-1/-1,di=-1,fill=IDLE,flush=IDLE}~>DecryptedEndPoint@1a765e2d{l=/127.0.0.1:33719,r=/127.0.0.1:51192,OPEN,fill=-,flush=-,to=45/30000}=>HttpConnection@6650abe0[p=HttpParser{s=START,0 of -1},g=HttpGenerator@1729564{s=START}]=>HttpChannelOverHttp@62d006ad{s=HttpChannelState@3733529d{s=IDLE rs=BLOCKING os=OPEN is=IDLE awp=false se=false i=true al=0},r=1,c=false/false,a=IDLE,uri=null,age=0}
01:46:23.499 [qtp399373008-60] DEBUG org.eclipse.jetty.io.ssl.SslConnection - fill NOT_HANDSHAKING
01:46:23.499 [qtp399373008-60] DEBUG org.eclipse.jetty.io.ChannelEndPoint - filled 0 HeapByteBuffer@25c362b3[p=0,l=0,c=17408,r=0]={<<<>>>\x17\x03\x03\x06\x85\xF5{#=...\x00\x00\x00\x00\x00\x00\x00}
01:46:23.499 [qtp399373008-60] DEBUG org.eclipse.jetty.io.ssl.SslConnection - net filled=0
01:46:23.499 [qtp399373008-60] DEBUG org.eclipse.jetty.io.ssl.SslConnection - unwrap net_filled=0 Status = BUFFER_UNDERFLOW HandshakeStatus = NOT_HANDSHAKING bytesConsumed = 0 bytesProduced = 0 encryptedBuffer=[p=0,l=0,c=17408,r=0] unwrapBuffer=HeapByteBuffer@2f3b09c3[p=0,l=0,c=17408,r=0]={<<<>>>GET /conf...\x00\x00\x00\x00\x00\x00\x00} appBuffer=HeapByteBuffer@2f3b09c3[p=0,l=0,c=17408,r=0]={<<<>>>GET /conf...\x00\x00\x00\x00\x00\x00\x00}
01:46:23.499 [qtp399373008-60] DEBUG org.eclipse.jetty.io.ssl.SslConnection - <fill f=0 uf=true SslConnection@295d3154::SocketChannelEndPoint@437dd2a4{l=/127.0.0.1:33719,r=/127.0.0.1:51192,OPEN,fill=-,flush=-,to=1/30000}{io=0/0,kio=0,kro=1}->SslConnection@295d3154{NOT_HANDSHAKING,eio=-1/-1,di=-1,fill=IDLE,flush=IDLE}~>DecryptedEndPoint@1a765e2d{l=/127.0.0.1:33719,r=/127.0.0.1:51192,OPEN,fill=-,flush=-,to=45/30000}=>HttpConnection@6650abe0[p=HttpParser{s=START,0 of -1},g=HttpGenerator@1729564{s=START}]=>HttpChannelOverHttp@62d006ad{s=HttpChannelState@3733529d{s=IDLE rs=BLOCKING os=OPEN is=IDLE awp=false se=false i=true al=0},r=1,c=false/false,a=IDLE,uri=null,age=0}
01:46:23.499 [qtp399373008-60] DEBUG org.eclipse.jetty.io.ssl.SslConnection - >fill SslConnection@295d3154::SocketChannelEndPoint@437dd2a4{l=/127.0.0.1:33719,r=/127.0.0.1:51192,OPEN,fill=-,flush=-,to=1/30000}{io=0/0,kio=0,kro=1}->SslConnection@295d3154{NOT_HANDSHAKING,eio=-1/-1,di=-1,fill=IDLE,flush=IDLE}~>DecryptedEndPoint@1a765e2d{l=/127.0.0.1:33719,r=/127.0.0.1:51192,OPEN,fill=-,flush=-,to=45/30000}=>HttpConnection@6650abe0[p=HttpParser{s=START,0 of -1},g=HttpGenerator@1729564{s=START}]=>HttpChannelOverHttp@62d006ad{s=HttpChannelState@3733529d{s=IDLE rs=BLOCKING os=OPEN is=IDLE awp=false se=false i=true al=0},r=1,c=false/false,a=IDLE,uri=null,age=0}
01:46:23.499 [qtp399373008-60] DEBUG org.eclipse.jetty.io.ssl.SslConnection - fill NOT_HANDSHAKING
01:46:23.499 [qtp399373008-60] DEBUG org.eclipse.jetty.io.ChannelEndPoint - filled 0 HeapByteBuffer@21fcf254[p=0,l=0,c=17408,r=0]={<<<>>>\x17\x03\x03\x03\xAd\x0b\x00\x03\x88...\x00\x00\x00\x00\x00\x00\x00}
01:46:23.499 [qtp399373008-60] DEBUG org.eclipse.jetty.io.ssl.SslConnection - net filled=0
01:46:23.499 [qtp399373008-60] DEBUG org.eclipse.jetty.io.ssl.SslConnection - unwrap net_filled=0 Status = BUFFER_UNDERFLOW HandshakeStatus = NOT_HANDSHAKING bytesConsumed = 0 bytesProduced = 0 encryptedBuffer=[p=0,l=0,c=17408,r=0] unwrapBuffer=HeapByteBuffer@2f3b09c3[p=0,l=0,c=17408,r=0]={<<<>>>GET /conf...\x00\x00\x00\x00\x00\x00\x00} appBuffer=HeapByteBuffer@2f3b09c3[p=0,l=0,c=17408,r=0]={<<<>>>GET /conf...\x00\x00\x00\x00\x00\x00\x00}
01:46:23.499 [qtp399373008-60] DEBUG org.eclipse.jetty.io.ssl.SslConnection - <fill f=0 uf=true SslConnection@295d3154::SocketChannelEndPoint@437dd2a4{l=/127.0.0.1:33719,r=/127.0.0.1:51192,OPEN,fill=-,flush=-,to=1/30000}{io=0/0,kio=0,kro=1}->SslConnection@295d3154{NOT_HANDSHAKING,eio=-1/-1,di=-1,fill=IDLE,flush=IDLE}~>DecryptedEndPoint@1a765e2d{l=/127.0.0.1:33719,r=/127.0.0.1:51192,OPEN,fill=-,flush=-,to=45/30000}=>HttpConnection@6650abe0[p=HttpParser{s=START,0 of -1},g=HttpGenerator@1729564{s=START}]=>HttpChannelOverHttp@62d006ad{s=HttpChannelState@3733529d{s=IDLE rs=BLOCKING os=OPEN is=IDLE awp=false se=false i=true al=0},r=1,c=false/false,a=IDLE,uri=null,age=0}
01:46:23.499 [qtp399373008-60] DEBUG org.eclipse.jetty.server.HttpConnection - HttpConnection@6650abe0::DecryptedEndPoint@1a765e2d{l=/127.0.0.1:33719,r=/127.0.0.1:51192,OPEN,fill=-,flush=-,to=45/30000} filled 0 HeapByteBuffer@2f3b09c3[p=0,l=0,c=17408,r=0]={<<<>>>GET /conf...\x00\x00\x00\x00\x00\x00\x00}
01:46:23.499 [qtp399373008-60] DEBUG org.eclipse.jetty.server.HttpConnection - HttpConnection@6650abe0::DecryptedEndPoint@1a765e2d{l=/127.0.0.1:33719,r=/127.0.0.1:51192,OPEN,fill=-,flush=-,to=45/30000} parse HeapByteBuffer@2f3b09c3[p=0,l=0,c=17408,r=0]={<<<>>>GET /conf...\x00\x00\x00\x00\x00\x00\x00} {}
01:46:23.499 [qtp399373008-60] DEBUG org.eclipse.jetty.http.HttpParser - parseNext s=START HeapByteBuffer@2f3b09c3[p=0,l=0,c=17408,r=0]={<<<>>>GET /conf...\x00\x00\x00\x00\x00\x00\x00}
01:46:23.499 [qtp399373008-60] DEBUG org.eclipse.jetty.server.HttpConnection - HttpConnection@6650abe0::DecryptedEndPoint@1a765e2d{l=/127.0.0.1:33719,r=/127.0.0.1:51192,OPEN,fill=-,flush=-,to=45/30000} parsed false HttpParser{s=START,0 of -1}
01:46:23.499 [qtp399373008-60] DEBUG org.eclipse.jetty.server.HttpConnection - releaseRequestBuffer HttpConnection@6650abe0::DecryptedEndPoint@1a765e2d{l=/127.0.0.1:33719,r=/127.0.0.1:51192,OPEN,fill=-,flush=-,to=45/30000}
01:46:23.499 [qtp399373008-60] DEBUG org.eclipse.jetty.io.AbstractConnection - fillInterested HttpConnection@6650abe0::DecryptedEndPoint@1a765e2d{l=/127.0.0.1:33719,r=/127.0.0.1:51192,OPEN,fill=-,flush=-,to=45/30000}
01:46:23.499 [qtp399373008-60] DEBUG org.eclipse.jetty.io.FillInterest - interested FillInterest@621e3101{AC.ReadCB@6650abe0{HttpConnection@6650abe0::DecryptedEndPoint@1a765e2d{l=/127.0.0.1:33719,r=/127.0.0.1:51192,OPEN,fill=FI,flush=-,to=0/30000}}}
01:46:23.499 [qtp399373008-60] DEBUG org.eclipse.jetty.io.ssl.SslConnection - >needFillInterest s=IDLE/IDLE uf=true ei=null di=null SslConnection@295d3154::SocketChannelEndPoint@437dd2a4{l=/127.0.0.1:33719,r=/127.0.0.1:51192,OPEN,fill=-,flush=-,to=1/30000}{io=0/0,kio=0,kro=1}->SslConnection@295d3154{NOT_HANDSHAKING,eio=-1/-1,di=-1,fill=IDLE,flush=IDLE}~>DecryptedEndPoint@1a765e2d{l=/127.0.0.1:33719,r=/127.0.0.1:51192,OPEN,fill=FI,flush=-,to=0/30000}=>HttpConnection@6650abe0[p=HttpParser{s=START,0 of -1},g=HttpGenerator@1729564{s=START}]=>HttpChannelOverHttp@62d006ad{s=HttpChannelState@3733529d{s=IDLE rs=BLOCKING os=OPEN is=IDLE awp=false se=false i=true al=0},r=1,c=false/false,a=IDLE,uri=null,age=0}
01:46:23.499 [qtp399373008-60] DEBUG org.eclipse.jetty.io.ssl.SslConnection - <needFillInterest s=IDLE/INTERESTED f=false i=true w=null
01:46:23.499 [qtp399373008-60] DEBUG org.eclipse.jetty.io.ssl.SslConnection - ensureFillInterested SslConnection@295d3154::SocketChannelEndPoint@437dd2a4{l=/127.0.0.1:33719,r=/127.0.0.1:51192,OPEN,fill=-,flush=-,to=2/30000}{io=0/0,kio=0,kro=1}->SslConnection@295d3154{NOT_HANDSHAKING,eio=-1/-1,di=-1,fill=INTERESTED,flush=IDLE}~>DecryptedEndPoint@1a765e2d{l=/127.0.0.1:33719,r=/127.0.0.1:51192,OPEN,fill=FI,flush=-,to=0/30000}=>HttpConnection@6650abe0[p=HttpParser{s=START,0 of -1},g=HttpGenerator@1729564{s=START}]=>HttpChannelOverHttp@62d006ad{s=HttpChannelState@3733529d{s=IDLE rs=BLOCKING os=OPEN is=IDLE awp=false se=false i=true al=0},r=1,c=false/false,a=IDLE,uri=null,age=0}
01:46:23.499 [qtp399373008-60] DEBUG org.eclipse.jetty.io.FillInterest - interested FillInterest@5f1379df{SSLC.NBReadCB@295d3154{SslConnection@295d3154::SocketChannelEndPoint@437dd2a4{l=/127.0.0.1:33719,r=/127.0.0.1:51192,OPEN,fill=FI,flush=-,to=0/30000}{io=0/0,kio=0,kro=1}->SslConnection@295d3154{NOT_HANDSHAKING,eio=-1/-1,di=-1,fill=INTERESTED,flush=IDLE}~>DecryptedEndPoint@1a765e2d{l=/127.0.0.1:33719,r=/127.0.0.1:51192,OPEN,fill=FI,flush=-,to=0/30000}=>HttpConnection@6650abe0[p=HttpParser{s=START,0 of -1},g=HttpGenerator@1729564{s=START}]=>HttpChannelOverHttp@62d006ad{s=HttpChannelState@3733529d{s=IDLE rs=BLOCKING os=OPEN is=IDLE awp=false se=false i=true al=0},r=1,c=false/false,a=IDLE,uri=null,age=0}}}
01:46:23.499 [qtp399373008-60] DEBUG org.eclipse.jetty.io.ChannelEndPoint - changeInterests p=false 0->1 for SocketChannelEndPoint@437dd2a4{l=/127.0.0.1:33719,r=/127.0.0.1:51192,OPEN,fill=FI,flush=-,to=0/30000}{io=0/1,kio=0,kro=1}->SslConnection@295d3154{NOT_HANDSHAKING,eio=-1/-1,di=-1,fill=INTERESTED,flush=IDLE}~>DecryptedEndPoint@1a765e2d{l=/127.0.0.1:33719,r=/127.0.0.1:51192,OPEN,fill=FI,flush=-,to=0/30000}=>HttpConnection@6650abe0[p=HttpParser{s=START,0 of -1},g=HttpGenerator@1729564{s=START}]=>HttpChannelOverHttp@62d006ad{s=HttpChannelState@3733529d{s=IDLE rs=BLOCKING os=OPEN is=IDLE awp=false se=false i=true al=0},r=1,c=false/false,a=IDLE,uri=null,age=0}
01:46:23.499 [qtp399373008-60] DEBUG org.eclipse.jetty.io.ManagedSelector - Queued change lazy=false org.eclipse.jetty.io.ChannelEndPoint$$Lambda$255/981852870@1f8434f8 on ManagedSelector@5733f295{STARTED} id=1 keys=2 selected=0 updates=0
01:46:23.500 [qtp399373008-60] DEBUG org.eclipse.jetty.io.ManagedSelector - Wakeup on submit ManagedSelector@5733f295{STARTED} id=1 keys=2 selected=0 updates=1
01:46:23.500 [qtp399373008-60] DEBUG org.eclipse.jetty.server.HttpConnection - HttpConnection@6650abe0::DecryptedEndPoint@1a765e2d{l=/127.0.0.1:33719,r=/127.0.0.1:51192,OPEN,fill=FI,flush=-,to=0/30000} onFillable exit HttpChannelState@3733529d{s=IDLE rs=BLOCKING os=OPEN is=IDLE awp=false se=false i=true al=0} null
01:46:23.500 [qtp399373008-57] DEBUG org.eclipse.jetty.io.ManagedSelector - Selector sun.nio.ch.EPollSelectorImpl@60af7bcf woken with none selected
01:46:23.500 [qtp399373008-57] DEBUG org.eclipse.jetty.io.ManagedSelector - Selector sun.nio.ch.EPollSelectorImpl@60af7bcf woken up from select, 0/0/2 selected
01:46:23.500 [qtp399373008-57] DEBUG org.eclipse.jetty.io.ManagedSelector - Selector sun.nio.ch.EPollSelectorImpl@60af7bcf processing 0 keys, 1 updates
01:46:23.500 [qtp399373008-57] DEBUG org.eclipse.jetty.io.ManagedSelector - updateable 1
01:46:23.500 [qtp399373008-60] DEBUG org.eclipse.jetty.io.ssl.SslConnection - <c.onFillable SslConnection@295d3154::SocketChannelEndPoint@437dd2a4{l=/127.0.0.1:33719,r=/127.0.0.1:51192,OPEN,fill=FI,flush=-,to=0/30000}{io=0/1,kio=0,kro=1}->SslConnection@295d3154{NOT_HANDSHAKING,eio=-1/-1,di=-1,fill=INTERESTED,flush=IDLE}~>DecryptedEndPoint@1a765e2d{l=/127.0.0.1:33719,r=/127.0.0.1:51192,OPEN,fill=FI,flush=-,to=0/30000}=>HttpConnection@6650abe0[p=HttpParser{s=START,0 of -1},g=HttpGenerator@1729564{s=START}]=>HttpChannelOverHttp@62d006ad{s=HttpChannelState@3733529d{s=IDLE rs=BLOCKING os=OPEN is=IDLE awp=false se=false i=true al=0},r=1,c=false/false,a=IDLE,uri=null,age=0}
01:46:23.500 [qtp399373008-57] DEBUG org.eclipse.jetty.io.ManagedSelector - update org.eclipse.jetty.io.ChannelEndPoint$$Lambda$255/981852870@1f8434f8
01:46:23.500 [qtp399373008-60] DEBUG org.eclipse.jetty.util.thread.ReservedThreadExecutor - ReservedThread@2f559391{RUNNING,thread=Thread[qtp399373008-60,5,main]} was=RUNNING next=RESERVED size=0+2 capacity=8
01:46:23.500 [qtp399373008-60] DEBUG org.eclipse.jetty.util.thread.ReservedThreadExecutor - ReservedThread@2f559391{RESERVED,thread=Thread[qtp399373008-60,5,main]} waiting ReservedThreadExecutor@424fd310{reserved=2/8,pending=0}
01:46:23.500 [qtp399373008-57] DEBUG org.eclipse.jetty.io.ChannelEndPoint - Key interests updated 0 -> 1 on SocketChannelEndPoint@437dd2a4{l=/127.0.0.1:33719,r=/127.0.0.1:51192,OPEN,fill=FI,flush=-,to=0/30000}{io=1/1,kio=1,kro=1}->SslConnection@295d3154{NOT_HANDSHAKING,eio=-1/-1,di=-1,fill=INTERESTED,flush=IDLE}~>DecryptedEndPoint@1a765e2d{l=/127.0.0.1:33719,r=/127.0.0.1:51192,OPEN,fill=FI,flush=-,to=0/30000}=>HttpConnection@6650abe0[p=HttpParser{s=START,0 of -1},g=HttpGenerator@1729564{s=START}]=>HttpChannelOverHttp@62d006ad{s=HttpChannelState@3733529d{s=IDLE rs=BLOCKING os=OPEN is=IDLE awp=false se=false i=true al=0},r=1,c=false/false,a=IDLE,uri=null,age=0}
01:46:23.500 [qtp399373008-57] DEBUG org.eclipse.jetty.io.ManagedSelector - updates 0
01:46:23.500 [qtp399373008-57] DEBUG org.eclipse.jetty.io.ManagedSelector - Selector sun.nio.ch.EPollSelectorImpl@60af7bcf waiting with 2 keys
]]></system-out>
  </testcase>
  <testcase name="testNoUpdate" classname="org.apache.nifi.minifi.bootstrap.configuration.ingestors.PullHttpChangeIngestorSSLTest" time="0.06">
    <system-out><![CDATA[01:46:23.503 [main] DEBUG org.apache.nifi.minifi.bootstrap.configuration.ingestors.PullHttpChangeIngestor - Attempting to pull new config
01:46:23.504 [qtp399373008-59-acceptor-0@53dacd14-ServerConnector@2374d36a{SSL, (ssl, http/1.1)}{localhost:33719}] DEBUG org.eclipse.jetty.io.ManagedSelector - Queued change lazy=false Accept@6a86c41b[java.nio.channels.SocketChannel[connected local=/127.0.0.1:33719 remote=/127.0.0.1:51208]] on ManagedSelector@47a86fbb{STARTED} id=2 keys=1 selected=0 updates=0
01:46:23.504 [qtp399373008-59-acceptor-0@53dacd14-ServerConnector@2374d36a{SSL, (ssl, http/1.1)}{localhost:33719}] DEBUG org.eclipse.jetty.io.ManagedSelector - Wakeup on submit ManagedSelector@47a86fbb{STARTED} id=2 keys=1 selected=0 updates=1
01:46:23.504 [qtp399373008-61] DEBUG org.eclipse.jetty.io.ManagedSelector - Selector sun.nio.ch.EPollSelectorImpl@ecff91a woken with none selected
01:46:23.504 [qtp399373008-61] DEBUG org.eclipse.jetty.io.ManagedSelector - Selector sun.nio.ch.EPollSelectorImpl@ecff91a woken up from select, 0/0/1 selected
01:46:23.504 [qtp399373008-61] DEBUG org.eclipse.jetty.io.ManagedSelector - Selector sun.nio.ch.EPollSelectorImpl@ecff91a processing 0 keys, 1 updates
01:46:23.504 [qtp399373008-61] DEBUG org.eclipse.jetty.io.ManagedSelector - updateable 1
01:46:23.504 [qtp399373008-61] DEBUG org.eclipse.jetty.io.ManagedSelector - update Accept@6a86c41b[java.nio.channels.SocketChannel[connected local=/127.0.0.1:33719 remote=/127.0.0.1:51208]]
01:46:23.504 [qtp399373008-61] DEBUG org.eclipse.jetty.util.thread.QueuedThreadPool - queue Accept@6a86c41b[java.nio.channels.SocketChannel[connected local=/127.0.0.1:33719 remote=/127.0.0.1:51208]] startThread=0
01:46:23.504 [qtp399373008-61] DEBUG org.eclipse.jetty.io.ManagedSelector - updates 0
01:46:23.504 [qtp399373008-61] DEBUG org.eclipse.jetty.io.ManagedSelector - Selector sun.nio.ch.EPollSelectorImpl@ecff91a waiting with 2 keys
01:46:23.504 [qtp399373008-55] DEBUG org.eclipse.jetty.util.thread.QueuedThreadPool - run Accept@6a86c41b[java.nio.channels.SocketChannel[connected local=/127.0.0.1:33719 remote=/127.0.0.1:51208]] in QueuedThreadPool[qtp399373008]@17cdf2d0{STARTED,8<=8<=200,i=0,r=-1,q=0}[ReservedThreadExecutor@424fd310{reserved=2/8,pending=0}]
01:46:23.504 [qtp399373008-55] DEBUG org.eclipse.jetty.io.IdleTimeout - SocketChannelEndPoint@ac85bd9{l=/127.0.0.1:33719,r=/127.0.0.1:51208,OPEN,fill=-,flush=-,to=0/30000}{io=0/0,kio=0,kro=0}-><null> idle timeout check, elapsed: 0 ms, remaining: 30000 ms
01:46:23.505 [qtp399373008-55] DEBUG org.eclipse.jetty.util.ssl.SslContextFactory - Customize sun.security.ssl.SSLEngineImpl@19cde5b8
01:46:23.505 [qtp399373008-55] DEBUG org.eclipse.jetty.server.HttpChannel - new HttpChannelOverHttp@5dd4badf{s=HttpChannelState@63c97669{s=IDLE rs=BLOCKING os=OPEN is=IDLE awp=false se=false i=true al=0},r=0,c=false/false,a=IDLE,uri=null,age=0} -> DecryptedEndPoint@2b17ef5a{l=/127.0.0.1:33719,r=/127.0.0.1:51208,OPEN,fill=-,flush=-,to=0/30000},null,HttpChannelState@63c97669{s=IDLE rs=BLOCKING os=OPEN is=IDLE awp=false se=false i=true al=0}
01:46:23.505 [qtp399373008-55] DEBUG org.eclipse.jetty.server.HttpConnection - New HTTP Connection HttpConnection@5d812fa5::DecryptedEndPoint@2b17ef5a{l=/127.0.0.1:33719,r=/127.0.0.1:51208,OPEN,fill=-,flush=-,to=0/30000}
01:46:23.505 [qtp399373008-55] DEBUG org.eclipse.jetty.io.ManagedSelector - Queued change lazy=true org.eclipse.jetty.io.ManagedSelector$$Lambda$258/102804084@25fb6488 on ManagedSelector@47a86fbb{STARTED} id=2 keys=2 selected=0 updates=0
01:46:23.505 [qtp399373008-55] DEBUG org.eclipse.jetty.io.AbstractEndPoint - onOpen SocketChannelEndPoint@ac85bd9{l=/127.0.0.1:33719,r=/127.0.0.1:51208,OPEN,fill=-,flush=-,to=0/30000}{io=0/0,kio=0,kro=0}->SslConnection@d292460{NOT_HANDSHAKING,eio=-1/-1,di=-1,fill=IDLE,flush=IDLE}~>DecryptedEndPoint@2b17ef5a{l=/127.0.0.1:33719,r=/127.0.0.1:51208,OPEN,fill=-,flush=-,to=0/30000}=>HttpConnection@5d812fa5[p=HttpParser{s=START,0 of -1},g=HttpGenerator@19d067a0{s=START}]=>HttpChannelOverHttp@5dd4badf{s=HttpChannelState@63c97669{s=IDLE rs=BLOCKING os=OPEN is=IDLE awp=false se=false i=true al=0},r=0,c=false/false,a=IDLE,uri=null,age=0}
01:46:23.505 [qtp399373008-55] DEBUG org.eclipse.jetty.io.AbstractConnection - onOpen SslConnection@d292460::SocketChannelEndPoint@ac85bd9{l=/127.0.0.1:33719,r=/127.0.0.1:51208,OPEN,fill=-,flush=-,to=0/30000}{io=0/0,kio=0,kro=0}->SslConnection@d292460{NOT_HANDSHAKING,eio=-1/-1,di=-1,fill=IDLE,flush=IDLE}~>DecryptedEndPoint@2b17ef5a{l=/127.0.0.1:33719,r=/127.0.0.1:51208,OPEN,fill=-,flush=-,to=0/30000}=>HttpConnection@5d812fa5[p=HttpParser{s=START,0 of -1},g=HttpGenerator@19d067a0{s=START}]=>HttpChannelOverHttp@5dd4badf{s=HttpChannelState@63c97669{s=IDLE rs=BLOCKING os=OPEN is=IDLE awp=false se=false i=true al=0},r=0,c=false/false,a=IDLE,uri=null,age=0}
01:46:23.505 [qtp399373008-55] DEBUG org.eclipse.jetty.io.AbstractConnection - onOpen HttpConnection@5d812fa5::DecryptedEndPoint@2b17ef5a{l=/127.0.0.1:33719,r=/127.0.0.1:51208,OPEN,fill=-,flush=-,to=0/30000}
01:46:23.505 [qtp399373008-55] DEBUG org.eclipse.jetty.io.AbstractConnection - fillInterested HttpConnection@5d812fa5::DecryptedEndPoint@2b17ef5a{l=/127.0.0.1:33719,r=/127.0.0.1:51208,OPEN,fill=-,flush=-,to=0/30000}
01:46:23.505 [qtp399373008-55] DEBUG org.eclipse.jetty.io.FillInterest - interested FillInterest@4d789f38{AC.ReadCB@5d812fa5{HttpConnection@5d812fa5::DecryptedEndPoint@2b17ef5a{l=/127.0.0.1:33719,r=/127.0.0.1:51208,OPEN,fill=FI,flush=-,to=0/30000}}}
01:46:23.505 [qtp399373008-55] DEBUG org.eclipse.jetty.io.ssl.SslConnection - >needFillInterest s=IDLE/IDLE uf=false ei=null di=null SslConnection@d292460::SocketChannelEndPoint@ac85bd9{l=/127.0.0.1:33719,r=/127.0.0.1:51208,OPEN,fill=-,flush=-,to=0/30000}{io=0/0,kio=0,kro=0}->SslConnection@d292460{NOT_HANDSHAKING,eio=-1/-1,di=-1,fill=IDLE,flush=IDLE}~>DecryptedEndPoint@2b17ef5a{l=/127.0.0.1:33719,r=/127.0.0.1:51208,OPEN,fill=FI,flush=-,to=0/30000}=>HttpConnection@5d812fa5[p=HttpParser{s=START,0 of -1},g=HttpGenerator@19d067a0{s=START}]=>HttpChannelOverHttp@5dd4badf{s=HttpChannelState@63c97669{s=IDLE rs=BLOCKING os=OPEN is=IDLE awp=false se=false i=true al=0},r=0,c=false/false,a=IDLE,uri=null,age=0}
01:46:23.505 [qtp399373008-55] DEBUG org.eclipse.jetty.io.ssl.SslConnection - <needFillInterest s=IDLE/INTERESTED f=false i=true w=null
01:46:23.505 [qtp399373008-55] DEBUG org.eclipse.jetty.io.ssl.SslConnection - ensureFillInterested SslConnection@d292460::SocketChannelEndPoint@ac85bd9{l=/127.0.0.1:33719,r=/127.0.0.1:51208,OPEN,fill=-,flush=-,to=0/30000}{io=0/0,kio=0,kro=0}->SslConnection@d292460{NOT_HANDSHAKING,eio=-1/-1,di=-1,fill=INTERESTED,flush=IDLE}~>DecryptedEndPoint@2b17ef5a{l=/127.0.0.1:33719,r=/127.0.0.1:51208,OPEN,fill=FI,flush=-,to=0/30000}=>HttpConnection@5d812fa5[p=HttpParser{s=START,0 of -1},g=HttpGenerator@19d067a0{s=START}]=>HttpChannelOverHttp@5dd4badf{s=HttpChannelState@63c97669{s=IDLE rs=BLOCKING os=OPEN is=IDLE awp=false se=false i=true al=0},r=0,c=false/false,a=IDLE,uri=null,age=0}
01:46:23.505 [qtp399373008-55] DEBUG org.eclipse.jetty.io.FillInterest - interested FillInterest@33596d3b{SSLC.NBReadCB@d292460{SslConnection@d292460::SocketChannelEndPoint@ac85bd9{l=/127.0.0.1:33719,r=/127.0.0.1:51208,OPEN,fill=FI,flush=-,to=0/30000}{io=0/0,kio=0,kro=0}->SslConnection@d292460{NOT_HANDSHAKING,eio=-1/-1,di=-1,fill=INTERESTED,flush=IDLE}~>DecryptedEndPoint@2b17ef5a{l=/127.0.0.1:33719,r=/127.0.0.1:51208,OPEN,fill=FI,flush=-,to=0/30000}=>HttpConnection@5d812fa5[p=HttpParser{s=START,0 of -1},g=HttpGenerator@19d067a0{s=START}]=>HttpChannelOverHttp@5dd4badf{s=HttpChannelState@63c97669{s=IDLE rs=BLOCKING os=OPEN is=IDLE awp=false se=false i=true al=0},r=0,c=false/false,a=IDLE,uri=null,age=0}}}
01:46:23.505 [qtp399373008-55] DEBUG org.eclipse.jetty.io.ChannelEndPoint - changeInterests p=false 0->1 for SocketChannelEndPoint@ac85bd9{l=/127.0.0.1:33719,r=/127.0.0.1:51208,OPEN,fill=FI,flush=-,to=0/30000}{io=0/1,kio=0,kro=0}->SslConnection@d292460{NOT_HANDSHAKING,eio=-1/-1,di=-1,fill=INTERESTED,flush=IDLE}~>DecryptedEndPoint@2b17ef5a{l=/127.0.0.1:33719,r=/127.0.0.1:51208,OPEN,fill=FI,flush=-,to=0/30000}=>HttpConnection@5d812fa5[p=HttpParser{s=START,0 of -1},g=HttpGenerator@19d067a0{s=START}]=>HttpChannelOverHttp@5dd4badf{s=HttpChannelState@63c97669{s=IDLE rs=BLOCKING os=OPEN is=IDLE awp=false se=false i=true al=0},r=0,c=false/false,a=IDLE,uri=null,age=0}
01:46:23.505 [qtp399373008-55] DEBUG org.eclipse.jetty.io.ManagedSelector - Queued change lazy=false org.eclipse.jetty.io.ChannelEndPoint$$Lambda$255/981852870@77975514 on ManagedSelector@47a86fbb{STARTED} id=2 keys=2 selected=0 updates=1
01:46:23.505 [qtp399373008-55] DEBUG org.eclipse.jetty.io.ManagedSelector - Wakeup on submit ManagedSelector@47a86fbb{STARTED} id=2 keys=2 selected=0 updates=2
01:46:23.505 [qtp399373008-61] DEBUG org.eclipse.jetty.io.ManagedSelector - Selector sun.nio.ch.EPollSelectorImpl@ecff91a woken with none selected
01:46:23.505 [qtp399373008-61] DEBUG org.eclipse.jetty.io.ManagedSelector - Selector sun.nio.ch.EPollSelectorImpl@ecff91a woken up from select, 0/0/2 selected
01:46:23.505 [qtp399373008-61] DEBUG org.eclipse.jetty.io.ManagedSelector - Selector sun.nio.ch.EPollSelectorImpl@ecff91a processing 0 keys, 2 updates
01:46:23.505 [qtp399373008-55] DEBUG org.eclipse.jetty.io.ManagedSelector - Created SocketChannelEndPoint@ac85bd9{l=/127.0.0.1:33719,r=/127.0.0.1:51208,OPEN,fill=FI,flush=-,to=0/30000}{io=0/1,kio=0,kro=0}->SslConnection@d292460{NOT_HANDSHAKING,eio=-1/-1,di=-1,fill=INTERESTED,flush=IDLE}~>DecryptedEndPoint@2b17ef5a{l=/127.0.0.1:33719,r=/127.0.0.1:51208,OPEN,fill=FI,flush=-,to=0/30000}=>HttpConnection@5d812fa5[p=HttpParser{s=START,0 of -1},g=HttpGenerator@19d067a0{s=START}]=>HttpChannelOverHttp@5dd4badf{s=HttpChannelState@63c97669{s=IDLE rs=BLOCKING os=OPEN is=IDLE awp=false se=false i=true al=0},r=0,c=false/false,a=IDLE,uri=null,age=0}
01:46:23.505 [qtp399373008-61] DEBUG org.eclipse.jetty.io.ManagedSelector - updateable 2
01:46:23.505 [qtp399373008-61] DEBUG org.eclipse.jetty.io.ManagedSelector - update org.eclipse.jetty.io.ManagedSelector$$Lambda$258/102804084@25fb6488
01:46:23.506 [qtp399373008-61] DEBUG org.eclipse.jetty.io.ManagedSelector - update org.eclipse.jetty.io.ChannelEndPoint$$Lambda$255/981852870@77975514
01:46:23.506 [qtp399373008-55] DEBUG org.eclipse.jetty.util.thread.QueuedThreadPool - ran Accept@6a86c41b[java.nio.channels.SocketChannel[connected local=/127.0.0.1:33719 remote=/127.0.0.1:51208]] in QueuedThreadPool[qtp399373008]@17cdf2d0{STARTED,8<=8<=200,i=0,r=-1,q=0}[ReservedThreadExecutor@424fd310{reserved=2/8,pending=0}]
01:46:23.506 [qtp399373008-61] DEBUG org.eclipse.jetty.io.ChannelEndPoint - Key interests updated 0 -> 1 on SocketChannelEndPoint@ac85bd9{l=/127.0.0.1:33719,r=/127.0.0.1:51208,OPEN,fill=FI,flush=-,to=0/30000}{io=1/1,kio=1,kro=0}->SslConnection@d292460{NOT_HANDSHAKING,eio=-1/-1,di=-1,fill=INTERESTED,flush=IDLE}~>DecryptedEndPoint@2b17ef5a{l=/127.0.0.1:33719,r=/127.0.0.1:51208,OPEN,fill=FI,flush=-,to=0/30000}=>HttpConnection@5d812fa5[p=HttpParser{s=START,0 of -1},g=HttpGenerator@19d067a0{s=START}]=>HttpChannelOverHttp@5dd4badf{s=HttpChannelState@63c97669{s=IDLE rs=BLOCKING os=OPEN is=IDLE awp=false se=false i=true al=0},r=0,c=false/false,a=IDLE,uri=null,age=0}
01:46:23.506 [qtp399373008-61] DEBUG org.eclipse.jetty.io.ManagedSelector - updates 0
01:46:23.506 [qtp399373008-61] DEBUG org.eclipse.jetty.io.ManagedSelector - Selector sun.nio.ch.EPollSelectorImpl@ecff91a waiting with 2 keys
01:46:23.506 [qtp399373008-61] DEBUG org.eclipse.jetty.io.ManagedSelector - Selector sun.nio.ch.EPollSelectorImpl@ecff91a woken up from select, 1/1/2 selected
01:46:23.506 [qtp399373008-61] DEBUG org.eclipse.jetty.io.ManagedSelector - Selector sun.nio.ch.EPollSelectorImpl@ecff91a processing 1 keys, 0 updates
01:46:23.506 [qtp399373008-61] DEBUG org.eclipse.jetty.io.ManagedSelector - selected 1 sun.nio.ch.SelectionKeyImpl@5130d969 SocketChannelEndPoint@ac85bd9{l=/127.0.0.1:33719,r=/127.0.0.1:51208,OPEN,fill=FI,flush=-,to=0/30000}{io=1/1,kio=1,kro=1}->SslConnection@d292460{NOT_HANDSHAKING,eio=-1/-1,di=-1,fill=INTERESTED,flush=IDLE}~>DecryptedEndPoint@2b17ef5a{l=/127.0.0.1:33719,r=/127.0.0.1:51208,OPEN,fill=FI,flush=-,to=0/30000}=>HttpConnection@5d812fa5[p=HttpParser{s=START,0 of -1},g=HttpGenerator@19d067a0{s=START}]=>HttpChannelOverHttp@5dd4badf{s=HttpChannelState@63c97669{s=IDLE rs=BLOCKING os=OPEN is=IDLE awp=false se=false i=true al=0},r=0,c=false/false,a=IDLE,uri=null,age=0} 
01:46:23.506 [qtp399373008-61] DEBUG org.eclipse.jetty.io.ChannelEndPoint - onSelected 1->0 r=true w=false for SocketChannelEndPoint@ac85bd9{l=/127.0.0.1:33719,r=/127.0.0.1:51208,OPEN,fill=FI,flush=-,to=0/30000}{io=1/0,kio=1,kro=1}->SslConnection@d292460{NOT_HANDSHAKING,eio=-1/-1,di=-1,fill=INTERESTED,flush=IDLE}~>DecryptedEndPoint@2b17ef5a{l=/127.0.0.1:33719,r=/127.0.0.1:51208,OPEN,fill=FI,flush=-,to=0/30000}=>HttpConnection@5d812fa5[p=HttpParser{s=START,0 of -1},g=HttpGenerator@19d067a0{s=START}]=>HttpChannelOverHttp@5dd4badf{s=HttpChannelState@63c97669{s=IDLE rs=BLOCKING os=OPEN is=IDLE awp=false se=false i=true al=0},r=0,c=false/false,a=IDLE,uri=null,age=0}
01:46:23.506 [qtp399373008-61] DEBUG org.eclipse.jetty.io.ChannelEndPoint - task CEP:SocketChannelEndPoint@ac85bd9{l=/127.0.0.1:33719,r=/127.0.0.1:51208,OPEN,fill=FI,flush=-,to=0/30000}{io=1/0,kio=1,kro=1}->SslConnection@d292460{NOT_HANDSHAKING,eio=-1/-1,di=-1,fill=INTERESTED,flush=IDLE}~>DecryptedEndPoint@2b17ef5a{l=/127.0.0.1:33719,r=/127.0.0.1:51208,OPEN,fill=FI,flush=-,to=0/30000}=>HttpConnection@5d812fa5[p=HttpParser{s=START,0 of -1},g=HttpGenerator@19d067a0{s=START}]=>HttpChannelOverHttp@5dd4badf{s=HttpChannelState@63c97669{s=IDLE rs=BLOCKING os=OPEN is=IDLE awp=false se=false i=true al=0},r=0,c=false/false,a=IDLE,uri=null,age=0}:runFillable:BLOCKING
01:46:23.506 [qtp399373008-61] DEBUG org.eclipse.jetty.util.thread.ReservedThreadExecutor - ReservedThreadExecutor@424fd310{reserved=2/8,pending=0} tryExecute EatWhatYouKill@1c3146bc/SelectorProducer@56c698e3/PRODUCING/p=false/QueuedThreadPool[qtp399373008]@17cdf2d0{STARTED,8<=8<=200,i=1,r=-1,q=0}[ReservedThreadExecutor@424fd310{reserved=2/8,pending=0}][pc=0,pic=0,pec=0,epc=3]@2024-05-02T01:46:23.506+01:00
01:46:23.506 [qtp399373008-61] DEBUG org.eclipse.jetty.util.thread.strategy.EatWhatYouKill - EatWhatYouKill@1c3146bc/SelectorProducer@56c698e3/IDLE/p=true/QueuedThreadPool[qtp399373008]@17cdf2d0{STARTED,8<=8<=200,i=1,r=-1,q=0}[ReservedThreadExecutor@424fd310{reserved=1/8,pending=0}][pc=0,pic=0,pec=0,epc=3]@2024-05-02T01:46:23.506+01:00 m=EXECUTE_PRODUCE_CONSUME t=CEP:SocketChannelEndPoint@ac85bd9{l=/127.0.0.1:33719,r=/127.0.0.1:51208,OPEN,fill=FI,flush=-,to=1/30000}{io=1/0,kio=1,kro=1}->SslConnection@d292460{NOT_HANDSHAKING,eio=-1/-1,di=-1,fill=INTERESTED,flush=IDLE}~>DecryptedEndPoint@2b17ef5a{l=/127.0.0.1:33719,r=/127.0.0.1:51208,OPEN,fill=FI,flush=-,to=1/30000}=>HttpConnection@5d812fa5[p=HttpParser{s=START,0 of -1},g=HttpGenerator@19d067a0{s=START}]=>HttpChannelOverHttp@5dd4badf{s=HttpChannelState@63c97669{s=IDLE rs=BLOCKING os=OPEN is=IDLE awp=false se=false i=true al=0},r=0,c=false/false,a=IDLE,uri=null,age=0}:runFillable:BLOCKING/BLOCKING
01:46:23.506 [qtp399373008-60] DEBUG org.eclipse.jetty.util.thread.ReservedThreadExecutor - ReservedThread@2f559391{RESERVED,thread=Thread[qtp399373008-60,5,main]} task=EatWhatYouKill@1c3146bc/SelectorProducer@56c698e3/IDLE/p=true/QueuedThreadPool[qtp399373008]@17cdf2d0{STARTED,8<=8<=200,i=1,r=-1,q=0}[ReservedThreadExecutor@424fd310{reserved=1/8,pending=0}][pc=0,pic=0,pec=0,epc=3]@2024-05-02T01:46:23.506+01:00 ReservedThreadExecutor@424fd310{reserved=1/8,pending=0}
01:46:23.506 [qtp399373008-61] DEBUG org.eclipse.jetty.io.FillInterest - fillable FillInterest@33596d3b{SSLC.NBReadCB@d292460{SslConnection@d292460::SocketChannelEndPoint@ac85bd9{l=/127.0.0.1:33719,r=/127.0.0.1:51208,OPEN,fill=FI,flush=-,to=1/30000}{io=1/0,kio=1,kro=1}->SslConnection@d292460{NOT_HANDSHAKING,eio=-1/-1,di=-1,fill=INTERESTED,flush=IDLE}~>DecryptedEndPoint@2b17ef5a{l=/127.0.0.1:33719,r=/127.0.0.1:51208,OPEN,fill=FI,flush=-,to=1/30000}=>HttpConnection@5d812fa5[p=HttpParser{s=START,0 of -1},g=HttpGenerator@19d067a0{s=START}]=>HttpChannelOverHttp@5dd4badf{s=HttpChannelState@63c97669{s=IDLE rs=BLOCKING os=OPEN is=IDLE awp=false se=false i=true al=0},r=0,c=false/false,a=IDLE,uri=null,age=0}}}
01:46:23.506 [qtp399373008-60] DEBUG org.eclipse.jetty.util.thread.strategy.EatWhatYouKill - EatWhatYouKill@1c3146bc/SelectorProducer@56c698e3/IDLE/p=true/QueuedThreadPool[qtp399373008]@17cdf2d0{STARTED,8<=8<=200,i=1,r=-1,q=0}[ReservedThreadExecutor@424fd310{reserved=1/8,pending=0}][pc=0,pic=0,pec=0,epc=4]@2024-05-02T01:46:23.506+01:00 tryProduce true
01:46:23.506 [qtp399373008-60] DEBUG org.eclipse.jetty.io.ManagedSelector - updateable 0
01:46:23.506 [qtp399373008-60] DEBUG org.eclipse.jetty.io.ManagedSelector - updates 0
01:46:23.506 [qtp399373008-61] DEBUG org.eclipse.jetty.io.ssl.SslConnection - >c.onFillable SslConnection@d292460::SocketChannelEndPoint@ac85bd9{l=/127.0.0.1:33719,r=/127.0.0.1:51208,OPEN,fill=-,flush=-,to=1/30000}{io=1/0,kio=1,kro=1}->SslConnection@d292460{NOT_HANDSHAKING,eio=-1/-1,di=-1,fill=INTERESTED,flush=IDLE}~>DecryptedEndPoint@2b17ef5a{l=/127.0.0.1:33719,r=/127.0.0.1:51208,OPEN,fill=FI,flush=-,to=1/30000}=>HttpConnection@5d812fa5[p=HttpParser{s=START,0 of -1},g=HttpGenerator@19d067a0{s=START}]=>HttpChannelOverHttp@5dd4badf{s=HttpChannelState@63c97669{s=IDLE rs=BLOCKING os=OPEN is=IDLE awp=false se=false i=true al=0},r=0,c=false/false,a=IDLE,uri=null,age=0}
01:46:23.506 [qtp399373008-60] DEBUG org.eclipse.jetty.io.ChannelEndPoint - Key interests updated 1 -> 0 on SocketChannelEndPoint@ac85bd9{l=/127.0.0.1:33719,r=/127.0.0.1:51208,OPEN,fill=-,flush=-,to=1/30000}{io=0/0,kio=0,kro=1}->SslConnection@d292460{NOT_HANDSHAKING,eio=-1/-1,di=-1,fill=INTERESTED,flush=IDLE}~>DecryptedEndPoint@2b17ef5a{l=/127.0.0.1:33719,r=/127.0.0.1:51208,OPEN,fill=FI,flush=-,to=1/30000}=>HttpConnection@5d812fa5[p=HttpParser{s=START,0 of -1},g=HttpGenerator@19d067a0{s=START}]=>HttpChannelOverHttp@5dd4badf{s=HttpChannelState@63c97669{s=IDLE rs=BLOCKING os=OPEN is=IDLE awp=false se=false i=true al=0},r=0,c=false/false,a=IDLE,uri=null,age=0}
01:46:23.506 [qtp399373008-61] DEBUG org.eclipse.jetty.io.ssl.SslConnection - onFillable SslConnection@d292460::SocketChannelEndPoint@ac85bd9{l=/127.0.0.1:33719,r=/127.0.0.1:51208,OPEN,fill=-,flush=-,to=1/30000}{io=0/0,kio=0,kro=1}->SslConnection@d292460{NOT_HANDSHAKING,eio=-1/-1,di=-1,fill=INTERESTED,flush=IDLE}~>DecryptedEndPoint@2b17ef5a{l=/127.0.0.1:33719,r=/127.0.0.1:51208,OPEN,fill=FI,flush=-,to=1/30000}=>HttpConnection@5d812fa5[p=HttpParser{s=START,0 of -1},g=HttpGenerator@19d067a0{s=START}]=>HttpChannelOverHttp@5dd4badf{s=HttpChannelState@63c97669{s=IDLE rs=BLOCKING os=OPEN is=IDLE awp=false se=false i=true al=0},r=0,c=false/false,a=IDLE,uri=null,age=0}
01:46:23.507 [qtp399373008-60] DEBUG org.eclipse.jetty.io.ManagedSelector - Selector sun.nio.ch.EPollSelectorImpl@ecff91a waiting with 2 keys
01:46:23.507 [qtp399373008-61] DEBUG org.eclipse.jetty.io.FillInterest - fillable FillInterest@4d789f38{AC.ReadCB@5d812fa5{HttpConnection@5d812fa5::DecryptedEndPoint@2b17ef5a{l=/127.0.0.1:33719,r=/127.0.0.1:51208,OPEN,fill=FI,flush=-,to=1/30000}}}
01:46:23.507 [qtp399373008-61] DEBUG org.eclipse.jetty.server.HttpConnection - HttpConnection@5d812fa5::DecryptedEndPoint@2b17ef5a{l=/127.0.0.1:33719,r=/127.0.0.1:51208,OPEN,fill=-,flush=-,to=1/30000} onFillable enter HttpChannelState@63c97669{s=IDLE rs=BLOCKING os=OPEN is=IDLE awp=false se=false i=true al=0} null
01:46:23.507 [qtp399373008-61] DEBUG org.eclipse.jetty.io.ssl.SslConnection - >fill SslConnection@d292460::SocketChannelEndPoint@ac85bd9{l=/127.0.0.1:33719,r=/127.0.0.1:51208,OPEN,fill=-,flush=-,to=1/30000}{io=0/0,kio=0,kro=1}->SslConnection@d292460{NOT_HANDSHAKING,eio=-1/-1,di=-1,fill=IDLE,flush=IDLE}~>DecryptedEndPoint@2b17ef5a{l=/127.0.0.1:33719,r=/127.0.0.1:51208,OPEN,fill=-,flush=-,to=1/30000}=>HttpConnection@5d812fa5[p=HttpParser{s=START,0 of -1},g=HttpGenerator@19d067a0{s=START}]=>HttpChannelOverHttp@5dd4badf{s=HttpChannelState@63c97669{s=IDLE rs=BLOCKING os=OPEN is=IDLE awp=false se=false i=true al=0},r=0,c=false/false,a=IDLE,uri=null,age=0}
01:46:23.507 [qtp399373008-61] DEBUG org.eclipse.jetty.io.ssl.SslConnection - fill NOT_HANDSHAKING
01:46:23.507 [qtp399373008-61] DEBUG org.eclipse.jetty.io.ChannelEndPoint - filled 339 HeapByteBuffer@21fcf254[p=0,l=339,c=17408,r=339]={<<<\x16\x03\x03\x01N\x01\x00\x01J\x03\x03\xCffP\x11Y\xF6=\x13z\xB2\xE6\xF8\xE7r...\x7f\x14\xCbb\xDe\x908\xD5xk;x\x05o\x9a+[@\xFf\x01\x00\x01\x00>>>\xF9\xFb}{\xC0\xFag\xC6G...\x00\x00\x00\x00\x00\x00\x00}
01:46:23.507 [qtp399373008-61] DEBUG org.eclipse.jetty.io.ssl.SslConnection - net filled=339
01:46:23.507 [qtp399373008-61] DEBUG org.eclipse.jetty.io.ssl.SslConnection - fill starting handshake SslConnection@d292460::SocketChannelEndPoint@ac85bd9{l=/127.0.0.1:33719,r=/127.0.0.1:51208,OPEN,fill=-,flush=-,to=0/30000}{io=0/0,kio=0,kro=1}->SslConnection@d292460{NOT_HANDSHAKING,eio=339/-1,di=-1,fill=IDLE,flush=IDLE}~>DecryptedEndPoint@2b17ef5a{l=/127.0.0.1:33719,r=/127.0.0.1:51208,OPEN,fill=-,flush=-,to=1/30000}=>HttpConnection@5d812fa5[p=HttpParser{s=START,0 of -1},g=HttpGenerator@19d067a0{s=START}]=>HttpChannelOverHttp@5dd4badf{s=HttpChannelState@63c97669{s=IDLE rs=BLOCKING os=OPEN is=IDLE awp=false se=false i=true al=0},r=0,c=false/false,a=IDLE,uri=null,age=0}
01:46:23.507 [qtp399373008-61] DEBUG org.eclipse.jetty.io.ssl.SslConnection - unwrap net_filled=339 Status = OK HandshakeStatus = NEED_TASK bytesConsumed = 339 bytesProduced = 0 encryptedBuffer=[p=339,l=339,c=17408,r=0] unwrapBuffer=HeapByteBuffer@25c362b3[p=0,l=0,c=17408,r=0]={<<<>>>\x17\x03\x03\x06\x85\xF5{#=...\x00\x00\x00\x00\x00\x00\x00} appBuffer=HeapByteBuffer@25c362b3[p=0,l=0,c=17408,r=0]={<<<>>>\x17\x03\x03\x06\x85\xF5{#=...\x00\x00\x00\x00\x00\x00\x00}
01:46:23.507 [qtp399373008-61] DEBUG org.eclipse.jetty.io.ssl.SslConnection - fill NEED_TASK
01:46:23.513 [qtp399373008-61] DEBUG org.eclipse.jetty.io.ssl.SslConnection - fill NEED_WRAP
01:46:23.513 [qtp399373008-61] DEBUG org.eclipse.jetty.io.ssl.SslConnection - >flush SslConnection@d292460::SocketChannelEndPoint@ac85bd9{l=/127.0.0.1:33719,r=/127.0.0.1:51208,OPEN,fill=-,flush=-,to=6/30000}{io=0/0,kio=0,kro=1}->SslConnection@d292460{NEED_WRAP,eio=0/-1,di=-1,fill=IDLE,flush=IDLE}~>DecryptedEndPoint@2b17ef5a{l=/127.0.0.1:33719,r=/127.0.0.1:51208,OPEN,fill=-,flush=-,to=8/30000}=>HttpConnection@5d812fa5[p=HttpParser{s=START,0 of -1},g=HttpGenerator@19d067a0{s=START}]=>HttpChannelOverHttp@5dd4badf{s=HttpChannelState@63c97669{s=IDLE rs=BLOCKING os=OPEN is=IDLE awp=false se=false i=true al=0},r=0,c=false/false,a=IDLE,uri=null,age=0}
01:46:23.513 [qtp399373008-61] DEBUG org.eclipse.jetty.io.ssl.SslConnection - flush b[0]=HeapByteBuffer@98da274[p=0,l=0,c=0,r=0]={<<<>>>}
01:46:23.513 [qtp399373008-61] DEBUG org.eclipse.jetty.io.ssl.SslConnection - flush NEED_WRAP
01:46:23.513 [qtp399373008-61] DEBUG org.eclipse.jetty.io.ssl.SslConnection - wrap Status = OK HandshakeStatus = NEED_WRAP bytesConsumed = 0 bytesProduced = 160 [p=0,l=160,c=17408,r=160] ioDone=false/false
01:46:23.514 [qtp399373008-61] DEBUG org.eclipse.jetty.io.ChannelEndPoint - flushed 160 SocketChannelEndPoint@ac85bd9{l=/127.0.0.1:33719,r=/127.0.0.1:51208,OPEN,fill=-,flush=-,to=6/30000}{io=0/0,kio=0,kro=1}->SslConnection@d292460{NEED_WRAP,eio=0/0,di=-1,fill=IDLE,flush=IDLE}~>DecryptedEndPoint@2b17ef5a{l=/127.0.0.1:33719,r=/127.0.0.1:51208,OPEN,fill=-,flush=-,to=8/30000}=>HttpConnection@5d812fa5[p=HttpParser{s=START,0 of -1},g=HttpGenerator@19d067a0{s=START}]=>HttpChannelOverHttp@5dd4badf{s=HttpChannelState@63c97669{s=IDLE rs=BLOCKING os=OPEN is=IDLE awp=false se=false i=true al=0},r=0,c=false/false,a=IDLE,uri=null,age=0}
01:46:23.514 [qtp399373008-61] DEBUG org.eclipse.jetty.io.ssl.SslConnection - net flushed=true, ac=true
01:46:23.514 [qtp399373008-61] DEBUG org.eclipse.jetty.io.ssl.SslConnection - flush NEED_WRAP
01:46:23.514 [qtp399373008-61] DEBUG org.eclipse.jetty.io.ssl.SslConnection - wrap Status = OK HandshakeStatus = NEED_WRAP bytesConsumed = 0 bytesProduced = 6 [p=0,l=6,c=17408,r=6] ioDone=false/false
01:46:23.514 [qtp399373008-61] DEBUG org.eclipse.jetty.io.ChannelEndPoint - flushed 6 SocketChannelEndPoint@ac85bd9{l=/127.0.0.1:33719,r=/127.0.0.1:51208,OPEN,fill=-,flush=-,to=0/30000}{io=0/0,kio=0,kro=1}->SslConnection@d292460{NEED_WRAP,eio=0/0,di=-1,fill=IDLE,flush=IDLE}~>DecryptedEndPoint@2b17ef5a{l=/127.0.0.1:33719,r=/127.0.0.1:51208,OPEN,fill=-,flush=-,to=8/30000}=>HttpConnection@5d812fa5[p=HttpParser{s=START,0 of -1},g=HttpGenerator@19d067a0{s=START}]=>HttpChannelOverHttp@5dd4badf{s=HttpChannelState@63c97669{s=IDLE rs=BLOCKING os=OPEN is=IDLE awp=false se=false i=true al=0},r=0,c=false/false,a=IDLE,uri=null,age=0}
01:46:23.514 [qtp399373008-61] DEBUG org.eclipse.jetty.io.ssl.SslConnection - net flushed=true, ac=true
01:46:23.514 [qtp399373008-61] DEBUG org.eclipse.jetty.io.ssl.SslConnection - flush NEED_WRAP
01:46:23.514 [qtp399373008-61] DEBUG org.eclipse.jetty.io.ssl.SslConnection - wrap Status = OK HandshakeStatus = NEED_UNWRAP bytesConsumed = 0 bytesProduced = 1597 [p=0,l=1597,c=17408,r=1597] ioDone=false/false
01:46:23.514 [qtp399373008-61] DEBUG org.eclipse.jetty.io.ChannelEndPoint - flushed 1597 SocketChannelEndPoint@ac85bd9{l=/127.0.0.1:33719,r=/127.0.0.1:51208,OPEN,fill=-,flush=-,to=0/30000}{io=0/0,kio=0,kro=1}->SslConnection@d292460{NEED_UNWRAP,eio=0/0,di=-1,fill=IDLE,flush=IDLE}~>DecryptedEndPoint@2b17ef5a{l=/127.0.0.1:33719,r=/127.0.0.1:51208,OPEN,fill=-,flush=-,to=9/30000}=>HttpConnection@5d812fa5[p=HttpParser{s=START,0 of -1},g=HttpGenerator@19d067a0{s=START}]=>HttpChannelOverHttp@5dd4badf{s=HttpChannelState@63c97669{s=IDLE rs=BLOCKING os=OPEN is=IDLE awp=false se=false i=true al=0},r=0,c=false/false,a=IDLE,uri=null,age=0}
01:46:23.514 [qtp399373008-61] DEBUG org.eclipse.jetty.io.ssl.SslConnection - net flushed=true, ac=true
01:46:23.514 [qtp399373008-61] DEBUG org.eclipse.jetty.io.ssl.SslConnection - <flush true SslConnection@d292460::SocketChannelEndPoint@ac85bd9{l=/127.0.0.1:33719,r=/127.0.0.1:51208,OPEN,fill=-,flush=-,to=0/30000}{io=0/0,kio=0,kro=1}->SslConnection@d292460{NEED_UNWRAP,eio=0/-1,di=-1,fill=IDLE,flush=IDLE}~>DecryptedEndPoint@2b17ef5a{l=/127.0.0.1:33719,r=/127.0.0.1:51208,OPEN,fill=-,flush=-,to=9/30000}=>HttpConnection@5d812fa5[p=HttpParser{s=START,0 of -1},g=HttpGenerator@19d067a0{s=START}]=>HttpChannelOverHttp@5dd4badf{s=HttpChannelState@63c97669{s=IDLE rs=BLOCKING os=OPEN is=IDLE awp=false se=false i=true al=0},r=0,c=false/false,a=IDLE,uri=null,age=0}
01:46:23.514 [qtp399373008-61] DEBUG org.eclipse.jetty.io.ssl.SslConnection - fill NEED_UNWRAP
01:46:23.514 [qtp399373008-61] DEBUG org.eclipse.jetty.io.ChannelEndPoint - filled 0 HeapByteBuffer@21fcf254[p=0,l=0,c=17408,r=0]={<<<>>>\x16\x03\x03\x01N\x01\x00\x01J...\x00\x00\x00\x00\x00\x00\x00}
01:46:23.515 [qtp399373008-61] DEBUG org.eclipse.jetty.io.ssl.SslConnection - net filled=0
01:46:23.515 [qtp399373008-61] DEBUG org.eclipse.jetty.io.ssl.SslConnection - unwrap net_filled=0 Status = BUFFER_UNDERFLOW HandshakeStatus = NEED_UNWRAP bytesConsumed = 0 bytesProduced = 0 encryptedBuffer=[p=0,l=0,c=17408,r=0] unwrapBuffer=HeapByteBuffer@25c362b3[p=0,l=0,c=17408,r=0]={<<<>>>\x17\x03\x03\x06\x85\xF5{#=...\x00\x00\x00\x00\x00\x00\x00} appBuffer=HeapByteBuffer@25c362b3[p=0,l=0,c=17408,r=0]={<<<>>>\x17\x03\x03\x06\x85\xF5{#=...\x00\x00\x00\x00\x00\x00\x00}
01:46:23.515 [qtp399373008-61] DEBUG org.eclipse.jetty.io.ssl.SslConnection - <fill f=0 uf=true SslConnection@d292460::SocketChannelEndPoint@ac85bd9{l=/127.0.0.1:33719,r=/127.0.0.1:51208,OPEN,fill=-,flush=-,to=0/30000}{io=0/0,kio=0,kro=1}->SslConnection@d292460{NEED_UNWRAP,eio=-1/-1,di=-1,fill=IDLE,flush=IDLE}~>DecryptedEndPoint@2b17ef5a{l=/127.0.0.1:33719,r=/127.0.0.1:51208,OPEN,fill=-,flush=-,to=9/30000}=>HttpConnection@5d812fa5[p=HttpParser{s=START,0 of -1},g=HttpGenerator@19d067a0{s=START}]=>HttpChannelOverHttp@5dd4badf{s=HttpChannelState@63c97669{s=IDLE rs=BLOCKING os=OPEN is=IDLE awp=false se=false i=true al=0},r=0,c=false/false,a=IDLE,uri=null,age=0}
01:46:23.515 [qtp399373008-61] DEBUG org.eclipse.jetty.io.ssl.SslConnection - >fill SslConnection@d292460::SocketChannelEndPoint@ac85bd9{l=/127.0.0.1:33719,r=/127.0.0.1:51208,OPEN,fill=-,flush=-,to=0/30000}{io=0/0,kio=0,kro=1}->SslConnection@d292460{NEED_UNWRAP,eio=-1/-1,di=-1,fill=IDLE,flush=IDLE}~>DecryptedEndPoint@2b17ef5a{l=/127.0.0.1:33719,r=/127.0.0.1:51208,OPEN,fill=-,flush=-,to=9/30000}=>HttpConnection@5d812fa5[p=HttpParser{s=START,0 of -1},g=HttpGenerator@19d067a0{s=START}]=>HttpChannelOverHttp@5dd4badf{s=HttpChannelState@63c97669{s=IDLE rs=BLOCKING os=OPEN is=IDLE awp=false se=false i=true al=0},r=0,c=false/false,a=IDLE,uri=null,age=0}
01:46:23.515 [qtp399373008-61] DEBUG org.eclipse.jetty.io.ssl.SslConnection - fill NEED_UNWRAP
01:46:23.515 [qtp399373008-61] DEBUG org.eclipse.jetty.io.ChannelEndPoint - filled 0 HeapByteBuffer@2f3b09c3[p=0,l=0,c=17408,r=0]={<<<>>>\x17\x03\x03\x068\x86t\x06\xFb...\x00\x00\x00\x00\x00\x00\x00}
01:46:23.515 [qtp399373008-61] DEBUG org.eclipse.jetty.io.ssl.SslConnection - net filled=0
01:46:23.515 [qtp399373008-61] DEBUG org.eclipse.jetty.io.ssl.SslConnection - unwrap net_filled=0 Status = BUFFER_UNDERFLOW HandshakeStatus = NEED_UNWRAP bytesConsumed = 0 bytesProduced = 0 encryptedBuffer=[p=0,l=0,c=17408,r=0] unwrapBuffer=HeapByteBuffer@25c362b3[p=0,l=0,c=17408,r=0]={<<<>>>\x17\x03\x03\x06\x85\xF5{#=...\x00\x00\x00\x00\x00\x00\x00} appBuffer=HeapByteBuffer@25c362b3[p=0,l=0,c=17408,r=0]={<<<>>>\x17\x03\x03\x06\x85\xF5{#=...\x00\x00\x00\x00\x00\x00\x00}
01:46:23.515 [qtp399373008-61] DEBUG org.eclipse.jetty.io.ssl.SslConnection - <fill f=0 uf=true SslConnection@d292460::SocketChannelEndPoint@ac85bd9{l=/127.0.0.1:33719,r=/127.0.0.1:51208,OPEN,fill=-,flush=-,to=0/30000}{io=0/0,kio=0,kro=1}->SslConnection@d292460{NEED_UNWRAP,eio=-1/-1,di=-1,fill=IDLE,flush=IDLE}~>DecryptedEndPoint@2b17ef5a{l=/127.0.0.1:33719,r=/127.0.0.1:51208,OPEN,fill=-,flush=-,to=9/30000}=>HttpConnection@5d812fa5[p=HttpParser{s=START,0 of -1},g=HttpGenerator@19d067a0{s=START}]=>HttpChannelOverHttp@5dd4badf{s=HttpChannelState@63c97669{s=IDLE rs=BLOCKING os=OPEN is=IDLE awp=false se=false i=true al=0},r=0,c=false/false,a=IDLE,uri=null,age=0}
01:46:23.515 [qtp399373008-61] DEBUG org.eclipse.jetty.server.HttpConnection - HttpConnection@5d812fa5::DecryptedEndPoint@2b17ef5a{l=/127.0.0.1:33719,r=/127.0.0.1:51208,OPEN,fill=-,flush=-,to=9/30000} filled 0 HeapByteBuffer@25c362b3[p=0,l=0,c=17408,r=0]={<<<>>>\x17\x03\x03\x06\x85\xF5{#=...\x00\x00\x00\x00\x00\x00\x00}
01:46:23.515 [qtp399373008-61] DEBUG org.eclipse.jetty.server.HttpConnection - HttpConnection@5d812fa5::DecryptedEndPoint@2b17ef5a{l=/127.0.0.1:33719,r=/127.0.0.1:51208,OPEN,fill=-,flush=-,to=9/30000} parse HeapByteBuffer@25c362b3[p=0,l=0,c=17408,r=0]={<<<>>>\x17\x03\x03\x06\x85\xF5{#=...\x00\x00\x00\x00\x00\x00\x00} {}
01:46:23.515 [qtp399373008-61] DEBUG org.eclipse.jetty.http.HttpParser - parseNext s=START HeapByteBuffer@25c362b3[p=0,l=0,c=17408,r=0]={<<<>>>\x17\x03\x03\x06\x85\xF5{#=...\x00\x00\x00\x00\x00\x00\x00}
01:46:23.515 [qtp399373008-61] DEBUG org.eclipse.jetty.server.HttpConnection - HttpConnection@5d812fa5::DecryptedEndPoint@2b17ef5a{l=/127.0.0.1:33719,r=/127.0.0.1:51208,OPEN,fill=-,flush=-,to=9/30000} parsed false HttpParser{s=START,0 of -1}
01:46:23.515 [qtp399373008-61] DEBUG org.eclipse.jetty.server.HttpConnection - releaseRequestBuffer HttpConnection@5d812fa5::DecryptedEndPoint@2b17ef5a{l=/127.0.0.1:33719,r=/127.0.0.1:51208,OPEN,fill=-,flush=-,to=10/30000}
01:46:23.515 [qtp399373008-61] DEBUG org.eclipse.jetty.io.AbstractConnection - fillInterested HttpConnection@5d812fa5::DecryptedEndPoint@2b17ef5a{l=/127.0.0.1:33719,r=/127.0.0.1:51208,OPEN,fill=-,flush=-,to=10/30000}
01:46:23.515 [qtp399373008-61] DEBUG org.eclipse.jetty.io.FillInterest - interested FillInterest@4d789f38{AC.ReadCB@5d812fa5{HttpConnection@5d812fa5::DecryptedEndPoint@2b17ef5a{l=/127.0.0.1:33719,r=/127.0.0.1:51208,OPEN,fill=FI,flush=-,to=0/30000}}}
01:46:23.515 [qtp399373008-61] DEBUG org.eclipse.jetty.io.ssl.SslConnection - >needFillInterest s=IDLE/IDLE uf=true ei=null di=null SslConnection@d292460::SocketChannelEndPoint@ac85bd9{l=/127.0.0.1:33719,r=/127.0.0.1:51208,OPEN,fill=-,flush=-,to=0/30000}{io=0/0,kio=0,kro=1}->SslConnection@d292460{NEED_UNWRAP,eio=-1/-1,di=-1,fill=IDLE,flush=IDLE}~>DecryptedEndPoint@2b17ef5a{l=/127.0.0.1:33719,r=/127.0.0.1:51208,OPEN,fill=FI,flush=-,to=0/30000}=>HttpConnection@5d812fa5[p=HttpParser{s=START,0 of -1},g=HttpGenerator@19d067a0{s=START}]=>HttpChannelOverHttp@5dd4badf{s=HttpChannelState@63c97669{s=IDLE rs=BLOCKING os=OPEN is=IDLE awp=false se=false i=true al=0},r=0,c=false/false,a=IDLE,uri=null,age=0}
01:46:23.515 [qtp399373008-61] DEBUG org.eclipse.jetty.io.ssl.SslConnection - <needFillInterest s=IDLE/INTERESTED f=false i=true w=null
01:46:23.515 [qtp399373008-61] DEBUG org.eclipse.jetty.io.ssl.SslConnection - ensureFillInterested SslConnection@d292460::SocketChannelEndPoint@ac85bd9{l=/127.0.0.1:33719,r=/127.0.0.1:51208,OPEN,fill=-,flush=-,to=0/30000}{io=0/0,kio=0,kro=1}->SslConnection@d292460{NEED_UNWRAP,eio=-1/-1,di=-1,fill=INTERESTED,flush=IDLE}~>DecryptedEndPoint@2b17ef5a{l=/127.0.0.1:33719,r=/127.0.0.1:51208,OPEN,fill=FI,flush=-,to=0/30000}=>HttpConnection@5d812fa5[p=HttpParser{s=START,0 of -1},g=HttpGenerator@19d067a0{s=START}]=>HttpChannelOverHttp@5dd4badf{s=HttpChannelState@63c97669{s=IDLE rs=BLOCKING os=OPEN is=IDLE awp=false se=false i=true al=0},r=0,c=false/false,a=IDLE,uri=null,age=0}
01:46:23.515 [qtp399373008-61] DEBUG org.eclipse.jetty.io.FillInterest - interested FillInterest@33596d3b{SSLC.NBReadCB@d292460{SslConnection@d292460::SocketChannelEndPoint@ac85bd9{l=/127.0.0.1:33719,r=/127.0.0.1:51208,OPEN,fill=FI,flush=-,to=0/30000}{io=0/0,kio=0,kro=1}->SslConnection@d292460{NEED_UNWRAP,eio=-1/-1,di=-1,fill=INTERESTED,flush=IDLE}~>DecryptedEndPoint@2b17ef5a{l=/127.0.0.1:33719,r=/127.0.0.1:51208,OPEN,fill=FI,flush=-,to=0/30000}=>HttpConnection@5d812fa5[p=HttpParser{s=START,0 of -1},g=HttpGenerator@19d067a0{s=START}]=>HttpChannelOverHttp@5dd4badf{s=HttpChannelState@63c97669{s=IDLE rs=BLOCKING os=OPEN is=IDLE awp=false se=false i=true al=0},r=0,c=false/false,a=IDLE,uri=null,age=0}}}
01:46:23.516 [qtp399373008-61] DEBUG org.eclipse.jetty.io.ChannelEndPoint - changeInterests p=false 0->1 for SocketChannelEndPoint@ac85bd9{l=/127.0.0.1:33719,r=/127.0.0.1:51208,OPEN,fill=FI,flush=-,to=0/30000}{io=0/1,kio=0,kro=1}->SslConnection@d292460{NEED_UNWRAP,eio=-1/-1,di=-1,fill=INTERESTED,flush=IDLE}~>DecryptedEndPoint@2b17ef5a{l=/127.0.0.1:33719,r=/127.0.0.1:51208,OPEN,fill=FI,flush=-,to=0/30000}=>HttpConnection@5d812fa5[p=HttpParser{s=START,0 of -1},g=HttpGenerator@19d067a0{s=START}]=>HttpChannelOverHttp@5dd4badf{s=HttpChannelState@63c97669{s=IDLE rs=BLOCKING os=OPEN is=IDLE awp=false se=false i=true al=0},r=0,c=false/false,a=IDLE,uri=null,age=0}
01:46:23.516 [qtp399373008-61] DEBUG org.eclipse.jetty.io.ManagedSelector - Queued change lazy=false org.eclipse.jetty.io.ChannelEndPoint$$Lambda$255/981852870@77975514 on ManagedSelector@47a86fbb{STARTED} id=2 keys=2 selected=0 updates=0
01:46:23.516 [qtp399373008-61] DEBUG org.eclipse.jetty.io.ManagedSelector - Wakeup on submit ManagedSelector@47a86fbb{STARTED} id=2 keys=2 selected=0 updates=1
01:46:23.516 [qtp399373008-61] DEBUG org.eclipse.jetty.server.HttpConnection - HttpConnection@5d812fa5::DecryptedEndPoint@2b17ef5a{l=/127.0.0.1:33719,r=/127.0.0.1:51208,OPEN,fill=FI,flush=-,to=0/30000} onFillable exit HttpChannelState@63c97669{s=IDLE rs=BLOCKING os=OPEN is=IDLE awp=false se=false i=true al=0} null
01:46:23.516 [qtp399373008-60] DEBUG org.eclipse.jetty.io.ManagedSelector - Selector sun.nio.ch.EPollSelectorImpl@ecff91a woken with none selected
01:46:23.516 [qtp399373008-60] DEBUG org.eclipse.jetty.io.ManagedSelector - Selector sun.nio.ch.EPollSelectorImpl@ecff91a woken up from select, 0/0/2 selected
01:46:23.516 [qtp399373008-60] DEBUG org.eclipse.jetty.io.ManagedSelector - Selector sun.nio.ch.EPollSelectorImpl@ecff91a processing 0 keys, 1 updates
01:46:23.516 [qtp399373008-60] DEBUG org.eclipse.jetty.io.ManagedSelector - updateable 1
01:46:23.516 [qtp399373008-60] DEBUG org.eclipse.jetty.io.ManagedSelector - update org.eclipse.jetty.io.ChannelEndPoint$$Lambda$255/981852870@77975514
01:46:23.516 [qtp399373008-61] DEBUG org.eclipse.jetty.io.ssl.SslConnection - <c.onFillable SslConnection@d292460::SocketChannelEndPoint@ac85bd9{l=/127.0.0.1:33719,r=/127.0.0.1:51208,OPEN,fill=FI,flush=-,to=0/30000}{io=0/1,kio=0,kro=1}->SslConnection@d292460{NEED_UNWRAP,eio=-1/-1,di=-1,fill=INTERESTED,flush=IDLE}~>DecryptedEndPoint@2b17ef5a{l=/127.0.0.1:33719,r=/127.0.0.1:51208,OPEN,fill=FI,flush=-,to=0/30000}=>HttpConnection@5d812fa5[p=HttpParser{s=START,0 of -1},g=HttpGenerator@19d067a0{s=START}]=>HttpChannelOverHttp@5dd4badf{s=HttpChannelState@63c97669{s=IDLE rs=BLOCKING os=OPEN is=IDLE awp=false se=false i=true al=0},r=0,c=false/false,a=IDLE,uri=null,age=0}
01:46:23.516 [qtp399373008-61] DEBUG org.eclipse.jetty.util.thread.ReservedThreadExecutor - ReservedThread@6a5710bf{RUNNING,thread=Thread[qtp399373008-61,5,main]} was=RUNNING next=RESERVED size=0+2 capacity=8
01:46:23.516 [qtp399373008-61] DEBUG org.eclipse.jetty.util.thread.ReservedThreadExecutor - ReservedThread@6a5710bf{RESERVED,thread=Thread[qtp399373008-61,5,main]} waiting ReservedThreadExecutor@424fd310{reserved=2/8,pending=0}
01:46:23.516 [qtp399373008-60] DEBUG org.eclipse.jetty.io.ChannelEndPoint - Key interests updated 0 -> 1 on SocketChannelEndPoint@ac85bd9{l=/127.0.0.1:33719,r=/127.0.0.1:51208,OPEN,fill=FI,flush=-,to=0/30000}{io=1/1,kio=1,kro=1}->SslConnection@d292460{NEED_UNWRAP,eio=-1/-1,di=-1,fill=INTERESTED,flush=IDLE}~>DecryptedEndPoint@2b17ef5a{l=/127.0.0.1:33719,r=/127.0.0.1:51208,OPEN,fill=FI,flush=-,to=0/30000}=>HttpConnection@5d812fa5[p=HttpParser{s=START,0 of -1},g=HttpGenerator@19d067a0{s=START}]=>HttpChannelOverHttp@5dd4badf{s=HttpChannelState@63c97669{s=IDLE rs=BLOCKING os=OPEN is=IDLE awp=false se=false i=true al=0},r=0,c=false/false,a=IDLE,uri=null,age=0}
01:46:23.516 [qtp399373008-60] DEBUG org.eclipse.jetty.io.ManagedSelector - updates 0
01:46:23.516 [qtp399373008-60] DEBUG org.eclipse.jetty.io.ManagedSelector - Selector sun.nio.ch.EPollSelectorImpl@ecff91a waiting with 2 keys
01:46:23.516 [qtp399373008-60] DEBUG org.eclipse.jetty.io.ManagedSelector - Selector sun.nio.ch.EPollSelectorImpl@ecff91a woken up from select, 1/1/2 selected
01:46:23.516 [qtp399373008-60] DEBUG org.eclipse.jetty.io.ManagedSelector - Selector sun.nio.ch.EPollSelectorImpl@ecff91a processing 1 keys, 0 updates
01:46:23.516 [qtp399373008-60] DEBUG org.eclipse.jetty.io.ManagedSelector - selected 1 sun.nio.ch.SelectionKeyImpl@5130d969 SocketChannelEndPoint@ac85bd9{l=/127.0.0.1:33719,r=/127.0.0.1:51208,OPEN,fill=FI,flush=-,to=0/30000}{io=1/1,kio=1,kro=1}->SslConnection@d292460{NEED_UNWRAP,eio=-1/-1,di=-1,fill=INTERESTED,flush=IDLE}~>DecryptedEndPoint@2b17ef5a{l=/127.0.0.1:33719,r=/127.0.0.1:51208,OPEN,fill=FI,flush=-,to=1/30000}=>HttpConnection@5d812fa5[p=HttpParser{s=START,0 of -1},g=HttpGenerator@19d067a0{s=START}]=>HttpChannelOverHttp@5dd4badf{s=HttpChannelState@63c97669{s=IDLE rs=BLOCKING os=OPEN is=IDLE awp=false se=false i=true al=0},r=0,c=false/false,a=IDLE,uri=null,age=0} 
01:46:23.516 [qtp399373008-60] DEBUG org.eclipse.jetty.io.ChannelEndPoint - onSelected 1->0 r=true w=false for SocketChannelEndPoint@ac85bd9{l=/127.0.0.1:33719,r=/127.0.0.1:51208,OPEN,fill=FI,flush=-,to=0/30000}{io=1/0,kio=1,kro=1}->SslConnection@d292460{NEED_UNWRAP,eio=-1/-1,di=-1,fill=INTERESTED,flush=IDLE}~>DecryptedEndPoint@2b17ef5a{l=/127.0.0.1:33719,r=/127.0.0.1:51208,OPEN,fill=FI,flush=-,to=1/30000}=>HttpConnection@5d812fa5[p=HttpParser{s=START,0 of -1},g=HttpGenerator@19d067a0{s=START}]=>HttpChannelOverHttp@5dd4badf{s=HttpChannelState@63c97669{s=IDLE rs=BLOCKING os=OPEN is=IDLE awp=false se=false i=true al=0},r=0,c=false/false,a=IDLE,uri=null,age=0}
01:46:23.516 [qtp399373008-60] DEBUG org.eclipse.jetty.io.ChannelEndPoint - task CEP:SocketChannelEndPoint@ac85bd9{l=/127.0.0.1:33719,r=/127.0.0.1:51208,OPEN,fill=FI,flush=-,to=1/30000}{io=1/0,kio=1,kro=1}->SslConnection@d292460{NEED_UNWRAP,eio=-1/-1,di=-1,fill=INTERESTED,flush=IDLE}~>DecryptedEndPoint@2b17ef5a{l=/127.0.0.1:33719,r=/127.0.0.1:51208,OPEN,fill=FI,flush=-,to=1/30000}=>HttpConnection@5d812fa5[p=HttpParser{s=START,0 of -1},g=HttpGenerator@19d067a0{s=START}]=>HttpChannelOverHttp@5dd4badf{s=HttpChannelState@63c97669{s=IDLE rs=BLOCKING os=OPEN is=IDLE awp=false se=false i=true al=0},r=0,c=false/false,a=IDLE,uri=null,age=0}:runFillable:BLOCKING
01:46:23.517 [qtp399373008-60] DEBUG org.eclipse.jetty.util.thread.ReservedThreadExecutor - ReservedThreadExecutor@424fd310{reserved=2/8,pending=0} tryExecute EatWhatYouKill@1c3146bc/SelectorProducer@56c698e3/PRODUCING/p=false/QueuedThreadPool[qtp399373008]@17cdf2d0{STARTED,8<=8<=200,i=1,r=-1,q=0}[ReservedThreadExecutor@424fd310{reserved=2/8,pending=0}][pc=0,pic=0,pec=0,epc=4]@2024-05-02T01:46:23.517+01:00
01:46:23.517 [qtp399373008-60] DEBUG org.eclipse.jetty.util.thread.strategy.EatWhatYouKill - EatWhatYouKill@1c3146bc/SelectorProducer@56c698e3/IDLE/p=true/QueuedThreadPool[qtp399373008]@17cdf2d0{STARTED,8<=8<=200,i=1,r=-1,q=0}[ReservedThreadExecutor@424fd310{reserved=1/8,pending=0}][pc=0,pic=0,pec=0,epc=4]@2024-05-02T01:46:23.517+01:00 m=EXECUTE_PRODUCE_CONSUME t=CEP:SocketChannelEndPoint@ac85bd9{l=/127.0.0.1:33719,r=/127.0.0.1:51208,OPEN,fill=FI,flush=-,to=1/30000}{io=1/0,kio=1,kro=1}->SslConnection@d292460{NEED_UNWRAP,eio=-1/-1,di=-1,fill=INTERESTED,flush=IDLE}~>DecryptedEndPoint@2b17ef5a{l=/127.0.0.1:33719,r=/127.0.0.1:51208,OPEN,fill=FI,flush=-,to=1/30000}=>HttpConnection@5d812fa5[p=HttpParser{s=START,0 of -1},g=HttpGenerator@19d067a0{s=START}]=>HttpChannelOverHttp@5dd4badf{s=HttpChannelState@63c97669{s=IDLE rs=BLOCKING os=OPEN is=IDLE awp=false se=false i=true al=0},r=0,c=false/false,a=IDLE,uri=null,age=0}:runFillable:BLOCKING/BLOCKING
01:46:23.517 [qtp399373008-61] DEBUG org.eclipse.jetty.util.thread.ReservedThreadExecutor - ReservedThread@6a5710bf{RESERVED,thread=Thread[qtp399373008-61,5,main]} task=EatWhatYouKill@1c3146bc/SelectorProducer@56c698e3/IDLE/p=true/QueuedThreadPool[qtp399373008]@17cdf2d0{STARTED,8<=8<=200,i=1,r=-1,q=0}[ReservedThreadExecutor@424fd310{reserved=1/8,pending=0}][pc=0,pic=0,pec=0,epc=4]@2024-05-02T01:46:23.517+01:00 ReservedThreadExecutor@424fd310{reserved=1/8,pending=0}
01:46:23.517 [qtp399373008-60] DEBUG org.eclipse.jetty.io.FillInterest - fillable FillInterest@33596d3b{SSLC.NBReadCB@d292460{SslConnection@d292460::SocketChannelEndPoint@ac85bd9{l=/127.0.0.1:33719,r=/127.0.0.1:51208,OPEN,fill=FI,flush=-,to=1/30000}{io=1/0,kio=1,kro=1}->SslConnection@d292460{NEED_UNWRAP,eio=-1/-1,di=-1,fill=INTERESTED,flush=IDLE}~>DecryptedEndPoint@2b17ef5a{l=/127.0.0.1:33719,r=/127.0.0.1:51208,OPEN,fill=FI,flush=-,to=1/30000}=>HttpConnection@5d812fa5[p=HttpParser{s=START,0 of -1},g=HttpGenerator@19d067a0{s=START}]=>HttpChannelOverHttp@5dd4badf{s=HttpChannelState@63c97669{s=IDLE rs=BLOCKING os=OPEN is=IDLE awp=false se=false i=true al=0},r=0,c=false/false,a=IDLE,uri=null,age=0}}}
01:46:23.517 [qtp399373008-61] DEBUG org.eclipse.jetty.util.thread.strategy.EatWhatYouKill - EatWhatYouKill@1c3146bc/SelectorProducer@56c698e3/IDLE/p=true/QueuedThreadPool[qtp399373008]@17cdf2d0{STARTED,8<=8<=200,i=1,r=-1,q=0}[ReservedThreadExecutor@424fd310{reserved=1/8,pending=0}][pc=0,pic=0,pec=0,epc=5]@2024-05-02T01:46:23.517+01:00 tryProduce true
01:46:23.517 [qtp399373008-61] DEBUG org.eclipse.jetty.io.ManagedSelector - updateable 0
01:46:23.517 [qtp399373008-61] DEBUG org.eclipse.jetty.io.ManagedSelector - updates 0
01:46:23.517 [qtp399373008-60] DEBUG org.eclipse.jetty.io.ssl.SslConnection - >c.onFillable SslConnection@d292460::SocketChannelEndPoint@ac85bd9{l=/127.0.0.1:33719,r=/127.0.0.1:51208,OPEN,fill=-,flush=-,to=1/30000}{io=1/0,kio=1,kro=1}->SslConnection@d292460{NEED_UNWRAP,eio=-1/-1,di=-1,fill=INTERESTED,flush=IDLE}~>DecryptedEndPoint@2b17ef5a{l=/127.0.0.1:33719,r=/127.0.0.1:51208,OPEN,fill=FI,flush=-,to=1/30000}=>HttpConnection@5d812fa5[p=HttpParser{s=START,0 of -1},g=HttpGenerator@19d067a0{s=START}]=>HttpChannelOverHttp@5dd4badf{s=HttpChannelState@63c97669{s=IDLE rs=BLOCKING os=OPEN is=IDLE awp=false se=false i=true al=0},r=0,c=false/false,a=IDLE,uri=null,age=0}
01:46:23.517 [qtp399373008-61] DEBUG org.eclipse.jetty.io.ChannelEndPoint - Key interests updated 1 -> 0 on SocketChannelEndPoint@ac85bd9{l=/127.0.0.1:33719,r=/127.0.0.1:51208,OPEN,fill=-,flush=-,to=1/30000}{io=0/0,kio=0,kro=1}->SslConnection@d292460{NEED_UNWRAP,eio=-1/-1,di=-1,fill=INTERESTED,flush=IDLE}~>DecryptedEndPoint@2b17ef5a{l=/127.0.0.1:33719,r=/127.0.0.1:51208,OPEN,fill=FI,flush=-,to=1/30000}=>HttpConnection@5d812fa5[p=HttpParser{s=START,0 of -1},g=HttpGenerator@19d067a0{s=START}]=>HttpChannelOverHttp@5dd4badf{s=HttpChannelState@63c97669{s=IDLE rs=BLOCKING os=OPEN is=IDLE awp=false se=false i=true al=0},r=0,c=false/false,a=IDLE,uri=null,age=0}
01:46:23.517 [qtp399373008-61] DEBUG org.eclipse.jetty.io.ManagedSelector - Selector sun.nio.ch.EPollSelectorImpl@ecff91a waiting with 2 keys
01:46:23.517 [qtp399373008-60] DEBUG org.eclipse.jetty.io.ssl.SslConnection - onFillable SslConnection@d292460::SocketChannelEndPoint@ac85bd9{l=/127.0.0.1:33719,r=/127.0.0.1:51208,OPEN,fill=-,flush=-,to=1/30000}{io=0/0,kio=0,kro=1}->SslConnection@d292460{NEED_UNWRAP,eio=-1/-1,di=-1,fill=INTERESTED,flush=IDLE}~>DecryptedEndPoint@2b17ef5a{l=/127.0.0.1:33719,r=/127.0.0.1:51208,OPEN,fill=FI,flush=-,to=2/30000}=>HttpConnection@5d812fa5[p=HttpParser{s=START,0 of -1},g=HttpGenerator@19d067a0{s=START}]=>HttpChannelOverHttp@5dd4badf{s=HttpChannelState@63c97669{s=IDLE rs=BLOCKING os=OPEN is=IDLE awp=false se=false i=true al=0},r=0,c=false/false,a=IDLE,uri=null,age=0}
01:46:23.517 [qtp399373008-60] DEBUG org.eclipse.jetty.io.FillInterest - fillable FillInterest@4d789f38{AC.ReadCB@5d812fa5{HttpConnection@5d812fa5::DecryptedEndPoint@2b17ef5a{l=/127.0.0.1:33719,r=/127.0.0.1:51208,OPEN,fill=FI,flush=-,to=2/30000}}}
01:46:23.517 [qtp399373008-60] DEBUG org.eclipse.jetty.server.HttpConnection - HttpConnection@5d812fa5::DecryptedEndPoint@2b17ef5a{l=/127.0.0.1:33719,r=/127.0.0.1:51208,OPEN,fill=-,flush=-,to=2/30000} onFillable enter HttpChannelState@63c97669{s=IDLE rs=BLOCKING os=OPEN is=IDLE awp=false se=false i=true al=0} null
01:46:23.517 [qtp399373008-60] DEBUG org.eclipse.jetty.io.ssl.SslConnection - >fill SslConnection@d292460::SocketChannelEndPoint@ac85bd9{l=/127.0.0.1:33719,r=/127.0.0.1:51208,OPEN,fill=-,flush=-,to=1/30000}{io=0/0,kio=0,kro=1}->SslConnection@d292460{NEED_UNWRAP,eio=-1/-1,di=-1,fill=IDLE,flush=IDLE}~>DecryptedEndPoint@2b17ef5a{l=/127.0.0.1:33719,r=/127.0.0.1:51208,OPEN,fill=-,flush=-,to=2/30000}=>HttpConnection@5d812fa5[p=HttpParser{s=START,0 of -1},g=HttpGenerator@19d067a0{s=START}]=>HttpChannelOverHttp@5dd4badf{s=HttpChannelState@63c97669{s=IDLE rs=BLOCKING os=OPEN is=IDLE awp=false se=false i=true al=0},r=0,c=false/false,a=IDLE,uri=null,age=0}
01:46:23.517 [qtp399373008-60] DEBUG org.eclipse.jetty.io.ssl.SslConnection - fill NEED_UNWRAP
01:46:23.518 [qtp399373008-60] DEBUG org.eclipse.jetty.io.ChannelEndPoint - filled 6 HeapByteBuffer@2f3b09c3[p=0,l=6,c=17408,r=6]={<<<\x14\x03\x03\x00\x01\x01>>>t\x06\xFb\x85\xD7qV\x11u...\x00\x00\x00\x00\x00\x00\x00}
01:46:23.518 [qtp399373008-60] DEBUG org.eclipse.jetty.io.ssl.SslConnection - net filled=6
01:46:23.518 [qtp399373008-60] DEBUG org.eclipse.jetty.io.ssl.SslConnection - unwrap net_filled=6 Status = OK HandshakeStatus = NEED_UNWRAP bytesConsumed = 6 bytesProduced = 0 encryptedBuffer=[p=6,l=6,c=17408,r=0] unwrapBuffer=HeapByteBuffer@21fcf254[p=0,l=0,c=17408,r=0]={<<<>>>\x16\x03\x03\x01N\x01\x00\x01J...\x00\x00\x00\x00\x00\x00\x00} appBuffer=HeapByteBuffer@21fcf254[p=0,l=0,c=17408,r=0]={<<<>>>\x16\x03\x03\x01N\x01\x00\x01J...\x00\x00\x00\x00\x00\x00\x00}
01:46:23.518 [qtp399373008-60] DEBUG org.eclipse.jetty.io.ssl.SslConnection - fill NEED_UNWRAP
01:46:23.518 [qtp399373008-60] DEBUG org.eclipse.jetty.io.ChannelEndPoint - filled 0 HeapByteBuffer@2f3b09c3[p=0,l=0,c=17408,r=0]={<<<>>>\x14\x03\x03\x00\x01\x01t\x06\xFb...\x00\x00\x00\x00\x00\x00\x00}
01:46:23.518 [qtp399373008-60] DEBUG org.eclipse.jetty.io.ssl.SslConnection - net filled=0
01:46:23.518 [qtp399373008-60] DEBUG org.eclipse.jetty.io.ssl.SslConnection - unwrap net_filled=0 Status = BUFFER_UNDERFLOW HandshakeStatus = NEED_UNWRAP bytesConsumed = 0 bytesProduced = 0 encryptedBuffer=[p=0,l=0,c=17408,r=0] unwrapBuffer=HeapByteBuffer@21fcf254[p=0,l=0,c=17408,r=0]={<<<>>>\x16\x03\x03\x01N\x01\x00\x01J...\x00\x00\x00\x00\x00\x00\x00} appBuffer=HeapByteBuffer@21fcf254[p=0,l=0,c=17408,r=0]={<<<>>>\x16\x03\x03\x01N\x01\x00\x01J...\x00\x00\x00\x00\x00\x00\x00}
01:46:23.518 [qtp399373008-60] DEBUG org.eclipse.jetty.io.ssl.SslConnection - <fill f=0 uf=true SslConnection@d292460::SocketChannelEndPoint@ac85bd9{l=/127.0.0.1:33719,r=/127.0.0.1:51208,OPEN,fill=-,flush=-,to=0/30000}{io=0/0,kio=0,kro=1}->SslConnection@d292460{NEED_UNWRAP,eio=-1/-1,di=-1,fill=IDLE,flush=IDLE}~>DecryptedEndPoint@2b17ef5a{l=/127.0.0.1:33719,r=/127.0.0.1:51208,OPEN,fill=-,flush=-,to=3/30000}=>HttpConnection@5d812fa5[p=HttpParser{s=START,0 of -1},g=HttpGenerator@19d067a0{s=START}]=>HttpChannelOverHttp@5dd4badf{s=HttpChannelState@63c97669{s=IDLE rs=BLOCKING os=OPEN is=IDLE awp=false se=false i=true al=0},r=0,c=false/false,a=IDLE,uri=null,age=0}
01:46:23.518 [qtp399373008-60] DEBUG org.eclipse.jetty.io.ssl.SslConnection - >fill SslConnection@d292460::SocketChannelEndPoint@ac85bd9{l=/127.0.0.1:33719,r=/127.0.0.1:51208,OPEN,fill=-,flush=-,to=0/30000}{io=0/0,kio=0,kro=1}->SslConnection@d292460{NEED_UNWRAP,eio=-1/-1,di=-1,fill=IDLE,flush=IDLE}~>DecryptedEndPoint@2b17ef5a{l=/127.0.0.1:33719,r=/127.0.0.1:51208,OPEN,fill=-,flush=-,to=3/30000}=>HttpConnection@5d812fa5[p=HttpParser{s=START,0 of -1},g=HttpGenerator@19d067a0{s=START}]=>HttpChannelOverHttp@5dd4badf{s=HttpChannelState@63c97669{s=IDLE rs=BLOCKING os=OPEN is=IDLE awp=false se=false i=true al=0},r=0,c=false/false,a=IDLE,uri=null,age=0}
01:46:23.518 [qtp399373008-60] DEBUG org.eclipse.jetty.io.ssl.SslConnection - fill NEED_UNWRAP
01:46:23.518 [qtp399373008-60] DEBUG org.eclipse.jetty.io.ChannelEndPoint - filled 0 HeapByteBuffer@25c362b3[p=0,l=0,c=17408,r=0]={<<<>>>\x17\x03\x03\x06\x85\xF5{#=...\x00\x00\x00\x00\x00\x00\x00}
01:46:23.518 [qtp399373008-60] DEBUG org.eclipse.jetty.io.ssl.SslConnection - net filled=0
01:46:23.519 [qtp399373008-60] DEBUG org.eclipse.jetty.io.ssl.SslConnection - unwrap net_filled=0 Status = BUFFER_UNDERFLOW HandshakeStatus = NEED_UNWRAP bytesConsumed = 0 bytesProduced = 0 encryptedBuffer=[p=0,l=0,c=17408,r=0] unwrapBuffer=HeapByteBuffer@21fcf254[p=0,l=0,c=17408,r=0]={<<<>>>\x16\x03\x03\x01N\x01\x00\x01J...\x00\x00\x00\x00\x00\x00\x00} appBuffer=HeapByteBuffer@21fcf254[p=0,l=0,c=17408,r=0]={<<<>>>\x16\x03\x03\x01N\x01\x00\x01J...\x00\x00\x00\x00\x00\x00\x00}
01:46:23.519 [qtp399373008-60] DEBUG org.eclipse.jetty.io.ssl.SslConnection - <fill f=0 uf=true SslConnection@d292460::SocketChannelEndPoint@ac85bd9{l=/127.0.0.1:33719,r=/127.0.0.1:51208,OPEN,fill=-,flush=-,to=0/30000}{io=0/0,kio=0,kro=1}->SslConnection@d292460{NEED_UNWRAP,eio=-1/-1,di=-1,fill=IDLE,flush=IDLE}~>DecryptedEndPoint@2b17ef5a{l=/127.0.0.1:33719,r=/127.0.0.1:51208,OPEN,fill=-,flush=-,to=3/30000}=>HttpConnection@5d812fa5[p=HttpParser{s=START,0 of -1},g=HttpGenerator@19d067a0{s=START}]=>HttpChannelOverHttp@5dd4badf{s=HttpChannelState@63c97669{s=IDLE rs=BLOCKING os=OPEN is=IDLE awp=false se=false i=true al=0},r=0,c=false/false,a=IDLE,uri=null,age=0}
01:46:23.519 [qtp399373008-60] DEBUG org.eclipse.jetty.server.HttpConnection - HttpConnection@5d812fa5::DecryptedEndPoint@2b17ef5a{l=/127.0.0.1:33719,r=/127.0.0.1:51208,OPEN,fill=-,flush=-,to=3/30000} filled 0 HeapByteBuffer@21fcf254[p=0,l=0,c=17408,r=0]={<<<>>>\x16\x03\x03\x01N\x01\x00\x01J...\x00\x00\x00\x00\x00\x00\x00}
01:46:23.519 [qtp399373008-60] DEBUG org.eclipse.jetty.server.HttpConnection - HttpConnection@5d812fa5::DecryptedEndPoint@2b17ef5a{l=/127.0.0.1:33719,r=/127.0.0.1:51208,OPEN,fill=-,flush=-,to=3/30000} parse HeapByteBuffer@21fcf254[p=0,l=0,c=17408,r=0]={<<<>>>\x16\x03\x03\x01N\x01\x00\x01J...\x00\x00\x00\x00\x00\x00\x00} {}
01:46:23.519 [qtp399373008-60] DEBUG org.eclipse.jetty.http.HttpParser - parseNext s=START HeapByteBuffer@21fcf254[p=0,l=0,c=17408,r=0]={<<<>>>\x16\x03\x03\x01N\x01\x00\x01J...\x00\x00\x00\x00\x00\x00\x00}
01:46:23.519 [qtp399373008-60] DEBUG org.eclipse.jetty.server.HttpConnection - HttpConnection@5d812fa5::DecryptedEndPoint@2b17ef5a{l=/127.0.0.1:33719,r=/127.0.0.1:51208,OPEN,fill=-,flush=-,to=3/30000} parsed false HttpParser{s=START,0 of -1}
01:46:23.519 [qtp399373008-60] DEBUG org.eclipse.jetty.server.HttpConnection - releaseRequestBuffer HttpConnection@5d812fa5::DecryptedEndPoint@2b17ef5a{l=/127.0.0.1:33719,r=/127.0.0.1:51208,OPEN,fill=-,flush=-,to=3/30000}
01:46:23.519 [qtp399373008-60] DEBUG org.eclipse.jetty.io.AbstractConnection - fillInterested HttpConnection@5d812fa5::DecryptedEndPoint@2b17ef5a{l=/127.0.0.1:33719,r=/127.0.0.1:51208,OPEN,fill=-,flush=-,to=3/30000}
01:46:23.519 [qtp399373008-60] DEBUG org.eclipse.jetty.io.FillInterest - interested FillInterest@4d789f38{AC.ReadCB@5d812fa5{HttpConnection@5d812fa5::DecryptedEndPoint@2b17ef5a{l=/127.0.0.1:33719,r=/127.0.0.1:51208,OPEN,fill=FI,flush=-,to=0/30000}}}
01:46:23.519 [qtp399373008-60] DEBUG org.eclipse.jetty.io.ssl.SslConnection - >needFillInterest s=IDLE/IDLE uf=true ei=null di=null SslConnection@d292460::SocketChannelEndPoint@ac85bd9{l=/127.0.0.1:33719,r=/127.0.0.1:51208,OPEN,fill=-,flush=-,to=0/30000}{io=0/0,kio=0,kro=1}->SslConnection@d292460{NEED_UNWRAP,eio=-1/-1,di=-1,fill=IDLE,flush=IDLE}~>DecryptedEndPoint@2b17ef5a{l=/127.0.0.1:33719,r=/127.0.0.1:51208,OPEN,fill=FI,flush=-,to=0/30000}=>HttpConnection@5d812fa5[p=HttpParser{s=START,0 of -1},g=HttpGenerator@19d067a0{s=START}]=>HttpChannelOverHttp@5dd4badf{s=HttpChannelState@63c97669{s=IDLE rs=BLOCKING os=OPEN is=IDLE awp=false se=false i=true al=0},r=0,c=false/false,a=IDLE,uri=null,age=0}
01:46:23.519 [qtp399373008-60] DEBUG org.eclipse.jetty.io.ssl.SslConnection - <needFillInterest s=IDLE/INTERESTED f=false i=true w=null
01:46:23.519 [qtp399373008-60] DEBUG org.eclipse.jetty.io.ssl.SslConnection - ensureFillInterested SslConnection@d292460::SocketChannelEndPoint@ac85bd9{l=/127.0.0.1:33719,r=/127.0.0.1:51208,OPEN,fill=-,flush=-,to=0/30000}{io=0/0,kio=0,kro=1}->SslConnection@d292460{NEED_UNWRAP,eio=-1/-1,di=-1,fill=INTERESTED,flush=IDLE}~>DecryptedEndPoint@2b17ef5a{l=/127.0.0.1:33719,r=/127.0.0.1:51208,OPEN,fill=FI,flush=-,to=0/30000}=>HttpConnection@5d812fa5[p=HttpParser{s=START,0 of -1},g=HttpGenerator@19d067a0{s=START}]=>HttpChannelOverHttp@5dd4badf{s=HttpChannelState@63c97669{s=IDLE rs=BLOCKING os=OPEN is=IDLE awp=false se=false i=true al=0},r=0,c=false/false,a=IDLE,uri=null,age=0}
01:46:23.519 [qtp399373008-60] DEBUG org.eclipse.jetty.io.FillInterest - interested FillInterest@33596d3b{SSLC.NBReadCB@d292460{SslConnection@d292460::SocketChannelEndPoint@ac85bd9{l=/127.0.0.1:33719,r=/127.0.0.1:51208,OPEN,fill=FI,flush=-,to=0/30000}{io=0/0,kio=0,kro=1}->SslConnection@d292460{NEED_UNWRAP,eio=-1/-1,di=-1,fill=INTERESTED,flush=IDLE}~>DecryptedEndPoint@2b17ef5a{l=/127.0.0.1:33719,r=/127.0.0.1:51208,OPEN,fill=FI,flush=-,to=0/30000}=>HttpConnection@5d812fa5[p=HttpParser{s=START,0 of -1},g=HttpGenerator@19d067a0{s=START}]=>HttpChannelOverHttp@5dd4badf{s=HttpChannelState@63c97669{s=IDLE rs=BLOCKING os=OPEN is=IDLE awp=false se=false i=true al=0},r=0,c=false/false,a=IDLE,uri=null,age=0}}}
01:46:23.519 [qtp399373008-60] DEBUG org.eclipse.jetty.io.ChannelEndPoint - changeInterests p=false 0->1 for SocketChannelEndPoint@ac85bd9{l=/127.0.0.1:33719,r=/127.0.0.1:51208,OPEN,fill=FI,flush=-,to=0/30000}{io=0/1,kio=0,kro=1}->SslConnection@d292460{NEED_UNWRAP,eio=-1/-1,di=-1,fill=INTERESTED,flush=IDLE}~>DecryptedEndPoint@2b17ef5a{l=/127.0.0.1:33719,r=/127.0.0.1:51208,OPEN,fill=FI,flush=-,to=0/30000}=>HttpConnection@5d812fa5[p=HttpParser{s=START,0 of -1},g=HttpGenerator@19d067a0{s=START}]=>HttpChannelOverHttp@5dd4badf{s=HttpChannelState@63c97669{s=IDLE rs=BLOCKING os=OPEN is=IDLE awp=false se=false i=true al=0},r=0,c=false/false,a=IDLE,uri=null,age=0}
01:46:23.519 [qtp399373008-60] DEBUG org.eclipse.jetty.io.ManagedSelector - Queued change lazy=false org.eclipse.jetty.io.ChannelEndPoint$$Lambda$255/981852870@77975514 on ManagedSelector@47a86fbb{STARTED} id=2 keys=2 selected=0 updates=0
01:46:23.519 [qtp399373008-60] DEBUG org.eclipse.jetty.io.ManagedSelector - Wakeup on submit ManagedSelector@47a86fbb{STARTED} id=2 keys=2 selected=0 updates=1
01:46:23.519 [qtp399373008-60] DEBUG org.eclipse.jetty.server.HttpConnection - HttpConnection@5d812fa5::DecryptedEndPoint@2b17ef5a{l=/127.0.0.1:33719,r=/127.0.0.1:51208,OPEN,fill=FI,flush=-,to=0/30000} onFillable exit HttpChannelState@63c97669{s=IDLE rs=BLOCKING os=OPEN is=IDLE awp=false se=false i=true al=0} null
01:46:23.519 [qtp399373008-61] DEBUG org.eclipse.jetty.io.ManagedSelector - Selector sun.nio.ch.EPollSelectorImpl@ecff91a woken with none selected
01:46:23.519 [qtp399373008-61] DEBUG org.eclipse.jetty.io.ManagedSelector - Selector sun.nio.ch.EPollSelectorImpl@ecff91a woken up from select, 0/0/2 selected
01:46:23.519 [qtp399373008-61] DEBUG org.eclipse.jetty.io.ManagedSelector - Selector sun.nio.ch.EPollSelectorImpl@ecff91a processing 0 keys, 1 updates
01:46:23.519 [qtp399373008-61] DEBUG org.eclipse.jetty.io.ManagedSelector - updateable 1
01:46:23.519 [qtp399373008-60] DEBUG org.eclipse.jetty.io.ssl.SslConnection - <c.onFillable SslConnection@d292460::SocketChannelEndPoint@ac85bd9{l=/127.0.0.1:33719,r=/127.0.0.1:51208,OPEN,fill=FI,flush=-,to=0/30000}{io=0/1,kio=0,kro=1}->SslConnection@d292460{NEED_UNWRAP,eio=-1/-1,di=-1,fill=INTERESTED,flush=IDLE}~>DecryptedEndPoint@2b17ef5a{l=/127.0.0.1:33719,r=/127.0.0.1:51208,OPEN,fill=FI,flush=-,to=0/30000}=>HttpConnection@5d812fa5[p=HttpParser{s=START,0 of -1},g=HttpGenerator@19d067a0{s=START}]=>HttpChannelOverHttp@5dd4badf{s=HttpChannelState@63c97669{s=IDLE rs=BLOCKING os=OPEN is=IDLE awp=false se=false i=true al=0},r=0,c=false/false,a=IDLE,uri=null,age=0}
01:46:23.519 [qtp399373008-61] DEBUG org.eclipse.jetty.io.ManagedSelector - update org.eclipse.jetty.io.ChannelEndPoint$$Lambda$255/981852870@77975514
01:46:23.519 [qtp399373008-60] DEBUG org.eclipse.jetty.util.thread.ReservedThreadExecutor - ReservedThread@2f559391{RUNNING,thread=Thread[qtp399373008-60,5,main]} was=RUNNING next=RESERVED size=0+2 capacity=8
01:46:23.519 [qtp399373008-60] DEBUG org.eclipse.jetty.util.thread.ReservedThreadExecutor - ReservedThread@2f559391{RESERVED,thread=Thread[qtp399373008-60,5,main]} waiting ReservedThreadExecutor@424fd310{reserved=2/8,pending=0}
01:46:23.520 [qtp399373008-61] DEBUG org.eclipse.jetty.io.ChannelEndPoint - Key interests updated 0 -> 1 on SocketChannelEndPoint@ac85bd9{l=/127.0.0.1:33719,r=/127.0.0.1:51208,OPEN,fill=FI,flush=-,to=0/30000}{io=1/1,kio=1,kro=1}->SslConnection@d292460{NEED_UNWRAP,eio=-1/-1,di=-1,fill=INTERESTED,flush=IDLE}~>DecryptedEndPoint@2b17ef5a{l=/127.0.0.1:33719,r=/127.0.0.1:51208,OPEN,fill=FI,flush=-,to=0/30000}=>HttpConnection@5d812fa5[p=HttpParser{s=START,0 of -1},g=HttpGenerator@19d067a0{s=START}]=>HttpChannelOverHttp@5dd4badf{s=HttpChannelState@63c97669{s=IDLE rs=BLOCKING os=OPEN is=IDLE awp=false se=false i=true al=0},r=0,c=false/false,a=IDLE,uri=null,age=0}
01:46:23.520 [qtp399373008-61] DEBUG org.eclipse.jetty.io.ManagedSelector - updates 0
01:46:23.520 [qtp399373008-61] DEBUG org.eclipse.jetty.io.ManagedSelector - Selector sun.nio.ch.EPollSelectorImpl@ecff91a waiting with 2 keys
01:46:23.557 [qtp399373008-61] DEBUG org.eclipse.jetty.io.ManagedSelector - Selector sun.nio.ch.EPollSelectorImpl@ecff91a woken up from select, 1/1/2 selected
01:46:23.557 [qtp399373008-61] DEBUG org.eclipse.jetty.io.ManagedSelector - Selector sun.nio.ch.EPollSelectorImpl@ecff91a processing 1 keys, 0 updates
01:46:23.557 [qtp399373008-61] DEBUG org.eclipse.jetty.io.ManagedSelector - selected 1 sun.nio.ch.SelectionKeyImpl@5130d969 SocketChannelEndPoint@ac85bd9{l=/127.0.0.1:33719,r=/127.0.0.1:51208,OPEN,fill=FI,flush=-,to=37/30000}{io=1/1,kio=1,kro=1}->SslConnection@d292460{NEED_UNWRAP,eio=-1/-1,di=-1,fill=INTERESTED,flush=IDLE}~>DecryptedEndPoint@2b17ef5a{l=/127.0.0.1:33719,r=/127.0.0.1:51208,OPEN,fill=FI,flush=-,to=38/30000}=>HttpConnection@5d812fa5[p=HttpParser{s=START,0 of -1},g=HttpGenerator@19d067a0{s=START}]=>HttpChannelOverHttp@5dd4badf{s=HttpChannelState@63c97669{s=IDLE rs=BLOCKING os=OPEN is=IDLE awp=false se=false i=true al=0},r=0,c=false/false,a=IDLE,uri=null,age=0} 
01:46:23.557 [qtp399373008-61] DEBUG org.eclipse.jetty.io.ChannelEndPoint - onSelected 1->0 r=true w=false for SocketChannelEndPoint@ac85bd9{l=/127.0.0.1:33719,r=/127.0.0.1:51208,OPEN,fill=FI,flush=-,to=37/30000}{io=1/0,kio=1,kro=1}->SslConnection@d292460{NEED_UNWRAP,eio=-1/-1,di=-1,fill=INTERESTED,flush=IDLE}~>DecryptedEndPoint@2b17ef5a{l=/127.0.0.1:33719,r=/127.0.0.1:51208,OPEN,fill=FI,flush=-,to=38/30000}=>HttpConnection@5d812fa5[p=HttpParser{s=START,0 of -1},g=HttpGenerator@19d067a0{s=START}]=>HttpChannelOverHttp@5dd4badf{s=HttpChannelState@63c97669{s=IDLE rs=BLOCKING os=OPEN is=IDLE awp=false se=false i=true al=0},r=0,c=false/false,a=IDLE,uri=null,age=0}
01:46:23.557 [qtp399373008-61] DEBUG org.eclipse.jetty.io.ChannelEndPoint - task CEP:SocketChannelEndPoint@ac85bd9{l=/127.0.0.1:33719,r=/127.0.0.1:51208,OPEN,fill=FI,flush=-,to=38/30000}{io=1/0,kio=1,kro=1}->SslConnection@d292460{NEED_UNWRAP,eio=-1/-1,di=-1,fill=INTERESTED,flush=IDLE}~>DecryptedEndPoint@2b17ef5a{l=/127.0.0.1:33719,r=/127.0.0.1:51208,OPEN,fill=FI,flush=-,to=38/30000}=>HttpConnection@5d812fa5[p=HttpParser{s=START,0 of -1},g=HttpGenerator@19d067a0{s=START}]=>HttpChannelOverHttp@5dd4badf{s=HttpChannelState@63c97669{s=IDLE rs=BLOCKING os=OPEN is=IDLE awp=false se=false i=true al=0},r=0,c=false/false,a=IDLE,uri=null,age=0}:runFillable:BLOCKING
01:46:23.557 [qtp399373008-61] DEBUG org.eclipse.jetty.util.thread.ReservedThreadExecutor - ReservedThreadExecutor@424fd310{reserved=2/8,pending=0} tryExecute EatWhatYouKill@1c3146bc/SelectorProducer@56c698e3/PRODUCING/p=false/QueuedThreadPool[qtp399373008]@17cdf2d0{STARTED,8<=8<=200,i=1,r=-1,q=0}[ReservedThreadExecutor@424fd310{reserved=2/8,pending=0}][pc=0,pic=0,pec=0,epc=5]@2024-05-02T01:46:23.557+01:00
01:46:23.557 [qtp399373008-61] DEBUG org.eclipse.jetty.util.thread.strategy.EatWhatYouKill - EatWhatYouKill@1c3146bc/SelectorProducer@56c698e3/IDLE/p=true/QueuedThreadPool[qtp399373008]@17cdf2d0{STARTED,8<=8<=200,i=1,r=-1,q=0}[ReservedThreadExecutor@424fd310{reserved=1/8,pending=0}][pc=0,pic=0,pec=0,epc=5]@2024-05-02T01:46:23.557+01:00 m=EXECUTE_PRODUCE_CONSUME t=CEP:SocketChannelEndPoint@ac85bd9{l=/127.0.0.1:33719,r=/127.0.0.1:51208,OPEN,fill=FI,flush=-,to=38/30000}{io=1/0,kio=1,kro=1}->SslConnection@d292460{NEED_UNWRAP,eio=-1/-1,di=-1,fill=INTERESTED,flush=IDLE}~>DecryptedEndPoint@2b17ef5a{l=/127.0.0.1:33719,r=/127.0.0.1:51208,OPEN,fill=FI,flush=-,to=38/30000}=>HttpConnection@5d812fa5[p=HttpParser{s=START,0 of -1},g=HttpGenerator@19d067a0{s=START}]=>HttpChannelOverHttp@5dd4badf{s=HttpChannelState@63c97669{s=IDLE rs=BLOCKING os=OPEN is=IDLE awp=false se=false i=true al=0},r=0,c=false/false,a=IDLE,uri=null,age=0}:runFillable:BLOCKING/BLOCKING
01:46:23.557 [qtp399373008-60] DEBUG org.eclipse.jetty.util.thread.ReservedThreadExecutor - ReservedThread@2f559391{RESERVED,thread=Thread[qtp399373008-60,5,main]} task=EatWhatYouKill@1c3146bc/SelectorProducer@56c698e3/IDLE/p=true/QueuedThreadPool[qtp399373008]@17cdf2d0{STARTED,8<=8<=200,i=1,r=-1,q=0}[ReservedThreadExecutor@424fd310{reserved=1/8,pending=0}][pc=0,pic=0,pec=0,epc=5]@2024-05-02T01:46:23.557+01:00 ReservedThreadExecutor@424fd310{reserved=1/8,pending=0}
01:46:23.557 [qtp399373008-61] DEBUG org.eclipse.jetty.io.FillInterest - fillable FillInterest@33596d3b{SSLC.NBReadCB@d292460{SslConnection@d292460::SocketChannelEndPoint@ac85bd9{l=/127.0.0.1:33719,r=/127.0.0.1:51208,OPEN,fill=FI,flush=-,to=38/30000}{io=1/0,kio=1,kro=1}->SslConnection@d292460{NEED_UNWRAP,eio=-1/-1,di=-1,fill=INTERESTED,flush=IDLE}~>DecryptedEndPoint@2b17ef5a{l=/127.0.0.1:33719,r=/127.0.0.1:51208,OPEN,fill=FI,flush=-,to=38/30000}=>HttpConnection@5d812fa5[p=HttpParser{s=START,0 of -1},g=HttpGenerator@19d067a0{s=START}]=>HttpChannelOverHttp@5dd4badf{s=HttpChannelState@63c97669{s=IDLE rs=BLOCKING os=OPEN is=IDLE awp=false se=false i=true al=0},r=0,c=false/false,a=IDLE,uri=null,age=0}}}
01:46:23.558 [qtp399373008-61] DEBUG org.eclipse.jetty.io.ssl.SslConnection - >c.onFillable SslConnection@d292460::SocketChannelEndPoint@ac85bd9{l=/127.0.0.1:33719,r=/127.0.0.1:51208,OPEN,fill=-,flush=-,to=38/30000}{io=1/0,kio=1,kro=1}->SslConnection@d292460{NEED_UNWRAP,eio=-1/-1,di=-1,fill=INTERESTED,flush=IDLE}~>DecryptedEndPoint@2b17ef5a{l=/127.0.0.1:33719,r=/127.0.0.1:51208,OPEN,fill=FI,flush=-,to=38/30000}=>HttpConnection@5d812fa5[p=HttpParser{s=START,0 of -1},g=HttpGenerator@19d067a0{s=START}]=>HttpChannelOverHttp@5dd4badf{s=HttpChannelState@63c97669{s=IDLE rs=BLOCKING os=OPEN is=IDLE awp=false se=false i=true al=0},r=0,c=false/false,a=IDLE,uri=null,age=0}
01:46:23.558 [qtp399373008-60] DEBUG org.eclipse.jetty.util.thread.strategy.EatWhatYouKill - EatWhatYouKill@1c3146bc/SelectorProducer@56c698e3/IDLE/p=true/QueuedThreadPool[qtp399373008]@17cdf2d0{STARTED,8<=8<=200,i=1,r=-1,q=0}[ReservedThreadExecutor@424fd310{reserved=1/8,pending=0}][pc=0,pic=0,pec=0,epc=6]@2024-05-02T01:46:23.557+01:00 tryProduce true
01:46:23.558 [qtp399373008-60] DEBUG org.eclipse.jetty.io.ManagedSelector - updateable 0
01:46:23.558 [qtp399373008-60] DEBUG org.eclipse.jetty.io.ManagedSelector - updates 0
01:46:23.558 [qtp399373008-61] DEBUG org.eclipse.jetty.io.ssl.SslConnection - onFillable SslConnection@d292460::SocketChannelEndPoint@ac85bd9{l=/127.0.0.1:33719,r=/127.0.0.1:51208,OPEN,fill=-,flush=-,to=38/30000}{io=1/0,kio=1,kro=1}->SslConnection@d292460{NEED_UNWRAP,eio=-1/-1,di=-1,fill=INTERESTED,flush=IDLE}~>DecryptedEndPoint@2b17ef5a{l=/127.0.0.1:33719,r=/127.0.0.1:51208,OPEN,fill=FI,flush=-,to=38/30000}=>HttpConnection@5d812fa5[p=HttpParser{s=START,0 of -1},g=HttpGenerator@19d067a0{s=START}]=>HttpChannelOverHttp@5dd4badf{s=HttpChannelState@63c97669{s=IDLE rs=BLOCKING os=OPEN is=IDLE awp=false se=false i=true al=0},r=0,c=false/false,a=IDLE,uri=null,age=0}
01:46:23.558 [qtp399373008-61] DEBUG org.eclipse.jetty.io.FillInterest - fillable FillInterest@4d789f38{AC.ReadCB@5d812fa5{HttpConnection@5d812fa5::DecryptedEndPoint@2b17ef5a{l=/127.0.0.1:33719,r=/127.0.0.1:51208,OPEN,fill=FI,flush=-,to=38/30000}}}
01:46:23.558 [qtp399373008-61] DEBUG org.eclipse.jetty.server.HttpConnection - HttpConnection@5d812fa5::DecryptedEndPoint@2b17ef5a{l=/127.0.0.1:33719,r=/127.0.0.1:51208,OPEN,fill=-,flush=-,to=38/30000} onFillable enter HttpChannelState@63c97669{s=IDLE rs=BLOCKING os=OPEN is=IDLE awp=false se=false i=true al=0} null
01:46:23.558 [qtp399373008-60] DEBUG org.eclipse.jetty.io.ChannelEndPoint - Key interests updated 1 -> 0 on SocketChannelEndPoint@ac85bd9{l=/127.0.0.1:33719,r=/127.0.0.1:51208,OPEN,fill=-,flush=-,to=38/30000}{io=0/0,kio=0,kro=1}->SslConnection@d292460{NEED_UNWRAP,eio=-1/-1,di=-1,fill=IDLE,flush=IDLE}~>DecryptedEndPoint@2b17ef5a{l=/127.0.0.1:33719,r=/127.0.0.1:51208,OPEN,fill=-,flush=-,to=38/30000}=>HttpConnection@5d812fa5[p=HttpParser{s=START,0 of -1},g=HttpGenerator@19d067a0{s=START}]=>HttpChannelOverHttp@5dd4badf{s=HttpChannelState@63c97669{s=IDLE rs=BLOCKING os=OPEN is=IDLE awp=false se=false i=true al=0},r=0,c=false/false,a=IDLE,uri=null,age=0}
01:46:23.558 [qtp399373008-60] DEBUG org.eclipse.jetty.io.ManagedSelector - Selector sun.nio.ch.EPollSelectorImpl@ecff91a waiting with 2 keys
01:46:23.558 [qtp399373008-61] DEBUG org.eclipse.jetty.io.ssl.SslConnection - >fill SslConnection@d292460::SocketChannelEndPoint@ac85bd9{l=/127.0.0.1:33719,r=/127.0.0.1:51208,OPEN,fill=-,flush=-,to=38/30000}{io=0/0,kio=0,kro=1}->SslConnection@d292460{NEED_UNWRAP,eio=-1/-1,di=-1,fill=IDLE,flush=IDLE}~>DecryptedEndPoint@2b17ef5a{l=/127.0.0.1:33719,r=/127.0.0.1:51208,OPEN,fill=-,flush=-,to=38/30000}=>HttpConnection@5d812fa5[p=HttpParser{s=START,0 of -1},g=HttpGenerator@19d067a0{s=START}]=>HttpChannelOverHttp@5dd4badf{s=HttpChannelState@63c97669{s=IDLE rs=BLOCKING os=OPEN is=IDLE awp=false se=false i=true al=0},r=0,c=false/false,a=IDLE,uri=null,age=0}
01:46:23.558 [qtp399373008-61] DEBUG org.eclipse.jetty.io.ssl.SslConnection - fill NEED_UNWRAP
01:46:23.558 [qtp399373008-61] DEBUG org.eclipse.jetty.io.ChannelEndPoint - filled 1491 HeapByteBuffer@25c362b3[p=0,l=1491,c=17408,r=1491]={<<<\x17\x03\x03\x03\xAd\xFe\xB3w_e0F\x9dN*\x9e\xE2\xE7\x9e\xA5\xFc\xDc\xB4\x9e\xDd...\xBe\x0c\xF5\x11\xCf\x8e\xC7\xB8OU\xDa\x86\xA6\xEe\xE4\xBat\x05\xA7?\xF4\x00\xEd>>>>Z\xA6\xC6=\xBf\xC0\x98]...\x00\x00\x00\x00\x00\x00\x00}
01:46:23.558 [qtp399373008-61] DEBUG org.eclipse.jetty.io.ssl.SslConnection - net filled=1491
01:46:23.558 [qtp399373008-61] DEBUG org.eclipse.jetty.io.ssl.SslConnection - unwrap net_filled=1491 Status = OK HandshakeStatus = NEED_TASK bytesConsumed = 946 bytesProduced = 0 encryptedBuffer=[p=946,l=1491,c=17408,r=545] unwrapBuffer=HeapByteBuffer@2f3b09c3[p=0,l=0,c=17408,r=0]={<<<>>>\x14\x03\x03\x00\x01\x01t\x06\xFb...\x00\x00\x00\x00\x00\x00\x00} appBuffer=HeapByteBuffer@2f3b09c3[p=0,l=0,c=17408,r=0]={<<<>>>\x14\x03\x03\x00\x01\x01t\x06\xFb...\x00\x00\x00\x00\x00\x00\x00}
01:46:23.558 [qtp399373008-61] DEBUG org.eclipse.jetty.io.ssl.SslConnection - fill NEED_TASK
01:46:23.558 [qtp399373008-61] DEBUG org.eclipse.jetty.io.ssl.SslConnection - fill NEED_UNWRAP
01:46:23.558 [qtp399373008-61] DEBUG org.eclipse.jetty.io.ChannelEndPoint - filled 0 HeapByteBuffer@25c362b3[p=946,l=1491,c=17408,r=545]={\x17\x03\x03\x03\xAd\x0b\x00\x03\x88...\xC6\x1d\xEf\xCe4\xB5\xDe<<<\x17\x03\x03\x01)r\xAb\xBc\x1fw\xC6\xF9W,\x16Po\xD1\r\xC3x\xDf\xDa]\x07...\xBe\x0c\xF5\x11\xCf\x8e\xC7\xB8OU\xDa\x86\xA6\xEe\xE4\xBat\x05\xA7?\xF4\x00\xEd>>>>Z\xA6\xC6=\xBf\xC0\x98]...\x00\x00\x00\x00\x00\x00\x00}
01:46:23.558 [qtp399373008-61] DEBUG org.eclipse.jetty.io.ssl.SslConnection - net filled=0
01:46:23.558 [qtp399373008-61] DEBUG org.eclipse.jetty.io.ssl.SslConnection - unwrap net_filled=0 Status = OK HandshakeStatus = NEED_TASK bytesConsumed = 302 bytesProduced = 0 encryptedBuffer=[p=1248,l=1491,c=17408,r=243] unwrapBuffer=HeapByteBuffer@2f3b09c3[p=0,l=0,c=17408,r=0]={<<<>>>\x14\x03\x03\x00\x01\x01t\x06\xFb...\x00\x00\x00\x00\x00\x00\x00} appBuffer=HeapByteBuffer@2f3b09c3[p=0,l=0,c=17408,r=0]={<<<>>>\x14\x03\x03\x00\x01\x01t\x06\xFb...\x00\x00\x00\x00\x00\x00\x00}
01:46:23.558 [qtp399373008-61] DEBUG org.eclipse.jetty.io.ssl.SslConnection - fill NEED_TASK
01:46:23.559 [qtp399373008-61] DEBUG org.eclipse.jetty.io.ssl.SslConnection - fill NEED_UNWRAP
01:46:23.559 [qtp399373008-61] DEBUG org.eclipse.jetty.io.ChannelEndPoint - filled 0 HeapByteBuffer@25c362b3[p=1248,l=1491,c=17408,r=243]={\x17\x03\x03\x03\xAd\x0b\x00\x03\x88...\xC4\xFe\xB3\xFb\xCds\x91<<<\x17\x03\x03\x00U\xC0\x9e\x80\x90\xF4M\x8c\xD8\x89\x91\x14n\xF2\xA5k\x93\x91\xF9x\xC2...\xBe\x0c\xF5\x11\xCf\x8e\xC7\xB8OU\xDa\x86\xA6\xEe\xE4\xBat\x05\xA7?\xF4\x00\xEd>>>>Z\xA6\xC6=\xBf\xC0\x98]...\x00\x00\x00\x00\x00\x00\x00}
01:46:23.559 [qtp399373008-61] DEBUG org.eclipse.jetty.io.ssl.SslConnection - net filled=0
01:46:23.559 [qtp399373008-61] DEBUG org.eclipse.jetty.io.ssl.SslConnection - unwrap net_filled=0 Status = OK HandshakeStatus = NEED_WRAP bytesConsumed = 90 bytesProduced = 0 encryptedBuffer=[p=1338,l=1491,c=17408,r=153] unwrapBuffer=HeapByteBuffer@2f3b09c3[p=0,l=0,c=17408,r=0]={<<<>>>\x14\x03\x03\x00\x01\x01t\x06\xFb...\x00\x00\x00\x00\x00\x00\x00} appBuffer=HeapByteBuffer@2f3b09c3[p=0,l=0,c=17408,r=0]={<<<>>>\x14\x03\x03\x00\x01\x01t\x06\xFb...\x00\x00\x00\x00\x00\x00\x00}
01:46:23.559 [qtp399373008-61] DEBUG org.eclipse.jetty.io.ssl.SslConnection - fill NEED_WRAP
01:46:23.559 [qtp399373008-61] DEBUG org.eclipse.jetty.io.ssl.SslConnection - >flush SslConnection@d292460::SocketChannelEndPoint@ac85bd9{l=/127.0.0.1:33719,r=/127.0.0.1:51208,OPEN,fill=-,flush=-,to=1/30000}{io=0/0,kio=0,kro=1}->SslConnection@d292460{NEED_WRAP,eio=153/-1,di=-1,fill=IDLE,flush=IDLE}~>DecryptedEndPoint@2b17ef5a{l=/127.0.0.1:33719,r=/127.0.0.1:51208,OPEN,fill=-,flush=-,to=40/30000}=>HttpConnection@5d812fa5[p=HttpParser{s=START,0 of -1},g=HttpGenerator@19d067a0{s=START}]=>HttpChannelOverHttp@5dd4badf{s=HttpChannelState@63c97669{s=IDLE rs=BLOCKING os=OPEN is=IDLE awp=false se=false i=true al=0},r=0,c=false/false,a=IDLE,uri=null,age=0}
01:46:23.559 [qtp399373008-61] DEBUG org.eclipse.jetty.io.ssl.SslConnection - flush b[0]=HeapByteBuffer@98da274[p=0,l=0,c=0,r=0]={<<<>>>}
01:46:23.559 [qtp399373008-61] DEBUG org.eclipse.jetty.io.ssl.SslConnection - flush NEED_WRAP
01:46:23.559 [qtp399373008-61] DEBUG org.eclipse.jetty.io.ssl.SslConnection - wrap Status = OK HandshakeStatus = FINISHED bytesConsumed = 0 bytesProduced = 88 [p=0,l=88,c=17408,r=88] ioDone=false/false
01:46:23.559 [qtp399373008-61] DEBUG org.eclipse.jetty.io.ChannelEndPoint - flushed 88 SocketChannelEndPoint@ac85bd9{l=/127.0.0.1:33719,r=/127.0.0.1:51208,OPEN,fill=-,flush=-,to=1/30000}{io=0/0,kio=0,kro=1}->SslConnection@d292460{NOT_HANDSHAKING,eio=153/0,di=-1,fill=IDLE,flush=IDLE}~>DecryptedEndPoint@2b17ef5a{l=/127.0.0.1:33719,r=/127.0.0.1:51208,OPEN,fill=-,flush=-,to=40/30000}=>HttpConnection@5d812fa5[p=HttpParser{s=START,0 of -1},g=HttpGenerator@19d067a0{s=START}]=>HttpChannelOverHttp@5dd4badf{s=HttpChannelState@63c97669{s=IDLE rs=BLOCKING os=OPEN is=IDLE awp=false se=false i=true al=0},r=0,c=false/false,a=IDLE,uri=null,age=0}
01:46:23.559 [qtp399373008-61] DEBUG org.eclipse.jetty.io.ssl.SslConnection - net flushed=true, ac=true
01:46:23.559 [qtp399373008-61] DEBUG org.eclipse.jetty.io.ssl.SslConnection - handshake succeeded SslConnection@d292460::SocketChannelEndPoint@ac85bd9{l=/127.0.0.1:33719,r=/127.0.0.1:51208,OPEN,fill=-,flush=-,to=0/30000}{io=0/0,kio=0,kro=1}->SslConnection@d292460{NOT_HANDSHAKING,eio=153/0,di=-1,fill=IDLE,flush=IDLE}~>DecryptedEndPoint@2b17ef5a{l=/127.0.0.1:33719,r=/127.0.0.1:51208,OPEN,fill=-,flush=-,to=40/30000}=>HttpConnection@5d812fa5[p=HttpParser{s=START,0 of -1},g=HttpGenerator@19d067a0{s=START}]=>HttpChannelOverHttp@5dd4badf{s=HttpChannelState@63c97669{s=IDLE rs=BLOCKING os=OPEN is=IDLE awp=false se=false i=true al=0},r=0,c=false/false,a=IDLE,uri=null,age=0} resumed server TLSv1.3/TLS_AES_256_GCM_SHA384
01:46:23.559 [qtp399373008-61] DEBUG org.eclipse.jetty.io.ssl.SslConnection - <flush true SslConnection@d292460::SocketChannelEndPoint@ac85bd9{l=/127.0.0.1:33719,r=/127.0.0.1:51208,OPEN,fill=-,flush=-,to=0/30000}{io=0/0,kio=0,kro=1}->SslConnection@d292460{NOT_HANDSHAKING,eio=153/-1,di=-1,fill=IDLE,flush=IDLE}~>DecryptedEndPoint@2b17ef5a{l=/127.0.0.1:33719,r=/127.0.0.1:51208,OPEN,fill=-,flush=-,to=40/30000}=>HttpConnection@5d812fa5[p=HttpParser{s=START,0 of -1},g=HttpGenerator@19d067a0{s=START}]=>HttpChannelOverHttp@5dd4badf{s=HttpChannelState@63c97669{s=IDLE rs=BLOCKING os=OPEN is=IDLE awp=false se=false i=true al=0},r=0,c=false/false,a=IDLE,uri=null,age=0}
01:46:23.559 [qtp399373008-61] DEBUG org.eclipse.jetty.io.ssl.SslConnection - fill NOT_HANDSHAKING
01:46:23.560 [qtp399373008-61] DEBUG org.eclipse.jetty.io.ChannelEndPoint - filled 0 HeapByteBuffer@25c362b3[p=1338,l=1491,c=17408,r=153]={\x17\x03\x03\x03\xAd\x0b\x00\x03\x88...\x8d\xC0\xA2\xE4@\x05\x10<<<\x17\x03\x03\x00\x94v\xEa\x08\xA9\xFcP5V\xF1wP\x02\xE1PDb\xEf\xAe\xA7\xA7...\xBe\x0c\xF5\x11\xCf\x8e\xC7\xB8OU\xDa\x86\xA6\xEe\xE4\xBat\x05\xA7?\xF4\x00\xEd>>>>Z\xA6\xC6=\xBf\xC0\x98]...\x00\x00\x00\x00\x00\x00\x00}
01:46:23.560 [qtp399373008-61] DEBUG org.eclipse.jetty.io.ssl.SslConnection - net filled=0
01:46:23.560 [qtp399373008-61] DEBUG org.eclipse.jetty.io.ssl.SslConnection - unwrap net_filled=0 Status = OK HandshakeStatus = NOT_HANDSHAKING bytesConsumed = 153 bytesProduced = 115 encryptedBuffer=[p=1491,l=1491,c=17408,r=0] unwrapBuffer=HeapByteBuffer@2f3b09c3[p=0,l=115,c=17408,r=115]={<<<GET / HTTP/1.1\r\nHost: loc...gent: okhttp/3.12.3\r\n\r\n>>>\x7f\xF9\xF7\x86GzZ\x18\x11...\x00\x00\x00\x00\x00\x00\x00} appBuffer=HeapByteBuffer@2f3b09c3[p=0,l=115,c=17408,r=115]={<<<GET / HTTP/1.1\r\nHost: loc...gent: okhttp/3.12.3\r\n\r\n>>>\x7f\xF9\xF7\x86GzZ\x18\x11...\x00\x00\x00\x00\x00\x00\x00}
01:46:23.560 [qtp399373008-61] DEBUG org.eclipse.jetty.io.ssl.SslConnection - <fill f=115 uf=false SslConnection@d292460::SocketChannelEndPoint@ac85bd9{l=/127.0.0.1:33719,r=/127.0.0.1:51208,OPEN,fill=-,flush=-,to=0/30000}{io=0/0,kio=0,kro=1}->SslConnection@d292460{NOT_HANDSHAKING,eio=-1/-1,di=-1,fill=IDLE,flush=IDLE}~>DecryptedEndPoint@2b17ef5a{l=/127.0.0.1:33719,r=/127.0.0.1:51208,OPEN,fill=-,flush=-,to=40/30000}=>HttpConnection@5d812fa5[p=HttpParser{s=START,0 of -1},g=HttpGenerator@19d067a0{s=START}]=>HttpChannelOverHttp@5dd4badf{s=HttpChannelState@63c97669{s=IDLE rs=BLOCKING os=OPEN is=IDLE awp=false se=false i=true al=0},r=0,c=false/false,a=IDLE,uri=null,age=0}
01:46:23.560 [qtp399373008-61] DEBUG org.eclipse.jetty.server.HttpConnection - HttpConnection@5d812fa5::DecryptedEndPoint@2b17ef5a{l=/127.0.0.1:33719,r=/127.0.0.1:51208,OPEN,fill=-,flush=-,to=40/30000} filled 115 HeapByteBuffer@2f3b09c3[p=0,l=115,c=17408,r=115]={<<<GET / HTTP/1.1\r\nHost: loc...gent: okhttp/3.12.3\r\n\r\n>>>\x7f\xF9\xF7\x86GzZ\x18\x11...\x00\x00\x00\x00\x00\x00\x00}
01:46:23.560 [qtp399373008-61] DEBUG org.eclipse.jetty.server.HttpConnection - HttpConnection@5d812fa5::DecryptedEndPoint@2b17ef5a{l=/127.0.0.1:33719,r=/127.0.0.1:51208,OPEN,fill=-,flush=-,to=40/30000} parse HeapByteBuffer@2f3b09c3[p=0,l=115,c=17408,r=115]={<<<GET / HTTP/1.1\r\nHost: loc...gent: okhttp/3.12.3\r\n\r\n>>>\x7f\xF9\xF7\x86GzZ\x18\x11...\x00\x00\x00\x00\x00\x00\x00} {}
01:46:23.560 [qtp399373008-61] DEBUG org.eclipse.jetty.http.HttpParser - parseNext s=START HeapByteBuffer@2f3b09c3[p=0,l=115,c=17408,r=115]={<<<GET / HTTP/1.1\r\nHost: loc...gent: okhttp/3.12.3\r\n\r\n>>>\x7f\xF9\xF7\x86GzZ\x18\x11...\x00\x00\x00\x00\x00\x00\x00}
01:46:23.560 [qtp399373008-61] DEBUG org.eclipse.jetty.http.HttpParser - START --> SPACE1
01:46:23.560 [qtp399373008-61] DEBUG org.eclipse.jetty.http.HttpParser - SPACE1 --> URI
01:46:23.560 [qtp399373008-61] DEBUG org.eclipse.jetty.http.HttpParser - URI --> SPACE2
01:46:23.560 [qtp399373008-61] DEBUG org.eclipse.jetty.http.HttpParser - SPACE2 --> REQUEST_VERSION
01:46:23.560 [qtp399373008-61] DEBUG org.eclipse.jetty.http.HttpParser - REQUEST_VERSION --> HEADER
01:46:23.560 [qtp399373008-61] DEBUG org.eclipse.jetty.http.HttpParser - HEADER:Host --> VALUE
01:46:23.560 [qtp399373008-61] DEBUG org.eclipse.jetty.http.HttpParser - HEADER:Host --> IN_VALUE
01:46:23.560 [qtp399373008-61] DEBUG org.eclipse.jetty.http.HttpParser - HEADER:Host --> FIELD
01:46:23.560 [qtp399373008-61] DEBUG org.eclipse.jetty.http.HttpParser - HEADER:Connection: keep-alive --> IN_VALUE
01:46:23.560 [qtp399373008-61] DEBUG org.eclipse.jetty.http.HttpParser - HEADER:Connection: keep-alive --> FIELD
01:46:23.560 [qtp399373008-61] DEBUG org.eclipse.jetty.http.HttpParser - HEADER:Accept-Encoding: gzip --> IN_VALUE
01:46:23.560 [qtp399373008-61] DEBUG org.eclipse.jetty.http.HttpParser - HEADER:Accept-Encoding: gzip --> FIELD
01:46:23.560 [qtp399373008-61] DEBUG org.eclipse.jetty.http.HttpParser - HEADER:User-Agent --> VALUE
01:46:23.560 [qtp399373008-61] DEBUG org.eclipse.jetty.http.HttpParser - HEADER:User-Agent --> IN_VALUE
01:46:23.560 [qtp399373008-61] DEBUG org.eclipse.jetty.http.HttpParser - HEADER:User-Agent --> FIELD
01:46:23.560 [qtp399373008-61] DEBUG org.eclipse.jetty.http.HttpParser - HEADER --> CONTENT
01:46:23.560 [qtp399373008-61] DEBUG org.eclipse.jetty.server.HttpChannel - REQUEST for //localhost:33719/ on HttpChannelOverHttp@5dd4badf{s=HttpChannelState@63c97669{s=IDLE rs=BLOCKING os=OPEN is=IDLE awp=false se=false i=true al=0},r=1,c=false/false,a=IDLE,uri=//localhost:33719/,age=0}
GET //localhost:33719/ HTTP/1.1
Host: localhost:33719
Connection: keep-alive
Accept-Encoding: gzip
User-Agent: okhttp/3.12.3


01:46:23.560 [qtp399373008-61] DEBUG org.eclipse.jetty.server.HttpConnection - HttpConnection@5d812fa5::DecryptedEndPoint@2b17ef5a{l=/127.0.0.1:33719,r=/127.0.0.1:51208,OPEN,fill=-,flush=-,to=41/30000} parsed true HttpParser{s=CONTENT,0 of -1}
01:46:23.560 [qtp399373008-61] DEBUG org.eclipse.jetty.server.HttpConnection - releaseRequestBuffer HttpConnection@5d812fa5::DecryptedEndPoint@2b17ef5a{l=/127.0.0.1:33719,r=/127.0.0.1:51208,OPEN,fill=-,flush=-,to=41/30000}
01:46:23.560 [qtp399373008-61] DEBUG org.eclipse.jetty.server.HttpChannel - handle //localhost:33719/ HttpChannelOverHttp@5dd4badf{s=HttpChannelState@63c97669{s=IDLE rs=BLOCKING os=OPEN is=IDLE awp=false se=false i=true al=0},r=1,c=false/false,a=IDLE,uri=//localhost:33719/,age=0} 
01:46:23.560 [qtp399373008-61] DEBUG org.eclipse.jetty.server.HttpChannelState - handling HttpChannelState@63c97669{s=IDLE rs=BLOCKING os=OPEN is=IDLE awp=false se=false i=true al=0}
01:46:23.560 [qtp399373008-61] DEBUG org.eclipse.jetty.server.HttpChannel - action DISPATCH HttpChannelOverHttp@5dd4badf{s=HttpChannelState@63c97669{s=HANDLING rs=BLOCKING os=OPEN is=IDLE awp=false se=false i=true al=0},r=1,c=false/false,a=HANDLING,uri=//localhost:33719/,age=0}
01:46:23.560 [qtp399373008-61] DEBUG org.eclipse.jetty.server.SecureRequestCustomizer - Host localhost with SNI null
01:46:23.560 [qtp399373008-61] DEBUG org.eclipse.jetty.server.Server - REQUEST GET / on HttpChannelOverHttp@5dd4badf{s=HttpChannelState@63c97669{s=HANDLING rs=BLOCKING os=OPEN is=IDLE awp=false se=false i=true al=0},r=1,c=false/false,a=HANDLING,uri=https://localhost:33719/,age=0}
01:46:23.560 [qtp399373008-61] DEBUG org.eclipse.jetty.server.HttpOutput - write(array HeapByteBuffer@2cdffba7[p=0,l=4,c=512,r=4]={<<<test>>>\x00\x00\x00\x00\x00\x00\x00\x00\x00...\x00\x00\x00\x00\x00\x00\x00})
01:46:23.560 [qtp399373008-61] DEBUG org.eclipse.jetty.server.HttpOutput - write(array) s=CLOSING,api=BLOCKED,sc=false,e=null last=true agg=false flush=true async=false, len=4 null
01:46:23.560 [qtp399373008-61] DEBUG org.eclipse.jetty.server.HttpChannel - sendResponse info=null content=HeapByteBuffer@7272c284[p=0,l=4,c=512,r=4]={<<<test>>>\x00\x00\x00\x00\x00\x00\x00\x00\x00...\x00\x00\x00\x00\x00\x00\x00} complete=true committing=true callback=Blocker@4ae0f70{null}
01:46:23.560 [qtp399373008-61] DEBUG org.eclipse.jetty.server.HttpChannel - COMMIT for / on HttpChannelOverHttp@5dd4badf{s=HttpChannelState@63c97669{s=HANDLING rs=BLOCKING os=COMMITTED is=IDLE awp=false se=false i=true al=0},r=1,c=false/false,a=HANDLING,uri=https://localhost:33719/,age=0}
200 null HTTP/1.1
Date: Thu, 02 May 2024 00:46:23 GMT
ETag: testEtag
Content-Type: text/plain;charset=utf-8
Content-Length: 4


01:46:23.560 [qtp399373008-61] DEBUG org.eclipse.jetty.server.HttpConnection - generate: NEED_HEADER for SendCallback@5382751d[PROCESSING][i=HTTP/1.1{s=200,h=4,cl=4},cb=org.eclipse.jetty.server.HttpChannel$SendCallback@53be09] (null,[p=0,l=4,c=512,r=4],true)@START
01:46:23.560 [qtp399373008-61] DEBUG org.eclipse.jetty.http.HttpGenerator - generateHeaders HTTP/1.1{s=200,h=4,cl=4} last=true content=HeapByteBuffer@7272c284[p=0,l=4,c=512,r=4]={<<<test>>>\x00\x00\x00\x00\x00\x00\x00\x00\x00...\x00\x00\x00\x00\x00\x00\x00}
01:46:23.560 [qtp399373008-61] DEBUG org.eclipse.jetty.http.HttpGenerator - Date: Thu, 02 May 2024 00:46:23 GMT
ETag: testEtag
Content-Type: text/plain;charset=utf-8
Content-Length: 4


01:46:23.560 [qtp399373008-61] DEBUG org.eclipse.jetty.http.HttpGenerator - CONTENT_LENGTH
01:46:23.560 [qtp399373008-61] DEBUG org.eclipse.jetty.server.HttpConnection - generate: FLUSH for SendCallback@5382751d[PROCESSING][i=HTTP/1.1{s=200,h=4,cl=4},cb=org.eclipse.jetty.server.HttpChannel$SendCallback@53be09] ([p=0,l=164,c=8192,r=164],[p=0,l=4,c=512,r=4],true)@COMPLETING
01:46:23.560 [qtp399373008-61] DEBUG org.eclipse.jetty.io.WriteFlusher - write: WriteFlusher@64512a65{IDLE}->null [HeapByteBuffer@eac4508[p=0,l=164,c=8192,r=164]={<<<HTTP/1.1 200 OK\r\nDate: Th...y(9.4.44.v20210927)\r\n\r\n>>>\n\r\n\x00\x00\x00\x00\x00\x00...\x00\x00\x00\x00\x00\x00\x00},HeapByteBuffer@7272c284[p=0,l=4,c=512,r=4]={<<<test>>>\x00\x00\x00\x00\x00\x00\x00\x00\x00...\x00\x00\x00\x00\x00\x00\x00}]
01:46:23.560 [qtp399373008-61] DEBUG org.eclipse.jetty.io.WriteFlusher - update WriteFlusher@64512a65{WRITING}->null:IDLE-->WRITING
01:46:23.560 [qtp399373008-61] DEBUG org.eclipse.jetty.io.ssl.SslConnection - >flush SslConnection@d292460::SocketChannelEndPoint@ac85bd9{l=/127.0.0.1:33719,r=/127.0.0.1:51208,OPEN,fill=-,flush=-,to=1/30000}{io=0/0,kio=0,kro=1}->SslConnection@d292460{NOT_HANDSHAKING,eio=-1/-1,di=-1,fill=IDLE,flush=IDLE}~>DecryptedEndPoint@2b17ef5a{l=/127.0.0.1:33719,r=/127.0.0.1:51208,OPEN,fill=-,flush=W,to=41/30000}=>HttpConnection@5d812fa5[p=HttpParser{s=CONTENT,0 of -1},g=HttpGenerator@19d067a0{s=COMPLETING}]=>HttpChannelOverHttp@5dd4badf{s=HttpChannelState@63c97669{s=HANDLING rs=BLOCKING os=COMMITTED is=IDLE awp=false se=false i=true al=0},r=1,c=false/false,a=HANDLING,uri=https://localhost:33719/,age=0}
01:46:23.561 [qtp399373008-61] DEBUG org.eclipse.jetty.io.ssl.SslConnection - flush b[0]=HeapByteBuffer@eac4508[p=0,l=164,c=8192,r=164]={<<<HTTP/1.1 200 OK\r\nDate: Th...y(9.4.44.v20210927)\r\n\r\n>>>\n\r\n\x00\x00\x00\x00\x00\x00...\x00\x00\x00\x00\x00\x00\x00}
01:46:23.561 [qtp399373008-61] DEBUG org.eclipse.jetty.io.ssl.SslConnection - flush b[1]=HeapByteBuffer@7272c284[p=0,l=4,c=512,r=4]={<<<test>>>\x00\x00\x00\x00\x00\x00\x00\x00\x00...\x00\x00\x00\x00\x00\x00\x00}
01:46:23.561 [qtp399373008-61] DEBUG org.eclipse.jetty.io.ssl.SslConnection - flush NOT_HANDSHAKING
01:46:23.561 [qtp399373008-61] DEBUG org.eclipse.jetty.io.ssl.SslConnection - wrap Status = OK HandshakeStatus = NOT_HANDSHAKING bytesConsumed = 168 bytesProduced = 206 [p=0,l=206,c=17408,r=206] ioDone=false/false
01:46:23.561 [qtp399373008-61] DEBUG org.eclipse.jetty.io.ChannelEndPoint - flushed 206 SocketChannelEndPoint@ac85bd9{l=/127.0.0.1:33719,r=/127.0.0.1:51208,OPEN,fill=-,flush=-,to=1/30000}{io=0/0,kio=0,kro=1}->SslConnection@d292460{NOT_HANDSHAKING,eio=-1/0,di=-1,fill=IDLE,flush=IDLE}~>DecryptedEndPoint@2b17ef5a{l=/127.0.0.1:33719,r=/127.0.0.1:51208,OPEN,fill=-,flush=W,to=41/30000}=>HttpConnection@5d812fa5[p=HttpParser{s=CONTENT,0 of -1},g=HttpGenerator@19d067a0{s=COMPLETING}]=>HttpChannelOverHttp@5dd4badf{s=HttpChannelState@63c97669{s=HANDLING rs=BLOCKING os=COMMITTED is=IDLE awp=false se=false i=true al=0},r=1,c=false/false,a=HANDLING,uri=https://localhost:33719/,age=1}
01:46:23.561 [qtp399373008-61] DEBUG org.eclipse.jetty.io.ssl.SslConnection - net flushed=true, ac=true
01:46:23.561 [qtp399373008-61] DEBUG org.eclipse.jetty.io.ssl.SslConnection - <flush true SslConnection@d292460::SocketChannelEndPoint@ac85bd9{l=/127.0.0.1:33719,r=/127.0.0.1:51208,OPEN,fill=-,flush=-,to=0/30000}{io=0/0,kio=0,kro=1}->SslConnection@d292460{NOT_HANDSHAKING,eio=-1/-1,di=-1,fill=IDLE,flush=IDLE}~>DecryptedEndPoint@2b17ef5a{l=/127.0.0.1:33719,r=/127.0.0.1:51208,OPEN,fill=-,flush=W,to=42/30000}=>HttpConnection@5d812fa5[p=HttpParser{s=CONTENT,0 of -1},g=HttpGenerator@19d067a0{s=COMPLETING}]=>HttpChannelOverHttp@5dd4badf{s=HttpChannelState@63c97669{s=HANDLING rs=BLOCKING os=COMMITTED is=IDLE awp=false se=false i=true al=0},r=1,c=false/false,a=HANDLING,uri=https://localhost:33719/,age=1}
01:46:23.561 [main] DEBUG org.apache.nifi.minifi.bootstrap.configuration.ingestors.PullHttpChangeIngestor - Response received: Response{protocol=http/1.1, code=200, message=OK, url=https://localhost:33719/}
01:46:23.561 [qtp399373008-61] DEBUG org.eclipse.jetty.io.WriteFlusher - Flushed=true written=168 remaining=0 WriteFlusher@64512a65{WRITING}->null
01:46:23.561 [qtp399373008-61] DEBUG org.eclipse.jetty.io.WriteFlusher - update WriteFlusher@64512a65{IDLE}->null:WRITING-->IDLE
01:46:23.561 [qtp399373008-61] DEBUG org.eclipse.jetty.server.HttpConnection - generate: DONE for SendCallback@5382751d[PROCESSING][i=HTTP/1.1{s=200,h=4,cl=4},cb=org.eclipse.jetty.server.HttpChannel$SendCallback@53be09] ([p=164,l=164,c=8192,r=0],[p=4,l=4,c=512,r=0],true)@END
01:46:23.561 [qtp399373008-61] DEBUG org.eclipse.jetty.server.HttpOutput - onWriteComplete(true,null) s=CLOSING,api=BLOCKED,sc=false,e=null->s=CLOSED,api=BLOCKING,sc=false,e=null c=null cb=null w=false
01:46:23.561 [qtp399373008-61] DEBUG org.eclipse.jetty.server.HttpOutput - close() s=CLOSED,api=BLOCKING,sc=false,e=null c=null b=null
01:46:23.561 [main] DEBUG org.apache.nifi.minifi.bootstrap.configuration.ingestors.PullHttpChangeIngestor - Pulled config same as currently running.
01:46:23.561 [qtp399373008-61] DEBUG org.eclipse.jetty.server.Server - handled=true async=false committed=true on HttpChannelOverHttp@5dd4badf{s=HttpChannelState@63c97669{s=HANDLING rs=BLOCKING os=COMPLETED is=IDLE awp=false se=false i=true al=0},r=1,c=false/true,a=HANDLING,uri=https://localhost:33719/,age=1}
01:46:23.561 [qtp399373008-61] DEBUG org.eclipse.jetty.server.HttpChannelState - unhandle HttpChannelState@63c97669{s=HANDLING rs=BLOCKING os=COMPLETED is=IDLE awp=false se=false i=true al=0}
01:46:23.561 [qtp399373008-61] DEBUG org.eclipse.jetty.server.HttpChannelState - nextAction(false) COMPLETE HttpChannelState@63c97669{s=HANDLING rs=COMPLETING os=COMPLETED is=IDLE awp=false se=false i=false al=0}
01:46:23.561 [qtp399373008-61] DEBUG org.eclipse.jetty.server.HttpChannel - action COMPLETE HttpChannelOverHttp@5dd4badf{s=HttpChannelState@63c97669{s=HANDLING rs=COMPLETING os=COMPLETED is=IDLE awp=false se=false i=false al=0},r=1,c=false/true,a=HANDLING,uri=https://localhost:33719/,age=1}
01:46:23.561 [qtp399373008-61] DEBUG org.eclipse.jetty.server.HttpOutput - complete(org.eclipse.jetty.util.Callback$3@10706c10) s=CLOSED,api=BLOCKING,sc=false,e=null s=true e=null, c=null
01:46:23.561 [qtp399373008-61] DEBUG org.eclipse.jetty.server.HttpChannelState - completed HttpChannelState@63c97669{s=HANDLING rs=COMPLETING os=COMPLETED is=IDLE awp=false se=false i=false al=0}
01:46:23.561 [qtp399373008-61] DEBUG org.eclipse.jetty.server.HttpChannelState - unhandle HttpChannelState@63c97669{s=HANDLING rs=COMPLETED os=COMPLETED is=IDLE awp=false se=false i=false al=0}
01:46:23.561 [qtp399373008-61] DEBUG org.eclipse.jetty.server.HttpChannelState - nextAction(false) TERMINATED HttpChannelState@63c97669{s=IDLE rs=COMPLETED os=COMPLETED is=IDLE awp=false se=false i=false al=0}
01:46:23.561 [qtp399373008-61] DEBUG org.eclipse.jetty.server.HttpChannel - action TERMINATED HttpChannelOverHttp@5dd4badf{s=HttpChannelState@63c97669{s=IDLE rs=COMPLETED os=COMPLETED is=IDLE awp=false se=false i=false al=0},r=1,c=true/true,a=IDLE,uri=https://localhost:33719/,age=1}
]]></system-out>
  </testcase>
  <testcase name="testNoUpdateWithPath" classname="org.apache.nifi.minifi.bootstrap.configuration.ingestors.PullHttpChangeIngestorSSLTest" time="0.066">
    <system-out><![CDATA[01:46:23.561 [qtp399373008-61] DEBUG org.eclipse.jetty.server.HttpChannel - onCompleted for / written=4
01:46:23.562 [qtp399373008-61] DEBUG org.eclipse.jetty.io.ssl.SslConnection - >fill SslConnection@d292460::SocketChannelEndPoint@ac85bd9{l=/127.0.0.1:33719,r=/127.0.0.1:51208,OPEN,fill=-,flush=-,to=0/30000}{io=0/0,kio=0,kro=1}->SslConnection@d292460{NOT_HANDSHAKING,eio=-1/-1,di=-1,fill=IDLE,flush=IDLE}~>DecryptedEndPoint@2b17ef5a{l=/127.0.0.1:33719,r=/127.0.0.1:51208,OPEN,fill=-,flush=-,to=42/30000}=>HttpConnection@5d812fa5[p=HttpParser{s=CONTENT,0 of -1},g=HttpGenerator@19d067a0{s=END}]=>HttpChannelOverHttp@5dd4badf{s=HttpChannelState@63c97669{s=IDLE rs=COMPLETED os=COMPLETED is=IDLE awp=false se=false i=false al=0},r=1,c=true/true,a=IDLE,uri=https://localhost:33719/,age=2}
01:46:23.562 [qtp399373008-61] DEBUG org.eclipse.jetty.io.ssl.SslConnection - fill NOT_HANDSHAKING
01:46:23.562 [qtp399373008-61] DEBUG org.eclipse.jetty.io.ChannelEndPoint - filled 0 HeapByteBuffer@2f3b09c3[p=0,l=0,c=17408,r=0]={<<<>>>GET / HTT...\x00\x00\x00\x00\x00\x00\x00}
01:46:23.562 [qtp399373008-61] DEBUG org.eclipse.jetty.io.ssl.SslConnection - net filled=0
01:46:23.562 [qtp399373008-61] DEBUG org.eclipse.jetty.io.ssl.SslConnection - unwrap net_filled=0 Status = BUFFER_UNDERFLOW HandshakeStatus = NOT_HANDSHAKING bytesConsumed = 0 bytesProduced = 0 encryptedBuffer=[p=0,l=0,c=17408,r=0] unwrapBuffer=HeapByteBuffer@25c362b3[p=0,l=0,c=17408,r=0]={<<<>>>\x17\x03\x03\x03\xAd\x0b\x00\x03\x88...\x00\x00\x00\x00\x00\x00\x00} appBuffer=HeapByteBuffer@25c362b3[p=0,l=0,c=17408,r=0]={<<<>>>\x17\x03\x03\x03\xAd\x0b\x00\x03\x88...\x00\x00\x00\x00\x00\x00\x00}
01:46:23.562 [qtp399373008-61] DEBUG org.eclipse.jetty.io.ssl.SslConnection - <fill f=0 uf=true SslConnection@d292460::SocketChannelEndPoint@ac85bd9{l=/127.0.0.1:33719,r=/127.0.0.1:51208,OPEN,fill=-,flush=-,to=0/30000}{io=0/0,kio=0,kro=1}->SslConnection@d292460{NOT_HANDSHAKING,eio=-1/-1,di=-1,fill=IDLE,flush=IDLE}~>DecryptedEndPoint@2b17ef5a{l=/127.0.0.1:33719,r=/127.0.0.1:51208,OPEN,fill=-,flush=-,to=43/30000}=>HttpConnection@5d812fa5[p=HttpParser{s=CONTENT,0 of -1},g=HttpGenerator@19d067a0{s=END}]=>HttpChannelOverHttp@5dd4badf{s=HttpChannelState@63c97669{s=IDLE rs=COMPLETED os=COMPLETED is=IDLE awp=false se=false i=false al=0},r=1,c=true/true,a=IDLE,uri=https://localhost:33719/,age=2}
01:46:23.562 [qtp399373008-61] DEBUG org.eclipse.jetty.io.ssl.SslConnection - >fill SslConnection@d292460::SocketChannelEndPoint@ac85bd9{l=/127.0.0.1:33719,r=/127.0.0.1:51208,OPEN,fill=-,flush=-,to=1/30000}{io=0/0,kio=0,kro=1}->SslConnection@d292460{NOT_HANDSHAKING,eio=-1/-1,di=-1,fill=IDLE,flush=IDLE}~>DecryptedEndPoint@2b17ef5a{l=/127.0.0.1:33719,r=/127.0.0.1:51208,OPEN,fill=-,flush=-,to=43/30000}=>HttpConnection@5d812fa5[p=HttpParser{s=CONTENT,0 of -1},g=HttpGenerator@19d067a0{s=END}]=>HttpChannelOverHttp@5dd4badf{s=HttpChannelState@63c97669{s=IDLE rs=COMPLETED os=COMPLETED is=IDLE awp=false se=false i=false al=0},r=1,c=true/true,a=IDLE,uri=https://localhost:33719/,age=2}
01:46:23.562 [qtp399373008-61] DEBUG org.eclipse.jetty.io.ssl.SslConnection - fill NOT_HANDSHAKING
01:46:23.562 [qtp399373008-61] DEBUG org.eclipse.jetty.io.ChannelEndPoint - filled 0 HeapByteBuffer@21fcf254[p=0,l=0,c=17408,r=0]={<<<>>>\x17\x03\x03\x00\xC9Jt\xA3o...\x00\x00\x00\x00\x00\x00\x00}
01:46:23.562 [qtp399373008-61] DEBUG org.eclipse.jetty.io.ssl.SslConnection - net filled=0
01:46:23.562 [qtp399373008-61] DEBUG org.eclipse.jetty.io.ssl.SslConnection - unwrap net_filled=0 Status = BUFFER_UNDERFLOW HandshakeStatus = NOT_HANDSHAKING bytesConsumed = 0 bytesProduced = 0 encryptedBuffer=[p=0,l=0,c=17408,r=0] unwrapBuffer=HeapByteBuffer@25c362b3[p=0,l=0,c=17408,r=0]={<<<>>>\x17\x03\x03\x03\xAd\x0b\x00\x03\x88...\x00\x00\x00\x00\x00\x00\x00} appBuffer=HeapByteBuffer@25c362b3[p=0,l=0,c=17408,r=0]={<<<>>>\x17\x03\x03\x03\xAd\x0b\x00\x03\x88...\x00\x00\x00\x00\x00\x00\x00}
01:46:23.562 [qtp399373008-61] DEBUG org.eclipse.jetty.io.ssl.SslConnection - <fill f=0 uf=true SslConnection@d292460::SocketChannelEndPoint@ac85bd9{l=/127.0.0.1:33719,r=/127.0.0.1:51208,OPEN,fill=-,flush=-,to=1/30000}{io=0/0,kio=0,kro=1}->SslConnection@d292460{NOT_HANDSHAKING,eio=-1/-1,di=-1,fill=IDLE,flush=IDLE}~>DecryptedEndPoint@2b17ef5a{l=/127.0.0.1:33719,r=/127.0.0.1:51208,OPEN,fill=-,flush=-,to=43/30000}=>HttpConnection@5d812fa5[p=HttpParser{s=CONTENT,0 of -1},g=HttpGenerator@19d067a0{s=END}]=>HttpChannelOverHttp@5dd4badf{s=HttpChannelState@63c97669{s=IDLE rs=COMPLETED os=COMPLETED is=IDLE awp=false se=false i=false al=0},r=1,c=true/true,a=IDLE,uri=https://localhost:33719/,age=2}
01:46:23.562 [qtp399373008-61] DEBUG org.eclipse.jetty.server.HttpConnection - HttpConnection@5d812fa5::DecryptedEndPoint@2b17ef5a{l=/127.0.0.1:33719,r=/127.0.0.1:51208,OPEN,fill=-,flush=-,to=43/30000} filled 0 HeapByteBuffer@25c362b3[p=0,l=0,c=17408,r=0]={<<<>>>\x17\x03\x03\x03\xAd\x0b\x00\x03\x88...\x00\x00\x00\x00\x00\x00\x00}
01:46:23.562 [qtp399373008-61] DEBUG org.eclipse.jetty.server.HttpConnection - HttpConnection@5d812fa5::DecryptedEndPoint@2b17ef5a{l=/127.0.0.1:33719,r=/127.0.0.1:51208,OPEN,fill=-,flush=-,to=43/30000} parse HeapByteBuffer@25c362b3[p=0,l=0,c=17408,r=0]={<<<>>>\x17\x03\x03\x03\xAd\x0b\x00\x03\x88...\x00\x00\x00\x00\x00\x00\x00} {}
01:46:23.562 [qtp399373008-61] DEBUG org.eclipse.jetty.http.HttpParser - parseNext s=CONTENT HeapByteBuffer@25c362b3[p=0,l=0,c=17408,r=0]={<<<>>>\x17\x03\x03\x03\xAd\x0b\x00\x03\x88...\x00\x00\x00\x00\x00\x00\x00}
01:46:23.562 [qtp399373008-61] DEBUG org.eclipse.jetty.http.HttpParser - CONTENT --> CONTENT_END
01:46:23.562 [qtp399373008-61] DEBUG org.eclipse.jetty.server.HttpChannel - onContentComplete HttpChannelOverHttp@5dd4badf{s=HttpChannelState@63c97669{s=IDLE rs=COMPLETED os=COMPLETED is=IDLE awp=false se=false i=false al=0},r=1,c=true/true,a=IDLE,uri=https://localhost:33719/,age=2}
01:46:23.562 [qtp399373008-61] DEBUG org.eclipse.jetty.http.HttpParser - CONTENT_END --> END
01:46:23.562 [qtp399373008-61] DEBUG org.eclipse.jetty.server.HttpChannel - onRequestComplete HttpChannelOverHttp@5dd4badf{s=HttpChannelState@63c97669{s=IDLE rs=COMPLETED os=COMPLETED is=IDLE awp=false se=false i=false al=0},r=1,c=true/true,a=IDLE,uri=https://localhost:33719/,age=2}
01:46:23.562 [qtp399373008-61] DEBUG org.eclipse.jetty.server.HttpInput - HttpInputOverHTTP@501ad99e[c=0,q=0,[0]=null,s=STREAM] addContent EOF
01:46:23.562 [qtp399373008-61] DEBUG org.eclipse.jetty.server.HttpConnection - HttpConnection@5d812fa5::DecryptedEndPoint@2b17ef5a{l=/127.0.0.1:33719,r=/127.0.0.1:51208,OPEN,fill=-,flush=-,to=43/30000} parsed false HttpParser{s=END,0 of -1}
01:46:23.562 [qtp399373008-61] DEBUG org.eclipse.jetty.server.HttpConnection - releaseRequestBuffer HttpConnection@5d812fa5::DecryptedEndPoint@2b17ef5a{l=/127.0.0.1:33719,r=/127.0.0.1:51208,OPEN,fill=-,flush=-,to=43/30000}
01:46:23.562 [qtp399373008-61] DEBUG org.eclipse.jetty.server.HttpChannelState - recycle HttpChannelState@63c97669{s=IDLE rs=COMPLETED os=COMPLETED is=IDLE awp=false se=false i=false al=0}
01:46:23.562 [qtp399373008-61] DEBUG org.eclipse.jetty.http.HttpParser - reset HttpParser{s=END,0 of -1}
01:46:23.562 [qtp399373008-61] DEBUG org.eclipse.jetty.http.HttpParser - END --> START
01:46:23.562 [qtp399373008-61] DEBUG org.eclipse.jetty.server.HttpChannel - !handle TERMINATED HttpChannelOverHttp@5dd4badf{s=HttpChannelState@63c97669{s=IDLE rs=BLOCKING os=OPEN is=IDLE awp=false se=false i=true al=0},r=1,c=false/false,a=IDLE,uri=null,age=0}
01:46:23.563 [qtp399373008-61] DEBUG org.eclipse.jetty.io.ssl.SslConnection - >fill SslConnection@d292460::SocketChannelEndPoint@ac85bd9{l=/127.0.0.1:33719,r=/127.0.0.1:51208,OPEN,fill=-,flush=-,to=1/30000}{io=0/0,kio=0,kro=1}->SslConnection@d292460{NOT_HANDSHAKING,eio=-1/-1,di=-1,fill=IDLE,flush=IDLE}~>DecryptedEndPoint@2b17ef5a{l=/127.0.0.1:33719,r=/127.0.0.1:51208,OPEN,fill=-,flush=-,to=43/30000}=>HttpConnection@5d812fa5[p=HttpParser{s=START,0 of -1},g=HttpGenerator@19d067a0{s=START}]=>HttpChannelOverHttp@5dd4badf{s=HttpChannelState@63c97669{s=IDLE rs=BLOCKING os=OPEN is=IDLE awp=false se=false i=true al=0},r=1,c=false/false,a=IDLE,uri=null,age=0}
01:46:23.563 [qtp399373008-61] DEBUG org.eclipse.jetty.io.ssl.SslConnection - fill NOT_HANDSHAKING
01:46:23.563 [qtp399373008-61] DEBUG org.eclipse.jetty.io.ChannelEndPoint - filled 0 HeapByteBuffer@21fcf254[p=0,l=0,c=17408,r=0]={<<<>>>\x17\x03\x03\x00\xC9Jt\xA3o...\x00\x00\x00\x00\x00\x00\x00}
01:46:23.563 [qtp399373008-61] DEBUG org.eclipse.jetty.io.ssl.SslConnection - net filled=0
01:46:23.563 [qtp399373008-61] DEBUG org.eclipse.jetty.io.ssl.SslConnection - unwrap net_filled=0 Status = BUFFER_UNDERFLOW HandshakeStatus = NOT_HANDSHAKING bytesConsumed = 0 bytesProduced = 0 encryptedBuffer=[p=0,l=0,c=17408,r=0] unwrapBuffer=HeapByteBuffer@2f3b09c3[p=0,l=0,c=17408,r=0]={<<<>>>GET / HTT...\x00\x00\x00\x00\x00\x00\x00} appBuffer=HeapByteBuffer@2f3b09c3[p=0,l=0,c=17408,r=0]={<<<>>>GET / HTT...\x00\x00\x00\x00\x00\x00\x00}
01:46:23.563 [qtp399373008-61] DEBUG org.eclipse.jetty.io.ssl.SslConnection - <fill f=0 uf=true SslConnection@d292460::SocketChannelEndPoint@ac85bd9{l=/127.0.0.1:33719,r=/127.0.0.1:51208,OPEN,fill=-,flush=-,to=1/30000}{io=0/0,kio=0,kro=1}->SslConnection@d292460{NOT_HANDSHAKING,eio=-1/-1,di=-1,fill=IDLE,flush=IDLE}~>DecryptedEndPoint@2b17ef5a{l=/127.0.0.1:33719,r=/127.0.0.1:51208,OPEN,fill=-,flush=-,to=43/30000}=>HttpConnection@5d812fa5[p=HttpParser{s=START,0 of -1},g=HttpGenerator@19d067a0{s=START}]=>HttpChannelOverHttp@5dd4badf{s=HttpChannelState@63c97669{s=IDLE rs=BLOCKING os=OPEN is=IDLE awp=false se=false i=true al=0},r=1,c=false/false,a=IDLE,uri=null,age=0}
01:46:23.563 [qtp399373008-61] DEBUG org.eclipse.jetty.io.ssl.SslConnection - >fill SslConnection@d292460::SocketChannelEndPoint@ac85bd9{l=/127.0.0.1:33719,r=/127.0.0.1:51208,OPEN,fill=-,flush=-,to=1/30000}{io=0/0,kio=0,kro=1}->SslConnection@d292460{NOT_HANDSHAKING,eio=-1/-1,di=-1,fill=IDLE,flush=IDLE}~>DecryptedEndPoint@2b17ef5a{l=/127.0.0.1:33719,r=/127.0.0.1:51208,OPEN,fill=-,flush=-,to=43/30000}=>HttpConnection@5d812fa5[p=HttpParser{s=START,0 of -1},g=HttpGenerator@19d067a0{s=START}]=>HttpChannelOverHttp@5dd4badf{s=HttpChannelState@63c97669{s=IDLE rs=BLOCKING os=OPEN is=IDLE awp=false se=false i=true al=0},r=1,c=false/false,a=IDLE,uri=null,age=0}
01:46:23.563 [qtp399373008-61] DEBUG org.eclipse.jetty.io.ssl.SslConnection - fill NOT_HANDSHAKING
01:46:23.563 [qtp399373008-61] DEBUG org.eclipse.jetty.io.ChannelEndPoint - filled 0 HeapByteBuffer@25c362b3[p=0,l=0,c=17408,r=0]={<<<>>>\x17\x03\x03\x03\xAd\x0b\x00\x03\x88...\x00\x00\x00\x00\x00\x00\x00}
01:46:23.563 [qtp399373008-61] DEBUG org.eclipse.jetty.io.ssl.SslConnection - net filled=0
01:46:23.563 [qtp399373008-61] DEBUG org.eclipse.jetty.io.ssl.SslConnection - unwrap net_filled=0 Status = BUFFER_UNDERFLOW HandshakeStatus = NOT_HANDSHAKING bytesConsumed = 0 bytesProduced = 0 encryptedBuffer=[p=0,l=0,c=17408,r=0] unwrapBuffer=HeapByteBuffer@2f3b09c3[p=0,l=0,c=17408,r=0]={<<<>>>GET / HTT...\x00\x00\x00\x00\x00\x00\x00} appBuffer=HeapByteBuffer@2f3b09c3[p=0,l=0,c=17408,r=0]={<<<>>>GET / HTT...\x00\x00\x00\x00\x00\x00\x00}
01:46:23.563 [qtp399373008-61] DEBUG org.eclipse.jetty.io.ssl.SslConnection - <fill f=0 uf=true SslConnection@d292460::SocketChannelEndPoint@ac85bd9{l=/127.0.0.1:33719,r=/127.0.0.1:51208,OPEN,fill=-,flush=-,to=2/30000}{io=0/0,kio=0,kro=1}->SslConnection@d292460{NOT_HANDSHAKING,eio=-1/-1,di=-1,fill=IDLE,flush=IDLE}~>DecryptedEndPoint@2b17ef5a{l=/127.0.0.1:33719,r=/127.0.0.1:51208,OPEN,fill=-,flush=-,to=44/30000}=>HttpConnection@5d812fa5[p=HttpParser{s=START,0 of -1},g=HttpGenerator@19d067a0{s=START}]=>HttpChannelOverHttp@5dd4badf{s=HttpChannelState@63c97669{s=IDLE rs=BLOCKING os=OPEN is=IDLE awp=false se=false i=true al=0},r=1,c=false/false,a=IDLE,uri=null,age=0}
01:46:23.563 [qtp399373008-61] DEBUG org.eclipse.jetty.server.HttpConnection - HttpConnection@5d812fa5::DecryptedEndPoint@2b17ef5a{l=/127.0.0.1:33719,r=/127.0.0.1:51208,OPEN,fill=-,flush=-,to=44/30000} filled 0 HeapByteBuffer@2f3b09c3[p=0,l=0,c=17408,r=0]={<<<>>>GET / HTT...\x00\x00\x00\x00\x00\x00\x00}
01:46:23.563 [qtp399373008-61] DEBUG org.eclipse.jetty.server.HttpConnection - HttpConnection@5d812fa5::DecryptedEndPoint@2b17ef5a{l=/127.0.0.1:33719,r=/127.0.0.1:51208,OPEN,fill=-,flush=-,to=44/30000} parse HeapByteBuffer@2f3b09c3[p=0,l=0,c=17408,r=0]={<<<>>>GET / HTT...\x00\x00\x00\x00\x00\x00\x00} {}
01:46:23.563 [qtp399373008-61] DEBUG org.eclipse.jetty.http.HttpParser - parseNext s=START HeapByteBuffer@2f3b09c3[p=0,l=0,c=17408,r=0]={<<<>>>GET / HTT...\x00\x00\x00\x00\x00\x00\x00}
01:46:23.563 [qtp399373008-61] DEBUG org.eclipse.jetty.server.HttpConnection - HttpConnection@5d812fa5::DecryptedEndPoint@2b17ef5a{l=/127.0.0.1:33719,r=/127.0.0.1:51208,OPEN,fill=-,flush=-,to=44/30000} parsed false HttpParser{s=START,0 of -1}
01:46:23.563 [qtp399373008-61] DEBUG org.eclipse.jetty.server.HttpConnection - releaseRequestBuffer HttpConnection@5d812fa5::DecryptedEndPoint@2b17ef5a{l=/127.0.0.1:33719,r=/127.0.0.1:51208,OPEN,fill=-,flush=-,to=44/30000}
01:46:23.563 [qtp399373008-61] DEBUG org.eclipse.jetty.io.AbstractConnection - fillInterested HttpConnection@5d812fa5::DecryptedEndPoint@2b17ef5a{l=/127.0.0.1:33719,r=/127.0.0.1:51208,OPEN,fill=-,flush=-,to=44/30000}
01:46:23.563 [main] DEBUG org.apache.nifi.minifi.bootstrap.configuration.ingestors.PullHttpChangeIngestor - Attempting to pull new config
01:46:23.563 [qtp399373008-61] DEBUG org.eclipse.jetty.io.FillInterest - interested FillInterest@4d789f38{AC.ReadCB@5d812fa5{HttpConnection@5d812fa5::DecryptedEndPoint@2b17ef5a{l=/127.0.0.1:33719,r=/127.0.0.1:51208,OPEN,fill=FI,flush=-,to=0/30000}}}
01:46:23.563 [qtp399373008-61] DEBUG org.eclipse.jetty.io.ssl.SslConnection - >needFillInterest s=IDLE/IDLE uf=true ei=null di=null SslConnection@d292460::SocketChannelEndPoint@ac85bd9{l=/127.0.0.1:33719,r=/127.0.0.1:51208,OPEN,fill=-,flush=-,to=2/30000}{io=0/0,kio=0,kro=1}->SslConnection@d292460{NOT_HANDSHAKING,eio=-1/-1,di=-1,fill=IDLE,flush=IDLE}~>DecryptedEndPoint@2b17ef5a{l=/127.0.0.1:33719,r=/127.0.0.1:51208,OPEN,fill=FI,flush=-,to=0/30000}=>HttpConnection@5d812fa5[p=HttpParser{s=START,0 of -1},g=HttpGenerator@19d067a0{s=START}]=>HttpChannelOverHttp@5dd4badf{s=HttpChannelState@63c97669{s=IDLE rs=BLOCKING os=OPEN is=IDLE awp=false se=false i=true al=0},r=1,c=false/false,a=IDLE,uri=null,age=0}
01:46:23.563 [qtp399373008-61] DEBUG org.eclipse.jetty.io.ssl.SslConnection - <needFillInterest s=IDLE/INTERESTED f=false i=true w=null
01:46:23.563 [qtp399373008-61] DEBUG org.eclipse.jetty.io.ssl.SslConnection - ensureFillInterested SslConnection@d292460::SocketChannelEndPoint@ac85bd9{l=/127.0.0.1:33719,r=/127.0.0.1:51208,OPEN,fill=-,flush=-,to=2/30000}{io=0/0,kio=0,kro=1}->SslConnection@d292460{NOT_HANDSHAKING,eio=-1/-1,di=-1,fill=INTERESTED,flush=IDLE}~>DecryptedEndPoint@2b17ef5a{l=/127.0.0.1:33719,r=/127.0.0.1:51208,OPEN,fill=FI,flush=-,to=0/30000}=>HttpConnection@5d812fa5[p=HttpParser{s=START,0 of -1},g=HttpGenerator@19d067a0{s=START}]=>HttpChannelOverHttp@5dd4badf{s=HttpChannelState@63c97669{s=IDLE rs=BLOCKING os=OPEN is=IDLE awp=false se=false i=true al=0},r=1,c=false/false,a=IDLE,uri=null,age=0}
01:46:23.563 [qtp399373008-61] DEBUG org.eclipse.jetty.io.FillInterest - interested FillInterest@33596d3b{SSLC.NBReadCB@d292460{SslConnection@d292460::SocketChannelEndPoint@ac85bd9{l=/127.0.0.1:33719,r=/127.0.0.1:51208,OPEN,fill=FI,flush=-,to=0/30000}{io=0/0,kio=0,kro=1}->SslConnection@d292460{NOT_HANDSHAKING,eio=-1/-1,di=-1,fill=INTERESTED,flush=IDLE}~>DecryptedEndPoint@2b17ef5a{l=/127.0.0.1:33719,r=/127.0.0.1:51208,OPEN,fill=FI,flush=-,to=0/30000}=>HttpConnection@5d812fa5[p=HttpParser{s=START,0 of -1},g=HttpGenerator@19d067a0{s=START}]=>HttpChannelOverHttp@5dd4badf{s=HttpChannelState@63c97669{s=IDLE rs=BLOCKING os=OPEN is=IDLE awp=false se=false i=true al=0},r=1,c=false/false,a=IDLE,uri=null,age=0}}}
01:46:23.564 [qtp399373008-61] DEBUG org.eclipse.jetty.io.ChannelEndPoint - changeInterests p=false 0->1 for SocketChannelEndPoint@ac85bd9{l=/127.0.0.1:33719,r=/127.0.0.1:51208,OPEN,fill=FI,flush=-,to=0/30000}{io=0/1,kio=0,kro=1}->SslConnection@d292460{NOT_HANDSHAKING,eio=-1/-1,di=-1,fill=INTERESTED,flush=IDLE}~>DecryptedEndPoint@2b17ef5a{l=/127.0.0.1:33719,r=/127.0.0.1:51208,OPEN,fill=FI,flush=-,to=0/30000}=>HttpConnection@5d812fa5[p=HttpParser{s=START,0 of -1},g=HttpGenerator@19d067a0{s=START}]=>HttpChannelOverHttp@5dd4badf{s=HttpChannelState@63c97669{s=IDLE rs=BLOCKING os=OPEN is=IDLE awp=false se=false i=true al=0},r=1,c=false/false,a=IDLE,uri=null,age=0}
01:46:23.564 [qtp399373008-61] DEBUG org.eclipse.jetty.io.ManagedSelector - Queued change lazy=false org.eclipse.jetty.io.ChannelEndPoint$$Lambda$255/981852870@77975514 on ManagedSelector@47a86fbb{STARTED} id=2 keys=2 selected=0 updates=0
01:46:23.564 [qtp399373008-61] DEBUG org.eclipse.jetty.io.ManagedSelector - Wakeup on submit ManagedSelector@47a86fbb{STARTED} id=2 keys=2 selected=0 updates=1
01:46:23.564 [qtp399373008-60] DEBUG org.eclipse.jetty.io.ManagedSelector - Selector sun.nio.ch.EPollSelectorImpl@ecff91a woken with none selected
01:46:23.564 [qtp399373008-61] DEBUG org.eclipse.jetty.server.HttpConnection - HttpConnection@5d812fa5::DecryptedEndPoint@2b17ef5a{l=/127.0.0.1:33719,r=/127.0.0.1:51208,OPEN,fill=FI,flush=-,to=0/30000} onFillable exit HttpChannelState@63c97669{s=IDLE rs=BLOCKING os=OPEN is=IDLE awp=false se=false i=true al=0} null
01:46:23.564 [qtp399373008-60] DEBUG org.eclipse.jetty.io.ManagedSelector - Selector sun.nio.ch.EPollSelectorImpl@ecff91a woken up from select, 0/0/2 selected
01:46:23.564 [qtp399373008-60] DEBUG org.eclipse.jetty.io.ManagedSelector - Selector sun.nio.ch.EPollSelectorImpl@ecff91a processing 0 keys, 1 updates
01:46:23.564 [qtp399373008-60] DEBUG org.eclipse.jetty.io.ManagedSelector - updateable 1
01:46:23.564 [qtp399373008-60] DEBUG org.eclipse.jetty.io.ManagedSelector - update org.eclipse.jetty.io.ChannelEndPoint$$Lambda$255/981852870@77975514
01:46:23.564 [qtp399373008-59-acceptor-0@53dacd14-ServerConnector@2374d36a{SSL, (ssl, http/1.1)}{localhost:33719}] DEBUG org.eclipse.jetty.io.ManagedSelector - Queued change lazy=false Accept@5bb4d08e[java.nio.channels.SocketChannel[connected local=/127.0.0.1:33719 remote=/127.0.0.1:51220]] on ManagedSelector@7bb6ab3a{STARTED} id=3 keys=1 selected=0 updates=0
01:46:23.564 [qtp399373008-61] DEBUG org.eclipse.jetty.io.ssl.SslConnection - <c.onFillable SslConnection@d292460::SocketChannelEndPoint@ac85bd9{l=/127.0.0.1:33719,r=/127.0.0.1:51208,OPEN,fill=FI,flush=-,to=0/30000}{io=0/1,kio=0,kro=1}->SslConnection@d292460{NOT_HANDSHAKING,eio=-1/-1,di=-1,fill=INTERESTED,flush=IDLE}~>DecryptedEndPoint@2b17ef5a{l=/127.0.0.1:33719,r=/127.0.0.1:51208,OPEN,fill=FI,flush=-,to=0/30000}=>HttpConnection@5d812fa5[p=HttpParser{s=START,0 of -1},g=HttpGenerator@19d067a0{s=START}]=>HttpChannelOverHttp@5dd4badf{s=HttpChannelState@63c97669{s=IDLE rs=BLOCKING os=OPEN is=IDLE awp=false se=false i=true al=0},r=1,c=false/false,a=IDLE,uri=null,age=0}
01:46:23.564 [qtp399373008-59-acceptor-0@53dacd14-ServerConnector@2374d36a{SSL, (ssl, http/1.1)}{localhost:33719}] DEBUG org.eclipse.jetty.io.ManagedSelector - Wakeup on submit ManagedSelector@7bb6ab3a{STARTED} id=3 keys=1 selected=0 updates=1
01:46:23.564 [qtp399373008-61] DEBUG org.eclipse.jetty.util.thread.ReservedThreadExecutor - ReservedThread@6a5710bf{RUNNING,thread=Thread[qtp399373008-61,5,main]} was=RUNNING next=RESERVED size=0+2 capacity=8
01:46:23.564 [qtp399373008-61] DEBUG org.eclipse.jetty.util.thread.ReservedThreadExecutor - ReservedThread@6a5710bf{RESERVED,thread=Thread[qtp399373008-61,5,main]} waiting ReservedThreadExecutor@424fd310{reserved=2/8,pending=0}
01:46:23.564 [qtp399373008-62] DEBUG org.eclipse.jetty.io.ManagedSelector - Selector sun.nio.ch.EPollSelectorImpl@63debfd6 woken with none selected
01:46:23.564 [qtp399373008-60] DEBUG org.eclipse.jetty.io.ChannelEndPoint - Key interests updated 0 -> 1 on SocketChannelEndPoint@ac85bd9{l=/127.0.0.1:33719,r=/127.0.0.1:51208,OPEN,fill=FI,flush=-,to=0/30000}{io=1/1,kio=1,kro=1}->SslConnection@d292460{NOT_HANDSHAKING,eio=-1/-1,di=-1,fill=INTERESTED,flush=IDLE}~>DecryptedEndPoint@2b17ef5a{l=/127.0.0.1:33719,r=/127.0.0.1:51208,OPEN,fill=FI,flush=-,to=0/30000}=>HttpConnection@5d812fa5[p=HttpParser{s=START,0 of -1},g=HttpGenerator@19d067a0{s=START}]=>HttpChannelOverHttp@5dd4badf{s=HttpChannelState@63c97669{s=IDLE rs=BLOCKING os=OPEN is=IDLE awp=false se=false i=true al=0},r=1,c=false/false,a=IDLE,uri=null,age=0}
01:46:23.564 [qtp399373008-60] DEBUG org.eclipse.jetty.io.ManagedSelector - updates 0
01:46:23.564 [qtp399373008-62] DEBUG org.eclipse.jetty.io.ManagedSelector - Selector sun.nio.ch.EPollSelectorImpl@63debfd6 woken up from select, 0/0/1 selected
01:46:23.564 [qtp399373008-60] DEBUG org.eclipse.jetty.io.ManagedSelector - Selector sun.nio.ch.EPollSelectorImpl@ecff91a waiting with 2 keys
01:46:23.564 [qtp399373008-62] DEBUG org.eclipse.jetty.io.ManagedSelector - Selector sun.nio.ch.EPollSelectorImpl@63debfd6 processing 0 keys, 1 updates
01:46:23.564 [qtp399373008-62] DEBUG org.eclipse.jetty.io.ManagedSelector - updateable 1
01:46:23.564 [qtp399373008-62] DEBUG org.eclipse.jetty.io.ManagedSelector - update Accept@5bb4d08e[java.nio.channels.SocketChannel[connected local=/127.0.0.1:33719 remote=/127.0.0.1:51220]]
01:46:23.565 [qtp399373008-62] DEBUG org.eclipse.jetty.util.thread.QueuedThreadPool - queue Accept@5bb4d08e[java.nio.channels.SocketChannel[connected local=/127.0.0.1:33719 remote=/127.0.0.1:51220]] startThread=0
01:46:23.565 [qtp399373008-62] DEBUG org.eclipse.jetty.io.ManagedSelector - updates 0
01:46:23.565 [qtp399373008-55] DEBUG org.eclipse.jetty.util.thread.QueuedThreadPool - run Accept@5bb4d08e[java.nio.channels.SocketChannel[connected local=/127.0.0.1:33719 remote=/127.0.0.1:51220]] in QueuedThreadPool[qtp399373008]@17cdf2d0{STARTED,8<=8<=200,i=0,r=-1,q=0}[ReservedThreadExecutor@424fd310{reserved=2/8,pending=0}]
01:46:23.565 [qtp399373008-62] DEBUG org.eclipse.jetty.io.ManagedSelector - Selector sun.nio.ch.EPollSelectorImpl@63debfd6 waiting with 2 keys
01:46:23.565 [qtp399373008-55] DEBUG org.eclipse.jetty.io.IdleTimeout - SocketChannelEndPoint@6de0d121{l=/127.0.0.1:33719,r=/127.0.0.1:51220,OPEN,fill=-,flush=-,to=0/30000}{io=0/0,kio=0,kro=0}-><null> idle timeout check, elapsed: 0 ms, remaining: 30000 ms
01:46:23.565 [qtp399373008-55] DEBUG org.eclipse.jetty.util.ssl.SslContextFactory - Customize sun.security.ssl.SSLEngineImpl@64e812fa
01:46:23.565 [qtp399373008-55] DEBUG org.eclipse.jetty.server.HttpChannel - new HttpChannelOverHttp@1ca09be9{s=HttpChannelState@5152529c{s=IDLE rs=BLOCKING os=OPEN is=IDLE awp=false se=false i=true al=0},r=0,c=false/false,a=IDLE,uri=null,age=0} -> DecryptedEndPoint@3ad0f84e{l=/127.0.0.1:33719,r=/127.0.0.1:51220,OPEN,fill=-,flush=-,to=0/30000},null,HttpChannelState@5152529c{s=IDLE rs=BLOCKING os=OPEN is=IDLE awp=false se=false i=true al=0}
01:46:23.565 [qtp399373008-55] DEBUG org.eclipse.jetty.server.HttpConnection - New HTTP Connection HttpConnection@1e8b422c::DecryptedEndPoint@3ad0f84e{l=/127.0.0.1:33719,r=/127.0.0.1:51220,OPEN,fill=-,flush=-,to=0/30000}
01:46:23.565 [qtp399373008-55] DEBUG org.eclipse.jetty.io.ManagedSelector - Queued change lazy=true org.eclipse.jetty.io.ManagedSelector$$Lambda$258/102804084@6ecedc7 on ManagedSelector@7bb6ab3a{STARTED} id=3 keys=2 selected=0 updates=0
01:46:23.565 [qtp399373008-55] DEBUG org.eclipse.jetty.io.AbstractEndPoint - onOpen SocketChannelEndPoint@6de0d121{l=/127.0.0.1:33719,r=/127.0.0.1:51220,OPEN,fill=-,flush=-,to=0/30000}{io=0/0,kio=0,kro=0}->SslConnection@45699934{NOT_HANDSHAKING,eio=-1/-1,di=-1,fill=IDLE,flush=IDLE}~>DecryptedEndPoint@3ad0f84e{l=/127.0.0.1:33719,r=/127.0.0.1:51220,OPEN,fill=-,flush=-,to=0/30000}=>HttpConnection@1e8b422c[p=HttpParser{s=START,0 of -1},g=HttpGenerator@78c60b5f{s=START}]=>HttpChannelOverHttp@1ca09be9{s=HttpChannelState@5152529c{s=IDLE rs=BLOCKING os=OPEN is=IDLE awp=false se=false i=true al=0},r=0,c=false/false,a=IDLE,uri=null,age=0}
01:46:23.565 [qtp399373008-55] DEBUG org.eclipse.jetty.io.AbstractConnection - onOpen SslConnection@45699934::SocketChannelEndPoint@6de0d121{l=/127.0.0.1:33719,r=/127.0.0.1:51220,OPEN,fill=-,flush=-,to=0/30000}{io=0/0,kio=0,kro=0}->SslConnection@45699934{NOT_HANDSHAKING,eio=-1/-1,di=-1,fill=IDLE,flush=IDLE}~>DecryptedEndPoint@3ad0f84e{l=/127.0.0.1:33719,r=/127.0.0.1:51220,OPEN,fill=-,flush=-,to=0/30000}=>HttpConnection@1e8b422c[p=HttpParser{s=START,0 of -1},g=HttpGenerator@78c60b5f{s=START}]=>HttpChannelOverHttp@1ca09be9{s=HttpChannelState@5152529c{s=IDLE rs=BLOCKING os=OPEN is=IDLE awp=false se=false i=true al=0},r=0,c=false/false,a=IDLE,uri=null,age=0}
01:46:23.565 [qtp399373008-55] DEBUG org.eclipse.jetty.io.AbstractConnection - onOpen HttpConnection@1e8b422c::DecryptedEndPoint@3ad0f84e{l=/127.0.0.1:33719,r=/127.0.0.1:51220,OPEN,fill=-,flush=-,to=0/30000}
01:46:23.565 [qtp399373008-55] DEBUG org.eclipse.jetty.io.AbstractConnection - fillInterested HttpConnection@1e8b422c::DecryptedEndPoint@3ad0f84e{l=/127.0.0.1:33719,r=/127.0.0.1:51220,OPEN,fill=-,flush=-,to=0/30000}
01:46:23.565 [qtp399373008-55] DEBUG org.eclipse.jetty.io.FillInterest - interested FillInterest@3c18ac49{AC.ReadCB@1e8b422c{HttpConnection@1e8b422c::DecryptedEndPoint@3ad0f84e{l=/127.0.0.1:33719,r=/127.0.0.1:51220,OPEN,fill=FI,flush=-,to=0/30000}}}
01:46:23.565 [qtp399373008-55] DEBUG org.eclipse.jetty.io.ssl.SslConnection - >needFillInterest s=IDLE/IDLE uf=false ei=null di=null SslConnection@45699934::SocketChannelEndPoint@6de0d121{l=/127.0.0.1:33719,r=/127.0.0.1:51220,OPEN,fill=-,flush=-,to=0/30000}{io=0/0,kio=0,kro=0}->SslConnection@45699934{NOT_HANDSHAKING,eio=-1/-1,di=-1,fill=IDLE,flush=IDLE}~>DecryptedEndPoint@3ad0f84e{l=/127.0.0.1:33719,r=/127.0.0.1:51220,OPEN,fill=FI,flush=-,to=0/30000}=>HttpConnection@1e8b422c[p=HttpParser{s=START,0 of -1},g=HttpGenerator@78c60b5f{s=START}]=>HttpChannelOverHttp@1ca09be9{s=HttpChannelState@5152529c{s=IDLE rs=BLOCKING os=OPEN is=IDLE awp=false se=false i=true al=0},r=0,c=false/false,a=IDLE,uri=null,age=0}
01:46:23.565 [qtp399373008-55] DEBUG org.eclipse.jetty.io.ssl.SslConnection - <needFillInterest s=IDLE/INTERESTED f=false i=true w=null
01:46:23.565 [qtp399373008-55] DEBUG org.eclipse.jetty.io.ssl.SslConnection - ensureFillInterested SslConnection@45699934::SocketChannelEndPoint@6de0d121{l=/127.0.0.1:33719,r=/127.0.0.1:51220,OPEN,fill=-,flush=-,to=0/30000}{io=0/0,kio=0,kro=0}->SslConnection@45699934{NOT_HANDSHAKING,eio=-1/-1,di=-1,fill=INTERESTED,flush=IDLE}~>DecryptedEndPoint@3ad0f84e{l=/127.0.0.1:33719,r=/127.0.0.1:51220,OPEN,fill=FI,flush=-,to=0/30000}=>HttpConnection@1e8b422c[p=HttpParser{s=START,0 of -1},g=HttpGenerator@78c60b5f{s=START}]=>HttpChannelOverHttp@1ca09be9{s=HttpChannelState@5152529c{s=IDLE rs=BLOCKING os=OPEN is=IDLE awp=false se=false i=true al=0},r=0,c=false/false,a=IDLE,uri=null,age=0}
01:46:23.566 [qtp399373008-55] DEBUG org.eclipse.jetty.io.FillInterest - interested FillInterest@5dfbecd8{SSLC.NBReadCB@45699934{SslConnection@45699934::SocketChannelEndPoint@6de0d121{l=/127.0.0.1:33719,r=/127.0.0.1:51220,OPEN,fill=FI,flush=-,to=0/30000}{io=0/0,kio=0,kro=0}->SslConnection@45699934{NOT_HANDSHAKING,eio=-1/-1,di=-1,fill=INTERESTED,flush=IDLE}~>DecryptedEndPoint@3ad0f84e{l=/127.0.0.1:33719,r=/127.0.0.1:51220,OPEN,fill=FI,flush=-,to=0/30000}=>HttpConnection@1e8b422c[p=HttpParser{s=START,0 of -1},g=HttpGenerator@78c60b5f{s=START}]=>HttpChannelOverHttp@1ca09be9{s=HttpChannelState@5152529c{s=IDLE rs=BLOCKING os=OPEN is=IDLE awp=false se=false i=true al=0},r=0,c=false/false,a=IDLE,uri=null,age=0}}}
01:46:23.566 [qtp399373008-55] DEBUG org.eclipse.jetty.io.ChannelEndPoint - changeInterests p=false 0->1 for SocketChannelEndPoint@6de0d121{l=/127.0.0.1:33719,r=/127.0.0.1:51220,OPEN,fill=FI,flush=-,to=0/30000}{io=0/1,kio=0,kro=0}->SslConnection@45699934{NOT_HANDSHAKING,eio=-1/-1,di=-1,fill=INTERESTED,flush=IDLE}~>DecryptedEndPoint@3ad0f84e{l=/127.0.0.1:33719,r=/127.0.0.1:51220,OPEN,fill=FI,flush=-,to=0/30000}=>HttpConnection@1e8b422c[p=HttpParser{s=START,0 of -1},g=HttpGenerator@78c60b5f{s=START}]=>HttpChannelOverHttp@1ca09be9{s=HttpChannelState@5152529c{s=IDLE rs=BLOCKING os=OPEN is=IDLE awp=false se=false i=true al=0},r=0,c=false/false,a=IDLE,uri=null,age=0}
01:46:23.566 [qtp399373008-55] DEBUG org.eclipse.jetty.io.ManagedSelector - Queued change lazy=false org.eclipse.jetty.io.ChannelEndPoint$$Lambda$255/981852870@54526e6a on ManagedSelector@7bb6ab3a{STARTED} id=3 keys=2 selected=0 updates=1
01:46:23.566 [qtp399373008-55] DEBUG org.eclipse.jetty.io.ManagedSelector - Wakeup on submit ManagedSelector@7bb6ab3a{STARTED} id=3 keys=2 selected=0 updates=2
01:46:23.566 [qtp399373008-62] DEBUG org.eclipse.jetty.io.ManagedSelector - Selector sun.nio.ch.EPollSelectorImpl@63debfd6 woken with none selected
01:46:23.566 [qtp399373008-62] DEBUG org.eclipse.jetty.io.ManagedSelector - Selector sun.nio.ch.EPollSelectorImpl@63debfd6 woken up from select, 0/0/2 selected
01:46:23.566 [qtp399373008-62] DEBUG org.eclipse.jetty.io.ManagedSelector - Selector sun.nio.ch.EPollSelectorImpl@63debfd6 processing 0 keys, 2 updates
01:46:23.566 [qtp399373008-62] DEBUG org.eclipse.jetty.io.ManagedSelector - updateable 2
01:46:23.566 [qtp399373008-55] DEBUG org.eclipse.jetty.io.ManagedSelector - Created SocketChannelEndPoint@6de0d121{l=/127.0.0.1:33719,r=/127.0.0.1:51220,OPEN,fill=FI,flush=-,to=0/30000}{io=0/1,kio=0,kro=0}->SslConnection@45699934{NOT_HANDSHAKING,eio=-1/-1,di=-1,fill=INTERESTED,flush=IDLE}~>DecryptedEndPoint@3ad0f84e{l=/127.0.0.1:33719,r=/127.0.0.1:51220,OPEN,fill=FI,flush=-,to=0/30000}=>HttpConnection@1e8b422c[p=HttpParser{s=START,0 of -1},g=HttpGenerator@78c60b5f{s=START}]=>HttpChannelOverHttp@1ca09be9{s=HttpChannelState@5152529c{s=IDLE rs=BLOCKING os=OPEN is=IDLE awp=false se=false i=true al=0},r=0,c=false/false,a=IDLE,uri=null,age=0}
01:46:23.566 [qtp399373008-62] DEBUG org.eclipse.jetty.io.ManagedSelector - update org.eclipse.jetty.io.ManagedSelector$$Lambda$258/102804084@6ecedc7
01:46:23.566 [qtp399373008-62] DEBUG org.eclipse.jetty.io.ManagedSelector - update org.eclipse.jetty.io.ChannelEndPoint$$Lambda$255/981852870@54526e6a
01:46:23.566 [qtp399373008-55] DEBUG org.eclipse.jetty.util.thread.QueuedThreadPool - ran Accept@5bb4d08e[java.nio.channels.SocketChannel[connected local=/127.0.0.1:33719 remote=/127.0.0.1:51220]] in QueuedThreadPool[qtp399373008]@17cdf2d0{STARTED,8<=8<=200,i=0,r=-1,q=0}[ReservedThreadExecutor@424fd310{reserved=2/8,pending=0}]
01:46:23.566 [qtp399373008-62] DEBUG org.eclipse.jetty.io.ChannelEndPoint - Key interests updated 0 -> 1 on SocketChannelEndPoint@6de0d121{l=/127.0.0.1:33719,r=/127.0.0.1:51220,OPEN,fill=FI,flush=-,to=0/30000}{io=1/1,kio=1,kro=0}->SslConnection@45699934{NOT_HANDSHAKING,eio=-1/-1,di=-1,fill=INTERESTED,flush=IDLE}~>DecryptedEndPoint@3ad0f84e{l=/127.0.0.1:33719,r=/127.0.0.1:51220,OPEN,fill=FI,flush=-,to=0/30000}=>HttpConnection@1e8b422c[p=HttpParser{s=START,0 of -1},g=HttpGenerator@78c60b5f{s=START}]=>HttpChannelOverHttp@1ca09be9{s=HttpChannelState@5152529c{s=IDLE rs=BLOCKING os=OPEN is=IDLE awp=false se=false i=true al=0},r=0,c=false/false,a=IDLE,uri=null,age=0}
01:46:23.566 [qtp399373008-62] DEBUG org.eclipse.jetty.io.ManagedSelector - updates 0
01:46:23.566 [qtp399373008-62] DEBUG org.eclipse.jetty.io.ManagedSelector - Selector sun.nio.ch.EPollSelectorImpl@63debfd6 waiting with 2 keys
01:46:23.566 [qtp399373008-62] DEBUG org.eclipse.jetty.io.ManagedSelector - Selector sun.nio.ch.EPollSelectorImpl@63debfd6 woken up from select, 1/1/2 selected
01:46:23.566 [qtp399373008-62] DEBUG org.eclipse.jetty.io.ManagedSelector - Selector sun.nio.ch.EPollSelectorImpl@63debfd6 processing 1 keys, 0 updates
01:46:23.566 [qtp399373008-62] DEBUG org.eclipse.jetty.io.ManagedSelector - selected 1 sun.nio.ch.SelectionKeyImpl@6df891ea SocketChannelEndPoint@6de0d121{l=/127.0.0.1:33719,r=/127.0.0.1:51220,OPEN,fill=FI,flush=-,to=0/30000}{io=1/1,kio=1,kro=1}->SslConnection@45699934{NOT_HANDSHAKING,eio=-1/-1,di=-1,fill=INTERESTED,flush=IDLE}~>DecryptedEndPoint@3ad0f84e{l=/127.0.0.1:33719,r=/127.0.0.1:51220,OPEN,fill=FI,flush=-,to=0/30000}=>HttpConnection@1e8b422c[p=HttpParser{s=START,0 of -1},g=HttpGenerator@78c60b5f{s=START}]=>HttpChannelOverHttp@1ca09be9{s=HttpChannelState@5152529c{s=IDLE rs=BLOCKING os=OPEN is=IDLE awp=false se=false i=true al=0},r=0,c=false/false,a=IDLE,uri=null,age=0} 
01:46:23.566 [qtp399373008-62] DEBUG org.eclipse.jetty.io.ChannelEndPoint - onSelected 1->0 r=true w=false for SocketChannelEndPoint@6de0d121{l=/127.0.0.1:33719,r=/127.0.0.1:51220,OPEN,fill=FI,flush=-,to=0/30000}{io=1/0,kio=1,kro=1}->SslConnection@45699934{NOT_HANDSHAKING,eio=-1/-1,di=-1,fill=INTERESTED,flush=IDLE}~>DecryptedEndPoint@3ad0f84e{l=/127.0.0.1:33719,r=/127.0.0.1:51220,OPEN,fill=FI,flush=-,to=0/30000}=>HttpConnection@1e8b422c[p=HttpParser{s=START,0 of -1},g=HttpGenerator@78c60b5f{s=START}]=>HttpChannelOverHttp@1ca09be9{s=HttpChannelState@5152529c{s=IDLE rs=BLOCKING os=OPEN is=IDLE awp=false se=false i=true al=0},r=0,c=false/false,a=IDLE,uri=null,age=0}
01:46:23.566 [qtp399373008-62] DEBUG org.eclipse.jetty.io.ChannelEndPoint - task CEP:SocketChannelEndPoint@6de0d121{l=/127.0.0.1:33719,r=/127.0.0.1:51220,OPEN,fill=FI,flush=-,to=0/30000}{io=1/0,kio=1,kro=1}->SslConnection@45699934{NOT_HANDSHAKING,eio=-1/-1,di=-1,fill=INTERESTED,flush=IDLE}~>DecryptedEndPoint@3ad0f84e{l=/127.0.0.1:33719,r=/127.0.0.1:51220,OPEN,fill=FI,flush=-,to=0/30000}=>HttpConnection@1e8b422c[p=HttpParser{s=START,0 of -1},g=HttpGenerator@78c60b5f{s=START}]=>HttpChannelOverHttp@1ca09be9{s=HttpChannelState@5152529c{s=IDLE rs=BLOCKING os=OPEN is=IDLE awp=false se=false i=true al=0},r=0,c=false/false,a=IDLE,uri=null,age=0}:runFillable:BLOCKING
01:46:23.566 [qtp399373008-62] DEBUG org.eclipse.jetty.util.thread.ReservedThreadExecutor - ReservedThreadExecutor@424fd310{reserved=2/8,pending=0} tryExecute EatWhatYouKill@f478a81/SelectorProducer@19553973/PRODUCING/p=false/QueuedThreadPool[qtp399373008]@17cdf2d0{STARTED,8<=8<=200,i=1,r=-1,q=0}[ReservedThreadExecutor@424fd310{reserved=2/8,pending=0}][pc=0,pic=0,pec=0,epc=3]@2024-05-02T01:46:23.566+01:00
01:46:23.567 [qtp399373008-62] DEBUG org.eclipse.jetty.util.thread.strategy.EatWhatYouKill - EatWhatYouKill@f478a81/SelectorProducer@19553973/IDLE/p=true/QueuedThreadPool[qtp399373008]@17cdf2d0{STARTED,8<=8<=200,i=1,r=-1,q=0}[ReservedThreadExecutor@424fd310{reserved=1/8,pending=0}][pc=0,pic=0,pec=0,epc=3]@2024-05-02T01:46:23.566+01:00 m=EXECUTE_PRODUCE_CONSUME t=CEP:SocketChannelEndPoint@6de0d121{l=/127.0.0.1:33719,r=/127.0.0.1:51220,OPEN,fill=FI,flush=-,to=1/30000}{io=1/0,kio=1,kro=1}->SslConnection@45699934{NOT_HANDSHAKING,eio=-1/-1,di=-1,fill=INTERESTED,flush=IDLE}~>DecryptedEndPoint@3ad0f84e{l=/127.0.0.1:33719,r=/127.0.0.1:51220,OPEN,fill=FI,flush=-,to=1/30000}=>HttpConnection@1e8b422c[p=HttpParser{s=START,0 of -1},g=HttpGenerator@78c60b5f{s=START}]=>HttpChannelOverHttp@1ca09be9{s=HttpChannelState@5152529c{s=IDLE rs=BLOCKING os=OPEN is=IDLE awp=false se=false i=true al=0},r=0,c=false/false,a=IDLE,uri=null,age=0}:runFillable:BLOCKING/BLOCKING
01:46:23.567 [qtp399373008-61] DEBUG org.eclipse.jetty.util.thread.ReservedThreadExecutor - ReservedThread@6a5710bf{RESERVED,thread=Thread[qtp399373008-61,5,main]} task=EatWhatYouKill@f478a81/SelectorProducer@19553973/IDLE/p=true/QueuedThreadPool[qtp399373008]@17cdf2d0{STARTED,8<=8<=200,i=1,r=-1,q=0}[ReservedThreadExecutor@424fd310{reserved=1/8,pending=0}][pc=0,pic=0,pec=0,epc=3]@2024-05-02T01:46:23.567+01:00 ReservedThreadExecutor@424fd310{reserved=1/8,pending=0}
01:46:23.567 [qtp399373008-62] DEBUG org.eclipse.jetty.io.FillInterest - fillable FillInterest@5dfbecd8{SSLC.NBReadCB@45699934{SslConnection@45699934::SocketChannelEndPoint@6de0d121{l=/127.0.0.1:33719,r=/127.0.0.1:51220,OPEN,fill=FI,flush=-,to=1/30000}{io=1/0,kio=1,kro=1}->SslConnection@45699934{NOT_HANDSHAKING,eio=-1/-1,di=-1,fill=INTERESTED,flush=IDLE}~>DecryptedEndPoint@3ad0f84e{l=/127.0.0.1:33719,r=/127.0.0.1:51220,OPEN,fill=FI,flush=-,to=1/30000}=>HttpConnection@1e8b422c[p=HttpParser{s=START,0 of -1},g=HttpGenerator@78c60b5f{s=START}]=>HttpChannelOverHttp@1ca09be9{s=HttpChannelState@5152529c{s=IDLE rs=BLOCKING os=OPEN is=IDLE awp=false se=false i=true al=0},r=0,c=false/false,a=IDLE,uri=null,age=0}}}
01:46:23.567 [qtp399373008-62] DEBUG org.eclipse.jetty.io.ssl.SslConnection - >c.onFillable SslConnection@45699934::SocketChannelEndPoint@6de0d121{l=/127.0.0.1:33719,r=/127.0.0.1:51220,OPEN,fill=-,flush=-,to=1/30000}{io=1/0,kio=1,kro=1}->SslConnection@45699934{NOT_HANDSHAKING,eio=-1/-1,di=-1,fill=INTERESTED,flush=IDLE}~>DecryptedEndPoint@3ad0f84e{l=/127.0.0.1:33719,r=/127.0.0.1:51220,OPEN,fill=FI,flush=-,to=1/30000}=>HttpConnection@1e8b422c[p=HttpParser{s=START,0 of -1},g=HttpGenerator@78c60b5f{s=START}]=>HttpChannelOverHttp@1ca09be9{s=HttpChannelState@5152529c{s=IDLE rs=BLOCKING os=OPEN is=IDLE awp=false se=false i=true al=0},r=0,c=false/false,a=IDLE,uri=null,age=0}
01:46:23.567 [qtp399373008-61] DEBUG org.eclipse.jetty.util.thread.strategy.EatWhatYouKill - EatWhatYouKill@f478a81/SelectorProducer@19553973/IDLE/p=true/QueuedThreadPool[qtp399373008]@17cdf2d0{STARTED,8<=8<=200,i=1,r=-1,q=0}[ReservedThreadExecutor@424fd310{reserved=1/8,pending=0}][pc=0,pic=0,pec=0,epc=4]@2024-05-02T01:46:23.567+01:00 tryProduce true
01:46:23.567 [qtp399373008-61] DEBUG org.eclipse.jetty.io.ManagedSelector - updateable 0
01:46:23.567 [qtp399373008-61] DEBUG org.eclipse.jetty.io.ManagedSelector - updates 0
01:46:23.567 [qtp399373008-62] DEBUG org.eclipse.jetty.io.ssl.SslConnection - onFillable SslConnection@45699934::SocketChannelEndPoint@6de0d121{l=/127.0.0.1:33719,r=/127.0.0.1:51220,OPEN,fill=-,flush=-,to=1/30000}{io=1/0,kio=1,kro=1}->SslConnection@45699934{NOT_HANDSHAKING,eio=-1/-1,di=-1,fill=INTERESTED,flush=IDLE}~>DecryptedEndPoint@3ad0f84e{l=/127.0.0.1:33719,r=/127.0.0.1:51220,OPEN,fill=FI,flush=-,to=1/30000}=>HttpConnection@1e8b422c[p=HttpParser{s=START,0 of -1},g=HttpGenerator@78c60b5f{s=START}]=>HttpChannelOverHttp@1ca09be9{s=HttpChannelState@5152529c{s=IDLE rs=BLOCKING os=OPEN is=IDLE awp=false se=false i=true al=0},r=0,c=false/false,a=IDLE,uri=null,age=0}
01:46:23.567 [qtp399373008-62] DEBUG org.eclipse.jetty.io.FillInterest - fillable FillInterest@3c18ac49{AC.ReadCB@1e8b422c{HttpConnection@1e8b422c::DecryptedEndPoint@3ad0f84e{l=/127.0.0.1:33719,r=/127.0.0.1:51220,OPEN,fill=FI,flush=-,to=1/30000}}}
01:46:23.567 [qtp399373008-62] DEBUG org.eclipse.jetty.server.HttpConnection - HttpConnection@1e8b422c::DecryptedEndPoint@3ad0f84e{l=/127.0.0.1:33719,r=/127.0.0.1:51220,OPEN,fill=-,flush=-,to=1/30000} onFillable enter HttpChannelState@5152529c{s=IDLE rs=BLOCKING os=OPEN is=IDLE awp=false se=false i=true al=0} null
01:46:23.567 [qtp399373008-61] DEBUG org.eclipse.jetty.io.ChannelEndPoint - Key interests updated 1 -> 0 on SocketChannelEndPoint@6de0d121{l=/127.0.0.1:33719,r=/127.0.0.1:51220,OPEN,fill=-,flush=-,to=1/30000}{io=0/0,kio=0,kro=1}->SslConnection@45699934{NOT_HANDSHAKING,eio=-1/-1,di=-1,fill=INTERESTED,flush=IDLE}~>DecryptedEndPoint@3ad0f84e{l=/127.0.0.1:33719,r=/127.0.0.1:51220,OPEN,fill=FI,flush=-,to=1/30000}=>HttpConnection@1e8b422c[p=HttpParser{s=START,0 of -1},g=HttpGenerator@78c60b5f{s=START}]=>HttpChannelOverHttp@1ca09be9{s=HttpChannelState@5152529c{s=IDLE rs=BLOCKING os=OPEN is=IDLE awp=false se=false i=true al=0},r=0,c=false/false,a=IDLE,uri=null,age=0}
01:46:23.567 [qtp399373008-61] DEBUG org.eclipse.jetty.io.ManagedSelector - Selector sun.nio.ch.EPollSelectorImpl@63debfd6 waiting with 2 keys
01:46:23.567 [qtp399373008-62] DEBUG org.eclipse.jetty.io.ssl.SslConnection - >fill SslConnection@45699934::SocketChannelEndPoint@6de0d121{l=/127.0.0.1:33719,r=/127.0.0.1:51220,OPEN,fill=-,flush=-,to=1/30000}{io=0/0,kio=0,kro=1}->SslConnection@45699934{NOT_HANDSHAKING,eio=-1/-1,di=-1,fill=IDLE,flush=IDLE}~>DecryptedEndPoint@3ad0f84e{l=/127.0.0.1:33719,r=/127.0.0.1:51220,OPEN,fill=-,flush=-,to=1/30000}=>HttpConnection@1e8b422c[p=HttpParser{s=START,0 of -1},g=HttpGenerator@78c60b5f{s=START}]=>HttpChannelOverHttp@1ca09be9{s=HttpChannelState@5152529c{s=IDLE rs=BLOCKING os=OPEN is=IDLE awp=false se=false i=true al=0},r=0,c=false/false,a=IDLE,uri=null,age=0}
01:46:23.567 [qtp399373008-62] DEBUG org.eclipse.jetty.io.ssl.SslConnection - fill NOT_HANDSHAKING
01:46:23.567 [qtp399373008-62] DEBUG org.eclipse.jetty.io.ChannelEndPoint - filled 339 HeapByteBuffer@25c362b3[p=0,l=339,c=17408,r=339]={<<<\x16\x03\x03\x01N\x01\x00\x01J\x03\x03=\xF8 P\xFb\x00M\xF8R\x82-\x9b\x92\x02...\x03T,\xC4\xF1\xDc\xE5O\x1f\xE6\x87\xDf\x12[\xBbX\xF1N\xFf\x01\x00\x01\x00>>>\xF9\xFb}{\xC0\xFag\xC6G...\x00\x00\x00\x00\x00\x00\x00}
01:46:23.567 [qtp399373008-62] DEBUG org.eclipse.jetty.io.ssl.SslConnection - net filled=339
01:46:23.567 [qtp399373008-62] DEBUG org.eclipse.jetty.io.ssl.SslConnection - fill starting handshake SslConnection@45699934::SocketChannelEndPoint@6de0d121{l=/127.0.0.1:33719,r=/127.0.0.1:51220,OPEN,fill=-,flush=-,to=0/30000}{io=0/0,kio=0,kro=1}->SslConnection@45699934{NOT_HANDSHAKING,eio=339/-1,di=-1,fill=IDLE,flush=IDLE}~>DecryptedEndPoint@3ad0f84e{l=/127.0.0.1:33719,r=/127.0.0.1:51220,OPEN,fill=-,flush=-,to=2/30000}=>HttpConnection@1e8b422c[p=HttpParser{s=START,0 of -1},g=HttpGenerator@78c60b5f{s=START}]=>HttpChannelOverHttp@1ca09be9{s=HttpChannelState@5152529c{s=IDLE rs=BLOCKING os=OPEN is=IDLE awp=false se=false i=true al=0},r=0,c=false/false,a=IDLE,uri=null,age=0}
01:46:23.568 [qtp399373008-62] DEBUG org.eclipse.jetty.io.ssl.SslConnection - unwrap net_filled=339 Status = OK HandshakeStatus = NEED_TASK bytesConsumed = 339 bytesProduced = 0 encryptedBuffer=[p=339,l=339,c=17408,r=0] unwrapBuffer=HeapByteBuffer@21fcf254[p=0,l=0,c=17408,r=0]={<<<>>>\x17\x03\x03\x00\xC9Jt\xA3o...\x00\x00\x00\x00\x00\x00\x00} appBuffer=HeapByteBuffer@21fcf254[p=0,l=0,c=17408,r=0]={<<<>>>\x17\x03\x03\x00\xC9Jt\xA3o...\x00\x00\x00\x00\x00\x00\x00}
01:46:23.568 [qtp399373008-62] DEBUG org.eclipse.jetty.io.ssl.SslConnection - fill NEED_TASK
01:46:23.575 [qtp399373008-62] DEBUG org.eclipse.jetty.io.ssl.SslConnection - fill NEED_WRAP
01:46:23.576 [qtp399373008-62] DEBUG org.eclipse.jetty.io.ssl.SslConnection - >flush SslConnection@45699934::SocketChannelEndPoint@6de0d121{l=/127.0.0.1:33719,r=/127.0.0.1:51220,OPEN,fill=-,flush=-,to=8/30000}{io=0/0,kio=0,kro=1}->SslConnection@45699934{NEED_WRAP,eio=0/-1,di=-1,fill=IDLE,flush=IDLE}~>DecryptedEndPoint@3ad0f84e{l=/127.0.0.1:33719,r=/127.0.0.1:51220,OPEN,fill=-,flush=-,to=10/30000}=>HttpConnection@1e8b422c[p=HttpParser{s=START,0 of -1},g=HttpGenerator@78c60b5f{s=START}]=>HttpChannelOverHttp@1ca09be9{s=HttpChannelState@5152529c{s=IDLE rs=BLOCKING os=OPEN is=IDLE awp=false se=false i=true al=0},r=0,c=false/false,a=IDLE,uri=null,age=0}
01:46:23.576 [qtp399373008-62] DEBUG org.eclipse.jetty.io.ssl.SslConnection - flush b[0]=HeapByteBuffer@98da274[p=0,l=0,c=0,r=0]={<<<>>>}
01:46:23.576 [qtp399373008-62] DEBUG org.eclipse.jetty.io.ssl.SslConnection - flush NEED_WRAP
01:46:23.576 [qtp399373008-62] DEBUG org.eclipse.jetty.io.ssl.SslConnection - wrap Status = OK HandshakeStatus = NEED_WRAP bytesConsumed = 0 bytesProduced = 160 [p=0,l=160,c=17408,r=160] ioDone=false/false
01:46:23.576 [qtp399373008-62] DEBUG org.eclipse.jetty.io.ChannelEndPoint - flushed 160 SocketChannelEndPoint@6de0d121{l=/127.0.0.1:33719,r=/127.0.0.1:51220,OPEN,fill=-,flush=-,to=8/30000}{io=0/0,kio=0,kro=1}->SslConnection@45699934{NEED_WRAP,eio=0/0,di=-1,fill=IDLE,flush=IDLE}~>DecryptedEndPoint@3ad0f84e{l=/127.0.0.1:33719,r=/127.0.0.1:51220,OPEN,fill=-,flush=-,to=10/30000}=>HttpConnection@1e8b422c[p=HttpParser{s=START,0 of -1},g=HttpGenerator@78c60b5f{s=START}]=>HttpChannelOverHttp@1ca09be9{s=HttpChannelState@5152529c{s=IDLE rs=BLOCKING os=OPEN is=IDLE awp=false se=false i=true al=0},r=0,c=false/false,a=IDLE,uri=null,age=0}
01:46:23.576 [qtp399373008-62] DEBUG org.eclipse.jetty.io.ssl.SslConnection - net flushed=true, ac=true
01:46:23.576 [qtp399373008-62] DEBUG org.eclipse.jetty.io.ssl.SslConnection - flush NEED_WRAP
01:46:23.576 [qtp399373008-62] DEBUG org.eclipse.jetty.io.ssl.SslConnection - wrap Status = OK HandshakeStatus = NEED_WRAP bytesConsumed = 0 bytesProduced = 6 [p=0,l=6,c=17408,r=6] ioDone=false/false
01:46:23.576 [qtp399373008-62] DEBUG org.eclipse.jetty.io.ChannelEndPoint - flushed 6 SocketChannelEndPoint@6de0d121{l=/127.0.0.1:33719,r=/127.0.0.1:51220,OPEN,fill=-,flush=-,to=0/30000}{io=0/0,kio=0,kro=1}->SslConnection@45699934{NEED_WRAP,eio=0/0,di=-1,fill=IDLE,flush=IDLE}~>DecryptedEndPoint@3ad0f84e{l=/127.0.0.1:33719,r=/127.0.0.1:51220,OPEN,fill=-,flush=-,to=10/30000}=>HttpConnection@1e8b422c[p=HttpParser{s=START,0 of -1},g=HttpGenerator@78c60b5f{s=START}]=>HttpChannelOverHttp@1ca09be9{s=HttpChannelState@5152529c{s=IDLE rs=BLOCKING os=OPEN is=IDLE awp=false se=false i=true al=0},r=0,c=false/false,a=IDLE,uri=null,age=0}
01:46:23.576 [qtp399373008-62] DEBUG org.eclipse.jetty.io.ssl.SslConnection - net flushed=true, ac=true
01:46:23.576 [qtp399373008-62] DEBUG org.eclipse.jetty.io.ssl.SslConnection - flush NEED_WRAP
01:46:23.576 [qtp399373008-62] DEBUG org.eclipse.jetty.io.ssl.SslConnection - wrap Status = OK HandshakeStatus = NEED_UNWRAP bytesConsumed = 0 bytesProduced = 1597 [p=0,l=1597,c=17408,r=1597] ioDone=false/false
01:46:23.577 [qtp399373008-62] DEBUG org.eclipse.jetty.io.ChannelEndPoint - flushed 1597 SocketChannelEndPoint@6de0d121{l=/127.0.0.1:33719,r=/127.0.0.1:51220,OPEN,fill=-,flush=-,to=0/30000}{io=0/0,kio=0,kro=1}->SslConnection@45699934{NEED_UNWRAP,eio=0/0,di=-1,fill=IDLE,flush=IDLE}~>DecryptedEndPoint@3ad0f84e{l=/127.0.0.1:33719,r=/127.0.0.1:51220,OPEN,fill=-,flush=-,to=11/30000}=>HttpConnection@1e8b422c[p=HttpParser{s=START,0 of -1},g=HttpGenerator@78c60b5f{s=START}]=>HttpChannelOverHttp@1ca09be9{s=HttpChannelState@5152529c{s=IDLE rs=BLOCKING os=OPEN is=IDLE awp=false se=false i=true al=0},r=0,c=false/false,a=IDLE,uri=null,age=0}
01:46:23.577 [qtp399373008-62] DEBUG org.eclipse.jetty.io.ssl.SslConnection - net flushed=true, ac=true
01:46:23.577 [qtp399373008-62] DEBUG org.eclipse.jetty.io.ssl.SslConnection - <flush true SslConnection@45699934::SocketChannelEndPoint@6de0d121{l=/127.0.0.1:33719,r=/127.0.0.1:51220,OPEN,fill=-,flush=-,to=0/30000}{io=0/0,kio=0,kro=1}->SslConnection@45699934{NEED_UNWRAP,eio=0/-1,di=-1,fill=IDLE,flush=IDLE}~>DecryptedEndPoint@3ad0f84e{l=/127.0.0.1:33719,r=/127.0.0.1:51220,OPEN,fill=-,flush=-,to=11/30000}=>HttpConnection@1e8b422c[p=HttpParser{s=START,0 of -1},g=HttpGenerator@78c60b5f{s=START}]=>HttpChannelOverHttp@1ca09be9{s=HttpChannelState@5152529c{s=IDLE rs=BLOCKING os=OPEN is=IDLE awp=false se=false i=true al=0},r=0,c=false/false,a=IDLE,uri=null,age=0}
01:46:23.577 [qtp399373008-62] DEBUG org.eclipse.jetty.io.ssl.SslConnection - fill NEED_UNWRAP
01:46:23.577 [qtp399373008-62] DEBUG org.eclipse.jetty.io.ChannelEndPoint - filled 0 HeapByteBuffer@25c362b3[p=0,l=0,c=17408,r=0]={<<<>>>\x16\x03\x03\x01N\x01\x00\x01J...\x00\x00\x00\x00\x00\x00\x00}
01:46:23.577 [qtp399373008-62] DEBUG org.eclipse.jetty.io.ssl.SslConnection - net filled=0
01:46:23.577 [qtp399373008-62] DEBUG org.eclipse.jetty.io.ssl.SslConnection - unwrap net_filled=0 Status = BUFFER_UNDERFLOW HandshakeStatus = NEED_UNWRAP bytesConsumed = 0 bytesProduced = 0 encryptedBuffer=[p=0,l=0,c=17408,r=0] unwrapBuffer=HeapByteBuffer@21fcf254[p=0,l=0,c=17408,r=0]={<<<>>>\x17\x03\x03\x00\xC9Jt\xA3o...\x00\x00\x00\x00\x00\x00\x00} appBuffer=HeapByteBuffer@21fcf254[p=0,l=0,c=17408,r=0]={<<<>>>\x17\x03\x03\x00\xC9Jt\xA3o...\x00\x00\x00\x00\x00\x00\x00}
01:46:23.577 [qtp399373008-62] DEBUG org.eclipse.jetty.io.ssl.SslConnection - <fill f=0 uf=true SslConnection@45699934::SocketChannelEndPoint@6de0d121{l=/127.0.0.1:33719,r=/127.0.0.1:51220,OPEN,fill=-,flush=-,to=0/30000}{io=0/0,kio=0,kro=1}->SslConnection@45699934{NEED_UNWRAP,eio=-1/-1,di=-1,fill=IDLE,flush=IDLE}~>DecryptedEndPoint@3ad0f84e{l=/127.0.0.1:33719,r=/127.0.0.1:51220,OPEN,fill=-,flush=-,to=11/30000}=>HttpConnection@1e8b422c[p=HttpParser{s=START,0 of -1},g=HttpGenerator@78c60b5f{s=START}]=>HttpChannelOverHttp@1ca09be9{s=HttpChannelState@5152529c{s=IDLE rs=BLOCKING os=OPEN is=IDLE awp=false se=false i=true al=0},r=0,c=false/false,a=IDLE,uri=null,age=0}
01:46:23.577 [qtp399373008-62] DEBUG org.eclipse.jetty.io.ssl.SslConnection - >fill SslConnection@45699934::SocketChannelEndPoint@6de0d121{l=/127.0.0.1:33719,r=/127.0.0.1:51220,OPEN,fill=-,flush=-,to=0/30000}{io=0/0,kio=0,kro=1}->SslConnection@45699934{NEED_UNWRAP,eio=-1/-1,di=-1,fill=IDLE,flush=IDLE}~>DecryptedEndPoint@3ad0f84e{l=/127.0.0.1:33719,r=/127.0.0.1:51220,OPEN,fill=-,flush=-,to=11/30000}=>HttpConnection@1e8b422c[p=HttpParser{s=START,0 of -1},g=HttpGenerator@78c60b5f{s=START}]=>HttpChannelOverHttp@1ca09be9{s=HttpChannelState@5152529c{s=IDLE rs=BLOCKING os=OPEN is=IDLE awp=false se=false i=true al=0},r=0,c=false/false,a=IDLE,uri=null,age=0}
01:46:23.577 [qtp399373008-62] DEBUG org.eclipse.jetty.io.ssl.SslConnection - fill NEED_UNWRAP
01:46:23.577 [qtp399373008-62] DEBUG org.eclipse.jetty.io.ChannelEndPoint - filled 0 HeapByteBuffer@2f3b09c3[p=0,l=0,c=17408,r=0]={<<<>>>\x17\x03\x03\x068\xA3\xA8\xB5\xBc...\x00\x00\x00\x00\x00\x00\x00}
01:46:23.577 [qtp399373008-62] DEBUG org.eclipse.jetty.io.ssl.SslConnection - net filled=0
01:46:23.577 [qtp399373008-62] DEBUG org.eclipse.jetty.io.ssl.SslConnection - unwrap net_filled=0 Status = BUFFER_UNDERFLOW HandshakeStatus = NEED_UNWRAP bytesConsumed = 0 bytesProduced = 0 encryptedBuffer=[p=0,l=0,c=17408,r=0] unwrapBuffer=HeapByteBuffer@21fcf254[p=0,l=0,c=17408,r=0]={<<<>>>\x17\x03\x03\x00\xC9Jt\xA3o...\x00\x00\x00\x00\x00\x00\x00} appBuffer=HeapByteBuffer@21fcf254[p=0,l=0,c=17408,r=0]={<<<>>>\x17\x03\x03\x00\xC9Jt\xA3o...\x00\x00\x00\x00\x00\x00\x00}
01:46:23.577 [qtp399373008-62] DEBUG org.eclipse.jetty.io.ssl.SslConnection - <fill f=0 uf=true SslConnection@45699934::SocketChannelEndPoint@6de0d121{l=/127.0.0.1:33719,r=/127.0.0.1:51220,OPEN,fill=-,flush=-,to=0/30000}{io=0/0,kio=0,kro=1}->SslConnection@45699934{NEED_UNWRAP,eio=-1/-1,di=-1,fill=IDLE,flush=IDLE}~>DecryptedEndPoint@3ad0f84e{l=/127.0.0.1:33719,r=/127.0.0.1:51220,OPEN,fill=-,flush=-,to=11/30000}=>HttpConnection@1e8b422c[p=HttpParser{s=START,0 of -1},g=HttpGenerator@78c60b5f{s=START}]=>HttpChannelOverHttp@1ca09be9{s=HttpChannelState@5152529c{s=IDLE rs=BLOCKING os=OPEN is=IDLE awp=false se=false i=true al=0},r=0,c=false/false,a=IDLE,uri=null,age=0}
01:46:23.577 [qtp399373008-62] DEBUG org.eclipse.jetty.server.HttpConnection - HttpConnection@1e8b422c::DecryptedEndPoint@3ad0f84e{l=/127.0.0.1:33719,r=/127.0.0.1:51220,OPEN,fill=-,flush=-,to=11/30000} filled 0 HeapByteBuffer@21fcf254[p=0,l=0,c=17408,r=0]={<<<>>>\x17\x03\x03\x00\xC9Jt\xA3o...\x00\x00\x00\x00\x00\x00\x00}
01:46:23.577 [qtp399373008-62] DEBUG org.eclipse.jetty.server.HttpConnection - HttpConnection@1e8b422c::DecryptedEndPoint@3ad0f84e{l=/127.0.0.1:33719,r=/127.0.0.1:51220,OPEN,fill=-,flush=-,to=11/30000} parse HeapByteBuffer@21fcf254[p=0,l=0,c=17408,r=0]={<<<>>>\x17\x03\x03\x00\xC9Jt\xA3o...\x00\x00\x00\x00\x00\x00\x00} {}
01:46:23.577 [qtp399373008-62] DEBUG org.eclipse.jetty.http.HttpParser - parseNext s=START HeapByteBuffer@21fcf254[p=0,l=0,c=17408,r=0]={<<<>>>\x17\x03\x03\x00\xC9Jt\xA3o...\x00\x00\x00\x00\x00\x00\x00}
01:46:23.577 [qtp399373008-62] DEBUG org.eclipse.jetty.server.HttpConnection - HttpConnection@1e8b422c::DecryptedEndPoint@3ad0f84e{l=/127.0.0.1:33719,r=/127.0.0.1:51220,OPEN,fill=-,flush=-,to=11/30000} parsed false HttpParser{s=START,0 of -1}
01:46:23.577 [qtp399373008-62] DEBUG org.eclipse.jetty.server.HttpConnection - releaseRequestBuffer HttpConnection@1e8b422c::DecryptedEndPoint@3ad0f84e{l=/127.0.0.1:33719,r=/127.0.0.1:51220,OPEN,fill=-,flush=-,to=11/30000}
01:46:23.577 [qtp399373008-62] DEBUG org.eclipse.jetty.io.AbstractConnection - fillInterested HttpConnection@1e8b422c::DecryptedEndPoint@3ad0f84e{l=/127.0.0.1:33719,r=/127.0.0.1:51220,OPEN,fill=-,flush=-,to=11/30000}
01:46:23.577 [qtp399373008-62] DEBUG org.eclipse.jetty.io.FillInterest - interested FillInterest@3c18ac49{AC.ReadCB@1e8b422c{HttpConnection@1e8b422c::DecryptedEndPoint@3ad0f84e{l=/127.0.0.1:33719,r=/127.0.0.1:51220,OPEN,fill=FI,flush=-,to=0/30000}}}
01:46:23.577 [qtp399373008-62] DEBUG org.eclipse.jetty.io.ssl.SslConnection - >needFillInterest s=IDLE/IDLE uf=true ei=null di=null SslConnection@45699934::SocketChannelEndPoint@6de0d121{l=/127.0.0.1:33719,r=/127.0.0.1:51220,OPEN,fill=-,flush=-,to=0/30000}{io=0/0,kio=0,kro=1}->SslConnection@45699934{NEED_UNWRAP,eio=-1/-1,di=-1,fill=IDLE,flush=IDLE}~>DecryptedEndPoint@3ad0f84e{l=/127.0.0.1:33719,r=/127.0.0.1:51220,OPEN,fill=FI,flush=-,to=0/30000}=>HttpConnection@1e8b422c[p=HttpParser{s=START,0 of -1},g=HttpGenerator@78c60b5f{s=START}]=>HttpChannelOverHttp@1ca09be9{s=HttpChannelState@5152529c{s=IDLE rs=BLOCKING os=OPEN is=IDLE awp=false se=false i=true al=0},r=0,c=false/false,a=IDLE,uri=null,age=0}
01:46:23.577 [qtp399373008-62] DEBUG org.eclipse.jetty.io.ssl.SslConnection - <needFillInterest s=IDLE/INTERESTED f=false i=true w=null
01:46:23.577 [qtp399373008-62] DEBUG org.eclipse.jetty.io.ssl.SslConnection - ensureFillInterested SslConnection@45699934::SocketChannelEndPoint@6de0d121{l=/127.0.0.1:33719,r=/127.0.0.1:51220,OPEN,fill=-,flush=-,to=0/30000}{io=0/0,kio=0,kro=1}->SslConnection@45699934{NEED_UNWRAP,eio=-1/-1,di=-1,fill=INTERESTED,flush=IDLE}~>DecryptedEndPoint@3ad0f84e{l=/127.0.0.1:33719,r=/127.0.0.1:51220,OPEN,fill=FI,flush=-,to=0/30000}=>HttpConnection@1e8b422c[p=HttpParser{s=START,0 of -1},g=HttpGenerator@78c60b5f{s=START}]=>HttpChannelOverHttp@1ca09be9{s=HttpChannelState@5152529c{s=IDLE rs=BLOCKING os=OPEN is=IDLE awp=false se=false i=true al=0},r=0,c=false/false,a=IDLE,uri=null,age=0}
01:46:23.577 [qtp399373008-62] DEBUG org.eclipse.jetty.io.FillInterest - interested FillInterest@5dfbecd8{SSLC.NBReadCB@45699934{SslConnection@45699934::SocketChannelEndPoint@6de0d121{l=/127.0.0.1:33719,r=/127.0.0.1:51220,OPEN,fill=FI,flush=-,to=0/30000}{io=0/0,kio=0,kro=1}->SslConnection@45699934{NEED_UNWRAP,eio=-1/-1,di=-1,fill=INTERESTED,flush=IDLE}~>DecryptedEndPoint@3ad0f84e{l=/127.0.0.1:33719,r=/127.0.0.1:51220,OPEN,fill=FI,flush=-,to=0/30000}=>HttpConnection@1e8b422c[p=HttpParser{s=START,0 of -1},g=HttpGenerator@78c60b5f{s=START}]=>HttpChannelOverHttp@1ca09be9{s=HttpChannelState@5152529c{s=IDLE rs=BLOCKING os=OPEN is=IDLE awp=false se=false i=true al=0},r=0,c=false/false,a=IDLE,uri=null,age=0}}}
01:46:23.578 [qtp399373008-62] DEBUG org.eclipse.jetty.io.ChannelEndPoint - changeInterests p=false 0->1 for SocketChannelEndPoint@6de0d121{l=/127.0.0.1:33719,r=/127.0.0.1:51220,OPEN,fill=FI,flush=-,to=0/30000}{io=0/1,kio=0,kro=1}->SslConnection@45699934{NEED_UNWRAP,eio=-1/-1,di=-1,fill=INTERESTED,flush=IDLE}~>DecryptedEndPoint@3ad0f84e{l=/127.0.0.1:33719,r=/127.0.0.1:51220,OPEN,fill=FI,flush=-,to=0/30000}=>HttpConnection@1e8b422c[p=HttpParser{s=START,0 of -1},g=HttpGenerator@78c60b5f{s=START}]=>HttpChannelOverHttp@1ca09be9{s=HttpChannelState@5152529c{s=IDLE rs=BLOCKING os=OPEN is=IDLE awp=false se=false i=true al=0},r=0,c=false/false,a=IDLE,uri=null,age=0}
01:46:23.578 [qtp399373008-62] DEBUG org.eclipse.jetty.io.ManagedSelector - Queued change lazy=false org.eclipse.jetty.io.ChannelEndPoint$$Lambda$255/981852870@54526e6a on ManagedSelector@7bb6ab3a{STARTED} id=3 keys=2 selected=0 updates=0
01:46:23.578 [qtp399373008-62] DEBUG org.eclipse.jetty.io.ManagedSelector - Wakeup on submit ManagedSelector@7bb6ab3a{STARTED} id=3 keys=2 selected=0 updates=1
01:46:23.578 [qtp399373008-62] DEBUG org.eclipse.jetty.server.HttpConnection - HttpConnection@1e8b422c::DecryptedEndPoint@3ad0f84e{l=/127.0.0.1:33719,r=/127.0.0.1:51220,OPEN,fill=FI,flush=-,to=0/30000} onFillable exit HttpChannelState@5152529c{s=IDLE rs=BLOCKING os=OPEN is=IDLE awp=false se=false i=true al=0} null
01:46:23.578 [qtp399373008-61] DEBUG org.eclipse.jetty.io.ManagedSelector - Selector sun.nio.ch.EPollSelectorImpl@63debfd6 woken with none selected
01:46:23.578 [qtp399373008-61] DEBUG org.eclipse.jetty.io.ManagedSelector - Selector sun.nio.ch.EPollSelectorImpl@63debfd6 woken up from select, 0/0/2 selected
01:46:23.578 [qtp399373008-61] DEBUG org.eclipse.jetty.io.ManagedSelector - Selector sun.nio.ch.EPollSelectorImpl@63debfd6 processing 0 keys, 1 updates
01:46:23.578 [qtp399373008-61] DEBUG org.eclipse.jetty.io.ManagedSelector - updateable 1
01:46:23.578 [qtp399373008-61] DEBUG org.eclipse.jetty.io.ManagedSelector - update org.eclipse.jetty.io.ChannelEndPoint$$Lambda$255/981852870@54526e6a
01:46:23.578 [qtp399373008-62] DEBUG org.eclipse.jetty.io.ssl.SslConnection - <c.onFillable SslConnection@45699934::SocketChannelEndPoint@6de0d121{l=/127.0.0.1:33719,r=/127.0.0.1:51220,OPEN,fill=FI,flush=-,to=0/30000}{io=0/1,kio=0,kro=1}->SslConnection@45699934{NEED_UNWRAP,eio=-1/-1,di=-1,fill=INTERESTED,flush=IDLE}~>DecryptedEndPoint@3ad0f84e{l=/127.0.0.1:33719,r=/127.0.0.1:51220,OPEN,fill=FI,flush=-,to=0/30000}=>HttpConnection@1e8b422c[p=HttpParser{s=START,0 of -1},g=HttpGenerator@78c60b5f{s=START}]=>HttpChannelOverHttp@1ca09be9{s=HttpChannelState@5152529c{s=IDLE rs=BLOCKING os=OPEN is=IDLE awp=false se=false i=true al=0},r=0,c=false/false,a=IDLE,uri=null,age=0}
01:46:23.578 [qtp399373008-62] DEBUG org.eclipse.jetty.util.thread.ReservedThreadExecutor - ReservedThread@65f3ead4{RUNNING,thread=Thread[qtp399373008-62,5,main]} was=RUNNING next=RESERVED size=0+2 capacity=8
01:46:23.578 [qtp399373008-62] DEBUG org.eclipse.jetty.util.thread.ReservedThreadExecutor - ReservedThread@65f3ead4{RESERVED,thread=Thread[qtp399373008-62,5,main]} waiting ReservedThreadExecutor@424fd310{reserved=2/8,pending=0}
01:46:23.578 [qtp399373008-61] DEBUG org.eclipse.jetty.io.ChannelEndPoint - Key interests updated 0 -> 1 on SocketChannelEndPoint@6de0d121{l=/127.0.0.1:33719,r=/127.0.0.1:51220,OPEN,fill=FI,flush=-,to=0/30000}{io=1/1,kio=1,kro=1}->SslConnection@45699934{NEED_UNWRAP,eio=-1/-1,di=-1,fill=INTERESTED,flush=IDLE}~>DecryptedEndPoint@3ad0f84e{l=/127.0.0.1:33719,r=/127.0.0.1:51220,OPEN,fill=FI,flush=-,to=0/30000}=>HttpConnection@1e8b422c[p=HttpParser{s=START,0 of -1},g=HttpGenerator@78c60b5f{s=START}]=>HttpChannelOverHttp@1ca09be9{s=HttpChannelState@5152529c{s=IDLE rs=BLOCKING os=OPEN is=IDLE awp=false se=false i=true al=0},r=0,c=false/false,a=IDLE,uri=null,age=0}
01:46:23.578 [qtp399373008-61] DEBUG org.eclipse.jetty.io.ManagedSelector - updates 0
01:46:23.578 [qtp399373008-61] DEBUG org.eclipse.jetty.io.ManagedSelector - Selector sun.nio.ch.EPollSelectorImpl@63debfd6 waiting with 2 keys
01:46:23.579 [qtp399373008-61] DEBUG org.eclipse.jetty.io.ManagedSelector - Selector sun.nio.ch.EPollSelectorImpl@63debfd6 woken up from select, 1/1/2 selected
01:46:23.579 [qtp399373008-61] DEBUG org.eclipse.jetty.io.ManagedSelector - Selector sun.nio.ch.EPollSelectorImpl@63debfd6 processing 1 keys, 0 updates
01:46:23.579 [qtp399373008-61] DEBUG org.eclipse.jetty.io.ManagedSelector - selected 1 sun.nio.ch.SelectionKeyImpl@6df891ea SocketChannelEndPoint@6de0d121{l=/127.0.0.1:33719,r=/127.0.0.1:51220,OPEN,fill=FI,flush=-,to=1/30000}{io=1/1,kio=1,kro=1}->SslConnection@45699934{NEED_UNWRAP,eio=-1/-1,di=-1,fill=INTERESTED,flush=IDLE}~>DecryptedEndPoint@3ad0f84e{l=/127.0.0.1:33719,r=/127.0.0.1:51220,OPEN,fill=FI,flush=-,to=1/30000}=>HttpConnection@1e8b422c[p=HttpParser{s=START,0 of -1},g=HttpGenerator@78c60b5f{s=START}]=>HttpChannelOverHttp@1ca09be9{s=HttpChannelState@5152529c{s=IDLE rs=BLOCKING os=OPEN is=IDLE awp=false se=false i=true al=0},r=0,c=false/false,a=IDLE,uri=null,age=0} 
01:46:23.579 [qtp399373008-61] DEBUG org.eclipse.jetty.io.ChannelEndPoint - onSelected 1->0 r=true w=false for SocketChannelEndPoint@6de0d121{l=/127.0.0.1:33719,r=/127.0.0.1:51220,OPEN,fill=FI,flush=-,to=1/30000}{io=1/0,kio=1,kro=1}->SslConnection@45699934{NEED_UNWRAP,eio=-1/-1,di=-1,fill=INTERESTED,flush=IDLE}~>DecryptedEndPoint@3ad0f84e{l=/127.0.0.1:33719,r=/127.0.0.1:51220,OPEN,fill=FI,flush=-,to=1/30000}=>HttpConnection@1e8b422c[p=HttpParser{s=START,0 of -1},g=HttpGenerator@78c60b5f{s=START}]=>HttpChannelOverHttp@1ca09be9{s=HttpChannelState@5152529c{s=IDLE rs=BLOCKING os=OPEN is=IDLE awp=false se=false i=true al=0},r=0,c=false/false,a=IDLE,uri=null,age=0}
01:46:23.579 [qtp399373008-61] DEBUG org.eclipse.jetty.io.ChannelEndPoint - task CEP:SocketChannelEndPoint@6de0d121{l=/127.0.0.1:33719,r=/127.0.0.1:51220,OPEN,fill=FI,flush=-,to=1/30000}{io=1/0,kio=1,kro=1}->SslConnection@45699934{NEED_UNWRAP,eio=-1/-1,di=-1,fill=INTERESTED,flush=IDLE}~>DecryptedEndPoint@3ad0f84e{l=/127.0.0.1:33719,r=/127.0.0.1:51220,OPEN,fill=FI,flush=-,to=1/30000}=>HttpConnection@1e8b422c[p=HttpParser{s=START,0 of -1},g=HttpGenerator@78c60b5f{s=START}]=>HttpChannelOverHttp@1ca09be9{s=HttpChannelState@5152529c{s=IDLE rs=BLOCKING os=OPEN is=IDLE awp=false se=false i=true al=0},r=0,c=false/false,a=IDLE,uri=null,age=0}:runFillable:BLOCKING
01:46:23.580 [qtp399373008-61] DEBUG org.eclipse.jetty.util.thread.ReservedThreadExecutor - ReservedThreadExecutor@424fd310{reserved=2/8,pending=0} tryExecute EatWhatYouKill@f478a81/SelectorProducer@19553973/PRODUCING/p=false/QueuedThreadPool[qtp399373008]@17cdf2d0{STARTED,8<=8<=200,i=1,r=-1,q=0}[ReservedThreadExecutor@424fd310{reserved=2/8,pending=0}][pc=0,pic=0,pec=0,epc=4]@2024-05-02T01:46:23.579+01:00
01:46:23.580 [qtp399373008-61] DEBUG org.eclipse.jetty.util.thread.strategy.EatWhatYouKill - EatWhatYouKill@f478a81/SelectorProducer@19553973/IDLE/p=true/QueuedThreadPool[qtp399373008]@17cdf2d0{STARTED,8<=8<=200,i=1,r=-1,q=0}[ReservedThreadExecutor@424fd310{reserved=1/8,pending=0}][pc=0,pic=0,pec=0,epc=4]@2024-05-02T01:46:23.58+01:00 m=EXECUTE_PRODUCE_CONSUME t=CEP:SocketChannelEndPoint@6de0d121{l=/127.0.0.1:33719,r=/127.0.0.1:51220,OPEN,fill=FI,flush=-,to=2/30000}{io=1/0,kio=1,kro=1}->SslConnection@45699934{NEED_UNWRAP,eio=-1/-1,di=-1,fill=INTERESTED,flush=IDLE}~>DecryptedEndPoint@3ad0f84e{l=/127.0.0.1:33719,r=/127.0.0.1:51220,OPEN,fill=FI,flush=-,to=2/30000}=>HttpConnection@1e8b422c[p=HttpParser{s=START,0 of -1},g=HttpGenerator@78c60b5f{s=START}]=>HttpChannelOverHttp@1ca09be9{s=HttpChannelState@5152529c{s=IDLE rs=BLOCKING os=OPEN is=IDLE awp=false se=false i=true al=0},r=0,c=false/false,a=IDLE,uri=null,age=0}:runFillable:BLOCKING/BLOCKING
01:46:23.580 [qtp399373008-62] DEBUG org.eclipse.jetty.util.thread.ReservedThreadExecutor - ReservedThread@65f3ead4{RESERVED,thread=Thread[qtp399373008-62,5,main]} task=EatWhatYouKill@f478a81/SelectorProducer@19553973/IDLE/p=true/QueuedThreadPool[qtp399373008]@17cdf2d0{STARTED,8<=8<=200,i=1,r=-1,q=0}[ReservedThreadExecutor@424fd310{reserved=1/8,pending=0}][pc=0,pic=0,pec=0,epc=4]@2024-05-02T01:46:23.58+01:00 ReservedThreadExecutor@424fd310{reserved=1/8,pending=0}
01:46:23.580 [qtp399373008-61] DEBUG org.eclipse.jetty.io.FillInterest - fillable FillInterest@5dfbecd8{SSLC.NBReadCB@45699934{SslConnection@45699934::SocketChannelEndPoint@6de0d121{l=/127.0.0.1:33719,r=/127.0.0.1:51220,OPEN,fill=FI,flush=-,to=2/30000}{io=1/0,kio=1,kro=1}->SslConnection@45699934{NEED_UNWRAP,eio=-1/-1,di=-1,fill=INTERESTED,flush=IDLE}~>DecryptedEndPoint@3ad0f84e{l=/127.0.0.1:33719,r=/127.0.0.1:51220,OPEN,fill=FI,flush=-,to=2/30000}=>HttpConnection@1e8b422c[p=HttpParser{s=START,0 of -1},g=HttpGenerator@78c60b5f{s=START}]=>HttpChannelOverHttp@1ca09be9{s=HttpChannelState@5152529c{s=IDLE rs=BLOCKING os=OPEN is=IDLE awp=false se=false i=true al=0},r=0,c=false/false,a=IDLE,uri=null,age=0}}}
01:46:23.580 [qtp399373008-62] DEBUG org.eclipse.jetty.util.thread.strategy.EatWhatYouKill - EatWhatYouKill@f478a81/SelectorProducer@19553973/IDLE/p=true/QueuedThreadPool[qtp399373008]@17cdf2d0{STARTED,8<=8<=200,i=1,r=-1,q=0}[ReservedThreadExecutor@424fd310{reserved=1/8,pending=0}][pc=0,pic=0,pec=0,epc=5]@2024-05-02T01:46:23.58+01:00 tryProduce true
01:46:23.580 [qtp399373008-62] DEBUG org.eclipse.jetty.io.ManagedSelector - updateable 0
01:46:23.580 [qtp399373008-62] DEBUG org.eclipse.jetty.io.ManagedSelector - updates 0
01:46:23.580 [qtp399373008-61] DEBUG org.eclipse.jetty.io.ssl.SslConnection - >c.onFillable SslConnection@45699934::SocketChannelEndPoint@6de0d121{l=/127.0.0.1:33719,r=/127.0.0.1:51220,OPEN,fill=-,flush=-,to=2/30000}{io=1/0,kio=1,kro=1}->SslConnection@45699934{NEED_UNWRAP,eio=-1/-1,di=-1,fill=INTERESTED,flush=IDLE}~>DecryptedEndPoint@3ad0f84e{l=/127.0.0.1:33719,r=/127.0.0.1:51220,OPEN,fill=FI,flush=-,to=2/30000}=>HttpConnection@1e8b422c[p=HttpParser{s=START,0 of -1},g=HttpGenerator@78c60b5f{s=START}]=>HttpChannelOverHttp@1ca09be9{s=HttpChannelState@5152529c{s=IDLE rs=BLOCKING os=OPEN is=IDLE awp=false se=false i=true al=0},r=0,c=false/false,a=IDLE,uri=null,age=0}
01:46:23.580 [qtp399373008-62] DEBUG org.eclipse.jetty.io.ChannelEndPoint - Key interests updated 1 -> 0 on SocketChannelEndPoint@6de0d121{l=/127.0.0.1:33719,r=/127.0.0.1:51220,OPEN,fill=-,flush=-,to=2/30000}{io=0/0,kio=0,kro=1}->SslConnection@45699934{NEED_UNWRAP,eio=-1/-1,di=-1,fill=INTERESTED,flush=IDLE}~>DecryptedEndPoint@3ad0f84e{l=/127.0.0.1:33719,r=/127.0.0.1:51220,OPEN,fill=FI,flush=-,to=2/30000}=>HttpConnection@1e8b422c[p=HttpParser{s=START,0 of -1},g=HttpGenerator@78c60b5f{s=START}]=>HttpChannelOverHttp@1ca09be9{s=HttpChannelState@5152529c{s=IDLE rs=BLOCKING os=OPEN is=IDLE awp=false se=false i=true al=0},r=0,c=false/false,a=IDLE,uri=null,age=0}
01:46:23.580 [qtp399373008-61] DEBUG org.eclipse.jetty.io.ssl.SslConnection - onFillable SslConnection@45699934::SocketChannelEndPoint@6de0d121{l=/127.0.0.1:33719,r=/127.0.0.1:51220,OPEN,fill=-,flush=-,to=2/30000}{io=0/0,kio=0,kro=1}->SslConnection@45699934{NEED_UNWRAP,eio=-1/-1,di=-1,fill=INTERESTED,flush=IDLE}~>DecryptedEndPoint@3ad0f84e{l=/127.0.0.1:33719,r=/127.0.0.1:51220,OPEN,fill=FI,flush=-,to=2/30000}=>HttpConnection@1e8b422c[p=HttpParser{s=START,0 of -1},g=HttpGenerator@78c60b5f{s=START}]=>HttpChannelOverHttp@1ca09be9{s=HttpChannelState@5152529c{s=IDLE rs=BLOCKING os=OPEN is=IDLE awp=false se=false i=true al=0},r=0,c=false/false,a=IDLE,uri=null,age=0}
01:46:23.580 [qtp399373008-62] DEBUG org.eclipse.jetty.io.ManagedSelector - Selector sun.nio.ch.EPollSelectorImpl@63debfd6 waiting with 2 keys
01:46:23.580 [qtp399373008-61] DEBUG org.eclipse.jetty.io.FillInterest - fillable FillInterest@3c18ac49{AC.ReadCB@1e8b422c{HttpConnection@1e8b422c::DecryptedEndPoint@3ad0f84e{l=/127.0.0.1:33719,r=/127.0.0.1:51220,OPEN,fill=FI,flush=-,to=2/30000}}}
01:46:23.580 [qtp399373008-61] DEBUG org.eclipse.jetty.server.HttpConnection - HttpConnection@1e8b422c::DecryptedEndPoint@3ad0f84e{l=/127.0.0.1:33719,r=/127.0.0.1:51220,OPEN,fill=-,flush=-,to=2/30000} onFillable enter HttpChannelState@5152529c{s=IDLE rs=BLOCKING os=OPEN is=IDLE awp=false se=false i=true al=0} null
01:46:23.580 [qtp399373008-61] DEBUG org.eclipse.jetty.io.ssl.SslConnection - >fill SslConnection@45699934::SocketChannelEndPoint@6de0d121{l=/127.0.0.1:33719,r=/127.0.0.1:51220,OPEN,fill=-,flush=-,to=2/30000}{io=0/0,kio=0,kro=1}->SslConnection@45699934{NEED_UNWRAP,eio=-1/-1,di=-1,fill=IDLE,flush=IDLE}~>DecryptedEndPoint@3ad0f84e{l=/127.0.0.1:33719,r=/127.0.0.1:51220,OPEN,fill=-,flush=-,to=2/30000}=>HttpConnection@1e8b422c[p=HttpParser{s=START,0 of -1},g=HttpGenerator@78c60b5f{s=START}]=>HttpChannelOverHttp@1ca09be9{s=HttpChannelState@5152529c{s=IDLE rs=BLOCKING os=OPEN is=IDLE awp=false se=false i=true al=0},r=0,c=false/false,a=IDLE,uri=null,age=0}
01:46:23.580 [qtp399373008-61] DEBUG org.eclipse.jetty.io.ssl.SslConnection - fill NEED_UNWRAP
01:46:23.580 [qtp399373008-61] DEBUG org.eclipse.jetty.io.ChannelEndPoint - filled 6 HeapByteBuffer@2f3b09c3[p=0,l=6,c=17408,r=6]={<<<\x14\x03\x03\x00\x01\x01>>>\xA8\xB5\xBc\xAe]\x14=\x04`...\x00\x00\x00\x00\x00\x00\x00}
01:46:23.580 [qtp399373008-61] DEBUG org.eclipse.jetty.io.ssl.SslConnection - net filled=6
01:46:23.580 [qtp399373008-61] DEBUG org.eclipse.jetty.io.ssl.SslConnection - unwrap net_filled=6 Status = OK HandshakeStatus = NEED_UNWRAP bytesConsumed = 6 bytesProduced = 0 encryptedBuffer=[p=6,l=6,c=17408,r=0] unwrapBuffer=HeapByteBuffer@25c362b3[p=0,l=0,c=17408,r=0]={<<<>>>\x16\x03\x03\x01N\x01\x00\x01J...\x00\x00\x00\x00\x00\x00\x00} appBuffer=HeapByteBuffer@25c362b3[p=0,l=0,c=17408,r=0]={<<<>>>\x16\x03\x03\x01N\x01\x00\x01J...\x00\x00\x00\x00\x00\x00\x00}
01:46:23.580 [qtp399373008-61] DEBUG org.eclipse.jetty.io.ssl.SslConnection - fill NEED_UNWRAP
01:46:23.581 [qtp399373008-61] DEBUG org.eclipse.jetty.io.ChannelEndPoint - filled 0 HeapByteBuffer@2f3b09c3[p=0,l=0,c=17408,r=0]={<<<>>>\x14\x03\x03\x00\x01\x01\xA8\xB5\xBc...\x00\x00\x00\x00\x00\x00\x00}
01:46:23.581 [qtp399373008-61] DEBUG org.eclipse.jetty.io.ssl.SslConnection - net filled=0
01:46:23.581 [qtp399373008-61] DEBUG org.eclipse.jetty.io.ssl.SslConnection - unwrap net_filled=0 Status = BUFFER_UNDERFLOW HandshakeStatus = NEED_UNWRAP bytesConsumed = 0 bytesProduced = 0 encryptedBuffer=[p=0,l=0,c=17408,r=0] unwrapBuffer=HeapByteBuffer@25c362b3[p=0,l=0,c=17408,r=0]={<<<>>>\x16\x03\x03\x01N\x01\x00\x01J...\x00\x00\x00\x00\x00\x00\x00} appBuffer=HeapByteBuffer@25c362b3[p=0,l=0,c=17408,r=0]={<<<>>>\x16\x03\x03\x01N\x01\x00\x01J...\x00\x00\x00\x00\x00\x00\x00}
01:46:23.581 [qtp399373008-61] DEBUG org.eclipse.jetty.io.ssl.SslConnection - <fill f=0 uf=true SslConnection@45699934::SocketChannelEndPoint@6de0d121{l=/127.0.0.1:33719,r=/127.0.0.1:51220,OPEN,fill=-,flush=-,to=0/30000}{io=0/0,kio=0,kro=1}->SslConnection@45699934{NEED_UNWRAP,eio=-1/-1,di=-1,fill=IDLE,flush=IDLE}~>DecryptedEndPoint@3ad0f84e{l=/127.0.0.1:33719,r=/127.0.0.1:51220,OPEN,fill=-,flush=-,to=3/30000}=>HttpConnection@1e8b422c[p=HttpParser{s=START,0 of -1},g=HttpGenerator@78c60b5f{s=START}]=>HttpChannelOverHttp@1ca09be9{s=HttpChannelState@5152529c{s=IDLE rs=BLOCKING os=OPEN is=IDLE awp=false se=false i=true al=0},r=0,c=false/false,a=IDLE,uri=null,age=0}
01:46:23.581 [qtp399373008-61] DEBUG org.eclipse.jetty.io.ssl.SslConnection - >fill SslConnection@45699934::SocketChannelEndPoint@6de0d121{l=/127.0.0.1:33719,r=/127.0.0.1:51220,OPEN,fill=-,flush=-,to=0/30000}{io=0/0,kio=0,kro=1}->SslConnection@45699934{NEED_UNWRAP,eio=-1/-1,di=-1,fill=IDLE,flush=IDLE}~>DecryptedEndPoint@3ad0f84e{l=/127.0.0.1:33719,r=/127.0.0.1:51220,OPEN,fill=-,flush=-,to=3/30000}=>HttpConnection@1e8b422c[p=HttpParser{s=START,0 of -1},g=HttpGenerator@78c60b5f{s=START}]=>HttpChannelOverHttp@1ca09be9{s=HttpChannelState@5152529c{s=IDLE rs=BLOCKING os=OPEN is=IDLE awp=false se=false i=true al=0},r=0,c=false/false,a=IDLE,uri=null,age=0}
01:46:23.581 [qtp399373008-61] DEBUG org.eclipse.jetty.io.ssl.SslConnection - fill NEED_UNWRAP
01:46:23.581 [qtp399373008-61] DEBUG org.eclipse.jetty.io.ChannelEndPoint - filled 0 HeapByteBuffer@21fcf254[p=0,l=0,c=17408,r=0]={<<<>>>\x17\x03\x03\x00\xC9Jt\xA3o...\x00\x00\x00\x00\x00\x00\x00}
01:46:23.581 [qtp399373008-61] DEBUG org.eclipse.jetty.io.ssl.SslConnection - net filled=0
01:46:23.581 [qtp399373008-61] DEBUG org.eclipse.jetty.io.ssl.SslConnection - unwrap net_filled=0 Status = BUFFER_UNDERFLOW HandshakeStatus = NEED_UNWRAP bytesConsumed = 0 bytesProduced = 0 encryptedBuffer=[p=0,l=0,c=17408,r=0] unwrapBuffer=HeapByteBuffer@25c362b3[p=0,l=0,c=17408,r=0]={<<<>>>\x16\x03\x03\x01N\x01\x00\x01J...\x00\x00\x00\x00\x00\x00\x00} appBuffer=HeapByteBuffer@25c362b3[p=0,l=0,c=17408,r=0]={<<<>>>\x16\x03\x03\x01N\x01\x00\x01J...\x00\x00\x00\x00\x00\x00\x00}
01:46:23.581 [qtp399373008-61] DEBUG org.eclipse.jetty.io.ssl.SslConnection - <fill f=0 uf=true SslConnection@45699934::SocketChannelEndPoint@6de0d121{l=/127.0.0.1:33719,r=/127.0.0.1:51220,OPEN,fill=-,flush=-,to=0/30000}{io=0/0,kio=0,kro=1}->SslConnection@45699934{NEED_UNWRAP,eio=-1/-1,di=-1,fill=IDLE,flush=IDLE}~>DecryptedEndPoint@3ad0f84e{l=/127.0.0.1:33719,r=/127.0.0.1:51220,OPEN,fill=-,flush=-,to=3/30000}=>HttpConnection@1e8b422c[p=HttpParser{s=START,0 of -1},g=HttpGenerator@78c60b5f{s=START}]=>HttpChannelOverHttp@1ca09be9{s=HttpChannelState@5152529c{s=IDLE rs=BLOCKING os=OPEN is=IDLE awp=false se=false i=true al=0},r=0,c=false/false,a=IDLE,uri=null,age=0}
01:46:23.581 [qtp399373008-61] DEBUG org.eclipse.jetty.server.HttpConnection - HttpConnection@1e8b422c::DecryptedEndPoint@3ad0f84e{l=/127.0.0.1:33719,r=/127.0.0.1:51220,OPEN,fill=-,flush=-,to=3/30000} filled 0 HeapByteBuffer@25c362b3[p=0,l=0,c=17408,r=0]={<<<>>>\x16\x03\x03\x01N\x01\x00\x01J...\x00\x00\x00\x00\x00\x00\x00}
01:46:23.581 [qtp399373008-61] DEBUG org.eclipse.jetty.server.HttpConnection - HttpConnection@1e8b422c::DecryptedEndPoint@3ad0f84e{l=/127.0.0.1:33719,r=/127.0.0.1:51220,OPEN,fill=-,flush=-,to=3/30000} parse HeapByteBuffer@25c362b3[p=0,l=0,c=17408,r=0]={<<<>>>\x16\x03\x03\x01N\x01\x00\x01J...\x00\x00\x00\x00\x00\x00\x00} {}
01:46:23.581 [qtp399373008-61] DEBUG org.eclipse.jetty.http.HttpParser - parseNext s=START HeapByteBuffer@25c362b3[p=0,l=0,c=17408,r=0]={<<<>>>\x16\x03\x03\x01N\x01\x00\x01J...\x00\x00\x00\x00\x00\x00\x00}
01:46:23.581 [qtp399373008-61] DEBUG org.eclipse.jetty.server.HttpConnection - HttpConnection@1e8b422c::DecryptedEndPoint@3ad0f84e{l=/127.0.0.1:33719,r=/127.0.0.1:51220,OPEN,fill=-,flush=-,to=3/30000} parsed false HttpParser{s=START,0 of -1}
01:46:23.581 [qtp399373008-61] DEBUG org.eclipse.jetty.server.HttpConnection - releaseRequestBuffer HttpConnection@1e8b422c::DecryptedEndPoint@3ad0f84e{l=/127.0.0.1:33719,r=/127.0.0.1:51220,OPEN,fill=-,flush=-,to=3/30000}
01:46:23.581 [qtp399373008-61] DEBUG org.eclipse.jetty.io.AbstractConnection - fillInterested HttpConnection@1e8b422c::DecryptedEndPoint@3ad0f84e{l=/127.0.0.1:33719,r=/127.0.0.1:51220,OPEN,fill=-,flush=-,to=3/30000}
01:46:23.581 [qtp399373008-61] DEBUG org.eclipse.jetty.io.FillInterest - interested FillInterest@3c18ac49{AC.ReadCB@1e8b422c{HttpConnection@1e8b422c::DecryptedEndPoint@3ad0f84e{l=/127.0.0.1:33719,r=/127.0.0.1:51220,OPEN,fill=FI,flush=-,to=0/30000}}}
01:46:23.581 [qtp399373008-61] DEBUG org.eclipse.jetty.io.ssl.SslConnection - >needFillInterest s=IDLE/IDLE uf=true ei=null di=null SslConnection@45699934::SocketChannelEndPoint@6de0d121{l=/127.0.0.1:33719,r=/127.0.0.1:51220,OPEN,fill=-,flush=-,to=0/30000}{io=0/0,kio=0,kro=1}->SslConnection@45699934{NEED_UNWRAP,eio=-1/-1,di=-1,fill=IDLE,flush=IDLE}~>DecryptedEndPoint@3ad0f84e{l=/127.0.0.1:33719,r=/127.0.0.1:51220,OPEN,fill=FI,flush=-,to=0/30000}=>HttpConnection@1e8b422c[p=HttpParser{s=START,0 of -1},g=HttpGenerator@78c60b5f{s=START}]=>HttpChannelOverHttp@1ca09be9{s=HttpChannelState@5152529c{s=IDLE rs=BLOCKING os=OPEN is=IDLE awp=false se=false i=true al=0},r=0,c=false/false,a=IDLE,uri=null,age=0}
01:46:23.581 [qtp399373008-61] DEBUG org.eclipse.jetty.io.ssl.SslConnection - <needFillInterest s=IDLE/INTERESTED f=false i=true w=null
01:46:23.581 [qtp399373008-61] DEBUG org.eclipse.jetty.io.ssl.SslConnection - ensureFillInterested SslConnection@45699934::SocketChannelEndPoint@6de0d121{l=/127.0.0.1:33719,r=/127.0.0.1:51220,OPEN,fill=-,flush=-,to=0/30000}{io=0/0,kio=0,kro=1}->SslConnection@45699934{NEED_UNWRAP,eio=-1/-1,di=-1,fill=INTERESTED,flush=IDLE}~>DecryptedEndPoint@3ad0f84e{l=/127.0.0.1:33719,r=/127.0.0.1:51220,OPEN,fill=FI,flush=-,to=0/30000}=>HttpConnection@1e8b422c[p=HttpParser{s=START,0 of -1},g=HttpGenerator@78c60b5f{s=START}]=>HttpChannelOverHttp@1ca09be9{s=HttpChannelState@5152529c{s=IDLE rs=BLOCKING os=OPEN is=IDLE awp=false se=false i=true al=0},r=0,c=false/false,a=IDLE,uri=null,age=0}
01:46:23.581 [qtp399373008-61] DEBUG org.eclipse.jetty.io.FillInterest - interested FillInterest@5dfbecd8{SSLC.NBReadCB@45699934{SslConnection@45699934::SocketChannelEndPoint@6de0d121{l=/127.0.0.1:33719,r=/127.0.0.1:51220,OPEN,fill=FI,flush=-,to=0/30000}{io=0/0,kio=0,kro=1}->SslConnection@45699934{NEED_UNWRAP,eio=-1/-1,di=-1,fill=INTERESTED,flush=IDLE}~>DecryptedEndPoint@3ad0f84e{l=/127.0.0.1:33719,r=/127.0.0.1:51220,OPEN,fill=FI,flush=-,to=0/30000}=>HttpConnection@1e8b422c[p=HttpParser{s=START,0 of -1},g=HttpGenerator@78c60b5f{s=START}]=>HttpChannelOverHttp@1ca09be9{s=HttpChannelState@5152529c{s=IDLE rs=BLOCKING os=OPEN is=IDLE awp=false se=false i=true al=0},r=0,c=false/false,a=IDLE,uri=null,age=0}}}
01:46:23.581 [qtp399373008-61] DEBUG org.eclipse.jetty.io.ChannelEndPoint - changeInterests p=false 0->1 for SocketChannelEndPoint@6de0d121{l=/127.0.0.1:33719,r=/127.0.0.1:51220,OPEN,fill=FI,flush=-,to=0/30000}{io=0/1,kio=0,kro=1}->SslConnection@45699934{NEED_UNWRAP,eio=-1/-1,di=-1,fill=INTERESTED,flush=IDLE}~>DecryptedEndPoint@3ad0f84e{l=/127.0.0.1:33719,r=/127.0.0.1:51220,OPEN,fill=FI,flush=-,to=0/30000}=>HttpConnection@1e8b422c[p=HttpParser{s=START,0 of -1},g=HttpGenerator@78c60b5f{s=START}]=>HttpChannelOverHttp@1ca09be9{s=HttpChannelState@5152529c{s=IDLE rs=BLOCKING os=OPEN is=IDLE awp=false se=false i=true al=0},r=0,c=false/false,a=IDLE,uri=null,age=0}
01:46:23.581 [qtp399373008-61] DEBUG org.eclipse.jetty.io.ManagedSelector - Queued change lazy=false org.eclipse.jetty.io.ChannelEndPoint$$Lambda$255/981852870@54526e6a on ManagedSelector@7bb6ab3a{STARTED} id=3 keys=2 selected=0 updates=0
01:46:23.581 [qtp399373008-61] DEBUG org.eclipse.jetty.io.ManagedSelector - Wakeup on submit ManagedSelector@7bb6ab3a{STARTED} id=3 keys=2 selected=0 updates=1
01:46:23.581 [qtp399373008-62] DEBUG org.eclipse.jetty.io.ManagedSelector - Selector sun.nio.ch.EPollSelectorImpl@63debfd6 woken with none selected
01:46:23.581 [qtp399373008-62] DEBUG org.eclipse.jetty.io.ManagedSelector - Selector sun.nio.ch.EPollSelectorImpl@63debfd6 woken up from select, 0/0/2 selected
01:46:23.581 [qtp399373008-62] DEBUG org.eclipse.jetty.io.ManagedSelector - Selector sun.nio.ch.EPollSelectorImpl@63debfd6 processing 0 keys, 1 updates
01:46:23.581 [qtp399373008-62] DEBUG org.eclipse.jetty.io.ManagedSelector - updateable 1
01:46:23.582 [qtp399373008-62] DEBUG org.eclipse.jetty.io.ManagedSelector - update org.eclipse.jetty.io.ChannelEndPoint$$Lambda$255/981852870@54526e6a
01:46:23.582 [qtp399373008-62] DEBUG org.eclipse.jetty.io.ChannelEndPoint - Key interests updated 0 -> 1 on SocketChannelEndPoint@6de0d121{l=/127.0.0.1:33719,r=/127.0.0.1:51220,OPEN,fill=FI,flush=-,to=0/30000}{io=1/1,kio=1,kro=1}->SslConnection@45699934{NEED_UNWRAP,eio=-1/-1,di=-1,fill=INTERESTED,flush=IDLE}~>DecryptedEndPoint@3ad0f84e{l=/127.0.0.1:33719,r=/127.0.0.1:51220,OPEN,fill=FI,flush=-,to=0/30000}=>HttpConnection@1e8b422c[p=HttpParser{s=START,0 of -1},g=HttpGenerator@78c60b5f{s=START}]=>HttpChannelOverHttp@1ca09be9{s=HttpChannelState@5152529c{s=IDLE rs=BLOCKING os=OPEN is=IDLE awp=false se=false i=true al=0},r=0,c=false/false,a=IDLE,uri=null,age=0}
01:46:23.582 [qtp399373008-62] DEBUG org.eclipse.jetty.io.ManagedSelector - updates 0
01:46:23.582 [qtp399373008-62] DEBUG org.eclipse.jetty.io.ManagedSelector - Selector sun.nio.ch.EPollSelectorImpl@63debfd6 waiting with 2 keys
01:46:23.582 [qtp399373008-61] DEBUG org.eclipse.jetty.server.HttpConnection - HttpConnection@1e8b422c::DecryptedEndPoint@3ad0f84e{l=/127.0.0.1:33719,r=/127.0.0.1:51220,OPEN,fill=FI,flush=-,to=0/30000} onFillable exit HttpChannelState@5152529c{s=IDLE rs=BLOCKING os=OPEN is=IDLE awp=false se=false i=true al=0} null
01:46:23.582 [qtp399373008-61] DEBUG org.eclipse.jetty.io.ssl.SslConnection - <c.onFillable SslConnection@45699934::SocketChannelEndPoint@6de0d121{l=/127.0.0.1:33719,r=/127.0.0.1:51220,OPEN,fill=FI,flush=-,to=0/30000}{io=1/1,kio=1,kro=1}->SslConnection@45699934{NEED_UNWRAP,eio=-1/-1,di=-1,fill=INTERESTED,flush=IDLE}~>DecryptedEndPoint@3ad0f84e{l=/127.0.0.1:33719,r=/127.0.0.1:51220,OPEN,fill=FI,flush=-,to=0/30000}=>HttpConnection@1e8b422c[p=HttpParser{s=START,0 of -1},g=HttpGenerator@78c60b5f{s=START}]=>HttpChannelOverHttp@1ca09be9{s=HttpChannelState@5152529c{s=IDLE rs=BLOCKING os=OPEN is=IDLE awp=false se=false i=true al=0},r=0,c=false/false,a=IDLE,uri=null,age=0}
01:46:23.582 [qtp399373008-61] DEBUG org.eclipse.jetty.util.thread.ReservedThreadExecutor - ReservedThread@6a5710bf{RUNNING,thread=Thread[qtp399373008-61,5,main]} was=RUNNING next=RESERVED size=0+2 capacity=8
01:46:23.582 [qtp399373008-61] DEBUG org.eclipse.jetty.util.thread.ReservedThreadExecutor - ReservedThread@6a5710bf{RESERVED,thread=Thread[qtp399373008-61,5,main]} waiting ReservedThreadExecutor@424fd310{reserved=2/8,pending=0}
01:46:23.621 [qtp399373008-62] DEBUG org.eclipse.jetty.io.ManagedSelector - Selector sun.nio.ch.EPollSelectorImpl@63debfd6 woken up from select, 1/1/2 selected
01:46:23.621 [qtp399373008-62] DEBUG org.eclipse.jetty.io.ManagedSelector - Selector sun.nio.ch.EPollSelectorImpl@63debfd6 processing 1 keys, 0 updates
01:46:23.621 [qtp399373008-62] DEBUG org.eclipse.jetty.io.ManagedSelector - selected 1 sun.nio.ch.SelectionKeyImpl@6df891ea SocketChannelEndPoint@6de0d121{l=/127.0.0.1:33719,r=/127.0.0.1:51220,OPEN,fill=FI,flush=-,to=39/30000}{io=1/1,kio=1,kro=1}->SslConnection@45699934{NEED_UNWRAP,eio=-1/-1,di=-1,fill=INTERESTED,flush=IDLE}~>DecryptedEndPoint@3ad0f84e{l=/127.0.0.1:33719,r=/127.0.0.1:51220,OPEN,fill=FI,flush=-,to=39/30000}=>HttpConnection@1e8b422c[p=HttpParser{s=START,0 of -1},g=HttpGenerator@78c60b5f{s=START}]=>HttpChannelOverHttp@1ca09be9{s=HttpChannelState@5152529c{s=IDLE rs=BLOCKING os=OPEN is=IDLE awp=false se=false i=true al=0},r=0,c=false/false,a=IDLE,uri=null,age=0} 
01:46:23.621 [qtp399373008-62] DEBUG org.eclipse.jetty.io.ChannelEndPoint - onSelected 1->0 r=true w=false for SocketChannelEndPoint@6de0d121{l=/127.0.0.1:33719,r=/127.0.0.1:51220,OPEN,fill=FI,flush=-,to=39/30000}{io=1/0,kio=1,kro=1}->SslConnection@45699934{NEED_UNWRAP,eio=-1/-1,di=-1,fill=INTERESTED,flush=IDLE}~>DecryptedEndPoint@3ad0f84e{l=/127.0.0.1:33719,r=/127.0.0.1:51220,OPEN,fill=FI,flush=-,to=39/30000}=>HttpConnection@1e8b422c[p=HttpParser{s=START,0 of -1},g=HttpGenerator@78c60b5f{s=START}]=>HttpChannelOverHttp@1ca09be9{s=HttpChannelState@5152529c{s=IDLE rs=BLOCKING os=OPEN is=IDLE awp=false se=false i=true al=0},r=0,c=false/false,a=IDLE,uri=null,age=0}
01:46:23.621 [qtp399373008-62] DEBUG org.eclipse.jetty.io.ChannelEndPoint - task CEP:SocketChannelEndPoint@6de0d121{l=/127.0.0.1:33719,r=/127.0.0.1:51220,OPEN,fill=FI,flush=-,to=39/30000}{io=1/0,kio=1,kro=1}->SslConnection@45699934{NEED_UNWRAP,eio=-1/-1,di=-1,fill=INTERESTED,flush=IDLE}~>DecryptedEndPoint@3ad0f84e{l=/127.0.0.1:33719,r=/127.0.0.1:51220,OPEN,fill=FI,flush=-,to=39/30000}=>HttpConnection@1e8b422c[p=HttpParser{s=START,0 of -1},g=HttpGenerator@78c60b5f{s=START}]=>HttpChannelOverHttp@1ca09be9{s=HttpChannelState@5152529c{s=IDLE rs=BLOCKING os=OPEN is=IDLE awp=false se=false i=true al=0},r=0,c=false/false,a=IDLE,uri=null,age=0}:runFillable:BLOCKING
01:46:23.621 [qtp399373008-62] DEBUG org.eclipse.jetty.util.thread.ReservedThreadExecutor - ReservedThreadExecutor@424fd310{reserved=2/8,pending=0} tryExecute EatWhatYouKill@f478a81/SelectorProducer@19553973/PRODUCING/p=false/QueuedThreadPool[qtp399373008]@17cdf2d0{STARTED,8<=8<=200,i=1,r=-1,q=0}[ReservedThreadExecutor@424fd310{reserved=2/8,pending=0}][pc=0,pic=0,pec=0,epc=5]@2024-05-02T01:46:23.621+01:00
01:46:23.621 [qtp399373008-61] DEBUG org.eclipse.jetty.util.thread.ReservedThreadExecutor - ReservedThread@6a5710bf{RESERVED,thread=Thread[qtp399373008-61,5,main]} task=EatWhatYouKill@f478a81/SelectorProducer@19553973/IDLE/p=true/QueuedThreadPool[qtp399373008]@17cdf2d0{STARTED,8<=8<=200,i=1,r=-1,q=0}[ReservedThreadExecutor@424fd310{reserved=1/8,pending=0}][pc=0,pic=0,pec=0,epc=5]@2024-05-02T01:46:23.621+01:00 ReservedThreadExecutor@424fd310{reserved=1/8,pending=0}
01:46:23.621 [qtp399373008-62] DEBUG org.eclipse.jetty.util.thread.strategy.EatWhatYouKill - EatWhatYouKill@f478a81/SelectorProducer@19553973/IDLE/p=true/QueuedThreadPool[qtp399373008]@17cdf2d0{STARTED,8<=8<=200,i=1,r=-1,q=0}[ReservedThreadExecutor@424fd310{reserved=1/8,pending=0}][pc=0,pic=0,pec=0,epc=5]@2024-05-02T01:46:23.621+01:00 m=EXECUTE_PRODUCE_CONSUME t=CEP:SocketChannelEndPoint@6de0d121{l=/127.0.0.1:33719,r=/127.0.0.1:51220,OPEN,fill=FI,flush=-,to=40/30000}{io=1/0,kio=1,kro=1}->SslConnection@45699934{NEED_UNWRAP,eio=-1/-1,di=-1,fill=INTERESTED,flush=IDLE}~>DecryptedEndPoint@3ad0f84e{l=/127.0.0.1:33719,r=/127.0.0.1:51220,OPEN,fill=FI,flush=-,to=40/30000}=>HttpConnection@1e8b422c[p=HttpParser{s=START,0 of -1},g=HttpGenerator@78c60b5f{s=START}]=>HttpChannelOverHttp@1ca09be9{s=HttpChannelState@5152529c{s=IDLE rs=BLOCKING os=OPEN is=IDLE awp=false se=false i=true al=0},r=0,c=false/false,a=IDLE,uri=null,age=0}:runFillable:BLOCKING/BLOCKING
01:46:23.621 [qtp399373008-61] DEBUG org.eclipse.jetty.util.thread.strategy.EatWhatYouKill - EatWhatYouKill@f478a81/SelectorProducer@19553973/IDLE/p=true/QueuedThreadPool[qtp399373008]@17cdf2d0{STARTED,8<=8<=200,i=1,r=-1,q=0}[ReservedThreadExecutor@424fd310{reserved=1/8,pending=0}][pc=0,pic=0,pec=0,epc=5]@2024-05-02T01:46:23.621+01:00 tryProduce true
01:46:23.622 [qtp399373008-61] DEBUG org.eclipse.jetty.io.ManagedSelector - updateable 0
01:46:23.622 [qtp399373008-61] DEBUG org.eclipse.jetty.io.ManagedSelector - updates 0
01:46:23.622 [qtp399373008-62] DEBUG org.eclipse.jetty.io.FillInterest - fillable FillInterest@5dfbecd8{SSLC.NBReadCB@45699934{SslConnection@45699934::SocketChannelEndPoint@6de0d121{l=/127.0.0.1:33719,r=/127.0.0.1:51220,OPEN,fill=FI,flush=-,to=40/30000}{io=1/0,kio=1,kro=1}->SslConnection@45699934{NEED_UNWRAP,eio=-1/-1,di=-1,fill=INTERESTED,flush=IDLE}~>DecryptedEndPoint@3ad0f84e{l=/127.0.0.1:33719,r=/127.0.0.1:51220,OPEN,fill=FI,flush=-,to=40/30000}=>HttpConnection@1e8b422c[p=HttpParser{s=START,0 of -1},g=HttpGenerator@78c60b5f{s=START}]=>HttpChannelOverHttp@1ca09be9{s=HttpChannelState@5152529c{s=IDLE rs=BLOCKING os=OPEN is=IDLE awp=false se=false i=true al=0},r=0,c=false/false,a=IDLE,uri=null,age=0}}}
01:46:23.622 [qtp399373008-61] DEBUG org.eclipse.jetty.io.ChannelEndPoint - Key interests updated 1 -> 0 on SocketChannelEndPoint@6de0d121{l=/127.0.0.1:33719,r=/127.0.0.1:51220,OPEN,fill=FI,flush=-,to=40/30000}{io=0/0,kio=0,kro=1}->SslConnection@45699934{NEED_UNWRAP,eio=-1/-1,di=-1,fill=INTERESTED,flush=IDLE}~>DecryptedEndPoint@3ad0f84e{l=/127.0.0.1:33719,r=/127.0.0.1:51220,OPEN,fill=FI,flush=-,to=40/30000}=>HttpConnection@1e8b422c[p=HttpParser{s=START,0 of -1},g=HttpGenerator@78c60b5f{s=START}]=>HttpChannelOverHttp@1ca09be9{s=HttpChannelState@5152529c{s=IDLE rs=BLOCKING os=OPEN is=IDLE awp=false se=false i=true al=0},r=0,c=false/false,a=IDLE,uri=null,age=0}
01:46:23.622 [qtp399373008-61] DEBUG org.eclipse.jetty.io.ManagedSelector - Selector sun.nio.ch.EPollSelectorImpl@63debfd6 waiting with 2 keys
01:46:23.622 [qtp399373008-62] DEBUG org.eclipse.jetty.io.ssl.SslConnection - >c.onFillable SslConnection@45699934::SocketChannelEndPoint@6de0d121{l=/127.0.0.1:33719,r=/127.0.0.1:51220,OPEN,fill=-,flush=-,to=40/30000}{io=0/0,kio=0,kro=1}->SslConnection@45699934{NEED_UNWRAP,eio=-1/-1,di=-1,fill=INTERESTED,flush=IDLE}~>DecryptedEndPoint@3ad0f84e{l=/127.0.0.1:33719,r=/127.0.0.1:51220,OPEN,fill=FI,flush=-,to=40/30000}=>HttpConnection@1e8b422c[p=HttpParser{s=START,0 of -1},g=HttpGenerator@78c60b5f{s=START}]=>HttpChannelOverHttp@1ca09be9{s=HttpChannelState@5152529c{s=IDLE rs=BLOCKING os=OPEN is=IDLE awp=false se=false i=true al=0},r=0,c=false/false,a=IDLE,uri=null,age=0}
01:46:23.622 [qtp399373008-62] DEBUG org.eclipse.jetty.io.ssl.SslConnection - onFillable SslConnection@45699934::SocketChannelEndPoint@6de0d121{l=/127.0.0.1:33719,r=/127.0.0.1:51220,OPEN,fill=-,flush=-,to=40/30000}{io=0/0,kio=0,kro=1}->SslConnection@45699934{NEED_UNWRAP,eio=-1/-1,di=-1,fill=INTERESTED,flush=IDLE}~>DecryptedEndPoint@3ad0f84e{l=/127.0.0.1:33719,r=/127.0.0.1:51220,OPEN,fill=FI,flush=-,to=40/30000}=>HttpConnection@1e8b422c[p=HttpParser{s=START,0 of -1},g=HttpGenerator@78c60b5f{s=START}]=>HttpChannelOverHttp@1ca09be9{s=HttpChannelState@5152529c{s=IDLE rs=BLOCKING os=OPEN is=IDLE awp=false se=false i=true al=0},r=0,c=false/false,a=IDLE,uri=null,age=0}
01:46:23.622 [qtp399373008-62] DEBUG org.eclipse.jetty.io.FillInterest - fillable FillInterest@3c18ac49{AC.ReadCB@1e8b422c{HttpConnection@1e8b422c::DecryptedEndPoint@3ad0f84e{l=/127.0.0.1:33719,r=/127.0.0.1:51220,OPEN,fill=FI,flush=-,to=40/30000}}}
01:46:23.622 [qtp399373008-62] DEBUG org.eclipse.jetty.server.HttpConnection - HttpConnection@1e8b422c::DecryptedEndPoint@3ad0f84e{l=/127.0.0.1:33719,r=/127.0.0.1:51220,OPEN,fill=-,flush=-,to=40/30000} onFillable enter HttpChannelState@5152529c{s=IDLE rs=BLOCKING os=OPEN is=IDLE awp=false se=false i=true al=0} null
01:46:23.622 [qtp399373008-62] DEBUG org.eclipse.jetty.io.ssl.SslConnection - >fill SslConnection@45699934::SocketChannelEndPoint@6de0d121{l=/127.0.0.1:33719,r=/127.0.0.1:51220,OPEN,fill=-,flush=-,to=40/30000}{io=0/0,kio=0,kro=1}->SslConnection@45699934{NEED_UNWRAP,eio=-1/-1,di=-1,fill=IDLE,flush=IDLE}~>DecryptedEndPoint@3ad0f84e{l=/127.0.0.1:33719,r=/127.0.0.1:51220,OPEN,fill=-,flush=-,to=41/30000}=>HttpConnection@1e8b422c[p=HttpParser{s=START,0 of -1},g=HttpGenerator@78c60b5f{s=START}]=>HttpChannelOverHttp@1ca09be9{s=HttpChannelState@5152529c{s=IDLE rs=BLOCKING os=OPEN is=IDLE awp=false se=false i=true al=0},r=0,c=false/false,a=IDLE,uri=null,age=0}
01:46:23.622 [qtp399373008-62] DEBUG org.eclipse.jetty.io.ssl.SslConnection - fill NEED_UNWRAP
01:46:23.622 [qtp399373008-62] DEBUG org.eclipse.jetty.io.ChannelEndPoint - filled 1501 HeapByteBuffer@21fcf254[p=0,l=1501,c=17408,r=1501]={<<<\x17\x03\x03\x03\xAd[\x17\xEe5\x98\x17M\x16U\x1f\xC8\xA9\\\x87A\xBa\xD7\xAb\xF2\xF4...l\xE8\xC4\x0e\xA6\x9d\x00law;\xD6\xD4~\x8b:\xF6l\xCf@\xE5]\x0f>>>\xD8\xDb\x87v\x1f\xF5\x88\xA5\xC3...\x00\x00\x00\x00\x00\x00\x00}
01:46:23.622 [qtp399373008-62] DEBUG org.eclipse.jetty.io.ssl.SslConnection - net filled=1501
01:46:23.623 [qtp399373008-62] DEBUG org.eclipse.jetty.io.ssl.SslConnection - unwrap net_filled=1501 Status = OK HandshakeStatus = NEED_TASK bytesConsumed = 946 bytesProduced = 0 encryptedBuffer=[p=946,l=1501,c=17408,r=555] unwrapBuffer=HeapByteBuffer@2f3b09c3[p=0,l=0,c=17408,r=0]={<<<>>>\x14\x03\x03\x00\x01\x01\xA8\xB5\xBc...\x00\x00\x00\x00\x00\x00\x00} appBuffer=HeapByteBuffer@2f3b09c3[p=0,l=0,c=17408,r=0]={<<<>>>\x14\x03\x03\x00\x01\x01\xA8\xB5\xBc...\x00\x00\x00\x00\x00\x00\x00}
01:46:23.623 [qtp399373008-62] DEBUG org.eclipse.jetty.io.ssl.SslConnection - fill NEED_TASK
01:46:23.623 [qtp399373008-62] DEBUG org.eclipse.jetty.io.ssl.SslConnection - fill NEED_UNWRAP
01:46:23.623 [qtp399373008-62] DEBUG org.eclipse.jetty.io.ChannelEndPoint - filled 0 HeapByteBuffer@21fcf254[p=946,l=1501,c=17408,r=555]={\x17\x03\x03\x03\xAd\x0b\x00\x03\x88...\xA9\xEaQ\xC5:\x81E<<<\x17\x03\x03\x01)\xBdA4\xF0\x00\x1fY\x1e#\x92\xA7m\xBb\x9a\xEcwe\x8c/\x1a...l\xE8\xC4\x0e\xA6\x9d\x00law;\xD6\xD4~\x8b:\xF6l\xCf@\xE5]\x0f>>>\xD8\xDb\x87v\x1f\xF5\x88\xA5\xC3...\x00\x00\x00\x00\x00\x00\x00}
01:46:23.623 [qtp399373008-62] DEBUG org.eclipse.jetty.io.ssl.SslConnection - net filled=0
01:46:23.623 [qtp399373008-62] DEBUG org.eclipse.jetty.io.ssl.SslConnection - unwrap net_filled=0 Status = OK HandshakeStatus = NEED_TASK bytesConsumed = 302 bytesProduced = 0 encryptedBuffer=[p=1248,l=1501,c=17408,r=253] unwrapBuffer=HeapByteBuffer@2f3b09c3[p=0,l=0,c=17408,r=0]={<<<>>>\x14\x03\x03\x00\x01\x01\xA8\xB5\xBc...\x00\x00\x00\x00\x00\x00\x00} appBuffer=HeapByteBuffer@2f3b09c3[p=0,l=0,c=17408,r=0]={<<<>>>\x14\x03\x03\x00\x01\x01\xA8\xB5\xBc...\x00\x00\x00\x00\x00\x00\x00}
01:46:23.623 [qtp399373008-62] DEBUG org.eclipse.jetty.io.ssl.SslConnection - fill NEED_TASK
01:46:23.623 [qtp399373008-62] DEBUG org.eclipse.jetty.io.ssl.SslConnection - fill NEED_UNWRAP
01:46:23.623 [qtp399373008-62] DEBUG org.eclipse.jetty.io.ChannelEndPoint - filled 0 HeapByteBuffer@21fcf254[p=1248,l=1501,c=17408,r=253]={\x17\x03\x03\x03\xAd\x0b\x00\x03\x88...cXY\x81h\xE2\x0f<<<\x17\x03\x03\x00U\x82o\x8e@\xA6\x11\xCf\x07\xF35\xFf\x1f\xD9\xD5\xF1\x9c]\xC2\xCe\x98...l\xE8\xC4\x0e\xA6\x9d\x00law;\xD6\xD4~\x8b:\xF6l\xCf@\xE5]\x0f>>>\xD8\xDb\x87v\x1f\xF5\x88\xA5\xC3...\x00\x00\x00\x00\x00\x00\x00}
01:46:23.624 [qtp399373008-62] DEBUG org.eclipse.jetty.io.ssl.SslConnection - net filled=0
01:46:23.624 [qtp399373008-62] DEBUG org.eclipse.jetty.io.ssl.SslConnection - unwrap net_filled=0 Status = OK HandshakeStatus = NEED_WRAP bytesConsumed = 90 bytesProduced = 0 encryptedBuffer=[p=1338,l=1501,c=17408,r=163] unwrapBuffer=HeapByteBuffer@2f3b09c3[p=0,l=0,c=17408,r=0]={<<<>>>\x14\x03\x03\x00\x01\x01\xA8\xB5\xBc...\x00\x00\x00\x00\x00\x00\x00} appBuffer=HeapByteBuffer@2f3b09c3[p=0,l=0,c=17408,r=0]={<<<>>>\x14\x03\x03\x00\x01\x01\xA8\xB5\xBc...\x00\x00\x00\x00\x00\x00\x00}
01:46:23.624 [qtp399373008-62] DEBUG org.eclipse.jetty.io.ssl.SslConnection - fill NEED_WRAP
01:46:23.624 [qtp399373008-62] DEBUG org.eclipse.jetty.io.ssl.SslConnection - >flush SslConnection@45699934::SocketChannelEndPoint@6de0d121{l=/127.0.0.1:33719,r=/127.0.0.1:51220,OPEN,fill=-,flush=-,to=1/30000}{io=0/0,kio=0,kro=1}->SslConnection@45699934{NEED_WRAP,eio=163/-1,di=-1,fill=IDLE,flush=IDLE}~>DecryptedEndPoint@3ad0f84e{l=/127.0.0.1:33719,r=/127.0.0.1:51220,OPEN,fill=-,flush=-,to=43/30000}=>HttpConnection@1e8b422c[p=HttpParser{s=START,0 of -1},g=HttpGenerator@78c60b5f{s=START}]=>HttpChannelOverHttp@1ca09be9{s=HttpChannelState@5152529c{s=IDLE rs=BLOCKING os=OPEN is=IDLE awp=false se=false i=true al=0},r=0,c=false/false,a=IDLE,uri=null,age=0}
01:46:23.624 [qtp399373008-62] DEBUG org.eclipse.jetty.io.ssl.SslConnection - flush b[0]=HeapByteBuffer@98da274[p=0,l=0,c=0,r=0]={<<<>>>}
01:46:23.624 [qtp399373008-62] DEBUG org.eclipse.jetty.io.ssl.SslConnection - flush NEED_WRAP
01:46:23.625 [qtp399373008-62] DEBUG org.eclipse.jetty.io.ssl.SslConnection - wrap Status = OK HandshakeStatus = FINISHED bytesConsumed = 0 bytesProduced = 88 [p=0,l=88,c=17408,r=88] ioDone=false/false
01:46:23.625 [qtp399373008-62] DEBUG org.eclipse.jetty.io.ChannelEndPoint - flushed 88 SocketChannelEndPoint@6de0d121{l=/127.0.0.1:33719,r=/127.0.0.1:51220,OPEN,fill=-,flush=-,to=2/30000}{io=0/0,kio=0,kro=1}->SslConnection@45699934{NOT_HANDSHAKING,eio=163/0,di=-1,fill=IDLE,flush=IDLE}~>DecryptedEndPoint@3ad0f84e{l=/127.0.0.1:33719,r=/127.0.0.1:51220,OPEN,fill=-,flush=-,to=43/30000}=>HttpConnection@1e8b422c[p=HttpParser{s=START,0 of -1},g=HttpGenerator@78c60b5f{s=START}]=>HttpChannelOverHttp@1ca09be9{s=HttpChannelState@5152529c{s=IDLE rs=BLOCKING os=OPEN is=IDLE awp=false se=false i=true al=0},r=0,c=false/false,a=IDLE,uri=null,age=0}
01:46:23.625 [qtp399373008-62] DEBUG org.eclipse.jetty.io.ssl.SslConnection - net flushed=true, ac=true
01:46:23.625 [qtp399373008-62] DEBUG org.eclipse.jetty.io.ssl.SslConnection - handshake succeeded SslConnection@45699934::SocketChannelEndPoint@6de0d121{l=/127.0.0.1:33719,r=/127.0.0.1:51220,OPEN,fill=-,flush=-,to=0/30000}{io=0/0,kio=0,kro=1}->SslConnection@45699934{NOT_HANDSHAKING,eio=163/0,di=-1,fill=IDLE,flush=IDLE}~>DecryptedEndPoint@3ad0f84e{l=/127.0.0.1:33719,r=/127.0.0.1:51220,OPEN,fill=-,flush=-,to=43/30000}=>HttpConnection@1e8b422c[p=HttpParser{s=START,0 of -1},g=HttpGenerator@78c60b5f{s=START}]=>HttpChannelOverHttp@1ca09be9{s=HttpChannelState@5152529c{s=IDLE rs=BLOCKING os=OPEN is=IDLE awp=false se=false i=true al=0},r=0,c=false/false,a=IDLE,uri=null,age=0} resumed server TLSv1.3/TLS_AES_256_GCM_SHA384
01:46:23.625 [qtp399373008-62] DEBUG org.eclipse.jetty.io.ssl.SslConnection - <flush true SslConnection@45699934::SocketChannelEndPoint@6de0d121{l=/127.0.0.1:33719,r=/127.0.0.1:51220,OPEN,fill=-,flush=-,to=0/30000}{io=0/0,kio=0,kro=1}->SslConnection@45699934{NOT_HANDSHAKING,eio=163/-1,di=-1,fill=IDLE,flush=IDLE}~>DecryptedEndPoint@3ad0f84e{l=/127.0.0.1:33719,r=/127.0.0.1:51220,OPEN,fill=-,flush=-,to=43/30000}=>HttpConnection@1e8b422c[p=HttpParser{s=START,0 of -1},g=HttpGenerator@78c60b5f{s=START}]=>HttpChannelOverHttp@1ca09be9{s=HttpChannelState@5152529c{s=IDLE rs=BLOCKING os=OPEN is=IDLE awp=false se=false i=true al=0},r=0,c=false/false,a=IDLE,uri=null,age=0}
01:46:23.625 [qtp399373008-62] DEBUG org.eclipse.jetty.io.ssl.SslConnection - fill NOT_HANDSHAKING
01:46:23.625 [qtp399373008-62] DEBUG org.eclipse.jetty.io.ChannelEndPoint - filled 0 HeapByteBuffer@21fcf254[p=1338,l=1501,c=17408,r=163]={\x17\x03\x03\x03\xAd\x0b\x00\x03\x88...QBFE\xE9\x03\x9c<<<\x17\x03\x03\x00\x9e\xFb\xFa\x89\x92\x17\xA8\x95\xCf\xC8X\t\xC9T\xFa\xAb\x83e\xAf\x04\x9a...l\xE8\xC4\x0e\xA6\x9d\x00law;\xD6\xD4~\x8b:\xF6l\xCf@\xE5]\x0f>>>\xD8\xDb\x87v\x1f\xF5\x88\xA5\xC3...\x00\x00\x00\x00\x00\x00\x00}
01:46:23.625 [qtp399373008-62] DEBUG org.eclipse.jetty.io.ssl.SslConnection - net filled=0
01:46:23.625 [qtp399373008-62] DEBUG org.eclipse.jetty.io.ssl.SslConnection - unwrap net_filled=0 Status = OK HandshakeStatus = NOT_HANDSHAKING bytesConsumed = 163 bytesProduced = 125 encryptedBuffer=[p=1501,l=1501,c=17408,r=0] unwrapBuffer=HeapByteBuffer@2f3b09c3[p=0,l=125,c=17408,r=125]={<<<GET /config.yml HTTP/1.1\r...gent: okhttp/3.12.3\r\n\r\n>>>~?\x1f\x85q\xFa\xEd\xF8\t...\x00\x00\x00\x00\x00\x00\x00} appBuffer=HeapByteBuffer@2f3b09c3[p=0,l=125,c=17408,r=125]={<<<GET /config.yml HTTP/1.1\r...gent: okhttp/3.12.3\r\n\r\n>>>~?\x1f\x85q\xFa\xEd\xF8\t...\x00\x00\x00\x00\x00\x00\x00}
01:46:23.626 [qtp399373008-62] DEBUG org.eclipse.jetty.io.ssl.SslConnection - <fill f=125 uf=false SslConnection@45699934::SocketChannelEndPoint@6de0d121{l=/127.0.0.1:33719,r=/127.0.0.1:51220,OPEN,fill=-,flush=-,to=0/30000}{io=0/0,kio=0,kro=1}->SslConnection@45699934{NOT_HANDSHAKING,eio=-1/-1,di=-1,fill=IDLE,flush=IDLE}~>DecryptedEndPoint@3ad0f84e{l=/127.0.0.1:33719,r=/127.0.0.1:51220,OPEN,fill=-,flush=-,to=44/30000}=>HttpConnection@1e8b422c[p=HttpParser{s=START,0 of -1},g=HttpGenerator@78c60b5f{s=START}]=>HttpChannelOverHttp@1ca09be9{s=HttpChannelState@5152529c{s=IDLE rs=BLOCKING os=OPEN is=IDLE awp=false se=false i=true al=0},r=0,c=false/false,a=IDLE,uri=null,age=0}
01:46:23.626 [qtp399373008-62] DEBUG org.eclipse.jetty.server.HttpConnection - HttpConnection@1e8b422c::DecryptedEndPoint@3ad0f84e{l=/127.0.0.1:33719,r=/127.0.0.1:51220,OPEN,fill=-,flush=-,to=44/30000} filled 125 HeapByteBuffer@2f3b09c3[p=0,l=125,c=17408,r=125]={<<<GET /config.yml HTTP/1.1\r...gent: okhttp/3.12.3\r\n\r\n>>>~?\x1f\x85q\xFa\xEd\xF8\t...\x00\x00\x00\x00\x00\x00\x00}
01:46:23.626 [qtp399373008-62] DEBUG org.eclipse.jetty.server.HttpConnection - HttpConnection@1e8b422c::DecryptedEndPoint@3ad0f84e{l=/127.0.0.1:33719,r=/127.0.0.1:51220,OPEN,fill=-,flush=-,to=44/30000} parse HeapByteBuffer@2f3b09c3[p=0,l=125,c=17408,r=125]={<<<GET /config.yml HTTP/1.1\r...gent: okhttp/3.12.3\r\n\r\n>>>~?\x1f\x85q\xFa\xEd\xF8\t...\x00\x00\x00\x00\x00\x00\x00} {}
01:46:23.626 [qtp399373008-62] DEBUG org.eclipse.jetty.http.HttpParser - parseNext s=START HeapByteBuffer@2f3b09c3[p=0,l=125,c=17408,r=125]={<<<GET /config.yml HTTP/1.1\r...gent: okhttp/3.12.3\r\n\r\n>>>~?\x1f\x85q\xFa\xEd\xF8\t...\x00\x00\x00\x00\x00\x00\x00}
01:46:23.626 [qtp399373008-62] DEBUG org.eclipse.jetty.http.HttpParser - START --> SPACE1
01:46:23.626 [qtp399373008-62] DEBUG org.eclipse.jetty.http.HttpParser - SPACE1 --> URI
01:46:23.626 [qtp399373008-62] DEBUG org.eclipse.jetty.http.HttpParser - URI --> SPACE2
01:46:23.626 [qtp399373008-62] DEBUG org.eclipse.jetty.http.HttpParser - SPACE2 --> REQUEST_VERSION
01:46:23.626 [qtp399373008-62] DEBUG org.eclipse.jetty.http.HttpParser - REQUEST_VERSION --> HEADER
01:46:23.626 [qtp399373008-62] DEBUG org.eclipse.jetty.http.HttpParser - HEADER:Host --> VALUE
01:46:23.626 [qtp399373008-62] DEBUG org.eclipse.jetty.http.HttpParser - HEADER:Host --> IN_VALUE
01:46:23.626 [qtp399373008-62] DEBUG org.eclipse.jetty.http.HttpParser - HEADER:Host --> FIELD
01:46:23.626 [qtp399373008-62] DEBUG org.eclipse.jetty.http.HttpParser - HEADER:Connection: keep-alive --> IN_VALUE
01:46:23.626 [qtp399373008-62] DEBUG org.eclipse.jetty.http.HttpParser - HEADER:Connection: keep-alive --> FIELD
01:46:23.626 [qtp399373008-62] DEBUG org.eclipse.jetty.http.HttpParser - HEADER:Accept-Encoding: gzip --> IN_VALUE
01:46:23.626 [qtp399373008-62] DEBUG org.eclipse.jetty.http.HttpParser - HEADER:Accept-Encoding: gzip --> FIELD
01:46:23.626 [qtp399373008-62] DEBUG org.eclipse.jetty.http.HttpParser - HEADER:User-Agent --> VALUE
01:46:23.626 [qtp399373008-62] DEBUG org.eclipse.jetty.http.HttpParser - HEADER:User-Agent --> IN_VALUE
01:46:23.626 [qtp399373008-62] DEBUG org.eclipse.jetty.http.HttpParser - HEADER:User-Agent --> FIELD
01:46:23.626 [qtp399373008-62] DEBUG org.eclipse.jetty.http.HttpParser - HEADER --> CONTENT
01:46:23.626 [qtp399373008-62] DEBUG org.eclipse.jetty.server.HttpChannel - REQUEST for //localhost:33719/config.yml on HttpChannelOverHttp@1ca09be9{s=HttpChannelState@5152529c{s=IDLE rs=BLOCKING os=OPEN is=IDLE awp=false se=false i=true al=0},r=1,c=false/false,a=IDLE,uri=//localhost:33719/config.yml,age=0}
GET //localhost:33719/config.yml HTTP/1.1
Host: localhost:33719
Connection: keep-alive
Accept-Encoding: gzip
User-Agent: okhttp/3.12.3


01:46:23.626 [qtp399373008-62] DEBUG org.eclipse.jetty.server.HttpConnection - HttpConnection@1e8b422c::DecryptedEndPoint@3ad0f84e{l=/127.0.0.1:33719,r=/127.0.0.1:51220,OPEN,fill=-,flush=-,to=45/30000} parsed true HttpParser{s=CONTENT,0 of -1}
01:46:23.626 [qtp399373008-62] DEBUG org.eclipse.jetty.server.HttpConnection - releaseRequestBuffer HttpConnection@1e8b422c::DecryptedEndPoint@3ad0f84e{l=/127.0.0.1:33719,r=/127.0.0.1:51220,OPEN,fill=-,flush=-,to=45/30000}
01:46:23.626 [qtp399373008-62] DEBUG org.eclipse.jetty.server.HttpChannel - handle //localhost:33719/config.yml HttpChannelOverHttp@1ca09be9{s=HttpChannelState@5152529c{s=IDLE rs=BLOCKING os=OPEN is=IDLE awp=false se=false i=true al=0},r=1,c=false/false,a=IDLE,uri=//localhost:33719/config.yml,age=0} 
01:46:23.626 [qtp399373008-62] DEBUG org.eclipse.jetty.server.HttpChannelState - handling HttpChannelState@5152529c{s=IDLE rs=BLOCKING os=OPEN is=IDLE awp=false se=false i=true al=0}
01:46:23.626 [qtp399373008-62] DEBUG org.eclipse.jetty.server.HttpChannel - action DISPATCH HttpChannelOverHttp@1ca09be9{s=HttpChannelState@5152529c{s=HANDLING rs=BLOCKING os=OPEN is=IDLE awp=false se=false i=true al=0},r=1,c=false/false,a=HANDLING,uri=//localhost:33719/config.yml,age=0}
01:46:23.626 [qtp399373008-62] DEBUG org.eclipse.jetty.server.SecureRequestCustomizer - Host localhost with SNI null
01:46:23.626 [qtp399373008-62] DEBUG org.eclipse.jetty.server.Server - REQUEST GET /config.yml on HttpChannelOverHttp@1ca09be9{s=HttpChannelState@5152529c{s=HANDLING rs=BLOCKING os=OPEN is=IDLE awp=false se=false i=true al=0},r=1,c=false/false,a=HANDLING,uri=https://localhost:33719/config.yml,age=0}
01:46:23.627 [qtp399373008-62] DEBUG org.eclipse.jetty.server.HttpOutput - write(array HeapByteBuffer@a843f47[p=0,l=4,c=512,r=4]={<<<path>>>\x00\x00\x00\x00\x00\x00\x00\x00\x00...\x00\x00\x00\x00\x00\x00\x00})
01:46:23.627 [qtp399373008-62] DEBUG org.eclipse.jetty.server.HttpOutput - write(array) s=CLOSING,api=BLOCKED,sc=false,e=null last=true agg=false flush=true async=false, len=4 null
01:46:23.627 [qtp399373008-62] DEBUG org.eclipse.jetty.server.HttpChannel - sendResponse info=null content=HeapByteBuffer@c822a94[p=0,l=4,c=512,r=4]={<<<path>>>\x00\x00\x00\x00\x00\x00\x00\x00\x00...\x00\x00\x00\x00\x00\x00\x00} complete=true committing=true callback=Blocker@43ed4f4e{null}
01:46:23.627 [qtp399373008-62] DEBUG org.eclipse.jetty.server.HttpChannel - COMMIT for /config.yml on HttpChannelOverHttp@1ca09be9{s=HttpChannelState@5152529c{s=HANDLING rs=BLOCKING os=COMMITTED is=IDLE awp=false se=false i=true al=0},r=1,c=false/false,a=HANDLING,uri=https://localhost:33719/config.yml,age=1}
200 null HTTP/1.1
Date: Thu, 02 May 2024 00:46:23 GMT
ETag: testEtag
Content-Type: text/plain;charset=utf-8
Content-Length: 4


01:46:23.627 [qtp399373008-62] DEBUG org.eclipse.jetty.server.HttpConnection - generate: NEED_HEADER for SendCallback@6a33e118[PROCESSING][i=HTTP/1.1{s=200,h=4,cl=4},cb=org.eclipse.jetty.server.HttpChannel$SendCallback@4166951e] (null,[p=0,l=4,c=512,r=4],true)@START
01:46:23.627 [qtp399373008-62] DEBUG org.eclipse.jetty.http.HttpGenerator - generateHeaders HTTP/1.1{s=200,h=4,cl=4} last=true content=HeapByteBuffer@c822a94[p=0,l=4,c=512,r=4]={<<<path>>>\x00\x00\x00\x00\x00\x00\x00\x00\x00...\x00\x00\x00\x00\x00\x00\x00}
01:46:23.627 [qtp399373008-62] DEBUG org.eclipse.jetty.http.HttpGenerator - Date: Thu, 02 May 2024 00:46:23 GMT
ETag: testEtag
Content-Type: text/plain;charset=utf-8
Content-Length: 4


01:46:23.627 [qtp399373008-62] DEBUG org.eclipse.jetty.http.HttpGenerator - CONTENT_LENGTH
01:46:23.627 [qtp399373008-62] DEBUG org.eclipse.jetty.server.HttpConnection - generate: FLUSH for SendCallback@6a33e118[PROCESSING][i=HTTP/1.1{s=200,h=4,cl=4},cb=org.eclipse.jetty.server.HttpChannel$SendCallback@4166951e] ([p=0,l=164,c=8192,r=164],[p=0,l=4,c=512,r=4],true)@COMPLETING
01:46:23.627 [qtp399373008-62] DEBUG org.eclipse.jetty.io.WriteFlusher - write: WriteFlusher@5cadc12c{IDLE}->null [HeapByteBuffer@eac4508[p=0,l=164,c=8192,r=164]={<<<HTTP/1.1 200 OK\r\nDate: Th...y(9.4.44.v20210927)\r\n\r\n>>>\n\r\n\x00\x00\x00\x00\x00\x00...\x00\x00\x00\x00\x00\x00\x00},HeapByteBuffer@c822a94[p=0,l=4,c=512,r=4]={<<<path>>>\x00\x00\x00\x00\x00\x00\x00\x00\x00...\x00\x00\x00\x00\x00\x00\x00}]
01:46:23.627 [qtp399373008-62] DEBUG org.eclipse.jetty.io.WriteFlusher - update WriteFlusher@5cadc12c{WRITING}->null:IDLE-->WRITING
01:46:23.627 [qtp399373008-62] DEBUG org.eclipse.jetty.io.ssl.SslConnection - >flush SslConnection@45699934::SocketChannelEndPoint@6de0d121{l=/127.0.0.1:33719,r=/127.0.0.1:51220,OPEN,fill=-,flush=-,to=2/30000}{io=0/0,kio=0,kro=1}->SslConnection@45699934{NOT_HANDSHAKING,eio=-1/-1,di=-1,fill=IDLE,flush=IDLE}~>DecryptedEndPoint@3ad0f84e{l=/127.0.0.1:33719,r=/127.0.0.1:51220,OPEN,fill=-,flush=W,to=45/30000}=>HttpConnection@1e8b422c[p=HttpParser{s=CONTENT,0 of -1},g=HttpGenerator@78c60b5f{s=COMPLETING}]=>HttpChannelOverHttp@1ca09be9{s=HttpChannelState@5152529c{s=HANDLING rs=BLOCKING os=COMMITTED is=IDLE awp=false se=false i=true al=0},r=1,c=false/false,a=HANDLING,uri=https://localhost:33719/config.yml,age=1}
01:46:23.627 [qtp399373008-62] DEBUG org.eclipse.jetty.io.ssl.SslConnection - flush b[0]=HeapByteBuffer@eac4508[p=0,l=164,c=8192,r=164]={<<<HTTP/1.1 200 OK\r\nDate: Th...y(9.4.44.v20210927)\r\n\r\n>>>\n\r\n\x00\x00\x00\x00\x00\x00...\x00\x00\x00\x00\x00\x00\x00}
01:46:23.627 [qtp399373008-62] DEBUG org.eclipse.jetty.io.ssl.SslConnection - flush b[1]=HeapByteBuffer@c822a94[p=0,l=4,c=512,r=4]={<<<path>>>\x00\x00\x00\x00\x00\x00\x00\x00\x00...\x00\x00\x00\x00\x00\x00\x00}
01:46:23.627 [qtp399373008-62] DEBUG org.eclipse.jetty.io.ssl.SslConnection - flush NOT_HANDSHAKING
01:46:23.627 [qtp399373008-62] DEBUG org.eclipse.jetty.io.ssl.SslConnection - wrap Status = OK HandshakeStatus = NOT_HANDSHAKING bytesConsumed = 168 bytesProduced = 206 [p=0,l=206,c=17408,r=206] ioDone=false/false
01:46:23.627 [qtp399373008-62] DEBUG org.eclipse.jetty.io.ChannelEndPoint - flushed 206 SocketChannelEndPoint@6de0d121{l=/127.0.0.1:33719,r=/127.0.0.1:51220,OPEN,fill=-,flush=-,to=2/30000}{io=0/0,kio=0,kro=1}->SslConnection@45699934{NOT_HANDSHAKING,eio=-1/0,di=-1,fill=IDLE,flush=IDLE}~>DecryptedEndPoint@3ad0f84e{l=/127.0.0.1:33719,r=/127.0.0.1:51220,OPEN,fill=-,flush=W,to=46/30000}=>HttpConnection@1e8b422c[p=HttpParser{s=CONTENT,0 of -1},g=HttpGenerator@78c60b5f{s=COMPLETING}]=>HttpChannelOverHttp@1ca09be9{s=HttpChannelState@5152529c{s=HANDLING rs=BLOCKING os=COMMITTED is=IDLE awp=false se=false i=true al=0},r=1,c=false/false,a=HANDLING,uri=https://localhost:33719/config.yml,age=1}
01:46:23.627 [qtp399373008-62] DEBUG org.eclipse.jetty.io.ssl.SslConnection - net flushed=true, ac=true
01:46:23.628 [qtp399373008-62] DEBUG org.eclipse.jetty.io.ssl.SslConnection - <flush true SslConnection@45699934::SocketChannelEndPoint@6de0d121{l=/127.0.0.1:33719,r=/127.0.0.1:51220,OPEN,fill=-,flush=-,to=0/30000}{io=0/0,kio=0,kro=1}->SslConnection@45699934{NOT_HANDSHAKING,eio=-1/-1,di=-1,fill=IDLE,flush=IDLE}~>DecryptedEndPoint@3ad0f84e{l=/127.0.0.1:33719,r=/127.0.0.1:51220,OPEN,fill=-,flush=W,to=46/30000}=>HttpConnection@1e8b422c[p=HttpParser{s=CONTENT,0 of -1},g=HttpGenerator@78c60b5f{s=COMPLETING}]=>HttpChannelOverHttp@1ca09be9{s=HttpChannelState@5152529c{s=HANDLING rs=BLOCKING os=COMMITTED is=IDLE awp=false se=false i=true al=0},r=1,c=false/false,a=HANDLING,uri=https://localhost:33719/config.yml,age=2}
01:46:23.628 [qtp399373008-62] DEBUG org.eclipse.jetty.io.WriteFlusher - Flushed=true written=168 remaining=0 WriteFlusher@5cadc12c{WRITING}->null
01:46:23.628 [main] DEBUG org.apache.nifi.minifi.bootstrap.configuration.ingestors.PullHttpChangeIngestor - Response received: Response{protocol=http/1.1, code=200, message=OK, url=https://localhost:33719/config.yml}
01:46:23.628 [qtp399373008-62] DEBUG org.eclipse.jetty.io.WriteFlusher - update WriteFlusher@5cadc12c{IDLE}->null:WRITING-->IDLE
01:46:23.628 [qtp399373008-62] DEBUG org.eclipse.jetty.server.HttpConnection - generate: DONE for SendCallback@6a33e118[PROCESSING][i=HTTP/1.1{s=200,h=4,cl=4},cb=org.eclipse.jetty.server.HttpChannel$SendCallback@4166951e] ([p=164,l=164,c=8192,r=0],[p=4,l=4,c=512,r=0],true)@END
01:46:23.628 [qtp399373008-62] DEBUG org.eclipse.jetty.server.HttpOutput - onWriteComplete(true,null) s=CLOSING,api=BLOCKED,sc=false,e=null->s=CLOSED,api=BLOCKING,sc=false,e=null c=null cb=null w=false
01:46:23.628 [qtp399373008-62] DEBUG org.eclipse.jetty.server.HttpOutput - close() s=CLOSED,api=BLOCKING,sc=false,e=null c=null b=null
01:46:23.628 [main] DEBUG org.apache.nifi.minifi.bootstrap.configuration.ingestors.PullHttpChangeIngestor - Pulled config same as currently running.
01:46:23.628 [qtp399373008-62] DEBUG org.eclipse.jetty.server.Server - handled=true async=false committed=true on HttpChannelOverHttp@1ca09be9{s=HttpChannelState@5152529c{s=HANDLING rs=BLOCKING os=COMPLETED is=IDLE awp=false se=false i=true al=0},r=1,c=false/true,a=HANDLING,uri=https://localhost:33719/config.yml,age=2}
01:46:23.628 [qtp399373008-62] DEBUG org.eclipse.jetty.server.HttpChannelState - unhandle HttpChannelState@5152529c{s=HANDLING rs=BLOCKING os=COMPLETED is=IDLE awp=false se=false i=true al=0}
01:46:23.628 [qtp399373008-62] DEBUG org.eclipse.jetty.server.HttpChannelState - nextAction(false) COMPLETE HttpChannelState@5152529c{s=HANDLING rs=COMPLETING os=COMPLETED is=IDLE awp=false se=false i=false al=0}
01:46:23.628 [qtp399373008-62] DEBUG org.eclipse.jetty.server.HttpChannel - action COMPLETE HttpChannelOverHttp@1ca09be9{s=HttpChannelState@5152529c{s=HANDLING rs=COMPLETING os=COMPLETED is=IDLE awp=false se=false i=false al=0},r=1,c=false/true,a=HANDLING,uri=https://localhost:33719/config.yml,age=2}
01:46:23.628 [qtp399373008-62] DEBUG org.eclipse.jetty.server.HttpOutput - complete(org.eclipse.jetty.util.Callback$3@759362c8) s=CLOSED,api=BLOCKING,sc=false,e=null s=true e=null, c=null
01:46:23.628 [qtp399373008-62] DEBUG org.eclipse.jetty.server.HttpChannelState - completed HttpChannelState@5152529c{s=HANDLING rs=COMPLETING os=COMPLETED is=IDLE awp=false se=false i=false al=0}
01:46:23.628 [qtp399373008-62] DEBUG org.eclipse.jetty.server.HttpChannelState - unhandle HttpChannelState@5152529c{s=HANDLING rs=COMPLETED os=COMPLETED is=IDLE awp=false se=false i=false al=0}
01:46:23.628 [qtp399373008-62] DEBUG org.eclipse.jetty.server.HttpChannelState - nextAction(false) TERMINATED HttpChannelState@5152529c{s=IDLE rs=COMPLETED os=COMPLETED is=IDLE awp=false se=false i=false al=0}
01:46:23.628 [qtp399373008-62] DEBUG org.eclipse.jetty.server.HttpChannel - action TERMINATED HttpChannelOverHttp@1ca09be9{s=HttpChannelState@5152529c{s=IDLE rs=COMPLETED os=COMPLETED is=IDLE awp=false se=false i=false al=0},r=1,c=true/true,a=IDLE,uri=https://localhost:33719/config.yml,age=2}
]]></system-out>
  </testcase>
</testsuite>