<?xml version="1.0" encoding="UTF-8"?>
<testsuite xmlns:xsi="http://www.w3.org/2001/XMLSchema-instance" xsi:noNamespaceSchemaLocation="https://maven.apache.org/surefire/maven-surefire-plugin/xsd/surefire-test-report-3.0.xsd" version="3.0" name="org.apache.nifi.processors.hadoop.TestCreateHadoopSequenceFile" time="0.542" tests="9" errors="0" skipped="0" failures="0">
  <properties>
    <property name="sun.desktop" value="gnome"/>
    <property name="awt.toolkit" value="sun.awt.X11.XToolkit"/>
    <property name="file.encoding.pkg" value="sun.io"/>
    <property name="java.specification.version" value="1.8"/>
    <property name="sun.cpu.isalist" value=""/>
    <property name="sun.jnu.encoding" value="UTF-8"/>
    <property name="java.class.path" value="/home/alex/Repositories/nifi/nifi-nar-bundles/nifi-hadoop-bundle/nifi-hdfs-processors/target/test-classes:/home/alex/Repositories/nifi/nifi-nar-bundles/nifi-hadoop-bundle/nifi-hdfs-processors/target/classes:/home/alex/Repositories/nifi/nifi-api/target/classes:/home/alex/Repositories/nifi/nifi-commons/nifi-utils/target/classes:/home/alex/Repositories/nifi/nifi-nar-bundles/nifi-extension-utils/nifi-hadoop-utils/target/classes:/home/alex/Repositories/nifi/nifi-commons/nifi-security-kerberos/target/classes:/home/alex/Repositories/nifi/nifi-commons/nifi-security-kerberos-api/target/classes:/home/alex/.m2/repository/org/apache/commons/commons-lang3/3.9/commons-lang3-3.9.jar:/home/alex/Repositories/nifi/nifi-commons/nifi-flowfile-packager/target/classes:/home/alex/.m2/repository/org/apache/commons/commons-compress/1.21/commons-compress-1.21.jar:/home/alex/.m2/repository/org/apache/commons/commons-text/1.8/commons-text-1.8.jar:/home/alex/.m2/repository/org/apache/hadoop/hadoop-common/3.3.0/hadoop-common-3.3.0.jar:/home/alex/.m2/repository/org/apache/hadoop/thirdparty/hadoop-shaded-protobuf_3_7/1.0.0/hadoop-shaded-protobuf_3_7-1.0.0.jar:/home/alex/.m2/repository/org/apache/hadoop/hadoop-annotations/3.3.0/hadoop-annotations-3.3.0.jar:/usr/lib/jvm/java-8-openjdk-amd64/jre/../lib/tools.jar:/home/alex/.m2/repository/com/google/guava/guava/27.0-jre/guava-27.0-jre.jar:/home/alex/.m2/repository/com/google/guava/failureaccess/1.0/failureaccess-1.0.jar:/home/alex/.m2/repository/com/google/guava/listenablefuture/9999.0-empty-to-avoid-conflict-with-guava/listenablefuture-9999.0-empty-to-avoid-conflict-with-guava.jar:/home/alex/.m2/repository/com/google/j2objc/j2objc-annotations/1.1/j2objc-annotations-1.1.jar:/home/alex/.m2/repository/org/codehaus/mojo/animal-sniffer-annotations/1.17/animal-sniffer-annotations-1.17.jar:/home/alex/.m2/repository/commons-cli/commons-cli/1.2/commons-cli-1.2.jar:/home/alex/.m2/repository/org/apache/commons/commons-math3/3.1.1/commons-math3-3.1.1.jar:/home/alex/.m2/repository/org/apache/httpcomponents/httpclient/4.5.6/httpclient-4.5.6.jar:/home/alex/.m2/repository/org/apache/httpcomponents/httpcore/4.4.10/httpcore-4.4.10.jar:/home/alex/.m2/repository/commons-codec/commons-codec/1.11/commons-codec-1.11.jar:/home/alex/.m2/repository/commons-net/commons-net/3.6/commons-net-3.6.jar:/home/alex/.m2/repository/commons-collections/commons-collections/3.2.2/commons-collections-3.2.2.jar:/home/alex/.m2/repository/javax/servlet/javax.servlet-api/3.1.0/javax.servlet-api-3.1.0.jar:/home/alex/.m2/repository/javax/activation/javax.activation-api/1.2.0/javax.activation-api-1.2.0.jar:/home/alex/.m2/repository/org/eclipse/jetty/jetty-server/9.4.44.v20210927/jetty-server-9.4.44.v20210927.jar:/home/alex/.m2/repository/org/eclipse/jetty/jetty-http/9.4.44.v20210927/jetty-http-9.4.44.v20210927.jar:/home/alex/.m2/repository/org/eclipse/jetty/jetty-io/9.4.44.v20210927/jetty-io-9.4.44.v20210927.jar:/home/alex/.m2/repository/org/eclipse/jetty/jetty-util/9.4.44.v20210927/jetty-util-9.4.44.v20210927.jar:/home/alex/.m2/repository/org/eclipse/jetty/jetty-servlet/9.4.44.v20210927/jetty-servlet-9.4.44.v20210927.jar:/home/alex/.m2/repository/org/eclipse/jetty/jetty-security/9.4.44.v20210927/jetty-security-9.4.44.v20210927.jar:/home/alex/.m2/repository/org/eclipse/jetty/jetty-webapp/9.4.44.v20210927/jetty-webapp-9.4.44.v20210927.jar:/home/alex/.m2/repository/org/eclipse/jetty/jetty-xml/9.4.44.v20210927/jetty-xml-9.4.44.v20210927.jar:/home/alex/.m2/repository/javax/servlet/jsp/jsp-api/2.1/jsp-api-2.1.jar:/home/alex/.m2/repository/com/sun/jersey/jersey-core/1.19/jersey-core-1.19.jar:/home/alex/.m2/repository/javax/ws/rs/jsr311-api/1.1.1/jsr311-api-1.1.1.jar:/home/alex/.m2/repository/com/sun/jersey/jersey-servlet/1.19/jersey-servlet-1.19.jar:/home/alex/.m2/repository/com/sun/jersey/jersey-json/1.19/jersey-json-1.19.jar:/home/alex/.m2/repository/org/codehaus/jettison/jettison/1.1/jettison-1.1.jar:/home/alex/.m2/repository/com/sun/xml/bind/jaxb-impl/2.2.3-1/jaxb-impl-2.2.3-1.jar:/home/alex/.m2/repository/javax/xml/bind/jaxb-api/2.2.2/jaxb-api-2.2.2.jar:/home/alex/.m2/repository/javax/xml/stream/stax-api/1.0-2/stax-api-1.0-2.jar:/home/alex/.m2/repository/javax/activation/activation/1.1/activation-1.1.jar:/home/alex/.m2/repository/org/codehaus/jackson/jackson-core-asl/1.9.2/jackson-core-asl-1.9.2.jar:/home/alex/.m2/repository/org/codehaus/jackson/jackson-mapper-asl/1.9.2/jackson-mapper-asl-1.9.2.jar:/home/alex/.m2/repository/org/codehaus/jackson/jackson-jaxrs/1.9.2/jackson-jaxrs-1.9.2.jar:/home/alex/.m2/repository/org/codehaus/jackson/jackson-xc/1.9.2/jackson-xc-1.9.2.jar:/home/alex/.m2/repository/com/sun/jersey/jersey-server/1.19/jersey-server-1.19.jar:/home/alex/.m2/repository/commons-logging/commons-logging/1.1.3/commons-logging-1.1.3.jar:/home/alex/.m2/repository/commons-beanutils/commons-beanutils/1.9.4/commons-beanutils-1.9.4.jar:/home/alex/.m2/repository/org/apache/commons/commons-configuration2/2.1.1/commons-configuration2-2.1.1.jar:/home/alex/.m2/repository/org/slf4j/slf4j-api/1.7.32/slf4j-api-1.7.32.jar:/home/alex/.m2/repository/org/apache/avro/avro/1.7.7/avro-1.7.7.jar:/home/alex/.m2/repository/com/thoughtworks/paranamer/paranamer/2.3/paranamer-2.3.jar:/home/alex/.m2/repository/org/xerial/snappy/snappy-java/1.0.5/snappy-java-1.0.5.jar:/home/alex/.m2/repository/com/google/re2j/re2j/1.1/re2j-1.1.jar:/home/alex/.m2/repository/com/google/protobuf/protobuf-java/2.5.0/protobuf-java-2.5.0.jar:/home/alex/.m2/repository/com/google/code/gson/gson/2.2.4/gson-2.2.4.jar:/home/alex/.m2/repository/org/apache/hadoop/hadoop-auth/3.3.0/hadoop-auth-3.3.0.jar:/home/alex/.m2/repository/com/nimbusds/nimbus-jose-jwt/7.9/nimbus-jose-jwt-7.9.jar:/home/alex/.m2/repository/com/github/stephenc/jcip/jcip-annotations/1.0-1/jcip-annotations-1.0-1.jar:/home/alex/.m2/repository/net/minidev/json-smart/2.3/json-smart-2.3.jar:/home/alex/.m2/repository/net/minidev/accessors-smart/1.2/accessors-smart-1.2.jar:/home/alex/.m2/repository/org/ow2/asm/asm/5.0.4/asm-5.0.4.jar:/home/alex/.m2/repository/org/apache/curator/curator-framework/4.2.0/curator-framework-4.2.0.jar:/home/alex/.m2/repository/org/apache/kerby/kerb-simplekdc/1.0.1/kerb-simplekdc-1.0.1.jar:/home/alex/.m2/repository/org/apache/kerby/kerb-client/1.0.1/kerb-client-1.0.1.jar:/home/alex/.m2/repository/org/apache/kerby/kerby-config/1.0.1/kerby-config-1.0.1.jar:/home/alex/.m2/repository/org/apache/kerby/kerb-common/1.0.1/kerb-common-1.0.1.jar:/home/alex/.m2/repository/org/apache/kerby/kerb-crypto/1.0.1/kerb-crypto-1.0.1.jar:/home/alex/.m2/repository/org/apache/kerby/kerb-util/1.0.1/kerb-util-1.0.1.jar:/home/alex/.m2/repository/org/apache/kerby/token-provider/1.0.1/token-provider-1.0.1.jar:/home/alex/.m2/repository/org/apache/kerby/kerb-admin/1.0.1/kerb-admin-1.0.1.jar:/home/alex/.m2/repository/org/apache/kerby/kerb-server/1.0.1/kerb-server-1.0.1.jar:/home/alex/.m2/repository/org/apache/kerby/kerb-identity/1.0.1/kerb-identity-1.0.1.jar:/home/alex/.m2/repository/org/apache/kerby/kerby-xdr/1.0.1/kerby-xdr-1.0.1.jar:/home/alex/.m2/repository/com/jcraft/jsch/0.1.55/jsch-0.1.55.jar:/home/alex/.m2/repository/org/apache/curator/curator-client/4.2.0/curator-client-4.2.0.jar:/home/alex/.m2/repository/org/apache/curator/curator-recipes/4.2.0/curator-recipes-4.2.0.jar:/home/alex/.m2/repository/com/google/code/findbugs/jsr305/3.0.2/jsr305-3.0.2.jar:/home/alex/.m2/repository/org/apache/htrace/htrace-core4/4.1.0-incubating/htrace-core4-4.1.0-incubating.jar:/home/alex/.m2/repository/org/apache/zookeeper/zookeeper/3.5.6/zookeeper-3.5.6.jar:/home/alex/.m2/repository/org/apache/zookeeper/zookeeper-jute/3.5.6/zookeeper-jute-3.5.6.jar:/home/alex/.m2/repository/org/apache/yetus/audience-annotations/0.5.0/audience-annotations-0.5.0.jar:/home/alex/.m2/repository/io/netty/netty-handler/4.1.42.Final/netty-handler-4.1.42.Final.jar:/home/alex/.m2/repository/io/netty/netty-transport-native-epoll/4.1.42.Final/netty-transport-native-epoll-4.1.42.Final.jar:/home/alex/.m2/repository/org/apache/kerby/kerb-core/1.0.1/kerb-core-1.0.1.jar:/home/alex/.m2/repository/org/apache/kerby/kerby-pkix/1.0.1/kerby-pkix-1.0.1.jar:/home/alex/.m2/repository/org/apache/kerby/kerby-asn1/1.0.1/kerby-asn1-1.0.1.jar:/home/alex/.m2/repository/org/apache/kerby/kerby-util/1.0.1/kerby-util-1.0.1.jar:/home/alex/.m2/repository/com/fasterxml/jackson/core/jackson-databind/2.12.3/jackson-databind-2.12.3.jar:/home/alex/.m2/repository/com/fasterxml/jackson/core/jackson-core/2.12.3/jackson-core-2.12.3.jar:/home/alex/.m2/repository/org/codehaus/woodstox/stax2-api/3.1.4/stax2-api-3.1.4.jar:/home/alex/.m2/repository/com/fasterxml/woodstox/woodstox-core/5.0.3/woodstox-core-5.0.3.jar:/home/alex/.m2/repository/dnsjava/dnsjava/2.1.7/dnsjava-2.1.7.jar:/home/alex/.m2/repository/org/apache/hadoop/hadoop-hdfs/3.3.0/hadoop-hdfs-3.3.0.jar:/home/alex/.m2/repository/org/eclipse/jetty/jetty-util-ajax/9.4.44.v20210927/jetty-util-ajax-9.4.44.v20210927.jar:/home/alex/.m2/repository/commons-daemon/commons-daemon/1.0.13/commons-daemon-1.0.13.jar:/home/alex/.m2/repository/io/netty/netty/3.10.6.Final/netty-3.10.6.Final.jar:/home/alex/.m2/repository/io/netty/netty-all/4.1.69.Final/netty-all-4.1.69.Final.jar:/home/alex/.m2/repository/io/netty/netty-buffer/4.1.69.Final/netty-buffer-4.1.69.Final.jar:/home/alex/.m2/repository/io/netty/netty-codec/4.1.69.Final/netty-codec-4.1.69.Final.jar:/home/alex/.m2/repository/io/netty/netty-codec-dns/4.1.69.Final/netty-codec-dns-4.1.69.Final.jar:/home/alex/.m2/repository/io/netty/netty-codec-haproxy/4.1.69.Final/netty-codec-haproxy-4.1.69.Final.jar:/home/alex/.m2/repository/io/netty/netty-codec-http/4.1.69.Final/netty-codec-http-4.1.69.Final.jar:/home/alex/.m2/repository/io/netty/netty-codec-http2/4.1.69.Final/netty-codec-http2-4.1.69.Final.jar:/home/alex/.m2/repository/io/netty/netty-codec-memcache/4.1.69.Final/netty-codec-memcache-4.1.69.Final.jar:/home/alex/.m2/repository/io/netty/netty-codec-mqtt/4.1.69.Final/netty-codec-mqtt-4.1.69.Final.jar:/home/alex/.m2/repository/io/netty/netty-codec-redis/4.1.69.Final/netty-codec-redis-4.1.69.Final.jar:/home/alex/.m2/repository/io/netty/netty-codec-smtp/4.1.69.Final/netty-codec-smtp-4.1.69.Final.jar:/home/alex/.m2/repository/io/netty/netty-codec-socks/4.1.69.Final/netty-codec-socks-4.1.69.Final.jar:/home/alex/.m2/repository/io/netty/netty-codec-stomp/4.1.69.Final/netty-codec-stomp-4.1.69.Final.jar:/home/alex/.m2/repository/io/netty/netty-codec-xml/4.1.69.Final/netty-codec-xml-4.1.69.Final.jar:/home/alex/.m2/repository/com/fasterxml/aalto-xml/1.0.0/aalto-xml-1.0.0.jar:/home/alex/.m2/repository/io/netty/netty-common/4.1.69.Final/netty-common-4.1.69.Final.jar:/home/alex/.m2/repository/io/netty/netty-handler-proxy/4.1.69.Final/netty-handler-proxy-4.1.69.Final.jar:/home/alex/.m2/repository/io/netty/netty-resolver/4.1.69.Final/netty-resolver-4.1.69.Final.jar:/home/alex/.m2/repository/io/netty/netty-resolver-dns/4.1.69.Final/netty-resolver-dns-4.1.69.Final.jar:/home/alex/.m2/repository/io/netty/netty-transport/4.1.69.Final/netty-transport-4.1.69.Final.jar:/home/alex/.m2/repository/io/netty/netty-transport-rxtx/4.1.69.Final/netty-transport-rxtx-4.1.69.Final.jar:/home/alex/.m2/repository/org/rxtx/rxtx/2.1.7/rxtx-2.1.7.jar:/home/alex/.m2/repository/io/netty/netty-transport-sctp/4.1.69.Final/netty-transport-sctp-4.1.69.Final.jar:/home/alex/.m2/repository/io/netty/netty-transport-udt/4.1.69.Final/netty-transport-udt-4.1.69.Final.jar:/home/alex/.m2/repository/com/barchart/udt/barchart-udt-bundle/2.3.0/barchart-udt-bundle-2.3.0.jar:/home/alex/.m2/repository/io/netty/netty-transport-native-unix-common/4.1.69.Final/netty-transport-native-unix-common-4.1.69.Final.jar:/home/alex/.m2/repository/io/netty/netty-transport-native-kqueue/4.1.69.Final/netty-transport-native-kqueue-4.1.69.Final.jar:/home/alex/.m2/repository/io/netty/netty-resolver-dns-native-macos/4.1.69.Final/netty-resolver-dns-native-macos-4.1.69.Final.jar:/home/alex/.m2/repository/io/netty/netty-transport-native-epoll/4.1.69.Final/netty-transport-native-epoll-4.1.69.Final-linux-x86_64.jar:/home/alex/.m2/repository/io/netty/netty-transport-native-epoll/4.1.69.Final/netty-transport-native-epoll-4.1.69.Final-linux-aarch_64.jar:/home/alex/.m2/repository/io/netty/netty-transport-native-kqueue/4.1.69.Final/netty-transport-native-kqueue-4.1.69.Final-osx-x86_64.jar:/home/alex/.m2/repository/io/netty/netty-transport-native-kqueue/4.1.69.Final/netty-transport-native-kqueue-4.1.69.Final-osx-aarch_64.jar:/home/alex/.m2/repository/io/netty/netty-resolver-dns-native-macos/4.1.69.Final/netty-resolver-dns-native-macos-4.1.69.Final-osx-x86_64.jar:/home/alex/.m2/repository/io/netty/netty-resolver-dns-native-macos/4.1.69.Final/netty-resolver-dns-native-macos-4.1.69.Final-osx-aarch_64.jar:/home/alex/.m2/repository/org/fusesource/leveldbjni/leveldbjni-all/1.8/leveldbjni-all-1.8.jar:/home/alex/.m2/repository/org/apache/hadoop/hadoop-hdfs-client/3.3.0/hadoop-hdfs-client-3.3.0.jar:/home/alex/.m2/repository/com/squareup/okhttp/okhttp/2.7.5/okhttp-2.7.5.jar:/home/alex/.m2/repository/com/squareup/okio/okio/1.6.0/okio-1.6.0.jar:/home/alex/.m2/repository/com/fasterxml/jackson/core/jackson-annotations/2.10.3/jackson-annotations-2.10.3.jar:/home/alex/Repositories/nifi/nifi-nar-bundles/nifi-standard-services/nifi-distributed-cache-client-service-api/target/classes:/home/alex/Repositories/nifi/nifi-nar-bundles/nifi-standard-services/nifi-kerberos-credentials-service-api/target/classes:/home/alex/Repositories/nifi/nifi-nar-bundles/nifi-standard-services/nifi-kerberos-user-service-api/target/classes:/home/alex/Repositories/nifi/nifi-mock/target/classes:/home/alex/Repositories/nifi/nifi-framework-api/target/classes:/home/alex/Repositories/nifi/nifi-commons/nifi-parameter/target/classes:/home/alex/Repositories/nifi/nifi-nar-bundles/nifi-framework-bundle/nifi-framework/nifi-framework-core-api/target/classes:/home/alex/Repositories/nifi/nifi-nar-bundles/nifi-framework-bundle/nifi-framework/nifi-framework-nar-utils/target/classes:/home/alex/Repositories/nifi/nifi-nar-bundles/nifi-framework-bundle/nifi-framework/nifi-client-dto/target/classes:/home/alex/.m2/repository/io/swagger/swagger-annotations/1.6.0/swagger-annotations-1.6.0.jar:/home/alex/Repositories/nifi/nifi-commons/nifi-site-to-site-client/target/classes:/home/alex/Repositories/nifi/nifi-commons/nifi-security-utils/target/classes:/home/alex/Repositories/nifi/nifi-commons/nifi-security-utils-api/target/classes:/home/alex/Repositories/nifi/nifi-commons/nifi-security-kms/target/classes:/home/alex/.m2/repository/org/bouncycastle/bcprov-jdk15on/1.69/bcprov-jdk15on-1.69.jar:/home/alex/.m2/repository/org/bouncycastle/bcpkix-jdk15on/1.69/bcpkix-jdk15on-1.69.jar:/home/alex/.m2/repository/org/bouncycastle/bcutil-jdk15on/1.69/bcutil-jdk15on-1.69.jar:/home/alex/.m2/repository/at/favre/lib/bcrypt/0.9.0/bcrypt-0.9.0.jar:/home/alex/.m2/repository/at/favre/lib/bytes/1.3.0/bytes-1.3.0.jar:/home/alex/.m2/repository/org/apache/httpcomponents/httpasyncclient/4.1.4/httpasyncclient-4.1.4.jar:/home/alex/.m2/repository/org/apache/httpcomponents/httpcore-nio/4.4.10/httpcore-nio-4.4.10.jar:/home/alex/Repositories/nifi/nifi-nar-bundles/nifi-framework-bundle/nifi-framework/nifi-framework-authorization/target/classes:/home/alex/Repositories/nifi/nifi-registry/nifi-registry-core/nifi-registry-data-model/target/classes:/home/alex/.m2/repository/javax/validation/validation-api/2.0.1.Final/validation-api-2.0.1.Final.jar:/home/alex/.m2/repository/javax/ws/rs/javax.ws.rs-api/2.1/javax.ws.rs-api-2.1.jar:/home/alex/Repositories/nifi/nifi-registry/nifi-registry-core/nifi-registry-revision/nifi-registry-revision-entity-model/target/classes:/home/alex/Repositories/nifi/nifi-registry/nifi-registry-core/nifi-registry-client/target/classes:/home/alex/Repositories/nifi/nifi-registry/nifi-registry-core/nifi-registry-security-utils/target/classes:/home/alex/.m2/repository/org/glassfish/jersey/core/jersey-client/2.33/jersey-client-2.33.jar:/home/alex/.m2/repository/jakarta/ws/rs/jakarta.ws.rs-api/2.1.6/jakarta.ws.rs-api-2.1.6.jar:/home/alex/.m2/repository/org/glassfish/hk2/external/jakarta.inject/2.6.1/jakarta.inject-2.6.1.jar:/home/alex/.m2/repository/org/glassfish/jersey/media/jersey-media-json-jackson/2.33/jersey-media-json-jackson-2.33.jar:/home/alex/.m2/repository/org/glassfish/jersey/ext/jersey-entity-filtering/2.33/jersey-entity-filtering-2.33.jar:/home/alex/.m2/repository/com/fasterxml/jackson/module/jackson-module-jaxb-annotations/2.11.3/jackson-module-jaxb-annotations-2.11.3.jar:/home/alex/.m2/repository/jakarta/xml/bind/jakarta.xml.bind-api/2.3.2/jakarta.xml.bind-api-2.3.2.jar:/home/alex/.m2/repository/jakarta/activation/jakarta.activation-api/1.2.1/jakarta.activation-api-1.2.1.jar:/home/alex/.m2/repository/org/glassfish/jersey/inject/jersey-hk2/2.33/jersey-hk2-2.33.jar:/home/alex/.m2/repository/org/glassfish/hk2/hk2-locator/2.6.1/hk2-locator-2.6.1.jar:/home/alex/.m2/repository/org/glassfish/hk2/external/aopalliance-repackaged/2.6.1/aopalliance-repackaged-2.6.1.jar:/home/alex/.m2/repository/org/glassfish/hk2/hk2-api/2.6.1/hk2-api-2.6.1.jar:/home/alex/.m2/repository/org/glassfish/hk2/hk2-utils/2.6.1/hk2-utils-2.6.1.jar:/home/alex/.m2/repository/org/javassist/javassist/3.25.0-GA/javassist-3.25.0-GA.jar:/home/alex/.m2/repository/org/glassfish/jersey/core/jersey-common/2.33/jersey-common-2.33.jar:/home/alex/.m2/repository/jakarta/annotation/jakarta.annotation-api/1.3.5/jakarta.annotation-api-1.3.5.jar:/home/alex/.m2/repository/org/glassfish/hk2/osgi-resource-locator/1.0.3/osgi-resource-locator-1.0.3.jar:/home/alex/.m2/repository/org/glassfish/jersey/media/jersey-media-multipart/2.33/jersey-media-multipart-2.33.jar:/home/alex/.m2/repository/org/jvnet/mimepull/mimepull/1.9.13/mimepull-1.9.13.jar:/home/alex/Repositories/nifi/nifi-commons/nifi-expression-language/target/classes:/home/alex/.m2/repository/org/antlr/antlr-runtime/3.5.2/antlr-runtime-3.5.2.jar:/home/alex/Repositories/nifi/nifi-commons/nifi-uuid5/target/classes:/home/alex/.m2/repository/com/jayway/jsonpath/json-path/2.6.0/json-path-2.6.0.jar:/home/alex/Repositories/nifi/nifi-commons/nifi-data-provenance-utils/target/classes:/home/alex/.m2/repository/com/github/ben-manes/caffeine/caffeine/2.9.2/caffeine-2.9.2.jar:/home/alex/.m2/repository/org/checkerframework/checker-qual/3.10.0/checker-qual-3.10.0.jar:/home/alex/.m2/repository/com/google/errorprone/error_prone_annotations/2.5.1/error_prone_annotations-2.5.1.jar:/home/alex/.m2/repository/commons-io/commons-io/2.10.0/commons-io-2.10.0.jar:/home/alex/.m2/repository/commons-lang/commons-lang/2.6/commons-lang-2.6.jar:/home/alex/Repositories/nifi/nifi-commons/nifi-properties/target/classes:/home/alex/Repositories/nifi/nifi-commons/nifi-property-utils/target/classes:/home/alex/Repositories/nifi/nifi-nar-bundles/nifi-standard-services/nifi-record-serialization-service-api/target/classes:/home/alex/Repositories/nifi/nifi-commons/nifi-record/target/classes:/home/alex/.m2/repository/org/junit/jupiter/junit-jupiter-api/5.7.2/junit-jupiter-api-5.7.2.jar:/home/alex/.m2/repository/org/apiguardian/apiguardian-api/1.1.0/apiguardian-api-1.1.0.jar:/home/alex/.m2/repository/org/opentest4j/opentest4j/1.2.0/opentest4j-1.2.0.jar:/home/alex/.m2/repository/org/junit/platform/junit-platform-commons/1.7.2/junit-platform-commons-1.7.2.jar:/home/alex/.m2/repository/org/junit/jupiter/junit-jupiter-engine/5.7.2/junit-jupiter-engine-5.7.2.jar:/home/alex/.m2/repository/org/junit/platform/junit-platform-engine/1.7.2/junit-platform-engine-1.7.2.jar:/home/alex/.m2/repository/org/junit/vintage/junit-vintage-engine/5.7.2/junit-vintage-engine-5.7.2.jar:/home/alex/.m2/repository/junit/junit/4.13.2/junit-4.13.2.jar:/home/alex/.m2/repository/org/hamcrest/hamcrest-core/1.3/hamcrest-core-1.3.jar:/home/alex/.m2/repository/org/junit/jupiter/junit-jupiter-params/5.7.2/junit-jupiter-params-5.7.2.jar:/home/alex/.m2/repository/org/mockito/mockito-core/3.11.2/mockito-core-3.11.2.jar:/home/alex/.m2/repository/net/bytebuddy/byte-buddy/1.11.3/byte-buddy-1.11.3.jar:/home/alex/.m2/repository/net/bytebuddy/byte-buddy-agent/1.11.3/byte-buddy-agent-1.11.3.jar:/home/alex/.m2/repository/org/objenesis/objenesis/3.2/objenesis-3.2.jar:/home/alex/.m2/repository/org/mockito/mockito-junit-jupiter/3.11.2/mockito-junit-jupiter-3.11.2.jar:/home/alex/.m2/repository/org/slf4j/slf4j-simple/1.7.32/slf4j-simple-1.7.32.jar:/home/alex/.m2/repository/org/codehaus/groovy/groovy-test/2.5.14/groovy-test-2.5.14.jar:/home/alex/.m2/repository/org/codehaus/groovy/groovy/2.5.14/groovy-2.5.14.jar:"/>
    <property name="java.vm.vendor" value="Private Build"/>
    <property name="sun.arch.data.model" value="64"/>
    <property name="java.vendor.url" value="http://java.oracle.com/"/>
    <property name="user.timezone" value="Europe/Lisbon"/>
    <property name="java.vm.specification.version" value="1.8"/>
    <property name="os.name" value="Linux"/>
    <property name="user.country" value="US"/>
    <property name="sun.java.launcher" value="SUN_STANDARD"/>
    <property name="sun.boot.library.path" value="/usr/lib/jvm/java-8-openjdk-amd64/jre/lib/amd64"/>
    <property name="sun.java.command" value="/home/alex/Repositories/nifi/nifi-nar-bundles/nifi-hadoop-bundle/nifi-hdfs-processors/target/surefire/surefirebooter6334800137225202568.jar /home/alex/Repositories/nifi/nifi-nar-bundles/nifi-hadoop-bundle/nifi-hdfs-processors/target/surefire 2024-05-02T01-23-45_285-jvmRun1 surefire1273713384640909977tmp surefire_562938681791017699116tmp"/>
    <property name="surefire.test.class.path" value="/home/alex/Repositories/nifi/nifi-nar-bundles/nifi-hadoop-bundle/nifi-hdfs-processors/target/test-classes:/home/alex/Repositories/nifi/nifi-nar-bundles/nifi-hadoop-bundle/nifi-hdfs-processors/target/classes:/home/alex/Repositories/nifi/nifi-api/target/classes:/home/alex/Repositories/nifi/nifi-commons/nifi-utils/target/classes:/home/alex/Repositories/nifi/nifi-nar-bundles/nifi-extension-utils/nifi-hadoop-utils/target/classes:/home/alex/Repositories/nifi/nifi-commons/nifi-security-kerberos/target/classes:/home/alex/Repositories/nifi/nifi-commons/nifi-security-kerberos-api/target/classes:/home/alex/.m2/repository/org/apache/commons/commons-lang3/3.9/commons-lang3-3.9.jar:/home/alex/Repositories/nifi/nifi-commons/nifi-flowfile-packager/target/classes:/home/alex/.m2/repository/org/apache/commons/commons-compress/1.21/commons-compress-1.21.jar:/home/alex/.m2/repository/org/apache/commons/commons-text/1.8/commons-text-1.8.jar:/home/alex/.m2/repository/org/apache/hadoop/hadoop-common/3.3.0/hadoop-common-3.3.0.jar:/home/alex/.m2/repository/org/apache/hadoop/thirdparty/hadoop-shaded-protobuf_3_7/1.0.0/hadoop-shaded-protobuf_3_7-1.0.0.jar:/home/alex/.m2/repository/org/apache/hadoop/hadoop-annotations/3.3.0/hadoop-annotations-3.3.0.jar:/usr/lib/jvm/java-8-openjdk-amd64/jre/../lib/tools.jar:/home/alex/.m2/repository/com/google/guava/guava/27.0-jre/guava-27.0-jre.jar:/home/alex/.m2/repository/com/google/guava/failureaccess/1.0/failureaccess-1.0.jar:/home/alex/.m2/repository/com/google/guava/listenablefuture/9999.0-empty-to-avoid-conflict-with-guava/listenablefuture-9999.0-empty-to-avoid-conflict-with-guava.jar:/home/alex/.m2/repository/com/google/j2objc/j2objc-annotations/1.1/j2objc-annotations-1.1.jar:/home/alex/.m2/repository/org/codehaus/mojo/animal-sniffer-annotations/1.17/animal-sniffer-annotations-1.17.jar:/home/alex/.m2/repository/commons-cli/commons-cli/1.2/commons-cli-1.2.jar:/home/alex/.m2/repository/org/apache/commons/commons-math3/3.1.1/commons-math3-3.1.1.jar:/home/alex/.m2/repository/org/apache/httpcomponents/httpclient/4.5.6/httpclient-4.5.6.jar:/home/alex/.m2/repository/org/apache/httpcomponents/httpcore/4.4.10/httpcore-4.4.10.jar:/home/alex/.m2/repository/commons-codec/commons-codec/1.11/commons-codec-1.11.jar:/home/alex/.m2/repository/commons-net/commons-net/3.6/commons-net-3.6.jar:/home/alex/.m2/repository/commons-collections/commons-collections/3.2.2/commons-collections-3.2.2.jar:/home/alex/.m2/repository/javax/servlet/javax.servlet-api/3.1.0/javax.servlet-api-3.1.0.jar:/home/alex/.m2/repository/javax/activation/javax.activation-api/1.2.0/javax.activation-api-1.2.0.jar:/home/alex/.m2/repository/org/eclipse/jetty/jetty-server/9.4.44.v20210927/jetty-server-9.4.44.v20210927.jar:/home/alex/.m2/repository/org/eclipse/jetty/jetty-http/9.4.44.v20210927/jetty-http-9.4.44.v20210927.jar:/home/alex/.m2/repository/org/eclipse/jetty/jetty-io/9.4.44.v20210927/jetty-io-9.4.44.v20210927.jar:/home/alex/.m2/repository/org/eclipse/jetty/jetty-util/9.4.44.v20210927/jetty-util-9.4.44.v20210927.jar:/home/alex/.m2/repository/org/eclipse/jetty/jetty-servlet/9.4.44.v20210927/jetty-servlet-9.4.44.v20210927.jar:/home/alex/.m2/repository/org/eclipse/jetty/jetty-security/9.4.44.v20210927/jetty-security-9.4.44.v20210927.jar:/home/alex/.m2/repository/org/eclipse/jetty/jetty-webapp/9.4.44.v20210927/jetty-webapp-9.4.44.v20210927.jar:/home/alex/.m2/repository/org/eclipse/jetty/jetty-xml/9.4.44.v20210927/jetty-xml-9.4.44.v20210927.jar:/home/alex/.m2/repository/javax/servlet/jsp/jsp-api/2.1/jsp-api-2.1.jar:/home/alex/.m2/repository/com/sun/jersey/jersey-core/1.19/jersey-core-1.19.jar:/home/alex/.m2/repository/javax/ws/rs/jsr311-api/1.1.1/jsr311-api-1.1.1.jar:/home/alex/.m2/repository/com/sun/jersey/jersey-servlet/1.19/jersey-servlet-1.19.jar:/home/alex/.m2/repository/com/sun/jersey/jersey-json/1.19/jersey-json-1.19.jar:/home/alex/.m2/repository/org/codehaus/jettison/jettison/1.1/jettison-1.1.jar:/home/alex/.m2/repository/com/sun/xml/bind/jaxb-impl/2.2.3-1/jaxb-impl-2.2.3-1.jar:/home/alex/.m2/repository/javax/xml/bind/jaxb-api/2.2.2/jaxb-api-2.2.2.jar:/home/alex/.m2/repository/javax/xml/stream/stax-api/1.0-2/stax-api-1.0-2.jar:/home/alex/.m2/repository/javax/activation/activation/1.1/activation-1.1.jar:/home/alex/.m2/repository/org/codehaus/jackson/jackson-core-asl/1.9.2/jackson-core-asl-1.9.2.jar:/home/alex/.m2/repository/org/codehaus/jackson/jackson-mapper-asl/1.9.2/jackson-mapper-asl-1.9.2.jar:/home/alex/.m2/repository/org/codehaus/jackson/jackson-jaxrs/1.9.2/jackson-jaxrs-1.9.2.jar:/home/alex/.m2/repository/org/codehaus/jackson/jackson-xc/1.9.2/jackson-xc-1.9.2.jar:/home/alex/.m2/repository/com/sun/jersey/jersey-server/1.19/jersey-server-1.19.jar:/home/alex/.m2/repository/commons-logging/commons-logging/1.1.3/commons-logging-1.1.3.jar:/home/alex/.m2/repository/commons-beanutils/commons-beanutils/1.9.4/commons-beanutils-1.9.4.jar:/home/alex/.m2/repository/org/apache/commons/commons-configuration2/2.1.1/commons-configuration2-2.1.1.jar:/home/alex/.m2/repository/org/slf4j/slf4j-api/1.7.32/slf4j-api-1.7.32.jar:/home/alex/.m2/repository/org/apache/avro/avro/1.7.7/avro-1.7.7.jar:/home/alex/.m2/repository/com/thoughtworks/paranamer/paranamer/2.3/paranamer-2.3.jar:/home/alex/.m2/repository/org/xerial/snappy/snappy-java/1.0.5/snappy-java-1.0.5.jar:/home/alex/.m2/repository/com/google/re2j/re2j/1.1/re2j-1.1.jar:/home/alex/.m2/repository/com/google/protobuf/protobuf-java/2.5.0/protobuf-java-2.5.0.jar:/home/alex/.m2/repository/com/google/code/gson/gson/2.2.4/gson-2.2.4.jar:/home/alex/.m2/repository/org/apache/hadoop/hadoop-auth/3.3.0/hadoop-auth-3.3.0.jar:/home/alex/.m2/repository/com/nimbusds/nimbus-jose-jwt/7.9/nimbus-jose-jwt-7.9.jar:/home/alex/.m2/repository/com/github/stephenc/jcip/jcip-annotations/1.0-1/jcip-annotations-1.0-1.jar:/home/alex/.m2/repository/net/minidev/json-smart/2.3/json-smart-2.3.jar:/home/alex/.m2/repository/net/minidev/accessors-smart/1.2/accessors-smart-1.2.jar:/home/alex/.m2/repository/org/ow2/asm/asm/5.0.4/asm-5.0.4.jar:/home/alex/.m2/repository/org/apache/curator/curator-framework/4.2.0/curator-framework-4.2.0.jar:/home/alex/.m2/repository/org/apache/kerby/kerb-simplekdc/1.0.1/kerb-simplekdc-1.0.1.jar:/home/alex/.m2/repository/org/apache/kerby/kerb-client/1.0.1/kerb-client-1.0.1.jar:/home/alex/.m2/repository/org/apache/kerby/kerby-config/1.0.1/kerby-config-1.0.1.jar:/home/alex/.m2/repository/org/apache/kerby/kerb-common/1.0.1/kerb-common-1.0.1.jar:/home/alex/.m2/repository/org/apache/kerby/kerb-crypto/1.0.1/kerb-crypto-1.0.1.jar:/home/alex/.m2/repository/org/apache/kerby/kerb-util/1.0.1/kerb-util-1.0.1.jar:/home/alex/.m2/repository/org/apache/kerby/token-provider/1.0.1/token-provider-1.0.1.jar:/home/alex/.m2/repository/org/apache/kerby/kerb-admin/1.0.1/kerb-admin-1.0.1.jar:/home/alex/.m2/repository/org/apache/kerby/kerb-server/1.0.1/kerb-server-1.0.1.jar:/home/alex/.m2/repository/org/apache/kerby/kerb-identity/1.0.1/kerb-identity-1.0.1.jar:/home/alex/.m2/repository/org/apache/kerby/kerby-xdr/1.0.1/kerby-xdr-1.0.1.jar:/home/alex/.m2/repository/com/jcraft/jsch/0.1.55/jsch-0.1.55.jar:/home/alex/.m2/repository/org/apache/curator/curator-client/4.2.0/curator-client-4.2.0.jar:/home/alex/.m2/repository/org/apache/curator/curator-recipes/4.2.0/curator-recipes-4.2.0.jar:/home/alex/.m2/repository/com/google/code/findbugs/jsr305/3.0.2/jsr305-3.0.2.jar:/home/alex/.m2/repository/org/apache/htrace/htrace-core4/4.1.0-incubating/htrace-core4-4.1.0-incubating.jar:/home/alex/.m2/repository/org/apache/zookeeper/zookeeper/3.5.6/zookeeper-3.5.6.jar:/home/alex/.m2/repository/org/apache/zookeeper/zookeeper-jute/3.5.6/zookeeper-jute-3.5.6.jar:/home/alex/.m2/repository/org/apache/yetus/audience-annotations/0.5.0/audience-annotations-0.5.0.jar:/home/alex/.m2/repository/io/netty/netty-handler/4.1.42.Final/netty-handler-4.1.42.Final.jar:/home/alex/.m2/repository/io/netty/netty-transport-native-epoll/4.1.42.Final/netty-transport-native-epoll-4.1.42.Final.jar:/home/alex/.m2/repository/org/apache/kerby/kerb-core/1.0.1/kerb-core-1.0.1.jar:/home/alex/.m2/repository/org/apache/kerby/kerby-pkix/1.0.1/kerby-pkix-1.0.1.jar:/home/alex/.m2/repository/org/apache/kerby/kerby-asn1/1.0.1/kerby-asn1-1.0.1.jar:/home/alex/.m2/repository/org/apache/kerby/kerby-util/1.0.1/kerby-util-1.0.1.jar:/home/alex/.m2/repository/com/fasterxml/jackson/core/jackson-databind/2.12.3/jackson-databind-2.12.3.jar:/home/alex/.m2/repository/com/fasterxml/jackson/core/jackson-core/2.12.3/jackson-core-2.12.3.jar:/home/alex/.m2/repository/org/codehaus/woodstox/stax2-api/3.1.4/stax2-api-3.1.4.jar:/home/alex/.m2/repository/com/fasterxml/woodstox/woodstox-core/5.0.3/woodstox-core-5.0.3.jar:/home/alex/.m2/repository/dnsjava/dnsjava/2.1.7/dnsjava-2.1.7.jar:/home/alex/.m2/repository/org/apache/hadoop/hadoop-hdfs/3.3.0/hadoop-hdfs-3.3.0.jar:/home/alex/.m2/repository/org/eclipse/jetty/jetty-util-ajax/9.4.44.v20210927/jetty-util-ajax-9.4.44.v20210927.jar:/home/alex/.m2/repository/commons-daemon/commons-daemon/1.0.13/commons-daemon-1.0.13.jar:/home/alex/.m2/repository/io/netty/netty/3.10.6.Final/netty-3.10.6.Final.jar:/home/alex/.m2/repository/io/netty/netty-all/4.1.69.Final/netty-all-4.1.69.Final.jar:/home/alex/.m2/repository/io/netty/netty-buffer/4.1.69.Final/netty-buffer-4.1.69.Final.jar:/home/alex/.m2/repository/io/netty/netty-codec/4.1.69.Final/netty-codec-4.1.69.Final.jar:/home/alex/.m2/repository/io/netty/netty-codec-dns/4.1.69.Final/netty-codec-dns-4.1.69.Final.jar:/home/alex/.m2/repository/io/netty/netty-codec-haproxy/4.1.69.Final/netty-codec-haproxy-4.1.69.Final.jar:/home/alex/.m2/repository/io/netty/netty-codec-http/4.1.69.Final/netty-codec-http-4.1.69.Final.jar:/home/alex/.m2/repository/io/netty/netty-codec-http2/4.1.69.Final/netty-codec-http2-4.1.69.Final.jar:/home/alex/.m2/repository/io/netty/netty-codec-memcache/4.1.69.Final/netty-codec-memcache-4.1.69.Final.jar:/home/alex/.m2/repository/io/netty/netty-codec-mqtt/4.1.69.Final/netty-codec-mqtt-4.1.69.Final.jar:/home/alex/.m2/repository/io/netty/netty-codec-redis/4.1.69.Final/netty-codec-redis-4.1.69.Final.jar:/home/alex/.m2/repository/io/netty/netty-codec-smtp/4.1.69.Final/netty-codec-smtp-4.1.69.Final.jar:/home/alex/.m2/repository/io/netty/netty-codec-socks/4.1.69.Final/netty-codec-socks-4.1.69.Final.jar:/home/alex/.m2/repository/io/netty/netty-codec-stomp/4.1.69.Final/netty-codec-stomp-4.1.69.Final.jar:/home/alex/.m2/repository/io/netty/netty-codec-xml/4.1.69.Final/netty-codec-xml-4.1.69.Final.jar:/home/alex/.m2/repository/com/fasterxml/aalto-xml/1.0.0/aalto-xml-1.0.0.jar:/home/alex/.m2/repository/io/netty/netty-common/4.1.69.Final/netty-common-4.1.69.Final.jar:/home/alex/.m2/repository/io/netty/netty-handler-proxy/4.1.69.Final/netty-handler-proxy-4.1.69.Final.jar:/home/alex/.m2/repository/io/netty/netty-resolver/4.1.69.Final/netty-resolver-4.1.69.Final.jar:/home/alex/.m2/repository/io/netty/netty-resolver-dns/4.1.69.Final/netty-resolver-dns-4.1.69.Final.jar:/home/alex/.m2/repository/io/netty/netty-transport/4.1.69.Final/netty-transport-4.1.69.Final.jar:/home/alex/.m2/repository/io/netty/netty-transport-rxtx/4.1.69.Final/netty-transport-rxtx-4.1.69.Final.jar:/home/alex/.m2/repository/org/rxtx/rxtx/2.1.7/rxtx-2.1.7.jar:/home/alex/.m2/repository/io/netty/netty-transport-sctp/4.1.69.Final/netty-transport-sctp-4.1.69.Final.jar:/home/alex/.m2/repository/io/netty/netty-transport-udt/4.1.69.Final/netty-transport-udt-4.1.69.Final.jar:/home/alex/.m2/repository/com/barchart/udt/barchart-udt-bundle/2.3.0/barchart-udt-bundle-2.3.0.jar:/home/alex/.m2/repository/io/netty/netty-transport-native-unix-common/4.1.69.Final/netty-transport-native-unix-common-4.1.69.Final.jar:/home/alex/.m2/repository/io/netty/netty-transport-native-kqueue/4.1.69.Final/netty-transport-native-kqueue-4.1.69.Final.jar:/home/alex/.m2/repository/io/netty/netty-resolver-dns-native-macos/4.1.69.Final/netty-resolver-dns-native-macos-4.1.69.Final.jar:/home/alex/.m2/repository/io/netty/netty-transport-native-epoll/4.1.69.Final/netty-transport-native-epoll-4.1.69.Final-linux-x86_64.jar:/home/alex/.m2/repository/io/netty/netty-transport-native-epoll/4.1.69.Final/netty-transport-native-epoll-4.1.69.Final-linux-aarch_64.jar:/home/alex/.m2/repository/io/netty/netty-transport-native-kqueue/4.1.69.Final/netty-transport-native-kqueue-4.1.69.Final-osx-x86_64.jar:/home/alex/.m2/repository/io/netty/netty-transport-native-kqueue/4.1.69.Final/netty-transport-native-kqueue-4.1.69.Final-osx-aarch_64.jar:/home/alex/.m2/repository/io/netty/netty-resolver-dns-native-macos/4.1.69.Final/netty-resolver-dns-native-macos-4.1.69.Final-osx-x86_64.jar:/home/alex/.m2/repository/io/netty/netty-resolver-dns-native-macos/4.1.69.Final/netty-resolver-dns-native-macos-4.1.69.Final-osx-aarch_64.jar:/home/alex/.m2/repository/org/fusesource/leveldbjni/leveldbjni-all/1.8/leveldbjni-all-1.8.jar:/home/alex/.m2/repository/org/apache/hadoop/hadoop-hdfs-client/3.3.0/hadoop-hdfs-client-3.3.0.jar:/home/alex/.m2/repository/com/squareup/okhttp/okhttp/2.7.5/okhttp-2.7.5.jar:/home/alex/.m2/repository/com/squareup/okio/okio/1.6.0/okio-1.6.0.jar:/home/alex/.m2/repository/com/fasterxml/jackson/core/jackson-annotations/2.10.3/jackson-annotations-2.10.3.jar:/home/alex/Repositories/nifi/nifi-nar-bundles/nifi-standard-services/nifi-distributed-cache-client-service-api/target/classes:/home/alex/Repositories/nifi/nifi-nar-bundles/nifi-standard-services/nifi-kerberos-credentials-service-api/target/classes:/home/alex/Repositories/nifi/nifi-nar-bundles/nifi-standard-services/nifi-kerberos-user-service-api/target/classes:/home/alex/Repositories/nifi/nifi-mock/target/classes:/home/alex/Repositories/nifi/nifi-framework-api/target/classes:/home/alex/Repositories/nifi/nifi-commons/nifi-parameter/target/classes:/home/alex/Repositories/nifi/nifi-nar-bundles/nifi-framework-bundle/nifi-framework/nifi-framework-core-api/target/classes:/home/alex/Repositories/nifi/nifi-nar-bundles/nifi-framework-bundle/nifi-framework/nifi-framework-nar-utils/target/classes:/home/alex/Repositories/nifi/nifi-nar-bundles/nifi-framework-bundle/nifi-framework/nifi-client-dto/target/classes:/home/alex/.m2/repository/io/swagger/swagger-annotations/1.6.0/swagger-annotations-1.6.0.jar:/home/alex/Repositories/nifi/nifi-commons/nifi-site-to-site-client/target/classes:/home/alex/Repositories/nifi/nifi-commons/nifi-security-utils/target/classes:/home/alex/Repositories/nifi/nifi-commons/nifi-security-utils-api/target/classes:/home/alex/Repositories/nifi/nifi-commons/nifi-security-kms/target/classes:/home/alex/.m2/repository/org/bouncycastle/bcprov-jdk15on/1.69/bcprov-jdk15on-1.69.jar:/home/alex/.m2/repository/org/bouncycastle/bcpkix-jdk15on/1.69/bcpkix-jdk15on-1.69.jar:/home/alex/.m2/repository/org/bouncycastle/bcutil-jdk15on/1.69/bcutil-jdk15on-1.69.jar:/home/alex/.m2/repository/at/favre/lib/bcrypt/0.9.0/bcrypt-0.9.0.jar:/home/alex/.m2/repository/at/favre/lib/bytes/1.3.0/bytes-1.3.0.jar:/home/alex/.m2/repository/org/apache/httpcomponents/httpasyncclient/4.1.4/httpasyncclient-4.1.4.jar:/home/alex/.m2/repository/org/apache/httpcomponents/httpcore-nio/4.4.10/httpcore-nio-4.4.10.jar:/home/alex/Repositories/nifi/nifi-nar-bundles/nifi-framework-bundle/nifi-framework/nifi-framework-authorization/target/classes:/home/alex/Repositories/nifi/nifi-registry/nifi-registry-core/nifi-registry-data-model/target/classes:/home/alex/.m2/repository/javax/validation/validation-api/2.0.1.Final/validation-api-2.0.1.Final.jar:/home/alex/.m2/repository/javax/ws/rs/javax.ws.rs-api/2.1/javax.ws.rs-api-2.1.jar:/home/alex/Repositories/nifi/nifi-registry/nifi-registry-core/nifi-registry-revision/nifi-registry-revision-entity-model/target/classes:/home/alex/Repositories/nifi/nifi-registry/nifi-registry-core/nifi-registry-client/target/classes:/home/alex/Repositories/nifi/nifi-registry/nifi-registry-core/nifi-registry-security-utils/target/classes:/home/alex/.m2/repository/org/glassfish/jersey/core/jersey-client/2.33/jersey-client-2.33.jar:/home/alex/.m2/repository/jakarta/ws/rs/jakarta.ws.rs-api/2.1.6/jakarta.ws.rs-api-2.1.6.jar:/home/alex/.m2/repository/org/glassfish/hk2/external/jakarta.inject/2.6.1/jakarta.inject-2.6.1.jar:/home/alex/.m2/repository/org/glassfish/jersey/media/jersey-media-json-jackson/2.33/jersey-media-json-jackson-2.33.jar:/home/alex/.m2/repository/org/glassfish/jersey/ext/jersey-entity-filtering/2.33/jersey-entity-filtering-2.33.jar:/home/alex/.m2/repository/com/fasterxml/jackson/module/jackson-module-jaxb-annotations/2.11.3/jackson-module-jaxb-annotations-2.11.3.jar:/home/alex/.m2/repository/jakarta/xml/bind/jakarta.xml.bind-api/2.3.2/jakarta.xml.bind-api-2.3.2.jar:/home/alex/.m2/repository/jakarta/activation/jakarta.activation-api/1.2.1/jakarta.activation-api-1.2.1.jar:/home/alex/.m2/repository/org/glassfish/jersey/inject/jersey-hk2/2.33/jersey-hk2-2.33.jar:/home/alex/.m2/repository/org/glassfish/hk2/hk2-locator/2.6.1/hk2-locator-2.6.1.jar:/home/alex/.m2/repository/org/glassfish/hk2/external/aopalliance-repackaged/2.6.1/aopalliance-repackaged-2.6.1.jar:/home/alex/.m2/repository/org/glassfish/hk2/hk2-api/2.6.1/hk2-api-2.6.1.jar:/home/alex/.m2/repository/org/glassfish/hk2/hk2-utils/2.6.1/hk2-utils-2.6.1.jar:/home/alex/.m2/repository/org/javassist/javassist/3.25.0-GA/javassist-3.25.0-GA.jar:/home/alex/.m2/repository/org/glassfish/jersey/core/jersey-common/2.33/jersey-common-2.33.jar:/home/alex/.m2/repository/jakarta/annotation/jakarta.annotation-api/1.3.5/jakarta.annotation-api-1.3.5.jar:/home/alex/.m2/repository/org/glassfish/hk2/osgi-resource-locator/1.0.3/osgi-resource-locator-1.0.3.jar:/home/alex/.m2/repository/org/glassfish/jersey/media/jersey-media-multipart/2.33/jersey-media-multipart-2.33.jar:/home/alex/.m2/repository/org/jvnet/mimepull/mimepull/1.9.13/mimepull-1.9.13.jar:/home/alex/Repositories/nifi/nifi-commons/nifi-expression-language/target/classes:/home/alex/.m2/repository/org/antlr/antlr-runtime/3.5.2/antlr-runtime-3.5.2.jar:/home/alex/Repositories/nifi/nifi-commons/nifi-uuid5/target/classes:/home/alex/.m2/repository/com/jayway/jsonpath/json-path/2.6.0/json-path-2.6.0.jar:/home/alex/Repositories/nifi/nifi-commons/nifi-data-provenance-utils/target/classes:/home/alex/.m2/repository/com/github/ben-manes/caffeine/caffeine/2.9.2/caffeine-2.9.2.jar:/home/alex/.m2/repository/org/checkerframework/checker-qual/3.10.0/checker-qual-3.10.0.jar:/home/alex/.m2/repository/com/google/errorprone/error_prone_annotations/2.5.1/error_prone_annotations-2.5.1.jar:/home/alex/.m2/repository/commons-io/commons-io/2.10.0/commons-io-2.10.0.jar:/home/alex/.m2/repository/commons-lang/commons-lang/2.6/commons-lang-2.6.jar:/home/alex/Repositories/nifi/nifi-commons/nifi-properties/target/classes:/home/alex/Repositories/nifi/nifi-commons/nifi-property-utils/target/classes:/home/alex/Repositories/nifi/nifi-nar-bundles/nifi-standard-services/nifi-record-serialization-service-api/target/classes:/home/alex/Repositories/nifi/nifi-commons/nifi-record/target/classes:/home/alex/.m2/repository/org/junit/jupiter/junit-jupiter-api/5.7.2/junit-jupiter-api-5.7.2.jar:/home/alex/.m2/repository/org/apiguardian/apiguardian-api/1.1.0/apiguardian-api-1.1.0.jar:/home/alex/.m2/repository/org/opentest4j/opentest4j/1.2.0/opentest4j-1.2.0.jar:/home/alex/.m2/repository/org/junit/platform/junit-platform-commons/1.7.2/junit-platform-commons-1.7.2.jar:/home/alex/.m2/repository/org/junit/jupiter/junit-jupiter-engine/5.7.2/junit-jupiter-engine-5.7.2.jar:/home/alex/.m2/repository/org/junit/platform/junit-platform-engine/1.7.2/junit-platform-engine-1.7.2.jar:/home/alex/.m2/repository/org/junit/vintage/junit-vintage-engine/5.7.2/junit-vintage-engine-5.7.2.jar:/home/alex/.m2/repository/junit/junit/4.13.2/junit-4.13.2.jar:/home/alex/.m2/repository/org/hamcrest/hamcrest-core/1.3/hamcrest-core-1.3.jar:/home/alex/.m2/repository/org/junit/jupiter/junit-jupiter-params/5.7.2/junit-jupiter-params-5.7.2.jar:/home/alex/.m2/repository/org/mockito/mockito-core/3.11.2/mockito-core-3.11.2.jar:/home/alex/.m2/repository/net/bytebuddy/byte-buddy/1.11.3/byte-buddy-1.11.3.jar:/home/alex/.m2/repository/net/bytebuddy/byte-buddy-agent/1.11.3/byte-buddy-agent-1.11.3.jar:/home/alex/.m2/repository/org/objenesis/objenesis/3.2/objenesis-3.2.jar:/home/alex/.m2/repository/org/mockito/mockito-junit-jupiter/3.11.2/mockito-junit-jupiter-3.11.2.jar:/home/alex/.m2/repository/org/slf4j/slf4j-simple/1.7.32/slf4j-simple-1.7.32.jar:/home/alex/.m2/repository/org/codehaus/groovy/groovy-test/2.5.14/groovy-test-2.5.14.jar:/home/alex/.m2/repository/org/codehaus/groovy/groovy/2.5.14/groovy-2.5.14.jar:"/>
    <property name="sun.cpu.endian" value="little"/>
    <property name="user.home" value="/home/alex"/>
    <property name="user.language" value="en"/>
    <property name="org.slf4j.simpleLogger.log.nifi.processors.hadoop" value="debug"/>
    <property name="java.specification.vendor" value="Oracle Corporation"/>
    <property name="java.home" value="/usr/lib/jvm/java-8-openjdk-amd64/jre"/>
    <property name="basedir" value="/home/alex/Repositories/nifi/nifi-nar-bundles/nifi-hadoop-bundle/nifi-hdfs-processors"/>
    <property name="file.separator" value="/"/>
    <property name="line.separator" value="&#10;"/>
    <property name="java.vm.specification.vendor" value="Oracle Corporation"/>
    <property name="java.specification.name" value="Java Platform API Specification"/>
    <property name="java.awt.graphicsenv" value="sun.awt.X11GraphicsEnvironment"/>
    <property name="java.awt.headless" value="true"/>
    <property name="org.slf4j.simpleLogger.showDateTime" value="true"/>
    <property name="surefire.real.class.path" value="/home/alex/Repositories/nifi/nifi-nar-bundles/nifi-hadoop-bundle/nifi-hdfs-processors/target/surefire/surefirebooter6334800137225202568.jar"/>
    <property name="sun.boot.class.path" value="/usr/lib/jvm/java-8-openjdk-amd64/jre/lib/resources.jar:/usr/lib/jvm/java-8-openjdk-amd64/jre/lib/rt.jar:/usr/lib/jvm/java-8-openjdk-amd64/jre/lib/sunrsasign.jar:/usr/lib/jvm/java-8-openjdk-amd64/jre/lib/jsse.jar:/usr/lib/jvm/java-8-openjdk-amd64/jre/lib/jce.jar:/usr/lib/jvm/java-8-openjdk-amd64/jre/lib/charsets.jar:/usr/lib/jvm/java-8-openjdk-amd64/jre/lib/jfr.jar:/usr/lib/jvm/java-8-openjdk-amd64/jre/classes"/>
    <property name="sun.management.compiler" value="HotSpot 64-Bit Tiered Compilers"/>
    <property name="java.runtime.version" value="1.8.0_402-8u402-ga-2ubuntu1~22.04-b06"/>
    <property name="java.net.preferIPv4Stack" value="true"/>
    <property name="user.name" value="alex"/>
    <property name="path.separator" value=":"/>
    <property name="os.version" value="6.5.0-28-generic"/>
    <property name="java.endorsed.dirs" value="/usr/lib/jvm/java-8-openjdk-amd64/jre/lib/endorsed"/>
    <property name="java.runtime.name" value="OpenJDK Runtime Environment"/>
    <property name="file.encoding" value="UTF-8"/>
    <property name="java.security.krb5.realm" value="nifi.com"/>
    <property name="java.vm.name" value="OpenJDK 64-Bit Server VM"/>
    <property name="localRepository" value="/home/alex/.m2/repository"/>
    <property name="java.vendor.url.bug" value="http://bugreport.sun.com/bugreport/"/>
    <property name="java.io.tmpdir" value="/tmp"/>
    <property name="java.version" value="1.8.0_402"/>
    <property name="user.dir" value="/home/alex/Repositories/nifi/nifi-nar-bundles/nifi-hadoop-bundle/nifi-hdfs-processors"/>
    <property name="java.security.krb5.kdc" value="nifi.kdc"/>
    <property name="os.arch" value="amd64"/>
    <property name="java.vm.specification.name" value="Java Virtual Machine Specification"/>
    <property name="java.awt.printerjob" value="sun.print.PSPrinterJob"/>
    <property name="sun.os.patch.level" value="unknown"/>
    <property name="org.slf4j.simpleLogger.defaultLogLevel" value="info"/>
    <property name="java.library.path" value="/usr/java/packages/lib/amd64:/usr/lib/x86_64-linux-gnu/jni:/lib/x86_64-linux-gnu:/usr/lib/x86_64-linux-gnu:/usr/lib/jni:/lib:/usr/lib"/>
    <property name="java.vm.info" value="mixed mode"/>
    <property name="java.vendor" value="Private Build"/>
    <property name="java.vm.version" value="25.402-b06"/>
    <property name="java.specification.maintenance.version" value="5"/>
    <property name="java.ext.dirs" value="/usr/lib/jvm/java-8-openjdk-amd64/jre/lib/ext:/usr/java/packages/lib/ext"/>
    <property name="sun.io.unicode.encoding" value="UnicodeLittle"/>
    <property name="java.class.version" value="52.0"/>
  </properties>
  <testcase name="testSimpleCase" classname="org.apache.nifi.processors.hadoop.TestCreateHadoopSequenceFile" time="0.067">
    <system-err><![CDATA[1774 [main] ERROR org.apache.nifi.processors.hadoop.TestCreateHadoopSequenceFile$TestableCreateHadoopSequenceFile - [TestableCreateHadoopSequenceFile[id=e9dbb4a0-f8e4-4bce-94c2-9c3704597eab]] org.apache.hadoop.mapred.JobConf
java.lang.ClassNotFoundException: org.apache.hadoop.mapred.JobConf
	at java.net.URLClassLoader.findClass(URLClassLoader.java:387)
	at java.lang.ClassLoader.loadClass(ClassLoader.java:418)
	at sun.misc.Launcher$AppClassLoader.loadClass(Launcher.java:352)
	at java.lang.ClassLoader.loadClass(ClassLoader.java:351)
	at java.lang.Class.forName0(Native Method)
	at java.lang.Class.forName(Class.java:348)
	at org.apache.nifi.processors.hadoop.ExtendedConfiguration.getClassByNameOrNull(ExtendedConfiguration.java:70)
	at org.apache.hadoop.util.ReflectionUtils.setJobConf(ReflectionUtils.java:98)
	at org.apache.hadoop.util.ReflectionUtils.setConf(ReflectionUtils.java:81)
	at org.apache.hadoop.util.ReflectionUtils.newInstance(ReflectionUtils.java:139)
	at org.apache.hadoop.fs.FileSystem.createFileSystem(FileSystem.java:3412)
	at org.apache.hadoop.fs.FileSystem.get(FileSystem.java:521)
	at org.apache.hadoop.fs.FileSystem.get(FileSystem.java:272)
	at org.apache.nifi.processors.hadoop.AbstractHadoopProcessor$1.run(AbstractHadoopProcessor.java:546)
	at org.apache.nifi.processors.hadoop.AbstractHadoopProcessor$1.run(AbstractHadoopProcessor.java:543)
	at java.security.AccessController.doPrivileged(Native Method)
	at javax.security.auth.Subject.doAs(Subject.java:422)
	at org.apache.hadoop.security.UserGroupInformation.doAs(UserGroupInformation.java:1845)
	at org.apache.nifi.processors.hadoop.AbstractHadoopProcessor.getFileSystemAsUser(AbstractHadoopProcessor.java:543)
	at org.apache.nifi.processors.hadoop.AbstractHadoopProcessor.resetHDFSResources(AbstractHadoopProcessor.java:476)
	at org.apache.nifi.processors.hadoop.AbstractHadoopProcessor.abstractOnScheduled(AbstractHadoopProcessor.java:352)
	at sun.reflect.NativeMethodAccessorImpl.invoke0(Native Method)
	at sun.reflect.NativeMethodAccessorImpl.invoke(NativeMethodAccessorImpl.java:62)
	at sun.reflect.DelegatingMethodAccessorImpl.invoke(DelegatingMethodAccessorImpl.java:43)
	at java.lang.reflect.Method.invoke(Method.java:498)
	at org.apache.nifi.util.ReflectionUtils.invokeMethodsWithAnnotation(ReflectionUtils.java:68)
	at org.apache.nifi.util.StandardProcessorTestRunner.run(StandardProcessorTestRunner.java:203)
	at org.apache.nifi.util.StandardProcessorTestRunner.run(StandardProcessorTestRunner.java:185)
	at org.apache.nifi.util.StandardProcessorTestRunner.run(StandardProcessorTestRunner.java:180)
	at org.apache.nifi.util.StandardProcessorTestRunner.run(StandardProcessorTestRunner.java:175)
	at org.apache.nifi.processors.hadoop.TestCreateHadoopSequenceFile.testSimpleCase(TestCreateHadoopSequenceFile.java:100)
	at sun.reflect.NativeMethodAccessorImpl.invoke0(Native Method)
	at sun.reflect.NativeMethodAccessorImpl.invoke(NativeMethodAccessorImpl.java:62)
	at sun.reflect.DelegatingMethodAccessorImpl.invoke(DelegatingMethodAccessorImpl.java:43)
	at java.lang.reflect.Method.invoke(Method.java:498)
	at org.junit.runners.model.FrameworkMethod$1.runReflectiveCall(FrameworkMethod.java:59)
	at org.junit.internal.runners.model.ReflectiveCallable.run(ReflectiveCallable.java:12)
	at org.junit.runners.model.FrameworkMethod.invokeExplosively(FrameworkMethod.java:56)
	at org.junit.internal.runners.statements.InvokeMethod.evaluate(InvokeMethod.java:17)
	at org.junit.internal.runners.statements.RunBefores.evaluate(RunBefores.java:26)
	at org.junit.internal.runners.statements.RunAfters.evaluate(RunAfters.java:27)
	at org.junit.runners.ParentRunner$3.evaluate(ParentRunner.java:306)
	at org.junit.runners.BlockJUnit4ClassRunner$1.evaluate(BlockJUnit4ClassRunner.java:100)
	at org.junit.runners.ParentRunner.runLeaf(ParentRunner.java:366)
	at org.junit.runners.BlockJUnit4ClassRunner.runChild(BlockJUnit4ClassRunner.java:103)
	at org.junit.runners.BlockJUnit4ClassRunner.runChild(BlockJUnit4ClassRunner.java:63)
	at org.junit.runners.ParentRunner$4.run(ParentRunner.java:331)
	at org.junit.runners.ParentRunner$1.schedule(ParentRunner.java:79)
	at org.junit.runners.ParentRunner.runChildren(ParentRunner.java:329)
	at org.junit.runners.ParentRunner.access$100(ParentRunner.java:66)
	at org.junit.runners.ParentRunner$2.evaluate(ParentRunner.java:293)
	at org.junit.internal.runners.statements.RunBefores.evaluate(RunBefores.java:26)
	at org.junit.runners.ParentRunner$3.evaluate(ParentRunner.java:306)
	at org.junit.runners.ParentRunner.run(ParentRunner.java:413)
	at org.junit.runner.JUnitCore.run(JUnitCore.java:137)
	at org.junit.runner.JUnitCore.run(JUnitCore.java:115)
	at org.junit.vintage.engine.execution.RunnerExecutor.execute(RunnerExecutor.java:43)
	at java.util.stream.ForEachOps$ForEachOp$OfRef.accept(ForEachOps.java:183)
	at java.util.stream.ReferencePipeline$3$1.accept(ReferencePipeline.java:193)
	at java.util.Iterator.forEachRemaining(Iterator.java:116)
	at java.util.Spliterators$IteratorSpliterator.forEachRemaining(Spliterators.java:1801)
	at java.util.stream.AbstractPipeline.copyInto(AbstractPipeline.java:482)
	at java.util.stream.AbstractPipeline.wrapAndCopyInto(AbstractPipeline.java:472)
	at java.util.stream.ForEachOps$ForEachOp.evaluateSequential(ForEachOps.java:150)
	at java.util.stream.ForEachOps$ForEachOp$OfRef.evaluateSequential(ForEachOps.java:173)
	at java.util.stream.AbstractPipeline.evaluate(AbstractPipeline.java:234)
	at java.util.stream.ReferencePipeline.forEach(ReferencePipeline.java:485)
	at org.junit.vintage.engine.VintageTestEngine.executeAllChildren(VintageTestEngine.java:82)
	at org.junit.vintage.engine.VintageTestEngine.execute(VintageTestEngine.java:73)
	at org.junit.platform.launcher.core.EngineExecutionOrchestrator.execute(EngineExecutionOrchestrator.java:108)
	at org.junit.platform.launcher.core.EngineExecutionOrchestrator.execute(EngineExecutionOrchestrator.java:88)
	at org.junit.platform.launcher.core.EngineExecutionOrchestrator.lambda$execute$0(EngineExecutionOrchestrator.java:54)
	at org.junit.platform.launcher.core.EngineExecutionOrchestrator.withInterceptedStreams(EngineExecutionOrchestrator.java:67)
	at org.junit.platform.launcher.core.EngineExecutionOrchestrator.execute(EngineExecutionOrchestrator.java:52)
	at org.junit.platform.launcher.core.DefaultLauncher.execute(DefaultLauncher.java:96)
	at org.junit.platform.launcher.core.DefaultLauncher.execute(DefaultLauncher.java:75)
	at org.apache.maven.surefire.junitplatform.JUnitPlatformProvider.execute(JUnitPlatformProvider.java:188)
	at org.apache.maven.surefire.junitplatform.JUnitPlatformProvider.invokeAllTests(JUnitPlatformProvider.java:154)
	at org.apache.maven.surefire.junitplatform.JUnitPlatformProvider.invoke(JUnitPlatformProvider.java:128)
	at org.apache.maven.surefire.booter.ForkedBooter.runSuitesInProcess(ForkedBooter.java:428)
	at org.apache.maven.surefire.booter.ForkedBooter.execute(ForkedBooter.java:162)
	at org.apache.maven.surefire.booter.ForkedBooter.run(ForkedBooter.java:562)
	at org.apache.maven.surefire.booter.ForkedBooter.main(ForkedBooter.java:548)
1775 [main] INFO org.apache.nifi.processors.hadoop.TestCreateHadoopSequenceFile$TestableCreateHadoopSequenceFile - TestableCreateHadoopSequenceFile[id=e9dbb4a0-f8e4-4bce-94c2-9c3704597eab] Initialized a new HDFS File System with working dir: file:/home/alex/Repositories/nifi/nifi-nar-bundles/nifi-hadoop-bundle/nifi-hdfs-processors default block size: 33554432 default replication: 1 config: Configuration: core-default.xml, core-site.xml, hdfs-default.xml, hdfs-rbf-default.xml, hdfs-site.xml, hdfs-rbf-site.xml
1783 [pool-8-thread-1] ERROR org.apache.nifi.processors.hadoop.TestCreateHadoopSequenceFile$TestableCreateHadoopSequenceFile - [TestableCreateHadoopSequenceFile[id=e9dbb4a0-f8e4-4bce-94c2-9c3704597eab]] org.apache.hadoop.mapred.JobConf
java.lang.ClassNotFoundException: org.apache.hadoop.mapred.JobConf
	at java.net.URLClassLoader.findClass(URLClassLoader.java:387)
	at java.lang.ClassLoader.loadClass(ClassLoader.java:418)
	at sun.misc.Launcher$AppClassLoader.loadClass(Launcher.java:352)
	at java.lang.ClassLoader.loadClass(ClassLoader.java:351)
	at java.lang.Class.forName0(Native Method)
	at java.lang.Class.forName(Class.java:348)
	at org.apache.nifi.processors.hadoop.ExtendedConfiguration.getClassByNameOrNull(ExtendedConfiguration.java:70)
	at org.apache.hadoop.util.ReflectionUtils.setJobConf(ReflectionUtils.java:98)
	at org.apache.hadoop.util.ReflectionUtils.setConf(ReflectionUtils.java:81)
	at org.apache.hadoop.util.ReflectionUtils.newInstance(ReflectionUtils.java:139)
	at org.apache.hadoop.io.compress.CompressionCodecFactory.<init>(CompressionCodecFactory.java:186)
	at org.apache.nifi.processors.hadoop.AbstractHadoopProcessor.getCompressionCodec(AbstractHadoopProcessor.java:588)
	at org.apache.nifi.processors.hadoop.CreateHadoopSequenceFile.onTrigger(CreateHadoopSequenceFile.java:169)
	at org.apache.nifi.processor.AbstractProcessor.onTrigger(AbstractProcessor.java:27)
	at org.apache.nifi.util.StandardProcessorTestRunner$RunProcessor.call(StandardProcessorTestRunner.java:284)
	at org.apache.nifi.util.StandardProcessorTestRunner$RunProcessor.call(StandardProcessorTestRunner.java:278)
	at java.util.concurrent.FutureTask.run(FutureTask.java:266)
	at java.util.concurrent.ScheduledThreadPoolExecutor$ScheduledFutureTask.access$201(ScheduledThreadPoolExecutor.java:180)
	at java.util.concurrent.ScheduledThreadPoolExecutor$ScheduledFutureTask.run(ScheduledThreadPoolExecutor.java:293)
	at java.util.concurrent.ThreadPoolExecutor.runWorker(ThreadPoolExecutor.java:1149)
	at java.util.concurrent.ThreadPoolExecutor$Worker.run(ThreadPoolExecutor.java:624)
	at java.lang.Thread.run(Thread.java:750)
1784 [pool-8-thread-1] ERROR org.apache.nifi.processors.hadoop.TestCreateHadoopSequenceFile$TestableCreateHadoopSequenceFile - [TestableCreateHadoopSequenceFile[id=e9dbb4a0-f8e4-4bce-94c2-9c3704597eab]] org.apache.hadoop.mapred.JobConf
java.lang.ClassNotFoundException: org.apache.hadoop.mapred.JobConf
	at java.net.URLClassLoader.findClass(URLClassLoader.java:387)
	at java.lang.ClassLoader.loadClass(ClassLoader.java:418)
	at sun.misc.Launcher$AppClassLoader.loadClass(Launcher.java:352)
	at java.lang.ClassLoader.loadClass(ClassLoader.java:351)
	at java.lang.Class.forName0(Native Method)
	at java.lang.Class.forName(Class.java:348)
	at org.apache.nifi.processors.hadoop.ExtendedConfiguration.getClassByNameOrNull(ExtendedConfiguration.java:70)
	at org.apache.hadoop.util.ReflectionUtils.setJobConf(ReflectionUtils.java:98)
	at org.apache.hadoop.util.ReflectionUtils.setConf(ReflectionUtils.java:81)
	at org.apache.hadoop.util.ReflectionUtils.newInstance(ReflectionUtils.java:139)
	at org.apache.hadoop.io.compress.CompressionCodecFactory.<init>(CompressionCodecFactory.java:186)
	at org.apache.nifi.processors.hadoop.AbstractHadoopProcessor.getCompressionCodec(AbstractHadoopProcessor.java:588)
	at org.apache.nifi.processors.hadoop.CreateHadoopSequenceFile.onTrigger(CreateHadoopSequenceFile.java:169)
	at org.apache.nifi.processor.AbstractProcessor.onTrigger(AbstractProcessor.java:27)
	at org.apache.nifi.util.StandardProcessorTestRunner$RunProcessor.call(StandardProcessorTestRunner.java:284)
	at org.apache.nifi.util.StandardProcessorTestRunner$RunProcessor.call(StandardProcessorTestRunner.java:278)
	at java.util.concurrent.FutureTask.run(FutureTask.java:266)
	at java.util.concurrent.ScheduledThreadPoolExecutor$ScheduledFutureTask.access$201(ScheduledThreadPoolExecutor.java:180)
	at java.util.concurrent.ScheduledThreadPoolExecutor$ScheduledFutureTask.run(ScheduledThreadPoolExecutor.java:293)
	at java.util.concurrent.ThreadPoolExecutor.runWorker(ThreadPoolExecutor.java:1149)
	at java.util.concurrent.ThreadPoolExecutor$Worker.run(ThreadPoolExecutor.java:624)
	at java.lang.Thread.run(Thread.java:750)
1784 [pool-8-thread-1] ERROR org.apache.nifi.processors.hadoop.TestCreateHadoopSequenceFile$TestableCreateHadoopSequenceFile - [TestableCreateHadoopSequenceFile[id=e9dbb4a0-f8e4-4bce-94c2-9c3704597eab]] org.apache.hadoop.mapred.JobConf
java.lang.ClassNotFoundException: org.apache.hadoop.mapred.JobConf
	at java.net.URLClassLoader.findClass(URLClassLoader.java:387)
	at java.lang.ClassLoader.loadClass(ClassLoader.java:418)
	at sun.misc.Launcher$AppClassLoader.loadClass(Launcher.java:352)
	at java.lang.ClassLoader.loadClass(ClassLoader.java:351)
	at java.lang.Class.forName0(Native Method)
	at java.lang.Class.forName(Class.java:348)
	at org.apache.nifi.processors.hadoop.ExtendedConfiguration.getClassByNameOrNull(ExtendedConfiguration.java:70)
	at org.apache.hadoop.util.ReflectionUtils.setJobConf(ReflectionUtils.java:98)
	at org.apache.hadoop.util.ReflectionUtils.setConf(ReflectionUtils.java:81)
	at org.apache.hadoop.util.ReflectionUtils.newInstance(ReflectionUtils.java:139)
	at org.apache.hadoop.io.compress.CompressionCodecFactory.<init>(CompressionCodecFactory.java:186)
	at org.apache.nifi.processors.hadoop.AbstractHadoopProcessor.getCompressionCodec(AbstractHadoopProcessor.java:588)
	at org.apache.nifi.processors.hadoop.CreateHadoopSequenceFile.onTrigger(CreateHadoopSequenceFile.java:169)
	at org.apache.nifi.processor.AbstractProcessor.onTrigger(AbstractProcessor.java:27)
	at org.apache.nifi.util.StandardProcessorTestRunner$RunProcessor.call(StandardProcessorTestRunner.java:284)
	at org.apache.nifi.util.StandardProcessorTestRunner$RunProcessor.call(StandardProcessorTestRunner.java:278)
	at java.util.concurrent.FutureTask.run(FutureTask.java:266)
	at java.util.concurrent.ScheduledThreadPoolExecutor$ScheduledFutureTask.access$201(ScheduledThreadPoolExecutor.java:180)
	at java.util.concurrent.ScheduledThreadPoolExecutor$ScheduledFutureTask.run(ScheduledThreadPoolExecutor.java:293)
	at java.util.concurrent.ThreadPoolExecutor.runWorker(ThreadPoolExecutor.java:1149)
	at java.util.concurrent.ThreadPoolExecutor$Worker.run(ThreadPoolExecutor.java:624)
	at java.lang.Thread.run(Thread.java:750)
1785 [pool-8-thread-1] ERROR org.apache.nifi.processors.hadoop.TestCreateHadoopSequenceFile$TestableCreateHadoopSequenceFile - [TestableCreateHadoopSequenceFile[id=e9dbb4a0-f8e4-4bce-94c2-9c3704597eab]] org.apache.hadoop.mapred.JobConf
java.lang.ClassNotFoundException: org.apache.hadoop.mapred.JobConf
	at java.net.URLClassLoader.findClass(URLClassLoader.java:387)
	at java.lang.ClassLoader.loadClass(ClassLoader.java:418)
	at sun.misc.Launcher$AppClassLoader.loadClass(Launcher.java:352)
	at java.lang.ClassLoader.loadClass(ClassLoader.java:351)
	at java.lang.Class.forName0(Native Method)
	at java.lang.Class.forName(Class.java:348)
	at org.apache.nifi.processors.hadoop.ExtendedConfiguration.getClassByNameOrNull(ExtendedConfiguration.java:70)
	at org.apache.hadoop.util.ReflectionUtils.setJobConf(ReflectionUtils.java:98)
	at org.apache.hadoop.util.ReflectionUtils.setConf(ReflectionUtils.java:81)
	at org.apache.hadoop.util.ReflectionUtils.newInstance(ReflectionUtils.java:139)
	at org.apache.hadoop.io.compress.CompressionCodecFactory.<init>(CompressionCodecFactory.java:186)
	at org.apache.nifi.processors.hadoop.AbstractHadoopProcessor.getCompressionCodec(AbstractHadoopProcessor.java:588)
	at org.apache.nifi.processors.hadoop.CreateHadoopSequenceFile.onTrigger(CreateHadoopSequenceFile.java:169)
	at org.apache.nifi.processor.AbstractProcessor.onTrigger(AbstractProcessor.java:27)
	at org.apache.nifi.util.StandardProcessorTestRunner$RunProcessor.call(StandardProcessorTestRunner.java:284)
	at org.apache.nifi.util.StandardProcessorTestRunner$RunProcessor.call(StandardProcessorTestRunner.java:278)
	at java.util.concurrent.FutureTask.run(FutureTask.java:266)
	at java.util.concurrent.ScheduledThreadPoolExecutor$ScheduledFutureTask.access$201(ScheduledThreadPoolExecutor.java:180)
	at java.util.concurrent.ScheduledThreadPoolExecutor$ScheduledFutureTask.run(ScheduledThreadPoolExecutor.java:293)
	at java.util.concurrent.ThreadPoolExecutor.runWorker(ThreadPoolExecutor.java:1149)
	at java.util.concurrent.ThreadPoolExecutor$Worker.run(ThreadPoolExecutor.java:624)
	at java.lang.Thread.run(Thread.java:750)
1786 [pool-8-thread-1] ERROR org.apache.nifi.processors.hadoop.TestCreateHadoopSequenceFile$TestableCreateHadoopSequenceFile - [TestableCreateHadoopSequenceFile[id=e9dbb4a0-f8e4-4bce-94c2-9c3704597eab]] org.apache.hadoop.mapred.JobConf
java.lang.ClassNotFoundException: org.apache.hadoop.mapred.JobConf
	at java.net.URLClassLoader.findClass(URLClassLoader.java:387)
	at java.lang.ClassLoader.loadClass(ClassLoader.java:418)
	at sun.misc.Launcher$AppClassLoader.loadClass(Launcher.java:352)
	at java.lang.ClassLoader.loadClass(ClassLoader.java:351)
	at java.lang.Class.forName0(Native Method)
	at java.lang.Class.forName(Class.java:348)
	at org.apache.nifi.processors.hadoop.ExtendedConfiguration.getClassByNameOrNull(ExtendedConfiguration.java:70)
	at org.apache.hadoop.util.ReflectionUtils.setJobConf(ReflectionUtils.java:98)
	at org.apache.hadoop.util.ReflectionUtils.setConf(ReflectionUtils.java:81)
	at org.apache.hadoop.util.ReflectionUtils.newInstance(ReflectionUtils.java:139)
	at org.apache.hadoop.io.compress.CompressionCodecFactory.<init>(CompressionCodecFactory.java:186)
	at org.apache.nifi.processors.hadoop.AbstractHadoopProcessor.getCompressionCodec(AbstractHadoopProcessor.java:588)
	at org.apache.nifi.processors.hadoop.CreateHadoopSequenceFile.onTrigger(CreateHadoopSequenceFile.java:169)
	at org.apache.nifi.processor.AbstractProcessor.onTrigger(AbstractProcessor.java:27)
	at org.apache.nifi.util.StandardProcessorTestRunner$RunProcessor.call(StandardProcessorTestRunner.java:284)
	at org.apache.nifi.util.StandardProcessorTestRunner$RunProcessor.call(StandardProcessorTestRunner.java:278)
	at java.util.concurrent.FutureTask.run(FutureTask.java:266)
	at java.util.concurrent.ScheduledThreadPoolExecutor$ScheduledFutureTask.access$201(ScheduledThreadPoolExecutor.java:180)
	at java.util.concurrent.ScheduledThreadPoolExecutor$ScheduledFutureTask.run(ScheduledThreadPoolExecutor.java:293)
	at java.util.concurrent.ThreadPoolExecutor.runWorker(ThreadPoolExecutor.java:1149)
	at java.util.concurrent.ThreadPoolExecutor$Worker.run(ThreadPoolExecutor.java:624)
	at java.lang.Thread.run(Thread.java:750)
1786 [pool-8-thread-1] ERROR org.apache.nifi.processors.hadoop.TestCreateHadoopSequenceFile$TestableCreateHadoopSequenceFile - [TestableCreateHadoopSequenceFile[id=e9dbb4a0-f8e4-4bce-94c2-9c3704597eab]] org.apache.hadoop.mapred.JobConf
java.lang.ClassNotFoundException: org.apache.hadoop.mapred.JobConf
	at java.net.URLClassLoader.findClass(URLClassLoader.java:387)
	at java.lang.ClassLoader.loadClass(ClassLoader.java:418)
	at sun.misc.Launcher$AppClassLoader.loadClass(Launcher.java:352)
	at java.lang.ClassLoader.loadClass(ClassLoader.java:351)
	at java.lang.Class.forName0(Native Method)
	at java.lang.Class.forName(Class.java:348)
	at org.apache.nifi.processors.hadoop.ExtendedConfiguration.getClassByNameOrNull(ExtendedConfiguration.java:70)
	at org.apache.hadoop.util.ReflectionUtils.setJobConf(ReflectionUtils.java:98)
	at org.apache.hadoop.util.ReflectionUtils.setConf(ReflectionUtils.java:81)
	at org.apache.hadoop.util.ReflectionUtils.newInstance(ReflectionUtils.java:139)
	at org.apache.hadoop.io.compress.CompressionCodecFactory.<init>(CompressionCodecFactory.java:186)
	at org.apache.nifi.processors.hadoop.AbstractHadoopProcessor.getCompressionCodec(AbstractHadoopProcessor.java:588)
	at org.apache.nifi.processors.hadoop.CreateHadoopSequenceFile.onTrigger(CreateHadoopSequenceFile.java:169)
	at org.apache.nifi.processor.AbstractProcessor.onTrigger(AbstractProcessor.java:27)
	at org.apache.nifi.util.StandardProcessorTestRunner$RunProcessor.call(StandardProcessorTestRunner.java:284)
	at org.apache.nifi.util.StandardProcessorTestRunner$RunProcessor.call(StandardProcessorTestRunner.java:278)
	at java.util.concurrent.FutureTask.run(FutureTask.java:266)
	at java.util.concurrent.ScheduledThreadPoolExecutor$ScheduledFutureTask.access$201(ScheduledThreadPoolExecutor.java:180)
	at java.util.concurrent.ScheduledThreadPoolExecutor$ScheduledFutureTask.run(ScheduledThreadPoolExecutor.java:293)
	at java.util.concurrent.ThreadPoolExecutor.runWorker(ThreadPoolExecutor.java:1149)
	at java.util.concurrent.ThreadPoolExecutor$Worker.run(ThreadPoolExecutor.java:624)
	at java.lang.Thread.run(Thread.java:750)
1787 [pool-8-thread-1] ERROR org.apache.nifi.processors.hadoop.TestCreateHadoopSequenceFile$TestableCreateHadoopSequenceFile - [TestableCreateHadoopSequenceFile[id=e9dbb4a0-f8e4-4bce-94c2-9c3704597eab]] org.apache.hadoop.mapred.JobConf
java.lang.ClassNotFoundException: org.apache.hadoop.mapred.JobConf
	at java.net.URLClassLoader.findClass(URLClassLoader.java:387)
	at java.lang.ClassLoader.loadClass(ClassLoader.java:418)
	at sun.misc.Launcher$AppClassLoader.loadClass(Launcher.java:352)
	at java.lang.ClassLoader.loadClass(ClassLoader.java:351)
	at java.lang.Class.forName0(Native Method)
	at java.lang.Class.forName(Class.java:348)
	at org.apache.nifi.processors.hadoop.ExtendedConfiguration.getClassByNameOrNull(ExtendedConfiguration.java:70)
	at org.apache.hadoop.util.ReflectionUtils.setJobConf(ReflectionUtils.java:98)
	at org.apache.hadoop.util.ReflectionUtils.setConf(ReflectionUtils.java:81)
	at org.apache.hadoop.util.ReflectionUtils.newInstance(ReflectionUtils.java:139)
	at org.apache.hadoop.io.compress.CompressionCodecFactory.<init>(CompressionCodecFactory.java:186)
	at org.apache.nifi.processors.hadoop.AbstractHadoopProcessor.getCompressionCodec(AbstractHadoopProcessor.java:588)
	at org.apache.nifi.processors.hadoop.CreateHadoopSequenceFile.onTrigger(CreateHadoopSequenceFile.java:169)
	at org.apache.nifi.processor.AbstractProcessor.onTrigger(AbstractProcessor.java:27)
	at org.apache.nifi.util.StandardProcessorTestRunner$RunProcessor.call(StandardProcessorTestRunner.java:284)
	at org.apache.nifi.util.StandardProcessorTestRunner$RunProcessor.call(StandardProcessorTestRunner.java:278)
	at java.util.concurrent.FutureTask.run(FutureTask.java:266)
	at java.util.concurrent.ScheduledThreadPoolExecutor$ScheduledFutureTask.access$201(ScheduledThreadPoolExecutor.java:180)
	at java.util.concurrent.ScheduledThreadPoolExecutor$ScheduledFutureTask.run(ScheduledThreadPoolExecutor.java:293)
	at java.util.concurrent.ThreadPoolExecutor.runWorker(ThreadPoolExecutor.java:1149)
	at java.util.concurrent.ThreadPoolExecutor$Worker.run(ThreadPoolExecutor.java:624)
	at java.lang.Thread.run(Thread.java:750)
1799 [pool-8-thread-1] ERROR org.apache.nifi.processors.hadoop.TestCreateHadoopSequenceFile$TestableCreateHadoopSequenceFile - [TestableCreateHadoopSequenceFile[id=e9dbb4a0-f8e4-4bce-94c2-9c3704597eab]] org.apache.hadoop.mapred.JobConf
java.lang.ClassNotFoundException: org.apache.hadoop.mapred.JobConf
	at java.net.URLClassLoader.findClass(URLClassLoader.java:387)
	at java.lang.ClassLoader.loadClass(ClassLoader.java:418)
	at sun.misc.Launcher$AppClassLoader.loadClass(Launcher.java:352)
	at java.lang.ClassLoader.loadClass(ClassLoader.java:351)
	at java.lang.Class.forName0(Native Method)
	at java.lang.Class.forName(Class.java:348)
	at org.apache.nifi.processors.hadoop.ExtendedConfiguration.getClassByNameOrNull(ExtendedConfiguration.java:70)
	at org.apache.hadoop.util.ReflectionUtils.setJobConf(ReflectionUtils.java:98)
	at org.apache.hadoop.util.ReflectionUtils.setConf(ReflectionUtils.java:81)
	at org.apache.hadoop.util.ReflectionUtils.newInstance(ReflectionUtils.java:139)
	at org.apache.hadoop.io.serializer.SerializationFactory.add(SerializationFactory.java:73)
	at org.apache.hadoop.io.serializer.SerializationFactory.<init>(SerializationFactory.java:63)
	at org.apache.hadoop.io.SequenceFile$Writer.init(SequenceFile.java:1278)
	at org.apache.hadoop.io.SequenceFile$Writer.<init>(SequenceFile.java:1192)
	at org.apache.hadoop.io.SequenceFile.createWriter(SequenceFile.java:285)
	at org.apache.nifi.processors.hadoop.SequenceFileWriterImpl$1.process(SequenceFileWriterImpl.java:96)
	at org.apache.nifi.util.MockProcessSession.write(MockProcessSession.java:979)
	at org.apache.nifi.util.MockProcessSession.write(MockProcessSession.java:67)
	at org.apache.nifi.processors.hadoop.SequenceFileWriterImpl.writeSequenceFile(SequenceFileWriterImpl.java:76)
	at org.apache.nifi.processors.hadoop.CreateHadoopSequenceFile.onTrigger(CreateHadoopSequenceFile.java:180)
	at org.apache.nifi.processor.AbstractProcessor.onTrigger(AbstractProcessor.java:27)
	at org.apache.nifi.util.StandardProcessorTestRunner$RunProcessor.call(StandardProcessorTestRunner.java:284)
	at org.apache.nifi.util.StandardProcessorTestRunner$RunProcessor.call(StandardProcessorTestRunner.java:278)
	at java.util.concurrent.FutureTask.run(FutureTask.java:266)
	at java.util.concurrent.ScheduledThreadPoolExecutor$ScheduledFutureTask.access$201(ScheduledThreadPoolExecutor.java:180)
	at java.util.concurrent.ScheduledThreadPoolExecutor$ScheduledFutureTask.run(ScheduledThreadPoolExecutor.java:293)
	at java.util.concurrent.ThreadPoolExecutor.runWorker(ThreadPoolExecutor.java:1149)
	at java.util.concurrent.ThreadPoolExecutor$Worker.run(ThreadPoolExecutor.java:624)
	at java.lang.Thread.run(Thread.java:750)
1801 [pool-8-thread-1] ERROR org.apache.nifi.processors.hadoop.TestCreateHadoopSequenceFile$TestableCreateHadoopSequenceFile - [TestableCreateHadoopSequenceFile[id=e9dbb4a0-f8e4-4bce-94c2-9c3704597eab]] org.apache.hadoop.mapred.JobConf
java.lang.ClassNotFoundException: org.apache.hadoop.mapred.JobConf
	at java.net.URLClassLoader.findClass(URLClassLoader.java:387)
	at java.lang.ClassLoader.loadClass(ClassLoader.java:418)
	at sun.misc.Launcher$AppClassLoader.loadClass(Launcher.java:352)
	at java.lang.ClassLoader.loadClass(ClassLoader.java:351)
	at java.lang.Class.forName0(Native Method)
	at java.lang.Class.forName(Class.java:348)
	at org.apache.nifi.processors.hadoop.ExtendedConfiguration.getClassByNameOrNull(ExtendedConfiguration.java:70)
	at org.apache.hadoop.util.ReflectionUtils.setJobConf(ReflectionUtils.java:98)
	at org.apache.hadoop.util.ReflectionUtils.setConf(ReflectionUtils.java:81)
	at org.apache.hadoop.util.ReflectionUtils.newInstance(ReflectionUtils.java:139)
	at org.apache.hadoop.io.serializer.SerializationFactory.add(SerializationFactory.java:73)
	at org.apache.hadoop.io.serializer.SerializationFactory.<init>(SerializationFactory.java:63)
	at org.apache.hadoop.io.SequenceFile$Writer.init(SequenceFile.java:1278)
	at org.apache.hadoop.io.SequenceFile$Writer.<init>(SequenceFile.java:1192)
	at org.apache.hadoop.io.SequenceFile.createWriter(SequenceFile.java:285)
	at org.apache.nifi.processors.hadoop.SequenceFileWriterImpl$1.process(SequenceFileWriterImpl.java:96)
	at org.apache.nifi.util.MockProcessSession.write(MockProcessSession.java:979)
	at org.apache.nifi.util.MockProcessSession.write(MockProcessSession.java:67)
	at org.apache.nifi.processors.hadoop.SequenceFileWriterImpl.writeSequenceFile(SequenceFileWriterImpl.java:76)
	at org.apache.nifi.processors.hadoop.CreateHadoopSequenceFile.onTrigger(CreateHadoopSequenceFile.java:180)
	at org.apache.nifi.processor.AbstractProcessor.onTrigger(AbstractProcessor.java:27)
	at org.apache.nifi.util.StandardProcessorTestRunner$RunProcessor.call(StandardProcessorTestRunner.java:284)
	at org.apache.nifi.util.StandardProcessorTestRunner$RunProcessor.call(StandardProcessorTestRunner.java:278)
	at java.util.concurrent.FutureTask.run(FutureTask.java:266)
	at java.util.concurrent.ScheduledThreadPoolExecutor$ScheduledFutureTask.access$201(ScheduledThreadPoolExecutor.java:180)
	at java.util.concurrent.ScheduledThreadPoolExecutor$ScheduledFutureTask.run(ScheduledThreadPoolExecutor.java:293)
	at java.util.concurrent.ThreadPoolExecutor.runWorker(ThreadPoolExecutor.java:1149)
	at java.util.concurrent.ThreadPoolExecutor$Worker.run(ThreadPoolExecutor.java:624)
	at java.lang.Thread.run(Thread.java:750)
1802 [pool-8-thread-1] ERROR org.apache.nifi.processors.hadoop.TestCreateHadoopSequenceFile$TestableCreateHadoopSequenceFile - [TestableCreateHadoopSequenceFile[id=e9dbb4a0-f8e4-4bce-94c2-9c3704597eab]] org.apache.hadoop.mapred.JobConf
java.lang.ClassNotFoundException: org.apache.hadoop.mapred.JobConf
	at java.net.URLClassLoader.findClass(URLClassLoader.java:387)
	at java.lang.ClassLoader.loadClass(ClassLoader.java:418)
	at sun.misc.Launcher$AppClassLoader.loadClass(Launcher.java:352)
	at java.lang.ClassLoader.loadClass(ClassLoader.java:351)
	at java.lang.Class.forName0(Native Method)
	at java.lang.Class.forName(Class.java:348)
	at org.apache.nifi.processors.hadoop.ExtendedConfiguration.getClassByNameOrNull(ExtendedConfiguration.java:70)
	at org.apache.hadoop.util.ReflectionUtils.setJobConf(ReflectionUtils.java:98)
	at org.apache.hadoop.util.ReflectionUtils.setConf(ReflectionUtils.java:81)
	at org.apache.hadoop.util.ReflectionUtils.newInstance(ReflectionUtils.java:139)
	at org.apache.hadoop.io.serializer.SerializationFactory.add(SerializationFactory.java:73)
	at org.apache.hadoop.io.serializer.SerializationFactory.<init>(SerializationFactory.java:63)
	at org.apache.hadoop.io.SequenceFile$Writer.init(SequenceFile.java:1278)
	at org.apache.hadoop.io.SequenceFile$Writer.<init>(SequenceFile.java:1192)
	at org.apache.hadoop.io.SequenceFile.createWriter(SequenceFile.java:285)
	at org.apache.nifi.processors.hadoop.SequenceFileWriterImpl$1.process(SequenceFileWriterImpl.java:96)
	at org.apache.nifi.util.MockProcessSession.write(MockProcessSession.java:979)
	at org.apache.nifi.util.MockProcessSession.write(MockProcessSession.java:67)
	at org.apache.nifi.processors.hadoop.SequenceFileWriterImpl.writeSequenceFile(SequenceFileWriterImpl.java:76)
	at org.apache.nifi.processors.hadoop.CreateHadoopSequenceFile.onTrigger(CreateHadoopSequenceFile.java:180)
	at org.apache.nifi.processor.AbstractProcessor.onTrigger(AbstractProcessor.java:27)
	at org.apache.nifi.util.StandardProcessorTestRunner$RunProcessor.call(StandardProcessorTestRunner.java:284)
	at org.apache.nifi.util.StandardProcessorTestRunner$RunProcessor.call(StandardProcessorTestRunner.java:278)
	at java.util.concurrent.FutureTask.run(FutureTask.java:266)
	at java.util.concurrent.ScheduledThreadPoolExecutor$ScheduledFutureTask.access$201(ScheduledThreadPoolExecutor.java:180)
	at java.util.concurrent.ScheduledThreadPoolExecutor$ScheduledFutureTask.run(ScheduledThreadPoolExecutor.java:293)
	at java.util.concurrent.ThreadPoolExecutor.runWorker(ThreadPoolExecutor.java:1149)
	at java.util.concurrent.ThreadPoolExecutor$Worker.run(ThreadPoolExecutor.java:624)
	at java.lang.Thread.run(Thread.java:750)
1806 [pool-8-thread-1] INFO org.apache.nifi.processors.hadoop.TestCreateHadoopSequenceFile$TestableCreateHadoopSequenceFile - TestableCreateHadoopSequenceFile[id=e9dbb4a0-f8e4-4bce-94c2-9c3704597eab] Transferred flowfile FlowFile[0,90272650276037.mockFlowFile.sf,500130B] to success
1807 [pool-8-thread-1] ERROR org.apache.nifi.processors.hadoop.TestCreateHadoopSequenceFile$TestableCreateHadoopSequenceFile - [TestableCreateHadoopSequenceFile[id=e9dbb4a0-f8e4-4bce-94c2-9c3704597eab]] org.apache.hadoop.mapred.JobConf
java.lang.ClassNotFoundException: org.apache.hadoop.mapred.JobConf
	at java.net.URLClassLoader.findClass(URLClassLoader.java:387)
	at java.lang.ClassLoader.loadClass(ClassLoader.java:418)
	at sun.misc.Launcher$AppClassLoader.loadClass(Launcher.java:352)
	at java.lang.ClassLoader.loadClass(ClassLoader.java:351)
	at java.lang.Class.forName0(Native Method)
	at java.lang.Class.forName(Class.java:348)
	at org.apache.nifi.processors.hadoop.ExtendedConfiguration.getClassByNameOrNull(ExtendedConfiguration.java:70)
	at org.apache.hadoop.util.ReflectionUtils.setJobConf(ReflectionUtils.java:98)
	at org.apache.hadoop.util.ReflectionUtils.setConf(ReflectionUtils.java:81)
	at org.apache.hadoop.util.ReflectionUtils.newInstance(ReflectionUtils.java:139)
	at org.apache.hadoop.io.compress.CompressionCodecFactory.<init>(CompressionCodecFactory.java:186)
	at org.apache.nifi.processors.hadoop.AbstractHadoopProcessor.getCompressionCodec(AbstractHadoopProcessor.java:588)
	at org.apache.nifi.processors.hadoop.CreateHadoopSequenceFile.onTrigger(CreateHadoopSequenceFile.java:169)
	at org.apache.nifi.processor.AbstractProcessor.onTrigger(AbstractProcessor.java:27)
	at org.apache.nifi.util.StandardProcessorTestRunner$RunProcessor.call(StandardProcessorTestRunner.java:284)
	at org.apache.nifi.util.StandardProcessorTestRunner$RunProcessor.call(StandardProcessorTestRunner.java:278)
	at java.util.concurrent.FutureTask.run(FutureTask.java:266)
	at java.util.concurrent.ScheduledThreadPoolExecutor$ScheduledFutureTask.access$201(ScheduledThreadPoolExecutor.java:180)
	at java.util.concurrent.ScheduledThreadPoolExecutor$ScheduledFutureTask.run(ScheduledThreadPoolExecutor.java:293)
	at java.util.concurrent.ThreadPoolExecutor.runWorker(ThreadPoolExecutor.java:1149)
	at java.util.concurrent.ThreadPoolExecutor$Worker.run(ThreadPoolExecutor.java:624)
	at java.lang.Thread.run(Thread.java:750)
1808 [pool-8-thread-1] ERROR org.apache.nifi.processors.hadoop.TestCreateHadoopSequenceFile$TestableCreateHadoopSequenceFile - [TestableCreateHadoopSequenceFile[id=e9dbb4a0-f8e4-4bce-94c2-9c3704597eab]] org.apache.hadoop.mapred.JobConf
java.lang.ClassNotFoundException: org.apache.hadoop.mapred.JobConf
	at java.net.URLClassLoader.findClass(URLClassLoader.java:387)
	at java.lang.ClassLoader.loadClass(ClassLoader.java:418)
	at sun.misc.Launcher$AppClassLoader.loadClass(Launcher.java:352)
	at java.lang.ClassLoader.loadClass(ClassLoader.java:351)
	at java.lang.Class.forName0(Native Method)
	at java.lang.Class.forName(Class.java:348)
	at org.apache.nifi.processors.hadoop.ExtendedConfiguration.getClassByNameOrNull(ExtendedConfiguration.java:70)
	at org.apache.hadoop.util.ReflectionUtils.setJobConf(ReflectionUtils.java:98)
	at org.apache.hadoop.util.ReflectionUtils.setConf(ReflectionUtils.java:81)
	at org.apache.hadoop.util.ReflectionUtils.newInstance(ReflectionUtils.java:139)
	at org.apache.hadoop.io.compress.CompressionCodecFactory.<init>(CompressionCodecFactory.java:186)
	at org.apache.nifi.processors.hadoop.AbstractHadoopProcessor.getCompressionCodec(AbstractHadoopProcessor.java:588)
	at org.apache.nifi.processors.hadoop.CreateHadoopSequenceFile.onTrigger(CreateHadoopSequenceFile.java:169)
	at org.apache.nifi.processor.AbstractProcessor.onTrigger(AbstractProcessor.java:27)
	at org.apache.nifi.util.StandardProcessorTestRunner$RunProcessor.call(StandardProcessorTestRunner.java:284)
	at org.apache.nifi.util.StandardProcessorTestRunner$RunProcessor.call(StandardProcessorTestRunner.java:278)
	at java.util.concurrent.FutureTask.run(FutureTask.java:266)
	at java.util.concurrent.ScheduledThreadPoolExecutor$ScheduledFutureTask.access$201(ScheduledThreadPoolExecutor.java:180)
	at java.util.concurrent.ScheduledThreadPoolExecutor$ScheduledFutureTask.run(ScheduledThreadPoolExecutor.java:293)
	at java.util.concurrent.ThreadPoolExecutor.runWorker(ThreadPoolExecutor.java:1149)
	at java.util.concurrent.ThreadPoolExecutor$Worker.run(ThreadPoolExecutor.java:624)
	at java.lang.Thread.run(Thread.java:750)
1809 [pool-8-thread-1] ERROR org.apache.nifi.processors.hadoop.TestCreateHadoopSequenceFile$TestableCreateHadoopSequenceFile - [TestableCreateHadoopSequenceFile[id=e9dbb4a0-f8e4-4bce-94c2-9c3704597eab]] org.apache.hadoop.mapred.JobConf
java.lang.ClassNotFoundException: org.apache.hadoop.mapred.JobConf
	at java.net.URLClassLoader.findClass(URLClassLoader.java:387)
	at java.lang.ClassLoader.loadClass(ClassLoader.java:418)
	at sun.misc.Launcher$AppClassLoader.loadClass(Launcher.java:352)
	at java.lang.ClassLoader.loadClass(ClassLoader.java:351)
	at java.lang.Class.forName0(Native Method)
	at java.lang.Class.forName(Class.java:348)
	at org.apache.nifi.processors.hadoop.ExtendedConfiguration.getClassByNameOrNull(ExtendedConfiguration.java:70)
	at org.apache.hadoop.util.ReflectionUtils.setJobConf(ReflectionUtils.java:98)
	at org.apache.hadoop.util.ReflectionUtils.setConf(ReflectionUtils.java:81)
	at org.apache.hadoop.util.ReflectionUtils.newInstance(ReflectionUtils.java:139)
	at org.apache.hadoop.io.compress.CompressionCodecFactory.<init>(CompressionCodecFactory.java:186)
	at org.apache.nifi.processors.hadoop.AbstractHadoopProcessor.getCompressionCodec(AbstractHadoopProcessor.java:588)
	at org.apache.nifi.processors.hadoop.CreateHadoopSequenceFile.onTrigger(CreateHadoopSequenceFile.java:169)
	at org.apache.nifi.processor.AbstractProcessor.onTrigger(AbstractProcessor.java:27)
	at org.apache.nifi.util.StandardProcessorTestRunner$RunProcessor.call(StandardProcessorTestRunner.java:284)
	at org.apache.nifi.util.StandardProcessorTestRunner$RunProcessor.call(StandardProcessorTestRunner.java:278)
	at java.util.concurrent.FutureTask.run(FutureTask.java:266)
	at java.util.concurrent.ScheduledThreadPoolExecutor$ScheduledFutureTask.access$201(ScheduledThreadPoolExecutor.java:180)
	at java.util.concurrent.ScheduledThreadPoolExecutor$ScheduledFutureTask.run(ScheduledThreadPoolExecutor.java:293)
	at java.util.concurrent.ThreadPoolExecutor.runWorker(ThreadPoolExecutor.java:1149)
	at java.util.concurrent.ThreadPoolExecutor$Worker.run(ThreadPoolExecutor.java:624)
	at java.lang.Thread.run(Thread.java:750)
1810 [pool-8-thread-1] ERROR org.apache.nifi.processors.hadoop.TestCreateHadoopSequenceFile$TestableCreateHadoopSequenceFile - [TestableCreateHadoopSequenceFile[id=e9dbb4a0-f8e4-4bce-94c2-9c3704597eab]] org.apache.hadoop.mapred.JobConf
java.lang.ClassNotFoundException: org.apache.hadoop.mapred.JobConf
	at java.net.URLClassLoader.findClass(URLClassLoader.java:387)
	at java.lang.ClassLoader.loadClass(ClassLoader.java:418)
	at sun.misc.Launcher$AppClassLoader.loadClass(Launcher.java:352)
	at java.lang.ClassLoader.loadClass(ClassLoader.java:351)
	at java.lang.Class.forName0(Native Method)
	at java.lang.Class.forName(Class.java:348)
	at org.apache.nifi.processors.hadoop.ExtendedConfiguration.getClassByNameOrNull(ExtendedConfiguration.java:70)
	at org.apache.hadoop.util.ReflectionUtils.setJobConf(ReflectionUtils.java:98)
	at org.apache.hadoop.util.ReflectionUtils.setConf(ReflectionUtils.java:81)
	at org.apache.hadoop.util.ReflectionUtils.newInstance(ReflectionUtils.java:139)
	at org.apache.hadoop.io.compress.CompressionCodecFactory.<init>(CompressionCodecFactory.java:186)
	at org.apache.nifi.processors.hadoop.AbstractHadoopProcessor.getCompressionCodec(AbstractHadoopProcessor.java:588)
	at org.apache.nifi.processors.hadoop.CreateHadoopSequenceFile.onTrigger(CreateHadoopSequenceFile.java:169)
	at org.apache.nifi.processor.AbstractProcessor.onTrigger(AbstractProcessor.java:27)
	at org.apache.nifi.util.StandardProcessorTestRunner$RunProcessor.call(StandardProcessorTestRunner.java:284)
	at org.apache.nifi.util.StandardProcessorTestRunner$RunProcessor.call(StandardProcessorTestRunner.java:278)
	at java.util.concurrent.FutureTask.run(FutureTask.java:266)
	at java.util.concurrent.ScheduledThreadPoolExecutor$ScheduledFutureTask.access$201(ScheduledThreadPoolExecutor.java:180)
	at java.util.concurrent.ScheduledThreadPoolExecutor$ScheduledFutureTask.run(ScheduledThreadPoolExecutor.java:293)
	at java.util.concurrent.ThreadPoolExecutor.runWorker(ThreadPoolExecutor.java:1149)
	at java.util.concurrent.ThreadPoolExecutor$Worker.run(ThreadPoolExecutor.java:624)
	at java.lang.Thread.run(Thread.java:750)
1811 [pool-8-thread-1] ERROR org.apache.nifi.processors.hadoop.TestCreateHadoopSequenceFile$TestableCreateHadoopSequenceFile - [TestableCreateHadoopSequenceFile[id=e9dbb4a0-f8e4-4bce-94c2-9c3704597eab]] org.apache.hadoop.mapred.JobConf
java.lang.ClassNotFoundException: org.apache.hadoop.mapred.JobConf
	at java.net.URLClassLoader.findClass(URLClassLoader.java:387)
	at java.lang.ClassLoader.loadClass(ClassLoader.java:418)
	at sun.misc.Launcher$AppClassLoader.loadClass(Launcher.java:352)
	at java.lang.ClassLoader.loadClass(ClassLoader.java:351)
	at java.lang.Class.forName0(Native Method)
	at java.lang.Class.forName(Class.java:348)
	at org.apache.nifi.processors.hadoop.ExtendedConfiguration.getClassByNameOrNull(ExtendedConfiguration.java:70)
	at org.apache.hadoop.util.ReflectionUtils.setJobConf(ReflectionUtils.java:98)
	at org.apache.hadoop.util.ReflectionUtils.setConf(ReflectionUtils.java:81)
	at org.apache.hadoop.util.ReflectionUtils.newInstance(ReflectionUtils.java:139)
	at org.apache.hadoop.io.compress.CompressionCodecFactory.<init>(CompressionCodecFactory.java:186)
	at org.apache.nifi.processors.hadoop.AbstractHadoopProcessor.getCompressionCodec(AbstractHadoopProcessor.java:588)
	at org.apache.nifi.processors.hadoop.CreateHadoopSequenceFile.onTrigger(CreateHadoopSequenceFile.java:169)
	at org.apache.nifi.processor.AbstractProcessor.onTrigger(AbstractProcessor.java:27)
	at org.apache.nifi.util.StandardProcessorTestRunner$RunProcessor.call(StandardProcessorTestRunner.java:284)
	at org.apache.nifi.util.StandardProcessorTestRunner$RunProcessor.call(StandardProcessorTestRunner.java:278)
	at java.util.concurrent.FutureTask.run(FutureTask.java:266)
	at java.util.concurrent.ScheduledThreadPoolExecutor$ScheduledFutureTask.access$201(ScheduledThreadPoolExecutor.java:180)
	at java.util.concurrent.ScheduledThreadPoolExecutor$ScheduledFutureTask.run(ScheduledThreadPoolExecutor.java:293)
	at java.util.concurrent.ThreadPoolExecutor.runWorker(ThreadPoolExecutor.java:1149)
	at java.util.concurrent.ThreadPoolExecutor$Worker.run(ThreadPoolExecutor.java:624)
	at java.lang.Thread.run(Thread.java:750)
1811 [pool-8-thread-1] ERROR org.apache.nifi.processors.hadoop.TestCreateHadoopSequenceFile$TestableCreateHadoopSequenceFile - [TestableCreateHadoopSequenceFile[id=e9dbb4a0-f8e4-4bce-94c2-9c3704597eab]] org.apache.hadoop.mapred.JobConf
java.lang.ClassNotFoundException: org.apache.hadoop.mapred.JobConf
	at java.net.URLClassLoader.findClass(URLClassLoader.java:387)
	at java.lang.ClassLoader.loadClass(ClassLoader.java:418)
	at sun.misc.Launcher$AppClassLoader.loadClass(Launcher.java:352)
	at java.lang.ClassLoader.loadClass(ClassLoader.java:351)
	at java.lang.Class.forName0(Native Method)
	at java.lang.Class.forName(Class.java:348)
	at org.apache.nifi.processors.hadoop.ExtendedConfiguration.getClassByNameOrNull(ExtendedConfiguration.java:70)
	at org.apache.hadoop.util.ReflectionUtils.setJobConf(ReflectionUtils.java:98)
	at org.apache.hadoop.util.ReflectionUtils.setConf(ReflectionUtils.java:81)
	at org.apache.hadoop.util.ReflectionUtils.newInstance(ReflectionUtils.java:139)
	at org.apache.hadoop.io.compress.CompressionCodecFactory.<init>(CompressionCodecFactory.java:186)
	at org.apache.nifi.processors.hadoop.AbstractHadoopProcessor.getCompressionCodec(AbstractHadoopProcessor.java:588)
	at org.apache.nifi.processors.hadoop.CreateHadoopSequenceFile.onTrigger(CreateHadoopSequenceFile.java:169)
	at org.apache.nifi.processor.AbstractProcessor.onTrigger(AbstractProcessor.java:27)
	at org.apache.nifi.util.StandardProcessorTestRunner$RunProcessor.call(StandardProcessorTestRunner.java:284)
	at org.apache.nifi.util.StandardProcessorTestRunner$RunProcessor.call(StandardProcessorTestRunner.java:278)
	at java.util.concurrent.FutureTask.run(FutureTask.java:266)
	at java.util.concurrent.ScheduledThreadPoolExecutor$ScheduledFutureTask.access$201(ScheduledThreadPoolExecutor.java:180)
	at java.util.concurrent.ScheduledThreadPoolExecutor$ScheduledFutureTask.run(ScheduledThreadPoolExecutor.java:293)
	at java.util.concurrent.ThreadPoolExecutor.runWorker(ThreadPoolExecutor.java:1149)
	at java.util.concurrent.ThreadPoolExecutor$Worker.run(ThreadPoolExecutor.java:624)
	at java.lang.Thread.run(Thread.java:750)
1812 [pool-8-thread-1] ERROR org.apache.nifi.processors.hadoop.TestCreateHadoopSequenceFile$TestableCreateHadoopSequenceFile - [TestableCreateHadoopSequenceFile[id=e9dbb4a0-f8e4-4bce-94c2-9c3704597eab]] org.apache.hadoop.mapred.JobConf
java.lang.ClassNotFoundException: org.apache.hadoop.mapred.JobConf
	at java.net.URLClassLoader.findClass(URLClassLoader.java:387)
	at java.lang.ClassLoader.loadClass(ClassLoader.java:418)
	at sun.misc.Launcher$AppClassLoader.loadClass(Launcher.java:352)
	at java.lang.ClassLoader.loadClass(ClassLoader.java:351)
	at java.lang.Class.forName0(Native Method)
	at java.lang.Class.forName(Class.java:348)
	at org.apache.nifi.processors.hadoop.ExtendedConfiguration.getClassByNameOrNull(ExtendedConfiguration.java:70)
	at org.apache.hadoop.util.ReflectionUtils.setJobConf(ReflectionUtils.java:98)
	at org.apache.hadoop.util.ReflectionUtils.setConf(ReflectionUtils.java:81)
	at org.apache.hadoop.util.ReflectionUtils.newInstance(ReflectionUtils.java:139)
	at org.apache.hadoop.io.compress.CompressionCodecFactory.<init>(CompressionCodecFactory.java:186)
	at org.apache.nifi.processors.hadoop.AbstractHadoopProcessor.getCompressionCodec(AbstractHadoopProcessor.java:588)
	at org.apache.nifi.processors.hadoop.CreateHadoopSequenceFile.onTrigger(CreateHadoopSequenceFile.java:169)
	at org.apache.nifi.processor.AbstractProcessor.onTrigger(AbstractProcessor.java:27)
	at org.apache.nifi.util.StandardProcessorTestRunner$RunProcessor.call(StandardProcessorTestRunner.java:284)
	at org.apache.nifi.util.StandardProcessorTestRunner$RunProcessor.call(StandardProcessorTestRunner.java:278)
	at java.util.concurrent.FutureTask.run(FutureTask.java:266)
	at java.util.concurrent.ScheduledThreadPoolExecutor$ScheduledFutureTask.access$201(ScheduledThreadPoolExecutor.java:180)
	at java.util.concurrent.ScheduledThreadPoolExecutor$ScheduledFutureTask.run(ScheduledThreadPoolExecutor.java:293)
	at java.util.concurrent.ThreadPoolExecutor.runWorker(ThreadPoolExecutor.java:1149)
	at java.util.concurrent.ThreadPoolExecutor$Worker.run(ThreadPoolExecutor.java:624)
	at java.lang.Thread.run(Thread.java:750)
1813 [pool-8-thread-1] ERROR org.apache.nifi.processors.hadoop.TestCreateHadoopSequenceFile$TestableCreateHadoopSequenceFile - [TestableCreateHadoopSequenceFile[id=e9dbb4a0-f8e4-4bce-94c2-9c3704597eab]] org.apache.hadoop.mapred.JobConf
java.lang.ClassNotFoundException: org.apache.hadoop.mapred.JobConf
	at java.net.URLClassLoader.findClass(URLClassLoader.java:387)
	at java.lang.ClassLoader.loadClass(ClassLoader.java:418)
	at sun.misc.Launcher$AppClassLoader.loadClass(Launcher.java:352)
	at java.lang.ClassLoader.loadClass(ClassLoader.java:351)
	at java.lang.Class.forName0(Native Method)
	at java.lang.Class.forName(Class.java:348)
	at org.apache.nifi.processors.hadoop.ExtendedConfiguration.getClassByNameOrNull(ExtendedConfiguration.java:70)
	at org.apache.hadoop.util.ReflectionUtils.setJobConf(ReflectionUtils.java:98)
	at org.apache.hadoop.util.ReflectionUtils.setConf(ReflectionUtils.java:81)
	at org.apache.hadoop.util.ReflectionUtils.newInstance(ReflectionUtils.java:139)
	at org.apache.hadoop.io.serializer.SerializationFactory.add(SerializationFactory.java:73)
	at org.apache.hadoop.io.serializer.SerializationFactory.<init>(SerializationFactory.java:63)
	at org.apache.hadoop.io.SequenceFile$Writer.init(SequenceFile.java:1278)
	at org.apache.hadoop.io.SequenceFile$Writer.<init>(SequenceFile.java:1192)
	at org.apache.hadoop.io.SequenceFile.createWriter(SequenceFile.java:285)
	at org.apache.nifi.processors.hadoop.SequenceFileWriterImpl$1.process(SequenceFileWriterImpl.java:96)
	at org.apache.nifi.util.MockProcessSession.write(MockProcessSession.java:979)
	at org.apache.nifi.util.MockProcessSession.write(MockProcessSession.java:67)
	at org.apache.nifi.processors.hadoop.SequenceFileWriterImpl.writeSequenceFile(SequenceFileWriterImpl.java:76)
	at org.apache.nifi.processors.hadoop.CreateHadoopSequenceFile.onTrigger(CreateHadoopSequenceFile.java:180)
	at org.apache.nifi.processor.AbstractProcessor.onTrigger(AbstractProcessor.java:27)
	at org.apache.nifi.util.StandardProcessorTestRunner$RunProcessor.call(StandardProcessorTestRunner.java:284)
	at org.apache.nifi.util.StandardProcessorTestRunner$RunProcessor.call(StandardProcessorTestRunner.java:278)
	at java.util.concurrent.FutureTask.run(FutureTask.java:266)
	at java.util.concurrent.ScheduledThreadPoolExecutor$ScheduledFutureTask.access$201(ScheduledThreadPoolExecutor.java:180)
	at java.util.concurrent.ScheduledThreadPoolExecutor$ScheduledFutureTask.run(ScheduledThreadPoolExecutor.java:293)
	at java.util.concurrent.ThreadPoolExecutor.runWorker(ThreadPoolExecutor.java:1149)
	at java.util.concurrent.ThreadPoolExecutor$Worker.run(ThreadPoolExecutor.java:624)
	at java.lang.Thread.run(Thread.java:750)
1814 [pool-8-thread-1] ERROR org.apache.nifi.processors.hadoop.TestCreateHadoopSequenceFile$TestableCreateHadoopSequenceFile - [TestableCreateHadoopSequenceFile[id=e9dbb4a0-f8e4-4bce-94c2-9c3704597eab]] org.apache.hadoop.mapred.JobConf
java.lang.ClassNotFoundException: org.apache.hadoop.mapred.JobConf
	at java.net.URLClassLoader.findClass(URLClassLoader.java:387)
	at java.lang.ClassLoader.loadClass(ClassLoader.java:418)
	at sun.misc.Launcher$AppClassLoader.loadClass(Launcher.java:352)
	at java.lang.ClassLoader.loadClass(ClassLoader.java:351)
	at java.lang.Class.forName0(Native Method)
	at java.lang.Class.forName(Class.java:348)
	at org.apache.nifi.processors.hadoop.ExtendedConfiguration.getClassByNameOrNull(ExtendedConfiguration.java:70)
	at org.apache.hadoop.util.ReflectionUtils.setJobConf(ReflectionUtils.java:98)
	at org.apache.hadoop.util.ReflectionUtils.setConf(ReflectionUtils.java:81)
	at org.apache.hadoop.util.ReflectionUtils.newInstance(ReflectionUtils.java:139)
	at org.apache.hadoop.io.serializer.SerializationFactory.add(SerializationFactory.java:73)
	at org.apache.hadoop.io.serializer.SerializationFactory.<init>(SerializationFactory.java:63)
	at org.apache.hadoop.io.SequenceFile$Writer.init(SequenceFile.java:1278)
	at org.apache.hadoop.io.SequenceFile$Writer.<init>(SequenceFile.java:1192)
	at org.apache.hadoop.io.SequenceFile.createWriter(SequenceFile.java:285)
	at org.apache.nifi.processors.hadoop.SequenceFileWriterImpl$1.process(SequenceFileWriterImpl.java:96)
	at org.apache.nifi.util.MockProcessSession.write(MockProcessSession.java:979)
	at org.apache.nifi.util.MockProcessSession.write(MockProcessSession.java:67)
	at org.apache.nifi.processors.hadoop.SequenceFileWriterImpl.writeSequenceFile(SequenceFileWriterImpl.java:76)
	at org.apache.nifi.processors.hadoop.CreateHadoopSequenceFile.onTrigger(CreateHadoopSequenceFile.java:180)
	at org.apache.nifi.processor.AbstractProcessor.onTrigger(AbstractProcessor.java:27)
	at org.apache.nifi.util.StandardProcessorTestRunner$RunProcessor.call(StandardProcessorTestRunner.java:284)
	at org.apache.nifi.util.StandardProcessorTestRunner$RunProcessor.call(StandardProcessorTestRunner.java:278)
	at java.util.concurrent.FutureTask.run(FutureTask.java:266)
	at java.util.concurrent.ScheduledThreadPoolExecutor$ScheduledFutureTask.access$201(ScheduledThreadPoolExecutor.java:180)
	at java.util.concurrent.ScheduledThreadPoolExecutor$ScheduledFutureTask.run(ScheduledThreadPoolExecutor.java:293)
	at java.util.concurrent.ThreadPoolExecutor.runWorker(ThreadPoolExecutor.java:1149)
	at java.util.concurrent.ThreadPoolExecutor$Worker.run(ThreadPoolExecutor.java:624)
	at java.lang.Thread.run(Thread.java:750)
1815 [pool-8-thread-1] ERROR org.apache.nifi.processors.hadoop.TestCreateHadoopSequenceFile$TestableCreateHadoopSequenceFile - [TestableCreateHadoopSequenceFile[id=e9dbb4a0-f8e4-4bce-94c2-9c3704597eab]] org.apache.hadoop.mapred.JobConf
java.lang.ClassNotFoundException: org.apache.hadoop.mapred.JobConf
	at java.net.URLClassLoader.findClass(URLClassLoader.java:387)
	at java.lang.ClassLoader.loadClass(ClassLoader.java:418)
	at sun.misc.Launcher$AppClassLoader.loadClass(Launcher.java:352)
	at java.lang.ClassLoader.loadClass(ClassLoader.java:351)
	at java.lang.Class.forName0(Native Method)
	at java.lang.Class.forName(Class.java:348)
	at org.apache.nifi.processors.hadoop.ExtendedConfiguration.getClassByNameOrNull(ExtendedConfiguration.java:70)
	at org.apache.hadoop.util.ReflectionUtils.setJobConf(ReflectionUtils.java:98)
	at org.apache.hadoop.util.ReflectionUtils.setConf(ReflectionUtils.java:81)
	at org.apache.hadoop.util.ReflectionUtils.newInstance(ReflectionUtils.java:139)
	at org.apache.hadoop.io.serializer.SerializationFactory.add(SerializationFactory.java:73)
	at org.apache.hadoop.io.serializer.SerializationFactory.<init>(SerializationFactory.java:63)
	at org.apache.hadoop.io.SequenceFile$Writer.init(SequenceFile.java:1278)
	at org.apache.hadoop.io.SequenceFile$Writer.<init>(SequenceFile.java:1192)
	at org.apache.hadoop.io.SequenceFile.createWriter(SequenceFile.java:285)
	at org.apache.nifi.processors.hadoop.SequenceFileWriterImpl$1.process(SequenceFileWriterImpl.java:96)
	at org.apache.nifi.util.MockProcessSession.write(MockProcessSession.java:979)
	at org.apache.nifi.util.MockProcessSession.write(MockProcessSession.java:67)
	at org.apache.nifi.processors.hadoop.SequenceFileWriterImpl.writeSequenceFile(SequenceFileWriterImpl.java:76)
	at org.apache.nifi.processors.hadoop.CreateHadoopSequenceFile.onTrigger(CreateHadoopSequenceFile.java:180)
	at org.apache.nifi.processor.AbstractProcessor.onTrigger(AbstractProcessor.java:27)
	at org.apache.nifi.util.StandardProcessorTestRunner$RunProcessor.call(StandardProcessorTestRunner.java:284)
	at org.apache.nifi.util.StandardProcessorTestRunner$RunProcessor.call(StandardProcessorTestRunner.java:278)
	at java.util.concurrent.FutureTask.run(FutureTask.java:266)
	at java.util.concurrent.ScheduledThreadPoolExecutor$ScheduledFutureTask.access$201(ScheduledThreadPoolExecutor.java:180)
	at java.util.concurrent.ScheduledThreadPoolExecutor$ScheduledFutureTask.run(ScheduledThreadPoolExecutor.java:293)
	at java.util.concurrent.ThreadPoolExecutor.runWorker(ThreadPoolExecutor.java:1149)
	at java.util.concurrent.ThreadPoolExecutor$Worker.run(ThreadPoolExecutor.java:624)
	at java.lang.Thread.run(Thread.java:750)
1817 [pool-8-thread-1] INFO org.apache.nifi.processors.hadoop.TestCreateHadoopSequenceFile$TestableCreateHadoopSequenceFile - TestableCreateHadoopSequenceFile[id=e9dbb4a0-f8e4-4bce-94c2-9c3704597eab] Transferred flowfile FlowFile[1,90272651649325.mockFlowFile.sf,500130B] to success
1817 [pool-8-thread-1] ERROR org.apache.nifi.processors.hadoop.TestCreateHadoopSequenceFile$TestableCreateHadoopSequenceFile - [TestableCreateHadoopSequenceFile[id=e9dbb4a0-f8e4-4bce-94c2-9c3704597eab]] org.apache.hadoop.mapred.JobConf
java.lang.ClassNotFoundException: org.apache.hadoop.mapred.JobConf
	at java.net.URLClassLoader.findClass(URLClassLoader.java:387)
	at java.lang.ClassLoader.loadClass(ClassLoader.java:418)
	at sun.misc.Launcher$AppClassLoader.loadClass(Launcher.java:352)
	at java.lang.ClassLoader.loadClass(ClassLoader.java:351)
	at java.lang.Class.forName0(Native Method)
	at java.lang.Class.forName(Class.java:348)
	at org.apache.nifi.processors.hadoop.ExtendedConfiguration.getClassByNameOrNull(ExtendedConfiguration.java:70)
	at org.apache.hadoop.util.ReflectionUtils.setJobConf(ReflectionUtils.java:98)
	at org.apache.hadoop.util.ReflectionUtils.setConf(ReflectionUtils.java:81)
	at org.apache.hadoop.util.ReflectionUtils.newInstance(ReflectionUtils.java:139)
	at org.apache.hadoop.io.compress.CompressionCodecFactory.<init>(CompressionCodecFactory.java:186)
	at org.apache.nifi.processors.hadoop.AbstractHadoopProcessor.getCompressionCodec(AbstractHadoopProcessor.java:588)
	at org.apache.nifi.processors.hadoop.CreateHadoopSequenceFile.onTrigger(CreateHadoopSequenceFile.java:169)
	at org.apache.nifi.processor.AbstractProcessor.onTrigger(AbstractProcessor.java:27)
	at org.apache.nifi.util.StandardProcessorTestRunner$RunProcessor.call(StandardProcessorTestRunner.java:284)
	at org.apache.nifi.util.StandardProcessorTestRunner$RunProcessor.call(StandardProcessorTestRunner.java:278)
	at java.util.concurrent.FutureTask.run(FutureTask.java:266)
	at java.util.concurrent.ScheduledThreadPoolExecutor$ScheduledFutureTask.access$201(ScheduledThreadPoolExecutor.java:180)
	at java.util.concurrent.ScheduledThreadPoolExecutor$ScheduledFutureTask.run(ScheduledThreadPoolExecutor.java:293)
	at java.util.concurrent.ThreadPoolExecutor.runWorker(ThreadPoolExecutor.java:1149)
	at java.util.concurrent.ThreadPoolExecutor$Worker.run(ThreadPoolExecutor.java:624)
	at java.lang.Thread.run(Thread.java:750)
1818 [pool-8-thread-1] ERROR org.apache.nifi.processors.hadoop.TestCreateHadoopSequenceFile$TestableCreateHadoopSequenceFile - [TestableCreateHadoopSequenceFile[id=e9dbb4a0-f8e4-4bce-94c2-9c3704597eab]] org.apache.hadoop.mapred.JobConf
java.lang.ClassNotFoundException: org.apache.hadoop.mapred.JobConf
	at java.net.URLClassLoader.findClass(URLClassLoader.java:387)
	at java.lang.ClassLoader.loadClass(ClassLoader.java:418)
	at sun.misc.Launcher$AppClassLoader.loadClass(Launcher.java:352)
	at java.lang.ClassLoader.loadClass(ClassLoader.java:351)
	at java.lang.Class.forName0(Native Method)
	at java.lang.Class.forName(Class.java:348)
	at org.apache.nifi.processors.hadoop.ExtendedConfiguration.getClassByNameOrNull(ExtendedConfiguration.java:70)
	at org.apache.hadoop.util.ReflectionUtils.setJobConf(ReflectionUtils.java:98)
	at org.apache.hadoop.util.ReflectionUtils.setConf(ReflectionUtils.java:81)
	at org.apache.hadoop.util.ReflectionUtils.newInstance(ReflectionUtils.java:139)
	at org.apache.hadoop.io.compress.CompressionCodecFactory.<init>(CompressionCodecFactory.java:186)
	at org.apache.nifi.processors.hadoop.AbstractHadoopProcessor.getCompressionCodec(AbstractHadoopProcessor.java:588)
	at org.apache.nifi.processors.hadoop.CreateHadoopSequenceFile.onTrigger(CreateHadoopSequenceFile.java:169)
	at org.apache.nifi.processor.AbstractProcessor.onTrigger(AbstractProcessor.java:27)
	at org.apache.nifi.util.StandardProcessorTestRunner$RunProcessor.call(StandardProcessorTestRunner.java:284)
	at org.apache.nifi.util.StandardProcessorTestRunner$RunProcessor.call(StandardProcessorTestRunner.java:278)
	at java.util.concurrent.FutureTask.run(FutureTask.java:266)
	at java.util.concurrent.ScheduledThreadPoolExecutor$ScheduledFutureTask.access$201(ScheduledThreadPoolExecutor.java:180)
	at java.util.concurrent.ScheduledThreadPoolExecutor$ScheduledFutureTask.run(ScheduledThreadPoolExecutor.java:293)
	at java.util.concurrent.ThreadPoolExecutor.runWorker(ThreadPoolExecutor.java:1149)
	at java.util.concurrent.ThreadPoolExecutor$Worker.run(ThreadPoolExecutor.java:624)
	at java.lang.Thread.run(Thread.java:750)
1819 [pool-8-thread-1] ERROR org.apache.nifi.processors.hadoop.TestCreateHadoopSequenceFile$TestableCreateHadoopSequenceFile - [TestableCreateHadoopSequenceFile[id=e9dbb4a0-f8e4-4bce-94c2-9c3704597eab]] org.apache.hadoop.mapred.JobConf
java.lang.ClassNotFoundException: org.apache.hadoop.mapred.JobConf
	at java.net.URLClassLoader.findClass(URLClassLoader.java:387)
	at java.lang.ClassLoader.loadClass(ClassLoader.java:418)
	at sun.misc.Launcher$AppClassLoader.loadClass(Launcher.java:352)
	at java.lang.ClassLoader.loadClass(ClassLoader.java:351)
	at java.lang.Class.forName0(Native Method)
	at java.lang.Class.forName(Class.java:348)
	at org.apache.nifi.processors.hadoop.ExtendedConfiguration.getClassByNameOrNull(ExtendedConfiguration.java:70)
	at org.apache.hadoop.util.ReflectionUtils.setJobConf(ReflectionUtils.java:98)
	at org.apache.hadoop.util.ReflectionUtils.setConf(ReflectionUtils.java:81)
	at org.apache.hadoop.util.ReflectionUtils.newInstance(ReflectionUtils.java:139)
	at org.apache.hadoop.io.compress.CompressionCodecFactory.<init>(CompressionCodecFactory.java:186)
	at org.apache.nifi.processors.hadoop.AbstractHadoopProcessor.getCompressionCodec(AbstractHadoopProcessor.java:588)
	at org.apache.nifi.processors.hadoop.CreateHadoopSequenceFile.onTrigger(CreateHadoopSequenceFile.java:169)
	at org.apache.nifi.processor.AbstractProcessor.onTrigger(AbstractProcessor.java:27)
	at org.apache.nifi.util.StandardProcessorTestRunner$RunProcessor.call(StandardProcessorTestRunner.java:284)
	at org.apache.nifi.util.StandardProcessorTestRunner$RunProcessor.call(StandardProcessorTestRunner.java:278)
	at java.util.concurrent.FutureTask.run(FutureTask.java:266)
	at java.util.concurrent.ScheduledThreadPoolExecutor$ScheduledFutureTask.access$201(ScheduledThreadPoolExecutor.java:180)
	at java.util.concurrent.ScheduledThreadPoolExecutor$ScheduledFutureTask.run(ScheduledThreadPoolExecutor.java:293)
	at java.util.concurrent.ThreadPoolExecutor.runWorker(ThreadPoolExecutor.java:1149)
	at java.util.concurrent.ThreadPoolExecutor$Worker.run(ThreadPoolExecutor.java:624)
	at java.lang.Thread.run(Thread.java:750)
1819 [pool-8-thread-1] ERROR org.apache.nifi.processors.hadoop.TestCreateHadoopSequenceFile$TestableCreateHadoopSequenceFile - [TestableCreateHadoopSequenceFile[id=e9dbb4a0-f8e4-4bce-94c2-9c3704597eab]] org.apache.hadoop.mapred.JobConf
java.lang.ClassNotFoundException: org.apache.hadoop.mapred.JobConf
	at java.net.URLClassLoader.findClass(URLClassLoader.java:387)
	at java.lang.ClassLoader.loadClass(ClassLoader.java:418)
	at sun.misc.Launcher$AppClassLoader.loadClass(Launcher.java:352)
	at java.lang.ClassLoader.loadClass(ClassLoader.java:351)
	at java.lang.Class.forName0(Native Method)
	at java.lang.Class.forName(Class.java:348)
	at org.apache.nifi.processors.hadoop.ExtendedConfiguration.getClassByNameOrNull(ExtendedConfiguration.java:70)
	at org.apache.hadoop.util.ReflectionUtils.setJobConf(ReflectionUtils.java:98)
	at org.apache.hadoop.util.ReflectionUtils.setConf(ReflectionUtils.java:81)
	at org.apache.hadoop.util.ReflectionUtils.newInstance(ReflectionUtils.java:139)
	at org.apache.hadoop.io.compress.CompressionCodecFactory.<init>(CompressionCodecFactory.java:186)
	at org.apache.nifi.processors.hadoop.AbstractHadoopProcessor.getCompressionCodec(AbstractHadoopProcessor.java:588)
	at org.apache.nifi.processors.hadoop.CreateHadoopSequenceFile.onTrigger(CreateHadoopSequenceFile.java:169)
	at org.apache.nifi.processor.AbstractProcessor.onTrigger(AbstractProcessor.java:27)
	at org.apache.nifi.util.StandardProcessorTestRunner$RunProcessor.call(StandardProcessorTestRunner.java:284)
	at org.apache.nifi.util.StandardProcessorTestRunner$RunProcessor.call(StandardProcessorTestRunner.java:278)
	at java.util.concurrent.FutureTask.run(FutureTask.java:266)
	at java.util.concurrent.ScheduledThreadPoolExecutor$ScheduledFutureTask.access$201(ScheduledThreadPoolExecutor.java:180)
	at java.util.concurrent.ScheduledThreadPoolExecutor$ScheduledFutureTask.run(ScheduledThreadPoolExecutor.java:293)
	at java.util.concurrent.ThreadPoolExecutor.runWorker(ThreadPoolExecutor.java:1149)
	at java.util.concurrent.ThreadPoolExecutor$Worker.run(ThreadPoolExecutor.java:624)
	at java.lang.Thread.run(Thread.java:750)
1820 [pool-8-thread-1] ERROR org.apache.nifi.processors.hadoop.TestCreateHadoopSequenceFile$TestableCreateHadoopSequenceFile - [TestableCreateHadoopSequenceFile[id=e9dbb4a0-f8e4-4bce-94c2-9c3704597eab]] org.apache.hadoop.mapred.JobConf
java.lang.ClassNotFoundException: org.apache.hadoop.mapred.JobConf
	at java.net.URLClassLoader.findClass(URLClassLoader.java:387)
	at java.lang.ClassLoader.loadClass(ClassLoader.java:418)
	at sun.misc.Launcher$AppClassLoader.loadClass(Launcher.java:352)
	at java.lang.ClassLoader.loadClass(ClassLoader.java:351)
	at java.lang.Class.forName0(Native Method)
	at java.lang.Class.forName(Class.java:348)
	at org.apache.nifi.processors.hadoop.ExtendedConfiguration.getClassByNameOrNull(ExtendedConfiguration.java:70)
	at org.apache.hadoop.util.ReflectionUtils.setJobConf(ReflectionUtils.java:98)
	at org.apache.hadoop.util.ReflectionUtils.setConf(ReflectionUtils.java:81)
	at org.apache.hadoop.util.ReflectionUtils.newInstance(ReflectionUtils.java:139)
	at org.apache.hadoop.io.compress.CompressionCodecFactory.<init>(CompressionCodecFactory.java:186)
	at org.apache.nifi.processors.hadoop.AbstractHadoopProcessor.getCompressionCodec(AbstractHadoopProcessor.java:588)
	at org.apache.nifi.processors.hadoop.CreateHadoopSequenceFile.onTrigger(CreateHadoopSequenceFile.java:169)
	at org.apache.nifi.processor.AbstractProcessor.onTrigger(AbstractProcessor.java:27)
	at org.apache.nifi.util.StandardProcessorTestRunner$RunProcessor.call(StandardProcessorTestRunner.java:284)
	at org.apache.nifi.util.StandardProcessorTestRunner$RunProcessor.call(StandardProcessorTestRunner.java:278)
	at java.util.concurrent.FutureTask.run(FutureTask.java:266)
	at java.util.concurrent.ScheduledThreadPoolExecutor$ScheduledFutureTask.access$201(ScheduledThreadPoolExecutor.java:180)
	at java.util.concurrent.ScheduledThreadPoolExecutor$ScheduledFutureTask.run(ScheduledThreadPoolExecutor.java:293)
	at java.util.concurrent.ThreadPoolExecutor.runWorker(ThreadPoolExecutor.java:1149)
	at java.util.concurrent.ThreadPoolExecutor$Worker.run(ThreadPoolExecutor.java:624)
	at java.lang.Thread.run(Thread.java:750)
1821 [pool-8-thread-1] ERROR org.apache.nifi.processors.hadoop.TestCreateHadoopSequenceFile$TestableCreateHadoopSequenceFile - [TestableCreateHadoopSequenceFile[id=e9dbb4a0-f8e4-4bce-94c2-9c3704597eab]] org.apache.hadoop.mapred.JobConf
java.lang.ClassNotFoundException: org.apache.hadoop.mapred.JobConf
	at java.net.URLClassLoader.findClass(URLClassLoader.java:387)
	at java.lang.ClassLoader.loadClass(ClassLoader.java:418)
	at sun.misc.Launcher$AppClassLoader.loadClass(Launcher.java:352)
	at java.lang.ClassLoader.loadClass(ClassLoader.java:351)
	at java.lang.Class.forName0(Native Method)
	at java.lang.Class.forName(Class.java:348)
	at org.apache.nifi.processors.hadoop.ExtendedConfiguration.getClassByNameOrNull(ExtendedConfiguration.java:70)
	at org.apache.hadoop.util.ReflectionUtils.setJobConf(ReflectionUtils.java:98)
	at org.apache.hadoop.util.ReflectionUtils.setConf(ReflectionUtils.java:81)
	at org.apache.hadoop.util.ReflectionUtils.newInstance(ReflectionUtils.java:139)
	at org.apache.hadoop.io.compress.CompressionCodecFactory.<init>(CompressionCodecFactory.java:186)
	at org.apache.nifi.processors.hadoop.AbstractHadoopProcessor.getCompressionCodec(AbstractHadoopProcessor.java:588)
	at org.apache.nifi.processors.hadoop.CreateHadoopSequenceFile.onTrigger(CreateHadoopSequenceFile.java:169)
	at org.apache.nifi.processor.AbstractProcessor.onTrigger(AbstractProcessor.java:27)
	at org.apache.nifi.util.StandardProcessorTestRunner$RunProcessor.call(StandardProcessorTestRunner.java:284)
	at org.apache.nifi.util.StandardProcessorTestRunner$RunProcessor.call(StandardProcessorTestRunner.java:278)
	at java.util.concurrent.FutureTask.run(FutureTask.java:266)
	at java.util.concurrent.ScheduledThreadPoolExecutor$ScheduledFutureTask.access$201(ScheduledThreadPoolExecutor.java:180)
	at java.util.concurrent.ScheduledThreadPoolExecutor$ScheduledFutureTask.run(ScheduledThreadPoolExecutor.java:293)
	at java.util.concurrent.ThreadPoolExecutor.runWorker(ThreadPoolExecutor.java:1149)
	at java.util.concurrent.ThreadPoolExecutor$Worker.run(ThreadPoolExecutor.java:624)
	at java.lang.Thread.run(Thread.java:750)
1821 [pool-8-thread-1] ERROR org.apache.nifi.processors.hadoop.TestCreateHadoopSequenceFile$TestableCreateHadoopSequenceFile - [TestableCreateHadoopSequenceFile[id=e9dbb4a0-f8e4-4bce-94c2-9c3704597eab]] org.apache.hadoop.mapred.JobConf
java.lang.ClassNotFoundException: org.apache.hadoop.mapred.JobConf
	at java.net.URLClassLoader.findClass(URLClassLoader.java:387)
	at java.lang.ClassLoader.loadClass(ClassLoader.java:418)
	at sun.misc.Launcher$AppClassLoader.loadClass(Launcher.java:352)
	at java.lang.ClassLoader.loadClass(ClassLoader.java:351)
	at java.lang.Class.forName0(Native Method)
	at java.lang.Class.forName(Class.java:348)
	at org.apache.nifi.processors.hadoop.ExtendedConfiguration.getClassByNameOrNull(ExtendedConfiguration.java:70)
	at org.apache.hadoop.util.ReflectionUtils.setJobConf(ReflectionUtils.java:98)
	at org.apache.hadoop.util.ReflectionUtils.setConf(ReflectionUtils.java:81)
	at org.apache.hadoop.util.ReflectionUtils.newInstance(ReflectionUtils.java:139)
	at org.apache.hadoop.io.compress.CompressionCodecFactory.<init>(CompressionCodecFactory.java:186)
	at org.apache.nifi.processors.hadoop.AbstractHadoopProcessor.getCompressionCodec(AbstractHadoopProcessor.java:588)
	at org.apache.nifi.processors.hadoop.CreateHadoopSequenceFile.onTrigger(CreateHadoopSequenceFile.java:169)
	at org.apache.nifi.processor.AbstractProcessor.onTrigger(AbstractProcessor.java:27)
	at org.apache.nifi.util.StandardProcessorTestRunner$RunProcessor.call(StandardProcessorTestRunner.java:284)
	at org.apache.nifi.util.StandardProcessorTestRunner$RunProcessor.call(StandardProcessorTestRunner.java:278)
	at java.util.concurrent.FutureTask.run(FutureTask.java:266)
	at java.util.concurrent.ScheduledThreadPoolExecutor$ScheduledFutureTask.access$201(ScheduledThreadPoolExecutor.java:180)
	at java.util.concurrent.ScheduledThreadPoolExecutor$ScheduledFutureTask.run(ScheduledThreadPoolExecutor.java:293)
	at java.util.concurrent.ThreadPoolExecutor.runWorker(ThreadPoolExecutor.java:1149)
	at java.util.concurrent.ThreadPoolExecutor$Worker.run(ThreadPoolExecutor.java:624)
	at java.lang.Thread.run(Thread.java:750)
1823 [pool-8-thread-1] ERROR org.apache.nifi.processors.hadoop.TestCreateHadoopSequenceFile$TestableCreateHadoopSequenceFile - [TestableCreateHadoopSequenceFile[id=e9dbb4a0-f8e4-4bce-94c2-9c3704597eab]] org.apache.hadoop.mapred.JobConf
java.lang.ClassNotFoundException: org.apache.hadoop.mapred.JobConf
	at java.net.URLClassLoader.findClass(URLClassLoader.java:387)
	at java.lang.ClassLoader.loadClass(ClassLoader.java:418)
	at sun.misc.Launcher$AppClassLoader.loadClass(Launcher.java:352)
	at java.lang.ClassLoader.loadClass(ClassLoader.java:351)
	at java.lang.Class.forName0(Native Method)
	at java.lang.Class.forName(Class.java:348)
	at org.apache.nifi.processors.hadoop.ExtendedConfiguration.getClassByNameOrNull(ExtendedConfiguration.java:70)
	at org.apache.hadoop.util.ReflectionUtils.setJobConf(ReflectionUtils.java:98)
	at org.apache.hadoop.util.ReflectionUtils.setConf(ReflectionUtils.java:81)
	at org.apache.hadoop.util.ReflectionUtils.newInstance(ReflectionUtils.java:139)
	at org.apache.hadoop.io.serializer.SerializationFactory.add(SerializationFactory.java:73)
	at org.apache.hadoop.io.serializer.SerializationFactory.<init>(SerializationFactory.java:63)
	at org.apache.hadoop.io.SequenceFile$Writer.init(SequenceFile.java:1278)
	at org.apache.hadoop.io.SequenceFile$Writer.<init>(SequenceFile.java:1192)
	at org.apache.hadoop.io.SequenceFile.createWriter(SequenceFile.java:285)
	at org.apache.nifi.processors.hadoop.SequenceFileWriterImpl$1.process(SequenceFileWriterImpl.java:96)
	at org.apache.nifi.util.MockProcessSession.write(MockProcessSession.java:979)
	at org.apache.nifi.util.MockProcessSession.write(MockProcessSession.java:67)
	at org.apache.nifi.processors.hadoop.SequenceFileWriterImpl.writeSequenceFile(SequenceFileWriterImpl.java:76)
	at org.apache.nifi.processors.hadoop.CreateHadoopSequenceFile.onTrigger(CreateHadoopSequenceFile.java:180)
	at org.apache.nifi.processor.AbstractProcessor.onTrigger(AbstractProcessor.java:27)
	at org.apache.nifi.util.StandardProcessorTestRunner$RunProcessor.call(StandardProcessorTestRunner.java:284)
	at org.apache.nifi.util.StandardProcessorTestRunner$RunProcessor.call(StandardProcessorTestRunner.java:278)
	at java.util.concurrent.FutureTask.run(FutureTask.java:266)
	at java.util.concurrent.ScheduledThreadPoolExecutor$ScheduledFutureTask.access$201(ScheduledThreadPoolExecutor.java:180)
	at java.util.concurrent.ScheduledThreadPoolExecutor$ScheduledFutureTask.run(ScheduledThreadPoolExecutor.java:293)
	at java.util.concurrent.ThreadPoolExecutor.runWorker(ThreadPoolExecutor.java:1149)
	at java.util.concurrent.ThreadPoolExecutor$Worker.run(ThreadPoolExecutor.java:624)
	at java.lang.Thread.run(Thread.java:750)
1823 [pool-8-thread-1] ERROR org.apache.nifi.processors.hadoop.TestCreateHadoopSequenceFile$TestableCreateHadoopSequenceFile - [TestableCreateHadoopSequenceFile[id=e9dbb4a0-f8e4-4bce-94c2-9c3704597eab]] org.apache.hadoop.mapred.JobConf
java.lang.ClassNotFoundException: org.apache.hadoop.mapred.JobConf
	at java.net.URLClassLoader.findClass(URLClassLoader.java:387)
	at java.lang.ClassLoader.loadClass(ClassLoader.java:418)
	at sun.misc.Launcher$AppClassLoader.loadClass(Launcher.java:352)
	at java.lang.ClassLoader.loadClass(ClassLoader.java:351)
	at java.lang.Class.forName0(Native Method)
	at java.lang.Class.forName(Class.java:348)
	at org.apache.nifi.processors.hadoop.ExtendedConfiguration.getClassByNameOrNull(ExtendedConfiguration.java:70)
	at org.apache.hadoop.util.ReflectionUtils.setJobConf(ReflectionUtils.java:98)
	at org.apache.hadoop.util.ReflectionUtils.setConf(ReflectionUtils.java:81)
	at org.apache.hadoop.util.ReflectionUtils.newInstance(ReflectionUtils.java:139)
	at org.apache.hadoop.io.serializer.SerializationFactory.add(SerializationFactory.java:73)
	at org.apache.hadoop.io.serializer.SerializationFactory.<init>(SerializationFactory.java:63)
	at org.apache.hadoop.io.SequenceFile$Writer.init(SequenceFile.java:1278)
	at org.apache.hadoop.io.SequenceFile$Writer.<init>(SequenceFile.java:1192)
	at org.apache.hadoop.io.SequenceFile.createWriter(SequenceFile.java:285)
	at org.apache.nifi.processors.hadoop.SequenceFileWriterImpl$1.process(SequenceFileWriterImpl.java:96)
	at org.apache.nifi.util.MockProcessSession.write(MockProcessSession.java:979)
	at org.apache.nifi.util.MockProcessSession.write(MockProcessSession.java:67)
	at org.apache.nifi.processors.hadoop.SequenceFileWriterImpl.writeSequenceFile(SequenceFileWriterImpl.java:76)
	at org.apache.nifi.processors.hadoop.CreateHadoopSequenceFile.onTrigger(CreateHadoopSequenceFile.java:180)
	at org.apache.nifi.processor.AbstractProcessor.onTrigger(AbstractProcessor.java:27)
	at org.apache.nifi.util.StandardProcessorTestRunner$RunProcessor.call(StandardProcessorTestRunner.java:284)
	at org.apache.nifi.util.StandardProcessorTestRunner$RunProcessor.call(StandardProcessorTestRunner.java:278)
	at java.util.concurrent.FutureTask.run(FutureTask.java:266)
	at java.util.concurrent.ScheduledThreadPoolExecutor$ScheduledFutureTask.access$201(ScheduledThreadPoolExecutor.java:180)
	at java.util.concurrent.ScheduledThreadPoolExecutor$ScheduledFutureTask.run(ScheduledThreadPoolExecutor.java:293)
	at java.util.concurrent.ThreadPoolExecutor.runWorker(ThreadPoolExecutor.java:1149)
	at java.util.concurrent.ThreadPoolExecutor$Worker.run(ThreadPoolExecutor.java:624)
	at java.lang.Thread.run(Thread.java:750)
1824 [pool-8-thread-1] ERROR org.apache.nifi.processors.hadoop.TestCreateHadoopSequenceFile$TestableCreateHadoopSequenceFile - [TestableCreateHadoopSequenceFile[id=e9dbb4a0-f8e4-4bce-94c2-9c3704597eab]] org.apache.hadoop.mapred.JobConf
java.lang.ClassNotFoundException: org.apache.hadoop.mapred.JobConf
	at java.net.URLClassLoader.findClass(URLClassLoader.java:387)
	at java.lang.ClassLoader.loadClass(ClassLoader.java:418)
	at sun.misc.Launcher$AppClassLoader.loadClass(Launcher.java:352)
	at java.lang.ClassLoader.loadClass(ClassLoader.java:351)
	at java.lang.Class.forName0(Native Method)
	at java.lang.Class.forName(Class.java:348)
	at org.apache.nifi.processors.hadoop.ExtendedConfiguration.getClassByNameOrNull(ExtendedConfiguration.java:70)
	at org.apache.hadoop.util.ReflectionUtils.setJobConf(ReflectionUtils.java:98)
	at org.apache.hadoop.util.ReflectionUtils.setConf(ReflectionUtils.java:81)
	at org.apache.hadoop.util.ReflectionUtils.newInstance(ReflectionUtils.java:139)
	at org.apache.hadoop.io.serializer.SerializationFactory.add(SerializationFactory.java:73)
	at org.apache.hadoop.io.serializer.SerializationFactory.<init>(SerializationFactory.java:63)
	at org.apache.hadoop.io.SequenceFile$Writer.init(SequenceFile.java:1278)
	at org.apache.hadoop.io.SequenceFile$Writer.<init>(SequenceFile.java:1192)
	at org.apache.hadoop.io.SequenceFile.createWriter(SequenceFile.java:285)
	at org.apache.nifi.processors.hadoop.SequenceFileWriterImpl$1.process(SequenceFileWriterImpl.java:96)
	at org.apache.nifi.util.MockProcessSession.write(MockProcessSession.java:979)
	at org.apache.nifi.util.MockProcessSession.write(MockProcessSession.java:67)
	at org.apache.nifi.processors.hadoop.SequenceFileWriterImpl.writeSequenceFile(SequenceFileWriterImpl.java:76)
	at org.apache.nifi.processors.hadoop.CreateHadoopSequenceFile.onTrigger(CreateHadoopSequenceFile.java:180)
	at org.apache.nifi.processor.AbstractProcessor.onTrigger(AbstractProcessor.java:27)
	at org.apache.nifi.util.StandardProcessorTestRunner$RunProcessor.call(StandardProcessorTestRunner.java:284)
	at org.apache.nifi.util.StandardProcessorTestRunner$RunProcessor.call(StandardProcessorTestRunner.java:278)
	at java.util.concurrent.FutureTask.run(FutureTask.java:266)
	at java.util.concurrent.ScheduledThreadPoolExecutor$ScheduledFutureTask.access$201(ScheduledThreadPoolExecutor.java:180)
	at java.util.concurrent.ScheduledThreadPoolExecutor$ScheduledFutureTask.run(ScheduledThreadPoolExecutor.java:293)
	at java.util.concurrent.ThreadPoolExecutor.runWorker(ThreadPoolExecutor.java:1149)
	at java.util.concurrent.ThreadPoolExecutor$Worker.run(ThreadPoolExecutor.java:624)
	at java.lang.Thread.run(Thread.java:750)
1826 [pool-8-thread-1] INFO org.apache.nifi.processors.hadoop.TestCreateHadoopSequenceFile$TestableCreateHadoopSequenceFile - TestableCreateHadoopSequenceFile[id=e9dbb4a0-f8e4-4bce-94c2-9c3704597eab] Transferred flowfile FlowFile[2,90272653147176.mockFlowFile.sf,500130B] to success
]]></system-err>
  </testcase>
  <testcase name="testSequenceFileSaysValueIsBytesWritable" classname="org.apache.nifi.processors.hadoop.TestCreateHadoopSequenceFile" time="0.046">
    <system-err><![CDATA[1839 [main] ERROR org.apache.nifi.processors.hadoop.TestCreateHadoopSequenceFile$TestableCreateHadoopSequenceFile - [TestableCreateHadoopSequenceFile[id=7e281442-2297-4003-9250-15d67f7328d2]] org.apache.hadoop.mapred.JobConf
java.lang.ClassNotFoundException: org.apache.hadoop.mapred.JobConf
	at java.net.URLClassLoader.findClass(URLClassLoader.java:387)
	at java.lang.ClassLoader.loadClass(ClassLoader.java:418)
	at sun.misc.Launcher$AppClassLoader.loadClass(Launcher.java:352)
	at java.lang.ClassLoader.loadClass(ClassLoader.java:351)
	at java.lang.Class.forName0(Native Method)
	at java.lang.Class.forName(Class.java:348)
	at org.apache.nifi.processors.hadoop.ExtendedConfiguration.getClassByNameOrNull(ExtendedConfiguration.java:70)
	at org.apache.hadoop.util.ReflectionUtils.setJobConf(ReflectionUtils.java:98)
	at org.apache.hadoop.util.ReflectionUtils.setConf(ReflectionUtils.java:81)
	at org.apache.hadoop.util.ReflectionUtils.newInstance(ReflectionUtils.java:139)
	at org.apache.hadoop.fs.FileSystem.createFileSystem(FileSystem.java:3412)
	at org.apache.hadoop.fs.FileSystem.get(FileSystem.java:521)
	at org.apache.hadoop.fs.FileSystem.get(FileSystem.java:272)
	at org.apache.nifi.processors.hadoop.AbstractHadoopProcessor$1.run(AbstractHadoopProcessor.java:546)
	at org.apache.nifi.processors.hadoop.AbstractHadoopProcessor$1.run(AbstractHadoopProcessor.java:543)
	at java.security.AccessController.doPrivileged(Native Method)
	at javax.security.auth.Subject.doAs(Subject.java:422)
	at org.apache.hadoop.security.UserGroupInformation.doAs(UserGroupInformation.java:1845)
	at org.apache.nifi.processors.hadoop.AbstractHadoopProcessor.getFileSystemAsUser(AbstractHadoopProcessor.java:543)
	at org.apache.nifi.processors.hadoop.AbstractHadoopProcessor.resetHDFSResources(AbstractHadoopProcessor.java:476)
	at org.apache.nifi.processors.hadoop.AbstractHadoopProcessor.abstractOnScheduled(AbstractHadoopProcessor.java:352)
	at sun.reflect.NativeMethodAccessorImpl.invoke0(Native Method)
	at sun.reflect.NativeMethodAccessorImpl.invoke(NativeMethodAccessorImpl.java:62)
	at sun.reflect.DelegatingMethodAccessorImpl.invoke(DelegatingMethodAccessorImpl.java:43)
	at java.lang.reflect.Method.invoke(Method.java:498)
	at org.apache.nifi.util.ReflectionUtils.invokeMethodsWithAnnotation(ReflectionUtils.java:68)
	at org.apache.nifi.util.StandardProcessorTestRunner.run(StandardProcessorTestRunner.java:203)
	at org.apache.nifi.util.StandardProcessorTestRunner.run(StandardProcessorTestRunner.java:185)
	at org.apache.nifi.util.StandardProcessorTestRunner.run(StandardProcessorTestRunner.java:180)
	at org.apache.nifi.util.StandardProcessorTestRunner.run(StandardProcessorTestRunner.java:175)
	at org.apache.nifi.processors.hadoop.TestCreateHadoopSequenceFile.testSequenceFileSaysValueIsBytesWritable(TestCreateHadoopSequenceFile.java:117)
	at sun.reflect.NativeMethodAccessorImpl.invoke0(Native Method)
	at sun.reflect.NativeMethodAccessorImpl.invoke(NativeMethodAccessorImpl.java:62)
	at sun.reflect.DelegatingMethodAccessorImpl.invoke(DelegatingMethodAccessorImpl.java:43)
	at java.lang.reflect.Method.invoke(Method.java:498)
	at org.junit.runners.model.FrameworkMethod$1.runReflectiveCall(FrameworkMethod.java:59)
	at org.junit.internal.runners.model.ReflectiveCallable.run(ReflectiveCallable.java:12)
	at org.junit.runners.model.FrameworkMethod.invokeExplosively(FrameworkMethod.java:56)
	at org.junit.internal.runners.statements.InvokeMethod.evaluate(InvokeMethod.java:17)
	at org.junit.internal.runners.statements.RunBefores.evaluate(RunBefores.java:26)
	at org.junit.internal.runners.statements.RunAfters.evaluate(RunAfters.java:27)
	at org.junit.runners.ParentRunner$3.evaluate(ParentRunner.java:306)
	at org.junit.runners.BlockJUnit4ClassRunner$1.evaluate(BlockJUnit4ClassRunner.java:100)
	at org.junit.runners.ParentRunner.runLeaf(ParentRunner.java:366)
	at org.junit.runners.BlockJUnit4ClassRunner.runChild(BlockJUnit4ClassRunner.java:103)
	at org.junit.runners.BlockJUnit4ClassRunner.runChild(BlockJUnit4ClassRunner.java:63)
	at org.junit.runners.ParentRunner$4.run(ParentRunner.java:331)
	at org.junit.runners.ParentRunner$1.schedule(ParentRunner.java:79)
	at org.junit.runners.ParentRunner.runChildren(ParentRunner.java:329)
	at org.junit.runners.ParentRunner.access$100(ParentRunner.java:66)
	at org.junit.runners.ParentRunner$2.evaluate(ParentRunner.java:293)
	at org.junit.internal.runners.statements.RunBefores.evaluate(RunBefores.java:26)
	at org.junit.runners.ParentRunner$3.evaluate(ParentRunner.java:306)
	at org.junit.runners.ParentRunner.run(ParentRunner.java:413)
	at org.junit.runner.JUnitCore.run(JUnitCore.java:137)
	at org.junit.runner.JUnitCore.run(JUnitCore.java:115)
	at org.junit.vintage.engine.execution.RunnerExecutor.execute(RunnerExecutor.java:43)
	at java.util.stream.ForEachOps$ForEachOp$OfRef.accept(ForEachOps.java:183)
	at java.util.stream.ReferencePipeline$3$1.accept(ReferencePipeline.java:193)
	at java.util.Iterator.forEachRemaining(Iterator.java:116)
	at java.util.Spliterators$IteratorSpliterator.forEachRemaining(Spliterators.java:1801)
	at java.util.stream.AbstractPipeline.copyInto(AbstractPipeline.java:482)
	at java.util.stream.AbstractPipeline.wrapAndCopyInto(AbstractPipeline.java:472)
	at java.util.stream.ForEachOps$ForEachOp.evaluateSequential(ForEachOps.java:150)
	at java.util.stream.ForEachOps$ForEachOp$OfRef.evaluateSequential(ForEachOps.java:173)
	at java.util.stream.AbstractPipeline.evaluate(AbstractPipeline.java:234)
	at java.util.stream.ReferencePipeline.forEach(ReferencePipeline.java:485)
	at org.junit.vintage.engine.VintageTestEngine.executeAllChildren(VintageTestEngine.java:82)
	at org.junit.vintage.engine.VintageTestEngine.execute(VintageTestEngine.java:73)
	at org.junit.platform.launcher.core.EngineExecutionOrchestrator.execute(EngineExecutionOrchestrator.java:108)
	at org.junit.platform.launcher.core.EngineExecutionOrchestrator.execute(EngineExecutionOrchestrator.java:88)
	at org.junit.platform.launcher.core.EngineExecutionOrchestrator.lambda$execute$0(EngineExecutionOrchestrator.java:54)
	at org.junit.platform.launcher.core.EngineExecutionOrchestrator.withInterceptedStreams(EngineExecutionOrchestrator.java:67)
	at org.junit.platform.launcher.core.EngineExecutionOrchestrator.execute(EngineExecutionOrchestrator.java:52)
	at org.junit.platform.launcher.core.DefaultLauncher.execute(DefaultLauncher.java:96)
	at org.junit.platform.launcher.core.DefaultLauncher.execute(DefaultLauncher.java:75)
	at org.apache.maven.surefire.junitplatform.JUnitPlatformProvider.execute(JUnitPlatformProvider.java:188)
	at org.apache.maven.surefire.junitplatform.JUnitPlatformProvider.invokeAllTests(JUnitPlatformProvider.java:154)
	at org.apache.maven.surefire.junitplatform.JUnitPlatformProvider.invoke(JUnitPlatformProvider.java:128)
	at org.apache.maven.surefire.booter.ForkedBooter.runSuitesInProcess(ForkedBooter.java:428)
	at org.apache.maven.surefire.booter.ForkedBooter.execute(ForkedBooter.java:162)
	at org.apache.maven.surefire.booter.ForkedBooter.run(ForkedBooter.java:562)
	at org.apache.maven.surefire.booter.ForkedBooter.main(ForkedBooter.java:548)
1840 [main] INFO org.apache.nifi.processors.hadoop.TestCreateHadoopSequenceFile$TestableCreateHadoopSequenceFile - TestableCreateHadoopSequenceFile[id=7e281442-2297-4003-9250-15d67f7328d2] Initialized a new HDFS File System with working dir: file:/home/alex/Repositories/nifi/nifi-nar-bundles/nifi-hadoop-bundle/nifi-hdfs-processors default block size: 33554432 default replication: 1 config: Configuration: core-default.xml, core-site.xml, hdfs-default.xml, hdfs-rbf-default.xml, hdfs-site.xml, hdfs-rbf-site.xml
1841 [pool-9-thread-1] ERROR org.apache.nifi.processors.hadoop.TestCreateHadoopSequenceFile$TestableCreateHadoopSequenceFile - [TestableCreateHadoopSequenceFile[id=7e281442-2297-4003-9250-15d67f7328d2]] org.apache.hadoop.mapred.JobConf
java.lang.ClassNotFoundException: org.apache.hadoop.mapred.JobConf
	at java.net.URLClassLoader.findClass(URLClassLoader.java:387)
	at java.lang.ClassLoader.loadClass(ClassLoader.java:418)
	at sun.misc.Launcher$AppClassLoader.loadClass(Launcher.java:352)
	at java.lang.ClassLoader.loadClass(ClassLoader.java:351)
	at java.lang.Class.forName0(Native Method)
	at java.lang.Class.forName(Class.java:348)
	at org.apache.nifi.processors.hadoop.ExtendedConfiguration.getClassByNameOrNull(ExtendedConfiguration.java:70)
	at org.apache.hadoop.util.ReflectionUtils.setJobConf(ReflectionUtils.java:98)
	at org.apache.hadoop.util.ReflectionUtils.setConf(ReflectionUtils.java:81)
	at org.apache.hadoop.util.ReflectionUtils.newInstance(ReflectionUtils.java:139)
	at org.apache.hadoop.io.compress.CompressionCodecFactory.<init>(CompressionCodecFactory.java:186)
	at org.apache.nifi.processors.hadoop.AbstractHadoopProcessor.getCompressionCodec(AbstractHadoopProcessor.java:588)
	at org.apache.nifi.processors.hadoop.CreateHadoopSequenceFile.onTrigger(CreateHadoopSequenceFile.java:169)
	at org.apache.nifi.processor.AbstractProcessor.onTrigger(AbstractProcessor.java:27)
	at org.apache.nifi.util.StandardProcessorTestRunner$RunProcessor.call(StandardProcessorTestRunner.java:284)
	at org.apache.nifi.util.StandardProcessorTestRunner$RunProcessor.call(StandardProcessorTestRunner.java:278)
	at java.util.concurrent.FutureTask.run(FutureTask.java:266)
	at java.util.concurrent.ScheduledThreadPoolExecutor$ScheduledFutureTask.access$201(ScheduledThreadPoolExecutor.java:180)
	at java.util.concurrent.ScheduledThreadPoolExecutor$ScheduledFutureTask.run(ScheduledThreadPoolExecutor.java:293)
	at java.util.concurrent.ThreadPoolExecutor.runWorker(ThreadPoolExecutor.java:1149)
	at java.util.concurrent.ThreadPoolExecutor$Worker.run(ThreadPoolExecutor.java:624)
	at java.lang.Thread.run(Thread.java:750)
1841 [pool-9-thread-1] ERROR org.apache.nifi.processors.hadoop.TestCreateHadoopSequenceFile$TestableCreateHadoopSequenceFile - [TestableCreateHadoopSequenceFile[id=7e281442-2297-4003-9250-15d67f7328d2]] org.apache.hadoop.mapred.JobConf
java.lang.ClassNotFoundException: org.apache.hadoop.mapred.JobConf
	at java.net.URLClassLoader.findClass(URLClassLoader.java:387)
	at java.lang.ClassLoader.loadClass(ClassLoader.java:418)
	at sun.misc.Launcher$AppClassLoader.loadClass(Launcher.java:352)
	at java.lang.ClassLoader.loadClass(ClassLoader.java:351)
	at java.lang.Class.forName0(Native Method)
	at java.lang.Class.forName(Class.java:348)
	at org.apache.nifi.processors.hadoop.ExtendedConfiguration.getClassByNameOrNull(ExtendedConfiguration.java:70)
	at org.apache.hadoop.util.ReflectionUtils.setJobConf(ReflectionUtils.java:98)
	at org.apache.hadoop.util.ReflectionUtils.setConf(ReflectionUtils.java:81)
	at org.apache.hadoop.util.ReflectionUtils.newInstance(ReflectionUtils.java:139)
	at org.apache.hadoop.io.compress.CompressionCodecFactory.<init>(CompressionCodecFactory.java:186)
	at org.apache.nifi.processors.hadoop.AbstractHadoopProcessor.getCompressionCodec(AbstractHadoopProcessor.java:588)
	at org.apache.nifi.processors.hadoop.CreateHadoopSequenceFile.onTrigger(CreateHadoopSequenceFile.java:169)
	at org.apache.nifi.processor.AbstractProcessor.onTrigger(AbstractProcessor.java:27)
	at org.apache.nifi.util.StandardProcessorTestRunner$RunProcessor.call(StandardProcessorTestRunner.java:284)
	at org.apache.nifi.util.StandardProcessorTestRunner$RunProcessor.call(StandardProcessorTestRunner.java:278)
	at java.util.concurrent.FutureTask.run(FutureTask.java:266)
	at java.util.concurrent.ScheduledThreadPoolExecutor$ScheduledFutureTask.access$201(ScheduledThreadPoolExecutor.java:180)
	at java.util.concurrent.ScheduledThreadPoolExecutor$ScheduledFutureTask.run(ScheduledThreadPoolExecutor.java:293)
	at java.util.concurrent.ThreadPoolExecutor.runWorker(ThreadPoolExecutor.java:1149)
	at java.util.concurrent.ThreadPoolExecutor$Worker.run(ThreadPoolExecutor.java:624)
	at java.lang.Thread.run(Thread.java:750)
1842 [pool-9-thread-1] ERROR org.apache.nifi.processors.hadoop.TestCreateHadoopSequenceFile$TestableCreateHadoopSequenceFile - [TestableCreateHadoopSequenceFile[id=7e281442-2297-4003-9250-15d67f7328d2]] org.apache.hadoop.mapred.JobConf
java.lang.ClassNotFoundException: org.apache.hadoop.mapred.JobConf
	at java.net.URLClassLoader.findClass(URLClassLoader.java:387)
	at java.lang.ClassLoader.loadClass(ClassLoader.java:418)
	at sun.misc.Launcher$AppClassLoader.loadClass(Launcher.java:352)
	at java.lang.ClassLoader.loadClass(ClassLoader.java:351)
	at java.lang.Class.forName0(Native Method)
	at java.lang.Class.forName(Class.java:348)
	at org.apache.nifi.processors.hadoop.ExtendedConfiguration.getClassByNameOrNull(ExtendedConfiguration.java:70)
	at org.apache.hadoop.util.ReflectionUtils.setJobConf(ReflectionUtils.java:98)
	at org.apache.hadoop.util.ReflectionUtils.setConf(ReflectionUtils.java:81)
	at org.apache.hadoop.util.ReflectionUtils.newInstance(ReflectionUtils.java:139)
	at org.apache.hadoop.io.compress.CompressionCodecFactory.<init>(CompressionCodecFactory.java:186)
	at org.apache.nifi.processors.hadoop.AbstractHadoopProcessor.getCompressionCodec(AbstractHadoopProcessor.java:588)
	at org.apache.nifi.processors.hadoop.CreateHadoopSequenceFile.onTrigger(CreateHadoopSequenceFile.java:169)
	at org.apache.nifi.processor.AbstractProcessor.onTrigger(AbstractProcessor.java:27)
	at org.apache.nifi.util.StandardProcessorTestRunner$RunProcessor.call(StandardProcessorTestRunner.java:284)
	at org.apache.nifi.util.StandardProcessorTestRunner$RunProcessor.call(StandardProcessorTestRunner.java:278)
	at java.util.concurrent.FutureTask.run(FutureTask.java:266)
	at java.util.concurrent.ScheduledThreadPoolExecutor$ScheduledFutureTask.access$201(ScheduledThreadPoolExecutor.java:180)
	at java.util.concurrent.ScheduledThreadPoolExecutor$ScheduledFutureTask.run(ScheduledThreadPoolExecutor.java:293)
	at java.util.concurrent.ThreadPoolExecutor.runWorker(ThreadPoolExecutor.java:1149)
	at java.util.concurrent.ThreadPoolExecutor$Worker.run(ThreadPoolExecutor.java:624)
	at java.lang.Thread.run(Thread.java:750)
1842 [pool-9-thread-1] ERROR org.apache.nifi.processors.hadoop.TestCreateHadoopSequenceFile$TestableCreateHadoopSequenceFile - [TestableCreateHadoopSequenceFile[id=7e281442-2297-4003-9250-15d67f7328d2]] org.apache.hadoop.mapred.JobConf
java.lang.ClassNotFoundException: org.apache.hadoop.mapred.JobConf
	at java.net.URLClassLoader.findClass(URLClassLoader.java:387)
	at java.lang.ClassLoader.loadClass(ClassLoader.java:418)
	at sun.misc.Launcher$AppClassLoader.loadClass(Launcher.java:352)
	at java.lang.ClassLoader.loadClass(ClassLoader.java:351)
	at java.lang.Class.forName0(Native Method)
	at java.lang.Class.forName(Class.java:348)
	at org.apache.nifi.processors.hadoop.ExtendedConfiguration.getClassByNameOrNull(ExtendedConfiguration.java:70)
	at org.apache.hadoop.util.ReflectionUtils.setJobConf(ReflectionUtils.java:98)
	at org.apache.hadoop.util.ReflectionUtils.setConf(ReflectionUtils.java:81)
	at org.apache.hadoop.util.ReflectionUtils.newInstance(ReflectionUtils.java:139)
	at org.apache.hadoop.io.compress.CompressionCodecFactory.<init>(CompressionCodecFactory.java:186)
	at org.apache.nifi.processors.hadoop.AbstractHadoopProcessor.getCompressionCodec(AbstractHadoopProcessor.java:588)
	at org.apache.nifi.processors.hadoop.CreateHadoopSequenceFile.onTrigger(CreateHadoopSequenceFile.java:169)
	at org.apache.nifi.processor.AbstractProcessor.onTrigger(AbstractProcessor.java:27)
	at org.apache.nifi.util.StandardProcessorTestRunner$RunProcessor.call(StandardProcessorTestRunner.java:284)
	at org.apache.nifi.util.StandardProcessorTestRunner$RunProcessor.call(StandardProcessorTestRunner.java:278)
	at java.util.concurrent.FutureTask.run(FutureTask.java:266)
	at java.util.concurrent.ScheduledThreadPoolExecutor$ScheduledFutureTask.access$201(ScheduledThreadPoolExecutor.java:180)
	at java.util.concurrent.ScheduledThreadPoolExecutor$ScheduledFutureTask.run(ScheduledThreadPoolExecutor.java:293)
	at java.util.concurrent.ThreadPoolExecutor.runWorker(ThreadPoolExecutor.java:1149)
	at java.util.concurrent.ThreadPoolExecutor$Worker.run(ThreadPoolExecutor.java:624)
	at java.lang.Thread.run(Thread.java:750)
1843 [pool-9-thread-1] ERROR org.apache.nifi.processors.hadoop.TestCreateHadoopSequenceFile$TestableCreateHadoopSequenceFile - [TestableCreateHadoopSequenceFile[id=7e281442-2297-4003-9250-15d67f7328d2]] org.apache.hadoop.mapred.JobConf
java.lang.ClassNotFoundException: org.apache.hadoop.mapred.JobConf
	at java.net.URLClassLoader.findClass(URLClassLoader.java:387)
	at java.lang.ClassLoader.loadClass(ClassLoader.java:418)
	at sun.misc.Launcher$AppClassLoader.loadClass(Launcher.java:352)
	at java.lang.ClassLoader.loadClass(ClassLoader.java:351)
	at java.lang.Class.forName0(Native Method)
	at java.lang.Class.forName(Class.java:348)
	at org.apache.nifi.processors.hadoop.ExtendedConfiguration.getClassByNameOrNull(ExtendedConfiguration.java:70)
	at org.apache.hadoop.util.ReflectionUtils.setJobConf(ReflectionUtils.java:98)
	at org.apache.hadoop.util.ReflectionUtils.setConf(ReflectionUtils.java:81)
	at org.apache.hadoop.util.ReflectionUtils.newInstance(ReflectionUtils.java:139)
	at org.apache.hadoop.io.compress.CompressionCodecFactory.<init>(CompressionCodecFactory.java:186)
	at org.apache.nifi.processors.hadoop.AbstractHadoopProcessor.getCompressionCodec(AbstractHadoopProcessor.java:588)
	at org.apache.nifi.processors.hadoop.CreateHadoopSequenceFile.onTrigger(CreateHadoopSequenceFile.java:169)
	at org.apache.nifi.processor.AbstractProcessor.onTrigger(AbstractProcessor.java:27)
	at org.apache.nifi.util.StandardProcessorTestRunner$RunProcessor.call(StandardProcessorTestRunner.java:284)
	at org.apache.nifi.util.StandardProcessorTestRunner$RunProcessor.call(StandardProcessorTestRunner.java:278)
	at java.util.concurrent.FutureTask.run(FutureTask.java:266)
	at java.util.concurrent.ScheduledThreadPoolExecutor$ScheduledFutureTask.access$201(ScheduledThreadPoolExecutor.java:180)
	at java.util.concurrent.ScheduledThreadPoolExecutor$ScheduledFutureTask.run(ScheduledThreadPoolExecutor.java:293)
	at java.util.concurrent.ThreadPoolExecutor.runWorker(ThreadPoolExecutor.java:1149)
	at java.util.concurrent.ThreadPoolExecutor$Worker.run(ThreadPoolExecutor.java:624)
	at java.lang.Thread.run(Thread.java:750)
1844 [pool-9-thread-1] ERROR org.apache.nifi.processors.hadoop.TestCreateHadoopSequenceFile$TestableCreateHadoopSequenceFile - [TestableCreateHadoopSequenceFile[id=7e281442-2297-4003-9250-15d67f7328d2]] org.apache.hadoop.mapred.JobConf
java.lang.ClassNotFoundException: org.apache.hadoop.mapred.JobConf
	at java.net.URLClassLoader.findClass(URLClassLoader.java:387)
	at java.lang.ClassLoader.loadClass(ClassLoader.java:418)
	at sun.misc.Launcher$AppClassLoader.loadClass(Launcher.java:352)
	at java.lang.ClassLoader.loadClass(ClassLoader.java:351)
	at java.lang.Class.forName0(Native Method)
	at java.lang.Class.forName(Class.java:348)
	at org.apache.nifi.processors.hadoop.ExtendedConfiguration.getClassByNameOrNull(ExtendedConfiguration.java:70)
	at org.apache.hadoop.util.ReflectionUtils.setJobConf(ReflectionUtils.java:98)
	at org.apache.hadoop.util.ReflectionUtils.setConf(ReflectionUtils.java:81)
	at org.apache.hadoop.util.ReflectionUtils.newInstance(ReflectionUtils.java:139)
	at org.apache.hadoop.io.compress.CompressionCodecFactory.<init>(CompressionCodecFactory.java:186)
	at org.apache.nifi.processors.hadoop.AbstractHadoopProcessor.getCompressionCodec(AbstractHadoopProcessor.java:588)
	at org.apache.nifi.processors.hadoop.CreateHadoopSequenceFile.onTrigger(CreateHadoopSequenceFile.java:169)
	at org.apache.nifi.processor.AbstractProcessor.onTrigger(AbstractProcessor.java:27)
	at org.apache.nifi.util.StandardProcessorTestRunner$RunProcessor.call(StandardProcessorTestRunner.java:284)
	at org.apache.nifi.util.StandardProcessorTestRunner$RunProcessor.call(StandardProcessorTestRunner.java:278)
	at java.util.concurrent.FutureTask.run(FutureTask.java:266)
	at java.util.concurrent.ScheduledThreadPoolExecutor$ScheduledFutureTask.access$201(ScheduledThreadPoolExecutor.java:180)
	at java.util.concurrent.ScheduledThreadPoolExecutor$ScheduledFutureTask.run(ScheduledThreadPoolExecutor.java:293)
	at java.util.concurrent.ThreadPoolExecutor.runWorker(ThreadPoolExecutor.java:1149)
	at java.util.concurrent.ThreadPoolExecutor$Worker.run(ThreadPoolExecutor.java:624)
	at java.lang.Thread.run(Thread.java:750)
1844 [pool-9-thread-1] ERROR org.apache.nifi.processors.hadoop.TestCreateHadoopSequenceFile$TestableCreateHadoopSequenceFile - [TestableCreateHadoopSequenceFile[id=7e281442-2297-4003-9250-15d67f7328d2]] org.apache.hadoop.mapred.JobConf
java.lang.ClassNotFoundException: org.apache.hadoop.mapred.JobConf
	at java.net.URLClassLoader.findClass(URLClassLoader.java:387)
	at java.lang.ClassLoader.loadClass(ClassLoader.java:418)
	at sun.misc.Launcher$AppClassLoader.loadClass(Launcher.java:352)
	at java.lang.ClassLoader.loadClass(ClassLoader.java:351)
	at java.lang.Class.forName0(Native Method)
	at java.lang.Class.forName(Class.java:348)
	at org.apache.nifi.processors.hadoop.ExtendedConfiguration.getClassByNameOrNull(ExtendedConfiguration.java:70)
	at org.apache.hadoop.util.ReflectionUtils.setJobConf(ReflectionUtils.java:98)
	at org.apache.hadoop.util.ReflectionUtils.setConf(ReflectionUtils.java:81)
	at org.apache.hadoop.util.ReflectionUtils.newInstance(ReflectionUtils.java:139)
	at org.apache.hadoop.io.compress.CompressionCodecFactory.<init>(CompressionCodecFactory.java:186)
	at org.apache.nifi.processors.hadoop.AbstractHadoopProcessor.getCompressionCodec(AbstractHadoopProcessor.java:588)
	at org.apache.nifi.processors.hadoop.CreateHadoopSequenceFile.onTrigger(CreateHadoopSequenceFile.java:169)
	at org.apache.nifi.processor.AbstractProcessor.onTrigger(AbstractProcessor.java:27)
	at org.apache.nifi.util.StandardProcessorTestRunner$RunProcessor.call(StandardProcessorTestRunner.java:284)
	at org.apache.nifi.util.StandardProcessorTestRunner$RunProcessor.call(StandardProcessorTestRunner.java:278)
	at java.util.concurrent.FutureTask.run(FutureTask.java:266)
	at java.util.concurrent.ScheduledThreadPoolExecutor$ScheduledFutureTask.access$201(ScheduledThreadPoolExecutor.java:180)
	at java.util.concurrent.ScheduledThreadPoolExecutor$ScheduledFutureTask.run(ScheduledThreadPoolExecutor.java:293)
	at java.util.concurrent.ThreadPoolExecutor.runWorker(ThreadPoolExecutor.java:1149)
	at java.util.concurrent.ThreadPoolExecutor$Worker.run(ThreadPoolExecutor.java:624)
	at java.lang.Thread.run(Thread.java:750)
1845 [pool-9-thread-1] ERROR org.apache.nifi.processors.hadoop.TestCreateHadoopSequenceFile$TestableCreateHadoopSequenceFile - [TestableCreateHadoopSequenceFile[id=7e281442-2297-4003-9250-15d67f7328d2]] org.apache.hadoop.mapred.JobConf
java.lang.ClassNotFoundException: org.apache.hadoop.mapred.JobConf
	at java.net.URLClassLoader.findClass(URLClassLoader.java:387)
	at java.lang.ClassLoader.loadClass(ClassLoader.java:418)
	at sun.misc.Launcher$AppClassLoader.loadClass(Launcher.java:352)
	at java.lang.ClassLoader.loadClass(ClassLoader.java:351)
	at java.lang.Class.forName0(Native Method)
	at java.lang.Class.forName(Class.java:348)
	at org.apache.nifi.processors.hadoop.ExtendedConfiguration.getClassByNameOrNull(ExtendedConfiguration.java:70)
	at org.apache.hadoop.util.ReflectionUtils.setJobConf(ReflectionUtils.java:98)
	at org.apache.hadoop.util.ReflectionUtils.setConf(ReflectionUtils.java:81)
	at org.apache.hadoop.util.ReflectionUtils.newInstance(ReflectionUtils.java:139)
	at org.apache.hadoop.io.serializer.SerializationFactory.add(SerializationFactory.java:73)
	at org.apache.hadoop.io.serializer.SerializationFactory.<init>(SerializationFactory.java:63)
	at org.apache.hadoop.io.SequenceFile$Writer.init(SequenceFile.java:1278)
	at org.apache.hadoop.io.SequenceFile$Writer.<init>(SequenceFile.java:1192)
	at org.apache.hadoop.io.SequenceFile.createWriter(SequenceFile.java:285)
	at org.apache.nifi.processors.hadoop.SequenceFileWriterImpl$1.process(SequenceFileWriterImpl.java:96)
	at org.apache.nifi.util.MockProcessSession.write(MockProcessSession.java:979)
	at org.apache.nifi.util.MockProcessSession.write(MockProcessSession.java:67)
	at org.apache.nifi.processors.hadoop.SequenceFileWriterImpl.writeSequenceFile(SequenceFileWriterImpl.java:76)
	at org.apache.nifi.processors.hadoop.CreateHadoopSequenceFile.onTrigger(CreateHadoopSequenceFile.java:180)
	at org.apache.nifi.processor.AbstractProcessor.onTrigger(AbstractProcessor.java:27)
	at org.apache.nifi.util.StandardProcessorTestRunner$RunProcessor.call(StandardProcessorTestRunner.java:284)
	at org.apache.nifi.util.StandardProcessorTestRunner$RunProcessor.call(StandardProcessorTestRunner.java:278)
	at java.util.concurrent.FutureTask.run(FutureTask.java:266)
	at java.util.concurrent.ScheduledThreadPoolExecutor$ScheduledFutureTask.access$201(ScheduledThreadPoolExecutor.java:180)
	at java.util.concurrent.ScheduledThreadPoolExecutor$ScheduledFutureTask.run(ScheduledThreadPoolExecutor.java:293)
	at java.util.concurrent.ThreadPoolExecutor.runWorker(ThreadPoolExecutor.java:1149)
	at java.util.concurrent.ThreadPoolExecutor$Worker.run(ThreadPoolExecutor.java:624)
	at java.lang.Thread.run(Thread.java:750)
1846 [pool-9-thread-1] ERROR org.apache.nifi.processors.hadoop.TestCreateHadoopSequenceFile$TestableCreateHadoopSequenceFile - [TestableCreateHadoopSequenceFile[id=7e281442-2297-4003-9250-15d67f7328d2]] org.apache.hadoop.mapred.JobConf
java.lang.ClassNotFoundException: org.apache.hadoop.mapred.JobConf
	at java.net.URLClassLoader.findClass(URLClassLoader.java:387)
	at java.lang.ClassLoader.loadClass(ClassLoader.java:418)
	at sun.misc.Launcher$AppClassLoader.loadClass(Launcher.java:352)
	at java.lang.ClassLoader.loadClass(ClassLoader.java:351)
	at java.lang.Class.forName0(Native Method)
	at java.lang.Class.forName(Class.java:348)
	at org.apache.nifi.processors.hadoop.ExtendedConfiguration.getClassByNameOrNull(ExtendedConfiguration.java:70)
	at org.apache.hadoop.util.ReflectionUtils.setJobConf(ReflectionUtils.java:98)
	at org.apache.hadoop.util.ReflectionUtils.setConf(ReflectionUtils.java:81)
	at org.apache.hadoop.util.ReflectionUtils.newInstance(ReflectionUtils.java:139)
	at org.apache.hadoop.io.serializer.SerializationFactory.add(SerializationFactory.java:73)
	at org.apache.hadoop.io.serializer.SerializationFactory.<init>(SerializationFactory.java:63)
	at org.apache.hadoop.io.SequenceFile$Writer.init(SequenceFile.java:1278)
	at org.apache.hadoop.io.SequenceFile$Writer.<init>(SequenceFile.java:1192)
	at org.apache.hadoop.io.SequenceFile.createWriter(SequenceFile.java:285)
	at org.apache.nifi.processors.hadoop.SequenceFileWriterImpl$1.process(SequenceFileWriterImpl.java:96)
	at org.apache.nifi.util.MockProcessSession.write(MockProcessSession.java:979)
	at org.apache.nifi.util.MockProcessSession.write(MockProcessSession.java:67)
	at org.apache.nifi.processors.hadoop.SequenceFileWriterImpl.writeSequenceFile(SequenceFileWriterImpl.java:76)
	at org.apache.nifi.processors.hadoop.CreateHadoopSequenceFile.onTrigger(CreateHadoopSequenceFile.java:180)
	at org.apache.nifi.processor.AbstractProcessor.onTrigger(AbstractProcessor.java:27)
	at org.apache.nifi.util.StandardProcessorTestRunner$RunProcessor.call(StandardProcessorTestRunner.java:284)
	at org.apache.nifi.util.StandardProcessorTestRunner$RunProcessor.call(StandardProcessorTestRunner.java:278)
	at java.util.concurrent.FutureTask.run(FutureTask.java:266)
	at java.util.concurrent.ScheduledThreadPoolExecutor$ScheduledFutureTask.access$201(ScheduledThreadPoolExecutor.java:180)
	at java.util.concurrent.ScheduledThreadPoolExecutor$ScheduledFutureTask.run(ScheduledThreadPoolExecutor.java:293)
	at java.util.concurrent.ThreadPoolExecutor.runWorker(ThreadPoolExecutor.java:1149)
	at java.util.concurrent.ThreadPoolExecutor$Worker.run(ThreadPoolExecutor.java:624)
	at java.lang.Thread.run(Thread.java:750)
1847 [pool-9-thread-1] ERROR org.apache.nifi.processors.hadoop.TestCreateHadoopSequenceFile$TestableCreateHadoopSequenceFile - [TestableCreateHadoopSequenceFile[id=7e281442-2297-4003-9250-15d67f7328d2]] org.apache.hadoop.mapred.JobConf
java.lang.ClassNotFoundException: org.apache.hadoop.mapred.JobConf
	at java.net.URLClassLoader.findClass(URLClassLoader.java:387)
	at java.lang.ClassLoader.loadClass(ClassLoader.java:418)
	at sun.misc.Launcher$AppClassLoader.loadClass(Launcher.java:352)
	at java.lang.ClassLoader.loadClass(ClassLoader.java:351)
	at java.lang.Class.forName0(Native Method)
	at java.lang.Class.forName(Class.java:348)
	at org.apache.nifi.processors.hadoop.ExtendedConfiguration.getClassByNameOrNull(ExtendedConfiguration.java:70)
	at org.apache.hadoop.util.ReflectionUtils.setJobConf(ReflectionUtils.java:98)
	at org.apache.hadoop.util.ReflectionUtils.setConf(ReflectionUtils.java:81)
	at org.apache.hadoop.util.ReflectionUtils.newInstance(ReflectionUtils.java:139)
	at org.apache.hadoop.io.serializer.SerializationFactory.add(SerializationFactory.java:73)
	at org.apache.hadoop.io.serializer.SerializationFactory.<init>(SerializationFactory.java:63)
	at org.apache.hadoop.io.SequenceFile$Writer.init(SequenceFile.java:1278)
	at org.apache.hadoop.io.SequenceFile$Writer.<init>(SequenceFile.java:1192)
	at org.apache.hadoop.io.SequenceFile.createWriter(SequenceFile.java:285)
	at org.apache.nifi.processors.hadoop.SequenceFileWriterImpl$1.process(SequenceFileWriterImpl.java:96)
	at org.apache.nifi.util.MockProcessSession.write(MockProcessSession.java:979)
	at org.apache.nifi.util.MockProcessSession.write(MockProcessSession.java:67)
	at org.apache.nifi.processors.hadoop.SequenceFileWriterImpl.writeSequenceFile(SequenceFileWriterImpl.java:76)
	at org.apache.nifi.processors.hadoop.CreateHadoopSequenceFile.onTrigger(CreateHadoopSequenceFile.java:180)
	at org.apache.nifi.processor.AbstractProcessor.onTrigger(AbstractProcessor.java:27)
	at org.apache.nifi.util.StandardProcessorTestRunner$RunProcessor.call(StandardProcessorTestRunner.java:284)
	at org.apache.nifi.util.StandardProcessorTestRunner$RunProcessor.call(StandardProcessorTestRunner.java:278)
	at java.util.concurrent.FutureTask.run(FutureTask.java:266)
	at java.util.concurrent.ScheduledThreadPoolExecutor$ScheduledFutureTask.access$201(ScheduledThreadPoolExecutor.java:180)
	at java.util.concurrent.ScheduledThreadPoolExecutor$ScheduledFutureTask.run(ScheduledThreadPoolExecutor.java:293)
	at java.util.concurrent.ThreadPoolExecutor.runWorker(ThreadPoolExecutor.java:1149)
	at java.util.concurrent.ThreadPoolExecutor$Worker.run(ThreadPoolExecutor.java:624)
	at java.lang.Thread.run(Thread.java:750)
1849 [pool-9-thread-1] INFO org.apache.nifi.processors.hadoop.TestCreateHadoopSequenceFile$TestableCreateHadoopSequenceFile - TestableCreateHadoopSequenceFile[id=7e281442-2297-4003-9250-15d67f7328d2] Transferred flowfile FlowFile[0,90272715600583.mockFlowFile.sf,500130B] to success
1849 [pool-9-thread-1] ERROR org.apache.nifi.processors.hadoop.TestCreateHadoopSequenceFile$TestableCreateHadoopSequenceFile - [TestableCreateHadoopSequenceFile[id=7e281442-2297-4003-9250-15d67f7328d2]] org.apache.hadoop.mapred.JobConf
java.lang.ClassNotFoundException: org.apache.hadoop.mapred.JobConf
	at java.net.URLClassLoader.findClass(URLClassLoader.java:387)
	at java.lang.ClassLoader.loadClass(ClassLoader.java:418)
	at sun.misc.Launcher$AppClassLoader.loadClass(Launcher.java:352)
	at java.lang.ClassLoader.loadClass(ClassLoader.java:351)
	at java.lang.Class.forName0(Native Method)
	at java.lang.Class.forName(Class.java:348)
	at org.apache.nifi.processors.hadoop.ExtendedConfiguration.getClassByNameOrNull(ExtendedConfiguration.java:70)
	at org.apache.hadoop.util.ReflectionUtils.setJobConf(ReflectionUtils.java:98)
	at org.apache.hadoop.util.ReflectionUtils.setConf(ReflectionUtils.java:81)
	at org.apache.hadoop.util.ReflectionUtils.newInstance(ReflectionUtils.java:139)
	at org.apache.hadoop.io.compress.CompressionCodecFactory.<init>(CompressionCodecFactory.java:186)
	at org.apache.nifi.processors.hadoop.AbstractHadoopProcessor.getCompressionCodec(AbstractHadoopProcessor.java:588)
	at org.apache.nifi.processors.hadoop.CreateHadoopSequenceFile.onTrigger(CreateHadoopSequenceFile.java:169)
	at org.apache.nifi.processor.AbstractProcessor.onTrigger(AbstractProcessor.java:27)
	at org.apache.nifi.util.StandardProcessorTestRunner$RunProcessor.call(StandardProcessorTestRunner.java:284)
	at org.apache.nifi.util.StandardProcessorTestRunner$RunProcessor.call(StandardProcessorTestRunner.java:278)
	at java.util.concurrent.FutureTask.run(FutureTask.java:266)
	at java.util.concurrent.ScheduledThreadPoolExecutor$ScheduledFutureTask.access$201(ScheduledThreadPoolExecutor.java:180)
	at java.util.concurrent.ScheduledThreadPoolExecutor$ScheduledFutureTask.run(ScheduledThreadPoolExecutor.java:293)
	at java.util.concurrent.ThreadPoolExecutor.runWorker(ThreadPoolExecutor.java:1149)
	at java.util.concurrent.ThreadPoolExecutor$Worker.run(ThreadPoolExecutor.java:624)
	at java.lang.Thread.run(Thread.java:750)
1850 [pool-9-thread-1] ERROR org.apache.nifi.processors.hadoop.TestCreateHadoopSequenceFile$TestableCreateHadoopSequenceFile - [TestableCreateHadoopSequenceFile[id=7e281442-2297-4003-9250-15d67f7328d2]] org.apache.hadoop.mapred.JobConf
java.lang.ClassNotFoundException: org.apache.hadoop.mapred.JobConf
	at java.net.URLClassLoader.findClass(URLClassLoader.java:387)
	at java.lang.ClassLoader.loadClass(ClassLoader.java:418)
	at sun.misc.Launcher$AppClassLoader.loadClass(Launcher.java:352)
	at java.lang.ClassLoader.loadClass(ClassLoader.java:351)
	at java.lang.Class.forName0(Native Method)
	at java.lang.Class.forName(Class.java:348)
	at org.apache.nifi.processors.hadoop.ExtendedConfiguration.getClassByNameOrNull(ExtendedConfiguration.java:70)
	at org.apache.hadoop.util.ReflectionUtils.setJobConf(ReflectionUtils.java:98)
	at org.apache.hadoop.util.ReflectionUtils.setConf(ReflectionUtils.java:81)
	at org.apache.hadoop.util.ReflectionUtils.newInstance(ReflectionUtils.java:139)
	at org.apache.hadoop.io.compress.CompressionCodecFactory.<init>(CompressionCodecFactory.java:186)
	at org.apache.nifi.processors.hadoop.AbstractHadoopProcessor.getCompressionCodec(AbstractHadoopProcessor.java:588)
	at org.apache.nifi.processors.hadoop.CreateHadoopSequenceFile.onTrigger(CreateHadoopSequenceFile.java:169)
	at org.apache.nifi.processor.AbstractProcessor.onTrigger(AbstractProcessor.java:27)
	at org.apache.nifi.util.StandardProcessorTestRunner$RunProcessor.call(StandardProcessorTestRunner.java:284)
	at org.apache.nifi.util.StandardProcessorTestRunner$RunProcessor.call(StandardProcessorTestRunner.java:278)
	at java.util.concurrent.FutureTask.run(FutureTask.java:266)
	at java.util.concurrent.ScheduledThreadPoolExecutor$ScheduledFutureTask.access$201(ScheduledThreadPoolExecutor.java:180)
	at java.util.concurrent.ScheduledThreadPoolExecutor$ScheduledFutureTask.run(ScheduledThreadPoolExecutor.java:293)
	at java.util.concurrent.ThreadPoolExecutor.runWorker(ThreadPoolExecutor.java:1149)
	at java.util.concurrent.ThreadPoolExecutor$Worker.run(ThreadPoolExecutor.java:624)
	at java.lang.Thread.run(Thread.java:750)
1851 [pool-9-thread-1] ERROR org.apache.nifi.processors.hadoop.TestCreateHadoopSequenceFile$TestableCreateHadoopSequenceFile - [TestableCreateHadoopSequenceFile[id=7e281442-2297-4003-9250-15d67f7328d2]] org.apache.hadoop.mapred.JobConf
java.lang.ClassNotFoundException: org.apache.hadoop.mapred.JobConf
	at java.net.URLClassLoader.findClass(URLClassLoader.java:387)
	at java.lang.ClassLoader.loadClass(ClassLoader.java:418)
	at sun.misc.Launcher$AppClassLoader.loadClass(Launcher.java:352)
	at java.lang.ClassLoader.loadClass(ClassLoader.java:351)
	at java.lang.Class.forName0(Native Method)
	at java.lang.Class.forName(Class.java:348)
	at org.apache.nifi.processors.hadoop.ExtendedConfiguration.getClassByNameOrNull(ExtendedConfiguration.java:70)
	at org.apache.hadoop.util.ReflectionUtils.setJobConf(ReflectionUtils.java:98)
	at org.apache.hadoop.util.ReflectionUtils.setConf(ReflectionUtils.java:81)
	at org.apache.hadoop.util.ReflectionUtils.newInstance(ReflectionUtils.java:139)
	at org.apache.hadoop.io.compress.CompressionCodecFactory.<init>(CompressionCodecFactory.java:186)
	at org.apache.nifi.processors.hadoop.AbstractHadoopProcessor.getCompressionCodec(AbstractHadoopProcessor.java:588)
	at org.apache.nifi.processors.hadoop.CreateHadoopSequenceFile.onTrigger(CreateHadoopSequenceFile.java:169)
	at org.apache.nifi.processor.AbstractProcessor.onTrigger(AbstractProcessor.java:27)
	at org.apache.nifi.util.StandardProcessorTestRunner$RunProcessor.call(StandardProcessorTestRunner.java:284)
	at org.apache.nifi.util.StandardProcessorTestRunner$RunProcessor.call(StandardProcessorTestRunner.java:278)
	at java.util.concurrent.FutureTask.run(FutureTask.java:266)
	at java.util.concurrent.ScheduledThreadPoolExecutor$ScheduledFutureTask.access$201(ScheduledThreadPoolExecutor.java:180)
	at java.util.concurrent.ScheduledThreadPoolExecutor$ScheduledFutureTask.run(ScheduledThreadPoolExecutor.java:293)
	at java.util.concurrent.ThreadPoolExecutor.runWorker(ThreadPoolExecutor.java:1149)
	at java.util.concurrent.ThreadPoolExecutor$Worker.run(ThreadPoolExecutor.java:624)
	at java.lang.Thread.run(Thread.java:750)
1852 [pool-9-thread-1] ERROR org.apache.nifi.processors.hadoop.TestCreateHadoopSequenceFile$TestableCreateHadoopSequenceFile - [TestableCreateHadoopSequenceFile[id=7e281442-2297-4003-9250-15d67f7328d2]] org.apache.hadoop.mapred.JobConf
java.lang.ClassNotFoundException: org.apache.hadoop.mapred.JobConf
	at java.net.URLClassLoader.findClass(URLClassLoader.java:387)
	at java.lang.ClassLoader.loadClass(ClassLoader.java:418)
	at sun.misc.Launcher$AppClassLoader.loadClass(Launcher.java:352)
	at java.lang.ClassLoader.loadClass(ClassLoader.java:351)
	at java.lang.Class.forName0(Native Method)
	at java.lang.Class.forName(Class.java:348)
	at org.apache.nifi.processors.hadoop.ExtendedConfiguration.getClassByNameOrNull(ExtendedConfiguration.java:70)
	at org.apache.hadoop.util.ReflectionUtils.setJobConf(ReflectionUtils.java:98)
	at org.apache.hadoop.util.ReflectionUtils.setConf(ReflectionUtils.java:81)
	at org.apache.hadoop.util.ReflectionUtils.newInstance(ReflectionUtils.java:139)
	at org.apache.hadoop.io.compress.CompressionCodecFactory.<init>(CompressionCodecFactory.java:186)
	at org.apache.nifi.processors.hadoop.AbstractHadoopProcessor.getCompressionCodec(AbstractHadoopProcessor.java:588)
	at org.apache.nifi.processors.hadoop.CreateHadoopSequenceFile.onTrigger(CreateHadoopSequenceFile.java:169)
	at org.apache.nifi.processor.AbstractProcessor.onTrigger(AbstractProcessor.java:27)
	at org.apache.nifi.util.StandardProcessorTestRunner$RunProcessor.call(StandardProcessorTestRunner.java:284)
	at org.apache.nifi.util.StandardProcessorTestRunner$RunProcessor.call(StandardProcessorTestRunner.java:278)
	at java.util.concurrent.FutureTask.run(FutureTask.java:266)
	at java.util.concurrent.ScheduledThreadPoolExecutor$ScheduledFutureTask.access$201(ScheduledThreadPoolExecutor.java:180)
	at java.util.concurrent.ScheduledThreadPoolExecutor$ScheduledFutureTask.run(ScheduledThreadPoolExecutor.java:293)
	at java.util.concurrent.ThreadPoolExecutor.runWorker(ThreadPoolExecutor.java:1149)
	at java.util.concurrent.ThreadPoolExecutor$Worker.run(ThreadPoolExecutor.java:624)
	at java.lang.Thread.run(Thread.java:750)
1853 [pool-9-thread-1] ERROR org.apache.nifi.processors.hadoop.TestCreateHadoopSequenceFile$TestableCreateHadoopSequenceFile - [TestableCreateHadoopSequenceFile[id=7e281442-2297-4003-9250-15d67f7328d2]] org.apache.hadoop.mapred.JobConf
java.lang.ClassNotFoundException: org.apache.hadoop.mapred.JobConf
	at java.net.URLClassLoader.findClass(URLClassLoader.java:387)
	at java.lang.ClassLoader.loadClass(ClassLoader.java:418)
	at sun.misc.Launcher$AppClassLoader.loadClass(Launcher.java:352)
	at java.lang.ClassLoader.loadClass(ClassLoader.java:351)
	at java.lang.Class.forName0(Native Method)
	at java.lang.Class.forName(Class.java:348)
	at org.apache.nifi.processors.hadoop.ExtendedConfiguration.getClassByNameOrNull(ExtendedConfiguration.java:70)
	at org.apache.hadoop.util.ReflectionUtils.setJobConf(ReflectionUtils.java:98)
	at org.apache.hadoop.util.ReflectionUtils.setConf(ReflectionUtils.java:81)
	at org.apache.hadoop.util.ReflectionUtils.newInstance(ReflectionUtils.java:139)
	at org.apache.hadoop.io.compress.CompressionCodecFactory.<init>(CompressionCodecFactory.java:186)
	at org.apache.nifi.processors.hadoop.AbstractHadoopProcessor.getCompressionCodec(AbstractHadoopProcessor.java:588)
	at org.apache.nifi.processors.hadoop.CreateHadoopSequenceFile.onTrigger(CreateHadoopSequenceFile.java:169)
	at org.apache.nifi.processor.AbstractProcessor.onTrigger(AbstractProcessor.java:27)
	at org.apache.nifi.util.StandardProcessorTestRunner$RunProcessor.call(StandardProcessorTestRunner.java:284)
	at org.apache.nifi.util.StandardProcessorTestRunner$RunProcessor.call(StandardProcessorTestRunner.java:278)
	at java.util.concurrent.FutureTask.run(FutureTask.java:266)
	at java.util.concurrent.ScheduledThreadPoolExecutor$ScheduledFutureTask.access$201(ScheduledThreadPoolExecutor.java:180)
	at java.util.concurrent.ScheduledThreadPoolExecutor$ScheduledFutureTask.run(ScheduledThreadPoolExecutor.java:293)
	at java.util.concurrent.ThreadPoolExecutor.runWorker(ThreadPoolExecutor.java:1149)
	at java.util.concurrent.ThreadPoolExecutor$Worker.run(ThreadPoolExecutor.java:624)
	at java.lang.Thread.run(Thread.java:750)
1854 [pool-9-thread-1] ERROR org.apache.nifi.processors.hadoop.TestCreateHadoopSequenceFile$TestableCreateHadoopSequenceFile - [TestableCreateHadoopSequenceFile[id=7e281442-2297-4003-9250-15d67f7328d2]] org.apache.hadoop.mapred.JobConf
java.lang.ClassNotFoundException: org.apache.hadoop.mapred.JobConf
	at java.net.URLClassLoader.findClass(URLClassLoader.java:387)
	at java.lang.ClassLoader.loadClass(ClassLoader.java:418)
	at sun.misc.Launcher$AppClassLoader.loadClass(Launcher.java:352)
	at java.lang.ClassLoader.loadClass(ClassLoader.java:351)
	at java.lang.Class.forName0(Native Method)
	at java.lang.Class.forName(Class.java:348)
	at org.apache.nifi.processors.hadoop.ExtendedConfiguration.getClassByNameOrNull(ExtendedConfiguration.java:70)
	at org.apache.hadoop.util.ReflectionUtils.setJobConf(ReflectionUtils.java:98)
	at org.apache.hadoop.util.ReflectionUtils.setConf(ReflectionUtils.java:81)
	at org.apache.hadoop.util.ReflectionUtils.newInstance(ReflectionUtils.java:139)
	at org.apache.hadoop.io.compress.CompressionCodecFactory.<init>(CompressionCodecFactory.java:186)
	at org.apache.nifi.processors.hadoop.AbstractHadoopProcessor.getCompressionCodec(AbstractHadoopProcessor.java:588)
	at org.apache.nifi.processors.hadoop.CreateHadoopSequenceFile.onTrigger(CreateHadoopSequenceFile.java:169)
	at org.apache.nifi.processor.AbstractProcessor.onTrigger(AbstractProcessor.java:27)
	at org.apache.nifi.util.StandardProcessorTestRunner$RunProcessor.call(StandardProcessorTestRunner.java:284)
	at org.apache.nifi.util.StandardProcessorTestRunner$RunProcessor.call(StandardProcessorTestRunner.java:278)
	at java.util.concurrent.FutureTask.run(FutureTask.java:266)
	at java.util.concurrent.ScheduledThreadPoolExecutor$ScheduledFutureTask.access$201(ScheduledThreadPoolExecutor.java:180)
	at java.util.concurrent.ScheduledThreadPoolExecutor$ScheduledFutureTask.run(ScheduledThreadPoolExecutor.java:293)
	at java.util.concurrent.ThreadPoolExecutor.runWorker(ThreadPoolExecutor.java:1149)
	at java.util.concurrent.ThreadPoolExecutor$Worker.run(ThreadPoolExecutor.java:624)
	at java.lang.Thread.run(Thread.java:750)
1855 [pool-9-thread-1] ERROR org.apache.nifi.processors.hadoop.TestCreateHadoopSequenceFile$TestableCreateHadoopSequenceFile - [TestableCreateHadoopSequenceFile[id=7e281442-2297-4003-9250-15d67f7328d2]] org.apache.hadoop.mapred.JobConf
java.lang.ClassNotFoundException: org.apache.hadoop.mapred.JobConf
	at java.net.URLClassLoader.findClass(URLClassLoader.java:387)
	at java.lang.ClassLoader.loadClass(ClassLoader.java:418)
	at sun.misc.Launcher$AppClassLoader.loadClass(Launcher.java:352)
	at java.lang.ClassLoader.loadClass(ClassLoader.java:351)
	at java.lang.Class.forName0(Native Method)
	at java.lang.Class.forName(Class.java:348)
	at org.apache.nifi.processors.hadoop.ExtendedConfiguration.getClassByNameOrNull(ExtendedConfiguration.java:70)
	at org.apache.hadoop.util.ReflectionUtils.setJobConf(ReflectionUtils.java:98)
	at org.apache.hadoop.util.ReflectionUtils.setConf(ReflectionUtils.java:81)
	at org.apache.hadoop.util.ReflectionUtils.newInstance(ReflectionUtils.java:139)
	at org.apache.hadoop.io.compress.CompressionCodecFactory.<init>(CompressionCodecFactory.java:186)
	at org.apache.nifi.processors.hadoop.AbstractHadoopProcessor.getCompressionCodec(AbstractHadoopProcessor.java:588)
	at org.apache.nifi.processors.hadoop.CreateHadoopSequenceFile.onTrigger(CreateHadoopSequenceFile.java:169)
	at org.apache.nifi.processor.AbstractProcessor.onTrigger(AbstractProcessor.java:27)
	at org.apache.nifi.util.StandardProcessorTestRunner$RunProcessor.call(StandardProcessorTestRunner.java:284)
	at org.apache.nifi.util.StandardProcessorTestRunner$RunProcessor.call(StandardProcessorTestRunner.java:278)
	at java.util.concurrent.FutureTask.run(FutureTask.java:266)
	at java.util.concurrent.ScheduledThreadPoolExecutor$ScheduledFutureTask.access$201(ScheduledThreadPoolExecutor.java:180)
	at java.util.concurrent.ScheduledThreadPoolExecutor$ScheduledFutureTask.run(ScheduledThreadPoolExecutor.java:293)
	at java.util.concurrent.ThreadPoolExecutor.runWorker(ThreadPoolExecutor.java:1149)
	at java.util.concurrent.ThreadPoolExecutor$Worker.run(ThreadPoolExecutor.java:624)
	at java.lang.Thread.run(Thread.java:750)
1856 [pool-9-thread-1] ERROR org.apache.nifi.processors.hadoop.TestCreateHadoopSequenceFile$TestableCreateHadoopSequenceFile - [TestableCreateHadoopSequenceFile[id=7e281442-2297-4003-9250-15d67f7328d2]] org.apache.hadoop.mapred.JobConf
java.lang.ClassNotFoundException: org.apache.hadoop.mapred.JobConf
	at java.net.URLClassLoader.findClass(URLClassLoader.java:387)
	at java.lang.ClassLoader.loadClass(ClassLoader.java:418)
	at sun.misc.Launcher$AppClassLoader.loadClass(Launcher.java:352)
	at java.lang.ClassLoader.loadClass(ClassLoader.java:351)
	at java.lang.Class.forName0(Native Method)
	at java.lang.Class.forName(Class.java:348)
	at org.apache.nifi.processors.hadoop.ExtendedConfiguration.getClassByNameOrNull(ExtendedConfiguration.java:70)
	at org.apache.hadoop.util.ReflectionUtils.setJobConf(ReflectionUtils.java:98)
	at org.apache.hadoop.util.ReflectionUtils.setConf(ReflectionUtils.java:81)
	at org.apache.hadoop.util.ReflectionUtils.newInstance(ReflectionUtils.java:139)
	at org.apache.hadoop.io.serializer.SerializationFactory.add(SerializationFactory.java:73)
	at org.apache.hadoop.io.serializer.SerializationFactory.<init>(SerializationFactory.java:63)
	at org.apache.hadoop.io.SequenceFile$Writer.init(SequenceFile.java:1278)
	at org.apache.hadoop.io.SequenceFile$Writer.<init>(SequenceFile.java:1192)
	at org.apache.hadoop.io.SequenceFile.createWriter(SequenceFile.java:285)
	at org.apache.nifi.processors.hadoop.SequenceFileWriterImpl$1.process(SequenceFileWriterImpl.java:96)
	at org.apache.nifi.util.MockProcessSession.write(MockProcessSession.java:979)
	at org.apache.nifi.util.MockProcessSession.write(MockProcessSession.java:67)
	at org.apache.nifi.processors.hadoop.SequenceFileWriterImpl.writeSequenceFile(SequenceFileWriterImpl.java:76)
	at org.apache.nifi.processors.hadoop.CreateHadoopSequenceFile.onTrigger(CreateHadoopSequenceFile.java:180)
	at org.apache.nifi.processor.AbstractProcessor.onTrigger(AbstractProcessor.java:27)
	at org.apache.nifi.util.StandardProcessorTestRunner$RunProcessor.call(StandardProcessorTestRunner.java:284)
	at org.apache.nifi.util.StandardProcessorTestRunner$RunProcessor.call(StandardProcessorTestRunner.java:278)
	at java.util.concurrent.FutureTask.run(FutureTask.java:266)
	at java.util.concurrent.ScheduledThreadPoolExecutor$ScheduledFutureTask.access$201(ScheduledThreadPoolExecutor.java:180)
	at java.util.concurrent.ScheduledThreadPoolExecutor$ScheduledFutureTask.run(ScheduledThreadPoolExecutor.java:293)
	at java.util.concurrent.ThreadPoolExecutor.runWorker(ThreadPoolExecutor.java:1149)
	at java.util.concurrent.ThreadPoolExecutor$Worker.run(ThreadPoolExecutor.java:624)
	at java.lang.Thread.run(Thread.java:750)
1857 [pool-9-thread-1] ERROR org.apache.nifi.processors.hadoop.TestCreateHadoopSequenceFile$TestableCreateHadoopSequenceFile - [TestableCreateHadoopSequenceFile[id=7e281442-2297-4003-9250-15d67f7328d2]] org.apache.hadoop.mapred.JobConf
java.lang.ClassNotFoundException: org.apache.hadoop.mapred.JobConf
	at java.net.URLClassLoader.findClass(URLClassLoader.java:387)
	at java.lang.ClassLoader.loadClass(ClassLoader.java:418)
	at sun.misc.Launcher$AppClassLoader.loadClass(Launcher.java:352)
	at java.lang.ClassLoader.loadClass(ClassLoader.java:351)
	at java.lang.Class.forName0(Native Method)
	at java.lang.Class.forName(Class.java:348)
	at org.apache.nifi.processors.hadoop.ExtendedConfiguration.getClassByNameOrNull(ExtendedConfiguration.java:70)
	at org.apache.hadoop.util.ReflectionUtils.setJobConf(ReflectionUtils.java:98)
	at org.apache.hadoop.util.ReflectionUtils.setConf(ReflectionUtils.java:81)
	at org.apache.hadoop.util.ReflectionUtils.newInstance(ReflectionUtils.java:139)
	at org.apache.hadoop.io.serializer.SerializationFactory.add(SerializationFactory.java:73)
	at org.apache.hadoop.io.serializer.SerializationFactory.<init>(SerializationFactory.java:63)
	at org.apache.hadoop.io.SequenceFile$Writer.init(SequenceFile.java:1278)
	at org.apache.hadoop.io.SequenceFile$Writer.<init>(SequenceFile.java:1192)
	at org.apache.hadoop.io.SequenceFile.createWriter(SequenceFile.java:285)
	at org.apache.nifi.processors.hadoop.SequenceFileWriterImpl$1.process(SequenceFileWriterImpl.java:96)
	at org.apache.nifi.util.MockProcessSession.write(MockProcessSession.java:979)
	at org.apache.nifi.util.MockProcessSession.write(MockProcessSession.java:67)
	at org.apache.nifi.processors.hadoop.SequenceFileWriterImpl.writeSequenceFile(SequenceFileWriterImpl.java:76)
	at org.apache.nifi.processors.hadoop.CreateHadoopSequenceFile.onTrigger(CreateHadoopSequenceFile.java:180)
	at org.apache.nifi.processor.AbstractProcessor.onTrigger(AbstractProcessor.java:27)
	at org.apache.nifi.util.StandardProcessorTestRunner$RunProcessor.call(StandardProcessorTestRunner.java:284)
	at org.apache.nifi.util.StandardProcessorTestRunner$RunProcessor.call(StandardProcessorTestRunner.java:278)
	at java.util.concurrent.FutureTask.run(FutureTask.java:266)
	at java.util.concurrent.ScheduledThreadPoolExecutor$ScheduledFutureTask.access$201(ScheduledThreadPoolExecutor.java:180)
	at java.util.concurrent.ScheduledThreadPoolExecutor$ScheduledFutureTask.run(ScheduledThreadPoolExecutor.java:293)
	at java.util.concurrent.ThreadPoolExecutor.runWorker(ThreadPoolExecutor.java:1149)
	at java.util.concurrent.ThreadPoolExecutor$Worker.run(ThreadPoolExecutor.java:624)
	at java.lang.Thread.run(Thread.java:750)
1858 [pool-9-thread-1] ERROR org.apache.nifi.processors.hadoop.TestCreateHadoopSequenceFile$TestableCreateHadoopSequenceFile - [TestableCreateHadoopSequenceFile[id=7e281442-2297-4003-9250-15d67f7328d2]] org.apache.hadoop.mapred.JobConf
java.lang.ClassNotFoundException: org.apache.hadoop.mapred.JobConf
	at java.net.URLClassLoader.findClass(URLClassLoader.java:387)
	at java.lang.ClassLoader.loadClass(ClassLoader.java:418)
	at sun.misc.Launcher$AppClassLoader.loadClass(Launcher.java:352)
	at java.lang.ClassLoader.loadClass(ClassLoader.java:351)
	at java.lang.Class.forName0(Native Method)
	at java.lang.Class.forName(Class.java:348)
	at org.apache.nifi.processors.hadoop.ExtendedConfiguration.getClassByNameOrNull(ExtendedConfiguration.java:70)
	at org.apache.hadoop.util.ReflectionUtils.setJobConf(ReflectionUtils.java:98)
	at org.apache.hadoop.util.ReflectionUtils.setConf(ReflectionUtils.java:81)
	at org.apache.hadoop.util.ReflectionUtils.newInstance(ReflectionUtils.java:139)
	at org.apache.hadoop.io.serializer.SerializationFactory.add(SerializationFactory.java:73)
	at org.apache.hadoop.io.serializer.SerializationFactory.<init>(SerializationFactory.java:63)
	at org.apache.hadoop.io.SequenceFile$Writer.init(SequenceFile.java:1278)
	at org.apache.hadoop.io.SequenceFile$Writer.<init>(SequenceFile.java:1192)
	at org.apache.hadoop.io.SequenceFile.createWriter(SequenceFile.java:285)
	at org.apache.nifi.processors.hadoop.SequenceFileWriterImpl$1.process(SequenceFileWriterImpl.java:96)
	at org.apache.nifi.util.MockProcessSession.write(MockProcessSession.java:979)
	at org.apache.nifi.util.MockProcessSession.write(MockProcessSession.java:67)
	at org.apache.nifi.processors.hadoop.SequenceFileWriterImpl.writeSequenceFile(SequenceFileWriterImpl.java:76)
	at org.apache.nifi.processors.hadoop.CreateHadoopSequenceFile.onTrigger(CreateHadoopSequenceFile.java:180)
	at org.apache.nifi.processor.AbstractProcessor.onTrigger(AbstractProcessor.java:27)
	at org.apache.nifi.util.StandardProcessorTestRunner$RunProcessor.call(StandardProcessorTestRunner.java:284)
	at org.apache.nifi.util.StandardProcessorTestRunner$RunProcessor.call(StandardProcessorTestRunner.java:278)
	at java.util.concurrent.FutureTask.run(FutureTask.java:266)
	at java.util.concurrent.ScheduledThreadPoolExecutor$ScheduledFutureTask.access$201(ScheduledThreadPoolExecutor.java:180)
	at java.util.concurrent.ScheduledThreadPoolExecutor$ScheduledFutureTask.run(ScheduledThreadPoolExecutor.java:293)
	at java.util.concurrent.ThreadPoolExecutor.runWorker(ThreadPoolExecutor.java:1149)
	at java.util.concurrent.ThreadPoolExecutor$Worker.run(ThreadPoolExecutor.java:624)
	at java.lang.Thread.run(Thread.java:750)
1859 [pool-9-thread-1] INFO org.apache.nifi.processors.hadoop.TestCreateHadoopSequenceFile$TestableCreateHadoopSequenceFile - TestableCreateHadoopSequenceFile[id=7e281442-2297-4003-9250-15d67f7328d2] Transferred flowfile FlowFile[1,90272717095280.mockFlowFile.sf,500130B] to success
1860 [pool-9-thread-1] ERROR org.apache.nifi.processors.hadoop.TestCreateHadoopSequenceFile$TestableCreateHadoopSequenceFile - [TestableCreateHadoopSequenceFile[id=7e281442-2297-4003-9250-15d67f7328d2]] org.apache.hadoop.mapred.JobConf
java.lang.ClassNotFoundException: org.apache.hadoop.mapred.JobConf
	at java.net.URLClassLoader.findClass(URLClassLoader.java:387)
	at java.lang.ClassLoader.loadClass(ClassLoader.java:418)
	at sun.misc.Launcher$AppClassLoader.loadClass(Launcher.java:352)
	at java.lang.ClassLoader.loadClass(ClassLoader.java:351)
	at java.lang.Class.forName0(Native Method)
	at java.lang.Class.forName(Class.java:348)
	at org.apache.nifi.processors.hadoop.ExtendedConfiguration.getClassByNameOrNull(ExtendedConfiguration.java:70)
	at org.apache.hadoop.util.ReflectionUtils.setJobConf(ReflectionUtils.java:98)
	at org.apache.hadoop.util.ReflectionUtils.setConf(ReflectionUtils.java:81)
	at org.apache.hadoop.util.ReflectionUtils.newInstance(ReflectionUtils.java:139)
	at org.apache.hadoop.io.compress.CompressionCodecFactory.<init>(CompressionCodecFactory.java:186)
	at org.apache.nifi.processors.hadoop.AbstractHadoopProcessor.getCompressionCodec(AbstractHadoopProcessor.java:588)
	at org.apache.nifi.processors.hadoop.CreateHadoopSequenceFile.onTrigger(CreateHadoopSequenceFile.java:169)
	at org.apache.nifi.processor.AbstractProcessor.onTrigger(AbstractProcessor.java:27)
	at org.apache.nifi.util.StandardProcessorTestRunner$RunProcessor.call(StandardProcessorTestRunner.java:284)
	at org.apache.nifi.util.StandardProcessorTestRunner$RunProcessor.call(StandardProcessorTestRunner.java:278)
	at java.util.concurrent.FutureTask.run(FutureTask.java:266)
	at java.util.concurrent.ScheduledThreadPoolExecutor$ScheduledFutureTask.access$201(ScheduledThreadPoolExecutor.java:180)
	at java.util.concurrent.ScheduledThreadPoolExecutor$ScheduledFutureTask.run(ScheduledThreadPoolExecutor.java:293)
	at java.util.concurrent.ThreadPoolExecutor.runWorker(ThreadPoolExecutor.java:1149)
	at java.util.concurrent.ThreadPoolExecutor$Worker.run(ThreadPoolExecutor.java:624)
	at java.lang.Thread.run(Thread.java:750)
1861 [pool-9-thread-1] ERROR org.apache.nifi.processors.hadoop.TestCreateHadoopSequenceFile$TestableCreateHadoopSequenceFile - [TestableCreateHadoopSequenceFile[id=7e281442-2297-4003-9250-15d67f7328d2]] org.apache.hadoop.mapred.JobConf
java.lang.ClassNotFoundException: org.apache.hadoop.mapred.JobConf
	at java.net.URLClassLoader.findClass(URLClassLoader.java:387)
	at java.lang.ClassLoader.loadClass(ClassLoader.java:418)
	at sun.misc.Launcher$AppClassLoader.loadClass(Launcher.java:352)
	at java.lang.ClassLoader.loadClass(ClassLoader.java:351)
	at java.lang.Class.forName0(Native Method)
	at java.lang.Class.forName(Class.java:348)
	at org.apache.nifi.processors.hadoop.ExtendedConfiguration.getClassByNameOrNull(ExtendedConfiguration.java:70)
	at org.apache.hadoop.util.ReflectionUtils.setJobConf(ReflectionUtils.java:98)
	at org.apache.hadoop.util.ReflectionUtils.setConf(ReflectionUtils.java:81)
	at org.apache.hadoop.util.ReflectionUtils.newInstance(ReflectionUtils.java:139)
	at org.apache.hadoop.io.compress.CompressionCodecFactory.<init>(CompressionCodecFactory.java:186)
	at org.apache.nifi.processors.hadoop.AbstractHadoopProcessor.getCompressionCodec(AbstractHadoopProcessor.java:588)
	at org.apache.nifi.processors.hadoop.CreateHadoopSequenceFile.onTrigger(CreateHadoopSequenceFile.java:169)
	at org.apache.nifi.processor.AbstractProcessor.onTrigger(AbstractProcessor.java:27)
	at org.apache.nifi.util.StandardProcessorTestRunner$RunProcessor.call(StandardProcessorTestRunner.java:284)
	at org.apache.nifi.util.StandardProcessorTestRunner$RunProcessor.call(StandardProcessorTestRunner.java:278)
	at java.util.concurrent.FutureTask.run(FutureTask.java:266)
	at java.util.concurrent.ScheduledThreadPoolExecutor$ScheduledFutureTask.access$201(ScheduledThreadPoolExecutor.java:180)
	at java.util.concurrent.ScheduledThreadPoolExecutor$ScheduledFutureTask.run(ScheduledThreadPoolExecutor.java:293)
	at java.util.concurrent.ThreadPoolExecutor.runWorker(ThreadPoolExecutor.java:1149)
	at java.util.concurrent.ThreadPoolExecutor$Worker.run(ThreadPoolExecutor.java:624)
	at java.lang.Thread.run(Thread.java:750)
1862 [pool-9-thread-1] ERROR org.apache.nifi.processors.hadoop.TestCreateHadoopSequenceFile$TestableCreateHadoopSequenceFile - [TestableCreateHadoopSequenceFile[id=7e281442-2297-4003-9250-15d67f7328d2]] org.apache.hadoop.mapred.JobConf
java.lang.ClassNotFoundException: org.apache.hadoop.mapred.JobConf
	at java.net.URLClassLoader.findClass(URLClassLoader.java:387)
	at java.lang.ClassLoader.loadClass(ClassLoader.java:418)
	at sun.misc.Launcher$AppClassLoader.loadClass(Launcher.java:352)
	at java.lang.ClassLoader.loadClass(ClassLoader.java:351)
	at java.lang.Class.forName0(Native Method)
	at java.lang.Class.forName(Class.java:348)
	at org.apache.nifi.processors.hadoop.ExtendedConfiguration.getClassByNameOrNull(ExtendedConfiguration.java:70)
	at org.apache.hadoop.util.ReflectionUtils.setJobConf(ReflectionUtils.java:98)
	at org.apache.hadoop.util.ReflectionUtils.setConf(ReflectionUtils.java:81)
	at org.apache.hadoop.util.ReflectionUtils.newInstance(ReflectionUtils.java:139)
	at org.apache.hadoop.io.compress.CompressionCodecFactory.<init>(CompressionCodecFactory.java:186)
	at org.apache.nifi.processors.hadoop.AbstractHadoopProcessor.getCompressionCodec(AbstractHadoopProcessor.java:588)
	at org.apache.nifi.processors.hadoop.CreateHadoopSequenceFile.onTrigger(CreateHadoopSequenceFile.java:169)
	at org.apache.nifi.processor.AbstractProcessor.onTrigger(AbstractProcessor.java:27)
	at org.apache.nifi.util.StandardProcessorTestRunner$RunProcessor.call(StandardProcessorTestRunner.java:284)
	at org.apache.nifi.util.StandardProcessorTestRunner$RunProcessor.call(StandardProcessorTestRunner.java:278)
	at java.util.concurrent.FutureTask.run(FutureTask.java:266)
	at java.util.concurrent.ScheduledThreadPoolExecutor$ScheduledFutureTask.access$201(ScheduledThreadPoolExecutor.java:180)
	at java.util.concurrent.ScheduledThreadPoolExecutor$ScheduledFutureTask.run(ScheduledThreadPoolExecutor.java:293)
	at java.util.concurrent.ThreadPoolExecutor.runWorker(ThreadPoolExecutor.java:1149)
	at java.util.concurrent.ThreadPoolExecutor$Worker.run(ThreadPoolExecutor.java:624)
	at java.lang.Thread.run(Thread.java:750)
1862 [pool-9-thread-1] ERROR org.apache.nifi.processors.hadoop.TestCreateHadoopSequenceFile$TestableCreateHadoopSequenceFile - [TestableCreateHadoopSequenceFile[id=7e281442-2297-4003-9250-15d67f7328d2]] org.apache.hadoop.mapred.JobConf
java.lang.ClassNotFoundException: org.apache.hadoop.mapred.JobConf
	at java.net.URLClassLoader.findClass(URLClassLoader.java:387)
	at java.lang.ClassLoader.loadClass(ClassLoader.java:418)
	at sun.misc.Launcher$AppClassLoader.loadClass(Launcher.java:352)
	at java.lang.ClassLoader.loadClass(ClassLoader.java:351)
	at java.lang.Class.forName0(Native Method)
	at java.lang.Class.forName(Class.java:348)
	at org.apache.nifi.processors.hadoop.ExtendedConfiguration.getClassByNameOrNull(ExtendedConfiguration.java:70)
	at org.apache.hadoop.util.ReflectionUtils.setJobConf(ReflectionUtils.java:98)
	at org.apache.hadoop.util.ReflectionUtils.setConf(ReflectionUtils.java:81)
	at org.apache.hadoop.util.ReflectionUtils.newInstance(ReflectionUtils.java:139)
	at org.apache.hadoop.io.compress.CompressionCodecFactory.<init>(CompressionCodecFactory.java:186)
	at org.apache.nifi.processors.hadoop.AbstractHadoopProcessor.getCompressionCodec(AbstractHadoopProcessor.java:588)
	at org.apache.nifi.processors.hadoop.CreateHadoopSequenceFile.onTrigger(CreateHadoopSequenceFile.java:169)
	at org.apache.nifi.processor.AbstractProcessor.onTrigger(AbstractProcessor.java:27)
	at org.apache.nifi.util.StandardProcessorTestRunner$RunProcessor.call(StandardProcessorTestRunner.java:284)
	at org.apache.nifi.util.StandardProcessorTestRunner$RunProcessor.call(StandardProcessorTestRunner.java:278)
	at java.util.concurrent.FutureTask.run(FutureTask.java:266)
	at java.util.concurrent.ScheduledThreadPoolExecutor$ScheduledFutureTask.access$201(ScheduledThreadPoolExecutor.java:180)
	at java.util.concurrent.ScheduledThreadPoolExecutor$ScheduledFutureTask.run(ScheduledThreadPoolExecutor.java:293)
	at java.util.concurrent.ThreadPoolExecutor.runWorker(ThreadPoolExecutor.java:1149)
	at java.util.concurrent.ThreadPoolExecutor$Worker.run(ThreadPoolExecutor.java:624)
	at java.lang.Thread.run(Thread.java:750)
1863 [pool-9-thread-1] ERROR org.apache.nifi.processors.hadoop.TestCreateHadoopSequenceFile$TestableCreateHadoopSequenceFile - [TestableCreateHadoopSequenceFile[id=7e281442-2297-4003-9250-15d67f7328d2]] org.apache.hadoop.mapred.JobConf
java.lang.ClassNotFoundException: org.apache.hadoop.mapred.JobConf
	at java.net.URLClassLoader.findClass(URLClassLoader.java:387)
	at java.lang.ClassLoader.loadClass(ClassLoader.java:418)
	at sun.misc.Launcher$AppClassLoader.loadClass(Launcher.java:352)
	at java.lang.ClassLoader.loadClass(ClassLoader.java:351)
	at java.lang.Class.forName0(Native Method)
	at java.lang.Class.forName(Class.java:348)
	at org.apache.nifi.processors.hadoop.ExtendedConfiguration.getClassByNameOrNull(ExtendedConfiguration.java:70)
	at org.apache.hadoop.util.ReflectionUtils.setJobConf(ReflectionUtils.java:98)
	at org.apache.hadoop.util.ReflectionUtils.setConf(ReflectionUtils.java:81)
	at org.apache.hadoop.util.ReflectionUtils.newInstance(ReflectionUtils.java:139)
	at org.apache.hadoop.io.compress.CompressionCodecFactory.<init>(CompressionCodecFactory.java:186)
	at org.apache.nifi.processors.hadoop.AbstractHadoopProcessor.getCompressionCodec(AbstractHadoopProcessor.java:588)
	at org.apache.nifi.processors.hadoop.CreateHadoopSequenceFile.onTrigger(CreateHadoopSequenceFile.java:169)
	at org.apache.nifi.processor.AbstractProcessor.onTrigger(AbstractProcessor.java:27)
	at org.apache.nifi.util.StandardProcessorTestRunner$RunProcessor.call(StandardProcessorTestRunner.java:284)
	at org.apache.nifi.util.StandardProcessorTestRunner$RunProcessor.call(StandardProcessorTestRunner.java:278)
	at java.util.concurrent.FutureTask.run(FutureTask.java:266)
	at java.util.concurrent.ScheduledThreadPoolExecutor$ScheduledFutureTask.access$201(ScheduledThreadPoolExecutor.java:180)
	at java.util.concurrent.ScheduledThreadPoolExecutor$ScheduledFutureTask.run(ScheduledThreadPoolExecutor.java:293)
	at java.util.concurrent.ThreadPoolExecutor.runWorker(ThreadPoolExecutor.java:1149)
	at java.util.concurrent.ThreadPoolExecutor$Worker.run(ThreadPoolExecutor.java:624)
	at java.lang.Thread.run(Thread.java:750)
1864 [pool-9-thread-1] ERROR org.apache.nifi.processors.hadoop.TestCreateHadoopSequenceFile$TestableCreateHadoopSequenceFile - [TestableCreateHadoopSequenceFile[id=7e281442-2297-4003-9250-15d67f7328d2]] org.apache.hadoop.mapred.JobConf
java.lang.ClassNotFoundException: org.apache.hadoop.mapred.JobConf
	at java.net.URLClassLoader.findClass(URLClassLoader.java:387)
	at java.lang.ClassLoader.loadClass(ClassLoader.java:418)
	at sun.misc.Launcher$AppClassLoader.loadClass(Launcher.java:352)
	at java.lang.ClassLoader.loadClass(ClassLoader.java:351)
	at java.lang.Class.forName0(Native Method)
	at java.lang.Class.forName(Class.java:348)
	at org.apache.nifi.processors.hadoop.ExtendedConfiguration.getClassByNameOrNull(ExtendedConfiguration.java:70)
	at org.apache.hadoop.util.ReflectionUtils.setJobConf(ReflectionUtils.java:98)
	at org.apache.hadoop.util.ReflectionUtils.setConf(ReflectionUtils.java:81)
	at org.apache.hadoop.util.ReflectionUtils.newInstance(ReflectionUtils.java:139)
	at org.apache.hadoop.io.compress.CompressionCodecFactory.<init>(CompressionCodecFactory.java:186)
	at org.apache.nifi.processors.hadoop.AbstractHadoopProcessor.getCompressionCodec(AbstractHadoopProcessor.java:588)
	at org.apache.nifi.processors.hadoop.CreateHadoopSequenceFile.onTrigger(CreateHadoopSequenceFile.java:169)
	at org.apache.nifi.processor.AbstractProcessor.onTrigger(AbstractProcessor.java:27)
	at org.apache.nifi.util.StandardProcessorTestRunner$RunProcessor.call(StandardProcessorTestRunner.java:284)
	at org.apache.nifi.util.StandardProcessorTestRunner$RunProcessor.call(StandardProcessorTestRunner.java:278)
	at java.util.concurrent.FutureTask.run(FutureTask.java:266)
	at java.util.concurrent.ScheduledThreadPoolExecutor$ScheduledFutureTask.access$201(ScheduledThreadPoolExecutor.java:180)
	at java.util.concurrent.ScheduledThreadPoolExecutor$ScheduledFutureTask.run(ScheduledThreadPoolExecutor.java:293)
	at java.util.concurrent.ThreadPoolExecutor.runWorker(ThreadPoolExecutor.java:1149)
	at java.util.concurrent.ThreadPoolExecutor$Worker.run(ThreadPoolExecutor.java:624)
	at java.lang.Thread.run(Thread.java:750)
1864 [pool-9-thread-1] ERROR org.apache.nifi.processors.hadoop.TestCreateHadoopSequenceFile$TestableCreateHadoopSequenceFile - [TestableCreateHadoopSequenceFile[id=7e281442-2297-4003-9250-15d67f7328d2]] org.apache.hadoop.mapred.JobConf
java.lang.ClassNotFoundException: org.apache.hadoop.mapred.JobConf
	at java.net.URLClassLoader.findClass(URLClassLoader.java:387)
	at java.lang.ClassLoader.loadClass(ClassLoader.java:418)
	at sun.misc.Launcher$AppClassLoader.loadClass(Launcher.java:352)
	at java.lang.ClassLoader.loadClass(ClassLoader.java:351)
	at java.lang.Class.forName0(Native Method)
	at java.lang.Class.forName(Class.java:348)
	at org.apache.nifi.processors.hadoop.ExtendedConfiguration.getClassByNameOrNull(ExtendedConfiguration.java:70)
	at org.apache.hadoop.util.ReflectionUtils.setJobConf(ReflectionUtils.java:98)
	at org.apache.hadoop.util.ReflectionUtils.setConf(ReflectionUtils.java:81)
	at org.apache.hadoop.util.ReflectionUtils.newInstance(ReflectionUtils.java:139)
	at org.apache.hadoop.io.compress.CompressionCodecFactory.<init>(CompressionCodecFactory.java:186)
	at org.apache.nifi.processors.hadoop.AbstractHadoopProcessor.getCompressionCodec(AbstractHadoopProcessor.java:588)
	at org.apache.nifi.processors.hadoop.CreateHadoopSequenceFile.onTrigger(CreateHadoopSequenceFile.java:169)
	at org.apache.nifi.processor.AbstractProcessor.onTrigger(AbstractProcessor.java:27)
	at org.apache.nifi.util.StandardProcessorTestRunner$RunProcessor.call(StandardProcessorTestRunner.java:284)
	at org.apache.nifi.util.StandardProcessorTestRunner$RunProcessor.call(StandardProcessorTestRunner.java:278)
	at java.util.concurrent.FutureTask.run(FutureTask.java:266)
	at java.util.concurrent.ScheduledThreadPoolExecutor$ScheduledFutureTask.access$201(ScheduledThreadPoolExecutor.java:180)
	at java.util.concurrent.ScheduledThreadPoolExecutor$ScheduledFutureTask.run(ScheduledThreadPoolExecutor.java:293)
	at java.util.concurrent.ThreadPoolExecutor.runWorker(ThreadPoolExecutor.java:1149)
	at java.util.concurrent.ThreadPoolExecutor$Worker.run(ThreadPoolExecutor.java:624)
	at java.lang.Thread.run(Thread.java:750)
1866 [pool-9-thread-1] ERROR org.apache.nifi.processors.hadoop.TestCreateHadoopSequenceFile$TestableCreateHadoopSequenceFile - [TestableCreateHadoopSequenceFile[id=7e281442-2297-4003-9250-15d67f7328d2]] org.apache.hadoop.mapred.JobConf
java.lang.ClassNotFoundException: org.apache.hadoop.mapred.JobConf
	at java.net.URLClassLoader.findClass(URLClassLoader.java:387)
	at java.lang.ClassLoader.loadClass(ClassLoader.java:418)
	at sun.misc.Launcher$AppClassLoader.loadClass(Launcher.java:352)
	at java.lang.ClassLoader.loadClass(ClassLoader.java:351)
	at java.lang.Class.forName0(Native Method)
	at java.lang.Class.forName(Class.java:348)
	at org.apache.nifi.processors.hadoop.ExtendedConfiguration.getClassByNameOrNull(ExtendedConfiguration.java:70)
	at org.apache.hadoop.util.ReflectionUtils.setJobConf(ReflectionUtils.java:98)
	at org.apache.hadoop.util.ReflectionUtils.setConf(ReflectionUtils.java:81)
	at org.apache.hadoop.util.ReflectionUtils.newInstance(ReflectionUtils.java:139)
	at org.apache.hadoop.io.serializer.SerializationFactory.add(SerializationFactory.java:73)
	at org.apache.hadoop.io.serializer.SerializationFactory.<init>(SerializationFactory.java:63)
	at org.apache.hadoop.io.SequenceFile$Writer.init(SequenceFile.java:1278)
	at org.apache.hadoop.io.SequenceFile$Writer.<init>(SequenceFile.java:1192)
	at org.apache.hadoop.io.SequenceFile.createWriter(SequenceFile.java:285)
	at org.apache.nifi.processors.hadoop.SequenceFileWriterImpl$1.process(SequenceFileWriterImpl.java:96)
	at org.apache.nifi.util.MockProcessSession.write(MockProcessSession.java:979)
	at org.apache.nifi.util.MockProcessSession.write(MockProcessSession.java:67)
	at org.apache.nifi.processors.hadoop.SequenceFileWriterImpl.writeSequenceFile(SequenceFileWriterImpl.java:76)
	at org.apache.nifi.processors.hadoop.CreateHadoopSequenceFile.onTrigger(CreateHadoopSequenceFile.java:180)
	at org.apache.nifi.processor.AbstractProcessor.onTrigger(AbstractProcessor.java:27)
	at org.apache.nifi.util.StandardProcessorTestRunner$RunProcessor.call(StandardProcessorTestRunner.java:284)
	at org.apache.nifi.util.StandardProcessorTestRunner$RunProcessor.call(StandardProcessorTestRunner.java:278)
	at java.util.concurrent.FutureTask.run(FutureTask.java:266)
	at java.util.concurrent.ScheduledThreadPoolExecutor$ScheduledFutureTask.access$201(ScheduledThreadPoolExecutor.java:180)
	at java.util.concurrent.ScheduledThreadPoolExecutor$ScheduledFutureTask.run(ScheduledThreadPoolExecutor.java:293)
	at java.util.concurrent.ThreadPoolExecutor.runWorker(ThreadPoolExecutor.java:1149)
	at java.util.concurrent.ThreadPoolExecutor$Worker.run(ThreadPoolExecutor.java:624)
	at java.lang.Thread.run(Thread.java:750)
1867 [pool-9-thread-1] ERROR org.apache.nifi.processors.hadoop.TestCreateHadoopSequenceFile$TestableCreateHadoopSequenceFile - [TestableCreateHadoopSequenceFile[id=7e281442-2297-4003-9250-15d67f7328d2]] org.apache.hadoop.mapred.JobConf
java.lang.ClassNotFoundException: org.apache.hadoop.mapred.JobConf
	at java.net.URLClassLoader.findClass(URLClassLoader.java:387)
	at java.lang.ClassLoader.loadClass(ClassLoader.java:418)
	at sun.misc.Launcher$AppClassLoader.loadClass(Launcher.java:352)
	at java.lang.ClassLoader.loadClass(ClassLoader.java:351)
	at java.lang.Class.forName0(Native Method)
	at java.lang.Class.forName(Class.java:348)
	at org.apache.nifi.processors.hadoop.ExtendedConfiguration.getClassByNameOrNull(ExtendedConfiguration.java:70)
	at org.apache.hadoop.util.ReflectionUtils.setJobConf(ReflectionUtils.java:98)
	at org.apache.hadoop.util.ReflectionUtils.setConf(ReflectionUtils.java:81)
	at org.apache.hadoop.util.ReflectionUtils.newInstance(ReflectionUtils.java:139)
	at org.apache.hadoop.io.serializer.SerializationFactory.add(SerializationFactory.java:73)
	at org.apache.hadoop.io.serializer.SerializationFactory.<init>(SerializationFactory.java:63)
	at org.apache.hadoop.io.SequenceFile$Writer.init(SequenceFile.java:1278)
	at org.apache.hadoop.io.SequenceFile$Writer.<init>(SequenceFile.java:1192)
	at org.apache.hadoop.io.SequenceFile.createWriter(SequenceFile.java:285)
	at org.apache.nifi.processors.hadoop.SequenceFileWriterImpl$1.process(SequenceFileWriterImpl.java:96)
	at org.apache.nifi.util.MockProcessSession.write(MockProcessSession.java:979)
	at org.apache.nifi.util.MockProcessSession.write(MockProcessSession.java:67)
	at org.apache.nifi.processors.hadoop.SequenceFileWriterImpl.writeSequenceFile(SequenceFileWriterImpl.java:76)
	at org.apache.nifi.processors.hadoop.CreateHadoopSequenceFile.onTrigger(CreateHadoopSequenceFile.java:180)
	at org.apache.nifi.processor.AbstractProcessor.onTrigger(AbstractProcessor.java:27)
	at org.apache.nifi.util.StandardProcessorTestRunner$RunProcessor.call(StandardProcessorTestRunner.java:284)
	at org.apache.nifi.util.StandardProcessorTestRunner$RunProcessor.call(StandardProcessorTestRunner.java:278)
	at java.util.concurrent.FutureTask.run(FutureTask.java:266)
	at java.util.concurrent.ScheduledThreadPoolExecutor$ScheduledFutureTask.access$201(ScheduledThreadPoolExecutor.java:180)
	at java.util.concurrent.ScheduledThreadPoolExecutor$ScheduledFutureTask.run(ScheduledThreadPoolExecutor.java:293)
	at java.util.concurrent.ThreadPoolExecutor.runWorker(ThreadPoolExecutor.java:1149)
	at java.util.concurrent.ThreadPoolExecutor$Worker.run(ThreadPoolExecutor.java:624)
	at java.lang.Thread.run(Thread.java:750)
1868 [pool-9-thread-1] ERROR org.apache.nifi.processors.hadoop.TestCreateHadoopSequenceFile$TestableCreateHadoopSequenceFile - [TestableCreateHadoopSequenceFile[id=7e281442-2297-4003-9250-15d67f7328d2]] org.apache.hadoop.mapred.JobConf
java.lang.ClassNotFoundException: org.apache.hadoop.mapred.JobConf
	at java.net.URLClassLoader.findClass(URLClassLoader.java:387)
	at java.lang.ClassLoader.loadClass(ClassLoader.java:418)
	at sun.misc.Launcher$AppClassLoader.loadClass(Launcher.java:352)
	at java.lang.ClassLoader.loadClass(ClassLoader.java:351)
	at java.lang.Class.forName0(Native Method)
	at java.lang.Class.forName(Class.java:348)
	at org.apache.nifi.processors.hadoop.ExtendedConfiguration.getClassByNameOrNull(ExtendedConfiguration.java:70)
	at org.apache.hadoop.util.ReflectionUtils.setJobConf(ReflectionUtils.java:98)
	at org.apache.hadoop.util.ReflectionUtils.setConf(ReflectionUtils.java:81)
	at org.apache.hadoop.util.ReflectionUtils.newInstance(ReflectionUtils.java:139)
	at org.apache.hadoop.io.serializer.SerializationFactory.add(SerializationFactory.java:73)
	at org.apache.hadoop.io.serializer.SerializationFactory.<init>(SerializationFactory.java:63)
	at org.apache.hadoop.io.SequenceFile$Writer.init(SequenceFile.java:1278)
	at org.apache.hadoop.io.SequenceFile$Writer.<init>(SequenceFile.java:1192)
	at org.apache.hadoop.io.SequenceFile.createWriter(SequenceFile.java:285)
	at org.apache.nifi.processors.hadoop.SequenceFileWriterImpl$1.process(SequenceFileWriterImpl.java:96)
	at org.apache.nifi.util.MockProcessSession.write(MockProcessSession.java:979)
	at org.apache.nifi.util.MockProcessSession.write(MockProcessSession.java:67)
	at org.apache.nifi.processors.hadoop.SequenceFileWriterImpl.writeSequenceFile(SequenceFileWriterImpl.java:76)
	at org.apache.nifi.processors.hadoop.CreateHadoopSequenceFile.onTrigger(CreateHadoopSequenceFile.java:180)
	at org.apache.nifi.processor.AbstractProcessor.onTrigger(AbstractProcessor.java:27)
	at org.apache.nifi.util.StandardProcessorTestRunner$RunProcessor.call(StandardProcessorTestRunner.java:284)
	at org.apache.nifi.util.StandardProcessorTestRunner$RunProcessor.call(StandardProcessorTestRunner.java:278)
	at java.util.concurrent.FutureTask.run(FutureTask.java:266)
	at java.util.concurrent.ScheduledThreadPoolExecutor$ScheduledFutureTask.access$201(ScheduledThreadPoolExecutor.java:180)
	at java.util.concurrent.ScheduledThreadPoolExecutor$ScheduledFutureTask.run(ScheduledThreadPoolExecutor.java:293)
	at java.util.concurrent.ThreadPoolExecutor.runWorker(ThreadPoolExecutor.java:1149)
	at java.util.concurrent.ThreadPoolExecutor$Worker.run(ThreadPoolExecutor.java:624)
	at java.lang.Thread.run(Thread.java:750)
1871 [pool-9-thread-1] INFO org.apache.nifi.processors.hadoop.TestCreateHadoopSequenceFile$TestableCreateHadoopSequenceFile - TestableCreateHadoopSequenceFile[id=7e281442-2297-4003-9250-15d67f7328d2] Transferred flowfile FlowFile[2,90272718472523.mockFlowFile.sf,500130B] to success
]]></system-err>
  </testcase>
  <testcase name="testMergedTarData" classname="org.apache.nifi.processors.hadoop.TestCreateHadoopSequenceFile" time="0.044">
    <system-err><![CDATA[1886 [main] ERROR org.apache.nifi.processors.hadoop.TestCreateHadoopSequenceFile$TestableCreateHadoopSequenceFile - [TestableCreateHadoopSequenceFile[id=6f5ebbfe-9633-4f42-893a-eea1364f4f40]] org.apache.hadoop.mapred.JobConf
java.lang.ClassNotFoundException: org.apache.hadoop.mapred.JobConf
	at java.net.URLClassLoader.findClass(URLClassLoader.java:387)
	at java.lang.ClassLoader.loadClass(ClassLoader.java:418)
	at sun.misc.Launcher$AppClassLoader.loadClass(Launcher.java:352)
	at java.lang.ClassLoader.loadClass(ClassLoader.java:351)
	at java.lang.Class.forName0(Native Method)
	at java.lang.Class.forName(Class.java:348)
	at org.apache.nifi.processors.hadoop.ExtendedConfiguration.getClassByNameOrNull(ExtendedConfiguration.java:70)
	at org.apache.hadoop.util.ReflectionUtils.setJobConf(ReflectionUtils.java:98)
	at org.apache.hadoop.util.ReflectionUtils.setConf(ReflectionUtils.java:81)
	at org.apache.hadoop.util.ReflectionUtils.newInstance(ReflectionUtils.java:139)
	at org.apache.hadoop.fs.FileSystem.createFileSystem(FileSystem.java:3412)
	at org.apache.hadoop.fs.FileSystem.get(FileSystem.java:521)
	at org.apache.hadoop.fs.FileSystem.get(FileSystem.java:272)
	at org.apache.nifi.processors.hadoop.AbstractHadoopProcessor$1.run(AbstractHadoopProcessor.java:546)
	at org.apache.nifi.processors.hadoop.AbstractHadoopProcessor$1.run(AbstractHadoopProcessor.java:543)
	at java.security.AccessController.doPrivileged(Native Method)
	at javax.security.auth.Subject.doAs(Subject.java:422)
	at org.apache.hadoop.security.UserGroupInformation.doAs(UserGroupInformation.java:1845)
	at org.apache.nifi.processors.hadoop.AbstractHadoopProcessor.getFileSystemAsUser(AbstractHadoopProcessor.java:543)
	at org.apache.nifi.processors.hadoop.AbstractHadoopProcessor.resetHDFSResources(AbstractHadoopProcessor.java:476)
	at org.apache.nifi.processors.hadoop.AbstractHadoopProcessor.abstractOnScheduled(AbstractHadoopProcessor.java:352)
	at sun.reflect.NativeMethodAccessorImpl.invoke0(Native Method)
	at sun.reflect.NativeMethodAccessorImpl.invoke(NativeMethodAccessorImpl.java:62)
	at sun.reflect.DelegatingMethodAccessorImpl.invoke(DelegatingMethodAccessorImpl.java:43)
	at java.lang.reflect.Method.invoke(Method.java:498)
	at org.apache.nifi.util.ReflectionUtils.invokeMethodsWithAnnotation(ReflectionUtils.java:68)
	at org.apache.nifi.util.StandardProcessorTestRunner.run(StandardProcessorTestRunner.java:203)
	at org.apache.nifi.util.StandardProcessorTestRunner.run(StandardProcessorTestRunner.java:185)
	at org.apache.nifi.util.StandardProcessorTestRunner.run(StandardProcessorTestRunner.java:180)
	at org.apache.nifi.util.StandardProcessorTestRunner.run(StandardProcessorTestRunner.java:175)
	at org.apache.nifi.util.StandardProcessorTestRunner.run(StandardProcessorTestRunner.java:170)
	at org.apache.nifi.processors.hadoop.TestCreateHadoopSequenceFile.testMergedTarData(TestCreateHadoopSequenceFile.java:150)
	at sun.reflect.NativeMethodAccessorImpl.invoke0(Native Method)
	at sun.reflect.NativeMethodAccessorImpl.invoke(NativeMethodAccessorImpl.java:62)
	at sun.reflect.DelegatingMethodAccessorImpl.invoke(DelegatingMethodAccessorImpl.java:43)
	at java.lang.reflect.Method.invoke(Method.java:498)
	at org.junit.runners.model.FrameworkMethod$1.runReflectiveCall(FrameworkMethod.java:59)
	at org.junit.internal.runners.model.ReflectiveCallable.run(ReflectiveCallable.java:12)
	at org.junit.runners.model.FrameworkMethod.invokeExplosively(FrameworkMethod.java:56)
	at org.junit.internal.runners.statements.InvokeMethod.evaluate(InvokeMethod.java:17)
	at org.junit.internal.runners.statements.RunBefores.evaluate(RunBefores.java:26)
	at org.junit.internal.runners.statements.RunAfters.evaluate(RunAfters.java:27)
	at org.junit.runners.ParentRunner$3.evaluate(ParentRunner.java:306)
	at org.junit.runners.BlockJUnit4ClassRunner$1.evaluate(BlockJUnit4ClassRunner.java:100)
	at org.junit.runners.ParentRunner.runLeaf(ParentRunner.java:366)
	at org.junit.runners.BlockJUnit4ClassRunner.runChild(BlockJUnit4ClassRunner.java:103)
	at org.junit.runners.BlockJUnit4ClassRunner.runChild(BlockJUnit4ClassRunner.java:63)
	at org.junit.runners.ParentRunner$4.run(ParentRunner.java:331)
	at org.junit.runners.ParentRunner$1.schedule(ParentRunner.java:79)
	at org.junit.runners.ParentRunner.runChildren(ParentRunner.java:329)
	at org.junit.runners.ParentRunner.access$100(ParentRunner.java:66)
	at org.junit.runners.ParentRunner$2.evaluate(ParentRunner.java:293)
	at org.junit.internal.runners.statements.RunBefores.evaluate(RunBefores.java:26)
	at org.junit.runners.ParentRunner$3.evaluate(ParentRunner.java:306)
	at org.junit.runners.ParentRunner.run(ParentRunner.java:413)
	at org.junit.runner.JUnitCore.run(JUnitCore.java:137)
	at org.junit.runner.JUnitCore.run(JUnitCore.java:115)
	at org.junit.vintage.engine.execution.RunnerExecutor.execute(RunnerExecutor.java:43)
	at java.util.stream.ForEachOps$ForEachOp$OfRef.accept(ForEachOps.java:183)
	at java.util.stream.ReferencePipeline$3$1.accept(ReferencePipeline.java:193)
	at java.util.Iterator.forEachRemaining(Iterator.java:116)
	at java.util.Spliterators$IteratorSpliterator.forEachRemaining(Spliterators.java:1801)
	at java.util.stream.AbstractPipeline.copyInto(AbstractPipeline.java:482)
	at java.util.stream.AbstractPipeline.wrapAndCopyInto(AbstractPipeline.java:472)
	at java.util.stream.ForEachOps$ForEachOp.evaluateSequential(ForEachOps.java:150)
	at java.util.stream.ForEachOps$ForEachOp$OfRef.evaluateSequential(ForEachOps.java:173)
	at java.util.stream.AbstractPipeline.evaluate(AbstractPipeline.java:234)
	at java.util.stream.ReferencePipeline.forEach(ReferencePipeline.java:485)
	at org.junit.vintage.engine.VintageTestEngine.executeAllChildren(VintageTestEngine.java:82)
	at org.junit.vintage.engine.VintageTestEngine.execute(VintageTestEngine.java:73)
	at org.junit.platform.launcher.core.EngineExecutionOrchestrator.execute(EngineExecutionOrchestrator.java:108)
	at org.junit.platform.launcher.core.EngineExecutionOrchestrator.execute(EngineExecutionOrchestrator.java:88)
	at org.junit.platform.launcher.core.EngineExecutionOrchestrator.lambda$execute$0(EngineExecutionOrchestrator.java:54)
	at org.junit.platform.launcher.core.EngineExecutionOrchestrator.withInterceptedStreams(EngineExecutionOrchestrator.java:67)
	at org.junit.platform.launcher.core.EngineExecutionOrchestrator.execute(EngineExecutionOrchestrator.java:52)
	at org.junit.platform.launcher.core.DefaultLauncher.execute(DefaultLauncher.java:96)
	at org.junit.platform.launcher.core.DefaultLauncher.execute(DefaultLauncher.java:75)
	at org.apache.maven.surefire.junitplatform.JUnitPlatformProvider.execute(JUnitPlatformProvider.java:188)
	at org.apache.maven.surefire.junitplatform.JUnitPlatformProvider.invokeAllTests(JUnitPlatformProvider.java:154)
	at org.apache.maven.surefire.junitplatform.JUnitPlatformProvider.invoke(JUnitPlatformProvider.java:128)
	at org.apache.maven.surefire.booter.ForkedBooter.runSuitesInProcess(ForkedBooter.java:428)
	at org.apache.maven.surefire.booter.ForkedBooter.execute(ForkedBooter.java:162)
	at org.apache.maven.surefire.booter.ForkedBooter.run(ForkedBooter.java:562)
	at org.apache.maven.surefire.booter.ForkedBooter.main(ForkedBooter.java:548)
1887 [main] INFO org.apache.nifi.processors.hadoop.TestCreateHadoopSequenceFile$TestableCreateHadoopSequenceFile - TestableCreateHadoopSequenceFile[id=6f5ebbfe-9633-4f42-893a-eea1364f4f40] Initialized a new HDFS File System with working dir: file:/home/alex/Repositories/nifi/nifi-nar-bundles/nifi-hadoop-bundle/nifi-hdfs-processors default block size: 33554432 default replication: 1 config: Configuration: core-default.xml, core-site.xml, hdfs-default.xml, hdfs-rbf-default.xml, hdfs-site.xml, hdfs-rbf-site.xml
1889 [pool-10-thread-1] ERROR org.apache.nifi.processors.hadoop.TestCreateHadoopSequenceFile$TestableCreateHadoopSequenceFile - [TestableCreateHadoopSequenceFile[id=6f5ebbfe-9633-4f42-893a-eea1364f4f40]] org.apache.hadoop.mapred.JobConf
java.lang.ClassNotFoundException: org.apache.hadoop.mapred.JobConf
	at java.net.URLClassLoader.findClass(URLClassLoader.java:387)
	at java.lang.ClassLoader.loadClass(ClassLoader.java:418)
	at sun.misc.Launcher$AppClassLoader.loadClass(Launcher.java:352)
	at java.lang.ClassLoader.loadClass(ClassLoader.java:351)
	at java.lang.Class.forName0(Native Method)
	at java.lang.Class.forName(Class.java:348)
	at org.apache.nifi.processors.hadoop.ExtendedConfiguration.getClassByNameOrNull(ExtendedConfiguration.java:70)
	at org.apache.hadoop.util.ReflectionUtils.setJobConf(ReflectionUtils.java:98)
	at org.apache.hadoop.util.ReflectionUtils.setConf(ReflectionUtils.java:81)
	at org.apache.hadoop.util.ReflectionUtils.newInstance(ReflectionUtils.java:139)
	at org.apache.hadoop.io.compress.CompressionCodecFactory.<init>(CompressionCodecFactory.java:186)
	at org.apache.nifi.processors.hadoop.AbstractHadoopProcessor.getCompressionCodec(AbstractHadoopProcessor.java:588)
	at org.apache.nifi.processors.hadoop.CreateHadoopSequenceFile.onTrigger(CreateHadoopSequenceFile.java:169)
	at org.apache.nifi.processor.AbstractProcessor.onTrigger(AbstractProcessor.java:27)
	at org.apache.nifi.util.StandardProcessorTestRunner$RunProcessor.call(StandardProcessorTestRunner.java:284)
	at org.apache.nifi.util.StandardProcessorTestRunner$RunProcessor.call(StandardProcessorTestRunner.java:278)
	at java.util.concurrent.FutureTask.run(FutureTask.java:266)
	at java.util.concurrent.ScheduledThreadPoolExecutor$ScheduledFutureTask.access$201(ScheduledThreadPoolExecutor.java:180)
	at java.util.concurrent.ScheduledThreadPoolExecutor$ScheduledFutureTask.run(ScheduledThreadPoolExecutor.java:293)
	at java.util.concurrent.ThreadPoolExecutor.runWorker(ThreadPoolExecutor.java:1149)
	at java.util.concurrent.ThreadPoolExecutor$Worker.run(ThreadPoolExecutor.java:624)
	at java.lang.Thread.run(Thread.java:750)
1890 [pool-10-thread-1] ERROR org.apache.nifi.processors.hadoop.TestCreateHadoopSequenceFile$TestableCreateHadoopSequenceFile - [TestableCreateHadoopSequenceFile[id=6f5ebbfe-9633-4f42-893a-eea1364f4f40]] org.apache.hadoop.mapred.JobConf
java.lang.ClassNotFoundException: org.apache.hadoop.mapred.JobConf
	at java.net.URLClassLoader.findClass(URLClassLoader.java:387)
	at java.lang.ClassLoader.loadClass(ClassLoader.java:418)
	at sun.misc.Launcher$AppClassLoader.loadClass(Launcher.java:352)
	at java.lang.ClassLoader.loadClass(ClassLoader.java:351)
	at java.lang.Class.forName0(Native Method)
	at java.lang.Class.forName(Class.java:348)
	at org.apache.nifi.processors.hadoop.ExtendedConfiguration.getClassByNameOrNull(ExtendedConfiguration.java:70)
	at org.apache.hadoop.util.ReflectionUtils.setJobConf(ReflectionUtils.java:98)
	at org.apache.hadoop.util.ReflectionUtils.setConf(ReflectionUtils.java:81)
	at org.apache.hadoop.util.ReflectionUtils.newInstance(ReflectionUtils.java:139)
	at org.apache.hadoop.io.compress.CompressionCodecFactory.<init>(CompressionCodecFactory.java:186)
	at org.apache.nifi.processors.hadoop.AbstractHadoopProcessor.getCompressionCodec(AbstractHadoopProcessor.java:588)
	at org.apache.nifi.processors.hadoop.CreateHadoopSequenceFile.onTrigger(CreateHadoopSequenceFile.java:169)
	at org.apache.nifi.processor.AbstractProcessor.onTrigger(AbstractProcessor.java:27)
	at org.apache.nifi.util.StandardProcessorTestRunner$RunProcessor.call(StandardProcessorTestRunner.java:284)
	at org.apache.nifi.util.StandardProcessorTestRunner$RunProcessor.call(StandardProcessorTestRunner.java:278)
	at java.util.concurrent.FutureTask.run(FutureTask.java:266)
	at java.util.concurrent.ScheduledThreadPoolExecutor$ScheduledFutureTask.access$201(ScheduledThreadPoolExecutor.java:180)
	at java.util.concurrent.ScheduledThreadPoolExecutor$ScheduledFutureTask.run(ScheduledThreadPoolExecutor.java:293)
	at java.util.concurrent.ThreadPoolExecutor.runWorker(ThreadPoolExecutor.java:1149)
	at java.util.concurrent.ThreadPoolExecutor$Worker.run(ThreadPoolExecutor.java:624)
	at java.lang.Thread.run(Thread.java:750)
1890 [pool-10-thread-1] ERROR org.apache.nifi.processors.hadoop.TestCreateHadoopSequenceFile$TestableCreateHadoopSequenceFile - [TestableCreateHadoopSequenceFile[id=6f5ebbfe-9633-4f42-893a-eea1364f4f40]] org.apache.hadoop.mapred.JobConf
java.lang.ClassNotFoundException: org.apache.hadoop.mapred.JobConf
	at java.net.URLClassLoader.findClass(URLClassLoader.java:387)
	at java.lang.ClassLoader.loadClass(ClassLoader.java:418)
	at sun.misc.Launcher$AppClassLoader.loadClass(Launcher.java:352)
	at java.lang.ClassLoader.loadClass(ClassLoader.java:351)
	at java.lang.Class.forName0(Native Method)
	at java.lang.Class.forName(Class.java:348)
	at org.apache.nifi.processors.hadoop.ExtendedConfiguration.getClassByNameOrNull(ExtendedConfiguration.java:70)
	at org.apache.hadoop.util.ReflectionUtils.setJobConf(ReflectionUtils.java:98)
	at org.apache.hadoop.util.ReflectionUtils.setConf(ReflectionUtils.java:81)
	at org.apache.hadoop.util.ReflectionUtils.newInstance(ReflectionUtils.java:139)
	at org.apache.hadoop.io.compress.CompressionCodecFactory.<init>(CompressionCodecFactory.java:186)
	at org.apache.nifi.processors.hadoop.AbstractHadoopProcessor.getCompressionCodec(AbstractHadoopProcessor.java:588)
	at org.apache.nifi.processors.hadoop.CreateHadoopSequenceFile.onTrigger(CreateHadoopSequenceFile.java:169)
	at org.apache.nifi.processor.AbstractProcessor.onTrigger(AbstractProcessor.java:27)
	at org.apache.nifi.util.StandardProcessorTestRunner$RunProcessor.call(StandardProcessorTestRunner.java:284)
	at org.apache.nifi.util.StandardProcessorTestRunner$RunProcessor.call(StandardProcessorTestRunner.java:278)
	at java.util.concurrent.FutureTask.run(FutureTask.java:266)
	at java.util.concurrent.ScheduledThreadPoolExecutor$ScheduledFutureTask.access$201(ScheduledThreadPoolExecutor.java:180)
	at java.util.concurrent.ScheduledThreadPoolExecutor$ScheduledFutureTask.run(ScheduledThreadPoolExecutor.java:293)
	at java.util.concurrent.ThreadPoolExecutor.runWorker(ThreadPoolExecutor.java:1149)
	at java.util.concurrent.ThreadPoolExecutor$Worker.run(ThreadPoolExecutor.java:624)
	at java.lang.Thread.run(Thread.java:750)
1891 [pool-10-thread-1] ERROR org.apache.nifi.processors.hadoop.TestCreateHadoopSequenceFile$TestableCreateHadoopSequenceFile - [TestableCreateHadoopSequenceFile[id=6f5ebbfe-9633-4f42-893a-eea1364f4f40]] org.apache.hadoop.mapred.JobConf
java.lang.ClassNotFoundException: org.apache.hadoop.mapred.JobConf
	at java.net.URLClassLoader.findClass(URLClassLoader.java:387)
	at java.lang.ClassLoader.loadClass(ClassLoader.java:418)
	at sun.misc.Launcher$AppClassLoader.loadClass(Launcher.java:352)
	at java.lang.ClassLoader.loadClass(ClassLoader.java:351)
	at java.lang.Class.forName0(Native Method)
	at java.lang.Class.forName(Class.java:348)
	at org.apache.nifi.processors.hadoop.ExtendedConfiguration.getClassByNameOrNull(ExtendedConfiguration.java:70)
	at org.apache.hadoop.util.ReflectionUtils.setJobConf(ReflectionUtils.java:98)
	at org.apache.hadoop.util.ReflectionUtils.setConf(ReflectionUtils.java:81)
	at org.apache.hadoop.util.ReflectionUtils.newInstance(ReflectionUtils.java:139)
	at org.apache.hadoop.io.compress.CompressionCodecFactory.<init>(CompressionCodecFactory.java:186)
	at org.apache.nifi.processors.hadoop.AbstractHadoopProcessor.getCompressionCodec(AbstractHadoopProcessor.java:588)
	at org.apache.nifi.processors.hadoop.CreateHadoopSequenceFile.onTrigger(CreateHadoopSequenceFile.java:169)
	at org.apache.nifi.processor.AbstractProcessor.onTrigger(AbstractProcessor.java:27)
	at org.apache.nifi.util.StandardProcessorTestRunner$RunProcessor.call(StandardProcessorTestRunner.java:284)
	at org.apache.nifi.util.StandardProcessorTestRunner$RunProcessor.call(StandardProcessorTestRunner.java:278)
	at java.util.concurrent.FutureTask.run(FutureTask.java:266)
	at java.util.concurrent.ScheduledThreadPoolExecutor$ScheduledFutureTask.access$201(ScheduledThreadPoolExecutor.java:180)
	at java.util.concurrent.ScheduledThreadPoolExecutor$ScheduledFutureTask.run(ScheduledThreadPoolExecutor.java:293)
	at java.util.concurrent.ThreadPoolExecutor.runWorker(ThreadPoolExecutor.java:1149)
	at java.util.concurrent.ThreadPoolExecutor$Worker.run(ThreadPoolExecutor.java:624)
	at java.lang.Thread.run(Thread.java:750)
1891 [pool-10-thread-1] ERROR org.apache.nifi.processors.hadoop.TestCreateHadoopSequenceFile$TestableCreateHadoopSequenceFile - [TestableCreateHadoopSequenceFile[id=6f5ebbfe-9633-4f42-893a-eea1364f4f40]] org.apache.hadoop.mapred.JobConf
java.lang.ClassNotFoundException: org.apache.hadoop.mapred.JobConf
	at java.net.URLClassLoader.findClass(URLClassLoader.java:387)
	at java.lang.ClassLoader.loadClass(ClassLoader.java:418)
	at sun.misc.Launcher$AppClassLoader.loadClass(Launcher.java:352)
	at java.lang.ClassLoader.loadClass(ClassLoader.java:351)
	at java.lang.Class.forName0(Native Method)
	at java.lang.Class.forName(Class.java:348)
	at org.apache.nifi.processors.hadoop.ExtendedConfiguration.getClassByNameOrNull(ExtendedConfiguration.java:70)
	at org.apache.hadoop.util.ReflectionUtils.setJobConf(ReflectionUtils.java:98)
	at org.apache.hadoop.util.ReflectionUtils.setConf(ReflectionUtils.java:81)
	at org.apache.hadoop.util.ReflectionUtils.newInstance(ReflectionUtils.java:139)
	at org.apache.hadoop.io.compress.CompressionCodecFactory.<init>(CompressionCodecFactory.java:186)
	at org.apache.nifi.processors.hadoop.AbstractHadoopProcessor.getCompressionCodec(AbstractHadoopProcessor.java:588)
	at org.apache.nifi.processors.hadoop.CreateHadoopSequenceFile.onTrigger(CreateHadoopSequenceFile.java:169)
	at org.apache.nifi.processor.AbstractProcessor.onTrigger(AbstractProcessor.java:27)
	at org.apache.nifi.util.StandardProcessorTestRunner$RunProcessor.call(StandardProcessorTestRunner.java:284)
	at org.apache.nifi.util.StandardProcessorTestRunner$RunProcessor.call(StandardProcessorTestRunner.java:278)
	at java.util.concurrent.FutureTask.run(FutureTask.java:266)
	at java.util.concurrent.ScheduledThreadPoolExecutor$ScheduledFutureTask.access$201(ScheduledThreadPoolExecutor.java:180)
	at java.util.concurrent.ScheduledThreadPoolExecutor$ScheduledFutureTask.run(ScheduledThreadPoolExecutor.java:293)
	at java.util.concurrent.ThreadPoolExecutor.runWorker(ThreadPoolExecutor.java:1149)
	at java.util.concurrent.ThreadPoolExecutor$Worker.run(ThreadPoolExecutor.java:624)
	at java.lang.Thread.run(Thread.java:750)
1892 [pool-10-thread-1] ERROR org.apache.nifi.processors.hadoop.TestCreateHadoopSequenceFile$TestableCreateHadoopSequenceFile - [TestableCreateHadoopSequenceFile[id=6f5ebbfe-9633-4f42-893a-eea1364f4f40]] org.apache.hadoop.mapred.JobConf
java.lang.ClassNotFoundException: org.apache.hadoop.mapred.JobConf
	at java.net.URLClassLoader.findClass(URLClassLoader.java:387)
	at java.lang.ClassLoader.loadClass(ClassLoader.java:418)
	at sun.misc.Launcher$AppClassLoader.loadClass(Launcher.java:352)
	at java.lang.ClassLoader.loadClass(ClassLoader.java:351)
	at java.lang.Class.forName0(Native Method)
	at java.lang.Class.forName(Class.java:348)
	at org.apache.nifi.processors.hadoop.ExtendedConfiguration.getClassByNameOrNull(ExtendedConfiguration.java:70)
	at org.apache.hadoop.util.ReflectionUtils.setJobConf(ReflectionUtils.java:98)
	at org.apache.hadoop.util.ReflectionUtils.setConf(ReflectionUtils.java:81)
	at org.apache.hadoop.util.ReflectionUtils.newInstance(ReflectionUtils.java:139)
	at org.apache.hadoop.io.compress.CompressionCodecFactory.<init>(CompressionCodecFactory.java:186)
	at org.apache.nifi.processors.hadoop.AbstractHadoopProcessor.getCompressionCodec(AbstractHadoopProcessor.java:588)
	at org.apache.nifi.processors.hadoop.CreateHadoopSequenceFile.onTrigger(CreateHadoopSequenceFile.java:169)
	at org.apache.nifi.processor.AbstractProcessor.onTrigger(AbstractProcessor.java:27)
	at org.apache.nifi.util.StandardProcessorTestRunner$RunProcessor.call(StandardProcessorTestRunner.java:284)
	at org.apache.nifi.util.StandardProcessorTestRunner$RunProcessor.call(StandardProcessorTestRunner.java:278)
	at java.util.concurrent.FutureTask.run(FutureTask.java:266)
	at java.util.concurrent.ScheduledThreadPoolExecutor$ScheduledFutureTask.access$201(ScheduledThreadPoolExecutor.java:180)
	at java.util.concurrent.ScheduledThreadPoolExecutor$ScheduledFutureTask.run(ScheduledThreadPoolExecutor.java:293)
	at java.util.concurrent.ThreadPoolExecutor.runWorker(ThreadPoolExecutor.java:1149)
	at java.util.concurrent.ThreadPoolExecutor$Worker.run(ThreadPoolExecutor.java:624)
	at java.lang.Thread.run(Thread.java:750)
1893 [pool-10-thread-1] ERROR org.apache.nifi.processors.hadoop.TestCreateHadoopSequenceFile$TestableCreateHadoopSequenceFile - [TestableCreateHadoopSequenceFile[id=6f5ebbfe-9633-4f42-893a-eea1364f4f40]] org.apache.hadoop.mapred.JobConf
java.lang.ClassNotFoundException: org.apache.hadoop.mapred.JobConf
	at java.net.URLClassLoader.findClass(URLClassLoader.java:387)
	at java.lang.ClassLoader.loadClass(ClassLoader.java:418)
	at sun.misc.Launcher$AppClassLoader.loadClass(Launcher.java:352)
	at java.lang.ClassLoader.loadClass(ClassLoader.java:351)
	at java.lang.Class.forName0(Native Method)
	at java.lang.Class.forName(Class.java:348)
	at org.apache.nifi.processors.hadoop.ExtendedConfiguration.getClassByNameOrNull(ExtendedConfiguration.java:70)
	at org.apache.hadoop.util.ReflectionUtils.setJobConf(ReflectionUtils.java:98)
	at org.apache.hadoop.util.ReflectionUtils.setConf(ReflectionUtils.java:81)
	at org.apache.hadoop.util.ReflectionUtils.newInstance(ReflectionUtils.java:139)
	at org.apache.hadoop.io.compress.CompressionCodecFactory.<init>(CompressionCodecFactory.java:186)
	at org.apache.nifi.processors.hadoop.AbstractHadoopProcessor.getCompressionCodec(AbstractHadoopProcessor.java:588)
	at org.apache.nifi.processors.hadoop.CreateHadoopSequenceFile.onTrigger(CreateHadoopSequenceFile.java:169)
	at org.apache.nifi.processor.AbstractProcessor.onTrigger(AbstractProcessor.java:27)
	at org.apache.nifi.util.StandardProcessorTestRunner$RunProcessor.call(StandardProcessorTestRunner.java:284)
	at org.apache.nifi.util.StandardProcessorTestRunner$RunProcessor.call(StandardProcessorTestRunner.java:278)
	at java.util.concurrent.FutureTask.run(FutureTask.java:266)
	at java.util.concurrent.ScheduledThreadPoolExecutor$ScheduledFutureTask.access$201(ScheduledThreadPoolExecutor.java:180)
	at java.util.concurrent.ScheduledThreadPoolExecutor$ScheduledFutureTask.run(ScheduledThreadPoolExecutor.java:293)
	at java.util.concurrent.ThreadPoolExecutor.runWorker(ThreadPoolExecutor.java:1149)
	at java.util.concurrent.ThreadPoolExecutor$Worker.run(ThreadPoolExecutor.java:624)
	at java.lang.Thread.run(Thread.java:750)
1894 [pool-10-thread-1] ERROR org.apache.nifi.processors.hadoop.TestCreateHadoopSequenceFile$TestableCreateHadoopSequenceFile - [TestableCreateHadoopSequenceFile[id=6f5ebbfe-9633-4f42-893a-eea1364f4f40]] org.apache.hadoop.mapred.JobConf
java.lang.ClassNotFoundException: org.apache.hadoop.mapred.JobConf
	at java.net.URLClassLoader.findClass(URLClassLoader.java:387)
	at java.lang.ClassLoader.loadClass(ClassLoader.java:418)
	at sun.misc.Launcher$AppClassLoader.loadClass(Launcher.java:352)
	at java.lang.ClassLoader.loadClass(ClassLoader.java:351)
	at java.lang.Class.forName0(Native Method)
	at java.lang.Class.forName(Class.java:348)
	at org.apache.nifi.processors.hadoop.ExtendedConfiguration.getClassByNameOrNull(ExtendedConfiguration.java:70)
	at org.apache.hadoop.util.ReflectionUtils.setJobConf(ReflectionUtils.java:98)
	at org.apache.hadoop.util.ReflectionUtils.setConf(ReflectionUtils.java:81)
	at org.apache.hadoop.util.ReflectionUtils.newInstance(ReflectionUtils.java:139)
	at org.apache.hadoop.io.serializer.SerializationFactory.add(SerializationFactory.java:73)
	at org.apache.hadoop.io.serializer.SerializationFactory.<init>(SerializationFactory.java:63)
	at org.apache.hadoop.io.SequenceFile$Writer.init(SequenceFile.java:1278)
	at org.apache.hadoop.io.SequenceFile$Writer.<init>(SequenceFile.java:1192)
	at org.apache.hadoop.io.SequenceFile.createWriter(SequenceFile.java:285)
	at org.apache.nifi.processors.hadoop.SequenceFileWriterImpl$1.process(SequenceFileWriterImpl.java:96)
	at org.apache.nifi.util.MockProcessSession.write(MockProcessSession.java:979)
	at org.apache.nifi.util.MockProcessSession.write(MockProcessSession.java:67)
	at org.apache.nifi.processors.hadoop.SequenceFileWriterImpl.writeSequenceFile(SequenceFileWriterImpl.java:76)
	at org.apache.nifi.processors.hadoop.CreateHadoopSequenceFile.onTrigger(CreateHadoopSequenceFile.java:180)
	at org.apache.nifi.processor.AbstractProcessor.onTrigger(AbstractProcessor.java:27)
	at org.apache.nifi.util.StandardProcessorTestRunner$RunProcessor.call(StandardProcessorTestRunner.java:284)
	at org.apache.nifi.util.StandardProcessorTestRunner$RunProcessor.call(StandardProcessorTestRunner.java:278)
	at java.util.concurrent.FutureTask.run(FutureTask.java:266)
	at java.util.concurrent.ScheduledThreadPoolExecutor$ScheduledFutureTask.access$201(ScheduledThreadPoolExecutor.java:180)
	at java.util.concurrent.ScheduledThreadPoolExecutor$ScheduledFutureTask.run(ScheduledThreadPoolExecutor.java:293)
	at java.util.concurrent.ThreadPoolExecutor.runWorker(ThreadPoolExecutor.java:1149)
	at java.util.concurrent.ThreadPoolExecutor$Worker.run(ThreadPoolExecutor.java:624)
	at java.lang.Thread.run(Thread.java:750)
1895 [pool-10-thread-1] ERROR org.apache.nifi.processors.hadoop.TestCreateHadoopSequenceFile$TestableCreateHadoopSequenceFile - [TestableCreateHadoopSequenceFile[id=6f5ebbfe-9633-4f42-893a-eea1364f4f40]] org.apache.hadoop.mapred.JobConf
java.lang.ClassNotFoundException: org.apache.hadoop.mapred.JobConf
	at java.net.URLClassLoader.findClass(URLClassLoader.java:387)
	at java.lang.ClassLoader.loadClass(ClassLoader.java:418)
	at sun.misc.Launcher$AppClassLoader.loadClass(Launcher.java:352)
	at java.lang.ClassLoader.loadClass(ClassLoader.java:351)
	at java.lang.Class.forName0(Native Method)
	at java.lang.Class.forName(Class.java:348)
	at org.apache.nifi.processors.hadoop.ExtendedConfiguration.getClassByNameOrNull(ExtendedConfiguration.java:70)
	at org.apache.hadoop.util.ReflectionUtils.setJobConf(ReflectionUtils.java:98)
	at org.apache.hadoop.util.ReflectionUtils.setConf(ReflectionUtils.java:81)
	at org.apache.hadoop.util.ReflectionUtils.newInstance(ReflectionUtils.java:139)
	at org.apache.hadoop.io.serializer.SerializationFactory.add(SerializationFactory.java:73)
	at org.apache.hadoop.io.serializer.SerializationFactory.<init>(SerializationFactory.java:63)
	at org.apache.hadoop.io.SequenceFile$Writer.init(SequenceFile.java:1278)
	at org.apache.hadoop.io.SequenceFile$Writer.<init>(SequenceFile.java:1192)
	at org.apache.hadoop.io.SequenceFile.createWriter(SequenceFile.java:285)
	at org.apache.nifi.processors.hadoop.SequenceFileWriterImpl$1.process(SequenceFileWriterImpl.java:96)
	at org.apache.nifi.util.MockProcessSession.write(MockProcessSession.java:979)
	at org.apache.nifi.util.MockProcessSession.write(MockProcessSession.java:67)
	at org.apache.nifi.processors.hadoop.SequenceFileWriterImpl.writeSequenceFile(SequenceFileWriterImpl.java:76)
	at org.apache.nifi.processors.hadoop.CreateHadoopSequenceFile.onTrigger(CreateHadoopSequenceFile.java:180)
	at org.apache.nifi.processor.AbstractProcessor.onTrigger(AbstractProcessor.java:27)
	at org.apache.nifi.util.StandardProcessorTestRunner$RunProcessor.call(StandardProcessorTestRunner.java:284)
	at org.apache.nifi.util.StandardProcessorTestRunner$RunProcessor.call(StandardProcessorTestRunner.java:278)
	at java.util.concurrent.FutureTask.run(FutureTask.java:266)
	at java.util.concurrent.ScheduledThreadPoolExecutor$ScheduledFutureTask.access$201(ScheduledThreadPoolExecutor.java:180)
	at java.util.concurrent.ScheduledThreadPoolExecutor$ScheduledFutureTask.run(ScheduledThreadPoolExecutor.java:293)
	at java.util.concurrent.ThreadPoolExecutor.runWorker(ThreadPoolExecutor.java:1149)
	at java.util.concurrent.ThreadPoolExecutor$Worker.run(ThreadPoolExecutor.java:624)
	at java.lang.Thread.run(Thread.java:750)
1896 [pool-10-thread-1] ERROR org.apache.nifi.processors.hadoop.TestCreateHadoopSequenceFile$TestableCreateHadoopSequenceFile - [TestableCreateHadoopSequenceFile[id=6f5ebbfe-9633-4f42-893a-eea1364f4f40]] org.apache.hadoop.mapred.JobConf
java.lang.ClassNotFoundException: org.apache.hadoop.mapred.JobConf
	at java.net.URLClassLoader.findClass(URLClassLoader.java:387)
	at java.lang.ClassLoader.loadClass(ClassLoader.java:418)
	at sun.misc.Launcher$AppClassLoader.loadClass(Launcher.java:352)
	at java.lang.ClassLoader.loadClass(ClassLoader.java:351)
	at java.lang.Class.forName0(Native Method)
	at java.lang.Class.forName(Class.java:348)
	at org.apache.nifi.processors.hadoop.ExtendedConfiguration.getClassByNameOrNull(ExtendedConfiguration.java:70)
	at org.apache.hadoop.util.ReflectionUtils.setJobConf(ReflectionUtils.java:98)
	at org.apache.hadoop.util.ReflectionUtils.setConf(ReflectionUtils.java:81)
	at org.apache.hadoop.util.ReflectionUtils.newInstance(ReflectionUtils.java:139)
	at org.apache.hadoop.io.serializer.SerializationFactory.add(SerializationFactory.java:73)
	at org.apache.hadoop.io.serializer.SerializationFactory.<init>(SerializationFactory.java:63)
	at org.apache.hadoop.io.SequenceFile$Writer.init(SequenceFile.java:1278)
	at org.apache.hadoop.io.SequenceFile$Writer.<init>(SequenceFile.java:1192)
	at org.apache.hadoop.io.SequenceFile.createWriter(SequenceFile.java:285)
	at org.apache.nifi.processors.hadoop.SequenceFileWriterImpl$1.process(SequenceFileWriterImpl.java:96)
	at org.apache.nifi.util.MockProcessSession.write(MockProcessSession.java:979)
	at org.apache.nifi.util.MockProcessSession.write(MockProcessSession.java:67)
	at org.apache.nifi.processors.hadoop.SequenceFileWriterImpl.writeSequenceFile(SequenceFileWriterImpl.java:76)
	at org.apache.nifi.processors.hadoop.CreateHadoopSequenceFile.onTrigger(CreateHadoopSequenceFile.java:180)
	at org.apache.nifi.processor.AbstractProcessor.onTrigger(AbstractProcessor.java:27)
	at org.apache.nifi.util.StandardProcessorTestRunner$RunProcessor.call(StandardProcessorTestRunner.java:284)
	at org.apache.nifi.util.StandardProcessorTestRunner$RunProcessor.call(StandardProcessorTestRunner.java:278)
	at java.util.concurrent.FutureTask.run(FutureTask.java:266)
	at java.util.concurrent.ScheduledThreadPoolExecutor$ScheduledFutureTask.access$201(ScheduledThreadPoolExecutor.java:180)
	at java.util.concurrent.ScheduledThreadPoolExecutor$ScheduledFutureTask.run(ScheduledThreadPoolExecutor.java:293)
	at java.util.concurrent.ThreadPoolExecutor.runWorker(ThreadPoolExecutor.java:1149)
	at java.util.concurrent.ThreadPoolExecutor$Worker.run(ThreadPoolExecutor.java:624)
	at java.lang.Thread.run(Thread.java:750)
1915 [pool-10-thread-1] INFO org.apache.nifi.processors.hadoop.TestCreateHadoopSequenceFile$TestableCreateHadoopSequenceFile - TestableCreateHadoopSequenceFile[id=6f5ebbfe-9633-4f42-893a-eea1364f4f40] Transferred flowfile FlowFile[0,90272761299005.mockFlowFile.sf,1500205B] to success
]]></system-err>
  </testcase>
  <testcase name="testSequenceFileDefaultCompressionCodec" classname="org.apache.nifi.processors.hadoop.TestCreateHadoopSequenceFile" time="0.046">
    <system-err><![CDATA[1927 [main] ERROR org.apache.nifi.processors.hadoop.TestCreateHadoopSequenceFile$TestableCreateHadoopSequenceFile - [TestableCreateHadoopSequenceFile[id=1fa322db-84eb-4caa-a88a-6dd5753972b3]] org.apache.hadoop.mapred.JobConf
java.lang.ClassNotFoundException: org.apache.hadoop.mapred.JobConf
	at java.net.URLClassLoader.findClass(URLClassLoader.java:387)
	at java.lang.ClassLoader.loadClass(ClassLoader.java:418)
	at sun.misc.Launcher$AppClassLoader.loadClass(Launcher.java:352)
	at java.lang.ClassLoader.loadClass(ClassLoader.java:351)
	at java.lang.Class.forName0(Native Method)
	at java.lang.Class.forName(Class.java:348)
	at org.apache.nifi.processors.hadoop.ExtendedConfiguration.getClassByNameOrNull(ExtendedConfiguration.java:70)
	at org.apache.hadoop.util.ReflectionUtils.setJobConf(ReflectionUtils.java:98)
	at org.apache.hadoop.util.ReflectionUtils.setConf(ReflectionUtils.java:81)
	at org.apache.hadoop.util.ReflectionUtils.newInstance(ReflectionUtils.java:139)
	at org.apache.hadoop.fs.FileSystem.createFileSystem(FileSystem.java:3412)
	at org.apache.hadoop.fs.FileSystem.get(FileSystem.java:521)
	at org.apache.hadoop.fs.FileSystem.get(FileSystem.java:272)
	at org.apache.nifi.processors.hadoop.AbstractHadoopProcessor$1.run(AbstractHadoopProcessor.java:546)
	at org.apache.nifi.processors.hadoop.AbstractHadoopProcessor$1.run(AbstractHadoopProcessor.java:543)
	at java.security.AccessController.doPrivileged(Native Method)
	at javax.security.auth.Subject.doAs(Subject.java:422)
	at org.apache.hadoop.security.UserGroupInformation.doAs(UserGroupInformation.java:1845)
	at org.apache.nifi.processors.hadoop.AbstractHadoopProcessor.getFileSystemAsUser(AbstractHadoopProcessor.java:543)
	at org.apache.nifi.processors.hadoop.AbstractHadoopProcessor.resetHDFSResources(AbstractHadoopProcessor.java:476)
	at org.apache.nifi.processors.hadoop.AbstractHadoopProcessor.abstractOnScheduled(AbstractHadoopProcessor.java:352)
	at sun.reflect.NativeMethodAccessorImpl.invoke0(Native Method)
	at sun.reflect.NativeMethodAccessorImpl.invoke(NativeMethodAccessorImpl.java:62)
	at sun.reflect.DelegatingMethodAccessorImpl.invoke(DelegatingMethodAccessorImpl.java:43)
	at java.lang.reflect.Method.invoke(Method.java:498)
	at org.apache.nifi.util.ReflectionUtils.invokeMethodsWithAnnotation(ReflectionUtils.java:68)
	at org.apache.nifi.util.StandardProcessorTestRunner.run(StandardProcessorTestRunner.java:203)
	at org.apache.nifi.util.StandardProcessorTestRunner.run(StandardProcessorTestRunner.java:185)
	at org.apache.nifi.util.StandardProcessorTestRunner.run(StandardProcessorTestRunner.java:180)
	at org.apache.nifi.util.StandardProcessorTestRunner.run(StandardProcessorTestRunner.java:175)
	at org.apache.nifi.util.StandardProcessorTestRunner.run(StandardProcessorTestRunner.java:170)
	at org.apache.nifi.processors.hadoop.TestCreateHadoopSequenceFile.testSequenceFileDefaultCompressionCodec(TestCreateHadoopSequenceFile.java:264)
	at sun.reflect.NativeMethodAccessorImpl.invoke0(Native Method)
	at sun.reflect.NativeMethodAccessorImpl.invoke(NativeMethodAccessorImpl.java:62)
	at sun.reflect.DelegatingMethodAccessorImpl.invoke(DelegatingMethodAccessorImpl.java:43)
	at java.lang.reflect.Method.invoke(Method.java:498)
	at org.junit.runners.model.FrameworkMethod$1.runReflectiveCall(FrameworkMethod.java:59)
	at org.junit.internal.runners.model.ReflectiveCallable.run(ReflectiveCallable.java:12)
	at org.junit.runners.model.FrameworkMethod.invokeExplosively(FrameworkMethod.java:56)
	at org.junit.internal.runners.statements.InvokeMethod.evaluate(InvokeMethod.java:17)
	at org.junit.internal.runners.statements.RunBefores.evaluate(RunBefores.java:26)
	at org.junit.internal.runners.statements.RunAfters.evaluate(RunAfters.java:27)
	at org.junit.runners.ParentRunner$3.evaluate(ParentRunner.java:306)
	at org.junit.runners.BlockJUnit4ClassRunner$1.evaluate(BlockJUnit4ClassRunner.java:100)
	at org.junit.runners.ParentRunner.runLeaf(ParentRunner.java:366)
	at org.junit.runners.BlockJUnit4ClassRunner.runChild(BlockJUnit4ClassRunner.java:103)
	at org.junit.runners.BlockJUnit4ClassRunner.runChild(BlockJUnit4ClassRunner.java:63)
	at org.junit.runners.ParentRunner$4.run(ParentRunner.java:331)
	at org.junit.runners.ParentRunner$1.schedule(ParentRunner.java:79)
	at org.junit.runners.ParentRunner.runChildren(ParentRunner.java:329)
	at org.junit.runners.ParentRunner.access$100(ParentRunner.java:66)
	at org.junit.runners.ParentRunner$2.evaluate(ParentRunner.java:293)
	at org.junit.internal.runners.statements.RunBefores.evaluate(RunBefores.java:26)
	at org.junit.runners.ParentRunner$3.evaluate(ParentRunner.java:306)
	at org.junit.runners.ParentRunner.run(ParentRunner.java:413)
	at org.junit.runner.JUnitCore.run(JUnitCore.java:137)
	at org.junit.runner.JUnitCore.run(JUnitCore.java:115)
	at org.junit.vintage.engine.execution.RunnerExecutor.execute(RunnerExecutor.java:43)
	at java.util.stream.ForEachOps$ForEachOp$OfRef.accept(ForEachOps.java:183)
	at java.util.stream.ReferencePipeline$3$1.accept(ReferencePipeline.java:193)
	at java.util.Iterator.forEachRemaining(Iterator.java:116)
	at java.util.Spliterators$IteratorSpliterator.forEachRemaining(Spliterators.java:1801)
	at java.util.stream.AbstractPipeline.copyInto(AbstractPipeline.java:482)
	at java.util.stream.AbstractPipeline.wrapAndCopyInto(AbstractPipeline.java:472)
	at java.util.stream.ForEachOps$ForEachOp.evaluateSequential(ForEachOps.java:150)
	at java.util.stream.ForEachOps$ForEachOp$OfRef.evaluateSequential(ForEachOps.java:173)
	at java.util.stream.AbstractPipeline.evaluate(AbstractPipeline.java:234)
	at java.util.stream.ReferencePipeline.forEach(ReferencePipeline.java:485)
	at org.junit.vintage.engine.VintageTestEngine.executeAllChildren(VintageTestEngine.java:82)
	at org.junit.vintage.engine.VintageTestEngine.execute(VintageTestEngine.java:73)
	at org.junit.platform.launcher.core.EngineExecutionOrchestrator.execute(EngineExecutionOrchestrator.java:108)
	at org.junit.platform.launcher.core.EngineExecutionOrchestrator.execute(EngineExecutionOrchestrator.java:88)
	at org.junit.platform.launcher.core.EngineExecutionOrchestrator.lambda$execute$0(EngineExecutionOrchestrator.java:54)
	at org.junit.platform.launcher.core.EngineExecutionOrchestrator.withInterceptedStreams(EngineExecutionOrchestrator.java:67)
	at org.junit.platform.launcher.core.EngineExecutionOrchestrator.execute(EngineExecutionOrchestrator.java:52)
	at org.junit.platform.launcher.core.DefaultLauncher.execute(DefaultLauncher.java:96)
	at org.junit.platform.launcher.core.DefaultLauncher.execute(DefaultLauncher.java:75)
	at org.apache.maven.surefire.junitplatform.JUnitPlatformProvider.execute(JUnitPlatformProvider.java:188)
	at org.apache.maven.surefire.junitplatform.JUnitPlatformProvider.invokeAllTests(JUnitPlatformProvider.java:154)
	at org.apache.maven.surefire.junitplatform.JUnitPlatformProvider.invoke(JUnitPlatformProvider.java:128)
	at org.apache.maven.surefire.booter.ForkedBooter.runSuitesInProcess(ForkedBooter.java:428)
	at org.apache.maven.surefire.booter.ForkedBooter.execute(ForkedBooter.java:162)
	at org.apache.maven.surefire.booter.ForkedBooter.run(ForkedBooter.java:562)
	at org.apache.maven.surefire.booter.ForkedBooter.main(ForkedBooter.java:548)
1927 [main] INFO org.apache.nifi.processors.hadoop.TestCreateHadoopSequenceFile$TestableCreateHadoopSequenceFile - TestableCreateHadoopSequenceFile[id=1fa322db-84eb-4caa-a88a-6dd5753972b3] Initialized a new HDFS File System with working dir: file:/home/alex/Repositories/nifi/nifi-nar-bundles/nifi-hadoop-bundle/nifi-hdfs-processors default block size: 33554432 default replication: 1 config: Configuration: core-default.xml, core-site.xml, hdfs-default.xml, hdfs-rbf-default.xml, hdfs-site.xml, hdfs-rbf-site.xml
1928 [pool-11-thread-1] ERROR org.apache.nifi.processors.hadoop.TestCreateHadoopSequenceFile$TestableCreateHadoopSequenceFile - [TestableCreateHadoopSequenceFile[id=1fa322db-84eb-4caa-a88a-6dd5753972b3]] org.apache.hadoop.mapred.JobConf
java.lang.ClassNotFoundException: org.apache.hadoop.mapred.JobConf
	at java.net.URLClassLoader.findClass(URLClassLoader.java:387)
	at java.lang.ClassLoader.loadClass(ClassLoader.java:418)
	at sun.misc.Launcher$AppClassLoader.loadClass(Launcher.java:352)
	at java.lang.ClassLoader.loadClass(ClassLoader.java:351)
	at java.lang.Class.forName0(Native Method)
	at java.lang.Class.forName(Class.java:348)
	at org.apache.nifi.processors.hadoop.ExtendedConfiguration.getClassByNameOrNull(ExtendedConfiguration.java:70)
	at org.apache.hadoop.util.ReflectionUtils.setJobConf(ReflectionUtils.java:98)
	at org.apache.hadoop.util.ReflectionUtils.setConf(ReflectionUtils.java:81)
	at org.apache.hadoop.util.ReflectionUtils.newInstance(ReflectionUtils.java:139)
	at org.apache.hadoop.io.compress.CompressionCodecFactory.<init>(CompressionCodecFactory.java:186)
	at org.apache.nifi.processors.hadoop.AbstractHadoopProcessor.getCompressionCodec(AbstractHadoopProcessor.java:588)
	at org.apache.nifi.processors.hadoop.CreateHadoopSequenceFile.onTrigger(CreateHadoopSequenceFile.java:169)
	at org.apache.nifi.processor.AbstractProcessor.onTrigger(AbstractProcessor.java:27)
	at org.apache.nifi.util.StandardProcessorTestRunner$RunProcessor.call(StandardProcessorTestRunner.java:284)
	at org.apache.nifi.util.StandardProcessorTestRunner$RunProcessor.call(StandardProcessorTestRunner.java:278)
	at java.util.concurrent.FutureTask.run(FutureTask.java:266)
	at java.util.concurrent.ScheduledThreadPoolExecutor$ScheduledFutureTask.access$201(ScheduledThreadPoolExecutor.java:180)
	at java.util.concurrent.ScheduledThreadPoolExecutor$ScheduledFutureTask.run(ScheduledThreadPoolExecutor.java:293)
	at java.util.concurrent.ThreadPoolExecutor.runWorker(ThreadPoolExecutor.java:1149)
	at java.util.concurrent.ThreadPoolExecutor$Worker.run(ThreadPoolExecutor.java:624)
	at java.lang.Thread.run(Thread.java:750)
1929 [pool-11-thread-1] ERROR org.apache.nifi.processors.hadoop.TestCreateHadoopSequenceFile$TestableCreateHadoopSequenceFile - [TestableCreateHadoopSequenceFile[id=1fa322db-84eb-4caa-a88a-6dd5753972b3]] org.apache.hadoop.mapred.JobConf
java.lang.ClassNotFoundException: org.apache.hadoop.mapred.JobConf
	at java.net.URLClassLoader.findClass(URLClassLoader.java:387)
	at java.lang.ClassLoader.loadClass(ClassLoader.java:418)
	at sun.misc.Launcher$AppClassLoader.loadClass(Launcher.java:352)
	at java.lang.ClassLoader.loadClass(ClassLoader.java:351)
	at java.lang.Class.forName0(Native Method)
	at java.lang.Class.forName(Class.java:348)
	at org.apache.nifi.processors.hadoop.ExtendedConfiguration.getClassByNameOrNull(ExtendedConfiguration.java:70)
	at org.apache.hadoop.util.ReflectionUtils.setJobConf(ReflectionUtils.java:98)
	at org.apache.hadoop.util.ReflectionUtils.setConf(ReflectionUtils.java:81)
	at org.apache.hadoop.util.ReflectionUtils.newInstance(ReflectionUtils.java:139)
	at org.apache.hadoop.io.compress.CompressionCodecFactory.<init>(CompressionCodecFactory.java:186)
	at org.apache.nifi.processors.hadoop.AbstractHadoopProcessor.getCompressionCodec(AbstractHadoopProcessor.java:588)
	at org.apache.nifi.processors.hadoop.CreateHadoopSequenceFile.onTrigger(CreateHadoopSequenceFile.java:169)
	at org.apache.nifi.processor.AbstractProcessor.onTrigger(AbstractProcessor.java:27)
	at org.apache.nifi.util.StandardProcessorTestRunner$RunProcessor.call(StandardProcessorTestRunner.java:284)
	at org.apache.nifi.util.StandardProcessorTestRunner$RunProcessor.call(StandardProcessorTestRunner.java:278)
	at java.util.concurrent.FutureTask.run(FutureTask.java:266)
	at java.util.concurrent.ScheduledThreadPoolExecutor$ScheduledFutureTask.access$201(ScheduledThreadPoolExecutor.java:180)
	at java.util.concurrent.ScheduledThreadPoolExecutor$ScheduledFutureTask.run(ScheduledThreadPoolExecutor.java:293)
	at java.util.concurrent.ThreadPoolExecutor.runWorker(ThreadPoolExecutor.java:1149)
	at java.util.concurrent.ThreadPoolExecutor$Worker.run(ThreadPoolExecutor.java:624)
	at java.lang.Thread.run(Thread.java:750)
1930 [pool-11-thread-1] ERROR org.apache.nifi.processors.hadoop.TestCreateHadoopSequenceFile$TestableCreateHadoopSequenceFile - [TestableCreateHadoopSequenceFile[id=1fa322db-84eb-4caa-a88a-6dd5753972b3]] org.apache.hadoop.mapred.JobConf
java.lang.ClassNotFoundException: org.apache.hadoop.mapred.JobConf
	at java.net.URLClassLoader.findClass(URLClassLoader.java:387)
	at java.lang.ClassLoader.loadClass(ClassLoader.java:418)
	at sun.misc.Launcher$AppClassLoader.loadClass(Launcher.java:352)
	at java.lang.ClassLoader.loadClass(ClassLoader.java:351)
	at java.lang.Class.forName0(Native Method)
	at java.lang.Class.forName(Class.java:348)
	at org.apache.nifi.processors.hadoop.ExtendedConfiguration.getClassByNameOrNull(ExtendedConfiguration.java:70)
	at org.apache.hadoop.util.ReflectionUtils.setJobConf(ReflectionUtils.java:98)
	at org.apache.hadoop.util.ReflectionUtils.setConf(ReflectionUtils.java:81)
	at org.apache.hadoop.util.ReflectionUtils.newInstance(ReflectionUtils.java:139)
	at org.apache.hadoop.io.compress.CompressionCodecFactory.<init>(CompressionCodecFactory.java:186)
	at org.apache.nifi.processors.hadoop.AbstractHadoopProcessor.getCompressionCodec(AbstractHadoopProcessor.java:588)
	at org.apache.nifi.processors.hadoop.CreateHadoopSequenceFile.onTrigger(CreateHadoopSequenceFile.java:169)
	at org.apache.nifi.processor.AbstractProcessor.onTrigger(AbstractProcessor.java:27)
	at org.apache.nifi.util.StandardProcessorTestRunner$RunProcessor.call(StandardProcessorTestRunner.java:284)
	at org.apache.nifi.util.StandardProcessorTestRunner$RunProcessor.call(StandardProcessorTestRunner.java:278)
	at java.util.concurrent.FutureTask.run(FutureTask.java:266)
	at java.util.concurrent.ScheduledThreadPoolExecutor$ScheduledFutureTask.access$201(ScheduledThreadPoolExecutor.java:180)
	at java.util.concurrent.ScheduledThreadPoolExecutor$ScheduledFutureTask.run(ScheduledThreadPoolExecutor.java:293)
	at java.util.concurrent.ThreadPoolExecutor.runWorker(ThreadPoolExecutor.java:1149)
	at java.util.concurrent.ThreadPoolExecutor$Worker.run(ThreadPoolExecutor.java:624)
	at java.lang.Thread.run(Thread.java:750)
1931 [pool-11-thread-1] ERROR org.apache.nifi.processors.hadoop.TestCreateHadoopSequenceFile$TestableCreateHadoopSequenceFile - [TestableCreateHadoopSequenceFile[id=1fa322db-84eb-4caa-a88a-6dd5753972b3]] org.apache.hadoop.mapred.JobConf
java.lang.ClassNotFoundException: org.apache.hadoop.mapred.JobConf
	at java.net.URLClassLoader.findClass(URLClassLoader.java:387)
	at java.lang.ClassLoader.loadClass(ClassLoader.java:418)
	at sun.misc.Launcher$AppClassLoader.loadClass(Launcher.java:352)
	at java.lang.ClassLoader.loadClass(ClassLoader.java:351)
	at java.lang.Class.forName0(Native Method)
	at java.lang.Class.forName(Class.java:348)
	at org.apache.nifi.processors.hadoop.ExtendedConfiguration.getClassByNameOrNull(ExtendedConfiguration.java:70)
	at org.apache.hadoop.util.ReflectionUtils.setJobConf(ReflectionUtils.java:98)
	at org.apache.hadoop.util.ReflectionUtils.setConf(ReflectionUtils.java:81)
	at org.apache.hadoop.util.ReflectionUtils.newInstance(ReflectionUtils.java:139)
	at org.apache.hadoop.io.compress.CompressionCodecFactory.<init>(CompressionCodecFactory.java:186)
	at org.apache.nifi.processors.hadoop.AbstractHadoopProcessor.getCompressionCodec(AbstractHadoopProcessor.java:588)
	at org.apache.nifi.processors.hadoop.CreateHadoopSequenceFile.onTrigger(CreateHadoopSequenceFile.java:169)
	at org.apache.nifi.processor.AbstractProcessor.onTrigger(AbstractProcessor.java:27)
	at org.apache.nifi.util.StandardProcessorTestRunner$RunProcessor.call(StandardProcessorTestRunner.java:284)
	at org.apache.nifi.util.StandardProcessorTestRunner$RunProcessor.call(StandardProcessorTestRunner.java:278)
	at java.util.concurrent.FutureTask.run(FutureTask.java:266)
	at java.util.concurrent.ScheduledThreadPoolExecutor$ScheduledFutureTask.access$201(ScheduledThreadPoolExecutor.java:180)
	at java.util.concurrent.ScheduledThreadPoolExecutor$ScheduledFutureTask.run(ScheduledThreadPoolExecutor.java:293)
	at java.util.concurrent.ThreadPoolExecutor.runWorker(ThreadPoolExecutor.java:1149)
	at java.util.concurrent.ThreadPoolExecutor$Worker.run(ThreadPoolExecutor.java:624)
	at java.lang.Thread.run(Thread.java:750)
1931 [pool-11-thread-1] ERROR org.apache.nifi.processors.hadoop.TestCreateHadoopSequenceFile$TestableCreateHadoopSequenceFile - [TestableCreateHadoopSequenceFile[id=1fa322db-84eb-4caa-a88a-6dd5753972b3]] org.apache.hadoop.mapred.JobConf
java.lang.ClassNotFoundException: org.apache.hadoop.mapred.JobConf
	at java.net.URLClassLoader.findClass(URLClassLoader.java:387)
	at java.lang.ClassLoader.loadClass(ClassLoader.java:418)
	at sun.misc.Launcher$AppClassLoader.loadClass(Launcher.java:352)
	at java.lang.ClassLoader.loadClass(ClassLoader.java:351)
	at java.lang.Class.forName0(Native Method)
	at java.lang.Class.forName(Class.java:348)
	at org.apache.nifi.processors.hadoop.ExtendedConfiguration.getClassByNameOrNull(ExtendedConfiguration.java:70)
	at org.apache.hadoop.util.ReflectionUtils.setJobConf(ReflectionUtils.java:98)
	at org.apache.hadoop.util.ReflectionUtils.setConf(ReflectionUtils.java:81)
	at org.apache.hadoop.util.ReflectionUtils.newInstance(ReflectionUtils.java:139)
	at org.apache.hadoop.io.compress.CompressionCodecFactory.<init>(CompressionCodecFactory.java:186)
	at org.apache.nifi.processors.hadoop.AbstractHadoopProcessor.getCompressionCodec(AbstractHadoopProcessor.java:588)
	at org.apache.nifi.processors.hadoop.CreateHadoopSequenceFile.onTrigger(CreateHadoopSequenceFile.java:169)
	at org.apache.nifi.processor.AbstractProcessor.onTrigger(AbstractProcessor.java:27)
	at org.apache.nifi.util.StandardProcessorTestRunner$RunProcessor.call(StandardProcessorTestRunner.java:284)
	at org.apache.nifi.util.StandardProcessorTestRunner$RunProcessor.call(StandardProcessorTestRunner.java:278)
	at java.util.concurrent.FutureTask.run(FutureTask.java:266)
	at java.util.concurrent.ScheduledThreadPoolExecutor$ScheduledFutureTask.access$201(ScheduledThreadPoolExecutor.java:180)
	at java.util.concurrent.ScheduledThreadPoolExecutor$ScheduledFutureTask.run(ScheduledThreadPoolExecutor.java:293)
	at java.util.concurrent.ThreadPoolExecutor.runWorker(ThreadPoolExecutor.java:1149)
	at java.util.concurrent.ThreadPoolExecutor$Worker.run(ThreadPoolExecutor.java:624)
	at java.lang.Thread.run(Thread.java:750)
1932 [pool-11-thread-1] ERROR org.apache.nifi.processors.hadoop.TestCreateHadoopSequenceFile$TestableCreateHadoopSequenceFile - [TestableCreateHadoopSequenceFile[id=1fa322db-84eb-4caa-a88a-6dd5753972b3]] org.apache.hadoop.mapred.JobConf
java.lang.ClassNotFoundException: org.apache.hadoop.mapred.JobConf
	at java.net.URLClassLoader.findClass(URLClassLoader.java:387)
	at java.lang.ClassLoader.loadClass(ClassLoader.java:418)
	at sun.misc.Launcher$AppClassLoader.loadClass(Launcher.java:352)
	at java.lang.ClassLoader.loadClass(ClassLoader.java:351)
	at java.lang.Class.forName0(Native Method)
	at java.lang.Class.forName(Class.java:348)
	at org.apache.nifi.processors.hadoop.ExtendedConfiguration.getClassByNameOrNull(ExtendedConfiguration.java:70)
	at org.apache.hadoop.util.ReflectionUtils.setJobConf(ReflectionUtils.java:98)
	at org.apache.hadoop.util.ReflectionUtils.setConf(ReflectionUtils.java:81)
	at org.apache.hadoop.util.ReflectionUtils.newInstance(ReflectionUtils.java:139)
	at org.apache.hadoop.io.compress.CompressionCodecFactory.<init>(CompressionCodecFactory.java:186)
	at org.apache.nifi.processors.hadoop.AbstractHadoopProcessor.getCompressionCodec(AbstractHadoopProcessor.java:588)
	at org.apache.nifi.processors.hadoop.CreateHadoopSequenceFile.onTrigger(CreateHadoopSequenceFile.java:169)
	at org.apache.nifi.processor.AbstractProcessor.onTrigger(AbstractProcessor.java:27)
	at org.apache.nifi.util.StandardProcessorTestRunner$RunProcessor.call(StandardProcessorTestRunner.java:284)
	at org.apache.nifi.util.StandardProcessorTestRunner$RunProcessor.call(StandardProcessorTestRunner.java:278)
	at java.util.concurrent.FutureTask.run(FutureTask.java:266)
	at java.util.concurrent.ScheduledThreadPoolExecutor$ScheduledFutureTask.access$201(ScheduledThreadPoolExecutor.java:180)
	at java.util.concurrent.ScheduledThreadPoolExecutor$ScheduledFutureTask.run(ScheduledThreadPoolExecutor.java:293)
	at java.util.concurrent.ThreadPoolExecutor.runWorker(ThreadPoolExecutor.java:1149)
	at java.util.concurrent.ThreadPoolExecutor$Worker.run(ThreadPoolExecutor.java:624)
	at java.lang.Thread.run(Thread.java:750)
1933 [pool-11-thread-1] ERROR org.apache.nifi.processors.hadoop.TestCreateHadoopSequenceFile$TestableCreateHadoopSequenceFile - [TestableCreateHadoopSequenceFile[id=1fa322db-84eb-4caa-a88a-6dd5753972b3]] org.apache.hadoop.mapred.JobConf
java.lang.ClassNotFoundException: org.apache.hadoop.mapred.JobConf
	at java.net.URLClassLoader.findClass(URLClassLoader.java:387)
	at java.lang.ClassLoader.loadClass(ClassLoader.java:418)
	at sun.misc.Launcher$AppClassLoader.loadClass(Launcher.java:352)
	at java.lang.ClassLoader.loadClass(ClassLoader.java:351)
	at java.lang.Class.forName0(Native Method)
	at java.lang.Class.forName(Class.java:348)
	at org.apache.nifi.processors.hadoop.ExtendedConfiguration.getClassByNameOrNull(ExtendedConfiguration.java:70)
	at org.apache.hadoop.util.ReflectionUtils.setJobConf(ReflectionUtils.java:98)
	at org.apache.hadoop.util.ReflectionUtils.setConf(ReflectionUtils.java:81)
	at org.apache.hadoop.util.ReflectionUtils.newInstance(ReflectionUtils.java:139)
	at org.apache.hadoop.io.compress.CompressionCodecFactory.<init>(CompressionCodecFactory.java:186)
	at org.apache.nifi.processors.hadoop.AbstractHadoopProcessor.getCompressionCodec(AbstractHadoopProcessor.java:588)
	at org.apache.nifi.processors.hadoop.CreateHadoopSequenceFile.onTrigger(CreateHadoopSequenceFile.java:169)
	at org.apache.nifi.processor.AbstractProcessor.onTrigger(AbstractProcessor.java:27)
	at org.apache.nifi.util.StandardProcessorTestRunner$RunProcessor.call(StandardProcessorTestRunner.java:284)
	at org.apache.nifi.util.StandardProcessorTestRunner$RunProcessor.call(StandardProcessorTestRunner.java:278)
	at java.util.concurrent.FutureTask.run(FutureTask.java:266)
	at java.util.concurrent.ScheduledThreadPoolExecutor$ScheduledFutureTask.access$201(ScheduledThreadPoolExecutor.java:180)
	at java.util.concurrent.ScheduledThreadPoolExecutor$ScheduledFutureTask.run(ScheduledThreadPoolExecutor.java:293)
	at java.util.concurrent.ThreadPoolExecutor.runWorker(ThreadPoolExecutor.java:1149)
	at java.util.concurrent.ThreadPoolExecutor$Worker.run(ThreadPoolExecutor.java:624)
	at java.lang.Thread.run(Thread.java:750)
1934 [pool-11-thread-1] ERROR org.apache.nifi.processors.hadoop.TestCreateHadoopSequenceFile$TestableCreateHadoopSequenceFile - [TestableCreateHadoopSequenceFile[id=1fa322db-84eb-4caa-a88a-6dd5753972b3]] org.apache.hadoop.mapred.JobConf
java.lang.ClassNotFoundException: org.apache.hadoop.mapred.JobConf
	at java.net.URLClassLoader.findClass(URLClassLoader.java:387)
	at java.lang.ClassLoader.loadClass(ClassLoader.java:418)
	at sun.misc.Launcher$AppClassLoader.loadClass(Launcher.java:352)
	at java.lang.ClassLoader.loadClass(ClassLoader.java:351)
	at java.lang.Class.forName0(Native Method)
	at java.lang.Class.forName(Class.java:348)
	at org.apache.nifi.processors.hadoop.ExtendedConfiguration.getClassByNameOrNull(ExtendedConfiguration.java:70)
	at org.apache.hadoop.util.ReflectionUtils.setJobConf(ReflectionUtils.java:98)
	at org.apache.hadoop.util.ReflectionUtils.setConf(ReflectionUtils.java:81)
	at org.apache.hadoop.util.ReflectionUtils.newInstance(ReflectionUtils.java:139)
	at org.apache.hadoop.io.serializer.SerializationFactory.add(SerializationFactory.java:73)
	at org.apache.hadoop.io.serializer.SerializationFactory.<init>(SerializationFactory.java:63)
	at org.apache.hadoop.io.SequenceFile$Writer.init(SequenceFile.java:1278)
	at org.apache.hadoop.io.SequenceFile$Writer.<init>(SequenceFile.java:1192)
	at org.apache.hadoop.io.SequenceFile$BlockCompressWriter.<init>(SequenceFile.java:1552)
	at org.apache.hadoop.io.SequenceFile.createWriter(SequenceFile.java:289)
	at org.apache.nifi.processors.hadoop.SequenceFileWriterImpl$1.process(SequenceFileWriterImpl.java:96)
	at org.apache.nifi.util.MockProcessSession.write(MockProcessSession.java:979)
	at org.apache.nifi.util.MockProcessSession.write(MockProcessSession.java:67)
	at org.apache.nifi.processors.hadoop.SequenceFileWriterImpl.writeSequenceFile(SequenceFileWriterImpl.java:76)
	at org.apache.nifi.processors.hadoop.CreateHadoopSequenceFile.onTrigger(CreateHadoopSequenceFile.java:180)
	at org.apache.nifi.processor.AbstractProcessor.onTrigger(AbstractProcessor.java:27)
	at org.apache.nifi.util.StandardProcessorTestRunner$RunProcessor.call(StandardProcessorTestRunner.java:284)
	at org.apache.nifi.util.StandardProcessorTestRunner$RunProcessor.call(StandardProcessorTestRunner.java:278)
	at java.util.concurrent.FutureTask.run(FutureTask.java:266)
	at java.util.concurrent.ScheduledThreadPoolExecutor$ScheduledFutureTask.access$201(ScheduledThreadPoolExecutor.java:180)
	at java.util.concurrent.ScheduledThreadPoolExecutor$ScheduledFutureTask.run(ScheduledThreadPoolExecutor.java:293)
	at java.util.concurrent.ThreadPoolExecutor.runWorker(ThreadPoolExecutor.java:1149)
	at java.util.concurrent.ThreadPoolExecutor$Worker.run(ThreadPoolExecutor.java:624)
	at java.lang.Thread.run(Thread.java:750)
1935 [pool-11-thread-1] ERROR org.apache.nifi.processors.hadoop.TestCreateHadoopSequenceFile$TestableCreateHadoopSequenceFile - [TestableCreateHadoopSequenceFile[id=1fa322db-84eb-4caa-a88a-6dd5753972b3]] org.apache.hadoop.mapred.JobConf
java.lang.ClassNotFoundException: org.apache.hadoop.mapred.JobConf
	at java.net.URLClassLoader.findClass(URLClassLoader.java:387)
	at java.lang.ClassLoader.loadClass(ClassLoader.java:418)
	at sun.misc.Launcher$AppClassLoader.loadClass(Launcher.java:352)
	at java.lang.ClassLoader.loadClass(ClassLoader.java:351)
	at java.lang.Class.forName0(Native Method)
	at java.lang.Class.forName(Class.java:348)
	at org.apache.nifi.processors.hadoop.ExtendedConfiguration.getClassByNameOrNull(ExtendedConfiguration.java:70)
	at org.apache.hadoop.util.ReflectionUtils.setJobConf(ReflectionUtils.java:98)
	at org.apache.hadoop.util.ReflectionUtils.setConf(ReflectionUtils.java:81)
	at org.apache.hadoop.util.ReflectionUtils.newInstance(ReflectionUtils.java:139)
	at org.apache.hadoop.io.serializer.SerializationFactory.add(SerializationFactory.java:73)
	at org.apache.hadoop.io.serializer.SerializationFactory.<init>(SerializationFactory.java:63)
	at org.apache.hadoop.io.SequenceFile$Writer.init(SequenceFile.java:1278)
	at org.apache.hadoop.io.SequenceFile$Writer.<init>(SequenceFile.java:1192)
	at org.apache.hadoop.io.SequenceFile$BlockCompressWriter.<init>(SequenceFile.java:1552)
	at org.apache.hadoop.io.SequenceFile.createWriter(SequenceFile.java:289)
	at org.apache.nifi.processors.hadoop.SequenceFileWriterImpl$1.process(SequenceFileWriterImpl.java:96)
	at org.apache.nifi.util.MockProcessSession.write(MockProcessSession.java:979)
	at org.apache.nifi.util.MockProcessSession.write(MockProcessSession.java:67)
	at org.apache.nifi.processors.hadoop.SequenceFileWriterImpl.writeSequenceFile(SequenceFileWriterImpl.java:76)
	at org.apache.nifi.processors.hadoop.CreateHadoopSequenceFile.onTrigger(CreateHadoopSequenceFile.java:180)
	at org.apache.nifi.processor.AbstractProcessor.onTrigger(AbstractProcessor.java:27)
	at org.apache.nifi.util.StandardProcessorTestRunner$RunProcessor.call(StandardProcessorTestRunner.java:284)
	at org.apache.nifi.util.StandardProcessorTestRunner$RunProcessor.call(StandardProcessorTestRunner.java:278)
	at java.util.concurrent.FutureTask.run(FutureTask.java:266)
	at java.util.concurrent.ScheduledThreadPoolExecutor$ScheduledFutureTask.access$201(ScheduledThreadPoolExecutor.java:180)
	at java.util.concurrent.ScheduledThreadPoolExecutor$ScheduledFutureTask.run(ScheduledThreadPoolExecutor.java:293)
	at java.util.concurrent.ThreadPoolExecutor.runWorker(ThreadPoolExecutor.java:1149)
	at java.util.concurrent.ThreadPoolExecutor$Worker.run(ThreadPoolExecutor.java:624)
	at java.lang.Thread.run(Thread.java:750)
1936 [pool-11-thread-1] ERROR org.apache.nifi.processors.hadoop.TestCreateHadoopSequenceFile$TestableCreateHadoopSequenceFile - [TestableCreateHadoopSequenceFile[id=1fa322db-84eb-4caa-a88a-6dd5753972b3]] org.apache.hadoop.mapred.JobConf
java.lang.ClassNotFoundException: org.apache.hadoop.mapred.JobConf
	at java.net.URLClassLoader.findClass(URLClassLoader.java:387)
	at java.lang.ClassLoader.loadClass(ClassLoader.java:418)
	at sun.misc.Launcher$AppClassLoader.loadClass(Launcher.java:352)
	at java.lang.ClassLoader.loadClass(ClassLoader.java:351)
	at java.lang.Class.forName0(Native Method)
	at java.lang.Class.forName(Class.java:348)
	at org.apache.nifi.processors.hadoop.ExtendedConfiguration.getClassByNameOrNull(ExtendedConfiguration.java:70)
	at org.apache.hadoop.util.ReflectionUtils.setJobConf(ReflectionUtils.java:98)
	at org.apache.hadoop.util.ReflectionUtils.setConf(ReflectionUtils.java:81)
	at org.apache.hadoop.util.ReflectionUtils.newInstance(ReflectionUtils.java:139)
	at org.apache.hadoop.io.serializer.SerializationFactory.add(SerializationFactory.java:73)
	at org.apache.hadoop.io.serializer.SerializationFactory.<init>(SerializationFactory.java:63)
	at org.apache.hadoop.io.SequenceFile$Writer.init(SequenceFile.java:1278)
	at org.apache.hadoop.io.SequenceFile$Writer.<init>(SequenceFile.java:1192)
	at org.apache.hadoop.io.SequenceFile$BlockCompressWriter.<init>(SequenceFile.java:1552)
	at org.apache.hadoop.io.SequenceFile.createWriter(SequenceFile.java:289)
	at org.apache.nifi.processors.hadoop.SequenceFileWriterImpl$1.process(SequenceFileWriterImpl.java:96)
	at org.apache.nifi.util.MockProcessSession.write(MockProcessSession.java:979)
	at org.apache.nifi.util.MockProcessSession.write(MockProcessSession.java:67)
	at org.apache.nifi.processors.hadoop.SequenceFileWriterImpl.writeSequenceFile(SequenceFileWriterImpl.java:76)
	at org.apache.nifi.processors.hadoop.CreateHadoopSequenceFile.onTrigger(CreateHadoopSequenceFile.java:180)
	at org.apache.nifi.processor.AbstractProcessor.onTrigger(AbstractProcessor.java:27)
	at org.apache.nifi.util.StandardProcessorTestRunner$RunProcessor.call(StandardProcessorTestRunner.java:284)
	at org.apache.nifi.util.StandardProcessorTestRunner$RunProcessor.call(StandardProcessorTestRunner.java:278)
	at java.util.concurrent.FutureTask.run(FutureTask.java:266)
	at java.util.concurrent.ScheduledThreadPoolExecutor$ScheduledFutureTask.access$201(ScheduledThreadPoolExecutor.java:180)
	at java.util.concurrent.ScheduledThreadPoolExecutor$ScheduledFutureTask.run(ScheduledThreadPoolExecutor.java:293)
	at java.util.concurrent.ThreadPoolExecutor.runWorker(ThreadPoolExecutor.java:1149)
	at java.util.concurrent.ThreadPoolExecutor$Worker.run(ThreadPoolExecutor.java:624)
	at java.lang.Thread.run(Thread.java:750)
1936 [pool-11-thread-1] ERROR org.apache.nifi.processors.hadoop.TestCreateHadoopSequenceFile$TestableCreateHadoopSequenceFile - [TestableCreateHadoopSequenceFile[id=1fa322db-84eb-4caa-a88a-6dd5753972b3]] org.apache.hadoop.mapred.JobConf
java.lang.ClassNotFoundException: org.apache.hadoop.mapred.JobConf
	at java.net.URLClassLoader.findClass(URLClassLoader.java:387)
	at java.lang.ClassLoader.loadClass(ClassLoader.java:418)
	at sun.misc.Launcher$AppClassLoader.loadClass(Launcher.java:352)
	at java.lang.ClassLoader.loadClass(ClassLoader.java:351)
	at java.lang.Class.forName0(Native Method)
	at java.lang.Class.forName(Class.java:348)
	at org.apache.nifi.processors.hadoop.ExtendedConfiguration.getClassByNameOrNull(ExtendedConfiguration.java:70)
	at org.apache.hadoop.util.ReflectionUtils.setJobConf(ReflectionUtils.java:98)
	at org.apache.hadoop.util.ReflectionUtils.setConf(ReflectionUtils.java:81)
	at org.apache.hadoop.io.SequenceFile$Writer.init(SequenceFile.java:1303)
	at org.apache.hadoop.io.SequenceFile$Writer.<init>(SequenceFile.java:1192)
	at org.apache.hadoop.io.SequenceFile$BlockCompressWriter.<init>(SequenceFile.java:1552)
	at org.apache.hadoop.io.SequenceFile.createWriter(SequenceFile.java:289)
	at org.apache.nifi.processors.hadoop.SequenceFileWriterImpl$1.process(SequenceFileWriterImpl.java:96)
	at org.apache.nifi.util.MockProcessSession.write(MockProcessSession.java:979)
	at org.apache.nifi.util.MockProcessSession.write(MockProcessSession.java:67)
	at org.apache.nifi.processors.hadoop.SequenceFileWriterImpl.writeSequenceFile(SequenceFileWriterImpl.java:76)
	at org.apache.nifi.processors.hadoop.CreateHadoopSequenceFile.onTrigger(CreateHadoopSequenceFile.java:180)
	at org.apache.nifi.processor.AbstractProcessor.onTrigger(AbstractProcessor.java:27)
	at org.apache.nifi.util.StandardProcessorTestRunner$RunProcessor.call(StandardProcessorTestRunner.java:284)
	at org.apache.nifi.util.StandardProcessorTestRunner$RunProcessor.call(StandardProcessorTestRunner.java:278)
	at java.util.concurrent.FutureTask.run(FutureTask.java:266)
	at java.util.concurrent.ScheduledThreadPoolExecutor$ScheduledFutureTask.access$201(ScheduledThreadPoolExecutor.java:180)
	at java.util.concurrent.ScheduledThreadPoolExecutor$ScheduledFutureTask.run(ScheduledThreadPoolExecutor.java:293)
	at java.util.concurrent.ThreadPoolExecutor.runWorker(ThreadPoolExecutor.java:1149)
	at java.util.concurrent.ThreadPoolExecutor$Worker.run(ThreadPoolExecutor.java:624)
	at java.lang.Thread.run(Thread.java:750)
1939 [pool-11-thread-1] INFO org.apache.hadoop.io.compress.CodecPool - Got brand-new compressor [.deflate]
1962 [pool-11-thread-1] INFO org.apache.nifi.processors.hadoop.TestCreateHadoopSequenceFile$TestableCreateHadoopSequenceFile - TestableCreateHadoopSequenceFile[id=1fa322db-84eb-4caa-a88a-6dd5753972b3] Transferred flowfile FlowFile[0,90272805644749.mockFlowFile.sf,500383B] to success
]]></system-err>
  </testcase>
  <testcase name="testSequenceFileBzipCompressionCodec" classname="org.apache.nifi.processors.hadoop.TestCreateHadoopSequenceFile" time="0.262">
    <system-err><![CDATA[1972 [main] ERROR org.apache.nifi.processors.hadoop.TestCreateHadoopSequenceFile$TestableCreateHadoopSequenceFile - [TestableCreateHadoopSequenceFile[id=5d6f1a11-f5f7-439c-9fc1-bbaa2de723ef]] org.apache.hadoop.mapred.JobConf
java.lang.ClassNotFoundException: org.apache.hadoop.mapred.JobConf
	at java.net.URLClassLoader.findClass(URLClassLoader.java:387)
	at java.lang.ClassLoader.loadClass(ClassLoader.java:418)
	at sun.misc.Launcher$AppClassLoader.loadClass(Launcher.java:352)
	at java.lang.ClassLoader.loadClass(ClassLoader.java:351)
	at java.lang.Class.forName0(Native Method)
	at java.lang.Class.forName(Class.java:348)
	at org.apache.nifi.processors.hadoop.ExtendedConfiguration.getClassByNameOrNull(ExtendedConfiguration.java:70)
	at org.apache.hadoop.util.ReflectionUtils.setJobConf(ReflectionUtils.java:98)
	at org.apache.hadoop.util.ReflectionUtils.setConf(ReflectionUtils.java:81)
	at org.apache.hadoop.util.ReflectionUtils.newInstance(ReflectionUtils.java:139)
	at org.apache.hadoop.fs.FileSystem.createFileSystem(FileSystem.java:3412)
	at org.apache.hadoop.fs.FileSystem.get(FileSystem.java:521)
	at org.apache.hadoop.fs.FileSystem.get(FileSystem.java:272)
	at org.apache.nifi.processors.hadoop.AbstractHadoopProcessor$1.run(AbstractHadoopProcessor.java:546)
	at org.apache.nifi.processors.hadoop.AbstractHadoopProcessor$1.run(AbstractHadoopProcessor.java:543)
	at java.security.AccessController.doPrivileged(Native Method)
	at javax.security.auth.Subject.doAs(Subject.java:422)
	at org.apache.hadoop.security.UserGroupInformation.doAs(UserGroupInformation.java:1845)
	at org.apache.nifi.processors.hadoop.AbstractHadoopProcessor.getFileSystemAsUser(AbstractHadoopProcessor.java:543)
	at org.apache.nifi.processors.hadoop.AbstractHadoopProcessor.resetHDFSResources(AbstractHadoopProcessor.java:476)
	at org.apache.nifi.processors.hadoop.AbstractHadoopProcessor.abstractOnScheduled(AbstractHadoopProcessor.java:352)
	at sun.reflect.NativeMethodAccessorImpl.invoke0(Native Method)
	at sun.reflect.NativeMethodAccessorImpl.invoke(NativeMethodAccessorImpl.java:62)
	at sun.reflect.DelegatingMethodAccessorImpl.invoke(DelegatingMethodAccessorImpl.java:43)
	at java.lang.reflect.Method.invoke(Method.java:498)
	at org.apache.nifi.util.ReflectionUtils.invokeMethodsWithAnnotation(ReflectionUtils.java:68)
	at org.apache.nifi.util.StandardProcessorTestRunner.run(StandardProcessorTestRunner.java:203)
	at org.apache.nifi.util.StandardProcessorTestRunner.run(StandardProcessorTestRunner.java:185)
	at org.apache.nifi.util.StandardProcessorTestRunner.run(StandardProcessorTestRunner.java:180)
	at org.apache.nifi.util.StandardProcessorTestRunner.run(StandardProcessorTestRunner.java:175)
	at org.apache.nifi.util.StandardProcessorTestRunner.run(StandardProcessorTestRunner.java:170)
	at org.apache.nifi.processors.hadoop.TestCreateHadoopSequenceFile.testSequenceFileBzipCompressionCodec(TestCreateHadoopSequenceFile.java:217)
	at sun.reflect.NativeMethodAccessorImpl.invoke0(Native Method)
	at sun.reflect.NativeMethodAccessorImpl.invoke(NativeMethodAccessorImpl.java:62)
	at sun.reflect.DelegatingMethodAccessorImpl.invoke(DelegatingMethodAccessorImpl.java:43)
	at java.lang.reflect.Method.invoke(Method.java:498)
	at org.junit.runners.model.FrameworkMethod$1.runReflectiveCall(FrameworkMethod.java:59)
	at org.junit.internal.runners.model.ReflectiveCallable.run(ReflectiveCallable.java:12)
	at org.junit.runners.model.FrameworkMethod.invokeExplosively(FrameworkMethod.java:56)
	at org.junit.internal.runners.statements.InvokeMethod.evaluate(InvokeMethod.java:17)
	at org.junit.internal.runners.statements.RunBefores.evaluate(RunBefores.java:26)
	at org.junit.internal.runners.statements.RunAfters.evaluate(RunAfters.java:27)
	at org.junit.runners.ParentRunner$3.evaluate(ParentRunner.java:306)
	at org.junit.runners.BlockJUnit4ClassRunner$1.evaluate(BlockJUnit4ClassRunner.java:100)
	at org.junit.runners.ParentRunner.runLeaf(ParentRunner.java:366)
	at org.junit.runners.BlockJUnit4ClassRunner.runChild(BlockJUnit4ClassRunner.java:103)
	at org.junit.runners.BlockJUnit4ClassRunner.runChild(BlockJUnit4ClassRunner.java:63)
	at org.junit.runners.ParentRunner$4.run(ParentRunner.java:331)
	at org.junit.runners.ParentRunner$1.schedule(ParentRunner.java:79)
	at org.junit.runners.ParentRunner.runChildren(ParentRunner.java:329)
	at org.junit.runners.ParentRunner.access$100(ParentRunner.java:66)
	at org.junit.runners.ParentRunner$2.evaluate(ParentRunner.java:293)
	at org.junit.internal.runners.statements.RunBefores.evaluate(RunBefores.java:26)
	at org.junit.runners.ParentRunner$3.evaluate(ParentRunner.java:306)
	at org.junit.runners.ParentRunner.run(ParentRunner.java:413)
	at org.junit.runner.JUnitCore.run(JUnitCore.java:137)
	at org.junit.runner.JUnitCore.run(JUnitCore.java:115)
	at org.junit.vintage.engine.execution.RunnerExecutor.execute(RunnerExecutor.java:43)
	at java.util.stream.ForEachOps$ForEachOp$OfRef.accept(ForEachOps.java:183)
	at java.util.stream.ReferencePipeline$3$1.accept(ReferencePipeline.java:193)
	at java.util.Iterator.forEachRemaining(Iterator.java:116)
	at java.util.Spliterators$IteratorSpliterator.forEachRemaining(Spliterators.java:1801)
	at java.util.stream.AbstractPipeline.copyInto(AbstractPipeline.java:482)
	at java.util.stream.AbstractPipeline.wrapAndCopyInto(AbstractPipeline.java:472)
	at java.util.stream.ForEachOps$ForEachOp.evaluateSequential(ForEachOps.java:150)
	at java.util.stream.ForEachOps$ForEachOp$OfRef.evaluateSequential(ForEachOps.java:173)
	at java.util.stream.AbstractPipeline.evaluate(AbstractPipeline.java:234)
	at java.util.stream.ReferencePipeline.forEach(ReferencePipeline.java:485)
	at org.junit.vintage.engine.VintageTestEngine.executeAllChildren(VintageTestEngine.java:82)
	at org.junit.vintage.engine.VintageTestEngine.execute(VintageTestEngine.java:73)
	at org.junit.platform.launcher.core.EngineExecutionOrchestrator.execute(EngineExecutionOrchestrator.java:108)
	at org.junit.platform.launcher.core.EngineExecutionOrchestrator.execute(EngineExecutionOrchestrator.java:88)
	at org.junit.platform.launcher.core.EngineExecutionOrchestrator.lambda$execute$0(EngineExecutionOrchestrator.java:54)
	at org.junit.platform.launcher.core.EngineExecutionOrchestrator.withInterceptedStreams(EngineExecutionOrchestrator.java:67)
	at org.junit.platform.launcher.core.EngineExecutionOrchestrator.execute(EngineExecutionOrchestrator.java:52)
	at org.junit.platform.launcher.core.DefaultLauncher.execute(DefaultLauncher.java:96)
	at org.junit.platform.launcher.core.DefaultLauncher.execute(DefaultLauncher.java:75)
	at org.apache.maven.surefire.junitplatform.JUnitPlatformProvider.execute(JUnitPlatformProvider.java:188)
	at org.apache.maven.surefire.junitplatform.JUnitPlatformProvider.invokeAllTests(JUnitPlatformProvider.java:154)
	at org.apache.maven.surefire.junitplatform.JUnitPlatformProvider.invoke(JUnitPlatformProvider.java:128)
	at org.apache.maven.surefire.booter.ForkedBooter.runSuitesInProcess(ForkedBooter.java:428)
	at org.apache.maven.surefire.booter.ForkedBooter.execute(ForkedBooter.java:162)
	at org.apache.maven.surefire.booter.ForkedBooter.run(ForkedBooter.java:562)
	at org.apache.maven.surefire.booter.ForkedBooter.main(ForkedBooter.java:548)
1972 [main] INFO org.apache.nifi.processors.hadoop.TestCreateHadoopSequenceFile$TestableCreateHadoopSequenceFile - TestableCreateHadoopSequenceFile[id=5d6f1a11-f5f7-439c-9fc1-bbaa2de723ef] Initialized a new HDFS File System with working dir: file:/home/alex/Repositories/nifi/nifi-nar-bundles/nifi-hadoop-bundle/nifi-hdfs-processors default block size: 33554432 default replication: 1 config: Configuration: core-default.xml, core-site.xml, hdfs-default.xml, hdfs-rbf-default.xml, hdfs-site.xml, hdfs-rbf-site.xml
1973 [pool-12-thread-1] ERROR org.apache.nifi.processors.hadoop.TestCreateHadoopSequenceFile$TestableCreateHadoopSequenceFile - [TestableCreateHadoopSequenceFile[id=5d6f1a11-f5f7-439c-9fc1-bbaa2de723ef]] org.apache.hadoop.mapred.JobConf
java.lang.ClassNotFoundException: org.apache.hadoop.mapred.JobConf
	at java.net.URLClassLoader.findClass(URLClassLoader.java:387)
	at java.lang.ClassLoader.loadClass(ClassLoader.java:418)
	at sun.misc.Launcher$AppClassLoader.loadClass(Launcher.java:352)
	at java.lang.ClassLoader.loadClass(ClassLoader.java:351)
	at java.lang.Class.forName0(Native Method)
	at java.lang.Class.forName(Class.java:348)
	at org.apache.nifi.processors.hadoop.ExtendedConfiguration.getClassByNameOrNull(ExtendedConfiguration.java:70)
	at org.apache.hadoop.util.ReflectionUtils.setJobConf(ReflectionUtils.java:98)
	at org.apache.hadoop.util.ReflectionUtils.setConf(ReflectionUtils.java:81)
	at org.apache.hadoop.util.ReflectionUtils.newInstance(ReflectionUtils.java:139)
	at org.apache.hadoop.io.compress.CompressionCodecFactory.<init>(CompressionCodecFactory.java:186)
	at org.apache.nifi.processors.hadoop.AbstractHadoopProcessor.getCompressionCodec(AbstractHadoopProcessor.java:588)
	at org.apache.nifi.processors.hadoop.CreateHadoopSequenceFile.onTrigger(CreateHadoopSequenceFile.java:169)
	at org.apache.nifi.processor.AbstractProcessor.onTrigger(AbstractProcessor.java:27)
	at org.apache.nifi.util.StandardProcessorTestRunner$RunProcessor.call(StandardProcessorTestRunner.java:284)
	at org.apache.nifi.util.StandardProcessorTestRunner$RunProcessor.call(StandardProcessorTestRunner.java:278)
	at java.util.concurrent.FutureTask.run(FutureTask.java:266)
	at java.util.concurrent.ScheduledThreadPoolExecutor$ScheduledFutureTask.access$201(ScheduledThreadPoolExecutor.java:180)
	at java.util.concurrent.ScheduledThreadPoolExecutor$ScheduledFutureTask.run(ScheduledThreadPoolExecutor.java:293)
	at java.util.concurrent.ThreadPoolExecutor.runWorker(ThreadPoolExecutor.java:1149)
	at java.util.concurrent.ThreadPoolExecutor$Worker.run(ThreadPoolExecutor.java:624)
	at java.lang.Thread.run(Thread.java:750)
1973 [pool-12-thread-1] ERROR org.apache.nifi.processors.hadoop.TestCreateHadoopSequenceFile$TestableCreateHadoopSequenceFile - [TestableCreateHadoopSequenceFile[id=5d6f1a11-f5f7-439c-9fc1-bbaa2de723ef]] org.apache.hadoop.mapred.JobConf
java.lang.ClassNotFoundException: org.apache.hadoop.mapred.JobConf
	at java.net.URLClassLoader.findClass(URLClassLoader.java:387)
	at java.lang.ClassLoader.loadClass(ClassLoader.java:418)
	at sun.misc.Launcher$AppClassLoader.loadClass(Launcher.java:352)
	at java.lang.ClassLoader.loadClass(ClassLoader.java:351)
	at java.lang.Class.forName0(Native Method)
	at java.lang.Class.forName(Class.java:348)
	at org.apache.nifi.processors.hadoop.ExtendedConfiguration.getClassByNameOrNull(ExtendedConfiguration.java:70)
	at org.apache.hadoop.util.ReflectionUtils.setJobConf(ReflectionUtils.java:98)
	at org.apache.hadoop.util.ReflectionUtils.setConf(ReflectionUtils.java:81)
	at org.apache.hadoop.util.ReflectionUtils.newInstance(ReflectionUtils.java:139)
	at org.apache.hadoop.io.compress.CompressionCodecFactory.<init>(CompressionCodecFactory.java:186)
	at org.apache.nifi.processors.hadoop.AbstractHadoopProcessor.getCompressionCodec(AbstractHadoopProcessor.java:588)
	at org.apache.nifi.processors.hadoop.CreateHadoopSequenceFile.onTrigger(CreateHadoopSequenceFile.java:169)
	at org.apache.nifi.processor.AbstractProcessor.onTrigger(AbstractProcessor.java:27)
	at org.apache.nifi.util.StandardProcessorTestRunner$RunProcessor.call(StandardProcessorTestRunner.java:284)
	at org.apache.nifi.util.StandardProcessorTestRunner$RunProcessor.call(StandardProcessorTestRunner.java:278)
	at java.util.concurrent.FutureTask.run(FutureTask.java:266)
	at java.util.concurrent.ScheduledThreadPoolExecutor$ScheduledFutureTask.access$201(ScheduledThreadPoolExecutor.java:180)
	at java.util.concurrent.ScheduledThreadPoolExecutor$ScheduledFutureTask.run(ScheduledThreadPoolExecutor.java:293)
	at java.util.concurrent.ThreadPoolExecutor.runWorker(ThreadPoolExecutor.java:1149)
	at java.util.concurrent.ThreadPoolExecutor$Worker.run(ThreadPoolExecutor.java:624)
	at java.lang.Thread.run(Thread.java:750)
1974 [pool-12-thread-1] ERROR org.apache.nifi.processors.hadoop.TestCreateHadoopSequenceFile$TestableCreateHadoopSequenceFile - [TestableCreateHadoopSequenceFile[id=5d6f1a11-f5f7-439c-9fc1-bbaa2de723ef]] org.apache.hadoop.mapred.JobConf
java.lang.ClassNotFoundException: org.apache.hadoop.mapred.JobConf
	at java.net.URLClassLoader.findClass(URLClassLoader.java:387)
	at java.lang.ClassLoader.loadClass(ClassLoader.java:418)
	at sun.misc.Launcher$AppClassLoader.loadClass(Launcher.java:352)
	at java.lang.ClassLoader.loadClass(ClassLoader.java:351)
	at java.lang.Class.forName0(Native Method)
	at java.lang.Class.forName(Class.java:348)
	at org.apache.nifi.processors.hadoop.ExtendedConfiguration.getClassByNameOrNull(ExtendedConfiguration.java:70)
	at org.apache.hadoop.util.ReflectionUtils.setJobConf(ReflectionUtils.java:98)
	at org.apache.hadoop.util.ReflectionUtils.setConf(ReflectionUtils.java:81)
	at org.apache.hadoop.util.ReflectionUtils.newInstance(ReflectionUtils.java:139)
	at org.apache.hadoop.io.compress.CompressionCodecFactory.<init>(CompressionCodecFactory.java:186)
	at org.apache.nifi.processors.hadoop.AbstractHadoopProcessor.getCompressionCodec(AbstractHadoopProcessor.java:588)
	at org.apache.nifi.processors.hadoop.CreateHadoopSequenceFile.onTrigger(CreateHadoopSequenceFile.java:169)
	at org.apache.nifi.processor.AbstractProcessor.onTrigger(AbstractProcessor.java:27)
	at org.apache.nifi.util.StandardProcessorTestRunner$RunProcessor.call(StandardProcessorTestRunner.java:284)
	at org.apache.nifi.util.StandardProcessorTestRunner$RunProcessor.call(StandardProcessorTestRunner.java:278)
	at java.util.concurrent.FutureTask.run(FutureTask.java:266)
	at java.util.concurrent.ScheduledThreadPoolExecutor$ScheduledFutureTask.access$201(ScheduledThreadPoolExecutor.java:180)
	at java.util.concurrent.ScheduledThreadPoolExecutor$ScheduledFutureTask.run(ScheduledThreadPoolExecutor.java:293)
	at java.util.concurrent.ThreadPoolExecutor.runWorker(ThreadPoolExecutor.java:1149)
	at java.util.concurrent.ThreadPoolExecutor$Worker.run(ThreadPoolExecutor.java:624)
	at java.lang.Thread.run(Thread.java:750)
1974 [pool-12-thread-1] ERROR org.apache.nifi.processors.hadoop.TestCreateHadoopSequenceFile$TestableCreateHadoopSequenceFile - [TestableCreateHadoopSequenceFile[id=5d6f1a11-f5f7-439c-9fc1-bbaa2de723ef]] org.apache.hadoop.mapred.JobConf
java.lang.ClassNotFoundException: org.apache.hadoop.mapred.JobConf
	at java.net.URLClassLoader.findClass(URLClassLoader.java:387)
	at java.lang.ClassLoader.loadClass(ClassLoader.java:418)
	at sun.misc.Launcher$AppClassLoader.loadClass(Launcher.java:352)
	at java.lang.ClassLoader.loadClass(ClassLoader.java:351)
	at java.lang.Class.forName0(Native Method)
	at java.lang.Class.forName(Class.java:348)
	at org.apache.nifi.processors.hadoop.ExtendedConfiguration.getClassByNameOrNull(ExtendedConfiguration.java:70)
	at org.apache.hadoop.util.ReflectionUtils.setJobConf(ReflectionUtils.java:98)
	at org.apache.hadoop.util.ReflectionUtils.setConf(ReflectionUtils.java:81)
	at org.apache.hadoop.util.ReflectionUtils.newInstance(ReflectionUtils.java:139)
	at org.apache.hadoop.io.compress.CompressionCodecFactory.<init>(CompressionCodecFactory.java:186)
	at org.apache.nifi.processors.hadoop.AbstractHadoopProcessor.getCompressionCodec(AbstractHadoopProcessor.java:588)
	at org.apache.nifi.processors.hadoop.CreateHadoopSequenceFile.onTrigger(CreateHadoopSequenceFile.java:169)
	at org.apache.nifi.processor.AbstractProcessor.onTrigger(AbstractProcessor.java:27)
	at org.apache.nifi.util.StandardProcessorTestRunner$RunProcessor.call(StandardProcessorTestRunner.java:284)
	at org.apache.nifi.util.StandardProcessorTestRunner$RunProcessor.call(StandardProcessorTestRunner.java:278)
	at java.util.concurrent.FutureTask.run(FutureTask.java:266)
	at java.util.concurrent.ScheduledThreadPoolExecutor$ScheduledFutureTask.access$201(ScheduledThreadPoolExecutor.java:180)
	at java.util.concurrent.ScheduledThreadPoolExecutor$ScheduledFutureTask.run(ScheduledThreadPoolExecutor.java:293)
	at java.util.concurrent.ThreadPoolExecutor.runWorker(ThreadPoolExecutor.java:1149)
	at java.util.concurrent.ThreadPoolExecutor$Worker.run(ThreadPoolExecutor.java:624)
	at java.lang.Thread.run(Thread.java:750)
1975 [pool-12-thread-1] ERROR org.apache.nifi.processors.hadoop.TestCreateHadoopSequenceFile$TestableCreateHadoopSequenceFile - [TestableCreateHadoopSequenceFile[id=5d6f1a11-f5f7-439c-9fc1-bbaa2de723ef]] org.apache.hadoop.mapred.JobConf
java.lang.ClassNotFoundException: org.apache.hadoop.mapred.JobConf
	at java.net.URLClassLoader.findClass(URLClassLoader.java:387)
	at java.lang.ClassLoader.loadClass(ClassLoader.java:418)
	at sun.misc.Launcher$AppClassLoader.loadClass(Launcher.java:352)
	at java.lang.ClassLoader.loadClass(ClassLoader.java:351)
	at java.lang.Class.forName0(Native Method)
	at java.lang.Class.forName(Class.java:348)
	at org.apache.nifi.processors.hadoop.ExtendedConfiguration.getClassByNameOrNull(ExtendedConfiguration.java:70)
	at org.apache.hadoop.util.ReflectionUtils.setJobConf(ReflectionUtils.java:98)
	at org.apache.hadoop.util.ReflectionUtils.setConf(ReflectionUtils.java:81)
	at org.apache.hadoop.util.ReflectionUtils.newInstance(ReflectionUtils.java:139)
	at org.apache.hadoop.io.compress.CompressionCodecFactory.<init>(CompressionCodecFactory.java:186)
	at org.apache.nifi.processors.hadoop.AbstractHadoopProcessor.getCompressionCodec(AbstractHadoopProcessor.java:588)
	at org.apache.nifi.processors.hadoop.CreateHadoopSequenceFile.onTrigger(CreateHadoopSequenceFile.java:169)
	at org.apache.nifi.processor.AbstractProcessor.onTrigger(AbstractProcessor.java:27)
	at org.apache.nifi.util.StandardProcessorTestRunner$RunProcessor.call(StandardProcessorTestRunner.java:284)
	at org.apache.nifi.util.StandardProcessorTestRunner$RunProcessor.call(StandardProcessorTestRunner.java:278)
	at java.util.concurrent.FutureTask.run(FutureTask.java:266)
	at java.util.concurrent.ScheduledThreadPoolExecutor$ScheduledFutureTask.access$201(ScheduledThreadPoolExecutor.java:180)
	at java.util.concurrent.ScheduledThreadPoolExecutor$ScheduledFutureTask.run(ScheduledThreadPoolExecutor.java:293)
	at java.util.concurrent.ThreadPoolExecutor.runWorker(ThreadPoolExecutor.java:1149)
	at java.util.concurrent.ThreadPoolExecutor$Worker.run(ThreadPoolExecutor.java:624)
	at java.lang.Thread.run(Thread.java:750)
1975 [pool-12-thread-1] ERROR org.apache.nifi.processors.hadoop.TestCreateHadoopSequenceFile$TestableCreateHadoopSequenceFile - [TestableCreateHadoopSequenceFile[id=5d6f1a11-f5f7-439c-9fc1-bbaa2de723ef]] org.apache.hadoop.mapred.JobConf
java.lang.ClassNotFoundException: org.apache.hadoop.mapred.JobConf
	at java.net.URLClassLoader.findClass(URLClassLoader.java:387)
	at java.lang.ClassLoader.loadClass(ClassLoader.java:418)
	at sun.misc.Launcher$AppClassLoader.loadClass(Launcher.java:352)
	at java.lang.ClassLoader.loadClass(ClassLoader.java:351)
	at java.lang.Class.forName0(Native Method)
	at java.lang.Class.forName(Class.java:348)
	at org.apache.nifi.processors.hadoop.ExtendedConfiguration.getClassByNameOrNull(ExtendedConfiguration.java:70)
	at org.apache.hadoop.util.ReflectionUtils.setJobConf(ReflectionUtils.java:98)
	at org.apache.hadoop.util.ReflectionUtils.setConf(ReflectionUtils.java:81)
	at org.apache.hadoop.util.ReflectionUtils.newInstance(ReflectionUtils.java:139)
	at org.apache.hadoop.io.compress.CompressionCodecFactory.<init>(CompressionCodecFactory.java:186)
	at org.apache.nifi.processors.hadoop.AbstractHadoopProcessor.getCompressionCodec(AbstractHadoopProcessor.java:588)
	at org.apache.nifi.processors.hadoop.CreateHadoopSequenceFile.onTrigger(CreateHadoopSequenceFile.java:169)
	at org.apache.nifi.processor.AbstractProcessor.onTrigger(AbstractProcessor.java:27)
	at org.apache.nifi.util.StandardProcessorTestRunner$RunProcessor.call(StandardProcessorTestRunner.java:284)
	at org.apache.nifi.util.StandardProcessorTestRunner$RunProcessor.call(StandardProcessorTestRunner.java:278)
	at java.util.concurrent.FutureTask.run(FutureTask.java:266)
	at java.util.concurrent.ScheduledThreadPoolExecutor$ScheduledFutureTask.access$201(ScheduledThreadPoolExecutor.java:180)
	at java.util.concurrent.ScheduledThreadPoolExecutor$ScheduledFutureTask.run(ScheduledThreadPoolExecutor.java:293)
	at java.util.concurrent.ThreadPoolExecutor.runWorker(ThreadPoolExecutor.java:1149)
	at java.util.concurrent.ThreadPoolExecutor$Worker.run(ThreadPoolExecutor.java:624)
	at java.lang.Thread.run(Thread.java:750)
1976 [pool-12-thread-1] ERROR org.apache.nifi.processors.hadoop.TestCreateHadoopSequenceFile$TestableCreateHadoopSequenceFile - [TestableCreateHadoopSequenceFile[id=5d6f1a11-f5f7-439c-9fc1-bbaa2de723ef]] org.apache.hadoop.mapred.JobConf
java.lang.ClassNotFoundException: org.apache.hadoop.mapred.JobConf
	at java.net.URLClassLoader.findClass(URLClassLoader.java:387)
	at java.lang.ClassLoader.loadClass(ClassLoader.java:418)
	at sun.misc.Launcher$AppClassLoader.loadClass(Launcher.java:352)
	at java.lang.ClassLoader.loadClass(ClassLoader.java:351)
	at java.lang.Class.forName0(Native Method)
	at java.lang.Class.forName(Class.java:348)
	at org.apache.nifi.processors.hadoop.ExtendedConfiguration.getClassByNameOrNull(ExtendedConfiguration.java:70)
	at org.apache.hadoop.util.ReflectionUtils.setJobConf(ReflectionUtils.java:98)
	at org.apache.hadoop.util.ReflectionUtils.setConf(ReflectionUtils.java:81)
	at org.apache.hadoop.util.ReflectionUtils.newInstance(ReflectionUtils.java:139)
	at org.apache.hadoop.io.compress.CompressionCodecFactory.<init>(CompressionCodecFactory.java:186)
	at org.apache.nifi.processors.hadoop.AbstractHadoopProcessor.getCompressionCodec(AbstractHadoopProcessor.java:588)
	at org.apache.nifi.processors.hadoop.CreateHadoopSequenceFile.onTrigger(CreateHadoopSequenceFile.java:169)
	at org.apache.nifi.processor.AbstractProcessor.onTrigger(AbstractProcessor.java:27)
	at org.apache.nifi.util.StandardProcessorTestRunner$RunProcessor.call(StandardProcessorTestRunner.java:284)
	at org.apache.nifi.util.StandardProcessorTestRunner$RunProcessor.call(StandardProcessorTestRunner.java:278)
	at java.util.concurrent.FutureTask.run(FutureTask.java:266)
	at java.util.concurrent.ScheduledThreadPoolExecutor$ScheduledFutureTask.access$201(ScheduledThreadPoolExecutor.java:180)
	at java.util.concurrent.ScheduledThreadPoolExecutor$ScheduledFutureTask.run(ScheduledThreadPoolExecutor.java:293)
	at java.util.concurrent.ThreadPoolExecutor.runWorker(ThreadPoolExecutor.java:1149)
	at java.util.concurrent.ThreadPoolExecutor$Worker.run(ThreadPoolExecutor.java:624)
	at java.lang.Thread.run(Thread.java:750)
1977 [pool-12-thread-1] ERROR org.apache.nifi.processors.hadoop.TestCreateHadoopSequenceFile$TestableCreateHadoopSequenceFile - [TestableCreateHadoopSequenceFile[id=5d6f1a11-f5f7-439c-9fc1-bbaa2de723ef]] org.apache.hadoop.mapred.JobConf
java.lang.ClassNotFoundException: org.apache.hadoop.mapred.JobConf
	at java.net.URLClassLoader.findClass(URLClassLoader.java:387)
	at java.lang.ClassLoader.loadClass(ClassLoader.java:418)
	at sun.misc.Launcher$AppClassLoader.loadClass(Launcher.java:352)
	at java.lang.ClassLoader.loadClass(ClassLoader.java:351)
	at java.lang.Class.forName0(Native Method)
	at java.lang.Class.forName(Class.java:348)
	at org.apache.nifi.processors.hadoop.ExtendedConfiguration.getClassByNameOrNull(ExtendedConfiguration.java:70)
	at org.apache.hadoop.util.ReflectionUtils.setJobConf(ReflectionUtils.java:98)
	at org.apache.hadoop.util.ReflectionUtils.setConf(ReflectionUtils.java:81)
	at org.apache.hadoop.util.ReflectionUtils.newInstance(ReflectionUtils.java:139)
	at org.apache.hadoop.io.serializer.SerializationFactory.add(SerializationFactory.java:73)
	at org.apache.hadoop.io.serializer.SerializationFactory.<init>(SerializationFactory.java:63)
	at org.apache.hadoop.io.SequenceFile$Writer.init(SequenceFile.java:1278)
	at org.apache.hadoop.io.SequenceFile$Writer.<init>(SequenceFile.java:1192)
	at org.apache.hadoop.io.SequenceFile$BlockCompressWriter.<init>(SequenceFile.java:1552)
	at org.apache.hadoop.io.SequenceFile.createWriter(SequenceFile.java:289)
	at org.apache.nifi.processors.hadoop.SequenceFileWriterImpl$1.process(SequenceFileWriterImpl.java:96)
	at org.apache.nifi.util.MockProcessSession.write(MockProcessSession.java:979)
	at org.apache.nifi.util.MockProcessSession.write(MockProcessSession.java:67)
	at org.apache.nifi.processors.hadoop.SequenceFileWriterImpl.writeSequenceFile(SequenceFileWriterImpl.java:76)
	at org.apache.nifi.processors.hadoop.CreateHadoopSequenceFile.onTrigger(CreateHadoopSequenceFile.java:180)
	at org.apache.nifi.processor.AbstractProcessor.onTrigger(AbstractProcessor.java:27)
	at org.apache.nifi.util.StandardProcessorTestRunner$RunProcessor.call(StandardProcessorTestRunner.java:284)
	at org.apache.nifi.util.StandardProcessorTestRunner$RunProcessor.call(StandardProcessorTestRunner.java:278)
	at java.util.concurrent.FutureTask.run(FutureTask.java:266)
	at java.util.concurrent.ScheduledThreadPoolExecutor$ScheduledFutureTask.access$201(ScheduledThreadPoolExecutor.java:180)
	at java.util.concurrent.ScheduledThreadPoolExecutor$ScheduledFutureTask.run(ScheduledThreadPoolExecutor.java:293)
	at java.util.concurrent.ThreadPoolExecutor.runWorker(ThreadPoolExecutor.java:1149)
	at java.util.concurrent.ThreadPoolExecutor$Worker.run(ThreadPoolExecutor.java:624)
	at java.lang.Thread.run(Thread.java:750)
1977 [pool-12-thread-1] ERROR org.apache.nifi.processors.hadoop.TestCreateHadoopSequenceFile$TestableCreateHadoopSequenceFile - [TestableCreateHadoopSequenceFile[id=5d6f1a11-f5f7-439c-9fc1-bbaa2de723ef]] org.apache.hadoop.mapred.JobConf
java.lang.ClassNotFoundException: org.apache.hadoop.mapred.JobConf
	at java.net.URLClassLoader.findClass(URLClassLoader.java:387)
	at java.lang.ClassLoader.loadClass(ClassLoader.java:418)
	at sun.misc.Launcher$AppClassLoader.loadClass(Launcher.java:352)
	at java.lang.ClassLoader.loadClass(ClassLoader.java:351)
	at java.lang.Class.forName0(Native Method)
	at java.lang.Class.forName(Class.java:348)
	at org.apache.nifi.processors.hadoop.ExtendedConfiguration.getClassByNameOrNull(ExtendedConfiguration.java:70)
	at org.apache.hadoop.util.ReflectionUtils.setJobConf(ReflectionUtils.java:98)
	at org.apache.hadoop.util.ReflectionUtils.setConf(ReflectionUtils.java:81)
	at org.apache.hadoop.util.ReflectionUtils.newInstance(ReflectionUtils.java:139)
	at org.apache.hadoop.io.serializer.SerializationFactory.add(SerializationFactory.java:73)
	at org.apache.hadoop.io.serializer.SerializationFactory.<init>(SerializationFactory.java:63)
	at org.apache.hadoop.io.SequenceFile$Writer.init(SequenceFile.java:1278)
	at org.apache.hadoop.io.SequenceFile$Writer.<init>(SequenceFile.java:1192)
	at org.apache.hadoop.io.SequenceFile$BlockCompressWriter.<init>(SequenceFile.java:1552)
	at org.apache.hadoop.io.SequenceFile.createWriter(SequenceFile.java:289)
	at org.apache.nifi.processors.hadoop.SequenceFileWriterImpl$1.process(SequenceFileWriterImpl.java:96)
	at org.apache.nifi.util.MockProcessSession.write(MockProcessSession.java:979)
	at org.apache.nifi.util.MockProcessSession.write(MockProcessSession.java:67)
	at org.apache.nifi.processors.hadoop.SequenceFileWriterImpl.writeSequenceFile(SequenceFileWriterImpl.java:76)
	at org.apache.nifi.processors.hadoop.CreateHadoopSequenceFile.onTrigger(CreateHadoopSequenceFile.java:180)
	at org.apache.nifi.processor.AbstractProcessor.onTrigger(AbstractProcessor.java:27)
	at org.apache.nifi.util.StandardProcessorTestRunner$RunProcessor.call(StandardProcessorTestRunner.java:284)
	at org.apache.nifi.util.StandardProcessorTestRunner$RunProcessor.call(StandardProcessorTestRunner.java:278)
	at java.util.concurrent.FutureTask.run(FutureTask.java:266)
	at java.util.concurrent.ScheduledThreadPoolExecutor$ScheduledFutureTask.access$201(ScheduledThreadPoolExecutor.java:180)
	at java.util.concurrent.ScheduledThreadPoolExecutor$ScheduledFutureTask.run(ScheduledThreadPoolExecutor.java:293)
	at java.util.concurrent.ThreadPoolExecutor.runWorker(ThreadPoolExecutor.java:1149)
	at java.util.concurrent.ThreadPoolExecutor$Worker.run(ThreadPoolExecutor.java:624)
	at java.lang.Thread.run(Thread.java:750)
1977 [pool-12-thread-1] ERROR org.apache.nifi.processors.hadoop.TestCreateHadoopSequenceFile$TestableCreateHadoopSequenceFile - [TestableCreateHadoopSequenceFile[id=5d6f1a11-f5f7-439c-9fc1-bbaa2de723ef]] org.apache.hadoop.mapred.JobConf
java.lang.ClassNotFoundException: org.apache.hadoop.mapred.JobConf
	at java.net.URLClassLoader.findClass(URLClassLoader.java:387)
	at java.lang.ClassLoader.loadClass(ClassLoader.java:418)
	at sun.misc.Launcher$AppClassLoader.loadClass(Launcher.java:352)
	at java.lang.ClassLoader.loadClass(ClassLoader.java:351)
	at java.lang.Class.forName0(Native Method)
	at java.lang.Class.forName(Class.java:348)
	at org.apache.nifi.processors.hadoop.ExtendedConfiguration.getClassByNameOrNull(ExtendedConfiguration.java:70)
	at org.apache.hadoop.util.ReflectionUtils.setJobConf(ReflectionUtils.java:98)
	at org.apache.hadoop.util.ReflectionUtils.setConf(ReflectionUtils.java:81)
	at org.apache.hadoop.util.ReflectionUtils.newInstance(ReflectionUtils.java:139)
	at org.apache.hadoop.io.serializer.SerializationFactory.add(SerializationFactory.java:73)
	at org.apache.hadoop.io.serializer.SerializationFactory.<init>(SerializationFactory.java:63)
	at org.apache.hadoop.io.SequenceFile$Writer.init(SequenceFile.java:1278)
	at org.apache.hadoop.io.SequenceFile$Writer.<init>(SequenceFile.java:1192)
	at org.apache.hadoop.io.SequenceFile$BlockCompressWriter.<init>(SequenceFile.java:1552)
	at org.apache.hadoop.io.SequenceFile.createWriter(SequenceFile.java:289)
	at org.apache.nifi.processors.hadoop.SequenceFileWriterImpl$1.process(SequenceFileWriterImpl.java:96)
	at org.apache.nifi.util.MockProcessSession.write(MockProcessSession.java:979)
	at org.apache.nifi.util.MockProcessSession.write(MockProcessSession.java:67)
	at org.apache.nifi.processors.hadoop.SequenceFileWriterImpl.writeSequenceFile(SequenceFileWriterImpl.java:76)
	at org.apache.nifi.processors.hadoop.CreateHadoopSequenceFile.onTrigger(CreateHadoopSequenceFile.java:180)
	at org.apache.nifi.processor.AbstractProcessor.onTrigger(AbstractProcessor.java:27)
	at org.apache.nifi.util.StandardProcessorTestRunner$RunProcessor.call(StandardProcessorTestRunner.java:284)
	at org.apache.nifi.util.StandardProcessorTestRunner$RunProcessor.call(StandardProcessorTestRunner.java:278)
	at java.util.concurrent.FutureTask.run(FutureTask.java:266)
	at java.util.concurrent.ScheduledThreadPoolExecutor$ScheduledFutureTask.access$201(ScheduledThreadPoolExecutor.java:180)
	at java.util.concurrent.ScheduledThreadPoolExecutor$ScheduledFutureTask.run(ScheduledThreadPoolExecutor.java:293)
	at java.util.concurrent.ThreadPoolExecutor.runWorker(ThreadPoolExecutor.java:1149)
	at java.util.concurrent.ThreadPoolExecutor$Worker.run(ThreadPoolExecutor.java:624)
	at java.lang.Thread.run(Thread.java:750)
1978 [pool-12-thread-1] ERROR org.apache.nifi.processors.hadoop.TestCreateHadoopSequenceFile$TestableCreateHadoopSequenceFile - [TestableCreateHadoopSequenceFile[id=5d6f1a11-f5f7-439c-9fc1-bbaa2de723ef]] org.apache.hadoop.mapred.JobConf
java.lang.ClassNotFoundException: org.apache.hadoop.mapred.JobConf
	at java.net.URLClassLoader.findClass(URLClassLoader.java:387)
	at java.lang.ClassLoader.loadClass(ClassLoader.java:418)
	at sun.misc.Launcher$AppClassLoader.loadClass(Launcher.java:352)
	at java.lang.ClassLoader.loadClass(ClassLoader.java:351)
	at java.lang.Class.forName0(Native Method)
	at java.lang.Class.forName(Class.java:348)
	at org.apache.nifi.processors.hadoop.ExtendedConfiguration.getClassByNameOrNull(ExtendedConfiguration.java:70)
	at org.apache.hadoop.util.ReflectionUtils.setJobConf(ReflectionUtils.java:98)
	at org.apache.hadoop.util.ReflectionUtils.setConf(ReflectionUtils.java:81)
	at org.apache.hadoop.io.SequenceFile$Writer.init(SequenceFile.java:1303)
	at org.apache.hadoop.io.SequenceFile$Writer.<init>(SequenceFile.java:1192)
	at org.apache.hadoop.io.SequenceFile$BlockCompressWriter.<init>(SequenceFile.java:1552)
	at org.apache.hadoop.io.SequenceFile.createWriter(SequenceFile.java:289)
	at org.apache.nifi.processors.hadoop.SequenceFileWriterImpl$1.process(SequenceFileWriterImpl.java:96)
	at org.apache.nifi.util.MockProcessSession.write(MockProcessSession.java:979)
	at org.apache.nifi.util.MockProcessSession.write(MockProcessSession.java:67)
	at org.apache.nifi.processors.hadoop.SequenceFileWriterImpl.writeSequenceFile(SequenceFileWriterImpl.java:76)
	at org.apache.nifi.processors.hadoop.CreateHadoopSequenceFile.onTrigger(CreateHadoopSequenceFile.java:180)
	at org.apache.nifi.processor.AbstractProcessor.onTrigger(AbstractProcessor.java:27)
	at org.apache.nifi.util.StandardProcessorTestRunner$RunProcessor.call(StandardProcessorTestRunner.java:284)
	at org.apache.nifi.util.StandardProcessorTestRunner$RunProcessor.call(StandardProcessorTestRunner.java:278)
	at java.util.concurrent.FutureTask.run(FutureTask.java:266)
	at java.util.concurrent.ScheduledThreadPoolExecutor$ScheduledFutureTask.access$201(ScheduledThreadPoolExecutor.java:180)
	at java.util.concurrent.ScheduledThreadPoolExecutor$ScheduledFutureTask.run(ScheduledThreadPoolExecutor.java:293)
	at java.util.concurrent.ThreadPoolExecutor.runWorker(ThreadPoolExecutor.java:1149)
	at java.util.concurrent.ThreadPoolExecutor$Worker.run(ThreadPoolExecutor.java:624)
	at java.lang.Thread.run(Thread.java:750)
1979 [pool-12-thread-1] INFO org.apache.hadoop.io.compress.CodecPool - Got brand-new compressor [.bz2]
2224 [pool-12-thread-1] INFO org.apache.nifi.processors.hadoop.TestCreateHadoopSequenceFile$TestableCreateHadoopSequenceFile - TestableCreateHadoopSequenceFile[id=5d6f1a11-f5f7-439c-9fc1-bbaa2de723ef] Transferred flowfile FlowFile[0,90272852069959.mockFlowFile.sf,503000B] to success
]]></system-err>
  </testcase>
  <testcase name="validateAllowableValuesForCompressionType" classname="org.apache.nifi.processors.hadoop.TestCreateHadoopSequenceFile" time="0.001"/>
  <testcase name="testMergedZipData" classname="org.apache.nifi.processors.hadoop.TestCreateHadoopSequenceFile" time="0.02">
    <system-err><![CDATA[2233 [main] ERROR org.apache.nifi.processors.hadoop.TestCreateHadoopSequenceFile$TestableCreateHadoopSequenceFile - [TestableCreateHadoopSequenceFile[id=fb590e15-100f-4ea9-be7c-df5770d1c517]] org.apache.hadoop.mapred.JobConf
java.lang.ClassNotFoundException: org.apache.hadoop.mapred.JobConf
	at java.net.URLClassLoader.findClass(URLClassLoader.java:387)
	at java.lang.ClassLoader.loadClass(ClassLoader.java:418)
	at sun.misc.Launcher$AppClassLoader.loadClass(Launcher.java:352)
	at java.lang.ClassLoader.loadClass(ClassLoader.java:351)
	at java.lang.Class.forName0(Native Method)
	at java.lang.Class.forName(Class.java:348)
	at org.apache.nifi.processors.hadoop.ExtendedConfiguration.getClassByNameOrNull(ExtendedConfiguration.java:70)
	at org.apache.hadoop.util.ReflectionUtils.setJobConf(ReflectionUtils.java:98)
	at org.apache.hadoop.util.ReflectionUtils.setConf(ReflectionUtils.java:81)
	at org.apache.hadoop.util.ReflectionUtils.newInstance(ReflectionUtils.java:139)
	at org.apache.hadoop.fs.FileSystem.createFileSystem(FileSystem.java:3412)
	at org.apache.hadoop.fs.FileSystem.get(FileSystem.java:521)
	at org.apache.hadoop.fs.FileSystem.get(FileSystem.java:272)
	at org.apache.nifi.processors.hadoop.AbstractHadoopProcessor$1.run(AbstractHadoopProcessor.java:546)
	at org.apache.nifi.processors.hadoop.AbstractHadoopProcessor$1.run(AbstractHadoopProcessor.java:543)
	at java.security.AccessController.doPrivileged(Native Method)
	at javax.security.auth.Subject.doAs(Subject.java:422)
	at org.apache.hadoop.security.UserGroupInformation.doAs(UserGroupInformation.java:1845)
	at org.apache.nifi.processors.hadoop.AbstractHadoopProcessor.getFileSystemAsUser(AbstractHadoopProcessor.java:543)
	at org.apache.nifi.processors.hadoop.AbstractHadoopProcessor.resetHDFSResources(AbstractHadoopProcessor.java:476)
	at org.apache.nifi.processors.hadoop.AbstractHadoopProcessor.abstractOnScheduled(AbstractHadoopProcessor.java:352)
	at sun.reflect.NativeMethodAccessorImpl.invoke0(Native Method)
	at sun.reflect.NativeMethodAccessorImpl.invoke(NativeMethodAccessorImpl.java:62)
	at sun.reflect.DelegatingMethodAccessorImpl.invoke(DelegatingMethodAccessorImpl.java:43)
	at java.lang.reflect.Method.invoke(Method.java:498)
	at org.apache.nifi.util.ReflectionUtils.invokeMethodsWithAnnotation(ReflectionUtils.java:68)
	at org.apache.nifi.util.StandardProcessorTestRunner.run(StandardProcessorTestRunner.java:203)
	at org.apache.nifi.util.StandardProcessorTestRunner.run(StandardProcessorTestRunner.java:185)
	at org.apache.nifi.util.StandardProcessorTestRunner.run(StandardProcessorTestRunner.java:180)
	at org.apache.nifi.util.StandardProcessorTestRunner.run(StandardProcessorTestRunner.java:175)
	at org.apache.nifi.util.StandardProcessorTestRunner.run(StandardProcessorTestRunner.java:170)
	at org.apache.nifi.processors.hadoop.TestCreateHadoopSequenceFile.testMergedZipData(TestCreateHadoopSequenceFile.java:168)
	at sun.reflect.NativeMethodAccessorImpl.invoke0(Native Method)
	at sun.reflect.NativeMethodAccessorImpl.invoke(NativeMethodAccessorImpl.java:62)
	at sun.reflect.DelegatingMethodAccessorImpl.invoke(DelegatingMethodAccessorImpl.java:43)
	at java.lang.reflect.Method.invoke(Method.java:498)
	at org.junit.runners.model.FrameworkMethod$1.runReflectiveCall(FrameworkMethod.java:59)
	at org.junit.internal.runners.model.ReflectiveCallable.run(ReflectiveCallable.java:12)
	at org.junit.runners.model.FrameworkMethod.invokeExplosively(FrameworkMethod.java:56)
	at org.junit.internal.runners.statements.InvokeMethod.evaluate(InvokeMethod.java:17)
	at org.junit.internal.runners.statements.RunBefores.evaluate(RunBefores.java:26)
	at org.junit.internal.runners.statements.RunAfters.evaluate(RunAfters.java:27)
	at org.junit.runners.ParentRunner$3.evaluate(ParentRunner.java:306)
	at org.junit.runners.BlockJUnit4ClassRunner$1.evaluate(BlockJUnit4ClassRunner.java:100)
	at org.junit.runners.ParentRunner.runLeaf(ParentRunner.java:366)
	at org.junit.runners.BlockJUnit4ClassRunner.runChild(BlockJUnit4ClassRunner.java:103)
	at org.junit.runners.BlockJUnit4ClassRunner.runChild(BlockJUnit4ClassRunner.java:63)
	at org.junit.runners.ParentRunner$4.run(ParentRunner.java:331)
	at org.junit.runners.ParentRunner$1.schedule(ParentRunner.java:79)
	at org.junit.runners.ParentRunner.runChildren(ParentRunner.java:329)
	at org.junit.runners.ParentRunner.access$100(ParentRunner.java:66)
	at org.junit.runners.ParentRunner$2.evaluate(ParentRunner.java:293)
	at org.junit.internal.runners.statements.RunBefores.evaluate(RunBefores.java:26)
	at org.junit.runners.ParentRunner$3.evaluate(ParentRunner.java:306)
	at org.junit.runners.ParentRunner.run(ParentRunner.java:413)
	at org.junit.runner.JUnitCore.run(JUnitCore.java:137)
	at org.junit.runner.JUnitCore.run(JUnitCore.java:115)
	at org.junit.vintage.engine.execution.RunnerExecutor.execute(RunnerExecutor.java:43)
	at java.util.stream.ForEachOps$ForEachOp$OfRef.accept(ForEachOps.java:183)
	at java.util.stream.ReferencePipeline$3$1.accept(ReferencePipeline.java:193)
	at java.util.Iterator.forEachRemaining(Iterator.java:116)
	at java.util.Spliterators$IteratorSpliterator.forEachRemaining(Spliterators.java:1801)
	at java.util.stream.AbstractPipeline.copyInto(AbstractPipeline.java:482)
	at java.util.stream.AbstractPipeline.wrapAndCopyInto(AbstractPipeline.java:472)
	at java.util.stream.ForEachOps$ForEachOp.evaluateSequential(ForEachOps.java:150)
	at java.util.stream.ForEachOps$ForEachOp$OfRef.evaluateSequential(ForEachOps.java:173)
	at java.util.stream.AbstractPipeline.evaluate(AbstractPipeline.java:234)
	at java.util.stream.ReferencePipeline.forEach(ReferencePipeline.java:485)
	at org.junit.vintage.engine.VintageTestEngine.executeAllChildren(VintageTestEngine.java:82)
	at org.junit.vintage.engine.VintageTestEngine.execute(VintageTestEngine.java:73)
	at org.junit.platform.launcher.core.EngineExecutionOrchestrator.execute(EngineExecutionOrchestrator.java:108)
	at org.junit.platform.launcher.core.EngineExecutionOrchestrator.execute(EngineExecutionOrchestrator.java:88)
	at org.junit.platform.launcher.core.EngineExecutionOrchestrator.lambda$execute$0(EngineExecutionOrchestrator.java:54)
	at org.junit.platform.launcher.core.EngineExecutionOrchestrator.withInterceptedStreams(EngineExecutionOrchestrator.java:67)
	at org.junit.platform.launcher.core.EngineExecutionOrchestrator.execute(EngineExecutionOrchestrator.java:52)
	at org.junit.platform.launcher.core.DefaultLauncher.execute(DefaultLauncher.java:96)
	at org.junit.platform.launcher.core.DefaultLauncher.execute(DefaultLauncher.java:75)
	at org.apache.maven.surefire.junitplatform.JUnitPlatformProvider.execute(JUnitPlatformProvider.java:188)
	at org.apache.maven.surefire.junitplatform.JUnitPlatformProvider.invokeAllTests(JUnitPlatformProvider.java:154)
	at org.apache.maven.surefire.junitplatform.JUnitPlatformProvider.invoke(JUnitPlatformProvider.java:128)
	at org.apache.maven.surefire.booter.ForkedBooter.runSuitesInProcess(ForkedBooter.java:428)
	at org.apache.maven.surefire.booter.ForkedBooter.execute(ForkedBooter.java:162)
	at org.apache.maven.surefire.booter.ForkedBooter.run(ForkedBooter.java:562)
	at org.apache.maven.surefire.booter.ForkedBooter.main(ForkedBooter.java:548)
2234 [main] INFO org.apache.nifi.processors.hadoop.TestCreateHadoopSequenceFile$TestableCreateHadoopSequenceFile - TestableCreateHadoopSequenceFile[id=fb590e15-100f-4ea9-be7c-df5770d1c517] Initialized a new HDFS File System with working dir: file:/home/alex/Repositories/nifi/nifi-nar-bundles/nifi-hadoop-bundle/nifi-hdfs-processors default block size: 33554432 default replication: 1 config: Configuration: core-default.xml, core-site.xml, hdfs-default.xml, hdfs-rbf-default.xml, hdfs-site.xml, hdfs-rbf-site.xml
2235 [pool-13-thread-1] ERROR org.apache.nifi.processors.hadoop.TestCreateHadoopSequenceFile$TestableCreateHadoopSequenceFile - [TestableCreateHadoopSequenceFile[id=fb590e15-100f-4ea9-be7c-df5770d1c517]] org.apache.hadoop.mapred.JobConf
java.lang.ClassNotFoundException: org.apache.hadoop.mapred.JobConf
	at java.net.URLClassLoader.findClass(URLClassLoader.java:387)
	at java.lang.ClassLoader.loadClass(ClassLoader.java:418)
	at sun.misc.Launcher$AppClassLoader.loadClass(Launcher.java:352)
	at java.lang.ClassLoader.loadClass(ClassLoader.java:351)
	at java.lang.Class.forName0(Native Method)
	at java.lang.Class.forName(Class.java:348)
	at org.apache.nifi.processors.hadoop.ExtendedConfiguration.getClassByNameOrNull(ExtendedConfiguration.java:70)
	at org.apache.hadoop.util.ReflectionUtils.setJobConf(ReflectionUtils.java:98)
	at org.apache.hadoop.util.ReflectionUtils.setConf(ReflectionUtils.java:81)
	at org.apache.hadoop.util.ReflectionUtils.newInstance(ReflectionUtils.java:139)
	at org.apache.hadoop.io.compress.CompressionCodecFactory.<init>(CompressionCodecFactory.java:186)
	at org.apache.nifi.processors.hadoop.AbstractHadoopProcessor.getCompressionCodec(AbstractHadoopProcessor.java:588)
	at org.apache.nifi.processors.hadoop.CreateHadoopSequenceFile.onTrigger(CreateHadoopSequenceFile.java:169)
	at org.apache.nifi.processor.AbstractProcessor.onTrigger(AbstractProcessor.java:27)
	at org.apache.nifi.util.StandardProcessorTestRunner$RunProcessor.call(StandardProcessorTestRunner.java:284)
	at org.apache.nifi.util.StandardProcessorTestRunner$RunProcessor.call(StandardProcessorTestRunner.java:278)
	at java.util.concurrent.FutureTask.run(FutureTask.java:266)
	at java.util.concurrent.ScheduledThreadPoolExecutor$ScheduledFutureTask.access$201(ScheduledThreadPoolExecutor.java:180)
	at java.util.concurrent.ScheduledThreadPoolExecutor$ScheduledFutureTask.run(ScheduledThreadPoolExecutor.java:293)
	at java.util.concurrent.ThreadPoolExecutor.runWorker(ThreadPoolExecutor.java:1149)
	at java.util.concurrent.ThreadPoolExecutor$Worker.run(ThreadPoolExecutor.java:624)
	at java.lang.Thread.run(Thread.java:750)
2236 [pool-13-thread-1] ERROR org.apache.nifi.processors.hadoop.TestCreateHadoopSequenceFile$TestableCreateHadoopSequenceFile - [TestableCreateHadoopSequenceFile[id=fb590e15-100f-4ea9-be7c-df5770d1c517]] org.apache.hadoop.mapred.JobConf
java.lang.ClassNotFoundException: org.apache.hadoop.mapred.JobConf
	at java.net.URLClassLoader.findClass(URLClassLoader.java:387)
	at java.lang.ClassLoader.loadClass(ClassLoader.java:418)
	at sun.misc.Launcher$AppClassLoader.loadClass(Launcher.java:352)
	at java.lang.ClassLoader.loadClass(ClassLoader.java:351)
	at java.lang.Class.forName0(Native Method)
	at java.lang.Class.forName(Class.java:348)
	at org.apache.nifi.processors.hadoop.ExtendedConfiguration.getClassByNameOrNull(ExtendedConfiguration.java:70)
	at org.apache.hadoop.util.ReflectionUtils.setJobConf(ReflectionUtils.java:98)
	at org.apache.hadoop.util.ReflectionUtils.setConf(ReflectionUtils.java:81)
	at org.apache.hadoop.util.ReflectionUtils.newInstance(ReflectionUtils.java:139)
	at org.apache.hadoop.io.compress.CompressionCodecFactory.<init>(CompressionCodecFactory.java:186)
	at org.apache.nifi.processors.hadoop.AbstractHadoopProcessor.getCompressionCodec(AbstractHadoopProcessor.java:588)
	at org.apache.nifi.processors.hadoop.CreateHadoopSequenceFile.onTrigger(CreateHadoopSequenceFile.java:169)
	at org.apache.nifi.processor.AbstractProcessor.onTrigger(AbstractProcessor.java:27)
	at org.apache.nifi.util.StandardProcessorTestRunner$RunProcessor.call(StandardProcessorTestRunner.java:284)
	at org.apache.nifi.util.StandardProcessorTestRunner$RunProcessor.call(StandardProcessorTestRunner.java:278)
	at java.util.concurrent.FutureTask.run(FutureTask.java:266)
	at java.util.concurrent.ScheduledThreadPoolExecutor$ScheduledFutureTask.access$201(ScheduledThreadPoolExecutor.java:180)
	at java.util.concurrent.ScheduledThreadPoolExecutor$ScheduledFutureTask.run(ScheduledThreadPoolExecutor.java:293)
	at java.util.concurrent.ThreadPoolExecutor.runWorker(ThreadPoolExecutor.java:1149)
	at java.util.concurrent.ThreadPoolExecutor$Worker.run(ThreadPoolExecutor.java:624)
	at java.lang.Thread.run(Thread.java:750)
2236 [pool-13-thread-1] ERROR org.apache.nifi.processors.hadoop.TestCreateHadoopSequenceFile$TestableCreateHadoopSequenceFile - [TestableCreateHadoopSequenceFile[id=fb590e15-100f-4ea9-be7c-df5770d1c517]] org.apache.hadoop.mapred.JobConf
java.lang.ClassNotFoundException: org.apache.hadoop.mapred.JobConf
	at java.net.URLClassLoader.findClass(URLClassLoader.java:387)
	at java.lang.ClassLoader.loadClass(ClassLoader.java:418)
	at sun.misc.Launcher$AppClassLoader.loadClass(Launcher.java:352)
	at java.lang.ClassLoader.loadClass(ClassLoader.java:351)
	at java.lang.Class.forName0(Native Method)
	at java.lang.Class.forName(Class.java:348)
	at org.apache.nifi.processors.hadoop.ExtendedConfiguration.getClassByNameOrNull(ExtendedConfiguration.java:70)
	at org.apache.hadoop.util.ReflectionUtils.setJobConf(ReflectionUtils.java:98)
	at org.apache.hadoop.util.ReflectionUtils.setConf(ReflectionUtils.java:81)
	at org.apache.hadoop.util.ReflectionUtils.newInstance(ReflectionUtils.java:139)
	at org.apache.hadoop.io.compress.CompressionCodecFactory.<init>(CompressionCodecFactory.java:186)
	at org.apache.nifi.processors.hadoop.AbstractHadoopProcessor.getCompressionCodec(AbstractHadoopProcessor.java:588)
	at org.apache.nifi.processors.hadoop.CreateHadoopSequenceFile.onTrigger(CreateHadoopSequenceFile.java:169)
	at org.apache.nifi.processor.AbstractProcessor.onTrigger(AbstractProcessor.java:27)
	at org.apache.nifi.util.StandardProcessorTestRunner$RunProcessor.call(StandardProcessorTestRunner.java:284)
	at org.apache.nifi.util.StandardProcessorTestRunner$RunProcessor.call(StandardProcessorTestRunner.java:278)
	at java.util.concurrent.FutureTask.run(FutureTask.java:266)
	at java.util.concurrent.ScheduledThreadPoolExecutor$ScheduledFutureTask.access$201(ScheduledThreadPoolExecutor.java:180)
	at java.util.concurrent.ScheduledThreadPoolExecutor$ScheduledFutureTask.run(ScheduledThreadPoolExecutor.java:293)
	at java.util.concurrent.ThreadPoolExecutor.runWorker(ThreadPoolExecutor.java:1149)
	at java.util.concurrent.ThreadPoolExecutor$Worker.run(ThreadPoolExecutor.java:624)
	at java.lang.Thread.run(Thread.java:750)
2236 [pool-13-thread-1] ERROR org.apache.nifi.processors.hadoop.TestCreateHadoopSequenceFile$TestableCreateHadoopSequenceFile - [TestableCreateHadoopSequenceFile[id=fb590e15-100f-4ea9-be7c-df5770d1c517]] org.apache.hadoop.mapred.JobConf
java.lang.ClassNotFoundException: org.apache.hadoop.mapred.JobConf
	at java.net.URLClassLoader.findClass(URLClassLoader.java:387)
	at java.lang.ClassLoader.loadClass(ClassLoader.java:418)
	at sun.misc.Launcher$AppClassLoader.loadClass(Launcher.java:352)
	at java.lang.ClassLoader.loadClass(ClassLoader.java:351)
	at java.lang.Class.forName0(Native Method)
	at java.lang.Class.forName(Class.java:348)
	at org.apache.nifi.processors.hadoop.ExtendedConfiguration.getClassByNameOrNull(ExtendedConfiguration.java:70)
	at org.apache.hadoop.util.ReflectionUtils.setJobConf(ReflectionUtils.java:98)
	at org.apache.hadoop.util.ReflectionUtils.setConf(ReflectionUtils.java:81)
	at org.apache.hadoop.util.ReflectionUtils.newInstance(ReflectionUtils.java:139)
	at org.apache.hadoop.io.compress.CompressionCodecFactory.<init>(CompressionCodecFactory.java:186)
	at org.apache.nifi.processors.hadoop.AbstractHadoopProcessor.getCompressionCodec(AbstractHadoopProcessor.java:588)
	at org.apache.nifi.processors.hadoop.CreateHadoopSequenceFile.onTrigger(CreateHadoopSequenceFile.java:169)
	at org.apache.nifi.processor.AbstractProcessor.onTrigger(AbstractProcessor.java:27)
	at org.apache.nifi.util.StandardProcessorTestRunner$RunProcessor.call(StandardProcessorTestRunner.java:284)
	at org.apache.nifi.util.StandardProcessorTestRunner$RunProcessor.call(StandardProcessorTestRunner.java:278)
	at java.util.concurrent.FutureTask.run(FutureTask.java:266)
	at java.util.concurrent.ScheduledThreadPoolExecutor$ScheduledFutureTask.access$201(ScheduledThreadPoolExecutor.java:180)
	at java.util.concurrent.ScheduledThreadPoolExecutor$ScheduledFutureTask.run(ScheduledThreadPoolExecutor.java:293)
	at java.util.concurrent.ThreadPoolExecutor.runWorker(ThreadPoolExecutor.java:1149)
	at java.util.concurrent.ThreadPoolExecutor$Worker.run(ThreadPoolExecutor.java:624)
	at java.lang.Thread.run(Thread.java:750)
2237 [pool-13-thread-1] ERROR org.apache.nifi.processors.hadoop.TestCreateHadoopSequenceFile$TestableCreateHadoopSequenceFile - [TestableCreateHadoopSequenceFile[id=fb590e15-100f-4ea9-be7c-df5770d1c517]] org.apache.hadoop.mapred.JobConf
java.lang.ClassNotFoundException: org.apache.hadoop.mapred.JobConf
	at java.net.URLClassLoader.findClass(URLClassLoader.java:387)
	at java.lang.ClassLoader.loadClass(ClassLoader.java:418)
	at sun.misc.Launcher$AppClassLoader.loadClass(Launcher.java:352)
	at java.lang.ClassLoader.loadClass(ClassLoader.java:351)
	at java.lang.Class.forName0(Native Method)
	at java.lang.Class.forName(Class.java:348)
	at org.apache.nifi.processors.hadoop.ExtendedConfiguration.getClassByNameOrNull(ExtendedConfiguration.java:70)
	at org.apache.hadoop.util.ReflectionUtils.setJobConf(ReflectionUtils.java:98)
	at org.apache.hadoop.util.ReflectionUtils.setConf(ReflectionUtils.java:81)
	at org.apache.hadoop.util.ReflectionUtils.newInstance(ReflectionUtils.java:139)
	at org.apache.hadoop.io.compress.CompressionCodecFactory.<init>(CompressionCodecFactory.java:186)
	at org.apache.nifi.processors.hadoop.AbstractHadoopProcessor.getCompressionCodec(AbstractHadoopProcessor.java:588)
	at org.apache.nifi.processors.hadoop.CreateHadoopSequenceFile.onTrigger(CreateHadoopSequenceFile.java:169)
	at org.apache.nifi.processor.AbstractProcessor.onTrigger(AbstractProcessor.java:27)
	at org.apache.nifi.util.StandardProcessorTestRunner$RunProcessor.call(StandardProcessorTestRunner.java:284)
	at org.apache.nifi.util.StandardProcessorTestRunner$RunProcessor.call(StandardProcessorTestRunner.java:278)
	at java.util.concurrent.FutureTask.run(FutureTask.java:266)
	at java.util.concurrent.ScheduledThreadPoolExecutor$ScheduledFutureTask.access$201(ScheduledThreadPoolExecutor.java:180)
	at java.util.concurrent.ScheduledThreadPoolExecutor$ScheduledFutureTask.run(ScheduledThreadPoolExecutor.java:293)
	at java.util.concurrent.ThreadPoolExecutor.runWorker(ThreadPoolExecutor.java:1149)
	at java.util.concurrent.ThreadPoolExecutor$Worker.run(ThreadPoolExecutor.java:624)
	at java.lang.Thread.run(Thread.java:750)
2237 [pool-13-thread-1] ERROR org.apache.nifi.processors.hadoop.TestCreateHadoopSequenceFile$TestableCreateHadoopSequenceFile - [TestableCreateHadoopSequenceFile[id=fb590e15-100f-4ea9-be7c-df5770d1c517]] org.apache.hadoop.mapred.JobConf
java.lang.ClassNotFoundException: org.apache.hadoop.mapred.JobConf
	at java.net.URLClassLoader.findClass(URLClassLoader.java:387)
	at java.lang.ClassLoader.loadClass(ClassLoader.java:418)
	at sun.misc.Launcher$AppClassLoader.loadClass(Launcher.java:352)
	at java.lang.ClassLoader.loadClass(ClassLoader.java:351)
	at java.lang.Class.forName0(Native Method)
	at java.lang.Class.forName(Class.java:348)
	at org.apache.nifi.processors.hadoop.ExtendedConfiguration.getClassByNameOrNull(ExtendedConfiguration.java:70)
	at org.apache.hadoop.util.ReflectionUtils.setJobConf(ReflectionUtils.java:98)
	at org.apache.hadoop.util.ReflectionUtils.setConf(ReflectionUtils.java:81)
	at org.apache.hadoop.util.ReflectionUtils.newInstance(ReflectionUtils.java:139)
	at org.apache.hadoop.io.compress.CompressionCodecFactory.<init>(CompressionCodecFactory.java:186)
	at org.apache.nifi.processors.hadoop.AbstractHadoopProcessor.getCompressionCodec(AbstractHadoopProcessor.java:588)
	at org.apache.nifi.processors.hadoop.CreateHadoopSequenceFile.onTrigger(CreateHadoopSequenceFile.java:169)
	at org.apache.nifi.processor.AbstractProcessor.onTrigger(AbstractProcessor.java:27)
	at org.apache.nifi.util.StandardProcessorTestRunner$RunProcessor.call(StandardProcessorTestRunner.java:284)
	at org.apache.nifi.util.StandardProcessorTestRunner$RunProcessor.call(StandardProcessorTestRunner.java:278)
	at java.util.concurrent.FutureTask.run(FutureTask.java:266)
	at java.util.concurrent.ScheduledThreadPoolExecutor$ScheduledFutureTask.access$201(ScheduledThreadPoolExecutor.java:180)
	at java.util.concurrent.ScheduledThreadPoolExecutor$ScheduledFutureTask.run(ScheduledThreadPoolExecutor.java:293)
	at java.util.concurrent.ThreadPoolExecutor.runWorker(ThreadPoolExecutor.java:1149)
	at java.util.concurrent.ThreadPoolExecutor$Worker.run(ThreadPoolExecutor.java:624)
	at java.lang.Thread.run(Thread.java:750)
2237 [pool-13-thread-1] ERROR org.apache.nifi.processors.hadoop.TestCreateHadoopSequenceFile$TestableCreateHadoopSequenceFile - [TestableCreateHadoopSequenceFile[id=fb590e15-100f-4ea9-be7c-df5770d1c517]] org.apache.hadoop.mapred.JobConf
java.lang.ClassNotFoundException: org.apache.hadoop.mapred.JobConf
	at java.net.URLClassLoader.findClass(URLClassLoader.java:387)
	at java.lang.ClassLoader.loadClass(ClassLoader.java:418)
	at sun.misc.Launcher$AppClassLoader.loadClass(Launcher.java:352)
	at java.lang.ClassLoader.loadClass(ClassLoader.java:351)
	at java.lang.Class.forName0(Native Method)
	at java.lang.Class.forName(Class.java:348)
	at org.apache.nifi.processors.hadoop.ExtendedConfiguration.getClassByNameOrNull(ExtendedConfiguration.java:70)
	at org.apache.hadoop.util.ReflectionUtils.setJobConf(ReflectionUtils.java:98)
	at org.apache.hadoop.util.ReflectionUtils.setConf(ReflectionUtils.java:81)
	at org.apache.hadoop.util.ReflectionUtils.newInstance(ReflectionUtils.java:139)
	at org.apache.hadoop.io.compress.CompressionCodecFactory.<init>(CompressionCodecFactory.java:186)
	at org.apache.nifi.processors.hadoop.AbstractHadoopProcessor.getCompressionCodec(AbstractHadoopProcessor.java:588)
	at org.apache.nifi.processors.hadoop.CreateHadoopSequenceFile.onTrigger(CreateHadoopSequenceFile.java:169)
	at org.apache.nifi.processor.AbstractProcessor.onTrigger(AbstractProcessor.java:27)
	at org.apache.nifi.util.StandardProcessorTestRunner$RunProcessor.call(StandardProcessorTestRunner.java:284)
	at org.apache.nifi.util.StandardProcessorTestRunner$RunProcessor.call(StandardProcessorTestRunner.java:278)
	at java.util.concurrent.FutureTask.run(FutureTask.java:266)
	at java.util.concurrent.ScheduledThreadPoolExecutor$ScheduledFutureTask.access$201(ScheduledThreadPoolExecutor.java:180)
	at java.util.concurrent.ScheduledThreadPoolExecutor$ScheduledFutureTask.run(ScheduledThreadPoolExecutor.java:293)
	at java.util.concurrent.ThreadPoolExecutor.runWorker(ThreadPoolExecutor.java:1149)
	at java.util.concurrent.ThreadPoolExecutor$Worker.run(ThreadPoolExecutor.java:624)
	at java.lang.Thread.run(Thread.java:750)
2238 [pool-13-thread-1] ERROR org.apache.nifi.processors.hadoop.TestCreateHadoopSequenceFile$TestableCreateHadoopSequenceFile - [TestableCreateHadoopSequenceFile[id=fb590e15-100f-4ea9-be7c-df5770d1c517]] org.apache.hadoop.mapred.JobConf
java.lang.ClassNotFoundException: org.apache.hadoop.mapred.JobConf
	at java.net.URLClassLoader.findClass(URLClassLoader.java:387)
	at java.lang.ClassLoader.loadClass(ClassLoader.java:418)
	at sun.misc.Launcher$AppClassLoader.loadClass(Launcher.java:352)
	at java.lang.ClassLoader.loadClass(ClassLoader.java:351)
	at java.lang.Class.forName0(Native Method)
	at java.lang.Class.forName(Class.java:348)
	at org.apache.nifi.processors.hadoop.ExtendedConfiguration.getClassByNameOrNull(ExtendedConfiguration.java:70)
	at org.apache.hadoop.util.ReflectionUtils.setJobConf(ReflectionUtils.java:98)
	at org.apache.hadoop.util.ReflectionUtils.setConf(ReflectionUtils.java:81)
	at org.apache.hadoop.util.ReflectionUtils.newInstance(ReflectionUtils.java:139)
	at org.apache.hadoop.io.serializer.SerializationFactory.add(SerializationFactory.java:73)
	at org.apache.hadoop.io.serializer.SerializationFactory.<init>(SerializationFactory.java:63)
	at org.apache.hadoop.io.SequenceFile$Writer.init(SequenceFile.java:1278)
	at org.apache.hadoop.io.SequenceFile$Writer.<init>(SequenceFile.java:1192)
	at org.apache.hadoop.io.SequenceFile.createWriter(SequenceFile.java:285)
	at org.apache.nifi.processors.hadoop.SequenceFileWriterImpl$1.process(SequenceFileWriterImpl.java:96)
	at org.apache.nifi.util.MockProcessSession.write(MockProcessSession.java:979)
	at org.apache.nifi.util.MockProcessSession.write(MockProcessSession.java:67)
	at org.apache.nifi.processors.hadoop.SequenceFileWriterImpl.writeSequenceFile(SequenceFileWriterImpl.java:76)
	at org.apache.nifi.processors.hadoop.CreateHadoopSequenceFile.onTrigger(CreateHadoopSequenceFile.java:180)
	at org.apache.nifi.processor.AbstractProcessor.onTrigger(AbstractProcessor.java:27)
	at org.apache.nifi.util.StandardProcessorTestRunner$RunProcessor.call(StandardProcessorTestRunner.java:284)
	at org.apache.nifi.util.StandardProcessorTestRunner$RunProcessor.call(StandardProcessorTestRunner.java:278)
	at java.util.concurrent.FutureTask.run(FutureTask.java:266)
	at java.util.concurrent.ScheduledThreadPoolExecutor$ScheduledFutureTask.access$201(ScheduledThreadPoolExecutor.java:180)
	at java.util.concurrent.ScheduledThreadPoolExecutor$ScheduledFutureTask.run(ScheduledThreadPoolExecutor.java:293)
	at java.util.concurrent.ThreadPoolExecutor.runWorker(ThreadPoolExecutor.java:1149)
	at java.util.concurrent.ThreadPoolExecutor$Worker.run(ThreadPoolExecutor.java:624)
	at java.lang.Thread.run(Thread.java:750)
2238 [pool-13-thread-1] ERROR org.apache.nifi.processors.hadoop.TestCreateHadoopSequenceFile$TestableCreateHadoopSequenceFile - [TestableCreateHadoopSequenceFile[id=fb590e15-100f-4ea9-be7c-df5770d1c517]] org.apache.hadoop.mapred.JobConf
java.lang.ClassNotFoundException: org.apache.hadoop.mapred.JobConf
	at java.net.URLClassLoader.findClass(URLClassLoader.java:387)
	at java.lang.ClassLoader.loadClass(ClassLoader.java:418)
	at sun.misc.Launcher$AppClassLoader.loadClass(Launcher.java:352)
	at java.lang.ClassLoader.loadClass(ClassLoader.java:351)
	at java.lang.Class.forName0(Native Method)
	at java.lang.Class.forName(Class.java:348)
	at org.apache.nifi.processors.hadoop.ExtendedConfiguration.getClassByNameOrNull(ExtendedConfiguration.java:70)
	at org.apache.hadoop.util.ReflectionUtils.setJobConf(ReflectionUtils.java:98)
	at org.apache.hadoop.util.ReflectionUtils.setConf(ReflectionUtils.java:81)
	at org.apache.hadoop.util.ReflectionUtils.newInstance(ReflectionUtils.java:139)
	at org.apache.hadoop.io.serializer.SerializationFactory.add(SerializationFactory.java:73)
	at org.apache.hadoop.io.serializer.SerializationFactory.<init>(SerializationFactory.java:63)
	at org.apache.hadoop.io.SequenceFile$Writer.init(SequenceFile.java:1278)
	at org.apache.hadoop.io.SequenceFile$Writer.<init>(SequenceFile.java:1192)
	at org.apache.hadoop.io.SequenceFile.createWriter(SequenceFile.java:285)
	at org.apache.nifi.processors.hadoop.SequenceFileWriterImpl$1.process(SequenceFileWriterImpl.java:96)
	at org.apache.nifi.util.MockProcessSession.write(MockProcessSession.java:979)
	at org.apache.nifi.util.MockProcessSession.write(MockProcessSession.java:67)
	at org.apache.nifi.processors.hadoop.SequenceFileWriterImpl.writeSequenceFile(SequenceFileWriterImpl.java:76)
	at org.apache.nifi.processors.hadoop.CreateHadoopSequenceFile.onTrigger(CreateHadoopSequenceFile.java:180)
	at org.apache.nifi.processor.AbstractProcessor.onTrigger(AbstractProcessor.java:27)
	at org.apache.nifi.util.StandardProcessorTestRunner$RunProcessor.call(StandardProcessorTestRunner.java:284)
	at org.apache.nifi.util.StandardProcessorTestRunner$RunProcessor.call(StandardProcessorTestRunner.java:278)
	at java.util.concurrent.FutureTask.run(FutureTask.java:266)
	at java.util.concurrent.ScheduledThreadPoolExecutor$ScheduledFutureTask.access$201(ScheduledThreadPoolExecutor.java:180)
	at java.util.concurrent.ScheduledThreadPoolExecutor$ScheduledFutureTask.run(ScheduledThreadPoolExecutor.java:293)
	at java.util.concurrent.ThreadPoolExecutor.runWorker(ThreadPoolExecutor.java:1149)
	at java.util.concurrent.ThreadPoolExecutor$Worker.run(ThreadPoolExecutor.java:624)
	at java.lang.Thread.run(Thread.java:750)
2239 [pool-13-thread-1] ERROR org.apache.nifi.processors.hadoop.TestCreateHadoopSequenceFile$TestableCreateHadoopSequenceFile - [TestableCreateHadoopSequenceFile[id=fb590e15-100f-4ea9-be7c-df5770d1c517]] org.apache.hadoop.mapred.JobConf
java.lang.ClassNotFoundException: org.apache.hadoop.mapred.JobConf
	at java.net.URLClassLoader.findClass(URLClassLoader.java:387)
	at java.lang.ClassLoader.loadClass(ClassLoader.java:418)
	at sun.misc.Launcher$AppClassLoader.loadClass(Launcher.java:352)
	at java.lang.ClassLoader.loadClass(ClassLoader.java:351)
	at java.lang.Class.forName0(Native Method)
	at java.lang.Class.forName(Class.java:348)
	at org.apache.nifi.processors.hadoop.ExtendedConfiguration.getClassByNameOrNull(ExtendedConfiguration.java:70)
	at org.apache.hadoop.util.ReflectionUtils.setJobConf(ReflectionUtils.java:98)
	at org.apache.hadoop.util.ReflectionUtils.setConf(ReflectionUtils.java:81)
	at org.apache.hadoop.util.ReflectionUtils.newInstance(ReflectionUtils.java:139)
	at org.apache.hadoop.io.serializer.SerializationFactory.add(SerializationFactory.java:73)
	at org.apache.hadoop.io.serializer.SerializationFactory.<init>(SerializationFactory.java:63)
	at org.apache.hadoop.io.SequenceFile$Writer.init(SequenceFile.java:1278)
	at org.apache.hadoop.io.SequenceFile$Writer.<init>(SequenceFile.java:1192)
	at org.apache.hadoop.io.SequenceFile.createWriter(SequenceFile.java:285)
	at org.apache.nifi.processors.hadoop.SequenceFileWriterImpl$1.process(SequenceFileWriterImpl.java:96)
	at org.apache.nifi.util.MockProcessSession.write(MockProcessSession.java:979)
	at org.apache.nifi.util.MockProcessSession.write(MockProcessSession.java:67)
	at org.apache.nifi.processors.hadoop.SequenceFileWriterImpl.writeSequenceFile(SequenceFileWriterImpl.java:76)
	at org.apache.nifi.processors.hadoop.CreateHadoopSequenceFile.onTrigger(CreateHadoopSequenceFile.java:180)
	at org.apache.nifi.processor.AbstractProcessor.onTrigger(AbstractProcessor.java:27)
	at org.apache.nifi.util.StandardProcessorTestRunner$RunProcessor.call(StandardProcessorTestRunner.java:284)
	at org.apache.nifi.util.StandardProcessorTestRunner$RunProcessor.call(StandardProcessorTestRunner.java:278)
	at java.util.concurrent.FutureTask.run(FutureTask.java:266)
	at java.util.concurrent.ScheduledThreadPoolExecutor$ScheduledFutureTask.access$201(ScheduledThreadPoolExecutor.java:180)
	at java.util.concurrent.ScheduledThreadPoolExecutor$ScheduledFutureTask.run(ScheduledThreadPoolExecutor.java:293)
	at java.util.concurrent.ThreadPoolExecutor.runWorker(ThreadPoolExecutor.java:1149)
	at java.util.concurrent.ThreadPoolExecutor$Worker.run(ThreadPoolExecutor.java:624)
	at java.lang.Thread.run(Thread.java:750)
2245 [pool-13-thread-1] INFO org.apache.nifi.processors.hadoop.TestCreateHadoopSequenceFile$TestableCreateHadoopSequenceFile - TestableCreateHadoopSequenceFile[id=fb590e15-100f-4ea9-be7c-df5770d1c517] Transferred flowfile FlowFile[0,90273113778493.mockFlowFile.sf,1500205B] to success
]]></system-err>
  </testcase>
  <testcase name="testMergedFlowfilePackagedData" classname="org.apache.nifi.processors.hadoop.TestCreateHadoopSequenceFile" time="0.019">
    <system-err><![CDATA[2256 [main] ERROR org.apache.nifi.processors.hadoop.TestCreateHadoopSequenceFile$TestableCreateHadoopSequenceFile - [TestableCreateHadoopSequenceFile[id=eba2bab5-16c6-40a2-92ca-3e512a2436fd]] org.apache.hadoop.mapred.JobConf
java.lang.ClassNotFoundException: org.apache.hadoop.mapred.JobConf
	at java.net.URLClassLoader.findClass(URLClassLoader.java:387)
	at java.lang.ClassLoader.loadClass(ClassLoader.java:418)
	at sun.misc.Launcher$AppClassLoader.loadClass(Launcher.java:352)
	at java.lang.ClassLoader.loadClass(ClassLoader.java:351)
	at java.lang.Class.forName0(Native Method)
	at java.lang.Class.forName(Class.java:348)
	at org.apache.nifi.processors.hadoop.ExtendedConfiguration.getClassByNameOrNull(ExtendedConfiguration.java:70)
	at org.apache.hadoop.util.ReflectionUtils.setJobConf(ReflectionUtils.java:98)
	at org.apache.hadoop.util.ReflectionUtils.setConf(ReflectionUtils.java:81)
	at org.apache.hadoop.util.ReflectionUtils.newInstance(ReflectionUtils.java:139)
	at org.apache.hadoop.fs.FileSystem.createFileSystem(FileSystem.java:3412)
	at org.apache.hadoop.fs.FileSystem.get(FileSystem.java:521)
	at org.apache.hadoop.fs.FileSystem.get(FileSystem.java:272)
	at org.apache.nifi.processors.hadoop.AbstractHadoopProcessor$1.run(AbstractHadoopProcessor.java:546)
	at org.apache.nifi.processors.hadoop.AbstractHadoopProcessor$1.run(AbstractHadoopProcessor.java:543)
	at java.security.AccessController.doPrivileged(Native Method)
	at javax.security.auth.Subject.doAs(Subject.java:422)
	at org.apache.hadoop.security.UserGroupInformation.doAs(UserGroupInformation.java:1845)
	at org.apache.nifi.processors.hadoop.AbstractHadoopProcessor.getFileSystemAsUser(AbstractHadoopProcessor.java:543)
	at org.apache.nifi.processors.hadoop.AbstractHadoopProcessor.resetHDFSResources(AbstractHadoopProcessor.java:476)
	at org.apache.nifi.processors.hadoop.AbstractHadoopProcessor.abstractOnScheduled(AbstractHadoopProcessor.java:352)
	at sun.reflect.NativeMethodAccessorImpl.invoke0(Native Method)
	at sun.reflect.NativeMethodAccessorImpl.invoke(NativeMethodAccessorImpl.java:62)
	at sun.reflect.DelegatingMethodAccessorImpl.invoke(DelegatingMethodAccessorImpl.java:43)
	at java.lang.reflect.Method.invoke(Method.java:498)
	at org.apache.nifi.util.ReflectionUtils.invokeMethodsWithAnnotation(ReflectionUtils.java:68)
	at org.apache.nifi.util.StandardProcessorTestRunner.run(StandardProcessorTestRunner.java:203)
	at org.apache.nifi.util.StandardProcessorTestRunner.run(StandardProcessorTestRunner.java:185)
	at org.apache.nifi.util.StandardProcessorTestRunner.run(StandardProcessorTestRunner.java:180)
	at org.apache.nifi.util.StandardProcessorTestRunner.run(StandardProcessorTestRunner.java:175)
	at org.apache.nifi.util.StandardProcessorTestRunner.run(StandardProcessorTestRunner.java:170)
	at org.apache.nifi.processors.hadoop.TestCreateHadoopSequenceFile.testMergedFlowfilePackagedData(TestCreateHadoopSequenceFile.java:191)
	at sun.reflect.NativeMethodAccessorImpl.invoke0(Native Method)
	at sun.reflect.NativeMethodAccessorImpl.invoke(NativeMethodAccessorImpl.java:62)
	at sun.reflect.DelegatingMethodAccessorImpl.invoke(DelegatingMethodAccessorImpl.java:43)
	at java.lang.reflect.Method.invoke(Method.java:498)
	at org.junit.runners.model.FrameworkMethod$1.runReflectiveCall(FrameworkMethod.java:59)
	at org.junit.internal.runners.model.ReflectiveCallable.run(ReflectiveCallable.java:12)
	at org.junit.runners.model.FrameworkMethod.invokeExplosively(FrameworkMethod.java:56)
	at org.junit.internal.runners.statements.InvokeMethod.evaluate(InvokeMethod.java:17)
	at org.junit.internal.runners.statements.RunBefores.evaluate(RunBefores.java:26)
	at org.junit.internal.runners.statements.RunAfters.evaluate(RunAfters.java:27)
	at org.junit.runners.ParentRunner$3.evaluate(ParentRunner.java:306)
	at org.junit.runners.BlockJUnit4ClassRunner$1.evaluate(BlockJUnit4ClassRunner.java:100)
	at org.junit.runners.ParentRunner.runLeaf(ParentRunner.java:366)
	at org.junit.runners.BlockJUnit4ClassRunner.runChild(BlockJUnit4ClassRunner.java:103)
	at org.junit.runners.BlockJUnit4ClassRunner.runChild(BlockJUnit4ClassRunner.java:63)
	at org.junit.runners.ParentRunner$4.run(ParentRunner.java:331)
	at org.junit.runners.ParentRunner$1.schedule(ParentRunner.java:79)
	at org.junit.runners.ParentRunner.runChildren(ParentRunner.java:329)
	at org.junit.runners.ParentRunner.access$100(ParentRunner.java:66)
	at org.junit.runners.ParentRunner$2.evaluate(ParentRunner.java:293)
	at org.junit.internal.runners.statements.RunBefores.evaluate(RunBefores.java:26)
	at org.junit.runners.ParentRunner$3.evaluate(ParentRunner.java:306)
	at org.junit.runners.ParentRunner.run(ParentRunner.java:413)
	at org.junit.runner.JUnitCore.run(JUnitCore.java:137)
	at org.junit.runner.JUnitCore.run(JUnitCore.java:115)
	at org.junit.vintage.engine.execution.RunnerExecutor.execute(RunnerExecutor.java:43)
	at java.util.stream.ForEachOps$ForEachOp$OfRef.accept(ForEachOps.java:183)
	at java.util.stream.ReferencePipeline$3$1.accept(ReferencePipeline.java:193)
	at java.util.Iterator.forEachRemaining(Iterator.java:116)
	at java.util.Spliterators$IteratorSpliterator.forEachRemaining(Spliterators.java:1801)
	at java.util.stream.AbstractPipeline.copyInto(AbstractPipeline.java:482)
	at java.util.stream.AbstractPipeline.wrapAndCopyInto(AbstractPipeline.java:472)
	at java.util.stream.ForEachOps$ForEachOp.evaluateSequential(ForEachOps.java:150)
	at java.util.stream.ForEachOps$ForEachOp$OfRef.evaluateSequential(ForEachOps.java:173)
	at java.util.stream.AbstractPipeline.evaluate(AbstractPipeline.java:234)
	at java.util.stream.ReferencePipeline.forEach(ReferencePipeline.java:485)
	at org.junit.vintage.engine.VintageTestEngine.executeAllChildren(VintageTestEngine.java:82)
	at org.junit.vintage.engine.VintageTestEngine.execute(VintageTestEngine.java:73)
	at org.junit.platform.launcher.core.EngineExecutionOrchestrator.execute(EngineExecutionOrchestrator.java:108)
	at org.junit.platform.launcher.core.EngineExecutionOrchestrator.execute(EngineExecutionOrchestrator.java:88)
	at org.junit.platform.launcher.core.EngineExecutionOrchestrator.lambda$execute$0(EngineExecutionOrchestrator.java:54)
	at org.junit.platform.launcher.core.EngineExecutionOrchestrator.withInterceptedStreams(EngineExecutionOrchestrator.java:67)
	at org.junit.platform.launcher.core.EngineExecutionOrchestrator.execute(EngineExecutionOrchestrator.java:52)
	at org.junit.platform.launcher.core.DefaultLauncher.execute(DefaultLauncher.java:96)
	at org.junit.platform.launcher.core.DefaultLauncher.execute(DefaultLauncher.java:75)
	at org.apache.maven.surefire.junitplatform.JUnitPlatformProvider.execute(JUnitPlatformProvider.java:188)
	at org.apache.maven.surefire.junitplatform.JUnitPlatformProvider.invokeAllTests(JUnitPlatformProvider.java:154)
	at org.apache.maven.surefire.junitplatform.JUnitPlatformProvider.invoke(JUnitPlatformProvider.java:128)
	at org.apache.maven.surefire.booter.ForkedBooter.runSuitesInProcess(ForkedBooter.java:428)
	at org.apache.maven.surefire.booter.ForkedBooter.execute(ForkedBooter.java:162)
	at org.apache.maven.surefire.booter.ForkedBooter.run(ForkedBooter.java:562)
	at org.apache.maven.surefire.booter.ForkedBooter.main(ForkedBooter.java:548)
2256 [main] INFO org.apache.nifi.processors.hadoop.TestCreateHadoopSequenceFile$TestableCreateHadoopSequenceFile - TestableCreateHadoopSequenceFile[id=eba2bab5-16c6-40a2-92ca-3e512a2436fd] Initialized a new HDFS File System with working dir: file:/home/alex/Repositories/nifi/nifi-nar-bundles/nifi-hadoop-bundle/nifi-hdfs-processors default block size: 33554432 default replication: 1 config: Configuration: core-default.xml, core-site.xml, hdfs-default.xml, hdfs-rbf-default.xml, hdfs-site.xml, hdfs-rbf-site.xml
2258 [pool-14-thread-1] ERROR org.apache.nifi.processors.hadoop.TestCreateHadoopSequenceFile$TestableCreateHadoopSequenceFile - [TestableCreateHadoopSequenceFile[id=eba2bab5-16c6-40a2-92ca-3e512a2436fd]] org.apache.hadoop.mapred.JobConf
java.lang.ClassNotFoundException: org.apache.hadoop.mapred.JobConf
	at java.net.URLClassLoader.findClass(URLClassLoader.java:387)
	at java.lang.ClassLoader.loadClass(ClassLoader.java:418)
	at sun.misc.Launcher$AppClassLoader.loadClass(Launcher.java:352)
	at java.lang.ClassLoader.loadClass(ClassLoader.java:351)
	at java.lang.Class.forName0(Native Method)
	at java.lang.Class.forName(Class.java:348)
	at org.apache.nifi.processors.hadoop.ExtendedConfiguration.getClassByNameOrNull(ExtendedConfiguration.java:70)
	at org.apache.hadoop.util.ReflectionUtils.setJobConf(ReflectionUtils.java:98)
	at org.apache.hadoop.util.ReflectionUtils.setConf(ReflectionUtils.java:81)
	at org.apache.hadoop.util.ReflectionUtils.newInstance(ReflectionUtils.java:139)
	at org.apache.hadoop.io.compress.CompressionCodecFactory.<init>(CompressionCodecFactory.java:186)
	at org.apache.nifi.processors.hadoop.AbstractHadoopProcessor.getCompressionCodec(AbstractHadoopProcessor.java:588)
	at org.apache.nifi.processors.hadoop.CreateHadoopSequenceFile.onTrigger(CreateHadoopSequenceFile.java:169)
	at org.apache.nifi.processor.AbstractProcessor.onTrigger(AbstractProcessor.java:27)
	at org.apache.nifi.util.StandardProcessorTestRunner$RunProcessor.call(StandardProcessorTestRunner.java:284)
	at org.apache.nifi.util.StandardProcessorTestRunner$RunProcessor.call(StandardProcessorTestRunner.java:278)
	at java.util.concurrent.FutureTask.run(FutureTask.java:266)
	at java.util.concurrent.ScheduledThreadPoolExecutor$ScheduledFutureTask.access$201(ScheduledThreadPoolExecutor.java:180)
	at java.util.concurrent.ScheduledThreadPoolExecutor$ScheduledFutureTask.run(ScheduledThreadPoolExecutor.java:293)
	at java.util.concurrent.ThreadPoolExecutor.runWorker(ThreadPoolExecutor.java:1149)
	at java.util.concurrent.ThreadPoolExecutor$Worker.run(ThreadPoolExecutor.java:624)
	at java.lang.Thread.run(Thread.java:750)
2258 [pool-14-thread-1] ERROR org.apache.nifi.processors.hadoop.TestCreateHadoopSequenceFile$TestableCreateHadoopSequenceFile - [TestableCreateHadoopSequenceFile[id=eba2bab5-16c6-40a2-92ca-3e512a2436fd]] org.apache.hadoop.mapred.JobConf
java.lang.ClassNotFoundException: org.apache.hadoop.mapred.JobConf
	at java.net.URLClassLoader.findClass(URLClassLoader.java:387)
	at java.lang.ClassLoader.loadClass(ClassLoader.java:418)
	at sun.misc.Launcher$AppClassLoader.loadClass(Launcher.java:352)
	at java.lang.ClassLoader.loadClass(ClassLoader.java:351)
	at java.lang.Class.forName0(Native Method)
	at java.lang.Class.forName(Class.java:348)
	at org.apache.nifi.processors.hadoop.ExtendedConfiguration.getClassByNameOrNull(ExtendedConfiguration.java:70)
	at org.apache.hadoop.util.ReflectionUtils.setJobConf(ReflectionUtils.java:98)
	at org.apache.hadoop.util.ReflectionUtils.setConf(ReflectionUtils.java:81)
	at org.apache.hadoop.util.ReflectionUtils.newInstance(ReflectionUtils.java:139)
	at org.apache.hadoop.io.compress.CompressionCodecFactory.<init>(CompressionCodecFactory.java:186)
	at org.apache.nifi.processors.hadoop.AbstractHadoopProcessor.getCompressionCodec(AbstractHadoopProcessor.java:588)
	at org.apache.nifi.processors.hadoop.CreateHadoopSequenceFile.onTrigger(CreateHadoopSequenceFile.java:169)
	at org.apache.nifi.processor.AbstractProcessor.onTrigger(AbstractProcessor.java:27)
	at org.apache.nifi.util.StandardProcessorTestRunner$RunProcessor.call(StandardProcessorTestRunner.java:284)
	at org.apache.nifi.util.StandardProcessorTestRunner$RunProcessor.call(StandardProcessorTestRunner.java:278)
	at java.util.concurrent.FutureTask.run(FutureTask.java:266)
	at java.util.concurrent.ScheduledThreadPoolExecutor$ScheduledFutureTask.access$201(ScheduledThreadPoolExecutor.java:180)
	at java.util.concurrent.ScheduledThreadPoolExecutor$ScheduledFutureTask.run(ScheduledThreadPoolExecutor.java:293)
	at java.util.concurrent.ThreadPoolExecutor.runWorker(ThreadPoolExecutor.java:1149)
	at java.util.concurrent.ThreadPoolExecutor$Worker.run(ThreadPoolExecutor.java:624)
	at java.lang.Thread.run(Thread.java:750)
2258 [pool-14-thread-1] ERROR org.apache.nifi.processors.hadoop.TestCreateHadoopSequenceFile$TestableCreateHadoopSequenceFile - [TestableCreateHadoopSequenceFile[id=eba2bab5-16c6-40a2-92ca-3e512a2436fd]] org.apache.hadoop.mapred.JobConf
java.lang.ClassNotFoundException: org.apache.hadoop.mapred.JobConf
	at java.net.URLClassLoader.findClass(URLClassLoader.java:387)
	at java.lang.ClassLoader.loadClass(ClassLoader.java:418)
	at sun.misc.Launcher$AppClassLoader.loadClass(Launcher.java:352)
	at java.lang.ClassLoader.loadClass(ClassLoader.java:351)
	at java.lang.Class.forName0(Native Method)
	at java.lang.Class.forName(Class.java:348)
	at org.apache.nifi.processors.hadoop.ExtendedConfiguration.getClassByNameOrNull(ExtendedConfiguration.java:70)
	at org.apache.hadoop.util.ReflectionUtils.setJobConf(ReflectionUtils.java:98)
	at org.apache.hadoop.util.ReflectionUtils.setConf(ReflectionUtils.java:81)
	at org.apache.hadoop.util.ReflectionUtils.newInstance(ReflectionUtils.java:139)
	at org.apache.hadoop.io.compress.CompressionCodecFactory.<init>(CompressionCodecFactory.java:186)
	at org.apache.nifi.processors.hadoop.AbstractHadoopProcessor.getCompressionCodec(AbstractHadoopProcessor.java:588)
	at org.apache.nifi.processors.hadoop.CreateHadoopSequenceFile.onTrigger(CreateHadoopSequenceFile.java:169)
	at org.apache.nifi.processor.AbstractProcessor.onTrigger(AbstractProcessor.java:27)
	at org.apache.nifi.util.StandardProcessorTestRunner$RunProcessor.call(StandardProcessorTestRunner.java:284)
	at org.apache.nifi.util.StandardProcessorTestRunner$RunProcessor.call(StandardProcessorTestRunner.java:278)
	at java.util.concurrent.FutureTask.run(FutureTask.java:266)
	at java.util.concurrent.ScheduledThreadPoolExecutor$ScheduledFutureTask.access$201(ScheduledThreadPoolExecutor.java:180)
	at java.util.concurrent.ScheduledThreadPoolExecutor$ScheduledFutureTask.run(ScheduledThreadPoolExecutor.java:293)
	at java.util.concurrent.ThreadPoolExecutor.runWorker(ThreadPoolExecutor.java:1149)
	at java.util.concurrent.ThreadPoolExecutor$Worker.run(ThreadPoolExecutor.java:624)
	at java.lang.Thread.run(Thread.java:750)
2259 [pool-14-thread-1] ERROR org.apache.nifi.processors.hadoop.TestCreateHadoopSequenceFile$TestableCreateHadoopSequenceFile - [TestableCreateHadoopSequenceFile[id=eba2bab5-16c6-40a2-92ca-3e512a2436fd]] org.apache.hadoop.mapred.JobConf
java.lang.ClassNotFoundException: org.apache.hadoop.mapred.JobConf
	at java.net.URLClassLoader.findClass(URLClassLoader.java:387)
	at java.lang.ClassLoader.loadClass(ClassLoader.java:418)
	at sun.misc.Launcher$AppClassLoader.loadClass(Launcher.java:352)
	at java.lang.ClassLoader.loadClass(ClassLoader.java:351)
	at java.lang.Class.forName0(Native Method)
	at java.lang.Class.forName(Class.java:348)
	at org.apache.nifi.processors.hadoop.ExtendedConfiguration.getClassByNameOrNull(ExtendedConfiguration.java:70)
	at org.apache.hadoop.util.ReflectionUtils.setJobConf(ReflectionUtils.java:98)
	at org.apache.hadoop.util.ReflectionUtils.setConf(ReflectionUtils.java:81)
	at org.apache.hadoop.util.ReflectionUtils.newInstance(ReflectionUtils.java:139)
	at org.apache.hadoop.io.compress.CompressionCodecFactory.<init>(CompressionCodecFactory.java:186)
	at org.apache.nifi.processors.hadoop.AbstractHadoopProcessor.getCompressionCodec(AbstractHadoopProcessor.java:588)
	at org.apache.nifi.processors.hadoop.CreateHadoopSequenceFile.onTrigger(CreateHadoopSequenceFile.java:169)
	at org.apache.nifi.processor.AbstractProcessor.onTrigger(AbstractProcessor.java:27)
	at org.apache.nifi.util.StandardProcessorTestRunner$RunProcessor.call(StandardProcessorTestRunner.java:284)
	at org.apache.nifi.util.StandardProcessorTestRunner$RunProcessor.call(StandardProcessorTestRunner.java:278)
	at java.util.concurrent.FutureTask.run(FutureTask.java:266)
	at java.util.concurrent.ScheduledThreadPoolExecutor$ScheduledFutureTask.access$201(ScheduledThreadPoolExecutor.java:180)
	at java.util.concurrent.ScheduledThreadPoolExecutor$ScheduledFutureTask.run(ScheduledThreadPoolExecutor.java:293)
	at java.util.concurrent.ThreadPoolExecutor.runWorker(ThreadPoolExecutor.java:1149)
	at java.util.concurrent.ThreadPoolExecutor$Worker.run(ThreadPoolExecutor.java:624)
	at java.lang.Thread.run(Thread.java:750)
2259 [pool-14-thread-1] ERROR org.apache.nifi.processors.hadoop.TestCreateHadoopSequenceFile$TestableCreateHadoopSequenceFile - [TestableCreateHadoopSequenceFile[id=eba2bab5-16c6-40a2-92ca-3e512a2436fd]] org.apache.hadoop.mapred.JobConf
java.lang.ClassNotFoundException: org.apache.hadoop.mapred.JobConf
	at java.net.URLClassLoader.findClass(URLClassLoader.java:387)
	at java.lang.ClassLoader.loadClass(ClassLoader.java:418)
	at sun.misc.Launcher$AppClassLoader.loadClass(Launcher.java:352)
	at java.lang.ClassLoader.loadClass(ClassLoader.java:351)
	at java.lang.Class.forName0(Native Method)
	at java.lang.Class.forName(Class.java:348)
	at org.apache.nifi.processors.hadoop.ExtendedConfiguration.getClassByNameOrNull(ExtendedConfiguration.java:70)
	at org.apache.hadoop.util.ReflectionUtils.setJobConf(ReflectionUtils.java:98)
	at org.apache.hadoop.util.ReflectionUtils.setConf(ReflectionUtils.java:81)
	at org.apache.hadoop.util.ReflectionUtils.newInstance(ReflectionUtils.java:139)
	at org.apache.hadoop.io.compress.CompressionCodecFactory.<init>(CompressionCodecFactory.java:186)
	at org.apache.nifi.processors.hadoop.AbstractHadoopProcessor.getCompressionCodec(AbstractHadoopProcessor.java:588)
	at org.apache.nifi.processors.hadoop.CreateHadoopSequenceFile.onTrigger(CreateHadoopSequenceFile.java:169)
	at org.apache.nifi.processor.AbstractProcessor.onTrigger(AbstractProcessor.java:27)
	at org.apache.nifi.util.StandardProcessorTestRunner$RunProcessor.call(StandardProcessorTestRunner.java:284)
	at org.apache.nifi.util.StandardProcessorTestRunner$RunProcessor.call(StandardProcessorTestRunner.java:278)
	at java.util.concurrent.FutureTask.run(FutureTask.java:266)
	at java.util.concurrent.ScheduledThreadPoolExecutor$ScheduledFutureTask.access$201(ScheduledThreadPoolExecutor.java:180)
	at java.util.concurrent.ScheduledThreadPoolExecutor$ScheduledFutureTask.run(ScheduledThreadPoolExecutor.java:293)
	at java.util.concurrent.ThreadPoolExecutor.runWorker(ThreadPoolExecutor.java:1149)
	at java.util.concurrent.ThreadPoolExecutor$Worker.run(ThreadPoolExecutor.java:624)
	at java.lang.Thread.run(Thread.java:750)
2259 [pool-14-thread-1] ERROR org.apache.nifi.processors.hadoop.TestCreateHadoopSequenceFile$TestableCreateHadoopSequenceFile - [TestableCreateHadoopSequenceFile[id=eba2bab5-16c6-40a2-92ca-3e512a2436fd]] org.apache.hadoop.mapred.JobConf
java.lang.ClassNotFoundException: org.apache.hadoop.mapred.JobConf
	at java.net.URLClassLoader.findClass(URLClassLoader.java:387)
	at java.lang.ClassLoader.loadClass(ClassLoader.java:418)
	at sun.misc.Launcher$AppClassLoader.loadClass(Launcher.java:352)
	at java.lang.ClassLoader.loadClass(ClassLoader.java:351)
	at java.lang.Class.forName0(Native Method)
	at java.lang.Class.forName(Class.java:348)
	at org.apache.nifi.processors.hadoop.ExtendedConfiguration.getClassByNameOrNull(ExtendedConfiguration.java:70)
	at org.apache.hadoop.util.ReflectionUtils.setJobConf(ReflectionUtils.java:98)
	at org.apache.hadoop.util.ReflectionUtils.setConf(ReflectionUtils.java:81)
	at org.apache.hadoop.util.ReflectionUtils.newInstance(ReflectionUtils.java:139)
	at org.apache.hadoop.io.compress.CompressionCodecFactory.<init>(CompressionCodecFactory.java:186)
	at org.apache.nifi.processors.hadoop.AbstractHadoopProcessor.getCompressionCodec(AbstractHadoopProcessor.java:588)
	at org.apache.nifi.processors.hadoop.CreateHadoopSequenceFile.onTrigger(CreateHadoopSequenceFile.java:169)
	at org.apache.nifi.processor.AbstractProcessor.onTrigger(AbstractProcessor.java:27)
	at org.apache.nifi.util.StandardProcessorTestRunner$RunProcessor.call(StandardProcessorTestRunner.java:284)
	at org.apache.nifi.util.StandardProcessorTestRunner$RunProcessor.call(StandardProcessorTestRunner.java:278)
	at java.util.concurrent.FutureTask.run(FutureTask.java:266)
	at java.util.concurrent.ScheduledThreadPoolExecutor$ScheduledFutureTask.access$201(ScheduledThreadPoolExecutor.java:180)
	at java.util.concurrent.ScheduledThreadPoolExecutor$ScheduledFutureTask.run(ScheduledThreadPoolExecutor.java:293)
	at java.util.concurrent.ThreadPoolExecutor.runWorker(ThreadPoolExecutor.java:1149)
	at java.util.concurrent.ThreadPoolExecutor$Worker.run(ThreadPoolExecutor.java:624)
	at java.lang.Thread.run(Thread.java:750)
2260 [pool-14-thread-1] ERROR org.apache.nifi.processors.hadoop.TestCreateHadoopSequenceFile$TestableCreateHadoopSequenceFile - [TestableCreateHadoopSequenceFile[id=eba2bab5-16c6-40a2-92ca-3e512a2436fd]] org.apache.hadoop.mapred.JobConf
java.lang.ClassNotFoundException: org.apache.hadoop.mapred.JobConf
	at java.net.URLClassLoader.findClass(URLClassLoader.java:387)
	at java.lang.ClassLoader.loadClass(ClassLoader.java:418)
	at sun.misc.Launcher$AppClassLoader.loadClass(Launcher.java:352)
	at java.lang.ClassLoader.loadClass(ClassLoader.java:351)
	at java.lang.Class.forName0(Native Method)
	at java.lang.Class.forName(Class.java:348)
	at org.apache.nifi.processors.hadoop.ExtendedConfiguration.getClassByNameOrNull(ExtendedConfiguration.java:70)
	at org.apache.hadoop.util.ReflectionUtils.setJobConf(ReflectionUtils.java:98)
	at org.apache.hadoop.util.ReflectionUtils.setConf(ReflectionUtils.java:81)
	at org.apache.hadoop.util.ReflectionUtils.newInstance(ReflectionUtils.java:139)
	at org.apache.hadoop.io.compress.CompressionCodecFactory.<init>(CompressionCodecFactory.java:186)
	at org.apache.nifi.processors.hadoop.AbstractHadoopProcessor.getCompressionCodec(AbstractHadoopProcessor.java:588)
	at org.apache.nifi.processors.hadoop.CreateHadoopSequenceFile.onTrigger(CreateHadoopSequenceFile.java:169)
	at org.apache.nifi.processor.AbstractProcessor.onTrigger(AbstractProcessor.java:27)
	at org.apache.nifi.util.StandardProcessorTestRunner$RunProcessor.call(StandardProcessorTestRunner.java:284)
	at org.apache.nifi.util.StandardProcessorTestRunner$RunProcessor.call(StandardProcessorTestRunner.java:278)
	at java.util.concurrent.FutureTask.run(FutureTask.java:266)
	at java.util.concurrent.ScheduledThreadPoolExecutor$ScheduledFutureTask.access$201(ScheduledThreadPoolExecutor.java:180)
	at java.util.concurrent.ScheduledThreadPoolExecutor$ScheduledFutureTask.run(ScheduledThreadPoolExecutor.java:293)
	at java.util.concurrent.ThreadPoolExecutor.runWorker(ThreadPoolExecutor.java:1149)
	at java.util.concurrent.ThreadPoolExecutor$Worker.run(ThreadPoolExecutor.java:624)
	at java.lang.Thread.run(Thread.java:750)
2261 [pool-14-thread-1] ERROR org.apache.nifi.processors.hadoop.TestCreateHadoopSequenceFile$TestableCreateHadoopSequenceFile - [TestableCreateHadoopSequenceFile[id=eba2bab5-16c6-40a2-92ca-3e512a2436fd]] org.apache.hadoop.mapred.JobConf
java.lang.ClassNotFoundException: org.apache.hadoop.mapred.JobConf
	at java.net.URLClassLoader.findClass(URLClassLoader.java:387)
	at java.lang.ClassLoader.loadClass(ClassLoader.java:418)
	at sun.misc.Launcher$AppClassLoader.loadClass(Launcher.java:352)
	at java.lang.ClassLoader.loadClass(ClassLoader.java:351)
	at java.lang.Class.forName0(Native Method)
	at java.lang.Class.forName(Class.java:348)
	at org.apache.nifi.processors.hadoop.ExtendedConfiguration.getClassByNameOrNull(ExtendedConfiguration.java:70)
	at org.apache.hadoop.util.ReflectionUtils.setJobConf(ReflectionUtils.java:98)
	at org.apache.hadoop.util.ReflectionUtils.setConf(ReflectionUtils.java:81)
	at org.apache.hadoop.util.ReflectionUtils.newInstance(ReflectionUtils.java:139)
	at org.apache.hadoop.io.serializer.SerializationFactory.add(SerializationFactory.java:73)
	at org.apache.hadoop.io.serializer.SerializationFactory.<init>(SerializationFactory.java:63)
	at org.apache.hadoop.io.SequenceFile$Writer.init(SequenceFile.java:1278)
	at org.apache.hadoop.io.SequenceFile$Writer.<init>(SequenceFile.java:1192)
	at org.apache.hadoop.io.SequenceFile.createWriter(SequenceFile.java:285)
	at org.apache.nifi.processors.hadoop.SequenceFileWriterImpl$1.process(SequenceFileWriterImpl.java:96)
	at org.apache.nifi.util.MockProcessSession.write(MockProcessSession.java:979)
	at org.apache.nifi.util.MockProcessSession.write(MockProcessSession.java:67)
	at org.apache.nifi.processors.hadoop.SequenceFileWriterImpl.writeSequenceFile(SequenceFileWriterImpl.java:76)
	at org.apache.nifi.processors.hadoop.CreateHadoopSequenceFile.onTrigger(CreateHadoopSequenceFile.java:180)
	at org.apache.nifi.processor.AbstractProcessor.onTrigger(AbstractProcessor.java:27)
	at org.apache.nifi.util.StandardProcessorTestRunner$RunProcessor.call(StandardProcessorTestRunner.java:284)
	at org.apache.nifi.util.StandardProcessorTestRunner$RunProcessor.call(StandardProcessorTestRunner.java:278)
	at java.util.concurrent.FutureTask.run(FutureTask.java:266)
	at java.util.concurrent.ScheduledThreadPoolExecutor$ScheduledFutureTask.access$201(ScheduledThreadPoolExecutor.java:180)
	at java.util.concurrent.ScheduledThreadPoolExecutor$ScheduledFutureTask.run(ScheduledThreadPoolExecutor.java:293)
	at java.util.concurrent.ThreadPoolExecutor.runWorker(ThreadPoolExecutor.java:1149)
	at java.util.concurrent.ThreadPoolExecutor$Worker.run(ThreadPoolExecutor.java:624)
	at java.lang.Thread.run(Thread.java:750)
2261 [pool-14-thread-1] ERROR org.apache.nifi.processors.hadoop.TestCreateHadoopSequenceFile$TestableCreateHadoopSequenceFile - [TestableCreateHadoopSequenceFile[id=eba2bab5-16c6-40a2-92ca-3e512a2436fd]] org.apache.hadoop.mapred.JobConf
java.lang.ClassNotFoundException: org.apache.hadoop.mapred.JobConf
	at java.net.URLClassLoader.findClass(URLClassLoader.java:387)
	at java.lang.ClassLoader.loadClass(ClassLoader.java:418)
	at sun.misc.Launcher$AppClassLoader.loadClass(Launcher.java:352)
	at java.lang.ClassLoader.loadClass(ClassLoader.java:351)
	at java.lang.Class.forName0(Native Method)
	at java.lang.Class.forName(Class.java:348)
	at org.apache.nifi.processors.hadoop.ExtendedConfiguration.getClassByNameOrNull(ExtendedConfiguration.java:70)
	at org.apache.hadoop.util.ReflectionUtils.setJobConf(ReflectionUtils.java:98)
	at org.apache.hadoop.util.ReflectionUtils.setConf(ReflectionUtils.java:81)
	at org.apache.hadoop.util.ReflectionUtils.newInstance(ReflectionUtils.java:139)
	at org.apache.hadoop.io.serializer.SerializationFactory.add(SerializationFactory.java:73)
	at org.apache.hadoop.io.serializer.SerializationFactory.<init>(SerializationFactory.java:63)
	at org.apache.hadoop.io.SequenceFile$Writer.init(SequenceFile.java:1278)
	at org.apache.hadoop.io.SequenceFile$Writer.<init>(SequenceFile.java:1192)
	at org.apache.hadoop.io.SequenceFile.createWriter(SequenceFile.java:285)
	at org.apache.nifi.processors.hadoop.SequenceFileWriterImpl$1.process(SequenceFileWriterImpl.java:96)
	at org.apache.nifi.util.MockProcessSession.write(MockProcessSession.java:979)
	at org.apache.nifi.util.MockProcessSession.write(MockProcessSession.java:67)
	at org.apache.nifi.processors.hadoop.SequenceFileWriterImpl.writeSequenceFile(SequenceFileWriterImpl.java:76)
	at org.apache.nifi.processors.hadoop.CreateHadoopSequenceFile.onTrigger(CreateHadoopSequenceFile.java:180)
	at org.apache.nifi.processor.AbstractProcessor.onTrigger(AbstractProcessor.java:27)
	at org.apache.nifi.util.StandardProcessorTestRunner$RunProcessor.call(StandardProcessorTestRunner.java:284)
	at org.apache.nifi.util.StandardProcessorTestRunner$RunProcessor.call(StandardProcessorTestRunner.java:278)
	at java.util.concurrent.FutureTask.run(FutureTask.java:266)
	at java.util.concurrent.ScheduledThreadPoolExecutor$ScheduledFutureTask.access$201(ScheduledThreadPoolExecutor.java:180)
	at java.util.concurrent.ScheduledThreadPoolExecutor$ScheduledFutureTask.run(ScheduledThreadPoolExecutor.java:293)
	at java.util.concurrent.ThreadPoolExecutor.runWorker(ThreadPoolExecutor.java:1149)
	at java.util.concurrent.ThreadPoolExecutor$Worker.run(ThreadPoolExecutor.java:624)
	at java.lang.Thread.run(Thread.java:750)
2262 [pool-14-thread-1] ERROR org.apache.nifi.processors.hadoop.TestCreateHadoopSequenceFile$TestableCreateHadoopSequenceFile - [TestableCreateHadoopSequenceFile[id=eba2bab5-16c6-40a2-92ca-3e512a2436fd]] org.apache.hadoop.mapred.JobConf
java.lang.ClassNotFoundException: org.apache.hadoop.mapred.JobConf
	at java.net.URLClassLoader.findClass(URLClassLoader.java:387)
	at java.lang.ClassLoader.loadClass(ClassLoader.java:418)
	at sun.misc.Launcher$AppClassLoader.loadClass(Launcher.java:352)
	at java.lang.ClassLoader.loadClass(ClassLoader.java:351)
	at java.lang.Class.forName0(Native Method)
	at java.lang.Class.forName(Class.java:348)
	at org.apache.nifi.processors.hadoop.ExtendedConfiguration.getClassByNameOrNull(ExtendedConfiguration.java:70)
	at org.apache.hadoop.util.ReflectionUtils.setJobConf(ReflectionUtils.java:98)
	at org.apache.hadoop.util.ReflectionUtils.setConf(ReflectionUtils.java:81)
	at org.apache.hadoop.util.ReflectionUtils.newInstance(ReflectionUtils.java:139)
	at org.apache.hadoop.io.serializer.SerializationFactory.add(SerializationFactory.java:73)
	at org.apache.hadoop.io.serializer.SerializationFactory.<init>(SerializationFactory.java:63)
	at org.apache.hadoop.io.SequenceFile$Writer.init(SequenceFile.java:1278)
	at org.apache.hadoop.io.SequenceFile$Writer.<init>(SequenceFile.java:1192)
	at org.apache.hadoop.io.SequenceFile.createWriter(SequenceFile.java:285)
	at org.apache.nifi.processors.hadoop.SequenceFileWriterImpl$1.process(SequenceFileWriterImpl.java:96)
	at org.apache.nifi.util.MockProcessSession.write(MockProcessSession.java:979)
	at org.apache.nifi.util.MockProcessSession.write(MockProcessSession.java:67)
	at org.apache.nifi.processors.hadoop.SequenceFileWriterImpl.writeSequenceFile(SequenceFileWriterImpl.java:76)
	at org.apache.nifi.processors.hadoop.CreateHadoopSequenceFile.onTrigger(CreateHadoopSequenceFile.java:180)
	at org.apache.nifi.processor.AbstractProcessor.onTrigger(AbstractProcessor.java:27)
	at org.apache.nifi.util.StandardProcessorTestRunner$RunProcessor.call(StandardProcessorTestRunner.java:284)
	at org.apache.nifi.util.StandardProcessorTestRunner$RunProcessor.call(StandardProcessorTestRunner.java:278)
	at java.util.concurrent.FutureTask.run(FutureTask.java:266)
	at java.util.concurrent.ScheduledThreadPoolExecutor$ScheduledFutureTask.access$201(ScheduledThreadPoolExecutor.java:180)
	at java.util.concurrent.ScheduledThreadPoolExecutor$ScheduledFutureTask.run(ScheduledThreadPoolExecutor.java:293)
	at java.util.concurrent.ThreadPoolExecutor.runWorker(ThreadPoolExecutor.java:1149)
	at java.util.concurrent.ThreadPoolExecutor$Worker.run(ThreadPoolExecutor.java:624)
	at java.lang.Thread.run(Thread.java:750)
2264 [pool-14-thread-1] INFO org.apache.nifi.processors.hadoop.TestCreateHadoopSequenceFile$TestableCreateHadoopSequenceFile - TestableCreateHadoopSequenceFile[id=eba2bab5-16c6-40a2-92ca-3e512a2436fd] Transferred flowfile FlowFile[0,90273134931531.mockFlowFile.sf,1500205B] to success
]]></system-err>
  </testcase>
  <testcase name="testSequenceFileNoneCompressionCodec" classname="org.apache.nifi.processors.hadoop.TestCreateHadoopSequenceFile" time="0.036">
    <system-err><![CDATA[2274 [main] ERROR org.apache.nifi.processors.hadoop.TestCreateHadoopSequenceFile$TestableCreateHadoopSequenceFile - [TestableCreateHadoopSequenceFile[id=51aa329e-69fc-4051-b0bd-3a7c295b97f6]] org.apache.hadoop.mapred.JobConf
java.lang.ClassNotFoundException: org.apache.hadoop.mapred.JobConf
	at java.net.URLClassLoader.findClass(URLClassLoader.java:387)
	at java.lang.ClassLoader.loadClass(ClassLoader.java:418)
	at sun.misc.Launcher$AppClassLoader.loadClass(Launcher.java:352)
	at java.lang.ClassLoader.loadClass(ClassLoader.java:351)
	at java.lang.Class.forName0(Native Method)
	at java.lang.Class.forName(Class.java:348)
	at org.apache.nifi.processors.hadoop.ExtendedConfiguration.getClassByNameOrNull(ExtendedConfiguration.java:70)
	at org.apache.hadoop.util.ReflectionUtils.setJobConf(ReflectionUtils.java:98)
	at org.apache.hadoop.util.ReflectionUtils.setConf(ReflectionUtils.java:81)
	at org.apache.hadoop.util.ReflectionUtils.newInstance(ReflectionUtils.java:139)
	at org.apache.hadoop.fs.FileSystem.createFileSystem(FileSystem.java:3412)
	at org.apache.hadoop.fs.FileSystem.get(FileSystem.java:521)
	at org.apache.hadoop.fs.FileSystem.get(FileSystem.java:272)
	at org.apache.nifi.processors.hadoop.AbstractHadoopProcessor$1.run(AbstractHadoopProcessor.java:546)
	at org.apache.nifi.processors.hadoop.AbstractHadoopProcessor$1.run(AbstractHadoopProcessor.java:543)
	at java.security.AccessController.doPrivileged(Native Method)
	at javax.security.auth.Subject.doAs(Subject.java:422)
	at org.apache.hadoop.security.UserGroupInformation.doAs(UserGroupInformation.java:1845)
	at org.apache.nifi.processors.hadoop.AbstractHadoopProcessor.getFileSystemAsUser(AbstractHadoopProcessor.java:543)
	at org.apache.nifi.processors.hadoop.AbstractHadoopProcessor.resetHDFSResources(AbstractHadoopProcessor.java:476)
	at org.apache.nifi.processors.hadoop.AbstractHadoopProcessor.abstractOnScheduled(AbstractHadoopProcessor.java:352)
	at sun.reflect.NativeMethodAccessorImpl.invoke0(Native Method)
	at sun.reflect.NativeMethodAccessorImpl.invoke(NativeMethodAccessorImpl.java:62)
	at sun.reflect.DelegatingMethodAccessorImpl.invoke(DelegatingMethodAccessorImpl.java:43)
	at java.lang.reflect.Method.invoke(Method.java:498)
	at org.apache.nifi.util.ReflectionUtils.invokeMethodsWithAnnotation(ReflectionUtils.java:68)
	at org.apache.nifi.util.StandardProcessorTestRunner.run(StandardProcessorTestRunner.java:203)
	at org.apache.nifi.util.StandardProcessorTestRunner.run(StandardProcessorTestRunner.java:185)
	at org.apache.nifi.util.StandardProcessorTestRunner.run(StandardProcessorTestRunner.java:180)
	at org.apache.nifi.util.StandardProcessorTestRunner.run(StandardProcessorTestRunner.java:175)
	at org.apache.nifi.util.StandardProcessorTestRunner.run(StandardProcessorTestRunner.java:170)
	at org.apache.nifi.processors.hadoop.TestCreateHadoopSequenceFile.testSequenceFileNoneCompressionCodec(TestCreateHadoopSequenceFile.java:311)
	at sun.reflect.NativeMethodAccessorImpl.invoke0(Native Method)
	at sun.reflect.NativeMethodAccessorImpl.invoke(NativeMethodAccessorImpl.java:62)
	at sun.reflect.DelegatingMethodAccessorImpl.invoke(DelegatingMethodAccessorImpl.java:43)
	at java.lang.reflect.Method.invoke(Method.java:498)
	at org.junit.runners.model.FrameworkMethod$1.runReflectiveCall(FrameworkMethod.java:59)
	at org.junit.internal.runners.model.ReflectiveCallable.run(ReflectiveCallable.java:12)
	at org.junit.runners.model.FrameworkMethod.invokeExplosively(FrameworkMethod.java:56)
	at org.junit.internal.runners.statements.InvokeMethod.evaluate(InvokeMethod.java:17)
	at org.junit.internal.runners.statements.RunBefores.evaluate(RunBefores.java:26)
	at org.junit.internal.runners.statements.RunAfters.evaluate(RunAfters.java:27)
	at org.junit.runners.ParentRunner$3.evaluate(ParentRunner.java:306)
	at org.junit.runners.BlockJUnit4ClassRunner$1.evaluate(BlockJUnit4ClassRunner.java:100)
	at org.junit.runners.ParentRunner.runLeaf(ParentRunner.java:366)
	at org.junit.runners.BlockJUnit4ClassRunner.runChild(BlockJUnit4ClassRunner.java:103)
	at org.junit.runners.BlockJUnit4ClassRunner.runChild(BlockJUnit4ClassRunner.java:63)
	at org.junit.runners.ParentRunner$4.run(ParentRunner.java:331)
	at org.junit.runners.ParentRunner$1.schedule(ParentRunner.java:79)
	at org.junit.runners.ParentRunner.runChildren(ParentRunner.java:329)
	at org.junit.runners.ParentRunner.access$100(ParentRunner.java:66)
	at org.junit.runners.ParentRunner$2.evaluate(ParentRunner.java:293)
	at org.junit.internal.runners.statements.RunBefores.evaluate(RunBefores.java:26)
	at org.junit.runners.ParentRunner$3.evaluate(ParentRunner.java:306)
	at org.junit.runners.ParentRunner.run(ParentRunner.java:413)
	at org.junit.runner.JUnitCore.run(JUnitCore.java:137)
	at org.junit.runner.JUnitCore.run(JUnitCore.java:115)
	at org.junit.vintage.engine.execution.RunnerExecutor.execute(RunnerExecutor.java:43)
	at java.util.stream.ForEachOps$ForEachOp$OfRef.accept(ForEachOps.java:183)
	at java.util.stream.ReferencePipeline$3$1.accept(ReferencePipeline.java:193)
	at java.util.Iterator.forEachRemaining(Iterator.java:116)
	at java.util.Spliterators$IteratorSpliterator.forEachRemaining(Spliterators.java:1801)
	at java.util.stream.AbstractPipeline.copyInto(AbstractPipeline.java:482)
	at java.util.stream.AbstractPipeline.wrapAndCopyInto(AbstractPipeline.java:472)
	at java.util.stream.ForEachOps$ForEachOp.evaluateSequential(ForEachOps.java:150)
	at java.util.stream.ForEachOps$ForEachOp$OfRef.evaluateSequential(ForEachOps.java:173)
	at java.util.stream.AbstractPipeline.evaluate(AbstractPipeline.java:234)
	at java.util.stream.ReferencePipeline.forEach(ReferencePipeline.java:485)
	at org.junit.vintage.engine.VintageTestEngine.executeAllChildren(VintageTestEngine.java:82)
	at org.junit.vintage.engine.VintageTestEngine.execute(VintageTestEngine.java:73)
	at org.junit.platform.launcher.core.EngineExecutionOrchestrator.execute(EngineExecutionOrchestrator.java:108)
	at org.junit.platform.launcher.core.EngineExecutionOrchestrator.execute(EngineExecutionOrchestrator.java:88)
	at org.junit.platform.launcher.core.EngineExecutionOrchestrator.lambda$execute$0(EngineExecutionOrchestrator.java:54)
	at org.junit.platform.launcher.core.EngineExecutionOrchestrator.withInterceptedStreams(EngineExecutionOrchestrator.java:67)
	at org.junit.platform.launcher.core.EngineExecutionOrchestrator.execute(EngineExecutionOrchestrator.java:52)
	at org.junit.platform.launcher.core.DefaultLauncher.execute(DefaultLauncher.java:96)
	at org.junit.platform.launcher.core.DefaultLauncher.execute(DefaultLauncher.java:75)
	at org.apache.maven.surefire.junitplatform.JUnitPlatformProvider.execute(JUnitPlatformProvider.java:188)
	at org.apache.maven.surefire.junitplatform.JUnitPlatformProvider.invokeAllTests(JUnitPlatformProvider.java:154)
	at org.apache.maven.surefire.junitplatform.JUnitPlatformProvider.invoke(JUnitPlatformProvider.java:128)
	at org.apache.maven.surefire.booter.ForkedBooter.runSuitesInProcess(ForkedBooter.java:428)
	at org.apache.maven.surefire.booter.ForkedBooter.execute(ForkedBooter.java:162)
	at org.apache.maven.surefire.booter.ForkedBooter.run(ForkedBooter.java:562)
	at org.apache.maven.surefire.booter.ForkedBooter.main(ForkedBooter.java:548)
2274 [main] INFO org.apache.nifi.processors.hadoop.TestCreateHadoopSequenceFile$TestableCreateHadoopSequenceFile - TestableCreateHadoopSequenceFile[id=51aa329e-69fc-4051-b0bd-3a7c295b97f6] Initialized a new HDFS File System with working dir: file:/home/alex/Repositories/nifi/nifi-nar-bundles/nifi-hadoop-bundle/nifi-hdfs-processors default block size: 33554432 default replication: 1 config: Configuration: core-default.xml, core-site.xml, hdfs-default.xml, hdfs-rbf-default.xml, hdfs-site.xml, hdfs-rbf-site.xml
2275 [pool-15-thread-1] ERROR org.apache.nifi.processors.hadoop.TestCreateHadoopSequenceFile$TestableCreateHadoopSequenceFile - [TestableCreateHadoopSequenceFile[id=51aa329e-69fc-4051-b0bd-3a7c295b97f6]] org.apache.hadoop.mapred.JobConf
java.lang.ClassNotFoundException: org.apache.hadoop.mapred.JobConf
	at java.net.URLClassLoader.findClass(URLClassLoader.java:387)
	at java.lang.ClassLoader.loadClass(ClassLoader.java:418)
	at sun.misc.Launcher$AppClassLoader.loadClass(Launcher.java:352)
	at java.lang.ClassLoader.loadClass(ClassLoader.java:351)
	at java.lang.Class.forName0(Native Method)
	at java.lang.Class.forName(Class.java:348)
	at org.apache.nifi.processors.hadoop.ExtendedConfiguration.getClassByNameOrNull(ExtendedConfiguration.java:70)
	at org.apache.hadoop.util.ReflectionUtils.setJobConf(ReflectionUtils.java:98)
	at org.apache.hadoop.util.ReflectionUtils.setConf(ReflectionUtils.java:81)
	at org.apache.hadoop.util.ReflectionUtils.newInstance(ReflectionUtils.java:139)
	at org.apache.hadoop.io.compress.CompressionCodecFactory.<init>(CompressionCodecFactory.java:186)
	at org.apache.nifi.processors.hadoop.AbstractHadoopProcessor.getCompressionCodec(AbstractHadoopProcessor.java:588)
	at org.apache.nifi.processors.hadoop.CreateHadoopSequenceFile.onTrigger(CreateHadoopSequenceFile.java:169)
	at org.apache.nifi.processor.AbstractProcessor.onTrigger(AbstractProcessor.java:27)
	at org.apache.nifi.util.StandardProcessorTestRunner$RunProcessor.call(StandardProcessorTestRunner.java:284)
	at org.apache.nifi.util.StandardProcessorTestRunner$RunProcessor.call(StandardProcessorTestRunner.java:278)
	at java.util.concurrent.FutureTask.run(FutureTask.java:266)
	at java.util.concurrent.ScheduledThreadPoolExecutor$ScheduledFutureTask.access$201(ScheduledThreadPoolExecutor.java:180)
	at java.util.concurrent.ScheduledThreadPoolExecutor$ScheduledFutureTask.run(ScheduledThreadPoolExecutor.java:293)
	at java.util.concurrent.ThreadPoolExecutor.runWorker(ThreadPoolExecutor.java:1149)
	at java.util.concurrent.ThreadPoolExecutor$Worker.run(ThreadPoolExecutor.java:624)
	at java.lang.Thread.run(Thread.java:750)
2275 [pool-15-thread-1] ERROR org.apache.nifi.processors.hadoop.TestCreateHadoopSequenceFile$TestableCreateHadoopSequenceFile - [TestableCreateHadoopSequenceFile[id=51aa329e-69fc-4051-b0bd-3a7c295b97f6]] org.apache.hadoop.mapred.JobConf
java.lang.ClassNotFoundException: org.apache.hadoop.mapred.JobConf
	at java.net.URLClassLoader.findClass(URLClassLoader.java:387)
	at java.lang.ClassLoader.loadClass(ClassLoader.java:418)
	at sun.misc.Launcher$AppClassLoader.loadClass(Launcher.java:352)
	at java.lang.ClassLoader.loadClass(ClassLoader.java:351)
	at java.lang.Class.forName0(Native Method)
	at java.lang.Class.forName(Class.java:348)
	at org.apache.nifi.processors.hadoop.ExtendedConfiguration.getClassByNameOrNull(ExtendedConfiguration.java:70)
	at org.apache.hadoop.util.ReflectionUtils.setJobConf(ReflectionUtils.java:98)
	at org.apache.hadoop.util.ReflectionUtils.setConf(ReflectionUtils.java:81)
	at org.apache.hadoop.util.ReflectionUtils.newInstance(ReflectionUtils.java:139)
	at org.apache.hadoop.io.compress.CompressionCodecFactory.<init>(CompressionCodecFactory.java:186)
	at org.apache.nifi.processors.hadoop.AbstractHadoopProcessor.getCompressionCodec(AbstractHadoopProcessor.java:588)
	at org.apache.nifi.processors.hadoop.CreateHadoopSequenceFile.onTrigger(CreateHadoopSequenceFile.java:169)
	at org.apache.nifi.processor.AbstractProcessor.onTrigger(AbstractProcessor.java:27)
	at org.apache.nifi.util.StandardProcessorTestRunner$RunProcessor.call(StandardProcessorTestRunner.java:284)
	at org.apache.nifi.util.StandardProcessorTestRunner$RunProcessor.call(StandardProcessorTestRunner.java:278)
	at java.util.concurrent.FutureTask.run(FutureTask.java:266)
	at java.util.concurrent.ScheduledThreadPoolExecutor$ScheduledFutureTask.access$201(ScheduledThreadPoolExecutor.java:180)
	at java.util.concurrent.ScheduledThreadPoolExecutor$ScheduledFutureTask.run(ScheduledThreadPoolExecutor.java:293)
	at java.util.concurrent.ThreadPoolExecutor.runWorker(ThreadPoolExecutor.java:1149)
	at java.util.concurrent.ThreadPoolExecutor$Worker.run(ThreadPoolExecutor.java:624)
	at java.lang.Thread.run(Thread.java:750)
2276 [pool-15-thread-1] ERROR org.apache.nifi.processors.hadoop.TestCreateHadoopSequenceFile$TestableCreateHadoopSequenceFile - [TestableCreateHadoopSequenceFile[id=51aa329e-69fc-4051-b0bd-3a7c295b97f6]] org.apache.hadoop.mapred.JobConf
java.lang.ClassNotFoundException: org.apache.hadoop.mapred.JobConf
	at java.net.URLClassLoader.findClass(URLClassLoader.java:387)
	at java.lang.ClassLoader.loadClass(ClassLoader.java:418)
	at sun.misc.Launcher$AppClassLoader.loadClass(Launcher.java:352)
	at java.lang.ClassLoader.loadClass(ClassLoader.java:351)
	at java.lang.Class.forName0(Native Method)
	at java.lang.Class.forName(Class.java:348)
	at org.apache.nifi.processors.hadoop.ExtendedConfiguration.getClassByNameOrNull(ExtendedConfiguration.java:70)
	at org.apache.hadoop.util.ReflectionUtils.setJobConf(ReflectionUtils.java:98)
	at org.apache.hadoop.util.ReflectionUtils.setConf(ReflectionUtils.java:81)
	at org.apache.hadoop.util.ReflectionUtils.newInstance(ReflectionUtils.java:139)
	at org.apache.hadoop.io.compress.CompressionCodecFactory.<init>(CompressionCodecFactory.java:186)
	at org.apache.nifi.processors.hadoop.AbstractHadoopProcessor.getCompressionCodec(AbstractHadoopProcessor.java:588)
	at org.apache.nifi.processors.hadoop.CreateHadoopSequenceFile.onTrigger(CreateHadoopSequenceFile.java:169)
	at org.apache.nifi.processor.AbstractProcessor.onTrigger(AbstractProcessor.java:27)
	at org.apache.nifi.util.StandardProcessorTestRunner$RunProcessor.call(StandardProcessorTestRunner.java:284)
	at org.apache.nifi.util.StandardProcessorTestRunner$RunProcessor.call(StandardProcessorTestRunner.java:278)
	at java.util.concurrent.FutureTask.run(FutureTask.java:266)
	at java.util.concurrent.ScheduledThreadPoolExecutor$ScheduledFutureTask.access$201(ScheduledThreadPoolExecutor.java:180)
	at java.util.concurrent.ScheduledThreadPoolExecutor$ScheduledFutureTask.run(ScheduledThreadPoolExecutor.java:293)
	at java.util.concurrent.ThreadPoolExecutor.runWorker(ThreadPoolExecutor.java:1149)
	at java.util.concurrent.ThreadPoolExecutor$Worker.run(ThreadPoolExecutor.java:624)
	at java.lang.Thread.run(Thread.java:750)
2277 [pool-15-thread-1] ERROR org.apache.nifi.processors.hadoop.TestCreateHadoopSequenceFile$TestableCreateHadoopSequenceFile - [TestableCreateHadoopSequenceFile[id=51aa329e-69fc-4051-b0bd-3a7c295b97f6]] org.apache.hadoop.mapred.JobConf
java.lang.ClassNotFoundException: org.apache.hadoop.mapred.JobConf
	at java.net.URLClassLoader.findClass(URLClassLoader.java:387)
	at java.lang.ClassLoader.loadClass(ClassLoader.java:418)
	at sun.misc.Launcher$AppClassLoader.loadClass(Launcher.java:352)
	at java.lang.ClassLoader.loadClass(ClassLoader.java:351)
	at java.lang.Class.forName0(Native Method)
	at java.lang.Class.forName(Class.java:348)
	at org.apache.nifi.processors.hadoop.ExtendedConfiguration.getClassByNameOrNull(ExtendedConfiguration.java:70)
	at org.apache.hadoop.util.ReflectionUtils.setJobConf(ReflectionUtils.java:98)
	at org.apache.hadoop.util.ReflectionUtils.setConf(ReflectionUtils.java:81)
	at org.apache.hadoop.util.ReflectionUtils.newInstance(ReflectionUtils.java:139)
	at org.apache.hadoop.io.compress.CompressionCodecFactory.<init>(CompressionCodecFactory.java:186)
	at org.apache.nifi.processors.hadoop.AbstractHadoopProcessor.getCompressionCodec(AbstractHadoopProcessor.java:588)
	at org.apache.nifi.processors.hadoop.CreateHadoopSequenceFile.onTrigger(CreateHadoopSequenceFile.java:169)
	at org.apache.nifi.processor.AbstractProcessor.onTrigger(AbstractProcessor.java:27)
	at org.apache.nifi.util.StandardProcessorTestRunner$RunProcessor.call(StandardProcessorTestRunner.java:284)
	at org.apache.nifi.util.StandardProcessorTestRunner$RunProcessor.call(StandardProcessorTestRunner.java:278)
	at java.util.concurrent.FutureTask.run(FutureTask.java:266)
	at java.util.concurrent.ScheduledThreadPoolExecutor$ScheduledFutureTask.access$201(ScheduledThreadPoolExecutor.java:180)
	at java.util.concurrent.ScheduledThreadPoolExecutor$ScheduledFutureTask.run(ScheduledThreadPoolExecutor.java:293)
	at java.util.concurrent.ThreadPoolExecutor.runWorker(ThreadPoolExecutor.java:1149)
	at java.util.concurrent.ThreadPoolExecutor$Worker.run(ThreadPoolExecutor.java:624)
	at java.lang.Thread.run(Thread.java:750)
2278 [pool-15-thread-1] ERROR org.apache.nifi.processors.hadoop.TestCreateHadoopSequenceFile$TestableCreateHadoopSequenceFile - [TestableCreateHadoopSequenceFile[id=51aa329e-69fc-4051-b0bd-3a7c295b97f6]] org.apache.hadoop.mapred.JobConf
java.lang.ClassNotFoundException: org.apache.hadoop.mapred.JobConf
	at java.net.URLClassLoader.findClass(URLClassLoader.java:387)
	at java.lang.ClassLoader.loadClass(ClassLoader.java:418)
	at sun.misc.Launcher$AppClassLoader.loadClass(Launcher.java:352)
	at java.lang.ClassLoader.loadClass(ClassLoader.java:351)
	at java.lang.Class.forName0(Native Method)
	at java.lang.Class.forName(Class.java:348)
	at org.apache.nifi.processors.hadoop.ExtendedConfiguration.getClassByNameOrNull(ExtendedConfiguration.java:70)
	at org.apache.hadoop.util.ReflectionUtils.setJobConf(ReflectionUtils.java:98)
	at org.apache.hadoop.util.ReflectionUtils.setConf(ReflectionUtils.java:81)
	at org.apache.hadoop.util.ReflectionUtils.newInstance(ReflectionUtils.java:139)
	at org.apache.hadoop.io.compress.CompressionCodecFactory.<init>(CompressionCodecFactory.java:186)
	at org.apache.nifi.processors.hadoop.AbstractHadoopProcessor.getCompressionCodec(AbstractHadoopProcessor.java:588)
	at org.apache.nifi.processors.hadoop.CreateHadoopSequenceFile.onTrigger(CreateHadoopSequenceFile.java:169)
	at org.apache.nifi.processor.AbstractProcessor.onTrigger(AbstractProcessor.java:27)
	at org.apache.nifi.util.StandardProcessorTestRunner$RunProcessor.call(StandardProcessorTestRunner.java:284)
	at org.apache.nifi.util.StandardProcessorTestRunner$RunProcessor.call(StandardProcessorTestRunner.java:278)
	at java.util.concurrent.FutureTask.run(FutureTask.java:266)
	at java.util.concurrent.ScheduledThreadPoolExecutor$ScheduledFutureTask.access$201(ScheduledThreadPoolExecutor.java:180)
	at java.util.concurrent.ScheduledThreadPoolExecutor$ScheduledFutureTask.run(ScheduledThreadPoolExecutor.java:293)
	at java.util.concurrent.ThreadPoolExecutor.runWorker(ThreadPoolExecutor.java:1149)
	at java.util.concurrent.ThreadPoolExecutor$Worker.run(ThreadPoolExecutor.java:624)
	at java.lang.Thread.run(Thread.java:750)
2279 [pool-15-thread-1] ERROR org.apache.nifi.processors.hadoop.TestCreateHadoopSequenceFile$TestableCreateHadoopSequenceFile - [TestableCreateHadoopSequenceFile[id=51aa329e-69fc-4051-b0bd-3a7c295b97f6]] org.apache.hadoop.mapred.JobConf
java.lang.ClassNotFoundException: org.apache.hadoop.mapred.JobConf
	at java.net.URLClassLoader.findClass(URLClassLoader.java:387)
	at java.lang.ClassLoader.loadClass(ClassLoader.java:418)
	at sun.misc.Launcher$AppClassLoader.loadClass(Launcher.java:352)
	at java.lang.ClassLoader.loadClass(ClassLoader.java:351)
	at java.lang.Class.forName0(Native Method)
	at java.lang.Class.forName(Class.java:348)
	at org.apache.nifi.processors.hadoop.ExtendedConfiguration.getClassByNameOrNull(ExtendedConfiguration.java:70)
	at org.apache.hadoop.util.ReflectionUtils.setJobConf(ReflectionUtils.java:98)
	at org.apache.hadoop.util.ReflectionUtils.setConf(ReflectionUtils.java:81)
	at org.apache.hadoop.util.ReflectionUtils.newInstance(ReflectionUtils.java:139)
	at org.apache.hadoop.io.compress.CompressionCodecFactory.<init>(CompressionCodecFactory.java:186)
	at org.apache.nifi.processors.hadoop.AbstractHadoopProcessor.getCompressionCodec(AbstractHadoopProcessor.java:588)
	at org.apache.nifi.processors.hadoop.CreateHadoopSequenceFile.onTrigger(CreateHadoopSequenceFile.java:169)
	at org.apache.nifi.processor.AbstractProcessor.onTrigger(AbstractProcessor.java:27)
	at org.apache.nifi.util.StandardProcessorTestRunner$RunProcessor.call(StandardProcessorTestRunner.java:284)
	at org.apache.nifi.util.StandardProcessorTestRunner$RunProcessor.call(StandardProcessorTestRunner.java:278)
	at java.util.concurrent.FutureTask.run(FutureTask.java:266)
	at java.util.concurrent.ScheduledThreadPoolExecutor$ScheduledFutureTask.access$201(ScheduledThreadPoolExecutor.java:180)
	at java.util.concurrent.ScheduledThreadPoolExecutor$ScheduledFutureTask.run(ScheduledThreadPoolExecutor.java:293)
	at java.util.concurrent.ThreadPoolExecutor.runWorker(ThreadPoolExecutor.java:1149)
	at java.util.concurrent.ThreadPoolExecutor$Worker.run(ThreadPoolExecutor.java:624)
	at java.lang.Thread.run(Thread.java:750)
2279 [pool-15-thread-1] ERROR org.apache.nifi.processors.hadoop.TestCreateHadoopSequenceFile$TestableCreateHadoopSequenceFile - [TestableCreateHadoopSequenceFile[id=51aa329e-69fc-4051-b0bd-3a7c295b97f6]] org.apache.hadoop.mapred.JobConf
java.lang.ClassNotFoundException: org.apache.hadoop.mapred.JobConf
	at java.net.URLClassLoader.findClass(URLClassLoader.java:387)
	at java.lang.ClassLoader.loadClass(ClassLoader.java:418)
	at sun.misc.Launcher$AppClassLoader.loadClass(Launcher.java:352)
	at java.lang.ClassLoader.loadClass(ClassLoader.java:351)
	at java.lang.Class.forName0(Native Method)
	at java.lang.Class.forName(Class.java:348)
	at org.apache.nifi.processors.hadoop.ExtendedConfiguration.getClassByNameOrNull(ExtendedConfiguration.java:70)
	at org.apache.hadoop.util.ReflectionUtils.setJobConf(ReflectionUtils.java:98)
	at org.apache.hadoop.util.ReflectionUtils.setConf(ReflectionUtils.java:81)
	at org.apache.hadoop.util.ReflectionUtils.newInstance(ReflectionUtils.java:139)
	at org.apache.hadoop.io.compress.CompressionCodecFactory.<init>(CompressionCodecFactory.java:186)
	at org.apache.nifi.processors.hadoop.AbstractHadoopProcessor.getCompressionCodec(AbstractHadoopProcessor.java:588)
	at org.apache.nifi.processors.hadoop.CreateHadoopSequenceFile.onTrigger(CreateHadoopSequenceFile.java:169)
	at org.apache.nifi.processor.AbstractProcessor.onTrigger(AbstractProcessor.java:27)
	at org.apache.nifi.util.StandardProcessorTestRunner$RunProcessor.call(StandardProcessorTestRunner.java:284)
	at org.apache.nifi.util.StandardProcessorTestRunner$RunProcessor.call(StandardProcessorTestRunner.java:278)
	at java.util.concurrent.FutureTask.run(FutureTask.java:266)
	at java.util.concurrent.ScheduledThreadPoolExecutor$ScheduledFutureTask.access$201(ScheduledThreadPoolExecutor.java:180)
	at java.util.concurrent.ScheduledThreadPoolExecutor$ScheduledFutureTask.run(ScheduledThreadPoolExecutor.java:293)
	at java.util.concurrent.ThreadPoolExecutor.runWorker(ThreadPoolExecutor.java:1149)
	at java.util.concurrent.ThreadPoolExecutor$Worker.run(ThreadPoolExecutor.java:624)
	at java.lang.Thread.run(Thread.java:750)
2281 [pool-15-thread-1] ERROR org.apache.nifi.processors.hadoop.TestCreateHadoopSequenceFile$TestableCreateHadoopSequenceFile - [TestableCreateHadoopSequenceFile[id=51aa329e-69fc-4051-b0bd-3a7c295b97f6]] org.apache.hadoop.mapred.JobConf
java.lang.ClassNotFoundException: org.apache.hadoop.mapred.JobConf
	at java.net.URLClassLoader.findClass(URLClassLoader.java:387)
	at java.lang.ClassLoader.loadClass(ClassLoader.java:418)
	at sun.misc.Launcher$AppClassLoader.loadClass(Launcher.java:352)
	at java.lang.ClassLoader.loadClass(ClassLoader.java:351)
	at java.lang.Class.forName0(Native Method)
	at java.lang.Class.forName(Class.java:348)
	at org.apache.nifi.processors.hadoop.ExtendedConfiguration.getClassByNameOrNull(ExtendedConfiguration.java:70)
	at org.apache.hadoop.util.ReflectionUtils.setJobConf(ReflectionUtils.java:98)
	at org.apache.hadoop.util.ReflectionUtils.setConf(ReflectionUtils.java:81)
	at org.apache.hadoop.util.ReflectionUtils.newInstance(ReflectionUtils.java:139)
	at org.apache.hadoop.io.serializer.SerializationFactory.add(SerializationFactory.java:73)
	at org.apache.hadoop.io.serializer.SerializationFactory.<init>(SerializationFactory.java:63)
	at org.apache.hadoop.io.SequenceFile$Writer.init(SequenceFile.java:1278)
	at org.apache.hadoop.io.SequenceFile$Writer.<init>(SequenceFile.java:1192)
	at org.apache.hadoop.io.SequenceFile$BlockCompressWriter.<init>(SequenceFile.java:1552)
	at org.apache.hadoop.io.SequenceFile.createWriter(SequenceFile.java:289)
	at org.apache.nifi.processors.hadoop.SequenceFileWriterImpl$1.process(SequenceFileWriterImpl.java:96)
	at org.apache.nifi.util.MockProcessSession.write(MockProcessSession.java:979)
	at org.apache.nifi.util.MockProcessSession.write(MockProcessSession.java:67)
	at org.apache.nifi.processors.hadoop.SequenceFileWriterImpl.writeSequenceFile(SequenceFileWriterImpl.java:76)
	at org.apache.nifi.processors.hadoop.CreateHadoopSequenceFile.onTrigger(CreateHadoopSequenceFile.java:180)
	at org.apache.nifi.processor.AbstractProcessor.onTrigger(AbstractProcessor.java:27)
	at org.apache.nifi.util.StandardProcessorTestRunner$RunProcessor.call(StandardProcessorTestRunner.java:284)
	at org.apache.nifi.util.StandardProcessorTestRunner$RunProcessor.call(StandardProcessorTestRunner.java:278)
	at java.util.concurrent.FutureTask.run(FutureTask.java:266)
	at java.util.concurrent.ScheduledThreadPoolExecutor$ScheduledFutureTask.access$201(ScheduledThreadPoolExecutor.java:180)
	at java.util.concurrent.ScheduledThreadPoolExecutor$ScheduledFutureTask.run(ScheduledThreadPoolExecutor.java:293)
	at java.util.concurrent.ThreadPoolExecutor.runWorker(ThreadPoolExecutor.java:1149)
	at java.util.concurrent.ThreadPoolExecutor$Worker.run(ThreadPoolExecutor.java:624)
	at java.lang.Thread.run(Thread.java:750)
2281 [pool-15-thread-1] ERROR org.apache.nifi.processors.hadoop.TestCreateHadoopSequenceFile$TestableCreateHadoopSequenceFile - [TestableCreateHadoopSequenceFile[id=51aa329e-69fc-4051-b0bd-3a7c295b97f6]] org.apache.hadoop.mapred.JobConf
java.lang.ClassNotFoundException: org.apache.hadoop.mapred.JobConf
	at java.net.URLClassLoader.findClass(URLClassLoader.java:387)
	at java.lang.ClassLoader.loadClass(ClassLoader.java:418)
	at sun.misc.Launcher$AppClassLoader.loadClass(Launcher.java:352)
	at java.lang.ClassLoader.loadClass(ClassLoader.java:351)
	at java.lang.Class.forName0(Native Method)
	at java.lang.Class.forName(Class.java:348)
	at org.apache.nifi.processors.hadoop.ExtendedConfiguration.getClassByNameOrNull(ExtendedConfiguration.java:70)
	at org.apache.hadoop.util.ReflectionUtils.setJobConf(ReflectionUtils.java:98)
	at org.apache.hadoop.util.ReflectionUtils.setConf(ReflectionUtils.java:81)
	at org.apache.hadoop.util.ReflectionUtils.newInstance(ReflectionUtils.java:139)
	at org.apache.hadoop.io.serializer.SerializationFactory.add(SerializationFactory.java:73)
	at org.apache.hadoop.io.serializer.SerializationFactory.<init>(SerializationFactory.java:63)
	at org.apache.hadoop.io.SequenceFile$Writer.init(SequenceFile.java:1278)
	at org.apache.hadoop.io.SequenceFile$Writer.<init>(SequenceFile.java:1192)
	at org.apache.hadoop.io.SequenceFile$BlockCompressWriter.<init>(SequenceFile.java:1552)
	at org.apache.hadoop.io.SequenceFile.createWriter(SequenceFile.java:289)
	at org.apache.nifi.processors.hadoop.SequenceFileWriterImpl$1.process(SequenceFileWriterImpl.java:96)
	at org.apache.nifi.util.MockProcessSession.write(MockProcessSession.java:979)
	at org.apache.nifi.util.MockProcessSession.write(MockProcessSession.java:67)
	at org.apache.nifi.processors.hadoop.SequenceFileWriterImpl.writeSequenceFile(SequenceFileWriterImpl.java:76)
	at org.apache.nifi.processors.hadoop.CreateHadoopSequenceFile.onTrigger(CreateHadoopSequenceFile.java:180)
	at org.apache.nifi.processor.AbstractProcessor.onTrigger(AbstractProcessor.java:27)
	at org.apache.nifi.util.StandardProcessorTestRunner$RunProcessor.call(StandardProcessorTestRunner.java:284)
	at org.apache.nifi.util.StandardProcessorTestRunner$RunProcessor.call(StandardProcessorTestRunner.java:278)
	at java.util.concurrent.FutureTask.run(FutureTask.java:266)
	at java.util.concurrent.ScheduledThreadPoolExecutor$ScheduledFutureTask.access$201(ScheduledThreadPoolExecutor.java:180)
	at java.util.concurrent.ScheduledThreadPoolExecutor$ScheduledFutureTask.run(ScheduledThreadPoolExecutor.java:293)
	at java.util.concurrent.ThreadPoolExecutor.runWorker(ThreadPoolExecutor.java:1149)
	at java.util.concurrent.ThreadPoolExecutor$Worker.run(ThreadPoolExecutor.java:624)
	at java.lang.Thread.run(Thread.java:750)
2282 [pool-15-thread-1] ERROR org.apache.nifi.processors.hadoop.TestCreateHadoopSequenceFile$TestableCreateHadoopSequenceFile - [TestableCreateHadoopSequenceFile[id=51aa329e-69fc-4051-b0bd-3a7c295b97f6]] org.apache.hadoop.mapred.JobConf
java.lang.ClassNotFoundException: org.apache.hadoop.mapred.JobConf
	at java.net.URLClassLoader.findClass(URLClassLoader.java:387)
	at java.lang.ClassLoader.loadClass(ClassLoader.java:418)
	at sun.misc.Launcher$AppClassLoader.loadClass(Launcher.java:352)
	at java.lang.ClassLoader.loadClass(ClassLoader.java:351)
	at java.lang.Class.forName0(Native Method)
	at java.lang.Class.forName(Class.java:348)
	at org.apache.nifi.processors.hadoop.ExtendedConfiguration.getClassByNameOrNull(ExtendedConfiguration.java:70)
	at org.apache.hadoop.util.ReflectionUtils.setJobConf(ReflectionUtils.java:98)
	at org.apache.hadoop.util.ReflectionUtils.setConf(ReflectionUtils.java:81)
	at org.apache.hadoop.util.ReflectionUtils.newInstance(ReflectionUtils.java:139)
	at org.apache.hadoop.io.serializer.SerializationFactory.add(SerializationFactory.java:73)
	at org.apache.hadoop.io.serializer.SerializationFactory.<init>(SerializationFactory.java:63)
	at org.apache.hadoop.io.SequenceFile$Writer.init(SequenceFile.java:1278)
	at org.apache.hadoop.io.SequenceFile$Writer.<init>(SequenceFile.java:1192)
	at org.apache.hadoop.io.SequenceFile$BlockCompressWriter.<init>(SequenceFile.java:1552)
	at org.apache.hadoop.io.SequenceFile.createWriter(SequenceFile.java:289)
	at org.apache.nifi.processors.hadoop.SequenceFileWriterImpl$1.process(SequenceFileWriterImpl.java:96)
	at org.apache.nifi.util.MockProcessSession.write(MockProcessSession.java:979)
	at org.apache.nifi.util.MockProcessSession.write(MockProcessSession.java:67)
	at org.apache.nifi.processors.hadoop.SequenceFileWriterImpl.writeSequenceFile(SequenceFileWriterImpl.java:76)
	at org.apache.nifi.processors.hadoop.CreateHadoopSequenceFile.onTrigger(CreateHadoopSequenceFile.java:180)
	at org.apache.nifi.processor.AbstractProcessor.onTrigger(AbstractProcessor.java:27)
	at org.apache.nifi.util.StandardProcessorTestRunner$RunProcessor.call(StandardProcessorTestRunner.java:284)
	at org.apache.nifi.util.StandardProcessorTestRunner$RunProcessor.call(StandardProcessorTestRunner.java:278)
	at java.util.concurrent.FutureTask.run(FutureTask.java:266)
	at java.util.concurrent.ScheduledThreadPoolExecutor$ScheduledFutureTask.access$201(ScheduledThreadPoolExecutor.java:180)
	at java.util.concurrent.ScheduledThreadPoolExecutor$ScheduledFutureTask.run(ScheduledThreadPoolExecutor.java:293)
	at java.util.concurrent.ThreadPoolExecutor.runWorker(ThreadPoolExecutor.java:1149)
	at java.util.concurrent.ThreadPoolExecutor$Worker.run(ThreadPoolExecutor.java:624)
	at java.lang.Thread.run(Thread.java:750)
2283 [pool-15-thread-1] ERROR org.apache.nifi.processors.hadoop.TestCreateHadoopSequenceFile$TestableCreateHadoopSequenceFile - [TestableCreateHadoopSequenceFile[id=51aa329e-69fc-4051-b0bd-3a7c295b97f6]] org.apache.hadoop.mapred.JobConf
java.lang.ClassNotFoundException: org.apache.hadoop.mapred.JobConf
	at java.net.URLClassLoader.findClass(URLClassLoader.java:387)
	at java.lang.ClassLoader.loadClass(ClassLoader.java:418)
	at sun.misc.Launcher$AppClassLoader.loadClass(Launcher.java:352)
	at java.lang.ClassLoader.loadClass(ClassLoader.java:351)
	at java.lang.Class.forName0(Native Method)
	at java.lang.Class.forName(Class.java:348)
	at org.apache.nifi.processors.hadoop.ExtendedConfiguration.getClassByNameOrNull(ExtendedConfiguration.java:70)
	at org.apache.hadoop.util.ReflectionUtils.setJobConf(ReflectionUtils.java:98)
	at org.apache.hadoop.util.ReflectionUtils.setConf(ReflectionUtils.java:81)
	at org.apache.hadoop.io.SequenceFile$Writer.init(SequenceFile.java:1303)
	at org.apache.hadoop.io.SequenceFile$Writer.<init>(SequenceFile.java:1192)
	at org.apache.hadoop.io.SequenceFile$BlockCompressWriter.<init>(SequenceFile.java:1552)
	at org.apache.hadoop.io.SequenceFile.createWriter(SequenceFile.java:289)
	at org.apache.nifi.processors.hadoop.SequenceFileWriterImpl$1.process(SequenceFileWriterImpl.java:96)
	at org.apache.nifi.util.MockProcessSession.write(MockProcessSession.java:979)
	at org.apache.nifi.util.MockProcessSession.write(MockProcessSession.java:67)
	at org.apache.nifi.processors.hadoop.SequenceFileWriterImpl.writeSequenceFile(SequenceFileWriterImpl.java:76)
	at org.apache.nifi.processors.hadoop.CreateHadoopSequenceFile.onTrigger(CreateHadoopSequenceFile.java:180)
	at org.apache.nifi.processor.AbstractProcessor.onTrigger(AbstractProcessor.java:27)
	at org.apache.nifi.util.StandardProcessorTestRunner$RunProcessor.call(StandardProcessorTestRunner.java:284)
	at org.apache.nifi.util.StandardProcessorTestRunner$RunProcessor.call(StandardProcessorTestRunner.java:278)
	at java.util.concurrent.FutureTask.run(FutureTask.java:266)
	at java.util.concurrent.ScheduledThreadPoolExecutor$ScheduledFutureTask.access$201(ScheduledThreadPoolExecutor.java:180)
	at java.util.concurrent.ScheduledThreadPoolExecutor$ScheduledFutureTask.run(ScheduledThreadPoolExecutor.java:293)
	at java.util.concurrent.ThreadPoolExecutor.runWorker(ThreadPoolExecutor.java:1149)
	at java.util.concurrent.ThreadPoolExecutor$Worker.run(ThreadPoolExecutor.java:624)
	at java.lang.Thread.run(Thread.java:750)
2300 [pool-15-thread-1] INFO org.apache.nifi.processors.hadoop.TestCreateHadoopSequenceFile$TestableCreateHadoopSequenceFile - TestableCreateHadoopSequenceFile[id=51aa329e-69fc-4051-b0bd-3a7c295b97f6] Transferred flowfile FlowFile[0,90273154340054.mockFlowFile.sf,500383B] to success
]]></system-err>
  </testcase>
</testsuite>