<?xml version="1.0" encoding="UTF-8"?>
<testsuite xmlns:xsi="http://www.w3.org/2001/XMLSchema-instance" xsi:noNamespaceSchemaLocation="https://maven.apache.org/surefire/maven-surefire-plugin/xsd/surefire-test-report-3.0.xsd" version="3.0" name="org.apache.nifi.minifi.bootstrap.configuration.ingestors.PullHttpChangeIngestorTest" time="1.654" tests="7" errors="0" skipped="0" failures="0">
  <properties>
    <property name="sun.desktop" value="gnome"/>
    <property name="awt.toolkit" value="sun.awt.X11.XToolkit"/>
    <property name="file.encoding.pkg" value="sun.io"/>
    <property name="java.specification.version" value="1.8"/>
    <property name="sun.cpu.isalist" value=""/>
    <property name="sun.jnu.encoding" value="UTF-8"/>
    <property name="java.class.path" value="/home/alex/Repositories/nifi/minifi/minifi-bootstrap/target/test-classes:/home/alex/Repositories/nifi/minifi/minifi-bootstrap/target/classes:/home/alex/.m2/repository/org/slf4j/slf4j-api/1.7.32/slf4j-api-1.7.32.jar:/home/alex/.m2/repository/ch/qos/logback/logback-classic/1.2.6/logback-classic-1.2.6.jar:/home/alex/.m2/repository/ch/qos/logback/logback-core/1.2.6/logback-core-1.2.6.jar:/home/alex/Repositories/nifi/nifi-api/target/classes:/home/alex/Repositories/nifi/nifi-commons/nifi-bootstrap-utils/target/classes:/home/alex/.m2/repository/net/java/dev/jna/jna-platform/4.4.0/jna-platform-4.4.0.jar:/home/alex/.m2/repository/net/java/dev/jna/jna/4.4.0/jna-4.4.0.jar:/home/alex/Repositories/nifi/nifi-nar-bundles/nifi-extension-utils/nifi-processor-utils/target/classes:/home/alex/Repositories/nifi/nifi-commons/nifi-security-socket-ssl/target/classes:/home/alex/.m2/repository/org/apache/commons/commons-lang3/3.9/commons-lang3-3.9.jar:/home/alex/.m2/repository/com/fasterxml/jackson/core/jackson-databind/2.12.3/jackson-databind-2.12.3.jar:/home/alex/.m2/repository/com/fasterxml/jackson/core/jackson-annotations/2.12.3/jackson-annotations-2.12.3.jar:/home/alex/.m2/repository/com/fasterxml/jackson/core/jackson-core/2.12.3/jackson-core-2.12.3.jar:/home/alex/Repositories/nifi/nifi-nar-bundles/nifi-standard-services/nifi-record-serialization-service-api/target/classes:/home/alex/Repositories/nifi/nifi-commons/nifi-record/target/classes:/home/alex/Repositories/nifi/nifi-nar-bundles/nifi-extension-utils/nifi-event-transport/target/classes:/home/alex/.m2/repository/io/netty/netty-handler/4.1.69.Final/netty-handler-4.1.69.Final.jar:/home/alex/.m2/repository/io/netty/netty-common/4.1.69.Final/netty-common-4.1.69.Final.jar:/home/alex/.m2/repository/io/netty/netty-resolver/4.1.69.Final/netty-resolver-4.1.69.Final.jar:/home/alex/.m2/repository/io/netty/netty-buffer/4.1.69.Final/netty-buffer-4.1.69.Final.jar:/home/alex/.m2/repository/io/netty/netty-transport/4.1.69.Final/netty-transport-4.1.69.Final.jar:/home/alex/.m2/repository/io/netty/netty-codec/4.1.69.Final/netty-codec-4.1.69.Final.jar:/home/alex/Repositories/nifi/nifi-commons/nifi-expression-language/target/classes:/home/alex/.m2/repository/org/antlr/antlr-runtime/3.5.2/antlr-runtime-3.5.2.jar:/home/alex/Repositories/nifi/nifi-commons/nifi-parameter/target/classes:/home/alex/Repositories/nifi/nifi-commons/nifi-uuid5/target/classes:/home/alex/.m2/repository/com/jayway/jsonpath/json-path/2.6.0/json-path-2.6.0.jar:/home/alex/.m2/repository/net/minidev/json-smart/2.4.7/json-smart-2.4.7.jar:/home/alex/.m2/repository/net/minidev/accessors-smart/2.4.7/accessors-smart-2.4.7.jar:/home/alex/.m2/repository/org/ow2/asm/asm/9.1/asm-9.1.jar:/home/alex/.m2/repository/org/apache/commons/commons-text/1.8/commons-text-1.8.jar:/home/alex/.m2/repository/commons-codec/commons-codec/1.10/commons-codec-1.10.jar:/home/alex/Repositories/nifi/minifi/minifi-commons/minifi-utils/target/classes:/home/alex/Repositories/nifi/nifi-commons/nifi-utils/target/classes:/home/alex/Repositories/nifi/nifi-commons/nifi-properties/target/classes:/home/alex/Repositories/nifi/nifi-commons/nifi-property-utils/target/classes:/home/alex/.m2/repository/org/yaml/snakeyaml/1.29/snakeyaml-1.29.jar:/home/alex/Repositories/nifi/minifi/minifi-commons/minifi-commons-schema/target/classes:/home/alex/.m2/repository/org/eclipse/jetty/jetty-server/9.4.44.v20210927/jetty-server-9.4.44.v20210927.jar:/home/alex/.m2/repository/javax/servlet/javax.servlet-api/3.1.0/javax.servlet-api-3.1.0.jar:/home/alex/.m2/repository/org/eclipse/jetty/jetty-http/9.4.44.v20210927/jetty-http-9.4.44.v20210927.jar:/home/alex/.m2/repository/org/eclipse/jetty/jetty-util/9.4.44.v20210927/jetty-util-9.4.44.v20210927.jar:/home/alex/.m2/repository/org/eclipse/jetty/jetty-io/9.4.44.v20210927/jetty-io-9.4.44.v20210927.jar:/home/alex/.m2/repository/org/eclipse/jetty/jetty-servlet/9.4.44.v20210927/jetty-servlet-9.4.44.v20210927.jar:/home/alex/.m2/repository/org/eclipse/jetty/jetty-security/9.4.44.v20210927/jetty-security-9.4.44.v20210927.jar:/home/alex/.m2/repository/org/eclipse/jetty/jetty-util-ajax/9.4.44.v20210927/jetty-util-ajax-9.4.44.v20210927.jar:/home/alex/.m2/repository/com/squareup/okhttp3/okhttp/3.12.3/okhttp-3.12.3.jar:/home/alex/.m2/repository/com/squareup/okio/okio/1.15.0/okio-1.15.0.jar:/home/alex/.m2/repository/commons-io/commons-io/2.10.0/commons-io-2.10.0.jar:/home/alex/.m2/repository/junit/junit/4.13.2/junit-4.13.2.jar:/home/alex/.m2/repository/org/hamcrest/hamcrest-core/1.3/hamcrest-core-1.3.jar:/home/alex/.m2/repository/org/mockito/mockito-all/1.10.19/mockito-all-1.10.19.jar:/home/alex/.m2/repository/org/slf4j/slf4j-simple/1.7.32/slf4j-simple-1.7.32.jar:/home/alex/.m2/repository/org/junit/jupiter/junit-jupiter-api/5.7.2/junit-jupiter-api-5.7.2.jar:/home/alex/.m2/repository/org/apiguardian/apiguardian-api/1.1.0/apiguardian-api-1.1.0.jar:/home/alex/.m2/repository/org/opentest4j/opentest4j/1.2.0/opentest4j-1.2.0.jar:/home/alex/.m2/repository/org/junit/platform/junit-platform-commons/1.7.2/junit-platform-commons-1.7.2.jar:/home/alex/.m2/repository/org/junit/jupiter/junit-jupiter-engine/5.7.2/junit-jupiter-engine-5.7.2.jar:/home/alex/.m2/repository/org/junit/platform/junit-platform-engine/1.7.2/junit-platform-engine-1.7.2.jar:/home/alex/.m2/repository/org/junit/vintage/junit-vintage-engine/5.7.2/junit-vintage-engine-5.7.2.jar:/home/alex/.m2/repository/org/junit/jupiter/junit-jupiter-params/5.7.2/junit-jupiter-params-5.7.2.jar:/home/alex/.m2/repository/org/mockito/mockito-core/3.11.2/mockito-core-3.11.2.jar:/home/alex/.m2/repository/net/bytebuddy/byte-buddy/1.11.3/byte-buddy-1.11.3.jar:/home/alex/.m2/repository/net/bytebuddy/byte-buddy-agent/1.11.3/byte-buddy-agent-1.11.3.jar:/home/alex/.m2/repository/org/objenesis/objenesis/3.2/objenesis-3.2.jar:/home/alex/.m2/repository/org/mockito/mockito-junit-jupiter/3.11.2/mockito-junit-jupiter-3.11.2.jar:/home/alex/.m2/repository/org/codehaus/groovy/groovy-test/2.5.14/groovy-test-2.5.14.jar:/home/alex/.m2/repository/org/codehaus/groovy/groovy/2.5.14/groovy-2.5.14.jar:"/>
    <property name="java.vm.vendor" value="Private Build"/>
    <property name="sun.arch.data.model" value="64"/>
    <property name="java.vendor.url" value="http://java.oracle.com/"/>
    <property name="user.timezone" value="Europe/Lisbon"/>
    <property name="java.vm.specification.version" value="1.8"/>
    <property name="os.name" value="Linux"/>
    <property name="user.country" value="US"/>
    <property name="sun.java.launcher" value="SUN_STANDARD"/>
    <property name="sun.boot.library.path" value="/usr/lib/jvm/java-8-openjdk-amd64/jre/lib/amd64"/>
    <property name="sun.java.command" value="/home/alex/Repositories/nifi/minifi/minifi-bootstrap/target/surefire/surefirebooter9035609157176473370.jar /home/alex/Repositories/nifi/minifi/minifi-bootstrap/target/surefire 2024-05-02T01-23-45_285-jvmRun1 surefire7430014280798465908tmp surefire_1822912697619789155176tmp"/>
    <property name="surefire.test.class.path" value="/home/alex/Repositories/nifi/minifi/minifi-bootstrap/target/test-classes:/home/alex/Repositories/nifi/minifi/minifi-bootstrap/target/classes:/home/alex/.m2/repository/org/slf4j/slf4j-api/1.7.32/slf4j-api-1.7.32.jar:/home/alex/.m2/repository/ch/qos/logback/logback-classic/1.2.6/logback-classic-1.2.6.jar:/home/alex/.m2/repository/ch/qos/logback/logback-core/1.2.6/logback-core-1.2.6.jar:/home/alex/Repositories/nifi/nifi-api/target/classes:/home/alex/Repositories/nifi/nifi-commons/nifi-bootstrap-utils/target/classes:/home/alex/.m2/repository/net/java/dev/jna/jna-platform/4.4.0/jna-platform-4.4.0.jar:/home/alex/.m2/repository/net/java/dev/jna/jna/4.4.0/jna-4.4.0.jar:/home/alex/Repositories/nifi/nifi-nar-bundles/nifi-extension-utils/nifi-processor-utils/target/classes:/home/alex/Repositories/nifi/nifi-commons/nifi-security-socket-ssl/target/classes:/home/alex/.m2/repository/org/apache/commons/commons-lang3/3.9/commons-lang3-3.9.jar:/home/alex/.m2/repository/com/fasterxml/jackson/core/jackson-databind/2.12.3/jackson-databind-2.12.3.jar:/home/alex/.m2/repository/com/fasterxml/jackson/core/jackson-annotations/2.12.3/jackson-annotations-2.12.3.jar:/home/alex/.m2/repository/com/fasterxml/jackson/core/jackson-core/2.12.3/jackson-core-2.12.3.jar:/home/alex/Repositories/nifi/nifi-nar-bundles/nifi-standard-services/nifi-record-serialization-service-api/target/classes:/home/alex/Repositories/nifi/nifi-commons/nifi-record/target/classes:/home/alex/Repositories/nifi/nifi-nar-bundles/nifi-extension-utils/nifi-event-transport/target/classes:/home/alex/.m2/repository/io/netty/netty-handler/4.1.69.Final/netty-handler-4.1.69.Final.jar:/home/alex/.m2/repository/io/netty/netty-common/4.1.69.Final/netty-common-4.1.69.Final.jar:/home/alex/.m2/repository/io/netty/netty-resolver/4.1.69.Final/netty-resolver-4.1.69.Final.jar:/home/alex/.m2/repository/io/netty/netty-buffer/4.1.69.Final/netty-buffer-4.1.69.Final.jar:/home/alex/.m2/repository/io/netty/netty-transport/4.1.69.Final/netty-transport-4.1.69.Final.jar:/home/alex/.m2/repository/io/netty/netty-codec/4.1.69.Final/netty-codec-4.1.69.Final.jar:/home/alex/Repositories/nifi/nifi-commons/nifi-expression-language/target/classes:/home/alex/.m2/repository/org/antlr/antlr-runtime/3.5.2/antlr-runtime-3.5.2.jar:/home/alex/Repositories/nifi/nifi-commons/nifi-parameter/target/classes:/home/alex/Repositories/nifi/nifi-commons/nifi-uuid5/target/classes:/home/alex/.m2/repository/com/jayway/jsonpath/json-path/2.6.0/json-path-2.6.0.jar:/home/alex/.m2/repository/net/minidev/json-smart/2.4.7/json-smart-2.4.7.jar:/home/alex/.m2/repository/net/minidev/accessors-smart/2.4.7/accessors-smart-2.4.7.jar:/home/alex/.m2/repository/org/ow2/asm/asm/9.1/asm-9.1.jar:/home/alex/.m2/repository/org/apache/commons/commons-text/1.8/commons-text-1.8.jar:/home/alex/.m2/repository/commons-codec/commons-codec/1.10/commons-codec-1.10.jar:/home/alex/Repositories/nifi/minifi/minifi-commons/minifi-utils/target/classes:/home/alex/Repositories/nifi/nifi-commons/nifi-utils/target/classes:/home/alex/Repositories/nifi/nifi-commons/nifi-properties/target/classes:/home/alex/Repositories/nifi/nifi-commons/nifi-property-utils/target/classes:/home/alex/.m2/repository/org/yaml/snakeyaml/1.29/snakeyaml-1.29.jar:/home/alex/Repositories/nifi/minifi/minifi-commons/minifi-commons-schema/target/classes:/home/alex/.m2/repository/org/eclipse/jetty/jetty-server/9.4.44.v20210927/jetty-server-9.4.44.v20210927.jar:/home/alex/.m2/repository/javax/servlet/javax.servlet-api/3.1.0/javax.servlet-api-3.1.0.jar:/home/alex/.m2/repository/org/eclipse/jetty/jetty-http/9.4.44.v20210927/jetty-http-9.4.44.v20210927.jar:/home/alex/.m2/repository/org/eclipse/jetty/jetty-util/9.4.44.v20210927/jetty-util-9.4.44.v20210927.jar:/home/alex/.m2/repository/org/eclipse/jetty/jetty-io/9.4.44.v20210927/jetty-io-9.4.44.v20210927.jar:/home/alex/.m2/repository/org/eclipse/jetty/jetty-servlet/9.4.44.v20210927/jetty-servlet-9.4.44.v20210927.jar:/home/alex/.m2/repository/org/eclipse/jetty/jetty-security/9.4.44.v20210927/jetty-security-9.4.44.v20210927.jar:/home/alex/.m2/repository/org/eclipse/jetty/jetty-util-ajax/9.4.44.v20210927/jetty-util-ajax-9.4.44.v20210927.jar:/home/alex/.m2/repository/com/squareup/okhttp3/okhttp/3.12.3/okhttp-3.12.3.jar:/home/alex/.m2/repository/com/squareup/okio/okio/1.15.0/okio-1.15.0.jar:/home/alex/.m2/repository/commons-io/commons-io/2.10.0/commons-io-2.10.0.jar:/home/alex/.m2/repository/junit/junit/4.13.2/junit-4.13.2.jar:/home/alex/.m2/repository/org/hamcrest/hamcrest-core/1.3/hamcrest-core-1.3.jar:/home/alex/.m2/repository/org/mockito/mockito-all/1.10.19/mockito-all-1.10.19.jar:/home/alex/.m2/repository/org/slf4j/slf4j-simple/1.7.32/slf4j-simple-1.7.32.jar:/home/alex/.m2/repository/org/junit/jupiter/junit-jupiter-api/5.7.2/junit-jupiter-api-5.7.2.jar:/home/alex/.m2/repository/org/apiguardian/apiguardian-api/1.1.0/apiguardian-api-1.1.0.jar:/home/alex/.m2/repository/org/opentest4j/opentest4j/1.2.0/opentest4j-1.2.0.jar:/home/alex/.m2/repository/org/junit/platform/junit-platform-commons/1.7.2/junit-platform-commons-1.7.2.jar:/home/alex/.m2/repository/org/junit/jupiter/junit-jupiter-engine/5.7.2/junit-jupiter-engine-5.7.2.jar:/home/alex/.m2/repository/org/junit/platform/junit-platform-engine/1.7.2/junit-platform-engine-1.7.2.jar:/home/alex/.m2/repository/org/junit/vintage/junit-vintage-engine/5.7.2/junit-vintage-engine-5.7.2.jar:/home/alex/.m2/repository/org/junit/jupiter/junit-jupiter-params/5.7.2/junit-jupiter-params-5.7.2.jar:/home/alex/.m2/repository/org/mockito/mockito-core/3.11.2/mockito-core-3.11.2.jar:/home/alex/.m2/repository/net/bytebuddy/byte-buddy/1.11.3/byte-buddy-1.11.3.jar:/home/alex/.m2/repository/net/bytebuddy/byte-buddy-agent/1.11.3/byte-buddy-agent-1.11.3.jar:/home/alex/.m2/repository/org/objenesis/objenesis/3.2/objenesis-3.2.jar:/home/alex/.m2/repository/org/mockito/mockito-junit-jupiter/3.11.2/mockito-junit-jupiter-3.11.2.jar:/home/alex/.m2/repository/org/codehaus/groovy/groovy-test/2.5.14/groovy-test-2.5.14.jar:/home/alex/.m2/repository/org/codehaus/groovy/groovy/2.5.14/groovy-2.5.14.jar:"/>
    <property name="sun.cpu.endian" value="little"/>
    <property name="user.home" value="/home/alex"/>
    <property name="user.language" value="en"/>
    <property name="java.specification.vendor" value="Oracle Corporation"/>
    <property name="java.home" value="/usr/lib/jvm/java-8-openjdk-amd64/jre"/>
    <property name="basedir" value="/home/alex/Repositories/nifi/minifi/minifi-bootstrap"/>
    <property name="file.separator" value="/"/>
    <property name="line.separator" value="&#10;"/>
    <property name="java.vm.specification.vendor" value="Oracle Corporation"/>
    <property name="java.specification.name" value="Java Platform API Specification"/>
    <property name="java.awt.graphicsenv" value="sun.awt.X11GraphicsEnvironment"/>
    <property name="java.awt.headless" value="true"/>
    <property name="surefire.real.class.path" value="/home/alex/Repositories/nifi/minifi/minifi-bootstrap/target/surefire/surefirebooter9035609157176473370.jar"/>
    <property name="sun.boot.class.path" value="/usr/lib/jvm/java-8-openjdk-amd64/jre/lib/resources.jar:/usr/lib/jvm/java-8-openjdk-amd64/jre/lib/rt.jar:/usr/lib/jvm/java-8-openjdk-amd64/jre/lib/sunrsasign.jar:/usr/lib/jvm/java-8-openjdk-amd64/jre/lib/jsse.jar:/usr/lib/jvm/java-8-openjdk-amd64/jre/lib/jce.jar:/usr/lib/jvm/java-8-openjdk-amd64/jre/lib/charsets.jar:/usr/lib/jvm/java-8-openjdk-amd64/jre/lib/jfr.jar:/usr/lib/jvm/java-8-openjdk-amd64/jre/classes"/>
    <property name="sun.management.compiler" value="HotSpot 64-Bit Tiered Compilers"/>
    <property name="java.runtime.version" value="1.8.0_402-8u402-ga-2ubuntu1~22.04-b06"/>
    <property name="java.net.preferIPv4Stack" value="true"/>
    <property name="user.name" value="alex"/>
    <property name="path.separator" value=":"/>
    <property name="os.version" value="6.5.0-28-generic"/>
    <property name="java.endorsed.dirs" value="/usr/lib/jvm/java-8-openjdk-amd64/jre/lib/endorsed"/>
    <property name="java.runtime.name" value="OpenJDK Runtime Environment"/>
    <property name="file.encoding" value="UTF-8"/>
    <property name="java.vm.name" value="OpenJDK 64-Bit Server VM"/>
    <property name="localRepository" value="/home/alex/.m2/repository"/>
    <property name="java.vendor.url.bug" value="http://bugreport.sun.com/bugreport/"/>
    <property name="jetty.git.hash" value="8da83308eeca865e495e53ef315a249d63ba9332"/>
    <property name="java.io.tmpdir" value="/tmp"/>
    <property name="java.version" value="1.8.0_402"/>
    <property name="user.dir" value="/home/alex/Repositories/nifi/minifi/minifi-bootstrap"/>
    <property name="os.arch" value="amd64"/>
    <property name="java.vm.specification.name" value="Java Virtual Machine Specification"/>
    <property name="java.awt.printerjob" value="sun.print.PSPrinterJob"/>
    <property name="sun.os.patch.level" value="unknown"/>
    <property name="java.library.path" value="/usr/java/packages/lib/amd64:/usr/lib/x86_64-linux-gnu/jni:/lib/x86_64-linux-gnu:/usr/lib/x86_64-linux-gnu:/usr/lib/jni:/lib:/usr/lib"/>
    <property name="java.vm.info" value="mixed mode"/>
    <property name="java.vendor" value="Private Build"/>
    <property name="java.vm.version" value="25.402-b06"/>
    <property name="java.specification.maintenance.version" value="5"/>
    <property name="java.ext.dirs" value="/usr/lib/jvm/java-8-openjdk-amd64/jre/lib/ext:/usr/java/packages/lib/ext"/>
    <property name="sun.io.unicode.encoding" value="UnicodeLittle"/>
    <property name="java.class.version" value="52.0"/>
  </properties>
  <testcase name="testNewUpdateWithPath" classname="org.apache.nifi.minifi.bootstrap.configuration.ingestors.PullHttpChangeIngestorTest" time="0.265">
    <system-out><![CDATA[01:46:18.121 [main] DEBUG org.eclipse.jetty.util.log - Logging to Logger[org.eclipse.jetty.util.log] via org.eclipse.jetty.util.log.Slf4jLog
01:46:18.123 [main] INFO org.eclipse.jetty.util.log - Logging initialized @866ms to org.eclipse.jetty.util.log.Slf4jLog
01:46:18.129 [main] DEBUG org.eclipse.jetty.util.component.ContainerLifeCycle - QueuedThreadPool[qtp961160488]@394a2528{STOPPED,8<=0<=200,i=0,r=-1,q=0}[NO_TRY] added {org.eclipse.jetty.util.thread.ThreadPoolBudget@2a266d09,POJO}
01:46:18.143 [main] DEBUG org.eclipse.jetty.util.component.ContainerLifeCycle - Server@53aad5d5{STOPPED}[9.4.44.v20210927] added {QueuedThreadPool[qtp961160488]@394a2528{STOPPED,8<=0<=200,i=0,r=-1,q=0}[NO_TRY],AUTO}
01:46:18.146 [main] DEBUG org.eclipse.jetty.util.component.ContainerLifeCycle - HandlerCollection@2892dae4{STOPPED} added {JettyHandler@355ce81c{STOPPED},AUTO}
01:46:18.146 [main] DEBUG org.eclipse.jetty.util.component.ContainerLifeCycle - Server@53aad5d5{STOPPED}[9.4.44.v20210927] added {HandlerCollection@2892dae4{STOPPED},MANAGED}
01:46:18.162 [main] DEBUG org.eclipse.jetty.util.component.ContainerLifeCycle - HttpConnectionFactory@22e357dc[HTTP/1.1] added {HttpConfiguration@49912c99{32768/8192,8192/8192,https://:0,[]},POJO}
01:46:18.171 [main] DEBUG org.eclipse.jetty.util.component.ContainerLifeCycle - ServerConnector@446293d{null, ()}{0.0.0.0:0} added {Server@53aad5d5{STOPPED}[9.4.44.v20210927],UNMANAGED}
01:46:18.171 [main] DEBUG org.eclipse.jetty.util.component.ContainerLifeCycle - ServerConnector@446293d{null, ()}{0.0.0.0:0} added {QueuedThreadPool[qtp961160488]@394a2528{STOPPED,8<=0<=200,i=0,r=-1,q=0}[NO_TRY],AUTO}
01:46:18.171 [main] DEBUG org.eclipse.jetty.util.component.ContainerLifeCycle - ServerConnector@446293d{null, ()}{0.0.0.0:0} added {ScheduledExecutorScheduler@3059cbc{STOPPED},AUTO}
01:46:18.171 [main] DEBUG org.eclipse.jetty.util.component.ContainerLifeCycle - ServerConnector@446293d{null, ()}{0.0.0.0:0} added {org.eclipse.jetty.io.ArrayByteBufferPool@7ea9e1e2,POJO}
01:46:18.171 [main] DEBUG org.eclipse.jetty.util.component.ContainerLifeCycle - ServerConnector@446293d{null, (http/1.1)}{0.0.0.0:0} added {HttpConnectionFactory@22e357dc[HTTP/1.1],AUTO}
01:46:18.172 [main] DEBUG org.eclipse.jetty.server.AbstractConnector - ServerConnector@446293d{HTTP/1.1, (http/1.1)}{0.0.0.0:0} added HttpConnectionFactory@22e357dc[HTTP/1.1]
01:46:18.175 [main] DEBUG org.eclipse.jetty.util.component.ContainerLifeCycle - ServerConnector@446293d{HTTP/1.1, (http/1.1)}{0.0.0.0:0} added {SelectorManager@ServerConnector@446293d{HTTP/1.1, (http/1.1)}{0.0.0.0:0},MANAGED}
01:46:18.175 [main] DEBUG org.eclipse.jetty.util.component.ContainerLifeCycle - Server@53aad5d5{STOPPED}[9.4.44.v20210927] added {ServerConnector@446293d{HTTP/1.1, (http/1.1)}{localhost:0},AUTO}
01:46:18.176 [main] DEBUG org.eclipse.jetty.util.component.AbstractLifeCycle - starting Server@53aad5d5{STOPPED}[9.4.44.v20210927]
01:46:18.177 [main] DEBUG org.eclipse.jetty.util.component.ContainerLifeCycle - Server@53aad5d5{STARTING}[9.4.44.v20210927] added {ErrorHandler@4d5b6aac{STOPPED},AUTO}
01:46:18.178 [main] INFO org.eclipse.jetty.server.Server - jetty-9.4.44.v20210927; built: 2021-09-27T23:02:44.612Z; git: 8da83308eeca865e495e53ef315a249d63ba9332; jvm 1.8.0_402-8u402-ga-2ubuntu1~22.04-b06
01:46:18.188 [main] DEBUG org.eclipse.jetty.server.handler.AbstractHandler - starting Server@53aad5d5{STARTING}[9.4.44.v20210927]
01:46:18.188 [main] DEBUG org.eclipse.jetty.util.component.AbstractLifeCycle - starting QueuedThreadPool[qtp961160488]@394a2528{STOPPED,8<=0<=200,i=0,r=-1,q=0}[NO_TRY]
01:46:18.189 [main] DEBUG org.eclipse.jetty.util.thread.ReservedThreadExecutor - ReservedThreadExecutor@383bfa16{reserved=0/8,pending=0}
01:46:18.189 [main] DEBUG org.eclipse.jetty.util.component.ContainerLifeCycle - QueuedThreadPool[qtp961160488]@394a2528{STARTING,8<=0<=200,i=0,r=-1,q=0}[ReservedThreadExecutor@383bfa16{reserved=0/8,pending=0}] added {ReservedThreadExecutor@383bfa16{reserved=0/8,pending=0},AUTO}
01:46:18.189 [main] DEBUG org.eclipse.jetty.util.component.AbstractLifeCycle - starting ReservedThreadExecutor@383bfa16{reserved=0/8,pending=0}
01:46:18.192 [main] DEBUG org.eclipse.jetty.util.component.AbstractLifeCycle - STARTED @935ms ReservedThreadExecutor@383bfa16{reserved=0/8,pending=0}
01:46:18.193 [main] DEBUG org.eclipse.jetty.util.thread.QueuedThreadPool - Starting Thread[qtp961160488-15,5,main]
01:46:18.193 [main] DEBUG org.eclipse.jetty.util.thread.QueuedThreadPool - Starting Thread[qtp961160488-16,5,main]
01:46:18.193 [main] DEBUG org.eclipse.jetty.util.thread.QueuedThreadPool - Starting Thread[qtp961160488-17,5,main]
01:46:18.193 [qtp961160488-15] DEBUG org.eclipse.jetty.util.thread.QueuedThreadPool - Runner started for QueuedThreadPool[qtp961160488]@394a2528{STARTING,8<=2<=200,i=2,r=-1,q=0}[ReservedThreadExecutor@383bfa16{reserved=0/8,pending=0}]
01:46:18.193 [main] DEBUG org.eclipse.jetty.util.thread.QueuedThreadPool - Starting Thread[qtp961160488-18,5,main]
01:46:18.193 [qtp961160488-16] DEBUG org.eclipse.jetty.util.thread.QueuedThreadPool - Runner started for QueuedThreadPool[qtp961160488]@394a2528{STARTING,8<=3<=200,i=3,r=-1,q=0}[ReservedThreadExecutor@383bfa16{reserved=0/8,pending=0}]
01:46:18.194 [main] DEBUG org.eclipse.jetty.util.thread.QueuedThreadPool - Starting Thread[qtp961160488-19,5,main]
01:46:18.194 [qtp961160488-17] DEBUG org.eclipse.jetty.util.thread.QueuedThreadPool - Runner started for QueuedThreadPool[qtp961160488]@394a2528{STARTING,8<=4<=200,i=4,r=-1,q=0}[ReservedThreadExecutor@383bfa16{reserved=0/8,pending=0}]
01:46:18.194 [main] DEBUG org.eclipse.jetty.util.thread.QueuedThreadPool - Starting Thread[qtp961160488-20,5,main]
01:46:18.194 [qtp961160488-18] DEBUG org.eclipse.jetty.util.thread.QueuedThreadPool - Runner started for QueuedThreadPool[qtp961160488]@394a2528{STARTING,8<=5<=200,i=5,r=-1,q=0}[ReservedThreadExecutor@383bfa16{reserved=0/8,pending=0}]
01:46:18.194 [main] DEBUG org.eclipse.jetty.util.thread.QueuedThreadPool - Starting Thread[qtp961160488-21,5,main]
01:46:18.200 [main] DEBUG org.eclipse.jetty.util.thread.QueuedThreadPool - Starting Thread[qtp961160488-22,5,main]
01:46:18.200 [qtp961160488-20] DEBUG org.eclipse.jetty.util.thread.QueuedThreadPool - Runner started for QueuedThreadPool[qtp961160488]@394a2528{STARTING,8<=8<=200,i=8,r=-1,q=0}[ReservedThreadExecutor@383bfa16{reserved=0/8,pending=0}]
01:46:18.201 [main] DEBUG org.eclipse.jetty.util.component.AbstractLifeCycle - STARTED @944ms QueuedThreadPool[qtp961160488]@394a2528{STARTED,8<=8<=200,i=8,r=-1,q=0}[ReservedThreadExecutor@383bfa16{reserved=0/8,pending=0}]
01:46:18.194 [qtp961160488-19] DEBUG org.eclipse.jetty.util.thread.QueuedThreadPool - Runner started for QueuedThreadPool[qtp961160488]@394a2528{STARTING,8<=6<=200,i=6,r=-1,q=0}[ReservedThreadExecutor@383bfa16{reserved=0/8,pending=0}]
01:46:18.201 [main] DEBUG org.eclipse.jetty.util.component.AbstractLifeCycle - starting HandlerCollection@2892dae4{STOPPED}
01:46:18.201 [main] DEBUG org.eclipse.jetty.server.handler.AbstractHandler - starting HandlerCollection@2892dae4{STARTING}
01:46:18.201 [main] DEBUG org.eclipse.jetty.util.component.AbstractLifeCycle - starting JettyHandler@355ce81c{STOPPED}
01:46:18.201 [main] DEBUG org.eclipse.jetty.server.handler.AbstractHandler - starting JettyHandler@355ce81c{STARTING}
01:46:18.200 [qtp961160488-21] DEBUG org.eclipse.jetty.util.thread.QueuedThreadPool - Runner started for QueuedThreadPool[qtp961160488]@394a2528{STARTING,8<=8<=200,i=8,r=-1,q=0}[ReservedThreadExecutor@383bfa16{reserved=0/8,pending=0}]
01:46:18.201 [main] DEBUG org.eclipse.jetty.util.component.AbstractLifeCycle - STARTED @945ms JettyHandler@355ce81c{STARTED}
01:46:18.201 [qtp961160488-22] DEBUG org.eclipse.jetty.util.thread.QueuedThreadPool - Runner started for QueuedThreadPool[qtp961160488]@394a2528{STARTED,8<=8<=200,i=8,r=-1,q=0}[ReservedThreadExecutor@383bfa16{reserved=0/8,pending=0}]
01:46:18.201 [main] DEBUG org.eclipse.jetty.util.component.AbstractLifeCycle - STARTED @945ms HandlerCollection@2892dae4{STARTED}
01:46:18.201 [main] DEBUG org.eclipse.jetty.util.component.AbstractLifeCycle - starting ErrorHandler@4d5b6aac{STOPPED}
01:46:18.202 [main] DEBUG org.eclipse.jetty.server.handler.AbstractHandler - starting ErrorHandler@4d5b6aac{STARTING}
01:46:18.202 [main] DEBUG org.eclipse.jetty.util.component.AbstractLifeCycle - STARTED @945ms ErrorHandler@4d5b6aac{STARTED}
01:46:18.202 [main] DEBUG org.eclipse.jetty.util.component.AbstractLifeCycle - starting ServerConnector@446293d{HTTP/1.1, (http/1.1)}{localhost:0}
01:46:18.205 [main] DEBUG org.eclipse.jetty.util.component.ContainerLifeCycle - ServerConnector@446293d{HTTP/1.1, (http/1.1)}{localhost:46379} added {sun.nio.ch.ServerSocketChannelImpl[/127.0.0.1:46379],POJO}
01:46:18.206 [main] DEBUG org.eclipse.jetty.util.component.AbstractLifeCycle - starting ScheduledExecutorScheduler@3059cbc{STOPPED}
01:46:18.207 [main] DEBUG org.eclipse.jetty.util.component.AbstractLifeCycle - STARTED @951ms ScheduledExecutorScheduler@3059cbc{STARTED}
01:46:18.207 [main] DEBUG org.eclipse.jetty.util.component.AbstractLifeCycle - starting HttpConnectionFactory@22e357dc[HTTP/1.1]
01:46:18.207 [main] DEBUG org.eclipse.jetty.util.component.AbstractLifeCycle - STARTED @951ms HttpConnectionFactory@22e357dc[HTTP/1.1]
01:46:18.207 [main] DEBUG org.eclipse.jetty.util.component.AbstractLifeCycle - starting SelectorManager@ServerConnector@446293d{HTTP/1.1, (http/1.1)}{localhost:46379}
01:46:18.221 [main] DEBUG org.eclipse.jetty.util.component.ContainerLifeCycle - EatWhatYouKill@25fb8912/SelectorProducer@d5b810e/IDLE/p=false/QueuedThreadPool[qtp961160488]@394a2528{STARTED,8<=8<=200,i=8,r=-1,q=0}[ReservedThreadExecutor@383bfa16{reserved=0/8,pending=0}][pc=0,pic=0,pec=0,epc=0]@2024-05-02T01:46:18.219+01:00 added {SelectorProducer@d5b810e,POJO}
01:46:18.222 [main] DEBUG org.eclipse.jetty.util.component.ContainerLifeCycle - EatWhatYouKill@25fb8912/SelectorProducer@d5b810e/IDLE/p=false/QueuedThreadPool[qtp961160488]@394a2528{STARTED,8<=8<=200,i=8,r=-1,q=0}[ReservedThreadExecutor@383bfa16{reserved=0/8,pending=0}][pc=0,pic=0,pec=0,epc=0]@2024-05-02T01:46:18.222+01:00 added {QueuedThreadPool[qtp961160488]@394a2528{STARTED,8<=8<=200,i=8,r=-1,q=0}[ReservedThreadExecutor@383bfa16{reserved=0/8,pending=0}],UNMANAGED}
01:46:18.222 [main] DEBUG org.eclipse.jetty.util.thread.strategy.EatWhatYouKill - EatWhatYouKill@25fb8912/SelectorProducer@d5b810e/IDLE/p=false/QueuedThreadPool[qtp961160488]@394a2528{STARTED,8<=8<=200,i=8,r=-1,q=0}[ReservedThreadExecutor@383bfa16{reserved=0/8,pending=0}][pc=0,pic=0,pec=0,epc=0]@2024-05-02T01:46:18.222+01:00 created
01:46:18.222 [main] DEBUG org.eclipse.jetty.util.component.ContainerLifeCycle - ManagedSelector@194bcebf{STOPPED} id=0 keys=-1 selected=-1 updates=0 added {EatWhatYouKill@25fb8912/SelectorProducer@d5b810e/IDLE/p=false/QueuedThreadPool[qtp961160488]@394a2528{STARTED,8<=8<=200,i=8,r=-1,q=0}[ReservedThreadExecutor@383bfa16{reserved=0/8,pending=0}][pc=0,pic=0,pec=0,epc=0]@2024-05-02T01:46:18.222+01:00,MANAGED}
01:46:18.223 [main] DEBUG org.eclipse.jetty.util.component.ContainerLifeCycle - SelectorManager@ServerConnector@446293d{HTTP/1.1, (http/1.1)}{localhost:46379} added {ManagedSelector@194bcebf{STOPPED} id=0 keys=-1 selected=-1 updates=0,AUTO}
01:46:18.223 [main] DEBUG org.eclipse.jetty.util.component.ContainerLifeCycle - EatWhatYouKill@17497425/SelectorProducer@f0da945/IDLE/p=false/QueuedThreadPool[qtp961160488]@394a2528{STARTED,8<=8<=200,i=8,r=-1,q=0}[ReservedThreadExecutor@383bfa16{reserved=0/8,pending=0}][pc=0,pic=0,pec=0,epc=0]@2024-05-02T01:46:18.223+01:00 added {SelectorProducer@f0da945,POJO}
01:46:18.223 [main] DEBUG org.eclipse.jetty.util.component.ContainerLifeCycle - EatWhatYouKill@17497425/SelectorProducer@f0da945/IDLE/p=false/QueuedThreadPool[qtp961160488]@394a2528{STARTED,8<=8<=200,i=8,r=-1,q=0}[ReservedThreadExecutor@383bfa16{reserved=0/8,pending=0}][pc=0,pic=0,pec=0,epc=0]@2024-05-02T01:46:18.223+01:00 added {QueuedThreadPool[qtp961160488]@394a2528{STARTED,8<=8<=200,i=8,r=-1,q=0}[ReservedThreadExecutor@383bfa16{reserved=0/8,pending=0}],UNMANAGED}
01:46:18.224 [main] DEBUG org.eclipse.jetty.util.thread.strategy.EatWhatYouKill - EatWhatYouKill@17497425/SelectorProducer@f0da945/IDLE/p=false/QueuedThreadPool[qtp961160488]@394a2528{STARTED,8<=8<=200,i=8,r=-1,q=0}[ReservedThreadExecutor@383bfa16{reserved=0/8,pending=0}][pc=0,pic=0,pec=0,epc=0]@2024-05-02T01:46:18.224+01:00 created
01:46:18.224 [main] DEBUG org.eclipse.jetty.util.component.ContainerLifeCycle - ManagedSelector@4803b726{STOPPED} id=1 keys=-1 selected=-1 updates=0 added {EatWhatYouKill@17497425/SelectorProducer@f0da945/IDLE/p=false/QueuedThreadPool[qtp961160488]@394a2528{STARTED,8<=8<=200,i=8,r=-1,q=0}[ReservedThreadExecutor@383bfa16{reserved=0/8,pending=0}][pc=0,pic=0,pec=0,epc=0]@2024-05-02T01:46:18.224+01:00,MANAGED}
01:46:18.224 [main] DEBUG org.eclipse.jetty.util.component.ContainerLifeCycle - SelectorManager@ServerConnector@446293d{HTTP/1.1, (http/1.1)}{localhost:46379} added {ManagedSelector@4803b726{STOPPED} id=1 keys=-1 selected=-1 updates=0,AUTO}
01:46:18.225 [main] DEBUG org.eclipse.jetty.util.component.ContainerLifeCycle - EatWhatYouKill@ffaa6af/SelectorProducer@53ce1329/IDLE/p=false/QueuedThreadPool[qtp961160488]@394a2528{STARTED,8<=8<=200,i=8,r=-1,q=0}[ReservedThreadExecutor@383bfa16{reserved=0/8,pending=0}][pc=0,pic=0,pec=0,epc=0]@2024-05-02T01:46:18.225+01:00 added {SelectorProducer@53ce1329,POJO}
01:46:18.225 [main] DEBUG org.eclipse.jetty.util.component.ContainerLifeCycle - EatWhatYouKill@ffaa6af/SelectorProducer@53ce1329/IDLE/p=false/QueuedThreadPool[qtp961160488]@394a2528{STARTED,8<=8<=200,i=8,r=-1,q=0}[ReservedThreadExecutor@383bfa16{reserved=0/8,pending=0}][pc=0,pic=0,pec=0,epc=0]@2024-05-02T01:46:18.225+01:00 added {QueuedThreadPool[qtp961160488]@394a2528{STARTED,8<=8<=200,i=8,r=-1,q=0}[ReservedThreadExecutor@383bfa16{reserved=0/8,pending=0}],UNMANAGED}
01:46:18.225 [main] DEBUG org.eclipse.jetty.util.thread.strategy.EatWhatYouKill - EatWhatYouKill@ffaa6af/SelectorProducer@53ce1329/IDLE/p=false/QueuedThreadPool[qtp961160488]@394a2528{STARTED,8<=8<=200,i=8,r=-1,q=0}[ReservedThreadExecutor@383bfa16{reserved=0/8,pending=0}][pc=0,pic=0,pec=0,epc=0]@2024-05-02T01:46:18.225+01:00 created
01:46:18.226 [main] DEBUG org.eclipse.jetty.util.component.ContainerLifeCycle - ManagedSelector@316bcf94{STOPPED} id=2 keys=-1 selected=-1 updates=0 added {EatWhatYouKill@ffaa6af/SelectorProducer@53ce1329/IDLE/p=false/QueuedThreadPool[qtp961160488]@394a2528{STARTED,8<=8<=200,i=8,r=-1,q=0}[ReservedThreadExecutor@383bfa16{reserved=0/8,pending=0}][pc=0,pic=0,pec=0,epc=0]@2024-05-02T01:46:18.226+01:00,MANAGED}
01:46:18.226 [main] DEBUG org.eclipse.jetty.util.component.ContainerLifeCycle - SelectorManager@ServerConnector@446293d{HTTP/1.1, (http/1.1)}{localhost:46379} added {ManagedSelector@316bcf94{STOPPED} id=2 keys=-1 selected=-1 updates=0,AUTO}
01:46:18.226 [main] DEBUG org.eclipse.jetty.util.component.ContainerLifeCycle - EatWhatYouKill@6404f418/SelectorProducer@3e11f9e9/IDLE/p=false/QueuedThreadPool[qtp961160488]@394a2528{STARTED,8<=8<=200,i=8,r=-1,q=0}[ReservedThreadExecutor@383bfa16{reserved=0/8,pending=0}][pc=0,pic=0,pec=0,epc=0]@2024-05-02T01:46:18.226+01:00 added {SelectorProducer@3e11f9e9,POJO}
01:46:18.227 [main] DEBUG org.eclipse.jetty.util.component.ContainerLifeCycle - EatWhatYouKill@6404f418/SelectorProducer@3e11f9e9/IDLE/p=false/QueuedThreadPool[qtp961160488]@394a2528{STARTED,8<=8<=200,i=8,r=-1,q=0}[ReservedThreadExecutor@383bfa16{reserved=0/8,pending=0}][pc=0,pic=0,pec=0,epc=0]@2024-05-02T01:46:18.227+01:00 added {QueuedThreadPool[qtp961160488]@394a2528{STARTED,8<=8<=200,i=8,r=-1,q=0}[ReservedThreadExecutor@383bfa16{reserved=0/8,pending=0}],UNMANAGED}
01:46:18.227 [main] DEBUG org.eclipse.jetty.util.thread.strategy.EatWhatYouKill - EatWhatYouKill@6404f418/SelectorProducer@3e11f9e9/IDLE/p=false/QueuedThreadPool[qtp961160488]@394a2528{STARTED,8<=8<=200,i=8,r=-1,q=0}[ReservedThreadExecutor@383bfa16{reserved=0/8,pending=0}][pc=0,pic=0,pec=0,epc=0]@2024-05-02T01:46:18.227+01:00 created
01:46:18.227 [main] DEBUG org.eclipse.jetty.util.component.ContainerLifeCycle - ManagedSelector@1de5f259{STOPPED} id=3 keys=-1 selected=-1 updates=0 added {EatWhatYouKill@6404f418/SelectorProducer@3e11f9e9/IDLE/p=false/QueuedThreadPool[qtp961160488]@394a2528{STARTED,8<=8<=200,i=8,r=-1,q=0}[ReservedThreadExecutor@383bfa16{reserved=0/8,pending=0}][pc=0,pic=0,pec=0,epc=0]@2024-05-02T01:46:18.227+01:00,MANAGED}
01:46:18.228 [main] DEBUG org.eclipse.jetty.util.component.ContainerLifeCycle - SelectorManager@ServerConnector@446293d{HTTP/1.1, (http/1.1)}{localhost:46379} added {ManagedSelector@1de5f259{STOPPED} id=3 keys=-1 selected=-1 updates=0,AUTO}
01:46:18.228 [main] DEBUG org.eclipse.jetty.util.component.AbstractLifeCycle - starting ManagedSelector@194bcebf{STOPPED} id=0 keys=-1 selected=-1 updates=0
01:46:18.228 [main] DEBUG org.eclipse.jetty.util.component.AbstractLifeCycle - starting EatWhatYouKill@25fb8912/SelectorProducer@d5b810e/IDLE/p=false/QueuedThreadPool[qtp961160488]@394a2528{STARTED,8<=8<=200,i=8,r=-1,q=0}[ReservedThreadExecutor@383bfa16{reserved=0/8,pending=0}][pc=0,pic=0,pec=0,epc=0]@2024-05-02T01:46:18.228+01:00
01:46:18.228 [main] DEBUG org.eclipse.jetty.util.component.AbstractLifeCycle - STARTED @972ms EatWhatYouKill@25fb8912/SelectorProducer@d5b810e/IDLE/p=false/QueuedThreadPool[qtp961160488]@394a2528{STARTED,8<=8<=200,i=8,r=-1,q=0}[ReservedThreadExecutor@383bfa16{reserved=0/8,pending=0}][pc=0,pic=0,pec=0,epc=0]@2024-05-02T01:46:18.228+01:00
01:46:18.230 [main] DEBUG org.eclipse.jetty.util.thread.QueuedThreadPool - queue org.eclipse.jetty.io.ManagedSelector$$Lambda$253/838473569@957e06 startThread=0
01:46:18.230 [qtp961160488-15] DEBUG org.eclipse.jetty.util.thread.QueuedThreadPool - run org.eclipse.jetty.io.ManagedSelector$$Lambda$253/838473569@957e06 in QueuedThreadPool[qtp961160488]@394a2528{STARTED,8<=8<=200,i=7,r=-1,q=0}[ReservedThreadExecutor@383bfa16{reserved=0/8,pending=0}]
01:46:18.230 [main] DEBUG org.eclipse.jetty.io.ManagedSelector - Queued change lazy=false org.eclipse.jetty.io.ManagedSelector$Start@32502377 on ManagedSelector@194bcebf{STARTING} id=0 keys=0 selected=0 updates=0
01:46:18.231 [qtp961160488-15] DEBUG org.eclipse.jetty.util.thread.strategy.EatWhatYouKill - EatWhatYouKill@25fb8912/SelectorProducer@d5b810e/IDLE/p=false/QueuedThreadPool[qtp961160488]@394a2528{STARTED,8<=8<=200,i=7,r=-1,q=0}[ReservedThreadExecutor@383bfa16{reserved=0/8,pending=0}][pc=0,pic=0,pec=0,epc=0]@2024-05-02T01:46:18.23+01:00 tryProduce false
01:46:18.232 [qtp961160488-15] DEBUG org.eclipse.jetty.io.ManagedSelector - updateable 1
01:46:18.233 [qtp961160488-15] DEBUG org.eclipse.jetty.io.ManagedSelector - update org.eclipse.jetty.io.ManagedSelector$Start@32502377
01:46:18.233 [qtp961160488-15] DEBUG org.eclipse.jetty.io.ManagedSelector - updates 0
01:46:18.233 [qtp961160488-15] DEBUG org.eclipse.jetty.io.ManagedSelector - Selector sun.nio.ch.EPollSelectorImpl@733114a8 waiting with 0 keys
01:46:18.233 [main] DEBUG org.eclipse.jetty.util.component.AbstractLifeCycle - STARTED @977ms ManagedSelector@194bcebf{STARTED} id=0 keys=0 selected=0 updates=0
01:46:18.233 [main] DEBUG org.eclipse.jetty.util.component.AbstractLifeCycle - starting ManagedSelector@4803b726{STOPPED} id=1 keys=-1 selected=-1 updates=0
01:46:18.233 [main] DEBUG org.eclipse.jetty.util.component.AbstractLifeCycle - starting EatWhatYouKill@17497425/SelectorProducer@f0da945/IDLE/p=false/QueuedThreadPool[qtp961160488]@394a2528{STARTED,8<=8<=200,i=7,r=-1,q=0}[ReservedThreadExecutor@383bfa16{reserved=0/8,pending=0}][pc=0,pic=0,pec=0,epc=0]@2024-05-02T01:46:18.233+01:00
01:46:18.234 [main] DEBUG org.eclipse.jetty.util.component.AbstractLifeCycle - STARTED @977ms EatWhatYouKill@17497425/SelectorProducer@f0da945/IDLE/p=false/QueuedThreadPool[qtp961160488]@394a2528{STARTED,8<=8<=200,i=7,r=-1,q=0}[ReservedThreadExecutor@383bfa16{reserved=0/8,pending=0}][pc=0,pic=0,pec=0,epc=0]@2024-05-02T01:46:18.233+01:00
01:46:18.234 [main] DEBUG org.eclipse.jetty.util.thread.QueuedThreadPool - queue org.eclipse.jetty.io.ManagedSelector$$Lambda$253/838473569@2c1b194a startThread=0
01:46:18.234 [qtp961160488-16] DEBUG org.eclipse.jetty.util.thread.QueuedThreadPool - run org.eclipse.jetty.io.ManagedSelector$$Lambda$253/838473569@2c1b194a in QueuedThreadPool[qtp961160488]@394a2528{STARTED,8<=8<=200,i=6,r=-1,q=0}[ReservedThreadExecutor@383bfa16{reserved=0/8,pending=0}]
01:46:18.234 [main] DEBUG org.eclipse.jetty.io.ManagedSelector - Queued change lazy=false org.eclipse.jetty.io.ManagedSelector$Start@4dbb42b7 on ManagedSelector@4803b726{STARTING} id=1 keys=0 selected=0 updates=0
01:46:18.234 [qtp961160488-16] DEBUG org.eclipse.jetty.util.thread.strategy.EatWhatYouKill - EatWhatYouKill@17497425/SelectorProducer@f0da945/IDLE/p=false/QueuedThreadPool[qtp961160488]@394a2528{STARTED,8<=8<=200,i=6,r=-1,q=0}[ReservedThreadExecutor@383bfa16{reserved=0/8,pending=0}][pc=0,pic=0,pec=0,epc=0]@2024-05-02T01:46:18.234+01:00 tryProduce false
01:46:18.234 [qtp961160488-16] DEBUG org.eclipse.jetty.io.ManagedSelector - updateable 1
01:46:18.234 [qtp961160488-16] DEBUG org.eclipse.jetty.io.ManagedSelector - update org.eclipse.jetty.io.ManagedSelector$Start@4dbb42b7
01:46:18.234 [qtp961160488-16] DEBUG org.eclipse.jetty.io.ManagedSelector - updates 0
01:46:18.234 [qtp961160488-16] DEBUG org.eclipse.jetty.io.ManagedSelector - Selector sun.nio.ch.EPollSelectorImpl@11cfe143 waiting with 0 keys
01:46:18.234 [main] DEBUG org.eclipse.jetty.util.component.AbstractLifeCycle - STARTED @978ms ManagedSelector@4803b726{STARTED} id=1 keys=0 selected=0 updates=0
01:46:18.235 [main] DEBUG org.eclipse.jetty.util.component.AbstractLifeCycle - starting ManagedSelector@316bcf94{STOPPED} id=2 keys=-1 selected=-1 updates=0
01:46:18.235 [main] DEBUG org.eclipse.jetty.util.component.AbstractLifeCycle - starting EatWhatYouKill@ffaa6af/SelectorProducer@53ce1329/IDLE/p=false/QueuedThreadPool[qtp961160488]@394a2528{STARTED,8<=8<=200,i=6,r=-1,q=0}[ReservedThreadExecutor@383bfa16{reserved=0/8,pending=0}][pc=0,pic=0,pec=0,epc=0]@2024-05-02T01:46:18.235+01:00
01:46:18.235 [main] DEBUG org.eclipse.jetty.util.component.AbstractLifeCycle - STARTED @979ms EatWhatYouKill@ffaa6af/SelectorProducer@53ce1329/IDLE/p=false/QueuedThreadPool[qtp961160488]@394a2528{STARTED,8<=8<=200,i=6,r=-1,q=0}[ReservedThreadExecutor@383bfa16{reserved=0/8,pending=0}][pc=0,pic=0,pec=0,epc=0]@2024-05-02T01:46:18.235+01:00
01:46:18.235 [main] DEBUG org.eclipse.jetty.util.thread.QueuedThreadPool - queue org.eclipse.jetty.io.ManagedSelector$$Lambda$253/838473569@66f57048 startThread=0
01:46:18.235 [qtp961160488-17] DEBUG org.eclipse.jetty.util.thread.QueuedThreadPool - run org.eclipse.jetty.io.ManagedSelector$$Lambda$253/838473569@66f57048 in QueuedThreadPool[qtp961160488]@394a2528{STARTED,8<=8<=200,i=5,r=-1,q=0}[ReservedThreadExecutor@383bfa16{reserved=0/8,pending=0}]
01:46:18.235 [main] DEBUG org.eclipse.jetty.io.ManagedSelector - Queued change lazy=false org.eclipse.jetty.io.ManagedSelector$Start@550dbc7a on ManagedSelector@316bcf94{STARTING} id=2 keys=0 selected=0 updates=0
01:46:18.236 [qtp961160488-17] DEBUG org.eclipse.jetty.util.thread.strategy.EatWhatYouKill - EatWhatYouKill@ffaa6af/SelectorProducer@53ce1329/IDLE/p=false/QueuedThreadPool[qtp961160488]@394a2528{STARTED,8<=8<=200,i=5,r=-1,q=0}[ReservedThreadExecutor@383bfa16{reserved=0/8,pending=0}][pc=0,pic=0,pec=0,epc=0]@2024-05-02T01:46:18.235+01:00 tryProduce false
01:46:18.236 [qtp961160488-17] DEBUG org.eclipse.jetty.io.ManagedSelector - updateable 1
01:46:18.236 [qtp961160488-17] DEBUG org.eclipse.jetty.io.ManagedSelector - update org.eclipse.jetty.io.ManagedSelector$Start@550dbc7a
01:46:18.236 [qtp961160488-17] DEBUG org.eclipse.jetty.io.ManagedSelector - updates 0
01:46:18.236 [qtp961160488-17] DEBUG org.eclipse.jetty.io.ManagedSelector - Selector sun.nio.ch.EPollSelectorImpl@2216d458 waiting with 0 keys
01:46:18.236 [main] DEBUG org.eclipse.jetty.util.component.AbstractLifeCycle - STARTED @980ms ManagedSelector@316bcf94{STARTED} id=2 keys=0 selected=0 updates=0
01:46:18.236 [main] DEBUG org.eclipse.jetty.util.component.AbstractLifeCycle - starting ManagedSelector@1de5f259{STOPPED} id=3 keys=-1 selected=-1 updates=0
01:46:18.236 [main] DEBUG org.eclipse.jetty.util.component.AbstractLifeCycle - starting EatWhatYouKill@6404f418/SelectorProducer@3e11f9e9/IDLE/p=false/QueuedThreadPool[qtp961160488]@394a2528{STARTED,8<=8<=200,i=5,r=-1,q=0}[ReservedThreadExecutor@383bfa16{reserved=0/8,pending=0}][pc=0,pic=0,pec=0,epc=0]@2024-05-02T01:46:18.236+01:00
01:46:18.237 [main] DEBUG org.eclipse.jetty.util.component.AbstractLifeCycle - STARTED @980ms EatWhatYouKill@6404f418/SelectorProducer@3e11f9e9/IDLE/p=false/QueuedThreadPool[qtp961160488]@394a2528{STARTED,8<=8<=200,i=5,r=-1,q=0}[ReservedThreadExecutor@383bfa16{reserved=0/8,pending=0}][pc=0,pic=0,pec=0,epc=0]@2024-05-02T01:46:18.236+01:00
01:46:18.237 [main] DEBUG org.eclipse.jetty.util.thread.QueuedThreadPool - queue org.eclipse.jetty.io.ManagedSelector$$Lambda$253/838473569@21282ed8 startThread=0
01:46:18.237 [qtp961160488-18] DEBUG org.eclipse.jetty.util.thread.QueuedThreadPool - run org.eclipse.jetty.io.ManagedSelector$$Lambda$253/838473569@21282ed8 in QueuedThreadPool[qtp961160488]@394a2528{STARTED,8<=8<=200,i=4,r=-1,q=0}[ReservedThreadExecutor@383bfa16{reserved=0/8,pending=0}]
01:46:18.237 [main] DEBUG org.eclipse.jetty.io.ManagedSelector - Queued change lazy=false org.eclipse.jetty.io.ManagedSelector$Start@36916eb0 on ManagedSelector@1de5f259{STARTING} id=3 keys=0 selected=0 updates=0
01:46:18.237 [qtp961160488-18] DEBUG org.eclipse.jetty.util.thread.strategy.EatWhatYouKill - EatWhatYouKill@6404f418/SelectorProducer@3e11f9e9/IDLE/p=false/QueuedThreadPool[qtp961160488]@394a2528{STARTED,8<=8<=200,i=4,r=-1,q=0}[ReservedThreadExecutor@383bfa16{reserved=0/8,pending=0}][pc=0,pic=0,pec=0,epc=0]@2024-05-02T01:46:18.237+01:00 tryProduce false
01:46:18.237 [qtp961160488-18] DEBUG org.eclipse.jetty.io.ManagedSelector - updateable 1
01:46:18.237 [qtp961160488-18] DEBUG org.eclipse.jetty.io.ManagedSelector - update org.eclipse.jetty.io.ManagedSelector$Start@36916eb0
01:46:18.237 [qtp961160488-18] DEBUG org.eclipse.jetty.io.ManagedSelector - updates 0
01:46:18.237 [qtp961160488-18] DEBUG org.eclipse.jetty.io.ManagedSelector - Selector sun.nio.ch.EPollSelectorImpl@81d867 waiting with 0 keys
01:46:18.238 [main] DEBUG org.eclipse.jetty.util.component.AbstractLifeCycle - STARTED @982ms ManagedSelector@1de5f259{STARTED} id=3 keys=0 selected=0 updates=0
01:46:18.238 [main] DEBUG org.eclipse.jetty.util.component.AbstractLifeCycle - STARTED @982ms SelectorManager@ServerConnector@446293d{HTTP/1.1, (http/1.1)}{localhost:46379}
01:46:18.239 [main] DEBUG org.eclipse.jetty.util.component.ContainerLifeCycle - ServerConnector@446293d{HTTP/1.1, (http/1.1)}{localhost:46379} added {acceptor-0@1e1a0406,POJO}
01:46:18.239 [main] DEBUG org.eclipse.jetty.util.thread.QueuedThreadPool - queue acceptor-0@1e1a0406 startThread=0
01:46:18.239 [qtp961160488-20] DEBUG org.eclipse.jetty.util.thread.QueuedThreadPool - run acceptor-0@1e1a0406 in QueuedThreadPool[qtp961160488]@394a2528{STARTED,8<=8<=200,i=3,r=-1,q=0}[ReservedThreadExecutor@383bfa16{reserved=0/8,pending=0}]
01:46:18.239 [main] INFO org.eclipse.jetty.server.AbstractConnector - Started ServerConnector@446293d{HTTP/1.1, (http/1.1)}{localhost:46379}
01:46:18.239 [main] DEBUG org.eclipse.jetty.util.component.AbstractLifeCycle - STARTED @983ms ServerConnector@446293d{HTTP/1.1, (http/1.1)}{localhost:46379}
01:46:18.239 [main] INFO org.eclipse.jetty.server.Server - Started @983ms
01:46:18.240 [main] DEBUG org.eclipse.jetty.util.component.AbstractLifeCycle - STARTED @983ms Server@53aad5d5{STARTED}[9.4.44.v20210927]
01:46:19.386 [main] DEBUG org.apache.nifi.minifi.bootstrap.configuration.ingestors.PullHttpChangeIngestor - Attempting to pull new config
01:46:19.402 [qtp961160488-20-acceptor-0@1e1a0406-ServerConnector@446293d{HTTP/1.1, (http/1.1)}{localhost:46379}] DEBUG org.eclipse.jetty.io.ManagedSelector - Queued change lazy=false Accept@70c0993b[java.nio.channels.SocketChannel[connected local=/127.0.0.1:46379 remote=/127.0.0.1:45516]] on ManagedSelector@4803b726{STARTED} id=1 keys=0 selected=0 updates=0
01:46:19.402 [qtp961160488-20-acceptor-0@1e1a0406-ServerConnector@446293d{HTTP/1.1, (http/1.1)}{localhost:46379}] DEBUG org.eclipse.jetty.io.ManagedSelector - Wakeup on submit ManagedSelector@4803b726{STARTED} id=1 keys=0 selected=0 updates=1
01:46:19.402 [qtp961160488-16] DEBUG org.eclipse.jetty.io.ManagedSelector - Selector sun.nio.ch.EPollSelectorImpl@11cfe143 woken with none selected
01:46:19.402 [qtp961160488-16] DEBUG org.eclipse.jetty.io.ManagedSelector - Selector sun.nio.ch.EPollSelectorImpl@11cfe143 woken up from select, 0/0/0 selected
01:46:19.402 [qtp961160488-16] DEBUG org.eclipse.jetty.io.ManagedSelector - Selector sun.nio.ch.EPollSelectorImpl@11cfe143 processing 0 keys, 1 updates
01:46:19.403 [qtp961160488-16] DEBUG org.eclipse.jetty.io.ManagedSelector - updateable 1
01:46:19.403 [qtp961160488-16] DEBUG org.eclipse.jetty.io.ManagedSelector - update Accept@70c0993b[java.nio.channels.SocketChannel[connected local=/127.0.0.1:46379 remote=/127.0.0.1:45516]]
01:46:19.403 [qtp961160488-16] DEBUG org.eclipse.jetty.util.thread.QueuedThreadPool - queue Accept@70c0993b[java.nio.channels.SocketChannel[connected local=/127.0.0.1:46379 remote=/127.0.0.1:45516]] startThread=0
01:46:19.403 [qtp961160488-16] DEBUG org.eclipse.jetty.io.ManagedSelector - updates 0
01:46:19.403 [qtp961160488-19] DEBUG org.eclipse.jetty.util.thread.QueuedThreadPool - run Accept@70c0993b[java.nio.channels.SocketChannel[connected local=/127.0.0.1:46379 remote=/127.0.0.1:45516]] in QueuedThreadPool[qtp961160488]@394a2528{STARTED,8<=8<=200,i=2,r=-1,q=0}[ReservedThreadExecutor@383bfa16{reserved=0/8,pending=0}]
01:46:19.403 [qtp961160488-16] DEBUG org.eclipse.jetty.io.ManagedSelector - Selector sun.nio.ch.EPollSelectorImpl@11cfe143 waiting with 1 keys
01:46:19.410 [qtp961160488-19] DEBUG org.eclipse.jetty.io.IdleTimeout - SocketChannelEndPoint@7b819db3{l=/127.0.0.1:46379,r=/127.0.0.1:45516,OPEN,fill=-,flush=-,to=4/3000}{io=0/0,kio=0,kro=0}-><null> idle timeout check, elapsed: 3 ms, remaining: 2997 ms
01:46:19.416 [qtp961160488-19] DEBUG org.eclipse.jetty.http.PreEncodedHttpField - HttpField encoders loaded: [org.eclipse.jetty.http.Http1FieldPreEncoder@1351db39]
01:46:19.443 [qtp961160488-19] DEBUG org.eclipse.jetty.server.HttpChannel - new HttpChannelOverHttp@2cc37218{s=HttpChannelState@7fe660f6{s=IDLE rs=BLOCKING os=OPEN is=IDLE awp=false se=false i=true al=0},r=0,c=false/false,a=IDLE,uri=null,age=0} -> SocketChannelEndPoint@7b819db3{l=/127.0.0.1:46379,r=/127.0.0.1:45516,OPEN,fill=-,flush=-,to=37/3000}{io=0/0,kio=0,kro=0}-><null>,null,HttpChannelState@7fe660f6{s=IDLE rs=BLOCKING os=OPEN is=IDLE awp=false se=false i=true al=0}
01:46:19.451 [qtp961160488-19] DEBUG org.eclipse.jetty.server.HttpConnection - New HTTP Connection HttpConnection@2971cb24::SocketChannelEndPoint@7b819db3{l=/127.0.0.1:46379,r=/127.0.0.1:45516,OPEN,fill=-,flush=-,to=44/3000}{io=0/0,kio=0,kro=0}-><null>
01:46:19.452 [qtp961160488-19] DEBUG org.eclipse.jetty.io.ManagedSelector - Queued change lazy=true org.eclipse.jetty.io.ManagedSelector$$Lambda$258/102804084@515aca64 on ManagedSelector@4803b726{STARTED} id=1 keys=1 selected=0 updates=0
01:46:19.452 [qtp961160488-19] DEBUG org.eclipse.jetty.io.AbstractEndPoint - onOpen SocketChannelEndPoint@7b819db3{l=/127.0.0.1:46379,r=/127.0.0.1:45516,OPEN,fill=-,flush=-,to=46/3000}{io=0/0,kio=0,kro=0}->HttpConnection@2971cb24[p=HttpParser{s=START,0 of -1},g=HttpGenerator@29de9f62{s=START}]=>HttpChannelOverHttp@2cc37218{s=HttpChannelState@7fe660f6{s=IDLE rs=BLOCKING os=OPEN is=IDLE awp=false se=false i=true al=0},r=0,c=false/false,a=IDLE,uri=null,age=0}
01:46:19.452 [qtp961160488-19] DEBUG org.eclipse.jetty.io.AbstractConnection - onOpen HttpConnection@2971cb24::SocketChannelEndPoint@7b819db3{l=/127.0.0.1:46379,r=/127.0.0.1:45516,OPEN,fill=-,flush=-,to=46/3000}{io=0/0,kio=0,kro=0}->HttpConnection@2971cb24[p=HttpParser{s=START,0 of -1},g=HttpGenerator@29de9f62{s=START}]=>HttpChannelOverHttp@2cc37218{s=HttpChannelState@7fe660f6{s=IDLE rs=BLOCKING os=OPEN is=IDLE awp=false se=false i=true al=0},r=0,c=false/false,a=IDLE,uri=null,age=0}
01:46:19.453 [qtp961160488-19] DEBUG org.eclipse.jetty.io.AbstractConnection - fillInterested HttpConnection@2971cb24::SocketChannelEndPoint@7b819db3{l=/127.0.0.1:46379,r=/127.0.0.1:45516,OPEN,fill=-,flush=-,to=46/3000}{io=0/0,kio=0,kro=0}->HttpConnection@2971cb24[p=HttpParser{s=START,0 of -1},g=HttpGenerator@29de9f62{s=START}]=>HttpChannelOverHttp@2cc37218{s=HttpChannelState@7fe660f6{s=IDLE rs=BLOCKING os=OPEN is=IDLE awp=false se=false i=true al=0},r=0,c=false/false,a=IDLE,uri=null,age=0}
01:46:19.453 [qtp961160488-19] DEBUG org.eclipse.jetty.io.FillInterest - interested FillInterest@509f64d0{AC.ReadCB@2971cb24{HttpConnection@2971cb24::SocketChannelEndPoint@7b819db3{l=/127.0.0.1:46379,r=/127.0.0.1:45516,OPEN,fill=FI,flush=-,to=0/3000}{io=0/0,kio=0,kro=0}->HttpConnection@2971cb24[p=HttpParser{s=START,0 of -1},g=HttpGenerator@29de9f62{s=START}]=>HttpChannelOverHttp@2cc37218{s=HttpChannelState@7fe660f6{s=IDLE rs=BLOCKING os=OPEN is=IDLE awp=false se=false i=true al=0},r=0,c=false/false,a=IDLE,uri=null,age=0}}}
01:46:19.453 [qtp961160488-19] DEBUG org.eclipse.jetty.io.ChannelEndPoint - changeInterests p=false 0->1 for SocketChannelEndPoint@7b819db3{l=/127.0.0.1:46379,r=/127.0.0.1:45516,OPEN,fill=FI,flush=-,to=0/3000}{io=0/1,kio=0,kro=0}->HttpConnection@2971cb24[p=HttpParser{s=START,0 of -1},g=HttpGenerator@29de9f62{s=START}]=>HttpChannelOverHttp@2cc37218{s=HttpChannelState@7fe660f6{s=IDLE rs=BLOCKING os=OPEN is=IDLE awp=false se=false i=true al=0},r=0,c=false/false,a=IDLE,uri=null,age=0}
01:46:19.453 [qtp961160488-19] DEBUG org.eclipse.jetty.io.ManagedSelector - Queued change lazy=false org.eclipse.jetty.io.ChannelEndPoint$$Lambda$255/981852870@536f07bd on ManagedSelector@4803b726{STARTED} id=1 keys=1 selected=0 updates=1
01:46:19.454 [qtp961160488-19] DEBUG org.eclipse.jetty.io.ManagedSelector - Wakeup on submit ManagedSelector@4803b726{STARTED} id=1 keys=1 selected=0 updates=2
01:46:19.454 [qtp961160488-16] DEBUG org.eclipse.jetty.io.ManagedSelector - Selector sun.nio.ch.EPollSelectorImpl@11cfe143 woken with none selected
01:46:19.454 [qtp961160488-16] DEBUG org.eclipse.jetty.io.ManagedSelector - Selector sun.nio.ch.EPollSelectorImpl@11cfe143 woken up from select, 0/0/1 selected
01:46:19.454 [qtp961160488-16] DEBUG org.eclipse.jetty.io.ManagedSelector - Selector sun.nio.ch.EPollSelectorImpl@11cfe143 processing 0 keys, 2 updates
01:46:19.454 [qtp961160488-19] DEBUG org.eclipse.jetty.io.ManagedSelector - Created SocketChannelEndPoint@7b819db3{l=/127.0.0.1:46379,r=/127.0.0.1:45516,OPEN,fill=FI,flush=-,to=0/3000}{io=0/1,kio=0,kro=0}->HttpConnection@2971cb24[p=HttpParser{s=START,0 of -1},g=HttpGenerator@29de9f62{s=START}]=>HttpChannelOverHttp@2cc37218{s=HttpChannelState@7fe660f6{s=IDLE rs=BLOCKING os=OPEN is=IDLE awp=false se=false i=true al=0},r=0,c=false/false,a=IDLE,uri=null,age=0}
01:46:19.454 [qtp961160488-16] DEBUG org.eclipse.jetty.io.ManagedSelector - updateable 2
01:46:19.454 [qtp961160488-16] DEBUG org.eclipse.jetty.io.ManagedSelector - update org.eclipse.jetty.io.ManagedSelector$$Lambda$258/102804084@515aca64
01:46:19.454 [qtp961160488-19] DEBUG org.eclipse.jetty.util.thread.QueuedThreadPool - ran Accept@70c0993b[java.nio.channels.SocketChannel[connected local=/127.0.0.1:46379 remote=/127.0.0.1:45516]] in QueuedThreadPool[qtp961160488]@394a2528{STARTED,8<=8<=200,i=2,r=-1,q=0}[ReservedThreadExecutor@383bfa16{reserved=0/8,pending=0}]
01:46:19.454 [qtp961160488-16] DEBUG org.eclipse.jetty.io.ManagedSelector - update org.eclipse.jetty.io.ChannelEndPoint$$Lambda$255/981852870@536f07bd
01:46:19.454 [qtp961160488-16] DEBUG org.eclipse.jetty.io.ChannelEndPoint - Key interests updated 0 -> 1 on SocketChannelEndPoint@7b819db3{l=/127.0.0.1:46379,r=/127.0.0.1:45516,OPEN,fill=FI,flush=-,to=1/3000}{io=1/1,kio=1,kro=0}->HttpConnection@2971cb24[p=HttpParser{s=START,0 of -1},g=HttpGenerator@29de9f62{s=START}]=>HttpChannelOverHttp@2cc37218{s=HttpChannelState@7fe660f6{s=IDLE rs=BLOCKING os=OPEN is=IDLE awp=false se=false i=true al=0},r=0,c=false/false,a=IDLE,uri=null,age=0}
01:46:19.454 [qtp961160488-16] DEBUG org.eclipse.jetty.io.ManagedSelector - updates 0
01:46:19.454 [qtp961160488-16] DEBUG org.eclipse.jetty.io.ManagedSelector - Selector sun.nio.ch.EPollSelectorImpl@11cfe143 waiting with 1 keys
01:46:19.455 [qtp961160488-16] DEBUG org.eclipse.jetty.io.ManagedSelector - Selector sun.nio.ch.EPollSelectorImpl@11cfe143 woken up from select, 1/1/1 selected
01:46:19.455 [qtp961160488-16] DEBUG org.eclipse.jetty.io.ManagedSelector - Selector sun.nio.ch.EPollSelectorImpl@11cfe143 processing 1 keys, 0 updates
01:46:19.455 [qtp961160488-16] DEBUG org.eclipse.jetty.io.ManagedSelector - selected 1 sun.nio.ch.SelectionKeyImpl@1b378a33 SocketChannelEndPoint@7b819db3{l=/127.0.0.1:46379,r=/127.0.0.1:45516,OPEN,fill=FI,flush=-,to=1/3000}{io=1/1,kio=1,kro=1}->HttpConnection@2971cb24[p=HttpParser{s=START,0 of -1},g=HttpGenerator@29de9f62{s=START}]=>HttpChannelOverHttp@2cc37218{s=HttpChannelState@7fe660f6{s=IDLE rs=BLOCKING os=OPEN is=IDLE awp=false se=false i=true al=0},r=0,c=false/false,a=IDLE,uri=null,age=0} 
01:46:19.455 [qtp961160488-16] DEBUG org.eclipse.jetty.io.ChannelEndPoint - onSelected 1->0 r=true w=false for SocketChannelEndPoint@7b819db3{l=/127.0.0.1:46379,r=/127.0.0.1:45516,OPEN,fill=FI,flush=-,to=2/3000}{io=1/0,kio=1,kro=1}->HttpConnection@2971cb24[p=HttpParser{s=START,0 of -1},g=HttpGenerator@29de9f62{s=START}]=>HttpChannelOverHttp@2cc37218{s=HttpChannelState@7fe660f6{s=IDLE rs=BLOCKING os=OPEN is=IDLE awp=false se=false i=true al=0},r=0,c=false/false,a=IDLE,uri=null,age=0}
01:46:19.455 [qtp961160488-16] DEBUG org.eclipse.jetty.io.ChannelEndPoint - task CEP:SocketChannelEndPoint@7b819db3{l=/127.0.0.1:46379,r=/127.0.0.1:45516,OPEN,fill=FI,flush=-,to=2/3000}{io=1/0,kio=1,kro=1}->HttpConnection@2971cb24[p=HttpParser{s=START,0 of -1},g=HttpGenerator@29de9f62{s=START}]=>HttpChannelOverHttp@2cc37218{s=HttpChannelState@7fe660f6{s=IDLE rs=BLOCKING os=OPEN is=IDLE awp=false se=false i=true al=0},r=0,c=false/false,a=IDLE,uri=null,age=0}:runFillable:BLOCKING
01:46:19.456 [qtp961160488-16] DEBUG org.eclipse.jetty.util.thread.ReservedThreadExecutor - ReservedThreadExecutor@383bfa16{reserved=0/8,pending=0} tryExecute EatWhatYouKill@17497425/SelectorProducer@f0da945/PRODUCING/p=false/QueuedThreadPool[qtp961160488]@394a2528{STARTED,8<=8<=200,i=3,r=-1,q=0}[ReservedThreadExecutor@383bfa16{reserved=0/8,pending=0}][pc=0,pic=0,pec=0,epc=0]@2024-05-02T01:46:19.456+01:00
01:46:19.456 [qtp961160488-16] DEBUG org.eclipse.jetty.util.thread.ReservedThreadExecutor - ReservedThreadExecutor@383bfa16{reserved=0/8,pending=1} startReservedThread p=1
01:46:19.458 [qtp961160488-16] DEBUG org.eclipse.jetty.util.thread.QueuedThreadPool - queue ReservedThread@3e1af87e{PENDING,thread=null} startThread=0
01:46:19.458 [qtp961160488-21] DEBUG org.eclipse.jetty.util.thread.QueuedThreadPool - run ReservedThread@3e1af87e{PENDING,thread=null} in QueuedThreadPool[qtp961160488]@394a2528{STARTED,8<=8<=200,i=2,r=-1,q=0}[ReservedThreadExecutor@383bfa16{reserved=0/8,pending=1}]
01:46:19.458 [qtp961160488-21] DEBUG org.eclipse.jetty.util.thread.ReservedThreadExecutor - ReservedThread@3e1af87e{PENDING,thread=Thread[qtp961160488-21,5,main]} was=PENDING next=RESERVED size=0+1 capacity=8
01:46:19.458 [qtp961160488-21] DEBUG org.eclipse.jetty.util.thread.ReservedThreadExecutor - ReservedThread@3e1af87e{RESERVED,thread=Thread[qtp961160488-21,5,main]} waiting ReservedThreadExecutor@383bfa16{reserved=1/8,pending=0}
01:46:19.458 [qtp961160488-16] DEBUG org.eclipse.jetty.util.thread.strategy.EatWhatYouKill - EatWhatYouKill@17497425/SelectorProducer@f0da945/PRODUCING/p=false/QueuedThreadPool[qtp961160488]@394a2528{STARTED,8<=8<=200,i=2,r=-1,q=0}[ReservedThreadExecutor@383bfa16{reserved=0/8,pending=1}][pc=0,pic=0,pec=0,epc=0]@2024-05-02T01:46:19.458+01:00 m=PRODUCE_EXECUTE_CONSUME t=CEP:SocketChannelEndPoint@7b819db3{l=/127.0.0.1:46379,r=/127.0.0.1:45516,OPEN,fill=FI,flush=-,to=5/3000}{io=1/0,kio=1,kro=1}->HttpConnection@2971cb24[p=HttpParser{s=START,0 of -1},g=HttpGenerator@29de9f62{s=START}]=>HttpChannelOverHttp@2cc37218{s=HttpChannelState@7fe660f6{s=IDLE rs=BLOCKING os=OPEN is=IDLE awp=false se=false i=true al=0},r=0,c=false/false,a=IDLE,uri=null,age=0}:runFillable:BLOCKING/BLOCKING
01:46:19.458 [qtp961160488-16] DEBUG org.eclipse.jetty.util.thread.QueuedThreadPool - queue CEP:SocketChannelEndPoint@7b819db3{l=/127.0.0.1:46379,r=/127.0.0.1:45516,OPEN,fill=FI,flush=-,to=5/3000}{io=1/0,kio=1,kro=1}->HttpConnection@2971cb24[p=HttpParser{s=START,0 of -1},g=HttpGenerator@29de9f62{s=START}]=>HttpChannelOverHttp@2cc37218{s=HttpChannelState@7fe660f6{s=IDLE rs=BLOCKING os=OPEN is=IDLE awp=false se=false i=true al=0},r=0,c=false/false,a=IDLE,uri=null,age=0}:runFillable:BLOCKING startThread=0
01:46:19.458 [qtp961160488-22] DEBUG org.eclipse.jetty.util.thread.QueuedThreadPool - run CEP:SocketChannelEndPoint@7b819db3{l=/127.0.0.1:46379,r=/127.0.0.1:45516,OPEN,fill=FI,flush=-,to=5/3000}{io=1/0,kio=1,kro=1}->HttpConnection@2971cb24[p=HttpParser{s=START,0 of -1},g=HttpGenerator@29de9f62{s=START}]=>HttpChannelOverHttp@2cc37218{s=HttpChannelState@7fe660f6{s=IDLE rs=BLOCKING os=OPEN is=IDLE awp=false se=false i=true al=0},r=0,c=false/false,a=IDLE,uri=null,age=0}:runFillable:BLOCKING in QueuedThreadPool[qtp961160488]@394a2528{STARTED,8<=8<=200,i=1,r=-1,q=0}[ReservedThreadExecutor@383bfa16{reserved=1/8,pending=0}]
01:46:19.459 [qtp961160488-16] DEBUG org.eclipse.jetty.io.ManagedSelector - updateable 0
01:46:19.459 [qtp961160488-16] DEBUG org.eclipse.jetty.io.ManagedSelector - updates 0
01:46:19.459 [qtp961160488-22] DEBUG org.eclipse.jetty.io.FillInterest - fillable FillInterest@509f64d0{AC.ReadCB@2971cb24{HttpConnection@2971cb24::SocketChannelEndPoint@7b819db3{l=/127.0.0.1:46379,r=/127.0.0.1:45516,OPEN,fill=FI,flush=-,to=5/3000}{io=1/0,kio=1,kro=1}->HttpConnection@2971cb24[p=HttpParser{s=START,0 of -1},g=HttpGenerator@29de9f62{s=START}]=>HttpChannelOverHttp@2cc37218{s=HttpChannelState@7fe660f6{s=IDLE rs=BLOCKING os=OPEN is=IDLE awp=false se=false i=true al=0},r=0,c=false/false,a=IDLE,uri=null,age=0}}}
01:46:19.459 [qtp961160488-16] DEBUG org.eclipse.jetty.io.ChannelEndPoint - Key interests updated 1 -> 0 on SocketChannelEndPoint@7b819db3{l=/127.0.0.1:46379,r=/127.0.0.1:45516,OPEN,fill=FI,flush=-,to=5/3000}{io=0/0,kio=0,kro=1}->HttpConnection@2971cb24[p=HttpParser{s=START,0 of -1},g=HttpGenerator@29de9f62{s=START}]=>HttpChannelOverHttp@2cc37218{s=HttpChannelState@7fe660f6{s=IDLE rs=BLOCKING os=OPEN is=IDLE awp=false se=false i=true al=0},r=0,c=false/false,a=IDLE,uri=null,age=0}
01:46:19.459 [qtp961160488-16] DEBUG org.eclipse.jetty.io.ManagedSelector - Selector sun.nio.ch.EPollSelectorImpl@11cfe143 waiting with 1 keys
01:46:19.459 [qtp961160488-22] DEBUG org.eclipse.jetty.server.HttpConnection - HttpConnection@2971cb24::SocketChannelEndPoint@7b819db3{l=/127.0.0.1:46379,r=/127.0.0.1:45516,OPEN,fill=-,flush=-,to=6/3000}{io=0/0,kio=0,kro=1}->HttpConnection@2971cb24[p=HttpParser{s=START,0 of -1},g=HttpGenerator@29de9f62{s=START}]=>HttpChannelOverHttp@2cc37218{s=HttpChannelState@7fe660f6{s=IDLE rs=BLOCKING os=OPEN is=IDLE awp=false se=false i=true al=0},r=0,c=false/false,a=IDLE,uri=null,age=0} onFillable enter HttpChannelState@7fe660f6{s=IDLE rs=BLOCKING os=OPEN is=IDLE awp=false se=false i=true al=0} null
01:46:19.464 [qtp961160488-22] DEBUG org.eclipse.jetty.util.TypeUtil - This JVM Runtime does not support Modules, disabling Jetty internal support
01:46:19.464 [qtp961160488-22] DEBUG org.eclipse.jetty.io.ChannelEndPoint - filled 125 HeapByteBuffer@47ae9336[p=0,l=125,c=8192,r=125]={<<<GET /config.yml HTTP/1.1\r...gent: okhttp/3.12.3\r\n\r\n>>>\x00\x00\x00\x00\x00\x00\x00\x00\x00...\x00\x00\x00\x00\x00\x00\x00}
01:46:19.465 [qtp961160488-22] DEBUG org.eclipse.jetty.server.HttpConnection - HttpConnection@2971cb24::SocketChannelEndPoint@7b819db3{l=/127.0.0.1:46379,r=/127.0.0.1:45516,OPEN,fill=-,flush=-,to=4/3000}{io=0/0,kio=0,kro=1}->HttpConnection@2971cb24[p=HttpParser{s=START,0 of -1},g=HttpGenerator@29de9f62{s=START}]=>HttpChannelOverHttp@2cc37218{s=HttpChannelState@7fe660f6{s=IDLE rs=BLOCKING os=OPEN is=IDLE awp=false se=false i=true al=0},r=0,c=false/false,a=IDLE,uri=null,age=0} filled 125 HeapByteBuffer@47ae9336[p=0,l=125,c=8192,r=125]={<<<GET /config.yml HTTP/1.1\r...gent: okhttp/3.12.3\r\n\r\n>>>\x00\x00\x00\x00\x00\x00\x00\x00\x00...\x00\x00\x00\x00\x00\x00\x00}
01:46:19.465 [qtp961160488-22] DEBUG org.eclipse.jetty.server.HttpConnection - HttpConnection@2971cb24::SocketChannelEndPoint@7b819db3{l=/127.0.0.1:46379,r=/127.0.0.1:45516,OPEN,fill=-,flush=-,to=5/3000}{io=0/0,kio=0,kro=1}->HttpConnection@2971cb24[p=HttpParser{s=START,0 of -1},g=HttpGenerator@29de9f62{s=START}]=>HttpChannelOverHttp@2cc37218{s=HttpChannelState@7fe660f6{s=IDLE rs=BLOCKING os=OPEN is=IDLE awp=false se=false i=true al=0},r=0,c=false/false,a=IDLE,uri=null,age=0} parse HeapByteBuffer@47ae9336[p=0,l=125,c=8192,r=125]={<<<GET /config.yml HTTP/1.1\r...gent: okhttp/3.12.3\r\n\r\n>>>\x00\x00\x00\x00\x00\x00\x00\x00\x00...\x00\x00\x00\x00\x00\x00\x00} {}
01:46:19.465 [qtp961160488-22] DEBUG org.eclipse.jetty.http.HttpParser - parseNext s=START HeapByteBuffer@47ae9336[p=0,l=125,c=8192,r=125]={<<<GET /config.yml HTTP/1.1\r...gent: okhttp/3.12.3\r\n\r\n>>>\x00\x00\x00\x00\x00\x00\x00\x00\x00...\x00\x00\x00\x00\x00\x00\x00}
01:46:19.466 [qtp961160488-22] DEBUG org.eclipse.jetty.http.HttpParser - START --> SPACE1
01:46:19.469 [qtp961160488-22] DEBUG org.eclipse.jetty.http.HttpParser - SPACE1 --> URI
01:46:19.469 [qtp961160488-22] DEBUG org.eclipse.jetty.http.HttpParser - URI --> SPACE2
01:46:19.469 [qtp961160488-22] DEBUG org.eclipse.jetty.http.HttpParser - SPACE2 --> REQUEST_VERSION
01:46:19.469 [qtp961160488-22] DEBUG org.eclipse.jetty.http.HttpParser - REQUEST_VERSION --> HEADER
01:46:19.470 [qtp961160488-22] DEBUG org.eclipse.jetty.http.HttpParser - HEADER:Host --> VALUE
01:46:19.471 [qtp961160488-22] DEBUG org.eclipse.jetty.http.HttpParser - HEADER:Host --> IN_VALUE
01:46:19.471 [qtp961160488-22] DEBUG org.eclipse.jetty.http.HttpParser - HEADER:Host --> FIELD
01:46:19.472 [qtp961160488-22] DEBUG org.eclipse.jetty.http.HttpParser - HEADER:Connection: keep-alive --> IN_VALUE
01:46:19.472 [qtp961160488-22] DEBUG org.eclipse.jetty.http.HttpParser - HEADER:Connection: keep-alive --> FIELD
01:46:19.472 [qtp961160488-22] DEBUG org.eclipse.jetty.http.HttpParser - HEADER:Accept-Encoding: gzip --> IN_VALUE
01:46:19.472 [qtp961160488-22] DEBUG org.eclipse.jetty.http.HttpParser - HEADER:Accept-Encoding: gzip --> FIELD
01:46:19.472 [qtp961160488-22] DEBUG org.eclipse.jetty.http.HttpParser - HEADER:User-Agent --> VALUE
01:46:19.472 [qtp961160488-22] DEBUG org.eclipse.jetty.http.HttpParser - HEADER:User-Agent --> IN_VALUE
01:46:19.472 [qtp961160488-22] DEBUG org.eclipse.jetty.http.HttpParser - HEADER:User-Agent --> FIELD
01:46:19.472 [qtp961160488-22] DEBUG org.eclipse.jetty.http.HttpParser - HEADER --> CONTENT
01:46:19.474 [qtp961160488-22] DEBUG org.eclipse.jetty.server.HttpChannel - REQUEST for //localhost:46379/config.yml on HttpChannelOverHttp@2cc37218{s=HttpChannelState@7fe660f6{s=IDLE rs=BLOCKING os=OPEN is=IDLE awp=false se=false i=true al=0},r=1,c=false/false,a=IDLE,uri=//localhost:46379/config.yml,age=1}
GET //localhost:46379/config.yml HTTP/1.1
Host: localhost:46379
Connection: keep-alive
Accept-Encoding: gzip
User-Agent: okhttp/3.12.3


01:46:19.474 [qtp961160488-22] DEBUG org.eclipse.jetty.server.HttpConnection - HttpConnection@2971cb24::SocketChannelEndPoint@7b819db3{l=/127.0.0.1:46379,r=/127.0.0.1:45516,OPEN,fill=-,flush=-,to=14/3000}{io=0/0,kio=0,kro=1}->HttpConnection@2971cb24[p=HttpParser{s=CONTENT,0 of -1},g=HttpGenerator@29de9f62{s=START}]=>HttpChannelOverHttp@2cc37218{s=HttpChannelState@7fe660f6{s=IDLE rs=BLOCKING os=OPEN is=IDLE awp=false se=false i=true al=0},r=1,c=false/false,a=IDLE,uri=//localhost:46379/config.yml,age=2} parsed true HttpParser{s=CONTENT,0 of -1}
01:46:19.474 [qtp961160488-22] DEBUG org.eclipse.jetty.server.HttpConnection - releaseRequestBuffer HttpConnection@2971cb24::SocketChannelEndPoint@7b819db3{l=/127.0.0.1:46379,r=/127.0.0.1:45516,OPEN,fill=-,flush=-,to=14/3000}{io=0/0,kio=0,kro=1}->HttpConnection@2971cb24[p=HttpParser{s=CONTENT,0 of -1},g=HttpGenerator@29de9f62{s=START}]=>HttpChannelOverHttp@2cc37218{s=HttpChannelState@7fe660f6{s=IDLE rs=BLOCKING os=OPEN is=IDLE awp=false se=false i=true al=0},r=1,c=false/false,a=IDLE,uri=//localhost:46379/config.yml,age=2}
01:46:19.476 [qtp961160488-22] DEBUG org.eclipse.jetty.server.HttpChannel - handle //localhost:46379/config.yml HttpChannelOverHttp@2cc37218{s=HttpChannelState@7fe660f6{s=IDLE rs=BLOCKING os=OPEN is=IDLE awp=false se=false i=true al=0},r=1,c=false/false,a=IDLE,uri=//localhost:46379/config.yml,age=4} 
01:46:19.476 [qtp961160488-22] DEBUG org.eclipse.jetty.server.HttpChannelState - handling HttpChannelState@7fe660f6{s=IDLE rs=BLOCKING os=OPEN is=IDLE awp=false se=false i=true al=0}
01:46:19.477 [qtp961160488-22] DEBUG org.eclipse.jetty.server.HttpChannel - action DISPATCH HttpChannelOverHttp@2cc37218{s=HttpChannelState@7fe660f6{s=HANDLING rs=BLOCKING os=OPEN is=IDLE awp=false se=false i=true al=0},r=1,c=false/false,a=HANDLING,uri=//localhost:46379/config.yml,age=5}
01:46:19.479 [qtp961160488-22] DEBUG org.eclipse.jetty.server.Server - REQUEST GET /config.yml on HttpChannelOverHttp@2cc37218{s=HttpChannelState@7fe660f6{s=HANDLING rs=BLOCKING os=OPEN is=IDLE awp=false se=false i=true al=0},r=1,c=false/false,a=HANDLING,uri=//localhost:46379/config.yml,age=7}
01:46:19.489 [qtp961160488-22] DEBUG org.eclipse.jetty.server.HttpOutput - write(array HeapByteBuffer@5713bca7[p=0,l=4,c=512,r=4]={<<<path>>>\x00\x00\x00\x00\x00\x00\x00\x00\x00...\x00\x00\x00\x00\x00\x00\x00})
01:46:19.490 [qtp961160488-22] DEBUG org.eclipse.jetty.server.HttpOutput - write(array) s=CLOSING,api=BLOCKED,sc=false,e=null last=true agg=false flush=true async=false, len=4 null
01:46:19.490 [qtp961160488-22] DEBUG org.eclipse.jetty.server.HttpChannel - sendResponse info=null content=HeapByteBuffer@7292aa2b[p=0,l=4,c=512,r=4]={<<<path>>>\x00\x00\x00\x00\x00\x00\x00\x00\x00...\x00\x00\x00\x00\x00\x00\x00} complete=true committing=true callback=Blocker@38aec65a{null}
01:46:19.490 [qtp961160488-22] DEBUG org.eclipse.jetty.server.HttpChannel - COMMIT for /config.yml on HttpChannelOverHttp@2cc37218{s=HttpChannelState@7fe660f6{s=HANDLING rs=BLOCKING os=COMMITTED is=IDLE awp=false se=false i=true al=0},r=1,c=false/false,a=HANDLING,uri=//localhost:46379/config.yml,age=18}
200 null HTTP/1.1
Date: Thu, 02 May 2024 00:46:19 GMT
ETag: testEtag
Content-Type: text/plain;charset=utf-8
Content-Length: 4


01:46:19.492 [qtp961160488-22] DEBUG org.eclipse.jetty.server.HttpConnection - generate: NEED_HEADER for SendCallback@4c9c7980[PROCESSING][i=HTTP/1.1{s=200,h=4,cl=4},cb=org.eclipse.jetty.server.HttpChannel$SendCallback@33581f94] (null,[p=0,l=4,c=512,r=4],true)@START
01:46:19.493 [qtp961160488-22] DEBUG org.eclipse.jetty.http.HttpGenerator - generateHeaders HTTP/1.1{s=200,h=4,cl=4} last=true content=HeapByteBuffer@7292aa2b[p=0,l=4,c=512,r=4]={<<<path>>>\x00\x00\x00\x00\x00\x00\x00\x00\x00...\x00\x00\x00\x00\x00\x00\x00}
01:46:19.493 [qtp961160488-22] DEBUG org.eclipse.jetty.http.HttpGenerator - Date: Thu, 02 May 2024 00:46:19 GMT
ETag: testEtag
Content-Type: text/plain;charset=utf-8
Content-Length: 4


01:46:19.493 [qtp961160488-22] DEBUG org.eclipse.jetty.http.HttpGenerator - CONTENT_LENGTH
01:46:19.493 [qtp961160488-22] DEBUG org.eclipse.jetty.server.HttpConnection - generate: FLUSH for SendCallback@4c9c7980[PROCESSING][i=HTTP/1.1{s=200,h=4,cl=4},cb=org.eclipse.jetty.server.HttpChannel$SendCallback@33581f94] ([p=0,l=164,c=8192,r=164],[p=0,l=4,c=512,r=4],true)@COMPLETING
01:46:19.493 [qtp961160488-22] DEBUG org.eclipse.jetty.io.WriteFlusher - write: WriteFlusher@6fd361f{IDLE}->null [HeapByteBuffer@47ae9336[p=0,l=164,c=8192,r=164]={<<<HTTP/1.1 200 OK\r\nDate: Th...y(9.4.44.v20210927)\r\n\r\n>>>\x00\x00\x00\x00\x00\x00\x00\x00\x00...\x00\x00\x00\x00\x00\x00\x00},HeapByteBuffer@7292aa2b[p=0,l=4,c=512,r=4]={<<<path>>>\x00\x00\x00\x00\x00\x00\x00\x00\x00...\x00\x00\x00\x00\x00\x00\x00}]
01:46:19.493 [qtp961160488-22] DEBUG org.eclipse.jetty.io.WriteFlusher - update WriteFlusher@6fd361f{WRITING}->null:IDLE-->WRITING
01:46:19.494 [qtp961160488-22] DEBUG org.eclipse.jetty.io.ChannelEndPoint - flushed 168 SocketChannelEndPoint@7b819db3{l=/127.0.0.1:46379,r=/127.0.0.1:45516,OPEN,fill=-,flush=W,to=33/3000}{io=0/0,kio=0,kro=1}->HttpConnection@2971cb24[p=HttpParser{s=CONTENT,0 of -1},g=HttpGenerator@29de9f62{s=COMPLETING}]=>HttpChannelOverHttp@2cc37218{s=HttpChannelState@7fe660f6{s=HANDLING rs=BLOCKING os=COMMITTED is=IDLE awp=false se=false i=true al=0},r=1,c=false/false,a=HANDLING,uri=//localhost:46379/config.yml,age=22}
01:46:19.494 [qtp961160488-22] DEBUG org.eclipse.jetty.io.WriteFlusher - Flushed=true written=168 remaining=0 WriteFlusher@6fd361f{WRITING}->null
01:46:19.494 [qtp961160488-22] DEBUG org.eclipse.jetty.io.WriteFlusher - update WriteFlusher@6fd361f{IDLE}->null:WRITING-->IDLE
01:46:19.494 [qtp961160488-22] DEBUG org.eclipse.jetty.server.HttpConnection - generate: DONE for SendCallback@4c9c7980[PROCESSING][i=HTTP/1.1{s=200,h=4,cl=4},cb=org.eclipse.jetty.server.HttpChannel$SendCallback@33581f94] ([p=164,l=164,c=8192,r=0],[p=4,l=4,c=512,r=0],true)@END
01:46:19.494 [qtp961160488-22] DEBUG org.eclipse.jetty.server.HttpOutput - onWriteComplete(true,null) s=CLOSING,api=BLOCKED,sc=false,e=null->s=CLOSED,api=BLOCKING,sc=false,e=null c=null cb=null w=false
01:46:19.494 [qtp961160488-22] DEBUG org.eclipse.jetty.server.HttpOutput - close() s=CLOSED,api=BLOCKING,sc=false,e=null c=null b=null
01:46:19.494 [qtp961160488-22] DEBUG org.eclipse.jetty.server.Server - handled=true async=false committed=true on HttpChannelOverHttp@2cc37218{s=HttpChannelState@7fe660f6{s=HANDLING rs=BLOCKING os=COMPLETED is=IDLE awp=false se=false i=true al=0},r=1,c=false/true,a=HANDLING,uri=//localhost:46379/config.yml,age=22}
01:46:19.494 [qtp961160488-22] DEBUG org.eclipse.jetty.server.HttpChannelState - unhandle HttpChannelState@7fe660f6{s=HANDLING rs=BLOCKING os=COMPLETED is=IDLE awp=false se=false i=true al=0}
01:46:19.494 [qtp961160488-22] DEBUG org.eclipse.jetty.server.HttpChannelState - nextAction(false) COMPLETE HttpChannelState@7fe660f6{s=HANDLING rs=COMPLETING os=COMPLETED is=IDLE awp=false se=false i=false al=0}
01:46:19.494 [qtp961160488-22] DEBUG org.eclipse.jetty.server.HttpChannel - action COMPLETE HttpChannelOverHttp@2cc37218{s=HttpChannelState@7fe660f6{s=HANDLING rs=COMPLETING os=COMPLETED is=IDLE awp=false se=false i=false al=0},r=1,c=false/true,a=HANDLING,uri=//localhost:46379/config.yml,age=22}
01:46:19.495 [qtp961160488-22] DEBUG org.eclipse.jetty.server.HttpOutput - complete(org.eclipse.jetty.util.Callback$3@ee08a04) s=CLOSED,api=BLOCKING,sc=false,e=null s=true e=null, c=null
01:46:19.495 [qtp961160488-22] DEBUG org.eclipse.jetty.server.HttpChannelState - completed HttpChannelState@7fe660f6{s=HANDLING rs=COMPLETING os=COMPLETED is=IDLE awp=false se=false i=false al=0}
01:46:19.495 [qtp961160488-22] DEBUG org.eclipse.jetty.server.HttpChannelState - unhandle HttpChannelState@7fe660f6{s=HANDLING rs=COMPLETED os=COMPLETED is=IDLE awp=false se=false i=false al=0}
01:46:19.495 [qtp961160488-22] DEBUG org.eclipse.jetty.server.HttpChannelState - nextAction(false) TERMINATED HttpChannelState@7fe660f6{s=IDLE rs=COMPLETED os=COMPLETED is=IDLE awp=false se=false i=false al=0}
01:46:19.495 [qtp961160488-22] DEBUG org.eclipse.jetty.server.HttpChannel - action TERMINATED HttpChannelOverHttp@2cc37218{s=HttpChannelState@7fe660f6{s=IDLE rs=COMPLETED os=COMPLETED is=IDLE awp=false se=false i=false al=0},r=1,c=true/true,a=IDLE,uri=//localhost:46379/config.yml,age=23}
01:46:19.495 [qtp961160488-22] DEBUG org.eclipse.jetty.server.HttpChannel - onCompleted for /config.yml written=4
01:46:19.496 [qtp961160488-22] DEBUG org.eclipse.jetty.io.ChannelEndPoint - filled 0 HeapByteBuffer@47ae9336[p=0,l=0,c=8192,r=0]={<<<>>>HTTP/1.1 ...\x00\x00\x00\x00\x00\x00\x00}
01:46:19.496 [qtp961160488-22] DEBUG org.eclipse.jetty.io.ChannelEndPoint - filled 0 HeapByteBuffer@47ae9336[p=0,l=0,c=8192,r=0]={<<<>>>HTTP/1.1 ...\x00\x00\x00\x00\x00\x00\x00}
01:46:19.496 [qtp961160488-22] DEBUG org.eclipse.jetty.server.HttpConnection - HttpConnection@2971cb24::SocketChannelEndPoint@7b819db3{l=/127.0.0.1:46379,r=/127.0.0.1:45516,OPEN,fill=-,flush=-,to=1/3000}{io=0/0,kio=0,kro=1}->HttpConnection@2971cb24[p=HttpParser{s=CONTENT,0 of -1},g=HttpGenerator@29de9f62{s=END}]=>HttpChannelOverHttp@2cc37218{s=HttpChannelState@7fe660f6{s=IDLE rs=COMPLETED os=COMPLETED is=IDLE awp=false se=false i=false al=0},r=1,c=true/true,a=IDLE,uri=//localhost:46379/config.yml,age=24} filled 0 HeapByteBuffer@47ae9336[p=0,l=0,c=8192,r=0]={<<<>>>HTTP/1.1 ...\x00\x00\x00\x00\x00\x00\x00}
01:46:19.496 [qtp961160488-22] DEBUG org.eclipse.jetty.server.HttpConnection - HttpConnection@2971cb24::SocketChannelEndPoint@7b819db3{l=/127.0.0.1:46379,r=/127.0.0.1:45516,OPEN,fill=-,flush=-,to=2/3000}{io=0/0,kio=0,kro=1}->HttpConnection@2971cb24[p=HttpParser{s=CONTENT,0 of -1},g=HttpGenerator@29de9f62{s=END}]=>HttpChannelOverHttp@2cc37218{s=HttpChannelState@7fe660f6{s=IDLE rs=COMPLETED os=COMPLETED is=IDLE awp=false se=false i=false al=0},r=1,c=true/true,a=IDLE,uri=//localhost:46379/config.yml,age=24} parse HeapByteBuffer@47ae9336[p=0,l=0,c=8192,r=0]={<<<>>>HTTP/1.1 ...\x00\x00\x00\x00\x00\x00\x00} {}
01:46:19.496 [qtp961160488-22] DEBUG org.eclipse.jetty.http.HttpParser - parseNext s=CONTENT HeapByteBuffer@47ae9336[p=0,l=0,c=8192,r=0]={<<<>>>HTTP/1.1 ...\x00\x00\x00\x00\x00\x00\x00}
01:46:19.496 [qtp961160488-22] DEBUG org.eclipse.jetty.http.HttpParser - CONTENT --> CONTENT_END
01:46:19.496 [qtp961160488-22] DEBUG org.eclipse.jetty.server.HttpChannel - onContentComplete HttpChannelOverHttp@2cc37218{s=HttpChannelState@7fe660f6{s=IDLE rs=COMPLETED os=COMPLETED is=IDLE awp=false se=false i=false al=0},r=1,c=true/true,a=IDLE,uri=//localhost:46379/config.yml,age=24}
01:46:19.496 [qtp961160488-22] DEBUG org.eclipse.jetty.http.HttpParser - CONTENT_END --> END
01:46:19.496 [qtp961160488-22] DEBUG org.eclipse.jetty.server.HttpChannel - onRequestComplete HttpChannelOverHttp@2cc37218{s=HttpChannelState@7fe660f6{s=IDLE rs=COMPLETED os=COMPLETED is=IDLE awp=false se=false i=false al=0},r=1,c=true/true,a=IDLE,uri=//localhost:46379/config.yml,age=24}
01:46:19.496 [qtp961160488-22] DEBUG org.eclipse.jetty.server.HttpInput - HttpInputOverHTTP@651ca458[c=0,q=0,[0]=null,s=STREAM] addContent EOF
01:46:19.496 [qtp961160488-22] DEBUG org.eclipse.jetty.server.HttpConnection - HttpConnection@2971cb24::SocketChannelEndPoint@7b819db3{l=/127.0.0.1:46379,r=/127.0.0.1:45516,OPEN,fill=-,flush=-,to=2/3000}{io=0/0,kio=0,kro=1}->HttpConnection@2971cb24[p=HttpParser{s=END,0 of -1},g=HttpGenerator@29de9f62{s=END}]=>HttpChannelOverHttp@2cc37218{s=HttpChannelState@7fe660f6{s=IDLE rs=COMPLETED os=COMPLETED is=IDLE awp=false se=false i=false al=0},r=1,c=true/true,a=IDLE,uri=//localhost:46379/config.yml,age=24} parsed false HttpParser{s=END,0 of -1}
01:46:19.497 [qtp961160488-22] DEBUG org.eclipse.jetty.server.HttpConnection - releaseRequestBuffer HttpConnection@2971cb24::SocketChannelEndPoint@7b819db3{l=/127.0.0.1:46379,r=/127.0.0.1:45516,OPEN,fill=-,flush=-,to=2/3000}{io=0/0,kio=0,kro=1}->HttpConnection@2971cb24[p=HttpParser{s=END,0 of -1},g=HttpGenerator@29de9f62{s=END}]=>HttpChannelOverHttp@2cc37218{s=HttpChannelState@7fe660f6{s=IDLE rs=COMPLETED os=COMPLETED is=IDLE awp=false se=false i=false al=0},r=1,c=true/true,a=IDLE,uri=//localhost:46379/config.yml,age=25}
01:46:19.497 [qtp961160488-22] DEBUG org.eclipse.jetty.server.HttpChannelState - recycle HttpChannelState@7fe660f6{s=IDLE rs=COMPLETED os=COMPLETED is=IDLE awp=false se=false i=false al=0}
01:46:19.497 [main] DEBUG org.apache.nifi.minifi.bootstrap.configuration.ingestors.PullHttpChangeIngestor - Response received: Response{protocol=http/1.1, code=200, message=OK, url=http://localhost:46379/config.yml}
01:46:19.498 [main] DEBUG org.apache.nifi.minifi.bootstrap.configuration.ingestors.PullHttpChangeIngestor - New change received, notifying listener
01:46:19.498 [main] DEBUG org.apache.nifi.minifi.bootstrap.configuration.ingestors.PullHttpChangeIngestor - Listeners notified
01:46:19.499 [qtp961160488-22] DEBUG org.eclipse.jetty.http.HttpParser - reset HttpParser{s=END,0 of -1}
01:46:19.499 [qtp961160488-22] DEBUG org.eclipse.jetty.http.HttpParser - END --> START
01:46:19.499 [qtp961160488-22] DEBUG org.eclipse.jetty.server.HttpChannel - !handle TERMINATED HttpChannelOverHttp@2cc37218{s=HttpChannelState@7fe660f6{s=IDLE rs=BLOCKING os=OPEN is=IDLE awp=false se=false i=true al=0},r=1,c=false/false,a=IDLE,uri=null,age=0}
01:46:19.499 [qtp961160488-22] DEBUG org.eclipse.jetty.io.ChannelEndPoint - filled 0 HeapByteBuffer@47ae9336[p=0,l=0,c=8192,r=0]={<<<>>>HTTP/1.1 ...\x00\x00\x00\x00\x00\x00\x00}
01:46:19.499 [qtp961160488-22] DEBUG org.eclipse.jetty.io.ChannelEndPoint - filled 0 HeapByteBuffer@47ae9336[p=0,l=0,c=8192,r=0]={<<<>>>HTTP/1.1 ...\x00\x00\x00\x00\x00\x00\x00}
01:46:19.499 [qtp961160488-22] DEBUG org.eclipse.jetty.server.HttpConnection - HttpConnection@2971cb24::SocketChannelEndPoint@7b819db3{l=/127.0.0.1:46379,r=/127.0.0.1:45516,OPEN,fill=-,flush=-,to=5/3000}{io=0/0,kio=0,kro=1}->HttpConnection@2971cb24[p=HttpParser{s=START,0 of -1},g=HttpGenerator@29de9f62{s=START}]=>HttpChannelOverHttp@2cc37218{s=HttpChannelState@7fe660f6{s=IDLE rs=BLOCKING os=OPEN is=IDLE awp=false se=false i=true al=0},r=1,c=false/false,a=IDLE,uri=null,age=0} filled 0 HeapByteBuffer@47ae9336[p=0,l=0,c=8192,r=0]={<<<>>>HTTP/1.1 ...\x00\x00\x00\x00\x00\x00\x00}
01:46:19.499 [qtp961160488-22] DEBUG org.eclipse.jetty.server.HttpConnection - HttpConnection@2971cb24::SocketChannelEndPoint@7b819db3{l=/127.0.0.1:46379,r=/127.0.0.1:45516,OPEN,fill=-,flush=-,to=5/3000}{io=0/0,kio=0,kro=1}->HttpConnection@2971cb24[p=HttpParser{s=START,0 of -1},g=HttpGenerator@29de9f62{s=START}]=>HttpChannelOverHttp@2cc37218{s=HttpChannelState@7fe660f6{s=IDLE rs=BLOCKING os=OPEN is=IDLE awp=false se=false i=true al=0},r=1,c=false/false,a=IDLE,uri=null,age=0} parse HeapByteBuffer@47ae9336[p=0,l=0,c=8192,r=0]={<<<>>>HTTP/1.1 ...\x00\x00\x00\x00\x00\x00\x00} {}
01:46:19.499 [qtp961160488-22] DEBUG org.eclipse.jetty.http.HttpParser - parseNext s=START HeapByteBuffer@47ae9336[p=0,l=0,c=8192,r=0]={<<<>>>HTTP/1.1 ...\x00\x00\x00\x00\x00\x00\x00}
01:46:19.500 [qtp961160488-22] DEBUG org.eclipse.jetty.server.HttpConnection - HttpConnection@2971cb24::SocketChannelEndPoint@7b819db3{l=/127.0.0.1:46379,r=/127.0.0.1:45516,OPEN,fill=-,flush=-,to=5/3000}{io=0/0,kio=0,kro=1}->HttpConnection@2971cb24[p=HttpParser{s=START,0 of -1},g=HttpGenerator@29de9f62{s=START}]=>HttpChannelOverHttp@2cc37218{s=HttpChannelState@7fe660f6{s=IDLE rs=BLOCKING os=OPEN is=IDLE awp=false se=false i=true al=0},r=1,c=false/false,a=IDLE,uri=null,age=0} parsed false HttpParser{s=START,0 of -1}
01:46:19.500 [qtp961160488-22] DEBUG org.eclipse.jetty.server.HttpConnection - releaseRequestBuffer HttpConnection@2971cb24::SocketChannelEndPoint@7b819db3{l=/127.0.0.1:46379,r=/127.0.0.1:45516,OPEN,fill=-,flush=-,to=5/3000}{io=0/0,kio=0,kro=1}->HttpConnection@2971cb24[p=HttpParser{s=START,0 of -1},g=HttpGenerator@29de9f62{s=START}]=>HttpChannelOverHttp@2cc37218{s=HttpChannelState@7fe660f6{s=IDLE rs=BLOCKING os=OPEN is=IDLE awp=false se=false i=true al=0},r=1,c=false/false,a=IDLE,uri=null,age=0}
01:46:19.500 [qtp961160488-22] DEBUG org.eclipse.jetty.io.AbstractConnection - fillInterested HttpConnection@2971cb24::SocketChannelEndPoint@7b819db3{l=/127.0.0.1:46379,r=/127.0.0.1:45516,OPEN,fill=-,flush=-,to=6/3000}{io=0/0,kio=0,kro=1}->HttpConnection@2971cb24[p=HttpParser{s=START,0 of -1},g=HttpGenerator@29de9f62{s=START}]=>HttpChannelOverHttp@2cc37218{s=HttpChannelState@7fe660f6{s=IDLE rs=BLOCKING os=OPEN is=IDLE awp=false se=false i=true al=0},r=1,c=false/false,a=IDLE,uri=null,age=0}
01:46:19.500 [qtp961160488-22] DEBUG org.eclipse.jetty.io.FillInterest - interested FillInterest@509f64d0{AC.ReadCB@2971cb24{HttpConnection@2971cb24::SocketChannelEndPoint@7b819db3{l=/127.0.0.1:46379,r=/127.0.0.1:45516,OPEN,fill=FI,flush=-,to=0/3000}{io=0/0,kio=0,kro=1}->HttpConnection@2971cb24[p=HttpParser{s=START,0 of -1},g=HttpGenerator@29de9f62{s=START}]=>HttpChannelOverHttp@2cc37218{s=HttpChannelState@7fe660f6{s=IDLE rs=BLOCKING os=OPEN is=IDLE awp=false se=false i=true al=0},r=1,c=false/false,a=IDLE,uri=null,age=0}}}
01:46:19.500 [qtp961160488-22] DEBUG org.eclipse.jetty.io.ChannelEndPoint - changeInterests p=false 0->1 for SocketChannelEndPoint@7b819db3{l=/127.0.0.1:46379,r=/127.0.0.1:45516,OPEN,fill=FI,flush=-,to=0/3000}{io=0/1,kio=0,kro=1}->HttpConnection@2971cb24[p=HttpParser{s=START,0 of -1},g=HttpGenerator@29de9f62{s=START}]=>HttpChannelOverHttp@2cc37218{s=HttpChannelState@7fe660f6{s=IDLE rs=BLOCKING os=OPEN is=IDLE awp=false se=false i=true al=0},r=1,c=false/false,a=IDLE,uri=null,age=0}
01:46:19.500 [qtp961160488-22] DEBUG org.eclipse.jetty.io.ManagedSelector - Queued change lazy=false org.eclipse.jetty.io.ChannelEndPoint$$Lambda$255/981852870@536f07bd on ManagedSelector@4803b726{STARTED} id=1 keys=1 selected=0 updates=0
01:46:19.500 [qtp961160488-22] DEBUG org.eclipse.jetty.io.ManagedSelector - Wakeup on submit ManagedSelector@4803b726{STARTED} id=1 keys=1 selected=0 updates=1
01:46:19.500 [qtp961160488-16] DEBUG org.eclipse.jetty.io.ManagedSelector - Selector sun.nio.ch.EPollSelectorImpl@11cfe143 woken with none selected
01:46:19.501 [qtp961160488-16] DEBUG org.eclipse.jetty.io.ManagedSelector - Selector sun.nio.ch.EPollSelectorImpl@11cfe143 woken up from select, 0/0/1 selected
01:46:19.501 [qtp961160488-16] DEBUG org.eclipse.jetty.io.ManagedSelector - Selector sun.nio.ch.EPollSelectorImpl@11cfe143 processing 0 keys, 1 updates
01:46:19.501 [qtp961160488-16] DEBUG org.eclipse.jetty.io.ManagedSelector - updateable 1
01:46:19.501 [qtp961160488-22] DEBUG org.eclipse.jetty.server.HttpConnection - HttpConnection@2971cb24::SocketChannelEndPoint@7b819db3{l=/127.0.0.1:46379,r=/127.0.0.1:45516,OPEN,fill=FI,flush=-,to=0/3000}{io=0/1,kio=0,kro=1}->HttpConnection@2971cb24[p=HttpParser{s=START,0 of -1},g=HttpGenerator@29de9f62{s=START}]=>HttpChannelOverHttp@2cc37218{s=HttpChannelState@7fe660f6{s=IDLE rs=BLOCKING os=OPEN is=IDLE awp=false se=false i=true al=0},r=1,c=false/false,a=IDLE,uri=null,age=0} onFillable exit HttpChannelState@7fe660f6{s=IDLE rs=BLOCKING os=OPEN is=IDLE awp=false se=false i=true al=0} null
01:46:19.501 [qtp961160488-16] DEBUG org.eclipse.jetty.io.ManagedSelector - update org.eclipse.jetty.io.ChannelEndPoint$$Lambda$255/981852870@536f07bd
01:46:19.501 [qtp961160488-16] DEBUG org.eclipse.jetty.io.ChannelEndPoint - Key interests updated 0 -> 1 on SocketChannelEndPoint@7b819db3{l=/127.0.0.1:46379,r=/127.0.0.1:45516,OPEN,fill=FI,flush=-,to=0/3000}{io=1/1,kio=1,kro=1}->HttpConnection@2971cb24[p=HttpParser{s=START,0 of -1},g=HttpGenerator@29de9f62{s=START}]=>HttpChannelOverHttp@2cc37218{s=HttpChannelState@7fe660f6{s=IDLE rs=BLOCKING os=OPEN is=IDLE awp=false se=false i=true al=0},r=1,c=false/false,a=IDLE,uri=null,age=0}
01:46:19.501 [qtp961160488-22] DEBUG org.eclipse.jetty.util.thread.QueuedThreadPool - ran CEP:SocketChannelEndPoint@7b819db3{l=/127.0.0.1:46379,r=/127.0.0.1:45516,OPEN,fill=FI,flush=-,to=0/3000}{io=1/1,kio=1,kro=1}->HttpConnection@2971cb24[p=HttpParser{s=START,0 of -1},g=HttpGenerator@29de9f62{s=START}]=>HttpChannelOverHttp@2cc37218{s=HttpChannelState@7fe660f6{s=IDLE rs=BLOCKING os=OPEN is=IDLE awp=false se=false i=true al=0},r=1,c=false/false,a=IDLE,uri=null,age=0}:runFillable:BLOCKING in QueuedThreadPool[qtp961160488]@394a2528{STARTED,8<=8<=200,i=1,r=-1,q=0}[ReservedThreadExecutor@383bfa16{reserved=1/8,pending=0}]
01:46:19.501 [qtp961160488-16] DEBUG org.eclipse.jetty.io.ManagedSelector - updates 0
01:46:19.501 [qtp961160488-16] DEBUG org.eclipse.jetty.io.ManagedSelector - Selector sun.nio.ch.EPollSelectorImpl@11cfe143 waiting with 1 keys
]]></system-out>
  </testcase>
  <testcase name="testUseEtag" classname="org.apache.nifi.minifi.bootstrap.configuration.ingestors.PullHttpChangeIngestorTest" time="0.016">
    <system-out><![CDATA[01:46:19.507 [main] DEBUG org.apache.nifi.minifi.bootstrap.configuration.ingestors.PullHttpChangeIngestor - Attempting to pull new config
01:46:19.508 [qtp961160488-20-acceptor-0@1e1a0406-ServerConnector@446293d{HTTP/1.1, (http/1.1)}{localhost:46379}] DEBUG org.eclipse.jetty.io.ManagedSelector - Queued change lazy=false Accept@7e076953[java.nio.channels.SocketChannel[connected local=/127.0.0.1:46379 remote=/127.0.0.1:45526]] on ManagedSelector@316bcf94{STARTED} id=2 keys=0 selected=0 updates=0
01:46:19.508 [qtp961160488-20-acceptor-0@1e1a0406-ServerConnector@446293d{HTTP/1.1, (http/1.1)}{localhost:46379}] DEBUG org.eclipse.jetty.io.ManagedSelector - Wakeup on submit ManagedSelector@316bcf94{STARTED} id=2 keys=0 selected=0 updates=1
01:46:19.508 [qtp961160488-17] DEBUG org.eclipse.jetty.io.ManagedSelector - Selector sun.nio.ch.EPollSelectorImpl@2216d458 woken with none selected
01:46:19.508 [qtp961160488-17] DEBUG org.eclipse.jetty.io.ManagedSelector - Selector sun.nio.ch.EPollSelectorImpl@2216d458 woken up from select, 0/0/0 selected
01:46:19.508 [qtp961160488-17] DEBUG org.eclipse.jetty.io.ManagedSelector - Selector sun.nio.ch.EPollSelectorImpl@2216d458 processing 0 keys, 1 updates
01:46:19.508 [qtp961160488-17] DEBUG org.eclipse.jetty.io.ManagedSelector - updateable 1
01:46:19.508 [qtp961160488-17] DEBUG org.eclipse.jetty.io.ManagedSelector - update Accept@7e076953[java.nio.channels.SocketChannel[connected local=/127.0.0.1:46379 remote=/127.0.0.1:45526]]
01:46:19.508 [qtp961160488-17] DEBUG org.eclipse.jetty.util.thread.QueuedThreadPool - queue Accept@7e076953[java.nio.channels.SocketChannel[connected local=/127.0.0.1:46379 remote=/127.0.0.1:45526]] startThread=0
01:46:19.508 [qtp961160488-17] DEBUG org.eclipse.jetty.io.ManagedSelector - updates 0
01:46:19.508 [qtp961160488-17] DEBUG org.eclipse.jetty.io.ManagedSelector - Selector sun.nio.ch.EPollSelectorImpl@2216d458 waiting with 1 keys
01:46:19.508 [qtp961160488-19] DEBUG org.eclipse.jetty.util.thread.QueuedThreadPool - run Accept@7e076953[java.nio.channels.SocketChannel[connected local=/127.0.0.1:46379 remote=/127.0.0.1:45526]] in QueuedThreadPool[qtp961160488]@394a2528{STARTED,8<=8<=200,i=1,r=-1,q=0}[ReservedThreadExecutor@383bfa16{reserved=1/8,pending=0}]
01:46:19.509 [qtp961160488-19] DEBUG org.eclipse.jetty.io.IdleTimeout - SocketChannelEndPoint@54e1ee5e{l=/127.0.0.1:46379,r=/127.0.0.1:45526,OPEN,fill=-,flush=-,to=0/3000}{io=0/0,kio=0,kro=0}-><null> idle timeout check, elapsed: 0 ms, remaining: 3000 ms
01:46:19.509 [qtp961160488-19] DEBUG org.eclipse.jetty.server.HttpChannel - new HttpChannelOverHttp@9195e2f{s=HttpChannelState@228b0238{s=IDLE rs=BLOCKING os=OPEN is=IDLE awp=false se=false i=true al=0},r=0,c=false/false,a=IDLE,uri=null,age=0} -> SocketChannelEndPoint@54e1ee5e{l=/127.0.0.1:46379,r=/127.0.0.1:45526,OPEN,fill=-,flush=-,to=0/3000}{io=0/0,kio=0,kro=0}-><null>,null,HttpChannelState@228b0238{s=IDLE rs=BLOCKING os=OPEN is=IDLE awp=false se=false i=true al=0}
01:46:19.509 [qtp961160488-19] DEBUG org.eclipse.jetty.server.HttpConnection - New HTTP Connection HttpConnection@9f2bb3b::SocketChannelEndPoint@54e1ee5e{l=/127.0.0.1:46379,r=/127.0.0.1:45526,OPEN,fill=-,flush=-,to=0/3000}{io=0/0,kio=0,kro=0}-><null>
01:46:19.509 [qtp961160488-19] DEBUG org.eclipse.jetty.io.ManagedSelector - Queued change lazy=true org.eclipse.jetty.io.ManagedSelector$$Lambda$258/102804084@52ba3745 on ManagedSelector@316bcf94{STARTED} id=2 keys=1 selected=0 updates=0
01:46:19.509 [qtp961160488-19] DEBUG org.eclipse.jetty.io.AbstractEndPoint - onOpen SocketChannelEndPoint@54e1ee5e{l=/127.0.0.1:46379,r=/127.0.0.1:45526,OPEN,fill=-,flush=-,to=0/3000}{io=0/0,kio=0,kro=0}->HttpConnection@9f2bb3b[p=HttpParser{s=START,0 of -1},g=HttpGenerator@1191e31b{s=START}]=>HttpChannelOverHttp@9195e2f{s=HttpChannelState@228b0238{s=IDLE rs=BLOCKING os=OPEN is=IDLE awp=false se=false i=true al=0},r=0,c=false/false,a=IDLE,uri=null,age=0}
01:46:19.509 [qtp961160488-19] DEBUG org.eclipse.jetty.io.AbstractConnection - onOpen HttpConnection@9f2bb3b::SocketChannelEndPoint@54e1ee5e{l=/127.0.0.1:46379,r=/127.0.0.1:45526,OPEN,fill=-,flush=-,to=0/3000}{io=0/0,kio=0,kro=0}->HttpConnection@9f2bb3b[p=HttpParser{s=START,0 of -1},g=HttpGenerator@1191e31b{s=START}]=>HttpChannelOverHttp@9195e2f{s=HttpChannelState@228b0238{s=IDLE rs=BLOCKING os=OPEN is=IDLE awp=false se=false i=true al=0},r=0,c=false/false,a=IDLE,uri=null,age=0}
01:46:19.510 [qtp961160488-19] DEBUG org.eclipse.jetty.io.AbstractConnection - fillInterested HttpConnection@9f2bb3b::SocketChannelEndPoint@54e1ee5e{l=/127.0.0.1:46379,r=/127.0.0.1:45526,OPEN,fill=-,flush=-,to=1/3000}{io=0/0,kio=0,kro=0}->HttpConnection@9f2bb3b[p=HttpParser{s=START,0 of -1},g=HttpGenerator@1191e31b{s=START}]=>HttpChannelOverHttp@9195e2f{s=HttpChannelState@228b0238{s=IDLE rs=BLOCKING os=OPEN is=IDLE awp=false se=false i=true al=0},r=0,c=false/false,a=IDLE,uri=null,age=0}
01:46:19.510 [qtp961160488-19] DEBUG org.eclipse.jetty.io.FillInterest - interested FillInterest@6b71b9d3{AC.ReadCB@9f2bb3b{HttpConnection@9f2bb3b::SocketChannelEndPoint@54e1ee5e{l=/127.0.0.1:46379,r=/127.0.0.1:45526,OPEN,fill=FI,flush=-,to=0/3000}{io=0/0,kio=0,kro=0}->HttpConnection@9f2bb3b[p=HttpParser{s=START,0 of -1},g=HttpGenerator@1191e31b{s=START}]=>HttpChannelOverHttp@9195e2f{s=HttpChannelState@228b0238{s=IDLE rs=BLOCKING os=OPEN is=IDLE awp=false se=false i=true al=0},r=0,c=false/false,a=IDLE,uri=null,age=0}}}
01:46:19.510 [qtp961160488-19] DEBUG org.eclipse.jetty.io.ChannelEndPoint - changeInterests p=false 0->1 for SocketChannelEndPoint@54e1ee5e{l=/127.0.0.1:46379,r=/127.0.0.1:45526,OPEN,fill=FI,flush=-,to=0/3000}{io=0/1,kio=0,kro=0}->HttpConnection@9f2bb3b[p=HttpParser{s=START,0 of -1},g=HttpGenerator@1191e31b{s=START}]=>HttpChannelOverHttp@9195e2f{s=HttpChannelState@228b0238{s=IDLE rs=BLOCKING os=OPEN is=IDLE awp=false se=false i=true al=0},r=0,c=false/false,a=IDLE,uri=null,age=0}
01:46:19.510 [qtp961160488-19] DEBUG org.eclipse.jetty.io.ManagedSelector - Queued change lazy=false org.eclipse.jetty.io.ChannelEndPoint$$Lambda$255/981852870@77c6fce5 on ManagedSelector@316bcf94{STARTED} id=2 keys=1 selected=0 updates=1
01:46:19.510 [qtp961160488-19] DEBUG org.eclipse.jetty.io.ManagedSelector - Wakeup on submit ManagedSelector@316bcf94{STARTED} id=2 keys=1 selected=0 updates=2
01:46:19.510 [qtp961160488-17] DEBUG org.eclipse.jetty.io.ManagedSelector - Selector sun.nio.ch.EPollSelectorImpl@2216d458 woken with none selected
01:46:19.510 [qtp961160488-17] DEBUG org.eclipse.jetty.io.ManagedSelector - Selector sun.nio.ch.EPollSelectorImpl@2216d458 woken up from select, 0/0/1 selected
01:46:19.510 [qtp961160488-17] DEBUG org.eclipse.jetty.io.ManagedSelector - Selector sun.nio.ch.EPollSelectorImpl@2216d458 processing 0 keys, 2 updates
01:46:19.510 [qtp961160488-19] DEBUG org.eclipse.jetty.io.ManagedSelector - Created SocketChannelEndPoint@54e1ee5e{l=/127.0.0.1:46379,r=/127.0.0.1:45526,OPEN,fill=FI,flush=-,to=0/3000}{io=0/1,kio=0,kro=0}->HttpConnection@9f2bb3b[p=HttpParser{s=START,0 of -1},g=HttpGenerator@1191e31b{s=START}]=>HttpChannelOverHttp@9195e2f{s=HttpChannelState@228b0238{s=IDLE rs=BLOCKING os=OPEN is=IDLE awp=false se=false i=true al=0},r=0,c=false/false,a=IDLE,uri=null,age=0}
01:46:19.510 [qtp961160488-17] DEBUG org.eclipse.jetty.io.ManagedSelector - updateable 2
01:46:19.510 [qtp961160488-17] DEBUG org.eclipse.jetty.io.ManagedSelector - update org.eclipse.jetty.io.ManagedSelector$$Lambda$258/102804084@52ba3745
01:46:19.510 [qtp961160488-17] DEBUG org.eclipse.jetty.io.ManagedSelector - update org.eclipse.jetty.io.ChannelEndPoint$$Lambda$255/981852870@77c6fce5
01:46:19.510 [qtp961160488-19] DEBUG org.eclipse.jetty.util.thread.QueuedThreadPool - ran Accept@7e076953[java.nio.channels.SocketChannel[connected local=/127.0.0.1:46379 remote=/127.0.0.1:45526]] in QueuedThreadPool[qtp961160488]@394a2528{STARTED,8<=8<=200,i=1,r=-1,q=0}[ReservedThreadExecutor@383bfa16{reserved=1/8,pending=0}]
01:46:19.511 [qtp961160488-17] DEBUG org.eclipse.jetty.io.ChannelEndPoint - Key interests updated 0 -> 1 on SocketChannelEndPoint@54e1ee5e{l=/127.0.0.1:46379,r=/127.0.0.1:45526,OPEN,fill=FI,flush=-,to=0/3000}{io=1/1,kio=1,kro=0}->HttpConnection@9f2bb3b[p=HttpParser{s=START,0 of -1},g=HttpGenerator@1191e31b{s=START}]=>HttpChannelOverHttp@9195e2f{s=HttpChannelState@228b0238{s=IDLE rs=BLOCKING os=OPEN is=IDLE awp=false se=false i=true al=0},r=0,c=false/false,a=IDLE,uri=null,age=0}
01:46:19.511 [qtp961160488-17] DEBUG org.eclipse.jetty.io.ManagedSelector - updates 0
01:46:19.511 [qtp961160488-17] DEBUG org.eclipse.jetty.io.ManagedSelector - Selector sun.nio.ch.EPollSelectorImpl@2216d458 waiting with 1 keys
01:46:19.511 [qtp961160488-17] DEBUG org.eclipse.jetty.io.ManagedSelector - Selector sun.nio.ch.EPollSelectorImpl@2216d458 woken up from select, 1/1/1 selected
01:46:19.511 [qtp961160488-17] DEBUG org.eclipse.jetty.io.ManagedSelector - Selector sun.nio.ch.EPollSelectorImpl@2216d458 processing 1 keys, 0 updates
01:46:19.511 [qtp961160488-17] DEBUG org.eclipse.jetty.io.ManagedSelector - selected 1 sun.nio.ch.SelectionKeyImpl@2cd12e6a SocketChannelEndPoint@54e1ee5e{l=/127.0.0.1:46379,r=/127.0.0.1:45526,OPEN,fill=FI,flush=-,to=1/3000}{io=1/1,kio=1,kro=1}->HttpConnection@9f2bb3b[p=HttpParser{s=START,0 of -1},g=HttpGenerator@1191e31b{s=START}]=>HttpChannelOverHttp@9195e2f{s=HttpChannelState@228b0238{s=IDLE rs=BLOCKING os=OPEN is=IDLE awp=false se=false i=true al=0},r=0,c=false/false,a=IDLE,uri=null,age=0} 
01:46:19.511 [qtp961160488-17] DEBUG org.eclipse.jetty.io.ChannelEndPoint - onSelected 1->0 r=true w=false for SocketChannelEndPoint@54e1ee5e{l=/127.0.0.1:46379,r=/127.0.0.1:45526,OPEN,fill=FI,flush=-,to=1/3000}{io=1/0,kio=1,kro=1}->HttpConnection@9f2bb3b[p=HttpParser{s=START,0 of -1},g=HttpGenerator@1191e31b{s=START}]=>HttpChannelOverHttp@9195e2f{s=HttpChannelState@228b0238{s=IDLE rs=BLOCKING os=OPEN is=IDLE awp=false se=false i=true al=0},r=0,c=false/false,a=IDLE,uri=null,age=0}
01:46:19.511 [qtp961160488-17] DEBUG org.eclipse.jetty.io.ChannelEndPoint - task CEP:SocketChannelEndPoint@54e1ee5e{l=/127.0.0.1:46379,r=/127.0.0.1:45526,OPEN,fill=FI,flush=-,to=1/3000}{io=1/0,kio=1,kro=1}->HttpConnection@9f2bb3b[p=HttpParser{s=START,0 of -1},g=HttpGenerator@1191e31b{s=START}]=>HttpChannelOverHttp@9195e2f{s=HttpChannelState@228b0238{s=IDLE rs=BLOCKING os=OPEN is=IDLE awp=false se=false i=true al=0},r=0,c=false/false,a=IDLE,uri=null,age=0}:runFillable:BLOCKING
01:46:19.512 [qtp961160488-17] DEBUG org.eclipse.jetty.util.thread.ReservedThreadExecutor - ReservedThreadExecutor@383bfa16{reserved=1/8,pending=0} tryExecute EatWhatYouKill@ffaa6af/SelectorProducer@53ce1329/PRODUCING/p=false/QueuedThreadPool[qtp961160488]@394a2528{STARTED,8<=8<=200,i=2,r=-1,q=0}[ReservedThreadExecutor@383bfa16{reserved=1/8,pending=0}][pc=0,pic=0,pec=0,epc=0]@2024-05-02T01:46:19.512+01:00
01:46:19.512 [qtp961160488-17] DEBUG org.eclipse.jetty.util.thread.ReservedThreadExecutor - ReservedThreadExecutor@383bfa16{reserved=0/8,pending=1} startReservedThread p=1
01:46:19.512 [qtp961160488-17] DEBUG org.eclipse.jetty.util.thread.QueuedThreadPool - queue ReservedThread@28eebf28{PENDING,thread=null} startThread=0
01:46:19.512 [qtp961160488-22] DEBUG org.eclipse.jetty.util.thread.QueuedThreadPool - run ReservedThread@28eebf28{PENDING,thread=null} in QueuedThreadPool[qtp961160488]@394a2528{STARTED,8<=8<=200,i=1,r=-1,q=0}[ReservedThreadExecutor@383bfa16{reserved=0/8,pending=1}]
01:46:19.512 [qtp961160488-22] DEBUG org.eclipse.jetty.util.thread.ReservedThreadExecutor - ReservedThread@28eebf28{PENDING,thread=Thread[qtp961160488-22,5,main]} was=PENDING next=RESERVED size=0+1 capacity=8
01:46:19.512 [qtp961160488-22] DEBUG org.eclipse.jetty.util.thread.ReservedThreadExecutor - ReservedThread@28eebf28{RESERVED,thread=Thread[qtp961160488-22,5,main]} waiting ReservedThreadExecutor@383bfa16{reserved=1/8,pending=0}
01:46:19.512 [qtp961160488-21] DEBUG org.eclipse.jetty.util.thread.ReservedThreadExecutor - ReservedThread@3e1af87e{RESERVED,thread=Thread[qtp961160488-21,5,main]} task=EatWhatYouKill@ffaa6af/SelectorProducer@53ce1329/IDLE/p=true/QueuedThreadPool[qtp961160488]@394a2528{STARTED,8<=8<=200,i=1,r=-1,q=0}[ReservedThreadExecutor@383bfa16{reserved=0/8,pending=1}][pc=0,pic=0,pec=0,epc=0]@2024-05-02T01:46:19.512+01:00 ReservedThreadExecutor@383bfa16{reserved=1/8,pending=0}
01:46:19.512 [qtp961160488-21] DEBUG org.eclipse.jetty.util.thread.strategy.EatWhatYouKill - EatWhatYouKill@ffaa6af/SelectorProducer@53ce1329/IDLE/p=true/QueuedThreadPool[qtp961160488]@394a2528{STARTED,8<=8<=200,i=1,r=-1,q=0}[ReservedThreadExecutor@383bfa16{reserved=1/8,pending=0}][pc=0,pic=0,pec=0,epc=0]@2024-05-02T01:46:19.512+01:00 tryProduce true
01:46:19.512 [qtp961160488-21] DEBUG org.eclipse.jetty.io.ManagedSelector - updateable 0
01:46:19.513 [qtp961160488-21] DEBUG org.eclipse.jetty.io.ManagedSelector - updates 0
01:46:19.513 [qtp961160488-17] DEBUG org.eclipse.jetty.util.thread.strategy.EatWhatYouKill - EatWhatYouKill@ffaa6af/SelectorProducer@53ce1329/IDLE/p=true/QueuedThreadPool[qtp961160488]@394a2528{STARTED,8<=8<=200,i=1,r=-1,q=0}[ReservedThreadExecutor@383bfa16{reserved=1/8,pending=0}][pc=0,pic=0,pec=0,epc=0]@2024-05-02T01:46:19.512+01:00 m=EXECUTE_PRODUCE_CONSUME t=CEP:SocketChannelEndPoint@54e1ee5e{l=/127.0.0.1:46379,r=/127.0.0.1:45526,OPEN,fill=FI,flush=-,to=2/3000}{io=1/0,kio=1,kro=1}->HttpConnection@9f2bb3b[p=HttpParser{s=START,0 of -1},g=HttpGenerator@1191e31b{s=START}]=>HttpChannelOverHttp@9195e2f{s=HttpChannelState@228b0238{s=IDLE rs=BLOCKING os=OPEN is=IDLE awp=false se=false i=true al=0},r=0,c=false/false,a=IDLE,uri=null,age=0}:runFillable:BLOCKING/BLOCKING
01:46:19.513 [qtp961160488-21] DEBUG org.eclipse.jetty.io.ChannelEndPoint - Key interests updated 1 -> 0 on SocketChannelEndPoint@54e1ee5e{l=/127.0.0.1:46379,r=/127.0.0.1:45526,OPEN,fill=FI,flush=-,to=2/3000}{io=0/0,kio=0,kro=1}->HttpConnection@9f2bb3b[p=HttpParser{s=START,0 of -1},g=HttpGenerator@1191e31b{s=START}]=>HttpChannelOverHttp@9195e2f{s=HttpChannelState@228b0238{s=IDLE rs=BLOCKING os=OPEN is=IDLE awp=false se=false i=true al=0},r=0,c=false/false,a=IDLE,uri=null,age=0}
01:46:19.513 [qtp961160488-21] DEBUG org.eclipse.jetty.io.ManagedSelector - Selector sun.nio.ch.EPollSelectorImpl@2216d458 waiting with 1 keys
01:46:19.513 [qtp961160488-17] DEBUG org.eclipse.jetty.io.FillInterest - fillable FillInterest@6b71b9d3{AC.ReadCB@9f2bb3b{HttpConnection@9f2bb3b::SocketChannelEndPoint@54e1ee5e{l=/127.0.0.1:46379,r=/127.0.0.1:45526,OPEN,fill=FI,flush=-,to=3/3000}{io=0/0,kio=0,kro=1}->HttpConnection@9f2bb3b[p=HttpParser{s=START,0 of -1},g=HttpGenerator@1191e31b{s=START}]=>HttpChannelOverHttp@9195e2f{s=HttpChannelState@228b0238{s=IDLE rs=BLOCKING os=OPEN is=IDLE awp=false se=false i=true al=0},r=0,c=false/false,a=IDLE,uri=null,age=0}}}
01:46:19.513 [qtp961160488-17] DEBUG org.eclipse.jetty.server.HttpConnection - HttpConnection@9f2bb3b::SocketChannelEndPoint@54e1ee5e{l=/127.0.0.1:46379,r=/127.0.0.1:45526,OPEN,fill=-,flush=-,to=3/3000}{io=0/0,kio=0,kro=1}->HttpConnection@9f2bb3b[p=HttpParser{s=START,0 of -1},g=HttpGenerator@1191e31b{s=START}]=>HttpChannelOverHttp@9195e2f{s=HttpChannelState@228b0238{s=IDLE rs=BLOCKING os=OPEN is=IDLE awp=false se=false i=true al=0},r=0,c=false/false,a=IDLE,uri=null,age=0} onFillable enter HttpChannelState@228b0238{s=IDLE rs=BLOCKING os=OPEN is=IDLE awp=false se=false i=true al=0} null
01:46:19.513 [qtp961160488-17] DEBUG org.eclipse.jetty.io.ChannelEndPoint - filled 132 HeapByteBuffer@47ae9336[p=0,l=132,c=8192,r=132]={<<<GET / HTTP/1.1\r\nIf-None-M...gent: okhttp/3.12.3\r\n\r\n>>>ver: Jett...\x00\x00\x00\x00\x00\x00\x00}
01:46:19.513 [qtp961160488-17] DEBUG org.eclipse.jetty.server.HttpConnection - HttpConnection@9f2bb3b::SocketChannelEndPoint@54e1ee5e{l=/127.0.0.1:46379,r=/127.0.0.1:45526,OPEN,fill=-,flush=-,to=0/3000}{io=0/0,kio=0,kro=1}->HttpConnection@9f2bb3b[p=HttpParser{s=START,0 of -1},g=HttpGenerator@1191e31b{s=START}]=>HttpChannelOverHttp@9195e2f{s=HttpChannelState@228b0238{s=IDLE rs=BLOCKING os=OPEN is=IDLE awp=false se=false i=true al=0},r=0,c=false/false,a=IDLE,uri=null,age=0} filled 132 HeapByteBuffer@47ae9336[p=0,l=132,c=8192,r=132]={<<<GET / HTTP/1.1\r\nIf-None-M...gent: okhttp/3.12.3\r\n\r\n>>>ver: Jett...\x00\x00\x00\x00\x00\x00\x00}
01:46:19.513 [qtp961160488-17] DEBUG org.eclipse.jetty.server.HttpConnection - HttpConnection@9f2bb3b::SocketChannelEndPoint@54e1ee5e{l=/127.0.0.1:46379,r=/127.0.0.1:45526,OPEN,fill=-,flush=-,to=0/3000}{io=0/0,kio=0,kro=1}->HttpConnection@9f2bb3b[p=HttpParser{s=START,0 of -1},g=HttpGenerator@1191e31b{s=START}]=>HttpChannelOverHttp@9195e2f{s=HttpChannelState@228b0238{s=IDLE rs=BLOCKING os=OPEN is=IDLE awp=false se=false i=true al=0},r=0,c=false/false,a=IDLE,uri=null,age=0} parse HeapByteBuffer@47ae9336[p=0,l=132,c=8192,r=132]={<<<GET / HTTP/1.1\r\nIf-None-M...gent: okhttp/3.12.3\r\n\r\n>>>ver: Jett...\x00\x00\x00\x00\x00\x00\x00} {}
01:46:19.513 [qtp961160488-17] DEBUG org.eclipse.jetty.http.HttpParser - parseNext s=START HeapByteBuffer@47ae9336[p=0,l=132,c=8192,r=132]={<<<GET / HTTP/1.1\r\nIf-None-M...gent: okhttp/3.12.3\r\n\r\n>>>ver: Jett...\x00\x00\x00\x00\x00\x00\x00}
01:46:19.513 [qtp961160488-17] DEBUG org.eclipse.jetty.http.HttpParser - START --> SPACE1
01:46:19.513 [qtp961160488-17] DEBUG org.eclipse.jetty.http.HttpParser - SPACE1 --> URI
01:46:19.514 [qtp961160488-17] DEBUG org.eclipse.jetty.http.HttpParser - URI --> SPACE2
01:46:19.514 [qtp961160488-17] DEBUG org.eclipse.jetty.http.HttpParser - SPACE2 --> REQUEST_VERSION
01:46:19.514 [qtp961160488-17] DEBUG org.eclipse.jetty.http.HttpParser - REQUEST_VERSION --> HEADER
01:46:19.514 [qtp961160488-17] DEBUG org.eclipse.jetty.http.HttpParser - HEADER:If-None-Match --> VALUE
01:46:19.514 [qtp961160488-17] DEBUG org.eclipse.jetty.http.HttpParser - HEADER:If-None-Match --> FIELD
01:46:19.514 [qtp961160488-17] DEBUG org.eclipse.jetty.http.HttpParser - HEADER:Host --> VALUE
01:46:19.514 [qtp961160488-17] DEBUG org.eclipse.jetty.http.HttpParser - HEADER:Host --> IN_VALUE
01:46:19.514 [qtp961160488-17] DEBUG org.eclipse.jetty.http.HttpParser - HEADER:Host --> FIELD
01:46:19.514 [qtp961160488-17] DEBUG org.eclipse.jetty.http.HttpParser - HEADER:Connection: keep-alive --> IN_VALUE
01:46:19.514 [qtp961160488-17] DEBUG org.eclipse.jetty.http.HttpParser - HEADER:Connection: keep-alive --> FIELD
01:46:19.514 [qtp961160488-17] DEBUG org.eclipse.jetty.http.HttpParser - HEADER:Accept-Encoding: gzip --> IN_VALUE
01:46:19.514 [qtp961160488-17] DEBUG org.eclipse.jetty.http.HttpParser - HEADER:Accept-Encoding: gzip --> FIELD
01:46:19.514 [qtp961160488-17] DEBUG org.eclipse.jetty.http.HttpParser - HEADER:User-Agent --> VALUE
01:46:19.514 [qtp961160488-17] DEBUG org.eclipse.jetty.http.HttpParser - HEADER:User-Agent --> IN_VALUE
01:46:19.514 [qtp961160488-17] DEBUG org.eclipse.jetty.http.HttpParser - HEADER:User-Agent --> FIELD
01:46:19.514 [qtp961160488-17] DEBUG org.eclipse.jetty.http.HttpParser - HEADER --> CONTENT
01:46:19.514 [qtp961160488-17] DEBUG org.eclipse.jetty.server.HttpChannel - REQUEST for //localhost:46379/ on HttpChannelOverHttp@9195e2f{s=HttpChannelState@228b0238{s=IDLE rs=BLOCKING os=OPEN is=IDLE awp=false se=false i=true al=0},r=1,c=false/false,a=IDLE,uri=//localhost:46379/,age=0}
GET //localhost:46379/ HTTP/1.1
If-None-Match: 
Host: localhost:46379
Connection: keep-alive
Accept-Encoding: gzip
User-Agent: okhttp/3.12.3


01:46:19.514 [qtp961160488-17] DEBUG org.eclipse.jetty.server.HttpConnection - HttpConnection@9f2bb3b::SocketChannelEndPoint@54e1ee5e{l=/127.0.0.1:46379,r=/127.0.0.1:45526,OPEN,fill=-,flush=-,to=0/3000}{io=0/0,kio=0,kro=1}->HttpConnection@9f2bb3b[p=HttpParser{s=CONTENT,0 of -1},g=HttpGenerator@1191e31b{s=START}]=>HttpChannelOverHttp@9195e2f{s=HttpChannelState@228b0238{s=IDLE rs=BLOCKING os=OPEN is=IDLE awp=false se=false i=true al=0},r=1,c=false/false,a=IDLE,uri=//localhost:46379/,age=0} parsed true HttpParser{s=CONTENT,0 of -1}
01:46:19.514 [qtp961160488-17] DEBUG org.eclipse.jetty.server.HttpConnection - releaseRequestBuffer HttpConnection@9f2bb3b::SocketChannelEndPoint@54e1ee5e{l=/127.0.0.1:46379,r=/127.0.0.1:45526,OPEN,fill=-,flush=-,to=1/3000}{io=0/0,kio=0,kro=1}->HttpConnection@9f2bb3b[p=HttpParser{s=CONTENT,0 of -1},g=HttpGenerator@1191e31b{s=START}]=>HttpChannelOverHttp@9195e2f{s=HttpChannelState@228b0238{s=IDLE rs=BLOCKING os=OPEN is=IDLE awp=false se=false i=true al=0},r=1,c=false/false,a=IDLE,uri=//localhost:46379/,age=0}
01:46:19.514 [qtp961160488-17] DEBUG org.eclipse.jetty.server.HttpChannel - handle //localhost:46379/ HttpChannelOverHttp@9195e2f{s=HttpChannelState@228b0238{s=IDLE rs=BLOCKING os=OPEN is=IDLE awp=false se=false i=true al=0},r=1,c=false/false,a=IDLE,uri=//localhost:46379/,age=0} 
01:46:19.514 [qtp961160488-17] DEBUG org.eclipse.jetty.server.HttpChannelState - handling HttpChannelState@228b0238{s=IDLE rs=BLOCKING os=OPEN is=IDLE awp=false se=false i=true al=0}
01:46:19.514 [qtp961160488-17] DEBUG org.eclipse.jetty.server.HttpChannel - action DISPATCH HttpChannelOverHttp@9195e2f{s=HttpChannelState@228b0238{s=HANDLING rs=BLOCKING os=OPEN is=IDLE awp=false se=false i=true al=0},r=1,c=false/false,a=HANDLING,uri=//localhost:46379/,age=0}
01:46:19.515 [qtp961160488-17] DEBUG org.eclipse.jetty.server.Server - REQUEST GET / on HttpChannelOverHttp@9195e2f{s=HttpChannelState@228b0238{s=HANDLING rs=BLOCKING os=OPEN is=IDLE awp=false se=false i=true al=0},r=1,c=false/false,a=HANDLING,uri=//localhost:46379/,age=0}
01:46:19.515 [qtp961160488-17] DEBUG org.eclipse.jetty.server.HttpOutput - write(array HeapByteBuffer@6dec2451[p=0,l=4,c=512,r=4]={<<<test>>>\x00\x00\x00\x00\x00\x00\x00\x00\x00...\x00\x00\x00\x00\x00\x00\x00})
01:46:19.515 [qtp961160488-17] DEBUG org.eclipse.jetty.server.HttpOutput - write(array) s=CLOSING,api=BLOCKED,sc=false,e=null last=true agg=false flush=true async=false, len=4 null
01:46:19.515 [qtp961160488-17] DEBUG org.eclipse.jetty.server.HttpChannel - sendResponse info=null content=HeapByteBuffer@79cc99a0[p=0,l=4,c=512,r=4]={<<<test>>>\x00\x00\x00\x00\x00\x00\x00\x00\x00...\x00\x00\x00\x00\x00\x00\x00} complete=true committing=true callback=Blocker@5c4b4a8d{null}
01:46:19.515 [qtp961160488-17] DEBUG org.eclipse.jetty.server.HttpChannel - COMMIT for / on HttpChannelOverHttp@9195e2f{s=HttpChannelState@228b0238{s=HANDLING rs=BLOCKING os=COMMITTED is=IDLE awp=false se=false i=true al=0},r=1,c=false/false,a=HANDLING,uri=//localhost:46379/,age=1}
200 null HTTP/1.1
Date: Thu, 02 May 2024 00:46:19 GMT
ETag: testEtag
Content-Type: text/plain;charset=utf-8
Content-Length: 4


01:46:19.515 [qtp961160488-17] DEBUG org.eclipse.jetty.server.HttpConnection - generate: NEED_HEADER for SendCallback@181a9d3[PROCESSING][i=HTTP/1.1{s=200,h=4,cl=4},cb=org.eclipse.jetty.server.HttpChannel$SendCallback@dc3db1e] (null,[p=0,l=4,c=512,r=4],true)@START
01:46:19.515 [qtp961160488-17] DEBUG org.eclipse.jetty.http.HttpGenerator - generateHeaders HTTP/1.1{s=200,h=4,cl=4} last=true content=HeapByteBuffer@79cc99a0[p=0,l=4,c=512,r=4]={<<<test>>>\x00\x00\x00\x00\x00\x00\x00\x00\x00...\x00\x00\x00\x00\x00\x00\x00}
01:46:19.515 [qtp961160488-17] DEBUG org.eclipse.jetty.http.HttpGenerator - Date: Thu, 02 May 2024 00:46:19 GMT
ETag: testEtag
Content-Type: text/plain;charset=utf-8
Content-Length: 4


01:46:19.515 [qtp961160488-17] DEBUG org.eclipse.jetty.http.HttpGenerator - CONTENT_LENGTH
01:46:19.515 [qtp961160488-17] DEBUG org.eclipse.jetty.server.HttpConnection - generate: FLUSH for SendCallback@181a9d3[PROCESSING][i=HTTP/1.1{s=200,h=4,cl=4},cb=org.eclipse.jetty.server.HttpChannel$SendCallback@dc3db1e] ([p=0,l=164,c=8192,r=164],[p=0,l=4,c=512,r=4],true)@COMPLETING
01:46:19.515 [qtp961160488-17] DEBUG org.eclipse.jetty.io.WriteFlusher - write: WriteFlusher@10df429f{IDLE}->null [HeapByteBuffer@47ae9336[p=0,l=164,c=8192,r=164]={<<<HTTP/1.1 200 OK\r\nDate: Th...y(9.4.44.v20210927)\r\n\r\n>>>\x00\x00\x00\x00\x00\x00\x00\x00\x00...\x00\x00\x00\x00\x00\x00\x00},HeapByteBuffer@79cc99a0[p=0,l=4,c=512,r=4]={<<<test>>>\x00\x00\x00\x00\x00\x00\x00\x00\x00...\x00\x00\x00\x00\x00\x00\x00}]
01:46:19.515 [qtp961160488-17] DEBUG org.eclipse.jetty.io.WriteFlusher - update WriteFlusher@10df429f{WRITING}->null:IDLE-->WRITING
01:46:19.515 [main] DEBUG org.apache.nifi.minifi.bootstrap.configuration.ingestors.PullHttpChangeIngestor - Response received: Response{protocol=http/1.1, code=200, message=OK, url=http://localhost:46379/}
01:46:19.515 [qtp961160488-17] DEBUG org.eclipse.jetty.io.ChannelEndPoint - flushed 168 SocketChannelEndPoint@54e1ee5e{l=/127.0.0.1:46379,r=/127.0.0.1:45526,OPEN,fill=-,flush=W,to=2/3000}{io=0/0,kio=0,kro=1}->HttpConnection@9f2bb3b[p=HttpParser{s=CONTENT,0 of -1},g=HttpGenerator@1191e31b{s=COMPLETING}]=>HttpChannelOverHttp@9195e2f{s=HttpChannelState@228b0238{s=HANDLING rs=BLOCKING os=COMMITTED is=IDLE awp=false se=false i=true al=0},r=1,c=false/false,a=HANDLING,uri=//localhost:46379/,age=1}
01:46:19.515 [qtp961160488-17] DEBUG org.eclipse.jetty.io.WriteFlusher - Flushed=true written=168 remaining=0 WriteFlusher@10df429f{WRITING}->null
01:46:19.516 [qtp961160488-17] DEBUG org.eclipse.jetty.io.WriteFlusher - update WriteFlusher@10df429f{IDLE}->null:WRITING-->IDLE
01:46:19.516 [main] DEBUG org.apache.nifi.minifi.bootstrap.configuration.ingestors.PullHttpChangeIngestor - New change received, notifying listener
01:46:19.516 [qtp961160488-17] DEBUG org.eclipse.jetty.server.HttpConnection - generate: DONE for SendCallback@181a9d3[PROCESSING][i=HTTP/1.1{s=200,h=4,cl=4},cb=org.eclipse.jetty.server.HttpChannel$SendCallback@dc3db1e] ([p=164,l=164,c=8192,r=0],[p=4,l=4,c=512,r=0],true)@END
01:46:19.516 [main] DEBUG org.apache.nifi.minifi.bootstrap.configuration.ingestors.PullHttpChangeIngestor - Listeners notified
01:46:19.516 [qtp961160488-17] DEBUG org.eclipse.jetty.server.HttpOutput - onWriteComplete(true,null) s=CLOSING,api=BLOCKED,sc=false,e=null->s=CLOSED,api=BLOCKING,sc=false,e=null c=null cb=null w=false
01:46:19.516 [qtp961160488-17] DEBUG org.eclipse.jetty.server.HttpOutput - close() s=CLOSED,api=BLOCKING,sc=false,e=null c=null b=null
01:46:19.516 [main] DEBUG org.apache.nifi.minifi.bootstrap.configuration.ingestors.PullHttpChangeIngestor - Attempting to pull new config
01:46:19.516 [qtp961160488-17] DEBUG org.eclipse.jetty.server.Server - handled=true async=false committed=true on HttpChannelOverHttp@9195e2f{s=HttpChannelState@228b0238{s=HANDLING rs=BLOCKING os=COMPLETED is=IDLE awp=false se=false i=true al=0},r=1,c=false/true,a=HANDLING,uri=//localhost:46379/,age=2}
01:46:19.516 [qtp961160488-17] DEBUG org.eclipse.jetty.server.HttpChannelState - unhandle HttpChannelState@228b0238{s=HANDLING rs=BLOCKING os=COMPLETED is=IDLE awp=false se=false i=true al=0}
01:46:19.516 [qtp961160488-17] DEBUG org.eclipse.jetty.server.HttpChannelState - nextAction(false) COMPLETE HttpChannelState@228b0238{s=HANDLING rs=COMPLETING os=COMPLETED is=IDLE awp=false se=false i=false al=0}
01:46:19.516 [qtp961160488-17] DEBUG org.eclipse.jetty.server.HttpChannel - action COMPLETE HttpChannelOverHttp@9195e2f{s=HttpChannelState@228b0238{s=HANDLING rs=COMPLETING os=COMPLETED is=IDLE awp=false se=false i=false al=0},r=1,c=false/true,a=HANDLING,uri=//localhost:46379/,age=2}
01:46:19.516 [qtp961160488-17] DEBUG org.eclipse.jetty.server.HttpOutput - complete(org.eclipse.jetty.util.Callback$3@16c67d2b) s=CLOSED,api=BLOCKING,sc=false,e=null s=true e=null, c=null
01:46:19.516 [qtp961160488-17] DEBUG org.eclipse.jetty.server.HttpChannelState - completed HttpChannelState@228b0238{s=HANDLING rs=COMPLETING os=COMPLETED is=IDLE awp=false se=false i=false al=0}
01:46:19.516 [qtp961160488-17] DEBUG org.eclipse.jetty.server.HttpChannelState - unhandle HttpChannelState@228b0238{s=HANDLING rs=COMPLETED os=COMPLETED is=IDLE awp=false se=false i=false al=0}
01:46:19.517 [qtp961160488-17] DEBUG org.eclipse.jetty.server.HttpChannelState - nextAction(false) TERMINATED HttpChannelState@228b0238{s=IDLE rs=COMPLETED os=COMPLETED is=IDLE awp=false se=false i=false al=0}
01:46:19.517 [qtp961160488-17] DEBUG org.eclipse.jetty.server.HttpChannel - action TERMINATED HttpChannelOverHttp@9195e2f{s=HttpChannelState@228b0238{s=IDLE rs=COMPLETED os=COMPLETED is=IDLE awp=false se=false i=false al=0},r=1,c=true/true,a=IDLE,uri=//localhost:46379/,age=3}
01:46:19.517 [qtp961160488-17] DEBUG org.eclipse.jetty.server.HttpChannel - onCompleted for / written=4
01:46:19.517 [qtp961160488-17] DEBUG org.eclipse.jetty.io.ChannelEndPoint - filled 0 HeapByteBuffer@47ae9336[p=0,l=0,c=8192,r=0]={<<<>>>HTTP/1.1 ...\x00\x00\x00\x00\x00\x00\x00}
01:46:19.517 [qtp961160488-17] DEBUG org.eclipse.jetty.io.ChannelEndPoint - filled 142 HeapByteBuffer@47ae9336[p=0,l=142,c=8192,r=142]={<<<GET / HTTP/1.1\r\nIf-None-M...gent: okhttp/3.12.3\r\n\r\n>>>(9.4.44.v...\x00\x00\x00\x00\x00\x00\x00}
01:46:19.517 [qtp961160488-17] DEBUG org.eclipse.jetty.server.HttpConnection - HttpConnection@9f2bb3b::SocketChannelEndPoint@54e1ee5e{l=/127.0.0.1:46379,r=/127.0.0.1:45526,OPEN,fill=-,flush=-,to=0/3000}{io=0/0,kio=0,kro=1}->HttpConnection@9f2bb3b[p=HttpParser{s=CONTENT,0 of -1},g=HttpGenerator@1191e31b{s=END}]=>HttpChannelOverHttp@9195e2f{s=HttpChannelState@228b0238{s=IDLE rs=COMPLETED os=COMPLETED is=IDLE awp=false se=false i=false al=0},r=1,c=true/true,a=IDLE,uri=//localhost:46379/,age=3} filled 142 HeapByteBuffer@47ae9336[p=0,l=142,c=8192,r=142]={<<<GET / HTTP/1.1\r\nIf-None-M...gent: okhttp/3.12.3\r\n\r\n>>>(9.4.44.v...\x00\x00\x00\x00\x00\x00\x00}
01:46:19.518 [qtp961160488-17] DEBUG org.eclipse.jetty.server.HttpConnection - HttpConnection@9f2bb3b::SocketChannelEndPoint@54e1ee5e{l=/127.0.0.1:46379,r=/127.0.0.1:45526,OPEN,fill=-,flush=-,to=0/3000}{io=0/0,kio=0,kro=1}->HttpConnection@9f2bb3b[p=HttpParser{s=CONTENT,0 of -1},g=HttpGenerator@1191e31b{s=END}]=>HttpChannelOverHttp@9195e2f{s=HttpChannelState@228b0238{s=IDLE rs=COMPLETED os=COMPLETED is=IDLE awp=false se=false i=false al=0},r=1,c=true/true,a=IDLE,uri=//localhost:46379/,age=3} parse HeapByteBuffer@47ae9336[p=0,l=142,c=8192,r=142]={<<<GET / HTTP/1.1\r\nIf-None-M...gent: okhttp/3.12.3\r\n\r\n>>>(9.4.44.v...\x00\x00\x00\x00\x00\x00\x00} {}
01:46:19.518 [qtp961160488-17] DEBUG org.eclipse.jetty.http.HttpParser - parseNext s=CONTENT HeapByteBuffer@47ae9336[p=0,l=142,c=8192,r=142]={<<<GET / HTTP/1.1\r\nIf-None-M...gent: okhttp/3.12.3\r\n\r\n>>>(9.4.44.v...\x00\x00\x00\x00\x00\x00\x00}
01:46:19.518 [qtp961160488-17] DEBUG org.eclipse.jetty.http.HttpParser - CONTENT --> CONTENT_END
01:46:19.518 [qtp961160488-17] DEBUG org.eclipse.jetty.server.HttpChannel - onContentComplete HttpChannelOverHttp@9195e2f{s=HttpChannelState@228b0238{s=IDLE rs=COMPLETED os=COMPLETED is=IDLE awp=false se=false i=false al=0},r=1,c=true/true,a=IDLE,uri=//localhost:46379/,age=4}
01:46:19.518 [qtp961160488-17] DEBUG org.eclipse.jetty.http.HttpParser - CONTENT_END --> END
01:46:19.518 [qtp961160488-17] DEBUG org.eclipse.jetty.server.HttpChannel - onRequestComplete HttpChannelOverHttp@9195e2f{s=HttpChannelState@228b0238{s=IDLE rs=COMPLETED os=COMPLETED is=IDLE awp=false se=false i=false al=0},r=1,c=true/true,a=IDLE,uri=//localhost:46379/,age=4}
01:46:19.518 [qtp961160488-17] DEBUG org.eclipse.jetty.server.HttpInput - HttpInputOverHTTP@1a858111[c=0,q=0,[0]=null,s=STREAM] addContent EOF
01:46:19.518 [qtp961160488-17] DEBUG org.eclipse.jetty.server.HttpConnection - HttpConnection@9f2bb3b::SocketChannelEndPoint@54e1ee5e{l=/127.0.0.1:46379,r=/127.0.0.1:45526,OPEN,fill=-,flush=-,to=0/3000}{io=0/0,kio=0,kro=1}->HttpConnection@9f2bb3b[p=HttpParser{s=END,0 of -1},g=HttpGenerator@1191e31b{s=END}]=>HttpChannelOverHttp@9195e2f{s=HttpChannelState@228b0238{s=IDLE rs=COMPLETED os=COMPLETED is=IDLE awp=false se=false i=false al=0},r=1,c=true/true,a=IDLE,uri=//localhost:46379/,age=4} parsed false HttpParser{s=END,0 of -1}
01:46:19.518 [qtp961160488-17] DEBUG org.eclipse.jetty.server.HttpChannelState - recycle HttpChannelState@228b0238{s=IDLE rs=COMPLETED os=COMPLETED is=IDLE awp=false se=false i=false al=0}
01:46:19.518 [qtp961160488-17] DEBUG org.eclipse.jetty.http.HttpParser - reset HttpParser{s=END,0 of -1}
01:46:19.518 [qtp961160488-17] DEBUG org.eclipse.jetty.http.HttpParser - END --> START
01:46:19.518 [qtp961160488-17] DEBUG org.eclipse.jetty.server.HttpChannel - !handle TERMINATED HttpChannelOverHttp@9195e2f{s=HttpChannelState@228b0238{s=IDLE rs=BLOCKING os=OPEN is=IDLE awp=false se=false i=true al=0},r=1,c=false/false,a=IDLE,uri=null,age=0}
01:46:19.518 [qtp961160488-17] DEBUG org.eclipse.jetty.server.HttpConnection - HttpConnection@9f2bb3b::SocketChannelEndPoint@54e1ee5e{l=/127.0.0.1:46379,r=/127.0.0.1:45526,OPEN,fill=-,flush=-,to=0/3000}{io=0/0,kio=0,kro=1}->HttpConnection@9f2bb3b[p=HttpParser{s=START,0 of -1},g=HttpGenerator@1191e31b{s=START}]=>HttpChannelOverHttp@9195e2f{s=HttpChannelState@228b0238{s=IDLE rs=BLOCKING os=OPEN is=IDLE awp=false se=false i=true al=0},r=1,c=false/false,a=IDLE,uri=null,age=0} parse HeapByteBuffer@47ae9336[p=0,l=142,c=8192,r=142]={<<<GET / HTTP/1.1\r\nIf-None-M...gent: okhttp/3.12.3\r\n\r\n>>>(9.4.44.v...\x00\x00\x00\x00\x00\x00\x00} {}
01:46:19.518 [qtp961160488-17] DEBUG org.eclipse.jetty.http.HttpParser - parseNext s=START HeapByteBuffer@47ae9336[p=0,l=142,c=8192,r=142]={<<<GET / HTTP/1.1\r\nIf-None-M...gent: okhttp/3.12.3\r\n\r\n>>>(9.4.44.v...\x00\x00\x00\x00\x00\x00\x00}
01:46:19.518 [qtp961160488-17] DEBUG org.eclipse.jetty.http.HttpParser - START --> SPACE1
01:46:19.518 [qtp961160488-17] DEBUG org.eclipse.jetty.http.HttpParser - SPACE1 --> URI
01:46:19.518 [qtp961160488-17] DEBUG org.eclipse.jetty.http.HttpParser - URI --> SPACE2
01:46:19.518 [qtp961160488-17] DEBUG org.eclipse.jetty.http.HttpParser - SPACE2 --> REQUEST_VERSION
01:46:19.518 [qtp961160488-17] DEBUG org.eclipse.jetty.http.HttpParser - REQUEST_VERSION --> HEADER
01:46:19.518 [qtp961160488-17] DEBUG org.eclipse.jetty.http.HttpParser - HEADER:If-None-Match --> VALUE
01:46:19.518 [qtp961160488-17] DEBUG org.eclipse.jetty.http.HttpParser - HEADER:If-None-Match --> IN_VALUE
01:46:19.518 [qtp961160488-17] DEBUG org.eclipse.jetty.http.HttpParser - HEADER:If-None-Match --> FIELD
01:46:19.518 [qtp961160488-17] DEBUG org.eclipse.jetty.http.HttpParser - HEADER:Host: localhost:46379 --> IN_VALUE
01:46:19.518 [qtp961160488-17] DEBUG org.eclipse.jetty.http.HttpParser - HEADER:Host: localhost:46379 --> FIELD
01:46:19.518 [qtp961160488-17] DEBUG org.eclipse.jetty.http.HttpParser - HEADER:Connection: keep-alive --> IN_VALUE
01:46:19.518 [qtp961160488-17] DEBUG org.eclipse.jetty.http.HttpParser - HEADER:Connection: keep-alive --> FIELD
01:46:19.518 [qtp961160488-17] DEBUG org.eclipse.jetty.http.HttpParser - HEADER:Accept-Encoding: gzip --> IN_VALUE
01:46:19.518 [qtp961160488-17] DEBUG org.eclipse.jetty.http.HttpParser - HEADER:Accept-Encoding: gzip --> FIELD
01:46:19.518 [qtp961160488-17] DEBUG org.eclipse.jetty.http.HttpParser - HEADER:User-Agent: okhttp/3.12.3 --> IN_VALUE
01:46:19.518 [qtp961160488-17] DEBUG org.eclipse.jetty.http.HttpParser - HEADER:User-Agent: okhttp/3.12.3 --> FIELD
01:46:19.518 [qtp961160488-17] DEBUG org.eclipse.jetty.http.HttpParser - HEADER --> CONTENT
01:46:19.519 [qtp961160488-17] DEBUG org.eclipse.jetty.server.HttpChannel - REQUEST for //localhost:46379/ on HttpChannelOverHttp@9195e2f{s=HttpChannelState@228b0238{s=IDLE rs=BLOCKING os=OPEN is=IDLE awp=false se=false i=true al=0},r=2,c=false/false,a=IDLE,uri=//localhost:46379/,age=1}
GET //localhost:46379/ HTTP/1.1
If-None-Match: "testEtag"
Host: localhost:46379
Connection: keep-alive
Accept-Encoding: gzip
User-Agent: okhttp/3.12.3


01:46:19.519 [qtp961160488-17] DEBUG org.eclipse.jetty.server.HttpConnection - HttpConnection@9f2bb3b::SocketChannelEndPoint@54e1ee5e{l=/127.0.0.1:46379,r=/127.0.0.1:45526,OPEN,fill=-,flush=-,to=1/3000}{io=0/0,kio=0,kro=1}->HttpConnection@9f2bb3b[p=HttpParser{s=CONTENT,0 of -1},g=HttpGenerator@1191e31b{s=START}]=>HttpChannelOverHttp@9195e2f{s=HttpChannelState@228b0238{s=IDLE rs=BLOCKING os=OPEN is=IDLE awp=false se=false i=true al=0},r=2,c=false/false,a=IDLE,uri=//localhost:46379/,age=1} parsed true HttpParser{s=CONTENT,0 of -1}
01:46:19.519 [qtp961160488-17] DEBUG org.eclipse.jetty.server.HttpConnection - releaseRequestBuffer HttpConnection@9f2bb3b::SocketChannelEndPoint@54e1ee5e{l=/127.0.0.1:46379,r=/127.0.0.1:45526,OPEN,fill=-,flush=-,to=1/3000}{io=0/0,kio=0,kro=1}->HttpConnection@9f2bb3b[p=HttpParser{s=CONTENT,0 of -1},g=HttpGenerator@1191e31b{s=START}]=>HttpChannelOverHttp@9195e2f{s=HttpChannelState@228b0238{s=IDLE rs=BLOCKING os=OPEN is=IDLE awp=false se=false i=true al=0},r=2,c=false/false,a=IDLE,uri=//localhost:46379/,age=1}
01:46:19.519 [qtp961160488-17] DEBUG org.eclipse.jetty.server.HttpChannel - handle //localhost:46379/ HttpChannelOverHttp@9195e2f{s=HttpChannelState@228b0238{s=IDLE rs=BLOCKING os=OPEN is=IDLE awp=false se=false i=true al=0},r=2,c=false/false,a=IDLE,uri=//localhost:46379/,age=1} 
01:46:19.519 [qtp961160488-17] DEBUG org.eclipse.jetty.server.HttpChannelState - handling HttpChannelState@228b0238{s=IDLE rs=BLOCKING os=OPEN is=IDLE awp=false se=false i=true al=0}
01:46:19.519 [qtp961160488-17] DEBUG org.eclipse.jetty.server.HttpChannel - action DISPATCH HttpChannelOverHttp@9195e2f{s=HttpChannelState@228b0238{s=HANDLING rs=BLOCKING os=OPEN is=IDLE awp=false se=false i=true al=0},r=2,c=false/false,a=HANDLING,uri=//localhost:46379/,age=1}
01:46:19.519 [qtp961160488-17] DEBUG org.eclipse.jetty.server.Server - REQUEST GET / on HttpChannelOverHttp@9195e2f{s=HttpChannelState@228b0238{s=HANDLING rs=BLOCKING os=OPEN is=IDLE awp=false se=false i=true al=0},r=2,c=false/false,a=HANDLING,uri=//localhost:46379/,age=1}
01:46:19.519 [qtp961160488-17] DEBUG org.eclipse.jetty.server.Server - handled=true async=false committed=false on HttpChannelOverHttp@9195e2f{s=HttpChannelState@228b0238{s=HANDLING rs=BLOCKING os=OPEN is=IDLE awp=false se=false i=true al=0},r=2,c=false/false,a=HANDLING,uri=//localhost:46379/,age=1}
01:46:19.519 [qtp961160488-17] DEBUG org.eclipse.jetty.server.HttpChannelState - unhandle HttpChannelState@228b0238{s=HANDLING rs=BLOCKING os=OPEN is=IDLE awp=false se=false i=true al=0}
01:46:19.519 [qtp961160488-17] DEBUG org.eclipse.jetty.server.HttpChannelState - nextAction(false) COMPLETE HttpChannelState@228b0238{s=HANDLING rs=COMPLETING os=OPEN is=IDLE awp=false se=false i=false al=0}
01:46:19.519 [qtp961160488-17] DEBUG org.eclipse.jetty.server.HttpChannel - action COMPLETE HttpChannelOverHttp@9195e2f{s=HttpChannelState@228b0238{s=HANDLING rs=COMPLETING os=OPEN is=IDLE awp=false se=false i=false al=0},r=2,c=false/false,a=HANDLING,uri=//localhost:46379/,age=1}
01:46:19.519 [qtp961160488-17] DEBUG org.eclipse.jetty.io.ChannelEndPoint - filled 0 HeapByteBuffer@47ae9336[p=0,l=0,c=8192,r=0]={<<<>>>GET / HTT...\x00\x00\x00\x00\x00\x00\x00}
01:46:19.519 [qtp961160488-17] DEBUG org.eclipse.jetty.io.ChannelEndPoint - filled 0 HeapByteBuffer@47ae9336[p=0,l=0,c=8192,r=0]={<<<>>>GET / HTT...\x00\x00\x00\x00\x00\x00\x00}
01:46:19.519 [qtp961160488-17] DEBUG org.eclipse.jetty.server.HttpConnection - HttpConnection@9f2bb3b::SocketChannelEndPoint@54e1ee5e{l=/127.0.0.1:46379,r=/127.0.0.1:45526,OPEN,fill=-,flush=-,to=2/3000}{io=0/0,kio=0,kro=1}->HttpConnection@9f2bb3b[p=HttpParser{s=CONTENT,0 of -1},g=HttpGenerator@1191e31b{s=START}]=>HttpChannelOverHttp@9195e2f{s=HttpChannelState@228b0238{s=HANDLING rs=COMPLETING os=OPEN is=IDLE awp=false se=false i=false al=0},r=2,c=false/false,a=HANDLING,uri=//localhost:46379/,age=1} filled 0 HeapByteBuffer@47ae9336[p=0,l=0,c=8192,r=0]={<<<>>>GET / HTT...\x00\x00\x00\x00\x00\x00\x00}
01:46:19.520 [qtp961160488-17] DEBUG org.eclipse.jetty.server.HttpConnection - HttpConnection@9f2bb3b::SocketChannelEndPoint@54e1ee5e{l=/127.0.0.1:46379,r=/127.0.0.1:45526,OPEN,fill=-,flush=-,to=2/3000}{io=0/0,kio=0,kro=1}->HttpConnection@9f2bb3b[p=HttpParser{s=CONTENT,0 of -1},g=HttpGenerator@1191e31b{s=START}]=>HttpChannelOverHttp@9195e2f{s=HttpChannelState@228b0238{s=HANDLING rs=COMPLETING os=OPEN is=IDLE awp=false se=false i=false al=0},r=2,c=false/false,a=HANDLING,uri=//localhost:46379/,age=2} parse HeapByteBuffer@47ae9336[p=0,l=0,c=8192,r=0]={<<<>>>GET / HTT...\x00\x00\x00\x00\x00\x00\x00} {}
01:46:19.520 [qtp961160488-17] DEBUG org.eclipse.jetty.http.HttpParser - parseNext s=CONTENT HeapByteBuffer@47ae9336[p=0,l=0,c=8192,r=0]={<<<>>>GET / HTT...\x00\x00\x00\x00\x00\x00\x00}
01:46:19.520 [qtp961160488-17] DEBUG org.eclipse.jetty.http.HttpParser - CONTENT --> CONTENT_END
01:46:19.520 [qtp961160488-17] DEBUG org.eclipse.jetty.server.HttpChannel - onContentComplete HttpChannelOverHttp@9195e2f{s=HttpChannelState@228b0238{s=HANDLING rs=COMPLETING os=OPEN is=IDLE awp=false se=false i=false al=0},r=2,c=false/false,a=HANDLING,uri=//localhost:46379/,age=2}
01:46:19.520 [qtp961160488-17] DEBUG org.eclipse.jetty.http.HttpParser - CONTENT_END --> END
01:46:19.520 [qtp961160488-17] DEBUG org.eclipse.jetty.server.HttpChannel - onRequestComplete HttpChannelOverHttp@9195e2f{s=HttpChannelState@228b0238{s=HANDLING rs=COMPLETING os=OPEN is=IDLE awp=false se=false i=false al=0},r=2,c=false/false,a=HANDLING,uri=//localhost:46379/,age=2}
01:46:19.520 [qtp961160488-17] DEBUG org.eclipse.jetty.server.HttpInput - HttpInputOverHTTP@1a858111[c=0,q=0,[0]=null,s=STREAM] addContent EOF
01:46:19.520 [qtp961160488-17] DEBUG org.eclipse.jetty.server.HttpConnection - HttpConnection@9f2bb3b::SocketChannelEndPoint@54e1ee5e{l=/127.0.0.1:46379,r=/127.0.0.1:45526,OPEN,fill=-,flush=-,to=2/3000}{io=0/0,kio=0,kro=1}->HttpConnection@9f2bb3b[p=HttpParser{s=END,0 of -1},g=HttpGenerator@1191e31b{s=START}]=>HttpChannelOverHttp@9195e2f{s=HttpChannelState@228b0238{s=HANDLING rs=COMPLETING os=OPEN is=IDLE awp=false se=false i=false al=0},r=2,c=false/false,a=HANDLING,uri=//localhost:46379/,age=2} parsed false HttpParser{s=END,0 of -1}
01:46:19.520 [qtp961160488-17] DEBUG org.eclipse.jetty.server.HttpConnection - releaseRequestBuffer HttpConnection@9f2bb3b::SocketChannelEndPoint@54e1ee5e{l=/127.0.0.1:46379,r=/127.0.0.1:45526,OPEN,fill=-,flush=-,to=2/3000}{io=0/0,kio=0,kro=1}->HttpConnection@9f2bb3b[p=HttpParser{s=END,0 of -1},g=HttpGenerator@1191e31b{s=START}]=>HttpChannelOverHttp@9195e2f{s=HttpChannelState@228b0238{s=HANDLING rs=COMPLETING os=OPEN is=IDLE awp=false se=false i=false al=0},r=2,c=false/false,a=HANDLING,uri=//localhost:46379/,age=2}
01:46:19.520 [qtp961160488-17] DEBUG org.eclipse.jetty.server.HttpOutput - complete(org.eclipse.jetty.util.Callback$3@63acc260) s=CLOSING,api=BLOCKED,sc=false,e=null s=false e=null, c=HeapByteBuffer@98da274[p=0,l=0,c=0,r=0]={<<<>>>}
01:46:19.521 [qtp961160488-17] DEBUG org.eclipse.jetty.server.HttpChannel - sendResponse info=null content=HeapByteBuffer@98da274[p=0,l=0,c=0,r=0]={<<<>>>} complete=true committing=true callback=org.eclipse.jetty.server.HttpOutput$WriteCompleteCB@14e7cab2
01:46:19.521 [qtp961160488-17] DEBUG org.eclipse.jetty.server.HttpChannel - COMMIT for / on HttpChannelOverHttp@9195e2f{s=HttpChannelState@228b0238{s=HANDLING rs=COMPLETING os=COMMITTED is=IDLE awp=false se=false i=false al=0},r=2,c=false/false,a=HANDLING,uri=//localhost:46379/,age=3}
304 null HTTP/1.1
Date: Thu, 02 May 2024 00:46:19 GMT
ETag: testEtag


01:46:19.521 [qtp961160488-17] DEBUG org.eclipse.jetty.server.HttpConnection - generate: NEED_HEADER for SendCallback@181a9d3[PROCESSING][i=HTTP/1.1{s=304,h=2,cl=-1},cb=org.eclipse.jetty.server.HttpChannel$SendCallback@115db58c] (null,[p=0,l=0,c=0,r=0],true)@START
01:46:19.521 [qtp961160488-17] DEBUG org.eclipse.jetty.http.HttpGenerator - generateHeaders HTTP/1.1{s=304,h=2,cl=-1} last=true content=HeapByteBuffer@98da274[p=0,l=0,c=0,r=0]={<<<>>>}
01:46:19.521 [qtp961160488-17] DEBUG org.eclipse.jetty.http.HttpGenerator - Date: Thu, 02 May 2024 00:46:19 GMT
ETag: testEtag


01:46:19.521 [qtp961160488-17] DEBUG org.eclipse.jetty.http.HttpGenerator - NO_CONTENT
01:46:19.522 [qtp961160488-17] DEBUG org.eclipse.jetty.server.HttpConnection - generate: FLUSH for SendCallback@181a9d3[PROCESSING][i=HTTP/1.1{s=304,h=2,cl=-1},cb=org.eclipse.jetty.server.HttpChannel$SendCallback@115db58c] ([p=0,l=115,c=8192,r=115],[p=0,l=0,c=0,r=0],true)@COMPLETING
01:46:19.522 [qtp961160488-17] DEBUG org.eclipse.jetty.io.WriteFlusher - write: WriteFlusher@10df429f{IDLE}->null [HeapByteBuffer@47ae9336[p=0,l=115,c=8192,r=115]={<<<HTTP/1.1 304 Not Modified...y(9.4.44.v20210927)\r\n\r\n>>>er-Agent:...\x00\x00\x00\x00\x00\x00\x00}]
01:46:19.522 [qtp961160488-17] DEBUG org.eclipse.jetty.io.WriteFlusher - update WriteFlusher@10df429f{WRITING}->null:IDLE-->WRITING
01:46:19.522 [qtp961160488-17] DEBUG org.eclipse.jetty.io.ChannelEndPoint - flushed 115 SocketChannelEndPoint@54e1ee5e{l=/127.0.0.1:46379,r=/127.0.0.1:45526,OPEN,fill=-,flush=W,to=4/3000}{io=0/0,kio=0,kro=1}->HttpConnection@9f2bb3b[p=HttpParser{s=END,0 of -1},g=HttpGenerator@1191e31b{s=COMPLETING}]=>HttpChannelOverHttp@9195e2f{s=HttpChannelState@228b0238{s=HANDLING rs=COMPLETING os=COMMITTED is=IDLE awp=false se=false i=false al=0},r=2,c=false/false,a=HANDLING,uri=//localhost:46379/,age=4}
01:46:19.522 [qtp961160488-17] DEBUG org.eclipse.jetty.io.WriteFlusher - Flushed=true written=115 remaining=0 WriteFlusher@10df429f{WRITING}->null
01:46:19.522 [qtp961160488-17] DEBUG org.eclipse.jetty.io.WriteFlusher - update WriteFlusher@10df429f{IDLE}->null:WRITING-->IDLE
01:46:19.522 [main] DEBUG org.apache.nifi.minifi.bootstrap.configuration.ingestors.PullHttpChangeIngestor - Response received: Response{protocol=http/1.1, code=304, message=Not Modified, url=http://localhost:46379/}
01:46:19.522 [qtp961160488-17] DEBUG org.eclipse.jetty.server.HttpConnection - generate: DONE for SendCallback@181a9d3[PROCESSING][i=HTTP/1.1{s=304,h=2,cl=-1},cb=org.eclipse.jetty.server.HttpChannel$SendCallback@115db58c] ([p=115,l=115,c=8192,r=0],[p=0,l=0,c=0,r=0],true)@END
01:46:19.522 [qtp961160488-17] DEBUG org.eclipse.jetty.server.HttpOutput - onWriteComplete(true,null) s=CLOSING,api=BLOCKED,sc=false,e=null->s=CLOSED,api=BLOCKING,sc=false,e=null c=null cb=org.eclipse.jetty.util.Callback$3@63acc260 w=false
01:46:19.522 [qtp961160488-17] DEBUG org.eclipse.jetty.server.HttpChannelState - completed HttpChannelState@228b0238{s=HANDLING rs=COMPLETING os=COMPLETED is=IDLE awp=false se=false i=false al=0}
01:46:19.522 [qtp961160488-17] DEBUG org.eclipse.jetty.server.HttpChannelState - unhandle HttpChannelState@228b0238{s=HANDLING rs=COMPLETED os=COMPLETED is=IDLE awp=false se=false i=false al=0}
01:46:19.522 [qtp961160488-17] DEBUG org.eclipse.jetty.server.HttpChannelState - nextAction(false) TERMINATED HttpChannelState@228b0238{s=IDLE rs=COMPLETED os=COMPLETED is=IDLE awp=false se=false i=false al=0}
]]></system-out>
  </testcase>
  <testcase name="testNewUpdate" classname="org.apache.nifi.minifi.bootstrap.configuration.ingestors.PullHttpChangeIngestorTest" time="0.009">
    <system-out><![CDATA[01:46:19.522 [qtp961160488-17] DEBUG org.eclipse.jetty.server.HttpChannel - action TERMINATED HttpChannelOverHttp@9195e2f{s=HttpChannelState@228b0238{s=IDLE rs=COMPLETED os=COMPLETED is=IDLE awp=false se=false i=false al=0},r=2,c=true/true,a=IDLE,uri=//localhost:46379/,age=4}
01:46:19.523 [qtp961160488-17] DEBUG org.eclipse.jetty.server.HttpChannel - onCompleted for / written=0
01:46:19.523 [qtp961160488-17] DEBUG org.eclipse.jetty.server.HttpChannelState - recycle HttpChannelState@228b0238{s=IDLE rs=COMPLETED os=COMPLETED is=IDLE awp=false se=false i=false al=0}
01:46:19.523 [qtp961160488-17] DEBUG org.eclipse.jetty.http.HttpParser - reset HttpParser{s=END,0 of -1}
01:46:19.523 [qtp961160488-17] DEBUG org.eclipse.jetty.http.HttpParser - END --> START
01:46:19.523 [qtp961160488-17] DEBUG org.eclipse.jetty.server.HttpChannel - !handle TERMINATED HttpChannelOverHttp@9195e2f{s=HttpChannelState@228b0238{s=IDLE rs=BLOCKING os=OPEN is=IDLE awp=false se=false i=true al=0},r=2,c=false/false,a=IDLE,uri=null,age=0}
01:46:19.523 [qtp961160488-17] DEBUG org.eclipse.jetty.io.ChannelEndPoint - filled 0 HeapByteBuffer@47ae9336[p=0,l=0,c=8192,r=0]={<<<>>>HTTP/1.1 ...\x00\x00\x00\x00\x00\x00\x00}
01:46:19.523 [qtp961160488-17] DEBUG org.eclipse.jetty.io.ChannelEndPoint - filled 0 HeapByteBuffer@47ae9336[p=0,l=0,c=8192,r=0]={<<<>>>HTTP/1.1 ...\x00\x00\x00\x00\x00\x00\x00}
01:46:19.523 [qtp961160488-17] DEBUG org.eclipse.jetty.server.HttpConnection - HttpConnection@9f2bb3b::SocketChannelEndPoint@54e1ee5e{l=/127.0.0.1:46379,r=/127.0.0.1:45526,OPEN,fill=-,flush=-,to=1/3000}{io=0/0,kio=0,kro=1}->HttpConnection@9f2bb3b[p=HttpParser{s=START,0 of -1},g=HttpGenerator@1191e31b{s=START}]=>HttpChannelOverHttp@9195e2f{s=HttpChannelState@228b0238{s=IDLE rs=BLOCKING os=OPEN is=IDLE awp=false se=false i=true al=0},r=2,c=false/false,a=IDLE,uri=null,age=0} filled 0 HeapByteBuffer@47ae9336[p=0,l=0,c=8192,r=0]={<<<>>>HTTP/1.1 ...\x00\x00\x00\x00\x00\x00\x00}
01:46:19.524 [qtp961160488-17] DEBUG org.eclipse.jetty.server.HttpConnection - HttpConnection@9f2bb3b::SocketChannelEndPoint@54e1ee5e{l=/127.0.0.1:46379,r=/127.0.0.1:45526,OPEN,fill=-,flush=-,to=1/3000}{io=0/0,kio=0,kro=1}->HttpConnection@9f2bb3b[p=HttpParser{s=START,0 of -1},g=HttpGenerator@1191e31b{s=START}]=>HttpChannelOverHttp@9195e2f{s=HttpChannelState@228b0238{s=IDLE rs=BLOCKING os=OPEN is=IDLE awp=false se=false i=true al=0},r=2,c=false/false,a=IDLE,uri=null,age=0} parse HeapByteBuffer@47ae9336[p=0,l=0,c=8192,r=0]={<<<>>>HTTP/1.1 ...\x00\x00\x00\x00\x00\x00\x00} {}
01:46:19.524 [qtp961160488-17] DEBUG org.eclipse.jetty.http.HttpParser - parseNext s=START HeapByteBuffer@47ae9336[p=0,l=0,c=8192,r=0]={<<<>>>HTTP/1.1 ...\x00\x00\x00\x00\x00\x00\x00}
01:46:19.524 [qtp961160488-17] DEBUG org.eclipse.jetty.server.HttpConnection - HttpConnection@9f2bb3b::SocketChannelEndPoint@54e1ee5e{l=/127.0.0.1:46379,r=/127.0.0.1:45526,OPEN,fill=-,flush=-,to=1/3000}{io=0/0,kio=0,kro=1}->HttpConnection@9f2bb3b[p=HttpParser{s=START,0 of -1},g=HttpGenerator@1191e31b{s=START}]=>HttpChannelOverHttp@9195e2f{s=HttpChannelState@228b0238{s=IDLE rs=BLOCKING os=OPEN is=IDLE awp=false se=false i=true al=0},r=2,c=false/false,a=IDLE,uri=null,age=0} parsed false HttpParser{s=START,0 of -1}
01:46:19.524 [main] DEBUG org.apache.nifi.minifi.bootstrap.configuration.ingestors.PullHttpChangeIngestor - Attempting to pull new config
01:46:19.524 [qtp961160488-17] DEBUG org.eclipse.jetty.server.HttpConnection - releaseRequestBuffer HttpConnection@9f2bb3b::SocketChannelEndPoint@54e1ee5e{l=/127.0.0.1:46379,r=/127.0.0.1:45526,OPEN,fill=-,flush=-,to=1/3000}{io=0/0,kio=0,kro=1}->HttpConnection@9f2bb3b[p=HttpParser{s=START,0 of -1},g=HttpGenerator@1191e31b{s=START}]=>HttpChannelOverHttp@9195e2f{s=HttpChannelState@228b0238{s=IDLE rs=BLOCKING os=OPEN is=IDLE awp=false se=false i=true al=0},r=2,c=false/false,a=IDLE,uri=null,age=0}
01:46:19.524 [qtp961160488-17] DEBUG org.eclipse.jetty.io.AbstractConnection - fillInterested HttpConnection@9f2bb3b::SocketChannelEndPoint@54e1ee5e{l=/127.0.0.1:46379,r=/127.0.0.1:45526,OPEN,fill=-,flush=-,to=2/3000}{io=0/0,kio=0,kro=1}->HttpConnection@9f2bb3b[p=HttpParser{s=START,0 of -1},g=HttpGenerator@1191e31b{s=START}]=>HttpChannelOverHttp@9195e2f{s=HttpChannelState@228b0238{s=IDLE rs=BLOCKING os=OPEN is=IDLE awp=false se=false i=true al=0},r=2,c=false/false,a=IDLE,uri=null,age=0}
01:46:19.524 [qtp961160488-17] DEBUG org.eclipse.jetty.io.FillInterest - interested FillInterest@6b71b9d3{AC.ReadCB@9f2bb3b{HttpConnection@9f2bb3b::SocketChannelEndPoint@54e1ee5e{l=/127.0.0.1:46379,r=/127.0.0.1:45526,OPEN,fill=FI,flush=-,to=0/3000}{io=0/0,kio=0,kro=1}->HttpConnection@9f2bb3b[p=HttpParser{s=START,0 of -1},g=HttpGenerator@1191e31b{s=START}]=>HttpChannelOverHttp@9195e2f{s=HttpChannelState@228b0238{s=IDLE rs=BLOCKING os=OPEN is=IDLE awp=false se=false i=true al=0},r=2,c=false/false,a=IDLE,uri=null,age=0}}}
01:46:19.525 [qtp961160488-17] DEBUG org.eclipse.jetty.io.ChannelEndPoint - changeInterests p=false 0->1 for SocketChannelEndPoint@54e1ee5e{l=/127.0.0.1:46379,r=/127.0.0.1:45526,OPEN,fill=FI,flush=-,to=0/3000}{io=0/1,kio=0,kro=1}->HttpConnection@9f2bb3b[p=HttpParser{s=START,0 of -1},g=HttpGenerator@1191e31b{s=START}]=>HttpChannelOverHttp@9195e2f{s=HttpChannelState@228b0238{s=IDLE rs=BLOCKING os=OPEN is=IDLE awp=false se=false i=true al=0},r=2,c=false/false,a=IDLE,uri=null,age=0}
01:46:19.525 [qtp961160488-20-acceptor-0@1e1a0406-ServerConnector@446293d{HTTP/1.1, (http/1.1)}{localhost:46379}] DEBUG org.eclipse.jetty.io.ManagedSelector - Queued change lazy=false Accept@7a38f24b[java.nio.channels.SocketChannel[connected local=/127.0.0.1:46379 remote=/127.0.0.1:45542]] on ManagedSelector@1de5f259{STARTED} id=3 keys=0 selected=0 updates=0
01:46:19.525 [qtp961160488-17] DEBUG org.eclipse.jetty.io.ManagedSelector - Queued change lazy=false org.eclipse.jetty.io.ChannelEndPoint$$Lambda$255/981852870@77c6fce5 on ManagedSelector@316bcf94{STARTED} id=2 keys=1 selected=0 updates=0
01:46:19.525 [qtp961160488-20-acceptor-0@1e1a0406-ServerConnector@446293d{HTTP/1.1, (http/1.1)}{localhost:46379}] DEBUG org.eclipse.jetty.io.ManagedSelector - Wakeup on submit ManagedSelector@1de5f259{STARTED} id=3 keys=0 selected=0 updates=1
01:46:19.525 [qtp961160488-17] DEBUG org.eclipse.jetty.io.ManagedSelector - Wakeup on submit ManagedSelector@316bcf94{STARTED} id=2 keys=1 selected=0 updates=1
01:46:19.525 [qtp961160488-18] DEBUG org.eclipse.jetty.io.ManagedSelector - Selector sun.nio.ch.EPollSelectorImpl@81d867 woken with none selected
01:46:19.525 [qtp961160488-18] DEBUG org.eclipse.jetty.io.ManagedSelector - Selector sun.nio.ch.EPollSelectorImpl@81d867 woken up from select, 0/0/0 selected
01:46:19.525 [qtp961160488-18] DEBUG org.eclipse.jetty.io.ManagedSelector - Selector sun.nio.ch.EPollSelectorImpl@81d867 processing 0 keys, 1 updates
01:46:19.525 [qtp961160488-18] DEBUG org.eclipse.jetty.io.ManagedSelector - updateable 1
01:46:19.525 [qtp961160488-18] DEBUG org.eclipse.jetty.io.ManagedSelector - update Accept@7a38f24b[java.nio.channels.SocketChannel[connected local=/127.0.0.1:46379 remote=/127.0.0.1:45542]]
01:46:19.525 [qtp961160488-17] DEBUG org.eclipse.jetty.server.HttpConnection - HttpConnection@9f2bb3b::SocketChannelEndPoint@54e1ee5e{l=/127.0.0.1:46379,r=/127.0.0.1:45526,OPEN,fill=FI,flush=-,to=0/3000}{io=0/1,kio=0,kro=1}->HttpConnection@9f2bb3b[p=HttpParser{s=START,0 of -1},g=HttpGenerator@1191e31b{s=START}]=>HttpChannelOverHttp@9195e2f{s=HttpChannelState@228b0238{s=IDLE rs=BLOCKING os=OPEN is=IDLE awp=false se=false i=true al=0},r=2,c=false/false,a=IDLE,uri=null,age=0} onFillable exit HttpChannelState@228b0238{s=IDLE rs=BLOCKING os=OPEN is=IDLE awp=false se=false i=true al=0} null
01:46:19.525 [qtp961160488-18] DEBUG org.eclipse.jetty.util.thread.QueuedThreadPool - queue Accept@7a38f24b[java.nio.channels.SocketChannel[connected local=/127.0.0.1:46379 remote=/127.0.0.1:45542]] startThread=0
01:46:19.525 [qtp961160488-18] DEBUG org.eclipse.jetty.io.ManagedSelector - updates 0
01:46:19.525 [qtp961160488-21] DEBUG org.eclipse.jetty.io.ManagedSelector - Selector sun.nio.ch.EPollSelectorImpl@2216d458 woken with none selected
01:46:19.525 [qtp961160488-21] DEBUG org.eclipse.jetty.io.ManagedSelector - Selector sun.nio.ch.EPollSelectorImpl@2216d458 woken up from select, 0/0/1 selected
01:46:19.525 [qtp961160488-17] DEBUG org.eclipse.jetty.util.thread.QueuedThreadPool - ran org.eclipse.jetty.io.ManagedSelector$$Lambda$253/838473569@66f57048 in QueuedThreadPool[qtp961160488]@394a2528{STARTED,8<=8<=200,i=0,r=-1,q=0}[ReservedThreadExecutor@383bfa16{reserved=1/8,pending=0}]
01:46:19.525 [qtp961160488-18] DEBUG org.eclipse.jetty.io.ManagedSelector - Selector sun.nio.ch.EPollSelectorImpl@81d867 waiting with 1 keys
01:46:19.525 [qtp961160488-21] DEBUG org.eclipse.jetty.io.ManagedSelector - Selector sun.nio.ch.EPollSelectorImpl@2216d458 processing 0 keys, 1 updates
01:46:19.525 [qtp961160488-19] DEBUG org.eclipse.jetty.util.thread.QueuedThreadPool - run Accept@7a38f24b[java.nio.channels.SocketChannel[connected local=/127.0.0.1:46379 remote=/127.0.0.1:45542]] in QueuedThreadPool[qtp961160488]@394a2528{STARTED,8<=8<=200,i=0,r=-1,q=0}[ReservedThreadExecutor@383bfa16{reserved=1/8,pending=0}]
01:46:19.525 [qtp961160488-21] DEBUG org.eclipse.jetty.io.ManagedSelector - updateable 1
01:46:19.526 [qtp961160488-21] DEBUG org.eclipse.jetty.io.ManagedSelector - update org.eclipse.jetty.io.ChannelEndPoint$$Lambda$255/981852870@77c6fce5
01:46:19.526 [qtp961160488-19] DEBUG org.eclipse.jetty.io.IdleTimeout - SocketChannelEndPoint@74c5fd47{l=/127.0.0.1:46379,r=/127.0.0.1:45542,OPEN,fill=-,flush=-,to=0/3000}{io=0/0,kio=0,kro=0}-><null> idle timeout check, elapsed: 0 ms, remaining: 3000 ms
01:46:19.526 [qtp961160488-21] DEBUG org.eclipse.jetty.io.ChannelEndPoint - Key interests updated 0 -> 1 on SocketChannelEndPoint@54e1ee5e{l=/127.0.0.1:46379,r=/127.0.0.1:45526,OPEN,fill=FI,flush=-,to=1/3000}{io=1/1,kio=1,kro=1}->HttpConnection@9f2bb3b[p=HttpParser{s=START,0 of -1},g=HttpGenerator@1191e31b{s=START}]=>HttpChannelOverHttp@9195e2f{s=HttpChannelState@228b0238{s=IDLE rs=BLOCKING os=OPEN is=IDLE awp=false se=false i=true al=0},r=2,c=false/false,a=IDLE,uri=null,age=0}
01:46:19.526 [qtp961160488-21] DEBUG org.eclipse.jetty.io.ManagedSelector - updates 0
01:46:19.526 [qtp961160488-19] DEBUG org.eclipse.jetty.server.HttpChannel - new HttpChannelOverHttp@6ad251ff{s=HttpChannelState@c8bc257{s=IDLE rs=BLOCKING os=OPEN is=IDLE awp=false se=false i=true al=0},r=0,c=false/false,a=IDLE,uri=null,age=0} -> SocketChannelEndPoint@74c5fd47{l=/127.0.0.1:46379,r=/127.0.0.1:45542,OPEN,fill=-,flush=-,to=0/3000}{io=0/0,kio=0,kro=0}-><null>,null,HttpChannelState@c8bc257{s=IDLE rs=BLOCKING os=OPEN is=IDLE awp=false se=false i=true al=0}
01:46:19.526 [qtp961160488-21] DEBUG org.eclipse.jetty.io.ManagedSelector - Selector sun.nio.ch.EPollSelectorImpl@2216d458 waiting with 1 keys
01:46:19.526 [qtp961160488-19] DEBUG org.eclipse.jetty.server.HttpConnection - New HTTP Connection HttpConnection@4c6a26f7::SocketChannelEndPoint@74c5fd47{l=/127.0.0.1:46379,r=/127.0.0.1:45542,OPEN,fill=-,flush=-,to=0/3000}{io=0/0,kio=0,kro=0}-><null>
01:46:19.526 [qtp961160488-19] DEBUG org.eclipse.jetty.io.ManagedSelector - Queued change lazy=true org.eclipse.jetty.io.ManagedSelector$$Lambda$258/102804084@179ec5f8 on ManagedSelector@1de5f259{STARTED} id=3 keys=1 selected=0 updates=0
01:46:19.526 [qtp961160488-19] DEBUG org.eclipse.jetty.io.AbstractEndPoint - onOpen SocketChannelEndPoint@74c5fd47{l=/127.0.0.1:46379,r=/127.0.0.1:45542,OPEN,fill=-,flush=-,to=0/3000}{io=0/0,kio=0,kro=0}->HttpConnection@4c6a26f7[p=HttpParser{s=START,0 of -1},g=HttpGenerator@6f3b235d{s=START}]=>HttpChannelOverHttp@6ad251ff{s=HttpChannelState@c8bc257{s=IDLE rs=BLOCKING os=OPEN is=IDLE awp=false se=false i=true al=0},r=0,c=false/false,a=IDLE,uri=null,age=0}
01:46:19.526 [qtp961160488-19] DEBUG org.eclipse.jetty.io.AbstractConnection - onOpen HttpConnection@4c6a26f7::SocketChannelEndPoint@74c5fd47{l=/127.0.0.1:46379,r=/127.0.0.1:45542,OPEN,fill=-,flush=-,to=0/3000}{io=0/0,kio=0,kro=0}->HttpConnection@4c6a26f7[p=HttpParser{s=START,0 of -1},g=HttpGenerator@6f3b235d{s=START}]=>HttpChannelOverHttp@6ad251ff{s=HttpChannelState@c8bc257{s=IDLE rs=BLOCKING os=OPEN is=IDLE awp=false se=false i=true al=0},r=0,c=false/false,a=IDLE,uri=null,age=0}
01:46:19.526 [qtp961160488-19] DEBUG org.eclipse.jetty.io.AbstractConnection - fillInterested HttpConnection@4c6a26f7::SocketChannelEndPoint@74c5fd47{l=/127.0.0.1:46379,r=/127.0.0.1:45542,OPEN,fill=-,flush=-,to=0/3000}{io=0/0,kio=0,kro=0}->HttpConnection@4c6a26f7[p=HttpParser{s=START,0 of -1},g=HttpGenerator@6f3b235d{s=START}]=>HttpChannelOverHttp@6ad251ff{s=HttpChannelState@c8bc257{s=IDLE rs=BLOCKING os=OPEN is=IDLE awp=false se=false i=true al=0},r=0,c=false/false,a=IDLE,uri=null,age=0}
01:46:19.526 [qtp961160488-19] DEBUG org.eclipse.jetty.io.FillInterest - interested FillInterest@3d70cd97{AC.ReadCB@4c6a26f7{HttpConnection@4c6a26f7::SocketChannelEndPoint@74c5fd47{l=/127.0.0.1:46379,r=/127.0.0.1:45542,OPEN,fill=FI,flush=-,to=0/3000}{io=0/0,kio=0,kro=0}->HttpConnection@4c6a26f7[p=HttpParser{s=START,0 of -1},g=HttpGenerator@6f3b235d{s=START}]=>HttpChannelOverHttp@6ad251ff{s=HttpChannelState@c8bc257{s=IDLE rs=BLOCKING os=OPEN is=IDLE awp=false se=false i=true al=0},r=0,c=false/false,a=IDLE,uri=null,age=0}}}
01:46:19.526 [qtp961160488-19] DEBUG org.eclipse.jetty.io.ChannelEndPoint - changeInterests p=false 0->1 for SocketChannelEndPoint@74c5fd47{l=/127.0.0.1:46379,r=/127.0.0.1:45542,OPEN,fill=FI,flush=-,to=0/3000}{io=0/1,kio=0,kro=0}->HttpConnection@4c6a26f7[p=HttpParser{s=START,0 of -1},g=HttpGenerator@6f3b235d{s=START}]=>HttpChannelOverHttp@6ad251ff{s=HttpChannelState@c8bc257{s=IDLE rs=BLOCKING os=OPEN is=IDLE awp=false se=false i=true al=0},r=0,c=false/false,a=IDLE,uri=null,age=0}
01:46:19.527 [qtp961160488-19] DEBUG org.eclipse.jetty.io.ManagedSelector - Queued change lazy=false org.eclipse.jetty.io.ChannelEndPoint$$Lambda$255/981852870@20301950 on ManagedSelector@1de5f259{STARTED} id=3 keys=1 selected=0 updates=1
01:46:19.527 [qtp961160488-19] DEBUG org.eclipse.jetty.io.ManagedSelector - Wakeup on submit ManagedSelector@1de5f259{STARTED} id=3 keys=1 selected=0 updates=2
01:46:19.527 [qtp961160488-18] DEBUG org.eclipse.jetty.io.ManagedSelector - Selector sun.nio.ch.EPollSelectorImpl@81d867 woken with none selected
01:46:19.527 [qtp961160488-18] DEBUG org.eclipse.jetty.io.ManagedSelector - Selector sun.nio.ch.EPollSelectorImpl@81d867 woken up from select, 0/0/1 selected
01:46:19.527 [qtp961160488-19] DEBUG org.eclipse.jetty.io.ManagedSelector - Created SocketChannelEndPoint@74c5fd47{l=/127.0.0.1:46379,r=/127.0.0.1:45542,OPEN,fill=FI,flush=-,to=0/3000}{io=0/1,kio=0,kro=0}->HttpConnection@4c6a26f7[p=HttpParser{s=START,0 of -1},g=HttpGenerator@6f3b235d{s=START}]=>HttpChannelOverHttp@6ad251ff{s=HttpChannelState@c8bc257{s=IDLE rs=BLOCKING os=OPEN is=IDLE awp=false se=false i=true al=0},r=0,c=false/false,a=IDLE,uri=null,age=0}
01:46:19.527 [qtp961160488-18] DEBUG org.eclipse.jetty.io.ManagedSelector - Selector sun.nio.ch.EPollSelectorImpl@81d867 processing 0 keys, 2 updates
01:46:19.527 [qtp961160488-18] DEBUG org.eclipse.jetty.io.ManagedSelector - updateable 2
01:46:19.527 [qtp961160488-18] DEBUG org.eclipse.jetty.io.ManagedSelector - update org.eclipse.jetty.io.ManagedSelector$$Lambda$258/102804084@179ec5f8
01:46:19.527 [qtp961160488-18] DEBUG org.eclipse.jetty.io.ManagedSelector - update org.eclipse.jetty.io.ChannelEndPoint$$Lambda$255/981852870@20301950
01:46:19.527 [qtp961160488-19] DEBUG org.eclipse.jetty.util.thread.QueuedThreadPool - ran Accept@7a38f24b[java.nio.channels.SocketChannel[connected local=/127.0.0.1:46379 remote=/127.0.0.1:45542]] in QueuedThreadPool[qtp961160488]@394a2528{STARTED,8<=8<=200,i=1,r=-1,q=0}[ReservedThreadExecutor@383bfa16{reserved=1/8,pending=0}]
01:46:19.527 [qtp961160488-18] DEBUG org.eclipse.jetty.io.ChannelEndPoint - Key interests updated 0 -> 1 on SocketChannelEndPoint@74c5fd47{l=/127.0.0.1:46379,r=/127.0.0.1:45542,OPEN,fill=FI,flush=-,to=0/3000}{io=1/1,kio=1,kro=0}->HttpConnection@4c6a26f7[p=HttpParser{s=START,0 of -1},g=HttpGenerator@6f3b235d{s=START}]=>HttpChannelOverHttp@6ad251ff{s=HttpChannelState@c8bc257{s=IDLE rs=BLOCKING os=OPEN is=IDLE awp=false se=false i=true al=0},r=0,c=false/false,a=IDLE,uri=null,age=0}
01:46:19.527 [qtp961160488-18] DEBUG org.eclipse.jetty.io.ManagedSelector - updates 0
01:46:19.527 [qtp961160488-18] DEBUG org.eclipse.jetty.io.ManagedSelector - Selector sun.nio.ch.EPollSelectorImpl@81d867 waiting with 1 keys
01:46:19.527 [qtp961160488-18] DEBUG org.eclipse.jetty.io.ManagedSelector - Selector sun.nio.ch.EPollSelectorImpl@81d867 woken up from select, 1/1/1 selected
01:46:19.527 [qtp961160488-18] DEBUG org.eclipse.jetty.io.ManagedSelector - Selector sun.nio.ch.EPollSelectorImpl@81d867 processing 1 keys, 0 updates
01:46:19.527 [qtp961160488-18] DEBUG org.eclipse.jetty.io.ManagedSelector - selected 1 sun.nio.ch.SelectionKeyImpl@e463607 SocketChannelEndPoint@74c5fd47{l=/127.0.0.1:46379,r=/127.0.0.1:45542,OPEN,fill=FI,flush=-,to=0/3000}{io=1/1,kio=1,kro=1}->HttpConnection@4c6a26f7[p=HttpParser{s=START,0 of -1},g=HttpGenerator@6f3b235d{s=START}]=>HttpChannelOverHttp@6ad251ff{s=HttpChannelState@c8bc257{s=IDLE rs=BLOCKING os=OPEN is=IDLE awp=false se=false i=true al=0},r=0,c=false/false,a=IDLE,uri=null,age=0} 
01:46:19.527 [qtp961160488-18] DEBUG org.eclipse.jetty.io.ChannelEndPoint - onSelected 1->0 r=true w=false for SocketChannelEndPoint@74c5fd47{l=/127.0.0.1:46379,r=/127.0.0.1:45542,OPEN,fill=FI,flush=-,to=1/3000}{io=1/0,kio=1,kro=1}->HttpConnection@4c6a26f7[p=HttpParser{s=START,0 of -1},g=HttpGenerator@6f3b235d{s=START}]=>HttpChannelOverHttp@6ad251ff{s=HttpChannelState@c8bc257{s=IDLE rs=BLOCKING os=OPEN is=IDLE awp=false se=false i=true al=0},r=0,c=false/false,a=IDLE,uri=null,age=0}
01:46:19.528 [qtp961160488-18] DEBUG org.eclipse.jetty.io.ChannelEndPoint - task CEP:SocketChannelEndPoint@74c5fd47{l=/127.0.0.1:46379,r=/127.0.0.1:45542,OPEN,fill=FI,flush=-,to=1/3000}{io=1/0,kio=1,kro=1}->HttpConnection@4c6a26f7[p=HttpParser{s=START,0 of -1},g=HttpGenerator@6f3b235d{s=START}]=>HttpChannelOverHttp@6ad251ff{s=HttpChannelState@c8bc257{s=IDLE rs=BLOCKING os=OPEN is=IDLE awp=false se=false i=true al=0},r=0,c=false/false,a=IDLE,uri=null,age=0}:runFillable:BLOCKING
01:46:19.528 [qtp961160488-18] DEBUG org.eclipse.jetty.util.thread.ReservedThreadExecutor - ReservedThreadExecutor@383bfa16{reserved=1/8,pending=0} tryExecute EatWhatYouKill@6404f418/SelectorProducer@3e11f9e9/PRODUCING/p=false/QueuedThreadPool[qtp961160488]@394a2528{STARTED,8<=8<=200,i=2,r=-1,q=0}[ReservedThreadExecutor@383bfa16{reserved=1/8,pending=0}][pc=0,pic=0,pec=0,epc=0]@2024-05-02T01:46:19.528+01:00
01:46:19.528 [qtp961160488-18] DEBUG org.eclipse.jetty.util.thread.ReservedThreadExecutor - ReservedThreadExecutor@383bfa16{reserved=0/8,pending=1} startReservedThread p=1
01:46:19.528 [qtp961160488-18] DEBUG org.eclipse.jetty.util.thread.QueuedThreadPool - queue ReservedThread@a79b317{PENDING,thread=null} startThread=0
01:46:19.528 [qtp961160488-17] DEBUG org.eclipse.jetty.util.thread.QueuedThreadPool - run ReservedThread@a79b317{PENDING,thread=null} in QueuedThreadPool[qtp961160488]@394a2528{STARTED,8<=8<=200,i=1,r=-1,q=0}[ReservedThreadExecutor@383bfa16{reserved=0/8,pending=1}]
01:46:19.528 [qtp961160488-17] DEBUG org.eclipse.jetty.util.thread.ReservedThreadExecutor - ReservedThread@a79b317{PENDING,thread=Thread[qtp961160488-17,5,main]} was=PENDING next=RESERVED size=0+1 capacity=8
01:46:19.528 [qtp961160488-17] DEBUG org.eclipse.jetty.util.thread.ReservedThreadExecutor - ReservedThread@a79b317{RESERVED,thread=Thread[qtp961160488-17,5,main]} waiting ReservedThreadExecutor@383bfa16{reserved=1/8,pending=0}
01:46:19.528 [qtp961160488-22] DEBUG org.eclipse.jetty.util.thread.ReservedThreadExecutor - ReservedThread@28eebf28{RESERVED,thread=Thread[qtp961160488-22,5,main]} task=EatWhatYouKill@6404f418/SelectorProducer@3e11f9e9/IDLE/p=true/QueuedThreadPool[qtp961160488]@394a2528{STARTED,8<=8<=200,i=1,r=-1,q=0}[ReservedThreadExecutor@383bfa16{reserved=0/8,pending=1}][pc=0,pic=0,pec=0,epc=0]@2024-05-02T01:46:19.528+01:00 ReservedThreadExecutor@383bfa16{reserved=1/8,pending=0}
01:46:19.528 [qtp961160488-22] DEBUG org.eclipse.jetty.util.thread.strategy.EatWhatYouKill - EatWhatYouKill@6404f418/SelectorProducer@3e11f9e9/IDLE/p=true/QueuedThreadPool[qtp961160488]@394a2528{STARTED,8<=8<=200,i=1,r=-1,q=0}[ReservedThreadExecutor@383bfa16{reserved=1/8,pending=0}][pc=0,pic=0,pec=0,epc=0]@2024-05-02T01:46:19.528+01:00 tryProduce true
01:46:19.528 [qtp961160488-18] DEBUG org.eclipse.jetty.util.thread.strategy.EatWhatYouKill - EatWhatYouKill@6404f418/SelectorProducer@3e11f9e9/IDLE/p=true/QueuedThreadPool[qtp961160488]@394a2528{STARTED,8<=8<=200,i=1,r=-1,q=0}[ReservedThreadExecutor@383bfa16{reserved=1/8,pending=0}][pc=0,pic=0,pec=0,epc=0]@2024-05-02T01:46:19.528+01:00 m=EXECUTE_PRODUCE_CONSUME t=CEP:SocketChannelEndPoint@74c5fd47{l=/127.0.0.1:46379,r=/127.0.0.1:45542,OPEN,fill=FI,flush=-,to=2/3000}{io=1/0,kio=1,kro=1}->HttpConnection@4c6a26f7[p=HttpParser{s=START,0 of -1},g=HttpGenerator@6f3b235d{s=START}]=>HttpChannelOverHttp@6ad251ff{s=HttpChannelState@c8bc257{s=IDLE rs=BLOCKING os=OPEN is=IDLE awp=false se=false i=true al=0},r=0,c=false/false,a=IDLE,uri=null,age=0}:runFillable:BLOCKING/BLOCKING
01:46:19.529 [qtp961160488-22] DEBUG org.eclipse.jetty.io.ManagedSelector - updateable 0
01:46:19.529 [qtp961160488-22] DEBUG org.eclipse.jetty.io.ManagedSelector - updates 0
01:46:19.529 [qtp961160488-18] DEBUG org.eclipse.jetty.io.FillInterest - fillable FillInterest@3d70cd97{AC.ReadCB@4c6a26f7{HttpConnection@4c6a26f7::SocketChannelEndPoint@74c5fd47{l=/127.0.0.1:46379,r=/127.0.0.1:45542,OPEN,fill=FI,flush=-,to=2/3000}{io=1/0,kio=1,kro=1}->HttpConnection@4c6a26f7[p=HttpParser{s=START,0 of -1},g=HttpGenerator@6f3b235d{s=START}]=>HttpChannelOverHttp@6ad251ff{s=HttpChannelState@c8bc257{s=IDLE rs=BLOCKING os=OPEN is=IDLE awp=false se=false i=true al=0},r=0,c=false/false,a=IDLE,uri=null,age=0}}}
01:46:19.529 [qtp961160488-22] DEBUG org.eclipse.jetty.io.ChannelEndPoint - Key interests updated 1 -> 0 on SocketChannelEndPoint@74c5fd47{l=/127.0.0.1:46379,r=/127.0.0.1:45542,OPEN,fill=FI,flush=-,to=2/3000}{io=0/0,kio=0,kro=1}->HttpConnection@4c6a26f7[p=HttpParser{s=START,0 of -1},g=HttpGenerator@6f3b235d{s=START}]=>HttpChannelOverHttp@6ad251ff{s=HttpChannelState@c8bc257{s=IDLE rs=BLOCKING os=OPEN is=IDLE awp=false se=false i=true al=0},r=0,c=false/false,a=IDLE,uri=null,age=0}
01:46:19.529 [qtp961160488-22] DEBUG org.eclipse.jetty.io.ManagedSelector - Selector sun.nio.ch.EPollSelectorImpl@81d867 waiting with 1 keys
01:46:19.529 [qtp961160488-18] DEBUG org.eclipse.jetty.server.HttpConnection - HttpConnection@4c6a26f7::SocketChannelEndPoint@74c5fd47{l=/127.0.0.1:46379,r=/127.0.0.1:45542,OPEN,fill=-,flush=-,to=2/3000}{io=0/0,kio=0,kro=1}->HttpConnection@4c6a26f7[p=HttpParser{s=START,0 of -1},g=HttpGenerator@6f3b235d{s=START}]=>HttpChannelOverHttp@6ad251ff{s=HttpChannelState@c8bc257{s=IDLE rs=BLOCKING os=OPEN is=IDLE awp=false se=false i=true al=0},r=0,c=false/false,a=IDLE,uri=null,age=0} onFillable enter HttpChannelState@c8bc257{s=IDLE rs=BLOCKING os=OPEN is=IDLE awp=false se=false i=true al=0} null
01:46:19.529 [qtp961160488-18] DEBUG org.eclipse.jetty.io.ChannelEndPoint - filled 115 HeapByteBuffer@47ae9336[p=0,l=115,c=8192,r=115]={<<<GET / HTTP/1.1\r\nHost: loc...gent: okhttp/3.12.3\r\n\r\n>>>er-Agent:...\x00\x00\x00\x00\x00\x00\x00}
01:46:19.529 [qtp961160488-18] DEBUG org.eclipse.jetty.server.HttpConnection - HttpConnection@4c6a26f7::SocketChannelEndPoint@74c5fd47{l=/127.0.0.1:46379,r=/127.0.0.1:45542,OPEN,fill=-,flush=-,to=0/3000}{io=0/0,kio=0,kro=1}->HttpConnection@4c6a26f7[p=HttpParser{s=START,0 of -1},g=HttpGenerator@6f3b235d{s=START}]=>HttpChannelOverHttp@6ad251ff{s=HttpChannelState@c8bc257{s=IDLE rs=BLOCKING os=OPEN is=IDLE awp=false se=false i=true al=0},r=0,c=false/false,a=IDLE,uri=null,age=0} filled 115 HeapByteBuffer@47ae9336[p=0,l=115,c=8192,r=115]={<<<GET / HTTP/1.1\r\nHost: loc...gent: okhttp/3.12.3\r\n\r\n>>>er-Agent:...\x00\x00\x00\x00\x00\x00\x00}
01:46:19.529 [qtp961160488-18] DEBUG org.eclipse.jetty.server.HttpConnection - HttpConnection@4c6a26f7::SocketChannelEndPoint@74c5fd47{l=/127.0.0.1:46379,r=/127.0.0.1:45542,OPEN,fill=-,flush=-,to=0/3000}{io=0/0,kio=0,kro=1}->HttpConnection@4c6a26f7[p=HttpParser{s=START,0 of -1},g=HttpGenerator@6f3b235d{s=START}]=>HttpChannelOverHttp@6ad251ff{s=HttpChannelState@c8bc257{s=IDLE rs=BLOCKING os=OPEN is=IDLE awp=false se=false i=true al=0},r=0,c=false/false,a=IDLE,uri=null,age=0} parse HeapByteBuffer@47ae9336[p=0,l=115,c=8192,r=115]={<<<GET / HTTP/1.1\r\nHost: loc...gent: okhttp/3.12.3\r\n\r\n>>>er-Agent:...\x00\x00\x00\x00\x00\x00\x00} {}
01:46:19.529 [qtp961160488-18] DEBUG org.eclipse.jetty.http.HttpParser - parseNext s=START HeapByteBuffer@47ae9336[p=0,l=115,c=8192,r=115]={<<<GET / HTTP/1.1\r\nHost: loc...gent: okhttp/3.12.3\r\n\r\n>>>er-Agent:...\x00\x00\x00\x00\x00\x00\x00}
01:46:19.529 [qtp961160488-18] DEBUG org.eclipse.jetty.http.HttpParser - START --> SPACE1
01:46:19.530 [qtp961160488-18] DEBUG org.eclipse.jetty.http.HttpParser - SPACE1 --> URI
01:46:19.530 [qtp961160488-18] DEBUG org.eclipse.jetty.http.HttpParser - URI --> SPACE2
01:46:19.530 [qtp961160488-18] DEBUG org.eclipse.jetty.http.HttpParser - SPACE2 --> REQUEST_VERSION
01:46:19.530 [qtp961160488-18] DEBUG org.eclipse.jetty.http.HttpParser - REQUEST_VERSION --> HEADER
01:46:19.530 [qtp961160488-18] DEBUG org.eclipse.jetty.http.HttpParser - HEADER:Host --> VALUE
01:46:19.530 [qtp961160488-18] DEBUG org.eclipse.jetty.http.HttpParser - HEADER:Host --> IN_VALUE
01:46:19.530 [qtp961160488-18] DEBUG org.eclipse.jetty.http.HttpParser - HEADER:Host --> FIELD
01:46:19.530 [qtp961160488-18] DEBUG org.eclipse.jetty.http.HttpParser - HEADER:Connection: keep-alive --> IN_VALUE
01:46:19.530 [qtp961160488-18] DEBUG org.eclipse.jetty.http.HttpParser - HEADER:Connection: keep-alive --> FIELD
01:46:19.530 [qtp961160488-18] DEBUG org.eclipse.jetty.http.HttpParser - HEADER:Accept-Encoding: gzip --> IN_VALUE
01:46:19.530 [qtp961160488-18] DEBUG org.eclipse.jetty.http.HttpParser - HEADER:Accept-Encoding: gzip --> FIELD
01:46:19.530 [qtp961160488-18] DEBUG org.eclipse.jetty.http.HttpParser - HEADER:User-Agent --> VALUE
01:46:19.530 [qtp961160488-18] DEBUG org.eclipse.jetty.http.HttpParser - HEADER:User-Agent --> IN_VALUE
01:46:19.530 [qtp961160488-18] DEBUG org.eclipse.jetty.http.HttpParser - HEADER:User-Agent --> FIELD
01:46:19.530 [qtp961160488-18] DEBUG org.eclipse.jetty.http.HttpParser - HEADER --> CONTENT
01:46:19.530 [qtp961160488-18] DEBUG org.eclipse.jetty.server.HttpChannel - REQUEST for //localhost:46379/ on HttpChannelOverHttp@6ad251ff{s=HttpChannelState@c8bc257{s=IDLE rs=BLOCKING os=OPEN is=IDLE awp=false se=false i=true al=0},r=1,c=false/false,a=IDLE,uri=//localhost:46379/,age=0}
GET //localhost:46379/ HTTP/1.1
Host: localhost:46379
Connection: keep-alive
Accept-Encoding: gzip
User-Agent: okhttp/3.12.3


01:46:19.530 [qtp961160488-18] DEBUG org.eclipse.jetty.server.HttpConnection - HttpConnection@4c6a26f7::SocketChannelEndPoint@74c5fd47{l=/127.0.0.1:46379,r=/127.0.0.1:45542,OPEN,fill=-,flush=-,to=1/3000}{io=0/0,kio=0,kro=1}->HttpConnection@4c6a26f7[p=HttpParser{s=CONTENT,0 of -1},g=HttpGenerator@6f3b235d{s=START}]=>HttpChannelOverHttp@6ad251ff{s=HttpChannelState@c8bc257{s=IDLE rs=BLOCKING os=OPEN is=IDLE awp=false se=false i=true al=0},r=1,c=false/false,a=IDLE,uri=//localhost:46379/,age=0} parsed true HttpParser{s=CONTENT,0 of -1}
01:46:19.530 [qtp961160488-18] DEBUG org.eclipse.jetty.server.HttpConnection - releaseRequestBuffer HttpConnection@4c6a26f7::SocketChannelEndPoint@74c5fd47{l=/127.0.0.1:46379,r=/127.0.0.1:45542,OPEN,fill=-,flush=-,to=1/3000}{io=0/0,kio=0,kro=1}->HttpConnection@4c6a26f7[p=HttpParser{s=CONTENT,0 of -1},g=HttpGenerator@6f3b235d{s=START}]=>HttpChannelOverHttp@6ad251ff{s=HttpChannelState@c8bc257{s=IDLE rs=BLOCKING os=OPEN is=IDLE awp=false se=false i=true al=0},r=1,c=false/false,a=IDLE,uri=//localhost:46379/,age=0}
01:46:19.531 [qtp961160488-18] DEBUG org.eclipse.jetty.server.HttpChannel - handle //localhost:46379/ HttpChannelOverHttp@6ad251ff{s=HttpChannelState@c8bc257{s=IDLE rs=BLOCKING os=OPEN is=IDLE awp=false se=false i=true al=0},r=1,c=false/false,a=IDLE,uri=//localhost:46379/,age=1} 
01:46:19.531 [qtp961160488-18] DEBUG org.eclipse.jetty.server.HttpChannelState - handling HttpChannelState@c8bc257{s=IDLE rs=BLOCKING os=OPEN is=IDLE awp=false se=false i=true al=0}
01:46:19.531 [qtp961160488-18] DEBUG org.eclipse.jetty.server.HttpChannel - action DISPATCH HttpChannelOverHttp@6ad251ff{s=HttpChannelState@c8bc257{s=HANDLING rs=BLOCKING os=OPEN is=IDLE awp=false se=false i=true al=0},r=1,c=false/false,a=HANDLING,uri=//localhost:46379/,age=1}
01:46:19.531 [qtp961160488-18] DEBUG org.eclipse.jetty.server.Server - REQUEST GET / on HttpChannelOverHttp@6ad251ff{s=HttpChannelState@c8bc257{s=HANDLING rs=BLOCKING os=OPEN is=IDLE awp=false se=false i=true al=0},r=1,c=false/false,a=HANDLING,uri=//localhost:46379/,age=1}
01:46:19.531 [qtp961160488-18] DEBUG org.eclipse.jetty.server.HttpOutput - write(array HeapByteBuffer@4f7b3c3c[p=0,l=4,c=512,r=4]={<<<test>>>\x00\x00\x00\x00\x00\x00\x00\x00\x00...\x00\x00\x00\x00\x00\x00\x00})
01:46:19.531 [qtp961160488-18] DEBUG org.eclipse.jetty.server.HttpOutput - write(array) s=CLOSING,api=BLOCKED,sc=false,e=null last=true agg=false flush=true async=false, len=4 null
01:46:19.531 [qtp961160488-18] DEBUG org.eclipse.jetty.server.HttpChannel - sendResponse info=null content=HeapByteBuffer@41b79754[p=0,l=4,c=512,r=4]={<<<test>>>\x00\x00\x00\x00\x00\x00\x00\x00\x00...\x00\x00\x00\x00\x00\x00\x00} complete=true committing=true callback=Blocker@7e7e776b{null}
01:46:19.531 [qtp961160488-18] DEBUG org.eclipse.jetty.server.HttpChannel - COMMIT for / on HttpChannelOverHttp@6ad251ff{s=HttpChannelState@c8bc257{s=HANDLING rs=BLOCKING os=COMMITTED is=IDLE awp=false se=false i=true al=0},r=1,c=false/false,a=HANDLING,uri=//localhost:46379/,age=1}
200 null HTTP/1.1
Date: Thu, 02 May 2024 00:46:19 GMT
ETag: testEtag
Content-Type: text/plain;charset=utf-8
Content-Length: 4


01:46:19.531 [qtp961160488-18] DEBUG org.eclipse.jetty.server.HttpConnection - generate: NEED_HEADER for SendCallback@395882b8[PROCESSING][i=HTTP/1.1{s=200,h=4,cl=4},cb=org.eclipse.jetty.server.HttpChannel$SendCallback@2f54c373] (null,[p=0,l=4,c=512,r=4],true)@START
01:46:19.531 [qtp961160488-18] DEBUG org.eclipse.jetty.http.HttpGenerator - generateHeaders HTTP/1.1{s=200,h=4,cl=4} last=true content=HeapByteBuffer@41b79754[p=0,l=4,c=512,r=4]={<<<test>>>\x00\x00\x00\x00\x00\x00\x00\x00\x00...\x00\x00\x00\x00\x00\x00\x00}
01:46:19.531 [qtp961160488-18] DEBUG org.eclipse.jetty.http.HttpGenerator - Date: Thu, 02 May 2024 00:46:19 GMT
ETag: testEtag
Content-Type: text/plain;charset=utf-8
Content-Length: 4


01:46:19.531 [qtp961160488-18] DEBUG org.eclipse.jetty.http.HttpGenerator - CONTENT_LENGTH
01:46:19.531 [qtp961160488-18] DEBUG org.eclipse.jetty.server.HttpConnection - generate: FLUSH for SendCallback@395882b8[PROCESSING][i=HTTP/1.1{s=200,h=4,cl=4},cb=org.eclipse.jetty.server.HttpChannel$SendCallback@2f54c373] ([p=0,l=164,c=8192,r=164],[p=0,l=4,c=512,r=4],true)@COMPLETING
01:46:19.532 [qtp961160488-18] DEBUG org.eclipse.jetty.io.WriteFlusher - write: WriteFlusher@5224ecfa{IDLE}->null [HeapByteBuffer@47ae9336[p=0,l=164,c=8192,r=164]={<<<HTTP/1.1 200 OK\r\nDate: Th...y(9.4.44.v20210927)\r\n\r\n>>>\x00\x00\x00\x00\x00\x00\x00\x00\x00...\x00\x00\x00\x00\x00\x00\x00},HeapByteBuffer@41b79754[p=0,l=4,c=512,r=4]={<<<test>>>\x00\x00\x00\x00\x00\x00\x00\x00\x00...\x00\x00\x00\x00\x00\x00\x00}]
01:46:19.532 [qtp961160488-18] DEBUG org.eclipse.jetty.io.WriteFlusher - update WriteFlusher@5224ecfa{WRITING}->null:IDLE-->WRITING
01:46:19.532 [main] DEBUG org.apache.nifi.minifi.bootstrap.configuration.ingestors.PullHttpChangeIngestor - Response received: Response{protocol=http/1.1, code=200, message=OK, url=http://localhost:46379/}
01:46:19.532 [qtp961160488-18] DEBUG org.eclipse.jetty.io.ChannelEndPoint - flushed 168 SocketChannelEndPoint@74c5fd47{l=/127.0.0.1:46379,r=/127.0.0.1:45542,OPEN,fill=-,flush=W,to=2/3000}{io=0/0,kio=0,kro=1}->HttpConnection@4c6a26f7[p=HttpParser{s=CONTENT,0 of -1},g=HttpGenerator@6f3b235d{s=COMPLETING}]=>HttpChannelOverHttp@6ad251ff{s=HttpChannelState@c8bc257{s=HANDLING rs=BLOCKING os=COMMITTED is=IDLE awp=false se=false i=true al=0},r=1,c=false/false,a=HANDLING,uri=//localhost:46379/,age=2}
01:46:19.532 [qtp961160488-18] DEBUG org.eclipse.jetty.io.WriteFlusher - Flushed=true written=168 remaining=0 WriteFlusher@5224ecfa{WRITING}->null
01:46:19.532 [qtp961160488-18] DEBUG org.eclipse.jetty.io.WriteFlusher - update WriteFlusher@5224ecfa{IDLE}->null:WRITING-->IDLE
01:46:19.532 [qtp961160488-18] DEBUG org.eclipse.jetty.server.HttpConnection - generate: DONE for SendCallback@395882b8[PROCESSING][i=HTTP/1.1{s=200,h=4,cl=4},cb=org.eclipse.jetty.server.HttpChannel$SendCallback@2f54c373] ([p=164,l=164,c=8192,r=0],[p=4,l=4,c=512,r=0],true)@END
01:46:19.532 [main] DEBUG org.apache.nifi.minifi.bootstrap.configuration.ingestors.PullHttpChangeIngestor - New change received, notifying listener
01:46:19.532 [qtp961160488-18] DEBUG org.eclipse.jetty.server.HttpOutput - onWriteComplete(true,null) s=CLOSING,api=BLOCKED,sc=false,e=null->s=CLOSED,api=BLOCKING,sc=false,e=null c=null cb=null w=false
01:46:19.532 [main] DEBUG org.apache.nifi.minifi.bootstrap.configuration.ingestors.PullHttpChangeIngestor - Listeners notified
01:46:19.532 [qtp961160488-18] DEBUG org.eclipse.jetty.server.HttpOutput - close() s=CLOSED,api=BLOCKING,sc=false,e=null c=null b=null
01:46:19.532 [qtp961160488-18] DEBUG org.eclipse.jetty.server.Server - handled=true async=false committed=true on HttpChannelOverHttp@6ad251ff{s=HttpChannelState@c8bc257{s=HANDLING rs=BLOCKING os=COMPLETED is=IDLE awp=false se=false i=true al=0},r=1,c=false/true,a=HANDLING,uri=//localhost:46379/,age=2}
01:46:19.532 [qtp961160488-18] DEBUG org.eclipse.jetty.server.HttpChannelState - unhandle HttpChannelState@c8bc257{s=HANDLING rs=BLOCKING os=COMPLETED is=IDLE awp=false se=false i=true al=0}
01:46:19.532 [qtp961160488-18] DEBUG org.eclipse.jetty.server.HttpChannelState - nextAction(false) COMPLETE HttpChannelState@c8bc257{s=HANDLING rs=COMPLETING os=COMPLETED is=IDLE awp=false se=false i=false al=0}
01:46:19.532 [qtp961160488-18] DEBUG org.eclipse.jetty.server.HttpChannel - action COMPLETE HttpChannelOverHttp@6ad251ff{s=HttpChannelState@c8bc257{s=HANDLING rs=COMPLETING os=COMPLETED is=IDLE awp=false se=false i=false al=0},r=1,c=false/true,a=HANDLING,uri=//localhost:46379/,age=2}
]]></system-out>
  </testcase>
  <testcase name="testUseEtagWithPath" classname="org.apache.nifi.minifi.bootstrap.configuration.ingestors.PullHttpChangeIngestorTest" time="0.024">
    <system-out><![CDATA[01:46:19.532 [qtp961160488-18] DEBUG org.eclipse.jetty.server.HttpOutput - complete(org.eclipse.jetty.util.Callback$3@5fec1cfa) s=CLOSED,api=BLOCKING,sc=false,e=null s=true e=null, c=null
01:46:19.533 [qtp961160488-18] DEBUG org.eclipse.jetty.server.HttpChannelState - completed HttpChannelState@c8bc257{s=HANDLING rs=COMPLETING os=COMPLETED is=IDLE awp=false se=false i=false al=0}
01:46:19.533 [qtp961160488-18] DEBUG org.eclipse.jetty.server.HttpChannelState - unhandle HttpChannelState@c8bc257{s=HANDLING rs=COMPLETED os=COMPLETED is=IDLE awp=false se=false i=false al=0}
01:46:19.533 [qtp961160488-18] DEBUG org.eclipse.jetty.server.HttpChannelState - nextAction(false) TERMINATED HttpChannelState@c8bc257{s=IDLE rs=COMPLETED os=COMPLETED is=IDLE awp=false se=false i=false al=0}
01:46:19.533 [qtp961160488-18] DEBUG org.eclipse.jetty.server.HttpChannel - action TERMINATED HttpChannelOverHttp@6ad251ff{s=HttpChannelState@c8bc257{s=IDLE rs=COMPLETED os=COMPLETED is=IDLE awp=false se=false i=false al=0},r=1,c=true/true,a=IDLE,uri=//localhost:46379/,age=3}
01:46:19.533 [qtp961160488-18] DEBUG org.eclipse.jetty.server.HttpChannel - onCompleted for / written=4
01:46:19.533 [qtp961160488-18] DEBUG org.eclipse.jetty.io.ChannelEndPoint - filled 0 HeapByteBuffer@47ae9336[p=0,l=0,c=8192,r=0]={<<<>>>HTTP/1.1 ...\x00\x00\x00\x00\x00\x00\x00}
01:46:19.533 [qtp961160488-18] DEBUG org.eclipse.jetty.io.ChannelEndPoint - filled 0 HeapByteBuffer@47ae9336[p=0,l=0,c=8192,r=0]={<<<>>>HTTP/1.1 ...\x00\x00\x00\x00\x00\x00\x00}
01:46:19.533 [qtp961160488-18] DEBUG org.eclipse.jetty.server.HttpConnection - HttpConnection@4c6a26f7::SocketChannelEndPoint@74c5fd47{l=/127.0.0.1:46379,r=/127.0.0.1:45542,OPEN,fill=-,flush=-,to=1/3000}{io=0/0,kio=0,kro=1}->HttpConnection@4c6a26f7[p=HttpParser{s=CONTENT,0 of -1},g=HttpGenerator@6f3b235d{s=END}]=>HttpChannelOverHttp@6ad251ff{s=HttpChannelState@c8bc257{s=IDLE rs=COMPLETED os=COMPLETED is=IDLE awp=false se=false i=false al=0},r=1,c=true/true,a=IDLE,uri=//localhost:46379/,age=3} filled 0 HeapByteBuffer@47ae9336[p=0,l=0,c=8192,r=0]={<<<>>>HTTP/1.1 ...\x00\x00\x00\x00\x00\x00\x00}
01:46:19.533 [qtp961160488-18] DEBUG org.eclipse.jetty.server.HttpConnection - HttpConnection@4c6a26f7::SocketChannelEndPoint@74c5fd47{l=/127.0.0.1:46379,r=/127.0.0.1:45542,OPEN,fill=-,flush=-,to=1/3000}{io=0/0,kio=0,kro=1}->HttpConnection@4c6a26f7[p=HttpParser{s=CONTENT,0 of -1},g=HttpGenerator@6f3b235d{s=END}]=>HttpChannelOverHttp@6ad251ff{s=HttpChannelState@c8bc257{s=IDLE rs=COMPLETED os=COMPLETED is=IDLE awp=false se=false i=false al=0},r=1,c=true/true,a=IDLE,uri=//localhost:46379/,age=3} parse HeapByteBuffer@47ae9336[p=0,l=0,c=8192,r=0]={<<<>>>HTTP/1.1 ...\x00\x00\x00\x00\x00\x00\x00} {}
01:46:19.533 [qtp961160488-18] DEBUG org.eclipse.jetty.http.HttpParser - parseNext s=CONTENT HeapByteBuffer@47ae9336[p=0,l=0,c=8192,r=0]={<<<>>>HTTP/1.1 ...\x00\x00\x00\x00\x00\x00\x00}
01:46:19.533 [qtp961160488-18] DEBUG org.eclipse.jetty.http.HttpParser - CONTENT --> CONTENT_END
01:46:19.534 [qtp961160488-18] DEBUG org.eclipse.jetty.server.HttpChannel - onContentComplete HttpChannelOverHttp@6ad251ff{s=HttpChannelState@c8bc257{s=IDLE rs=COMPLETED os=COMPLETED is=IDLE awp=false se=false i=false al=0},r=1,c=true/true,a=IDLE,uri=//localhost:46379/,age=3}
01:46:19.534 [qtp961160488-18] DEBUG org.eclipse.jetty.http.HttpParser - CONTENT_END --> END
01:46:19.534 [qtp961160488-18] DEBUG org.eclipse.jetty.server.HttpChannel - onRequestComplete HttpChannelOverHttp@6ad251ff{s=HttpChannelState@c8bc257{s=IDLE rs=COMPLETED os=COMPLETED is=IDLE awp=false se=false i=false al=0},r=1,c=true/true,a=IDLE,uri=//localhost:46379/,age=4}
01:46:19.534 [qtp961160488-18] DEBUG org.eclipse.jetty.server.HttpInput - HttpInputOverHTTP@225c08fd[c=0,q=0,[0]=null,s=STREAM] addContent EOF
01:46:19.534 [qtp961160488-18] DEBUG org.eclipse.jetty.server.HttpConnection - HttpConnection@4c6a26f7::SocketChannelEndPoint@74c5fd47{l=/127.0.0.1:46379,r=/127.0.0.1:45542,OPEN,fill=-,flush=-,to=1/3000}{io=0/0,kio=0,kro=1}->HttpConnection@4c6a26f7[p=HttpParser{s=END,0 of -1},g=HttpGenerator@6f3b235d{s=END}]=>HttpChannelOverHttp@6ad251ff{s=HttpChannelState@c8bc257{s=IDLE rs=COMPLETED os=COMPLETED is=IDLE awp=false se=false i=false al=0},r=1,c=true/true,a=IDLE,uri=//localhost:46379/,age=4} parsed false HttpParser{s=END,0 of -1}
01:46:19.534 [main] DEBUG org.apache.nifi.minifi.bootstrap.configuration.ingestors.PullHttpChangeIngestor - Attempting to pull new config
01:46:19.534 [qtp961160488-18] DEBUG org.eclipse.jetty.server.HttpConnection - releaseRequestBuffer HttpConnection@4c6a26f7::SocketChannelEndPoint@74c5fd47{l=/127.0.0.1:46379,r=/127.0.0.1:45542,OPEN,fill=-,flush=-,to=1/3000}{io=0/0,kio=0,kro=1}->HttpConnection@4c6a26f7[p=HttpParser{s=END,0 of -1},g=HttpGenerator@6f3b235d{s=END}]=>HttpChannelOverHttp@6ad251ff{s=HttpChannelState@c8bc257{s=IDLE rs=COMPLETED os=COMPLETED is=IDLE awp=false se=false i=false al=0},r=1,c=true/true,a=IDLE,uri=//localhost:46379/,age=4}
01:46:19.534 [qtp961160488-18] DEBUG org.eclipse.jetty.server.HttpChannelState - recycle HttpChannelState@c8bc257{s=IDLE rs=COMPLETED os=COMPLETED is=IDLE awp=false se=false i=false al=0}
01:46:19.534 [qtp961160488-18] DEBUG org.eclipse.jetty.http.HttpParser - reset HttpParser{s=END,0 of -1}
01:46:19.534 [qtp961160488-18] DEBUG org.eclipse.jetty.http.HttpParser - END --> START
01:46:19.534 [qtp961160488-18] DEBUG org.eclipse.jetty.server.HttpChannel - !handle TERMINATED HttpChannelOverHttp@6ad251ff{s=HttpChannelState@c8bc257{s=IDLE rs=BLOCKING os=OPEN is=IDLE awp=false se=false i=true al=0},r=1,c=false/false,a=IDLE,uri=null,age=0}
01:46:19.534 [qtp961160488-18] DEBUG org.eclipse.jetty.io.ChannelEndPoint - filled 0 HeapByteBuffer@47ae9336[p=0,l=0,c=8192,r=0]={<<<>>>HTTP/1.1 ...\x00\x00\x00\x00\x00\x00\x00}
01:46:19.534 [qtp961160488-18] DEBUG org.eclipse.jetty.io.ChannelEndPoint - filled 0 HeapByteBuffer@47ae9336[p=0,l=0,c=8192,r=0]={<<<>>>HTTP/1.1 ...\x00\x00\x00\x00\x00\x00\x00}
01:46:19.534 [qtp961160488-18] DEBUG org.eclipse.jetty.server.HttpConnection - HttpConnection@4c6a26f7::SocketChannelEndPoint@74c5fd47{l=/127.0.0.1:46379,r=/127.0.0.1:45542,OPEN,fill=-,flush=-,to=2/3000}{io=0/0,kio=0,kro=1}->HttpConnection@4c6a26f7[p=HttpParser{s=START,0 of -1},g=HttpGenerator@6f3b235d{s=START}]=>HttpChannelOverHttp@6ad251ff{s=HttpChannelState@c8bc257{s=IDLE rs=BLOCKING os=OPEN is=IDLE awp=false se=false i=true al=0},r=1,c=false/false,a=IDLE,uri=null,age=0} filled 0 HeapByteBuffer@47ae9336[p=0,l=0,c=8192,r=0]={<<<>>>HTTP/1.1 ...\x00\x00\x00\x00\x00\x00\x00}
01:46:19.535 [qtp961160488-20-acceptor-0@1e1a0406-ServerConnector@446293d{HTTP/1.1, (http/1.1)}{localhost:46379}] DEBUG org.eclipse.jetty.io.ManagedSelector - Queued change lazy=false Accept@3f3a6368[java.nio.channels.SocketChannel[connected local=/127.0.0.1:46379 remote=/127.0.0.1:45554]] on ManagedSelector@194bcebf{STARTED} id=0 keys=0 selected=0 updates=0
01:46:19.535 [qtp961160488-18] DEBUG org.eclipse.jetty.server.HttpConnection - HttpConnection@4c6a26f7::SocketChannelEndPoint@74c5fd47{l=/127.0.0.1:46379,r=/127.0.0.1:45542,OPEN,fill=-,flush=-,to=2/3000}{io=0/0,kio=0,kro=1}->HttpConnection@4c6a26f7[p=HttpParser{s=START,0 of -1},g=HttpGenerator@6f3b235d{s=START}]=>HttpChannelOverHttp@6ad251ff{s=HttpChannelState@c8bc257{s=IDLE rs=BLOCKING os=OPEN is=IDLE awp=false se=false i=true al=0},r=1,c=false/false,a=IDLE,uri=null,age=0} parse HeapByteBuffer@47ae9336[p=0,l=0,c=8192,r=0]={<<<>>>HTTP/1.1 ...\x00\x00\x00\x00\x00\x00\x00} {}
01:46:19.535 [qtp961160488-20-acceptor-0@1e1a0406-ServerConnector@446293d{HTTP/1.1, (http/1.1)}{localhost:46379}] DEBUG org.eclipse.jetty.io.ManagedSelector - Wakeup on submit ManagedSelector@194bcebf{STARTED} id=0 keys=0 selected=0 updates=1
01:46:19.535 [qtp961160488-18] DEBUG org.eclipse.jetty.http.HttpParser - parseNext s=START HeapByteBuffer@47ae9336[p=0,l=0,c=8192,r=0]={<<<>>>HTTP/1.1 ...\x00\x00\x00\x00\x00\x00\x00}
01:46:19.535 [qtp961160488-15] DEBUG org.eclipse.jetty.io.ManagedSelector - Selector sun.nio.ch.EPollSelectorImpl@733114a8 woken with none selected
01:46:19.535 [qtp961160488-15] DEBUG org.eclipse.jetty.io.ManagedSelector - Selector sun.nio.ch.EPollSelectorImpl@733114a8 woken up from select, 0/0/0 selected
01:46:19.535 [qtp961160488-15] DEBUG org.eclipse.jetty.io.ManagedSelector - Selector sun.nio.ch.EPollSelectorImpl@733114a8 processing 0 keys, 1 updates
01:46:19.535 [qtp961160488-15] DEBUG org.eclipse.jetty.io.ManagedSelector - updateable 1
01:46:19.535 [qtp961160488-18] DEBUG org.eclipse.jetty.server.HttpConnection - HttpConnection@4c6a26f7::SocketChannelEndPoint@74c5fd47{l=/127.0.0.1:46379,r=/127.0.0.1:45542,OPEN,fill=-,flush=-,to=2/3000}{io=0/0,kio=0,kro=1}->HttpConnection@4c6a26f7[p=HttpParser{s=START,0 of -1},g=HttpGenerator@6f3b235d{s=START}]=>HttpChannelOverHttp@6ad251ff{s=HttpChannelState@c8bc257{s=IDLE rs=BLOCKING os=OPEN is=IDLE awp=false se=false i=true al=0},r=1,c=false/false,a=IDLE,uri=null,age=0} parsed false HttpParser{s=START,0 of -1}
01:46:19.535 [qtp961160488-15] DEBUG org.eclipse.jetty.io.ManagedSelector - update Accept@3f3a6368[java.nio.channels.SocketChannel[connected local=/127.0.0.1:46379 remote=/127.0.0.1:45554]]
01:46:19.535 [qtp961160488-15] DEBUG org.eclipse.jetty.util.thread.QueuedThreadPool - queue Accept@3f3a6368[java.nio.channels.SocketChannel[connected local=/127.0.0.1:46379 remote=/127.0.0.1:45554]] startThread=0
01:46:19.535 [qtp961160488-15] DEBUG org.eclipse.jetty.io.ManagedSelector - updates 0
01:46:19.535 [qtp961160488-15] DEBUG org.eclipse.jetty.io.ManagedSelector - Selector sun.nio.ch.EPollSelectorImpl@733114a8 waiting with 1 keys
01:46:19.535 [qtp961160488-19] DEBUG org.eclipse.jetty.util.thread.QueuedThreadPool - run Accept@3f3a6368[java.nio.channels.SocketChannel[connected local=/127.0.0.1:46379 remote=/127.0.0.1:45554]] in QueuedThreadPool[qtp961160488]@394a2528{STARTED,8<=8<=200,i=0,r=-1,q=0}[ReservedThreadExecutor@383bfa16{reserved=1/8,pending=0}]
01:46:19.535 [qtp961160488-18] DEBUG org.eclipse.jetty.server.HttpConnection - releaseRequestBuffer HttpConnection@4c6a26f7::SocketChannelEndPoint@74c5fd47{l=/127.0.0.1:46379,r=/127.0.0.1:45542,OPEN,fill=-,flush=-,to=3/3000}{io=0/0,kio=0,kro=1}->HttpConnection@4c6a26f7[p=HttpParser{s=START,0 of -1},g=HttpGenerator@6f3b235d{s=START}]=>HttpChannelOverHttp@6ad251ff{s=HttpChannelState@c8bc257{s=IDLE rs=BLOCKING os=OPEN is=IDLE awp=false se=false i=true al=0},r=1,c=false/false,a=IDLE,uri=null,age=0}
01:46:19.535 [qtp961160488-19] DEBUG org.eclipse.jetty.io.IdleTimeout - SocketChannelEndPoint@41e0b9ab{l=/127.0.0.1:46379,r=/127.0.0.1:45554,OPEN,fill=-,flush=-,to=0/3000}{io=0/0,kio=0,kro=0}-><null> idle timeout check, elapsed: 0 ms, remaining: 3000 ms
01:46:19.535 [qtp961160488-18] DEBUG org.eclipse.jetty.io.AbstractConnection - fillInterested HttpConnection@4c6a26f7::SocketChannelEndPoint@74c5fd47{l=/127.0.0.1:46379,r=/127.0.0.1:45542,OPEN,fill=-,flush=-,to=3/3000}{io=0/0,kio=0,kro=1}->HttpConnection@4c6a26f7[p=HttpParser{s=START,0 of -1},g=HttpGenerator@6f3b235d{s=START}]=>HttpChannelOverHttp@6ad251ff{s=HttpChannelState@c8bc257{s=IDLE rs=BLOCKING os=OPEN is=IDLE awp=false se=false i=true al=0},r=1,c=false/false,a=IDLE,uri=null,age=0}
01:46:19.535 [qtp961160488-19] DEBUG org.eclipse.jetty.server.HttpChannel - new HttpChannelOverHttp@77774b01{s=HttpChannelState@4c502c0d{s=IDLE rs=BLOCKING os=OPEN is=IDLE awp=false se=false i=true al=0},r=0,c=false/false,a=IDLE,uri=null,age=0} -> SocketChannelEndPoint@41e0b9ab{l=/127.0.0.1:46379,r=/127.0.0.1:45554,OPEN,fill=-,flush=-,to=0/3000}{io=0/0,kio=0,kro=0}-><null>,null,HttpChannelState@4c502c0d{s=IDLE rs=BLOCKING os=OPEN is=IDLE awp=false se=false i=true al=0}
01:46:19.535 [qtp961160488-18] DEBUG org.eclipse.jetty.io.FillInterest - interested FillInterest@3d70cd97{AC.ReadCB@4c6a26f7{HttpConnection@4c6a26f7::SocketChannelEndPoint@74c5fd47{l=/127.0.0.1:46379,r=/127.0.0.1:45542,OPEN,fill=FI,flush=-,to=0/3000}{io=0/0,kio=0,kro=1}->HttpConnection@4c6a26f7[p=HttpParser{s=START,0 of -1},g=HttpGenerator@6f3b235d{s=START}]=>HttpChannelOverHttp@6ad251ff{s=HttpChannelState@c8bc257{s=IDLE rs=BLOCKING os=OPEN is=IDLE awp=false se=false i=true al=0},r=1,c=false/false,a=IDLE,uri=null,age=0}}}
01:46:19.536 [qtp961160488-19] DEBUG org.eclipse.jetty.server.HttpConnection - New HTTP Connection HttpConnection@6c8a464e::SocketChannelEndPoint@41e0b9ab{l=/127.0.0.1:46379,r=/127.0.0.1:45554,OPEN,fill=-,flush=-,to=0/3000}{io=0/0,kio=0,kro=0}-><null>
01:46:19.536 [qtp961160488-19] DEBUG org.eclipse.jetty.io.ManagedSelector - Queued change lazy=true org.eclipse.jetty.io.ManagedSelector$$Lambda$258/102804084@28638795 on ManagedSelector@194bcebf{STARTED} id=0 keys=1 selected=0 updates=0
01:46:19.536 [qtp961160488-18] DEBUG org.eclipse.jetty.io.ChannelEndPoint - changeInterests p=false 0->1 for SocketChannelEndPoint@74c5fd47{l=/127.0.0.1:46379,r=/127.0.0.1:45542,OPEN,fill=FI,flush=-,to=0/3000}{io=0/1,kio=0,kro=1}->HttpConnection@4c6a26f7[p=HttpParser{s=START,0 of -1},g=HttpGenerator@6f3b235d{s=START}]=>HttpChannelOverHttp@6ad251ff{s=HttpChannelState@c8bc257{s=IDLE rs=BLOCKING os=OPEN is=IDLE awp=false se=false i=true al=0},r=1,c=false/false,a=IDLE,uri=null,age=0}
01:46:19.536 [qtp961160488-19] DEBUG org.eclipse.jetty.io.AbstractEndPoint - onOpen SocketChannelEndPoint@41e0b9ab{l=/127.0.0.1:46379,r=/127.0.0.1:45554,OPEN,fill=-,flush=-,to=0/3000}{io=0/0,kio=0,kro=0}->HttpConnection@6c8a464e[p=HttpParser{s=START,0 of -1},g=HttpGenerator@6581fedb{s=START}]=>HttpChannelOverHttp@77774b01{s=HttpChannelState@4c502c0d{s=IDLE rs=BLOCKING os=OPEN is=IDLE awp=false se=false i=true al=0},r=0,c=false/false,a=IDLE,uri=null,age=0}
01:46:19.536 [qtp961160488-18] DEBUG org.eclipse.jetty.io.ManagedSelector - Queued change lazy=false org.eclipse.jetty.io.ChannelEndPoint$$Lambda$255/981852870@20301950 on ManagedSelector@1de5f259{STARTED} id=3 keys=1 selected=0 updates=0
01:46:19.536 [qtp961160488-18] DEBUG org.eclipse.jetty.io.ManagedSelector - Wakeup on submit ManagedSelector@1de5f259{STARTED} id=3 keys=1 selected=0 updates=1
01:46:19.536 [qtp961160488-19] DEBUG org.eclipse.jetty.io.AbstractConnection - onOpen HttpConnection@6c8a464e::SocketChannelEndPoint@41e0b9ab{l=/127.0.0.1:46379,r=/127.0.0.1:45554,OPEN,fill=-,flush=-,to=0/3000}{io=0/0,kio=0,kro=0}->HttpConnection@6c8a464e[p=HttpParser{s=START,0 of -1},g=HttpGenerator@6581fedb{s=START}]=>HttpChannelOverHttp@77774b01{s=HttpChannelState@4c502c0d{s=IDLE rs=BLOCKING os=OPEN is=IDLE awp=false se=false i=true al=0},r=0,c=false/false,a=IDLE,uri=null,age=0}
01:46:19.536 [qtp961160488-18] DEBUG org.eclipse.jetty.server.HttpConnection - HttpConnection@4c6a26f7::SocketChannelEndPoint@74c5fd47{l=/127.0.0.1:46379,r=/127.0.0.1:45542,OPEN,fill=FI,flush=-,to=0/3000}{io=0/1,kio=0,kro=1}->HttpConnection@4c6a26f7[p=HttpParser{s=START,0 of -1},g=HttpGenerator@6f3b235d{s=START}]=>HttpChannelOverHttp@6ad251ff{s=HttpChannelState@c8bc257{s=IDLE rs=BLOCKING os=OPEN is=IDLE awp=false se=false i=true al=0},r=1,c=false/false,a=IDLE,uri=null,age=0} onFillable exit HttpChannelState@c8bc257{s=IDLE rs=BLOCKING os=OPEN is=IDLE awp=false se=false i=true al=0} null
01:46:19.536 [qtp961160488-19] DEBUG org.eclipse.jetty.io.AbstractConnection - fillInterested HttpConnection@6c8a464e::SocketChannelEndPoint@41e0b9ab{l=/127.0.0.1:46379,r=/127.0.0.1:45554,OPEN,fill=-,flush=-,to=0/3000}{io=0/0,kio=0,kro=0}->HttpConnection@6c8a464e[p=HttpParser{s=START,0 of -1},g=HttpGenerator@6581fedb{s=START}]=>HttpChannelOverHttp@77774b01{s=HttpChannelState@4c502c0d{s=IDLE rs=BLOCKING os=OPEN is=IDLE awp=false se=false i=true al=0},r=0,c=false/false,a=IDLE,uri=null,age=0}
01:46:19.536 [qtp961160488-18] DEBUG org.eclipse.jetty.util.thread.QueuedThreadPool - ran org.eclipse.jetty.io.ManagedSelector$$Lambda$253/838473569@21282ed8 in QueuedThreadPool[qtp961160488]@394a2528{STARTED,8<=8<=200,i=0,r=-1,q=0}[ReservedThreadExecutor@383bfa16{reserved=1/8,pending=0}]
01:46:19.536 [qtp961160488-22] DEBUG org.eclipse.jetty.io.ManagedSelector - Selector sun.nio.ch.EPollSelectorImpl@81d867 woken with none selected
01:46:19.536 [qtp961160488-19] DEBUG org.eclipse.jetty.io.FillInterest - interested FillInterest@287c8622{AC.ReadCB@6c8a464e{HttpConnection@6c8a464e::SocketChannelEndPoint@41e0b9ab{l=/127.0.0.1:46379,r=/127.0.0.1:45554,OPEN,fill=FI,flush=-,to=0/3000}{io=0/0,kio=0,kro=0}->HttpConnection@6c8a464e[p=HttpParser{s=START,0 of -1},g=HttpGenerator@6581fedb{s=START}]=>HttpChannelOverHttp@77774b01{s=HttpChannelState@4c502c0d{s=IDLE rs=BLOCKING os=OPEN is=IDLE awp=false se=false i=true al=0},r=0,c=false/false,a=IDLE,uri=null,age=0}}}
01:46:19.536 [qtp961160488-22] DEBUG org.eclipse.jetty.io.ManagedSelector - Selector sun.nio.ch.EPollSelectorImpl@81d867 woken up from select, 0/0/1 selected
01:46:19.536 [qtp961160488-22] DEBUG org.eclipse.jetty.io.ManagedSelector - Selector sun.nio.ch.EPollSelectorImpl@81d867 processing 0 keys, 1 updates
01:46:19.536 [qtp961160488-22] DEBUG org.eclipse.jetty.io.ManagedSelector - updateable 1
01:46:19.536 [qtp961160488-22] DEBUG org.eclipse.jetty.io.ManagedSelector - update org.eclipse.jetty.io.ChannelEndPoint$$Lambda$255/981852870@20301950
01:46:19.536 [qtp961160488-19] DEBUG org.eclipse.jetty.io.ChannelEndPoint - changeInterests p=false 0->1 for SocketChannelEndPoint@41e0b9ab{l=/127.0.0.1:46379,r=/127.0.0.1:45554,OPEN,fill=FI,flush=-,to=0/3000}{io=0/1,kio=0,kro=0}->HttpConnection@6c8a464e[p=HttpParser{s=START,0 of -1},g=HttpGenerator@6581fedb{s=START}]=>HttpChannelOverHttp@77774b01{s=HttpChannelState@4c502c0d{s=IDLE rs=BLOCKING os=OPEN is=IDLE awp=false se=false i=true al=0},r=0,c=false/false,a=IDLE,uri=null,age=0}
01:46:19.536 [qtp961160488-19] DEBUG org.eclipse.jetty.io.ManagedSelector - Queued change lazy=false org.eclipse.jetty.io.ChannelEndPoint$$Lambda$255/981852870@16fa1d55 on ManagedSelector@194bcebf{STARTED} id=0 keys=1 selected=0 updates=1
01:46:19.536 [qtp961160488-19] DEBUG org.eclipse.jetty.io.ManagedSelector - Wakeup on submit ManagedSelector@194bcebf{STARTED} id=0 keys=1 selected=0 updates=2
01:46:19.536 [qtp961160488-22] DEBUG org.eclipse.jetty.io.ChannelEndPoint - Key interests updated 0 -> 1 on SocketChannelEndPoint@74c5fd47{l=/127.0.0.1:46379,r=/127.0.0.1:45542,OPEN,fill=FI,flush=-,to=0/3000}{io=1/1,kio=1,kro=1}->HttpConnection@4c6a26f7[p=HttpParser{s=START,0 of -1},g=HttpGenerator@6f3b235d{s=START}]=>HttpChannelOverHttp@6ad251ff{s=HttpChannelState@c8bc257{s=IDLE rs=BLOCKING os=OPEN is=IDLE awp=false se=false i=true al=0},r=1,c=false/false,a=IDLE,uri=null,age=0}
01:46:19.536 [qtp961160488-22] DEBUG org.eclipse.jetty.io.ManagedSelector - updates 0
01:46:19.536 [qtp961160488-15] DEBUG org.eclipse.jetty.io.ManagedSelector - Selector sun.nio.ch.EPollSelectorImpl@733114a8 woken with none selected
01:46:19.536 [qtp961160488-22] DEBUG org.eclipse.jetty.io.ManagedSelector - Selector sun.nio.ch.EPollSelectorImpl@81d867 waiting with 1 keys
01:46:19.537 [qtp961160488-15] DEBUG org.eclipse.jetty.io.ManagedSelector - Selector sun.nio.ch.EPollSelectorImpl@733114a8 woken up from select, 0/0/1 selected
01:46:19.537 [qtp961160488-19] DEBUG org.eclipse.jetty.io.ManagedSelector - Created SocketChannelEndPoint@41e0b9ab{l=/127.0.0.1:46379,r=/127.0.0.1:45554,OPEN,fill=FI,flush=-,to=0/3000}{io=0/1,kio=0,kro=0}->HttpConnection@6c8a464e[p=HttpParser{s=START,0 of -1},g=HttpGenerator@6581fedb{s=START}]=>HttpChannelOverHttp@77774b01{s=HttpChannelState@4c502c0d{s=IDLE rs=BLOCKING os=OPEN is=IDLE awp=false se=false i=true al=0},r=0,c=false/false,a=IDLE,uri=null,age=0}
01:46:19.537 [qtp961160488-15] DEBUG org.eclipse.jetty.io.ManagedSelector - Selector sun.nio.ch.EPollSelectorImpl@733114a8 processing 0 keys, 2 updates
01:46:19.537 [qtp961160488-15] DEBUG org.eclipse.jetty.io.ManagedSelector - updateable 2
01:46:19.537 [qtp961160488-15] DEBUG org.eclipse.jetty.io.ManagedSelector - update org.eclipse.jetty.io.ManagedSelector$$Lambda$258/102804084@28638795
01:46:19.537 [qtp961160488-19] DEBUG org.eclipse.jetty.util.thread.QueuedThreadPool - ran Accept@3f3a6368[java.nio.channels.SocketChannel[connected local=/127.0.0.1:46379 remote=/127.0.0.1:45554]] in QueuedThreadPool[qtp961160488]@394a2528{STARTED,8<=8<=200,i=1,r=-1,q=0}[ReservedThreadExecutor@383bfa16{reserved=1/8,pending=0}]
01:46:19.537 [qtp961160488-15] DEBUG org.eclipse.jetty.io.ManagedSelector - update org.eclipse.jetty.io.ChannelEndPoint$$Lambda$255/981852870@16fa1d55
01:46:19.537 [qtp961160488-15] DEBUG org.eclipse.jetty.io.ChannelEndPoint - Key interests updated 0 -> 1 on SocketChannelEndPoint@41e0b9ab{l=/127.0.0.1:46379,r=/127.0.0.1:45554,OPEN,fill=FI,flush=-,to=0/3000}{io=1/1,kio=1,kro=0}->HttpConnection@6c8a464e[p=HttpParser{s=START,0 of -1},g=HttpGenerator@6581fedb{s=START}]=>HttpChannelOverHttp@77774b01{s=HttpChannelState@4c502c0d{s=IDLE rs=BLOCKING os=OPEN is=IDLE awp=false se=false i=true al=0},r=0,c=false/false,a=IDLE,uri=null,age=0}
01:46:19.537 [qtp961160488-15] DEBUG org.eclipse.jetty.io.ManagedSelector - updates 0
01:46:19.537 [qtp961160488-15] DEBUG org.eclipse.jetty.io.ManagedSelector - Selector sun.nio.ch.EPollSelectorImpl@733114a8 waiting with 1 keys
01:46:19.537 [qtp961160488-15] DEBUG org.eclipse.jetty.io.ManagedSelector - Selector sun.nio.ch.EPollSelectorImpl@733114a8 woken up from select, 1/1/1 selected
01:46:19.537 [qtp961160488-15] DEBUG org.eclipse.jetty.io.ManagedSelector - Selector sun.nio.ch.EPollSelectorImpl@733114a8 processing 1 keys, 0 updates
01:46:19.537 [qtp961160488-15] DEBUG org.eclipse.jetty.io.ManagedSelector - selected 1 sun.nio.ch.SelectionKeyImpl@22ed86b0 SocketChannelEndPoint@41e0b9ab{l=/127.0.0.1:46379,r=/127.0.0.1:45554,OPEN,fill=FI,flush=-,to=0/3000}{io=1/1,kio=1,kro=1}->HttpConnection@6c8a464e[p=HttpParser{s=START,0 of -1},g=HttpGenerator@6581fedb{s=START}]=>HttpChannelOverHttp@77774b01{s=HttpChannelState@4c502c0d{s=IDLE rs=BLOCKING os=OPEN is=IDLE awp=false se=false i=true al=0},r=0,c=false/false,a=IDLE,uri=null,age=0} 
01:46:19.537 [qtp961160488-15] DEBUG org.eclipse.jetty.io.ChannelEndPoint - onSelected 1->0 r=true w=false for SocketChannelEndPoint@41e0b9ab{l=/127.0.0.1:46379,r=/127.0.0.1:45554,OPEN,fill=FI,flush=-,to=1/3000}{io=1/0,kio=1,kro=1}->HttpConnection@6c8a464e[p=HttpParser{s=START,0 of -1},g=HttpGenerator@6581fedb{s=START}]=>HttpChannelOverHttp@77774b01{s=HttpChannelState@4c502c0d{s=IDLE rs=BLOCKING os=OPEN is=IDLE awp=false se=false i=true al=0},r=0,c=false/false,a=IDLE,uri=null,age=0}
01:46:19.537 [qtp961160488-15] DEBUG org.eclipse.jetty.io.ChannelEndPoint - task CEP:SocketChannelEndPoint@41e0b9ab{l=/127.0.0.1:46379,r=/127.0.0.1:45554,OPEN,fill=FI,flush=-,to=1/3000}{io=1/0,kio=1,kro=1}->HttpConnection@6c8a464e[p=HttpParser{s=START,0 of -1},g=HttpGenerator@6581fedb{s=START}]=>HttpChannelOverHttp@77774b01{s=HttpChannelState@4c502c0d{s=IDLE rs=BLOCKING os=OPEN is=IDLE awp=false se=false i=true al=0},r=0,c=false/false,a=IDLE,uri=null,age=0}:runFillable:BLOCKING
01:46:19.538 [qtp961160488-15] DEBUG org.eclipse.jetty.util.thread.ReservedThreadExecutor - ReservedThreadExecutor@383bfa16{reserved=1/8,pending=0} tryExecute EatWhatYouKill@25fb8912/SelectorProducer@d5b810e/PRODUCING/p=false/QueuedThreadPool[qtp961160488]@394a2528{STARTED,8<=8<=200,i=2,r=-1,q=0}[ReservedThreadExecutor@383bfa16{reserved=1/8,pending=0}][pc=0,pic=0,pec=0,epc=0]@2024-05-02T01:46:19.538+01:00
01:46:19.538 [qtp961160488-15] DEBUG org.eclipse.jetty.util.thread.ReservedThreadExecutor - ReservedThreadExecutor@383bfa16{reserved=0/8,pending=1} startReservedThread p=1
01:46:19.538 [qtp961160488-15] DEBUG org.eclipse.jetty.util.thread.QueuedThreadPool - queue ReservedThread@30419160{PENDING,thread=null} startThread=0
01:46:19.538 [qtp961160488-18] DEBUG org.eclipse.jetty.util.thread.QueuedThreadPool - run ReservedThread@30419160{PENDING,thread=null} in QueuedThreadPool[qtp961160488]@394a2528{STARTED,8<=8<=200,i=1,r=-1,q=0}[ReservedThreadExecutor@383bfa16{reserved=0/8,pending=1}]
01:46:19.538 [qtp961160488-18] DEBUG org.eclipse.jetty.util.thread.ReservedThreadExecutor - ReservedThread@30419160{PENDING,thread=Thread[qtp961160488-18,5,main]} was=PENDING next=RESERVED size=0+1 capacity=8
01:46:19.538 [qtp961160488-18] DEBUG org.eclipse.jetty.util.thread.ReservedThreadExecutor - ReservedThread@30419160{RESERVED,thread=Thread[qtp961160488-18,5,main]} waiting ReservedThreadExecutor@383bfa16{reserved=1/8,pending=0}
01:46:19.538 [qtp961160488-15] DEBUG org.eclipse.jetty.util.thread.strategy.EatWhatYouKill - EatWhatYouKill@25fb8912/SelectorProducer@d5b810e/IDLE/p=true/QueuedThreadPool[qtp961160488]@394a2528{STARTED,8<=8<=200,i=1,r=-1,q=0}[ReservedThreadExecutor@383bfa16{reserved=0/8,pending=1}][pc=0,pic=0,pec=0,epc=0]@2024-05-02T01:46:19.538+01:00 m=EXECUTE_PRODUCE_CONSUME t=CEP:SocketChannelEndPoint@41e0b9ab{l=/127.0.0.1:46379,r=/127.0.0.1:45554,OPEN,fill=FI,flush=-,to=1/3000}{io=1/0,kio=1,kro=1}->HttpConnection@6c8a464e[p=HttpParser{s=START,0 of -1},g=HttpGenerator@6581fedb{s=START}]=>HttpChannelOverHttp@77774b01{s=HttpChannelState@4c502c0d{s=IDLE rs=BLOCKING os=OPEN is=IDLE awp=false se=false i=true al=0},r=0,c=false/false,a=IDLE,uri=null,age=0}:runFillable:BLOCKING/BLOCKING
01:46:19.538 [qtp961160488-17] DEBUG org.eclipse.jetty.util.thread.ReservedThreadExecutor - ReservedThread@a79b317{RESERVED,thread=Thread[qtp961160488-17,5,main]} task=EatWhatYouKill@25fb8912/SelectorProducer@d5b810e/IDLE/p=true/QueuedThreadPool[qtp961160488]@394a2528{STARTED,8<=8<=200,i=1,r=-1,q=0}[ReservedThreadExecutor@383bfa16{reserved=1/8,pending=0}][pc=0,pic=0,pec=0,epc=0]@2024-05-02T01:46:19.538+01:00 ReservedThreadExecutor@383bfa16{reserved=1/8,pending=0}
01:46:19.538 [qtp961160488-15] DEBUG org.eclipse.jetty.io.FillInterest - fillable FillInterest@287c8622{AC.ReadCB@6c8a464e{HttpConnection@6c8a464e::SocketChannelEndPoint@41e0b9ab{l=/127.0.0.1:46379,r=/127.0.0.1:45554,OPEN,fill=FI,flush=-,to=2/3000}{io=1/0,kio=1,kro=1}->HttpConnection@6c8a464e[p=HttpParser{s=START,0 of -1},g=HttpGenerator@6581fedb{s=START}]=>HttpChannelOverHttp@77774b01{s=HttpChannelState@4c502c0d{s=IDLE rs=BLOCKING os=OPEN is=IDLE awp=false se=false i=true al=0},r=0,c=false/false,a=IDLE,uri=null,age=0}}}
01:46:19.538 [qtp961160488-17] DEBUG org.eclipse.jetty.util.thread.strategy.EatWhatYouKill - EatWhatYouKill@25fb8912/SelectorProducer@d5b810e/IDLE/p=true/QueuedThreadPool[qtp961160488]@394a2528{STARTED,8<=8<=200,i=1,r=-1,q=0}[ReservedThreadExecutor@383bfa16{reserved=1/8,pending=0}][pc=0,pic=0,pec=0,epc=1]@2024-05-02T01:46:19.538+01:00 tryProduce true
01:46:19.538 [qtp961160488-17] DEBUG org.eclipse.jetty.io.ManagedSelector - updateable 0
01:46:19.538 [qtp961160488-17] DEBUG org.eclipse.jetty.io.ManagedSelector - updates 0
01:46:19.539 [qtp961160488-15] DEBUG org.eclipse.jetty.server.HttpConnection - HttpConnection@6c8a464e::SocketChannelEndPoint@41e0b9ab{l=/127.0.0.1:46379,r=/127.0.0.1:45554,OPEN,fill=-,flush=-,to=2/3000}{io=1/0,kio=1,kro=1}->HttpConnection@6c8a464e[p=HttpParser{s=START,0 of -1},g=HttpGenerator@6581fedb{s=START}]=>HttpChannelOverHttp@77774b01{s=HttpChannelState@4c502c0d{s=IDLE rs=BLOCKING os=OPEN is=IDLE awp=false se=false i=true al=0},r=0,c=false/false,a=IDLE,uri=null,age=0} onFillable enter HttpChannelState@4c502c0d{s=IDLE rs=BLOCKING os=OPEN is=IDLE awp=false se=false i=true al=0} null
01:46:19.539 [qtp961160488-17] DEBUG org.eclipse.jetty.io.ChannelEndPoint - Key interests updated 1 -> 0 on SocketChannelEndPoint@41e0b9ab{l=/127.0.0.1:46379,r=/127.0.0.1:45554,OPEN,fill=-,flush=-,to=2/3000}{io=0/0,kio=0,kro=1}->HttpConnection@6c8a464e[p=HttpParser{s=START,0 of -1},g=HttpGenerator@6581fedb{s=START}]=>HttpChannelOverHttp@77774b01{s=HttpChannelState@4c502c0d{s=IDLE rs=BLOCKING os=OPEN is=IDLE awp=false se=false i=true al=0},r=0,c=false/false,a=IDLE,uri=null,age=0}
01:46:19.539 [qtp961160488-17] DEBUG org.eclipse.jetty.io.ManagedSelector - Selector sun.nio.ch.EPollSelectorImpl@733114a8 waiting with 1 keys
01:46:19.539 [qtp961160488-15] DEBUG org.eclipse.jetty.io.ChannelEndPoint - filled 142 HeapByteBuffer@47ae9336[p=0,l=142,c=8192,r=142]={<<<GET /config.yml HTTP/1.1\r...gent: okhttp/3.12.3\r\n\r\n>>>(9.4.44.v...\x00\x00\x00\x00\x00\x00\x00}
01:46:19.539 [qtp961160488-15] DEBUG org.eclipse.jetty.server.HttpConnection - HttpConnection@6c8a464e::SocketChannelEndPoint@41e0b9ab{l=/127.0.0.1:46379,r=/127.0.0.1:45554,OPEN,fill=-,flush=-,to=0/3000}{io=0/0,kio=0,kro=1}->HttpConnection@6c8a464e[p=HttpParser{s=START,0 of -1},g=HttpGenerator@6581fedb{s=START}]=>HttpChannelOverHttp@77774b01{s=HttpChannelState@4c502c0d{s=IDLE rs=BLOCKING os=OPEN is=IDLE awp=false se=false i=true al=0},r=0,c=false/false,a=IDLE,uri=null,age=0} filled 142 HeapByteBuffer@47ae9336[p=0,l=142,c=8192,r=142]={<<<GET /config.yml HTTP/1.1\r...gent: okhttp/3.12.3\r\n\r\n>>>(9.4.44.v...\x00\x00\x00\x00\x00\x00\x00}
01:46:19.539 [qtp961160488-15] DEBUG org.eclipse.jetty.server.HttpConnection - HttpConnection@6c8a464e::SocketChannelEndPoint@41e0b9ab{l=/127.0.0.1:46379,r=/127.0.0.1:45554,OPEN,fill=-,flush=-,to=0/3000}{io=0/0,kio=0,kro=1}->HttpConnection@6c8a464e[p=HttpParser{s=START,0 of -1},g=HttpGenerator@6581fedb{s=START}]=>HttpChannelOverHttp@77774b01{s=HttpChannelState@4c502c0d{s=IDLE rs=BLOCKING os=OPEN is=IDLE awp=false se=false i=true al=0},r=0,c=false/false,a=IDLE,uri=null,age=0} parse HeapByteBuffer@47ae9336[p=0,l=142,c=8192,r=142]={<<<GET /config.yml HTTP/1.1\r...gent: okhttp/3.12.3\r\n\r\n>>>(9.4.44.v...\x00\x00\x00\x00\x00\x00\x00} {}
01:46:19.539 [qtp961160488-15] DEBUG org.eclipse.jetty.http.HttpParser - parseNext s=START HeapByteBuffer@47ae9336[p=0,l=142,c=8192,r=142]={<<<GET /config.yml HTTP/1.1\r...gent: okhttp/3.12.3\r\n\r\n>>>(9.4.44.v...\x00\x00\x00\x00\x00\x00\x00}
01:46:19.539 [qtp961160488-15] DEBUG org.eclipse.jetty.http.HttpParser - START --> SPACE1
01:46:19.539 [qtp961160488-15] DEBUG org.eclipse.jetty.http.HttpParser - SPACE1 --> URI
01:46:19.539 [qtp961160488-15] DEBUG org.eclipse.jetty.http.HttpParser - URI --> SPACE2
01:46:19.539 [qtp961160488-15] DEBUG org.eclipse.jetty.http.HttpParser - SPACE2 --> REQUEST_VERSION
01:46:19.539 [qtp961160488-15] DEBUG org.eclipse.jetty.http.HttpParser - REQUEST_VERSION --> HEADER
01:46:19.539 [qtp961160488-15] DEBUG org.eclipse.jetty.http.HttpParser - HEADER:If-None-Match --> VALUE
01:46:19.539 [qtp961160488-15] DEBUG org.eclipse.jetty.http.HttpParser - HEADER:If-None-Match --> FIELD
01:46:19.539 [qtp961160488-15] DEBUG org.eclipse.jetty.http.HttpParser - HEADER:Host --> VALUE
01:46:19.539 [qtp961160488-15] DEBUG org.eclipse.jetty.http.HttpParser - HEADER:Host --> IN_VALUE
01:46:19.539 [qtp961160488-15] DEBUG org.eclipse.jetty.http.HttpParser - HEADER:Host --> FIELD
01:46:19.540 [qtp961160488-15] DEBUG org.eclipse.jetty.http.HttpParser - HEADER:Connection: keep-alive --> IN_VALUE
01:46:19.540 [qtp961160488-15] DEBUG org.eclipse.jetty.http.HttpParser - HEADER:Connection: keep-alive --> FIELD
01:46:19.540 [qtp961160488-15] DEBUG org.eclipse.jetty.http.HttpParser - HEADER:Accept-Encoding: gzip --> IN_VALUE
01:46:19.540 [qtp961160488-15] DEBUG org.eclipse.jetty.http.HttpParser - HEADER:Accept-Encoding: gzip --> FIELD
01:46:19.540 [qtp961160488-15] DEBUG org.eclipse.jetty.http.HttpParser - HEADER:User-Agent --> VALUE
01:46:19.540 [qtp961160488-15] DEBUG org.eclipse.jetty.http.HttpParser - HEADER:User-Agent --> IN_VALUE
01:46:19.540 [qtp961160488-15] DEBUG org.eclipse.jetty.http.HttpParser - HEADER:User-Agent --> FIELD
01:46:19.540 [qtp961160488-15] DEBUG org.eclipse.jetty.http.HttpParser - HEADER --> CONTENT
01:46:19.540 [qtp961160488-15] DEBUG org.eclipse.jetty.server.HttpChannel - REQUEST for //localhost:46379/config.yml on HttpChannelOverHttp@77774b01{s=HttpChannelState@4c502c0d{s=IDLE rs=BLOCKING os=OPEN is=IDLE awp=false se=false i=true al=0},r=1,c=false/false,a=IDLE,uri=//localhost:46379/config.yml,age=0}
GET //localhost:46379/config.yml HTTP/1.1
If-None-Match: 
Host: localhost:46379
Connection: keep-alive
Accept-Encoding: gzip
User-Agent: okhttp/3.12.3


01:46:19.540 [qtp961160488-15] DEBUG org.eclipse.jetty.server.HttpConnection - HttpConnection@6c8a464e::SocketChannelEndPoint@41e0b9ab{l=/127.0.0.1:46379,r=/127.0.0.1:45554,OPEN,fill=-,flush=-,to=1/3000}{io=0/0,kio=0,kro=1}->HttpConnection@6c8a464e[p=HttpParser{s=CONTENT,0 of -1},g=HttpGenerator@6581fedb{s=START}]=>HttpChannelOverHttp@77774b01{s=HttpChannelState@4c502c0d{s=IDLE rs=BLOCKING os=OPEN is=IDLE awp=false se=false i=true al=0},r=1,c=false/false,a=IDLE,uri=//localhost:46379/config.yml,age=0} parsed true HttpParser{s=CONTENT,0 of -1}
01:46:19.540 [qtp961160488-15] DEBUG org.eclipse.jetty.server.HttpConnection - releaseRequestBuffer HttpConnection@6c8a464e::SocketChannelEndPoint@41e0b9ab{l=/127.0.0.1:46379,r=/127.0.0.1:45554,OPEN,fill=-,flush=-,to=1/3000}{io=0/0,kio=0,kro=1}->HttpConnection@6c8a464e[p=HttpParser{s=CONTENT,0 of -1},g=HttpGenerator@6581fedb{s=START}]=>HttpChannelOverHttp@77774b01{s=HttpChannelState@4c502c0d{s=IDLE rs=BLOCKING os=OPEN is=IDLE awp=false se=false i=true al=0},r=1,c=false/false,a=IDLE,uri=//localhost:46379/config.yml,age=0}
01:46:19.540 [qtp961160488-15] DEBUG org.eclipse.jetty.server.HttpChannel - handle //localhost:46379/config.yml HttpChannelOverHttp@77774b01{s=HttpChannelState@4c502c0d{s=IDLE rs=BLOCKING os=OPEN is=IDLE awp=false se=false i=true al=0},r=1,c=false/false,a=IDLE,uri=//localhost:46379/config.yml,age=0} 
01:46:19.540 [qtp961160488-15] DEBUG org.eclipse.jetty.server.HttpChannelState - handling HttpChannelState@4c502c0d{s=IDLE rs=BLOCKING os=OPEN is=IDLE awp=false se=false i=true al=0}
01:46:19.540 [qtp961160488-15] DEBUG org.eclipse.jetty.server.HttpChannel - action DISPATCH HttpChannelOverHttp@77774b01{s=HttpChannelState@4c502c0d{s=HANDLING rs=BLOCKING os=OPEN is=IDLE awp=false se=false i=true al=0},r=1,c=false/false,a=HANDLING,uri=//localhost:46379/config.yml,age=0}
01:46:19.540 [qtp961160488-15] DEBUG org.eclipse.jetty.server.Server - REQUEST GET /config.yml on HttpChannelOverHttp@77774b01{s=HttpChannelState@4c502c0d{s=HANDLING rs=BLOCKING os=OPEN is=IDLE awp=false se=false i=true al=0},r=1,c=false/false,a=HANDLING,uri=//localhost:46379/config.yml,age=0}
01:46:19.541 [qtp961160488-15] DEBUG org.eclipse.jetty.server.HttpOutput - write(array HeapByteBuffer@13dac9c3[p=0,l=4,c=512,r=4]={<<<path>>>\x00\x00\x00\x00\x00\x00\x00\x00\x00...\x00\x00\x00\x00\x00\x00\x00})
01:46:19.541 [qtp961160488-15] DEBUG org.eclipse.jetty.server.HttpOutput - write(array) s=CLOSING,api=BLOCKED,sc=false,e=null last=true agg=false flush=true async=false, len=4 null
01:46:19.541 [qtp961160488-15] DEBUG org.eclipse.jetty.server.HttpChannel - sendResponse info=null content=HeapByteBuffer@68351b44[p=0,l=4,c=512,r=4]={<<<path>>>\x00\x00\x00\x00\x00\x00\x00\x00\x00...\x00\x00\x00\x00\x00\x00\x00} complete=true committing=true callback=Blocker@26a3d8f4{null}
01:46:19.541 [qtp961160488-15] DEBUG org.eclipse.jetty.server.HttpChannel - COMMIT for /config.yml on HttpChannelOverHttp@77774b01{s=HttpChannelState@4c502c0d{s=HANDLING rs=BLOCKING os=COMMITTED is=IDLE awp=false se=false i=true al=0},r=1,c=false/false,a=HANDLING,uri=//localhost:46379/config.yml,age=1}
200 null HTTP/1.1
Date: Thu, 02 May 2024 00:46:19 GMT
ETag: testEtag
Content-Type: text/plain;charset=utf-8
Content-Length: 4


01:46:19.541 [qtp961160488-15] DEBUG org.eclipse.jetty.server.HttpConnection - generate: NEED_HEADER for SendCallback@1ad597d1[PROCESSING][i=HTTP/1.1{s=200,h=4,cl=4},cb=org.eclipse.jetty.server.HttpChannel$SendCallback@5f04d199] (null,[p=0,l=4,c=512,r=4],true)@START
01:46:19.541 [qtp961160488-15] DEBUG org.eclipse.jetty.http.HttpGenerator - generateHeaders HTTP/1.1{s=200,h=4,cl=4} last=true content=HeapByteBuffer@68351b44[p=0,l=4,c=512,r=4]={<<<path>>>\x00\x00\x00\x00\x00\x00\x00\x00\x00...\x00\x00\x00\x00\x00\x00\x00}
01:46:19.541 [qtp961160488-15] DEBUG org.eclipse.jetty.http.HttpGenerator - Date: Thu, 02 May 2024 00:46:19 GMT
ETag: testEtag
Content-Type: text/plain;charset=utf-8
Content-Length: 4


01:46:19.541 [qtp961160488-15] DEBUG org.eclipse.jetty.http.HttpGenerator - CONTENT_LENGTH
01:46:19.541 [qtp961160488-15] DEBUG org.eclipse.jetty.server.HttpConnection - generate: FLUSH for SendCallback@1ad597d1[PROCESSING][i=HTTP/1.1{s=200,h=4,cl=4},cb=org.eclipse.jetty.server.HttpChannel$SendCallback@5f04d199] ([p=0,l=164,c=8192,r=164],[p=0,l=4,c=512,r=4],true)@COMPLETING
01:46:19.541 [qtp961160488-15] DEBUG org.eclipse.jetty.io.WriteFlusher - write: WriteFlusher@1fab0e06{IDLE}->null [HeapByteBuffer@47ae9336[p=0,l=164,c=8192,r=164]={<<<HTTP/1.1 200 OK\r\nDate: Th...y(9.4.44.v20210927)\r\n\r\n>>>\x00\x00\x00\x00\x00\x00\x00\x00\x00...\x00\x00\x00\x00\x00\x00\x00},HeapByteBuffer@68351b44[p=0,l=4,c=512,r=4]={<<<path>>>\x00\x00\x00\x00\x00\x00\x00\x00\x00...\x00\x00\x00\x00\x00\x00\x00}]
01:46:19.541 [qtp961160488-15] DEBUG org.eclipse.jetty.io.WriteFlusher - update WriteFlusher@1fab0e06{WRITING}->null:IDLE-->WRITING
01:46:19.541 [qtp961160488-15] DEBUG org.eclipse.jetty.io.ChannelEndPoint - flushed 168 SocketChannelEndPoint@41e0b9ab{l=/127.0.0.1:46379,r=/127.0.0.1:45554,OPEN,fill=-,flush=W,to=2/3000}{io=0/0,kio=0,kro=1}->HttpConnection@6c8a464e[p=HttpParser{s=CONTENT,0 of -1},g=HttpGenerator@6581fedb{s=COMPLETING}]=>HttpChannelOverHttp@77774b01{s=HttpChannelState@4c502c0d{s=HANDLING rs=BLOCKING os=COMMITTED is=IDLE awp=false se=false i=true al=0},r=1,c=false/false,a=HANDLING,uri=//localhost:46379/config.yml,age=1}
01:46:19.541 [main] DEBUG org.apache.nifi.minifi.bootstrap.configuration.ingestors.PullHttpChangeIngestor - Response received: Response{protocol=http/1.1, code=200, message=OK, url=http://localhost:46379/config.yml}
01:46:19.541 [qtp961160488-15] DEBUG org.eclipse.jetty.io.WriteFlusher - Flushed=true written=168 remaining=0 WriteFlusher@1fab0e06{WRITING}->null
01:46:19.542 [qtp961160488-15] DEBUG org.eclipse.jetty.io.WriteFlusher - update WriteFlusher@1fab0e06{IDLE}->null:WRITING-->IDLE
01:46:19.542 [main] DEBUG org.apache.nifi.minifi.bootstrap.configuration.ingestors.PullHttpChangeIngestor - New change received, notifying listener
01:46:19.542 [qtp961160488-15] DEBUG org.eclipse.jetty.server.HttpConnection - generate: DONE for SendCallback@1ad597d1[PROCESSING][i=HTTP/1.1{s=200,h=4,cl=4},cb=org.eclipse.jetty.server.HttpChannel$SendCallback@5f04d199] ([p=164,l=164,c=8192,r=0],[p=4,l=4,c=512,r=0],true)@END
01:46:19.542 [main] DEBUG org.apache.nifi.minifi.bootstrap.configuration.ingestors.PullHttpChangeIngestor - Listeners notified
01:46:19.542 [qtp961160488-15] DEBUG org.eclipse.jetty.server.HttpOutput - onWriteComplete(true,null) s=CLOSING,api=BLOCKED,sc=false,e=null->s=CLOSED,api=BLOCKING,sc=false,e=null c=null cb=null w=false
01:46:19.542 [qtp961160488-15] DEBUG org.eclipse.jetty.server.HttpOutput - close() s=CLOSED,api=BLOCKING,sc=false,e=null c=null b=null
01:46:19.542 [qtp961160488-15] DEBUG org.eclipse.jetty.server.Server - handled=true async=false committed=true on HttpChannelOverHttp@77774b01{s=HttpChannelState@4c502c0d{s=HANDLING rs=BLOCKING os=COMPLETED is=IDLE awp=false se=false i=true al=0},r=1,c=false/true,a=HANDLING,uri=//localhost:46379/config.yml,age=2}
01:46:19.542 [main] DEBUG org.apache.nifi.minifi.bootstrap.configuration.ingestors.PullHttpChangeIngestor - Attempting to pull new config
01:46:19.542 [qtp961160488-15] DEBUG org.eclipse.jetty.server.HttpChannelState - unhandle HttpChannelState@4c502c0d{s=HANDLING rs=BLOCKING os=COMPLETED is=IDLE awp=false se=false i=true al=0}
01:46:19.542 [qtp961160488-15] DEBUG org.eclipse.jetty.server.HttpChannelState - nextAction(false) COMPLETE HttpChannelState@4c502c0d{s=HANDLING rs=COMPLETING os=COMPLETED is=IDLE awp=false se=false i=false al=0}
01:46:19.542 [qtp961160488-15] DEBUG org.eclipse.jetty.server.HttpChannel - action COMPLETE HttpChannelOverHttp@77774b01{s=HttpChannelState@4c502c0d{s=HANDLING rs=COMPLETING os=COMPLETED is=IDLE awp=false se=false i=false al=0},r=1,c=false/true,a=HANDLING,uri=//localhost:46379/config.yml,age=2}
01:46:19.542 [qtp961160488-15] DEBUG org.eclipse.jetty.server.HttpOutput - complete(org.eclipse.jetty.util.Callback$3@2777117f) s=CLOSED,api=BLOCKING,sc=false,e=null s=true e=null, c=null
01:46:19.542 [qtp961160488-15] DEBUG org.eclipse.jetty.server.HttpChannelState - completed HttpChannelState@4c502c0d{s=HANDLING rs=COMPLETING os=COMPLETED is=IDLE awp=false se=false i=false al=0}
01:46:19.542 [qtp961160488-15] DEBUG org.eclipse.jetty.server.HttpChannelState - unhandle HttpChannelState@4c502c0d{s=HANDLING rs=COMPLETED os=COMPLETED is=IDLE awp=false se=false i=false al=0}
01:46:19.542 [qtp961160488-15] DEBUG org.eclipse.jetty.server.HttpChannelState - nextAction(false) TERMINATED HttpChannelState@4c502c0d{s=IDLE rs=COMPLETED os=COMPLETED is=IDLE awp=false se=false i=false al=0}
01:46:19.542 [qtp961160488-15] DEBUG org.eclipse.jetty.server.HttpChannel - action TERMINATED HttpChannelOverHttp@77774b01{s=HttpChannelState@4c502c0d{s=IDLE rs=COMPLETED os=COMPLETED is=IDLE awp=false se=false i=false al=0},r=1,c=true/true,a=IDLE,uri=//localhost:46379/config.yml,age=2}
01:46:19.542 [qtp961160488-15] DEBUG org.eclipse.jetty.server.HttpChannel - onCompleted for /config.yml written=4
01:46:19.542 [qtp961160488-15] DEBUG org.eclipse.jetty.io.ChannelEndPoint - filled 152 HeapByteBuffer@47ae9336[p=0,l=152,c=8192,r=152]={<<<GET /config.yml HTTP/1.1\r...gent: okhttp/3.12.3\r\n\r\n>>>0210927)\r...\x00\x00\x00\x00\x00\x00\x00}
01:46:19.543 [qtp961160488-15] DEBUG org.eclipse.jetty.server.HttpConnection - HttpConnection@6c8a464e::SocketChannelEndPoint@41e0b9ab{l=/127.0.0.1:46379,r=/127.0.0.1:45554,OPEN,fill=-,flush=-,to=0/3000}{io=0/0,kio=0,kro=1}->HttpConnection@6c8a464e[p=HttpParser{s=CONTENT,0 of -1},g=HttpGenerator@6581fedb{s=END}]=>HttpChannelOverHttp@77774b01{s=HttpChannelState@4c502c0d{s=IDLE rs=COMPLETED os=COMPLETED is=IDLE awp=false se=false i=false al=0},r=1,c=true/true,a=IDLE,uri=//localhost:46379/config.yml,age=2} filled 152 HeapByteBuffer@47ae9336[p=0,l=152,c=8192,r=152]={<<<GET /config.yml HTTP/1.1\r...gent: okhttp/3.12.3\r\n\r\n>>>0210927)\r...\x00\x00\x00\x00\x00\x00\x00}
01:46:19.543 [qtp961160488-15] DEBUG org.eclipse.jetty.server.HttpConnection - HttpConnection@6c8a464e::SocketChannelEndPoint@41e0b9ab{l=/127.0.0.1:46379,r=/127.0.0.1:45554,OPEN,fill=-,flush=-,to=0/3000}{io=0/0,kio=0,kro=1}->HttpConnection@6c8a464e[p=HttpParser{s=CONTENT,0 of -1},g=HttpGenerator@6581fedb{s=END}]=>HttpChannelOverHttp@77774b01{s=HttpChannelState@4c502c0d{s=IDLE rs=COMPLETED os=COMPLETED is=IDLE awp=false se=false i=false al=0},r=1,c=true/true,a=IDLE,uri=//localhost:46379/config.yml,age=3} parse HeapByteBuffer@47ae9336[p=0,l=152,c=8192,r=152]={<<<GET /config.yml HTTP/1.1\r...gent: okhttp/3.12.3\r\n\r\n>>>0210927)\r...\x00\x00\x00\x00\x00\x00\x00} {}
01:46:19.543 [qtp961160488-15] DEBUG org.eclipse.jetty.http.HttpParser - parseNext s=CONTENT HeapByteBuffer@47ae9336[p=0,l=152,c=8192,r=152]={<<<GET /config.yml HTTP/1.1\r...gent: okhttp/3.12.3\r\n\r\n>>>0210927)\r...\x00\x00\x00\x00\x00\x00\x00}
01:46:19.543 [qtp961160488-15] DEBUG org.eclipse.jetty.http.HttpParser - CONTENT --> CONTENT_END
01:46:19.543 [qtp961160488-15] DEBUG org.eclipse.jetty.server.HttpChannel - onContentComplete HttpChannelOverHttp@77774b01{s=HttpChannelState@4c502c0d{s=IDLE rs=COMPLETED os=COMPLETED is=IDLE awp=false se=false i=false al=0},r=1,c=true/true,a=IDLE,uri=//localhost:46379/config.yml,age=3}
01:46:19.543 [qtp961160488-15] DEBUG org.eclipse.jetty.http.HttpParser - CONTENT_END --> END
01:46:19.543 [qtp961160488-15] DEBUG org.eclipse.jetty.server.HttpChannel - onRequestComplete HttpChannelOverHttp@77774b01{s=HttpChannelState@4c502c0d{s=IDLE rs=COMPLETED os=COMPLETED is=IDLE awp=false se=false i=false al=0},r=1,c=true/true,a=IDLE,uri=//localhost:46379/config.yml,age=3}
01:46:19.543 [qtp961160488-15] DEBUG org.eclipse.jetty.server.HttpInput - HttpInputOverHTTP@11aa715f[c=0,q=0,[0]=null,s=STREAM] addContent EOF
01:46:19.543 [qtp961160488-15] DEBUG org.eclipse.jetty.server.HttpConnection - HttpConnection@6c8a464e::SocketChannelEndPoint@41e0b9ab{l=/127.0.0.1:46379,r=/127.0.0.1:45554,OPEN,fill=-,flush=-,to=0/3000}{io=0/0,kio=0,kro=1}->HttpConnection@6c8a464e[p=HttpParser{s=END,0 of -1},g=HttpGenerator@6581fedb{s=END}]=>HttpChannelOverHttp@77774b01{s=HttpChannelState@4c502c0d{s=IDLE rs=COMPLETED os=COMPLETED is=IDLE awp=false se=false i=false al=0},r=1,c=true/true,a=IDLE,uri=//localhost:46379/config.yml,age=3} parsed false HttpParser{s=END,0 of -1}
01:46:19.543 [qtp961160488-15] DEBUG org.eclipse.jetty.server.HttpChannelState - recycle HttpChannelState@4c502c0d{s=IDLE rs=COMPLETED os=COMPLETED is=IDLE awp=false se=false i=false al=0}
01:46:19.543 [qtp961160488-15] DEBUG org.eclipse.jetty.http.HttpParser - reset HttpParser{s=END,0 of -1}
01:46:19.543 [qtp961160488-15] DEBUG org.eclipse.jetty.http.HttpParser - END --> START
01:46:19.544 [qtp961160488-15] DEBUG org.eclipse.jetty.server.HttpChannel - !handle TERMINATED HttpChannelOverHttp@77774b01{s=HttpChannelState@4c502c0d{s=IDLE rs=BLOCKING os=OPEN is=IDLE awp=false se=false i=true al=0},r=1,c=false/false,a=IDLE,uri=null,age=0}
01:46:19.544 [qtp961160488-15] DEBUG org.eclipse.jetty.server.HttpConnection - HttpConnection@6c8a464e::SocketChannelEndPoint@41e0b9ab{l=/127.0.0.1:46379,r=/127.0.0.1:45554,OPEN,fill=-,flush=-,to=1/3000}{io=0/0,kio=0,kro=1}->HttpConnection@6c8a464e[p=HttpParser{s=START,0 of -1},g=HttpGenerator@6581fedb{s=START}]=>HttpChannelOverHttp@77774b01{s=HttpChannelState@4c502c0d{s=IDLE rs=BLOCKING os=OPEN is=IDLE awp=false se=false i=true al=0},r=1,c=false/false,a=IDLE,uri=null,age=0} parse HeapByteBuffer@47ae9336[p=0,l=152,c=8192,r=152]={<<<GET /config.yml HTTP/1.1\r...gent: okhttp/3.12.3\r\n\r\n>>>0210927)\r...\x00\x00\x00\x00\x00\x00\x00} {}
01:46:19.544 [qtp961160488-15] DEBUG org.eclipse.jetty.http.HttpParser - parseNext s=START HeapByteBuffer@47ae9336[p=0,l=152,c=8192,r=152]={<<<GET /config.yml HTTP/1.1\r...gent: okhttp/3.12.3\r\n\r\n>>>0210927)\r...\x00\x00\x00\x00\x00\x00\x00}
01:46:19.544 [qtp961160488-15] DEBUG org.eclipse.jetty.http.HttpParser - START --> SPACE1
01:46:19.544 [qtp961160488-15] DEBUG org.eclipse.jetty.http.HttpParser - SPACE1 --> URI
01:46:19.544 [qtp961160488-15] DEBUG org.eclipse.jetty.http.HttpParser - URI --> SPACE2
01:46:19.544 [qtp961160488-15] DEBUG org.eclipse.jetty.http.HttpParser - SPACE2 --> REQUEST_VERSION
01:46:19.544 [qtp961160488-15] DEBUG org.eclipse.jetty.http.HttpParser - REQUEST_VERSION --> HEADER
01:46:19.544 [qtp961160488-15] DEBUG org.eclipse.jetty.http.HttpParser - HEADER:If-None-Match --> VALUE
01:46:19.544 [qtp961160488-15] DEBUG org.eclipse.jetty.http.HttpParser - HEADER:If-None-Match --> IN_VALUE
01:46:19.544 [qtp961160488-15] DEBUG org.eclipse.jetty.http.HttpParser - HEADER:If-None-Match --> FIELD
01:46:19.544 [qtp961160488-15] DEBUG org.eclipse.jetty.http.HttpParser - HEADER:Host: localhost:46379 --> IN_VALUE
01:46:19.544 [qtp961160488-15] DEBUG org.eclipse.jetty.http.HttpParser - HEADER:Host: localhost:46379 --> FIELD
01:46:19.544 [qtp961160488-15] DEBUG org.eclipse.jetty.http.HttpParser - HEADER:Connection: keep-alive --> IN_VALUE
01:46:19.544 [qtp961160488-15] DEBUG org.eclipse.jetty.http.HttpParser - HEADER:Connection: keep-alive --> FIELD
01:46:19.544 [qtp961160488-15] DEBUG org.eclipse.jetty.http.HttpParser - HEADER:Accept-Encoding: gzip --> IN_VALUE
01:46:19.544 [qtp961160488-15] DEBUG org.eclipse.jetty.http.HttpParser - HEADER:Accept-Encoding: gzip --> FIELD
01:46:19.544 [qtp961160488-15] DEBUG org.eclipse.jetty.http.HttpParser - HEADER:User-Agent: okhttp/3.12.3 --> IN_VALUE
01:46:19.544 [qtp961160488-15] DEBUG org.eclipse.jetty.http.HttpParser - HEADER:User-Agent: okhttp/3.12.3 --> FIELD
01:46:19.544 [qtp961160488-15] DEBUG org.eclipse.jetty.http.HttpParser - HEADER --> CONTENT
01:46:19.544 [qtp961160488-15] DEBUG org.eclipse.jetty.server.HttpChannel - REQUEST for //localhost:46379/config.yml on HttpChannelOverHttp@77774b01{s=HttpChannelState@4c502c0d{s=IDLE rs=BLOCKING os=OPEN is=IDLE awp=false se=false i=true al=0},r=2,c=false/false,a=IDLE,uri=//localhost:46379/config.yml,age=0}
GET //localhost:46379/config.yml HTTP/1.1
If-None-Match: "testEtag"
Host: localhost:46379
Connection: keep-alive
Accept-Encoding: gzip
User-Agent: okhttp/3.12.3


01:46:19.544 [qtp961160488-15] DEBUG org.eclipse.jetty.server.HttpConnection - HttpConnection@6c8a464e::SocketChannelEndPoint@41e0b9ab{l=/127.0.0.1:46379,r=/127.0.0.1:45554,OPEN,fill=-,flush=-,to=2/3000}{io=0/0,kio=0,kro=1}->HttpConnection@6c8a464e[p=HttpParser{s=CONTENT,0 of -1},g=HttpGenerator@6581fedb{s=START}]=>HttpChannelOverHttp@77774b01{s=HttpChannelState@4c502c0d{s=IDLE rs=BLOCKING os=OPEN is=IDLE awp=false se=false i=true al=0},r=2,c=false/false,a=IDLE,uri=//localhost:46379/config.yml,age=0} parsed true HttpParser{s=CONTENT,0 of -1}
01:46:19.545 [qtp961160488-15] DEBUG org.eclipse.jetty.server.HttpConnection - releaseRequestBuffer HttpConnection@6c8a464e::SocketChannelEndPoint@41e0b9ab{l=/127.0.0.1:46379,r=/127.0.0.1:45554,OPEN,fill=-,flush=-,to=2/3000}{io=0/0,kio=0,kro=1}->HttpConnection@6c8a464e[p=HttpParser{s=CONTENT,0 of -1},g=HttpGenerator@6581fedb{s=START}]=>HttpChannelOverHttp@77774b01{s=HttpChannelState@4c502c0d{s=IDLE rs=BLOCKING os=OPEN is=IDLE awp=false se=false i=true al=0},r=2,c=false/false,a=IDLE,uri=//localhost:46379/config.yml,age=1}
01:46:19.545 [qtp961160488-15] DEBUG org.eclipse.jetty.server.HttpChannel - handle //localhost:46379/config.yml HttpChannelOverHttp@77774b01{s=HttpChannelState@4c502c0d{s=IDLE rs=BLOCKING os=OPEN is=IDLE awp=false se=false i=true al=0},r=2,c=false/false,a=IDLE,uri=//localhost:46379/config.yml,age=1} 
01:46:19.545 [qtp961160488-15] DEBUG org.eclipse.jetty.server.HttpChannelState - handling HttpChannelState@4c502c0d{s=IDLE rs=BLOCKING os=OPEN is=IDLE awp=false se=false i=true al=0}
01:46:19.545 [qtp961160488-15] DEBUG org.eclipse.jetty.server.HttpChannel - action DISPATCH HttpChannelOverHttp@77774b01{s=HttpChannelState@4c502c0d{s=HANDLING rs=BLOCKING os=OPEN is=IDLE awp=false se=false i=true al=0},r=2,c=false/false,a=HANDLING,uri=//localhost:46379/config.yml,age=1}
01:46:19.545 [qtp961160488-15] DEBUG org.eclipse.jetty.server.Server - REQUEST GET /config.yml on HttpChannelOverHttp@77774b01{s=HttpChannelState@4c502c0d{s=HANDLING rs=BLOCKING os=OPEN is=IDLE awp=false se=false i=true al=0},r=2,c=false/false,a=HANDLING,uri=//localhost:46379/config.yml,age=1}
01:46:19.545 [qtp961160488-15] DEBUG org.eclipse.jetty.server.Server - handled=true async=false committed=false on HttpChannelOverHttp@77774b01{s=HttpChannelState@4c502c0d{s=HANDLING rs=BLOCKING os=OPEN is=IDLE awp=false se=false i=true al=0},r=2,c=false/false,a=HANDLING,uri=//localhost:46379/config.yml,age=1}
01:46:19.545 [qtp961160488-15] DEBUG org.eclipse.jetty.server.HttpChannelState - unhandle HttpChannelState@4c502c0d{s=HANDLING rs=BLOCKING os=OPEN is=IDLE awp=false se=false i=true al=0}
01:46:19.545 [qtp961160488-15] DEBUG org.eclipse.jetty.server.HttpChannelState - nextAction(false) COMPLETE HttpChannelState@4c502c0d{s=HANDLING rs=COMPLETING os=OPEN is=IDLE awp=false se=false i=false al=0}
01:46:19.545 [qtp961160488-15] DEBUG org.eclipse.jetty.server.HttpChannel - action COMPLETE HttpChannelOverHttp@77774b01{s=HttpChannelState@4c502c0d{s=HANDLING rs=COMPLETING os=OPEN is=IDLE awp=false se=false i=false al=0},r=2,c=false/false,a=HANDLING,uri=//localhost:46379/config.yml,age=1}
01:46:19.545 [qtp961160488-15] DEBUG org.eclipse.jetty.io.ChannelEndPoint - filled 0 HeapByteBuffer@47ae9336[p=0,l=0,c=8192,r=0]={<<<>>>GET /conf...\x00\x00\x00\x00\x00\x00\x00}
01:46:19.545 [qtp961160488-15] DEBUG org.eclipse.jetty.io.ChannelEndPoint - filled 0 HeapByteBuffer@47ae9336[p=0,l=0,c=8192,r=0]={<<<>>>GET /conf...\x00\x00\x00\x00\x00\x00\x00}
01:46:19.546 [qtp961160488-15] DEBUG org.eclipse.jetty.server.HttpConnection - HttpConnection@6c8a464e::SocketChannelEndPoint@41e0b9ab{l=/127.0.0.1:46379,r=/127.0.0.1:45554,OPEN,fill=-,flush=-,to=3/3000}{io=0/0,kio=0,kro=1}->HttpConnection@6c8a464e[p=HttpParser{s=CONTENT,0 of -1},g=HttpGenerator@6581fedb{s=START}]=>HttpChannelOverHttp@77774b01{s=HttpChannelState@4c502c0d{s=HANDLING rs=COMPLETING os=OPEN is=IDLE awp=false se=false i=false al=0},r=2,c=false/false,a=HANDLING,uri=//localhost:46379/config.yml,age=2} filled 0 HeapByteBuffer@47ae9336[p=0,l=0,c=8192,r=0]={<<<>>>GET /conf...\x00\x00\x00\x00\x00\x00\x00}
01:46:19.546 [qtp961160488-15] DEBUG org.eclipse.jetty.server.HttpConnection - HttpConnection@6c8a464e::SocketChannelEndPoint@41e0b9ab{l=/127.0.0.1:46379,r=/127.0.0.1:45554,OPEN,fill=-,flush=-,to=3/3000}{io=0/0,kio=0,kro=1}->HttpConnection@6c8a464e[p=HttpParser{s=CONTENT,0 of -1},g=HttpGenerator@6581fedb{s=START}]=>HttpChannelOverHttp@77774b01{s=HttpChannelState@4c502c0d{s=HANDLING rs=COMPLETING os=OPEN is=IDLE awp=false se=false i=false al=0},r=2,c=false/false,a=HANDLING,uri=//localhost:46379/config.yml,age=2} parse HeapByteBuffer@47ae9336[p=0,l=0,c=8192,r=0]={<<<>>>GET /conf...\x00\x00\x00\x00\x00\x00\x00} {}
01:46:19.546 [qtp961160488-15] DEBUG org.eclipse.jetty.http.HttpParser - parseNext s=CONTENT HeapByteBuffer@47ae9336[p=0,l=0,c=8192,r=0]={<<<>>>GET /conf...\x00\x00\x00\x00\x00\x00\x00}
01:46:19.546 [qtp961160488-15] DEBUG org.eclipse.jetty.http.HttpParser - CONTENT --> CONTENT_END
01:46:19.546 [qtp961160488-15] DEBUG org.eclipse.jetty.server.HttpChannel - onContentComplete HttpChannelOverHttp@77774b01{s=HttpChannelState@4c502c0d{s=HANDLING rs=COMPLETING os=OPEN is=IDLE awp=false se=false i=false al=0},r=2,c=false/false,a=HANDLING,uri=//localhost:46379/config.yml,age=2}
01:46:19.546 [qtp961160488-15] DEBUG org.eclipse.jetty.http.HttpParser - CONTENT_END --> END
01:46:19.546 [qtp961160488-15] DEBUG org.eclipse.jetty.server.HttpChannel - onRequestComplete HttpChannelOverHttp@77774b01{s=HttpChannelState@4c502c0d{s=HANDLING rs=COMPLETING os=OPEN is=IDLE awp=false se=false i=false al=0},r=2,c=false/false,a=HANDLING,uri=//localhost:46379/config.yml,age=2}
01:46:19.546 [qtp961160488-15] DEBUG org.eclipse.jetty.server.HttpInput - HttpInputOverHTTP@11aa715f[c=0,q=0,[0]=null,s=STREAM] addContent EOF
01:46:19.546 [qtp961160488-15] DEBUG org.eclipse.jetty.server.HttpConnection - HttpConnection@6c8a464e::SocketChannelEndPoint@41e0b9ab{l=/127.0.0.1:46379,r=/127.0.0.1:45554,OPEN,fill=-,flush=-,to=3/3000}{io=0/0,kio=0,kro=1}->HttpConnection@6c8a464e[p=HttpParser{s=END,0 of -1},g=HttpGenerator@6581fedb{s=START}]=>HttpChannelOverHttp@77774b01{s=HttpChannelState@4c502c0d{s=HANDLING rs=COMPLETING os=OPEN is=IDLE awp=false se=false i=false al=0},r=2,c=false/false,a=HANDLING,uri=//localhost:46379/config.yml,age=2} parsed false HttpParser{s=END,0 of -1}
01:46:19.546 [qtp961160488-15] DEBUG org.eclipse.jetty.server.HttpConnection - releaseRequestBuffer HttpConnection@6c8a464e::SocketChannelEndPoint@41e0b9ab{l=/127.0.0.1:46379,r=/127.0.0.1:45554,OPEN,fill=-,flush=-,to=3/3000}{io=0/0,kio=0,kro=1}->HttpConnection@6c8a464e[p=HttpParser{s=END,0 of -1},g=HttpGenerator@6581fedb{s=START}]=>HttpChannelOverHttp@77774b01{s=HttpChannelState@4c502c0d{s=HANDLING rs=COMPLETING os=OPEN is=IDLE awp=false se=false i=false al=0},r=2,c=false/false,a=HANDLING,uri=//localhost:46379/config.yml,age=2}
01:46:19.546 [qtp961160488-15] DEBUG org.eclipse.jetty.server.HttpOutput - complete(org.eclipse.jetty.util.Callback$3@685be2ea) s=CLOSING,api=BLOCKED,sc=false,e=null s=false e=null, c=HeapByteBuffer@98da274[p=0,l=0,c=0,r=0]={<<<>>>}
01:46:19.546 [qtp961160488-15] DEBUG org.eclipse.jetty.server.HttpChannel - sendResponse info=null content=HeapByteBuffer@98da274[p=0,l=0,c=0,r=0]={<<<>>>} complete=true committing=true callback=org.eclipse.jetty.server.HttpOutput$WriteCompleteCB@2fc70ad9
01:46:19.547 [qtp961160488-15] DEBUG org.eclipse.jetty.server.HttpChannel - COMMIT for /config.yml on HttpChannelOverHttp@77774b01{s=HttpChannelState@4c502c0d{s=HANDLING rs=COMPLETING os=COMMITTED is=IDLE awp=false se=false i=false al=0},r=2,c=false/false,a=HANDLING,uri=//localhost:46379/config.yml,age=3}
304 null HTTP/1.1
Date: Thu, 02 May 2024 00:46:19 GMT
ETag: testEtag


01:46:19.547 [qtp961160488-15] DEBUG org.eclipse.jetty.server.HttpConnection - generate: NEED_HEADER for SendCallback@1ad597d1[PROCESSING][i=HTTP/1.1{s=304,h=2,cl=-1},cb=org.eclipse.jetty.server.HttpChannel$SendCallback@30241ab7] (null,[p=0,l=0,c=0,r=0],true)@START
01:46:19.547 [qtp961160488-15] DEBUG org.eclipse.jetty.http.HttpGenerator - generateHeaders HTTP/1.1{s=304,h=2,cl=-1} last=true content=HeapByteBuffer@98da274[p=0,l=0,c=0,r=0]={<<<>>>}
01:46:19.547 [qtp961160488-15] DEBUG org.eclipse.jetty.http.HttpGenerator - Date: Thu, 02 May 2024 00:46:19 GMT
ETag: testEtag


01:46:19.547 [qtp961160488-15] DEBUG org.eclipse.jetty.http.HttpGenerator - NO_CONTENT
01:46:19.547 [qtp961160488-15] DEBUG org.eclipse.jetty.server.HttpConnection - generate: FLUSH for SendCallback@1ad597d1[PROCESSING][i=HTTP/1.1{s=304,h=2,cl=-1},cb=org.eclipse.jetty.server.HttpChannel$SendCallback@30241ab7] ([p=0,l=115,c=8192,r=115],[p=0,l=0,c=0,r=0],true)@COMPLETING
01:46:19.547 [qtp961160488-15] DEBUG org.eclipse.jetty.io.WriteFlusher - write: WriteFlusher@1fab0e06{IDLE}->null [HeapByteBuffer@47ae9336[p=0,l=115,c=8192,r=115]={<<<HTTP/1.1 304 Not Modified...y(9.4.44.v20210927)\r\n\r\n>>>: gzip\r\nU...\x00\x00\x00\x00\x00\x00\x00}]
01:46:19.547 [qtp961160488-15] DEBUG org.eclipse.jetty.io.WriteFlusher - update WriteFlusher@1fab0e06{WRITING}->null:IDLE-->WRITING
01:46:19.547 [main] DEBUG org.apache.nifi.minifi.bootstrap.configuration.ingestors.PullHttpChangeIngestor - Response received: Response{protocol=http/1.1, code=304, message=Not Modified, url=http://localhost:46379/config.yml}
]]></system-out>
  </testcase>
  <testcase name="testSecurityOverride" classname="org.apache.nifi.minifi.bootstrap.configuration.ingestors.PullHttpChangeIngestorTest" time="0.172">
    <system-out><![CDATA[01:46:19.558 [qtp961160488-15] DEBUG org.eclipse.jetty.io.ChannelEndPoint - flushed 115 SocketChannelEndPoint@41e0b9ab{l=/127.0.0.1:46379,r=/127.0.0.1:45554,OPEN,fill=-,flush=W,to=4/3000}{io=0/0,kio=0,kro=1}->HttpConnection@6c8a464e[p=HttpParser{s=END,0 of -1},g=HttpGenerator@6581fedb{s=COMPLETING}]=>HttpChannelOverHttp@77774b01{s=HttpChannelState@4c502c0d{s=HANDLING rs=COMPLETING os=COMMITTED is=IDLE awp=false se=false i=false al=0},r=2,c=false/false,a=HANDLING,uri=//localhost:46379/config.yml,age=3}
01:46:19.558 [qtp961160488-15] DEBUG org.eclipse.jetty.io.WriteFlusher - Flushed=true written=115 remaining=0 WriteFlusher@1fab0e06{WRITING}->null
01:46:19.558 [qtp961160488-15] DEBUG org.eclipse.jetty.io.WriteFlusher - update WriteFlusher@1fab0e06{IDLE}->null:WRITING-->IDLE
01:46:19.558 [qtp961160488-15] DEBUG org.eclipse.jetty.server.HttpConnection - generate: DONE for SendCallback@1ad597d1[PROCESSING][i=HTTP/1.1{s=304,h=2,cl=-1},cb=org.eclipse.jetty.server.HttpChannel$SendCallback@30241ab7] ([p=115,l=115,c=8192,r=0],[p=0,l=0,c=0,r=0],true)@END
01:46:19.558 [qtp961160488-15] DEBUG org.eclipse.jetty.server.HttpOutput - onWriteComplete(true,null) s=CLOSING,api=BLOCKED,sc=false,e=null->s=CLOSED,api=BLOCKING,sc=false,e=null c=null cb=org.eclipse.jetty.util.Callback$3@685be2ea w=false
01:46:19.558 [qtp961160488-15] DEBUG org.eclipse.jetty.server.HttpChannelState - completed HttpChannelState@4c502c0d{s=HANDLING rs=COMPLETING os=COMPLETED is=IDLE awp=false se=false i=false al=0}
01:46:19.558 [qtp961160488-15] DEBUG org.eclipse.jetty.server.HttpChannelState - unhandle HttpChannelState@4c502c0d{s=HANDLING rs=COMPLETED os=COMPLETED is=IDLE awp=false se=false i=false al=0}
01:46:19.558 [qtp961160488-15] DEBUG org.eclipse.jetty.server.HttpChannelState - nextAction(false) TERMINATED HttpChannelState@4c502c0d{s=IDLE rs=COMPLETED os=COMPLETED is=IDLE awp=false se=false i=false al=0}
01:46:19.558 [qtp961160488-15] DEBUG org.eclipse.jetty.server.HttpChannel - action TERMINATED HttpChannelOverHttp@77774b01{s=HttpChannelState@4c502c0d{s=IDLE rs=COMPLETED os=COMPLETED is=IDLE awp=false se=false i=false al=0},r=2,c=true/true,a=IDLE,uri=//localhost:46379/config.yml,age=14}
01:46:19.558 [qtp961160488-15] DEBUG org.eclipse.jetty.server.HttpChannel - onCompleted for /config.yml written=0
01:46:19.558 [qtp961160488-15] DEBUG org.eclipse.jetty.server.HttpChannelState - recycle HttpChannelState@4c502c0d{s=IDLE rs=COMPLETED os=COMPLETED is=IDLE awp=false se=false i=false al=0}
01:46:19.559 [qtp961160488-15] DEBUG org.eclipse.jetty.http.HttpParser - reset HttpParser{s=END,0 of -1}
01:46:19.559 [qtp961160488-15] DEBUG org.eclipse.jetty.http.HttpParser - END --> START
01:46:19.559 [main] DEBUG org.apache.nifi.minifi.bootstrap.configuration.ingestors.PullHttpChangeIngestor - Attempting to pull new config
01:46:19.559 [qtp961160488-15] DEBUG org.eclipse.jetty.server.HttpChannel - !handle TERMINATED HttpChannelOverHttp@77774b01{s=HttpChannelState@4c502c0d{s=IDLE rs=BLOCKING os=OPEN is=IDLE awp=false se=false i=true al=0},r=2,c=false/false,a=IDLE,uri=null,age=0}
01:46:19.559 [qtp961160488-15] DEBUG org.eclipse.jetty.io.ChannelEndPoint - filled 0 HeapByteBuffer@47ae9336[p=0,l=0,c=8192,r=0]={<<<>>>HTTP/1.1 ...\x00\x00\x00\x00\x00\x00\x00}
01:46:19.559 [qtp961160488-15] DEBUG org.eclipse.jetty.io.ChannelEndPoint - filled 0 HeapByteBuffer@47ae9336[p=0,l=0,c=8192,r=0]={<<<>>>HTTP/1.1 ...\x00\x00\x00\x00\x00\x00\x00}
01:46:19.559 [qtp961160488-15] DEBUG org.eclipse.jetty.server.HttpConnection - HttpConnection@6c8a464e::SocketChannelEndPoint@41e0b9ab{l=/127.0.0.1:46379,r=/127.0.0.1:45554,OPEN,fill=-,flush=-,to=0/3000}{io=0/0,kio=0,kro=1}->HttpConnection@6c8a464e[p=HttpParser{s=START,0 of -1},g=HttpGenerator@6581fedb{s=START}]=>HttpChannelOverHttp@77774b01{s=HttpChannelState@4c502c0d{s=IDLE rs=BLOCKING os=OPEN is=IDLE awp=false se=false i=true al=0},r=2,c=false/false,a=IDLE,uri=null,age=0} filled 0 HeapByteBuffer@47ae9336[p=0,l=0,c=8192,r=0]={<<<>>>HTTP/1.1 ...\x00\x00\x00\x00\x00\x00\x00}
01:46:19.559 [qtp961160488-15] DEBUG org.eclipse.jetty.server.HttpConnection - HttpConnection@6c8a464e::SocketChannelEndPoint@41e0b9ab{l=/127.0.0.1:46379,r=/127.0.0.1:45554,OPEN,fill=-,flush=-,to=1/3000}{io=0/0,kio=0,kro=1}->HttpConnection@6c8a464e[p=HttpParser{s=START,0 of -1},g=HttpGenerator@6581fedb{s=START}]=>HttpChannelOverHttp@77774b01{s=HttpChannelState@4c502c0d{s=IDLE rs=BLOCKING os=OPEN is=IDLE awp=false se=false i=true al=0},r=2,c=false/false,a=IDLE,uri=null,age=0} parse HeapByteBuffer@47ae9336[p=0,l=0,c=8192,r=0]={<<<>>>HTTP/1.1 ...\x00\x00\x00\x00\x00\x00\x00} {}
01:46:19.559 [qtp961160488-15] DEBUG org.eclipse.jetty.http.HttpParser - parseNext s=START HeapByteBuffer@47ae9336[p=0,l=0,c=8192,r=0]={<<<>>>HTTP/1.1 ...\x00\x00\x00\x00\x00\x00\x00}
01:46:19.559 [qtp961160488-20-acceptor-0@1e1a0406-ServerConnector@446293d{HTTP/1.1, (http/1.1)}{localhost:46379}] DEBUG org.eclipse.jetty.io.ManagedSelector - Queued change lazy=false Accept@4b473cf5[java.nio.channels.SocketChannel[connected local=/127.0.0.1:46379 remote=/127.0.0.1:45560]] on ManagedSelector@4803b726{STARTED} id=1 keys=1 selected=0 updates=0
01:46:19.559 [qtp961160488-20-acceptor-0@1e1a0406-ServerConnector@446293d{HTTP/1.1, (http/1.1)}{localhost:46379}] DEBUG org.eclipse.jetty.io.ManagedSelector - Wakeup on submit ManagedSelector@4803b726{STARTED} id=1 keys=1 selected=0 updates=1
01:46:19.559 [qtp961160488-15] DEBUG org.eclipse.jetty.server.HttpConnection - HttpConnection@6c8a464e::SocketChannelEndPoint@41e0b9ab{l=/127.0.0.1:46379,r=/127.0.0.1:45554,OPEN,fill=-,flush=-,to=1/3000}{io=0/0,kio=0,kro=1}->HttpConnection@6c8a464e[p=HttpParser{s=START,0 of -1},g=HttpGenerator@6581fedb{s=START}]=>HttpChannelOverHttp@77774b01{s=HttpChannelState@4c502c0d{s=IDLE rs=BLOCKING os=OPEN is=IDLE awp=false se=false i=true al=0},r=2,c=false/false,a=IDLE,uri=null,age=0} parsed false HttpParser{s=START,0 of -1}
01:46:19.559 [qtp961160488-16] DEBUG org.eclipse.jetty.io.ManagedSelector - Selector sun.nio.ch.EPollSelectorImpl@11cfe143 woken with none selected
01:46:19.559 [qtp961160488-16] DEBUG org.eclipse.jetty.io.ManagedSelector - Selector sun.nio.ch.EPollSelectorImpl@11cfe143 woken up from select, 0/0/1 selected
01:46:19.559 [qtp961160488-16] DEBUG org.eclipse.jetty.io.ManagedSelector - Selector sun.nio.ch.EPollSelectorImpl@11cfe143 processing 0 keys, 1 updates
01:46:19.559 [qtp961160488-16] DEBUG org.eclipse.jetty.io.ManagedSelector - updateable 1
01:46:19.559 [qtp961160488-16] DEBUG org.eclipse.jetty.io.ManagedSelector - update Accept@4b473cf5[java.nio.channels.SocketChannel[connected local=/127.0.0.1:46379 remote=/127.0.0.1:45560]]
01:46:19.559 [qtp961160488-15] DEBUG org.eclipse.jetty.server.HttpConnection - releaseRequestBuffer HttpConnection@6c8a464e::SocketChannelEndPoint@41e0b9ab{l=/127.0.0.1:46379,r=/127.0.0.1:45554,OPEN,fill=-,flush=-,to=1/3000}{io=0/0,kio=0,kro=1}->HttpConnection@6c8a464e[p=HttpParser{s=START,0 of -1},g=HttpGenerator@6581fedb{s=START}]=>HttpChannelOverHttp@77774b01{s=HttpChannelState@4c502c0d{s=IDLE rs=BLOCKING os=OPEN is=IDLE awp=false se=false i=true al=0},r=2,c=false/false,a=IDLE,uri=null,age=0}
01:46:19.559 [qtp961160488-16] DEBUG org.eclipse.jetty.util.thread.QueuedThreadPool - queue Accept@4b473cf5[java.nio.channels.SocketChannel[connected local=/127.0.0.1:46379 remote=/127.0.0.1:45560]] startThread=0
01:46:19.559 [qtp961160488-16] DEBUG org.eclipse.jetty.io.ManagedSelector - updates 0
01:46:19.559 [qtp961160488-16] DEBUG org.eclipse.jetty.io.ManagedSelector - Selector sun.nio.ch.EPollSelectorImpl@11cfe143 waiting with 2 keys
01:46:19.560 [qtp961160488-19] DEBUG org.eclipse.jetty.util.thread.QueuedThreadPool - run Accept@4b473cf5[java.nio.channels.SocketChannel[connected local=/127.0.0.1:46379 remote=/127.0.0.1:45560]] in QueuedThreadPool[qtp961160488]@394a2528{STARTED,8<=8<=200,i=0,r=-1,q=0}[ReservedThreadExecutor@383bfa16{reserved=1/8,pending=0}]
01:46:19.560 [qtp961160488-15] DEBUG org.eclipse.jetty.io.AbstractConnection - fillInterested HttpConnection@6c8a464e::SocketChannelEndPoint@41e0b9ab{l=/127.0.0.1:46379,r=/127.0.0.1:45554,OPEN,fill=-,flush=-,to=1/3000}{io=0/0,kio=0,kro=1}->HttpConnection@6c8a464e[p=HttpParser{s=START,0 of -1},g=HttpGenerator@6581fedb{s=START}]=>HttpChannelOverHttp@77774b01{s=HttpChannelState@4c502c0d{s=IDLE rs=BLOCKING os=OPEN is=IDLE awp=false se=false i=true al=0},r=2,c=false/false,a=IDLE,uri=null,age=0}
01:46:19.560 [qtp961160488-19] DEBUG org.eclipse.jetty.io.IdleTimeout - SocketChannelEndPoint@22117f30{l=/127.0.0.1:46379,r=/127.0.0.1:45560,OPEN,fill=-,flush=-,to=0/3000}{io=0/0,kio=0,kro=0}-><null> idle timeout check, elapsed: 0 ms, remaining: 3000 ms
01:46:19.560 [qtp961160488-15] DEBUG org.eclipse.jetty.io.FillInterest - interested FillInterest@287c8622{AC.ReadCB@6c8a464e{HttpConnection@6c8a464e::SocketChannelEndPoint@41e0b9ab{l=/127.0.0.1:46379,r=/127.0.0.1:45554,OPEN,fill=FI,flush=-,to=0/3000}{io=0/0,kio=0,kro=1}->HttpConnection@6c8a464e[p=HttpParser{s=START,0 of -1},g=HttpGenerator@6581fedb{s=START}]=>HttpChannelOverHttp@77774b01{s=HttpChannelState@4c502c0d{s=IDLE rs=BLOCKING os=OPEN is=IDLE awp=false se=false i=true al=0},r=2,c=false/false,a=IDLE,uri=null,age=0}}}
01:46:19.560 [qtp961160488-19] DEBUG org.eclipse.jetty.server.HttpChannel - new HttpChannelOverHttp@480c2a8f{s=HttpChannelState@40df83a{s=IDLE rs=BLOCKING os=OPEN is=IDLE awp=false se=false i=true al=0},r=0,c=false/false,a=IDLE,uri=null,age=0} -> SocketChannelEndPoint@22117f30{l=/127.0.0.1:46379,r=/127.0.0.1:45560,OPEN,fill=-,flush=-,to=0/3000}{io=0/0,kio=0,kro=0}-><null>,null,HttpChannelState@40df83a{s=IDLE rs=BLOCKING os=OPEN is=IDLE awp=false se=false i=true al=0}
01:46:19.560 [qtp961160488-15] DEBUG org.eclipse.jetty.io.ChannelEndPoint - changeInterests p=false 0->1 for SocketChannelEndPoint@41e0b9ab{l=/127.0.0.1:46379,r=/127.0.0.1:45554,OPEN,fill=FI,flush=-,to=0/3000}{io=0/1,kio=0,kro=1}->HttpConnection@6c8a464e[p=HttpParser{s=START,0 of -1},g=HttpGenerator@6581fedb{s=START}]=>HttpChannelOverHttp@77774b01{s=HttpChannelState@4c502c0d{s=IDLE rs=BLOCKING os=OPEN is=IDLE awp=false se=false i=true al=0},r=2,c=false/false,a=IDLE,uri=null,age=0}
01:46:19.560 [qtp961160488-15] DEBUG org.eclipse.jetty.io.ManagedSelector - Queued change lazy=false org.eclipse.jetty.io.ChannelEndPoint$$Lambda$255/981852870@16fa1d55 on ManagedSelector@194bcebf{STARTED} id=0 keys=1 selected=0 updates=0
01:46:19.560 [qtp961160488-19] DEBUG org.eclipse.jetty.server.HttpConnection - New HTTP Connection HttpConnection@425b5d5b::SocketChannelEndPoint@22117f30{l=/127.0.0.1:46379,r=/127.0.0.1:45560,OPEN,fill=-,flush=-,to=0/3000}{io=0/0,kio=0,kro=0}-><null>
01:46:19.560 [qtp961160488-15] DEBUG org.eclipse.jetty.io.ManagedSelector - Wakeup on submit ManagedSelector@194bcebf{STARTED} id=0 keys=1 selected=0 updates=1
01:46:19.560 [qtp961160488-19] DEBUG org.eclipse.jetty.io.ManagedSelector - Queued change lazy=true org.eclipse.jetty.io.ManagedSelector$$Lambda$258/102804084@6b1a42df on ManagedSelector@4803b726{STARTED} id=1 keys=2 selected=0 updates=0
01:46:19.560 [qtp961160488-19] DEBUG org.eclipse.jetty.io.AbstractEndPoint - onOpen SocketChannelEndPoint@22117f30{l=/127.0.0.1:46379,r=/127.0.0.1:45560,OPEN,fill=-,flush=-,to=0/3000}{io=0/0,kio=0,kro=0}->HttpConnection@425b5d5b[p=HttpParser{s=START,0 of -1},g=HttpGenerator@426b5561{s=START}]=>HttpChannelOverHttp@480c2a8f{s=HttpChannelState@40df83a{s=IDLE rs=BLOCKING os=OPEN is=IDLE awp=false se=false i=true al=0},r=0,c=false/false,a=IDLE,uri=null,age=0}
01:46:19.560 [qtp961160488-17] DEBUG org.eclipse.jetty.io.ManagedSelector - Selector sun.nio.ch.EPollSelectorImpl@733114a8 woken with none selected
01:46:19.560 [qtp961160488-17] DEBUG org.eclipse.jetty.io.ManagedSelector - Selector sun.nio.ch.EPollSelectorImpl@733114a8 woken up from select, 0/0/1 selected
01:46:19.560 [qtp961160488-17] DEBUG org.eclipse.jetty.io.ManagedSelector - Selector sun.nio.ch.EPollSelectorImpl@733114a8 processing 0 keys, 1 updates
01:46:19.560 [qtp961160488-17] DEBUG org.eclipse.jetty.io.ManagedSelector - updateable 1
01:46:19.560 [qtp961160488-17] DEBUG org.eclipse.jetty.io.ManagedSelector - update org.eclipse.jetty.io.ChannelEndPoint$$Lambda$255/981852870@16fa1d55
01:46:19.560 [qtp961160488-19] DEBUG org.eclipse.jetty.io.AbstractConnection - onOpen HttpConnection@425b5d5b::SocketChannelEndPoint@22117f30{l=/127.0.0.1:46379,r=/127.0.0.1:45560,OPEN,fill=-,flush=-,to=0/3000}{io=0/0,kio=0,kro=0}->HttpConnection@425b5d5b[p=HttpParser{s=START,0 of -1},g=HttpGenerator@426b5561{s=START}]=>HttpChannelOverHttp@480c2a8f{s=HttpChannelState@40df83a{s=IDLE rs=BLOCKING os=OPEN is=IDLE awp=false se=false i=true al=0},r=0,c=false/false,a=IDLE,uri=null,age=0}
01:46:19.560 [qtp961160488-17] DEBUG org.eclipse.jetty.io.ChannelEndPoint - Key interests updated 0 -> 1 on SocketChannelEndPoint@41e0b9ab{l=/127.0.0.1:46379,r=/127.0.0.1:45554,OPEN,fill=FI,flush=-,to=0/3000}{io=1/1,kio=1,kro=1}->HttpConnection@6c8a464e[p=HttpParser{s=START,0 of -1},g=HttpGenerator@6581fedb{s=START}]=>HttpChannelOverHttp@77774b01{s=HttpChannelState@4c502c0d{s=IDLE rs=BLOCKING os=OPEN is=IDLE awp=false se=false i=true al=0},r=2,c=false/false,a=IDLE,uri=null,age=0}
01:46:19.560 [qtp961160488-17] DEBUG org.eclipse.jetty.io.ManagedSelector - updates 0
01:46:19.560 [qtp961160488-19] DEBUG org.eclipse.jetty.io.AbstractConnection - fillInterested HttpConnection@425b5d5b::SocketChannelEndPoint@22117f30{l=/127.0.0.1:46379,r=/127.0.0.1:45560,OPEN,fill=-,flush=-,to=0/3000}{io=0/0,kio=0,kro=0}->HttpConnection@425b5d5b[p=HttpParser{s=START,0 of -1},g=HttpGenerator@426b5561{s=START}]=>HttpChannelOverHttp@480c2a8f{s=HttpChannelState@40df83a{s=IDLE rs=BLOCKING os=OPEN is=IDLE awp=false se=false i=true al=0},r=0,c=false/false,a=IDLE,uri=null,age=0}
01:46:19.560 [qtp961160488-17] DEBUG org.eclipse.jetty.io.ManagedSelector - Selector sun.nio.ch.EPollSelectorImpl@733114a8 waiting with 1 keys
01:46:19.561 [qtp961160488-19] DEBUG org.eclipse.jetty.io.FillInterest - interested FillInterest@29cca93e{AC.ReadCB@425b5d5b{HttpConnection@425b5d5b::SocketChannelEndPoint@22117f30{l=/127.0.0.1:46379,r=/127.0.0.1:45560,OPEN,fill=FI,flush=-,to=0/3000}{io=0/0,kio=0,kro=0}->HttpConnection@425b5d5b[p=HttpParser{s=START,0 of -1},g=HttpGenerator@426b5561{s=START}]=>HttpChannelOverHttp@480c2a8f{s=HttpChannelState@40df83a{s=IDLE rs=BLOCKING os=OPEN is=IDLE awp=false se=false i=true al=0},r=0,c=false/false,a=IDLE,uri=null,age=0}}}
01:46:19.561 [qtp961160488-15] DEBUG org.eclipse.jetty.server.HttpConnection - HttpConnection@6c8a464e::SocketChannelEndPoint@41e0b9ab{l=/127.0.0.1:46379,r=/127.0.0.1:45554,OPEN,fill=FI,flush=-,to=0/3000}{io=1/1,kio=1,kro=1}->HttpConnection@6c8a464e[p=HttpParser{s=START,0 of -1},g=HttpGenerator@6581fedb{s=START}]=>HttpChannelOverHttp@77774b01{s=HttpChannelState@4c502c0d{s=IDLE rs=BLOCKING os=OPEN is=IDLE awp=false se=false i=true al=0},r=2,c=false/false,a=IDLE,uri=null,age=0} onFillable exit HttpChannelState@4c502c0d{s=IDLE rs=BLOCKING os=OPEN is=IDLE awp=false se=false i=true al=0} null
01:46:19.561 [qtp961160488-15] DEBUG org.eclipse.jetty.util.thread.QueuedThreadPool - ran org.eclipse.jetty.io.ManagedSelector$$Lambda$253/838473569@957e06 in QueuedThreadPool[qtp961160488]@394a2528{STARTED,8<=8<=200,i=0,r=-1,q=0}[ReservedThreadExecutor@383bfa16{reserved=1/8,pending=0}]
01:46:19.561 [qtp961160488-19] DEBUG org.eclipse.jetty.io.ChannelEndPoint - changeInterests p=false 0->1 for SocketChannelEndPoint@22117f30{l=/127.0.0.1:46379,r=/127.0.0.1:45560,OPEN,fill=FI,flush=-,to=0/3000}{io=0/1,kio=0,kro=0}->HttpConnection@425b5d5b[p=HttpParser{s=START,0 of -1},g=HttpGenerator@426b5561{s=START}]=>HttpChannelOverHttp@480c2a8f{s=HttpChannelState@40df83a{s=IDLE rs=BLOCKING os=OPEN is=IDLE awp=false se=false i=true al=0},r=0,c=false/false,a=IDLE,uri=null,age=0}
01:46:19.561 [qtp961160488-19] DEBUG org.eclipse.jetty.io.ManagedSelector - Queued change lazy=false org.eclipse.jetty.io.ChannelEndPoint$$Lambda$255/981852870@31e588d9 on ManagedSelector@4803b726{STARTED} id=1 keys=2 selected=0 updates=1
01:46:19.561 [qtp961160488-19] DEBUG org.eclipse.jetty.io.ManagedSelector - Wakeup on submit ManagedSelector@4803b726{STARTED} id=1 keys=2 selected=0 updates=2
01:46:19.561 [qtp961160488-19] DEBUG org.eclipse.jetty.io.ManagedSelector - Created SocketChannelEndPoint@22117f30{l=/127.0.0.1:46379,r=/127.0.0.1:45560,OPEN,fill=FI,flush=-,to=0/3000}{io=0/1,kio=0,kro=0}->HttpConnection@425b5d5b[p=HttpParser{s=START,0 of -1},g=HttpGenerator@426b5561{s=START}]=>HttpChannelOverHttp@480c2a8f{s=HttpChannelState@40df83a{s=IDLE rs=BLOCKING os=OPEN is=IDLE awp=false se=false i=true al=0},r=0,c=false/false,a=IDLE,uri=null,age=0}
01:46:19.561 [qtp961160488-19] DEBUG org.eclipse.jetty.util.thread.QueuedThreadPool - ran Accept@4b473cf5[java.nio.channels.SocketChannel[connected local=/127.0.0.1:46379 remote=/127.0.0.1:45560]] in QueuedThreadPool[qtp961160488]@394a2528{STARTED,8<=8<=200,i=1,r=-1,q=0}[ReservedThreadExecutor@383bfa16{reserved=1/8,pending=0}]
01:46:19.561 [qtp961160488-16] DEBUG org.eclipse.jetty.io.ManagedSelector - Selector sun.nio.ch.EPollSelectorImpl@11cfe143 woken with none selected
01:46:19.561 [qtp961160488-16] DEBUG org.eclipse.jetty.io.ManagedSelector - Selector sun.nio.ch.EPollSelectorImpl@11cfe143 woken up from select, 0/0/2 selected
01:46:19.561 [qtp961160488-16] DEBUG org.eclipse.jetty.io.ManagedSelector - Selector sun.nio.ch.EPollSelectorImpl@11cfe143 processing 0 keys, 2 updates
01:46:19.561 [qtp961160488-16] DEBUG org.eclipse.jetty.io.ManagedSelector - updateable 2
01:46:19.561 [qtp961160488-16] DEBUG org.eclipse.jetty.io.ManagedSelector - update org.eclipse.jetty.io.ManagedSelector$$Lambda$258/102804084@6b1a42df
01:46:19.561 [qtp961160488-16] DEBUG org.eclipse.jetty.io.ManagedSelector - update org.eclipse.jetty.io.ChannelEndPoint$$Lambda$255/981852870@31e588d9
01:46:19.561 [qtp961160488-16] DEBUG org.eclipse.jetty.io.ChannelEndPoint - Key interests updated 0 -> 1 on SocketChannelEndPoint@22117f30{l=/127.0.0.1:46379,r=/127.0.0.1:45560,OPEN,fill=FI,flush=-,to=0/3000}{io=1/1,kio=1,kro=0}->HttpConnection@425b5d5b[p=HttpParser{s=START,0 of -1},g=HttpGenerator@426b5561{s=START}]=>HttpChannelOverHttp@480c2a8f{s=HttpChannelState@40df83a{s=IDLE rs=BLOCKING os=OPEN is=IDLE awp=false se=false i=true al=0},r=0,c=false/false,a=IDLE,uri=null,age=0}
01:46:19.561 [qtp961160488-16] DEBUG org.eclipse.jetty.io.ManagedSelector - updates 0
01:46:19.561 [qtp961160488-16] DEBUG org.eclipse.jetty.io.ManagedSelector - Selector sun.nio.ch.EPollSelectorImpl@11cfe143 waiting with 2 keys
01:46:19.561 [qtp961160488-16] DEBUG org.eclipse.jetty.io.ManagedSelector - Selector sun.nio.ch.EPollSelectorImpl@11cfe143 woken up from select, 1/1/2 selected
01:46:19.561 [qtp961160488-16] DEBUG org.eclipse.jetty.io.ManagedSelector - Selector sun.nio.ch.EPollSelectorImpl@11cfe143 processing 1 keys, 0 updates
01:46:19.562 [qtp961160488-16] DEBUG org.eclipse.jetty.io.ManagedSelector - selected 1 sun.nio.ch.SelectionKeyImpl@7fc72ba8 SocketChannelEndPoint@22117f30{l=/127.0.0.1:46379,r=/127.0.0.1:45560,OPEN,fill=FI,flush=-,to=1/3000}{io=1/1,kio=1,kro=1}->HttpConnection@425b5d5b[p=HttpParser{s=START,0 of -1},g=HttpGenerator@426b5561{s=START}]=>HttpChannelOverHttp@480c2a8f{s=HttpChannelState@40df83a{s=IDLE rs=BLOCKING os=OPEN is=IDLE awp=false se=false i=true al=0},r=0,c=false/false,a=IDLE,uri=null,age=0} 
01:46:19.562 [qtp961160488-16] DEBUG org.eclipse.jetty.io.ChannelEndPoint - onSelected 1->0 r=true w=false for SocketChannelEndPoint@22117f30{l=/127.0.0.1:46379,r=/127.0.0.1:45560,OPEN,fill=FI,flush=-,to=1/3000}{io=1/0,kio=1,kro=1}->HttpConnection@425b5d5b[p=HttpParser{s=START,0 of -1},g=HttpGenerator@426b5561{s=START}]=>HttpChannelOverHttp@480c2a8f{s=HttpChannelState@40df83a{s=IDLE rs=BLOCKING os=OPEN is=IDLE awp=false se=false i=true al=0},r=0,c=false/false,a=IDLE,uri=null,age=0}
01:46:19.562 [qtp961160488-16] DEBUG org.eclipse.jetty.io.ChannelEndPoint - task CEP:SocketChannelEndPoint@22117f30{l=/127.0.0.1:46379,r=/127.0.0.1:45560,OPEN,fill=FI,flush=-,to=1/3000}{io=1/0,kio=1,kro=1}->HttpConnection@425b5d5b[p=HttpParser{s=START,0 of -1},g=HttpGenerator@426b5561{s=START}]=>HttpChannelOverHttp@480c2a8f{s=HttpChannelState@40df83a{s=IDLE rs=BLOCKING os=OPEN is=IDLE awp=false se=false i=true al=0},r=0,c=false/false,a=IDLE,uri=null,age=0}:runFillable:BLOCKING
01:46:19.562 [qtp961160488-16] DEBUG org.eclipse.jetty.util.thread.ReservedThreadExecutor - ReservedThreadExecutor@383bfa16{reserved=1/8,pending=0} tryExecute EatWhatYouKill@17497425/SelectorProducer@f0da945/PRODUCING/p=false/QueuedThreadPool[qtp961160488]@394a2528{STARTED,8<=8<=200,i=2,r=-1,q=0}[ReservedThreadExecutor@383bfa16{reserved=1/8,pending=0}][pc=0,pic=0,pec=1,epc=0]@2024-05-02T01:46:19.562+01:00
01:46:19.562 [qtp961160488-16] DEBUG org.eclipse.jetty.util.thread.ReservedThreadExecutor - ReservedThreadExecutor@383bfa16{reserved=0/8,pending=1} startReservedThread p=1
01:46:19.562 [qtp961160488-16] DEBUG org.eclipse.jetty.util.thread.QueuedThreadPool - queue ReservedThread@18d91e9a{PENDING,thread=null} startThread=0
01:46:19.562 [qtp961160488-15] DEBUG org.eclipse.jetty.util.thread.QueuedThreadPool - run ReservedThread@18d91e9a{PENDING,thread=null} in QueuedThreadPool[qtp961160488]@394a2528{STARTED,8<=8<=200,i=1,r=-1,q=0}[ReservedThreadExecutor@383bfa16{reserved=0/8,pending=1}]
01:46:19.562 [qtp961160488-15] DEBUG org.eclipse.jetty.util.thread.ReservedThreadExecutor - ReservedThread@18d91e9a{PENDING,thread=Thread[qtp961160488-15,5,main]} was=PENDING next=RESERVED size=0+1 capacity=8
01:46:19.562 [qtp961160488-15] DEBUG org.eclipse.jetty.util.thread.ReservedThreadExecutor - ReservedThread@18d91e9a{RESERVED,thread=Thread[qtp961160488-15,5,main]} waiting ReservedThreadExecutor@383bfa16{reserved=1/8,pending=0}
01:46:19.562 [qtp961160488-18] DEBUG org.eclipse.jetty.util.thread.ReservedThreadExecutor - ReservedThread@30419160{RESERVED,thread=Thread[qtp961160488-18,5,main]} task=EatWhatYouKill@17497425/SelectorProducer@f0da945/IDLE/p=true/QueuedThreadPool[qtp961160488]@394a2528{STARTED,8<=8<=200,i=1,r=-1,q=0}[ReservedThreadExecutor@383bfa16{reserved=0/8,pending=1}][pc=0,pic=0,pec=1,epc=0]@2024-05-02T01:46:19.562+01:00 ReservedThreadExecutor@383bfa16{reserved=1/8,pending=0}
01:46:19.563 [qtp961160488-18] DEBUG org.eclipse.jetty.util.thread.strategy.EatWhatYouKill - EatWhatYouKill@17497425/SelectorProducer@f0da945/IDLE/p=true/QueuedThreadPool[qtp961160488]@394a2528{STARTED,8<=8<=200,i=1,r=-1,q=0}[ReservedThreadExecutor@383bfa16{reserved=1/8,pending=0}][pc=0,pic=0,pec=1,epc=0]@2024-05-02T01:46:19.562+01:00 tryProduce true
01:46:19.563 [qtp961160488-16] DEBUG org.eclipse.jetty.util.thread.strategy.EatWhatYouKill - EatWhatYouKill@17497425/SelectorProducer@f0da945/IDLE/p=true/QueuedThreadPool[qtp961160488]@394a2528{STARTED,8<=8<=200,i=1,r=-1,q=0}[ReservedThreadExecutor@383bfa16{reserved=1/8,pending=0}][pc=0,pic=0,pec=1,epc=0]@2024-05-02T01:46:19.562+01:00 m=EXECUTE_PRODUCE_CONSUME t=CEP:SocketChannelEndPoint@22117f30{l=/127.0.0.1:46379,r=/127.0.0.1:45560,OPEN,fill=FI,flush=-,to=2/3000}{io=1/0,kio=1,kro=1}->HttpConnection@425b5d5b[p=HttpParser{s=START,0 of -1},g=HttpGenerator@426b5561{s=START}]=>HttpChannelOverHttp@480c2a8f{s=HttpChannelState@40df83a{s=IDLE rs=BLOCKING os=OPEN is=IDLE awp=false se=false i=true al=0},r=0,c=false/false,a=IDLE,uri=null,age=0}:runFillable:BLOCKING/BLOCKING
01:46:19.563 [qtp961160488-18] DEBUG org.eclipse.jetty.io.ManagedSelector - updateable 0
01:46:19.563 [qtp961160488-18] DEBUG org.eclipse.jetty.io.ManagedSelector - updates 0
01:46:19.563 [qtp961160488-16] DEBUG org.eclipse.jetty.io.FillInterest - fillable FillInterest@29cca93e{AC.ReadCB@425b5d5b{HttpConnection@425b5d5b::SocketChannelEndPoint@22117f30{l=/127.0.0.1:46379,r=/127.0.0.1:45560,OPEN,fill=FI,flush=-,to=2/3000}{io=0/0,kio=0,kro=1}->HttpConnection@425b5d5b[p=HttpParser{s=START,0 of -1},g=HttpGenerator@426b5561{s=START}]=>HttpChannelOverHttp@480c2a8f{s=HttpChannelState@40df83a{s=IDLE rs=BLOCKING os=OPEN is=IDLE awp=false se=false i=true al=0},r=0,c=false/false,a=IDLE,uri=null,age=0}}}
01:46:19.563 [qtp961160488-18] DEBUG org.eclipse.jetty.io.ChannelEndPoint - Key interests updated 1 -> 0 on SocketChannelEndPoint@22117f30{l=/127.0.0.1:46379,r=/127.0.0.1:45560,OPEN,fill=FI,flush=-,to=2/3000}{io=0/0,kio=0,kro=1}->HttpConnection@425b5d5b[p=HttpParser{s=START,0 of -1},g=HttpGenerator@426b5561{s=START}]=>HttpChannelOverHttp@480c2a8f{s=HttpChannelState@40df83a{s=IDLE rs=BLOCKING os=OPEN is=IDLE awp=false se=false i=true al=0},r=0,c=false/false,a=IDLE,uri=null,age=0}
01:46:19.563 [qtp961160488-18] DEBUG org.eclipse.jetty.io.ManagedSelector - Selector sun.nio.ch.EPollSelectorImpl@11cfe143 waiting with 2 keys
01:46:19.563 [qtp961160488-16] DEBUG org.eclipse.jetty.server.HttpConnection - HttpConnection@425b5d5b::SocketChannelEndPoint@22117f30{l=/127.0.0.1:46379,r=/127.0.0.1:45560,OPEN,fill=-,flush=-,to=2/3000}{io=0/0,kio=0,kro=1}->HttpConnection@425b5d5b[p=HttpParser{s=START,0 of -1},g=HttpGenerator@426b5561{s=START}]=>HttpChannelOverHttp@480c2a8f{s=HttpChannelState@40df83a{s=IDLE rs=BLOCKING os=OPEN is=IDLE awp=false se=false i=true al=0},r=0,c=false/false,a=IDLE,uri=null,age=0} onFillable enter HttpChannelState@40df83a{s=IDLE rs=BLOCKING os=OPEN is=IDLE awp=false se=false i=true al=0} null
01:46:19.563 [qtp961160488-16] DEBUG org.eclipse.jetty.io.ChannelEndPoint - filled 133 HeapByteBuffer@47ae9336[p=0,l=133,c=8192,r=133]={<<<GET /config-minimal.yml H...gent: okhttp/3.12.3\r\n\r\n>>>: okhttp/...\x00\x00\x00\x00\x00\x00\x00}
01:46:19.563 [qtp961160488-16] DEBUG org.eclipse.jetty.server.HttpConnection - HttpConnection@425b5d5b::SocketChannelEndPoint@22117f30{l=/127.0.0.1:46379,r=/127.0.0.1:45560,OPEN,fill=-,flush=-,to=0/3000}{io=0/0,kio=0,kro=1}->HttpConnection@425b5d5b[p=HttpParser{s=START,0 of -1},g=HttpGenerator@426b5561{s=START}]=>HttpChannelOverHttp@480c2a8f{s=HttpChannelState@40df83a{s=IDLE rs=BLOCKING os=OPEN is=IDLE awp=false se=false i=true al=0},r=0,c=false/false,a=IDLE,uri=null,age=0} filled 133 HeapByteBuffer@47ae9336[p=0,l=133,c=8192,r=133]={<<<GET /config-minimal.yml H...gent: okhttp/3.12.3\r\n\r\n>>>: okhttp/...\x00\x00\x00\x00\x00\x00\x00}
01:46:19.563 [qtp961160488-16] DEBUG org.eclipse.jetty.server.HttpConnection - HttpConnection@425b5d5b::SocketChannelEndPoint@22117f30{l=/127.0.0.1:46379,r=/127.0.0.1:45560,OPEN,fill=-,flush=-,to=0/3000}{io=0/0,kio=0,kro=1}->HttpConnection@425b5d5b[p=HttpParser{s=START,0 of -1},g=HttpGenerator@426b5561{s=START}]=>HttpChannelOverHttp@480c2a8f{s=HttpChannelState@40df83a{s=IDLE rs=BLOCKING os=OPEN is=IDLE awp=false se=false i=true al=0},r=0,c=false/false,a=IDLE,uri=null,age=0} parse HeapByteBuffer@47ae9336[p=0,l=133,c=8192,r=133]={<<<GET /config-minimal.yml H...gent: okhttp/3.12.3\r\n\r\n>>>: okhttp/...\x00\x00\x00\x00\x00\x00\x00} {}
01:46:19.563 [qtp961160488-16] DEBUG org.eclipse.jetty.http.HttpParser - parseNext s=START HeapByteBuffer@47ae9336[p=0,l=133,c=8192,r=133]={<<<GET /config-minimal.yml H...gent: okhttp/3.12.3\r\n\r\n>>>: okhttp/...\x00\x00\x00\x00\x00\x00\x00}
01:46:19.563 [qtp961160488-16] DEBUG org.eclipse.jetty.http.HttpParser - START --> SPACE1
01:46:19.563 [qtp961160488-16] DEBUG org.eclipse.jetty.http.HttpParser - SPACE1 --> URI
01:46:19.563 [qtp961160488-16] DEBUG org.eclipse.jetty.http.HttpParser - URI --> SPACE2
01:46:19.563 [qtp961160488-16] DEBUG org.eclipse.jetty.http.HttpParser - SPACE2 --> REQUEST_VERSION
01:46:19.563 [qtp961160488-16] DEBUG org.eclipse.jetty.http.HttpParser - REQUEST_VERSION --> HEADER
01:46:19.563 [qtp961160488-16] DEBUG org.eclipse.jetty.http.HttpParser - HEADER:Host --> VALUE
01:46:19.563 [qtp961160488-16] DEBUG org.eclipse.jetty.http.HttpParser - HEADER:Host --> IN_VALUE
01:46:19.564 [qtp961160488-16] DEBUG org.eclipse.jetty.http.HttpParser - HEADER:Host --> FIELD
01:46:19.564 [qtp961160488-16] DEBUG org.eclipse.jetty.http.HttpParser - HEADER:Connection: keep-alive --> IN_VALUE
01:46:19.564 [qtp961160488-16] DEBUG org.eclipse.jetty.http.HttpParser - HEADER:Connection: keep-alive --> FIELD
01:46:19.564 [qtp961160488-16] DEBUG org.eclipse.jetty.http.HttpParser - HEADER:Accept-Encoding: gzip --> IN_VALUE
01:46:19.564 [qtp961160488-16] DEBUG org.eclipse.jetty.http.HttpParser - HEADER:Accept-Encoding: gzip --> FIELD
01:46:19.564 [qtp961160488-16] DEBUG org.eclipse.jetty.http.HttpParser - HEADER:User-Agent --> VALUE
01:46:19.564 [qtp961160488-16] DEBUG org.eclipse.jetty.http.HttpParser - HEADER:User-Agent --> IN_VALUE
01:46:19.564 [qtp961160488-16] DEBUG org.eclipse.jetty.http.HttpParser - HEADER:User-Agent --> FIELD
01:46:19.564 [qtp961160488-16] DEBUG org.eclipse.jetty.http.HttpParser - HEADER --> CONTENT
01:46:19.564 [qtp961160488-16] DEBUG org.eclipse.jetty.server.HttpChannel - REQUEST for //localhost:46379/config-minimal.yml on HttpChannelOverHttp@480c2a8f{s=HttpChannelState@40df83a{s=IDLE rs=BLOCKING os=OPEN is=IDLE awp=false se=false i=true al=0},r=1,c=false/false,a=IDLE,uri=//localhost:46379/config-minimal.yml,age=0}
GET //localhost:46379/config-minimal.yml HTTP/1.1
Host: localhost:46379
Connection: keep-alive
Accept-Encoding: gzip
User-Agent: okhttp/3.12.3


01:46:19.564 [qtp961160488-16] DEBUG org.eclipse.jetty.server.HttpConnection - HttpConnection@425b5d5b::SocketChannelEndPoint@22117f30{l=/127.0.0.1:46379,r=/127.0.0.1:45560,OPEN,fill=-,flush=-,to=0/3000}{io=0/0,kio=0,kro=1}->HttpConnection@425b5d5b[p=HttpParser{s=CONTENT,0 of -1},g=HttpGenerator@426b5561{s=START}]=>HttpChannelOverHttp@480c2a8f{s=HttpChannelState@40df83a{s=IDLE rs=BLOCKING os=OPEN is=IDLE awp=false se=false i=true al=0},r=1,c=false/false,a=IDLE,uri=//localhost:46379/config-minimal.yml,age=0} parsed true HttpParser{s=CONTENT,0 of -1}
01:46:19.564 [qtp961160488-16] DEBUG org.eclipse.jetty.server.HttpConnection - releaseRequestBuffer HttpConnection@425b5d5b::SocketChannelEndPoint@22117f30{l=/127.0.0.1:46379,r=/127.0.0.1:45560,OPEN,fill=-,flush=-,to=0/3000}{io=0/0,kio=0,kro=1}->HttpConnection@425b5d5b[p=HttpParser{s=CONTENT,0 of -1},g=HttpGenerator@426b5561{s=START}]=>HttpChannelOverHttp@480c2a8f{s=HttpChannelState@40df83a{s=IDLE rs=BLOCKING os=OPEN is=IDLE awp=false se=false i=true al=0},r=1,c=false/false,a=IDLE,uri=//localhost:46379/config-minimal.yml,age=0}
01:46:19.564 [qtp961160488-16] DEBUG org.eclipse.jetty.server.HttpChannel - handle //localhost:46379/config-minimal.yml HttpChannelOverHttp@480c2a8f{s=HttpChannelState@40df83a{s=IDLE rs=BLOCKING os=OPEN is=IDLE awp=false se=false i=true al=0},r=1,c=false/false,a=IDLE,uri=//localhost:46379/config-minimal.yml,age=0} 
01:46:19.564 [qtp961160488-16] DEBUG org.eclipse.jetty.server.HttpChannelState - handling HttpChannelState@40df83a{s=IDLE rs=BLOCKING os=OPEN is=IDLE awp=false se=false i=true al=0}
01:46:19.564 [qtp961160488-16] DEBUG org.eclipse.jetty.server.HttpChannel - action DISPATCH HttpChannelOverHttp@480c2a8f{s=HttpChannelState@40df83a{s=HANDLING rs=BLOCKING os=OPEN is=IDLE awp=false se=false i=true al=0},r=1,c=false/false,a=HANDLING,uri=//localhost:46379/config-minimal.yml,age=0}
01:46:19.564 [qtp961160488-16] DEBUG org.eclipse.jetty.server.Server - REQUEST GET /config-minimal.yml on HttpChannelOverHttp@480c2a8f{s=HttpChannelState@40df83a{s=HANDLING rs=BLOCKING os=OPEN is=IDLE awp=false se=false i=true al=0},r=1,c=false/false,a=HANDLING,uri=//localhost:46379/config-minimal.yml,age=0}
01:46:19.567 [qtp961160488-16] DEBUG org.eclipse.jetty.server.HttpOutput - write(array HeapByteBuffer@3a5422c5[p=0,l=1469,c=262144,r=1469]={<<<# Licensed to the Apache ...tination name: PutFile\n>>>\x00\x00\x00\x00\x00\x00\x00\x00\x00...\x00\x00\x00\x00\x00\x00\x00})
01:46:19.567 [qtp961160488-16] DEBUG org.eclipse.jetty.server.HttpOutput - write(array) s=CLOSING,api=BLOCKED,sc=false,e=null last=true agg=false flush=true async=false, len=1469 null
01:46:19.567 [qtp961160488-16] DEBUG org.eclipse.jetty.server.HttpChannel - sendResponse info=null content=HeapByteBuffer@7c08d44c[p=0,l=1469,c=262144,r=1469]={<<<# Licensed to the Apache ...tination name: PutFile\n>>>\x00\x00\x00\x00\x00\x00\x00\x00\x00...\x00\x00\x00\x00\x00\x00\x00} complete=true committing=true callback=Blocker@2cf52899{null}
01:46:19.567 [qtp961160488-16] DEBUG org.eclipse.jetty.server.HttpChannel - COMMIT for /config-minimal.yml on HttpChannelOverHttp@480c2a8f{s=HttpChannelState@40df83a{s=HANDLING rs=BLOCKING os=COMMITTED is=IDLE awp=false se=false i=true al=0},r=1,c=false/false,a=HANDLING,uri=//localhost:46379/config-minimal.yml,age=3}
200 null HTTP/1.1
Date: Thu, 02 May 2024 00:46:19 GMT
ETag: testEtag
Content-Type: text/plain;charset=utf-8
Content-Length: 1469


01:46:19.568 [qtp961160488-16] DEBUG org.eclipse.jetty.server.HttpConnection - generate: NEED_HEADER for SendCallback@58ab8649[PROCESSING][i=HTTP/1.1{s=200,h=4,cl=1469},cb=org.eclipse.jetty.server.HttpChannel$SendCallback@4372c593] (null,[p=0,l=1469,c=262144,r=1469],true)@START
01:46:19.568 [qtp961160488-16] DEBUG org.eclipse.jetty.http.HttpGenerator - generateHeaders HTTP/1.1{s=200,h=4,cl=1469} last=true content=HeapByteBuffer@7c08d44c[p=0,l=1469,c=262144,r=1469]={<<<# Licensed to the Apache ...tination name: PutFile\n>>>\x00\x00\x00\x00\x00\x00\x00\x00\x00...\x00\x00\x00\x00\x00\x00\x00}
01:46:19.568 [qtp961160488-16] DEBUG org.eclipse.jetty.http.HttpGenerator - Date: Thu, 02 May 2024 00:46:19 GMT
ETag: testEtag
Content-Type: text/plain;charset=utf-8
Content-Length: 1469


01:46:19.568 [qtp961160488-16] DEBUG org.eclipse.jetty.http.HttpGenerator - CONTENT_LENGTH
01:46:19.568 [qtp961160488-16] DEBUG org.eclipse.jetty.server.HttpConnection - generate: FLUSH for SendCallback@58ab8649[PROCESSING][i=HTTP/1.1{s=200,h=4,cl=1469},cb=org.eclipse.jetty.server.HttpChannel$SendCallback@4372c593] ([p=0,l=167,c=8192,r=167],[p=0,l=1469,c=262144,r=1469],true)@COMPLETING
01:46:19.568 [qtp961160488-16] DEBUG org.eclipse.jetty.io.WriteFlusher - write: WriteFlusher@7962c305{IDLE}->null [HeapByteBuffer@47ae9336[p=0,l=167,c=8192,r=167]={<<<HTTP/1.1 200 OK\r\nDate: Th...y(9.4.44.v20210927)\r\n\r\n>>>\x00\x00\x00\x00\x00\x00\x00\x00\x00...\x00\x00\x00\x00\x00\x00\x00},HeapByteBuffer@7c08d44c[p=0,l=1469,c=262144,r=1469]={<<<# Licensed to the Apache ...tination name: PutFile\n>>>\x00\x00\x00\x00\x00\x00\x00\x00\x00...\x00\x00\x00\x00\x00\x00\x00}]
01:46:19.568 [qtp961160488-16] DEBUG org.eclipse.jetty.io.WriteFlusher - update WriteFlusher@7962c305{WRITING}->null:IDLE-->WRITING
01:46:19.568 [qtp961160488-16] DEBUG org.eclipse.jetty.io.ChannelEndPoint - flushed 1636 SocketChannelEndPoint@22117f30{l=/127.0.0.1:46379,r=/127.0.0.1:45560,OPEN,fill=-,flush=W,to=4/3000}{io=0/0,kio=0,kro=1}->HttpConnection@425b5d5b[p=HttpParser{s=CONTENT,0 of -1},g=HttpGenerator@426b5561{s=COMPLETING}]=>HttpChannelOverHttp@480c2a8f{s=HttpChannelState@40df83a{s=HANDLING rs=BLOCKING os=COMMITTED is=IDLE awp=false se=false i=true al=0},r=1,c=false/false,a=HANDLING,uri=//localhost:46379/config-minimal.yml,age=4}
01:46:19.568 [main] DEBUG org.apache.nifi.minifi.bootstrap.configuration.ingestors.PullHttpChangeIngestor - Response received: Response{protocol=http/1.1, code=200, message=OK, url=http://localhost:46379/config-minimal.yml}
01:46:19.568 [qtp961160488-16] DEBUG org.eclipse.jetty.io.WriteFlusher - Flushed=true written=1636 remaining=0 WriteFlusher@7962c305{WRITING}->null
01:46:19.568 [qtp961160488-16] DEBUG org.eclipse.jetty.io.WriteFlusher - update WriteFlusher@7962c305{IDLE}->null:WRITING-->IDLE
01:46:19.568 [main] DEBUG org.apache.nifi.minifi.bootstrap.configuration.ingestors.PullHttpChangeIngestor - Preserving previous security properties...
01:46:19.568 [qtp961160488-16] DEBUG org.eclipse.jetty.server.HttpConnection - generate: DONE for SendCallback@58ab8649[PROCESSING][i=HTTP/1.1{s=200,h=4,cl=1469},cb=org.eclipse.jetty.server.HttpChannel$SendCallback@4372c593] ([p=167,l=167,c=8192,r=0],[p=1469,l=1469,c=262144,r=0],true)@END
01:46:19.568 [qtp961160488-16] DEBUG org.eclipse.jetty.server.HttpOutput - onWriteComplete(true,null) s=CLOSING,api=BLOCKED,sc=false,e=null->s=CLOSED,api=BLOCKING,sc=false,e=null c=null cb=null w=false
01:46:19.569 [qtp961160488-16] DEBUG org.eclipse.jetty.server.HttpOutput - close() s=CLOSED,api=BLOCKING,sc=false,e=null c=null b=null
01:46:19.569 [qtp961160488-16] DEBUG org.eclipse.jetty.server.Server - handled=true async=false committed=true on HttpChannelOverHttp@480c2a8f{s=HttpChannelState@40df83a{s=HANDLING rs=BLOCKING os=COMPLETED is=IDLE awp=false se=false i=true al=0},r=1,c=false/true,a=HANDLING,uri=//localhost:46379/config-minimal.yml,age=5}
01:46:19.569 [qtp961160488-16] DEBUG org.eclipse.jetty.server.HttpChannelState - unhandle HttpChannelState@40df83a{s=HANDLING rs=BLOCKING os=COMPLETED is=IDLE awp=false se=false i=true al=0}
01:46:19.569 [qtp961160488-16] DEBUG org.eclipse.jetty.server.HttpChannelState - nextAction(false) COMPLETE HttpChannelState@40df83a{s=HANDLING rs=COMPLETING os=COMPLETED is=IDLE awp=false se=false i=false al=0}
01:46:19.569 [qtp961160488-16] DEBUG org.eclipse.jetty.server.HttpChannel - action COMPLETE HttpChannelOverHttp@480c2a8f{s=HttpChannelState@40df83a{s=HANDLING rs=COMPLETING os=COMPLETED is=IDLE awp=false se=false i=false al=0},r=1,c=false/true,a=HANDLING,uri=//localhost:46379/config-minimal.yml,age=5}
01:46:19.569 [qtp961160488-16] DEBUG org.eclipse.jetty.server.HttpOutput - complete(org.eclipse.jetty.util.Callback$3@7c569d50) s=CLOSED,api=BLOCKING,sc=false,e=null s=true e=null, c=null
01:46:19.569 [qtp961160488-16] DEBUG org.eclipse.jetty.server.HttpChannelState - completed HttpChannelState@40df83a{s=HANDLING rs=COMPLETING os=COMPLETED is=IDLE awp=false se=false i=false al=0}
01:46:19.569 [qtp961160488-16] DEBUG org.eclipse.jetty.server.HttpChannelState - unhandle HttpChannelState@40df83a{s=HANDLING rs=COMPLETED os=COMPLETED is=IDLE awp=false se=false i=false al=0}
01:46:19.569 [qtp961160488-16] DEBUG org.eclipse.jetty.server.HttpChannelState - nextAction(false) TERMINATED HttpChannelState@40df83a{s=IDLE rs=COMPLETED os=COMPLETED is=IDLE awp=false se=false i=false al=0}
01:46:19.569 [qtp961160488-16] DEBUG org.eclipse.jetty.server.HttpChannel - action TERMINATED HttpChannelOverHttp@480c2a8f{s=HttpChannelState@40df83a{s=IDLE rs=COMPLETED os=COMPLETED is=IDLE awp=false se=false i=false al=0},r=1,c=true/true,a=IDLE,uri=//localhost:46379/config-minimal.yml,age=5}
01:46:19.569 [qtp961160488-16] DEBUG org.eclipse.jetty.server.HttpChannel - onCompleted for /config-minimal.yml written=1469
01:46:19.570 [qtp961160488-16] DEBUG org.eclipse.jetty.io.ChannelEndPoint - filled 0 HeapByteBuffer@47ae9336[p=0,l=0,c=8192,r=0]={<<<>>>HTTP/1.1 ...\x00\x00\x00\x00\x00\x00\x00}
01:46:19.570 [qtp961160488-16] DEBUG org.eclipse.jetty.io.ChannelEndPoint - filled 0 HeapByteBuffer@47ae9336[p=0,l=0,c=8192,r=0]={<<<>>>HTTP/1.1 ...\x00\x00\x00\x00\x00\x00\x00}
01:46:19.570 [qtp961160488-16] DEBUG org.eclipse.jetty.server.HttpConnection - HttpConnection@425b5d5b::SocketChannelEndPoint@22117f30{l=/127.0.0.1:46379,r=/127.0.0.1:45560,OPEN,fill=-,flush=-,to=1/3000}{io=0/0,kio=0,kro=1}->HttpConnection@425b5d5b[p=HttpParser{s=CONTENT,0 of -1},g=HttpGenerator@426b5561{s=END}]=>HttpChannelOverHttp@480c2a8f{s=HttpChannelState@40df83a{s=IDLE rs=COMPLETED os=COMPLETED is=IDLE awp=false se=false i=false al=0},r=1,c=true/true,a=IDLE,uri=//localhost:46379/config-minimal.yml,age=6} filled 0 HeapByteBuffer@47ae9336[p=0,l=0,c=8192,r=0]={<<<>>>HTTP/1.1 ...\x00\x00\x00\x00\x00\x00\x00}
01:46:19.570 [qtp961160488-16] DEBUG org.eclipse.jetty.server.HttpConnection - HttpConnection@425b5d5b::SocketChannelEndPoint@22117f30{l=/127.0.0.1:46379,r=/127.0.0.1:45560,OPEN,fill=-,flush=-,to=1/3000}{io=0/0,kio=0,kro=1}->HttpConnection@425b5d5b[p=HttpParser{s=CONTENT,0 of -1},g=HttpGenerator@426b5561{s=END}]=>HttpChannelOverHttp@480c2a8f{s=HttpChannelState@40df83a{s=IDLE rs=COMPLETED os=COMPLETED is=IDLE awp=false se=false i=false al=0},r=1,c=true/true,a=IDLE,uri=//localhost:46379/config-minimal.yml,age=6} parse HeapByteBuffer@47ae9336[p=0,l=0,c=8192,r=0]={<<<>>>HTTP/1.1 ...\x00\x00\x00\x00\x00\x00\x00} {}
01:46:19.570 [qtp961160488-16] DEBUG org.eclipse.jetty.http.HttpParser - parseNext s=CONTENT HeapByteBuffer@47ae9336[p=0,l=0,c=8192,r=0]={<<<>>>HTTP/1.1 ...\x00\x00\x00\x00\x00\x00\x00}
01:46:19.570 [qtp961160488-16] DEBUG org.eclipse.jetty.http.HttpParser - CONTENT --> CONTENT_END
01:46:19.570 [qtp961160488-16] DEBUG org.eclipse.jetty.server.HttpChannel - onContentComplete HttpChannelOverHttp@480c2a8f{s=HttpChannelState@40df83a{s=IDLE rs=COMPLETED os=COMPLETED is=IDLE awp=false se=false i=false al=0},r=1,c=true/true,a=IDLE,uri=//localhost:46379/config-minimal.yml,age=6}
01:46:19.570 [qtp961160488-16] DEBUG org.eclipse.jetty.http.HttpParser - CONTENT_END --> END
01:46:19.570 [qtp961160488-16] DEBUG org.eclipse.jetty.server.HttpChannel - onRequestComplete HttpChannelOverHttp@480c2a8f{s=HttpChannelState@40df83a{s=IDLE rs=COMPLETED os=COMPLETED is=IDLE awp=false se=false i=false al=0},r=1,c=true/true,a=IDLE,uri=//localhost:46379/config-minimal.yml,age=6}
01:46:19.570 [qtp961160488-16] DEBUG org.eclipse.jetty.server.HttpInput - HttpInputOverHTTP@78cbd55d[c=0,q=0,[0]=null,s=STREAM] addContent EOF
01:46:19.570 [qtp961160488-16] DEBUG org.eclipse.jetty.server.HttpConnection - HttpConnection@425b5d5b::SocketChannelEndPoint@22117f30{l=/127.0.0.1:46379,r=/127.0.0.1:45560,OPEN,fill=-,flush=-,to=1/3000}{io=0/0,kio=0,kro=1}->HttpConnection@425b5d5b[p=HttpParser{s=END,0 of -1},g=HttpGenerator@426b5561{s=END}]=>HttpChannelOverHttp@480c2a8f{s=HttpChannelState@40df83a{s=IDLE rs=COMPLETED os=COMPLETED is=IDLE awp=false se=false i=false al=0},r=1,c=true/true,a=IDLE,uri=//localhost:46379/config-minimal.yml,age=6} parsed false HttpParser{s=END,0 of -1}
01:46:19.570 [qtp961160488-16] DEBUG org.eclipse.jetty.server.HttpConnection - releaseRequestBuffer HttpConnection@425b5d5b::SocketChannelEndPoint@22117f30{l=/127.0.0.1:46379,r=/127.0.0.1:45560,OPEN,fill=-,flush=-,to=2/3000}{io=0/0,kio=0,kro=1}->HttpConnection@425b5d5b[p=HttpParser{s=END,0 of -1},g=HttpGenerator@426b5561{s=END}]=>HttpChannelOverHttp@480c2a8f{s=HttpChannelState@40df83a{s=IDLE rs=COMPLETED os=COMPLETED is=IDLE awp=false se=false i=false al=0},r=1,c=true/true,a=IDLE,uri=//localhost:46379/config-minimal.yml,age=6}
01:46:19.570 [qtp961160488-16] DEBUG org.eclipse.jetty.server.HttpChannelState - recycle HttpChannelState@40df83a{s=IDLE rs=COMPLETED os=COMPLETED is=IDLE awp=false se=false i=false al=0}
01:46:19.571 [qtp961160488-16] DEBUG org.eclipse.jetty.http.HttpParser - reset HttpParser{s=END,0 of -1}
01:46:19.571 [qtp961160488-16] DEBUG org.eclipse.jetty.http.HttpParser - END --> START
01:46:19.571 [qtp961160488-16] DEBUG org.eclipse.jetty.server.HttpChannel - !handle TERMINATED HttpChannelOverHttp@480c2a8f{s=HttpChannelState@40df83a{s=IDLE rs=BLOCKING os=OPEN is=IDLE awp=false se=false i=true al=0},r=1,c=false/false,a=IDLE,uri=null,age=0}
01:46:19.571 [qtp961160488-16] DEBUG org.eclipse.jetty.io.ChannelEndPoint - filled 0 HeapByteBuffer@47ae9336[p=0,l=0,c=8192,r=0]={<<<>>>HTTP/1.1 ...\x00\x00\x00\x00\x00\x00\x00}
01:46:19.571 [qtp961160488-16] DEBUG org.eclipse.jetty.io.ChannelEndPoint - filled 0 HeapByteBuffer@47ae9336[p=0,l=0,c=8192,r=0]={<<<>>>HTTP/1.1 ...\x00\x00\x00\x00\x00\x00\x00}
01:46:19.571 [qtp961160488-16] DEBUG org.eclipse.jetty.server.HttpConnection - HttpConnection@425b5d5b::SocketChannelEndPoint@22117f30{l=/127.0.0.1:46379,r=/127.0.0.1:45560,OPEN,fill=-,flush=-,to=2/3000}{io=0/0,kio=0,kro=1}->HttpConnection@425b5d5b[p=HttpParser{s=START,0 of -1},g=HttpGenerator@426b5561{s=START}]=>HttpChannelOverHttp@480c2a8f{s=HttpChannelState@40df83a{s=IDLE rs=BLOCKING os=OPEN is=IDLE awp=false se=false i=true al=0},r=1,c=false/false,a=IDLE,uri=null,age=0} filled 0 HeapByteBuffer@47ae9336[p=0,l=0,c=8192,r=0]={<<<>>>HTTP/1.1 ...\x00\x00\x00\x00\x00\x00\x00}
01:46:19.571 [qtp961160488-16] DEBUG org.eclipse.jetty.server.HttpConnection - HttpConnection@425b5d5b::SocketChannelEndPoint@22117f30{l=/127.0.0.1:46379,r=/127.0.0.1:45560,OPEN,fill=-,flush=-,to=2/3000}{io=0/0,kio=0,kro=1}->HttpConnection@425b5d5b[p=HttpParser{s=START,0 of -1},g=HttpGenerator@426b5561{s=START}]=>HttpChannelOverHttp@480c2a8f{s=HttpChannelState@40df83a{s=IDLE rs=BLOCKING os=OPEN is=IDLE awp=false se=false i=true al=0},r=1,c=false/false,a=IDLE,uri=null,age=0} parse HeapByteBuffer@47ae9336[p=0,l=0,c=8192,r=0]={<<<>>>HTTP/1.1 ...\x00\x00\x00\x00\x00\x00\x00} {}
01:46:19.571 [qtp961160488-16] DEBUG org.eclipse.jetty.http.HttpParser - parseNext s=START HeapByteBuffer@47ae9336[p=0,l=0,c=8192,r=0]={<<<>>>HTTP/1.1 ...\x00\x00\x00\x00\x00\x00\x00}
01:46:19.571 [qtp961160488-16] DEBUG org.eclipse.jetty.server.HttpConnection - HttpConnection@425b5d5b::SocketChannelEndPoint@22117f30{l=/127.0.0.1:46379,r=/127.0.0.1:45560,OPEN,fill=-,flush=-,to=3/3000}{io=0/0,kio=0,kro=1}->HttpConnection@425b5d5b[p=HttpParser{s=START,0 of -1},g=HttpGenerator@426b5561{s=START}]=>HttpChannelOverHttp@480c2a8f{s=HttpChannelState@40df83a{s=IDLE rs=BLOCKING os=OPEN is=IDLE awp=false se=false i=true al=0},r=1,c=false/false,a=IDLE,uri=null,age=0} parsed false HttpParser{s=START,0 of -1}
01:46:19.571 [qtp961160488-16] DEBUG org.eclipse.jetty.server.HttpConnection - releaseRequestBuffer HttpConnection@425b5d5b::SocketChannelEndPoint@22117f30{l=/127.0.0.1:46379,r=/127.0.0.1:45560,OPEN,fill=-,flush=-,to=3/3000}{io=0/0,kio=0,kro=1}->HttpConnection@425b5d5b[p=HttpParser{s=START,0 of -1},g=HttpGenerator@426b5561{s=START}]=>HttpChannelOverHttp@480c2a8f{s=HttpChannelState@40df83a{s=IDLE rs=BLOCKING os=OPEN is=IDLE awp=false se=false i=true al=0},r=1,c=false/false,a=IDLE,uri=null,age=0}
01:46:19.571 [qtp961160488-16] DEBUG org.eclipse.jetty.io.AbstractConnection - fillInterested HttpConnection@425b5d5b::SocketChannelEndPoint@22117f30{l=/127.0.0.1:46379,r=/127.0.0.1:45560,OPEN,fill=-,flush=-,to=3/3000}{io=0/0,kio=0,kro=1}->HttpConnection@425b5d5b[p=HttpParser{s=START,0 of -1},g=HttpGenerator@426b5561{s=START}]=>HttpChannelOverHttp@480c2a8f{s=HttpChannelState@40df83a{s=IDLE rs=BLOCKING os=OPEN is=IDLE awp=false se=false i=true al=0},r=1,c=false/false,a=IDLE,uri=null,age=0}
01:46:19.572 [qtp961160488-16] DEBUG org.eclipse.jetty.io.FillInterest - interested FillInterest@29cca93e{AC.ReadCB@425b5d5b{HttpConnection@425b5d5b::SocketChannelEndPoint@22117f30{l=/127.0.0.1:46379,r=/127.0.0.1:45560,OPEN,fill=FI,flush=-,to=0/3000}{io=0/0,kio=0,kro=1}->HttpConnection@425b5d5b[p=HttpParser{s=START,0 of -1},g=HttpGenerator@426b5561{s=START}]=>HttpChannelOverHttp@480c2a8f{s=HttpChannelState@40df83a{s=IDLE rs=BLOCKING os=OPEN is=IDLE awp=false se=false i=true al=0},r=1,c=false/false,a=IDLE,uri=null,age=0}}}
01:46:19.572 [qtp961160488-16] DEBUG org.eclipse.jetty.io.ChannelEndPoint - changeInterests p=false 0->1 for SocketChannelEndPoint@22117f30{l=/127.0.0.1:46379,r=/127.0.0.1:45560,OPEN,fill=FI,flush=-,to=0/3000}{io=0/1,kio=0,kro=1}->HttpConnection@425b5d5b[p=HttpParser{s=START,0 of -1},g=HttpGenerator@426b5561{s=START}]=>HttpChannelOverHttp@480c2a8f{s=HttpChannelState@40df83a{s=IDLE rs=BLOCKING os=OPEN is=IDLE awp=false se=false i=true al=0},r=1,c=false/false,a=IDLE,uri=null,age=0}
01:46:19.572 [qtp961160488-16] DEBUG org.eclipse.jetty.io.ManagedSelector - Queued change lazy=false org.eclipse.jetty.io.ChannelEndPoint$$Lambda$255/981852870@31e588d9 on ManagedSelector@4803b726{STARTED} id=1 keys=2 selected=0 updates=0
01:46:19.572 [qtp961160488-16] DEBUG org.eclipse.jetty.io.ManagedSelector - Wakeup on submit ManagedSelector@4803b726{STARTED} id=1 keys=2 selected=0 updates=1
01:46:19.572 [qtp961160488-18] DEBUG org.eclipse.jetty.io.ManagedSelector - Selector sun.nio.ch.EPollSelectorImpl@11cfe143 woken with none selected
01:46:19.572 [qtp961160488-18] DEBUG org.eclipse.jetty.io.ManagedSelector - Selector sun.nio.ch.EPollSelectorImpl@11cfe143 woken up from select, 0/0/2 selected
01:46:19.572 [qtp961160488-18] DEBUG org.eclipse.jetty.io.ManagedSelector - Selector sun.nio.ch.EPollSelectorImpl@11cfe143 processing 0 keys, 1 updates
01:46:19.572 [qtp961160488-18] DEBUG org.eclipse.jetty.io.ManagedSelector - updateable 1
01:46:19.572 [qtp961160488-18] DEBUG org.eclipse.jetty.io.ManagedSelector - update org.eclipse.jetty.io.ChannelEndPoint$$Lambda$255/981852870@31e588d9
01:46:19.572 [qtp961160488-18] DEBUG org.eclipse.jetty.io.ChannelEndPoint - Key interests updated 0 -> 1 on SocketChannelEndPoint@22117f30{l=/127.0.0.1:46379,r=/127.0.0.1:45560,OPEN,fill=FI,flush=-,to=0/3000}{io=1/1,kio=1,kro=1}->HttpConnection@425b5d5b[p=HttpParser{s=START,0 of -1},g=HttpGenerator@426b5561{s=START}]=>HttpChannelOverHttp@480c2a8f{s=HttpChannelState@40df83a{s=IDLE rs=BLOCKING os=OPEN is=IDLE awp=false se=false i=true al=0},r=1,c=false/false,a=IDLE,uri=null,age=0}
01:46:19.572 [qtp961160488-18] DEBUG org.eclipse.jetty.io.ManagedSelector - updates 0
01:46:19.572 [qtp961160488-18] DEBUG org.eclipse.jetty.io.ManagedSelector - Selector sun.nio.ch.EPollSelectorImpl@11cfe143 waiting with 2 keys
01:46:19.572 [qtp961160488-16] DEBUG org.eclipse.jetty.server.HttpConnection - HttpConnection@425b5d5b::SocketChannelEndPoint@22117f30{l=/127.0.0.1:46379,r=/127.0.0.1:45560,OPEN,fill=FI,flush=-,to=0/3000}{io=1/1,kio=1,kro=1}->HttpConnection@425b5d5b[p=HttpParser{s=START,0 of -1},g=HttpGenerator@426b5561{s=START}]=>HttpChannelOverHttp@480c2a8f{s=HttpChannelState@40df83a{s=IDLE rs=BLOCKING os=OPEN is=IDLE awp=false se=false i=true al=0},r=1,c=false/false,a=IDLE,uri=null,age=0} onFillable exit HttpChannelState@40df83a{s=IDLE rs=BLOCKING os=OPEN is=IDLE awp=false se=false i=true al=0} null
01:46:19.572 [qtp961160488-16] DEBUG org.eclipse.jetty.util.thread.QueuedThreadPool - ran org.eclipse.jetty.io.ManagedSelector$$Lambda$253/838473569@2c1b194a in QueuedThreadPool[qtp961160488]@394a2528{STARTED,8<=8<=200,i=1,r=-1,q=0}[ReservedThreadExecutor@383bfa16{reserved=1/8,pending=0}]
01:46:19.721 [main] DEBUG org.apache.nifi.minifi.bootstrap.configuration.ingestors.PullHttpChangeIngestor - New change received, notifying listener
01:46:19.722 [main] DEBUG org.apache.nifi.minifi.bootstrap.configuration.ingestors.PullHttpChangeIngestor - Listeners notified
]]></system-out>
  </testcase>
  <testcase name="testNoUpdate" classname="org.apache.nifi.minifi.bootstrap.configuration.ingestors.PullHttpChangeIngestorTest" time="0.006">
    <system-out><![CDATA[01:46:19.731 [main] DEBUG org.apache.nifi.minifi.bootstrap.configuration.ingestors.PullHttpChangeIngestor - Attempting to pull new config
01:46:19.731 [qtp961160488-20-acceptor-0@1e1a0406-ServerConnector@446293d{HTTP/1.1, (http/1.1)}{localhost:46379}] DEBUG org.eclipse.jetty.io.ManagedSelector - Queued change lazy=false Accept@ecf993f[java.nio.channels.SocketChannel[connected local=/127.0.0.1:46379 remote=/127.0.0.1:45566]] on ManagedSelector@316bcf94{STARTED} id=2 keys=1 selected=0 updates=0
01:46:19.731 [qtp961160488-20-acceptor-0@1e1a0406-ServerConnector@446293d{HTTP/1.1, (http/1.1)}{localhost:46379}] DEBUG org.eclipse.jetty.io.ManagedSelector - Wakeup on submit ManagedSelector@316bcf94{STARTED} id=2 keys=1 selected=0 updates=1
01:46:19.731 [qtp961160488-21] DEBUG org.eclipse.jetty.io.ManagedSelector - Selector sun.nio.ch.EPollSelectorImpl@2216d458 woken with none selected
01:46:19.731 [qtp961160488-21] DEBUG org.eclipse.jetty.io.ManagedSelector - Selector sun.nio.ch.EPollSelectorImpl@2216d458 woken up from select, 0/0/1 selected
01:46:19.731 [qtp961160488-21] DEBUG org.eclipse.jetty.io.ManagedSelector - Selector sun.nio.ch.EPollSelectorImpl@2216d458 processing 0 keys, 1 updates
01:46:19.731 [qtp961160488-21] DEBUG org.eclipse.jetty.io.ManagedSelector - updateable 1
01:46:19.731 [qtp961160488-21] DEBUG org.eclipse.jetty.io.ManagedSelector - update Accept@ecf993f[java.nio.channels.SocketChannel[connected local=/127.0.0.1:46379 remote=/127.0.0.1:45566]]
01:46:19.732 [qtp961160488-21] DEBUG org.eclipse.jetty.util.thread.QueuedThreadPool - queue Accept@ecf993f[java.nio.channels.SocketChannel[connected local=/127.0.0.1:46379 remote=/127.0.0.1:45566]] startThread=0
01:46:19.732 [qtp961160488-21] DEBUG org.eclipse.jetty.io.ManagedSelector - updates 0
01:46:19.732 [qtp961160488-19] DEBUG org.eclipse.jetty.util.thread.QueuedThreadPool - run Accept@ecf993f[java.nio.channels.SocketChannel[connected local=/127.0.0.1:46379 remote=/127.0.0.1:45566]] in QueuedThreadPool[qtp961160488]@394a2528{STARTED,8<=8<=200,i=1,r=-1,q=0}[ReservedThreadExecutor@383bfa16{reserved=1/8,pending=0}]
01:46:19.732 [qtp961160488-21] DEBUG org.eclipse.jetty.io.ManagedSelector - Selector sun.nio.ch.EPollSelectorImpl@2216d458 waiting with 2 keys
01:46:19.732 [qtp961160488-19] DEBUG org.eclipse.jetty.io.IdleTimeout - SocketChannelEndPoint@8d03880{l=/127.0.0.1:46379,r=/127.0.0.1:45566,OPEN,fill=-,flush=-,to=0/3000}{io=0/0,kio=0,kro=0}-><null> idle timeout check, elapsed: 0 ms, remaining: 3000 ms
01:46:19.732 [qtp961160488-19] DEBUG org.eclipse.jetty.server.HttpChannel - new HttpChannelOverHttp@1088a4a6{s=HttpChannelState@5cc16ad0{s=IDLE rs=BLOCKING os=OPEN is=IDLE awp=false se=false i=true al=0},r=0,c=false/false,a=IDLE,uri=null,age=0} -> SocketChannelEndPoint@8d03880{l=/127.0.0.1:46379,r=/127.0.0.1:45566,OPEN,fill=-,flush=-,to=0/3000}{io=0/0,kio=0,kro=0}-><null>,null,HttpChannelState@5cc16ad0{s=IDLE rs=BLOCKING os=OPEN is=IDLE awp=false se=false i=true al=0}
01:46:19.732 [qtp961160488-19] DEBUG org.eclipse.jetty.server.HttpConnection - New HTTP Connection HttpConnection@417f82d1::SocketChannelEndPoint@8d03880{l=/127.0.0.1:46379,r=/127.0.0.1:45566,OPEN,fill=-,flush=-,to=0/3000}{io=0/0,kio=0,kro=0}-><null>
01:46:19.732 [qtp961160488-19] DEBUG org.eclipse.jetty.io.ManagedSelector - Queued change lazy=true org.eclipse.jetty.io.ManagedSelector$$Lambda$258/102804084@48e2a646 on ManagedSelector@316bcf94{STARTED} id=2 keys=2 selected=0 updates=0
01:46:19.732 [qtp961160488-19] DEBUG org.eclipse.jetty.io.AbstractEndPoint - onOpen SocketChannelEndPoint@8d03880{l=/127.0.0.1:46379,r=/127.0.0.1:45566,OPEN,fill=-,flush=-,to=0/3000}{io=0/0,kio=0,kro=0}->HttpConnection@417f82d1[p=HttpParser{s=START,0 of -1},g=HttpGenerator@1d9a8668{s=START}]=>HttpChannelOverHttp@1088a4a6{s=HttpChannelState@5cc16ad0{s=IDLE rs=BLOCKING os=OPEN is=IDLE awp=false se=false i=true al=0},r=0,c=false/false,a=IDLE,uri=null,age=0}
01:46:19.732 [qtp961160488-19] DEBUG org.eclipse.jetty.io.AbstractConnection - onOpen HttpConnection@417f82d1::SocketChannelEndPoint@8d03880{l=/127.0.0.1:46379,r=/127.0.0.1:45566,OPEN,fill=-,flush=-,to=0/3000}{io=0/0,kio=0,kro=0}->HttpConnection@417f82d1[p=HttpParser{s=START,0 of -1},g=HttpGenerator@1d9a8668{s=START}]=>HttpChannelOverHttp@1088a4a6{s=HttpChannelState@5cc16ad0{s=IDLE rs=BLOCKING os=OPEN is=IDLE awp=false se=false i=true al=0},r=0,c=false/false,a=IDLE,uri=null,age=0}
01:46:19.732 [qtp961160488-19] DEBUG org.eclipse.jetty.io.AbstractConnection - fillInterested HttpConnection@417f82d1::SocketChannelEndPoint@8d03880{l=/127.0.0.1:46379,r=/127.0.0.1:45566,OPEN,fill=-,flush=-,to=0/3000}{io=0/0,kio=0,kro=0}->HttpConnection@417f82d1[p=HttpParser{s=START,0 of -1},g=HttpGenerator@1d9a8668{s=START}]=>HttpChannelOverHttp@1088a4a6{s=HttpChannelState@5cc16ad0{s=IDLE rs=BLOCKING os=OPEN is=IDLE awp=false se=false i=true al=0},r=0,c=false/false,a=IDLE,uri=null,age=0}
01:46:19.732 [qtp961160488-19] DEBUG org.eclipse.jetty.io.FillInterest - interested FillInterest@4a5af8e1{AC.ReadCB@417f82d1{HttpConnection@417f82d1::SocketChannelEndPoint@8d03880{l=/127.0.0.1:46379,r=/127.0.0.1:45566,OPEN,fill=FI,flush=-,to=0/3000}{io=0/0,kio=0,kro=0}->HttpConnection@417f82d1[p=HttpParser{s=START,0 of -1},g=HttpGenerator@1d9a8668{s=START}]=>HttpChannelOverHttp@1088a4a6{s=HttpChannelState@5cc16ad0{s=IDLE rs=BLOCKING os=OPEN is=IDLE awp=false se=false i=true al=0},r=0,c=false/false,a=IDLE,uri=null,age=0}}}
01:46:19.732 [qtp961160488-19] DEBUG org.eclipse.jetty.io.ChannelEndPoint - changeInterests p=false 0->1 for SocketChannelEndPoint@8d03880{l=/127.0.0.1:46379,r=/127.0.0.1:45566,OPEN,fill=FI,flush=-,to=0/3000}{io=0/1,kio=0,kro=0}->HttpConnection@417f82d1[p=HttpParser{s=START,0 of -1},g=HttpGenerator@1d9a8668{s=START}]=>HttpChannelOverHttp@1088a4a6{s=HttpChannelState@5cc16ad0{s=IDLE rs=BLOCKING os=OPEN is=IDLE awp=false se=false i=true al=0},r=0,c=false/false,a=IDLE,uri=null,age=0}
01:46:19.732 [qtp961160488-19] DEBUG org.eclipse.jetty.io.ManagedSelector - Queued change lazy=false org.eclipse.jetty.io.ChannelEndPoint$$Lambda$255/981852870@778e9271 on ManagedSelector@316bcf94{STARTED} id=2 keys=2 selected=0 updates=1
01:46:19.732 [qtp961160488-19] DEBUG org.eclipse.jetty.io.ManagedSelector - Wakeup on submit ManagedSelector@316bcf94{STARTED} id=2 keys=2 selected=0 updates=2
01:46:19.732 [qtp961160488-21] DEBUG org.eclipse.jetty.io.ManagedSelector - Selector sun.nio.ch.EPollSelectorImpl@2216d458 woken with none selected
01:46:19.732 [qtp961160488-21] DEBUG org.eclipse.jetty.io.ManagedSelector - Selector sun.nio.ch.EPollSelectorImpl@2216d458 woken up from select, 0/0/2 selected
01:46:19.732 [qtp961160488-21] DEBUG org.eclipse.jetty.io.ManagedSelector - Selector sun.nio.ch.EPollSelectorImpl@2216d458 processing 0 keys, 2 updates
01:46:19.732 [qtp961160488-19] DEBUG org.eclipse.jetty.io.ManagedSelector - Created SocketChannelEndPoint@8d03880{l=/127.0.0.1:46379,r=/127.0.0.1:45566,OPEN,fill=FI,flush=-,to=0/3000}{io=0/1,kio=0,kro=0}->HttpConnection@417f82d1[p=HttpParser{s=START,0 of -1},g=HttpGenerator@1d9a8668{s=START}]=>HttpChannelOverHttp@1088a4a6{s=HttpChannelState@5cc16ad0{s=IDLE rs=BLOCKING os=OPEN is=IDLE awp=false se=false i=true al=0},r=0,c=false/false,a=IDLE,uri=null,age=0}
01:46:19.732 [qtp961160488-21] DEBUG org.eclipse.jetty.io.ManagedSelector - updateable 2
01:46:19.732 [qtp961160488-21] DEBUG org.eclipse.jetty.io.ManagedSelector - update org.eclipse.jetty.io.ManagedSelector$$Lambda$258/102804084@48e2a646
01:46:19.732 [qtp961160488-21] DEBUG org.eclipse.jetty.io.ManagedSelector - update org.eclipse.jetty.io.ChannelEndPoint$$Lambda$255/981852870@778e9271
01:46:19.732 [qtp961160488-19] DEBUG org.eclipse.jetty.util.thread.QueuedThreadPool - ran Accept@ecf993f[java.nio.channels.SocketChannel[connected local=/127.0.0.1:46379 remote=/127.0.0.1:45566]] in QueuedThreadPool[qtp961160488]@394a2528{STARTED,8<=8<=200,i=1,r=-1,q=0}[ReservedThreadExecutor@383bfa16{reserved=1/8,pending=0}]
01:46:19.733 [qtp961160488-21] DEBUG org.eclipse.jetty.io.ChannelEndPoint - Key interests updated 0 -> 1 on SocketChannelEndPoint@8d03880{l=/127.0.0.1:46379,r=/127.0.0.1:45566,OPEN,fill=FI,flush=-,to=0/3000}{io=1/1,kio=1,kro=0}->HttpConnection@417f82d1[p=HttpParser{s=START,0 of -1},g=HttpGenerator@1d9a8668{s=START}]=>HttpChannelOverHttp@1088a4a6{s=HttpChannelState@5cc16ad0{s=IDLE rs=BLOCKING os=OPEN is=IDLE awp=false se=false i=true al=0},r=0,c=false/false,a=IDLE,uri=null,age=0}
01:46:19.733 [qtp961160488-21] DEBUG org.eclipse.jetty.io.ManagedSelector - updates 0
01:46:19.733 [qtp961160488-21] DEBUG org.eclipse.jetty.io.ManagedSelector - Selector sun.nio.ch.EPollSelectorImpl@2216d458 waiting with 2 keys
01:46:19.733 [qtp961160488-21] DEBUG org.eclipse.jetty.io.ManagedSelector - Selector sun.nio.ch.EPollSelectorImpl@2216d458 woken up from select, 1/1/2 selected
01:46:19.733 [qtp961160488-21] DEBUG org.eclipse.jetty.io.ManagedSelector - Selector sun.nio.ch.EPollSelectorImpl@2216d458 processing 1 keys, 0 updates
01:46:19.733 [qtp961160488-21] DEBUG org.eclipse.jetty.io.ManagedSelector - selected 1 sun.nio.ch.SelectionKeyImpl@724ed8b9 SocketChannelEndPoint@8d03880{l=/127.0.0.1:46379,r=/127.0.0.1:45566,OPEN,fill=FI,flush=-,to=0/3000}{io=1/1,kio=1,kro=1}->HttpConnection@417f82d1[p=HttpParser{s=START,0 of -1},g=HttpGenerator@1d9a8668{s=START}]=>HttpChannelOverHttp@1088a4a6{s=HttpChannelState@5cc16ad0{s=IDLE rs=BLOCKING os=OPEN is=IDLE awp=false se=false i=true al=0},r=0,c=false/false,a=IDLE,uri=null,age=0} 
01:46:19.733 [qtp961160488-21] DEBUG org.eclipse.jetty.io.ChannelEndPoint - onSelected 1->0 r=true w=false for SocketChannelEndPoint@8d03880{l=/127.0.0.1:46379,r=/127.0.0.1:45566,OPEN,fill=FI,flush=-,to=0/3000}{io=1/0,kio=1,kro=1}->HttpConnection@417f82d1[p=HttpParser{s=START,0 of -1},g=HttpGenerator@1d9a8668{s=START}]=>HttpChannelOverHttp@1088a4a6{s=HttpChannelState@5cc16ad0{s=IDLE rs=BLOCKING os=OPEN is=IDLE awp=false se=false i=true al=0},r=0,c=false/false,a=IDLE,uri=null,age=0}
01:46:19.733 [qtp961160488-21] DEBUG org.eclipse.jetty.io.ChannelEndPoint - task CEP:SocketChannelEndPoint@8d03880{l=/127.0.0.1:46379,r=/127.0.0.1:45566,OPEN,fill=FI,flush=-,to=0/3000}{io=1/0,kio=1,kro=1}->HttpConnection@417f82d1[p=HttpParser{s=START,0 of -1},g=HttpGenerator@1d9a8668{s=START}]=>HttpChannelOverHttp@1088a4a6{s=HttpChannelState@5cc16ad0{s=IDLE rs=BLOCKING os=OPEN is=IDLE awp=false se=false i=true al=0},r=0,c=false/false,a=IDLE,uri=null,age=0}:runFillable:BLOCKING
01:46:19.733 [qtp961160488-21] DEBUG org.eclipse.jetty.util.thread.ReservedThreadExecutor - ReservedThreadExecutor@383bfa16{reserved=1/8,pending=0} tryExecute EatWhatYouKill@ffaa6af/SelectorProducer@53ce1329/PRODUCING/p=false/QueuedThreadPool[qtp961160488]@394a2528{STARTED,8<=8<=200,i=2,r=-1,q=0}[ReservedThreadExecutor@383bfa16{reserved=1/8,pending=0}][pc=0,pic=0,pec=0,epc=1]@2024-05-02T01:46:19.733+01:00
01:46:19.733 [qtp961160488-21] DEBUG org.eclipse.jetty.util.thread.ReservedThreadExecutor - ReservedThreadExecutor@383bfa16{reserved=0/8,pending=1} startReservedThread p=1
01:46:19.733 [qtp961160488-21] DEBUG org.eclipse.jetty.util.thread.QueuedThreadPool - queue ReservedThread@76714228{PENDING,thread=null} startThread=0
01:46:19.733 [qtp961160488-16] DEBUG org.eclipse.jetty.util.thread.QueuedThreadPool - run ReservedThread@76714228{PENDING,thread=null} in QueuedThreadPool[qtp961160488]@394a2528{STARTED,8<=8<=200,i=1,r=-1,q=0}[ReservedThreadExecutor@383bfa16{reserved=0/8,pending=1}]
01:46:19.733 [qtp961160488-16] DEBUG org.eclipse.jetty.util.thread.ReservedThreadExecutor - ReservedThread@76714228{PENDING,thread=Thread[qtp961160488-16,5,main]} was=PENDING next=RESERVED size=0+1 capacity=8
01:46:19.733 [qtp961160488-16] DEBUG org.eclipse.jetty.util.thread.ReservedThreadExecutor - ReservedThread@76714228{RESERVED,thread=Thread[qtp961160488-16,5,main]} waiting ReservedThreadExecutor@383bfa16{reserved=1/8,pending=0}
01:46:19.733 [qtp961160488-15] DEBUG org.eclipse.jetty.util.thread.ReservedThreadExecutor - ReservedThread@18d91e9a{RESERVED,thread=Thread[qtp961160488-15,5,main]} task=EatWhatYouKill@ffaa6af/SelectorProducer@53ce1329/IDLE/p=true/QueuedThreadPool[qtp961160488]@394a2528{STARTED,8<=8<=200,i=1,r=-1,q=0}[ReservedThreadExecutor@383bfa16{reserved=0/8,pending=1}][pc=0,pic=0,pec=0,epc=1]@2024-05-02T01:46:19.733+01:00 ReservedThreadExecutor@383bfa16{reserved=1/8,pending=0}
01:46:19.734 [qtp961160488-21] DEBUG org.eclipse.jetty.util.thread.strategy.EatWhatYouKill - EatWhatYouKill@ffaa6af/SelectorProducer@53ce1329/IDLE/p=true/QueuedThreadPool[qtp961160488]@394a2528{STARTED,8<=8<=200,i=1,r=-1,q=0}[ReservedThreadExecutor@383bfa16{reserved=1/8,pending=0}][pc=0,pic=0,pec=0,epc=1]@2024-05-02T01:46:19.734+01:00 m=EXECUTE_PRODUCE_CONSUME t=CEP:SocketChannelEndPoint@8d03880{l=/127.0.0.1:46379,r=/127.0.0.1:45566,OPEN,fill=FI,flush=-,to=1/3000}{io=1/0,kio=1,kro=1}->HttpConnection@417f82d1[p=HttpParser{s=START,0 of -1},g=HttpGenerator@1d9a8668{s=START}]=>HttpChannelOverHttp@1088a4a6{s=HttpChannelState@5cc16ad0{s=IDLE rs=BLOCKING os=OPEN is=IDLE awp=false se=false i=true al=0},r=0,c=false/false,a=IDLE,uri=null,age=0}:runFillable:BLOCKING/BLOCKING
01:46:19.734 [qtp961160488-15] DEBUG org.eclipse.jetty.util.thread.strategy.EatWhatYouKill - EatWhatYouKill@ffaa6af/SelectorProducer@53ce1329/IDLE/p=true/QueuedThreadPool[qtp961160488]@394a2528{STARTED,8<=8<=200,i=1,r=-1,q=0}[ReservedThreadExecutor@383bfa16{reserved=1/8,pending=0}][pc=0,pic=0,pec=0,epc=1]@2024-05-02T01:46:19.734+01:00 tryProduce true
01:46:19.734 [qtp961160488-15] DEBUG org.eclipse.jetty.io.ManagedSelector - updateable 0
01:46:19.734 [qtp961160488-15] DEBUG org.eclipse.jetty.io.ManagedSelector - updates 0
01:46:19.734 [qtp961160488-21] DEBUG org.eclipse.jetty.io.FillInterest - fillable FillInterest@4a5af8e1{AC.ReadCB@417f82d1{HttpConnection@417f82d1::SocketChannelEndPoint@8d03880{l=/127.0.0.1:46379,r=/127.0.0.1:45566,OPEN,fill=FI,flush=-,to=1/3000}{io=1/0,kio=1,kro=1}->HttpConnection@417f82d1[p=HttpParser{s=START,0 of -1},g=HttpGenerator@1d9a8668{s=START}]=>HttpChannelOverHttp@1088a4a6{s=HttpChannelState@5cc16ad0{s=IDLE rs=BLOCKING os=OPEN is=IDLE awp=false se=false i=true al=0},r=0,c=false/false,a=IDLE,uri=null,age=0}}}
01:46:19.734 [qtp961160488-21] DEBUG org.eclipse.jetty.server.HttpConnection - HttpConnection@417f82d1::SocketChannelEndPoint@8d03880{l=/127.0.0.1:46379,r=/127.0.0.1:45566,OPEN,fill=-,flush=-,to=1/3000}{io=0/0,kio=0,kro=1}->HttpConnection@417f82d1[p=HttpParser{s=START,0 of -1},g=HttpGenerator@1d9a8668{s=START}]=>HttpChannelOverHttp@1088a4a6{s=HttpChannelState@5cc16ad0{s=IDLE rs=BLOCKING os=OPEN is=IDLE awp=false se=false i=true al=0},r=0,c=false/false,a=IDLE,uri=null,age=0} onFillable enter HttpChannelState@5cc16ad0{s=IDLE rs=BLOCKING os=OPEN is=IDLE awp=false se=false i=true al=0} null
01:46:19.734 [qtp961160488-15] DEBUG org.eclipse.jetty.io.ChannelEndPoint - Key interests updated 1 -> 0 on SocketChannelEndPoint@8d03880{l=/127.0.0.1:46379,r=/127.0.0.1:45566,OPEN,fill=FI,flush=-,to=1/3000}{io=0/0,kio=0,kro=1}->HttpConnection@417f82d1[p=HttpParser{s=START,0 of -1},g=HttpGenerator@1d9a8668{s=START}]=>HttpChannelOverHttp@1088a4a6{s=HttpChannelState@5cc16ad0{s=IDLE rs=BLOCKING os=OPEN is=IDLE awp=false se=false i=true al=0},r=0,c=false/false,a=IDLE,uri=null,age=0}
01:46:19.734 [qtp961160488-15] DEBUG org.eclipse.jetty.io.ManagedSelector - Selector sun.nio.ch.EPollSelectorImpl@2216d458 waiting with 2 keys
01:46:19.734 [qtp961160488-21] DEBUG org.eclipse.jetty.io.ChannelEndPoint - filled 115 HeapByteBuffer@47ae9336[p=0,l=115,c=8192,r=115]={<<<GET / HTTP/1.1\r\nHost: loc...gent: okhttp/3.12.3\r\n\r\n>>>nt-Length...\x00\x00\x00\x00\x00\x00\x00}
01:46:19.734 [qtp961160488-21] DEBUG org.eclipse.jetty.server.HttpConnection - HttpConnection@417f82d1::SocketChannelEndPoint@8d03880{l=/127.0.0.1:46379,r=/127.0.0.1:45566,OPEN,fill=-,flush=-,to=0/3000}{io=0/0,kio=0,kro=1}->HttpConnection@417f82d1[p=HttpParser{s=START,0 of -1},g=HttpGenerator@1d9a8668{s=START}]=>HttpChannelOverHttp@1088a4a6{s=HttpChannelState@5cc16ad0{s=IDLE rs=BLOCKING os=OPEN is=IDLE awp=false se=false i=true al=0},r=0,c=false/false,a=IDLE,uri=null,age=0} filled 115 HeapByteBuffer@47ae9336[p=0,l=115,c=8192,r=115]={<<<GET / HTTP/1.1\r\nHost: loc...gent: okhttp/3.12.3\r\n\r\n>>>nt-Length...\x00\x00\x00\x00\x00\x00\x00}
01:46:19.734 [qtp961160488-21] DEBUG org.eclipse.jetty.server.HttpConnection - HttpConnection@417f82d1::SocketChannelEndPoint@8d03880{l=/127.0.0.1:46379,r=/127.0.0.1:45566,OPEN,fill=-,flush=-,to=0/3000}{io=0/0,kio=0,kro=1}->HttpConnection@417f82d1[p=HttpParser{s=START,0 of -1},g=HttpGenerator@1d9a8668{s=START}]=>HttpChannelOverHttp@1088a4a6{s=HttpChannelState@5cc16ad0{s=IDLE rs=BLOCKING os=OPEN is=IDLE awp=false se=false i=true al=0},r=0,c=false/false,a=IDLE,uri=null,age=0} parse HeapByteBuffer@47ae9336[p=0,l=115,c=8192,r=115]={<<<GET / HTTP/1.1\r\nHost: loc...gent: okhttp/3.12.3\r\n\r\n>>>nt-Length...\x00\x00\x00\x00\x00\x00\x00} {}
01:46:19.734 [qtp961160488-21] DEBUG org.eclipse.jetty.http.HttpParser - parseNext s=START HeapByteBuffer@47ae9336[p=0,l=115,c=8192,r=115]={<<<GET / HTTP/1.1\r\nHost: loc...gent: okhttp/3.12.3\r\n\r\n>>>nt-Length...\x00\x00\x00\x00\x00\x00\x00}
01:46:19.734 [qtp961160488-21] DEBUG org.eclipse.jetty.http.HttpParser - START --> SPACE1
01:46:19.734 [qtp961160488-21] DEBUG org.eclipse.jetty.http.HttpParser - SPACE1 --> URI
01:46:19.734 [qtp961160488-21] DEBUG org.eclipse.jetty.http.HttpParser - URI --> SPACE2
01:46:19.734 [qtp961160488-21] DEBUG org.eclipse.jetty.http.HttpParser - SPACE2 --> REQUEST_VERSION
01:46:19.734 [qtp961160488-21] DEBUG org.eclipse.jetty.http.HttpParser - REQUEST_VERSION --> HEADER
01:46:19.734 [qtp961160488-21] DEBUG org.eclipse.jetty.http.HttpParser - HEADER:Host --> VALUE
01:46:19.734 [qtp961160488-21] DEBUG org.eclipse.jetty.http.HttpParser - HEADER:Host --> IN_VALUE
01:46:19.734 [qtp961160488-21] DEBUG org.eclipse.jetty.http.HttpParser - HEADER:Host --> FIELD
01:46:19.734 [qtp961160488-21] DEBUG org.eclipse.jetty.http.HttpParser - HEADER:Connection: keep-alive --> IN_VALUE
01:46:19.734 [qtp961160488-21] DEBUG org.eclipse.jetty.http.HttpParser - HEADER:Connection: keep-alive --> FIELD
01:46:19.734 [qtp961160488-21] DEBUG org.eclipse.jetty.http.HttpParser - HEADER:Accept-Encoding: gzip --> IN_VALUE
01:46:19.734 [qtp961160488-21] DEBUG org.eclipse.jetty.http.HttpParser - HEADER:Accept-Encoding: gzip --> FIELD
01:46:19.734 [qtp961160488-21] DEBUG org.eclipse.jetty.http.HttpParser - HEADER:User-Agent --> VALUE
01:46:19.734 [qtp961160488-21] DEBUG org.eclipse.jetty.http.HttpParser - HEADER:User-Agent --> IN_VALUE
01:46:19.734 [qtp961160488-21] DEBUG org.eclipse.jetty.http.HttpParser - HEADER:User-Agent --> FIELD
01:46:19.734 [qtp961160488-21] DEBUG org.eclipse.jetty.http.HttpParser - HEADER --> CONTENT
01:46:19.734 [qtp961160488-21] DEBUG org.eclipse.jetty.server.HttpChannel - REQUEST for //localhost:46379/ on HttpChannelOverHttp@1088a4a6{s=HttpChannelState@5cc16ad0{s=IDLE rs=BLOCKING os=OPEN is=IDLE awp=false se=false i=true al=0},r=1,c=false/false,a=IDLE,uri=//localhost:46379/,age=0}
GET //localhost:46379/ HTTP/1.1
Host: localhost:46379
Connection: keep-alive
Accept-Encoding: gzip
User-Agent: okhttp/3.12.3


01:46:19.735 [qtp961160488-21] DEBUG org.eclipse.jetty.server.HttpConnection - HttpConnection@417f82d1::SocketChannelEndPoint@8d03880{l=/127.0.0.1:46379,r=/127.0.0.1:45566,OPEN,fill=-,flush=-,to=0/3000}{io=0/0,kio=0,kro=1}->HttpConnection@417f82d1[p=HttpParser{s=CONTENT,0 of -1},g=HttpGenerator@1d9a8668{s=START}]=>HttpChannelOverHttp@1088a4a6{s=HttpChannelState@5cc16ad0{s=IDLE rs=BLOCKING os=OPEN is=IDLE awp=false se=false i=true al=0},r=1,c=false/false,a=IDLE,uri=//localhost:46379/,age=1} parsed true HttpParser{s=CONTENT,0 of -1}
01:46:19.735 [qtp961160488-21] DEBUG org.eclipse.jetty.server.HttpConnection - releaseRequestBuffer HttpConnection@417f82d1::SocketChannelEndPoint@8d03880{l=/127.0.0.1:46379,r=/127.0.0.1:45566,OPEN,fill=-,flush=-,to=0/3000}{io=0/0,kio=0,kro=1}->HttpConnection@417f82d1[p=HttpParser{s=CONTENT,0 of -1},g=HttpGenerator@1d9a8668{s=START}]=>HttpChannelOverHttp@1088a4a6{s=HttpChannelState@5cc16ad0{s=IDLE rs=BLOCKING os=OPEN is=IDLE awp=false se=false i=true al=0},r=1,c=false/false,a=IDLE,uri=//localhost:46379/,age=1}
01:46:19.735 [qtp961160488-21] DEBUG org.eclipse.jetty.server.HttpChannel - handle //localhost:46379/ HttpChannelOverHttp@1088a4a6{s=HttpChannelState@5cc16ad0{s=IDLE rs=BLOCKING os=OPEN is=IDLE awp=false se=false i=true al=0},r=1,c=false/false,a=IDLE,uri=//localhost:46379/,age=1} 
01:46:19.735 [qtp961160488-21] DEBUG org.eclipse.jetty.server.HttpChannelState - handling HttpChannelState@5cc16ad0{s=IDLE rs=BLOCKING os=OPEN is=IDLE awp=false se=false i=true al=0}
01:46:19.735 [qtp961160488-21] DEBUG org.eclipse.jetty.server.HttpChannel - action DISPATCH HttpChannelOverHttp@1088a4a6{s=HttpChannelState@5cc16ad0{s=HANDLING rs=BLOCKING os=OPEN is=IDLE awp=false se=false i=true al=0},r=1,c=false/false,a=HANDLING,uri=//localhost:46379/,age=1}
01:46:19.735 [qtp961160488-21] DEBUG org.eclipse.jetty.server.Server - REQUEST GET / on HttpChannelOverHttp@1088a4a6{s=HttpChannelState@5cc16ad0{s=HANDLING rs=BLOCKING os=OPEN is=IDLE awp=false se=false i=true al=0},r=1,c=false/false,a=HANDLING,uri=//localhost:46379/,age=1}
01:46:19.735 [qtp961160488-21] DEBUG org.eclipse.jetty.server.HttpOutput - write(array HeapByteBuffer@3373d282[p=0,l=4,c=512,r=4]={<<<test>>>\x00\x00\x00\x00\x00\x00\x00\x00\x00...\x00\x00\x00\x00\x00\x00\x00})
01:46:19.735 [qtp961160488-21] DEBUG org.eclipse.jetty.server.HttpOutput - write(array) s=CLOSING,api=BLOCKED,sc=false,e=null last=true agg=false flush=true async=false, len=4 null
01:46:19.735 [qtp961160488-21] DEBUG org.eclipse.jetty.server.HttpChannel - sendResponse info=null content=HeapByteBuffer@685ee5d[p=0,l=4,c=512,r=4]={<<<test>>>\x00\x00\x00\x00\x00\x00\x00\x00\x00...\x00\x00\x00\x00\x00\x00\x00} complete=true committing=true callback=Blocker@28a6524{null}
01:46:19.735 [qtp961160488-21] DEBUG org.eclipse.jetty.server.HttpChannel - COMMIT for / on HttpChannelOverHttp@1088a4a6{s=HttpChannelState@5cc16ad0{s=HANDLING rs=BLOCKING os=COMMITTED is=IDLE awp=false se=false i=true al=0},r=1,c=false/false,a=HANDLING,uri=//localhost:46379/,age=1}
200 null HTTP/1.1
Date: Thu, 02 May 2024 00:46:19 GMT
ETag: testEtag
Content-Type: text/plain;charset=utf-8
Content-Length: 4


01:46:19.735 [qtp961160488-21] DEBUG org.eclipse.jetty.server.HttpConnection - generate: NEED_HEADER for SendCallback@7e96075f[PROCESSING][i=HTTP/1.1{s=200,h=4,cl=4},cb=org.eclipse.jetty.server.HttpChannel$SendCallback@535c2dcd] (null,[p=0,l=4,c=512,r=4],true)@START
01:46:19.735 [qtp961160488-21] DEBUG org.eclipse.jetty.http.HttpGenerator - generateHeaders HTTP/1.1{s=200,h=4,cl=4} last=true content=HeapByteBuffer@685ee5d[p=0,l=4,c=512,r=4]={<<<test>>>\x00\x00\x00\x00\x00\x00\x00\x00\x00...\x00\x00\x00\x00\x00\x00\x00}
01:46:19.735 [qtp961160488-21] DEBUG org.eclipse.jetty.http.HttpGenerator - Date: Thu, 02 May 2024 00:46:19 GMT
ETag: testEtag
Content-Type: text/plain;charset=utf-8
Content-Length: 4


01:46:19.735 [qtp961160488-21] DEBUG org.eclipse.jetty.http.HttpGenerator - CONTENT_LENGTH
01:46:19.735 [qtp961160488-21] DEBUG org.eclipse.jetty.server.HttpConnection - generate: FLUSH for SendCallback@7e96075f[PROCESSING][i=HTTP/1.1{s=200,h=4,cl=4},cb=org.eclipse.jetty.server.HttpChannel$SendCallback@535c2dcd] ([p=0,l=164,c=8192,r=164],[p=0,l=4,c=512,r=4],true)@COMPLETING
01:46:19.735 [qtp961160488-21] DEBUG org.eclipse.jetty.io.WriteFlusher - write: WriteFlusher@7a02d6fd{IDLE}->null [HeapByteBuffer@47ae9336[p=0,l=164,c=8192,r=164]={<<<HTTP/1.1 200 OK\r\nDate: Th...y(9.4.44.v20210927)\r\n\r\n>>>\n\r\n\x00\x00\x00\x00\x00\x00...\x00\x00\x00\x00\x00\x00\x00},HeapByteBuffer@685ee5d[p=0,l=4,c=512,r=4]={<<<test>>>\x00\x00\x00\x00\x00\x00\x00\x00\x00...\x00\x00\x00\x00\x00\x00\x00}]
01:46:19.735 [qtp961160488-21] DEBUG org.eclipse.jetty.io.WriteFlusher - update WriteFlusher@7a02d6fd{WRITING}->null:IDLE-->WRITING
01:46:19.735 [qtp961160488-21] DEBUG org.eclipse.jetty.io.ChannelEndPoint - flushed 168 SocketChannelEndPoint@8d03880{l=/127.0.0.1:46379,r=/127.0.0.1:45566,OPEN,fill=-,flush=W,to=1/3000}{io=0/0,kio=0,kro=1}->HttpConnection@417f82d1[p=HttpParser{s=CONTENT,0 of -1},g=HttpGenerator@1d9a8668{s=COMPLETING}]=>HttpChannelOverHttp@1088a4a6{s=HttpChannelState@5cc16ad0{s=HANDLING rs=BLOCKING os=COMMITTED is=IDLE awp=false se=false i=true al=0},r=1,c=false/false,a=HANDLING,uri=//localhost:46379/,age=1}
01:46:19.735 [qtp961160488-21] DEBUG org.eclipse.jetty.io.WriteFlusher - Flushed=true written=168 remaining=0 WriteFlusher@7a02d6fd{WRITING}->null
01:46:19.735 [main] DEBUG org.apache.nifi.minifi.bootstrap.configuration.ingestors.PullHttpChangeIngestor - Response received: Response{protocol=http/1.1, code=200, message=OK, url=http://localhost:46379/}
01:46:19.735 [qtp961160488-21] DEBUG org.eclipse.jetty.io.WriteFlusher - update WriteFlusher@7a02d6fd{IDLE}->null:WRITING-->IDLE
01:46:19.735 [qtp961160488-21] DEBUG org.eclipse.jetty.server.HttpConnection - generate: DONE for SendCallback@7e96075f[PROCESSING][i=HTTP/1.1{s=200,h=4,cl=4},cb=org.eclipse.jetty.server.HttpChannel$SendCallback@535c2dcd] ([p=164,l=164,c=8192,r=0],[p=4,l=4,c=512,r=0],true)@END
01:46:19.735 [qtp961160488-21] DEBUG org.eclipse.jetty.server.HttpOutput - onWriteComplete(true,null) s=CLOSING,api=BLOCKED,sc=false,e=null->s=CLOSED,api=BLOCKING,sc=false,e=null c=null cb=null w=false
01:46:19.735 [qtp961160488-21] DEBUG org.eclipse.jetty.server.HttpOutput - close() s=CLOSED,api=BLOCKING,sc=false,e=null c=null b=null
01:46:19.736 [qtp961160488-21] DEBUG org.eclipse.jetty.server.Server - handled=true async=false committed=true on HttpChannelOverHttp@1088a4a6{s=HttpChannelState@5cc16ad0{s=HANDLING rs=BLOCKING os=COMPLETED is=IDLE awp=false se=false i=true al=0},r=1,c=false/true,a=HANDLING,uri=//localhost:46379/,age=2}
01:46:19.736 [main] DEBUG org.apache.nifi.minifi.bootstrap.configuration.ingestors.PullHttpChangeIngestor - Pulled config same as currently running.
01:46:19.736 [qtp961160488-21] DEBUG org.eclipse.jetty.server.HttpChannelState - unhandle HttpChannelState@5cc16ad0{s=HANDLING rs=BLOCKING os=COMPLETED is=IDLE awp=false se=false i=true al=0}
01:46:19.736 [qtp961160488-21] DEBUG org.eclipse.jetty.server.HttpChannelState - nextAction(false) COMPLETE HttpChannelState@5cc16ad0{s=HANDLING rs=COMPLETING os=COMPLETED is=IDLE awp=false se=false i=false al=0}
01:46:19.736 [qtp961160488-21] DEBUG org.eclipse.jetty.server.HttpChannel - action COMPLETE HttpChannelOverHttp@1088a4a6{s=HttpChannelState@5cc16ad0{s=HANDLING rs=COMPLETING os=COMPLETED is=IDLE awp=false se=false i=false al=0},r=1,c=false/true,a=HANDLING,uri=//localhost:46379/,age=2}
01:46:19.736 [qtp961160488-21] DEBUG org.eclipse.jetty.server.HttpOutput - complete(org.eclipse.jetty.util.Callback$3@2bf02fdc) s=CLOSED,api=BLOCKING,sc=false,e=null s=true e=null, c=null
01:46:19.736 [qtp961160488-21] DEBUG org.eclipse.jetty.server.HttpChannelState - completed HttpChannelState@5cc16ad0{s=HANDLING rs=COMPLETING os=COMPLETED is=IDLE awp=false se=false i=false al=0}
01:46:19.736 [qtp961160488-21] DEBUG org.eclipse.jetty.server.HttpChannelState - unhandle HttpChannelState@5cc16ad0{s=HANDLING rs=COMPLETED os=COMPLETED is=IDLE awp=false se=false i=false al=0}
01:46:19.736 [qtp961160488-21] DEBUG org.eclipse.jetty.server.HttpChannelState - nextAction(false) TERMINATED HttpChannelState@5cc16ad0{s=IDLE rs=COMPLETED os=COMPLETED is=IDLE awp=false se=false i=false al=0}
01:46:19.736 [qtp961160488-21] DEBUG org.eclipse.jetty.server.HttpChannel - action TERMINATED HttpChannelOverHttp@1088a4a6{s=HttpChannelState@5cc16ad0{s=IDLE rs=COMPLETED os=COMPLETED is=IDLE awp=false se=false i=false al=0},r=1,c=true/true,a=IDLE,uri=//localhost:46379/,age=2}
01:46:19.736 [qtp961160488-21] DEBUG org.eclipse.jetty.server.HttpChannel - onCompleted for / written=4
]]></system-out>
  </testcase>
  <testcase name="testNoUpdateWithPath" classname="org.apache.nifi.minifi.bootstrap.configuration.ingestors.PullHttpChangeIngestorTest" time="0.007">
    <system-out><![CDATA[01:46:19.736 [qtp961160488-21] DEBUG org.eclipse.jetty.io.ChannelEndPoint - filled 0 HeapByteBuffer@47ae9336[p=0,l=0,c=8192,r=0]={<<<>>>HTTP/1.1 ...\x00\x00\x00\x00\x00\x00\x00}
01:46:19.736 [qtp961160488-21] DEBUG org.eclipse.jetty.io.ChannelEndPoint - filled 0 HeapByteBuffer@47ae9336[p=0,l=0,c=8192,r=0]={<<<>>>HTTP/1.1 ...\x00\x00\x00\x00\x00\x00\x00}
01:46:19.736 [qtp961160488-21] DEBUG org.eclipse.jetty.server.HttpConnection - HttpConnection@417f82d1::SocketChannelEndPoint@8d03880{l=/127.0.0.1:46379,r=/127.0.0.1:45566,OPEN,fill=-,flush=-,to=0/3000}{io=0/0,kio=0,kro=1}->HttpConnection@417f82d1[p=HttpParser{s=CONTENT,0 of -1},g=HttpGenerator@1d9a8668{s=END}]=>HttpChannelOverHttp@1088a4a6{s=HttpChannelState@5cc16ad0{s=IDLE rs=COMPLETED os=COMPLETED is=IDLE awp=false se=false i=false al=0},r=1,c=true/true,a=IDLE,uri=//localhost:46379/,age=2} filled 0 HeapByteBuffer@47ae9336[p=0,l=0,c=8192,r=0]={<<<>>>HTTP/1.1 ...\x00\x00\x00\x00\x00\x00\x00}
01:46:19.736 [qtp961160488-21] DEBUG org.eclipse.jetty.server.HttpConnection - HttpConnection@417f82d1::SocketChannelEndPoint@8d03880{l=/127.0.0.1:46379,r=/127.0.0.1:45566,OPEN,fill=-,flush=-,to=0/3000}{io=0/0,kio=0,kro=1}->HttpConnection@417f82d1[p=HttpParser{s=CONTENT,0 of -1},g=HttpGenerator@1d9a8668{s=END}]=>HttpChannelOverHttp@1088a4a6{s=HttpChannelState@5cc16ad0{s=IDLE rs=COMPLETED os=COMPLETED is=IDLE awp=false se=false i=false al=0},r=1,c=true/true,a=IDLE,uri=//localhost:46379/,age=2} parse HeapByteBuffer@47ae9336[p=0,l=0,c=8192,r=0]={<<<>>>HTTP/1.1 ...\x00\x00\x00\x00\x00\x00\x00} {}
01:46:19.736 [qtp961160488-21] DEBUG org.eclipse.jetty.http.HttpParser - parseNext s=CONTENT HeapByteBuffer@47ae9336[p=0,l=0,c=8192,r=0]={<<<>>>HTTP/1.1 ...\x00\x00\x00\x00\x00\x00\x00}
01:46:19.736 [qtp961160488-21] DEBUG org.eclipse.jetty.http.HttpParser - CONTENT --> CONTENT_END
01:46:19.736 [qtp961160488-21] DEBUG org.eclipse.jetty.server.HttpChannel - onContentComplete HttpChannelOverHttp@1088a4a6{s=HttpChannelState@5cc16ad0{s=IDLE rs=COMPLETED os=COMPLETED is=IDLE awp=false se=false i=false al=0},r=1,c=true/true,a=IDLE,uri=//localhost:46379/,age=2}
01:46:19.736 [qtp961160488-21] DEBUG org.eclipse.jetty.http.HttpParser - CONTENT_END --> END
01:46:19.736 [qtp961160488-21] DEBUG org.eclipse.jetty.server.HttpChannel - onRequestComplete HttpChannelOverHttp@1088a4a6{s=HttpChannelState@5cc16ad0{s=IDLE rs=COMPLETED os=COMPLETED is=IDLE awp=false se=false i=false al=0},r=1,c=true/true,a=IDLE,uri=//localhost:46379/,age=2}
01:46:19.736 [qtp961160488-21] DEBUG org.eclipse.jetty.server.HttpInput - HttpInputOverHTTP@65926902[c=0,q=0,[0]=null,s=STREAM] addContent EOF
01:46:19.737 [qtp961160488-21] DEBUG org.eclipse.jetty.server.HttpConnection - HttpConnection@417f82d1::SocketChannelEndPoint@8d03880{l=/127.0.0.1:46379,r=/127.0.0.1:45566,OPEN,fill=-,flush=-,to=1/3000}{io=0/0,kio=0,kro=1}->HttpConnection@417f82d1[p=HttpParser{s=END,0 of -1},g=HttpGenerator@1d9a8668{s=END}]=>HttpChannelOverHttp@1088a4a6{s=HttpChannelState@5cc16ad0{s=IDLE rs=COMPLETED os=COMPLETED is=IDLE awp=false se=false i=false al=0},r=1,c=true/true,a=IDLE,uri=//localhost:46379/,age=3} parsed false HttpParser{s=END,0 of -1}
01:46:19.737 [qtp961160488-21] DEBUG org.eclipse.jetty.server.HttpConnection - releaseRequestBuffer HttpConnection@417f82d1::SocketChannelEndPoint@8d03880{l=/127.0.0.1:46379,r=/127.0.0.1:45566,OPEN,fill=-,flush=-,to=1/3000}{io=0/0,kio=0,kro=1}->HttpConnection@417f82d1[p=HttpParser{s=END,0 of -1},g=HttpGenerator@1d9a8668{s=END}]=>HttpChannelOverHttp@1088a4a6{s=HttpChannelState@5cc16ad0{s=IDLE rs=COMPLETED os=COMPLETED is=IDLE awp=false se=false i=false al=0},r=1,c=true/true,a=IDLE,uri=//localhost:46379/,age=3}
01:46:19.737 [qtp961160488-21] DEBUG org.eclipse.jetty.server.HttpChannelState - recycle HttpChannelState@5cc16ad0{s=IDLE rs=COMPLETED os=COMPLETED is=IDLE awp=false se=false i=false al=0}
01:46:19.737 [qtp961160488-21] DEBUG org.eclipse.jetty.http.HttpParser - reset HttpParser{s=END,0 of -1}
01:46:19.737 [qtp961160488-21] DEBUG org.eclipse.jetty.http.HttpParser - END --> START
01:46:19.737 [qtp961160488-21] DEBUG org.eclipse.jetty.server.HttpChannel - !handle TERMINATED HttpChannelOverHttp@1088a4a6{s=HttpChannelState@5cc16ad0{s=IDLE rs=BLOCKING os=OPEN is=IDLE awp=false se=false i=true al=0},r=1,c=false/false,a=IDLE,uri=null,age=0}
01:46:19.737 [qtp961160488-21] DEBUG org.eclipse.jetty.io.ChannelEndPoint - filled 0 HeapByteBuffer@47ae9336[p=0,l=0,c=8192,r=0]={<<<>>>HTTP/1.1 ...\x00\x00\x00\x00\x00\x00\x00}
01:46:19.737 [qtp961160488-21] DEBUG org.eclipse.jetty.io.ChannelEndPoint - filled 0 HeapByteBuffer@47ae9336[p=0,l=0,c=8192,r=0]={<<<>>>HTTP/1.1 ...\x00\x00\x00\x00\x00\x00\x00}
01:46:19.737 [qtp961160488-21] DEBUG org.eclipse.jetty.server.HttpConnection - HttpConnection@417f82d1::SocketChannelEndPoint@8d03880{l=/127.0.0.1:46379,r=/127.0.0.1:45566,OPEN,fill=-,flush=-,to=1/3000}{io=0/0,kio=0,kro=1}->HttpConnection@417f82d1[p=HttpParser{s=START,0 of -1},g=HttpGenerator@1d9a8668{s=START}]=>HttpChannelOverHttp@1088a4a6{s=HttpChannelState@5cc16ad0{s=IDLE rs=BLOCKING os=OPEN is=IDLE awp=false se=false i=true al=0},r=1,c=false/false,a=IDLE,uri=null,age=0} filled 0 HeapByteBuffer@47ae9336[p=0,l=0,c=8192,r=0]={<<<>>>HTTP/1.1 ...\x00\x00\x00\x00\x00\x00\x00}
01:46:19.737 [qtp961160488-21] DEBUG org.eclipse.jetty.server.HttpConnection - HttpConnection@417f82d1::SocketChannelEndPoint@8d03880{l=/127.0.0.1:46379,r=/127.0.0.1:45566,OPEN,fill=-,flush=-,to=1/3000}{io=0/0,kio=0,kro=1}->HttpConnection@417f82d1[p=HttpParser{s=START,0 of -1},g=HttpGenerator@1d9a8668{s=START}]=>HttpChannelOverHttp@1088a4a6{s=HttpChannelState@5cc16ad0{s=IDLE rs=BLOCKING os=OPEN is=IDLE awp=false se=false i=true al=0},r=1,c=false/false,a=IDLE,uri=null,age=0} parse HeapByteBuffer@47ae9336[p=0,l=0,c=8192,r=0]={<<<>>>HTTP/1.1 ...\x00\x00\x00\x00\x00\x00\x00} {}
01:46:19.737 [qtp961160488-21] DEBUG org.eclipse.jetty.http.HttpParser - parseNext s=START HeapByteBuffer@47ae9336[p=0,l=0,c=8192,r=0]={<<<>>>HTTP/1.1 ...\x00\x00\x00\x00\x00\x00\x00}
01:46:19.737 [main] DEBUG org.apache.nifi.minifi.bootstrap.configuration.ingestors.PullHttpChangeIngestor - Attempting to pull new config
01:46:19.737 [qtp961160488-21] DEBUG org.eclipse.jetty.server.HttpConnection - HttpConnection@417f82d1::SocketChannelEndPoint@8d03880{l=/127.0.0.1:46379,r=/127.0.0.1:45566,OPEN,fill=-,flush=-,to=1/3000}{io=0/0,kio=0,kro=1}->HttpConnection@417f82d1[p=HttpParser{s=START,0 of -1},g=HttpGenerator@1d9a8668{s=START}]=>HttpChannelOverHttp@1088a4a6{s=HttpChannelState@5cc16ad0{s=IDLE rs=BLOCKING os=OPEN is=IDLE awp=false se=false i=true al=0},r=1,c=false/false,a=IDLE,uri=null,age=0} parsed false HttpParser{s=START,0 of -1}
01:46:19.737 [qtp961160488-21] DEBUG org.eclipse.jetty.server.HttpConnection - releaseRequestBuffer HttpConnection@417f82d1::SocketChannelEndPoint@8d03880{l=/127.0.0.1:46379,r=/127.0.0.1:45566,OPEN,fill=-,flush=-,to=2/3000}{io=0/0,kio=0,kro=1}->HttpConnection@417f82d1[p=HttpParser{s=START,0 of -1},g=HttpGenerator@1d9a8668{s=START}]=>HttpChannelOverHttp@1088a4a6{s=HttpChannelState@5cc16ad0{s=IDLE rs=BLOCKING os=OPEN is=IDLE awp=false se=false i=true al=0},r=1,c=false/false,a=IDLE,uri=null,age=0}
01:46:19.738 [qtp961160488-21] DEBUG org.eclipse.jetty.io.AbstractConnection - fillInterested HttpConnection@417f82d1::SocketChannelEndPoint@8d03880{l=/127.0.0.1:46379,r=/127.0.0.1:45566,OPEN,fill=-,flush=-,to=2/3000}{io=0/0,kio=0,kro=1}->HttpConnection@417f82d1[p=HttpParser{s=START,0 of -1},g=HttpGenerator@1d9a8668{s=START}]=>HttpChannelOverHttp@1088a4a6{s=HttpChannelState@5cc16ad0{s=IDLE rs=BLOCKING os=OPEN is=IDLE awp=false se=false i=true al=0},r=1,c=false/false,a=IDLE,uri=null,age=0}
01:46:19.738 [qtp961160488-21] DEBUG org.eclipse.jetty.io.FillInterest - interested FillInterest@4a5af8e1{AC.ReadCB@417f82d1{HttpConnection@417f82d1::SocketChannelEndPoint@8d03880{l=/127.0.0.1:46379,r=/127.0.0.1:45566,OPEN,fill=FI,flush=-,to=0/3000}{io=0/0,kio=0,kro=1}->HttpConnection@417f82d1[p=HttpParser{s=START,0 of -1},g=HttpGenerator@1d9a8668{s=START}]=>HttpChannelOverHttp@1088a4a6{s=HttpChannelState@5cc16ad0{s=IDLE rs=BLOCKING os=OPEN is=IDLE awp=false se=false i=true al=0},r=1,c=false/false,a=IDLE,uri=null,age=0}}}
01:46:19.738 [qtp961160488-21] DEBUG org.eclipse.jetty.io.ChannelEndPoint - changeInterests p=false 0->1 for SocketChannelEndPoint@8d03880{l=/127.0.0.1:46379,r=/127.0.0.1:45566,OPEN,fill=FI,flush=-,to=0/3000}{io=0/1,kio=0,kro=1}->HttpConnection@417f82d1[p=HttpParser{s=START,0 of -1},g=HttpGenerator@1d9a8668{s=START}]=>HttpChannelOverHttp@1088a4a6{s=HttpChannelState@5cc16ad0{s=IDLE rs=BLOCKING os=OPEN is=IDLE awp=false se=false i=true al=0},r=1,c=false/false,a=IDLE,uri=null,age=0}
01:46:19.738 [qtp961160488-21] DEBUG org.eclipse.jetty.io.ManagedSelector - Queued change lazy=false org.eclipse.jetty.io.ChannelEndPoint$$Lambda$255/981852870@778e9271 on ManagedSelector@316bcf94{STARTED} id=2 keys=2 selected=0 updates=0
01:46:19.738 [qtp961160488-20-acceptor-0@1e1a0406-ServerConnector@446293d{HTTP/1.1, (http/1.1)}{localhost:46379}] DEBUG org.eclipse.jetty.io.ManagedSelector - Queued change lazy=false Accept@33589807[java.nio.channels.SocketChannel[connected local=/127.0.0.1:46379 remote=/127.0.0.1:45580]] on ManagedSelector@1de5f259{STARTED} id=3 keys=1 selected=0 updates=0
01:46:19.738 [qtp961160488-21] DEBUG org.eclipse.jetty.io.ManagedSelector - Wakeup on submit ManagedSelector@316bcf94{STARTED} id=2 keys=2 selected=0 updates=1
01:46:19.738 [qtp961160488-20-acceptor-0@1e1a0406-ServerConnector@446293d{HTTP/1.1, (http/1.1)}{localhost:46379}] DEBUG org.eclipse.jetty.io.ManagedSelector - Wakeup on submit ManagedSelector@1de5f259{STARTED} id=3 keys=1 selected=0 updates=1
01:46:19.738 [qtp961160488-15] DEBUG org.eclipse.jetty.io.ManagedSelector - Selector sun.nio.ch.EPollSelectorImpl@2216d458 woken with none selected
01:46:19.738 [qtp961160488-15] DEBUG org.eclipse.jetty.io.ManagedSelector - Selector sun.nio.ch.EPollSelectorImpl@2216d458 woken up from select, 0/0/2 selected
01:46:19.738 [qtp961160488-22] DEBUG org.eclipse.jetty.io.ManagedSelector - Selector sun.nio.ch.EPollSelectorImpl@81d867 woken with none selected
01:46:19.738 [qtp961160488-15] DEBUG org.eclipse.jetty.io.ManagedSelector - Selector sun.nio.ch.EPollSelectorImpl@2216d458 processing 0 keys, 1 updates
01:46:19.738 [qtp961160488-22] DEBUG org.eclipse.jetty.io.ManagedSelector - Selector sun.nio.ch.EPollSelectorImpl@81d867 woken up from select, 0/0/1 selected
01:46:19.738 [qtp961160488-15] DEBUG org.eclipse.jetty.io.ManagedSelector - updateable 1
01:46:19.738 [qtp961160488-21] DEBUG org.eclipse.jetty.server.HttpConnection - HttpConnection@417f82d1::SocketChannelEndPoint@8d03880{l=/127.0.0.1:46379,r=/127.0.0.1:45566,OPEN,fill=FI,flush=-,to=0/3000}{io=0/1,kio=0,kro=1}->HttpConnection@417f82d1[p=HttpParser{s=START,0 of -1},g=HttpGenerator@1d9a8668{s=START}]=>HttpChannelOverHttp@1088a4a6{s=HttpChannelState@5cc16ad0{s=IDLE rs=BLOCKING os=OPEN is=IDLE awp=false se=false i=true al=0},r=1,c=false/false,a=IDLE,uri=null,age=0} onFillable exit HttpChannelState@5cc16ad0{s=IDLE rs=BLOCKING os=OPEN is=IDLE awp=false se=false i=true al=0} null
01:46:19.738 [qtp961160488-22] DEBUG org.eclipse.jetty.io.ManagedSelector - Selector sun.nio.ch.EPollSelectorImpl@81d867 processing 0 keys, 1 updates
01:46:19.738 [qtp961160488-22] DEBUG org.eclipse.jetty.io.ManagedSelector - updateable 1
01:46:19.738 [qtp961160488-15] DEBUG org.eclipse.jetty.io.ManagedSelector - update org.eclipse.jetty.io.ChannelEndPoint$$Lambda$255/981852870@778e9271
01:46:19.738 [qtp961160488-21] DEBUG org.eclipse.jetty.util.thread.ReservedThreadExecutor - ReservedThread@3e1af87e{RUNNING,thread=Thread[qtp961160488-21,5,main]} was=RUNNING next=RESERVED size=0+2 capacity=8
01:46:19.738 [qtp961160488-22] DEBUG org.eclipse.jetty.io.ManagedSelector - update Accept@33589807[java.nio.channels.SocketChannel[connected local=/127.0.0.1:46379 remote=/127.0.0.1:45580]]
01:46:19.738 [qtp961160488-21] DEBUG org.eclipse.jetty.util.thread.ReservedThreadExecutor - ReservedThread@3e1af87e{RESERVED,thread=Thread[qtp961160488-21,5,main]} waiting ReservedThreadExecutor@383bfa16{reserved=2/8,pending=0}
01:46:19.738 [qtp961160488-22] DEBUG org.eclipse.jetty.util.thread.QueuedThreadPool - queue Accept@33589807[java.nio.channels.SocketChannel[connected local=/127.0.0.1:46379 remote=/127.0.0.1:45580]] startThread=0
01:46:19.738 [qtp961160488-22] DEBUG org.eclipse.jetty.io.ManagedSelector - updates 0
01:46:19.738 [qtp961160488-15] DEBUG org.eclipse.jetty.io.ChannelEndPoint - Key interests updated 0 -> 1 on SocketChannelEndPoint@8d03880{l=/127.0.0.1:46379,r=/127.0.0.1:45566,OPEN,fill=FI,flush=-,to=0/3000}{io=1/1,kio=1,kro=1}->HttpConnection@417f82d1[p=HttpParser{s=START,0 of -1},g=HttpGenerator@1d9a8668{s=START}]=>HttpChannelOverHttp@1088a4a6{s=HttpChannelState@5cc16ad0{s=IDLE rs=BLOCKING os=OPEN is=IDLE awp=false se=false i=true al=0},r=1,c=false/false,a=IDLE,uri=null,age=0}
01:46:19.738 [qtp961160488-15] DEBUG org.eclipse.jetty.io.ManagedSelector - updates 0
01:46:19.738 [qtp961160488-22] DEBUG org.eclipse.jetty.io.ManagedSelector - Selector sun.nio.ch.EPollSelectorImpl@81d867 waiting with 2 keys
01:46:19.738 [qtp961160488-15] DEBUG org.eclipse.jetty.io.ManagedSelector - Selector sun.nio.ch.EPollSelectorImpl@2216d458 waiting with 2 keys
01:46:19.738 [qtp961160488-19] DEBUG org.eclipse.jetty.util.thread.QueuedThreadPool - run Accept@33589807[java.nio.channels.SocketChannel[connected local=/127.0.0.1:46379 remote=/127.0.0.1:45580]] in QueuedThreadPool[qtp961160488]@394a2528{STARTED,8<=8<=200,i=0,r=-1,q=0}[ReservedThreadExecutor@383bfa16{reserved=2/8,pending=0}]
01:46:19.738 [qtp961160488-19] DEBUG org.eclipse.jetty.io.IdleTimeout - SocketChannelEndPoint@2a83ca50{l=/127.0.0.1:46379,r=/127.0.0.1:45580,OPEN,fill=-,flush=-,to=0/3000}{io=0/0,kio=0,kro=0}-><null> idle timeout check, elapsed: 0 ms, remaining: 3000 ms
01:46:19.739 [qtp961160488-19] DEBUG org.eclipse.jetty.server.HttpChannel - new HttpChannelOverHttp@63e3a0ae{s=HttpChannelState@7ee3d1c3{s=IDLE rs=BLOCKING os=OPEN is=IDLE awp=false se=false i=true al=0},r=0,c=false/false,a=IDLE,uri=null,age=0} -> SocketChannelEndPoint@2a83ca50{l=/127.0.0.1:46379,r=/127.0.0.1:45580,OPEN,fill=-,flush=-,to=0/3000}{io=0/0,kio=0,kro=0}-><null>,null,HttpChannelState@7ee3d1c3{s=IDLE rs=BLOCKING os=OPEN is=IDLE awp=false se=false i=true al=0}
01:46:19.739 [qtp961160488-19] DEBUG org.eclipse.jetty.server.HttpConnection - New HTTP Connection HttpConnection@7d7dd974::SocketChannelEndPoint@2a83ca50{l=/127.0.0.1:46379,r=/127.0.0.1:45580,OPEN,fill=-,flush=-,to=0/3000}{io=0/0,kio=0,kro=0}-><null>
01:46:19.739 [qtp961160488-19] DEBUG org.eclipse.jetty.io.ManagedSelector - Queued change lazy=true org.eclipse.jetty.io.ManagedSelector$$Lambda$258/102804084@49985dc1 on ManagedSelector@1de5f259{STARTED} id=3 keys=2 selected=0 updates=0
01:46:19.739 [qtp961160488-19] DEBUG org.eclipse.jetty.io.AbstractEndPoint - onOpen SocketChannelEndPoint@2a83ca50{l=/127.0.0.1:46379,r=/127.0.0.1:45580,OPEN,fill=-,flush=-,to=0/3000}{io=0/0,kio=0,kro=0}->HttpConnection@7d7dd974[p=HttpParser{s=START,0 of -1},g=HttpGenerator@3780728c{s=START}]=>HttpChannelOverHttp@63e3a0ae{s=HttpChannelState@7ee3d1c3{s=IDLE rs=BLOCKING os=OPEN is=IDLE awp=false se=false i=true al=0},r=0,c=false/false,a=IDLE,uri=null,age=0}
01:46:19.739 [qtp961160488-19] DEBUG org.eclipse.jetty.io.AbstractConnection - onOpen HttpConnection@7d7dd974::SocketChannelEndPoint@2a83ca50{l=/127.0.0.1:46379,r=/127.0.0.1:45580,OPEN,fill=-,flush=-,to=0/3000}{io=0/0,kio=0,kro=0}->HttpConnection@7d7dd974[p=HttpParser{s=START,0 of -1},g=HttpGenerator@3780728c{s=START}]=>HttpChannelOverHttp@63e3a0ae{s=HttpChannelState@7ee3d1c3{s=IDLE rs=BLOCKING os=OPEN is=IDLE awp=false se=false i=true al=0},r=0,c=false/false,a=IDLE,uri=null,age=0}
01:46:19.739 [qtp961160488-19] DEBUG org.eclipse.jetty.io.AbstractConnection - fillInterested HttpConnection@7d7dd974::SocketChannelEndPoint@2a83ca50{l=/127.0.0.1:46379,r=/127.0.0.1:45580,OPEN,fill=-,flush=-,to=0/3000}{io=0/0,kio=0,kro=0}->HttpConnection@7d7dd974[p=HttpParser{s=START,0 of -1},g=HttpGenerator@3780728c{s=START}]=>HttpChannelOverHttp@63e3a0ae{s=HttpChannelState@7ee3d1c3{s=IDLE rs=BLOCKING os=OPEN is=IDLE awp=false se=false i=true al=0},r=0,c=false/false,a=IDLE,uri=null,age=0}
01:46:19.739 [qtp961160488-19] DEBUG org.eclipse.jetty.io.FillInterest - interested FillInterest@578dd076{AC.ReadCB@7d7dd974{HttpConnection@7d7dd974::SocketChannelEndPoint@2a83ca50{l=/127.0.0.1:46379,r=/127.0.0.1:45580,OPEN,fill=FI,flush=-,to=0/3000}{io=0/0,kio=0,kro=0}->HttpConnection@7d7dd974[p=HttpParser{s=START,0 of -1},g=HttpGenerator@3780728c{s=START}]=>HttpChannelOverHttp@63e3a0ae{s=HttpChannelState@7ee3d1c3{s=IDLE rs=BLOCKING os=OPEN is=IDLE awp=false se=false i=true al=0},r=0,c=false/false,a=IDLE,uri=null,age=0}}}
01:46:19.739 [qtp961160488-19] DEBUG org.eclipse.jetty.io.ChannelEndPoint - changeInterests p=false 0->1 for SocketChannelEndPoint@2a83ca50{l=/127.0.0.1:46379,r=/127.0.0.1:45580,OPEN,fill=FI,flush=-,to=0/3000}{io=0/1,kio=0,kro=0}->HttpConnection@7d7dd974[p=HttpParser{s=START,0 of -1},g=HttpGenerator@3780728c{s=START}]=>HttpChannelOverHttp@63e3a0ae{s=HttpChannelState@7ee3d1c3{s=IDLE rs=BLOCKING os=OPEN is=IDLE awp=false se=false i=true al=0},r=0,c=false/false,a=IDLE,uri=null,age=0}
01:46:19.739 [qtp961160488-19] DEBUG org.eclipse.jetty.io.ManagedSelector - Queued change lazy=false org.eclipse.jetty.io.ChannelEndPoint$$Lambda$255/981852870@4428158a on ManagedSelector@1de5f259{STARTED} id=3 keys=2 selected=0 updates=1
01:46:19.739 [qtp961160488-19] DEBUG org.eclipse.jetty.io.ManagedSelector - Wakeup on submit ManagedSelector@1de5f259{STARTED} id=3 keys=2 selected=0 updates=2
01:46:19.740 [qtp961160488-22] DEBUG org.eclipse.jetty.io.ManagedSelector - Selector sun.nio.ch.EPollSelectorImpl@81d867 woken with none selected
01:46:19.740 [qtp961160488-19] DEBUG org.eclipse.jetty.io.ManagedSelector - Created SocketChannelEndPoint@2a83ca50{l=/127.0.0.1:46379,r=/127.0.0.1:45580,OPEN,fill=FI,flush=-,to=0/3000}{io=0/1,kio=0,kro=0}->HttpConnection@7d7dd974[p=HttpParser{s=START,0 of -1},g=HttpGenerator@3780728c{s=START}]=>HttpChannelOverHttp@63e3a0ae{s=HttpChannelState@7ee3d1c3{s=IDLE rs=BLOCKING os=OPEN is=IDLE awp=false se=false i=true al=0},r=0,c=false/false,a=IDLE,uri=null,age=0}
01:46:19.740 [qtp961160488-22] DEBUG org.eclipse.jetty.io.ManagedSelector - Selector sun.nio.ch.EPollSelectorImpl@81d867 woken up from select, 0/0/2 selected
01:46:19.740 [qtp961160488-22] DEBUG org.eclipse.jetty.io.ManagedSelector - Selector sun.nio.ch.EPollSelectorImpl@81d867 processing 0 keys, 2 updates
01:46:19.740 [qtp961160488-22] DEBUG org.eclipse.jetty.io.ManagedSelector - updateable 2
01:46:19.740 [qtp961160488-22] DEBUG org.eclipse.jetty.io.ManagedSelector - update org.eclipse.jetty.io.ManagedSelector$$Lambda$258/102804084@49985dc1
01:46:19.740 [qtp961160488-22] DEBUG org.eclipse.jetty.io.ManagedSelector - update org.eclipse.jetty.io.ChannelEndPoint$$Lambda$255/981852870@4428158a
01:46:19.740 [qtp961160488-19] DEBUG org.eclipse.jetty.util.thread.QueuedThreadPool - ran Accept@33589807[java.nio.channels.SocketChannel[connected local=/127.0.0.1:46379 remote=/127.0.0.1:45580]] in QueuedThreadPool[qtp961160488]@394a2528{STARTED,8<=8<=200,i=0,r=-1,q=0}[ReservedThreadExecutor@383bfa16{reserved=2/8,pending=0}]
01:46:19.740 [qtp961160488-22] DEBUG org.eclipse.jetty.io.ChannelEndPoint - Key interests updated 0 -> 1 on SocketChannelEndPoint@2a83ca50{l=/127.0.0.1:46379,r=/127.0.0.1:45580,OPEN,fill=FI,flush=-,to=0/3000}{io=1/1,kio=1,kro=0}->HttpConnection@7d7dd974[p=HttpParser{s=START,0 of -1},g=HttpGenerator@3780728c{s=START}]=>HttpChannelOverHttp@63e3a0ae{s=HttpChannelState@7ee3d1c3{s=IDLE rs=BLOCKING os=OPEN is=IDLE awp=false se=false i=true al=0},r=0,c=false/false,a=IDLE,uri=null,age=0}
01:46:19.740 [qtp961160488-22] DEBUG org.eclipse.jetty.io.ManagedSelector - updates 0
01:46:19.740 [qtp961160488-22] DEBUG org.eclipse.jetty.io.ManagedSelector - Selector sun.nio.ch.EPollSelectorImpl@81d867 waiting with 2 keys
01:46:19.740 [qtp961160488-22] DEBUG org.eclipse.jetty.io.ManagedSelector - Selector sun.nio.ch.EPollSelectorImpl@81d867 woken up from select, 1/1/2 selected
01:46:19.740 [qtp961160488-22] DEBUG org.eclipse.jetty.io.ManagedSelector - Selector sun.nio.ch.EPollSelectorImpl@81d867 processing 1 keys, 0 updates
01:46:19.740 [qtp961160488-22] DEBUG org.eclipse.jetty.io.ManagedSelector - selected 1 sun.nio.ch.SelectionKeyImpl@5c198282 SocketChannelEndPoint@2a83ca50{l=/127.0.0.1:46379,r=/127.0.0.1:45580,OPEN,fill=FI,flush=-,to=0/3000}{io=1/1,kio=1,kro=1}->HttpConnection@7d7dd974[p=HttpParser{s=START,0 of -1},g=HttpGenerator@3780728c{s=START}]=>HttpChannelOverHttp@63e3a0ae{s=HttpChannelState@7ee3d1c3{s=IDLE rs=BLOCKING os=OPEN is=IDLE awp=false se=false i=true al=0},r=0,c=false/false,a=IDLE,uri=null,age=0} 
01:46:19.740 [qtp961160488-22] DEBUG org.eclipse.jetty.io.ChannelEndPoint - onSelected 1->0 r=true w=false for SocketChannelEndPoint@2a83ca50{l=/127.0.0.1:46379,r=/127.0.0.1:45580,OPEN,fill=FI,flush=-,to=0/3000}{io=1/0,kio=1,kro=1}->HttpConnection@7d7dd974[p=HttpParser{s=START,0 of -1},g=HttpGenerator@3780728c{s=START}]=>HttpChannelOverHttp@63e3a0ae{s=HttpChannelState@7ee3d1c3{s=IDLE rs=BLOCKING os=OPEN is=IDLE awp=false se=false i=true al=0},r=0,c=false/false,a=IDLE,uri=null,age=0}
01:46:19.740 [qtp961160488-22] DEBUG org.eclipse.jetty.io.ChannelEndPoint - task CEP:SocketChannelEndPoint@2a83ca50{l=/127.0.0.1:46379,r=/127.0.0.1:45580,OPEN,fill=FI,flush=-,to=0/3000}{io=1/0,kio=1,kro=1}->HttpConnection@7d7dd974[p=HttpParser{s=START,0 of -1},g=HttpGenerator@3780728c{s=START}]=>HttpChannelOverHttp@63e3a0ae{s=HttpChannelState@7ee3d1c3{s=IDLE rs=BLOCKING os=OPEN is=IDLE awp=false se=false i=true al=0},r=0,c=false/false,a=IDLE,uri=null,age=0}:runFillable:BLOCKING
01:46:19.740 [qtp961160488-22] DEBUG org.eclipse.jetty.util.thread.ReservedThreadExecutor - ReservedThreadExecutor@383bfa16{reserved=2/8,pending=0} tryExecute EatWhatYouKill@6404f418/SelectorProducer@3e11f9e9/PRODUCING/p=false/QueuedThreadPool[qtp961160488]@394a2528{STARTED,8<=8<=200,i=1,r=-1,q=0}[ReservedThreadExecutor@383bfa16{reserved=2/8,pending=0}][pc=0,pic=0,pec=0,epc=1]@2024-05-02T01:46:19.74+01:00
01:46:19.740 [qtp961160488-22] DEBUG org.eclipse.jetty.util.thread.strategy.EatWhatYouKill - EatWhatYouKill@6404f418/SelectorProducer@3e11f9e9/IDLE/p=true/QueuedThreadPool[qtp961160488]@394a2528{STARTED,8<=8<=200,i=1,r=-1,q=0}[ReservedThreadExecutor@383bfa16{reserved=1/8,pending=0}][pc=0,pic=0,pec=0,epc=1]@2024-05-02T01:46:19.74+01:00 m=EXECUTE_PRODUCE_CONSUME t=CEP:SocketChannelEndPoint@2a83ca50{l=/127.0.0.1:46379,r=/127.0.0.1:45580,OPEN,fill=FI,flush=-,to=1/3000}{io=1/0,kio=1,kro=1}->HttpConnection@7d7dd974[p=HttpParser{s=START,0 of -1},g=HttpGenerator@3780728c{s=START}]=>HttpChannelOverHttp@63e3a0ae{s=HttpChannelState@7ee3d1c3{s=IDLE rs=BLOCKING os=OPEN is=IDLE awp=false se=false i=true al=0},r=0,c=false/false,a=IDLE,uri=null,age=0}:runFillable:BLOCKING/BLOCKING
01:46:19.740 [qtp961160488-21] DEBUG org.eclipse.jetty.util.thread.ReservedThreadExecutor - ReservedThread@3e1af87e{RESERVED,thread=Thread[qtp961160488-21,5,main]} task=EatWhatYouKill@6404f418/SelectorProducer@3e11f9e9/IDLE/p=true/QueuedThreadPool[qtp961160488]@394a2528{STARTED,8<=8<=200,i=1,r=-1,q=0}[ReservedThreadExecutor@383bfa16{reserved=1/8,pending=0}][pc=0,pic=0,pec=0,epc=1]@2024-05-02T01:46:19.74+01:00 ReservedThreadExecutor@383bfa16{reserved=1/8,pending=0}
01:46:19.741 [qtp961160488-21] DEBUG org.eclipse.jetty.util.thread.strategy.EatWhatYouKill - EatWhatYouKill@6404f418/SelectorProducer@3e11f9e9/IDLE/p=true/QueuedThreadPool[qtp961160488]@394a2528{STARTED,8<=8<=200,i=1,r=-1,q=0}[ReservedThreadExecutor@383bfa16{reserved=1/8,pending=0}][pc=0,pic=0,pec=0,epc=2]@2024-05-02T01:46:19.741+01:00 tryProduce true
01:46:19.741 [qtp961160488-22] DEBUG org.eclipse.jetty.io.FillInterest - fillable FillInterest@578dd076{AC.ReadCB@7d7dd974{HttpConnection@7d7dd974::SocketChannelEndPoint@2a83ca50{l=/127.0.0.1:46379,r=/127.0.0.1:45580,OPEN,fill=FI,flush=-,to=1/3000}{io=1/0,kio=1,kro=1}->HttpConnection@7d7dd974[p=HttpParser{s=START,0 of -1},g=HttpGenerator@3780728c{s=START}]=>HttpChannelOverHttp@63e3a0ae{s=HttpChannelState@7ee3d1c3{s=IDLE rs=BLOCKING os=OPEN is=IDLE awp=false se=false i=true al=0},r=0,c=false/false,a=IDLE,uri=null,age=0}}}
01:46:19.741 [qtp961160488-21] DEBUG org.eclipse.jetty.io.ManagedSelector - updateable 0
01:46:19.741 [qtp961160488-21] DEBUG org.eclipse.jetty.io.ManagedSelector - updates 0
01:46:19.741 [qtp961160488-22] DEBUG org.eclipse.jetty.server.HttpConnection - HttpConnection@7d7dd974::SocketChannelEndPoint@2a83ca50{l=/127.0.0.1:46379,r=/127.0.0.1:45580,OPEN,fill=-,flush=-,to=1/3000}{io=1/0,kio=1,kro=1}->HttpConnection@7d7dd974[p=HttpParser{s=START,0 of -1},g=HttpGenerator@3780728c{s=START}]=>HttpChannelOverHttp@63e3a0ae{s=HttpChannelState@7ee3d1c3{s=IDLE rs=BLOCKING os=OPEN is=IDLE awp=false se=false i=true al=0},r=0,c=false/false,a=IDLE,uri=null,age=0} onFillable enter HttpChannelState@7ee3d1c3{s=IDLE rs=BLOCKING os=OPEN is=IDLE awp=false se=false i=true al=0} null
01:46:19.741 [qtp961160488-21] DEBUG org.eclipse.jetty.io.ChannelEndPoint - Key interests updated 1 -> 0 on SocketChannelEndPoint@2a83ca50{l=/127.0.0.1:46379,r=/127.0.0.1:45580,OPEN,fill=-,flush=-,to=1/3000}{io=0/0,kio=0,kro=1}->HttpConnection@7d7dd974[p=HttpParser{s=START,0 of -1},g=HttpGenerator@3780728c{s=START}]=>HttpChannelOverHttp@63e3a0ae{s=HttpChannelState@7ee3d1c3{s=IDLE rs=BLOCKING os=OPEN is=IDLE awp=false se=false i=true al=0},r=0,c=false/false,a=IDLE,uri=null,age=0}
01:46:19.741 [qtp961160488-21] DEBUG org.eclipse.jetty.io.ManagedSelector - Selector sun.nio.ch.EPollSelectorImpl@81d867 waiting with 2 keys
01:46:19.741 [qtp961160488-22] DEBUG org.eclipse.jetty.io.ChannelEndPoint - filled 125 HeapByteBuffer@47ae9336[p=0,l=125,c=8192,r=125]={<<<GET /config.yml HTTP/1.1\r...gent: okhttp/3.12.3\r\n\r\n>>> 4\r\nServe...\x00\x00\x00\x00\x00\x00\x00}
01:46:19.741 [qtp961160488-22] DEBUG org.eclipse.jetty.server.HttpConnection - HttpConnection@7d7dd974::SocketChannelEndPoint@2a83ca50{l=/127.0.0.1:46379,r=/127.0.0.1:45580,OPEN,fill=-,flush=-,to=0/3000}{io=0/0,kio=0,kro=1}->HttpConnection@7d7dd974[p=HttpParser{s=START,0 of -1},g=HttpGenerator@3780728c{s=START}]=>HttpChannelOverHttp@63e3a0ae{s=HttpChannelState@7ee3d1c3{s=IDLE rs=BLOCKING os=OPEN is=IDLE awp=false se=false i=true al=0},r=0,c=false/false,a=IDLE,uri=null,age=0} filled 125 HeapByteBuffer@47ae9336[p=0,l=125,c=8192,r=125]={<<<GET /config.yml HTTP/1.1\r...gent: okhttp/3.12.3\r\n\r\n>>> 4\r\nServe...\x00\x00\x00\x00\x00\x00\x00}
01:46:19.741 [qtp961160488-22] DEBUG org.eclipse.jetty.server.HttpConnection - HttpConnection@7d7dd974::SocketChannelEndPoint@2a83ca50{l=/127.0.0.1:46379,r=/127.0.0.1:45580,OPEN,fill=-,flush=-,to=0/3000}{io=0/0,kio=0,kro=1}->HttpConnection@7d7dd974[p=HttpParser{s=START,0 of -1},g=HttpGenerator@3780728c{s=START}]=>HttpChannelOverHttp@63e3a0ae{s=HttpChannelState@7ee3d1c3{s=IDLE rs=BLOCKING os=OPEN is=IDLE awp=false se=false i=true al=0},r=0,c=false/false,a=IDLE,uri=null,age=0} parse HeapByteBuffer@47ae9336[p=0,l=125,c=8192,r=125]={<<<GET /config.yml HTTP/1.1\r...gent: okhttp/3.12.3\r\n\r\n>>> 4\r\nServe...\x00\x00\x00\x00\x00\x00\x00} {}
01:46:19.741 [qtp961160488-22] DEBUG org.eclipse.jetty.http.HttpParser - parseNext s=START HeapByteBuffer@47ae9336[p=0,l=125,c=8192,r=125]={<<<GET /config.yml HTTP/1.1\r...gent: okhttp/3.12.3\r\n\r\n>>> 4\r\nServe...\x00\x00\x00\x00\x00\x00\x00}
01:46:19.741 [qtp961160488-22] DEBUG org.eclipse.jetty.http.HttpParser - START --> SPACE1
01:46:19.741 [qtp961160488-22] DEBUG org.eclipse.jetty.http.HttpParser - SPACE1 --> URI
01:46:19.741 [qtp961160488-22] DEBUG org.eclipse.jetty.http.HttpParser - URI --> SPACE2
01:46:19.741 [qtp961160488-22] DEBUG org.eclipse.jetty.http.HttpParser - SPACE2 --> REQUEST_VERSION
01:46:19.741 [qtp961160488-22] DEBUG org.eclipse.jetty.http.HttpParser - REQUEST_VERSION --> HEADER
01:46:19.741 [qtp961160488-22] DEBUG org.eclipse.jetty.http.HttpParser - HEADER:Host --> VALUE
01:46:19.741 [qtp961160488-22] DEBUG org.eclipse.jetty.http.HttpParser - HEADER:Host --> IN_VALUE
01:46:19.741 [qtp961160488-22] DEBUG org.eclipse.jetty.http.HttpParser - HEADER:Host --> FIELD
01:46:19.741 [qtp961160488-22] DEBUG org.eclipse.jetty.http.HttpParser - HEADER:Connection: keep-alive --> IN_VALUE
01:46:19.741 [qtp961160488-22] DEBUG org.eclipse.jetty.http.HttpParser - HEADER:Connection: keep-alive --> FIELD
01:46:19.741 [qtp961160488-22] DEBUG org.eclipse.jetty.http.HttpParser - HEADER:Accept-Encoding: gzip --> IN_VALUE
01:46:19.741 [qtp961160488-22] DEBUG org.eclipse.jetty.http.HttpParser - HEADER:Accept-Encoding: gzip --> FIELD
01:46:19.741 [qtp961160488-22] DEBUG org.eclipse.jetty.http.HttpParser - HEADER:User-Agent --> VALUE
01:46:19.741 [qtp961160488-22] DEBUG org.eclipse.jetty.http.HttpParser - HEADER:User-Agent --> IN_VALUE
01:46:19.741 [qtp961160488-22] DEBUG org.eclipse.jetty.http.HttpParser - HEADER:User-Agent --> FIELD
01:46:19.741 [qtp961160488-22] DEBUG org.eclipse.jetty.http.HttpParser - HEADER --> CONTENT
01:46:19.741 [qtp961160488-22] DEBUG org.eclipse.jetty.server.HttpChannel - REQUEST for //localhost:46379/config.yml on HttpChannelOverHttp@63e3a0ae{s=HttpChannelState@7ee3d1c3{s=IDLE rs=BLOCKING os=OPEN is=IDLE awp=false se=false i=true al=0},r=1,c=false/false,a=IDLE,uri=//localhost:46379/config.yml,age=0}
GET //localhost:46379/config.yml HTTP/1.1
Host: localhost:46379
Connection: keep-alive
Accept-Encoding: gzip
User-Agent: okhttp/3.12.3


01:46:19.741 [qtp961160488-22] DEBUG org.eclipse.jetty.server.HttpConnection - HttpConnection@7d7dd974::SocketChannelEndPoint@2a83ca50{l=/127.0.0.1:46379,r=/127.0.0.1:45580,OPEN,fill=-,flush=-,to=0/3000}{io=0/0,kio=0,kro=1}->HttpConnection@7d7dd974[p=HttpParser{s=CONTENT,0 of -1},g=HttpGenerator@3780728c{s=START}]=>HttpChannelOverHttp@63e3a0ae{s=HttpChannelState@7ee3d1c3{s=IDLE rs=BLOCKING os=OPEN is=IDLE awp=false se=false i=true al=0},r=1,c=false/false,a=IDLE,uri=//localhost:46379/config.yml,age=0} parsed true HttpParser{s=CONTENT,0 of -1}
01:46:19.741 [qtp961160488-22] DEBUG org.eclipse.jetty.server.HttpConnection - releaseRequestBuffer HttpConnection@7d7dd974::SocketChannelEndPoint@2a83ca50{l=/127.0.0.1:46379,r=/127.0.0.1:45580,OPEN,fill=-,flush=-,to=0/3000}{io=0/0,kio=0,kro=1}->HttpConnection@7d7dd974[p=HttpParser{s=CONTENT,0 of -1},g=HttpGenerator@3780728c{s=START}]=>HttpChannelOverHttp@63e3a0ae{s=HttpChannelState@7ee3d1c3{s=IDLE rs=BLOCKING os=OPEN is=IDLE awp=false se=false i=true al=0},r=1,c=false/false,a=IDLE,uri=//localhost:46379/config.yml,age=0}
01:46:19.741 [qtp961160488-22] DEBUG org.eclipse.jetty.server.HttpChannel - handle //localhost:46379/config.yml HttpChannelOverHttp@63e3a0ae{s=HttpChannelState@7ee3d1c3{s=IDLE rs=BLOCKING os=OPEN is=IDLE awp=false se=false i=true al=0},r=1,c=false/false,a=IDLE,uri=//localhost:46379/config.yml,age=0} 
01:46:19.741 [qtp961160488-22] DEBUG org.eclipse.jetty.server.HttpChannelState - handling HttpChannelState@7ee3d1c3{s=IDLE rs=BLOCKING os=OPEN is=IDLE awp=false se=false i=true al=0}
01:46:19.742 [qtp961160488-22] DEBUG org.eclipse.jetty.server.HttpChannel - action DISPATCH HttpChannelOverHttp@63e3a0ae{s=HttpChannelState@7ee3d1c3{s=HANDLING rs=BLOCKING os=OPEN is=IDLE awp=false se=false i=true al=0},r=1,c=false/false,a=HANDLING,uri=//localhost:46379/config.yml,age=1}
01:46:19.742 [qtp961160488-22] DEBUG org.eclipse.jetty.server.Server - REQUEST GET /config.yml on HttpChannelOverHttp@63e3a0ae{s=HttpChannelState@7ee3d1c3{s=HANDLING rs=BLOCKING os=OPEN is=IDLE awp=false se=false i=true al=0},r=1,c=false/false,a=HANDLING,uri=//localhost:46379/config.yml,age=1}
01:46:19.742 [qtp961160488-22] DEBUG org.eclipse.jetty.server.HttpOutput - write(array HeapByteBuffer@7c7286d7[p=0,l=4,c=512,r=4]={<<<path>>>\x00\x00\x00\x00\x00\x00\x00\x00\x00...\x00\x00\x00\x00\x00\x00\x00})
01:46:19.742 [qtp961160488-22] DEBUG org.eclipse.jetty.server.HttpOutput - write(array) s=CLOSING,api=BLOCKED,sc=false,e=null last=true agg=false flush=true async=false, len=4 null
01:46:19.742 [qtp961160488-22] DEBUG org.eclipse.jetty.server.HttpChannel - sendResponse info=null content=HeapByteBuffer@6490027e[p=0,l=4,c=512,r=4]={<<<path>>>\x00\x00\x00\x00\x00\x00\x00\x00\x00...\x00\x00\x00\x00\x00\x00\x00} complete=true committing=true callback=Blocker@6c02328{null}
01:46:19.742 [qtp961160488-22] DEBUG org.eclipse.jetty.server.HttpChannel - COMMIT for /config.yml on HttpChannelOverHttp@63e3a0ae{s=HttpChannelState@7ee3d1c3{s=HANDLING rs=BLOCKING os=COMMITTED is=IDLE awp=false se=false i=true al=0},r=1,c=false/false,a=HANDLING,uri=//localhost:46379/config.yml,age=1}
200 null HTTP/1.1
Date: Thu, 02 May 2024 00:46:19 GMT
ETag: testEtag
Content-Type: text/plain;charset=utf-8
Content-Length: 4


01:46:19.742 [qtp961160488-22] DEBUG org.eclipse.jetty.server.HttpConnection - generate: NEED_HEADER for SendCallback@165dbce0[PROCESSING][i=HTTP/1.1{s=200,h=4,cl=4},cb=org.eclipse.jetty.server.HttpChannel$SendCallback@7e71d4c2] (null,[p=0,l=4,c=512,r=4],true)@START
01:46:19.742 [qtp961160488-22] DEBUG org.eclipse.jetty.http.HttpGenerator - generateHeaders HTTP/1.1{s=200,h=4,cl=4} last=true content=HeapByteBuffer@6490027e[p=0,l=4,c=512,r=4]={<<<path>>>\x00\x00\x00\x00\x00\x00\x00\x00\x00...\x00\x00\x00\x00\x00\x00\x00}
01:46:19.742 [qtp961160488-22] DEBUG org.eclipse.jetty.http.HttpGenerator - Date: Thu, 02 May 2024 00:46:19 GMT
ETag: testEtag
Content-Type: text/plain;charset=utf-8
Content-Length: 4


01:46:19.742 [qtp961160488-22] DEBUG org.eclipse.jetty.http.HttpGenerator - CONTENT_LENGTH
01:46:19.742 [qtp961160488-22] DEBUG org.eclipse.jetty.server.HttpConnection - generate: FLUSH for SendCallback@165dbce0[PROCESSING][i=HTTP/1.1{s=200,h=4,cl=4},cb=org.eclipse.jetty.server.HttpChannel$SendCallback@7e71d4c2] ([p=0,l=164,c=8192,r=164],[p=0,l=4,c=512,r=4],true)@COMPLETING
01:46:19.742 [qtp961160488-22] DEBUG org.eclipse.jetty.io.WriteFlusher - write: WriteFlusher@1a96ba80{IDLE}->null [HeapByteBuffer@47ae9336[p=0,l=164,c=8192,r=164]={<<<HTTP/1.1 200 OK\r\nDate: Th...y(9.4.44.v20210927)\r\n\r\n>>>\n\r\n\x00\x00\x00\x00\x00\x00...\x00\x00\x00\x00\x00\x00\x00},HeapByteBuffer@6490027e[p=0,l=4,c=512,r=4]={<<<path>>>\x00\x00\x00\x00\x00\x00\x00\x00\x00...\x00\x00\x00\x00\x00\x00\x00}]
01:46:19.742 [qtp961160488-22] DEBUG org.eclipse.jetty.io.WriteFlusher - update WriteFlusher@1a96ba80{WRITING}->null:IDLE-->WRITING
01:46:19.742 [qtp961160488-22] DEBUG org.eclipse.jetty.io.ChannelEndPoint - flushed 168 SocketChannelEndPoint@2a83ca50{l=/127.0.0.1:46379,r=/127.0.0.1:45580,OPEN,fill=-,flush=W,to=1/3000}{io=0/0,kio=0,kro=1}->HttpConnection@7d7dd974[p=HttpParser{s=CONTENT,0 of -1},g=HttpGenerator@3780728c{s=COMPLETING}]=>HttpChannelOverHttp@63e3a0ae{s=HttpChannelState@7ee3d1c3{s=HANDLING rs=BLOCKING os=COMMITTED is=IDLE awp=false se=false i=true al=0},r=1,c=false/false,a=HANDLING,uri=//localhost:46379/config.yml,age=1}
01:46:19.742 [main] DEBUG org.apache.nifi.minifi.bootstrap.configuration.ingestors.PullHttpChangeIngestor - Response received: Response{protocol=http/1.1, code=200, message=OK, url=http://localhost:46379/config.yml}
01:46:19.742 [qtp961160488-22] DEBUG org.eclipse.jetty.io.WriteFlusher - Flushed=true written=168 remaining=0 WriteFlusher@1a96ba80{WRITING}->null
01:46:19.742 [qtp961160488-22] DEBUG org.eclipse.jetty.io.WriteFlusher - update WriteFlusher@1a96ba80{IDLE}->null:WRITING-->IDLE
01:46:19.742 [qtp961160488-22] DEBUG org.eclipse.jetty.server.HttpConnection - generate: DONE for SendCallback@165dbce0[PROCESSING][i=HTTP/1.1{s=200,h=4,cl=4},cb=org.eclipse.jetty.server.HttpChannel$SendCallback@7e71d4c2] ([p=164,l=164,c=8192,r=0],[p=4,l=4,c=512,r=0],true)@END
01:46:19.742 [qtp961160488-22] DEBUG org.eclipse.jetty.server.HttpOutput - onWriteComplete(true,null) s=CLOSING,api=BLOCKED,sc=false,e=null->s=CLOSED,api=BLOCKING,sc=false,e=null c=null cb=null w=false
01:46:19.742 [qtp961160488-22] DEBUG org.eclipse.jetty.server.HttpOutput - close() s=CLOSED,api=BLOCKING,sc=false,e=null c=null b=null
01:46:19.742 [main] DEBUG org.apache.nifi.minifi.bootstrap.configuration.ingestors.PullHttpChangeIngestor - Pulled config same as currently running.
01:46:19.742 [qtp961160488-22] DEBUG org.eclipse.jetty.server.Server - handled=true async=false committed=true on HttpChannelOverHttp@63e3a0ae{s=HttpChannelState@7ee3d1c3{s=HANDLING rs=BLOCKING os=COMPLETED is=IDLE awp=false se=false i=true al=0},r=1,c=false/true,a=HANDLING,uri=//localhost:46379/config.yml,age=1}
01:46:19.742 [qtp961160488-22] DEBUG org.eclipse.jetty.server.HttpChannelState - unhandle HttpChannelState@7ee3d1c3{s=HANDLING rs=BLOCKING os=COMPLETED is=IDLE awp=false se=false i=true al=0}
01:46:19.742 [qtp961160488-22] DEBUG org.eclipse.jetty.server.HttpChannelState - nextAction(false) COMPLETE HttpChannelState@7ee3d1c3{s=HANDLING rs=COMPLETING os=COMPLETED is=IDLE awp=false se=false i=false al=0}
01:46:19.743 [qtp961160488-22] DEBUG org.eclipse.jetty.server.HttpChannel - action COMPLETE HttpChannelOverHttp@63e3a0ae{s=HttpChannelState@7ee3d1c3{s=HANDLING rs=COMPLETING os=COMPLETED is=IDLE awp=false se=false i=false al=0},r=1,c=false/true,a=HANDLING,uri=//localhost:46379/config.yml,age=1}
01:46:19.743 [qtp961160488-22] DEBUG org.eclipse.jetty.server.HttpOutput - complete(org.eclipse.jetty.util.Callback$3@1d481399) s=CLOSED,api=BLOCKING,sc=false,e=null s=true e=null, c=null
]]></system-out>
  </testcase>
</testsuite>