<?xml version="1.0" encoding="UTF-8"?>
<testsuite xmlns:xsi="http://www.w3.org/2001/XMLSchema-instance" xsi:noNamespaceSchemaLocation="https://maven.apache.org/surefire/maven-surefire-plugin/xsd/surefire-test-report-3.0.xsd" version="3.0" name="org.apache.nifi.minifi.bootstrap.configuration.ingestors.RestChangeIngestorSSLTest" time="1.223" tests="3" errors="0" skipped="0" failures="0">
  <properties>
    <property name="sun.desktop" value="gnome"/>
    <property name="awt.toolkit" value="sun.awt.X11.XToolkit"/>
    <property name="file.encoding.pkg" value="sun.io"/>
    <property name="java.specification.version" value="1.8"/>
    <property name="sun.cpu.isalist" value=""/>
    <property name="sun.jnu.encoding" value="UTF-8"/>
    <property name="java.class.path" value="/home/alex/Repositories/nifi/minifi/minifi-bootstrap/target/test-classes:/home/alex/Repositories/nifi/minifi/minifi-bootstrap/target/classes:/home/alex/.m2/repository/org/slf4j/slf4j-api/1.7.32/slf4j-api-1.7.32.jar:/home/alex/.m2/repository/ch/qos/logback/logback-classic/1.2.6/logback-classic-1.2.6.jar:/home/alex/.m2/repository/ch/qos/logback/logback-core/1.2.6/logback-core-1.2.6.jar:/home/alex/Repositories/nifi/nifi-api/target/classes:/home/alex/Repositories/nifi/nifi-commons/nifi-bootstrap-utils/target/classes:/home/alex/.m2/repository/net/java/dev/jna/jna-platform/4.4.0/jna-platform-4.4.0.jar:/home/alex/.m2/repository/net/java/dev/jna/jna/4.4.0/jna-4.4.0.jar:/home/alex/Repositories/nifi/nifi-nar-bundles/nifi-extension-utils/nifi-processor-utils/target/classes:/home/alex/Repositories/nifi/nifi-commons/nifi-security-socket-ssl/target/classes:/home/alex/.m2/repository/org/apache/commons/commons-lang3/3.9/commons-lang3-3.9.jar:/home/alex/.m2/repository/com/fasterxml/jackson/core/jackson-databind/2.12.3/jackson-databind-2.12.3.jar:/home/alex/.m2/repository/com/fasterxml/jackson/core/jackson-annotations/2.12.3/jackson-annotations-2.12.3.jar:/home/alex/.m2/repository/com/fasterxml/jackson/core/jackson-core/2.12.3/jackson-core-2.12.3.jar:/home/alex/Repositories/nifi/nifi-nar-bundles/nifi-standard-services/nifi-record-serialization-service-api/target/classes:/home/alex/Repositories/nifi/nifi-commons/nifi-record/target/classes:/home/alex/Repositories/nifi/nifi-nar-bundles/nifi-extension-utils/nifi-event-transport/target/classes:/home/alex/.m2/repository/io/netty/netty-handler/4.1.69.Final/netty-handler-4.1.69.Final.jar:/home/alex/.m2/repository/io/netty/netty-common/4.1.69.Final/netty-common-4.1.69.Final.jar:/home/alex/.m2/repository/io/netty/netty-resolver/4.1.69.Final/netty-resolver-4.1.69.Final.jar:/home/alex/.m2/repository/io/netty/netty-buffer/4.1.69.Final/netty-buffer-4.1.69.Final.jar:/home/alex/.m2/repository/io/netty/netty-transport/4.1.69.Final/netty-transport-4.1.69.Final.jar:/home/alex/.m2/repository/io/netty/netty-codec/4.1.69.Final/netty-codec-4.1.69.Final.jar:/home/alex/Repositories/nifi/nifi-commons/nifi-expression-language/target/classes:/home/alex/.m2/repository/org/antlr/antlr-runtime/3.5.2/antlr-runtime-3.5.2.jar:/home/alex/Repositories/nifi/nifi-commons/nifi-parameter/target/classes:/home/alex/Repositories/nifi/nifi-commons/nifi-uuid5/target/classes:/home/alex/.m2/repository/com/jayway/jsonpath/json-path/2.6.0/json-path-2.6.0.jar:/home/alex/.m2/repository/net/minidev/json-smart/2.4.7/json-smart-2.4.7.jar:/home/alex/.m2/repository/net/minidev/accessors-smart/2.4.7/accessors-smart-2.4.7.jar:/home/alex/.m2/repository/org/ow2/asm/asm/9.1/asm-9.1.jar:/home/alex/.m2/repository/org/apache/commons/commons-text/1.8/commons-text-1.8.jar:/home/alex/.m2/repository/commons-codec/commons-codec/1.10/commons-codec-1.10.jar:/home/alex/Repositories/nifi/minifi/minifi-commons/minifi-utils/target/classes:/home/alex/Repositories/nifi/nifi-commons/nifi-utils/target/classes:/home/alex/Repositories/nifi/nifi-commons/nifi-properties/target/classes:/home/alex/Repositories/nifi/nifi-commons/nifi-property-utils/target/classes:/home/alex/.m2/repository/org/yaml/snakeyaml/1.29/snakeyaml-1.29.jar:/home/alex/Repositories/nifi/minifi/minifi-commons/minifi-commons-schema/target/classes:/home/alex/.m2/repository/org/eclipse/jetty/jetty-server/9.4.44.v20210927/jetty-server-9.4.44.v20210927.jar:/home/alex/.m2/repository/javax/servlet/javax.servlet-api/3.1.0/javax.servlet-api-3.1.0.jar:/home/alex/.m2/repository/org/eclipse/jetty/jetty-http/9.4.44.v20210927/jetty-http-9.4.44.v20210927.jar:/home/alex/.m2/repository/org/eclipse/jetty/jetty-util/9.4.44.v20210927/jetty-util-9.4.44.v20210927.jar:/home/alex/.m2/repository/org/eclipse/jetty/jetty-io/9.4.44.v20210927/jetty-io-9.4.44.v20210927.jar:/home/alex/.m2/repository/org/eclipse/jetty/jetty-servlet/9.4.44.v20210927/jetty-servlet-9.4.44.v20210927.jar:/home/alex/.m2/repository/org/eclipse/jetty/jetty-security/9.4.44.v20210927/jetty-security-9.4.44.v20210927.jar:/home/alex/.m2/repository/org/eclipse/jetty/jetty-util-ajax/9.4.44.v20210927/jetty-util-ajax-9.4.44.v20210927.jar:/home/alex/.m2/repository/com/squareup/okhttp3/okhttp/3.12.3/okhttp-3.12.3.jar:/home/alex/.m2/repository/com/squareup/okio/okio/1.15.0/okio-1.15.0.jar:/home/alex/.m2/repository/commons-io/commons-io/2.10.0/commons-io-2.10.0.jar:/home/alex/.m2/repository/junit/junit/4.13.2/junit-4.13.2.jar:/home/alex/.m2/repository/org/hamcrest/hamcrest-core/1.3/hamcrest-core-1.3.jar:/home/alex/.m2/repository/org/mockito/mockito-all/1.10.19/mockito-all-1.10.19.jar:/home/alex/.m2/repository/org/slf4j/slf4j-simple/1.7.32/slf4j-simple-1.7.32.jar:/home/alex/.m2/repository/org/junit/jupiter/junit-jupiter-api/5.7.2/junit-jupiter-api-5.7.2.jar:/home/alex/.m2/repository/org/apiguardian/apiguardian-api/1.1.0/apiguardian-api-1.1.0.jar:/home/alex/.m2/repository/org/opentest4j/opentest4j/1.2.0/opentest4j-1.2.0.jar:/home/alex/.m2/repository/org/junit/platform/junit-platform-commons/1.7.2/junit-platform-commons-1.7.2.jar:/home/alex/.m2/repository/org/junit/jupiter/junit-jupiter-engine/5.7.2/junit-jupiter-engine-5.7.2.jar:/home/alex/.m2/repository/org/junit/platform/junit-platform-engine/1.7.2/junit-platform-engine-1.7.2.jar:/home/alex/.m2/repository/org/junit/vintage/junit-vintage-engine/5.7.2/junit-vintage-engine-5.7.2.jar:/home/alex/.m2/repository/org/junit/jupiter/junit-jupiter-params/5.7.2/junit-jupiter-params-5.7.2.jar:/home/alex/.m2/repository/org/mockito/mockito-core/3.11.2/mockito-core-3.11.2.jar:/home/alex/.m2/repository/net/bytebuddy/byte-buddy/1.11.3/byte-buddy-1.11.3.jar:/home/alex/.m2/repository/net/bytebuddy/byte-buddy-agent/1.11.3/byte-buddy-agent-1.11.3.jar:/home/alex/.m2/repository/org/objenesis/objenesis/3.2/objenesis-3.2.jar:/home/alex/.m2/repository/org/mockito/mockito-junit-jupiter/3.11.2/mockito-junit-jupiter-3.11.2.jar:/home/alex/.m2/repository/org/codehaus/groovy/groovy-test/2.5.14/groovy-test-2.5.14.jar:/home/alex/.m2/repository/org/codehaus/groovy/groovy/2.5.14/groovy-2.5.14.jar:"/>
    <property name="java.vm.vendor" value="Private Build"/>
    <property name="sun.arch.data.model" value="64"/>
    <property name="java.vendor.url" value="http://java.oracle.com/"/>
    <property name="user.timezone" value="Europe/Lisbon"/>
    <property name="java.vm.specification.version" value="1.8"/>
    <property name="os.name" value="Linux"/>
    <property name="user.country" value="US"/>
    <property name="sun.java.launcher" value="SUN_STANDARD"/>
    <property name="sun.boot.library.path" value="/usr/lib/jvm/java-8-openjdk-amd64/jre/lib/amd64"/>
    <property name="sun.java.command" value="/home/alex/Repositories/nifi/minifi/minifi-bootstrap/target/surefire/surefirebooter9035609157176473370.jar /home/alex/Repositories/nifi/minifi/minifi-bootstrap/target/surefire 2024-05-02T01-23-45_285-jvmRun1 surefire7430014280798465908tmp surefire_1822912697619789155176tmp"/>
    <property name="surefire.test.class.path" value="/home/alex/Repositories/nifi/minifi/minifi-bootstrap/target/test-classes:/home/alex/Repositories/nifi/minifi/minifi-bootstrap/target/classes:/home/alex/.m2/repository/org/slf4j/slf4j-api/1.7.32/slf4j-api-1.7.32.jar:/home/alex/.m2/repository/ch/qos/logback/logback-classic/1.2.6/logback-classic-1.2.6.jar:/home/alex/.m2/repository/ch/qos/logback/logback-core/1.2.6/logback-core-1.2.6.jar:/home/alex/Repositories/nifi/nifi-api/target/classes:/home/alex/Repositories/nifi/nifi-commons/nifi-bootstrap-utils/target/classes:/home/alex/.m2/repository/net/java/dev/jna/jna-platform/4.4.0/jna-platform-4.4.0.jar:/home/alex/.m2/repository/net/java/dev/jna/jna/4.4.0/jna-4.4.0.jar:/home/alex/Repositories/nifi/nifi-nar-bundles/nifi-extension-utils/nifi-processor-utils/target/classes:/home/alex/Repositories/nifi/nifi-commons/nifi-security-socket-ssl/target/classes:/home/alex/.m2/repository/org/apache/commons/commons-lang3/3.9/commons-lang3-3.9.jar:/home/alex/.m2/repository/com/fasterxml/jackson/core/jackson-databind/2.12.3/jackson-databind-2.12.3.jar:/home/alex/.m2/repository/com/fasterxml/jackson/core/jackson-annotations/2.12.3/jackson-annotations-2.12.3.jar:/home/alex/.m2/repository/com/fasterxml/jackson/core/jackson-core/2.12.3/jackson-core-2.12.3.jar:/home/alex/Repositories/nifi/nifi-nar-bundles/nifi-standard-services/nifi-record-serialization-service-api/target/classes:/home/alex/Repositories/nifi/nifi-commons/nifi-record/target/classes:/home/alex/Repositories/nifi/nifi-nar-bundles/nifi-extension-utils/nifi-event-transport/target/classes:/home/alex/.m2/repository/io/netty/netty-handler/4.1.69.Final/netty-handler-4.1.69.Final.jar:/home/alex/.m2/repository/io/netty/netty-common/4.1.69.Final/netty-common-4.1.69.Final.jar:/home/alex/.m2/repository/io/netty/netty-resolver/4.1.69.Final/netty-resolver-4.1.69.Final.jar:/home/alex/.m2/repository/io/netty/netty-buffer/4.1.69.Final/netty-buffer-4.1.69.Final.jar:/home/alex/.m2/repository/io/netty/netty-transport/4.1.69.Final/netty-transport-4.1.69.Final.jar:/home/alex/.m2/repository/io/netty/netty-codec/4.1.69.Final/netty-codec-4.1.69.Final.jar:/home/alex/Repositories/nifi/nifi-commons/nifi-expression-language/target/classes:/home/alex/.m2/repository/org/antlr/antlr-runtime/3.5.2/antlr-runtime-3.5.2.jar:/home/alex/Repositories/nifi/nifi-commons/nifi-parameter/target/classes:/home/alex/Repositories/nifi/nifi-commons/nifi-uuid5/target/classes:/home/alex/.m2/repository/com/jayway/jsonpath/json-path/2.6.0/json-path-2.6.0.jar:/home/alex/.m2/repository/net/minidev/json-smart/2.4.7/json-smart-2.4.7.jar:/home/alex/.m2/repository/net/minidev/accessors-smart/2.4.7/accessors-smart-2.4.7.jar:/home/alex/.m2/repository/org/ow2/asm/asm/9.1/asm-9.1.jar:/home/alex/.m2/repository/org/apache/commons/commons-text/1.8/commons-text-1.8.jar:/home/alex/.m2/repository/commons-codec/commons-codec/1.10/commons-codec-1.10.jar:/home/alex/Repositories/nifi/minifi/minifi-commons/minifi-utils/target/classes:/home/alex/Repositories/nifi/nifi-commons/nifi-utils/target/classes:/home/alex/Repositories/nifi/nifi-commons/nifi-properties/target/classes:/home/alex/Repositories/nifi/nifi-commons/nifi-property-utils/target/classes:/home/alex/.m2/repository/org/yaml/snakeyaml/1.29/snakeyaml-1.29.jar:/home/alex/Repositories/nifi/minifi/minifi-commons/minifi-commons-schema/target/classes:/home/alex/.m2/repository/org/eclipse/jetty/jetty-server/9.4.44.v20210927/jetty-server-9.4.44.v20210927.jar:/home/alex/.m2/repository/javax/servlet/javax.servlet-api/3.1.0/javax.servlet-api-3.1.0.jar:/home/alex/.m2/repository/org/eclipse/jetty/jetty-http/9.4.44.v20210927/jetty-http-9.4.44.v20210927.jar:/home/alex/.m2/repository/org/eclipse/jetty/jetty-util/9.4.44.v20210927/jetty-util-9.4.44.v20210927.jar:/home/alex/.m2/repository/org/eclipse/jetty/jetty-io/9.4.44.v20210927/jetty-io-9.4.44.v20210927.jar:/home/alex/.m2/repository/org/eclipse/jetty/jetty-servlet/9.4.44.v20210927/jetty-servlet-9.4.44.v20210927.jar:/home/alex/.m2/repository/org/eclipse/jetty/jetty-security/9.4.44.v20210927/jetty-security-9.4.44.v20210927.jar:/home/alex/.m2/repository/org/eclipse/jetty/jetty-util-ajax/9.4.44.v20210927/jetty-util-ajax-9.4.44.v20210927.jar:/home/alex/.m2/repository/com/squareup/okhttp3/okhttp/3.12.3/okhttp-3.12.3.jar:/home/alex/.m2/repository/com/squareup/okio/okio/1.15.0/okio-1.15.0.jar:/home/alex/.m2/repository/commons-io/commons-io/2.10.0/commons-io-2.10.0.jar:/home/alex/.m2/repository/junit/junit/4.13.2/junit-4.13.2.jar:/home/alex/.m2/repository/org/hamcrest/hamcrest-core/1.3/hamcrest-core-1.3.jar:/home/alex/.m2/repository/org/mockito/mockito-all/1.10.19/mockito-all-1.10.19.jar:/home/alex/.m2/repository/org/slf4j/slf4j-simple/1.7.32/slf4j-simple-1.7.32.jar:/home/alex/.m2/repository/org/junit/jupiter/junit-jupiter-api/5.7.2/junit-jupiter-api-5.7.2.jar:/home/alex/.m2/repository/org/apiguardian/apiguardian-api/1.1.0/apiguardian-api-1.1.0.jar:/home/alex/.m2/repository/org/opentest4j/opentest4j/1.2.0/opentest4j-1.2.0.jar:/home/alex/.m2/repository/org/junit/platform/junit-platform-commons/1.7.2/junit-platform-commons-1.7.2.jar:/home/alex/.m2/repository/org/junit/jupiter/junit-jupiter-engine/5.7.2/junit-jupiter-engine-5.7.2.jar:/home/alex/.m2/repository/org/junit/platform/junit-platform-engine/1.7.2/junit-platform-engine-1.7.2.jar:/home/alex/.m2/repository/org/junit/vintage/junit-vintage-engine/5.7.2/junit-vintage-engine-5.7.2.jar:/home/alex/.m2/repository/org/junit/jupiter/junit-jupiter-params/5.7.2/junit-jupiter-params-5.7.2.jar:/home/alex/.m2/repository/org/mockito/mockito-core/3.11.2/mockito-core-3.11.2.jar:/home/alex/.m2/repository/net/bytebuddy/byte-buddy/1.11.3/byte-buddy-1.11.3.jar:/home/alex/.m2/repository/net/bytebuddy/byte-buddy-agent/1.11.3/byte-buddy-agent-1.11.3.jar:/home/alex/.m2/repository/org/objenesis/objenesis/3.2/objenesis-3.2.jar:/home/alex/.m2/repository/org/mockito/mockito-junit-jupiter/3.11.2/mockito-junit-jupiter-3.11.2.jar:/home/alex/.m2/repository/org/codehaus/groovy/groovy-test/2.5.14/groovy-test-2.5.14.jar:/home/alex/.m2/repository/org/codehaus/groovy/groovy/2.5.14/groovy-2.5.14.jar:"/>
    <property name="sun.cpu.endian" value="little"/>
    <property name="user.home" value="/home/alex"/>
    <property name="user.language" value="en"/>
    <property name="java.specification.vendor" value="Oracle Corporation"/>
    <property name="java.home" value="/usr/lib/jvm/java-8-openjdk-amd64/jre"/>
    <property name="basedir" value="/home/alex/Repositories/nifi/minifi/minifi-bootstrap"/>
    <property name="file.separator" value="/"/>
    <property name="line.separator" value="&#10;"/>
    <property name="java.vm.specification.vendor" value="Oracle Corporation"/>
    <property name="java.specification.name" value="Java Platform API Specification"/>
    <property name="java.awt.graphicsenv" value="sun.awt.X11GraphicsEnvironment"/>
    <property name="java.awt.headless" value="true"/>
    <property name="surefire.real.class.path" value="/home/alex/Repositories/nifi/minifi/minifi-bootstrap/target/surefire/surefirebooter9035609157176473370.jar"/>
    <property name="sun.boot.class.path" value="/usr/lib/jvm/java-8-openjdk-amd64/jre/lib/resources.jar:/usr/lib/jvm/java-8-openjdk-amd64/jre/lib/rt.jar:/usr/lib/jvm/java-8-openjdk-amd64/jre/lib/sunrsasign.jar:/usr/lib/jvm/java-8-openjdk-amd64/jre/lib/jsse.jar:/usr/lib/jvm/java-8-openjdk-amd64/jre/lib/jce.jar:/usr/lib/jvm/java-8-openjdk-amd64/jre/lib/charsets.jar:/usr/lib/jvm/java-8-openjdk-amd64/jre/lib/jfr.jar:/usr/lib/jvm/java-8-openjdk-amd64/jre/classes"/>
    <property name="sun.management.compiler" value="HotSpot 64-Bit Tiered Compilers"/>
    <property name="java.runtime.version" value="1.8.0_402-8u402-ga-2ubuntu1~22.04-b06"/>
    <property name="java.net.preferIPv4Stack" value="true"/>
    <property name="user.name" value="alex"/>
    <property name="path.separator" value=":"/>
    <property name="os.version" value="6.5.0-28-generic"/>
    <property name="java.endorsed.dirs" value="/usr/lib/jvm/java-8-openjdk-amd64/jre/lib/endorsed"/>
    <property name="java.runtime.name" value="OpenJDK Runtime Environment"/>
    <property name="file.encoding" value="UTF-8"/>
    <property name="java.vm.name" value="OpenJDK 64-Bit Server VM"/>
    <property name="localRepository" value="/home/alex/.m2/repository"/>
    <property name="java.vendor.url.bug" value="http://bugreport.sun.com/bugreport/"/>
    <property name="jetty.git.hash" value="8da83308eeca865e495e53ef315a249d63ba9332"/>
    <property name="java.io.tmpdir" value="/tmp"/>
    <property name="java.version" value="1.8.0_402"/>
    <property name="user.dir" value="/home/alex/Repositories/nifi/minifi/minifi-bootstrap"/>
    <property name="os.arch" value="amd64"/>
    <property name="java.vm.specification.name" value="Java Virtual Machine Specification"/>
    <property name="java.awt.printerjob" value="sun.print.PSPrinterJob"/>
    <property name="sun.os.patch.level" value="unknown"/>
    <property name="java.library.path" value="/usr/java/packages/lib/amd64:/usr/lib/x86_64-linux-gnu/jni:/lib/x86_64-linux-gnu:/usr/lib/x86_64-linux-gnu:/usr/lib/jni:/lib:/usr/lib"/>
    <property name="java.vm.info" value="mixed mode"/>
    <property name="java.vendor" value="Private Build"/>
    <property name="java.vm.version" value="25.402-b06"/>
    <property name="java.specification.maintenance.version" value="5"/>
    <property name="java.ext.dirs" value="/usr/lib/jvm/java-8-openjdk-amd64/jre/lib/ext:/usr/java/packages/lib/ext"/>
    <property name="sun.io.unicode.encoding" value="UnicodeLittle"/>
    <property name="java.class.version" value="52.0"/>
  </properties>
  <testcase name="testGet" classname="org.apache.nifi.minifi.bootstrap.configuration.ingestors.RestChangeIngestorSSLTest" time="0.141">
    <system-out><![CDATA[01:46:20.883 [main] DEBUG org.eclipse.jetty.util.component.ContainerLifeCycle - QueuedThreadPool[qtp1221981006]@48d5f34e{STOPPED,8<=0<=200,i=0,r=-1,q=0}[NO_TRY] added {org.eclipse.jetty.util.thread.ThreadPoolBudget@fc258b1,POJO}
01:46:20.883 [main] DEBUG org.eclipse.jetty.util.component.ContainerLifeCycle - Server@6ff65192{STOPPED}[9.4.44.v20210927] added {QueuedThreadPool[qtp1221981006]@48d5f34e{STOPPED,8<=0<=200,i=0,r=-1,q=0}[NO_TRY],AUTO}
01:46:20.884 [main] INFO org.apache.nifi.minifi.bootstrap.configuration.ingestors.RestChangeIngestor - Initializing
01:46:20.893 [main] DEBUG org.eclipse.jetty.util.component.ContainerLifeCycle - HttpConnectionFactory@1d131e1b[HTTP/1.1] added {HttpConfiguration@71cf1b07{32768/8192,8192/8192,https://:0,[]},POJO}
01:46:20.894 [main] DEBUG org.eclipse.jetty.util.component.ContainerLifeCycle - SslConnectionFactory@260e86a1{SSL->HTTP/1.1} added {SslContextFactory@19648c40[provider=null,keyStore=file:///home/alex/Repositories/nifi/minifi/minifi-bootstrap/src/test/resources/localhost-ks.jks,trustStore=file:///home/alex/Repositories/nifi/minifi/minifi-bootstrap/src/test/resources/localhost-ts.jks],AUTO}
01:46:20.894 [main] DEBUG org.eclipse.jetty.util.component.ContainerLifeCycle - ServerConnector@12bd8a64{null, ()}{0.0.0.0:0} added {Server@6ff65192{STOPPED}[9.4.44.v20210927],UNMANAGED}
01:46:20.894 [main] DEBUG org.eclipse.jetty.util.component.ContainerLifeCycle - ServerConnector@12bd8a64{null, ()}{0.0.0.0:0} added {QueuedThreadPool[qtp1221981006]@48d5f34e{STOPPED,8<=0<=200,i=0,r=-1,q=0}[NO_TRY],AUTO}
01:46:20.894 [main] DEBUG org.eclipse.jetty.util.component.ContainerLifeCycle - ServerConnector@12bd8a64{null, ()}{0.0.0.0:0} added {ScheduledExecutorScheduler@61e94def{STOPPED},AUTO}
01:46:20.895 [main] DEBUG org.eclipse.jetty.util.component.ContainerLifeCycle - ServerConnector@12bd8a64{null, ()}{0.0.0.0:0} added {org.eclipse.jetty.io.ArrayByteBufferPool@3300f4fd,POJO}
01:46:20.895 [main] DEBUG org.eclipse.jetty.util.component.ContainerLifeCycle - ServerConnector@12bd8a64{null, (ssl)}{0.0.0.0:0} added {SslConnectionFactory@260e86a1{SSL->HTTP/1.1},AUTO}
01:46:20.895 [main] DEBUG org.eclipse.jetty.server.AbstractConnector - ServerConnector@12bd8a64{SSL, (ssl)}{0.0.0.0:0} added SslConnectionFactory@260e86a1{SSL->HTTP/1.1}
01:46:20.895 [main] DEBUG org.eclipse.jetty.util.component.ContainerLifeCycle - ServerConnector@12bd8a64{SSL, (ssl, http/1.1)}{0.0.0.0:0} added {HttpConnectionFactory@1d131e1b[HTTP/1.1],AUTO}
01:46:20.895 [main] DEBUG org.eclipse.jetty.server.AbstractConnector - ServerConnector@12bd8a64{SSL, (ssl, http/1.1)}{0.0.0.0:0} added HttpConnectionFactory@1d131e1b[HTTP/1.1]
01:46:20.895 [main] DEBUG org.eclipse.jetty.util.component.ContainerLifeCycle - ServerConnector@12bd8a64{SSL, (ssl, http/1.1)}{0.0.0.0:0} added {SelectorManager@ServerConnector@12bd8a64{SSL, (ssl, http/1.1)}{0.0.0.0:0},MANAGED}
01:46:20.895 [main] DEBUG org.eclipse.jetty.util.component.ContainerLifeCycle - Server@6ff65192{STOPPED}[9.4.44.v20210927] added {ServerConnector@12bd8a64{SSL, (ssl, http/1.1)}{localhost:0},AUTO}
01:46:20.895 [main] INFO org.apache.nifi.minifi.bootstrap.configuration.ingestors.RestChangeIngestor - Added an https connector on the host 'localhost' and port '0'
01:46:20.895 [main] DEBUG org.eclipse.jetty.util.component.ContainerLifeCycle - HandlerCollection@ebb6851{STOPPED} added {JettyHandler@70ab2d48{STOPPED},AUTO}
01:46:20.895 [main] DEBUG org.eclipse.jetty.util.component.ContainerLifeCycle - Server@6ff65192{STOPPED}[9.4.44.v20210927] added {HandlerCollection@ebb6851{STOPPED},MANAGED}
01:46:20.895 [main] DEBUG org.eclipse.jetty.util.component.AbstractLifeCycle - starting Server@6ff65192{STOPPED}[9.4.44.v20210927]
01:46:20.895 [main] DEBUG org.eclipse.jetty.util.component.ContainerLifeCycle - Server@6ff65192{STARTING}[9.4.44.v20210927] added {ErrorHandler@5b068087{STOPPED},AUTO}
01:46:20.895 [main] INFO org.eclipse.jetty.server.Server - jetty-9.4.44.v20210927; built: 2021-09-27T23:02:44.612Z; git: 8da83308eeca865e495e53ef315a249d63ba9332; jvm 1.8.0_402-8u402-ga-2ubuntu1~22.04-b06
01:46:20.895 [main] DEBUG org.eclipse.jetty.server.handler.AbstractHandler - starting Server@6ff65192{STARTING}[9.4.44.v20210927]
01:46:20.895 [main] DEBUG org.eclipse.jetty.util.component.AbstractLifeCycle - starting QueuedThreadPool[qtp1221981006]@48d5f34e{STOPPED,8<=0<=200,i=0,r=-1,q=0}[NO_TRY]
01:46:20.895 [main] DEBUG org.eclipse.jetty.util.thread.ReservedThreadExecutor - ReservedThreadExecutor@6f152006{reserved=0/8,pending=0}
01:46:20.895 [main] DEBUG org.eclipse.jetty.util.component.ContainerLifeCycle - QueuedThreadPool[qtp1221981006]@48d5f34e{STARTING,8<=0<=200,i=0,r=-1,q=0}[ReservedThreadExecutor@6f152006{reserved=0/8,pending=0}] added {ReservedThreadExecutor@6f152006{reserved=0/8,pending=0},AUTO}
01:46:20.895 [main] DEBUG org.eclipse.jetty.util.component.AbstractLifeCycle - starting ReservedThreadExecutor@6f152006{reserved=0/8,pending=0}
01:46:20.895 [main] DEBUG org.eclipse.jetty.util.component.AbstractLifeCycle - STARTED @3639ms ReservedThreadExecutor@6f152006{reserved=0/8,pending=0}
01:46:20.895 [main] DEBUG org.eclipse.jetty.util.thread.QueuedThreadPool - Starting Thread[qtp1221981006-45,5,main]
01:46:20.895 [main] DEBUG org.eclipse.jetty.util.thread.QueuedThreadPool - Starting Thread[qtp1221981006-46,5,main]
01:46:20.895 [main] DEBUG org.eclipse.jetty.util.thread.QueuedThreadPool - Starting Thread[qtp1221981006-47,5,main]
01:46:20.895 [qtp1221981006-45] DEBUG org.eclipse.jetty.util.thread.QueuedThreadPool - Runner started for QueuedThreadPool[qtp1221981006]@48d5f34e{STARTING,8<=3<=200,i=3,r=-1,q=0}[ReservedThreadExecutor@6f152006{reserved=0/8,pending=0}]
01:46:20.895 [main] DEBUG org.eclipse.jetty.util.thread.QueuedThreadPool - Starting Thread[qtp1221981006-48,5,main]
01:46:20.895 [qtp1221981006-46] DEBUG org.eclipse.jetty.util.thread.QueuedThreadPool - Runner started for QueuedThreadPool[qtp1221981006]@48d5f34e{STARTING,8<=4<=200,i=4,r=-1,q=0}[ReservedThreadExecutor@6f152006{reserved=0/8,pending=0}]
01:46:20.896 [main] DEBUG org.eclipse.jetty.util.thread.QueuedThreadPool - Starting Thread[qtp1221981006-49,5,main]
01:46:20.896 [qtp1221981006-47] DEBUG org.eclipse.jetty.util.thread.QueuedThreadPool - Runner started for QueuedThreadPool[qtp1221981006]@48d5f34e{STARTING,8<=4<=200,i=4,r=-1,q=0}[ReservedThreadExecutor@6f152006{reserved=0/8,pending=0}]
01:46:20.896 [qtp1221981006-48] DEBUG org.eclipse.jetty.util.thread.QueuedThreadPool - Runner started for QueuedThreadPool[qtp1221981006]@48d5f34e{STARTING,8<=5<=200,i=5,r=-1,q=0}[ReservedThreadExecutor@6f152006{reserved=0/8,pending=0}]
01:46:20.896 [main] DEBUG org.eclipse.jetty.util.thread.QueuedThreadPool - Starting Thread[qtp1221981006-50,5,main]
01:46:20.896 [qtp1221981006-49] DEBUG org.eclipse.jetty.util.thread.QueuedThreadPool - Runner started for QueuedThreadPool[qtp1221981006]@48d5f34e{STARTING,8<=6<=200,i=6,r=-1,q=0}[ReservedThreadExecutor@6f152006{reserved=0/8,pending=0}]
01:46:20.896 [main] DEBUG org.eclipse.jetty.util.thread.QueuedThreadPool - Starting Thread[qtp1221981006-51,5,main]
01:46:20.896 [qtp1221981006-50] DEBUG org.eclipse.jetty.util.thread.QueuedThreadPool - Runner started for QueuedThreadPool[qtp1221981006]@48d5f34e{STARTING,8<=7<=200,i=7,r=-1,q=0}[ReservedThreadExecutor@6f152006{reserved=0/8,pending=0}]
01:46:20.896 [main] DEBUG org.eclipse.jetty.util.thread.QueuedThreadPool - Starting Thread[qtp1221981006-52,5,main]
01:46:20.896 [qtp1221981006-51] DEBUG org.eclipse.jetty.util.thread.QueuedThreadPool - Runner started for QueuedThreadPool[qtp1221981006]@48d5f34e{STARTING,8<=8<=200,i=8,r=-1,q=0}[ReservedThreadExecutor@6f152006{reserved=0/8,pending=0}]
01:46:20.896 [main] DEBUG org.eclipse.jetty.util.component.AbstractLifeCycle - STARTED @3640ms QueuedThreadPool[qtp1221981006]@48d5f34e{STARTED,8<=8<=200,i=8,r=-1,q=0}[ReservedThreadExecutor@6f152006{reserved=0/8,pending=0}]
01:46:20.896 [qtp1221981006-52] DEBUG org.eclipse.jetty.util.thread.QueuedThreadPool - Runner started for QueuedThreadPool[qtp1221981006]@48d5f34e{STARTED,8<=8<=200,i=8,r=-1,q=0}[ReservedThreadExecutor@6f152006{reserved=0/8,pending=0}]
01:46:20.896 [main] DEBUG org.eclipse.jetty.util.component.AbstractLifeCycle - starting HandlerCollection@ebb6851{STOPPED}
01:46:20.896 [main] DEBUG org.eclipse.jetty.server.handler.AbstractHandler - starting HandlerCollection@ebb6851{STARTING}
01:46:20.896 [main] DEBUG org.eclipse.jetty.util.component.AbstractLifeCycle - starting JettyHandler@70ab2d48{STOPPED}
01:46:20.896 [main] DEBUG org.eclipse.jetty.server.handler.AbstractHandler - starting JettyHandler@70ab2d48{STARTING}
01:46:20.896 [main] DEBUG org.eclipse.jetty.util.component.AbstractLifeCycle - STARTED @3640ms JettyHandler@70ab2d48{STARTED}
01:46:20.896 [main] DEBUG org.eclipse.jetty.util.component.AbstractLifeCycle - STARTED @3640ms HandlerCollection@ebb6851{STARTED}
01:46:20.896 [main] DEBUG org.eclipse.jetty.util.component.AbstractLifeCycle - starting ErrorHandler@5b068087{STOPPED}
01:46:20.896 [main] DEBUG org.eclipse.jetty.server.handler.AbstractHandler - starting ErrorHandler@5b068087{STARTING}
01:46:20.896 [main] DEBUG org.eclipse.jetty.util.component.AbstractLifeCycle - STARTED @3640ms ErrorHandler@5b068087{STARTED}
01:46:20.896 [main] DEBUG org.eclipse.jetty.util.component.AbstractLifeCycle - starting ServerConnector@12bd8a64{SSL, (ssl, http/1.1)}{localhost:0}
01:46:20.896 [main] DEBUG org.eclipse.jetty.util.component.ContainerLifeCycle - ServerConnector@12bd8a64{SSL, (ssl, http/1.1)}{localhost:45315} added {sun.nio.ch.ServerSocketChannelImpl[/127.0.0.1:45315],POJO}
01:46:20.897 [main] DEBUG org.eclipse.jetty.util.component.AbstractLifeCycle - starting ScheduledExecutorScheduler@61e94def{STOPPED}
01:46:20.897 [main] DEBUG org.eclipse.jetty.util.component.AbstractLifeCycle - STARTED @3640ms ScheduledExecutorScheduler@61e94def{STARTED}
01:46:20.897 [main] DEBUG org.eclipse.jetty.util.component.AbstractLifeCycle - starting SslConnectionFactory@260e86a1{SSL->HTTP/1.1}
01:46:20.897 [main] DEBUG org.eclipse.jetty.util.component.AbstractLifeCycle - starting SslContextFactory@19648c40[provider=null,keyStore=file:///home/alex/Repositories/nifi/minifi/minifi-bootstrap/src/test/resources/localhost-ks.jks,trustStore=file:///home/alex/Repositories/nifi/minifi/minifi-bootstrap/src/test/resources/localhost-ts.jks]
01:46:20.909 [main] DEBUG org.eclipse.jetty.util.ssl.SslContextFactory - Skipping [
[
  Version: V3
  Subject: CN=localhost, OU=Apache NiFi, O=Apache, L=Santa Monica, ST=CA, C=US
  Signature Algorithm: SHA256withRSA, OID = 1.2.840.113549.1.1.11

  Key:  Sun RSA public key, 2048 bits
  params: null
  modulus: 30814356967964143889979985530055364514699394643854733747998343669441470253519148017443938086010371890735549349346219651337818702185332874291515054870079563226954918193849616960862684868242286307978102369612841123949572244550174312189783512432514374223942259755501453758648376374577329063158223919569981746956302768359932779930568567551025861141698242321770321797245641831546024352966190839853333380405862111836548816513307103278129669977363291361980989435025931448076674220589578916708474451915467598527744638059964817414583177679616410437042552549854073395960578135618251112100328624274333297476918645698689757444387
  public exponent: 65537
  Validity: [From: Wed Sep 11 16:38:57 WEST 2019,
               To: Thu Sep 10 16:38:57 WEST 2020]
  Issuer: CN=localhost, OU=Apache NiFi, O=Apache, L=Santa Monica, ST=CA, C=US
  SerialNumber: [    5d791511]

Certificate Extensions: 2
[1]: ObjectId: 2.5.29.15 Criticality=false
KeyUsage [
  DigitalSignature
  Non_repudiation
  Key_Encipherment
  Data_Encipherment
  Key_Agreement
  Key_CertSign
]

[2]: ObjectId: 2.5.29.17 Criticality=false
SubjectAlternativeName [
  DNSName: localhost
]

]
  Algorithm: [SHA256withRSA]
  Signature:
0000: BD 60 51 3B 2B 7F 6A 1F   07 27 5B 95 90 71 12 AA  .`Q;+.j..'[..q..
0010: E2 51 88 19 F1 3D BF D9   70 36 DE BE 2E D0 E6 CB  .Q...=..p6......
0020: F9 37 23 D4 B2 67 1D FA   F6 06 D0 05 A4 C4 D8 BF  .7#..g..........
0030: 25 30 00 BC 98 A7 DC 41   D4 42 76 94 DB AD 9B DD  %0.....A.Bv.....
0040: E8 4A DA 97 40 4D 22 7F   8A B2 D2 F8 08 28 76 9F  .J..@M"......(v.
0050: AF 21 73 EC 37 D2 F2 3B   96 20 AE 8B E0 F8 F7 E9  .!s.7..;. ......
0060: E8 22 85 21 82 19 0F D1   C5 8A BE 7C CC FE D7 6F  .".!...........o
0070: A9 4E 62 69 45 A5 2D 50   33 31 06 6A 0F 61 1E F7  .NbiE.-P31.j.a..
0080: 8D 9F 60 68 D7 61 D6 32   25 64 43 76 B1 1B 7A 21  ..`h.a.2%dCv..z!
0090: 59 6F A3 FA BC D5 A9 28   6C A8 EF 30 F2 67 5E 1D  Yo.....(l..0.g^.
00A0: B9 AD A0 03 53 6E 83 6D   C4 CE CE 0C 66 10 73 39  ....Sn.m....f.s9
00B0: CE 73 1D BD 4D 8C 13 18   84 E7 E5 41 97 68 C1 53  .s..M......A.h.S
00C0: 81 CD B5 40 25 73 EC 05   E4 23 01 BA 4D 20 78 6B  ...@%s...#..M xk
00D0: 84 14 EB FF F2 82 AD 99   1F B9 34 99 3B BD 1D 3E  ..........4.;..>
00E0: 1B 14 48 1E E6 ED F9 7B   82 EE 15 33 57 CE B3 44  ..H........3W..D
00F0: 86 C7 F4 99 89 34 CE F3   88 BB AC F6 35 F2 80 59  .....4......5..Y

]
01:46:20.910 [main] DEBUG org.eclipse.jetty.util.ssl.X509 - Certificate CN alias=mykey CN=localhost in X509@44e3a2b2(mykey,h=[],a=[],w=[])
01:46:20.911 [main] INFO org.eclipse.jetty.util.ssl.SslContextFactory - x509=X509@44e3a2b2(mykey,h=[localhost],a=[],w=[]) for SslContextFactory@19648c40[provider=null,keyStore=file:///home/alex/Repositories/nifi/minifi/minifi-bootstrap/src/test/resources/localhost-ks.jks,trustStore=file:///home/alex/Repositories/nifi/minifi/minifi-bootstrap/src/test/resources/localhost-ts.jks]
01:46:20.914 [main] DEBUG org.eclipse.jetty.util.ssl.SslContextFactory - managers=[sun.security.ssl.SunX509KeyManagerImpl@4c550889] for SslContextFactory@19648c40[provider=null,keyStore=file:///home/alex/Repositories/nifi/minifi/minifi-bootstrap/src/test/resources/localhost-ks.jks,trustStore=file:///home/alex/Repositories/nifi/minifi/minifi-bootstrap/src/test/resources/localhost-ts.jks]
01:46:20.923 [main] DEBUG org.eclipse.jetty.util.ssl.SslContextFactory - Selected Protocols [TLSv1.3, TLSv1.2] of [TLSv1.3, TLSv1.2, TLSv1.1, TLSv1, SSLv3, SSLv2Hello]
01:46:20.923 [main] DEBUG org.eclipse.jetty.util.ssl.SslContextFactory - Selected Ciphers   [TLS_AES_256_GCM_SHA384, TLS_AES_128_GCM_SHA256, TLS_ECDHE_ECDSA_WITH_AES_256_GCM_SHA384, TLS_ECDHE_ECDSA_WITH_AES_128_GCM_SHA256, TLS_ECDHE_RSA_WITH_AES_256_GCM_SHA384, TLS_ECDHE_RSA_WITH_AES_128_GCM_SHA256, TLS_DHE_RSA_WITH_AES_256_GCM_SHA384, TLS_DHE_DSS_WITH_AES_256_GCM_SHA384, TLS_DHE_RSA_WITH_AES_128_GCM_SHA256, TLS_DHE_DSS_WITH_AES_128_GCM_SHA256, TLS_ECDHE_ECDSA_WITH_AES_256_CBC_SHA384, TLS_ECDHE_RSA_WITH_AES_256_CBC_SHA384, TLS_ECDHE_ECDSA_WITH_AES_128_CBC_SHA256, TLS_ECDHE_RSA_WITH_AES_128_CBC_SHA256, TLS_DHE_RSA_WITH_AES_256_CBC_SHA256, TLS_DHE_DSS_WITH_AES_256_CBC_SHA256, TLS_DHE_RSA_WITH_AES_128_CBC_SHA256, TLS_DHE_DSS_WITH_AES_128_CBC_SHA256, TLS_ECDH_ECDSA_WITH_AES_256_GCM_SHA384, TLS_ECDH_RSA_WITH_AES_256_GCM_SHA384, TLS_ECDH_ECDSA_WITH_AES_128_GCM_SHA256, TLS_ECDH_RSA_WITH_AES_128_GCM_SHA256, TLS_ECDH_ECDSA_WITH_AES_256_CBC_SHA384, TLS_ECDH_RSA_WITH_AES_256_CBC_SHA384, TLS_ECDH_ECDSA_WITH_AES_128_CBC_SHA256, TLS_ECDH_RSA_WITH_AES_128_CBC_SHA256, TLS_EMPTY_RENEGOTIATION_INFO_SCSV] of [TLS_AES_256_GCM_SHA384, TLS_AES_128_GCM_SHA256, TLS_ECDHE_ECDSA_WITH_AES_256_GCM_SHA384, TLS_ECDHE_ECDSA_WITH_AES_128_GCM_SHA256, TLS_ECDHE_RSA_WITH_AES_256_GCM_SHA384, TLS_ECDHE_RSA_WITH_AES_128_GCM_SHA256, TLS_DHE_RSA_WITH_AES_256_GCM_SHA384, TLS_DHE_DSS_WITH_AES_256_GCM_SHA384, TLS_DHE_RSA_WITH_AES_128_GCM_SHA256, TLS_DHE_DSS_WITH_AES_128_GCM_SHA256, TLS_ECDHE_ECDSA_WITH_AES_256_CBC_SHA384, TLS_ECDHE_RSA_WITH_AES_256_CBC_SHA384, TLS_ECDHE_ECDSA_WITH_AES_128_CBC_SHA256, TLS_ECDHE_RSA_WITH_AES_128_CBC_SHA256, TLS_DHE_RSA_WITH_AES_256_CBC_SHA256, TLS_DHE_DSS_WITH_AES_256_CBC_SHA256, TLS_DHE_RSA_WITH_AES_128_CBC_SHA256, TLS_DHE_DSS_WITH_AES_128_CBC_SHA256, TLS_ECDH_ECDSA_WITH_AES_256_GCM_SHA384, TLS_ECDH_RSA_WITH_AES_256_GCM_SHA384, TLS_ECDH_ECDSA_WITH_AES_128_GCM_SHA256, TLS_ECDH_RSA_WITH_AES_128_GCM_SHA256, TLS_ECDH_ECDSA_WITH_AES_256_CBC_SHA384, TLS_ECDH_RSA_WITH_AES_256_CBC_SHA384, TLS_ECDH_ECDSA_WITH_AES_128_CBC_SHA256, TLS_ECDH_RSA_WITH_AES_128_CBC_SHA256, TLS_ECDHE_ECDSA_WITH_AES_256_CBC_SHA, TLS_ECDHE_RSA_WITH_AES_256_CBC_SHA, TLS_ECDHE_ECDSA_WITH_AES_128_CBC_SHA, TLS_ECDHE_RSA_WITH_AES_128_CBC_SHA, TLS_DHE_RSA_WITH_AES_256_CBC_SHA, TLS_DHE_DSS_WITH_AES_256_CBC_SHA, TLS_DHE_RSA_WITH_AES_128_CBC_SHA, TLS_DHE_DSS_WITH_AES_128_CBC_SHA, TLS_ECDH_ECDSA_WITH_AES_256_CBC_SHA, TLS_ECDH_RSA_WITH_AES_256_CBC_SHA, TLS_ECDH_ECDSA_WITH_AES_128_CBC_SHA, TLS_ECDH_RSA_WITH_AES_128_CBC_SHA, TLS_RSA_WITH_AES_256_GCM_SHA384, TLS_RSA_WITH_AES_128_GCM_SHA256, TLS_RSA_WITH_AES_256_CBC_SHA256, TLS_RSA_WITH_AES_128_CBC_SHA256, TLS_RSA_WITH_AES_256_CBC_SHA, TLS_RSA_WITH_AES_128_CBC_SHA, TLS_EMPTY_RENEGOTIATION_INFO_SCSV]
01:46:20.924 [main] DEBUG org.eclipse.jetty.util.ssl.SslContextFactory - Customize sun.security.ssl.SSLEngineImpl@68ead359
01:46:20.925 [main] DEBUG org.eclipse.jetty.util.component.AbstractLifeCycle - STARTED @3669ms SslContextFactory@19648c40[provider=null,keyStore=file:///home/alex/Repositories/nifi/minifi/minifi-bootstrap/src/test/resources/localhost-ks.jks,trustStore=file:///home/alex/Repositories/nifi/minifi/minifi-bootstrap/src/test/resources/localhost-ts.jks]
01:46:20.925 [main] DEBUG org.eclipse.jetty.util.ssl.SslContextFactory - Customize sun.security.ssl.SSLEngineImpl@424ebba3
01:46:20.926 [main] DEBUG org.eclipse.jetty.util.component.AbstractLifeCycle - STARTED @3669ms SslConnectionFactory@260e86a1{SSL->HTTP/1.1}
01:46:20.926 [main] DEBUG org.eclipse.jetty.util.component.AbstractLifeCycle - starting HttpConnectionFactory@1d131e1b[HTTP/1.1]
01:46:20.926 [main] DEBUG org.eclipse.jetty.util.component.AbstractLifeCycle - STARTED @3669ms HttpConnectionFactory@1d131e1b[HTTP/1.1]
01:46:20.926 [main] DEBUG org.eclipse.jetty.util.component.AbstractLifeCycle - starting SelectorManager@ServerConnector@12bd8a64{SSL, (ssl, http/1.1)}{localhost:45315}
01:46:20.926 [main] DEBUG org.eclipse.jetty.util.component.ContainerLifeCycle - EatWhatYouKill@37052337/SelectorProducer@2320fa6f/IDLE/p=false/QueuedThreadPool[qtp1221981006]@48d5f34e{STARTED,8<=8<=200,i=8,r=-1,q=0}[ReservedThreadExecutor@6f152006{reserved=0/8,pending=0}][pc=0,pic=0,pec=0,epc=0]@2024-05-02T01:46:20.926+01:00 added {SelectorProducer@2320fa6f,POJO}
01:46:20.926 [main] DEBUG org.eclipse.jetty.util.component.ContainerLifeCycle - EatWhatYouKill@37052337/SelectorProducer@2320fa6f/IDLE/p=false/QueuedThreadPool[qtp1221981006]@48d5f34e{STARTED,8<=8<=200,i=8,r=-1,q=0}[ReservedThreadExecutor@6f152006{reserved=0/8,pending=0}][pc=0,pic=0,pec=0,epc=0]@2024-05-02T01:46:20.926+01:00 added {QueuedThreadPool[qtp1221981006]@48d5f34e{STARTED,8<=8<=200,i=8,r=-1,q=0}[ReservedThreadExecutor@6f152006{reserved=0/8,pending=0}],UNMANAGED}
01:46:20.926 [main] DEBUG org.eclipse.jetty.util.thread.strategy.EatWhatYouKill - EatWhatYouKill@37052337/SelectorProducer@2320fa6f/IDLE/p=false/QueuedThreadPool[qtp1221981006]@48d5f34e{STARTED,8<=8<=200,i=8,r=-1,q=0}[ReservedThreadExecutor@6f152006{reserved=0/8,pending=0}][pc=0,pic=0,pec=0,epc=0]@2024-05-02T01:46:20.926+01:00 created
01:46:20.926 [main] DEBUG org.eclipse.jetty.util.component.ContainerLifeCycle - ManagedSelector@7a560583{STOPPED} id=0 keys=-1 selected=-1 updates=0 added {EatWhatYouKill@37052337/SelectorProducer@2320fa6f/IDLE/p=false/QueuedThreadPool[qtp1221981006]@48d5f34e{STARTED,8<=8<=200,i=8,r=-1,q=0}[ReservedThreadExecutor@6f152006{reserved=0/8,pending=0}][pc=0,pic=0,pec=0,epc=0]@2024-05-02T01:46:20.926+01:00,MANAGED}
01:46:20.926 [main] DEBUG org.eclipse.jetty.util.component.ContainerLifeCycle - SelectorManager@ServerConnector@12bd8a64{SSL, (ssl, http/1.1)}{localhost:45315} added {ManagedSelector@7a560583{STOPPED} id=0 keys=-1 selected=-1 updates=0,AUTO}
01:46:20.926 [main] DEBUG org.eclipse.jetty.util.component.ContainerLifeCycle - EatWhatYouKill@4d722ac9/SelectorProducer@53f0a4cb/IDLE/p=false/QueuedThreadPool[qtp1221981006]@48d5f34e{STARTED,8<=8<=200,i=8,r=-1,q=0}[ReservedThreadExecutor@6f152006{reserved=0/8,pending=0}][pc=0,pic=0,pec=0,epc=0]@2024-05-02T01:46:20.926+01:00 added {SelectorProducer@53f0a4cb,POJO}
01:46:20.926 [main] DEBUG org.eclipse.jetty.util.component.ContainerLifeCycle - EatWhatYouKill@4d722ac9/SelectorProducer@53f0a4cb/IDLE/p=false/QueuedThreadPool[qtp1221981006]@48d5f34e{STARTED,8<=8<=200,i=8,r=-1,q=0}[ReservedThreadExecutor@6f152006{reserved=0/8,pending=0}][pc=0,pic=0,pec=0,epc=0]@2024-05-02T01:46:20.926+01:00 added {QueuedThreadPool[qtp1221981006]@48d5f34e{STARTED,8<=8<=200,i=8,r=-1,q=0}[ReservedThreadExecutor@6f152006{reserved=0/8,pending=0}],UNMANAGED}
01:46:20.926 [main] DEBUG org.eclipse.jetty.util.thread.strategy.EatWhatYouKill - EatWhatYouKill@4d722ac9/SelectorProducer@53f0a4cb/IDLE/p=false/QueuedThreadPool[qtp1221981006]@48d5f34e{STARTED,8<=8<=200,i=8,r=-1,q=0}[ReservedThreadExecutor@6f152006{reserved=0/8,pending=0}][pc=0,pic=0,pec=0,epc=0]@2024-05-02T01:46:20.926+01:00 created
01:46:20.926 [main] DEBUG org.eclipse.jetty.util.component.ContainerLifeCycle - ManagedSelector@77a7cf58{STOPPED} id=1 keys=-1 selected=-1 updates=0 added {EatWhatYouKill@4d722ac9/SelectorProducer@53f0a4cb/IDLE/p=false/QueuedThreadPool[qtp1221981006]@48d5f34e{STARTED,8<=8<=200,i=8,r=-1,q=0}[ReservedThreadExecutor@6f152006{reserved=0/8,pending=0}][pc=0,pic=0,pec=0,epc=0]@2024-05-02T01:46:20.926+01:00,MANAGED}
01:46:20.927 [main] DEBUG org.eclipse.jetty.util.component.ContainerLifeCycle - SelectorManager@ServerConnector@12bd8a64{SSL, (ssl, http/1.1)}{localhost:45315} added {ManagedSelector@77a7cf58{STOPPED} id=1 keys=-1 selected=-1 updates=0,AUTO}
01:46:20.927 [main] DEBUG org.eclipse.jetty.util.component.ContainerLifeCycle - EatWhatYouKill@3d97a632/SelectorProducer@616fe72b/IDLE/p=false/QueuedThreadPool[qtp1221981006]@48d5f34e{STARTED,8<=8<=200,i=8,r=-1,q=0}[ReservedThreadExecutor@6f152006{reserved=0/8,pending=0}][pc=0,pic=0,pec=0,epc=0]@2024-05-02T01:46:20.927+01:00 added {SelectorProducer@616fe72b,POJO}
01:46:20.927 [main] DEBUG org.eclipse.jetty.util.component.ContainerLifeCycle - EatWhatYouKill@3d97a632/SelectorProducer@616fe72b/IDLE/p=false/QueuedThreadPool[qtp1221981006]@48d5f34e{STARTED,8<=8<=200,i=8,r=-1,q=0}[ReservedThreadExecutor@6f152006{reserved=0/8,pending=0}][pc=0,pic=0,pec=0,epc=0]@2024-05-02T01:46:20.927+01:00 added {QueuedThreadPool[qtp1221981006]@48d5f34e{STARTED,8<=8<=200,i=8,r=-1,q=0}[ReservedThreadExecutor@6f152006{reserved=0/8,pending=0}],UNMANAGED}
01:46:20.927 [main] DEBUG org.eclipse.jetty.util.thread.strategy.EatWhatYouKill - EatWhatYouKill@3d97a632/SelectorProducer@616fe72b/IDLE/p=false/QueuedThreadPool[qtp1221981006]@48d5f34e{STARTED,8<=8<=200,i=8,r=-1,q=0}[ReservedThreadExecutor@6f152006{reserved=0/8,pending=0}][pc=0,pic=0,pec=0,epc=0]@2024-05-02T01:46:20.927+01:00 created
01:46:20.927 [main] DEBUG org.eclipse.jetty.util.component.ContainerLifeCycle - ManagedSelector@37efd131{STOPPED} id=2 keys=-1 selected=-1 updates=0 added {EatWhatYouKill@3d97a632/SelectorProducer@616fe72b/IDLE/p=false/QueuedThreadPool[qtp1221981006]@48d5f34e{STARTED,8<=8<=200,i=8,r=-1,q=0}[ReservedThreadExecutor@6f152006{reserved=0/8,pending=0}][pc=0,pic=0,pec=0,epc=0]@2024-05-02T01:46:20.927+01:00,MANAGED}
01:46:20.927 [main] DEBUG org.eclipse.jetty.util.component.ContainerLifeCycle - SelectorManager@ServerConnector@12bd8a64{SSL, (ssl, http/1.1)}{localhost:45315} added {ManagedSelector@37efd131{STOPPED} id=2 keys=-1 selected=-1 updates=0,AUTO}
01:46:20.927 [main] DEBUG org.eclipse.jetty.util.component.ContainerLifeCycle - EatWhatYouKill@7e7b159b/SelectorProducer@7e5d9a50/IDLE/p=false/QueuedThreadPool[qtp1221981006]@48d5f34e{STARTED,8<=8<=200,i=8,r=-1,q=0}[ReservedThreadExecutor@6f152006{reserved=0/8,pending=0}][pc=0,pic=0,pec=0,epc=0]@2024-05-02T01:46:20.927+01:00 added {SelectorProducer@7e5d9a50,POJO}
01:46:20.927 [main] DEBUG org.eclipse.jetty.util.component.ContainerLifeCycle - EatWhatYouKill@7e7b159b/SelectorProducer@7e5d9a50/IDLE/p=false/QueuedThreadPool[qtp1221981006]@48d5f34e{STARTED,8<=8<=200,i=8,r=-1,q=0}[ReservedThreadExecutor@6f152006{reserved=0/8,pending=0}][pc=0,pic=0,pec=0,epc=0]@2024-05-02T01:46:20.927+01:00 added {QueuedThreadPool[qtp1221981006]@48d5f34e{STARTED,8<=8<=200,i=8,r=-1,q=0}[ReservedThreadExecutor@6f152006{reserved=0/8,pending=0}],UNMANAGED}
01:46:20.927 [main] DEBUG org.eclipse.jetty.util.thread.strategy.EatWhatYouKill - EatWhatYouKill@7e7b159b/SelectorProducer@7e5d9a50/IDLE/p=false/QueuedThreadPool[qtp1221981006]@48d5f34e{STARTED,8<=8<=200,i=8,r=-1,q=0}[ReservedThreadExecutor@6f152006{reserved=0/8,pending=0}][pc=0,pic=0,pec=0,epc=0]@2024-05-02T01:46:20.927+01:00 created
01:46:20.927 [main] DEBUG org.eclipse.jetty.util.component.ContainerLifeCycle - ManagedSelector@60957c0f{STOPPED} id=3 keys=-1 selected=-1 updates=0 added {EatWhatYouKill@7e7b159b/SelectorProducer@7e5d9a50/IDLE/p=false/QueuedThreadPool[qtp1221981006]@48d5f34e{STARTED,8<=8<=200,i=8,r=-1,q=0}[ReservedThreadExecutor@6f152006{reserved=0/8,pending=0}][pc=0,pic=0,pec=0,epc=0]@2024-05-02T01:46:20.927+01:00,MANAGED}
01:46:20.927 [main] DEBUG org.eclipse.jetty.util.component.ContainerLifeCycle - SelectorManager@ServerConnector@12bd8a64{SSL, (ssl, http/1.1)}{localhost:45315} added {ManagedSelector@60957c0f{STOPPED} id=3 keys=-1 selected=-1 updates=0,AUTO}
01:46:20.927 [main] DEBUG org.eclipse.jetty.util.component.AbstractLifeCycle - starting ManagedSelector@7a560583{STOPPED} id=0 keys=-1 selected=-1 updates=0
01:46:20.927 [main] DEBUG org.eclipse.jetty.util.component.AbstractLifeCycle - starting EatWhatYouKill@37052337/SelectorProducer@2320fa6f/IDLE/p=false/QueuedThreadPool[qtp1221981006]@48d5f34e{STARTED,8<=8<=200,i=8,r=-1,q=0}[ReservedThreadExecutor@6f152006{reserved=0/8,pending=0}][pc=0,pic=0,pec=0,epc=0]@2024-05-02T01:46:20.927+01:00
01:46:20.927 [main] DEBUG org.eclipse.jetty.util.component.AbstractLifeCycle - STARTED @3671ms EatWhatYouKill@37052337/SelectorProducer@2320fa6f/IDLE/p=false/QueuedThreadPool[qtp1221981006]@48d5f34e{STARTED,8<=8<=200,i=8,r=-1,q=0}[ReservedThreadExecutor@6f152006{reserved=0/8,pending=0}][pc=0,pic=0,pec=0,epc=0]@2024-05-02T01:46:20.927+01:00
01:46:20.927 [main] DEBUG org.eclipse.jetty.util.thread.QueuedThreadPool - queue org.eclipse.jetty.io.ManagedSelector$$Lambda$253/838473569@293a5f75 startThread=0
01:46:20.928 [main] DEBUG org.eclipse.jetty.io.ManagedSelector - Queued change lazy=false org.eclipse.jetty.io.ManagedSelector$Start@fcb4004 on ManagedSelector@7a560583{STARTING} id=0 keys=0 selected=0 updates=0
01:46:20.928 [qtp1221981006-45] DEBUG org.eclipse.jetty.util.thread.QueuedThreadPool - run org.eclipse.jetty.io.ManagedSelector$$Lambda$253/838473569@293a5f75 in QueuedThreadPool[qtp1221981006]@48d5f34e{STARTED,8<=8<=200,i=7,r=-1,q=0}[ReservedThreadExecutor@6f152006{reserved=0/8,pending=0}]
01:46:20.928 [qtp1221981006-45] DEBUG org.eclipse.jetty.util.thread.strategy.EatWhatYouKill - EatWhatYouKill@37052337/SelectorProducer@2320fa6f/IDLE/p=false/QueuedThreadPool[qtp1221981006]@48d5f34e{STARTED,8<=8<=200,i=7,r=-1,q=0}[ReservedThreadExecutor@6f152006{reserved=0/8,pending=0}][pc=0,pic=0,pec=0,epc=0]@2024-05-02T01:46:20.928+01:00 tryProduce false
01:46:20.928 [qtp1221981006-45] DEBUG org.eclipse.jetty.io.ManagedSelector - updateable 1
01:46:20.928 [qtp1221981006-45] DEBUG org.eclipse.jetty.io.ManagedSelector - update org.eclipse.jetty.io.ManagedSelector$Start@fcb4004
01:46:20.928 [qtp1221981006-45] DEBUG org.eclipse.jetty.io.ManagedSelector - updates 0
01:46:20.928 [qtp1221981006-45] DEBUG org.eclipse.jetty.io.ManagedSelector - Selector sun.nio.ch.EPollSelectorImpl@890177a waiting with 0 keys
01:46:20.928 [main] DEBUG org.eclipse.jetty.util.component.AbstractLifeCycle - STARTED @3672ms ManagedSelector@7a560583{STARTED} id=0 keys=0 selected=0 updates=0
01:46:20.928 [main] DEBUG org.eclipse.jetty.util.component.AbstractLifeCycle - starting ManagedSelector@77a7cf58{STOPPED} id=1 keys=-1 selected=-1 updates=0
01:46:20.928 [main] DEBUG org.eclipse.jetty.util.component.AbstractLifeCycle - starting EatWhatYouKill@4d722ac9/SelectorProducer@53f0a4cb/IDLE/p=false/QueuedThreadPool[qtp1221981006]@48d5f34e{STARTED,8<=8<=200,i=7,r=-1,q=0}[ReservedThreadExecutor@6f152006{reserved=0/8,pending=0}][pc=0,pic=0,pec=0,epc=0]@2024-05-02T01:46:20.928+01:00
01:46:20.928 [main] DEBUG org.eclipse.jetty.util.component.AbstractLifeCycle - STARTED @3672ms EatWhatYouKill@4d722ac9/SelectorProducer@53f0a4cb/IDLE/p=false/QueuedThreadPool[qtp1221981006]@48d5f34e{STARTED,8<=8<=200,i=7,r=-1,q=0}[ReservedThreadExecutor@6f152006{reserved=0/8,pending=0}][pc=0,pic=0,pec=0,epc=0]@2024-05-02T01:46:20.928+01:00
01:46:20.928 [main] DEBUG org.eclipse.jetty.util.thread.QueuedThreadPool - queue org.eclipse.jetty.io.ManagedSelector$$Lambda$253/838473569@1dd6d4b7 startThread=0
01:46:20.928 [main] DEBUG org.eclipse.jetty.io.ManagedSelector - Queued change lazy=false org.eclipse.jetty.io.ManagedSelector$Start@56e8b606 on ManagedSelector@77a7cf58{STARTING} id=1 keys=0 selected=0 updates=0
01:46:20.928 [qtp1221981006-46] DEBUG org.eclipse.jetty.util.thread.QueuedThreadPool - run org.eclipse.jetty.io.ManagedSelector$$Lambda$253/838473569@1dd6d4b7 in QueuedThreadPool[qtp1221981006]@48d5f34e{STARTED,8<=8<=200,i=6,r=-1,q=0}[ReservedThreadExecutor@6f152006{reserved=0/8,pending=0}]
01:46:20.928 [qtp1221981006-46] DEBUG org.eclipse.jetty.util.thread.strategy.EatWhatYouKill - EatWhatYouKill@4d722ac9/SelectorProducer@53f0a4cb/IDLE/p=false/QueuedThreadPool[qtp1221981006]@48d5f34e{STARTED,8<=8<=200,i=6,r=-1,q=0}[ReservedThreadExecutor@6f152006{reserved=0/8,pending=0}][pc=0,pic=0,pec=0,epc=0]@2024-05-02T01:46:20.928+01:00 tryProduce false
01:46:20.928 [qtp1221981006-46] DEBUG org.eclipse.jetty.io.ManagedSelector - updateable 1
01:46:20.928 [qtp1221981006-46] DEBUG org.eclipse.jetty.io.ManagedSelector - update org.eclipse.jetty.io.ManagedSelector$Start@56e8b606
01:46:20.928 [qtp1221981006-46] DEBUG org.eclipse.jetty.io.ManagedSelector - updates 0
01:46:20.928 [main] DEBUG org.eclipse.jetty.util.component.AbstractLifeCycle - STARTED @3672ms ManagedSelector@77a7cf58{STARTED} id=1 keys=0 selected=0 updates=0
01:46:20.928 [qtp1221981006-46] DEBUG org.eclipse.jetty.io.ManagedSelector - Selector sun.nio.ch.EPollSelectorImpl@c14b656 waiting with 0 keys
01:46:20.928 [main] DEBUG org.eclipse.jetty.util.component.AbstractLifeCycle - starting ManagedSelector@37efd131{STOPPED} id=2 keys=-1 selected=-1 updates=0
01:46:20.928 [main] DEBUG org.eclipse.jetty.util.component.AbstractLifeCycle - starting EatWhatYouKill@3d97a632/SelectorProducer@616fe72b/IDLE/p=false/QueuedThreadPool[qtp1221981006]@48d5f34e{STARTED,8<=8<=200,i=6,r=-1,q=0}[ReservedThreadExecutor@6f152006{reserved=0/8,pending=0}][pc=0,pic=0,pec=0,epc=0]@2024-05-02T01:46:20.928+01:00
01:46:20.929 [main] DEBUG org.eclipse.jetty.util.component.AbstractLifeCycle - STARTED @3672ms EatWhatYouKill@3d97a632/SelectorProducer@616fe72b/IDLE/p=false/QueuedThreadPool[qtp1221981006]@48d5f34e{STARTED,8<=8<=200,i=6,r=-1,q=0}[ReservedThreadExecutor@6f152006{reserved=0/8,pending=0}][pc=0,pic=0,pec=0,epc=0]@2024-05-02T01:46:20.929+01:00
01:46:20.929 [main] DEBUG org.eclipse.jetty.util.thread.QueuedThreadPool - queue org.eclipse.jetty.io.ManagedSelector$$Lambda$253/838473569@2dd29a59 startThread=0
01:46:20.929 [qtp1221981006-47] DEBUG org.eclipse.jetty.util.thread.QueuedThreadPool - run org.eclipse.jetty.io.ManagedSelector$$Lambda$253/838473569@2dd29a59 in QueuedThreadPool[qtp1221981006]@48d5f34e{STARTED,8<=8<=200,i=5,r=-1,q=0}[ReservedThreadExecutor@6f152006{reserved=0/8,pending=0}]
01:46:20.929 [main] DEBUG org.eclipse.jetty.io.ManagedSelector - Queued change lazy=false org.eclipse.jetty.io.ManagedSelector$Start@784c3487 on ManagedSelector@37efd131{STARTING} id=2 keys=0 selected=0 updates=0
01:46:20.929 [qtp1221981006-47] DEBUG org.eclipse.jetty.util.thread.strategy.EatWhatYouKill - EatWhatYouKill@3d97a632/SelectorProducer@616fe72b/IDLE/p=false/QueuedThreadPool[qtp1221981006]@48d5f34e{STARTED,8<=8<=200,i=5,r=-1,q=0}[ReservedThreadExecutor@6f152006{reserved=0/8,pending=0}][pc=0,pic=0,pec=0,epc=0]@2024-05-02T01:46:20.929+01:00 tryProduce false
01:46:20.929 [qtp1221981006-47] DEBUG org.eclipse.jetty.io.ManagedSelector - updateable 1
01:46:20.929 [qtp1221981006-47] DEBUG org.eclipse.jetty.io.ManagedSelector - update org.eclipse.jetty.io.ManagedSelector$Start@784c3487
01:46:20.929 [qtp1221981006-47] DEBUG org.eclipse.jetty.io.ManagedSelector - updates 0
01:46:20.929 [qtp1221981006-47] DEBUG org.eclipse.jetty.io.ManagedSelector - Selector sun.nio.ch.EPollSelectorImpl@582d8c3b waiting with 0 keys
01:46:20.929 [main] DEBUG org.eclipse.jetty.util.component.AbstractLifeCycle - STARTED @3673ms ManagedSelector@37efd131{STARTED} id=2 keys=0 selected=0 updates=0
01:46:20.929 [main] DEBUG org.eclipse.jetty.util.component.AbstractLifeCycle - starting ManagedSelector@60957c0f{STOPPED} id=3 keys=-1 selected=-1 updates=0
01:46:20.929 [main] DEBUG org.eclipse.jetty.util.component.AbstractLifeCycle - starting EatWhatYouKill@7e7b159b/SelectorProducer@7e5d9a50/IDLE/p=false/QueuedThreadPool[qtp1221981006]@48d5f34e{STARTED,8<=8<=200,i=5,r=-1,q=0}[ReservedThreadExecutor@6f152006{reserved=0/8,pending=0}][pc=0,pic=0,pec=0,epc=0]@2024-05-02T01:46:20.929+01:00
01:46:20.929 [main] DEBUG org.eclipse.jetty.util.component.AbstractLifeCycle - STARTED @3673ms EatWhatYouKill@7e7b159b/SelectorProducer@7e5d9a50/IDLE/p=false/QueuedThreadPool[qtp1221981006]@48d5f34e{STARTED,8<=8<=200,i=5,r=-1,q=0}[ReservedThreadExecutor@6f152006{reserved=0/8,pending=0}][pc=0,pic=0,pec=0,epc=0]@2024-05-02T01:46:20.929+01:00
01:46:20.929 [main] DEBUG org.eclipse.jetty.util.thread.QueuedThreadPool - queue org.eclipse.jetty.io.ManagedSelector$$Lambda$253/838473569@53142455 startThread=0
01:46:20.929 [main] DEBUG org.eclipse.jetty.io.ManagedSelector - Queued change lazy=false org.eclipse.jetty.io.ManagedSelector$Start@40dff0b7 on ManagedSelector@60957c0f{STARTING} id=3 keys=0 selected=0 updates=0
01:46:20.929 [qtp1221981006-48] DEBUG org.eclipse.jetty.util.thread.QueuedThreadPool - run org.eclipse.jetty.io.ManagedSelector$$Lambda$253/838473569@53142455 in QueuedThreadPool[qtp1221981006]@48d5f34e{STARTED,8<=8<=200,i=4,r=-1,q=0}[ReservedThreadExecutor@6f152006{reserved=0/8,pending=0}]
01:46:20.929 [qtp1221981006-48] DEBUG org.eclipse.jetty.util.thread.strategy.EatWhatYouKill - EatWhatYouKill@7e7b159b/SelectorProducer@7e5d9a50/IDLE/p=false/QueuedThreadPool[qtp1221981006]@48d5f34e{STARTED,8<=8<=200,i=4,r=-1,q=0}[ReservedThreadExecutor@6f152006{reserved=0/8,pending=0}][pc=0,pic=0,pec=0,epc=0]@2024-05-02T01:46:20.929+01:00 tryProduce false
01:46:20.930 [qtp1221981006-48] DEBUG org.eclipse.jetty.io.ManagedSelector - updateable 1
01:46:20.930 [qtp1221981006-48] DEBUG org.eclipse.jetty.io.ManagedSelector - update org.eclipse.jetty.io.ManagedSelector$Start@40dff0b7
01:46:20.930 [qtp1221981006-48] DEBUG org.eclipse.jetty.io.ManagedSelector - updates 0
01:46:20.930 [qtp1221981006-48] DEBUG org.eclipse.jetty.io.ManagedSelector - Selector sun.nio.ch.EPollSelectorImpl@69eb1130 waiting with 0 keys
01:46:20.930 [main] DEBUG org.eclipse.jetty.util.component.AbstractLifeCycle - STARTED @3673ms ManagedSelector@60957c0f{STARTED} id=3 keys=0 selected=0 updates=0
01:46:20.930 [main] DEBUG org.eclipse.jetty.util.component.AbstractLifeCycle - STARTED @3674ms SelectorManager@ServerConnector@12bd8a64{SSL, (ssl, http/1.1)}{localhost:45315}
01:46:20.930 [main] DEBUG org.eclipse.jetty.util.component.ContainerLifeCycle - ServerConnector@12bd8a64{SSL, (ssl, http/1.1)}{localhost:45315} added {acceptor-0@7966baa7,POJO}
01:46:20.930 [main] DEBUG org.eclipse.jetty.util.thread.QueuedThreadPool - queue acceptor-0@7966baa7 startThread=0
01:46:20.930 [main] INFO org.eclipse.jetty.server.AbstractConnector - Started ServerConnector@12bd8a64{SSL, (ssl, http/1.1)}{localhost:45315}
01:46:20.930 [qtp1221981006-49] DEBUG org.eclipse.jetty.util.thread.QueuedThreadPool - run acceptor-0@7966baa7 in QueuedThreadPool[qtp1221981006]@48d5f34e{STARTED,8<=8<=200,i=3,r=-1,q=0}[ReservedThreadExecutor@6f152006{reserved=0/8,pending=0}]
01:46:20.930 [main] DEBUG org.eclipse.jetty.util.component.AbstractLifeCycle - STARTED @3674ms ServerConnector@12bd8a64{SSL, (ssl, http/1.1)}{localhost:45315}
01:46:20.930 [main] INFO org.eclipse.jetty.server.Server - Started @3674ms
01:46:20.930 [main] DEBUG org.eclipse.jetty.util.component.AbstractLifeCycle - STARTED @3674ms Server@6ff65192{STARTED}[9.4.44.v20210927]
01:46:20.930 [main] INFO org.apache.nifi.minifi.bootstrap.configuration.ingestors.RestChangeIngestor - RestChangeIngester has started and is listening on port 45315.
01:46:21.934 [qtp1221981006-49-acceptor-0@7966baa7-ServerConnector@12bd8a64{SSL, (ssl, http/1.1)}{localhost:45315}] DEBUG org.eclipse.jetty.io.ManagedSelector - Queued change lazy=false Accept@17270522[java.nio.channels.SocketChannel[connected local=/127.0.0.1:45315 remote=/127.0.0.1:36528]] on ManagedSelector@77a7cf58{STARTED} id=1 keys=0 selected=0 updates=0
01:46:21.934 [qtp1221981006-49-acceptor-0@7966baa7-ServerConnector@12bd8a64{SSL, (ssl, http/1.1)}{localhost:45315}] DEBUG org.eclipse.jetty.io.ManagedSelector - Wakeup on submit ManagedSelector@77a7cf58{STARTED} id=1 keys=0 selected=0 updates=1
01:46:21.935 [qtp1221981006-46] DEBUG org.eclipse.jetty.io.ManagedSelector - Selector sun.nio.ch.EPollSelectorImpl@c14b656 woken with none selected
01:46:21.935 [qtp1221981006-46] DEBUG org.eclipse.jetty.io.ManagedSelector - Selector sun.nio.ch.EPollSelectorImpl@c14b656 woken up from select, 0/0/0 selected
01:46:21.935 [qtp1221981006-46] DEBUG org.eclipse.jetty.io.ManagedSelector - Selector sun.nio.ch.EPollSelectorImpl@c14b656 processing 0 keys, 1 updates
01:46:21.935 [qtp1221981006-46] DEBUG org.eclipse.jetty.io.ManagedSelector - updateable 1
01:46:21.935 [qtp1221981006-46] DEBUG org.eclipse.jetty.io.ManagedSelector - update Accept@17270522[java.nio.channels.SocketChannel[connected local=/127.0.0.1:45315 remote=/127.0.0.1:36528]]
01:46:21.935 [qtp1221981006-46] DEBUG org.eclipse.jetty.util.thread.QueuedThreadPool - queue Accept@17270522[java.nio.channels.SocketChannel[connected local=/127.0.0.1:45315 remote=/127.0.0.1:36528]] startThread=0
01:46:21.935 [qtp1221981006-46] DEBUG org.eclipse.jetty.io.ManagedSelector - updates 0
01:46:21.935 [qtp1221981006-46] DEBUG org.eclipse.jetty.io.ManagedSelector - Selector sun.nio.ch.EPollSelectorImpl@c14b656 waiting with 1 keys
01:46:21.935 [qtp1221981006-50] DEBUG org.eclipse.jetty.util.thread.QueuedThreadPool - run Accept@17270522[java.nio.channels.SocketChannel[connected local=/127.0.0.1:45315 remote=/127.0.0.1:36528]] in QueuedThreadPool[qtp1221981006]@48d5f34e{STARTED,8<=8<=200,i=2,r=-1,q=0}[ReservedThreadExecutor@6f152006{reserved=0/8,pending=0}]
01:46:21.936 [qtp1221981006-50] DEBUG org.eclipse.jetty.io.IdleTimeout - SocketChannelEndPoint@4adbc0e5{l=/127.0.0.1:45315,r=/127.0.0.1:36528,OPEN,fill=-,flush=-,to=0/30000}{io=0/0,kio=0,kro=0}-><null> idle timeout check, elapsed: 0 ms, remaining: 30000 ms
01:46:21.936 [qtp1221981006-50] DEBUG org.eclipse.jetty.util.ssl.SslContextFactory - Customize sun.security.ssl.SSLEngineImpl@4023ab95
01:46:21.943 [qtp1221981006-50] DEBUG org.eclipse.jetty.server.HttpChannel - new HttpChannelOverHttp@76084e40{s=HttpChannelState@325adce4{s=IDLE rs=BLOCKING os=OPEN is=IDLE awp=false se=false i=true al=0},r=0,c=false/false,a=IDLE,uri=null,age=0} -> DecryptedEndPoint@35af43d7{l=/127.0.0.1:45315,r=/127.0.0.1:36528,OPEN,fill=-,flush=-,to=1/30000},null,HttpChannelState@325adce4{s=IDLE rs=BLOCKING os=OPEN is=IDLE awp=false se=false i=true al=0}
01:46:21.944 [qtp1221981006-50] DEBUG org.eclipse.jetty.server.HttpConnection - New HTTP Connection HttpConnection@167da302::DecryptedEndPoint@35af43d7{l=/127.0.0.1:45315,r=/127.0.0.1:36528,OPEN,fill=-,flush=-,to=1/30000}
01:46:21.944 [qtp1221981006-50] DEBUG org.eclipse.jetty.io.ManagedSelector - Queued change lazy=true org.eclipse.jetty.io.ManagedSelector$$Lambda$258/102804084@994826c on ManagedSelector@77a7cf58{STARTED} id=1 keys=1 selected=0 updates=0
01:46:21.944 [qtp1221981006-50] DEBUG org.eclipse.jetty.io.AbstractEndPoint - onOpen SocketChannelEndPoint@4adbc0e5{l=/127.0.0.1:45315,r=/127.0.0.1:36528,OPEN,fill=-,flush=-,to=8/30000}{io=0/0,kio=0,kro=0}->SslConnection@728a55ef{NOT_HANDSHAKING,eio=-1/-1,di=-1,fill=IDLE,flush=IDLE}~>DecryptedEndPoint@35af43d7{l=/127.0.0.1:45315,r=/127.0.0.1:36528,OPEN,fill=-,flush=-,to=1/30000}=>HttpConnection@167da302[p=HttpParser{s=START,0 of -1},g=HttpGenerator@4ca9dbe0{s=START}]=>HttpChannelOverHttp@76084e40{s=HttpChannelState@325adce4{s=IDLE rs=BLOCKING os=OPEN is=IDLE awp=false se=false i=true al=0},r=0,c=false/false,a=IDLE,uri=null,age=0}
01:46:21.944 [qtp1221981006-50] DEBUG org.eclipse.jetty.io.AbstractConnection - onOpen SslConnection@728a55ef::SocketChannelEndPoint@4adbc0e5{l=/127.0.0.1:45315,r=/127.0.0.1:36528,OPEN,fill=-,flush=-,to=8/30000}{io=0/0,kio=0,kro=0}->SslConnection@728a55ef{NOT_HANDSHAKING,eio=-1/-1,di=-1,fill=IDLE,flush=IDLE}~>DecryptedEndPoint@35af43d7{l=/127.0.0.1:45315,r=/127.0.0.1:36528,OPEN,fill=-,flush=-,to=1/30000}=>HttpConnection@167da302[p=HttpParser{s=START,0 of -1},g=HttpGenerator@4ca9dbe0{s=START}]=>HttpChannelOverHttp@76084e40{s=HttpChannelState@325adce4{s=IDLE rs=BLOCKING os=OPEN is=IDLE awp=false se=false i=true al=0},r=0,c=false/false,a=IDLE,uri=null,age=0}
01:46:21.944 [qtp1221981006-50] DEBUG org.eclipse.jetty.io.AbstractConnection - onOpen HttpConnection@167da302::DecryptedEndPoint@35af43d7{l=/127.0.0.1:45315,r=/127.0.0.1:36528,OPEN,fill=-,flush=-,to=2/30000}
01:46:21.944 [qtp1221981006-50] DEBUG org.eclipse.jetty.io.AbstractConnection - fillInterested HttpConnection@167da302::DecryptedEndPoint@35af43d7{l=/127.0.0.1:45315,r=/127.0.0.1:36528,OPEN,fill=-,flush=-,to=2/30000}
01:46:21.944 [qtp1221981006-50] DEBUG org.eclipse.jetty.io.FillInterest - interested FillInterest@5c5784d0{AC.ReadCB@167da302{HttpConnection@167da302::DecryptedEndPoint@35af43d7{l=/127.0.0.1:45315,r=/127.0.0.1:36528,OPEN,fill=FI,flush=-,to=0/30000}}}
01:46:21.944 [qtp1221981006-50] DEBUG org.eclipse.jetty.io.ssl.SslConnection - >needFillInterest s=IDLE/IDLE uf=false ei=null di=null SslConnection@728a55ef::SocketChannelEndPoint@4adbc0e5{l=/127.0.0.1:45315,r=/127.0.0.1:36528,OPEN,fill=-,flush=-,to=8/30000}{io=0/0,kio=0,kro=0}->SslConnection@728a55ef{NOT_HANDSHAKING,eio=-1/-1,di=-1,fill=IDLE,flush=IDLE}~>DecryptedEndPoint@35af43d7{l=/127.0.0.1:45315,r=/127.0.0.1:36528,OPEN,fill=FI,flush=-,to=0/30000}=>HttpConnection@167da302[p=HttpParser{s=START,0 of -1},g=HttpGenerator@4ca9dbe0{s=START}]=>HttpChannelOverHttp@76084e40{s=HttpChannelState@325adce4{s=IDLE rs=BLOCKING os=OPEN is=IDLE awp=false se=false i=true al=0},r=0,c=false/false,a=IDLE,uri=null,age=0}
01:46:21.945 [qtp1221981006-50] DEBUG org.eclipse.jetty.io.ssl.SslConnection - <needFillInterest s=IDLE/INTERESTED f=false i=true w=null
01:46:21.945 [qtp1221981006-50] DEBUG org.eclipse.jetty.io.ssl.SslConnection - ensureFillInterested SslConnection@728a55ef::SocketChannelEndPoint@4adbc0e5{l=/127.0.0.1:45315,r=/127.0.0.1:36528,OPEN,fill=-,flush=-,to=9/30000}{io=0/0,kio=0,kro=0}->SslConnection@728a55ef{NOT_HANDSHAKING,eio=-1/-1,di=-1,fill=INTERESTED,flush=IDLE}~>DecryptedEndPoint@35af43d7{l=/127.0.0.1:45315,r=/127.0.0.1:36528,OPEN,fill=FI,flush=-,to=0/30000}=>HttpConnection@167da302[p=HttpParser{s=START,0 of -1},g=HttpGenerator@4ca9dbe0{s=START}]=>HttpChannelOverHttp@76084e40{s=HttpChannelState@325adce4{s=IDLE rs=BLOCKING os=OPEN is=IDLE awp=false se=false i=true al=0},r=0,c=false/false,a=IDLE,uri=null,age=0}
01:46:21.945 [qtp1221981006-50] DEBUG org.eclipse.jetty.io.FillInterest - interested FillInterest@530c5b2d{SSLC.NBReadCB@728a55ef{SslConnection@728a55ef::SocketChannelEndPoint@4adbc0e5{l=/127.0.0.1:45315,r=/127.0.0.1:36528,OPEN,fill=FI,flush=-,to=0/30000}{io=0/0,kio=0,kro=0}->SslConnection@728a55ef{NOT_HANDSHAKING,eio=-1/-1,di=-1,fill=INTERESTED,flush=IDLE}~>DecryptedEndPoint@35af43d7{l=/127.0.0.1:45315,r=/127.0.0.1:36528,OPEN,fill=FI,flush=-,to=0/30000}=>HttpConnection@167da302[p=HttpParser{s=START,0 of -1},g=HttpGenerator@4ca9dbe0{s=START}]=>HttpChannelOverHttp@76084e40{s=HttpChannelState@325adce4{s=IDLE rs=BLOCKING os=OPEN is=IDLE awp=false se=false i=true al=0},r=0,c=false/false,a=IDLE,uri=null,age=0}}}
01:46:21.945 [qtp1221981006-50] DEBUG org.eclipse.jetty.io.ChannelEndPoint - changeInterests p=false 0->1 for SocketChannelEndPoint@4adbc0e5{l=/127.0.0.1:45315,r=/127.0.0.1:36528,OPEN,fill=FI,flush=-,to=0/30000}{io=0/1,kio=0,kro=0}->SslConnection@728a55ef{NOT_HANDSHAKING,eio=-1/-1,di=-1,fill=INTERESTED,flush=IDLE}~>DecryptedEndPoint@35af43d7{l=/127.0.0.1:45315,r=/127.0.0.1:36528,OPEN,fill=FI,flush=-,to=0/30000}=>HttpConnection@167da302[p=HttpParser{s=START,0 of -1},g=HttpGenerator@4ca9dbe0{s=START}]=>HttpChannelOverHttp@76084e40{s=HttpChannelState@325adce4{s=IDLE rs=BLOCKING os=OPEN is=IDLE awp=false se=false i=true al=0},r=0,c=false/false,a=IDLE,uri=null,age=0}
01:46:21.945 [qtp1221981006-50] DEBUG org.eclipse.jetty.io.ManagedSelector - Queued change lazy=false org.eclipse.jetty.io.ChannelEndPoint$$Lambda$255/981852870@331d2498 on ManagedSelector@77a7cf58{STARTED} id=1 keys=1 selected=0 updates=1
01:46:21.945 [qtp1221981006-50] DEBUG org.eclipse.jetty.io.ManagedSelector - Wakeup on submit ManagedSelector@77a7cf58{STARTED} id=1 keys=1 selected=0 updates=2
01:46:21.945 [qtp1221981006-46] DEBUG org.eclipse.jetty.io.ManagedSelector - Selector sun.nio.ch.EPollSelectorImpl@c14b656 woken with none selected
01:46:21.945 [qtp1221981006-50] DEBUG org.eclipse.jetty.io.ManagedSelector - Created SocketChannelEndPoint@4adbc0e5{l=/127.0.0.1:45315,r=/127.0.0.1:36528,OPEN,fill=FI,flush=-,to=0/30000}{io=0/1,kio=0,kro=0}->SslConnection@728a55ef{NOT_HANDSHAKING,eio=-1/-1,di=-1,fill=INTERESTED,flush=IDLE}~>DecryptedEndPoint@35af43d7{l=/127.0.0.1:45315,r=/127.0.0.1:36528,OPEN,fill=FI,flush=-,to=0/30000}=>HttpConnection@167da302[p=HttpParser{s=START,0 of -1},g=HttpGenerator@4ca9dbe0{s=START}]=>HttpChannelOverHttp@76084e40{s=HttpChannelState@325adce4{s=IDLE rs=BLOCKING os=OPEN is=IDLE awp=false se=false i=true al=0},r=0,c=false/false,a=IDLE,uri=null,age=0}
01:46:21.945 [qtp1221981006-46] DEBUG org.eclipse.jetty.io.ManagedSelector - Selector sun.nio.ch.EPollSelectorImpl@c14b656 woken up from select, 0/0/1 selected
01:46:21.945 [qtp1221981006-46] DEBUG org.eclipse.jetty.io.ManagedSelector - Selector sun.nio.ch.EPollSelectorImpl@c14b656 processing 0 keys, 2 updates
01:46:21.945 [qtp1221981006-46] DEBUG org.eclipse.jetty.io.ManagedSelector - updateable 2
01:46:21.945 [qtp1221981006-46] DEBUG org.eclipse.jetty.io.ManagedSelector - update org.eclipse.jetty.io.ManagedSelector$$Lambda$258/102804084@994826c
01:46:21.945 [qtp1221981006-50] DEBUG org.eclipse.jetty.util.thread.QueuedThreadPool - ran Accept@17270522[java.nio.channels.SocketChannel[connected local=/127.0.0.1:45315 remote=/127.0.0.1:36528]] in QueuedThreadPool[qtp1221981006]@48d5f34e{STARTED,8<=8<=200,i=2,r=-1,q=0}[ReservedThreadExecutor@6f152006{reserved=0/8,pending=0}]
01:46:21.945 [qtp1221981006-46] DEBUG org.eclipse.jetty.io.ManagedSelector - update org.eclipse.jetty.io.ChannelEndPoint$$Lambda$255/981852870@331d2498
01:46:21.946 [qtp1221981006-46] DEBUG org.eclipse.jetty.io.ChannelEndPoint - Key interests updated 0 -> 1 on SocketChannelEndPoint@4adbc0e5{l=/127.0.0.1:45315,r=/127.0.0.1:36528,OPEN,fill=FI,flush=-,to=0/30000}{io=1/1,kio=1,kro=0}->SslConnection@728a55ef{NOT_HANDSHAKING,eio=-1/-1,di=-1,fill=INTERESTED,flush=IDLE}~>DecryptedEndPoint@35af43d7{l=/127.0.0.1:45315,r=/127.0.0.1:36528,OPEN,fill=FI,flush=-,to=1/30000}=>HttpConnection@167da302[p=HttpParser{s=START,0 of -1},g=HttpGenerator@4ca9dbe0{s=START}]=>HttpChannelOverHttp@76084e40{s=HttpChannelState@325adce4{s=IDLE rs=BLOCKING os=OPEN is=IDLE awp=false se=false i=true al=0},r=0,c=false/false,a=IDLE,uri=null,age=0}
01:46:21.946 [qtp1221981006-46] DEBUG org.eclipse.jetty.io.ManagedSelector - updates 0
01:46:21.946 [qtp1221981006-46] DEBUG org.eclipse.jetty.io.ManagedSelector - Selector sun.nio.ch.EPollSelectorImpl@c14b656 waiting with 1 keys
01:46:21.969 [qtp1221981006-46] DEBUG org.eclipse.jetty.io.ManagedSelector - Selector sun.nio.ch.EPollSelectorImpl@c14b656 woken up from select, 1/1/1 selected
01:46:21.969 [qtp1221981006-46] DEBUG org.eclipse.jetty.io.ManagedSelector - Selector sun.nio.ch.EPollSelectorImpl@c14b656 processing 1 keys, 0 updates
01:46:21.970 [qtp1221981006-46] DEBUG org.eclipse.jetty.io.ManagedSelector - selected 1 sun.nio.ch.SelectionKeyImpl@2d359a4 SocketChannelEndPoint@4adbc0e5{l=/127.0.0.1:45315,r=/127.0.0.1:36528,OPEN,fill=FI,flush=-,to=24/30000}{io=1/1,kio=1,kro=1}->SslConnection@728a55ef{NOT_HANDSHAKING,eio=-1/-1,di=-1,fill=INTERESTED,flush=IDLE}~>DecryptedEndPoint@35af43d7{l=/127.0.0.1:45315,r=/127.0.0.1:36528,OPEN,fill=FI,flush=-,to=25/30000}=>HttpConnection@167da302[p=HttpParser{s=START,0 of -1},g=HttpGenerator@4ca9dbe0{s=START}]=>HttpChannelOverHttp@76084e40{s=HttpChannelState@325adce4{s=IDLE rs=BLOCKING os=OPEN is=IDLE awp=false se=false i=true al=0},r=0,c=false/false,a=IDLE,uri=null,age=0} 
01:46:21.970 [qtp1221981006-46] DEBUG org.eclipse.jetty.io.ChannelEndPoint - onSelected 1->0 r=true w=false for SocketChannelEndPoint@4adbc0e5{l=/127.0.0.1:45315,r=/127.0.0.1:36528,OPEN,fill=FI,flush=-,to=24/30000}{io=1/0,kio=1,kro=1}->SslConnection@728a55ef{NOT_HANDSHAKING,eio=-1/-1,di=-1,fill=INTERESTED,flush=IDLE}~>DecryptedEndPoint@35af43d7{l=/127.0.0.1:45315,r=/127.0.0.1:36528,OPEN,fill=FI,flush=-,to=25/30000}=>HttpConnection@167da302[p=HttpParser{s=START,0 of -1},g=HttpGenerator@4ca9dbe0{s=START}]=>HttpChannelOverHttp@76084e40{s=HttpChannelState@325adce4{s=IDLE rs=BLOCKING os=OPEN is=IDLE awp=false se=false i=true al=0},r=0,c=false/false,a=IDLE,uri=null,age=0}
01:46:21.970 [qtp1221981006-46] DEBUG org.eclipse.jetty.io.ChannelEndPoint - task CEP:SocketChannelEndPoint@4adbc0e5{l=/127.0.0.1:45315,r=/127.0.0.1:36528,OPEN,fill=FI,flush=-,to=24/30000}{io=1/0,kio=1,kro=1}->SslConnection@728a55ef{NOT_HANDSHAKING,eio=-1/-1,di=-1,fill=INTERESTED,flush=IDLE}~>DecryptedEndPoint@35af43d7{l=/127.0.0.1:45315,r=/127.0.0.1:36528,OPEN,fill=FI,flush=-,to=25/30000}=>HttpConnection@167da302[p=HttpParser{s=START,0 of -1},g=HttpGenerator@4ca9dbe0{s=START}]=>HttpChannelOverHttp@76084e40{s=HttpChannelState@325adce4{s=IDLE rs=BLOCKING os=OPEN is=IDLE awp=false se=false i=true al=0},r=0,c=false/false,a=IDLE,uri=null,age=0}:runFillable:BLOCKING
01:46:21.970 [qtp1221981006-46] DEBUG org.eclipse.jetty.util.thread.ReservedThreadExecutor - ReservedThreadExecutor@6f152006{reserved=0/8,pending=0} tryExecute EatWhatYouKill@4d722ac9/SelectorProducer@53f0a4cb/PRODUCING/p=false/QueuedThreadPool[qtp1221981006]@48d5f34e{STARTED,8<=8<=200,i=3,r=-1,q=0}[ReservedThreadExecutor@6f152006{reserved=0/8,pending=0}][pc=0,pic=0,pec=0,epc=0]@2024-05-02T01:46:21.97+01:00
01:46:21.970 [qtp1221981006-46] DEBUG org.eclipse.jetty.util.thread.ReservedThreadExecutor - ReservedThreadExecutor@6f152006{reserved=0/8,pending=1} startReservedThread p=1
01:46:21.970 [qtp1221981006-46] DEBUG org.eclipse.jetty.util.thread.QueuedThreadPool - queue ReservedThread@6ecdd26{PENDING,thread=null} startThread=0
01:46:21.970 [qtp1221981006-51] DEBUG org.eclipse.jetty.util.thread.QueuedThreadPool - run ReservedThread@6ecdd26{PENDING,thread=null} in QueuedThreadPool[qtp1221981006]@48d5f34e{STARTED,8<=8<=200,i=2,r=-1,q=0}[ReservedThreadExecutor@6f152006{reserved=0/8,pending=1}]
01:46:21.970 [qtp1221981006-51] DEBUG org.eclipse.jetty.util.thread.ReservedThreadExecutor - ReservedThread@6ecdd26{PENDING,thread=Thread[qtp1221981006-51,5,main]} was=PENDING next=RESERVED size=0+1 capacity=8
01:46:21.970 [qtp1221981006-51] DEBUG org.eclipse.jetty.util.thread.ReservedThreadExecutor - ReservedThread@6ecdd26{RESERVED,thread=Thread[qtp1221981006-51,5,main]} waiting ReservedThreadExecutor@6f152006{reserved=1/8,pending=0}
01:46:21.970 [qtp1221981006-46] DEBUG org.eclipse.jetty.util.thread.strategy.EatWhatYouKill - EatWhatYouKill@4d722ac9/SelectorProducer@53f0a4cb/PRODUCING/p=false/QueuedThreadPool[qtp1221981006]@48d5f34e{STARTED,8<=8<=200,i=2,r=-1,q=0}[ReservedThreadExecutor@6f152006{reserved=0/8,pending=1}][pc=0,pic=0,pec=0,epc=0]@2024-05-02T01:46:21.97+01:00 m=PRODUCE_EXECUTE_CONSUME t=CEP:SocketChannelEndPoint@4adbc0e5{l=/127.0.0.1:45315,r=/127.0.0.1:36528,OPEN,fill=FI,flush=-,to=25/30000}{io=1/0,kio=1,kro=1}->SslConnection@728a55ef{NOT_HANDSHAKING,eio=-1/-1,di=-1,fill=INTERESTED,flush=IDLE}~>DecryptedEndPoint@35af43d7{l=/127.0.0.1:45315,r=/127.0.0.1:36528,OPEN,fill=FI,flush=-,to=26/30000}=>HttpConnection@167da302[p=HttpParser{s=START,0 of -1},g=HttpGenerator@4ca9dbe0{s=START}]=>HttpChannelOverHttp@76084e40{s=HttpChannelState@325adce4{s=IDLE rs=BLOCKING os=OPEN is=IDLE awp=false se=false i=true al=0},r=0,c=false/false,a=IDLE,uri=null,age=0}:runFillable:BLOCKING/BLOCKING
01:46:21.971 [qtp1221981006-52] DEBUG org.eclipse.jetty.util.thread.QueuedThreadPool - run CEP:SocketChannelEndPoint@4adbc0e5{l=/127.0.0.1:45315,r=/127.0.0.1:36528,OPEN,fill=FI,flush=-,to=25/30000}{io=1/0,kio=1,kro=1}->SslConnection@728a55ef{NOT_HANDSHAKING,eio=-1/-1,di=-1,fill=INTERESTED,flush=IDLE}~>DecryptedEndPoint@35af43d7{l=/127.0.0.1:45315,r=/127.0.0.1:36528,OPEN,fill=FI,flush=-,to=26/30000}=>HttpConnection@167da302[p=HttpParser{s=START,0 of -1},g=HttpGenerator@4ca9dbe0{s=START}]=>HttpChannelOverHttp@76084e40{s=HttpChannelState@325adce4{s=IDLE rs=BLOCKING os=OPEN is=IDLE awp=false se=false i=true al=0},r=0,c=false/false,a=IDLE,uri=null,age=0}:runFillable:BLOCKING in QueuedThreadPool[qtp1221981006]@48d5f34e{STARTED,8<=8<=200,i=1,r=-1,q=0}[ReservedThreadExecutor@6f152006{reserved=1/8,pending=0}]
01:46:21.971 [qtp1221981006-46] DEBUG org.eclipse.jetty.util.thread.QueuedThreadPool - queue CEP:SocketChannelEndPoint@4adbc0e5{l=/127.0.0.1:45315,r=/127.0.0.1:36528,OPEN,fill=FI,flush=-,to=25/30000}{io=1/0,kio=1,kro=1}->SslConnection@728a55ef{NOT_HANDSHAKING,eio=-1/-1,di=-1,fill=INTERESTED,flush=IDLE}~>DecryptedEndPoint@35af43d7{l=/127.0.0.1:45315,r=/127.0.0.1:36528,OPEN,fill=FI,flush=-,to=26/30000}=>HttpConnection@167da302[p=HttpParser{s=START,0 of -1},g=HttpGenerator@4ca9dbe0{s=START}]=>HttpChannelOverHttp@76084e40{s=HttpChannelState@325adce4{s=IDLE rs=BLOCKING os=OPEN is=IDLE awp=false se=false i=true al=0},r=0,c=false/false,a=IDLE,uri=null,age=0}:runFillable:BLOCKING startThread=0
01:46:21.971 [qtp1221981006-46] DEBUG org.eclipse.jetty.io.ManagedSelector - updateable 0
01:46:21.971 [qtp1221981006-46] DEBUG org.eclipse.jetty.io.ManagedSelector - updates 0
01:46:21.971 [qtp1221981006-52] DEBUG org.eclipse.jetty.io.FillInterest - fillable FillInterest@530c5b2d{SSLC.NBReadCB@728a55ef{SslConnection@728a55ef::SocketChannelEndPoint@4adbc0e5{l=/127.0.0.1:45315,r=/127.0.0.1:36528,OPEN,fill=FI,flush=-,to=25/30000}{io=1/0,kio=1,kro=1}->SslConnection@728a55ef{NOT_HANDSHAKING,eio=-1/-1,di=-1,fill=INTERESTED,flush=IDLE}~>DecryptedEndPoint@35af43d7{l=/127.0.0.1:45315,r=/127.0.0.1:36528,OPEN,fill=FI,flush=-,to=26/30000}=>HttpConnection@167da302[p=HttpParser{s=START,0 of -1},g=HttpGenerator@4ca9dbe0{s=START}]=>HttpChannelOverHttp@76084e40{s=HttpChannelState@325adce4{s=IDLE rs=BLOCKING os=OPEN is=IDLE awp=false se=false i=true al=0},r=0,c=false/false,a=IDLE,uri=null,age=0}}}
01:46:21.971 [qtp1221981006-46] DEBUG org.eclipse.jetty.io.ChannelEndPoint - Key interests updated 1 -> 0 on SocketChannelEndPoint@4adbc0e5{l=/127.0.0.1:45315,r=/127.0.0.1:36528,OPEN,fill=FI,flush=-,to=25/30000}{io=0/0,kio=0,kro=1}->SslConnection@728a55ef{NOT_HANDSHAKING,eio=-1/-1,di=-1,fill=INTERESTED,flush=IDLE}~>DecryptedEndPoint@35af43d7{l=/127.0.0.1:45315,r=/127.0.0.1:36528,OPEN,fill=FI,flush=-,to=26/30000}=>HttpConnection@167da302[p=HttpParser{s=START,0 of -1},g=HttpGenerator@4ca9dbe0{s=START}]=>HttpChannelOverHttp@76084e40{s=HttpChannelState@325adce4{s=IDLE rs=BLOCKING os=OPEN is=IDLE awp=false se=false i=true al=0},r=0,c=false/false,a=IDLE,uri=null,age=0}
01:46:21.971 [qtp1221981006-52] DEBUG org.eclipse.jetty.io.ssl.SslConnection - >c.onFillable SslConnection@728a55ef::SocketChannelEndPoint@4adbc0e5{l=/127.0.0.1:45315,r=/127.0.0.1:36528,OPEN,fill=-,flush=-,to=25/30000}{io=0/0,kio=0,kro=1}->SslConnection@728a55ef{NOT_HANDSHAKING,eio=-1/-1,di=-1,fill=INTERESTED,flush=IDLE}~>DecryptedEndPoint@35af43d7{l=/127.0.0.1:45315,r=/127.0.0.1:36528,OPEN,fill=FI,flush=-,to=26/30000}=>HttpConnection@167da302[p=HttpParser{s=START,0 of -1},g=HttpGenerator@4ca9dbe0{s=START}]=>HttpChannelOverHttp@76084e40{s=HttpChannelState@325adce4{s=IDLE rs=BLOCKING os=OPEN is=IDLE awp=false se=false i=true al=0},r=0,c=false/false,a=IDLE,uri=null,age=0}
01:46:21.971 [qtp1221981006-46] DEBUG org.eclipse.jetty.io.ManagedSelector - Selector sun.nio.ch.EPollSelectorImpl@c14b656 waiting with 1 keys
01:46:21.971 [qtp1221981006-52] DEBUG org.eclipse.jetty.io.ssl.SslConnection - onFillable SslConnection@728a55ef::SocketChannelEndPoint@4adbc0e5{l=/127.0.0.1:45315,r=/127.0.0.1:36528,OPEN,fill=-,flush=-,to=26/30000}{io=0/0,kio=0,kro=1}->SslConnection@728a55ef{NOT_HANDSHAKING,eio=-1/-1,di=-1,fill=INTERESTED,flush=IDLE}~>DecryptedEndPoint@35af43d7{l=/127.0.0.1:45315,r=/127.0.0.1:36528,OPEN,fill=FI,flush=-,to=26/30000}=>HttpConnection@167da302[p=HttpParser{s=START,0 of -1},g=HttpGenerator@4ca9dbe0{s=START}]=>HttpChannelOverHttp@76084e40{s=HttpChannelState@325adce4{s=IDLE rs=BLOCKING os=OPEN is=IDLE awp=false se=false i=true al=0},r=0,c=false/false,a=IDLE,uri=null,age=0}
01:46:21.971 [qtp1221981006-52] DEBUG org.eclipse.jetty.io.FillInterest - fillable FillInterest@5c5784d0{AC.ReadCB@167da302{HttpConnection@167da302::DecryptedEndPoint@35af43d7{l=/127.0.0.1:45315,r=/127.0.0.1:36528,OPEN,fill=FI,flush=-,to=27/30000}}}
01:46:21.971 [qtp1221981006-52] DEBUG org.eclipse.jetty.server.HttpConnection - HttpConnection@167da302::DecryptedEndPoint@35af43d7{l=/127.0.0.1:45315,r=/127.0.0.1:36528,OPEN,fill=-,flush=-,to=27/30000} onFillable enter HttpChannelState@325adce4{s=IDLE rs=BLOCKING os=OPEN is=IDLE awp=false se=false i=true al=0} null
01:46:21.972 [qtp1221981006-52] DEBUG org.eclipse.jetty.io.ssl.SslConnection - >fill SslConnection@728a55ef::SocketChannelEndPoint@4adbc0e5{l=/127.0.0.1:45315,r=/127.0.0.1:36528,OPEN,fill=-,flush=-,to=26/30000}{io=0/0,kio=0,kro=1}->SslConnection@728a55ef{NOT_HANDSHAKING,eio=-1/-1,di=-1,fill=IDLE,flush=IDLE}~>DecryptedEndPoint@35af43d7{l=/127.0.0.1:45315,r=/127.0.0.1:36528,OPEN,fill=-,flush=-,to=27/30000}=>HttpConnection@167da302[p=HttpParser{s=START,0 of -1},g=HttpGenerator@4ca9dbe0{s=START}]=>HttpChannelOverHttp@76084e40{s=HttpChannelState@325adce4{s=IDLE rs=BLOCKING os=OPEN is=IDLE awp=false se=false i=true al=0},r=0,c=false/false,a=IDLE,uri=null,age=0}
01:46:21.972 [qtp1221981006-52] DEBUG org.eclipse.jetty.io.ssl.SslConnection - fill NOT_HANDSHAKING
01:46:21.972 [qtp1221981006-52] DEBUG org.eclipse.jetty.io.ChannelEndPoint - filled 339 HeapByteBuffer@715a725c[p=0,l=339,c=17408,r=339]={<<<\x16\x03\x03\x01N\x01\x00\x01J\x03\x03\xCd\xC3\xE6\x8b\xAerv@az\xC0\x97\x08\xB8...b\x9e\xBb,y\xE4\x8a9J\xD0\x99A&\x1dA%\x8d\xE4\xFf\x01\x00\x01\x00>>>\x00\x00\x00\x00\x00\x00\x00\x00\x00...\x00\x00\x00\x00\x00\x00\x00}
01:46:21.972 [qtp1221981006-52] DEBUG org.eclipse.jetty.io.ssl.SslConnection - net filled=339
01:46:21.973 [qtp1221981006-52] DEBUG org.eclipse.jetty.io.ssl.SslConnection - fill starting handshake SslConnection@728a55ef::SocketChannelEndPoint@4adbc0e5{l=/127.0.0.1:45315,r=/127.0.0.1:36528,OPEN,fill=-,flush=-,to=0/30000}{io=0/0,kio=0,kro=1}->SslConnection@728a55ef{NOT_HANDSHAKING,eio=339/-1,di=-1,fill=IDLE,flush=IDLE}~>DecryptedEndPoint@35af43d7{l=/127.0.0.1:45315,r=/127.0.0.1:36528,OPEN,fill=-,flush=-,to=28/30000}=>HttpConnection@167da302[p=HttpParser{s=START,0 of -1},g=HttpGenerator@4ca9dbe0{s=START}]=>HttpChannelOverHttp@76084e40{s=HttpChannelState@325adce4{s=IDLE rs=BLOCKING os=OPEN is=IDLE awp=false se=false i=true al=0},r=0,c=false/false,a=IDLE,uri=null,age=0}
01:46:21.975 [qtp1221981006-52] DEBUG org.eclipse.jetty.io.ssl.SslConnection - unwrap net_filled=339 Status = OK HandshakeStatus = NEED_TASK bytesConsumed = 339 bytesProduced = 0 encryptedBuffer=[p=339,l=339,c=17408,r=0] unwrapBuffer=HeapByteBuffer@7565f8af[p=0,l=0,c=17408,r=0]={<<<>>>\x00\x00\x00\x00\x00\x00\x00\x00\x00...\x00\x00\x00\x00\x00\x00\x00} appBuffer=HeapByteBuffer@7565f8af[p=0,l=0,c=17408,r=0]={<<<>>>\x00\x00\x00\x00\x00\x00\x00\x00\x00...\x00\x00\x00\x00\x00\x00\x00}
01:46:21.975 [qtp1221981006-52] DEBUG org.eclipse.jetty.io.ssl.SslConnection - fill NEED_TASK
01:46:22.037 [qtp1221981006-52] DEBUG org.eclipse.jetty.io.ssl.SslConnection - fill NEED_WRAP
01:46:22.037 [qtp1221981006-52] DEBUG org.eclipse.jetty.io.ssl.SslConnection - >flush SslConnection@728a55ef::SocketChannelEndPoint@4adbc0e5{l=/127.0.0.1:45315,r=/127.0.0.1:36528,OPEN,fill=-,flush=-,to=64/30000}{io=0/0,kio=0,kro=1}->SslConnection@728a55ef{NEED_WRAP,eio=0/-1,di=-1,fill=IDLE,flush=IDLE}~>DecryptedEndPoint@35af43d7{l=/127.0.0.1:45315,r=/127.0.0.1:36528,OPEN,fill=-,flush=-,to=92/30000}=>HttpConnection@167da302[p=HttpParser{s=START,0 of -1},g=HttpGenerator@4ca9dbe0{s=START}]=>HttpChannelOverHttp@76084e40{s=HttpChannelState@325adce4{s=IDLE rs=BLOCKING os=OPEN is=IDLE awp=false se=false i=true al=0},r=0,c=false/false,a=IDLE,uri=null,age=0}
01:46:22.037 [qtp1221981006-52] DEBUG org.eclipse.jetty.io.ssl.SslConnection - flush b[0]=HeapByteBuffer@98da274[p=0,l=0,c=0,r=0]={<<<>>>}
01:46:22.037 [qtp1221981006-52] DEBUG org.eclipse.jetty.io.ssl.SslConnection - flush NEED_WRAP
01:46:22.037 [qtp1221981006-52] DEBUG org.eclipse.jetty.io.ssl.SslConnection - wrap Status = OK HandshakeStatus = NEED_WRAP bytesConsumed = 0 bytesProduced = 160 [p=0,l=160,c=17408,r=160] ioDone=false/false
01:46:22.038 [qtp1221981006-52] DEBUG org.eclipse.jetty.io.ChannelEndPoint - flushed 160 SocketChannelEndPoint@4adbc0e5{l=/127.0.0.1:45315,r=/127.0.0.1:36528,OPEN,fill=-,flush=-,to=65/30000}{io=0/0,kio=0,kro=1}->SslConnection@728a55ef{NEED_WRAP,eio=0/0,di=-1,fill=IDLE,flush=IDLE}~>DecryptedEndPoint@35af43d7{l=/127.0.0.1:45315,r=/127.0.0.1:36528,OPEN,fill=-,flush=-,to=93/30000}=>HttpConnection@167da302[p=HttpParser{s=START,0 of -1},g=HttpGenerator@4ca9dbe0{s=START}]=>HttpChannelOverHttp@76084e40{s=HttpChannelState@325adce4{s=IDLE rs=BLOCKING os=OPEN is=IDLE awp=false se=false i=true al=0},r=0,c=false/false,a=IDLE,uri=null,age=0}
01:46:22.038 [qtp1221981006-52] DEBUG org.eclipse.jetty.io.ssl.SslConnection - net flushed=true, ac=true
01:46:22.038 [qtp1221981006-52] DEBUG org.eclipse.jetty.io.ssl.SslConnection - flush NEED_WRAP
01:46:22.038 [qtp1221981006-52] DEBUG org.eclipse.jetty.io.ssl.SslConnection - wrap Status = OK HandshakeStatus = NEED_WRAP bytesConsumed = 0 bytesProduced = 6 [p=0,l=6,c=17408,r=6] ioDone=false/false
01:46:22.038 [qtp1221981006-52] DEBUG org.eclipse.jetty.io.ChannelEndPoint - flushed 6 SocketChannelEndPoint@4adbc0e5{l=/127.0.0.1:45315,r=/127.0.0.1:36528,OPEN,fill=-,flush=-,to=0/30000}{io=0/0,kio=0,kro=1}->SslConnection@728a55ef{NEED_WRAP,eio=0/0,di=-1,fill=IDLE,flush=IDLE}~>DecryptedEndPoint@35af43d7{l=/127.0.0.1:45315,r=/127.0.0.1:36528,OPEN,fill=-,flush=-,to=93/30000}=>HttpConnection@167da302[p=HttpParser{s=START,0 of -1},g=HttpGenerator@4ca9dbe0{s=START}]=>HttpChannelOverHttp@76084e40{s=HttpChannelState@325adce4{s=IDLE rs=BLOCKING os=OPEN is=IDLE awp=false se=false i=true al=0},r=0,c=false/false,a=IDLE,uri=null,age=0}
01:46:22.038 [qtp1221981006-52] DEBUG org.eclipse.jetty.io.ssl.SslConnection - net flushed=true, ac=true
01:46:22.038 [qtp1221981006-52] DEBUG org.eclipse.jetty.io.ssl.SslConnection - flush NEED_WRAP
01:46:22.052 [qtp1221981006-52] DEBUG org.eclipse.jetty.io.ssl.SslConnection - wrap Status = OK HandshakeStatus = NEED_UNWRAP bytesConsumed = 0 bytesProduced = 1290 [p=0,l=1290,c=17408,r=1290] ioDone=false/false
01:46:22.053 [qtp1221981006-52] DEBUG org.eclipse.jetty.io.ChannelEndPoint - flushed 1290 SocketChannelEndPoint@4adbc0e5{l=/127.0.0.1:45315,r=/127.0.0.1:36528,OPEN,fill=-,flush=-,to=14/30000}{io=0/0,kio=0,kro=1}->SslConnection@728a55ef{NEED_UNWRAP,eio=0/0,di=-1,fill=IDLE,flush=IDLE}~>DecryptedEndPoint@35af43d7{l=/127.0.0.1:45315,r=/127.0.0.1:36528,OPEN,fill=-,flush=-,to=108/30000}=>HttpConnection@167da302[p=HttpParser{s=START,0 of -1},g=HttpGenerator@4ca9dbe0{s=START}]=>HttpChannelOverHttp@76084e40{s=HttpChannelState@325adce4{s=IDLE rs=BLOCKING os=OPEN is=IDLE awp=false se=false i=true al=0},r=0,c=false/false,a=IDLE,uri=null,age=0}
01:46:22.053 [qtp1221981006-52] DEBUG org.eclipse.jetty.io.ssl.SslConnection - net flushed=true, ac=true
01:46:22.053 [qtp1221981006-52] DEBUG org.eclipse.jetty.io.ssl.SslConnection - <flush true SslConnection@728a55ef::SocketChannelEndPoint@4adbc0e5{l=/127.0.0.1:45315,r=/127.0.0.1:36528,OPEN,fill=-,flush=-,to=0/30000}{io=0/0,kio=0,kro=1}->SslConnection@728a55ef{NEED_UNWRAP,eio=0/-1,di=-1,fill=IDLE,flush=IDLE}~>DecryptedEndPoint@35af43d7{l=/127.0.0.1:45315,r=/127.0.0.1:36528,OPEN,fill=-,flush=-,to=108/30000}=>HttpConnection@167da302[p=HttpParser{s=START,0 of -1},g=HttpGenerator@4ca9dbe0{s=START}]=>HttpChannelOverHttp@76084e40{s=HttpChannelState@325adce4{s=IDLE rs=BLOCKING os=OPEN is=IDLE awp=false se=false i=true al=0},r=0,c=false/false,a=IDLE,uri=null,age=0}
01:46:22.053 [qtp1221981006-52] DEBUG org.eclipse.jetty.io.ssl.SslConnection - fill NEED_UNWRAP
01:46:22.053 [qtp1221981006-52] DEBUG org.eclipse.jetty.io.ChannelEndPoint - filled 6 HeapByteBuffer@715a725c[p=0,l=6,c=17408,r=6]={<<<\x14\x03\x03\x00\x01\x01>>>\x00\x01J\x03\x03\xCd\xC3\xE6\x8b...\x00\x00\x00\x00\x00\x00\x00}
01:46:22.053 [qtp1221981006-52] DEBUG org.eclipse.jetty.io.ssl.SslConnection - net filled=6
01:46:22.053 [qtp1221981006-52] DEBUG org.eclipse.jetty.io.ssl.SslConnection - unwrap net_filled=6 Status = OK HandshakeStatus = NEED_UNWRAP bytesConsumed = 6 bytesProduced = 0 encryptedBuffer=[p=6,l=6,c=17408,r=0] unwrapBuffer=HeapByteBuffer@7565f8af[p=0,l=0,c=17408,r=0]={<<<>>>\x00\x00\x00\x00\x00\x00\x00\x00\x00...\x00\x00\x00\x00\x00\x00\x00} appBuffer=HeapByteBuffer@7565f8af[p=0,l=0,c=17408,r=0]={<<<>>>\x00\x00\x00\x00\x00\x00\x00\x00\x00...\x00\x00\x00\x00\x00\x00\x00}
01:46:22.053 [qtp1221981006-52] DEBUG org.eclipse.jetty.io.ssl.SslConnection - fill NEED_UNWRAP
01:46:22.053 [qtp1221981006-52] DEBUG org.eclipse.jetty.io.ChannelEndPoint - filled 0 HeapByteBuffer@715a725c[p=0,l=0,c=17408,r=0]={<<<>>>\x14\x03\x03\x00\x01\x01\x00\x01J...\x00\x00\x00\x00\x00\x00\x00}
01:46:22.053 [qtp1221981006-52] DEBUG org.eclipse.jetty.io.ssl.SslConnection - net filled=0
01:46:22.053 [qtp1221981006-52] DEBUG org.eclipse.jetty.io.ssl.SslConnection - unwrap net_filled=0 Status = BUFFER_UNDERFLOW HandshakeStatus = NEED_UNWRAP bytesConsumed = 0 bytesProduced = 0 encryptedBuffer=[p=0,l=0,c=17408,r=0] unwrapBuffer=HeapByteBuffer@7565f8af[p=0,l=0,c=17408,r=0]={<<<>>>\x00\x00\x00\x00\x00\x00\x00\x00\x00...\x00\x00\x00\x00\x00\x00\x00} appBuffer=HeapByteBuffer@7565f8af[p=0,l=0,c=17408,r=0]={<<<>>>\x00\x00\x00\x00\x00\x00\x00\x00\x00...\x00\x00\x00\x00\x00\x00\x00}
01:46:22.053 [qtp1221981006-52] DEBUG org.eclipse.jetty.io.ssl.SslConnection - <fill f=0 uf=true SslConnection@728a55ef::SocketChannelEndPoint@4adbc0e5{l=/127.0.0.1:45315,r=/127.0.0.1:36528,OPEN,fill=-,flush=-,to=0/30000}{io=0/0,kio=0,kro=1}->SslConnection@728a55ef{NEED_UNWRAP,eio=-1/-1,di=-1,fill=IDLE,flush=IDLE}~>DecryptedEndPoint@35af43d7{l=/127.0.0.1:45315,r=/127.0.0.1:36528,OPEN,fill=-,flush=-,to=109/30000}=>HttpConnection@167da302[p=HttpParser{s=START,0 of -1},g=HttpGenerator@4ca9dbe0{s=START}]=>HttpChannelOverHttp@76084e40{s=HttpChannelState@325adce4{s=IDLE rs=BLOCKING os=OPEN is=IDLE awp=false se=false i=true al=0},r=0,c=false/false,a=IDLE,uri=null,age=0}
01:46:22.054 [qtp1221981006-52] DEBUG org.eclipse.jetty.io.ssl.SslConnection - >fill SslConnection@728a55ef::SocketChannelEndPoint@4adbc0e5{l=/127.0.0.1:45315,r=/127.0.0.1:36528,OPEN,fill=-,flush=-,to=0/30000}{io=0/0,kio=0,kro=1}->SslConnection@728a55ef{NEED_UNWRAP,eio=-1/-1,di=-1,fill=IDLE,flush=IDLE}~>DecryptedEndPoint@35af43d7{l=/127.0.0.1:45315,r=/127.0.0.1:36528,OPEN,fill=-,flush=-,to=109/30000}=>HttpConnection@167da302[p=HttpParser{s=START,0 of -1},g=HttpGenerator@4ca9dbe0{s=START}]=>HttpChannelOverHttp@76084e40{s=HttpChannelState@325adce4{s=IDLE rs=BLOCKING os=OPEN is=IDLE awp=false se=false i=true al=0},r=0,c=false/false,a=IDLE,uri=null,age=0}
01:46:22.054 [qtp1221981006-52] DEBUG org.eclipse.jetty.io.ssl.SslConnection - fill NEED_UNWRAP
01:46:22.054 [qtp1221981006-52] DEBUG org.eclipse.jetty.io.ChannelEndPoint - filled 0 HeapByteBuffer@365fde9[p=0,l=0,c=17408,r=0]={<<<>>>\x17\x03\x03\x05\x05P\xCf\xB5D...\x00\x00\x00\x00\x00\x00\x00}
01:46:22.054 [qtp1221981006-52] DEBUG org.eclipse.jetty.io.ssl.SslConnection - net filled=0
01:46:22.054 [qtp1221981006-52] DEBUG org.eclipse.jetty.io.ssl.SslConnection - unwrap net_filled=0 Status = BUFFER_UNDERFLOW HandshakeStatus = NEED_UNWRAP bytesConsumed = 0 bytesProduced = 0 encryptedBuffer=[p=0,l=0,c=17408,r=0] unwrapBuffer=HeapByteBuffer@7565f8af[p=0,l=0,c=17408,r=0]={<<<>>>\x00\x00\x00\x00\x00\x00\x00\x00\x00...\x00\x00\x00\x00\x00\x00\x00} appBuffer=HeapByteBuffer@7565f8af[p=0,l=0,c=17408,r=0]={<<<>>>\x00\x00\x00\x00\x00\x00\x00\x00\x00...\x00\x00\x00\x00\x00\x00\x00}
01:46:22.054 [qtp1221981006-52] DEBUG org.eclipse.jetty.io.ssl.SslConnection - <fill f=0 uf=true SslConnection@728a55ef::SocketChannelEndPoint@4adbc0e5{l=/127.0.0.1:45315,r=/127.0.0.1:36528,OPEN,fill=-,flush=-,to=0/30000}{io=0/0,kio=0,kro=1}->SslConnection@728a55ef{NEED_UNWRAP,eio=-1/-1,di=-1,fill=IDLE,flush=IDLE}~>DecryptedEndPoint@35af43d7{l=/127.0.0.1:45315,r=/127.0.0.1:36528,OPEN,fill=-,flush=-,to=109/30000}=>HttpConnection@167da302[p=HttpParser{s=START,0 of -1},g=HttpGenerator@4ca9dbe0{s=START}]=>HttpChannelOverHttp@76084e40{s=HttpChannelState@325adce4{s=IDLE rs=BLOCKING os=OPEN is=IDLE awp=false se=false i=true al=0},r=0,c=false/false,a=IDLE,uri=null,age=0}
01:46:22.054 [qtp1221981006-52] DEBUG org.eclipse.jetty.server.HttpConnection - HttpConnection@167da302::DecryptedEndPoint@35af43d7{l=/127.0.0.1:45315,r=/127.0.0.1:36528,OPEN,fill=-,flush=-,to=109/30000} filled 0 HeapByteBuffer@7565f8af[p=0,l=0,c=17408,r=0]={<<<>>>\x00\x00\x00\x00\x00\x00\x00\x00\x00...\x00\x00\x00\x00\x00\x00\x00}
01:46:22.054 [qtp1221981006-52] DEBUG org.eclipse.jetty.server.HttpConnection - HttpConnection@167da302::DecryptedEndPoint@35af43d7{l=/127.0.0.1:45315,r=/127.0.0.1:36528,OPEN,fill=-,flush=-,to=109/30000} parse HeapByteBuffer@7565f8af[p=0,l=0,c=17408,r=0]={<<<>>>\x00\x00\x00\x00\x00\x00\x00\x00\x00...\x00\x00\x00\x00\x00\x00\x00} {}
01:46:22.054 [qtp1221981006-52] DEBUG org.eclipse.jetty.http.HttpParser - parseNext s=START HeapByteBuffer@7565f8af[p=0,l=0,c=17408,r=0]={<<<>>>\x00\x00\x00\x00\x00\x00\x00\x00\x00...\x00\x00\x00\x00\x00\x00\x00}
01:46:22.054 [qtp1221981006-52] DEBUG org.eclipse.jetty.server.HttpConnection - HttpConnection@167da302::DecryptedEndPoint@35af43d7{l=/127.0.0.1:45315,r=/127.0.0.1:36528,OPEN,fill=-,flush=-,to=109/30000} parsed false HttpParser{s=START,0 of -1}
01:46:22.054 [qtp1221981006-52] DEBUG org.eclipse.jetty.server.HttpConnection - releaseRequestBuffer HttpConnection@167da302::DecryptedEndPoint@35af43d7{l=/127.0.0.1:45315,r=/127.0.0.1:36528,OPEN,fill=-,flush=-,to=109/30000}
01:46:22.054 [qtp1221981006-52] DEBUG org.eclipse.jetty.io.AbstractConnection - fillInterested HttpConnection@167da302::DecryptedEndPoint@35af43d7{l=/127.0.0.1:45315,r=/127.0.0.1:36528,OPEN,fill=-,flush=-,to=109/30000}
01:46:22.054 [qtp1221981006-52] DEBUG org.eclipse.jetty.io.FillInterest - interested FillInterest@5c5784d0{AC.ReadCB@167da302{HttpConnection@167da302::DecryptedEndPoint@35af43d7{l=/127.0.0.1:45315,r=/127.0.0.1:36528,OPEN,fill=FI,flush=-,to=0/30000}}}
01:46:22.054 [qtp1221981006-52] DEBUG org.eclipse.jetty.io.ssl.SslConnection - >needFillInterest s=IDLE/IDLE uf=true ei=null di=null SslConnection@728a55ef::SocketChannelEndPoint@4adbc0e5{l=/127.0.0.1:45315,r=/127.0.0.1:36528,OPEN,fill=-,flush=-,to=1/30000}{io=0/0,kio=0,kro=1}->SslConnection@728a55ef{NEED_UNWRAP,eio=-1/-1,di=-1,fill=IDLE,flush=IDLE}~>DecryptedEndPoint@35af43d7{l=/127.0.0.1:45315,r=/127.0.0.1:36528,OPEN,fill=FI,flush=-,to=0/30000}=>HttpConnection@167da302[p=HttpParser{s=START,0 of -1},g=HttpGenerator@4ca9dbe0{s=START}]=>HttpChannelOverHttp@76084e40{s=HttpChannelState@325adce4{s=IDLE rs=BLOCKING os=OPEN is=IDLE awp=false se=false i=true al=0},r=0,c=false/false,a=IDLE,uri=null,age=0}
01:46:22.054 [qtp1221981006-52] DEBUG org.eclipse.jetty.io.ssl.SslConnection - <needFillInterest s=IDLE/INTERESTED f=false i=true w=null
01:46:22.054 [qtp1221981006-52] DEBUG org.eclipse.jetty.io.ssl.SslConnection - ensureFillInterested SslConnection@728a55ef::SocketChannelEndPoint@4adbc0e5{l=/127.0.0.1:45315,r=/127.0.0.1:36528,OPEN,fill=-,flush=-,to=1/30000}{io=0/0,kio=0,kro=1}->SslConnection@728a55ef{NEED_UNWRAP,eio=-1/-1,di=-1,fill=INTERESTED,flush=IDLE}~>DecryptedEndPoint@35af43d7{l=/127.0.0.1:45315,r=/127.0.0.1:36528,OPEN,fill=FI,flush=-,to=0/30000}=>HttpConnection@167da302[p=HttpParser{s=START,0 of -1},g=HttpGenerator@4ca9dbe0{s=START}]=>HttpChannelOverHttp@76084e40{s=HttpChannelState@325adce4{s=IDLE rs=BLOCKING os=OPEN is=IDLE awp=false se=false i=true al=0},r=0,c=false/false,a=IDLE,uri=null,age=0}
01:46:22.055 [qtp1221981006-52] DEBUG org.eclipse.jetty.io.FillInterest - interested FillInterest@530c5b2d{SSLC.NBReadCB@728a55ef{SslConnection@728a55ef::SocketChannelEndPoint@4adbc0e5{l=/127.0.0.1:45315,r=/127.0.0.1:36528,OPEN,fill=FI,flush=-,to=0/30000}{io=0/0,kio=0,kro=1}->SslConnection@728a55ef{NEED_UNWRAP,eio=-1/-1,di=-1,fill=INTERESTED,flush=IDLE}~>DecryptedEndPoint@35af43d7{l=/127.0.0.1:45315,r=/127.0.0.1:36528,OPEN,fill=FI,flush=-,to=0/30000}=>HttpConnection@167da302[p=HttpParser{s=START,0 of -1},g=HttpGenerator@4ca9dbe0{s=START}]=>HttpChannelOverHttp@76084e40{s=HttpChannelState@325adce4{s=IDLE rs=BLOCKING os=OPEN is=IDLE awp=false se=false i=true al=0},r=0,c=false/false,a=IDLE,uri=null,age=0}}}
01:46:22.055 [qtp1221981006-52] DEBUG org.eclipse.jetty.io.ChannelEndPoint - changeInterests p=false 0->1 for SocketChannelEndPoint@4adbc0e5{l=/127.0.0.1:45315,r=/127.0.0.1:36528,OPEN,fill=FI,flush=-,to=0/30000}{io=0/1,kio=0,kro=1}->SslConnection@728a55ef{NEED_UNWRAP,eio=-1/-1,di=-1,fill=INTERESTED,flush=IDLE}~>DecryptedEndPoint@35af43d7{l=/127.0.0.1:45315,r=/127.0.0.1:36528,OPEN,fill=FI,flush=-,to=0/30000}=>HttpConnection@167da302[p=HttpParser{s=START,0 of -1},g=HttpGenerator@4ca9dbe0{s=START}]=>HttpChannelOverHttp@76084e40{s=HttpChannelState@325adce4{s=IDLE rs=BLOCKING os=OPEN is=IDLE awp=false se=false i=true al=0},r=0,c=false/false,a=IDLE,uri=null,age=0}
01:46:22.055 [qtp1221981006-52] DEBUG org.eclipse.jetty.io.ManagedSelector - Queued change lazy=false org.eclipse.jetty.io.ChannelEndPoint$$Lambda$255/981852870@331d2498 on ManagedSelector@77a7cf58{STARTED} id=1 keys=1 selected=0 updates=0
01:46:22.055 [qtp1221981006-52] DEBUG org.eclipse.jetty.io.ManagedSelector - Wakeup on submit ManagedSelector@77a7cf58{STARTED} id=1 keys=1 selected=0 updates=1
01:46:22.055 [qtp1221981006-52] DEBUG org.eclipse.jetty.server.HttpConnection - HttpConnection@167da302::DecryptedEndPoint@35af43d7{l=/127.0.0.1:45315,r=/127.0.0.1:36528,OPEN,fill=FI,flush=-,to=0/30000} onFillable exit HttpChannelState@325adce4{s=IDLE rs=BLOCKING os=OPEN is=IDLE awp=false se=false i=true al=0} null
01:46:22.055 [qtp1221981006-46] DEBUG org.eclipse.jetty.io.ManagedSelector - Selector sun.nio.ch.EPollSelectorImpl@c14b656 woken with none selected
01:46:22.055 [qtp1221981006-46] DEBUG org.eclipse.jetty.io.ManagedSelector - Selector sun.nio.ch.EPollSelectorImpl@c14b656 woken up from select, 0/0/1 selected
01:46:22.055 [qtp1221981006-46] DEBUG org.eclipse.jetty.io.ManagedSelector - Selector sun.nio.ch.EPollSelectorImpl@c14b656 processing 0 keys, 1 updates
01:46:22.055 [qtp1221981006-46] DEBUG org.eclipse.jetty.io.ManagedSelector - updateable 1
01:46:22.055 [qtp1221981006-52] DEBUG org.eclipse.jetty.io.ssl.SslConnection - <c.onFillable SslConnection@728a55ef::SocketChannelEndPoint@4adbc0e5{l=/127.0.0.1:45315,r=/127.0.0.1:36528,OPEN,fill=FI,flush=-,to=0/30000}{io=0/1,kio=0,kro=1}->SslConnection@728a55ef{NEED_UNWRAP,eio=-1/-1,di=-1,fill=INTERESTED,flush=IDLE}~>DecryptedEndPoint@35af43d7{l=/127.0.0.1:45315,r=/127.0.0.1:36528,OPEN,fill=FI,flush=-,to=0/30000}=>HttpConnection@167da302[p=HttpParser{s=START,0 of -1},g=HttpGenerator@4ca9dbe0{s=START}]=>HttpChannelOverHttp@76084e40{s=HttpChannelState@325adce4{s=IDLE rs=BLOCKING os=OPEN is=IDLE awp=false se=false i=true al=0},r=0,c=false/false,a=IDLE,uri=null,age=0}
01:46:22.055 [qtp1221981006-46] DEBUG org.eclipse.jetty.io.ManagedSelector - update org.eclipse.jetty.io.ChannelEndPoint$$Lambda$255/981852870@331d2498
01:46:22.055 [qtp1221981006-52] DEBUG org.eclipse.jetty.util.thread.QueuedThreadPool - ran CEP:SocketChannelEndPoint@4adbc0e5{l=/127.0.0.1:45315,r=/127.0.0.1:36528,OPEN,fill=FI,flush=-,to=0/30000}{io=0/1,kio=0,kro=1}->SslConnection@728a55ef{NEED_UNWRAP,eio=-1/-1,di=-1,fill=INTERESTED,flush=IDLE}~>DecryptedEndPoint@35af43d7{l=/127.0.0.1:45315,r=/127.0.0.1:36528,OPEN,fill=FI,flush=-,to=0/30000}=>HttpConnection@167da302[p=HttpParser{s=START,0 of -1},g=HttpGenerator@4ca9dbe0{s=START}]=>HttpChannelOverHttp@76084e40{s=HttpChannelState@325adce4{s=IDLE rs=BLOCKING os=OPEN is=IDLE awp=false se=false i=true al=0},r=0,c=false/false,a=IDLE,uri=null,age=0}:runFillable:BLOCKING in QueuedThreadPool[qtp1221981006]@48d5f34e{STARTED,8<=8<=200,i=1,r=-1,q=0}[ReservedThreadExecutor@6f152006{reserved=1/8,pending=0}]
01:46:22.056 [qtp1221981006-46] DEBUG org.eclipse.jetty.io.ChannelEndPoint - Key interests updated 0 -> 1 on SocketChannelEndPoint@4adbc0e5{l=/127.0.0.1:45315,r=/127.0.0.1:36528,OPEN,fill=FI,flush=-,to=0/30000}{io=1/1,kio=1,kro=1}->SslConnection@728a55ef{NEED_UNWRAP,eio=-1/-1,di=-1,fill=INTERESTED,flush=IDLE}~>DecryptedEndPoint@35af43d7{l=/127.0.0.1:45315,r=/127.0.0.1:36528,OPEN,fill=FI,flush=-,to=1/30000}=>HttpConnection@167da302[p=HttpParser{s=START,0 of -1},g=HttpGenerator@4ca9dbe0{s=START}]=>HttpChannelOverHttp@76084e40{s=HttpChannelState@325adce4{s=IDLE rs=BLOCKING os=OPEN is=IDLE awp=false se=false i=true al=0},r=0,c=false/false,a=IDLE,uri=null,age=0}
01:46:22.056 [qtp1221981006-46] DEBUG org.eclipse.jetty.io.ManagedSelector - updates 0
01:46:22.056 [qtp1221981006-46] DEBUG org.eclipse.jetty.io.ManagedSelector - Selector sun.nio.ch.EPollSelectorImpl@c14b656 waiting with 1 keys
01:46:22.060 [qtp1221981006-46] DEBUG org.eclipse.jetty.io.ManagedSelector - Selector sun.nio.ch.EPollSelectorImpl@c14b656 woken up from select, 1/1/1 selected
01:46:22.060 [qtp1221981006-46] DEBUG org.eclipse.jetty.io.ManagedSelector - Selector sun.nio.ch.EPollSelectorImpl@c14b656 processing 1 keys, 0 updates
01:46:22.061 [qtp1221981006-46] DEBUG org.eclipse.jetty.io.ManagedSelector - selected 1 sun.nio.ch.SelectionKeyImpl@2d359a4 SocketChannelEndPoint@4adbc0e5{l=/127.0.0.1:45315,r=/127.0.0.1:36528,OPEN,fill=FI,flush=-,to=6/30000}{io=1/1,kio=1,kro=1}->SslConnection@728a55ef{NEED_UNWRAP,eio=-1/-1,di=-1,fill=INTERESTED,flush=IDLE}~>DecryptedEndPoint@35af43d7{l=/127.0.0.1:45315,r=/127.0.0.1:36528,OPEN,fill=FI,flush=-,to=6/30000}=>HttpConnection@167da302[p=HttpParser{s=START,0 of -1},g=HttpGenerator@4ca9dbe0{s=START}]=>HttpChannelOverHttp@76084e40{s=HttpChannelState@325adce4{s=IDLE rs=BLOCKING os=OPEN is=IDLE awp=false se=false i=true al=0},r=0,c=false/false,a=IDLE,uri=null,age=0} 
01:46:22.061 [qtp1221981006-46] DEBUG org.eclipse.jetty.io.ChannelEndPoint - onSelected 1->0 r=true w=false for SocketChannelEndPoint@4adbc0e5{l=/127.0.0.1:45315,r=/127.0.0.1:36528,OPEN,fill=FI,flush=-,to=6/30000}{io=1/0,kio=1,kro=1}->SslConnection@728a55ef{NEED_UNWRAP,eio=-1/-1,di=-1,fill=INTERESTED,flush=IDLE}~>DecryptedEndPoint@35af43d7{l=/127.0.0.1:45315,r=/127.0.0.1:36528,OPEN,fill=FI,flush=-,to=6/30000}=>HttpConnection@167da302[p=HttpParser{s=START,0 of -1},g=HttpGenerator@4ca9dbe0{s=START}]=>HttpChannelOverHttp@76084e40{s=HttpChannelState@325adce4{s=IDLE rs=BLOCKING os=OPEN is=IDLE awp=false se=false i=true al=0},r=0,c=false/false,a=IDLE,uri=null,age=0}
01:46:22.061 [qtp1221981006-46] DEBUG org.eclipse.jetty.io.ChannelEndPoint - task CEP:SocketChannelEndPoint@4adbc0e5{l=/127.0.0.1:45315,r=/127.0.0.1:36528,OPEN,fill=FI,flush=-,to=6/30000}{io=1/0,kio=1,kro=1}->SslConnection@728a55ef{NEED_UNWRAP,eio=-1/-1,di=-1,fill=INTERESTED,flush=IDLE}~>DecryptedEndPoint@35af43d7{l=/127.0.0.1:45315,r=/127.0.0.1:36528,OPEN,fill=FI,flush=-,to=6/30000}=>HttpConnection@167da302[p=HttpParser{s=START,0 of -1},g=HttpGenerator@4ca9dbe0{s=START}]=>HttpChannelOverHttp@76084e40{s=HttpChannelState@325adce4{s=IDLE rs=BLOCKING os=OPEN is=IDLE awp=false se=false i=true al=0},r=0,c=false/false,a=IDLE,uri=null,age=0}:runFillable:BLOCKING
01:46:22.061 [qtp1221981006-46] DEBUG org.eclipse.jetty.util.thread.ReservedThreadExecutor - ReservedThreadExecutor@6f152006{reserved=1/8,pending=0} tryExecute EatWhatYouKill@4d722ac9/SelectorProducer@53f0a4cb/PRODUCING/p=false/QueuedThreadPool[qtp1221981006]@48d5f34e{STARTED,8<=8<=200,i=2,r=-1,q=0}[ReservedThreadExecutor@6f152006{reserved=1/8,pending=0}][pc=0,pic=0,pec=1,epc=0]@2024-05-02T01:46:22.061+01:00
01:46:22.061 [qtp1221981006-46] DEBUG org.eclipse.jetty.util.thread.ReservedThreadExecutor - ReservedThreadExecutor@6f152006{reserved=0/8,pending=1} startReservedThread p=1
01:46:22.062 [qtp1221981006-46] DEBUG org.eclipse.jetty.util.thread.QueuedThreadPool - queue ReservedThread@43ee539f{PENDING,thread=null} startThread=0
01:46:22.062 [qtp1221981006-50] DEBUG org.eclipse.jetty.util.thread.QueuedThreadPool - run ReservedThread@43ee539f{PENDING,thread=null} in QueuedThreadPool[qtp1221981006]@48d5f34e{STARTED,8<=8<=200,i=1,r=-1,q=0}[ReservedThreadExecutor@6f152006{reserved=0/8,pending=1}]
01:46:22.062 [qtp1221981006-50] DEBUG org.eclipse.jetty.util.thread.ReservedThreadExecutor - ReservedThread@43ee539f{PENDING,thread=Thread[qtp1221981006-50,5,main]} was=PENDING next=RESERVED size=0+1 capacity=8
01:46:22.062 [qtp1221981006-50] DEBUG org.eclipse.jetty.util.thread.ReservedThreadExecutor - ReservedThread@43ee539f{RESERVED,thread=Thread[qtp1221981006-50,5,main]} waiting ReservedThreadExecutor@6f152006{reserved=1/8,pending=0}
01:46:22.062 [qtp1221981006-51] DEBUG org.eclipse.jetty.util.thread.ReservedThreadExecutor - ReservedThread@6ecdd26{RESERVED,thread=Thread[qtp1221981006-51,5,main]} task=EatWhatYouKill@4d722ac9/SelectorProducer@53f0a4cb/IDLE/p=true/QueuedThreadPool[qtp1221981006]@48d5f34e{STARTED,8<=8<=200,i=1,r=-1,q=0}[ReservedThreadExecutor@6f152006{reserved=1/8,pending=0}][pc=0,pic=0,pec=1,epc=0]@2024-05-02T01:46:22.062+01:00 ReservedThreadExecutor@6f152006{reserved=1/8,pending=0}
01:46:22.062 [qtp1221981006-51] DEBUG org.eclipse.jetty.util.thread.strategy.EatWhatYouKill - EatWhatYouKill@4d722ac9/SelectorProducer@53f0a4cb/IDLE/p=true/QueuedThreadPool[qtp1221981006]@48d5f34e{STARTED,8<=8<=200,i=1,r=-1,q=0}[ReservedThreadExecutor@6f152006{reserved=1/8,pending=0}][pc=0,pic=0,pec=1,epc=0]@2024-05-02T01:46:22.062+01:00 tryProduce true
01:46:22.062 [qtp1221981006-51] DEBUG org.eclipse.jetty.io.ManagedSelector - updateable 0
01:46:22.062 [qtp1221981006-51] DEBUG org.eclipse.jetty.io.ManagedSelector - updates 0
01:46:22.062 [qtp1221981006-46] DEBUG org.eclipse.jetty.util.thread.strategy.EatWhatYouKill - EatWhatYouKill@4d722ac9/SelectorProducer@53f0a4cb/IDLE/p=true/QueuedThreadPool[qtp1221981006]@48d5f34e{STARTED,8<=8<=200,i=1,r=-1,q=0}[ReservedThreadExecutor@6f152006{reserved=1/8,pending=0}][pc=0,pic=0,pec=1,epc=0]@2024-05-02T01:46:22.062+01:00 m=EXECUTE_PRODUCE_CONSUME t=CEP:SocketChannelEndPoint@4adbc0e5{l=/127.0.0.1:45315,r=/127.0.0.1:36528,OPEN,fill=FI,flush=-,to=7/30000}{io=1/0,kio=1,kro=1}->SslConnection@728a55ef{NEED_UNWRAP,eio=-1/-1,di=-1,fill=INTERESTED,flush=IDLE}~>DecryptedEndPoint@35af43d7{l=/127.0.0.1:45315,r=/127.0.0.1:36528,OPEN,fill=FI,flush=-,to=7/30000}=>HttpConnection@167da302[p=HttpParser{s=START,0 of -1},g=HttpGenerator@4ca9dbe0{s=START}]=>HttpChannelOverHttp@76084e40{s=HttpChannelState@325adce4{s=IDLE rs=BLOCKING os=OPEN is=IDLE awp=false se=false i=true al=0},r=0,c=false/false,a=IDLE,uri=null,age=0}:runFillable:BLOCKING/BLOCKING
01:46:22.062 [qtp1221981006-51] DEBUG org.eclipse.jetty.io.ChannelEndPoint - Key interests updated 1 -> 0 on SocketChannelEndPoint@4adbc0e5{l=/127.0.0.1:45315,r=/127.0.0.1:36528,OPEN,fill=FI,flush=-,to=7/30000}{io=0/0,kio=0,kro=1}->SslConnection@728a55ef{NEED_UNWRAP,eio=-1/-1,di=-1,fill=INTERESTED,flush=IDLE}~>DecryptedEndPoint@35af43d7{l=/127.0.0.1:45315,r=/127.0.0.1:36528,OPEN,fill=FI,flush=-,to=7/30000}=>HttpConnection@167da302[p=HttpParser{s=START,0 of -1},g=HttpGenerator@4ca9dbe0{s=START}]=>HttpChannelOverHttp@76084e40{s=HttpChannelState@325adce4{s=IDLE rs=BLOCKING os=OPEN is=IDLE awp=false se=false i=true al=0},r=0,c=false/false,a=IDLE,uri=null,age=0}
01:46:22.062 [qtp1221981006-51] DEBUG org.eclipse.jetty.io.ManagedSelector - Selector sun.nio.ch.EPollSelectorImpl@c14b656 waiting with 1 keys
01:46:22.062 [qtp1221981006-46] DEBUG org.eclipse.jetty.io.FillInterest - fillable FillInterest@530c5b2d{SSLC.NBReadCB@728a55ef{SslConnection@728a55ef::SocketChannelEndPoint@4adbc0e5{l=/127.0.0.1:45315,r=/127.0.0.1:36528,OPEN,fill=FI,flush=-,to=7/30000}{io=0/0,kio=0,kro=1}->SslConnection@728a55ef{NEED_UNWRAP,eio=-1/-1,di=-1,fill=INTERESTED,flush=IDLE}~>DecryptedEndPoint@35af43d7{l=/127.0.0.1:45315,r=/127.0.0.1:36528,OPEN,fill=FI,flush=-,to=7/30000}=>HttpConnection@167da302[p=HttpParser{s=START,0 of -1},g=HttpGenerator@4ca9dbe0{s=START}]=>HttpChannelOverHttp@76084e40{s=HttpChannelState@325adce4{s=IDLE rs=BLOCKING os=OPEN is=IDLE awp=false se=false i=true al=0},r=0,c=false/false,a=IDLE,uri=null,age=0}}}
01:46:22.062 [qtp1221981006-46] DEBUG org.eclipse.jetty.io.ssl.SslConnection - >c.onFillable SslConnection@728a55ef::SocketChannelEndPoint@4adbc0e5{l=/127.0.0.1:45315,r=/127.0.0.1:36528,OPEN,fill=-,flush=-,to=7/30000}{io=0/0,kio=0,kro=1}->SslConnection@728a55ef{NEED_UNWRAP,eio=-1/-1,di=-1,fill=INTERESTED,flush=IDLE}~>DecryptedEndPoint@35af43d7{l=/127.0.0.1:45315,r=/127.0.0.1:36528,OPEN,fill=FI,flush=-,to=8/30000}=>HttpConnection@167da302[p=HttpParser{s=START,0 of -1},g=HttpGenerator@4ca9dbe0{s=START}]=>HttpChannelOverHttp@76084e40{s=HttpChannelState@325adce4{s=IDLE rs=BLOCKING os=OPEN is=IDLE awp=false se=false i=true al=0},r=0,c=false/false,a=IDLE,uri=null,age=0}
01:46:22.062 [qtp1221981006-46] DEBUG org.eclipse.jetty.io.ssl.SslConnection - onFillable SslConnection@728a55ef::SocketChannelEndPoint@4adbc0e5{l=/127.0.0.1:45315,r=/127.0.0.1:36528,OPEN,fill=-,flush=-,to=7/30000}{io=0/0,kio=0,kro=1}->SslConnection@728a55ef{NEED_UNWRAP,eio=-1/-1,di=-1,fill=INTERESTED,flush=IDLE}~>DecryptedEndPoint@35af43d7{l=/127.0.0.1:45315,r=/127.0.0.1:36528,OPEN,fill=FI,flush=-,to=8/30000}=>HttpConnection@167da302[p=HttpParser{s=START,0 of -1},g=HttpGenerator@4ca9dbe0{s=START}]=>HttpChannelOverHttp@76084e40{s=HttpChannelState@325adce4{s=IDLE rs=BLOCKING os=OPEN is=IDLE awp=false se=false i=true al=0},r=0,c=false/false,a=IDLE,uri=null,age=0}
01:46:22.063 [qtp1221981006-46] DEBUG org.eclipse.jetty.io.FillInterest - fillable FillInterest@5c5784d0{AC.ReadCB@167da302{HttpConnection@167da302::DecryptedEndPoint@35af43d7{l=/127.0.0.1:45315,r=/127.0.0.1:36528,OPEN,fill=FI,flush=-,to=8/30000}}}
01:46:22.063 [qtp1221981006-46] DEBUG org.eclipse.jetty.server.HttpConnection - HttpConnection@167da302::DecryptedEndPoint@35af43d7{l=/127.0.0.1:45315,r=/127.0.0.1:36528,OPEN,fill=-,flush=-,to=8/30000} onFillable enter HttpChannelState@325adce4{s=IDLE rs=BLOCKING os=OPEN is=IDLE awp=false se=false i=true al=0} null
01:46:22.063 [qtp1221981006-46] DEBUG org.eclipse.jetty.io.ssl.SslConnection - >fill SslConnection@728a55ef::SocketChannelEndPoint@4adbc0e5{l=/127.0.0.1:45315,r=/127.0.0.1:36528,OPEN,fill=-,flush=-,to=8/30000}{io=0/0,kio=0,kro=1}->SslConnection@728a55ef{NEED_UNWRAP,eio=-1/-1,di=-1,fill=IDLE,flush=IDLE}~>DecryptedEndPoint@35af43d7{l=/127.0.0.1:45315,r=/127.0.0.1:36528,OPEN,fill=-,flush=-,to=8/30000}=>HttpConnection@167da302[p=HttpParser{s=START,0 of -1},g=HttpGenerator@4ca9dbe0{s=START}]=>HttpChannelOverHttp@76084e40{s=HttpChannelState@325adce4{s=IDLE rs=BLOCKING os=OPEN is=IDLE awp=false se=false i=true al=0},r=0,c=false/false,a=IDLE,uri=null,age=0}
01:46:22.063 [qtp1221981006-46] DEBUG org.eclipse.jetty.io.ssl.SslConnection - fill NEED_UNWRAP
01:46:22.063 [qtp1221981006-46] DEBUG org.eclipse.jetty.io.ChannelEndPoint - filled 90 HeapByteBuffer@365fde9[p=0,l=90,c=17408,r=90]={<<<\x17\x03\x03\x00U\xDf\xAc\x02\xBc\x04\xD2\xFfj\x81A\xAf\xCc\xE48\xB1g"\xF4\xB9\xAd...\\\x0b\x0f\x97\x8c\xB2V\x1b|\xA7\x04:\xF0r\xE99k\xF0\xBd\x17!\x81\xA4>>>M\x02E\xF5\t\x83\xEe\x96\xEb...\x00\x00\x00\x00\x00\x00\x00}
01:46:22.063 [qtp1221981006-46] DEBUG org.eclipse.jetty.io.ssl.SslConnection - net filled=90
01:46:22.065 [qtp1221981006-46] DEBUG org.eclipse.jetty.io.ssl.SslConnection - unwrap net_filled=90 Status = OK HandshakeStatus = NEED_WRAP bytesConsumed = 90 bytesProduced = 0 encryptedBuffer=[p=90,l=90,c=17408,r=0] unwrapBuffer=HeapByteBuffer@715a725c[p=0,l=0,c=17408,r=0]={<<<>>>\x14\x03\x03\x00\x01\x01\x00\x01J...\x00\x00\x00\x00\x00\x00\x00} appBuffer=HeapByteBuffer@715a725c[p=0,l=0,c=17408,r=0]={<<<>>>\x14\x03\x03\x00\x01\x01\x00\x01J...\x00\x00\x00\x00\x00\x00\x00}
01:46:22.066 [qtp1221981006-46] DEBUG org.eclipse.jetty.io.ssl.SslConnection - fill NEED_WRAP
01:46:22.066 [qtp1221981006-46] DEBUG org.eclipse.jetty.io.ssl.SslConnection - >flush SslConnection@728a55ef::SocketChannelEndPoint@4adbc0e5{l=/127.0.0.1:45315,r=/127.0.0.1:36528,OPEN,fill=-,flush=-,to=2/30000}{io=0/0,kio=0,kro=1}->SslConnection@728a55ef{NEED_WRAP,eio=0/-1,di=-1,fill=IDLE,flush=IDLE}~>DecryptedEndPoint@35af43d7{l=/127.0.0.1:45315,r=/127.0.0.1:36528,OPEN,fill=-,flush=-,to=11/30000}=>HttpConnection@167da302[p=HttpParser{s=START,0 of -1},g=HttpGenerator@4ca9dbe0{s=START}]=>HttpChannelOverHttp@76084e40{s=HttpChannelState@325adce4{s=IDLE rs=BLOCKING os=OPEN is=IDLE awp=false se=false i=true al=0},r=0,c=false/false,a=IDLE,uri=null,age=0}
01:46:22.066 [qtp1221981006-46] DEBUG org.eclipse.jetty.io.ssl.SslConnection - flush b[0]=HeapByteBuffer@98da274[p=0,l=0,c=0,r=0]={<<<>>>}
01:46:22.066 [qtp1221981006-46] DEBUG org.eclipse.jetty.io.ssl.SslConnection - flush NEED_WRAP
01:46:22.066 [qtp1221981006-46] DEBUG org.eclipse.jetty.io.ssl.SslConnection - wrap Status = OK HandshakeStatus = FINISHED bytesConsumed = 0 bytesProduced = 88 [p=0,l=88,c=17408,r=88] ioDone=false/false
01:46:22.067 [qtp1221981006-46] DEBUG org.eclipse.jetty.io.ChannelEndPoint - flushed 88 SocketChannelEndPoint@4adbc0e5{l=/127.0.0.1:45315,r=/127.0.0.1:36528,OPEN,fill=-,flush=-,to=3/30000}{io=0/0,kio=0,kro=1}->SslConnection@728a55ef{NOT_HANDSHAKING,eio=0/0,di=-1,fill=IDLE,flush=IDLE}~>DecryptedEndPoint@35af43d7{l=/127.0.0.1:45315,r=/127.0.0.1:36528,OPEN,fill=-,flush=-,to=12/30000}=>HttpConnection@167da302[p=HttpParser{s=START,0 of -1},g=HttpGenerator@4ca9dbe0{s=START}]=>HttpChannelOverHttp@76084e40{s=HttpChannelState@325adce4{s=IDLE rs=BLOCKING os=OPEN is=IDLE awp=false se=false i=true al=0},r=0,c=false/false,a=IDLE,uri=null,age=0}
01:46:22.067 [qtp1221981006-46] DEBUG org.eclipse.jetty.io.ssl.SslConnection - net flushed=true, ac=true
01:46:22.067 [qtp1221981006-46] DEBUG org.eclipse.jetty.io.ssl.SslConnection - handshake succeeded SslConnection@728a55ef::SocketChannelEndPoint@4adbc0e5{l=/127.0.0.1:45315,r=/127.0.0.1:36528,OPEN,fill=-,flush=-,to=0/30000}{io=0/0,kio=0,kro=1}->SslConnection@728a55ef{NOT_HANDSHAKING,eio=0/0,di=-1,fill=IDLE,flush=IDLE}~>DecryptedEndPoint@35af43d7{l=/127.0.0.1:45315,r=/127.0.0.1:36528,OPEN,fill=-,flush=-,to=12/30000}=>HttpConnection@167da302[p=HttpParser{s=START,0 of -1},g=HttpGenerator@4ca9dbe0{s=START}]=>HttpChannelOverHttp@76084e40{s=HttpChannelState@325adce4{s=IDLE rs=BLOCKING os=OPEN is=IDLE awp=false se=false i=true al=0},r=0,c=false/false,a=IDLE,uri=null,age=0} resumed server TLSv1.3/TLS_AES_256_GCM_SHA384
01:46:22.067 [qtp1221981006-46] DEBUG org.eclipse.jetty.io.ssl.SslConnection - <flush true SslConnection@728a55ef::SocketChannelEndPoint@4adbc0e5{l=/127.0.0.1:45315,r=/127.0.0.1:36528,OPEN,fill=-,flush=-,to=0/30000}{io=0/0,kio=0,kro=1}->SslConnection@728a55ef{NOT_HANDSHAKING,eio=0/-1,di=-1,fill=IDLE,flush=IDLE}~>DecryptedEndPoint@35af43d7{l=/127.0.0.1:45315,r=/127.0.0.1:36528,OPEN,fill=-,flush=-,to=12/30000}=>HttpConnection@167da302[p=HttpParser{s=START,0 of -1},g=HttpGenerator@4ca9dbe0{s=START}]=>HttpChannelOverHttp@76084e40{s=HttpChannelState@325adce4{s=IDLE rs=BLOCKING os=OPEN is=IDLE awp=false se=false i=true al=0},r=0,c=false/false,a=IDLE,uri=null,age=0}
01:46:22.067 [qtp1221981006-46] DEBUG org.eclipse.jetty.io.ssl.SslConnection - fill NOT_HANDSHAKING
01:46:22.067 [qtp1221981006-46] DEBUG org.eclipse.jetty.io.ChannelEndPoint - filled 153 HeapByteBuffer@365fde9[p=0,l=153,c=17408,r=153]={<<<\x17\x03\x03\x00\x94|a\xCe\xF2?\x14\xA8\x91o\xC2\x00>\xA1\xF1\xEa\xCc\x9c\x9cJ\x19...TySN\xBf\t\x04\xE1\xE6I'\x12\x14\n1\xCcD@Nh\xF0;Y>>>\xA6\xA8\xAf\xD5\x7f\xB0\xCf{\x9a...\x00\x00\x00\x00\x00\x00\x00}
01:46:22.067 [qtp1221981006-46] DEBUG org.eclipse.jetty.io.ssl.SslConnection - net filled=153
01:46:22.068 [qtp1221981006-46] DEBUG org.eclipse.jetty.io.ssl.SslConnection - unwrap net_filled=153 Status = OK HandshakeStatus = NOT_HANDSHAKING bytesConsumed = 153 bytesProduced = 115 encryptedBuffer=[p=153,l=153,c=17408,r=0] unwrapBuffer=HeapByteBuffer@715a725c[p=0,l=115,c=17408,r=115]={<<<GET / HTTP/1.1\r\nHost: loc...gent: okhttp/3.12.3\r\n\r\n>>>\x18\x00\x19\x01\x00\x01\x01\x01\x02...\x00\x00\x00\x00\x00\x00\x00} appBuffer=HeapByteBuffer@715a725c[p=0,l=115,c=17408,r=115]={<<<GET / HTTP/1.1\r\nHost: loc...gent: okhttp/3.12.3\r\n\r\n>>>\x18\x00\x19\x01\x00\x01\x01\x01\x02...\x00\x00\x00\x00\x00\x00\x00}
01:46:22.068 [qtp1221981006-46] DEBUG org.eclipse.jetty.io.ssl.SslConnection - <fill f=115 uf=false SslConnection@728a55ef::SocketChannelEndPoint@4adbc0e5{l=/127.0.0.1:45315,r=/127.0.0.1:36528,OPEN,fill=-,flush=-,to=0/30000}{io=0/0,kio=0,kro=1}->SslConnection@728a55ef{NOT_HANDSHAKING,eio=-1/-1,di=-1,fill=IDLE,flush=IDLE}~>DecryptedEndPoint@35af43d7{l=/127.0.0.1:45315,r=/127.0.0.1:36528,OPEN,fill=-,flush=-,to=13/30000}=>HttpConnection@167da302[p=HttpParser{s=START,0 of -1},g=HttpGenerator@4ca9dbe0{s=START}]=>HttpChannelOverHttp@76084e40{s=HttpChannelState@325adce4{s=IDLE rs=BLOCKING os=OPEN is=IDLE awp=false se=false i=true al=0},r=0,c=false/false,a=IDLE,uri=null,age=0}
01:46:22.068 [qtp1221981006-46] DEBUG org.eclipse.jetty.server.HttpConnection - HttpConnection@167da302::DecryptedEndPoint@35af43d7{l=/127.0.0.1:45315,r=/127.0.0.1:36528,OPEN,fill=-,flush=-,to=13/30000} filled 115 HeapByteBuffer@715a725c[p=0,l=115,c=17408,r=115]={<<<GET / HTTP/1.1\r\nHost: loc...gent: okhttp/3.12.3\r\n\r\n>>>\x18\x00\x19\x01\x00\x01\x01\x01\x02...\x00\x00\x00\x00\x00\x00\x00}
01:46:22.068 [qtp1221981006-46] DEBUG org.eclipse.jetty.server.HttpConnection - HttpConnection@167da302::DecryptedEndPoint@35af43d7{l=/127.0.0.1:45315,r=/127.0.0.1:36528,OPEN,fill=-,flush=-,to=13/30000} parse HeapByteBuffer@715a725c[p=0,l=115,c=17408,r=115]={<<<GET / HTTP/1.1\r\nHost: loc...gent: okhttp/3.12.3\r\n\r\n>>>\x18\x00\x19\x01\x00\x01\x01\x01\x02...\x00\x00\x00\x00\x00\x00\x00} {}
01:46:22.068 [qtp1221981006-46] DEBUG org.eclipse.jetty.http.HttpParser - parseNext s=START HeapByteBuffer@715a725c[p=0,l=115,c=17408,r=115]={<<<GET / HTTP/1.1\r\nHost: loc...gent: okhttp/3.12.3\r\n\r\n>>>\x18\x00\x19\x01\x00\x01\x01\x01\x02...\x00\x00\x00\x00\x00\x00\x00}
01:46:22.068 [qtp1221981006-46] DEBUG org.eclipse.jetty.http.HttpParser - START --> SPACE1
01:46:22.068 [qtp1221981006-46] DEBUG org.eclipse.jetty.http.HttpParser - SPACE1 --> URI
01:46:22.068 [qtp1221981006-46] DEBUG org.eclipse.jetty.http.HttpParser - URI --> SPACE2
01:46:22.068 [qtp1221981006-46] DEBUG org.eclipse.jetty.http.HttpParser - SPACE2 --> REQUEST_VERSION
01:46:22.068 [qtp1221981006-46] DEBUG org.eclipse.jetty.http.HttpParser - REQUEST_VERSION --> HEADER
01:46:22.068 [qtp1221981006-46] DEBUG org.eclipse.jetty.http.HttpParser - HEADER:Host --> VALUE
01:46:22.068 [qtp1221981006-46] DEBUG org.eclipse.jetty.http.HttpParser - HEADER:Host --> IN_VALUE
01:46:22.068 [qtp1221981006-46] DEBUG org.eclipse.jetty.http.HttpParser - HEADER:Host --> FIELD
01:46:22.069 [qtp1221981006-46] DEBUG org.eclipse.jetty.http.HttpParser - HEADER:Connection: keep-alive --> IN_VALUE
01:46:22.069 [qtp1221981006-46] DEBUG org.eclipse.jetty.http.HttpParser - HEADER:Connection: keep-alive --> FIELD
01:46:22.069 [qtp1221981006-46] DEBUG org.eclipse.jetty.http.HttpParser - HEADER:Accept-Encoding: gzip --> IN_VALUE
01:46:22.069 [qtp1221981006-46] DEBUG org.eclipse.jetty.http.HttpParser - HEADER:Accept-Encoding: gzip --> FIELD
01:46:22.069 [qtp1221981006-46] DEBUG org.eclipse.jetty.http.HttpParser - HEADER:User-Agent --> VALUE
01:46:22.069 [qtp1221981006-46] DEBUG org.eclipse.jetty.http.HttpParser - HEADER:User-Agent --> IN_VALUE
01:46:22.069 [qtp1221981006-46] DEBUG org.eclipse.jetty.http.HttpParser - HEADER:User-Agent --> FIELD
01:46:22.069 [qtp1221981006-46] DEBUG org.eclipse.jetty.http.HttpParser - HEADER --> CONTENT
01:46:22.069 [qtp1221981006-46] DEBUG org.eclipse.jetty.server.HttpChannel - REQUEST for //localhost:45315/ on HttpChannelOverHttp@76084e40{s=HttpChannelState@325adce4{s=IDLE rs=BLOCKING os=OPEN is=IDLE awp=false se=false i=true al=0},r=1,c=false/false,a=IDLE,uri=//localhost:45315/,age=0}
GET //localhost:45315/ HTTP/1.1
Host: localhost:45315
Connection: keep-alive
Accept-Encoding: gzip
User-Agent: okhttp/3.12.3


01:46:22.069 [qtp1221981006-46] DEBUG org.eclipse.jetty.server.HttpConnection - HttpConnection@167da302::DecryptedEndPoint@35af43d7{l=/127.0.0.1:45315,r=/127.0.0.1:36528,OPEN,fill=-,flush=-,to=14/30000} parsed true HttpParser{s=CONTENT,0 of -1}
01:46:22.069 [qtp1221981006-46] DEBUG org.eclipse.jetty.server.HttpConnection - releaseRequestBuffer HttpConnection@167da302::DecryptedEndPoint@35af43d7{l=/127.0.0.1:45315,r=/127.0.0.1:36528,OPEN,fill=-,flush=-,to=14/30000}
01:46:22.069 [qtp1221981006-46] DEBUG org.eclipse.jetty.server.HttpChannel - handle //localhost:45315/ HttpChannelOverHttp@76084e40{s=HttpChannelState@325adce4{s=IDLE rs=BLOCKING os=OPEN is=IDLE awp=false se=false i=true al=0},r=1,c=false/false,a=IDLE,uri=//localhost:45315/,age=0} 
01:46:22.069 [qtp1221981006-46] DEBUG org.eclipse.jetty.server.HttpChannelState - handling HttpChannelState@325adce4{s=IDLE rs=BLOCKING os=OPEN is=IDLE awp=false se=false i=true al=0}
01:46:22.069 [qtp1221981006-46] DEBUG org.eclipse.jetty.server.HttpChannel - action DISPATCH HttpChannelOverHttp@76084e40{s=HttpChannelState@325adce4{s=HANDLING rs=BLOCKING os=OPEN is=IDLE awp=false se=false i=true al=0},r=1,c=false/false,a=HANDLING,uri=//localhost:45315/,age=0}
01:46:22.070 [qtp1221981006-46] DEBUG org.eclipse.jetty.server.SecureRequestCustomizer - Host localhost with SNI null
01:46:22.072 [qtp1221981006-46] DEBUG org.eclipse.jetty.server.Server - REQUEST GET / on HttpChannelOverHttp@76084e40{s=HttpChannelState@325adce4{s=HANDLING rs=BLOCKING os=OPEN is=IDLE awp=false se=false i=true al=0},r=1,c=false/false,a=HANDLING,uri=https://localhost:45315/,age=3}
01:46:22.072 [qtp1221981006-46] INFO org.apache.nifi.minifi.bootstrap.configuration.ingestors.RestChangeIngestor - >>>>>>>>>>>>>>>>>>>>>>>>>>>>>>>>>>>>>>>>>>>>
01:46:22.072 [qtp1221981006-46] INFO org.apache.nifi.minifi.bootstrap.configuration.ingestors.RestChangeIngestor - request method = GET
01:46:22.072 [qtp1221981006-46] INFO org.apache.nifi.minifi.bootstrap.configuration.ingestors.RestChangeIngestor - request url = https://localhost:45315/
01:46:22.072 [qtp1221981006-46] INFO org.apache.nifi.minifi.bootstrap.configuration.ingestors.RestChangeIngestor - context path = null
01:46:22.072 [qtp1221981006-46] INFO org.apache.nifi.minifi.bootstrap.configuration.ingestors.RestChangeIngestor - request content type = null
01:46:22.072 [qtp1221981006-46] INFO org.apache.nifi.minifi.bootstrap.configuration.ingestors.RestChangeIngestor - <<<<<<<<<<<<<<<<<<<<<<<<<<<<<<<<<<<<<<<<<<<<
01:46:22.072 [qtp1221981006-46] DEBUG org.eclipse.jetty.server.HttpOutput - write(array HeapByteBuffer@c20ad3a[p=0,l=198,c=512,r=198]={<<<This is a config change l...'/' to upload the file.>>>\x00\x00\x00\x00\x00\x00\x00\x00\x00...\x00\x00\x00\x00\x00\x00\x00})
01:46:22.072 [qtp1221981006-46] DEBUG org.eclipse.jetty.server.HttpOutput - write(array) s=CLOSING,api=BLOCKED,sc=false,e=null last=true agg=false flush=true async=false, len=198 null
01:46:22.072 [qtp1221981006-46] DEBUG org.eclipse.jetty.server.HttpChannel - sendResponse info=null content=HeapByteBuffer@613a9022[p=0,l=198,c=512,r=198]={<<<This is a config change l...'/' to upload the file.>>>\x00\x00\x00\x00\x00\x00\x00\x00\x00...\x00\x00\x00\x00\x00\x00\x00} complete=true committing=true callback=Blocker@63dbf048{null}
01:46:22.072 [qtp1221981006-46] DEBUG org.eclipse.jetty.server.HttpChannel - COMMIT for / on HttpChannelOverHttp@76084e40{s=HttpChannelState@325adce4{s=HANDLING rs=BLOCKING os=COMMITTED is=IDLE awp=false se=false i=true al=0},r=1,c=false/false,a=HANDLING,uri=https://localhost:45315/,age=3}
200 null HTTP/1.1
Date: Thu, 02 May 2024 00:46:22 GMT
Content-Type: text/plain;charset=iso-8859-1
Content-Length: 198


01:46:22.072 [qtp1221981006-46] DEBUG org.eclipse.jetty.server.HttpConnection - generate: NEED_HEADER for SendCallback@41a447a1[PROCESSING][i=HTTP/1.1{s=200,h=3,cl=198},cb=org.eclipse.jetty.server.HttpChannel$SendCallback@48e47bd2] (null,[p=0,l=198,c=512,r=198],true)@START
01:46:22.072 [qtp1221981006-46] DEBUG org.eclipse.jetty.http.HttpGenerator - generateHeaders HTTP/1.1{s=200,h=3,cl=198} last=true content=HeapByteBuffer@613a9022[p=0,l=198,c=512,r=198]={<<<This is a config change l...'/' to upload the file.>>>\x00\x00\x00\x00\x00\x00\x00\x00\x00...\x00\x00\x00\x00\x00\x00\x00}
01:46:22.072 [qtp1221981006-46] DEBUG org.eclipse.jetty.http.HttpGenerator - Date: Thu, 02 May 2024 00:46:22 GMT
Content-Type: text/plain;charset=iso-8859-1
Content-Length: 198


01:46:22.072 [qtp1221981006-46] DEBUG org.eclipse.jetty.http.HttpGenerator - CONTENT_LENGTH
01:46:22.073 [qtp1221981006-46] DEBUG org.eclipse.jetty.server.HttpConnection - generate: FLUSH for SendCallback@41a447a1[PROCESSING][i=HTTP/1.1{s=200,h=3,cl=198},cb=org.eclipse.jetty.server.HttpChannel$SendCallback@48e47bd2] ([p=0,l=155,c=8192,r=155],[p=0,l=198,c=512,r=198],true)@COMPLETING
01:46:22.073 [qtp1221981006-46] DEBUG org.eclipse.jetty.io.WriteFlusher - write: WriteFlusher@410fbf29{IDLE}->null [HeapByteBuffer@7dea496c[p=0,l=155,c=8192,r=155]={<<<HTTP/1.1 200 OK\r\nDate: Th...y(9.4.44.v20210927)\r\n\r\n>>>\x00\x00\x00\x00\x00\x00\x00\x00\x00...\x00\x00\x00\x00\x00\x00\x00},HeapByteBuffer@613a9022[p=0,l=198,c=512,r=198]={<<<This is a config change l...'/' to upload the file.>>>\x00\x00\x00\x00\x00\x00\x00\x00\x00...\x00\x00\x00\x00\x00\x00\x00}]
01:46:22.073 [qtp1221981006-46] DEBUG org.eclipse.jetty.io.WriteFlusher - update WriteFlusher@410fbf29{WRITING}->null:IDLE-->WRITING
01:46:22.073 [qtp1221981006-46] DEBUG org.eclipse.jetty.io.ssl.SslConnection - >flush SslConnection@728a55ef::SocketChannelEndPoint@4adbc0e5{l=/127.0.0.1:45315,r=/127.0.0.1:36528,OPEN,fill=-,flush=-,to=5/30000}{io=0/0,kio=0,kro=1}->SslConnection@728a55ef{NOT_HANDSHAKING,eio=-1/-1,di=-1,fill=IDLE,flush=IDLE}~>DecryptedEndPoint@35af43d7{l=/127.0.0.1:45315,r=/127.0.0.1:36528,OPEN,fill=-,flush=W,to=18/30000}=>HttpConnection@167da302[p=HttpParser{s=CONTENT,0 of -1},g=HttpGenerator@4ca9dbe0{s=COMPLETING}]=>HttpChannelOverHttp@76084e40{s=HttpChannelState@325adce4{s=HANDLING rs=BLOCKING os=COMMITTED is=IDLE awp=false se=false i=true al=0},r=1,c=false/false,a=HANDLING,uri=https://localhost:45315/,age=4}
01:46:22.073 [qtp1221981006-46] DEBUG org.eclipse.jetty.io.ssl.SslConnection - flush b[0]=HeapByteBuffer@7dea496c[p=0,l=155,c=8192,r=155]={<<<HTTP/1.1 200 OK\r\nDate: Th...y(9.4.44.v20210927)\r\n\r\n>>>\x00\x00\x00\x00\x00\x00\x00\x00\x00...\x00\x00\x00\x00\x00\x00\x00}
01:46:22.073 [qtp1221981006-46] DEBUG org.eclipse.jetty.io.ssl.SslConnection - flush b[1]=HeapByteBuffer@613a9022[p=0,l=198,c=512,r=198]={<<<This is a config change l...'/' to upload the file.>>>\x00\x00\x00\x00\x00\x00\x00\x00\x00...\x00\x00\x00\x00\x00\x00\x00}
01:46:22.073 [qtp1221981006-46] DEBUG org.eclipse.jetty.io.ssl.SslConnection - flush NOT_HANDSHAKING
01:46:22.073 [qtp1221981006-46] DEBUG org.eclipse.jetty.io.ssl.SslConnection - wrap Status = OK HandshakeStatus = NOT_HANDSHAKING bytesConsumed = 353 bytesProduced = 391 [p=0,l=391,c=17408,r=391] ioDone=false/false
01:46:22.073 [qtp1221981006-46] DEBUG org.eclipse.jetty.io.ChannelEndPoint - flushed 391 SocketChannelEndPoint@4adbc0e5{l=/127.0.0.1:45315,r=/127.0.0.1:36528,OPEN,fill=-,flush=-,to=5/30000}{io=0/0,kio=0,kro=1}->SslConnection@728a55ef{NOT_HANDSHAKING,eio=-1/0,di=-1,fill=IDLE,flush=IDLE}~>DecryptedEndPoint@35af43d7{l=/127.0.0.1:45315,r=/127.0.0.1:36528,OPEN,fill=-,flush=W,to=18/30000}=>HttpConnection@167da302[p=HttpParser{s=CONTENT,0 of -1},g=HttpGenerator@4ca9dbe0{s=COMPLETING}]=>HttpChannelOverHttp@76084e40{s=HttpChannelState@325adce4{s=HANDLING rs=BLOCKING os=COMMITTED is=IDLE awp=false se=false i=true al=0},r=1,c=false/false,a=HANDLING,uri=https://localhost:45315/,age=4}
01:46:22.073 [qtp1221981006-46] DEBUG org.eclipse.jetty.io.ssl.SslConnection - net flushed=true, ac=true
Date: Thu, 02 May 2024 00:46:22 GMT
Content-Type: text/plain;charset=iso-8859-1
Content-Length: 198
Server: Jetty(9.4.44.v20210927)
01:46:22.074 [qtp1221981006-46] DEBUG org.eclipse.jetty.io.ssl.SslConnection - <flush true SslConnection@728a55ef::SocketChannelEndPoint@4adbc0e5{l=/127.0.0.1:45315,r=/127.0.0.1:36528,OPEN,fill=-,flush=-,to=0/30000}{io=0/0,kio=0,kro=1}->SslConnection@728a55ef{NOT_HANDSHAKING,eio=-1/-1,di=-1,fill=IDLE,flush=IDLE}~>DecryptedEndPoint@35af43d7{l=/127.0.0.1:45315,r=/127.0.0.1:36528,OPEN,fill=-,flush=W,to=19/30000}=>HttpConnection@167da302[p=HttpParser{s=CONTENT,0 of -1},g=HttpGenerator@4ca9dbe0{s=COMPLETING}]=>HttpChannelOverHttp@76084e40{s=HttpChannelState@325adce4{s=HANDLING rs=BLOCKING os=COMMITTED is=IDLE awp=false se=false i=true al=0},r=1,c=false/false,a=HANDLING,uri=https://localhost:45315/,age=4}
01:46:22.074 [qtp1221981006-46] DEBUG org.eclipse.jetty.io.WriteFlusher - Flushed=true written=353 remaining=0 WriteFlusher@410fbf29{WRITING}->null
01:46:22.074 [qtp1221981006-46] DEBUG org.eclipse.jetty.io.WriteFlusher - update WriteFlusher@410fbf29{IDLE}->null:WRITING-->IDLE
01:46:22.074 [qtp1221981006-46] DEBUG org.eclipse.jetty.server.HttpConnection - generate: DONE for SendCallback@41a447a1[PROCESSING][i=HTTP/1.1{s=200,h=3,cl=198},cb=org.eclipse.jetty.server.HttpChannel$SendCallback@48e47bd2] ([p=155,l=155,c=8192,r=0],[p=198,l=198,c=512,r=0],true)@END
01:46:22.074 [qtp1221981006-46] DEBUG org.eclipse.jetty.server.HttpOutput - onWriteComplete(true,null) s=CLOSING,api=BLOCKED,sc=false,e=null->s=CLOSED,api=BLOCKING,sc=false,e=null c=null cb=null w=false
01:46:22.074 [qtp1221981006-46] DEBUG org.eclipse.jetty.server.HttpOutput - close() s=CLOSED,api=BLOCKING,sc=false,e=null c=null b=null
]]></system-out>
  </testcase>
  <testcase name="testFileUploadNewConfig" classname="org.apache.nifi.minifi.bootstrap.configuration.ingestors.RestChangeIngestorSSLTest" time="0.009">
    <system-out><![CDATA[01:46:22.074 [qtp1221981006-46] DEBUG org.eclipse.jetty.server.Server - handled=true async=false committed=true on HttpChannelOverHttp@76084e40{s=HttpChannelState@325adce4{s=HANDLING rs=BLOCKING os=COMPLETED is=IDLE awp=false se=false i=true al=0},r=1,c=false/true,a=HANDLING,uri=https://localhost:45315/,age=5}
01:46:22.074 [qtp1221981006-46] DEBUG org.eclipse.jetty.server.HttpChannelState - unhandle HttpChannelState@325adce4{s=HANDLING rs=BLOCKING os=COMPLETED is=IDLE awp=false se=false i=true al=0}
01:46:22.074 [qtp1221981006-46] DEBUG org.eclipse.jetty.server.HttpChannelState - nextAction(false) COMPLETE HttpChannelState@325adce4{s=HANDLING rs=COMPLETING os=COMPLETED is=IDLE awp=false se=false i=false al=0}
01:46:22.074 [qtp1221981006-46] DEBUG org.eclipse.jetty.server.HttpChannel - action COMPLETE HttpChannelOverHttp@76084e40{s=HttpChannelState@325adce4{s=HANDLING rs=COMPLETING os=COMPLETED is=IDLE awp=false se=false i=false al=0},r=1,c=false/true,a=HANDLING,uri=https://localhost:45315/,age=5}
01:46:22.074 [qtp1221981006-46] DEBUG org.eclipse.jetty.server.HttpOutput - complete(org.eclipse.jetty.util.Callback$3@22f561e6) s=CLOSED,api=BLOCKING,sc=false,e=null s=true e=null, c=null
01:46:22.074 [qtp1221981006-46] DEBUG org.eclipse.jetty.server.HttpChannelState - completed HttpChannelState@325adce4{s=HANDLING rs=COMPLETING os=COMPLETED is=IDLE awp=false se=false i=false al=0}
01:46:22.074 [qtp1221981006-46] DEBUG org.eclipse.jetty.server.HttpChannelState - unhandle HttpChannelState@325adce4{s=HANDLING rs=COMPLETED os=COMPLETED is=IDLE awp=false se=false i=false al=0}
01:46:22.074 [qtp1221981006-46] DEBUG org.eclipse.jetty.server.HttpChannelState - nextAction(false) TERMINATED HttpChannelState@325adce4{s=IDLE rs=COMPLETED os=COMPLETED is=IDLE awp=false se=false i=false al=0}
01:46:22.074 [qtp1221981006-46] DEBUG org.eclipse.jetty.server.HttpChannel - action TERMINATED HttpChannelOverHttp@76084e40{s=HttpChannelState@325adce4{s=IDLE rs=COMPLETED os=COMPLETED is=IDLE awp=false se=false i=false al=0},r=1,c=true/true,a=IDLE,uri=https://localhost:45315/,age=5}
01:46:22.074 [qtp1221981006-46] DEBUG org.eclipse.jetty.server.HttpChannel - onCompleted for / written=198
01:46:22.075 [qtp1221981006-46] DEBUG org.eclipse.jetty.io.ssl.SslConnection - >fill SslConnection@728a55ef::SocketChannelEndPoint@4adbc0e5{l=/127.0.0.1:45315,r=/127.0.0.1:36528,OPEN,fill=-,flush=-,to=1/30000}{io=0/0,kio=0,kro=1}->SslConnection@728a55ef{NOT_HANDSHAKING,eio=-1/-1,di=-1,fill=IDLE,flush=IDLE}~>DecryptedEndPoint@35af43d7{l=/127.0.0.1:45315,r=/127.0.0.1:36528,OPEN,fill=-,flush=-,to=20/30000}=>HttpConnection@167da302[p=HttpParser{s=CONTENT,0 of -1},g=HttpGenerator@4ca9dbe0{s=END}]=>HttpChannelOverHttp@76084e40{s=HttpChannelState@325adce4{s=IDLE rs=COMPLETED os=COMPLETED is=IDLE awp=false se=false i=false al=0},r=1,c=true/true,a=IDLE,uri=https://localhost:45315/,age=6}
01:46:22.075 [qtp1221981006-46] DEBUG org.eclipse.jetty.io.ssl.SslConnection - fill NOT_HANDSHAKING
01:46:22.075 [qtp1221981006-46] DEBUG org.eclipse.jetty.io.ChannelEndPoint - filled 0 HeapByteBuffer@715a725c[p=0,l=0,c=17408,r=0]={<<<>>>GET / HTT...\x00\x00\x00\x00\x00\x00\x00}
01:46:22.075 [qtp1221981006-46] DEBUG org.eclipse.jetty.io.ssl.SslConnection - net filled=0
01:46:22.075 [qtp1221981006-46] DEBUG org.eclipse.jetty.io.ssl.SslConnection - unwrap net_filled=0 Status = BUFFER_UNDERFLOW HandshakeStatus = NOT_HANDSHAKING bytesConsumed = 0 bytesProduced = 0 encryptedBuffer=[p=0,l=0,c=17408,r=0] unwrapBuffer=HeapByteBuffer@365fde9[p=0,l=0,c=17408,r=0]={<<<>>>\x17\x03\x03\x00\x94GET ...\x00\x00\x00\x00\x00\x00\x00} appBuffer=HeapByteBuffer@365fde9[p=0,l=0,c=17408,r=0]={<<<>>>\x17\x03\x03\x00\x94GET ...\x00\x00\x00\x00\x00\x00\x00}
01:46:22.075 [qtp1221981006-46] DEBUG org.eclipse.jetty.io.ssl.SslConnection - <fill f=0 uf=true SslConnection@728a55ef::SocketChannelEndPoint@4adbc0e5{l=/127.0.0.1:45315,r=/127.0.0.1:36528,OPEN,fill=-,flush=-,to=1/30000}{io=0/0,kio=0,kro=1}->SslConnection@728a55ef{NOT_HANDSHAKING,eio=-1/-1,di=-1,fill=IDLE,flush=IDLE}~>DecryptedEndPoint@35af43d7{l=/127.0.0.1:45315,r=/127.0.0.1:36528,OPEN,fill=-,flush=-,to=20/30000}=>HttpConnection@167da302[p=HttpParser{s=CONTENT,0 of -1},g=HttpGenerator@4ca9dbe0{s=END}]=>HttpChannelOverHttp@76084e40{s=HttpChannelState@325adce4{s=IDLE rs=COMPLETED os=COMPLETED is=IDLE awp=false se=false i=false al=0},r=1,c=true/true,a=IDLE,uri=https://localhost:45315/,age=6}
01:46:22.075 [qtp1221981006-46] DEBUG org.eclipse.jetty.io.ssl.SslConnection - >fill SslConnection@728a55ef::SocketChannelEndPoint@4adbc0e5{l=/127.0.0.1:45315,r=/127.0.0.1:36528,OPEN,fill=-,flush=-,to=1/30000}{io=0/0,kio=0,kro=1}->SslConnection@728a55ef{NOT_HANDSHAKING,eio=-1/-1,di=-1,fill=IDLE,flush=IDLE}~>DecryptedEndPoint@35af43d7{l=/127.0.0.1:45315,r=/127.0.0.1:36528,OPEN,fill=-,flush=-,to=20/30000}=>HttpConnection@167da302[p=HttpParser{s=CONTENT,0 of -1},g=HttpGenerator@4ca9dbe0{s=END}]=>HttpChannelOverHttp@76084e40{s=HttpChannelState@325adce4{s=IDLE rs=COMPLETED os=COMPLETED is=IDLE awp=false se=false i=false al=0},r=1,c=true/true,a=IDLE,uri=https://localhost:45315/,age=6}
01:46:22.075 [qtp1221981006-46] DEBUG org.eclipse.jetty.io.ssl.SslConnection - fill NOT_HANDSHAKING
01:46:22.075 [qtp1221981006-46] DEBUG org.eclipse.jetty.io.ChannelEndPoint - filled 0 HeapByteBuffer@7565f8af[p=0,l=0,c=17408,r=0]={<<<>>>\x17\x03\x03\x01\x82\xC4aT\x1a...\x00\x00\x00\x00\x00\x00\x00}
01:46:22.075 [qtp1221981006-46] DEBUG org.eclipse.jetty.io.ssl.SslConnection - net filled=0
01:46:22.075 [qtp1221981006-46] DEBUG org.eclipse.jetty.io.ssl.SslConnection - unwrap net_filled=0 Status = BUFFER_UNDERFLOW HandshakeStatus = NOT_HANDSHAKING bytesConsumed = 0 bytesProduced = 0 encryptedBuffer=[p=0,l=0,c=17408,r=0] unwrapBuffer=HeapByteBuffer@365fde9[p=0,l=0,c=17408,r=0]={<<<>>>\x17\x03\x03\x00\x94GET ...\x00\x00\x00\x00\x00\x00\x00} appBuffer=HeapByteBuffer@365fde9[p=0,l=0,c=17408,r=0]={<<<>>>\x17\x03\x03\x00\x94GET ...\x00\x00\x00\x00\x00\x00\x00}
01:46:22.075 [qtp1221981006-46] DEBUG org.eclipse.jetty.io.ssl.SslConnection - <fill f=0 uf=true SslConnection@728a55ef::SocketChannelEndPoint@4adbc0e5{l=/127.0.0.1:45315,r=/127.0.0.1:36528,OPEN,fill=-,flush=-,to=1/30000}{io=0/0,kio=0,kro=1}->SslConnection@728a55ef{NOT_HANDSHAKING,eio=-1/-1,di=-1,fill=IDLE,flush=IDLE}~>DecryptedEndPoint@35af43d7{l=/127.0.0.1:45315,r=/127.0.0.1:36528,OPEN,fill=-,flush=-,to=21/30000}=>HttpConnection@167da302[p=HttpParser{s=CONTENT,0 of -1},g=HttpGenerator@4ca9dbe0{s=END}]=>HttpChannelOverHttp@76084e40{s=HttpChannelState@325adce4{s=IDLE rs=COMPLETED os=COMPLETED is=IDLE awp=false se=false i=false al=0},r=1,c=true/true,a=IDLE,uri=https://localhost:45315/,age=6}
01:46:22.075 [qtp1221981006-46] DEBUG org.eclipse.jetty.server.HttpConnection - HttpConnection@167da302::DecryptedEndPoint@35af43d7{l=/127.0.0.1:45315,r=/127.0.0.1:36528,OPEN,fill=-,flush=-,to=21/30000} filled 0 HeapByteBuffer@365fde9[p=0,l=0,c=17408,r=0]={<<<>>>\x17\x03\x03\x00\x94GET ...\x00\x00\x00\x00\x00\x00\x00}
01:46:22.075 [qtp1221981006-46] DEBUG org.eclipse.jetty.server.HttpConnection - HttpConnection@167da302::DecryptedEndPoint@35af43d7{l=/127.0.0.1:45315,r=/127.0.0.1:36528,OPEN,fill=-,flush=-,to=21/30000} parse HeapByteBuffer@365fde9[p=0,l=0,c=17408,r=0]={<<<>>>\x17\x03\x03\x00\x94GET ...\x00\x00\x00\x00\x00\x00\x00} {}
01:46:22.075 [qtp1221981006-46] DEBUG org.eclipse.jetty.http.HttpParser - parseNext s=CONTENT HeapByteBuffer@365fde9[p=0,l=0,c=17408,r=0]={<<<>>>\x17\x03\x03\x00\x94GET ...\x00\x00\x00\x00\x00\x00\x00}
01:46:22.075 [qtp1221981006-46] DEBUG org.eclipse.jetty.http.HttpParser - CONTENT --> CONTENT_END
01:46:22.075 [qtp1221981006-46] DEBUG org.eclipse.jetty.server.HttpChannel - onContentComplete HttpChannelOverHttp@76084e40{s=HttpChannelState@325adce4{s=IDLE rs=COMPLETED os=COMPLETED is=IDLE awp=false se=false i=false al=0},r=1,c=true/true,a=IDLE,uri=https://localhost:45315/,age=6}
01:46:22.075 [qtp1221981006-46] DEBUG org.eclipse.jetty.http.HttpParser - CONTENT_END --> END
01:46:22.076 [qtp1221981006-46] DEBUG org.eclipse.jetty.server.HttpChannel - onRequestComplete HttpChannelOverHttp@76084e40{s=HttpChannelState@325adce4{s=IDLE rs=COMPLETED os=COMPLETED is=IDLE awp=false se=false i=false al=0},r=1,c=true/true,a=IDLE,uri=https://localhost:45315/,age=7}
01:46:22.076 [qtp1221981006-46] DEBUG org.eclipse.jetty.server.HttpInput - HttpInputOverHTTP@49a4b481[c=0,q=0,[0]=null,s=STREAM] addContent EOF
01:46:22.076 [qtp1221981006-46] DEBUG org.eclipse.jetty.server.HttpConnection - HttpConnection@167da302::DecryptedEndPoint@35af43d7{l=/127.0.0.1:45315,r=/127.0.0.1:36528,OPEN,fill=-,flush=-,to=21/30000} parsed false HttpParser{s=END,0 of -1}
01:46:22.076 [qtp1221981006-46] DEBUG org.eclipse.jetty.server.HttpConnection - releaseRequestBuffer HttpConnection@167da302::DecryptedEndPoint@35af43d7{l=/127.0.0.1:45315,r=/127.0.0.1:36528,OPEN,fill=-,flush=-,to=21/30000}
01:46:22.076 [qtp1221981006-46] DEBUG org.eclipse.jetty.server.HttpChannelState - recycle HttpChannelState@325adce4{s=IDLE rs=COMPLETED os=COMPLETED is=IDLE awp=false se=false i=false al=0}
01:46:22.076 [qtp1221981006-46] DEBUG org.eclipse.jetty.http.HttpParser - reset HttpParser{s=END,0 of -1}
01:46:22.076 [qtp1221981006-46] DEBUG org.eclipse.jetty.http.HttpParser - END --> START
01:46:22.076 [qtp1221981006-46] DEBUG org.eclipse.jetty.server.HttpChannel - !handle TERMINATED HttpChannelOverHttp@76084e40{s=HttpChannelState@325adce4{s=IDLE rs=BLOCKING os=OPEN is=IDLE awp=false se=false i=true al=0},r=1,c=false/false,a=IDLE,uri=null,age=0}
01:46:22.076 [qtp1221981006-46] DEBUG org.eclipse.jetty.io.ssl.SslConnection - >fill SslConnection@728a55ef::SocketChannelEndPoint@4adbc0e5{l=/127.0.0.1:45315,r=/127.0.0.1:36528,OPEN,fill=-,flush=-,to=2/30000}{io=0/0,kio=0,kro=1}->SslConnection@728a55ef{NOT_HANDSHAKING,eio=-1/-1,di=-1,fill=IDLE,flush=IDLE}~>DecryptedEndPoint@35af43d7{l=/127.0.0.1:45315,r=/127.0.0.1:36528,OPEN,fill=-,flush=-,to=21/30000}=>HttpConnection@167da302[p=HttpParser{s=START,0 of -1},g=HttpGenerator@4ca9dbe0{s=START}]=>HttpChannelOverHttp@76084e40{s=HttpChannelState@325adce4{s=IDLE rs=BLOCKING os=OPEN is=IDLE awp=false se=false i=true al=0},r=1,c=false/false,a=IDLE,uri=null,age=0}
01:46:22.076 [qtp1221981006-46] DEBUG org.eclipse.jetty.io.ssl.SslConnection - fill NOT_HANDSHAKING
01:46:22.076 [qtp1221981006-46] DEBUG org.eclipse.jetty.io.ChannelEndPoint - filled 0 HeapByteBuffer@7565f8af[p=0,l=0,c=17408,r=0]={<<<>>>\x17\x03\x03\x01\x82\xC4aT\x1a...\x00\x00\x00\x00\x00\x00\x00}
01:46:22.076 [qtp1221981006-46] DEBUG org.eclipse.jetty.io.ssl.SslConnection - net filled=0
01:46:22.076 [qtp1221981006-46] DEBUG org.eclipse.jetty.io.ssl.SslConnection - unwrap net_filled=0 Status = BUFFER_UNDERFLOW HandshakeStatus = NOT_HANDSHAKING bytesConsumed = 0 bytesProduced = 0 encryptedBuffer=[p=0,l=0,c=17408,r=0] unwrapBuffer=HeapByteBuffer@715a725c[p=0,l=0,c=17408,r=0]={<<<>>>GET / HTT...\x00\x00\x00\x00\x00\x00\x00} appBuffer=HeapByteBuffer@715a725c[p=0,l=0,c=17408,r=0]={<<<>>>GET / HTT...\x00\x00\x00\x00\x00\x00\x00}
01:46:22.076 [qtp1221981006-46] DEBUG org.eclipse.jetty.io.ssl.SslConnection - <fill f=0 uf=true SslConnection@728a55ef::SocketChannelEndPoint@4adbc0e5{l=/127.0.0.1:45315,r=/127.0.0.1:36528,OPEN,fill=-,flush=-,to=3/30000}{io=0/0,kio=0,kro=1}->SslConnection@728a55ef{NOT_HANDSHAKING,eio=-1/-1,di=-1,fill=IDLE,flush=IDLE}~>DecryptedEndPoint@35af43d7{l=/127.0.0.1:45315,r=/127.0.0.1:36528,OPEN,fill=-,flush=-,to=22/30000}=>HttpConnection@167da302[p=HttpParser{s=START,0 of -1},g=HttpGenerator@4ca9dbe0{s=START}]=>HttpChannelOverHttp@76084e40{s=HttpChannelState@325adce4{s=IDLE rs=BLOCKING os=OPEN is=IDLE awp=false se=false i=true al=0},r=1,c=false/false,a=IDLE,uri=null,age=0}
01:46:22.077 [qtp1221981006-46] DEBUG org.eclipse.jetty.io.ssl.SslConnection - >fill SslConnection@728a55ef::SocketChannelEndPoint@4adbc0e5{l=/127.0.0.1:45315,r=/127.0.0.1:36528,OPEN,fill=-,flush=-,to=3/30000}{io=0/0,kio=0,kro=1}->SslConnection@728a55ef{NOT_HANDSHAKING,eio=-1/-1,di=-1,fill=IDLE,flush=IDLE}~>DecryptedEndPoint@35af43d7{l=/127.0.0.1:45315,r=/127.0.0.1:36528,OPEN,fill=-,flush=-,to=22/30000}=>HttpConnection@167da302[p=HttpParser{s=START,0 of -1},g=HttpGenerator@4ca9dbe0{s=START}]=>HttpChannelOverHttp@76084e40{s=HttpChannelState@325adce4{s=IDLE rs=BLOCKING os=OPEN is=IDLE awp=false se=false i=true al=0},r=1,c=false/false,a=IDLE,uri=null,age=0}
01:46:22.077 [qtp1221981006-46] DEBUG org.eclipse.jetty.io.ssl.SslConnection - fill NOT_HANDSHAKING
01:46:22.077 [qtp1221981006-46] DEBUG org.eclipse.jetty.io.ChannelEndPoint - filled 258 HeapByteBuffer@365fde9[p=0,l=258,c=17408,r=258]={<<<\x17\x03\x03\x00\xFd\x80*\xDbe\xC1\x05\xD487m\xDf\xEc\x81\xF1i\x03:\x1dA'...\x842\x9a\x14L\x079mH\xA3LL4\x13\xC0<*\xC7\xD87Y\xCf0>>>G&\x7f\x89\xF3\x05YY\xB6...\x00\x00\x00\x00\x00\x00\x00}
01:46:22.077 [qtp1221981006-46] DEBUG org.eclipse.jetty.io.ssl.SslConnection - net filled=258
01:46:22.077 [qtp1221981006-46] DEBUG org.eclipse.jetty.io.ssl.SslConnection - unwrap net_filled=258 Status = OK HandshakeStatus = NOT_HANDSHAKING bytesConsumed = 258 bytesProduced = 220 encryptedBuffer=[p=258,l=258,c=17408,r=0] unwrapBuffer=HeapByteBuffer@715a725c[p=0,l=220,c=17408,r=220]={<<<POST / HTTP/1.1\r\ncharset:...\nThis is a test string.>>>\x02\x02\x00\x10\x00\x0e\x00\x0c\x02...\x00\x00\x00\x00\x00\x00\x00} appBuffer=HeapByteBuffer@715a725c[p=0,l=220,c=17408,r=220]={<<<POST / HTTP/1.1\r\ncharset:...\nThis is a test string.>>>\x02\x02\x00\x10\x00\x0e\x00\x0c\x02...\x00\x00\x00\x00\x00\x00\x00}
01:46:22.077 [qtp1221981006-46] DEBUG org.eclipse.jetty.io.ssl.SslConnection - <fill f=220 uf=false SslConnection@728a55ef::SocketChannelEndPoint@4adbc0e5{l=/127.0.0.1:45315,r=/127.0.0.1:36528,OPEN,fill=-,flush=-,to=0/30000}{io=0/0,kio=0,kro=1}->SslConnection@728a55ef{NOT_HANDSHAKING,eio=-1/-1,di=-1,fill=IDLE,flush=IDLE}~>DecryptedEndPoint@35af43d7{l=/127.0.0.1:45315,r=/127.0.0.1:36528,OPEN,fill=-,flush=-,to=22/30000}=>HttpConnection@167da302[p=HttpParser{s=START,0 of -1},g=HttpGenerator@4ca9dbe0{s=START}]=>HttpChannelOverHttp@76084e40{s=HttpChannelState@325adce4{s=IDLE rs=BLOCKING os=OPEN is=IDLE awp=false se=false i=true al=0},r=1,c=false/false,a=IDLE,uri=null,age=0}
01:46:22.077 [qtp1221981006-46] DEBUG org.eclipse.jetty.server.HttpConnection - HttpConnection@167da302::DecryptedEndPoint@35af43d7{l=/127.0.0.1:45315,r=/127.0.0.1:36528,OPEN,fill=-,flush=-,to=23/30000} filled 220 HeapByteBuffer@715a725c[p=0,l=220,c=17408,r=220]={<<<POST / HTTP/1.1\r\ncharset:...\nThis is a test string.>>>\x02\x02\x00\x10\x00\x0e\x00\x0c\x02...\x00\x00\x00\x00\x00\x00\x00}
01:46:22.077 [qtp1221981006-46] DEBUG org.eclipse.jetty.server.HttpConnection - HttpConnection@167da302::DecryptedEndPoint@35af43d7{l=/127.0.0.1:45315,r=/127.0.0.1:36528,OPEN,fill=-,flush=-,to=23/30000} parse HeapByteBuffer@715a725c[p=0,l=220,c=17408,r=220]={<<<POST / HTTP/1.1\r\ncharset:...\nThis is a test string.>>>\x02\x02\x00\x10\x00\x0e\x00\x0c\x02...\x00\x00\x00\x00\x00\x00\x00} {}
01:46:22.077 [qtp1221981006-46] DEBUG org.eclipse.jetty.http.HttpParser - parseNext s=START HeapByteBuffer@715a725c[p=0,l=220,c=17408,r=220]={<<<POST / HTTP/1.1\r\ncharset:...\nThis is a test string.>>>\x02\x02\x00\x10\x00\x0e\x00\x0c\x02...\x00\x00\x00\x00\x00\x00\x00}
01:46:22.077 [qtp1221981006-46] DEBUG org.eclipse.jetty.http.HttpParser - START --> SPACE1
01:46:22.077 [qtp1221981006-46] DEBUG org.eclipse.jetty.http.HttpParser - SPACE1 --> URI
01:46:22.078 [qtp1221981006-46] DEBUG org.eclipse.jetty.http.HttpParser - URI --> SPACE2
01:46:22.078 [qtp1221981006-46] DEBUG org.eclipse.jetty.http.HttpParser - SPACE2 --> REQUEST_VERSION
01:46:22.078 [qtp1221981006-46] DEBUG org.eclipse.jetty.http.HttpParser - REQUEST_VERSION --> HEADER
01:46:22.078 [qtp1221981006-46] DEBUG org.eclipse.jetty.http.HttpParser - HEADER: --> IN_NAME
01:46:22.078 [qtp1221981006-46] DEBUG org.eclipse.jetty.http.HttpParser - HEADER:charset --> VALUE
01:46:22.078 [qtp1221981006-46] DEBUG org.eclipse.jetty.http.HttpParser - HEADER:charset --> IN_VALUE
01:46:22.078 [qtp1221981006-46] DEBUG org.eclipse.jetty.http.HttpParser - HEADER:charset --> FIELD
01:46:22.078 [qtp1221981006-46] DEBUG org.eclipse.jetty.http.HttpParser - HEADER:Content-Type --> VALUE
01:46:22.078 [qtp1221981006-46] DEBUG org.eclipse.jetty.http.HttpParser - HEADER:Content-Type --> IN_VALUE
01:46:22.078 [qtp1221981006-46] DEBUG org.eclipse.jetty.http.HttpParser - HEADER:Content-Type --> FIELD
01:46:22.078 [qtp1221981006-46] DEBUG org.eclipse.jetty.http.HttpParser - HEADER:Content-Length --> VALUE
01:46:22.078 [qtp1221981006-46] DEBUG org.eclipse.jetty.http.HttpParser - HEADER:Content-Length --> IN_VALUE
01:46:22.078 [qtp1221981006-46] DEBUG org.eclipse.jetty.http.HttpParser - HEADER:Content-Length --> FIELD
01:46:22.078 [qtp1221981006-46] DEBUG org.eclipse.jetty.http.HttpParser - HEADER:Host: localhost:45315 --> IN_VALUE
01:46:22.078 [qtp1221981006-46] DEBUG org.eclipse.jetty.http.HttpParser - HEADER:Host: localhost:45315 --> FIELD
01:46:22.078 [qtp1221981006-46] DEBUG org.eclipse.jetty.http.HttpParser - HEADER:Connection: keep-alive --> IN_VALUE
01:46:22.078 [qtp1221981006-46] DEBUG org.eclipse.jetty.http.HttpParser - HEADER:Connection: keep-alive --> FIELD
01:46:22.078 [qtp1221981006-46] DEBUG org.eclipse.jetty.http.HttpParser - HEADER:Accept-Encoding: gzip --> IN_VALUE
01:46:22.078 [qtp1221981006-46] DEBUG org.eclipse.jetty.http.HttpParser - HEADER:Accept-Encoding: gzip --> FIELD
01:46:22.078 [qtp1221981006-46] DEBUG org.eclipse.jetty.http.HttpParser - HEADER:User-Agent: okhttp/3.12.3 --> IN_VALUE
01:46:22.078 [qtp1221981006-46] DEBUG org.eclipse.jetty.http.HttpParser - HEADER:User-Agent: okhttp/3.12.3 --> FIELD
01:46:22.078 [qtp1221981006-46] DEBUG org.eclipse.jetty.http.HttpParser - HEADER --> CONTENT
01:46:22.078 [qtp1221981006-46] DEBUG org.eclipse.jetty.server.HttpChannel - REQUEST for //localhost:45315/ on HttpChannelOverHttp@76084e40{s=HttpChannelState@325adce4{s=IDLE rs=BLOCKING os=OPEN is=IDLE awp=false se=false i=true al=0},r=2,c=false/false,a=IDLE,uri=//localhost:45315/,age=0}
POST //localhost:45315/ HTTP/1.1
charset: UTF-8
Content-Type: text/x-markdown; charset=utf-8
Content-Length: 22
Host: localhost:45315
Connection: keep-alive
Accept-Encoding: gzip
User-Agent: okhttp/3.12.3


01:46:22.078 [qtp1221981006-46] DEBUG org.eclipse.jetty.server.HttpConnection - HttpConnection@167da302::DecryptedEndPoint@35af43d7{l=/127.0.0.1:45315,r=/127.0.0.1:36528,OPEN,fill=-,flush=-,to=24/30000} parsed true HttpParser{s=CONTENT,0 of 22}
01:46:22.078 [qtp1221981006-46] DEBUG org.eclipse.jetty.server.HttpChannel - handle //localhost:45315/ HttpChannelOverHttp@76084e40{s=HttpChannelState@325adce4{s=IDLE rs=BLOCKING os=OPEN is=IDLE awp=false se=false i=true al=0},r=2,c=false/false,a=IDLE,uri=//localhost:45315/,age=0} 
01:46:22.078 [qtp1221981006-46] DEBUG org.eclipse.jetty.server.HttpChannelState - handling HttpChannelState@325adce4{s=IDLE rs=BLOCKING os=OPEN is=IDLE awp=false se=false i=true al=0}
01:46:22.078 [qtp1221981006-46] DEBUG org.eclipse.jetty.server.HttpChannel - action DISPATCH HttpChannelOverHttp@76084e40{s=HttpChannelState@325adce4{s=HANDLING rs=BLOCKING os=OPEN is=IDLE awp=false se=false i=true al=0},r=2,c=false/false,a=HANDLING,uri=//localhost:45315/,age=0}
01:46:22.078 [qtp1221981006-46] DEBUG org.eclipse.jetty.server.SecureRequestCustomizer - Host localhost with SNI null
01:46:22.078 [qtp1221981006-46] DEBUG org.eclipse.jetty.server.Server - REQUEST POST / on HttpChannelOverHttp@76084e40{s=HttpChannelState@325adce4{s=HANDLING rs=BLOCKING os=OPEN is=IDLE awp=false se=false i=true al=0},r=2,c=false/false,a=HANDLING,uri=https://localhost:45315/,age=0}
01:46:22.078 [qtp1221981006-46] INFO org.apache.nifi.minifi.bootstrap.configuration.ingestors.RestChangeIngestor - >>>>>>>>>>>>>>>>>>>>>>>>>>>>>>>>>>>>>>>>>>>>
01:46:22.078 [qtp1221981006-46] INFO org.apache.nifi.minifi.bootstrap.configuration.ingestors.RestChangeIngestor - request method = POST
01:46:22.079 [qtp1221981006-46] INFO org.apache.nifi.minifi.bootstrap.configuration.ingestors.RestChangeIngestor - request url = https://localhost:45315/
01:46:22.079 [qtp1221981006-46] INFO org.apache.nifi.minifi.bootstrap.configuration.ingestors.RestChangeIngestor - context path = null
01:46:22.079 [qtp1221981006-46] INFO org.apache.nifi.minifi.bootstrap.configuration.ingestors.RestChangeIngestor - request content type = text/x-markdown; charset=utf-8
01:46:22.079 [qtp1221981006-46] INFO org.apache.nifi.minifi.bootstrap.configuration.ingestors.RestChangeIngestor - <<<<<<<<<<<<<<<<<<<<<<<<<<<<<<<<<<<<<<<<<<<<
01:46:22.079 [qtp1221981006-46] DEBUG org.eclipse.jetty.server.HttpConnection - HttpConnection@167da302::DecryptedEndPoint@35af43d7{l=/127.0.0.1:45315,r=/127.0.0.1:36528,OPEN,fill=-,flush=-,to=24/30000} parse HeapByteBuffer@715a725c[p=198,l=220,c=17408,r=22]={POST / HT...2.3\r\n\r\n<<<This is a test string.>>>\x02\x02\x00\x10\x00\x0e\x00\x0c\x02...\x00\x00\x00\x00\x00\x00\x00} {}
01:46:22.079 [qtp1221981006-46] DEBUG org.eclipse.jetty.http.HttpParser - parseNext s=CONTENT HeapByteBuffer@715a725c[p=198,l=220,c=17408,r=22]={POST / HT...2.3\r\n\r\n<<<This is a test string.>>>\x02\x02\x00\x10\x00\x0e\x00\x0c\x02...\x00\x00\x00\x00\x00\x00\x00}
01:46:22.079 [qtp1221981006-46] DEBUG org.eclipse.jetty.server.HttpChannel - onContent HttpChannelOverHttp@76084e40{s=HttpChannelState@325adce4{s=HANDLING rs=BLOCKING os=OPEN is=IDLE awp=false se=false i=true al=0},r=2,c=false/false,a=HANDLING,uri=https://localhost:45315/,age=1} Content@66aa35f0{HeapByteBufferR@5a6028fb[p=198,l=220,c=17408,r=22]={POST / HT...2.3\r\n\r\n<<<This is a test string.>>>\x02\x02\x00\x10\x00\x0e\x00\x0c\x02...\x00\x00\x00\x00\x00\x00\x00}}
01:46:22.079 [qtp1221981006-46] DEBUG org.eclipse.jetty.server.HttpInput - HttpInputOverHTTP@49a4b481[c=0,q=0,[0]=null,s=STREAM] addContent Content@66aa35f0{HeapByteBufferR@5a6028fb[p=198,l=220,c=17408,r=22]={POST / HT...2.3\r\n\r\n<<<This is a test string.>>>\x02\x02\x00\x10\x00\x0e\x00\x0c\x02...\x00\x00\x00\x00\x00\x00\x00}}
01:46:22.079 [qtp1221981006-46] DEBUG org.eclipse.jetty.http.HttpParser - CONTENT --> CONTENT_END
01:46:22.079 [qtp1221981006-46] DEBUG org.eclipse.jetty.server.HttpChannel - onContentComplete HttpChannelOverHttp@76084e40{s=HttpChannelState@325adce4{s=HANDLING rs=BLOCKING os=OPEN is=IDLE awp=false se=false i=true al=0},r=2,c=false/false,a=HANDLING,uri=https://localhost:45315/,age=1}
01:46:22.079 [qtp1221981006-46] DEBUG org.eclipse.jetty.http.HttpParser - CONTENT_END --> END
01:46:22.079 [qtp1221981006-46] DEBUG org.eclipse.jetty.server.HttpChannel - onRequestComplete HttpChannelOverHttp@76084e40{s=HttpChannelState@325adce4{s=HANDLING rs=BLOCKING os=OPEN is=IDLE awp=false se=false i=true al=0},r=2,c=false/false,a=HANDLING,uri=https://localhost:45315/,age=1}
01:46:22.079 [qtp1221981006-46] DEBUG org.eclipse.jetty.server.HttpInput - HttpInputOverHTTP@49a4b481[c=0,q=1,[0]=EOF,s=STREAM] addContent EOF
01:46:22.079 [qtp1221981006-46] DEBUG org.eclipse.jetty.server.HttpConnection - HttpConnection@167da302::DecryptedEndPoint@35af43d7{l=/127.0.0.1:45315,r=/127.0.0.1:36528,OPEN,fill=-,flush=-,to=25/30000} parsed false HttpParser{s=END,22 of 22}
01:46:22.079 [qtp1221981006-46] DEBUG org.eclipse.jetty.server.HttpInput - HttpInputOverHTTP@49a4b481[c=1,q=1,[0]=EOF,s=STREAM] read 1 from Content@66aa35f0{HeapByteBufferR@5a6028fb[p=199,l=220,c=17408,r=21]={POST / HT....3\r\n\r\nT<<<his is a test string.>>>\x02\x02\x00\x10\x00\x0e\x00\x0c\x02...\x00\x00\x00\x00\x00\x00\x00}}
01:46:22.079 [qtp1221981006-46] DEBUG org.eclipse.jetty.server.HttpInput - HttpInputOverHTTP@49a4b481[c=2,q=1,[0]=EOF,s=STREAM] read 1 from Content@66aa35f0{HeapByteBufferR@5a6028fb[p=200,l=220,c=17408,r=20]={POST / HT...3\r\n\r\nTh<<<is is a test string.>>>\x02\x02\x00\x10\x00\x0e\x00\x0c\x02...\x00\x00\x00\x00\x00\x00\x00}}
01:46:22.079 [qtp1221981006-46] DEBUG org.eclipse.jetty.server.HttpInput - HttpInputOverHTTP@49a4b481[c=3,q=1,[0]=EOF,s=STREAM] read 1 from Content@66aa35f0{HeapByteBufferR@5a6028fb[p=201,l=220,c=17408,r=19]={POST / HT...\r\n\r\nThi<<<s is a test string.>>>\x02\x02\x00\x10\x00\x0e\x00\x0c\x02...\x00\x00\x00\x00\x00\x00\x00}}
01:46:22.079 [qtp1221981006-46] DEBUG org.eclipse.jetty.server.HttpInput - HttpInputOverHTTP@49a4b481[c=4,q=1,[0]=EOF,s=STREAM] read 1 from Content@66aa35f0{HeapByteBufferR@5a6028fb[p=202,l=220,c=17408,r=18]={POST / HT...\n\r\nThis<<< is a test string.>>>\x02\x02\x00\x10\x00\x0e\x00\x0c\x02...\x00\x00\x00\x00\x00\x00\x00}}
01:46:22.079 [qtp1221981006-46] DEBUG org.eclipse.jetty.server.HttpInput - HttpInputOverHTTP@49a4b481[c=5,q=1,[0]=EOF,s=STREAM] read 1 from Content@66aa35f0{HeapByteBufferR@5a6028fb[p=203,l=220,c=17408,r=17]={POST / HT...\r\nThis <<<is a test string.>>>\x02\x02\x00\x10\x00\x0e\x00\x0c\x02...\x00\x00\x00\x00\x00\x00\x00}}
01:46:22.080 [qtp1221981006-46] DEBUG org.eclipse.jetty.server.HttpInput - HttpInputOverHTTP@49a4b481[c=6,q=1,[0]=EOF,s=STREAM] read 1 from Content@66aa35f0{HeapByteBufferR@5a6028fb[p=204,l=220,c=17408,r=16]={POST / HT...\nThis i<<<s a test string.>>>\x02\x02\x00\x10\x00\x0e\x00\x0c\x02...\x00\x00\x00\x00\x00\x00\x00}}
01:46:22.080 [qtp1221981006-46] DEBUG org.eclipse.jetty.server.HttpInput - HttpInputOverHTTP@49a4b481[c=7,q=1,[0]=EOF,s=STREAM] read 1 from Content@66aa35f0{HeapByteBufferR@5a6028fb[p=205,l=220,c=17408,r=15]={POST / HT...This is<<< a test string.>>>\x02\x02\x00\x10\x00\x0e\x00\x0c\x02...\x00\x00\x00\x00\x00\x00\x00}}
01:46:22.080 [qtp1221981006-46] DEBUG org.eclipse.jetty.server.HttpInput - HttpInputOverHTTP@49a4b481[c=8,q=1,[0]=EOF,s=STREAM] read 1 from Content@66aa35f0{HeapByteBufferR@5a6028fb[p=206,l=220,c=17408,r=14]={POST / HT...his is <<<a test string.>>>\x02\x02\x00\x10\x00\x0e\x00\x0c\x02...\x00\x00\x00\x00\x00\x00\x00}}
01:46:22.080 [qtp1221981006-46] DEBUG org.eclipse.jetty.server.HttpInput - HttpInputOverHTTP@49a4b481[c=9,q=1,[0]=EOF,s=STREAM] read 1 from Content@66aa35f0{HeapByteBufferR@5a6028fb[p=207,l=220,c=17408,r=13]={POST / HT...is is a<<< test string.>>>\x02\x02\x00\x10\x00\x0e\x00\x0c\x02...\x00\x00\x00\x00\x00\x00\x00}}
01:46:22.080 [qtp1221981006-46] DEBUG org.eclipse.jetty.server.HttpInput - HttpInputOverHTTP@49a4b481[c=10,q=1,[0]=EOF,s=STREAM] read 1 from Content@66aa35f0{HeapByteBufferR@5a6028fb[p=208,l=220,c=17408,r=12]={POST / HT...s is a <<<test string.>>>\x02\x02\x00\x10\x00\x0e\x00\x0c\x02...\x00\x00\x00\x00\x00\x00\x00}}
01:46:22.080 [qtp1221981006-46] DEBUG org.eclipse.jetty.server.HttpInput - HttpInputOverHTTP@49a4b481[c=11,q=1,[0]=EOF,s=STREAM] read 1 from Content@66aa35f0{HeapByteBufferR@5a6028fb[p=209,l=220,c=17408,r=11]={POST / HT... is a t<<<est string.>>>\x02\x02\x00\x10\x00\x0e\x00\x0c\x02...\x00\x00\x00\x00\x00\x00\x00}}
01:46:22.080 [qtp1221981006-46] DEBUG org.eclipse.jetty.server.HttpInput - HttpInputOverHTTP@49a4b481[c=12,q=1,[0]=EOF,s=STREAM] read 1 from Content@66aa35f0{HeapByteBufferR@5a6028fb[p=210,l=220,c=17408,r=10]={POST / HT...is a te<<<st string.>>>\x02\x02\x00\x10\x00\x0e\x00\x0c\x02...\x00\x00\x00\x00\x00\x00\x00}}
01:46:22.080 [qtp1221981006-46] DEBUG org.eclipse.jetty.server.HttpInput - HttpInputOverHTTP@49a4b481[c=13,q=1,[0]=EOF,s=STREAM] read 1 from Content@66aa35f0{HeapByteBufferR@5a6028fb[p=211,l=220,c=17408,r=9]={POST / HT...s a tes<<<t string.>>>\x02\x02\x00\x10\x00\x0e\x00\x0c\x02...\x00\x00\x00\x00\x00\x00\x00}}
01:46:22.080 [qtp1221981006-46] DEBUG org.eclipse.jetty.server.HttpInput - HttpInputOverHTTP@49a4b481[c=14,q=1,[0]=EOF,s=STREAM] read 1 from Content@66aa35f0{HeapByteBufferR@5a6028fb[p=212,l=220,c=17408,r=8]={POST / HT... a test<<< string.>>>\x02\x02\x00\x10\x00\x0e\x00\x0c\x02...\x00\x00\x00\x00\x00\x00\x00}}
01:46:22.080 [qtp1221981006-46] DEBUG org.eclipse.jetty.server.HttpInput - HttpInputOverHTTP@49a4b481[c=15,q=1,[0]=EOF,s=STREAM] read 1 from Content@66aa35f0{HeapByteBufferR@5a6028fb[p=213,l=220,c=17408,r=7]={POST / HT...a test <<<string.>>>\x02\x02\x00\x10\x00\x0e\x00\x0c\x02...\x00\x00\x00\x00\x00\x00\x00}}
01:46:22.080 [qtp1221981006-46] DEBUG org.eclipse.jetty.server.HttpInput - HttpInputOverHTTP@49a4b481[c=16,q=1,[0]=EOF,s=STREAM] read 1 from Content@66aa35f0{HeapByteBufferR@5a6028fb[p=214,l=220,c=17408,r=6]={POST / HT... test s<<<tring.>>>\x02\x02\x00\x10\x00\x0e\x00\x0c\x02...\x00\x00\x00\x00\x00\x00\x00}}
01:46:22.080 [qtp1221981006-46] DEBUG org.eclipse.jetty.server.HttpInput - HttpInputOverHTTP@49a4b481[c=17,q=1,[0]=EOF,s=STREAM] read 1 from Content@66aa35f0{HeapByteBufferR@5a6028fb[p=215,l=220,c=17408,r=5]={POST / HT...test st<<<ring.>>>\x02\x02\x00\x10\x00\x0e\x00\x0c\x02...\x00\x00\x00\x00\x00\x00\x00}}
01:46:22.080 [qtp1221981006-46] DEBUG org.eclipse.jetty.server.HttpInput - HttpInputOverHTTP@49a4b481[c=18,q=1,[0]=EOF,s=STREAM] read 1 from Content@66aa35f0{HeapByteBufferR@5a6028fb[p=216,l=220,c=17408,r=4]={POST / HT...est str<<<ing.>>>\x02\x02\x00\x10\x00\x0e\x00\x0c\x02...\x00\x00\x00\x00\x00\x00\x00}}
01:46:22.080 [qtp1221981006-46] DEBUG org.eclipse.jetty.server.HttpInput - HttpInputOverHTTP@49a4b481[c=19,q=1,[0]=EOF,s=STREAM] read 1 from Content@66aa35f0{HeapByteBufferR@5a6028fb[p=217,l=220,c=17408,r=3]={POST / HT...st stri<<<ng.>>>\x02\x02\x00\x10\x00\x0e\x00\x0c\x02...\x00\x00\x00\x00\x00\x00\x00}}
01:46:22.080 [qtp1221981006-46] DEBUG org.eclipse.jetty.server.HttpInput - HttpInputOverHTTP@49a4b481[c=20,q=1,[0]=EOF,s=STREAM] read 1 from Content@66aa35f0{HeapByteBufferR@5a6028fb[p=218,l=220,c=17408,r=2]={POST / HT...t strin<<<g.>>>\x02\x02\x00\x10\x00\x0e\x00\x0c\x02...\x00\x00\x00\x00\x00\x00\x00}}
01:46:22.081 [qtp1221981006-46] DEBUG org.eclipse.jetty.server.HttpInput - HttpInputOverHTTP@49a4b481[c=21,q=1,[0]=EOF,s=STREAM] read 1 from Content@66aa35f0{HeapByteBufferR@5a6028fb[p=219,l=220,c=17408,r=1]={POST / HT... string<<<.>>>\x02\x02\x00\x10\x00\x0e\x00\x0c\x02...\x00\x00\x00\x00\x00\x00\x00}}
01:46:22.081 [qtp1221981006-46] DEBUG org.eclipse.jetty.server.HttpInput - HttpInputOverHTTP@49a4b481[c=22,q=1,[0]=EOF,s=STREAM] read 1 from Content@66aa35f0{HeapByteBufferR@5a6028fb[p=220,l=220,c=17408,r=0]={POST / HT...string.<<<>>>\x02\x02\x00\x10\x00\x0e\x00\x0c\x02...\x00\x00\x00\x00\x00\x00\x00}}
01:46:22.081 [qtp1221981006-46] DEBUG org.eclipse.jetty.server.HttpConnection - releaseRequestBuffer HttpConnection@167da302::DecryptedEndPoint@35af43d7{l=/127.0.0.1:45315,r=/127.0.0.1:36528,OPEN,fill=-,flush=-,to=26/30000}
01:46:22.081 [qtp1221981006-46] DEBUG org.eclipse.jetty.server.HttpOutput - write(array HeapByteBuffer@53139800[p=0,l=100,c=512,r=100]={<<<The result of notifying l...e configuration change\n>>>d a conf....\x00\x00\x00\x00\x00\x00\x00})
01:46:22.081 [qtp1221981006-46] DEBUG org.eclipse.jetty.server.HttpOutput - write(array) s=CLOSING,api=BLOCKED,sc=false,e=null last=true agg=false flush=true async=false, len=100 null
01:46:22.081 [qtp1221981006-46] DEBUG org.eclipse.jetty.server.HttpChannel - sendResponse info=null content=HeapByteBuffer@3f7f2e5f[p=0,l=100,c=512,r=100]={<<<The result of notifying l...e configuration change\n>>>d a conf....\x00\x00\x00\x00\x00\x00\x00} complete=true committing=true callback=Blocker@63dbf048{null}
01:46:22.081 [qtp1221981006-46] DEBUG org.eclipse.jetty.server.HttpChannel - COMMIT for / on HttpChannelOverHttp@76084e40{s=HttpChannelState@325adce4{s=HANDLING rs=BLOCKING os=COMMITTED is=IDLE awp=false se=false i=true al=0},r=2,c=false/false,a=HANDLING,uri=https://localhost:45315/,age=3}
200 null HTTP/1.1
Date: Thu, 02 May 2024 00:46:22 GMT
Content-Type: text/plain;charset=iso-8859-1
Content-Length: 100


01:46:22.081 [qtp1221981006-46] DEBUG org.eclipse.jetty.server.HttpConnection - generate: NEED_HEADER for SendCallback@41a447a1[PROCESSING][i=HTTP/1.1{s=200,h=3,cl=100},cb=org.eclipse.jetty.server.HttpChannel$SendCallback@8cd99f5] (null,[p=0,l=100,c=512,r=100],true)@START
01:46:22.081 [qtp1221981006-46] DEBUG org.eclipse.jetty.http.HttpGenerator - generateHeaders HTTP/1.1{s=200,h=3,cl=100} last=true content=HeapByteBuffer@3f7f2e5f[p=0,l=100,c=512,r=100]={<<<The result of notifying l...e configuration change\n>>>d a conf....\x00\x00\x00\x00\x00\x00\x00}
01:46:22.081 [qtp1221981006-46] DEBUG org.eclipse.jetty.http.HttpGenerator - Date: Thu, 02 May 2024 00:46:22 GMT
Content-Type: text/plain;charset=iso-8859-1
Content-Length: 100


01:46:22.081 [qtp1221981006-46] DEBUG org.eclipse.jetty.http.HttpGenerator - CONTENT_LENGTH
01:46:22.082 [qtp1221981006-46] DEBUG org.eclipse.jetty.server.HttpConnection - generate: FLUSH for SendCallback@41a447a1[PROCESSING][i=HTTP/1.1{s=200,h=3,cl=100},cb=org.eclipse.jetty.server.HttpChannel$SendCallback@8cd99f5] ([p=0,l=155,c=8192,r=155],[p=0,l=100,c=512,r=100],true)@COMPLETING
01:46:22.082 [qtp1221981006-46] DEBUG org.eclipse.jetty.io.WriteFlusher - write: WriteFlusher@410fbf29{IDLE}->null [HeapByteBuffer@7dea496c[p=0,l=155,c=8192,r=155]={<<<HTTP/1.1 200 OK\r\nDate: Th...y(9.4.44.v20210927)\r\n\r\n>>>\x00\x00\x00\x00\x00\x00\x00\x00\x00...\x00\x00\x00\x00\x00\x00\x00},HeapByteBuffer@3f7f2e5f[p=0,l=100,c=512,r=100]={<<<The result of notifying l...e configuration change\n>>>d a conf....\x00\x00\x00\x00\x00\x00\x00}]
01:46:22.082 [qtp1221981006-46] DEBUG org.eclipse.jetty.io.WriteFlusher - update WriteFlusher@410fbf29{WRITING}->null:IDLE-->WRITING
01:46:22.082 [qtp1221981006-46] DEBUG org.eclipse.jetty.io.ssl.SslConnection - >flush SslConnection@728a55ef::SocketChannelEndPoint@4adbc0e5{l=/127.0.0.1:45315,r=/127.0.0.1:36528,OPEN,fill=-,flush=-,to=4/30000}{io=0/0,kio=0,kro=1}->SslConnection@728a55ef{NOT_HANDSHAKING,eio=-1/-1,di=-1,fill=IDLE,flush=IDLE}~>DecryptedEndPoint@35af43d7{l=/127.0.0.1:45315,r=/127.0.0.1:36528,OPEN,fill=-,flush=W,to=27/30000}=>HttpConnection@167da302[p=HttpParser{s=END,22 of 22},g=HttpGenerator@4ca9dbe0{s=COMPLETING}]=>HttpChannelOverHttp@76084e40{s=HttpChannelState@325adce4{s=HANDLING rs=BLOCKING os=COMMITTED is=IDLE awp=false se=false i=true al=0},r=2,c=false/false,a=HANDLING,uri=https://localhost:45315/,age=4}
01:46:22.082 [qtp1221981006-46] DEBUG org.eclipse.jetty.io.ssl.SslConnection - flush b[0]=HeapByteBuffer@7dea496c[p=0,l=155,c=8192,r=155]={<<<HTTP/1.1 200 OK\r\nDate: Th...y(9.4.44.v20210927)\r\n\r\n>>>\x00\x00\x00\x00\x00\x00\x00\x00\x00...\x00\x00\x00\x00\x00\x00\x00}
01:46:22.082 [qtp1221981006-46] DEBUG org.eclipse.jetty.io.ssl.SslConnection - flush b[1]=HeapByteBuffer@3f7f2e5f[p=0,l=100,c=512,r=100]={<<<The result of notifying l...e configuration change\n>>>d a conf....\x00\x00\x00\x00\x00\x00\x00}
01:46:22.082 [qtp1221981006-46] DEBUG org.eclipse.jetty.io.ssl.SslConnection - flush NOT_HANDSHAKING
01:46:22.082 [qtp1221981006-46] DEBUG org.eclipse.jetty.io.ssl.SslConnection - wrap Status = OK HandshakeStatus = NOT_HANDSHAKING bytesConsumed = 255 bytesProduced = 293 [p=0,l=293,c=17408,r=293] ioDone=false/false
01:46:22.082 [qtp1221981006-46] DEBUG org.eclipse.jetty.io.ChannelEndPoint - flushed 293 SocketChannelEndPoint@4adbc0e5{l=/127.0.0.1:45315,r=/127.0.0.1:36528,OPEN,fill=-,flush=-,to=5/30000}{io=0/0,kio=0,kro=1}->SslConnection@728a55ef{NOT_HANDSHAKING,eio=-1/0,di=-1,fill=IDLE,flush=IDLE}~>DecryptedEndPoint@35af43d7{l=/127.0.0.1:45315,r=/127.0.0.1:36528,OPEN,fill=-,flush=W,to=27/30000}=>HttpConnection@167da302[p=HttpParser{s=END,22 of 22},g=HttpGenerator@4ca9dbe0{s=COMPLETING}]=>HttpChannelOverHttp@76084e40{s=HttpChannelState@325adce4{s=HANDLING rs=BLOCKING os=COMMITTED is=IDLE awp=false se=false i=true al=0},r=2,c=false/false,a=HANDLING,uri=https://localhost:45315/,age=4}
01:46:22.082 [qtp1221981006-46] DEBUG org.eclipse.jetty.io.ssl.SslConnection - net flushed=true, ac=true
01:46:22.082 [qtp1221981006-46] DEBUG org.eclipse.jetty.io.ssl.SslConnection - <flush true SslConnection@728a55ef::SocketChannelEndPoint@4adbc0e5{l=/127.0.0.1:45315,r=/127.0.0.1:36528,OPEN,fill=-,flush=-,to=0/30000}{io=0/0,kio=0,kro=1}->SslConnection@728a55ef{NOT_HANDSHAKING,eio=-1/-1,di=-1,fill=IDLE,flush=IDLE}~>DecryptedEndPoint@35af43d7{l=/127.0.0.1:45315,r=/127.0.0.1:36528,OPEN,fill=-,flush=W,to=28/30000}=>HttpConnection@167da302[p=HttpParser{s=END,22 of 22},g=HttpGenerator@4ca9dbe0{s=COMPLETING}]=>HttpChannelOverHttp@76084e40{s=HttpChannelState@325adce4{s=HANDLING rs=BLOCKING os=COMMITTED is=IDLE awp=false se=false i=true al=0},r=2,c=false/false,a=HANDLING,uri=https://localhost:45315/,age=4}
01:46:22.082 [qtp1221981006-46] DEBUG org.eclipse.jetty.io.WriteFlusher - Flushed=true written=255 remaining=0 WriteFlusher@410fbf29{WRITING}->null
Date: Thu, 02 May 2024 00:46:22 GMT
01:46:22.082 [qtp1221981006-46] DEBUG org.eclipse.jetty.io.WriteFlusher - update WriteFlusher@410fbf29{IDLE}->null:WRITING-->IDLE
Content-Type: text/plain;charset=iso-8859-1
Content-Length: 100
Server: Jetty(9.4.44.v20210927)
01:46:22.082 [qtp1221981006-46] DEBUG org.eclipse.jetty.server.HttpConnection - generate: DONE for SendCallback@41a447a1[PROCESSING][i=HTTP/1.1{s=200,h=3,cl=100},cb=org.eclipse.jetty.server.HttpChannel$SendCallback@8cd99f5] ([p=155,l=155,c=8192,r=0],[p=100,l=100,c=512,r=0],true)@END
01:46:22.083 [qtp1221981006-46] DEBUG org.eclipse.jetty.server.HttpOutput - onWriteComplete(true,null) s=CLOSING,api=BLOCKED,sc=false,e=null->s=CLOSED,api=BLOCKING,sc=false,e=null c=null cb=null w=false
01:46:22.083 [qtp1221981006-46] DEBUG org.eclipse.jetty.server.HttpOutput - close() s=CLOSED,api=BLOCKING,sc=false,e=null c=null b=null
01:46:22.083 [qtp1221981006-46] DEBUG org.eclipse.jetty.server.Server - handled=true async=false committed=true on HttpChannelOverHttp@76084e40{s=HttpChannelState@325adce4{s=HANDLING rs=BLOCKING os=COMPLETED is=IDLE awp=false se=false i=true al=0},r=2,c=false/true,a=HANDLING,uri=https://localhost:45315/,age=5}
01:46:22.083 [qtp1221981006-46] DEBUG org.eclipse.jetty.server.HttpChannelState - unhandle HttpChannelState@325adce4{s=HANDLING rs=BLOCKING os=COMPLETED is=IDLE awp=false se=false i=true al=0}
01:46:22.083 [qtp1221981006-46] DEBUG org.eclipse.jetty.server.HttpChannelState - nextAction(false) COMPLETE HttpChannelState@325adce4{s=HANDLING rs=COMPLETING os=COMPLETED is=IDLE awp=false se=false i=false al=0}
01:46:22.083 [qtp1221981006-46] DEBUG org.eclipse.jetty.server.HttpChannel - action COMPLETE HttpChannelOverHttp@76084e40{s=HttpChannelState@325adce4{s=HANDLING rs=COMPLETING os=COMPLETED is=IDLE awp=false se=false i=false al=0},r=2,c=false/true,a=HANDLING,uri=https://localhost:45315/,age=5}
01:46:22.083 [qtp1221981006-46] DEBUG org.eclipse.jetty.server.HttpOutput - complete(org.eclipse.jetty.util.Callback$3@53315fe7) s=CLOSED,api=BLOCKING,sc=false,e=null s=true e=null, c=null
01:46:22.083 [qtp1221981006-46] DEBUG org.eclipse.jetty.server.HttpChannelState - completed HttpChannelState@325adce4{s=HANDLING rs=COMPLETING os=COMPLETED is=IDLE awp=false se=false i=false al=0}
01:46:22.083 [qtp1221981006-46] DEBUG org.eclipse.jetty.server.HttpChannelState - unhandle HttpChannelState@325adce4{s=HANDLING rs=COMPLETED os=COMPLETED is=IDLE awp=false se=false i=false al=0}
]]></system-out>
  </testcase>
  <testcase name="testFileUploadSameConfig" classname="org.apache.nifi.minifi.bootstrap.configuration.ingestors.RestChangeIngestorSSLTest" time="0.009">
    <system-out><![CDATA[01:46:22.083 [qtp1221981006-46] DEBUG org.eclipse.jetty.server.HttpChannelState - nextAction(false) TERMINATED HttpChannelState@325adce4{s=IDLE rs=COMPLETED os=COMPLETED is=IDLE awp=false se=false i=false al=0}
01:46:22.083 [qtp1221981006-46] DEBUG org.eclipse.jetty.server.HttpChannel - action TERMINATED HttpChannelOverHttp@76084e40{s=HttpChannelState@325adce4{s=IDLE rs=COMPLETED os=COMPLETED is=IDLE awp=false se=false i=false al=0},r=2,c=true/true,a=IDLE,uri=https://localhost:45315/,age=5}
01:46:22.083 [qtp1221981006-46] DEBUG org.eclipse.jetty.server.HttpChannel - onCompleted for / written=100
01:46:22.083 [qtp1221981006-46] DEBUG org.eclipse.jetty.server.HttpChannelState - recycle HttpChannelState@325adce4{s=IDLE rs=COMPLETED os=COMPLETED is=IDLE awp=false se=false i=false al=0}
01:46:22.083 [qtp1221981006-46] DEBUG org.eclipse.jetty.http.HttpParser - reset HttpParser{s=END,22 of 22}
01:46:22.083 [qtp1221981006-46] DEBUG org.eclipse.jetty.http.HttpParser - END --> START
01:46:22.083 [qtp1221981006-46] DEBUG org.eclipse.jetty.server.HttpChannel - !handle TERMINATED HttpChannelOverHttp@76084e40{s=HttpChannelState@325adce4{s=IDLE rs=BLOCKING os=OPEN is=IDLE awp=false se=false i=true al=0},r=2,c=false/false,a=IDLE,uri=null,age=0}
01:46:22.083 [qtp1221981006-46] DEBUG org.eclipse.jetty.io.ssl.SslConnection - >fill SslConnection@728a55ef::SocketChannelEndPoint@4adbc0e5{l=/127.0.0.1:45315,r=/127.0.0.1:36528,OPEN,fill=-,flush=-,to=1/30000}{io=0/0,kio=0,kro=1}->SslConnection@728a55ef{NOT_HANDSHAKING,eio=-1/-1,di=-1,fill=IDLE,flush=IDLE}~>DecryptedEndPoint@35af43d7{l=/127.0.0.1:45315,r=/127.0.0.1:36528,OPEN,fill=-,flush=-,to=29/30000}=>HttpConnection@167da302[p=HttpParser{s=START,0 of -1},g=HttpGenerator@4ca9dbe0{s=START}]=>HttpChannelOverHttp@76084e40{s=HttpChannelState@325adce4{s=IDLE rs=BLOCKING os=OPEN is=IDLE awp=false se=false i=true al=0},r=2,c=false/false,a=IDLE,uri=null,age=0}
01:46:22.084 [qtp1221981006-46] DEBUG org.eclipse.jetty.io.ssl.SslConnection - fill NOT_HANDSHAKING
01:46:22.084 [qtp1221981006-46] DEBUG org.eclipse.jetty.io.ChannelEndPoint - filled 0 HeapByteBuffer@715a725c[p=0,l=0,c=17408,r=0]={<<<>>>POST / HT...\x00\x00\x00\x00\x00\x00\x00}
01:46:22.084 [qtp1221981006-46] DEBUG org.eclipse.jetty.io.ssl.SslConnection - net filled=0
01:46:22.084 [qtp1221981006-46] DEBUG org.eclipse.jetty.io.ssl.SslConnection - unwrap net_filled=0 Status = BUFFER_UNDERFLOW HandshakeStatus = NOT_HANDSHAKING bytesConsumed = 0 bytesProduced = 0 encryptedBuffer=[p=0,l=0,c=17408,r=0] unwrapBuffer=HeapByteBuffer@365fde9[p=0,l=0,c=17408,r=0]={<<<>>>\x17\x03\x03\x00\xFdPOST...\x00\x00\x00\x00\x00\x00\x00} appBuffer=HeapByteBuffer@365fde9[p=0,l=0,c=17408,r=0]={<<<>>>\x17\x03\x03\x00\xFdPOST...\x00\x00\x00\x00\x00\x00\x00}
01:46:22.084 [qtp1221981006-46] DEBUG org.eclipse.jetty.io.ssl.SslConnection - <fill f=0 uf=true SslConnection@728a55ef::SocketChannelEndPoint@4adbc0e5{l=/127.0.0.1:45315,r=/127.0.0.1:36528,OPEN,fill=-,flush=-,to=1/30000}{io=0/0,kio=0,kro=1}->SslConnection@728a55ef{NOT_HANDSHAKING,eio=-1/-1,di=-1,fill=IDLE,flush=IDLE}~>DecryptedEndPoint@35af43d7{l=/127.0.0.1:45315,r=/127.0.0.1:36528,OPEN,fill=-,flush=-,to=29/30000}=>HttpConnection@167da302[p=HttpParser{s=START,0 of -1},g=HttpGenerator@4ca9dbe0{s=START}]=>HttpChannelOverHttp@76084e40{s=HttpChannelState@325adce4{s=IDLE rs=BLOCKING os=OPEN is=IDLE awp=false se=false i=true al=0},r=2,c=false/false,a=IDLE,uri=null,age=0}
01:46:22.084 [qtp1221981006-46] DEBUG org.eclipse.jetty.io.ssl.SslConnection - >fill SslConnection@728a55ef::SocketChannelEndPoint@4adbc0e5{l=/127.0.0.1:45315,r=/127.0.0.1:36528,OPEN,fill=-,flush=-,to=2/30000}{io=0/0,kio=0,kro=1}->SslConnection@728a55ef{NOT_HANDSHAKING,eio=-1/-1,di=-1,fill=IDLE,flush=IDLE}~>DecryptedEndPoint@35af43d7{l=/127.0.0.1:45315,r=/127.0.0.1:36528,OPEN,fill=-,flush=-,to=30/30000}=>HttpConnection@167da302[p=HttpParser{s=START,0 of -1},g=HttpGenerator@4ca9dbe0{s=START}]=>HttpChannelOverHttp@76084e40{s=HttpChannelState@325adce4{s=IDLE rs=BLOCKING os=OPEN is=IDLE awp=false se=false i=true al=0},r=2,c=false/false,a=IDLE,uri=null,age=0}
01:46:22.084 [qtp1221981006-46] DEBUG org.eclipse.jetty.io.ssl.SslConnection - fill NOT_HANDSHAKING
01:46:22.084 [qtp1221981006-46] DEBUG org.eclipse.jetty.io.ChannelEndPoint - filled 0 HeapByteBuffer@7565f8af[p=0,l=0,c=17408,r=0]={<<<>>>\x17\x03\x03\x01 <5\xB1\x8e...\x00\x00\x00\x00\x00\x00\x00}
01:46:22.085 [qtp1221981006-46] DEBUG org.eclipse.jetty.io.ssl.SslConnection - net filled=0
01:46:22.085 [qtp1221981006-46] DEBUG org.eclipse.jetty.io.ssl.SslConnection - unwrap net_filled=0 Status = BUFFER_UNDERFLOW HandshakeStatus = NOT_HANDSHAKING bytesConsumed = 0 bytesProduced = 0 encryptedBuffer=[p=0,l=0,c=17408,r=0] unwrapBuffer=HeapByteBuffer@365fde9[p=0,l=0,c=17408,r=0]={<<<>>>\x17\x03\x03\x00\xFdPOST...\x00\x00\x00\x00\x00\x00\x00} appBuffer=HeapByteBuffer@365fde9[p=0,l=0,c=17408,r=0]={<<<>>>\x17\x03\x03\x00\xFdPOST...\x00\x00\x00\x00\x00\x00\x00}
01:46:22.085 [qtp1221981006-46] DEBUG org.eclipse.jetty.io.ssl.SslConnection - <fill f=0 uf=true SslConnection@728a55ef::SocketChannelEndPoint@4adbc0e5{l=/127.0.0.1:45315,r=/127.0.0.1:36528,OPEN,fill=-,flush=-,to=2/30000}{io=0/0,kio=0,kro=1}->SslConnection@728a55ef{NOT_HANDSHAKING,eio=-1/-1,di=-1,fill=IDLE,flush=IDLE}~>DecryptedEndPoint@35af43d7{l=/127.0.0.1:45315,r=/127.0.0.1:36528,OPEN,fill=-,flush=-,to=30/30000}=>HttpConnection@167da302[p=HttpParser{s=START,0 of -1},g=HttpGenerator@4ca9dbe0{s=START}]=>HttpChannelOverHttp@76084e40{s=HttpChannelState@325adce4{s=IDLE rs=BLOCKING os=OPEN is=IDLE awp=false se=false i=true al=0},r=2,c=false/false,a=IDLE,uri=null,age=0}
01:46:22.085 [qtp1221981006-46] DEBUG org.eclipse.jetty.server.HttpConnection - HttpConnection@167da302::DecryptedEndPoint@35af43d7{l=/127.0.0.1:45315,r=/127.0.0.1:36528,OPEN,fill=-,flush=-,to=30/30000} filled 0 HeapByteBuffer@365fde9[p=0,l=0,c=17408,r=0]={<<<>>>\x17\x03\x03\x00\xFdPOST...\x00\x00\x00\x00\x00\x00\x00}
01:46:22.085 [qtp1221981006-46] DEBUG org.eclipse.jetty.server.HttpConnection - HttpConnection@167da302::DecryptedEndPoint@35af43d7{l=/127.0.0.1:45315,r=/127.0.0.1:36528,OPEN,fill=-,flush=-,to=30/30000} parse HeapByteBuffer@365fde9[p=0,l=0,c=17408,r=0]={<<<>>>\x17\x03\x03\x00\xFdPOST...\x00\x00\x00\x00\x00\x00\x00} {}
01:46:22.085 [qtp1221981006-46] DEBUG org.eclipse.jetty.http.HttpParser - parseNext s=START HeapByteBuffer@365fde9[p=0,l=0,c=17408,r=0]={<<<>>>\x17\x03\x03\x00\xFdPOST...\x00\x00\x00\x00\x00\x00\x00}
01:46:22.085 [qtp1221981006-46] DEBUG org.eclipse.jetty.server.HttpConnection - HttpConnection@167da302::DecryptedEndPoint@35af43d7{l=/127.0.0.1:45315,r=/127.0.0.1:36528,OPEN,fill=-,flush=-,to=30/30000} parsed false HttpParser{s=START,0 of -1}
01:46:22.085 [qtp1221981006-46] DEBUG org.eclipse.jetty.server.HttpConnection - releaseRequestBuffer HttpConnection@167da302::DecryptedEndPoint@35af43d7{l=/127.0.0.1:45315,r=/127.0.0.1:36528,OPEN,fill=-,flush=-,to=30/30000}
01:46:22.085 [qtp1221981006-46] DEBUG org.eclipse.jetty.io.AbstractConnection - fillInterested HttpConnection@167da302::DecryptedEndPoint@35af43d7{l=/127.0.0.1:45315,r=/127.0.0.1:36528,OPEN,fill=-,flush=-,to=30/30000}
01:46:22.085 [qtp1221981006-46] DEBUG org.eclipse.jetty.io.FillInterest - interested FillInterest@5c5784d0{AC.ReadCB@167da302{HttpConnection@167da302::DecryptedEndPoint@35af43d7{l=/127.0.0.1:45315,r=/127.0.0.1:36528,OPEN,fill=FI,flush=-,to=0/30000}}}
01:46:22.085 [qtp1221981006-46] DEBUG org.eclipse.jetty.io.ssl.SslConnection - >needFillInterest s=IDLE/IDLE uf=true ei=null di=null SslConnection@728a55ef::SocketChannelEndPoint@4adbc0e5{l=/127.0.0.1:45315,r=/127.0.0.1:36528,OPEN,fill=-,flush=-,to=2/30000}{io=0/0,kio=0,kro=1}->SslConnection@728a55ef{NOT_HANDSHAKING,eio=-1/-1,di=-1,fill=IDLE,flush=IDLE}~>DecryptedEndPoint@35af43d7{l=/127.0.0.1:45315,r=/127.0.0.1:36528,OPEN,fill=FI,flush=-,to=0/30000}=>HttpConnection@167da302[p=HttpParser{s=START,0 of -1},g=HttpGenerator@4ca9dbe0{s=START}]=>HttpChannelOverHttp@76084e40{s=HttpChannelState@325adce4{s=IDLE rs=BLOCKING os=OPEN is=IDLE awp=false se=false i=true al=0},r=2,c=false/false,a=IDLE,uri=null,age=0}
01:46:22.085 [qtp1221981006-46] DEBUG org.eclipse.jetty.io.ssl.SslConnection - <needFillInterest s=IDLE/INTERESTED f=false i=true w=null
01:46:22.085 [qtp1221981006-46] DEBUG org.eclipse.jetty.io.ssl.SslConnection - ensureFillInterested SslConnection@728a55ef::SocketChannelEndPoint@4adbc0e5{l=/127.0.0.1:45315,r=/127.0.0.1:36528,OPEN,fill=-,flush=-,to=2/30000}{io=0/0,kio=0,kro=1}->SslConnection@728a55ef{NOT_HANDSHAKING,eio=-1/-1,di=-1,fill=INTERESTED,flush=IDLE}~>DecryptedEndPoint@35af43d7{l=/127.0.0.1:45315,r=/127.0.0.1:36528,OPEN,fill=FI,flush=-,to=0/30000}=>HttpConnection@167da302[p=HttpParser{s=START,0 of -1},g=HttpGenerator@4ca9dbe0{s=START}]=>HttpChannelOverHttp@76084e40{s=HttpChannelState@325adce4{s=IDLE rs=BLOCKING os=OPEN is=IDLE awp=false se=false i=true al=0},r=2,c=false/false,a=IDLE,uri=null,age=0}
01:46:22.085 [qtp1221981006-46] DEBUG org.eclipse.jetty.io.FillInterest - interested FillInterest@530c5b2d{SSLC.NBReadCB@728a55ef{SslConnection@728a55ef::SocketChannelEndPoint@4adbc0e5{l=/127.0.0.1:45315,r=/127.0.0.1:36528,OPEN,fill=FI,flush=-,to=0/30000}{io=0/0,kio=0,kro=1}->SslConnection@728a55ef{NOT_HANDSHAKING,eio=-1/-1,di=-1,fill=INTERESTED,flush=IDLE}~>DecryptedEndPoint@35af43d7{l=/127.0.0.1:45315,r=/127.0.0.1:36528,OPEN,fill=FI,flush=-,to=0/30000}=>HttpConnection@167da302[p=HttpParser{s=START,0 of -1},g=HttpGenerator@4ca9dbe0{s=START}]=>HttpChannelOverHttp@76084e40{s=HttpChannelState@325adce4{s=IDLE rs=BLOCKING os=OPEN is=IDLE awp=false se=false i=true al=0},r=2,c=false/false,a=IDLE,uri=null,age=0}}}
01:46:22.085 [qtp1221981006-46] DEBUG org.eclipse.jetty.io.ChannelEndPoint - changeInterests p=false 0->1 for SocketChannelEndPoint@4adbc0e5{l=/127.0.0.1:45315,r=/127.0.0.1:36528,OPEN,fill=FI,flush=-,to=0/30000}{io=0/1,kio=0,kro=1}->SslConnection@728a55ef{NOT_HANDSHAKING,eio=-1/-1,di=-1,fill=INTERESTED,flush=IDLE}~>DecryptedEndPoint@35af43d7{l=/127.0.0.1:45315,r=/127.0.0.1:36528,OPEN,fill=FI,flush=-,to=0/30000}=>HttpConnection@167da302[p=HttpParser{s=START,0 of -1},g=HttpGenerator@4ca9dbe0{s=START}]=>HttpChannelOverHttp@76084e40{s=HttpChannelState@325adce4{s=IDLE rs=BLOCKING os=OPEN is=IDLE awp=false se=false i=true al=0},r=2,c=false/false,a=IDLE,uri=null,age=0}
01:46:22.086 [qtp1221981006-46] DEBUG org.eclipse.jetty.io.ManagedSelector - Queued change lazy=false org.eclipse.jetty.io.ChannelEndPoint$$Lambda$255/981852870@331d2498 on ManagedSelector@77a7cf58{STARTED} id=1 keys=1 selected=0 updates=0
01:46:22.086 [qtp1221981006-46] DEBUG org.eclipse.jetty.io.ManagedSelector - Wakeup on submit ManagedSelector@77a7cf58{STARTED} id=1 keys=1 selected=0 updates=1
01:46:22.086 [qtp1221981006-46] DEBUG org.eclipse.jetty.server.HttpConnection - HttpConnection@167da302::DecryptedEndPoint@35af43d7{l=/127.0.0.1:45315,r=/127.0.0.1:36528,OPEN,fill=FI,flush=-,to=0/30000} onFillable exit HttpChannelState@325adce4{s=IDLE rs=BLOCKING os=OPEN is=IDLE awp=false se=false i=true al=0} null
01:46:22.086 [qtp1221981006-51] DEBUG org.eclipse.jetty.io.ManagedSelector - Selector sun.nio.ch.EPollSelectorImpl@c14b656 woken with none selected
01:46:22.086 [qtp1221981006-51] DEBUG org.eclipse.jetty.io.ManagedSelector - Selector sun.nio.ch.EPollSelectorImpl@c14b656 woken up from select, 0/0/1 selected
01:46:22.086 [qtp1221981006-51] DEBUG org.eclipse.jetty.io.ManagedSelector - Selector sun.nio.ch.EPollSelectorImpl@c14b656 processing 0 keys, 1 updates
01:46:22.086 [qtp1221981006-51] DEBUG org.eclipse.jetty.io.ManagedSelector - updateable 1
01:46:22.086 [qtp1221981006-51] DEBUG org.eclipse.jetty.io.ManagedSelector - update org.eclipse.jetty.io.ChannelEndPoint$$Lambda$255/981852870@331d2498
01:46:22.086 [qtp1221981006-46] DEBUG org.eclipse.jetty.io.ssl.SslConnection - <c.onFillable SslConnection@728a55ef::SocketChannelEndPoint@4adbc0e5{l=/127.0.0.1:45315,r=/127.0.0.1:36528,OPEN,fill=FI,flush=-,to=0/30000}{io=0/1,kio=0,kro=1}->SslConnection@728a55ef{NOT_HANDSHAKING,eio=-1/-1,di=-1,fill=INTERESTED,flush=IDLE}~>DecryptedEndPoint@35af43d7{l=/127.0.0.1:45315,r=/127.0.0.1:36528,OPEN,fill=FI,flush=-,to=0/30000}=>HttpConnection@167da302[p=HttpParser{s=START,0 of -1},g=HttpGenerator@4ca9dbe0{s=START}]=>HttpChannelOverHttp@76084e40{s=HttpChannelState@325adce4{s=IDLE rs=BLOCKING os=OPEN is=IDLE awp=false se=false i=true al=0},r=2,c=false/false,a=IDLE,uri=null,age=0}
01:46:22.086 [qtp1221981006-46] DEBUG org.eclipse.jetty.util.thread.QueuedThreadPool - ran org.eclipse.jetty.io.ManagedSelector$$Lambda$253/838473569@1dd6d4b7 in QueuedThreadPool[qtp1221981006]@48d5f34e{STARTED,8<=8<=200,i=1,r=-1,q=0}[ReservedThreadExecutor@6f152006{reserved=1/8,pending=0}]
01:46:22.086 [qtp1221981006-51] DEBUG org.eclipse.jetty.io.ChannelEndPoint - Key interests updated 0 -> 1 on SocketChannelEndPoint@4adbc0e5{l=/127.0.0.1:45315,r=/127.0.0.1:36528,OPEN,fill=FI,flush=-,to=0/30000}{io=1/1,kio=1,kro=1}->SslConnection@728a55ef{NOT_HANDSHAKING,eio=-1/-1,di=-1,fill=INTERESTED,flush=IDLE}~>DecryptedEndPoint@35af43d7{l=/127.0.0.1:45315,r=/127.0.0.1:36528,OPEN,fill=FI,flush=-,to=0/30000}=>HttpConnection@167da302[p=HttpParser{s=START,0 of -1},g=HttpGenerator@4ca9dbe0{s=START}]=>HttpChannelOverHttp@76084e40{s=HttpChannelState@325adce4{s=IDLE rs=BLOCKING os=OPEN is=IDLE awp=false se=false i=true al=0},r=2,c=false/false,a=IDLE,uri=null,age=0}
01:46:22.086 [qtp1221981006-51] DEBUG org.eclipse.jetty.io.ManagedSelector - updates 0
01:46:22.086 [qtp1221981006-51] DEBUG org.eclipse.jetty.io.ManagedSelector - Selector sun.nio.ch.EPollSelectorImpl@c14b656 waiting with 1 keys
01:46:22.086 [qtp1221981006-51] DEBUG org.eclipse.jetty.io.ManagedSelector - Selector sun.nio.ch.EPollSelectorImpl@c14b656 woken up from select, 1/1/1 selected
01:46:22.086 [qtp1221981006-51] DEBUG org.eclipse.jetty.io.ManagedSelector - Selector sun.nio.ch.EPollSelectorImpl@c14b656 processing 1 keys, 0 updates
01:46:22.086 [qtp1221981006-51] DEBUG org.eclipse.jetty.io.ManagedSelector - selected 1 sun.nio.ch.SelectionKeyImpl@2d359a4 SocketChannelEndPoint@4adbc0e5{l=/127.0.0.1:45315,r=/127.0.0.1:36528,OPEN,fill=FI,flush=-,to=0/30000}{io=1/1,kio=1,kro=1}->SslConnection@728a55ef{NOT_HANDSHAKING,eio=-1/-1,di=-1,fill=INTERESTED,flush=IDLE}~>DecryptedEndPoint@35af43d7{l=/127.0.0.1:45315,r=/127.0.0.1:36528,OPEN,fill=FI,flush=-,to=1/30000}=>HttpConnection@167da302[p=HttpParser{s=START,0 of -1},g=HttpGenerator@4ca9dbe0{s=START}]=>HttpChannelOverHttp@76084e40{s=HttpChannelState@325adce4{s=IDLE rs=BLOCKING os=OPEN is=IDLE awp=false se=false i=true al=0},r=2,c=false/false,a=IDLE,uri=null,age=0} 
01:46:22.086 [qtp1221981006-51] DEBUG org.eclipse.jetty.io.ChannelEndPoint - onSelected 1->0 r=true w=false for SocketChannelEndPoint@4adbc0e5{l=/127.0.0.1:45315,r=/127.0.0.1:36528,OPEN,fill=FI,flush=-,to=0/30000}{io=1/0,kio=1,kro=1}->SslConnection@728a55ef{NOT_HANDSHAKING,eio=-1/-1,di=-1,fill=INTERESTED,flush=IDLE}~>DecryptedEndPoint@35af43d7{l=/127.0.0.1:45315,r=/127.0.0.1:36528,OPEN,fill=FI,flush=-,to=1/30000}=>HttpConnection@167da302[p=HttpParser{s=START,0 of -1},g=HttpGenerator@4ca9dbe0{s=START}]=>HttpChannelOverHttp@76084e40{s=HttpChannelState@325adce4{s=IDLE rs=BLOCKING os=OPEN is=IDLE awp=false se=false i=true al=0},r=2,c=false/false,a=IDLE,uri=null,age=0}
01:46:22.086 [qtp1221981006-51] DEBUG org.eclipse.jetty.io.ChannelEndPoint - task CEP:SocketChannelEndPoint@4adbc0e5{l=/127.0.0.1:45315,r=/127.0.0.1:36528,OPEN,fill=FI,flush=-,to=0/30000}{io=1/0,kio=1,kro=1}->SslConnection@728a55ef{NOT_HANDSHAKING,eio=-1/-1,di=-1,fill=INTERESTED,flush=IDLE}~>DecryptedEndPoint@35af43d7{l=/127.0.0.1:45315,r=/127.0.0.1:36528,OPEN,fill=FI,flush=-,to=1/30000}=>HttpConnection@167da302[p=HttpParser{s=START,0 of -1},g=HttpGenerator@4ca9dbe0{s=START}]=>HttpChannelOverHttp@76084e40{s=HttpChannelState@325adce4{s=IDLE rs=BLOCKING os=OPEN is=IDLE awp=false se=false i=true al=0},r=2,c=false/false,a=IDLE,uri=null,age=0}:runFillable:BLOCKING
01:46:22.086 [qtp1221981006-51] DEBUG org.eclipse.jetty.util.thread.ReservedThreadExecutor - ReservedThreadExecutor@6f152006{reserved=1/8,pending=0} tryExecute EatWhatYouKill@4d722ac9/SelectorProducer@53f0a4cb/PRODUCING/p=false/QueuedThreadPool[qtp1221981006]@48d5f34e{STARTED,8<=8<=200,i=2,r=-1,q=0}[ReservedThreadExecutor@6f152006{reserved=1/8,pending=0}][pc=0,pic=0,pec=1,epc=1]@2024-05-02T01:46:22.086+01:00
01:46:22.087 [qtp1221981006-51] DEBUG org.eclipse.jetty.util.thread.ReservedThreadExecutor - ReservedThreadExecutor@6f152006{reserved=0/8,pending=1} startReservedThread p=1
01:46:22.087 [qtp1221981006-51] DEBUG org.eclipse.jetty.util.thread.QueuedThreadPool - queue ReservedThread@55c8ec9d{PENDING,thread=null} startThread=0
01:46:22.087 [qtp1221981006-52] DEBUG org.eclipse.jetty.util.thread.QueuedThreadPool - run ReservedThread@55c8ec9d{PENDING,thread=null} in QueuedThreadPool[qtp1221981006]@48d5f34e{STARTED,8<=8<=200,i=1,r=-1,q=0}[ReservedThreadExecutor@6f152006{reserved=0/8,pending=1}]
01:46:22.087 [qtp1221981006-52] DEBUG org.eclipse.jetty.util.thread.ReservedThreadExecutor - ReservedThread@55c8ec9d{PENDING,thread=Thread[qtp1221981006-52,5,main]} was=PENDING next=RESERVED size=0+1 capacity=8
01:46:22.087 [qtp1221981006-50] DEBUG org.eclipse.jetty.util.thread.ReservedThreadExecutor - ReservedThread@43ee539f{RESERVED,thread=Thread[qtp1221981006-50,5,main]} task=EatWhatYouKill@4d722ac9/SelectorProducer@53f0a4cb/IDLE/p=true/QueuedThreadPool[qtp1221981006]@48d5f34e{STARTED,8<=8<=200,i=1,r=-1,q=0}[ReservedThreadExecutor@6f152006{reserved=0/8,pending=1}][pc=0,pic=0,pec=1,epc=1]@2024-05-02T01:46:22.087+01:00 ReservedThreadExecutor@6f152006{reserved=1/8,pending=0}
01:46:22.087 [qtp1221981006-52] DEBUG org.eclipse.jetty.util.thread.ReservedThreadExecutor - ReservedThread@55c8ec9d{RESERVED,thread=Thread[qtp1221981006-52,5,main]} waiting ReservedThreadExecutor@6f152006{reserved=1/8,pending=0}
01:46:22.087 [qtp1221981006-50] DEBUG org.eclipse.jetty.util.thread.strategy.EatWhatYouKill - EatWhatYouKill@4d722ac9/SelectorProducer@53f0a4cb/IDLE/p=true/QueuedThreadPool[qtp1221981006]@48d5f34e{STARTED,8<=8<=200,i=1,r=-1,q=0}[ReservedThreadExecutor@6f152006{reserved=1/8,pending=0}][pc=0,pic=0,pec=1,epc=1]@2024-05-02T01:46:22.087+01:00 tryProduce true
01:46:22.087 [qtp1221981006-51] DEBUG org.eclipse.jetty.util.thread.strategy.EatWhatYouKill - EatWhatYouKill@4d722ac9/SelectorProducer@53f0a4cb/IDLE/p=true/QueuedThreadPool[qtp1221981006]@48d5f34e{STARTED,8<=8<=200,i=1,r=-1,q=0}[ReservedThreadExecutor@6f152006{reserved=1/8,pending=0}][pc=0,pic=0,pec=1,epc=1]@2024-05-02T01:46:22.087+01:00 m=EXECUTE_PRODUCE_CONSUME t=CEP:SocketChannelEndPoint@4adbc0e5{l=/127.0.0.1:45315,r=/127.0.0.1:36528,OPEN,fill=FI,flush=-,to=1/30000}{io=1/0,kio=1,kro=1}->SslConnection@728a55ef{NOT_HANDSHAKING,eio=-1/-1,di=-1,fill=INTERESTED,flush=IDLE}~>DecryptedEndPoint@35af43d7{l=/127.0.0.1:45315,r=/127.0.0.1:36528,OPEN,fill=FI,flush=-,to=1/30000}=>HttpConnection@167da302[p=HttpParser{s=START,0 of -1},g=HttpGenerator@4ca9dbe0{s=START}]=>HttpChannelOverHttp@76084e40{s=HttpChannelState@325adce4{s=IDLE rs=BLOCKING os=OPEN is=IDLE awp=false se=false i=true al=0},r=2,c=false/false,a=IDLE,uri=null,age=0}:runFillable:BLOCKING/BLOCKING
01:46:22.087 [qtp1221981006-50] DEBUG org.eclipse.jetty.io.ManagedSelector - updateable 0
01:46:22.087 [qtp1221981006-50] DEBUG org.eclipse.jetty.io.ManagedSelector - updates 0
01:46:22.087 [qtp1221981006-51] DEBUG org.eclipse.jetty.io.FillInterest - fillable FillInterest@530c5b2d{SSLC.NBReadCB@728a55ef{SslConnection@728a55ef::SocketChannelEndPoint@4adbc0e5{l=/127.0.0.1:45315,r=/127.0.0.1:36528,OPEN,fill=FI,flush=-,to=1/30000}{io=1/0,kio=1,kro=1}->SslConnection@728a55ef{NOT_HANDSHAKING,eio=-1/-1,di=-1,fill=INTERESTED,flush=IDLE}~>DecryptedEndPoint@35af43d7{l=/127.0.0.1:45315,r=/127.0.0.1:36528,OPEN,fill=FI,flush=-,to=1/30000}=>HttpConnection@167da302[p=HttpParser{s=START,0 of -1},g=HttpGenerator@4ca9dbe0{s=START}]=>HttpChannelOverHttp@76084e40{s=HttpChannelState@325adce4{s=IDLE rs=BLOCKING os=OPEN is=IDLE awp=false se=false i=true al=0},r=2,c=false/false,a=IDLE,uri=null,age=0}}}
01:46:22.087 [qtp1221981006-50] DEBUG org.eclipse.jetty.io.ChannelEndPoint - Key interests updated 1 -> 0 on SocketChannelEndPoint@4adbc0e5{l=/127.0.0.1:45315,r=/127.0.0.1:36528,OPEN,fill=FI,flush=-,to=1/30000}{io=0/0,kio=0,kro=1}->SslConnection@728a55ef{NOT_HANDSHAKING,eio=-1/-1,di=-1,fill=INTERESTED,flush=IDLE}~>DecryptedEndPoint@35af43d7{l=/127.0.0.1:45315,r=/127.0.0.1:36528,OPEN,fill=FI,flush=-,to=2/30000}=>HttpConnection@167da302[p=HttpParser{s=START,0 of -1},g=HttpGenerator@4ca9dbe0{s=START}]=>HttpChannelOverHttp@76084e40{s=HttpChannelState@325adce4{s=IDLE rs=BLOCKING os=OPEN is=IDLE awp=false se=false i=true al=0},r=2,c=false/false,a=IDLE,uri=null,age=0}
01:46:22.087 [qtp1221981006-51] DEBUG org.eclipse.jetty.io.ssl.SslConnection - >c.onFillable SslConnection@728a55ef::SocketChannelEndPoint@4adbc0e5{l=/127.0.0.1:45315,r=/127.0.0.1:36528,OPEN,fill=-,flush=-,to=1/30000}{io=0/0,kio=0,kro=1}->SslConnection@728a55ef{NOT_HANDSHAKING,eio=-1/-1,di=-1,fill=INTERESTED,flush=IDLE}~>DecryptedEndPoint@35af43d7{l=/127.0.0.1:45315,r=/127.0.0.1:36528,OPEN,fill=FI,flush=-,to=2/30000}=>HttpConnection@167da302[p=HttpParser{s=START,0 of -1},g=HttpGenerator@4ca9dbe0{s=START}]=>HttpChannelOverHttp@76084e40{s=HttpChannelState@325adce4{s=IDLE rs=BLOCKING os=OPEN is=IDLE awp=false se=false i=true al=0},r=2,c=false/false,a=IDLE,uri=null,age=0}
01:46:22.087 [qtp1221981006-50] DEBUG org.eclipse.jetty.io.ManagedSelector - Selector sun.nio.ch.EPollSelectorImpl@c14b656 waiting with 1 keys
01:46:22.087 [qtp1221981006-51] DEBUG org.eclipse.jetty.io.ssl.SslConnection - onFillable SslConnection@728a55ef::SocketChannelEndPoint@4adbc0e5{l=/127.0.0.1:45315,r=/127.0.0.1:36528,OPEN,fill=-,flush=-,to=1/30000}{io=0/0,kio=0,kro=1}->SslConnection@728a55ef{NOT_HANDSHAKING,eio=-1/-1,di=-1,fill=INTERESTED,flush=IDLE}~>DecryptedEndPoint@35af43d7{l=/127.0.0.1:45315,r=/127.0.0.1:36528,OPEN,fill=FI,flush=-,to=2/30000}=>HttpConnection@167da302[p=HttpParser{s=START,0 of -1},g=HttpGenerator@4ca9dbe0{s=START}]=>HttpChannelOverHttp@76084e40{s=HttpChannelState@325adce4{s=IDLE rs=BLOCKING os=OPEN is=IDLE awp=false se=false i=true al=0},r=2,c=false/false,a=IDLE,uri=null,age=0}
01:46:22.087 [qtp1221981006-51] DEBUG org.eclipse.jetty.io.FillInterest - fillable FillInterest@5c5784d0{AC.ReadCB@167da302{HttpConnection@167da302::DecryptedEndPoint@35af43d7{l=/127.0.0.1:45315,r=/127.0.0.1:36528,OPEN,fill=FI,flush=-,to=2/30000}}}
01:46:22.087 [qtp1221981006-51] DEBUG org.eclipse.jetty.server.HttpConnection - HttpConnection@167da302::DecryptedEndPoint@35af43d7{l=/127.0.0.1:45315,r=/127.0.0.1:36528,OPEN,fill=-,flush=-,to=2/30000} onFillable enter HttpChannelState@325adce4{s=IDLE rs=BLOCKING os=OPEN is=IDLE awp=false se=false i=true al=0} null
01:46:22.087 [qtp1221981006-51] DEBUG org.eclipse.jetty.io.ssl.SslConnection - >fill SslConnection@728a55ef::SocketChannelEndPoint@4adbc0e5{l=/127.0.0.1:45315,r=/127.0.0.1:36528,OPEN,fill=-,flush=-,to=2/30000}{io=0/0,kio=0,kro=1}->SslConnection@728a55ef{NOT_HANDSHAKING,eio=-1/-1,di=-1,fill=IDLE,flush=IDLE}~>DecryptedEndPoint@35af43d7{l=/127.0.0.1:45315,r=/127.0.0.1:36528,OPEN,fill=-,flush=-,to=2/30000}=>HttpConnection@167da302[p=HttpParser{s=START,0 of -1},g=HttpGenerator@4ca9dbe0{s=START}]=>HttpChannelOverHttp@76084e40{s=HttpChannelState@325adce4{s=IDLE rs=BLOCKING os=OPEN is=IDLE awp=false se=false i=true al=0},r=2,c=false/false,a=IDLE,uri=null,age=0}
01:46:22.088 [qtp1221981006-51] DEBUG org.eclipse.jetty.io.ssl.SslConnection - fill NOT_HANDSHAKING
01:46:22.088 [qtp1221981006-51] DEBUG org.eclipse.jetty.io.ChannelEndPoint - filled 258 HeapByteBuffer@7565f8af[p=0,l=258,c=17408,r=258]={<<<\x17\x03\x03\x00\xFdj\xE5D\x919\xC5\x89\x8c\x1c`\xE9\xE8\x87Le+\xA6~`\xEb...\x15\xD1\xAct\xDe\x82\xA8hO\x0b\xEc\xDe\x05\x82\xE4\x82\xBbd\x94':\xF4\x9b>>>l\x00\xBa(\x07\x85g\xE6B...\x00\x00\x00\x00\x00\x00\x00}
01:46:22.088 [qtp1221981006-51] DEBUG org.eclipse.jetty.io.ssl.SslConnection - net filled=258
01:46:22.088 [qtp1221981006-51] DEBUG org.eclipse.jetty.io.ssl.SslConnection - unwrap net_filled=258 Status = OK HandshakeStatus = NOT_HANDSHAKING bytesConsumed = 258 bytesProduced = 220 encryptedBuffer=[p=258,l=258,c=17408,r=0] unwrapBuffer=HeapByteBuffer@715a725c[p=0,l=220,c=17408,r=220]={<<<POST / HTTP/1.1\r\ncharset:...\nThis is a test string.>>>\x02\x02\x00\x10\x00\x0e\x00\x0c\x02...\x00\x00\x00\x00\x00\x00\x00} appBuffer=HeapByteBuffer@715a725c[p=0,l=220,c=17408,r=220]={<<<POST / HTTP/1.1\r\ncharset:...\nThis is a test string.>>>\x02\x02\x00\x10\x00\x0e\x00\x0c\x02...\x00\x00\x00\x00\x00\x00\x00}
01:46:22.088 [qtp1221981006-51] DEBUG org.eclipse.jetty.io.ssl.SslConnection - <fill f=220 uf=false SslConnection@728a55ef::SocketChannelEndPoint@4adbc0e5{l=/127.0.0.1:45315,r=/127.0.0.1:36528,OPEN,fill=-,flush=-,to=0/30000}{io=0/0,kio=0,kro=1}->SslConnection@728a55ef{NOT_HANDSHAKING,eio=-1/-1,di=-1,fill=IDLE,flush=IDLE}~>DecryptedEndPoint@35af43d7{l=/127.0.0.1:45315,r=/127.0.0.1:36528,OPEN,fill=-,flush=-,to=2/30000}=>HttpConnection@167da302[p=HttpParser{s=START,0 of -1},g=HttpGenerator@4ca9dbe0{s=START}]=>HttpChannelOverHttp@76084e40{s=HttpChannelState@325adce4{s=IDLE rs=BLOCKING os=OPEN is=IDLE awp=false se=false i=true al=0},r=2,c=false/false,a=IDLE,uri=null,age=0}
01:46:22.088 [qtp1221981006-51] DEBUG org.eclipse.jetty.server.HttpConnection - HttpConnection@167da302::DecryptedEndPoint@35af43d7{l=/127.0.0.1:45315,r=/127.0.0.1:36528,OPEN,fill=-,flush=-,to=3/30000} filled 220 HeapByteBuffer@715a725c[p=0,l=220,c=17408,r=220]={<<<POST / HTTP/1.1\r\ncharset:...\nThis is a test string.>>>\x02\x02\x00\x10\x00\x0e\x00\x0c\x02...\x00\x00\x00\x00\x00\x00\x00}
01:46:22.088 [qtp1221981006-51] DEBUG org.eclipse.jetty.server.HttpConnection - HttpConnection@167da302::DecryptedEndPoint@35af43d7{l=/127.0.0.1:45315,r=/127.0.0.1:36528,OPEN,fill=-,flush=-,to=3/30000} parse HeapByteBuffer@715a725c[p=0,l=220,c=17408,r=220]={<<<POST / HTTP/1.1\r\ncharset:...\nThis is a test string.>>>\x02\x02\x00\x10\x00\x0e\x00\x0c\x02...\x00\x00\x00\x00\x00\x00\x00} {}
01:46:22.088 [qtp1221981006-51] DEBUG org.eclipse.jetty.http.HttpParser - parseNext s=START HeapByteBuffer@715a725c[p=0,l=220,c=17408,r=220]={<<<POST / HTTP/1.1\r\ncharset:...\nThis is a test string.>>>\x02\x02\x00\x10\x00\x0e\x00\x0c\x02...\x00\x00\x00\x00\x00\x00\x00}
01:46:22.088 [qtp1221981006-51] DEBUG org.eclipse.jetty.http.HttpParser - START --> SPACE1
01:46:22.088 [qtp1221981006-51] DEBUG org.eclipse.jetty.http.HttpParser - SPACE1 --> URI
01:46:22.088 [qtp1221981006-51] DEBUG org.eclipse.jetty.http.HttpParser - URI --> SPACE2
01:46:22.088 [qtp1221981006-51] DEBUG org.eclipse.jetty.http.HttpParser - SPACE2 --> REQUEST_VERSION
01:46:22.088 [qtp1221981006-51] DEBUG org.eclipse.jetty.http.HttpParser - REQUEST_VERSION --> HEADER
01:46:22.088 [qtp1221981006-51] DEBUG org.eclipse.jetty.http.HttpParser - HEADER: --> IN_NAME
01:46:22.088 [qtp1221981006-51] DEBUG org.eclipse.jetty.http.HttpParser - HEADER:charset --> VALUE
01:46:22.088 [qtp1221981006-51] DEBUG org.eclipse.jetty.http.HttpParser - HEADER:charset --> IN_VALUE
01:46:22.088 [qtp1221981006-51] DEBUG org.eclipse.jetty.http.HttpParser - HEADER:charset --> FIELD
01:46:22.088 [qtp1221981006-51] DEBUG org.eclipse.jetty.http.HttpParser - HEADER:Content-Type --> VALUE
01:46:22.088 [qtp1221981006-51] DEBUG org.eclipse.jetty.http.HttpParser - HEADER:Content-Type --> IN_VALUE
01:46:22.088 [qtp1221981006-51] DEBUG org.eclipse.jetty.http.HttpParser - HEADER:Content-Type --> FIELD
01:46:22.088 [qtp1221981006-51] DEBUG org.eclipse.jetty.http.HttpParser - HEADER:Content-Length --> VALUE
01:46:22.088 [qtp1221981006-51] DEBUG org.eclipse.jetty.http.HttpParser - HEADER:Content-Length --> IN_VALUE
01:46:22.088 [qtp1221981006-51] DEBUG org.eclipse.jetty.http.HttpParser - HEADER:Content-Length --> FIELD
01:46:22.088 [qtp1221981006-51] DEBUG org.eclipse.jetty.http.HttpParser - HEADER:Host: localhost:45315 --> IN_VALUE
01:46:22.088 [qtp1221981006-51] DEBUG org.eclipse.jetty.http.HttpParser - HEADER:Host: localhost:45315 --> FIELD
01:46:22.088 [qtp1221981006-51] DEBUG org.eclipse.jetty.http.HttpParser - HEADER:Connection: keep-alive --> IN_VALUE
01:46:22.089 [qtp1221981006-51] DEBUG org.eclipse.jetty.http.HttpParser - HEADER:Connection: keep-alive --> FIELD
01:46:22.089 [qtp1221981006-51] DEBUG org.eclipse.jetty.http.HttpParser - HEADER:Accept-Encoding: gzip --> IN_VALUE
01:46:22.089 [qtp1221981006-51] DEBUG org.eclipse.jetty.http.HttpParser - HEADER:Accept-Encoding: gzip --> FIELD
01:46:22.089 [qtp1221981006-51] DEBUG org.eclipse.jetty.http.HttpParser - HEADER:User-Agent: okhttp/3.12.3 --> IN_VALUE
01:46:22.089 [qtp1221981006-51] DEBUG org.eclipse.jetty.http.HttpParser - HEADER:User-Agent: okhttp/3.12.3 --> FIELD
01:46:22.089 [qtp1221981006-51] DEBUG org.eclipse.jetty.http.HttpParser - HEADER --> CONTENT
01:46:22.089 [qtp1221981006-51] DEBUG org.eclipse.jetty.server.HttpChannel - REQUEST for //localhost:45315/ on HttpChannelOverHttp@76084e40{s=HttpChannelState@325adce4{s=IDLE rs=BLOCKING os=OPEN is=IDLE awp=false se=false i=true al=0},r=3,c=false/false,a=IDLE,uri=//localhost:45315/,age=0}
POST //localhost:45315/ HTTP/1.1
charset: UTF-8
Content-Type: text/x-markdown; charset=utf-8
Content-Length: 22
Host: localhost:45315
Connection: keep-alive
Accept-Encoding: gzip
User-Agent: okhttp/3.12.3


01:46:22.089 [qtp1221981006-51] DEBUG org.eclipse.jetty.server.HttpConnection - HttpConnection@167da302::DecryptedEndPoint@35af43d7{l=/127.0.0.1:45315,r=/127.0.0.1:36528,OPEN,fill=-,flush=-,to=3/30000} parsed true HttpParser{s=CONTENT,0 of 22}
01:46:22.089 [qtp1221981006-51] DEBUG org.eclipse.jetty.server.HttpChannel - handle //localhost:45315/ HttpChannelOverHttp@76084e40{s=HttpChannelState@325adce4{s=IDLE rs=BLOCKING os=OPEN is=IDLE awp=false se=false i=true al=0},r=3,c=false/false,a=IDLE,uri=//localhost:45315/,age=0} 
01:46:22.089 [qtp1221981006-51] DEBUG org.eclipse.jetty.server.HttpChannelState - handling HttpChannelState@325adce4{s=IDLE rs=BLOCKING os=OPEN is=IDLE awp=false se=false i=true al=0}
01:46:22.089 [qtp1221981006-51] DEBUG org.eclipse.jetty.server.HttpChannel - action DISPATCH HttpChannelOverHttp@76084e40{s=HttpChannelState@325adce4{s=HANDLING rs=BLOCKING os=OPEN is=IDLE awp=false se=false i=true al=0},r=3,c=false/false,a=HANDLING,uri=//localhost:45315/,age=0}
01:46:22.089 [qtp1221981006-51] DEBUG org.eclipse.jetty.server.SecureRequestCustomizer - Host localhost with SNI null
01:46:22.089 [qtp1221981006-51] DEBUG org.eclipse.jetty.server.Server - REQUEST POST / on HttpChannelOverHttp@76084e40{s=HttpChannelState@325adce4{s=HANDLING rs=BLOCKING os=OPEN is=IDLE awp=false se=false i=true al=0},r=3,c=false/false,a=HANDLING,uri=https://localhost:45315/,age=0}
01:46:22.089 [qtp1221981006-51] INFO org.apache.nifi.minifi.bootstrap.configuration.ingestors.RestChangeIngestor - >>>>>>>>>>>>>>>>>>>>>>>>>>>>>>>>>>>>>>>>>>>>
01:46:22.089 [qtp1221981006-51] INFO org.apache.nifi.minifi.bootstrap.configuration.ingestors.RestChangeIngestor - request method = POST
01:46:22.089 [qtp1221981006-51] INFO org.apache.nifi.minifi.bootstrap.configuration.ingestors.RestChangeIngestor - request url = https://localhost:45315/
01:46:22.089 [qtp1221981006-51] INFO org.apache.nifi.minifi.bootstrap.configuration.ingestors.RestChangeIngestor - context path = null
01:46:22.089 [qtp1221981006-51] INFO org.apache.nifi.minifi.bootstrap.configuration.ingestors.RestChangeIngestor - request content type = text/x-markdown; charset=utf-8
01:46:22.089 [qtp1221981006-51] INFO org.apache.nifi.minifi.bootstrap.configuration.ingestors.RestChangeIngestor - <<<<<<<<<<<<<<<<<<<<<<<<<<<<<<<<<<<<<<<<<<<<
01:46:22.090 [qtp1221981006-51] DEBUG org.eclipse.jetty.server.HttpOutput - write(array HeapByteBuffer@5b0f1854[p=0,l=61,c=512,r=61]={<<<Request received but inst...dy running this config.>>>fully han...\x00\x00\x00\x00\x00\x00\x00})
01:46:22.090 [qtp1221981006-51] DEBUG org.eclipse.jetty.server.HttpOutput - write(array) s=CLOSING,api=BLOCKED,sc=false,e=null last=true agg=false flush=true async=false, len=61 null
01:46:22.090 [qtp1221981006-51] DEBUG org.eclipse.jetty.server.HttpChannel - sendResponse info=null content=HeapByteBuffer@5f3087ed[p=0,l=61,c=512,r=61]={<<<Request received but inst...dy running this config.>>>fully han...\x00\x00\x00\x00\x00\x00\x00} complete=true committing=true callback=Blocker@63dbf048{null}
01:46:22.090 [qtp1221981006-51] DEBUG org.eclipse.jetty.server.HttpChannel - COMMIT for / on HttpChannelOverHttp@76084e40{s=HttpChannelState@325adce4{s=HANDLING rs=BLOCKING os=COMMITTED is=IDLE awp=false se=false i=true al=0},r=3,c=false/false,a=HANDLING,uri=https://localhost:45315/,age=1}
409 null HTTP/1.1
Date: Thu, 02 May 2024 00:46:22 GMT
Content-Type: text/plain;charset=iso-8859-1
Content-Length: 61


01:46:22.090 [qtp1221981006-51] DEBUG org.eclipse.jetty.server.HttpConnection - generate: NEED_HEADER for SendCallback@41a447a1[PROCESSING][i=HTTP/1.1{s=409,h=3,cl=61},cb=org.eclipse.jetty.server.HttpChannel$SendCallback@1a32126f] (null,[p=0,l=61,c=512,r=61],true)@START
01:46:22.091 [qtp1221981006-51] DEBUG org.eclipse.jetty.http.HttpGenerator - generateHeaders HTTP/1.1{s=409,h=3,cl=61} last=true content=HeapByteBuffer@5f3087ed[p=0,l=61,c=512,r=61]={<<<Request received but inst...dy running this config.>>>fully han...\x00\x00\x00\x00\x00\x00\x00}
01:46:22.091 [qtp1221981006-51] DEBUG org.eclipse.jetty.http.HttpGenerator - Date: Thu, 02 May 2024 00:46:22 GMT
Content-Type: text/plain;charset=iso-8859-1
Content-Length: 61


01:46:22.091 [qtp1221981006-51] DEBUG org.eclipse.jetty.http.HttpGenerator - CONTENT_LENGTH
01:46:22.091 [qtp1221981006-51] DEBUG org.eclipse.jetty.server.HttpConnection - generate: FLUSH for SendCallback@41a447a1[PROCESSING][i=HTTP/1.1{s=409,h=3,cl=61},cb=org.eclipse.jetty.server.HttpChannel$SendCallback@1a32126f] ([p=0,l=160,c=8192,r=160],[p=0,l=61,c=512,r=61],true)@COMPLETING
01:46:22.091 [qtp1221981006-51] DEBUG org.eclipse.jetty.io.WriteFlusher - write: WriteFlusher@410fbf29{IDLE}->null [HeapByteBuffer@7dea496c[p=0,l=160,c=8192,r=160]={<<<HTTP/1.1 409 Conflict\r\nDa...y(9.4.44.v20210927)\r\n\r\n>>>\x00\x00\x00\x00\x00\x00\x00\x00\x00...\x00\x00\x00\x00\x00\x00\x00},HeapByteBuffer@5f3087ed[p=0,l=61,c=512,r=61]={<<<Request received but inst...dy running this config.>>>fully han...\x00\x00\x00\x00\x00\x00\x00}]
01:46:22.091 [qtp1221981006-51] DEBUG org.eclipse.jetty.io.WriteFlusher - update WriteFlusher@410fbf29{WRITING}->null:IDLE-->WRITING
01:46:22.091 [qtp1221981006-51] DEBUG org.eclipse.jetty.io.ssl.SslConnection - >flush SslConnection@728a55ef::SocketChannelEndPoint@4adbc0e5{l=/127.0.0.1:45315,r=/127.0.0.1:36528,OPEN,fill=-,flush=-,to=3/30000}{io=0/0,kio=0,kro=1}->SslConnection@728a55ef{NOT_HANDSHAKING,eio=-1/-1,di=-1,fill=IDLE,flush=IDLE}~>DecryptedEndPoint@35af43d7{l=/127.0.0.1:45315,r=/127.0.0.1:36528,OPEN,fill=-,flush=W,to=5/30000}=>HttpConnection@167da302[p=HttpParser{s=CONTENT,0 of 22},g=HttpGenerator@4ca9dbe0{s=COMPLETING}]=>HttpChannelOverHttp@76084e40{s=HttpChannelState@325adce4{s=HANDLING rs=BLOCKING os=COMMITTED is=IDLE awp=false se=false i=true al=0},r=3,c=false/false,a=HANDLING,uri=https://localhost:45315/,age=2}
01:46:22.091 [qtp1221981006-51] DEBUG org.eclipse.jetty.io.ssl.SslConnection - flush b[0]=HeapByteBuffer@7dea496c[p=0,l=160,c=8192,r=160]={<<<HTTP/1.1 409 Conflict\r\nDa...y(9.4.44.v20210927)\r\n\r\n>>>\x00\x00\x00\x00\x00\x00\x00\x00\x00...\x00\x00\x00\x00\x00\x00\x00}
01:46:22.091 [qtp1221981006-51] DEBUG org.eclipse.jetty.io.ssl.SslConnection - flush b[1]=HeapByteBuffer@5f3087ed[p=0,l=61,c=512,r=61]={<<<Request received but inst...dy running this config.>>>fully han...\x00\x00\x00\x00\x00\x00\x00}
01:46:22.091 [qtp1221981006-51] DEBUG org.eclipse.jetty.io.ssl.SslConnection - flush NOT_HANDSHAKING
01:46:22.091 [qtp1221981006-51] DEBUG org.eclipse.jetty.io.ssl.SslConnection - wrap Status = OK HandshakeStatus = NOT_HANDSHAKING bytesConsumed = 221 bytesProduced = 259 [p=0,l=259,c=17408,r=259] ioDone=false/false
01:46:22.092 [qtp1221981006-51] DEBUG org.eclipse.jetty.io.ChannelEndPoint - flushed 259 SocketChannelEndPoint@4adbc0e5{l=/127.0.0.1:45315,r=/127.0.0.1:36528,OPEN,fill=-,flush=-,to=3/30000}{io=0/0,kio=0,kro=1}->SslConnection@728a55ef{NOT_HANDSHAKING,eio=-1/0,di=-1,fill=IDLE,flush=IDLE}~>DecryptedEndPoint@35af43d7{l=/127.0.0.1:45315,r=/127.0.0.1:36528,OPEN,fill=-,flush=W,to=6/30000}=>HttpConnection@167da302[p=HttpParser{s=CONTENT,0 of 22},g=HttpGenerator@4ca9dbe0{s=COMPLETING}]=>HttpChannelOverHttp@76084e40{s=HttpChannelState@325adce4{s=HANDLING rs=BLOCKING os=COMMITTED is=IDLE awp=false se=false i=true al=0},r=3,c=false/false,a=HANDLING,uri=https://localhost:45315/,age=2}
01:46:22.092 [qtp1221981006-51] DEBUG org.eclipse.jetty.io.ssl.SslConnection - net flushed=true, ac=true
Date: Thu, 02 May 2024 00:46:22 GMT
Content-Type: text/plain;charset=iso-8859-1
Content-Length: 61
Server: Jetty(9.4.44.v20210927)
01:46:22.092 [qtp1221981006-51] DEBUG org.eclipse.jetty.io.ssl.SslConnection - <flush true SslConnection@728a55ef::SocketChannelEndPoint@4adbc0e5{l=/127.0.0.1:45315,r=/127.0.0.1:36528,OPEN,fill=-,flush=-,to=0/30000}{io=0/0,kio=0,kro=1}->SslConnection@728a55ef{NOT_HANDSHAKING,eio=-1/-1,di=-1,fill=IDLE,flush=IDLE}~>DecryptedEndPoint@35af43d7{l=/127.0.0.1:45315,r=/127.0.0.1:36528,OPEN,fill=-,flush=W,to=6/30000}=>HttpConnection@167da302[p=HttpParser{s=CONTENT,0 of 22},g=HttpGenerator@4ca9dbe0{s=COMPLETING}]=>HttpChannelOverHttp@76084e40{s=HttpChannelState@325adce4{s=HANDLING rs=BLOCKING os=COMMITTED is=IDLE awp=false se=false i=true al=0},r=3,c=false/false,a=HANDLING,uri=https://localhost:45315/,age=3}
01:46:22.092 [qtp1221981006-51] DEBUG org.eclipse.jetty.io.WriteFlusher - Flushed=true written=221 remaining=0 WriteFlusher@410fbf29{WRITING}->null
01:46:22.092 [qtp1221981006-51] DEBUG org.eclipse.jetty.io.WriteFlusher - update WriteFlusher@410fbf29{IDLE}->null:WRITING-->IDLE
01:46:22.092 [qtp1221981006-51] DEBUG org.eclipse.jetty.server.HttpConnection - generate: DONE for SendCallback@41a447a1[PROCESSING][i=HTTP/1.1{s=409,h=3,cl=61},cb=org.eclipse.jetty.server.HttpChannel$SendCallback@1a32126f] ([p=160,l=160,c=8192,r=0],[p=61,l=61,c=512,r=0],true)@END
01:46:22.092 [qtp1221981006-51] DEBUG org.eclipse.jetty.server.HttpOutput - onWriteComplete(true,null) s=CLOSING,api=BLOCKED,sc=false,e=null->s=CLOSED,api=BLOCKING,sc=false,e=null c=null cb=null w=false
01:46:22.092 [qtp1221981006-51] DEBUG org.eclipse.jetty.server.HttpOutput - close() s=CLOSED,api=BLOCKING,sc=false,e=null c=null b=null
]]></system-out>
  </testcase>
</testsuite>