<?xml version="1.0" encoding="UTF-8"?>
<testsuite xmlns:xsi="http://www.w3.org/2001/XMLSchema-instance" xsi:noNamespaceSchemaLocation="https://maven.apache.org/surefire/maven-surefire-plugin/xsd/surefire-test-report-3.0.xsd" version="3.0" name="org.apache.nifi.processors.standard.CryptographicHashAttributeTest" time="0.145" tests="6" errors="0" skipped="0" failures="0">
  <properties>
    <property name="sun.desktop" value="gnome"/>
    <property name="awt.toolkit" value="sun.awt.X11.XToolkit"/>
    <property name="file.encoding.pkg" value="sun.io"/>
    <property name="java.specification.version" value="1.8"/>
    <property name="sun.cpu.isalist" value=""/>
    <property name="sun.jnu.encoding" value="UTF-8"/>
    <property name="java.class.path" value="/home/alex/Repositories/nifi/nifi-nar-bundles/nifi-standard-bundle/nifi-standard-processors/target/test-classes:/home/alex/Repositories/nifi/nifi-nar-bundles/nifi-standard-bundle/nifi-standard-processors/target/classes:/home/alex/.m2/repository/org/apache/ftpserver/ftpserver-core/1.1.1/ftpserver-core-1.1.1.jar:/home/alex/.m2/repository/org/apache/ftpserver/ftplet-api/1.1.1/ftplet-api-1.1.1.jar:/home/alex/.m2/repository/org/slf4j/slf4j-api/1.7.32/slf4j-api-1.7.32.jar:/home/alex/.m2/repository/org/apache/mina/mina-core/2.0.16/mina-core-2.0.16.jar:/home/alex/Repositories/nifi/nifi-api/target/classes:/home/alex/Repositories/nifi/nifi-commons/nifi-expression-language/target/classes:/home/alex/.m2/repository/org/antlr/antlr-runtime/3.5.2/antlr-runtime-3.5.2.jar:/home/alex/Repositories/nifi/nifi-commons/nifi-parameter/target/classes:/home/alex/Repositories/nifi/nifi-commons/nifi-uuid5/target/classes:/home/alex/.m2/repository/org/apache/commons/commons-text/1.8/commons-text-1.8.jar:/home/alex/Repositories/nifi/nifi-nar-bundles/nifi-extension-utils/nifi-processor-utils/target/classes:/home/alex/Repositories/nifi/nifi-commons/nifi-security-socket-ssl/target/classes:/home/alex/Repositories/nifi/nifi-nar-bundles/nifi-extension-utils/nifi-event-transport/target/classes:/home/alex/.m2/repository/io/netty/netty-handler/4.1.69.Final/netty-handler-4.1.69.Final.jar:/home/alex/.m2/repository/io/netty/netty-common/4.1.69.Final/netty-common-4.1.69.Final.jar:/home/alex/.m2/repository/io/netty/netty-resolver/4.1.69.Final/netty-resolver-4.1.69.Final.jar:/home/alex/.m2/repository/io/netty/netty-transport/4.1.69.Final/netty-transport-4.1.69.Final.jar:/home/alex/.m2/repository/io/netty/netty-codec/4.1.69.Final/netty-codec-4.1.69.Final.jar:/home/alex/Repositories/nifi/nifi-nar-bundles/nifi-extension-utils/nifi-syslog-utils/target/classes:/home/alex/.m2/repository/com/github/palindromicity/simple-syslog-5424/0.0.16/simple-syslog-5424-0.0.16.jar:/home/alex/.m2/repository/org/antlr/antlr4-runtime/4.7.2/antlr4-runtime-4.7.2.jar:/home/alex/Repositories/nifi/nifi-commons/nifi-utils/target/classes:/home/alex/Repositories/nifi/nifi-commons/nifi-record-path/target/classes:/home/alex/Repositories/nifi/nifi-commons/nifi-properties/target/classes:/home/alex/Repositories/nifi/nifi-commons/nifi-property-utils/target/classes:/home/alex/.m2/repository/com/github/ben-manes/caffeine/caffeine/2.8.1/caffeine-2.8.1.jar:/home/alex/Repositories/nifi/nifi-nar-bundles/nifi-standard-services/nifi-ssl-context-service-api/target/classes:/home/alex/Repositories/nifi/nifi-commons/nifi-security-utils-api/target/classes:/home/alex/Repositories/nifi/nifi-nar-bundles/nifi-standard-services/nifi-lookup-service-api/target/classes:/home/alex/Repositories/nifi/nifi-commons/nifi-flowfile-packager/target/classes:/home/alex/Repositories/nifi/nifi-nar-bundles/nifi-standard-services/nifi-distributed-cache-client-service-api/target/classes:/home/alex/Repositories/nifi/nifi-nar-bundles/nifi-standard-services/nifi-http-context-map-api/target/classes:/home/alex/Repositories/nifi/nifi-nar-bundles/nifi-standard-services/nifi-record-serialization-service-api/target/classes:/home/alex/Repositories/nifi/nifi-nar-bundles/nifi-standard-services/nifi-proxy-configuration-api/target/classes:/home/alex/Repositories/nifi/nifi-commons/nifi-record/target/classes:/home/alex/Repositories/nifi/nifi-nar-bundles/nifi-standard-services/nifi-record-sink-api/target/classes:/home/alex/.m2/repository/commons-io/commons-io/2.10.0/commons-io-2.10.0.jar:/home/alex/.m2/repository/javax/ws/rs/javax.ws.rs-api/2.1/javax.ws.rs-api-2.1.jar:/home/alex/.m2/repository/commons-net/commons-net/3.6/commons-net-3.6.jar:/home/alex/.m2/repository/org/apache/commons/commons-compress/1.21/commons-compress-1.21.jar:/home/alex/.m2/repository/org/apache/commons/commons-lang3/3.9/commons-lang3-3.9.jar:/home/alex/.m2/repository/org/bouncycastle/bcprov-jdk15on/1.69/bcprov-jdk15on-1.69.jar:/home/alex/.m2/repository/org/bouncycastle/bcpg-jdk15on/1.69/bcpg-jdk15on-1.69.jar:/home/alex/.m2/repository/org/bouncycastle/bcpkix-jdk15on/1.69/bcpkix-jdk15on-1.69.jar:/home/alex/.m2/repository/org/bouncycastle/bcutil-jdk15on/1.69/bcutil-jdk15on-1.69.jar:/home/alex/.m2/repository/commons-codec/commons-codec/1.14/commons-codec-1.14.jar:/home/alex/Repositories/nifi/nifi-commons/nifi-security-utils/target/classes:/home/alex/Repositories/nifi/nifi-commons/nifi-security-kms/target/classes:/home/alex/.m2/repository/org/apache/commons/commons-configuration2/2.7/commons-configuration2-2.7.jar:/home/alex/.m2/repository/com/hierynomus/sshj/0.32.0/sshj-0.32.0.jar:/home/alex/.m2/repository/com/jcraft/jzlib/1.1.3/jzlib-1.1.3.jar:/home/alex/.m2/repository/com/hierynomus/asn-one/0.6.0/asn-one-0.6.0.jar:/home/alex/.m2/repository/net/i2p/crypto/eddsa/0.3.0/eddsa-0.3.0.jar:/home/alex/.m2/repository/org/eclipse/jetty/jetty-server/9.4.44.v20210927/jetty-server-9.4.44.v20210927.jar:/home/alex/.m2/repository/javax/servlet/javax.servlet-api/3.1.0/javax.servlet-api-3.1.0.jar:/home/alex/.m2/repository/org/eclipse/jetty/jetty-http/9.4.44.v20210927/jetty-http-9.4.44.v20210927.jar:/home/alex/.m2/repository/org/eclipse/jetty/jetty-util/9.4.44.v20210927/jetty-util-9.4.44.v20210927.jar:/home/alex/.m2/repository/org/eclipse/jetty/jetty-io/9.4.44.v20210927/jetty-io-9.4.44.v20210927.jar:/home/alex/.m2/repository/org/eclipse/jetty/jetty-servlet/9.4.44.v20210927/jetty-servlet-9.4.44.v20210927.jar:/home/alex/.m2/repository/org/eclipse/jetty/jetty-security/9.4.44.v20210927/jetty-security-9.4.44.v20210927.jar:/home/alex/.m2/repository/org/eclipse/jetty/jetty-util-ajax/9.4.44.v20210927/jetty-util-ajax-9.4.44.v20210927.jar:/home/alex/.m2/repository/org/apache/httpcomponents/httpclient/4.5.5/httpclient-4.5.5.jar:/home/alex/.m2/repository/commons-logging/commons-logging/1.2/commons-logging-1.2.jar:/home/alex/.m2/repository/org/apache/httpcomponents/httpcore/4.4.9/httpcore-4.4.9.jar:/home/alex/.m2/repository/jakarta/activation/jakarta.activation-api/2.0.1/jakarta.activation-api-2.0.1.jar:/home/alex/.m2/repository/com/sun/activation/jakarta.activation/2.0.1/jakarta.activation-2.0.1.jar:/home/alex/.m2/repository/jakarta/mail/jakarta.mail-api/2.0.1/jakarta.mail-api-2.0.1.jar:/home/alex/.m2/repository/com/sun/mail/jakarta.mail/2.0.1/jakarta.mail-2.0.1.jar:/home/alex/.m2/repository/com/github/jponge/lzma-java/1.3/lzma-java-1.3.jar:/home/alex/.m2/repository/org/tukaani/xz/1.8/xz-1.8.jar:/home/alex/.m2/repository/net/sf/saxon/Saxon-HE/10.6/Saxon-HE-10.6.jar:/home/alex/Repositories/nifi/nifi-commons/nifi-socket-utils/target/classes:/home/alex/Repositories/nifi/nifi-commons/nifi-logging-utils/target/classes:/home/alex/Repositories/nifi/nifi-nar-bundles/nifi-standard-services/nifi-load-distribution-service-api/target/classes:/home/alex/.m2/repository/javax/jms/javax.jms-api/2.0.1/javax.jms-api-2.0.1.jar:/home/alex/.m2/repository/org/apache/activemq/activemq-client/5.15.15/activemq-client-5.15.15.jar:/home/alex/.m2/repository/org/apache/geronimo/specs/geronimo-jms_1.1_spec/1.1.1/geronimo-jms_1.1_spec-1.1.1.jar:/home/alex/.m2/repository/org/fusesource/hawtbuf/hawtbuf/1.11/hawtbuf-1.11.jar:/home/alex/.m2/repository/org/apache/geronimo/specs/geronimo-j2ee-management_1.1_spec/1.0.1/geronimo-j2ee-management_1.1_spec-1.0.1.jar:/home/alex/.m2/repository/com/jayway/jsonpath/json-path/2.6.0/json-path-2.6.0.jar:/home/alex/.m2/repository/net/minidev/json-smart/2.4.7/json-smart-2.4.7.jar:/home/alex/.m2/repository/net/minidev/accessors-smart/2.4.7/accessors-smart-2.4.7.jar:/home/alex/.m2/repository/org/ow2/asm/asm/9.1/asm-9.1.jar:/home/alex/.m2/repository/org/apache/tika/tika-core/1.26/tika-core-1.26.jar:/home/alex/.m2/repository/com/fasterxml/jackson/core/jackson-databind/2.12.3/jackson-databind-2.12.3.jar:/home/alex/.m2/repository/com/fasterxml/jackson/core/jackson-annotations/2.12.3/jackson-annotations-2.12.3.jar:/home/alex/.m2/repository/com/fasterxml/jackson/core/jackson-core/2.12.3/jackson-core-2.12.3.jar:/home/alex/Repositories/nifi/nifi-nar-bundles/nifi-extension-utils/nifi-record-utils/nifi-avro-record-utils/target/classes:/home/alex/Repositories/nifi/nifi-nar-bundles/nifi-extension-utils/nifi-record-utils/nifi-standard-record-utils/target/classes:/home/alex/.m2/repository/org/apache/avro/avro/1.8.1/avro-1.8.1.jar:/home/alex/.m2/repository/org/codehaus/jackson/jackson-core-asl/1.9.13/jackson-core-asl-1.9.13.jar:/home/alex/.m2/repository/org/codehaus/jackson/jackson-mapper-asl/1.9.13/jackson-mapper-asl-1.9.13.jar:/home/alex/.m2/repository/com/thoughtworks/paranamer/paranamer/2.7/paranamer-2.7.jar:/home/alex/Repositories/nifi/nifi-nar-bundles/nifi-standard-services/nifi-dbcp-service-api/target/classes:/home/alex/.m2/repository/com/squareup/okhttp3/okhttp/4.9.2/okhttp-4.9.2.jar:/home/alex/.m2/repository/com/squareup/okio/okio/2.8.0/okio-2.8.0.jar:/home/alex/.m2/repository/org/jetbrains/kotlin/kotlin-stdlib-common/1.4.0/kotlin-stdlib-common-1.4.0.jar:/home/alex/.m2/repository/org/jetbrains/kotlin/kotlin-stdlib/1.4.10/kotlin-stdlib-1.4.10.jar:/home/alex/.m2/repository/org/jetbrains/annotations/13.0/annotations-13.0.jar:/home/alex/.m2/repository/io/github/rburgst/okhttp-digest/2.5/okhttp-digest-2.5.jar:/home/alex/.m2/repository/at/favre/lib/bcrypt/0.9.0/bcrypt-0.9.0.jar:/home/alex/.m2/repository/at/favre/lib/bytes/1.3.0/bytes-1.3.0.jar:/home/alex/.m2/repository/com/google/guava/guava/28.0-jre/guava-28.0-jre.jar:/home/alex/.m2/repository/com/google/guava/failureaccess/1.0.1/failureaccess-1.0.1.jar:/home/alex/.m2/repository/com/google/guava/listenablefuture/9999.0-empty-to-avoid-conflict-with-guava/listenablefuture-9999.0-empty-to-avoid-conflict-with-guava.jar:/home/alex/.m2/repository/com/google/code/findbugs/jsr305/3.0.2/jsr305-3.0.2.jar:/home/alex/.m2/repository/org/checkerframework/checker-qual/2.8.1/checker-qual-2.8.1.jar:/home/alex/.m2/repository/com/google/errorprone/error_prone_annotations/2.3.2/error_prone_annotations-2.3.2.jar:/home/alex/.m2/repository/com/google/j2objc/j2objc-annotations/1.3/j2objc-annotations-1.3.jar:/home/alex/.m2/repository/org/codehaus/mojo/animal-sniffer-annotations/1.17/animal-sniffer-annotations-1.17.jar:/home/alex/Repositories/nifi/nifi-mock/target/classes:/home/alex/Repositories/nifi/nifi-framework-api/target/classes:/home/alex/Repositories/nifi/nifi-nar-bundles/nifi-framework-bundle/nifi-framework/nifi-framework-core-api/target/classes:/home/alex/Repositories/nifi/nifi-nar-bundles/nifi-framework-bundle/nifi-framework/nifi-framework-nar-utils/target/classes:/home/alex/Repositories/nifi/nifi-nar-bundles/nifi-framework-bundle/nifi-framework/nifi-client-dto/target/classes:/home/alex/.m2/repository/io/swagger/swagger-annotations/1.6.0/swagger-annotations-1.6.0.jar:/home/alex/Repositories/nifi/nifi-commons/nifi-site-to-site-client/target/classes:/home/alex/.m2/repository/org/apache/httpcomponents/httpasyncclient/4.1.4/httpasyncclient-4.1.4.jar:/home/alex/.m2/repository/org/apache/httpcomponents/httpcore-nio/4.4.10/httpcore-nio-4.4.10.jar:/home/alex/Repositories/nifi/nifi-nar-bundles/nifi-framework-bundle/nifi-framework/nifi-framework-authorization/target/classes:/home/alex/Repositories/nifi/nifi-registry/nifi-registry-core/nifi-registry-data-model/target/classes:/home/alex/Repositories/nifi/nifi-registry/nifi-registry-core/nifi-registry-revision/nifi-registry-revision-entity-model/target/classes:/home/alex/Repositories/nifi/nifi-registry/nifi-registry-core/nifi-registry-client/target/classes:/home/alex/Repositories/nifi/nifi-registry/nifi-registry-core/nifi-registry-security-utils/target/classes:/home/alex/.m2/repository/org/glassfish/jersey/core/jersey-client/2.33/jersey-client-2.33.jar:/home/alex/.m2/repository/jakarta/ws/rs/jakarta.ws.rs-api/2.1.6/jakarta.ws.rs-api-2.1.6.jar:/home/alex/.m2/repository/org/glassfish/hk2/external/jakarta.inject/2.6.1/jakarta.inject-2.6.1.jar:/home/alex/.m2/repository/org/glassfish/jersey/media/jersey-media-json-jackson/2.33/jersey-media-json-jackson-2.33.jar:/home/alex/.m2/repository/org/glassfish/jersey/ext/jersey-entity-filtering/2.33/jersey-entity-filtering-2.33.jar:/home/alex/.m2/repository/org/glassfish/jersey/inject/jersey-hk2/2.33/jersey-hk2-2.33.jar:/home/alex/.m2/repository/org/glassfish/hk2/hk2-locator/2.6.1/hk2-locator-2.6.1.jar:/home/alex/.m2/repository/org/glassfish/hk2/external/aopalliance-repackaged/2.6.1/aopalliance-repackaged-2.6.1.jar:/home/alex/.m2/repository/org/glassfish/hk2/hk2-api/2.6.1/hk2-api-2.6.1.jar:/home/alex/.m2/repository/org/glassfish/hk2/hk2-utils/2.6.1/hk2-utils-2.6.1.jar:/home/alex/.m2/repository/org/javassist/javassist/3.25.0-GA/javassist-3.25.0-GA.jar:/home/alex/.m2/repository/org/glassfish/jersey/core/jersey-common/2.33/jersey-common-2.33.jar:/home/alex/.m2/repository/jakarta/annotation/jakarta.annotation-api/1.3.5/jakarta.annotation-api-1.3.5.jar:/home/alex/.m2/repository/org/glassfish/hk2/osgi-resource-locator/1.0.3/osgi-resource-locator-1.0.3.jar:/home/alex/.m2/repository/org/glassfish/jersey/media/jersey-media-multipart/2.33/jersey-media-multipart-2.33.jar:/home/alex/.m2/repository/org/jvnet/mimepull/mimepull/1.9.13/mimepull-1.9.13.jar:/home/alex/Repositories/nifi/nifi-commons/nifi-data-provenance-utils/target/classes:/home/alex/Repositories/nifi/nifi-nar-bundles/nifi-standard-services/nifi-distributed-cache-services-bundle/nifi-distributed-cache-client-service/target/classes:/home/alex/Repositories/nifi/nifi-nar-bundles/nifi-standard-services/nifi-distributed-cache-services-bundle/nifi-distributed-cache-protocol/target/classes:/home/alex/.m2/repository/io/netty/netty-buffer/4.1.69.Final/netty-buffer-4.1.69.Final.jar:/home/alex/.m2/repository/com/google/http-client/google-http-client/1.28.0/google-http-client-1.28.0.jar:/home/alex/.m2/repository/io/opencensus/opencensus-api/0.18.0/opencensus-api-0.18.0.jar:/home/alex/.m2/repository/io/grpc/grpc-context/1.14.0/grpc-context-1.14.0.jar:/home/alex/.m2/repository/io/opencensus/opencensus-contrib-http-util/0.18.0/opencensus-contrib-http-util-0.18.0.jar:/home/alex/.m2/repository/org/apache/activemq/activemq-broker/5.15.14/activemq-broker-5.15.14.jar:/home/alex/.m2/repository/org/apache/activemq/activemq-openwire-legacy/5.15.14/activemq-openwire-legacy-5.15.14.jar:/home/alex/Repositories/nifi/nifi-nar-bundles/nifi-standard-services/nifi-ssl-context-bundle/nifi-ssl-context-service/target/classes:/home/alex/Repositories/nifi/nifi-nar-bundles/nifi-framework-bundle/nifi-framework/nifi-standard-prioritizers/target/classes:/home/alex/Repositories/nifi/nifi-nar-bundles/nifi-extension-utils/nifi-record-utils/nifi-mock-record-utils/target/classes:/home/alex/Repositories/nifi/nifi-nar-bundles/nifi-standard-services/nifi-record-serialization-services-bundle/nifi-record-serialization-services/target/classes:/home/alex/.m2/repository/org/apache/commons/commons-csv/1.8/commons-csv-1.8.jar:/home/alex/.m2/repository/com/fasterxml/jackson/dataformat/jackson-dataformat-csv/2.12.3/jackson-dataformat-csv-2.12.3.jar:/home/alex/.m2/repository/net/java/dev/stax-utils/stax-utils/20070216/stax-utils-20070216.jar:/home/alex/Repositories/nifi/nifi-nar-bundles/nifi-standard-services/nifi-lookup-services-bundle/nifi-lookup-services/target/classes:/home/alex/.m2/repository/commons-beanutils/commons-beanutils/1.9.4/commons-beanutils-1.9.4.jar:/home/alex/.m2/repository/commons-collections/commons-collections/3.2.2/commons-collections-3.2.2.jar:/home/alex/.m2/repository/com/maxmind/geoip2/geoip2/2.12.0/geoip2-2.12.0.jar:/home/alex/.m2/repository/com/maxmind/db/maxmind-db/1.2.2/maxmind-db-1.2.2.jar:/home/alex/.m2/repository/org/apache/derby/derby/10.14.2.0/derby-10.14.2.0.jar:/home/alex/.m2/repository/org/xerial/snappy/snappy-java/1.1.7.3/snappy-java-1.1.7.3.jar:/home/alex/.m2/repository/net/lingala/zip4j/zip4j/2.8.0/zip4j-2.8.0.jar:/home/alex/.m2/repository/com/h2database/h2/1.4.187/h2-1.4.187.jar:/home/alex/.m2/repository/org/mockftpserver/MockFtpServer/2.7.1/MockFtpServer-2.7.1.jar:/home/alex/.m2/repository/org/apache/sshd/sshd-core/1.7.0/sshd-core-1.7.0.jar:/home/alex/.m2/repository/com/bazaarvoice/jolt/jolt-core/0.1.1/jolt-core-0.1.1.jar:/home/alex/.m2/repository/javax/inject/javax.inject/1/javax.inject-1.jar:/home/alex/.m2/repository/com/bazaarvoice/jolt/json-utils/0.1.1/json-utils-0.1.1.jar:/home/alex/Repositories/nifi/nifi-nar-bundles/nifi-standard-bundle/nifi-standard-utils/target/classes:/home/alex/.m2/repository/net/sf/supercsv/super-csv/2.4.0/super-csv-2.4.0.jar:/home/alex/.m2/repository/com/fluenda/parcefone/2.1.0/parcefone-2.1.0.jar:/home/alex/.m2/repository/javax/validation/validation-api/1.1.0.Final/validation-api-1.1.0.Final.jar:/home/alex/.m2/repository/javax/el/javax.el-api/3.0.0/javax.el-api-3.0.0.jar:/home/alex/.m2/repository/com/github/wnameless/json/json-flattener/0.12.0/json-flattener-0.12.0.jar:/home/alex/.m2/repository/com/github/wnameless/json/json-base/2.0.0/json-base-2.0.0.jar:/home/alex/.m2/repository/org/apache/bval/bval-jsr/1.1.2/bval-jsr-1.1.2.jar:/home/alex/.m2/repository/org/apache/bval/bval-core/1.1.2/bval-core-1.1.2.jar:/home/alex/.m2/repository/io/krakens/java-grok/0.1.9/java-grok-0.1.9.jar:/home/alex/.m2/repository/org/apache/calcite/calcite-core/1.27.0/calcite-core-1.27.0.jar:/home/alex/.m2/repository/org/apache/calcite/calcite-linq4j/1.27.0/calcite-linq4j-1.27.0.jar:/home/alex/.m2/repository/com/esri/geometry/esri-geometry-api/2.2.0/esri-geometry-api-2.2.0.jar:/home/alex/.m2/repository/org/apache/calcite/avatica/avatica-core/1.18.0/avatica-core-1.18.0.jar:/home/alex/.m2/repository/org/apache/calcite/avatica/avatica-metrics/1.18.0/avatica-metrics-1.18.0.jar:/home/alex/.m2/repository/com/google/protobuf/protobuf-java/3.6.1/protobuf-java-3.6.1.jar:/home/alex/.m2/repository/org/apiguardian/apiguardian-api/1.1.0/apiguardian-api-1.1.0.jar:/home/alex/.m2/repository/com/fasterxml/jackson/dataformat/jackson-dataformat-yaml/2.10.0/jackson-dataformat-yaml-2.10.0.jar:/home/alex/.m2/repository/org/yaml/snakeyaml/1.29/snakeyaml-1.29.jar:/home/alex/.m2/repository/com/google/uzaygezen/uzaygezen-core/0.2/uzaygezen-core-0.2.jar:/home/alex/.m2/repository/com/yahoo/datasketches/sketches-core/0.9.0/sketches-core-0.9.0.jar:/home/alex/.m2/repository/com/yahoo/datasketches/memory/0.9.0/memory-0.9.0.jar:/home/alex/.m2/repository/net/hydromatic/aggdesigner-algorithm/6.0/aggdesigner-algorithm-6.0.jar:/home/alex/.m2/repository/commons-lang/commons-lang/2.4/commons-lang-2.4.jar:/home/alex/.m2/repository/org/apache/commons/commons-dbcp2/2.6.0/commons-dbcp2-2.6.0.jar:/home/alex/.m2/repository/org/apache/commons/commons-pool2/2.6.1/commons-pool2-2.6.1.jar:/home/alex/.m2/repository/org/codehaus/janino/commons-compiler/3.0.11/commons-compiler-3.0.11.jar:/home/alex/.m2/repository/org/codehaus/janino/janino/3.0.11/janino-3.0.11.jar:/home/alex/Repositories/nifi/nifi-nar-bundles/nifi-standard-services/nifi-schema-registry-service-api/target/classes:/home/alex/Repositories/nifi/nifi-nar-bundles/nifi-extension-utils/nifi-database-utils/target/classes:/home/alex/Repositories/nifi/nifi-nar-bundles/nifi-standard-bundle/nifi-standard-web-test-utils/target/classes:/home/alex/.m2/repository/com/github/stefanbirkner/fake-sftp-server-rule/2.0.1/fake-sftp-server-rule-2.0.1.jar:/home/alex/.m2/repository/com/github/marschall/memoryfilesystem/2.8.0/memoryfilesystem-2.8.0.jar:/home/alex/.m2/repository/junit/junit/4.13.2/junit-4.13.2.jar:/home/alex/.m2/repository/org/hamcrest/hamcrest-core/1.3/hamcrest-core-1.3.jar:/home/alex/Repositories/nifi/nifi-nar-bundles/nifi-extension-utils/nifi-database-test-utils/target/classes:/home/alex/.m2/repository/org/codehaus/groovy/groovy-json/2.5.14/groovy-json-2.5.14.jar:/home/alex/.m2/repository/org/codehaus/groovy/groovy/2.5.14/groovy-2.5.14.jar:/home/alex/.m2/repository/org/codehaus/groovy/groovy-servlet/2.5.14/groovy-servlet-2.5.14.jar:/home/alex/.m2/repository/org/codehaus/groovy/groovy-templates/2.5.14/groovy-templates-2.5.14.jar:/home/alex/.m2/repository/org/codehaus/groovy/groovy-xml/2.5.14/groovy-xml-2.5.14.jar:/home/alex/.m2/repository/org/hamcrest/hamcrest-all/1.3/hamcrest-all-1.3.jar:/home/alex/.m2/repository/com/squareup/okhttp3/mockwebserver/4.9.2/mockwebserver-4.9.2.jar:/home/alex/.m2/repository/org/jetbrains/kotlin/kotlin-stdlib-jdk8/1.4.10/kotlin-stdlib-jdk8-1.4.10.jar:/home/alex/.m2/repository/org/jetbrains/kotlin/kotlin-stdlib-jdk7/1.4.10/kotlin-stdlib-jdk7-1.4.10.jar:/home/alex/.m2/repository/org/mockito/mockito-inline/3.12.4/mockito-inline-3.12.4.jar:/home/alex/.m2/repository/org/junit/jupiter/junit-jupiter-api/5.7.2/junit-jupiter-api-5.7.2.jar:/home/alex/.m2/repository/org/opentest4j/opentest4j/1.2.0/opentest4j-1.2.0.jar:/home/alex/.m2/repository/org/junit/platform/junit-platform-commons/1.7.2/junit-platform-commons-1.7.2.jar:/home/alex/.m2/repository/org/junit/jupiter/junit-jupiter-engine/5.7.2/junit-jupiter-engine-5.7.2.jar:/home/alex/.m2/repository/org/junit/platform/junit-platform-engine/1.7.2/junit-platform-engine-1.7.2.jar:/home/alex/.m2/repository/org/junit/vintage/junit-vintage-engine/5.7.2/junit-vintage-engine-5.7.2.jar:/home/alex/.m2/repository/org/junit/jupiter/junit-jupiter-params/5.7.2/junit-jupiter-params-5.7.2.jar:/home/alex/.m2/repository/org/mockito/mockito-core/3.11.2/mockito-core-3.11.2.jar:/home/alex/.m2/repository/net/bytebuddy/byte-buddy/1.11.3/byte-buddy-1.11.3.jar:/home/alex/.m2/repository/net/bytebuddy/byte-buddy-agent/1.11.3/byte-buddy-agent-1.11.3.jar:/home/alex/.m2/repository/org/objenesis/objenesis/3.2/objenesis-3.2.jar:/home/alex/.m2/repository/org/mockito/mockito-junit-jupiter/3.11.2/mockito-junit-jupiter-3.11.2.jar:/home/alex/.m2/repository/org/slf4j/slf4j-simple/1.7.32/slf4j-simple-1.7.32.jar:/home/alex/.m2/repository/org/codehaus/groovy/groovy-test/2.5.14/groovy-test-2.5.14.jar:"/>
    <property name="java.vm.vendor" value="Private Build"/>
    <property name="sun.arch.data.model" value="64"/>
    <property name="java.vendor.url" value="http://java.oracle.com/"/>
    <property name="user.timezone" value="Europe/Lisbon"/>
    <property name="java.vm.specification.version" value="1.8"/>
    <property name="os.name" value="Linux"/>
    <property name="user.country" value="US"/>
    <property name="sun.java.launcher" value="SUN_STANDARD"/>
    <property name="sun.boot.library.path" value="/usr/lib/jvm/java-8-openjdk-amd64/jre/lib/amd64"/>
    <property name="sun.java.command" value="/home/alex/Repositories/nifi/nifi-nar-bundles/nifi-standard-bundle/nifi-standard-processors/target/surefire/surefirebooter5361507383572708917.jar /home/alex/Repositories/nifi/nifi-nar-bundles/nifi-standard-bundle/nifi-standard-processors/target/surefire 2024-05-02T01-23-45_285-jvmRun1 surefire2937495179455515110tmp surefire_696557117907135602125tmp"/>
    <property name="org.slf4j.simpleLogger.log.nifi.io.nio" value="debug"/>
    <property name="surefire.test.class.path" value="/home/alex/Repositories/nifi/nifi-nar-bundles/nifi-standard-bundle/nifi-standard-processors/target/test-classes:/home/alex/Repositories/nifi/nifi-nar-bundles/nifi-standard-bundle/nifi-standard-processors/target/classes:/home/alex/.m2/repository/org/apache/ftpserver/ftpserver-core/1.1.1/ftpserver-core-1.1.1.jar:/home/alex/.m2/repository/org/apache/ftpserver/ftplet-api/1.1.1/ftplet-api-1.1.1.jar:/home/alex/.m2/repository/org/slf4j/slf4j-api/1.7.32/slf4j-api-1.7.32.jar:/home/alex/.m2/repository/org/apache/mina/mina-core/2.0.16/mina-core-2.0.16.jar:/home/alex/Repositories/nifi/nifi-api/target/classes:/home/alex/Repositories/nifi/nifi-commons/nifi-expression-language/target/classes:/home/alex/.m2/repository/org/antlr/antlr-runtime/3.5.2/antlr-runtime-3.5.2.jar:/home/alex/Repositories/nifi/nifi-commons/nifi-parameter/target/classes:/home/alex/Repositories/nifi/nifi-commons/nifi-uuid5/target/classes:/home/alex/.m2/repository/org/apache/commons/commons-text/1.8/commons-text-1.8.jar:/home/alex/Repositories/nifi/nifi-nar-bundles/nifi-extension-utils/nifi-processor-utils/target/classes:/home/alex/Repositories/nifi/nifi-commons/nifi-security-socket-ssl/target/classes:/home/alex/Repositories/nifi/nifi-nar-bundles/nifi-extension-utils/nifi-event-transport/target/classes:/home/alex/.m2/repository/io/netty/netty-handler/4.1.69.Final/netty-handler-4.1.69.Final.jar:/home/alex/.m2/repository/io/netty/netty-common/4.1.69.Final/netty-common-4.1.69.Final.jar:/home/alex/.m2/repository/io/netty/netty-resolver/4.1.69.Final/netty-resolver-4.1.69.Final.jar:/home/alex/.m2/repository/io/netty/netty-transport/4.1.69.Final/netty-transport-4.1.69.Final.jar:/home/alex/.m2/repository/io/netty/netty-codec/4.1.69.Final/netty-codec-4.1.69.Final.jar:/home/alex/Repositories/nifi/nifi-nar-bundles/nifi-extension-utils/nifi-syslog-utils/target/classes:/home/alex/.m2/repository/com/github/palindromicity/simple-syslog-5424/0.0.16/simple-syslog-5424-0.0.16.jar:/home/alex/.m2/repository/org/antlr/antlr4-runtime/4.7.2/antlr4-runtime-4.7.2.jar:/home/alex/Repositories/nifi/nifi-commons/nifi-utils/target/classes:/home/alex/Repositories/nifi/nifi-commons/nifi-record-path/target/classes:/home/alex/Repositories/nifi/nifi-commons/nifi-properties/target/classes:/home/alex/Repositories/nifi/nifi-commons/nifi-property-utils/target/classes:/home/alex/.m2/repository/com/github/ben-manes/caffeine/caffeine/2.8.1/caffeine-2.8.1.jar:/home/alex/Repositories/nifi/nifi-nar-bundles/nifi-standard-services/nifi-ssl-context-service-api/target/classes:/home/alex/Repositories/nifi/nifi-commons/nifi-security-utils-api/target/classes:/home/alex/Repositories/nifi/nifi-nar-bundles/nifi-standard-services/nifi-lookup-service-api/target/classes:/home/alex/Repositories/nifi/nifi-commons/nifi-flowfile-packager/target/classes:/home/alex/Repositories/nifi/nifi-nar-bundles/nifi-standard-services/nifi-distributed-cache-client-service-api/target/classes:/home/alex/Repositories/nifi/nifi-nar-bundles/nifi-standard-services/nifi-http-context-map-api/target/classes:/home/alex/Repositories/nifi/nifi-nar-bundles/nifi-standard-services/nifi-record-serialization-service-api/target/classes:/home/alex/Repositories/nifi/nifi-nar-bundles/nifi-standard-services/nifi-proxy-configuration-api/target/classes:/home/alex/Repositories/nifi/nifi-commons/nifi-record/target/classes:/home/alex/Repositories/nifi/nifi-nar-bundles/nifi-standard-services/nifi-record-sink-api/target/classes:/home/alex/.m2/repository/commons-io/commons-io/2.10.0/commons-io-2.10.0.jar:/home/alex/.m2/repository/javax/ws/rs/javax.ws.rs-api/2.1/javax.ws.rs-api-2.1.jar:/home/alex/.m2/repository/commons-net/commons-net/3.6/commons-net-3.6.jar:/home/alex/.m2/repository/org/apache/commons/commons-compress/1.21/commons-compress-1.21.jar:/home/alex/.m2/repository/org/apache/commons/commons-lang3/3.9/commons-lang3-3.9.jar:/home/alex/.m2/repository/org/bouncycastle/bcprov-jdk15on/1.69/bcprov-jdk15on-1.69.jar:/home/alex/.m2/repository/org/bouncycastle/bcpg-jdk15on/1.69/bcpg-jdk15on-1.69.jar:/home/alex/.m2/repository/org/bouncycastle/bcpkix-jdk15on/1.69/bcpkix-jdk15on-1.69.jar:/home/alex/.m2/repository/org/bouncycastle/bcutil-jdk15on/1.69/bcutil-jdk15on-1.69.jar:/home/alex/.m2/repository/commons-codec/commons-codec/1.14/commons-codec-1.14.jar:/home/alex/Repositories/nifi/nifi-commons/nifi-security-utils/target/classes:/home/alex/Repositories/nifi/nifi-commons/nifi-security-kms/target/classes:/home/alex/.m2/repository/org/apache/commons/commons-configuration2/2.7/commons-configuration2-2.7.jar:/home/alex/.m2/repository/com/hierynomus/sshj/0.32.0/sshj-0.32.0.jar:/home/alex/.m2/repository/com/jcraft/jzlib/1.1.3/jzlib-1.1.3.jar:/home/alex/.m2/repository/com/hierynomus/asn-one/0.6.0/asn-one-0.6.0.jar:/home/alex/.m2/repository/net/i2p/crypto/eddsa/0.3.0/eddsa-0.3.0.jar:/home/alex/.m2/repository/org/eclipse/jetty/jetty-server/9.4.44.v20210927/jetty-server-9.4.44.v20210927.jar:/home/alex/.m2/repository/javax/servlet/javax.servlet-api/3.1.0/javax.servlet-api-3.1.0.jar:/home/alex/.m2/repository/org/eclipse/jetty/jetty-http/9.4.44.v20210927/jetty-http-9.4.44.v20210927.jar:/home/alex/.m2/repository/org/eclipse/jetty/jetty-util/9.4.44.v20210927/jetty-util-9.4.44.v20210927.jar:/home/alex/.m2/repository/org/eclipse/jetty/jetty-io/9.4.44.v20210927/jetty-io-9.4.44.v20210927.jar:/home/alex/.m2/repository/org/eclipse/jetty/jetty-servlet/9.4.44.v20210927/jetty-servlet-9.4.44.v20210927.jar:/home/alex/.m2/repository/org/eclipse/jetty/jetty-security/9.4.44.v20210927/jetty-security-9.4.44.v20210927.jar:/home/alex/.m2/repository/org/eclipse/jetty/jetty-util-ajax/9.4.44.v20210927/jetty-util-ajax-9.4.44.v20210927.jar:/home/alex/.m2/repository/org/apache/httpcomponents/httpclient/4.5.5/httpclient-4.5.5.jar:/home/alex/.m2/repository/commons-logging/commons-logging/1.2/commons-logging-1.2.jar:/home/alex/.m2/repository/org/apache/httpcomponents/httpcore/4.4.9/httpcore-4.4.9.jar:/home/alex/.m2/repository/jakarta/activation/jakarta.activation-api/2.0.1/jakarta.activation-api-2.0.1.jar:/home/alex/.m2/repository/com/sun/activation/jakarta.activation/2.0.1/jakarta.activation-2.0.1.jar:/home/alex/.m2/repository/jakarta/mail/jakarta.mail-api/2.0.1/jakarta.mail-api-2.0.1.jar:/home/alex/.m2/repository/com/sun/mail/jakarta.mail/2.0.1/jakarta.mail-2.0.1.jar:/home/alex/.m2/repository/com/github/jponge/lzma-java/1.3/lzma-java-1.3.jar:/home/alex/.m2/repository/org/tukaani/xz/1.8/xz-1.8.jar:/home/alex/.m2/repository/net/sf/saxon/Saxon-HE/10.6/Saxon-HE-10.6.jar:/home/alex/Repositories/nifi/nifi-commons/nifi-socket-utils/target/classes:/home/alex/Repositories/nifi/nifi-commons/nifi-logging-utils/target/classes:/home/alex/Repositories/nifi/nifi-nar-bundles/nifi-standard-services/nifi-load-distribution-service-api/target/classes:/home/alex/.m2/repository/javax/jms/javax.jms-api/2.0.1/javax.jms-api-2.0.1.jar:/home/alex/.m2/repository/org/apache/activemq/activemq-client/5.15.15/activemq-client-5.15.15.jar:/home/alex/.m2/repository/org/apache/geronimo/specs/geronimo-jms_1.1_spec/1.1.1/geronimo-jms_1.1_spec-1.1.1.jar:/home/alex/.m2/repository/org/fusesource/hawtbuf/hawtbuf/1.11/hawtbuf-1.11.jar:/home/alex/.m2/repository/org/apache/geronimo/specs/geronimo-j2ee-management_1.1_spec/1.0.1/geronimo-j2ee-management_1.1_spec-1.0.1.jar:/home/alex/.m2/repository/com/jayway/jsonpath/json-path/2.6.0/json-path-2.6.0.jar:/home/alex/.m2/repository/net/minidev/json-smart/2.4.7/json-smart-2.4.7.jar:/home/alex/.m2/repository/net/minidev/accessors-smart/2.4.7/accessors-smart-2.4.7.jar:/home/alex/.m2/repository/org/ow2/asm/asm/9.1/asm-9.1.jar:/home/alex/.m2/repository/org/apache/tika/tika-core/1.26/tika-core-1.26.jar:/home/alex/.m2/repository/com/fasterxml/jackson/core/jackson-databind/2.12.3/jackson-databind-2.12.3.jar:/home/alex/.m2/repository/com/fasterxml/jackson/core/jackson-annotations/2.12.3/jackson-annotations-2.12.3.jar:/home/alex/.m2/repository/com/fasterxml/jackson/core/jackson-core/2.12.3/jackson-core-2.12.3.jar:/home/alex/Repositories/nifi/nifi-nar-bundles/nifi-extension-utils/nifi-record-utils/nifi-avro-record-utils/target/classes:/home/alex/Repositories/nifi/nifi-nar-bundles/nifi-extension-utils/nifi-record-utils/nifi-standard-record-utils/target/classes:/home/alex/.m2/repository/org/apache/avro/avro/1.8.1/avro-1.8.1.jar:/home/alex/.m2/repository/org/codehaus/jackson/jackson-core-asl/1.9.13/jackson-core-asl-1.9.13.jar:/home/alex/.m2/repository/org/codehaus/jackson/jackson-mapper-asl/1.9.13/jackson-mapper-asl-1.9.13.jar:/home/alex/.m2/repository/com/thoughtworks/paranamer/paranamer/2.7/paranamer-2.7.jar:/home/alex/Repositories/nifi/nifi-nar-bundles/nifi-standard-services/nifi-dbcp-service-api/target/classes:/home/alex/.m2/repository/com/squareup/okhttp3/okhttp/4.9.2/okhttp-4.9.2.jar:/home/alex/.m2/repository/com/squareup/okio/okio/2.8.0/okio-2.8.0.jar:/home/alex/.m2/repository/org/jetbrains/kotlin/kotlin-stdlib-common/1.4.0/kotlin-stdlib-common-1.4.0.jar:/home/alex/.m2/repository/org/jetbrains/kotlin/kotlin-stdlib/1.4.10/kotlin-stdlib-1.4.10.jar:/home/alex/.m2/repository/org/jetbrains/annotations/13.0/annotations-13.0.jar:/home/alex/.m2/repository/io/github/rburgst/okhttp-digest/2.5/okhttp-digest-2.5.jar:/home/alex/.m2/repository/at/favre/lib/bcrypt/0.9.0/bcrypt-0.9.0.jar:/home/alex/.m2/repository/at/favre/lib/bytes/1.3.0/bytes-1.3.0.jar:/home/alex/.m2/repository/com/google/guava/guava/28.0-jre/guava-28.0-jre.jar:/home/alex/.m2/repository/com/google/guava/failureaccess/1.0.1/failureaccess-1.0.1.jar:/home/alex/.m2/repository/com/google/guava/listenablefuture/9999.0-empty-to-avoid-conflict-with-guava/listenablefuture-9999.0-empty-to-avoid-conflict-with-guava.jar:/home/alex/.m2/repository/com/google/code/findbugs/jsr305/3.0.2/jsr305-3.0.2.jar:/home/alex/.m2/repository/org/checkerframework/checker-qual/2.8.1/checker-qual-2.8.1.jar:/home/alex/.m2/repository/com/google/errorprone/error_prone_annotations/2.3.2/error_prone_annotations-2.3.2.jar:/home/alex/.m2/repository/com/google/j2objc/j2objc-annotations/1.3/j2objc-annotations-1.3.jar:/home/alex/.m2/repository/org/codehaus/mojo/animal-sniffer-annotations/1.17/animal-sniffer-annotations-1.17.jar:/home/alex/Repositories/nifi/nifi-mock/target/classes:/home/alex/Repositories/nifi/nifi-framework-api/target/classes:/home/alex/Repositories/nifi/nifi-nar-bundles/nifi-framework-bundle/nifi-framework/nifi-framework-core-api/target/classes:/home/alex/Repositories/nifi/nifi-nar-bundles/nifi-framework-bundle/nifi-framework/nifi-framework-nar-utils/target/classes:/home/alex/Repositories/nifi/nifi-nar-bundles/nifi-framework-bundle/nifi-framework/nifi-client-dto/target/classes:/home/alex/.m2/repository/io/swagger/swagger-annotations/1.6.0/swagger-annotations-1.6.0.jar:/home/alex/Repositories/nifi/nifi-commons/nifi-site-to-site-client/target/classes:/home/alex/.m2/repository/org/apache/httpcomponents/httpasyncclient/4.1.4/httpasyncclient-4.1.4.jar:/home/alex/.m2/repository/org/apache/httpcomponents/httpcore-nio/4.4.10/httpcore-nio-4.4.10.jar:/home/alex/Repositories/nifi/nifi-nar-bundles/nifi-framework-bundle/nifi-framework/nifi-framework-authorization/target/classes:/home/alex/Repositories/nifi/nifi-registry/nifi-registry-core/nifi-registry-data-model/target/classes:/home/alex/Repositories/nifi/nifi-registry/nifi-registry-core/nifi-registry-revision/nifi-registry-revision-entity-model/target/classes:/home/alex/Repositories/nifi/nifi-registry/nifi-registry-core/nifi-registry-client/target/classes:/home/alex/Repositories/nifi/nifi-registry/nifi-registry-core/nifi-registry-security-utils/target/classes:/home/alex/.m2/repository/org/glassfish/jersey/core/jersey-client/2.33/jersey-client-2.33.jar:/home/alex/.m2/repository/jakarta/ws/rs/jakarta.ws.rs-api/2.1.6/jakarta.ws.rs-api-2.1.6.jar:/home/alex/.m2/repository/org/glassfish/hk2/external/jakarta.inject/2.6.1/jakarta.inject-2.6.1.jar:/home/alex/.m2/repository/org/glassfish/jersey/media/jersey-media-json-jackson/2.33/jersey-media-json-jackson-2.33.jar:/home/alex/.m2/repository/org/glassfish/jersey/ext/jersey-entity-filtering/2.33/jersey-entity-filtering-2.33.jar:/home/alex/.m2/repository/org/glassfish/jersey/inject/jersey-hk2/2.33/jersey-hk2-2.33.jar:/home/alex/.m2/repository/org/glassfish/hk2/hk2-locator/2.6.1/hk2-locator-2.6.1.jar:/home/alex/.m2/repository/org/glassfish/hk2/external/aopalliance-repackaged/2.6.1/aopalliance-repackaged-2.6.1.jar:/home/alex/.m2/repository/org/glassfish/hk2/hk2-api/2.6.1/hk2-api-2.6.1.jar:/home/alex/.m2/repository/org/glassfish/hk2/hk2-utils/2.6.1/hk2-utils-2.6.1.jar:/home/alex/.m2/repository/org/javassist/javassist/3.25.0-GA/javassist-3.25.0-GA.jar:/home/alex/.m2/repository/org/glassfish/jersey/core/jersey-common/2.33/jersey-common-2.33.jar:/home/alex/.m2/repository/jakarta/annotation/jakarta.annotation-api/1.3.5/jakarta.annotation-api-1.3.5.jar:/home/alex/.m2/repository/org/glassfish/hk2/osgi-resource-locator/1.0.3/osgi-resource-locator-1.0.3.jar:/home/alex/.m2/repository/org/glassfish/jersey/media/jersey-media-multipart/2.33/jersey-media-multipart-2.33.jar:/home/alex/.m2/repository/org/jvnet/mimepull/mimepull/1.9.13/mimepull-1.9.13.jar:/home/alex/Repositories/nifi/nifi-commons/nifi-data-provenance-utils/target/classes:/home/alex/Repositories/nifi/nifi-nar-bundles/nifi-standard-services/nifi-distributed-cache-services-bundle/nifi-distributed-cache-client-service/target/classes:/home/alex/Repositories/nifi/nifi-nar-bundles/nifi-standard-services/nifi-distributed-cache-services-bundle/nifi-distributed-cache-protocol/target/classes:/home/alex/.m2/repository/io/netty/netty-buffer/4.1.69.Final/netty-buffer-4.1.69.Final.jar:/home/alex/.m2/repository/com/google/http-client/google-http-client/1.28.0/google-http-client-1.28.0.jar:/home/alex/.m2/repository/io/opencensus/opencensus-api/0.18.0/opencensus-api-0.18.0.jar:/home/alex/.m2/repository/io/grpc/grpc-context/1.14.0/grpc-context-1.14.0.jar:/home/alex/.m2/repository/io/opencensus/opencensus-contrib-http-util/0.18.0/opencensus-contrib-http-util-0.18.0.jar:/home/alex/.m2/repository/org/apache/activemq/activemq-broker/5.15.14/activemq-broker-5.15.14.jar:/home/alex/.m2/repository/org/apache/activemq/activemq-openwire-legacy/5.15.14/activemq-openwire-legacy-5.15.14.jar:/home/alex/Repositories/nifi/nifi-nar-bundles/nifi-standard-services/nifi-ssl-context-bundle/nifi-ssl-context-service/target/classes:/home/alex/Repositories/nifi/nifi-nar-bundles/nifi-framework-bundle/nifi-framework/nifi-standard-prioritizers/target/classes:/home/alex/Repositories/nifi/nifi-nar-bundles/nifi-extension-utils/nifi-record-utils/nifi-mock-record-utils/target/classes:/home/alex/Repositories/nifi/nifi-nar-bundles/nifi-standard-services/nifi-record-serialization-services-bundle/nifi-record-serialization-services/target/classes:/home/alex/.m2/repository/org/apache/commons/commons-csv/1.8/commons-csv-1.8.jar:/home/alex/.m2/repository/com/fasterxml/jackson/dataformat/jackson-dataformat-csv/2.12.3/jackson-dataformat-csv-2.12.3.jar:/home/alex/.m2/repository/net/java/dev/stax-utils/stax-utils/20070216/stax-utils-20070216.jar:/home/alex/Repositories/nifi/nifi-nar-bundles/nifi-standard-services/nifi-lookup-services-bundle/nifi-lookup-services/target/classes:/home/alex/.m2/repository/commons-beanutils/commons-beanutils/1.9.4/commons-beanutils-1.9.4.jar:/home/alex/.m2/repository/commons-collections/commons-collections/3.2.2/commons-collections-3.2.2.jar:/home/alex/.m2/repository/com/maxmind/geoip2/geoip2/2.12.0/geoip2-2.12.0.jar:/home/alex/.m2/repository/com/maxmind/db/maxmind-db/1.2.2/maxmind-db-1.2.2.jar:/home/alex/.m2/repository/org/apache/derby/derby/10.14.2.0/derby-10.14.2.0.jar:/home/alex/.m2/repository/org/xerial/snappy/snappy-java/1.1.7.3/snappy-java-1.1.7.3.jar:/home/alex/.m2/repository/net/lingala/zip4j/zip4j/2.8.0/zip4j-2.8.0.jar:/home/alex/.m2/repository/com/h2database/h2/1.4.187/h2-1.4.187.jar:/home/alex/.m2/repository/org/mockftpserver/MockFtpServer/2.7.1/MockFtpServer-2.7.1.jar:/home/alex/.m2/repository/org/apache/sshd/sshd-core/1.7.0/sshd-core-1.7.0.jar:/home/alex/.m2/repository/com/bazaarvoice/jolt/jolt-core/0.1.1/jolt-core-0.1.1.jar:/home/alex/.m2/repository/javax/inject/javax.inject/1/javax.inject-1.jar:/home/alex/.m2/repository/com/bazaarvoice/jolt/json-utils/0.1.1/json-utils-0.1.1.jar:/home/alex/Repositories/nifi/nifi-nar-bundles/nifi-standard-bundle/nifi-standard-utils/target/classes:/home/alex/.m2/repository/net/sf/supercsv/super-csv/2.4.0/super-csv-2.4.0.jar:/home/alex/.m2/repository/com/fluenda/parcefone/2.1.0/parcefone-2.1.0.jar:/home/alex/.m2/repository/javax/validation/validation-api/1.1.0.Final/validation-api-1.1.0.Final.jar:/home/alex/.m2/repository/javax/el/javax.el-api/3.0.0/javax.el-api-3.0.0.jar:/home/alex/.m2/repository/com/github/wnameless/json/json-flattener/0.12.0/json-flattener-0.12.0.jar:/home/alex/.m2/repository/com/github/wnameless/json/json-base/2.0.0/json-base-2.0.0.jar:/home/alex/.m2/repository/org/apache/bval/bval-jsr/1.1.2/bval-jsr-1.1.2.jar:/home/alex/.m2/repository/org/apache/bval/bval-core/1.1.2/bval-core-1.1.2.jar:/home/alex/.m2/repository/io/krakens/java-grok/0.1.9/java-grok-0.1.9.jar:/home/alex/.m2/repository/org/apache/calcite/calcite-core/1.27.0/calcite-core-1.27.0.jar:/home/alex/.m2/repository/org/apache/calcite/calcite-linq4j/1.27.0/calcite-linq4j-1.27.0.jar:/home/alex/.m2/repository/com/esri/geometry/esri-geometry-api/2.2.0/esri-geometry-api-2.2.0.jar:/home/alex/.m2/repository/org/apache/calcite/avatica/avatica-core/1.18.0/avatica-core-1.18.0.jar:/home/alex/.m2/repository/org/apache/calcite/avatica/avatica-metrics/1.18.0/avatica-metrics-1.18.0.jar:/home/alex/.m2/repository/com/google/protobuf/protobuf-java/3.6.1/protobuf-java-3.6.1.jar:/home/alex/.m2/repository/org/apiguardian/apiguardian-api/1.1.0/apiguardian-api-1.1.0.jar:/home/alex/.m2/repository/com/fasterxml/jackson/dataformat/jackson-dataformat-yaml/2.10.0/jackson-dataformat-yaml-2.10.0.jar:/home/alex/.m2/repository/org/yaml/snakeyaml/1.29/snakeyaml-1.29.jar:/home/alex/.m2/repository/com/google/uzaygezen/uzaygezen-core/0.2/uzaygezen-core-0.2.jar:/home/alex/.m2/repository/com/yahoo/datasketches/sketches-core/0.9.0/sketches-core-0.9.0.jar:/home/alex/.m2/repository/com/yahoo/datasketches/memory/0.9.0/memory-0.9.0.jar:/home/alex/.m2/repository/net/hydromatic/aggdesigner-algorithm/6.0/aggdesigner-algorithm-6.0.jar:/home/alex/.m2/repository/commons-lang/commons-lang/2.4/commons-lang-2.4.jar:/home/alex/.m2/repository/org/apache/commons/commons-dbcp2/2.6.0/commons-dbcp2-2.6.0.jar:/home/alex/.m2/repository/org/apache/commons/commons-pool2/2.6.1/commons-pool2-2.6.1.jar:/home/alex/.m2/repository/org/codehaus/janino/commons-compiler/3.0.11/commons-compiler-3.0.11.jar:/home/alex/.m2/repository/org/codehaus/janino/janino/3.0.11/janino-3.0.11.jar:/home/alex/Repositories/nifi/nifi-nar-bundles/nifi-standard-services/nifi-schema-registry-service-api/target/classes:/home/alex/Repositories/nifi/nifi-nar-bundles/nifi-extension-utils/nifi-database-utils/target/classes:/home/alex/Repositories/nifi/nifi-nar-bundles/nifi-standard-bundle/nifi-standard-web-test-utils/target/classes:/home/alex/.m2/repository/com/github/stefanbirkner/fake-sftp-server-rule/2.0.1/fake-sftp-server-rule-2.0.1.jar:/home/alex/.m2/repository/com/github/marschall/memoryfilesystem/2.8.0/memoryfilesystem-2.8.0.jar:/home/alex/.m2/repository/junit/junit/4.13.2/junit-4.13.2.jar:/home/alex/.m2/repository/org/hamcrest/hamcrest-core/1.3/hamcrest-core-1.3.jar:/home/alex/Repositories/nifi/nifi-nar-bundles/nifi-extension-utils/nifi-database-test-utils/target/classes:/home/alex/.m2/repository/org/codehaus/groovy/groovy-json/2.5.14/groovy-json-2.5.14.jar:/home/alex/.m2/repository/org/codehaus/groovy/groovy/2.5.14/groovy-2.5.14.jar:/home/alex/.m2/repository/org/codehaus/groovy/groovy-servlet/2.5.14/groovy-servlet-2.5.14.jar:/home/alex/.m2/repository/org/codehaus/groovy/groovy-templates/2.5.14/groovy-templates-2.5.14.jar:/home/alex/.m2/repository/org/codehaus/groovy/groovy-xml/2.5.14/groovy-xml-2.5.14.jar:/home/alex/.m2/repository/org/hamcrest/hamcrest-all/1.3/hamcrest-all-1.3.jar:/home/alex/.m2/repository/com/squareup/okhttp3/mockwebserver/4.9.2/mockwebserver-4.9.2.jar:/home/alex/.m2/repository/org/jetbrains/kotlin/kotlin-stdlib-jdk8/1.4.10/kotlin-stdlib-jdk8-1.4.10.jar:/home/alex/.m2/repository/org/jetbrains/kotlin/kotlin-stdlib-jdk7/1.4.10/kotlin-stdlib-jdk7-1.4.10.jar:/home/alex/.m2/repository/org/mockito/mockito-inline/3.12.4/mockito-inline-3.12.4.jar:/home/alex/.m2/repository/org/junit/jupiter/junit-jupiter-api/5.7.2/junit-jupiter-api-5.7.2.jar:/home/alex/.m2/repository/org/opentest4j/opentest4j/1.2.0/opentest4j-1.2.0.jar:/home/alex/.m2/repository/org/junit/platform/junit-platform-commons/1.7.2/junit-platform-commons-1.7.2.jar:/home/alex/.m2/repository/org/junit/jupiter/junit-jupiter-engine/5.7.2/junit-jupiter-engine-5.7.2.jar:/home/alex/.m2/repository/org/junit/platform/junit-platform-engine/1.7.2/junit-platform-engine-1.7.2.jar:/home/alex/.m2/repository/org/junit/vintage/junit-vintage-engine/5.7.2/junit-vintage-engine-5.7.2.jar:/home/alex/.m2/repository/org/junit/jupiter/junit-jupiter-params/5.7.2/junit-jupiter-params-5.7.2.jar:/home/alex/.m2/repository/org/mockito/mockito-core/3.11.2/mockito-core-3.11.2.jar:/home/alex/.m2/repository/net/bytebuddy/byte-buddy/1.11.3/byte-buddy-1.11.3.jar:/home/alex/.m2/repository/net/bytebuddy/byte-buddy-agent/1.11.3/byte-buddy-agent-1.11.3.jar:/home/alex/.m2/repository/org/objenesis/objenesis/3.2/objenesis-3.2.jar:/home/alex/.m2/repository/org/mockito/mockito-junit-jupiter/3.11.2/mockito-junit-jupiter-3.11.2.jar:/home/alex/.m2/repository/org/slf4j/slf4j-simple/1.7.32/slf4j-simple-1.7.32.jar:/home/alex/.m2/repository/org/codehaus/groovy/groovy-test/2.5.14/groovy-test-2.5.14.jar:"/>
    <property name="sun.cpu.endian" value="little"/>
    <property name="user.home" value="/home/alex"/>
    <property name="user.language" value="en"/>
    <property name="java.specification.vendor" value="Oracle Corporation"/>
    <property name="java.home" value="/usr/lib/jvm/java-8-openjdk-amd64/jre"/>
    <property name="basedir" value="/home/alex/Repositories/nifi/nifi-nar-bundles/nifi-standard-bundle/nifi-standard-processors"/>
    <property name="file.separator" value="/"/>
    <property name="line.separator" value="&#10;"/>
    <property name="java.vm.specification.vendor" value="Oracle Corporation"/>
    <property name="java.specification.name" value="Java Platform API Specification"/>
    <property name="derby.stream.error.file" value="target/derby.log"/>
    <property name="java.awt.graphicsenv" value="sun.awt.X11GraphicsEnvironment"/>
    <property name="org.slf4j.simpleLogger.log.org.apache.nifi.processors.standard.SQLTransform" value="debug"/>
    <property name="java.awt.headless" value="true"/>
    <property name="org.slf4j.simpleLogger.showDateTime" value="true"/>
    <property name="surefire.real.class.path" value="/home/alex/Repositories/nifi/nifi-nar-bundles/nifi-standard-bundle/nifi-standard-processors/target/surefire/surefirebooter5361507383572708917.jar"/>
    <property name="sun.boot.class.path" value="/usr/lib/jvm/java-8-openjdk-amd64/jre/lib/resources.jar:/usr/lib/jvm/java-8-openjdk-amd64/jre/lib/rt.jar:/usr/lib/jvm/java-8-openjdk-amd64/jre/lib/sunrsasign.jar:/usr/lib/jvm/java-8-openjdk-amd64/jre/lib/jsse.jar:/usr/lib/jvm/java-8-openjdk-amd64/jre/lib/jce.jar:/usr/lib/jvm/java-8-openjdk-amd64/jre/lib/charsets.jar:/usr/lib/jvm/java-8-openjdk-amd64/jre/lib/jfr.jar:/usr/lib/jvm/java-8-openjdk-amd64/jre/classes"/>
    <property name="sun.management.compiler" value="HotSpot 64-Bit Tiered Compilers"/>
    <property name="java.runtime.version" value="1.8.0_402-8u402-ga-2ubuntu1~22.04-b06"/>
    <property name="java.net.preferIPv4Stack" value="true"/>
    <property name="user.name" value="alex"/>
    <property name="path.separator" value=":"/>
    <property name="os.version" value="6.5.0-28-generic"/>
    <property name="java.endorsed.dirs" value="/usr/lib/jvm/java-8-openjdk-amd64/jre/lib/endorsed"/>
    <property name="java.runtime.name" value="OpenJDK Runtime Environment"/>
    <property name="file.encoding" value="UTF-8"/>
    <property name="sun.nio.ch.bugLevel" value=""/>
    <property name="java.vm.name" value="OpenJDK 64-Bit Server VM"/>
    <property name="localRepository" value="/home/alex/.m2/repository"/>
    <property name="java.vendor.url.bug" value="http://bugreport.sun.com/bugreport/"/>
    <property name="java.io.tmpdir" value="/tmp"/>
    <property name="java.version" value="1.8.0_402"/>
    <property name="user.dir" value="/home/alex/Repositories/nifi/nifi-nar-bundles/nifi-standard-bundle/nifi-standard-processors"/>
    <property name="os.arch" value="amd64"/>
    <property name="java.vm.specification.name" value="Java Virtual Machine Specification"/>
    <property name="java.awt.printerjob" value="sun.print.PSPrinterJob"/>
    <property name="sun.os.patch.level" value="unknown"/>
    <property name="org.slf4j.simpleLogger.defaultLogLevel" value="info"/>
    <property name="java.library.path" value="/usr/java/packages/lib/amd64:/usr/lib/x86_64-linux-gnu/jni:/lib/x86_64-linux-gnu:/usr/lib/x86_64-linux-gnu:/usr/lib/jni:/lib:/usr/lib"/>
    <property name="java.vm.info" value="mixed mode"/>
    <property name="java.vendor" value="Private Build"/>
    <property name="java.vm.version" value="25.402-b06"/>
    <property name="java.specification.maintenance.version" value="5"/>
    <property name="java.ext.dirs" value="/usr/lib/jvm/java-8-openjdk-amd64/jre/lib/ext:/usr/java/packages/lib/ext"/>
    <property name="sun.io.unicode.encoding" value="UnicodeLittle"/>
    <property name="java.class.version" value="52.0"/>
  </properties>
  <testcase name="testShouldCalculateHashOfPresentAttribute" classname="org.apache.nifi.processors.standard.CryptographicHashAttributeTest" time="0.054">
    <system-err><![CDATA[[main] INFO org.apache.nifi.processors.standard.CryptographicHashAttributeTest - [EXPECTED]         MD2(alopresto) = 326d36aff5e2473c23ab54b6a193d737
[main] INFO org.apache.nifi.processors.standard.CryptographicHashAttributeTest - [EXPECTED]         MD2(2024-05-02 01:33:20.580 +0100) = 30b4e900deef5eded143df88541058ac
[main] INFO org.apache.nifi.processors.standard.CryptographicHashAttributeTest - Setting hash algorithm to MD2
[main] INFO org.apache.nifi.processors.standard.CryptographicHashAttributeTest - flowfile.username_MD2 = 326d36aff5e2473c23ab54b6a193d737
[main] INFO org.apache.nifi.processors.standard.CryptographicHashAttributeTest - flowfile.date_MD2 = 30b4e900deef5eded143df88541058ac
[main] INFO org.apache.nifi.processors.standard.CryptographicHashAttributeTest - [EXPECTED]         MD5(alopresto) = 543d5b89b8d21eefd90e36e6dceaf715
[main] INFO org.apache.nifi.processors.standard.CryptographicHashAttributeTest - [EXPECTED]         MD5(2024-05-02 01:33:20.580 +0100) = 2df31795bdb3d4b86f7dd53777005855
[main] INFO org.apache.nifi.processors.standard.CryptographicHashAttributeTest - Setting hash algorithm to MD5
[main] INFO org.apache.nifi.processors.standard.CryptographicHashAttributeTest - flowfile.username_MD5 = 543d5b89b8d21eefd90e36e6dceaf715
[main] INFO org.apache.nifi.processors.standard.CryptographicHashAttributeTest - flowfile.date_MD5 = 2df31795bdb3d4b86f7dd53777005855
[main] INFO org.apache.nifi.processors.standard.CryptographicHashAttributeTest - [EXPECTED]       SHA-1(alopresto) = feb3cf00ee9bc01575e9428a4270e7b599f5a4bd
[main] INFO org.apache.nifi.processors.standard.CryptographicHashAttributeTest - [EXPECTED]       SHA-1(2024-05-02 01:33:20.580 +0100) = 732c9c80e89223149db5ee023537b01c41938aaa
[main] INFO org.apache.nifi.processors.standard.CryptographicHashAttributeTest - Setting hash algorithm to SHA-1
[main] INFO org.apache.nifi.processors.standard.CryptographicHashAttributeTest - flowfile.username_SHA-1 = feb3cf00ee9bc01575e9428a4270e7b599f5a4bd
[main] INFO org.apache.nifi.processors.standard.CryptographicHashAttributeTest - flowfile.date_SHA-1 = 732c9c80e89223149db5ee023537b01c41938aaa
[main] INFO org.apache.nifi.processors.standard.CryptographicHashAttributeTest - [EXPECTED]     SHA-224(alopresto) = 1350407880aca59020712c9828884ad48befea1ad614780a1162c8bf
[main] INFO org.apache.nifi.processors.standard.CryptographicHashAttributeTest - [EXPECTED]     SHA-224(2024-05-02 01:33:20.580 +0100) = 5d63aa744c3f66ff80ef92bee2abe40976fed3b6308b66c192ce84c7
[main] INFO org.apache.nifi.processors.standard.CryptographicHashAttributeTest - Setting hash algorithm to SHA-224
[main] INFO org.apache.nifi.processors.standard.CryptographicHashAttributeTest - flowfile.username_SHA-224 = 1350407880aca59020712c9828884ad48befea1ad614780a1162c8bf
[main] INFO org.apache.nifi.processors.standard.CryptographicHashAttributeTest - flowfile.date_SHA-224 = 5d63aa744c3f66ff80ef92bee2abe40976fed3b6308b66c192ce84c7
[main] INFO org.apache.nifi.processors.standard.CryptographicHashAttributeTest - [EXPECTED]     SHA-256(alopresto) = 600973dc8f2b7bb2a20651ebefe4bf91c5295afef19f4d5b9994d581f5a68a23
[main] INFO org.apache.nifi.processors.standard.CryptographicHashAttributeTest - [EXPECTED]     SHA-256(2024-05-02 01:33:20.580 +0100) = dcf2bc7875df56acce1a83b2c24b86117c038e878dbde15eba514a581441dd44
[main] INFO org.apache.nifi.processors.standard.CryptographicHashAttributeTest - Setting hash algorithm to SHA-256
[main] INFO org.apache.nifi.processors.standard.CryptographicHashAttributeTest - flowfile.username_SHA-256 = 600973dc8f2b7bb2a20651ebefe4bf91c5295afef19f4d5b9994d581f5a68a23
[main] INFO org.apache.nifi.processors.standard.CryptographicHashAttributeTest - flowfile.date_SHA-256 = dcf2bc7875df56acce1a83b2c24b86117c038e878dbde15eba514a581441dd44
[main] INFO org.apache.nifi.processors.standard.CryptographicHashAttributeTest - [EXPECTED]     SHA-384(alopresto) = c5281f88fd5cff56fe512abc56930eae958b61049bffa296bafadac7696e2fd2fec8b5bcc9b69153ba0388b77b2f5b89
[main] INFO org.apache.nifi.processors.standard.CryptographicHashAttributeTest - [EXPECTED]     SHA-384(2024-05-02 01:33:20.580 +0100) = 6c2fdb9bf1e25d7e365bd78b68ef56cf1b35fadea2928b9cd6d503efd584c55eb06fef6ca9e4d7188d851a46d62ca1a1
[main] INFO org.apache.nifi.processors.standard.CryptographicHashAttributeTest - Setting hash algorithm to SHA-384
[main] INFO org.apache.nifi.processors.standard.CryptographicHashAttributeTest - flowfile.username_SHA-384 = c5281f88fd5cff56fe512abc56930eae958b61049bffa296bafadac7696e2fd2fec8b5bcc9b69153ba0388b77b2f5b89
[main] INFO org.apache.nifi.processors.standard.CryptographicHashAttributeTest - flowfile.date_SHA-384 = 6c2fdb9bf1e25d7e365bd78b68ef56cf1b35fadea2928b9cd6d503efd584c55eb06fef6ca9e4d7188d851a46d62ca1a1
[main] INFO org.apache.nifi.processors.standard.CryptographicHashAttributeTest - [EXPECTED]     SHA-512(alopresto) = 739b4f6722fb5de20125751c7a1a358b2a7eb8f07e530e4bf18561fbff93234908aa9d2577770c876bca9ede5ba784d5ce6081dbbdfe5ddd446678f223b8d632
[main] INFO org.apache.nifi.processors.standard.CryptographicHashAttributeTest - [EXPECTED]     SHA-512(2024-05-02 01:33:20.580 +0100) = 46e71b0fa797929f2ef150141006fded3e9715b8362045d517cccb7e8b22ef250db219b586916010408426fcd270e3238b6f24d8f06d37202f0e172031949973
[main] INFO org.apache.nifi.processors.standard.CryptographicHashAttributeTest - Setting hash algorithm to SHA-512
[main] INFO org.apache.nifi.processors.standard.CryptographicHashAttributeTest - flowfile.username_SHA-512 = 739b4f6722fb5de20125751c7a1a358b2a7eb8f07e530e4bf18561fbff93234908aa9d2577770c876bca9ede5ba784d5ce6081dbbdfe5ddd446678f223b8d632
[main] INFO org.apache.nifi.processors.standard.CryptographicHashAttributeTest - flowfile.date_SHA-512 = 46e71b0fa797929f2ef150141006fded3e9715b8362045d517cccb7e8b22ef250db219b586916010408426fcd270e3238b6f24d8f06d37202f0e172031949973
[main] INFO org.apache.nifi.processors.standard.CryptographicHashAttributeTest - [EXPECTED] SHA-512/224(alopresto) = 38a9636224af851358954799f78ec8757568f16856e07a33dd0cdacc
[main] INFO org.apache.nifi.processors.standard.CryptographicHashAttributeTest - [EXPECTED] SHA-512/224(2024-05-02 01:33:20.580 +0100) = 83ffb48903a3025a2139e4572395a1200cd19e22176a1849d1542b7e
[main] INFO org.apache.nifi.processors.standard.CryptographicHashAttributeTest - Setting hash algorithm to SHA-512/224
[main] INFO org.apache.nifi.processors.standard.CryptographicHashAttributeTest - flowfile.username_SHA-512/224 = 38a9636224af851358954799f78ec8757568f16856e07a33dd0cdacc
[main] INFO org.apache.nifi.processors.standard.CryptographicHashAttributeTest - flowfile.date_SHA-512/224 = 83ffb48903a3025a2139e4572395a1200cd19e22176a1849d1542b7e
[main] INFO org.apache.nifi.processors.standard.CryptographicHashAttributeTest - [EXPECTED] SHA-512/256(alopresto) = 370885c776287a2597419043f99d35d3e1062a19ca1a69be850769105120875c
[main] INFO org.apache.nifi.processors.standard.CryptographicHashAttributeTest - [EXPECTED] SHA-512/256(2024-05-02 01:33:20.580 +0100) = 5898cbed7193043ee021ddd6cce2e58c3a0791df18b4005f790c94ca0cd94bdf
[main] INFO org.apache.nifi.processors.standard.CryptographicHashAttributeTest - Setting hash algorithm to SHA-512/256
[main] INFO org.apache.nifi.processors.standard.CryptographicHashAttributeTest - flowfile.username_SHA-512/256 = 370885c776287a2597419043f99d35d3e1062a19ca1a69be850769105120875c
[main] INFO org.apache.nifi.processors.standard.CryptographicHashAttributeTest - flowfile.date_SHA-512/256 = 5898cbed7193043ee021ddd6cce2e58c3a0791df18b4005f790c94ca0cd94bdf
[main] INFO org.apache.nifi.processors.standard.CryptographicHashAttributeTest - [EXPECTED]    SHA3-224(alopresto) = 7ea11353d972cece9ec5767a36fe240b159c6fbfba64e33ec73ec13e
[main] INFO org.apache.nifi.processors.standard.CryptographicHashAttributeTest - [EXPECTED]    SHA3-224(2024-05-02 01:33:20.580 +0100) = f93d5f34ed7eed4623db7cde2d594843d8d5170bc20a9c209ccc66a8
[main] INFO org.apache.nifi.processors.standard.CryptographicHashAttributeTest - Setting hash algorithm to SHA3-224
[main] INFO org.apache.nifi.processors.standard.CryptographicHashAttributeTest - flowfile.username_SHA3-224 = 7ea11353d972cece9ec5767a36fe240b159c6fbfba64e33ec73ec13e
[main] INFO org.apache.nifi.processors.standard.CryptographicHashAttributeTest - flowfile.date_SHA3-224 = f93d5f34ed7eed4623db7cde2d594843d8d5170bc20a9c209ccc66a8
[main] INFO org.apache.nifi.processors.standard.CryptographicHashAttributeTest - [EXPECTED]    SHA3-256(alopresto) = 4eb6a96c91941d27f478d732312f81d535959fec854b37c1750abdbe8fb063e8
[main] INFO org.apache.nifi.processors.standard.CryptographicHashAttributeTest - [EXPECTED]    SHA3-256(2024-05-02 01:33:20.580 +0100) = b7a6d07fbee61839767fa33609428805d9e43f835a988b4a02d6b2d62272456a
[main] INFO org.apache.nifi.processors.standard.CryptographicHashAttributeTest - Setting hash algorithm to SHA3-256
[main] INFO org.apache.nifi.processors.standard.CryptographicHashAttributeTest - flowfile.username_SHA3-256 = 4eb6a96c91941d27f478d732312f81d535959fec854b37c1750abdbe8fb063e8
[main] INFO org.apache.nifi.processors.standard.CryptographicHashAttributeTest - flowfile.date_SHA3-256 = b7a6d07fbee61839767fa33609428805d9e43f835a988b4a02d6b2d62272456a
[main] INFO org.apache.nifi.processors.standard.CryptographicHashAttributeTest - [EXPECTED]    SHA3-384(alopresto) = ac2980977cd8cfc6c6b89a955fc827cc72ed959de855772ae63c442c20861261654e19de8ae7b1223da66a9cf3ea81a1
[main] INFO org.apache.nifi.processors.standard.CryptographicHashAttributeTest - [EXPECTED]    SHA3-384(2024-05-02 01:33:20.580 +0100) = 5d13f9ab3c70f1044934e8f3f42751148c7ff6a3aa7ecf650057c3a809a075b11460d0690a477278baa153b03ff48df3
[main] INFO org.apache.nifi.processors.standard.CryptographicHashAttributeTest - Setting hash algorithm to SHA3-384
[main] INFO org.apache.nifi.processors.standard.CryptographicHashAttributeTest - flowfile.username_SHA3-384 = ac2980977cd8cfc6c6b89a955fc827cc72ed959de855772ae63c442c20861261654e19de8ae7b1223da66a9cf3ea81a1
[main] INFO org.apache.nifi.processors.standard.CryptographicHashAttributeTest - flowfile.date_SHA3-384 = 5d13f9ab3c70f1044934e8f3f42751148c7ff6a3aa7ecf650057c3a809a075b11460d0690a477278baa153b03ff48df3
[main] INFO org.apache.nifi.processors.standard.CryptographicHashAttributeTest - [EXPECTED]    SHA3-512(alopresto) = 3f5fce02238d646c5b1f85732dd13b2fe23160bc0a1386c14f38d52a2c7b4c143aba6556f988e9e811d5138254e3d37c1d425c84b4bcf484d27e8c8634e3c030
[main] INFO org.apache.nifi.processors.standard.CryptographicHashAttributeTest - [EXPECTED]    SHA3-512(2024-05-02 01:33:20.580 +0100) = 0dea13984b10430c157e6afae980757ce4a58a1b291a35eecb00d8d136ab176c68170b009d9657d748dba1833106d4af2ef2c0f6ef566d5f1497fcd4e8da6b94
[main] INFO org.apache.nifi.processors.standard.CryptographicHashAttributeTest - Setting hash algorithm to SHA3-512
[main] INFO org.apache.nifi.processors.standard.CryptographicHashAttributeTest - flowfile.username_SHA3-512 = 3f5fce02238d646c5b1f85732dd13b2fe23160bc0a1386c14f38d52a2c7b4c143aba6556f988e9e811d5138254e3d37c1d425c84b4bcf484d27e8c8634e3c030
[main] INFO org.apache.nifi.processors.standard.CryptographicHashAttributeTest - flowfile.date_SHA3-512 = 0dea13984b10430c157e6afae980757ce4a58a1b291a35eecb00d8d136ab176c68170b009d9657d748dba1833106d4af2ef2c0f6ef566d5f1497fcd4e8da6b94
[main] INFO org.apache.nifi.processors.standard.CryptographicHashAttributeTest - [EXPECTED]  BLAKE2-160(alopresto) = 3183dbb75b206fb429365b5eba35eff3b4ad26e7
[main] INFO org.apache.nifi.processors.standard.CryptographicHashAttributeTest - [EXPECTED]  BLAKE2-160(2024-05-02 01:33:20.580 +0100) = 5c6fa898c434488a7451e641ac2f241831f5b268
[main] INFO org.apache.nifi.processors.standard.CryptographicHashAttributeTest - Setting hash algorithm to BLAKE2-160
[main] INFO org.apache.nifi.processors.standard.CryptographicHashAttributeTest - flowfile.username_BLAKE2-160 = 3183dbb75b206fb429365b5eba35eff3b4ad26e7
[main] INFO org.apache.nifi.processors.standard.CryptographicHashAttributeTest - flowfile.date_BLAKE2-160 = 5c6fa898c434488a7451e641ac2f241831f5b268
[main] INFO org.apache.nifi.processors.standard.CryptographicHashAttributeTest - [EXPECTED]  BLAKE2-256(alopresto) = c3240ba7756c0b1edb30147b26cc44c26793936b98a2f39a71f0071cc1e4a244
[main] INFO org.apache.nifi.processors.standard.CryptographicHashAttributeTest - [EXPECTED]  BLAKE2-256(2024-05-02 01:33:20.580 +0100) = 2e5e3815dbefd3770de14808c35cbf1581815def1d3006c4f1d66dbf61356774
[main] INFO org.apache.nifi.processors.standard.CryptographicHashAttributeTest - Setting hash algorithm to BLAKE2-256
[main] INFO org.apache.nifi.processors.standard.CryptographicHashAttributeTest - flowfile.username_BLAKE2-256 = c3240ba7756c0b1edb30147b26cc44c26793936b98a2f39a71f0071cc1e4a244
[main] INFO org.apache.nifi.processors.standard.CryptographicHashAttributeTest - flowfile.date_BLAKE2-256 = 2e5e3815dbefd3770de14808c35cbf1581815def1d3006c4f1d66dbf61356774
[main] INFO org.apache.nifi.processors.standard.CryptographicHashAttributeTest - [EXPECTED]  BLAKE2-384(alopresto) = f8e38969c7348870e5e7af09beac6931982fae61db1560b4de0b25004e75da48a9d004a8f848f4145bc0fd65778a286e
[main] INFO org.apache.nifi.processors.standard.CryptographicHashAttributeTest - [EXPECTED]  BLAKE2-384(2024-05-02 01:33:20.580 +0100) = 9c8db1bc5ea604d4cdf8f10ab02c68ed0a76dbe7bdd4f6186485578be7f7cdd39fa8778514f6638c2a5d03f3966e79a4
[main] INFO org.apache.nifi.processors.standard.CryptographicHashAttributeTest - Setting hash algorithm to BLAKE2-384
[main] INFO org.apache.nifi.processors.standard.CryptographicHashAttributeTest - flowfile.username_BLAKE2-384 = f8e38969c7348870e5e7af09beac6931982fae61db1560b4de0b25004e75da48a9d004a8f848f4145bc0fd65778a286e
[main] INFO org.apache.nifi.processors.standard.CryptographicHashAttributeTest - flowfile.date_BLAKE2-384 = 9c8db1bc5ea604d4cdf8f10ab02c68ed0a76dbe7bdd4f6186485578be7f7cdd39fa8778514f6638c2a5d03f3966e79a4
[main] INFO org.apache.nifi.processors.standard.CryptographicHashAttributeTest - [EXPECTED]  BLAKE2-512(alopresto) = 581f0339613fb4acf3de694dff4d7066fdaff163ab7af97812cabfd5e2dad0cd618d85099ff691aaa969ca22d244e4cdce43704a506383c7d78eea7754c32bdc
[main] INFO org.apache.nifi.processors.standard.CryptographicHashAttributeTest - [EXPECTED]  BLAKE2-512(2024-05-02 01:33:20.580 +0100) = 9513011d148eab2f6dab77cf8013d754f949ab815a33ab505327ed2e844838feeb6b790864cffb4b992b43b7bbce031f4084055f98d925991655b2dd377f49c0
[main] INFO org.apache.nifi.processors.standard.CryptographicHashAttributeTest - Setting hash algorithm to BLAKE2-512
[main] INFO org.apache.nifi.processors.standard.CryptographicHashAttributeTest - flowfile.username_BLAKE2-512 = 581f0339613fb4acf3de694dff4d7066fdaff163ab7af97812cabfd5e2dad0cd618d85099ff691aaa969ca22d244e4cdce43704a506383c7d78eea7754c32bdc
[main] INFO org.apache.nifi.processors.standard.CryptographicHashAttributeTest - flowfile.date_BLAKE2-512 = 9513011d148eab2f6dab77cf8013d754f949ab815a33ab505327ed2e844838feeb6b790864cffb4b992b43b7bbce031f4084055f98d925991655b2dd377f49c0
]]></system-err>
  </testcase>
  <testcase name="testShouldCalculateHashWithVariousCharacterEncodings" classname="org.apache.nifi.processors.standard.CryptographicHashAttributeTest" time="0.023">
    <system-err><![CDATA[[main] INFO org.apache.nifi.processors.standard.CryptographicHashAttributeTest - [EXPECTED] MD5(    utf_8(apachenifi)) = a968b5ec1d52449963dcc517789baaaf
[main] INFO org.apache.nifi.processors.standard.CryptographicHashAttributeTest - [EXPECTED] MD5(   utf_16(apachenifi)) = b8413d18f7e64042bb0322a1cd61eba2
[main] INFO org.apache.nifi.processors.standard.CryptographicHashAttributeTest - [EXPECTED] MD5( utf_16be(apachenifi)) = b8413d18f7e64042bb0322a1cd61eba2
[main] INFO org.apache.nifi.processors.standard.CryptographicHashAttributeTest - [EXPECTED] MD5( utf_16le(apachenifi)) = 91c3b67f9f8ae77156f21f271cc09121
[main] INFO org.apache.nifi.processors.standard.CryptographicHashAttributeTest - [EXPECTED] MD5(apachenifi, UTF-8) = a968b5ec1d52449963dcc517789baaaf
[main] INFO org.apache.nifi.processors.standard.CryptographicHashAttributeTest - Setting hash algorithm to MD5
[main] INFO org.apache.nifi.processors.standard.CryptographicHashAttributeTest - Setting character set to UTF-8
[main] INFO org.apache.nifi.processors.standard.CryptographicHashAttributeTest - flowfile.test_attribute_MD5 = a968b5ec1d52449963dcc517789baaaf
[main] WARN org.apache.nifi.security.util.crypto.HashService - The charset provided was UTF-16, but Java will insert a Big Endian BOM in the decoded message before hashing, so switching to UTF-16BE
[main] INFO org.apache.nifi.processors.standard.CryptographicHashAttributeTest - [EXPECTED] MD5(apachenifi, UTF-16) = b8413d18f7e64042bb0322a1cd61eba2
[main] INFO org.apache.nifi.processors.standard.CryptographicHashAttributeTest - Setting hash algorithm to MD5
[main] INFO org.apache.nifi.processors.standard.CryptographicHashAttributeTest - Setting character set to UTF-16
[pool-1325-thread-1] WARN org.apache.nifi.security.util.crypto.HashService - The charset provided was UTF-16, but Java will insert a Big Endian BOM in the decoded message before hashing, so switching to UTF-16BE
[main] INFO org.apache.nifi.processors.standard.CryptographicHashAttributeTest - flowfile.test_attribute_MD5 = b8413d18f7e64042bb0322a1cd61eba2
[main] INFO org.apache.nifi.processors.standard.CryptographicHashAttributeTest - [EXPECTED] MD5(apachenifi, UTF-16LE) = 91c3b67f9f8ae77156f21f271cc09121
[main] INFO org.apache.nifi.processors.standard.CryptographicHashAttributeTest - Setting hash algorithm to MD5
[main] INFO org.apache.nifi.processors.standard.CryptographicHashAttributeTest - Setting character set to UTF-16LE
[main] INFO org.apache.nifi.processors.standard.CryptographicHashAttributeTest - flowfile.test_attribute_MD5 = 91c3b67f9f8ae77156f21f271cc09121
[main] INFO org.apache.nifi.processors.standard.CryptographicHashAttributeTest - [EXPECTED] MD5(apachenifi, UTF-16BE) = b8413d18f7e64042bb0322a1cd61eba2
[main] INFO org.apache.nifi.processors.standard.CryptographicHashAttributeTest - Setting hash algorithm to MD5
[main] INFO org.apache.nifi.processors.standard.CryptographicHashAttributeTest - Setting character set to UTF-16BE
[main] INFO org.apache.nifi.processors.standard.CryptographicHashAttributeTest - flowfile.test_attribute_MD5 = b8413d18f7e64042bb0322a1cd61eba2
]]></system-err>
  </testcase>
  <testcase name="testShouldRouteToFailureOnEmptyAttributes" classname="org.apache.nifi.processors.standard.CryptographicHashAttributeTest" time="0.01">
    <system-err><![CDATA[[main] INFO org.apache.nifi.processors.standard.CryptographicHashAttributeTest - Setting hash algorithm to MD2
[pool-1328-thread-1] INFO org.apache.nifi.processors.standard.CryptographicHashAttribute - CryptographicHashAttribute[id=ca639c4b-6756-40d2-a6f6-989bc9fca69d] Routing FlowFile[0,90420562201086.mockFlowFile,0B] to 'failure' because of missing all attributes: 
[main] INFO org.apache.nifi.processors.standard.CryptographicHashAttributeTest - Failed flowfile has attributes [date:null, path:target, filename:90420562201086.mockFlowFile, uuid:d2dfe3db-7a17-45ff-8466-72bf8ea1707c, username:]
[main] INFO org.apache.nifi.processors.standard.CryptographicHashAttributeTest - Setting hash algorithm to MD5
[pool-1329-thread-1] INFO org.apache.nifi.processors.standard.CryptographicHashAttribute - CryptographicHashAttribute[id=ca639c4b-6756-40d2-a6f6-989bc9fca69d] Routing FlowFile[1,90420563934779.mockFlowFile,0B] to 'failure' because of missing all attributes: 
[main] INFO org.apache.nifi.processors.standard.CryptographicHashAttributeTest - Failed flowfile has attributes [date:null, path:target, filename:90420563934779.mockFlowFile, uuid:af82fbd3-0ce5-438f-b3bd-2c8475c59a05, username:]
[main] INFO org.apache.nifi.processors.standard.CryptographicHashAttributeTest - Setting hash algorithm to SHA-1
[pool-1330-thread-1] INFO org.apache.nifi.processors.standard.CryptographicHashAttribute - CryptographicHashAttribute[id=ca639c4b-6756-40d2-a6f6-989bc9fca69d] Routing FlowFile[2,90420564368250.mockFlowFile,0B] to 'failure' because of missing all attributes: 
[main] INFO org.apache.nifi.processors.standard.CryptographicHashAttributeTest - Failed flowfile has attributes [date:null, path:target, filename:90420564368250.mockFlowFile, uuid:6970bc82-10b1-42d9-b73d-ea676022b5eb, username:]
[main] INFO org.apache.nifi.processors.standard.CryptographicHashAttributeTest - Setting hash algorithm to SHA-224
[pool-1331-thread-1] INFO org.apache.nifi.processors.standard.CryptographicHashAttribute - CryptographicHashAttribute[id=ca639c4b-6756-40d2-a6f6-989bc9fca69d] Routing FlowFile[3,90420564757974.mockFlowFile,0B] to 'failure' because of missing all attributes: 
[main] INFO org.apache.nifi.processors.standard.CryptographicHashAttributeTest - Failed flowfile has attributes [date:null, path:target, filename:90420564757974.mockFlowFile, uuid:8b1a4801-f4dc-4be7-a493-226cb01ccac1, username:]
[main] INFO org.apache.nifi.processors.standard.CryptographicHashAttributeTest - Setting hash algorithm to SHA-256
[pool-1332-thread-1] INFO org.apache.nifi.processors.standard.CryptographicHashAttribute - CryptographicHashAttribute[id=ca639c4b-6756-40d2-a6f6-989bc9fca69d] Routing FlowFile[4,90420565093286.mockFlowFile,0B] to 'failure' because of missing all attributes: 
[main] INFO org.apache.nifi.processors.standard.CryptographicHashAttributeTest - Failed flowfile has attributes [date:null, path:target, filename:90420565093286.mockFlowFile, uuid:af8b8d08-1d14-4436-96de-e1adb36923fd, username:]
[main] INFO org.apache.nifi.processors.standard.CryptographicHashAttributeTest - Setting hash algorithm to SHA-384
[pool-1333-thread-1] INFO org.apache.nifi.processors.standard.CryptographicHashAttribute - CryptographicHashAttribute[id=ca639c4b-6756-40d2-a6f6-989bc9fca69d] Routing FlowFile[5,90420565409829.mockFlowFile,0B] to 'failure' because of missing all attributes: 
[main] INFO org.apache.nifi.processors.standard.CryptographicHashAttributeTest - Failed flowfile has attributes [date:null, path:target, filename:90420565409829.mockFlowFile, uuid:d7639d25-8409-4c50-b946-920547b7c0e3, username:]
[main] INFO org.apache.nifi.processors.standard.CryptographicHashAttributeTest - Setting hash algorithm to SHA-512
[pool-1334-thread-1] INFO org.apache.nifi.processors.standard.CryptographicHashAttribute - CryptographicHashAttribute[id=ca639c4b-6756-40d2-a6f6-989bc9fca69d] Routing FlowFile[6,90420565914232.mockFlowFile,0B] to 'failure' because of missing all attributes: 
[main] INFO org.apache.nifi.processors.standard.CryptographicHashAttributeTest - Failed flowfile has attributes [date:null, path:target, filename:90420565914232.mockFlowFile, uuid:e5c99cfa-cbab-4f07-8c32-b545d073a6f8, username:]
[main] INFO org.apache.nifi.processors.standard.CryptographicHashAttributeTest - Setting hash algorithm to SHA-512/224
[pool-1335-thread-1] INFO org.apache.nifi.processors.standard.CryptographicHashAttribute - CryptographicHashAttribute[id=ca639c4b-6756-40d2-a6f6-989bc9fca69d] Routing FlowFile[7,90420566291821.mockFlowFile,0B] to 'failure' because of missing all attributes: 
[main] INFO org.apache.nifi.processors.standard.CryptographicHashAttributeTest - Failed flowfile has attributes [date:null, path:target, filename:90420566291821.mockFlowFile, uuid:9d1404e1-d85b-41a1-adb0-5768615dca65, username:]
[main] INFO org.apache.nifi.processors.standard.CryptographicHashAttributeTest - Setting hash algorithm to SHA-512/256
[pool-1336-thread-1] INFO org.apache.nifi.processors.standard.CryptographicHashAttribute - CryptographicHashAttribute[id=ca639c4b-6756-40d2-a6f6-989bc9fca69d] Routing FlowFile[8,90420567049297.mockFlowFile,0B] to 'failure' because of missing all attributes: 
[main] INFO org.apache.nifi.processors.standard.CryptographicHashAttributeTest - Failed flowfile has attributes [date:null, path:target, filename:90420567049297.mockFlowFile, uuid:26549739-4d23-4a8d-aba4-58cdfe1f34c9, username:]
[main] INFO org.apache.nifi.processors.standard.CryptographicHashAttributeTest - Setting hash algorithm to SHA3-224
[pool-1337-thread-1] INFO org.apache.nifi.processors.standard.CryptographicHashAttribute - CryptographicHashAttribute[id=ca639c4b-6756-40d2-a6f6-989bc9fca69d] Routing FlowFile[9,90420567613883.mockFlowFile,0B] to 'failure' because of missing all attributes: 
[main] INFO org.apache.nifi.processors.standard.CryptographicHashAttributeTest - Failed flowfile has attributes [date:null, path:target, filename:90420567613883.mockFlowFile, uuid:1eb28159-16f7-47b4-9dc2-80d4f88fa6ef, username:]
[main] INFO org.apache.nifi.processors.standard.CryptographicHashAttributeTest - Setting hash algorithm to SHA3-256
[pool-1338-thread-1] INFO org.apache.nifi.processors.standard.CryptographicHashAttribute - CryptographicHashAttribute[id=ca639c4b-6756-40d2-a6f6-989bc9fca69d] Routing FlowFile[10,90420568078174.mockFlowFile,0B] to 'failure' because of missing all attributes: 
[main] INFO org.apache.nifi.processors.standard.CryptographicHashAttributeTest - Failed flowfile has attributes [date:null, path:target, filename:90420568078174.mockFlowFile, uuid:25c4dd1b-fa45-4289-950c-8924b2f78931, username:]
[main] INFO org.apache.nifi.processors.standard.CryptographicHashAttributeTest - Setting hash algorithm to SHA3-384
[pool-1339-thread-1] INFO org.apache.nifi.processors.standard.CryptographicHashAttribute - CryptographicHashAttribute[id=ca639c4b-6756-40d2-a6f6-989bc9fca69d] Routing FlowFile[11,90420568507071.mockFlowFile,0B] to 'failure' because of missing all attributes: 
[main] INFO org.apache.nifi.processors.standard.CryptographicHashAttributeTest - Failed flowfile has attributes [date:null, path:target, filename:90420568507071.mockFlowFile, uuid:f29009d5-bc6a-44c1-9918-2f241d3c5e9b, username:]
[main] INFO org.apache.nifi.processors.standard.CryptographicHashAttributeTest - Setting hash algorithm to SHA3-512
[pool-1340-thread-1] INFO org.apache.nifi.processors.standard.CryptographicHashAttribute - CryptographicHashAttribute[id=ca639c4b-6756-40d2-a6f6-989bc9fca69d] Routing FlowFile[12,90420568832982.mockFlowFile,0B] to 'failure' because of missing all attributes: 
[main] INFO org.apache.nifi.processors.standard.CryptographicHashAttributeTest - Failed flowfile has attributes [date:null, path:target, filename:90420568832982.mockFlowFile, uuid:6f8346dc-61da-45ec-b5a7-208d46684cf7, username:]
[main] INFO org.apache.nifi.processors.standard.CryptographicHashAttributeTest - Setting hash algorithm to BLAKE2-160
[pool-1341-thread-1] INFO org.apache.nifi.processors.standard.CryptographicHashAttribute - CryptographicHashAttribute[id=ca639c4b-6756-40d2-a6f6-989bc9fca69d] Routing FlowFile[13,90420569196938.mockFlowFile,0B] to 'failure' because of missing all attributes: 
[main] INFO org.apache.nifi.processors.standard.CryptographicHashAttributeTest - Failed flowfile has attributes [date:null, path:target, filename:90420569196938.mockFlowFile, uuid:e540e2d8-b1d1-4aa9-99d6-83929ff5bc8a, username:]
[main] INFO org.apache.nifi.processors.standard.CryptographicHashAttributeTest - Setting hash algorithm to BLAKE2-256
[pool-1342-thread-1] INFO org.apache.nifi.processors.standard.CryptographicHashAttribute - CryptographicHashAttribute[id=ca639c4b-6756-40d2-a6f6-989bc9fca69d] Routing FlowFile[14,90420569568132.mockFlowFile,0B] to 'failure' because of missing all attributes: 
[main] INFO org.apache.nifi.processors.standard.CryptographicHashAttributeTest - Failed flowfile has attributes [date:null, path:target, filename:90420569568132.mockFlowFile, uuid:c855fe38-7e11-45be-b27f-13b309e31c6e, username:]
[main] INFO org.apache.nifi.processors.standard.CryptographicHashAttributeTest - Setting hash algorithm to BLAKE2-384
[pool-1343-thread-1] INFO org.apache.nifi.processors.standard.CryptographicHashAttribute - CryptographicHashAttribute[id=ca639c4b-6756-40d2-a6f6-989bc9fca69d] Routing FlowFile[15,90420570090322.mockFlowFile,0B] to 'failure' because of missing all attributes: 
[main] INFO org.apache.nifi.processors.standard.CryptographicHashAttributeTest - Failed flowfile has attributes [date:null, path:target, filename:90420570090322.mockFlowFile, uuid:c5d6829a-11e3-4739-a31e-89b3a7e1081b, username:]
[main] INFO org.apache.nifi.processors.standard.CryptographicHashAttributeTest - Setting hash algorithm to BLAKE2-512
[pool-1344-thread-1] INFO org.apache.nifi.processors.standard.CryptographicHashAttribute - CryptographicHashAttribute[id=ca639c4b-6756-40d2-a6f6-989bc9fca69d] Routing FlowFile[16,90420570581204.mockFlowFile,0B] to 'failure' because of missing all attributes: 
[main] INFO org.apache.nifi.processors.standard.CryptographicHashAttributeTest - Failed flowfile has attributes [date:null, path:target, filename:90420570581204.mockFlowFile, uuid:fffee7e9-c33b-4a30-b2ae-273268b2f16e, username:]
]]></system-err>
  </testcase>
  <testcase name="testShouldCalculateHashOfMissingAttribute" classname="org.apache.nifi.processors.standard.CryptographicHashAttributeTest" time="0.015">
    <system-err><![CDATA[[main] INFO org.apache.nifi.processors.standard.CryptographicHashAttributeTest - [EXPECTED]         MD2() = 8350e5a3e24c153df2275c9f80692773
[main] INFO org.apache.nifi.processors.standard.CryptographicHashAttributeTest - [EXPECTED]         MD2(null) = null
[main] INFO org.apache.nifi.processors.standard.CryptographicHashAttributeTest - Setting hash algorithm to MD2
[main] INFO org.apache.nifi.processors.standard.CryptographicHashAttributeTest - flowfile.username_MD2 = 8350e5a3e24c153df2275c9f80692773
[main] INFO org.apache.nifi.processors.standard.CryptographicHashAttributeTest - flowfile.date_MD2 = null
[main] INFO org.apache.nifi.processors.standard.CryptographicHashAttributeTest - [EXPECTED]         MD5() = d41d8cd98f00b204e9800998ecf8427e
[main] INFO org.apache.nifi.processors.standard.CryptographicHashAttributeTest - [EXPECTED]         MD5(null) = null
[main] INFO org.apache.nifi.processors.standard.CryptographicHashAttributeTest - Setting hash algorithm to MD5
[main] INFO org.apache.nifi.processors.standard.CryptographicHashAttributeTest - flowfile.username_MD5 = d41d8cd98f00b204e9800998ecf8427e
[main] INFO org.apache.nifi.processors.standard.CryptographicHashAttributeTest - flowfile.date_MD5 = null
[main] INFO org.apache.nifi.processors.standard.CryptographicHashAttributeTest - [EXPECTED]       SHA-1() = da39a3ee5e6b4b0d3255bfef95601890afd80709
[main] INFO org.apache.nifi.processors.standard.CryptographicHashAttributeTest - [EXPECTED]       SHA-1(null) = null
[main] INFO org.apache.nifi.processors.standard.CryptographicHashAttributeTest - Setting hash algorithm to SHA-1
[main] INFO org.apache.nifi.processors.standard.CryptographicHashAttributeTest - flowfile.username_SHA-1 = da39a3ee5e6b4b0d3255bfef95601890afd80709
[main] INFO org.apache.nifi.processors.standard.CryptographicHashAttributeTest - flowfile.date_SHA-1 = null
[main] INFO org.apache.nifi.processors.standard.CryptographicHashAttributeTest - [EXPECTED]     SHA-224() = d14a028c2a3a2bc9476102bb288234c415a2b01f828ea62ac5b3e42f
[main] INFO org.apache.nifi.processors.standard.CryptographicHashAttributeTest - [EXPECTED]     SHA-224(null) = null
[main] INFO org.apache.nifi.processors.standard.CryptographicHashAttributeTest - Setting hash algorithm to SHA-224
[main] INFO org.apache.nifi.processors.standard.CryptographicHashAttributeTest - flowfile.username_SHA-224 = d14a028c2a3a2bc9476102bb288234c415a2b01f828ea62ac5b3e42f
[main] INFO org.apache.nifi.processors.standard.CryptographicHashAttributeTest - flowfile.date_SHA-224 = null
[main] INFO org.apache.nifi.processors.standard.CryptographicHashAttributeTest - [EXPECTED]     SHA-256() = e3b0c44298fc1c149afbf4c8996fb92427ae41e4649b934ca495991b7852b855
[main] INFO org.apache.nifi.processors.standard.CryptographicHashAttributeTest - [EXPECTED]     SHA-256(null) = null
[main] INFO org.apache.nifi.processors.standard.CryptographicHashAttributeTest - Setting hash algorithm to SHA-256
[main] INFO org.apache.nifi.processors.standard.CryptographicHashAttributeTest - flowfile.username_SHA-256 = e3b0c44298fc1c149afbf4c8996fb92427ae41e4649b934ca495991b7852b855
[main] INFO org.apache.nifi.processors.standard.CryptographicHashAttributeTest - flowfile.date_SHA-256 = null
[main] INFO org.apache.nifi.processors.standard.CryptographicHashAttributeTest - [EXPECTED]     SHA-384() = 38b060a751ac96384cd9327eb1b1e36a21fdb71114be07434c0cc7bf63f6e1da274edebfe76f65fbd51ad2f14898b95b
[main] INFO org.apache.nifi.processors.standard.CryptographicHashAttributeTest - [EXPECTED]     SHA-384(null) = null
[main] INFO org.apache.nifi.processors.standard.CryptographicHashAttributeTest - Setting hash algorithm to SHA-384
[main] INFO org.apache.nifi.processors.standard.CryptographicHashAttributeTest - flowfile.username_SHA-384 = 38b060a751ac96384cd9327eb1b1e36a21fdb71114be07434c0cc7bf63f6e1da274edebfe76f65fbd51ad2f14898b95b
[main] INFO org.apache.nifi.processors.standard.CryptographicHashAttributeTest - flowfile.date_SHA-384 = null
[main] INFO org.apache.nifi.processors.standard.CryptographicHashAttributeTest - [EXPECTED]     SHA-512() = cf83e1357eefb8bdf1542850d66d8007d620e4050b5715dc83f4a921d36ce9ce47d0d13c5d85f2b0ff8318d2877eec2f63b931bd47417a81a538327af927da3e
[main] INFO org.apache.nifi.processors.standard.CryptographicHashAttributeTest - [EXPECTED]     SHA-512(null) = null
[main] INFO org.apache.nifi.processors.standard.CryptographicHashAttributeTest - Setting hash algorithm to SHA-512
[main] INFO org.apache.nifi.processors.standard.CryptographicHashAttributeTest - flowfile.username_SHA-512 = cf83e1357eefb8bdf1542850d66d8007d620e4050b5715dc83f4a921d36ce9ce47d0d13c5d85f2b0ff8318d2877eec2f63b931bd47417a81a538327af927da3e
[main] INFO org.apache.nifi.processors.standard.CryptographicHashAttributeTest - flowfile.date_SHA-512 = null
[main] INFO org.apache.nifi.processors.standard.CryptographicHashAttributeTest - [EXPECTED] SHA-512/224() = 6ed0dd02806fa89e25de060c19d3ac86cabb87d6a0ddd05c333b84f4
[main] INFO org.apache.nifi.processors.standard.CryptographicHashAttributeTest - [EXPECTED] SHA-512/224(null) = null
[main] INFO org.apache.nifi.processors.standard.CryptographicHashAttributeTest - Setting hash algorithm to SHA-512/224
[main] INFO org.apache.nifi.processors.standard.CryptographicHashAttributeTest - flowfile.username_SHA-512/224 = 6ed0dd02806fa89e25de060c19d3ac86cabb87d6a0ddd05c333b84f4
[main] INFO org.apache.nifi.processors.standard.CryptographicHashAttributeTest - flowfile.date_SHA-512/224 = null
[main] INFO org.apache.nifi.processors.standard.CryptographicHashAttributeTest - [EXPECTED] SHA-512/256() = c672b8d1ef56ed28ab87c3622c5114069bdd3ad7b8f9737498d0c01ecef0967a
[main] INFO org.apache.nifi.processors.standard.CryptographicHashAttributeTest - [EXPECTED] SHA-512/256(null) = null
[main] INFO org.apache.nifi.processors.standard.CryptographicHashAttributeTest - Setting hash algorithm to SHA-512/256
[main] INFO org.apache.nifi.processors.standard.CryptographicHashAttributeTest - flowfile.username_SHA-512/256 = c672b8d1ef56ed28ab87c3622c5114069bdd3ad7b8f9737498d0c01ecef0967a
[main] INFO org.apache.nifi.processors.standard.CryptographicHashAttributeTest - flowfile.date_SHA-512/256 = null
[main] INFO org.apache.nifi.processors.standard.CryptographicHashAttributeTest - [EXPECTED]    SHA3-224() = 6b4e03423667dbb73b6e15454f0eb1abd4597f9a1b078e3f5b5a6bc7
[main] INFO org.apache.nifi.processors.standard.CryptographicHashAttributeTest - [EXPECTED]    SHA3-224(null) = null
[main] INFO org.apache.nifi.processors.standard.CryptographicHashAttributeTest - Setting hash algorithm to SHA3-224
[main] INFO org.apache.nifi.processors.standard.CryptographicHashAttributeTest - flowfile.username_SHA3-224 = 6b4e03423667dbb73b6e15454f0eb1abd4597f9a1b078e3f5b5a6bc7
[main] INFO org.apache.nifi.processors.standard.CryptographicHashAttributeTest - flowfile.date_SHA3-224 = null
[main] INFO org.apache.nifi.processors.standard.CryptographicHashAttributeTest - [EXPECTED]    SHA3-256() = a7ffc6f8bf1ed76651c14756a061d662f580ff4de43b49fa82d80a4b80f8434a
[main] INFO org.apache.nifi.processors.standard.CryptographicHashAttributeTest - [EXPECTED]    SHA3-256(null) = null
[main] INFO org.apache.nifi.processors.standard.CryptographicHashAttributeTest - Setting hash algorithm to SHA3-256
[main] INFO org.apache.nifi.processors.standard.CryptographicHashAttributeTest - flowfile.username_SHA3-256 = a7ffc6f8bf1ed76651c14756a061d662f580ff4de43b49fa82d80a4b80f8434a
[main] INFO org.apache.nifi.processors.standard.CryptographicHashAttributeTest - flowfile.date_SHA3-256 = null
[main] INFO org.apache.nifi.processors.standard.CryptographicHashAttributeTest - [EXPECTED]    SHA3-384() = 0c63a75b845e4f7d01107d852e4c2485c51a50aaaa94fc61995e71bbee983a2ac3713831264adb47fb6bd1e058d5f004
[main] INFO org.apache.nifi.processors.standard.CryptographicHashAttributeTest - [EXPECTED]    SHA3-384(null) = null
[main] INFO org.apache.nifi.processors.standard.CryptographicHashAttributeTest - Setting hash algorithm to SHA3-384
[main] INFO org.apache.nifi.processors.standard.CryptographicHashAttributeTest - flowfile.username_SHA3-384 = 0c63a75b845e4f7d01107d852e4c2485c51a50aaaa94fc61995e71bbee983a2ac3713831264adb47fb6bd1e058d5f004
[main] INFO org.apache.nifi.processors.standard.CryptographicHashAttributeTest - flowfile.date_SHA3-384 = null
[main] INFO org.apache.nifi.processors.standard.CryptographicHashAttributeTest - [EXPECTED]    SHA3-512() = a69f73cca23a9ac5c8b567dc185a756e97c982164fe25859e0d1dcc1475c80a615b2123af1f5f94c11e3e9402c3ac558f500199d95b6d3e301758586281dcd26
[main] INFO org.apache.nifi.processors.standard.CryptographicHashAttributeTest - [EXPECTED]    SHA3-512(null) = null
[main] INFO org.apache.nifi.processors.standard.CryptographicHashAttributeTest - Setting hash algorithm to SHA3-512
[main] INFO org.apache.nifi.processors.standard.CryptographicHashAttributeTest - flowfile.username_SHA3-512 = a69f73cca23a9ac5c8b567dc185a756e97c982164fe25859e0d1dcc1475c80a615b2123af1f5f94c11e3e9402c3ac558f500199d95b6d3e301758586281dcd26
[main] INFO org.apache.nifi.processors.standard.CryptographicHashAttributeTest - flowfile.date_SHA3-512 = null
[main] INFO org.apache.nifi.processors.standard.CryptographicHashAttributeTest - [EXPECTED]  BLAKE2-160() = 3345524abf6bbe1809449224b5972c41790b6cf2
[main] INFO org.apache.nifi.processors.standard.CryptographicHashAttributeTest - [EXPECTED]  BLAKE2-160(null) = null
[main] INFO org.apache.nifi.processors.standard.CryptographicHashAttributeTest - Setting hash algorithm to BLAKE2-160
[main] INFO org.apache.nifi.processors.standard.CryptographicHashAttributeTest - flowfile.username_BLAKE2-160 = 3345524abf6bbe1809449224b5972c41790b6cf2
[main] INFO org.apache.nifi.processors.standard.CryptographicHashAttributeTest - flowfile.date_BLAKE2-160 = null
[main] INFO org.apache.nifi.processors.standard.CryptographicHashAttributeTest - [EXPECTED]  BLAKE2-256() = 0e5751c026e543b2e8ab2eb06099daa1d1e5df47778f7787faab45cdf12fe3a8
[main] INFO org.apache.nifi.processors.standard.CryptographicHashAttributeTest - [EXPECTED]  BLAKE2-256(null) = null
[main] INFO org.apache.nifi.processors.standard.CryptographicHashAttributeTest - Setting hash algorithm to BLAKE2-256
[main] INFO org.apache.nifi.processors.standard.CryptographicHashAttributeTest - flowfile.username_BLAKE2-256 = 0e5751c026e543b2e8ab2eb06099daa1d1e5df47778f7787faab45cdf12fe3a8
[main] INFO org.apache.nifi.processors.standard.CryptographicHashAttributeTest - flowfile.date_BLAKE2-256 = null
[main] INFO org.apache.nifi.processors.standard.CryptographicHashAttributeTest - [EXPECTED]  BLAKE2-384() = b32811423377f52d7862286ee1a72ee540524380fda1724a6f25d7978c6fd3244a6caf0498812673c5e05ef583825100
[main] INFO org.apache.nifi.processors.standard.CryptographicHashAttributeTest - [EXPECTED]  BLAKE2-384(null) = null
[main] INFO org.apache.nifi.processors.standard.CryptographicHashAttributeTest - Setting hash algorithm to BLAKE2-384
[main] INFO org.apache.nifi.processors.standard.CryptographicHashAttributeTest - flowfile.username_BLAKE2-384 = b32811423377f52d7862286ee1a72ee540524380fda1724a6f25d7978c6fd3244a6caf0498812673c5e05ef583825100
[main] INFO org.apache.nifi.processors.standard.CryptographicHashAttributeTest - flowfile.date_BLAKE2-384 = null
[main] INFO org.apache.nifi.processors.standard.CryptographicHashAttributeTest - [EXPECTED]  BLAKE2-512() = 786a02f742015903c6c6fd852552d272912f4740e15847618a86e217f71f5419d25e1031afee585313896444934eb04b903a685b1448b755d56f701afe9be2ce
[main] INFO org.apache.nifi.processors.standard.CryptographicHashAttributeTest - [EXPECTED]  BLAKE2-512(null) = null
[main] INFO org.apache.nifi.processors.standard.CryptographicHashAttributeTest - Setting hash algorithm to BLAKE2-512
[main] INFO org.apache.nifi.processors.standard.CryptographicHashAttributeTest - flowfile.username_BLAKE2-512 = 786a02f742015903c6c6fd852552d272912f4740e15847618a86e217f71f5419d25e1031afee585313896444934eb04b903a685b1448b755d56f701afe9be2ce
[main] INFO org.apache.nifi.processors.standard.CryptographicHashAttributeTest - flowfile.date_BLAKE2-512 = null
]]></system-err>
  </testcase>
  <testcase name="testShouldRouteToSuccessOnAllowPartial" classname="org.apache.nifi.processors.standard.CryptographicHashAttributeTest" time="0.024">
    <system-err><![CDATA[[main] INFO org.apache.nifi.processors.standard.CryptographicHashAttributeTest - [EXPECTED]         MD2() = 8350e5a3e24c153df2275c9f80692773
[main] INFO org.apache.nifi.processors.standard.CryptographicHashAttributeTest - [EXPECTED]         MD2(null) = null
[main] INFO org.apache.nifi.processors.standard.CryptographicHashAttributeTest - Setting hash algorithm to MD2
[main] INFO org.apache.nifi.processors.standard.CryptographicHashAttributeTest - Successful flowfile has attributes [path:target, filename:90420594988714.mockFlowFile, username_MD2:8350e5a3e24c153df2275c9f80692773, uuid:696add2b-77cc-43e6-92e5-195fdcb9fd27, username:]
[main] INFO org.apache.nifi.processors.standard.CryptographicHashAttributeTest - [EXPECTED]         MD5() = d41d8cd98f00b204e9800998ecf8427e
[main] INFO org.apache.nifi.processors.standard.CryptographicHashAttributeTest - [EXPECTED]         MD5(null) = null
[main] INFO org.apache.nifi.processors.standard.CryptographicHashAttributeTest - Setting hash algorithm to MD5
[main] INFO org.apache.nifi.processors.standard.CryptographicHashAttributeTest - Successful flowfile has attributes [path:target, filename:90420597477398.mockFlowFile, username_MD5:d41d8cd98f00b204e9800998ecf8427e, uuid:79e58085-1855-447f-b5e0-14f260f82354, username:]
[main] INFO org.apache.nifi.processors.standard.CryptographicHashAttributeTest - [EXPECTED]       SHA-1() = da39a3ee5e6b4b0d3255bfef95601890afd80709
[main] INFO org.apache.nifi.processors.standard.CryptographicHashAttributeTest - [EXPECTED]       SHA-1(null) = null
[main] INFO org.apache.nifi.processors.standard.CryptographicHashAttributeTest - Setting hash algorithm to SHA-1
[main] INFO org.apache.nifi.processors.standard.CryptographicHashAttributeTest - Successful flowfile has attributes [path:target, filename:90420598665495.mockFlowFile, uuid:b818443b-a04c-4af4-8e22-3f73ae3c8309, username:, username_SHA-1:da39a3ee5e6b4b0d3255bfef95601890afd80709]
[main] INFO org.apache.nifi.processors.standard.CryptographicHashAttributeTest - [EXPECTED]     SHA-224() = d14a028c2a3a2bc9476102bb288234c415a2b01f828ea62ac5b3e42f
[main] INFO org.apache.nifi.processors.standard.CryptographicHashAttributeTest - [EXPECTED]     SHA-224(null) = null
[main] INFO org.apache.nifi.processors.standard.CryptographicHashAttributeTest - Setting hash algorithm to SHA-224
[main] INFO org.apache.nifi.processors.standard.CryptographicHashAttributeTest - Successful flowfile has attributes [path:target, filename:90420599516970.mockFlowFile, username_SHA-224:d14a028c2a3a2bc9476102bb288234c415a2b01f828ea62ac5b3e42f, uuid:142ca16c-88d7-4041-beb8-412e6e9ba430, username:]
[main] INFO org.apache.nifi.processors.standard.CryptographicHashAttributeTest - [EXPECTED]     SHA-256() = e3b0c44298fc1c149afbf4c8996fb92427ae41e4649b934ca495991b7852b855
[main] INFO org.apache.nifi.processors.standard.CryptographicHashAttributeTest - [EXPECTED]     SHA-256(null) = null
[main] INFO org.apache.nifi.processors.standard.CryptographicHashAttributeTest - Setting hash algorithm to SHA-256
[main] INFO org.apache.nifi.processors.standard.CryptographicHashAttributeTest - Successful flowfile has attributes [path:target, filename:90420600304751.mockFlowFile, username_SHA-256:e3b0c44298fc1c149afbf4c8996fb92427ae41e4649b934ca495991b7852b855, uuid:21fc1749-4ee5-456a-9340-2ee184a22506, username:]
[main] INFO org.apache.nifi.processors.standard.CryptographicHashAttributeTest - [EXPECTED]     SHA-384() = 38b060a751ac96384cd9327eb1b1e36a21fdb71114be07434c0cc7bf63f6e1da274edebfe76f65fbd51ad2f14898b95b
[main] INFO org.apache.nifi.processors.standard.CryptographicHashAttributeTest - [EXPECTED]     SHA-384(null) = null
[main] INFO org.apache.nifi.processors.standard.CryptographicHashAttributeTest - Setting hash algorithm to SHA-384
[main] INFO org.apache.nifi.processors.standard.CryptographicHashAttributeTest - Successful flowfile has attributes [path:target, filename:90420601177629.mockFlowFile, username_SHA-384:38b060a751ac96384cd9327eb1b1e36a21fdb71114be07434c0cc7bf63f6e1da274edebfe76f65fbd51ad2f14898b95b, uuid:15f9d966-b884-40e0-b608-e9cdf19ba865, username:]
[main] INFO org.apache.nifi.processors.standard.CryptographicHashAttributeTest - [EXPECTED]     SHA-512() = cf83e1357eefb8bdf1542850d66d8007d620e4050b5715dc83f4a921d36ce9ce47d0d13c5d85f2b0ff8318d2877eec2f63b931bd47417a81a538327af927da3e
[main] INFO org.apache.nifi.processors.standard.CryptographicHashAttributeTest - [EXPECTED]     SHA-512(null) = null
[main] INFO org.apache.nifi.processors.standard.CryptographicHashAttributeTest - Setting hash algorithm to SHA-512
[main] INFO org.apache.nifi.processors.standard.CryptographicHashAttributeTest - Successful flowfile has attributes [path:target, filename:90420601861528.mockFlowFile, uuid:da66df1a-2f15-40d7-a61c-eb9fa0541e7d, username_SHA-512:cf83e1357eefb8bdf1542850d66d8007d620e4050b5715dc83f4a921d36ce9ce47d0d13c5d85f2b0ff8318d2877eec2f63b931bd47417a81a538327af927da3e, username:]
[main] INFO org.apache.nifi.processors.standard.CryptographicHashAttributeTest - [EXPECTED] SHA-512/224() = 6ed0dd02806fa89e25de060c19d3ac86cabb87d6a0ddd05c333b84f4
[main] INFO org.apache.nifi.processors.standard.CryptographicHashAttributeTest - [EXPECTED] SHA-512/224(null) = null
[main] INFO org.apache.nifi.processors.standard.CryptographicHashAttributeTest - Setting hash algorithm to SHA-512/224
[main] INFO org.apache.nifi.processors.standard.CryptographicHashAttributeTest - Successful flowfile has attributes [path:target, filename:90420602463190.mockFlowFile, username_SHA-512/224:6ed0dd02806fa89e25de060c19d3ac86cabb87d6a0ddd05c333b84f4, uuid:957f2774-676f-453e-b984-2952f6090e2b, username:]
[main] INFO org.apache.nifi.processors.standard.CryptographicHashAttributeTest - [EXPECTED] SHA-512/256() = c672b8d1ef56ed28ab87c3622c5114069bdd3ad7b8f9737498d0c01ecef0967a
[main] INFO org.apache.nifi.processors.standard.CryptographicHashAttributeTest - [EXPECTED] SHA-512/256(null) = null
[main] INFO org.apache.nifi.processors.standard.CryptographicHashAttributeTest - Setting hash algorithm to SHA-512/256
[main] INFO org.apache.nifi.processors.standard.CryptographicHashAttributeTest - Successful flowfile has attributes [path:target, username_SHA-512/256:c672b8d1ef56ed28ab87c3622c5114069bdd3ad7b8f9737498d0c01ecef0967a, filename:90420603045440.mockFlowFile, uuid:c0b7a23d-b036-4b5f-a2f0-800d3874e361, username:]
[main] INFO org.apache.nifi.processors.standard.CryptographicHashAttributeTest - [EXPECTED]    SHA3-224() = 6b4e03423667dbb73b6e15454f0eb1abd4597f9a1b078e3f5b5a6bc7
[main] INFO org.apache.nifi.processors.standard.CryptographicHashAttributeTest - [EXPECTED]    SHA3-224(null) = null
[main] INFO org.apache.nifi.processors.standard.CryptographicHashAttributeTest - Setting hash algorithm to SHA3-224
[main] INFO org.apache.nifi.processors.standard.CryptographicHashAttributeTest - Successful flowfile has attributes [path:target, filename:90420603710622.mockFlowFile, uuid:506dfc95-59fd-41e5-859b-0b52aee5f184, username_SHA3-224:6b4e03423667dbb73b6e15454f0eb1abd4597f9a1b078e3f5b5a6bc7, username:]
[main] INFO org.apache.nifi.processors.standard.CryptographicHashAttributeTest - [EXPECTED]    SHA3-256() = a7ffc6f8bf1ed76651c14756a061d662f580ff4de43b49fa82d80a4b80f8434a
[main] INFO org.apache.nifi.processors.standard.CryptographicHashAttributeTest - [EXPECTED]    SHA3-256(null) = null
[main] INFO org.apache.nifi.processors.standard.CryptographicHashAttributeTest - Setting hash algorithm to SHA3-256
[main] INFO org.apache.nifi.processors.standard.CryptographicHashAttributeTest - Successful flowfile has attributes [path:target, filename:90420604561303.mockFlowFile, username_SHA3-256:a7ffc6f8bf1ed76651c14756a061d662f580ff4de43b49fa82d80a4b80f8434a, uuid:e94c4c59-cf7c-4634-bc28-e5ff8f5cff19, username:]
[main] INFO org.apache.nifi.processors.standard.CryptographicHashAttributeTest - [EXPECTED]    SHA3-384() = 0c63a75b845e4f7d01107d852e4c2485c51a50aaaa94fc61995e71bbee983a2ac3713831264adb47fb6bd1e058d5f004
[main] INFO org.apache.nifi.processors.standard.CryptographicHashAttributeTest - [EXPECTED]    SHA3-384(null) = null
[main] INFO org.apache.nifi.processors.standard.CryptographicHashAttributeTest - Setting hash algorithm to SHA3-384
[main] INFO org.apache.nifi.processors.standard.CryptographicHashAttributeTest - Successful flowfile has attributes [path:target, filename:90420605598465.mockFlowFile, username_SHA3-384:0c63a75b845e4f7d01107d852e4c2485c51a50aaaa94fc61995e71bbee983a2ac3713831264adb47fb6bd1e058d5f004, uuid:40564266-24ea-41d3-a18f-2b76df480832, username:]
[main] INFO org.apache.nifi.processors.standard.CryptographicHashAttributeTest - [EXPECTED]    SHA3-512() = a69f73cca23a9ac5c8b567dc185a756e97c982164fe25859e0d1dcc1475c80a615b2123af1f5f94c11e3e9402c3ac558f500199d95b6d3e301758586281dcd26
[main] INFO org.apache.nifi.processors.standard.CryptographicHashAttributeTest - [EXPECTED]    SHA3-512(null) = null
[main] INFO org.apache.nifi.processors.standard.CryptographicHashAttributeTest - Setting hash algorithm to SHA3-512
[main] INFO org.apache.nifi.processors.standard.CryptographicHashAttributeTest - Successful flowfile has attributes [path:target, filename:90420606754429.mockFlowFile, username_SHA3-512:a69f73cca23a9ac5c8b567dc185a756e97c982164fe25859e0d1dcc1475c80a615b2123af1f5f94c11e3e9402c3ac558f500199d95b6d3e301758586281dcd26, uuid:e2079ae3-0254-4e34-a0d6-185f218051ec, username:]
[main] INFO org.apache.nifi.processors.standard.CryptographicHashAttributeTest - [EXPECTED]  BLAKE2-160() = 3345524abf6bbe1809449224b5972c41790b6cf2
[main] INFO org.apache.nifi.processors.standard.CryptographicHashAttributeTest - [EXPECTED]  BLAKE2-160(null) = null
[main] INFO org.apache.nifi.processors.standard.CryptographicHashAttributeTest - Setting hash algorithm to BLAKE2-160
[main] INFO org.apache.nifi.processors.standard.CryptographicHashAttributeTest - Successful flowfile has attributes [path:target, filename:90420607582100.mockFlowFile, username_BLAKE2-160:3345524abf6bbe1809449224b5972c41790b6cf2, uuid:6017f8b9-d8d5-43a6-904d-b1db692a24f6, username:]
[main] INFO org.apache.nifi.processors.standard.CryptographicHashAttributeTest - [EXPECTED]  BLAKE2-256() = 0e5751c026e543b2e8ab2eb06099daa1d1e5df47778f7787faab45cdf12fe3a8
[main] INFO org.apache.nifi.processors.standard.CryptographicHashAttributeTest - [EXPECTED]  BLAKE2-256(null) = null
[main] INFO org.apache.nifi.processors.standard.CryptographicHashAttributeTest - Setting hash algorithm to BLAKE2-256
[main] INFO org.apache.nifi.processors.standard.CryptographicHashAttributeTest - Successful flowfile has attributes [path:target, filename:90420608245336.mockFlowFile, username_BLAKE2-256:0e5751c026e543b2e8ab2eb06099daa1d1e5df47778f7787faab45cdf12fe3a8, uuid:e09fad9e-7c8e-4410-a51f-1585de610331, username:]
[main] INFO org.apache.nifi.processors.standard.CryptographicHashAttributeTest - [EXPECTED]  BLAKE2-384() = b32811423377f52d7862286ee1a72ee540524380fda1724a6f25d7978c6fd3244a6caf0498812673c5e05ef583825100
[main] INFO org.apache.nifi.processors.standard.CryptographicHashAttributeTest - [EXPECTED]  BLAKE2-384(null) = null
[main] INFO org.apache.nifi.processors.standard.CryptographicHashAttributeTest - Setting hash algorithm to BLAKE2-384
[main] INFO org.apache.nifi.processors.standard.CryptographicHashAttributeTest - Successful flowfile has attributes [path:target, filename:90420609201747.mockFlowFile, username_BLAKE2-384:b32811423377f52d7862286ee1a72ee540524380fda1724a6f25d7978c6fd3244a6caf0498812673c5e05ef583825100, uuid:a6f3f656-22d1-4824-a6a0-3bd2aab7b310, username:]
[main] INFO org.apache.nifi.processors.standard.CryptographicHashAttributeTest - [EXPECTED]  BLAKE2-512() = 786a02f742015903c6c6fd852552d272912f4740e15847618a86e217f71f5419d25e1031afee585313896444934eb04b903a685b1448b755d56f701afe9be2ce
[main] INFO org.apache.nifi.processors.standard.CryptographicHashAttributeTest - [EXPECTED]  BLAKE2-512(null) = null
[main] INFO org.apache.nifi.processors.standard.CryptographicHashAttributeTest - Setting hash algorithm to BLAKE2-512
[main] INFO org.apache.nifi.processors.standard.CryptographicHashAttributeTest - Successful flowfile has attributes [path:target, filename:90420610091790.mockFlowFile, username_BLAKE2-512:786a02f742015903c6c6fd852552d272912f4740e15847618a86e217f71f5419d25e1031afee585313896444934eb04b903a685b1448b755d56f701afe9be2ce, uuid:ff9c757f-a273-4bd4-bd91-57929299589a, username:]
]]></system-err>
  </testcase>
  <testcase name="testShouldRouteToFailureOnProhibitedMissingAttribute" classname="org.apache.nifi.processors.standard.CryptographicHashAttributeTest" time="0.015">
    <system-err><![CDATA[[main] INFO org.apache.nifi.processors.standard.CryptographicHashAttributeTest - [EXPECTED]         MD2() = 8350e5a3e24c153df2275c9f80692773
[main] INFO org.apache.nifi.processors.standard.CryptographicHashAttributeTest - [EXPECTED]         MD2(null) = null
[main] INFO org.apache.nifi.processors.standard.CryptographicHashAttributeTest - Setting hash algorithm to MD2
[pool-1379-thread-1] INFO org.apache.nifi.processors.standard.CryptographicHashAttribute - CryptographicHashAttribute[id=17bc19aa-6bd4-460a-af79-9fdae1fec531] Routing FlowFile[0,90420613671990.mockFlowFile,0B] to 'failure' because of missing attributes: date 
[main] INFO org.apache.nifi.processors.standard.CryptographicHashAttributeTest - Failed flowfile has attributes [date:null, path:target, filename:90420613671990.mockFlowFile, uuid:c0a9b65b-e42b-4555-8d25-1e2b0824e818, username:]
[main] INFO org.apache.nifi.processors.standard.CryptographicHashAttributeTest - [EXPECTED]         MD5() = d41d8cd98f00b204e9800998ecf8427e
[main] INFO org.apache.nifi.processors.standard.CryptographicHashAttributeTest - [EXPECTED]         MD5(null) = null
[main] INFO org.apache.nifi.processors.standard.CryptographicHashAttributeTest - Setting hash algorithm to MD5
[pool-1380-thread-1] INFO org.apache.nifi.processors.standard.CryptographicHashAttribute - CryptographicHashAttribute[id=17bc19aa-6bd4-460a-af79-9fdae1fec531] Routing FlowFile[1,90420615457184.mockFlowFile,0B] to 'failure' because of missing attributes: date 
[main] INFO org.apache.nifi.processors.standard.CryptographicHashAttributeTest - Failed flowfile has attributes [date:null, path:target, filename:90420615457184.mockFlowFile, uuid:a7f80761-31f6-43f2-b271-0a822c8d693d, username:]
[main] INFO org.apache.nifi.processors.standard.CryptographicHashAttributeTest - [EXPECTED]       SHA-1() = da39a3ee5e6b4b0d3255bfef95601890afd80709
[main] INFO org.apache.nifi.processors.standard.CryptographicHashAttributeTest - [EXPECTED]       SHA-1(null) = null
[main] INFO org.apache.nifi.processors.standard.CryptographicHashAttributeTest - Setting hash algorithm to SHA-1
[pool-1381-thread-1] INFO org.apache.nifi.processors.standard.CryptographicHashAttribute - CryptographicHashAttribute[id=17bc19aa-6bd4-460a-af79-9fdae1fec531] Routing FlowFile[2,90420616045369.mockFlowFile,0B] to 'failure' because of missing attributes: date 
[main] INFO org.apache.nifi.processors.standard.CryptographicHashAttributeTest - Failed flowfile has attributes [date:null, path:target, filename:90420616045369.mockFlowFile, uuid:6e282ac7-2f3a-4b91-ad6c-ec149ade6adb, username:]
[main] INFO org.apache.nifi.processors.standard.CryptographicHashAttributeTest - [EXPECTED]     SHA-224() = d14a028c2a3a2bc9476102bb288234c415a2b01f828ea62ac5b3e42f
[main] INFO org.apache.nifi.processors.standard.CryptographicHashAttributeTest - [EXPECTED]     SHA-224(null) = null
[main] INFO org.apache.nifi.processors.standard.CryptographicHashAttributeTest - Setting hash algorithm to SHA-224
[pool-1382-thread-1] INFO org.apache.nifi.processors.standard.CryptographicHashAttribute - CryptographicHashAttribute[id=17bc19aa-6bd4-460a-af79-9fdae1fec531] Routing FlowFile[3,90420616637986.mockFlowFile,0B] to 'failure' because of missing attributes: date 
[main] INFO org.apache.nifi.processors.standard.CryptographicHashAttributeTest - Failed flowfile has attributes [date:null, path:target, filename:90420616637986.mockFlowFile, uuid:0cc57831-c2ea-4f7c-8c1a-dce994a97c73, username:]
[main] INFO org.apache.nifi.processors.standard.CryptographicHashAttributeTest - [EXPECTED]     SHA-256() = e3b0c44298fc1c149afbf4c8996fb92427ae41e4649b934ca495991b7852b855
[main] INFO org.apache.nifi.processors.standard.CryptographicHashAttributeTest - [EXPECTED]     SHA-256(null) = null
[main] INFO org.apache.nifi.processors.standard.CryptographicHashAttributeTest - Setting hash algorithm to SHA-256
[pool-1383-thread-1] INFO org.apache.nifi.processors.standard.CryptographicHashAttribute - CryptographicHashAttribute[id=17bc19aa-6bd4-460a-af79-9fdae1fec531] Routing FlowFile[4,90420617106106.mockFlowFile,0B] to 'failure' because of missing attributes: date 
[main] INFO org.apache.nifi.processors.standard.CryptographicHashAttributeTest - Failed flowfile has attributes [date:null, path:target, filename:90420617106106.mockFlowFile, uuid:e2623a11-3a9f-45ae-8eb0-1e78828940f8, username:]
[main] INFO org.apache.nifi.processors.standard.CryptographicHashAttributeTest - [EXPECTED]     SHA-384() = 38b060a751ac96384cd9327eb1b1e36a21fdb71114be07434c0cc7bf63f6e1da274edebfe76f65fbd51ad2f14898b95b
[main] INFO org.apache.nifi.processors.standard.CryptographicHashAttributeTest - [EXPECTED]     SHA-384(null) = null
[main] INFO org.apache.nifi.processors.standard.CryptographicHashAttributeTest - Setting hash algorithm to SHA-384
[pool-1384-thread-1] INFO org.apache.nifi.processors.standard.CryptographicHashAttribute - CryptographicHashAttribute[id=17bc19aa-6bd4-460a-af79-9fdae1fec531] Routing FlowFile[5,90420617593536.mockFlowFile,0B] to 'failure' because of missing attributes: date 
[main] INFO org.apache.nifi.processors.standard.CryptographicHashAttributeTest - Failed flowfile has attributes [date:null, path:target, filename:90420617593536.mockFlowFile, uuid:dde2f395-4626-4541-8add-d8847165107a, username:]
[main] INFO org.apache.nifi.processors.standard.CryptographicHashAttributeTest - [EXPECTED]     SHA-512() = cf83e1357eefb8bdf1542850d66d8007d620e4050b5715dc83f4a921d36ce9ce47d0d13c5d85f2b0ff8318d2877eec2f63b931bd47417a81a538327af927da3e
[main] INFO org.apache.nifi.processors.standard.CryptographicHashAttributeTest - [EXPECTED]     SHA-512(null) = null
[main] INFO org.apache.nifi.processors.standard.CryptographicHashAttributeTest - Setting hash algorithm to SHA-512
[pool-1385-thread-1] INFO org.apache.nifi.processors.standard.CryptographicHashAttribute - CryptographicHashAttribute[id=17bc19aa-6bd4-460a-af79-9fdae1fec531] Routing FlowFile[6,90420618040774.mockFlowFile,0B] to 'failure' because of missing attributes: date 
[main] INFO org.apache.nifi.processors.standard.CryptographicHashAttributeTest - Failed flowfile has attributes [date:null, path:target, filename:90420618040774.mockFlowFile, uuid:cbeebf6d-0996-41aa-8eb7-1daae24039b5, username:]
[main] INFO org.apache.nifi.processors.standard.CryptographicHashAttributeTest - [EXPECTED] SHA-512/224() = 6ed0dd02806fa89e25de060c19d3ac86cabb87d6a0ddd05c333b84f4
[main] INFO org.apache.nifi.processors.standard.CryptographicHashAttributeTest - [EXPECTED] SHA-512/224(null) = null
[main] INFO org.apache.nifi.processors.standard.CryptographicHashAttributeTest - Setting hash algorithm to SHA-512/224
[pool-1386-thread-1] INFO org.apache.nifi.processors.standard.CryptographicHashAttribute - CryptographicHashAttribute[id=17bc19aa-6bd4-460a-af79-9fdae1fec531] Routing FlowFile[7,90420618820141.mockFlowFile,0B] to 'failure' because of missing attributes: date 
[main] INFO org.apache.nifi.processors.standard.CryptographicHashAttributeTest - Failed flowfile has attributes [date:null, path:target, filename:90420618820141.mockFlowFile, uuid:052a5256-a100-4a74-9f9e-08af4af11d82, username:]
[main] INFO org.apache.nifi.processors.standard.CryptographicHashAttributeTest - [EXPECTED] SHA-512/256() = c672b8d1ef56ed28ab87c3622c5114069bdd3ad7b8f9737498d0c01ecef0967a
[main] INFO org.apache.nifi.processors.standard.CryptographicHashAttributeTest - [EXPECTED] SHA-512/256(null) = null
[main] INFO org.apache.nifi.processors.standard.CryptographicHashAttributeTest - Setting hash algorithm to SHA-512/256
[pool-1387-thread-1] INFO org.apache.nifi.processors.standard.CryptographicHashAttribute - CryptographicHashAttribute[id=17bc19aa-6bd4-460a-af79-9fdae1fec531] Routing FlowFile[8,90420619775647.mockFlowFile,0B] to 'failure' because of missing attributes: date 
[main] INFO org.apache.nifi.processors.standard.CryptographicHashAttributeTest - Failed flowfile has attributes [date:null, path:target, filename:90420619775647.mockFlowFile, uuid:b354ea97-1d82-48e4-addb-a18487ebad34, username:]
[main] INFO org.apache.nifi.processors.standard.CryptographicHashAttributeTest - [EXPECTED]    SHA3-224() = 6b4e03423667dbb73b6e15454f0eb1abd4597f9a1b078e3f5b5a6bc7
[main] INFO org.apache.nifi.processors.standard.CryptographicHashAttributeTest - [EXPECTED]    SHA3-224(null) = null
[main] INFO org.apache.nifi.processors.standard.CryptographicHashAttributeTest - Setting hash algorithm to SHA3-224
[pool-1388-thread-1] INFO org.apache.nifi.processors.standard.CryptographicHashAttribute - CryptographicHashAttribute[id=17bc19aa-6bd4-460a-af79-9fdae1fec531] Routing FlowFile[9,90420620500269.mockFlowFile,0B] to 'failure' because of missing attributes: date 
[main] INFO org.apache.nifi.processors.standard.CryptographicHashAttributeTest - Failed flowfile has attributes [date:null, path:target, filename:90420620500269.mockFlowFile, uuid:eb643fda-b38a-4604-8b27-587534fa2b67, username:]
[main] INFO org.apache.nifi.processors.standard.CryptographicHashAttributeTest - [EXPECTED]    SHA3-256() = a7ffc6f8bf1ed76651c14756a061d662f580ff4de43b49fa82d80a4b80f8434a
[main] INFO org.apache.nifi.processors.standard.CryptographicHashAttributeTest - [EXPECTED]    SHA3-256(null) = null
[main] INFO org.apache.nifi.processors.standard.CryptographicHashAttributeTest - Setting hash algorithm to SHA3-256
[pool-1389-thread-1] INFO org.apache.nifi.processors.standard.CryptographicHashAttribute - CryptographicHashAttribute[id=17bc19aa-6bd4-460a-af79-9fdae1fec531] Routing FlowFile[10,90420621377740.mockFlowFile,0B] to 'failure' because of missing attributes: date 
[main] INFO org.apache.nifi.processors.standard.CryptographicHashAttributeTest - Failed flowfile has attributes [date:null, path:target, filename:90420621377740.mockFlowFile, uuid:a725be50-b340-4cb6-82f2-1e8ac675a5ba, username:]
[main] INFO org.apache.nifi.processors.standard.CryptographicHashAttributeTest - [EXPECTED]    SHA3-384() = 0c63a75b845e4f7d01107d852e4c2485c51a50aaaa94fc61995e71bbee983a2ac3713831264adb47fb6bd1e058d5f004
[main] INFO org.apache.nifi.processors.standard.CryptographicHashAttributeTest - [EXPECTED]    SHA3-384(null) = null
[main] INFO org.apache.nifi.processors.standard.CryptographicHashAttributeTest - Setting hash algorithm to SHA3-384
[pool-1390-thread-1] INFO org.apache.nifi.processors.standard.CryptographicHashAttribute - CryptographicHashAttribute[id=17bc19aa-6bd4-460a-af79-9fdae1fec531] Routing FlowFile[11,90420622156137.mockFlowFile,0B] to 'failure' because of missing attributes: date 
[main] INFO org.apache.nifi.processors.standard.CryptographicHashAttributeTest - Failed flowfile has attributes [date:null, path:target, filename:90420622156137.mockFlowFile, uuid:c8bbacbf-2c45-42f7-bd90-4d839ad21125, username:]
[main] INFO org.apache.nifi.processors.standard.CryptographicHashAttributeTest - [EXPECTED]    SHA3-512() = a69f73cca23a9ac5c8b567dc185a756e97c982164fe25859e0d1dcc1475c80a615b2123af1f5f94c11e3e9402c3ac558f500199d95b6d3e301758586281dcd26
[main] INFO org.apache.nifi.processors.standard.CryptographicHashAttributeTest - [EXPECTED]    SHA3-512(null) = null
[main] INFO org.apache.nifi.processors.standard.CryptographicHashAttributeTest - Setting hash algorithm to SHA3-512
[pool-1391-thread-1] INFO org.apache.nifi.processors.standard.CryptographicHashAttribute - CryptographicHashAttribute[id=17bc19aa-6bd4-460a-af79-9fdae1fec531] Routing FlowFile[12,90420622757353.mockFlowFile,0B] to 'failure' because of missing attributes: date 
[main] INFO org.apache.nifi.processors.standard.CryptographicHashAttributeTest - Failed flowfile has attributes [date:null, path:target, filename:90420622757353.mockFlowFile, uuid:9370e802-9179-42b7-837a-7658f8892a90, username:]
[main] INFO org.apache.nifi.processors.standard.CryptographicHashAttributeTest - [EXPECTED]  BLAKE2-160() = 3345524abf6bbe1809449224b5972c41790b6cf2
[main] INFO org.apache.nifi.processors.standard.CryptographicHashAttributeTest - [EXPECTED]  BLAKE2-160(null) = null
[main] INFO org.apache.nifi.processors.standard.CryptographicHashAttributeTest - Setting hash algorithm to BLAKE2-160
[pool-1392-thread-1] INFO org.apache.nifi.processors.standard.CryptographicHashAttribute - CryptographicHashAttribute[id=17bc19aa-6bd4-460a-af79-9fdae1fec531] Routing FlowFile[13,90420623200539.mockFlowFile,0B] to 'failure' because of missing attributes: date 
[main] INFO org.apache.nifi.processors.standard.CryptographicHashAttributeTest - Failed flowfile has attributes [date:null, path:target, filename:90420623200539.mockFlowFile, uuid:52f09aea-6d73-4550-89d3-f530aaabd12f, username:]
[main] INFO org.apache.nifi.processors.standard.CryptographicHashAttributeTest - [EXPECTED]  BLAKE2-256() = 0e5751c026e543b2e8ab2eb06099daa1d1e5df47778f7787faab45cdf12fe3a8
[main] INFO org.apache.nifi.processors.standard.CryptographicHashAttributeTest - [EXPECTED]  BLAKE2-256(null) = null
[main] INFO org.apache.nifi.processors.standard.CryptographicHashAttributeTest - Setting hash algorithm to BLAKE2-256
[pool-1393-thread-1] INFO org.apache.nifi.processors.standard.CryptographicHashAttribute - CryptographicHashAttribute[id=17bc19aa-6bd4-460a-af79-9fdae1fec531] Routing FlowFile[14,90420623707254.mockFlowFile,0B] to 'failure' because of missing attributes: date 
[main] INFO org.apache.nifi.processors.standard.CryptographicHashAttributeTest - Failed flowfile has attributes [date:null, path:target, filename:90420623707254.mockFlowFile, uuid:a945c37c-9c46-4edf-908f-370dd4927c87, username:]
[main] INFO org.apache.nifi.processors.standard.CryptographicHashAttributeTest - [EXPECTED]  BLAKE2-384() = b32811423377f52d7862286ee1a72ee540524380fda1724a6f25d7978c6fd3244a6caf0498812673c5e05ef583825100
[main] INFO org.apache.nifi.processors.standard.CryptographicHashAttributeTest - [EXPECTED]  BLAKE2-384(null) = null
[main] INFO org.apache.nifi.processors.standard.CryptographicHashAttributeTest - Setting hash algorithm to BLAKE2-384
[pool-1394-thread-1] INFO org.apache.nifi.processors.standard.CryptographicHashAttribute - CryptographicHashAttribute[id=17bc19aa-6bd4-460a-af79-9fdae1fec531] Routing FlowFile[15,90420624323806.mockFlowFile,0B] to 'failure' because of missing attributes: date 
[main] INFO org.apache.nifi.processors.standard.CryptographicHashAttributeTest - Failed flowfile has attributes [date:null, path:target, filename:90420624323806.mockFlowFile, uuid:2dd6035c-b193-4931-8d79-2a6a7adb73bb, username:]
[main] INFO org.apache.nifi.processors.standard.CryptographicHashAttributeTest - [EXPECTED]  BLAKE2-512() = 786a02f742015903c6c6fd852552d272912f4740e15847618a86e217f71f5419d25e1031afee585313896444934eb04b903a685b1448b755d56f701afe9be2ce
[main] INFO org.apache.nifi.processors.standard.CryptographicHashAttributeTest - [EXPECTED]  BLAKE2-512(null) = null
[main] INFO org.apache.nifi.processors.standard.CryptographicHashAttributeTest - Setting hash algorithm to BLAKE2-512
[pool-1395-thread-1] INFO org.apache.nifi.processors.standard.CryptographicHashAttribute - CryptographicHashAttribute[id=17bc19aa-6bd4-460a-af79-9fdae1fec531] Routing FlowFile[16,90420625081451.mockFlowFile,0B] to 'failure' because of missing attributes: date 
[main] INFO org.apache.nifi.processors.standard.CryptographicHashAttributeTest - Failed flowfile has attributes [date:null, path:target, filename:90420625081451.mockFlowFile, uuid:958c36b6-357d-442e-9f41-3d84ebf80ebb, username:]
]]></system-err>
  </testcase>
</testsuite>