<?xml version="1.0" encoding="UTF-8"?>
<testsuite xmlns:xsi="http://www.w3.org/2001/XMLSchema-instance" xsi:noNamespaceSchemaLocation="https://maven.apache.org/surefire/maven-surefire-plugin/xsd/surefire-test-report-3.0.xsd" version="3.0" name="org.apache.nifi.toolkit.tls.standalone.TlsToolkitStandaloneCommandLineTest" time="0.482" tests="43" errors="0" skipped="0" failures="0">
  <properties>
    <property name="sun.desktop" value="gnome"/>
    <property name="awt.toolkit" value="sun.awt.X11.XToolkit"/>
    <property name="file.encoding.pkg" value="sun.io"/>
    <property name="java.specification.version" value="1.8"/>
    <property name="sun.cpu.isalist" value=""/>
    <property name="sun.jnu.encoding" value="UTF-8"/>
    <property name="java.class.path" value="/home/alex/Repositories/nifi/nifi-toolkit/nifi-toolkit-tls/target/test-classes:/home/alex/Repositories/nifi/nifi-toolkit/nifi-toolkit-tls/target/classes:/home/alex/Repositories/nifi/nifi-commons/nifi-properties/target/classes:/home/alex/Repositories/nifi/nifi-commons/nifi-property-utils/target/classes:/home/alex/Repositories/nifi/nifi-commons/nifi-security-utils/target/classes:/home/alex/Repositories/nifi/nifi-api/target/classes:/home/alex/Repositories/nifi/nifi-commons/nifi-utils/target/classes:/home/alex/Repositories/nifi/nifi-commons/nifi-security-utils-api/target/classes:/home/alex/Repositories/nifi/nifi-commons/nifi-security-kms/target/classes:/home/alex/.m2/repository/org/apache/commons/commons-lang3/3.12.0/commons-lang3-3.12.0.jar:/home/alex/.m2/repository/commons-codec/commons-codec/1.14/commons-codec-1.14.jar:/home/alex/.m2/repository/at/favre/lib/bcrypt/0.9.0/bcrypt-0.9.0.jar:/home/alex/.m2/repository/at/favre/lib/bytes/1.3.0/bytes-1.3.0.jar:/home/alex/.m2/repository/org/apache/commons/commons-configuration2/2.7/commons-configuration2-2.7.jar:/home/alex/.m2/repository/org/apache/commons/commons-text/1.8/commons-text-1.8.jar:/home/alex/.m2/repository/org/slf4j/slf4j-api/1.7.32/slf4j-api-1.7.32.jar:/home/alex/.m2/repository/org/bouncycastle/bcpkix-jdk15on/1.69/bcpkix-jdk15on-1.69.jar:/home/alex/.m2/repository/org/bouncycastle/bcutil-jdk15on/1.69/bcutil-jdk15on-1.69.jar:/home/alex/.m2/repository/org/bouncycastle/bcprov-jdk15on/1.69/bcprov-jdk15on-1.69.jar:/home/alex/.m2/repository/commons-cli/commons-cli/1.4/commons-cli-1.4.jar:/home/alex/.m2/repository/commons-io/commons-io/2.10.0/commons-io-2.10.0.jar:/home/alex/.m2/repository/org/eclipse/jetty/jetty-server/9.4.44.v20210927/jetty-server-9.4.44.v20210927.jar:/home/alex/.m2/repository/javax/servlet/javax.servlet-api/3.1.0/javax.servlet-api-3.1.0.jar:/home/alex/.m2/repository/org/eclipse/jetty/jetty-http/9.4.44.v20210927/jetty-http-9.4.44.v20210927.jar:/home/alex/.m2/repository/org/eclipse/jetty/jetty-util/9.4.44.v20210927/jetty-util-9.4.44.v20210927.jar:/home/alex/.m2/repository/org/eclipse/jetty/jetty-io/9.4.44.v20210927/jetty-io-9.4.44.v20210927.jar:/home/alex/.m2/repository/org/glassfish/jersey/core/jersey-client/2.33/jersey-client-2.33.jar:/home/alex/.m2/repository/jakarta/ws/rs/jakarta.ws.rs-api/2.1.6/jakarta.ws.rs-api-2.1.6.jar:/home/alex/.m2/repository/org/glassfish/jersey/core/jersey-common/2.33/jersey-common-2.33.jar:/home/alex/.m2/repository/jakarta/annotation/jakarta.annotation-api/1.3.5/jakarta.annotation-api-1.3.5.jar:/home/alex/.m2/repository/org/glassfish/hk2/osgi-resource-locator/1.0.3/osgi-resource-locator-1.0.3.jar:/home/alex/.m2/repository/org/glassfish/hk2/external/jakarta.inject/2.6.1/jakarta.inject-2.6.1.jar:/home/alex/.m2/repository/org/glassfish/jersey/inject/jersey-hk2/2.33/jersey-hk2-2.33.jar:/home/alex/.m2/repository/org/glassfish/hk2/hk2-locator/2.6.1/hk2-locator-2.6.1.jar:/home/alex/.m2/repository/org/glassfish/hk2/external/aopalliance-repackaged/2.6.1/aopalliance-repackaged-2.6.1.jar:/home/alex/.m2/repository/org/glassfish/hk2/hk2-api/2.6.1/hk2-api-2.6.1.jar:/home/alex/.m2/repository/org/glassfish/hk2/hk2-utils/2.6.1/hk2-utils-2.6.1.jar:/home/alex/.m2/repository/org/javassist/javassist/3.25.0-GA/javassist-3.25.0-GA.jar:/home/alex/.m2/repository/com/fasterxml/jackson/core/jackson-databind/2.12.3/jackson-databind-2.12.3.jar:/home/alex/.m2/repository/com/fasterxml/jackson/core/jackson-annotations/2.12.3/jackson-annotations-2.12.3.jar:/home/alex/.m2/repository/com/fasterxml/jackson/core/jackson-core/2.12.3/jackson-core-2.12.3.jar:/home/alex/.m2/repository/org/apache/httpcomponents/httpclient/4.5.5/httpclient-4.5.5.jar:/home/alex/.m2/repository/org/apache/httpcomponents/httpcore/4.4.9/httpcore-4.4.9.jar:/home/alex/.m2/repository/commons-logging/commons-logging/1.2/commons-logging-1.2.jar:/home/alex/.m2/repository/org/slf4j/slf4j-simple/1.7.32/slf4j-simple-1.7.32.jar:/home/alex/.m2/repository/org/junit/jupiter/junit-jupiter-api/5.7.2/junit-jupiter-api-5.7.2.jar:/home/alex/.m2/repository/org/apiguardian/apiguardian-api/1.1.0/apiguardian-api-1.1.0.jar:/home/alex/.m2/repository/org/opentest4j/opentest4j/1.2.0/opentest4j-1.2.0.jar:/home/alex/.m2/repository/org/junit/platform/junit-platform-commons/1.7.2/junit-platform-commons-1.7.2.jar:/home/alex/.m2/repository/org/junit/jupiter/junit-jupiter-engine/5.7.2/junit-jupiter-engine-5.7.2.jar:/home/alex/.m2/repository/org/junit/platform/junit-platform-engine/1.7.2/junit-platform-engine-1.7.2.jar:/home/alex/.m2/repository/org/junit/vintage/junit-vintage-engine/5.7.2/junit-vintage-engine-5.7.2.jar:/home/alex/.m2/repository/junit/junit/4.13.2/junit-4.13.2.jar:/home/alex/.m2/repository/org/hamcrest/hamcrest-core/1.3/hamcrest-core-1.3.jar:/home/alex/.m2/repository/org/junit/jupiter/junit-jupiter-params/5.7.2/junit-jupiter-params-5.7.2.jar:/home/alex/.m2/repository/org/mockito/mockito-core/3.11.2/mockito-core-3.11.2.jar:/home/alex/.m2/repository/net/bytebuddy/byte-buddy/1.11.3/byte-buddy-1.11.3.jar:/home/alex/.m2/repository/net/bytebuddy/byte-buddy-agent/1.11.3/byte-buddy-agent-1.11.3.jar:/home/alex/.m2/repository/org/objenesis/objenesis/3.2/objenesis-3.2.jar:/home/alex/.m2/repository/org/mockito/mockito-junit-jupiter/3.11.2/mockito-junit-jupiter-3.11.2.jar:/home/alex/.m2/repository/org/codehaus/groovy/groovy-test/2.5.14/groovy-test-2.5.14.jar:/home/alex/.m2/repository/org/codehaus/groovy/groovy/2.5.14/groovy-2.5.14.jar:"/>
    <property name="java.vm.vendor" value="Private Build"/>
    <property name="sun.arch.data.model" value="64"/>
    <property name="java.vendor.url" value="http://java.oracle.com/"/>
    <property name="user.timezone" value="Europe/Lisbon"/>
    <property name="java.vm.specification.version" value="1.8"/>
    <property name="os.name" value="Linux"/>
    <property name="user.country" value="US"/>
    <property name="sun.java.launcher" value="SUN_STANDARD"/>
    <property name="sun.boot.library.path" value="/usr/lib/jvm/java-8-openjdk-amd64/jre/lib/amd64"/>
    <property name="sun.java.command" value="/home/alex/Repositories/nifi/nifi-toolkit/nifi-toolkit-tls/target/surefire/surefirebooter6339765271361841907.jar /home/alex/Repositories/nifi/nifi-toolkit/nifi-toolkit-tls/target/surefire 2024-05-02T01-23-45_285-jvmRun1 surefire8923979746779011796tmp surefire_1897308213810577490241tmp"/>
    <property name="surefire.test.class.path" value="/home/alex/Repositories/nifi/nifi-toolkit/nifi-toolkit-tls/target/test-classes:/home/alex/Repositories/nifi/nifi-toolkit/nifi-toolkit-tls/target/classes:/home/alex/Repositories/nifi/nifi-commons/nifi-properties/target/classes:/home/alex/Repositories/nifi/nifi-commons/nifi-property-utils/target/classes:/home/alex/Repositories/nifi/nifi-commons/nifi-security-utils/target/classes:/home/alex/Repositories/nifi/nifi-api/target/classes:/home/alex/Repositories/nifi/nifi-commons/nifi-utils/target/classes:/home/alex/Repositories/nifi/nifi-commons/nifi-security-utils-api/target/classes:/home/alex/Repositories/nifi/nifi-commons/nifi-security-kms/target/classes:/home/alex/.m2/repository/org/apache/commons/commons-lang3/3.12.0/commons-lang3-3.12.0.jar:/home/alex/.m2/repository/commons-codec/commons-codec/1.14/commons-codec-1.14.jar:/home/alex/.m2/repository/at/favre/lib/bcrypt/0.9.0/bcrypt-0.9.0.jar:/home/alex/.m2/repository/at/favre/lib/bytes/1.3.0/bytes-1.3.0.jar:/home/alex/.m2/repository/org/apache/commons/commons-configuration2/2.7/commons-configuration2-2.7.jar:/home/alex/.m2/repository/org/apache/commons/commons-text/1.8/commons-text-1.8.jar:/home/alex/.m2/repository/org/slf4j/slf4j-api/1.7.32/slf4j-api-1.7.32.jar:/home/alex/.m2/repository/org/bouncycastle/bcpkix-jdk15on/1.69/bcpkix-jdk15on-1.69.jar:/home/alex/.m2/repository/org/bouncycastle/bcutil-jdk15on/1.69/bcutil-jdk15on-1.69.jar:/home/alex/.m2/repository/org/bouncycastle/bcprov-jdk15on/1.69/bcprov-jdk15on-1.69.jar:/home/alex/.m2/repository/commons-cli/commons-cli/1.4/commons-cli-1.4.jar:/home/alex/.m2/repository/commons-io/commons-io/2.10.0/commons-io-2.10.0.jar:/home/alex/.m2/repository/org/eclipse/jetty/jetty-server/9.4.44.v20210927/jetty-server-9.4.44.v20210927.jar:/home/alex/.m2/repository/javax/servlet/javax.servlet-api/3.1.0/javax.servlet-api-3.1.0.jar:/home/alex/.m2/repository/org/eclipse/jetty/jetty-http/9.4.44.v20210927/jetty-http-9.4.44.v20210927.jar:/home/alex/.m2/repository/org/eclipse/jetty/jetty-util/9.4.44.v20210927/jetty-util-9.4.44.v20210927.jar:/home/alex/.m2/repository/org/eclipse/jetty/jetty-io/9.4.44.v20210927/jetty-io-9.4.44.v20210927.jar:/home/alex/.m2/repository/org/glassfish/jersey/core/jersey-client/2.33/jersey-client-2.33.jar:/home/alex/.m2/repository/jakarta/ws/rs/jakarta.ws.rs-api/2.1.6/jakarta.ws.rs-api-2.1.6.jar:/home/alex/.m2/repository/org/glassfish/jersey/core/jersey-common/2.33/jersey-common-2.33.jar:/home/alex/.m2/repository/jakarta/annotation/jakarta.annotation-api/1.3.5/jakarta.annotation-api-1.3.5.jar:/home/alex/.m2/repository/org/glassfish/hk2/osgi-resource-locator/1.0.3/osgi-resource-locator-1.0.3.jar:/home/alex/.m2/repository/org/glassfish/hk2/external/jakarta.inject/2.6.1/jakarta.inject-2.6.1.jar:/home/alex/.m2/repository/org/glassfish/jersey/inject/jersey-hk2/2.33/jersey-hk2-2.33.jar:/home/alex/.m2/repository/org/glassfish/hk2/hk2-locator/2.6.1/hk2-locator-2.6.1.jar:/home/alex/.m2/repository/org/glassfish/hk2/external/aopalliance-repackaged/2.6.1/aopalliance-repackaged-2.6.1.jar:/home/alex/.m2/repository/org/glassfish/hk2/hk2-api/2.6.1/hk2-api-2.6.1.jar:/home/alex/.m2/repository/org/glassfish/hk2/hk2-utils/2.6.1/hk2-utils-2.6.1.jar:/home/alex/.m2/repository/org/javassist/javassist/3.25.0-GA/javassist-3.25.0-GA.jar:/home/alex/.m2/repository/com/fasterxml/jackson/core/jackson-databind/2.12.3/jackson-databind-2.12.3.jar:/home/alex/.m2/repository/com/fasterxml/jackson/core/jackson-annotations/2.12.3/jackson-annotations-2.12.3.jar:/home/alex/.m2/repository/com/fasterxml/jackson/core/jackson-core/2.12.3/jackson-core-2.12.3.jar:/home/alex/.m2/repository/org/apache/httpcomponents/httpclient/4.5.5/httpclient-4.5.5.jar:/home/alex/.m2/repository/org/apache/httpcomponents/httpcore/4.4.9/httpcore-4.4.9.jar:/home/alex/.m2/repository/commons-logging/commons-logging/1.2/commons-logging-1.2.jar:/home/alex/.m2/repository/org/slf4j/slf4j-simple/1.7.32/slf4j-simple-1.7.32.jar:/home/alex/.m2/repository/org/junit/jupiter/junit-jupiter-api/5.7.2/junit-jupiter-api-5.7.2.jar:/home/alex/.m2/repository/org/apiguardian/apiguardian-api/1.1.0/apiguardian-api-1.1.0.jar:/home/alex/.m2/repository/org/opentest4j/opentest4j/1.2.0/opentest4j-1.2.0.jar:/home/alex/.m2/repository/org/junit/platform/junit-platform-commons/1.7.2/junit-platform-commons-1.7.2.jar:/home/alex/.m2/repository/org/junit/jupiter/junit-jupiter-engine/5.7.2/junit-jupiter-engine-5.7.2.jar:/home/alex/.m2/repository/org/junit/platform/junit-platform-engine/1.7.2/junit-platform-engine-1.7.2.jar:/home/alex/.m2/repository/org/junit/vintage/junit-vintage-engine/5.7.2/junit-vintage-engine-5.7.2.jar:/home/alex/.m2/repository/junit/junit/4.13.2/junit-4.13.2.jar:/home/alex/.m2/repository/org/hamcrest/hamcrest-core/1.3/hamcrest-core-1.3.jar:/home/alex/.m2/repository/org/junit/jupiter/junit-jupiter-params/5.7.2/junit-jupiter-params-5.7.2.jar:/home/alex/.m2/repository/org/mockito/mockito-core/3.11.2/mockito-core-3.11.2.jar:/home/alex/.m2/repository/net/bytebuddy/byte-buddy/1.11.3/byte-buddy-1.11.3.jar:/home/alex/.m2/repository/net/bytebuddy/byte-buddy-agent/1.11.3/byte-buddy-agent-1.11.3.jar:/home/alex/.m2/repository/org/objenesis/objenesis/3.2/objenesis-3.2.jar:/home/alex/.m2/repository/org/mockito/mockito-junit-jupiter/3.11.2/mockito-junit-jupiter-3.11.2.jar:/home/alex/.m2/repository/org/codehaus/groovy/groovy-test/2.5.14/groovy-test-2.5.14.jar:/home/alex/.m2/repository/org/codehaus/groovy/groovy/2.5.14/groovy-2.5.14.jar:"/>
    <property name="sun.cpu.endian" value="little"/>
    <property name="user.home" value="/home/alex"/>
    <property name="user.language" value="en"/>
    <property name="java.specification.vendor" value="Oracle Corporation"/>
    <property name="java.home" value="/usr/lib/jvm/java-8-openjdk-amd64/jre"/>
    <property name="basedir" value="/home/alex/Repositories/nifi/nifi-toolkit/nifi-toolkit-tls"/>
    <property name="file.separator" value="/"/>
    <property name="line.separator" value="&#10;"/>
    <property name="java.vm.specification.vendor" value="Oracle Corporation"/>
    <property name="java.specification.name" value="Java Platform API Specification"/>
    <property name="java.awt.graphicsenv" value="sun.awt.X11GraphicsEnvironment"/>
    <property name="java.awt.headless" value="true"/>
    <property name="surefire.real.class.path" value="/home/alex/Repositories/nifi/nifi-toolkit/nifi-toolkit-tls/target/surefire/surefirebooter6339765271361841907.jar"/>
    <property name="sun.boot.class.path" value="/usr/lib/jvm/java-8-openjdk-amd64/jre/lib/resources.jar:/usr/lib/jvm/java-8-openjdk-amd64/jre/lib/rt.jar:/usr/lib/jvm/java-8-openjdk-amd64/jre/lib/sunrsasign.jar:/usr/lib/jvm/java-8-openjdk-amd64/jre/lib/jsse.jar:/usr/lib/jvm/java-8-openjdk-amd64/jre/lib/jce.jar:/usr/lib/jvm/java-8-openjdk-amd64/jre/lib/charsets.jar:/usr/lib/jvm/java-8-openjdk-amd64/jre/lib/jfr.jar:/usr/lib/jvm/java-8-openjdk-amd64/jre/classes"/>
    <property name="sun.management.compiler" value="HotSpot 64-Bit Tiered Compilers"/>
    <property name="java.runtime.version" value="1.8.0_402-8u402-ga-2ubuntu1~22.04-b06"/>
    <property name="java.net.preferIPv4Stack" value="true"/>
    <property name="user.name" value="alex"/>
    <property name="path.separator" value=":"/>
    <property name="os.version" value="6.5.0-28-generic"/>
    <property name="java.endorsed.dirs" value="/usr/lib/jvm/java-8-openjdk-amd64/jre/lib/endorsed"/>
    <property name="java.runtime.name" value="OpenJDK Runtime Environment"/>
    <property name="file.encoding" value="UTF-8"/>
    <property name="java.vm.name" value="OpenJDK 64-Bit Server VM"/>
    <property name="localRepository" value="/home/alex/.m2/repository"/>
    <property name="java.vendor.url.bug" value="http://bugreport.sun.com/bugreport/"/>
    <property name="java.io.tmpdir" value="/tmp"/>
    <property name="java.version" value="1.8.0_402"/>
    <property name="user.dir" value="/home/alex/Repositories/nifi/nifi-toolkit/nifi-toolkit-tls"/>
    <property name="os.arch" value="amd64"/>
    <property name="java.vm.specification.name" value="Java Virtual Machine Specification"/>
    <property name="java.awt.printerjob" value="sun.print.PSPrinterJob"/>
    <property name="sun.os.patch.level" value="unknown"/>
    <property name="java.library.path" value="/usr/java/packages/lib/amd64:/usr/lib/x86_64-linux-gnu/jni:/lib/x86_64-linux-gnu:/usr/lib/x86_64-linux-gnu:/usr/lib/jni:/lib:/usr/lib"/>
    <property name="java.vm.info" value="mixed mode"/>
    <property name="java.vendor" value="Private Build"/>
    <property name="java.vm.version" value="25.402-b06"/>
    <property name="java.specification.maintenance.version" value="5"/>
    <property name="java.ext.dirs" value="/usr/lib/jvm/java-8-openjdk-amd64/jre/lib/ext:/usr/java/packages/lib/ext"/>
    <property name="sun.io.unicode.encoding" value="UnicodeLittle"/>
    <property name="java.class.version" value="52.0"/>
  </properties>
  <testcase name="testKeyStoreType" classname="org.apache.nifi.toolkit.tls.standalone.TlsToolkitStandaloneCommandLineTest" time="0.399">
    <system-err><![CDATA[[main] INFO org.apache.nifi.toolkit.tls.standalone.TlsToolkitStandaloneCommandLine - No nifiPropertiesFile specified, using embedded one.
]]></system-err>
  </testcase>
  <testcase name="testKeyPasswordArg" classname="org.apache.nifi.toolkit.tls.standalone.TlsToolkitStandaloneCommandLineTest" time="0.005">
    <system-err><![CDATA[[main] INFO org.apache.nifi.toolkit.tls.standalone.TlsToolkitStandaloneCommandLine - No nifiPropertiesFile specified, using embedded one.
]]></system-err>
  </testcase>
  <testcase name="testSplitKeystoreEmptyKeystore" classname="org.apache.nifi.toolkit.tls.standalone.TlsToolkitStandaloneCommandLineTest" time="0.006">
    <system-err><![CDATA[[main] INFO org.apache.nifi.toolkit.tls.standalone.TlsToolkitStandaloneCommandLine - No nifiPropertiesFile specified, using embedded one.
]]></system-err>
  </testcase>
  <testcase name="testOutputDirectory" classname="org.apache.nifi.toolkit.tls.standalone.TlsToolkitStandaloneCommandLineTest" time="0.002">
    <system-err><![CDATA[[main] INFO org.apache.nifi.toolkit.tls.standalone.TlsToolkitStandaloneCommandLine - No nifiPropertiesFile specified, using embedded one.
]]></system-err>
  </testcase>
  <testcase name="testClientDnSingle" classname="org.apache.nifi.toolkit.tls.standalone.TlsToolkitStandaloneCommandLineTest" time="0.001">
    <system-err><![CDATA[[main] INFO org.apache.nifi.toolkit.tls.standalone.TlsToolkitStandaloneCommandLine - No nifiPropertiesFile specified, using embedded one.
]]></system-err>
  </testcase>
  <testcase name="testSameKeyAndKeystorePasswordWithKeyPasswordSpecified" classname="org.apache.nifi.toolkit.tls.standalone.TlsToolkitStandaloneCommandLineTest" time="0.001">
    <system-err><![CDATA[[main] INFO org.apache.nifi.toolkit.tls.standalone.TlsToolkitStandaloneCommandLine - No nifiPropertiesFile specified, using embedded one.
]]></system-err>
  </testcase>
  <testcase name="testKeySizeArgNotInteger" classname="org.apache.nifi.toolkit.tls.standalone.TlsToolkitStandaloneCommandLineTest" time="0.001">
    <system-out><![CDATA[Expected integer for keySize argument. (For input string: "badVal")

usage: org.apache.nifi.toolkit.tls.TlsToolkitMain [-a <arg>] [--additionalCACertificate <arg>] [-B <arg>] [-c <arg>] [-C <arg>] [-d <arg>] [-f <arg>] [-g] [-G
       <arg>] [-h] [-k <arg>] [-K <arg>] [-n <arg>] [--nifiDnPrefix <arg>] [--nifiDnSuffix <arg>] [-o <arg>] [-O] [-P <arg>] [-s <arg>] [-S <arg>]
       [--splitKeystore <arg>] [--subjectAlternativeNames <arg>] [-T <arg>]

Creates certificates and config files for nifi cluster.

 -a,--keyAlgorithm <arg>                   Algorithm to use for generated keys. (default: RSA)
    --additionalCACertificate <arg>        Path to additional CA certificate (used to sign toolkit CA certificate) in PEM format if necessary
 -B,--clientCertPassword <arg>             Password for client certificate.  Must either be one value or one for each client DN. (autogenerate if not specified)
 -c,--certificateAuthorityHostname <arg>   Hostname of NiFi Certificate Authority (default: localhost)
 -C,--clientCertDn <arg>                   Generate client certificate suitable for use in browser with specified DN. (Can be specified multiple times.)
 -d,--days <arg>                           Number of days issued certificate should be valid for. (default: 825)
 -f,--nifiPropertiesFile <arg>             Base nifi.properties file to update. (Embedded file identical to the one in a default NiFi install will be used if
                                           not specified.)
 -g,--differentKeyAndKeystorePasswords     Use different generated password for the key and the keyStore.
 -G,--globalPortSequence <arg>             Use sequential ports that are calculated for all hosts according to the provided hostname expressions. (Can be
                                           specified multiple times, MUST BE SAME FROM RUN TO RUN.)
 -h,--help                                 Print help and exit.
 -k,--keySize <arg>                        Number of bits for generated keys. (default: 2048)
 -K,--keyPassword <arg>                    Key password to use.  Must either be one value or one for each host. (autogenerate if not specified)
 -n,--hostnames <arg>                      Comma separated list of hostnames.
    --nifiDnPrefix <arg>                   String to prepend to hostname(s) when determining DN. (default: CN=)
    --nifiDnSuffix <arg>                   String to append to hostname(s) when determining DN. (default: , OU=NIFI)
 -o,--outputDirectory <arg>                The directory to output keystores, truststore, config files. (default: ../nifi-toolkit-tls)
 -O,--isOverwrite                          Overwrite existing host output.
 -P,--trustStorePassword <arg>             Keystore password to use.  Must either be one value or one for each host. (autogenerate if not specified)
 -s,--signingAlgorithm <arg>               Algorithm to use for signing certificates. (default: SHA256WITHRSA)
 -S,--keyStorePassword <arg>               Keystore password to use.  Must either be one value or one for each host. (autogenerate if not specified)
    --splitKeystore <arg>                  Split out a given keystore into its unencrypted key and certificates. Use -S and -K to specify the keystore and key
                                           passwords.
    --subjectAlternativeNames <arg>        Comma-separated list of domains to use as Subject Alternative Names in the certificate
 -T,--keyStoreType <arg>                   The type of keyStores to generate. (default: jks)

Java home: null
NiFi Toolkit home: null
]]></system-out>
  </testcase>
  <testcase name="testNifiDnPrefix" classname="org.apache.nifi.toolkit.tls.standalone.TlsToolkitStandaloneCommandLineTest" time="0.001">
    <system-err><![CDATA[[main] INFO org.apache.nifi.toolkit.tls.standalone.TlsToolkitStandaloneCommandLine - No nifiPropertiesFile specified, using embedded one.
]]></system-err>
  </testcase>
  <testcase name="testGlobalOrder" classname="org.apache.nifi.toolkit.tls.standalone.TlsToolkitStandaloneCommandLineTest" time="0.005">
    <system-err><![CDATA[[main] INFO org.apache.nifi.toolkit.tls.standalone.TlsToolkitStandaloneCommandLine - No nifiPropertiesFile specified, using embedded one.
]]></system-err>
  </testcase>
  <testcase name="testNifiDnSuffix" classname="org.apache.nifi.toolkit.tls.standalone.TlsToolkitStandaloneCommandLineTest" time="0.002">
    <system-err><![CDATA[[main] INFO org.apache.nifi.toolkit.tls.standalone.TlsToolkitStandaloneCommandLine - No nifiPropertiesFile specified, using embedded one.
]]></system-err>
  </testcase>
  <testcase name="testSAN" classname="org.apache.nifi.toolkit.tls.standalone.TlsToolkitStandaloneCommandLineTest" time="0.002">
    <system-err><![CDATA[[main] INFO org.apache.nifi.toolkit.tls.standalone.TlsToolkitStandaloneCommandLine - No nifiPropertiesFile specified, using embedded one.
]]></system-err>
  </testcase>
  <testcase name="testTruststorePasswordArg" classname="org.apache.nifi.toolkit.tls.standalone.TlsToolkitStandaloneCommandLineTest" time="0.002">
    <system-err><![CDATA[[main] INFO org.apache.nifi.toolkit.tls.standalone.TlsToolkitStandaloneCommandLine - No nifiPropertiesFile specified, using embedded one.
]]></system-err>
  </testcase>
  <testcase name="testSplitKeystoreWithSameKeystoreAndKeyPassword" classname="org.apache.nifi.toolkit.tls.standalone.TlsToolkitStandaloneCommandLineTest" time="0.004">
    <system-err><![CDATA[[main] INFO org.apache.nifi.toolkit.tls.standalone.TlsToolkitStandaloneCommandLine - No nifiPropertiesFile specified, using embedded one.
[main] WARN org.apache.nifi.toolkit.tls.util.TlsHelper - Key does not exist: Certificate with alias 'certonly' had no private key.
]]></system-err>
  </testcase>
  <testcase name="testKeySize" classname="org.apache.nifi.toolkit.tls.standalone.TlsToolkitStandaloneCommandLineTest" time="0.002">
    <system-err><![CDATA[[main] INFO org.apache.nifi.toolkit.tls.standalone.TlsToolkitStandaloneCommandLine - No nifiPropertiesFile specified, using embedded one.
]]></system-err>
  </testcase>
  <testcase name="testDays" classname="org.apache.nifi.toolkit.tls.standalone.TlsToolkitStandaloneCommandLineTest" time="0.001">
    <system-err><![CDATA[[main] INFO org.apache.nifi.toolkit.tls.standalone.TlsToolkitStandaloneCommandLine - No nifiPropertiesFile specified, using embedded one.
]]></system-err>
  </testcase>
  <testcase name="testHelp" classname="org.apache.nifi.toolkit.tls.standalone.TlsToolkitStandaloneCommandLineTest" time="0.002">
    <system-out><![CDATA[usage: org.apache.nifi.toolkit.tls.TlsToolkitMain [-a <arg>] [--additionalCACertificate <arg>] [-B <arg>] [-c <arg>] [-C <arg>] [-d <arg>] [-f <arg>] [-g] [-G
       <arg>] [-h] [-k <arg>] [-K <arg>] [-n <arg>] [--nifiDnPrefix <arg>] [--nifiDnSuffix <arg>] [-o <arg>] [-O] [-P <arg>] [-s <arg>] [-S <arg>]
       [--splitKeystore <arg>] [--subjectAlternativeNames <arg>] [-T <arg>]

Creates certificates and config files for nifi cluster.

 -a,--keyAlgorithm <arg>                   Algorithm to use for generated keys. (default: RSA)
    --additionalCACertificate <arg>        Path to additional CA certificate (used to sign toolkit CA certificate) in PEM format if necessary
 -B,--clientCertPassword <arg>             Password for client certificate.  Must either be one value or one for each client DN. (autogenerate if not specified)
 -c,--certificateAuthorityHostname <arg>   Hostname of NiFi Certificate Authority (default: localhost)
 -C,--clientCertDn <arg>                   Generate client certificate suitable for use in browser with specified DN. (Can be specified multiple times.)
 -d,--days <arg>                           Number of days issued certificate should be valid for. (default: 825)
 -f,--nifiPropertiesFile <arg>             Base nifi.properties file to update. (Embedded file identical to the one in a default NiFi install will be used if
                                           not specified.)
 -g,--differentKeyAndKeystorePasswords     Use different generated password for the key and the keyStore.
 -G,--globalPortSequence <arg>             Use sequential ports that are calculated for all hosts according to the provided hostname expressions. (Can be
                                           specified multiple times, MUST BE SAME FROM RUN TO RUN.)
 -h,--help                                 Print help and exit.
 -k,--keySize <arg>                        Number of bits for generated keys. (default: 2048)
 -K,--keyPassword <arg>                    Key password to use.  Must either be one value or one for each host. (autogenerate if not specified)
 -n,--hostnames <arg>                      Comma separated list of hostnames.
    --nifiDnPrefix <arg>                   String to prepend to hostname(s) when determining DN. (default: CN=)
    --nifiDnSuffix <arg>                   String to append to hostname(s) when determining DN. (default: , OU=NIFI)
 -o,--outputDirectory <arg>                The directory to output keystores, truststore, config files. (default: ../nifi-toolkit-tls)
 -O,--isOverwrite                          Overwrite existing host output.
 -P,--trustStorePassword <arg>             Keystore password to use.  Must either be one value or one for each host. (autogenerate if not specified)
 -s,--signingAlgorithm <arg>               Algorithm to use for signing certificates. (default: SHA256WITHRSA)
 -S,--keyStorePassword <arg>               Keystore password to use.  Must either be one value or one for each host. (autogenerate if not specified)
    --splitKeystore <arg>                  Split out a given keystore into its unencrypted key and certificates. Use -S and -K to specify the keystore and key
                                           passwords.
    --subjectAlternativeNames <arg>        Comma-separated list of domains to use as Subject Alternative Names in the certificate
 -T,--keyStoreType <arg>                   The type of keyStores to generate. (default: jks)

Java home: null
NiFi Toolkit home: null
]]></system-out>
  </testcase>
  <testcase name="testBadGlobalOrder" classname="org.apache.nifi.toolkit.tls.standalone.TlsToolkitStandaloneCommandLineTest" time="0.001"/>
  <testcase name="testNotSameKeyAndKeystorePassword" classname="org.apache.nifi.toolkit.tls.standalone.TlsToolkitStandaloneCommandLineTest" time="0.001">
    <system-err><![CDATA[[main] INFO org.apache.nifi.toolkit.tls.standalone.TlsToolkitStandaloneCommandLine - No nifiPropertiesFile specified, using embedded one.
]]></system-err>
  </testcase>
  <testcase name="testBadNifiPropertiesFile" classname="org.apache.nifi.toolkit.tls.standalone.TlsToolkitStandaloneCommandLineTest" time="0.001">
    <system-out><![CDATA[Unable to read nifi.properties from /this/file/should/not/exist.txt

usage: org.apache.nifi.toolkit.tls.TlsToolkitMain [-a <arg>] [--additionalCACertificate <arg>] [-B <arg>] [-c <arg>] [-C <arg>] [-d <arg>] [-f <arg>] [-g] [-G
       <arg>] [-h] [-k <arg>] [-K <arg>] [-n <arg>] [--nifiDnPrefix <arg>] [--nifiDnSuffix <arg>] [-o <arg>] [-O] [-P <arg>] [-s <arg>] [-S <arg>]
       [--splitKeystore <arg>] [--subjectAlternativeNames <arg>] [-T <arg>]

Creates certificates and config files for nifi cluster.

 -a,--keyAlgorithm <arg>                   Algorithm to use for generated keys. (default: RSA)
    --additionalCACertificate <arg>        Path to additional CA certificate (used to sign toolkit CA certificate) in PEM format if necessary
 -B,--clientCertPassword <arg>             Password for client certificate.  Must either be one value or one for each client DN. (autogenerate if not specified)
 -c,--certificateAuthorityHostname <arg>   Hostname of NiFi Certificate Authority (default: localhost)
 -C,--clientCertDn <arg>                   Generate client certificate suitable for use in browser with specified DN. (Can be specified multiple times.)
 -d,--days <arg>                           Number of days issued certificate should be valid for. (default: 825)
 -f,--nifiPropertiesFile <arg>             Base nifi.properties file to update. (Embedded file identical to the one in a default NiFi install will be used if
                                           not specified.)
 -g,--differentKeyAndKeystorePasswords     Use different generated password for the key and the keyStore.
 -G,--globalPortSequence <arg>             Use sequential ports that are calculated for all hosts according to the provided hostname expressions. (Can be
                                           specified multiple times, MUST BE SAME FROM RUN TO RUN.)
 -h,--help                                 Print help and exit.
 -k,--keySize <arg>                        Number of bits for generated keys. (default: 2048)
 -K,--keyPassword <arg>                    Key password to use.  Must either be one value or one for each host. (autogenerate if not specified)
 -n,--hostnames <arg>                      Comma separated list of hostnames.
    --nifiDnPrefix <arg>                   String to prepend to hostname(s) when determining DN. (default: CN=)
    --nifiDnSuffix <arg>                   String to append to hostname(s) when determining DN. (default: , OU=NIFI)
 -o,--outputDirectory <arg>                The directory to output keystores, truststore, config files. (default: ../nifi-toolkit-tls)
 -O,--isOverwrite                          Overwrite existing host output.
 -P,--trustStorePassword <arg>             Keystore password to use.  Must either be one value or one for each host. (autogenerate if not specified)
 -s,--signingAlgorithm <arg>               Algorithm to use for signing certificates. (default: SHA256WITHRSA)
 -S,--keyStorePassword <arg>               Keystore password to use.  Must either be one value or one for each host. (autogenerate if not specified)
    --splitKeystore <arg>                  Split out a given keystore into its unencrypted key and certificates. Use -S and -K to specify the keystore and key
                                           passwords.
    --subjectAlternativeNames <arg>        Comma-separated list of domains to use as Subject Alternative Names in the certificate
 -T,--keyStoreType <arg>                   The type of keyStores to generate. (default: jks)

Java home: null
NiFi Toolkit home: null
]]></system-out>
    <system-err><![CDATA[[main] INFO org.apache.nifi.toolkit.tls.standalone.TlsToolkitStandaloneCommandLine - Using /this/file/should/not/exist.txt as template.
]]></system-err>
  </testcase>
  <testcase name="testSplitKeystoreWrongKeystorePass" classname="org.apache.nifi.toolkit.tls.standalone.TlsToolkitStandaloneCommandLineTest" time="0.001">
    <system-err><![CDATA[[main] INFO org.apache.nifi.toolkit.tls.standalone.TlsToolkitStandaloneCommandLine - No nifiPropertiesFile specified, using embedded one.
]]></system-err>
  </testcase>
  <testcase name="testSplitKeystoreMissingPasswords" classname="org.apache.nifi.toolkit.tls.standalone.TlsToolkitStandaloneCommandLineTest" time="0.001">
    <system-out><![CDATA[-splitKeystore specified but no keyStorePassword supplied.

usage: org.apache.nifi.toolkit.tls.TlsToolkitMain [-a <arg>] [--additionalCACertificate <arg>] [-B <arg>] [-c <arg>] [-C <arg>] [-d <arg>] [-f <arg>] [-g] [-G
       <arg>] [-h] [-k <arg>] [-K <arg>] [-n <arg>] [--nifiDnPrefix <arg>] [--nifiDnSuffix <arg>] [-o <arg>] [-O] [-P <arg>] [-s <arg>] [-S <arg>]
       [--splitKeystore <arg>] [--subjectAlternativeNames <arg>] [-T <arg>]

Creates certificates and config files for nifi cluster.

 -a,--keyAlgorithm <arg>                   Algorithm to use for generated keys. (default: RSA)
    --additionalCACertificate <arg>        Path to additional CA certificate (used to sign toolkit CA certificate) in PEM format if necessary
 -B,--clientCertPassword <arg>             Password for client certificate.  Must either be one value or one for each client DN. (autogenerate if not specified)
 -c,--certificateAuthorityHostname <arg>   Hostname of NiFi Certificate Authority (default: localhost)
 -C,--clientCertDn <arg>                   Generate client certificate suitable for use in browser with specified DN. (Can be specified multiple times.)
 -d,--days <arg>                           Number of days issued certificate should be valid for. (default: 825)
 -f,--nifiPropertiesFile <arg>             Base nifi.properties file to update. (Embedded file identical to the one in a default NiFi install will be used if
                                           not specified.)
 -g,--differentKeyAndKeystorePasswords     Use different generated password for the key and the keyStore.
 -G,--globalPortSequence <arg>             Use sequential ports that are calculated for all hosts according to the provided hostname expressions. (Can be
                                           specified multiple times, MUST BE SAME FROM RUN TO RUN.)
 -h,--help                                 Print help and exit.
 -k,--keySize <arg>                        Number of bits for generated keys. (default: 2048)
 -K,--keyPassword <arg>                    Key password to use.  Must either be one value or one for each host. (autogenerate if not specified)
 -n,--hostnames <arg>                      Comma separated list of hostnames.
    --nifiDnPrefix <arg>                   String to prepend to hostname(s) when determining DN. (default: CN=)
    --nifiDnSuffix <arg>                   String to append to hostname(s) when determining DN. (default: , OU=NIFI)
 -o,--outputDirectory <arg>                The directory to output keystores, truststore, config files. (default: ../nifi-toolkit-tls)
 -O,--isOverwrite                          Overwrite existing host output.
 -P,--trustStorePassword <arg>             Keystore password to use.  Must either be one value or one for each host. (autogenerate if not specified)
 -s,--signingAlgorithm <arg>               Algorithm to use for signing certificates. (default: SHA256WITHRSA)
 -S,--keyStorePassword <arg>               Keystore password to use.  Must either be one value or one for each host. (autogenerate if not specified)
    --splitKeystore <arg>                  Split out a given keystore into its unencrypted key and certificates. Use -S and -K to specify the keystore and key
                                           passwords.
    --subjectAlternativeNames <arg>        Comma-separated list of domains to use as Subject Alternative Names in the certificate
 -T,--keyStoreType <arg>                   The type of keyStores to generate. (default: jks)

Java home: null
NiFi Toolkit home: null
]]></system-out>
  </testcase>
  <testcase name="testSameKeyAndKeystorePasswordWithKeystorePasswordSpecified" classname="org.apache.nifi.toolkit.tls.standalone.TlsToolkitStandaloneCommandLineTest" time="0.001">
    <system-err><![CDATA[[main] INFO org.apache.nifi.toolkit.tls.standalone.TlsToolkitStandaloneCommandLine - No nifiPropertiesFile specified, using embedded one.
]]></system-err>
  </testcase>
  <testcase name="testSplitKeystoreNoKeystore" classname="org.apache.nifi.toolkit.tls.standalone.TlsToolkitStandaloneCommandLineTest" time="0.001">
    <system-out><![CDATA[Error parsing command line. (Missing argument for option: splitKeystore)

usage: org.apache.nifi.toolkit.tls.TlsToolkitMain [-a <arg>] [--additionalCACertificate <arg>] [-B <arg>] [-c <arg>] [-C <arg>] [-d <arg>] [-f <arg>] [-g] [-G
       <arg>] [-h] [-k <arg>] [-K <arg>] [-n <arg>] [--nifiDnPrefix <arg>] [--nifiDnSuffix <arg>] [-o <arg>] [-O] [-P <arg>] [-s <arg>] [-S <arg>]
       [--splitKeystore <arg>] [--subjectAlternativeNames <arg>] [-T <arg>]

Creates certificates and config files for nifi cluster.

 -a,--keyAlgorithm <arg>                   Algorithm to use for generated keys. (default: RSA)
    --additionalCACertificate <arg>        Path to additional CA certificate (used to sign toolkit CA certificate) in PEM format if necessary
 -B,--clientCertPassword <arg>             Password for client certificate.  Must either be one value or one for each client DN. (autogenerate if not specified)
 -c,--certificateAuthorityHostname <arg>   Hostname of NiFi Certificate Authority (default: localhost)
 -C,--clientCertDn <arg>                   Generate client certificate suitable for use in browser with specified DN. (Can be specified multiple times.)
 -d,--days <arg>                           Number of days issued certificate should be valid for. (default: 825)
 -f,--nifiPropertiesFile <arg>             Base nifi.properties file to update. (Embedded file identical to the one in a default NiFi install will be used if
                                           not specified.)
 -g,--differentKeyAndKeystorePasswords     Use different generated password for the key and the keyStore.
 -G,--globalPortSequence <arg>             Use sequential ports that are calculated for all hosts according to the provided hostname expressions. (Can be
                                           specified multiple times, MUST BE SAME FROM RUN TO RUN.)
 -h,--help                                 Print help and exit.
 -k,--keySize <arg>                        Number of bits for generated keys. (default: 2048)
 -K,--keyPassword <arg>                    Key password to use.  Must either be one value or one for each host. (autogenerate if not specified)
 -n,--hostnames <arg>                      Comma separated list of hostnames.
    --nifiDnPrefix <arg>                   String to prepend to hostname(s) when determining DN. (default: CN=)
    --nifiDnSuffix <arg>                   String to append to hostname(s) when determining DN. (default: , OU=NIFI)
 -o,--outputDirectory <arg>                The directory to output keystores, truststore, config files. (default: ../nifi-toolkit-tls)
 -O,--isOverwrite                          Overwrite existing host output.
 -P,--trustStorePassword <arg>             Keystore password to use.  Must either be one value or one for each host. (autogenerate if not specified)
 -s,--signingAlgorithm <arg>               Algorithm to use for signing certificates. (default: SHA256WITHRSA)
 -S,--keyStorePassword <arg>               Keystore password to use.  Must either be one value or one for each host. (autogenerate if not specified)
    --splitKeystore <arg>                  Split out a given keystore into its unencrypted key and certificates. Use -S and -K to specify the keystore and key
                                           passwords.
    --subjectAlternativeNames <arg>        Comma-separated list of domains to use as Subject Alternative Names in the certificate
 -T,--keyStoreType <arg>                   The type of keyStores to generate. (default: jks)

Java home: null
NiFi Toolkit home: null
]]></system-out>
  </testcase>
  <testcase name="testClientDnMulti" classname="org.apache.nifi.toolkit.tls.standalone.TlsToolkitStandaloneCommandLineTest" time="0.001">
    <system-err><![CDATA[[main] INFO org.apache.nifi.toolkit.tls.standalone.TlsToolkitStandaloneCommandLine - No nifiPropertiesFile specified, using embedded one.
]]></system-err>
  </testcase>
  <testcase name="testDefaultOutputPathRoot" classname="org.apache.nifi.toolkit.tls.standalone.TlsToolkitStandaloneCommandLineTest" time="0.001"/>
  <testcase name="testKeyStorePasswordArg" classname="org.apache.nifi.toolkit.tls.standalone.TlsToolkitStandaloneCommandLineTest" time="0.001">
    <system-err><![CDATA[[main] INFO org.apache.nifi.toolkit.tls.standalone.TlsToolkitStandaloneCommandLine - No nifiPropertiesFile specified, using embedded one.
]]></system-err>
  </testcase>
  <testcase name="testHostnames" classname="org.apache.nifi.toolkit.tls.standalone.TlsToolkitStandaloneCommandLineTest" time="0.002">
    <system-err><![CDATA[[main] INFO org.apache.nifi.toolkit.tls.standalone.TlsToolkitStandaloneCommandLine - No nifiPropertiesFile specified, using embedded one.
]]></system-err>
  </testcase>
  <testcase name="testMultipleKeystorePasswordArgs" classname="org.apache.nifi.toolkit.tls.standalone.TlsToolkitStandaloneCommandLineTest" time="0.002">
    <system-err><![CDATA[[main] INFO org.apache.nifi.toolkit.tls.standalone.TlsToolkitStandaloneCommandLine - No nifiPropertiesFile specified, using embedded one.
]]></system-err>
  </testcase>
  <testcase name="testNifiPropertiesFile" classname="org.apache.nifi.toolkit.tls.standalone.TlsToolkitStandaloneCommandLineTest" time="0.001">
    <system-err><![CDATA[[main] INFO org.apache.nifi.toolkit.tls.standalone.TlsToolkitStandaloneCommandLine - Using src/test/resources/localhost/nifi.properties as template.
]]></system-err>
  </testcase>
  <testcase name="testMultipleKeyPasswordArgs" classname="org.apache.nifi.toolkit.tls.standalone.TlsToolkitStandaloneCommandLineTest" time="0.002">
    <system-err><![CDATA[[main] INFO org.apache.nifi.toolkit.tls.standalone.TlsToolkitStandaloneCommandLine - No nifiPropertiesFile specified, using embedded one.
]]></system-err>
  </testcase>
  <testcase name="testUnknownArg" classname="org.apache.nifi.toolkit.tls.standalone.TlsToolkitStandaloneCommandLineTest" time="0.001">
    <system-out><![CDATA[Error parsing command line. (Unrecognized option: --unknownArg)

usage: org.apache.nifi.toolkit.tls.TlsToolkitMain [-a <arg>] [--additionalCACertificate <arg>] [-B <arg>] [-c <arg>] [-C <arg>] [-d <arg>] [-f <arg>] [-g] [-G
       <arg>] [-h] [-k <arg>] [-K <arg>] [-n <arg>] [--nifiDnPrefix <arg>] [--nifiDnSuffix <arg>] [-o <arg>] [-O] [-P <arg>] [-s <arg>] [-S <arg>]
       [--splitKeystore <arg>] [--subjectAlternativeNames <arg>] [-T <arg>]

Creates certificates and config files for nifi cluster.

 -a,--keyAlgorithm <arg>                   Algorithm to use for generated keys. (default: RSA)
    --additionalCACertificate <arg>        Path to additional CA certificate (used to sign toolkit CA certificate) in PEM format if necessary
 -B,--clientCertPassword <arg>             Password for client certificate.  Must either be one value or one for each client DN. (autogenerate if not specified)
 -c,--certificateAuthorityHostname <arg>   Hostname of NiFi Certificate Authority (default: localhost)
 -C,--clientCertDn <arg>                   Generate client certificate suitable for use in browser with specified DN. (Can be specified multiple times.)
 -d,--days <arg>                           Number of days issued certificate should be valid for. (default: 825)
 -f,--nifiPropertiesFile <arg>             Base nifi.properties file to update. (Embedded file identical to the one in a default NiFi install will be used if
                                           not specified.)
 -g,--differentKeyAndKeystorePasswords     Use different generated password for the key and the keyStore.
 -G,--globalPortSequence <arg>             Use sequential ports that are calculated for all hosts according to the provided hostname expressions. (Can be
                                           specified multiple times, MUST BE SAME FROM RUN TO RUN.)
 -h,--help                                 Print help and exit.
 -k,--keySize <arg>                        Number of bits for generated keys. (default: 2048)
 -K,--keyPassword <arg>                    Key password to use.  Must either be one value or one for each host. (autogenerate if not specified)
 -n,--hostnames <arg>                      Comma separated list of hostnames.
    --nifiDnPrefix <arg>                   String to prepend to hostname(s) when determining DN. (default: CN=)
    --nifiDnSuffix <arg>                   String to append to hostname(s) when determining DN. (default: , OU=NIFI)
 -o,--outputDirectory <arg>                The directory to output keystores, truststore, config files. (default: ../nifi-toolkit-tls)
 -O,--isOverwrite                          Overwrite existing host output.
 -P,--trustStorePassword <arg>             Keystore password to use.  Must either be one value or one for each host. (autogenerate if not specified)
 -s,--signingAlgorithm <arg>               Algorithm to use for signing certificates. (default: SHA256WITHRSA)
 -S,--keyStorePassword <arg>               Keystore password to use.  Must either be one value or one for each host. (autogenerate if not specified)
    --splitKeystore <arg>                  Split out a given keystore into its unencrypted key and certificates. Use -S and -K to specify the keystore and key
                                           passwords.
    --subjectAlternativeNames <arg>        Comma-separated list of domains to use as Subject Alternative Names in the certificate
 -T,--keyStoreType <arg>                   The type of keyStores to generate. (default: jks)

Java home: null
NiFi Toolkit home: null
]]></system-out>
  </testcase>
  <testcase name="testSameKeyAndKeystorePassword" classname="org.apache.nifi.toolkit.tls.standalone.TlsToolkitStandaloneCommandLineTest" time="0.002">
    <system-err><![CDATA[[main] INFO org.apache.nifi.toolkit.tls.standalone.TlsToolkitStandaloneCommandLine - No nifiPropertiesFile specified, using embedded one.
]]></system-err>
  </testcase>
  <testcase name="testSplitKeystoreWrongKeyPass" classname="org.apache.nifi.toolkit.tls.standalone.TlsToolkitStandaloneCommandLineTest" time="0.001">
    <system-err><![CDATA[[main] INFO org.apache.nifi.toolkit.tls.standalone.TlsToolkitStandaloneCommandLine - No nifiPropertiesFile specified, using embedded one.
]]></system-err>
  </testcase>
  <testcase name="testMultipleTruststorePasswordArgs" classname="org.apache.nifi.toolkit.tls.standalone.TlsToolkitStandaloneCommandLineTest" time="0.003">
    <system-err><![CDATA[[main] INFO org.apache.nifi.toolkit.tls.standalone.TlsToolkitStandaloneCommandLine - No nifiPropertiesFile specified, using embedded one.
]]></system-err>
  </testcase>
  <testcase name="testKeyAlgorithm" classname="org.apache.nifi.toolkit.tls.standalone.TlsToolkitStandaloneCommandLineTest" time="0.001">
    <system-err><![CDATA[[main] INFO org.apache.nifi.toolkit.tls.standalone.TlsToolkitStandaloneCommandLine - No nifiPropertiesFile specified, using embedded one.
]]></system-err>
  </testcase>
  <testcase name="testSigningAlgorithm" classname="org.apache.nifi.toolkit.tls.standalone.TlsToolkitStandaloneCommandLineTest" time="0.002">
    <system-err><![CDATA[[main] INFO org.apache.nifi.toolkit.tls.standalone.TlsToolkitStandaloneCommandLine - No nifiPropertiesFile specified, using embedded one.
]]></system-err>
  </testcase>
  <testcase name="testDefaultOutputPath" classname="org.apache.nifi.toolkit.tls.standalone.TlsToolkitStandaloneCommandLineTest" time="0.001"/>
  <testcase name="testSplitKeystore" classname="org.apache.nifi.toolkit.tls.standalone.TlsToolkitStandaloneCommandLineTest" time="0.003">
    <system-err><![CDATA[[main] INFO org.apache.nifi.toolkit.tls.standalone.TlsToolkitStandaloneCommandLine - No nifiPropertiesFile specified, using embedded one.
[main] WARN org.apache.nifi.toolkit.tls.util.TlsHelper - Key does not exist: Certificate with alias 'certonly' had no private key.
]]></system-err>
  </testcase>
  <testcase name="testClientDnDefault" classname="org.apache.nifi.toolkit.tls.standalone.TlsToolkitStandaloneCommandLineTest" time="0.002">
    <system-err><![CDATA[[main] INFO org.apache.nifi.toolkit.tls.standalone.TlsToolkitStandaloneCommandLine - No nifiPropertiesFile specified, using embedded one.
]]></system-err>
  </testcase>
  <testcase name="testNifiPropertiesFileDefault" classname="org.apache.nifi.toolkit.tls.standalone.TlsToolkitStandaloneCommandLineTest" time="0.003">
    <system-err><![CDATA[[main] INFO org.apache.nifi.toolkit.tls.standalone.TlsToolkitStandaloneCommandLine - No nifiPropertiesFile specified, using embedded one.
]]></system-err>
  </testcase>
  <testcase name="testClientPasswordMulti" classname="org.apache.nifi.toolkit.tls.standalone.TlsToolkitStandaloneCommandLineTest" time="0.001">
    <system-err><![CDATA[[main] INFO org.apache.nifi.toolkit.tls.standalone.TlsToolkitStandaloneCommandLine - No nifiPropertiesFile specified, using embedded one.
]]></system-err>
  </testcase>
  <testcase name="testNoGlobalOrder" classname="org.apache.nifi.toolkit.tls.standalone.TlsToolkitStandaloneCommandLineTest" time="0.002">
    <system-err><![CDATA[[main] INFO org.apache.nifi.toolkit.tls.standalone.TlsToolkitStandaloneCommandLine - No nifiPropertiesFile specified, using embedded one.
]]></system-err>
  </testcase>
  <testcase name="testDaysNotInteger" classname="org.apache.nifi.toolkit.tls.standalone.TlsToolkitStandaloneCommandLineTest" time="0.001">
    <system-out><![CDATA[Expected integer for days argument. (For input string: "badVal")

usage: org.apache.nifi.toolkit.tls.TlsToolkitMain [-a <arg>] [--additionalCACertificate <arg>] [-B <arg>] [-c <arg>] [-C <arg>] [-d <arg>] [-f <arg>] [-g] [-G
       <arg>] [-h] [-k <arg>] [-K <arg>] [-n <arg>] [--nifiDnPrefix <arg>] [--nifiDnSuffix <arg>] [-o <arg>] [-O] [-P <arg>] [-s <arg>] [-S <arg>]
       [--splitKeystore <arg>] [--subjectAlternativeNames <arg>] [-T <arg>]

Creates certificates and config files for nifi cluster.

 -a,--keyAlgorithm <arg>                   Algorithm to use for generated keys. (default: RSA)
    --additionalCACertificate <arg>        Path to additional CA certificate (used to sign toolkit CA certificate) in PEM format if necessary
 -B,--clientCertPassword <arg>             Password for client certificate.  Must either be one value or one for each client DN. (autogenerate if not specified)
 -c,--certificateAuthorityHostname <arg>   Hostname of NiFi Certificate Authority (default: localhost)
 -C,--clientCertDn <arg>                   Generate client certificate suitable for use in browser with specified DN. (Can be specified multiple times.)
 -d,--days <arg>                           Number of days issued certificate should be valid for. (default: 825)
 -f,--nifiPropertiesFile <arg>             Base nifi.properties file to update. (Embedded file identical to the one in a default NiFi install will be used if
                                           not specified.)
 -g,--differentKeyAndKeystorePasswords     Use different generated password for the key and the keyStore.
 -G,--globalPortSequence <arg>             Use sequential ports that are calculated for all hosts according to the provided hostname expressions. (Can be
                                           specified multiple times, MUST BE SAME FROM RUN TO RUN.)
 -h,--help                                 Print help and exit.
 -k,--keySize <arg>                        Number of bits for generated keys. (default: 2048)
 -K,--keyPassword <arg>                    Key password to use.  Must either be one value or one for each host. (autogenerate if not specified)
 -n,--hostnames <arg>                      Comma separated list of hostnames.
    --nifiDnPrefix <arg>                   String to prepend to hostname(s) when determining DN. (default: CN=)
    --nifiDnSuffix <arg>                   String to append to hostname(s) when determining DN. (default: , OU=NIFI)
 -o,--outputDirectory <arg>                The directory to output keystores, truststore, config files. (default: ../nifi-toolkit-tls)
 -O,--isOverwrite                          Overwrite existing host output.
 -P,--trustStorePassword <arg>             Keystore password to use.  Must either be one value or one for each host. (autogenerate if not specified)
 -s,--signingAlgorithm <arg>               Algorithm to use for signing certificates. (default: SHA256WITHRSA)
 -S,--keyStorePassword <arg>               Keystore password to use.  Must either be one value or one for each host. (autogenerate if not specified)
    --splitKeystore <arg>                  Split out a given keystore into its unencrypted key and certificates. Use -S and -K to specify the keystore and key
                                           passwords.
    --subjectAlternativeNames <arg>        Comma-separated list of domains to use as Subject Alternative Names in the certificate
 -T,--keyStoreType <arg>                   The type of keyStores to generate. (default: jks)

Java home: null
NiFi Toolkit home: null
]]></system-out>
  </testcase>
</testsuite>