<?xml version="1.0" encoding="UTF-8"?>
<testsuite xmlns:xsi="http://www.w3.org/2001/XMLSchema-instance" xsi:noNamespaceSchemaLocation="https://maven.apache.org/surefire/maven-surefire-plugin/xsd/surefire-test-report-3.0.xsd" version="3.0" name="org.apache.nifi.processors.standard.TestControlRate" time="5.198" tests="8" errors="0" skipped="0" failures="0">
  <properties>
    <property name="sun.desktop" value="gnome"/>
    <property name="awt.toolkit" value="sun.awt.X11.XToolkit"/>
    <property name="file.encoding.pkg" value="sun.io"/>
    <property name="java.specification.version" value="1.8"/>
    <property name="sun.cpu.isalist" value=""/>
    <property name="sun.jnu.encoding" value="UTF-8"/>
    <property name="java.class.path" value="/home/alex/Repositories/nifi/nifi-nar-bundles/nifi-standard-bundle/nifi-standard-processors/target/test-classes:/home/alex/Repositories/nifi/nifi-nar-bundles/nifi-standard-bundle/nifi-standard-processors/target/classes:/home/alex/.m2/repository/org/apache/ftpserver/ftpserver-core/1.1.1/ftpserver-core-1.1.1.jar:/home/alex/.m2/repository/org/apache/ftpserver/ftplet-api/1.1.1/ftplet-api-1.1.1.jar:/home/alex/.m2/repository/org/slf4j/slf4j-api/1.7.32/slf4j-api-1.7.32.jar:/home/alex/.m2/repository/org/apache/mina/mina-core/2.0.16/mina-core-2.0.16.jar:/home/alex/Repositories/nifi/nifi-api/target/classes:/home/alex/Repositories/nifi/nifi-commons/nifi-expression-language/target/classes:/home/alex/.m2/repository/org/antlr/antlr-runtime/3.5.2/antlr-runtime-3.5.2.jar:/home/alex/Repositories/nifi/nifi-commons/nifi-parameter/target/classes:/home/alex/Repositories/nifi/nifi-commons/nifi-uuid5/target/classes:/home/alex/.m2/repository/org/apache/commons/commons-text/1.8/commons-text-1.8.jar:/home/alex/Repositories/nifi/nifi-nar-bundles/nifi-extension-utils/nifi-processor-utils/target/classes:/home/alex/Repositories/nifi/nifi-commons/nifi-security-socket-ssl/target/classes:/home/alex/Repositories/nifi/nifi-nar-bundles/nifi-extension-utils/nifi-event-transport/target/classes:/home/alex/.m2/repository/io/netty/netty-handler/4.1.69.Final/netty-handler-4.1.69.Final.jar:/home/alex/.m2/repository/io/netty/netty-common/4.1.69.Final/netty-common-4.1.69.Final.jar:/home/alex/.m2/repository/io/netty/netty-resolver/4.1.69.Final/netty-resolver-4.1.69.Final.jar:/home/alex/.m2/repository/io/netty/netty-transport/4.1.69.Final/netty-transport-4.1.69.Final.jar:/home/alex/.m2/repository/io/netty/netty-codec/4.1.69.Final/netty-codec-4.1.69.Final.jar:/home/alex/Repositories/nifi/nifi-nar-bundles/nifi-extension-utils/nifi-syslog-utils/target/classes:/home/alex/.m2/repository/com/github/palindromicity/simple-syslog-5424/0.0.16/simple-syslog-5424-0.0.16.jar:/home/alex/.m2/repository/org/antlr/antlr4-runtime/4.7.2/antlr4-runtime-4.7.2.jar:/home/alex/Repositories/nifi/nifi-commons/nifi-utils/target/classes:/home/alex/Repositories/nifi/nifi-commons/nifi-record-path/target/classes:/home/alex/Repositories/nifi/nifi-commons/nifi-properties/target/classes:/home/alex/Repositories/nifi/nifi-commons/nifi-property-utils/target/classes:/home/alex/.m2/repository/com/github/ben-manes/caffeine/caffeine/2.8.1/caffeine-2.8.1.jar:/home/alex/Repositories/nifi/nifi-nar-bundles/nifi-standard-services/nifi-ssl-context-service-api/target/classes:/home/alex/Repositories/nifi/nifi-commons/nifi-security-utils-api/target/classes:/home/alex/Repositories/nifi/nifi-nar-bundles/nifi-standard-services/nifi-lookup-service-api/target/classes:/home/alex/Repositories/nifi/nifi-commons/nifi-flowfile-packager/target/classes:/home/alex/Repositories/nifi/nifi-nar-bundles/nifi-standard-services/nifi-distributed-cache-client-service-api/target/classes:/home/alex/Repositories/nifi/nifi-nar-bundles/nifi-standard-services/nifi-http-context-map-api/target/classes:/home/alex/Repositories/nifi/nifi-nar-bundles/nifi-standard-services/nifi-record-serialization-service-api/target/classes:/home/alex/Repositories/nifi/nifi-nar-bundles/nifi-standard-services/nifi-proxy-configuration-api/target/classes:/home/alex/Repositories/nifi/nifi-commons/nifi-record/target/classes:/home/alex/Repositories/nifi/nifi-nar-bundles/nifi-standard-services/nifi-record-sink-api/target/classes:/home/alex/.m2/repository/commons-io/commons-io/2.10.0/commons-io-2.10.0.jar:/home/alex/.m2/repository/javax/ws/rs/javax.ws.rs-api/2.1/javax.ws.rs-api-2.1.jar:/home/alex/.m2/repository/commons-net/commons-net/3.6/commons-net-3.6.jar:/home/alex/.m2/repository/org/apache/commons/commons-compress/1.21/commons-compress-1.21.jar:/home/alex/.m2/repository/org/apache/commons/commons-lang3/3.9/commons-lang3-3.9.jar:/home/alex/.m2/repository/org/bouncycastle/bcprov-jdk15on/1.69/bcprov-jdk15on-1.69.jar:/home/alex/.m2/repository/org/bouncycastle/bcpg-jdk15on/1.69/bcpg-jdk15on-1.69.jar:/home/alex/.m2/repository/org/bouncycastle/bcpkix-jdk15on/1.69/bcpkix-jdk15on-1.69.jar:/home/alex/.m2/repository/org/bouncycastle/bcutil-jdk15on/1.69/bcutil-jdk15on-1.69.jar:/home/alex/.m2/repository/commons-codec/commons-codec/1.14/commons-codec-1.14.jar:/home/alex/Repositories/nifi/nifi-commons/nifi-security-utils/target/classes:/home/alex/Repositories/nifi/nifi-commons/nifi-security-kms/target/classes:/home/alex/.m2/repository/org/apache/commons/commons-configuration2/2.7/commons-configuration2-2.7.jar:/home/alex/.m2/repository/com/hierynomus/sshj/0.32.0/sshj-0.32.0.jar:/home/alex/.m2/repository/com/jcraft/jzlib/1.1.3/jzlib-1.1.3.jar:/home/alex/.m2/repository/com/hierynomus/asn-one/0.6.0/asn-one-0.6.0.jar:/home/alex/.m2/repository/net/i2p/crypto/eddsa/0.3.0/eddsa-0.3.0.jar:/home/alex/.m2/repository/org/eclipse/jetty/jetty-server/9.4.44.v20210927/jetty-server-9.4.44.v20210927.jar:/home/alex/.m2/repository/javax/servlet/javax.servlet-api/3.1.0/javax.servlet-api-3.1.0.jar:/home/alex/.m2/repository/org/eclipse/jetty/jetty-http/9.4.44.v20210927/jetty-http-9.4.44.v20210927.jar:/home/alex/.m2/repository/org/eclipse/jetty/jetty-util/9.4.44.v20210927/jetty-util-9.4.44.v20210927.jar:/home/alex/.m2/repository/org/eclipse/jetty/jetty-io/9.4.44.v20210927/jetty-io-9.4.44.v20210927.jar:/home/alex/.m2/repository/org/eclipse/jetty/jetty-servlet/9.4.44.v20210927/jetty-servlet-9.4.44.v20210927.jar:/home/alex/.m2/repository/org/eclipse/jetty/jetty-security/9.4.44.v20210927/jetty-security-9.4.44.v20210927.jar:/home/alex/.m2/repository/org/eclipse/jetty/jetty-util-ajax/9.4.44.v20210927/jetty-util-ajax-9.4.44.v20210927.jar:/home/alex/.m2/repository/org/apache/httpcomponents/httpclient/4.5.5/httpclient-4.5.5.jar:/home/alex/.m2/repository/commons-logging/commons-logging/1.2/commons-logging-1.2.jar:/home/alex/.m2/repository/org/apache/httpcomponents/httpcore/4.4.9/httpcore-4.4.9.jar:/home/alex/.m2/repository/jakarta/activation/jakarta.activation-api/2.0.1/jakarta.activation-api-2.0.1.jar:/home/alex/.m2/repository/com/sun/activation/jakarta.activation/2.0.1/jakarta.activation-2.0.1.jar:/home/alex/.m2/repository/jakarta/mail/jakarta.mail-api/2.0.1/jakarta.mail-api-2.0.1.jar:/home/alex/.m2/repository/com/sun/mail/jakarta.mail/2.0.1/jakarta.mail-2.0.1.jar:/home/alex/.m2/repository/com/github/jponge/lzma-java/1.3/lzma-java-1.3.jar:/home/alex/.m2/repository/org/tukaani/xz/1.8/xz-1.8.jar:/home/alex/.m2/repository/net/sf/saxon/Saxon-HE/10.6/Saxon-HE-10.6.jar:/home/alex/Repositories/nifi/nifi-commons/nifi-socket-utils/target/classes:/home/alex/Repositories/nifi/nifi-commons/nifi-logging-utils/target/classes:/home/alex/Repositories/nifi/nifi-nar-bundles/nifi-standard-services/nifi-load-distribution-service-api/target/classes:/home/alex/.m2/repository/javax/jms/javax.jms-api/2.0.1/javax.jms-api-2.0.1.jar:/home/alex/.m2/repository/org/apache/activemq/activemq-client/5.15.15/activemq-client-5.15.15.jar:/home/alex/.m2/repository/org/apache/geronimo/specs/geronimo-jms_1.1_spec/1.1.1/geronimo-jms_1.1_spec-1.1.1.jar:/home/alex/.m2/repository/org/fusesource/hawtbuf/hawtbuf/1.11/hawtbuf-1.11.jar:/home/alex/.m2/repository/org/apache/geronimo/specs/geronimo-j2ee-management_1.1_spec/1.0.1/geronimo-j2ee-management_1.1_spec-1.0.1.jar:/home/alex/.m2/repository/com/jayway/jsonpath/json-path/2.6.0/json-path-2.6.0.jar:/home/alex/.m2/repository/net/minidev/json-smart/2.4.7/json-smart-2.4.7.jar:/home/alex/.m2/repository/net/minidev/accessors-smart/2.4.7/accessors-smart-2.4.7.jar:/home/alex/.m2/repository/org/ow2/asm/asm/9.1/asm-9.1.jar:/home/alex/.m2/repository/org/apache/tika/tika-core/1.26/tika-core-1.26.jar:/home/alex/.m2/repository/com/fasterxml/jackson/core/jackson-databind/2.12.3/jackson-databind-2.12.3.jar:/home/alex/.m2/repository/com/fasterxml/jackson/core/jackson-annotations/2.12.3/jackson-annotations-2.12.3.jar:/home/alex/.m2/repository/com/fasterxml/jackson/core/jackson-core/2.12.3/jackson-core-2.12.3.jar:/home/alex/Repositories/nifi/nifi-nar-bundles/nifi-extension-utils/nifi-record-utils/nifi-avro-record-utils/target/classes:/home/alex/Repositories/nifi/nifi-nar-bundles/nifi-extension-utils/nifi-record-utils/nifi-standard-record-utils/target/classes:/home/alex/.m2/repository/org/apache/avro/avro/1.8.1/avro-1.8.1.jar:/home/alex/.m2/repository/org/codehaus/jackson/jackson-core-asl/1.9.13/jackson-core-asl-1.9.13.jar:/home/alex/.m2/repository/org/codehaus/jackson/jackson-mapper-asl/1.9.13/jackson-mapper-asl-1.9.13.jar:/home/alex/.m2/repository/com/thoughtworks/paranamer/paranamer/2.7/paranamer-2.7.jar:/home/alex/Repositories/nifi/nifi-nar-bundles/nifi-standard-services/nifi-dbcp-service-api/target/classes:/home/alex/.m2/repository/com/squareup/okhttp3/okhttp/4.9.2/okhttp-4.9.2.jar:/home/alex/.m2/repository/com/squareup/okio/okio/2.8.0/okio-2.8.0.jar:/home/alex/.m2/repository/org/jetbrains/kotlin/kotlin-stdlib-common/1.4.0/kotlin-stdlib-common-1.4.0.jar:/home/alex/.m2/repository/org/jetbrains/kotlin/kotlin-stdlib/1.4.10/kotlin-stdlib-1.4.10.jar:/home/alex/.m2/repository/org/jetbrains/annotations/13.0/annotations-13.0.jar:/home/alex/.m2/repository/io/github/rburgst/okhttp-digest/2.5/okhttp-digest-2.5.jar:/home/alex/.m2/repository/at/favre/lib/bcrypt/0.9.0/bcrypt-0.9.0.jar:/home/alex/.m2/repository/at/favre/lib/bytes/1.3.0/bytes-1.3.0.jar:/home/alex/.m2/repository/com/google/guava/guava/28.0-jre/guava-28.0-jre.jar:/home/alex/.m2/repository/com/google/guava/failureaccess/1.0.1/failureaccess-1.0.1.jar:/home/alex/.m2/repository/com/google/guava/listenablefuture/9999.0-empty-to-avoid-conflict-with-guava/listenablefuture-9999.0-empty-to-avoid-conflict-with-guava.jar:/home/alex/.m2/repository/com/google/code/findbugs/jsr305/3.0.2/jsr305-3.0.2.jar:/home/alex/.m2/repository/org/checkerframework/checker-qual/2.8.1/checker-qual-2.8.1.jar:/home/alex/.m2/repository/com/google/errorprone/error_prone_annotations/2.3.2/error_prone_annotations-2.3.2.jar:/home/alex/.m2/repository/com/google/j2objc/j2objc-annotations/1.3/j2objc-annotations-1.3.jar:/home/alex/.m2/repository/org/codehaus/mojo/animal-sniffer-annotations/1.17/animal-sniffer-annotations-1.17.jar:/home/alex/Repositories/nifi/nifi-mock/target/classes:/home/alex/Repositories/nifi/nifi-framework-api/target/classes:/home/alex/Repositories/nifi/nifi-nar-bundles/nifi-framework-bundle/nifi-framework/nifi-framework-core-api/target/classes:/home/alex/Repositories/nifi/nifi-nar-bundles/nifi-framework-bundle/nifi-framework/nifi-framework-nar-utils/target/classes:/home/alex/Repositories/nifi/nifi-nar-bundles/nifi-framework-bundle/nifi-framework/nifi-client-dto/target/classes:/home/alex/.m2/repository/io/swagger/swagger-annotations/1.6.0/swagger-annotations-1.6.0.jar:/home/alex/Repositories/nifi/nifi-commons/nifi-site-to-site-client/target/classes:/home/alex/.m2/repository/org/apache/httpcomponents/httpasyncclient/4.1.4/httpasyncclient-4.1.4.jar:/home/alex/.m2/repository/org/apache/httpcomponents/httpcore-nio/4.4.10/httpcore-nio-4.4.10.jar:/home/alex/Repositories/nifi/nifi-nar-bundles/nifi-framework-bundle/nifi-framework/nifi-framework-authorization/target/classes:/home/alex/Repositories/nifi/nifi-registry/nifi-registry-core/nifi-registry-data-model/target/classes:/home/alex/Repositories/nifi/nifi-registry/nifi-registry-core/nifi-registry-revision/nifi-registry-revision-entity-model/target/classes:/home/alex/Repositories/nifi/nifi-registry/nifi-registry-core/nifi-registry-client/target/classes:/home/alex/Repositories/nifi/nifi-registry/nifi-registry-core/nifi-registry-security-utils/target/classes:/home/alex/.m2/repository/org/glassfish/jersey/core/jersey-client/2.33/jersey-client-2.33.jar:/home/alex/.m2/repository/jakarta/ws/rs/jakarta.ws.rs-api/2.1.6/jakarta.ws.rs-api-2.1.6.jar:/home/alex/.m2/repository/org/glassfish/hk2/external/jakarta.inject/2.6.1/jakarta.inject-2.6.1.jar:/home/alex/.m2/repository/org/glassfish/jersey/media/jersey-media-json-jackson/2.33/jersey-media-json-jackson-2.33.jar:/home/alex/.m2/repository/org/glassfish/jersey/ext/jersey-entity-filtering/2.33/jersey-entity-filtering-2.33.jar:/home/alex/.m2/repository/org/glassfish/jersey/inject/jersey-hk2/2.33/jersey-hk2-2.33.jar:/home/alex/.m2/repository/org/glassfish/hk2/hk2-locator/2.6.1/hk2-locator-2.6.1.jar:/home/alex/.m2/repository/org/glassfish/hk2/external/aopalliance-repackaged/2.6.1/aopalliance-repackaged-2.6.1.jar:/home/alex/.m2/repository/org/glassfish/hk2/hk2-api/2.6.1/hk2-api-2.6.1.jar:/home/alex/.m2/repository/org/glassfish/hk2/hk2-utils/2.6.1/hk2-utils-2.6.1.jar:/home/alex/.m2/repository/org/javassist/javassist/3.25.0-GA/javassist-3.25.0-GA.jar:/home/alex/.m2/repository/org/glassfish/jersey/core/jersey-common/2.33/jersey-common-2.33.jar:/home/alex/.m2/repository/jakarta/annotation/jakarta.annotation-api/1.3.5/jakarta.annotation-api-1.3.5.jar:/home/alex/.m2/repository/org/glassfish/hk2/osgi-resource-locator/1.0.3/osgi-resource-locator-1.0.3.jar:/home/alex/.m2/repository/org/glassfish/jersey/media/jersey-media-multipart/2.33/jersey-media-multipart-2.33.jar:/home/alex/.m2/repository/org/jvnet/mimepull/mimepull/1.9.13/mimepull-1.9.13.jar:/home/alex/Repositories/nifi/nifi-commons/nifi-data-provenance-utils/target/classes:/home/alex/Repositories/nifi/nifi-nar-bundles/nifi-standard-services/nifi-distributed-cache-services-bundle/nifi-distributed-cache-client-service/target/classes:/home/alex/Repositories/nifi/nifi-nar-bundles/nifi-standard-services/nifi-distributed-cache-services-bundle/nifi-distributed-cache-protocol/target/classes:/home/alex/.m2/repository/io/netty/netty-buffer/4.1.69.Final/netty-buffer-4.1.69.Final.jar:/home/alex/.m2/repository/com/google/http-client/google-http-client/1.28.0/google-http-client-1.28.0.jar:/home/alex/.m2/repository/io/opencensus/opencensus-api/0.18.0/opencensus-api-0.18.0.jar:/home/alex/.m2/repository/io/grpc/grpc-context/1.14.0/grpc-context-1.14.0.jar:/home/alex/.m2/repository/io/opencensus/opencensus-contrib-http-util/0.18.0/opencensus-contrib-http-util-0.18.0.jar:/home/alex/.m2/repository/org/apache/activemq/activemq-broker/5.15.14/activemq-broker-5.15.14.jar:/home/alex/.m2/repository/org/apache/activemq/activemq-openwire-legacy/5.15.14/activemq-openwire-legacy-5.15.14.jar:/home/alex/Repositories/nifi/nifi-nar-bundles/nifi-standard-services/nifi-ssl-context-bundle/nifi-ssl-context-service/target/classes:/home/alex/Repositories/nifi/nifi-nar-bundles/nifi-framework-bundle/nifi-framework/nifi-standard-prioritizers/target/classes:/home/alex/Repositories/nifi/nifi-nar-bundles/nifi-extension-utils/nifi-record-utils/nifi-mock-record-utils/target/classes:/home/alex/Repositories/nifi/nifi-nar-bundles/nifi-standard-services/nifi-record-serialization-services-bundle/nifi-record-serialization-services/target/classes:/home/alex/.m2/repository/org/apache/commons/commons-csv/1.8/commons-csv-1.8.jar:/home/alex/.m2/repository/com/fasterxml/jackson/dataformat/jackson-dataformat-csv/2.12.3/jackson-dataformat-csv-2.12.3.jar:/home/alex/.m2/repository/net/java/dev/stax-utils/stax-utils/20070216/stax-utils-20070216.jar:/home/alex/Repositories/nifi/nifi-nar-bundles/nifi-standard-services/nifi-lookup-services-bundle/nifi-lookup-services/target/classes:/home/alex/.m2/repository/commons-beanutils/commons-beanutils/1.9.4/commons-beanutils-1.9.4.jar:/home/alex/.m2/repository/commons-collections/commons-collections/3.2.2/commons-collections-3.2.2.jar:/home/alex/.m2/repository/com/maxmind/geoip2/geoip2/2.12.0/geoip2-2.12.0.jar:/home/alex/.m2/repository/com/maxmind/db/maxmind-db/1.2.2/maxmind-db-1.2.2.jar:/home/alex/.m2/repository/org/apache/derby/derby/10.14.2.0/derby-10.14.2.0.jar:/home/alex/.m2/repository/org/xerial/snappy/snappy-java/1.1.7.3/snappy-java-1.1.7.3.jar:/home/alex/.m2/repository/net/lingala/zip4j/zip4j/2.8.0/zip4j-2.8.0.jar:/home/alex/.m2/repository/com/h2database/h2/1.4.187/h2-1.4.187.jar:/home/alex/.m2/repository/org/mockftpserver/MockFtpServer/2.7.1/MockFtpServer-2.7.1.jar:/home/alex/.m2/repository/org/apache/sshd/sshd-core/1.7.0/sshd-core-1.7.0.jar:/home/alex/.m2/repository/com/bazaarvoice/jolt/jolt-core/0.1.1/jolt-core-0.1.1.jar:/home/alex/.m2/repository/javax/inject/javax.inject/1/javax.inject-1.jar:/home/alex/.m2/repository/com/bazaarvoice/jolt/json-utils/0.1.1/json-utils-0.1.1.jar:/home/alex/Repositories/nifi/nifi-nar-bundles/nifi-standard-bundle/nifi-standard-utils/target/classes:/home/alex/.m2/repository/net/sf/supercsv/super-csv/2.4.0/super-csv-2.4.0.jar:/home/alex/.m2/repository/com/fluenda/parcefone/2.1.0/parcefone-2.1.0.jar:/home/alex/.m2/repository/javax/validation/validation-api/1.1.0.Final/validation-api-1.1.0.Final.jar:/home/alex/.m2/repository/javax/el/javax.el-api/3.0.0/javax.el-api-3.0.0.jar:/home/alex/.m2/repository/com/github/wnameless/json/json-flattener/0.12.0/json-flattener-0.12.0.jar:/home/alex/.m2/repository/com/github/wnameless/json/json-base/2.0.0/json-base-2.0.0.jar:/home/alex/.m2/repository/org/apache/bval/bval-jsr/1.1.2/bval-jsr-1.1.2.jar:/home/alex/.m2/repository/org/apache/bval/bval-core/1.1.2/bval-core-1.1.2.jar:/home/alex/.m2/repository/io/krakens/java-grok/0.1.9/java-grok-0.1.9.jar:/home/alex/.m2/repository/org/apache/calcite/calcite-core/1.27.0/calcite-core-1.27.0.jar:/home/alex/.m2/repository/org/apache/calcite/calcite-linq4j/1.27.0/calcite-linq4j-1.27.0.jar:/home/alex/.m2/repository/com/esri/geometry/esri-geometry-api/2.2.0/esri-geometry-api-2.2.0.jar:/home/alex/.m2/repository/org/apache/calcite/avatica/avatica-core/1.18.0/avatica-core-1.18.0.jar:/home/alex/.m2/repository/org/apache/calcite/avatica/avatica-metrics/1.18.0/avatica-metrics-1.18.0.jar:/home/alex/.m2/repository/com/google/protobuf/protobuf-java/3.6.1/protobuf-java-3.6.1.jar:/home/alex/.m2/repository/org/apiguardian/apiguardian-api/1.1.0/apiguardian-api-1.1.0.jar:/home/alex/.m2/repository/com/fasterxml/jackson/dataformat/jackson-dataformat-yaml/2.10.0/jackson-dataformat-yaml-2.10.0.jar:/home/alex/.m2/repository/org/yaml/snakeyaml/1.29/snakeyaml-1.29.jar:/home/alex/.m2/repository/com/google/uzaygezen/uzaygezen-core/0.2/uzaygezen-core-0.2.jar:/home/alex/.m2/repository/com/yahoo/datasketches/sketches-core/0.9.0/sketches-core-0.9.0.jar:/home/alex/.m2/repository/com/yahoo/datasketches/memory/0.9.0/memory-0.9.0.jar:/home/alex/.m2/repository/net/hydromatic/aggdesigner-algorithm/6.0/aggdesigner-algorithm-6.0.jar:/home/alex/.m2/repository/commons-lang/commons-lang/2.4/commons-lang-2.4.jar:/home/alex/.m2/repository/org/apache/commons/commons-dbcp2/2.6.0/commons-dbcp2-2.6.0.jar:/home/alex/.m2/repository/org/apache/commons/commons-pool2/2.6.1/commons-pool2-2.6.1.jar:/home/alex/.m2/repository/org/codehaus/janino/commons-compiler/3.0.11/commons-compiler-3.0.11.jar:/home/alex/.m2/repository/org/codehaus/janino/janino/3.0.11/janino-3.0.11.jar:/home/alex/Repositories/nifi/nifi-nar-bundles/nifi-standard-services/nifi-schema-registry-service-api/target/classes:/home/alex/Repositories/nifi/nifi-nar-bundles/nifi-extension-utils/nifi-database-utils/target/classes:/home/alex/Repositories/nifi/nifi-nar-bundles/nifi-standard-bundle/nifi-standard-web-test-utils/target/classes:/home/alex/.m2/repository/com/github/stefanbirkner/fake-sftp-server-rule/2.0.1/fake-sftp-server-rule-2.0.1.jar:/home/alex/.m2/repository/com/github/marschall/memoryfilesystem/2.8.0/memoryfilesystem-2.8.0.jar:/home/alex/.m2/repository/junit/junit/4.13.2/junit-4.13.2.jar:/home/alex/.m2/repository/org/hamcrest/hamcrest-core/1.3/hamcrest-core-1.3.jar:/home/alex/Repositories/nifi/nifi-nar-bundles/nifi-extension-utils/nifi-database-test-utils/target/classes:/home/alex/.m2/repository/org/codehaus/groovy/groovy-json/2.5.14/groovy-json-2.5.14.jar:/home/alex/.m2/repository/org/codehaus/groovy/groovy/2.5.14/groovy-2.5.14.jar:/home/alex/.m2/repository/org/codehaus/groovy/groovy-servlet/2.5.14/groovy-servlet-2.5.14.jar:/home/alex/.m2/repository/org/codehaus/groovy/groovy-templates/2.5.14/groovy-templates-2.5.14.jar:/home/alex/.m2/repository/org/codehaus/groovy/groovy-xml/2.5.14/groovy-xml-2.5.14.jar:/home/alex/.m2/repository/org/hamcrest/hamcrest-all/1.3/hamcrest-all-1.3.jar:/home/alex/.m2/repository/com/squareup/okhttp3/mockwebserver/4.9.2/mockwebserver-4.9.2.jar:/home/alex/.m2/repository/org/jetbrains/kotlin/kotlin-stdlib-jdk8/1.4.10/kotlin-stdlib-jdk8-1.4.10.jar:/home/alex/.m2/repository/org/jetbrains/kotlin/kotlin-stdlib-jdk7/1.4.10/kotlin-stdlib-jdk7-1.4.10.jar:/home/alex/.m2/repository/org/mockito/mockito-inline/3.12.4/mockito-inline-3.12.4.jar:/home/alex/.m2/repository/org/junit/jupiter/junit-jupiter-api/5.7.2/junit-jupiter-api-5.7.2.jar:/home/alex/.m2/repository/org/opentest4j/opentest4j/1.2.0/opentest4j-1.2.0.jar:/home/alex/.m2/repository/org/junit/platform/junit-platform-commons/1.7.2/junit-platform-commons-1.7.2.jar:/home/alex/.m2/repository/org/junit/jupiter/junit-jupiter-engine/5.7.2/junit-jupiter-engine-5.7.2.jar:/home/alex/.m2/repository/org/junit/platform/junit-platform-engine/1.7.2/junit-platform-engine-1.7.2.jar:/home/alex/.m2/repository/org/junit/vintage/junit-vintage-engine/5.7.2/junit-vintage-engine-5.7.2.jar:/home/alex/.m2/repository/org/junit/jupiter/junit-jupiter-params/5.7.2/junit-jupiter-params-5.7.2.jar:/home/alex/.m2/repository/org/mockito/mockito-core/3.11.2/mockito-core-3.11.2.jar:/home/alex/.m2/repository/net/bytebuddy/byte-buddy/1.11.3/byte-buddy-1.11.3.jar:/home/alex/.m2/repository/net/bytebuddy/byte-buddy-agent/1.11.3/byte-buddy-agent-1.11.3.jar:/home/alex/.m2/repository/org/objenesis/objenesis/3.2/objenesis-3.2.jar:/home/alex/.m2/repository/org/mockito/mockito-junit-jupiter/3.11.2/mockito-junit-jupiter-3.11.2.jar:/home/alex/.m2/repository/org/slf4j/slf4j-simple/1.7.32/slf4j-simple-1.7.32.jar:/home/alex/.m2/repository/org/codehaus/groovy/groovy-test/2.5.14/groovy-test-2.5.14.jar:"/>
    <property name="java.vm.vendor" value="Private Build"/>
    <property name="sun.arch.data.model" value="64"/>
    <property name="java.vendor.url" value="http://java.oracle.com/"/>
    <property name="user.timezone" value="Europe/Lisbon"/>
    <property name="java.vm.specification.version" value="1.8"/>
    <property name="os.name" value="Linux"/>
    <property name="user.country" value="US"/>
    <property name="sun.java.launcher" value="SUN_STANDARD"/>
    <property name="sun.boot.library.path" value="/usr/lib/jvm/java-8-openjdk-amd64/jre/lib/amd64"/>
    <property name="sun.java.command" value="/home/alex/Repositories/nifi/nifi-nar-bundles/nifi-standard-bundle/nifi-standard-processors/target/surefire/surefirebooter5361507383572708917.jar /home/alex/Repositories/nifi/nifi-nar-bundles/nifi-standard-bundle/nifi-standard-processors/target/surefire 2024-05-02T01-23-45_285-jvmRun1 surefire2937495179455515110tmp surefire_696557117907135602125tmp"/>
    <property name="surefire.test.class.path" value="/home/alex/Repositories/nifi/nifi-nar-bundles/nifi-standard-bundle/nifi-standard-processors/target/test-classes:/home/alex/Repositories/nifi/nifi-nar-bundles/nifi-standard-bundle/nifi-standard-processors/target/classes:/home/alex/.m2/repository/org/apache/ftpserver/ftpserver-core/1.1.1/ftpserver-core-1.1.1.jar:/home/alex/.m2/repository/org/apache/ftpserver/ftplet-api/1.1.1/ftplet-api-1.1.1.jar:/home/alex/.m2/repository/org/slf4j/slf4j-api/1.7.32/slf4j-api-1.7.32.jar:/home/alex/.m2/repository/org/apache/mina/mina-core/2.0.16/mina-core-2.0.16.jar:/home/alex/Repositories/nifi/nifi-api/target/classes:/home/alex/Repositories/nifi/nifi-commons/nifi-expression-language/target/classes:/home/alex/.m2/repository/org/antlr/antlr-runtime/3.5.2/antlr-runtime-3.5.2.jar:/home/alex/Repositories/nifi/nifi-commons/nifi-parameter/target/classes:/home/alex/Repositories/nifi/nifi-commons/nifi-uuid5/target/classes:/home/alex/.m2/repository/org/apache/commons/commons-text/1.8/commons-text-1.8.jar:/home/alex/Repositories/nifi/nifi-nar-bundles/nifi-extension-utils/nifi-processor-utils/target/classes:/home/alex/Repositories/nifi/nifi-commons/nifi-security-socket-ssl/target/classes:/home/alex/Repositories/nifi/nifi-nar-bundles/nifi-extension-utils/nifi-event-transport/target/classes:/home/alex/.m2/repository/io/netty/netty-handler/4.1.69.Final/netty-handler-4.1.69.Final.jar:/home/alex/.m2/repository/io/netty/netty-common/4.1.69.Final/netty-common-4.1.69.Final.jar:/home/alex/.m2/repository/io/netty/netty-resolver/4.1.69.Final/netty-resolver-4.1.69.Final.jar:/home/alex/.m2/repository/io/netty/netty-transport/4.1.69.Final/netty-transport-4.1.69.Final.jar:/home/alex/.m2/repository/io/netty/netty-codec/4.1.69.Final/netty-codec-4.1.69.Final.jar:/home/alex/Repositories/nifi/nifi-nar-bundles/nifi-extension-utils/nifi-syslog-utils/target/classes:/home/alex/.m2/repository/com/github/palindromicity/simple-syslog-5424/0.0.16/simple-syslog-5424-0.0.16.jar:/home/alex/.m2/repository/org/antlr/antlr4-runtime/4.7.2/antlr4-runtime-4.7.2.jar:/home/alex/Repositories/nifi/nifi-commons/nifi-utils/target/classes:/home/alex/Repositories/nifi/nifi-commons/nifi-record-path/target/classes:/home/alex/Repositories/nifi/nifi-commons/nifi-properties/target/classes:/home/alex/Repositories/nifi/nifi-commons/nifi-property-utils/target/classes:/home/alex/.m2/repository/com/github/ben-manes/caffeine/caffeine/2.8.1/caffeine-2.8.1.jar:/home/alex/Repositories/nifi/nifi-nar-bundles/nifi-standard-services/nifi-ssl-context-service-api/target/classes:/home/alex/Repositories/nifi/nifi-commons/nifi-security-utils-api/target/classes:/home/alex/Repositories/nifi/nifi-nar-bundles/nifi-standard-services/nifi-lookup-service-api/target/classes:/home/alex/Repositories/nifi/nifi-commons/nifi-flowfile-packager/target/classes:/home/alex/Repositories/nifi/nifi-nar-bundles/nifi-standard-services/nifi-distributed-cache-client-service-api/target/classes:/home/alex/Repositories/nifi/nifi-nar-bundles/nifi-standard-services/nifi-http-context-map-api/target/classes:/home/alex/Repositories/nifi/nifi-nar-bundles/nifi-standard-services/nifi-record-serialization-service-api/target/classes:/home/alex/Repositories/nifi/nifi-nar-bundles/nifi-standard-services/nifi-proxy-configuration-api/target/classes:/home/alex/Repositories/nifi/nifi-commons/nifi-record/target/classes:/home/alex/Repositories/nifi/nifi-nar-bundles/nifi-standard-services/nifi-record-sink-api/target/classes:/home/alex/.m2/repository/commons-io/commons-io/2.10.0/commons-io-2.10.0.jar:/home/alex/.m2/repository/javax/ws/rs/javax.ws.rs-api/2.1/javax.ws.rs-api-2.1.jar:/home/alex/.m2/repository/commons-net/commons-net/3.6/commons-net-3.6.jar:/home/alex/.m2/repository/org/apache/commons/commons-compress/1.21/commons-compress-1.21.jar:/home/alex/.m2/repository/org/apache/commons/commons-lang3/3.9/commons-lang3-3.9.jar:/home/alex/.m2/repository/org/bouncycastle/bcprov-jdk15on/1.69/bcprov-jdk15on-1.69.jar:/home/alex/.m2/repository/org/bouncycastle/bcpg-jdk15on/1.69/bcpg-jdk15on-1.69.jar:/home/alex/.m2/repository/org/bouncycastle/bcpkix-jdk15on/1.69/bcpkix-jdk15on-1.69.jar:/home/alex/.m2/repository/org/bouncycastle/bcutil-jdk15on/1.69/bcutil-jdk15on-1.69.jar:/home/alex/.m2/repository/commons-codec/commons-codec/1.14/commons-codec-1.14.jar:/home/alex/Repositories/nifi/nifi-commons/nifi-security-utils/target/classes:/home/alex/Repositories/nifi/nifi-commons/nifi-security-kms/target/classes:/home/alex/.m2/repository/org/apache/commons/commons-configuration2/2.7/commons-configuration2-2.7.jar:/home/alex/.m2/repository/com/hierynomus/sshj/0.32.0/sshj-0.32.0.jar:/home/alex/.m2/repository/com/jcraft/jzlib/1.1.3/jzlib-1.1.3.jar:/home/alex/.m2/repository/com/hierynomus/asn-one/0.6.0/asn-one-0.6.0.jar:/home/alex/.m2/repository/net/i2p/crypto/eddsa/0.3.0/eddsa-0.3.0.jar:/home/alex/.m2/repository/org/eclipse/jetty/jetty-server/9.4.44.v20210927/jetty-server-9.4.44.v20210927.jar:/home/alex/.m2/repository/javax/servlet/javax.servlet-api/3.1.0/javax.servlet-api-3.1.0.jar:/home/alex/.m2/repository/org/eclipse/jetty/jetty-http/9.4.44.v20210927/jetty-http-9.4.44.v20210927.jar:/home/alex/.m2/repository/org/eclipse/jetty/jetty-util/9.4.44.v20210927/jetty-util-9.4.44.v20210927.jar:/home/alex/.m2/repository/org/eclipse/jetty/jetty-io/9.4.44.v20210927/jetty-io-9.4.44.v20210927.jar:/home/alex/.m2/repository/org/eclipse/jetty/jetty-servlet/9.4.44.v20210927/jetty-servlet-9.4.44.v20210927.jar:/home/alex/.m2/repository/org/eclipse/jetty/jetty-security/9.4.44.v20210927/jetty-security-9.4.44.v20210927.jar:/home/alex/.m2/repository/org/eclipse/jetty/jetty-util-ajax/9.4.44.v20210927/jetty-util-ajax-9.4.44.v20210927.jar:/home/alex/.m2/repository/org/apache/httpcomponents/httpclient/4.5.5/httpclient-4.5.5.jar:/home/alex/.m2/repository/commons-logging/commons-logging/1.2/commons-logging-1.2.jar:/home/alex/.m2/repository/org/apache/httpcomponents/httpcore/4.4.9/httpcore-4.4.9.jar:/home/alex/.m2/repository/jakarta/activation/jakarta.activation-api/2.0.1/jakarta.activation-api-2.0.1.jar:/home/alex/.m2/repository/com/sun/activation/jakarta.activation/2.0.1/jakarta.activation-2.0.1.jar:/home/alex/.m2/repository/jakarta/mail/jakarta.mail-api/2.0.1/jakarta.mail-api-2.0.1.jar:/home/alex/.m2/repository/com/sun/mail/jakarta.mail/2.0.1/jakarta.mail-2.0.1.jar:/home/alex/.m2/repository/com/github/jponge/lzma-java/1.3/lzma-java-1.3.jar:/home/alex/.m2/repository/org/tukaani/xz/1.8/xz-1.8.jar:/home/alex/.m2/repository/net/sf/saxon/Saxon-HE/10.6/Saxon-HE-10.6.jar:/home/alex/Repositories/nifi/nifi-commons/nifi-socket-utils/target/classes:/home/alex/Repositories/nifi/nifi-commons/nifi-logging-utils/target/classes:/home/alex/Repositories/nifi/nifi-nar-bundles/nifi-standard-services/nifi-load-distribution-service-api/target/classes:/home/alex/.m2/repository/javax/jms/javax.jms-api/2.0.1/javax.jms-api-2.0.1.jar:/home/alex/.m2/repository/org/apache/activemq/activemq-client/5.15.15/activemq-client-5.15.15.jar:/home/alex/.m2/repository/org/apache/geronimo/specs/geronimo-jms_1.1_spec/1.1.1/geronimo-jms_1.1_spec-1.1.1.jar:/home/alex/.m2/repository/org/fusesource/hawtbuf/hawtbuf/1.11/hawtbuf-1.11.jar:/home/alex/.m2/repository/org/apache/geronimo/specs/geronimo-j2ee-management_1.1_spec/1.0.1/geronimo-j2ee-management_1.1_spec-1.0.1.jar:/home/alex/.m2/repository/com/jayway/jsonpath/json-path/2.6.0/json-path-2.6.0.jar:/home/alex/.m2/repository/net/minidev/json-smart/2.4.7/json-smart-2.4.7.jar:/home/alex/.m2/repository/net/minidev/accessors-smart/2.4.7/accessors-smart-2.4.7.jar:/home/alex/.m2/repository/org/ow2/asm/asm/9.1/asm-9.1.jar:/home/alex/.m2/repository/org/apache/tika/tika-core/1.26/tika-core-1.26.jar:/home/alex/.m2/repository/com/fasterxml/jackson/core/jackson-databind/2.12.3/jackson-databind-2.12.3.jar:/home/alex/.m2/repository/com/fasterxml/jackson/core/jackson-annotations/2.12.3/jackson-annotations-2.12.3.jar:/home/alex/.m2/repository/com/fasterxml/jackson/core/jackson-core/2.12.3/jackson-core-2.12.3.jar:/home/alex/Repositories/nifi/nifi-nar-bundles/nifi-extension-utils/nifi-record-utils/nifi-avro-record-utils/target/classes:/home/alex/Repositories/nifi/nifi-nar-bundles/nifi-extension-utils/nifi-record-utils/nifi-standard-record-utils/target/classes:/home/alex/.m2/repository/org/apache/avro/avro/1.8.1/avro-1.8.1.jar:/home/alex/.m2/repository/org/codehaus/jackson/jackson-core-asl/1.9.13/jackson-core-asl-1.9.13.jar:/home/alex/.m2/repository/org/codehaus/jackson/jackson-mapper-asl/1.9.13/jackson-mapper-asl-1.9.13.jar:/home/alex/.m2/repository/com/thoughtworks/paranamer/paranamer/2.7/paranamer-2.7.jar:/home/alex/Repositories/nifi/nifi-nar-bundles/nifi-standard-services/nifi-dbcp-service-api/target/classes:/home/alex/.m2/repository/com/squareup/okhttp3/okhttp/4.9.2/okhttp-4.9.2.jar:/home/alex/.m2/repository/com/squareup/okio/okio/2.8.0/okio-2.8.0.jar:/home/alex/.m2/repository/org/jetbrains/kotlin/kotlin-stdlib-common/1.4.0/kotlin-stdlib-common-1.4.0.jar:/home/alex/.m2/repository/org/jetbrains/kotlin/kotlin-stdlib/1.4.10/kotlin-stdlib-1.4.10.jar:/home/alex/.m2/repository/org/jetbrains/annotations/13.0/annotations-13.0.jar:/home/alex/.m2/repository/io/github/rburgst/okhttp-digest/2.5/okhttp-digest-2.5.jar:/home/alex/.m2/repository/at/favre/lib/bcrypt/0.9.0/bcrypt-0.9.0.jar:/home/alex/.m2/repository/at/favre/lib/bytes/1.3.0/bytes-1.3.0.jar:/home/alex/.m2/repository/com/google/guava/guava/28.0-jre/guava-28.0-jre.jar:/home/alex/.m2/repository/com/google/guava/failureaccess/1.0.1/failureaccess-1.0.1.jar:/home/alex/.m2/repository/com/google/guava/listenablefuture/9999.0-empty-to-avoid-conflict-with-guava/listenablefuture-9999.0-empty-to-avoid-conflict-with-guava.jar:/home/alex/.m2/repository/com/google/code/findbugs/jsr305/3.0.2/jsr305-3.0.2.jar:/home/alex/.m2/repository/org/checkerframework/checker-qual/2.8.1/checker-qual-2.8.1.jar:/home/alex/.m2/repository/com/google/errorprone/error_prone_annotations/2.3.2/error_prone_annotations-2.3.2.jar:/home/alex/.m2/repository/com/google/j2objc/j2objc-annotations/1.3/j2objc-annotations-1.3.jar:/home/alex/.m2/repository/org/codehaus/mojo/animal-sniffer-annotations/1.17/animal-sniffer-annotations-1.17.jar:/home/alex/Repositories/nifi/nifi-mock/target/classes:/home/alex/Repositories/nifi/nifi-framework-api/target/classes:/home/alex/Repositories/nifi/nifi-nar-bundles/nifi-framework-bundle/nifi-framework/nifi-framework-core-api/target/classes:/home/alex/Repositories/nifi/nifi-nar-bundles/nifi-framework-bundle/nifi-framework/nifi-framework-nar-utils/target/classes:/home/alex/Repositories/nifi/nifi-nar-bundles/nifi-framework-bundle/nifi-framework/nifi-client-dto/target/classes:/home/alex/.m2/repository/io/swagger/swagger-annotations/1.6.0/swagger-annotations-1.6.0.jar:/home/alex/Repositories/nifi/nifi-commons/nifi-site-to-site-client/target/classes:/home/alex/.m2/repository/org/apache/httpcomponents/httpasyncclient/4.1.4/httpasyncclient-4.1.4.jar:/home/alex/.m2/repository/org/apache/httpcomponents/httpcore-nio/4.4.10/httpcore-nio-4.4.10.jar:/home/alex/Repositories/nifi/nifi-nar-bundles/nifi-framework-bundle/nifi-framework/nifi-framework-authorization/target/classes:/home/alex/Repositories/nifi/nifi-registry/nifi-registry-core/nifi-registry-data-model/target/classes:/home/alex/Repositories/nifi/nifi-registry/nifi-registry-core/nifi-registry-revision/nifi-registry-revision-entity-model/target/classes:/home/alex/Repositories/nifi/nifi-registry/nifi-registry-core/nifi-registry-client/target/classes:/home/alex/Repositories/nifi/nifi-registry/nifi-registry-core/nifi-registry-security-utils/target/classes:/home/alex/.m2/repository/org/glassfish/jersey/core/jersey-client/2.33/jersey-client-2.33.jar:/home/alex/.m2/repository/jakarta/ws/rs/jakarta.ws.rs-api/2.1.6/jakarta.ws.rs-api-2.1.6.jar:/home/alex/.m2/repository/org/glassfish/hk2/external/jakarta.inject/2.6.1/jakarta.inject-2.6.1.jar:/home/alex/.m2/repository/org/glassfish/jersey/media/jersey-media-json-jackson/2.33/jersey-media-json-jackson-2.33.jar:/home/alex/.m2/repository/org/glassfish/jersey/ext/jersey-entity-filtering/2.33/jersey-entity-filtering-2.33.jar:/home/alex/.m2/repository/org/glassfish/jersey/inject/jersey-hk2/2.33/jersey-hk2-2.33.jar:/home/alex/.m2/repository/org/glassfish/hk2/hk2-locator/2.6.1/hk2-locator-2.6.1.jar:/home/alex/.m2/repository/org/glassfish/hk2/external/aopalliance-repackaged/2.6.1/aopalliance-repackaged-2.6.1.jar:/home/alex/.m2/repository/org/glassfish/hk2/hk2-api/2.6.1/hk2-api-2.6.1.jar:/home/alex/.m2/repository/org/glassfish/hk2/hk2-utils/2.6.1/hk2-utils-2.6.1.jar:/home/alex/.m2/repository/org/javassist/javassist/3.25.0-GA/javassist-3.25.0-GA.jar:/home/alex/.m2/repository/org/glassfish/jersey/core/jersey-common/2.33/jersey-common-2.33.jar:/home/alex/.m2/repository/jakarta/annotation/jakarta.annotation-api/1.3.5/jakarta.annotation-api-1.3.5.jar:/home/alex/.m2/repository/org/glassfish/hk2/osgi-resource-locator/1.0.3/osgi-resource-locator-1.0.3.jar:/home/alex/.m2/repository/org/glassfish/jersey/media/jersey-media-multipart/2.33/jersey-media-multipart-2.33.jar:/home/alex/.m2/repository/org/jvnet/mimepull/mimepull/1.9.13/mimepull-1.9.13.jar:/home/alex/Repositories/nifi/nifi-commons/nifi-data-provenance-utils/target/classes:/home/alex/Repositories/nifi/nifi-nar-bundles/nifi-standard-services/nifi-distributed-cache-services-bundle/nifi-distributed-cache-client-service/target/classes:/home/alex/Repositories/nifi/nifi-nar-bundles/nifi-standard-services/nifi-distributed-cache-services-bundle/nifi-distributed-cache-protocol/target/classes:/home/alex/.m2/repository/io/netty/netty-buffer/4.1.69.Final/netty-buffer-4.1.69.Final.jar:/home/alex/.m2/repository/com/google/http-client/google-http-client/1.28.0/google-http-client-1.28.0.jar:/home/alex/.m2/repository/io/opencensus/opencensus-api/0.18.0/opencensus-api-0.18.0.jar:/home/alex/.m2/repository/io/grpc/grpc-context/1.14.0/grpc-context-1.14.0.jar:/home/alex/.m2/repository/io/opencensus/opencensus-contrib-http-util/0.18.0/opencensus-contrib-http-util-0.18.0.jar:/home/alex/.m2/repository/org/apache/activemq/activemq-broker/5.15.14/activemq-broker-5.15.14.jar:/home/alex/.m2/repository/org/apache/activemq/activemq-openwire-legacy/5.15.14/activemq-openwire-legacy-5.15.14.jar:/home/alex/Repositories/nifi/nifi-nar-bundles/nifi-standard-services/nifi-ssl-context-bundle/nifi-ssl-context-service/target/classes:/home/alex/Repositories/nifi/nifi-nar-bundles/nifi-framework-bundle/nifi-framework/nifi-standard-prioritizers/target/classes:/home/alex/Repositories/nifi/nifi-nar-bundles/nifi-extension-utils/nifi-record-utils/nifi-mock-record-utils/target/classes:/home/alex/Repositories/nifi/nifi-nar-bundles/nifi-standard-services/nifi-record-serialization-services-bundle/nifi-record-serialization-services/target/classes:/home/alex/.m2/repository/org/apache/commons/commons-csv/1.8/commons-csv-1.8.jar:/home/alex/.m2/repository/com/fasterxml/jackson/dataformat/jackson-dataformat-csv/2.12.3/jackson-dataformat-csv-2.12.3.jar:/home/alex/.m2/repository/net/java/dev/stax-utils/stax-utils/20070216/stax-utils-20070216.jar:/home/alex/Repositories/nifi/nifi-nar-bundles/nifi-standard-services/nifi-lookup-services-bundle/nifi-lookup-services/target/classes:/home/alex/.m2/repository/commons-beanutils/commons-beanutils/1.9.4/commons-beanutils-1.9.4.jar:/home/alex/.m2/repository/commons-collections/commons-collections/3.2.2/commons-collections-3.2.2.jar:/home/alex/.m2/repository/com/maxmind/geoip2/geoip2/2.12.0/geoip2-2.12.0.jar:/home/alex/.m2/repository/com/maxmind/db/maxmind-db/1.2.2/maxmind-db-1.2.2.jar:/home/alex/.m2/repository/org/apache/derby/derby/10.14.2.0/derby-10.14.2.0.jar:/home/alex/.m2/repository/org/xerial/snappy/snappy-java/1.1.7.3/snappy-java-1.1.7.3.jar:/home/alex/.m2/repository/net/lingala/zip4j/zip4j/2.8.0/zip4j-2.8.0.jar:/home/alex/.m2/repository/com/h2database/h2/1.4.187/h2-1.4.187.jar:/home/alex/.m2/repository/org/mockftpserver/MockFtpServer/2.7.1/MockFtpServer-2.7.1.jar:/home/alex/.m2/repository/org/apache/sshd/sshd-core/1.7.0/sshd-core-1.7.0.jar:/home/alex/.m2/repository/com/bazaarvoice/jolt/jolt-core/0.1.1/jolt-core-0.1.1.jar:/home/alex/.m2/repository/javax/inject/javax.inject/1/javax.inject-1.jar:/home/alex/.m2/repository/com/bazaarvoice/jolt/json-utils/0.1.1/json-utils-0.1.1.jar:/home/alex/Repositories/nifi/nifi-nar-bundles/nifi-standard-bundle/nifi-standard-utils/target/classes:/home/alex/.m2/repository/net/sf/supercsv/super-csv/2.4.0/super-csv-2.4.0.jar:/home/alex/.m2/repository/com/fluenda/parcefone/2.1.0/parcefone-2.1.0.jar:/home/alex/.m2/repository/javax/validation/validation-api/1.1.0.Final/validation-api-1.1.0.Final.jar:/home/alex/.m2/repository/javax/el/javax.el-api/3.0.0/javax.el-api-3.0.0.jar:/home/alex/.m2/repository/com/github/wnameless/json/json-flattener/0.12.0/json-flattener-0.12.0.jar:/home/alex/.m2/repository/com/github/wnameless/json/json-base/2.0.0/json-base-2.0.0.jar:/home/alex/.m2/repository/org/apache/bval/bval-jsr/1.1.2/bval-jsr-1.1.2.jar:/home/alex/.m2/repository/org/apache/bval/bval-core/1.1.2/bval-core-1.1.2.jar:/home/alex/.m2/repository/io/krakens/java-grok/0.1.9/java-grok-0.1.9.jar:/home/alex/.m2/repository/org/apache/calcite/calcite-core/1.27.0/calcite-core-1.27.0.jar:/home/alex/.m2/repository/org/apache/calcite/calcite-linq4j/1.27.0/calcite-linq4j-1.27.0.jar:/home/alex/.m2/repository/com/esri/geometry/esri-geometry-api/2.2.0/esri-geometry-api-2.2.0.jar:/home/alex/.m2/repository/org/apache/calcite/avatica/avatica-core/1.18.0/avatica-core-1.18.0.jar:/home/alex/.m2/repository/org/apache/calcite/avatica/avatica-metrics/1.18.0/avatica-metrics-1.18.0.jar:/home/alex/.m2/repository/com/google/protobuf/protobuf-java/3.6.1/protobuf-java-3.6.1.jar:/home/alex/.m2/repository/org/apiguardian/apiguardian-api/1.1.0/apiguardian-api-1.1.0.jar:/home/alex/.m2/repository/com/fasterxml/jackson/dataformat/jackson-dataformat-yaml/2.10.0/jackson-dataformat-yaml-2.10.0.jar:/home/alex/.m2/repository/org/yaml/snakeyaml/1.29/snakeyaml-1.29.jar:/home/alex/.m2/repository/com/google/uzaygezen/uzaygezen-core/0.2/uzaygezen-core-0.2.jar:/home/alex/.m2/repository/com/yahoo/datasketches/sketches-core/0.9.0/sketches-core-0.9.0.jar:/home/alex/.m2/repository/com/yahoo/datasketches/memory/0.9.0/memory-0.9.0.jar:/home/alex/.m2/repository/net/hydromatic/aggdesigner-algorithm/6.0/aggdesigner-algorithm-6.0.jar:/home/alex/.m2/repository/commons-lang/commons-lang/2.4/commons-lang-2.4.jar:/home/alex/.m2/repository/org/apache/commons/commons-dbcp2/2.6.0/commons-dbcp2-2.6.0.jar:/home/alex/.m2/repository/org/apache/commons/commons-pool2/2.6.1/commons-pool2-2.6.1.jar:/home/alex/.m2/repository/org/codehaus/janino/commons-compiler/3.0.11/commons-compiler-3.0.11.jar:/home/alex/.m2/repository/org/codehaus/janino/janino/3.0.11/janino-3.0.11.jar:/home/alex/Repositories/nifi/nifi-nar-bundles/nifi-standard-services/nifi-schema-registry-service-api/target/classes:/home/alex/Repositories/nifi/nifi-nar-bundles/nifi-extension-utils/nifi-database-utils/target/classes:/home/alex/Repositories/nifi/nifi-nar-bundles/nifi-standard-bundle/nifi-standard-web-test-utils/target/classes:/home/alex/.m2/repository/com/github/stefanbirkner/fake-sftp-server-rule/2.0.1/fake-sftp-server-rule-2.0.1.jar:/home/alex/.m2/repository/com/github/marschall/memoryfilesystem/2.8.0/memoryfilesystem-2.8.0.jar:/home/alex/.m2/repository/junit/junit/4.13.2/junit-4.13.2.jar:/home/alex/.m2/repository/org/hamcrest/hamcrest-core/1.3/hamcrest-core-1.3.jar:/home/alex/Repositories/nifi/nifi-nar-bundles/nifi-extension-utils/nifi-database-test-utils/target/classes:/home/alex/.m2/repository/org/codehaus/groovy/groovy-json/2.5.14/groovy-json-2.5.14.jar:/home/alex/.m2/repository/org/codehaus/groovy/groovy/2.5.14/groovy-2.5.14.jar:/home/alex/.m2/repository/org/codehaus/groovy/groovy-servlet/2.5.14/groovy-servlet-2.5.14.jar:/home/alex/.m2/repository/org/codehaus/groovy/groovy-templates/2.5.14/groovy-templates-2.5.14.jar:/home/alex/.m2/repository/org/codehaus/groovy/groovy-xml/2.5.14/groovy-xml-2.5.14.jar:/home/alex/.m2/repository/org/hamcrest/hamcrest-all/1.3/hamcrest-all-1.3.jar:/home/alex/.m2/repository/com/squareup/okhttp3/mockwebserver/4.9.2/mockwebserver-4.9.2.jar:/home/alex/.m2/repository/org/jetbrains/kotlin/kotlin-stdlib-jdk8/1.4.10/kotlin-stdlib-jdk8-1.4.10.jar:/home/alex/.m2/repository/org/jetbrains/kotlin/kotlin-stdlib-jdk7/1.4.10/kotlin-stdlib-jdk7-1.4.10.jar:/home/alex/.m2/repository/org/mockito/mockito-inline/3.12.4/mockito-inline-3.12.4.jar:/home/alex/.m2/repository/org/junit/jupiter/junit-jupiter-api/5.7.2/junit-jupiter-api-5.7.2.jar:/home/alex/.m2/repository/org/opentest4j/opentest4j/1.2.0/opentest4j-1.2.0.jar:/home/alex/.m2/repository/org/junit/platform/junit-platform-commons/1.7.2/junit-platform-commons-1.7.2.jar:/home/alex/.m2/repository/org/junit/jupiter/junit-jupiter-engine/5.7.2/junit-jupiter-engine-5.7.2.jar:/home/alex/.m2/repository/org/junit/platform/junit-platform-engine/1.7.2/junit-platform-engine-1.7.2.jar:/home/alex/.m2/repository/org/junit/vintage/junit-vintage-engine/5.7.2/junit-vintage-engine-5.7.2.jar:/home/alex/.m2/repository/org/junit/jupiter/junit-jupiter-params/5.7.2/junit-jupiter-params-5.7.2.jar:/home/alex/.m2/repository/org/mockito/mockito-core/3.11.2/mockito-core-3.11.2.jar:/home/alex/.m2/repository/net/bytebuddy/byte-buddy/1.11.3/byte-buddy-1.11.3.jar:/home/alex/.m2/repository/net/bytebuddy/byte-buddy-agent/1.11.3/byte-buddy-agent-1.11.3.jar:/home/alex/.m2/repository/org/objenesis/objenesis/3.2/objenesis-3.2.jar:/home/alex/.m2/repository/org/mockito/mockito-junit-jupiter/3.11.2/mockito-junit-jupiter-3.11.2.jar:/home/alex/.m2/repository/org/slf4j/slf4j-simple/1.7.32/slf4j-simple-1.7.32.jar:/home/alex/.m2/repository/org/codehaus/groovy/groovy-test/2.5.14/groovy-test-2.5.14.jar:"/>
    <property name="sun.cpu.endian" value="little"/>
    <property name="user.home" value="/home/alex"/>
    <property name="user.language" value="en"/>
    <property name="java.specification.vendor" value="Oracle Corporation"/>
    <property name="java.home" value="/usr/lib/jvm/java-8-openjdk-amd64/jre"/>
    <property name="basedir" value="/home/alex/Repositories/nifi/nifi-nar-bundles/nifi-standard-bundle/nifi-standard-processors"/>
    <property name="file.separator" value="/"/>
    <property name="line.separator" value="&#10;"/>
    <property name="java.vm.specification.vendor" value="Oracle Corporation"/>
    <property name="java.specification.name" value="Java Platform API Specification"/>
    <property name="derby.stream.error.file" value="target/derby.log"/>
    <property name="java.awt.graphicsenv" value="sun.awt.X11GraphicsEnvironment"/>
    <property name="java.awt.headless" value="true"/>
    <property name="surefire.real.class.path" value="/home/alex/Repositories/nifi/nifi-nar-bundles/nifi-standard-bundle/nifi-standard-processors/target/surefire/surefirebooter5361507383572708917.jar"/>
    <property name="sun.boot.class.path" value="/usr/lib/jvm/java-8-openjdk-amd64/jre/lib/resources.jar:/usr/lib/jvm/java-8-openjdk-amd64/jre/lib/rt.jar:/usr/lib/jvm/java-8-openjdk-amd64/jre/lib/sunrsasign.jar:/usr/lib/jvm/java-8-openjdk-amd64/jre/lib/jsse.jar:/usr/lib/jvm/java-8-openjdk-amd64/jre/lib/jce.jar:/usr/lib/jvm/java-8-openjdk-amd64/jre/lib/charsets.jar:/usr/lib/jvm/java-8-openjdk-amd64/jre/lib/jfr.jar:/usr/lib/jvm/java-8-openjdk-amd64/jre/classes"/>
    <property name="sun.management.compiler" value="HotSpot 64-Bit Tiered Compilers"/>
    <property name="java.runtime.version" value="1.8.0_402-8u402-ga-2ubuntu1~22.04-b06"/>
    <property name="java.net.preferIPv4Stack" value="true"/>
    <property name="user.name" value="alex"/>
    <property name="path.separator" value=":"/>
    <property name="os.version" value="6.5.0-28-generic"/>
    <property name="java.endorsed.dirs" value="/usr/lib/jvm/java-8-openjdk-amd64/jre/lib/endorsed"/>
    <property name="java.runtime.name" value="OpenJDK Runtime Environment"/>
    <property name="file.encoding" value="UTF-8"/>
    <property name="sun.nio.ch.bugLevel" value=""/>
    <property name="java.vm.name" value="OpenJDK 64-Bit Server VM"/>
    <property name="localRepository" value="/home/alex/.m2/repository"/>
    <property name="java.vendor.url.bug" value="http://bugreport.sun.com/bugreport/"/>
    <property name="java.io.tmpdir" value="/tmp"/>
    <property name="java.version" value="1.8.0_402"/>
    <property name="user.dir" value="/home/alex/Repositories/nifi/nifi-nar-bundles/nifi-standard-bundle/nifi-standard-processors"/>
    <property name="os.arch" value="amd64"/>
    <property name="java.vm.specification.name" value="Java Virtual Machine Specification"/>
    <property name="java.awt.printerjob" value="sun.print.PSPrinterJob"/>
    <property name="sun.os.patch.level" value="unknown"/>
    <property name="java.library.path" value="/usr/java/packages/lib/amd64:/usr/lib/x86_64-linux-gnu/jni:/lib/x86_64-linux-gnu:/usr/lib/x86_64-linux-gnu:/usr/lib/jni:/lib:/usr/lib"/>
    <property name="java.vm.info" value="mixed mode"/>
    <property name="java.vendor" value="Private Build"/>
    <property name="java.vm.version" value="25.402-b06"/>
    <property name="java.specification.maintenance.version" value="5"/>
    <property name="java.ext.dirs" value="/usr/lib/jvm/java-8-openjdk-amd64/jre/lib/ext:/usr/java/packages/lib/ext"/>
    <property name="sun.io.unicode.encoding" value="UnicodeLittle"/>
    <property name="java.class.version" value="52.0"/>
  </properties>
  <testcase name="testFileCountRate" classname="org.apache.nifi.processors.standard.TestControlRate" time="1.111">
    <system-err><![CDATA[[pool-139-thread-1] INFO org.apache.nifi.processors.standard.ControlRate - ControlRate[id=d5953dbf-c41e-49cc-ad7f-d585b990b28a] transferring FlowFile[0,90378083619204.mockFlowFile,11B] to 'success'
[pool-139-thread-1] INFO org.apache.nifi.processors.standard.ControlRate - ControlRate[id=d5953dbf-c41e-49cc-ad7f-d585b990b28a] transferring FlowFile[1,90378083716798.mockFlowFile,11B] to 'success'
[pool-139-thread-1] INFO org.apache.nifi.processors.standard.ControlRate - ControlRate[id=d5953dbf-c41e-49cc-ad7f-d585b990b28a] transferring FlowFile[2,90378083743636.mockFlowFile,11B] to 'success'
[pool-141-thread-1] INFO org.apache.nifi.processors.standard.ControlRate - ControlRate[id=d5953dbf-c41e-49cc-ad7f-d585b990b28a] transferring FlowFile[3,90378083779607.mockFlowFile,11B] to 'success'
]]></system-err>
  </testcase>
  <testcase name="testDataSizeRate" classname="org.apache.nifi.processors.standard.TestControlRate" time="1.104">
    <system-err><![CDATA[[pool-142-thread-1] INFO org.apache.nifi.processors.standard.ControlRate - ControlRate[id=c07c0940-455e-43b5-9465-04a0783a0f1d] transferring FlowFile[0,90379191164405.mockFlowFile,10B] to 'success'
[pool-142-thread-1] INFO org.apache.nifi.processors.standard.ControlRate - ControlRate[id=c07c0940-455e-43b5-9465-04a0783a0f1d] transferring FlowFile[1,90379191199276.mockFlowFile,10B] to 'success'
[pool-144-thread-1] INFO org.apache.nifi.processors.standard.ControlRate - ControlRate[id=c07c0940-455e-43b5-9465-04a0783a0f1d] transferring FlowFile[2,90379191217099.mockFlowFile,10B] to 'success'
[pool-144-thread-1] INFO org.apache.nifi.processors.standard.ControlRate - ControlRate[id=c07c0940-455e-43b5-9465-04a0783a0f1d] transferring FlowFile[3,90379191233116.mockFlowFile,10B] to 'success'
]]></system-err>
  </testcase>
  <testcase name="testBatchLimit" classname="org.apache.nifi.processors.standard.TestControlRate" time="0.066">
    <system-err><![CDATA[[pool-145-thread-1] INFO org.apache.nifi.processors.standard.ControlRate - ControlRate[id=bbeacea5-a44f-4c03-8191-96e09d8e4b1a] transferring FlowFile[0,90380295031438.mockFlowFile,11B] to 'success'
[pool-145-thread-1] INFO org.apache.nifi.processors.standard.ControlRate - ControlRate[id=bbeacea5-a44f-4c03-8191-96e09d8e4b1a] transferring FlowFile[1,90380295065510.mockFlowFile,11B] to 'success'
[pool-145-thread-1] INFO org.apache.nifi.processors.standard.ControlRate - ControlRate[id=bbeacea5-a44f-4c03-8191-96e09d8e4b1a] transferring FlowFile[2,90380295089936.mockFlowFile,11B] to 'success'
[pool-145-thread-1] INFO org.apache.nifi.processors.standard.ControlRate - ControlRate[id=bbeacea5-a44f-4c03-8191-96e09d8e4b1a] transferring FlowFile[3,90380295123552.mockFlowFile,11B] to 'success'
[pool-145-thread-1] INFO org.apache.nifi.processors.standard.ControlRate - ControlRate[id=bbeacea5-a44f-4c03-8191-96e09d8e4b1a] transferring FlowFile[4,90380295137032.mockFlowFile,11B] to 'success'
[pool-145-thread-1] INFO org.apache.nifi.processors.standard.ControlRate - ControlRate[id=bbeacea5-a44f-4c03-8191-96e09d8e4b1a] transferring FlowFile[5,90380295150469.mockFlowFile,11B] to 'success'
[pool-145-thread-1] INFO org.apache.nifi.processors.standard.ControlRate - ControlRate[id=bbeacea5-a44f-4c03-8191-96e09d8e4b1a] transferring FlowFile[6,90380295177709.mockFlowFile,11B] to 'success'
[pool-145-thread-1] INFO org.apache.nifi.processors.standard.ControlRate - ControlRate[id=bbeacea5-a44f-4c03-8191-96e09d8e4b1a] transferring FlowFile[7,90380295194716.mockFlowFile,11B] to 'success'
[pool-145-thread-1] INFO org.apache.nifi.processors.standard.ControlRate - ControlRate[id=bbeacea5-a44f-4c03-8191-96e09d8e4b1a] transferring FlowFile[8,90380295207616.mockFlowFile,11B] to 'success'
[pool-145-thread-1] INFO org.apache.nifi.processors.standard.ControlRate - ControlRate[id=bbeacea5-a44f-4c03-8191-96e09d8e4b1a] transferring FlowFile[9,90380295219970.mockFlowFile,11B] to 'success'
[pool-145-thread-1] INFO org.apache.nifi.processors.standard.ControlRate - ControlRate[id=bbeacea5-a44f-4c03-8191-96e09d8e4b1a] transferring FlowFile[10,90380295232254.mockFlowFile,12B] to 'success'
[pool-145-thread-1] INFO org.apache.nifi.processors.standard.ControlRate - ControlRate[id=bbeacea5-a44f-4c03-8191-96e09d8e4b1a] transferring FlowFile[11,90380295244557.mockFlowFile,12B] to 'success'
[pool-145-thread-1] INFO org.apache.nifi.processors.standard.ControlRate - ControlRate[id=bbeacea5-a44f-4c03-8191-96e09d8e4b1a] transferring FlowFile[12,90380295255773.mockFlowFile,12B] to 'success'
[pool-145-thread-1] INFO org.apache.nifi.processors.standard.ControlRate - ControlRate[id=bbeacea5-a44f-4c03-8191-96e09d8e4b1a] transferring FlowFile[13,90380295267907.mockFlowFile,12B] to 'success'
[pool-145-thread-1] INFO org.apache.nifi.processors.standard.ControlRate - ControlRate[id=bbeacea5-a44f-4c03-8191-96e09d8e4b1a] transferring FlowFile[14,90380295279549.mockFlowFile,12B] to 'success'
[pool-145-thread-1] INFO org.apache.nifi.processors.standard.ControlRate - ControlRate[id=bbeacea5-a44f-4c03-8191-96e09d8e4b1a] transferring FlowFile[15,90380295294697.mockFlowFile,12B] to 'success'
[pool-145-thread-1] INFO org.apache.nifi.processors.standard.ControlRate - ControlRate[id=bbeacea5-a44f-4c03-8191-96e09d8e4b1a] transferring FlowFile[16,90380295312460.mockFlowFile,12B] to 'success'
[pool-145-thread-1] INFO org.apache.nifi.processors.standard.ControlRate - ControlRate[id=bbeacea5-a44f-4c03-8191-96e09d8e4b1a] transferring FlowFile[17,90380295343288.mockFlowFile,12B] to 'success'
[pool-145-thread-1] INFO org.apache.nifi.processors.standard.ControlRate - ControlRate[id=bbeacea5-a44f-4c03-8191-96e09d8e4b1a] transferring FlowFile[18,90380295355471.mockFlowFile,12B] to 'success'
[pool-145-thread-1] INFO org.apache.nifi.processors.standard.ControlRate - ControlRate[id=bbeacea5-a44f-4c03-8191-96e09d8e4b1a] transferring FlowFile[19,90380295367006.mockFlowFile,12B] to 'success'
[pool-145-thread-1] INFO org.apache.nifi.processors.standard.ControlRate - ControlRate[id=bbeacea5-a44f-4c03-8191-96e09d8e4b1a] transferring FlowFile[20,90380295392321.mockFlowFile,12B] to 'success'
[pool-145-thread-1] INFO org.apache.nifi.processors.standard.ControlRate - ControlRate[id=bbeacea5-a44f-4c03-8191-96e09d8e4b1a] transferring FlowFile[21,90380295404227.mockFlowFile,12B] to 'success'
[pool-145-thread-1] INFO org.apache.nifi.processors.standard.ControlRate - ControlRate[id=bbeacea5-a44f-4c03-8191-96e09d8e4b1a] transferring FlowFile[22,90380295418082.mockFlowFile,12B] to 'success'
[pool-145-thread-1] INFO org.apache.nifi.processors.standard.ControlRate - ControlRate[id=bbeacea5-a44f-4c03-8191-96e09d8e4b1a] transferring FlowFile[23,90380295432932.mockFlowFile,12B] to 'success'
[pool-145-thread-1] INFO org.apache.nifi.processors.standard.ControlRate - ControlRate[id=bbeacea5-a44f-4c03-8191-96e09d8e4b1a] transferring FlowFile[24,90380295444304.mockFlowFile,12B] to 'success'
[pool-145-thread-1] INFO org.apache.nifi.processors.standard.ControlRate - ControlRate[id=bbeacea5-a44f-4c03-8191-96e09d8e4b1a] transferring FlowFile[25,90380295455998.mockFlowFile,12B] to 'success'
[pool-145-thread-1] INFO org.apache.nifi.processors.standard.ControlRate - ControlRate[id=bbeacea5-a44f-4c03-8191-96e09d8e4b1a] transferring FlowFile[26,90380295467458.mockFlowFile,12B] to 'success'
[pool-145-thread-1] INFO org.apache.nifi.processors.standard.ControlRate - ControlRate[id=bbeacea5-a44f-4c03-8191-96e09d8e4b1a] transferring FlowFile[27,90380295478454.mockFlowFile,12B] to 'success'
[pool-145-thread-1] INFO org.apache.nifi.processors.standard.ControlRate - ControlRate[id=bbeacea5-a44f-4c03-8191-96e09d8e4b1a] transferring FlowFile[28,90380295489957.mockFlowFile,12B] to 'success'
[pool-145-thread-1] INFO org.apache.nifi.processors.standard.ControlRate - ControlRate[id=bbeacea5-a44f-4c03-8191-96e09d8e4b1a] transferring FlowFile[29,90380295501663.mockFlowFile,12B] to 'success'
[pool-145-thread-1] INFO org.apache.nifi.processors.standard.ControlRate - ControlRate[id=bbeacea5-a44f-4c03-8191-96e09d8e4b1a] transferring FlowFile[30,90380295514550.mockFlowFile,12B] to 'success'
[pool-145-thread-1] INFO org.apache.nifi.processors.standard.ControlRate - ControlRate[id=bbeacea5-a44f-4c03-8191-96e09d8e4b1a] transferring FlowFile[31,90380295529374.mockFlowFile,12B] to 'success'
[pool-145-thread-1] INFO org.apache.nifi.processors.standard.ControlRate - ControlRate[id=bbeacea5-a44f-4c03-8191-96e09d8e4b1a] transferring FlowFile[32,90380295540616.mockFlowFile,12B] to 'success'
[pool-145-thread-1] INFO org.apache.nifi.processors.standard.ControlRate - ControlRate[id=bbeacea5-a44f-4c03-8191-96e09d8e4b1a] transferring FlowFile[33,90380295552259.mockFlowFile,12B] to 'success'
[pool-145-thread-1] INFO org.apache.nifi.processors.standard.ControlRate - ControlRate[id=bbeacea5-a44f-4c03-8191-96e09d8e4b1a] transferring FlowFile[34,90380295563009.mockFlowFile,12B] to 'success'
[pool-145-thread-1] INFO org.apache.nifi.processors.standard.ControlRate - ControlRate[id=bbeacea5-a44f-4c03-8191-96e09d8e4b1a] transferring FlowFile[35,90380295575250.mockFlowFile,12B] to 'success'
[pool-145-thread-1] INFO org.apache.nifi.processors.standard.ControlRate - ControlRate[id=bbeacea5-a44f-4c03-8191-96e09d8e4b1a] transferring FlowFile[36,90380295586908.mockFlowFile,12B] to 'success'
[pool-145-thread-1] INFO org.apache.nifi.processors.standard.ControlRate - ControlRate[id=bbeacea5-a44f-4c03-8191-96e09d8e4b1a] transferring FlowFile[37,90380295621429.mockFlowFile,12B] to 'success'
[pool-145-thread-1] INFO org.apache.nifi.processors.standard.ControlRate - ControlRate[id=bbeacea5-a44f-4c03-8191-96e09d8e4b1a] transferring FlowFile[38,90380295633207.mockFlowFile,12B] to 'success'
[pool-145-thread-1] INFO org.apache.nifi.processors.standard.ControlRate - ControlRate[id=bbeacea5-a44f-4c03-8191-96e09d8e4b1a] transferring FlowFile[39,90380295647497.mockFlowFile,12B] to 'success'
[pool-145-thread-1] INFO org.apache.nifi.processors.standard.ControlRate - ControlRate[id=bbeacea5-a44f-4c03-8191-96e09d8e4b1a] transferring FlowFile[40,90380295672608.mockFlowFile,12B] to 'success'
[pool-145-thread-1] INFO org.apache.nifi.processors.standard.ControlRate - ControlRate[id=bbeacea5-a44f-4c03-8191-96e09d8e4b1a] transferring FlowFile[41,90380295684085.mockFlowFile,12B] to 'success'
[pool-145-thread-1] INFO org.apache.nifi.processors.standard.ControlRate - ControlRate[id=bbeacea5-a44f-4c03-8191-96e09d8e4b1a] transferring FlowFile[42,90380295695608.mockFlowFile,12B] to 'success'
[pool-145-thread-1] INFO org.apache.nifi.processors.standard.ControlRate - ControlRate[id=bbeacea5-a44f-4c03-8191-96e09d8e4b1a] transferring FlowFile[43,90380295708042.mockFlowFile,12B] to 'success'
[pool-145-thread-1] INFO org.apache.nifi.processors.standard.ControlRate - ControlRate[id=bbeacea5-a44f-4c03-8191-96e09d8e4b1a] transferring FlowFile[44,90380295719485.mockFlowFile,12B] to 'success'
[pool-145-thread-1] INFO org.apache.nifi.processors.standard.ControlRate - ControlRate[id=bbeacea5-a44f-4c03-8191-96e09d8e4b1a] transferring FlowFile[45,90380295731483.mockFlowFile,12B] to 'success'
[pool-145-thread-1] INFO org.apache.nifi.processors.standard.ControlRate - ControlRate[id=bbeacea5-a44f-4c03-8191-96e09d8e4b1a] transferring FlowFile[46,90380295743152.mockFlowFile,12B] to 'success'
[pool-145-thread-1] INFO org.apache.nifi.processors.standard.ControlRate - ControlRate[id=bbeacea5-a44f-4c03-8191-96e09d8e4b1a] transferring FlowFile[47,90380295756791.mockFlowFile,12B] to 'success'
[pool-145-thread-1] INFO org.apache.nifi.processors.standard.ControlRate - ControlRate[id=bbeacea5-a44f-4c03-8191-96e09d8e4b1a] transferring FlowFile[48,90380295769396.mockFlowFile,12B] to 'success'
[pool-145-thread-1] INFO org.apache.nifi.processors.standard.ControlRate - ControlRate[id=bbeacea5-a44f-4c03-8191-96e09d8e4b1a] transferring FlowFile[49,90380295781622.mockFlowFile,12B] to 'success'
[pool-145-thread-1] INFO org.apache.nifi.processors.standard.ControlRate - ControlRate[id=bbeacea5-a44f-4c03-8191-96e09d8e4b1a] transferring FlowFile[50,90380295794857.mockFlowFile,12B] to 'success'
[pool-145-thread-1] INFO org.apache.nifi.processors.standard.ControlRate - ControlRate[id=bbeacea5-a44f-4c03-8191-96e09d8e4b1a] transferring FlowFile[51,90380295806836.mockFlowFile,12B] to 'success'
[pool-145-thread-1] INFO org.apache.nifi.processors.standard.ControlRate - ControlRate[id=bbeacea5-a44f-4c03-8191-96e09d8e4b1a] transferring FlowFile[52,90380295817799.mockFlowFile,12B] to 'success'
[pool-145-thread-1] INFO org.apache.nifi.processors.standard.ControlRate - ControlRate[id=bbeacea5-a44f-4c03-8191-96e09d8e4b1a] transferring FlowFile[53,90380295829289.mockFlowFile,12B] to 'success'
[pool-145-thread-1] INFO org.apache.nifi.processors.standard.ControlRate - ControlRate[id=bbeacea5-a44f-4c03-8191-96e09d8e4b1a] transferring FlowFile[54,90380295840313.mockFlowFile,12B] to 'success'
[pool-145-thread-1] INFO org.apache.nifi.processors.standard.ControlRate - ControlRate[id=bbeacea5-a44f-4c03-8191-96e09d8e4b1a] transferring FlowFile[55,90380295855566.mockFlowFile,12B] to 'success'
[pool-145-thread-1] INFO org.apache.nifi.processors.standard.ControlRate - ControlRate[id=bbeacea5-a44f-4c03-8191-96e09d8e4b1a] transferring FlowFile[56,90380295868230.mockFlowFile,12B] to 'success'
[pool-145-thread-1] INFO org.apache.nifi.processors.standard.ControlRate - ControlRate[id=bbeacea5-a44f-4c03-8191-96e09d8e4b1a] transferring FlowFile[57,90380296032261.mockFlowFile,12B] to 'success'
[pool-145-thread-1] INFO org.apache.nifi.processors.standard.ControlRate - ControlRate[id=bbeacea5-a44f-4c03-8191-96e09d8e4b1a] transferring FlowFile[58,90380296066046.mockFlowFile,12B] to 'success'
[pool-145-thread-1] INFO org.apache.nifi.processors.standard.ControlRate - ControlRate[id=bbeacea5-a44f-4c03-8191-96e09d8e4b1a] transferring FlowFile[59,90380296080944.mockFlowFile,12B] to 'success'
[pool-145-thread-1] INFO org.apache.nifi.processors.standard.ControlRate - ControlRate[id=bbeacea5-a44f-4c03-8191-96e09d8e4b1a] transferring FlowFile[60,90380296094844.mockFlowFile,12B] to 'success'
[pool-145-thread-1] INFO org.apache.nifi.processors.standard.ControlRate - ControlRate[id=bbeacea5-a44f-4c03-8191-96e09d8e4b1a] transferring FlowFile[61,90380296108679.mockFlowFile,12B] to 'success'
[pool-145-thread-1] INFO org.apache.nifi.processors.standard.ControlRate - ControlRate[id=bbeacea5-a44f-4c03-8191-96e09d8e4b1a] transferring FlowFile[62,90380296121577.mockFlowFile,12B] to 'success'
[pool-145-thread-1] INFO org.apache.nifi.processors.standard.ControlRate - ControlRate[id=bbeacea5-a44f-4c03-8191-96e09d8e4b1a] transferring FlowFile[63,90380296142349.mockFlowFile,12B] to 'success'
[pool-145-thread-1] INFO org.apache.nifi.processors.standard.ControlRate - ControlRate[id=bbeacea5-a44f-4c03-8191-96e09d8e4b1a] transferring FlowFile[64,90380296157321.mockFlowFile,12B] to 'success'
[pool-145-thread-1] INFO org.apache.nifi.processors.standard.ControlRate - ControlRate[id=bbeacea5-a44f-4c03-8191-96e09d8e4b1a] transferring FlowFile[65,90380296170115.mockFlowFile,12B] to 'success'
[pool-145-thread-1] INFO org.apache.nifi.processors.standard.ControlRate - ControlRate[id=bbeacea5-a44f-4c03-8191-96e09d8e4b1a] transferring FlowFile[66,90380296230115.mockFlowFile,12B] to 'success'
[pool-145-thread-1] INFO org.apache.nifi.processors.standard.ControlRate - ControlRate[id=bbeacea5-a44f-4c03-8191-96e09d8e4b1a] transferring FlowFile[67,90380296246130.mockFlowFile,12B] to 'success'
[pool-145-thread-1] INFO org.apache.nifi.processors.standard.ControlRate - ControlRate[id=bbeacea5-a44f-4c03-8191-96e09d8e4b1a] transferring FlowFile[68,90380296259058.mockFlowFile,12B] to 'success'
[pool-145-thread-1] INFO org.apache.nifi.processors.standard.ControlRate - ControlRate[id=bbeacea5-a44f-4c03-8191-96e09d8e4b1a] transferring FlowFile[69,90380296270789.mockFlowFile,12B] to 'success'
[pool-145-thread-1] INFO org.apache.nifi.processors.standard.ControlRate - ControlRate[id=bbeacea5-a44f-4c03-8191-96e09d8e4b1a] transferring FlowFile[70,90380296282883.mockFlowFile,12B] to 'success'
[pool-145-thread-1] INFO org.apache.nifi.processors.standard.ControlRate - ControlRate[id=bbeacea5-a44f-4c03-8191-96e09d8e4b1a] transferring FlowFile[71,90380296298358.mockFlowFile,12B] to 'success'
[pool-145-thread-1] INFO org.apache.nifi.processors.standard.ControlRate - ControlRate[id=bbeacea5-a44f-4c03-8191-96e09d8e4b1a] transferring FlowFile[72,90380296309966.mockFlowFile,12B] to 'success'
[pool-145-thread-1] INFO org.apache.nifi.processors.standard.ControlRate - ControlRate[id=bbeacea5-a44f-4c03-8191-96e09d8e4b1a] transferring FlowFile[73,90380296322316.mockFlowFile,12B] to 'success'
[pool-145-thread-1] INFO org.apache.nifi.processors.standard.ControlRate - ControlRate[id=bbeacea5-a44f-4c03-8191-96e09d8e4b1a] transferring FlowFile[74,90380296333051.mockFlowFile,12B] to 'success'
[pool-145-thread-1] INFO org.apache.nifi.processors.standard.ControlRate - ControlRate[id=bbeacea5-a44f-4c03-8191-96e09d8e4b1a] transferring FlowFile[75,90380296344796.mockFlowFile,12B] to 'success'
[pool-145-thread-1] INFO org.apache.nifi.processors.standard.ControlRate - ControlRate[id=bbeacea5-a44f-4c03-8191-96e09d8e4b1a] transferring FlowFile[76,90380296356448.mockFlowFile,12B] to 'success'
[pool-145-thread-1] INFO org.apache.nifi.processors.standard.ControlRate - ControlRate[id=bbeacea5-a44f-4c03-8191-96e09d8e4b1a] transferring FlowFile[77,90380296367373.mockFlowFile,12B] to 'success'
[pool-145-thread-1] INFO org.apache.nifi.processors.standard.ControlRate - ControlRate[id=bbeacea5-a44f-4c03-8191-96e09d8e4b1a] transferring FlowFile[78,90380296379029.mockFlowFile,12B] to 'success'
[pool-145-thread-1] INFO org.apache.nifi.processors.standard.ControlRate - ControlRate[id=bbeacea5-a44f-4c03-8191-96e09d8e4b1a] transferring FlowFile[79,90380296417121.mockFlowFile,12B] to 'success'
[pool-145-thread-1] INFO org.apache.nifi.processors.standard.ControlRate - ControlRate[id=bbeacea5-a44f-4c03-8191-96e09d8e4b1a] transferring FlowFile[80,90380296430895.mockFlowFile,12B] to 'success'
[pool-145-thread-1] INFO org.apache.nifi.processors.standard.ControlRate - ControlRate[id=bbeacea5-a44f-4c03-8191-96e09d8e4b1a] transferring FlowFile[81,90380296442842.mockFlowFile,12B] to 'success'
[pool-145-thread-1] INFO org.apache.nifi.processors.standard.ControlRate - ControlRate[id=bbeacea5-a44f-4c03-8191-96e09d8e4b1a] transferring FlowFile[82,90380296454220.mockFlowFile,12B] to 'success'
[pool-145-thread-1] INFO org.apache.nifi.processors.standard.ControlRate - ControlRate[id=bbeacea5-a44f-4c03-8191-96e09d8e4b1a] transferring FlowFile[83,90380296497928.mockFlowFile,12B] to 'success'
[pool-145-thread-1] INFO org.apache.nifi.processors.standard.ControlRate - ControlRate[id=bbeacea5-a44f-4c03-8191-96e09d8e4b1a] transferring FlowFile[84,90380296509534.mockFlowFile,12B] to 'success'
[pool-145-thread-1] INFO org.apache.nifi.processors.standard.ControlRate - ControlRate[id=bbeacea5-a44f-4c03-8191-96e09d8e4b1a] transferring FlowFile[85,90380296543451.mockFlowFile,12B] to 'success'
[pool-145-thread-1] INFO org.apache.nifi.processors.standard.ControlRate - ControlRate[id=bbeacea5-a44f-4c03-8191-96e09d8e4b1a] transferring FlowFile[86,90380296556373.mockFlowFile,12B] to 'success'
[pool-145-thread-1] INFO org.apache.nifi.processors.standard.ControlRate - ControlRate[id=bbeacea5-a44f-4c03-8191-96e09d8e4b1a] transferring FlowFile[87,90380296571676.mockFlowFile,12B] to 'success'
[pool-145-thread-1] INFO org.apache.nifi.processors.standard.ControlRate - ControlRate[id=bbeacea5-a44f-4c03-8191-96e09d8e4b1a] transferring FlowFile[88,90380296598213.mockFlowFile,12B] to 'success'
[pool-145-thread-1] INFO org.apache.nifi.processors.standard.ControlRate - ControlRate[id=bbeacea5-a44f-4c03-8191-96e09d8e4b1a] transferring FlowFile[89,90380296610439.mockFlowFile,12B] to 'success'
[pool-145-thread-1] INFO org.apache.nifi.processors.standard.ControlRate - ControlRate[id=bbeacea5-a44f-4c03-8191-96e09d8e4b1a] transferring FlowFile[90,90380296623343.mockFlowFile,12B] to 'success'
[pool-145-thread-1] INFO org.apache.nifi.processors.standard.ControlRate - ControlRate[id=bbeacea5-a44f-4c03-8191-96e09d8e4b1a] transferring FlowFile[91,90380296638428.mockFlowFile,12B] to 'success'
[pool-145-thread-1] INFO org.apache.nifi.processors.standard.ControlRate - ControlRate[id=bbeacea5-a44f-4c03-8191-96e09d8e4b1a] transferring FlowFile[92,90380296668645.mockFlowFile,12B] to 'success'
[pool-145-thread-1] INFO org.apache.nifi.processors.standard.ControlRate - ControlRate[id=bbeacea5-a44f-4c03-8191-96e09d8e4b1a] transferring FlowFile[93,90380296680514.mockFlowFile,12B] to 'success'
[pool-145-thread-1] INFO org.apache.nifi.processors.standard.ControlRate - ControlRate[id=bbeacea5-a44f-4c03-8191-96e09d8e4b1a] transferring FlowFile[94,90380296692271.mockFlowFile,12B] to 'success'
[pool-145-thread-1] INFO org.apache.nifi.processors.standard.ControlRate - ControlRate[id=bbeacea5-a44f-4c03-8191-96e09d8e4b1a] transferring FlowFile[95,90380296754482.mockFlowFile,12B] to 'success'
[pool-145-thread-1] INFO org.apache.nifi.processors.standard.ControlRate - ControlRate[id=bbeacea5-a44f-4c03-8191-96e09d8e4b1a] transferring FlowFile[96,90380296769769.mockFlowFile,12B] to 'success'
[pool-145-thread-1] INFO org.apache.nifi.processors.standard.ControlRate - ControlRate[id=bbeacea5-a44f-4c03-8191-96e09d8e4b1a] transferring FlowFile[97,90380296782020.mockFlowFile,12B] to 'success'
[pool-145-thread-1] INFO org.apache.nifi.processors.standard.ControlRate - ControlRate[id=bbeacea5-a44f-4c03-8191-96e09d8e4b1a] transferring FlowFile[98,90380296794580.mockFlowFile,12B] to 'success'
[pool-145-thread-1] INFO org.apache.nifi.processors.standard.ControlRate - ControlRate[id=bbeacea5-a44f-4c03-8191-96e09d8e4b1a] transferring FlowFile[99,90380296806630.mockFlowFile,12B] to 'success'
[pool-145-thread-1] INFO org.apache.nifi.processors.standard.ControlRate - ControlRate[id=bbeacea5-a44f-4c03-8191-96e09d8e4b1a] transferring FlowFile[100,90380296818623.mockFlowFile,13B] to 'success'
[pool-145-thread-1] INFO org.apache.nifi.processors.standard.ControlRate - ControlRate[id=bbeacea5-a44f-4c03-8191-96e09d8e4b1a] transferring FlowFile[101,90380296832682.mockFlowFile,13B] to 'success'
[pool-145-thread-1] INFO org.apache.nifi.processors.standard.ControlRate - ControlRate[id=bbeacea5-a44f-4c03-8191-96e09d8e4b1a] transferring FlowFile[102,90380296844231.mockFlowFile,13B] to 'success'
[pool-145-thread-1] INFO org.apache.nifi.processors.standard.ControlRate - ControlRate[id=bbeacea5-a44f-4c03-8191-96e09d8e4b1a] transferring FlowFile[103,90380296859811.mockFlowFile,13B] to 'success'
[pool-145-thread-1] INFO org.apache.nifi.processors.standard.ControlRate - ControlRate[id=bbeacea5-a44f-4c03-8191-96e09d8e4b1a] transferring FlowFile[104,90380296871863.mockFlowFile,13B] to 'success'
[pool-145-thread-1] INFO org.apache.nifi.processors.standard.ControlRate - ControlRate[id=bbeacea5-a44f-4c03-8191-96e09d8e4b1a] transferring FlowFile[105,90380296884068.mockFlowFile,13B] to 'success'
[pool-145-thread-1] INFO org.apache.nifi.processors.standard.ControlRate - ControlRate[id=bbeacea5-a44f-4c03-8191-96e09d8e4b1a] transferring FlowFile[106,90380296896395.mockFlowFile,13B] to 'success'
[pool-145-thread-1] INFO org.apache.nifi.processors.standard.ControlRate - ControlRate[id=bbeacea5-a44f-4c03-8191-96e09d8e4b1a] transferring FlowFile[107,90380296907435.mockFlowFile,13B] to 'success'
[pool-145-thread-1] INFO org.apache.nifi.processors.standard.ControlRate - ControlRate[id=bbeacea5-a44f-4c03-8191-96e09d8e4b1a] transferring FlowFile[108,90380296926713.mockFlowFile,13B] to 'success'
[pool-145-thread-1] INFO org.apache.nifi.processors.standard.ControlRate - ControlRate[id=bbeacea5-a44f-4c03-8191-96e09d8e4b1a] transferring FlowFile[109,90380296938816.mockFlowFile,13B] to 'success'
[pool-145-thread-1] INFO org.apache.nifi.processors.standard.ControlRate - ControlRate[id=bbeacea5-a44f-4c03-8191-96e09d8e4b1a] transferring FlowFile[110,90380296951316.mockFlowFile,13B] to 'success'
[pool-145-thread-1] INFO org.apache.nifi.processors.standard.ControlRate - ControlRate[id=bbeacea5-a44f-4c03-8191-96e09d8e4b1a] transferring FlowFile[111,90380296966586.mockFlowFile,13B] to 'success'
[pool-145-thread-1] INFO org.apache.nifi.processors.standard.ControlRate - ControlRate[id=bbeacea5-a44f-4c03-8191-96e09d8e4b1a] transferring FlowFile[112,90380296978844.mockFlowFile,13B] to 'success'
[pool-145-thread-1] INFO org.apache.nifi.processors.standard.ControlRate - ControlRate[id=bbeacea5-a44f-4c03-8191-96e09d8e4b1a] transferring FlowFile[113,90380296996868.mockFlowFile,13B] to 'success'
[pool-145-thread-1] INFO org.apache.nifi.processors.standard.ControlRate - ControlRate[id=bbeacea5-a44f-4c03-8191-96e09d8e4b1a] transferring FlowFile[114,90380297009298.mockFlowFile,13B] to 'success'
[pool-145-thread-1] INFO org.apache.nifi.processors.standard.ControlRate - ControlRate[id=bbeacea5-a44f-4c03-8191-96e09d8e4b1a] transferring FlowFile[115,90380297022257.mockFlowFile,13B] to 'success'
[pool-145-thread-1] INFO org.apache.nifi.processors.standard.ControlRate - ControlRate[id=bbeacea5-a44f-4c03-8191-96e09d8e4b1a] transferring FlowFile[116,90380297033775.mockFlowFile,13B] to 'success'
[pool-145-thread-1] INFO org.apache.nifi.processors.standard.ControlRate - ControlRate[id=bbeacea5-a44f-4c03-8191-96e09d8e4b1a] transferring FlowFile[117,90380297205588.mockFlowFile,13B] to 'success'
[pool-145-thread-1] INFO org.apache.nifi.processors.standard.ControlRate - ControlRate[id=bbeacea5-a44f-4c03-8191-96e09d8e4b1a] transferring FlowFile[118,90380297230159.mockFlowFile,13B] to 'success'
[pool-145-thread-1] INFO org.apache.nifi.processors.standard.ControlRate - ControlRate[id=bbeacea5-a44f-4c03-8191-96e09d8e4b1a] transferring FlowFile[119,90380297250602.mockFlowFile,13B] to 'success'
[pool-145-thread-1] INFO org.apache.nifi.processors.standard.ControlRate - ControlRate[id=bbeacea5-a44f-4c03-8191-96e09d8e4b1a] transferring FlowFile[120,90380297266005.mockFlowFile,13B] to 'success'
[pool-145-thread-1] INFO org.apache.nifi.processors.standard.ControlRate - ControlRate[id=bbeacea5-a44f-4c03-8191-96e09d8e4b1a] transferring FlowFile[121,90380297278764.mockFlowFile,13B] to 'success'
[pool-145-thread-1] INFO org.apache.nifi.processors.standard.ControlRate - ControlRate[id=bbeacea5-a44f-4c03-8191-96e09d8e4b1a] transferring FlowFile[122,90380297306796.mockFlowFile,13B] to 'success'
[pool-145-thread-1] INFO org.apache.nifi.processors.standard.ControlRate - ControlRate[id=bbeacea5-a44f-4c03-8191-96e09d8e4b1a] transferring FlowFile[123,90380297319465.mockFlowFile,13B] to 'success'
[pool-145-thread-1] INFO org.apache.nifi.processors.standard.ControlRate - ControlRate[id=bbeacea5-a44f-4c03-8191-96e09d8e4b1a] transferring FlowFile[124,90380297331284.mockFlowFile,13B] to 'success'
[pool-145-thread-1] INFO org.apache.nifi.processors.standard.ControlRate - ControlRate[id=bbeacea5-a44f-4c03-8191-96e09d8e4b1a] transferring FlowFile[125,90380297343544.mockFlowFile,13B] to 'success'
[pool-145-thread-1] INFO org.apache.nifi.processors.standard.ControlRate - ControlRate[id=bbeacea5-a44f-4c03-8191-96e09d8e4b1a] transferring FlowFile[126,90380297355379.mockFlowFile,13B] to 'success'
[pool-145-thread-1] INFO org.apache.nifi.processors.standard.ControlRate - ControlRate[id=bbeacea5-a44f-4c03-8191-96e09d8e4b1a] transferring FlowFile[127,90380297370403.mockFlowFile,13B] to 'success'
[pool-145-thread-1] INFO org.apache.nifi.processors.standard.ControlRate - ControlRate[id=bbeacea5-a44f-4c03-8191-96e09d8e4b1a] transferring FlowFile[128,90380297382291.mockFlowFile,13B] to 'success'
[pool-145-thread-1] INFO org.apache.nifi.processors.standard.ControlRate - ControlRate[id=bbeacea5-a44f-4c03-8191-96e09d8e4b1a] transferring FlowFile[129,90380297394135.mockFlowFile,13B] to 'success'
[pool-145-thread-1] INFO org.apache.nifi.processors.standard.ControlRate - ControlRate[id=bbeacea5-a44f-4c03-8191-96e09d8e4b1a] transferring FlowFile[130,90380297406225.mockFlowFile,13B] to 'success'
[pool-145-thread-1] INFO org.apache.nifi.processors.standard.ControlRate - ControlRate[id=bbeacea5-a44f-4c03-8191-96e09d8e4b1a] transferring FlowFile[131,90380297419828.mockFlowFile,13B] to 'success'
[pool-145-thread-1] INFO org.apache.nifi.processors.standard.ControlRate - ControlRate[id=bbeacea5-a44f-4c03-8191-96e09d8e4b1a] transferring FlowFile[132,90380297430536.mockFlowFile,13B] to 'success'
[pool-145-thread-1] INFO org.apache.nifi.processors.standard.ControlRate - ControlRate[id=bbeacea5-a44f-4c03-8191-96e09d8e4b1a] transferring FlowFile[133,90380297443447.mockFlowFile,13B] to 'success'
[pool-145-thread-1] INFO org.apache.nifi.processors.standard.ControlRate - ControlRate[id=bbeacea5-a44f-4c03-8191-96e09d8e4b1a] transferring FlowFile[134,90380297454553.mockFlowFile,13B] to 'success'
[pool-145-thread-1] INFO org.apache.nifi.processors.standard.ControlRate - ControlRate[id=bbeacea5-a44f-4c03-8191-96e09d8e4b1a] transferring FlowFile[135,90380297470001.mockFlowFile,13B] to 'success'
[pool-145-thread-1] INFO org.apache.nifi.processors.standard.ControlRate - ControlRate[id=bbeacea5-a44f-4c03-8191-96e09d8e4b1a] transferring FlowFile[136,90380297481903.mockFlowFile,13B] to 'success'
[pool-145-thread-1] INFO org.apache.nifi.processors.standard.ControlRate - ControlRate[id=bbeacea5-a44f-4c03-8191-96e09d8e4b1a] transferring FlowFile[137,90380297492480.mockFlowFile,13B] to 'success'
[pool-145-thread-1] INFO org.apache.nifi.processors.standard.ControlRate - ControlRate[id=bbeacea5-a44f-4c03-8191-96e09d8e4b1a] transferring FlowFile[138,90380297503394.mockFlowFile,13B] to 'success'
[pool-145-thread-1] INFO org.apache.nifi.processors.standard.ControlRate - ControlRate[id=bbeacea5-a44f-4c03-8191-96e09d8e4b1a] transferring FlowFile[139,90380297513581.mockFlowFile,13B] to 'success'
[pool-145-thread-1] INFO org.apache.nifi.processors.standard.ControlRate - ControlRate[id=bbeacea5-a44f-4c03-8191-96e09d8e4b1a] transferring FlowFile[140,90380297524334.mockFlowFile,13B] to 'success'
[pool-145-thread-1] INFO org.apache.nifi.processors.standard.ControlRate - ControlRate[id=bbeacea5-a44f-4c03-8191-96e09d8e4b1a] transferring FlowFile[141,90380297534982.mockFlowFile,13B] to 'success'
[pool-145-thread-1] INFO org.apache.nifi.processors.standard.ControlRate - ControlRate[id=bbeacea5-a44f-4c03-8191-96e09d8e4b1a] transferring FlowFile[142,90380297544953.mockFlowFile,13B] to 'success'
[pool-145-thread-1] INFO org.apache.nifi.processors.standard.ControlRate - ControlRate[id=bbeacea5-a44f-4c03-8191-96e09d8e4b1a] transferring FlowFile[143,90380297558231.mockFlowFile,13B] to 'success'
[pool-145-thread-1] INFO org.apache.nifi.processors.standard.ControlRate - ControlRate[id=bbeacea5-a44f-4c03-8191-96e09d8e4b1a] transferring FlowFile[144,90380297568857.mockFlowFile,13B] to 'success'
[pool-145-thread-1] INFO org.apache.nifi.processors.standard.ControlRate - ControlRate[id=bbeacea5-a44f-4c03-8191-96e09d8e4b1a] transferring FlowFile[145,90380297580206.mockFlowFile,13B] to 'success'
[pool-145-thread-1] INFO org.apache.nifi.processors.standard.ControlRate - ControlRate[id=bbeacea5-a44f-4c03-8191-96e09d8e4b1a] transferring FlowFile[146,90380297620680.mockFlowFile,13B] to 'success'
[pool-145-thread-1] INFO org.apache.nifi.processors.standard.ControlRate - ControlRate[id=bbeacea5-a44f-4c03-8191-96e09d8e4b1a] transferring FlowFile[147,90380297636539.mockFlowFile,13B] to 'success'
[pool-145-thread-1] INFO org.apache.nifi.processors.standard.ControlRate - ControlRate[id=bbeacea5-a44f-4c03-8191-96e09d8e4b1a] transferring FlowFile[148,90380297647533.mockFlowFile,13B] to 'success'
[pool-145-thread-1] INFO org.apache.nifi.processors.standard.ControlRate - ControlRate[id=bbeacea5-a44f-4c03-8191-96e09d8e4b1a] transferring FlowFile[149,90380297657763.mockFlowFile,13B] to 'success'
[pool-145-thread-1] INFO org.apache.nifi.processors.standard.ControlRate - ControlRate[id=bbeacea5-a44f-4c03-8191-96e09d8e4b1a] transferring FlowFile[150,90380297670608.mockFlowFile,13B] to 'success'
[pool-145-thread-1] INFO org.apache.nifi.processors.standard.ControlRate - ControlRate[id=bbeacea5-a44f-4c03-8191-96e09d8e4b1a] transferring FlowFile[151,90380297684583.mockFlowFile,13B] to 'success'
[pool-145-thread-1] INFO org.apache.nifi.processors.standard.ControlRate - ControlRate[id=bbeacea5-a44f-4c03-8191-96e09d8e4b1a] transferring FlowFile[152,90380297694955.mockFlowFile,13B] to 'success'
[pool-145-thread-1] INFO org.apache.nifi.processors.standard.ControlRate - ControlRate[id=bbeacea5-a44f-4c03-8191-96e09d8e4b1a] transferring FlowFile[153,90380297741722.mockFlowFile,13B] to 'success'
[pool-145-thread-1] INFO org.apache.nifi.processors.standard.ControlRate - ControlRate[id=bbeacea5-a44f-4c03-8191-96e09d8e4b1a] transferring FlowFile[154,90380297756533.mockFlowFile,13B] to 'success'
[pool-145-thread-1] INFO org.apache.nifi.processors.standard.ControlRate - ControlRate[id=bbeacea5-a44f-4c03-8191-96e09d8e4b1a] transferring FlowFile[155,90380297767347.mockFlowFile,13B] to 'success'
[pool-145-thread-1] INFO org.apache.nifi.processors.standard.ControlRate - ControlRate[id=bbeacea5-a44f-4c03-8191-96e09d8e4b1a] transferring FlowFile[156,90380297778896.mockFlowFile,13B] to 'success'
[pool-145-thread-1] INFO org.apache.nifi.processors.standard.ControlRate - ControlRate[id=bbeacea5-a44f-4c03-8191-96e09d8e4b1a] transferring FlowFile[157,90380297789659.mockFlowFile,13B] to 'success'
[pool-145-thread-1] INFO org.apache.nifi.processors.standard.ControlRate - ControlRate[id=bbeacea5-a44f-4c03-8191-96e09d8e4b1a] transferring FlowFile[158,90380297805335.mockFlowFile,13B] to 'success'
[pool-145-thread-1] INFO org.apache.nifi.processors.standard.ControlRate - ControlRate[id=bbeacea5-a44f-4c03-8191-96e09d8e4b1a] transferring FlowFile[159,90380297820774.mockFlowFile,13B] to 'success'
[pool-145-thread-1] INFO org.apache.nifi.processors.standard.ControlRate - ControlRate[id=bbeacea5-a44f-4c03-8191-96e09d8e4b1a] transferring FlowFile[160,90380297832114.mockFlowFile,13B] to 'success'
[pool-145-thread-1] INFO org.apache.nifi.processors.standard.ControlRate - ControlRate[id=bbeacea5-a44f-4c03-8191-96e09d8e4b1a] transferring FlowFile[161,90380297843225.mockFlowFile,13B] to 'success'
[pool-145-thread-1] INFO org.apache.nifi.processors.standard.ControlRate - ControlRate[id=bbeacea5-a44f-4c03-8191-96e09d8e4b1a] transferring FlowFile[162,90380297853466.mockFlowFile,13B] to 'success'
[pool-145-thread-1] INFO org.apache.nifi.processors.standard.ControlRate - ControlRate[id=bbeacea5-a44f-4c03-8191-96e09d8e4b1a] transferring FlowFile[163,90380297865135.mockFlowFile,13B] to 'success'
[pool-145-thread-1] INFO org.apache.nifi.processors.standard.ControlRate - ControlRate[id=bbeacea5-a44f-4c03-8191-96e09d8e4b1a] transferring FlowFile[164,90380297875784.mockFlowFile,13B] to 'success'
[pool-145-thread-1] INFO org.apache.nifi.processors.standard.ControlRate - ControlRate[id=bbeacea5-a44f-4c03-8191-96e09d8e4b1a] transferring FlowFile[165,90380297998139.mockFlowFile,13B] to 'success'
[pool-145-thread-1] INFO org.apache.nifi.processors.standard.ControlRate - ControlRate[id=bbeacea5-a44f-4c03-8191-96e09d8e4b1a] transferring FlowFile[166,90380298014764.mockFlowFile,13B] to 'success'
[pool-145-thread-1] INFO org.apache.nifi.processors.standard.ControlRate - ControlRate[id=bbeacea5-a44f-4c03-8191-96e09d8e4b1a] transferring FlowFile[167,90380298033206.mockFlowFile,13B] to 'success'
[pool-145-thread-1] INFO org.apache.nifi.processors.standard.ControlRate - ControlRate[id=bbeacea5-a44f-4c03-8191-96e09d8e4b1a] transferring FlowFile[168,90380298045861.mockFlowFile,13B] to 'success'
[pool-145-thread-1] INFO org.apache.nifi.processors.standard.ControlRate - ControlRate[id=bbeacea5-a44f-4c03-8191-96e09d8e4b1a] transferring FlowFile[169,90380298056967.mockFlowFile,13B] to 'success'
[pool-145-thread-1] INFO org.apache.nifi.processors.standard.ControlRate - ControlRate[id=bbeacea5-a44f-4c03-8191-96e09d8e4b1a] transferring FlowFile[170,90380298068332.mockFlowFile,13B] to 'success'
[pool-145-thread-1] INFO org.apache.nifi.processors.standard.ControlRate - ControlRate[id=bbeacea5-a44f-4c03-8191-96e09d8e4b1a] transferring FlowFile[171,90380298079555.mockFlowFile,13B] to 'success'
[pool-145-thread-1] INFO org.apache.nifi.processors.standard.ControlRate - ControlRate[id=bbeacea5-a44f-4c03-8191-96e09d8e4b1a] transferring FlowFile[172,90380298093459.mockFlowFile,13B] to 'success'
[pool-145-thread-1] INFO org.apache.nifi.processors.standard.ControlRate - ControlRate[id=bbeacea5-a44f-4c03-8191-96e09d8e4b1a] transferring FlowFile[173,90380298108414.mockFlowFile,13B] to 'success'
[pool-145-thread-1] INFO org.apache.nifi.processors.standard.ControlRate - ControlRate[id=bbeacea5-a44f-4c03-8191-96e09d8e4b1a] transferring FlowFile[174,90380298119125.mockFlowFile,13B] to 'success'
[pool-145-thread-1] INFO org.apache.nifi.processors.standard.ControlRate - ControlRate[id=bbeacea5-a44f-4c03-8191-96e09d8e4b1a] transferring FlowFile[175,90380298133143.mockFlowFile,13B] to 'success'
[pool-145-thread-1] INFO org.apache.nifi.processors.standard.ControlRate - ControlRate[id=bbeacea5-a44f-4c03-8191-96e09d8e4b1a] transferring FlowFile[176,90380298144542.mockFlowFile,13B] to 'success'
[pool-145-thread-1] INFO org.apache.nifi.processors.standard.ControlRate - ControlRate[id=bbeacea5-a44f-4c03-8191-96e09d8e4b1a] transferring FlowFile[177,90380298157115.mockFlowFile,13B] to 'success'
[pool-145-thread-1] INFO org.apache.nifi.processors.standard.ControlRate - ControlRate[id=bbeacea5-a44f-4c03-8191-96e09d8e4b1a] transferring FlowFile[178,90380298169121.mockFlowFile,13B] to 'success'
[pool-145-thread-1] INFO org.apache.nifi.processors.standard.ControlRate - ControlRate[id=bbeacea5-a44f-4c03-8191-96e09d8e4b1a] transferring FlowFile[179,90380298180450.mockFlowFile,13B] to 'success'
[pool-145-thread-1] INFO org.apache.nifi.processors.standard.ControlRate - ControlRate[id=bbeacea5-a44f-4c03-8191-96e09d8e4b1a] transferring FlowFile[180,90380298191471.mockFlowFile,13B] to 'success'
[pool-145-thread-1] INFO org.apache.nifi.processors.standard.ControlRate - ControlRate[id=bbeacea5-a44f-4c03-8191-96e09d8e4b1a] transferring FlowFile[181,90380298202083.mockFlowFile,13B] to 'success'
[pool-145-thread-1] INFO org.apache.nifi.processors.standard.ControlRate - ControlRate[id=bbeacea5-a44f-4c03-8191-96e09d8e4b1a] transferring FlowFile[182,90380298212097.mockFlowFile,13B] to 'success'
[pool-145-thread-1] INFO org.apache.nifi.processors.standard.ControlRate - ControlRate[id=bbeacea5-a44f-4c03-8191-96e09d8e4b1a] transferring FlowFile[183,90380298225749.mockFlowFile,13B] to 'success'
[pool-145-thread-1] INFO org.apache.nifi.processors.standard.ControlRate - ControlRate[id=bbeacea5-a44f-4c03-8191-96e09d8e4b1a] transferring FlowFile[184,90380298236275.mockFlowFile,13B] to 'success'
[pool-145-thread-1] INFO org.apache.nifi.processors.standard.ControlRate - ControlRate[id=bbeacea5-a44f-4c03-8191-96e09d8e4b1a] transferring FlowFile[185,90380298255674.mockFlowFile,13B] to 'success'
[pool-145-thread-1] INFO org.apache.nifi.processors.standard.ControlRate - ControlRate[id=bbeacea5-a44f-4c03-8191-96e09d8e4b1a] transferring FlowFile[186,90380298275486.mockFlowFile,13B] to 'success'
[pool-145-thread-1] INFO org.apache.nifi.processors.standard.ControlRate - ControlRate[id=bbeacea5-a44f-4c03-8191-96e09d8e4b1a] transferring FlowFile[187,90380298287497.mockFlowFile,13B] to 'success'
[pool-145-thread-1] INFO org.apache.nifi.processors.standard.ControlRate - ControlRate[id=bbeacea5-a44f-4c03-8191-96e09d8e4b1a] transferring FlowFile[188,90380298298324.mockFlowFile,13B] to 'success'
[pool-145-thread-1] INFO org.apache.nifi.processors.standard.ControlRate - ControlRate[id=bbeacea5-a44f-4c03-8191-96e09d8e4b1a] transferring FlowFile[189,90380298308201.mockFlowFile,13B] to 'success'
[pool-145-thread-1] INFO org.apache.nifi.processors.standard.ControlRate - ControlRate[id=bbeacea5-a44f-4c03-8191-96e09d8e4b1a] transferring FlowFile[190,90380298318722.mockFlowFile,13B] to 'success'
[pool-145-thread-1] INFO org.apache.nifi.processors.standard.ControlRate - ControlRate[id=bbeacea5-a44f-4c03-8191-96e09d8e4b1a] transferring FlowFile[191,90380298332535.mockFlowFile,13B] to 'success'
[pool-145-thread-1] INFO org.apache.nifi.processors.standard.ControlRate - ControlRate[id=bbeacea5-a44f-4c03-8191-96e09d8e4b1a] transferring FlowFile[192,90380298342928.mockFlowFile,13B] to 'success'
[pool-145-thread-1] INFO org.apache.nifi.processors.standard.ControlRate - ControlRate[id=bbeacea5-a44f-4c03-8191-96e09d8e4b1a] transferring FlowFile[193,90380298353399.mockFlowFile,13B] to 'success'
[pool-145-thread-1] INFO org.apache.nifi.processors.standard.ControlRate - ControlRate[id=bbeacea5-a44f-4c03-8191-96e09d8e4b1a] transferring FlowFile[194,90380298365789.mockFlowFile,13B] to 'success'
[pool-145-thread-1] INFO org.apache.nifi.processors.standard.ControlRate - ControlRate[id=bbeacea5-a44f-4c03-8191-96e09d8e4b1a] transferring FlowFile[195,90380298377546.mockFlowFile,13B] to 'success'
[pool-145-thread-1] INFO org.apache.nifi.processors.standard.ControlRate - ControlRate[id=bbeacea5-a44f-4c03-8191-96e09d8e4b1a] transferring FlowFile[196,90380298388327.mockFlowFile,13B] to 'success'
[pool-145-thread-1] INFO org.apache.nifi.processors.standard.ControlRate - ControlRate[id=bbeacea5-a44f-4c03-8191-96e09d8e4b1a] transferring FlowFile[197,90380298398192.mockFlowFile,13B] to 'success'
[pool-145-thread-1] INFO org.apache.nifi.processors.standard.ControlRate - ControlRate[id=bbeacea5-a44f-4c03-8191-96e09d8e4b1a] transferring FlowFile[198,90380298408818.mockFlowFile,13B] to 'success'
[pool-145-thread-1] INFO org.apache.nifi.processors.standard.ControlRate - ControlRate[id=bbeacea5-a44f-4c03-8191-96e09d8e4b1a] transferring FlowFile[199,90380298421432.mockFlowFile,13B] to 'success'
[pool-145-thread-1] INFO org.apache.nifi.processors.standard.ControlRate - ControlRate[id=bbeacea5-a44f-4c03-8191-96e09d8e4b1a] transferring FlowFile[200,90380298432172.mockFlowFile,13B] to 'success'
[pool-145-thread-1] INFO org.apache.nifi.processors.standard.ControlRate - ControlRate[id=bbeacea5-a44f-4c03-8191-96e09d8e4b1a] transferring FlowFile[201,90380298442452.mockFlowFile,13B] to 'success'
[pool-145-thread-1] INFO org.apache.nifi.processors.standard.ControlRate - ControlRate[id=bbeacea5-a44f-4c03-8191-96e09d8e4b1a] transferring FlowFile[202,90380298452280.mockFlowFile,13B] to 'success'
[pool-145-thread-1] INFO org.apache.nifi.processors.standard.ControlRate - ControlRate[id=bbeacea5-a44f-4c03-8191-96e09d8e4b1a] transferring FlowFile[203,90380298462490.mockFlowFile,13B] to 'success'
[pool-145-thread-1] INFO org.apache.nifi.processors.standard.ControlRate - ControlRate[id=bbeacea5-a44f-4c03-8191-96e09d8e4b1a] transferring FlowFile[204,90380298472104.mockFlowFile,13B] to 'success'
[pool-145-thread-1] INFO org.apache.nifi.processors.standard.ControlRate - ControlRate[id=bbeacea5-a44f-4c03-8191-96e09d8e4b1a] transferring FlowFile[205,90380298482689.mockFlowFile,13B] to 'success'
[pool-145-thread-1] INFO org.apache.nifi.processors.standard.ControlRate - ControlRate[id=bbeacea5-a44f-4c03-8191-96e09d8e4b1a] transferring FlowFile[206,90380298493648.mockFlowFile,13B] to 'success'
[pool-145-thread-1] INFO org.apache.nifi.processors.standard.ControlRate - ControlRate[id=bbeacea5-a44f-4c03-8191-96e09d8e4b1a] transferring FlowFile[207,90380298506084.mockFlowFile,13B] to 'success'
[pool-145-thread-1] INFO org.apache.nifi.processors.standard.ControlRate - ControlRate[id=bbeacea5-a44f-4c03-8191-96e09d8e4b1a] transferring FlowFile[208,90380298516866.mockFlowFile,13B] to 'success'
[pool-145-thread-1] INFO org.apache.nifi.processors.standard.ControlRate - ControlRate[id=bbeacea5-a44f-4c03-8191-96e09d8e4b1a] transferring FlowFile[209,90380298530090.mockFlowFile,13B] to 'success'
[pool-145-thread-1] INFO org.apache.nifi.processors.standard.ControlRate - ControlRate[id=bbeacea5-a44f-4c03-8191-96e09d8e4b1a] transferring FlowFile[210,90380298541134.mockFlowFile,13B] to 'success'
[pool-145-thread-1] INFO org.apache.nifi.processors.standard.ControlRate - ControlRate[id=bbeacea5-a44f-4c03-8191-96e09d8e4b1a] transferring FlowFile[211,90380298551599.mockFlowFile,13B] to 'success'
[pool-145-thread-1] INFO org.apache.nifi.processors.standard.ControlRate - ControlRate[id=bbeacea5-a44f-4c03-8191-96e09d8e4b1a] transferring FlowFile[212,90380298561364.mockFlowFile,13B] to 'success'
[pool-145-thread-1] INFO org.apache.nifi.processors.standard.ControlRate - ControlRate[id=bbeacea5-a44f-4c03-8191-96e09d8e4b1a] transferring FlowFile[213,90380298579676.mockFlowFile,13B] to 'success'
[pool-145-thread-1] INFO org.apache.nifi.processors.standard.ControlRate - ControlRate[id=bbeacea5-a44f-4c03-8191-96e09d8e4b1a] transferring FlowFile[214,90380298590529.mockFlowFile,13B] to 'success'
[pool-145-thread-1] INFO org.apache.nifi.processors.standard.ControlRate - ControlRate[id=bbeacea5-a44f-4c03-8191-96e09d8e4b1a] transferring FlowFile[215,90380298604688.mockFlowFile,13B] to 'success'
[pool-145-thread-1] INFO org.apache.nifi.processors.standard.ControlRate - ControlRate[id=bbeacea5-a44f-4c03-8191-96e09d8e4b1a] transferring FlowFile[216,90380298616294.mockFlowFile,13B] to 'success'
[pool-145-thread-1] INFO org.apache.nifi.processors.standard.ControlRate - ControlRate[id=bbeacea5-a44f-4c03-8191-96e09d8e4b1a] transferring FlowFile[217,90380298630499.mockFlowFile,13B] to 'success'
[pool-145-thread-1] INFO org.apache.nifi.processors.standard.ControlRate - ControlRate[id=bbeacea5-a44f-4c03-8191-96e09d8e4b1a] transferring FlowFile[218,90380298642516.mockFlowFile,13B] to 'success'
[pool-145-thread-1] INFO org.apache.nifi.processors.standard.ControlRate - ControlRate[id=bbeacea5-a44f-4c03-8191-96e09d8e4b1a] transferring FlowFile[219,90380298653074.mockFlowFile,13B] to 'success'
[pool-145-thread-1] INFO org.apache.nifi.processors.standard.ControlRate - ControlRate[id=bbeacea5-a44f-4c03-8191-96e09d8e4b1a] transferring FlowFile[220,90380298664117.mockFlowFile,13B] to 'success'
[pool-145-thread-1] INFO org.apache.nifi.processors.standard.ControlRate - ControlRate[id=bbeacea5-a44f-4c03-8191-96e09d8e4b1a] transferring FlowFile[221,90380298674942.mockFlowFile,13B] to 'success'
[pool-145-thread-1] INFO org.apache.nifi.processors.standard.ControlRate - ControlRate[id=bbeacea5-a44f-4c03-8191-96e09d8e4b1a] transferring FlowFile[222,90380298684967.mockFlowFile,13B] to 'success'
[pool-145-thread-1] INFO org.apache.nifi.processors.standard.ControlRate - ControlRate[id=bbeacea5-a44f-4c03-8191-96e09d8e4b1a] transferring FlowFile[223,90380298700659.mockFlowFile,13B] to 'success'
[pool-145-thread-1] INFO org.apache.nifi.processors.standard.ControlRate - ControlRate[id=bbeacea5-a44f-4c03-8191-96e09d8e4b1a] transferring FlowFile[224,90380298712514.mockFlowFile,13B] to 'success'
[pool-145-thread-1] INFO org.apache.nifi.processors.standard.ControlRate - ControlRate[id=bbeacea5-a44f-4c03-8191-96e09d8e4b1a] transferring FlowFile[225,90380298723535.mockFlowFile,13B] to 'success'
[pool-145-thread-1] INFO org.apache.nifi.processors.standard.ControlRate - ControlRate[id=bbeacea5-a44f-4c03-8191-96e09d8e4b1a] transferring FlowFile[226,90380298776351.mockFlowFile,13B] to 'success'
[pool-145-thread-1] INFO org.apache.nifi.processors.standard.ControlRate - ControlRate[id=bbeacea5-a44f-4c03-8191-96e09d8e4b1a] transferring FlowFile[227,90380298787349.mockFlowFile,13B] to 'success'
[pool-145-thread-1] INFO org.apache.nifi.processors.standard.ControlRate - ControlRate[id=bbeacea5-a44f-4c03-8191-96e09d8e4b1a] transferring FlowFile[228,90380298797931.mockFlowFile,13B] to 'success'
[pool-145-thread-1] INFO org.apache.nifi.processors.standard.ControlRate - ControlRate[id=bbeacea5-a44f-4c03-8191-96e09d8e4b1a] transferring FlowFile[229,90380298808362.mockFlowFile,13B] to 'success'
[pool-145-thread-1] INFO org.apache.nifi.processors.standard.ControlRate - ControlRate[id=bbeacea5-a44f-4c03-8191-96e09d8e4b1a] transferring FlowFile[230,90380298818608.mockFlowFile,13B] to 'success'
[pool-145-thread-1] INFO org.apache.nifi.processors.standard.ControlRate - ControlRate[id=bbeacea5-a44f-4c03-8191-96e09d8e4b1a] transferring FlowFile[231,90380298832057.mockFlowFile,13B] to 'success'
[pool-145-thread-1] INFO org.apache.nifi.processors.standard.ControlRate - ControlRate[id=bbeacea5-a44f-4c03-8191-96e09d8e4b1a] transferring FlowFile[232,90380298843975.mockFlowFile,13B] to 'success'
[pool-145-thread-1] INFO org.apache.nifi.processors.standard.ControlRate - ControlRate[id=bbeacea5-a44f-4c03-8191-96e09d8e4b1a] transferring FlowFile[233,90380298854263.mockFlowFile,13B] to 'success'
[pool-145-thread-1] INFO org.apache.nifi.processors.standard.ControlRate - ControlRate[id=bbeacea5-a44f-4c03-8191-96e09d8e4b1a] transferring FlowFile[234,90380298863858.mockFlowFile,13B] to 'success'
[pool-145-thread-1] INFO org.apache.nifi.processors.standard.ControlRate - ControlRate[id=bbeacea5-a44f-4c03-8191-96e09d8e4b1a] transferring FlowFile[235,90380298874314.mockFlowFile,13B] to 'success'
[pool-145-thread-1] INFO org.apache.nifi.processors.standard.ControlRate - ControlRate[id=bbeacea5-a44f-4c03-8191-96e09d8e4b1a] transferring FlowFile[236,90380298885591.mockFlowFile,13B] to 'success'
[pool-145-thread-1] INFO org.apache.nifi.processors.standard.ControlRate - ControlRate[id=bbeacea5-a44f-4c03-8191-96e09d8e4b1a] transferring FlowFile[237,90380298895219.mockFlowFile,13B] to 'success'
[pool-145-thread-1] INFO org.apache.nifi.processors.standard.ControlRate - ControlRate[id=bbeacea5-a44f-4c03-8191-96e09d8e4b1a] transferring FlowFile[238,90380298905505.mockFlowFile,13B] to 'success'
[pool-145-thread-1] INFO org.apache.nifi.processors.standard.ControlRate - ControlRate[id=bbeacea5-a44f-4c03-8191-96e09d8e4b1a] transferring FlowFile[239,90380298917906.mockFlowFile,13B] to 'success'
[pool-145-thread-1] INFO org.apache.nifi.processors.standard.ControlRate - ControlRate[id=bbeacea5-a44f-4c03-8191-96e09d8e4b1a] transferring FlowFile[240,90380298928456.mockFlowFile,13B] to 'success'
[pool-145-thread-1] INFO org.apache.nifi.processors.standard.ControlRate - ControlRate[id=bbeacea5-a44f-4c03-8191-96e09d8e4b1a] transferring FlowFile[241,90380298938600.mockFlowFile,13B] to 'success'
[pool-145-thread-1] INFO org.apache.nifi.processors.standard.ControlRate - ControlRate[id=bbeacea5-a44f-4c03-8191-96e09d8e4b1a] transferring FlowFile[242,90380298948261.mockFlowFile,13B] to 'success'
[pool-145-thread-1] INFO org.apache.nifi.processors.standard.ControlRate - ControlRate[id=bbeacea5-a44f-4c03-8191-96e09d8e4b1a] transferring FlowFile[243,90380298959222.mockFlowFile,13B] to 'success'
[pool-145-thread-1] INFO org.apache.nifi.processors.standard.ControlRate - ControlRate[id=bbeacea5-a44f-4c03-8191-96e09d8e4b1a] transferring FlowFile[244,90380298968795.mockFlowFile,13B] to 'success'
[pool-145-thread-1] INFO org.apache.nifi.processors.standard.ControlRate - ControlRate[id=bbeacea5-a44f-4c03-8191-96e09d8e4b1a] transferring FlowFile[245,90380298990666.mockFlowFile,13B] to 'success'
[pool-145-thread-1] INFO org.apache.nifi.processors.standard.ControlRate - ControlRate[id=bbeacea5-a44f-4c03-8191-96e09d8e4b1a] transferring FlowFile[246,90380299001440.mockFlowFile,13B] to 'success'
[pool-145-thread-1] INFO org.apache.nifi.processors.standard.ControlRate - ControlRate[id=bbeacea5-a44f-4c03-8191-96e09d8e4b1a] transferring FlowFile[247,90380299014278.mockFlowFile,13B] to 'success'
[pool-145-thread-1] INFO org.apache.nifi.processors.standard.ControlRate - ControlRate[id=bbeacea5-a44f-4c03-8191-96e09d8e4b1a] transferring FlowFile[248,90380299025097.mockFlowFile,13B] to 'success'
[pool-145-thread-1] INFO org.apache.nifi.processors.standard.ControlRate - ControlRate[id=bbeacea5-a44f-4c03-8191-96e09d8e4b1a] transferring FlowFile[249,90380299034661.mockFlowFile,13B] to 'success'
[pool-145-thread-1] INFO org.apache.nifi.processors.standard.ControlRate - ControlRate[id=bbeacea5-a44f-4c03-8191-96e09d8e4b1a] transferring FlowFile[250,90380299044989.mockFlowFile,13B] to 'success'
[pool-145-thread-1] INFO org.apache.nifi.processors.standard.ControlRate - ControlRate[id=bbeacea5-a44f-4c03-8191-96e09d8e4b1a] transferring FlowFile[251,90380299055369.mockFlowFile,13B] to 'success'
[pool-145-thread-1] INFO org.apache.nifi.processors.standard.ControlRate - ControlRate[id=bbeacea5-a44f-4c03-8191-96e09d8e4b1a] transferring FlowFile[252,90380299064825.mockFlowFile,13B] to 'success'
[pool-145-thread-1] INFO org.apache.nifi.processors.standard.ControlRate - ControlRate[id=bbeacea5-a44f-4c03-8191-96e09d8e4b1a] transferring FlowFile[253,90380299076520.mockFlowFile,13B] to 'success'
[pool-145-thread-1] INFO org.apache.nifi.processors.standard.ControlRate - ControlRate[id=bbeacea5-a44f-4c03-8191-96e09d8e4b1a] transferring FlowFile[254,90380299086282.mockFlowFile,13B] to 'success'
[pool-145-thread-1] INFO org.apache.nifi.processors.standard.ControlRate - ControlRate[id=bbeacea5-a44f-4c03-8191-96e09d8e4b1a] transferring FlowFile[255,90380299099348.mockFlowFile,13B] to 'success'
[pool-145-thread-1] INFO org.apache.nifi.processors.standard.ControlRate - ControlRate[id=bbeacea5-a44f-4c03-8191-96e09d8e4b1a] transferring FlowFile[256,90380299110076.mockFlowFile,13B] to 'success'
[pool-145-thread-1] INFO org.apache.nifi.processors.standard.ControlRate - ControlRate[id=bbeacea5-a44f-4c03-8191-96e09d8e4b1a] transferring FlowFile[257,90380299123111.mockFlowFile,13B] to 'success'
[pool-145-thread-1] INFO org.apache.nifi.processors.standard.ControlRate - ControlRate[id=bbeacea5-a44f-4c03-8191-96e09d8e4b1a] transferring FlowFile[258,90380299133637.mockFlowFile,13B] to 'success'
[pool-145-thread-1] INFO org.apache.nifi.processors.standard.ControlRate - ControlRate[id=bbeacea5-a44f-4c03-8191-96e09d8e4b1a] transferring FlowFile[259,90380299143296.mockFlowFile,13B] to 'success'
[pool-145-thread-1] INFO org.apache.nifi.processors.standard.ControlRate - ControlRate[id=bbeacea5-a44f-4c03-8191-96e09d8e4b1a] transferring FlowFile[260,90380299153381.mockFlowFile,13B] to 'success'
[pool-145-thread-1] INFO org.apache.nifi.processors.standard.ControlRate - ControlRate[id=bbeacea5-a44f-4c03-8191-96e09d8e4b1a] transferring FlowFile[261,90380299163709.mockFlowFile,13B] to 'success'
[pool-145-thread-1] INFO org.apache.nifi.processors.standard.ControlRate - ControlRate[id=bbeacea5-a44f-4c03-8191-96e09d8e4b1a] transferring FlowFile[262,90380299173186.mockFlowFile,13B] to 'success'
[pool-145-thread-1] INFO org.apache.nifi.processors.standard.ControlRate - ControlRate[id=bbeacea5-a44f-4c03-8191-96e09d8e4b1a] transferring FlowFile[263,90380299186074.mockFlowFile,13B] to 'success'
[pool-145-thread-1] INFO org.apache.nifi.processors.standard.ControlRate - ControlRate[id=bbeacea5-a44f-4c03-8191-96e09d8e4b1a] transferring FlowFile[264,90380299195993.mockFlowFile,13B] to 'success'
[pool-145-thread-1] INFO org.apache.nifi.processors.standard.ControlRate - ControlRate[id=bbeacea5-a44f-4c03-8191-96e09d8e4b1a] transferring FlowFile[265,90380299208288.mockFlowFile,13B] to 'success'
[pool-145-thread-1] INFO org.apache.nifi.processors.standard.ControlRate - ControlRate[id=bbeacea5-a44f-4c03-8191-96e09d8e4b1a] transferring FlowFile[266,90380299218641.mockFlowFile,13B] to 'success'
[pool-145-thread-1] INFO org.apache.nifi.processors.standard.ControlRate - ControlRate[id=bbeacea5-a44f-4c03-8191-96e09d8e4b1a] transferring FlowFile[267,90380299228015.mockFlowFile,13B] to 'success'
[pool-145-thread-1] INFO org.apache.nifi.processors.standard.ControlRate - ControlRate[id=bbeacea5-a44f-4c03-8191-96e09d8e4b1a] transferring FlowFile[268,90380299238070.mockFlowFile,13B] to 'success'
[pool-145-thread-1] INFO org.apache.nifi.processors.standard.ControlRate - ControlRate[id=bbeacea5-a44f-4c03-8191-96e09d8e4b1a] transferring FlowFile[269,90380299247478.mockFlowFile,13B] to 'success'
[pool-145-thread-1] INFO org.apache.nifi.processors.standard.ControlRate - ControlRate[id=bbeacea5-a44f-4c03-8191-96e09d8e4b1a] transferring FlowFile[270,90380299257970.mockFlowFile,13B] to 'success'
[pool-145-thread-1] INFO org.apache.nifi.processors.standard.ControlRate - ControlRate[id=bbeacea5-a44f-4c03-8191-96e09d8e4b1a] transferring FlowFile[271,90380299271002.mockFlowFile,13B] to 'success'
[pool-145-thread-1] INFO org.apache.nifi.processors.standard.ControlRate - ControlRate[id=bbeacea5-a44f-4c03-8191-96e09d8e4b1a] transferring FlowFile[272,90380299282353.mockFlowFile,13B] to 'success'
[pool-145-thread-1] INFO org.apache.nifi.processors.standard.ControlRate - ControlRate[id=bbeacea5-a44f-4c03-8191-96e09d8e4b1a] transferring FlowFile[273,90380299293107.mockFlowFile,13B] to 'success'
[pool-145-thread-1] INFO org.apache.nifi.processors.standard.ControlRate - ControlRate[id=bbeacea5-a44f-4c03-8191-96e09d8e4b1a] transferring FlowFile[274,90380299302953.mockFlowFile,13B] to 'success'
[pool-145-thread-1] INFO org.apache.nifi.processors.standard.ControlRate - ControlRate[id=bbeacea5-a44f-4c03-8191-96e09d8e4b1a] transferring FlowFile[275,90380299314330.mockFlowFile,13B] to 'success'
[pool-145-thread-1] INFO org.apache.nifi.processors.standard.ControlRate - ControlRate[id=bbeacea5-a44f-4c03-8191-96e09d8e4b1a] transferring FlowFile[276,90380299324749.mockFlowFile,13B] to 'success'
[pool-145-thread-1] INFO org.apache.nifi.processors.standard.ControlRate - ControlRate[id=bbeacea5-a44f-4c03-8191-96e09d8e4b1a] transferring FlowFile[277,90380299334516.mockFlowFile,13B] to 'success'
[pool-145-thread-1] INFO org.apache.nifi.processors.standard.ControlRate - ControlRate[id=bbeacea5-a44f-4c03-8191-96e09d8e4b1a] transferring FlowFile[278,90380299346108.mockFlowFile,13B] to 'success'
[pool-145-thread-1] INFO org.apache.nifi.processors.standard.ControlRate - ControlRate[id=bbeacea5-a44f-4c03-8191-96e09d8e4b1a] transferring FlowFile[279,90380299358832.mockFlowFile,13B] to 'success'
[pool-145-thread-1] INFO org.apache.nifi.processors.standard.ControlRate - ControlRate[id=bbeacea5-a44f-4c03-8191-96e09d8e4b1a] transferring FlowFile[280,90380299369538.mockFlowFile,13B] to 'success'
[pool-145-thread-1] INFO org.apache.nifi.processors.standard.ControlRate - ControlRate[id=bbeacea5-a44f-4c03-8191-96e09d8e4b1a] transferring FlowFile[281,90380299379632.mockFlowFile,13B] to 'success'
[pool-145-thread-1] INFO org.apache.nifi.processors.standard.ControlRate - ControlRate[id=bbeacea5-a44f-4c03-8191-96e09d8e4b1a] transferring FlowFile[282,90380299389338.mockFlowFile,13B] to 'success'
[pool-145-thread-1] INFO org.apache.nifi.processors.standard.ControlRate - ControlRate[id=bbeacea5-a44f-4c03-8191-96e09d8e4b1a] transferring FlowFile[283,90380299399555.mockFlowFile,13B] to 'success'
[pool-145-thread-1] INFO org.apache.nifi.processors.standard.ControlRate - ControlRate[id=bbeacea5-a44f-4c03-8191-96e09d8e4b1a] transferring FlowFile[284,90380299408934.mockFlowFile,13B] to 'success'
[pool-145-thread-1] INFO org.apache.nifi.processors.standard.ControlRate - ControlRate[id=bbeacea5-a44f-4c03-8191-96e09d8e4b1a] transferring FlowFile[285,90380299419174.mockFlowFile,13B] to 'success'
[pool-145-thread-1] INFO org.apache.nifi.processors.standard.ControlRate - ControlRate[id=bbeacea5-a44f-4c03-8191-96e09d8e4b1a] transferring FlowFile[286,90380299440680.mockFlowFile,13B] to 'success'
[pool-145-thread-1] INFO org.apache.nifi.processors.standard.ControlRate - ControlRate[id=bbeacea5-a44f-4c03-8191-96e09d8e4b1a] transferring FlowFile[287,90380299454718.mockFlowFile,13B] to 'success'
[pool-145-thread-1] INFO org.apache.nifi.processors.standard.ControlRate - ControlRate[id=bbeacea5-a44f-4c03-8191-96e09d8e4b1a] transferring FlowFile[288,90380299467651.mockFlowFile,13B] to 'success'
[pool-145-thread-1] INFO org.apache.nifi.processors.standard.ControlRate - ControlRate[id=bbeacea5-a44f-4c03-8191-96e09d8e4b1a] transferring FlowFile[289,90380299478411.mockFlowFile,13B] to 'success'
[pool-145-thread-1] INFO org.apache.nifi.processors.standard.ControlRate - ControlRate[id=bbeacea5-a44f-4c03-8191-96e09d8e4b1a] transferring FlowFile[290,90380299489721.mockFlowFile,13B] to 'success'
[pool-145-thread-1] INFO org.apache.nifi.processors.standard.ControlRate - ControlRate[id=bbeacea5-a44f-4c03-8191-96e09d8e4b1a] transferring FlowFile[291,90380299537548.mockFlowFile,13B] to 'success'
[pool-145-thread-1] INFO org.apache.nifi.processors.standard.ControlRate - ControlRate[id=bbeacea5-a44f-4c03-8191-96e09d8e4b1a] transferring FlowFile[292,90380299555297.mockFlowFile,13B] to 'success'
[pool-145-thread-1] INFO org.apache.nifi.processors.standard.ControlRate - ControlRate[id=bbeacea5-a44f-4c03-8191-96e09d8e4b1a] transferring FlowFile[293,90380299567144.mockFlowFile,13B] to 'success'
[pool-145-thread-1] INFO org.apache.nifi.processors.standard.ControlRate - ControlRate[id=bbeacea5-a44f-4c03-8191-96e09d8e4b1a] transferring FlowFile[294,90380299579850.mockFlowFile,13B] to 'success'
[pool-145-thread-1] INFO org.apache.nifi.processors.standard.ControlRate - ControlRate[id=bbeacea5-a44f-4c03-8191-96e09d8e4b1a] transferring FlowFile[295,90380299594302.mockFlowFile,13B] to 'success'
[pool-145-thread-1] INFO org.apache.nifi.processors.standard.ControlRate - ControlRate[id=bbeacea5-a44f-4c03-8191-96e09d8e4b1a] transferring FlowFile[296,90380299605232.mockFlowFile,13B] to 'success'
[pool-145-thread-1] INFO org.apache.nifi.processors.standard.ControlRate - ControlRate[id=bbeacea5-a44f-4c03-8191-96e09d8e4b1a] transferring FlowFile[297,90380299620881.mockFlowFile,13B] to 'success'
[pool-145-thread-1] INFO org.apache.nifi.processors.standard.ControlRate - ControlRate[id=bbeacea5-a44f-4c03-8191-96e09d8e4b1a] transferring FlowFile[298,90380299631684.mockFlowFile,13B] to 'success'
[pool-145-thread-1] INFO org.apache.nifi.processors.standard.ControlRate - ControlRate[id=bbeacea5-a44f-4c03-8191-96e09d8e4b1a] transferring FlowFile[299,90380299641437.mockFlowFile,13B] to 'success'
[pool-145-thread-1] INFO org.apache.nifi.processors.standard.ControlRate - ControlRate[id=bbeacea5-a44f-4c03-8191-96e09d8e4b1a] transferring FlowFile[300,90380299652732.mockFlowFile,13B] to 'success'
[pool-145-thread-1] INFO org.apache.nifi.processors.standard.ControlRate - ControlRate[id=bbeacea5-a44f-4c03-8191-96e09d8e4b1a] transferring FlowFile[301,90380299663159.mockFlowFile,13B] to 'success'
[pool-145-thread-1] INFO org.apache.nifi.processors.standard.ControlRate - ControlRate[id=bbeacea5-a44f-4c03-8191-96e09d8e4b1a] transferring FlowFile[302,90380299672917.mockFlowFile,13B] to 'success'
[pool-145-thread-1] INFO org.apache.nifi.processors.standard.ControlRate - ControlRate[id=bbeacea5-a44f-4c03-8191-96e09d8e4b1a] transferring FlowFile[303,90380299687341.mockFlowFile,13B] to 'success'
[pool-145-thread-1] INFO org.apache.nifi.processors.standard.ControlRate - ControlRate[id=bbeacea5-a44f-4c03-8191-96e09d8e4b1a] transferring FlowFile[304,90380299697630.mockFlowFile,13B] to 'success'
[pool-145-thread-1] INFO org.apache.nifi.processors.standard.ControlRate - ControlRate[id=bbeacea5-a44f-4c03-8191-96e09d8e4b1a] transferring FlowFile[305,90380299711947.mockFlowFile,13B] to 'success'
[pool-145-thread-1] INFO org.apache.nifi.processors.standard.ControlRate - ControlRate[id=bbeacea5-a44f-4c03-8191-96e09d8e4b1a] transferring FlowFile[306,90380299726993.mockFlowFile,13B] to 'success'
[pool-145-thread-1] INFO org.apache.nifi.processors.standard.ControlRate - ControlRate[id=bbeacea5-a44f-4c03-8191-96e09d8e4b1a] transferring FlowFile[307,90380299737596.mockFlowFile,13B] to 'success'
[pool-145-thread-1] INFO org.apache.nifi.processors.standard.ControlRate - ControlRate[id=bbeacea5-a44f-4c03-8191-96e09d8e4b1a] transferring FlowFile[308,90380299747953.mockFlowFile,13B] to 'success'
[pool-145-thread-1] INFO org.apache.nifi.processors.standard.ControlRate - ControlRate[id=bbeacea5-a44f-4c03-8191-96e09d8e4b1a] transferring FlowFile[309,90380299757988.mockFlowFile,13B] to 'success'
[pool-145-thread-1] INFO org.apache.nifi.processors.standard.ControlRate - ControlRate[id=bbeacea5-a44f-4c03-8191-96e09d8e4b1a] transferring FlowFile[310,90380299768343.mockFlowFile,13B] to 'success'
[pool-145-thread-1] INFO org.apache.nifi.processors.standard.ControlRate - ControlRate[id=bbeacea5-a44f-4c03-8191-96e09d8e4b1a] transferring FlowFile[311,90380299781541.mockFlowFile,13B] to 'success'
[pool-145-thread-1] INFO org.apache.nifi.processors.standard.ControlRate - ControlRate[id=bbeacea5-a44f-4c03-8191-96e09d8e4b1a] transferring FlowFile[312,90380299791834.mockFlowFile,13B] to 'success'
[pool-145-thread-1] INFO org.apache.nifi.processors.standard.ControlRate - ControlRate[id=bbeacea5-a44f-4c03-8191-96e09d8e4b1a] transferring FlowFile[313,90380299802132.mockFlowFile,13B] to 'success'
[pool-145-thread-1] INFO org.apache.nifi.processors.standard.ControlRate - ControlRate[id=bbeacea5-a44f-4c03-8191-96e09d8e4b1a] transferring FlowFile[314,90380299811839.mockFlowFile,13B] to 'success'
[pool-145-thread-1] INFO org.apache.nifi.processors.standard.ControlRate - ControlRate[id=bbeacea5-a44f-4c03-8191-96e09d8e4b1a] transferring FlowFile[315,90380299822030.mockFlowFile,13B] to 'success'
[pool-145-thread-1] INFO org.apache.nifi.processors.standard.ControlRate - ControlRate[id=bbeacea5-a44f-4c03-8191-96e09d8e4b1a] transferring FlowFile[316,90380299832301.mockFlowFile,13B] to 'success'
[pool-145-thread-1] INFO org.apache.nifi.processors.standard.ControlRate - ControlRate[id=bbeacea5-a44f-4c03-8191-96e09d8e4b1a] transferring FlowFile[317,90380299842055.mockFlowFile,13B] to 'success'
[pool-145-thread-1] INFO org.apache.nifi.processors.standard.ControlRate - ControlRate[id=bbeacea5-a44f-4c03-8191-96e09d8e4b1a] transferring FlowFile[318,90380299852368.mockFlowFile,13B] to 'success'
[pool-145-thread-1] INFO org.apache.nifi.processors.standard.ControlRate - ControlRate[id=bbeacea5-a44f-4c03-8191-96e09d8e4b1a] transferring FlowFile[319,90380299864743.mockFlowFile,13B] to 'success'
[pool-145-thread-1] INFO org.apache.nifi.processors.standard.ControlRate - ControlRate[id=bbeacea5-a44f-4c03-8191-96e09d8e4b1a] transferring FlowFile[320,90380299875348.mockFlowFile,13B] to 'success'
[pool-145-thread-1] INFO org.apache.nifi.processors.standard.ControlRate - ControlRate[id=bbeacea5-a44f-4c03-8191-96e09d8e4b1a] transferring FlowFile[321,90380299885951.mockFlowFile,13B] to 'success'
[pool-145-thread-1] INFO org.apache.nifi.processors.standard.ControlRate - ControlRate[id=bbeacea5-a44f-4c03-8191-96e09d8e4b1a] transferring FlowFile[322,90380299919629.mockFlowFile,13B] to 'success'
[pool-145-thread-1] INFO org.apache.nifi.processors.standard.ControlRate - ControlRate[id=bbeacea5-a44f-4c03-8191-96e09d8e4b1a] transferring FlowFile[323,90380299931797.mockFlowFile,13B] to 'success'
[pool-145-thread-1] INFO org.apache.nifi.processors.standard.ControlRate - ControlRate[id=bbeacea5-a44f-4c03-8191-96e09d8e4b1a] transferring FlowFile[324,90380299941827.mockFlowFile,13B] to 'success'
[pool-145-thread-1] INFO org.apache.nifi.processors.standard.ControlRate - ControlRate[id=bbeacea5-a44f-4c03-8191-96e09d8e4b1a] transferring FlowFile[325,90380299952491.mockFlowFile,13B] to 'success'
[pool-145-thread-1] INFO org.apache.nifi.processors.standard.ControlRate - ControlRate[id=bbeacea5-a44f-4c03-8191-96e09d8e4b1a] transferring FlowFile[326,90380299962877.mockFlowFile,13B] to 'success'
[pool-145-thread-1] INFO org.apache.nifi.processors.standard.ControlRate - ControlRate[id=bbeacea5-a44f-4c03-8191-96e09d8e4b1a] transferring FlowFile[327,90380299975951.mockFlowFile,13B] to 'success'
[pool-145-thread-1] INFO org.apache.nifi.processors.standard.ControlRate - ControlRate[id=bbeacea5-a44f-4c03-8191-96e09d8e4b1a] transferring FlowFile[328,90380299987818.mockFlowFile,13B] to 'success'
[pool-145-thread-1] INFO org.apache.nifi.processors.standard.ControlRate - ControlRate[id=bbeacea5-a44f-4c03-8191-96e09d8e4b1a] transferring FlowFile[329,90380299997534.mockFlowFile,13B] to 'success'
[pool-145-thread-1] INFO org.apache.nifi.processors.standard.ControlRate - ControlRate[id=bbeacea5-a44f-4c03-8191-96e09d8e4b1a] transferring FlowFile[330,90380300021556.mockFlowFile,13B] to 'success'
[pool-145-thread-1] INFO org.apache.nifi.processors.standard.ControlRate - ControlRate[id=bbeacea5-a44f-4c03-8191-96e09d8e4b1a] transferring FlowFile[331,90380300032136.mockFlowFile,13B] to 'success'
[pool-145-thread-1] INFO org.apache.nifi.processors.standard.ControlRate - ControlRate[id=bbeacea5-a44f-4c03-8191-96e09d8e4b1a] transferring FlowFile[332,90380300041806.mockFlowFile,13B] to 'success'
[pool-145-thread-1] INFO org.apache.nifi.processors.standard.ControlRate - ControlRate[id=bbeacea5-a44f-4c03-8191-96e09d8e4b1a] transferring FlowFile[333,90380300051913.mockFlowFile,13B] to 'success'
[pool-145-thread-1] INFO org.apache.nifi.processors.standard.ControlRate - ControlRate[id=bbeacea5-a44f-4c03-8191-96e09d8e4b1a] transferring FlowFile[334,90380300061479.mockFlowFile,13B] to 'success'
[pool-145-thread-1] INFO org.apache.nifi.processors.standard.ControlRate - ControlRate[id=bbeacea5-a44f-4c03-8191-96e09d8e4b1a] transferring FlowFile[335,90380300074870.mockFlowFile,13B] to 'success'
[pool-145-thread-1] INFO org.apache.nifi.processors.standard.ControlRate - ControlRate[id=bbeacea5-a44f-4c03-8191-96e09d8e4b1a] transferring FlowFile[336,90380300085525.mockFlowFile,13B] to 'success'
[pool-145-thread-1] INFO org.apache.nifi.processors.standard.ControlRate - ControlRate[id=bbeacea5-a44f-4c03-8191-96e09d8e4b1a] transferring FlowFile[337,90380300095589.mockFlowFile,13B] to 'success'
[pool-145-thread-1] INFO org.apache.nifi.processors.standard.ControlRate - ControlRate[id=bbeacea5-a44f-4c03-8191-96e09d8e4b1a] transferring FlowFile[338,90380300107465.mockFlowFile,13B] to 'success'
[pool-145-thread-1] INFO org.apache.nifi.processors.standard.ControlRate - ControlRate[id=bbeacea5-a44f-4c03-8191-96e09d8e4b1a] transferring FlowFile[339,90380300119204.mockFlowFile,13B] to 'success'
[pool-145-thread-1] INFO org.apache.nifi.processors.standard.ControlRate - ControlRate[id=bbeacea5-a44f-4c03-8191-96e09d8e4b1a] transferring FlowFile[340,90380300129766.mockFlowFile,13B] to 'success'
[pool-145-thread-1] INFO org.apache.nifi.processors.standard.ControlRate - ControlRate[id=bbeacea5-a44f-4c03-8191-96e09d8e4b1a] transferring FlowFile[341,90380300140513.mockFlowFile,13B] to 'success'
[pool-145-thread-1] INFO org.apache.nifi.processors.standard.ControlRate - ControlRate[id=bbeacea5-a44f-4c03-8191-96e09d8e4b1a] transferring FlowFile[342,90380300158382.mockFlowFile,13B] to 'success'
[pool-145-thread-1] INFO org.apache.nifi.processors.standard.ControlRate - ControlRate[id=bbeacea5-a44f-4c03-8191-96e09d8e4b1a] transferring FlowFile[343,90380300177167.mockFlowFile,13B] to 'success'
[pool-145-thread-1] INFO org.apache.nifi.processors.standard.ControlRate - ControlRate[id=bbeacea5-a44f-4c03-8191-96e09d8e4b1a] transferring FlowFile[344,90380300187187.mockFlowFile,13B] to 'success'
[pool-145-thread-1] INFO org.apache.nifi.processors.standard.ControlRate - ControlRate[id=bbeacea5-a44f-4c03-8191-96e09d8e4b1a] transferring FlowFile[345,90380300197488.mockFlowFile,13B] to 'success'
[pool-145-thread-1] INFO org.apache.nifi.processors.standard.ControlRate - ControlRate[id=bbeacea5-a44f-4c03-8191-96e09d8e4b1a] transferring FlowFile[346,90380300208755.mockFlowFile,13B] to 'success'
[pool-145-thread-1] INFO org.apache.nifi.processors.standard.ControlRate - ControlRate[id=bbeacea5-a44f-4c03-8191-96e09d8e4b1a] transferring FlowFile[347,90380300218837.mockFlowFile,13B] to 'success'
[pool-145-thread-1] INFO org.apache.nifi.processors.standard.ControlRate - ControlRate[id=bbeacea5-a44f-4c03-8191-96e09d8e4b1a] transferring FlowFile[348,90380300229247.mockFlowFile,13B] to 'success'
[pool-145-thread-1] INFO org.apache.nifi.processors.standard.ControlRate - ControlRate[id=bbeacea5-a44f-4c03-8191-96e09d8e4b1a] transferring FlowFile[349,90380300238692.mockFlowFile,13B] to 'success'
[pool-145-thread-1] INFO org.apache.nifi.processors.standard.ControlRate - ControlRate[id=bbeacea5-a44f-4c03-8191-96e09d8e4b1a] transferring FlowFile[350,90380300250037.mockFlowFile,13B] to 'success'
[pool-145-thread-1] INFO org.apache.nifi.processors.standard.ControlRate - ControlRate[id=bbeacea5-a44f-4c03-8191-96e09d8e4b1a] transferring FlowFile[351,90380300275464.mockFlowFile,13B] to 'success'
[pool-145-thread-1] INFO org.apache.nifi.processors.standard.ControlRate - ControlRate[id=bbeacea5-a44f-4c03-8191-96e09d8e4b1a] transferring FlowFile[352,90380300300267.mockFlowFile,13B] to 'success'
[pool-145-thread-1] INFO org.apache.nifi.processors.standard.ControlRate - ControlRate[id=bbeacea5-a44f-4c03-8191-96e09d8e4b1a] transferring FlowFile[353,90380300312330.mockFlowFile,13B] to 'success'
[pool-145-thread-1] INFO org.apache.nifi.processors.standard.ControlRate - ControlRate[id=bbeacea5-a44f-4c03-8191-96e09d8e4b1a] transferring FlowFile[354,90380300324418.mockFlowFile,13B] to 'success'
[pool-145-thread-1] INFO org.apache.nifi.processors.standard.ControlRate - ControlRate[id=bbeacea5-a44f-4c03-8191-96e09d8e4b1a] transferring FlowFile[355,90380300335722.mockFlowFile,13B] to 'success'
[pool-145-thread-1] INFO org.apache.nifi.processors.standard.ControlRate - ControlRate[id=bbeacea5-a44f-4c03-8191-96e09d8e4b1a] transferring FlowFile[356,90380300347456.mockFlowFile,13B] to 'success'
[pool-145-thread-1] INFO org.apache.nifi.processors.standard.ControlRate - ControlRate[id=bbeacea5-a44f-4c03-8191-96e09d8e4b1a] transferring FlowFile[357,90380300364506.mockFlowFile,13B] to 'success'
[pool-145-thread-1] INFO org.apache.nifi.processors.standard.ControlRate - ControlRate[id=bbeacea5-a44f-4c03-8191-96e09d8e4b1a] transferring FlowFile[358,90380300376289.mockFlowFile,13B] to 'success'
[pool-145-thread-1] INFO org.apache.nifi.processors.standard.ControlRate - ControlRate[id=bbeacea5-a44f-4c03-8191-96e09d8e4b1a] transferring FlowFile[359,90380300390182.mockFlowFile,13B] to 'success'
[pool-145-thread-1] INFO org.apache.nifi.processors.standard.ControlRate - ControlRate[id=bbeacea5-a44f-4c03-8191-96e09d8e4b1a] transferring FlowFile[360,90380300401758.mockFlowFile,13B] to 'success'
[pool-145-thread-1] INFO org.apache.nifi.processors.standard.ControlRate - ControlRate[id=bbeacea5-a44f-4c03-8191-96e09d8e4b1a] transferring FlowFile[361,90380300412525.mockFlowFile,13B] to 'success'
[pool-145-thread-1] INFO org.apache.nifi.processors.standard.ControlRate - ControlRate[id=bbeacea5-a44f-4c03-8191-96e09d8e4b1a] transferring FlowFile[362,90380300422880.mockFlowFile,13B] to 'success'
[pool-145-thread-1] INFO org.apache.nifi.processors.standard.ControlRate - ControlRate[id=bbeacea5-a44f-4c03-8191-96e09d8e4b1a] transferring FlowFile[363,90380300435255.mockFlowFile,13B] to 'success'
[pool-145-thread-1] INFO org.apache.nifi.processors.standard.ControlRate - ControlRate[id=bbeacea5-a44f-4c03-8191-96e09d8e4b1a] transferring FlowFile[364,90380300445556.mockFlowFile,13B] to 'success'
[pool-145-thread-1] INFO org.apache.nifi.processors.standard.ControlRate - ControlRate[id=bbeacea5-a44f-4c03-8191-96e09d8e4b1a] transferring FlowFile[365,90380300456106.mockFlowFile,13B] to 'success'
[pool-145-thread-1] INFO org.apache.nifi.processors.standard.ControlRate - ControlRate[id=bbeacea5-a44f-4c03-8191-96e09d8e4b1a] transferring FlowFile[366,90380300467003.mockFlowFile,13B] to 'success'
[pool-145-thread-1] INFO org.apache.nifi.processors.standard.ControlRate - ControlRate[id=bbeacea5-a44f-4c03-8191-96e09d8e4b1a] transferring FlowFile[367,90380300480033.mockFlowFile,13B] to 'success'
[pool-145-thread-1] INFO org.apache.nifi.processors.standard.ControlRate - ControlRate[id=bbeacea5-a44f-4c03-8191-96e09d8e4b1a] transferring FlowFile[368,90380300491746.mockFlowFile,13B] to 'success'
[pool-145-thread-1] INFO org.apache.nifi.processors.standard.ControlRate - ControlRate[id=bbeacea5-a44f-4c03-8191-96e09d8e4b1a] transferring FlowFile[369,90380300501777.mockFlowFile,13B] to 'success'
[pool-145-thread-1] INFO org.apache.nifi.processors.standard.ControlRate - ControlRate[id=bbeacea5-a44f-4c03-8191-96e09d8e4b1a] transferring FlowFile[370,90380300512437.mockFlowFile,13B] to 'success'
[pool-145-thread-1] INFO org.apache.nifi.processors.standard.ControlRate - ControlRate[id=bbeacea5-a44f-4c03-8191-96e09d8e4b1a] transferring FlowFile[371,90380300522992.mockFlowFile,13B] to 'success'
[pool-145-thread-1] INFO org.apache.nifi.processors.standard.ControlRate - ControlRate[id=bbeacea5-a44f-4c03-8191-96e09d8e4b1a] transferring FlowFile[372,90380300533279.mockFlowFile,13B] to 'success'
[pool-145-thread-1] INFO org.apache.nifi.processors.standard.ControlRate - ControlRate[id=bbeacea5-a44f-4c03-8191-96e09d8e4b1a] transferring FlowFile[373,90380300543864.mockFlowFile,13B] to 'success'
[pool-145-thread-1] INFO org.apache.nifi.processors.standard.ControlRate - ControlRate[id=bbeacea5-a44f-4c03-8191-96e09d8e4b1a] transferring FlowFile[374,90380300553551.mockFlowFile,13B] to 'success'
[pool-145-thread-1] INFO org.apache.nifi.processors.standard.ControlRate - ControlRate[id=bbeacea5-a44f-4c03-8191-96e09d8e4b1a] transferring FlowFile[375,90380300567164.mockFlowFile,13B] to 'success'
[pool-145-thread-1] INFO org.apache.nifi.processors.standard.ControlRate - ControlRate[id=bbeacea5-a44f-4c03-8191-96e09d8e4b1a] transferring FlowFile[376,90380300578362.mockFlowFile,13B] to 'success'
[pool-145-thread-1] INFO org.apache.nifi.processors.standard.ControlRate - ControlRate[id=bbeacea5-a44f-4c03-8191-96e09d8e4b1a] transferring FlowFile[377,90380300588423.mockFlowFile,13B] to 'success'
[pool-145-thread-1] INFO org.apache.nifi.processors.standard.ControlRate - ControlRate[id=bbeacea5-a44f-4c03-8191-96e09d8e4b1a] transferring FlowFile[378,90380300599417.mockFlowFile,13B] to 'success'
[pool-145-thread-1] INFO org.apache.nifi.processors.standard.ControlRate - ControlRate[id=bbeacea5-a44f-4c03-8191-96e09d8e4b1a] transferring FlowFile[379,90380300609394.mockFlowFile,13B] to 'success'
[pool-145-thread-1] INFO org.apache.nifi.processors.standard.ControlRate - ControlRate[id=bbeacea5-a44f-4c03-8191-96e09d8e4b1a] transferring FlowFile[380,90380300620284.mockFlowFile,13B] to 'success'
[pool-145-thread-1] INFO org.apache.nifi.processors.standard.ControlRate - ControlRate[id=bbeacea5-a44f-4c03-8191-96e09d8e4b1a] transferring FlowFile[381,90380300630863.mockFlowFile,13B] to 'success'
[pool-145-thread-1] INFO org.apache.nifi.processors.standard.ControlRate - ControlRate[id=bbeacea5-a44f-4c03-8191-96e09d8e4b1a] transferring FlowFile[382,90380300640790.mockFlowFile,13B] to 'success'
[pool-145-thread-1] INFO org.apache.nifi.processors.standard.ControlRate - ControlRate[id=bbeacea5-a44f-4c03-8191-96e09d8e4b1a] transferring FlowFile[383,90380300654623.mockFlowFile,13B] to 'success'
[pool-145-thread-1] INFO org.apache.nifi.processors.standard.ControlRate - ControlRate[id=bbeacea5-a44f-4c03-8191-96e09d8e4b1a] transferring FlowFile[384,90380300665472.mockFlowFile,13B] to 'success'
[pool-145-thread-1] INFO org.apache.nifi.processors.standard.ControlRate - ControlRate[id=bbeacea5-a44f-4c03-8191-96e09d8e4b1a] transferring FlowFile[385,90380300676122.mockFlowFile,13B] to 'success'
[pool-145-thread-1] INFO org.apache.nifi.processors.standard.ControlRate - ControlRate[id=bbeacea5-a44f-4c03-8191-96e09d8e4b1a] transferring FlowFile[386,90380300686644.mockFlowFile,13B] to 'success'
[pool-145-thread-1] INFO org.apache.nifi.processors.standard.ControlRate - ControlRate[id=bbeacea5-a44f-4c03-8191-96e09d8e4b1a] transferring FlowFile[387,90380300696875.mockFlowFile,13B] to 'success'
[pool-145-thread-1] INFO org.apache.nifi.processors.standard.ControlRate - ControlRate[id=bbeacea5-a44f-4c03-8191-96e09d8e4b1a] transferring FlowFile[388,90380300707460.mockFlowFile,13B] to 'success'
[pool-145-thread-1] INFO org.apache.nifi.processors.standard.ControlRate - ControlRate[id=bbeacea5-a44f-4c03-8191-96e09d8e4b1a] transferring FlowFile[389,90380300717890.mockFlowFile,13B] to 'success'
[pool-145-thread-1] INFO org.apache.nifi.processors.standard.ControlRate - ControlRate[id=bbeacea5-a44f-4c03-8191-96e09d8e4b1a] transferring FlowFile[390,90380300728912.mockFlowFile,13B] to 'success'
[pool-145-thread-1] INFO org.apache.nifi.processors.standard.ControlRate - ControlRate[id=bbeacea5-a44f-4c03-8191-96e09d8e4b1a] transferring FlowFile[391,90380300742523.mockFlowFile,13B] to 'success'
[pool-145-thread-1] INFO org.apache.nifi.processors.standard.ControlRate - ControlRate[id=bbeacea5-a44f-4c03-8191-96e09d8e4b1a] transferring FlowFile[392,90380300754373.mockFlowFile,13B] to 'success'
[pool-145-thread-1] INFO org.apache.nifi.processors.standard.ControlRate - ControlRate[id=bbeacea5-a44f-4c03-8191-96e09d8e4b1a] transferring FlowFile[393,90380300766408.mockFlowFile,13B] to 'success'
[pool-145-thread-1] INFO org.apache.nifi.processors.standard.ControlRate - ControlRate[id=bbeacea5-a44f-4c03-8191-96e09d8e4b1a] transferring FlowFile[394,90380300776701.mockFlowFile,13B] to 'success'
[pool-145-thread-1] INFO org.apache.nifi.processors.standard.ControlRate - ControlRate[id=bbeacea5-a44f-4c03-8191-96e09d8e4b1a] transferring FlowFile[395,90380300787553.mockFlowFile,13B] to 'success'
[pool-145-thread-1] INFO org.apache.nifi.processors.standard.ControlRate - ControlRate[id=bbeacea5-a44f-4c03-8191-96e09d8e4b1a] transferring FlowFile[396,90380300797877.mockFlowFile,13B] to 'success'
[pool-145-thread-1] INFO org.apache.nifi.processors.standard.ControlRate - ControlRate[id=bbeacea5-a44f-4c03-8191-96e09d8e4b1a] transferring FlowFile[397,90380300812432.mockFlowFile,13B] to 'success'
[pool-145-thread-1] INFO org.apache.nifi.processors.standard.ControlRate - ControlRate[id=bbeacea5-a44f-4c03-8191-96e09d8e4b1a] transferring FlowFile[398,90380300825237.mockFlowFile,13B] to 'success'
[pool-145-thread-1] INFO org.apache.nifi.processors.standard.ControlRate - ControlRate[id=bbeacea5-a44f-4c03-8191-96e09d8e4b1a] transferring FlowFile[399,90380300838305.mockFlowFile,13B] to 'success'
[pool-145-thread-1] INFO org.apache.nifi.processors.standard.ControlRate - ControlRate[id=bbeacea5-a44f-4c03-8191-96e09d8e4b1a] transferring FlowFile[400,90380300849079.mockFlowFile,13B] to 'success'
[pool-145-thread-1] INFO org.apache.nifi.processors.standard.ControlRate - ControlRate[id=bbeacea5-a44f-4c03-8191-96e09d8e4b1a] transferring FlowFile[401,90380300859929.mockFlowFile,13B] to 'success'
[pool-145-thread-1] INFO org.apache.nifi.processors.standard.ControlRate - ControlRate[id=bbeacea5-a44f-4c03-8191-96e09d8e4b1a] transferring FlowFile[402,90380300870520.mockFlowFile,13B] to 'success'
[pool-145-thread-1] INFO org.apache.nifi.processors.standard.ControlRate - ControlRate[id=bbeacea5-a44f-4c03-8191-96e09d8e4b1a] transferring FlowFile[403,90380300880955.mockFlowFile,13B] to 'success'
[pool-145-thread-1] INFO org.apache.nifi.processors.standard.ControlRate - ControlRate[id=bbeacea5-a44f-4c03-8191-96e09d8e4b1a] transferring FlowFile[404,90380300890649.mockFlowFile,13B] to 'success'
[pool-145-thread-1] INFO org.apache.nifi.processors.standard.ControlRate - ControlRate[id=bbeacea5-a44f-4c03-8191-96e09d8e4b1a] transferring FlowFile[405,90380300901251.mockFlowFile,13B] to 'success'
[pool-145-thread-1] INFO org.apache.nifi.processors.standard.ControlRate - ControlRate[id=bbeacea5-a44f-4c03-8191-96e09d8e4b1a] transferring FlowFile[406,90380300930803.mockFlowFile,13B] to 'success'
[pool-145-thread-1] INFO org.apache.nifi.processors.standard.ControlRate - ControlRate[id=bbeacea5-a44f-4c03-8191-96e09d8e4b1a] transferring FlowFile[407,90380300946171.mockFlowFile,13B] to 'success'
[pool-145-thread-1] INFO org.apache.nifi.processors.standard.ControlRate - ControlRate[id=bbeacea5-a44f-4c03-8191-96e09d8e4b1a] transferring FlowFile[408,90380300958898.mockFlowFile,13B] to 'success'
[pool-145-thread-1] INFO org.apache.nifi.processors.standard.ControlRate - ControlRate[id=bbeacea5-a44f-4c03-8191-96e09d8e4b1a] transferring FlowFile[409,90380300969214.mockFlowFile,13B] to 'success'
[pool-145-thread-1] INFO org.apache.nifi.processors.standard.ControlRate - ControlRate[id=bbeacea5-a44f-4c03-8191-96e09d8e4b1a] transferring FlowFile[410,90380300980087.mockFlowFile,13B] to 'success'
[pool-145-thread-1] INFO org.apache.nifi.processors.standard.ControlRate - ControlRate[id=bbeacea5-a44f-4c03-8191-96e09d8e4b1a] transferring FlowFile[411,90380300990406.mockFlowFile,13B] to 'success'
[pool-145-thread-1] INFO org.apache.nifi.processors.standard.ControlRate - ControlRate[id=bbeacea5-a44f-4c03-8191-96e09d8e4b1a] transferring FlowFile[412,90380301000365.mockFlowFile,13B] to 'success'
[pool-145-thread-1] INFO org.apache.nifi.processors.standard.ControlRate - ControlRate[id=bbeacea5-a44f-4c03-8191-96e09d8e4b1a] transferring FlowFile[413,90380301010923.mockFlowFile,13B] to 'success'
[pool-145-thread-1] INFO org.apache.nifi.processors.standard.ControlRate - ControlRate[id=bbeacea5-a44f-4c03-8191-96e09d8e4b1a] transferring FlowFile[414,90380301021303.mockFlowFile,13B] to 'success'
[pool-145-thread-1] INFO org.apache.nifi.processors.standard.ControlRate - ControlRate[id=bbeacea5-a44f-4c03-8191-96e09d8e4b1a] transferring FlowFile[415,90380301034657.mockFlowFile,13B] to 'success'
[pool-145-thread-1] INFO org.apache.nifi.processors.standard.ControlRate - ControlRate[id=bbeacea5-a44f-4c03-8191-96e09d8e4b1a] transferring FlowFile[416,90380301045151.mockFlowFile,13B] to 'success'
[pool-145-thread-1] INFO org.apache.nifi.processors.standard.ControlRate - ControlRate[id=bbeacea5-a44f-4c03-8191-96e09d8e4b1a] transferring FlowFile[417,90380301054865.mockFlowFile,13B] to 'success'
[pool-145-thread-1] INFO org.apache.nifi.processors.standard.ControlRate - ControlRate[id=bbeacea5-a44f-4c03-8191-96e09d8e4b1a] transferring FlowFile[418,90380301065146.mockFlowFile,13B] to 'success'
[pool-145-thread-1] INFO org.apache.nifi.processors.standard.ControlRate - ControlRate[id=bbeacea5-a44f-4c03-8191-96e09d8e4b1a] transferring FlowFile[419,90380301074898.mockFlowFile,13B] to 'success'
[pool-145-thread-1] INFO org.apache.nifi.processors.standard.ControlRate - ControlRate[id=bbeacea5-a44f-4c03-8191-96e09d8e4b1a] transferring FlowFile[420,90380301085021.mockFlowFile,13B] to 'success'
[pool-145-thread-1] INFO org.apache.nifi.processors.standard.ControlRate - ControlRate[id=bbeacea5-a44f-4c03-8191-96e09d8e4b1a] transferring FlowFile[421,90380301095077.mockFlowFile,13B] to 'success'
[pool-145-thread-1] INFO org.apache.nifi.processors.standard.ControlRate - ControlRate[id=bbeacea5-a44f-4c03-8191-96e09d8e4b1a] transferring FlowFile[422,90380301104555.mockFlowFile,13B] to 'success'
[pool-145-thread-1] INFO org.apache.nifi.processors.standard.ControlRate - ControlRate[id=bbeacea5-a44f-4c03-8191-96e09d8e4b1a] transferring FlowFile[423,90380301117223.mockFlowFile,13B] to 'success'
[pool-145-thread-1] INFO org.apache.nifi.processors.standard.ControlRate - ControlRate[id=bbeacea5-a44f-4c03-8191-96e09d8e4b1a] transferring FlowFile[424,90380301127347.mockFlowFile,13B] to 'success'
[pool-145-thread-1] INFO org.apache.nifi.processors.standard.ControlRate - ControlRate[id=bbeacea5-a44f-4c03-8191-96e09d8e4b1a] transferring FlowFile[425,90380301137405.mockFlowFile,13B] to 'success'
[pool-145-thread-1] INFO org.apache.nifi.processors.standard.ControlRate - ControlRate[id=bbeacea5-a44f-4c03-8191-96e09d8e4b1a] transferring FlowFile[426,90380301147458.mockFlowFile,13B] to 'success'
[pool-145-thread-1] INFO org.apache.nifi.processors.standard.ControlRate - ControlRate[id=bbeacea5-a44f-4c03-8191-96e09d8e4b1a] transferring FlowFile[427,90380301156835.mockFlowFile,13B] to 'success'
[pool-145-thread-1] INFO org.apache.nifi.processors.standard.ControlRate - ControlRate[id=bbeacea5-a44f-4c03-8191-96e09d8e4b1a] transferring FlowFile[428,90380301166841.mockFlowFile,13B] to 'success'
[pool-145-thread-1] INFO org.apache.nifi.processors.standard.ControlRate - ControlRate[id=bbeacea5-a44f-4c03-8191-96e09d8e4b1a] transferring FlowFile[429,90380301176423.mockFlowFile,13B] to 'success'
[pool-145-thread-1] INFO org.apache.nifi.processors.standard.ControlRate - ControlRate[id=bbeacea5-a44f-4c03-8191-96e09d8e4b1a] transferring FlowFile[430,90380301186517.mockFlowFile,13B] to 'success'
[pool-145-thread-1] INFO org.apache.nifi.processors.standard.ControlRate - ControlRate[id=bbeacea5-a44f-4c03-8191-96e09d8e4b1a] transferring FlowFile[431,90380301199393.mockFlowFile,13B] to 'success'
[pool-145-thread-1] INFO org.apache.nifi.processors.standard.ControlRate - ControlRate[id=bbeacea5-a44f-4c03-8191-96e09d8e4b1a] transferring FlowFile[432,90380301216514.mockFlowFile,13B] to 'success'
[pool-145-thread-1] INFO org.apache.nifi.processors.standard.ControlRate - ControlRate[id=bbeacea5-a44f-4c03-8191-96e09d8e4b1a] transferring FlowFile[433,90380301250820.mockFlowFile,13B] to 'success'
[pool-145-thread-1] INFO org.apache.nifi.processors.standard.ControlRate - ControlRate[id=bbeacea5-a44f-4c03-8191-96e09d8e4b1a] transferring FlowFile[434,90380301262740.mockFlowFile,13B] to 'success'
[pool-145-thread-1] INFO org.apache.nifi.processors.standard.ControlRate - ControlRate[id=bbeacea5-a44f-4c03-8191-96e09d8e4b1a] transferring FlowFile[435,90380301273366.mockFlowFile,13B] to 'success'
[pool-145-thread-1] INFO org.apache.nifi.processors.standard.ControlRate - ControlRate[id=bbeacea5-a44f-4c03-8191-96e09d8e4b1a] transferring FlowFile[436,90380301283201.mockFlowFile,13B] to 'success'
[pool-145-thread-1] INFO org.apache.nifi.processors.standard.ControlRate - ControlRate[id=bbeacea5-a44f-4c03-8191-96e09d8e4b1a] transferring FlowFile[437,90380301292250.mockFlowFile,13B] to 'success'
[pool-145-thread-1] INFO org.apache.nifi.processors.standard.ControlRate - ControlRate[id=bbeacea5-a44f-4c03-8191-96e09d8e4b1a] transferring FlowFile[438,90380301313907.mockFlowFile,13B] to 'success'
[pool-145-thread-1] INFO org.apache.nifi.processors.standard.ControlRate - ControlRate[id=bbeacea5-a44f-4c03-8191-96e09d8e4b1a] transferring FlowFile[439,90380301334288.mockFlowFile,13B] to 'success'
[pool-145-thread-1] INFO org.apache.nifi.processors.standard.ControlRate - ControlRate[id=bbeacea5-a44f-4c03-8191-96e09d8e4b1a] transferring FlowFile[440,90380301355056.mockFlowFile,13B] to 'success'
[pool-145-thread-1] INFO org.apache.nifi.processors.standard.ControlRate - ControlRate[id=bbeacea5-a44f-4c03-8191-96e09d8e4b1a] transferring FlowFile[441,90380301374405.mockFlowFile,13B] to 'success'
[pool-145-thread-1] INFO org.apache.nifi.processors.standard.ControlRate - ControlRate[id=bbeacea5-a44f-4c03-8191-96e09d8e4b1a] transferring FlowFile[442,90380301384712.mockFlowFile,13B] to 'success'
[pool-145-thread-1] INFO org.apache.nifi.processors.standard.ControlRate - ControlRate[id=bbeacea5-a44f-4c03-8191-96e09d8e4b1a] transferring FlowFile[443,90380301394890.mockFlowFile,13B] to 'success'
[pool-145-thread-1] INFO org.apache.nifi.processors.standard.ControlRate - ControlRate[id=bbeacea5-a44f-4c03-8191-96e09d8e4b1a] transferring FlowFile[444,90380301404219.mockFlowFile,13B] to 'success'
[pool-145-thread-1] INFO org.apache.nifi.processors.standard.ControlRate - ControlRate[id=bbeacea5-a44f-4c03-8191-96e09d8e4b1a] transferring FlowFile[445,90380301414083.mockFlowFile,13B] to 'success'
[pool-145-thread-1] INFO org.apache.nifi.processors.standard.ControlRate - ControlRate[id=bbeacea5-a44f-4c03-8191-96e09d8e4b1a] transferring FlowFile[446,90380301424019.mockFlowFile,13B] to 'success'
[pool-145-thread-1] INFO org.apache.nifi.processors.standard.ControlRate - ControlRate[id=bbeacea5-a44f-4c03-8191-96e09d8e4b1a] transferring FlowFile[447,90380301436727.mockFlowFile,13B] to 'success'
[pool-145-thread-1] INFO org.apache.nifi.processors.standard.ControlRate - ControlRate[id=bbeacea5-a44f-4c03-8191-96e09d8e4b1a] transferring FlowFile[448,90380301447041.mockFlowFile,13B] to 'success'
[pool-145-thread-1] INFO org.apache.nifi.processors.standard.ControlRate - ControlRate[id=bbeacea5-a44f-4c03-8191-96e09d8e4b1a] transferring FlowFile[449,90380301456215.mockFlowFile,13B] to 'success'
[pool-145-thread-1] INFO org.apache.nifi.processors.standard.ControlRate - ControlRate[id=bbeacea5-a44f-4c03-8191-96e09d8e4b1a] transferring FlowFile[450,90380301475653.mockFlowFile,13B] to 'success'
[pool-145-thread-1] INFO org.apache.nifi.processors.standard.ControlRate - ControlRate[id=bbeacea5-a44f-4c03-8191-96e09d8e4b1a] transferring FlowFile[451,90380301492432.mockFlowFile,13B] to 'success'
[pool-145-thread-1] INFO org.apache.nifi.processors.standard.ControlRate - ControlRate[id=bbeacea5-a44f-4c03-8191-96e09d8e4b1a] transferring FlowFile[452,90380301503850.mockFlowFile,13B] to 'success'
[pool-145-thread-1] INFO org.apache.nifi.processors.standard.ControlRate - ControlRate[id=bbeacea5-a44f-4c03-8191-96e09d8e4b1a] transferring FlowFile[453,90380301514711.mockFlowFile,13B] to 'success'
[pool-145-thread-1] INFO org.apache.nifi.processors.standard.ControlRate - ControlRate[id=bbeacea5-a44f-4c03-8191-96e09d8e4b1a] transferring FlowFile[454,90380301524629.mockFlowFile,13B] to 'success'
[pool-145-thread-1] INFO org.apache.nifi.processors.standard.ControlRate - ControlRate[id=bbeacea5-a44f-4c03-8191-96e09d8e4b1a] transferring FlowFile[455,90380301537727.mockFlowFile,13B] to 'success'
[pool-145-thread-1] INFO org.apache.nifi.processors.standard.ControlRate - ControlRate[id=bbeacea5-a44f-4c03-8191-96e09d8e4b1a] transferring FlowFile[456,90380301549532.mockFlowFile,13B] to 'success'
[pool-145-thread-1] INFO org.apache.nifi.processors.standard.ControlRate - ControlRate[id=bbeacea5-a44f-4c03-8191-96e09d8e4b1a] transferring FlowFile[457,90380301558916.mockFlowFile,13B] to 'success'
[pool-145-thread-1] INFO org.apache.nifi.processors.standard.ControlRate - ControlRate[id=bbeacea5-a44f-4c03-8191-96e09d8e4b1a] transferring FlowFile[458,90380301568685.mockFlowFile,13B] to 'success'
[pool-145-thread-1] INFO org.apache.nifi.processors.standard.ControlRate - ControlRate[id=bbeacea5-a44f-4c03-8191-96e09d8e4b1a] transferring FlowFile[459,90380301578224.mockFlowFile,13B] to 'success'
[pool-145-thread-1] INFO org.apache.nifi.processors.standard.ControlRate - ControlRate[id=bbeacea5-a44f-4c03-8191-96e09d8e4b1a] transferring FlowFile[460,90380301588176.mockFlowFile,13B] to 'success'
[pool-145-thread-1] INFO org.apache.nifi.processors.standard.ControlRate - ControlRate[id=bbeacea5-a44f-4c03-8191-96e09d8e4b1a] transferring FlowFile[461,90380301598091.mockFlowFile,13B] to 'success'
[pool-145-thread-1] INFO org.apache.nifi.processors.standard.ControlRate - ControlRate[id=bbeacea5-a44f-4c03-8191-96e09d8e4b1a] transferring FlowFile[462,90380301607469.mockFlowFile,13B] to 'success'
[pool-145-thread-1] INFO org.apache.nifi.processors.standard.ControlRate - ControlRate[id=bbeacea5-a44f-4c03-8191-96e09d8e4b1a] transferring FlowFile[463,90380301619883.mockFlowFile,13B] to 'success'
[pool-145-thread-1] INFO org.apache.nifi.processors.standard.ControlRate - ControlRate[id=bbeacea5-a44f-4c03-8191-96e09d8e4b1a] transferring FlowFile[464,90380301629403.mockFlowFile,13B] to 'success'
[pool-145-thread-1] INFO org.apache.nifi.processors.standard.ControlRate - ControlRate[id=bbeacea5-a44f-4c03-8191-96e09d8e4b1a] transferring FlowFile[465,90380301639251.mockFlowFile,13B] to 'success'
[pool-145-thread-1] INFO org.apache.nifi.processors.standard.ControlRate - ControlRate[id=bbeacea5-a44f-4c03-8191-96e09d8e4b1a] transferring FlowFile[466,90380301648746.mockFlowFile,13B] to 'success'
[pool-145-thread-1] INFO org.apache.nifi.processors.standard.ControlRate - ControlRate[id=bbeacea5-a44f-4c03-8191-96e09d8e4b1a] transferring FlowFile[467,90380301657713.mockFlowFile,13B] to 'success'
[pool-145-thread-1] INFO org.apache.nifi.processors.standard.ControlRate - ControlRate[id=bbeacea5-a44f-4c03-8191-96e09d8e4b1a] transferring FlowFile[468,90380301667374.mockFlowFile,13B] to 'success'
[pool-145-thread-1] INFO org.apache.nifi.processors.standard.ControlRate - ControlRate[id=bbeacea5-a44f-4c03-8191-96e09d8e4b1a] transferring FlowFile[469,90380301676427.mockFlowFile,13B] to 'success'
[pool-145-thread-1] INFO org.apache.nifi.processors.standard.ControlRate - ControlRate[id=bbeacea5-a44f-4c03-8191-96e09d8e4b1a] transferring FlowFile[470,90380301686147.mockFlowFile,13B] to 'success'
[pool-145-thread-1] INFO org.apache.nifi.processors.standard.ControlRate - ControlRate[id=bbeacea5-a44f-4c03-8191-96e09d8e4b1a] transferring FlowFile[471,90380301698462.mockFlowFile,13B] to 'success'
[pool-145-thread-1] INFO org.apache.nifi.processors.standard.ControlRate - ControlRate[id=bbeacea5-a44f-4c03-8191-96e09d8e4b1a] transferring FlowFile[472,90380301707776.mockFlowFile,13B] to 'success'
[pool-145-thread-1] INFO org.apache.nifi.processors.standard.ControlRate - ControlRate[id=bbeacea5-a44f-4c03-8191-96e09d8e4b1a] transferring FlowFile[473,90380301717621.mockFlowFile,13B] to 'success'
[pool-145-thread-1] INFO org.apache.nifi.processors.standard.ControlRate - ControlRate[id=bbeacea5-a44f-4c03-8191-96e09d8e4b1a] transferring FlowFile[474,90380301730298.mockFlowFile,13B] to 'success'
[pool-145-thread-1] INFO org.apache.nifi.processors.standard.ControlRate - ControlRate[id=bbeacea5-a44f-4c03-8191-96e09d8e4b1a] transferring FlowFile[475,90380301742229.mockFlowFile,13B] to 'success'
[pool-145-thread-1] INFO org.apache.nifi.processors.standard.ControlRate - ControlRate[id=bbeacea5-a44f-4c03-8191-96e09d8e4b1a] transferring FlowFile[476,90380301752577.mockFlowFile,13B] to 'success'
[pool-145-thread-1] INFO org.apache.nifi.processors.standard.ControlRate - ControlRate[id=bbeacea5-a44f-4c03-8191-96e09d8e4b1a] transferring FlowFile[477,90380301761898.mockFlowFile,13B] to 'success'
[pool-145-thread-1] INFO org.apache.nifi.processors.standard.ControlRate - ControlRate[id=bbeacea5-a44f-4c03-8191-96e09d8e4b1a] transferring FlowFile[478,90380301771585.mockFlowFile,13B] to 'success'
[pool-145-thread-1] INFO org.apache.nifi.processors.standard.ControlRate - ControlRate[id=bbeacea5-a44f-4c03-8191-96e09d8e4b1a] transferring FlowFile[479,90380301788446.mockFlowFile,13B] to 'success'
[pool-145-thread-1] INFO org.apache.nifi.processors.standard.ControlRate - ControlRate[id=bbeacea5-a44f-4c03-8191-96e09d8e4b1a] transferring FlowFile[480,90380301799698.mockFlowFile,13B] to 'success'
[pool-145-thread-1] INFO org.apache.nifi.processors.standard.ControlRate - ControlRate[id=bbeacea5-a44f-4c03-8191-96e09d8e4b1a] transferring FlowFile[481,90380301809481.mockFlowFile,13B] to 'success'
[pool-145-thread-1] INFO org.apache.nifi.processors.standard.ControlRate - ControlRate[id=bbeacea5-a44f-4c03-8191-96e09d8e4b1a] transferring FlowFile[482,90380301819363.mockFlowFile,13B] to 'success'
[pool-145-thread-1] INFO org.apache.nifi.processors.standard.ControlRate - ControlRate[id=bbeacea5-a44f-4c03-8191-96e09d8e4b1a] transferring FlowFile[483,90380301829273.mockFlowFile,13B] to 'success'
[pool-145-thread-1] INFO org.apache.nifi.processors.standard.ControlRate - ControlRate[id=bbeacea5-a44f-4c03-8191-96e09d8e4b1a] transferring FlowFile[484,90380301838501.mockFlowFile,13B] to 'success'
[pool-145-thread-1] INFO org.apache.nifi.processors.standard.ControlRate - ControlRate[id=bbeacea5-a44f-4c03-8191-96e09d8e4b1a] transferring FlowFile[485,90380301849212.mockFlowFile,13B] to 'success'
[pool-145-thread-1] INFO org.apache.nifi.processors.standard.ControlRate - ControlRate[id=bbeacea5-a44f-4c03-8191-96e09d8e4b1a] transferring FlowFile[486,90380301859049.mockFlowFile,13B] to 'success'
[pool-145-thread-1] INFO org.apache.nifi.processors.standard.ControlRate - ControlRate[id=bbeacea5-a44f-4c03-8191-96e09d8e4b1a] transferring FlowFile[487,90380301871255.mockFlowFile,13B] to 'success'
[pool-145-thread-1] INFO org.apache.nifi.processors.standard.ControlRate - ControlRate[id=bbeacea5-a44f-4c03-8191-96e09d8e4b1a] transferring FlowFile[488,90380301883558.mockFlowFile,13B] to 'success'
[pool-145-thread-1] INFO org.apache.nifi.processors.standard.ControlRate - ControlRate[id=bbeacea5-a44f-4c03-8191-96e09d8e4b1a] transferring FlowFile[489,90380301892805.mockFlowFile,13B] to 'success'
[pool-145-thread-1] INFO org.apache.nifi.processors.standard.ControlRate - ControlRate[id=bbeacea5-a44f-4c03-8191-96e09d8e4b1a] transferring FlowFile[490,90380301902404.mockFlowFile,13B] to 'success'
[pool-145-thread-1] INFO org.apache.nifi.processors.standard.ControlRate - ControlRate[id=bbeacea5-a44f-4c03-8191-96e09d8e4b1a] transferring FlowFile[491,90380301912096.mockFlowFile,13B] to 'success'
[pool-145-thread-1] INFO org.apache.nifi.processors.standard.ControlRate - ControlRate[id=bbeacea5-a44f-4c03-8191-96e09d8e4b1a] transferring FlowFile[492,90380301922585.mockFlowFile,13B] to 'success'
[pool-145-thread-1] INFO org.apache.nifi.processors.standard.ControlRate - ControlRate[id=bbeacea5-a44f-4c03-8191-96e09d8e4b1a] transferring FlowFile[493,90380301932241.mockFlowFile,13B] to 'success'
[pool-145-thread-1] INFO org.apache.nifi.processors.standard.ControlRate - ControlRate[id=bbeacea5-a44f-4c03-8191-96e09d8e4b1a] transferring FlowFile[494,90380301941463.mockFlowFile,13B] to 'success'
[pool-145-thread-1] INFO org.apache.nifi.processors.standard.ControlRate - ControlRate[id=bbeacea5-a44f-4c03-8191-96e09d8e4b1a] transferring FlowFile[495,90380301953987.mockFlowFile,13B] to 'success'
[pool-145-thread-1] INFO org.apache.nifi.processors.standard.ControlRate - ControlRate[id=bbeacea5-a44f-4c03-8191-96e09d8e4b1a] transferring FlowFile[496,90380301964044.mockFlowFile,13B] to 'success'
[pool-145-thread-1] INFO org.apache.nifi.processors.standard.ControlRate - ControlRate[id=bbeacea5-a44f-4c03-8191-96e09d8e4b1a] transferring FlowFile[497,90380301973339.mockFlowFile,13B] to 'success'
[pool-145-thread-1] INFO org.apache.nifi.processors.standard.ControlRate - ControlRate[id=bbeacea5-a44f-4c03-8191-96e09d8e4b1a] transferring FlowFile[498,90380301983004.mockFlowFile,13B] to 'success'
[pool-145-thread-1] INFO org.apache.nifi.processors.standard.ControlRate - ControlRate[id=bbeacea5-a44f-4c03-8191-96e09d8e4b1a] transferring FlowFile[499,90380301992047.mockFlowFile,13B] to 'success'
[pool-145-thread-1] INFO org.apache.nifi.processors.standard.ControlRate - ControlRate[id=bbeacea5-a44f-4c03-8191-96e09d8e4b1a] transferring FlowFile[500,90380302001991.mockFlowFile,13B] to 'success'
[pool-145-thread-1] INFO org.apache.nifi.processors.standard.ControlRate - ControlRate[id=bbeacea5-a44f-4c03-8191-96e09d8e4b1a] transferring FlowFile[501,90380302011338.mockFlowFile,13B] to 'success'
[pool-145-thread-1] INFO org.apache.nifi.processors.standard.ControlRate - ControlRate[id=bbeacea5-a44f-4c03-8191-96e09d8e4b1a] transferring FlowFile[502,90380302019633.mockFlowFile,13B] to 'success'
[pool-145-thread-1] INFO org.apache.nifi.processors.standard.ControlRate - ControlRate[id=bbeacea5-a44f-4c03-8191-96e09d8e4b1a] transferring FlowFile[503,90380302033395.mockFlowFile,13B] to 'success'
[pool-145-thread-1] INFO org.apache.nifi.processors.standard.ControlRate - ControlRate[id=bbeacea5-a44f-4c03-8191-96e09d8e4b1a] transferring FlowFile[504,90380302042250.mockFlowFile,13B] to 'success'
[pool-145-thread-1] INFO org.apache.nifi.processors.standard.ControlRate - ControlRate[id=bbeacea5-a44f-4c03-8191-96e09d8e4b1a] transferring FlowFile[505,90380302052330.mockFlowFile,13B] to 'success'
[pool-145-thread-1] INFO org.apache.nifi.processors.standard.ControlRate - ControlRate[id=bbeacea5-a44f-4c03-8191-96e09d8e4b1a] transferring FlowFile[506,90380302061171.mockFlowFile,13B] to 'success'
[pool-145-thread-1] INFO org.apache.nifi.processors.standard.ControlRate - ControlRate[id=bbeacea5-a44f-4c03-8191-96e09d8e4b1a] transferring FlowFile[507,90380302069471.mockFlowFile,13B] to 'success'
[pool-145-thread-1] INFO org.apache.nifi.processors.standard.ControlRate - ControlRate[id=bbeacea5-a44f-4c03-8191-96e09d8e4b1a] transferring FlowFile[508,90380302078112.mockFlowFile,13B] to 'success'
[pool-145-thread-1] INFO org.apache.nifi.processors.standard.ControlRate - ControlRate[id=bbeacea5-a44f-4c03-8191-96e09d8e4b1a] transferring FlowFile[509,90380302086337.mockFlowFile,13B] to 'success'
[pool-145-thread-1] INFO org.apache.nifi.processors.standard.ControlRate - ControlRate[id=bbeacea5-a44f-4c03-8191-96e09d8e4b1a] transferring FlowFile[510,90380302095158.mockFlowFile,13B] to 'success'
[pool-145-thread-1] INFO org.apache.nifi.processors.standard.ControlRate - ControlRate[id=bbeacea5-a44f-4c03-8191-96e09d8e4b1a] transferring FlowFile[511,90380302106450.mockFlowFile,13B] to 'success'
[pool-145-thread-1] INFO org.apache.nifi.processors.standard.ControlRate - ControlRate[id=bbeacea5-a44f-4c03-8191-96e09d8e4b1a] transferring FlowFile[512,90380302114970.mockFlowFile,13B] to 'success'
[pool-145-thread-1] INFO org.apache.nifi.processors.standard.ControlRate - ControlRate[id=bbeacea5-a44f-4c03-8191-96e09d8e4b1a] transferring FlowFile[513,90380302124571.mockFlowFile,13B] to 'success'
[pool-145-thread-1] INFO org.apache.nifi.processors.standard.ControlRate - ControlRate[id=bbeacea5-a44f-4c03-8191-96e09d8e4b1a] transferring FlowFile[514,90380302132917.mockFlowFile,13B] to 'success'
[pool-145-thread-1] INFO org.apache.nifi.processors.standard.ControlRate - ControlRate[id=bbeacea5-a44f-4c03-8191-96e09d8e4b1a] transferring FlowFile[515,90380302141523.mockFlowFile,13B] to 'success'
[pool-145-thread-1] INFO org.apache.nifi.processors.standard.ControlRate - ControlRate[id=bbeacea5-a44f-4c03-8191-96e09d8e4b1a] transferring FlowFile[516,90380302150083.mockFlowFile,13B] to 'success'
[pool-145-thread-1] INFO org.apache.nifi.processors.standard.ControlRate - ControlRate[id=bbeacea5-a44f-4c03-8191-96e09d8e4b1a] transferring FlowFile[517,90380302158598.mockFlowFile,13B] to 'success'
[pool-145-thread-1] INFO org.apache.nifi.processors.standard.ControlRate - ControlRate[id=bbeacea5-a44f-4c03-8191-96e09d8e4b1a] transferring FlowFile[518,90380302167248.mockFlowFile,13B] to 'success'
[pool-145-thread-1] INFO org.apache.nifi.processors.standard.ControlRate - ControlRate[id=bbeacea5-a44f-4c03-8191-96e09d8e4b1a] transferring FlowFile[519,90380302178270.mockFlowFile,13B] to 'success'
[pool-145-thread-1] INFO org.apache.nifi.processors.standard.ControlRate - ControlRate[id=bbeacea5-a44f-4c03-8191-96e09d8e4b1a] transferring FlowFile[520,90380302187091.mockFlowFile,13B] to 'success'
[pool-145-thread-1] INFO org.apache.nifi.processors.standard.ControlRate - ControlRate[id=bbeacea5-a44f-4c03-8191-96e09d8e4b1a] transferring FlowFile[521,90380302201219.mockFlowFile,13B] to 'success'
[pool-145-thread-1] INFO org.apache.nifi.processors.standard.ControlRate - ControlRate[id=bbeacea5-a44f-4c03-8191-96e09d8e4b1a] transferring FlowFile[522,90380302209615.mockFlowFile,13B] to 'success'
[pool-145-thread-1] INFO org.apache.nifi.processors.standard.ControlRate - ControlRate[id=bbeacea5-a44f-4c03-8191-96e09d8e4b1a] transferring FlowFile[523,90380302218327.mockFlowFile,13B] to 'success'
[pool-145-thread-1] INFO org.apache.nifi.processors.standard.ControlRate - ControlRate[id=bbeacea5-a44f-4c03-8191-96e09d8e4b1a] transferring FlowFile[524,90380302226727.mockFlowFile,13B] to 'success'
[pool-145-thread-1] INFO org.apache.nifi.processors.standard.ControlRate - ControlRate[id=bbeacea5-a44f-4c03-8191-96e09d8e4b1a] transferring FlowFile[525,90380302235569.mockFlowFile,13B] to 'success'
[pool-145-thread-1] INFO org.apache.nifi.processors.standard.ControlRate - ControlRate[id=bbeacea5-a44f-4c03-8191-96e09d8e4b1a] transferring FlowFile[526,90380302244091.mockFlowFile,13B] to 'success'
[pool-145-thread-1] INFO org.apache.nifi.processors.standard.ControlRate - ControlRate[id=bbeacea5-a44f-4c03-8191-96e09d8e4b1a] transferring FlowFile[527,90380302255325.mockFlowFile,13B] to 'success'
[pool-145-thread-1] INFO org.apache.nifi.processors.standard.ControlRate - ControlRate[id=bbeacea5-a44f-4c03-8191-96e09d8e4b1a] transferring FlowFile[528,90380302264433.mockFlowFile,13B] to 'success'
[pool-145-thread-1] INFO org.apache.nifi.processors.standard.ControlRate - ControlRate[id=bbeacea5-a44f-4c03-8191-96e09d8e4b1a] transferring FlowFile[529,90380302272493.mockFlowFile,13B] to 'success'
[pool-145-thread-1] INFO org.apache.nifi.processors.standard.ControlRate - ControlRate[id=bbeacea5-a44f-4c03-8191-96e09d8e4b1a] transferring FlowFile[530,90380302281191.mockFlowFile,13B] to 'success'
[pool-145-thread-1] INFO org.apache.nifi.processors.standard.ControlRate - ControlRate[id=bbeacea5-a44f-4c03-8191-96e09d8e4b1a] transferring FlowFile[531,90380302289996.mockFlowFile,13B] to 'success'
[pool-145-thread-1] INFO org.apache.nifi.processors.standard.ControlRate - ControlRate[id=bbeacea5-a44f-4c03-8191-96e09d8e4b1a] transferring FlowFile[532,90380302298241.mockFlowFile,13B] to 'success'
[pool-145-thread-1] INFO org.apache.nifi.processors.standard.ControlRate - ControlRate[id=bbeacea5-a44f-4c03-8191-96e09d8e4b1a] transferring FlowFile[533,90380302306895.mockFlowFile,13B] to 'success'
[pool-145-thread-1] INFO org.apache.nifi.processors.standard.ControlRate - ControlRate[id=bbeacea5-a44f-4c03-8191-96e09d8e4b1a] transferring FlowFile[534,90380302317756.mockFlowFile,13B] to 'success'
[pool-145-thread-1] INFO org.apache.nifi.processors.standard.ControlRate - ControlRate[id=bbeacea5-a44f-4c03-8191-96e09d8e4b1a] transferring FlowFile[535,90380302329404.mockFlowFile,13B] to 'success'
[pool-145-thread-1] INFO org.apache.nifi.processors.standard.ControlRate - ControlRate[id=bbeacea5-a44f-4c03-8191-96e09d8e4b1a] transferring FlowFile[536,90380302338469.mockFlowFile,13B] to 'success'
[pool-145-thread-1] INFO org.apache.nifi.processors.standard.ControlRate - ControlRate[id=bbeacea5-a44f-4c03-8191-96e09d8e4b1a] transferring FlowFile[537,90380302346740.mockFlowFile,13B] to 'success'
[pool-145-thread-1] INFO org.apache.nifi.processors.standard.ControlRate - ControlRate[id=bbeacea5-a44f-4c03-8191-96e09d8e4b1a] transferring FlowFile[538,90380302355541.mockFlowFile,13B] to 'success'
[pool-145-thread-1] INFO org.apache.nifi.processors.standard.ControlRate - ControlRate[id=bbeacea5-a44f-4c03-8191-96e09d8e4b1a] transferring FlowFile[539,90380302363713.mockFlowFile,13B] to 'success'
[pool-145-thread-1] INFO org.apache.nifi.processors.standard.ControlRate - ControlRate[id=bbeacea5-a44f-4c03-8191-96e09d8e4b1a] transferring FlowFile[540,90380302372724.mockFlowFile,13B] to 'success'
[pool-145-thread-1] INFO org.apache.nifi.processors.standard.ControlRate - ControlRate[id=bbeacea5-a44f-4c03-8191-96e09d8e4b1a] transferring FlowFile[541,90380302382991.mockFlowFile,13B] to 'success'
[pool-145-thread-1] INFO org.apache.nifi.processors.standard.ControlRate - ControlRate[id=bbeacea5-a44f-4c03-8191-96e09d8e4b1a] transferring FlowFile[542,90380302394149.mockFlowFile,13B] to 'success'
[pool-145-thread-1] INFO org.apache.nifi.processors.standard.ControlRate - ControlRate[id=bbeacea5-a44f-4c03-8191-96e09d8e4b1a] transferring FlowFile[543,90380302405851.mockFlowFile,13B] to 'success'
[pool-145-thread-1] INFO org.apache.nifi.processors.standard.ControlRate - ControlRate[id=bbeacea5-a44f-4c03-8191-96e09d8e4b1a] transferring FlowFile[544,90380302414349.mockFlowFile,13B] to 'success'
[pool-145-thread-1] INFO org.apache.nifi.processors.standard.ControlRate - ControlRate[id=bbeacea5-a44f-4c03-8191-96e09d8e4b1a] transferring FlowFile[545,90380302422997.mockFlowFile,13B] to 'success'
[pool-145-thread-1] INFO org.apache.nifi.processors.standard.ControlRate - ControlRate[id=bbeacea5-a44f-4c03-8191-96e09d8e4b1a] transferring FlowFile[546,90380302431714.mockFlowFile,13B] to 'success'
[pool-145-thread-1] INFO org.apache.nifi.processors.standard.ControlRate - ControlRate[id=bbeacea5-a44f-4c03-8191-96e09d8e4b1a] transferring FlowFile[547,90380302440633.mockFlowFile,13B] to 'success'
[pool-145-thread-1] INFO org.apache.nifi.processors.standard.ControlRate - ControlRate[id=bbeacea5-a44f-4c03-8191-96e09d8e4b1a] transferring FlowFile[548,90380302449394.mockFlowFile,13B] to 'success'
[pool-145-thread-1] INFO org.apache.nifi.processors.standard.ControlRate - ControlRate[id=bbeacea5-a44f-4c03-8191-96e09d8e4b1a] transferring FlowFile[549,90380302457531.mockFlowFile,13B] to 'success'
[pool-145-thread-1] INFO org.apache.nifi.processors.standard.ControlRate - ControlRate[id=bbeacea5-a44f-4c03-8191-96e09d8e4b1a] transferring FlowFile[550,90380302466514.mockFlowFile,13B] to 'success'
[pool-145-thread-1] INFO org.apache.nifi.processors.standard.ControlRate - ControlRate[id=bbeacea5-a44f-4c03-8191-96e09d8e4b1a] transferring FlowFile[551,90380302477648.mockFlowFile,13B] to 'success'
[pool-145-thread-1] INFO org.apache.nifi.processors.standard.ControlRate - ControlRate[id=bbeacea5-a44f-4c03-8191-96e09d8e4b1a] transferring FlowFile[552,90380302486237.mockFlowFile,13B] to 'success'
[pool-145-thread-1] INFO org.apache.nifi.processors.standard.ControlRate - ControlRate[id=bbeacea5-a44f-4c03-8191-96e09d8e4b1a] transferring FlowFile[553,90380302495180.mockFlowFile,13B] to 'success'
[pool-145-thread-1] INFO org.apache.nifi.processors.standard.ControlRate - ControlRate[id=bbeacea5-a44f-4c03-8191-96e09d8e4b1a] transferring FlowFile[554,90380302503212.mockFlowFile,13B] to 'success'
[pool-145-thread-1] INFO org.apache.nifi.processors.standard.ControlRate - ControlRate[id=bbeacea5-a44f-4c03-8191-96e09d8e4b1a] transferring FlowFile[555,90380302511795.mockFlowFile,13B] to 'success'
[pool-145-thread-1] INFO org.apache.nifi.processors.standard.ControlRate - ControlRate[id=bbeacea5-a44f-4c03-8191-96e09d8e4b1a] transferring FlowFile[556,90380302520595.mockFlowFile,13B] to 'success'
[pool-145-thread-1] INFO org.apache.nifi.processors.standard.ControlRate - ControlRate[id=bbeacea5-a44f-4c03-8191-96e09d8e4b1a] transferring FlowFile[557,90380302528650.mockFlowFile,13B] to 'success'
[pool-145-thread-1] INFO org.apache.nifi.processors.standard.ControlRate - ControlRate[id=bbeacea5-a44f-4c03-8191-96e09d8e4b1a] transferring FlowFile[558,90380302537413.mockFlowFile,13B] to 'success'
[pool-145-thread-1] INFO org.apache.nifi.processors.standard.ControlRate - ControlRate[id=bbeacea5-a44f-4c03-8191-96e09d8e4b1a] transferring FlowFile[559,90380302548189.mockFlowFile,13B] to 'success'
[pool-145-thread-1] INFO org.apache.nifi.processors.standard.ControlRate - ControlRate[id=bbeacea5-a44f-4c03-8191-96e09d8e4b1a] transferring FlowFile[560,90380302557161.mockFlowFile,13B] to 'success'
[pool-145-thread-1] INFO org.apache.nifi.processors.standard.ControlRate - ControlRate[id=bbeacea5-a44f-4c03-8191-96e09d8e4b1a] transferring FlowFile[561,90380302565840.mockFlowFile,13B] to 'success'
[pool-145-thread-1] INFO org.apache.nifi.processors.standard.ControlRate - ControlRate[id=bbeacea5-a44f-4c03-8191-96e09d8e4b1a] transferring FlowFile[562,90380302573871.mockFlowFile,13B] to 'success'
[pool-145-thread-1] INFO org.apache.nifi.processors.standard.ControlRate - ControlRate[id=bbeacea5-a44f-4c03-8191-96e09d8e4b1a] transferring FlowFile[563,90380302582496.mockFlowFile,13B] to 'success'
[pool-145-thread-1] INFO org.apache.nifi.processors.standard.ControlRate - ControlRate[id=bbeacea5-a44f-4c03-8191-96e09d8e4b1a] transferring FlowFile[564,90380302590815.mockFlowFile,13B] to 'success'
[pool-145-thread-1] INFO org.apache.nifi.processors.standard.ControlRate - ControlRate[id=bbeacea5-a44f-4c03-8191-96e09d8e4b1a] transferring FlowFile[565,90380302601849.mockFlowFile,13B] to 'success'
[pool-145-thread-1] INFO org.apache.nifi.processors.standard.ControlRate - ControlRate[id=bbeacea5-a44f-4c03-8191-96e09d8e4b1a] transferring FlowFile[566,90380302610465.mockFlowFile,13B] to 'success'
[pool-145-thread-1] INFO org.apache.nifi.processors.standard.ControlRate - ControlRate[id=bbeacea5-a44f-4c03-8191-96e09d8e4b1a] transferring FlowFile[567,90380302621194.mockFlowFile,13B] to 'success'
[pool-145-thread-1] INFO org.apache.nifi.processors.standard.ControlRate - ControlRate[id=bbeacea5-a44f-4c03-8191-96e09d8e4b1a] transferring FlowFile[568,90380302630389.mockFlowFile,13B] to 'success'
[pool-145-thread-1] INFO org.apache.nifi.processors.standard.ControlRate - ControlRate[id=bbeacea5-a44f-4c03-8191-96e09d8e4b1a] transferring FlowFile[569,90380302638507.mockFlowFile,13B] to 'success'
[pool-145-thread-1] INFO org.apache.nifi.processors.standard.ControlRate - ControlRate[id=bbeacea5-a44f-4c03-8191-96e09d8e4b1a] transferring FlowFile[570,90380302647009.mockFlowFile,13B] to 'success'
[pool-145-thread-1] INFO org.apache.nifi.processors.standard.ControlRate - ControlRate[id=bbeacea5-a44f-4c03-8191-96e09d8e4b1a] transferring FlowFile[571,90380302656136.mockFlowFile,13B] to 'success'
[pool-145-thread-1] INFO org.apache.nifi.processors.standard.ControlRate - ControlRate[id=bbeacea5-a44f-4c03-8191-96e09d8e4b1a] transferring FlowFile[572,90380302664441.mockFlowFile,13B] to 'success'
[pool-145-thread-1] INFO org.apache.nifi.processors.standard.ControlRate - ControlRate[id=bbeacea5-a44f-4c03-8191-96e09d8e4b1a] transferring FlowFile[573,90380302673264.mockFlowFile,13B] to 'success'
[pool-145-thread-1] INFO org.apache.nifi.processors.standard.ControlRate - ControlRate[id=bbeacea5-a44f-4c03-8191-96e09d8e4b1a] transferring FlowFile[574,90380302681796.mockFlowFile,13B] to 'success'
[pool-145-thread-1] INFO org.apache.nifi.processors.standard.ControlRate - ControlRate[id=bbeacea5-a44f-4c03-8191-96e09d8e4b1a] transferring FlowFile[575,90380302693061.mockFlowFile,13B] to 'success'
[pool-145-thread-1] INFO org.apache.nifi.processors.standard.ControlRate - ControlRate[id=bbeacea5-a44f-4c03-8191-96e09d8e4b1a] transferring FlowFile[576,90380302703742.mockFlowFile,13B] to 'success'
[pool-145-thread-1] INFO org.apache.nifi.processors.standard.ControlRate - ControlRate[id=bbeacea5-a44f-4c03-8191-96e09d8e4b1a] transferring FlowFile[577,90380302712036.mockFlowFile,13B] to 'success'
[pool-145-thread-1] INFO org.apache.nifi.processors.standard.ControlRate - ControlRate[id=bbeacea5-a44f-4c03-8191-96e09d8e4b1a] transferring FlowFile[578,90380302721958.mockFlowFile,13B] to 'success'
[pool-145-thread-1] INFO org.apache.nifi.processors.standard.ControlRate - ControlRate[id=bbeacea5-a44f-4c03-8191-96e09d8e4b1a] transferring FlowFile[579,90380302731598.mockFlowFile,13B] to 'success'
[pool-145-thread-1] INFO org.apache.nifi.processors.standard.ControlRate - ControlRate[id=bbeacea5-a44f-4c03-8191-96e09d8e4b1a] transferring FlowFile[580,90380302740623.mockFlowFile,13B] to 'success'
[pool-145-thread-1] INFO org.apache.nifi.processors.standard.ControlRate - ControlRate[id=bbeacea5-a44f-4c03-8191-96e09d8e4b1a] transferring FlowFile[581,90380302749548.mockFlowFile,13B] to 'success'
[pool-145-thread-1] INFO org.apache.nifi.processors.standard.ControlRate - ControlRate[id=bbeacea5-a44f-4c03-8191-96e09d8e4b1a] transferring FlowFile[582,90380302757744.mockFlowFile,13B] to 'success'
[pool-145-thread-1] INFO org.apache.nifi.processors.standard.ControlRate - ControlRate[id=bbeacea5-a44f-4c03-8191-96e09d8e4b1a] transferring FlowFile[583,90380302771364.mockFlowFile,13B] to 'success'
[pool-145-thread-1] INFO org.apache.nifi.processors.standard.ControlRate - ControlRate[id=bbeacea5-a44f-4c03-8191-96e09d8e4b1a] transferring FlowFile[584,90380302779726.mockFlowFile,13B] to 'success'
[pool-145-thread-1] INFO org.apache.nifi.processors.standard.ControlRate - ControlRate[id=bbeacea5-a44f-4c03-8191-96e09d8e4b1a] transferring FlowFile[585,90380302788831.mockFlowFile,13B] to 'success'
[pool-145-thread-1] INFO org.apache.nifi.processors.standard.ControlRate - ControlRate[id=bbeacea5-a44f-4c03-8191-96e09d8e4b1a] transferring FlowFile[586,90380302797833.mockFlowFile,13B] to 'success'
[pool-145-thread-1] INFO org.apache.nifi.processors.standard.ControlRate - ControlRate[id=bbeacea5-a44f-4c03-8191-96e09d8e4b1a] transferring FlowFile[587,90380302806054.mockFlowFile,13B] to 'success'
[pool-145-thread-1] INFO org.apache.nifi.processors.standard.ControlRate - ControlRate[id=bbeacea5-a44f-4c03-8191-96e09d8e4b1a] transferring FlowFile[588,90380302814670.mockFlowFile,13B] to 'success'
[pool-145-thread-1] INFO org.apache.nifi.processors.standard.ControlRate - ControlRate[id=bbeacea5-a44f-4c03-8191-96e09d8e4b1a] transferring FlowFile[589,90380302822901.mockFlowFile,13B] to 'success'
[pool-145-thread-1] INFO org.apache.nifi.processors.standard.ControlRate - ControlRate[id=bbeacea5-a44f-4c03-8191-96e09d8e4b1a] transferring FlowFile[590,90380302831741.mockFlowFile,13B] to 'success'
[pool-145-thread-1] INFO org.apache.nifi.processors.standard.ControlRate - ControlRate[id=bbeacea5-a44f-4c03-8191-96e09d8e4b1a] transferring FlowFile[591,90380302843001.mockFlowFile,13B] to 'success'
[pool-145-thread-1] INFO org.apache.nifi.processors.standard.ControlRate - ControlRate[id=bbeacea5-a44f-4c03-8191-96e09d8e4b1a] transferring FlowFile[592,90380302851587.mockFlowFile,13B] to 'success'
[pool-145-thread-1] INFO org.apache.nifi.processors.standard.ControlRate - ControlRate[id=bbeacea5-a44f-4c03-8191-96e09d8e4b1a] transferring FlowFile[593,90380302860123.mockFlowFile,13B] to 'success'
[pool-145-thread-1] INFO org.apache.nifi.processors.standard.ControlRate - ControlRate[id=bbeacea5-a44f-4c03-8191-96e09d8e4b1a] transferring FlowFile[594,90380302869584.mockFlowFile,13B] to 'success'
[pool-145-thread-1] INFO org.apache.nifi.processors.standard.ControlRate - ControlRate[id=bbeacea5-a44f-4c03-8191-96e09d8e4b1a] transferring FlowFile[595,90380302878667.mockFlowFile,13B] to 'success'
[pool-145-thread-1] INFO org.apache.nifi.processors.standard.ControlRate - ControlRate[id=bbeacea5-a44f-4c03-8191-96e09d8e4b1a] transferring FlowFile[596,90380303033470.mockFlowFile,13B] to 'success'
[pool-145-thread-1] INFO org.apache.nifi.processors.standard.ControlRate - ControlRate[id=bbeacea5-a44f-4c03-8191-96e09d8e4b1a] transferring FlowFile[597,90380303047726.mockFlowFile,13B] to 'success'
[pool-145-thread-1] INFO org.apache.nifi.processors.standard.ControlRate - ControlRate[id=bbeacea5-a44f-4c03-8191-96e09d8e4b1a] transferring FlowFile[598,90380303107669.mockFlowFile,13B] to 'success'
[pool-145-thread-1] INFO org.apache.nifi.processors.standard.ControlRate - ControlRate[id=bbeacea5-a44f-4c03-8191-96e09d8e4b1a] transferring FlowFile[599,90380303122891.mockFlowFile,13B] to 'success'
[pool-145-thread-1] INFO org.apache.nifi.processors.standard.ControlRate - ControlRate[id=bbeacea5-a44f-4c03-8191-96e09d8e4b1a] transferring FlowFile[600,90380303133071.mockFlowFile,13B] to 'success'
[pool-145-thread-1] INFO org.apache.nifi.processors.standard.ControlRate - ControlRate[id=bbeacea5-a44f-4c03-8191-96e09d8e4b1a] transferring FlowFile[601,90380303141498.mockFlowFile,13B] to 'success'
[pool-145-thread-1] INFO org.apache.nifi.processors.standard.ControlRate - ControlRate[id=bbeacea5-a44f-4c03-8191-96e09d8e4b1a] transferring FlowFile[602,90380303150626.mockFlowFile,13B] to 'success'
[pool-145-thread-1] INFO org.apache.nifi.processors.standard.ControlRate - ControlRate[id=bbeacea5-a44f-4c03-8191-96e09d8e4b1a] transferring FlowFile[603,90380303159604.mockFlowFile,13B] to 'success'
[pool-145-thread-1] INFO org.apache.nifi.processors.standard.ControlRate - ControlRate[id=bbeacea5-a44f-4c03-8191-96e09d8e4b1a] transferring FlowFile[604,90380303168817.mockFlowFile,13B] to 'success'
[pool-145-thread-1] INFO org.apache.nifi.processors.standard.ControlRate - ControlRate[id=bbeacea5-a44f-4c03-8191-96e09d8e4b1a] transferring FlowFile[605,90380303177070.mockFlowFile,13B] to 'success'
[pool-145-thread-1] INFO org.apache.nifi.processors.standard.ControlRate - ControlRate[id=bbeacea5-a44f-4c03-8191-96e09d8e4b1a] transferring FlowFile[606,90380303184979.mockFlowFile,13B] to 'success'
[pool-145-thread-1] INFO org.apache.nifi.processors.standard.ControlRate - ControlRate[id=bbeacea5-a44f-4c03-8191-96e09d8e4b1a] transferring FlowFile[607,90380303195471.mockFlowFile,13B] to 'success'
[pool-145-thread-1] INFO org.apache.nifi.processors.standard.ControlRate - ControlRate[id=bbeacea5-a44f-4c03-8191-96e09d8e4b1a] transferring FlowFile[608,90380303205834.mockFlowFile,13B] to 'success'
[pool-145-thread-1] INFO org.apache.nifi.processors.standard.ControlRate - ControlRate[id=bbeacea5-a44f-4c03-8191-96e09d8e4b1a] transferring FlowFile[609,90380303213707.mockFlowFile,13B] to 'success'
[pool-145-thread-1] INFO org.apache.nifi.processors.standard.ControlRate - ControlRate[id=bbeacea5-a44f-4c03-8191-96e09d8e4b1a] transferring FlowFile[610,90380303222553.mockFlowFile,13B] to 'success'
[pool-145-thread-1] INFO org.apache.nifi.processors.standard.ControlRate - ControlRate[id=bbeacea5-a44f-4c03-8191-96e09d8e4b1a] transferring FlowFile[611,90380303230724.mockFlowFile,13B] to 'success'
[pool-145-thread-1] INFO org.apache.nifi.processors.standard.ControlRate - ControlRate[id=bbeacea5-a44f-4c03-8191-96e09d8e4b1a] transferring FlowFile[612,90380303238161.mockFlowFile,13B] to 'success'
[pool-145-thread-1] INFO org.apache.nifi.processors.standard.ControlRate - ControlRate[id=bbeacea5-a44f-4c03-8191-96e09d8e4b1a] transferring FlowFile[613,90380303247064.mockFlowFile,13B] to 'success'
[pool-145-thread-1] INFO org.apache.nifi.processors.standard.ControlRate - ControlRate[id=bbeacea5-a44f-4c03-8191-96e09d8e4b1a] transferring FlowFile[614,90380303255653.mockFlowFile,13B] to 'success'
[pool-145-thread-1] INFO org.apache.nifi.processors.standard.ControlRate - ControlRate[id=bbeacea5-a44f-4c03-8191-96e09d8e4b1a] transferring FlowFile[615,90380303266471.mockFlowFile,13B] to 'success'
[pool-145-thread-1] INFO org.apache.nifi.processors.standard.ControlRate - ControlRate[id=bbeacea5-a44f-4c03-8191-96e09d8e4b1a] transferring FlowFile[616,90380303275734.mockFlowFile,13B] to 'success'
[pool-145-thread-1] INFO org.apache.nifi.processors.standard.ControlRate - ControlRate[id=bbeacea5-a44f-4c03-8191-96e09d8e4b1a] transferring FlowFile[617,90380303283680.mockFlowFile,13B] to 'success'
[pool-145-thread-1] INFO org.apache.nifi.processors.standard.ControlRate - ControlRate[id=bbeacea5-a44f-4c03-8191-96e09d8e4b1a] transferring FlowFile[618,90380303291731.mockFlowFile,13B] to 'success'
[pool-145-thread-1] INFO org.apache.nifi.processors.standard.ControlRate - ControlRate[id=bbeacea5-a44f-4c03-8191-96e09d8e4b1a] transferring FlowFile[619,90380303299149.mockFlowFile,13B] to 'success'
[pool-145-thread-1] INFO org.apache.nifi.processors.standard.ControlRate - ControlRate[id=bbeacea5-a44f-4c03-8191-96e09d8e4b1a] transferring FlowFile[620,90380303307394.mockFlowFile,13B] to 'success'
[pool-145-thread-1] INFO org.apache.nifi.processors.standard.ControlRate - ControlRate[id=bbeacea5-a44f-4c03-8191-96e09d8e4b1a] transferring FlowFile[621,90380303315214.mockFlowFile,13B] to 'success'
[pool-145-thread-1] INFO org.apache.nifi.processors.standard.ControlRate - ControlRate[id=bbeacea5-a44f-4c03-8191-96e09d8e4b1a] transferring FlowFile[622,90380303322622.mockFlowFile,13B] to 'success'
[pool-145-thread-1] INFO org.apache.nifi.processors.standard.ControlRate - ControlRate[id=bbeacea5-a44f-4c03-8191-96e09d8e4b1a] transferring FlowFile[623,90380303333416.mockFlowFile,13B] to 'success'
[pool-145-thread-1] INFO org.apache.nifi.processors.standard.ControlRate - ControlRate[id=bbeacea5-a44f-4c03-8191-96e09d8e4b1a] transferring FlowFile[624,90380303341109.mockFlowFile,13B] to 'success'
[pool-145-thread-1] INFO org.apache.nifi.processors.standard.ControlRate - ControlRate[id=bbeacea5-a44f-4c03-8191-96e09d8e4b1a] transferring FlowFile[625,90380303349109.mockFlowFile,13B] to 'success'
[pool-145-thread-1] INFO org.apache.nifi.processors.standard.ControlRate - ControlRate[id=bbeacea5-a44f-4c03-8191-96e09d8e4b1a] transferring FlowFile[626,90380303357039.mockFlowFile,13B] to 'success'
[pool-145-thread-1] INFO org.apache.nifi.processors.standard.ControlRate - ControlRate[id=bbeacea5-a44f-4c03-8191-96e09d8e4b1a] transferring FlowFile[627,90380303364362.mockFlowFile,13B] to 'success'
[pool-145-thread-1] INFO org.apache.nifi.processors.standard.ControlRate - ControlRate[id=bbeacea5-a44f-4c03-8191-96e09d8e4b1a] transferring FlowFile[628,90380303372238.mockFlowFile,13B] to 'success'
[pool-145-thread-1] INFO org.apache.nifi.processors.standard.ControlRate - ControlRate[id=bbeacea5-a44f-4c03-8191-96e09d8e4b1a] transferring FlowFile[629,90380303379723.mockFlowFile,13B] to 'success'
[pool-145-thread-1] INFO org.apache.nifi.processors.standard.ControlRate - ControlRate[id=bbeacea5-a44f-4c03-8191-96e09d8e4b1a] transferring FlowFile[630,90380303387680.mockFlowFile,13B] to 'success'
[pool-145-thread-1] INFO org.apache.nifi.processors.standard.ControlRate - ControlRate[id=bbeacea5-a44f-4c03-8191-96e09d8e4b1a] transferring FlowFile[631,90380303398484.mockFlowFile,13B] to 'success'
[pool-145-thread-1] INFO org.apache.nifi.processors.standard.ControlRate - ControlRate[id=bbeacea5-a44f-4c03-8191-96e09d8e4b1a] transferring FlowFile[632,90380303406524.mockFlowFile,13B] to 'success'
[pool-145-thread-1] INFO org.apache.nifi.processors.standard.ControlRate - ControlRate[id=bbeacea5-a44f-4c03-8191-96e09d8e4b1a] transferring FlowFile[633,90380303414450.mockFlowFile,13B] to 'success'
[pool-145-thread-1] INFO org.apache.nifi.processors.standard.ControlRate - ControlRate[id=bbeacea5-a44f-4c03-8191-96e09d8e4b1a] transferring FlowFile[634,90380303421863.mockFlowFile,13B] to 'success'
[pool-145-thread-1] INFO org.apache.nifi.processors.standard.ControlRate - ControlRate[id=bbeacea5-a44f-4c03-8191-96e09d8e4b1a] transferring FlowFile[635,90380303429846.mockFlowFile,13B] to 'success'
[pool-145-thread-1] INFO org.apache.nifi.processors.standard.ControlRate - ControlRate[id=bbeacea5-a44f-4c03-8191-96e09d8e4b1a] transferring FlowFile[636,90380303437860.mockFlowFile,13B] to 'success'
[pool-145-thread-1] INFO org.apache.nifi.processors.standard.ControlRate - ControlRate[id=bbeacea5-a44f-4c03-8191-96e09d8e4b1a] transferring FlowFile[637,90380303445445.mockFlowFile,13B] to 'success'
[pool-145-thread-1] INFO org.apache.nifi.processors.standard.ControlRate - ControlRate[id=bbeacea5-a44f-4c03-8191-96e09d8e4b1a] transferring FlowFile[638,90380303453500.mockFlowFile,13B] to 'success'
[pool-145-thread-1] INFO org.apache.nifi.processors.standard.ControlRate - ControlRate[id=bbeacea5-a44f-4c03-8191-96e09d8e4b1a] transferring FlowFile[639,90380303463320.mockFlowFile,13B] to 'success'
[pool-145-thread-1] INFO org.apache.nifi.processors.standard.ControlRate - ControlRate[id=bbeacea5-a44f-4c03-8191-96e09d8e4b1a] transferring FlowFile[640,90380303471595.mockFlowFile,13B] to 'success'
[pool-145-thread-1] INFO org.apache.nifi.processors.standard.ControlRate - ControlRate[id=bbeacea5-a44f-4c03-8191-96e09d8e4b1a] transferring FlowFile[641,90380303479689.mockFlowFile,13B] to 'success'
[pool-145-thread-1] INFO org.apache.nifi.processors.standard.ControlRate - ControlRate[id=bbeacea5-a44f-4c03-8191-96e09d8e4b1a] transferring FlowFile[642,90380303487367.mockFlowFile,13B] to 'success'
[pool-145-thread-1] INFO org.apache.nifi.processors.standard.ControlRate - ControlRate[id=bbeacea5-a44f-4c03-8191-96e09d8e4b1a] transferring FlowFile[643,90380303495256.mockFlowFile,13B] to 'success'
[pool-145-thread-1] INFO org.apache.nifi.processors.standard.ControlRate - ControlRate[id=bbeacea5-a44f-4c03-8191-96e09d8e4b1a] transferring FlowFile[644,90380303502912.mockFlowFile,13B] to 'success'
[pool-145-thread-1] INFO org.apache.nifi.processors.standard.ControlRate - ControlRate[id=bbeacea5-a44f-4c03-8191-96e09d8e4b1a] transferring FlowFile[645,90380303512730.mockFlowFile,13B] to 'success'
[pool-145-thread-1] INFO org.apache.nifi.processors.standard.ControlRate - ControlRate[id=bbeacea5-a44f-4c03-8191-96e09d8e4b1a] transferring FlowFile[646,90380303522112.mockFlowFile,13B] to 'success'
[pool-145-thread-1] INFO org.apache.nifi.processors.standard.ControlRate - ControlRate[id=bbeacea5-a44f-4c03-8191-96e09d8e4b1a] transferring FlowFile[647,90380303532552.mockFlowFile,13B] to 'success'
[pool-145-thread-1] INFO org.apache.nifi.processors.standard.ControlRate - ControlRate[id=bbeacea5-a44f-4c03-8191-96e09d8e4b1a] transferring FlowFile[648,90380303540871.mockFlowFile,13B] to 'success'
[pool-145-thread-1] INFO org.apache.nifi.processors.standard.ControlRate - ControlRate[id=bbeacea5-a44f-4c03-8191-96e09d8e4b1a] transferring FlowFile[649,90380303548506.mockFlowFile,13B] to 'success'
[pool-145-thread-1] INFO org.apache.nifi.processors.standard.ControlRate - ControlRate[id=bbeacea5-a44f-4c03-8191-96e09d8e4b1a] transferring FlowFile[650,90380303556725.mockFlowFile,13B] to 'success'
[pool-145-thread-1] INFO org.apache.nifi.processors.standard.ControlRate - ControlRate[id=bbeacea5-a44f-4c03-8191-96e09d8e4b1a] transferring FlowFile[651,90380303565479.mockFlowFile,13B] to 'success'
[pool-145-thread-1] INFO org.apache.nifi.processors.standard.ControlRate - ControlRate[id=bbeacea5-a44f-4c03-8191-96e09d8e4b1a] transferring FlowFile[652,90380303573024.mockFlowFile,13B] to 'success'
[pool-145-thread-1] INFO org.apache.nifi.processors.standard.ControlRate - ControlRate[id=bbeacea5-a44f-4c03-8191-96e09d8e4b1a] transferring FlowFile[653,90380303581304.mockFlowFile,13B] to 'success'
[pool-145-thread-1] INFO org.apache.nifi.processors.standard.ControlRate - ControlRate[id=bbeacea5-a44f-4c03-8191-96e09d8e4b1a] transferring FlowFile[654,90380303588780.mockFlowFile,13B] to 'success'
[pool-145-thread-1] INFO org.apache.nifi.processors.standard.ControlRate - ControlRate[id=bbeacea5-a44f-4c03-8191-96e09d8e4b1a] transferring FlowFile[655,90380303599412.mockFlowFile,13B] to 'success'
[pool-145-thread-1] INFO org.apache.nifi.processors.standard.ControlRate - ControlRate[id=bbeacea5-a44f-4c03-8191-96e09d8e4b1a] transferring FlowFile[656,90380303607650.mockFlowFile,13B] to 'success'
[pool-145-thread-1] INFO org.apache.nifi.processors.standard.ControlRate - ControlRate[id=bbeacea5-a44f-4c03-8191-96e09d8e4b1a] transferring FlowFile[657,90380303615103.mockFlowFile,13B] to 'success'
[pool-145-thread-1] INFO org.apache.nifi.processors.standard.ControlRate - ControlRate[id=bbeacea5-a44f-4c03-8191-96e09d8e4b1a] transferring FlowFile[658,90380303623077.mockFlowFile,13B] to 'success'
[pool-145-thread-1] INFO org.apache.nifi.processors.standard.ControlRate - ControlRate[id=bbeacea5-a44f-4c03-8191-96e09d8e4b1a] transferring FlowFile[659,90380303630405.mockFlowFile,13B] to 'success'
[pool-145-thread-1] INFO org.apache.nifi.processors.standard.ControlRate - ControlRate[id=bbeacea5-a44f-4c03-8191-96e09d8e4b1a] transferring FlowFile[660,90380303638342.mockFlowFile,13B] to 'success'
[pool-145-thread-1] INFO org.apache.nifi.processors.standard.ControlRate - ControlRate[id=bbeacea5-a44f-4c03-8191-96e09d8e4b1a] transferring FlowFile[661,90380303646194.mockFlowFile,13B] to 'success'
[pool-145-thread-1] INFO org.apache.nifi.processors.standard.ControlRate - ControlRate[id=bbeacea5-a44f-4c03-8191-96e09d8e4b1a] transferring FlowFile[662,90380303654866.mockFlowFile,13B] to 'success'
[pool-145-thread-1] INFO org.apache.nifi.processors.standard.ControlRate - ControlRate[id=bbeacea5-a44f-4c03-8191-96e09d8e4b1a] transferring FlowFile[663,90380303665535.mockFlowFile,13B] to 'success'
[pool-145-thread-1] INFO org.apache.nifi.processors.standard.ControlRate - ControlRate[id=bbeacea5-a44f-4c03-8191-96e09d8e4b1a] transferring FlowFile[664,90380303673452.mockFlowFile,13B] to 'success'
[pool-145-thread-1] INFO org.apache.nifi.processors.standard.ControlRate - ControlRate[id=bbeacea5-a44f-4c03-8191-96e09d8e4b1a] transferring FlowFile[665,90380303681516.mockFlowFile,13B] to 'success'
[pool-145-thread-1] INFO org.apache.nifi.processors.standard.ControlRate - ControlRate[id=bbeacea5-a44f-4c03-8191-96e09d8e4b1a] transferring FlowFile[666,90380303690707.mockFlowFile,13B] to 'success'
[pool-145-thread-1] INFO org.apache.nifi.processors.standard.ControlRate - ControlRate[id=bbeacea5-a44f-4c03-8191-96e09d8e4b1a] transferring FlowFile[667,90380303698408.mockFlowFile,13B] to 'success'
[pool-145-thread-1] INFO org.apache.nifi.processors.standard.ControlRate - ControlRate[id=bbeacea5-a44f-4c03-8191-96e09d8e4b1a] transferring FlowFile[668,90380303706584.mockFlowFile,13B] to 'success'
[pool-145-thread-1] INFO org.apache.nifi.processors.standard.ControlRate - ControlRate[id=bbeacea5-a44f-4c03-8191-96e09d8e4b1a] transferring FlowFile[669,90380303714091.mockFlowFile,13B] to 'success'
[pool-145-thread-1] INFO org.apache.nifi.processors.standard.ControlRate - ControlRate[id=bbeacea5-a44f-4c03-8191-96e09d8e4b1a] transferring FlowFile[670,90380303722470.mockFlowFile,13B] to 'success'
[pool-145-thread-1] INFO org.apache.nifi.processors.standard.ControlRate - ControlRate[id=bbeacea5-a44f-4c03-8191-96e09d8e4b1a] transferring FlowFile[671,90380303732991.mockFlowFile,13B] to 'success'
[pool-145-thread-1] INFO org.apache.nifi.processors.standard.ControlRate - ControlRate[id=bbeacea5-a44f-4c03-8191-96e09d8e4b1a] transferring FlowFile[672,90380303741074.mockFlowFile,13B] to 'success'
[pool-145-thread-1] INFO org.apache.nifi.processors.standard.ControlRate - ControlRate[id=bbeacea5-a44f-4c03-8191-96e09d8e4b1a] transferring FlowFile[673,90380303749048.mockFlowFile,13B] to 'success'
[pool-145-thread-1] INFO org.apache.nifi.processors.standard.ControlRate - ControlRate[id=bbeacea5-a44f-4c03-8191-96e09d8e4b1a] transferring FlowFile[674,90380303756573.mockFlowFile,13B] to 'success'
[pool-145-thread-1] INFO org.apache.nifi.processors.standard.ControlRate - ControlRate[id=bbeacea5-a44f-4c03-8191-96e09d8e4b1a] transferring FlowFile[675,90380303765294.mockFlowFile,13B] to 'success'
[pool-145-thread-1] INFO org.apache.nifi.processors.standard.ControlRate - ControlRate[id=bbeacea5-a44f-4c03-8191-96e09d8e4b1a] transferring FlowFile[676,90380303773309.mockFlowFile,13B] to 'success'
[pool-145-thread-1] INFO org.apache.nifi.processors.standard.ControlRate - ControlRate[id=bbeacea5-a44f-4c03-8191-96e09d8e4b1a] transferring FlowFile[677,90380303780966.mockFlowFile,13B] to 'success'
[pool-145-thread-1] INFO org.apache.nifi.processors.standard.ControlRate - ControlRate[id=bbeacea5-a44f-4c03-8191-96e09d8e4b1a] transferring FlowFile[678,90380303788935.mockFlowFile,13B] to 'success'
[pool-145-thread-1] INFO org.apache.nifi.processors.standard.ControlRate - ControlRate[id=bbeacea5-a44f-4c03-8191-96e09d8e4b1a] transferring FlowFile[679,90380303799212.mockFlowFile,13B] to 'success'
[pool-145-thread-1] INFO org.apache.nifi.processors.standard.ControlRate - ControlRate[id=bbeacea5-a44f-4c03-8191-96e09d8e4b1a] transferring FlowFile[680,90380303807496.mockFlowFile,13B] to 'success'
[pool-145-thread-1] INFO org.apache.nifi.processors.standard.ControlRate - ControlRate[id=bbeacea5-a44f-4c03-8191-96e09d8e4b1a] transferring FlowFile[681,90380303815449.mockFlowFile,13B] to 'success'
[pool-145-thread-1] INFO org.apache.nifi.processors.standard.ControlRate - ControlRate[id=bbeacea5-a44f-4c03-8191-96e09d8e4b1a] transferring FlowFile[682,90380303823194.mockFlowFile,13B] to 'success'
[pool-145-thread-1] INFO org.apache.nifi.processors.standard.ControlRate - ControlRate[id=bbeacea5-a44f-4c03-8191-96e09d8e4b1a] transferring FlowFile[683,90380303831329.mockFlowFile,13B] to 'success'
[pool-145-thread-1] INFO org.apache.nifi.processors.standard.ControlRate - ControlRate[id=bbeacea5-a44f-4c03-8191-96e09d8e4b1a] transferring FlowFile[684,90380303840019.mockFlowFile,13B] to 'success'
[pool-145-thread-1] INFO org.apache.nifi.processors.standard.ControlRate - ControlRate[id=bbeacea5-a44f-4c03-8191-96e09d8e4b1a] transferring FlowFile[685,90380303848304.mockFlowFile,13B] to 'success'
[pool-145-thread-1] INFO org.apache.nifi.processors.standard.ControlRate - ControlRate[id=bbeacea5-a44f-4c03-8191-96e09d8e4b1a] transferring FlowFile[686,90380303856343.mockFlowFile,13B] to 'success'
[pool-145-thread-1] INFO org.apache.nifi.processors.standard.ControlRate - ControlRate[id=bbeacea5-a44f-4c03-8191-96e09d8e4b1a] transferring FlowFile[687,90380303866630.mockFlowFile,13B] to 'success'
[pool-145-thread-1] INFO org.apache.nifi.processors.standard.ControlRate - ControlRate[id=bbeacea5-a44f-4c03-8191-96e09d8e4b1a] transferring FlowFile[688,90380303875034.mockFlowFile,13B] to 'success'
[pool-145-thread-1] INFO org.apache.nifi.processors.standard.ControlRate - ControlRate[id=bbeacea5-a44f-4c03-8191-96e09d8e4b1a] transferring FlowFile[689,90380303883349.mockFlowFile,13B] to 'success'
[pool-145-thread-1] INFO org.apache.nifi.processors.standard.ControlRate - ControlRate[id=bbeacea5-a44f-4c03-8191-96e09d8e4b1a] transferring FlowFile[690,90380303891920.mockFlowFile,13B] to 'success'
[pool-145-thread-1] INFO org.apache.nifi.processors.standard.ControlRate - ControlRate[id=bbeacea5-a44f-4c03-8191-96e09d8e4b1a] transferring FlowFile[691,90380303900749.mockFlowFile,13B] to 'success'
[pool-145-thread-1] INFO org.apache.nifi.processors.standard.ControlRate - ControlRate[id=bbeacea5-a44f-4c03-8191-96e09d8e4b1a] transferring FlowFile[692,90380303908450.mockFlowFile,13B] to 'success'
[pool-145-thread-1] INFO org.apache.nifi.processors.standard.ControlRate - ControlRate[id=bbeacea5-a44f-4c03-8191-96e09d8e4b1a] transferring FlowFile[693,90380303916617.mockFlowFile,13B] to 'success'
[pool-145-thread-1] INFO org.apache.nifi.processors.standard.ControlRate - ControlRate[id=bbeacea5-a44f-4c03-8191-96e09d8e4b1a] transferring FlowFile[694,90380303924545.mockFlowFile,13B] to 'success'
[pool-145-thread-1] INFO org.apache.nifi.processors.standard.ControlRate - ControlRate[id=bbeacea5-a44f-4c03-8191-96e09d8e4b1a] transferring FlowFile[695,90380303935716.mockFlowFile,13B] to 'success'
[pool-145-thread-1] INFO org.apache.nifi.processors.standard.ControlRate - ControlRate[id=bbeacea5-a44f-4c03-8191-96e09d8e4b1a] transferring FlowFile[696,90380303944183.mockFlowFile,13B] to 'success'
[pool-145-thread-1] INFO org.apache.nifi.processors.standard.ControlRate - ControlRate[id=bbeacea5-a44f-4c03-8191-96e09d8e4b1a] transferring FlowFile[697,90380303952535.mockFlowFile,13B] to 'success'
[pool-145-thread-1] INFO org.apache.nifi.processors.standard.ControlRate - ControlRate[id=bbeacea5-a44f-4c03-8191-96e09d8e4b1a] transferring FlowFile[698,90380303960619.mockFlowFile,13B] to 'success'
[pool-145-thread-1] INFO org.apache.nifi.processors.standard.ControlRate - ControlRate[id=bbeacea5-a44f-4c03-8191-96e09d8e4b1a] transferring FlowFile[699,90380303969074.mockFlowFile,13B] to 'success'
[pool-145-thread-1] INFO org.apache.nifi.processors.standard.ControlRate - ControlRate[id=bbeacea5-a44f-4c03-8191-96e09d8e4b1a] transferring FlowFile[700,90380303977519.mockFlowFile,13B] to 'success'
[pool-145-thread-1] INFO org.apache.nifi.processors.standard.ControlRate - ControlRate[id=bbeacea5-a44f-4c03-8191-96e09d8e4b1a] transferring FlowFile[701,90380303992372.mockFlowFile,13B] to 'success'
[pool-145-thread-1] INFO org.apache.nifi.processors.standard.ControlRate - ControlRate[id=bbeacea5-a44f-4c03-8191-96e09d8e4b1a] transferring FlowFile[702,90380304020710.mockFlowFile,13B] to 'success'
[pool-145-thread-1] INFO org.apache.nifi.processors.standard.ControlRate - ControlRate[id=bbeacea5-a44f-4c03-8191-96e09d8e4b1a] transferring FlowFile[703,90380304042581.mockFlowFile,13B] to 'success'
[pool-145-thread-1] INFO org.apache.nifi.processors.standard.ControlRate - ControlRate[id=bbeacea5-a44f-4c03-8191-96e09d8e4b1a] transferring FlowFile[704,90380304051158.mockFlowFile,13B] to 'success'
[pool-145-thread-1] INFO org.apache.nifi.processors.standard.ControlRate - ControlRate[id=bbeacea5-a44f-4c03-8191-96e09d8e4b1a] transferring FlowFile[705,90380304059401.mockFlowFile,13B] to 'success'
[pool-145-thread-1] INFO org.apache.nifi.processors.standard.ControlRate - ControlRate[id=bbeacea5-a44f-4c03-8191-96e09d8e4b1a] transferring FlowFile[706,90380304069499.mockFlowFile,13B] to 'success'
[pool-145-thread-1] INFO org.apache.nifi.processors.standard.ControlRate - ControlRate[id=bbeacea5-a44f-4c03-8191-96e09d8e4b1a] transferring FlowFile[707,90380304078731.mockFlowFile,13B] to 'success'
[pool-145-thread-1] INFO org.apache.nifi.processors.standard.ControlRate - ControlRate[id=bbeacea5-a44f-4c03-8191-96e09d8e4b1a] transferring FlowFile[708,90380304086964.mockFlowFile,13B] to 'success'
[pool-145-thread-1] INFO org.apache.nifi.processors.standard.ControlRate - ControlRate[id=bbeacea5-a44f-4c03-8191-96e09d8e4b1a] transferring FlowFile[709,90380304094595.mockFlowFile,13B] to 'success'
[pool-145-thread-1] INFO org.apache.nifi.processors.standard.ControlRate - ControlRate[id=bbeacea5-a44f-4c03-8191-96e09d8e4b1a] transferring FlowFile[710,90380304103251.mockFlowFile,13B] to 'success'
[pool-145-thread-1] INFO org.apache.nifi.processors.standard.ControlRate - ControlRate[id=bbeacea5-a44f-4c03-8191-96e09d8e4b1a] transferring FlowFile[711,90380304114313.mockFlowFile,13B] to 'success'
[pool-145-thread-1] INFO org.apache.nifi.processors.standard.ControlRate - ControlRate[id=bbeacea5-a44f-4c03-8191-96e09d8e4b1a] transferring FlowFile[712,90380304122429.mockFlowFile,13B] to 'success'
[pool-145-thread-1] INFO org.apache.nifi.processors.standard.ControlRate - ControlRate[id=bbeacea5-a44f-4c03-8191-96e09d8e4b1a] transferring FlowFile[713,90380304130647.mockFlowFile,13B] to 'success'
[pool-145-thread-1] INFO org.apache.nifi.processors.standard.ControlRate - ControlRate[id=bbeacea5-a44f-4c03-8191-96e09d8e4b1a] transferring FlowFile[714,90380304138126.mockFlowFile,13B] to 'success'
[pool-145-thread-1] INFO org.apache.nifi.processors.standard.ControlRate - ControlRate[id=bbeacea5-a44f-4c03-8191-96e09d8e4b1a] transferring FlowFile[715,90380304146310.mockFlowFile,13B] to 'success'
[pool-145-thread-1] INFO org.apache.nifi.processors.standard.ControlRate - ControlRate[id=bbeacea5-a44f-4c03-8191-96e09d8e4b1a] transferring FlowFile[716,90380304154322.mockFlowFile,13B] to 'success'
[pool-145-thread-1] INFO org.apache.nifi.processors.standard.ControlRate - ControlRate[id=bbeacea5-a44f-4c03-8191-96e09d8e4b1a] transferring FlowFile[717,90380304161915.mockFlowFile,13B] to 'success'
[pool-145-thread-1] INFO org.apache.nifi.processors.standard.ControlRate - ControlRate[id=bbeacea5-a44f-4c03-8191-96e09d8e4b1a] transferring FlowFile[718,90380304170418.mockFlowFile,13B] to 'success'
[pool-145-thread-1] INFO org.apache.nifi.processors.standard.ControlRate - ControlRate[id=bbeacea5-a44f-4c03-8191-96e09d8e4b1a] transferring FlowFile[719,90380304180781.mockFlowFile,13B] to 'success'
[pool-145-thread-1] INFO org.apache.nifi.processors.standard.ControlRate - ControlRate[id=bbeacea5-a44f-4c03-8191-96e09d8e4b1a] transferring FlowFile[720,90380304189498.mockFlowFile,13B] to 'success'
[pool-145-thread-1] INFO org.apache.nifi.processors.standard.ControlRate - ControlRate[id=bbeacea5-a44f-4c03-8191-96e09d8e4b1a] transferring FlowFile[721,90380304227450.mockFlowFile,13B] to 'success'
[pool-145-thread-1] INFO org.apache.nifi.processors.standard.ControlRate - ControlRate[id=bbeacea5-a44f-4c03-8191-96e09d8e4b1a] transferring FlowFile[722,90380304235323.mockFlowFile,13B] to 'success'
[pool-145-thread-1] INFO org.apache.nifi.processors.standard.ControlRate - ControlRate[id=bbeacea5-a44f-4c03-8191-96e09d8e4b1a] transferring FlowFile[723,90380304243362.mockFlowFile,13B] to 'success'
[pool-145-thread-1] INFO org.apache.nifi.processors.standard.ControlRate - ControlRate[id=bbeacea5-a44f-4c03-8191-96e09d8e4b1a] transferring FlowFile[724,90380304250877.mockFlowFile,13B] to 'success'
[pool-145-thread-1] INFO org.apache.nifi.processors.standard.ControlRate - ControlRate[id=bbeacea5-a44f-4c03-8191-96e09d8e4b1a] transferring FlowFile[725,90380304258882.mockFlowFile,13B] to 'success'
[pool-145-thread-1] INFO org.apache.nifi.processors.standard.ControlRate - ControlRate[id=bbeacea5-a44f-4c03-8191-96e09d8e4b1a] transferring FlowFile[726,90380304267000.mockFlowFile,13B] to 'success'
[pool-145-thread-1] INFO org.apache.nifi.processors.standard.ControlRate - ControlRate[id=bbeacea5-a44f-4c03-8191-96e09d8e4b1a] transferring FlowFile[727,90380304277647.mockFlowFile,13B] to 'success'
[pool-145-thread-1] INFO org.apache.nifi.processors.standard.ControlRate - ControlRate[id=bbeacea5-a44f-4c03-8191-96e09d8e4b1a] transferring FlowFile[728,90380304286020.mockFlowFile,13B] to 'success'
[pool-145-thread-1] INFO org.apache.nifi.processors.standard.ControlRate - ControlRate[id=bbeacea5-a44f-4c03-8191-96e09d8e4b1a] transferring FlowFile[729,90380304293652.mockFlowFile,13B] to 'success'
[pool-145-thread-1] INFO org.apache.nifi.processors.standard.ControlRate - ControlRate[id=bbeacea5-a44f-4c03-8191-96e09d8e4b1a] transferring FlowFile[730,90380304302672.mockFlowFile,13B] to 'success'
[pool-145-thread-1] INFO org.apache.nifi.processors.standard.ControlRate - ControlRate[id=bbeacea5-a44f-4c03-8191-96e09d8e4b1a] transferring FlowFile[731,90380304311317.mockFlowFile,13B] to 'success'
[pool-145-thread-1] INFO org.apache.nifi.processors.standard.ControlRate - ControlRate[id=bbeacea5-a44f-4c03-8191-96e09d8e4b1a] transferring FlowFile[732,90380304318988.mockFlowFile,13B] to 'success'
[pool-145-thread-1] INFO org.apache.nifi.processors.standard.ControlRate - ControlRate[id=bbeacea5-a44f-4c03-8191-96e09d8e4b1a] transferring FlowFile[733,90380304327086.mockFlowFile,13B] to 'success'
[pool-145-thread-1] INFO org.apache.nifi.processors.standard.ControlRate - ControlRate[id=bbeacea5-a44f-4c03-8191-96e09d8e4b1a] transferring FlowFile[734,90380304334617.mockFlowFile,13B] to 'success'
[pool-145-thread-1] INFO org.apache.nifi.processors.standard.ControlRate - ControlRate[id=bbeacea5-a44f-4c03-8191-96e09d8e4b1a] transferring FlowFile[735,90380304345466.mockFlowFile,13B] to 'success'
[pool-145-thread-1] INFO org.apache.nifi.processors.standard.ControlRate - ControlRate[id=bbeacea5-a44f-4c03-8191-96e09d8e4b1a] transferring FlowFile[736,90380304354228.mockFlowFile,13B] to 'success'
[pool-145-thread-1] INFO org.apache.nifi.processors.standard.ControlRate - ControlRate[id=bbeacea5-a44f-4c03-8191-96e09d8e4b1a] transferring FlowFile[737,90380304361947.mockFlowFile,13B] to 'success'
[pool-145-thread-1] INFO org.apache.nifi.processors.standard.ControlRate - ControlRate[id=bbeacea5-a44f-4c03-8191-96e09d8e4b1a] transferring FlowFile[738,90380304372190.mockFlowFile,13B] to 'success'
[pool-145-thread-1] INFO org.apache.nifi.processors.standard.ControlRate - ControlRate[id=bbeacea5-a44f-4c03-8191-96e09d8e4b1a] transferring FlowFile[739,90380304380012.mockFlowFile,13B] to 'success'
[pool-145-thread-1] INFO org.apache.nifi.processors.standard.ControlRate - ControlRate[id=bbeacea5-a44f-4c03-8191-96e09d8e4b1a] transferring FlowFile[740,90380304388148.mockFlowFile,13B] to 'success'
[pool-145-thread-1] INFO org.apache.nifi.processors.standard.ControlRate - ControlRate[id=bbeacea5-a44f-4c03-8191-96e09d8e4b1a] transferring FlowFile[741,90380304397085.mockFlowFile,13B] to 'success'
[pool-145-thread-1] INFO org.apache.nifi.processors.standard.ControlRate - ControlRate[id=bbeacea5-a44f-4c03-8191-96e09d8e4b1a] transferring FlowFile[742,90380304404773.mockFlowFile,13B] to 'success'
[pool-145-thread-1] INFO org.apache.nifi.processors.standard.ControlRate - ControlRate[id=bbeacea5-a44f-4c03-8191-96e09d8e4b1a] transferring FlowFile[743,90380304415437.mockFlowFile,13B] to 'success'
[pool-145-thread-1] INFO org.apache.nifi.processors.standard.ControlRate - ControlRate[id=bbeacea5-a44f-4c03-8191-96e09d8e4b1a] transferring FlowFile[744,90380304425702.mockFlowFile,13B] to 'success'
[pool-145-thread-1] INFO org.apache.nifi.processors.standard.ControlRate - ControlRate[id=bbeacea5-a44f-4c03-8191-96e09d8e4b1a] transferring FlowFile[745,90380304446131.mockFlowFile,13B] to 'success'
[pool-145-thread-1] INFO org.apache.nifi.processors.standard.ControlRate - ControlRate[id=bbeacea5-a44f-4c03-8191-96e09d8e4b1a] transferring FlowFile[746,90380304469590.mockFlowFile,13B] to 'success'
[pool-145-thread-1] INFO org.apache.nifi.processors.standard.ControlRate - ControlRate[id=bbeacea5-a44f-4c03-8191-96e09d8e4b1a] transferring FlowFile[747,90380304491663.mockFlowFile,13B] to 'success'
[pool-145-thread-1] INFO org.apache.nifi.processors.standard.ControlRate - ControlRate[id=bbeacea5-a44f-4c03-8191-96e09d8e4b1a] transferring FlowFile[748,90380304513321.mockFlowFile,13B] to 'success'
[pool-145-thread-1] INFO org.apache.nifi.processors.standard.ControlRate - ControlRate[id=bbeacea5-a44f-4c03-8191-96e09d8e4b1a] transferring FlowFile[749,90380304530044.mockFlowFile,13B] to 'success'
[pool-145-thread-1] INFO org.apache.nifi.processors.standard.ControlRate - ControlRate[id=bbeacea5-a44f-4c03-8191-96e09d8e4b1a] transferring FlowFile[750,90380304546714.mockFlowFile,13B] to 'success'
[pool-145-thread-1] INFO org.apache.nifi.processors.standard.ControlRate - ControlRate[id=bbeacea5-a44f-4c03-8191-96e09d8e4b1a] transferring FlowFile[751,90380304567262.mockFlowFile,13B] to 'success'
[pool-145-thread-1] INFO org.apache.nifi.processors.standard.ControlRate - ControlRate[id=bbeacea5-a44f-4c03-8191-96e09d8e4b1a] transferring FlowFile[752,90380304583335.mockFlowFile,13B] to 'success'
[pool-145-thread-1] INFO org.apache.nifi.processors.standard.ControlRate - ControlRate[id=bbeacea5-a44f-4c03-8191-96e09d8e4b1a] transferring FlowFile[753,90380304599707.mockFlowFile,13B] to 'success'
[pool-145-thread-1] INFO org.apache.nifi.processors.standard.ControlRate - ControlRate[id=bbeacea5-a44f-4c03-8191-96e09d8e4b1a] transferring FlowFile[754,90380304615160.mockFlowFile,13B] to 'success'
[pool-145-thread-1] INFO org.apache.nifi.processors.standard.ControlRate - ControlRate[id=bbeacea5-a44f-4c03-8191-96e09d8e4b1a] transferring FlowFile[755,90380304631546.mockFlowFile,13B] to 'success'
[pool-145-thread-1] INFO org.apache.nifi.processors.standard.ControlRate - ControlRate[id=bbeacea5-a44f-4c03-8191-96e09d8e4b1a] transferring FlowFile[756,90380304647590.mockFlowFile,13B] to 'success'
[pool-145-thread-1] INFO org.apache.nifi.processors.standard.ControlRate - ControlRate[id=bbeacea5-a44f-4c03-8191-96e09d8e4b1a] transferring FlowFile[757,90380304663225.mockFlowFile,13B] to 'success'
[pool-145-thread-1] INFO org.apache.nifi.processors.standard.ControlRate - ControlRate[id=bbeacea5-a44f-4c03-8191-96e09d8e4b1a] transferring FlowFile[758,90380304679579.mockFlowFile,13B] to 'success'
[pool-145-thread-1] INFO org.apache.nifi.processors.standard.ControlRate - ControlRate[id=bbeacea5-a44f-4c03-8191-96e09d8e4b1a] transferring FlowFile[759,90380304698632.mockFlowFile,13B] to 'success'
[pool-145-thread-1] INFO org.apache.nifi.processors.standard.ControlRate - ControlRate[id=bbeacea5-a44f-4c03-8191-96e09d8e4b1a] transferring FlowFile[760,90380304715251.mockFlowFile,13B] to 'success'
[pool-145-thread-1] INFO org.apache.nifi.processors.standard.ControlRate - ControlRate[id=bbeacea5-a44f-4c03-8191-96e09d8e4b1a] transferring FlowFile[761,90380304731863.mockFlowFile,13B] to 'success'
[pool-145-thread-1] INFO org.apache.nifi.processors.standard.ControlRate - ControlRate[id=bbeacea5-a44f-4c03-8191-96e09d8e4b1a] transferring FlowFile[762,90380304747492.mockFlowFile,13B] to 'success'
[pool-145-thread-1] INFO org.apache.nifi.processors.standard.ControlRate - ControlRate[id=bbeacea5-a44f-4c03-8191-96e09d8e4b1a] transferring FlowFile[763,90380304763664.mockFlowFile,13B] to 'success'
[pool-145-thread-1] INFO org.apache.nifi.processors.standard.ControlRate - ControlRate[id=bbeacea5-a44f-4c03-8191-96e09d8e4b1a] transferring FlowFile[764,90380304779262.mockFlowFile,13B] to 'success'
[pool-145-thread-1] INFO org.apache.nifi.processors.standard.ControlRate - ControlRate[id=bbeacea5-a44f-4c03-8191-96e09d8e4b1a] transferring FlowFile[765,90380304798916.mockFlowFile,13B] to 'success'
[pool-145-thread-1] INFO org.apache.nifi.processors.standard.ControlRate - ControlRate[id=bbeacea5-a44f-4c03-8191-96e09d8e4b1a] transferring FlowFile[766,90380304815018.mockFlowFile,13B] to 'success'
[pool-145-thread-1] INFO org.apache.nifi.processors.standard.ControlRate - ControlRate[id=bbeacea5-a44f-4c03-8191-96e09d8e4b1a] transferring FlowFile[767,90380304839151.mockFlowFile,13B] to 'success'
[pool-145-thread-1] INFO org.apache.nifi.processors.standard.ControlRate - ControlRate[id=bbeacea5-a44f-4c03-8191-96e09d8e4b1a] transferring FlowFile[768,90380304862047.mockFlowFile,13B] to 'success'
[pool-145-thread-1] INFO org.apache.nifi.processors.standard.ControlRate - ControlRate[id=bbeacea5-a44f-4c03-8191-96e09d8e4b1a] transferring FlowFile[769,90380304878272.mockFlowFile,13B] to 'success'
[pool-145-thread-1] INFO org.apache.nifi.processors.standard.ControlRate - ControlRate[id=bbeacea5-a44f-4c03-8191-96e09d8e4b1a] transferring FlowFile[770,90380304895141.mockFlowFile,13B] to 'success'
[pool-145-thread-1] INFO org.apache.nifi.processors.standard.ControlRate - ControlRate[id=bbeacea5-a44f-4c03-8191-96e09d8e4b1a] transferring FlowFile[771,90380304912049.mockFlowFile,13B] to 'success'
[pool-145-thread-1] INFO org.apache.nifi.processors.standard.ControlRate - ControlRate[id=bbeacea5-a44f-4c03-8191-96e09d8e4b1a] transferring FlowFile[772,90380304930525.mockFlowFile,13B] to 'success'
[pool-145-thread-1] INFO org.apache.nifi.processors.standard.ControlRate - ControlRate[id=bbeacea5-a44f-4c03-8191-96e09d8e4b1a] transferring FlowFile[773,90380305004296.mockFlowFile,13B] to 'success'
[pool-145-thread-1] INFO org.apache.nifi.processors.standard.ControlRate - ControlRate[id=bbeacea5-a44f-4c03-8191-96e09d8e4b1a] transferring FlowFile[774,90380305017123.mockFlowFile,13B] to 'success'
[pool-145-thread-1] INFO org.apache.nifi.processors.standard.ControlRate - ControlRate[id=bbeacea5-a44f-4c03-8191-96e09d8e4b1a] transferring FlowFile[775,90380305030198.mockFlowFile,13B] to 'success'
[pool-145-thread-1] INFO org.apache.nifi.processors.standard.ControlRate - ControlRate[id=bbeacea5-a44f-4c03-8191-96e09d8e4b1a] transferring FlowFile[776,90380305039077.mockFlowFile,13B] to 'success'
[pool-145-thread-1] INFO org.apache.nifi.processors.standard.ControlRate - ControlRate[id=bbeacea5-a44f-4c03-8191-96e09d8e4b1a] transferring FlowFile[777,90380305046843.mockFlowFile,13B] to 'success'
[pool-145-thread-1] INFO org.apache.nifi.processors.standard.ControlRate - ControlRate[id=bbeacea5-a44f-4c03-8191-96e09d8e4b1a] transferring FlowFile[778,90380305054926.mockFlowFile,13B] to 'success'
[pool-145-thread-1] INFO org.apache.nifi.processors.standard.ControlRate - ControlRate[id=bbeacea5-a44f-4c03-8191-96e09d8e4b1a] transferring FlowFile[779,90380305062530.mockFlowFile,13B] to 'success'
[pool-145-thread-1] INFO org.apache.nifi.processors.standard.ControlRate - ControlRate[id=bbeacea5-a44f-4c03-8191-96e09d8e4b1a] transferring FlowFile[780,90380305070680.mockFlowFile,13B] to 'success'
[pool-145-thread-1] INFO org.apache.nifi.processors.standard.ControlRate - ControlRate[id=bbeacea5-a44f-4c03-8191-96e09d8e4b1a] transferring FlowFile[781,90380305079031.mockFlowFile,13B] to 'success'
[pool-145-thread-1] INFO org.apache.nifi.processors.standard.ControlRate - ControlRate[id=bbeacea5-a44f-4c03-8191-96e09d8e4b1a] transferring FlowFile[782,90380305086584.mockFlowFile,13B] to 'success'
[pool-145-thread-1] INFO org.apache.nifi.processors.standard.ControlRate - ControlRate[id=bbeacea5-a44f-4c03-8191-96e09d8e4b1a] transferring FlowFile[783,90380305097519.mockFlowFile,13B] to 'success'
[pool-145-thread-1] INFO org.apache.nifi.processors.standard.ControlRate - ControlRate[id=bbeacea5-a44f-4c03-8191-96e09d8e4b1a] transferring FlowFile[784,90380305105639.mockFlowFile,13B] to 'success'
[pool-145-thread-1] INFO org.apache.nifi.processors.standard.ControlRate - ControlRate[id=bbeacea5-a44f-4c03-8191-96e09d8e4b1a] transferring FlowFile[785,90380305114001.mockFlowFile,13B] to 'success'
[pool-145-thread-1] INFO org.apache.nifi.processors.standard.ControlRate - ControlRate[id=bbeacea5-a44f-4c03-8191-96e09d8e4b1a] transferring FlowFile[786,90380305122144.mockFlowFile,13B] to 'success'
[pool-145-thread-1] INFO org.apache.nifi.processors.standard.ControlRate - ControlRate[id=bbeacea5-a44f-4c03-8191-96e09d8e4b1a] transferring FlowFile[787,90380305129954.mockFlowFile,13B] to 'success'
[pool-145-thread-1] INFO org.apache.nifi.processors.standard.ControlRate - ControlRate[id=bbeacea5-a44f-4c03-8191-96e09d8e4b1a] transferring FlowFile[788,90380305138024.mockFlowFile,13B] to 'success'
[pool-145-thread-1] INFO org.apache.nifi.processors.standard.ControlRate - ControlRate[id=bbeacea5-a44f-4c03-8191-96e09d8e4b1a] transferring FlowFile[789,90380305145754.mockFlowFile,13B] to 'success'
[pool-145-thread-1] INFO org.apache.nifi.processors.standard.ControlRate - ControlRate[id=bbeacea5-a44f-4c03-8191-96e09d8e4b1a] transferring FlowFile[790,90380305155731.mockFlowFile,13B] to 'success'
[pool-145-thread-1] INFO org.apache.nifi.processors.standard.ControlRate - ControlRate[id=bbeacea5-a44f-4c03-8191-96e09d8e4b1a] transferring FlowFile[791,90380305166861.mockFlowFile,13B] to 'success'
[pool-145-thread-1] INFO org.apache.nifi.processors.standard.ControlRate - ControlRate[id=bbeacea5-a44f-4c03-8191-96e09d8e4b1a] transferring FlowFile[792,90380305175034.mockFlowFile,13B] to 'success'
[pool-145-thread-1] INFO org.apache.nifi.processors.standard.ControlRate - ControlRate[id=bbeacea5-a44f-4c03-8191-96e09d8e4b1a] transferring FlowFile[793,90380305183304.mockFlowFile,13B] to 'success'
[pool-145-thread-1] INFO org.apache.nifi.processors.standard.ControlRate - ControlRate[id=bbeacea5-a44f-4c03-8191-96e09d8e4b1a] transferring FlowFile[794,90380305191018.mockFlowFile,13B] to 'success'
[pool-145-thread-1] INFO org.apache.nifi.processors.standard.ControlRate - ControlRate[id=bbeacea5-a44f-4c03-8191-96e09d8e4b1a] transferring FlowFile[795,90380305199155.mockFlowFile,13B] to 'success'
[pool-145-thread-1] INFO org.apache.nifi.processors.standard.ControlRate - ControlRate[id=bbeacea5-a44f-4c03-8191-96e09d8e4b1a] transferring FlowFile[796,90380305209185.mockFlowFile,13B] to 'success'
[pool-145-thread-1] INFO org.apache.nifi.processors.standard.ControlRate - ControlRate[id=bbeacea5-a44f-4c03-8191-96e09d8e4b1a] transferring FlowFile[797,90380305217233.mockFlowFile,13B] to 'success'
[pool-145-thread-1] INFO org.apache.nifi.processors.standard.ControlRate - ControlRate[id=bbeacea5-a44f-4c03-8191-96e09d8e4b1a] transferring FlowFile[798,90380305225644.mockFlowFile,13B] to 'success'
[pool-145-thread-1] INFO org.apache.nifi.processors.standard.ControlRate - ControlRate[id=bbeacea5-a44f-4c03-8191-96e09d8e4b1a] transferring FlowFile[799,90380305235945.mockFlowFile,13B] to 'success'
[pool-145-thread-1] INFO org.apache.nifi.processors.standard.ControlRate - ControlRate[id=bbeacea5-a44f-4c03-8191-96e09d8e4b1a] transferring FlowFile[800,90380305244650.mockFlowFile,13B] to 'success'
[pool-145-thread-1] INFO org.apache.nifi.processors.standard.ControlRate - ControlRate[id=bbeacea5-a44f-4c03-8191-96e09d8e4b1a] transferring FlowFile[801,90380305252932.mockFlowFile,13B] to 'success'
[pool-145-thread-1] INFO org.apache.nifi.processors.standard.ControlRate - ControlRate[id=bbeacea5-a44f-4c03-8191-96e09d8e4b1a] transferring FlowFile[802,90380305264806.mockFlowFile,13B] to 'success'
[pool-145-thread-1] INFO org.apache.nifi.processors.standard.ControlRate - ControlRate[id=bbeacea5-a44f-4c03-8191-96e09d8e4b1a] transferring FlowFile[803,90380305278503.mockFlowFile,13B] to 'success'
[pool-145-thread-1] INFO org.apache.nifi.processors.standard.ControlRate - ControlRate[id=bbeacea5-a44f-4c03-8191-96e09d8e4b1a] transferring FlowFile[804,90380305287128.mockFlowFile,13B] to 'success'
[pool-145-thread-1] INFO org.apache.nifi.processors.standard.ControlRate - ControlRate[id=bbeacea5-a44f-4c03-8191-96e09d8e4b1a] transferring FlowFile[805,90380305295583.mockFlowFile,13B] to 'success'
[pool-145-thread-1] INFO org.apache.nifi.processors.standard.ControlRate - ControlRate[id=bbeacea5-a44f-4c03-8191-96e09d8e4b1a] transferring FlowFile[806,90380305305434.mockFlowFile,13B] to 'success'
[pool-145-thread-1] INFO org.apache.nifi.processors.standard.ControlRate - ControlRate[id=bbeacea5-a44f-4c03-8191-96e09d8e4b1a] transferring FlowFile[807,90380305317256.mockFlowFile,13B] to 'success'
[pool-145-thread-1] INFO org.apache.nifi.processors.standard.ControlRate - ControlRate[id=bbeacea5-a44f-4c03-8191-96e09d8e4b1a] transferring FlowFile[808,90380305325914.mockFlowFile,13B] to 'success'
[pool-145-thread-1] INFO org.apache.nifi.processors.standard.ControlRate - ControlRate[id=bbeacea5-a44f-4c03-8191-96e09d8e4b1a] transferring FlowFile[809,90380305333608.mockFlowFile,13B] to 'success'
[pool-145-thread-1] INFO org.apache.nifi.processors.standard.ControlRate - ControlRate[id=bbeacea5-a44f-4c03-8191-96e09d8e4b1a] transferring FlowFile[810,90380305342179.mockFlowFile,13B] to 'success'
[pool-145-thread-1] INFO org.apache.nifi.processors.standard.ControlRate - ControlRate[id=bbeacea5-a44f-4c03-8191-96e09d8e4b1a] transferring FlowFile[811,90380305350352.mockFlowFile,13B] to 'success'
[pool-145-thread-1] INFO org.apache.nifi.processors.standard.ControlRate - ControlRate[id=bbeacea5-a44f-4c03-8191-96e09d8e4b1a] transferring FlowFile[812,90380305358302.mockFlowFile,13B] to 'success'
[pool-145-thread-1] INFO org.apache.nifi.processors.standard.ControlRate - ControlRate[id=bbeacea5-a44f-4c03-8191-96e09d8e4b1a] transferring FlowFile[813,90380305366646.mockFlowFile,13B] to 'success'
[pool-145-thread-1] INFO org.apache.nifi.processors.standard.ControlRate - ControlRate[id=bbeacea5-a44f-4c03-8191-96e09d8e4b1a] transferring FlowFile[814,90380305374761.mockFlowFile,13B] to 'success'
[pool-145-thread-1] INFO org.apache.nifi.processors.standard.ControlRate - ControlRate[id=bbeacea5-a44f-4c03-8191-96e09d8e4b1a] transferring FlowFile[815,90380305393711.mockFlowFile,13B] to 'success'
[pool-145-thread-1] INFO org.apache.nifi.processors.standard.ControlRate - ControlRate[id=bbeacea5-a44f-4c03-8191-96e09d8e4b1a] transferring FlowFile[816,90380305409801.mockFlowFile,13B] to 'success'
[pool-145-thread-1] INFO org.apache.nifi.processors.standard.ControlRate - ControlRate[id=bbeacea5-a44f-4c03-8191-96e09d8e4b1a] transferring FlowFile[817,90380305418299.mockFlowFile,13B] to 'success'
[pool-145-thread-1] INFO org.apache.nifi.processors.standard.ControlRate - ControlRate[id=bbeacea5-a44f-4c03-8191-96e09d8e4b1a] transferring FlowFile[818,90380305426699.mockFlowFile,13B] to 'success'
[pool-145-thread-1] INFO org.apache.nifi.processors.standard.ControlRate - ControlRate[id=bbeacea5-a44f-4c03-8191-96e09d8e4b1a] transferring FlowFile[819,90380305434619.mockFlowFile,13B] to 'success'
[pool-145-thread-1] INFO org.apache.nifi.processors.standard.ControlRate - ControlRate[id=bbeacea5-a44f-4c03-8191-96e09d8e4b1a] transferring FlowFile[820,90380305458264.mockFlowFile,13B] to 'success'
[pool-145-thread-1] INFO org.apache.nifi.processors.standard.ControlRate - ControlRate[id=bbeacea5-a44f-4c03-8191-96e09d8e4b1a] transferring FlowFile[821,90380305467132.mockFlowFile,13B] to 'success'
[pool-145-thread-1] INFO org.apache.nifi.processors.standard.ControlRate - ControlRate[id=bbeacea5-a44f-4c03-8191-96e09d8e4b1a] transferring FlowFile[822,90380305475097.mockFlowFile,13B] to 'success'
[pool-145-thread-1] INFO org.apache.nifi.processors.standard.ControlRate - ControlRate[id=bbeacea5-a44f-4c03-8191-96e09d8e4b1a] transferring FlowFile[823,90380305486197.mockFlowFile,13B] to 'success'
[pool-145-thread-1] INFO org.apache.nifi.processors.standard.ControlRate - ControlRate[id=bbeacea5-a44f-4c03-8191-96e09d8e4b1a] transferring FlowFile[824,90380305494324.mockFlowFile,13B] to 'success'
[pool-145-thread-1] INFO org.apache.nifi.processors.standard.ControlRate - ControlRate[id=bbeacea5-a44f-4c03-8191-96e09d8e4b1a] transferring FlowFile[825,90380305502514.mockFlowFile,13B] to 'success'
[pool-145-thread-1] INFO org.apache.nifi.processors.standard.ControlRate - ControlRate[id=bbeacea5-a44f-4c03-8191-96e09d8e4b1a] transferring FlowFile[826,90380305510587.mockFlowFile,13B] to 'success'
[pool-145-thread-1] INFO org.apache.nifi.processors.standard.ControlRate - ControlRate[id=bbeacea5-a44f-4c03-8191-96e09d8e4b1a] transferring FlowFile[827,90380305518160.mockFlowFile,13B] to 'success'
[pool-145-thread-1] INFO org.apache.nifi.processors.standard.ControlRate - ControlRate[id=bbeacea5-a44f-4c03-8191-96e09d8e4b1a] transferring FlowFile[828,90380305526323.mockFlowFile,13B] to 'success'
[pool-145-thread-1] INFO org.apache.nifi.processors.standard.ControlRate - ControlRate[id=bbeacea5-a44f-4c03-8191-96e09d8e4b1a] transferring FlowFile[829,90380305534008.mockFlowFile,13B] to 'success'
[pool-145-thread-1] INFO org.apache.nifi.processors.standard.ControlRate - ControlRate[id=bbeacea5-a44f-4c03-8191-96e09d8e4b1a] transferring FlowFile[830,90380305542066.mockFlowFile,13B] to 'success'
[pool-145-thread-1] INFO org.apache.nifi.processors.standard.ControlRate - ControlRate[id=bbeacea5-a44f-4c03-8191-96e09d8e4b1a] transferring FlowFile[831,90380305552437.mockFlowFile,13B] to 'success'
[pool-145-thread-1] INFO org.apache.nifi.processors.standard.ControlRate - ControlRate[id=bbeacea5-a44f-4c03-8191-96e09d8e4b1a] transferring FlowFile[832,90380305561667.mockFlowFile,13B] to 'success'
[pool-145-thread-1] INFO org.apache.nifi.processors.standard.ControlRate - ControlRate[id=bbeacea5-a44f-4c03-8191-96e09d8e4b1a] transferring FlowFile[833,90380305569872.mockFlowFile,13B] to 'success'
[pool-145-thread-1] INFO org.apache.nifi.processors.standard.ControlRate - ControlRate[id=bbeacea5-a44f-4c03-8191-96e09d8e4b1a] transferring FlowFile[834,90380305581595.mockFlowFile,13B] to 'success'
[pool-145-thread-1] INFO org.apache.nifi.processors.standard.ControlRate - ControlRate[id=bbeacea5-a44f-4c03-8191-96e09d8e4b1a] transferring FlowFile[835,90380305591882.mockFlowFile,13B] to 'success'
[pool-145-thread-1] INFO org.apache.nifi.processors.standard.ControlRate - ControlRate[id=bbeacea5-a44f-4c03-8191-96e09d8e4b1a] transferring FlowFile[836,90380305600164.mockFlowFile,13B] to 'success'
[pool-145-thread-1] INFO org.apache.nifi.processors.standard.ControlRate - ControlRate[id=bbeacea5-a44f-4c03-8191-96e09d8e4b1a] transferring FlowFile[837,90380305607854.mockFlowFile,13B] to 'success'
[pool-145-thread-1] INFO org.apache.nifi.processors.standard.ControlRate - ControlRate[id=bbeacea5-a44f-4c03-8191-96e09d8e4b1a] transferring FlowFile[838,90380305616191.mockFlowFile,13B] to 'success'
[pool-145-thread-1] INFO org.apache.nifi.processors.standard.ControlRate - ControlRate[id=bbeacea5-a44f-4c03-8191-96e09d8e4b1a] transferring FlowFile[839,90380305626685.mockFlowFile,13B] to 'success'
[pool-145-thread-1] INFO org.apache.nifi.processors.standard.ControlRate - ControlRate[id=bbeacea5-a44f-4c03-8191-96e09d8e4b1a] transferring FlowFile[840,90380305668201.mockFlowFile,13B] to 'success'
[pool-145-thread-1] INFO org.apache.nifi.processors.standard.ControlRate - ControlRate[id=bbeacea5-a44f-4c03-8191-96e09d8e4b1a] transferring FlowFile[841,90380305677134.mockFlowFile,13B] to 'success'
[pool-145-thread-1] INFO org.apache.nifi.processors.standard.ControlRate - ControlRate[id=bbeacea5-a44f-4c03-8191-96e09d8e4b1a] transferring FlowFile[842,90380305684939.mockFlowFile,13B] to 'success'
[pool-145-thread-1] INFO org.apache.nifi.processors.standard.ControlRate - ControlRate[id=bbeacea5-a44f-4c03-8191-96e09d8e4b1a] transferring FlowFile[843,90380305692752.mockFlowFile,13B] to 'success'
[pool-145-thread-1] INFO org.apache.nifi.processors.standard.ControlRate - ControlRate[id=bbeacea5-a44f-4c03-8191-96e09d8e4b1a] transferring FlowFile[844,90380305700167.mockFlowFile,13B] to 'success'
[pool-145-thread-1] INFO org.apache.nifi.processors.standard.ControlRate - ControlRate[id=bbeacea5-a44f-4c03-8191-96e09d8e4b1a] transferring FlowFile[845,90380305709970.mockFlowFile,13B] to 'success'
[pool-145-thread-1] INFO org.apache.nifi.processors.standard.ControlRate - ControlRate[id=bbeacea5-a44f-4c03-8191-96e09d8e4b1a] transferring FlowFile[846,90380305717956.mockFlowFile,13B] to 'success'
[pool-145-thread-1] INFO org.apache.nifi.processors.standard.ControlRate - ControlRate[id=bbeacea5-a44f-4c03-8191-96e09d8e4b1a] transferring FlowFile[847,90380305729144.mockFlowFile,13B] to 'success'
[pool-145-thread-1] INFO org.apache.nifi.processors.standard.ControlRate - ControlRate[id=bbeacea5-a44f-4c03-8191-96e09d8e4b1a] transferring FlowFile[848,90380305737686.mockFlowFile,13B] to 'success'
[pool-145-thread-1] INFO org.apache.nifi.processors.standard.ControlRate - ControlRate[id=bbeacea5-a44f-4c03-8191-96e09d8e4b1a] transferring FlowFile[849,90380305745265.mockFlowFile,13B] to 'success'
[pool-145-thread-1] INFO org.apache.nifi.processors.standard.ControlRate - ControlRate[id=bbeacea5-a44f-4c03-8191-96e09d8e4b1a] transferring FlowFile[850,90380305754491.mockFlowFile,13B] to 'success'
[pool-145-thread-1] INFO org.apache.nifi.processors.standard.ControlRate - ControlRate[id=bbeacea5-a44f-4c03-8191-96e09d8e4b1a] transferring FlowFile[851,90380305762626.mockFlowFile,13B] to 'success'
[pool-145-thread-1] INFO org.apache.nifi.processors.standard.ControlRate - ControlRate[id=bbeacea5-a44f-4c03-8191-96e09d8e4b1a] transferring FlowFile[852,90380305770168.mockFlowFile,13B] to 'success'
[pool-145-thread-1] INFO org.apache.nifi.processors.standard.ControlRate - ControlRate[id=bbeacea5-a44f-4c03-8191-96e09d8e4b1a] transferring FlowFile[853,90380305778337.mockFlowFile,13B] to 'success'
[pool-145-thread-1] INFO org.apache.nifi.processors.standard.ControlRate - ControlRate[id=bbeacea5-a44f-4c03-8191-96e09d8e4b1a] transferring FlowFile[854,90380305786065.mockFlowFile,13B] to 'success'
[pool-145-thread-1] INFO org.apache.nifi.processors.standard.ControlRate - ControlRate[id=bbeacea5-a44f-4c03-8191-96e09d8e4b1a] transferring FlowFile[855,90380305797916.mockFlowFile,13B] to 'success'
[pool-145-thread-1] INFO org.apache.nifi.processors.standard.ControlRate - ControlRate[id=bbeacea5-a44f-4c03-8191-96e09d8e4b1a] transferring FlowFile[856,90380305806364.mockFlowFile,13B] to 'success'
[pool-145-thread-1] INFO org.apache.nifi.processors.standard.ControlRate - ControlRate[id=bbeacea5-a44f-4c03-8191-96e09d8e4b1a] transferring FlowFile[857,90380305813984.mockFlowFile,13B] to 'success'
[pool-145-thread-1] INFO org.apache.nifi.processors.standard.ControlRate - ControlRate[id=bbeacea5-a44f-4c03-8191-96e09d8e4b1a] transferring FlowFile[858,90380305839347.mockFlowFile,13B] to 'success'
[pool-145-thread-1] INFO org.apache.nifi.processors.standard.ControlRate - ControlRate[id=bbeacea5-a44f-4c03-8191-96e09d8e4b1a] transferring FlowFile[859,90380305849503.mockFlowFile,13B] to 'success'
[pool-145-thread-1] INFO org.apache.nifi.processors.standard.ControlRate - ControlRate[id=bbeacea5-a44f-4c03-8191-96e09d8e4b1a] transferring FlowFile[860,90380305857960.mockFlowFile,13B] to 'success'
[pool-145-thread-1] INFO org.apache.nifi.processors.standard.ControlRate - ControlRate[id=bbeacea5-a44f-4c03-8191-96e09d8e4b1a] transferring FlowFile[861,90380305865986.mockFlowFile,13B] to 'success'
[pool-145-thread-1] INFO org.apache.nifi.processors.standard.ControlRate - ControlRate[id=bbeacea5-a44f-4c03-8191-96e09d8e4b1a] transferring FlowFile[862,90380305874613.mockFlowFile,13B] to 'success'
[pool-145-thread-1] INFO org.apache.nifi.processors.standard.ControlRate - ControlRate[id=bbeacea5-a44f-4c03-8191-96e09d8e4b1a] transferring FlowFile[863,90380305885708.mockFlowFile,13B] to 'success'
[pool-145-thread-1] INFO org.apache.nifi.processors.standard.ControlRate - ControlRate[id=bbeacea5-a44f-4c03-8191-96e09d8e4b1a] transferring FlowFile[864,90380305895225.mockFlowFile,13B] to 'success'
[pool-145-thread-1] INFO org.apache.nifi.processors.standard.ControlRate - ControlRate[id=bbeacea5-a44f-4c03-8191-96e09d8e4b1a] transferring FlowFile[865,90380305904087.mockFlowFile,13B] to 'success'
[pool-145-thread-1] INFO org.apache.nifi.processors.standard.ControlRate - ControlRate[id=bbeacea5-a44f-4c03-8191-96e09d8e4b1a] transferring FlowFile[866,90380305912748.mockFlowFile,13B] to 'success'
[pool-145-thread-1] INFO org.apache.nifi.processors.standard.ControlRate - ControlRate[id=bbeacea5-a44f-4c03-8191-96e09d8e4b1a] transferring FlowFile[867,90380305920338.mockFlowFile,13B] to 'success'
[pool-145-thread-1] INFO org.apache.nifi.processors.standard.ControlRate - ControlRate[id=bbeacea5-a44f-4c03-8191-96e09d8e4b1a] transferring FlowFile[868,90380305928330.mockFlowFile,13B] to 'success'
[pool-145-thread-1] INFO org.apache.nifi.processors.standard.ControlRate - ControlRate[id=bbeacea5-a44f-4c03-8191-96e09d8e4b1a] transferring FlowFile[869,90380305938986.mockFlowFile,13B] to 'success'
[pool-145-thread-1] INFO org.apache.nifi.processors.standard.ControlRate - ControlRate[id=bbeacea5-a44f-4c03-8191-96e09d8e4b1a] transferring FlowFile[870,90380305947618.mockFlowFile,13B] to 'success'
[pool-145-thread-1] INFO org.apache.nifi.processors.standard.ControlRate - ControlRate[id=bbeacea5-a44f-4c03-8191-96e09d8e4b1a] transferring FlowFile[871,90380305958286.mockFlowFile,13B] to 'success'
[pool-145-thread-1] INFO org.apache.nifi.processors.standard.ControlRate - ControlRate[id=bbeacea5-a44f-4c03-8191-96e09d8e4b1a] transferring FlowFile[872,90380305966679.mockFlowFile,13B] to 'success'
[pool-145-thread-1] INFO org.apache.nifi.processors.standard.ControlRate - ControlRate[id=bbeacea5-a44f-4c03-8191-96e09d8e4b1a] transferring FlowFile[873,90380305974769.mockFlowFile,13B] to 'success'
[pool-145-thread-1] INFO org.apache.nifi.processors.standard.ControlRate - ControlRate[id=bbeacea5-a44f-4c03-8191-96e09d8e4b1a] transferring FlowFile[874,90380305999681.mockFlowFile,13B] to 'success'
[pool-145-thread-1] INFO org.apache.nifi.processors.standard.ControlRate - ControlRate[id=bbeacea5-a44f-4c03-8191-96e09d8e4b1a] transferring FlowFile[875,90380306008499.mockFlowFile,13B] to 'success'
[pool-145-thread-1] INFO org.apache.nifi.processors.standard.ControlRate - ControlRate[id=bbeacea5-a44f-4c03-8191-96e09d8e4b1a] transferring FlowFile[876,90380306020130.mockFlowFile,13B] to 'success'
[pool-145-thread-1] INFO org.apache.nifi.processors.standard.ControlRate - ControlRate[id=bbeacea5-a44f-4c03-8191-96e09d8e4b1a] transferring FlowFile[877,90380306027978.mockFlowFile,13B] to 'success'
[pool-145-thread-1] INFO org.apache.nifi.processors.standard.ControlRate - ControlRate[id=bbeacea5-a44f-4c03-8191-96e09d8e4b1a] transferring FlowFile[878,90380306035877.mockFlowFile,13B] to 'success'
[pool-145-thread-1] INFO org.apache.nifi.processors.standard.ControlRate - ControlRate[id=bbeacea5-a44f-4c03-8191-96e09d8e4b1a] transferring FlowFile[879,90380306046430.mockFlowFile,13B] to 'success'
[pool-145-thread-1] INFO org.apache.nifi.processors.standard.ControlRate - ControlRate[id=bbeacea5-a44f-4c03-8191-96e09d8e4b1a] transferring FlowFile[880,90380306054949.mockFlowFile,13B] to 'success'
[pool-145-thread-1] INFO org.apache.nifi.processors.standard.ControlRate - ControlRate[id=bbeacea5-a44f-4c03-8191-96e09d8e4b1a] transferring FlowFile[881,90380306062933.mockFlowFile,13B] to 'success'
[pool-145-thread-1] INFO org.apache.nifi.processors.standard.ControlRate - ControlRate[id=bbeacea5-a44f-4c03-8191-96e09d8e4b1a] transferring FlowFile[882,90380306070433.mockFlowFile,13B] to 'success'
[pool-145-thread-1] INFO org.apache.nifi.processors.standard.ControlRate - ControlRate[id=bbeacea5-a44f-4c03-8191-96e09d8e4b1a] transferring FlowFile[883,90380306078492.mockFlowFile,13B] to 'success'
[pool-145-thread-1] INFO org.apache.nifi.processors.standard.ControlRate - ControlRate[id=bbeacea5-a44f-4c03-8191-96e09d8e4b1a] transferring FlowFile[884,90380306086131.mockFlowFile,13B] to 'success'
[pool-145-thread-1] INFO org.apache.nifi.processors.standard.ControlRate - ControlRate[id=bbeacea5-a44f-4c03-8191-96e09d8e4b1a] transferring FlowFile[885,90380306094937.mockFlowFile,13B] to 'success'
[pool-145-thread-1] INFO org.apache.nifi.processors.standard.ControlRate - ControlRate[id=bbeacea5-a44f-4c03-8191-96e09d8e4b1a] transferring FlowFile[886,90380306102937.mockFlowFile,13B] to 'success'
[pool-145-thread-1] INFO org.apache.nifi.processors.standard.ControlRate - ControlRate[id=bbeacea5-a44f-4c03-8191-96e09d8e4b1a] transferring FlowFile[887,90380306113456.mockFlowFile,13B] to 'success'
[pool-145-thread-1] INFO org.apache.nifi.processors.standard.ControlRate - ControlRate[id=bbeacea5-a44f-4c03-8191-96e09d8e4b1a] transferring FlowFile[888,90380306122152.mockFlowFile,13B] to 'success'
[pool-145-thread-1] INFO org.apache.nifi.processors.standard.ControlRate - ControlRate[id=bbeacea5-a44f-4c03-8191-96e09d8e4b1a] transferring FlowFile[889,90380306129834.mockFlowFile,13B] to 'success'
[pool-145-thread-1] INFO org.apache.nifi.processors.standard.ControlRate - ControlRate[id=bbeacea5-a44f-4c03-8191-96e09d8e4b1a] transferring FlowFile[890,90380306137710.mockFlowFile,13B] to 'success'
[pool-145-thread-1] INFO org.apache.nifi.processors.standard.ControlRate - ControlRate[id=bbeacea5-a44f-4c03-8191-96e09d8e4b1a] transferring FlowFile[891,90380306145605.mockFlowFile,13B] to 'success'
[pool-145-thread-1] INFO org.apache.nifi.processors.standard.ControlRate - ControlRate[id=bbeacea5-a44f-4c03-8191-96e09d8e4b1a] transferring FlowFile[892,90380306153334.mockFlowFile,13B] to 'success'
[pool-145-thread-1] INFO org.apache.nifi.processors.standard.ControlRate - ControlRate[id=bbeacea5-a44f-4c03-8191-96e09d8e4b1a] transferring FlowFile[893,90380306162449.mockFlowFile,13B] to 'success'
[pool-145-thread-1] INFO org.apache.nifi.processors.standard.ControlRate - ControlRate[id=bbeacea5-a44f-4c03-8191-96e09d8e4b1a] transferring FlowFile[894,90380306169899.mockFlowFile,13B] to 'success'
[pool-145-thread-1] INFO org.apache.nifi.processors.standard.ControlRate - ControlRate[id=bbeacea5-a44f-4c03-8191-96e09d8e4b1a] transferring FlowFile[895,90380306180917.mockFlowFile,13B] to 'success'
[pool-145-thread-1] INFO org.apache.nifi.processors.standard.ControlRate - ControlRate[id=bbeacea5-a44f-4c03-8191-96e09d8e4b1a] transferring FlowFile[896,90380306189506.mockFlowFile,13B] to 'success'
[pool-145-thread-1] INFO org.apache.nifi.processors.standard.ControlRate - ControlRate[id=bbeacea5-a44f-4c03-8191-96e09d8e4b1a] transferring FlowFile[897,90380306197357.mockFlowFile,13B] to 'success'
[pool-145-thread-1] INFO org.apache.nifi.processors.standard.ControlRate - ControlRate[id=bbeacea5-a44f-4c03-8191-96e09d8e4b1a] transferring FlowFile[898,90380306205207.mockFlowFile,13B] to 'success'
[pool-145-thread-1] INFO org.apache.nifi.processors.standard.ControlRate - ControlRate[id=bbeacea5-a44f-4c03-8191-96e09d8e4b1a] transferring FlowFile[899,90380306212613.mockFlowFile,13B] to 'success'
[pool-145-thread-1] INFO org.apache.nifi.processors.standard.ControlRate - ControlRate[id=bbeacea5-a44f-4c03-8191-96e09d8e4b1a] transferring FlowFile[900,90380306220486.mockFlowFile,13B] to 'success'
[pool-145-thread-1] INFO org.apache.nifi.processors.standard.ControlRate - ControlRate[id=bbeacea5-a44f-4c03-8191-96e09d8e4b1a] transferring FlowFile[901,90380306239648.mockFlowFile,13B] to 'success'
[pool-145-thread-1] INFO org.apache.nifi.processors.standard.ControlRate - ControlRate[id=bbeacea5-a44f-4c03-8191-96e09d8e4b1a] transferring FlowFile[902,90380306256052.mockFlowFile,13B] to 'success'
[pool-145-thread-1] INFO org.apache.nifi.processors.standard.ControlRate - ControlRate[id=bbeacea5-a44f-4c03-8191-96e09d8e4b1a] transferring FlowFile[903,90380306270369.mockFlowFile,13B] to 'success'
[pool-145-thread-1] INFO org.apache.nifi.processors.standard.ControlRate - ControlRate[id=bbeacea5-a44f-4c03-8191-96e09d8e4b1a] transferring FlowFile[904,90380306278528.mockFlowFile,13B] to 'success'
[pool-145-thread-1] INFO org.apache.nifi.processors.standard.ControlRate - ControlRate[id=bbeacea5-a44f-4c03-8191-96e09d8e4b1a] transferring FlowFile[905,90380306288592.mockFlowFile,13B] to 'success'
[pool-145-thread-1] INFO org.apache.nifi.processors.standard.ControlRate - ControlRate[id=bbeacea5-a44f-4c03-8191-96e09d8e4b1a] transferring FlowFile[906,90380306297016.mockFlowFile,13B] to 'success'
[pool-145-thread-1] INFO org.apache.nifi.processors.standard.ControlRate - ControlRate[id=bbeacea5-a44f-4c03-8191-96e09d8e4b1a] transferring FlowFile[907,90380306304910.mockFlowFile,13B] to 'success'
[pool-145-thread-1] INFO org.apache.nifi.processors.standard.ControlRate - ControlRate[id=bbeacea5-a44f-4c03-8191-96e09d8e4b1a] transferring FlowFile[908,90380306313123.mockFlowFile,13B] to 'success'
[pool-145-thread-1] INFO org.apache.nifi.processors.standard.ControlRate - ControlRate[id=bbeacea5-a44f-4c03-8191-96e09d8e4b1a] transferring FlowFile[909,90380306320549.mockFlowFile,13B] to 'success'
[pool-145-thread-1] INFO org.apache.nifi.processors.standard.ControlRate - ControlRate[id=bbeacea5-a44f-4c03-8191-96e09d8e4b1a] transferring FlowFile[910,90380306328440.mockFlowFile,13B] to 'success'
[pool-145-thread-1] INFO org.apache.nifi.processors.standard.ControlRate - ControlRate[id=bbeacea5-a44f-4c03-8191-96e09d8e4b1a] transferring FlowFile[911,90380306339199.mockFlowFile,13B] to 'success'
[pool-145-thread-1] INFO org.apache.nifi.processors.standard.ControlRate - ControlRate[id=bbeacea5-a44f-4c03-8191-96e09d8e4b1a] transferring FlowFile[912,90380306347307.mockFlowFile,13B] to 'success'
[pool-145-thread-1] INFO org.apache.nifi.processors.standard.ControlRate - ControlRate[id=bbeacea5-a44f-4c03-8191-96e09d8e4b1a] transferring FlowFile[913,90380306355238.mockFlowFile,13B] to 'success'
[pool-145-thread-1] INFO org.apache.nifi.processors.standard.ControlRate - ControlRate[id=bbeacea5-a44f-4c03-8191-96e09d8e4b1a] transferring FlowFile[914,90380306363172.mockFlowFile,13B] to 'success'
[pool-145-thread-1] INFO org.apache.nifi.processors.standard.ControlRate - ControlRate[id=bbeacea5-a44f-4c03-8191-96e09d8e4b1a] transferring FlowFile[915,90380306371082.mockFlowFile,13B] to 'success'
[pool-145-thread-1] INFO org.apache.nifi.processors.standard.ControlRate - ControlRate[id=bbeacea5-a44f-4c03-8191-96e09d8e4b1a] transferring FlowFile[916,90380306379216.mockFlowFile,13B] to 'success'
[pool-145-thread-1] INFO org.apache.nifi.processors.standard.ControlRate - ControlRate[id=bbeacea5-a44f-4c03-8191-96e09d8e4b1a] transferring FlowFile[917,90380306387094.mockFlowFile,13B] to 'success'
[pool-145-thread-1] INFO org.apache.nifi.processors.standard.ControlRate - ControlRate[id=bbeacea5-a44f-4c03-8191-96e09d8e4b1a] transferring FlowFile[918,90380306397775.mockFlowFile,13B] to 'success'
[pool-145-thread-1] INFO org.apache.nifi.processors.standard.ControlRate - ControlRate[id=bbeacea5-a44f-4c03-8191-96e09d8e4b1a] transferring FlowFile[919,90380306408519.mockFlowFile,13B] to 'success'
[pool-145-thread-1] INFO org.apache.nifi.processors.standard.ControlRate - ControlRate[id=bbeacea5-a44f-4c03-8191-96e09d8e4b1a] transferring FlowFile[920,90380306418409.mockFlowFile,13B] to 'success'
[pool-145-thread-1] INFO org.apache.nifi.processors.standard.ControlRate - ControlRate[id=bbeacea5-a44f-4c03-8191-96e09d8e4b1a] transferring FlowFile[921,90380306426635.mockFlowFile,13B] to 'success'
[pool-145-thread-1] INFO org.apache.nifi.processors.standard.ControlRate - ControlRate[id=bbeacea5-a44f-4c03-8191-96e09d8e4b1a] transferring FlowFile[922,90380306434566.mockFlowFile,13B] to 'success'
[pool-145-thread-1] INFO org.apache.nifi.processors.standard.ControlRate - ControlRate[id=bbeacea5-a44f-4c03-8191-96e09d8e4b1a] transferring FlowFile[923,90380306442425.mockFlowFile,13B] to 'success'
[pool-145-thread-1] INFO org.apache.nifi.processors.standard.ControlRate - ControlRate[id=bbeacea5-a44f-4c03-8191-96e09d8e4b1a] transferring FlowFile[924,90380306449817.mockFlowFile,13B] to 'success'
[pool-145-thread-1] INFO org.apache.nifi.processors.standard.ControlRate - ControlRate[id=bbeacea5-a44f-4c03-8191-96e09d8e4b1a] transferring FlowFile[925,90380306458151.mockFlowFile,13B] to 'success'
[pool-145-thread-1] INFO org.apache.nifi.processors.standard.ControlRate - ControlRate[id=bbeacea5-a44f-4c03-8191-96e09d8e4b1a] transferring FlowFile[926,90380306465943.mockFlowFile,13B] to 'success'
[pool-145-thread-1] INFO org.apache.nifi.processors.standard.ControlRate - ControlRate[id=bbeacea5-a44f-4c03-8191-96e09d8e4b1a] transferring FlowFile[927,90380306476123.mockFlowFile,13B] to 'success'
[pool-145-thread-1] INFO org.apache.nifi.processors.standard.ControlRate - ControlRate[id=bbeacea5-a44f-4c03-8191-96e09d8e4b1a] transferring FlowFile[928,90380306484694.mockFlowFile,13B] to 'success'
[pool-145-thread-1] INFO org.apache.nifi.processors.standard.ControlRate - ControlRate[id=bbeacea5-a44f-4c03-8191-96e09d8e4b1a] transferring FlowFile[929,90380306492394.mockFlowFile,13B] to 'success'
[pool-145-thread-1] INFO org.apache.nifi.processors.standard.ControlRate - ControlRate[id=bbeacea5-a44f-4c03-8191-96e09d8e4b1a] transferring FlowFile[930,90380306500598.mockFlowFile,13B] to 'success'
[pool-145-thread-1] INFO org.apache.nifi.processors.standard.ControlRate - ControlRate[id=bbeacea5-a44f-4c03-8191-96e09d8e4b1a] transferring FlowFile[931,90380306509381.mockFlowFile,13B] to 'success'
[pool-145-thread-1] INFO org.apache.nifi.processors.standard.ControlRate - ControlRate[id=bbeacea5-a44f-4c03-8191-96e09d8e4b1a] transferring FlowFile[932,90380306517083.mockFlowFile,13B] to 'success'
[pool-145-thread-1] INFO org.apache.nifi.processors.standard.ControlRate - ControlRate[id=bbeacea5-a44f-4c03-8191-96e09d8e4b1a] transferring FlowFile[933,90380306525035.mockFlowFile,13B] to 'success'
[pool-145-thread-1] INFO org.apache.nifi.processors.standard.ControlRate - ControlRate[id=bbeacea5-a44f-4c03-8191-96e09d8e4b1a] transferring FlowFile[934,90380306533586.mockFlowFile,13B] to 'success'
[pool-145-thread-1] INFO org.apache.nifi.processors.standard.ControlRate - ControlRate[id=bbeacea5-a44f-4c03-8191-96e09d8e4b1a] transferring FlowFile[935,90380306544618.mockFlowFile,13B] to 'success'
[pool-145-thread-1] INFO org.apache.nifi.processors.standard.ControlRate - ControlRate[id=bbeacea5-a44f-4c03-8191-96e09d8e4b1a] transferring FlowFile[936,90380306552985.mockFlowFile,13B] to 'success'
[pool-145-thread-1] INFO org.apache.nifi.processors.standard.ControlRate - ControlRate[id=bbeacea5-a44f-4c03-8191-96e09d8e4b1a] transferring FlowFile[937,90380306560767.mockFlowFile,13B] to 'success'
[pool-145-thread-1] INFO org.apache.nifi.processors.standard.ControlRate - ControlRate[id=bbeacea5-a44f-4c03-8191-96e09d8e4b1a] transferring FlowFile[938,90380306568841.mockFlowFile,13B] to 'success'
[pool-145-thread-1] INFO org.apache.nifi.processors.standard.ControlRate - ControlRate[id=bbeacea5-a44f-4c03-8191-96e09d8e4b1a] transferring FlowFile[939,90380306576444.mockFlowFile,13B] to 'success'
[pool-145-thread-1] INFO org.apache.nifi.processors.standard.ControlRate - ControlRate[id=bbeacea5-a44f-4c03-8191-96e09d8e4b1a] transferring FlowFile[940,90380306584256.mockFlowFile,13B] to 'success'
[pool-145-thread-1] INFO org.apache.nifi.processors.standard.ControlRate - ControlRate[id=bbeacea5-a44f-4c03-8191-96e09d8e4b1a] transferring FlowFile[941,90380306592135.mockFlowFile,13B] to 'success'
[pool-145-thread-1] INFO org.apache.nifi.processors.standard.ControlRate - ControlRate[id=bbeacea5-a44f-4c03-8191-96e09d8e4b1a] transferring FlowFile[942,90380306599674.mockFlowFile,13B] to 'success'
[pool-145-thread-1] INFO org.apache.nifi.processors.standard.ControlRate - ControlRate[id=bbeacea5-a44f-4c03-8191-96e09d8e4b1a] transferring FlowFile[943,90380306610343.mockFlowFile,13B] to 'success'
[pool-145-thread-1] INFO org.apache.nifi.processors.standard.ControlRate - ControlRate[id=bbeacea5-a44f-4c03-8191-96e09d8e4b1a] transferring FlowFile[944,90380306618527.mockFlowFile,13B] to 'success'
[pool-145-thread-1] INFO org.apache.nifi.processors.standard.ControlRate - ControlRate[id=bbeacea5-a44f-4c03-8191-96e09d8e4b1a] transferring FlowFile[945,90380306626991.mockFlowFile,13B] to 'success'
[pool-145-thread-1] INFO org.apache.nifi.processors.standard.ControlRate - ControlRate[id=bbeacea5-a44f-4c03-8191-96e09d8e4b1a] transferring FlowFile[946,90380306635370.mockFlowFile,13B] to 'success'
[pool-145-thread-1] INFO org.apache.nifi.processors.standard.ControlRate - ControlRate[id=bbeacea5-a44f-4c03-8191-96e09d8e4b1a] transferring FlowFile[947,90380306642852.mockFlowFile,13B] to 'success'
[pool-145-thread-1] INFO org.apache.nifi.processors.standard.ControlRate - ControlRate[id=bbeacea5-a44f-4c03-8191-96e09d8e4b1a] transferring FlowFile[948,90380306650926.mockFlowFile,13B] to 'success'
[pool-145-thread-1] INFO org.apache.nifi.processors.standard.ControlRate - ControlRate[id=bbeacea5-a44f-4c03-8191-96e09d8e4b1a] transferring FlowFile[949,90380306658417.mockFlowFile,13B] to 'success'
[pool-145-thread-1] INFO org.apache.nifi.processors.standard.ControlRate - ControlRate[id=bbeacea5-a44f-4c03-8191-96e09d8e4b1a] transferring FlowFile[950,90380306666477.mockFlowFile,13B] to 'success'
[pool-145-thread-1] INFO org.apache.nifi.processors.standard.ControlRate - ControlRate[id=bbeacea5-a44f-4c03-8191-96e09d8e4b1a] transferring FlowFile[951,90380306677148.mockFlowFile,13B] to 'success'
[pool-145-thread-1] INFO org.apache.nifi.processors.standard.ControlRate - ControlRate[id=bbeacea5-a44f-4c03-8191-96e09d8e4b1a] transferring FlowFile[952,90380306685383.mockFlowFile,13B] to 'success'
[pool-145-thread-1] INFO org.apache.nifi.processors.standard.ControlRate - ControlRate[id=bbeacea5-a44f-4c03-8191-96e09d8e4b1a] transferring FlowFile[953,90380306693603.mockFlowFile,13B] to 'success'
[pool-145-thread-1] INFO org.apache.nifi.processors.standard.ControlRate - ControlRate[id=bbeacea5-a44f-4c03-8191-96e09d8e4b1a] transferring FlowFile[954,90380306701134.mockFlowFile,13B] to 'success'
[pool-145-thread-1] INFO org.apache.nifi.processors.standard.ControlRate - ControlRate[id=bbeacea5-a44f-4c03-8191-96e09d8e4b1a] transferring FlowFile[955,90380306710637.mockFlowFile,13B] to 'success'
[pool-145-thread-1] INFO org.apache.nifi.processors.standard.ControlRate - ControlRate[id=bbeacea5-a44f-4c03-8191-96e09d8e4b1a] transferring FlowFile[956,90380306733574.mockFlowFile,13B] to 'success'
[pool-145-thread-1] INFO org.apache.nifi.processors.standard.ControlRate - ControlRate[id=bbeacea5-a44f-4c03-8191-96e09d8e4b1a] transferring FlowFile[957,90380306742128.mockFlowFile,13B] to 'success'
[pool-145-thread-1] INFO org.apache.nifi.processors.standard.ControlRate - ControlRate[id=bbeacea5-a44f-4c03-8191-96e09d8e4b1a] transferring FlowFile[958,90380306750083.mockFlowFile,13B] to 'success'
[pool-145-thread-1] INFO org.apache.nifi.processors.standard.ControlRate - ControlRate[id=bbeacea5-a44f-4c03-8191-96e09d8e4b1a] transferring FlowFile[959,90380306760509.mockFlowFile,13B] to 'success'
[pool-145-thread-1] INFO org.apache.nifi.processors.standard.ControlRate - ControlRate[id=bbeacea5-a44f-4c03-8191-96e09d8e4b1a] transferring FlowFile[960,90380306768872.mockFlowFile,13B] to 'success'
[pool-145-thread-1] INFO org.apache.nifi.processors.standard.ControlRate - ControlRate[id=bbeacea5-a44f-4c03-8191-96e09d8e4b1a] transferring FlowFile[961,90380306776606.mockFlowFile,13B] to 'success'
[pool-145-thread-1] INFO org.apache.nifi.processors.standard.ControlRate - ControlRate[id=bbeacea5-a44f-4c03-8191-96e09d8e4b1a] transferring FlowFile[962,90380306786100.mockFlowFile,13B] to 'success'
[pool-145-thread-1] INFO org.apache.nifi.processors.standard.ControlRate - ControlRate[id=bbeacea5-a44f-4c03-8191-96e09d8e4b1a] transferring FlowFile[963,90380306798467.mockFlowFile,13B] to 'success'
[pool-145-thread-1] INFO org.apache.nifi.processors.standard.ControlRate - ControlRate[id=bbeacea5-a44f-4c03-8191-96e09d8e4b1a] transferring FlowFile[964,90380306806225.mockFlowFile,13B] to 'success'
[pool-145-thread-1] INFO org.apache.nifi.processors.standard.ControlRate - ControlRate[id=bbeacea5-a44f-4c03-8191-96e09d8e4b1a] transferring FlowFile[965,90380306814112.mockFlowFile,13B] to 'success'
[pool-145-thread-1] INFO org.apache.nifi.processors.standard.ControlRate - ControlRate[id=bbeacea5-a44f-4c03-8191-96e09d8e4b1a] transferring FlowFile[966,90380306822009.mockFlowFile,13B] to 'success'
[pool-145-thread-1] INFO org.apache.nifi.processors.standard.ControlRate - ControlRate[id=bbeacea5-a44f-4c03-8191-96e09d8e4b1a] transferring FlowFile[967,90380306832249.mockFlowFile,13B] to 'success'
[pool-145-thread-1] INFO org.apache.nifi.processors.standard.ControlRate - ControlRate[id=bbeacea5-a44f-4c03-8191-96e09d8e4b1a] transferring FlowFile[968,90380306841995.mockFlowFile,13B] to 'success'
[pool-145-thread-1] INFO org.apache.nifi.processors.standard.ControlRate - ControlRate[id=bbeacea5-a44f-4c03-8191-96e09d8e4b1a] transferring FlowFile[969,90380306849756.mockFlowFile,13B] to 'success'
[pool-145-thread-1] INFO org.apache.nifi.processors.standard.ControlRate - ControlRate[id=bbeacea5-a44f-4c03-8191-96e09d8e4b1a] transferring FlowFile[970,90380306857580.mockFlowFile,13B] to 'success'
[pool-145-thread-1] INFO org.apache.nifi.processors.standard.ControlRate - ControlRate[id=bbeacea5-a44f-4c03-8191-96e09d8e4b1a] transferring FlowFile[971,90380306865997.mockFlowFile,13B] to 'success'
[pool-145-thread-1] INFO org.apache.nifi.processors.standard.ControlRate - ControlRate[id=bbeacea5-a44f-4c03-8191-96e09d8e4b1a] transferring FlowFile[972,90380306874029.mockFlowFile,13B] to 'success'
[pool-145-thread-1] INFO org.apache.nifi.processors.standard.ControlRate - ControlRate[id=bbeacea5-a44f-4c03-8191-96e09d8e4b1a] transferring FlowFile[973,90380306881953.mockFlowFile,13B] to 'success'
[pool-145-thread-1] INFO org.apache.nifi.processors.standard.ControlRate - ControlRate[id=bbeacea5-a44f-4c03-8191-96e09d8e4b1a] transferring FlowFile[974,90380306889675.mockFlowFile,13B] to 'success'
[pool-145-thread-1] INFO org.apache.nifi.processors.standard.ControlRate - ControlRate[id=bbeacea5-a44f-4c03-8191-96e09d8e4b1a] transferring FlowFile[975,90380306900064.mockFlowFile,13B] to 'success'
[pool-145-thread-1] INFO org.apache.nifi.processors.standard.ControlRate - ControlRate[id=bbeacea5-a44f-4c03-8191-96e09d8e4b1a] transferring FlowFile[976,90380306908482.mockFlowFile,13B] to 'success'
[pool-145-thread-1] INFO org.apache.nifi.processors.standard.ControlRate - ControlRate[id=bbeacea5-a44f-4c03-8191-96e09d8e4b1a] transferring FlowFile[977,90380306916003.mockFlowFile,13B] to 'success'
[pool-145-thread-1] INFO org.apache.nifi.processors.standard.ControlRate - ControlRate[id=bbeacea5-a44f-4c03-8191-96e09d8e4b1a] transferring FlowFile[978,90380306923920.mockFlowFile,13B] to 'success'
[pool-145-thread-1] INFO org.apache.nifi.processors.standard.ControlRate - ControlRate[id=bbeacea5-a44f-4c03-8191-96e09d8e4b1a] transferring FlowFile[979,90380306931173.mockFlowFile,13B] to 'success'
[pool-145-thread-1] INFO org.apache.nifi.processors.standard.ControlRate - ControlRate[id=bbeacea5-a44f-4c03-8191-96e09d8e4b1a] transferring FlowFile[980,90380306938989.mockFlowFile,13B] to 'success'
[pool-145-thread-1] INFO org.apache.nifi.processors.standard.ControlRate - ControlRate[id=bbeacea5-a44f-4c03-8191-96e09d8e4b1a] transferring FlowFile[981,90380306946728.mockFlowFile,13B] to 'success'
[pool-145-thread-1] INFO org.apache.nifi.processors.standard.ControlRate - ControlRate[id=bbeacea5-a44f-4c03-8191-96e09d8e4b1a] transferring FlowFile[982,90380306954189.mockFlowFile,13B] to 'success'
[pool-145-thread-1] INFO org.apache.nifi.processors.standard.ControlRate - ControlRate[id=bbeacea5-a44f-4c03-8191-96e09d8e4b1a] transferring FlowFile[983,90380306964689.mockFlowFile,13B] to 'success'
[pool-145-thread-1] INFO org.apache.nifi.processors.standard.ControlRate - ControlRate[id=bbeacea5-a44f-4c03-8191-96e09d8e4b1a] transferring FlowFile[984,90380306972488.mockFlowFile,13B] to 'success'
[pool-145-thread-1] INFO org.apache.nifi.processors.standard.ControlRate - ControlRate[id=bbeacea5-a44f-4c03-8191-96e09d8e4b1a] transferring FlowFile[985,90380306980248.mockFlowFile,13B] to 'success'
[pool-145-thread-1] INFO org.apache.nifi.processors.standard.ControlRate - ControlRate[id=bbeacea5-a44f-4c03-8191-96e09d8e4b1a] transferring FlowFile[986,90380306989480.mockFlowFile,13B] to 'success'
[pool-145-thread-1] INFO org.apache.nifi.processors.standard.ControlRate - ControlRate[id=bbeacea5-a44f-4c03-8191-96e09d8e4b1a] transferring FlowFile[987,90380306997593.mockFlowFile,13B] to 'success'
[pool-145-thread-1] INFO org.apache.nifi.processors.standard.ControlRate - ControlRate[id=bbeacea5-a44f-4c03-8191-96e09d8e4b1a] transferring FlowFile[988,90380307005851.mockFlowFile,13B] to 'success'
[pool-145-thread-1] INFO org.apache.nifi.processors.standard.ControlRate - ControlRate[id=bbeacea5-a44f-4c03-8191-96e09d8e4b1a] transferring FlowFile[989,90380307013269.mockFlowFile,13B] to 'success'
[pool-145-thread-1] INFO org.apache.nifi.processors.standard.ControlRate - ControlRate[id=bbeacea5-a44f-4c03-8191-96e09d8e4b1a] transferring FlowFile[990,90380307020915.mockFlowFile,13B] to 'success'
[pool-145-thread-1] INFO org.apache.nifi.processors.standard.ControlRate - ControlRate[id=bbeacea5-a44f-4c03-8191-96e09d8e4b1a] transferring FlowFile[991,90380307031447.mockFlowFile,13B] to 'success'
[pool-145-thread-1] INFO org.apache.nifi.processors.standard.ControlRate - ControlRate[id=bbeacea5-a44f-4c03-8191-96e09d8e4b1a] transferring FlowFile[992,90380307039461.mockFlowFile,13B] to 'success'
[pool-145-thread-1] INFO org.apache.nifi.processors.standard.ControlRate - ControlRate[id=bbeacea5-a44f-4c03-8191-96e09d8e4b1a] transferring FlowFile[993,90380307047763.mockFlowFile,13B] to 'success'
[pool-145-thread-1] INFO org.apache.nifi.processors.standard.ControlRate - ControlRate[id=bbeacea5-a44f-4c03-8191-96e09d8e4b1a] transferring FlowFile[994,90380307055535.mockFlowFile,13B] to 'success'
[pool-145-thread-1] INFO org.apache.nifi.processors.standard.ControlRate - ControlRate[id=bbeacea5-a44f-4c03-8191-96e09d8e4b1a] transferring FlowFile[995,90380307063612.mockFlowFile,13B] to 'success'
[pool-145-thread-1] INFO org.apache.nifi.processors.standard.ControlRate - ControlRate[id=bbeacea5-a44f-4c03-8191-96e09d8e4b1a] transferring FlowFile[996,90380307072748.mockFlowFile,13B] to 'success'
[pool-145-thread-1] INFO org.apache.nifi.processors.standard.ControlRate - ControlRate[id=bbeacea5-a44f-4c03-8191-96e09d8e4b1a] transferring FlowFile[997,90380307080936.mockFlowFile,13B] to 'success'
[pool-145-thread-1] INFO org.apache.nifi.processors.standard.ControlRate - ControlRate[id=bbeacea5-a44f-4c03-8191-96e09d8e4b1a] transferring FlowFile[998,90380307094805.mockFlowFile,13B] to 'success'
[pool-145-thread-1] INFO org.apache.nifi.processors.standard.ControlRate - ControlRate[id=bbeacea5-a44f-4c03-8191-96e09d8e4b1a] transferring FlowFile[999,90380307105530.mockFlowFile,13B] to 'success'
[pool-146-thread-1] INFO org.apache.nifi.processors.standard.ControlRate - ControlRate[id=bbeacea5-a44f-4c03-8191-96e09d8e4b1a] transferring FlowFile[1000,90380307115788.mockFlowFile,14B] to 'success'
[pool-146-thread-1] INFO org.apache.nifi.processors.standard.ControlRate - ControlRate[id=bbeacea5-a44f-4c03-8191-96e09d8e4b1a] transferring FlowFile[1001,90380307124053.mockFlowFile,14B] to 'success'
[pool-146-thread-1] INFO org.apache.nifi.processors.standard.ControlRate - ControlRate[id=bbeacea5-a44f-4c03-8191-96e09d8e4b1a] transferring FlowFile[1002,90380307131441.mockFlowFile,14B] to 'success'
[pool-146-thread-1] INFO org.apache.nifi.processors.standard.ControlRate - ControlRate[id=bbeacea5-a44f-4c03-8191-96e09d8e4b1a] transferring FlowFile[1003,90380307139101.mockFlowFile,14B] to 'success'
[pool-146-thread-1] INFO org.apache.nifi.processors.standard.ControlRate - ControlRate[id=bbeacea5-a44f-4c03-8191-96e09d8e4b1a] transferring FlowFile[1004,90380307147512.mockFlowFile,14B] to 'success'
[pool-146-thread-1] INFO org.apache.nifi.processors.standard.ControlRate - ControlRate[id=bbeacea5-a44f-4c03-8191-96e09d8e4b1a] transferring FlowFile[1005,90380307155603.mockFlowFile,14B] to 'success'
[pool-146-thread-1] INFO org.apache.nifi.processors.standard.ControlRate - ControlRate[id=bbeacea5-a44f-4c03-8191-96e09d8e4b1a] transferring FlowFile[1006,90380307163471.mockFlowFile,14B] to 'success'
[pool-146-thread-1] INFO org.apache.nifi.processors.standard.ControlRate - ControlRate[id=bbeacea5-a44f-4c03-8191-96e09d8e4b1a] transferring FlowFile[1007,90380307174699.mockFlowFile,14B] to 'success'
[pool-146-thread-1] INFO org.apache.nifi.processors.standard.ControlRate - ControlRate[id=bbeacea5-a44f-4c03-8191-96e09d8e4b1a] transferring FlowFile[1008,90380307183593.mockFlowFile,14B] to 'success'
[pool-146-thread-1] INFO org.apache.nifi.processors.standard.ControlRate - ControlRate[id=bbeacea5-a44f-4c03-8191-96e09d8e4b1a] transferring FlowFile[1009,90380307191039.mockFlowFile,14B] to 'success'
[pool-146-thread-1] INFO org.apache.nifi.processors.standard.ControlRate - ControlRate[id=bbeacea5-a44f-4c03-8191-96e09d8e4b1a] transferring FlowFile[1010,90380307198854.mockFlowFile,14B] to 'success'
[pool-146-thread-1] INFO org.apache.nifi.processors.standard.ControlRate - ControlRate[id=bbeacea5-a44f-4c03-8191-96e09d8e4b1a] transferring FlowFile[1011,90380307206606.mockFlowFile,14B] to 'success'
[pool-146-thread-1] INFO org.apache.nifi.processors.standard.ControlRate - ControlRate[id=bbeacea5-a44f-4c03-8191-96e09d8e4b1a] transferring FlowFile[1012,90380307213693.mockFlowFile,14B] to 'success'
[pool-146-thread-1] INFO org.apache.nifi.processors.standard.ControlRate - ControlRate[id=bbeacea5-a44f-4c03-8191-96e09d8e4b1a] transferring FlowFile[1013,90380307221397.mockFlowFile,14B] to 'success'
[pool-146-thread-1] INFO org.apache.nifi.processors.standard.ControlRate - ControlRate[id=bbeacea5-a44f-4c03-8191-96e09d8e4b1a] transferring FlowFile[1014,90380307228819.mockFlowFile,14B] to 'success'
[pool-146-thread-1] INFO org.apache.nifi.processors.standard.ControlRate - ControlRate[id=bbeacea5-a44f-4c03-8191-96e09d8e4b1a] transferring FlowFile[1015,90380307239105.mockFlowFile,14B] to 'success'
[pool-146-thread-1] INFO org.apache.nifi.processors.standard.ControlRate - ControlRate[id=bbeacea5-a44f-4c03-8191-96e09d8e4b1a] transferring FlowFile[1016,90380307247367.mockFlowFile,14B] to 'success'
[pool-146-thread-1] INFO org.apache.nifi.processors.standard.ControlRate - ControlRate[id=bbeacea5-a44f-4c03-8191-96e09d8e4b1a] transferring FlowFile[1017,90380307255978.mockFlowFile,14B] to 'success'
[pool-146-thread-1] INFO org.apache.nifi.processors.standard.ControlRate - ControlRate[id=bbeacea5-a44f-4c03-8191-96e09d8e4b1a] transferring FlowFile[1018,90380307263703.mockFlowFile,14B] to 'success'
[pool-146-thread-1] INFO org.apache.nifi.processors.standard.ControlRate - ControlRate[id=bbeacea5-a44f-4c03-8191-96e09d8e4b1a] transferring FlowFile[1019,90380307271067.mockFlowFile,14B] to 'success'
[pool-146-thread-1] INFO org.apache.nifi.processors.standard.ControlRate - ControlRate[id=bbeacea5-a44f-4c03-8191-96e09d8e4b1a] transferring FlowFile[1020,90380307279037.mockFlowFile,14B] to 'success'
[pool-146-thread-1] INFO org.apache.nifi.processors.standard.ControlRate - ControlRate[id=bbeacea5-a44f-4c03-8191-96e09d8e4b1a] transferring FlowFile[1021,90380307286718.mockFlowFile,14B] to 'success'
[pool-146-thread-1] INFO org.apache.nifi.processors.standard.ControlRate - ControlRate[id=bbeacea5-a44f-4c03-8191-96e09d8e4b1a] transferring FlowFile[1022,90380307294206.mockFlowFile,14B] to 'success'
[pool-146-thread-1] INFO org.apache.nifi.processors.standard.ControlRate - ControlRate[id=bbeacea5-a44f-4c03-8191-96e09d8e4b1a] transferring FlowFile[1023,90380307304500.mockFlowFile,14B] to 'success'
[pool-146-thread-1] INFO org.apache.nifi.processors.standard.ControlRate - ControlRate[id=bbeacea5-a44f-4c03-8191-96e09d8e4b1a] transferring FlowFile[1024,90380307315456.mockFlowFile,14B] to 'success'
[pool-146-thread-1] INFO org.apache.nifi.processors.standard.ControlRate - ControlRate[id=bbeacea5-a44f-4c03-8191-96e09d8e4b1a] transferring FlowFile[1025,90380307323635.mockFlowFile,14B] to 'success'
[pool-146-thread-1] INFO org.apache.nifi.processors.standard.ControlRate - ControlRate[id=bbeacea5-a44f-4c03-8191-96e09d8e4b1a] transferring FlowFile[1026,90380307331311.mockFlowFile,14B] to 'success'
[pool-146-thread-1] INFO org.apache.nifi.processors.standard.ControlRate - ControlRate[id=bbeacea5-a44f-4c03-8191-96e09d8e4b1a] transferring FlowFile[1027,90380307338785.mockFlowFile,14B] to 'success'
[pool-146-thread-1] INFO org.apache.nifi.processors.standard.ControlRate - ControlRate[id=bbeacea5-a44f-4c03-8191-96e09d8e4b1a] transferring FlowFile[1028,90380307346408.mockFlowFile,14B] to 'success'
[pool-146-thread-1] INFO org.apache.nifi.processors.standard.ControlRate - ControlRate[id=bbeacea5-a44f-4c03-8191-96e09d8e4b1a] transferring FlowFile[1029,90380307353627.mockFlowFile,14B] to 'success'
[pool-146-thread-1] INFO org.apache.nifi.processors.standard.ControlRate - ControlRate[id=bbeacea5-a44f-4c03-8191-96e09d8e4b1a] transferring FlowFile[1030,90380307361168.mockFlowFile,14B] to 'success'
[pool-146-thread-1] INFO org.apache.nifi.processors.standard.ControlRate - ControlRate[id=bbeacea5-a44f-4c03-8191-96e09d8e4b1a] transferring FlowFile[1031,90380307371847.mockFlowFile,14B] to 'success'
[pool-146-thread-1] INFO org.apache.nifi.processors.standard.ControlRate - ControlRate[id=bbeacea5-a44f-4c03-8191-96e09d8e4b1a] transferring FlowFile[1032,90380307379725.mockFlowFile,14B] to 'success'
[pool-146-thread-1] INFO org.apache.nifi.processors.standard.ControlRate - ControlRate[id=bbeacea5-a44f-4c03-8191-96e09d8e4b1a] transferring FlowFile[1033,90380307387607.mockFlowFile,14B] to 'success'
[pool-146-thread-1] INFO org.apache.nifi.processors.standard.ControlRate - ControlRate[id=bbeacea5-a44f-4c03-8191-96e09d8e4b1a] transferring FlowFile[1034,90380307394904.mockFlowFile,14B] to 'success'
[pool-146-thread-1] INFO org.apache.nifi.processors.standard.ControlRate - ControlRate[id=bbeacea5-a44f-4c03-8191-96e09d8e4b1a] transferring FlowFile[1035,90380307402610.mockFlowFile,14B] to 'success'
[pool-146-thread-1] INFO org.apache.nifi.processors.standard.ControlRate - ControlRate[id=bbeacea5-a44f-4c03-8191-96e09d8e4b1a] transferring FlowFile[1036,90380307410265.mockFlowFile,14B] to 'success'
[pool-146-thread-1] INFO org.apache.nifi.processors.standard.ControlRate - ControlRate[id=bbeacea5-a44f-4c03-8191-96e09d8e4b1a] transferring FlowFile[1037,90380307417552.mockFlowFile,14B] to 'success'
[pool-146-thread-1] INFO org.apache.nifi.processors.standard.ControlRate - ControlRate[id=bbeacea5-a44f-4c03-8191-96e09d8e4b1a] transferring FlowFile[1038,90380307425174.mockFlowFile,14B] to 'success'
[pool-146-thread-1] INFO org.apache.nifi.processors.standard.ControlRate - ControlRate[id=bbeacea5-a44f-4c03-8191-96e09d8e4b1a] transferring FlowFile[1039,90380307435039.mockFlowFile,14B] to 'success'
[pool-146-thread-1] INFO org.apache.nifi.processors.standard.ControlRate - ControlRate[id=bbeacea5-a44f-4c03-8191-96e09d8e4b1a] transferring FlowFile[1040,90380307443053.mockFlowFile,14B] to 'success'
[pool-146-thread-1] INFO org.apache.nifi.processors.standard.ControlRate - ControlRate[id=bbeacea5-a44f-4c03-8191-96e09d8e4b1a] transferring FlowFile[1041,90380307450593.mockFlowFile,14B] to 'success'
[pool-146-thread-1] INFO org.apache.nifi.processors.standard.ControlRate - ControlRate[id=bbeacea5-a44f-4c03-8191-96e09d8e4b1a] transferring FlowFile[1042,90380307457739.mockFlowFile,14B] to 'success'
[pool-146-thread-1] INFO org.apache.nifi.processors.standard.ControlRate - ControlRate[id=bbeacea5-a44f-4c03-8191-96e09d8e4b1a] transferring FlowFile[1043,90380307466157.mockFlowFile,14B] to 'success'
[pool-146-thread-1] INFO org.apache.nifi.processors.standard.ControlRate - ControlRate[id=bbeacea5-a44f-4c03-8191-96e09d8e4b1a] transferring FlowFile[1044,90380307473538.mockFlowFile,14B] to 'success'
[pool-146-thread-1] INFO org.apache.nifi.processors.standard.ControlRate - ControlRate[id=bbeacea5-a44f-4c03-8191-96e09d8e4b1a] transferring FlowFile[1045,90380307481217.mockFlowFile,14B] to 'success'
[pool-146-thread-1] INFO org.apache.nifi.processors.standard.ControlRate - ControlRate[id=bbeacea5-a44f-4c03-8191-96e09d8e4b1a] transferring FlowFile[1046,90380307489916.mockFlowFile,14B] to 'success'
[pool-146-thread-1] INFO org.apache.nifi.processors.standard.ControlRate - ControlRate[id=bbeacea5-a44f-4c03-8191-96e09d8e4b1a] transferring FlowFile[1047,90380307499999.mockFlowFile,14B] to 'success'
[pool-146-thread-1] INFO org.apache.nifi.processors.standard.ControlRate - ControlRate[id=bbeacea5-a44f-4c03-8191-96e09d8e4b1a] transferring FlowFile[1048,90380307508287.mockFlowFile,14B] to 'success'
[pool-146-thread-1] INFO org.apache.nifi.processors.standard.ControlRate - ControlRate[id=bbeacea5-a44f-4c03-8191-96e09d8e4b1a] transferring FlowFile[1049,90380307515721.mockFlowFile,14B] to 'success'
[pool-146-thread-1] INFO org.apache.nifi.processors.standard.ControlRate - ControlRate[id=bbeacea5-a44f-4c03-8191-96e09d8e4b1a] transferring FlowFile[1050,90380307523871.mockFlowFile,14B] to 'success'
[pool-146-thread-1] INFO org.apache.nifi.processors.standard.ControlRate - ControlRate[id=bbeacea5-a44f-4c03-8191-96e09d8e4b1a] transferring FlowFile[1051,90380307531333.mockFlowFile,14B] to 'success'
[pool-146-thread-1] INFO org.apache.nifi.processors.standard.ControlRate - ControlRate[id=bbeacea5-a44f-4c03-8191-96e09d8e4b1a] transferring FlowFile[1052,90380307538877.mockFlowFile,14B] to 'success'
[pool-146-thread-1] INFO org.apache.nifi.processors.standard.ControlRate - ControlRate[id=bbeacea5-a44f-4c03-8191-96e09d8e4b1a] transferring FlowFile[1053,90380307547680.mockFlowFile,14B] to 'success'
[pool-146-thread-1] INFO org.apache.nifi.processors.standard.ControlRate - ControlRate[id=bbeacea5-a44f-4c03-8191-96e09d8e4b1a] transferring FlowFile[1054,90380307555345.mockFlowFile,14B] to 'success'
[pool-146-thread-1] INFO org.apache.nifi.processors.standard.ControlRate - ControlRate[id=bbeacea5-a44f-4c03-8191-96e09d8e4b1a] transferring FlowFile[1055,90380307565575.mockFlowFile,14B] to 'success'
[pool-146-thread-1] INFO org.apache.nifi.processors.standard.ControlRate - ControlRate[id=bbeacea5-a44f-4c03-8191-96e09d8e4b1a] transferring FlowFile[1056,90380307573742.mockFlowFile,14B] to 'success'
[pool-146-thread-1] INFO org.apache.nifi.processors.standard.ControlRate - ControlRate[id=bbeacea5-a44f-4c03-8191-96e09d8e4b1a] transferring FlowFile[1057,90380307581151.mockFlowFile,14B] to 'success'
[pool-146-thread-1] INFO org.apache.nifi.processors.standard.ControlRate - ControlRate[id=bbeacea5-a44f-4c03-8191-96e09d8e4b1a] transferring FlowFile[1058,90380307590421.mockFlowFile,14B] to 'success'
[pool-146-thread-1] INFO org.apache.nifi.processors.standard.ControlRate - ControlRate[id=bbeacea5-a44f-4c03-8191-96e09d8e4b1a] transferring FlowFile[1059,90380307597890.mockFlowFile,14B] to 'success'
[pool-146-thread-1] INFO org.apache.nifi.processors.standard.ControlRate - ControlRate[id=bbeacea5-a44f-4c03-8191-96e09d8e4b1a] transferring FlowFile[1060,90380307605698.mockFlowFile,14B] to 'success'
[pool-146-thread-1] INFO org.apache.nifi.processors.standard.ControlRate - ControlRate[id=bbeacea5-a44f-4c03-8191-96e09d8e4b1a] transferring FlowFile[1061,90380307613601.mockFlowFile,14B] to 'success'
[pool-146-thread-1] INFO org.apache.nifi.processors.standard.ControlRate - ControlRate[id=bbeacea5-a44f-4c03-8191-96e09d8e4b1a] transferring FlowFile[1062,90380307620929.mockFlowFile,14B] to 'success'
[pool-146-thread-1] INFO org.apache.nifi.processors.standard.ControlRate - ControlRate[id=bbeacea5-a44f-4c03-8191-96e09d8e4b1a] transferring FlowFile[1063,90380307631318.mockFlowFile,14B] to 'success'
[pool-146-thread-1] INFO org.apache.nifi.processors.standard.ControlRate - ControlRate[id=bbeacea5-a44f-4c03-8191-96e09d8e4b1a] transferring FlowFile[1064,90380307638956.mockFlowFile,14B] to 'success'
[pool-146-thread-1] INFO org.apache.nifi.processors.standard.ControlRate - ControlRate[id=bbeacea5-a44f-4c03-8191-96e09d8e4b1a] transferring FlowFile[1065,90380307646770.mockFlowFile,14B] to 'success'
[pool-146-thread-1] INFO org.apache.nifi.processors.standard.ControlRate - ControlRate[id=bbeacea5-a44f-4c03-8191-96e09d8e4b1a] transferring FlowFile[1066,90380307654622.mockFlowFile,14B] to 'success'
[pool-146-thread-1] INFO org.apache.nifi.processors.standard.ControlRate - ControlRate[id=bbeacea5-a44f-4c03-8191-96e09d8e4b1a] transferring FlowFile[1067,90380307661922.mockFlowFile,14B] to 'success'
[pool-146-thread-1] INFO org.apache.nifi.processors.standard.ControlRate - ControlRate[id=bbeacea5-a44f-4c03-8191-96e09d8e4b1a] transferring FlowFile[1068,90380307669673.mockFlowFile,14B] to 'success'
[pool-146-thread-1] INFO org.apache.nifi.processors.standard.ControlRate - ControlRate[id=bbeacea5-a44f-4c03-8191-96e09d8e4b1a] transferring FlowFile[1069,90380307676772.mockFlowFile,14B] to 'success'
[pool-146-thread-1] INFO org.apache.nifi.processors.standard.ControlRate - ControlRate[id=bbeacea5-a44f-4c03-8191-96e09d8e4b1a] transferring FlowFile[1070,90380307684305.mockFlowFile,14B] to 'success'
[pool-146-thread-1] INFO org.apache.nifi.processors.standard.ControlRate - ControlRate[id=bbeacea5-a44f-4c03-8191-96e09d8e4b1a] transferring FlowFile[1071,90380307694693.mockFlowFile,14B] to 'success'
[pool-146-thread-1] INFO org.apache.nifi.processors.standard.ControlRate - ControlRate[id=bbeacea5-a44f-4c03-8191-96e09d8e4b1a] transferring FlowFile[1072,90380307702195.mockFlowFile,14B] to 'success'
[pool-146-thread-1] INFO org.apache.nifi.processors.standard.ControlRate - ControlRate[id=bbeacea5-a44f-4c03-8191-96e09d8e4b1a] transferring FlowFile[1073,90380307709997.mockFlowFile,14B] to 'success'
[pool-146-thread-1] INFO org.apache.nifi.processors.standard.ControlRate - ControlRate[id=bbeacea5-a44f-4c03-8191-96e09d8e4b1a] transferring FlowFile[1074,90380307717145.mockFlowFile,14B] to 'success'
[pool-146-thread-1] INFO org.apache.nifi.processors.standard.ControlRate - ControlRate[id=bbeacea5-a44f-4c03-8191-96e09d8e4b1a] transferring FlowFile[1075,90380307725220.mockFlowFile,14B] to 'success'
[pool-146-thread-1] INFO org.apache.nifi.processors.standard.ControlRate - ControlRate[id=bbeacea5-a44f-4c03-8191-96e09d8e4b1a] transferring FlowFile[1076,90380307732881.mockFlowFile,14B] to 'success'
[pool-146-thread-1] INFO org.apache.nifi.processors.standard.ControlRate - ControlRate[id=bbeacea5-a44f-4c03-8191-96e09d8e4b1a] transferring FlowFile[1077,90380307740523.mockFlowFile,14B] to 'success'
[pool-146-thread-1] INFO org.apache.nifi.processors.standard.ControlRate - ControlRate[id=bbeacea5-a44f-4c03-8191-96e09d8e4b1a] transferring FlowFile[1078,90380307748149.mockFlowFile,14B] to 'success'
[pool-146-thread-1] INFO org.apache.nifi.processors.standard.ControlRate - ControlRate[id=bbeacea5-a44f-4c03-8191-96e09d8e4b1a] transferring FlowFile[1079,90380307758531.mockFlowFile,14B] to 'success'
[pool-146-thread-1] INFO org.apache.nifi.processors.standard.ControlRate - ControlRate[id=bbeacea5-a44f-4c03-8191-96e09d8e4b1a] transferring FlowFile[1080,90380307766463.mockFlowFile,14B] to 'success'
[pool-146-thread-1] INFO org.apache.nifi.processors.standard.ControlRate - ControlRate[id=bbeacea5-a44f-4c03-8191-96e09d8e4b1a] transferring FlowFile[1081,90380307774320.mockFlowFile,14B] to 'success'
[pool-146-thread-1] INFO org.apache.nifi.processors.standard.ControlRate - ControlRate[id=bbeacea5-a44f-4c03-8191-96e09d8e4b1a] transferring FlowFile[1082,90380307781642.mockFlowFile,14B] to 'success'
[pool-146-thread-1] INFO org.apache.nifi.processors.standard.ControlRate - ControlRate[id=bbeacea5-a44f-4c03-8191-96e09d8e4b1a] transferring FlowFile[1083,90380307789306.mockFlowFile,14B] to 'success'
[pool-146-thread-1] INFO org.apache.nifi.processors.standard.ControlRate - ControlRate[id=bbeacea5-a44f-4c03-8191-96e09d8e4b1a] transferring FlowFile[1084,90380307796791.mockFlowFile,14B] to 'success'
[pool-146-thread-1] INFO org.apache.nifi.processors.standard.ControlRate - ControlRate[id=bbeacea5-a44f-4c03-8191-96e09d8e4b1a] transferring FlowFile[1085,90380307804640.mockFlowFile,14B] to 'success'
[pool-146-thread-1] INFO org.apache.nifi.processors.standard.ControlRate - ControlRate[id=bbeacea5-a44f-4c03-8191-96e09d8e4b1a] transferring FlowFile[1086,90380307814009.mockFlowFile,14B] to 'success'
[pool-146-thread-1] INFO org.apache.nifi.processors.standard.ControlRate - ControlRate[id=bbeacea5-a44f-4c03-8191-96e09d8e4b1a] transferring FlowFile[1087,90380307823955.mockFlowFile,14B] to 'success'
[pool-146-thread-1] INFO org.apache.nifi.processors.standard.ControlRate - ControlRate[id=bbeacea5-a44f-4c03-8191-96e09d8e4b1a] transferring FlowFile[1088,90380307836817.mockFlowFile,14B] to 'success'
[pool-146-thread-1] INFO org.apache.nifi.processors.standard.ControlRate - ControlRate[id=bbeacea5-a44f-4c03-8191-96e09d8e4b1a] transferring FlowFile[1089,90380307844466.mockFlowFile,14B] to 'success'
[pool-146-thread-1] INFO org.apache.nifi.processors.standard.ControlRate - ControlRate[id=bbeacea5-a44f-4c03-8191-96e09d8e4b1a] transferring FlowFile[1090,90380307853050.mockFlowFile,14B] to 'success'
[pool-146-thread-1] INFO org.apache.nifi.processors.standard.ControlRate - ControlRate[id=bbeacea5-a44f-4c03-8191-96e09d8e4b1a] transferring FlowFile[1091,90380307861285.mockFlowFile,14B] to 'success'
[pool-146-thread-1] INFO org.apache.nifi.processors.standard.ControlRate - ControlRate[id=bbeacea5-a44f-4c03-8191-96e09d8e4b1a] transferring FlowFile[1092,90380307868794.mockFlowFile,14B] to 'success'
[pool-146-thread-1] INFO org.apache.nifi.processors.standard.ControlRate - ControlRate[id=bbeacea5-a44f-4c03-8191-96e09d8e4b1a] transferring FlowFile[1093,90380307876580.mockFlowFile,14B] to 'success'
[pool-146-thread-1] INFO org.apache.nifi.processors.standard.ControlRate - ControlRate[id=bbeacea5-a44f-4c03-8191-96e09d8e4b1a] transferring FlowFile[1094,90380307883653.mockFlowFile,14B] to 'success'
[pool-146-thread-1] INFO org.apache.nifi.processors.standard.ControlRate - ControlRate[id=bbeacea5-a44f-4c03-8191-96e09d8e4b1a] transferring FlowFile[1095,90380307894045.mockFlowFile,14B] to 'success'
[pool-146-thread-1] INFO org.apache.nifi.processors.standard.ControlRate - ControlRate[id=bbeacea5-a44f-4c03-8191-96e09d8e4b1a] transferring FlowFile[1096,90380307902250.mockFlowFile,14B] to 'success'
[pool-146-thread-1] INFO org.apache.nifi.processors.standard.ControlRate - ControlRate[id=bbeacea5-a44f-4c03-8191-96e09d8e4b1a] transferring FlowFile[1097,90380307909589.mockFlowFile,14B] to 'success'
[pool-146-thread-1] INFO org.apache.nifi.processors.standard.ControlRate - ControlRate[id=bbeacea5-a44f-4c03-8191-96e09d8e4b1a] transferring FlowFile[1098,90380307917335.mockFlowFile,14B] to 'success'
[pool-146-thread-1] INFO org.apache.nifi.processors.standard.ControlRate - ControlRate[id=bbeacea5-a44f-4c03-8191-96e09d8e4b1a] transferring FlowFile[1099,90380307932672.mockFlowFile,14B] to 'success'
[pool-146-thread-1] INFO org.apache.nifi.processors.standard.ControlRate - ControlRate[id=bbeacea5-a44f-4c03-8191-96e09d8e4b1a] transferring FlowFile[1100,90380307940971.mockFlowFile,14B] to 'success'
[pool-146-thread-1] INFO org.apache.nifi.processors.standard.ControlRate - ControlRate[id=bbeacea5-a44f-4c03-8191-96e09d8e4b1a] transferring FlowFile[1101,90380307948426.mockFlowFile,14B] to 'success'
[pool-146-thread-1] INFO org.apache.nifi.processors.standard.ControlRate - ControlRate[id=bbeacea5-a44f-4c03-8191-96e09d8e4b1a] transferring FlowFile[1102,90380307955522.mockFlowFile,14B] to 'success'
[pool-146-thread-1] INFO org.apache.nifi.processors.standard.ControlRate - ControlRate[id=bbeacea5-a44f-4c03-8191-96e09d8e4b1a] transferring FlowFile[1103,90380307965802.mockFlowFile,14B] to 'success'
[pool-146-thread-1] INFO org.apache.nifi.processors.standard.ControlRate - ControlRate[id=bbeacea5-a44f-4c03-8191-96e09d8e4b1a] transferring FlowFile[1104,90380307973018.mockFlowFile,14B] to 'success'
[pool-146-thread-1] INFO org.apache.nifi.processors.standard.ControlRate - ControlRate[id=bbeacea5-a44f-4c03-8191-96e09d8e4b1a] transferring FlowFile[1105,90380307980594.mockFlowFile,14B] to 'success'
[pool-146-thread-1] INFO org.apache.nifi.processors.standard.ControlRate - ControlRate[id=bbeacea5-a44f-4c03-8191-96e09d8e4b1a] transferring FlowFile[1106,90380307989144.mockFlowFile,14B] to 'success'
[pool-146-thread-1] INFO org.apache.nifi.processors.standard.ControlRate - ControlRate[id=bbeacea5-a44f-4c03-8191-96e09d8e4b1a] transferring FlowFile[1107,90380307996645.mockFlowFile,14B] to 'success'
[pool-146-thread-1] INFO org.apache.nifi.processors.standard.ControlRate - ControlRate[id=bbeacea5-a44f-4c03-8191-96e09d8e4b1a] transferring FlowFile[1108,90380308024853.mockFlowFile,14B] to 'success'
[pool-146-thread-1] INFO org.apache.nifi.processors.standard.ControlRate - ControlRate[id=bbeacea5-a44f-4c03-8191-96e09d8e4b1a] transferring FlowFile[1109,90380308033266.mockFlowFile,14B] to 'success'
[pool-146-thread-1] INFO org.apache.nifi.processors.standard.ControlRate - ControlRate[id=bbeacea5-a44f-4c03-8191-96e09d8e4b1a] transferring FlowFile[1110,90380308040730.mockFlowFile,14B] to 'success'
[pool-146-thread-1] INFO org.apache.nifi.processors.standard.ControlRate - ControlRate[id=bbeacea5-a44f-4c03-8191-96e09d8e4b1a] transferring FlowFile[1111,90380308050964.mockFlowFile,14B] to 'success'
[pool-146-thread-1] INFO org.apache.nifi.processors.standard.ControlRate - ControlRate[id=bbeacea5-a44f-4c03-8191-96e09d8e4b1a] transferring FlowFile[1112,90380308059414.mockFlowFile,14B] to 'success'
[pool-146-thread-1] INFO org.apache.nifi.processors.standard.ControlRate - ControlRate[id=bbeacea5-a44f-4c03-8191-96e09d8e4b1a] transferring FlowFile[1113,90380308067349.mockFlowFile,14B] to 'success'
[pool-146-thread-1] INFO org.apache.nifi.processors.standard.ControlRate - ControlRate[id=bbeacea5-a44f-4c03-8191-96e09d8e4b1a] transferring FlowFile[1114,90380308074569.mockFlowFile,14B] to 'success'
[pool-146-thread-1] INFO org.apache.nifi.processors.standard.ControlRate - ControlRate[id=bbeacea5-a44f-4c03-8191-96e09d8e4b1a] transferring FlowFile[1115,90380308083371.mockFlowFile,14B] to 'success'
[pool-146-thread-1] INFO org.apache.nifi.processors.standard.ControlRate - ControlRate[id=bbeacea5-a44f-4c03-8191-96e09d8e4b1a] transferring FlowFile[1116,90380308091025.mockFlowFile,14B] to 'success'
[pool-146-thread-1] INFO org.apache.nifi.processors.standard.ControlRate - ControlRate[id=bbeacea5-a44f-4c03-8191-96e09d8e4b1a] transferring FlowFile[1117,90380308098037.mockFlowFile,14B] to 'success'
[pool-146-thread-1] INFO org.apache.nifi.processors.standard.ControlRate - ControlRate[id=bbeacea5-a44f-4c03-8191-96e09d8e4b1a] transferring FlowFile[1118,90380308105289.mockFlowFile,14B] to 'success'
[pool-146-thread-1] INFO org.apache.nifi.processors.standard.ControlRate - ControlRate[id=bbeacea5-a44f-4c03-8191-96e09d8e4b1a] transferring FlowFile[1119,90380308115895.mockFlowFile,14B] to 'success'
[pool-146-thread-1] INFO org.apache.nifi.processors.standard.ControlRate - ControlRate[id=bbeacea5-a44f-4c03-8191-96e09d8e4b1a] transferring FlowFile[1120,90380308124287.mockFlowFile,14B] to 'success'
[pool-146-thread-1] INFO org.apache.nifi.processors.standard.ControlRate - ControlRate[id=bbeacea5-a44f-4c03-8191-96e09d8e4b1a] transferring FlowFile[1121,90380308131467.mockFlowFile,14B] to 'success'
[pool-146-thread-1] INFO org.apache.nifi.processors.standard.ControlRate - ControlRate[id=bbeacea5-a44f-4c03-8191-96e09d8e4b1a] transferring FlowFile[1122,90380308138440.mockFlowFile,14B] to 'success'
[pool-146-thread-1] INFO org.apache.nifi.processors.standard.ControlRate - ControlRate[id=bbeacea5-a44f-4c03-8191-96e09d8e4b1a] transferring FlowFile[1123,90380308145690.mockFlowFile,14B] to 'success'
[pool-146-thread-1] INFO org.apache.nifi.processors.standard.ControlRate - ControlRate[id=bbeacea5-a44f-4c03-8191-96e09d8e4b1a] transferring FlowFile[1124,90380308152638.mockFlowFile,14B] to 'success'
[pool-146-thread-1] INFO org.apache.nifi.processors.standard.ControlRate - ControlRate[id=bbeacea5-a44f-4c03-8191-96e09d8e4b1a] transferring FlowFile[1125,90380308160241.mockFlowFile,14B] to 'success'
[pool-146-thread-1] INFO org.apache.nifi.processors.standard.ControlRate - ControlRate[id=bbeacea5-a44f-4c03-8191-96e09d8e4b1a] transferring FlowFile[1126,90380308168050.mockFlowFile,14B] to 'success'
[pool-146-thread-1] INFO org.apache.nifi.processors.standard.ControlRate - ControlRate[id=bbeacea5-a44f-4c03-8191-96e09d8e4b1a] transferring FlowFile[1127,90380308177517.mockFlowFile,14B] to 'success'
[pool-146-thread-1] INFO org.apache.nifi.processors.standard.ControlRate - ControlRate[id=bbeacea5-a44f-4c03-8191-96e09d8e4b1a] transferring FlowFile[1128,90380308185383.mockFlowFile,14B] to 'success'
[pool-146-thread-1] INFO org.apache.nifi.processors.standard.ControlRate - ControlRate[id=bbeacea5-a44f-4c03-8191-96e09d8e4b1a] transferring FlowFile[1129,90380308192227.mockFlowFile,14B] to 'success'
[pool-146-thread-1] INFO org.apache.nifi.processors.standard.ControlRate - ControlRate[id=bbeacea5-a44f-4c03-8191-96e09d8e4b1a] transferring FlowFile[1130,90380308199620.mockFlowFile,14B] to 'success'
[pool-146-thread-1] INFO org.apache.nifi.processors.standard.ControlRate - ControlRate[id=bbeacea5-a44f-4c03-8191-96e09d8e4b1a] transferring FlowFile[1131,90380308207157.mockFlowFile,14B] to 'success'
[pool-146-thread-1] INFO org.apache.nifi.processors.standard.ControlRate - ControlRate[id=bbeacea5-a44f-4c03-8191-96e09d8e4b1a] transferring FlowFile[1132,90380308214042.mockFlowFile,14B] to 'success'
[pool-146-thread-1] INFO org.apache.nifi.processors.standard.ControlRate - ControlRate[id=bbeacea5-a44f-4c03-8191-96e09d8e4b1a] transferring FlowFile[1133,90380308221451.mockFlowFile,14B] to 'success'
[pool-146-thread-1] INFO org.apache.nifi.processors.standard.ControlRate - ControlRate[id=bbeacea5-a44f-4c03-8191-96e09d8e4b1a] transferring FlowFile[1134,90380308228141.mockFlowFile,14B] to 'success'
[pool-146-thread-1] INFO org.apache.nifi.processors.standard.ControlRate - ControlRate[id=bbeacea5-a44f-4c03-8191-96e09d8e4b1a] transferring FlowFile[1135,90380308238038.mockFlowFile,14B] to 'success'
[pool-146-thread-1] INFO org.apache.nifi.processors.standard.ControlRate - ControlRate[id=bbeacea5-a44f-4c03-8191-96e09d8e4b1a] transferring FlowFile[1136,90380308245753.mockFlowFile,14B] to 'success'
[pool-146-thread-1] INFO org.apache.nifi.processors.standard.ControlRate - ControlRate[id=bbeacea5-a44f-4c03-8191-96e09d8e4b1a] transferring FlowFile[1137,90380308253030.mockFlowFile,14B] to 'success'
[pool-146-thread-1] INFO org.apache.nifi.processors.standard.ControlRate - ControlRate[id=bbeacea5-a44f-4c03-8191-96e09d8e4b1a] transferring FlowFile[1138,90380308260306.mockFlowFile,14B] to 'success'
[pool-146-thread-1] INFO org.apache.nifi.processors.standard.ControlRate - ControlRate[id=bbeacea5-a44f-4c03-8191-96e09d8e4b1a] transferring FlowFile[1139,90380308267276.mockFlowFile,14B] to 'success'
[pool-146-thread-1] INFO org.apache.nifi.processors.standard.ControlRate - ControlRate[id=bbeacea5-a44f-4c03-8191-96e09d8e4b1a] transferring FlowFile[1140,90380308274472.mockFlowFile,14B] to 'success'
[pool-146-thread-1] INFO org.apache.nifi.processors.standard.ControlRate - ControlRate[id=bbeacea5-a44f-4c03-8191-96e09d8e4b1a] transferring FlowFile[1141,90380308281975.mockFlowFile,14B] to 'success'
[pool-146-thread-1] INFO org.apache.nifi.processors.standard.ControlRate - ControlRate[id=bbeacea5-a44f-4c03-8191-96e09d8e4b1a] transferring FlowFile[1142,90380308289839.mockFlowFile,14B] to 'success'
[pool-146-thread-1] INFO org.apache.nifi.processors.standard.ControlRate - ControlRate[id=bbeacea5-a44f-4c03-8191-96e09d8e4b1a] transferring FlowFile[1143,90380308299885.mockFlowFile,14B] to 'success'
[pool-146-thread-1] INFO org.apache.nifi.processors.standard.ControlRate - ControlRate[id=bbeacea5-a44f-4c03-8191-96e09d8e4b1a] transferring FlowFile[1144,90380308307612.mockFlowFile,14B] to 'success'
[pool-146-thread-1] INFO org.apache.nifi.processors.standard.ControlRate - ControlRate[id=bbeacea5-a44f-4c03-8191-96e09d8e4b1a] transferring FlowFile[1145,90380308315308.mockFlowFile,14B] to 'success'
[pool-146-thread-1] INFO org.apache.nifi.processors.standard.ControlRate - ControlRate[id=bbeacea5-a44f-4c03-8191-96e09d8e4b1a] transferring FlowFile[1146,90380308322543.mockFlowFile,14B] to 'success'
[pool-146-thread-1] INFO org.apache.nifi.processors.standard.ControlRate - ControlRate[id=bbeacea5-a44f-4c03-8191-96e09d8e4b1a] transferring FlowFile[1147,90380308329479.mockFlowFile,14B] to 'success'
[pool-146-thread-1] INFO org.apache.nifi.processors.standard.ControlRate - ControlRate[id=bbeacea5-a44f-4c03-8191-96e09d8e4b1a] transferring FlowFile[1148,90380308337121.mockFlowFile,14B] to 'success'
[pool-146-thread-1] INFO org.apache.nifi.processors.standard.ControlRate - ControlRate[id=bbeacea5-a44f-4c03-8191-96e09d8e4b1a] transferring FlowFile[1149,90380308344108.mockFlowFile,14B] to 'success'
[pool-146-thread-1] INFO org.apache.nifi.processors.standard.ControlRate - ControlRate[id=bbeacea5-a44f-4c03-8191-96e09d8e4b1a] transferring FlowFile[1150,90380308351383.mockFlowFile,14B] to 'success'
[pool-146-thread-1] INFO org.apache.nifi.processors.standard.ControlRate - ControlRate[id=bbeacea5-a44f-4c03-8191-96e09d8e4b1a] transferring FlowFile[1151,90380308361266.mockFlowFile,14B] to 'success'
[pool-146-thread-1] INFO org.apache.nifi.processors.standard.ControlRate - ControlRate[id=bbeacea5-a44f-4c03-8191-96e09d8e4b1a] transferring FlowFile[1152,90380308368638.mockFlowFile,14B] to 'success'
[pool-146-thread-1] INFO org.apache.nifi.processors.standard.ControlRate - ControlRate[id=bbeacea5-a44f-4c03-8191-96e09d8e4b1a] transferring FlowFile[1153,90380308375778.mockFlowFile,14B] to 'success'
[pool-146-thread-1] INFO org.apache.nifi.processors.standard.ControlRate - ControlRate[id=bbeacea5-a44f-4c03-8191-96e09d8e4b1a] transferring FlowFile[1154,90380308383025.mockFlowFile,14B] to 'success'
[pool-146-thread-1] INFO org.apache.nifi.processors.standard.ControlRate - ControlRate[id=bbeacea5-a44f-4c03-8191-96e09d8e4b1a] transferring FlowFile[1155,90380308390432.mockFlowFile,14B] to 'success'
[pool-146-thread-1] INFO org.apache.nifi.processors.standard.ControlRate - ControlRate[id=bbeacea5-a44f-4c03-8191-96e09d8e4b1a] transferring FlowFile[1156,90380308397565.mockFlowFile,14B] to 'success'
[pool-146-thread-1] INFO org.apache.nifi.processors.standard.ControlRate - ControlRate[id=bbeacea5-a44f-4c03-8191-96e09d8e4b1a] transferring FlowFile[1157,90380308405580.mockFlowFile,14B] to 'success'
[pool-146-thread-1] INFO org.apache.nifi.processors.standard.ControlRate - ControlRate[id=bbeacea5-a44f-4c03-8191-96e09d8e4b1a] transferring FlowFile[1158,90380308413049.mockFlowFile,14B] to 'success'
[pool-146-thread-1] INFO org.apache.nifi.processors.standard.ControlRate - ControlRate[id=bbeacea5-a44f-4c03-8191-96e09d8e4b1a] transferring FlowFile[1159,90380308422575.mockFlowFile,14B] to 'success'
[pool-146-thread-1] INFO org.apache.nifi.processors.standard.ControlRate - ControlRate[id=bbeacea5-a44f-4c03-8191-96e09d8e4b1a] transferring FlowFile[1160,90380308430495.mockFlowFile,14B] to 'success'
[pool-146-thread-1] INFO org.apache.nifi.processors.standard.ControlRate - ControlRate[id=bbeacea5-a44f-4c03-8191-96e09d8e4b1a] transferring FlowFile[1161,90380308438090.mockFlowFile,14B] to 'success'
[pool-146-thread-1] INFO org.apache.nifi.processors.standard.ControlRate - ControlRate[id=bbeacea5-a44f-4c03-8191-96e09d8e4b1a] transferring FlowFile[1162,90380308445196.mockFlowFile,14B] to 'success'
[pool-146-thread-1] INFO org.apache.nifi.processors.standard.ControlRate - ControlRate[id=bbeacea5-a44f-4c03-8191-96e09d8e4b1a] transferring FlowFile[1163,90380308452526.mockFlowFile,14B] to 'success'
[pool-146-thread-1] INFO org.apache.nifi.processors.standard.ControlRate - ControlRate[id=bbeacea5-a44f-4c03-8191-96e09d8e4b1a] transferring FlowFile[1164,90380308459263.mockFlowFile,14B] to 'success'
[pool-146-thread-1] INFO org.apache.nifi.processors.standard.ControlRate - ControlRate[id=bbeacea5-a44f-4c03-8191-96e09d8e4b1a] transferring FlowFile[1165,90380308466531.mockFlowFile,14B] to 'success'
[pool-146-thread-1] INFO org.apache.nifi.processors.standard.ControlRate - ControlRate[id=bbeacea5-a44f-4c03-8191-96e09d8e4b1a] transferring FlowFile[1166,90380308473968.mockFlowFile,14B] to 'success'
[pool-146-thread-1] INFO org.apache.nifi.processors.standard.ControlRate - ControlRate[id=bbeacea5-a44f-4c03-8191-96e09d8e4b1a] transferring FlowFile[1167,90380308483390.mockFlowFile,14B] to 'success'
[pool-146-thread-1] INFO org.apache.nifi.processors.standard.ControlRate - ControlRate[id=bbeacea5-a44f-4c03-8191-96e09d8e4b1a] transferring FlowFile[1168,90380308491351.mockFlowFile,14B] to 'success'
[pool-146-thread-1] INFO org.apache.nifi.processors.standard.ControlRate - ControlRate[id=bbeacea5-a44f-4c03-8191-96e09d8e4b1a] transferring FlowFile[1169,90380308498333.mockFlowFile,14B] to 'success'
[pool-146-thread-1] INFO org.apache.nifi.processors.standard.ControlRate - ControlRate[id=bbeacea5-a44f-4c03-8191-96e09d8e4b1a] transferring FlowFile[1170,90380308505949.mockFlowFile,14B] to 'success'
[pool-146-thread-1] INFO org.apache.nifi.processors.standard.ControlRate - ControlRate[id=bbeacea5-a44f-4c03-8191-96e09d8e4b1a] transferring FlowFile[1171,90380308513068.mockFlowFile,14B] to 'success'
[pool-146-thread-1] INFO org.apache.nifi.processors.standard.ControlRate - ControlRate[id=bbeacea5-a44f-4c03-8191-96e09d8e4b1a] transferring FlowFile[1172,90380308519897.mockFlowFile,14B] to 'success'
[pool-146-thread-1] INFO org.apache.nifi.processors.standard.ControlRate - ControlRate[id=bbeacea5-a44f-4c03-8191-96e09d8e4b1a] transferring FlowFile[1173,90380308527073.mockFlowFile,14B] to 'success'
[pool-146-thread-1] INFO org.apache.nifi.processors.standard.ControlRate - ControlRate[id=bbeacea5-a44f-4c03-8191-96e09d8e4b1a] transferring FlowFile[1174,90380308535044.mockFlowFile,14B] to 'success'
[pool-146-thread-1] INFO org.apache.nifi.processors.standard.ControlRate - ControlRate[id=bbeacea5-a44f-4c03-8191-96e09d8e4b1a] transferring FlowFile[1175,90380308545256.mockFlowFile,14B] to 'success'
[pool-146-thread-1] INFO org.apache.nifi.processors.standard.ControlRate - ControlRate[id=bbeacea5-a44f-4c03-8191-96e09d8e4b1a] transferring FlowFile[1176,90380308552966.mockFlowFile,14B] to 'success'
[pool-146-thread-1] INFO org.apache.nifi.processors.standard.ControlRate - ControlRate[id=bbeacea5-a44f-4c03-8191-96e09d8e4b1a] transferring FlowFile[1177,90380308559987.mockFlowFile,14B] to 'success'
[pool-146-thread-1] INFO org.apache.nifi.processors.standard.ControlRate - ControlRate[id=bbeacea5-a44f-4c03-8191-96e09d8e4b1a] transferring FlowFile[1178,90380308568589.mockFlowFile,14B] to 'success'
[pool-146-thread-1] INFO org.apache.nifi.processors.standard.ControlRate - ControlRate[id=bbeacea5-a44f-4c03-8191-96e09d8e4b1a] transferring FlowFile[1179,90380308576423.mockFlowFile,14B] to 'success'
[pool-146-thread-1] INFO org.apache.nifi.processors.standard.ControlRate - ControlRate[id=bbeacea5-a44f-4c03-8191-96e09d8e4b1a] transferring FlowFile[1180,90380308584182.mockFlowFile,14B] to 'success'
[pool-146-thread-1] INFO org.apache.nifi.processors.standard.ControlRate - ControlRate[id=bbeacea5-a44f-4c03-8191-96e09d8e4b1a] transferring FlowFile[1181,90380308591809.mockFlowFile,14B] to 'success'
[pool-146-thread-1] INFO org.apache.nifi.processors.standard.ControlRate - ControlRate[id=bbeacea5-a44f-4c03-8191-96e09d8e4b1a] transferring FlowFile[1182,90380308598709.mockFlowFile,14B] to 'success'
[pool-146-thread-1] INFO org.apache.nifi.processors.standard.ControlRate - ControlRate[id=bbeacea5-a44f-4c03-8191-96e09d8e4b1a] transferring FlowFile[1183,90380308608778.mockFlowFile,14B] to 'success'
[pool-146-thread-1] INFO org.apache.nifi.processors.standard.ControlRate - ControlRate[id=bbeacea5-a44f-4c03-8191-96e09d8e4b1a] transferring FlowFile[1184,90380308615960.mockFlowFile,14B] to 'success'
[pool-146-thread-1] INFO org.apache.nifi.processors.standard.ControlRate - ControlRate[id=bbeacea5-a44f-4c03-8191-96e09d8e4b1a] transferring FlowFile[1185,90380308623289.mockFlowFile,14B] to 'success'
[pool-146-thread-1] INFO org.apache.nifi.processors.standard.ControlRate - ControlRate[id=bbeacea5-a44f-4c03-8191-96e09d8e4b1a] transferring FlowFile[1186,90380308630561.mockFlowFile,14B] to 'success'
[pool-146-thread-1] INFO org.apache.nifi.processors.standard.ControlRate - ControlRate[id=bbeacea5-a44f-4c03-8191-96e09d8e4b1a] transferring FlowFile[1187,90380308637563.mockFlowFile,14B] to 'success'
[pool-146-thread-1] INFO org.apache.nifi.processors.standard.ControlRate - ControlRate[id=bbeacea5-a44f-4c03-8191-96e09d8e4b1a] transferring FlowFile[1188,90380308644983.mockFlowFile,14B] to 'success'
[pool-146-thread-1] INFO org.apache.nifi.processors.standard.ControlRate - ControlRate[id=bbeacea5-a44f-4c03-8191-96e09d8e4b1a] transferring FlowFile[1189,90380308652021.mockFlowFile,14B] to 'success'
[pool-146-thread-1] INFO org.apache.nifi.processors.standard.ControlRate - ControlRate[id=bbeacea5-a44f-4c03-8191-96e09d8e4b1a] transferring FlowFile[1190,90380308659218.mockFlowFile,14B] to 'success'
[pool-146-thread-1] INFO org.apache.nifi.processors.standard.ControlRate - ControlRate[id=bbeacea5-a44f-4c03-8191-96e09d8e4b1a] transferring FlowFile[1191,90380308669299.mockFlowFile,14B] to 'success'
[pool-146-thread-1] INFO org.apache.nifi.processors.standard.ControlRate - ControlRate[id=bbeacea5-a44f-4c03-8191-96e09d8e4b1a] transferring FlowFile[1192,90380308676598.mockFlowFile,14B] to 'success'
[pool-146-thread-1] INFO org.apache.nifi.processors.standard.ControlRate - ControlRate[id=bbeacea5-a44f-4c03-8191-96e09d8e4b1a] transferring FlowFile[1193,90380308683779.mockFlowFile,14B] to 'success'
[pool-146-thread-1] INFO org.apache.nifi.processors.standard.ControlRate - ControlRate[id=bbeacea5-a44f-4c03-8191-96e09d8e4b1a] transferring FlowFile[1194,90380308690609.mockFlowFile,14B] to 'success'
[pool-146-thread-1] INFO org.apache.nifi.processors.standard.ControlRate - ControlRate[id=bbeacea5-a44f-4c03-8191-96e09d8e4b1a] transferring FlowFile[1195,90380308697890.mockFlowFile,14B] to 'success'
[pool-146-thread-1] INFO org.apache.nifi.processors.standard.ControlRate - ControlRate[id=bbeacea5-a44f-4c03-8191-96e09d8e4b1a] transferring FlowFile[1196,90380308740021.mockFlowFile,14B] to 'success'
[pool-146-thread-1] INFO org.apache.nifi.processors.standard.ControlRate - ControlRate[id=bbeacea5-a44f-4c03-8191-96e09d8e4b1a] transferring FlowFile[1197,90380308749138.mockFlowFile,14B] to 'success'
[pool-146-thread-1] INFO org.apache.nifi.processors.standard.ControlRate - ControlRate[id=bbeacea5-a44f-4c03-8191-96e09d8e4b1a] transferring FlowFile[1198,90380308756634.mockFlowFile,14B] to 'success'
[pool-146-thread-1] INFO org.apache.nifi.processors.standard.ControlRate - ControlRate[id=bbeacea5-a44f-4c03-8191-96e09d8e4b1a] transferring FlowFile[1199,90380308766824.mockFlowFile,14B] to 'success'
[pool-146-thread-1] INFO org.apache.nifi.processors.standard.ControlRate - ControlRate[id=bbeacea5-a44f-4c03-8191-96e09d8e4b1a] transferring FlowFile[1200,90380308774583.mockFlowFile,14B] to 'success'
[pool-146-thread-1] INFO org.apache.nifi.processors.standard.ControlRate - ControlRate[id=bbeacea5-a44f-4c03-8191-96e09d8e4b1a] transferring FlowFile[1201,90380308782019.mockFlowFile,14B] to 'success'
[pool-146-thread-1] INFO org.apache.nifi.processors.standard.ControlRate - ControlRate[id=bbeacea5-a44f-4c03-8191-96e09d8e4b1a] transferring FlowFile[1202,90380308789084.mockFlowFile,14B] to 'success'
[pool-146-thread-1] INFO org.apache.nifi.processors.standard.ControlRate - ControlRate[id=bbeacea5-a44f-4c03-8191-96e09d8e4b1a] transferring FlowFile[1203,90380308796647.mockFlowFile,14B] to 'success'
[pool-146-thread-1] INFO org.apache.nifi.processors.standard.ControlRate - ControlRate[id=bbeacea5-a44f-4c03-8191-96e09d8e4b1a] transferring FlowFile[1204,90380308803755.mockFlowFile,14B] to 'success'
[pool-146-thread-1] INFO org.apache.nifi.processors.standard.ControlRate - ControlRate[id=bbeacea5-a44f-4c03-8191-96e09d8e4b1a] transferring FlowFile[1205,90380308810948.mockFlowFile,14B] to 'success'
[pool-146-thread-1] INFO org.apache.nifi.processors.standard.ControlRate - ControlRate[id=bbeacea5-a44f-4c03-8191-96e09d8e4b1a] transferring FlowFile[1206,90380308818594.mockFlowFile,14B] to 'success'
[pool-146-thread-1] INFO org.apache.nifi.processors.standard.ControlRate - ControlRate[id=bbeacea5-a44f-4c03-8191-96e09d8e4b1a] transferring FlowFile[1207,90380308828180.mockFlowFile,14B] to 'success'
[pool-146-thread-1] INFO org.apache.nifi.processors.standard.ControlRate - ControlRate[id=bbeacea5-a44f-4c03-8191-96e09d8e4b1a] transferring FlowFile[1208,90380308836052.mockFlowFile,14B] to 'success'
[pool-146-thread-1] INFO org.apache.nifi.processors.standard.ControlRate - ControlRate[id=bbeacea5-a44f-4c03-8191-96e09d8e4b1a] transferring FlowFile[1209,90380308843163.mockFlowFile,14B] to 'success'
[pool-146-thread-1] INFO org.apache.nifi.processors.standard.ControlRate - ControlRate[id=bbeacea5-a44f-4c03-8191-96e09d8e4b1a] transferring FlowFile[1210,90380308850791.mockFlowFile,14B] to 'success'
[pool-146-thread-1] INFO org.apache.nifi.processors.standard.ControlRate - ControlRate[id=bbeacea5-a44f-4c03-8191-96e09d8e4b1a] transferring FlowFile[1211,90380308859242.mockFlowFile,14B] to 'success'
[pool-146-thread-1] INFO org.apache.nifi.processors.standard.ControlRate - ControlRate[id=bbeacea5-a44f-4c03-8191-96e09d8e4b1a] transferring FlowFile[1212,90380308866244.mockFlowFile,14B] to 'success'
[pool-146-thread-1] INFO org.apache.nifi.processors.standard.ControlRate - ControlRate[id=bbeacea5-a44f-4c03-8191-96e09d8e4b1a] transferring FlowFile[1213,90380308873575.mockFlowFile,14B] to 'success'
[pool-146-thread-1] INFO org.apache.nifi.processors.standard.ControlRate - ControlRate[id=bbeacea5-a44f-4c03-8191-96e09d8e4b1a] transferring FlowFile[1214,90380308880556.mockFlowFile,14B] to 'success'
[pool-146-thread-1] INFO org.apache.nifi.processors.standard.ControlRate - ControlRate[id=bbeacea5-a44f-4c03-8191-96e09d8e4b1a] transferring FlowFile[1215,90380308891444.mockFlowFile,14B] to 'success'
[pool-146-thread-1] INFO org.apache.nifi.processors.standard.ControlRate - ControlRate[id=bbeacea5-a44f-4c03-8191-96e09d8e4b1a] transferring FlowFile[1216,90380308899077.mockFlowFile,14B] to 'success'
[pool-146-thread-1] INFO org.apache.nifi.processors.standard.ControlRate - ControlRate[id=bbeacea5-a44f-4c03-8191-96e09d8e4b1a] transferring FlowFile[1217,90380308906164.mockFlowFile,14B] to 'success'
[pool-146-thread-1] INFO org.apache.nifi.processors.standard.ControlRate - ControlRate[id=bbeacea5-a44f-4c03-8191-96e09d8e4b1a] transferring FlowFile[1218,90380308915280.mockFlowFile,14B] to 'success'
[pool-146-thread-1] INFO org.apache.nifi.processors.standard.ControlRate - ControlRate[id=bbeacea5-a44f-4c03-8191-96e09d8e4b1a] transferring FlowFile[1219,90380308923169.mockFlowFile,14B] to 'success'
[pool-146-thread-1] INFO org.apache.nifi.processors.standard.ControlRate - ControlRate[id=bbeacea5-a44f-4c03-8191-96e09d8e4b1a] transferring FlowFile[1220,90380308930919.mockFlowFile,14B] to 'success'
[pool-146-thread-1] INFO org.apache.nifi.processors.standard.ControlRate - ControlRate[id=bbeacea5-a44f-4c03-8191-96e09d8e4b1a] transferring FlowFile[1221,90380308938925.mockFlowFile,14B] to 'success'
[pool-146-thread-1] INFO org.apache.nifi.processors.standard.ControlRate - ControlRate[id=bbeacea5-a44f-4c03-8191-96e09d8e4b1a] transferring FlowFile[1222,90380308945887.mockFlowFile,14B] to 'success'
[pool-146-thread-1] INFO org.apache.nifi.processors.standard.ControlRate - ControlRate[id=bbeacea5-a44f-4c03-8191-96e09d8e4b1a] transferring FlowFile[1223,90380308955977.mockFlowFile,14B] to 'success'
[pool-146-thread-1] INFO org.apache.nifi.processors.standard.ControlRate - ControlRate[id=bbeacea5-a44f-4c03-8191-96e09d8e4b1a] transferring FlowFile[1224,90380308963240.mockFlowFile,14B] to 'success'
[pool-146-thread-1] INFO org.apache.nifi.processors.standard.ControlRate - ControlRate[id=bbeacea5-a44f-4c03-8191-96e09d8e4b1a] transferring FlowFile[1225,90380308970746.mockFlowFile,14B] to 'success'
[pool-146-thread-1] INFO org.apache.nifi.processors.standard.ControlRate - ControlRate[id=bbeacea5-a44f-4c03-8191-96e09d8e4b1a] transferring FlowFile[1226,90380308978554.mockFlowFile,14B] to 'success'
[pool-146-thread-1] INFO org.apache.nifi.processors.standard.ControlRate - ControlRate[id=bbeacea5-a44f-4c03-8191-96e09d8e4b1a] transferring FlowFile[1227,90380308985691.mockFlowFile,14B] to 'success'
[pool-146-thread-1] INFO org.apache.nifi.processors.standard.ControlRate - ControlRate[id=bbeacea5-a44f-4c03-8191-96e09d8e4b1a] transferring FlowFile[1228,90380308993124.mockFlowFile,14B] to 'success'
[pool-146-thread-1] INFO org.apache.nifi.processors.standard.ControlRate - ControlRate[id=bbeacea5-a44f-4c03-8191-96e09d8e4b1a] transferring FlowFile[1229,90380309000640.mockFlowFile,14B] to 'success'
[pool-146-thread-1] INFO org.apache.nifi.processors.standard.ControlRate - ControlRate[id=bbeacea5-a44f-4c03-8191-96e09d8e4b1a] transferring FlowFile[1230,90380309008046.mockFlowFile,14B] to 'success'
[pool-146-thread-1] INFO org.apache.nifi.processors.standard.ControlRate - ControlRate[id=bbeacea5-a44f-4c03-8191-96e09d8e4b1a] transferring FlowFile[1231,90380309018509.mockFlowFile,14B] to 'success'
[pool-146-thread-1] INFO org.apache.nifi.processors.standard.ControlRate - ControlRate[id=bbeacea5-a44f-4c03-8191-96e09d8e4b1a] transferring FlowFile[1232,90380309025701.mockFlowFile,14B] to 'success'
[pool-146-thread-1] INFO org.apache.nifi.processors.standard.ControlRate - ControlRate[id=bbeacea5-a44f-4c03-8191-96e09d8e4b1a] transferring FlowFile[1233,90380309033433.mockFlowFile,14B] to 'success'
[pool-146-thread-1] INFO org.apache.nifi.processors.standard.ControlRate - ControlRate[id=bbeacea5-a44f-4c03-8191-96e09d8e4b1a] transferring FlowFile[1234,90380309040337.mockFlowFile,14B] to 'success'
[pool-146-thread-1] INFO org.apache.nifi.processors.standard.ControlRate - ControlRate[id=bbeacea5-a44f-4c03-8191-96e09d8e4b1a] transferring FlowFile[1235,90380309047758.mockFlowFile,14B] to 'success'
[pool-146-thread-1] INFO org.apache.nifi.processors.standard.ControlRate - ControlRate[id=bbeacea5-a44f-4c03-8191-96e09d8e4b1a] transferring FlowFile[1236,90380309055182.mockFlowFile,14B] to 'success'
[pool-146-thread-1] INFO org.apache.nifi.processors.standard.ControlRate - ControlRate[id=bbeacea5-a44f-4c03-8191-96e09d8e4b1a] transferring FlowFile[1237,90380309063087.mockFlowFile,14B] to 'success'
[pool-146-thread-1] INFO org.apache.nifi.processors.standard.ControlRate - ControlRate[id=bbeacea5-a44f-4c03-8191-96e09d8e4b1a] transferring FlowFile[1238,90380309070676.mockFlowFile,14B] to 'success'
[pool-146-thread-1] INFO org.apache.nifi.processors.standard.ControlRate - ControlRate[id=bbeacea5-a44f-4c03-8191-96e09d8e4b1a] transferring FlowFile[1239,90380309080269.mockFlowFile,14B] to 'success'
[pool-146-thread-1] INFO org.apache.nifi.processors.standard.ControlRate - ControlRate[id=bbeacea5-a44f-4c03-8191-96e09d8e4b1a] transferring FlowFile[1240,90380309087836.mockFlowFile,14B] to 'success'
[pool-146-thread-1] INFO org.apache.nifi.processors.standard.ControlRate - ControlRate[id=bbeacea5-a44f-4c03-8191-96e09d8e4b1a] transferring FlowFile[1241,90380309113548.mockFlowFile,14B] to 'success'
[pool-146-thread-1] INFO org.apache.nifi.processors.standard.ControlRate - ControlRate[id=bbeacea5-a44f-4c03-8191-96e09d8e4b1a] transferring FlowFile[1242,90380309121316.mockFlowFile,14B] to 'success'
[pool-146-thread-1] INFO org.apache.nifi.processors.standard.ControlRate - ControlRate[id=bbeacea5-a44f-4c03-8191-96e09d8e4b1a] transferring FlowFile[1243,90380309129303.mockFlowFile,14B] to 'success'
[pool-146-thread-1] INFO org.apache.nifi.processors.standard.ControlRate - ControlRate[id=bbeacea5-a44f-4c03-8191-96e09d8e4b1a] transferring FlowFile[1244,90380309136382.mockFlowFile,14B] to 'success'
[pool-146-thread-1] INFO org.apache.nifi.processors.standard.ControlRate - ControlRate[id=bbeacea5-a44f-4c03-8191-96e09d8e4b1a] transferring FlowFile[1245,90380309143841.mockFlowFile,14B] to 'success'
[pool-146-thread-1] INFO org.apache.nifi.processors.standard.ControlRate - ControlRate[id=bbeacea5-a44f-4c03-8191-96e09d8e4b1a] transferring FlowFile[1246,90380309151219.mockFlowFile,14B] to 'success'
[pool-146-thread-1] INFO org.apache.nifi.processors.standard.ControlRate - ControlRate[id=bbeacea5-a44f-4c03-8191-96e09d8e4b1a] transferring FlowFile[1247,90380309161383.mockFlowFile,14B] to 'success'
[pool-146-thread-1] INFO org.apache.nifi.processors.standard.ControlRate - ControlRate[id=bbeacea5-a44f-4c03-8191-96e09d8e4b1a] transferring FlowFile[1248,90380309171740.mockFlowFile,14B] to 'success'
[pool-146-thread-1] INFO org.apache.nifi.processors.standard.ControlRate - ControlRate[id=bbeacea5-a44f-4c03-8191-96e09d8e4b1a] transferring FlowFile[1249,90380309185276.mockFlowFile,14B] to 'success'
[pool-146-thread-1] INFO org.apache.nifi.processors.standard.ControlRate - ControlRate[id=bbeacea5-a44f-4c03-8191-96e09d8e4b1a] transferring FlowFile[1250,90380309193784.mockFlowFile,14B] to 'success'
[pool-146-thread-1] INFO org.apache.nifi.processors.standard.ControlRate - ControlRate[id=bbeacea5-a44f-4c03-8191-96e09d8e4b1a] transferring FlowFile[1251,90380309201355.mockFlowFile,14B] to 'success'
[pool-146-thread-1] INFO org.apache.nifi.processors.standard.ControlRate - ControlRate[id=bbeacea5-a44f-4c03-8191-96e09d8e4b1a] transferring FlowFile[1252,90380309209904.mockFlowFile,14B] to 'success'
[pool-146-thread-1] INFO org.apache.nifi.processors.standard.ControlRate - ControlRate[id=bbeacea5-a44f-4c03-8191-96e09d8e4b1a] transferring FlowFile[1253,90380309217769.mockFlowFile,14B] to 'success'
[pool-146-thread-1] INFO org.apache.nifi.processors.standard.ControlRate - ControlRate[id=bbeacea5-a44f-4c03-8191-96e09d8e4b1a] transferring FlowFile[1254,90380309224724.mockFlowFile,14B] to 'success'
[pool-146-thread-1] INFO org.apache.nifi.processors.standard.ControlRate - ControlRate[id=bbeacea5-a44f-4c03-8191-96e09d8e4b1a] transferring FlowFile[1255,90380309235216.mockFlowFile,14B] to 'success'
[pool-146-thread-1] INFO org.apache.nifi.processors.standard.ControlRate - ControlRate[id=bbeacea5-a44f-4c03-8191-96e09d8e4b1a] transferring FlowFile[1256,90380309244621.mockFlowFile,14B] to 'success'
[pool-146-thread-1] INFO org.apache.nifi.processors.standard.ControlRate - ControlRate[id=bbeacea5-a44f-4c03-8191-96e09d8e4b1a] transferring FlowFile[1257,90380309251550.mockFlowFile,14B] to 'success'
[pool-146-thread-1] INFO org.apache.nifi.processors.standard.ControlRate - ControlRate[id=bbeacea5-a44f-4c03-8191-96e09d8e4b1a] transferring FlowFile[1258,90380309258617.mockFlowFile,14B] to 'success'
[pool-146-thread-1] INFO org.apache.nifi.processors.standard.ControlRate - ControlRate[id=bbeacea5-a44f-4c03-8191-96e09d8e4b1a] transferring FlowFile[1259,90380309265728.mockFlowFile,14B] to 'success'
[pool-146-thread-1] INFO org.apache.nifi.processors.standard.ControlRate - ControlRate[id=bbeacea5-a44f-4c03-8191-96e09d8e4b1a] transferring FlowFile[1260,90380309273882.mockFlowFile,14B] to 'success'
[pool-146-thread-1] INFO org.apache.nifi.processors.standard.ControlRate - ControlRate[id=bbeacea5-a44f-4c03-8191-96e09d8e4b1a] transferring FlowFile[1261,90380309281232.mockFlowFile,14B] to 'success'
[pool-146-thread-1] INFO org.apache.nifi.processors.standard.ControlRate - ControlRate[id=bbeacea5-a44f-4c03-8191-96e09d8e4b1a] transferring FlowFile[1262,90380309288183.mockFlowFile,14B] to 'success'
[pool-146-thread-1] INFO org.apache.nifi.processors.standard.ControlRate - ControlRate[id=bbeacea5-a44f-4c03-8191-96e09d8e4b1a] transferring FlowFile[1263,90380309298706.mockFlowFile,14B] to 'success'
[pool-146-thread-1] INFO org.apache.nifi.processors.standard.ControlRate - ControlRate[id=bbeacea5-a44f-4c03-8191-96e09d8e4b1a] transferring FlowFile[1264,90380309306024.mockFlowFile,14B] to 'success'
[pool-146-thread-1] INFO org.apache.nifi.processors.standard.ControlRate - ControlRate[id=bbeacea5-a44f-4c03-8191-96e09d8e4b1a] transferring FlowFile[1265,90380309313263.mockFlowFile,14B] to 'success'
[pool-146-thread-1] INFO org.apache.nifi.processors.standard.ControlRate - ControlRate[id=bbeacea5-a44f-4c03-8191-96e09d8e4b1a] transferring FlowFile[1266,90380309320374.mockFlowFile,14B] to 'success'
[pool-146-thread-1] INFO org.apache.nifi.processors.standard.ControlRate - ControlRate[id=bbeacea5-a44f-4c03-8191-96e09d8e4b1a] transferring FlowFile[1267,90380309327023.mockFlowFile,14B] to 'success'
[pool-146-thread-1] INFO org.apache.nifi.processors.standard.ControlRate - ControlRate[id=bbeacea5-a44f-4c03-8191-96e09d8e4b1a] transferring FlowFile[1268,90380309334284.mockFlowFile,14B] to 'success'
[pool-146-thread-1] INFO org.apache.nifi.processors.standard.ControlRate - ControlRate[id=bbeacea5-a44f-4c03-8191-96e09d8e4b1a] transferring FlowFile[1269,90380309341125.mockFlowFile,14B] to 'success'
[pool-146-thread-1] INFO org.apache.nifi.processors.standard.ControlRate - ControlRate[id=bbeacea5-a44f-4c03-8191-96e09d8e4b1a] transferring FlowFile[1270,90380309348349.mockFlowFile,14B] to 'success'
[pool-146-thread-1] INFO org.apache.nifi.processors.standard.ControlRate - ControlRate[id=bbeacea5-a44f-4c03-8191-96e09d8e4b1a] transferring FlowFile[1271,90380309358239.mockFlowFile,14B] to 'success'
[pool-146-thread-1] INFO org.apache.nifi.processors.standard.ControlRate - ControlRate[id=bbeacea5-a44f-4c03-8191-96e09d8e4b1a] transferring FlowFile[1272,90380309365596.mockFlowFile,14B] to 'success'
[pool-146-thread-1] INFO org.apache.nifi.processors.standard.ControlRate - ControlRate[id=bbeacea5-a44f-4c03-8191-96e09d8e4b1a] transferring FlowFile[1273,90380309372957.mockFlowFile,14B] to 'success'
[pool-146-thread-1] INFO org.apache.nifi.processors.standard.ControlRate - ControlRate[id=bbeacea5-a44f-4c03-8191-96e09d8e4b1a] transferring FlowFile[1274,90380309380293.mockFlowFile,14B] to 'success'
[pool-146-thread-1] INFO org.apache.nifi.processors.standard.ControlRate - ControlRate[id=bbeacea5-a44f-4c03-8191-96e09d8e4b1a] transferring FlowFile[1275,90380309387726.mockFlowFile,14B] to 'success'
[pool-146-thread-1] INFO org.apache.nifi.processors.standard.ControlRate - ControlRate[id=bbeacea5-a44f-4c03-8191-96e09d8e4b1a] transferring FlowFile[1276,90380309394979.mockFlowFile,14B] to 'success'
[pool-146-thread-1] INFO org.apache.nifi.processors.standard.ControlRate - ControlRate[id=bbeacea5-a44f-4c03-8191-96e09d8e4b1a] transferring FlowFile[1277,90380309421392.mockFlowFile,14B] to 'success'
[pool-146-thread-1] INFO org.apache.nifi.processors.standard.ControlRate - ControlRate[id=bbeacea5-a44f-4c03-8191-96e09d8e4b1a] transferring FlowFile[1278,90380309430260.mockFlowFile,14B] to 'success'
[pool-146-thread-1] INFO org.apache.nifi.processors.standard.ControlRate - ControlRate[id=bbeacea5-a44f-4c03-8191-96e09d8e4b1a] transferring FlowFile[1279,90380309440753.mockFlowFile,14B] to 'success'
[pool-146-thread-1] INFO org.apache.nifi.processors.standard.ControlRate - ControlRate[id=bbeacea5-a44f-4c03-8191-96e09d8e4b1a] transferring FlowFile[1280,90380309448153.mockFlowFile,14B] to 'success'
[pool-146-thread-1] INFO org.apache.nifi.processors.standard.ControlRate - ControlRate[id=bbeacea5-a44f-4c03-8191-96e09d8e4b1a] transferring FlowFile[1281,90380309455186.mockFlowFile,14B] to 'success'
[pool-146-thread-1] INFO org.apache.nifi.processors.standard.ControlRate - ControlRate[id=bbeacea5-a44f-4c03-8191-96e09d8e4b1a] transferring FlowFile[1282,90380309462228.mockFlowFile,14B] to 'success'
[pool-146-thread-1] INFO org.apache.nifi.processors.standard.ControlRate - ControlRate[id=bbeacea5-a44f-4c03-8191-96e09d8e4b1a] transferring FlowFile[1283,90380309469304.mockFlowFile,14B] to 'success'
[pool-146-thread-1] INFO org.apache.nifi.processors.standard.ControlRate - ControlRate[id=bbeacea5-a44f-4c03-8191-96e09d8e4b1a] transferring FlowFile[1284,90380309476029.mockFlowFile,14B] to 'success'
[pool-146-thread-1] INFO org.apache.nifi.processors.standard.ControlRate - ControlRate[id=bbeacea5-a44f-4c03-8191-96e09d8e4b1a] transferring FlowFile[1285,90380309484448.mockFlowFile,14B] to 'success'
[pool-146-thread-1] INFO org.apache.nifi.processors.standard.ControlRate - ControlRate[id=bbeacea5-a44f-4c03-8191-96e09d8e4b1a] transferring FlowFile[1286,90380309491522.mockFlowFile,14B] to 'success'
[pool-146-thread-1] INFO org.apache.nifi.processors.standard.ControlRate - ControlRate[id=bbeacea5-a44f-4c03-8191-96e09d8e4b1a] transferring FlowFile[1287,90380309501314.mockFlowFile,14B] to 'success'
[pool-146-thread-1] INFO org.apache.nifi.processors.standard.ControlRate - ControlRate[id=bbeacea5-a44f-4c03-8191-96e09d8e4b1a] transferring FlowFile[1288,90380309508948.mockFlowFile,14B] to 'success'
[pool-146-thread-1] INFO org.apache.nifi.processors.standard.ControlRate - ControlRate[id=bbeacea5-a44f-4c03-8191-96e09d8e4b1a] transferring FlowFile[1289,90380309515744.mockFlowFile,14B] to 'success'
[pool-146-thread-1] INFO org.apache.nifi.processors.standard.ControlRate - ControlRate[id=bbeacea5-a44f-4c03-8191-96e09d8e4b1a] transferring FlowFile[1290,90380309522744.mockFlowFile,14B] to 'success'
[pool-146-thread-1] INFO org.apache.nifi.processors.standard.ControlRate - ControlRate[id=bbeacea5-a44f-4c03-8191-96e09d8e4b1a] transferring FlowFile[1291,90380309530008.mockFlowFile,14B] to 'success'
[pool-146-thread-1] INFO org.apache.nifi.processors.standard.ControlRate - ControlRate[id=bbeacea5-a44f-4c03-8191-96e09d8e4b1a] transferring FlowFile[1292,90380309537010.mockFlowFile,14B] to 'success'
[pool-146-thread-1] INFO org.apache.nifi.processors.standard.ControlRate - ControlRate[id=bbeacea5-a44f-4c03-8191-96e09d8e4b1a] transferring FlowFile[1293,90380309544109.mockFlowFile,14B] to 'success'
[pool-146-thread-1] INFO org.apache.nifi.processors.standard.ControlRate - ControlRate[id=bbeacea5-a44f-4c03-8191-96e09d8e4b1a] transferring FlowFile[1294,90380309550761.mockFlowFile,14B] to 'success'
[pool-146-thread-1] INFO org.apache.nifi.processors.standard.ControlRate - ControlRate[id=bbeacea5-a44f-4c03-8191-96e09d8e4b1a] transferring FlowFile[1295,90380309560880.mockFlowFile,14B] to 'success'
[pool-146-thread-1] INFO org.apache.nifi.processors.standard.ControlRate - ControlRate[id=bbeacea5-a44f-4c03-8191-96e09d8e4b1a] transferring FlowFile[1296,90380309569518.mockFlowFile,14B] to 'success'
[pool-146-thread-1] INFO org.apache.nifi.processors.standard.ControlRate - ControlRate[id=bbeacea5-a44f-4c03-8191-96e09d8e4b1a] transferring FlowFile[1297,90380309576384.mockFlowFile,14B] to 'success'
[pool-146-thread-1] INFO org.apache.nifi.processors.standard.ControlRate - ControlRate[id=bbeacea5-a44f-4c03-8191-96e09d8e4b1a] transferring FlowFile[1298,90380309584343.mockFlowFile,14B] to 'success'
[pool-146-thread-1] INFO org.apache.nifi.processors.standard.ControlRate - ControlRate[id=bbeacea5-a44f-4c03-8191-96e09d8e4b1a] transferring FlowFile[1299,90380309591162.mockFlowFile,14B] to 'success'
[pool-146-thread-1] INFO org.apache.nifi.processors.standard.ControlRate - ControlRate[id=bbeacea5-a44f-4c03-8191-96e09d8e4b1a] transferring FlowFile[1300,90380309598094.mockFlowFile,14B] to 'success'
[pool-146-thread-1] INFO org.apache.nifi.processors.standard.ControlRate - ControlRate[id=bbeacea5-a44f-4c03-8191-96e09d8e4b1a] transferring FlowFile[1301,90380309605137.mockFlowFile,14B] to 'success'
[pool-146-thread-1] INFO org.apache.nifi.processors.standard.ControlRate - ControlRate[id=bbeacea5-a44f-4c03-8191-96e09d8e4b1a] transferring FlowFile[1302,90380309612986.mockFlowFile,14B] to 'success'
[pool-146-thread-1] INFO org.apache.nifi.processors.standard.ControlRate - ControlRate[id=bbeacea5-a44f-4c03-8191-96e09d8e4b1a] transferring FlowFile[1303,90380309623714.mockFlowFile,14B] to 'success'
[pool-146-thread-1] INFO org.apache.nifi.processors.standard.ControlRate - ControlRate[id=bbeacea5-a44f-4c03-8191-96e09d8e4b1a] transferring FlowFile[1304,90380309630723.mockFlowFile,14B] to 'success'
[pool-146-thread-1] INFO org.apache.nifi.processors.standard.ControlRate - ControlRate[id=bbeacea5-a44f-4c03-8191-96e09d8e4b1a] transferring FlowFile[1305,90380309637820.mockFlowFile,14B] to 'success'
[pool-146-thread-1] INFO org.apache.nifi.processors.standard.ControlRate - ControlRate[id=bbeacea5-a44f-4c03-8191-96e09d8e4b1a] transferring FlowFile[1306,90380309644772.mockFlowFile,14B] to 'success'
[pool-146-thread-1] INFO org.apache.nifi.processors.standard.ControlRate - ControlRate[id=bbeacea5-a44f-4c03-8191-96e09d8e4b1a] transferring FlowFile[1307,90380309651485.mockFlowFile,14B] to 'success'
[pool-146-thread-1] INFO org.apache.nifi.processors.standard.ControlRate - ControlRate[id=bbeacea5-a44f-4c03-8191-96e09d8e4b1a] transferring FlowFile[1308,90380309658748.mockFlowFile,14B] to 'success'
[pool-146-thread-1] INFO org.apache.nifi.processors.standard.ControlRate - ControlRate[id=bbeacea5-a44f-4c03-8191-96e09d8e4b1a] transferring FlowFile[1309,90380309665859.mockFlowFile,14B] to 'success'
[pool-146-thread-1] INFO org.apache.nifi.processors.standard.ControlRate - ControlRate[id=bbeacea5-a44f-4c03-8191-96e09d8e4b1a] transferring FlowFile[1310,90380309674438.mockFlowFile,14B] to 'success'
[pool-146-thread-1] INFO org.apache.nifi.processors.standard.ControlRate - ControlRate[id=bbeacea5-a44f-4c03-8191-96e09d8e4b1a] transferring FlowFile[1311,90380309684946.mockFlowFile,14B] to 'success'
[pool-146-thread-1] INFO org.apache.nifi.processors.standard.ControlRate - ControlRate[id=bbeacea5-a44f-4c03-8191-96e09d8e4b1a] transferring FlowFile[1312,90380309692185.mockFlowFile,14B] to 'success'
[pool-146-thread-1] INFO org.apache.nifi.processors.standard.ControlRate - ControlRate[id=bbeacea5-a44f-4c03-8191-96e09d8e4b1a] transferring FlowFile[1313,90380309699181.mockFlowFile,14B] to 'success'
[pool-146-thread-1] INFO org.apache.nifi.processors.standard.ControlRate - ControlRate[id=bbeacea5-a44f-4c03-8191-96e09d8e4b1a] transferring FlowFile[1314,90380309707738.mockFlowFile,14B] to 'success'
[pool-146-thread-1] INFO org.apache.nifi.processors.standard.ControlRate - ControlRate[id=bbeacea5-a44f-4c03-8191-96e09d8e4b1a] transferring FlowFile[1315,90380309718622.mockFlowFile,14B] to 'success'
[pool-146-thread-1] INFO org.apache.nifi.processors.standard.ControlRate - ControlRate[id=bbeacea5-a44f-4c03-8191-96e09d8e4b1a] transferring FlowFile[1316,90380309725940.mockFlowFile,14B] to 'success'
[pool-146-thread-1] INFO org.apache.nifi.processors.standard.ControlRate - ControlRate[id=bbeacea5-a44f-4c03-8191-96e09d8e4b1a] transferring FlowFile[1317,90380309732570.mockFlowFile,14B] to 'success'
[pool-146-thread-1] INFO org.apache.nifi.processors.standard.ControlRate - ControlRate[id=bbeacea5-a44f-4c03-8191-96e09d8e4b1a] transferring FlowFile[1318,90380309739445.mockFlowFile,14B] to 'success'
[pool-146-thread-1] INFO org.apache.nifi.processors.standard.ControlRate - ControlRate[id=bbeacea5-a44f-4c03-8191-96e09d8e4b1a] transferring FlowFile[1319,90380309749475.mockFlowFile,14B] to 'success'
[pool-146-thread-1] INFO org.apache.nifi.processors.standard.ControlRate - ControlRate[id=bbeacea5-a44f-4c03-8191-96e09d8e4b1a] transferring FlowFile[1320,90380309763885.mockFlowFile,14B] to 'success'
[pool-146-thread-1] INFO org.apache.nifi.processors.standard.ControlRate - ControlRate[id=bbeacea5-a44f-4c03-8191-96e09d8e4b1a] transferring FlowFile[1321,90380309771733.mockFlowFile,14B] to 'success'
[pool-146-thread-1] INFO org.apache.nifi.processors.standard.ControlRate - ControlRate[id=bbeacea5-a44f-4c03-8191-96e09d8e4b1a] transferring FlowFile[1322,90380309778790.mockFlowFile,14B] to 'success'
[pool-146-thread-1] INFO org.apache.nifi.processors.standard.ControlRate - ControlRate[id=bbeacea5-a44f-4c03-8191-96e09d8e4b1a] transferring FlowFile[1323,90380309785978.mockFlowFile,14B] to 'success'
[pool-146-thread-1] INFO org.apache.nifi.processors.standard.ControlRate - ControlRate[id=bbeacea5-a44f-4c03-8191-96e09d8e4b1a] transferring FlowFile[1324,90380309792715.mockFlowFile,14B] to 'success'
[pool-146-thread-1] INFO org.apache.nifi.processors.standard.ControlRate - ControlRate[id=bbeacea5-a44f-4c03-8191-96e09d8e4b1a] transferring FlowFile[1325,90380309800842.mockFlowFile,14B] to 'success'
[pool-146-thread-1] INFO org.apache.nifi.processors.standard.ControlRate - ControlRate[id=bbeacea5-a44f-4c03-8191-96e09d8e4b1a] transferring FlowFile[1326,90380309807988.mockFlowFile,14B] to 'success'
[pool-146-thread-1] INFO org.apache.nifi.processors.standard.ControlRate - ControlRate[id=bbeacea5-a44f-4c03-8191-96e09d8e4b1a] transferring FlowFile[1327,90380309819016.mockFlowFile,14B] to 'success'
[pool-146-thread-1] INFO org.apache.nifi.processors.standard.ControlRate - ControlRate[id=bbeacea5-a44f-4c03-8191-96e09d8e4b1a] transferring FlowFile[1328,90380309826802.mockFlowFile,14B] to 'success'
[pool-146-thread-1] INFO org.apache.nifi.processors.standard.ControlRate - ControlRate[id=bbeacea5-a44f-4c03-8191-96e09d8e4b1a] transferring FlowFile[1329,90380309833770.mockFlowFile,14B] to 'success'
[pool-146-thread-1] INFO org.apache.nifi.processors.standard.ControlRate - ControlRate[id=bbeacea5-a44f-4c03-8191-96e09d8e4b1a] transferring FlowFile[1330,90380309841083.mockFlowFile,14B] to 'success'
[pool-146-thread-1] INFO org.apache.nifi.processors.standard.ControlRate - ControlRate[id=bbeacea5-a44f-4c03-8191-96e09d8e4b1a] transferring FlowFile[1331,90380309848757.mockFlowFile,14B] to 'success'
[pool-146-thread-1] INFO org.apache.nifi.processors.standard.ControlRate - ControlRate[id=bbeacea5-a44f-4c03-8191-96e09d8e4b1a] transferring FlowFile[1332,90380309855869.mockFlowFile,14B] to 'success'
[pool-146-thread-1] INFO org.apache.nifi.processors.standard.ControlRate - ControlRate[id=bbeacea5-a44f-4c03-8191-96e09d8e4b1a] transferring FlowFile[1333,90380309863076.mockFlowFile,14B] to 'success'
[pool-146-thread-1] INFO org.apache.nifi.processors.standard.ControlRate - ControlRate[id=bbeacea5-a44f-4c03-8191-96e09d8e4b1a] transferring FlowFile[1334,90380309869735.mockFlowFile,14B] to 'success'
[pool-146-thread-1] INFO org.apache.nifi.processors.standard.ControlRate - ControlRate[id=bbeacea5-a44f-4c03-8191-96e09d8e4b1a] transferring FlowFile[1335,90380309885995.mockFlowFile,14B] to 'success'
[pool-146-thread-1] INFO org.apache.nifi.processors.standard.ControlRate - ControlRate[id=bbeacea5-a44f-4c03-8191-96e09d8e4b1a] transferring FlowFile[1336,90380309895748.mockFlowFile,14B] to 'success'
[pool-146-thread-1] INFO org.apache.nifi.processors.standard.ControlRate - ControlRate[id=bbeacea5-a44f-4c03-8191-96e09d8e4b1a] transferring FlowFile[1337,90380309902487.mockFlowFile,14B] to 'success'
[pool-146-thread-1] INFO org.apache.nifi.processors.standard.ControlRate - ControlRate[id=bbeacea5-a44f-4c03-8191-96e09d8e4b1a] transferring FlowFile[1338,90380309909841.mockFlowFile,14B] to 'success'
[pool-146-thread-1] INFO org.apache.nifi.processors.standard.ControlRate - ControlRate[id=bbeacea5-a44f-4c03-8191-96e09d8e4b1a] transferring FlowFile[1339,90380309916382.mockFlowFile,14B] to 'success'
[pool-146-thread-1] INFO org.apache.nifi.processors.standard.ControlRate - ControlRate[id=bbeacea5-a44f-4c03-8191-96e09d8e4b1a] transferring FlowFile[1340,90380309923359.mockFlowFile,14B] to 'success'
[pool-146-thread-1] INFO org.apache.nifi.processors.standard.ControlRate - ControlRate[id=bbeacea5-a44f-4c03-8191-96e09d8e4b1a] transferring FlowFile[1341,90380309930408.mockFlowFile,14B] to 'success'
[pool-146-thread-1] INFO org.apache.nifi.processors.standard.ControlRate - ControlRate[id=bbeacea5-a44f-4c03-8191-96e09d8e4b1a] transferring FlowFile[1342,90380309937037.mockFlowFile,14B] to 'success'
[pool-146-thread-1] INFO org.apache.nifi.processors.standard.ControlRate - ControlRate[id=bbeacea5-a44f-4c03-8191-96e09d8e4b1a] transferring FlowFile[1343,90380309949219.mockFlowFile,14B] to 'success'
[pool-146-thread-1] INFO org.apache.nifi.processors.standard.ControlRate - ControlRate[id=bbeacea5-a44f-4c03-8191-96e09d8e4b1a] transferring FlowFile[1344,90380309957201.mockFlowFile,14B] to 'success'
[pool-146-thread-1] INFO org.apache.nifi.processors.standard.ControlRate - ControlRate[id=bbeacea5-a44f-4c03-8191-96e09d8e4b1a] transferring FlowFile[1345,90380309964556.mockFlowFile,14B] to 'success'
[pool-146-thread-1] INFO org.apache.nifi.processors.standard.ControlRate - ControlRate[id=bbeacea5-a44f-4c03-8191-96e09d8e4b1a] transferring FlowFile[1346,90380309972620.mockFlowFile,14B] to 'success'
[pool-146-thread-1] INFO org.apache.nifi.processors.standard.ControlRate - ControlRate[id=bbeacea5-a44f-4c03-8191-96e09d8e4b1a] transferring FlowFile[1347,90380309980071.mockFlowFile,14B] to 'success'
[pool-146-thread-1] INFO org.apache.nifi.processors.standard.ControlRate - ControlRate[id=bbeacea5-a44f-4c03-8191-96e09d8e4b1a] transferring FlowFile[1348,90380309987761.mockFlowFile,14B] to 'success'
[pool-146-thread-1] INFO org.apache.nifi.processors.standard.ControlRate - ControlRate[id=bbeacea5-a44f-4c03-8191-96e09d8e4b1a] transferring FlowFile[1349,90380309994504.mockFlowFile,14B] to 'success'
[pool-146-thread-1] INFO org.apache.nifi.processors.standard.ControlRate - ControlRate[id=bbeacea5-a44f-4c03-8191-96e09d8e4b1a] transferring FlowFile[1350,90380310001864.mockFlowFile,14B] to 'success'
[pool-146-thread-1] INFO org.apache.nifi.processors.standard.ControlRate - ControlRate[id=bbeacea5-a44f-4c03-8191-96e09d8e4b1a] transferring FlowFile[1351,90380310011905.mockFlowFile,14B] to 'success'
[pool-146-thread-1] INFO org.apache.nifi.processors.standard.ControlRate - ControlRate[id=bbeacea5-a44f-4c03-8191-96e09d8e4b1a] transferring FlowFile[1352,90380310045383.mockFlowFile,14B] to 'success'
[pool-146-thread-1] INFO org.apache.nifi.processors.standard.ControlRate - ControlRate[id=bbeacea5-a44f-4c03-8191-96e09d8e4b1a] transferring FlowFile[1353,90380310052922.mockFlowFile,14B] to 'success'
[pool-146-thread-1] INFO org.apache.nifi.processors.standard.ControlRate - ControlRate[id=bbeacea5-a44f-4c03-8191-96e09d8e4b1a] transferring FlowFile[1354,90380310059399.mockFlowFile,14B] to 'success'
[pool-146-thread-1] INFO org.apache.nifi.processors.standard.ControlRate - ControlRate[id=bbeacea5-a44f-4c03-8191-96e09d8e4b1a] transferring FlowFile[1355,90380310066412.mockFlowFile,14B] to 'success'
[pool-146-thread-1] INFO org.apache.nifi.processors.standard.ControlRate - ControlRate[id=bbeacea5-a44f-4c03-8191-96e09d8e4b1a] transferring FlowFile[1356,90380310073147.mockFlowFile,14B] to 'success'
[pool-146-thread-1] INFO org.apache.nifi.processors.standard.ControlRate - ControlRate[id=bbeacea5-a44f-4c03-8191-96e09d8e4b1a] transferring FlowFile[1357,90380310079603.mockFlowFile,14B] to 'success'
[pool-146-thread-1] INFO org.apache.nifi.processors.standard.ControlRate - ControlRate[id=bbeacea5-a44f-4c03-8191-96e09d8e4b1a] transferring FlowFile[1358,90380310086410.mockFlowFile,14B] to 'success'
[pool-146-thread-1] INFO org.apache.nifi.processors.standard.ControlRate - ControlRate[id=bbeacea5-a44f-4c03-8191-96e09d8e4b1a] transferring FlowFile[1359,90380310096682.mockFlowFile,14B] to 'success'
[pool-146-thread-1] INFO org.apache.nifi.processors.standard.ControlRate - ControlRate[id=bbeacea5-a44f-4c03-8191-96e09d8e4b1a] transferring FlowFile[1360,90380310104365.mockFlowFile,14B] to 'success'
[pool-146-thread-1] INFO org.apache.nifi.processors.standard.ControlRate - ControlRate[id=bbeacea5-a44f-4c03-8191-96e09d8e4b1a] transferring FlowFile[1361,90380310111367.mockFlowFile,14B] to 'success'
[pool-146-thread-1] INFO org.apache.nifi.processors.standard.ControlRate - ControlRate[id=bbeacea5-a44f-4c03-8191-96e09d8e4b1a] transferring FlowFile[1362,90380310119326.mockFlowFile,14B] to 'success'
[pool-146-thread-1] INFO org.apache.nifi.processors.standard.ControlRate - ControlRate[id=bbeacea5-a44f-4c03-8191-96e09d8e4b1a] transferring FlowFile[1363,90380310126239.mockFlowFile,14B] to 'success'
[pool-146-thread-1] INFO org.apache.nifi.processors.standard.ControlRate - ControlRate[id=bbeacea5-a44f-4c03-8191-96e09d8e4b1a] transferring FlowFile[1364,90380310132724.mockFlowFile,14B] to 'success'
[pool-146-thread-1] INFO org.apache.nifi.processors.standard.ControlRate - ControlRate[id=bbeacea5-a44f-4c03-8191-96e09d8e4b1a] transferring FlowFile[1365,90380310139512.mockFlowFile,14B] to 'success'
[pool-146-thread-1] INFO org.apache.nifi.processors.standard.ControlRate - ControlRate[id=bbeacea5-a44f-4c03-8191-96e09d8e4b1a] transferring FlowFile[1366,90380310146371.mockFlowFile,14B] to 'success'
[pool-146-thread-1] INFO org.apache.nifi.processors.standard.ControlRate - ControlRate[id=bbeacea5-a44f-4c03-8191-96e09d8e4b1a] transferring FlowFile[1367,90380310156156.mockFlowFile,14B] to 'success'
[pool-146-thread-1] INFO org.apache.nifi.processors.standard.ControlRate - ControlRate[id=bbeacea5-a44f-4c03-8191-96e09d8e4b1a] transferring FlowFile[1368,90380310163626.mockFlowFile,14B] to 'success'
[pool-146-thread-1] INFO org.apache.nifi.processors.standard.ControlRate - ControlRate[id=bbeacea5-a44f-4c03-8191-96e09d8e4b1a] transferring FlowFile[1369,90380310169943.mockFlowFile,14B] to 'success'
[pool-146-thread-1] INFO org.apache.nifi.processors.standard.ControlRate - ControlRate[id=bbeacea5-a44f-4c03-8191-96e09d8e4b1a] transferring FlowFile[1370,90380310177283.mockFlowFile,14B] to 'success'
[pool-146-thread-1] INFO org.apache.nifi.processors.standard.ControlRate - ControlRate[id=bbeacea5-a44f-4c03-8191-96e09d8e4b1a] transferring FlowFile[1371,90380310184617.mockFlowFile,14B] to 'success'
[pool-146-thread-1] INFO org.apache.nifi.processors.standard.ControlRate - ControlRate[id=bbeacea5-a44f-4c03-8191-96e09d8e4b1a] transferring FlowFile[1372,90380310191121.mockFlowFile,14B] to 'success'
[pool-146-thread-1] INFO org.apache.nifi.processors.standard.ControlRate - ControlRate[id=bbeacea5-a44f-4c03-8191-96e09d8e4b1a] transferring FlowFile[1373,90380310197994.mockFlowFile,14B] to 'success'
[pool-146-thread-1] INFO org.apache.nifi.processors.standard.ControlRate - ControlRate[id=bbeacea5-a44f-4c03-8191-96e09d8e4b1a] transferring FlowFile[1374,90380310204441.mockFlowFile,14B] to 'success'
[pool-146-thread-1] INFO org.apache.nifi.processors.standard.ControlRate - ControlRate[id=bbeacea5-a44f-4c03-8191-96e09d8e4b1a] transferring FlowFile[1375,90380310219861.mockFlowFile,14B] to 'success'
[pool-146-thread-1] INFO org.apache.nifi.processors.standard.ControlRate - ControlRate[id=bbeacea5-a44f-4c03-8191-96e09d8e4b1a] transferring FlowFile[1376,90380310227723.mockFlowFile,14B] to 'success'
[pool-146-thread-1] INFO org.apache.nifi.processors.standard.ControlRate - ControlRate[id=bbeacea5-a44f-4c03-8191-96e09d8e4b1a] transferring FlowFile[1377,90380310234224.mockFlowFile,14B] to 'success'
[pool-146-thread-1] INFO org.apache.nifi.processors.standard.ControlRate - ControlRate[id=bbeacea5-a44f-4c03-8191-96e09d8e4b1a] transferring FlowFile[1378,90380310241014.mockFlowFile,14B] to 'success'
[pool-146-thread-1] INFO org.apache.nifi.processors.standard.ControlRate - ControlRate[id=bbeacea5-a44f-4c03-8191-96e09d8e4b1a] transferring FlowFile[1379,90380310247264.mockFlowFile,14B] to 'success'
[pool-146-thread-1] INFO org.apache.nifi.processors.standard.ControlRate - ControlRate[id=bbeacea5-a44f-4c03-8191-96e09d8e4b1a] transferring FlowFile[1380,90380310254099.mockFlowFile,14B] to 'success'
[pool-146-thread-1] INFO org.apache.nifi.processors.standard.ControlRate - ControlRate[id=bbeacea5-a44f-4c03-8191-96e09d8e4b1a] transferring FlowFile[1381,90380310262622.mockFlowFile,14B] to 'success'
[pool-146-thread-1] INFO org.apache.nifi.processors.standard.ControlRate - ControlRate[id=bbeacea5-a44f-4c03-8191-96e09d8e4b1a] transferring FlowFile[1382,90380310269264.mockFlowFile,14B] to 'success'
[pool-146-thread-1] INFO org.apache.nifi.processors.standard.ControlRate - ControlRate[id=bbeacea5-a44f-4c03-8191-96e09d8e4b1a] transferring FlowFile[1383,90380310279300.mockFlowFile,14B] to 'success'
[pool-146-thread-1] INFO org.apache.nifi.processors.standard.ControlRate - ControlRate[id=bbeacea5-a44f-4c03-8191-96e09d8e4b1a] transferring FlowFile[1384,90380310286066.mockFlowFile,14B] to 'success'
[pool-146-thread-1] INFO org.apache.nifi.processors.standard.ControlRate - ControlRate[id=bbeacea5-a44f-4c03-8191-96e09d8e4b1a] transferring FlowFile[1385,90380310294666.mockFlowFile,14B] to 'success'
[pool-146-thread-1] INFO org.apache.nifi.processors.standard.ControlRate - ControlRate[id=bbeacea5-a44f-4c03-8191-96e09d8e4b1a] transferring FlowFile[1386,90380310301610.mockFlowFile,14B] to 'success'
[pool-146-thread-1] INFO org.apache.nifi.processors.standard.ControlRate - ControlRate[id=bbeacea5-a44f-4c03-8191-96e09d8e4b1a] transferring FlowFile[1387,90380310307960.mockFlowFile,14B] to 'success'
[pool-146-thread-1] INFO org.apache.nifi.processors.standard.ControlRate - ControlRate[id=bbeacea5-a44f-4c03-8191-96e09d8e4b1a] transferring FlowFile[1388,90380310314602.mockFlowFile,14B] to 'success'
[pool-146-thread-1] INFO org.apache.nifi.processors.standard.ControlRate - ControlRate[id=bbeacea5-a44f-4c03-8191-96e09d8e4b1a] transferring FlowFile[1389,90380310320956.mockFlowFile,14B] to 'success'
[pool-146-thread-1] INFO org.apache.nifi.processors.standard.ControlRate - ControlRate[id=bbeacea5-a44f-4c03-8191-96e09d8e4b1a] transferring FlowFile[1390,90380310327716.mockFlowFile,14B] to 'success'
[pool-146-thread-1] INFO org.apache.nifi.processors.standard.ControlRate - ControlRate[id=bbeacea5-a44f-4c03-8191-96e09d8e4b1a] transferring FlowFile[1391,90380310337001.mockFlowFile,14B] to 'success'
[pool-146-thread-1] INFO org.apache.nifi.processors.standard.ControlRate - ControlRate[id=bbeacea5-a44f-4c03-8191-96e09d8e4b1a] transferring FlowFile[1392,90380310343449.mockFlowFile,14B] to 'success'
[pool-146-thread-1] INFO org.apache.nifi.processors.standard.ControlRate - ControlRate[id=bbeacea5-a44f-4c03-8191-96e09d8e4b1a] transferring FlowFile[1393,90380310350134.mockFlowFile,14B] to 'success'
[pool-146-thread-1] INFO org.apache.nifi.processors.standard.ControlRate - ControlRate[id=bbeacea5-a44f-4c03-8191-96e09d8e4b1a] transferring FlowFile[1394,90380310356451.mockFlowFile,14B] to 'success'
[pool-146-thread-1] INFO org.apache.nifi.processors.standard.ControlRate - ControlRate[id=bbeacea5-a44f-4c03-8191-96e09d8e4b1a] transferring FlowFile[1395,90380310363197.mockFlowFile,14B] to 'success'
[pool-146-thread-1] INFO org.apache.nifi.processors.standard.ControlRate - ControlRate[id=bbeacea5-a44f-4c03-8191-96e09d8e4b1a] transferring FlowFile[1396,90380310369870.mockFlowFile,14B] to 'success'
[pool-146-thread-1] INFO org.apache.nifi.processors.standard.ControlRate - ControlRate[id=bbeacea5-a44f-4c03-8191-96e09d8e4b1a] transferring FlowFile[1397,90380310376176.mockFlowFile,14B] to 'success'
[pool-146-thread-1] INFO org.apache.nifi.processors.standard.ControlRate - ControlRate[id=bbeacea5-a44f-4c03-8191-96e09d8e4b1a] transferring FlowFile[1398,90380310382803.mockFlowFile,14B] to 'success'
[pool-146-thread-1] INFO org.apache.nifi.processors.standard.ControlRate - ControlRate[id=bbeacea5-a44f-4c03-8191-96e09d8e4b1a] transferring FlowFile[1399,90380310391677.mockFlowFile,14B] to 'success'
[pool-146-thread-1] INFO org.apache.nifi.processors.standard.ControlRate - ControlRate[id=bbeacea5-a44f-4c03-8191-96e09d8e4b1a] transferring FlowFile[1400,90380310398977.mockFlowFile,14B] to 'success'
[pool-146-thread-1] INFO org.apache.nifi.processors.standard.ControlRate - ControlRate[id=bbeacea5-a44f-4c03-8191-96e09d8e4b1a] transferring FlowFile[1401,90380310405655.mockFlowFile,14B] to 'success'
[pool-146-thread-1] INFO org.apache.nifi.processors.standard.ControlRate - ControlRate[id=bbeacea5-a44f-4c03-8191-96e09d8e4b1a] transferring FlowFile[1402,90380310412036.mockFlowFile,14B] to 'success'
[pool-146-thread-1] INFO org.apache.nifi.processors.standard.ControlRate - ControlRate[id=bbeacea5-a44f-4c03-8191-96e09d8e4b1a] transferring FlowFile[1403,90380310418927.mockFlowFile,14B] to 'success'
[pool-146-thread-1] INFO org.apache.nifi.processors.standard.ControlRate - ControlRate[id=bbeacea5-a44f-4c03-8191-96e09d8e4b1a] transferring FlowFile[1404,90380310430934.mockFlowFile,14B] to 'success'
[pool-146-thread-1] INFO org.apache.nifi.processors.standard.ControlRate - ControlRate[id=bbeacea5-a44f-4c03-8191-96e09d8e4b1a] transferring FlowFile[1405,90380310438786.mockFlowFile,14B] to 'success'
[pool-146-thread-1] INFO org.apache.nifi.processors.standard.ControlRate - ControlRate[id=bbeacea5-a44f-4c03-8191-96e09d8e4b1a] transferring FlowFile[1406,90380310445625.mockFlowFile,14B] to 'success'
[pool-146-thread-1] INFO org.apache.nifi.processors.standard.ControlRate - ControlRate[id=bbeacea5-a44f-4c03-8191-96e09d8e4b1a] transferring FlowFile[1407,90380310455590.mockFlowFile,14B] to 'success'
[pool-146-thread-1] INFO org.apache.nifi.processors.standard.ControlRate - ControlRate[id=bbeacea5-a44f-4c03-8191-96e09d8e4b1a] transferring FlowFile[1408,90380310463011.mockFlowFile,14B] to 'success'
[pool-146-thread-1] INFO org.apache.nifi.processors.standard.ControlRate - ControlRate[id=bbeacea5-a44f-4c03-8191-96e09d8e4b1a] transferring FlowFile[1409,90380310469489.mockFlowFile,14B] to 'success'
[pool-146-thread-1] INFO org.apache.nifi.processors.standard.ControlRate - ControlRate[id=bbeacea5-a44f-4c03-8191-96e09d8e4b1a] transferring FlowFile[1410,90380310476314.mockFlowFile,14B] to 'success'
[pool-146-thread-1] INFO org.apache.nifi.processors.standard.ControlRate - ControlRate[id=bbeacea5-a44f-4c03-8191-96e09d8e4b1a] transferring FlowFile[1411,90380310483035.mockFlowFile,14B] to 'success'
[pool-146-thread-1] INFO org.apache.nifi.processors.standard.ControlRate - ControlRate[id=bbeacea5-a44f-4c03-8191-96e09d8e4b1a] transferring FlowFile[1412,90380310489303.mockFlowFile,14B] to 'success'
[pool-146-thread-1] INFO org.apache.nifi.processors.standard.ControlRate - ControlRate[id=bbeacea5-a44f-4c03-8191-96e09d8e4b1a] transferring FlowFile[1413,90380310497565.mockFlowFile,14B] to 'success'
[pool-146-thread-1] INFO org.apache.nifi.processors.standard.ControlRate - ControlRate[id=bbeacea5-a44f-4c03-8191-96e09d8e4b1a] transferring FlowFile[1414,90380310503850.mockFlowFile,14B] to 'success'
[pool-146-thread-1] INFO org.apache.nifi.processors.standard.ControlRate - ControlRate[id=bbeacea5-a44f-4c03-8191-96e09d8e4b1a] transferring FlowFile[1415,90380310514023.mockFlowFile,14B] to 'success'
[pool-146-thread-1] INFO org.apache.nifi.processors.standard.ControlRate - ControlRate[id=bbeacea5-a44f-4c03-8191-96e09d8e4b1a] transferring FlowFile[1416,90380310521262.mockFlowFile,14B] to 'success'
[pool-146-thread-1] INFO org.apache.nifi.processors.standard.ControlRate - ControlRate[id=bbeacea5-a44f-4c03-8191-96e09d8e4b1a] transferring FlowFile[1417,90380310527793.mockFlowFile,14B] to 'success'
[pool-146-thread-1] INFO org.apache.nifi.processors.standard.ControlRate - ControlRate[id=bbeacea5-a44f-4c03-8191-96e09d8e4b1a] transferring FlowFile[1418,90380310534548.mockFlowFile,14B] to 'success'
[pool-146-thread-1] INFO org.apache.nifi.processors.standard.ControlRate - ControlRate[id=bbeacea5-a44f-4c03-8191-96e09d8e4b1a] transferring FlowFile[1419,90380310540876.mockFlowFile,14B] to 'success'
[pool-146-thread-1] INFO org.apache.nifi.processors.standard.ControlRate - ControlRate[id=bbeacea5-a44f-4c03-8191-96e09d8e4b1a] transferring FlowFile[1420,90380310547547.mockFlowFile,14B] to 'success'
[pool-146-thread-1] INFO org.apache.nifi.processors.standard.ControlRate - ControlRate[id=bbeacea5-a44f-4c03-8191-96e09d8e4b1a] transferring FlowFile[1421,90380310558394.mockFlowFile,14B] to 'success'
[pool-146-thread-1] INFO org.apache.nifi.processors.standard.ControlRate - ControlRate[id=bbeacea5-a44f-4c03-8191-96e09d8e4b1a] transferring FlowFile[1422,90380310566798.mockFlowFile,14B] to 'success'
[pool-146-thread-1] INFO org.apache.nifi.processors.standard.ControlRate - ControlRate[id=bbeacea5-a44f-4c03-8191-96e09d8e4b1a] transferring FlowFile[1423,90380310576949.mockFlowFile,14B] to 'success'
[pool-146-thread-1] INFO org.apache.nifi.processors.standard.ControlRate - ControlRate[id=bbeacea5-a44f-4c03-8191-96e09d8e4b1a] transferring FlowFile[1424,90380310583763.mockFlowFile,14B] to 'success'
[pool-146-thread-1] INFO org.apache.nifi.processors.standard.ControlRate - ControlRate[id=bbeacea5-a44f-4c03-8191-96e09d8e4b1a] transferring FlowFile[1425,90380310590716.mockFlowFile,14B] to 'success'
[pool-146-thread-1] INFO org.apache.nifi.processors.standard.ControlRate - ControlRate[id=bbeacea5-a44f-4c03-8191-96e09d8e4b1a] transferring FlowFile[1426,90380310597612.mockFlowFile,14B] to 'success'
[pool-146-thread-1] INFO org.apache.nifi.processors.standard.ControlRate - ControlRate[id=bbeacea5-a44f-4c03-8191-96e09d8e4b1a] transferring FlowFile[1427,90380310603861.mockFlowFile,14B] to 'success'
[pool-146-thread-1] INFO org.apache.nifi.processors.standard.ControlRate - ControlRate[id=bbeacea5-a44f-4c03-8191-96e09d8e4b1a] transferring FlowFile[1428,90380310610395.mockFlowFile,14B] to 'success'
[pool-146-thread-1] INFO org.apache.nifi.processors.standard.ControlRate - ControlRate[id=bbeacea5-a44f-4c03-8191-96e09d8e4b1a] transferring FlowFile[1429,90380310616554.mockFlowFile,14B] to 'success'
[pool-146-thread-1] INFO org.apache.nifi.processors.standard.ControlRate - ControlRate[id=bbeacea5-a44f-4c03-8191-96e09d8e4b1a] transferring FlowFile[1430,90380310625484.mockFlowFile,14B] to 'success'
[pool-146-thread-1] INFO org.apache.nifi.processors.standard.ControlRate - ControlRate[id=bbeacea5-a44f-4c03-8191-96e09d8e4b1a] transferring FlowFile[1431,90380310635975.mockFlowFile,14B] to 'success'
[pool-146-thread-1] INFO org.apache.nifi.processors.standard.ControlRate - ControlRate[id=bbeacea5-a44f-4c03-8191-96e09d8e4b1a] transferring FlowFile[1432,90380310643600.mockFlowFile,14B] to 'success'
[pool-146-thread-1] INFO org.apache.nifi.processors.standard.ControlRate - ControlRate[id=bbeacea5-a44f-4c03-8191-96e09d8e4b1a] transferring FlowFile[1433,90380310650667.mockFlowFile,14B] to 'success'
[pool-146-thread-1] INFO org.apache.nifi.processors.standard.ControlRate - ControlRate[id=bbeacea5-a44f-4c03-8191-96e09d8e4b1a] transferring FlowFile[1434,90380310656971.mockFlowFile,14B] to 'success'
[pool-146-thread-1] INFO org.apache.nifi.processors.standard.ControlRate - ControlRate[id=bbeacea5-a44f-4c03-8191-96e09d8e4b1a] transferring FlowFile[1435,90380310663873.mockFlowFile,14B] to 'success'
[pool-146-thread-1] INFO org.apache.nifi.processors.standard.ControlRate - ControlRate[id=bbeacea5-a44f-4c03-8191-96e09d8e4b1a] transferring FlowFile[1436,90380310670623.mockFlowFile,14B] to 'success'
[pool-146-thread-1] INFO org.apache.nifi.processors.standard.ControlRate - ControlRate[id=bbeacea5-a44f-4c03-8191-96e09d8e4b1a] transferring FlowFile[1437,90380310676857.mockFlowFile,14B] to 'success'
[pool-146-thread-1] INFO org.apache.nifi.processors.standard.ControlRate - ControlRate[id=bbeacea5-a44f-4c03-8191-96e09d8e4b1a] transferring FlowFile[1438,90380310683781.mockFlowFile,14B] to 'success'
[pool-146-thread-1] INFO org.apache.nifi.processors.standard.ControlRate - ControlRate[id=bbeacea5-a44f-4c03-8191-96e09d8e4b1a] transferring FlowFile[1439,90380310693346.mockFlowFile,14B] to 'success'
[pool-146-thread-1] INFO org.apache.nifi.processors.standard.ControlRate - ControlRate[id=bbeacea5-a44f-4c03-8191-96e09d8e4b1a] transferring FlowFile[1440,90380310700251.mockFlowFile,14B] to 'success'
[pool-146-thread-1] INFO org.apache.nifi.processors.standard.ControlRate - ControlRate[id=bbeacea5-a44f-4c03-8191-96e09d8e4b1a] transferring FlowFile[1441,90380310706861.mockFlowFile,14B] to 'success'
[pool-146-thread-1] INFO org.apache.nifi.processors.standard.ControlRate - ControlRate[id=bbeacea5-a44f-4c03-8191-96e09d8e4b1a] transferring FlowFile[1442,90380310713152.mockFlowFile,14B] to 'success'
[pool-146-thread-1] INFO org.apache.nifi.processors.standard.ControlRate - ControlRate[id=bbeacea5-a44f-4c03-8191-96e09d8e4b1a] transferring FlowFile[1443,90380310719730.mockFlowFile,14B] to 'success'
[pool-146-thread-1] INFO org.apache.nifi.processors.standard.ControlRate - ControlRate[id=bbeacea5-a44f-4c03-8191-96e09d8e4b1a] transferring FlowFile[1444,90380310725960.mockFlowFile,14B] to 'success'
[pool-146-thread-1] INFO org.apache.nifi.processors.standard.ControlRate - ControlRate[id=bbeacea5-a44f-4c03-8191-96e09d8e4b1a] transferring FlowFile[1445,90380310732634.mockFlowFile,14B] to 'success'
[pool-146-thread-1] INFO org.apache.nifi.processors.standard.ControlRate - ControlRate[id=bbeacea5-a44f-4c03-8191-96e09d8e4b1a] transferring FlowFile[1446,90380310739242.mockFlowFile,14B] to 'success'
[pool-146-thread-1] INFO org.apache.nifi.processors.standard.ControlRate - ControlRate[id=bbeacea5-a44f-4c03-8191-96e09d8e4b1a] transferring FlowFile[1447,90380310748774.mockFlowFile,14B] to 'success'
[pool-146-thread-1] INFO org.apache.nifi.processors.standard.ControlRate - ControlRate[id=bbeacea5-a44f-4c03-8191-96e09d8e4b1a] transferring FlowFile[1448,90380310755761.mockFlowFile,14B] to 'success'
[pool-146-thread-1] INFO org.apache.nifi.processors.standard.ControlRate - ControlRate[id=bbeacea5-a44f-4c03-8191-96e09d8e4b1a] transferring FlowFile[1449,90380310762019.mockFlowFile,14B] to 'success'
[pool-146-thread-1] INFO org.apache.nifi.processors.standard.ControlRate - ControlRate[id=bbeacea5-a44f-4c03-8191-96e09d8e4b1a] transferring FlowFile[1450,90380310769143.mockFlowFile,14B] to 'success'
[pool-146-thread-1] INFO org.apache.nifi.processors.standard.ControlRate - ControlRate[id=bbeacea5-a44f-4c03-8191-96e09d8e4b1a] transferring FlowFile[1451,90380310775789.mockFlowFile,14B] to 'success'
[pool-146-thread-1] INFO org.apache.nifi.processors.standard.ControlRate - ControlRate[id=bbeacea5-a44f-4c03-8191-96e09d8e4b1a] transferring FlowFile[1452,90380310782156.mockFlowFile,14B] to 'success'
[pool-146-thread-1] INFO org.apache.nifi.processors.standard.ControlRate - ControlRate[id=bbeacea5-a44f-4c03-8191-96e09d8e4b1a] transferring FlowFile[1453,90380310788825.mockFlowFile,14B] to 'success'
[pool-146-thread-1] INFO org.apache.nifi.processors.standard.ControlRate - ControlRate[id=bbeacea5-a44f-4c03-8191-96e09d8e4b1a] transferring FlowFile[1454,90380310795561.mockFlowFile,14B] to 'success'
[pool-146-thread-1] INFO org.apache.nifi.processors.standard.ControlRate - ControlRate[id=bbeacea5-a44f-4c03-8191-96e09d8e4b1a] transferring FlowFile[1455,90380310805401.mockFlowFile,14B] to 'success'
[pool-146-thread-1] INFO org.apache.nifi.processors.standard.ControlRate - ControlRate[id=bbeacea5-a44f-4c03-8191-96e09d8e4b1a] transferring FlowFile[1456,90380310813569.mockFlowFile,14B] to 'success'
[pool-146-thread-1] INFO org.apache.nifi.processors.standard.ControlRate - ControlRate[id=bbeacea5-a44f-4c03-8191-96e09d8e4b1a] transferring FlowFile[1457,90380310828029.mockFlowFile,14B] to 'success'
[pool-146-thread-1] INFO org.apache.nifi.processors.standard.ControlRate - ControlRate[id=bbeacea5-a44f-4c03-8191-96e09d8e4b1a] transferring FlowFile[1458,90380310842840.mockFlowFile,14B] to 'success'
[pool-146-thread-1] INFO org.apache.nifi.processors.standard.ControlRate - ControlRate[id=bbeacea5-a44f-4c03-8191-96e09d8e4b1a] transferring FlowFile[1459,90380310849692.mockFlowFile,14B] to 'success'
[pool-146-thread-1] INFO org.apache.nifi.processors.standard.ControlRate - ControlRate[id=bbeacea5-a44f-4c03-8191-96e09d8e4b1a] transferring FlowFile[1460,90380310856153.mockFlowFile,14B] to 'success'
[pool-146-thread-1] INFO org.apache.nifi.processors.standard.ControlRate - ControlRate[id=bbeacea5-a44f-4c03-8191-96e09d8e4b1a] transferring FlowFile[1461,90380310862473.mockFlowFile,14B] to 'success'
[pool-146-thread-1] INFO org.apache.nifi.processors.standard.ControlRate - ControlRate[id=bbeacea5-a44f-4c03-8191-96e09d8e4b1a] transferring FlowFile[1462,90380310871867.mockFlowFile,14B] to 'success'
[pool-146-thread-1] INFO org.apache.nifi.processors.standard.ControlRate - ControlRate[id=bbeacea5-a44f-4c03-8191-96e09d8e4b1a] transferring FlowFile[1463,90380310883166.mockFlowFile,14B] to 'success'
[pool-146-thread-1] INFO org.apache.nifi.processors.standard.ControlRate - ControlRate[id=bbeacea5-a44f-4c03-8191-96e09d8e4b1a] transferring FlowFile[1464,90380310889403.mockFlowFile,14B] to 'success'
[pool-146-thread-1] INFO org.apache.nifi.processors.standard.ControlRate - ControlRate[id=bbeacea5-a44f-4c03-8191-96e09d8e4b1a] transferring FlowFile[1465,90380310895917.mockFlowFile,14B] to 'success'
[pool-146-thread-1] INFO org.apache.nifi.processors.standard.ControlRate - ControlRate[id=bbeacea5-a44f-4c03-8191-96e09d8e4b1a] transferring FlowFile[1466,90380310902091.mockFlowFile,14B] to 'success'
[pool-146-thread-1] INFO org.apache.nifi.processors.standard.ControlRate - ControlRate[id=bbeacea5-a44f-4c03-8191-96e09d8e4b1a] transferring FlowFile[1467,90380310908086.mockFlowFile,14B] to 'success'
[pool-146-thread-1] INFO org.apache.nifi.processors.standard.ControlRate - ControlRate[id=bbeacea5-a44f-4c03-8191-96e09d8e4b1a] transferring FlowFile[1468,90380310914291.mockFlowFile,14B] to 'success'
[pool-146-thread-1] INFO org.apache.nifi.processors.standard.ControlRate - ControlRate[id=bbeacea5-a44f-4c03-8191-96e09d8e4b1a] transferring FlowFile[1469,90380310920138.mockFlowFile,14B] to 'success'
[pool-146-thread-1] INFO org.apache.nifi.processors.standard.ControlRate - ControlRate[id=bbeacea5-a44f-4c03-8191-96e09d8e4b1a] transferring FlowFile[1470,90380310926435.mockFlowFile,14B] to 'success'
[pool-146-thread-1] INFO org.apache.nifi.processors.standard.ControlRate - ControlRate[id=bbeacea5-a44f-4c03-8191-96e09d8e4b1a] transferring FlowFile[1471,90380310936520.mockFlowFile,14B] to 'success'
[pool-146-thread-1] INFO org.apache.nifi.processors.standard.ControlRate - ControlRate[id=bbeacea5-a44f-4c03-8191-96e09d8e4b1a] transferring FlowFile[1472,90380310942773.mockFlowFile,14B] to 'success'
[pool-146-thread-1] INFO org.apache.nifi.processors.standard.ControlRate - ControlRate[id=bbeacea5-a44f-4c03-8191-96e09d8e4b1a] transferring FlowFile[1473,90380310949173.mockFlowFile,14B] to 'success'
[pool-146-thread-1] INFO org.apache.nifi.processors.standard.ControlRate - ControlRate[id=bbeacea5-a44f-4c03-8191-96e09d8e4b1a] transferring FlowFile[1474,90380310957069.mockFlowFile,14B] to 'success'
[pool-146-thread-1] INFO org.apache.nifi.processors.standard.ControlRate - ControlRate[id=bbeacea5-a44f-4c03-8191-96e09d8e4b1a] transferring FlowFile[1475,90380310965288.mockFlowFile,14B] to 'success'
[pool-146-thread-1] INFO org.apache.nifi.processors.standard.ControlRate - ControlRate[id=bbeacea5-a44f-4c03-8191-96e09d8e4b1a] transferring FlowFile[1476,90380310972335.mockFlowFile,14B] to 'success'
[pool-146-thread-1] INFO org.apache.nifi.processors.standard.ControlRate - ControlRate[id=bbeacea5-a44f-4c03-8191-96e09d8e4b1a] transferring FlowFile[1477,90380310978540.mockFlowFile,14B] to 'success'
[pool-146-thread-1] INFO org.apache.nifi.processors.standard.ControlRate - ControlRate[id=bbeacea5-a44f-4c03-8191-96e09d8e4b1a] transferring FlowFile[1478,90380310984971.mockFlowFile,14B] to 'success'
[pool-146-thread-1] INFO org.apache.nifi.processors.standard.ControlRate - ControlRate[id=bbeacea5-a44f-4c03-8191-96e09d8e4b1a] transferring FlowFile[1479,90380311009224.mockFlowFile,14B] to 'success'
[pool-146-thread-1] INFO org.apache.nifi.processors.standard.ControlRate - ControlRate[id=bbeacea5-a44f-4c03-8191-96e09d8e4b1a] transferring FlowFile[1480,90380311017559.mockFlowFile,14B] to 'success'
[pool-146-thread-1] INFO org.apache.nifi.processors.standard.ControlRate - ControlRate[id=bbeacea5-a44f-4c03-8191-96e09d8e4b1a] transferring FlowFile[1481,90380311024298.mockFlowFile,14B] to 'success'
[pool-146-thread-1] INFO org.apache.nifi.processors.standard.ControlRate - ControlRate[id=bbeacea5-a44f-4c03-8191-96e09d8e4b1a] transferring FlowFile[1482,90380311030383.mockFlowFile,14B] to 'success'
[pool-146-thread-1] INFO org.apache.nifi.processors.standard.ControlRate - ControlRate[id=bbeacea5-a44f-4c03-8191-96e09d8e4b1a] transferring FlowFile[1483,90380311036820.mockFlowFile,14B] to 'success'
[pool-146-thread-1] INFO org.apache.nifi.processors.standard.ControlRate - ControlRate[id=bbeacea5-a44f-4c03-8191-96e09d8e4b1a] transferring FlowFile[1484,90380311043825.mockFlowFile,14B] to 'success'
[pool-146-thread-1] INFO org.apache.nifi.processors.standard.ControlRate - ControlRate[id=bbeacea5-a44f-4c03-8191-96e09d8e4b1a] transferring FlowFile[1485,90380311063065.mockFlowFile,14B] to 'success'
[pool-146-thread-1] INFO org.apache.nifi.processors.standard.ControlRate - ControlRate[id=bbeacea5-a44f-4c03-8191-96e09d8e4b1a] transferring FlowFile[1486,90380311069885.mockFlowFile,14B] to 'success'
[pool-146-thread-1] INFO org.apache.nifi.processors.standard.ControlRate - ControlRate[id=bbeacea5-a44f-4c03-8191-96e09d8e4b1a] transferring FlowFile[1487,90380311079249.mockFlowFile,14B] to 'success'
[pool-146-thread-1] INFO org.apache.nifi.processors.standard.ControlRate - ControlRate[id=bbeacea5-a44f-4c03-8191-96e09d8e4b1a] transferring FlowFile[1488,90380311085841.mockFlowFile,14B] to 'success'
[pool-146-thread-1] INFO org.apache.nifi.processors.standard.ControlRate - ControlRate[id=bbeacea5-a44f-4c03-8191-96e09d8e4b1a] transferring FlowFile[1489,90380311091664.mockFlowFile,14B] to 'success'
[pool-146-thread-1] INFO org.apache.nifi.processors.standard.ControlRate - ControlRate[id=bbeacea5-a44f-4c03-8191-96e09d8e4b1a] transferring FlowFile[1490,90380311097934.mockFlowFile,14B] to 'success'
[pool-146-thread-1] INFO org.apache.nifi.processors.standard.ControlRate - ControlRate[id=bbeacea5-a44f-4c03-8191-96e09d8e4b1a] transferring FlowFile[1491,90380311104384.mockFlowFile,14B] to 'success'
[pool-146-thread-1] INFO org.apache.nifi.processors.standard.ControlRate - ControlRate[id=bbeacea5-a44f-4c03-8191-96e09d8e4b1a] transferring FlowFile[1492,90380311110120.mockFlowFile,14B] to 'success'
[pool-146-thread-1] INFO org.apache.nifi.processors.standard.ControlRate - ControlRate[id=bbeacea5-a44f-4c03-8191-96e09d8e4b1a] transferring FlowFile[1493,90380311116143.mockFlowFile,14B] to 'success'
[pool-146-thread-1] INFO org.apache.nifi.processors.standard.ControlRate - ControlRate[id=bbeacea5-a44f-4c03-8191-96e09d8e4b1a] transferring FlowFile[1494,90380311121784.mockFlowFile,14B] to 'success'
[pool-146-thread-1] INFO org.apache.nifi.processors.standard.ControlRate - ControlRate[id=bbeacea5-a44f-4c03-8191-96e09d8e4b1a] transferring FlowFile[1495,90380311131484.mockFlowFile,14B] to 'success'
[pool-146-thread-1] INFO org.apache.nifi.processors.standard.ControlRate - ControlRate[id=bbeacea5-a44f-4c03-8191-96e09d8e4b1a] transferring FlowFile[1496,90380311138133.mockFlowFile,14B] to 'success'
[pool-146-thread-1] INFO org.apache.nifi.processors.standard.ControlRate - ControlRate[id=bbeacea5-a44f-4c03-8191-96e09d8e4b1a] transferring FlowFile[1497,90380317007549.mockFlowFile,14B] to 'success'
[pool-146-thread-1] INFO org.apache.nifi.processors.standard.ControlRate - ControlRate[id=bbeacea5-a44f-4c03-8191-96e09d8e4b1a] transferring FlowFile[1498,90380317065390.mockFlowFile,14B] to 'success'
[pool-146-thread-1] INFO org.apache.nifi.processors.standard.ControlRate - ControlRate[id=bbeacea5-a44f-4c03-8191-96e09d8e4b1a] transferring FlowFile[1499,90380317079368.mockFlowFile,14B] to 'success'
]]></system-err>
  </testcase>
  <testcase name="testViaAttribute" classname="org.apache.nifi.processors.standard.TestControlRate" time="1.805">
    <system-err><![CDATA[[pool-147-thread-1] INFO org.apache.nifi.processors.standard.ControlRate - ControlRate[id=44b5a066-78c1-4855-974b-f57593249b71] transferring FlowFile[0,90380361438884.mockFlowFile,0B] to 'success'
[pool-147-thread-1] INFO org.apache.nifi.processors.standard.ControlRate - ControlRate[id=44b5a066-78c1-4855-974b-f57593249b71] transferring FlowFile[1,90380361489702.mockFlowFile,0B] to 'success'
[pool-147-thread-1] INFO org.apache.nifi.processors.standard.ControlRate - ControlRate[id=44b5a066-78c1-4855-974b-f57593249b71] transferring FlowFile[2,90380361525586.mockFlowFile,0B] to 'success'
[pool-147-thread-1] INFO org.apache.nifi.processors.standard.ControlRate - ControlRate[id=44b5a066-78c1-4855-974b-f57593249b71] transferring FlowFile[3,90380361537802.mockFlowFile,0B] to 'success'
[pool-150-thread-1] INFO org.apache.nifi.processors.standard.ControlRate - ControlRate[id=44b5a066-78c1-4855-974b-f57593249b71] transferring FlowFile[4,90380361548526.mockFlowFile,0B] to 'success'
]]></system-err>
  </testcase>
  <testcase name="testNonExistingGroupAttribute" classname="org.apache.nifi.processors.standard.TestControlRate" time="0.001">
    <system-err><![CDATA[[pool-151-thread-1] INFO org.apache.nifi.processors.standard.ControlRate - ControlRate[id=55454310-4cad-459d-9d36-449ec7b1ec94] transferring FlowFile[0,90382166869332.mockFlowFile,0B] to 'success'
[pool-151-thread-1] INFO org.apache.nifi.processors.standard.ControlRate - ControlRate[id=55454310-4cad-459d-9d36-449ec7b1ec94] transferring FlowFile[1,90382166890237.mockFlowFile,0B] to 'success'
[pool-151-thread-1] INFO org.apache.nifi.processors.standard.ControlRate - ControlRate[id=55454310-4cad-459d-9d36-449ec7b1ec94] transferring FlowFile[2,90382166898054.mockFlowFile,0B] to 'success'
[pool-151-thread-1] INFO org.apache.nifi.processors.standard.ControlRate - ControlRate[id=55454310-4cad-459d-9d36-449ec7b1ec94] transferring FlowFile[3,90382166905889.mockFlowFile,0B] to 'success'
]]></system-err>
  </testcase>
  <testcase name="testLimitExceededThenOtherLimitNotExceeded" classname="org.apache.nifi.processors.standard.TestControlRate" time="0.005">
    <system-err><![CDATA[[pool-152-thread-1] INFO org.apache.nifi.processors.standard.ControlRate - ControlRate[id=8a278691-81e3-4a45-bf28-9124361ab506] transferring FlowFile[0,90382168111340.mockFlowFile,9B] to 'success'
[pool-152-thread-1] INFO org.apache.nifi.processors.standard.ControlRate - ControlRate[id=8a278691-81e3-4a45-bf28-9124361ab506] transferring FlowFile[1,90382168139287.mockFlowFile,9B] to 'success'
[pool-152-thread-1] INFO org.apache.nifi.processors.standard.ControlRate - ControlRate[id=8a278691-81e3-4a45-bf28-9124361ab506] transferring FlowFile[2,90382168157180.mockFlowFile,9B] to 'success'
[pool-152-thread-1] INFO org.apache.nifi.processors.standard.ControlRate - ControlRate[id=8a278691-81e3-4a45-bf28-9124361ab506] transferring FlowFile[5,90382168183766.mockFlowFile,9B] to 'success'
]]></system-err>
  </testcase>
  <testcase name="testFileCountWithGrouping" classname="org.apache.nifi.processors.standard.TestControlRate" time="1.104">
    <system-err><![CDATA[[pool-153-thread-1] INFO org.apache.nifi.processors.standard.ControlRate - ControlRate[id=be0d0279-34ee-47ec-8807-c223e6362ce7] transferring FlowFile[0,90382173076732.mockFlowFile,0B] to 'success'
[pool-153-thread-1] INFO org.apache.nifi.processors.standard.ControlRate - ControlRate[id=be0d0279-34ee-47ec-8807-c223e6362ce7] transferring FlowFile[1,90382173104399.mockFlowFile,0B] to 'success'
[pool-153-thread-1] INFO org.apache.nifi.processors.standard.ControlRate - ControlRate[id=be0d0279-34ee-47ec-8807-c223e6362ce7] transferring FlowFile[2,90382173114181.mockFlowFile,0B] to 'success'
[pool-153-thread-1] INFO org.apache.nifi.processors.standard.ControlRate - ControlRate[id=be0d0279-34ee-47ec-8807-c223e6362ce7] transferring FlowFile[3,90382173129645.mockFlowFile,0B] to 'success'
[pool-155-thread-1] INFO org.apache.nifi.processors.standard.ControlRate - ControlRate[id=be0d0279-34ee-47ec-8807-c223e6362ce7] transferring FlowFile[4,90382173139125.mockFlowFile,0B] to 'success'
[pool-155-thread-1] INFO org.apache.nifi.processors.standard.ControlRate - ControlRate[id=be0d0279-34ee-47ec-8807-c223e6362ce7] transferring FlowFile[5,90382173147221.mockFlowFile,0B] to 'success'
]]></system-err>
  </testcase>
  <testcase name="testBadAttributeRate" classname="org.apache.nifi.processors.standard.TestControlRate" time="0.001">
    <system-err><![CDATA[[pool-156-thread-1] ERROR org.apache.nifi.processors.standard.ControlRate - ControlRate[id=64017066-db9d-457c-afb2-34182700f93b] Routing FlowFile[0,90383277003376.mockFlowFile,0B] to 'failure' due to missing or invalid attribute
]]></system-err>
  </testcase>
</testsuite>