<?xml version="1.0" encoding="UTF-8"?>
<testsuite xmlns:xsi="http://www.w3.org/2001/XMLSchema-instance" xsi:noNamespaceSchemaLocation="https://maven.apache.org/surefire/maven-surefire-plugin/xsd/surefire-test-report-3.0.xsd" version="3.0" name="org.apache.nifi.controller.repository.TestRocksDBFlowFileRepository" time="5.402" tests="12" errors="0" skipped="0" failures="0">
  <properties>
    <property name="sun.desktop" value="gnome"/>
    <property name="awt.toolkit" value="sun.awt.X11.XToolkit"/>
    <property name="file.encoding.pkg" value="sun.io"/>
    <property name="java.specification.version" value="1.8"/>
    <property name="sun.cpu.isalist" value=""/>
    <property name="sun.jnu.encoding" value="UTF-8"/>
    <property name="java.class.path" value="/home/alex/Repositories/nifi/nifi-nar-bundles/nifi-framework-bundle/nifi-framework/nifi-framework-core/target/test-classes:/home/alex/Repositories/nifi/nifi-nar-bundles/nifi-framework-bundle/nifi-framework/nifi-framework-core/target/classes:/home/alex/Repositories/nifi/nifi-nar-bundles/nifi-framework-bundle/nifi-framework/nifi-framework-core-api/target/classes:/home/alex/Repositories/nifi/nifi-nar-bundles/nifi-framework-bundle/nifi-framework/nifi-framework-nar-utils/target/classes:/home/alex/Repositories/nifi/nifi-commons/nifi-parameter/target/classes:/home/alex/.m2/repository/org/apache/commons/commons-lang3/3.9/commons-lang3-3.9.jar:/home/alex/Repositories/nifi/nifi-nar-bundles/nifi-framework-bundle/nifi-framework/nifi-properties-loader/target/classes:/home/alex/Repositories/nifi/nifi-commons/nifi-security-utils/target/classes:/home/alex/Repositories/nifi/nifi-commons/nifi-security-utils-api/target/classes:/home/alex/.m2/repository/org/bouncycastle/bcpkix-jdk15on/1.69/bcpkix-jdk15on-1.69.jar:/home/alex/.m2/repository/org/bouncycastle/bcutil-jdk15on/1.69/bcutil-jdk15on-1.69.jar:/home/alex/.m2/repository/at/favre/lib/bcrypt/0.9.0/bcrypt-0.9.0.jar:/home/alex/.m2/repository/at/favre/lib/bytes/1.3.0/bytes-1.3.0.jar:/home/alex/.m2/repository/org/apache/commons/commons-configuration2/2.7/commons-configuration2-2.7.jar:/home/alex/Repositories/nifi/nifi-commons/nifi-sensitive-property-provider/target/classes:/home/alex/.m2/repository/software/amazon/awssdk/kms/2.17.1/kms-2.17.1.jar:/home/alex/.m2/repository/software/amazon/awssdk/aws-json-protocol/2.17.1/aws-json-protocol-2.17.1.jar:/home/alex/.m2/repository/software/amazon/awssdk/third-party-jackson-core/2.17.1/third-party-jackson-core-2.17.1.jar:/home/alex/.m2/repository/software/amazon/awssdk/json-utils/2.17.1/json-utils-2.17.1.jar:/home/alex/.m2/repository/software/amazon/awssdk/protocol-core/2.17.1/protocol-core-2.17.1.jar:/home/alex/.m2/repository/software/amazon/awssdk/sdk-core/2.17.1/sdk-core-2.17.1.jar:/home/alex/.m2/repository/software/amazon/awssdk/profiles/2.17.1/profiles-2.17.1.jar:/home/alex/.m2/repository/org/reactivestreams/reactive-streams/1.0.3/reactive-streams-1.0.3.jar:/home/alex/.m2/repository/software/amazon/awssdk/auth/2.17.1/auth-2.17.1.jar:/home/alex/.m2/repository/software/amazon/eventstream/eventstream/1.0.1/eventstream-1.0.1.jar:/home/alex/.m2/repository/software/amazon/awssdk/http-client-spi/2.17.1/http-client-spi-2.17.1.jar:/home/alex/.m2/repository/software/amazon/awssdk/regions/2.17.1/regions-2.17.1.jar:/home/alex/.m2/repository/software/amazon/awssdk/annotations/2.17.1/annotations-2.17.1.jar:/home/alex/.m2/repository/software/amazon/awssdk/utils/2.17.1/utils-2.17.1.jar:/home/alex/.m2/repository/software/amazon/awssdk/aws-core/2.17.1/aws-core-2.17.1.jar:/home/alex/.m2/repository/software/amazon/awssdk/metrics-spi/2.17.1/metrics-spi-2.17.1.jar:/home/alex/.m2/repository/software/amazon/awssdk/secretsmanager/2.17.1/secretsmanager-2.17.1.jar:/home/alex/.m2/repository/com/azure/azure-security-keyvault-secrets/4.3.3/azure-security-keyvault-secrets-4.3.3.jar:/home/alex/.m2/repository/com/azure/azure-core/1.20.0/azure-core-1.20.0.jar:/home/alex/.m2/repository/com/fasterxml/jackson/datatype/jackson-datatype-jsr310/2.12.4/jackson-datatype-jsr310-2.12.4.jar:/home/alex/.m2/repository/com/fasterxml/jackson/dataformat/jackson-dataformat-xml/2.12.4/jackson-dataformat-xml-2.12.4.jar:/home/alex/.m2/repository/io/projectreactor/reactor-core/3.4.9/reactor-core-3.4.9.jar:/home/alex/.m2/repository/com/azure/azure-security-keyvault-keys/4.3.3/azure-security-keyvault-keys-4.3.3.jar:/home/alex/.m2/repository/com/azure/azure-identity/1.3.4/azure-identity-1.3.4.jar:/home/alex/.m2/repository/com/microsoft/azure/msal4j/1.10.1/msal4j-1.10.1.jar:/home/alex/.m2/repository/com/nimbusds/oauth2-oidc-sdk/9.10.2/oauth2-oidc-sdk-9.10.2.jar:/home/alex/.m2/repository/com/github/stephenc/jcip/jcip-annotations/1.0-1/jcip-annotations-1.0-1.jar:/home/alex/.m2/repository/com/nimbusds/content-type/2.1/content-type-2.1.jar:/home/alex/.m2/repository/com/nimbusds/lang-tag/1.5/lang-tag-1.5.jar:/home/alex/.m2/repository/com/nimbusds/nimbus-jose-jwt/9.11.2/nimbus-jose-jwt-9.11.2.jar:/home/alex/.m2/repository/com/microsoft/azure/msal4j-persistence-extension/1.1.0/msal4j-persistence-extension-1.1.0.jar:/home/alex/.m2/repository/net/java/dev/jna/jna/5.5.0/jna-5.5.0.jar:/home/alex/.m2/repository/net/java/dev/jna/jna-platform/5.6.0/jna-platform-5.6.0.jar:/home/alex/.m2/repository/com/azure/azure-core-http-okhttp/1.7.1/azure-core-http-okhttp-1.7.1.jar:/home/alex/.m2/repository/com/squareup/okhttp3/okhttp/4.8.1/okhttp-4.8.1.jar:/home/alex/.m2/repository/com/squareup/okio/okio/2.7.0/okio-2.7.0.jar:/home/alex/.m2/repository/org/jetbrains/kotlin/kotlin-stdlib-common/1.3.70/kotlin-stdlib-common-1.3.70.jar:/home/alex/.m2/repository/org/jetbrains/kotlin/kotlin-stdlib/1.3.72/kotlin-stdlib-1.3.72.jar:/home/alex/.m2/repository/org/jetbrains/annotations/13.0/annotations-13.0.jar:/home/alex/.m2/repository/software/amazon/awssdk/url-connection-client/2.17.1/url-connection-client-2.17.1.jar:/home/alex/.m2/repository/com/google/cloud/google-cloud-kms/2.0.2/google-cloud-kms-2.0.2.jar:/home/alex/.m2/repository/io/grpc/grpc-api/1.40.0/grpc-api-1.40.0.jar:/home/alex/.m2/repository/io/grpc/grpc-context/1.40.0/grpc-context-1.40.0.jar:/home/alex/.m2/repository/io/grpc/grpc-stub/1.40.0/grpc-stub-1.40.0.jar:/home/alex/.m2/repository/io/grpc/grpc-protobuf/1.40.0/grpc-protobuf-1.40.0.jar:/home/alex/.m2/repository/io/grpc/grpc-protobuf-lite/1.40.0/grpc-protobuf-lite-1.40.0.jar:/home/alex/.m2/repository/com/google/api/api-common/2.0.1/api-common-2.0.1.jar:/home/alex/.m2/repository/javax/annotation/javax.annotation-api/1.3.2/javax.annotation-api-1.3.2.jar:/home/alex/.m2/repository/com/google/auto/value/auto-value-annotations/1.8.2/auto-value-annotations-1.8.2.jar:/home/alex/.m2/repository/com/google/protobuf/protobuf-java/3.17.3/protobuf-java-3.17.3.jar:/home/alex/.m2/repository/com/google/api/grpc/proto-google-common-protos/2.3.2/proto-google-common-protos-2.3.2.jar:/home/alex/.m2/repository/com/google/api/grpc/proto-google-cloud-kms-v1/0.91.2/proto-google-cloud-kms-v1-0.91.2.jar:/home/alex/.m2/repository/com/google/api/gax/2.3.0/gax-2.3.0.jar:/home/alex/.m2/repository/io/opencensus/opencensus-api/0.28.0/opencensus-api-0.28.0.jar:/home/alex/.m2/repository/com/google/api/gax-grpc/2.3.0/gax-grpc-2.3.0.jar:/home/alex/.m2/repository/com/google/auth/google-auth-library-credentials/1.1.0/google-auth-library-credentials-1.1.0.jar:/home/alex/.m2/repository/io/grpc/grpc-netty-shaded/1.40.0/grpc-netty-shaded-1.40.0.jar:/home/alex/.m2/repository/io/perfmark/perfmark-api/0.23.0/perfmark-api-0.23.0.jar:/home/alex/.m2/repository/io/grpc/grpc-core/1.40.0/grpc-core-1.40.0.jar:/home/alex/.m2/repository/com/google/android/annotations/4.1.1.4/annotations-4.1.1.4.jar:/home/alex/.m2/repository/io/grpc/grpc-alts/1.40.0/grpc-alts-1.40.0.jar:/home/alex/.m2/repository/io/grpc/grpc-grpclb/1.40.0/grpc-grpclb-1.40.0.jar:/home/alex/.m2/repository/com/google/protobuf/protobuf-java-util/3.17.3/protobuf-java-util-3.17.3.jar:/home/alex/.m2/repository/org/conscrypt/conscrypt-openjdk-uber/2.5.1/conscrypt-openjdk-uber-2.5.1.jar:/home/alex/.m2/repository/org/threeten/threetenbp/1.5.1/threetenbp-1.5.1.jar:/home/alex/.m2/repository/io/grpc/grpc-auth/1.40.0/grpc-auth-1.40.0.jar:/home/alex/.m2/repository/com/google/api/grpc/proto-google-iam-v1/1.0.14/proto-google-iam-v1-1.0.14.jar:/home/alex/.m2/repository/com/google/auth/google-auth-library-oauth2-http/1.1.0/google-auth-library-oauth2-http-1.1.0.jar:/home/alex/.m2/repository/com/google/http-client/google-http-client/1.39.2/google-http-client-1.39.2.jar:/home/alex/.m2/repository/io/opencensus/opencensus-contrib-http-util/0.28.0/opencensus-contrib-http-util-0.28.0.jar:/home/alex/.m2/repository/com/google/http-client/google-http-client-gson/1.39.2/google-http-client-gson-1.39.2.jar:/home/alex/.m2/repository/com/google/code/gson/gson/2.8.8/gson-2.8.8.jar:/home/alex/Repositories/nifi/nifi-commons/nifi-vault-utils/target/classes:/home/alex/.m2/repository/org/springframework/vault/spring-vault-core/2.3.2/spring-vault-core-2.3.2.jar:/home/alex/.m2/repository/org/springframework/spring-web/5.3.11/spring-web-5.3.11.jar:/home/alex/Repositories/nifi/nifi-api/target/classes:/home/alex/Repositories/nifi/nifi-framework-api/target/classes:/home/alex/Repositories/nifi/nifi-nar-bundles/nifi-framework-bundle/nifi-framework/nifi-nar-utils/target/classes:/home/alex/Repositories/nifi/nifi-nar-bundles/nifi-framework-bundle/nifi-framework/nifi-framework-components/target/classes:/home/alex/Repositories/nifi/nifi-commons/nifi-web-utils/target/classes:/home/alex/.m2/repository/com/fasterxml/jackson/core/jackson-annotations/2.12.3/jackson-annotations-2.12.3.jar:/home/alex/.m2/repository/org/quartz-scheduler/quartz/2.3.2/quartz-2.3.2.jar:/home/alex/.m2/repository/com/mchange/c3p0/0.9.5.4/c3p0-0.9.5.4.jar:/home/alex/.m2/repository/com/mchange/mchange-commons-java/0.2.15/mchange-commons-java-0.2.15.jar:/home/alex/.m2/repository/com/zaxxer/HikariCP-java7/2.4.13/HikariCP-java7-2.4.13.jar:/home/alex/Repositories/nifi/nifi-commons/nifi-property-encryptor/target/classes:/home/alex/Repositories/nifi/nifi-commons/nifi-expression-language/target/classes:/home/alex/.m2/repository/org/antlr/antlr-runtime/3.5.2/antlr-runtime-3.5.2.jar:/home/alex/Repositories/nifi/nifi-commons/nifi-uuid5/target/classes:/home/alex/.m2/repository/com/jayway/jsonpath/json-path/2.6.0/json-path-2.6.0.jar:/home/alex/.m2/repository/net/minidev/json-smart/2.4.7/json-smart-2.4.7.jar:/home/alex/.m2/repository/net/minidev/accessors-smart/2.4.7/accessors-smart-2.4.7.jar:/home/alex/.m2/repository/org/ow2/asm/asm/9.1/asm-9.1.jar:/home/alex/.m2/repository/com/fasterxml/jackson/core/jackson-databind/2.12.3/jackson-databind-2.12.3.jar:/home/alex/.m2/repository/org/apache/commons/commons-text/1.8/commons-text-1.8.jar:/home/alex/.m2/repository/commons-codec/commons-codec/1.14/commons-codec-1.14.jar:/home/alex/Repositories/nifi/nifi-commons/nifi-utils/target/classes:/home/alex/Repositories/nifi/nifi-commons/nifi-schema-utils/target/classes:/home/alex/Repositories/nifi/nifi-nar-bundles/nifi-framework-bundle/nifi-framework/nifi-repository-models/target/classes:/home/alex/Repositories/nifi/nifi-commons/nifi-security-kms/target/classes:/home/alex/Repositories/nifi/nifi-commons/nifi-repository-encryption/target/classes:/home/alex/Repositories/nifi/nifi-commons/nifi-properties/target/classes:/home/alex/Repositories/nifi/nifi-commons/nifi-property-utils/target/classes:/home/alex/Repositories/nifi/nifi-nar-bundles/nifi-framework-bundle/nifi-framework/nifi-site-to-site/target/classes:/home/alex/Repositories/nifi/nifi-nar-bundles/nifi-framework-bundle/nifi-framework/nifi-framework-cluster-protocol/target/classes:/home/alex/Repositories/nifi/nifi-commons/nifi-socket-utils/target/classes:/home/alex/.m2/repository/commons-net/commons-net/3.6/commons-net-3.6.jar:/home/alex/.m2/repository/com/fasterxml/jackson/module/jackson-module-jaxb-annotations/2.12.3/jackson-module-jaxb-annotations-2.12.3.jar:/home/alex/.m2/repository/jakarta/xml/bind/jakarta.xml.bind-api/2.3.2/jakarta.xml.bind-api-2.3.2.jar:/home/alex/.m2/repository/jakarta/activation/jakarta.activation-api/1.2.1/jakarta.activation-api-1.2.1.jar:/home/alex/Repositories/nifi/nifi-commons/nifi-logging-utils/target/classes:/home/alex/Repositories/nifi/nifi-nar-bundles/nifi-framework-bundle/nifi-framework/nifi-client-dto/target/classes:/home/alex/.m2/repository/io/swagger/swagger-annotations/1.6.0/swagger-annotations-1.6.0.jar:/home/alex/Repositories/nifi/nifi-commons/nifi-site-to-site-client/target/classes:/home/alex/.m2/repository/org/apache/httpcomponents/httpclient/4.5.5/httpclient-4.5.5.jar:/home/alex/.m2/repository/org/apache/httpcomponents/httpcore/4.4.9/httpcore-4.4.9.jar:/home/alex/.m2/repository/org/apache/httpcomponents/httpasyncclient/4.1.4/httpasyncclient-4.1.4.jar:/home/alex/.m2/repository/org/apache/httpcomponents/httpcore-nio/4.4.10/httpcore-nio-4.4.10.jar:/home/alex/Repositories/nifi/nifi-nar-bundles/nifi-framework-bundle/nifi-framework/nifi-framework-authorization/target/classes:/home/alex/Repositories/nifi/nifi-nar-bundles/nifi-framework-bundle/nifi-framework/nifi-administration/target/classes:/home/alex/Repositories/nifi/nifi-nar-bundles/nifi-framework-bundle/nifi-framework/nifi-user-actions/target/classes:/home/alex/.m2/repository/org/springframework/spring-aop/5.3.11/spring-aop-5.3.11.jar:/home/alex/.m2/repository/org/aspectj/aspectjweaver/1.9.6/aspectjweaver-1.9.6.jar:/home/alex/.m2/repository/org/springframework/security/spring-security-core/5.5.2/spring-security-core-5.5.2.jar:/home/alex/.m2/repository/org/springframework/security/spring-security-crypto/5.5.2/spring-security-crypto-5.5.2.jar:/home/alex/.m2/repository/org/apache/commons/commons-collections4/4.4/commons-collections4-4.4.jar:/home/alex/.m2/repository/com/h2database/h2/1.4.199/h2-1.4.199.jar:/home/alex/.m2/repository/org/bouncycastle/bcprov-jdk15on/1.69/bcprov-jdk15on-1.69.jar:/home/alex/.m2/repository/org/glassfish/jersey/core/jersey-client/2.33/jersey-client-2.33.jar:/home/alex/.m2/repository/jakarta/ws/rs/jakarta.ws.rs-api/2.1.6/jakarta.ws.rs-api-2.1.6.jar:/home/alex/.m2/repository/org/glassfish/jersey/core/jersey-common/2.33/jersey-common-2.33.jar:/home/alex/.m2/repository/jakarta/annotation/jakarta.annotation-api/1.3.5/jakarta.annotation-api-1.3.5.jar:/home/alex/.m2/repository/org/glassfish/hk2/osgi-resource-locator/1.0.3/osgi-resource-locator-1.0.3.jar:/home/alex/.m2/repository/org/glassfish/hk2/external/jakarta.inject/2.6.1/jakarta.inject-2.6.1.jar:/home/alex/.m2/repository/org/springframework/spring-core/5.3.11/spring-core-5.3.11.jar:/home/alex/.m2/repository/org/springframework/spring-jcl/5.3.11/spring-jcl-5.3.11.jar:/home/alex/.m2/repository/org/springframework/spring-beans/5.3.11/spring-beans-5.3.11.jar:/home/alex/.m2/repository/org/springframework/spring-context/5.3.11/spring-context-5.3.11.jar:/home/alex/.m2/repository/org/springframework/spring-expression/5.3.11/spring-expression-5.3.11.jar:/home/alex/.m2/repository/commons-io/commons-io/2.10.0/commons-io-2.10.0.jar:/home/alex/.m2/repository/org/apache/commons/commons-math3/3.6.1/commons-math3-3.6.1.jar:/home/alex/.m2/repository/org/questdb/core/4.2.1/core-4.2.1.jar:/home/alex/Repositories/nifi/nifi-commons/nifi-data-provenance-utils/target/classes:/home/alex/Repositories/nifi/nifi-commons/nifi-write-ahead-log/target/classes:/home/alex/Repositories/nifi/nifi-commons/nifi-rocksdb-utils/target/classes:/home/alex/.m2/repository/org/rocksdb/rocksdbjni/6.6.4/rocksdbjni-6.6.4.jar:/home/alex/Repositories/nifi/nifi-nar-bundles/nifi-framework-bundle/nifi-framework/nifi-flowfile-repo-serialization/target/classes:/home/alex/.m2/repository/org/apache/zookeeper/zookeeper/3.5.9/zookeeper-3.5.9.jar:/home/alex/.m2/repository/org/apache/zookeeper/zookeeper-jute/3.5.9/zookeeper-jute-3.5.9.jar:/home/alex/.m2/repository/org/apache/yetus/audience-annotations/0.5.0/audience-annotations-0.5.0.jar:/home/alex/.m2/repository/io/netty/netty-handler/4.1.50.Final/netty-handler-4.1.50.Final.jar:/home/alex/.m2/repository/io/netty/netty-common/4.1.50.Final/netty-common-4.1.50.Final.jar:/home/alex/.m2/repository/io/netty/netty-resolver/4.1.50.Final/netty-resolver-4.1.50.Final.jar:/home/alex/.m2/repository/io/netty/netty-buffer/4.1.50.Final/netty-buffer-4.1.50.Final.jar:/home/alex/.m2/repository/io/netty/netty-transport/4.1.50.Final/netty-transport-4.1.50.Final.jar:/home/alex/.m2/repository/io/netty/netty-codec/4.1.50.Final/netty-codec-4.1.50.Final.jar:/home/alex/.m2/repository/io/netty/netty-transport-native-epoll/4.1.50.Final/netty-transport-native-epoll-4.1.50.Final.jar:/home/alex/.m2/repository/io/netty/netty-transport-native-unix-common/4.1.50.Final/netty-transport-native-unix-common-4.1.50.Final.jar:/home/alex/.m2/repository/org/apache/curator/curator-framework/5.2.0/curator-framework-5.2.0.jar:/home/alex/.m2/repository/org/apache/curator/curator-client/5.2.0/curator-client-5.2.0.jar:/home/alex/.m2/repository/org/apache/curator/curator-recipes/5.2.0/curator-recipes-5.2.0.jar:/home/alex/Repositories/nifi/nifi-registry/nifi-registry-core/nifi-registry-data-model/target/classes:/home/alex/.m2/repository/javax/validation/validation-api/2.0.1.Final/validation-api-2.0.1.Final.jar:/home/alex/.m2/repository/javax/ws/rs/javax.ws.rs-api/2.1/javax.ws.rs-api-2.1.jar:/home/alex/Repositories/nifi/nifi-registry/nifi-registry-core/nifi-registry-revision/nifi-registry-revision-entity-model/target/classes:/home/alex/Repositories/nifi/nifi-registry/nifi-registry-core/nifi-registry-flow-diff/target/classes:/home/alex/Repositories/nifi/nifi-registry/nifi-registry-core/nifi-registry-client/target/classes:/home/alex/Repositories/nifi/nifi-registry/nifi-registry-core/nifi-registry-security-utils/target/classes:/home/alex/.m2/repository/org/glassfish/jersey/media/jersey-media-json-jackson/2.33/jersey-media-json-jackson-2.33.jar:/home/alex/.m2/repository/org/glassfish/jersey/ext/jersey-entity-filtering/2.33/jersey-entity-filtering-2.33.jar:/home/alex/.m2/repository/org/glassfish/jersey/inject/jersey-hk2/2.33/jersey-hk2-2.33.jar:/home/alex/.m2/repository/org/glassfish/hk2/hk2-locator/2.6.1/hk2-locator-2.6.1.jar:/home/alex/.m2/repository/org/glassfish/hk2/external/aopalliance-repackaged/2.6.1/aopalliance-repackaged-2.6.1.jar:/home/alex/.m2/repository/org/glassfish/hk2/hk2-api/2.6.1/hk2-api-2.6.1.jar:/home/alex/.m2/repository/org/glassfish/hk2/hk2-utils/2.6.1/hk2-utils-2.6.1.jar:/home/alex/.m2/repository/org/javassist/javassist/3.25.0-GA/javassist-3.25.0-GA.jar:/home/alex/.m2/repository/org/glassfish/jersey/media/jersey-media-multipart/2.33/jersey-media-multipart-2.33.jar:/home/alex/.m2/repository/org/jvnet/mimepull/mimepull/1.9.13/mimepull-1.9.13.jar:/home/alex/.m2/repository/com/fasterxml/jackson/core/jackson-core/2.12.3/jackson-core-2.12.3.jar:/home/alex/.m2/repository/org/apache/curator/curator-test/5.2.0/curator-test-5.2.0.jar:/home/alex/.m2/repository/io/dropwizard/metrics/metrics-core/3.2.5/metrics-core-3.2.5.jar:/home/alex/.m2/repository/org/xerial/snappy/snappy-java/1.1.7/snappy-java-1.1.7.jar:/home/alex/.m2/repository/com/google/guava/guava/28.0-jre/guava-28.0-jre.jar:/home/alex/.m2/repository/com/google/guava/failureaccess/1.0.1/failureaccess-1.0.1.jar:/home/alex/.m2/repository/com/google/guava/listenablefuture/9999.0-empty-to-avoid-conflict-with-guava/listenablefuture-9999.0-empty-to-avoid-conflict-with-guava.jar:/home/alex/.m2/repository/com/google/code/findbugs/jsr305/3.0.2/jsr305-3.0.2.jar:/home/alex/.m2/repository/com/google/j2objc/j2objc-annotations/1.3/j2objc-annotations-1.3.jar:/home/alex/.m2/repository/org/codehaus/mojo/animal-sniffer-annotations/1.17/animal-sniffer-annotations-1.17.jar:/home/alex/.m2/repository/org/testng/testng/6.8.8/testng-6.8.8.jar:/home/alex/.m2/repository/org/beanshell/bsh/2.0b4/bsh-2.0b4.jar:/home/alex/.m2/repository/com/beust/jcommander/1.27/jcommander-1.27.jar:/home/alex/Repositories/nifi/nifi-mock/target/classes:/home/alex/.m2/repository/org/spockframework/spock-core/1.3-groovy-2.5/spock-core-1.3-groovy-2.5.jar:/home/alex/.m2/repository/junit/junit/4.13.2/junit-4.13.2.jar:/home/alex/.m2/repository/org/hamcrest/hamcrest-core/1.3/hamcrest-core-1.3.jar:/home/alex/.m2/repository/cglib/cglib-nodep/3.3.0/cglib-nodep-3.3.0.jar:/home/alex/.m2/repository/org/eclipse/jgit/org.eclipse.jgit/4.3.1.201605051710-r/org.eclipse.jgit-4.3.1.201605051710-r.jar:/home/alex/.m2/repository/com/jcraft/jsch/0.1.53/jsch-0.1.53.jar:/home/alex/.m2/repository/com/googlecode/javaewah/JavaEWAH/0.7.9/JavaEWAH-0.7.9.jar:/home/alex/Repositories/nifi/nifi-nar-bundles/nifi-framework-bundle/nifi-framework/nifi-authorizer/target/classes:/home/alex/Repositories/nifi/nifi-nar-bundles/nifi-framework-bundle/nifi-framework/nifi-framework-authorization-providers/target/classes:/home/alex/Repositories/nifi/nifi-nar-bundles/nifi-framework-bundle/nifi-framework/nifi-mock-authorizer/target/classes:/home/alex/Repositories/nifi/nifi-nar-bundles/nifi-provenance-repository-bundle/nifi-persistent-provenance-repository/target/classes:/home/alex/.m2/repository/org/apache/lucene/lucene-core/8.8.2/lucene-core-8.8.2.jar:/home/alex/.m2/repository/org/apache/lucene/lucene-analyzers-common/8.8.2/lucene-analyzers-common-8.8.2.jar:/home/alex/.m2/repository/org/apache/lucene/lucene-queryparser/8.8.2/lucene-queryparser-8.8.2.jar:/home/alex/.m2/repository/org/apache/lucene/lucene-queries/8.8.2/lucene-queries-8.8.2.jar:/home/alex/.m2/repository/org/apache/lucene/lucene-sandbox/8.8.2/lucene-sandbox-8.8.2.jar:/home/alex/.m2/repository/org/apache/lucene/lucene-backward-codecs/8.8.2/lucene-backward-codecs-8.8.2.jar:/home/alex/.m2/repository/org/codehaus/groovy/groovy-dateutil/2.5.14/groovy-dateutil-2.5.14.jar:/home/alex/.m2/repository/org/codehaus/groovy/groovy/2.5.14/groovy-2.5.14.jar:/home/alex/.m2/repository/com/github/ben-manes/caffeine/caffeine/2.8.1/caffeine-2.8.1.jar:/home/alex/.m2/repository/org/checkerframework/checker-qual/3.1.0/checker-qual-3.1.0.jar:/home/alex/.m2/repository/com/google/errorprone/error_prone_annotations/2.3.4/error_prone_annotations-2.3.4.jar:/home/alex/.m2/repository/org/slf4j/slf4j-api/1.7.32/slf4j-api-1.7.32.jar:/home/alex/.m2/repository/org/junit/jupiter/junit-jupiter-api/5.7.2/junit-jupiter-api-5.7.2.jar:/home/alex/.m2/repository/org/apiguardian/apiguardian-api/1.1.0/apiguardian-api-1.1.0.jar:/home/alex/.m2/repository/org/opentest4j/opentest4j/1.2.0/opentest4j-1.2.0.jar:/home/alex/.m2/repository/org/junit/platform/junit-platform-commons/1.7.2/junit-platform-commons-1.7.2.jar:/home/alex/.m2/repository/org/junit/jupiter/junit-jupiter-engine/5.7.2/junit-jupiter-engine-5.7.2.jar:/home/alex/.m2/repository/org/junit/platform/junit-platform-engine/1.7.2/junit-platform-engine-1.7.2.jar:/home/alex/.m2/repository/org/junit/vintage/junit-vintage-engine/5.7.2/junit-vintage-engine-5.7.2.jar:/home/alex/.m2/repository/org/junit/jupiter/junit-jupiter-params/5.7.2/junit-jupiter-params-5.7.2.jar:/home/alex/.m2/repository/org/mockito/mockito-core/3.11.2/mockito-core-3.11.2.jar:/home/alex/.m2/repository/net/bytebuddy/byte-buddy/1.11.3/byte-buddy-1.11.3.jar:/home/alex/.m2/repository/net/bytebuddy/byte-buddy-agent/1.11.3/byte-buddy-agent-1.11.3.jar:/home/alex/.m2/repository/org/objenesis/objenesis/3.2/objenesis-3.2.jar:/home/alex/.m2/repository/org/mockito/mockito-junit-jupiter/3.11.2/mockito-junit-jupiter-3.11.2.jar:/home/alex/.m2/repository/org/slf4j/slf4j-simple/1.7.32/slf4j-simple-1.7.32.jar:/home/alex/.m2/repository/org/codehaus/groovy/groovy-test/2.5.14/groovy-test-2.5.14.jar:"/>
    <property name="java.vm.vendor" value="Private Build"/>
    <property name="sun.arch.data.model" value="64"/>
    <property name="java.vendor.url" value="http://java.oracle.com/"/>
    <property name="user.timezone" value=""/>
    <property name="java.vm.specification.version" value="1.8"/>
    <property name="os.name" value="Linux"/>
    <property name="user.country" value="US"/>
    <property name="sun.java.launcher" value="SUN_STANDARD"/>
    <property name="sun.boot.library.path" value="/usr/lib/jvm/java-8-openjdk-amd64/jre/lib/amd64"/>
    <property name="sun.java.command" value="/home/alex/Repositories/nifi/nifi-nar-bundles/nifi-framework-bundle/nifi-framework/nifi-framework-core/target/surefire/surefirebooter488718189616513194.jar /home/alex/Repositories/nifi/nifi-nar-bundles/nifi-framework-bundle/nifi-framework/nifi-framework-core/target/surefire 2024-05-02T01-23-45_285-jvmRun1 surefire5118370976852775814tmp surefire_442123681760591782712tmp"/>
    <property name="surefire.test.class.path" value="/home/alex/Repositories/nifi/nifi-nar-bundles/nifi-framework-bundle/nifi-framework/nifi-framework-core/target/test-classes:/home/alex/Repositories/nifi/nifi-nar-bundles/nifi-framework-bundle/nifi-framework/nifi-framework-core/target/classes:/home/alex/Repositories/nifi/nifi-nar-bundles/nifi-framework-bundle/nifi-framework/nifi-framework-core-api/target/classes:/home/alex/Repositories/nifi/nifi-nar-bundles/nifi-framework-bundle/nifi-framework/nifi-framework-nar-utils/target/classes:/home/alex/Repositories/nifi/nifi-commons/nifi-parameter/target/classes:/home/alex/.m2/repository/org/apache/commons/commons-lang3/3.9/commons-lang3-3.9.jar:/home/alex/Repositories/nifi/nifi-nar-bundles/nifi-framework-bundle/nifi-framework/nifi-properties-loader/target/classes:/home/alex/Repositories/nifi/nifi-commons/nifi-security-utils/target/classes:/home/alex/Repositories/nifi/nifi-commons/nifi-security-utils-api/target/classes:/home/alex/.m2/repository/org/bouncycastle/bcpkix-jdk15on/1.69/bcpkix-jdk15on-1.69.jar:/home/alex/.m2/repository/org/bouncycastle/bcutil-jdk15on/1.69/bcutil-jdk15on-1.69.jar:/home/alex/.m2/repository/at/favre/lib/bcrypt/0.9.0/bcrypt-0.9.0.jar:/home/alex/.m2/repository/at/favre/lib/bytes/1.3.0/bytes-1.3.0.jar:/home/alex/.m2/repository/org/apache/commons/commons-configuration2/2.7/commons-configuration2-2.7.jar:/home/alex/Repositories/nifi/nifi-commons/nifi-sensitive-property-provider/target/classes:/home/alex/.m2/repository/software/amazon/awssdk/kms/2.17.1/kms-2.17.1.jar:/home/alex/.m2/repository/software/amazon/awssdk/aws-json-protocol/2.17.1/aws-json-protocol-2.17.1.jar:/home/alex/.m2/repository/software/amazon/awssdk/third-party-jackson-core/2.17.1/third-party-jackson-core-2.17.1.jar:/home/alex/.m2/repository/software/amazon/awssdk/json-utils/2.17.1/json-utils-2.17.1.jar:/home/alex/.m2/repository/software/amazon/awssdk/protocol-core/2.17.1/protocol-core-2.17.1.jar:/home/alex/.m2/repository/software/amazon/awssdk/sdk-core/2.17.1/sdk-core-2.17.1.jar:/home/alex/.m2/repository/software/amazon/awssdk/profiles/2.17.1/profiles-2.17.1.jar:/home/alex/.m2/repository/org/reactivestreams/reactive-streams/1.0.3/reactive-streams-1.0.3.jar:/home/alex/.m2/repository/software/amazon/awssdk/auth/2.17.1/auth-2.17.1.jar:/home/alex/.m2/repository/software/amazon/eventstream/eventstream/1.0.1/eventstream-1.0.1.jar:/home/alex/.m2/repository/software/amazon/awssdk/http-client-spi/2.17.1/http-client-spi-2.17.1.jar:/home/alex/.m2/repository/software/amazon/awssdk/regions/2.17.1/regions-2.17.1.jar:/home/alex/.m2/repository/software/amazon/awssdk/annotations/2.17.1/annotations-2.17.1.jar:/home/alex/.m2/repository/software/amazon/awssdk/utils/2.17.1/utils-2.17.1.jar:/home/alex/.m2/repository/software/amazon/awssdk/aws-core/2.17.1/aws-core-2.17.1.jar:/home/alex/.m2/repository/software/amazon/awssdk/metrics-spi/2.17.1/metrics-spi-2.17.1.jar:/home/alex/.m2/repository/software/amazon/awssdk/secretsmanager/2.17.1/secretsmanager-2.17.1.jar:/home/alex/.m2/repository/com/azure/azure-security-keyvault-secrets/4.3.3/azure-security-keyvault-secrets-4.3.3.jar:/home/alex/.m2/repository/com/azure/azure-core/1.20.0/azure-core-1.20.0.jar:/home/alex/.m2/repository/com/fasterxml/jackson/datatype/jackson-datatype-jsr310/2.12.4/jackson-datatype-jsr310-2.12.4.jar:/home/alex/.m2/repository/com/fasterxml/jackson/dataformat/jackson-dataformat-xml/2.12.4/jackson-dataformat-xml-2.12.4.jar:/home/alex/.m2/repository/io/projectreactor/reactor-core/3.4.9/reactor-core-3.4.9.jar:/home/alex/.m2/repository/com/azure/azure-security-keyvault-keys/4.3.3/azure-security-keyvault-keys-4.3.3.jar:/home/alex/.m2/repository/com/azure/azure-identity/1.3.4/azure-identity-1.3.4.jar:/home/alex/.m2/repository/com/microsoft/azure/msal4j/1.10.1/msal4j-1.10.1.jar:/home/alex/.m2/repository/com/nimbusds/oauth2-oidc-sdk/9.10.2/oauth2-oidc-sdk-9.10.2.jar:/home/alex/.m2/repository/com/github/stephenc/jcip/jcip-annotations/1.0-1/jcip-annotations-1.0-1.jar:/home/alex/.m2/repository/com/nimbusds/content-type/2.1/content-type-2.1.jar:/home/alex/.m2/repository/com/nimbusds/lang-tag/1.5/lang-tag-1.5.jar:/home/alex/.m2/repository/com/nimbusds/nimbus-jose-jwt/9.11.2/nimbus-jose-jwt-9.11.2.jar:/home/alex/.m2/repository/com/microsoft/azure/msal4j-persistence-extension/1.1.0/msal4j-persistence-extension-1.1.0.jar:/home/alex/.m2/repository/net/java/dev/jna/jna/5.5.0/jna-5.5.0.jar:/home/alex/.m2/repository/net/java/dev/jna/jna-platform/5.6.0/jna-platform-5.6.0.jar:/home/alex/.m2/repository/com/azure/azure-core-http-okhttp/1.7.1/azure-core-http-okhttp-1.7.1.jar:/home/alex/.m2/repository/com/squareup/okhttp3/okhttp/4.8.1/okhttp-4.8.1.jar:/home/alex/.m2/repository/com/squareup/okio/okio/2.7.0/okio-2.7.0.jar:/home/alex/.m2/repository/org/jetbrains/kotlin/kotlin-stdlib-common/1.3.70/kotlin-stdlib-common-1.3.70.jar:/home/alex/.m2/repository/org/jetbrains/kotlin/kotlin-stdlib/1.3.72/kotlin-stdlib-1.3.72.jar:/home/alex/.m2/repository/org/jetbrains/annotations/13.0/annotations-13.0.jar:/home/alex/.m2/repository/software/amazon/awssdk/url-connection-client/2.17.1/url-connection-client-2.17.1.jar:/home/alex/.m2/repository/com/google/cloud/google-cloud-kms/2.0.2/google-cloud-kms-2.0.2.jar:/home/alex/.m2/repository/io/grpc/grpc-api/1.40.0/grpc-api-1.40.0.jar:/home/alex/.m2/repository/io/grpc/grpc-context/1.40.0/grpc-context-1.40.0.jar:/home/alex/.m2/repository/io/grpc/grpc-stub/1.40.0/grpc-stub-1.40.0.jar:/home/alex/.m2/repository/io/grpc/grpc-protobuf/1.40.0/grpc-protobuf-1.40.0.jar:/home/alex/.m2/repository/io/grpc/grpc-protobuf-lite/1.40.0/grpc-protobuf-lite-1.40.0.jar:/home/alex/.m2/repository/com/google/api/api-common/2.0.1/api-common-2.0.1.jar:/home/alex/.m2/repository/javax/annotation/javax.annotation-api/1.3.2/javax.annotation-api-1.3.2.jar:/home/alex/.m2/repository/com/google/auto/value/auto-value-annotations/1.8.2/auto-value-annotations-1.8.2.jar:/home/alex/.m2/repository/com/google/protobuf/protobuf-java/3.17.3/protobuf-java-3.17.3.jar:/home/alex/.m2/repository/com/google/api/grpc/proto-google-common-protos/2.3.2/proto-google-common-protos-2.3.2.jar:/home/alex/.m2/repository/com/google/api/grpc/proto-google-cloud-kms-v1/0.91.2/proto-google-cloud-kms-v1-0.91.2.jar:/home/alex/.m2/repository/com/google/api/gax/2.3.0/gax-2.3.0.jar:/home/alex/.m2/repository/io/opencensus/opencensus-api/0.28.0/opencensus-api-0.28.0.jar:/home/alex/.m2/repository/com/google/api/gax-grpc/2.3.0/gax-grpc-2.3.0.jar:/home/alex/.m2/repository/com/google/auth/google-auth-library-credentials/1.1.0/google-auth-library-credentials-1.1.0.jar:/home/alex/.m2/repository/io/grpc/grpc-netty-shaded/1.40.0/grpc-netty-shaded-1.40.0.jar:/home/alex/.m2/repository/io/perfmark/perfmark-api/0.23.0/perfmark-api-0.23.0.jar:/home/alex/.m2/repository/io/grpc/grpc-core/1.40.0/grpc-core-1.40.0.jar:/home/alex/.m2/repository/com/google/android/annotations/4.1.1.4/annotations-4.1.1.4.jar:/home/alex/.m2/repository/io/grpc/grpc-alts/1.40.0/grpc-alts-1.40.0.jar:/home/alex/.m2/repository/io/grpc/grpc-grpclb/1.40.0/grpc-grpclb-1.40.0.jar:/home/alex/.m2/repository/com/google/protobuf/protobuf-java-util/3.17.3/protobuf-java-util-3.17.3.jar:/home/alex/.m2/repository/org/conscrypt/conscrypt-openjdk-uber/2.5.1/conscrypt-openjdk-uber-2.5.1.jar:/home/alex/.m2/repository/org/threeten/threetenbp/1.5.1/threetenbp-1.5.1.jar:/home/alex/.m2/repository/io/grpc/grpc-auth/1.40.0/grpc-auth-1.40.0.jar:/home/alex/.m2/repository/com/google/api/grpc/proto-google-iam-v1/1.0.14/proto-google-iam-v1-1.0.14.jar:/home/alex/.m2/repository/com/google/auth/google-auth-library-oauth2-http/1.1.0/google-auth-library-oauth2-http-1.1.0.jar:/home/alex/.m2/repository/com/google/http-client/google-http-client/1.39.2/google-http-client-1.39.2.jar:/home/alex/.m2/repository/io/opencensus/opencensus-contrib-http-util/0.28.0/opencensus-contrib-http-util-0.28.0.jar:/home/alex/.m2/repository/com/google/http-client/google-http-client-gson/1.39.2/google-http-client-gson-1.39.2.jar:/home/alex/.m2/repository/com/google/code/gson/gson/2.8.8/gson-2.8.8.jar:/home/alex/Repositories/nifi/nifi-commons/nifi-vault-utils/target/classes:/home/alex/.m2/repository/org/springframework/vault/spring-vault-core/2.3.2/spring-vault-core-2.3.2.jar:/home/alex/.m2/repository/org/springframework/spring-web/5.3.11/spring-web-5.3.11.jar:/home/alex/Repositories/nifi/nifi-api/target/classes:/home/alex/Repositories/nifi/nifi-framework-api/target/classes:/home/alex/Repositories/nifi/nifi-nar-bundles/nifi-framework-bundle/nifi-framework/nifi-nar-utils/target/classes:/home/alex/Repositories/nifi/nifi-nar-bundles/nifi-framework-bundle/nifi-framework/nifi-framework-components/target/classes:/home/alex/Repositories/nifi/nifi-commons/nifi-web-utils/target/classes:/home/alex/.m2/repository/com/fasterxml/jackson/core/jackson-annotations/2.12.3/jackson-annotations-2.12.3.jar:/home/alex/.m2/repository/org/quartz-scheduler/quartz/2.3.2/quartz-2.3.2.jar:/home/alex/.m2/repository/com/mchange/c3p0/0.9.5.4/c3p0-0.9.5.4.jar:/home/alex/.m2/repository/com/mchange/mchange-commons-java/0.2.15/mchange-commons-java-0.2.15.jar:/home/alex/.m2/repository/com/zaxxer/HikariCP-java7/2.4.13/HikariCP-java7-2.4.13.jar:/home/alex/Repositories/nifi/nifi-commons/nifi-property-encryptor/target/classes:/home/alex/Repositories/nifi/nifi-commons/nifi-expression-language/target/classes:/home/alex/.m2/repository/org/antlr/antlr-runtime/3.5.2/antlr-runtime-3.5.2.jar:/home/alex/Repositories/nifi/nifi-commons/nifi-uuid5/target/classes:/home/alex/.m2/repository/com/jayway/jsonpath/json-path/2.6.0/json-path-2.6.0.jar:/home/alex/.m2/repository/net/minidev/json-smart/2.4.7/json-smart-2.4.7.jar:/home/alex/.m2/repository/net/minidev/accessors-smart/2.4.7/accessors-smart-2.4.7.jar:/home/alex/.m2/repository/org/ow2/asm/asm/9.1/asm-9.1.jar:/home/alex/.m2/repository/com/fasterxml/jackson/core/jackson-databind/2.12.3/jackson-databind-2.12.3.jar:/home/alex/.m2/repository/org/apache/commons/commons-text/1.8/commons-text-1.8.jar:/home/alex/.m2/repository/commons-codec/commons-codec/1.14/commons-codec-1.14.jar:/home/alex/Repositories/nifi/nifi-commons/nifi-utils/target/classes:/home/alex/Repositories/nifi/nifi-commons/nifi-schema-utils/target/classes:/home/alex/Repositories/nifi/nifi-nar-bundles/nifi-framework-bundle/nifi-framework/nifi-repository-models/target/classes:/home/alex/Repositories/nifi/nifi-commons/nifi-security-kms/target/classes:/home/alex/Repositories/nifi/nifi-commons/nifi-repository-encryption/target/classes:/home/alex/Repositories/nifi/nifi-commons/nifi-properties/target/classes:/home/alex/Repositories/nifi/nifi-commons/nifi-property-utils/target/classes:/home/alex/Repositories/nifi/nifi-nar-bundles/nifi-framework-bundle/nifi-framework/nifi-site-to-site/target/classes:/home/alex/Repositories/nifi/nifi-nar-bundles/nifi-framework-bundle/nifi-framework/nifi-framework-cluster-protocol/target/classes:/home/alex/Repositories/nifi/nifi-commons/nifi-socket-utils/target/classes:/home/alex/.m2/repository/commons-net/commons-net/3.6/commons-net-3.6.jar:/home/alex/.m2/repository/com/fasterxml/jackson/module/jackson-module-jaxb-annotations/2.12.3/jackson-module-jaxb-annotations-2.12.3.jar:/home/alex/.m2/repository/jakarta/xml/bind/jakarta.xml.bind-api/2.3.2/jakarta.xml.bind-api-2.3.2.jar:/home/alex/.m2/repository/jakarta/activation/jakarta.activation-api/1.2.1/jakarta.activation-api-1.2.1.jar:/home/alex/Repositories/nifi/nifi-commons/nifi-logging-utils/target/classes:/home/alex/Repositories/nifi/nifi-nar-bundles/nifi-framework-bundle/nifi-framework/nifi-client-dto/target/classes:/home/alex/.m2/repository/io/swagger/swagger-annotations/1.6.0/swagger-annotations-1.6.0.jar:/home/alex/Repositories/nifi/nifi-commons/nifi-site-to-site-client/target/classes:/home/alex/.m2/repository/org/apache/httpcomponents/httpclient/4.5.5/httpclient-4.5.5.jar:/home/alex/.m2/repository/org/apache/httpcomponents/httpcore/4.4.9/httpcore-4.4.9.jar:/home/alex/.m2/repository/org/apache/httpcomponents/httpasyncclient/4.1.4/httpasyncclient-4.1.4.jar:/home/alex/.m2/repository/org/apache/httpcomponents/httpcore-nio/4.4.10/httpcore-nio-4.4.10.jar:/home/alex/Repositories/nifi/nifi-nar-bundles/nifi-framework-bundle/nifi-framework/nifi-framework-authorization/target/classes:/home/alex/Repositories/nifi/nifi-nar-bundles/nifi-framework-bundle/nifi-framework/nifi-administration/target/classes:/home/alex/Repositories/nifi/nifi-nar-bundles/nifi-framework-bundle/nifi-framework/nifi-user-actions/target/classes:/home/alex/.m2/repository/org/springframework/spring-aop/5.3.11/spring-aop-5.3.11.jar:/home/alex/.m2/repository/org/aspectj/aspectjweaver/1.9.6/aspectjweaver-1.9.6.jar:/home/alex/.m2/repository/org/springframework/security/spring-security-core/5.5.2/spring-security-core-5.5.2.jar:/home/alex/.m2/repository/org/springframework/security/spring-security-crypto/5.5.2/spring-security-crypto-5.5.2.jar:/home/alex/.m2/repository/org/apache/commons/commons-collections4/4.4/commons-collections4-4.4.jar:/home/alex/.m2/repository/com/h2database/h2/1.4.199/h2-1.4.199.jar:/home/alex/.m2/repository/org/bouncycastle/bcprov-jdk15on/1.69/bcprov-jdk15on-1.69.jar:/home/alex/.m2/repository/org/glassfish/jersey/core/jersey-client/2.33/jersey-client-2.33.jar:/home/alex/.m2/repository/jakarta/ws/rs/jakarta.ws.rs-api/2.1.6/jakarta.ws.rs-api-2.1.6.jar:/home/alex/.m2/repository/org/glassfish/jersey/core/jersey-common/2.33/jersey-common-2.33.jar:/home/alex/.m2/repository/jakarta/annotation/jakarta.annotation-api/1.3.5/jakarta.annotation-api-1.3.5.jar:/home/alex/.m2/repository/org/glassfish/hk2/osgi-resource-locator/1.0.3/osgi-resource-locator-1.0.3.jar:/home/alex/.m2/repository/org/glassfish/hk2/external/jakarta.inject/2.6.1/jakarta.inject-2.6.1.jar:/home/alex/.m2/repository/org/springframework/spring-core/5.3.11/spring-core-5.3.11.jar:/home/alex/.m2/repository/org/springframework/spring-jcl/5.3.11/spring-jcl-5.3.11.jar:/home/alex/.m2/repository/org/springframework/spring-beans/5.3.11/spring-beans-5.3.11.jar:/home/alex/.m2/repository/org/springframework/spring-context/5.3.11/spring-context-5.3.11.jar:/home/alex/.m2/repository/org/springframework/spring-expression/5.3.11/spring-expression-5.3.11.jar:/home/alex/.m2/repository/commons-io/commons-io/2.10.0/commons-io-2.10.0.jar:/home/alex/.m2/repository/org/apache/commons/commons-math3/3.6.1/commons-math3-3.6.1.jar:/home/alex/.m2/repository/org/questdb/core/4.2.1/core-4.2.1.jar:/home/alex/Repositories/nifi/nifi-commons/nifi-data-provenance-utils/target/classes:/home/alex/Repositories/nifi/nifi-commons/nifi-write-ahead-log/target/classes:/home/alex/Repositories/nifi/nifi-commons/nifi-rocksdb-utils/target/classes:/home/alex/.m2/repository/org/rocksdb/rocksdbjni/6.6.4/rocksdbjni-6.6.4.jar:/home/alex/Repositories/nifi/nifi-nar-bundles/nifi-framework-bundle/nifi-framework/nifi-flowfile-repo-serialization/target/classes:/home/alex/.m2/repository/org/apache/zookeeper/zookeeper/3.5.9/zookeeper-3.5.9.jar:/home/alex/.m2/repository/org/apache/zookeeper/zookeeper-jute/3.5.9/zookeeper-jute-3.5.9.jar:/home/alex/.m2/repository/org/apache/yetus/audience-annotations/0.5.0/audience-annotations-0.5.0.jar:/home/alex/.m2/repository/io/netty/netty-handler/4.1.50.Final/netty-handler-4.1.50.Final.jar:/home/alex/.m2/repository/io/netty/netty-common/4.1.50.Final/netty-common-4.1.50.Final.jar:/home/alex/.m2/repository/io/netty/netty-resolver/4.1.50.Final/netty-resolver-4.1.50.Final.jar:/home/alex/.m2/repository/io/netty/netty-buffer/4.1.50.Final/netty-buffer-4.1.50.Final.jar:/home/alex/.m2/repository/io/netty/netty-transport/4.1.50.Final/netty-transport-4.1.50.Final.jar:/home/alex/.m2/repository/io/netty/netty-codec/4.1.50.Final/netty-codec-4.1.50.Final.jar:/home/alex/.m2/repository/io/netty/netty-transport-native-epoll/4.1.50.Final/netty-transport-native-epoll-4.1.50.Final.jar:/home/alex/.m2/repository/io/netty/netty-transport-native-unix-common/4.1.50.Final/netty-transport-native-unix-common-4.1.50.Final.jar:/home/alex/.m2/repository/org/apache/curator/curator-framework/5.2.0/curator-framework-5.2.0.jar:/home/alex/.m2/repository/org/apache/curator/curator-client/5.2.0/curator-client-5.2.0.jar:/home/alex/.m2/repository/org/apache/curator/curator-recipes/5.2.0/curator-recipes-5.2.0.jar:/home/alex/Repositories/nifi/nifi-registry/nifi-registry-core/nifi-registry-data-model/target/classes:/home/alex/.m2/repository/javax/validation/validation-api/2.0.1.Final/validation-api-2.0.1.Final.jar:/home/alex/.m2/repository/javax/ws/rs/javax.ws.rs-api/2.1/javax.ws.rs-api-2.1.jar:/home/alex/Repositories/nifi/nifi-registry/nifi-registry-core/nifi-registry-revision/nifi-registry-revision-entity-model/target/classes:/home/alex/Repositories/nifi/nifi-registry/nifi-registry-core/nifi-registry-flow-diff/target/classes:/home/alex/Repositories/nifi/nifi-registry/nifi-registry-core/nifi-registry-client/target/classes:/home/alex/Repositories/nifi/nifi-registry/nifi-registry-core/nifi-registry-security-utils/target/classes:/home/alex/.m2/repository/org/glassfish/jersey/media/jersey-media-json-jackson/2.33/jersey-media-json-jackson-2.33.jar:/home/alex/.m2/repository/org/glassfish/jersey/ext/jersey-entity-filtering/2.33/jersey-entity-filtering-2.33.jar:/home/alex/.m2/repository/org/glassfish/jersey/inject/jersey-hk2/2.33/jersey-hk2-2.33.jar:/home/alex/.m2/repository/org/glassfish/hk2/hk2-locator/2.6.1/hk2-locator-2.6.1.jar:/home/alex/.m2/repository/org/glassfish/hk2/external/aopalliance-repackaged/2.6.1/aopalliance-repackaged-2.6.1.jar:/home/alex/.m2/repository/org/glassfish/hk2/hk2-api/2.6.1/hk2-api-2.6.1.jar:/home/alex/.m2/repository/org/glassfish/hk2/hk2-utils/2.6.1/hk2-utils-2.6.1.jar:/home/alex/.m2/repository/org/javassist/javassist/3.25.0-GA/javassist-3.25.0-GA.jar:/home/alex/.m2/repository/org/glassfish/jersey/media/jersey-media-multipart/2.33/jersey-media-multipart-2.33.jar:/home/alex/.m2/repository/org/jvnet/mimepull/mimepull/1.9.13/mimepull-1.9.13.jar:/home/alex/.m2/repository/com/fasterxml/jackson/core/jackson-core/2.12.3/jackson-core-2.12.3.jar:/home/alex/.m2/repository/org/apache/curator/curator-test/5.2.0/curator-test-5.2.0.jar:/home/alex/.m2/repository/io/dropwizard/metrics/metrics-core/3.2.5/metrics-core-3.2.5.jar:/home/alex/.m2/repository/org/xerial/snappy/snappy-java/1.1.7/snappy-java-1.1.7.jar:/home/alex/.m2/repository/com/google/guava/guava/28.0-jre/guava-28.0-jre.jar:/home/alex/.m2/repository/com/google/guava/failureaccess/1.0.1/failureaccess-1.0.1.jar:/home/alex/.m2/repository/com/google/guava/listenablefuture/9999.0-empty-to-avoid-conflict-with-guava/listenablefuture-9999.0-empty-to-avoid-conflict-with-guava.jar:/home/alex/.m2/repository/com/google/code/findbugs/jsr305/3.0.2/jsr305-3.0.2.jar:/home/alex/.m2/repository/com/google/j2objc/j2objc-annotations/1.3/j2objc-annotations-1.3.jar:/home/alex/.m2/repository/org/codehaus/mojo/animal-sniffer-annotations/1.17/animal-sniffer-annotations-1.17.jar:/home/alex/.m2/repository/org/testng/testng/6.8.8/testng-6.8.8.jar:/home/alex/.m2/repository/org/beanshell/bsh/2.0b4/bsh-2.0b4.jar:/home/alex/.m2/repository/com/beust/jcommander/1.27/jcommander-1.27.jar:/home/alex/Repositories/nifi/nifi-mock/target/classes:/home/alex/.m2/repository/org/spockframework/spock-core/1.3-groovy-2.5/spock-core-1.3-groovy-2.5.jar:/home/alex/.m2/repository/junit/junit/4.13.2/junit-4.13.2.jar:/home/alex/.m2/repository/org/hamcrest/hamcrest-core/1.3/hamcrest-core-1.3.jar:/home/alex/.m2/repository/cglib/cglib-nodep/3.3.0/cglib-nodep-3.3.0.jar:/home/alex/.m2/repository/org/eclipse/jgit/org.eclipse.jgit/4.3.1.201605051710-r/org.eclipse.jgit-4.3.1.201605051710-r.jar:/home/alex/.m2/repository/com/jcraft/jsch/0.1.53/jsch-0.1.53.jar:/home/alex/.m2/repository/com/googlecode/javaewah/JavaEWAH/0.7.9/JavaEWAH-0.7.9.jar:/home/alex/Repositories/nifi/nifi-nar-bundles/nifi-framework-bundle/nifi-framework/nifi-authorizer/target/classes:/home/alex/Repositories/nifi/nifi-nar-bundles/nifi-framework-bundle/nifi-framework/nifi-framework-authorization-providers/target/classes:/home/alex/Repositories/nifi/nifi-nar-bundles/nifi-framework-bundle/nifi-framework/nifi-mock-authorizer/target/classes:/home/alex/Repositories/nifi/nifi-nar-bundles/nifi-provenance-repository-bundle/nifi-persistent-provenance-repository/target/classes:/home/alex/.m2/repository/org/apache/lucene/lucene-core/8.8.2/lucene-core-8.8.2.jar:/home/alex/.m2/repository/org/apache/lucene/lucene-analyzers-common/8.8.2/lucene-analyzers-common-8.8.2.jar:/home/alex/.m2/repository/org/apache/lucene/lucene-queryparser/8.8.2/lucene-queryparser-8.8.2.jar:/home/alex/.m2/repository/org/apache/lucene/lucene-queries/8.8.2/lucene-queries-8.8.2.jar:/home/alex/.m2/repository/org/apache/lucene/lucene-sandbox/8.8.2/lucene-sandbox-8.8.2.jar:/home/alex/.m2/repository/org/apache/lucene/lucene-backward-codecs/8.8.2/lucene-backward-codecs-8.8.2.jar:/home/alex/.m2/repository/org/codehaus/groovy/groovy-dateutil/2.5.14/groovy-dateutil-2.5.14.jar:/home/alex/.m2/repository/org/codehaus/groovy/groovy/2.5.14/groovy-2.5.14.jar:/home/alex/.m2/repository/com/github/ben-manes/caffeine/caffeine/2.8.1/caffeine-2.8.1.jar:/home/alex/.m2/repository/org/checkerframework/checker-qual/3.1.0/checker-qual-3.1.0.jar:/home/alex/.m2/repository/com/google/errorprone/error_prone_annotations/2.3.4/error_prone_annotations-2.3.4.jar:/home/alex/.m2/repository/org/slf4j/slf4j-api/1.7.32/slf4j-api-1.7.32.jar:/home/alex/.m2/repository/org/junit/jupiter/junit-jupiter-api/5.7.2/junit-jupiter-api-5.7.2.jar:/home/alex/.m2/repository/org/apiguardian/apiguardian-api/1.1.0/apiguardian-api-1.1.0.jar:/home/alex/.m2/repository/org/opentest4j/opentest4j/1.2.0/opentest4j-1.2.0.jar:/home/alex/.m2/repository/org/junit/platform/junit-platform-commons/1.7.2/junit-platform-commons-1.7.2.jar:/home/alex/.m2/repository/org/junit/jupiter/junit-jupiter-engine/5.7.2/junit-jupiter-engine-5.7.2.jar:/home/alex/.m2/repository/org/junit/platform/junit-platform-engine/1.7.2/junit-platform-engine-1.7.2.jar:/home/alex/.m2/repository/org/junit/vintage/junit-vintage-engine/5.7.2/junit-vintage-engine-5.7.2.jar:/home/alex/.m2/repository/org/junit/jupiter/junit-jupiter-params/5.7.2/junit-jupiter-params-5.7.2.jar:/home/alex/.m2/repository/org/mockito/mockito-core/3.11.2/mockito-core-3.11.2.jar:/home/alex/.m2/repository/net/bytebuddy/byte-buddy/1.11.3/byte-buddy-1.11.3.jar:/home/alex/.m2/repository/net/bytebuddy/byte-buddy-agent/1.11.3/byte-buddy-agent-1.11.3.jar:/home/alex/.m2/repository/org/objenesis/objenesis/3.2/objenesis-3.2.jar:/home/alex/.m2/repository/org/mockito/mockito-junit-jupiter/3.11.2/mockito-junit-jupiter-3.11.2.jar:/home/alex/.m2/repository/org/slf4j/slf4j-simple/1.7.32/slf4j-simple-1.7.32.jar:/home/alex/.m2/repository/org/codehaus/groovy/groovy-test/2.5.14/groovy-test-2.5.14.jar:"/>
    <property name="sun.cpu.endian" value="little"/>
    <property name="user.home" value="/home/alex"/>
    <property name="user.language" value="en"/>
    <property name="java.specification.vendor" value="Oracle Corporation"/>
    <property name="java.home" value="/usr/lib/jvm/java-8-openjdk-amd64/jre"/>
    <property name="basedir" value="/home/alex/Repositories/nifi/nifi-nar-bundles/nifi-framework-bundle/nifi-framework/nifi-framework-core"/>
    <property name="file.separator" value="/"/>
    <property name="line.separator" value="&#10;"/>
    <property name="java.vm.specification.vendor" value="Oracle Corporation"/>
    <property name="java.specification.name" value="Java Platform API Specification"/>
    <property name="java.awt.graphicsenv" value="sun.awt.X11GraphicsEnvironment"/>
    <property name="java.awt.headless" value="true"/>
    <property name="surefire.real.class.path" value="/home/alex/Repositories/nifi/nifi-nar-bundles/nifi-framework-bundle/nifi-framework/nifi-framework-core/target/surefire/surefirebooter488718189616513194.jar"/>
    <property name="sun.boot.class.path" value="/usr/lib/jvm/java-8-openjdk-amd64/jre/lib/resources.jar:/usr/lib/jvm/java-8-openjdk-amd64/jre/lib/rt.jar:/usr/lib/jvm/java-8-openjdk-amd64/jre/lib/sunrsasign.jar:/usr/lib/jvm/java-8-openjdk-amd64/jre/lib/jsse.jar:/usr/lib/jvm/java-8-openjdk-amd64/jre/lib/jce.jar:/usr/lib/jvm/java-8-openjdk-amd64/jre/lib/charsets.jar:/usr/lib/jvm/java-8-openjdk-amd64/jre/lib/jfr.jar:/usr/lib/jvm/java-8-openjdk-amd64/jre/classes"/>
    <property name="sun.management.compiler" value="HotSpot 64-Bit Tiered Compilers"/>
    <property name="java.runtime.version" value="1.8.0_402-8u402-ga-2ubuntu1~22.04-b06"/>
    <property name="java.net.preferIPv4Stack" value="true"/>
    <property name="user.name" value="alex"/>
    <property name="path.separator" value=":"/>
    <property name="os.version" value="6.5.0-28-generic"/>
    <property name="java.endorsed.dirs" value="/usr/lib/jvm/java-8-openjdk-amd64/jre/lib/endorsed"/>
    <property name="java.runtime.name" value="OpenJDK Runtime Environment"/>
    <property name="file.encoding" value="UTF-8"/>
    <property name="java.vm.name" value="OpenJDK 64-Bit Server VM"/>
    <property name="localRepository" value="/home/alex/.m2/repository"/>
    <property name="java.vendor.url.bug" value="http://bugreport.sun.com/bugreport/"/>
    <property name="java.io.tmpdir" value="/tmp"/>
    <property name="java.version" value="1.8.0_402"/>
    <property name="user.dir" value="/home/alex/Repositories/nifi/nifi-nar-bundles/nifi-framework-bundle/nifi-framework/nifi-framework-core"/>
    <property name="os.arch" value="amd64"/>
    <property name="java.vm.specification.name" value="Java Virtual Machine Specification"/>
    <property name="java.awt.printerjob" value="sun.print.PSPrinterJob"/>
    <property name="sun.os.patch.level" value="unknown"/>
    <property name="java.library.path" value="/usr/java/packages/lib/amd64:/usr/lib/x86_64-linux-gnu/jni:/lib/x86_64-linux-gnu:/usr/lib/x86_64-linux-gnu:/usr/lib/jni:/lib:/usr/lib"/>
    <property name="java.vm.info" value="mixed mode"/>
    <property name="java.vendor" value="Private Build"/>
    <property name="java.vm.version" value="25.402-b06"/>
    <property name="java.specification.maintenance.version" value="5"/>
    <property name="java.ext.dirs" value="/usr/lib/jvm/java-8-openjdk-amd64/jre/lib/ext:/usr/java/packages/lib/ext"/>
    <property name="sun.io.unicode.encoding" value="UnicodeLittle"/>
    <property name="java.class.version" value="52.0"/>
  </properties>
  <testcase name="testRecoveryModeWithContinuedLoading" classname="org.apache.nifi.controller.repository.TestRocksDBFlowFileRepository" time="1.179">
    <system-err><![CDATA[[main] INFO org.apache.nifi.controller.repository.TestRocksDBFlowFileRepository - Running test: testRecoveryModeWithContinuedLoading
[main] INFO org.apache.nifi.rocksdb.RocksDBMetronome - [_impl/db_impl_open.cc:254] Creating manifest 1 

[main] INFO org.apache.nifi.rocksdb.RocksDBMetronome - [rsion_set.cc:4377] Recovering from manifest file: /tmp/junit3957908284061304586/testRecoveryModeWithContinuedLoading/MANIFEST-000001

[main] INFO org.apache.nifi.rocksdb.RocksDBMetronome - [lumn_family.cc:550] --------------- Options for column family [default]:

[main] INFO org.apache.nifi.rocksdb.RocksDBMetronome - [rsion_set.cc:4527] Recovered from manifest file:/tmp/junit3957908284061304586/testRecoveryModeWithContinuedLoading/MANIFEST-000001 succeeded,manifest_file_number is 1, next_file_number is 3, last_sequence is 0, log_number is 0,prev_log_number is 0,max_column_family is 0,min_log_number_to_keep is 0

[main] INFO org.apache.nifi.rocksdb.RocksDBMetronome - [rsion_set.cc:4536] Column family [default] (ID 0), log number is 0

[main] INFO org.apache.nifi.rocksdb.RocksDBMetronome - [rsion_set.cc:3788] Creating manifest 4

[main] INFO org.apache.nifi.rocksdb.RocksDBMetronome - [lumn_family.cc:550] --------------- Options for column family [configuration.column.family]:

[main] INFO org.apache.nifi.rocksdb.RocksDBMetronome - [_impl/db_impl.cc:2307] Created column family [configuration.column.family] (ID 1)
[Thread-2] INFO org.apache.nifi.rocksdb.RocksDBMetronome - [_impl/db_impl.cc:858] ------- DUMPING STATS -------
[Thread-3] INFO org.apache.nifi.rocksdb.RocksDBMetronome - [_impl/db_impl.cc:859] 
** DB Stats **
Uptime(secs): 0,0 total, 0,0 interval
Cumulative writes: 0 writes, 0 keys, 0 commit groups, 0,0 writes per commit group, ingest: 0,00 GB, 0,00 MB/s
Cumulative WAL: 0 writes, 0 syncs, 0,00 writes per sync, written: 0,00 GB, 0,00 MB/s
Cumulative stall: 00:00:0,000 H:M:S, 0,0 percent
Interval writes: 0 writes, 0 keys, 0 commit groups, 0,0 writes per commit group, ingest: 0,00 MB, 0,00 MB/s
Interval WAL: 0 writes, 0 syncs, 0,00 writes per sync, written: 0,00 MB, 0,00 MB/s
Interval stall: 00:00:0,000 H:M:S, 0,0 percent

** Compaction Stats [default] **
Level    Files   Size     Score Read(GB)  Rn(GB) Rnp1(GB) Write(GB) Wnew(GB) Moved(GB) W-Amp Rd(MB/s) Wr(MB/s) Comp(sec) CompMergeCPU(sec) Comp(cnt) Avg(sec) KeyIn KeyDrop
----------------------------------------------------------------------------------------------------------------------------------------------------------------------------
 Sum      0/0    0,00 KB   0,0      0,0     0,0      0,0       0,0      0,0       0,0   0,0      0,0      0,0      0,00              0,00         0    0,000       0      0
 Int      0/0    0,00 KB   0,0      0,0     0,0      0,0       0,0      0,0       0,0   0,0      0,0      0,0      0,00              0,00         0    0,000       0      0

** Compaction Stats [default] **
Priority    Files   Size     Score Read(GB)  Rn(GB) Rnp1(GB) Write(GB) Wnew(GB) Moved(GB) W-Amp Rd(MB/s) Wr(MB/s) Comp(sec) CompMergeCPU(sec) Comp(cnt) Avg(sec) KeyIn KeyDrop
-------------------------------------------------------------------------------------------------------------------------------------------------------------------------------
Uptime(secs): 0,0 total, 0,0 interval
Flush(GB): cumulative 0,000, interval 0,000
AddFile(GB): cumulative 0,000, interval 0,000
AddFile(Total Files): cumulative 0, interval 0
AddFile(L0 Files): cumulative 0, interval 0
AddFile(Keys): cumulative 0, interval 0
Cumulative compaction: 0,00 GB write, 0,00 MB/s write, 0,00 GB read, 0,00 MB/s read, 0,0 seconds
Interval compaction: 0,00 GB write, 0,00 MB/s write, 0,00 GB read, 0,00 MB/s read, 0,0 seconds
Stalls(count): 0 level0_slowdown, 0 level0_slowdown_with_compaction, 0 level0_numfiles, 0 level0_numfiles_with_compaction, 0 stop for pending_compaction_bytes, 0 slowdown for pending_compaction_bytes, 0 memtable_compaction, 0 memtable_slowdown, interval 0 total count

** File Read Latency Histogram By Level [default] **

** Compaction Stats [configuration.column.family] **
Level    Files   Size     Score Read(GB)  Rn(GB) Rnp1(GB) Write(GB) Wnew(GB) Moved(GB) W-Amp Rd(MB/s) Wr(MB/s) Comp(sec) CompMergeCPU(sec) Comp(cnt) Avg(sec) KeyIn KeyDrop
----------------------------------------------------------------------------------------------------------------------------------------------------------------------------
 Sum      0/0    0,00 KB   0,0      0,0     0,0      0,0       0,0      0,0       0,0   0,0      0,0      0,0      0,00              0,00         0    0,000       0      0
 Int      0/0    0,00 KB   0,0      0,0     0,0      0,0       0,0      0,0       0,0   0,0      0,0      0,0      0,00              0,00         0    0,000       0      0

** Compaction Stats [configuration.column.family] **
Priority    Files   Size     Score Read(GB)  Rn(GB) Rnp1(GB) Write(GB) Wnew(GB) Moved(GB) W-Amp Rd(MB/s) Wr(MB/s) Comp(sec) CompMergeCPU(sec) Comp(cnt) Avg(sec) KeyIn KeyDrop
-------------------------------------------------------------------------------------------------------------------------------------------------------------------------------
Uptime(secs): 0,0 total, 0,0 interval
Flush(GB): cumulative 0,000, interval 0,000
AddFile(GB): cumulative 0,000, interval 0,000
AddFile(Total Files): cumulative 0, interval 0
AddFile(L0 Files): cumulative 0, interval 0
AddFile(Keys): cumulative 0, interval 0
Cumulative compaction: 0,00 GB write, 0,00 MB/s write, 0,00 GB read, 0,00 MB/s read, 0,0 seconds
Interval compaction: 0,00 GB write, 0,00 MB/s write, 0,00 GB read, 0,00 MB/s read, 0,0 seconds
Stalls(count): 0 level0_slowdown, 0 level0_slowdown_with_compaction, 0 level0_numfiles, 0 level0_numfiles_with_compaction, 0 stop for pending_compaction_bytes, 0 slowdown for pending_compaction_bytes, 0 memtable_compaction, 0 memtable_slowdown, interval 0 total count

** File Read Latency Histogram By Level [configuration.column.family] **

** Compaction Stats [default] **
Level    Files   Size     Score Read(GB)  Rn(GB) Rnp1(GB) Write(GB) Wnew(GB) Moved(GB) W-Amp Rd(MB/s) Wr(MB/s) Comp(sec) CompMergeCPU(sec) Comp(cnt) Avg(sec) KeyIn KeyDrop
----------------------------------------------------------------------------------------------------------------------------------------------------------------------------
 Sum      0/0    0,00 KB   0,0      0,0     0,0      0,0       0,0      0,0       0,0   0,0      0,0      0,0      0,00              0,00         0    0,000       0      0
 Int      0/0    0,00 KB   0,0      0,0     0,0      0,0       0,0      0,0       0,0   0,0      0,0      0,0      0,00              0,00         0    0,000       0      0

** Compaction Stats [default] **
Priority    Files   Size     Score Read(GB)  Rn(GB) Rnp1(GB) Write(GB) Wnew(GB) Moved(GB) W-Amp Rd(MB/s) Wr(MB/s) Comp(sec) CompMergeCPU(sec) Comp(cnt) Avg(sec) KeyIn KeyDrop
-------------------------------------------------------------------------------------------------------------------------------------------------------------------------------
Uptime(secs): 0,0 total, 0,0 interval
Flush(GB): cumulative 0,000, interval 0,000
AddFile(GB): cumulative 0,000, interval 0,000
AddFile(Total Files): cumulative 0, interval 0
AddFile(L0 Files): cumulative 0, interval 0
AddFile(Keys): cumulative 0, interval 0
Cumulative compaction: 0,00 GB write, 0,00 MB/s write, 0,00 GB read, 0,00 MB/s read, 0,0 seconds
Interval compaction: 0,00 GB write, 0,00 MB/s write, 0,00 GB read, 0,00 MB/s read, 0,0 seconds
Stalls(count): 0 level0_slowdown, 0 level0_slowdown_with_compaction, 0 level0_numfiles, 0 level0_numfiles_with_compaction, 0 stop for pending_compaction_bytes, 0 slowdown for pending_compaction_bytes, 0 memtable_compaction, 0 memtable_slowdown, interval 0 total count

** File Read Latency Histogram By Level [default] **

** Compaction Stats [configuration.column.family] **
Level    Files   Size     Score Read(GB)  Rn(GB) Rnp1(GB) Write(GB) Wnew(GB) Moved(GB) W-Amp Rd(MB/s) Wr(MB/s) Comp(sec) CompMergeCPU(sec) Comp(cnt) Avg(sec) KeyIn KeyDrop
----------------------------------------------------------------------------------------------------------------------------------------------------------------------------
 Sum      0/0    0,00 KB   0,0      0,0     0,0      0,0       0,0      0,0       0,0   0,0      0,0      0,0      0,00              0,00         0    0,000       0      0
 Int      0/0    0,00 KB   0,0      0,0     0,0      0,0       0,0      0,0       0,0   0,0      0,0      0,0      0,00              0,00         0    0,000       0      0

** Compaction Stats [configuration.column.family] **
Priority    Files   Size     Score Read(GB)  Rn(GB) Rnp1(GB) Write(GB) Wnew(GB) Moved(GB) W-Amp Rd(MB/s) Wr(MB/s) Comp(sec) CompMergeCPU(sec) Comp(cnt) Avg(sec) KeyIn KeyDrop
-------------------------------------------------------------------------------------------------------------------------------------------------------------------------------
Uptime(secs): 0,0 total, 0,0 interval
Flush(GB): cumulative 0,000, interval 0,000
AddFile(GB): cumulative 0,000, interval 0,000
AddFile(Total Files): cumulative 0, interval 0
AddFile(L0 Files): cumulative 0, interval 0
AddFile(Keys): cumulative 0, interval 0
Cumulative compaction: 0,00 GB write, 0,00 MB/s write, 0,00 GB read, 0,00 MB/s read, 0,0 seconds
Interval compaction: 0,00 GB write, 0,00 MB/s write, 0,00 GB read, 0,00 MB/s read, 0,0 seconds
Stalls(count): 0 level0_slowdown, 0 level0_slowdown_with_compaction, 0 level0_numfiles, 0 level0_numfiles_with_compaction, 0 stop for pending_compaction_bytes, 0 slowdown for pending_compaction_bytes, 0 memtable_compaction, 0 memtable_slowdown, interval 0 total count

** File Read Latency Histogram By Level [configuration.column.family] **

[main] INFO org.apache.nifi.rocksdb.RocksDBMetronome - Initialized RocksDB Repository at /tmp/junit3957908284061304586/testRecoveryModeWithContinuedLoading
[main] INFO org.apache.nifi.controller.repository.RocksDBFlowFileRepository - Initialized FlowFile Repository at /tmp/junit3957908284061304586/testRecoveryModeWithContinuedLoading
[main] INFO org.apache.nifi.controller.repository.RocksDBFlowFileRepository - Finished reading from rocksDB.  Read 0 records from disk
[main] INFO org.apache.nifi.controller.repository.RocksDBFlowFileRepository - Finished deserializing 0 records
[main] INFO org.apache.nifi.controller.repository.RocksDBFlowFileRepository - Successfully restored 0 FlowFiles in 130 milliseconds using 16 threads
[main] INFO org.apache.nifi.rocksdb.RocksDBMetronome - Closing RocksDBMetronome
[main] INFO org.apache.nifi.rocksdb.RocksDBMetronome - Shutting down RocksDBMetronome sync executor
[main] INFO org.apache.nifi.rocksdb.RocksDBMetronome - Pausing RocksDB background work
[main] INFO org.apache.nifi.rocksdb.RocksDBMetronome - Closing RocksDB configurations
[main] INFO org.apache.nifi.rocksdb.RocksDBMetronome - Closing RocksDB database
[main] INFO org.apache.nifi.rocksdb.RocksDBMetronome - [_impl/db_impl.cc:401] Shutdown: canceling all background work
[main] INFO org.apache.nifi.rocksdb.RocksDBMetronome - [_impl/db_impl.cc:582] Shutdown complete
[main] WARN org.apache.nifi.controller.repository.RocksDBFlowFileRepository - The property "nifi.flowfile.repository.rocksdb.enable.recovery.mode" is currently set to "true" and  "nifi.flowfile.repository.rocksdb.recovery.mode.flowfile.count" is set to  "10".  This means that only 10 FlowFiles will be loaded in to memory from the FlowFile repo at a time, allowing for recovery of a system encountering OutOfMemory errors (or similar).  This setting should be reset to "false" as soon as recovery is complete.
[main] INFO org.apache.nifi.rocksdb.RocksDBMetronome - [rsion_set.cc:4377] Recovering from manifest file: /tmp/junit3957908284061304586/testRecoveryModeWithContinuedLoading/MANIFEST-000004

[main] INFO org.apache.nifi.rocksdb.RocksDBMetronome - [lumn_family.cc:550] --------------- Options for column family [default]:

[main] INFO org.apache.nifi.rocksdb.RocksDBMetronome - [lumn_family.cc:550] --------------- Options for column family [configuration.column.family]:

[main] INFO org.apache.nifi.rocksdb.RocksDBMetronome - [rsion_set.cc:4527] Recovered from manifest file:/tmp/junit3957908284061304586/testRecoveryModeWithContinuedLoading/MANIFEST-000004 succeeded,manifest_file_number is 4, next_file_number is 6, last_sequence is 0, log_number is 3,prev_log_number is 0,max_column_family is 1,min_log_number_to_keep is 0

[main] INFO org.apache.nifi.rocksdb.RocksDBMetronome - [rsion_set.cc:4536] Column family [default] (ID 0), log number is 0

[main] INFO org.apache.nifi.rocksdb.RocksDBMetronome - [rsion_set.cc:4536] Column family [configuration.column.family] (ID 1), log number is 3

[main] INFO org.apache.nifi.rocksdb.RocksDBMetronome - EVENT_LOG_v1 {"time_micros": 1714609644899041, "job": 1, "event": "recovery_started", "log_files": [3]}
[main] INFO org.apache.nifi.rocksdb.RocksDBMetronome - [_impl/db_impl_open.cc:735] Recovering log #3 mode 2
[main] INFO org.apache.nifi.rocksdb.RocksDBMetronome - EVENT_LOG_v1 {"time_micros": 1714609644901430, "cf_name": "default", "job": 1, "event": "table_file_creation", "file_number": 6, "file_size": 2677, "table_properties": {"data_size": 1903, "index_size": 62, "index_partitions": 0, "top_level_index_size": 0, "index_key_is_user_key": 0, "index_value_is_delta_encoded": 0, "filter_size": 0, "raw_key_size": 800, "raw_average_key_size": 16, "raw_value_size": 5500, "raw_average_value_size": 110, "num_data_blocks": 2, "num_entries": 50, "num_deletions": 0, "num_merge_operands": 0, "num_range_deletions": 0, "format_version": 0, "fixed_key_len": 0, "filter_policy": "", "column_family_name": "default", "column_family_id": 0, "comparator": "leveldb.BytewiseComparator", "merge_operator": "nullptr", "prefix_extractor_name": "nullptr", "property_collectors": "[]", "compression": "LZ4", "compression_options": "window_bits=-14; level=32767; strategy=0; max_dict_bytes=0; zstd_max_train_bytes=0; enabled=0; ", "creation_time": 1714609644, "oldest_key_time": 3, "file_creation_time": 0}}
[main] INFO org.apache.nifi.rocksdb.RocksDBMetronome - EVENT_LOG_v1 {"time_micros": 1714609644903458, "cf_name": "configuration.column.family", "job": 1, "event": "table_file_creation", "file_number": 7, "file_size": 1690, "table_properties": {"data_size": 881, "index_size": 68, "index_partitions": 0, "top_level_index_size": 0, "index_key_is_user_key": 0, "index_value_is_delta_encoded": 0, "filter_size": 0, "raw_key_size": 99, "raw_average_key_size": 24, "raw_value_size": 7329, "raw_average_value_size": 1832, "num_data_blocks": 2, "num_entries": 4, "num_deletions": 0, "num_merge_operands": 0, "num_range_deletions": 0, "format_version": 0, "fixed_key_len": 0, "filter_policy": "", "column_family_name": "configuration.column.family", "column_family_id": 1, "comparator": "leveldb.BytewiseComparator", "merge_operator": "nullptr", "prefix_extractor_name": "nullptr", "property_collectors": "[]", "compression": "LZ4", "compression_options": "window_bits=-14; level=32767; strategy=0; max_dict_bytes=0; zstd_max_train_bytes=0; enabled=0; ", "creation_time": 1714609644, "oldest_key_time": 3, "file_creation_time": 0}}
[main] INFO org.apache.nifi.rocksdb.RocksDBMetronome - [rsion_set.cc:3788] Creating manifest 8

[main] INFO org.apache.nifi.rocksdb.RocksDBMetronome - EVENT_LOG_v1 {"time_micros": 1714609644908306, "job": 1, "event": "recovery_finished"}
[main] INFO org.apache.nifi.rocksdb.RocksDBMetronome - Initialized RocksDB Repository at /tmp/junit3957908284061304586/testRecoveryModeWithContinuedLoading
[Thread-4] INFO org.apache.nifi.rocksdb.RocksDBMetronome - [_impl/db_impl.cc:858] ------- DUMPING STATS -------
[Thread-5] INFO org.apache.nifi.rocksdb.RocksDBMetronome - [_impl/db_impl.cc:859] 
** DB Stats **
Uptime(secs): 0,0 total, 0,0 interval
Cumulative writes: 0 writes, 0 keys, 0 commit groups, 0,0 writes per commit group, ingest: 0,00 GB, 0,00 MB/s
Cumulative WAL: 0 writes, 0 syncs, 0,00 writes per sync, written: 0,00 GB, 0,00 MB/s
Cumulative stall: 00:00:0,000 H:M:S, 0,0 percent
Interval writes: 0 writes, 0 keys, 0 commit groups, 0,0 writes per commit group, ingest: 0,00 MB, 0,00 MB/s
Interval WAL: 0 writes, 0 syncs, 0,00 writes per sync, written: 0,00 MB, 0,00 MB/s
Interval stall: 00:00:0,000 H:M:S, 0,0 percent

** Compaction Stats [default] **
Level    Files   Size     Score Read(GB)  Rn(GB) Rnp1(GB) Write(GB) Wnew(GB) Moved(GB) W-Amp Rd(MB/s) Wr(MB/s) Comp(sec) CompMergeCPU(sec) Comp(cnt) Avg(sec) KeyIn KeyDrop
----------------------------------------------------------------------------------------------------------------------------------------------------------------------------
  L0      1/0    2,61 KB   0,2      0,0     0,0      0,0       0,0      0,0       0,0   1,0      0,0      1,1      0,00              0,00         1    0,002       0      0
 Sum      1/0    2,61 KB   0,0      0,0     0,0      0,0       0,0      0,0       0,0   1,0      0,0      1,1      0,00              0,00         1    0,002       0      0
 Int      0/0    0,00 KB   0,0      0,0     0,0      0,0       0,0      0,0       0,0   1,0      0,0      1,1      0,00              0,00         1    0,002       0      0

** Compaction Stats [default] **
Priority    Files   Size     Score Read(GB)  Rn(GB) Rnp1(GB) Write(GB) Wnew(GB) Moved(GB) W-Amp Rd(MB/s) Wr(MB/s) Comp(sec) CompMergeCPU(sec) Comp(cnt) Avg(sec) KeyIn KeyDrop
-------------------------------------------------------------------------------------------------------------------------------------------------------------------------------
User      0/0    0,00 KB   0,0      0,0     0,0      0,0       0,0      0,0       0,0   0,0      0,0      1,1      0,00              0,00         1    0,002       0      0
Uptime(secs): 0,0 total, 0,0 interval
Flush(GB): cumulative 0,000, interval 0,000
AddFile(GB): cumulative 0,000, interval 0,000
AddFile(Total Files): cumulative 0, interval 0
AddFile(L0 Files): cumulative 0, interval 0
AddFile(Keys): cumulative 0, interval 0
Cumulative compaction: 0,00 GB write, 0,17 MB/s write, 0,00 GB read, 0,00 MB/s read, 0,0 seconds
Interval compaction: 0,00 GB write, 0,17 MB/s write, 0,00 GB read, 0,00 MB/s read, 0,0 seconds
Stalls(count): 0 level0_slowdown, 0 level0_slowdown_with_compaction, 0 level0_numfiles, 0 level0_numfiles_with_compaction, 0 stop for pending_compaction_bytes, 0 slowdown for pending_compaction_bytes, 0 memtable_compaction, 0 memtable_slowdown, interval 0 total count

** File Read Latency Histogram By Level [default] **

** Compaction Stats [configuration.column.family] **
Level    Files   Size     Score Read(GB)  Rn(GB) Rnp1(GB) Write(GB) Wnew(GB) Moved(GB) W-Amp Rd(MB/s) Wr(MB/s) Comp(sec) CompMergeCPU(sec) Comp(cnt) Avg(sec) KeyIn KeyDrop
----------------------------------------------------------------------------------------------------------------------------------------------------------------------------
  L0      1/0    1,65 KB   0,2      0,0     0,0      0,0       0,0      0,0       0,0   1,0      0,0      0,8      0,00              0,00         1    0,002       0      0
 Sum      1/0    1,65 KB   0,0      0,0     0,0      0,0       0,0      0,0       0,0   1,0      0,0      0,8      0,00              0,00         1    0,002       0      0
 Int      0/0    0,00 KB   0,0      0,0     0,0      0,0       0,0      0,0       0,0   1,0      0,0      0,8      0,00              0,00         1    0,002       0      0

** Compaction Stats [configuration.column.family] **
Priority    Files   Size     Score Read(GB)  Rn(GB) Rnp1(GB) Write(GB) Wnew(GB) Moved(GB) W-Amp Rd(MB/s) Wr(MB/s) Comp(sec) CompMergeCPU(sec) Comp(cnt) Avg(sec) KeyIn KeyDrop
-------------------------------------------------------------------------------------------------------------------------------------------------------------------------------
User      0/0    0,00 KB   0,0      0,0     0,0      0,0       0,0      0,0       0,0   0,0      0,0      0,8      0,00              0,00         1    0,002       0      0
Uptime(secs): 0,0 total, 0,0 interval
Flush(GB): cumulative 0,000, interval 0,000
AddFile(GB): cumulative 0,000, interval 0,000
AddFile(Total Files): cumulative 0, interval 0
AddFile(L0 Files): cumulative 0, interval 0
AddFile(Keys): cumulative 0, interval 0
Cumulative compaction: 0,00 GB write, 0,11 MB/s write, 0,00 GB read, 0,00 MB/s read, 0,0 seconds
Interval compaction: 0,00 GB write, 0,11 MB/s write, 0,00 GB read, 0,00 MB/s read, 0,0 seconds
Stalls(count): 0 level0_slowdown, 0 level0_slowdown_with_compaction, 0 level0_numfiles, 0 level0_numfiles_with_compaction, 0 stop for pending_compaction_bytes, 0 slowdown for pending_compaction_bytes, 0 memtable_compaction, 0 memtable_slowdown, interval 0 total count

** File Read Latency Histogram By Level [configuration.column.family] **

** Compaction Stats [default] **
Level    Files   Size     Score Read(GB)  Rn(GB) Rnp1(GB) Write(GB) Wnew(GB) Moved(GB) W-Amp Rd(MB/s) Wr(MB/s) Comp(sec) CompMergeCPU(sec) Comp(cnt) Avg(sec) KeyIn KeyDrop
----------------------------------------------------------------------------------------------------------------------------------------------------------------------------
  L0      1/0    2,61 KB   0,2      0,0     0,0      0,0       0,0      0,0       0,0   1,0      0,0      1,1      0,00              0,00         1    0,002       0      0
 Sum      1/0    2,61 KB   0,0      0,0     0,0      0,0       0,0      0,0       0,0   1,0      0,0      1,1      0,00              0,00         1    0,002       0      0
 Int      0/0    0,00 KB   0,0      0,0     0,0      0,0       0,0      0,0       0,0   0,0      0,0      0,0      0,00              0,00         0    0,000       0      0

** Compaction Stats [default] **
Priority    Files   Size     Score Read(GB)  Rn(GB) Rnp1(GB) Write(GB) Wnew(GB) Moved(GB) W-Amp Rd(MB/s) Wr(MB/s) Comp(sec) CompMergeCPU(sec) Comp(cnt) Avg(sec) KeyIn KeyDrop
-------------------------------------------------------------------------------------------------------------------------------------------------------------------------------
User      0/0    0,00 KB   0,0      0,0     0,0      0,0       0,0      0,0       0,0   0,0      0,0      1,1      0,00              0,00         1    0,002       0      0
Uptime(secs): 0,0 total, 0,0 interval
Flush(GB): cumulative 0,000, interval 0,000
AddFile(GB): cumulative 0,000, interval 0,000
AddFile(Total Files): cumulative 0, interval 0
AddFile(L0 Files): cumulative 0, interval 0
AddFile(Keys): cumulative 0, interval 0
Cumulative compaction: 0,00 GB write, 0,17 MB/s write, 0,00 GB read, 0,00 MB/s read, 0,0 seconds
Interval compaction: 0,00 GB write, 0,00 MB/s write, 0,00 GB read, 0,00 MB/s read, 0,0 seconds
Stalls(count): 0 level0_slowdown, 0 level0_slowdown_with_compaction, 0 level0_numfiles, 0 level0_numfiles_with_compaction, 0 stop for pending_compaction_bytes, 0 slowdown for pending_compaction_bytes, 0 memtable_compaction, 0 memtable_slowdown, interval 0 total count

** File Read Latency Histogram By Level [default] **

** Compaction Stats [configuration.column.family] **
Level    Files   Size     Score Read(GB)  Rn(GB) Rnp1(GB) Write(GB) Wnew(GB) Moved(GB) W-Amp Rd(MB/s) Wr(MB/s) Comp(sec) CompMergeCPU(sec) Comp(cnt) Avg(sec) KeyIn KeyDrop
----------------------------------------------------------------------------------------------------------------------------------------------------------------------------
  L0      1/0    1,65 KB   0,2      0,0     0,0      0,0       0,0      0,0       0,0   1,0      0,0      0,8      0,00              0,00         1    0,002       0      0
 Sum      1/0    1,65 KB   0,0      0,0     0,0      0,0       0,0      0,0       0,0   1,0      0,0      0,8      0,00              0,00         1    0,002       0      0
 Int      0/0    0,00 KB   0,0      0,0     0,0      0,0       0,0      0,0       0,0   0,0      0,0      0,0      0,00              0,00         0    0,000       0      0

** Compaction Stats [configuration.column.family] **
Priority    Files   Size     Score Read(GB)  Rn(GB) Rnp1(GB) Write(GB) Wnew(GB) Moved(GB) W-Amp Rd(MB/s) Wr(MB/s) Comp(sec) CompMergeCPU(sec) Comp(cnt) Avg(sec) KeyIn KeyDrop
-------------------------------------------------------------------------------------------------------------------------------------------------------------------------------
User      0/0    0,00 KB   0,0      0,0     0,0      0,0       0,0      0,0       0,0   0,0      0,0      0,8      0,00              0,00         1    0,002       0      0
Uptime(secs): 0,0 total, 0,0 interval
Flush(GB): cumulative 0,000, interval 0,000
AddFile(GB): cumulative 0,000, interval 0,000
AddFile(Total Files): cumulative 0, interval 0
AddFile(L0 Files): cumulative 0, interval 0
AddFile(Keys): cumulative 0, interval 0
Cumulative compaction: 0,00 GB write, 0,11 MB/s write, 0,00 GB read, 0,00 MB/s read, 0,0 seconds
Interval compaction: 0,00 GB write, 0,00 MB/s write, 0,00 GB read, 0,00 MB/s read, 0,0 seconds
Stalls(count): 0 level0_slowdown, 0 level0_slowdown_with_compaction, 0 level0_numfiles, 0 level0_numfiles_with_compaction, 0 stop for pending_compaction_bytes, 0 slowdown for pending_compaction_bytes, 0 memtable_compaction, 0 memtable_slowdown, interval 0 total count

** File Read Latency Histogram By Level [configuration.column.family] **

[main] INFO org.apache.nifi.controller.repository.RocksDBFlowFileRepository - Initialized FlowFile Repository at /tmp/junit3957908284061304586/testRecoveryModeWithContinuedLoading
[main] INFO org.apache.nifi.controller.repository.RocksDBFlowFileRepository - Finished reading from rocksDB.  Read 50 records from disk
[main] INFO org.apache.nifi.controller.repository.RocksDBFlowFileRepository - Finished deserializing 50 records
[main] INFO org.apache.nifi.controller.repository.RocksDBFlowFileRepository - Successfully restored 10 FlowFiles in 113 milliseconds using 16 threads
[main] WARN org.apache.nifi.controller.repository.RocksDBFlowFileRepository - The property "nifi.flowfile.repository.rocksdb.enable.recovery.mode" is currently set to "true" and "nifi.flowfile.repository.rocksdb.recovery.mode.flowfile.count" is set to "10".  This means that only 10 FlowFiles will be loaded into memory from the FlowFile repo at a time, allowing for recovery of a system encountering OutOfMemory errors (or similar).  This setting should be reset to "false" as soon as recovery is complete.  There are 40 records remaining to be recovered.
[main] WARN org.apache.nifi.controller.repository.RocksDBFlowFileRepository - The property "nifi.flowfile.repository.rocksdb.enable.recovery.mode" is currently set to "true" and "nifi.flowfile.repository.rocksdb.recovery.mode.flowfile.count" is set to "10".  This means that only 10 FlowFiles will be loaded into memory from the FlowFile repo at a time, allowing for recovery of a system encountering OutOfMemory errors (or similar).  This setting should be reset to "false" as soon as recovery is complete.  There are 30 records remaining to be recovered.
[main] WARN org.apache.nifi.controller.repository.RocksDBFlowFileRepository - The property "nifi.flowfile.repository.rocksdb.enable.recovery.mode" is currently set to "true" and "nifi.flowfile.repository.rocksdb.recovery.mode.flowfile.count" is set to "10".  This means that only 10 FlowFiles will be loaded into memory from the FlowFile repo at a time, allowing for recovery of a system encountering OutOfMemory errors (or similar).  This setting should be reset to "false" as soon as recovery is complete.  There are 20 records remaining to be recovered.
[main] WARN org.apache.nifi.controller.repository.RocksDBFlowFileRepository - The property "nifi.flowfile.repository.rocksdb.enable.recovery.mode" is currently set to "true" and "nifi.flowfile.repository.rocksdb.recovery.mode.flowfile.count" is set to "10".  This means that only 10 FlowFiles will be loaded into memory from the FlowFile repo at a time, allowing for recovery of a system encountering OutOfMemory errors (or similar).  This setting should be reset to "false" as soon as recovery is complete.  There are 10 records remaining to be recovered.
[main] WARN org.apache.nifi.controller.repository.RocksDBFlowFileRepository - Recovery has been completed.  The property "nifi.flowfile.repository.rocksdb.enable.recovery.mode" is currently set to "true", but should be reset to "false" as soon as possible.
[main] INFO org.apache.nifi.rocksdb.RocksDBMetronome - Closing RocksDBMetronome
[main] INFO org.apache.nifi.rocksdb.RocksDBMetronome - Shutting down RocksDBMetronome sync executor
[main] INFO org.apache.nifi.rocksdb.RocksDBMetronome - Pausing RocksDB background work
[main] INFO org.apache.nifi.rocksdb.RocksDBMetronome - Closing RocksDB configurations
[main] INFO org.apache.nifi.rocksdb.RocksDBMetronome - Closing RocksDB database
[main] INFO org.apache.nifi.rocksdb.RocksDBMetronome - [_impl/db_impl.cc:401] Shutdown: canceling all background work
[main] INFO org.apache.nifi.rocksdb.RocksDBMetronome - [_impl/db_impl.cc:582] Shutdown complete
[main] INFO org.apache.nifi.rocksdb.RocksDBMetronome - [rsion_set.cc:4377] Recovering from manifest file: /tmp/junit3957908284061304586/testRecoveryModeWithContinuedLoading/MANIFEST-000008

[main] INFO org.apache.nifi.rocksdb.RocksDBMetronome - [lumn_family.cc:550] --------------- Options for column family [default]:

[main] INFO org.apache.nifi.rocksdb.RocksDBMetronome - [lumn_family.cc:550] --------------- Options for column family [configuration.column.family]:

[main] INFO org.apache.nifi.rocksdb.RocksDBMetronome - [rsion_set.cc:4527] Recovered from manifest file:/tmp/junit3957908284061304586/testRecoveryModeWithContinuedLoading/MANIFEST-000008 succeeded,manifest_file_number is 8, next_file_number is 10, last_sequence is 69, log_number is 4,prev_log_number is 0,max_column_family is 1,min_log_number_to_keep is 0

[main] INFO org.apache.nifi.rocksdb.RocksDBMetronome - [rsion_set.cc:4536] Column family [default] (ID 0), log number is 4

[main] INFO org.apache.nifi.rocksdb.RocksDBMetronome - [rsion_set.cc:4536] Column family [configuration.column.family] (ID 1), log number is 4

[main] INFO org.apache.nifi.rocksdb.RocksDBMetronome - EVENT_LOG_v1 {"time_micros": 1714609645040085, "job": 1, "event": "recovery_started", "log_files": [9]}
[main] INFO org.apache.nifi.rocksdb.RocksDBMetronome - [_impl/db_impl_open.cc:735] Recovering log #9 mode 2
[main] INFO org.apache.nifi.rocksdb.RocksDBMetronome - EVENT_LOG_v1 {"time_micros": 1714609645042477, "cf_name": "default", "job": 1, "event": "table_file_creation", "file_number": 10, "file_size": 1108, "table_properties": {"data_size": 356, "index_size": 35, "index_partitions": 0, "top_level_index_size": 0, "index_key_is_user_key": 0, "index_value_is_delta_encoded": 0, "filter_size": 0, "raw_key_size": 800, "raw_average_key_size": 16, "raw_value_size": 0, "raw_average_value_size": 0, "num_data_blocks": 1, "num_entries": 50, "num_deletions": 50, "num_merge_operands": 0, "num_range_deletions": 0, "format_version": 0, "fixed_key_len": 0, "filter_policy": "", "column_family_name": "default", "column_family_id": 0, "comparator": "leveldb.BytewiseComparator", "merge_operator": "nullptr", "prefix_extractor_name": "nullptr", "property_collectors": "[]", "compression": "LZ4", "compression_options": "window_bits=-14; level=32767; strategy=0; max_dict_bytes=0; zstd_max_train_bytes=0; enabled=0; ", "creation_time": 1714609645, "oldest_key_time": 3, "file_creation_time": 0}}
[main] INFO org.apache.nifi.rocksdb.RocksDBMetronome - EVENT_LOG_v1 {"time_micros": 1714609645044337, "cf_name": "configuration.column.family", "job": 1, "event": "table_file_creation", "file_number": 11, "file_size": 884, "table_properties": {"data_size": 98, "index_size": 47, "index_partitions": 0, "top_level_index_size": 0, "index_key_is_user_key": 0, "index_value_is_delta_encoded": 0, "filter_size": 0, "raw_key_size": 29, "raw_average_key_size": 29, "raw_value_size": 53, "raw_average_value_size": 53, "num_data_blocks": 1, "num_entries": 1, "num_deletions": 0, "num_merge_operands": 0, "num_range_deletions": 0, "format_version": 0, "fixed_key_len": 0, "filter_policy": "", "column_family_name": "configuration.column.family", "column_family_id": 1, "comparator": "leveldb.BytewiseComparator", "merge_operator": "nullptr", "prefix_extractor_name": "nullptr", "property_collectors": "[]", "compression": "LZ4", "compression_options": "window_bits=-14; level=32767; strategy=0; max_dict_bytes=0; zstd_max_train_bytes=0; enabled=0; ", "creation_time": 1714609645, "oldest_key_time": 3, "file_creation_time": 0}}
[main] INFO org.apache.nifi.rocksdb.RocksDBMetronome - [rsion_set.cc:3788] Creating manifest 12

[main] INFO org.apache.nifi.rocksdb.RocksDBMetronome - EVENT_LOG_v1 {"time_micros": 1714609645049124, "job": 1, "event": "recovery_finished"}
[main] INFO org.apache.nifi.rocksdb.RocksDBMetronome - Initialized RocksDB Repository at /tmp/junit3957908284061304586/testRecoveryModeWithContinuedLoading
[Thread-6] INFO org.apache.nifi.rocksdb.RocksDBMetronome - [_impl/db_impl.cc:858] ------- DUMPING STATS -------
[Thread-7] INFO org.apache.nifi.rocksdb.RocksDBMetronome - [_impl/db_impl.cc:859] 
** DB Stats **
Uptime(secs): 0,0 total, 0,0 interval
Cumulative writes: 0 writes, 0 keys, 0 commit groups, 0,0 writes per commit group, ingest: 0,00 GB, 0,00 MB/s
Cumulative WAL: 0 writes, 0 syncs, 0,00 writes per sync, written: 0,00 GB, 0,00 MB/s
Cumulative stall: 00:00:0,000 H:M:S, 0,0 percent
Interval writes: 0 writes, 0 keys, 0 commit groups, 0,0 writes per commit group, ingest: 0,00 MB, 0,00 MB/s
Interval WAL: 0 writes, 0 syncs, 0,00 writes per sync, written: 0,00 MB, 0,00 MB/s
Interval stall: 00:00:0,000 H:M:S, 0,0 percent

** Compaction Stats [default] **
Level    Files   Size     Score Read(GB)  Rn(GB) Rnp1(GB) Write(GB) Wnew(GB) Moved(GB) W-Amp Rd(MB/s) Wr(MB/s) Comp(sec) CompMergeCPU(sec) Comp(cnt) Avg(sec) KeyIn KeyDrop
----------------------------------------------------------------------------------------------------------------------------------------------------------------------------
  L0      2/0    3,70 KB   0,5      0,0     0,0      0,0       0,0      0,0       0,0   1,0      0,0      0,5      0,00              0,00         1    0,002       0      0
 Sum      2/0    3,70 KB   0,0      0,0     0,0      0,0       0,0      0,0       0,0   1,0      0,0      0,5      0,00              0,00         1    0,002       0      0
 Int      0/0    0,00 KB   0,0      0,0     0,0      0,0       0,0      0,0       0,0   1,0      0,0      0,5      0,00              0,00         1    0,002       0      0

** Compaction Stats [default] **
Priority    Files   Size     Score Read(GB)  Rn(GB) Rnp1(GB) Write(GB) Wnew(GB) Moved(GB) W-Amp Rd(MB/s) Wr(MB/s) Comp(sec) CompMergeCPU(sec) Comp(cnt) Avg(sec) KeyIn KeyDrop
-------------------------------------------------------------------------------------------------------------------------------------------------------------------------------
User      0/0    0,00 KB   0,0      0,0     0,0      0,0       0,0      0,0       0,0   0,0      0,0      0,5      0,00              0,00         1    0,002       0      0
Uptime(secs): 0,0 total, 0,0 interval
Flush(GB): cumulative 0,000, interval 0,000
AddFile(GB): cumulative 0,000, interval 0,000
AddFile(Total Files): cumulative 0, interval 0
AddFile(L0 Files): cumulative 0, interval 0
AddFile(Keys): cumulative 0, interval 0
Cumulative compaction: 0,00 GB write, 0,07 MB/s write, 0,00 GB read, 0,00 MB/s read, 0,0 seconds
Interval compaction: 0,00 GB write, 0,07 MB/s write, 0,00 GB read, 0,00 MB/s read, 0,0 seconds
Stalls(count): 0 level0_slowdown, 0 level0_slowdown_with_compaction, 0 level0_numfiles, 0 level0_numfiles_with_compaction, 0 stop for pending_compaction_bytes, 0 slowdown for pending_compaction_bytes, 0 memtable_compaction, 0 memtable_slowdown, interval 0 total count

** File Read Latency Histogram By Level [default] **

** Compaction Stats [configuration.column.family] **
Level    Files   Size     Score Read(GB)  Rn(GB) Rnp1(GB) Write(GB) Wnew(GB) Moved(GB) W-Amp Rd(MB/s) Wr(MB/s) Comp(sec) CompMergeCPU(sec) Comp(cnt) Avg(sec) KeyIn KeyDrop
----------------------------------------------------------------------------------------------------------------------------------------------------------------------------
  L0      2/0    2,51 KB   0,5      0,0     0,0      0,0       0,0      0,0       0,0   1,0      0,0      0,5      0,00              0,00         1    0,002       0      0
 Sum      2/0    2,51 KB   0,0      0,0     0,0      0,0       0,0      0,0       0,0   1,0      0,0      0,5      0,00              0,00         1    0,002       0      0
 Int      0/0    0,00 KB   0,0      0,0     0,0      0,0       0,0      0,0       0,0   1,0      0,0      0,5      0,00              0,00         1    0,002       0      0

** Compaction Stats [configuration.column.family] **
Priority    Files   Size     Score Read(GB)  Rn(GB) Rnp1(GB) Write(GB) Wnew(GB) Moved(GB) W-Amp Rd(MB/s) Wr(MB/s) Comp(sec) CompMergeCPU(sec) Comp(cnt) Avg(sec) KeyIn KeyDrop
-------------------------------------------------------------------------------------------------------------------------------------------------------------------------------
User      0/0    0,00 KB   0,0      0,0     0,0      0,0       0,0      0,0       0,0   0,0      0,0      0,5      0,00              0,00         1    0,002       0      0
Uptime(secs): 0,0 total, 0,0 interval
Flush(GB): cumulative 0,000, interval 0,000
AddFile(GB): cumulative 0,000, interval 0,000
AddFile(Total Files): cumulative 0, interval 0
AddFile(L0 Files): cumulative 0, interval 0
AddFile(Keys): cumulative 0, interval 0
Cumulative compaction: 0,00 GB write, 0,06 MB/s write, 0,00 GB read, 0,00 MB/s read, 0,0 seconds
Interval compaction: 0,00 GB write, 0,06 MB/s write, 0,00 GB read, 0,00 MB/s read, 0,0 seconds
Stalls(count): 0 level0_slowdown, 0 level0_slowdown_with_compaction, 0 level0_numfiles, 0 level0_numfiles_with_compaction, 0 stop for pending_compaction_bytes, 0 slowdown for pending_compaction_bytes, 0 memtable_compaction, 0 memtable_slowdown, interval 0 total count

** File Read Latency Histogram By Level [configuration.column.family] **

** Compaction Stats [default] **
Level    Files   Size     Score Read(GB)  Rn(GB) Rnp1(GB) Write(GB) Wnew(GB) Moved(GB) W-Amp Rd(MB/s) Wr(MB/s) Comp(sec) CompMergeCPU(sec) Comp(cnt) Avg(sec) KeyIn KeyDrop
----------------------------------------------------------------------------------------------------------------------------------------------------------------------------
  L0      2/0    3,70 KB   0,5      0,0     0,0      0,0       0,0      0,0       0,0   1,0      0,0      0,5      0,00              0,00         1    0,002       0      0
 Sum      2/0    3,70 KB   0,0      0,0     0,0      0,0       0,0      0,0       0,0   1,0      0,0      0,5      0,00              0,00         1    0,002       0      0
 Int      0/0    0,00 KB   0,0      0,0     0,0      0,0       0,0      0,0       0,0   0,0      0,0      0,0      0,00              0,00         0    0,000       0      0

** Compaction Stats [default] **
Priority    Files   Size     Score Read(GB)  Rn(GB) Rnp1(GB) Write(GB) Wnew(GB) Moved(GB) W-Amp Rd(MB/s) Wr(MB/s) Comp(sec) CompMergeCPU(sec) Comp(cnt) Avg(sec) KeyIn KeyDrop
-------------------------------------------------------------------------------------------------------------------------------------------------------------------------------
User      0/0    0,00 KB   0,0      0,0     0,0      0,0       0,0      0,0       0,0   0,0      0,0      0,5      0,00              0,00         1    0,002       0      0
Uptime(secs): 0,0 total, 0,0 interval
Flush(GB): cumulative 0,000, interval 0,000
AddFile(GB): cumulative 0,000, interval 0,000
AddFile(Total Files): cumulative 0, interval 0
AddFile(L0 Files): cumulative 0, interval 0
AddFile(Keys): cumulative 0, interval 0
Cumulative compaction: 0,00 GB write, 0,07 MB/s write, 0,00 GB read, 0,00 MB/s read, 0,0 seconds
Interval compaction: 0,00 GB write, 0,00 MB/s write, 0,00 GB read, 0,00 MB/s read, 0,0 seconds
Stalls(count): 0 level0_slowdown, 0 level0_slowdown_with_compaction, 0 level0_numfiles, 0 level0_numfiles_with_compaction, 0 stop for pending_compaction_bytes, 0 slowdown for pending_compaction_bytes, 0 memtable_compaction, 0 memtable_slowdown, interval 0 total count

** File Read Latency Histogram By Level [default] **

** Compaction Stats [configuration.column.family] **
Level    Files   Size     Score Read(GB)  Rn(GB) Rnp1(GB) Write(GB) Wnew(GB) Moved(GB) W-Amp Rd(MB/s) Wr(MB/s) Comp(sec) CompMergeCPU(sec) Comp(cnt) Avg(sec) KeyIn KeyDrop
----------------------------------------------------------------------------------------------------------------------------------------------------------------------------
  L0      2/0    2,51 KB   0,5      0,0     0,0      0,0       0,0      0,0       0,0   1,0      0,0      0,5      0,00              0,00         1    0,002       0      0
 Sum      2/0    2,51 KB   0,0      0,0     0,0      0,0       0,0      0,0       0,0   1,0      0,0      0,5      0,00              0,00         1    0,002       0      0
 Int      0/0    0,00 KB   0,0      0,0     0,0      0,0       0,0      0,0       0,0   0,0      0,0      0,0      0,00              0,00         0    0,000       0      0

** Compaction Stats [configuration.column.family] **
Priority    Files   Size     Score Read(GB)  Rn(GB) Rnp1(GB) Write(GB) Wnew(GB) Moved(GB) W-Amp Rd(MB/s) Wr(MB/s) Comp(sec) CompMergeCPU(sec) Comp(cnt) Avg(sec) KeyIn KeyDrop
-------------------------------------------------------------------------------------------------------------------------------------------------------------------------------
User      0/0    0,00 KB   0,0      0,0     0,0      0,0       0,0      0,0       0,0   0,0      0,0      0,5      0,00              0,00         1    0,002       0      0
Uptime(secs): 0,0 total, 0,0 interval
Flush(GB): cumulative 0,000, interval 0,000
AddFile(GB): cumulative 0,000, interval 0,000
AddFile(Total Files): cumulative 0, interval 0
AddFile(L0 Files): cumulative 0, interval 0
AddFile(Keys): cumulative 0, interval 0
Cumulative compaction: 0,00 GB write, 0,05 MB/s write, 0,00 GB read, 0,00 MB/s read, 0,0 seconds
Interval compaction: 0,00 GB write, 0,00 MB/s write, 0,00 GB read, 0,00 MB/s read, 0,0 seconds
Stalls(count): 0 level0_slowdown, 0 level0_slowdown_with_compaction, 0 level0_numfiles, 0 level0_numfiles_with_compaction, 0 stop for pending_compaction_bytes, 0 slowdown for pending_compaction_bytes, 0 memtable_compaction, 0 memtable_slowdown, interval 0 total count

** File Read Latency Histogram By Level [configuration.column.family] **

[main] INFO org.apache.nifi.controller.repository.RocksDBFlowFileRepository - Initialized FlowFile Repository at /tmp/junit3957908284061304586/testRecoveryModeWithContinuedLoading
[main] INFO org.apache.nifi.controller.repository.RocksDBFlowFileRepository - Finished reading from rocksDB.  Read 0 records from disk
[main] INFO org.apache.nifi.controller.repository.RocksDBFlowFileRepository - Finished deserializing 0 records
[main] INFO org.apache.nifi.controller.repository.RocksDBFlowFileRepository - Successfully restored 0 FlowFiles in 121 milliseconds using 16 threads
[main] INFO org.apache.nifi.rocksdb.RocksDBMetronome - Closing RocksDBMetronome
[main] INFO org.apache.nifi.rocksdb.RocksDBMetronome - Shutting down RocksDBMetronome sync executor
[main] INFO org.apache.nifi.rocksdb.RocksDBMetronome - Pausing RocksDB background work
[main] INFO org.apache.nifi.rocksdb.RocksDBMetronome - Closing RocksDB configurations
[main] INFO org.apache.nifi.rocksdb.RocksDBMetronome - Closing RocksDB database
[main] INFO org.apache.nifi.rocksdb.RocksDBMetronome - [_impl/db_impl.cc:401] Shutdown: canceling all background work
[main] INFO org.apache.nifi.rocksdb.RocksDBMetronome - [_impl/db_impl.cc:582] Shutdown complete
]]></system-err>
  </testcase>
  <testcase name="testUnknownVersion" classname="org.apache.nifi.controller.repository.TestRocksDBFlowFileRepository" time="0.04">
    <system-err><![CDATA[[main] INFO org.apache.nifi.controller.repository.TestRocksDBFlowFileRepository - Running test: testUnknownVersion
[main] INFO org.apache.nifi.rocksdb.RocksDBMetronome - [_impl/db_impl_open.cc:254] Creating manifest 1 

[main] INFO org.apache.nifi.rocksdb.RocksDBMetronome - [rsion_set.cc:4377] Recovering from manifest file: /tmp/junit7615354074047686845/testUnknownVersion/MANIFEST-000001

[main] INFO org.apache.nifi.rocksdb.RocksDBMetronome - [lumn_family.cc:550] --------------- Options for column family [default]:

[main] INFO org.apache.nifi.rocksdb.RocksDBMetronome - [rsion_set.cc:4527] Recovered from manifest file:/tmp/junit7615354074047686845/testUnknownVersion/MANIFEST-000001 succeeded,manifest_file_number is 1, next_file_number is 3, last_sequence is 0, log_number is 0,prev_log_number is 0,max_column_family is 0,min_log_number_to_keep is 0

[main] INFO org.apache.nifi.rocksdb.RocksDBMetronome - [rsion_set.cc:4536] Column family [default] (ID 0), log number is 0

[main] INFO org.apache.nifi.rocksdb.RocksDBMetronome - [rsion_set.cc:3788] Creating manifest 4

[main] INFO org.apache.nifi.rocksdb.RocksDBMetronome - [lumn_family.cc:550] --------------- Options for column family [configuration.column.family]:

[main] INFO org.apache.nifi.rocksdb.RocksDBMetronome - [_impl/db_impl.cc:2307] Created column family [configuration.column.family] (ID 1)
[main] INFO org.apache.nifi.rocksdb.RocksDBMetronome - Initialized RocksDB Repository at /tmp/junit7615354074047686845/testUnknownVersion
[Thread-8] INFO org.apache.nifi.rocksdb.RocksDBMetronome - [_impl/db_impl.cc:858] ------- DUMPING STATS -------
[Thread-9] INFO org.apache.nifi.rocksdb.RocksDBMetronome - [_impl/db_impl.cc:859] 
** DB Stats **
Uptime(secs): 0,0 total, 0,0 interval
Cumulative writes: 0 writes, 0 keys, 0 commit groups, 0,0 writes per commit group, ingest: 0,00 GB, 0,00 MB/s
Cumulative WAL: 0 writes, 0 syncs, 0,00 writes per sync, written: 0,00 GB, 0,00 MB/s
Cumulative stall: 00:00:0,000 H:M:S, 0,0 percent
Interval writes: 0 writes, 0 keys, 0 commit groups, 0,0 writes per commit group, ingest: 0,00 MB, 0,00 MB/s
Interval WAL: 0 writes, 0 syncs, 0,00 writes per sync, written: 0,00 MB, 0,00 MB/s
Interval stall: 00:00:0,000 H:M:S, 0,0 percent

** Compaction Stats [default] **
Level    Files   Size     Score Read(GB)  Rn(GB) Rnp1(GB) Write(GB) Wnew(GB) Moved(GB) W-Amp Rd(MB/s) Wr(MB/s) Comp(sec) CompMergeCPU(sec) Comp(cnt) Avg(sec) KeyIn KeyDrop
----------------------------------------------------------------------------------------------------------------------------------------------------------------------------
 Sum      0/0    0,00 KB   0,0      0,0     0,0      0,0       0,0      0,0       0,0   0,0      0,0      0,0      0,00              0,00         0    0,000       0      0
 Int      0/0    0,00 KB   0,0      0,0     0,0      0,0       0,0      0,0       0,0   0,0      0,0      0,0      0,00              0,00         0    0,000       0      0

** Compaction Stats [default] **
Priority    Files   Size     Score Read(GB)  Rn(GB) Rnp1(GB) Write(GB) Wnew(GB) Moved(GB) W-Amp Rd(MB/s) Wr(MB/s) Comp(sec) CompMergeCPU(sec) Comp(cnt) Avg(sec) KeyIn KeyDrop
-------------------------------------------------------------------------------------------------------------------------------------------------------------------------------
Uptime(secs): 0,0 total, 0,0 interval
Flush(GB): cumulative 0,000, interval 0,000
AddFile(GB): cumulative 0,000, interval 0,000
AddFile(Total Files): cumulative 0, interval 0
AddFile(L0 Files): cumulative 0, interval 0
AddFile(Keys): cumulative 0, interval 0
Cumulative compaction: 0,00 GB write, 0,00 MB/s write, 0,00 GB read, 0,00 MB/s read, 0,0 seconds
Interval compaction: 0,00 GB write, 0,00 MB/s write, 0,00 GB read, 0,00 MB/s read, 0,0 seconds
Stalls(count): 0 level0_slowdown, 0 level0_slowdown_with_compaction, 0 level0_numfiles, 0 level0_numfiles_with_compaction, 0 stop for pending_compaction_bytes, 0 slowdown for pending_compaction_bytes, 0 memtable_compaction, 0 memtable_slowdown, interval 0 total count

** File Read Latency Histogram By Level [default] **

** Compaction Stats [configuration.column.family] **
Level    Files   Size     Score Read(GB)  Rn(GB) Rnp1(GB) Write(GB) Wnew(GB) Moved(GB) W-Amp Rd(MB/s) Wr(MB/s) Comp(sec) CompMergeCPU(sec) Comp(cnt) Avg(sec) KeyIn KeyDrop
----------------------------------------------------------------------------------------------------------------------------------------------------------------------------
 Sum      0/0    0,00 KB   0,0      0,0     0,0      0,0       0,0      0,0       0,0   0,0      0,0      0,0      0,00              0,00         0    0,000       0      0
 Int      0/0    0,00 KB   0,0      0,0     0,0      0,0       0,0      0,0       0,0   0,0      0,0      0,0      0,00              0,00         0    0,000       0      0

** Compaction Stats [configuration.column.family] **
Priority    Files   Size     Score Read(GB)  Rn(GB) Rnp1(GB) Write(GB) Wnew(GB) Moved(GB) W-Amp Rd(MB/s) Wr(MB/s) Comp(sec) CompMergeCPU(sec) Comp(cnt) Avg(sec) KeyIn KeyDrop
-------------------------------------------------------------------------------------------------------------------------------------------------------------------------------
Uptime(secs): 0,0 total, 0,0 interval
Flush(GB): cumulative 0,000, interval 0,000
AddFile(GB): cumulative 0,000, interval 0,000
AddFile(Total Files): cumulative 0, interval 0
AddFile(L0 Files): cumulative 0, interval 0
AddFile(Keys): cumulative 0, interval 0
Cumulative compaction: 0,00 GB write, 0,00 MB/s write, 0,00 GB read, 0,00 MB/s read, 0,0 seconds
Interval compaction: 0,00 GB write, 0,00 MB/s write, 0,00 GB read, 0,00 MB/s read, 0,0 seconds
Stalls(count): 0 level0_slowdown, 0 level0_slowdown_with_compaction, 0 level0_numfiles, 0 level0_numfiles_with_compaction, 0 stop for pending_compaction_bytes, 0 slowdown for pending_compaction_bytes, 0 memtable_compaction, 0 memtable_slowdown, interval 0 total count

** File Read Latency Histogram By Level [configuration.column.family] **

** Compaction Stats [default] **
Level    Files   Size     Score Read(GB)  Rn(GB) Rnp1(GB) Write(GB) Wnew(GB) Moved(GB) W-Amp Rd(MB/s) Wr(MB/s) Comp(sec) CompMergeCPU(sec) Comp(cnt) Avg(sec) KeyIn KeyDrop
----------------------------------------------------------------------------------------------------------------------------------------------------------------------------
 Sum      0/0    0,00 KB   0,0      0,0     0,0      0,0       0,0      0,0       0,0   0,0      0,0      0,0      0,00              0,00         0    0,000       0      0
 Int      0/0    0,00 KB   0,0      0,0     0,0      0,0       0,0      0,0       0,0   0,0      0,0      0,0      0,00              0,00         0    0,000       0      0

** Compaction Stats [default] **
Priority    Files   Size     Score Read(GB)  Rn(GB) Rnp1(GB) Write(GB) Wnew(GB) Moved(GB) W-Amp Rd(MB/s) Wr(MB/s) Comp(sec) CompMergeCPU(sec) Comp(cnt) Avg(sec) KeyIn KeyDrop
-------------------------------------------------------------------------------------------------------------------------------------------------------------------------------
Uptime(secs): 0,0 total, 0,0 interval
Flush(GB): cumulative 0,000, interval 0,000
AddFile(GB): cumulative 0,000, interval 0,000
AddFile(Total Files): cumulative 0, interval 0
AddFile(L0 Files): cumulative 0, interval 0
AddFile(Keys): cumulative 0, interval 0
Cumulative compaction: 0,00 GB write, 0,00 MB/s write, 0,00 GB read, 0,00 MB/s read, 0,0 seconds
Interval compaction: 0,00 GB write, 0,00 MB/s write, 0,00 GB read, 0,00 MB/s read, 0,0 seconds
Stalls(count): 0 level0_slowdown, 0 level0_slowdown_with_compaction, 0 level0_numfiles, 0 level0_numfiles_with_compaction, 0 stop for pending_compaction_bytes, 0 slowdown for pending_compaction_bytes, 0 memtable_compaction, 0 memtable_slowdown, interval 0 total count

** File Read Latency Histogram By Level [default] **

** Compaction Stats [configuration.column.family] **
Level    Files   Size     Score Read(GB)  Rn(GB) Rnp1(GB) Write(GB) Wnew(GB) Moved(GB) W-Amp Rd(MB/s) Wr(MB/s) Comp(sec) CompMergeCPU(sec) Comp(cnt) Avg(sec) KeyIn KeyDrop
----------------------------------------------------------------------------------------------------------------------------------------------------------------------------
 Sum      0/0    0,00 KB   0,0      0,0     0,0      0,0       0,0      0,0       0,0   0,0      0,0      0,0      0,00              0,00         0    0,000       0      0
 Int      0/0    0,00 KB   0,0      0,0     0,0      0,0       0,0      0,0       0,0   0,0      0,0      0,0      0,00              0,00         0    0,000       0      0

** Compaction Stats [configuration.column.family] **
Priority    Files   Size     Score Read(GB)  Rn(GB) Rnp1(GB) Write(GB) Wnew(GB) Moved(GB) W-Amp Rd(MB/s) Wr(MB/s) Comp(sec) CompMergeCPU(sec) Comp(cnt) Avg(sec) KeyIn KeyDrop
-------------------------------------------------------------------------------------------------------------------------------------------------------------------------------
Uptime(secs): 0,0 total, 0,0 interval
Flush(GB): cumulative 0,000, interval 0,000
AddFile(GB): cumulative 0,000, interval 0,000
AddFile(Total Files): cumulative 0, interval 0
AddFile(L0 Files): cumulative 0, interval 0
AddFile(Keys): cumulative 0, interval 0
Cumulative compaction: 0,00 GB write, 0,00 MB/s write, 0,00 GB read, 0,00 MB/s read, 0,0 seconds
Interval compaction: 0,00 GB write, 0,00 MB/s write, 0,00 GB read, 0,00 MB/s read, 0,0 seconds
Stalls(count): 0 level0_slowdown, 0 level0_slowdown_with_compaction, 0 level0_numfiles, 0 level0_numfiles_with_compaction, 0 stop for pending_compaction_bytes, 0 slowdown for pending_compaction_bytes, 0 memtable_compaction, 0 memtable_slowdown, interval 0 total count

** File Read Latency Histogram By Level [configuration.column.family] **

[main] INFO org.apache.nifi.rocksdb.RocksDBMetronome - Closing RocksDBMetronome
[main] INFO org.apache.nifi.rocksdb.RocksDBMetronome - Shutting down RocksDBMetronome sync executor
[main] INFO org.apache.nifi.rocksdb.RocksDBMetronome - Pausing RocksDB background work
[main] INFO org.apache.nifi.rocksdb.RocksDBMetronome - Closing RocksDB configurations
[main] INFO org.apache.nifi.rocksdb.RocksDBMetronome - Closing RocksDB database
[main] INFO org.apache.nifi.rocksdb.RocksDBMetronome - [_impl/db_impl.cc:401] Shutdown: canceling all background work
[main] INFO org.apache.nifi.rocksdb.RocksDBMetronome - [_impl/db_impl.cc:582] Shutdown complete
[main] INFO org.apache.nifi.rocksdb.RocksDBMetronome - [rsion_set.cc:4377] Recovering from manifest file: /tmp/junit7615354074047686845/testUnknownVersion/MANIFEST-000004

[main] INFO org.apache.nifi.rocksdb.RocksDBMetronome - [lumn_family.cc:550] --------------- Options for column family [default]:

[main] INFO org.apache.nifi.rocksdb.RocksDBMetronome - [lumn_family.cc:550] --------------- Options for column family [configuration.column.family]:

[main] INFO org.apache.nifi.rocksdb.RocksDBMetronome - [rsion_set.cc:4527] Recovered from manifest file:/tmp/junit7615354074047686845/testUnknownVersion/MANIFEST-000004 succeeded,manifest_file_number is 4, next_file_number is 6, last_sequence is 0, log_number is 3,prev_log_number is 0,max_column_family is 1,min_log_number_to_keep is 0

[main] INFO org.apache.nifi.rocksdb.RocksDBMetronome - [rsion_set.cc:4536] Column family [default] (ID 0), log number is 0

[main] INFO org.apache.nifi.rocksdb.RocksDBMetronome - [rsion_set.cc:4536] Column family [configuration.column.family] (ID 1), log number is 3

[main] INFO org.apache.nifi.rocksdb.RocksDBMetronome - EVENT_LOG_v1 {"time_micros": 1714609645203888, "job": 1, "event": "recovery_started", "log_files": [3]}
[main] INFO org.apache.nifi.rocksdb.RocksDBMetronome - [_impl/db_impl_open.cc:735] Recovering log #3 mode 2
[main] INFO org.apache.nifi.rocksdb.RocksDBMetronome - EVENT_LOG_v1 {"time_micros": 1714609645205958, "cf_name": "configuration.column.family", "job": 1, "event": "table_file_creation", "file_number": 6, "file_size": 831, "table_properties": {"data_size": 49, "index_size": 44, "index_partitions": 0, "top_level_index_size": 0, "index_key_is_user_key": 0, "index_value_is_delta_encoded": 0, "filter_size": 0, "raw_key_size": 26, "raw_average_key_size": 26, "raw_value_size": 7, "raw_average_value_size": 7, "num_data_blocks": 1, "num_entries": 1, "num_deletions": 0, "num_merge_operands": 0, "num_range_deletions": 0, "format_version": 0, "fixed_key_len": 0, "filter_policy": "", "column_family_name": "configuration.column.family", "column_family_id": 1, "comparator": "leveldb.BytewiseComparator", "merge_operator": "nullptr", "prefix_extractor_name": "nullptr", "property_collectors": "[]", "compression": "LZ4", "compression_options": "window_bits=-14; level=32767; strategy=0; max_dict_bytes=0; zstd_max_train_bytes=0; enabled=0; ", "creation_time": 1714609645, "oldest_key_time": 3, "file_creation_time": 0}}
[main] INFO org.apache.nifi.rocksdb.RocksDBMetronome - [rsion_set.cc:3788] Creating manifest 7

[main] INFO org.apache.nifi.rocksdb.RocksDBMetronome - EVENT_LOG_v1 {"time_micros": 1714609645210987, "job": 1, "event": "recovery_finished"}
[main] INFO org.apache.nifi.rocksdb.RocksDBMetronome - Initialized RocksDB Repository at /tmp/junit7615354074047686845/testUnknownVersion
[Thread-10] INFO org.apache.nifi.rocksdb.RocksDBMetronome - [_impl/db_impl.cc:858] ------- DUMPING STATS -------
[main] INFO org.apache.nifi.rocksdb.RocksDBMetronome - Closing RocksDBMetronome
[main] INFO org.apache.nifi.rocksdb.RocksDBMetronome - Shutting down RocksDBMetronome sync executor
[main] INFO org.apache.nifi.rocksdb.RocksDBMetronome - Pausing RocksDB background work
[Thread-11] INFO org.apache.nifi.rocksdb.RocksDBMetronome - [_impl/db_impl.cc:859] 
** DB Stats **
Uptime(secs): 0,0 total, 0,0 interval
Cumulative writes: 0 writes, 0 keys, 0 commit groups, 0,0 writes per commit group, ingest: 0,00 GB, 0,00 MB/s
Cumulative WAL: 0 writes, 0 syncs, 0,00 writes per sync, written: 0,00 GB, 0,00 MB/s
Cumulative stall: 00:00:0,000 H:M:S, 0,0 percent
Interval writes: 0 writes, 0 keys, 0 commit groups, 0,0 writes per commit group, ingest: 0,00 MB, 0,00 MB/s
Interval WAL: 0 writes, 0 syncs, 0,00 writes per sync, written: 0,00 MB, 0,00 MB/s
Interval stall: 00:00:0,000 H:M:S, 0,0 percent

** Compaction Stats [default] **
Level    Files   Size     Score Read(GB)  Rn(GB) Rnp1(GB) Write(GB) Wnew(GB) Moved(GB) W-Amp Rd(MB/s) Wr(MB/s) Comp(sec) CompMergeCPU(sec) Comp(cnt) Avg(sec) KeyIn KeyDrop
----------------------------------------------------------------------------------------------------------------------------------------------------------------------------
 Sum      0/0    0,00 KB   0,0      0,0     0,0      0,0       0,0      0,0       0,0   0,0      0,0      0,0      0,00              0,00         0    0,000       0      0
 Int      0/0    0,00 KB   0,0      0,0     0,0      0,0       0,0      0,0       0,0   0,0      0,0      0,0      0,00              0,00         0    0,000       0      0

** Compaction Stats [default] **
Priority    Files   Size     Score Read(GB)  Rn(GB) Rnp1(GB) Write(GB) Wnew(GB) Moved(GB) W-Amp Rd(MB/s) Wr(MB/s) Comp(sec) CompMergeCPU(sec) Comp(cnt) Avg(sec) KeyIn KeyDrop
-------------------------------------------------------------------------------------------------------------------------------------------------------------------------------
Uptime(secs): 0,0 total, 0,0 interval
Flush(GB): cumulative 0,000, interval 0,000
AddFile(GB): cumulative 0,000, interval 0,000
AddFile(Total Files): cumulative 0, interval 0
AddFile(L0 Files): cumulative 0, interval 0
AddFile(Keys): cumulative 0, interval 0
Cumulative compaction: 0,00 GB write, 0,00 MB/s write, 0,00 GB read, 0,00 MB/s read, 0,0 seconds
Interval compaction: 0,00 GB write, 0,00 MB/s write, 0,00 GB read, 0,00 MB/s read, 0,0 seconds
Stalls(count): 0 level0_slowdown, 0 level0_slowdown_with_compaction, 0 level0_numfiles, 0 level0_numfiles_with_compaction, 0 stop for pending_compaction_bytes, 0 slowdown for pending_compaction_bytes, 0 memtable_compaction, 0 memtable_slowdown, interval 0 total count

** File Read Latency Histogram By Level [default] **

** Compaction Stats [configuration.column.family] **
Level    Files   Size     Score Read(GB)  Rn(GB) Rnp1(GB) Write(GB) Wnew(GB) Moved(GB) W-Amp Rd(MB/s) Wr(MB/s) Comp(sec) CompMergeCPU(sec) Comp(cnt) Avg(sec) KeyIn KeyDrop
----------------------------------------------------------------------------------------------------------------------------------------------------------------------------
  L0      1/0    0,81 KB   0,2      0,0     0,0      0,0       0,0      0,0       0,0   1,0      0,0      0,4      0,00              0,00         1    0,002       0      0
 Sum      1/0    0,81 KB   0,0      0,0     0,0      0,0       0,0      0,0       0,0   1,0      0,0      0,4      0,00              0,00         1    0,002       0      0
 Int      0/0    0,00 KB   0,0      0,0     0,0      0,0       0,0      0,0       0,0   1,0      0,0      0,4      0,00              0,00         1    0,002       0      0

** Compaction Stats [configuration.column.family] **
Priority    Files   Size     Score Read(GB)  Rn(GB) Rnp1(GB) Write(GB) Wnew(GB) Moved(GB) W-Amp Rd(MB/s) Wr(MB/s) Comp(sec) CompMergeCPU(sec) Comp(cnt) Avg(sec) KeyIn KeyDrop
-------------------------------------------------------------------------------------------------------------------------------------------------------------------------------
User      0/0    0,00 KB   0,0      0,0     0,0      0,0       0,0      0,0       0,0   0,0      0,0      0,4      0,00              0,00         1    0,002       0      0
Uptime(secs): 0,0 total, 0,0 interval
Flush(GB): cumulative 0,000, interval 0,000
AddFile(GB): cumulative 0,000, interval 0,000
AddFile(Total Files): cumulative 0, interval 0
AddFile(L0 Files): cumulative 0, interval 0
AddFile(Keys): cumulative 0, interval 0
Cumulative compaction: 0,00 GB write, 0,06 MB/s write, 0,00 GB read, 0,00 MB/s read, 0,0 seconds
Interval compaction: 0,00 GB write, 0,06 MB/s write, 0,00 GB read, 0,00 MB/s read, 0,0 seconds
Stalls(count): 0 level0_slowdown, 0 level0_slowdown_with_compaction, 0 level0_numfiles, 0 level0_numfiles_with_compaction, 0 stop for pending_compaction_bytes, 0 slowdown for pending_compaction_bytes, 0 memtable_compaction, 0 memtable_slowdown, interval 0 total count

** File Read Latency Histogram By Level [configuration.column.family] **

** Compaction Stats [default] **
Level    Files   Size     Score Read(GB)  Rn(GB) Rnp1(GB) Write(GB) Wnew(GB) Moved(GB) W-Amp Rd(MB/s) Wr(MB/s) Comp(sec) CompMergeCPU(sec) Comp(cnt) Avg(sec) KeyIn KeyDrop
----------------------------------------------------------------------------------------------------------------------------------------------------------------------------
 Sum      0/0    0,00 KB   0,0      0,0     0,0      0,0       0,0      0,0       0,0   0,0      0,0      0,0      0,00              0,00         0    0,000       0      0
 Int      0/0    0,00 KB   0,0      0,0     0,0      0,0       0,0      0,0       0,0   0,0      0,0      0,0      0,00              0,00         0    0,000       0      0

** Compaction Stats [default] **
Priority    Files   Size     Score Read(GB)  Rn(GB) Rnp1(GB) Write(GB) Wnew(GB) Moved(GB) W-Amp Rd(MB/s) Wr(MB/s) Comp(sec) CompMergeCPU(sec) Comp(cnt) Avg(sec) KeyIn KeyDrop
-------------------------------------------------------------------------------------------------------------------------------------------------------------------------------
Uptime(secs): 0,0 total, 0,0 interval
Flush(GB): cumulative 0,000, interval 0,000
AddFile(GB): cumulative 0,000, interval 0,000
AddFile(Total Files): cumulative 0, interval 0
AddFile(L0 Files): cumulative 0, interval 0
AddFile(Keys): cumulative 0, interval 0
Cumulative compaction: 0,00 GB write, 0,00 MB/s write, 0,00 GB read, 0,00 MB/s read, 0,0 seconds
Interval compaction: 0,00 GB write, 0,00 MB/s write, 0,00 GB read, 0,00 MB/s read, 0,0 seconds
Stalls(count): 0 level0_slowdown, 0 level0_slowdown_with_compaction, 0 level0_numfiles, 0 level0_numfiles_with_compaction, 0 stop for pending_compaction_bytes, 0 slowdown for pending_compaction_bytes, 0 memtable_compaction, 0 memtable_slowdown, interval 0 total count

** File Read Latency Histogram By Level [default] **

** Compaction Stats [configuration.column.family] **
Level    Files   Size     Score Read(GB)  Rn(GB) Rnp1(GB) Write(GB) Wnew(GB) Moved(GB) W-Amp Rd(MB/s) Wr(MB/s) Comp(sec) CompMergeCPU(sec) Comp(cnt) Avg(sec) KeyIn KeyDrop
----------------------------------------------------------------------------------------------------------------------------------------------------------------------------
  L0      1/0    0,81 KB   0,2      0,0     0,0      0,0       0,0      0,0       0,0   1,0      0,0      0,4      0,00              0,00         1    0,002       0      0
 Sum      1/0    0,81 KB   0,0      0,0     0,0      0,0       0,0      0,0       0,0   1,0      0,0      0,4      0,00              0,00         1    0,002       0      0
 Int      0/0    0,00 KB   0,0      0,0     0,0      0,0       0,0      0,0       0,0   0,0      0,0      0,0      0,00              0,00         0    0,000       0      0

** Compaction Stats [configuration.column.family] **
Priority    Files   Size     Score Read(GB)  Rn(GB) Rnp1(GB) Write(GB) Wnew(GB) Moved(GB) W-Amp Rd(MB/s) Wr(MB/s) Comp(sec) CompMergeCPU(sec) Comp(cnt) Avg(sec) KeyIn KeyDrop
-------------------------------------------------------------------------------------------------------------------------------------------------------------------------------
User      0/0    0,00 KB   0,0      0,0     0,0      0,0       0,0      0,0       0,0   0,0      0,0      0,4      0,00              0,00         1    0,002       0      0
Uptime(secs): 0,0 total, 0,0 interval
Flush(GB): cumulative 0,000, interval 0,000
AddFile(GB): cumulative 0,000, interval 0,000
AddFile(Total Files): cumulative 0, interval 0
AddFile(L0 Files): cumulative 0, interval 0
AddFile(Keys): cumulative 0, interval 0
Cumulative compaction: 0,00 GB write, 0,06 MB/s write, 0,00 GB read, 0,00 MB/s read, 0,0 seconds
Interval compaction: 0,00 GB write, 0,00 MB/s write, 0,00 GB read, 0,00 MB/s read, 0,0 seconds
Stalls(count): 0 level0_slowdown, 0 level0_slowdown_with_compaction, 0 level0_numfiles, 0 level0_numfiles_with_compaction, 0 stop for pending_compaction_bytes, 0 slowdown for pending_compaction_bytes, 0 memtable_compaction, 0 memtable_slowdown, interval 0 total count

** File Read Latency Histogram By Level [configuration.column.family] **

[main] INFO org.apache.nifi.rocksdb.RocksDBMetronome - Closing RocksDB configurations
[main] INFO org.apache.nifi.rocksdb.RocksDBMetronome - Closing RocksDB database
[main] INFO org.apache.nifi.rocksdb.RocksDBMetronome - [_impl/db_impl.cc:401] Shutdown: canceling all background work
[main] INFO org.apache.nifi.rocksdb.RocksDBMetronome - [_impl/db_impl.cc:582] Shutdown complete
]]></system-err>
  </testcase>
  <testcase name="testDoNotRemoveOrphans" classname="org.apache.nifi.controller.repository.TestRocksDBFlowFileRepository" time="0.436">
    <system-err><![CDATA[[main] INFO org.apache.nifi.controller.repository.TestRocksDBFlowFileRepository - Running test: testDoNotRemoveOrphans
[main] INFO org.apache.nifi.rocksdb.RocksDBMetronome - [_impl/db_impl_open.cc:254] Creating manifest 1 

[main] INFO org.apache.nifi.rocksdb.RocksDBMetronome - [rsion_set.cc:4377] Recovering from manifest file: /tmp/junit7725967027081707899/testDoNotRemoveOrphans/MANIFEST-000001

[main] INFO org.apache.nifi.rocksdb.RocksDBMetronome - [lumn_family.cc:550] --------------- Options for column family [default]:

[main] INFO org.apache.nifi.rocksdb.RocksDBMetronome - [rsion_set.cc:4527] Recovered from manifest file:/tmp/junit7725967027081707899/testDoNotRemoveOrphans/MANIFEST-000001 succeeded,manifest_file_number is 1, next_file_number is 3, last_sequence is 0, log_number is 0,prev_log_number is 0,max_column_family is 0,min_log_number_to_keep is 0

[main] INFO org.apache.nifi.rocksdb.RocksDBMetronome - [rsion_set.cc:4536] Column family [default] (ID 0), log number is 0

[main] INFO org.apache.nifi.rocksdb.RocksDBMetronome - [rsion_set.cc:3788] Creating manifest 4

[main] INFO org.apache.nifi.rocksdb.RocksDBMetronome - [lumn_family.cc:550] --------------- Options for column family [configuration.column.family]:

[main] INFO org.apache.nifi.rocksdb.RocksDBMetronome - [_impl/db_impl.cc:2307] Created column family [configuration.column.family] (ID 1)
[main] INFO org.apache.nifi.rocksdb.RocksDBMetronome - Initialized RocksDB Repository at /tmp/junit7725967027081707899/testDoNotRemoveOrphans
[Thread-12] INFO org.apache.nifi.rocksdb.RocksDBMetronome - [_impl/db_impl.cc:858] ------- DUMPING STATS -------
[Thread-13] INFO org.apache.nifi.rocksdb.RocksDBMetronome - [_impl/db_impl.cc:859] 
** DB Stats **
Uptime(secs): 0,0 total, 0,0 interval
Cumulative writes: 0 writes, 0 keys, 0 commit groups, 0,0 writes per commit group, ingest: 0,00 GB, 0,00 MB/s
Cumulative WAL: 0 writes, 0 syncs, 0,00 writes per sync, written: 0,00 GB, 0,00 MB/s
Cumulative stall: 00:00:0,000 H:M:S, 0,0 percent
Interval writes: 0 writes, 0 keys, 0 commit groups, 0,0 writes per commit group, ingest: 0,00 MB, 0,00 MB/s
Interval WAL: 0 writes, 0 syncs, 0,00 writes per sync, written: 0,00 MB, 0,00 MB/s
Interval stall: 00:00:0,000 H:M:S, 0,0 percent

** Compaction Stats [default] **
Level    Files   Size     Score Read(GB)  Rn(GB) Rnp1(GB) Write(GB) Wnew(GB) Moved(GB) W-Amp Rd(MB/s) Wr(MB/s) Comp(sec) CompMergeCPU(sec) Comp(cnt) Avg(sec) KeyIn KeyDrop
----------------------------------------------------------------------------------------------------------------------------------------------------------------------------
 Sum      0/0    0,00 KB   0,0      0,0     0,0      0,0       0,0      0,0       0,0   0,0      0,0      0,0      0,00              0,00         0    0,000       0      0
 Int      0/0    0,00 KB   0,0      0,0     0,0      0,0       0,0      0,0       0,0   0,0      0,0      0,0      0,00              0,00         0    0,000       0      0

** Compaction Stats [default] **
Priority    Files   Size     Score Read(GB)  Rn(GB) Rnp1(GB) Write(GB) Wnew(GB) Moved(GB) W-Amp Rd(MB/s) Wr(MB/s) Comp(sec) CompMergeCPU(sec) Comp(cnt) Avg(sec) KeyIn KeyDrop
-------------------------------------------------------------------------------------------------------------------------------------------------------------------------------
Uptime(secs): 0,0 total, 0,0 interval
Flush(GB): cumulative 0,000, interval 0,000
AddFile(GB): cumulative 0,000, interval 0,000
AddFile(Total Files): cumulative 0, interval 0
AddFile(L0 Files): cumulative 0, interval 0
AddFile(Keys): cumulative 0, interval 0
Cumulative compaction: 0,00 GB write, 0,00 MB/s write, 0,00 GB read, 0,00 MB/s read, 0,0 seconds
Interval compaction: 0,00 GB write, 0,00 MB/s write, 0,00 GB read, 0,00 MB/s read, 0,0 seconds
Stalls(count): 0 level0_slowdown, 0 level0_slowdown_with_compaction, 0 level0_numfiles, 0 level0_numfiles_with_compaction, 0 stop for pending_compaction_bytes, 0 slowdown for pending_compaction_bytes, 0 memtable_compaction, 0 memtable_slowdown, interval 0 total count

** File Read Latency Histogram By Level [default] **

** Compaction Stats [configuration.column.family] **
Level    Files   Size     Score Read(GB)  Rn(GB) Rnp1(GB) Write(GB) Wnew(GB) Moved(GB) W-Amp Rd(MB/s) Wr(MB/s) Comp(sec) CompMergeCPU(sec) Comp(cnt) Avg(sec) KeyIn KeyDrop
----------------------------------------------------------------------------------------------------------------------------------------------------------------------------
 Sum      0/0    0,00 KB   0,0      0,0     0,0      0,0       0,0      0,0       0,0   0,0      0,0      0,0      0,00              0,00         0    0,000       0      0
 Int      0/0    0,00 KB   0,0      0,0     0,0      0,0       0,0      0,0       0,0   0,0      0,0      0,0      0,00              0,00         0    0,000       0      0

** Compaction Stats [configuration.column.family] **
Priority    Files   Size     Score Read(GB)  Rn(GB) Rnp1(GB) Write(GB) Wnew(GB) Moved(GB) W-Amp Rd(MB/s) Wr(MB/s) Comp(sec) CompMergeCPU(sec) Comp(cnt) Avg(sec) KeyIn KeyDrop
-------------------------------------------------------------------------------------------------------------------------------------------------------------------------------
Uptime(secs): 0,0 total, 0,0 interval
Flush(GB): cumulative 0,000, interval 0,000
AddFile(GB): cumulative 0,000, interval 0,000
AddFile(Total Files): cumulative 0, interval 0
AddFile(L0 Files): cumulative 0, interval 0
AddFile(Keys): cumulative 0, interval 0
Cumulative compaction: 0,00 GB write, 0,00 MB/s write, 0,00 GB read, 0,00 MB/s read, 0,0 seconds
Interval compaction: 0,00 GB write, 0,00 MB/s write, 0,00 GB read, 0,00 MB/s read, 0,0 seconds
Stalls(count): 0 level0_slowdown, 0 level0_slowdown_with_compaction, 0 level0_numfiles, 0 level0_numfiles_with_compaction, 0 stop for pending_compaction_bytes, 0 slowdown for pending_compaction_bytes, 0 memtable_compaction, 0 memtable_slowdown, interval 0 total count

** File Read Latency Histogram By Level [configuration.column.family] **

** Compaction Stats [default] **
Level    Files   Size     Score Read(GB)  Rn(GB) Rnp1(GB) Write(GB) Wnew(GB) Moved(GB) W-Amp Rd(MB/s) Wr(MB/s) Comp(sec) CompMergeCPU(sec) Comp(cnt) Avg(sec) KeyIn KeyDrop
----------------------------------------------------------------------------------------------------------------------------------------------------------------------------
 Sum      0/0    0,00 KB   0,0      0,0     0,0      0,0       0,0      0,0       0,0   0,0      0,0      0,0      0,00              0,00         0    0,000       0      0
 Int      0/0    0,00 KB   0,0      0,0     0,0      0,0       0,0      0,0       0,0   0,0      0,0      0,0      0,00              0,00         0    0,000       0      0

** Compaction Stats [default] **
Priority    Files   Size     Score Read(GB)  Rn(GB) Rnp1(GB) Write(GB) Wnew(GB) Moved(GB) W-Amp Rd(MB/s) Wr(MB/s) Comp(sec) CompMergeCPU(sec) Comp(cnt) Avg(sec) KeyIn KeyDrop
-------------------------------------------------------------------------------------------------------------------------------------------------------------------------------
Uptime(secs): 0,0 total, 0,0 interval
Flush(GB): cumulative 0,000, interval 0,000
AddFile(GB): cumulative 0,000, interval 0,000
AddFile(Total Files): cumulative 0, interval 0
AddFile(L0 Files): cumulative 0, interval 0
AddFile(Keys): cumulative 0, interval 0
Cumulative compaction: 0,00 GB write, 0,00 MB/s write, 0,00 GB read, 0,00 MB/s read, 0,0 seconds
Interval compaction: 0,00 GB write, 0,00 MB/s write, 0,00 GB read, 0,00 MB/s read, 0,0 seconds
Stalls(count): 0 level0_slowdown, 0 level0_slowdown_with_compaction, 0 level0_numfiles, 0 level0_numfiles_with_compaction, 0 stop for pending_compaction_bytes, 0 slowdown for pending_compaction_bytes, 0 memtable_compaction, 0 memtable_slowdown, interval 0 total count

** File Read Latency Histogram By Level [default] **

** Compaction Stats [configuration.column.family] **
Level    Files   Size     Score Read(GB)  Rn(GB) Rnp1(GB) Write(GB) Wnew(GB) Moved(GB) W-Amp Rd(MB/s) Wr(MB/s) Comp(sec) CompMergeCPU(sec) Comp(cnt) Avg(sec) KeyIn KeyDrop
----------------------------------------------------------------------------------------------------------------------------------------------------------------------------
 Sum      0/0    0,00 KB   0,0      0,0     0,0      0,0       0,0      0,0       0,0   0,0      0,0      0,0      0,00              0,00         0    0,000       0      0
 Int      0/0    0,00 KB   0,0      0,0     0,0      0,0       0,0      0,0       0,0   0,0      0,0      0,0      0,00              0,00         0    0,000       0      0

** Compaction Stats [configuration.column.family] **
Priority    Files   Size     Score Read(GB)  Rn(GB) Rnp1(GB) Write(GB) Wnew(GB) Moved(GB) W-Amp Rd(MB/s) Wr(MB/s) Comp(sec) CompMergeCPU(sec) Comp(cnt) Avg(sec) KeyIn KeyDrop
-------------------------------------------------------------------------------------------------------------------------------------------------------------------------------
Uptime(secs): 0,0 total, 0,0 interval
Flush(GB): cumulative 0,000, interval 0,000
AddFile(GB): cumulative 0,000, interval 0,000
AddFile(Total Files): cumulative 0, interval 0
AddFile(L0 Files): cumulative 0, interval 0
AddFile(Keys): cumulative 0, interval 0
Cumulative compaction: 0,00 GB write, 0,00 MB/s write, 0,00 GB read, 0,00 MB/s read, 0,0 seconds
Interval compaction: 0,00 GB write, 0,00 MB/s write, 0,00 GB read, 0,00 MB/s read, 0,0 seconds
Stalls(count): 0 level0_slowdown, 0 level0_slowdown_with_compaction, 0 level0_numfiles, 0 level0_numfiles_with_compaction, 0 stop for pending_compaction_bytes, 0 slowdown for pending_compaction_bytes, 0 memtable_compaction, 0 memtable_slowdown, interval 0 total count

** File Read Latency Histogram By Level [configuration.column.family] **

[main] INFO org.apache.nifi.controller.repository.RocksDBFlowFileRepository - Initialized FlowFile Repository at /tmp/junit7725967027081707899/testDoNotRemoveOrphans
[main] INFO org.apache.nifi.controller.repository.RocksDBFlowFileRepository - Finished reading from rocksDB.  Read 0 records from disk
[main] INFO org.apache.nifi.controller.repository.RocksDBFlowFileRepository - Finished deserializing 0 records
[main] INFO org.apache.nifi.controller.repository.RocksDBFlowFileRepository - Successfully restored 0 FlowFiles in 124 milliseconds using 16 threads
[main] INFO org.apache.nifi.rocksdb.RocksDBMetronome - Closing RocksDBMetronome
[main] INFO org.apache.nifi.rocksdb.RocksDBMetronome - Shutting down RocksDBMetronome sync executor
[main] INFO org.apache.nifi.rocksdb.RocksDBMetronome - Pausing RocksDB background work
[main] INFO org.apache.nifi.rocksdb.RocksDBMetronome - Closing RocksDB configurations
[main] INFO org.apache.nifi.rocksdb.RocksDBMetronome - Closing RocksDB database
[main] INFO org.apache.nifi.rocksdb.RocksDBMetronome - [_impl/db_impl.cc:401] Shutdown: canceling all background work
[main] INFO org.apache.nifi.rocksdb.RocksDBMetronome - [_impl/db_impl.cc:582] Shutdown complete
[main] INFO org.apache.nifi.rocksdb.RocksDBMetronome - [rsion_set.cc:4377] Recovering from manifest file: /tmp/junit7725967027081707899/testDoNotRemoveOrphans/MANIFEST-000004

[main] INFO org.apache.nifi.rocksdb.RocksDBMetronome - [lumn_family.cc:550] --------------- Options for column family [default]:

[main] INFO org.apache.nifi.rocksdb.RocksDBMetronome - [lumn_family.cc:550] --------------- Options for column family [configuration.column.family]:

[main] INFO org.apache.nifi.rocksdb.RocksDBMetronome - [rsion_set.cc:4527] Recovered from manifest file:/tmp/junit7725967027081707899/testDoNotRemoveOrphans/MANIFEST-000004 succeeded,manifest_file_number is 4, next_file_number is 6, last_sequence is 0, log_number is 3,prev_log_number is 0,max_column_family is 1,min_log_number_to_keep is 0

[main] INFO org.apache.nifi.rocksdb.RocksDBMetronome - [rsion_set.cc:4536] Column family [default] (ID 0), log number is 0

[main] INFO org.apache.nifi.rocksdb.RocksDBMetronome - [rsion_set.cc:4536] Column family [configuration.column.family] (ID 1), log number is 3

[main] INFO org.apache.nifi.rocksdb.RocksDBMetronome - EVENT_LOG_v1 {"time_micros": 1714609645378653, "job": 1, "event": "recovery_started", "log_files": [3]}
[main] INFO org.apache.nifi.rocksdb.RocksDBMetronome - [_impl/db_impl_open.cc:735] Recovering log #3 mode 2
[main] INFO org.apache.nifi.rocksdb.RocksDBMetronome - EVENT_LOG_v1 {"time_micros": 1714609645380654, "cf_name": "default", "job": 1, "event": "table_file_creation", "file_number": 6, "file_size": 854, "table_properties": {"data_size": 105, "index_size": 34, "index_partitions": 0, "top_level_index_size": 0, "index_key_is_user_key": 0, "index_value_is_delta_encoded": 0, "filter_size": 0, "raw_key_size": 16, "raw_average_key_size": 16, "raw_value_size": 110, "raw_average_value_size": 110, "num_data_blocks": 1, "num_entries": 1, "num_deletions": 0, "num_merge_operands": 0, "num_range_deletions": 0, "format_version": 0, "fixed_key_len": 0, "filter_policy": "", "column_family_name": "default", "column_family_id": 0, "comparator": "leveldb.BytewiseComparator", "merge_operator": "nullptr", "prefix_extractor_name": "nullptr", "property_collectors": "[]", "compression": "LZ4", "compression_options": "window_bits=-14; level=32767; strategy=0; max_dict_bytes=0; zstd_max_train_bytes=0; enabled=0; ", "creation_time": 1714609645, "oldest_key_time": 3, "file_creation_time": 0}}
[main] INFO org.apache.nifi.rocksdb.RocksDBMetronome - EVENT_LOG_v1 {"time_micros": 1714609645382406, "cf_name": "configuration.column.family", "job": 1, "event": "table_file_creation", "file_number": 7, "file_size": 1690, "table_properties": {"data_size": 881, "index_size": 68, "index_partitions": 0, "top_level_index_size": 0, "index_key_is_user_key": 0, "index_value_is_delta_encoded": 0, "filter_size": 0, "raw_key_size": 99, "raw_average_key_size": 24, "raw_value_size": 7329, "raw_average_value_size": 1832, "num_data_blocks": 2, "num_entries": 4, "num_deletions": 0, "num_merge_operands": 0, "num_range_deletions": 0, "format_version": 0, "fixed_key_len": 0, "filter_policy": "", "column_family_name": "configuration.column.family", "column_family_id": 1, "comparator": "leveldb.BytewiseComparator", "merge_operator": "nullptr", "prefix_extractor_name": "nullptr", "property_collectors": "[]", "compression": "LZ4", "compression_options": "window_bits=-14; level=32767; strategy=0; max_dict_bytes=0; zstd_max_train_bytes=0; enabled=0; ", "creation_time": 1714609645, "oldest_key_time": 3, "file_creation_time": 0}}
[main] INFO org.apache.nifi.rocksdb.RocksDBMetronome - [rsion_set.cc:3788] Creating manifest 8

[main] INFO org.apache.nifi.rocksdb.RocksDBMetronome - EVENT_LOG_v1 {"time_micros": 1714609645386844, "job": 1, "event": "recovery_finished"}
[main] INFO org.apache.nifi.rocksdb.RocksDBMetronome - Initialized RocksDB Repository at /tmp/junit7725967027081707899/testDoNotRemoveOrphans
[Thread-14] INFO org.apache.nifi.rocksdb.RocksDBMetronome - [_impl/db_impl.cc:858] ------- DUMPING STATS -------
[Thread-15] INFO org.apache.nifi.rocksdb.RocksDBMetronome - [_impl/db_impl.cc:859] 
** DB Stats **
Uptime(secs): 0,0 total, 0,0 interval
Cumulative writes: 0 writes, 0 keys, 0 commit groups, 0,0 writes per commit group, ingest: 0,00 GB, 0,00 MB/s
Cumulative WAL: 0 writes, 0 syncs, 0,00 writes per sync, written: 0,00 GB, 0,00 MB/s
Cumulative stall: 00:00:0,000 H:M:S, 0,0 percent
Interval writes: 0 writes, 0 keys, 0 commit groups, 0,0 writes per commit group, ingest: 0,00 MB, 0,00 MB/s
Interval WAL: 0 writes, 0 syncs, 0,00 writes per sync, written: 0,00 MB, 0,00 MB/s
Interval stall: 00:00:0,000 H:M:S, 0,0 percent

** Compaction Stats [default] **
Level    Files   Size     Score Read(GB)  Rn(GB) Rnp1(GB) Write(GB) Wnew(GB) Moved(GB) W-Amp Rd(MB/s) Wr(MB/s) Comp(sec) CompMergeCPU(sec) Comp(cnt) Avg(sec) KeyIn KeyDrop
----------------------------------------------------------------------------------------------------------------------------------------------------------------------------
  L0      1/0    0,83 KB   0,2      0,0     0,0      0,0       0,0      0,0       0,0   1,0      0,0      0,4      0,00              0,00         1    0,002       0      0
 Sum      1/0    0,83 KB   0,0      0,0     0,0      0,0       0,0      0,0       0,0   1,0      0,0      0,4      0,00              0,00         1    0,002       0      0
 Int      0/0    0,00 KB   0,0      0,0     0,0      0,0       0,0      0,0       0,0   1,0      0,0      0,4      0,00              0,00         1    0,002       0      0

** Compaction Stats [default] **
Priority    Files   Size     Score Read(GB)  Rn(GB) Rnp1(GB) Write(GB) Wnew(GB) Moved(GB) W-Amp Rd(MB/s) Wr(MB/s) Comp(sec) CompMergeCPU(sec) Comp(cnt) Avg(sec) KeyIn KeyDrop
-------------------------------------------------------------------------------------------------------------------------------------------------------------------------------
User      0/0    0,00 KB   0,0      0,0     0,0      0,0       0,0      0,0       0,0   0,0      0,0      0,4      0,00              0,00         1    0,002       0      0
Uptime(secs): 0,0 total, 0,0 interval
Flush(GB): cumulative 0,000, interval 0,000
AddFile(GB): cumulative 0,000, interval 0,000
AddFile(Total Files): cumulative 0, interval 0
AddFile(L0 Files): cumulative 0, interval 0
AddFile(Keys): cumulative 0, interval 0
Cumulative compaction: 0,00 GB write, 0,06 MB/s write, 0,00 GB read, 0,00 MB/s read, 0,0 seconds
Interval compaction: 0,00 GB write, 0,06 MB/s write, 0,00 GB read, 0,00 MB/s read, 0,0 seconds
Stalls(count): 0 level0_slowdown, 0 level0_slowdown_with_compaction, 0 level0_numfiles, 0 level0_numfiles_with_compaction, 0 stop for pending_compaction_bytes, 0 slowdown for pending_compaction_bytes, 0 memtable_compaction, 0 memtable_slowdown, interval 0 total count

** File Read Latency Histogram By Level [default] **

** Compaction Stats [configuration.column.family] **
Level    Files   Size     Score Read(GB)  Rn(GB) Rnp1(GB) Write(GB) Wnew(GB) Moved(GB) W-Amp Rd(MB/s) Wr(MB/s) Comp(sec) CompMergeCPU(sec) Comp(cnt) Avg(sec) KeyIn KeyDrop
----------------------------------------------------------------------------------------------------------------------------------------------------------------------------
  L0      1/0    1,65 KB   0,2      0,0     0,0      0,0       0,0      0,0       0,0   1,0      0,0      0,9      0,00              0,00         1    0,002       0      0
 Sum      1/0    1,65 KB   0,0      0,0     0,0      0,0       0,0      0,0       0,0   1,0      0,0      0,9      0,00              0,00         1    0,002       0      0
 Int      0/0    0,00 KB   0,0      0,0     0,0      0,0       0,0      0,0       0,0   1,0      0,0      0,9      0,00              0,00         1    0,002       0      0

** Compaction Stats [configuration.column.family] **
Priority    Files   Size     Score Read(GB)  Rn(GB) Rnp1(GB) Write(GB) Wnew(GB) Moved(GB) W-Amp Rd(MB/s) Wr(MB/s) Comp(sec) CompMergeCPU(sec) Comp(cnt) Avg(sec) KeyIn KeyDrop
-------------------------------------------------------------------------------------------------------------------------------------------------------------------------------
User      0/0    0,00 KB   0,0      0,0     0,0      0,0       0,0      0,0       0,0   0,0      0,0      0,9      0,00              0,00         1    0,002       0      0
Uptime(secs): 0,0 total, 0,0 interval
Flush(GB): cumulative 0,000, interval 0,000
AddFile(GB): cumulative 0,000, interval 0,000
AddFile(Total Files): cumulative 0, interval 0
AddFile(L0 Files): cumulative 0, interval 0
AddFile(Keys): cumulative 0, interval 0
Cumulative compaction: 0,00 GB write, 0,12 MB/s write, 0,00 GB read, 0,00 MB/s read, 0,0 seconds
Interval compaction: 0,00 GB write, 0,12 MB/s write, 0,00 GB read, 0,00 MB/s read, 0,0 seconds
Stalls(count): 0 level0_slowdown, 0 level0_slowdown_with_compaction, 0 level0_numfiles, 0 level0_numfiles_with_compaction, 0 stop for pending_compaction_bytes, 0 slowdown for pending_compaction_bytes, 0 memtable_compaction, 0 memtable_slowdown, interval 0 total count

** File Read Latency Histogram By Level [configuration.column.family] **

** Compaction Stats [default] **
Level    Files   Size     Score Read(GB)  Rn(GB) Rnp1(GB) Write(GB) Wnew(GB) Moved(GB) W-Amp Rd(MB/s) Wr(MB/s) Comp(sec) CompMergeCPU(sec) Comp(cnt) Avg(sec) KeyIn KeyDrop
----------------------------------------------------------------------------------------------------------------------------------------------------------------------------
  L0      1/0    0,83 KB   0,2      0,0     0,0      0,0       0,0      0,0       0,0   1,0      0,0      0,4      0,00              0,00         1    0,002       0      0
 Sum      1/0    0,83 KB   0,0      0,0     0,0      0,0       0,0      0,0       0,0   1,0      0,0      0,4      0,00              0,00         1    0,002       0      0
 Int      0/0    0,00 KB   0,0      0,0     0,0      0,0       0,0      0,0       0,0   0,0      0,0      0,0      0,00              0,00         0    0,000       0      0

** Compaction Stats [default] **
Priority    Files   Size     Score Read(GB)  Rn(GB) Rnp1(GB) Write(GB) Wnew(GB) Moved(GB) W-Amp Rd(MB/s) Wr(MB/s) Comp(sec) CompMergeCPU(sec) Comp(cnt) Avg(sec) KeyIn KeyDrop
-------------------------------------------------------------------------------------------------------------------------------------------------------------------------------
User      0/0    0,00 KB   0,0      0,0     0,0      0,0       0,0      0,0       0,0   0,0      0,0      0,4      0,00              0,00         1    0,002       0      0
Uptime(secs): 0,0 total, 0,0 interval
Flush(GB): cumulative 0,000, interval 0,000
AddFile(GB): cumulative 0,000, interval 0,000
AddFile(Total Files): cumulative 0, interval 0
AddFile(L0 Files): cumulative 0, interval 0
AddFile(Keys): cumulative 0, interval 0
Cumulative compaction: 0,00 GB write, 0,06 MB/s write, 0,00 GB read, 0,00 MB/s read, 0,0 seconds
Interval compaction: 0,00 GB write, 0,00 MB/s write, 0,00 GB read, 0,00 MB/s read, 0,0 seconds
Stalls(count): 0 level0_slowdown, 0 level0_slowdown_with_compaction, 0 level0_numfiles, 0 level0_numfiles_with_compaction, 0 stop for pending_compaction_bytes, 0 slowdown for pending_compaction_bytes, 0 memtable_compaction, 0 memtable_slowdown, interval 0 total count

** File Read Latency Histogram By Level [default] **

** Compaction Stats [configuration.column.family] **
Level    Files   Size     Score Read(GB)  Rn(GB) Rnp1(GB) Write(GB) Wnew(GB) Moved(GB) W-Amp Rd(MB/s) Wr(MB/s) Comp(sec) CompMergeCPU(sec) Comp(cnt) Avg(sec) KeyIn KeyDrop
----------------------------------------------------------------------------------------------------------------------------------------------------------------------------
  L0      1/0    1,65 KB   0,2      0,0     0,0      0,0       0,0      0,0       0,0   1,0      0,0      0,9      0,00              0,00         1    0,002       0      0
 Sum      1/0    1,65 KB   0,0      0,0     0,0      0,0       0,0      0,0       0,0   1,0      0,0      0,9      0,00              0,00         1    0,002       0      0
 Int      0/0    0,00 KB   0,0      0,0     0,0      0,0       0,0      0,0       0,0   0,0      0,0      0,0      0,00              0,00         0    0,000       0      0

** Compaction Stats [configuration.column.family] **
Priority    Files   Size     Score Read(GB)  Rn(GB) Rnp1(GB) Write(GB) Wnew(GB) Moved(GB) W-Amp Rd(MB/s) Wr(MB/s) Comp(sec) CompMergeCPU(sec) Comp(cnt) Avg(sec) KeyIn KeyDrop
-------------------------------------------------------------------------------------------------------------------------------------------------------------------------------
User      0/0    0,00 KB   0,0      0,0     0,0      0,0       0,0      0,0       0,0   0,0      0,0      0,9      0,00              0,00         1    0,002       0      0
Uptime(secs): 0,0 total, 0,0 interval
Flush(GB): cumulative 0,000, interval 0,000
AddFile(GB): cumulative 0,000, interval 0,000
AddFile(Total Files): cumulative 0, interval 0
AddFile(L0 Files): cumulative 0, interval 0
AddFile(Keys): cumulative 0, interval 0
Cumulative compaction: 0,00 GB write, 0,12 MB/s write, 0,00 GB read, 0,00 MB/s read, 0,0 seconds
Interval compaction: 0,00 GB write, 0,00 MB/s write, 0,00 GB read, 0,00 MB/s read, 0,0 seconds
Stalls(count): 0 level0_slowdown, 0 level0_slowdown_with_compaction, 0 level0_numfiles, 0 level0_numfiles_with_compaction, 0 stop for pending_compaction_bytes, 0 slowdown for pending_compaction_bytes, 0 memtable_compaction, 0 memtable_slowdown, interval 0 total count

** File Read Latency Histogram By Level [configuration.column.family] **

[main] INFO org.apache.nifi.controller.repository.RocksDBFlowFileRepository - Initialized FlowFile Repository at /tmp/junit7725967027081707899/testDoNotRemoveOrphans
[main] INFO org.apache.nifi.controller.repository.RocksDBFlowFileRepository - Finished reading from rocksDB.  Read 1 records from disk
[main] INFO org.apache.nifi.controller.repository.RocksDBFlowFileRepository - Finished deserializing 1 records
[main] INFO org.apache.nifi.controller.repository.RocksDBFlowFileRepository - Successfully restored 1 FlowFiles in 122 milliseconds using 16 threads
[main] INFO org.apache.nifi.rocksdb.RocksDBMetronome - Closing RocksDBMetronome
[main] INFO org.apache.nifi.rocksdb.RocksDBMetronome - Shutting down RocksDBMetronome sync executor
[main] INFO org.apache.nifi.rocksdb.RocksDBMetronome - Pausing RocksDB background work
[main] INFO org.apache.nifi.rocksdb.RocksDBMetronome - Closing RocksDB configurations
[main] INFO org.apache.nifi.rocksdb.RocksDBMetronome - Closing RocksDB database
[main] INFO org.apache.nifi.rocksdb.RocksDBMetronome - [_impl/db_impl.cc:401] Shutdown: canceling all background work
[main] INFO org.apache.nifi.rocksdb.RocksDBMetronome - [_impl/db_impl.cc:582] Shutdown complete
[main] INFO org.apache.nifi.rocksdb.RocksDBMetronome - [rsion_set.cc:4377] Recovering from manifest file: /tmp/junit7725967027081707899/testDoNotRemoveOrphans/MANIFEST-000008

[main] INFO org.apache.nifi.rocksdb.RocksDBMetronome - [lumn_family.cc:550] --------------- Options for column family [default]:

[main] INFO org.apache.nifi.rocksdb.RocksDBMetronome - [lumn_family.cc:550] --------------- Options for column family [configuration.column.family]:

[main] INFO org.apache.nifi.rocksdb.RocksDBMetronome - [rsion_set.cc:4527] Recovered from manifest file:/tmp/junit7725967027081707899/testDoNotRemoveOrphans/MANIFEST-000008 succeeded,manifest_file_number is 8, next_file_number is 10, last_sequence is 20, log_number is 4,prev_log_number is 0,max_column_family is 1,min_log_number_to_keep is 0

[main] INFO org.apache.nifi.rocksdb.RocksDBMetronome - [rsion_set.cc:4536] Column family [default] (ID 0), log number is 4

[main] INFO org.apache.nifi.rocksdb.RocksDBMetronome - [rsion_set.cc:4536] Column family [configuration.column.family] (ID 1), log number is 4

[main] INFO org.apache.nifi.rocksdb.RocksDBMetronome - EVENT_LOG_v1 {"time_micros": 1714609645518286, "job": 1, "event": "recovery_started", "log_files": [9]}
[main] INFO org.apache.nifi.rocksdb.RocksDBMetronome - [_impl/db_impl_open.cc:735] Recovering log #9 mode 2
[main] INFO org.apache.nifi.rocksdb.RocksDBMetronome - EVENT_LOG_v1 {"time_micros": 1714609645520232, "cf_name": "configuration.column.family", "job": 1, "event": "table_file_creation", "file_number": 10, "file_size": 884, "table_properties": {"data_size": 98, "index_size": 47, "index_partitions": 0, "top_level_index_size": 0, "index_key_is_user_key": 0, "index_value_is_delta_encoded": 0, "filter_size": 0, "raw_key_size": 29, "raw_average_key_size": 29, "raw_value_size": 53, "raw_average_value_size": 53, "num_data_blocks": 1, "num_entries": 1, "num_deletions": 0, "num_merge_operands": 0, "num_range_deletions": 0, "format_version": 0, "fixed_key_len": 0, "filter_policy": "", "column_family_name": "configuration.column.family", "column_family_id": 1, "comparator": "leveldb.BytewiseComparator", "merge_operator": "nullptr", "prefix_extractor_name": "nullptr", "property_collectors": "[]", "compression": "LZ4", "compression_options": "window_bits=-14; level=32767; strategy=0; max_dict_bytes=0; zstd_max_train_bytes=0; enabled=0; ", "creation_time": 1714609645, "oldest_key_time": 3, "file_creation_time": 0}}
[main] INFO org.apache.nifi.rocksdb.RocksDBMetronome - [rsion_set.cc:3788] Creating manifest 11

[main] INFO org.apache.nifi.rocksdb.RocksDBMetronome - EVENT_LOG_v1 {"time_micros": 1714609645524613, "job": 1, "event": "recovery_finished"}
[main] INFO org.apache.nifi.rocksdb.RocksDBMetronome - Initialized RocksDB Repository at /tmp/junit7725967027081707899/testDoNotRemoveOrphans
[Thread-16] INFO org.apache.nifi.rocksdb.RocksDBMetronome - [_impl/db_impl.cc:858] ------- DUMPING STATS -------
[Thread-17] INFO org.apache.nifi.rocksdb.RocksDBMetronome - [_impl/db_impl.cc:859] 
** DB Stats **
Uptime(secs): 0,0 total, 0,0 interval
Cumulative writes: 0 writes, 0 keys, 0 commit groups, 0,0 writes per commit group, ingest: 0,00 GB, 0,00 MB/s
Cumulative WAL: 0 writes, 0 syncs, 0,00 writes per sync, written: 0,00 GB, 0,00 MB/s
Cumulative stall: 00:00:0,000 H:M:S, 0,0 percent
Interval writes: 0 writes, 0 keys, 0 commit groups, 0,0 writes per commit group, ingest: 0,00 MB, 0,00 MB/s
Interval WAL: 0 writes, 0 syncs, 0,00 writes per sync, written: 0,00 MB, 0,00 MB/s
Interval stall: 00:00:0,000 H:M:S, 0,0 percent

** Compaction Stats [default] **
Level    Files   Size     Score Read(GB)  Rn(GB) Rnp1(GB) Write(GB) Wnew(GB) Moved(GB) W-Amp Rd(MB/s) Wr(MB/s) Comp(sec) CompMergeCPU(sec) Comp(cnt) Avg(sec) KeyIn KeyDrop
----------------------------------------------------------------------------------------------------------------------------------------------------------------------------
  L0      1/0    0,83 KB   0,2      0,0     0,0      0,0       0,0      0,0       0,0   0,0      0,0      0,0      0,00              0,00         0    0,000       0      0
 Sum      1/0    0,83 KB   0,0      0,0     0,0      0,0       0,0      0,0       0,0   0,0      0,0      0,0      0,00              0,00         0    0,000       0      0
 Int      0/0    0,00 KB   0,0      0,0     0,0      0,0       0,0      0,0       0,0   0,0      0,0      0,0      0,00              0,00         0    0,000       0      0

** Compaction Stats [default] **
Priority    Files   Size     Score Read(GB)  Rn(GB) Rnp1(GB) Write(GB) Wnew(GB) Moved(GB) W-Amp Rd(MB/s) Wr(MB/s) Comp(sec) CompMergeCPU(sec) Comp(cnt) Avg(sec) KeyIn KeyDrop
-------------------------------------------------------------------------------------------------------------------------------------------------------------------------------
Uptime(secs): 0,0 total, 0,0 interval
Flush(GB): cumulative 0,000, interval 0,000
AddFile(GB): cumulative 0,000, interval 0,000
AddFile(Total Files): cumulative 0, interval 0
AddFile(L0 Files): cumulative 0, interval 0
AddFile(Keys): cumulative 0, interval 0
Cumulative compaction: 0,00 GB write, 0,00 MB/s write, 0,00 GB read, 0,00 MB/s read, 0,0 seconds
Interval compaction: 0,00 GB write, 0,00 MB/s write, 0,00 GB read, 0,00 MB/s read, 0,0 seconds
Stalls(count): 0 level0_slowdown, 0 level0_slowdown_with_compaction, 0 level0_numfiles, 0 level0_numfiles_with_compaction, 0 stop for pending_compaction_bytes, 0 slowdown for pending_compaction_bytes, 0 memtable_compaction, 0 memtable_slowdown, interval 0 total count

** File Read Latency Histogram By Level [default] **

** Compaction Stats [configuration.column.family] **
Level    Files   Size     Score Read(GB)  Rn(GB) Rnp1(GB) Write(GB) Wnew(GB) Moved(GB) W-Amp Rd(MB/s) Wr(MB/s) Comp(sec) CompMergeCPU(sec) Comp(cnt) Avg(sec) KeyIn KeyDrop
----------------------------------------------------------------------------------------------------------------------------------------------------------------------------
  L0      2/0    2,51 KB   0,5      0,0     0,0      0,0       0,0      0,0       0,0   1,0      0,0      0,4      0,00              0,00         1    0,002       0      0
 Sum      2/0    2,51 KB   0,0      0,0     0,0      0,0       0,0      0,0       0,0   1,0      0,0      0,4      0,00              0,00         1    0,002       0      0
 Int      0/0    0,00 KB   0,0      0,0     0,0      0,0       0,0      0,0       0,0   1,0      0,0      0,4      0,00              0,00         1    0,002       0      0

** Compaction Stats [configuration.column.family] **
Priority    Files   Size     Score Read(GB)  Rn(GB) Rnp1(GB) Write(GB) Wnew(GB) Moved(GB) W-Amp Rd(MB/s) Wr(MB/s) Comp(sec) CompMergeCPU(sec) Comp(cnt) Avg(sec) KeyIn KeyDrop
-------------------------------------------------------------------------------------------------------------------------------------------------------------------------------
User      0/0    0,00 KB   0,0      0,0     0,0      0,0       0,0      0,0       0,0   0,0      0,0      0,4      0,00              0,00         1    0,002       0      0
Uptime(secs): 0,0 total, 0,0 interval
Flush(GB): cumulative 0,000, interval 0,000
AddFile(GB): cumulative 0,000, interval 0,000
AddFile(Total Files): cumulative 0, interval 0
AddFile(L0 Files): cumulative 0, interval 0
AddFile(Keys): cumulative 0, interval 0
Cumulative compaction: 0,00 GB write, 0,07 MB/s write, 0,00 GB read, 0,00 MB/s read, 0,0 seconds
Interval compaction: 0,00 GB write, 0,07 MB/s write, 0,00 GB read, 0,00 MB/s read, 0,0 seconds
Stalls(count): 0 level0_slowdown, 0 level0_slowdown_with_compaction, 0 level0_numfiles, 0 level0_numfiles_with_compaction, 0 stop for pending_compaction_bytes, 0 slowdown for pending_compaction_bytes, 0 memtable_compaction, 0 memtable_slowdown, interval 0 total count

** File Read Latency Histogram By Level [configuration.column.family] **

** Compaction Stats [default] **
Level    Files   Size     Score Read(GB)  Rn(GB) Rnp1(GB) Write(GB) Wnew(GB) Moved(GB) W-Amp Rd(MB/s) Wr(MB/s) Comp(sec) CompMergeCPU(sec) Comp(cnt) Avg(sec) KeyIn KeyDrop
----------------------------------------------------------------------------------------------------------------------------------------------------------------------------
  L0      1/0    0,83 KB   0,2      0,0     0,0      0,0       0,0      0,0       0,0   0,0      0,0      0,0      0,00              0,00         0    0,000       0      0
 Sum      1/0    0,83 KB   0,0      0,0     0,0      0,0       0,0      0,0       0,0   0,0      0,0      0,0      0,00              0,00         0    0,000       0      0
 Int      0/0    0,00 KB   0,0      0,0     0,0      0,0       0,0      0,0       0,0   0,0      0,0      0,0      0,00              0,00         0    0,000       0      0

** Compaction Stats [default] **
Priority    Files   Size     Score Read(GB)  Rn(GB) Rnp1(GB) Write(GB) Wnew(GB) Moved(GB) W-Amp Rd(MB/s) Wr(MB/s) Comp(sec) CompMergeCPU(sec) Comp(cnt) Avg(sec) KeyIn KeyDrop
-------------------------------------------------------------------------------------------------------------------------------------------------------------------------------
Uptime(secs): 0,0 total, 0,0 interval
Flush(GB): cumulative 0,000, interval 0,000
AddFile(GB): cumulative 0,000, interval 0,000
AddFile(Total Files): cumulative 0, interval 0
AddFile(L0 Files): cumulative 0, interval 0
AddFile(Keys): cumulative 0, interval 0
Cumulative compaction: 0,00 GB write, 0,00 MB/s write, 0,00 GB read, 0,00 MB/s read, 0,0 seconds
Interval compaction: 0,00 GB write, 0,00 MB/s write, 0,00 GB read, 0,00 MB/s read, 0,0 seconds
Stalls(count): 0 level0_slowdown, 0 level0_slowdown_with_compaction, 0 level0_numfiles, 0 level0_numfiles_with_compaction, 0 stop for pending_compaction_bytes, 0 slowdown for pending_compaction_bytes, 0 memtable_compaction, 0 memtable_slowdown, interval 0 total count

** File Read Latency Histogram By Level [default] **

** Compaction Stats [configuration.column.family] **
Level    Files   Size     Score Read(GB)  Rn(GB) Rnp1(GB) Write(GB) Wnew(GB) Moved(GB) W-Amp Rd(MB/s) Wr(MB/s) Comp(sec) CompMergeCPU(sec) Comp(cnt) Avg(sec) KeyIn KeyDrop
----------------------------------------------------------------------------------------------------------------------------------------------------------------------------
  L0      2/0    2,51 KB   0,5      0,0     0,0      0,0       0,0      0,0       0,0   1,0      0,0      0,4      0,00              0,00         1    0,002       0      0
 Sum      2/0    2,51 KB   0,0      0,0     0,0      0,0       0,0      0,0       0,0   1,0      0,0      0,4      0,00              0,00         1    0,002       0      0
 Int      0/0    0,00 KB   0,0      0,0     0,0      0,0       0,0      0,0       0,0   0,0      0,0      0,0      0,00              0,00         0    0,000       0      0

** Compaction Stats [configuration.column.family] **
Priority    Files   Size     Score Read(GB)  Rn(GB) Rnp1(GB) Write(GB) Wnew(GB) Moved(GB) W-Amp Rd(MB/s) Wr(MB/s) Comp(sec) CompMergeCPU(sec) Comp(cnt) Avg(sec) KeyIn KeyDrop
-------------------------------------------------------------------------------------------------------------------------------------------------------------------------------
User      0/0    0,00 KB   0,0      0,0     0,0      0,0       0,0      0,0       0,0   0,0      0,0      0,4      0,00              0,00         1    0,002       0      0
Uptime(secs): 0,0 total, 0,0 interval
Flush(GB): cumulative 0,000, interval 0,000
AddFile(GB): cumulative 0,000, interval 0,000
AddFile(Total Files): cumulative 0, interval 0
AddFile(L0 Files): cumulative 0, interval 0
AddFile(Keys): cumulative 0, interval 0
Cumulative compaction: 0,00 GB write, 0,07 MB/s write, 0,00 GB read, 0,00 MB/s read, 0,0 seconds
Interval compaction: 0,00 GB write, 0,00 MB/s write, 0,00 GB read, 0,00 MB/s read, 0,0 seconds
Stalls(count): 0 level0_slowdown, 0 level0_slowdown_with_compaction, 0 level0_numfiles, 0 level0_numfiles_with_compaction, 0 stop for pending_compaction_bytes, 0 slowdown for pending_compaction_bytes, 0 memtable_compaction, 0 memtable_slowdown, interval 0 total count

** File Read Latency Histogram By Level [configuration.column.family] **

[main] INFO org.apache.nifi.controller.repository.RocksDBFlowFileRepository - Initialized FlowFile Repository at /tmp/junit7725967027081707899/testDoNotRemoveOrphans
[main] INFO org.apache.nifi.controller.repository.RocksDBFlowFileRepository - Finished reading from rocksDB.  Read 1 records from disk
[main] INFO org.apache.nifi.rocksdb.RocksDBMetronome - Closing RocksDBMetronome
[main] INFO org.apache.nifi.rocksdb.RocksDBMetronome - Shutting down RocksDBMetronome sync executor
[main] INFO org.apache.nifi.rocksdb.RocksDBMetronome - Pausing RocksDB background work
[main] INFO org.apache.nifi.rocksdb.RocksDBMetronome - Closing RocksDB configurations
[main] INFO org.apache.nifi.rocksdb.RocksDBMetronome - Closing RocksDB database
[main] INFO org.apache.nifi.rocksdb.RocksDBMetronome - [_impl/db_impl.cc:401] Shutdown: canceling all background work
[main] INFO org.apache.nifi.rocksdb.RocksDBMetronome - [_impl/db_impl.cc:582] Shutdown complete
]]></system-err>
  </testcase>
  <testcase name="testStallStop" classname="org.apache.nifi.controller.repository.TestRocksDBFlowFileRepository" time="0.27">
    <system-err><![CDATA[[main] INFO org.apache.nifi.controller.repository.TestRocksDBFlowFileRepository - Running test: testStallStop
[main] INFO org.apache.nifi.rocksdb.RocksDBMetronome - [_impl/db_impl_open.cc:254] Creating manifest 1 

[main] INFO org.apache.nifi.rocksdb.RocksDBMetronome - [rsion_set.cc:4377] Recovering from manifest file: /tmp/junit3532988160693511542/testStallStop/MANIFEST-000001

[main] INFO org.apache.nifi.rocksdb.RocksDBMetronome - [lumn_family.cc:550] --------------- Options for column family [default]:

[main] INFO org.apache.nifi.rocksdb.RocksDBMetronome - [rsion_set.cc:4527] Recovered from manifest file:/tmp/junit3532988160693511542/testStallStop/MANIFEST-000001 succeeded,manifest_file_number is 1, next_file_number is 3, last_sequence is 0, log_number is 0,prev_log_number is 0,max_column_family is 0,min_log_number_to_keep is 0

[main] INFO org.apache.nifi.rocksdb.RocksDBMetronome - [rsion_set.cc:4536] Column family [default] (ID 0), log number is 0

[main] INFO org.apache.nifi.rocksdb.RocksDBMetronome - [rsion_set.cc:3788] Creating manifest 4

[main] INFO org.apache.nifi.rocksdb.RocksDBMetronome - [lumn_family.cc:550] --------------- Options for column family [configuration.column.family]:

[main] INFO org.apache.nifi.rocksdb.RocksDBMetronome - [_impl/db_impl.cc:2307] Created column family [configuration.column.family] (ID 1)
[main] INFO org.apache.nifi.rocksdb.RocksDBMetronome - Initialized RocksDB Repository at /tmp/junit3532988160693511542/testStallStop
[Thread-18] INFO org.apache.nifi.rocksdb.RocksDBMetronome - [_impl/db_impl.cc:858] ------- DUMPING STATS -------
[Thread-19] INFO org.apache.nifi.rocksdb.RocksDBMetronome - [_impl/db_impl.cc:859] 
** DB Stats **
Uptime(secs): 0,0 total, 0,0 interval
Cumulative writes: 0 writes, 0 keys, 0 commit groups, 0,0 writes per commit group, ingest: 0,00 GB, 0,00 MB/s
Cumulative WAL: 0 writes, 0 syncs, 0,00 writes per sync, written: 0,00 GB, 0,00 MB/s
Cumulative stall: 00:00:0,000 H:M:S, 0,0 percent
Interval writes: 0 writes, 0 keys, 0 commit groups, 0,0 writes per commit group, ingest: 0,00 MB, 0,00 MB/s
Interval WAL: 0 writes, 0 syncs, 0,00 writes per sync, written: 0,00 MB, 0,00 MB/s
Interval stall: 00:00:0,000 H:M:S, 0,0 percent

** Compaction Stats [default] **
Level    Files   Size     Score Read(GB)  Rn(GB) Rnp1(GB) Write(GB) Wnew(GB) Moved(GB) W-Amp Rd(MB/s) Wr(MB/s) Comp(sec) CompMergeCPU(sec) Comp(cnt) Avg(sec) KeyIn KeyDrop
----------------------------------------------------------------------------------------------------------------------------------------------------------------------------
 Sum      0/0    0,00 KB   0,0      0,0     0,0      0,0       0,0      0,0       0,0   0,0      0,0      0,0      0,00              0,00         0    0,000       0      0
 Int      0/0    0,00 KB   0,0      0,0     0,0      0,0       0,0      0,0       0,0   0,0      0,0      0,0      0,00              0,00         0    0,000       0      0

** Compaction Stats [default] **
Priority    Files   Size     Score Read(GB)  Rn(GB) Rnp1(GB) Write(GB) Wnew(GB) Moved(GB) W-Amp Rd(MB/s) Wr(MB/s) Comp(sec) CompMergeCPU(sec) Comp(cnt) Avg(sec) KeyIn KeyDrop
-------------------------------------------------------------------------------------------------------------------------------------------------------------------------------
Uptime(secs): 0,0 total, 0,0 interval
Flush(GB): cumulative 0,000, interval 0,000
AddFile(GB): cumulative 0,000, interval 0,000
AddFile(Total Files): cumulative 0, interval 0
AddFile(L0 Files): cumulative 0, interval 0
AddFile(Keys): cumulative 0, interval 0
Cumulative compaction: 0,00 GB write, 0,00 MB/s write, 0,00 GB read, 0,00 MB/s read, 0,0 seconds
Interval compaction: 0,00 GB write, 0,00 MB/s write, 0,00 GB read, 0,00 MB/s read, 0,0 seconds
Stalls(count): 0 level0_slowdown, 0 level0_slowdown_with_compaction, 0 level0_numfiles, 0 level0_numfiles_with_compaction, 0 stop for pending_compaction_bytes, 0 slowdown for pending_compaction_bytes, 0 memtable_compaction, 0 memtable_slowdown, interval 0 total count

** File Read Latency Histogram By Level [default] **

** Compaction Stats [configuration.column.family] **
Level    Files   Size     Score Read(GB)  Rn(GB) Rnp1(GB) Write(GB) Wnew(GB) Moved(GB) W-Amp Rd(MB/s) Wr(MB/s) Comp(sec) CompMergeCPU(sec) Comp(cnt) Avg(sec) KeyIn KeyDrop
----------------------------------------------------------------------------------------------------------------------------------------------------------------------------
 Sum      0/0    0,00 KB   0,0      0,0     0,0      0,0       0,0      0,0       0,0   0,0      0,0      0,0      0,00              0,00         0    0,000       0      0
 Int      0/0    0,00 KB   0,0      0,0     0,0      0,0       0,0      0,0       0,0   0,0      0,0      0,0      0,00              0,00         0    0,000       0      0

** Compaction Stats [configuration.column.family] **
Priority    Files   Size     Score Read(GB)  Rn(GB) Rnp1(GB) Write(GB) Wnew(GB) Moved(GB) W-Amp Rd(MB/s) Wr(MB/s) Comp(sec) CompMergeCPU(sec) Comp(cnt) Avg(sec) KeyIn KeyDrop
-------------------------------------------------------------------------------------------------------------------------------------------------------------------------------
Uptime(secs): 0,0 total, 0,0 interval
Flush(GB): cumulative 0,000, interval 0,000
AddFile(GB): cumulative 0,000, interval 0,000
AddFile(Total Files): cumulative 0, interval 0
AddFile(L0 Files): cumulative 0, interval 0
AddFile(Keys): cumulative 0, interval 0
Cumulative compaction: 0,00 GB write, 0,00 MB/s write, 0,00 GB read, 0,00 MB/s read, 0,0 seconds
Interval compaction: 0,00 GB write, 0,00 MB/s write, 0,00 GB read, 0,00 MB/s read, 0,0 seconds
Stalls(count): 0 level0_slowdown, 0 level0_slowdown_with_compaction, 0 level0_numfiles, 0 level0_numfiles_with_compaction, 0 stop for pending_compaction_bytes, 0 slowdown for pending_compaction_bytes, 0 memtable_compaction, 0 memtable_slowdown, interval 0 total count

** File Read Latency Histogram By Level [configuration.column.family] **

** Compaction Stats [default] **
Level    Files   Size     Score Read(GB)  Rn(GB) Rnp1(GB) Write(GB) Wnew(GB) Moved(GB) W-Amp Rd(MB/s) Wr(MB/s) Comp(sec) CompMergeCPU(sec) Comp(cnt) Avg(sec) KeyIn KeyDrop
----------------------------------------------------------------------------------------------------------------------------------------------------------------------------
 Sum      0/0    0,00 KB   0,0      0,0     0,0      0,0       0,0      0,0       0,0   0,0      0,0      0,0      0,00              0,00         0    0,000       0      0
 Int      0/0    0,00 KB   0,0      0,0     0,0      0,0       0,0      0,0       0,0   0,0      0,0      0,0      0,00              0,00         0    0,000       0      0

** Compaction Stats [default] **
Priority    Files   Size     Score Read(GB)  Rn(GB) Rnp1(GB) Write(GB) Wnew(GB) Moved(GB) W-Amp Rd(MB/s) Wr(MB/s) Comp(sec) CompMergeCPU(sec) Comp(cnt) Avg(sec) KeyIn KeyDrop
-------------------------------------------------------------------------------------------------------------------------------------------------------------------------------
Uptime(secs): 0,0 total, 0,0 interval
Flush(GB): cumulative 0,000, interval 0,000
AddFile(GB): cumulative 0,000, interval 0,000
AddFile(Total Files): cumulative 0, interval 0
AddFile(L0 Files): cumulative 0, interval 0
AddFile(Keys): cumulative 0, interval 0
Cumulative compaction: 0,00 GB write, 0,00 MB/s write, 0,00 GB read, 0,00 MB/s read, 0,0 seconds
Interval compaction: 0,00 GB write, 0,00 MB/s write, 0,00 GB read, 0,00 MB/s read, 0,0 seconds
Stalls(count): 0 level0_slowdown, 0 level0_slowdown_with_compaction, 0 level0_numfiles, 0 level0_numfiles_with_compaction, 0 stop for pending_compaction_bytes, 0 slowdown for pending_compaction_bytes, 0 memtable_compaction, 0 memtable_slowdown, interval 0 total count

** File Read Latency Histogram By Level [default] **

** Compaction Stats [configuration.column.family] **
Level    Files   Size     Score Read(GB)  Rn(GB) Rnp1(GB) Write(GB) Wnew(GB) Moved(GB) W-Amp Rd(MB/s) Wr(MB/s) Comp(sec) CompMergeCPU(sec) Comp(cnt) Avg(sec) KeyIn KeyDrop
----------------------------------------------------------------------------------------------------------------------------------------------------------------------------
 Sum      0/0    0,00 KB   0,0      0,0     0,0      0,0       0,0      0,0       0,0   0,0      0,0      0,0      0,00              0,00         0    0,000       0      0
 Int      0/0    0,00 KB   0,0      0,0     0,0      0,0       0,0      0,0       0,0   0,0      0,0      0,0      0,00              0,00         0    0,000       0      0

** Compaction Stats [configuration.column.family] **
Priority    Files   Size     Score Read(GB)  Rn(GB) Rnp1(GB) Write(GB) Wnew(GB) Moved(GB) W-Amp Rd(MB/s) Wr(MB/s) Comp(sec) CompMergeCPU(sec) Comp(cnt) Avg(sec) KeyIn KeyDrop
-------------------------------------------------------------------------------------------------------------------------------------------------------------------------------
Uptime(secs): 0,0 total, 0,0 interval
Flush(GB): cumulative 0,000, interval 0,000
AddFile(GB): cumulative 0,000, interval 0,000
AddFile(Total Files): cumulative 0, interval 0
AddFile(L0 Files): cumulative 0, interval 0
AddFile(Keys): cumulative 0, interval 0
Cumulative compaction: 0,00 GB write, 0,00 MB/s write, 0,00 GB read, 0,00 MB/s read, 0,0 seconds
Interval compaction: 0,00 GB write, 0,00 MB/s write, 0,00 GB read, 0,00 MB/s read, 0,0 seconds
Stalls(count): 0 level0_slowdown, 0 level0_slowdown_with_compaction, 0 level0_numfiles, 0 level0_numfiles_with_compaction, 0 stop for pending_compaction_bytes, 0 slowdown for pending_compaction_bytes, 0 memtable_compaction, 0 memtable_slowdown, interval 0 total count

** File Read Latency Histogram By Level [configuration.column.family] **

[main] INFO org.apache.nifi.controller.repository.RocksDBFlowFileRepository - Initialized FlowFile Repository at /tmp/junit3532988160693511542/testStallStop
[main] INFO org.apache.nifi.controller.repository.RocksDBFlowFileRepository - Finished reading from rocksDB.  Read 0 records from disk
[main] INFO org.apache.nifi.controller.repository.RocksDBFlowFileRepository - Finished deserializing 0 records
[main] INFO org.apache.nifi.controller.repository.RocksDBFlowFileRepository - Successfully restored 0 FlowFiles in 123 milliseconds using 16 threads
[main] WARN org.apache.nifi.controller.repository.RocksDBFlowFileRepository - Stalling new FlowFiles because FlowFile count stall threshold (2) has been exceeded.  Current count: 2
[main] WARN org.apache.nifi.controller.repository.RocksDBFlowFileRepository - Halting new FlowFiles because maximum FlowFile count (3) has been exceeded.  Current count: 3
[main] WARN org.apache.nifi.controller.repository.RocksDBFlowFileRepository - Halting new FlowFiles because maximum FlowFile count (3) has been exceeded.  Current count: 3
[main] WARN org.apache.nifi.controller.repository.RocksDBFlowFileRepository - Stalling new FlowFiles because FlowFile count stall threshold (2) has been exceeded.  Current count: 2
[main] INFO org.apache.nifi.controller.repository.RocksDBFlowFileRepository - Resuming acceptance of new FlowFiles
[main] INFO org.apache.nifi.rocksdb.RocksDBMetronome - Closing RocksDBMetronome
[main] INFO org.apache.nifi.rocksdb.RocksDBMetronome - Shutting down RocksDBMetronome sync executor
[main] INFO org.apache.nifi.rocksdb.RocksDBMetronome - Pausing RocksDB background work
[main] INFO org.apache.nifi.rocksdb.RocksDBMetronome - Closing RocksDB configurations
[main] INFO org.apache.nifi.rocksdb.RocksDBMetronome - Closing RocksDB database
[main] INFO org.apache.nifi.rocksdb.RocksDBMetronome - [_impl/db_impl.cc:401] Shutdown: canceling all background work
[main] INFO org.apache.nifi.rocksdb.RocksDBMetronome - [_impl/db_impl.cc:582] Shutdown complete
]]></system-err>
  </testcase>
  <testcase name="testSwapLocationsRestored" classname="org.apache.nifi.controller.repository.TestRocksDBFlowFileRepository" time="0.311">
    <system-err><![CDATA[[main] INFO org.apache.nifi.controller.repository.TestRocksDBFlowFileRepository - Running test: testSwapLocationsRestored
[main] INFO org.apache.nifi.rocksdb.RocksDBMetronome - [_impl/db_impl_open.cc:254] Creating manifest 1 

[main] INFO org.apache.nifi.rocksdb.RocksDBMetronome - [rsion_set.cc:4377] Recovering from manifest file: /tmp/junit4438755350434144555/testSwapLocationsRestored/MANIFEST-000001

[main] INFO org.apache.nifi.rocksdb.RocksDBMetronome - [lumn_family.cc:550] --------------- Options for column family [default]:

[main] INFO org.apache.nifi.rocksdb.RocksDBMetronome - [rsion_set.cc:4527] Recovered from manifest file:/tmp/junit4438755350434144555/testSwapLocationsRestored/MANIFEST-000001 succeeded,manifest_file_number is 1, next_file_number is 3, last_sequence is 0, log_number is 0,prev_log_number is 0,max_column_family is 0,min_log_number_to_keep is 0

[main] INFO org.apache.nifi.rocksdb.RocksDBMetronome - [rsion_set.cc:4536] Column family [default] (ID 0), log number is 0

[main] INFO org.apache.nifi.rocksdb.RocksDBMetronome - [rsion_set.cc:3788] Creating manifest 4

[main] INFO org.apache.nifi.rocksdb.RocksDBMetronome - [lumn_family.cc:550] --------------- Options for column family [configuration.column.family]:

[main] INFO org.apache.nifi.rocksdb.RocksDBMetronome - [_impl/db_impl.cc:2307] Created column family [configuration.column.family] (ID 1)
[main] INFO org.apache.nifi.rocksdb.RocksDBMetronome - Initialized RocksDB Repository at /tmp/junit4438755350434144555/testSwapLocationsRestored
[Thread-20] INFO org.apache.nifi.rocksdb.RocksDBMetronome - [_impl/db_impl.cc:858] ------- DUMPING STATS -------
[Thread-21] INFO org.apache.nifi.rocksdb.RocksDBMetronome - [_impl/db_impl.cc:859] 
** DB Stats **
Uptime(secs): 0,0 total, 0,0 interval
Cumulative writes: 0 writes, 0 keys, 0 commit groups, 0,0 writes per commit group, ingest: 0,00 GB, 0,00 MB/s
Cumulative WAL: 0 writes, 0 syncs, 0,00 writes per sync, written: 0,00 GB, 0,00 MB/s
Cumulative stall: 00:00:0,000 H:M:S, 0,0 percent
Interval writes: 0 writes, 0 keys, 0 commit groups, 0,0 writes per commit group, ingest: 0,00 MB, 0,00 MB/s
Interval WAL: 0 writes, 0 syncs, 0,00 writes per sync, written: 0,00 MB, 0,00 MB/s
Interval stall: 00:00:0,000 H:M:S, 0,0 percent

** Compaction Stats [default] **
Level    Files   Size     Score Read(GB)  Rn(GB) Rnp1(GB) Write(GB) Wnew(GB) Moved(GB) W-Amp Rd(MB/s) Wr(MB/s) Comp(sec) CompMergeCPU(sec) Comp(cnt) Avg(sec) KeyIn KeyDrop
----------------------------------------------------------------------------------------------------------------------------------------------------------------------------
 Sum      0/0    0,00 KB   0,0      0,0     0,0      0,0       0,0      0,0       0,0   0,0      0,0      0,0      0,00              0,00         0    0,000       0      0
 Int      0/0    0,00 KB   0,0      0,0     0,0      0,0       0,0      0,0       0,0   0,0      0,0      0,0      0,00              0,00         0    0,000       0      0

** Compaction Stats [default] **
Priority    Files   Size     Score Read(GB)  Rn(GB) Rnp1(GB) Write(GB) Wnew(GB) Moved(GB) W-Amp Rd(MB/s) Wr(MB/s) Comp(sec) CompMergeCPU(sec) Comp(cnt) Avg(sec) KeyIn KeyDrop
-------------------------------------------------------------------------------------------------------------------------------------------------------------------------------
Uptime(secs): 0,0 total, 0,0 interval
Flush(GB): cumulative 0,000, interval 0,000
AddFile(GB): cumulative 0,000, interval 0,000
AddFile(Total Files): cumulative 0, interval 0
AddFile(L0 Files): cumulative 0, interval 0
AddFile(Keys): cumulative 0, interval 0
Cumulative compaction: 0,00 GB write, 0,00 MB/s write, 0,00 GB read, 0,00 MB/s read, 0,0 seconds
Interval compaction: 0,00 GB write, 0,00 MB/s write, 0,00 GB read, 0,00 MB/s read, 0,0 seconds
Stalls(count): 0 level0_slowdown, 0 level0_slowdown_with_compaction, 0 level0_numfiles, 0 level0_numfiles_with_compaction, 0 stop for pending_compaction_bytes, 0 slowdown for pending_compaction_bytes, 0 memtable_compaction, 0 memtable_slowdown, interval 0 total count

** File Read Latency Histogram By Level [default] **

** Compaction Stats [configuration.column.family] **
Level    Files   Size     Score Read(GB)  Rn(GB) Rnp1(GB) Write(GB) Wnew(GB) Moved(GB) W-Amp Rd(MB/s) Wr(MB/s) Comp(sec) CompMergeCPU(sec) Comp(cnt) Avg(sec) KeyIn KeyDrop
----------------------------------------------------------------------------------------------------------------------------------------------------------------------------
 Sum      0/0    0,00 KB   0,0      0,0     0,0      0,0       0,0      0,0       0,0   0,0      0,0      0,0      0,00              0,00         0    0,000       0      0
 Int      0/0    0,00 KB   0,0      0,0     0,0      0,0       0,0      0,0       0,0   0,0      0,0      0,0      0,00              0,00         0    0,000       0      0

** Compaction Stats [configuration.column.family] **
Priority    Files   Size     Score Read(GB)  Rn(GB) Rnp1(GB) Write(GB) Wnew(GB) Moved(GB) W-Amp Rd(MB/s) Wr(MB/s) Comp(sec) CompMergeCPU(sec) Comp(cnt) Avg(sec) KeyIn KeyDrop
-------------------------------------------------------------------------------------------------------------------------------------------------------------------------------
Uptime(secs): 0,0 total, 0,0 interval
Flush(GB): cumulative 0,000, interval 0,000
AddFile(GB): cumulative 0,000, interval 0,000
AddFile(Total Files): cumulative 0, interval 0
AddFile(L0 Files): cumulative 0, interval 0
AddFile(Keys): cumulative 0, interval 0
Cumulative compaction: 0,00 GB write, 0,00 MB/s write, 0,00 GB read, 0,00 MB/s read, 0,0 seconds
Interval compaction: 0,00 GB write, 0,00 MB/s write, 0,00 GB read, 0,00 MB/s read, 0,0 seconds
Stalls(count): 0 level0_slowdown, 0 level0_slowdown_with_compaction, 0 level0_numfiles, 0 level0_numfiles_with_compaction, 0 stop for pending_compaction_bytes, 0 slowdown for pending_compaction_bytes, 0 memtable_compaction, 0 memtable_slowdown, interval 0 total count

** File Read Latency Histogram By Level [configuration.column.family] **

** Compaction Stats [default] **
Level    Files   Size     Score Read(GB)  Rn(GB) Rnp1(GB) Write(GB) Wnew(GB) Moved(GB) W-Amp Rd(MB/s) Wr(MB/s) Comp(sec) CompMergeCPU(sec) Comp(cnt) Avg(sec) KeyIn KeyDrop
----------------------------------------------------------------------------------------------------------------------------------------------------------------------------
 Sum      0/0    0,00 KB   0,0      0,0     0,0      0,0       0,0      0,0       0,0   0,0      0,0      0,0      0,00              0,00         0    0,000       0      0
 Int      0/0    0,00 KB   0,0      0,0     0,0      0,0       0,0      0,0       0,0   0,0      0,0      0,0      0,00              0,00         0    0,000       0      0

** Compaction Stats [default] **
Priority    Files   Size     Score Read(GB)  Rn(GB) Rnp1(GB) Write(GB) Wnew(GB) Moved(GB) W-Amp Rd(MB/s) Wr(MB/s) Comp(sec) CompMergeCPU(sec) Comp(cnt) Avg(sec) KeyIn KeyDrop
-------------------------------------------------------------------------------------------------------------------------------------------------------------------------------
Uptime(secs): 0,0 total, 0,0 interval
Flush(GB): cumulative 0,000, interval 0,000
AddFile(GB): cumulative 0,000, interval 0,000
AddFile(Total Files): cumulative 0, interval 0
AddFile(L0 Files): cumulative 0, interval 0
AddFile(Keys): cumulative 0, interval 0
Cumulative compaction: 0,00 GB write, 0,00 MB/s write, 0,00 GB read, 0,00 MB/s read, 0,0 seconds
Interval compaction: 0,00 GB write, 0,00 MB/s write, 0,00 GB read, 0,00 MB/s read, 0,0 seconds
Stalls(count): 0 level0_slowdown, 0 level0_slowdown_with_compaction, 0 level0_numfiles, 0 level0_numfiles_with_compaction, 0 stop for pending_compaction_bytes, 0 slowdown for pending_compaction_bytes, 0 memtable_compaction, 0 memtable_slowdown, interval 0 total count

** File Read Latency Histogram By Level [default] **

** Compaction Stats [configuration.column.family] **
Level    Files   Size     Score Read(GB)  Rn(GB) Rnp1(GB) Write(GB) Wnew(GB) Moved(GB) W-Amp Rd(MB/s) Wr(MB/s) Comp(sec) CompMergeCPU(sec) Comp(cnt) Avg(sec) KeyIn KeyDrop
----------------------------------------------------------------------------------------------------------------------------------------------------------------------------
 Sum      0/0    0,00 KB   0,0      0,0     0,0      0,0       0,0      0,0       0,0   0,0      0,0      0,0      0,00              0,00         0    0,000       0      0
 Int      0/0    0,00 KB   0,0      0,0     0,0      0,0       0,0      0,0       0,0   0,0      0,0      0,0      0,00              0,00         0    0,000       0      0

** Compaction Stats [configuration.column.family] **
Priority    Files   Size     Score Read(GB)  Rn(GB) Rnp1(GB) Write(GB) Wnew(GB) Moved(GB) W-Amp Rd(MB/s) Wr(MB/s) Comp(sec) CompMergeCPU(sec) Comp(cnt) Avg(sec) KeyIn KeyDrop
-------------------------------------------------------------------------------------------------------------------------------------------------------------------------------
Uptime(secs): 0,0 total, 0,0 interval
Flush(GB): cumulative 0,000, interval 0,000
AddFile(GB): cumulative 0,000, interval 0,000
AddFile(Total Files): cumulative 0, interval 0
AddFile(L0 Files): cumulative 0, interval 0
AddFile(Keys): cumulative 0, interval 0
Cumulative compaction: 0,00 GB write, 0,00 MB/s write, 0,00 GB read, 0,00 MB/s read, 0,0 seconds
Interval compaction: 0,00 GB write, 0,00 MB/s write, 0,00 GB read, 0,00 MB/s read, 0,0 seconds
Stalls(count): 0 level0_slowdown, 0 level0_slowdown_with_compaction, 0 level0_numfiles, 0 level0_numfiles_with_compaction, 0 stop for pending_compaction_bytes, 0 slowdown for pending_compaction_bytes, 0 memtable_compaction, 0 memtable_slowdown, interval 0 total count

** File Read Latency Histogram By Level [configuration.column.family] **

[main] INFO org.apache.nifi.controller.repository.RocksDBFlowFileRepository - Initialized FlowFile Repository at /tmp/junit4438755350434144555/testSwapLocationsRestored
[main] INFO org.apache.nifi.controller.repository.RocksDBFlowFileRepository - Finished reading from rocksDB.  Read 0 records from disk
[main] INFO org.apache.nifi.controller.repository.RocksDBFlowFileRepository - Finished deserializing 0 records
[main] INFO org.apache.nifi.controller.repository.RocksDBFlowFileRepository - Successfully restored 0 FlowFiles in 127 milliseconds using 16 threads
[main] INFO org.apache.nifi.rocksdb.RocksDBMetronome - Closing RocksDBMetronome
[main] INFO org.apache.nifi.rocksdb.RocksDBMetronome - Shutting down RocksDBMetronome sync executor
[main] INFO org.apache.nifi.rocksdb.RocksDBMetronome - Pausing RocksDB background work
[main] INFO org.apache.nifi.rocksdb.RocksDBMetronome - Closing RocksDB configurations
[main] INFO org.apache.nifi.rocksdb.RocksDBMetronome - Closing RocksDB database
[main] INFO org.apache.nifi.rocksdb.RocksDBMetronome - [_impl/db_impl.cc:401] Shutdown: canceling all background work
[main] INFO org.apache.nifi.rocksdb.RocksDBMetronome - [_impl/db_impl.cc:582] Shutdown complete
[main] INFO org.apache.nifi.rocksdb.RocksDBMetronome - [rsion_set.cc:4377] Recovering from manifest file: /tmp/junit4438755350434144555/testSwapLocationsRestored/MANIFEST-000004

[main] INFO org.apache.nifi.rocksdb.RocksDBMetronome - [lumn_family.cc:550] --------------- Options for column family [default]:

[main] INFO org.apache.nifi.rocksdb.RocksDBMetronome - [lumn_family.cc:550] --------------- Options for column family [configuration.column.family]:

[main] INFO org.apache.nifi.rocksdb.RocksDBMetronome - [rsion_set.cc:4527] Recovered from manifest file:/tmp/junit4438755350434144555/testSwapLocationsRestored/MANIFEST-000004 succeeded,manifest_file_number is 4, next_file_number is 6, last_sequence is 0, log_number is 3,prev_log_number is 0,max_column_family is 1,min_log_number_to_keep is 0

[main] INFO org.apache.nifi.rocksdb.RocksDBMetronome - [rsion_set.cc:4536] Column family [default] (ID 0), log number is 0

[main] INFO org.apache.nifi.rocksdb.RocksDBMetronome - [rsion_set.cc:4536] Column family [configuration.column.family] (ID 1), log number is 3

[main] INFO org.apache.nifi.rocksdb.RocksDBMetronome - EVENT_LOG_v1 {"time_micros": 1714609646096696, "job": 1, "event": "recovery_started", "log_files": [3]}
[main] INFO org.apache.nifi.rocksdb.RocksDBMetronome - [_impl/db_impl_open.cc:735] Recovering log #3 mode 2
[main] INFO org.apache.nifi.rocksdb.RocksDBMetronome - EVENT_LOG_v1 {"time_micros": 1714609646098697, "cf_name": "default", "job": 1, "event": "table_file_creation", "file_number": 6, "file_size": 774, "table_properties": {"data_size": 26, "index_size": 34, "index_partitions": 0, "top_level_index_size": 0, "index_key_is_user_key": 0, "index_value_is_delta_encoded": 0, "filter_size": 0, "raw_key_size": 16, "raw_average_key_size": 16, "raw_value_size": 0, "raw_average_value_size": 0, "num_data_blocks": 1, "num_entries": 1, "num_deletions": 1, "num_merge_operands": 0, "num_range_deletions": 0, "format_version": 0, "fixed_key_len": 0, "filter_policy": "", "column_family_name": "default", "column_family_id": 0, "comparator": "leveldb.BytewiseComparator", "merge_operator": "nullptr", "prefix_extractor_name": "nullptr", "property_collectors": "[]", "compression": "LZ4", "compression_options": "window_bits=-14; level=32767; strategy=0; max_dict_bytes=0; zstd_max_train_bytes=0; enabled=0; ", "creation_time": 1714609646, "oldest_key_time": 3, "file_creation_time": 0}}
[main] INFO org.apache.nifi.rocksdb.RocksDBMetronome - EVENT_LOG_v1 {"time_micros": 1714609646100124, "cf_name": "configuration.column.family", "job": 1, "event": "table_file_creation", "file_number": 7, "file_size": 1700, "table_properties": {"data_size": 891, "index_size": 68, "index_partitions": 0, "top_level_index_size": 0, "index_key_is_user_key": 0, "index_value_is_delta_encoded": 0, "filter_size": 0, "raw_key_size": 99, "raw_average_key_size": 24, "raw_value_size": 7339, "raw_average_value_size": 1834, "num_data_blocks": 2, "num_entries": 4, "num_deletions": 0, "num_merge_operands": 0, "num_range_deletions": 0, "format_version": 0, "fixed_key_len": 0, "filter_policy": "", "column_family_name": "configuration.column.family", "column_family_id": 1, "comparator": "leveldb.BytewiseComparator", "merge_operator": "nullptr", "prefix_extractor_name": "nullptr", "property_collectors": "[]", "compression": "LZ4", "compression_options": "window_bits=-14; level=32767; strategy=0; max_dict_bytes=0; zstd_max_train_bytes=0; enabled=0; ", "creation_time": 1714609646, "oldest_key_time": 3, "file_creation_time": 0}}
[main] INFO org.apache.nifi.rocksdb.RocksDBMetronome - [rsion_set.cc:3788] Creating manifest 8

[main] INFO org.apache.nifi.rocksdb.RocksDBMetronome - EVENT_LOG_v1 {"time_micros": 1714609646104189, "job": 1, "event": "recovery_finished"}
[main] INFO org.apache.nifi.rocksdb.RocksDBMetronome - Initialized RocksDB Repository at /tmp/junit4438755350434144555/testSwapLocationsRestored
[Thread-22] INFO org.apache.nifi.rocksdb.RocksDBMetronome - [_impl/db_impl.cc:858] ------- DUMPING STATS -------
[main] INFO org.apache.nifi.controller.repository.RocksDBFlowFileRepository - Initialized FlowFile Repository at /tmp/junit4438755350434144555/testSwapLocationsRestored
[Thread-23] INFO org.apache.nifi.rocksdb.RocksDBMetronome - [_impl/db_impl.cc:859] 
** DB Stats **
Uptime(secs): 0,0 total, 0,0 interval
Cumulative writes: 0 writes, 0 keys, 0 commit groups, 0,0 writes per commit group, ingest: 0,00 GB, 0,00 MB/s
Cumulative WAL: 0 writes, 0 syncs, 0,00 writes per sync, written: 0,00 GB, 0,00 MB/s
Cumulative stall: 00:00:0,000 H:M:S, 0,0 percent
Interval writes: 0 writes, 0 keys, 0 commit groups, 0,0 writes per commit group, ingest: 0,00 MB, 0,00 MB/s
Interval WAL: 0 writes, 0 syncs, 0,00 writes per sync, written: 0,00 MB, 0,00 MB/s
Interval stall: 00:00:0,000 H:M:S, 0,0 percent

** Compaction Stats [default] **
Level    Files   Size     Score Read(GB)  Rn(GB) Rnp1(GB) Write(GB) Wnew(GB) Moved(GB) W-Amp Rd(MB/s) Wr(MB/s) Comp(sec) CompMergeCPU(sec) Comp(cnt) Avg(sec) KeyIn KeyDrop
----------------------------------------------------------------------------------------------------------------------------------------------------------------------------
  L0      1/0    0,76 KB   0,2      0,0     0,0      0,0       0,0      0,0       0,0   1,0      0,0      0,4      0,00              0,00         1    0,002       0      0
 Sum      1/0    0,76 KB   0,0      0,0     0,0      0,0       0,0      0,0       0,0   1,0      0,0      0,4      0,00              0,00         1    0,002       0      0
 Int      0/0    0,00 KB   0,0      0,0     0,0      0,0       0,0      0,0       0,0   1,0      0,0      0,4      0,00              0,00         1    0,002       0      0

** Compaction Stats [default] **
Priority    Files   Size     Score Read(GB)  Rn(GB) Rnp1(GB) Write(GB) Wnew(GB) Moved(GB) W-Amp Rd(MB/s) Wr(MB/s) Comp(sec) CompMergeCPU(sec) Comp(cnt) Avg(sec) KeyIn KeyDrop
-------------------------------------------------------------------------------------------------------------------------------------------------------------------------------
User      0/0    0,00 KB   0,0      0,0     0,0      0,0       0,0      0,0       0,0   0,0      0,0      0,4      0,00              0,00         1    0,002       0      0
Uptime(secs): 0,0 total, 0,0 interval
Flush(GB): cumulative 0,000, interval 0,000
AddFile(GB): cumulative 0,000, interval 0,000
AddFile(Total Files): cumulative 0, interval 0
AddFile(L0 Files): cumulative 0, interval 0
AddFile(Keys): cumulative 0, interval 0
Cumulative compaction: 0,00 GB write, 0,06 MB/s write, 0,00 GB read, 0,00 MB/s read, 0,0 seconds
Interval compaction: 0,00 GB write, 0,06 MB/s write, 0,00 GB read, 0,00 MB/s read, 0,0 seconds
Stalls(count): 0 level0_slowdown, 0 level0_slowdown_with_compaction, 0 level0_numfiles, 0 level0_numfiles_with_compaction, 0 stop for pending_compaction_bytes, 0 slowdown for pending_compaction_bytes, 0 memtable_compaction, 0 memtable_slowdown, interval 0 total count

** File Read Latency Histogram By Level [default] **

** Compaction Stats [configuration.column.family] **
Level    Files   Size     Score Read(GB)  Rn(GB) Rnp1(GB) Write(GB) Wnew(GB) Moved(GB) W-Amp Rd(MB/s) Wr(MB/s) Comp(sec) CompMergeCPU(sec) Comp(cnt) Avg(sec) KeyIn KeyDrop
----------------------------------------------------------------------------------------------------------------------------------------------------------------------------
  L0      1/0    1,66 KB   0,2      0,0     0,0      0,0       0,0      0,0       0,0   1,0      0,0      1,2      0,00              0,00         1    0,001       0      0
 Sum      1/0    1,66 KB   0,0      0,0     0,0      0,0       0,0      0,0       0,0   1,0      0,0      1,2      0,00              0,00         1    0,001       0      0
 Int      0/0    0,00 KB   0,0      0,0     0,0      0,0       0,0      0,0       0,0   1,0      0,0      1,2      0,00              0,00         1    0,001       0      0

** Compaction Stats [configuration.column.family] **
Priority    Files   Size     Score Read(GB)  Rn(GB) Rnp1(GB) Write(GB) Wnew(GB) Moved(GB) W-Amp Rd(MB/s) Wr(MB/s) Comp(sec) CompMergeCPU(sec) Comp(cnt) Avg(sec) KeyIn KeyDrop
-------------------------------------------------------------------------------------------------------------------------------------------------------------------------------
User      0/0    0,00 KB   0,0      0,0     0,0      0,0       0,0      0,0       0,0   0,0      0,0      1,2      0,00              0,00         1    0,001       0      0
Uptime(secs): 0,0 total, 0,0 interval
Flush(GB): cumulative 0,000, interval 0,000
AddFile(GB): cumulative 0,000, interval 0,000
AddFile(Total Files): cumulative 0, interval 0
AddFile(L0 Files): cumulative 0, interval 0
AddFile(Keys): cumulative 0, interval 0
Cumulative compaction: 0,00 GB write, 0,13 MB/s write, 0,00 GB read, 0,00 MB/s read, 0,0 seconds
Interval compaction: 0,00 GB write, 0,13 MB/s write, 0,00 GB read, 0,00 MB/s read, 0,0 seconds
Stalls(count): 0 level0_slowdown, 0 level0_slowdown_with_compaction, 0 level0_numfiles, 0 level0_numfiles_with_compaction, 0 stop for pending_compaction_bytes, 0 slowdown for pending_compaction_bytes, 0 memtable_compaction, 0 memtable_slowdown, interval 0 total count

** File Read Latency Histogram By Level [configuration.column.family] **

** Compaction Stats [default] **
Level    Files   Size     Score Read(GB)  Rn(GB) Rnp1(GB) Write(GB) Wnew(GB) Moved(GB) W-Amp Rd(MB/s) Wr(MB/s) Comp(sec) CompMergeCPU(sec) Comp(cnt) Avg(sec) KeyIn KeyDrop
----------------------------------------------------------------------------------------------------------------------------------------------------------------------------
  L0      1/0    0,76 KB   0,2      0,0     0,0      0,0       0,0      0,0       0,0   1,0      0,0      0,4      0,00              0,00         1    0,002       0      0
 Sum      1/0    0,76 KB   0,0      0,0     0,0      0,0       0,0      0,0       0,0   1,0      0,0      0,4      0,00              0,00         1    0,002       0      0
 Int      0/0    0,00 KB   0,0      0,0     0,0      0,0       0,0      0,0       0,0   0,0      0,0      0,0      0,00              0,00         0    0,000       0      0

** Compaction Stats [default] **
Priority    Files   Size     Score Read(GB)  Rn(GB) Rnp1(GB) Write(GB) Wnew(GB) Moved(GB) W-Amp Rd(MB/s) Wr(MB/s) Comp(sec) CompMergeCPU(sec) Comp(cnt) Avg(sec) KeyIn KeyDrop
-------------------------------------------------------------------------------------------------------------------------------------------------------------------------------
User      0/0    0,00 KB   0,0      0,0     0,0      0,0       0,0      0,0       0,0   0,0      0,0      0,4      0,00              0,00         1    0,002       0      0
Uptime(secs): 0,0 total, 0,0 interval
Flush(GB): cumulative 0,000, interval 0,000
AddFile(GB): cumulative 0,000, interval 0,000
AddFile(Total Files): cumulative 0, interval 0
AddFile(L0 Files): cumulative 0, interval 0
AddFile(Keys): cumulative 0, interval 0
Cumulative compaction: 0,00 GB write, 0,06 MB/s write, 0,00 GB read, 0,00 MB/s read, 0,0 seconds
Interval compaction: 0,00 GB write, 0,00 MB/s write, 0,00 GB read, 0,00 MB/s read, 0,0 seconds
Stalls(count): 0 level0_slowdown, 0 level0_slowdown_with_compaction, 0 level0_numfiles, 0 level0_numfiles_with_compaction, 0 stop for pending_compaction_bytes, 0 slowdown for pending_compaction_bytes, 0 memtable_compaction, 0 memtable_slowdown, interval 0 total count

** File Read Latency Histogram By Level [default] **

** Compaction Stats [configuration.column.family] **
Level    Files   Size     Score Read(GB)  Rn(GB) Rnp1(GB) Write(GB) Wnew(GB) Moved(GB) W-Amp Rd(MB/s) Wr(MB/s) Comp(sec) CompMergeCPU(sec) Comp(cnt) Avg(sec) KeyIn KeyDrop
----------------------------------------------------------------------------------------------------------------------------------------------------------------------------
  L0      1/0    1,66 KB   0,2      0,0     0,0      0,0       0,0      0,0       0,0   1,0      0,0      1,2      0,00              0,00         1    0,001       0      0
 Sum      1/0    1,66 KB   0,0      0,0     0,0      0,0       0,0      0,0       0,0   1,0      0,0      1,2      0,00              0,00         1    0,001       0      0
 Int      0/0    0,00 KB   0,0      0,0     0,0      0,0       0,0      0,0       0,0   0,0      0,0      0,0      0,00              0,00         0    0,000       0      0

** Compaction Stats [configuration.column.family] **
Priority    Files   Size     Score Read(GB)  Rn(GB) Rnp1(GB) Write(GB) Wnew(GB) Moved(GB) W-Amp Rd(MB/s) Wr(MB/s) Comp(sec) CompMergeCPU(sec) Comp(cnt) Avg(sec) KeyIn KeyDrop
-------------------------------------------------------------------------------------------------------------------------------------------------------------------------------
User      0/0    0,00 KB   0,0      0,0     0,0      0,0       0,0      0,0       0,0   0,0      0,0      1,2      0,00              0,00         1    0,001       0      0
Uptime(secs): 0,0 total, 0,0 interval
Flush(GB): cumulative 0,000, interval 0,000
AddFile(GB): cumulative 0,000, interval 0,000
AddFile(Total Files): cumulative 0, interval 0
AddFile(L0 Files): cumulative 0, interval 0
AddFile(Keys): cumulative 0, interval 0
Cumulative compaction: 0,00 GB write, 0,13 MB/s write, 0,00 GB read, 0,00 MB/s read, 0,0 seconds
Interval compaction: 0,00 GB write, 0,00 MB/s write, 0,00 GB read, 0,00 MB/s read, 0,0 seconds
Stalls(count): 0 level0_slowdown, 0 level0_slowdown_with_compaction, 0 level0_numfiles, 0 level0_numfiles_with_compaction, 0 stop for pending_compaction_bytes, 0 slowdown for pending_compaction_bytes, 0 memtable_compaction, 0 memtable_slowdown, interval 0 total count

** File Read Latency Histogram By Level [configuration.column.family] **

[main] INFO org.apache.nifi.controller.repository.RocksDBFlowFileRepository - Finished reading from rocksDB.  Read 0 records from disk
[main] INFO org.apache.nifi.controller.repository.RocksDBFlowFileRepository - Finished deserializing 0 records
[main] INFO org.apache.nifi.controller.repository.RocksDBFlowFileRepository - Successfully restored 0 FlowFiles in 121 milliseconds using 16 threads
[main] INFO org.apache.nifi.rocksdb.RocksDBMetronome - Closing RocksDBMetronome
[main] INFO org.apache.nifi.rocksdb.RocksDBMetronome - Shutting down RocksDBMetronome sync executor
[main] INFO org.apache.nifi.rocksdb.RocksDBMetronome - Pausing RocksDB background work
[main] INFO org.apache.nifi.rocksdb.RocksDBMetronome - Closing RocksDB configurations
[main] INFO org.apache.nifi.rocksdb.RocksDBMetronome - Closing RocksDB database
[main] INFO org.apache.nifi.rocksdb.RocksDBMetronome - [_impl/db_impl.cc:401] Shutdown: canceling all background work
[main] INFO org.apache.nifi.rocksdb.RocksDBMetronome - [_impl/db_impl.cc:582] Shutdown complete
]]></system-err>
  </testcase>
  <testcase name="testRecoveryMode" classname="org.apache.nifi.controller.repository.TestRocksDBFlowFileRepository" time="1.819">
    <system-err><![CDATA[[main] INFO org.apache.nifi.controller.repository.TestRocksDBFlowFileRepository - Running test: testRecoveryMode
[main] INFO org.apache.nifi.rocksdb.RocksDBMetronome - [_impl/db_impl_open.cc:254] Creating manifest 1 

[main] INFO org.apache.nifi.rocksdb.RocksDBMetronome - [rsion_set.cc:4377] Recovering from manifest file: /tmp/junit4497576542199264199/testRecoveryMode/MANIFEST-000001

[main] INFO org.apache.nifi.rocksdb.RocksDBMetronome - [lumn_family.cc:550] --------------- Options for column family [default]:

[main] INFO org.apache.nifi.rocksdb.RocksDBMetronome - [rsion_set.cc:4527] Recovered from manifest file:/tmp/junit4497576542199264199/testRecoveryMode/MANIFEST-000001 succeeded,manifest_file_number is 1, next_file_number is 3, last_sequence is 0, log_number is 0,prev_log_number is 0,max_column_family is 0,min_log_number_to_keep is 0

[main] INFO org.apache.nifi.rocksdb.RocksDBMetronome - [rsion_set.cc:4536] Column family [default] (ID 0), log number is 0

[main] INFO org.apache.nifi.rocksdb.RocksDBMetronome - [rsion_set.cc:3788] Creating manifest 4

[main] INFO org.apache.nifi.rocksdb.RocksDBMetronome - [lumn_family.cc:550] --------------- Options for column family [configuration.column.family]:

[main] INFO org.apache.nifi.rocksdb.RocksDBMetronome - [_impl/db_impl.cc:2307] Created column family [configuration.column.family] (ID 1)
[main] INFO org.apache.nifi.rocksdb.RocksDBMetronome - Initialized RocksDB Repository at /tmp/junit4497576542199264199/testRecoveryMode
[Thread-24] INFO org.apache.nifi.rocksdb.RocksDBMetronome - [_impl/db_impl.cc:858] ------- DUMPING STATS -------
[Thread-25] INFO org.apache.nifi.rocksdb.RocksDBMetronome - [_impl/db_impl.cc:859] 
** DB Stats **
Uptime(secs): 0,0 total, 0,0 interval
Cumulative writes: 0 writes, 0 keys, 0 commit groups, 0,0 writes per commit group, ingest: 0,00 GB, 0,00 MB/s
Cumulative WAL: 0 writes, 0 syncs, 0,00 writes per sync, written: 0,00 GB, 0,00 MB/s
Cumulative stall: 00:00:0,000 H:M:S, 0,0 percent
Interval writes: 0 writes, 0 keys, 0 commit groups, 0,0 writes per commit group, ingest: 0,00 MB, 0,00 MB/s
Interval WAL: 0 writes, 0 syncs, 0,00 writes per sync, written: 0,00 MB, 0,00 MB/s
Interval stall: 00:00:0,000 H:M:S, 0,0 percent

** Compaction Stats [default] **
Level    Files   Size     Score Read(GB)  Rn(GB) Rnp1(GB) Write(GB) Wnew(GB) Moved(GB) W-Amp Rd(MB/s) Wr(MB/s) Comp(sec) CompMergeCPU(sec) Comp(cnt) Avg(sec) KeyIn KeyDrop
----------------------------------------------------------------------------------------------------------------------------------------------------------------------------
 Sum      0/0    0,00 KB   0,0      0,0     0,0      0,0       0,0      0,0       0,0   0,0      0,0      0,0      0,00              0,00         0    0,000       0      0
 Int      0/0    0,00 KB   0,0      0,0     0,0      0,0       0,0      0,0       0,0   0,0      0,0      0,0      0,00              0,00         0    0,000       0      0

** Compaction Stats [default] **
Priority    Files   Size     Score Read(GB)  Rn(GB) Rnp1(GB) Write(GB) Wnew(GB) Moved(GB) W-Amp Rd(MB/s) Wr(MB/s) Comp(sec) CompMergeCPU(sec) Comp(cnt) Avg(sec) KeyIn KeyDrop
-------------------------------------------------------------------------------------------------------------------------------------------------------------------------------
Uptime(secs): 0,0 total, 0,0 interval
Flush(GB): cumulative 0,000, interval 0,000
AddFile(GB): cumulative 0,000, interval 0,000
AddFile(Total Files): cumulative 0, interval 0
AddFile(L0 Files): cumulative 0, interval 0
AddFile(Keys): cumulative 0, interval 0
Cumulative compaction: 0,00 GB write, 0,00 MB/s write, 0,00 GB read, 0,00 MB/s read, 0,0 seconds
Interval compaction: 0,00 GB write, 0,00 MB/s write, 0,00 GB read, 0,00 MB/s read, 0,0 seconds
Stalls(count): 0 level0_slowdown, 0 level0_slowdown_with_compaction, 0 level0_numfiles, 0 level0_numfiles_with_compaction, 0 stop for pending_compaction_bytes, 0 slowdown for pending_compaction_bytes, 0 memtable_compaction, 0 memtable_slowdown, interval 0 total count

** File Read Latency Histogram By Level [default] **

** Compaction Stats [configuration.column.family] **
Level    Files   Size     Score Read(GB)  Rn(GB) Rnp1(GB) Write(GB) Wnew(GB) Moved(GB) W-Amp Rd(MB/s) Wr(MB/s) Comp(sec) CompMergeCPU(sec) Comp(cnt) Avg(sec) KeyIn KeyDrop
----------------------------------------------------------------------------------------------------------------------------------------------------------------------------
 Sum      0/0    0,00 KB   0,0      0,0     0,0      0,0       0,0      0,0       0,0   0,0      0,0      0,0      0,00              0,00         0    0,000       0      0
 Int      0/0    0,00 KB   0,0      0,0     0,0      0,0       0,0      0,0       0,0   0,0      0,0      0,0      0,00              0,00         0    0,000       0      0

** Compaction Stats [configuration.column.family] **
Priority    Files   Size     Score Read(GB)  Rn(GB) Rnp1(GB) Write(GB) Wnew(GB) Moved(GB) W-Amp Rd(MB/s) Wr(MB/s) Comp(sec) CompMergeCPU(sec) Comp(cnt) Avg(sec) KeyIn KeyDrop
-------------------------------------------------------------------------------------------------------------------------------------------------------------------------------
Uptime(secs): 0,0 total, 0,0 interval
Flush(GB): cumulative 0,000, interval 0,000
AddFile(GB): cumulative 0,000, interval 0,000
AddFile(Total Files): cumulative 0, interval 0
AddFile(L0 Files): cumulative 0, interval 0
AddFile(Keys): cumulative 0, interval 0
Cumulative compaction: 0,00 GB write, 0,00 MB/s write, 0,00 GB read, 0,00 MB/s read, 0,0 seconds
Interval compaction: 0,00 GB write, 0,00 MB/s write, 0,00 GB read, 0,00 MB/s read, 0,0 seconds
Stalls(count): 0 level0_slowdown, 0 level0_slowdown_with_compaction, 0 level0_numfiles, 0 level0_numfiles_with_compaction, 0 stop for pending_compaction_bytes, 0 slowdown for pending_compaction_bytes, 0 memtable_compaction, 0 memtable_slowdown, interval 0 total count

** File Read Latency Histogram By Level [configuration.column.family] **

** Compaction Stats [default] **
Level    Files   Size     Score Read(GB)  Rn(GB) Rnp1(GB) Write(GB) Wnew(GB) Moved(GB) W-Amp Rd(MB/s) Wr(MB/s) Comp(sec) CompMergeCPU(sec) Comp(cnt) Avg(sec) KeyIn KeyDrop
----------------------------------------------------------------------------------------------------------------------------------------------------------------------------
 Sum      0/0    0,00 KB   0,0      0,0     0,0      0,0       0,0      0,0       0,0   0,0      0,0      0,0      0,00              0,00         0    0,000       0      0
 Int      0/0    0,00 KB   0,0      0,0     0,0      0,0       0,0      0,0       0,0   0,0      0,0      0,0      0,00              0,00         0    0,000       0      0

** Compaction Stats [default] **
Priority    Files   Size     Score Read(GB)  Rn(GB) Rnp1(GB) Write(GB) Wnew(GB) Moved(GB) W-Amp Rd(MB/s) Wr(MB/s) Comp(sec) CompMergeCPU(sec) Comp(cnt) Avg(sec) KeyIn KeyDrop
-------------------------------------------------------------------------------------------------------------------------------------------------------------------------------
Uptime(secs): 0,0 total, 0,0 interval
Flush(GB): cumulative 0,000, interval 0,000
AddFile(GB): cumulative 0,000, interval 0,000
AddFile(Total Files): cumulative 0, interval 0
AddFile(L0 Files): cumulative 0, interval 0
AddFile(Keys): cumulative 0, interval 0
Cumulative compaction: 0,00 GB write, 0,00 MB/s write, 0,00 GB read, 0,00 MB/s read, 0,0 seconds
Interval compaction: 0,00 GB write, 0,00 MB/s write, 0,00 GB read, 0,00 MB/s read, 0,0 seconds
Stalls(count): 0 level0_slowdown, 0 level0_slowdown_with_compaction, 0 level0_numfiles, 0 level0_numfiles_with_compaction, 0 stop for pending_compaction_bytes, 0 slowdown for pending_compaction_bytes, 0 memtable_compaction, 0 memtable_slowdown, interval 0 total count

** File Read Latency Histogram By Level [default] **

** Compaction Stats [configuration.column.family] **
Level    Files   Size     Score Read(GB)  Rn(GB) Rnp1(GB) Write(GB) Wnew(GB) Moved(GB) W-Amp Rd(MB/s) Wr(MB/s) Comp(sec) CompMergeCPU(sec) Comp(cnt) Avg(sec) KeyIn KeyDrop
----------------------------------------------------------------------------------------------------------------------------------------------------------------------------
 Sum      0/0    0,00 KB   0,0      0,0     0,0      0,0       0,0      0,0       0,0   0,0      0,0      0,0      0,00              0,00         0    0,000       0      0
 Int      0/0    0,00 KB   0,0      0,0     0,0      0,0       0,0      0,0       0,0   0,0      0,0      0,0      0,00              0,00         0    0,000       0      0

** Compaction Stats [configuration.column.family] **
Priority    Files   Size     Score Read(GB)  Rn(GB) Rnp1(GB) Write(GB) Wnew(GB) Moved(GB) W-Amp Rd(MB/s) Wr(MB/s) Comp(sec) CompMergeCPU(sec) Comp(cnt) Avg(sec) KeyIn KeyDrop
-------------------------------------------------------------------------------------------------------------------------------------------------------------------------------
Uptime(secs): 0,0 total, 0,0 interval
Flush(GB): cumulative 0,000, interval 0,000
AddFile(GB): cumulative 0,000, interval 0,000
AddFile(Total Files): cumulative 0, interval 0
AddFile(L0 Files): cumulative 0, interval 0
AddFile(Keys): cumulative 0, interval 0
Cumulative compaction: 0,00 GB write, 0,00 MB/s write, 0,00 GB read, 0,00 MB/s read, 0,0 seconds
Interval compaction: 0,00 GB write, 0,00 MB/s write, 0,00 GB read, 0,00 MB/s read, 0,0 seconds
Stalls(count): 0 level0_slowdown, 0 level0_slowdown_with_compaction, 0 level0_numfiles, 0 level0_numfiles_with_compaction, 0 stop for pending_compaction_bytes, 0 slowdown for pending_compaction_bytes, 0 memtable_compaction, 0 memtable_slowdown, interval 0 total count

** File Read Latency Histogram By Level [configuration.column.family] **

[main] INFO org.apache.nifi.controller.repository.RocksDBFlowFileRepository - Initialized FlowFile Repository at /tmp/junit4497576542199264199/testRecoveryMode
[main] INFO org.apache.nifi.controller.repository.RocksDBFlowFileRepository - Finished reading from rocksDB.  Read 0 records from disk
[main] INFO org.apache.nifi.controller.repository.RocksDBFlowFileRepository - Finished deserializing 0 records
[main] INFO org.apache.nifi.controller.repository.RocksDBFlowFileRepository - Successfully restored 0 FlowFiles in 120 milliseconds using 16 threads
[main] INFO org.apache.nifi.rocksdb.RocksDBMetronome - Closing RocksDBMetronome
[main] INFO org.apache.nifi.rocksdb.RocksDBMetronome - Shutting down RocksDBMetronome sync executor
[main] INFO org.apache.nifi.rocksdb.RocksDBMetronome - Pausing RocksDB background work
[main] INFO org.apache.nifi.rocksdb.RocksDBMetronome - Closing RocksDB configurations
[main] INFO org.apache.nifi.rocksdb.RocksDBMetronome - Closing RocksDB database
[main] INFO org.apache.nifi.rocksdb.RocksDBMetronome - [_impl/db_impl.cc:401] Shutdown: canceling all background work
[main] INFO org.apache.nifi.rocksdb.RocksDBMetronome - [_impl/db_impl.cc:582] Shutdown complete
[main] WARN org.apache.nifi.controller.repository.RocksDBFlowFileRepository - The property "nifi.flowfile.repository.rocksdb.enable.recovery.mode" is currently set to "true" and  "nifi.flowfile.repository.rocksdb.recovery.mode.flowfile.count" is set to  "0".  This means that only 0 FlowFiles will be loaded in to memory from the FlowFile repo at a time, allowing for recovery of a system encountering OutOfMemory errors (or similar).  This setting should be reset to "false" as soon as recovery is complete.
[main] INFO org.apache.nifi.rocksdb.RocksDBMetronome - [rsion_set.cc:4377] Recovering from manifest file: /tmp/junit4497576542199264199/testRecoveryMode/MANIFEST-000004

[main] INFO org.apache.nifi.rocksdb.RocksDBMetronome - [lumn_family.cc:550] --------------- Options for column family [default]:

[main] INFO org.apache.nifi.rocksdb.RocksDBMetronome - [lumn_family.cc:550] --------------- Options for column family [configuration.column.family]:

[main] INFO org.apache.nifi.rocksdb.RocksDBMetronome - [rsion_set.cc:4527] Recovered from manifest file:/tmp/junit4497576542199264199/testRecoveryMode/MANIFEST-000004 succeeded,manifest_file_number is 4, next_file_number is 6, last_sequence is 0, log_number is 3,prev_log_number is 0,max_column_family is 1,min_log_number_to_keep is 0

[main] INFO org.apache.nifi.rocksdb.RocksDBMetronome - [rsion_set.cc:4536] Column family [default] (ID 0), log number is 0

[main] INFO org.apache.nifi.rocksdb.RocksDBMetronome - [rsion_set.cc:4536] Column family [configuration.column.family] (ID 1), log number is 3

[main] INFO org.apache.nifi.rocksdb.RocksDBMetronome - EVENT_LOG_v1 {"time_micros": 1714609646953894, "job": 1, "event": "recovery_started", "log_files": [3]}
[main] INFO org.apache.nifi.rocksdb.RocksDBMetronome - [_impl/db_impl_open.cc:735] Recovering log #3 mode 2
[main] INFO org.apache.nifi.rocksdb.RocksDBMetronome - EVENT_LOG_v1 {"time_micros": 1714609646955820, "cf_name": "default", "job": 1, "event": "table_file_creation", "file_number": 6, "file_size": 2677, "table_properties": {"data_size": 1903, "index_size": 62, "index_partitions": 0, "top_level_index_size": 0, "index_key_is_user_key": 0, "index_value_is_delta_encoded": 0, "filter_size": 0, "raw_key_size": 800, "raw_average_key_size": 16, "raw_value_size": 5500, "raw_average_value_size": 110, "num_data_blocks": 2, "num_entries": 50, "num_deletions": 0, "num_merge_operands": 0, "num_range_deletions": 0, "format_version": 0, "fixed_key_len": 0, "filter_policy": "", "column_family_name": "default", "column_family_id": 0, "comparator": "leveldb.BytewiseComparator", "merge_operator": "nullptr", "prefix_extractor_name": "nullptr", "property_collectors": "[]", "compression": "LZ4", "compression_options": "window_bits=-14; level=32767; strategy=0; max_dict_bytes=0; zstd_max_train_bytes=0; enabled=0; ", "creation_time": 1714609646, "oldest_key_time": 3, "file_creation_time": 0}}
[main] INFO org.apache.nifi.rocksdb.RocksDBMetronome - EVENT_LOG_v1 {"time_micros": 1714609646957459, "cf_name": "configuration.column.family", "job": 1, "event": "table_file_creation", "file_number": 7, "file_size": 1690, "table_properties": {"data_size": 881, "index_size": 68, "index_partitions": 0, "top_level_index_size": 0, "index_key_is_user_key": 0, "index_value_is_delta_encoded": 0, "filter_size": 0, "raw_key_size": 99, "raw_average_key_size": 24, "raw_value_size": 7329, "raw_average_value_size": 1832, "num_data_blocks": 2, "num_entries": 4, "num_deletions": 0, "num_merge_operands": 0, "num_range_deletions": 0, "format_version": 0, "fixed_key_len": 0, "filter_policy": "", "column_family_name": "configuration.column.family", "column_family_id": 1, "comparator": "leveldb.BytewiseComparator", "merge_operator": "nullptr", "prefix_extractor_name": "nullptr", "property_collectors": "[]", "compression": "LZ4", "compression_options": "window_bits=-14; level=32767; strategy=0; max_dict_bytes=0; zstd_max_train_bytes=0; enabled=0; ", "creation_time": 1714609646, "oldest_key_time": 3, "file_creation_time": 0}}
[main] INFO org.apache.nifi.rocksdb.RocksDBMetronome - [rsion_set.cc:3788] Creating manifest 8

[main] INFO org.apache.nifi.rocksdb.RocksDBMetronome - EVENT_LOG_v1 {"time_micros": 1714609646961745, "job": 1, "event": "recovery_finished"}
[main] INFO org.apache.nifi.rocksdb.RocksDBMetronome - Initialized RocksDB Repository at /tmp/junit4497576542199264199/testRecoveryMode
[Thread-26] INFO org.apache.nifi.rocksdb.RocksDBMetronome - [_impl/db_impl.cc:858] ------- DUMPING STATS -------
[Thread-27] INFO org.apache.nifi.rocksdb.RocksDBMetronome - [_impl/db_impl.cc:859] 
** DB Stats **
Uptime(secs): 0,0 total, 0,0 interval
Cumulative writes: 0 writes, 0 keys, 0 commit groups, 0,0 writes per commit group, ingest: 0,00 GB, 0,00 MB/s
Cumulative WAL: 0 writes, 0 syncs, 0,00 writes per sync, written: 0,00 GB, 0,00 MB/s
Cumulative stall: 00:00:0,000 H:M:S, 0,0 percent
Interval writes: 0 writes, 0 keys, 0 commit groups, 0,0 writes per commit group, ingest: 0,00 MB, 0,00 MB/s
Interval WAL: 0 writes, 0 syncs, 0,00 writes per sync, written: 0,00 MB, 0,00 MB/s
Interval stall: 00:00:0,000 H:M:S, 0,0 percent

** Compaction Stats [default] **
Level    Files   Size     Score Read(GB)  Rn(GB) Rnp1(GB) Write(GB) Wnew(GB) Moved(GB) W-Amp Rd(MB/s) Wr(MB/s) Comp(sec) CompMergeCPU(sec) Comp(cnt) Avg(sec) KeyIn KeyDrop
----------------------------------------------------------------------------------------------------------------------------------------------------------------------------
  L0      1/0    2,61 KB   0,2      0,0     0,0      0,0       0,0      0,0       0,0   1,0      0,0      1,4      0,00              0,00         1    0,002       0      0
 Sum      1/0    2,61 KB   0,0      0,0     0,0      0,0       0,0      0,0       0,0   1,0      0,0      1,4      0,00              0,00         1    0,002       0      0
 Int      0/0    0,00 KB   0,0      0,0     0,0      0,0       0,0      0,0       0,0   1,0      0,0      1,4      0,00              0,00         1    0,002       0      0

** Compaction Stats [default] **
Priority    Files   Size     Score Read(GB)  Rn(GB) Rnp1(GB) Write(GB) Wnew(GB) Moved(GB) W-Amp Rd(MB/s) Wr(MB/s) Comp(sec) CompMergeCPU(sec) Comp(cnt) Avg(sec) KeyIn KeyDrop
-------------------------------------------------------------------------------------------------------------------------------------------------------------------------------
User      0/0    0,00 KB   0,0      0,0     0,0      0,0       0,0      0,0       0,0   0,0      0,0      1,4      0,00              0,00         1    0,002       0      0
Uptime(secs): 0,0 total, 0,0 interval
Flush(GB): cumulative 0,000, interval 0,000
AddFile(GB): cumulative 0,000, interval 0,000
AddFile(Total Files): cumulative 0, interval 0
AddFile(L0 Files): cumulative 0, interval 0
AddFile(Keys): cumulative 0, interval 0
Cumulative compaction: 0,00 GB write, 0,20 MB/s write, 0,00 GB read, 0,00 MB/s read, 0,0 seconds
Interval compaction: 0,00 GB write, 0,20 MB/s write, 0,00 GB read, 0,00 MB/s read, 0,0 seconds
Stalls(count): 0 level0_slowdown, 0 level0_slowdown_with_compaction, 0 level0_numfiles, 0 level0_numfiles_with_compaction, 0 stop for pending_compaction_bytes, 0 slowdown for pending_compaction_bytes, 0 memtable_compaction, 0 memtable_slowdown, interval 0 total count

** File Read Latency Histogram By Level [default] **

** Compaction Stats [configuration.column.family] **
Level    Files   Size     Score Read(GB)  Rn(GB) Rnp1(GB) Write(GB) Wnew(GB) Moved(GB) W-Amp Rd(MB/s) Wr(MB/s) Comp(sec) CompMergeCPU(sec) Comp(cnt) Avg(sec) KeyIn KeyDrop
----------------------------------------------------------------------------------------------------------------------------------------------------------------------------
  L0      1/0    1,65 KB   0,2      0,0     0,0      0,0       0,0      0,0       0,0   1,0      0,0      1,0      0,00              0,00         1    0,002       0      0
 Sum      1/0    1,65 KB   0,0      0,0     0,0      0,0       0,0      0,0       0,0   1,0      0,0      1,0      0,00              0,00         1    0,002       0      0
 Int      0/0    0,00 KB   0,0      0,0     0,0      0,0       0,0      0,0       0,0   1,0      0,0      1,0      0,00              0,00         1    0,002       0      0

** Compaction Stats [configuration.column.family] **
Priority    Files   Size     Score Read(GB)  Rn(GB) Rnp1(GB) Write(GB) Wnew(GB) Moved(GB) W-Amp Rd(MB/s) Wr(MB/s) Comp(sec) CompMergeCPU(sec) Comp(cnt) Avg(sec) KeyIn KeyDrop
-------------------------------------------------------------------------------------------------------------------------------------------------------------------------------
User      0/0    0,00 KB   0,0      0,0     0,0      0,0       0,0      0,0       0,0   0,0      0,0      1,0      0,00              0,00         1    0,002       0      0
Uptime(secs): 0,0 total, 0,0 interval
Flush(GB): cumulative 0,000, interval 0,000
AddFile(GB): cumulative 0,000, interval 0,000
AddFile(Total Files): cumulative 0, interval 0
AddFile(L0 Files): cumulative 0, interval 0
AddFile(Keys): cumulative 0, interval 0
Cumulative compaction: 0,00 GB write, 0,12 MB/s write, 0,00 GB read, 0,00 MB/s read, 0,0 seconds
Interval compaction: 0,00 GB write, 0,12 MB/s write, 0,00 GB read, 0,00 MB/s read, 0,0 seconds
Stalls(count): 0 level0_slowdown, 0 level0_slowdown_with_compaction, 0 level0_numfiles, 0 level0_numfiles_with_compaction, 0 stop for pending_compaction_bytes, 0 slowdown for pending_compaction_bytes, 0 memtable_compaction, 0 memtable_slowdown, interval 0 total count

** File Read Latency Histogram By Level [configuration.column.family] **

** Compaction Stats [default] **
Level    Files   Size     Score Read(GB)  Rn(GB) Rnp1(GB) Write(GB) Wnew(GB) Moved(GB) W-Amp Rd(MB/s) Wr(MB/s) Comp(sec) CompMergeCPU(sec) Comp(cnt) Avg(sec) KeyIn KeyDrop
----------------------------------------------------------------------------------------------------------------------------------------------------------------------------
  L0      1/0    2,61 KB   0,2      0,0     0,0      0,0       0,0      0,0       0,0   1,0      0,0      1,4      0,00              0,00         1    0,002       0      0
 Sum      1/0    2,61 KB   0,0      0,0     0,0      0,0       0,0      0,0       0,0   1,0      0,0      1,4      0,00              0,00         1    0,002       0      0
 Int      0/0    0,00 KB   0,0      0,0     0,0      0,0       0,0      0,0       0,0   0,0      0,0      0,0      0,00              0,00         0    0,000       0      0

** Compaction Stats [default] **
Priority    Files   Size     Score Read(GB)  Rn(GB) Rnp1(GB) Write(GB) Wnew(GB) Moved(GB) W-Amp Rd(MB/s) Wr(MB/s) Comp(sec) CompMergeCPU(sec) Comp(cnt) Avg(sec) KeyIn KeyDrop
-------------------------------------------------------------------------------------------------------------------------------------------------------------------------------
User      0/0    0,00 KB   0,0      0,0     0,0      0,0       0,0      0,0       0,0   0,0      0,0      1,4      0,00              0,00         1    0,002       0      0
Uptime(secs): 0,0 total, 0,0 interval
Flush(GB): cumulative 0,000, interval 0,000
AddFile(GB): cumulative 0,000, interval 0,000
AddFile(Total Files): cumulative 0, interval 0
AddFile(L0 Files): cumulative 0, interval 0
AddFile(Keys): cumulative 0, interval 0
Cumulative compaction: 0,00 GB write, 0,19 MB/s write, 0,00 GB read, 0,00 MB/s read, 0,0 seconds
Interval compaction: 0,00 GB write, 0,00 MB/s write, 0,00 GB read, 0,00 MB/s read, 0,0 seconds
Stalls(count): 0 level0_slowdown, 0 level0_slowdown_with_compaction, 0 level0_numfiles, 0 level0_numfiles_with_compaction, 0 stop for pending_compaction_bytes, 0 slowdown for pending_compaction_bytes, 0 memtable_compaction, 0 memtable_slowdown, interval 0 total count

** File Read Latency Histogram By Level [default] **

** Compaction Stats [configuration.column.family] **
Level    Files   Size     Score Read(GB)  Rn(GB) Rnp1(GB) Write(GB) Wnew(GB) Moved(GB) W-Amp Rd(MB/s) Wr(MB/s) Comp(sec) CompMergeCPU(sec) Comp(cnt) Avg(sec) KeyIn KeyDrop
----------------------------------------------------------------------------------------------------------------------------------------------------------------------------
  L0      1/0    1,65 KB   0,2      0,0     0,0      0,0       0,0      0,0       0,0   1,0      0,0      1,0      0,00              0,00         1    0,002       0      0
 Sum      1/0    1,65 KB   0,0      0,0     0,0      0,0       0,0      0,0       0,0   1,0      0,0      1,0      0,00              0,00         1    0,002       0      0
 Int      0/0    0,00 KB   0,0      0,0     0,0      0,0       0,0      0,0       0,0   0,0      0,0      0,0      0,00              0,00         0    0,000       0      0

** Compaction Stats [configuration.column.family] **
Priority    Files   Size     Score Read(GB)  Rn(GB) Rnp1(GB) Write(GB) Wnew(GB) Moved(GB) W-Amp Rd(MB/s) Wr(MB/s) Comp(sec) CompMergeCPU(sec) Comp(cnt) Avg(sec) KeyIn KeyDrop
-------------------------------------------------------------------------------------------------------------------------------------------------------------------------------
User      0/0    0,00 KB   0,0      0,0     0,0      0,0       0,0      0,0       0,0   0,0      0,0      1,0      0,00              0,00         1    0,002       0      0
Uptime(secs): 0,0 total, 0,0 interval
Flush(GB): cumulative 0,000, interval 0,000
AddFile(GB): cumulative 0,000, interval 0,000
AddFile(Total Files): cumulative 0, interval 0
AddFile(L0 Files): cumulative 0, interval 0
AddFile(Keys): cumulative 0, interval 0
Cumulative compaction: 0,00 GB write, 0,12 MB/s write, 0,00 GB read, 0,00 MB/s read, 0,0 seconds
Interval compaction: 0,00 GB write, 0,00 MB/s write, 0,00 GB read, 0,00 MB/s read, 0,0 seconds
Stalls(count): 0 level0_slowdown, 0 level0_slowdown_with_compaction, 0 level0_numfiles, 0 level0_numfiles_with_compaction, 0 stop for pending_compaction_bytes, 0 slowdown for pending_compaction_bytes, 0 memtable_compaction, 0 memtable_slowdown, interval 0 total count

** File Read Latency Histogram By Level [configuration.column.family] **

[main] INFO org.apache.nifi.controller.repository.RocksDBFlowFileRepository - Initialized FlowFile Repository at /tmp/junit4497576542199264199/testRecoveryMode
[main] INFO org.apache.nifi.controller.repository.RocksDBFlowFileRepository - Finished reading from rocksDB.  Read 50 records from disk
[main] INFO org.apache.nifi.controller.repository.RocksDBFlowFileRepository - Finished deserializing 50 records
[main] INFO org.apache.nifi.controller.repository.RocksDBFlowFileRepository - Successfully restored 0 FlowFiles in 119 milliseconds using 16 threads
[main] INFO org.apache.nifi.rocksdb.RocksDBMetronome - Closing RocksDBMetronome
[main] INFO org.apache.nifi.rocksdb.RocksDBMetronome - Shutting down RocksDBMetronome sync executor
[main] INFO org.apache.nifi.rocksdb.RocksDBMetronome - Pausing RocksDB background work
[main] INFO org.apache.nifi.rocksdb.RocksDBMetronome - Closing RocksDB configurations
[main] INFO org.apache.nifi.rocksdb.RocksDBMetronome - Closing RocksDB database
[main] INFO org.apache.nifi.rocksdb.RocksDBMetronome - [_impl/db_impl.cc:401] Shutdown: canceling all background work
[main] INFO org.apache.nifi.rocksdb.RocksDBMetronome - [_impl/db_impl.cc:582] Shutdown complete
[main] WARN org.apache.nifi.controller.repository.RocksDBFlowFileRepository - The property "nifi.flowfile.repository.rocksdb.enable.recovery.mode" is currently set to "true" and  "nifi.flowfile.repository.rocksdb.recovery.mode.flowfile.count" is set to  "10".  This means that only 10 FlowFiles will be loaded in to memory from the FlowFile repo at a time, allowing for recovery of a system encountering OutOfMemory errors (or similar).  This setting should be reset to "false" as soon as recovery is complete.
[main] INFO org.apache.nifi.rocksdb.RocksDBMetronome - [rsion_set.cc:4377] Recovering from manifest file: /tmp/junit4497576542199264199/testRecoveryMode/MANIFEST-000008

[main] INFO org.apache.nifi.rocksdb.RocksDBMetronome - [lumn_family.cc:550] --------------- Options for column family [default]:

[main] INFO org.apache.nifi.rocksdb.RocksDBMetronome - [lumn_family.cc:550] --------------- Options for column family [configuration.column.family]:

[main] INFO org.apache.nifi.rocksdb.RocksDBMetronome - [rsion_set.cc:4527] Recovered from manifest file:/tmp/junit4497576542199264199/testRecoveryMode/MANIFEST-000008 succeeded,manifest_file_number is 8, next_file_number is 10, last_sequence is 69, log_number is 4,prev_log_number is 0,max_column_family is 1,min_log_number_to_keep is 0

[main] INFO org.apache.nifi.rocksdb.RocksDBMetronome - [rsion_set.cc:4536] Column family [default] (ID 0), log number is 4

[main] INFO org.apache.nifi.rocksdb.RocksDBMetronome - [rsion_set.cc:4536] Column family [configuration.column.family] (ID 1), log number is 4

[main] INFO org.apache.nifi.rocksdb.RocksDBMetronome - EVENT_LOG_v1 {"time_micros": 1714609647092093, "job": 1, "event": "recovery_started", "log_files": [9]}
[main] INFO org.apache.nifi.rocksdb.RocksDBMetronome - [_impl/db_impl_open.cc:735] Recovering log #9 mode 2
[main] INFO org.apache.nifi.rocksdb.RocksDBMetronome - EVENT_LOG_v1 {"time_micros": 1714609647094270, "cf_name": "configuration.column.family", "job": 1, "event": "table_file_creation", "file_number": 10, "file_size": 884, "table_properties": {"data_size": 98, "index_size": 47, "index_partitions": 0, "top_level_index_size": 0, "index_key_is_user_key": 0, "index_value_is_delta_encoded": 0, "filter_size": 0, "raw_key_size": 29, "raw_average_key_size": 29, "raw_value_size": 53, "raw_average_value_size": 53, "num_data_blocks": 1, "num_entries": 1, "num_deletions": 0, "num_merge_operands": 0, "num_range_deletions": 0, "format_version": 0, "fixed_key_len": 0, "filter_policy": "", "column_family_name": "configuration.column.family", "column_family_id": 1, "comparator": "leveldb.BytewiseComparator", "merge_operator": "nullptr", "prefix_extractor_name": "nullptr", "property_collectors": "[]", "compression": "LZ4", "compression_options": "window_bits=-14; level=32767; strategy=0; max_dict_bytes=0; zstd_max_train_bytes=0; enabled=0; ", "creation_time": 1714609647, "oldest_key_time": 3, "file_creation_time": 0}}
[main] INFO org.apache.nifi.rocksdb.RocksDBMetronome - [rsion_set.cc:3788] Creating manifest 11

[main] INFO org.apache.nifi.rocksdb.RocksDBMetronome - EVENT_LOG_v1 {"time_micros": 1714609647098520, "job": 1, "event": "recovery_finished"}
[main] INFO org.apache.nifi.rocksdb.RocksDBMetronome - Initialized RocksDB Repository at /tmp/junit4497576542199264199/testRecoveryMode
[Thread-28] INFO org.apache.nifi.rocksdb.RocksDBMetronome - [_impl/db_impl.cc:858] ------- DUMPING STATS -------
[Thread-29] INFO org.apache.nifi.rocksdb.RocksDBMetronome - [_impl/db_impl.cc:859] 
** DB Stats **
Uptime(secs): 0,0 total, 0,0 interval
Cumulative writes: 0 writes, 0 keys, 0 commit groups, 0,0 writes per commit group, ingest: 0,00 GB, 0,00 MB/s
Cumulative WAL: 0 writes, 0 syncs, 0,00 writes per sync, written: 0,00 GB, 0,00 MB/s
Cumulative stall: 00:00:0,000 H:M:S, 0,0 percent
Interval writes: 0 writes, 0 keys, 0 commit groups, 0,0 writes per commit group, ingest: 0,00 MB, 0,00 MB/s
Interval WAL: 0 writes, 0 syncs, 0,00 writes per sync, written: 0,00 MB, 0,00 MB/s
Interval stall: 00:00:0,000 H:M:S, 0,0 percent

** Compaction Stats [default] **
Level    Files   Size     Score Read(GB)  Rn(GB) Rnp1(GB) Write(GB) Wnew(GB) Moved(GB) W-Amp Rd(MB/s) Wr(MB/s) Comp(sec) CompMergeCPU(sec) Comp(cnt) Avg(sec) KeyIn KeyDrop
----------------------------------------------------------------------------------------------------------------------------------------------------------------------------
  L0      1/0    2,61 KB   0,2      0,0     0,0      0,0       0,0      0,0       0,0   0,0      0,0      0,0      0,00              0,00         0    0,000       0      0
 Sum      1/0    2,61 KB   0,0      0,0     0,0      0,0       0,0      0,0       0,0   0,0      0,0      0,0      0,00              0,00         0    0,000       0      0
 Int      0/0    0,00 KB   0,0      0,0     0,0      0,0       0,0      0,0       0,0   0,0      0,0      0,0      0,00              0,00         0    0,000       0      0

** Compaction Stats [default] **
Priority    Files   Size     Score Read(GB)  Rn(GB) Rnp1(GB) Write(GB) Wnew(GB) Moved(GB) W-Amp Rd(MB/s) Wr(MB/s) Comp(sec) CompMergeCPU(sec) Comp(cnt) Avg(sec) KeyIn KeyDrop
-------------------------------------------------------------------------------------------------------------------------------------------------------------------------------
Uptime(secs): 0,0 total, 0,0 interval
Flush(GB): cumulative 0,000, interval 0,000
AddFile(GB): cumulative 0,000, interval 0,000
AddFile(Total Files): cumulative 0, interval 0
AddFile(L0 Files): cumulative 0, interval 0
AddFile(Keys): cumulative 0, interval 0
Cumulative compaction: 0,00 GB write, 0,00 MB/s write, 0,00 GB read, 0,00 MB/s read, 0,0 seconds
Interval compaction: 0,00 GB write, 0,00 MB/s write, 0,00 GB read, 0,00 MB/s read, 0,0 seconds
Stalls(count): 0 level0_slowdown, 0 level0_slowdown_with_compaction, 0 level0_numfiles, 0 level0_numfiles_with_compaction, 0 stop for pending_compaction_bytes, 0 slowdown for pending_compaction_bytes, 0 memtable_compaction, 0 memtable_slowdown, interval 0 total count

** File Read Latency Histogram By Level [default] **

** Compaction Stats [configuration.column.family] **
Level    Files   Size     Score Read(GB)  Rn(GB) Rnp1(GB) Write(GB) Wnew(GB) Moved(GB) W-Amp Rd(MB/s) Wr(MB/s) Comp(sec) CompMergeCPU(sec) Comp(cnt) Avg(sec) KeyIn KeyDrop
----------------------------------------------------------------------------------------------------------------------------------------------------------------------------
  L0      2/0    2,51 KB   0,5      0,0     0,0      0,0       0,0      0,0       0,0   1,0      0,0      0,4      0,00              0,00         1    0,002       0      0
 Sum      2/0    2,51 KB   0,0      0,0     0,0      0,0       0,0      0,0       0,0   1,0      0,0      0,4      0,00              0,00         1    0,002       0      0
 Int      0/0    0,00 KB   0,0      0,0     0,0      0,0       0,0      0,0       0,0   1,0      0,0      0,4      0,00              0,00         1    0,002       0      0

** Compaction Stats [configuration.column.family] **
Priority    Files   Size     Score Read(GB)  Rn(GB) Rnp1(GB) Write(GB) Wnew(GB) Moved(GB) W-Amp Rd(MB/s) Wr(MB/s) Comp(sec) CompMergeCPU(sec) Comp(cnt) Avg(sec) KeyIn KeyDrop
-------------------------------------------------------------------------------------------------------------------------------------------------------------------------------
User      0/0    0,00 KB   0,0      0,0     0,0      0,0       0,0      0,0       0,0   0,0      0,0      0,4      0,00              0,00         1    0,002       0      0
Uptime(secs): 0,0 total, 0,0 interval
Flush(GB): cumulative 0,000, interval 0,000
AddFile(GB): cumulative 0,000, interval 0,000
AddFile(Total Files): cumulative 0, interval 0
AddFile(L0 Files): cumulative 0, interval 0
AddFile(Keys): cumulative 0, interval 0
Cumulative compaction: 0,00 GB write, 0,07 MB/s write, 0,00 GB read, 0,00 MB/s read, 0,0 seconds
Interval compaction: 0,00 GB write, 0,07 MB/s write, 0,00 GB read, 0,00 MB/s read, 0,0 seconds
Stalls(count): 0 level0_slowdown, 0 level0_slowdown_with_compaction, 0 level0_numfiles, 0 level0_numfiles_with_compaction, 0 stop for pending_compaction_bytes, 0 slowdown for pending_compaction_bytes, 0 memtable_compaction, 0 memtable_slowdown, interval 0 total count

** File Read Latency Histogram By Level [configuration.column.family] **

** Compaction Stats [default] **
Level    Files   Size     Score Read(GB)  Rn(GB) Rnp1(GB) Write(GB) Wnew(GB) Moved(GB) W-Amp Rd(MB/s) Wr(MB/s) Comp(sec) CompMergeCPU(sec) Comp(cnt) Avg(sec) KeyIn KeyDrop
----------------------------------------------------------------------------------------------------------------------------------------------------------------------------
  L0      1/0    2,61 KB   0,2      0,0     0,0      0,0       0,0      0,0       0,0   0,0      0,0      0,0      0,00              0,00         0    0,000       0      0
 Sum      1/0    2,61 KB   0,0      0,0     0,0      0,0       0,0      0,0       0,0   0,0      0,0      0,0      0,00              0,00         0    0,000       0      0
 Int      0/0    0,00 KB   0,0      0,0     0,0      0,0       0,0      0,0       0,0   0,0      0,0      0,0      0,00              0,00         0    0,000       0      0

** Compaction Stats [default] **
Priority    Files   Size     Score Read(GB)  Rn(GB) Rnp1(GB) Write(GB) Wnew(GB) Moved(GB) W-Amp Rd(MB/s) Wr(MB/s) Comp(sec) CompMergeCPU(sec) Comp(cnt) Avg(sec) KeyIn KeyDrop
-------------------------------------------------------------------------------------------------------------------------------------------------------------------------------
Uptime(secs): 0,0 total, 0,0 interval
Flush(GB): cumulative 0,000, interval 0,000
AddFile(GB): cumulative 0,000, interval 0,000
AddFile(Total Files): cumulative 0, interval 0
AddFile(L0 Files): cumulative 0, interval 0
AddFile(Keys): cumulative 0, interval 0
Cumulative compaction: 0,00 GB write, 0,00 MB/s write, 0,00 GB read, 0,00 MB/s read, 0,0 seconds
Interval compaction: 0,00 GB write, 0,00 MB/s write, 0,00 GB read, 0,00 MB/s read, 0,0 seconds
Stalls(count): 0 level0_slowdown, 0 level0_slowdown_with_compaction, 0 level0_numfiles, 0 level0_numfiles_with_compaction, 0 stop for pending_compaction_bytes, 0 slowdown for pending_compaction_bytes, 0 memtable_compaction, 0 memtable_slowdown, interval 0 total count

** File Read Latency Histogram By Level [default] **

** Compaction Stats [configuration.column.family] **
Level    Files   Size     Score Read(GB)  Rn(GB) Rnp1(GB) Write(GB) Wnew(GB) Moved(GB) W-Amp Rd(MB/s) Wr(MB/s) Comp(sec) CompMergeCPU(sec) Comp(cnt) Avg(sec) KeyIn KeyDrop
----------------------------------------------------------------------------------------------------------------------------------------------------------------------------
  L0      2/0    2,51 KB   0,5      0,0     0,0      0,0       0,0      0,0       0,0   1,0      0,0      0,4      0,00              0,00         1    0,002       0      0
 Sum      2/0    2,51 KB   0,0      0,0     0,0      0,0       0,0      0,0       0,0   1,0      0,0      0,4      0,00              0,00         1    0,002       0      0
 Int      0/0    0,00 KB   0,0      0,0     0,0      0,0       0,0      0,0       0,0   0,0      0,0      0,0      0,00              0,00         0    0,000       0      0

** Compaction Stats [configuration.column.family] **
Priority    Files   Size     Score Read(GB)  Rn(GB) Rnp1(GB) Write(GB) Wnew(GB) Moved(GB) W-Amp Rd(MB/s) Wr(MB/s) Comp(sec) CompMergeCPU(sec) Comp(cnt) Avg(sec) KeyIn KeyDrop
-------------------------------------------------------------------------------------------------------------------------------------------------------------------------------
User      0/0    0,00 KB   0,0      0,0     0,0      0,0       0,0      0,0       0,0   0,0      0,0      0,4      0,00              0,00         1    0,002       0      0
Uptime(secs): 0,0 total, 0,0 interval
Flush(GB): cumulative 0,000, interval 0,000
AddFile(GB): cumulative 0,000, interval 0,000
AddFile(Total Files): cumulative 0, interval 0
AddFile(L0 Files): cumulative 0, interval 0
AddFile(Keys): cumulative 0, interval 0
Cumulative compaction: 0,00 GB write, 0,06 MB/s write, 0,00 GB read, 0,00 MB/s read, 0,0 seconds
Interval compaction: 0,00 GB write, 0,00 MB/s write, 0,00 GB read, 0,00 MB/s read, 0,0 seconds
Stalls(count): 0 level0_slowdown, 0 level0_slowdown_with_compaction, 0 level0_numfiles, 0 level0_numfiles_with_compaction, 0 stop for pending_compaction_bytes, 0 slowdown for pending_compaction_bytes, 0 memtable_compaction, 0 memtable_slowdown, interval 0 total count

** File Read Latency Histogram By Level [configuration.column.family] **

[main] INFO org.apache.nifi.controller.repository.RocksDBFlowFileRepository - Initialized FlowFile Repository at /tmp/junit4497576542199264199/testRecoveryMode
[main] INFO org.apache.nifi.controller.repository.RocksDBFlowFileRepository - Finished reading from rocksDB.  Read 50 records from disk
[main] INFO org.apache.nifi.controller.repository.RocksDBFlowFileRepository - Finished deserializing 50 records
[main] INFO org.apache.nifi.controller.repository.RocksDBFlowFileRepository - Successfully restored 10 FlowFiles in 119 milliseconds using 16 threads
[main] INFO org.apache.nifi.rocksdb.RocksDBMetronome - Closing RocksDBMetronome
[main] INFO org.apache.nifi.rocksdb.RocksDBMetronome - Shutting down RocksDBMetronome sync executor
[main] INFO org.apache.nifi.rocksdb.RocksDBMetronome - Pausing RocksDB background work
[main] INFO org.apache.nifi.rocksdb.RocksDBMetronome - Closing RocksDB configurations
[main] INFO org.apache.nifi.rocksdb.RocksDBMetronome - Closing RocksDB database
[main] INFO org.apache.nifi.rocksdb.RocksDBMetronome - [_impl/db_impl.cc:401] Shutdown: canceling all background work
[main] INFO org.apache.nifi.rocksdb.RocksDBMetronome - [_impl/db_impl.cc:582] Shutdown complete
[main] WARN org.apache.nifi.controller.repository.RocksDBFlowFileRepository - The property "nifi.flowfile.repository.rocksdb.enable.recovery.mode" is currently set to "true" and  "nifi.flowfile.repository.rocksdb.recovery.mode.flowfile.count" is set to  "20".  This means that only 20 FlowFiles will be loaded in to memory from the FlowFile repo at a time, allowing for recovery of a system encountering OutOfMemory errors (or similar).  This setting should be reset to "false" as soon as recovery is complete.
[main] INFO org.apache.nifi.rocksdb.RocksDBMetronome - [rsion_set.cc:4377] Recovering from manifest file: /tmp/junit4497576542199264199/testRecoveryMode/MANIFEST-000011

[main] INFO org.apache.nifi.rocksdb.RocksDBMetronome - [lumn_family.cc:550] --------------- Options for column family [default]:

[main] INFO org.apache.nifi.rocksdb.RocksDBMetronome - [lumn_family.cc:550] --------------- Options for column family [configuration.column.family]:

[main] INFO org.apache.nifi.rocksdb.RocksDBMetronome - [rsion_set.cc:4527] Recovered from manifest file:/tmp/junit4497576542199264199/testRecoveryMode/MANIFEST-000011 succeeded,manifest_file_number is 11, next_file_number is 13, last_sequence is 85, log_number is 10,prev_log_number is 0,max_column_family is 1,min_log_number_to_keep is 0

[main] INFO org.apache.nifi.rocksdb.RocksDBMetronome - [rsion_set.cc:4536] Column family [default] (ID 0), log number is 10

[main] INFO org.apache.nifi.rocksdb.RocksDBMetronome - [rsion_set.cc:4536] Column family [configuration.column.family] (ID 1), log number is 10

[main] INFO org.apache.nifi.rocksdb.RocksDBMetronome - EVENT_LOG_v1 {"time_micros": 1714609647229944, "job": 1, "event": "recovery_started", "log_files": [12]}
[main] INFO org.apache.nifi.rocksdb.RocksDBMetronome - [_impl/db_impl_open.cc:735] Recovering log #12 mode 2
[main] INFO org.apache.nifi.rocksdb.RocksDBMetronome - EVENT_LOG_v1 {"time_micros": 1714609647231831, "cf_name": "configuration.column.family", "job": 1, "event": "table_file_creation", "file_number": 13, "file_size": 884, "table_properties": {"data_size": 98, "index_size": 47, "index_partitions": 0, "top_level_index_size": 0, "index_key_is_user_key": 0, "index_value_is_delta_encoded": 0, "filter_size": 0, "raw_key_size": 29, "raw_average_key_size": 29, "raw_value_size": 53, "raw_average_value_size": 53, "num_data_blocks": 1, "num_entries": 1, "num_deletions": 0, "num_merge_operands": 0, "num_range_deletions": 0, "format_version": 0, "fixed_key_len": 0, "filter_policy": "", "column_family_name": "configuration.column.family", "column_family_id": 1, "comparator": "leveldb.BytewiseComparator", "merge_operator": "nullptr", "prefix_extractor_name": "nullptr", "property_collectors": "[]", "compression": "LZ4", "compression_options": "window_bits=-14; level=32767; strategy=0; max_dict_bytes=0; zstd_max_train_bytes=0; enabled=0; ", "creation_time": 1714609647, "oldest_key_time": 3, "file_creation_time": 0}}
[main] INFO org.apache.nifi.rocksdb.RocksDBMetronome - [rsion_set.cc:3788] Creating manifest 14

[main] INFO org.apache.nifi.rocksdb.RocksDBMetronome - EVENT_LOG_v1 {"time_micros": 1714609647236603, "job": 1, "event": "recovery_finished"}
[main] INFO org.apache.nifi.rocksdb.RocksDBMetronome - Initialized RocksDB Repository at /tmp/junit4497576542199264199/testRecoveryMode
[Thread-30] INFO org.apache.nifi.rocksdb.RocksDBMetronome - [_impl/db_impl.cc:858] ------- DUMPING STATS -------
[Thread-31] INFO org.apache.nifi.rocksdb.RocksDBMetronome - [_impl/db_impl.cc:859] 
** DB Stats **
Uptime(secs): 0,0 total, 0,0 interval
Cumulative writes: 0 writes, 0 keys, 0 commit groups, 0,0 writes per commit group, ingest: 0,00 GB, 0,00 MB/s
Cumulative WAL: 0 writes, 0 syncs, 0,00 writes per sync, written: 0,00 GB, 0,00 MB/s
Cumulative stall: 00:00:0,000 H:M:S, 0,0 percent
Interval writes: 0 writes, 0 keys, 0 commit groups, 0,0 writes per commit group, ingest: 0,00 MB, 0,00 MB/s
Interval WAL: 0 writes, 0 syncs, 0,00 writes per sync, written: 0,00 MB, 0,00 MB/s
Interval stall: 00:00:0,000 H:M:S, 0,0 percent

** Compaction Stats [default] **
Level    Files   Size     Score Read(GB)  Rn(GB) Rnp1(GB) Write(GB) Wnew(GB) Moved(GB) W-Amp Rd(MB/s) Wr(MB/s) Comp(sec) CompMergeCPU(sec) Comp(cnt) Avg(sec) KeyIn KeyDrop
----------------------------------------------------------------------------------------------------------------------------------------------------------------------------
  L0      1/0    2,61 KB   0,2      0,0     0,0      0,0       0,0      0,0       0,0   0,0      0,0      0,0      0,00              0,00         0    0,000       0      0
 Sum      1/0    2,61 KB   0,0      0,0     0,0      0,0       0,0      0,0       0,0   0,0      0,0      0,0      0,00              0,00         0    0,000       0      0
 Int      0/0    0,00 KB   0,0      0,0     0,0      0,0       0,0      0,0       0,0   0,0      0,0      0,0      0,00              0,00         0    0,000       0      0

** Compaction Stats [default] **
Priority    Files   Size     Score Read(GB)  Rn(GB) Rnp1(GB) Write(GB) Wnew(GB) Moved(GB) W-Amp Rd(MB/s) Wr(MB/s) Comp(sec) CompMergeCPU(sec) Comp(cnt) Avg(sec) KeyIn KeyDrop
-------------------------------------------------------------------------------------------------------------------------------------------------------------------------------
Uptime(secs): 0,0 total, 0,0 interval
Flush(GB): cumulative 0,000, interval 0,000
AddFile(GB): cumulative 0,000, interval 0,000
AddFile(Total Files): cumulative 0, interval 0
AddFile(L0 Files): cumulative 0, interval 0
AddFile(Keys): cumulative 0, interval 0
Cumulative compaction: 0,00 GB write, 0,00 MB/s write, 0,00 GB read, 0,00 MB/s read, 0,0 seconds
Interval compaction: 0,00 GB write, 0,00 MB/s write, 0,00 GB read, 0,00 MB/s read, 0,0 seconds
Stalls(count): 0 level0_slowdown, 0 level0_slowdown_with_compaction, 0 level0_numfiles, 0 level0_numfiles_with_compaction, 0 stop for pending_compaction_bytes, 0 slowdown for pending_compaction_bytes, 0 memtable_compaction, 0 memtable_slowdown, interval 0 total count

** File Read Latency Histogram By Level [default] **

** Compaction Stats [configuration.column.family] **
Level    Files   Size     Score Read(GB)  Rn(GB) Rnp1(GB) Write(GB) Wnew(GB) Moved(GB) W-Amp Rd(MB/s) Wr(MB/s) Comp(sec) CompMergeCPU(sec) Comp(cnt) Avg(sec) KeyIn KeyDrop
----------------------------------------------------------------------------------------------------------------------------------------------------------------------------
  L0      3/0    3,38 KB   0,8      0,0     0,0      0,0       0,0      0,0       0,0   1,0      0,0      0,5      0,00              0,00         1    0,002       0      0
 Sum      3/0    3,38 KB   0,0      0,0     0,0      0,0       0,0      0,0       0,0   1,0      0,0      0,5      0,00              0,00         1    0,002       0      0
 Int      0/0    0,00 KB   0,0      0,0     0,0      0,0       0,0      0,0       0,0   1,0      0,0      0,5      0,00              0,00         1    0,002       0      0

** Compaction Stats [configuration.column.family] **
Priority    Files   Size     Score Read(GB)  Rn(GB) Rnp1(GB) Write(GB) Wnew(GB) Moved(GB) W-Amp Rd(MB/s) Wr(MB/s) Comp(sec) CompMergeCPU(sec) Comp(cnt) Avg(sec) KeyIn KeyDrop
-------------------------------------------------------------------------------------------------------------------------------------------------------------------------------
User      0/0    0,00 KB   0,0      0,0     0,0      0,0       0,0      0,0       0,0   0,0      0,0      0,5      0,00              0,00         1    0,002       0      0
Uptime(secs): 0,0 total, 0,0 interval
Flush(GB): cumulative 0,000, interval 0,000
AddFile(GB): cumulative 0,000, interval 0,000
AddFile(Total Files): cumulative 0, interval 0
AddFile(L0 Files): cumulative 0, interval 0
AddFile(Keys): cumulative 0, interval 0
Cumulative compaction: 0,00 GB write, 0,07 MB/s write, 0,00 GB read, 0,00 MB/s read, 0,0 seconds
Interval compaction: 0,00 GB write, 0,07 MB/s write, 0,00 GB read, 0,00 MB/s read, 0,0 seconds
Stalls(count): 0 level0_slowdown, 0 level0_slowdown_with_compaction, 0 level0_numfiles, 0 level0_numfiles_with_compaction, 0 stop for pending_compaction_bytes, 0 slowdown for pending_compaction_bytes, 0 memtable_compaction, 0 memtable_slowdown, interval 0 total count

** File Read Latency Histogram By Level [configuration.column.family] **

** Compaction Stats [default] **
Level    Files   Size     Score Read(GB)  Rn(GB) Rnp1(GB) Write(GB) Wnew(GB) Moved(GB) W-Amp Rd(MB/s) Wr(MB/s) Comp(sec) CompMergeCPU(sec) Comp(cnt) Avg(sec) KeyIn KeyDrop
----------------------------------------------------------------------------------------------------------------------------------------------------------------------------
  L0      1/0    2,61 KB   0,2      0,0     0,0      0,0       0,0      0,0       0,0   0,0      0,0      0,0      0,00              0,00         0    0,000       0      0
 Sum      1/0    2,61 KB   0,0      0,0     0,0      0,0       0,0      0,0       0,0   0,0      0,0      0,0      0,00              0,00         0    0,000       0      0
 Int      0/0    0,00 KB   0,0      0,0     0,0      0,0       0,0      0,0       0,0   0,0      0,0      0,0      0,00              0,00         0    0,000       0      0

** Compaction Stats [default] **
Priority    Files   Size     Score Read(GB)  Rn(GB) Rnp1(GB) Write(GB) Wnew(GB) Moved(GB) W-Amp Rd(MB/s) Wr(MB/s) Comp(sec) CompMergeCPU(sec) Comp(cnt) Avg(sec) KeyIn KeyDrop
-------------------------------------------------------------------------------------------------------------------------------------------------------------------------------
Uptime(secs): 0,0 total, 0,0 interval
Flush(GB): cumulative 0,000, interval 0,000
AddFile(GB): cumulative 0,000, interval 0,000
AddFile(Total Files): cumulative 0, interval 0
AddFile(L0 Files): cumulative 0, interval 0
AddFile(Keys): cumulative 0, interval 0
Cumulative compaction: 0,00 GB write, 0,00 MB/s write, 0,00 GB read, 0,00 MB/s read, 0,0 seconds
Interval compaction: 0,00 GB write, 0,00 MB/s write, 0,00 GB read, 0,00 MB/s read, 0,0 seconds
Stalls(count): 0 level0_slowdown, 0 level0_slowdown_with_compaction, 0 level0_numfiles, 0 level0_numfiles_with_compaction, 0 stop for pending_compaction_bytes, 0 slowdown for pending_compaction_bytes, 0 memtable_compaction, 0 memtable_slowdown, interval 0 total count

** File Read Latency Histogram By Level [default] **

** Compaction Stats [configuration.column.family] **
Level    Files   Size     Score Read(GB)  Rn(GB) Rnp1(GB) Write(GB) Wnew(GB) Moved(GB) W-Amp Rd(MB/s) Wr(MB/s) Comp(sec) CompMergeCPU(sec) Comp(cnt) Avg(sec) KeyIn KeyDrop
----------------------------------------------------------------------------------------------------------------------------------------------------------------------------
  L0      3/0    3,38 KB   0,8      0,0     0,0      0,0       0,0      0,0       0,0   1,0      0,0      0,5      0,00              0,00         1    0,002       0      0
 Sum      3/0    3,38 KB   0,0      0,0     0,0      0,0       0,0      0,0       0,0   1,0      0,0      0,5      0,00              0,00         1    0,002       0      0
 Int      0/0    0,00 KB   0,0      0,0     0,0      0,0       0,0      0,0       0,0   0,0      0,0      0,0      0,00              0,00         0    0,000       0      0

** Compaction Stats [configuration.column.family] **
Priority    Files   Size     Score Read(GB)  Rn(GB) Rnp1(GB) Write(GB) Wnew(GB) Moved(GB) W-Amp Rd(MB/s) Wr(MB/s) Comp(sec) CompMergeCPU(sec) Comp(cnt) Avg(sec) KeyIn KeyDrop
-------------------------------------------------------------------------------------------------------------------------------------------------------------------------------
User      0/0    0,00 KB   0,0      0,0     0,0      0,0       0,0      0,0       0,0   0,0      0,0      0,5      0,00              0,00         1    0,002       0      0
Uptime(secs): 0,0 total, 0,0 interval
Flush(GB): cumulative 0,000, interval 0,000
AddFile(GB): cumulative 0,000, interval 0,000
AddFile(Total Files): cumulative 0, interval 0
AddFile(L0 Files): cumulative 0, interval 0
AddFile(Keys): cumulative 0, interval 0
Cumulative compaction: 0,00 GB write, 0,07 MB/s write, 0,00 GB read, 0,00 MB/s read, 0,0 seconds
Interval compaction: 0,00 GB write, 0,00 MB/s write, 0,00 GB read, 0,00 MB/s read, 0,0 seconds
Stalls(count): 0 level0_slowdown, 0 level0_slowdown_with_compaction, 0 level0_numfiles, 0 level0_numfiles_with_compaction, 0 stop for pending_compaction_bytes, 0 slowdown for pending_compaction_bytes, 0 memtable_compaction, 0 memtable_slowdown, interval 0 total count

** File Read Latency Histogram By Level [configuration.column.family] **

[main] INFO org.apache.nifi.controller.repository.RocksDBFlowFileRepository - Initialized FlowFile Repository at /tmp/junit4497576542199264199/testRecoveryMode
[main] INFO org.apache.nifi.controller.repository.RocksDBFlowFileRepository - Finished reading from rocksDB.  Read 50 records from disk
[main] INFO org.apache.nifi.controller.repository.RocksDBFlowFileRepository - Finished deserializing 50 records
[main] INFO org.apache.nifi.controller.repository.RocksDBFlowFileRepository - Successfully restored 20 FlowFiles in 123 milliseconds using 16 threads
[main] INFO org.apache.nifi.rocksdb.RocksDBMetronome - Closing RocksDBMetronome
[main] INFO org.apache.nifi.rocksdb.RocksDBMetronome - Shutting down RocksDBMetronome sync executor
[main] INFO org.apache.nifi.rocksdb.RocksDBMetronome - Pausing RocksDB background work
[main] INFO org.apache.nifi.rocksdb.RocksDBMetronome - Closing RocksDB configurations
[main] INFO org.apache.nifi.rocksdb.RocksDBMetronome - Closing RocksDB database
[main] INFO org.apache.nifi.rocksdb.RocksDBMetronome - [_impl/db_impl.cc:401] Shutdown: canceling all background work
[main] INFO org.apache.nifi.rocksdb.RocksDBMetronome - [_impl/db_impl.cc:582] Shutdown complete
[main] WARN org.apache.nifi.controller.repository.RocksDBFlowFileRepository - The property "nifi.flowfile.repository.rocksdb.enable.recovery.mode" is currently set to "true" and  "nifi.flowfile.repository.rocksdb.recovery.mode.flowfile.count" is set to  "30".  This means that only 30 FlowFiles will be loaded in to memory from the FlowFile repo at a time, allowing for recovery of a system encountering OutOfMemory errors (or similar).  This setting should be reset to "false" as soon as recovery is complete.
[main] INFO org.apache.nifi.rocksdb.RocksDBMetronome - [rsion_set.cc:4377] Recovering from manifest file: /tmp/junit4497576542199264199/testRecoveryMode/MANIFEST-000014

[main] INFO org.apache.nifi.rocksdb.RocksDBMetronome - [lumn_family.cc:550] --------------- Options for column family [default]:

[main] INFO org.apache.nifi.rocksdb.RocksDBMetronome - [lumn_family.cc:550] --------------- Options for column family [configuration.column.family]:

[main] INFO org.apache.nifi.rocksdb.RocksDBMetronome - [rsion_set.cc:4527] Recovered from manifest file:/tmp/junit4497576542199264199/testRecoveryMode/MANIFEST-000014 succeeded,manifest_file_number is 14, next_file_number is 16, last_sequence is 101, log_number is 13,prev_log_number is 0,max_column_family is 1,min_log_number_to_keep is 0

[main] INFO org.apache.nifi.rocksdb.RocksDBMetronome - [rsion_set.cc:4536] Column family [default] (ID 0), log number is 13

[main] INFO org.apache.nifi.rocksdb.RocksDBMetronome - [rsion_set.cc:4536] Column family [configuration.column.family] (ID 1), log number is 13

[main] INFO org.apache.nifi.rocksdb.RocksDBMetronome - EVENT_LOG_v1 {"time_micros": 1714609647369794, "job": 1, "event": "recovery_started", "log_files": [15]}
[main] INFO org.apache.nifi.rocksdb.RocksDBMetronome - [_impl/db_impl_open.cc:735] Recovering log #15 mode 2
[main] INFO org.apache.nifi.rocksdb.RocksDBMetronome - EVENT_LOG_v1 {"time_micros": 1714609647371506, "cf_name": "configuration.column.family", "job": 1, "event": "table_file_creation", "file_number": 16, "file_size": 884, "table_properties": {"data_size": 98, "index_size": 47, "index_partitions": 0, "top_level_index_size": 0, "index_key_is_user_key": 0, "index_value_is_delta_encoded": 0, "filter_size": 0, "raw_key_size": 29, "raw_average_key_size": 29, "raw_value_size": 53, "raw_average_value_size": 53, "num_data_blocks": 1, "num_entries": 1, "num_deletions": 0, "num_merge_operands": 0, "num_range_deletions": 0, "format_version": 0, "fixed_key_len": 0, "filter_policy": "", "column_family_name": "configuration.column.family", "column_family_id": 1, "comparator": "leveldb.BytewiseComparator", "merge_operator": "nullptr", "prefix_extractor_name": "nullptr", "property_collectors": "[]", "compression": "LZ4", "compression_options": "window_bits=-14; level=32767; strategy=0; max_dict_bytes=0; zstd_max_train_bytes=0; enabled=0; ", "creation_time": 1714609647, "oldest_key_time": 3, "file_creation_time": 0}}
[main] INFO org.apache.nifi.rocksdb.RocksDBMetronome - [rsion_set.cc:3788] Creating manifest 17

[main] INFO org.apache.nifi.rocksdb.RocksDBMetronome - EVENT_LOG_v1 {"time_micros": 1714609647375713, "job": 1, "event": "recovery_finished"}
[main] INFO org.apache.nifi.rocksdb.RocksDBMetronome - Initialized RocksDB Repository at /tmp/junit4497576542199264199/testRecoveryMode
[Thread-32] INFO org.apache.nifi.rocksdb.RocksDBMetronome - [_impl/db_impl.cc:858] ------- DUMPING STATS -------
[Thread-33] INFO org.apache.nifi.rocksdb.RocksDBMetronome - [mpaction/compaction_job.cc:1671] [configuration.column.family] [JOB 3] Compacting 4@0 files to L1, score 1,00
[Thread-35] INFO org.apache.nifi.rocksdb.RocksDBMetronome - [mpaction/compaction_job.cc:1675] [configuration.column.family] Compaction start summary: Base version 5 Base level 0, inputs: [16(884B) 13(884B) 10(884B) 7(1690B)]

[Thread-34] INFO org.apache.nifi.rocksdb.RocksDBMetronome - [_impl/db_impl.cc:859] 
** DB Stats **
Uptime(secs): 0,0 total, 0,0 interval
Cumulative writes: 0 writes, 0 keys, 0 commit groups, 0,0 writes per commit group, ingest: 0,00 GB, 0,00 MB/s
Cumulative WAL: 0 writes, 0 syncs, 0,00 writes per sync, written: 0,00 GB, 0,00 MB/s
Cumulative stall: 00:00:0,000 H:M:S, 0,0 percent
Interval writes: 0 writes, 0 keys, 0 commit groups, 0,0 writes per commit group, ingest: 0,00 MB, 0,00 MB/s
Interval WAL: 0 writes, 0 syncs, 0,00 writes per sync, written: 0,00 MB, 0,00 MB/s
Interval stall: 00:00:0,000 H:M:S, 0,0 percent

** Compaction Stats [default] **
Level    Files   Size     Score Read(GB)  Rn(GB) Rnp1(GB) Write(GB) Wnew(GB) Moved(GB) W-Amp Rd(MB/s) Wr(MB/s) Comp(sec) CompMergeCPU(sec) Comp(cnt) Avg(sec) KeyIn KeyDrop
----------------------------------------------------------------------------------------------------------------------------------------------------------------------------
  L0      1/0    2,61 KB   0,2      0,0     0,0      0,0       0,0      0,0       0,0   0,0      0,0      0,0      0,00              0,00         0    0,000       0      0
 Sum      1/0    2,61 KB   0,0      0,0     0,0      0,0       0,0      0,0       0,0   0,0      0,0      0,0      0,00              0,00         0    0,000       0      0
 Int      0/0    0,00 KB   0,0      0,0     0,0      0,0       0,0      0,0       0,0   0,0      0,0      0,0      0,00              0,00         0    0,000       0      0

** Compaction Stats [default] **
Priority    Files   Size     Score Read(GB)  Rn(GB) Rnp1(GB) Write(GB) Wnew(GB) Moved(GB) W-Amp Rd(MB/s) Wr(MB/s) Comp(sec) CompMergeCPU(sec) Comp(cnt) Avg(sec) KeyIn KeyDrop
-------------------------------------------------------------------------------------------------------------------------------------------------------------------------------
Uptime(secs): 0,0 total, 0,0 interval
Flush(GB): cumulative 0,000, interval 0,000
AddFile(GB): cumulative 0,000, interval 0,000
AddFile(Total Files): cumulative 0, interval 0
AddFile(L0 Files): cumulative 0, interval 0
AddFile(Keys): cumulative 0, interval 0
Cumulative compaction: 0,00 GB write, 0,00 MB/s write, 0,00 GB read, 0,00 MB/s read, 0,0 seconds
Interval compaction: 0,00 GB write, 0,00 MB/s write, 0,00 GB read, 0,00 MB/s read, 0,0 seconds
Stalls(count): 0 level0_slowdown, 0 level0_slowdown_with_compaction, 0 level0_numfiles, 0 level0_numfiles_with_compaction, 0 stop for pending_compaction_bytes, 0 slowdown for pending_compaction_bytes, 0 memtable_compaction, 0 memtable_slowdown, interval 0 total count

** File Read Latency Histogram By Level [default] **

** Compaction Stats [configuration.column.family] **
Level    Files   Size     Score Read(GB)  Rn(GB) Rnp1(GB) Write(GB) Wnew(GB) Moved(GB) W-Amp Rd(MB/s) Wr(MB/s) Comp(sec) CompMergeCPU(sec) Comp(cnt) Avg(sec) KeyIn KeyDrop
----------------------------------------------------------------------------------------------------------------------------------------------------------------------------
  L0      4/0    4,24 KB   1,0      0,0     0,0      0,0       0,0      0,0       0,0   1,0      0,0      0,5      0,00              0,00         1    0,002       0      0
 Sum      4/0    4,24 KB   0,0      0,0     0,0      0,0       0,0      0,0       0,0   1,0      0,0      0,5      0,00              0,00         1    0,002       0      0
 Int      0/0    0,00 KB   0,0      0,0     0,0      0,0       0,0      0,0       0,0   1,0      0,0      0,5      0,00              0,00         1    0,002       0      0

** Compaction Stats [configuration.column.family] **
Priority    Files   Size     Score Read(GB)  Rn(GB) Rnp1(GB) Write(GB) Wnew(GB) Moved(GB) W-Amp Rd(MB/s) Wr(MB/s) Comp(sec) CompMergeCPU(sec) Comp(cnt) Avg(sec) KeyIn KeyDrop
-------------------------------------------------------------------------------------------------------------------------------------------------------------------------------
User      0/0    0,00 KB   0,0      0,0     0,0      0,0       0,0      0,0       0,0   0,0      0,0      0,5      0,00              0,00         1    0,002       0      0
Uptime(secs): 0,0 total, 0,0 interval
Flush(GB): cumulative 0,000, interval 0,000
AddFile(GB): cumulative 0,000, interval 0,000
AddFile(Total Files): cumulative 0, interval 0
AddFile(L0 Files): cumulative 0, interval 0
AddFile(Keys): cumulative 0, interval 0
Cumulative compaction: 0,00 GB write, 0,07 MB/s write, 0,00 GB read, 0,00 MB/s read, 0,0 seconds
Interval compaction: 0,00 GB write, 0,07 MB/s write, 0,00 GB read, 0,00 MB/s read, 0,0 seconds
Stalls(count): 0 level0_slowdown, 0 level0_slowdown_with_compaction, 0 level0_numfiles, 0 level0_numfiles_with_compaction, 0 stop for pending_compaction_bytes, 0 slowdown for pending_compaction_bytes, 0 memtable_compaction, 0 memtable_slowdown, interval 0 total count

** File Read Latency Histogram By Level [configuration.column.family] **

** Compaction Stats [default] **
Level    Files   Size     Score Read(GB)  Rn(GB) Rnp1(GB) Write(GB) Wnew(GB) Moved(GB) W-Amp Rd(MB/s) Wr(MB/s) Comp(sec) CompMergeCPU(sec) Comp(cnt) Avg(sec) KeyIn KeyDrop
----------------------------------------------------------------------------------------------------------------------------------------------------------------------------
  L0      1/0    2,61 KB   0,2      0,0     0,0      0,0       0,0      0,0       0,0   0,0      0,0      0,0      0,00              0,00         0    0,000       0      0
 Sum      1/0    2,61 KB   0,0      0,0     0,0      0,0       0,0      0,0       0,0   0,0      0,0      0,0      0,00              0,00         0    0,000       0      0
 Int      0/0    0,00 KB   0,0      0,0     0,0      0,0       0,0      0,0       0,0   0,0      0,0      0,0      0,00              0,00         0    0,000       0      0

** Compaction Stats [default] **
Priority    Files   Size     Score Read(GB)  Rn(GB) Rnp1(GB) Write(GB) Wnew(GB) Moved(GB) W-Amp Rd(MB/s) Wr(MB/s) Comp(sec) CompMergeCPU(sec) Comp(cnt) Avg(sec) KeyIn KeyDrop
-------------------------------------------------------------------------------------------------------------------------------------------------------------------------------
Uptime(secs): 0,0 total, 0,0 interval
Flush(GB): cumulative 0,000, interval 0,000
AddFile(GB): cumulative 0,000, interval 0,000
AddFile(Total Files): cumulative 0, interval 0
AddFile(L0 Files): cumulative 0, interval 0
AddFile(Keys): cumulative 0, interval 0
Cumulative compaction: 0,00 GB write, 0,00 MB/s write, 0,00 GB read, 0,00 MB/s read, 0,0 seconds
Interval compaction: 0,00 GB write, 0,00 MB/s write, 0,00 GB read, 0,00 MB/s read, 0,0 seconds
Stalls(count): 0 level0_slowdown, 0 level0_slowdown_with_compaction, 0 level0_numfiles, 0 level0_numfiles_with_compaction, 0 stop for pending_compaction_bytes, 0 slowdown for pending_compaction_bytes, 0 memtable_compaction, 0 memtable_slowdown, interval 0 total count

** File Read Latency Histogram By Level [default] **

** Compaction Stats [configuration.column.family] **
Level    Files   Size     Score Read(GB)  Rn(GB) Rnp1(GB) Write(GB) Wnew(GB) Moved(GB) W-Amp Rd(MB/s) Wr(MB/s) Comp(sec) CompMergeCPU(sec) Comp(cnt) Avg(sec) KeyIn KeyDrop
----------------------------------------------------------------------------------------------------------------------------------------------------------------------------
  L0      4/0    4,24 KB   1,0      0,0     0,0      0,0       0,0      0,0       0,0   1,0      0,0      0,5      0,00              0,00         1    0,002       0      0
 Sum      4/0    4,24 KB   0,0      0,0     0,0      0,0       0,0      0,0       0,0   1,0      0,0      0,5      0,00              0,00         1    0,002       0      0
 Int      0/0    0,00 KB   0,0      0,0     0,0      0,0       0,0      0,0       0,0   0,0      0,0      0,0      0,00              0,00         0    0,000       0      0

** Compaction Stats [configuration.column.family] **
Priority    Files   Size     Score Read(GB)  Rn(GB) Rnp1(GB) Write(GB) Wnew(GB) Moved(GB) W-Amp Rd(MB/s) Wr(MB/s) Comp(sec) CompMergeCPU(sec) Comp(cnt) Avg(sec) KeyIn KeyDrop
-------------------------------------------------------------------------------------------------------------------------------------------------------------------------------
User      0/0    0,00 KB   0,0      0,0     0,0      0,0       0,0      0,0       0,0   0,0      0,0      0,5      0,00              0,00         1    0,002       0      0
Uptime(secs): 0,0 total, 0,0 interval
Flush(GB): cumulative 0,000, interval 0,000
AddFile(GB): cumulative 0,000, interval 0,000
AddFile(Total Files): cumulative 0, interval 0
AddFile(L0 Files): cumulative 0, interval 0
AddFile(Keys): cumulative 0, interval 0
Cumulative compaction: 0,00 GB write, 0,07 MB/s write, 0,00 GB read, 0,00 MB/s read, 0,0 seconds
Interval compaction: 0,00 GB write, 0,00 MB/s write, 0,00 GB read, 0,00 MB/s read, 0,0 seconds
Stalls(count): 0 level0_slowdown, 0 level0_slowdown_with_compaction, 0 level0_numfiles, 0 level0_numfiles_with_compaction, 0 stop for pending_compaction_bytes, 0 slowdown for pending_compaction_bytes, 0 memtable_compaction, 0 memtable_slowdown, interval 0 total count

** File Read Latency Histogram By Level [configuration.column.family] **

[Thread-36] INFO org.apache.nifi.rocksdb.RocksDBMetronome - EVENT_LOG_v1 {"time_micros": 1714609647380078, "job": 3, "event": "compaction_started", "compaction_reason": "LevelL0FilesNum", "files_L0": [16, 13, 10, 7], "score": 1, "input_data_size": 4342}
[main] INFO org.apache.nifi.controller.repository.RocksDBFlowFileRepository - Initialized FlowFile Repository at /tmp/junit4497576542199264199/testRecoveryMode
[Thread-37] INFO org.apache.nifi.rocksdb.RocksDBMetronome - [mpaction/compaction_job.cc:1350] [configuration.column.family] [JOB 3] Generated table #21: 4 keys, 1707 bytes
[Thread-38] INFO org.apache.nifi.rocksdb.RocksDBMetronome - EVENT_LOG_v1 {"time_micros": 1714609647382342, "cf_name": "configuration.column.family", "job": 3, "event": "table_file_creation", "file_number": 21, "file_size": 1707, "table_properties": {"data_size": 875, "index_size": 68, "index_partitions": 0, "top_level_index_size": 0, "index_key_is_user_key": 0, "index_value_is_delta_encoded": 0, "filter_size": 0, "raw_key_size": 99, "raw_average_key_size": 24, "raw_value_size": 7329, "raw_average_value_size": 1832, "num_data_blocks": 2, "num_entries": 4, "num_deletions": 0, "num_merge_operands": 0, "num_range_deletions": 0, "format_version": 0, "fixed_key_len": 0, "filter_policy": "", "column_family_name": "configuration.column.family", "column_family_id": 1, "comparator": "leveldb.BytewiseComparator", "merge_operator": "nullptr", "prefix_extractor_name": "nullptr", "property_collectors": "[]", "compression": "LZ4", "compression_options": "window_bits=-14; level=32767; strategy=0; max_dict_bytes=0; zstd_max_train_bytes=0; enabled=0; ", "creation_time": 1714609646, "oldest_key_time": 0, "file_creation_time": 1714609647}}
[main] INFO org.apache.nifi.controller.repository.RocksDBFlowFileRepository - Finished reading from rocksDB.  Read 50 records from disk
[Thread-39] INFO org.apache.nifi.rocksdb.RocksDBMetronome - [mpaction/compaction_job.cc:1416] [configuration.column.family] [JOB 3] Compacted 4@0 files to L1 => 1707 bytes
[Thread-40] INFO org.apache.nifi.rocksdb.RocksDBMetronome - (Original Log Time 2024/05/02-01:27:27.386260) [mpaction/compaction_job.cc:765] [configuration.column.family] compacted to: files[0 1 0 0 0 0 0] max score 0,00, MB/sec: 2,1 rd, 0,8 wr, level 1, files in(4, 0) out(1) MB in(0,0, 0,0) out(0,0), read-write-amplify(1,4) write-amplify(0,4) OK, records in: 7, records dropped: 3 output_compression: LZ4

[Thread-41] INFO org.apache.nifi.rocksdb.RocksDBMetronome - (Original Log Time 2024/05/02-01:27:27.386300) EVENT_LOG_v1 {"time_micros": 1714609647386291, "job": 3, "event": "compaction_finished", "compaction_time_micros": 2091, "compaction_time_cpu_micros": 769, "output_level": 1, "num_output_files": 1, "total_output_size": 1707, "num_input_records": 7, "num_output_records": 4, "num_subcompactions": 1, "output_compression": "LZ4", "num_single_delete_mismatches": 0, "num_single_delete_fallthrough": 0, "lsm_state": [0, 1, 0, 0, 0, 0, 0]}
[Thread-43] INFO org.apache.nifi.rocksdb.RocksDBMetronome - EVENT_LOG_v1 {"time_micros": 1714609647386658, "job": 3, "event": "table_file_deletion", "file_number": 16}
[Thread-45] INFO org.apache.nifi.rocksdb.RocksDBMetronome - EVENT_LOG_v1 {"time_micros": 1714609647386789, "job": 3, "event": "table_file_deletion", "file_number": 13}
[Thread-47] INFO org.apache.nifi.rocksdb.RocksDBMetronome - EVENT_LOG_v1 {"time_micros": 1714609647386917, "job": 3, "event": "table_file_deletion", "file_number": 10}
[Thread-49] INFO org.apache.nifi.rocksdb.RocksDBMetronome - EVENT_LOG_v1 {"time_micros": 1714609647387042, "job": 3, "event": "table_file_deletion", "file_number": 7}
[main] INFO org.apache.nifi.controller.repository.RocksDBFlowFileRepository - Finished deserializing 50 records
[main] INFO org.apache.nifi.controller.repository.RocksDBFlowFileRepository - Successfully restored 30 FlowFiles in 116 milliseconds using 16 threads
[main] INFO org.apache.nifi.rocksdb.RocksDBMetronome - Closing RocksDBMetronome
[main] INFO org.apache.nifi.rocksdb.RocksDBMetronome - Shutting down RocksDBMetronome sync executor
[main] INFO org.apache.nifi.rocksdb.RocksDBMetronome - Pausing RocksDB background work
[main] INFO org.apache.nifi.rocksdb.RocksDBMetronome - Closing RocksDB configurations
[main] INFO org.apache.nifi.rocksdb.RocksDBMetronome - Closing RocksDB database
[main] INFO org.apache.nifi.rocksdb.RocksDBMetronome - [_impl/db_impl.cc:401] Shutdown: canceling all background work
[main] INFO org.apache.nifi.rocksdb.RocksDBMetronome - [_impl/db_impl.cc:582] Shutdown complete
[main] WARN org.apache.nifi.controller.repository.RocksDBFlowFileRepository - The property "nifi.flowfile.repository.rocksdb.enable.recovery.mode" is currently set to "true" and  "nifi.flowfile.repository.rocksdb.recovery.mode.flowfile.count" is set to  "40".  This means that only 40 FlowFiles will be loaded in to memory from the FlowFile repo at a time, allowing for recovery of a system encountering OutOfMemory errors (or similar).  This setting should be reset to "false" as soon as recovery is complete.
[main] INFO org.apache.nifi.rocksdb.RocksDBMetronome - [rsion_set.cc:4377] Recovering from manifest file: /tmp/junit4497576542199264199/testRecoveryMode/MANIFEST-000017

[main] INFO org.apache.nifi.rocksdb.RocksDBMetronome - [lumn_family.cc:550] --------------- Options for column family [default]:

[main] INFO org.apache.nifi.rocksdb.RocksDBMetronome - [lumn_family.cc:550] --------------- Options for column family [configuration.column.family]:

[main] INFO org.apache.nifi.rocksdb.RocksDBMetronome - [rsion_set.cc:4527] Recovered from manifest file:/tmp/junit4497576542199264199/testRecoveryMode/MANIFEST-000017 succeeded,manifest_file_number is 17, next_file_number is 23, last_sequence is 117, log_number is 16,prev_log_number is 0,max_column_family is 1,min_log_number_to_keep is 0

[main] INFO org.apache.nifi.rocksdb.RocksDBMetronome - [rsion_set.cc:4536] Column family [default] (ID 0), log number is 16

[main] INFO org.apache.nifi.rocksdb.RocksDBMetronome - [rsion_set.cc:4536] Column family [configuration.column.family] (ID 1), log number is 16

[main] INFO org.apache.nifi.rocksdb.RocksDBMetronome - EVENT_LOG_v1 {"time_micros": 1714609647500619, "job": 1, "event": "recovery_started", "log_files": [18]}
[main] INFO org.apache.nifi.rocksdb.RocksDBMetronome - [_impl/db_impl_open.cc:735] Recovering log #18 mode 2
[main] INFO org.apache.nifi.rocksdb.RocksDBMetronome - EVENT_LOG_v1 {"time_micros": 1714609647502547, "cf_name": "configuration.column.family", "job": 1, "event": "table_file_creation", "file_number": 23, "file_size": 884, "table_properties": {"data_size": 98, "index_size": 47, "index_partitions": 0, "top_level_index_size": 0, "index_key_is_user_key": 0, "index_value_is_delta_encoded": 0, "filter_size": 0, "raw_key_size": 29, "raw_average_key_size": 29, "raw_value_size": 53, "raw_average_value_size": 53, "num_data_blocks": 1, "num_entries": 1, "num_deletions": 0, "num_merge_operands": 0, "num_range_deletions": 0, "format_version": 0, "fixed_key_len": 0, "filter_policy": "", "column_family_name": "configuration.column.family", "column_family_id": 1, "comparator": "leveldb.BytewiseComparator", "merge_operator": "nullptr", "prefix_extractor_name": "nullptr", "property_collectors": "[]", "compression": "LZ4", "compression_options": "window_bits=-14; level=32767; strategy=0; max_dict_bytes=0; zstd_max_train_bytes=0; enabled=0; ", "creation_time": 1714609647, "oldest_key_time": 3, "file_creation_time": 0}}
[main] INFO org.apache.nifi.rocksdb.RocksDBMetronome - [rsion_set.cc:3788] Creating manifest 24

[main] INFO org.apache.nifi.rocksdb.RocksDBMetronome - EVENT_LOG_v1 {"time_micros": 1714609647506362, "job": 1, "event": "recovery_finished"}
[main] INFO org.apache.nifi.rocksdb.RocksDBMetronome - Initialized RocksDB Repository at /tmp/junit4497576542199264199/testRecoveryMode
[Thread-50] INFO org.apache.nifi.rocksdb.RocksDBMetronome - [_impl/db_impl.cc:858] ------- DUMPING STATS -------
[Thread-51] INFO org.apache.nifi.rocksdb.RocksDBMetronome - [_impl/db_impl.cc:859] 
** DB Stats **
Uptime(secs): 0,0 total, 0,0 interval
Cumulative writes: 0 writes, 0 keys, 0 commit groups, 0,0 writes per commit group, ingest: 0,00 GB, 0,00 MB/s
Cumulative WAL: 0 writes, 0 syncs, 0,00 writes per sync, written: 0,00 GB, 0,00 MB/s
Cumulative stall: 00:00:0,000 H:M:S, 0,0 percent
Interval writes: 0 writes, 0 keys, 0 commit groups, 0,0 writes per commit group, ingest: 0,00 MB, 0,00 MB/s
Interval WAL: 0 writes, 0 syncs, 0,00 writes per sync, written: 0,00 MB, 0,00 MB/s
Interval stall: 00:00:0,000 H:M:S, 0,0 percent

** Compaction Stats [default] **
Level    Files   Size     Score Read(GB)  Rn(GB) Rnp1(GB) Write(GB) Wnew(GB) Moved(GB) W-Amp Rd(MB/s) Wr(MB/s) Comp(sec) CompMergeCPU(sec) Comp(cnt) Avg(sec) KeyIn KeyDrop
----------------------------------------------------------------------------------------------------------------------------------------------------------------------------
  L0      1/0    2,61 KB   0,2      0,0     0,0      0,0       0,0      0,0       0,0   0,0      0,0      0,0      0,00              0,00         0    0,000       0      0
 Sum      1/0    2,61 KB   0,0      0,0     0,0      0,0       0,0      0,0       0,0   0,0      0,0      0,0      0,00              0,00         0    0,000       0      0
 Int      0/0    0,00 KB   0,0      0,0     0,0      0,0       0,0      0,0       0,0   0,0      0,0      0,0      0,00              0,00         0    0,000       0      0

** Compaction Stats [default] **
Priority    Files   Size     Score Read(GB)  Rn(GB) Rnp1(GB) Write(GB) Wnew(GB) Moved(GB) W-Amp Rd(MB/s) Wr(MB/s) Comp(sec) CompMergeCPU(sec) Comp(cnt) Avg(sec) KeyIn KeyDrop
-------------------------------------------------------------------------------------------------------------------------------------------------------------------------------
Uptime(secs): 0,0 total, 0,0 interval
Flush(GB): cumulative 0,000, interval 0,000
AddFile(GB): cumulative 0,000, interval 0,000
AddFile(Total Files): cumulative 0, interval 0
AddFile(L0 Files): cumulative 0, interval 0
AddFile(Keys): cumulative 0, interval 0
Cumulative compaction: 0,00 GB write, 0,00 MB/s write, 0,00 GB read, 0,00 MB/s read, 0,0 seconds
Interval compaction: 0,00 GB write, 0,00 MB/s write, 0,00 GB read, 0,00 MB/s read, 0,0 seconds
Stalls(count): 0 level0_slowdown, 0 level0_slowdown_with_compaction, 0 level0_numfiles, 0 level0_numfiles_with_compaction, 0 stop for pending_compaction_bytes, 0 slowdown for pending_compaction_bytes, 0 memtable_compaction, 0 memtable_slowdown, interval 0 total count

** File Read Latency Histogram By Level [default] **

** Compaction Stats [configuration.column.family] **
Level    Files   Size     Score Read(GB)  Rn(GB) Rnp1(GB) Write(GB) Wnew(GB) Moved(GB) W-Amp Rd(MB/s) Wr(MB/s) Comp(sec) CompMergeCPU(sec) Comp(cnt) Avg(sec) KeyIn KeyDrop
----------------------------------------------------------------------------------------------------------------------------------------------------------------------------
  L0      1/0    0,86 KB   0,2      0,0     0,0      0,0       0,0      0,0       0,0   1,0      0,0      0,5      0,00              0,00         1    0,002       0      0
  L1      1/0    1,67 KB   0,0      0,0     0,0      0,0       0,0      0,0       0,0   0,0      0,0      0,0      0,00              0,00         0    0,000       0      0
 Sum      2/0    2,53 KB   0,0      0,0     0,0      0,0       0,0      0,0       0,0   1,0      0,0      0,5      0,00              0,00         1    0,002       0      0
 Int      0/0    0,00 KB   0,0      0,0     0,0      0,0       0,0      0,0       0,0   1,0      0,0      0,5      0,00              0,00         1    0,002       0      0

** Compaction Stats [configuration.column.family] **
Priority    Files   Size     Score Read(GB)  Rn(GB) Rnp1(GB) Write(GB) Wnew(GB) Moved(GB) W-Amp Rd(MB/s) Wr(MB/s) Comp(sec) CompMergeCPU(sec) Comp(cnt) Avg(sec) KeyIn KeyDrop
-------------------------------------------------------------------------------------------------------------------------------------------------------------------------------
User      0/0    0,00 KB   0,0      0,0     0,0      0,0       0,0      0,0       0,0   0,0      0,0      0,5      0,00              0,00         1    0,002       0      0
Uptime(secs): 0,0 total, 0,0 interval
Flush(GB): cumulative 0,000, interval 0,000
AddFile(GB): cumulative 0,000, interval 0,000
AddFile(Total Files): cumulative 0, interval 0
AddFile(L0 Files): cumulative 0, interval 0
AddFile(Keys): cumulative 0, interval 0
Cumulative compaction: 0,00 GB write, 0,08 MB/s write, 0,00 GB read, 0,00 MB/s read, 0,0 seconds
Interval compaction: 0,00 GB write, 0,08 MB/s write, 0,00 GB read, 0,00 MB/s read, 0,0 seconds
Stalls(count): 0 level0_slowdown, 0 level0_slowdown_with_compaction, 0 level0_numfiles, 0 level0_numfiles_with_compaction, 0 stop for pending_compaction_bytes, 0 slowdown for pending_compaction_bytes, 0 memtable_compaction, 0 memtable_slowdown, interval 0 total count

** File Read Latency Histogram By Level [configuration.column.family] **

** Compaction Stats [default] **
Level    Files   Size     Score Read(GB)  Rn(GB) Rnp1(GB) Write(GB) Wnew(GB) Moved(GB) W-Amp Rd(MB/s) Wr(MB/s) Comp(sec) CompMergeCPU(sec) Comp(cnt) Avg(sec) KeyIn KeyDrop
----------------------------------------------------------------------------------------------------------------------------------------------------------------------------
  L0      1/0    2,61 KB   0,2      0,0     0,0      0,0       0,0      0,0       0,0   0,0      0,0      0,0      0,00              0,00         0    0,000       0      0
 Sum      1/0    2,61 KB   0,0      0,0     0,0      0,0       0,0      0,0       0,0   0,0      0,0      0,0      0,00              0,00         0    0,000       0      0
 Int      0/0    0,00 KB   0,0      0,0     0,0      0,0       0,0      0,0       0,0   0,0      0,0      0,0      0,00              0,00         0    0,000       0      0

** Compaction Stats [default] **
Priority    Files   Size     Score Read(GB)  Rn(GB) Rnp1(GB) Write(GB) Wnew(GB) Moved(GB) W-Amp Rd(MB/s) Wr(MB/s) Comp(sec) CompMergeCPU(sec) Comp(cnt) Avg(sec) KeyIn KeyDrop
-------------------------------------------------------------------------------------------------------------------------------------------------------------------------------
Uptime(secs): 0,0 total, 0,0 interval
Flush(GB): cumulative 0,000, interval 0,000
AddFile(GB): cumulative 0,000, interval 0,000
AddFile(Total Files): cumulative 0, interval 0
AddFile(L0 Files): cumulative 0, interval 0
AddFile(Keys): cumulative 0, interval 0
Cumulative compaction: 0,00 GB write, 0,00 MB/s write, 0,00 GB read, 0,00 MB/s read, 0,0 seconds
Interval compaction: 0,00 GB write, 0,00 MB/s write, 0,00 GB read, 0,00 MB/s read, 0,0 seconds
Stalls(count): 0 level0_slowdown, 0 level0_slowdown_with_compaction, 0 level0_numfiles, 0 level0_numfiles_with_compaction, 0 stop for pending_compaction_bytes, 0 slowdown for pending_compaction_bytes, 0 memtable_compaction, 0 memtable_slowdown, interval 0 total count

** File Read Latency Histogram By Level [default] **

** Compaction Stats [configuration.column.family] **
Level    Files   Size     Score Read(GB)  Rn(GB) Rnp1(GB) Write(GB) Wnew(GB) Moved(GB) W-Amp Rd(MB/s) Wr(MB/s) Comp(sec) CompMergeCPU(sec) Comp(cnt) Avg(sec) KeyIn KeyDrop
----------------------------------------------------------------------------------------------------------------------------------------------------------------------------
  L0      1/0    0,86 KB   0,2      0,0     0,0      0,0       0,0      0,0       0,0   1,0      0,0      0,5      0,00              0,00         1    0,002       0      0
  L1      1/0    1,67 KB   0,0      0,0     0,0      0,0       0,0      0,0       0,0   0,0      0,0      0,0      0,00              0,00         0    0,000       0      0
 Sum      2/0    2,53 KB   0,0      0,0     0,0      0,0       0,0      0,0       0,0   1,0      0,0      0,5      0,00              0,00         1    0,002       0      0
 Int      0/0    0,00 KB   0,0      0,0     0,0      0,0       0,0      0,0       0,0   0,0      0,0      0,0      0,00              0,00         0    0,000       0      0

** Compaction Stats [configuration.column.family] **
Priority    Files   Size     Score Read(GB)  Rn(GB) Rnp1(GB) Write(GB) Wnew(GB) Moved(GB) W-Amp Rd(MB/s) Wr(MB/s) Comp(sec) CompMergeCPU(sec) Comp(cnt) Avg(sec) KeyIn KeyDrop
-------------------------------------------------------------------------------------------------------------------------------------------------------------------------------
User      0/0    0,00 KB   0,0      0,0     0,0      0,0       0,0      0,0       0,0   0,0      0,0      0,5      0,00              0,00         1    0,002       0      0
Uptime(secs): 0,0 total, 0,0 interval
Flush(GB): cumulative 0,000, interval 0,000
AddFile(GB): cumulative 0,000, interval 0,000
AddFile(Total Files): cumulative 0, interval 0
AddFile(L0 Files): cumulative 0, interval 0
AddFile(Keys): cumulative 0, interval 0
Cumulative compaction: 0,00 GB write, 0,08 MB/s write, 0,00 GB read, 0,00 MB/s read, 0,0 seconds
Interval compaction: 0,00 GB write, 0,00 MB/s write, 0,00 GB read, 0,00 MB/s read, 0,0 seconds
Stalls(count): 0 level0_slowdown, 0 level0_slowdown_with_compaction, 0 level0_numfiles, 0 level0_numfiles_with_compaction, 0 stop for pending_compaction_bytes, 0 slowdown for pending_compaction_bytes, 0 memtable_compaction, 0 memtable_slowdown, interval 0 total count

** File Read Latency Histogram By Level [configuration.column.family] **

[main] INFO org.apache.nifi.controller.repository.RocksDBFlowFileRepository - Initialized FlowFile Repository at /tmp/junit4497576542199264199/testRecoveryMode
[main] INFO org.apache.nifi.controller.repository.RocksDBFlowFileRepository - Finished reading from rocksDB.  Read 50 records from disk
[main] INFO org.apache.nifi.controller.repository.RocksDBFlowFileRepository - Finished deserializing 50 records
[main] INFO org.apache.nifi.controller.repository.RocksDBFlowFileRepository - Successfully restored 40 FlowFiles in 124 milliseconds using 16 threads
[main] INFO org.apache.nifi.rocksdb.RocksDBMetronome - Closing RocksDBMetronome
[main] INFO org.apache.nifi.rocksdb.RocksDBMetronome - Shutting down RocksDBMetronome sync executor
[main] INFO org.apache.nifi.rocksdb.RocksDBMetronome - Pausing RocksDB background work
[main] INFO org.apache.nifi.rocksdb.RocksDBMetronome - Closing RocksDB configurations
[main] INFO org.apache.nifi.rocksdb.RocksDBMetronome - Closing RocksDB database
[main] INFO org.apache.nifi.rocksdb.RocksDBMetronome - [_impl/db_impl.cc:401] Shutdown: canceling all background work
[main] INFO org.apache.nifi.rocksdb.RocksDBMetronome - [_impl/db_impl.cc:582] Shutdown complete
[main] WARN org.apache.nifi.controller.repository.RocksDBFlowFileRepository - The property "nifi.flowfile.repository.rocksdb.enable.recovery.mode" is currently set to "true" and  "nifi.flowfile.repository.rocksdb.recovery.mode.flowfile.count" is set to  "50".  This means that only 50 FlowFiles will be loaded in to memory from the FlowFile repo at a time, allowing for recovery of a system encountering OutOfMemory errors (or similar).  This setting should be reset to "false" as soon as recovery is complete.
[main] INFO org.apache.nifi.rocksdb.RocksDBMetronome - [rsion_set.cc:4377] Recovering from manifest file: /tmp/junit4497576542199264199/testRecoveryMode/MANIFEST-000024

[main] INFO org.apache.nifi.rocksdb.RocksDBMetronome - [lumn_family.cc:550] --------------- Options for column family [default]:

[main] INFO org.apache.nifi.rocksdb.RocksDBMetronome - [lumn_family.cc:550] --------------- Options for column family [configuration.column.family]:

[main] INFO org.apache.nifi.rocksdb.RocksDBMetronome - [rsion_set.cc:4527] Recovered from manifest file:/tmp/junit4497576542199264199/testRecoveryMode/MANIFEST-000024 succeeded,manifest_file_number is 24, next_file_number is 26, last_sequence is 133, log_number is 19,prev_log_number is 0,max_column_family is 1,min_log_number_to_keep is 0

[main] INFO org.apache.nifi.rocksdb.RocksDBMetronome - [rsion_set.cc:4536] Column family [default] (ID 0), log number is 19

[main] INFO org.apache.nifi.rocksdb.RocksDBMetronome - [rsion_set.cc:4536] Column family [configuration.column.family] (ID 1), log number is 19

[main] INFO org.apache.nifi.rocksdb.RocksDBMetronome - EVENT_LOG_v1 {"time_micros": 1714609647639931, "job": 1, "event": "recovery_started", "log_files": [25]}
[main] INFO org.apache.nifi.rocksdb.RocksDBMetronome - [_impl/db_impl_open.cc:735] Recovering log #25 mode 2
[main] INFO org.apache.nifi.rocksdb.RocksDBMetronome - EVENT_LOG_v1 {"time_micros": 1714609647641867, "cf_name": "configuration.column.family", "job": 1, "event": "table_file_creation", "file_number": 26, "file_size": 884, "table_properties": {"data_size": 98, "index_size": 47, "index_partitions": 0, "top_level_index_size": 0, "index_key_is_user_key": 0, "index_value_is_delta_encoded": 0, "filter_size": 0, "raw_key_size": 29, "raw_average_key_size": 29, "raw_value_size": 53, "raw_average_value_size": 53, "num_data_blocks": 1, "num_entries": 1, "num_deletions": 0, "num_merge_operands": 0, "num_range_deletions": 0, "format_version": 0, "fixed_key_len": 0, "filter_policy": "", "column_family_name": "configuration.column.family", "column_family_id": 1, "comparator": "leveldb.BytewiseComparator", "merge_operator": "nullptr", "prefix_extractor_name": "nullptr", "property_collectors": "[]", "compression": "LZ4", "compression_options": "window_bits=-14; level=32767; strategy=0; max_dict_bytes=0; zstd_max_train_bytes=0; enabled=0; ", "creation_time": 1714609647, "oldest_key_time": 3, "file_creation_time": 0}}
[main] INFO org.apache.nifi.rocksdb.RocksDBMetronome - [rsion_set.cc:3788] Creating manifest 27

[main] INFO org.apache.nifi.rocksdb.RocksDBMetronome - EVENT_LOG_v1 {"time_micros": 1714609647646629, "job": 1, "event": "recovery_finished"}
[main] INFO org.apache.nifi.rocksdb.RocksDBMetronome - Initialized RocksDB Repository at /tmp/junit4497576542199264199/testRecoveryMode
[Thread-52] INFO org.apache.nifi.rocksdb.RocksDBMetronome - [_impl/db_impl.cc:858] ------- DUMPING STATS -------
[Thread-53] INFO org.apache.nifi.rocksdb.RocksDBMetronome - [_impl/db_impl.cc:859] 
** DB Stats **
Uptime(secs): 0,0 total, 0,0 interval
Cumulative writes: 0 writes, 0 keys, 0 commit groups, 0,0 writes per commit group, ingest: 0,00 GB, 0,00 MB/s
Cumulative WAL: 0 writes, 0 syncs, 0,00 writes per sync, written: 0,00 GB, 0,00 MB/s
Cumulative stall: 00:00:0,000 H:M:S, 0,0 percent
Interval writes: 0 writes, 0 keys, 0 commit groups, 0,0 writes per commit group, ingest: 0,00 MB, 0,00 MB/s
Interval WAL: 0 writes, 0 syncs, 0,00 writes per sync, written: 0,00 MB, 0,00 MB/s
Interval stall: 00:00:0,000 H:M:S, 0,0 percent

** Compaction Stats [default] **
Level    Files   Size     Score Read(GB)  Rn(GB) Rnp1(GB) Write(GB) Wnew(GB) Moved(GB) W-Amp Rd(MB/s) Wr(MB/s) Comp(sec) CompMergeCPU(sec) Comp(cnt) Avg(sec) KeyIn KeyDrop
----------------------------------------------------------------------------------------------------------------------------------------------------------------------------
  L0      1/0    2,61 KB   0,2      0,0     0,0      0,0       0,0      0,0       0,0   0,0      0,0      0,0      0,00              0,00         0    0,000       0      0
 Sum      1/0    2,61 KB   0,0      0,0     0,0      0,0       0,0      0,0       0,0   0,0      0,0      0,0      0,00              0,00         0    0,000       0      0
 Int      0/0    0,00 KB   0,0      0,0     0,0      0,0       0,0      0,0       0,0   0,0      0,0      0,0      0,00              0,00         0    0,000       0      0

** Compaction Stats [default] **
Priority    Files   Size     Score Read(GB)  Rn(GB) Rnp1(GB) Write(GB) Wnew(GB) Moved(GB) W-Amp Rd(MB/s) Wr(MB/s) Comp(sec) CompMergeCPU(sec) Comp(cnt) Avg(sec) KeyIn KeyDrop
-------------------------------------------------------------------------------------------------------------------------------------------------------------------------------
Uptime(secs): 0,0 total, 0,0 interval
Flush(GB): cumulative 0,000, interval 0,000
AddFile(GB): cumulative 0,000, interval 0,000
AddFile(Total Files): cumulative 0, interval 0
AddFile(L0 Files): cumulative 0, interval 0
AddFile(Keys): cumulative 0, interval 0
Cumulative compaction: 0,00 GB write, 0,00 MB/s write, 0,00 GB read, 0,00 MB/s read, 0,0 seconds
Interval compaction: 0,00 GB write, 0,00 MB/s write, 0,00 GB read, 0,00 MB/s read, 0,0 seconds
Stalls(count): 0 level0_slowdown, 0 level0_slowdown_with_compaction, 0 level0_numfiles, 0 level0_numfiles_with_compaction, 0 stop for pending_compaction_bytes, 0 slowdown for pending_compaction_bytes, 0 memtable_compaction, 0 memtable_slowdown, interval 0 total count

** File Read Latency Histogram By Level [default] **

** Compaction Stats [configuration.column.family] **
Level    Files   Size     Score Read(GB)  Rn(GB) Rnp1(GB) Write(GB) Wnew(GB) Moved(GB) W-Amp Rd(MB/s) Wr(MB/s) Comp(sec) CompMergeCPU(sec) Comp(cnt) Avg(sec) KeyIn KeyDrop
----------------------------------------------------------------------------------------------------------------------------------------------------------------------------
  L0      2/0    1,73 KB   0,5      0,0     0,0      0,0       0,0      0,0       0,0   1,0      0,0      0,4      0,00              0,00         1    0,002       0      0
  L1      1/0    1,67 KB   0,0      0,0     0,0      0,0       0,0      0,0       0,0   0,0      0,0      0,0      0,00              0,00         0    0,000       0      0
 Sum      3/0    3,39 KB   0,0      0,0     0,0      0,0       0,0      0,0       0,0   1,0      0,0      0,4      0,00              0,00         1    0,002       0      0
 Int      0/0    0,00 KB   0,0      0,0     0,0      0,0       0,0      0,0       0,0   1,0      0,0      0,4      0,00              0,00         1    0,002       0      0

** Compaction Stats [configuration.column.family] **
Priority    Files   Size     Score Read(GB)  Rn(GB) Rnp1(GB) Write(GB) Wnew(GB) Moved(GB) W-Amp Rd(MB/s) Wr(MB/s) Comp(sec) CompMergeCPU(sec) Comp(cnt) Avg(sec) KeyIn KeyDrop
-------------------------------------------------------------------------------------------------------------------------------------------------------------------------------
User      0/0    0,00 KB   0,0      0,0     0,0      0,0       0,0      0,0       0,0   0,0      0,0      0,4      0,00              0,00         1    0,002       0      0
Uptime(secs): 0,0 total, 0,0 interval
Flush(GB): cumulative 0,000, interval 0,000
AddFile(GB): cumulative 0,000, interval 0,000
AddFile(Total Files): cumulative 0, interval 0
AddFile(L0 Files): cumulative 0, interval 0
AddFile(Keys): cumulative 0, interval 0
Cumulative compaction: 0,00 GB write, 0,07 MB/s write, 0,00 GB read, 0,00 MB/s read, 0,0 seconds
Interval compaction: 0,00 GB write, 0,07 MB/s write, 0,00 GB read, 0,00 MB/s read, 0,0 seconds
Stalls(count): 0 level0_slowdown, 0 level0_slowdown_with_compaction, 0 level0_numfiles, 0 level0_numfiles_with_compaction, 0 stop for pending_compaction_bytes, 0 slowdown for pending_compaction_bytes, 0 memtable_compaction, 0 memtable_slowdown, interval 0 total count

** File Read Latency Histogram By Level [configuration.column.family] **

** Compaction Stats [default] **
Level    Files   Size     Score Read(GB)  Rn(GB) Rnp1(GB) Write(GB) Wnew(GB) Moved(GB) W-Amp Rd(MB/s) Wr(MB/s) Comp(sec) CompMergeCPU(sec) Comp(cnt) Avg(sec) KeyIn KeyDrop
----------------------------------------------------------------------------------------------------------------------------------------------------------------------------
  L0      1/0    2,61 KB   0,2      0,0     0,0      0,0       0,0      0,0       0,0   0,0      0,0      0,0      0,00              0,00         0    0,000       0      0
 Sum      1/0    2,61 KB   0,0      0,0     0,0      0,0       0,0      0,0       0,0   0,0      0,0      0,0      0,00              0,00         0    0,000       0      0
 Int      0/0    0,00 KB   0,0      0,0     0,0      0,0       0,0      0,0       0,0   0,0      0,0      0,0      0,00              0,00         0    0,000       0      0

** Compaction Stats [default] **
Priority    Files   Size     Score Read(GB)  Rn(GB) Rnp1(GB) Write(GB) Wnew(GB) Moved(GB) W-Amp Rd(MB/s) Wr(MB/s) Comp(sec) CompMergeCPU(sec) Comp(cnt) Avg(sec) KeyIn KeyDrop
-------------------------------------------------------------------------------------------------------------------------------------------------------------------------------
Uptime(secs): 0,0 total, 0,0 interval
Flush(GB): cumulative 0,000, interval 0,000
AddFile(GB): cumulative 0,000, interval 0,000
AddFile(Total Files): cumulative 0, interval 0
AddFile(L0 Files): cumulative 0, interval 0
AddFile(Keys): cumulative 0, interval 0
Cumulative compaction: 0,00 GB write, 0,00 MB/s write, 0,00 GB read, 0,00 MB/s read, 0,0 seconds
Interval compaction: 0,00 GB write, 0,00 MB/s write, 0,00 GB read, 0,00 MB/s read, 0,0 seconds
Stalls(count): 0 level0_slowdown, 0 level0_slowdown_with_compaction, 0 level0_numfiles, 0 level0_numfiles_with_compaction, 0 stop for pending_compaction_bytes, 0 slowdown for pending_compaction_bytes, 0 memtable_compaction, 0 memtable_slowdown, interval 0 total count

** File Read Latency Histogram By Level [default] **

** Compaction Stats [configuration.column.family] **
Level    Files   Size     Score Read(GB)  Rn(GB) Rnp1(GB) Write(GB) Wnew(GB) Moved(GB) W-Amp Rd(MB/s) Wr(MB/s) Comp(sec) CompMergeCPU(sec) Comp(cnt) Avg(sec) KeyIn KeyDrop
----------------------------------------------------------------------------------------------------------------------------------------------------------------------------
  L0      2/0    1,73 KB   0,5      0,0     0,0      0,0       0,0      0,0       0,0   1,0      0,0      0,4      0,00              0,00         1    0,002       0      0
  L1      1/0    1,67 KB   0,0      0,0     0,0      0,0       0,0      0,0       0,0   0,0      0,0      0,0      0,00              0,00         0    0,000       0      0
 Sum      3/0    3,39 KB   0,0      0,0     0,0      0,0       0,0      0,0       0,0   1,0      0,0      0,4      0,00              0,00         1    0,002       0      0
 Int      0/0    0,00 KB   0,0      0,0     0,0      0,0       0,0      0,0       0,0   0,0      0,0      0,0      0,00              0,00         0    0,000       0      0

** Compaction Stats [configuration.column.family] **
Priority    Files   Size     Score Read(GB)  Rn(GB) Rnp1(GB) Write(GB) Wnew(GB) Moved(GB) W-Amp Rd(MB/s) Wr(MB/s) Comp(sec) CompMergeCPU(sec) Comp(cnt) Avg(sec) KeyIn KeyDrop
-------------------------------------------------------------------------------------------------------------------------------------------------------------------------------
User      0/0    0,00 KB   0,0      0,0     0,0      0,0       0,0      0,0       0,0   0,0      0,0      0,4      0,00              0,00         1    0,002       0      0
Uptime(secs): 0,0 total, 0,0 interval
Flush(GB): cumulative 0,000, interval 0,000
AddFile(GB): cumulative 0,000, interval 0,000
AddFile(Total Files): cumulative 0, interval 0
AddFile(L0 Files): cumulative 0, interval 0
AddFile(Keys): cumulative 0, interval 0
Cumulative compaction: 0,00 GB write, 0,07 MB/s write, 0,00 GB read, 0,00 MB/s read, 0,0 seconds
Interval compaction: 0,00 GB write, 0,00 MB/s write, 0,00 GB read, 0,00 MB/s read, 0,0 seconds
Stalls(count): 0 level0_slowdown, 0 level0_slowdown_with_compaction, 0 level0_numfiles, 0 level0_numfiles_with_compaction, 0 stop for pending_compaction_bytes, 0 slowdown for pending_compaction_bytes, 0 memtable_compaction, 0 memtable_slowdown, interval 0 total count

** File Read Latency Histogram By Level [configuration.column.family] **

[main] INFO org.apache.nifi.controller.repository.RocksDBFlowFileRepository - Initialized FlowFile Repository at /tmp/junit4497576542199264199/testRecoveryMode
[main] INFO org.apache.nifi.controller.repository.RocksDBFlowFileRepository - Finished reading from rocksDB.  Read 50 records from disk
[main] INFO org.apache.nifi.controller.repository.RocksDBFlowFileRepository - Finished deserializing 50 records
[main] INFO org.apache.nifi.controller.repository.RocksDBFlowFileRepository - Successfully restored 50 FlowFiles in 124 milliseconds using 16 threads
[main] INFO org.apache.nifi.rocksdb.RocksDBMetronome - Closing RocksDBMetronome
[main] INFO org.apache.nifi.rocksdb.RocksDBMetronome - Shutting down RocksDBMetronome sync executor
[main] INFO org.apache.nifi.rocksdb.RocksDBMetronome - Pausing RocksDB background work
[main] INFO org.apache.nifi.rocksdb.RocksDBMetronome - Closing RocksDB configurations
[main] INFO org.apache.nifi.rocksdb.RocksDBMetronome - Closing RocksDB database
[main] INFO org.apache.nifi.rocksdb.RocksDBMetronome - [_impl/db_impl.cc:401] Shutdown: canceling all background work
[main] INFO org.apache.nifi.rocksdb.RocksDBMetronome - [_impl/db_impl.cc:582] Shutdown complete
[main] WARN org.apache.nifi.controller.repository.RocksDBFlowFileRepository - The property "nifi.flowfile.repository.rocksdb.enable.recovery.mode" is currently set to "true" and  "nifi.flowfile.repository.rocksdb.recovery.mode.flowfile.count" is set to  "2147483647".  This means that only 2147483647 FlowFiles will be loaded in to memory from the FlowFile repo at a time, allowing for recovery of a system encountering OutOfMemory errors (or similar).  This setting should be reset to "false" as soon as recovery is complete.
[main] INFO org.apache.nifi.rocksdb.RocksDBMetronome - [rsion_set.cc:4377] Recovering from manifest file: /tmp/junit4497576542199264199/testRecoveryMode/MANIFEST-000027

[main] INFO org.apache.nifi.rocksdb.RocksDBMetronome - [lumn_family.cc:550] --------------- Options for column family [default]:

[main] INFO org.apache.nifi.rocksdb.RocksDBMetronome - [lumn_family.cc:550] --------------- Options for column family [configuration.column.family]:

[main] INFO org.apache.nifi.rocksdb.RocksDBMetronome - [rsion_set.cc:4527] Recovered from manifest file:/tmp/junit4497576542199264199/testRecoveryMode/MANIFEST-000027 succeeded,manifest_file_number is 27, next_file_number is 29, last_sequence is 149, log_number is 26,prev_log_number is 0,max_column_family is 1,min_log_number_to_keep is 0

[main] INFO org.apache.nifi.rocksdb.RocksDBMetronome - [rsion_set.cc:4536] Column family [default] (ID 0), log number is 26

[main] INFO org.apache.nifi.rocksdb.RocksDBMetronome - [rsion_set.cc:4536] Column family [configuration.column.family] (ID 1), log number is 26

[main] INFO org.apache.nifi.rocksdb.RocksDBMetronome - EVENT_LOG_v1 {"time_micros": 1714609647779919, "job": 1, "event": "recovery_started", "log_files": [28]}
[main] INFO org.apache.nifi.rocksdb.RocksDBMetronome - [_impl/db_impl_open.cc:735] Recovering log #28 mode 2
[main] INFO org.apache.nifi.rocksdb.RocksDBMetronome - EVENT_LOG_v1 {"time_micros": 1714609647782009, "cf_name": "configuration.column.family", "job": 1, "event": "table_file_creation", "file_number": 29, "file_size": 884, "table_properties": {"data_size": 98, "index_size": 47, "index_partitions": 0, "top_level_index_size": 0, "index_key_is_user_key": 0, "index_value_is_delta_encoded": 0, "filter_size": 0, "raw_key_size": 29, "raw_average_key_size": 29, "raw_value_size": 53, "raw_average_value_size": 53, "num_data_blocks": 1, "num_entries": 1, "num_deletions": 0, "num_merge_operands": 0, "num_range_deletions": 0, "format_version": 0, "fixed_key_len": 0, "filter_policy": "", "column_family_name": "configuration.column.family", "column_family_id": 1, "comparator": "leveldb.BytewiseComparator", "merge_operator": "nullptr", "prefix_extractor_name": "nullptr", "property_collectors": "[]", "compression": "LZ4", "compression_options": "window_bits=-14; level=32767; strategy=0; max_dict_bytes=0; zstd_max_train_bytes=0; enabled=0; ", "creation_time": 1714609647, "oldest_key_time": 3, "file_creation_time": 0}}
[main] INFO org.apache.nifi.rocksdb.RocksDBMetronome - [rsion_set.cc:3788] Creating manifest 30

[main] INFO org.apache.nifi.rocksdb.RocksDBMetronome - EVENT_LOG_v1 {"time_micros": 1714609647786599, "job": 1, "event": "recovery_finished"}
[main] INFO org.apache.nifi.rocksdb.RocksDBMetronome - Initialized RocksDB Repository at /tmp/junit4497576542199264199/testRecoveryMode
[Thread-54] INFO org.apache.nifi.rocksdb.RocksDBMetronome - [_impl/db_impl.cc:858] ------- DUMPING STATS -------
[Thread-55] INFO org.apache.nifi.rocksdb.RocksDBMetronome - [_impl/db_impl.cc:859] 
** DB Stats **
Uptime(secs): 0,0 total, 0,0 interval
Cumulative writes: 0 writes, 0 keys, 0 commit groups, 0,0 writes per commit group, ingest: 0,00 GB, 0,00 MB/s
Cumulative WAL: 0 writes, 0 syncs, 0,00 writes per sync, written: 0,00 GB, 0,00 MB/s
Cumulative stall: 00:00:0,000 H:M:S, 0,0 percent
Interval writes: 0 writes, 0 keys, 0 commit groups, 0,0 writes per commit group, ingest: 0,00 MB, 0,00 MB/s
Interval WAL: 0 writes, 0 syncs, 0,00 writes per sync, written: 0,00 MB, 0,00 MB/s
Interval stall: 00:00:0,000 H:M:S, 0,0 percent

** Compaction Stats [default] **
Level    Files   Size     Score Read(GB)  Rn(GB) Rnp1(GB) Write(GB) Wnew(GB) Moved(GB) W-Amp Rd(MB/s) Wr(MB/s) Comp(sec) CompMergeCPU(sec) Comp(cnt) Avg(sec) KeyIn KeyDrop
----------------------------------------------------------------------------------------------------------------------------------------------------------------------------
  L0      1/0    2,61 KB   0,2      0,0     0,0      0,0       0,0      0,0       0,0   0,0      0,0      0,0      0,00              0,00         0    0,000       0      0
 Sum      1/0    2,61 KB   0,0      0,0     0,0      0,0       0,0      0,0       0,0   0,0      0,0      0,0      0,00              0,00         0    0,000       0      0
 Int      0/0    0,00 KB   0,0      0,0     0,0      0,0       0,0      0,0       0,0   0,0      0,0      0,0      0,00              0,00         0    0,000       0      0

** Compaction Stats [default] **
Priority    Files   Size     Score Read(GB)  Rn(GB) Rnp1(GB) Write(GB) Wnew(GB) Moved(GB) W-Amp Rd(MB/s) Wr(MB/s) Comp(sec) CompMergeCPU(sec) Comp(cnt) Avg(sec) KeyIn KeyDrop
-------------------------------------------------------------------------------------------------------------------------------------------------------------------------------
Uptime(secs): 0,0 total, 0,0 interval
Flush(GB): cumulative 0,000, interval 0,000
AddFile(GB): cumulative 0,000, interval 0,000
AddFile(Total Files): cumulative 0, interval 0
AddFile(L0 Files): cumulative 0, interval 0
AddFile(Keys): cumulative 0, interval 0
Cumulative compaction: 0,00 GB write, 0,00 MB/s write, 0,00 GB read, 0,00 MB/s read, 0,0 seconds
Interval compaction: 0,00 GB write, 0,00 MB/s write, 0,00 GB read, 0,00 MB/s read, 0,0 seconds
Stalls(count): 0 level0_slowdown, 0 level0_slowdown_with_compaction, 0 level0_numfiles, 0 level0_numfiles_with_compaction, 0 stop for pending_compaction_bytes, 0 slowdown for pending_compaction_bytes, 0 memtable_compaction, 0 memtable_slowdown, interval 0 total count

** File Read Latency Histogram By Level [default] **

** Compaction Stats [configuration.column.family] **
Level    Files   Size     Score Read(GB)  Rn(GB) Rnp1(GB) Write(GB) Wnew(GB) Moved(GB) W-Amp Rd(MB/s) Wr(MB/s) Comp(sec) CompMergeCPU(sec) Comp(cnt) Avg(sec) KeyIn KeyDrop
----------------------------------------------------------------------------------------------------------------------------------------------------------------------------
  L0      3/0    2,59 KB   0,8      0,0     0,0      0,0       0,0      0,0       0,0   1,0      0,0      0,4      0,00              0,00         1    0,002       0      0
  L1      1/0    1,67 KB   0,0      0,0     0,0      0,0       0,0      0,0       0,0   0,0      0,0      0,0      0,00              0,00         0    0,000       0      0
 Sum      4/0    4,26 KB   0,0      0,0     0,0      0,0       0,0      0,0       0,0   1,0      0,0      0,4      0,00              0,00         1    0,002       0      0
 Int      0/0    0,00 KB   0,0      0,0     0,0      0,0       0,0      0,0       0,0   1,0      0,0      0,4      0,00              0,00         1    0,002       0      0

** Compaction Stats [configuration.column.family] **
Priority    Files   Size     Score Read(GB)  Rn(GB) Rnp1(GB) Write(GB) Wnew(GB) Moved(GB) W-Amp Rd(MB/s) Wr(MB/s) Comp(sec) CompMergeCPU(sec) Comp(cnt) Avg(sec) KeyIn KeyDrop
-------------------------------------------------------------------------------------------------------------------------------------------------------------------------------
User      0/0    0,00 KB   0,0      0,0     0,0      0,0       0,0      0,0       0,0   0,0      0,0      0,4      0,00              0,00         1    0,002       0      0
Uptime(secs): 0,0 total, 0,0 interval
Flush(GB): cumulative 0,000, interval 0,000
AddFile(GB): cumulative 0,000, interval 0,000
AddFile(Total Files): cumulative 0, interval 0
AddFile(L0 Files): cumulative 0, interval 0
AddFile(Keys): cumulative 0, interval 0
Cumulative compaction: 0,00 GB write, 0,07 MB/s write, 0,00 GB read, 0,00 MB/s read, 0,0 seconds
Interval compaction: 0,00 GB write, 0,07 MB/s write, 0,00 GB read, 0,00 MB/s read, 0,0 seconds
Stalls(count): 0 level0_slowdown, 0 level0_slowdown_with_compaction, 0 level0_numfiles, 0 level0_numfiles_with_compaction, 0 stop for pending_compaction_bytes, 0 slowdown for pending_compaction_bytes, 0 memtable_compaction, 0 memtable_slowdown, interval 0 total count

** File Read Latency Histogram By Level [configuration.column.family] **

** Compaction Stats [default] **
Level    Files   Size     Score Read(GB)  Rn(GB) Rnp1(GB) Write(GB) Wnew(GB) Moved(GB) W-Amp Rd(MB/s) Wr(MB/s) Comp(sec) CompMergeCPU(sec) Comp(cnt) Avg(sec) KeyIn KeyDrop
----------------------------------------------------------------------------------------------------------------------------------------------------------------------------
  L0      1/0    2,61 KB   0,2      0,0     0,0      0,0       0,0      0,0       0,0   0,0      0,0      0,0      0,00              0,00         0    0,000       0      0
 Sum      1/0    2,61 KB   0,0      0,0     0,0      0,0       0,0      0,0       0,0   0,0      0,0      0,0      0,00              0,00         0    0,000       0      0
 Int      0/0    0,00 KB   0,0      0,0     0,0      0,0       0,0      0,0       0,0   0,0      0,0      0,0      0,00              0,00         0    0,000       0      0

** Compaction Stats [default] **
Priority    Files   Size     Score Read(GB)  Rn(GB) Rnp1(GB) Write(GB) Wnew(GB) Moved(GB) W-Amp Rd(MB/s) Wr(MB/s) Comp(sec) CompMergeCPU(sec) Comp(cnt) Avg(sec) KeyIn KeyDrop
-------------------------------------------------------------------------------------------------------------------------------------------------------------------------------
Uptime(secs): 0,0 total, 0,0 interval
Flush(GB): cumulative 0,000, interval 0,000
AddFile(GB): cumulative 0,000, interval 0,000
AddFile(Total Files): cumulative 0, interval 0
AddFile(L0 Files): cumulative 0, interval 0
AddFile(Keys): cumulative 0, interval 0
Cumulative compaction: 0,00 GB write, 0,00 MB/s write, 0,00 GB read, 0,00 MB/s read, 0,0 seconds
Interval compaction: 0,00 GB write, 0,00 MB/s write, 0,00 GB read, 0,00 MB/s read, 0,0 seconds
Stalls(count): 0 level0_slowdown, 0 level0_slowdown_with_compaction, 0 level0_numfiles, 0 level0_numfiles_with_compaction, 0 stop for pending_compaction_bytes, 0 slowdown for pending_compaction_bytes, 0 memtable_compaction, 0 memtable_slowdown, interval 0 total count

** File Read Latency Histogram By Level [default] **

** Compaction Stats [configuration.column.family] **
Level    Files   Size     Score Read(GB)  Rn(GB) Rnp1(GB) Write(GB) Wnew(GB) Moved(GB) W-Amp Rd(MB/s) Wr(MB/s) Comp(sec) CompMergeCPU(sec) Comp(cnt) Avg(sec) KeyIn KeyDrop
----------------------------------------------------------------------------------------------------------------------------------------------------------------------------
  L0      3/0    2,59 KB   0,8      0,0     0,0      0,0       0,0      0,0       0,0   1,0      0,0      0,4      0,00              0,00         1    0,002       0      0
  L1      1/0    1,67 KB   0,0      0,0     0,0      0,0       0,0      0,0       0,0   0,0      0,0      0,0      0,00              0,00         0    0,000       0      0
 Sum      4/0    4,26 KB   0,0      0,0     0,0      0,0       0,0      0,0       0,0   1,0      0,0      0,4      0,00              0,00         1    0,002       0      0
 Int      0/0    0,00 KB   0,0      0,0     0,0      0,0       0,0      0,0       0,0   0,0      0,0      0,0      0,00              0,00         0    0,000       0      0

** Compaction Stats [configuration.column.family] **
Priority    Files   Size     Score Read(GB)  Rn(GB) Rnp1(GB) Write(GB) Wnew(GB) Moved(GB) W-Amp Rd(MB/s) Wr(MB/s) Comp(sec) CompMergeCPU(sec) Comp(cnt) Avg(sec) KeyIn KeyDrop
-------------------------------------------------------------------------------------------------------------------------------------------------------------------------------
User      0/0    0,00 KB   0,0      0,0     0,0      0,0       0,0      0,0       0,0   0,0      0,0      0,4      0,00              0,00         1    0,002       0      0
Uptime(secs): 0,0 total, 0,0 interval
Flush(GB): cumulative 0,000, interval 0,000
AddFile(GB): cumulative 0,000, interval 0,000
AddFile(Total Files): cumulative 0, interval 0
AddFile(L0 Files): cumulative 0, interval 0
AddFile(Keys): cumulative 0, interval 0
Cumulative compaction: 0,00 GB write, 0,07 MB/s write, 0,00 GB read, 0,00 MB/s read, 0,0 seconds
Interval compaction: 0,00 GB write, 0,00 MB/s write, 0,00 GB read, 0,00 MB/s read, 0,0 seconds
Stalls(count): 0 level0_slowdown, 0 level0_slowdown_with_compaction, 0 level0_numfiles, 0 level0_numfiles_with_compaction, 0 stop for pending_compaction_bytes, 0 slowdown for pending_compaction_bytes, 0 memtable_compaction, 0 memtable_slowdown, interval 0 total count

** File Read Latency Histogram By Level [configuration.column.family] **

[main] INFO org.apache.nifi.controller.repository.RocksDBFlowFileRepository - Initialized FlowFile Repository at /tmp/junit4497576542199264199/testRecoveryMode
[main] INFO org.apache.nifi.controller.repository.RocksDBFlowFileRepository - Finished reading from rocksDB.  Read 50 records from disk
[main] INFO org.apache.nifi.controller.repository.RocksDBFlowFileRepository - Finished deserializing 50 records
[main] INFO org.apache.nifi.controller.repository.RocksDBFlowFileRepository - Successfully restored 50 FlowFiles in 123 milliseconds using 16 threads
[main] INFO org.apache.nifi.rocksdb.RocksDBMetronome - Closing RocksDBMetronome
[main] INFO org.apache.nifi.rocksdb.RocksDBMetronome - Shutting down RocksDBMetronome sync executor
[main] INFO org.apache.nifi.rocksdb.RocksDBMetronome - Pausing RocksDB background work
[main] INFO org.apache.nifi.rocksdb.RocksDBMetronome - Closing RocksDB configurations
[main] INFO org.apache.nifi.rocksdb.RocksDBMetronome - Closing RocksDB database
[main] INFO org.apache.nifi.rocksdb.RocksDBMetronome - [_impl/db_impl.cc:401] Shutdown: canceling all background work
[main] INFO org.apache.nifi.rocksdb.RocksDBMetronome - [_impl/db_impl.cc:582] Shutdown complete
[main] INFO org.apache.nifi.rocksdb.RocksDBMetronome - [rsion_set.cc:4377] Recovering from manifest file: /tmp/junit4497576542199264199/testRecoveryMode/MANIFEST-000030

[main] INFO org.apache.nifi.rocksdb.RocksDBMetronome - [lumn_family.cc:550] --------------- Options for column family [default]:

[main] INFO org.apache.nifi.rocksdb.RocksDBMetronome - [lumn_family.cc:550] --------------- Options for column family [configuration.column.family]:

[main] INFO org.apache.nifi.rocksdb.RocksDBMetronome - [rsion_set.cc:4527] Recovered from manifest file:/tmp/junit4497576542199264199/testRecoveryMode/MANIFEST-000030 succeeded,manifest_file_number is 30, next_file_number is 32, last_sequence is 165, log_number is 29,prev_log_number is 0,max_column_family is 1,min_log_number_to_keep is 0

[main] INFO org.apache.nifi.rocksdb.RocksDBMetronome - [rsion_set.cc:4536] Column family [default] (ID 0), log number is 29

[main] INFO org.apache.nifi.rocksdb.RocksDBMetronome - [rsion_set.cc:4536] Column family [configuration.column.family] (ID 1), log number is 29

[main] INFO org.apache.nifi.rocksdb.RocksDBMetronome - EVENT_LOG_v1 {"time_micros": 1714609647918951, "job": 1, "event": "recovery_started", "log_files": [31]}
[main] INFO org.apache.nifi.rocksdb.RocksDBMetronome - [_impl/db_impl_open.cc:735] Recovering log #31 mode 2
[main] INFO org.apache.nifi.rocksdb.RocksDBMetronome - EVENT_LOG_v1 {"time_micros": 1714609647921043, "cf_name": "configuration.column.family", "job": 1, "event": "table_file_creation", "file_number": 32, "file_size": 884, "table_properties": {"data_size": 98, "index_size": 47, "index_partitions": 0, "top_level_index_size": 0, "index_key_is_user_key": 0, "index_value_is_delta_encoded": 0, "filter_size": 0, "raw_key_size": 29, "raw_average_key_size": 29, "raw_value_size": 53, "raw_average_value_size": 53, "num_data_blocks": 1, "num_entries": 1, "num_deletions": 0, "num_merge_operands": 0, "num_range_deletions": 0, "format_version": 0, "fixed_key_len": 0, "filter_policy": "", "column_family_name": "configuration.column.family", "column_family_id": 1, "comparator": "leveldb.BytewiseComparator", "merge_operator": "nullptr", "prefix_extractor_name": "nullptr", "property_collectors": "[]", "compression": "LZ4", "compression_options": "window_bits=-14; level=32767; strategy=0; max_dict_bytes=0; zstd_max_train_bytes=0; enabled=0; ", "creation_time": 1714609647, "oldest_key_time": 3, "file_creation_time": 0}}
[main] INFO org.apache.nifi.rocksdb.RocksDBMetronome - [rsion_set.cc:3788] Creating manifest 33

[main] INFO org.apache.nifi.rocksdb.RocksDBMetronome - EVENT_LOG_v1 {"time_micros": 1714609647925620, "job": 1, "event": "recovery_finished"}
[Thread-56] INFO org.apache.nifi.rocksdb.RocksDBMetronome - [mpaction/compaction_job.cc:1671] [configuration.column.family] [JOB 3] Compacting 4@0 + 1@1 files to L1, score 1,00
[main] INFO org.apache.nifi.rocksdb.RocksDBMetronome - Initialized RocksDB Repository at /tmp/junit4497576542199264199/testRecoveryMode
[Thread-58] INFO org.apache.nifi.rocksdb.RocksDBMetronome - [mpaction/compaction_job.cc:1675] [configuration.column.family] Compaction start summary: Base version 5 Base level 0, inputs: [32(884B) 29(884B) 26(884B) 23(884B)], [21(1707B)]

[Thread-57] INFO org.apache.nifi.rocksdb.RocksDBMetronome - [_impl/db_impl.cc:858] ------- DUMPING STATS -------
[Thread-59] INFO org.apache.nifi.rocksdb.RocksDBMetronome - EVENT_LOG_v1 {"time_micros": 1714609647930190, "job": 3, "event": "compaction_started", "compaction_reason": "LevelL0FilesNum", "files_L0": [32, 29, 26, 23], "files_L1": [21], "score": 1, "input_data_size": 5243}
[Thread-60] INFO org.apache.nifi.rocksdb.RocksDBMetronome - [_impl/db_impl.cc:859] 
** DB Stats **
Uptime(secs): 0,0 total, 0,0 interval
Cumulative writes: 0 writes, 0 keys, 0 commit groups, 0,0 writes per commit group, ingest: 0,00 GB, 0,00 MB/s
Cumulative WAL: 0 writes, 0 syncs, 0,00 writes per sync, written: 0,00 GB, 0,00 MB/s
Cumulative stall: 00:00:0,000 H:M:S, 0,0 percent
Interval writes: 0 writes, 0 keys, 0 commit groups, 0,0 writes per commit group, ingest: 0,00 MB, 0,00 MB/s
Interval WAL: 0 writes, 0 syncs, 0,00 writes per sync, written: 0,00 MB, 0,00 MB/s
Interval stall: 00:00:0,000 H:M:S, 0,0 percent

** Compaction Stats [default] **
Level    Files   Size     Score Read(GB)  Rn(GB) Rnp1(GB) Write(GB) Wnew(GB) Moved(GB) W-Amp Rd(MB/s) Wr(MB/s) Comp(sec) CompMergeCPU(sec) Comp(cnt) Avg(sec) KeyIn KeyDrop
----------------------------------------------------------------------------------------------------------------------------------------------------------------------------
  L0      1/0    2,61 KB   0,2      0,0     0,0      0,0       0,0      0,0       0,0   0,0      0,0      0,0      0,00              0,00         0    0,000       0      0
 Sum      1/0    2,61 KB   0,0      0,0     0,0      0,0       0,0      0,0       0,0   0,0      0,0      0,0      0,00              0,00         0    0,000       0      0
 Int      0/0    0,00 KB   0,0      0,0     0,0      0,0       0,0      0,0       0,0   0,0      0,0      0,0      0,00              0,00         0    0,000       0      0

** Compaction Stats [default] **
Priority    Files   Size     Score Read(GB)  Rn(GB) Rnp1(GB) Write(GB) Wnew(GB) Moved(GB) W-Amp Rd(MB/s) Wr(MB/s) Comp(sec) CompMergeCPU(sec) Comp(cnt) Avg(sec) KeyIn KeyDrop
-------------------------------------------------------------------------------------------------------------------------------------------------------------------------------
Uptime(secs): 0,0 total, 0,0 interval
Flush(GB): cumulative 0,000, interval 0,000
AddFile(GB): cumulative 0,000, interval 0,000
AddFile(Total Files): cumulative 0, interval 0
AddFile(L0 Files): cumulative 0, interval 0
AddFile(Keys): cumulative 0, interval 0
Cumulative compaction: 0,00 GB write, 0,00 MB/s write, 0,00 GB read, 0,00 MB/s read, 0,0 seconds
Interval compaction: 0,00 GB write, 0,00 MB/s write, 0,00 GB read, 0,00 MB/s read, 0,0 seconds
Stalls(count): 0 level0_slowdown, 0 level0_slowdown_with_compaction, 0 level0_numfiles, 0 level0_numfiles_with_compaction, 0 stop for pending_compaction_bytes, 0 slowdown for pending_compaction_bytes, 0 memtable_compaction, 0 memtable_slowdown, interval 0 total count

** File Read Latency Histogram By Level [default] **

** Compaction Stats [configuration.column.family] **
Level    Files   Size     Score Read(GB)  Rn(GB) Rnp1(GB) Write(GB) Wnew(GB) Moved(GB) W-Amp Rd(MB/s) Wr(MB/s) Comp(sec) CompMergeCPU(sec) Comp(cnt) Avg(sec) KeyIn KeyDrop
----------------------------------------------------------------------------------------------------------------------------------------------------------------------------
  L0      4/4    3,45 KB   0,0      0,0     0,0      0,0       0,0      0,0       0,0   1,0      0,0      0,4      0,00              0,00         1    0,002       0      0
  L1      1/1    1,67 KB   0,0      0,0     0,0      0,0       0,0      0,0       0,0   0,0      0,0      0,0      0,00              0,00         0    0,000       0      0
 Sum      5/5    5,12 KB   0,0      0,0     0,0      0,0       0,0      0,0       0,0   1,0      0,0      0,4      0,00              0,00         1    0,002       0      0
 Int      0/0    0,00 KB   0,0      0,0     0,0      0,0       0,0      0,0       0,0   1,0      0,0      0,4      0,00              0,00         1    0,002       0      0

** Compaction Stats [configuration.column.family] **
Priority    Files   Size     Score Read(GB)  Rn(GB) Rnp1(GB) Write(GB) Wnew(GB) Moved(GB) W-Amp Rd(MB/s) Wr(MB/s) Comp(sec) CompMergeCPU(sec) Comp(cnt) Avg(sec) KeyIn KeyDrop
-------------------------------------------------------------------------------------------------------------------------------------------------------------------------------
User      0/0    0,00 KB   0,0      0,0     0,0      0,0       0,0      0,0       0,0   0,0      0,0      0,4      0,00              0,00         1    0,002       0      0
Uptime(secs): 0,0 total, 0,0 interval
Flush(GB): cumulative 0,000, interval 0,000
AddFile(GB): cumulative 0,000, interval 0,000
AddFile(Total Files): cumulative 0, interval 0
AddFile(L0 Files): cumulative 0, interval 0
AddFile(Keys): cumulative 0, interval 0
Cumulative compaction: 0,00 GB write, 0,07 MB/s write, 0,00 GB read, 0,00 MB/s read, 0,0 seconds
Interval compaction: 0,00 GB write, 0,07 MB/s write, 0,00 GB read, 0,00 MB/s read, 0,0 seconds
Stalls(count): 0 level0_slowdown, 0 level0_slowdown_with_compaction, 0 level0_numfiles, 0 level0_numfiles_with_compaction, 0 stop for pending_compaction_bytes, 0 slowdown for pending_compaction_bytes, 0 memtable_compaction, 0 memtable_slowdown, interval 0 total count

** File Read Latency Histogram By Level [configuration.column.family] **

** Compaction Stats [default] **
Level    Files   Size     Score Read(GB)  Rn(GB) Rnp1(GB) Write(GB) Wnew(GB) Moved(GB) W-Amp Rd(MB/s) Wr(MB/s) Comp(sec) CompMergeCPU(sec) Comp(cnt) Avg(sec) KeyIn KeyDrop
----------------------------------------------------------------------------------------------------------------------------------------------------------------------------
  L0      1/0    2,61 KB   0,2      0,0     0,0      0,0       0,0      0,0       0,0   0,0      0,0      0,0      0,00              0,00         0    0,000       0      0
 Sum      1/0    2,61 KB   0,0      0,0     0,0      0,0       0,0      0,0       0,0   0,0      0,0      0,0      0,00              0,00         0    0,000       0      0
 Int      0/0    0,00 KB   0,0      0,0     0,0      0,0       0,0      0,0       0,0   0,0      0,0      0,0      0,00              0,00         0    0,000       0      0

** Compaction Stats [default] **
Priority    Files   Size     Score Read(GB)  Rn(GB) Rnp1(GB) Write(GB) Wnew(GB) Moved(GB) W-Amp Rd(MB/s) Wr(MB/s) Comp(sec) CompMergeCPU(sec) Comp(cnt) Avg(sec) KeyIn KeyDrop
-------------------------------------------------------------------------------------------------------------------------------------------------------------------------------
Uptime(secs): 0,0 total, 0,0 interval
Flush(GB): cumulative 0,000, interval 0,000
AddFile(GB): cumulative 0,000, interval 0,000
AddFile(Total Files): cumulative 0, interval 0
AddFile(L0 Files): cumulative 0, interval 0
AddFile(Keys): cumulative 0, interval 0
Cumulative compaction: 0,00 GB write, 0,00 MB/s write, 0,00 GB read, 0,00 MB/s read, 0,0 seconds
Interval compaction: 0,00 GB write, 0,00 MB/s write, 0,00 GB read, 0,00 MB/s read, 0,0 seconds
Stalls(count): 0 level0_slowdown, 0 level0_slowdown_with_compaction, 0 level0_numfiles, 0 level0_numfiles_with_compaction, 0 stop for pending_compaction_bytes, 0 slowdown for pending_compaction_bytes, 0 memtable_compaction, 0 memtable_slowdown, interval 0 total count

** File Read Latency Histogram By Level [default] **

** Compaction Stats [configuration.column.family] **
Level    Files   Size     Score Read(GB)  Rn(GB) Rnp1(GB) Write(GB) Wnew(GB) Moved(GB) W-Amp Rd(MB/s) Wr(MB/s) Comp(sec) CompMergeCPU(sec) Comp(cnt) Avg(sec) KeyIn KeyDrop
----------------------------------------------------------------------------------------------------------------------------------------------------------------------------
  L0      4/4    3,45 KB   0,0      0,0     0,0      0,0       0,0      0,0       0,0   1,0      0,0      0,4      0,00              0,00         1    0,002       0      0
  L1      1/1    1,67 KB   0,0      0,0     0,0      0,0       0,0      0,0       0,0   0,0      0,0      0,0      0,00              0,00         0    0,000       0      0
 Sum      5/5    5,12 KB   0,0      0,0     0,0      0,0       0,0      0,0       0,0   1,0      0,0      0,4      0,00              0,00         1    0,002       0      0
 Int      0/0    0,00 KB   0,0      0,0     0,0      0,0       0,0      0,0       0,0   0,0      0,0      0,0      0,00              0,00         0    0,000       0      0

** Compaction Stats [configuration.column.family] **
Priority    Files   Size     Score Read(GB)  Rn(GB) Rnp1(GB) Write(GB) Wnew(GB) Moved(GB) W-Amp Rd(MB/s) Wr(MB/s) Comp(sec) CompMergeCPU(sec) Comp(cnt) Avg(sec) KeyIn KeyDrop
-------------------------------------------------------------------------------------------------------------------------------------------------------------------------------
User      0/0    0,00 KB   0,0      0,0     0,0      0,0       0,0      0,0       0,0   0,0      0,0      0,4      0,00              0,00         1    0,002       0      0
Uptime(secs): 0,0 total, 0,0 interval
Flush(GB): cumulative 0,000, interval 0,000
AddFile(GB): cumulative 0,000, interval 0,000
AddFile(Total Files): cumulative 0, interval 0
AddFile(L0 Files): cumulative 0, interval 0
AddFile(Keys): cumulative 0, interval 0
Cumulative compaction: 0,00 GB write, 0,07 MB/s write, 0,00 GB read, 0,00 MB/s read, 0,0 seconds
Interval compaction: 0,00 GB write, 0,00 MB/s write, 0,00 GB read, 0,00 MB/s read, 0,0 seconds
Stalls(count): 0 level0_slowdown, 0 level0_slowdown_with_compaction, 0 level0_numfiles, 0 level0_numfiles_with_compaction, 0 stop for pending_compaction_bytes, 0 slowdown for pending_compaction_bytes, 0 memtable_compaction, 0 memtable_slowdown, interval 0 total count

** File Read Latency Histogram By Level [configuration.column.family] **

[main] INFO org.apache.nifi.controller.repository.RocksDBFlowFileRepository - Initialized FlowFile Repository at /tmp/junit4497576542199264199/testRecoveryMode
[Thread-61] INFO org.apache.nifi.rocksdb.RocksDBMetronome - [mpaction/compaction_job.cc:1350] [configuration.column.family] [JOB 3] Generated table #37: 4 keys, 1707 bytes
[Thread-62] INFO org.apache.nifi.rocksdb.RocksDBMetronome - EVENT_LOG_v1 {"time_micros": 1714609647932307, "cf_name": "configuration.column.family", "job": 3, "event": "table_file_creation", "file_number": 37, "file_size": 1707, "table_properties": {"data_size": 875, "index_size": 68, "index_partitions": 0, "top_level_index_size": 0, "index_key_is_user_key": 0, "index_value_is_delta_encoded": 0, "filter_size": 0, "raw_key_size": 99, "raw_average_key_size": 24, "raw_value_size": 7329, "raw_average_value_size": 1832, "num_data_blocks": 2, "num_entries": 4, "num_deletions": 0, "num_merge_operands": 0, "num_range_deletions": 0, "format_version": 0, "fixed_key_len": 0, "filter_policy": "", "column_family_name": "configuration.column.family", "column_family_id": 1, "comparator": "leveldb.BytewiseComparator", "merge_operator": "nullptr", "prefix_extractor_name": "nullptr", "property_collectors": "[]", "compression": "LZ4", "compression_options": "window_bits=-14; level=32767; strategy=0; max_dict_bytes=0; zstd_max_train_bytes=0; enabled=0; ", "creation_time": 1714609646, "oldest_key_time": 0, "file_creation_time": 1714609647}}
[main] INFO org.apache.nifi.controller.repository.RocksDBFlowFileRepository - Finished reading from rocksDB.  Read 50 records from disk
[Thread-63] INFO org.apache.nifi.rocksdb.RocksDBMetronome - [mpaction/compaction_job.cc:1416] [configuration.column.family] [JOB 3] Compacted 4@0 + 1@1 files to L1 => 1707 bytes
[Thread-64] INFO org.apache.nifi.rocksdb.RocksDBMetronome - (Original Log Time 2024/05/02-01:27:27.936494) [mpaction/compaction_job.cc:765] [configuration.column.family] compacted to: files[0 1 0 0 0 0 0] max score 0,00, MB/sec: 2,4 rd, 0,8 wr, level 1, files in(4, 1) out(1) MB in(0,0, 0,0) out(0,0), read-write-amplify(2,0) write-amplify(0,5) OK, records in: 8, records dropped: 4 output_compression: LZ4

[Thread-65] INFO org.apache.nifi.rocksdb.RocksDBMetronome - (Original Log Time 2024/05/02-01:27:27.936518) EVENT_LOG_v1 {"time_micros": 1714609647936508, "job": 3, "event": "compaction_finished", "compaction_time_micros": 2177, "compaction_time_cpu_micros": 756, "output_level": 1, "num_output_files": 1, "total_output_size": 1707, "num_input_records": 8, "num_output_records": 4, "num_subcompactions": 1, "output_compression": "LZ4", "num_single_delete_mismatches": 0, "num_single_delete_fallthrough": 0, "lsm_state": [0, 1, 0, 0, 0, 0, 0]}
[Thread-67] INFO org.apache.nifi.rocksdb.RocksDBMetronome - EVENT_LOG_v1 {"time_micros": 1714609647936977, "job": 3, "event": "table_file_deletion", "file_number": 32}
[Thread-69] INFO org.apache.nifi.rocksdb.RocksDBMetronome - EVENT_LOG_v1 {"time_micros": 1714609647937163, "job": 3, "event": "table_file_deletion", "file_number": 29}
[Thread-71] INFO org.apache.nifi.rocksdb.RocksDBMetronome - EVENT_LOG_v1 {"time_micros": 1714609647937309, "job": 3, "event": "table_file_deletion", "file_number": 26}
[Thread-73] INFO org.apache.nifi.rocksdb.RocksDBMetronome - EVENT_LOG_v1 {"time_micros": 1714609647937452, "job": 3, "event": "table_file_deletion", "file_number": 23}
[Thread-75] INFO org.apache.nifi.rocksdb.RocksDBMetronome - EVENT_LOG_v1 {"time_micros": 1714609647937593, "job": 3, "event": "table_file_deletion", "file_number": 21}
[main] INFO org.apache.nifi.controller.repository.RocksDBFlowFileRepository - Finished deserializing 50 records
[main] INFO org.apache.nifi.controller.repository.RocksDBFlowFileRepository - Successfully restored 50 FlowFiles in 121 milliseconds using 16 threads
[main] INFO org.apache.nifi.rocksdb.RocksDBMetronome - Closing RocksDBMetronome
[main] INFO org.apache.nifi.rocksdb.RocksDBMetronome - Shutting down RocksDBMetronome sync executor
[main] INFO org.apache.nifi.rocksdb.RocksDBMetronome - Pausing RocksDB background work
[main] INFO org.apache.nifi.rocksdb.RocksDBMetronome - Closing RocksDB configurations
[main] INFO org.apache.nifi.rocksdb.RocksDBMetronome - Closing RocksDB database
[main] INFO org.apache.nifi.rocksdb.RocksDBMetronome - [_impl/db_impl.cc:401] Shutdown: canceling all background work
[main] INFO org.apache.nifi.rocksdb.RocksDBMetronome - [_impl/db_impl.cc:582] Shutdown complete
]]></system-err>
  </testcase>
  <testcase name="testSwapLocationsUpdatedOnRepoUpdate" classname="org.apache.nifi.controller.repository.TestRocksDBFlowFileRepository" time="0.16">
    <system-err><![CDATA[[main] INFO org.apache.nifi.controller.repository.TestRocksDBFlowFileRepository - Running test: testSwapLocationsUpdatedOnRepoUpdate
[main] INFO org.apache.nifi.rocksdb.RocksDBMetronome - [_impl/db_impl_open.cc:254] Creating manifest 1 

[main] INFO org.apache.nifi.rocksdb.RocksDBMetronome - [rsion_set.cc:4377] Recovering from manifest file: /tmp/junit6793557061472192467/testSwapLocationsUpdatedOnRepoUpdate/MANIFEST-000001

[main] INFO org.apache.nifi.rocksdb.RocksDBMetronome - [lumn_family.cc:550] --------------- Options for column family [default]:

[main] INFO org.apache.nifi.rocksdb.RocksDBMetronome - [rsion_set.cc:4527] Recovered from manifest file:/tmp/junit6793557061472192467/testSwapLocationsUpdatedOnRepoUpdate/MANIFEST-000001 succeeded,manifest_file_number is 1, next_file_number is 3, last_sequence is 0, log_number is 0,prev_log_number is 0,max_column_family is 0,min_log_number_to_keep is 0

[main] INFO org.apache.nifi.rocksdb.RocksDBMetronome - [rsion_set.cc:4536] Column family [default] (ID 0), log number is 0

[main] INFO org.apache.nifi.rocksdb.RocksDBMetronome - [rsion_set.cc:3788] Creating manifest 4

[main] INFO org.apache.nifi.rocksdb.RocksDBMetronome - [lumn_family.cc:550] --------------- Options for column family [configuration.column.family]:

[main] INFO org.apache.nifi.rocksdb.RocksDBMetronome - [_impl/db_impl.cc:2307] Created column family [configuration.column.family] (ID 1)
[main] INFO org.apache.nifi.rocksdb.RocksDBMetronome - Initialized RocksDB Repository at /tmp/junit6793557061472192467/testSwapLocationsUpdatedOnRepoUpdate
[Thread-76] INFO org.apache.nifi.rocksdb.RocksDBMetronome - [_impl/db_impl.cc:858] ------- DUMPING STATS -------
[Thread-77] INFO org.apache.nifi.rocksdb.RocksDBMetronome - [_impl/db_impl.cc:859] 
** DB Stats **
Uptime(secs): 0,0 total, 0,0 interval
Cumulative writes: 0 writes, 0 keys, 0 commit groups, 0,0 writes per commit group, ingest: 0,00 GB, 0,00 MB/s
Cumulative WAL: 0 writes, 0 syncs, 0,00 writes per sync, written: 0,00 GB, 0,00 MB/s
Cumulative stall: 00:00:0,000 H:M:S, 0,0 percent
Interval writes: 0 writes, 0 keys, 0 commit groups, 0,0 writes per commit group, ingest: 0,00 MB, 0,00 MB/s
Interval WAL: 0 writes, 0 syncs, 0,00 writes per sync, written: 0,00 MB, 0,00 MB/s
Interval stall: 00:00:0,000 H:M:S, 0,0 percent

** Compaction Stats [default] **
Level    Files   Size     Score Read(GB)  Rn(GB) Rnp1(GB) Write(GB) Wnew(GB) Moved(GB) W-Amp Rd(MB/s) Wr(MB/s) Comp(sec) CompMergeCPU(sec) Comp(cnt) Avg(sec) KeyIn KeyDrop
----------------------------------------------------------------------------------------------------------------------------------------------------------------------------
 Sum      0/0    0,00 KB   0,0      0,0     0,0      0,0       0,0      0,0       0,0   0,0      0,0      0,0      0,00              0,00         0    0,000       0      0
 Int      0/0    0,00 KB   0,0      0,0     0,0      0,0       0,0      0,0       0,0   0,0      0,0      0,0      0,00              0,00         0    0,000       0      0

** Compaction Stats [default] **
Priority    Files   Size     Score Read(GB)  Rn(GB) Rnp1(GB) Write(GB) Wnew(GB) Moved(GB) W-Amp Rd(MB/s) Wr(MB/s) Comp(sec) CompMergeCPU(sec) Comp(cnt) Avg(sec) KeyIn KeyDrop
-------------------------------------------------------------------------------------------------------------------------------------------------------------------------------
Uptime(secs): 0,0 total, 0,0 interval
Flush(GB): cumulative 0,000, interval 0,000
AddFile(GB): cumulative 0,000, interval 0,000
AddFile(Total Files): cumulative 0, interval 0
AddFile(L0 Files): cumulative 0, interval 0
AddFile(Keys): cumulative 0, interval 0
Cumulative compaction: 0,00 GB write, 0,00 MB/s write, 0,00 GB read, 0,00 MB/s read, 0,0 seconds
Interval compaction: 0,00 GB write, 0,00 MB/s write, 0,00 GB read, 0,00 MB/s read, 0,0 seconds
Stalls(count): 0 level0_slowdown, 0 level0_slowdown_with_compaction, 0 level0_numfiles, 0 level0_numfiles_with_compaction, 0 stop for pending_compaction_bytes, 0 slowdown for pending_compaction_bytes, 0 memtable_compaction, 0 memtable_slowdown, interval 0 total count

** File Read Latency Histogram By Level [default] **

** Compaction Stats [configuration.column.family] **
Level    Files   Size     Score Read(GB)  Rn(GB) Rnp1(GB) Write(GB) Wnew(GB) Moved(GB) W-Amp Rd(MB/s) Wr(MB/s) Comp(sec) CompMergeCPU(sec) Comp(cnt) Avg(sec) KeyIn KeyDrop
----------------------------------------------------------------------------------------------------------------------------------------------------------------------------
 Sum      0/0    0,00 KB   0,0      0,0     0,0      0,0       0,0      0,0       0,0   0,0      0,0      0,0      0,00              0,00         0    0,000       0      0
 Int      0/0    0,00 KB   0,0      0,0     0,0      0,0       0,0      0,0       0,0   0,0      0,0      0,0      0,00              0,00         0    0,000       0      0

** Compaction Stats [configuration.column.family] **
Priority    Files   Size     Score Read(GB)  Rn(GB) Rnp1(GB) Write(GB) Wnew(GB) Moved(GB) W-Amp Rd(MB/s) Wr(MB/s) Comp(sec) CompMergeCPU(sec) Comp(cnt) Avg(sec) KeyIn KeyDrop
-------------------------------------------------------------------------------------------------------------------------------------------------------------------------------
Uptime(secs): 0,0 total, 0,0 interval
Flush(GB): cumulative 0,000, interval 0,000
AddFile(GB): cumulative 0,000, interval 0,000
AddFile(Total Files): cumulative 0, interval 0
AddFile(L0 Files): cumulative 0, interval 0
AddFile(Keys): cumulative 0, interval 0
Cumulative compaction: 0,00 GB write, 0,00 MB/s write, 0,00 GB read, 0,00 MB/s read, 0,0 seconds
Interval compaction: 0,00 GB write, 0,00 MB/s write, 0,00 GB read, 0,00 MB/s read, 0,0 seconds
Stalls(count): 0 level0_slowdown, 0 level0_slowdown_with_compaction, 0 level0_numfiles, 0 level0_numfiles_with_compaction, 0 stop for pending_compaction_bytes, 0 slowdown for pending_compaction_bytes, 0 memtable_compaction, 0 memtable_slowdown, interval 0 total count

** File Read Latency Histogram By Level [configuration.column.family] **

** Compaction Stats [default] **
Level    Files   Size     Score Read(GB)  Rn(GB) Rnp1(GB) Write(GB) Wnew(GB) Moved(GB) W-Amp Rd(MB/s) Wr(MB/s) Comp(sec) CompMergeCPU(sec) Comp(cnt) Avg(sec) KeyIn KeyDrop
----------------------------------------------------------------------------------------------------------------------------------------------------------------------------
 Sum      0/0    0,00 KB   0,0      0,0     0,0      0,0       0,0      0,0       0,0   0,0      0,0      0,0      0,00              0,00         0    0,000       0      0
 Int      0/0    0,00 KB   0,0      0,0     0,0      0,0       0,0      0,0       0,0   0,0      0,0      0,0      0,00              0,00         0    0,000       0      0

** Compaction Stats [default] **
Priority    Files   Size     Score Read(GB)  Rn(GB) Rnp1(GB) Write(GB) Wnew(GB) Moved(GB) W-Amp Rd(MB/s) Wr(MB/s) Comp(sec) CompMergeCPU(sec) Comp(cnt) Avg(sec) KeyIn KeyDrop
-------------------------------------------------------------------------------------------------------------------------------------------------------------------------------
Uptime(secs): 0,0 total, 0,0 interval
Flush(GB): cumulative 0,000, interval 0,000
AddFile(GB): cumulative 0,000, interval 0,000
AddFile(Total Files): cumulative 0, interval 0
AddFile(L0 Files): cumulative 0, interval 0
AddFile(Keys): cumulative 0, interval 0
Cumulative compaction: 0,00 GB write, 0,00 MB/s write, 0,00 GB read, 0,00 MB/s read, 0,0 seconds
Interval compaction: 0,00 GB write, 0,00 MB/s write, 0,00 GB read, 0,00 MB/s read, 0,0 seconds
Stalls(count): 0 level0_slowdown, 0 level0_slowdown_with_compaction, 0 level0_numfiles, 0 level0_numfiles_with_compaction, 0 stop for pending_compaction_bytes, 0 slowdown for pending_compaction_bytes, 0 memtable_compaction, 0 memtable_slowdown, interval 0 total count

** File Read Latency Histogram By Level [default] **

** Compaction Stats [configuration.column.family] **
Level    Files   Size     Score Read(GB)  Rn(GB) Rnp1(GB) Write(GB) Wnew(GB) Moved(GB) W-Amp Rd(MB/s) Wr(MB/s) Comp(sec) CompMergeCPU(sec) Comp(cnt) Avg(sec) KeyIn KeyDrop
----------------------------------------------------------------------------------------------------------------------------------------------------------------------------
 Sum      0/0    0,00 KB   0,0      0,0     0,0      0,0       0,0      0,0       0,0   0,0      0,0      0,0      0,00              0,00         0    0,000       0      0
 Int      0/0    0,00 KB   0,0      0,0     0,0      0,0       0,0      0,0       0,0   0,0      0,0      0,0      0,00              0,00         0    0,000       0      0

** Compaction Stats [configuration.column.family] **
Priority    Files   Size     Score Read(GB)  Rn(GB) Rnp1(GB) Write(GB) Wnew(GB) Moved(GB) W-Amp Rd(MB/s) Wr(MB/s) Comp(sec) CompMergeCPU(sec) Comp(cnt) Avg(sec) KeyIn KeyDrop
-------------------------------------------------------------------------------------------------------------------------------------------------------------------------------
Uptime(secs): 0,0 total, 0,0 interval
Flush(GB): cumulative 0,000, interval 0,000
AddFile(GB): cumulative 0,000, interval 0,000
AddFile(Total Files): cumulative 0, interval 0
AddFile(L0 Files): cumulative 0, interval 0
AddFile(Keys): cumulative 0, interval 0
Cumulative compaction: 0,00 GB write, 0,00 MB/s write, 0,00 GB read, 0,00 MB/s read, 0,0 seconds
Interval compaction: 0,00 GB write, 0,00 MB/s write, 0,00 GB read, 0,00 MB/s read, 0,0 seconds
Stalls(count): 0 level0_slowdown, 0 level0_slowdown_with_compaction, 0 level0_numfiles, 0 level0_numfiles_with_compaction, 0 stop for pending_compaction_bytes, 0 slowdown for pending_compaction_bytes, 0 memtable_compaction, 0 memtable_slowdown, interval 0 total count

** File Read Latency Histogram By Level [configuration.column.family] **

[main] INFO org.apache.nifi.controller.repository.RocksDBFlowFileRepository - Initialized FlowFile Repository at /tmp/junit6793557061472192467/testSwapLocationsUpdatedOnRepoUpdate
[main] INFO org.apache.nifi.controller.repository.RocksDBFlowFileRepository - Finished reading from rocksDB.  Read 0 records from disk
[main] INFO org.apache.nifi.controller.repository.RocksDBFlowFileRepository - Finished deserializing 0 records
[main] INFO org.apache.nifi.controller.repository.RocksDBFlowFileRepository - Successfully restored 0 FlowFiles in 121 milliseconds using 16 threads
[main] INFO org.apache.nifi.rocksdb.RocksDBMetronome - Closing RocksDBMetronome
[main] INFO org.apache.nifi.rocksdb.RocksDBMetronome - Shutting down RocksDBMetronome sync executor
[main] INFO org.apache.nifi.rocksdb.RocksDBMetronome - Pausing RocksDB background work
[main] INFO org.apache.nifi.rocksdb.RocksDBMetronome - Closing RocksDB configurations
[main] INFO org.apache.nifi.rocksdb.RocksDBMetronome - Closing RocksDB database
[main] INFO org.apache.nifi.rocksdb.RocksDBMetronome - [_impl/db_impl.cc:401] Shutdown: canceling all background work
[main] INFO org.apache.nifi.rocksdb.RocksDBMetronome - [_impl/db_impl.cc:582] Shutdown complete
]]></system-err>
  </testcase>
  <testcase name="testNormalizeSwapLocation" classname="org.apache.nifi.controller.repository.TestRocksDBFlowFileRepository" time="0.003">
    <system-err><![CDATA[[main] INFO org.apache.nifi.controller.repository.TestRocksDBFlowFileRepository - Running test: testNormalizeSwapLocation
]]></system-err>
  </testcase>
  <testcase name="testResourceClaimsIncremented" classname="org.apache.nifi.controller.repository.TestRocksDBFlowFileRepository" time="0.383">
    <system-err><![CDATA[[main] INFO org.apache.nifi.controller.repository.TestRocksDBFlowFileRepository - Running test: testResourceClaimsIncremented
[main] INFO org.apache.nifi.rocksdb.RocksDBMetronome - [_impl/db_impl_open.cc:254] Creating manifest 1 

[main] INFO org.apache.nifi.rocksdb.RocksDBMetronome - [rsion_set.cc:4377] Recovering from manifest file: /tmp/junit5577277959189797522/testResourceClaimsIncremented/MANIFEST-000001

[main] INFO org.apache.nifi.rocksdb.RocksDBMetronome - [lumn_family.cc:550] --------------- Options for column family [default]:

[main] INFO org.apache.nifi.rocksdb.RocksDBMetronome - [rsion_set.cc:4527] Recovered from manifest file:/tmp/junit5577277959189797522/testResourceClaimsIncremented/MANIFEST-000001 succeeded,manifest_file_number is 1, next_file_number is 3, last_sequence is 0, log_number is 0,prev_log_number is 0,max_column_family is 0,min_log_number_to_keep is 0

[main] INFO org.apache.nifi.rocksdb.RocksDBMetronome - [rsion_set.cc:4536] Column family [default] (ID 0), log number is 0

[main] INFO org.apache.nifi.rocksdb.RocksDBMetronome - [rsion_set.cc:3788] Creating manifest 4

[main] INFO org.apache.nifi.rocksdb.RocksDBMetronome - [lumn_family.cc:550] --------------- Options for column family [configuration.column.family]:

[main] INFO org.apache.nifi.rocksdb.RocksDBMetronome - [_impl/db_impl.cc:2307] Created column family [configuration.column.family] (ID 1)
[main] INFO org.apache.nifi.rocksdb.RocksDBMetronome - Initialized RocksDB Repository at /tmp/junit5577277959189797522/testResourceClaimsIncremented
[Thread-78] INFO org.apache.nifi.rocksdb.RocksDBMetronome - [_impl/db_impl.cc:858] ------- DUMPING STATS -------
[Thread-79] INFO org.apache.nifi.rocksdb.RocksDBMetronome - [_impl/db_impl.cc:859] 
** DB Stats **
Uptime(secs): 0,0 total, 0,0 interval
Cumulative writes: 0 writes, 0 keys, 0 commit groups, 0,0 writes per commit group, ingest: 0,00 GB, 0,00 MB/s
Cumulative WAL: 0 writes, 0 syncs, 0,00 writes per sync, written: 0,00 GB, 0,00 MB/s
Cumulative stall: 00:00:0,000 H:M:S, 0,0 percent
Interval writes: 0 writes, 0 keys, 0 commit groups, 0,0 writes per commit group, ingest: 0,00 MB, 0,00 MB/s
Interval WAL: 0 writes, 0 syncs, 0,00 writes per sync, written: 0,00 MB, 0,00 MB/s
Interval stall: 00:00:0,000 H:M:S, 0,0 percent

** Compaction Stats [default] **
Level    Files   Size     Score Read(GB)  Rn(GB) Rnp1(GB) Write(GB) Wnew(GB) Moved(GB) W-Amp Rd(MB/s) Wr(MB/s) Comp(sec) CompMergeCPU(sec) Comp(cnt) Avg(sec) KeyIn KeyDrop
----------------------------------------------------------------------------------------------------------------------------------------------------------------------------
 Sum      0/0    0,00 KB   0,0      0,0     0,0      0,0       0,0      0,0       0,0   0,0      0,0      0,0      0,00              0,00         0    0,000       0      0
 Int      0/0    0,00 KB   0,0      0,0     0,0      0,0       0,0      0,0       0,0   0,0      0,0      0,0      0,00              0,00         0    0,000       0      0

** Compaction Stats [default] **
Priority    Files   Size     Score Read(GB)  Rn(GB) Rnp1(GB) Write(GB) Wnew(GB) Moved(GB) W-Amp Rd(MB/s) Wr(MB/s) Comp(sec) CompMergeCPU(sec) Comp(cnt) Avg(sec) KeyIn KeyDrop
-------------------------------------------------------------------------------------------------------------------------------------------------------------------------------
Uptime(secs): 0,0 total, 0,0 interval
Flush(GB): cumulative 0,000, interval 0,000
AddFile(GB): cumulative 0,000, interval 0,000
AddFile(Total Files): cumulative 0, interval 0
AddFile(L0 Files): cumulative 0, interval 0
AddFile(Keys): cumulative 0, interval 0
Cumulative compaction: 0,00 GB write, 0,00 MB/s write, 0,00 GB read, 0,00 MB/s read, 0,0 seconds
Interval compaction: 0,00 GB write, 0,00 MB/s write, 0,00 GB read, 0,00 MB/s read, 0,0 seconds
Stalls(count): 0 level0_slowdown, 0 level0_slowdown_with_compaction, 0 level0_numfiles, 0 level0_numfiles_with_compaction, 0 stop for pending_compaction_bytes, 0 slowdown for pending_compaction_bytes, 0 memtable_compaction, 0 memtable_slowdown, interval 0 total count

** File Read Latency Histogram By Level [default] **

** Compaction Stats [configuration.column.family] **
Level    Files   Size     Score Read(GB)  Rn(GB) Rnp1(GB) Write(GB) Wnew(GB) Moved(GB) W-Amp Rd(MB/s) Wr(MB/s) Comp(sec) CompMergeCPU(sec) Comp(cnt) Avg(sec) KeyIn KeyDrop
----------------------------------------------------------------------------------------------------------------------------------------------------------------------------
 Sum      0/0    0,00 KB   0,0      0,0     0,0      0,0       0,0      0,0       0,0   0,0      0,0      0,0      0,00              0,00         0    0,000       0      0
 Int      0/0    0,00 KB   0,0      0,0     0,0      0,0       0,0      0,0       0,0   0,0      0,0      0,0      0,00              0,00         0    0,000       0      0

** Compaction Stats [configuration.column.family] **
Priority    Files   Size     Score Read(GB)  Rn(GB) Rnp1(GB) Write(GB) Wnew(GB) Moved(GB) W-Amp Rd(MB/s) Wr(MB/s) Comp(sec) CompMergeCPU(sec) Comp(cnt) Avg(sec) KeyIn KeyDrop
-------------------------------------------------------------------------------------------------------------------------------------------------------------------------------
Uptime(secs): 0,0 total, 0,0 interval
Flush(GB): cumulative 0,000, interval 0,000
AddFile(GB): cumulative 0,000, interval 0,000
AddFile(Total Files): cumulative 0, interval 0
AddFile(L0 Files): cumulative 0, interval 0
AddFile(Keys): cumulative 0, interval 0
Cumulative compaction: 0,00 GB write, 0,00 MB/s write, 0,00 GB read, 0,00 MB/s read, 0,0 seconds
Interval compaction: 0,00 GB write, 0,00 MB/s write, 0,00 GB read, 0,00 MB/s read, 0,0 seconds
Stalls(count): 0 level0_slowdown, 0 level0_slowdown_with_compaction, 0 level0_numfiles, 0 level0_numfiles_with_compaction, 0 stop for pending_compaction_bytes, 0 slowdown for pending_compaction_bytes, 0 memtable_compaction, 0 memtable_slowdown, interval 0 total count

** File Read Latency Histogram By Level [configuration.column.family] **

** Compaction Stats [default] **
Level    Files   Size     Score Read(GB)  Rn(GB) Rnp1(GB) Write(GB) Wnew(GB) Moved(GB) W-Amp Rd(MB/s) Wr(MB/s) Comp(sec) CompMergeCPU(sec) Comp(cnt) Avg(sec) KeyIn KeyDrop
----------------------------------------------------------------------------------------------------------------------------------------------------------------------------
 Sum      0/0    0,00 KB   0,0      0,0     0,0      0,0       0,0      0,0       0,0   0,0      0,0      0,0      0,00              0,00         0    0,000       0      0
 Int      0/0    0,00 KB   0,0      0,0     0,0      0,0       0,0      0,0       0,0   0,0      0,0      0,0      0,00              0,00         0    0,000       0      0

** Compaction Stats [default] **
Priority    Files   Size     Score Read(GB)  Rn(GB) Rnp1(GB) Write(GB) Wnew(GB) Moved(GB) W-Amp Rd(MB/s) Wr(MB/s) Comp(sec) CompMergeCPU(sec) Comp(cnt) Avg(sec) KeyIn KeyDrop
-------------------------------------------------------------------------------------------------------------------------------------------------------------------------------
Uptime(secs): 0,0 total, 0,0 interval
Flush(GB): cumulative 0,000, interval 0,000
AddFile(GB): cumulative 0,000, interval 0,000
AddFile(Total Files): cumulative 0, interval 0
AddFile(L0 Files): cumulative 0, interval 0
AddFile(Keys): cumulative 0, interval 0
Cumulative compaction: 0,00 GB write, 0,00 MB/s write, 0,00 GB read, 0,00 MB/s read, 0,0 seconds
Interval compaction: 0,00 GB write, 0,00 MB/s write, 0,00 GB read, 0,00 MB/s read, 0,0 seconds
Stalls(count): 0 level0_slowdown, 0 level0_slowdown_with_compaction, 0 level0_numfiles, 0 level0_numfiles_with_compaction, 0 stop for pending_compaction_bytes, 0 slowdown for pending_compaction_bytes, 0 memtable_compaction, 0 memtable_slowdown, interval 0 total count

** File Read Latency Histogram By Level [default] **

** Compaction Stats [configuration.column.family] **
Level    Files   Size     Score Read(GB)  Rn(GB) Rnp1(GB) Write(GB) Wnew(GB) Moved(GB) W-Amp Rd(MB/s) Wr(MB/s) Comp(sec) CompMergeCPU(sec) Comp(cnt) Avg(sec) KeyIn KeyDrop
----------------------------------------------------------------------------------------------------------------------------------------------------------------------------
 Sum      0/0    0,00 KB   0,0      0,0     0,0      0,0       0,0      0,0       0,0   0,0      0,0      0,0      0,00              0,00         0    0,000       0      0
 Int      0/0    0,00 KB   0,0      0,0     0,0      0,0       0,0      0,0       0,0   0,0      0,0      0,0      0,00              0,00         0    0,000       0      0

** Compaction Stats [configuration.column.family] **
Priority    Files   Size     Score Read(GB)  Rn(GB) Rnp1(GB) Write(GB) Wnew(GB) Moved(GB) W-Amp Rd(MB/s) Wr(MB/s) Comp(sec) CompMergeCPU(sec) Comp(cnt) Avg(sec) KeyIn KeyDrop
-------------------------------------------------------------------------------------------------------------------------------------------------------------------------------
Uptime(secs): 0,0 total, 0,0 interval
Flush(GB): cumulative 0,000, interval 0,000
AddFile(GB): cumulative 0,000, interval 0,000
AddFile(Total Files): cumulative 0, interval 0
AddFile(L0 Files): cumulative 0, interval 0
AddFile(Keys): cumulative 0, interval 0
Cumulative compaction: 0,00 GB write, 0,00 MB/s write, 0,00 GB read, 0,00 MB/s read, 0,0 seconds
Interval compaction: 0,00 GB write, 0,00 MB/s write, 0,00 GB read, 0,00 MB/s read, 0,0 seconds
Stalls(count): 0 level0_slowdown, 0 level0_slowdown_with_compaction, 0 level0_numfiles, 0 level0_numfiles_with_compaction, 0 stop for pending_compaction_bytes, 0 slowdown for pending_compaction_bytes, 0 memtable_compaction, 0 memtable_slowdown, interval 0 total count

** File Read Latency Histogram By Level [configuration.column.family] **

[main] INFO org.apache.nifi.controller.repository.RocksDBFlowFileRepository - Initialized FlowFile Repository at /tmp/junit5577277959189797522/testResourceClaimsIncremented
[main] INFO org.apache.nifi.controller.repository.RocksDBFlowFileRepository - Finished reading from rocksDB.  Read 0 records from disk
[main] INFO org.apache.nifi.controller.repository.RocksDBFlowFileRepository - Finished deserializing 0 records
[main] INFO org.apache.nifi.controller.repository.RocksDBFlowFileRepository - Successfully restored 0 FlowFiles in 120 milliseconds using 16 threads
[main] INFO org.apache.nifi.controller.repository.RocksDBFlowFileRepository - Successfully swapped out 1 FlowFiles from FlowFileQueue[id=1234] to Swap File 66d51011-eabc-4c1d-b70f-827250cb24c4
[main] INFO org.apache.nifi.rocksdb.RocksDBMetronome - Closing RocksDBMetronome
[main] INFO org.apache.nifi.rocksdb.RocksDBMetronome - Shutting down RocksDBMetronome sync executor
[main] INFO org.apache.nifi.rocksdb.RocksDBMetronome - Pausing RocksDB background work
[main] INFO org.apache.nifi.rocksdb.RocksDBMetronome - Closing RocksDB configurations
[main] INFO org.apache.nifi.rocksdb.RocksDBMetronome - Closing RocksDB database
[main] INFO org.apache.nifi.rocksdb.RocksDBMetronome - [_impl/db_impl.cc:401] Shutdown: canceling all background work
[main] INFO org.apache.nifi.rocksdb.RocksDBMetronome - [_impl/db_impl.cc:582] Shutdown complete
[main] INFO org.apache.nifi.rocksdb.RocksDBMetronome - [rsion_set.cc:4377] Recovering from manifest file: /tmp/junit5577277959189797522/testResourceClaimsIncremented/MANIFEST-000004

[main] INFO org.apache.nifi.rocksdb.RocksDBMetronome - [lumn_family.cc:550] --------------- Options for column family [default]:

[main] INFO org.apache.nifi.rocksdb.RocksDBMetronome - [lumn_family.cc:550] --------------- Options for column family [configuration.column.family]:

[main] INFO org.apache.nifi.rocksdb.RocksDBMetronome - [rsion_set.cc:4527] Recovered from manifest file:/tmp/junit5577277959189797522/testResourceClaimsIncremented/MANIFEST-000004 succeeded,manifest_file_number is 4, next_file_number is 6, last_sequence is 0, log_number is 3,prev_log_number is 0,max_column_family is 1,min_log_number_to_keep is 0

[main] INFO org.apache.nifi.rocksdb.RocksDBMetronome - [rsion_set.cc:4536] Column family [default] (ID 0), log number is 0

[main] INFO org.apache.nifi.rocksdb.RocksDBMetronome - [rsion_set.cc:4536] Column family [configuration.column.family] (ID 1), log number is 3

[main] INFO org.apache.nifi.rocksdb.RocksDBMetronome - EVENT_LOG_v1 {"time_micros": 1714609648463814, "job": 1, "event": "recovery_started", "log_files": [3]}
[main] INFO org.apache.nifi.rocksdb.RocksDBMetronome - [_impl/db_impl_open.cc:735] Recovering log #3 mode 2
[main] INFO org.apache.nifi.rocksdb.RocksDBMetronome - EVENT_LOG_v1 {"time_micros": 1714609648465918, "cf_name": "default", "job": 1, "event": "table_file_creation", "file_number": 6, "file_size": 912, "table_properties": {"data_size": 160, "index_size": 35, "index_partitions": 0, "top_level_index_size": 0, "index_key_is_user_key": 0, "index_value_is_delta_encoded": 0, "filter_size": 0, "raw_key_size": 32, "raw_average_key_size": 16, "raw_value_size": 192, "raw_average_value_size": 96, "num_data_blocks": 1, "num_entries": 2, "num_deletions": 1, "num_merge_operands": 0, "num_range_deletions": 0, "format_version": 0, "fixed_key_len": 0, "filter_policy": "", "column_family_name": "default", "column_family_id": 0, "comparator": "leveldb.BytewiseComparator", "merge_operator": "nullptr", "prefix_extractor_name": "nullptr", "property_collectors": "[]", "compression": "LZ4", "compression_options": "window_bits=-14; level=32767; strategy=0; max_dict_bytes=0; zstd_max_train_bytes=0; enabled=0; ", "creation_time": 1714609648, "oldest_key_time": 3, "file_creation_time": 0}}
[main] INFO org.apache.nifi.rocksdb.RocksDBMetronome - EVENT_LOG_v1 {"time_micros": 1714609648467595, "cf_name": "configuration.column.family", "job": 1, "event": "table_file_creation", "file_number": 7, "file_size": 1730, "table_properties": {"data_size": 920, "index_size": 69, "index_partitions": 0, "top_level_index_size": 0, "index_key_is_user_key": 0, "index_value_is_delta_encoded": 0, "filter_size": 0, "raw_key_size": 99, "raw_average_key_size": 24, "raw_value_size": 7368, "raw_average_value_size": 1842, "num_data_blocks": 2, "num_entries": 4, "num_deletions": 0, "num_merge_operands": 0, "num_range_deletions": 0, "format_version": 0, "fixed_key_len": 0, "filter_policy": "", "column_family_name": "configuration.column.family", "column_family_id": 1, "comparator": "leveldb.BytewiseComparator", "merge_operator": "nullptr", "prefix_extractor_name": "nullptr", "property_collectors": "[]", "compression": "LZ4", "compression_options": "window_bits=-14; level=32767; strategy=0; max_dict_bytes=0; zstd_max_train_bytes=0; enabled=0; ", "creation_time": 1714609648, "oldest_key_time": 3, "file_creation_time": 0}}
[main] INFO org.apache.nifi.rocksdb.RocksDBMetronome - [rsion_set.cc:3788] Creating manifest 8

[main] INFO org.apache.nifi.rocksdb.RocksDBMetronome - EVENT_LOG_v1 {"time_micros": 1714609648472022, "job": 1, "event": "recovery_finished"}
[main] INFO org.apache.nifi.rocksdb.RocksDBMetronome - Initialized RocksDB Repository at /tmp/junit5577277959189797522/testResourceClaimsIncremented
[Thread-80] INFO org.apache.nifi.rocksdb.RocksDBMetronome - [_impl/db_impl.cc:858] ------- DUMPING STATS -------
[Thread-81] INFO org.apache.nifi.rocksdb.RocksDBMetronome - [_impl/db_impl.cc:859] 
** DB Stats **
Uptime(secs): 0,0 total, 0,0 interval
Cumulative writes: 0 writes, 0 keys, 0 commit groups, 0,0 writes per commit group, ingest: 0,00 GB, 0,00 MB/s
Cumulative WAL: 0 writes, 0 syncs, 0,00 writes per sync, written: 0,00 GB, 0,00 MB/s
Cumulative stall: 00:00:0,000 H:M:S, 0,0 percent
Interval writes: 0 writes, 0 keys, 0 commit groups, 0,0 writes per commit group, ingest: 0,00 MB, 0,00 MB/s
Interval WAL: 0 writes, 0 syncs, 0,00 writes per sync, written: 0,00 MB, 0,00 MB/s
Interval stall: 00:00:0,000 H:M:S, 0,0 percent

** Compaction Stats [default] **
Level    Files   Size     Score Read(GB)  Rn(GB) Rnp1(GB) Write(GB) Wnew(GB) Moved(GB) W-Amp Rd(MB/s) Wr(MB/s) Comp(sec) CompMergeCPU(sec) Comp(cnt) Avg(sec) KeyIn KeyDrop
----------------------------------------------------------------------------------------------------------------------------------------------------------------------------
  L0      1/0    0,89 KB   0,2      0,0     0,0      0,0       0,0      0,0       0,0   1,0      0,0      0,4      0,00              0,00         1    0,002       0      0
 Sum      1/0    0,89 KB   0,0      0,0     0,0      0,0       0,0      0,0       0,0   1,0      0,0      0,4      0,00              0,00         1    0,002       0      0
 Int      0/0    0,00 KB   0,0      0,0     0,0      0,0       0,0      0,0       0,0   1,0      0,0      0,4      0,00              0,00         1    0,002       0      0

** Compaction Stats [default] **
Priority    Files   Size     Score Read(GB)  Rn(GB) Rnp1(GB) Write(GB) Wnew(GB) Moved(GB) W-Amp Rd(MB/s) Wr(MB/s) Comp(sec) CompMergeCPU(sec) Comp(cnt) Avg(sec) KeyIn KeyDrop
-------------------------------------------------------------------------------------------------------------------------------------------------------------------------------
User      0/0    0,00 KB   0,0      0,0     0,0      0,0       0,0      0,0       0,0   0,0      0,0      0,4      0,00              0,00         1    0,002       0      0
Uptime(secs): 0,0 total, 0,0 interval
Flush(GB): cumulative 0,000, interval 0,000
AddFile(GB): cumulative 0,000, interval 0,000
AddFile(Total Files): cumulative 0, interval 0
AddFile(L0 Files): cumulative 0, interval 0
AddFile(Keys): cumulative 0, interval 0
Cumulative compaction: 0,00 GB write, 0,06 MB/s write, 0,00 GB read, 0,00 MB/s read, 0,0 seconds
Interval compaction: 0,00 GB write, 0,06 MB/s write, 0,00 GB read, 0,00 MB/s read, 0,0 seconds
Stalls(count): 0 level0_slowdown, 0 level0_slowdown_with_compaction, 0 level0_numfiles, 0 level0_numfiles_with_compaction, 0 stop for pending_compaction_bytes, 0 slowdown for pending_compaction_bytes, 0 memtable_compaction, 0 memtable_slowdown, interval 0 total count

** File Read Latency Histogram By Level [default] **

** Compaction Stats [configuration.column.family] **
Level    Files   Size     Score Read(GB)  Rn(GB) Rnp1(GB) Write(GB) Wnew(GB) Moved(GB) W-Amp Rd(MB/s) Wr(MB/s) Comp(sec) CompMergeCPU(sec) Comp(cnt) Avg(sec) KeyIn KeyDrop
----------------------------------------------------------------------------------------------------------------------------------------------------------------------------
  L0      1/0    1,69 KB   0,2      0,0     0,0      0,0       0,0      0,0       0,0   1,0      0,0      1,0      0,00              0,00         1    0,002       0      0
 Sum      1/0    1,69 KB   0,0      0,0     0,0      0,0       0,0      0,0       0,0   1,0      0,0      1,0      0,00              0,00         1    0,002       0      0
 Int      0/0    0,00 KB   0,0      0,0     0,0      0,0       0,0      0,0       0,0   1,0      0,0      1,0      0,00              0,00         1    0,002       0      0

** Compaction Stats [configuration.column.family] **
Priority    Files   Size     Score Read(GB)  Rn(GB) Rnp1(GB) Write(GB) Wnew(GB) Moved(GB) W-Amp Rd(MB/s) Wr(MB/s) Comp(sec) CompMergeCPU(sec) Comp(cnt) Avg(sec) KeyIn KeyDrop
-------------------------------------------------------------------------------------------------------------------------------------------------------------------------------
User      0/0    0,00 KB   0,0      0,0     0,0      0,0       0,0      0,0       0,0   0,0      0,0      1,0      0,00              0,00         1    0,002       0      0
Uptime(secs): 0,0 total, 0,0 interval
Flush(GB): cumulative 0,000, interval 0,000
AddFile(GB): cumulative 0,000, interval 0,000
AddFile(Total Files): cumulative 0, interval 0
AddFile(L0 Files): cumulative 0, interval 0
AddFile(Keys): cumulative 0, interval 0
Cumulative compaction: 0,00 GB write, 0,12 MB/s write, 0,00 GB read, 0,00 MB/s read, 0,0 seconds
Interval compaction: 0,00 GB write, 0,12 MB/s write, 0,00 GB read, 0,00 MB/s read, 0,0 seconds
Stalls(count): 0 level0_slowdown, 0 level0_slowdown_with_compaction, 0 level0_numfiles, 0 level0_numfiles_with_compaction, 0 stop for pending_compaction_bytes, 0 slowdown for pending_compaction_bytes, 0 memtable_compaction, 0 memtable_slowdown, interval 0 total count

** File Read Latency Histogram By Level [configuration.column.family] **

** Compaction Stats [default] **
Level    Files   Size     Score Read(GB)  Rn(GB) Rnp1(GB) Write(GB) Wnew(GB) Moved(GB) W-Amp Rd(MB/s) Wr(MB/s) Comp(sec) CompMergeCPU(sec) Comp(cnt) Avg(sec) KeyIn KeyDrop
----------------------------------------------------------------------------------------------------------------------------------------------------------------------------
  L0      1/0    0,89 KB   0,2      0,0     0,0      0,0       0,0      0,0       0,0   1,0      0,0      0,4      0,00              0,00         1    0,002       0      0
 Sum      1/0    0,89 KB   0,0      0,0     0,0      0,0       0,0      0,0       0,0   1,0      0,0      0,4      0,00              0,00         1    0,002       0      0
 Int      0/0    0,00 KB   0,0      0,0     0,0      0,0       0,0      0,0       0,0   0,0      0,0      0,0      0,00              0,00         0    0,000       0      0

** Compaction Stats [default] **
Priority    Files   Size     Score Read(GB)  Rn(GB) Rnp1(GB) Write(GB) Wnew(GB) Moved(GB) W-Amp Rd(MB/s) Wr(MB/s) Comp(sec) CompMergeCPU(sec) Comp(cnt) Avg(sec) KeyIn KeyDrop
-------------------------------------------------------------------------------------------------------------------------------------------------------------------------------
User      0/0    0,00 KB   0,0      0,0     0,0      0,0       0,0      0,0       0,0   0,0      0,0      0,4      0,00              0,00         1    0,002       0      0
Uptime(secs): 0,0 total, 0,0 interval
Flush(GB): cumulative 0,000, interval 0,000
AddFile(GB): cumulative 0,000, interval 0,000
AddFile(Total Files): cumulative 0, interval 0
AddFile(L0 Files): cumulative 0, interval 0
AddFile(Keys): cumulative 0, interval 0
Cumulative compaction: 0,00 GB write, 0,06 MB/s write, 0,00 GB read, 0,00 MB/s read, 0,0 seconds
Interval compaction: 0,00 GB write, 0,00 MB/s write, 0,00 GB read, 0,00 MB/s read, 0,0 seconds
Stalls(count): 0 level0_slowdown, 0 level0_slowdown_with_compaction, 0 level0_numfiles, 0 level0_numfiles_with_compaction, 0 stop for pending_compaction_bytes, 0 slowdown for pending_compaction_bytes, 0 memtable_compaction, 0 memtable_slowdown, interval 0 total count

** File Read Latency Histogram By Level [default] **

** Compaction Stats [configuration.column.family] **
Level    Files   Size     Score Read(GB)  Rn(GB) Rnp1(GB) Write(GB) Wnew(GB) Moved(GB) W-Amp Rd(MB/s) Wr(MB/s) Comp(sec) CompMergeCPU(sec) Comp(cnt) Avg(sec) KeyIn KeyDrop
----------------------------------------------------------------------------------------------------------------------------------------------------------------------------
  L0      1/0    1,69 KB   0,2      0,0     0,0      0,0       0,0      0,0       0,0   1,0      0,0      1,0      0,00              0,00         1    0,002       0      0
 Sum      1/0    1,69 KB   0,0      0,0     0,0      0,0       0,0      0,0       0,0   1,0      0,0      1,0      0,00              0,00         1    0,002       0      0
 Int      0/0    0,00 KB   0,0      0,0     0,0      0,0       0,0      0,0       0,0   0,0      0,0      0,0      0,00              0,00         0    0,000       0      0

** Compaction Stats [configuration.column.family] **
Priority    Files   Size     Score Read(GB)  Rn(GB) Rnp1(GB) Write(GB) Wnew(GB) Moved(GB) W-Amp Rd(MB/s) Wr(MB/s) Comp(sec) CompMergeCPU(sec) Comp(cnt) Avg(sec) KeyIn KeyDrop
-------------------------------------------------------------------------------------------------------------------------------------------------------------------------------
User      0/0    0,00 KB   0,0      0,0     0,0      0,0       0,0      0,0       0,0   0,0      0,0      1,0      0,00              0,00         1    0,002       0      0
Uptime(secs): 0,0 total, 0,0 interval
Flush(GB): cumulative 0,000, interval 0,000
AddFile(GB): cumulative 0,000, interval 0,000
AddFile(Total Files): cumulative 0, interval 0
AddFile(L0 Files): cumulative 0, interval 0
AddFile(Keys): cumulative 0, interval 0
Cumulative compaction: 0,00 GB write, 0,12 MB/s write, 0,00 GB read, 0,00 MB/s read, 0,0 seconds
Interval compaction: 0,00 GB write, 0,00 MB/s write, 0,00 GB read, 0,00 MB/s read, 0,0 seconds
Stalls(count): 0 level0_slowdown, 0 level0_slowdown_with_compaction, 0 level0_numfiles, 0 level0_numfiles_with_compaction, 0 stop for pending_compaction_bytes, 0 slowdown for pending_compaction_bytes, 0 memtable_compaction, 0 memtable_slowdown, interval 0 total count

** File Read Latency Histogram By Level [configuration.column.family] **

[main] INFO org.apache.nifi.controller.repository.RocksDBFlowFileRepository - Initialized FlowFile Repository at /tmp/junit5577277959189797522/testResourceClaimsIncremented
[main] INFO org.apache.nifi.controller.repository.RocksDBFlowFileRepository - Finished reading from rocksDB.  Read 1 records from disk
[main] INFO org.apache.nifi.controller.repository.RocksDBFlowFileRepository - Finished deserializing 1 records
[main] INFO org.apache.nifi.controller.repository.RocksDBFlowFileRepository - Successfully restored 1 FlowFiles in 120 milliseconds using 16 threads
[main] INFO org.apache.nifi.rocksdb.RocksDBMetronome - Closing RocksDBMetronome
[main] INFO org.apache.nifi.rocksdb.RocksDBMetronome - Shutting down RocksDBMetronome sync executor
[main] INFO org.apache.nifi.rocksdb.RocksDBMetronome - Pausing RocksDB background work
[main] INFO org.apache.nifi.rocksdb.RocksDBMetronome - Closing RocksDB configurations
[main] INFO org.apache.nifi.rocksdb.RocksDBMetronome - Closing RocksDB database
[main] INFO org.apache.nifi.rocksdb.RocksDBMetronome - [_impl/db_impl.cc:401] Shutdown: canceling all background work
[main] INFO org.apache.nifi.rocksdb.RocksDBMetronome - [_impl/db_impl.cc:582] Shutdown complete
[main] INFO org.apache.nifi.controller.queue.SwappablePriorityQueue - Recovered 1 swap files for SwappablePriorityQueue[queueId=1234, partition=null] in 0 millis
]]></system-err>
  </testcase>
  <testcase name="testRestartWithOneRecord" classname="org.apache.nifi.controller.repository.TestRocksDBFlowFileRepository" time="0.318">
    <system-err><![CDATA[[main] INFO org.apache.nifi.controller.repository.TestRocksDBFlowFileRepository - Running test: testRestartWithOneRecord
[main] INFO org.apache.nifi.rocksdb.RocksDBMetronome - [_impl/db_impl_open.cc:254] Creating manifest 1 

[main] INFO org.apache.nifi.rocksdb.RocksDBMetronome - [rsion_set.cc:4377] Recovering from manifest file: /tmp/junit4290923130995895818/testRestartWithOneRecord/MANIFEST-000001

[main] INFO org.apache.nifi.rocksdb.RocksDBMetronome - [lumn_family.cc:550] --------------- Options for column family [default]:

[main] INFO org.apache.nifi.rocksdb.RocksDBMetronome - [rsion_set.cc:4527] Recovered from manifest file:/tmp/junit4290923130995895818/testRestartWithOneRecord/MANIFEST-000001 succeeded,manifest_file_number is 1, next_file_number is 3, last_sequence is 0, log_number is 0,prev_log_number is 0,max_column_family is 0,min_log_number_to_keep is 0

[main] INFO org.apache.nifi.rocksdb.RocksDBMetronome - [rsion_set.cc:4536] Column family [default] (ID 0), log number is 0

[main] INFO org.apache.nifi.rocksdb.RocksDBMetronome - [rsion_set.cc:3788] Creating manifest 4

[main] INFO org.apache.nifi.rocksdb.RocksDBMetronome - [lumn_family.cc:550] --------------- Options for column family [configuration.column.family]:

[main] INFO org.apache.nifi.rocksdb.RocksDBMetronome - [_impl/db_impl.cc:2307] Created column family [configuration.column.family] (ID 1)
[main] INFO org.apache.nifi.rocksdb.RocksDBMetronome - Initialized RocksDB Repository at /tmp/junit4290923130995895818/testRestartWithOneRecord
[Thread-82] INFO org.apache.nifi.rocksdb.RocksDBMetronome - [_impl/db_impl.cc:858] ------- DUMPING STATS -------
[Thread-83] INFO org.apache.nifi.rocksdb.RocksDBMetronome - [_impl/db_impl.cc:859] 
** DB Stats **
Uptime(secs): 0,0 total, 0,0 interval
Cumulative writes: 0 writes, 0 keys, 0 commit groups, 0,0 writes per commit group, ingest: 0,00 GB, 0,00 MB/s
Cumulative WAL: 0 writes, 0 syncs, 0,00 writes per sync, written: 0,00 GB, 0,00 MB/s
Cumulative stall: 00:00:0,000 H:M:S, 0,0 percent
Interval writes: 0 writes, 0 keys, 0 commit groups, 0,0 writes per commit group, ingest: 0,00 MB, 0,00 MB/s
Interval WAL: 0 writes, 0 syncs, 0,00 writes per sync, written: 0,00 MB, 0,00 MB/s
Interval stall: 00:00:0,000 H:M:S, 0,0 percent

** Compaction Stats [default] **
Level    Files   Size     Score Read(GB)  Rn(GB) Rnp1(GB) Write(GB) Wnew(GB) Moved(GB) W-Amp Rd(MB/s) Wr(MB/s) Comp(sec) CompMergeCPU(sec) Comp(cnt) Avg(sec) KeyIn KeyDrop
----------------------------------------------------------------------------------------------------------------------------------------------------------------------------
 Sum      0/0    0,00 KB   0,0      0,0     0,0      0,0       0,0      0,0       0,0   0,0      0,0      0,0      0,00              0,00         0    0,000       0      0
 Int      0/0    0,00 KB   0,0      0,0     0,0      0,0       0,0      0,0       0,0   0,0      0,0      0,0      0,00              0,00         0    0,000       0      0

** Compaction Stats [default] **
Priority    Files   Size     Score Read(GB)  Rn(GB) Rnp1(GB) Write(GB) Wnew(GB) Moved(GB) W-Amp Rd(MB/s) Wr(MB/s) Comp(sec) CompMergeCPU(sec) Comp(cnt) Avg(sec) KeyIn KeyDrop
-------------------------------------------------------------------------------------------------------------------------------------------------------------------------------
Uptime(secs): 0,0 total, 0,0 interval
Flush(GB): cumulative 0,000, interval 0,000
AddFile(GB): cumulative 0,000, interval 0,000
AddFile(Total Files): cumulative 0, interval 0
AddFile(L0 Files): cumulative 0, interval 0
AddFile(Keys): cumulative 0, interval 0
Cumulative compaction: 0,00 GB write, 0,00 MB/s write, 0,00 GB read, 0,00 MB/s read, 0,0 seconds
Interval compaction: 0,00 GB write, 0,00 MB/s write, 0,00 GB read, 0,00 MB/s read, 0,0 seconds
Stalls(count): 0 level0_slowdown, 0 level0_slowdown_with_compaction, 0 level0_numfiles, 0 level0_numfiles_with_compaction, 0 stop for pending_compaction_bytes, 0 slowdown for pending_compaction_bytes, 0 memtable_compaction, 0 memtable_slowdown, interval 0 total count

** File Read Latency Histogram By Level [default] **

** Compaction Stats [configuration.column.family] **
Level    Files   Size     Score Read(GB)  Rn(GB) Rnp1(GB) Write(GB) Wnew(GB) Moved(GB) W-Amp Rd(MB/s) Wr(MB/s) Comp(sec) CompMergeCPU(sec) Comp(cnt) Avg(sec) KeyIn KeyDrop
----------------------------------------------------------------------------------------------------------------------------------------------------------------------------
 Sum      0/0    0,00 KB   0,0      0,0     0,0      0,0       0,0      0,0       0,0   0,0      0,0      0,0      0,00              0,00         0    0,000       0      0
 Int      0/0    0,00 KB   0,0      0,0     0,0      0,0       0,0      0,0       0,0   0,0      0,0      0,0      0,00              0,00         0    0,000       0      0

** Compaction Stats [configuration.column.family] **
Priority    Files   Size     Score Read(GB)  Rn(GB) Rnp1(GB) Write(GB) Wnew(GB) Moved(GB) W-Amp Rd(MB/s) Wr(MB/s) Comp(sec) CompMergeCPU(sec) Comp(cnt) Avg(sec) KeyIn KeyDrop
-------------------------------------------------------------------------------------------------------------------------------------------------------------------------------
Uptime(secs): 0,0 total, 0,0 interval
Flush(GB): cumulative 0,000, interval 0,000
AddFile(GB): cumulative 0,000, interval 0,000
AddFile(Total Files): cumulative 0, interval 0
AddFile(L0 Files): cumulative 0, interval 0
AddFile(Keys): cumulative 0, interval 0
Cumulative compaction: 0,00 GB write, 0,00 MB/s write, 0,00 GB read, 0,00 MB/s read, 0,0 seconds
Interval compaction: 0,00 GB write, 0,00 MB/s write, 0,00 GB read, 0,00 MB/s read, 0,0 seconds
Stalls(count): 0 level0_slowdown, 0 level0_slowdown_with_compaction, 0 level0_numfiles, 0 level0_numfiles_with_compaction, 0 stop for pending_compaction_bytes, 0 slowdown for pending_compaction_bytes, 0 memtable_compaction, 0 memtable_slowdown, interval 0 total count

** File Read Latency Histogram By Level [configuration.column.family] **

** Compaction Stats [default] **
Level    Files   Size     Score Read(GB)  Rn(GB) Rnp1(GB) Write(GB) Wnew(GB) Moved(GB) W-Amp Rd(MB/s) Wr(MB/s) Comp(sec) CompMergeCPU(sec) Comp(cnt) Avg(sec) KeyIn KeyDrop
----------------------------------------------------------------------------------------------------------------------------------------------------------------------------
 Sum      0/0    0,00 KB   0,0      0,0     0,0      0,0       0,0      0,0       0,0   0,0      0,0      0,0      0,00              0,00         0    0,000       0      0
 Int      0/0    0,00 KB   0,0      0,0     0,0      0,0       0,0      0,0       0,0   0,0      0,0      0,0      0,00              0,00         0    0,000       0      0

** Compaction Stats [default] **
Priority    Files   Size     Score Read(GB)  Rn(GB) Rnp1(GB) Write(GB) Wnew(GB) Moved(GB) W-Amp Rd(MB/s) Wr(MB/s) Comp(sec) CompMergeCPU(sec) Comp(cnt) Avg(sec) KeyIn KeyDrop
-------------------------------------------------------------------------------------------------------------------------------------------------------------------------------
Uptime(secs): 0,0 total, 0,0 interval
Flush(GB): cumulative 0,000, interval 0,000
AddFile(GB): cumulative 0,000, interval 0,000
AddFile(Total Files): cumulative 0, interval 0
AddFile(L0 Files): cumulative 0, interval 0
AddFile(Keys): cumulative 0, interval 0
Cumulative compaction: 0,00 GB write, 0,00 MB/s write, 0,00 GB read, 0,00 MB/s read, 0,0 seconds
Interval compaction: 0,00 GB write, 0,00 MB/s write, 0,00 GB read, 0,00 MB/s read, 0,0 seconds
Stalls(count): 0 level0_slowdown, 0 level0_slowdown_with_compaction, 0 level0_numfiles, 0 level0_numfiles_with_compaction, 0 stop for pending_compaction_bytes, 0 slowdown for pending_compaction_bytes, 0 memtable_compaction, 0 memtable_slowdown, interval 0 total count

** File Read Latency Histogram By Level [default] **

** Compaction Stats [configuration.column.family] **
Level    Files   Size     Score Read(GB)  Rn(GB) Rnp1(GB) Write(GB) Wnew(GB) Moved(GB) W-Amp Rd(MB/s) Wr(MB/s) Comp(sec) CompMergeCPU(sec) Comp(cnt) Avg(sec) KeyIn KeyDrop
----------------------------------------------------------------------------------------------------------------------------------------------------------------------------
 Sum      0/0    0,00 KB   0,0      0,0     0,0      0,0       0,0      0,0       0,0   0,0      0,0      0,0      0,00              0,00         0    0,000       0      0
 Int      0/0    0,00 KB   0,0      0,0     0,0      0,0       0,0      0,0       0,0   0,0      0,0      0,0      0,00              0,00         0    0,000       0      0

** Compaction Stats [configuration.column.family] **
Priority    Files   Size     Score Read(GB)  Rn(GB) Rnp1(GB) Write(GB) Wnew(GB) Moved(GB) W-Amp Rd(MB/s) Wr(MB/s) Comp(sec) CompMergeCPU(sec) Comp(cnt) Avg(sec) KeyIn KeyDrop
-------------------------------------------------------------------------------------------------------------------------------------------------------------------------------
Uptime(secs): 0,0 total, 0,0 interval
Flush(GB): cumulative 0,000, interval 0,000
AddFile(GB): cumulative 0,000, interval 0,000
AddFile(Total Files): cumulative 0, interval 0
AddFile(L0 Files): cumulative 0, interval 0
AddFile(Keys): cumulative 0, interval 0
Cumulative compaction: 0,00 GB write, 0,00 MB/s write, 0,00 GB read, 0,00 MB/s read, 0,0 seconds
Interval compaction: 0,00 GB write, 0,00 MB/s write, 0,00 GB read, 0,00 MB/s read, 0,0 seconds
Stalls(count): 0 level0_slowdown, 0 level0_slowdown_with_compaction, 0 level0_numfiles, 0 level0_numfiles_with_compaction, 0 stop for pending_compaction_bytes, 0 slowdown for pending_compaction_bytes, 0 memtable_compaction, 0 memtable_slowdown, interval 0 total count

** File Read Latency Histogram By Level [configuration.column.family] **

[main] INFO org.apache.nifi.controller.repository.RocksDBFlowFileRepository - Initialized FlowFile Repository at /tmp/junit4290923130995895818/testRestartWithOneRecord
[main] INFO org.apache.nifi.controller.repository.RocksDBFlowFileRepository - Finished reading from rocksDB.  Read 0 records from disk
[main] INFO org.apache.nifi.controller.repository.RocksDBFlowFileRepository - Finished deserializing 0 records
[main] INFO org.apache.nifi.controller.repository.RocksDBFlowFileRepository - Successfully restored 0 FlowFiles in 122 milliseconds using 16 threads
[main] INFO org.apache.nifi.rocksdb.RocksDBMetronome - Closing RocksDBMetronome
[main] INFO org.apache.nifi.rocksdb.RocksDBMetronome - Shutting down RocksDBMetronome sync executor
[main] INFO org.apache.nifi.rocksdb.RocksDBMetronome - Pausing RocksDB background work
[main] INFO org.apache.nifi.rocksdb.RocksDBMetronome - Closing RocksDB configurations
[main] INFO org.apache.nifi.rocksdb.RocksDBMetronome - Closing RocksDB database
[main] INFO org.apache.nifi.rocksdb.RocksDBMetronome - [_impl/db_impl.cc:401] Shutdown: canceling all background work
[main] INFO org.apache.nifi.rocksdb.RocksDBMetronome - [_impl/db_impl.cc:582] Shutdown complete
[main] INFO org.apache.nifi.rocksdb.RocksDBMetronome - [rsion_set.cc:4377] Recovering from manifest file: /tmp/junit4290923130995895818/testRestartWithOneRecord/MANIFEST-000004

[main] INFO org.apache.nifi.rocksdb.RocksDBMetronome - [lumn_family.cc:550] --------------- Options for column family [default]:

[main] INFO org.apache.nifi.rocksdb.RocksDBMetronome - [lumn_family.cc:550] --------------- Options for column family [configuration.column.family]:

[main] INFO org.apache.nifi.rocksdb.RocksDBMetronome - [rsion_set.cc:4527] Recovered from manifest file:/tmp/junit4290923130995895818/testRestartWithOneRecord/MANIFEST-000004 succeeded,manifest_file_number is 4, next_file_number is 6, last_sequence is 0, log_number is 3,prev_log_number is 0,max_column_family is 1,min_log_number_to_keep is 0

[main] INFO org.apache.nifi.rocksdb.RocksDBMetronome - [rsion_set.cc:4536] Column family [default] (ID 0), log number is 0

[main] INFO org.apache.nifi.rocksdb.RocksDBMetronome - [rsion_set.cc:4536] Column family [configuration.column.family] (ID 1), log number is 3

[main] INFO org.apache.nifi.rocksdb.RocksDBMetronome - EVENT_LOG_v1 {"time_micros": 1714609648781421, "job": 1, "event": "recovery_started", "log_files": [3]}
[main] INFO org.apache.nifi.rocksdb.RocksDBMetronome - [_impl/db_impl_open.cc:735] Recovering log #3 mode 2
[main] INFO org.apache.nifi.rocksdb.RocksDBMetronome - EVENT_LOG_v1 {"time_micros": 1714609648783577, "cf_name": "default", "job": 1, "event": "table_file_creation", "file_number": 6, "file_size": 880, "table_properties": {"data_size": 129, "index_size": 34, "index_partitions": 0, "top_level_index_size": 0, "index_key_is_user_key": 0, "index_value_is_delta_encoded": 0, "filter_size": 0, "raw_key_size": 16, "raw_average_key_size": 16, "raw_value_size": 128, "raw_average_value_size": 128, "num_data_blocks": 1, "num_entries": 1, "num_deletions": 0, "num_merge_operands": 0, "num_range_deletions": 0, "format_version": 0, "fixed_key_len": 0, "filter_policy": "", "column_family_name": "default", "column_family_id": 0, "comparator": "leveldb.BytewiseComparator", "merge_operator": "nullptr", "prefix_extractor_name": "nullptr", "property_collectors": "[]", "compression": "LZ4", "compression_options": "window_bits=-14; level=32767; strategy=0; max_dict_bytes=0; zstd_max_train_bytes=0; enabled=0; ", "creation_time": 1714609648, "oldest_key_time": 3, "file_creation_time": 0}}
[main] INFO org.apache.nifi.rocksdb.RocksDBMetronome - EVENT_LOG_v1 {"time_micros": 1714609648785336, "cf_name": "configuration.column.family", "job": 1, "event": "table_file_creation", "file_number": 7, "file_size": 1690, "table_properties": {"data_size": 881, "index_size": 68, "index_partitions": 0, "top_level_index_size": 0, "index_key_is_user_key": 0, "index_value_is_delta_encoded": 0, "filter_size": 0, "raw_key_size": 99, "raw_average_key_size": 24, "raw_value_size": 7329, "raw_average_value_size": 1832, "num_data_blocks": 2, "num_entries": 4, "num_deletions": 0, "num_merge_operands": 0, "num_range_deletions": 0, "format_version": 0, "fixed_key_len": 0, "filter_policy": "", "column_family_name": "configuration.column.family", "column_family_id": 1, "comparator": "leveldb.BytewiseComparator", "merge_operator": "nullptr", "prefix_extractor_name": "nullptr", "property_collectors": "[]", "compression": "LZ4", "compression_options": "window_bits=-14; level=32767; strategy=0; max_dict_bytes=0; zstd_max_train_bytes=0; enabled=0; ", "creation_time": 1714609648, "oldest_key_time": 3, "file_creation_time": 0}}
[main] INFO org.apache.nifi.rocksdb.RocksDBMetronome - [rsion_set.cc:3788] Creating manifest 8

[main] INFO org.apache.nifi.rocksdb.RocksDBMetronome - EVENT_LOG_v1 {"time_micros": 1714609648789809, "job": 1, "event": "recovery_finished"}
[main] INFO org.apache.nifi.rocksdb.RocksDBMetronome - Initialized RocksDB Repository at /tmp/junit4290923130995895818/testRestartWithOneRecord
[Thread-84] INFO org.apache.nifi.rocksdb.RocksDBMetronome - [_impl/db_impl.cc:858] ------- DUMPING STATS -------
[Thread-85] INFO org.apache.nifi.rocksdb.RocksDBMetronome - [_impl/db_impl.cc:859] 
** DB Stats **
Uptime(secs): 0,0 total, 0,0 interval
Cumulative writes: 0 writes, 0 keys, 0 commit groups, 0,0 writes per commit group, ingest: 0,00 GB, 0,00 MB/s
Cumulative WAL: 0 writes, 0 syncs, 0,00 writes per sync, written: 0,00 GB, 0,00 MB/s
Cumulative stall: 00:00:0,000 H:M:S, 0,0 percent
Interval writes: 0 writes, 0 keys, 0 commit groups, 0,0 writes per commit group, ingest: 0,00 MB, 0,00 MB/s
Interval WAL: 0 writes, 0 syncs, 0,00 writes per sync, written: 0,00 MB, 0,00 MB/s
Interval stall: 00:00:0,000 H:M:S, 0,0 percent

** Compaction Stats [default] **
Level    Files   Size     Score Read(GB)  Rn(GB) Rnp1(GB) Write(GB) Wnew(GB) Moved(GB) W-Amp Rd(MB/s) Wr(MB/s) Comp(sec) CompMergeCPU(sec) Comp(cnt) Avg(sec) KeyIn KeyDrop
----------------------------------------------------------------------------------------------------------------------------------------------------------------------------
  L0      1/0    0,86 KB   0,2      0,0     0,0      0,0       0,0      0,0       0,0   1,0      0,0      0,4      0,00              0,00         1    0,002       0      0
 Sum      1/0    0,86 KB   0,0      0,0     0,0      0,0       0,0      0,0       0,0   1,0      0,0      0,4      0,00              0,00         1    0,002       0      0
 Int      0/0    0,00 KB   0,0      0,0     0,0      0,0       0,0      0,0       0,0   1,0      0,0      0,4      0,00              0,00         1    0,002       0      0

** Compaction Stats [default] **
Priority    Files   Size     Score Read(GB)  Rn(GB) Rnp1(GB) Write(GB) Wnew(GB) Moved(GB) W-Amp Rd(MB/s) Wr(MB/s) Comp(sec) CompMergeCPU(sec) Comp(cnt) Avg(sec) KeyIn KeyDrop
-------------------------------------------------------------------------------------------------------------------------------------------------------------------------------
User      0/0    0,00 KB   0,0      0,0     0,0      0,0       0,0      0,0       0,0   0,0      0,0      0,4      0,00              0,00         1    0,002       0      0
Uptime(secs): 0,0 total, 0,0 interval
Flush(GB): cumulative 0,000, interval 0,000
AddFile(GB): cumulative 0,000, interval 0,000
AddFile(Total Files): cumulative 0, interval 0
AddFile(L0 Files): cumulative 0, interval 0
AddFile(Keys): cumulative 0, interval 0
Cumulative compaction: 0,00 GB write, 0,06 MB/s write, 0,00 GB read, 0,00 MB/s read, 0,0 seconds
Interval compaction: 0,00 GB write, 0,06 MB/s write, 0,00 GB read, 0,00 MB/s read, 0,0 seconds
Stalls(count): 0 level0_slowdown, 0 level0_slowdown_with_compaction, 0 level0_numfiles, 0 level0_numfiles_with_compaction, 0 stop for pending_compaction_bytes, 0 slowdown for pending_compaction_bytes, 0 memtable_compaction, 0 memtable_slowdown, interval 0 total count

** File Read Latency Histogram By Level [default] **

** Compaction Stats [configuration.column.family] **
Level    Files   Size     Score Read(GB)  Rn(GB) Rnp1(GB) Write(GB) Wnew(GB) Moved(GB) W-Amp Rd(MB/s) Wr(MB/s) Comp(sec) CompMergeCPU(sec) Comp(cnt) Avg(sec) KeyIn KeyDrop
----------------------------------------------------------------------------------------------------------------------------------------------------------------------------
  L0      1/0    1,65 KB   0,2      0,0     0,0      0,0       0,0      0,0       0,0   1,0      0,0      0,9      0,00              0,00         1    0,002       0      0
 Sum      1/0    1,65 KB   0,0      0,0     0,0      0,0       0,0      0,0       0,0   1,0      0,0      0,9      0,00              0,00         1    0,002       0      0
 Int      0/0    0,00 KB   0,0      0,0     0,0      0,0       0,0      0,0       0,0   1,0      0,0      0,9      0,00              0,00         1    0,002       0      0

** Compaction Stats [configuration.column.family] **
Priority    Files   Size     Score Read(GB)  Rn(GB) Rnp1(GB) Write(GB) Wnew(GB) Moved(GB) W-Amp Rd(MB/s) Wr(MB/s) Comp(sec) CompMergeCPU(sec) Comp(cnt) Avg(sec) KeyIn KeyDrop
-------------------------------------------------------------------------------------------------------------------------------------------------------------------------------
User      0/0    0,00 KB   0,0      0,0     0,0      0,0       0,0      0,0       0,0   0,0      0,0      0,9      0,00              0,00         1    0,002       0      0
Uptime(secs): 0,0 total, 0,0 interval
Flush(GB): cumulative 0,000, interval 0,000
AddFile(GB): cumulative 0,000, interval 0,000
AddFile(Total Files): cumulative 0, interval 0
AddFile(L0 Files): cumulative 0, interval 0
AddFile(Keys): cumulative 0, interval 0
Cumulative compaction: 0,00 GB write, 0,12 MB/s write, 0,00 GB read, 0,00 MB/s read, 0,0 seconds
Interval compaction: 0,00 GB write, 0,12 MB/s write, 0,00 GB read, 0,00 MB/s read, 0,0 seconds
Stalls(count): 0 level0_slowdown, 0 level0_slowdown_with_compaction, 0 level0_numfiles, 0 level0_numfiles_with_compaction, 0 stop for pending_compaction_bytes, 0 slowdown for pending_compaction_bytes, 0 memtable_compaction, 0 memtable_slowdown, interval 0 total count

** File Read Latency Histogram By Level [configuration.column.family] **

** Compaction Stats [default] **
Level    Files   Size     Score Read(GB)  Rn(GB) Rnp1(GB) Write(GB) Wnew(GB) Moved(GB) W-Amp Rd(MB/s) Wr(MB/s) Comp(sec) CompMergeCPU(sec) Comp(cnt) Avg(sec) KeyIn KeyDrop
----------------------------------------------------------------------------------------------------------------------------------------------------------------------------
  L0      1/0    0,86 KB   0,2      0,0     0,0      0,0       0,0      0,0       0,0   1,0      0,0      0,4      0,00              0,00         1    0,002       0      0
 Sum      1/0    0,86 KB   0,0      0,0     0,0      0,0       0,0      0,0       0,0   1,0      0,0      0,4      0,00              0,00         1    0,002       0      0
 Int      0/0    0,00 KB   0,0      0,0     0,0      0,0       0,0      0,0       0,0   0,0      0,0      0,0      0,00              0,00         0    0,000       0      0

** Compaction Stats [default] **
Priority    Files   Size     Score Read(GB)  Rn(GB) Rnp1(GB) Write(GB) Wnew(GB) Moved(GB) W-Amp Rd(MB/s) Wr(MB/s) Comp(sec) CompMergeCPU(sec) Comp(cnt) Avg(sec) KeyIn KeyDrop
-------------------------------------------------------------------------------------------------------------------------------------------------------------------------------
User      0/0    0,00 KB   0,0      0,0     0,0      0,0       0,0      0,0       0,0   0,0      0,0      0,4      0,00              0,00         1    0,002       0      0
Uptime(secs): 0,0 total, 0,0 interval
Flush(GB): cumulative 0,000, interval 0,000
AddFile(GB): cumulative 0,000, interval 0,000
AddFile(Total Files): cumulative 0, interval 0
AddFile(L0 Files): cumulative 0, interval 0
AddFile(Keys): cumulative 0, interval 0
Cumulative compaction: 0,00 GB write, 0,06 MB/s write, 0,00 GB read, 0,00 MB/s read, 0,0 seconds
Interval compaction: 0,00 GB write, 0,00 MB/s write, 0,00 GB read, 0,00 MB/s read, 0,0 seconds
Stalls(count): 0 level0_slowdown, 0 level0_slowdown_with_compaction, 0 level0_numfiles, 0 level0_numfiles_with_compaction, 0 stop for pending_compaction_bytes, 0 slowdown for pending_compaction_bytes, 0 memtable_compaction, 0 memtable_slowdown, interval 0 total count

** File Read Latency Histogram By Level [default] **

** Compaction Stats [configuration.column.family] **
Level    Files   Size     Score Read(GB)  Rn(GB) Rnp1(GB) Write(GB) Wnew(GB) Moved(GB) W-Amp Rd(MB/s) Wr(MB/s) Comp(sec) CompMergeCPU(sec) Comp(cnt) Avg(sec) KeyIn KeyDrop
----------------------------------------------------------------------------------------------------------------------------------------------------------------------------
  L0      1/0    1,65 KB   0,2      0,0     0,0      0,0       0,0      0,0       0,0   1,0      0,0      0,9      0,00              0,00         1    0,002       0      0
 Sum      1/0    1,65 KB   0,0      0,0     0,0      0,0       0,0      0,0       0,0   1,0      0,0      0,9      0,00              0,00         1    0,002       0      0
 Int      0/0    0,00 KB   0,0      0,0     0,0      0,0       0,0      0,0       0,0   0,0      0,0      0,0      0,00              0,00         0    0,000       0      0

** Compaction Stats [configuration.column.family] **
Priority    Files   Size     Score Read(GB)  Rn(GB) Rnp1(GB) Write(GB) Wnew(GB) Moved(GB) W-Amp Rd(MB/s) Wr(MB/s) Comp(sec) CompMergeCPU(sec) Comp(cnt) Avg(sec) KeyIn KeyDrop
-------------------------------------------------------------------------------------------------------------------------------------------------------------------------------
User      0/0    0,00 KB   0,0      0,0     0,0      0,0       0,0      0,0       0,0   0,0      0,0      0,9      0,00              0,00         1    0,002       0      0
Uptime(secs): 0,0 total, 0,0 interval
Flush(GB): cumulative 0,000, interval 0,000
AddFile(GB): cumulative 0,000, interval 0,000
AddFile(Total Files): cumulative 0, interval 0
AddFile(L0 Files): cumulative 0, interval 0
AddFile(Keys): cumulative 0, interval 0
Cumulative compaction: 0,00 GB write, 0,12 MB/s write, 0,00 GB read, 0,00 MB/s read, 0,0 seconds
Interval compaction: 0,00 GB write, 0,00 MB/s write, 0,00 GB read, 0,00 MB/s read, 0,0 seconds
Stalls(count): 0 level0_slowdown, 0 level0_slowdown_with_compaction, 0 level0_numfiles, 0 level0_numfiles_with_compaction, 0 stop for pending_compaction_bytes, 0 slowdown for pending_compaction_bytes, 0 memtable_compaction, 0 memtable_slowdown, interval 0 total count

** File Read Latency Histogram By Level [configuration.column.family] **

[main] INFO org.apache.nifi.controller.repository.RocksDBFlowFileRepository - Initialized FlowFile Repository at /tmp/junit4290923130995895818/testRestartWithOneRecord
[main] INFO org.apache.nifi.controller.repository.RocksDBFlowFileRepository - Finished reading from rocksDB.  Read 1 records from disk
[main] INFO org.apache.nifi.controller.repository.RocksDBFlowFileRepository - Finished deserializing 1 records
[main] INFO org.apache.nifi.controller.repository.RocksDBFlowFileRepository - Successfully restored 1 FlowFiles in 122 milliseconds using 16 threads
[main] INFO org.apache.nifi.rocksdb.RocksDBMetronome - Closing RocksDBMetronome
[main] INFO org.apache.nifi.rocksdb.RocksDBMetronome - Shutting down RocksDBMetronome sync executor
[main] INFO org.apache.nifi.rocksdb.RocksDBMetronome - Pausing RocksDB background work
[main] INFO org.apache.nifi.rocksdb.RocksDBMetronome - Closing RocksDB configurations
[main] INFO org.apache.nifi.rocksdb.RocksDBMetronome - Closing RocksDB database
[main] INFO org.apache.nifi.rocksdb.RocksDBMetronome - [_impl/db_impl.cc:401] Shutdown: canceling all background work
[main] INFO org.apache.nifi.rocksdb.RocksDBMetronome - [_impl/db_impl.cc:582] Shutdown complete
]]></system-err>
  </testcase>
  <testcase name="testKnownVersion" classname="org.apache.nifi.controller.repository.TestRocksDBFlowFileRepository" time="0.041">
    <system-err><![CDATA[[main] INFO org.apache.nifi.controller.repository.TestRocksDBFlowFileRepository - Running test: testKnownVersion
[main] INFO org.apache.nifi.rocksdb.RocksDBMetronome - [_impl/db_impl_open.cc:254] Creating manifest 1 

[main] INFO org.apache.nifi.rocksdb.RocksDBMetronome - [rsion_set.cc:4377] Recovering from manifest file: /tmp/junit722080209549022643/testKnownVersion/MANIFEST-000001

[main] INFO org.apache.nifi.rocksdb.RocksDBMetronome - [lumn_family.cc:550] --------------- Options for column family [default]:

[main] INFO org.apache.nifi.rocksdb.RocksDBMetronome - [rsion_set.cc:4527] Recovered from manifest file:/tmp/junit722080209549022643/testKnownVersion/MANIFEST-000001 succeeded,manifest_file_number is 1, next_file_number is 3, last_sequence is 0, log_number is 0,prev_log_number is 0,max_column_family is 0,min_log_number_to_keep is 0

[main] INFO org.apache.nifi.rocksdb.RocksDBMetronome - [rsion_set.cc:4536] Column family [default] (ID 0), log number is 0

[main] INFO org.apache.nifi.rocksdb.RocksDBMetronome - [rsion_set.cc:3788] Creating manifest 4

[main] INFO org.apache.nifi.rocksdb.RocksDBMetronome - [lumn_family.cc:550] --------------- Options for column family [configuration.column.family]:

[main] INFO org.apache.nifi.rocksdb.RocksDBMetronome - [_impl/db_impl.cc:2307] Created column family [configuration.column.family] (ID 1)
[main] INFO org.apache.nifi.rocksdb.RocksDBMetronome - Initialized RocksDB Repository at /tmp/junit722080209549022643/testKnownVersion
[Thread-86] INFO org.apache.nifi.rocksdb.RocksDBMetronome - [_impl/db_impl.cc:858] ------- DUMPING STATS -------
[Thread-87] INFO org.apache.nifi.rocksdb.RocksDBMetronome - [_impl/db_impl.cc:859] 
** DB Stats **
Uptime(secs): 0,0 total, 0,0 interval
Cumulative writes: 0 writes, 0 keys, 0 commit groups, 0,0 writes per commit group, ingest: 0,00 GB, 0,00 MB/s
Cumulative WAL: 0 writes, 0 syncs, 0,00 writes per sync, written: 0,00 GB, 0,00 MB/s
Cumulative stall: 00:00:0,000 H:M:S, 0,0 percent
Interval writes: 0 writes, 0 keys, 0 commit groups, 0,0 writes per commit group, ingest: 0,00 MB, 0,00 MB/s
Interval WAL: 0 writes, 0 syncs, 0,00 writes per sync, written: 0,00 MB, 0,00 MB/s
Interval stall: 00:00:0,000 H:M:S, 0,0 percent

** Compaction Stats [default] **
Level    Files   Size     Score Read(GB)  Rn(GB) Rnp1(GB) Write(GB) Wnew(GB) Moved(GB) W-Amp Rd(MB/s) Wr(MB/s) Comp(sec) CompMergeCPU(sec) Comp(cnt) Avg(sec) KeyIn KeyDrop
----------------------------------------------------------------------------------------------------------------------------------------------------------------------------
 Sum      0/0    0,00 KB   0,0      0,0     0,0      0,0       0,0      0,0       0,0   0,0      0,0      0,0      0,00              0,00         0    0,000       0      0
 Int      0/0    0,00 KB   0,0      0,0     0,0      0,0       0,0      0,0       0,0   0,0      0,0      0,0      0,00              0,00         0    0,000       0      0

** Compaction Stats [default] **
Priority    Files   Size     Score Read(GB)  Rn(GB) Rnp1(GB) Write(GB) Wnew(GB) Moved(GB) W-Amp Rd(MB/s) Wr(MB/s) Comp(sec) CompMergeCPU(sec) Comp(cnt) Avg(sec) KeyIn KeyDrop
-------------------------------------------------------------------------------------------------------------------------------------------------------------------------------
Uptime(secs): 0,0 total, 0,0 interval
Flush(GB): cumulative 0,000, interval 0,000
AddFile(GB): cumulative 0,000, interval 0,000
AddFile(Total Files): cumulative 0, interval 0
AddFile(L0 Files): cumulative 0, interval 0
AddFile(Keys): cumulative 0, interval 0
Cumulative compaction: 0,00 GB write, 0,00 MB/s write, 0,00 GB read, 0,00 MB/s read, 0,0 seconds
Interval compaction: 0,00 GB write, 0,00 MB/s write, 0,00 GB read, 0,00 MB/s read, 0,0 seconds
Stalls(count): 0 level0_slowdown, 0 level0_slowdown_with_compaction, 0 level0_numfiles, 0 level0_numfiles_with_compaction, 0 stop for pending_compaction_bytes, 0 slowdown for pending_compaction_bytes, 0 memtable_compaction, 0 memtable_slowdown, interval 0 total count

** File Read Latency Histogram By Level [default] **

** Compaction Stats [configuration.column.family] **
Level    Files   Size     Score Read(GB)  Rn(GB) Rnp1(GB) Write(GB) Wnew(GB) Moved(GB) W-Amp Rd(MB/s) Wr(MB/s) Comp(sec) CompMergeCPU(sec) Comp(cnt) Avg(sec) KeyIn KeyDrop
----------------------------------------------------------------------------------------------------------------------------------------------------------------------------
 Sum      0/0    0,00 KB   0,0      0,0     0,0      0,0       0,0      0,0       0,0   0,0      0,0      0,0      0,00              0,00         0    0,000       0      0
 Int      0/0    0,00 KB   0,0      0,0     0,0      0,0       0,0      0,0       0,0   0,0      0,0      0,0      0,00              0,00         0    0,000       0      0

** Compaction Stats [configuration.column.family] **
Priority    Files   Size     Score Read(GB)  Rn(GB) Rnp1(GB) Write(GB) Wnew(GB) Moved(GB) W-Amp Rd(MB/s) Wr(MB/s) Comp(sec) CompMergeCPU(sec) Comp(cnt) Avg(sec) KeyIn KeyDrop
-------------------------------------------------------------------------------------------------------------------------------------------------------------------------------
Uptime(secs): 0,0 total, 0,0 interval
Flush(GB): cumulative 0,000, interval 0,000
AddFile(GB): cumulative 0,000, interval 0,000
AddFile(Total Files): cumulative 0, interval 0
AddFile(L0 Files): cumulative 0, interval 0
AddFile(Keys): cumulative 0, interval 0
Cumulative compaction: 0,00 GB write, 0,00 MB/s write, 0,00 GB read, 0,00 MB/s read, 0,0 seconds
Interval compaction: 0,00 GB write, 0,00 MB/s write, 0,00 GB read, 0,00 MB/s read, 0,0 seconds
Stalls(count): 0 level0_slowdown, 0 level0_slowdown_with_compaction, 0 level0_numfiles, 0 level0_numfiles_with_compaction, 0 stop for pending_compaction_bytes, 0 slowdown for pending_compaction_bytes, 0 memtable_compaction, 0 memtable_slowdown, interval 0 total count

** File Read Latency Histogram By Level [configuration.column.family] **

** Compaction Stats [default] **
Level    Files   Size     Score Read(GB)  Rn(GB) Rnp1(GB) Write(GB) Wnew(GB) Moved(GB) W-Amp Rd(MB/s) Wr(MB/s) Comp(sec) CompMergeCPU(sec) Comp(cnt) Avg(sec) KeyIn KeyDrop
----------------------------------------------------------------------------------------------------------------------------------------------------------------------------
 Sum      0/0    0,00 KB   0,0      0,0     0,0      0,0       0,0      0,0       0,0   0,0      0,0      0,0      0,00              0,00         0    0,000       0      0
 Int      0/0    0,00 KB   0,0      0,0     0,0      0,0       0,0      0,0       0,0   0,0      0,0      0,0      0,00              0,00         0    0,000       0      0

** Compaction Stats [default] **
Priority    Files   Size     Score Read(GB)  Rn(GB) Rnp1(GB) Write(GB) Wnew(GB) Moved(GB) W-Amp Rd(MB/s) Wr(MB/s) Comp(sec) CompMergeCPU(sec) Comp(cnt) Avg(sec) KeyIn KeyDrop
-------------------------------------------------------------------------------------------------------------------------------------------------------------------------------
Uptime(secs): 0,0 total, 0,0 interval
Flush(GB): cumulative 0,000, interval 0,000
AddFile(GB): cumulative 0,000, interval 0,000
AddFile(Total Files): cumulative 0, interval 0
AddFile(L0 Files): cumulative 0, interval 0
AddFile(Keys): cumulative 0, interval 0
Cumulative compaction: 0,00 GB write, 0,00 MB/s write, 0,00 GB read, 0,00 MB/s read, 0,0 seconds
Interval compaction: 0,00 GB write, 0,00 MB/s write, 0,00 GB read, 0,00 MB/s read, 0,0 seconds
Stalls(count): 0 level0_slowdown, 0 level0_slowdown_with_compaction, 0 level0_numfiles, 0 level0_numfiles_with_compaction, 0 stop for pending_compaction_bytes, 0 slowdown for pending_compaction_bytes, 0 memtable_compaction, 0 memtable_slowdown, interval 0 total count

** File Read Latency Histogram By Level [default] **

** Compaction Stats [configuration.column.family] **
Level    Files   Size     Score Read(GB)  Rn(GB) Rnp1(GB) Write(GB) Wnew(GB) Moved(GB) W-Amp Rd(MB/s) Wr(MB/s) Comp(sec) CompMergeCPU(sec) Comp(cnt) Avg(sec) KeyIn KeyDrop
----------------------------------------------------------------------------------------------------------------------------------------------------------------------------
 Sum      0/0    0,00 KB   0,0      0,0     0,0      0,0       0,0      0,0       0,0   0,0      0,0      0,0      0,00              0,00         0    0,000       0      0
 Int      0/0    0,00 KB   0,0      0,0     0,0      0,0       0,0      0,0       0,0   0,0      0,0      0,0      0,00              0,00         0    0,000       0      0

** Compaction Stats [configuration.column.family] **
Priority    Files   Size     Score Read(GB)  Rn(GB) Rnp1(GB) Write(GB) Wnew(GB) Moved(GB) W-Amp Rd(MB/s) Wr(MB/s) Comp(sec) CompMergeCPU(sec) Comp(cnt) Avg(sec) KeyIn KeyDrop
-------------------------------------------------------------------------------------------------------------------------------------------------------------------------------
Uptime(secs): 0,0 total, 0,0 interval
Flush(GB): cumulative 0,000, interval 0,000
AddFile(GB): cumulative 0,000, interval 0,000
AddFile(Total Files): cumulative 0, interval 0
AddFile(L0 Files): cumulative 0, interval 0
AddFile(Keys): cumulative 0, interval 0
Cumulative compaction: 0,00 GB write, 0,00 MB/s write, 0,00 GB read, 0,00 MB/s read, 0,0 seconds
Interval compaction: 0,00 GB write, 0,00 MB/s write, 0,00 GB read, 0,00 MB/s read, 0,0 seconds
Stalls(count): 0 level0_slowdown, 0 level0_slowdown_with_compaction, 0 level0_numfiles, 0 level0_numfiles_with_compaction, 0 stop for pending_compaction_bytes, 0 slowdown for pending_compaction_bytes, 0 memtable_compaction, 0 memtable_slowdown, interval 0 total count

** File Read Latency Histogram By Level [configuration.column.family] **

[main] INFO org.apache.nifi.rocksdb.RocksDBMetronome - Closing RocksDBMetronome
[main] INFO org.apache.nifi.rocksdb.RocksDBMetronome - Shutting down RocksDBMetronome sync executor
[main] INFO org.apache.nifi.rocksdb.RocksDBMetronome - Pausing RocksDB background work
[main] INFO org.apache.nifi.rocksdb.RocksDBMetronome - Closing RocksDB configurations
[main] INFO org.apache.nifi.rocksdb.RocksDBMetronome - Closing RocksDB database
[main] INFO org.apache.nifi.rocksdb.RocksDBMetronome - [_impl/db_impl.cc:401] Shutdown: canceling all background work
[main] INFO org.apache.nifi.rocksdb.RocksDBMetronome - [_impl/db_impl.cc:582] Shutdown complete
[main] INFO org.apache.nifi.rocksdb.RocksDBMetronome - [rsion_set.cc:4377] Recovering from manifest file: /tmp/junit722080209549022643/testKnownVersion/MANIFEST-000004

[main] INFO org.apache.nifi.rocksdb.RocksDBMetronome - [lumn_family.cc:550] --------------- Options for column family [default]:

[main] INFO org.apache.nifi.rocksdb.RocksDBMetronome - [lumn_family.cc:550] --------------- Options for column family [configuration.column.family]:

[main] INFO org.apache.nifi.rocksdb.RocksDBMetronome - [rsion_set.cc:4527] Recovered from manifest file:/tmp/junit722080209549022643/testKnownVersion/MANIFEST-000004 succeeded,manifest_file_number is 4, next_file_number is 6, last_sequence is 0, log_number is 3,prev_log_number is 0,max_column_family is 1,min_log_number_to_keep is 0

[main] INFO org.apache.nifi.rocksdb.RocksDBMetronome - [rsion_set.cc:4536] Column family [default] (ID 0), log number is 0

[main] INFO org.apache.nifi.rocksdb.RocksDBMetronome - [rsion_set.cc:4536] Column family [configuration.column.family] (ID 1), log number is 3

[main] INFO org.apache.nifi.rocksdb.RocksDBMetronome - EVENT_LOG_v1 {"time_micros": 1714609648942908, "job": 1, "event": "recovery_started", "log_files": [3]}
[main] INFO org.apache.nifi.rocksdb.RocksDBMetronome - [_impl/db_impl_open.cc:735] Recovering log #3 mode 2
[main] INFO org.apache.nifi.rocksdb.RocksDBMetronome - EVENT_LOG_v1 {"time_micros": 1714609648944935, "cf_name": "configuration.column.family", "job": 1, "event": "table_file_creation", "file_number": 6, "file_size": 827, "table_properties": {"data_size": 45, "index_size": 44, "index_partitions": 0, "top_level_index_size": 0, "index_key_is_user_key": 0, "index_value_is_delta_encoded": 0, "filter_size": 0, "raw_key_size": 26, "raw_average_key_size": 26, "raw_value_size": 3, "raw_average_value_size": 3, "num_data_blocks": 1, "num_entries": 1, "num_deletions": 0, "num_merge_operands": 0, "num_range_deletions": 0, "format_version": 0, "fixed_key_len": 0, "filter_policy": "", "column_family_name": "configuration.column.family", "column_family_id": 1, "comparator": "leveldb.BytewiseComparator", "merge_operator": "nullptr", "prefix_extractor_name": "nullptr", "property_collectors": "[]", "compression": "LZ4", "compression_options": "window_bits=-14; level=32767; strategy=0; max_dict_bytes=0; zstd_max_train_bytes=0; enabled=0; ", "creation_time": 1714609648, "oldest_key_time": 3, "file_creation_time": 0}}
[main] INFO org.apache.nifi.rocksdb.RocksDBMetronome - [rsion_set.cc:3788] Creating manifest 7

[main] INFO org.apache.nifi.rocksdb.RocksDBMetronome - EVENT_LOG_v1 {"time_micros": 1714609648949734, "job": 1, "event": "recovery_finished"}
[main] INFO org.apache.nifi.rocksdb.RocksDBMetronome - Initialized RocksDB Repository at /tmp/junit722080209549022643/testKnownVersion
[Thread-88] INFO org.apache.nifi.rocksdb.RocksDBMetronome - [_impl/db_impl.cc:858] ------- DUMPING STATS -------
[Thread-89] INFO org.apache.nifi.rocksdb.RocksDBMetronome - [_impl/db_impl.cc:859] 
** DB Stats **
Uptime(secs): 0,0 total, 0,0 interval
Cumulative writes: 0 writes, 0 keys, 0 commit groups, 0,0 writes per commit group, ingest: 0,00 GB, 0,00 MB/s
Cumulative WAL: 0 writes, 0 syncs, 0,00 writes per sync, written: 0,00 GB, 0,00 MB/s
Cumulative stall: 00:00:0,000 H:M:S, 0,0 percent
Interval writes: 0 writes, 0 keys, 0 commit groups, 0,0 writes per commit group, ingest: 0,00 MB, 0,00 MB/s
Interval WAL: 0 writes, 0 syncs, 0,00 writes per sync, written: 0,00 MB, 0,00 MB/s
Interval stall: 00:00:0,000 H:M:S, 0,0 percent

** Compaction Stats [default] **
Level    Files   Size     Score Read(GB)  Rn(GB) Rnp1(GB) Write(GB) Wnew(GB) Moved(GB) W-Amp Rd(MB/s) Wr(MB/s) Comp(sec) CompMergeCPU(sec) Comp(cnt) Avg(sec) KeyIn KeyDrop
----------------------------------------------------------------------------------------------------------------------------------------------------------------------------
 Sum      0/0    0,00 KB   0,0      0,0     0,0      0,0       0,0      0,0       0,0   0,0      0,0      0,0      0,00              0,00         0    0,000       0      0
 Int      0/0    0,00 KB   0,0      0,0     0,0      0,0       0,0      0,0       0,0   0,0      0,0      0,0      0,00              0,00         0    0,000       0      0

** Compaction Stats [default] **
Priority    Files   Size     Score Read(GB)  Rn(GB) Rnp1(GB) Write(GB) Wnew(GB) Moved(GB) W-Amp Rd(MB/s) Wr(MB/s) Comp(sec) CompMergeCPU(sec) Comp(cnt) Avg(sec) KeyIn KeyDrop
-------------------------------------------------------------------------------------------------------------------------------------------------------------------------------
Uptime(secs): 0,0 total, 0,0 interval
Flush(GB): cumulative 0,000, interval 0,000
AddFile(GB): cumulative 0,000, interval 0,000
AddFile(Total Files): cumulative 0, interval 0
AddFile(L0 Files): cumulative 0, interval 0
AddFile(Keys): cumulative 0, interval 0
Cumulative compaction: 0,00 GB write, 0,00 MB/s write, 0,00 GB read, 0,00 MB/s read, 0,0 seconds
Interval compaction: 0,00 GB write, 0,00 MB/s write, 0,00 GB read, 0,00 MB/s read, 0,0 seconds
Stalls(count): 0 level0_slowdown, 0 level0_slowdown_with_compaction, 0 level0_numfiles, 0 level0_numfiles_with_compaction, 0 stop for pending_compaction_bytes, 0 slowdown for pending_compaction_bytes, 0 memtable_compaction, 0 memtable_slowdown, interval 0 total count

** File Read Latency Histogram By Level [default] **

** Compaction Stats [configuration.column.family] **
Level    Files   Size     Score Read(GB)  Rn(GB) Rnp1(GB) Write(GB) Wnew(GB) Moved(GB) W-Amp Rd(MB/s) Wr(MB/s) Comp(sec) CompMergeCPU(sec) Comp(cnt) Avg(sec) KeyIn KeyDrop
----------------------------------------------------------------------------------------------------------------------------------------------------------------------------
  L0      1/0    0,81 KB   0,2      0,0     0,0      0,0       0,0      0,0       0,0   1,0      0,0      0,4      0,00              0,00         1    0,002       0      0
 Sum      1/0    0,81 KB   0,0      0,0     0,0      0,0       0,0      0,0       0,0   1,0      0,0      0,4      0,00              0,00         1    0,002       0      0
 Int      0/0    0,00 KB   0,0      0,0     0,0      0,0       0,0      0,0       0,0   1,0      0,0      0,4      0,00              0,00         1    0,002       0      0

** Compaction Stats [configuration.column.family] **
Priority    Files   Size     Score Read(GB)  Rn(GB) Rnp1(GB) Write(GB) Wnew(GB) Moved(GB) W-Amp Rd(MB/s) Wr(MB/s) Comp(sec) CompMergeCPU(sec) Comp(cnt) Avg(sec) KeyIn KeyDrop
-------------------------------------------------------------------------------------------------------------------------------------------------------------------------------
User      0/0    0,00 KB   0,0      0,0     0,0      0,0       0,0      0,0       0,0   0,0      0,0      0,4      0,00              0,00         1    0,002       0      0
Uptime(secs): 0,0 total, 0,0 interval
Flush(GB): cumulative 0,000, interval 0,000
AddFile(GB): cumulative 0,000, interval 0,000
AddFile(Total Files): cumulative 0, interval 0
AddFile(L0 Files): cumulative 0, interval 0
AddFile(Keys): cumulative 0, interval 0
Cumulative compaction: 0,00 GB write, 0,06 MB/s write, 0,00 GB read, 0,00 MB/s read, 0,0 seconds
Interval compaction: 0,00 GB write, 0,06 MB/s write, 0,00 GB read, 0,00 MB/s read, 0,0 seconds
Stalls(count): 0 level0_slowdown, 0 level0_slowdown_with_compaction, 0 level0_numfiles, 0 level0_numfiles_with_compaction, 0 stop for pending_compaction_bytes, 0 slowdown for pending_compaction_bytes, 0 memtable_compaction, 0 memtable_slowdown, interval 0 total count

** File Read Latency Histogram By Level [configuration.column.family] **

** Compaction Stats [default] **
Level    Files   Size     Score Read(GB)  Rn(GB) Rnp1(GB) Write(GB) Wnew(GB) Moved(GB) W-Amp Rd(MB/s) Wr(MB/s) Comp(sec) CompMergeCPU(sec) Comp(cnt) Avg(sec) KeyIn KeyDrop
----------------------------------------------------------------------------------------------------------------------------------------------------------------------------
 Sum      0/0    0,00 KB   0,0      0,0     0,0      0,0       0,0      0,0       0,0   0,0      0,0      0,0      0,00              0,00         0    0,000       0      0
 Int      0/0    0,00 KB   0,0      0,0     0,0      0,0       0,0      0,0       0,0   0,0      0,0      0,0      0,00              0,00         0    0,000       0      0

** Compaction Stats [default] **
Priority    Files   Size     Score Read(GB)  Rn(GB) Rnp1(GB) Write(GB) Wnew(GB) Moved(GB) W-Amp Rd(MB/s) Wr(MB/s) Comp(sec) CompMergeCPU(sec) Comp(cnt) Avg(sec) KeyIn KeyDrop
-------------------------------------------------------------------------------------------------------------------------------------------------------------------------------
Uptime(secs): 0,0 total, 0,0 interval
Flush(GB): cumulative 0,000, interval 0,000
AddFile(GB): cumulative 0,000, interval 0,000
AddFile(Total Files): cumulative 0, interval 0
AddFile(L0 Files): cumulative 0, interval 0
AddFile(Keys): cumulative 0, interval 0
Cumulative compaction: 0,00 GB write, 0,00 MB/s write, 0,00 GB read, 0,00 MB/s read, 0,0 seconds
Interval compaction: 0,00 GB write, 0,00 MB/s write, 0,00 GB read, 0,00 MB/s read, 0,0 seconds
Stalls(count): 0 level0_slowdown, 0 level0_slowdown_with_compaction, 0 level0_numfiles, 0 level0_numfiles_with_compaction, 0 stop for pending_compaction_bytes, 0 slowdown for pending_compaction_bytes, 0 memtable_compaction, 0 memtable_slowdown, interval 0 total count

** File Read Latency Histogram By Level [default] **

** Compaction Stats [configuration.column.family] **
Level    Files   Size     Score Read(GB)  Rn(GB) Rnp1(GB) Write(GB) Wnew(GB) Moved(GB) W-Amp Rd(MB/s) Wr(MB/s) Comp(sec) CompMergeCPU(sec) Comp(cnt) Avg(sec) KeyIn KeyDrop
----------------------------------------------------------------------------------------------------------------------------------------------------------------------------
  L0      1/0    0,81 KB   0,2      0,0     0,0      0,0       0,0      0,0       0,0   1,0      0,0      0,4      0,00              0,00         1    0,002       0      0
 Sum      1/0    0,81 KB   0,0      0,0     0,0      0,0       0,0      0,0       0,0   1,0      0,0      0,4      0,00              0,00         1    0,002       0      0
 Int      0/0    0,00 KB   0,0      0,0     0,0      0,0       0,0      0,0       0,0   0,0      0,0      0,0      0,00              0,00         0    0,000       0      0

** Compaction Stats [configuration.column.family] **
Priority    Files   Size     Score Read(GB)  Rn(GB) Rnp1(GB) Write(GB) Wnew(GB) Moved(GB) W-Amp Rd(MB/s) Wr(MB/s) Comp(sec) CompMergeCPU(sec) Comp(cnt) Avg(sec) KeyIn KeyDrop
-------------------------------------------------------------------------------------------------------------------------------------------------------------------------------
User      0/0    0,00 KB   0,0      0,0     0,0      0,0       0,0      0,0       0,0   0,0      0,0      0,4      0,00              0,00         1    0,002       0      0
Uptime(secs): 0,0 total, 0,0 interval
Flush(GB): cumulative 0,000, interval 0,000
AddFile(GB): cumulative 0,000, interval 0,000
AddFile(Total Files): cumulative 0, interval 0
AddFile(L0 Files): cumulative 0, interval 0
AddFile(Keys): cumulative 0, interval 0
Cumulative compaction: 0,00 GB write, 0,06 MB/s write, 0,00 GB read, 0,00 MB/s read, 0,0 seconds
Interval compaction: 0,00 GB write, 0,00 MB/s write, 0,00 GB read, 0,00 MB/s read, 0,0 seconds
Stalls(count): 0 level0_slowdown, 0 level0_slowdown_with_compaction, 0 level0_numfiles, 0 level0_numfiles_with_compaction, 0 stop for pending_compaction_bytes, 0 slowdown for pending_compaction_bytes, 0 memtable_compaction, 0 memtable_slowdown, interval 0 total count

** File Read Latency Histogram By Level [configuration.column.family] **

[main] INFO org.apache.nifi.controller.repository.RocksDBFlowFileRepository - Initialized FlowFile Repository at /tmp/junit722080209549022643/testKnownVersion
[main] INFO org.apache.nifi.rocksdb.RocksDBMetronome - Closing RocksDBMetronome
[main] INFO org.apache.nifi.rocksdb.RocksDBMetronome - Shutting down RocksDBMetronome sync executor
[main] INFO org.apache.nifi.rocksdb.RocksDBMetronome - Pausing RocksDB background work
[main] INFO org.apache.nifi.rocksdb.RocksDBMetronome - Closing RocksDB configurations
[main] INFO org.apache.nifi.rocksdb.RocksDBMetronome - Closing RocksDB database
[main] INFO org.apache.nifi.rocksdb.RocksDBMetronome - [_impl/db_impl.cc:401] Shutdown: canceling all background work
[main] INFO org.apache.nifi.rocksdb.RocksDBMetronome - [_impl/db_impl.cc:582] Shutdown complete
]]></system-err>
  </testcase>
  <testcase name="testRemoveOrphans" classname="org.apache.nifi.controller.repository.TestRocksDBFlowFileRepository" time="0.435">
    <system-err><![CDATA[[main] INFO org.apache.nifi.controller.repository.TestRocksDBFlowFileRepository - Running test: testRemoveOrphans
[main] WARN org.apache.nifi.controller.repository.RocksDBFlowFileRepository - The property "nifi.flowfile.repository.rocksdb.remove.orphaned.flowfiles.on.startup" is currently set to "true".  This can potentially lead to data loss, and should only be set if you are absolutely certain it is necessary.  Even then, it should be removed as soon as possible.
[main] INFO org.apache.nifi.rocksdb.RocksDBMetronome - [_impl/db_impl_open.cc:254] Creating manifest 1 

[main] INFO org.apache.nifi.rocksdb.RocksDBMetronome - [rsion_set.cc:4377] Recovering from manifest file: /tmp/junit1888093149062354437/testRemoveOrphans/MANIFEST-000001

[main] INFO org.apache.nifi.rocksdb.RocksDBMetronome - [lumn_family.cc:550] --------------- Options for column family [default]:

[main] INFO org.apache.nifi.rocksdb.RocksDBMetronome - [rsion_set.cc:4527] Recovered from manifest file:/tmp/junit1888093149062354437/testRemoveOrphans/MANIFEST-000001 succeeded,manifest_file_number is 1, next_file_number is 3, last_sequence is 0, log_number is 0,prev_log_number is 0,max_column_family is 0,min_log_number_to_keep is 0

[main] INFO org.apache.nifi.rocksdb.RocksDBMetronome - [rsion_set.cc:4536] Column family [default] (ID 0), log number is 0

[main] INFO org.apache.nifi.rocksdb.RocksDBMetronome - [rsion_set.cc:3788] Creating manifest 4

[main] INFO org.apache.nifi.rocksdb.RocksDBMetronome - [lumn_family.cc:550] --------------- Options for column family [configuration.column.family]:

[main] INFO org.apache.nifi.rocksdb.RocksDBMetronome - [_impl/db_impl.cc:2307] Created column family [configuration.column.family] (ID 1)
[main] INFO org.apache.nifi.rocksdb.RocksDBMetronome - Initialized RocksDB Repository at /tmp/junit1888093149062354437/testRemoveOrphans
[Thread-90] INFO org.apache.nifi.rocksdb.RocksDBMetronome - [_impl/db_impl.cc:858] ------- DUMPING STATS -------
[Thread-91] INFO org.apache.nifi.rocksdb.RocksDBMetronome - [_impl/db_impl.cc:859] 
** DB Stats **
Uptime(secs): 0,0 total, 0,0 interval
Cumulative writes: 0 writes, 0 keys, 0 commit groups, 0,0 writes per commit group, ingest: 0,00 GB, 0,00 MB/s
Cumulative WAL: 0 writes, 0 syncs, 0,00 writes per sync, written: 0,00 GB, 0,00 MB/s
Cumulative stall: 00:00:0,000 H:M:S, 0,0 percent
Interval writes: 0 writes, 0 keys, 0 commit groups, 0,0 writes per commit group, ingest: 0,00 MB, 0,00 MB/s
Interval WAL: 0 writes, 0 syncs, 0,00 writes per sync, written: 0,00 MB, 0,00 MB/s
Interval stall: 00:00:0,000 H:M:S, 0,0 percent

** Compaction Stats [default] **
Level    Files   Size     Score Read(GB)  Rn(GB) Rnp1(GB) Write(GB) Wnew(GB) Moved(GB) W-Amp Rd(MB/s) Wr(MB/s) Comp(sec) CompMergeCPU(sec) Comp(cnt) Avg(sec) KeyIn KeyDrop
----------------------------------------------------------------------------------------------------------------------------------------------------------------------------
 Sum      0/0    0,00 KB   0,0      0,0     0,0      0,0       0,0      0,0       0,0   0,0      0,0      0,0      0,00              0,00         0    0,000       0      0
 Int      0/0    0,00 KB   0,0      0,0     0,0      0,0       0,0      0,0       0,0   0,0      0,0      0,0      0,00              0,00         0    0,000       0      0

** Compaction Stats [default] **
Priority    Files   Size     Score Read(GB)  Rn(GB) Rnp1(GB) Write(GB) Wnew(GB) Moved(GB) W-Amp Rd(MB/s) Wr(MB/s) Comp(sec) CompMergeCPU(sec) Comp(cnt) Avg(sec) KeyIn KeyDrop
-------------------------------------------------------------------------------------------------------------------------------------------------------------------------------
Uptime(secs): 0,0 total, 0,0 interval
Flush(GB): cumulative 0,000, interval 0,000
AddFile(GB): cumulative 0,000, interval 0,000
AddFile(Total Files): cumulative 0, interval 0
AddFile(L0 Files): cumulative 0, interval 0
AddFile(Keys): cumulative 0, interval 0
Cumulative compaction: 0,00 GB write, 0,00 MB/s write, 0,00 GB read, 0,00 MB/s read, 0,0 seconds
Interval compaction: 0,00 GB write, 0,00 MB/s write, 0,00 GB read, 0,00 MB/s read, 0,0 seconds
Stalls(count): 0 level0_slowdown, 0 level0_slowdown_with_compaction, 0 level0_numfiles, 0 level0_numfiles_with_compaction, 0 stop for pending_compaction_bytes, 0 slowdown for pending_compaction_bytes, 0 memtable_compaction, 0 memtable_slowdown, interval 0 total count

** File Read Latency Histogram By Level [default] **

** Compaction Stats [configuration.column.family] **
Level    Files   Size     Score Read(GB)  Rn(GB) Rnp1(GB) Write(GB) Wnew(GB) Moved(GB) W-Amp Rd(MB/s) Wr(MB/s) Comp(sec) CompMergeCPU(sec) Comp(cnt) Avg(sec) KeyIn KeyDrop
----------------------------------------------------------------------------------------------------------------------------------------------------------------------------
 Sum      0/0    0,00 KB   0,0      0,0     0,0      0,0       0,0      0,0       0,0   0,0      0,0      0,0      0,00              0,00         0    0,000       0      0
 Int      0/0    0,00 KB   0,0      0,0     0,0      0,0       0,0      0,0       0,0   0,0      0,0      0,0      0,00              0,00         0    0,000       0      0

** Compaction Stats [configuration.column.family] **
Priority    Files   Size     Score Read(GB)  Rn(GB) Rnp1(GB) Write(GB) Wnew(GB) Moved(GB) W-Amp Rd(MB/s) Wr(MB/s) Comp(sec) CompMergeCPU(sec) Comp(cnt) Avg(sec) KeyIn KeyDrop
-------------------------------------------------------------------------------------------------------------------------------------------------------------------------------
Uptime(secs): 0,0 total, 0,0 interval
Flush(GB): cumulative 0,000, interval 0,000
AddFile(GB): cumulative 0,000, interval 0,000
AddFile(Total Files): cumulative 0, interval 0
AddFile(L0 Files): cumulative 0, interval 0
AddFile(Keys): cumulative 0, interval 0
Cumulative compaction: 0,00 GB write, 0,00 MB/s write, 0,00 GB read, 0,00 MB/s read, 0,0 seconds
Interval compaction: 0,00 GB write, 0,00 MB/s write, 0,00 GB read, 0,00 MB/s read, 0,0 seconds
Stalls(count): 0 level0_slowdown, 0 level0_slowdown_with_compaction, 0 level0_numfiles, 0 level0_numfiles_with_compaction, 0 stop for pending_compaction_bytes, 0 slowdown for pending_compaction_bytes, 0 memtable_compaction, 0 memtable_slowdown, interval 0 total count

** File Read Latency Histogram By Level [configuration.column.family] **

** Compaction Stats [default] **
Level    Files   Size     Score Read(GB)  Rn(GB) Rnp1(GB) Write(GB) Wnew(GB) Moved(GB) W-Amp Rd(MB/s) Wr(MB/s) Comp(sec) CompMergeCPU(sec) Comp(cnt) Avg(sec) KeyIn KeyDrop
----------------------------------------------------------------------------------------------------------------------------------------------------------------------------
 Sum      0/0    0,00 KB   0,0      0,0     0,0      0,0       0,0      0,0       0,0   0,0      0,0      0,0      0,00              0,00         0    0,000       0      0
 Int      0/0    0,00 KB   0,0      0,0     0,0      0,0       0,0      0,0       0,0   0,0      0,0      0,0      0,00              0,00         0    0,000       0      0

** Compaction Stats [default] **
Priority    Files   Size     Score Read(GB)  Rn(GB) Rnp1(GB) Write(GB) Wnew(GB) Moved(GB) W-Amp Rd(MB/s) Wr(MB/s) Comp(sec) CompMergeCPU(sec) Comp(cnt) Avg(sec) KeyIn KeyDrop
-------------------------------------------------------------------------------------------------------------------------------------------------------------------------------
Uptime(secs): 0,0 total, 0,0 interval
Flush(GB): cumulative 0,000, interval 0,000
AddFile(GB): cumulative 0,000, interval 0,000
AddFile(Total Files): cumulative 0, interval 0
AddFile(L0 Files): cumulative 0, interval 0
AddFile(Keys): cumulative 0, interval 0
Cumulative compaction: 0,00 GB write, 0,00 MB/s write, 0,00 GB read, 0,00 MB/s read, 0,0 seconds
Interval compaction: 0,00 GB write, 0,00 MB/s write, 0,00 GB read, 0,00 MB/s read, 0,0 seconds
Stalls(count): 0 level0_slowdown, 0 level0_slowdown_with_compaction, 0 level0_numfiles, 0 level0_numfiles_with_compaction, 0 stop for pending_compaction_bytes, 0 slowdown for pending_compaction_bytes, 0 memtable_compaction, 0 memtable_slowdown, interval 0 total count

** File Read Latency Histogram By Level [default] **

** Compaction Stats [configuration.column.family] **
Level    Files   Size     Score Read(GB)  Rn(GB) Rnp1(GB) Write(GB) Wnew(GB) Moved(GB) W-Amp Rd(MB/s) Wr(MB/s) Comp(sec) CompMergeCPU(sec) Comp(cnt) Avg(sec) KeyIn KeyDrop
----------------------------------------------------------------------------------------------------------------------------------------------------------------------------
 Sum      0/0    0,00 KB   0,0      0,0     0,0      0,0       0,0      0,0       0,0   0,0      0,0      0,0      0,00              0,00         0    0,000       0      0
 Int      0/0    0,00 KB   0,0      0,0     0,0      0,0       0,0      0,0       0,0   0,0      0,0      0,0      0,00              0,00         0    0,000       0      0

** Compaction Stats [configuration.column.family] **
Priority    Files   Size     Score Read(GB)  Rn(GB) Rnp1(GB) Write(GB) Wnew(GB) Moved(GB) W-Amp Rd(MB/s) Wr(MB/s) Comp(sec) CompMergeCPU(sec) Comp(cnt) Avg(sec) KeyIn KeyDrop
-------------------------------------------------------------------------------------------------------------------------------------------------------------------------------
Uptime(secs): 0,0 total, 0,0 interval
Flush(GB): cumulative 0,000, interval 0,000
AddFile(GB): cumulative 0,000, interval 0,000
AddFile(Total Files): cumulative 0, interval 0
AddFile(L0 Files): cumulative 0, interval 0
AddFile(Keys): cumulative 0, interval 0
Cumulative compaction: 0,00 GB write, 0,00 MB/s write, 0,00 GB read, 0,00 MB/s read, 0,0 seconds
Interval compaction: 0,00 GB write, 0,00 MB/s write, 0,00 GB read, 0,00 MB/s read, 0,0 seconds
Stalls(count): 0 level0_slowdown, 0 level0_slowdown_with_compaction, 0 level0_numfiles, 0 level0_numfiles_with_compaction, 0 stop for pending_compaction_bytes, 0 slowdown for pending_compaction_bytes, 0 memtable_compaction, 0 memtable_slowdown, interval 0 total count

** File Read Latency Histogram By Level [configuration.column.family] **

[main] INFO org.apache.nifi.controller.repository.RocksDBFlowFileRepository - Initialized FlowFile Repository at /tmp/junit1888093149062354437/testRemoveOrphans
[main] INFO org.apache.nifi.controller.repository.RocksDBFlowFileRepository - Finished reading from rocksDB.  Read 0 records from disk
[main] INFO org.apache.nifi.controller.repository.RocksDBFlowFileRepository - Finished deserializing 0 records
[main] INFO org.apache.nifi.controller.repository.RocksDBFlowFileRepository - Successfully restored 0 FlowFiles in 122 milliseconds using 16 threads
[main] INFO org.apache.nifi.rocksdb.RocksDBMetronome - Closing RocksDBMetronome
[main] INFO org.apache.nifi.rocksdb.RocksDBMetronome - Shutting down RocksDBMetronome sync executor
[main] INFO org.apache.nifi.rocksdb.RocksDBMetronome - Pausing RocksDB background work
[main] INFO org.apache.nifi.rocksdb.RocksDBMetronome - Closing RocksDB configurations
[main] INFO org.apache.nifi.rocksdb.RocksDBMetronome - Closing RocksDB database
[main] INFO org.apache.nifi.rocksdb.RocksDBMetronome - [_impl/db_impl.cc:401] Shutdown: canceling all background work
[main] INFO org.apache.nifi.rocksdb.RocksDBMetronome - [_impl/db_impl.cc:582] Shutdown complete
[main] WARN org.apache.nifi.controller.repository.RocksDBFlowFileRepository - The property "nifi.flowfile.repository.rocksdb.remove.orphaned.flowfiles.on.startup" is currently set to "true".  This can potentially lead to data loss, and should only be set if you are absolutely certain it is necessary.  Even then, it should be removed as soon as possible.
[main] INFO org.apache.nifi.rocksdb.RocksDBMetronome - [rsion_set.cc:4377] Recovering from manifest file: /tmp/junit1888093149062354437/testRemoveOrphans/MANIFEST-000004

[main] INFO org.apache.nifi.rocksdb.RocksDBMetronome - [lumn_family.cc:550] --------------- Options for column family [default]:

[main] INFO org.apache.nifi.rocksdb.RocksDBMetronome - [lumn_family.cc:550] --------------- Options for column family [configuration.column.family]:

[main] INFO org.apache.nifi.rocksdb.RocksDBMetronome - [rsion_set.cc:4527] Recovered from manifest file:/tmp/junit1888093149062354437/testRemoveOrphans/MANIFEST-000004 succeeded,manifest_file_number is 4, next_file_number is 6, last_sequence is 0, log_number is 3,prev_log_number is 0,max_column_family is 1,min_log_number_to_keep is 0

[main] INFO org.apache.nifi.rocksdb.RocksDBMetronome - [rsion_set.cc:4536] Column family [default] (ID 0), log number is 0

[main] INFO org.apache.nifi.rocksdb.RocksDBMetronome - [rsion_set.cc:4536] Column family [configuration.column.family] (ID 1), log number is 3

[main] INFO org.apache.nifi.rocksdb.RocksDBMetronome - EVENT_LOG_v1 {"time_micros": 1714609649124103, "job": 1, "event": "recovery_started", "log_files": [3]}
[main] INFO org.apache.nifi.rocksdb.RocksDBMetronome - [_impl/db_impl_open.cc:735] Recovering log #3 mode 2
[main] INFO org.apache.nifi.rocksdb.RocksDBMetronome - EVENT_LOG_v1 {"time_micros": 1714609649126004, "cf_name": "default", "job": 1, "event": "table_file_creation", "file_number": 6, "file_size": 854, "table_properties": {"data_size": 105, "index_size": 34, "index_partitions": 0, "top_level_index_size": 0, "index_key_is_user_key": 0, "index_value_is_delta_encoded": 0, "filter_size": 0, "raw_key_size": 16, "raw_average_key_size": 16, "raw_value_size": 110, "raw_average_value_size": 110, "num_data_blocks": 1, "num_entries": 1, "num_deletions": 0, "num_merge_operands": 0, "num_range_deletions": 0, "format_version": 0, "fixed_key_len": 0, "filter_policy": "", "column_family_name": "default", "column_family_id": 0, "comparator": "leveldb.BytewiseComparator", "merge_operator": "nullptr", "prefix_extractor_name": "nullptr", "property_collectors": "[]", "compression": "LZ4", "compression_options": "window_bits=-14; level=32767; strategy=0; max_dict_bytes=0; zstd_max_train_bytes=0; enabled=0; ", "creation_time": 1714609649, "oldest_key_time": 3, "file_creation_time": 0}}
[main] INFO org.apache.nifi.rocksdb.RocksDBMetronome - EVENT_LOG_v1 {"time_micros": 1714609649127758, "cf_name": "configuration.column.family", "job": 1, "event": "table_file_creation", "file_number": 7, "file_size": 1690, "table_properties": {"data_size": 881, "index_size": 68, "index_partitions": 0, "top_level_index_size": 0, "index_key_is_user_key": 0, "index_value_is_delta_encoded": 0, "filter_size": 0, "raw_key_size": 99, "raw_average_key_size": 24, "raw_value_size": 7329, "raw_average_value_size": 1832, "num_data_blocks": 2, "num_entries": 4, "num_deletions": 0, "num_merge_operands": 0, "num_range_deletions": 0, "format_version": 0, "fixed_key_len": 0, "filter_policy": "", "column_family_name": "configuration.column.family", "column_family_id": 1, "comparator": "leveldb.BytewiseComparator", "merge_operator": "nullptr", "prefix_extractor_name": "nullptr", "property_collectors": "[]", "compression": "LZ4", "compression_options": "window_bits=-14; level=32767; strategy=0; max_dict_bytes=0; zstd_max_train_bytes=0; enabled=0; ", "creation_time": 1714609649, "oldest_key_time": 3, "file_creation_time": 0}}
[main] INFO org.apache.nifi.rocksdb.RocksDBMetronome - [rsion_set.cc:3788] Creating manifest 8

[main] INFO org.apache.nifi.rocksdb.RocksDBMetronome - EVENT_LOG_v1 {"time_micros": 1714609649132158, "job": 1, "event": "recovery_finished"}
[main] INFO org.apache.nifi.rocksdb.RocksDBMetronome - Initialized RocksDB Repository at /tmp/junit1888093149062354437/testRemoveOrphans
[Thread-92] INFO org.apache.nifi.rocksdb.RocksDBMetronome - [_impl/db_impl.cc:858] ------- DUMPING STATS -------
[Thread-93] INFO org.apache.nifi.rocksdb.RocksDBMetronome - [_impl/db_impl.cc:859] 
** DB Stats **
Uptime(secs): 0,0 total, 0,0 interval
Cumulative writes: 0 writes, 0 keys, 0 commit groups, 0,0 writes per commit group, ingest: 0,00 GB, 0,00 MB/s
Cumulative WAL: 0 writes, 0 syncs, 0,00 writes per sync, written: 0,00 GB, 0,00 MB/s
Cumulative stall: 00:00:0,000 H:M:S, 0,0 percent
Interval writes: 0 writes, 0 keys, 0 commit groups, 0,0 writes per commit group, ingest: 0,00 MB, 0,00 MB/s
Interval WAL: 0 writes, 0 syncs, 0,00 writes per sync, written: 0,00 MB, 0,00 MB/s
Interval stall: 00:00:0,000 H:M:S, 0,0 percent

** Compaction Stats [default] **
Level    Files   Size     Score Read(GB)  Rn(GB) Rnp1(GB) Write(GB) Wnew(GB) Moved(GB) W-Amp Rd(MB/s) Wr(MB/s) Comp(sec) CompMergeCPU(sec) Comp(cnt) Avg(sec) KeyIn KeyDrop
----------------------------------------------------------------------------------------------------------------------------------------------------------------------------
  L0      1/0    0,83 KB   0,2      0,0     0,0      0,0       0,0      0,0       0,0   1,0      0,0      0,5      0,00              0,00         1    0,002       0      0
 Sum      1/0    0,83 KB   0,0      0,0     0,0      0,0       0,0      0,0       0,0   1,0      0,0      0,5      0,00              0,00         1    0,002       0      0
 Int      0/0    0,00 KB   0,0      0,0     0,0      0,0       0,0      0,0       0,0   1,0      0,0      0,5      0,00              0,00         1    0,002       0      0

** Compaction Stats [default] **
Priority    Files   Size     Score Read(GB)  Rn(GB) Rnp1(GB) Write(GB) Wnew(GB) Moved(GB) W-Amp Rd(MB/s) Wr(MB/s) Comp(sec) CompMergeCPU(sec) Comp(cnt) Avg(sec) KeyIn KeyDrop
-------------------------------------------------------------------------------------------------------------------------------------------------------------------------------
User      0/0    0,00 KB   0,0      0,0     0,0      0,0       0,0      0,0       0,0   0,0      0,0      0,5      0,00              0,00         1    0,002       0      0
Uptime(secs): 0,0 total, 0,0 interval
Flush(GB): cumulative 0,000, interval 0,000
AddFile(GB): cumulative 0,000, interval 0,000
AddFile(Total Files): cumulative 0, interval 0
AddFile(L0 Files): cumulative 0, interval 0
AddFile(Keys): cumulative 0, interval 0
Cumulative compaction: 0,00 GB write, 0,06 MB/s write, 0,00 GB read, 0,00 MB/s read, 0,0 seconds
Interval compaction: 0,00 GB write, 0,06 MB/s write, 0,00 GB read, 0,00 MB/s read, 0,0 seconds
Stalls(count): 0 level0_slowdown, 0 level0_slowdown_with_compaction, 0 level0_numfiles, 0 level0_numfiles_with_compaction, 0 stop for pending_compaction_bytes, 0 slowdown for pending_compaction_bytes, 0 memtable_compaction, 0 memtable_slowdown, interval 0 total count

** File Read Latency Histogram By Level [default] **

** Compaction Stats [configuration.column.family] **
Level    Files   Size     Score Read(GB)  Rn(GB) Rnp1(GB) Write(GB) Wnew(GB) Moved(GB) W-Amp Rd(MB/s) Wr(MB/s) Comp(sec) CompMergeCPU(sec) Comp(cnt) Avg(sec) KeyIn KeyDrop
----------------------------------------------------------------------------------------------------------------------------------------------------------------------------
  L0      1/0    1,65 KB   0,2      0,0     0,0      0,0       0,0      0,0       0,0   1,0      0,0      0,9      0,00              0,00         1    0,002       0      0
 Sum      1/0    1,65 KB   0,0      0,0     0,0      0,0       0,0      0,0       0,0   1,0      0,0      0,9      0,00              0,00         1    0,002       0      0
 Int      0/0    0,00 KB   0,0      0,0     0,0      0,0       0,0      0,0       0,0   1,0      0,0      0,9      0,00              0,00         1    0,002       0      0

** Compaction Stats [configuration.column.family] **
Priority    Files   Size     Score Read(GB)  Rn(GB) Rnp1(GB) Write(GB) Wnew(GB) Moved(GB) W-Amp Rd(MB/s) Wr(MB/s) Comp(sec) CompMergeCPU(sec) Comp(cnt) Avg(sec) KeyIn KeyDrop
-------------------------------------------------------------------------------------------------------------------------------------------------------------------------------
User      0/0    0,00 KB   0,0      0,0     0,0      0,0       0,0      0,0       0,0   0,0      0,0      0,9      0,00              0,00         1    0,002       0      0
Uptime(secs): 0,0 total, 0,0 interval
Flush(GB): cumulative 0,000, interval 0,000
AddFile(GB): cumulative 0,000, interval 0,000
AddFile(Total Files): cumulative 0, interval 0
AddFile(L0 Files): cumulative 0, interval 0
AddFile(Keys): cumulative 0, interval 0
Cumulative compaction: 0,00 GB write, 0,12 MB/s write, 0,00 GB read, 0,00 MB/s read, 0,0 seconds
Interval compaction: 0,00 GB write, 0,12 MB/s write, 0,00 GB read, 0,00 MB/s read, 0,0 seconds
Stalls(count): 0 level0_slowdown, 0 level0_slowdown_with_compaction, 0 level0_numfiles, 0 level0_numfiles_with_compaction, 0 stop for pending_compaction_bytes, 0 slowdown for pending_compaction_bytes, 0 memtable_compaction, 0 memtable_slowdown, interval 0 total count

** File Read Latency Histogram By Level [configuration.column.family] **

** Compaction Stats [default] **
Level    Files   Size     Score Read(GB)  Rn(GB) Rnp1(GB) Write(GB) Wnew(GB) Moved(GB) W-Amp Rd(MB/s) Wr(MB/s) Comp(sec) CompMergeCPU(sec) Comp(cnt) Avg(sec) KeyIn KeyDrop
----------------------------------------------------------------------------------------------------------------------------------------------------------------------------
  L0      1/0    0,83 KB   0,2      0,0     0,0      0,0       0,0      0,0       0,0   1,0      0,0      0,5      0,00              0,00         1    0,002       0      0
 Sum      1/0    0,83 KB   0,0      0,0     0,0      0,0       0,0      0,0       0,0   1,0      0,0      0,5      0,00              0,00         1    0,002       0      0
 Int      0/0    0,00 KB   0,0      0,0     0,0      0,0       0,0      0,0       0,0   0,0      0,0      0,0      0,00              0,00         0    0,000       0      0

** Compaction Stats [default] **
Priority    Files   Size     Score Read(GB)  Rn(GB) Rnp1(GB) Write(GB) Wnew(GB) Moved(GB) W-Amp Rd(MB/s) Wr(MB/s) Comp(sec) CompMergeCPU(sec) Comp(cnt) Avg(sec) KeyIn KeyDrop
-------------------------------------------------------------------------------------------------------------------------------------------------------------------------------
User      0/0    0,00 KB   0,0      0,0     0,0      0,0       0,0      0,0       0,0   0,0      0,0      0,5      0,00              0,00         1    0,002       0      0
Uptime(secs): 0,0 total, 0,0 interval
Flush(GB): cumulative 0,000, interval 0,000
AddFile(GB): cumulative 0,000, interval 0,000
AddFile(Total Files): cumulative 0, interval 0
AddFile(L0 Files): cumulative 0, interval 0
AddFile(Keys): cumulative 0, interval 0
Cumulative compaction: 0,00 GB write, 0,06 MB/s write, 0,00 GB read, 0,00 MB/s read, 0,0 seconds
Interval compaction: 0,00 GB write, 0,00 MB/s write, 0,00 GB read, 0,00 MB/s read, 0,0 seconds
Stalls(count): 0 level0_slowdown, 0 level0_slowdown_with_compaction, 0 level0_numfiles, 0 level0_numfiles_with_compaction, 0 stop for pending_compaction_bytes, 0 slowdown for pending_compaction_bytes, 0 memtable_compaction, 0 memtable_slowdown, interval 0 total count

** File Read Latency Histogram By Level [default] **

** Compaction Stats [configuration.column.family] **
Level    Files   Size     Score Read(GB)  Rn(GB) Rnp1(GB) Write(GB) Wnew(GB) Moved(GB) W-Amp Rd(MB/s) Wr(MB/s) Comp(sec) CompMergeCPU(sec) Comp(cnt) Avg(sec) KeyIn KeyDrop
----------------------------------------------------------------------------------------------------------------------------------------------------------------------------
  L0      1/0    1,65 KB   0,2      0,0     0,0      0,0       0,0      0,0       0,0   1,0      0,0      0,9      0,00              0,00         1    0,002       0      0
 Sum      1/0    1,65 KB   0,0      0,0     0,0      0,0       0,0      0,0       0,0   1,0      0,0      0,9      0,00              0,00         1    0,002       0      0
 Int      0/0    0,00 KB   0,0      0,0     0,0      0,0       0,0      0,0       0,0   0,0      0,0      0,0      0,00              0,00         0    0,000       0      0

** Compaction Stats [configuration.column.family] **
Priority    Files   Size     Score Read(GB)  Rn(GB) Rnp1(GB) Write(GB) Wnew(GB) Moved(GB) W-Amp Rd(MB/s) Wr(MB/s) Comp(sec) CompMergeCPU(sec) Comp(cnt) Avg(sec) KeyIn KeyDrop
-------------------------------------------------------------------------------------------------------------------------------------------------------------------------------
User      0/0    0,00 KB   0,0      0,0     0,0      0,0       0,0      0,0       0,0   0,0      0,0      0,9      0,00              0,00         1    0,002       0      0
Uptime(secs): 0,0 total, 0,0 interval
Flush(GB): cumulative 0,000, interval 0,000
AddFile(GB): cumulative 0,000, interval 0,000
AddFile(Total Files): cumulative 0, interval 0
AddFile(L0 Files): cumulative 0, interval 0
AddFile(Keys): cumulative 0, interval 0
Cumulative compaction: 0,00 GB write, 0,12 MB/s write, 0,00 GB read, 0,00 MB/s read, 0,0 seconds
Interval compaction: 0,00 GB write, 0,00 MB/s write, 0,00 GB read, 0,00 MB/s read, 0,0 seconds
Stalls(count): 0 level0_slowdown, 0 level0_slowdown_with_compaction, 0 level0_numfiles, 0 level0_numfiles_with_compaction, 0 stop for pending_compaction_bytes, 0 slowdown for pending_compaction_bytes, 0 memtable_compaction, 0 memtable_slowdown, interval 0 total count

** File Read Latency Histogram By Level [configuration.column.family] **

[main] INFO org.apache.nifi.controller.repository.RocksDBFlowFileRepository - Initialized FlowFile Repository at /tmp/junit1888093149062354437/testRemoveOrphans
[main] INFO org.apache.nifi.controller.repository.RocksDBFlowFileRepository - Finished reading from rocksDB.  Read 1 records from disk
[main] INFO org.apache.nifi.controller.repository.RocksDBFlowFileRepository - Finished deserializing 1 records
[main] INFO org.apache.nifi.controller.repository.RocksDBFlowFileRepository - Successfully restored 1 FlowFiles in 121 milliseconds using 16 threads
[main] INFO org.apache.nifi.rocksdb.RocksDBMetronome - Closing RocksDBMetronome
[main] INFO org.apache.nifi.rocksdb.RocksDBMetronome - Shutting down RocksDBMetronome sync executor
[main] INFO org.apache.nifi.rocksdb.RocksDBMetronome - Pausing RocksDB background work
[main] INFO org.apache.nifi.rocksdb.RocksDBMetronome - Closing RocksDB configurations
[main] INFO org.apache.nifi.rocksdb.RocksDBMetronome - Closing RocksDB database
[main] INFO org.apache.nifi.rocksdb.RocksDBMetronome - [_impl/db_impl.cc:401] Shutdown: canceling all background work
[main] INFO org.apache.nifi.rocksdb.RocksDBMetronome - [_impl/db_impl.cc:582] Shutdown complete
[main] WARN org.apache.nifi.controller.repository.RocksDBFlowFileRepository - The property "nifi.flowfile.repository.rocksdb.remove.orphaned.flowfiles.on.startup" is currently set to "true".  This can potentially lead to data loss, and should only be set if you are absolutely certain it is necessary.  Even then, it should be removed as soon as possible.
[main] INFO org.apache.nifi.rocksdb.RocksDBMetronome - [rsion_set.cc:4377] Recovering from manifest file: /tmp/junit1888093149062354437/testRemoveOrphans/MANIFEST-000008

[main] INFO org.apache.nifi.rocksdb.RocksDBMetronome - [lumn_family.cc:550] --------------- Options for column family [default]:

[main] INFO org.apache.nifi.rocksdb.RocksDBMetronome - [lumn_family.cc:550] --------------- Options for column family [configuration.column.family]:

[main] INFO org.apache.nifi.rocksdb.RocksDBMetronome - [rsion_set.cc:4527] Recovered from manifest file:/tmp/junit1888093149062354437/testRemoveOrphans/MANIFEST-000008 succeeded,manifest_file_number is 8, next_file_number is 10, last_sequence is 20, log_number is 4,prev_log_number is 0,max_column_family is 1,min_log_number_to_keep is 0

[main] INFO org.apache.nifi.rocksdb.RocksDBMetronome - [rsion_set.cc:4536] Column family [default] (ID 0), log number is 4

[main] INFO org.apache.nifi.rocksdb.RocksDBMetronome - [rsion_set.cc:4536] Column family [configuration.column.family] (ID 1), log number is 4

[main] INFO org.apache.nifi.rocksdb.RocksDBMetronome - EVENT_LOG_v1 {"time_micros": 1714609649262013, "job": 1, "event": "recovery_started", "log_files": [9]}
[main] INFO org.apache.nifi.rocksdb.RocksDBMetronome - [_impl/db_impl_open.cc:735] Recovering log #9 mode 2
[main] INFO org.apache.nifi.rocksdb.RocksDBMetronome - EVENT_LOG_v1 {"time_micros": 1714609649264116, "cf_name": "configuration.column.family", "job": 1, "event": "table_file_creation", "file_number": 10, "file_size": 884, "table_properties": {"data_size": 98, "index_size": 47, "index_partitions": 0, "top_level_index_size": 0, "index_key_is_user_key": 0, "index_value_is_delta_encoded": 0, "filter_size": 0, "raw_key_size": 29, "raw_average_key_size": 29, "raw_value_size": 53, "raw_average_value_size": 53, "num_data_blocks": 1, "num_entries": 1, "num_deletions": 0, "num_merge_operands": 0, "num_range_deletions": 0, "format_version": 0, "fixed_key_len": 0, "filter_policy": "", "column_family_name": "configuration.column.family", "column_family_id": 1, "comparator": "leveldb.BytewiseComparator", "merge_operator": "nullptr", "prefix_extractor_name": "nullptr", "property_collectors": "[]", "compression": "LZ4", "compression_options": "window_bits=-14; level=32767; strategy=0; max_dict_bytes=0; zstd_max_train_bytes=0; enabled=0; ", "creation_time": 1714609649, "oldest_key_time": 3, "file_creation_time": 0}}
[main] INFO org.apache.nifi.rocksdb.RocksDBMetronome - [rsion_set.cc:3788] Creating manifest 11

[main] INFO org.apache.nifi.rocksdb.RocksDBMetronome - EVENT_LOG_v1 {"time_micros": 1714609649268490, "job": 1, "event": "recovery_finished"}
[main] INFO org.apache.nifi.rocksdb.RocksDBMetronome - Initialized RocksDB Repository at /tmp/junit1888093149062354437/testRemoveOrphans
[Thread-94] INFO org.apache.nifi.rocksdb.RocksDBMetronome - [_impl/db_impl.cc:858] ------- DUMPING STATS -------
[Thread-95] INFO org.apache.nifi.rocksdb.RocksDBMetronome - [_impl/db_impl.cc:859] 
** DB Stats **
Uptime(secs): 0,0 total, 0,0 interval
Cumulative writes: 0 writes, 0 keys, 0 commit groups, 0,0 writes per commit group, ingest: 0,00 GB, 0,00 MB/s
Cumulative WAL: 0 writes, 0 syncs, 0,00 writes per sync, written: 0,00 GB, 0,00 MB/s
Cumulative stall: 00:00:0,000 H:M:S, 0,0 percent
Interval writes: 0 writes, 0 keys, 0 commit groups, 0,0 writes per commit group, ingest: 0,00 MB, 0,00 MB/s
Interval WAL: 0 writes, 0 syncs, 0,00 writes per sync, written: 0,00 MB, 0,00 MB/s
Interval stall: 00:00:0,000 H:M:S, 0,0 percent

** Compaction Stats [default] **
Level    Files   Size     Score Read(GB)  Rn(GB) Rnp1(GB) Write(GB) Wnew(GB) Moved(GB) W-Amp Rd(MB/s) Wr(MB/s) Comp(sec) CompMergeCPU(sec) Comp(cnt) Avg(sec) KeyIn KeyDrop
----------------------------------------------------------------------------------------------------------------------------------------------------------------------------
  L0      1/0    0,83 KB   0,2      0,0     0,0      0,0       0,0      0,0       0,0   0,0      0,0      0,0      0,00              0,00         0    0,000       0      0
 Sum      1/0    0,83 KB   0,0      0,0     0,0      0,0       0,0      0,0       0,0   0,0      0,0      0,0      0,00              0,00         0    0,000       0      0
 Int      0/0    0,00 KB   0,0      0,0     0,0      0,0       0,0      0,0       0,0   0,0      0,0      0,0      0,00              0,00         0    0,000       0      0

** Compaction Stats [default] **
Priority    Files   Size     Score Read(GB)  Rn(GB) Rnp1(GB) Write(GB) Wnew(GB) Moved(GB) W-Amp Rd(MB/s) Wr(MB/s) Comp(sec) CompMergeCPU(sec) Comp(cnt) Avg(sec) KeyIn KeyDrop
-------------------------------------------------------------------------------------------------------------------------------------------------------------------------------
Uptime(secs): 0,0 total, 0,0 interval
Flush(GB): cumulative 0,000, interval 0,000
AddFile(GB): cumulative 0,000, interval 0,000
AddFile(Total Files): cumulative 0, interval 0
AddFile(L0 Files): cumulative 0, interval 0
AddFile(Keys): cumulative 0, interval 0
Cumulative compaction: 0,00 GB write, 0,00 MB/s write, 0,00 GB read, 0,00 MB/s read, 0,0 seconds
Interval compaction: 0,00 GB write, 0,00 MB/s write, 0,00 GB read, 0,00 MB/s read, 0,0 seconds
Stalls(count): 0 level0_slowdown, 0 level0_slowdown_with_compaction, 0 level0_numfiles, 0 level0_numfiles_with_compaction, 0 stop for pending_compaction_bytes, 0 slowdown for pending_compaction_bytes, 0 memtable_compaction, 0 memtable_slowdown, interval 0 total count

** File Read Latency Histogram By Level [default] **

** Compaction Stats [configuration.column.family] **
Level    Files   Size     Score Read(GB)  Rn(GB) Rnp1(GB) Write(GB) Wnew(GB) Moved(GB) W-Amp Rd(MB/s) Wr(MB/s) Comp(sec) CompMergeCPU(sec) Comp(cnt) Avg(sec) KeyIn KeyDrop
----------------------------------------------------------------------------------------------------------------------------------------------------------------------------
  L0      2/0    2,51 KB   0,5      0,0     0,0      0,0       0,0      0,0       0,0   1,0      0,0      0,4      0,00              0,00         1    0,002       0      0
 Sum      2/0    2,51 KB   0,0      0,0     0,0      0,0       0,0      0,0       0,0   1,0      0,0      0,4      0,00              0,00         1    0,002       0      0
 Int      0/0    0,00 KB   0,0      0,0     0,0      0,0       0,0      0,0       0,0   1,0      0,0      0,4      0,00              0,00         1    0,002       0      0

** Compaction Stats [configuration.column.family] **
Priority    Files   Size     Score Read(GB)  Rn(GB) Rnp1(GB) Write(GB) Wnew(GB) Moved(GB) W-Amp Rd(MB/s) Wr(MB/s) Comp(sec) CompMergeCPU(sec) Comp(cnt) Avg(sec) KeyIn KeyDrop
-------------------------------------------------------------------------------------------------------------------------------------------------------------------------------
User      0/0    0,00 KB   0,0      0,0     0,0      0,0       0,0      0,0       0,0   0,0      0,0      0,4      0,00              0,00         1    0,002       0      0
Uptime(secs): 0,0 total, 0,0 interval
Flush(GB): cumulative 0,000, interval 0,000
AddFile(GB): cumulative 0,000, interval 0,000
AddFile(Total Files): cumulative 0, interval 0
AddFile(L0 Files): cumulative 0, interval 0
AddFile(Keys): cumulative 0, interval 0
Cumulative compaction: 0,00 GB write, 0,07 MB/s write, 0,00 GB read, 0,00 MB/s read, 0,0 seconds
Interval compaction: 0,00 GB write, 0,07 MB/s write, 0,00 GB read, 0,00 MB/s read, 0,0 seconds
Stalls(count): 0 level0_slowdown, 0 level0_slowdown_with_compaction, 0 level0_numfiles, 0 level0_numfiles_with_compaction, 0 stop for pending_compaction_bytes, 0 slowdown for pending_compaction_bytes, 0 memtable_compaction, 0 memtable_slowdown, interval 0 total count

** File Read Latency Histogram By Level [configuration.column.family] **

** Compaction Stats [default] **
Level    Files   Size     Score Read(GB)  Rn(GB) Rnp1(GB) Write(GB) Wnew(GB) Moved(GB) W-Amp Rd(MB/s) Wr(MB/s) Comp(sec) CompMergeCPU(sec) Comp(cnt) Avg(sec) KeyIn KeyDrop
----------------------------------------------------------------------------------------------------------------------------------------------------------------------------
  L0      1/0    0,83 KB   0,2      0,0     0,0      0,0       0,0      0,0       0,0   0,0      0,0      0,0      0,00              0,00         0    0,000       0      0
 Sum      1/0    0,83 KB   0,0      0,0     0,0      0,0       0,0      0,0       0,0   0,0      0,0      0,0      0,00              0,00         0    0,000       0      0
 Int      0/0    0,00 KB   0,0      0,0     0,0      0,0       0,0      0,0       0,0   0,0      0,0      0,0      0,00              0,00         0    0,000       0      0

** Compaction Stats [default] **
Priority    Files   Size     Score Read(GB)  Rn(GB) Rnp1(GB) Write(GB) Wnew(GB) Moved(GB) W-Amp Rd(MB/s) Wr(MB/s) Comp(sec) CompMergeCPU(sec) Comp(cnt) Avg(sec) KeyIn KeyDrop
-------------------------------------------------------------------------------------------------------------------------------------------------------------------------------
Uptime(secs): 0,0 total, 0,0 interval
Flush(GB): cumulative 0,000, interval 0,000
AddFile(GB): cumulative 0,000, interval 0,000
AddFile(Total Files): cumulative 0, interval 0
AddFile(L0 Files): cumulative 0, interval 0
AddFile(Keys): cumulative 0, interval 0
Cumulative compaction: 0,00 GB write, 0,00 MB/s write, 0,00 GB read, 0,00 MB/s read, 0,0 seconds
Interval compaction: 0,00 GB write, 0,00 MB/s write, 0,00 GB read, 0,00 MB/s read, 0,0 seconds
Stalls(count): 0 level0_slowdown, 0 level0_slowdown_with_compaction, 0 level0_numfiles, 0 level0_numfiles_with_compaction, 0 stop for pending_compaction_bytes, 0 slowdown for pending_compaction_bytes, 0 memtable_compaction, 0 memtable_slowdown, interval 0 total count

** File Read Latency Histogram By Level [default] **

** Compaction Stats [configuration.column.family] **
Level    Files   Size     Score Read(GB)  Rn(GB) Rnp1(GB) Write(GB) Wnew(GB) Moved(GB) W-Amp Rd(MB/s) Wr(MB/s) Comp(sec) CompMergeCPU(sec) Comp(cnt) Avg(sec) KeyIn KeyDrop
----------------------------------------------------------------------------------------------------------------------------------------------------------------------------
  L0      2/0    2,51 KB   0,5      0,0     0,0      0,0       0,0      0,0       0,0   1,0      0,0      0,4      0,00              0,00         1    0,002       0      0
 Sum      2/0    2,51 KB   0,0      0,0     0,0      0,0       0,0      0,0       0,0   1,0      0,0      0,4      0,00              0,00         1    0,002       0      0
 Int      0/0    0,00 KB   0,0      0,0     0,0      0,0       0,0      0,0       0,0   0,0      0,0      0,0      0,00              0,00         0    0,000       0      0

** Compaction Stats [configuration.column.family] **
Priority    Files   Size     Score Read(GB)  Rn(GB) Rnp1(GB) Write(GB) Wnew(GB) Moved(GB) W-Amp Rd(MB/s) Wr(MB/s) Comp(sec) CompMergeCPU(sec) Comp(cnt) Avg(sec) KeyIn KeyDrop
-------------------------------------------------------------------------------------------------------------------------------------------------------------------------------
User      0/0    0,00 KB   0,0      0,0     0,0      0,0       0,0      0,0       0,0   0,0      0,0      0,4      0,00              0,00         1    0,002       0      0
Uptime(secs): 0,0 total, 0,0 interval
Flush(GB): cumulative 0,000, interval 0,000
AddFile(GB): cumulative 0,000, interval 0,000
AddFile(Total Files): cumulative 0, interval 0
AddFile(L0 Files): cumulative 0, interval 0
AddFile(Keys): cumulative 0, interval 0
Cumulative compaction: 0,00 GB write, 0,07 MB/s write, 0,00 GB read, 0,00 MB/s read, 0,0 seconds
Interval compaction: 0,00 GB write, 0,00 MB/s write, 0,00 GB read, 0,00 MB/s read, 0,0 seconds
Stalls(count): 0 level0_slowdown, 0 level0_slowdown_with_compaction, 0 level0_numfiles, 0 level0_numfiles_with_compaction, 0 stop for pending_compaction_bytes, 0 slowdown for pending_compaction_bytes, 0 memtable_compaction, 0 memtable_slowdown, interval 0 total count

** File Read Latency Histogram By Level [configuration.column.family] **

[main] INFO org.apache.nifi.controller.repository.RocksDBFlowFileRepository - Initialized FlowFile Repository at /tmp/junit1888093149062354437/testRemoveOrphans
[main] INFO org.apache.nifi.controller.repository.RocksDBFlowFileRepository - Finished reading from rocksDB.  Read 1 records from disk
[main] INFO org.apache.nifi.controller.repository.RocksDBFlowFileRepository - Finished deserializing 1 records
[main] INFO org.apache.nifi.controller.repository.RocksDBFlowFileRepository - Successfully restored 0 FlowFiles in 120 milliseconds using 16 threads
[main] WARN org.apache.nifi.controller.repository.RocksDBFlowFileRepository - On recovery, found 1 FlowFiles whose queue no longer exists.  These FlowFiles have been dropped.
[main] INFO org.apache.nifi.rocksdb.RocksDBMetronome - Closing RocksDBMetronome
[main] INFO org.apache.nifi.rocksdb.RocksDBMetronome - Shutting down RocksDBMetronome sync executor
[main] INFO org.apache.nifi.rocksdb.RocksDBMetronome - Pausing RocksDB background work
[main] INFO org.apache.nifi.rocksdb.RocksDBMetronome - Closing RocksDB configurations
[main] INFO org.apache.nifi.rocksdb.RocksDBMetronome - Closing RocksDB database
[main] INFO org.apache.nifi.rocksdb.RocksDBMetronome - [_impl/db_impl.cc:401] Shutdown: canceling all background work
[main] INFO org.apache.nifi.rocksdb.RocksDBMetronome - [_impl/db_impl.cc:582] Shutdown complete
]]></system-err>
  </testcase>
</testsuite>