<?xml version="1.0" encoding="UTF-8"?>
<testsuite xmlns:xsi="http://www.w3.org/2001/XMLSchema-instance" xsi:noNamespaceSchemaLocation="https://maven.apache.org/surefire/maven-surefire-plugin/xsd/surefire-test-report-3.0.xsd" version="3.0" name="org.apache.nifi.security.util.crypto.Argon2CipherProviderGroovyTest" time="0.21" tests="16" errors="0" skipped="0" failures="0">
  <properties>
    <property name="sun.desktop" value="gnome"/>
    <property name="awt.toolkit" value="sun.awt.X11.XToolkit"/>
    <property name="file.encoding.pkg" value="sun.io"/>
    <property name="java.specification.version" value="1.8"/>
    <property name="sun.cpu.isalist" value=""/>
    <property name="sun.jnu.encoding" value="UTF-8"/>
    <property name="java.class.path" value="/home/alex/Repositories/nifi/nifi-commons/nifi-security-utils/target/test-classes:/home/alex/Repositories/nifi/nifi-commons/nifi-security-utils/target/classes:/home/alex/Repositories/nifi/nifi-api/target/classes:/home/alex/Repositories/nifi/nifi-commons/nifi-utils/target/classes:/home/alex/Repositories/nifi/nifi-commons/nifi-security-utils-api/target/classes:/home/alex/Repositories/nifi/nifi-commons/nifi-security-kms/target/classes:/home/alex/.m2/repository/org/apache/commons/commons-lang3/3.12.0/commons-lang3-3.12.0.jar:/home/alex/.m2/repository/commons-codec/commons-codec/1.14/commons-codec-1.14.jar:/home/alex/.m2/repository/org/bouncycastle/bcprov-jdk15on/1.69/bcprov-jdk15on-1.69.jar:/home/alex/.m2/repository/org/bouncycastle/bcpkix-jdk15on/1.69/bcpkix-jdk15on-1.69.jar:/home/alex/.m2/repository/org/bouncycastle/bcutil-jdk15on/1.69/bcutil-jdk15on-1.69.jar:/home/alex/Repositories/nifi/nifi-commons/nifi-properties/target/classes:/home/alex/Repositories/nifi/nifi-commons/nifi-property-utils/target/classes:/home/alex/.m2/repository/at/favre/lib/bcrypt/0.9.0/bcrypt-0.9.0.jar:/home/alex/.m2/repository/at/favre/lib/bytes/1.3.0/bytes-1.3.0.jar:/home/alex/.m2/repository/org/apache/commons/commons-configuration2/2.7/commons-configuration2-2.7.jar:/home/alex/.m2/repository/org/apache/commons/commons-text/1.8/commons-text-1.8.jar:/home/alex/.m2/repository/org/slf4j/jcl-over-slf4j/1.7.32/jcl-over-slf4j-1.7.32.jar:/home/alex/.m2/repository/org/slf4j/slf4j-api/1.7.32/slf4j-api-1.7.32.jar:/home/alex/.m2/repository/org/junit/jupiter/junit-jupiter-api/5.7.2/junit-jupiter-api-5.7.2.jar:/home/alex/.m2/repository/org/apiguardian/apiguardian-api/1.1.0/apiguardian-api-1.1.0.jar:/home/alex/.m2/repository/org/opentest4j/opentest4j/1.2.0/opentest4j-1.2.0.jar:/home/alex/.m2/repository/org/junit/platform/junit-platform-commons/1.7.2/junit-platform-commons-1.7.2.jar:/home/alex/.m2/repository/org/junit/jupiter/junit-jupiter-engine/5.7.2/junit-jupiter-engine-5.7.2.jar:/home/alex/.m2/repository/org/junit/platform/junit-platform-engine/1.7.2/junit-platform-engine-1.7.2.jar:/home/alex/.m2/repository/org/junit/vintage/junit-vintage-engine/5.7.2/junit-vintage-engine-5.7.2.jar:/home/alex/.m2/repository/junit/junit/4.13.2/junit-4.13.2.jar:/home/alex/.m2/repository/org/hamcrest/hamcrest-core/1.3/hamcrest-core-1.3.jar:/home/alex/.m2/repository/org/junit/jupiter/junit-jupiter-params/5.7.2/junit-jupiter-params-5.7.2.jar:/home/alex/.m2/repository/org/mockito/mockito-core/3.11.2/mockito-core-3.11.2.jar:/home/alex/.m2/repository/net/bytebuddy/byte-buddy/1.11.3/byte-buddy-1.11.3.jar:/home/alex/.m2/repository/net/bytebuddy/byte-buddy-agent/1.11.3/byte-buddy-agent-1.11.3.jar:/home/alex/.m2/repository/org/objenesis/objenesis/3.2/objenesis-3.2.jar:/home/alex/.m2/repository/org/mockito/mockito-junit-jupiter/3.11.2/mockito-junit-jupiter-3.11.2.jar:/home/alex/.m2/repository/org/slf4j/slf4j-simple/1.7.32/slf4j-simple-1.7.32.jar:/home/alex/.m2/repository/org/codehaus/groovy/groovy-test/2.5.14/groovy-test-2.5.14.jar:/home/alex/.m2/repository/org/codehaus/groovy/groovy/2.5.14/groovy-2.5.14.jar:"/>
    <property name="java.vm.vendor" value="Private Build"/>
    <property name="sun.arch.data.model" value="64"/>
    <property name="java.vendor.url" value="http://java.oracle.com/"/>
    <property name="user.timezone" value="Europe/Lisbon"/>
    <property name="java.vm.specification.version" value="1.8"/>
    <property name="os.name" value="Linux"/>
    <property name="user.country" value="US"/>
    <property name="sun.java.launcher" value="SUN_STANDARD"/>
    <property name="sun.boot.library.path" value="/usr/lib/jvm/java-8-openjdk-amd64/jre/lib/amd64"/>
    <property name="sun.java.command" value="/home/alex/Repositories/nifi/nifi-commons/nifi-security-utils/target/surefire/surefirebooter2484183974892880044.jar /home/alex/Repositories/nifi/nifi-commons/nifi-security-utils/target/surefire 2024-05-02T01-23-45_285-jvmRun1 surefire3200246400180549808tmp surefire_63750338899853254368tmp"/>
    <property name="surefire.test.class.path" value="/home/alex/Repositories/nifi/nifi-commons/nifi-security-utils/target/test-classes:/home/alex/Repositories/nifi/nifi-commons/nifi-security-utils/target/classes:/home/alex/Repositories/nifi/nifi-api/target/classes:/home/alex/Repositories/nifi/nifi-commons/nifi-utils/target/classes:/home/alex/Repositories/nifi/nifi-commons/nifi-security-utils-api/target/classes:/home/alex/Repositories/nifi/nifi-commons/nifi-security-kms/target/classes:/home/alex/.m2/repository/org/apache/commons/commons-lang3/3.12.0/commons-lang3-3.12.0.jar:/home/alex/.m2/repository/commons-codec/commons-codec/1.14/commons-codec-1.14.jar:/home/alex/.m2/repository/org/bouncycastle/bcprov-jdk15on/1.69/bcprov-jdk15on-1.69.jar:/home/alex/.m2/repository/org/bouncycastle/bcpkix-jdk15on/1.69/bcpkix-jdk15on-1.69.jar:/home/alex/.m2/repository/org/bouncycastle/bcutil-jdk15on/1.69/bcutil-jdk15on-1.69.jar:/home/alex/Repositories/nifi/nifi-commons/nifi-properties/target/classes:/home/alex/Repositories/nifi/nifi-commons/nifi-property-utils/target/classes:/home/alex/.m2/repository/at/favre/lib/bcrypt/0.9.0/bcrypt-0.9.0.jar:/home/alex/.m2/repository/at/favre/lib/bytes/1.3.0/bytes-1.3.0.jar:/home/alex/.m2/repository/org/apache/commons/commons-configuration2/2.7/commons-configuration2-2.7.jar:/home/alex/.m2/repository/org/apache/commons/commons-text/1.8/commons-text-1.8.jar:/home/alex/.m2/repository/org/slf4j/jcl-over-slf4j/1.7.32/jcl-over-slf4j-1.7.32.jar:/home/alex/.m2/repository/org/slf4j/slf4j-api/1.7.32/slf4j-api-1.7.32.jar:/home/alex/.m2/repository/org/junit/jupiter/junit-jupiter-api/5.7.2/junit-jupiter-api-5.7.2.jar:/home/alex/.m2/repository/org/apiguardian/apiguardian-api/1.1.0/apiguardian-api-1.1.0.jar:/home/alex/.m2/repository/org/opentest4j/opentest4j/1.2.0/opentest4j-1.2.0.jar:/home/alex/.m2/repository/org/junit/platform/junit-platform-commons/1.7.2/junit-platform-commons-1.7.2.jar:/home/alex/.m2/repository/org/junit/jupiter/junit-jupiter-engine/5.7.2/junit-jupiter-engine-5.7.2.jar:/home/alex/.m2/repository/org/junit/platform/junit-platform-engine/1.7.2/junit-platform-engine-1.7.2.jar:/home/alex/.m2/repository/org/junit/vintage/junit-vintage-engine/5.7.2/junit-vintage-engine-5.7.2.jar:/home/alex/.m2/repository/junit/junit/4.13.2/junit-4.13.2.jar:/home/alex/.m2/repository/org/hamcrest/hamcrest-core/1.3/hamcrest-core-1.3.jar:/home/alex/.m2/repository/org/junit/jupiter/junit-jupiter-params/5.7.2/junit-jupiter-params-5.7.2.jar:/home/alex/.m2/repository/org/mockito/mockito-core/3.11.2/mockito-core-3.11.2.jar:/home/alex/.m2/repository/net/bytebuddy/byte-buddy/1.11.3/byte-buddy-1.11.3.jar:/home/alex/.m2/repository/net/bytebuddy/byte-buddy-agent/1.11.3/byte-buddy-agent-1.11.3.jar:/home/alex/.m2/repository/org/objenesis/objenesis/3.2/objenesis-3.2.jar:/home/alex/.m2/repository/org/mockito/mockito-junit-jupiter/3.11.2/mockito-junit-jupiter-3.11.2.jar:/home/alex/.m2/repository/org/slf4j/slf4j-simple/1.7.32/slf4j-simple-1.7.32.jar:/home/alex/.m2/repository/org/codehaus/groovy/groovy-test/2.5.14/groovy-test-2.5.14.jar:/home/alex/.m2/repository/org/codehaus/groovy/groovy/2.5.14/groovy-2.5.14.jar:"/>
    <property name="sun.cpu.endian" value="little"/>
    <property name="user.home" value="/home/alex"/>
    <property name="user.language" value="en"/>
    <property name="java.specification.vendor" value="Oracle Corporation"/>
    <property name="java.home" value="/usr/lib/jvm/java-8-openjdk-amd64/jre"/>
    <property name="basedir" value="/home/alex/Repositories/nifi/nifi-commons/nifi-security-utils"/>
    <property name="file.separator" value="/"/>
    <property name="line.separator" value="&#10;"/>
    <property name="java.vm.specification.vendor" value="Oracle Corporation"/>
    <property name="java.specification.name" value="Java Platform API Specification"/>
    <property name="java.awt.graphicsenv" value="sun.awt.X11GraphicsEnvironment"/>
    <property name="java.awt.headless" value="true"/>
    <property name="surefire.real.class.path" value="/home/alex/Repositories/nifi/nifi-commons/nifi-security-utils/target/surefire/surefirebooter2484183974892880044.jar"/>
    <property name="sun.boot.class.path" value="/usr/lib/jvm/java-8-openjdk-amd64/jre/lib/resources.jar:/usr/lib/jvm/java-8-openjdk-amd64/jre/lib/rt.jar:/usr/lib/jvm/java-8-openjdk-amd64/jre/lib/sunrsasign.jar:/usr/lib/jvm/java-8-openjdk-amd64/jre/lib/jsse.jar:/usr/lib/jvm/java-8-openjdk-amd64/jre/lib/jce.jar:/usr/lib/jvm/java-8-openjdk-amd64/jre/lib/charsets.jar:/usr/lib/jvm/java-8-openjdk-amd64/jre/lib/jfr.jar:/usr/lib/jvm/java-8-openjdk-amd64/jre/classes"/>
    <property name="sun.management.compiler" value="HotSpot 64-Bit Tiered Compilers"/>
    <property name="java.runtime.version" value="1.8.0_402-8u402-ga-2ubuntu1~22.04-b06"/>
    <property name="java.net.preferIPv4Stack" value="true"/>
    <property name="user.name" value="alex"/>
    <property name="path.separator" value=":"/>
    <property name="os.version" value="6.5.0-28-generic"/>
    <property name="java.endorsed.dirs" value="/usr/lib/jvm/java-8-openjdk-amd64/jre/lib/endorsed"/>
    <property name="java.runtime.name" value="OpenJDK Runtime Environment"/>
    <property name="file.encoding" value="UTF-8"/>
    <property name="java.vm.name" value="OpenJDK 64-Bit Server VM"/>
    <property name="localRepository" value="/home/alex/.m2/repository"/>
    <property name="java.vendor.url.bug" value="http://bugreport.sun.com/bugreport/"/>
    <property name="java.io.tmpdir" value="/tmp"/>
    <property name="java.version" value="1.8.0_402"/>
    <property name="user.dir" value="/home/alex/Repositories/nifi/nifi-commons/nifi-security-utils"/>
    <property name="os.arch" value="amd64"/>
    <property name="java.vm.specification.name" value="Java Virtual Machine Specification"/>
    <property name="java.awt.printerjob" value="sun.print.PSPrinterJob"/>
    <property name="sun.os.patch.level" value="unknown"/>
    <property name="java.library.path" value="/usr/java/packages/lib/amd64:/usr/lib/x86_64-linux-gnu/jni:/lib/x86_64-linux-gnu:/usr/lib/x86_64-linux-gnu:/usr/lib/jni:/lib:/usr/lib"/>
    <property name="java.vm.info" value="mixed mode"/>
    <property name="java.vendor" value="Private Build"/>
    <property name="java.vm.version" value="25.402-b06"/>
    <property name="java.specification.maintenance.version" value="5"/>
    <property name="java.ext.dirs" value="/usr/lib/jvm/java-8-openjdk-amd64/jre/lib/ext:/usr/java/packages/lib/ext"/>
    <property name="sun.io.unicode.encoding" value="UnicodeLittle"/>
    <property name="java.class.version" value="52.0"/>
  </properties>
  <testcase name="testGetCipherForDecryptShouldRequireIV" classname="org.apache.nifi.security.util.crypto.Argon2CipherProviderGroovyTest" time="0.029">
    <system-err><![CDATA[[main] WARN org.apache.nifi.security.util.crypto.Argon2CipherProvider - The provided memory size 1024 KiB is below the recommended minimum 65536 KiB
[main] WARN org.apache.nifi.security.util.crypto.Argon2CipherProvider - The provided parallelization factor 1 is below the recommended minimum 8
[main] WARN org.apache.nifi.security.util.crypto.Argon2CipherProvider - The provided iterations count 3 is below the recommended minimum 5
[main] INFO org.apache.nifi.security.util.crypto.Argon2CipherProviderGroovyTest - Using algorithm: AES/CBC/NoPadding
[main] WARN org.apache.nifi.security.util.crypto.Argon2SecureHasher - The provided memory size 1024 KiB is below the recommended minimum 65536 KiB.
[main] WARN org.apache.nifi.security.util.crypto.Argon2SecureHasher - The provided parallelization factor 1 is below the recommended minimum 8.
[main] WARN org.apache.nifi.security.util.crypto.Argon2SecureHasher - The provided iteration count 3 is below the recommended minimum 5.
[main] WARN org.apache.nifi.security.util.crypto.AESKeyedCipherProvider - An empty IV was provided of length 16 for encryption
[main] WARN org.apache.nifi.security.util.crypto.AESKeyedCipherProvider - Generating new IV. The value can be obtained in the calling code by invoking 'cipher.getIV()';
[main] INFO org.apache.nifi.security.util.crypto.Argon2CipherProviderGroovyTest - IV: 00000000000000000000000000000000
[main] INFO org.apache.nifi.security.util.crypto.Argon2CipherProviderGroovyTest - Cipher text: 05a9c0bc2c5b15cef7174b52ef31091ab9b7b9823caa133f6a5a798b40e7fcc5 32
[main] WARN org.apache.nifi.security.util.crypto.Argon2SecureHasher - The provided memory size 1024 KiB is below the recommended minimum 65536 KiB.
[main] WARN org.apache.nifi.security.util.crypto.Argon2SecureHasher - The provided parallelization factor 1 is below the recommended minimum 8.
[main] WARN org.apache.nifi.security.util.crypto.Argon2SecureHasher - The provided iteration count 3 is below the recommended minimum 5.
[main] WARN org.apache.nifi.security.util.crypto.AESKeyedCipherProvider - An IV was provided of length 0 bytes for decryption but should be 16 bytes
[main] ERROR org.apache.nifi.security.util.crypto.Argon2CipherProvider - Encountered an error generating the Argon2 hash
java.lang.IllegalArgumentException: Cannot decrypt without a valid IV
	at org.apache.nifi.security.util.crypto.AESKeyedCipherProvider.getInitializedCipher(AESKeyedCipherProvider.java:128)
	at org.apache.nifi.security.util.crypto.AESKeyedCipherProvider.getCipher(AESKeyedCipherProvider.java:60)
	at org.apache.nifi.security.util.crypto.Argon2CipherProvider.getInitializedCipher(Argon2CipherProvider.java:177)
	at org.apache.nifi.security.util.crypto.Argon2CipherProvider.getCipher(Argon2CipherProvider.java:103)
	at org.apache.nifi.security.util.crypto.Argon2CipherProvider.getCipher(Argon2CipherProvider.java:131)
	at org.apache.nifi.security.util.crypto.PBECipherProvider$getCipher$0.call(Unknown Source)
	at org.codehaus.groovy.runtime.callsite.CallSiteArray.defaultCall(CallSiteArray.java:47)
	at org.codehaus.groovy.runtime.callsite.AbstractCallSite.call(AbstractCallSite.java:115)
	at org.apache.nifi.security.util.crypto.Argon2CipherProviderGroovyTest$_testGetCipherForDecryptShouldRequireIV_closure9.doCall(Argon2CipherProviderGroovyTest.groovy:371)
	at org.apache.nifi.security.util.crypto.Argon2CipherProviderGroovyTest$_testGetCipherForDecryptShouldRequireIV_closure9.doCall(Argon2CipherProviderGroovyTest.groovy)
	at sun.reflect.NativeMethodAccessorImpl.invoke0(Native Method)
	at sun.reflect.NativeMethodAccessorImpl.invoke(NativeMethodAccessorImpl.java:62)
	at sun.reflect.DelegatingMethodAccessorImpl.invoke(DelegatingMethodAccessorImpl.java:43)
	at java.lang.reflect.Method.invoke(Method.java:498)
	at org.codehaus.groovy.reflection.CachedMethod.invoke(CachedMethod.java:101)
	at groovy.lang.MetaMethod.doMethodInvoke(MetaMethod.java:323)
	at org.codehaus.groovy.runtime.metaclass.ClosureMetaClass.invokeMethod(ClosureMetaClass.java:263)
	at groovy.lang.MetaClassImpl.invokeMethod(MetaClassImpl.java:1041)
	at groovy.lang.Closure.call(Closure.java:405)
	at groovy.lang.Closure.call(Closure.java:399)
	at groovy.test.GroovyAssert.shouldFail(GroovyAssert.java:118)
	at groovy.test.GroovyAssert$shouldFail.callStatic(Unknown Source)
	at org.codehaus.groovy.runtime.callsite.CallSiteArray.defaultCallStatic(CallSiteArray.java:55)
	at org.codehaus.groovy.runtime.callsite.AbstractCallSite.callStatic(AbstractCallSite.java:196)
	at org.codehaus.groovy.runtime.callsite.AbstractCallSite.callStatic(AbstractCallSite.java:216)
	at org.apache.nifi.security.util.crypto.Argon2CipherProviderGroovyTest.testGetCipherForDecryptShouldRequireIV(Argon2CipherProviderGroovyTest.groovy:370)
	at sun.reflect.NativeMethodAccessorImpl.invoke0(Native Method)
	at sun.reflect.NativeMethodAccessorImpl.invoke(NativeMethodAccessorImpl.java:62)
	at sun.reflect.DelegatingMethodAccessorImpl.invoke(DelegatingMethodAccessorImpl.java:43)
	at java.lang.reflect.Method.invoke(Method.java:498)
	at org.junit.platform.commons.util.ReflectionUtils.invokeMethod(ReflectionUtils.java:688)
	at org.junit.jupiter.engine.execution.MethodInvocation.proceed(MethodInvocation.java:60)
	at org.junit.jupiter.engine.execution.InvocationInterceptorChain$ValidatingInvocation.proceed(InvocationInterceptorChain.java:131)
	at org.junit.jupiter.engine.extension.TimeoutExtension.intercept(TimeoutExtension.java:149)
	at org.junit.jupiter.engine.extension.TimeoutExtension.interceptTestableMethod(TimeoutExtension.java:140)
	at org.junit.jupiter.engine.extension.TimeoutExtension.interceptTestMethod(TimeoutExtension.java:84)
	at org.junit.jupiter.engine.execution.ExecutableInvoker$ReflectiveInterceptorCall.lambda$ofVoidMethod$0(ExecutableInvoker.java:115)
	at org.junit.jupiter.engine.execution.ExecutableInvoker.lambda$invoke$0(ExecutableInvoker.java:105)
	at org.junit.jupiter.engine.execution.InvocationInterceptorChain$InterceptedInvocation.proceed(InvocationInterceptorChain.java:106)
	at org.junit.jupiter.engine.execution.InvocationInterceptorChain.proceed(InvocationInterceptorChain.java:64)
	at org.junit.jupiter.engine.execution.InvocationInterceptorChain.chainAndInvoke(InvocationInterceptorChain.java:45)
	at org.junit.jupiter.engine.execution.InvocationInterceptorChain.invoke(InvocationInterceptorChain.java:37)
	at org.junit.jupiter.engine.execution.ExecutableInvoker.invoke(ExecutableInvoker.java:104)
	at org.junit.jupiter.engine.execution.ExecutableInvoker.invoke(ExecutableInvoker.java:98)
	at org.junit.jupiter.engine.descriptor.TestMethodTestDescriptor.lambda$invokeTestMethod$6(TestMethodTestDescriptor.java:210)
	at org.junit.platform.engine.support.hierarchical.ThrowableCollector.execute(ThrowableCollector.java:73)
	at org.junit.jupiter.engine.descriptor.TestMethodTestDescriptor.invokeTestMethod(TestMethodTestDescriptor.java:206)
	at org.junit.jupiter.engine.descriptor.TestMethodTestDescriptor.execute(TestMethodTestDescriptor.java:131)
	at org.junit.jupiter.engine.descriptor.TestMethodTestDescriptor.execute(TestMethodTestDescriptor.java:65)
	at org.junit.platform.engine.support.hierarchical.NodeTestTask.lambda$executeRecursively$5(NodeTestTask.java:139)
	at org.junit.platform.engine.support.hierarchical.ThrowableCollector.execute(ThrowableCollector.java:73)
	at org.junit.platform.engine.support.hierarchical.NodeTestTask.lambda$executeRecursively$7(NodeTestTask.java:129)
	at org.junit.platform.engine.support.hierarchical.Node.around(Node.java:137)
	at org.junit.platform.engine.support.hierarchical.NodeTestTask.lambda$executeRecursively$8(NodeTestTask.java:127)
	at org.junit.platform.engine.support.hierarchical.ThrowableCollector.execute(ThrowableCollector.java:73)
	at org.junit.platform.engine.support.hierarchical.NodeTestTask.executeRecursively(NodeTestTask.java:126)
	at org.junit.platform.engine.support.hierarchical.NodeTestTask.execute(NodeTestTask.java:84)
	at java.util.ArrayList.forEach(ArrayList.java:1259)
	at org.junit.platform.engine.support.hierarchical.SameThreadHierarchicalTestExecutorService.invokeAll(SameThreadHierarchicalTestExecutorService.java:38)
	at org.junit.platform.engine.support.hierarchical.NodeTestTask.lambda$executeRecursively$5(NodeTestTask.java:143)
	at org.junit.platform.engine.support.hierarchical.ThrowableCollector.execute(ThrowableCollector.java:73)
	at org.junit.platform.engine.support.hierarchical.NodeTestTask.lambda$executeRecursively$7(NodeTestTask.java:129)
	at org.junit.platform.engine.support.hierarchical.Node.around(Node.java:137)
	at org.junit.platform.engine.support.hierarchical.NodeTestTask.lambda$executeRecursively$8(NodeTestTask.java:127)
	at org.junit.platform.engine.support.hierarchical.ThrowableCollector.execute(ThrowableCollector.java:73)
	at org.junit.platform.engine.support.hierarchical.NodeTestTask.executeRecursively(NodeTestTask.java:126)
	at org.junit.platform.engine.support.hierarchical.NodeTestTask.execute(NodeTestTask.java:84)
	at java.util.ArrayList.forEach(ArrayList.java:1259)
	at org.junit.platform.engine.support.hierarchical.SameThreadHierarchicalTestExecutorService.invokeAll(SameThreadHierarchicalTestExecutorService.java:38)
	at org.junit.platform.engine.support.hierarchical.NodeTestTask.lambda$executeRecursively$5(NodeTestTask.java:143)
	at org.junit.platform.engine.support.hierarchical.ThrowableCollector.execute(ThrowableCollector.java:73)
	at org.junit.platform.engine.support.hierarchical.NodeTestTask.lambda$executeRecursively$7(NodeTestTask.java:129)
	at org.junit.platform.engine.support.hierarchical.Node.around(Node.java:137)
	at org.junit.platform.engine.support.hierarchical.NodeTestTask.lambda$executeRecursively$8(NodeTestTask.java:127)
	at org.junit.platform.engine.support.hierarchical.ThrowableCollector.execute(ThrowableCollector.java:73)
	at org.junit.platform.engine.support.hierarchical.NodeTestTask.executeRecursively(NodeTestTask.java:126)
	at org.junit.platform.engine.support.hierarchical.NodeTestTask.execute(NodeTestTask.java:84)
	at org.junit.platform.engine.support.hierarchical.SameThreadHierarchicalTestExecutorService.submit(SameThreadHierarchicalTestExecutorService.java:32)
	at org.junit.platform.engine.support.hierarchical.HierarchicalTestExecutor.execute(HierarchicalTestExecutor.java:57)
	at org.junit.platform.engine.support.hierarchical.HierarchicalTestEngine.execute(HierarchicalTestEngine.java:51)
	at org.junit.platform.launcher.core.EngineExecutionOrchestrator.execute(EngineExecutionOrchestrator.java:108)
	at org.junit.platform.launcher.core.EngineExecutionOrchestrator.execute(EngineExecutionOrchestrator.java:88)
	at org.junit.platform.launcher.core.EngineExecutionOrchestrator.lambda$execute$0(EngineExecutionOrchestrator.java:54)
	at org.junit.platform.launcher.core.EngineExecutionOrchestrator.withInterceptedStreams(EngineExecutionOrchestrator.java:67)
	at org.junit.platform.launcher.core.EngineExecutionOrchestrator.execute(EngineExecutionOrchestrator.java:52)
	at org.junit.platform.launcher.core.DefaultLauncher.execute(DefaultLauncher.java:96)
	at org.junit.platform.launcher.core.DefaultLauncher.execute(DefaultLauncher.java:75)
	at org.apache.maven.surefire.junitplatform.JUnitPlatformProvider.execute(JUnitPlatformProvider.java:188)
	at org.apache.maven.surefire.junitplatform.JUnitPlatformProvider.invokeAllTests(JUnitPlatformProvider.java:154)
	at org.apache.maven.surefire.junitplatform.JUnitPlatformProvider.invoke(JUnitPlatformProvider.java:128)
	at org.apache.maven.surefire.booter.ForkedBooter.runSuitesInProcess(ForkedBooter.java:428)
	at org.apache.maven.surefire.booter.ForkedBooter.execute(ForkedBooter.java:162)
	at org.apache.maven.surefire.booter.ForkedBooter.run(ForkedBooter.java:562)
	at org.apache.maven.surefire.booter.ForkedBooter.main(ForkedBooter.java:548)
[main] INFO org.apache.nifi.security.util.crypto.Argon2CipherProviderGroovyTest - [EXPECTED] java.lang.IllegalArgumentException: Cannot decrypt without a valid IV
[main] INFO org.apache.nifi.security.util.crypto.Argon2CipherProviderGroovyTest - Using algorithm: AES/CBC/PKCS7Padding
[main] WARN org.apache.nifi.security.util.crypto.Argon2SecureHasher - The provided memory size 1024 KiB is below the recommended minimum 65536 KiB.
[main] WARN org.apache.nifi.security.util.crypto.Argon2SecureHasher - The provided parallelization factor 1 is below the recommended minimum 8.
[main] WARN org.apache.nifi.security.util.crypto.Argon2SecureHasher - The provided iteration count 3 is below the recommended minimum 5.
[main] WARN org.apache.nifi.security.util.crypto.AESKeyedCipherProvider - An empty IV was provided of length 16 for encryption
[main] WARN org.apache.nifi.security.util.crypto.AESKeyedCipherProvider - Generating new IV. The value can be obtained in the calling code by invoking 'cipher.getIV()';
[main] INFO org.apache.nifi.security.util.crypto.Argon2CipherProviderGroovyTest - IV: 00000000000000000000000000000000
[main] INFO org.apache.nifi.security.util.crypto.Argon2CipherProviderGroovyTest - Cipher text: cb0505e3174fdf8a6d88aeb9fb317e0feba83918ef4140563e969a86ba14ad698a625db141970eb480f644249f83d971 48
[main] WARN org.apache.nifi.security.util.crypto.Argon2SecureHasher - The provided memory size 1024 KiB is below the recommended minimum 65536 KiB.
[main] WARN org.apache.nifi.security.util.crypto.Argon2SecureHasher - The provided parallelization factor 1 is below the recommended minimum 8.
[main] WARN org.apache.nifi.security.util.crypto.Argon2SecureHasher - The provided iteration count 3 is below the recommended minimum 5.
[main] WARN org.apache.nifi.security.util.crypto.AESKeyedCipherProvider - An IV was provided of length 0 bytes for decryption but should be 16 bytes
[main] ERROR org.apache.nifi.security.util.crypto.Argon2CipherProvider - Encountered an error generating the Argon2 hash
java.lang.IllegalArgumentException: Cannot decrypt without a valid IV
	at org.apache.nifi.security.util.crypto.AESKeyedCipherProvider.getInitializedCipher(AESKeyedCipherProvider.java:128)
	at org.apache.nifi.security.util.crypto.AESKeyedCipherProvider.getCipher(AESKeyedCipherProvider.java:60)
	at org.apache.nifi.security.util.crypto.Argon2CipherProvider.getInitializedCipher(Argon2CipherProvider.java:177)
	at org.apache.nifi.security.util.crypto.Argon2CipherProvider.getCipher(Argon2CipherProvider.java:103)
	at org.apache.nifi.security.util.crypto.Argon2CipherProvider.getCipher(Argon2CipherProvider.java:131)
	at org.apache.nifi.security.util.crypto.PBECipherProvider$getCipher$0.call(Unknown Source)
	at org.apache.nifi.security.util.crypto.Argon2CipherProviderGroovyTest$_testGetCipherForDecryptShouldRequireIV_closure9.doCall(Argon2CipherProviderGroovyTest.groovy:371)
	at org.apache.nifi.security.util.crypto.Argon2CipherProviderGroovyTest$_testGetCipherForDecryptShouldRequireIV_closure9.doCall(Argon2CipherProviderGroovyTest.groovy)
	at sun.reflect.NativeMethodAccessorImpl.invoke0(Native Method)
	at sun.reflect.NativeMethodAccessorImpl.invoke(NativeMethodAccessorImpl.java:62)
	at sun.reflect.DelegatingMethodAccessorImpl.invoke(DelegatingMethodAccessorImpl.java:43)
	at java.lang.reflect.Method.invoke(Method.java:498)
	at org.codehaus.groovy.reflection.CachedMethod.invoke(CachedMethod.java:101)
	at groovy.lang.MetaMethod.doMethodInvoke(MetaMethod.java:323)
	at org.codehaus.groovy.runtime.metaclass.ClosureMetaClass.invokeMethod(ClosureMetaClass.java:263)
	at groovy.lang.MetaClassImpl.invokeMethod(MetaClassImpl.java:1041)
	at groovy.lang.Closure.call(Closure.java:405)
	at groovy.lang.Closure.call(Closure.java:399)
	at groovy.test.GroovyAssert.shouldFail(GroovyAssert.java:118)
	at groovy.test.GroovyAssert$shouldFail.callStatic(Unknown Source)
	at org.apache.nifi.security.util.crypto.Argon2CipherProviderGroovyTest.testGetCipherForDecryptShouldRequireIV(Argon2CipherProviderGroovyTest.groovy:370)
	at sun.reflect.NativeMethodAccessorImpl.invoke0(Native Method)
	at sun.reflect.NativeMethodAccessorImpl.invoke(NativeMethodAccessorImpl.java:62)
	at sun.reflect.DelegatingMethodAccessorImpl.invoke(DelegatingMethodAccessorImpl.java:43)
	at java.lang.reflect.Method.invoke(Method.java:498)
	at org.junit.platform.commons.util.ReflectionUtils.invokeMethod(ReflectionUtils.java:688)
	at org.junit.jupiter.engine.execution.MethodInvocation.proceed(MethodInvocation.java:60)
	at org.junit.jupiter.engine.execution.InvocationInterceptorChain$ValidatingInvocation.proceed(InvocationInterceptorChain.java:131)
	at org.junit.jupiter.engine.extension.TimeoutExtension.intercept(TimeoutExtension.java:149)
	at org.junit.jupiter.engine.extension.TimeoutExtension.interceptTestableMethod(TimeoutExtension.java:140)
	at org.junit.jupiter.engine.extension.TimeoutExtension.interceptTestMethod(TimeoutExtension.java:84)
	at org.junit.jupiter.engine.execution.ExecutableInvoker$ReflectiveInterceptorCall.lambda$ofVoidMethod$0(ExecutableInvoker.java:115)
	at org.junit.jupiter.engine.execution.ExecutableInvoker.lambda$invoke$0(ExecutableInvoker.java:105)
	at org.junit.jupiter.engine.execution.InvocationInterceptorChain$InterceptedInvocation.proceed(InvocationInterceptorChain.java:106)
	at org.junit.jupiter.engine.execution.InvocationInterceptorChain.proceed(InvocationInterceptorChain.java:64)
	at org.junit.jupiter.engine.execution.InvocationInterceptorChain.chainAndInvoke(InvocationInterceptorChain.java:45)
	at org.junit.jupiter.engine.execution.InvocationInterceptorChain.invoke(InvocationInterceptorChain.java:37)
	at org.junit.jupiter.engine.execution.ExecutableInvoker.invoke(ExecutableInvoker.java:104)
	at org.junit.jupiter.engine.execution.ExecutableInvoker.invoke(ExecutableInvoker.java:98)
	at org.junit.jupiter.engine.descriptor.TestMethodTestDescriptor.lambda$invokeTestMethod$6(TestMethodTestDescriptor.java:210)
	at org.junit.platform.engine.support.hierarchical.ThrowableCollector.execute(ThrowableCollector.java:73)
	at org.junit.jupiter.engine.descriptor.TestMethodTestDescriptor.invokeTestMethod(TestMethodTestDescriptor.java:206)
	at org.junit.jupiter.engine.descriptor.TestMethodTestDescriptor.execute(TestMethodTestDescriptor.java:131)
	at org.junit.jupiter.engine.descriptor.TestMethodTestDescriptor.execute(TestMethodTestDescriptor.java:65)
	at org.junit.platform.engine.support.hierarchical.NodeTestTask.lambda$executeRecursively$5(NodeTestTask.java:139)
	at org.junit.platform.engine.support.hierarchical.ThrowableCollector.execute(ThrowableCollector.java:73)
	at org.junit.platform.engine.support.hierarchical.NodeTestTask.lambda$executeRecursively$7(NodeTestTask.java:129)
	at org.junit.platform.engine.support.hierarchical.Node.around(Node.java:137)
	at org.junit.platform.engine.support.hierarchical.NodeTestTask.lambda$executeRecursively$8(NodeTestTask.java:127)
	at org.junit.platform.engine.support.hierarchical.ThrowableCollector.execute(ThrowableCollector.java:73)
	at org.junit.platform.engine.support.hierarchical.NodeTestTask.executeRecursively(NodeTestTask.java:126)
	at org.junit.platform.engine.support.hierarchical.NodeTestTask.execute(NodeTestTask.java:84)
	at java.util.ArrayList.forEach(ArrayList.java:1259)
	at org.junit.platform.engine.support.hierarchical.SameThreadHierarchicalTestExecutorService.invokeAll(SameThreadHierarchicalTestExecutorService.java:38)
	at org.junit.platform.engine.support.hierarchical.NodeTestTask.lambda$executeRecursively$5(NodeTestTask.java:143)
	at org.junit.platform.engine.support.hierarchical.ThrowableCollector.execute(ThrowableCollector.java:73)
	at org.junit.platform.engine.support.hierarchical.NodeTestTask.lambda$executeRecursively$7(NodeTestTask.java:129)
	at org.junit.platform.engine.support.hierarchical.Node.around(Node.java:137)
	at org.junit.platform.engine.support.hierarchical.NodeTestTask.lambda$executeRecursively$8(NodeTestTask.java:127)
	at org.junit.platform.engine.support.hierarchical.ThrowableCollector.execute(ThrowableCollector.java:73)
	at org.junit.platform.engine.support.hierarchical.NodeTestTask.executeRecursively(NodeTestTask.java:126)
	at org.junit.platform.engine.support.hierarchical.NodeTestTask.execute(NodeTestTask.java:84)
	at java.util.ArrayList.forEach(ArrayList.java:1259)
	at org.junit.platform.engine.support.hierarchical.SameThreadHierarchicalTestExecutorService.invokeAll(SameThreadHierarchicalTestExecutorService.java:38)
	at org.junit.platform.engine.support.hierarchical.NodeTestTask.lambda$executeRecursively$5(NodeTestTask.java:143)
	at org.junit.platform.engine.support.hierarchical.ThrowableCollector.execute(ThrowableCollector.java:73)
	at org.junit.platform.engine.support.hierarchical.NodeTestTask.lambda$executeRecursively$7(NodeTestTask.java:129)
	at org.junit.platform.engine.support.hierarchical.Node.around(Node.java:137)
	at org.junit.platform.engine.support.hierarchical.NodeTestTask.lambda$executeRecursively$8(NodeTestTask.java:127)
	at org.junit.platform.engine.support.hierarchical.ThrowableCollector.execute(ThrowableCollector.java:73)
	at org.junit.platform.engine.support.hierarchical.NodeTestTask.executeRecursively(NodeTestTask.java:126)
	at org.junit.platform.engine.support.hierarchical.NodeTestTask.execute(NodeTestTask.java:84)
	at org.junit.platform.engine.support.hierarchical.SameThreadHierarchicalTestExecutorService.submit(SameThreadHierarchicalTestExecutorService.java:32)
	at org.junit.platform.engine.support.hierarchical.HierarchicalTestExecutor.execute(HierarchicalTestExecutor.java:57)
	at org.junit.platform.engine.support.hierarchical.HierarchicalTestEngine.execute(HierarchicalTestEngine.java:51)
	at org.junit.platform.launcher.core.EngineExecutionOrchestrator.execute(EngineExecutionOrchestrator.java:108)
	at org.junit.platform.launcher.core.EngineExecutionOrchestrator.execute(EngineExecutionOrchestrator.java:88)
	at org.junit.platform.launcher.core.EngineExecutionOrchestrator.lambda$execute$0(EngineExecutionOrchestrator.java:54)
	at org.junit.platform.launcher.core.EngineExecutionOrchestrator.withInterceptedStreams(EngineExecutionOrchestrator.java:67)
	at org.junit.platform.launcher.core.EngineExecutionOrchestrator.execute(EngineExecutionOrchestrator.java:52)
	at org.junit.platform.launcher.core.DefaultLauncher.execute(DefaultLauncher.java:96)
	at org.junit.platform.launcher.core.DefaultLauncher.execute(DefaultLauncher.java:75)
	at org.apache.maven.surefire.junitplatform.JUnitPlatformProvider.execute(JUnitPlatformProvider.java:188)
	at org.apache.maven.surefire.junitplatform.JUnitPlatformProvider.invokeAllTests(JUnitPlatformProvider.java:154)
	at org.apache.maven.surefire.junitplatform.JUnitPlatformProvider.invoke(JUnitPlatformProvider.java:128)
	at org.apache.maven.surefire.booter.ForkedBooter.runSuitesInProcess(ForkedBooter.java:428)
	at org.apache.maven.surefire.booter.ForkedBooter.execute(ForkedBooter.java:162)
	at org.apache.maven.surefire.booter.ForkedBooter.run(ForkedBooter.java:562)
	at org.apache.maven.surefire.booter.ForkedBooter.main(ForkedBooter.java:548)
[main] INFO org.apache.nifi.security.util.crypto.Argon2CipherProviderGroovyTest - [EXPECTED] java.lang.IllegalArgumentException: Cannot decrypt without a valid IV
[main] INFO org.apache.nifi.security.util.crypto.Argon2CipherProviderGroovyTest - Using algorithm: AES/CTR/NoPadding
[main] WARN org.apache.nifi.security.util.crypto.Argon2SecureHasher - The provided memory size 1024 KiB is below the recommended minimum 65536 KiB.
[main] WARN org.apache.nifi.security.util.crypto.Argon2SecureHasher - The provided parallelization factor 1 is below the recommended minimum 8.
[main] WARN org.apache.nifi.security.util.crypto.Argon2SecureHasher - The provided iteration count 3 is below the recommended minimum 5.
[main] WARN org.apache.nifi.security.util.crypto.AESKeyedCipherProvider - An empty IV was provided of length 16 for encryption
[main] WARN org.apache.nifi.security.util.crypto.AESKeyedCipherProvider - Generating new IV. The value can be obtained in the calling code by invoking 'cipher.getIV()';
[main] INFO org.apache.nifi.security.util.crypto.Argon2CipherProviderGroovyTest - IV: 00000000000000000000000000000000
[main] INFO org.apache.nifi.security.util.crypto.Argon2CipherProviderGroovyTest - Cipher text: e55f78f6f4733c2e299baec16fc81bf81475d301110fd3ca3ffa440328deca15 32
[main] WARN org.apache.nifi.security.util.crypto.Argon2SecureHasher - The provided memory size 1024 KiB is below the recommended minimum 65536 KiB.
[main] WARN org.apache.nifi.security.util.crypto.Argon2SecureHasher - The provided parallelization factor 1 is below the recommended minimum 8.
[main] WARN org.apache.nifi.security.util.crypto.Argon2SecureHasher - The provided iteration count 3 is below the recommended minimum 5.
[main] WARN org.apache.nifi.security.util.crypto.AESKeyedCipherProvider - An IV was provided of length 0 bytes for decryption but should be 16 bytes
[main] ERROR org.apache.nifi.security.util.crypto.Argon2CipherProvider - Encountered an error generating the Argon2 hash
java.lang.IllegalArgumentException: Cannot decrypt without a valid IV
	at org.apache.nifi.security.util.crypto.AESKeyedCipherProvider.getInitializedCipher(AESKeyedCipherProvider.java:128)
	at org.apache.nifi.security.util.crypto.AESKeyedCipherProvider.getCipher(AESKeyedCipherProvider.java:60)
	at org.apache.nifi.security.util.crypto.Argon2CipherProvider.getInitializedCipher(Argon2CipherProvider.java:177)
	at org.apache.nifi.security.util.crypto.Argon2CipherProvider.getCipher(Argon2CipherProvider.java:103)
	at org.apache.nifi.security.util.crypto.Argon2CipherProvider.getCipher(Argon2CipherProvider.java:131)
	at org.apache.nifi.security.util.crypto.PBECipherProvider$getCipher$0.call(Unknown Source)
	at org.apache.nifi.security.util.crypto.Argon2CipherProviderGroovyTest$_testGetCipherForDecryptShouldRequireIV_closure9.doCall(Argon2CipherProviderGroovyTest.groovy:371)
	at org.apache.nifi.security.util.crypto.Argon2CipherProviderGroovyTest$_testGetCipherForDecryptShouldRequireIV_closure9.doCall(Argon2CipherProviderGroovyTest.groovy)
	at sun.reflect.NativeMethodAccessorImpl.invoke0(Native Method)
	at sun.reflect.NativeMethodAccessorImpl.invoke(NativeMethodAccessorImpl.java:62)
	at sun.reflect.DelegatingMethodAccessorImpl.invoke(DelegatingMethodAccessorImpl.java:43)
	at java.lang.reflect.Method.invoke(Method.java:498)
	at org.codehaus.groovy.reflection.CachedMethod.invoke(CachedMethod.java:101)
	at groovy.lang.MetaMethod.doMethodInvoke(MetaMethod.java:323)
	at org.codehaus.groovy.runtime.metaclass.ClosureMetaClass.invokeMethod(ClosureMetaClass.java:263)
	at groovy.lang.MetaClassImpl.invokeMethod(MetaClassImpl.java:1041)
	at groovy.lang.Closure.call(Closure.java:405)
	at groovy.lang.Closure.call(Closure.java:399)
	at groovy.test.GroovyAssert.shouldFail(GroovyAssert.java:118)
	at groovy.test.GroovyAssert$shouldFail.callStatic(Unknown Source)
	at org.apache.nifi.security.util.crypto.Argon2CipherProviderGroovyTest.testGetCipherForDecryptShouldRequireIV(Argon2CipherProviderGroovyTest.groovy:370)
	at sun.reflect.NativeMethodAccessorImpl.invoke0(Native Method)
	at sun.reflect.NativeMethodAccessorImpl.invoke(NativeMethodAccessorImpl.java:62)
	at sun.reflect.DelegatingMethodAccessorImpl.invoke(DelegatingMethodAccessorImpl.java:43)
	at java.lang.reflect.Method.invoke(Method.java:498)
	at org.junit.platform.commons.util.ReflectionUtils.invokeMethod(ReflectionUtils.java:688)
	at org.junit.jupiter.engine.execution.MethodInvocation.proceed(MethodInvocation.java:60)
	at org.junit.jupiter.engine.execution.InvocationInterceptorChain$ValidatingInvocation.proceed(InvocationInterceptorChain.java:131)
	at org.junit.jupiter.engine.extension.TimeoutExtension.intercept(TimeoutExtension.java:149)
	at org.junit.jupiter.engine.extension.TimeoutExtension.interceptTestableMethod(TimeoutExtension.java:140)
	at org.junit.jupiter.engine.extension.TimeoutExtension.interceptTestMethod(TimeoutExtension.java:84)
	at org.junit.jupiter.engine.execution.ExecutableInvoker$ReflectiveInterceptorCall.lambda$ofVoidMethod$0(ExecutableInvoker.java:115)
	at org.junit.jupiter.engine.execution.ExecutableInvoker.lambda$invoke$0(ExecutableInvoker.java:105)
	at org.junit.jupiter.engine.execution.InvocationInterceptorChain$InterceptedInvocation.proceed(InvocationInterceptorChain.java:106)
	at org.junit.jupiter.engine.execution.InvocationInterceptorChain.proceed(InvocationInterceptorChain.java:64)
	at org.junit.jupiter.engine.execution.InvocationInterceptorChain.chainAndInvoke(InvocationInterceptorChain.java:45)
	at org.junit.jupiter.engine.execution.InvocationInterceptorChain.invoke(InvocationInterceptorChain.java:37)
	at org.junit.jupiter.engine.execution.ExecutableInvoker.invoke(ExecutableInvoker.java:104)
	at org.junit.jupiter.engine.execution.ExecutableInvoker.invoke(ExecutableInvoker.java:98)
	at org.junit.jupiter.engine.descriptor.TestMethodTestDescriptor.lambda$invokeTestMethod$6(TestMethodTestDescriptor.java:210)
	at org.junit.platform.engine.support.hierarchical.ThrowableCollector.execute(ThrowableCollector.java:73)
	at org.junit.jupiter.engine.descriptor.TestMethodTestDescriptor.invokeTestMethod(TestMethodTestDescriptor.java:206)
	at org.junit.jupiter.engine.descriptor.TestMethodTestDescriptor.execute(TestMethodTestDescriptor.java:131)
	at org.junit.jupiter.engine.descriptor.TestMethodTestDescriptor.execute(TestMethodTestDescriptor.java:65)
	at org.junit.platform.engine.support.hierarchical.NodeTestTask.lambda$executeRecursively$5(NodeTestTask.java:139)
	at org.junit.platform.engine.support.hierarchical.ThrowableCollector.execute(ThrowableCollector.java:73)
	at org.junit.platform.engine.support.hierarchical.NodeTestTask.lambda$executeRecursively$7(NodeTestTask.java:129)
	at org.junit.platform.engine.support.hierarchical.Node.around(Node.java:137)
	at org.junit.platform.engine.support.hierarchical.NodeTestTask.lambda$executeRecursively$8(NodeTestTask.java:127)
	at org.junit.platform.engine.support.hierarchical.ThrowableCollector.execute(ThrowableCollector.java:73)
	at org.junit.platform.engine.support.hierarchical.NodeTestTask.executeRecursively(NodeTestTask.java:126)
	at org.junit.platform.engine.support.hierarchical.NodeTestTask.execute(NodeTestTask.java:84)
	at java.util.ArrayList.forEach(ArrayList.java:1259)
	at org.junit.platform.engine.support.hierarchical.SameThreadHierarchicalTestExecutorService.invokeAll(SameThreadHierarchicalTestExecutorService.java:38)
	at org.junit.platform.engine.support.hierarchical.NodeTestTask.lambda$executeRecursively$5(NodeTestTask.java:143)
	at org.junit.platform.engine.support.hierarchical.ThrowableCollector.execute(ThrowableCollector.java:73)
	at org.junit.platform.engine.support.hierarchical.NodeTestTask.lambda$executeRecursively$7(NodeTestTask.java:129)
	at org.junit.platform.engine.support.hierarchical.Node.around(Node.java:137)
	at org.junit.platform.engine.support.hierarchical.NodeTestTask.lambda$executeRecursively$8(NodeTestTask.java:127)
	at org.junit.platform.engine.support.hierarchical.ThrowableCollector.execute(ThrowableCollector.java:73)
	at org.junit.platform.engine.support.hierarchical.NodeTestTask.executeRecursively(NodeTestTask.java:126)
	at org.junit.platform.engine.support.hierarchical.NodeTestTask.execute(NodeTestTask.java:84)
	at java.util.ArrayList.forEach(ArrayList.java:1259)
	at org.junit.platform.engine.support.hierarchical.SameThreadHierarchicalTestExecutorService.invokeAll(SameThreadHierarchicalTestExecutorService.java:38)
	at org.junit.platform.engine.support.hierarchical.NodeTestTask.lambda$executeRecursively$5(NodeTestTask.java:143)
	at org.junit.platform.engine.support.hierarchical.ThrowableCollector.execute(ThrowableCollector.java:73)
	at org.junit.platform.engine.support.hierarchical.NodeTestTask.lambda$executeRecursively$7(NodeTestTask.java:129)
	at org.junit.platform.engine.support.hierarchical.Node.around(Node.java:137)
	at org.junit.platform.engine.support.hierarchical.NodeTestTask.lambda$executeRecursively$8(NodeTestTask.java:127)
	at org.junit.platform.engine.support.hierarchical.ThrowableCollector.execute(ThrowableCollector.java:73)
	at org.junit.platform.engine.support.hierarchical.NodeTestTask.executeRecursively(NodeTestTask.java:126)
	at org.junit.platform.engine.support.hierarchical.NodeTestTask.execute(NodeTestTask.java:84)
	at org.junit.platform.engine.support.hierarchical.SameThreadHierarchicalTestExecutorService.submit(SameThreadHierarchicalTestExecutorService.java:32)
	at org.junit.platform.engine.support.hierarchical.HierarchicalTestExecutor.execute(HierarchicalTestExecutor.java:57)
	at org.junit.platform.engine.support.hierarchical.HierarchicalTestEngine.execute(HierarchicalTestEngine.java:51)
	at org.junit.platform.launcher.core.EngineExecutionOrchestrator.execute(EngineExecutionOrchestrator.java:108)
	at org.junit.platform.launcher.core.EngineExecutionOrchestrator.execute(EngineExecutionOrchestrator.java:88)
	at org.junit.platform.launcher.core.EngineExecutionOrchestrator.lambda$execute$0(EngineExecutionOrchestrator.java:54)
	at org.junit.platform.launcher.core.EngineExecutionOrchestrator.withInterceptedStreams(EngineExecutionOrchestrator.java:67)
	at org.junit.platform.launcher.core.EngineExecutionOrchestrator.execute(EngineExecutionOrchestrator.java:52)
	at org.junit.platform.launcher.core.DefaultLauncher.execute(DefaultLauncher.java:96)
	at org.junit.platform.launcher.core.DefaultLauncher.execute(DefaultLauncher.java:75)
	at org.apache.maven.surefire.junitplatform.JUnitPlatformProvider.execute(JUnitPlatformProvider.java:188)
	at org.apache.maven.surefire.junitplatform.JUnitPlatformProvider.invokeAllTests(JUnitPlatformProvider.java:154)
	at org.apache.maven.surefire.junitplatform.JUnitPlatformProvider.invoke(JUnitPlatformProvider.java:128)
	at org.apache.maven.surefire.booter.ForkedBooter.runSuitesInProcess(ForkedBooter.java:428)
	at org.apache.maven.surefire.booter.ForkedBooter.execute(ForkedBooter.java:162)
	at org.apache.maven.surefire.booter.ForkedBooter.run(ForkedBooter.java:562)
	at org.apache.maven.surefire.booter.ForkedBooter.main(ForkedBooter.java:548)
[main] INFO org.apache.nifi.security.util.crypto.Argon2CipherProviderGroovyTest - [EXPECTED] java.lang.IllegalArgumentException: Cannot decrypt without a valid IV
[main] INFO org.apache.nifi.security.util.crypto.Argon2CipherProviderGroovyTest - Using algorithm: AES/GCM/NoPadding
[main] WARN org.apache.nifi.security.util.crypto.Argon2SecureHasher - The provided memory size 1024 KiB is below the recommended minimum 65536 KiB.
[main] WARN org.apache.nifi.security.util.crypto.Argon2SecureHasher - The provided parallelization factor 1 is below the recommended minimum 8.
[main] WARN org.apache.nifi.security.util.crypto.Argon2SecureHasher - The provided iteration count 3 is below the recommended minimum 5.
[main] WARN org.apache.nifi.security.util.crypto.AESKeyedCipherProvider - An empty IV was provided of length 16 for encryption
[main] WARN org.apache.nifi.security.util.crypto.AESKeyedCipherProvider - Generating new IV. The value can be obtained in the calling code by invoking 'cipher.getIV()';
[main] INFO org.apache.nifi.security.util.crypto.Argon2CipherProviderGroovyTest - IV: 00000000000000000000000000000000
[main] INFO org.apache.nifi.security.util.crypto.Argon2CipherProviderGroovyTest - Cipher text: 66233030c86823638aeb49f2c1e71ddc38a3566310c9cba6d7d1779df8b42662db0f5bedfa22cf77adb27ad5e7f19aca 48
[main] WARN org.apache.nifi.security.util.crypto.Argon2SecureHasher - The provided memory size 1024 KiB is below the recommended minimum 65536 KiB.
[main] WARN org.apache.nifi.security.util.crypto.Argon2SecureHasher - The provided parallelization factor 1 is below the recommended minimum 8.
[main] WARN org.apache.nifi.security.util.crypto.Argon2SecureHasher - The provided iteration count 3 is below the recommended minimum 5.
[main] WARN org.apache.nifi.security.util.crypto.AESKeyedCipherProvider - An IV was provided of length 0 bytes for decryption but should be 16 bytes
[main] ERROR org.apache.nifi.security.util.crypto.Argon2CipherProvider - Encountered an error generating the Argon2 hash
java.lang.IllegalArgumentException: Cannot decrypt without a valid IV
	at org.apache.nifi.security.util.crypto.AESKeyedCipherProvider.getInitializedCipher(AESKeyedCipherProvider.java:128)
	at org.apache.nifi.security.util.crypto.AESKeyedCipherProvider.getCipher(AESKeyedCipherProvider.java:60)
	at org.apache.nifi.security.util.crypto.Argon2CipherProvider.getInitializedCipher(Argon2CipherProvider.java:177)
	at org.apache.nifi.security.util.crypto.Argon2CipherProvider.getCipher(Argon2CipherProvider.java:103)
	at org.apache.nifi.security.util.crypto.Argon2CipherProvider.getCipher(Argon2CipherProvider.java:131)
	at org.apache.nifi.security.util.crypto.PBECipherProvider$getCipher$0.call(Unknown Source)
	at org.apache.nifi.security.util.crypto.Argon2CipherProviderGroovyTest$_testGetCipherForDecryptShouldRequireIV_closure9.doCall(Argon2CipherProviderGroovyTest.groovy:371)
	at org.apache.nifi.security.util.crypto.Argon2CipherProviderGroovyTest$_testGetCipherForDecryptShouldRequireIV_closure9.doCall(Argon2CipherProviderGroovyTest.groovy)
	at sun.reflect.NativeMethodAccessorImpl.invoke0(Native Method)
	at sun.reflect.NativeMethodAccessorImpl.invoke(NativeMethodAccessorImpl.java:62)
	at sun.reflect.DelegatingMethodAccessorImpl.invoke(DelegatingMethodAccessorImpl.java:43)
	at java.lang.reflect.Method.invoke(Method.java:498)
	at org.codehaus.groovy.reflection.CachedMethod.invoke(CachedMethod.java:101)
	at groovy.lang.MetaMethod.doMethodInvoke(MetaMethod.java:323)
	at org.codehaus.groovy.runtime.metaclass.ClosureMetaClass.invokeMethod(ClosureMetaClass.java:263)
	at groovy.lang.MetaClassImpl.invokeMethod(MetaClassImpl.java:1041)
	at groovy.lang.Closure.call(Closure.java:405)
	at groovy.lang.Closure.call(Closure.java:399)
	at groovy.test.GroovyAssert.shouldFail(GroovyAssert.java:118)
	at groovy.test.GroovyAssert$shouldFail.callStatic(Unknown Source)
	at org.apache.nifi.security.util.crypto.Argon2CipherProviderGroovyTest.testGetCipherForDecryptShouldRequireIV(Argon2CipherProviderGroovyTest.groovy:370)
	at sun.reflect.NativeMethodAccessorImpl.invoke0(Native Method)
	at sun.reflect.NativeMethodAccessorImpl.invoke(NativeMethodAccessorImpl.java:62)
	at sun.reflect.DelegatingMethodAccessorImpl.invoke(DelegatingMethodAccessorImpl.java:43)
	at java.lang.reflect.Method.invoke(Method.java:498)
	at org.junit.platform.commons.util.ReflectionUtils.invokeMethod(ReflectionUtils.java:688)
	at org.junit.jupiter.engine.execution.MethodInvocation.proceed(MethodInvocation.java:60)
	at org.junit.jupiter.engine.execution.InvocationInterceptorChain$ValidatingInvocation.proceed(InvocationInterceptorChain.java:131)
	at org.junit.jupiter.engine.extension.TimeoutExtension.intercept(TimeoutExtension.java:149)
	at org.junit.jupiter.engine.extension.TimeoutExtension.interceptTestableMethod(TimeoutExtension.java:140)
	at org.junit.jupiter.engine.extension.TimeoutExtension.interceptTestMethod(TimeoutExtension.java:84)
	at org.junit.jupiter.engine.execution.ExecutableInvoker$ReflectiveInterceptorCall.lambda$ofVoidMethod$0(ExecutableInvoker.java:115)
	at org.junit.jupiter.engine.execution.ExecutableInvoker.lambda$invoke$0(ExecutableInvoker.java:105)
	at org.junit.jupiter.engine.execution.InvocationInterceptorChain$InterceptedInvocation.proceed(InvocationInterceptorChain.java:106)
	at org.junit.jupiter.engine.execution.InvocationInterceptorChain.proceed(InvocationInterceptorChain.java:64)
	at org.junit.jupiter.engine.execution.InvocationInterceptorChain.chainAndInvoke(InvocationInterceptorChain.java:45)
	at org.junit.jupiter.engine.execution.InvocationInterceptorChain.invoke(InvocationInterceptorChain.java:37)
	at org.junit.jupiter.engine.execution.ExecutableInvoker.invoke(ExecutableInvoker.java:104)
	at org.junit.jupiter.engine.execution.ExecutableInvoker.invoke(ExecutableInvoker.java:98)
	at org.junit.jupiter.engine.descriptor.TestMethodTestDescriptor.lambda$invokeTestMethod$6(TestMethodTestDescriptor.java:210)
	at org.junit.platform.engine.support.hierarchical.ThrowableCollector.execute(ThrowableCollector.java:73)
	at org.junit.jupiter.engine.descriptor.TestMethodTestDescriptor.invokeTestMethod(TestMethodTestDescriptor.java:206)
	at org.junit.jupiter.engine.descriptor.TestMethodTestDescriptor.execute(TestMethodTestDescriptor.java:131)
	at org.junit.jupiter.engine.descriptor.TestMethodTestDescriptor.execute(TestMethodTestDescriptor.java:65)
	at org.junit.platform.engine.support.hierarchical.NodeTestTask.lambda$executeRecursively$5(NodeTestTask.java:139)
	at org.junit.platform.engine.support.hierarchical.ThrowableCollector.execute(ThrowableCollector.java:73)
	at org.junit.platform.engine.support.hierarchical.NodeTestTask.lambda$executeRecursively$7(NodeTestTask.java:129)
	at org.junit.platform.engine.support.hierarchical.Node.around(Node.java:137)
	at org.junit.platform.engine.support.hierarchical.NodeTestTask.lambda$executeRecursively$8(NodeTestTask.java:127)
	at org.junit.platform.engine.support.hierarchical.ThrowableCollector.execute(ThrowableCollector.java:73)
	at org.junit.platform.engine.support.hierarchical.NodeTestTask.executeRecursively(NodeTestTask.java:126)
	at org.junit.platform.engine.support.hierarchical.NodeTestTask.execute(NodeTestTask.java:84)
	at java.util.ArrayList.forEach(ArrayList.java:1259)
	at org.junit.platform.engine.support.hierarchical.SameThreadHierarchicalTestExecutorService.invokeAll(SameThreadHierarchicalTestExecutorService.java:38)
	at org.junit.platform.engine.support.hierarchical.NodeTestTask.lambda$executeRecursively$5(NodeTestTask.java:143)
	at org.junit.platform.engine.support.hierarchical.ThrowableCollector.execute(ThrowableCollector.java:73)
	at org.junit.platform.engine.support.hierarchical.NodeTestTask.lambda$executeRecursively$7(NodeTestTask.java:129)
	at org.junit.platform.engine.support.hierarchical.Node.around(Node.java:137)
	at org.junit.platform.engine.support.hierarchical.NodeTestTask.lambda$executeRecursively$8(NodeTestTask.java:127)
	at org.junit.platform.engine.support.hierarchical.ThrowableCollector.execute(ThrowableCollector.java:73)
	at org.junit.platform.engine.support.hierarchical.NodeTestTask.executeRecursively(NodeTestTask.java:126)
	at org.junit.platform.engine.support.hierarchical.NodeTestTask.execute(NodeTestTask.java:84)
	at java.util.ArrayList.forEach(ArrayList.java:1259)
	at org.junit.platform.engine.support.hierarchical.SameThreadHierarchicalTestExecutorService.invokeAll(SameThreadHierarchicalTestExecutorService.java:38)
	at org.junit.platform.engine.support.hierarchical.NodeTestTask.lambda$executeRecursively$5(NodeTestTask.java:143)
	at org.junit.platform.engine.support.hierarchical.ThrowableCollector.execute(ThrowableCollector.java:73)
	at org.junit.platform.engine.support.hierarchical.NodeTestTask.lambda$executeRecursively$7(NodeTestTask.java:129)
	at org.junit.platform.engine.support.hierarchical.Node.around(Node.java:137)
	at org.junit.platform.engine.support.hierarchical.NodeTestTask.lambda$executeRecursively$8(NodeTestTask.java:127)
	at org.junit.platform.engine.support.hierarchical.ThrowableCollector.execute(ThrowableCollector.java:73)
	at org.junit.platform.engine.support.hierarchical.NodeTestTask.executeRecursively(NodeTestTask.java:126)
	at org.junit.platform.engine.support.hierarchical.NodeTestTask.execute(NodeTestTask.java:84)
	at org.junit.platform.engine.support.hierarchical.SameThreadHierarchicalTestExecutorService.submit(SameThreadHierarchicalTestExecutorService.java:32)
	at org.junit.platform.engine.support.hierarchical.HierarchicalTestExecutor.execute(HierarchicalTestExecutor.java:57)
	at org.junit.platform.engine.support.hierarchical.HierarchicalTestEngine.execute(HierarchicalTestEngine.java:51)
	at org.junit.platform.launcher.core.EngineExecutionOrchestrator.execute(EngineExecutionOrchestrator.java:108)
	at org.junit.platform.launcher.core.EngineExecutionOrchestrator.execute(EngineExecutionOrchestrator.java:88)
	at org.junit.platform.launcher.core.EngineExecutionOrchestrator.lambda$execute$0(EngineExecutionOrchestrator.java:54)
	at org.junit.platform.launcher.core.EngineExecutionOrchestrator.withInterceptedStreams(EngineExecutionOrchestrator.java:67)
	at org.junit.platform.launcher.core.EngineExecutionOrchestrator.execute(EngineExecutionOrchestrator.java:52)
	at org.junit.platform.launcher.core.DefaultLauncher.execute(DefaultLauncher.java:96)
	at org.junit.platform.launcher.core.DefaultLauncher.execute(DefaultLauncher.java:75)
	at org.apache.maven.surefire.junitplatform.JUnitPlatformProvider.execute(JUnitPlatformProvider.java:188)
	at org.apache.maven.surefire.junitplatform.JUnitPlatformProvider.invokeAllTests(JUnitPlatformProvider.java:154)
	at org.apache.maven.surefire.junitplatform.JUnitPlatformProvider.invoke(JUnitPlatformProvider.java:128)
	at org.apache.maven.surefire.booter.ForkedBooter.runSuitesInProcess(ForkedBooter.java:428)
	at org.apache.maven.surefire.booter.ForkedBooter.execute(ForkedBooter.java:162)
	at org.apache.maven.surefire.booter.ForkedBooter.run(ForkedBooter.java:562)
	at org.apache.maven.surefire.booter.ForkedBooter.main(ForkedBooter.java:548)
[main] INFO org.apache.nifi.security.util.crypto.Argon2CipherProviderGroovyTest - [EXPECTED] java.lang.IllegalArgumentException: Cannot decrypt without a valid IV
]]></system-err>
  </testcase>
  <testcase name="testGetCipherForDecryptShouldRequireIV" classname="org.apache.nifi.security.util.crypto.Argon2CipherProviderGroovyTest" time="0.031">
    <system-err><![CDATA[[main] WARN org.apache.nifi.security.util.crypto.Argon2CipherProvider - The provided memory size 1024 KiB is below the recommended minimum 65536 KiB
[main] WARN org.apache.nifi.security.util.crypto.Argon2CipherProvider - The provided parallelization factor 1 is below the recommended minimum 8
[main] WARN org.apache.nifi.security.util.crypto.Argon2CipherProvider - The provided iterations count 3 is below the recommended minimum 5
[main] INFO org.apache.nifi.security.util.crypto.Argon2CipherProviderGroovyTest - Using algorithm: AES/CBC/NoPadding
[main] WARN org.apache.nifi.security.util.crypto.Argon2SecureHasher - The provided memory size 1024 KiB is below the recommended minimum 65536 KiB.
[main] WARN org.apache.nifi.security.util.crypto.Argon2SecureHasher - The provided parallelization factor 1 is below the recommended minimum 8.
[main] WARN org.apache.nifi.security.util.crypto.Argon2SecureHasher - The provided iteration count 3 is below the recommended minimum 5.
[main] WARN org.apache.nifi.security.util.crypto.AESKeyedCipherProvider - An empty IV was provided of length 16 for encryption
[main] WARN org.apache.nifi.security.util.crypto.AESKeyedCipherProvider - Generating new IV. The value can be obtained in the calling code by invoking 'cipher.getIV()';
[main] INFO org.apache.nifi.security.util.crypto.Argon2CipherProviderGroovyTest - IV: 00000000000000000000000000000000
[main] INFO org.apache.nifi.security.util.crypto.Argon2CipherProviderGroovyTest - Cipher text: fe3c67a38b76155bf2ac14ddb9f9dfe293cb0dddbd437e047591aa9bb17a70b9 32
[main] WARN org.apache.nifi.security.util.crypto.Argon2SecureHasher - The provided memory size 1024 KiB is below the recommended minimum 65536 KiB.
[main] WARN org.apache.nifi.security.util.crypto.Argon2SecureHasher - The provided parallelization factor 1 is below the recommended minimum 8.
[main] WARN org.apache.nifi.security.util.crypto.Argon2SecureHasher - The provided iteration count 3 is below the recommended minimum 5.
[main] WARN org.apache.nifi.security.util.crypto.AESKeyedCipherProvider - An IV was provided of length 0 bytes for decryption but should be 16 bytes
[main] ERROR org.apache.nifi.security.util.crypto.Argon2CipherProvider - Encountered an error generating the Argon2 hash
java.lang.IllegalArgumentException: Cannot decrypt without a valid IV
	at org.apache.nifi.security.util.crypto.AESKeyedCipherProvider.getInitializedCipher(AESKeyedCipherProvider.java:128)
	at org.apache.nifi.security.util.crypto.AESKeyedCipherProvider.getCipher(AESKeyedCipherProvider.java:60)
	at org.apache.nifi.security.util.crypto.Argon2CipherProvider.getInitializedCipher(Argon2CipherProvider.java:177)
	at org.apache.nifi.security.util.crypto.Argon2CipherProvider.getCipher(Argon2CipherProvider.java:103)
	at org.apache.nifi.security.util.crypto.Argon2CipherProvider.getCipher(Argon2CipherProvider.java:131)
	at org.apache.nifi.security.util.crypto.PBECipherProvider$getCipher$0.call(Unknown Source)
	at org.apache.nifi.security.util.crypto.Argon2CipherProviderGroovyTest$_testGetCipherForDecryptShouldRequireIV_closure9.doCall(Argon2CipherProviderGroovyTest.groovy:371)
	at org.apache.nifi.security.util.crypto.Argon2CipherProviderGroovyTest$_testGetCipherForDecryptShouldRequireIV_closure9.doCall(Argon2CipherProviderGroovyTest.groovy)
	at sun.reflect.NativeMethodAccessorImpl.invoke0(Native Method)
	at sun.reflect.NativeMethodAccessorImpl.invoke(NativeMethodAccessorImpl.java:62)
	at sun.reflect.DelegatingMethodAccessorImpl.invoke(DelegatingMethodAccessorImpl.java:43)
	at java.lang.reflect.Method.invoke(Method.java:498)
	at org.codehaus.groovy.reflection.CachedMethod.invoke(CachedMethod.java:101)
	at groovy.lang.MetaMethod.doMethodInvoke(MetaMethod.java:323)
	at org.codehaus.groovy.runtime.metaclass.ClosureMetaClass.invokeMethod(ClosureMetaClass.java:263)
	at groovy.lang.MetaClassImpl.invokeMethod(MetaClassImpl.java:1041)
	at groovy.lang.Closure.call(Closure.java:405)
	at groovy.lang.Closure.call(Closure.java:399)
	at groovy.test.GroovyAssert.shouldFail(GroovyAssert.java:118)
	at groovy.test.GroovyAssert$shouldFail.callStatic(Unknown Source)
	at org.apache.nifi.security.util.crypto.Argon2CipherProviderGroovyTest.testGetCipherForDecryptShouldRequireIV(Argon2CipherProviderGroovyTest.groovy:370)
	at sun.reflect.NativeMethodAccessorImpl.invoke0(Native Method)
	at sun.reflect.NativeMethodAccessorImpl.invoke(NativeMethodAccessorImpl.java:62)
	at sun.reflect.DelegatingMethodAccessorImpl.invoke(DelegatingMethodAccessorImpl.java:43)
	at java.lang.reflect.Method.invoke(Method.java:498)
	at junit.framework.TestCase.runTest(TestCase.java:177)
	at junit.framework.TestCase.runBare(TestCase.java:142)
	at junit.framework.TestResult$1.protect(TestResult.java:122)
	at junit.framework.TestResult.runProtected(TestResult.java:142)
	at junit.framework.TestResult.run(TestResult.java:125)
	at junit.framework.TestCase.run(TestCase.java:130)
	at junit.framework.TestSuite.runTest(TestSuite.java:241)
	at junit.framework.TestSuite.run(TestSuite.java:236)
	at org.junit.internal.runners.JUnit38ClassRunner.run(JUnit38ClassRunner.java:90)
	at org.junit.runner.JUnitCore.run(JUnitCore.java:137)
	at org.junit.runner.JUnitCore.run(JUnitCore.java:115)
	at org.junit.vintage.engine.execution.RunnerExecutor.execute(RunnerExecutor.java:43)
	at java.util.stream.ForEachOps$ForEachOp$OfRef.accept(ForEachOps.java:183)
	at java.util.stream.ReferencePipeline$3$1.accept(ReferencePipeline.java:193)
	at java.util.Iterator.forEachRemaining(Iterator.java:116)
	at java.util.Spliterators$IteratorSpliterator.forEachRemaining(Spliterators.java:1801)
	at java.util.stream.AbstractPipeline.copyInto(AbstractPipeline.java:482)
	at java.util.stream.AbstractPipeline.wrapAndCopyInto(AbstractPipeline.java:472)
	at java.util.stream.ForEachOps$ForEachOp.evaluateSequential(ForEachOps.java:150)
	at java.util.stream.ForEachOps$ForEachOp$OfRef.evaluateSequential(ForEachOps.java:173)
	at java.util.stream.AbstractPipeline.evaluate(AbstractPipeline.java:234)
	at java.util.stream.ReferencePipeline.forEach(ReferencePipeline.java:485)
	at org.junit.vintage.engine.VintageTestEngine.executeAllChildren(VintageTestEngine.java:82)
	at org.junit.vintage.engine.VintageTestEngine.execute(VintageTestEngine.java:73)
	at org.junit.platform.launcher.core.EngineExecutionOrchestrator.execute(EngineExecutionOrchestrator.java:108)
	at org.junit.platform.launcher.core.EngineExecutionOrchestrator.execute(EngineExecutionOrchestrator.java:88)
	at org.junit.platform.launcher.core.EngineExecutionOrchestrator.lambda$execute$0(EngineExecutionOrchestrator.java:54)
	at org.junit.platform.launcher.core.EngineExecutionOrchestrator.withInterceptedStreams(EngineExecutionOrchestrator.java:67)
	at org.junit.platform.launcher.core.EngineExecutionOrchestrator.execute(EngineExecutionOrchestrator.java:52)
	at org.junit.platform.launcher.core.DefaultLauncher.execute(DefaultLauncher.java:96)
	at org.junit.platform.launcher.core.DefaultLauncher.execute(DefaultLauncher.java:75)
	at org.apache.maven.surefire.junitplatform.JUnitPlatformProvider.execute(JUnitPlatformProvider.java:188)
	at org.apache.maven.surefire.junitplatform.JUnitPlatformProvider.invokeAllTests(JUnitPlatformProvider.java:154)
	at org.apache.maven.surefire.junitplatform.JUnitPlatformProvider.invoke(JUnitPlatformProvider.java:128)
	at org.apache.maven.surefire.booter.ForkedBooter.runSuitesInProcess(ForkedBooter.java:428)
	at org.apache.maven.surefire.booter.ForkedBooter.execute(ForkedBooter.java:162)
	at org.apache.maven.surefire.booter.ForkedBooter.run(ForkedBooter.java:562)
	at org.apache.maven.surefire.booter.ForkedBooter.main(ForkedBooter.java:548)
[main] INFO org.apache.nifi.security.util.crypto.Argon2CipherProviderGroovyTest - [EXPECTED] java.lang.IllegalArgumentException: Cannot decrypt without a valid IV
[main] INFO org.apache.nifi.security.util.crypto.Argon2CipherProviderGroovyTest - Using algorithm: AES/CBC/PKCS7Padding
[main] WARN org.apache.nifi.security.util.crypto.Argon2SecureHasher - The provided memory size 1024 KiB is below the recommended minimum 65536 KiB.
[main] WARN org.apache.nifi.security.util.crypto.Argon2SecureHasher - The provided parallelization factor 1 is below the recommended minimum 8.
[main] WARN org.apache.nifi.security.util.crypto.Argon2SecureHasher - The provided iteration count 3 is below the recommended minimum 5.
[main] WARN org.apache.nifi.security.util.crypto.AESKeyedCipherProvider - An empty IV was provided of length 16 for encryption
[main] WARN org.apache.nifi.security.util.crypto.AESKeyedCipherProvider - Generating new IV. The value can be obtained in the calling code by invoking 'cipher.getIV()';
[main] INFO org.apache.nifi.security.util.crypto.Argon2CipherProviderGroovyTest - IV: 00000000000000000000000000000000
[main] INFO org.apache.nifi.security.util.crypto.Argon2CipherProviderGroovyTest - Cipher text: 09745efa48ea7747b9d9a3861c1c40b6e490bb83933ff24e08dae1765ff6e4301840d2bab0d5e5b6d4f06109d16fc6f5 48
[main] WARN org.apache.nifi.security.util.crypto.Argon2SecureHasher - The provided memory size 1024 KiB is below the recommended minimum 65536 KiB.
[main] WARN org.apache.nifi.security.util.crypto.Argon2SecureHasher - The provided parallelization factor 1 is below the recommended minimum 8.
[main] WARN org.apache.nifi.security.util.crypto.Argon2SecureHasher - The provided iteration count 3 is below the recommended minimum 5.
[main] WARN org.apache.nifi.security.util.crypto.AESKeyedCipherProvider - An IV was provided of length 0 bytes for decryption but should be 16 bytes
[main] ERROR org.apache.nifi.security.util.crypto.Argon2CipherProvider - Encountered an error generating the Argon2 hash
java.lang.IllegalArgumentException: Cannot decrypt without a valid IV
	at org.apache.nifi.security.util.crypto.AESKeyedCipherProvider.getInitializedCipher(AESKeyedCipherProvider.java:128)
	at org.apache.nifi.security.util.crypto.AESKeyedCipherProvider.getCipher(AESKeyedCipherProvider.java:60)
	at org.apache.nifi.security.util.crypto.Argon2CipherProvider.getInitializedCipher(Argon2CipherProvider.java:177)
	at org.apache.nifi.security.util.crypto.Argon2CipherProvider.getCipher(Argon2CipherProvider.java:103)
	at org.apache.nifi.security.util.crypto.Argon2CipherProvider.getCipher(Argon2CipherProvider.java:131)
	at org.apache.nifi.security.util.crypto.PBECipherProvider$getCipher$0.call(Unknown Source)
	at org.apache.nifi.security.util.crypto.Argon2CipherProviderGroovyTest$_testGetCipherForDecryptShouldRequireIV_closure9.doCall(Argon2CipherProviderGroovyTest.groovy:371)
	at org.apache.nifi.security.util.crypto.Argon2CipherProviderGroovyTest$_testGetCipherForDecryptShouldRequireIV_closure9.doCall(Argon2CipherProviderGroovyTest.groovy)
	at sun.reflect.NativeMethodAccessorImpl.invoke0(Native Method)
	at sun.reflect.NativeMethodAccessorImpl.invoke(NativeMethodAccessorImpl.java:62)
	at sun.reflect.DelegatingMethodAccessorImpl.invoke(DelegatingMethodAccessorImpl.java:43)
	at java.lang.reflect.Method.invoke(Method.java:498)
	at org.codehaus.groovy.reflection.CachedMethod.invoke(CachedMethod.java:101)
	at groovy.lang.MetaMethod.doMethodInvoke(MetaMethod.java:323)
	at org.codehaus.groovy.runtime.metaclass.ClosureMetaClass.invokeMethod(ClosureMetaClass.java:263)
	at groovy.lang.MetaClassImpl.invokeMethod(MetaClassImpl.java:1041)
	at groovy.lang.Closure.call(Closure.java:405)
	at groovy.lang.Closure.call(Closure.java:399)
	at groovy.test.GroovyAssert.shouldFail(GroovyAssert.java:118)
	at groovy.test.GroovyAssert$shouldFail.callStatic(Unknown Source)
	at org.apache.nifi.security.util.crypto.Argon2CipherProviderGroovyTest.testGetCipherForDecryptShouldRequireIV(Argon2CipherProviderGroovyTest.groovy:370)
	at sun.reflect.NativeMethodAccessorImpl.invoke0(Native Method)
	at sun.reflect.NativeMethodAccessorImpl.invoke(NativeMethodAccessorImpl.java:62)
	at sun.reflect.DelegatingMethodAccessorImpl.invoke(DelegatingMethodAccessorImpl.java:43)
	at java.lang.reflect.Method.invoke(Method.java:498)
	at junit.framework.TestCase.runTest(TestCase.java:177)
	at junit.framework.TestCase.runBare(TestCase.java:142)
	at junit.framework.TestResult$1.protect(TestResult.java:122)
	at junit.framework.TestResult.runProtected(TestResult.java:142)
	at junit.framework.TestResult.run(TestResult.java:125)
	at junit.framework.TestCase.run(TestCase.java:130)
	at junit.framework.TestSuite.runTest(TestSuite.java:241)
	at junit.framework.TestSuite.run(TestSuite.java:236)
	at org.junit.internal.runners.JUnit38ClassRunner.run(JUnit38ClassRunner.java:90)
	at org.junit.runner.JUnitCore.run(JUnitCore.java:137)
	at org.junit.runner.JUnitCore.run(JUnitCore.java:115)
	at org.junit.vintage.engine.execution.RunnerExecutor.execute(RunnerExecutor.java:43)
	at java.util.stream.ForEachOps$ForEachOp$OfRef.accept(ForEachOps.java:183)
	at java.util.stream.ReferencePipeline$3$1.accept(ReferencePipeline.java:193)
	at java.util.Iterator.forEachRemaining(Iterator.java:116)
	at java.util.Spliterators$IteratorSpliterator.forEachRemaining(Spliterators.java:1801)
	at java.util.stream.AbstractPipeline.copyInto(AbstractPipeline.java:482)
	at java.util.stream.AbstractPipeline.wrapAndCopyInto(AbstractPipeline.java:472)
	at java.util.stream.ForEachOps$ForEachOp.evaluateSequential(ForEachOps.java:150)
	at java.util.stream.ForEachOps$ForEachOp$OfRef.evaluateSequential(ForEachOps.java:173)
	at java.util.stream.AbstractPipeline.evaluate(AbstractPipeline.java:234)
	at java.util.stream.ReferencePipeline.forEach(ReferencePipeline.java:485)
	at org.junit.vintage.engine.VintageTestEngine.executeAllChildren(VintageTestEngine.java:82)
	at org.junit.vintage.engine.VintageTestEngine.execute(VintageTestEngine.java:73)
	at org.junit.platform.launcher.core.EngineExecutionOrchestrator.execute(EngineExecutionOrchestrator.java:108)
	at org.junit.platform.launcher.core.EngineExecutionOrchestrator.execute(EngineExecutionOrchestrator.java:88)
	at org.junit.platform.launcher.core.EngineExecutionOrchestrator.lambda$execute$0(EngineExecutionOrchestrator.java:54)
	at org.junit.platform.launcher.core.EngineExecutionOrchestrator.withInterceptedStreams(EngineExecutionOrchestrator.java:67)
	at org.junit.platform.launcher.core.EngineExecutionOrchestrator.execute(EngineExecutionOrchestrator.java:52)
	at org.junit.platform.launcher.core.DefaultLauncher.execute(DefaultLauncher.java:96)
	at org.junit.platform.launcher.core.DefaultLauncher.execute(DefaultLauncher.java:75)
	at org.apache.maven.surefire.junitplatform.JUnitPlatformProvider.execute(JUnitPlatformProvider.java:188)
	at org.apache.maven.surefire.junitplatform.JUnitPlatformProvider.invokeAllTests(JUnitPlatformProvider.java:154)
	at org.apache.maven.surefire.junitplatform.JUnitPlatformProvider.invoke(JUnitPlatformProvider.java:128)
	at org.apache.maven.surefire.booter.ForkedBooter.runSuitesInProcess(ForkedBooter.java:428)
	at org.apache.maven.surefire.booter.ForkedBooter.execute(ForkedBooter.java:162)
	at org.apache.maven.surefire.booter.ForkedBooter.run(ForkedBooter.java:562)
	at org.apache.maven.surefire.booter.ForkedBooter.main(ForkedBooter.java:548)
[main] INFO org.apache.nifi.security.util.crypto.Argon2CipherProviderGroovyTest - [EXPECTED] java.lang.IllegalArgumentException: Cannot decrypt without a valid IV
[main] INFO org.apache.nifi.security.util.crypto.Argon2CipherProviderGroovyTest - Using algorithm: AES/CTR/NoPadding
[main] WARN org.apache.nifi.security.util.crypto.Argon2SecureHasher - The provided memory size 1024 KiB is below the recommended minimum 65536 KiB.
[main] WARN org.apache.nifi.security.util.crypto.Argon2SecureHasher - The provided parallelization factor 1 is below the recommended minimum 8.
[main] WARN org.apache.nifi.security.util.crypto.Argon2SecureHasher - The provided iteration count 3 is below the recommended minimum 5.
[main] WARN org.apache.nifi.security.util.crypto.AESKeyedCipherProvider - An empty IV was provided of length 16 for encryption
[main] WARN org.apache.nifi.security.util.crypto.AESKeyedCipherProvider - Generating new IV. The value can be obtained in the calling code by invoking 'cipher.getIV()';
[main] INFO org.apache.nifi.security.util.crypto.Argon2CipherProviderGroovyTest - IV: 00000000000000000000000000000000
[main] INFO org.apache.nifi.security.util.crypto.Argon2CipherProviderGroovyTest - Cipher text: feb458927ddf2680d7bf0ee6f1b5f2a4835ba4d971072b85892aad7853309c4b 32
[main] WARN org.apache.nifi.security.util.crypto.Argon2SecureHasher - The provided memory size 1024 KiB is below the recommended minimum 65536 KiB.
[main] WARN org.apache.nifi.security.util.crypto.Argon2SecureHasher - The provided parallelization factor 1 is below the recommended minimum 8.
[main] WARN org.apache.nifi.security.util.crypto.Argon2SecureHasher - The provided iteration count 3 is below the recommended minimum 5.
[main] WARN org.apache.nifi.security.util.crypto.AESKeyedCipherProvider - An IV was provided of length 0 bytes for decryption but should be 16 bytes
[main] ERROR org.apache.nifi.security.util.crypto.Argon2CipherProvider - Encountered an error generating the Argon2 hash
java.lang.IllegalArgumentException: Cannot decrypt without a valid IV
	at org.apache.nifi.security.util.crypto.AESKeyedCipherProvider.getInitializedCipher(AESKeyedCipherProvider.java:128)
	at org.apache.nifi.security.util.crypto.AESKeyedCipherProvider.getCipher(AESKeyedCipherProvider.java:60)
	at org.apache.nifi.security.util.crypto.Argon2CipherProvider.getInitializedCipher(Argon2CipherProvider.java:177)
	at org.apache.nifi.security.util.crypto.Argon2CipherProvider.getCipher(Argon2CipherProvider.java:103)
	at org.apache.nifi.security.util.crypto.Argon2CipherProvider.getCipher(Argon2CipherProvider.java:131)
	at org.apache.nifi.security.util.crypto.PBECipherProvider$getCipher$0.call(Unknown Source)
	at org.apache.nifi.security.util.crypto.Argon2CipherProviderGroovyTest$_testGetCipherForDecryptShouldRequireIV_closure9.doCall(Argon2CipherProviderGroovyTest.groovy:371)
	at org.apache.nifi.security.util.crypto.Argon2CipherProviderGroovyTest$_testGetCipherForDecryptShouldRequireIV_closure9.doCall(Argon2CipherProviderGroovyTest.groovy)
	at sun.reflect.NativeMethodAccessorImpl.invoke0(Native Method)
	at sun.reflect.NativeMethodAccessorImpl.invoke(NativeMethodAccessorImpl.java:62)
	at sun.reflect.DelegatingMethodAccessorImpl.invoke(DelegatingMethodAccessorImpl.java:43)
	at java.lang.reflect.Method.invoke(Method.java:498)
	at org.codehaus.groovy.reflection.CachedMethod.invoke(CachedMethod.java:101)
	at groovy.lang.MetaMethod.doMethodInvoke(MetaMethod.java:323)
	at org.codehaus.groovy.runtime.metaclass.ClosureMetaClass.invokeMethod(ClosureMetaClass.java:263)
	at groovy.lang.MetaClassImpl.invokeMethod(MetaClassImpl.java:1041)
	at groovy.lang.Closure.call(Closure.java:405)
	at groovy.lang.Closure.call(Closure.java:399)
	at groovy.test.GroovyAssert.shouldFail(GroovyAssert.java:118)
	at groovy.test.GroovyAssert$shouldFail.callStatic(Unknown Source)
	at org.apache.nifi.security.util.crypto.Argon2CipherProviderGroovyTest.testGetCipherForDecryptShouldRequireIV(Argon2CipherProviderGroovyTest.groovy:370)
	at sun.reflect.NativeMethodAccessorImpl.invoke0(Native Method)
	at sun.reflect.NativeMethodAccessorImpl.invoke(NativeMethodAccessorImpl.java:62)
	at sun.reflect.DelegatingMethodAccessorImpl.invoke(DelegatingMethodAccessorImpl.java:43)
	at java.lang.reflect.Method.invoke(Method.java:498)
	at junit.framework.TestCase.runTest(TestCase.java:177)
	at junit.framework.TestCase.runBare(TestCase.java:142)
	at junit.framework.TestResult$1.protect(TestResult.java:122)
	at junit.framework.TestResult.runProtected(TestResult.java:142)
	at junit.framework.TestResult.run(TestResult.java:125)
	at junit.framework.TestCase.run(TestCase.java:130)
	at junit.framework.TestSuite.runTest(TestSuite.java:241)
	at junit.framework.TestSuite.run(TestSuite.java:236)
	at org.junit.internal.runners.JUnit38ClassRunner.run(JUnit38ClassRunner.java:90)
	at org.junit.runner.JUnitCore.run(JUnitCore.java:137)
	at org.junit.runner.JUnitCore.run(JUnitCore.java:115)
	at org.junit.vintage.engine.execution.RunnerExecutor.execute(RunnerExecutor.java:43)
	at java.util.stream.ForEachOps$ForEachOp$OfRef.accept(ForEachOps.java:183)
	at java.util.stream.ReferencePipeline$3$1.accept(ReferencePipeline.java:193)
	at java.util.Iterator.forEachRemaining(Iterator.java:116)
	at java.util.Spliterators$IteratorSpliterator.forEachRemaining(Spliterators.java:1801)
	at java.util.stream.AbstractPipeline.copyInto(AbstractPipeline.java:482)
	at java.util.stream.AbstractPipeline.wrapAndCopyInto(AbstractPipeline.java:472)
	at java.util.stream.ForEachOps$ForEachOp.evaluateSequential(ForEachOps.java:150)
	at java.util.stream.ForEachOps$ForEachOp$OfRef.evaluateSequential(ForEachOps.java:173)
	at java.util.stream.AbstractPipeline.evaluate(AbstractPipeline.java:234)
	at java.util.stream.ReferencePipeline.forEach(ReferencePipeline.java:485)
	at org.junit.vintage.engine.VintageTestEngine.executeAllChildren(VintageTestEngine.java:82)
	at org.junit.vintage.engine.VintageTestEngine.execute(VintageTestEngine.java:73)
	at org.junit.platform.launcher.core.EngineExecutionOrchestrator.execute(EngineExecutionOrchestrator.java:108)
	at org.junit.platform.launcher.core.EngineExecutionOrchestrator.execute(EngineExecutionOrchestrator.java:88)
	at org.junit.platform.launcher.core.EngineExecutionOrchestrator.lambda$execute$0(EngineExecutionOrchestrator.java:54)
	at org.junit.platform.launcher.core.EngineExecutionOrchestrator.withInterceptedStreams(EngineExecutionOrchestrator.java:67)
	at org.junit.platform.launcher.core.EngineExecutionOrchestrator.execute(EngineExecutionOrchestrator.java:52)
	at org.junit.platform.launcher.core.DefaultLauncher.execute(DefaultLauncher.java:96)
	at org.junit.platform.launcher.core.DefaultLauncher.execute(DefaultLauncher.java:75)
	at org.apache.maven.surefire.junitplatform.JUnitPlatformProvider.execute(JUnitPlatformProvider.java:188)
	at org.apache.maven.surefire.junitplatform.JUnitPlatformProvider.invokeAllTests(JUnitPlatformProvider.java:154)
	at org.apache.maven.surefire.junitplatform.JUnitPlatformProvider.invoke(JUnitPlatformProvider.java:128)
	at org.apache.maven.surefire.booter.ForkedBooter.runSuitesInProcess(ForkedBooter.java:428)
	at org.apache.maven.surefire.booter.ForkedBooter.execute(ForkedBooter.java:162)
	at org.apache.maven.surefire.booter.ForkedBooter.run(ForkedBooter.java:562)
	at org.apache.maven.surefire.booter.ForkedBooter.main(ForkedBooter.java:548)
[main] INFO org.apache.nifi.security.util.crypto.Argon2CipherProviderGroovyTest - [EXPECTED] java.lang.IllegalArgumentException: Cannot decrypt without a valid IV
[main] INFO org.apache.nifi.security.util.crypto.Argon2CipherProviderGroovyTest - Using algorithm: AES/GCM/NoPadding
[main] WARN org.apache.nifi.security.util.crypto.Argon2SecureHasher - The provided memory size 1024 KiB is below the recommended minimum 65536 KiB.
[main] WARN org.apache.nifi.security.util.crypto.Argon2SecureHasher - The provided parallelization factor 1 is below the recommended minimum 8.
[main] WARN org.apache.nifi.security.util.crypto.Argon2SecureHasher - The provided iteration count 3 is below the recommended minimum 5.
[main] WARN org.apache.nifi.security.util.crypto.AESKeyedCipherProvider - An empty IV was provided of length 16 for encryption
[main] WARN org.apache.nifi.security.util.crypto.AESKeyedCipherProvider - Generating new IV. The value can be obtained in the calling code by invoking 'cipher.getIV()';
[main] INFO org.apache.nifi.security.util.crypto.Argon2CipherProviderGroovyTest - IV: 00000000000000000000000000000000
[main] INFO org.apache.nifi.security.util.crypto.Argon2CipherProviderGroovyTest - Cipher text: b7b2b02bb4663a0075877aee8a3369a3b388f38139c62059a0c68251a04ce5a4931e61f9f1b26f88925a808967371305 48
[main] WARN org.apache.nifi.security.util.crypto.Argon2SecureHasher - The provided memory size 1024 KiB is below the recommended minimum 65536 KiB.
[main] WARN org.apache.nifi.security.util.crypto.Argon2SecureHasher - The provided parallelization factor 1 is below the recommended minimum 8.
[main] WARN org.apache.nifi.security.util.crypto.Argon2SecureHasher - The provided iteration count 3 is below the recommended minimum 5.
[main] WARN org.apache.nifi.security.util.crypto.AESKeyedCipherProvider - An IV was provided of length 0 bytes for decryption but should be 16 bytes
[main] ERROR org.apache.nifi.security.util.crypto.Argon2CipherProvider - Encountered an error generating the Argon2 hash
java.lang.IllegalArgumentException: Cannot decrypt without a valid IV
	at org.apache.nifi.security.util.crypto.AESKeyedCipherProvider.getInitializedCipher(AESKeyedCipherProvider.java:128)
	at org.apache.nifi.security.util.crypto.AESKeyedCipherProvider.getCipher(AESKeyedCipherProvider.java:60)
	at org.apache.nifi.security.util.crypto.Argon2CipherProvider.getInitializedCipher(Argon2CipherProvider.java:177)
	at org.apache.nifi.security.util.crypto.Argon2CipherProvider.getCipher(Argon2CipherProvider.java:103)
	at org.apache.nifi.security.util.crypto.Argon2CipherProvider.getCipher(Argon2CipherProvider.java:131)
	at org.apache.nifi.security.util.crypto.PBECipherProvider$getCipher$0.call(Unknown Source)
	at org.apache.nifi.security.util.crypto.Argon2CipherProviderGroovyTest$_testGetCipherForDecryptShouldRequireIV_closure9.doCall(Argon2CipherProviderGroovyTest.groovy:371)
	at org.apache.nifi.security.util.crypto.Argon2CipherProviderGroovyTest$_testGetCipherForDecryptShouldRequireIV_closure9.doCall(Argon2CipherProviderGroovyTest.groovy)
	at sun.reflect.NativeMethodAccessorImpl.invoke0(Native Method)
	at sun.reflect.NativeMethodAccessorImpl.invoke(NativeMethodAccessorImpl.java:62)
	at sun.reflect.DelegatingMethodAccessorImpl.invoke(DelegatingMethodAccessorImpl.java:43)
	at java.lang.reflect.Method.invoke(Method.java:498)
	at org.codehaus.groovy.reflection.CachedMethod.invoke(CachedMethod.java:101)
	at groovy.lang.MetaMethod.doMethodInvoke(MetaMethod.java:323)
	at org.codehaus.groovy.runtime.metaclass.ClosureMetaClass.invokeMethod(ClosureMetaClass.java:263)
	at groovy.lang.MetaClassImpl.invokeMethod(MetaClassImpl.java:1041)
	at groovy.lang.Closure.call(Closure.java:405)
	at groovy.lang.Closure.call(Closure.java:399)
	at groovy.test.GroovyAssert.shouldFail(GroovyAssert.java:118)
	at groovy.test.GroovyAssert$shouldFail.callStatic(Unknown Source)
	at org.apache.nifi.security.util.crypto.Argon2CipherProviderGroovyTest.testGetCipherForDecryptShouldRequireIV(Argon2CipherProviderGroovyTest.groovy:370)
	at sun.reflect.NativeMethodAccessorImpl.invoke0(Native Method)
	at sun.reflect.NativeMethodAccessorImpl.invoke(NativeMethodAccessorImpl.java:62)
	at sun.reflect.DelegatingMethodAccessorImpl.invoke(DelegatingMethodAccessorImpl.java:43)
	at java.lang.reflect.Method.invoke(Method.java:498)
	at junit.framework.TestCase.runTest(TestCase.java:177)
	at junit.framework.TestCase.runBare(TestCase.java:142)
	at junit.framework.TestResult$1.protect(TestResult.java:122)
	at junit.framework.TestResult.runProtected(TestResult.java:142)
	at junit.framework.TestResult.run(TestResult.java:125)
	at junit.framework.TestCase.run(TestCase.java:130)
	at junit.framework.TestSuite.runTest(TestSuite.java:241)
	at junit.framework.TestSuite.run(TestSuite.java:236)
	at org.junit.internal.runners.JUnit38ClassRunner.run(JUnit38ClassRunner.java:90)
	at org.junit.runner.JUnitCore.run(JUnitCore.java:137)
	at org.junit.runner.JUnitCore.run(JUnitCore.java:115)
	at org.junit.vintage.engine.execution.RunnerExecutor.execute(RunnerExecutor.java:43)
	at java.util.stream.ForEachOps$ForEachOp$OfRef.accept(ForEachOps.java:183)
	at java.util.stream.ReferencePipeline$3$1.accept(ReferencePipeline.java:193)
	at java.util.Iterator.forEachRemaining(Iterator.java:116)
	at java.util.Spliterators$IteratorSpliterator.forEachRemaining(Spliterators.java:1801)
	at java.util.stream.AbstractPipeline.copyInto(AbstractPipeline.java:482)
	at java.util.stream.AbstractPipeline.wrapAndCopyInto(AbstractPipeline.java:472)
	at java.util.stream.ForEachOps$ForEachOp.evaluateSequential(ForEachOps.java:150)
	at java.util.stream.ForEachOps$ForEachOp$OfRef.evaluateSequential(ForEachOps.java:173)
	at java.util.stream.AbstractPipeline.evaluate(AbstractPipeline.java:234)
	at java.util.stream.ReferencePipeline.forEach(ReferencePipeline.java:485)
	at org.junit.vintage.engine.VintageTestEngine.executeAllChildren(VintageTestEngine.java:82)
	at org.junit.vintage.engine.VintageTestEngine.execute(VintageTestEngine.java:73)
	at org.junit.platform.launcher.core.EngineExecutionOrchestrator.execute(EngineExecutionOrchestrator.java:108)
	at org.junit.platform.launcher.core.EngineExecutionOrchestrator.execute(EngineExecutionOrchestrator.java:88)
	at org.junit.platform.launcher.core.EngineExecutionOrchestrator.lambda$execute$0(EngineExecutionOrchestrator.java:54)
	at org.junit.platform.launcher.core.EngineExecutionOrchestrator.withInterceptedStreams(EngineExecutionOrchestrator.java:67)
	at org.junit.platform.launcher.core.EngineExecutionOrchestrator.execute(EngineExecutionOrchestrator.java:52)
	at org.junit.platform.launcher.core.DefaultLauncher.execute(DefaultLauncher.java:96)
	at org.junit.platform.launcher.core.DefaultLauncher.execute(DefaultLauncher.java:75)
	at org.apache.maven.surefire.junitplatform.JUnitPlatformProvider.execute(JUnitPlatformProvider.java:188)
	at org.apache.maven.surefire.junitplatform.JUnitPlatformProvider.invokeAllTests(JUnitPlatformProvider.java:154)
	at org.apache.maven.surefire.junitplatform.JUnitPlatformProvider.invoke(JUnitPlatformProvider.java:128)
	at org.apache.maven.surefire.booter.ForkedBooter.runSuitesInProcess(ForkedBooter.java:428)
	at org.apache.maven.surefire.booter.ForkedBooter.execute(ForkedBooter.java:162)
	at org.apache.maven.surefire.booter.ForkedBooter.run(ForkedBooter.java:562)
	at org.apache.maven.surefire.booter.ForkedBooter.main(ForkedBooter.java:548)
[main] INFO org.apache.nifi.security.util.crypto.Argon2CipherProviderGroovyTest - [EXPECTED] java.lang.IllegalArgumentException: Cannot decrypt without a valid IV
]]></system-err>
  </testcase>
  <testcase name="testArgon2ShouldNotAcceptInvalidPassword" classname="org.apache.nifi.security.util.crypto.Argon2CipherProviderGroovyTest" time="0.002">
    <system-err><![CDATA[[main] WARN org.apache.nifi.security.util.crypto.Argon2CipherProvider - The provided memory size 1024 KiB is below the recommended minimum 65536 KiB
[main] WARN org.apache.nifi.security.util.crypto.Argon2CipherProvider - The provided parallelization factor 1 is below the recommended minimum 8
[main] WARN org.apache.nifi.security.util.crypto.Argon2CipherProvider - The provided iterations count 3 is below the recommended minimum 5
]]></system-err>
  </testcase>
  <testcase name="testArgon2ShouldNotAcceptInvalidPassword" classname="org.apache.nifi.security.util.crypto.Argon2CipherProviderGroovyTest" time="0.001">
    <system-err><![CDATA[[main] WARN org.apache.nifi.security.util.crypto.Argon2CipherProvider - The provided memory size 1024 KiB is below the recommended minimum 65536 KiB
[main] WARN org.apache.nifi.security.util.crypto.Argon2CipherProvider - The provided parallelization factor 1 is below the recommended minimum 8
[main] WARN org.apache.nifi.security.util.crypto.Argon2CipherProvider - The provided iterations count 3 is below the recommended minimum 5
]]></system-err>
  </testcase>
  <testcase name="testGetCipherShouldNotAcceptInvalidKeyLengths" classname="org.apache.nifi.security.util.crypto.Argon2CipherProviderGroovyTest" time="0.003">
    <system-err><![CDATA[[main] WARN org.apache.nifi.security.util.crypto.Argon2CipherProvider - The provided memory size 1024 KiB is below the recommended minimum 65536 KiB
[main] WARN org.apache.nifi.security.util.crypto.Argon2CipherProvider - The provided parallelization factor 1 is below the recommended minimum 8
[main] WARN org.apache.nifi.security.util.crypto.Argon2CipherProvider - The provided iterations count 3 is below the recommended minimum 5
[main] INFO org.apache.nifi.security.util.crypto.Argon2CipherProviderGroovyTest - Using algorithm: AES/CBC/PKCS7Padding with key length -1
[main] INFO org.apache.nifi.security.util.crypto.Argon2CipherProviderGroovyTest - [EXPECTED] java.lang.IllegalArgumentException: -1 is not a valid key length for AES
[main] INFO org.apache.nifi.security.util.crypto.Argon2CipherProviderGroovyTest - Using algorithm: AES/CBC/PKCS7Padding with key length 40
[main] INFO org.apache.nifi.security.util.crypto.Argon2CipherProviderGroovyTest - [EXPECTED] java.lang.IllegalArgumentException: 40 is not a valid key length for AES
[main] INFO org.apache.nifi.security.util.crypto.Argon2CipherProviderGroovyTest - Using algorithm: AES/CBC/PKCS7Padding with key length 64
[main] INFO org.apache.nifi.security.util.crypto.Argon2CipherProviderGroovyTest - [EXPECTED] java.lang.IllegalArgumentException: 64 is not a valid key length for AES
[main] INFO org.apache.nifi.security.util.crypto.Argon2CipherProviderGroovyTest - Using algorithm: AES/CBC/PKCS7Padding with key length 112
[main] INFO org.apache.nifi.security.util.crypto.Argon2CipherProviderGroovyTest - [EXPECTED] java.lang.IllegalArgumentException: 112 is not a valid key length for AES
[main] INFO org.apache.nifi.security.util.crypto.Argon2CipherProviderGroovyTest - Using algorithm: AES/CBC/PKCS7Padding with key length 512
[main] INFO org.apache.nifi.security.util.crypto.Argon2CipherProviderGroovyTest - [EXPECTED] java.lang.IllegalArgumentException: 512 is not a valid key length for AES
]]></system-err>
  </testcase>
  <testcase name="testGetCipherShouldNotAcceptInvalidKeyLengths" classname="org.apache.nifi.security.util.crypto.Argon2CipherProviderGroovyTest" time="0.001">
    <system-err><![CDATA[[main] WARN org.apache.nifi.security.util.crypto.Argon2CipherProvider - The provided memory size 1024 KiB is below the recommended minimum 65536 KiB
[main] WARN org.apache.nifi.security.util.crypto.Argon2CipherProvider - The provided parallelization factor 1 is below the recommended minimum 8
[main] WARN org.apache.nifi.security.util.crypto.Argon2CipherProvider - The provided iterations count 3 is below the recommended minimum 5
[main] INFO org.apache.nifi.security.util.crypto.Argon2CipherProviderGroovyTest - Using algorithm: AES/CBC/PKCS7Padding with key length -1
[main] INFO org.apache.nifi.security.util.crypto.Argon2CipherProviderGroovyTest - [EXPECTED] java.lang.IllegalArgumentException: -1 is not a valid key length for AES
[main] INFO org.apache.nifi.security.util.crypto.Argon2CipherProviderGroovyTest - Using algorithm: AES/CBC/PKCS7Padding with key length 40
[main] INFO org.apache.nifi.security.util.crypto.Argon2CipherProviderGroovyTest - [EXPECTED] java.lang.IllegalArgumentException: 40 is not a valid key length for AES
[main] INFO org.apache.nifi.security.util.crypto.Argon2CipherProviderGroovyTest - Using algorithm: AES/CBC/PKCS7Padding with key length 64
[main] INFO org.apache.nifi.security.util.crypto.Argon2CipherProviderGroovyTest - [EXPECTED] java.lang.IllegalArgumentException: 64 is not a valid key length for AES
[main] INFO org.apache.nifi.security.util.crypto.Argon2CipherProviderGroovyTest - Using algorithm: AES/CBC/PKCS7Padding with key length 112
[main] INFO org.apache.nifi.security.util.crypto.Argon2CipherProviderGroovyTest - [EXPECTED] java.lang.IllegalArgumentException: 112 is not a valid key length for AES
[main] INFO org.apache.nifi.security.util.crypto.Argon2CipherProviderGroovyTest - Using algorithm: AES/CBC/PKCS7Padding with key length 512
[main] INFO org.apache.nifi.security.util.crypto.Argon2CipherProviderGroovyTest - [EXPECTED] java.lang.IllegalArgumentException: 512 is not a valid key length for AES
]]></system-err>
  </testcase>
  <testcase name="testGetCipherShouldNotAcceptInvalidSalts" classname="org.apache.nifi.security.util.crypto.Argon2CipherProviderGroovyTest" time="0.002">
    <system-err><![CDATA[[main] WARN org.apache.nifi.security.util.crypto.Argon2CipherProvider - The provided memory size 1024 KiB is below the recommended minimum 65536 KiB
[main] WARN org.apache.nifi.security.util.crypto.Argon2CipherProvider - The provided parallelization factor 1 is below the recommended minimum 8
[main] WARN org.apache.nifi.security.util.crypto.Argon2CipherProvider - The provided iterations count 3 is below the recommended minimum 5
[main] INFO org.apache.nifi.security.util.crypto.Argon2CipherProviderGroovyTest - Using algorithm: AES/CBC/PKCS7Padding
[main] INFO org.apache.nifi.security.util.crypto.Argon2CipherProviderGroovyTest - Checking salt argon2
[main] WARN org.apache.nifi.security.util.crypto.Argon2SecureHasher - The provided memory size 1024 KiB is below the recommended minimum 65536 KiB.
[main] WARN org.apache.nifi.security.util.crypto.Argon2SecureHasher - The provided parallelization factor 1 is below the recommended minimum 8.
[main] WARN org.apache.nifi.security.util.crypto.Argon2SecureHasher - The provided iteration count 3 is below the recommended minimum 5.
[main] WARN org.apache.nifi.security.util.crypto.AbstractSecureHasher - The provided dynamic salt length 6 is below the recommended minimum 16
[main] INFO org.apache.nifi.security.util.crypto.Argon2CipherProviderGroovyTest - [EXPECTED] java.lang.IllegalArgumentException: The raw salt must be greater than or equal to 8 bytes
[main] INFO org.apache.nifi.security.util.crypto.Argon2CipherProviderGroovyTest - Checking salt $3a$11$
[main] WARN org.apache.nifi.security.util.crypto.Argon2SecureHasher - The provided memory size 1024 KiB is below the recommended minimum 65536 KiB.
[main] WARN org.apache.nifi.security.util.crypto.Argon2SecureHasher - The provided parallelization factor 1 is below the recommended minimum 8.
[main] WARN org.apache.nifi.security.util.crypto.Argon2SecureHasher - The provided iteration count 3 is below the recommended minimum 5.
[main] WARN org.apache.nifi.security.util.crypto.AbstractSecureHasher - The provided dynamic salt length 7 is below the recommended minimum 16
[main] INFO org.apache.nifi.security.util.crypto.Argon2CipherProviderGroovyTest - [EXPECTED] java.lang.IllegalArgumentException: The raw salt must be greater than or equal to 8 bytes
[main] INFO org.apache.nifi.security.util.crypto.Argon2CipherProviderGroovyTest - Checking salt x
[main] WARN org.apache.nifi.security.util.crypto.Argon2SecureHasher - The provided memory size 1024 KiB is below the recommended minimum 65536 KiB.
[main] WARN org.apache.nifi.security.util.crypto.Argon2SecureHasher - The provided parallelization factor 1 is below the recommended minimum 8.
[main] WARN org.apache.nifi.security.util.crypto.Argon2SecureHasher - The provided iteration count 3 is below the recommended minimum 5.
[main] WARN org.apache.nifi.security.util.crypto.AbstractSecureHasher - The provided dynamic salt length 1 is below the recommended minimum 16
[main] INFO org.apache.nifi.security.util.crypto.Argon2CipherProviderGroovyTest - [EXPECTED] java.lang.IllegalArgumentException: The raw salt must be greater than or equal to 8 bytes
[main] INFO org.apache.nifi.security.util.crypto.Argon2CipherProviderGroovyTest - Checking salt $2a$10$
[main] WARN org.apache.nifi.security.util.crypto.Argon2SecureHasher - The provided memory size 1024 KiB is below the recommended minimum 65536 KiB.
[main] WARN org.apache.nifi.security.util.crypto.Argon2SecureHasher - The provided parallelization factor 1 is below the recommended minimum 8.
[main] WARN org.apache.nifi.security.util.crypto.Argon2SecureHasher - The provided iteration count 3 is below the recommended minimum 5.
[main] WARN org.apache.nifi.security.util.crypto.AbstractSecureHasher - The provided dynamic salt length 7 is below the recommended minimum 16
[main] INFO org.apache.nifi.security.util.crypto.Argon2CipherProviderGroovyTest - [EXPECTED] java.lang.IllegalArgumentException: The raw salt must be greater than or equal to 8 bytes
]]></system-err>
  </testcase>
  <testcase name="testGetCipherShouldNotAcceptInvalidSalts" classname="org.apache.nifi.security.util.crypto.Argon2CipherProviderGroovyTest" time="0.001">
    <system-err><![CDATA[[main] WARN org.apache.nifi.security.util.crypto.Argon2CipherProvider - The provided memory size 1024 KiB is below the recommended minimum 65536 KiB
[main] WARN org.apache.nifi.security.util.crypto.Argon2CipherProvider - The provided parallelization factor 1 is below the recommended minimum 8
[main] WARN org.apache.nifi.security.util.crypto.Argon2CipherProvider - The provided iterations count 3 is below the recommended minimum 5
[main] INFO org.apache.nifi.security.util.crypto.Argon2CipherProviderGroovyTest - Using algorithm: AES/CBC/PKCS7Padding
[main] INFO org.apache.nifi.security.util.crypto.Argon2CipherProviderGroovyTest - Checking salt argon2
[main] WARN org.apache.nifi.security.util.crypto.Argon2SecureHasher - The provided memory size 1024 KiB is below the recommended minimum 65536 KiB.
[main] WARN org.apache.nifi.security.util.crypto.Argon2SecureHasher - The provided parallelization factor 1 is below the recommended minimum 8.
[main] WARN org.apache.nifi.security.util.crypto.Argon2SecureHasher - The provided iteration count 3 is below the recommended minimum 5.
[main] WARN org.apache.nifi.security.util.crypto.AbstractSecureHasher - The provided dynamic salt length 6 is below the recommended minimum 16
[main] INFO org.apache.nifi.security.util.crypto.Argon2CipherProviderGroovyTest - [EXPECTED] java.lang.IllegalArgumentException: The raw salt must be greater than or equal to 8 bytes
[main] INFO org.apache.nifi.security.util.crypto.Argon2CipherProviderGroovyTest - Checking salt $3a$11$
[main] WARN org.apache.nifi.security.util.crypto.Argon2SecureHasher - The provided memory size 1024 KiB is below the recommended minimum 65536 KiB.
[main] WARN org.apache.nifi.security.util.crypto.Argon2SecureHasher - The provided parallelization factor 1 is below the recommended minimum 8.
[main] WARN org.apache.nifi.security.util.crypto.Argon2SecureHasher - The provided iteration count 3 is below the recommended minimum 5.
[main] WARN org.apache.nifi.security.util.crypto.AbstractSecureHasher - The provided dynamic salt length 7 is below the recommended minimum 16
[main] INFO org.apache.nifi.security.util.crypto.Argon2CipherProviderGroovyTest - [EXPECTED] java.lang.IllegalArgumentException: The raw salt must be greater than or equal to 8 bytes
[main] INFO org.apache.nifi.security.util.crypto.Argon2CipherProviderGroovyTest - Checking salt x
[main] WARN org.apache.nifi.security.util.crypto.Argon2SecureHasher - The provided memory size 1024 KiB is below the recommended minimum 65536 KiB.
[main] WARN org.apache.nifi.security.util.crypto.Argon2SecureHasher - The provided parallelization factor 1 is below the recommended minimum 8.
[main] WARN org.apache.nifi.security.util.crypto.Argon2SecureHasher - The provided iteration count 3 is below the recommended minimum 5.
[main] WARN org.apache.nifi.security.util.crypto.AbstractSecureHasher - The provided dynamic salt length 1 is below the recommended minimum 16
[main] INFO org.apache.nifi.security.util.crypto.Argon2CipherProviderGroovyTest - [EXPECTED] java.lang.IllegalArgumentException: The raw salt must be greater than or equal to 8 bytes
[main] INFO org.apache.nifi.security.util.crypto.Argon2CipherProviderGroovyTest - Checking salt $2a$10$
[main] WARN org.apache.nifi.security.util.crypto.Argon2SecureHasher - The provided memory size 1024 KiB is below the recommended minimum 65536 KiB.
[main] WARN org.apache.nifi.security.util.crypto.Argon2SecureHasher - The provided parallelization factor 1 is below the recommended minimum 8.
[main] WARN org.apache.nifi.security.util.crypto.Argon2SecureHasher - The provided iteration count 3 is below the recommended minimum 5.
[main] WARN org.apache.nifi.security.util.crypto.AbstractSecureHasher - The provided dynamic salt length 7 is below the recommended minimum 16
[main] INFO org.apache.nifi.security.util.crypto.Argon2CipherProviderGroovyTest - [EXPECTED] java.lang.IllegalArgumentException: The raw salt must be greater than or equal to 8 bytes
]]></system-err>
  </testcase>
  <testcase name="testGetCipherWithUnlimitedStrengthShouldBeInternallyConsistent" classname="org.apache.nifi.security.util.crypto.Argon2CipherProviderGroovyTest" time="0.021">
    <system-err><![CDATA[[main] WARN org.apache.nifi.security.util.crypto.Argon2CipherProvider - The provided memory size 1024 KiB is below the recommended minimum 65536 KiB
[main] WARN org.apache.nifi.security.util.crypto.Argon2CipherProvider - The provided parallelization factor 1 is below the recommended minimum 8
[main] WARN org.apache.nifi.security.util.crypto.Argon2CipherProvider - The provided iterations count 3 is below the recommended minimum 5
[main] INFO org.apache.nifi.security.util.crypto.Argon2CipherProviderGroovyTest - Using algorithm: AES/CBC/NoPadding
[main] WARN org.apache.nifi.security.util.crypto.Argon2SecureHasher - The provided memory size 1024 KiB is below the recommended minimum 65536 KiB.
[main] WARN org.apache.nifi.security.util.crypto.Argon2SecureHasher - The provided parallelization factor 1 is below the recommended minimum 8.
[main] WARN org.apache.nifi.security.util.crypto.Argon2SecureHasher - The provided iteration count 3 is below the recommended minimum 5.
[main] WARN org.apache.nifi.security.util.crypto.AESKeyedCipherProvider - An IV was provided of length 0 bytes for encryption but should be 16 bytes
[main] WARN org.apache.nifi.security.util.crypto.AESKeyedCipherProvider - Generating new IV. The value can be obtained in the calling code by invoking 'cipher.getIV()';
[main] INFO org.apache.nifi.security.util.crypto.Argon2CipherProviderGroovyTest - IV: f8e45967478fdc60820da90e675e0baf
[main] INFO org.apache.nifi.security.util.crypto.Argon2CipherProviderGroovyTest - Cipher text: c8ec8d0728c2ee087e1c2242663e4c42cfc3675182049520d4306356b7845805 32
[main] WARN org.apache.nifi.security.util.crypto.Argon2SecureHasher - The provided memory size 1024 KiB is below the recommended minimum 65536 KiB.
[main] WARN org.apache.nifi.security.util.crypto.Argon2SecureHasher - The provided parallelization factor 1 is below the recommended minimum 8.
[main] WARN org.apache.nifi.security.util.crypto.Argon2SecureHasher - The provided iteration count 3 is below the recommended minimum 5.
[main] INFO org.apache.nifi.security.util.crypto.Argon2CipherProviderGroovyTest - Recovered: ExactBlockSizeRequiredForProcess
[main] INFO org.apache.nifi.security.util.crypto.Argon2CipherProviderGroovyTest - Using algorithm: AES/CBC/PKCS7Padding
[main] WARN org.apache.nifi.security.util.crypto.Argon2SecureHasher - The provided memory size 1024 KiB is below the recommended minimum 65536 KiB.
[main] WARN org.apache.nifi.security.util.crypto.Argon2SecureHasher - The provided parallelization factor 1 is below the recommended minimum 8.
[main] WARN org.apache.nifi.security.util.crypto.Argon2SecureHasher - The provided iteration count 3 is below the recommended minimum 5.
[main] WARN org.apache.nifi.security.util.crypto.AESKeyedCipherProvider - An IV was provided of length 0 bytes for encryption but should be 16 bytes
[main] WARN org.apache.nifi.security.util.crypto.AESKeyedCipherProvider - Generating new IV. The value can be obtained in the calling code by invoking 'cipher.getIV()';
[main] INFO org.apache.nifi.security.util.crypto.Argon2CipherProviderGroovyTest - IV: 7dae17bb571620337c9ce778fe64df18
[main] INFO org.apache.nifi.security.util.crypto.Argon2CipherProviderGroovyTest - Cipher text: c591ab8f19ca91415f8365d3409ad43c412c406dfdcdd9ff7c38ac7c462228ca0f76d1729fbdaa256be4f067b2d94051 48
[main] WARN org.apache.nifi.security.util.crypto.Argon2SecureHasher - The provided memory size 1024 KiB is below the recommended minimum 65536 KiB.
[main] WARN org.apache.nifi.security.util.crypto.Argon2SecureHasher - The provided parallelization factor 1 is below the recommended minimum 8.
[main] WARN org.apache.nifi.security.util.crypto.Argon2SecureHasher - The provided iteration count 3 is below the recommended minimum 5.
[main] INFO org.apache.nifi.security.util.crypto.Argon2CipherProviderGroovyTest - Recovered: ExactBlockSizeRequiredForProcess
[main] INFO org.apache.nifi.security.util.crypto.Argon2CipherProviderGroovyTest - Using algorithm: AES/CTR/NoPadding
[main] WARN org.apache.nifi.security.util.crypto.Argon2SecureHasher - The provided memory size 1024 KiB is below the recommended minimum 65536 KiB.
[main] WARN org.apache.nifi.security.util.crypto.Argon2SecureHasher - The provided parallelization factor 1 is below the recommended minimum 8.
[main] WARN org.apache.nifi.security.util.crypto.Argon2SecureHasher - The provided iteration count 3 is below the recommended minimum 5.
[main] WARN org.apache.nifi.security.util.crypto.AESKeyedCipherProvider - An IV was provided of length 0 bytes for encryption but should be 16 bytes
[main] WARN org.apache.nifi.security.util.crypto.AESKeyedCipherProvider - Generating new IV. The value can be obtained in the calling code by invoking 'cipher.getIV()';
[main] INFO org.apache.nifi.security.util.crypto.Argon2CipherProviderGroovyTest - IV: c757f7844a4fe6ee635770acdea8e3dc
[main] INFO org.apache.nifi.security.util.crypto.Argon2CipherProviderGroovyTest - Cipher text: 2ef3e54cb00ade72618396ddf56ae023895516e62945b1746411b9fb2f031cac 32
[main] WARN org.apache.nifi.security.util.crypto.Argon2SecureHasher - The provided memory size 1024 KiB is below the recommended minimum 65536 KiB.
[main] WARN org.apache.nifi.security.util.crypto.Argon2SecureHasher - The provided parallelization factor 1 is below the recommended minimum 8.
[main] WARN org.apache.nifi.security.util.crypto.Argon2SecureHasher - The provided iteration count 3 is below the recommended minimum 5.
[main] INFO org.apache.nifi.security.util.crypto.Argon2CipherProviderGroovyTest - Recovered: ExactBlockSizeRequiredForProcess
[main] INFO org.apache.nifi.security.util.crypto.Argon2CipherProviderGroovyTest - Using algorithm: AES/GCM/NoPadding
[main] WARN org.apache.nifi.security.util.crypto.Argon2SecureHasher - The provided memory size 1024 KiB is below the recommended minimum 65536 KiB.
[main] WARN org.apache.nifi.security.util.crypto.Argon2SecureHasher - The provided parallelization factor 1 is below the recommended minimum 8.
[main] WARN org.apache.nifi.security.util.crypto.Argon2SecureHasher - The provided iteration count 3 is below the recommended minimum 5.
[main] WARN org.apache.nifi.security.util.crypto.AESKeyedCipherProvider - An IV was provided of length 0 bytes for encryption but should be 16 bytes
[main] WARN org.apache.nifi.security.util.crypto.AESKeyedCipherProvider - Generating new IV. The value can be obtained in the calling code by invoking 'cipher.getIV()';
[main] INFO org.apache.nifi.security.util.crypto.Argon2CipherProviderGroovyTest - IV: 056ac4eaaab88e6cea07343c2cb41d20
[main] INFO org.apache.nifi.security.util.crypto.Argon2CipherProviderGroovyTest - Cipher text: a32216f57097e3b71e28dee831bf1a8aba9d1fb1cd1a2f75cb751a1a20dbe5e1d05b52647f6aeed730dca8693795af96 48
[main] WARN org.apache.nifi.security.util.crypto.Argon2SecureHasher - The provided memory size 1024 KiB is below the recommended minimum 65536 KiB.
[main] WARN org.apache.nifi.security.util.crypto.Argon2SecureHasher - The provided parallelization factor 1 is below the recommended minimum 8.
[main] WARN org.apache.nifi.security.util.crypto.Argon2SecureHasher - The provided iteration count 3 is below the recommended minimum 5.
[main] INFO org.apache.nifi.security.util.crypto.Argon2CipherProviderGroovyTest - Recovered: ExactBlockSizeRequiredForProcess
]]></system-err>
  </testcase>
  <testcase name="testGetCipherWithUnlimitedStrengthShouldBeInternallyConsistent" classname="org.apache.nifi.security.util.crypto.Argon2CipherProviderGroovyTest" time="0.021">
    <system-err><![CDATA[[main] WARN org.apache.nifi.security.util.crypto.Argon2CipherProvider - The provided memory size 1024 KiB is below the recommended minimum 65536 KiB
[main] WARN org.apache.nifi.security.util.crypto.Argon2CipherProvider - The provided parallelization factor 1 is below the recommended minimum 8
[main] WARN org.apache.nifi.security.util.crypto.Argon2CipherProvider - The provided iterations count 3 is below the recommended minimum 5
[main] INFO org.apache.nifi.security.util.crypto.Argon2CipherProviderGroovyTest - Using algorithm: AES/CBC/NoPadding
[main] WARN org.apache.nifi.security.util.crypto.Argon2SecureHasher - The provided memory size 1024 KiB is below the recommended minimum 65536 KiB.
[main] WARN org.apache.nifi.security.util.crypto.Argon2SecureHasher - The provided parallelization factor 1 is below the recommended minimum 8.
[main] WARN org.apache.nifi.security.util.crypto.Argon2SecureHasher - The provided iteration count 3 is below the recommended minimum 5.
[main] WARN org.apache.nifi.security.util.crypto.AESKeyedCipherProvider - An IV was provided of length 0 bytes for encryption but should be 16 bytes
[main] WARN org.apache.nifi.security.util.crypto.AESKeyedCipherProvider - Generating new IV. The value can be obtained in the calling code by invoking 'cipher.getIV()';
[main] INFO org.apache.nifi.security.util.crypto.Argon2CipherProviderGroovyTest - IV: 0402d8f0969581ba3d83455e12f8832a
[main] INFO org.apache.nifi.security.util.crypto.Argon2CipherProviderGroovyTest - Cipher text: 8a20e530d3a734b3632fcf5ad281e4acaedae9fac5cf9e49a3ba10c60b9f7aff 32
[main] WARN org.apache.nifi.security.util.crypto.Argon2SecureHasher - The provided memory size 1024 KiB is below the recommended minimum 65536 KiB.
[main] WARN org.apache.nifi.security.util.crypto.Argon2SecureHasher - The provided parallelization factor 1 is below the recommended minimum 8.
[main] WARN org.apache.nifi.security.util.crypto.Argon2SecureHasher - The provided iteration count 3 is below the recommended minimum 5.
[main] INFO org.apache.nifi.security.util.crypto.Argon2CipherProviderGroovyTest - Recovered: ExactBlockSizeRequiredForProcess
[main] INFO org.apache.nifi.security.util.crypto.Argon2CipherProviderGroovyTest - Using algorithm: AES/CBC/PKCS7Padding
[main] WARN org.apache.nifi.security.util.crypto.Argon2SecureHasher - The provided memory size 1024 KiB is below the recommended minimum 65536 KiB.
[main] WARN org.apache.nifi.security.util.crypto.Argon2SecureHasher - The provided parallelization factor 1 is below the recommended minimum 8.
[main] WARN org.apache.nifi.security.util.crypto.Argon2SecureHasher - The provided iteration count 3 is below the recommended minimum 5.
[main] WARN org.apache.nifi.security.util.crypto.AESKeyedCipherProvider - An IV was provided of length 0 bytes for encryption but should be 16 bytes
[main] WARN org.apache.nifi.security.util.crypto.AESKeyedCipherProvider - Generating new IV. The value can be obtained in the calling code by invoking 'cipher.getIV()';
[main] INFO org.apache.nifi.security.util.crypto.Argon2CipherProviderGroovyTest - IV: b56f9f2e2ce6e382e214cb8166252205
[main] INFO org.apache.nifi.security.util.crypto.Argon2CipherProviderGroovyTest - Cipher text: 972df9085a203f6fe0de765bd1cdfb8e1eb86492ce5d86e707063003aa56c3d6a062ed436c0d254069708d46503b3ed6 48
[main] WARN org.apache.nifi.security.util.crypto.Argon2SecureHasher - The provided memory size 1024 KiB is below the recommended minimum 65536 KiB.
[main] WARN org.apache.nifi.security.util.crypto.Argon2SecureHasher - The provided parallelization factor 1 is below the recommended minimum 8.
[main] WARN org.apache.nifi.security.util.crypto.Argon2SecureHasher - The provided iteration count 3 is below the recommended minimum 5.
[main] INFO org.apache.nifi.security.util.crypto.Argon2CipherProviderGroovyTest - Recovered: ExactBlockSizeRequiredForProcess
[main] INFO org.apache.nifi.security.util.crypto.Argon2CipherProviderGroovyTest - Using algorithm: AES/CTR/NoPadding
[main] WARN org.apache.nifi.security.util.crypto.Argon2SecureHasher - The provided memory size 1024 KiB is below the recommended minimum 65536 KiB.
[main] WARN org.apache.nifi.security.util.crypto.Argon2SecureHasher - The provided parallelization factor 1 is below the recommended minimum 8.
[main] WARN org.apache.nifi.security.util.crypto.Argon2SecureHasher - The provided iteration count 3 is below the recommended minimum 5.
[main] WARN org.apache.nifi.security.util.crypto.AESKeyedCipherProvider - An IV was provided of length 0 bytes for encryption but should be 16 bytes
[main] WARN org.apache.nifi.security.util.crypto.AESKeyedCipherProvider - Generating new IV. The value can be obtained in the calling code by invoking 'cipher.getIV()';
[main] INFO org.apache.nifi.security.util.crypto.Argon2CipherProviderGroovyTest - IV: e40349ca4921968bd717ab3255188374
[main] INFO org.apache.nifi.security.util.crypto.Argon2CipherProviderGroovyTest - Cipher text: 85b8f60be2a7df86e46948530b000079ac015f8608dcef47e9d42fe3d77cd0a1 32
[main] WARN org.apache.nifi.security.util.crypto.Argon2SecureHasher - The provided memory size 1024 KiB is below the recommended minimum 65536 KiB.
[main] WARN org.apache.nifi.security.util.crypto.Argon2SecureHasher - The provided parallelization factor 1 is below the recommended minimum 8.
[main] WARN org.apache.nifi.security.util.crypto.Argon2SecureHasher - The provided iteration count 3 is below the recommended minimum 5.
[main] INFO org.apache.nifi.security.util.crypto.Argon2CipherProviderGroovyTest - Recovered: ExactBlockSizeRequiredForProcess
[main] INFO org.apache.nifi.security.util.crypto.Argon2CipherProviderGroovyTest - Using algorithm: AES/GCM/NoPadding
[main] WARN org.apache.nifi.security.util.crypto.Argon2SecureHasher - The provided memory size 1024 KiB is below the recommended minimum 65536 KiB.
[main] WARN org.apache.nifi.security.util.crypto.Argon2SecureHasher - The provided parallelization factor 1 is below the recommended minimum 8.
[main] WARN org.apache.nifi.security.util.crypto.Argon2SecureHasher - The provided iteration count 3 is below the recommended minimum 5.
[main] WARN org.apache.nifi.security.util.crypto.AESKeyedCipherProvider - An IV was provided of length 0 bytes for encryption but should be 16 bytes
[main] WARN org.apache.nifi.security.util.crypto.AESKeyedCipherProvider - Generating new IV. The value can be obtained in the calling code by invoking 'cipher.getIV()';
[main] INFO org.apache.nifi.security.util.crypto.Argon2CipherProviderGroovyTest - IV: 1c44f72fd746539a9db7cfe3f9c1aab2
[main] INFO org.apache.nifi.security.util.crypto.Argon2CipherProviderGroovyTest - Cipher text: 66260d00ac0902b777e3522af8a77b6e97c04ab327d24b167eedfd4ee1b234fc653084565042a954c75be8b1998dc29c 48
[main] WARN org.apache.nifi.security.util.crypto.Argon2SecureHasher - The provided memory size 1024 KiB is below the recommended minimum 65536 KiB.
[main] WARN org.apache.nifi.security.util.crypto.Argon2SecureHasher - The provided parallelization factor 1 is below the recommended minimum 8.
[main] WARN org.apache.nifi.security.util.crypto.Argon2SecureHasher - The provided iteration count 3 is below the recommended minimum 5.
[main] INFO org.apache.nifi.security.util.crypto.Argon2CipherProviderGroovyTest - Recovered: ExactBlockSizeRequiredForProcess
]]></system-err>
  </testcase>
  <testcase name="testGetCipherShouldBeInternallyConsistent" classname="org.apache.nifi.security.util.crypto.Argon2CipherProviderGroovyTest" time="0.024">
    <system-err><![CDATA[[main] WARN org.apache.nifi.security.util.crypto.Argon2CipherProvider - The provided memory size 1024 KiB is below the recommended minimum 65536 KiB
[main] WARN org.apache.nifi.security.util.crypto.Argon2CipherProvider - The provided parallelization factor 1 is below the recommended minimum 8
[main] WARN org.apache.nifi.security.util.crypto.Argon2CipherProvider - The provided iterations count 3 is below the recommended minimum 5
[main] INFO org.apache.nifi.security.util.crypto.Argon2CipherProviderGroovyTest - Using algorithm: AES/CBC/NoPadding
[main] WARN org.apache.nifi.security.util.crypto.Argon2SecureHasher - The provided memory size 1024 KiB is below the recommended minimum 65536 KiB.
[main] WARN org.apache.nifi.security.util.crypto.Argon2SecureHasher - The provided parallelization factor 1 is below the recommended minimum 8.
[main] WARN org.apache.nifi.security.util.crypto.Argon2SecureHasher - The provided iteration count 3 is below the recommended minimum 5.
[main] WARN org.apache.nifi.security.util.crypto.AESKeyedCipherProvider - An IV was provided of length 0 bytes for encryption but should be 16 bytes
[main] WARN org.apache.nifi.security.util.crypto.AESKeyedCipherProvider - Generating new IV. The value can be obtained in the calling code by invoking 'cipher.getIV()';
[main] INFO org.apache.nifi.security.util.crypto.Argon2CipherProviderGroovyTest - IV: 54e6d1b0d32a80c3c9fecef5a8d93323
[main] INFO org.apache.nifi.security.util.crypto.Argon2CipherProviderGroovyTest - Cipher text: 2bb3b90d0fe6b2a6bfcb2359edf3158368aad0941617335cdc2d4f353d19e8ca 32
[main] WARN org.apache.nifi.security.util.crypto.Argon2SecureHasher - The provided memory size 1024 KiB is below the recommended minimum 65536 KiB.
[main] WARN org.apache.nifi.security.util.crypto.Argon2SecureHasher - The provided parallelization factor 1 is below the recommended minimum 8.
[main] WARN org.apache.nifi.security.util.crypto.Argon2SecureHasher - The provided iteration count 3 is below the recommended minimum 5.
[main] INFO org.apache.nifi.security.util.crypto.Argon2CipherProviderGroovyTest - Recovered: ExactBlockSizeRequiredForProcess
[main] INFO org.apache.nifi.security.util.crypto.Argon2CipherProviderGroovyTest - Using algorithm: AES/CBC/PKCS7Padding
[main] WARN org.apache.nifi.security.util.crypto.Argon2SecureHasher - The provided memory size 1024 KiB is below the recommended minimum 65536 KiB.
[main] WARN org.apache.nifi.security.util.crypto.Argon2SecureHasher - The provided parallelization factor 1 is below the recommended minimum 8.
[main] WARN org.apache.nifi.security.util.crypto.Argon2SecureHasher - The provided iteration count 3 is below the recommended minimum 5.
[main] WARN org.apache.nifi.security.util.crypto.AESKeyedCipherProvider - An IV was provided of length 0 bytes for encryption but should be 16 bytes
[main] WARN org.apache.nifi.security.util.crypto.AESKeyedCipherProvider - Generating new IV. The value can be obtained in the calling code by invoking 'cipher.getIV()';
[main] INFO org.apache.nifi.security.util.crypto.Argon2CipherProviderGroovyTest - IV: 8bf669c3efffbe6212d4b998e14a4f05
[main] INFO org.apache.nifi.security.util.crypto.Argon2CipherProviderGroovyTest - Cipher text: ba27a24647386e1ff424532f4882d6aeac96d05501dfb9e59a323ec5f3b0b21ad228e578546f009a4695fcf583d5f3db 48
[main] WARN org.apache.nifi.security.util.crypto.Argon2SecureHasher - The provided memory size 1024 KiB is below the recommended minimum 65536 KiB.
[main] WARN org.apache.nifi.security.util.crypto.Argon2SecureHasher - The provided parallelization factor 1 is below the recommended minimum 8.
[main] WARN org.apache.nifi.security.util.crypto.Argon2SecureHasher - The provided iteration count 3 is below the recommended minimum 5.
[main] INFO org.apache.nifi.security.util.crypto.Argon2CipherProviderGroovyTest - Recovered: ExactBlockSizeRequiredForProcess
[main] INFO org.apache.nifi.security.util.crypto.Argon2CipherProviderGroovyTest - Using algorithm: AES/CTR/NoPadding
[main] WARN org.apache.nifi.security.util.crypto.Argon2SecureHasher - The provided memory size 1024 KiB is below the recommended minimum 65536 KiB.
[main] WARN org.apache.nifi.security.util.crypto.Argon2SecureHasher - The provided parallelization factor 1 is below the recommended minimum 8.
[main] WARN org.apache.nifi.security.util.crypto.Argon2SecureHasher - The provided iteration count 3 is below the recommended minimum 5.
[main] WARN org.apache.nifi.security.util.crypto.AESKeyedCipherProvider - An IV was provided of length 0 bytes for encryption but should be 16 bytes
[main] WARN org.apache.nifi.security.util.crypto.AESKeyedCipherProvider - Generating new IV. The value can be obtained in the calling code by invoking 'cipher.getIV()';
[main] INFO org.apache.nifi.security.util.crypto.Argon2CipherProviderGroovyTest - IV: 6a36584638a4e51867337548b438acec
[main] INFO org.apache.nifi.security.util.crypto.Argon2CipherProviderGroovyTest - Cipher text: 6a9e05826e0b5973eff976d1fdb6d349853d51992887b5611a3162a0ef385c33 32
[main] WARN org.apache.nifi.security.util.crypto.Argon2SecureHasher - The provided memory size 1024 KiB is below the recommended minimum 65536 KiB.
[main] WARN org.apache.nifi.security.util.crypto.Argon2SecureHasher - The provided parallelization factor 1 is below the recommended minimum 8.
[main] WARN org.apache.nifi.security.util.crypto.Argon2SecureHasher - The provided iteration count 3 is below the recommended minimum 5.
[main] INFO org.apache.nifi.security.util.crypto.Argon2CipherProviderGroovyTest - Recovered: ExactBlockSizeRequiredForProcess
[main] INFO org.apache.nifi.security.util.crypto.Argon2CipherProviderGroovyTest - Using algorithm: AES/GCM/NoPadding
[main] WARN org.apache.nifi.security.util.crypto.Argon2SecureHasher - The provided memory size 1024 KiB is below the recommended minimum 65536 KiB.
[main] WARN org.apache.nifi.security.util.crypto.Argon2SecureHasher - The provided parallelization factor 1 is below the recommended minimum 8.
[main] WARN org.apache.nifi.security.util.crypto.Argon2SecureHasher - The provided iteration count 3 is below the recommended minimum 5.
[main] WARN org.apache.nifi.security.util.crypto.AESKeyedCipherProvider - An IV was provided of length 0 bytes for encryption but should be 16 bytes
[main] WARN org.apache.nifi.security.util.crypto.AESKeyedCipherProvider - Generating new IV. The value can be obtained in the calling code by invoking 'cipher.getIV()';
[main] INFO org.apache.nifi.security.util.crypto.Argon2CipherProviderGroovyTest - IV: 67542936dbaaef3b01405e976dd9a827
[main] INFO org.apache.nifi.security.util.crypto.Argon2CipherProviderGroovyTest - Cipher text: 04236ffc319b2af7e420db07dc95c95b515247ab340081540521ca1642d0e881acbef1d0389daf0bdb36e401d5fe42f0 48
[main] WARN org.apache.nifi.security.util.crypto.Argon2SecureHasher - The provided memory size 1024 KiB is below the recommended minimum 65536 KiB.
[main] WARN org.apache.nifi.security.util.crypto.Argon2SecureHasher - The provided parallelization factor 1 is below the recommended minimum 8.
[main] WARN org.apache.nifi.security.util.crypto.Argon2SecureHasher - The provided iteration count 3 is below the recommended minimum 5.
[main] INFO org.apache.nifi.security.util.crypto.Argon2CipherProviderGroovyTest - Recovered: ExactBlockSizeRequiredForProcess
]]></system-err>
  </testcase>
  <testcase name="testGetCipherShouldBeInternallyConsistent" classname="org.apache.nifi.security.util.crypto.Argon2CipherProviderGroovyTest" time="0.02">
    <system-err><![CDATA[[main] WARN org.apache.nifi.security.util.crypto.Argon2CipherProvider - The provided memory size 1024 KiB is below the recommended minimum 65536 KiB
[main] WARN org.apache.nifi.security.util.crypto.Argon2CipherProvider - The provided parallelization factor 1 is below the recommended minimum 8
[main] WARN org.apache.nifi.security.util.crypto.Argon2CipherProvider - The provided iterations count 3 is below the recommended minimum 5
[main] INFO org.apache.nifi.security.util.crypto.Argon2CipherProviderGroovyTest - Using algorithm: AES/CBC/NoPadding
[main] WARN org.apache.nifi.security.util.crypto.Argon2SecureHasher - The provided memory size 1024 KiB is below the recommended minimum 65536 KiB.
[main] WARN org.apache.nifi.security.util.crypto.Argon2SecureHasher - The provided parallelization factor 1 is below the recommended minimum 8.
[main] WARN org.apache.nifi.security.util.crypto.Argon2SecureHasher - The provided iteration count 3 is below the recommended minimum 5.
[main] WARN org.apache.nifi.security.util.crypto.AESKeyedCipherProvider - An IV was provided of length 0 bytes for encryption but should be 16 bytes
[main] WARN org.apache.nifi.security.util.crypto.AESKeyedCipherProvider - Generating new IV. The value can be obtained in the calling code by invoking 'cipher.getIV()';
[main] INFO org.apache.nifi.security.util.crypto.Argon2CipherProviderGroovyTest - IV: e8cc24dea26f1eda84d2e8ae36598e28
[main] INFO org.apache.nifi.security.util.crypto.Argon2CipherProviderGroovyTest - Cipher text: ba4717ec21e01a62e3336eb44d2712522215744d64a75e6422bc947ffc2fa8c9 32
[main] WARN org.apache.nifi.security.util.crypto.Argon2SecureHasher - The provided memory size 1024 KiB is below the recommended minimum 65536 KiB.
[main] WARN org.apache.nifi.security.util.crypto.Argon2SecureHasher - The provided parallelization factor 1 is below the recommended minimum 8.
[main] WARN org.apache.nifi.security.util.crypto.Argon2SecureHasher - The provided iteration count 3 is below the recommended minimum 5.
[main] INFO org.apache.nifi.security.util.crypto.Argon2CipherProviderGroovyTest - Recovered: ExactBlockSizeRequiredForProcess
[main] INFO org.apache.nifi.security.util.crypto.Argon2CipherProviderGroovyTest - Using algorithm: AES/CBC/PKCS7Padding
[main] WARN org.apache.nifi.security.util.crypto.Argon2SecureHasher - The provided memory size 1024 KiB is below the recommended minimum 65536 KiB.
[main] WARN org.apache.nifi.security.util.crypto.Argon2SecureHasher - The provided parallelization factor 1 is below the recommended minimum 8.
[main] WARN org.apache.nifi.security.util.crypto.Argon2SecureHasher - The provided iteration count 3 is below the recommended minimum 5.
[main] WARN org.apache.nifi.security.util.crypto.AESKeyedCipherProvider - An IV was provided of length 0 bytes for encryption but should be 16 bytes
[main] WARN org.apache.nifi.security.util.crypto.AESKeyedCipherProvider - Generating new IV. The value can be obtained in the calling code by invoking 'cipher.getIV()';
[main] INFO org.apache.nifi.security.util.crypto.Argon2CipherProviderGroovyTest - IV: 791980c66da57b2514349ba4c47a840e
[main] INFO org.apache.nifi.security.util.crypto.Argon2CipherProviderGroovyTest - Cipher text: b77ec77187d1a8c6855390db360de445e3c68c80afca23778a70f0f1934f7af7d232698be52abcee81444410f665d725 48
[main] WARN org.apache.nifi.security.util.crypto.Argon2SecureHasher - The provided memory size 1024 KiB is below the recommended minimum 65536 KiB.
[main] WARN org.apache.nifi.security.util.crypto.Argon2SecureHasher - The provided parallelization factor 1 is below the recommended minimum 8.
[main] WARN org.apache.nifi.security.util.crypto.Argon2SecureHasher - The provided iteration count 3 is below the recommended minimum 5.
[main] INFO org.apache.nifi.security.util.crypto.Argon2CipherProviderGroovyTest - Recovered: ExactBlockSizeRequiredForProcess
[main] INFO org.apache.nifi.security.util.crypto.Argon2CipherProviderGroovyTest - Using algorithm: AES/CTR/NoPadding
[main] WARN org.apache.nifi.security.util.crypto.Argon2SecureHasher - The provided memory size 1024 KiB is below the recommended minimum 65536 KiB.
[main] WARN org.apache.nifi.security.util.crypto.Argon2SecureHasher - The provided parallelization factor 1 is below the recommended minimum 8.
[main] WARN org.apache.nifi.security.util.crypto.Argon2SecureHasher - The provided iteration count 3 is below the recommended minimum 5.
[main] WARN org.apache.nifi.security.util.crypto.AESKeyedCipherProvider - An IV was provided of length 0 bytes for encryption but should be 16 bytes
[main] WARN org.apache.nifi.security.util.crypto.AESKeyedCipherProvider - Generating new IV. The value can be obtained in the calling code by invoking 'cipher.getIV()';
[main] INFO org.apache.nifi.security.util.crypto.Argon2CipherProviderGroovyTest - IV: 568fcfea403dbbcbff7d417d3ea7802a
[main] INFO org.apache.nifi.security.util.crypto.Argon2CipherProviderGroovyTest - Cipher text: 4cce41e8da9c60755b5978790daed43910f2379c036ab5a5118913b2e04856ad 32
[main] WARN org.apache.nifi.security.util.crypto.Argon2SecureHasher - The provided memory size 1024 KiB is below the recommended minimum 65536 KiB.
[main] WARN org.apache.nifi.security.util.crypto.Argon2SecureHasher - The provided parallelization factor 1 is below the recommended minimum 8.
[main] WARN org.apache.nifi.security.util.crypto.Argon2SecureHasher - The provided iteration count 3 is below the recommended minimum 5.
[main] INFO org.apache.nifi.security.util.crypto.Argon2CipherProviderGroovyTest - Recovered: ExactBlockSizeRequiredForProcess
[main] INFO org.apache.nifi.security.util.crypto.Argon2CipherProviderGroovyTest - Using algorithm: AES/GCM/NoPadding
[main] WARN org.apache.nifi.security.util.crypto.Argon2SecureHasher - The provided memory size 1024 KiB is below the recommended minimum 65536 KiB.
[main] WARN org.apache.nifi.security.util.crypto.Argon2SecureHasher - The provided parallelization factor 1 is below the recommended minimum 8.
[main] WARN org.apache.nifi.security.util.crypto.Argon2SecureHasher - The provided iteration count 3 is below the recommended minimum 5.
[main] WARN org.apache.nifi.security.util.crypto.AESKeyedCipherProvider - An IV was provided of length 0 bytes for encryption but should be 16 bytes
[main] WARN org.apache.nifi.security.util.crypto.AESKeyedCipherProvider - Generating new IV. The value can be obtained in the calling code by invoking 'cipher.getIV()';
[main] INFO org.apache.nifi.security.util.crypto.Argon2CipherProviderGroovyTest - IV: 11cdb9e2245058a3417c143fbf54f293
[main] INFO org.apache.nifi.security.util.crypto.Argon2CipherProviderGroovyTest - Cipher text: f82d10e972335f6944f52adb7bd37946f894066c52d97ed7702f049e53db5c8ad4099c8a10cb436302640b60ca02539e 48
[main] WARN org.apache.nifi.security.util.crypto.Argon2SecureHasher - The provided memory size 1024 KiB is below the recommended minimum 65536 KiB.
[main] WARN org.apache.nifi.security.util.crypto.Argon2SecureHasher - The provided parallelization factor 1 is below the recommended minimum 8.
[main] WARN org.apache.nifi.security.util.crypto.Argon2SecureHasher - The provided iteration count 3 is below the recommended minimum 5.
[main] INFO org.apache.nifi.security.util.crypto.Argon2CipherProviderGroovyTest - Recovered: ExactBlockSizeRequiredForProcess
]]></system-err>
  </testcase>
  <testcase name="testArgon2ShouldSupportExternalCompatibility" classname="org.apache.nifi.security.util.crypto.Argon2CipherProviderGroovyTest" time="0.003">
    <system-err><![CDATA[[main] WARN org.apache.nifi.security.util.crypto.Argon2CipherProvider - The provided memory size 1024 KiB is below the recommended minimum 65536 KiB
[main] WARN org.apache.nifi.security.util.crypto.Argon2CipherProvider - The provided parallelization factor 1 is below the recommended minimum 8
[main] WARN org.apache.nifi.security.util.crypto.Argon2CipherProvider - The provided iterations count 3 is below the recommended minimum 5
[main] INFO org.apache.nifi.security.util.crypto.Argon2CipherProviderGroovyTest - Expected salt: 68d29a1d8021f45954333767358a2492
[main] INFO org.apache.nifi.security.util.crypto.Argon2CipherProviderGroovyTest - [SANITY] Ruby cipher text: d672412857916880c79d573aa4f9d4971b85f07438d6f62f38a0e31314caa2e5
[main] INFO org.apache.nifi.security.util.crypto.Argon2CipherProviderGroovyTest - [SANITY] Using key: 8caf581795886d38f0c605e3d674f4961c658ee3625a8e8868be36c902d234ef
[main] INFO org.apache.nifi.security.util.crypto.Argon2CipherProviderGroovyTest - [SANITY] Using IV:  808590f35f9fba14dbda9c2bb2b76a79
[main] INFO org.apache.nifi.security.util.crypto.Argon2CipherProviderGroovyTest - [SANITY] Created cipher text: d672412857916880c79d573aa4f9d4971b85f07438d6f62f38a0e31314caa2e5
[main] INFO org.apache.nifi.security.util.crypto.Argon2CipherProviderGroovyTest - [SANITY] Decrypted generated cipher text successfully
[main] INFO org.apache.nifi.security.util.crypto.Argon2CipherProviderGroovyTest - [SANITY] Decrypted external cipher text successfully
[main] INFO org.apache.nifi.security.util.crypto.Argon2CipherProviderGroovyTest - Full Hash: $argon2id$v=19$m=256,t=3,p=1$aNKaHYAh9FlUMzdnNYokkg$jK9YF5WIbTjwxgXj1nT0lhxljuNiWo6IaL42yQLSNO8
[main] INFO org.apache.nifi.security.util.crypto.Argon2CipherProviderGroovyTest - Full salt: $argon2id$v=19$m=256,t=3,p=1$aNKaHYAh9FlUMzdnNYokkg
[main] INFO org.apache.nifi.security.util.crypto.Argon2CipherProviderGroovyTest - hashComponents: [, argon2id, v=19, m=256,t=3,p=1, aNKaHYAh9FlUMzdnNYokkg, jK9YF5WIbTjwxgXj1nT0lhxljuNiWo6IaL42yQLSNO8]
[main] INFO org.apache.nifi.security.util.crypto.Argon2CipherProviderGroovyTest - saltParams: [m:256, t:3, p:1]
[main] INFO org.apache.nifi.security.util.crypto.Argon2CipherProviderGroovyTest - Salt: 68d29a1d8021f45954333767358a2492
[main] INFO org.apache.nifi.security.util.crypto.Argon2CipherProviderGroovyTest - Using algorithm: AES/CBC/PKCS7Padding
[main] INFO org.apache.nifi.security.util.crypto.Argon2CipherProviderGroovyTest - External cipher text: d672412857916880c79d573aa4f9d4971b85f07438d6f62f38a0e31314caa2e5 32
[main] WARN org.apache.nifi.security.util.crypto.Argon2SecureHasher - The provided memory size 256 KiB is below the recommended minimum 65536 KiB.
[main] WARN org.apache.nifi.security.util.crypto.Argon2SecureHasher - The provided parallelization factor 1 is below the recommended minimum 8.
[main] WARN org.apache.nifi.security.util.crypto.Argon2SecureHasher - The provided iteration count 3 is below the recommended minimum 5.
[main] INFO org.apache.nifi.security.util.crypto.Argon2CipherProviderGroovyTest - Recovered: This is a plaintext message.
]]></system-err>
  </testcase>
  <testcase name="testArgon2ShouldSupportExternalCompatibility" classname="org.apache.nifi.security.util.crypto.Argon2CipherProviderGroovyTest" time="0.001">
    <system-err><![CDATA[[main] WARN org.apache.nifi.security.util.crypto.Argon2CipherProvider - The provided memory size 1024 KiB is below the recommended minimum 65536 KiB
[main] WARN org.apache.nifi.security.util.crypto.Argon2CipherProvider - The provided parallelization factor 1 is below the recommended minimum 8
[main] WARN org.apache.nifi.security.util.crypto.Argon2CipherProvider - The provided iterations count 3 is below the recommended minimum 5
[main] INFO org.apache.nifi.security.util.crypto.Argon2CipherProviderGroovyTest - Expected salt: 68d29a1d8021f45954333767358a2492
[main] INFO org.apache.nifi.security.util.crypto.Argon2CipherProviderGroovyTest - [SANITY] Ruby cipher text: d672412857916880c79d573aa4f9d4971b85f07438d6f62f38a0e31314caa2e5
[main] INFO org.apache.nifi.security.util.crypto.Argon2CipherProviderGroovyTest - [SANITY] Using key: 8caf581795886d38f0c605e3d674f4961c658ee3625a8e8868be36c902d234ef
[main] INFO org.apache.nifi.security.util.crypto.Argon2CipherProviderGroovyTest - [SANITY] Using IV:  808590f35f9fba14dbda9c2bb2b76a79
[main] INFO org.apache.nifi.security.util.crypto.Argon2CipherProviderGroovyTest - [SANITY] Created cipher text: d672412857916880c79d573aa4f9d4971b85f07438d6f62f38a0e31314caa2e5
[main] INFO org.apache.nifi.security.util.crypto.Argon2CipherProviderGroovyTest - [SANITY] Decrypted generated cipher text successfully
[main] INFO org.apache.nifi.security.util.crypto.Argon2CipherProviderGroovyTest - [SANITY] Decrypted external cipher text successfully
[main] INFO org.apache.nifi.security.util.crypto.Argon2CipherProviderGroovyTest - Full Hash: $argon2id$v=19$m=256,t=3,p=1$aNKaHYAh9FlUMzdnNYokkg$jK9YF5WIbTjwxgXj1nT0lhxljuNiWo6IaL42yQLSNO8
[main] INFO org.apache.nifi.security.util.crypto.Argon2CipherProviderGroovyTest - Full salt: $argon2id$v=19$m=256,t=3,p=1$aNKaHYAh9FlUMzdnNYokkg
[main] INFO org.apache.nifi.security.util.crypto.Argon2CipherProviderGroovyTest - hashComponents: [, argon2id, v=19, m=256,t=3,p=1, aNKaHYAh9FlUMzdnNYokkg, jK9YF5WIbTjwxgXj1nT0lhxljuNiWo6IaL42yQLSNO8]
[main] INFO org.apache.nifi.security.util.crypto.Argon2CipherProviderGroovyTest - saltParams: [m:256, t:3, p:1]
[main] INFO org.apache.nifi.security.util.crypto.Argon2CipherProviderGroovyTest - Salt: 68d29a1d8021f45954333767358a2492
[main] INFO org.apache.nifi.security.util.crypto.Argon2CipherProviderGroovyTest - Using algorithm: AES/CBC/PKCS7Padding
[main] INFO org.apache.nifi.security.util.crypto.Argon2CipherProviderGroovyTest - External cipher text: d672412857916880c79d573aa4f9d4971b85f07438d6f62f38a0e31314caa2e5 32
[main] WARN org.apache.nifi.security.util.crypto.Argon2SecureHasher - The provided memory size 256 KiB is below the recommended minimum 65536 KiB.
[main] WARN org.apache.nifi.security.util.crypto.Argon2SecureHasher - The provided parallelization factor 1 is below the recommended minimum 8.
[main] WARN org.apache.nifi.security.util.crypto.Argon2SecureHasher - The provided iteration count 3 is below the recommended minimum 5.
[main] INFO org.apache.nifi.security.util.crypto.Argon2CipherProviderGroovyTest - Recovered: This is a plaintext message.
]]></system-err>
  </testcase>
  <testcase name="testShouldRejectInvalidSalt" classname="org.apache.nifi.security.util.crypto.Argon2CipherProviderGroovyTest" time="0.001">
    <system-err><![CDATA[[main] WARN org.apache.nifi.security.util.crypto.Argon2CipherProvider - The provided memory size 1024 KiB is below the recommended minimum 65536 KiB
[main] WARN org.apache.nifi.security.util.crypto.Argon2CipherProvider - The provided parallelization factor 1 is below the recommended minimum 8
[main] WARN org.apache.nifi.security.util.crypto.Argon2CipherProvider - The provided iterations count 3 is below the recommended minimum 5
[main] INFO org.apache.nifi.security.util.crypto.Argon2CipherProviderGroovyTest - Using salt: $argon2id$v=19$m=1024,t=4,p=1$hiKyaQbZyQBmCmD1zGcyMw$rc+ec+/hQeBcwzjH+OEmUtaTUqhZYKN4ZKJtWzFZYjQ
[main] INFO org.apache.nifi.security.util.crypto.Argon2CipherProviderGroovyTest - Argon2 formatted salt: false
]]></system-err>
  </testcase>
  <testcase name="testShouldRejectInvalidSalt" classname="org.apache.nifi.security.util.crypto.Argon2CipherProviderGroovyTest" time="0.001">
    <system-err><![CDATA[[main] WARN org.apache.nifi.security.util.crypto.Argon2CipherProvider - The provided memory size 1024 KiB is below the recommended minimum 65536 KiB
[main] WARN org.apache.nifi.security.util.crypto.Argon2CipherProvider - The provided parallelization factor 1 is below the recommended minimum 8
[main] WARN org.apache.nifi.security.util.crypto.Argon2CipherProvider - The provided iterations count 3 is below the recommended minimum 5
[main] INFO org.apache.nifi.security.util.crypto.Argon2CipherProviderGroovyTest - Using salt: $argon2id$v=19$m=1024,t=4,p=1$hiKyaQbZyQBmCmD1zGcyMw$rc+ec+/hQeBcwzjH+OEmUtaTUqhZYKN4ZKJtWzFZYjQ
[main] INFO org.apache.nifi.security.util.crypto.Argon2CipherProviderGroovyTest - Argon2 formatted salt: false
]]></system-err>
  </testcase>
  <testcase name="testGetCipherShouldHandleUnformattedSalts" classname="org.apache.nifi.security.util.crypto.Argon2CipherProviderGroovyTest" time="0.008">
    <system-err><![CDATA[[main] WARN org.apache.nifi.security.util.crypto.Argon2CipherProvider - The provided memory size 1024 KiB is below the recommended minimum 65536 KiB
[main] WARN org.apache.nifi.security.util.crypto.Argon2CipherProvider - The provided parallelization factor 1 is below the recommended minimum 8
[main] WARN org.apache.nifi.security.util.crypto.Argon2CipherProvider - The provided iterations count 3 is below the recommended minimum 5
[main] INFO org.apache.nifi.security.util.crypto.Argon2CipherProviderGroovyTest - Using algorithm: AES/CBC/PKCS7Padding
[main] INFO org.apache.nifi.security.util.crypto.Argon2CipherProviderGroovyTest - Checking salt $ab$00$acbdefghijklmnopqrstuv
[main] WARN org.apache.nifi.security.util.crypto.Argon2SecureHasher - The provided memory size 1024 KiB is below the recommended minimum 65536 KiB.
[main] WARN org.apache.nifi.security.util.crypto.Argon2SecureHasher - The provided parallelization factor 1 is below the recommended minimum 8.
[main] WARN org.apache.nifi.security.util.crypto.Argon2SecureHasher - The provided iteration count 3 is below the recommended minimum 5.
[main] WARN org.apache.nifi.security.util.crypto.AESKeyedCipherProvider - An IV was provided of length 0 bytes for encryption but should be 16 bytes
[main] WARN org.apache.nifi.security.util.crypto.AESKeyedCipherProvider - Generating new IV. The value can be obtained in the calling code by invoking 'cipher.getIV()';
[main] INFO org.apache.nifi.security.util.crypto.Argon2CipherProviderGroovyTest - Checking salt $4$1$1$0123456789abcdef
[main] WARN org.apache.nifi.security.util.crypto.Argon2SecureHasher - The provided memory size 1024 KiB is below the recommended minimum 65536 KiB.
[main] WARN org.apache.nifi.security.util.crypto.Argon2SecureHasher - The provided parallelization factor 1 is below the recommended minimum 8.
[main] WARN org.apache.nifi.security.util.crypto.Argon2SecureHasher - The provided iteration count 3 is below the recommended minimum 5.
[main] WARN org.apache.nifi.security.util.crypto.AESKeyedCipherProvider - An IV was provided of length 0 bytes for encryption but should be 16 bytes
[main] WARN org.apache.nifi.security.util.crypto.AESKeyedCipherProvider - Generating new IV. The value can be obtained in the calling code by invoking 'cipher.getIV()';
[main] INFO org.apache.nifi.security.util.crypto.Argon2CipherProviderGroovyTest - Checking salt $400$1$1$abcdefghijklmnopqrstuv
[main] WARN org.apache.nifi.security.util.crypto.Argon2SecureHasher - The provided memory size 1024 KiB is below the recommended minimum 65536 KiB.
[main] WARN org.apache.nifi.security.util.crypto.Argon2SecureHasher - The provided parallelization factor 1 is below the recommended minimum 8.
[main] WARN org.apache.nifi.security.util.crypto.Argon2SecureHasher - The provided iteration count 3 is below the recommended minimum 5.
[main] WARN org.apache.nifi.security.util.crypto.AESKeyedCipherProvider - An IV was provided of length 0 bytes for encryption but should be 16 bytes
[main] WARN org.apache.nifi.security.util.crypto.AESKeyedCipherProvider - Generating new IV. The value can be obtained in the calling code by invoking 'cipher.getIV()';
]]></system-err>
  </testcase>
  <testcase name="testGetCipherShouldHandleUnformattedSalts" classname="org.apache.nifi.security.util.crypto.Argon2CipherProviderGroovyTest" time="0.007">
    <system-err><![CDATA[[main] WARN org.apache.nifi.security.util.crypto.Argon2CipherProvider - The provided memory size 1024 KiB is below the recommended minimum 65536 KiB
[main] WARN org.apache.nifi.security.util.crypto.Argon2CipherProvider - The provided parallelization factor 1 is below the recommended minimum 8
[main] WARN org.apache.nifi.security.util.crypto.Argon2CipherProvider - The provided iterations count 3 is below the recommended minimum 5
[main] INFO org.apache.nifi.security.util.crypto.Argon2CipherProviderGroovyTest - Using algorithm: AES/CBC/PKCS7Padding
[main] INFO org.apache.nifi.security.util.crypto.Argon2CipherProviderGroovyTest - Checking salt $ab$00$acbdefghijklmnopqrstuv
[main] WARN org.apache.nifi.security.util.crypto.Argon2SecureHasher - The provided memory size 1024 KiB is below the recommended minimum 65536 KiB.
[main] WARN org.apache.nifi.security.util.crypto.Argon2SecureHasher - The provided parallelization factor 1 is below the recommended minimum 8.
[main] WARN org.apache.nifi.security.util.crypto.Argon2SecureHasher - The provided iteration count 3 is below the recommended minimum 5.
[main] WARN org.apache.nifi.security.util.crypto.AESKeyedCipherProvider - An IV was provided of length 0 bytes for encryption but should be 16 bytes
[main] WARN org.apache.nifi.security.util.crypto.AESKeyedCipherProvider - Generating new IV. The value can be obtained in the calling code by invoking 'cipher.getIV()';
[main] INFO org.apache.nifi.security.util.crypto.Argon2CipherProviderGroovyTest - Checking salt $4$1$1$0123456789abcdef
[main] WARN org.apache.nifi.security.util.crypto.Argon2SecureHasher - The provided memory size 1024 KiB is below the recommended minimum 65536 KiB.
[main] WARN org.apache.nifi.security.util.crypto.Argon2SecureHasher - The provided parallelization factor 1 is below the recommended minimum 8.
[main] WARN org.apache.nifi.security.util.crypto.Argon2SecureHasher - The provided iteration count 3 is below the recommended minimum 5.
[main] WARN org.apache.nifi.security.util.crypto.AESKeyedCipherProvider - An IV was provided of length 0 bytes for encryption but should be 16 bytes
[main] WARN org.apache.nifi.security.util.crypto.AESKeyedCipherProvider - Generating new IV. The value can be obtained in the calling code by invoking 'cipher.getIV()';
[main] INFO org.apache.nifi.security.util.crypto.Argon2CipherProviderGroovyTest - Checking salt $400$1$1$abcdefghijklmnopqrstuv
[main] WARN org.apache.nifi.security.util.crypto.Argon2SecureHasher - The provided memory size 1024 KiB is below the recommended minimum 65536 KiB.
[main] WARN org.apache.nifi.security.util.crypto.Argon2SecureHasher - The provided parallelization factor 1 is below the recommended minimum 8.
[main] WARN org.apache.nifi.security.util.crypto.Argon2SecureHasher - The provided iteration count 3 is below the recommended minimum 5.
[main] WARN org.apache.nifi.security.util.crypto.AESKeyedCipherProvider - An IV was provided of length 0 bytes for encryption but should be 16 bytes
[main] WARN org.apache.nifi.security.util.crypto.AESKeyedCipherProvider - Generating new IV. The value can be obtained in the calling code by invoking 'cipher.getIV()';
]]></system-err>
  </testcase>
  <testcase name="testShouldExtractSalt" classname="org.apache.nifi.security.util.crypto.Argon2CipherProviderGroovyTest" time="0.001">
    <system-err><![CDATA[[main] WARN org.apache.nifi.security.util.crypto.Argon2CipherProvider - The provided memory size 1024 KiB is below the recommended minimum 65536 KiB
[main] WARN org.apache.nifi.security.util.crypto.Argon2CipherProvider - The provided parallelization factor 1 is below the recommended minimum 8
[main] WARN org.apache.nifi.security.util.crypto.Argon2CipherProvider - The provided iterations count 3 is below the recommended minimum 5
[main] INFO org.apache.nifi.security.util.crypto.Argon2CipherProviderGroovyTest - Using salt: $argon2id$v=19$m=1024,t=4,p=1$hiKyaQbZyQBmCmD1zGcyMw
[main] INFO org.apache.nifi.security.util.crypto.Argon2CipherProviderGroovyTest - rawSalt: 8622b26906d9c900660a60f5cc673233
]]></system-err>
  </testcase>
  <testcase name="testShouldExtractSalt" classname="org.apache.nifi.security.util.crypto.Argon2CipherProviderGroovyTest" time="0">
    <system-err><![CDATA[[main] WARN org.apache.nifi.security.util.crypto.Argon2CipherProvider - The provided memory size 1024 KiB is below the recommended minimum 65536 KiB
[main] WARN org.apache.nifi.security.util.crypto.Argon2CipherProvider - The provided parallelization factor 1 is below the recommended minimum 8
[main] WARN org.apache.nifi.security.util.crypto.Argon2CipherProvider - The provided iterations count 3 is below the recommended minimum 5
[main] INFO org.apache.nifi.security.util.crypto.Argon2CipherProviderGroovyTest - Using salt: $argon2id$v=19$m=1024,t=4,p=1$hiKyaQbZyQBmCmD1zGcyMw
[main] INFO org.apache.nifi.security.util.crypto.Argon2CipherProviderGroovyTest - rawSalt: 8622b26906d9c900660a60f5cc673233
]]></system-err>
  </testcase>
  <testcase name="testGetCipherShouldAcceptValidKeyLengths" classname="org.apache.nifi.security.util.crypto.Argon2CipherProviderGroovyTest" time="0.016">
    <system-err><![CDATA[[main] WARN org.apache.nifi.security.util.crypto.Argon2CipherProvider - The provided memory size 1024 KiB is below the recommended minimum 65536 KiB
[main] WARN org.apache.nifi.security.util.crypto.Argon2CipherProvider - The provided parallelization factor 1 is below the recommended minimum 8
[main] WARN org.apache.nifi.security.util.crypto.Argon2CipherProvider - The provided iterations count 3 is below the recommended minimum 5
[main] INFO org.apache.nifi.security.util.crypto.Argon2CipherProviderGroovyTest - Using algorithm: AES/CBC/PKCS7Padding with key length 128
[main] WARN org.apache.nifi.security.util.crypto.Argon2SecureHasher - The provided memory size 1024 KiB is below the recommended minimum 65536 KiB.
[main] WARN org.apache.nifi.security.util.crypto.Argon2SecureHasher - The provided parallelization factor 1 is below the recommended minimum 8.
[main] WARN org.apache.nifi.security.util.crypto.Argon2SecureHasher - The provided iteration count 3 is below the recommended minimum 5.
[main] INFO org.apache.nifi.security.util.crypto.Argon2CipherProviderGroovyTest - IV: 01010101010101010101010101010101
[main] INFO org.apache.nifi.security.util.crypto.Argon2CipherProviderGroovyTest - Cipher text: 2e3e61fe924df808d4504073e79ee571c46d9184e18ffb057d3fb9716fa8df674e303d1c45a61ef3bf93e5f339316557 48
[main] WARN org.apache.nifi.security.util.crypto.Argon2SecureHasher - The provided memory size 1024 KiB is below the recommended minimum 65536 KiB.
[main] WARN org.apache.nifi.security.util.crypto.Argon2SecureHasher - The provided parallelization factor 1 is below the recommended minimum 8.
[main] WARN org.apache.nifi.security.util.crypto.Argon2SecureHasher - The provided iteration count 3 is below the recommended minimum 5.
[main] INFO org.apache.nifi.security.util.crypto.Argon2CipherProviderGroovyTest - Recovered: ExactBlockSizeRequiredForProcess
[main] INFO org.apache.nifi.security.util.crypto.Argon2CipherProviderGroovyTest - Using algorithm: AES/CBC/PKCS7Padding with key length 192
[main] WARN org.apache.nifi.security.util.crypto.Argon2SecureHasher - The provided memory size 1024 KiB is below the recommended minimum 65536 KiB.
[main] WARN org.apache.nifi.security.util.crypto.Argon2SecureHasher - The provided parallelization factor 1 is below the recommended minimum 8.
[main] WARN org.apache.nifi.security.util.crypto.Argon2SecureHasher - The provided iteration count 3 is below the recommended minimum 5.
[main] INFO org.apache.nifi.security.util.crypto.Argon2CipherProviderGroovyTest - IV: 01010101010101010101010101010101
[main] INFO org.apache.nifi.security.util.crypto.Argon2CipherProviderGroovyTest - Cipher text: c87f013915028d9f7d97def33cb6a79ba48133d31e5ccac90eea4356d1afafa5ba79e1e204e94637654e7ebd0cd2e940 48
[main] WARN org.apache.nifi.security.util.crypto.Argon2SecureHasher - The provided memory size 1024 KiB is below the recommended minimum 65536 KiB.
[main] WARN org.apache.nifi.security.util.crypto.Argon2SecureHasher - The provided parallelization factor 1 is below the recommended minimum 8.
[main] WARN org.apache.nifi.security.util.crypto.Argon2SecureHasher - The provided iteration count 3 is below the recommended minimum 5.
[main] INFO org.apache.nifi.security.util.crypto.Argon2CipherProviderGroovyTest - Recovered: ExactBlockSizeRequiredForProcess
[main] INFO org.apache.nifi.security.util.crypto.Argon2CipherProviderGroovyTest - Using algorithm: AES/CBC/PKCS7Padding with key length 256
[main] WARN org.apache.nifi.security.util.crypto.Argon2SecureHasher - The provided memory size 1024 KiB is below the recommended minimum 65536 KiB.
[main] WARN org.apache.nifi.security.util.crypto.Argon2SecureHasher - The provided parallelization factor 1 is below the recommended minimum 8.
[main] WARN org.apache.nifi.security.util.crypto.Argon2SecureHasher - The provided iteration count 3 is below the recommended minimum 5.
[main] INFO org.apache.nifi.security.util.crypto.Argon2CipherProviderGroovyTest - IV: 01010101010101010101010101010101
[main] INFO org.apache.nifi.security.util.crypto.Argon2CipherProviderGroovyTest - Cipher text: 7339381e3f2fd9d0227123b4da6d685c06f2c52d0784b1103a71fc42ab00a4b96982804c425b733b4bc14f4df4cba92f 48
[main] WARN org.apache.nifi.security.util.crypto.Argon2SecureHasher - The provided memory size 1024 KiB is below the recommended minimum 65536 KiB.
[main] WARN org.apache.nifi.security.util.crypto.Argon2SecureHasher - The provided parallelization factor 1 is below the recommended minimum 8.
[main] WARN org.apache.nifi.security.util.crypto.Argon2SecureHasher - The provided iteration count 3 is below the recommended minimum 5.
[main] INFO org.apache.nifi.security.util.crypto.Argon2CipherProviderGroovyTest - Recovered: ExactBlockSizeRequiredForProcess
]]></system-err>
  </testcase>
  <testcase name="testGetCipherShouldAcceptValidKeyLengths" classname="org.apache.nifi.security.util.crypto.Argon2CipherProviderGroovyTest" time="0.015">
    <system-err><![CDATA[[main] WARN org.apache.nifi.security.util.crypto.Argon2CipherProvider - The provided memory size 1024 KiB is below the recommended minimum 65536 KiB
[main] WARN org.apache.nifi.security.util.crypto.Argon2CipherProvider - The provided parallelization factor 1 is below the recommended minimum 8
[main] WARN org.apache.nifi.security.util.crypto.Argon2CipherProvider - The provided iterations count 3 is below the recommended minimum 5
[main] INFO org.apache.nifi.security.util.crypto.Argon2CipherProviderGroovyTest - Using algorithm: AES/CBC/PKCS7Padding with key length 128
[main] WARN org.apache.nifi.security.util.crypto.Argon2SecureHasher - The provided memory size 1024 KiB is below the recommended minimum 65536 KiB.
[main] WARN org.apache.nifi.security.util.crypto.Argon2SecureHasher - The provided parallelization factor 1 is below the recommended minimum 8.
[main] WARN org.apache.nifi.security.util.crypto.Argon2SecureHasher - The provided iteration count 3 is below the recommended minimum 5.
[main] INFO org.apache.nifi.security.util.crypto.Argon2CipherProviderGroovyTest - IV: 01010101010101010101010101010101
[main] INFO org.apache.nifi.security.util.crypto.Argon2CipherProviderGroovyTest - Cipher text: 6e32370c1994e2abf396a35575076dd123fb0f4b6908238890295ddfa45027e1f7f2f45221652e017ed291f92fe32e55 48
[main] WARN org.apache.nifi.security.util.crypto.Argon2SecureHasher - The provided memory size 1024 KiB is below the recommended minimum 65536 KiB.
[main] WARN org.apache.nifi.security.util.crypto.Argon2SecureHasher - The provided parallelization factor 1 is below the recommended minimum 8.
[main] WARN org.apache.nifi.security.util.crypto.Argon2SecureHasher - The provided iteration count 3 is below the recommended minimum 5.
[main] INFO org.apache.nifi.security.util.crypto.Argon2CipherProviderGroovyTest - Recovered: ExactBlockSizeRequiredForProcess
[main] INFO org.apache.nifi.security.util.crypto.Argon2CipherProviderGroovyTest - Using algorithm: AES/CBC/PKCS7Padding with key length 192
[main] WARN org.apache.nifi.security.util.crypto.Argon2SecureHasher - The provided memory size 1024 KiB is below the recommended minimum 65536 KiB.
[main] WARN org.apache.nifi.security.util.crypto.Argon2SecureHasher - The provided parallelization factor 1 is below the recommended minimum 8.
[main] WARN org.apache.nifi.security.util.crypto.Argon2SecureHasher - The provided iteration count 3 is below the recommended minimum 5.
[main] INFO org.apache.nifi.security.util.crypto.Argon2CipherProviderGroovyTest - IV: 01010101010101010101010101010101
[main] INFO org.apache.nifi.security.util.crypto.Argon2CipherProviderGroovyTest - Cipher text: 8f09493f001ea894616737819ce19e86a78a66ea056d37ca033d8a877c7853538cebf7d59528d1baada109a628dbb65c 48
[main] WARN org.apache.nifi.security.util.crypto.Argon2SecureHasher - The provided memory size 1024 KiB is below the recommended minimum 65536 KiB.
[main] WARN org.apache.nifi.security.util.crypto.Argon2SecureHasher - The provided parallelization factor 1 is below the recommended minimum 8.
[main] WARN org.apache.nifi.security.util.crypto.Argon2SecureHasher - The provided iteration count 3 is below the recommended minimum 5.
[main] INFO org.apache.nifi.security.util.crypto.Argon2CipherProviderGroovyTest - Recovered: ExactBlockSizeRequiredForProcess
[main] INFO org.apache.nifi.security.util.crypto.Argon2CipherProviderGroovyTest - Using algorithm: AES/CBC/PKCS7Padding with key length 256
[main] WARN org.apache.nifi.security.util.crypto.Argon2SecureHasher - The provided memory size 1024 KiB is below the recommended minimum 65536 KiB.
[main] WARN org.apache.nifi.security.util.crypto.Argon2SecureHasher - The provided parallelization factor 1 is below the recommended minimum 8.
[main] WARN org.apache.nifi.security.util.crypto.Argon2SecureHasher - The provided iteration count 3 is below the recommended minimum 5.
[main] INFO org.apache.nifi.security.util.crypto.Argon2CipherProviderGroovyTest - IV: 01010101010101010101010101010101
[main] INFO org.apache.nifi.security.util.crypto.Argon2CipherProviderGroovyTest - Cipher text: 4394c4b5722148a0274f114e4b8d81041421f4fda1cacc6c7054d1e94f461c9be63d9fba75d3870d41599fcc4d2ebdaa 48
[main] WARN org.apache.nifi.security.util.crypto.Argon2SecureHasher - The provided memory size 1024 KiB is below the recommended minimum 65536 KiB.
[main] WARN org.apache.nifi.security.util.crypto.Argon2SecureHasher - The provided parallelization factor 1 is below the recommended minimum 8.
[main] WARN org.apache.nifi.security.util.crypto.Argon2SecureHasher - The provided iteration count 3 is below the recommended minimum 5.
[main] INFO org.apache.nifi.security.util.crypto.Argon2CipherProviderGroovyTest - Recovered: ExactBlockSizeRequiredForProcess
]]></system-err>
  </testcase>
  <testcase name="testGetCipherShouldRejectInvalidIV" classname="org.apache.nifi.security.util.crypto.Argon2CipherProviderGroovyTest" time="0.104">
    <system-err><![CDATA[[main] WARN org.apache.nifi.security.util.crypto.Argon2CipherProvider - The provided memory size 1024 KiB is below the recommended minimum 65536 KiB
[main] WARN org.apache.nifi.security.util.crypto.Argon2CipherProvider - The provided parallelization factor 1 is below the recommended minimum 8
[main] WARN org.apache.nifi.security.util.crypto.Argon2CipherProvider - The provided iterations count 3 is below the recommended minimum 5
[main] INFO org.apache.nifi.security.util.crypto.Argon2CipherProviderGroovyTest - IV:  0
[main] WARN org.apache.nifi.security.util.crypto.Argon2SecureHasher - The provided memory size 1024 KiB is below the recommended minimum 65536 KiB.
[main] WARN org.apache.nifi.security.util.crypto.Argon2SecureHasher - The provided parallelization factor 1 is below the recommended minimum 8.
[main] WARN org.apache.nifi.security.util.crypto.Argon2SecureHasher - The provided iteration count 3 is below the recommended minimum 5.
[main] WARN org.apache.nifi.security.util.crypto.AESKeyedCipherProvider - An IV was provided of length 0 bytes for encryption but should be 16 bytes
[main] WARN org.apache.nifi.security.util.crypto.AESKeyedCipherProvider - Generating new IV. The value can be obtained in the calling code by invoking 'cipher.getIV()';
[main] WARN org.apache.nifi.security.util.crypto.Argon2SecureHasher - The provided memory size 1024 KiB is below the recommended minimum 65536 KiB.
[main] WARN org.apache.nifi.security.util.crypto.Argon2SecureHasher - The provided parallelization factor 1 is below the recommended minimum 8.
[main] WARN org.apache.nifi.security.util.crypto.Argon2SecureHasher - The provided iteration count 3 is below the recommended minimum 5.
[main] WARN org.apache.nifi.security.util.crypto.AESKeyedCipherProvider - An IV was provided of length 0 bytes for decryption but should be 16 bytes
[main] ERROR org.apache.nifi.security.util.crypto.Argon2CipherProvider - Encountered an error generating the Argon2 hash
java.lang.IllegalArgumentException: Cannot decrypt without a valid IV
	at org.apache.nifi.security.util.crypto.AESKeyedCipherProvider.getInitializedCipher(AESKeyedCipherProvider.java:128)
	at org.apache.nifi.security.util.crypto.AESKeyedCipherProvider.getCipher(AESKeyedCipherProvider.java:60)
	at org.apache.nifi.security.util.crypto.Argon2CipherProvider.getInitializedCipher(Argon2CipherProvider.java:177)
	at org.apache.nifi.security.util.crypto.Argon2CipherProvider.getCipher(Argon2CipherProvider.java:103)
	at org.apache.nifi.security.util.crypto.Argon2CipherProvider$getCipher$0.call(Unknown Source)
	at org.codehaus.groovy.runtime.callsite.CallSiteArray.defaultCall(CallSiteArray.java:47)
	at org.codehaus.groovy.runtime.callsite.AbstractCallSite.call(AbstractCallSite.java:115)
	at org.apache.nifi.security.util.crypto.Argon2CipherProviderGroovyTest$_testGetCipherShouldRejectInvalidIV_closure5$_closure13.doCall(Argon2CipherProviderGroovyTest.groovy:189)
	at org.apache.nifi.security.util.crypto.Argon2CipherProviderGroovyTest$_testGetCipherShouldRejectInvalidIV_closure5$_closure13.doCall(Argon2CipherProviderGroovyTest.groovy)
	at sun.reflect.NativeMethodAccessorImpl.invoke0(Native Method)
	at sun.reflect.NativeMethodAccessorImpl.invoke(NativeMethodAccessorImpl.java:62)
	at sun.reflect.DelegatingMethodAccessorImpl.invoke(DelegatingMethodAccessorImpl.java:43)
	at java.lang.reflect.Method.invoke(Method.java:498)
	at org.codehaus.groovy.reflection.CachedMethod.invoke(CachedMethod.java:101)
	at groovy.lang.MetaMethod.doMethodInvoke(MetaMethod.java:323)
	at org.codehaus.groovy.runtime.metaclass.ClosureMetaClass.invokeMethod(ClosureMetaClass.java:263)
	at groovy.lang.MetaClassImpl.invokeMethod(MetaClassImpl.java:1041)
	at groovy.lang.Closure.call(Closure.java:405)
	at groovy.lang.Closure.call(Closure.java:399)
	at groovy.test.GroovyAssert.shouldFail(GroovyAssert.java:118)
	at groovy.test.GroovyAssert$shouldFail.callStatic(Unknown Source)
	at org.codehaus.groovy.runtime.callsite.CallSiteArray.defaultCallStatic(CallSiteArray.java:55)
	at org.codehaus.groovy.runtime.callsite.AbstractCallSite.callStatic(AbstractCallSite.java:196)
	at org.codehaus.groovy.runtime.callsite.AbstractCallSite.callStatic(AbstractCallSite.java:216)
	at org.apache.nifi.security.util.crypto.Argon2CipherProviderGroovyTest$_testGetCipherShouldRejectInvalidIV_closure5.doCall(Argon2CipherProviderGroovyTest.groovy:188)
	at sun.reflect.NativeMethodAccessorImpl.invoke0(Native Method)
	at sun.reflect.NativeMethodAccessorImpl.invoke(NativeMethodAccessorImpl.java:62)
	at sun.reflect.DelegatingMethodAccessorImpl.invoke(DelegatingMethodAccessorImpl.java:43)
	at java.lang.reflect.Method.invoke(Method.java:498)
	at org.codehaus.groovy.reflection.CachedMethod.invoke(CachedMethod.java:101)
	at groovy.lang.MetaMethod.doMethodInvoke(MetaMethod.java:323)
	at org.codehaus.groovy.runtime.metaclass.ClosureMetaClass.invokeMethod(ClosureMetaClass.java:263)
	at groovy.lang.MetaClassImpl.invokeMethod(MetaClassImpl.java:1041)
	at groovy.lang.Closure.call(Closure.java:405)
	at groovy.lang.Closure.call(Closure.java:421)
	at org.codehaus.groovy.runtime.DefaultGroovyMethods.each(DefaultGroovyMethods.java:2330)
	at org.codehaus.groovy.runtime.DefaultGroovyMethods.each(DefaultGroovyMethods.java:2315)
	at org.codehaus.groovy.runtime.DefaultGroovyMethods.each(DefaultGroovyMethods.java:2356)
	at org.codehaus.groovy.runtime.dgm$186.invoke(Unknown Source)
	at org.codehaus.groovy.runtime.callsite.PojoMetaMethodSite$PojoMetaMethodSiteNoUnwrapNoCoerce.invoke(PojoMetaMethodSite.java:244)
	at org.codehaus.groovy.runtime.callsite.PojoMetaMethodSite.call(PojoMetaMethodSite.java:53)
	at org.codehaus.groovy.runtime.callsite.CallSiteArray.defaultCall(CallSiteArray.java:47)
	at org.codehaus.groovy.runtime.callsite.AbstractCallSite.call(AbstractCallSite.java:115)
	at org.codehaus.groovy.runtime.callsite.AbstractCallSite.call(AbstractCallSite.java:127)
	at org.apache.nifi.security.util.crypto.Argon2CipherProviderGroovyTest.testGetCipherShouldRejectInvalidIV(Argon2CipherProviderGroovyTest.groovy:181)
	at sun.reflect.NativeMethodAccessorImpl.invoke0(Native Method)
	at sun.reflect.NativeMethodAccessorImpl.invoke(NativeMethodAccessorImpl.java:62)
	at sun.reflect.DelegatingMethodAccessorImpl.invoke(DelegatingMethodAccessorImpl.java:43)
	at java.lang.reflect.Method.invoke(Method.java:498)
	at org.junit.platform.commons.util.ReflectionUtils.invokeMethod(ReflectionUtils.java:688)
	at org.junit.jupiter.engine.execution.MethodInvocation.proceed(MethodInvocation.java:60)
	at org.junit.jupiter.engine.execution.InvocationInterceptorChain$ValidatingInvocation.proceed(InvocationInterceptorChain.java:131)
	at org.junit.jupiter.engine.extension.TimeoutExtension.intercept(TimeoutExtension.java:149)
	at org.junit.jupiter.engine.extension.TimeoutExtension.interceptTestableMethod(TimeoutExtension.java:140)
	at org.junit.jupiter.engine.extension.TimeoutExtension.interceptTestMethod(TimeoutExtension.java:84)
	at org.junit.jupiter.engine.execution.ExecutableInvoker$ReflectiveInterceptorCall.lambda$ofVoidMethod$0(ExecutableInvoker.java:115)
	at org.junit.jupiter.engine.execution.ExecutableInvoker.lambda$invoke$0(ExecutableInvoker.java:105)
	at org.junit.jupiter.engine.execution.InvocationInterceptorChain$InterceptedInvocation.proceed(InvocationInterceptorChain.java:106)
	at org.junit.jupiter.engine.execution.InvocationInterceptorChain.proceed(InvocationInterceptorChain.java:64)
	at org.junit.jupiter.engine.execution.InvocationInterceptorChain.chainAndInvoke(InvocationInterceptorChain.java:45)
	at org.junit.jupiter.engine.execution.InvocationInterceptorChain.invoke(InvocationInterceptorChain.java:37)
	at org.junit.jupiter.engine.execution.ExecutableInvoker.invoke(ExecutableInvoker.java:104)
	at org.junit.jupiter.engine.execution.ExecutableInvoker.invoke(ExecutableInvoker.java:98)
	at org.junit.jupiter.engine.descriptor.TestMethodTestDescriptor.lambda$invokeTestMethod$6(TestMethodTestDescriptor.java:210)
	at org.junit.platform.engine.support.hierarchical.ThrowableCollector.execute(ThrowableCollector.java:73)
	at org.junit.jupiter.engine.descriptor.TestMethodTestDescriptor.invokeTestMethod(TestMethodTestDescriptor.java:206)
	at org.junit.jupiter.engine.descriptor.TestMethodTestDescriptor.execute(TestMethodTestDescriptor.java:131)
	at org.junit.jupiter.engine.descriptor.TestMethodTestDescriptor.execute(TestMethodTestDescriptor.java:65)
	at org.junit.platform.engine.support.hierarchical.NodeTestTask.lambda$executeRecursively$5(NodeTestTask.java:139)
	at org.junit.platform.engine.support.hierarchical.ThrowableCollector.execute(ThrowableCollector.java:73)
	at org.junit.platform.engine.support.hierarchical.NodeTestTask.lambda$executeRecursively$7(NodeTestTask.java:129)
	at org.junit.platform.engine.support.hierarchical.Node.around(Node.java:137)
	at org.junit.platform.engine.support.hierarchical.NodeTestTask.lambda$executeRecursively$8(NodeTestTask.java:127)
	at org.junit.platform.engine.support.hierarchical.ThrowableCollector.execute(ThrowableCollector.java:73)
	at org.junit.platform.engine.support.hierarchical.NodeTestTask.executeRecursively(NodeTestTask.java:126)
	at org.junit.platform.engine.support.hierarchical.NodeTestTask.execute(NodeTestTask.java:84)
	at java.util.ArrayList.forEach(ArrayList.java:1259)
	at org.junit.platform.engine.support.hierarchical.SameThreadHierarchicalTestExecutorService.invokeAll(SameThreadHierarchicalTestExecutorService.java:38)
	at org.junit.platform.engine.support.hierarchical.NodeTestTask.lambda$executeRecursively$5(NodeTestTask.java:143)
	at org.junit.platform.engine.support.hierarchical.ThrowableCollector.execute(ThrowableCollector.java:73)
	at org.junit.platform.engine.support.hierarchical.NodeTestTask.lambda$executeRecursively$7(NodeTestTask.java:129)
	at org.junit.platform.engine.support.hierarchical.Node.around(Node.java:137)
	at org.junit.platform.engine.support.hierarchical.NodeTestTask.lambda$executeRecursively$8(NodeTestTask.java:127)
	at org.junit.platform.engine.support.hierarchical.ThrowableCollector.execute(ThrowableCollector.java:73)
	at org.junit.platform.engine.support.hierarchical.NodeTestTask.executeRecursively(NodeTestTask.java:126)
	at org.junit.platform.engine.support.hierarchical.NodeTestTask.execute(NodeTestTask.java:84)
	at java.util.ArrayList.forEach(ArrayList.java:1259)
	at org.junit.platform.engine.support.hierarchical.SameThreadHierarchicalTestExecutorService.invokeAll(SameThreadHierarchicalTestExecutorService.java:38)
	at org.junit.platform.engine.support.hierarchical.NodeTestTask.lambda$executeRecursively$5(NodeTestTask.java:143)
	at org.junit.platform.engine.support.hierarchical.ThrowableCollector.execute(ThrowableCollector.java:73)
	at org.junit.platform.engine.support.hierarchical.NodeTestTask.lambda$executeRecursively$7(NodeTestTask.java:129)
	at org.junit.platform.engine.support.hierarchical.Node.around(Node.java:137)
	at org.junit.platform.engine.support.hierarchical.NodeTestTask.lambda$executeRecursively$8(NodeTestTask.java:127)
	at org.junit.platform.engine.support.hierarchical.ThrowableCollector.execute(ThrowableCollector.java:73)
	at org.junit.platform.engine.support.hierarchical.NodeTestTask.executeRecursively(NodeTestTask.java:126)
	at org.junit.platform.engine.support.hierarchical.NodeTestTask.execute(NodeTestTask.java:84)
	at org.junit.platform.engine.support.hierarchical.SameThreadHierarchicalTestExecutorService.submit(SameThreadHierarchicalTestExecutorService.java:32)
	at org.junit.platform.engine.support.hierarchical.HierarchicalTestExecutor.execute(HierarchicalTestExecutor.java:57)
	at org.junit.platform.engine.support.hierarchical.HierarchicalTestEngine.execute(HierarchicalTestEngine.java:51)
	at org.junit.platform.launcher.core.EngineExecutionOrchestrator.execute(EngineExecutionOrchestrator.java:108)
	at org.junit.platform.launcher.core.EngineExecutionOrchestrator.execute(EngineExecutionOrchestrator.java:88)
	at org.junit.platform.launcher.core.EngineExecutionOrchestrator.lambda$execute$0(EngineExecutionOrchestrator.java:54)
	at org.junit.platform.launcher.core.EngineExecutionOrchestrator.withInterceptedStreams(EngineExecutionOrchestrator.java:67)
	at org.junit.platform.launcher.core.EngineExecutionOrchestrator.execute(EngineExecutionOrchestrator.java:52)
	at org.junit.platform.launcher.core.DefaultLauncher.execute(DefaultLauncher.java:96)
	at org.junit.platform.launcher.core.DefaultLauncher.execute(DefaultLauncher.java:75)
	at org.apache.maven.surefire.junitplatform.JUnitPlatformProvider.execute(JUnitPlatformProvider.java:188)
	at org.apache.maven.surefire.junitplatform.JUnitPlatformProvider.invokeAllTests(JUnitPlatformProvider.java:154)
	at org.apache.maven.surefire.junitplatform.JUnitPlatformProvider.invoke(JUnitPlatformProvider.java:128)
	at org.apache.maven.surefire.booter.ForkedBooter.runSuitesInProcess(ForkedBooter.java:428)
	at org.apache.maven.surefire.booter.ForkedBooter.execute(ForkedBooter.java:162)
	at org.apache.maven.surefire.booter.ForkedBooter.run(ForkedBooter.java:562)
	at org.apache.maven.surefire.booter.ForkedBooter.main(ForkedBooter.java:548)
[main] INFO org.apache.nifi.security.util.crypto.Argon2CipherProviderGroovyTest - IV: 00 1
[main] WARN org.apache.nifi.security.util.crypto.Argon2SecureHasher - The provided memory size 1024 KiB is below the recommended minimum 65536 KiB.
[main] WARN org.apache.nifi.security.util.crypto.Argon2SecureHasher - The provided parallelization factor 1 is below the recommended minimum 8.
[main] WARN org.apache.nifi.security.util.crypto.Argon2SecureHasher - The provided iteration count 3 is below the recommended minimum 5.
[main] WARN org.apache.nifi.security.util.crypto.AESKeyedCipherProvider - An IV was provided of length 1 bytes for encryption but should be 16 bytes
[main] WARN org.apache.nifi.security.util.crypto.AESKeyedCipherProvider - Generating new IV. The value can be obtained in the calling code by invoking 'cipher.getIV()';
[main] WARN org.apache.nifi.security.util.crypto.Argon2SecureHasher - The provided memory size 1024 KiB is below the recommended minimum 65536 KiB.
[main] WARN org.apache.nifi.security.util.crypto.Argon2SecureHasher - The provided parallelization factor 1 is below the recommended minimum 8.
[main] WARN org.apache.nifi.security.util.crypto.Argon2SecureHasher - The provided iteration count 3 is below the recommended minimum 5.
[main] WARN org.apache.nifi.security.util.crypto.AESKeyedCipherProvider - An IV was provided of length 1 bytes for decryption but should be 16 bytes
[main] ERROR org.apache.nifi.security.util.crypto.Argon2CipherProvider - Encountered an error generating the Argon2 hash
java.lang.IllegalArgumentException: Cannot decrypt without a valid IV
	at org.apache.nifi.security.util.crypto.AESKeyedCipherProvider.getInitializedCipher(AESKeyedCipherProvider.java:128)
	at org.apache.nifi.security.util.crypto.AESKeyedCipherProvider.getCipher(AESKeyedCipherProvider.java:60)
	at org.apache.nifi.security.util.crypto.Argon2CipherProvider.getInitializedCipher(Argon2CipherProvider.java:177)
	at org.apache.nifi.security.util.crypto.Argon2CipherProvider.getCipher(Argon2CipherProvider.java:103)
	at org.apache.nifi.security.util.crypto.Argon2CipherProvider$getCipher$0.call(Unknown Source)
	at org.apache.nifi.security.util.crypto.Argon2CipherProviderGroovyTest$_testGetCipherShouldRejectInvalidIV_closure5$_closure13.doCall(Argon2CipherProviderGroovyTest.groovy:189)
	at org.apache.nifi.security.util.crypto.Argon2CipherProviderGroovyTest$_testGetCipherShouldRejectInvalidIV_closure5$_closure13.doCall(Argon2CipherProviderGroovyTest.groovy)
	at sun.reflect.NativeMethodAccessorImpl.invoke0(Native Method)
	at sun.reflect.NativeMethodAccessorImpl.invoke(NativeMethodAccessorImpl.java:62)
	at sun.reflect.DelegatingMethodAccessorImpl.invoke(DelegatingMethodAccessorImpl.java:43)
	at java.lang.reflect.Method.invoke(Method.java:498)
	at org.codehaus.groovy.reflection.CachedMethod.invoke(CachedMethod.java:101)
	at groovy.lang.MetaMethod.doMethodInvoke(MetaMethod.java:323)
	at org.codehaus.groovy.runtime.metaclass.ClosureMetaClass.invokeMethod(ClosureMetaClass.java:263)
	at groovy.lang.MetaClassImpl.invokeMethod(MetaClassImpl.java:1041)
	at groovy.lang.Closure.call(Closure.java:405)
	at groovy.lang.Closure.call(Closure.java:399)
	at groovy.test.GroovyAssert.shouldFail(GroovyAssert.java:118)
	at groovy.test.GroovyAssert$shouldFail.callStatic(Unknown Source)
	at org.apache.nifi.security.util.crypto.Argon2CipherProviderGroovyTest$_testGetCipherShouldRejectInvalidIV_closure5.doCall(Argon2CipherProviderGroovyTest.groovy:188)
	at sun.reflect.NativeMethodAccessorImpl.invoke0(Native Method)
	at sun.reflect.NativeMethodAccessorImpl.invoke(NativeMethodAccessorImpl.java:62)
	at sun.reflect.DelegatingMethodAccessorImpl.invoke(DelegatingMethodAccessorImpl.java:43)
	at java.lang.reflect.Method.invoke(Method.java:498)
	at org.codehaus.groovy.reflection.CachedMethod.invoke(CachedMethod.java:101)
	at groovy.lang.MetaMethod.doMethodInvoke(MetaMethod.java:323)
	at org.codehaus.groovy.runtime.metaclass.ClosureMetaClass.invokeMethod(ClosureMetaClass.java:263)
	at groovy.lang.MetaClassImpl.invokeMethod(MetaClassImpl.java:1041)
	at groovy.lang.Closure.call(Closure.java:405)
	at groovy.lang.Closure.call(Closure.java:421)
	at org.codehaus.groovy.runtime.DefaultGroovyMethods.each(DefaultGroovyMethods.java:2330)
	at org.codehaus.groovy.runtime.DefaultGroovyMethods.each(DefaultGroovyMethods.java:2315)
	at org.codehaus.groovy.runtime.DefaultGroovyMethods.each(DefaultGroovyMethods.java:2356)
	at org.codehaus.groovy.runtime.dgm$186.invoke(Unknown Source)
	at org.codehaus.groovy.runtime.callsite.PojoMetaMethodSite$PojoMetaMethodSiteNoUnwrapNoCoerce.invoke(PojoMetaMethodSite.java:244)
	at org.codehaus.groovy.runtime.callsite.PojoMetaMethodSite.call(PojoMetaMethodSite.java:53)
	at org.codehaus.groovy.runtime.callsite.CallSiteArray.defaultCall(CallSiteArray.java:47)
	at org.codehaus.groovy.runtime.callsite.AbstractCallSite.call(AbstractCallSite.java:115)
	at org.codehaus.groovy.runtime.callsite.AbstractCallSite.call(AbstractCallSite.java:127)
	at org.apache.nifi.security.util.crypto.Argon2CipherProviderGroovyTest.testGetCipherShouldRejectInvalidIV(Argon2CipherProviderGroovyTest.groovy:181)
	at sun.reflect.NativeMethodAccessorImpl.invoke0(Native Method)
	at sun.reflect.NativeMethodAccessorImpl.invoke(NativeMethodAccessorImpl.java:62)
	at sun.reflect.DelegatingMethodAccessorImpl.invoke(DelegatingMethodAccessorImpl.java:43)
	at java.lang.reflect.Method.invoke(Method.java:498)
	at org.junit.platform.commons.util.ReflectionUtils.invokeMethod(ReflectionUtils.java:688)
	at org.junit.jupiter.engine.execution.MethodInvocation.proceed(MethodInvocation.java:60)
	at org.junit.jupiter.engine.execution.InvocationInterceptorChain$ValidatingInvocation.proceed(InvocationInterceptorChain.java:131)
	at org.junit.jupiter.engine.extension.TimeoutExtension.intercept(TimeoutExtension.java:149)
	at org.junit.jupiter.engine.extension.TimeoutExtension.interceptTestableMethod(TimeoutExtension.java:140)
	at org.junit.jupiter.engine.extension.TimeoutExtension.interceptTestMethod(TimeoutExtension.java:84)
	at org.junit.jupiter.engine.execution.ExecutableInvoker$ReflectiveInterceptorCall.lambda$ofVoidMethod$0(ExecutableInvoker.java:115)
	at org.junit.jupiter.engine.execution.ExecutableInvoker.lambda$invoke$0(ExecutableInvoker.java:105)
	at org.junit.jupiter.engine.execution.InvocationInterceptorChain$InterceptedInvocation.proceed(InvocationInterceptorChain.java:106)
	at org.junit.jupiter.engine.execution.InvocationInterceptorChain.proceed(InvocationInterceptorChain.java:64)
	at org.junit.jupiter.engine.execution.InvocationInterceptorChain.chainAndInvoke(InvocationInterceptorChain.java:45)
	at org.junit.jupiter.engine.execution.InvocationInterceptorChain.invoke(InvocationInterceptorChain.java:37)
	at org.junit.jupiter.engine.execution.ExecutableInvoker.invoke(ExecutableInvoker.java:104)
	at org.junit.jupiter.engine.execution.ExecutableInvoker.invoke(ExecutableInvoker.java:98)
	at org.junit.jupiter.engine.descriptor.TestMethodTestDescriptor.lambda$invokeTestMethod$6(TestMethodTestDescriptor.java:210)
	at org.junit.platform.engine.support.hierarchical.ThrowableCollector.execute(ThrowableCollector.java:73)
	at org.junit.jupiter.engine.descriptor.TestMethodTestDescriptor.invokeTestMethod(TestMethodTestDescriptor.java:206)
	at org.junit.jupiter.engine.descriptor.TestMethodTestDescriptor.execute(TestMethodTestDescriptor.java:131)
	at org.junit.jupiter.engine.descriptor.TestMethodTestDescriptor.execute(TestMethodTestDescriptor.java:65)
	at org.junit.platform.engine.support.hierarchical.NodeTestTask.lambda$executeRecursively$5(NodeTestTask.java:139)
	at org.junit.platform.engine.support.hierarchical.ThrowableCollector.execute(ThrowableCollector.java:73)
	at org.junit.platform.engine.support.hierarchical.NodeTestTask.lambda$executeRecursively$7(NodeTestTask.java:129)
	at org.junit.platform.engine.support.hierarchical.Node.around(Node.java:137)
	at org.junit.platform.engine.support.hierarchical.NodeTestTask.lambda$executeRecursively$8(NodeTestTask.java:127)
	at org.junit.platform.engine.support.hierarchical.ThrowableCollector.execute(ThrowableCollector.java:73)
	at org.junit.platform.engine.support.hierarchical.NodeTestTask.executeRecursively(NodeTestTask.java:126)
	at org.junit.platform.engine.support.hierarchical.NodeTestTask.execute(NodeTestTask.java:84)
	at java.util.ArrayList.forEach(ArrayList.java:1259)
	at org.junit.platform.engine.support.hierarchical.SameThreadHierarchicalTestExecutorService.invokeAll(SameThreadHierarchicalTestExecutorService.java:38)
	at org.junit.platform.engine.support.hierarchical.NodeTestTask.lambda$executeRecursively$5(NodeTestTask.java:143)
	at org.junit.platform.engine.support.hierarchical.ThrowableCollector.execute(ThrowableCollector.java:73)
	at org.junit.platform.engine.support.hierarchical.NodeTestTask.lambda$executeRecursively$7(NodeTestTask.java:129)
	at org.junit.platform.engine.support.hierarchical.Node.around(Node.java:137)
	at org.junit.platform.engine.support.hierarchical.NodeTestTask.lambda$executeRecursively$8(NodeTestTask.java:127)
	at org.junit.platform.engine.support.hierarchical.ThrowableCollector.execute(ThrowableCollector.java:73)
	at org.junit.platform.engine.support.hierarchical.NodeTestTask.executeRecursively(NodeTestTask.java:126)
	at org.junit.platform.engine.support.hierarchical.NodeTestTask.execute(NodeTestTask.java:84)
	at java.util.ArrayList.forEach(ArrayList.java:1259)
	at org.junit.platform.engine.support.hierarchical.SameThreadHierarchicalTestExecutorService.invokeAll(SameThreadHierarchicalTestExecutorService.java:38)
	at org.junit.platform.engine.support.hierarchical.NodeTestTask.lambda$executeRecursively$5(NodeTestTask.java:143)
	at org.junit.platform.engine.support.hierarchical.ThrowableCollector.execute(ThrowableCollector.java:73)
	at org.junit.platform.engine.support.hierarchical.NodeTestTask.lambda$executeRecursively$7(NodeTestTask.java:129)
	at org.junit.platform.engine.support.hierarchical.Node.around(Node.java:137)
	at org.junit.platform.engine.support.hierarchical.NodeTestTask.lambda$executeRecursively$8(NodeTestTask.java:127)
	at org.junit.platform.engine.support.hierarchical.ThrowableCollector.execute(ThrowableCollector.java:73)
	at org.junit.platform.engine.support.hierarchical.NodeTestTask.executeRecursively(NodeTestTask.java:126)
	at org.junit.platform.engine.support.hierarchical.NodeTestTask.execute(NodeTestTask.java:84)
	at org.junit.platform.engine.support.hierarchical.SameThreadHierarchicalTestExecutorService.submit(SameThreadHierarchicalTestExecutorService.java:32)
	at org.junit.platform.engine.support.hierarchical.HierarchicalTestExecutor.execute(HierarchicalTestExecutor.java:57)
	at org.junit.platform.engine.support.hierarchical.HierarchicalTestEngine.execute(HierarchicalTestEngine.java:51)
	at org.junit.platform.launcher.core.EngineExecutionOrchestrator.execute(EngineExecutionOrchestrator.java:108)
	at org.junit.platform.launcher.core.EngineExecutionOrchestrator.execute(EngineExecutionOrchestrator.java:88)
	at org.junit.platform.launcher.core.EngineExecutionOrchestrator.lambda$execute$0(EngineExecutionOrchestrator.java:54)
	at org.junit.platform.launcher.core.EngineExecutionOrchestrator.withInterceptedStreams(EngineExecutionOrchestrator.java:67)
	at org.junit.platform.launcher.core.EngineExecutionOrchestrator.execute(EngineExecutionOrchestrator.java:52)
	at org.junit.platform.launcher.core.DefaultLauncher.execute(DefaultLauncher.java:96)
	at org.junit.platform.launcher.core.DefaultLauncher.execute(DefaultLauncher.java:75)
	at org.apache.maven.surefire.junitplatform.JUnitPlatformProvider.execute(JUnitPlatformProvider.java:188)
	at org.apache.maven.surefire.junitplatform.JUnitPlatformProvider.invokeAllTests(JUnitPlatformProvider.java:154)
	at org.apache.maven.surefire.junitplatform.JUnitPlatformProvider.invoke(JUnitPlatformProvider.java:128)
	at org.apache.maven.surefire.booter.ForkedBooter.runSuitesInProcess(ForkedBooter.java:428)
	at org.apache.maven.surefire.booter.ForkedBooter.execute(ForkedBooter.java:162)
	at org.apache.maven.surefire.booter.ForkedBooter.run(ForkedBooter.java:562)
	at org.apache.maven.surefire.booter.ForkedBooter.main(ForkedBooter.java:548)
[main] INFO org.apache.nifi.security.util.crypto.Argon2CipherProviderGroovyTest - IV: 0000 2
[main] WARN org.apache.nifi.security.util.crypto.Argon2SecureHasher - The provided memory size 1024 KiB is below the recommended minimum 65536 KiB.
[main] WARN org.apache.nifi.security.util.crypto.Argon2SecureHasher - The provided parallelization factor 1 is below the recommended minimum 8.
[main] WARN org.apache.nifi.security.util.crypto.Argon2SecureHasher - The provided iteration count 3 is below the recommended minimum 5.
[main] WARN org.apache.nifi.security.util.crypto.AESKeyedCipherProvider - An IV was provided of length 2 bytes for encryption but should be 16 bytes
[main] WARN org.apache.nifi.security.util.crypto.AESKeyedCipherProvider - Generating new IV. The value can be obtained in the calling code by invoking 'cipher.getIV()';
[main] WARN org.apache.nifi.security.util.crypto.Argon2SecureHasher - The provided memory size 1024 KiB is below the recommended minimum 65536 KiB.
[main] WARN org.apache.nifi.security.util.crypto.Argon2SecureHasher - The provided parallelization factor 1 is below the recommended minimum 8.
[main] WARN org.apache.nifi.security.util.crypto.Argon2SecureHasher - The provided iteration count 3 is below the recommended minimum 5.
[main] WARN org.apache.nifi.security.util.crypto.AESKeyedCipherProvider - An IV was provided of length 2 bytes for decryption but should be 16 bytes
[main] ERROR org.apache.nifi.security.util.crypto.Argon2CipherProvider - Encountered an error generating the Argon2 hash
java.lang.IllegalArgumentException: Cannot decrypt without a valid IV
	at org.apache.nifi.security.util.crypto.AESKeyedCipherProvider.getInitializedCipher(AESKeyedCipherProvider.java:128)
	at org.apache.nifi.security.util.crypto.AESKeyedCipherProvider.getCipher(AESKeyedCipherProvider.java:60)
	at org.apache.nifi.security.util.crypto.Argon2CipherProvider.getInitializedCipher(Argon2CipherProvider.java:177)
	at org.apache.nifi.security.util.crypto.Argon2CipherProvider.getCipher(Argon2CipherProvider.java:103)
	at org.apache.nifi.security.util.crypto.Argon2CipherProvider$getCipher$0.call(Unknown Source)
	at org.apache.nifi.security.util.crypto.Argon2CipherProviderGroovyTest$_testGetCipherShouldRejectInvalidIV_closure5$_closure13.doCall(Argon2CipherProviderGroovyTest.groovy:189)
	at org.apache.nifi.security.util.crypto.Argon2CipherProviderGroovyTest$_testGetCipherShouldRejectInvalidIV_closure5$_closure13.doCall(Argon2CipherProviderGroovyTest.groovy)
	at sun.reflect.NativeMethodAccessorImpl.invoke0(Native Method)
	at sun.reflect.NativeMethodAccessorImpl.invoke(NativeMethodAccessorImpl.java:62)
	at sun.reflect.DelegatingMethodAccessorImpl.invoke(DelegatingMethodAccessorImpl.java:43)
	at java.lang.reflect.Method.invoke(Method.java:498)
	at org.codehaus.groovy.reflection.CachedMethod.invoke(CachedMethod.java:101)
	at groovy.lang.MetaMethod.doMethodInvoke(MetaMethod.java:323)
	at org.codehaus.groovy.runtime.metaclass.ClosureMetaClass.invokeMethod(ClosureMetaClass.java:263)
	at groovy.lang.MetaClassImpl.invokeMethod(MetaClassImpl.java:1041)
	at groovy.lang.Closure.call(Closure.java:405)
	at groovy.lang.Closure.call(Closure.java:399)
	at groovy.test.GroovyAssert.shouldFail(GroovyAssert.java:118)
	at groovy.test.GroovyAssert$shouldFail.callStatic(Unknown Source)
	at org.apache.nifi.security.util.crypto.Argon2CipherProviderGroovyTest$_testGetCipherShouldRejectInvalidIV_closure5.doCall(Argon2CipherProviderGroovyTest.groovy:188)
	at sun.reflect.NativeMethodAccessorImpl.invoke0(Native Method)
	at sun.reflect.NativeMethodAccessorImpl.invoke(NativeMethodAccessorImpl.java:62)
	at sun.reflect.DelegatingMethodAccessorImpl.invoke(DelegatingMethodAccessorImpl.java:43)
	at java.lang.reflect.Method.invoke(Method.java:498)
	at org.codehaus.groovy.reflection.CachedMethod.invoke(CachedMethod.java:101)
	at groovy.lang.MetaMethod.doMethodInvoke(MetaMethod.java:323)
	at org.codehaus.groovy.runtime.metaclass.ClosureMetaClass.invokeMethod(ClosureMetaClass.java:263)
	at groovy.lang.MetaClassImpl.invokeMethod(MetaClassImpl.java:1041)
	at groovy.lang.Closure.call(Closure.java:405)
	at groovy.lang.Closure.call(Closure.java:421)
	at org.codehaus.groovy.runtime.DefaultGroovyMethods.each(DefaultGroovyMethods.java:2330)
	at org.codehaus.groovy.runtime.DefaultGroovyMethods.each(DefaultGroovyMethods.java:2315)
	at org.codehaus.groovy.runtime.DefaultGroovyMethods.each(DefaultGroovyMethods.java:2356)
	at org.codehaus.groovy.runtime.dgm$186.invoke(Unknown Source)
	at org.codehaus.groovy.runtime.callsite.PojoMetaMethodSite$PojoMetaMethodSiteNoUnwrapNoCoerce.invoke(PojoMetaMethodSite.java:244)
	at org.codehaus.groovy.runtime.callsite.PojoMetaMethodSite.call(PojoMetaMethodSite.java:53)
	at org.codehaus.groovy.runtime.callsite.CallSiteArray.defaultCall(CallSiteArray.java:47)
	at org.codehaus.groovy.runtime.callsite.AbstractCallSite.call(AbstractCallSite.java:115)
	at org.codehaus.groovy.runtime.callsite.AbstractCallSite.call(AbstractCallSite.java:127)
	at org.apache.nifi.security.util.crypto.Argon2CipherProviderGroovyTest.testGetCipherShouldRejectInvalidIV(Argon2CipherProviderGroovyTest.groovy:181)
	at sun.reflect.NativeMethodAccessorImpl.invoke0(Native Method)
	at sun.reflect.NativeMethodAccessorImpl.invoke(NativeMethodAccessorImpl.java:62)
	at sun.reflect.DelegatingMethodAccessorImpl.invoke(DelegatingMethodAccessorImpl.java:43)
	at java.lang.reflect.Method.invoke(Method.java:498)
	at org.junit.platform.commons.util.ReflectionUtils.invokeMethod(ReflectionUtils.java:688)
	at org.junit.jupiter.engine.execution.MethodInvocation.proceed(MethodInvocation.java:60)
	at org.junit.jupiter.engine.execution.InvocationInterceptorChain$ValidatingInvocation.proceed(InvocationInterceptorChain.java:131)
	at org.junit.jupiter.engine.extension.TimeoutExtension.intercept(TimeoutExtension.java:149)
	at org.junit.jupiter.engine.extension.TimeoutExtension.interceptTestableMethod(TimeoutExtension.java:140)
	at org.junit.jupiter.engine.extension.TimeoutExtension.interceptTestMethod(TimeoutExtension.java:84)
	at org.junit.jupiter.engine.execution.ExecutableInvoker$ReflectiveInterceptorCall.lambda$ofVoidMethod$0(ExecutableInvoker.java:115)
	at org.junit.jupiter.engine.execution.ExecutableInvoker.lambda$invoke$0(ExecutableInvoker.java:105)
	at org.junit.jupiter.engine.execution.InvocationInterceptorChain$InterceptedInvocation.proceed(InvocationInterceptorChain.java:106)
	at org.junit.jupiter.engine.execution.InvocationInterceptorChain.proceed(InvocationInterceptorChain.java:64)
	at org.junit.jupiter.engine.execution.InvocationInterceptorChain.chainAndInvoke(InvocationInterceptorChain.java:45)
	at org.junit.jupiter.engine.execution.InvocationInterceptorChain.invoke(InvocationInterceptorChain.java:37)
	at org.junit.jupiter.engine.execution.ExecutableInvoker.invoke(ExecutableInvoker.java:104)
	at org.junit.jupiter.engine.execution.ExecutableInvoker.invoke(ExecutableInvoker.java:98)
	at org.junit.jupiter.engine.descriptor.TestMethodTestDescriptor.lambda$invokeTestMethod$6(TestMethodTestDescriptor.java:210)
	at org.junit.platform.engine.support.hierarchical.ThrowableCollector.execute(ThrowableCollector.java:73)
	at org.junit.jupiter.engine.descriptor.TestMethodTestDescriptor.invokeTestMethod(TestMethodTestDescriptor.java:206)
	at org.junit.jupiter.engine.descriptor.TestMethodTestDescriptor.execute(TestMethodTestDescriptor.java:131)
	at org.junit.jupiter.engine.descriptor.TestMethodTestDescriptor.execute(TestMethodTestDescriptor.java:65)
	at org.junit.platform.engine.support.hierarchical.NodeTestTask.lambda$executeRecursively$5(NodeTestTask.java:139)
	at org.junit.platform.engine.support.hierarchical.ThrowableCollector.execute(ThrowableCollector.java:73)
	at org.junit.platform.engine.support.hierarchical.NodeTestTask.lambda$executeRecursively$7(NodeTestTask.java:129)
	at org.junit.platform.engine.support.hierarchical.Node.around(Node.java:137)
	at org.junit.platform.engine.support.hierarchical.NodeTestTask.lambda$executeRecursively$8(NodeTestTask.java:127)
	at org.junit.platform.engine.support.hierarchical.ThrowableCollector.execute(ThrowableCollector.java:73)
	at org.junit.platform.engine.support.hierarchical.NodeTestTask.executeRecursively(NodeTestTask.java:126)
	at org.junit.platform.engine.support.hierarchical.NodeTestTask.execute(NodeTestTask.java:84)
	at java.util.ArrayList.forEach(ArrayList.java:1259)
	at org.junit.platform.engine.support.hierarchical.SameThreadHierarchicalTestExecutorService.invokeAll(SameThreadHierarchicalTestExecutorService.java:38)
	at org.junit.platform.engine.support.hierarchical.NodeTestTask.lambda$executeRecursively$5(NodeTestTask.java:143)
	at org.junit.platform.engine.support.hierarchical.ThrowableCollector.execute(ThrowableCollector.java:73)
	at org.junit.platform.engine.support.hierarchical.NodeTestTask.lambda$executeRecursively$7(NodeTestTask.java:129)
	at org.junit.platform.engine.support.hierarchical.Node.around(Node.java:137)
	at org.junit.platform.engine.support.hierarchical.NodeTestTask.lambda$executeRecursively$8(NodeTestTask.java:127)
	at org.junit.platform.engine.support.hierarchical.ThrowableCollector.execute(ThrowableCollector.java:73)
	at org.junit.platform.engine.support.hierarchical.NodeTestTask.executeRecursively(NodeTestTask.java:126)
	at org.junit.platform.engine.support.hierarchical.NodeTestTask.execute(NodeTestTask.java:84)
	at java.util.ArrayList.forEach(ArrayList.java:1259)
	at org.junit.platform.engine.support.hierarchical.SameThreadHierarchicalTestExecutorService.invokeAll(SameThreadHierarchicalTestExecutorService.java:38)
	at org.junit.platform.engine.support.hierarchical.NodeTestTask.lambda$executeRecursively$5(NodeTestTask.java:143)
	at org.junit.platform.engine.support.hierarchical.ThrowableCollector.execute(ThrowableCollector.java:73)
	at org.junit.platform.engine.support.hierarchical.NodeTestTask.lambda$executeRecursively$7(NodeTestTask.java:129)
	at org.junit.platform.engine.support.hierarchical.Node.around(Node.java:137)
	at org.junit.platform.engine.support.hierarchical.NodeTestTask.lambda$executeRecursively$8(NodeTestTask.java:127)
	at org.junit.platform.engine.support.hierarchical.ThrowableCollector.execute(ThrowableCollector.java:73)
	at org.junit.platform.engine.support.hierarchical.NodeTestTask.executeRecursively(NodeTestTask.java:126)
	at org.junit.platform.engine.support.hierarchical.NodeTestTask.execute(NodeTestTask.java:84)
	at org.junit.platform.engine.support.hierarchical.SameThreadHierarchicalTestExecutorService.submit(SameThreadHierarchicalTestExecutorService.java:32)
	at org.junit.platform.engine.support.hierarchical.HierarchicalTestExecutor.execute(HierarchicalTestExecutor.java:57)
	at org.junit.platform.engine.support.hierarchical.HierarchicalTestEngine.execute(HierarchicalTestEngine.java:51)
	at org.junit.platform.launcher.core.EngineExecutionOrchestrator.execute(EngineExecutionOrchestrator.java:108)
	at org.junit.platform.launcher.core.EngineExecutionOrchestrator.execute(EngineExecutionOrchestrator.java:88)
	at org.junit.platform.launcher.core.EngineExecutionOrchestrator.lambda$execute$0(EngineExecutionOrchestrator.java:54)
	at org.junit.platform.launcher.core.EngineExecutionOrchestrator.withInterceptedStreams(EngineExecutionOrchestrator.java:67)
	at org.junit.platform.launcher.core.EngineExecutionOrchestrator.execute(EngineExecutionOrchestrator.java:52)
	at org.junit.platform.launcher.core.DefaultLauncher.execute(DefaultLauncher.java:96)
	at org.junit.platform.launcher.core.DefaultLauncher.execute(DefaultLauncher.java:75)
	at org.apache.maven.surefire.junitplatform.JUnitPlatformProvider.execute(JUnitPlatformProvider.java:188)
	at org.apache.maven.surefire.junitplatform.JUnitPlatformProvider.invokeAllTests(JUnitPlatformProvider.java:154)
	at org.apache.maven.surefire.junitplatform.JUnitPlatformProvider.invoke(JUnitPlatformProvider.java:128)
	at org.apache.maven.surefire.booter.ForkedBooter.runSuitesInProcess(ForkedBooter.java:428)
	at org.apache.maven.surefire.booter.ForkedBooter.execute(ForkedBooter.java:162)
	at org.apache.maven.surefire.booter.ForkedBooter.run(ForkedBooter.java:562)
	at org.apache.maven.surefire.booter.ForkedBooter.main(ForkedBooter.java:548)
[main] INFO org.apache.nifi.security.util.crypto.Argon2CipherProviderGroovyTest - IV: 000000 3
[main] WARN org.apache.nifi.security.util.crypto.Argon2SecureHasher - The provided memory size 1024 KiB is below the recommended minimum 65536 KiB.
[main] WARN org.apache.nifi.security.util.crypto.Argon2SecureHasher - The provided parallelization factor 1 is below the recommended minimum 8.
[main] WARN org.apache.nifi.security.util.crypto.Argon2SecureHasher - The provided iteration count 3 is below the recommended minimum 5.
[main] WARN org.apache.nifi.security.util.crypto.AESKeyedCipherProvider - An IV was provided of length 3 bytes for encryption but should be 16 bytes
[main] WARN org.apache.nifi.security.util.crypto.AESKeyedCipherProvider - Generating new IV. The value can be obtained in the calling code by invoking 'cipher.getIV()';
[main] WARN org.apache.nifi.security.util.crypto.Argon2SecureHasher - The provided memory size 1024 KiB is below the recommended minimum 65536 KiB.
[main] WARN org.apache.nifi.security.util.crypto.Argon2SecureHasher - The provided parallelization factor 1 is below the recommended minimum 8.
[main] WARN org.apache.nifi.security.util.crypto.Argon2SecureHasher - The provided iteration count 3 is below the recommended minimum 5.
[main] WARN org.apache.nifi.security.util.crypto.AESKeyedCipherProvider - An IV was provided of length 3 bytes for decryption but should be 16 bytes
[main] ERROR org.apache.nifi.security.util.crypto.Argon2CipherProvider - Encountered an error generating the Argon2 hash
java.lang.IllegalArgumentException: Cannot decrypt without a valid IV
	at org.apache.nifi.security.util.crypto.AESKeyedCipherProvider.getInitializedCipher(AESKeyedCipherProvider.java:128)
	at org.apache.nifi.security.util.crypto.AESKeyedCipherProvider.getCipher(AESKeyedCipherProvider.java:60)
	at org.apache.nifi.security.util.crypto.Argon2CipherProvider.getInitializedCipher(Argon2CipherProvider.java:177)
	at org.apache.nifi.security.util.crypto.Argon2CipherProvider.getCipher(Argon2CipherProvider.java:103)
	at org.apache.nifi.security.util.crypto.Argon2CipherProvider$getCipher$0.call(Unknown Source)
	at org.apache.nifi.security.util.crypto.Argon2CipherProviderGroovyTest$_testGetCipherShouldRejectInvalidIV_closure5$_closure13.doCall(Argon2CipherProviderGroovyTest.groovy:189)
	at org.apache.nifi.security.util.crypto.Argon2CipherProviderGroovyTest$_testGetCipherShouldRejectInvalidIV_closure5$_closure13.doCall(Argon2CipherProviderGroovyTest.groovy)
	at sun.reflect.NativeMethodAccessorImpl.invoke0(Native Method)
	at sun.reflect.NativeMethodAccessorImpl.invoke(NativeMethodAccessorImpl.java:62)
	at sun.reflect.DelegatingMethodAccessorImpl.invoke(DelegatingMethodAccessorImpl.java:43)
	at java.lang.reflect.Method.invoke(Method.java:498)
	at org.codehaus.groovy.reflection.CachedMethod.invoke(CachedMethod.java:101)
	at groovy.lang.MetaMethod.doMethodInvoke(MetaMethod.java:323)
	at org.codehaus.groovy.runtime.metaclass.ClosureMetaClass.invokeMethod(ClosureMetaClass.java:263)
	at groovy.lang.MetaClassImpl.invokeMethod(MetaClassImpl.java:1041)
	at groovy.lang.Closure.call(Closure.java:405)
	at groovy.lang.Closure.call(Closure.java:399)
	at groovy.test.GroovyAssert.shouldFail(GroovyAssert.java:118)
	at groovy.test.GroovyAssert$shouldFail.callStatic(Unknown Source)
	at org.apache.nifi.security.util.crypto.Argon2CipherProviderGroovyTest$_testGetCipherShouldRejectInvalidIV_closure5.doCall(Argon2CipherProviderGroovyTest.groovy:188)
	at sun.reflect.NativeMethodAccessorImpl.invoke0(Native Method)
	at sun.reflect.NativeMethodAccessorImpl.invoke(NativeMethodAccessorImpl.java:62)
	at sun.reflect.DelegatingMethodAccessorImpl.invoke(DelegatingMethodAccessorImpl.java:43)
	at java.lang.reflect.Method.invoke(Method.java:498)
	at org.codehaus.groovy.reflection.CachedMethod.invoke(CachedMethod.java:101)
	at groovy.lang.MetaMethod.doMethodInvoke(MetaMethod.java:323)
	at org.codehaus.groovy.runtime.metaclass.ClosureMetaClass.invokeMethod(ClosureMetaClass.java:263)
	at groovy.lang.MetaClassImpl.invokeMethod(MetaClassImpl.java:1041)
	at groovy.lang.Closure.call(Closure.java:405)
	at groovy.lang.Closure.call(Closure.java:421)
	at org.codehaus.groovy.runtime.DefaultGroovyMethods.each(DefaultGroovyMethods.java:2330)
	at org.codehaus.groovy.runtime.DefaultGroovyMethods.each(DefaultGroovyMethods.java:2315)
	at org.codehaus.groovy.runtime.DefaultGroovyMethods.each(DefaultGroovyMethods.java:2356)
	at org.codehaus.groovy.runtime.dgm$186.invoke(Unknown Source)
	at org.codehaus.groovy.runtime.callsite.PojoMetaMethodSite$PojoMetaMethodSiteNoUnwrapNoCoerce.invoke(PojoMetaMethodSite.java:244)
	at org.codehaus.groovy.runtime.callsite.PojoMetaMethodSite.call(PojoMetaMethodSite.java:53)
	at org.codehaus.groovy.runtime.callsite.CallSiteArray.defaultCall(CallSiteArray.java:47)
	at org.codehaus.groovy.runtime.callsite.AbstractCallSite.call(AbstractCallSite.java:115)
	at org.codehaus.groovy.runtime.callsite.AbstractCallSite.call(AbstractCallSite.java:127)
	at org.apache.nifi.security.util.crypto.Argon2CipherProviderGroovyTest.testGetCipherShouldRejectInvalidIV(Argon2CipherProviderGroovyTest.groovy:181)
	at sun.reflect.NativeMethodAccessorImpl.invoke0(Native Method)
	at sun.reflect.NativeMethodAccessorImpl.invoke(NativeMethodAccessorImpl.java:62)
	at sun.reflect.DelegatingMethodAccessorImpl.invoke(DelegatingMethodAccessorImpl.java:43)
	at java.lang.reflect.Method.invoke(Method.java:498)
	at org.junit.platform.commons.util.ReflectionUtils.invokeMethod(ReflectionUtils.java:688)
	at org.junit.jupiter.engine.execution.MethodInvocation.proceed(MethodInvocation.java:60)
	at org.junit.jupiter.engine.execution.InvocationInterceptorChain$ValidatingInvocation.proceed(InvocationInterceptorChain.java:131)
	at org.junit.jupiter.engine.extension.TimeoutExtension.intercept(TimeoutExtension.java:149)
	at org.junit.jupiter.engine.extension.TimeoutExtension.interceptTestableMethod(TimeoutExtension.java:140)
	at org.junit.jupiter.engine.extension.TimeoutExtension.interceptTestMethod(TimeoutExtension.java:84)
	at org.junit.jupiter.engine.execution.ExecutableInvoker$ReflectiveInterceptorCall.lambda$ofVoidMethod$0(ExecutableInvoker.java:115)
	at org.junit.jupiter.engine.execution.ExecutableInvoker.lambda$invoke$0(ExecutableInvoker.java:105)
	at org.junit.jupiter.engine.execution.InvocationInterceptorChain$InterceptedInvocation.proceed(InvocationInterceptorChain.java:106)
	at org.junit.jupiter.engine.execution.InvocationInterceptorChain.proceed(InvocationInterceptorChain.java:64)
	at org.junit.jupiter.engine.execution.InvocationInterceptorChain.chainAndInvoke(InvocationInterceptorChain.java:45)
	at org.junit.jupiter.engine.execution.InvocationInterceptorChain.invoke(InvocationInterceptorChain.java:37)
	at org.junit.jupiter.engine.execution.ExecutableInvoker.invoke(ExecutableInvoker.java:104)
	at org.junit.jupiter.engine.execution.ExecutableInvoker.invoke(ExecutableInvoker.java:98)
	at org.junit.jupiter.engine.descriptor.TestMethodTestDescriptor.lambda$invokeTestMethod$6(TestMethodTestDescriptor.java:210)
	at org.junit.platform.engine.support.hierarchical.ThrowableCollector.execute(ThrowableCollector.java:73)
	at org.junit.jupiter.engine.descriptor.TestMethodTestDescriptor.invokeTestMethod(TestMethodTestDescriptor.java:206)
	at org.junit.jupiter.engine.descriptor.TestMethodTestDescriptor.execute(TestMethodTestDescriptor.java:131)
	at org.junit.jupiter.engine.descriptor.TestMethodTestDescriptor.execute(TestMethodTestDescriptor.java:65)
	at org.junit.platform.engine.support.hierarchical.NodeTestTask.lambda$executeRecursively$5(NodeTestTask.java:139)
	at org.junit.platform.engine.support.hierarchical.ThrowableCollector.execute(ThrowableCollector.java:73)
	at org.junit.platform.engine.support.hierarchical.NodeTestTask.lambda$executeRecursively$7(NodeTestTask.java:129)
	at org.junit.platform.engine.support.hierarchical.Node.around(Node.java:137)
	at org.junit.platform.engine.support.hierarchical.NodeTestTask.lambda$executeRecursively$8(NodeTestTask.java:127)
	at org.junit.platform.engine.support.hierarchical.ThrowableCollector.execute(ThrowableCollector.java:73)
	at org.junit.platform.engine.support.hierarchical.NodeTestTask.executeRecursively(NodeTestTask.java:126)
	at org.junit.platform.engine.support.hierarchical.NodeTestTask.execute(NodeTestTask.java:84)
	at java.util.ArrayList.forEach(ArrayList.java:1259)
	at org.junit.platform.engine.support.hierarchical.SameThreadHierarchicalTestExecutorService.invokeAll(SameThreadHierarchicalTestExecutorService.java:38)
	at org.junit.platform.engine.support.hierarchical.NodeTestTask.lambda$executeRecursively$5(NodeTestTask.java:143)
	at org.junit.platform.engine.support.hierarchical.ThrowableCollector.execute(ThrowableCollector.java:73)
	at org.junit.platform.engine.support.hierarchical.NodeTestTask.lambda$executeRecursively$7(NodeTestTask.java:129)
	at org.junit.platform.engine.support.hierarchical.Node.around(Node.java:137)
	at org.junit.platform.engine.support.hierarchical.NodeTestTask.lambda$executeRecursively$8(NodeTestTask.java:127)
	at org.junit.platform.engine.support.hierarchical.ThrowableCollector.execute(ThrowableCollector.java:73)
	at org.junit.platform.engine.support.hierarchical.NodeTestTask.executeRecursively(NodeTestTask.java:126)
	at org.junit.platform.engine.support.hierarchical.NodeTestTask.execute(NodeTestTask.java:84)
	at java.util.ArrayList.forEach(ArrayList.java:1259)
	at org.junit.platform.engine.support.hierarchical.SameThreadHierarchicalTestExecutorService.invokeAll(SameThreadHierarchicalTestExecutorService.java:38)
	at org.junit.platform.engine.support.hierarchical.NodeTestTask.lambda$executeRecursively$5(NodeTestTask.java:143)
	at org.junit.platform.engine.support.hierarchical.ThrowableCollector.execute(ThrowableCollector.java:73)
	at org.junit.platform.engine.support.hierarchical.NodeTestTask.lambda$executeRecursively$7(NodeTestTask.java:129)
	at org.junit.platform.engine.support.hierarchical.Node.around(Node.java:137)
	at org.junit.platform.engine.support.hierarchical.NodeTestTask.lambda$executeRecursively$8(NodeTestTask.java:127)
	at org.junit.platform.engine.support.hierarchical.ThrowableCollector.execute(ThrowableCollector.java:73)
	at org.junit.platform.engine.support.hierarchical.NodeTestTask.executeRecursively(NodeTestTask.java:126)
	at org.junit.platform.engine.support.hierarchical.NodeTestTask.execute(NodeTestTask.java:84)
	at org.junit.platform.engine.support.hierarchical.SameThreadHierarchicalTestExecutorService.submit(SameThreadHierarchicalTestExecutorService.java:32)
	at org.junit.platform.engine.support.hierarchical.HierarchicalTestExecutor.execute(HierarchicalTestExecutor.java:57)
	at org.junit.platform.engine.support.hierarchical.HierarchicalTestEngine.execute(HierarchicalTestEngine.java:51)
	at org.junit.platform.launcher.core.EngineExecutionOrchestrator.execute(EngineExecutionOrchestrator.java:108)
	at org.junit.platform.launcher.core.EngineExecutionOrchestrator.execute(EngineExecutionOrchestrator.java:88)
	at org.junit.platform.launcher.core.EngineExecutionOrchestrator.lambda$execute$0(EngineExecutionOrchestrator.java:54)
	at org.junit.platform.launcher.core.EngineExecutionOrchestrator.withInterceptedStreams(EngineExecutionOrchestrator.java:67)
	at org.junit.platform.launcher.core.EngineExecutionOrchestrator.execute(EngineExecutionOrchestrator.java:52)
	at org.junit.platform.launcher.core.DefaultLauncher.execute(DefaultLauncher.java:96)
	at org.junit.platform.launcher.core.DefaultLauncher.execute(DefaultLauncher.java:75)
	at org.apache.maven.surefire.junitplatform.JUnitPlatformProvider.execute(JUnitPlatformProvider.java:188)
	at org.apache.maven.surefire.junitplatform.JUnitPlatformProvider.invokeAllTests(JUnitPlatformProvider.java:154)
	at org.apache.maven.surefire.junitplatform.JUnitPlatformProvider.invoke(JUnitPlatformProvider.java:128)
	at org.apache.maven.surefire.booter.ForkedBooter.runSuitesInProcess(ForkedBooter.java:428)
	at org.apache.maven.surefire.booter.ForkedBooter.execute(ForkedBooter.java:162)
	at org.apache.maven.surefire.booter.ForkedBooter.run(ForkedBooter.java:562)
	at org.apache.maven.surefire.booter.ForkedBooter.main(ForkedBooter.java:548)
[main] INFO org.apache.nifi.security.util.crypto.Argon2CipherProviderGroovyTest - IV: 00000000 4
[main] WARN org.apache.nifi.security.util.crypto.Argon2SecureHasher - The provided memory size 1024 KiB is below the recommended minimum 65536 KiB.
[main] WARN org.apache.nifi.security.util.crypto.Argon2SecureHasher - The provided parallelization factor 1 is below the recommended minimum 8.
[main] WARN org.apache.nifi.security.util.crypto.Argon2SecureHasher - The provided iteration count 3 is below the recommended minimum 5.
[main] WARN org.apache.nifi.security.util.crypto.AESKeyedCipherProvider - An IV was provided of length 4 bytes for encryption but should be 16 bytes
[main] WARN org.apache.nifi.security.util.crypto.AESKeyedCipherProvider - Generating new IV. The value can be obtained in the calling code by invoking 'cipher.getIV()';
[main] WARN org.apache.nifi.security.util.crypto.Argon2SecureHasher - The provided memory size 1024 KiB is below the recommended minimum 65536 KiB.
[main] WARN org.apache.nifi.security.util.crypto.Argon2SecureHasher - The provided parallelization factor 1 is below the recommended minimum 8.
[main] WARN org.apache.nifi.security.util.crypto.Argon2SecureHasher - The provided iteration count 3 is below the recommended minimum 5.
[main] WARN org.apache.nifi.security.util.crypto.AESKeyedCipherProvider - An IV was provided of length 4 bytes for decryption but should be 16 bytes
[main] ERROR org.apache.nifi.security.util.crypto.Argon2CipherProvider - Encountered an error generating the Argon2 hash
java.lang.IllegalArgumentException: Cannot decrypt without a valid IV
	at org.apache.nifi.security.util.crypto.AESKeyedCipherProvider.getInitializedCipher(AESKeyedCipherProvider.java:128)
	at org.apache.nifi.security.util.crypto.AESKeyedCipherProvider.getCipher(AESKeyedCipherProvider.java:60)
	at org.apache.nifi.security.util.crypto.Argon2CipherProvider.getInitializedCipher(Argon2CipherProvider.java:177)
	at org.apache.nifi.security.util.crypto.Argon2CipherProvider.getCipher(Argon2CipherProvider.java:103)
	at org.apache.nifi.security.util.crypto.Argon2CipherProvider$getCipher$0.call(Unknown Source)
	at org.apache.nifi.security.util.crypto.Argon2CipherProviderGroovyTest$_testGetCipherShouldRejectInvalidIV_closure5$_closure13.doCall(Argon2CipherProviderGroovyTest.groovy:189)
	at org.apache.nifi.security.util.crypto.Argon2CipherProviderGroovyTest$_testGetCipherShouldRejectInvalidIV_closure5$_closure13.doCall(Argon2CipherProviderGroovyTest.groovy)
	at sun.reflect.NativeMethodAccessorImpl.invoke0(Native Method)
	at sun.reflect.NativeMethodAccessorImpl.invoke(NativeMethodAccessorImpl.java:62)
	at sun.reflect.DelegatingMethodAccessorImpl.invoke(DelegatingMethodAccessorImpl.java:43)
	at java.lang.reflect.Method.invoke(Method.java:498)
	at org.codehaus.groovy.reflection.CachedMethod.invoke(CachedMethod.java:101)
	at groovy.lang.MetaMethod.doMethodInvoke(MetaMethod.java:323)
	at org.codehaus.groovy.runtime.metaclass.ClosureMetaClass.invokeMethod(ClosureMetaClass.java:263)
	at groovy.lang.MetaClassImpl.invokeMethod(MetaClassImpl.java:1041)
	at groovy.lang.Closure.call(Closure.java:405)
	at groovy.lang.Closure.call(Closure.java:399)
	at groovy.test.GroovyAssert.shouldFail(GroovyAssert.java:118)
	at groovy.test.GroovyAssert$shouldFail.callStatic(Unknown Source)
	at org.apache.nifi.security.util.crypto.Argon2CipherProviderGroovyTest$_testGetCipherShouldRejectInvalidIV_closure5.doCall(Argon2CipherProviderGroovyTest.groovy:188)
	at sun.reflect.NativeMethodAccessorImpl.invoke0(Native Method)
	at sun.reflect.NativeMethodAccessorImpl.invoke(NativeMethodAccessorImpl.java:62)
	at sun.reflect.DelegatingMethodAccessorImpl.invoke(DelegatingMethodAccessorImpl.java:43)
	at java.lang.reflect.Method.invoke(Method.java:498)
	at org.codehaus.groovy.reflection.CachedMethod.invoke(CachedMethod.java:101)
	at groovy.lang.MetaMethod.doMethodInvoke(MetaMethod.java:323)
	at org.codehaus.groovy.runtime.metaclass.ClosureMetaClass.invokeMethod(ClosureMetaClass.java:263)
	at groovy.lang.MetaClassImpl.invokeMethod(MetaClassImpl.java:1041)
	at groovy.lang.Closure.call(Closure.java:405)
	at groovy.lang.Closure.call(Closure.java:421)
	at org.codehaus.groovy.runtime.DefaultGroovyMethods.each(DefaultGroovyMethods.java:2330)
	at org.codehaus.groovy.runtime.DefaultGroovyMethods.each(DefaultGroovyMethods.java:2315)
	at org.codehaus.groovy.runtime.DefaultGroovyMethods.each(DefaultGroovyMethods.java:2356)
	at org.codehaus.groovy.runtime.dgm$186.invoke(Unknown Source)
	at org.codehaus.groovy.runtime.callsite.PojoMetaMethodSite$PojoMetaMethodSiteNoUnwrapNoCoerce.invoke(PojoMetaMethodSite.java:244)
	at org.codehaus.groovy.runtime.callsite.PojoMetaMethodSite.call(PojoMetaMethodSite.java:53)
	at org.codehaus.groovy.runtime.callsite.CallSiteArray.defaultCall(CallSiteArray.java:47)
	at org.codehaus.groovy.runtime.callsite.AbstractCallSite.call(AbstractCallSite.java:115)
	at org.codehaus.groovy.runtime.callsite.AbstractCallSite.call(AbstractCallSite.java:127)
	at org.apache.nifi.security.util.crypto.Argon2CipherProviderGroovyTest.testGetCipherShouldRejectInvalidIV(Argon2CipherProviderGroovyTest.groovy:181)
	at sun.reflect.NativeMethodAccessorImpl.invoke0(Native Method)
	at sun.reflect.NativeMethodAccessorImpl.invoke(NativeMethodAccessorImpl.java:62)
	at sun.reflect.DelegatingMethodAccessorImpl.invoke(DelegatingMethodAccessorImpl.java:43)
	at java.lang.reflect.Method.invoke(Method.java:498)
	at org.junit.platform.commons.util.ReflectionUtils.invokeMethod(ReflectionUtils.java:688)
	at org.junit.jupiter.engine.execution.MethodInvocation.proceed(MethodInvocation.java:60)
	at org.junit.jupiter.engine.execution.InvocationInterceptorChain$ValidatingInvocation.proceed(InvocationInterceptorChain.java:131)
	at org.junit.jupiter.engine.extension.TimeoutExtension.intercept(TimeoutExtension.java:149)
	at org.junit.jupiter.engine.extension.TimeoutExtension.interceptTestableMethod(TimeoutExtension.java:140)
	at org.junit.jupiter.engine.extension.TimeoutExtension.interceptTestMethod(TimeoutExtension.java:84)
	at org.junit.jupiter.engine.execution.ExecutableInvoker$ReflectiveInterceptorCall.lambda$ofVoidMethod$0(ExecutableInvoker.java:115)
	at org.junit.jupiter.engine.execution.ExecutableInvoker.lambda$invoke$0(ExecutableInvoker.java:105)
	at org.junit.jupiter.engine.execution.InvocationInterceptorChain$InterceptedInvocation.proceed(InvocationInterceptorChain.java:106)
	at org.junit.jupiter.engine.execution.InvocationInterceptorChain.proceed(InvocationInterceptorChain.java:64)
	at org.junit.jupiter.engine.execution.InvocationInterceptorChain.chainAndInvoke(InvocationInterceptorChain.java:45)
	at org.junit.jupiter.engine.execution.InvocationInterceptorChain.invoke(InvocationInterceptorChain.java:37)
	at org.junit.jupiter.engine.execution.ExecutableInvoker.invoke(ExecutableInvoker.java:104)
	at org.junit.jupiter.engine.execution.ExecutableInvoker.invoke(ExecutableInvoker.java:98)
	at org.junit.jupiter.engine.descriptor.TestMethodTestDescriptor.lambda$invokeTestMethod$6(TestMethodTestDescriptor.java:210)
	at org.junit.platform.engine.support.hierarchical.ThrowableCollector.execute(ThrowableCollector.java:73)
	at org.junit.jupiter.engine.descriptor.TestMethodTestDescriptor.invokeTestMethod(TestMethodTestDescriptor.java:206)
	at org.junit.jupiter.engine.descriptor.TestMethodTestDescriptor.execute(TestMethodTestDescriptor.java:131)
	at org.junit.jupiter.engine.descriptor.TestMethodTestDescriptor.execute(TestMethodTestDescriptor.java:65)
	at org.junit.platform.engine.support.hierarchical.NodeTestTask.lambda$executeRecursively$5(NodeTestTask.java:139)
	at org.junit.platform.engine.support.hierarchical.ThrowableCollector.execute(ThrowableCollector.java:73)
	at org.junit.platform.engine.support.hierarchical.NodeTestTask.lambda$executeRecursively$7(NodeTestTask.java:129)
	at org.junit.platform.engine.support.hierarchical.Node.around(Node.java:137)
	at org.junit.platform.engine.support.hierarchical.NodeTestTask.lambda$executeRecursively$8(NodeTestTask.java:127)
	at org.junit.platform.engine.support.hierarchical.ThrowableCollector.execute(ThrowableCollector.java:73)
	at org.junit.platform.engine.support.hierarchical.NodeTestTask.executeRecursively(NodeTestTask.java:126)
	at org.junit.platform.engine.support.hierarchical.NodeTestTask.execute(NodeTestTask.java:84)
	at java.util.ArrayList.forEach(ArrayList.java:1259)
	at org.junit.platform.engine.support.hierarchical.SameThreadHierarchicalTestExecutorService.invokeAll(SameThreadHierarchicalTestExecutorService.java:38)
	at org.junit.platform.engine.support.hierarchical.NodeTestTask.lambda$executeRecursively$5(NodeTestTask.java:143)
	at org.junit.platform.engine.support.hierarchical.ThrowableCollector.execute(ThrowableCollector.java:73)
	at org.junit.platform.engine.support.hierarchical.NodeTestTask.lambda$executeRecursively$7(NodeTestTask.java:129)
	at org.junit.platform.engine.support.hierarchical.Node.around(Node.java:137)
	at org.junit.platform.engine.support.hierarchical.NodeTestTask.lambda$executeRecursively$8(NodeTestTask.java:127)
	at org.junit.platform.engine.support.hierarchical.ThrowableCollector.execute(ThrowableCollector.java:73)
	at org.junit.platform.engine.support.hierarchical.NodeTestTask.executeRecursively(NodeTestTask.java:126)
	at org.junit.platform.engine.support.hierarchical.NodeTestTask.execute(NodeTestTask.java:84)
	at java.util.ArrayList.forEach(ArrayList.java:1259)
	at org.junit.platform.engine.support.hierarchical.SameThreadHierarchicalTestExecutorService.invokeAll(SameThreadHierarchicalTestExecutorService.java:38)
	at org.junit.platform.engine.support.hierarchical.NodeTestTask.lambda$executeRecursively$5(NodeTestTask.java:143)
	at org.junit.platform.engine.support.hierarchical.ThrowableCollector.execute(ThrowableCollector.java:73)
	at org.junit.platform.engine.support.hierarchical.NodeTestTask.lambda$executeRecursively$7(NodeTestTask.java:129)
	at org.junit.platform.engine.support.hierarchical.Node.around(Node.java:137)
	at org.junit.platform.engine.support.hierarchical.NodeTestTask.lambda$executeRecursively$8(NodeTestTask.java:127)
	at org.junit.platform.engine.support.hierarchical.ThrowableCollector.execute(ThrowableCollector.java:73)
	at org.junit.platform.engine.support.hierarchical.NodeTestTask.executeRecursively(NodeTestTask.java:126)
	at org.junit.platform.engine.support.hierarchical.NodeTestTask.execute(NodeTestTask.java:84)
	at org.junit.platform.engine.support.hierarchical.SameThreadHierarchicalTestExecutorService.submit(SameThreadHierarchicalTestExecutorService.java:32)
	at org.junit.platform.engine.support.hierarchical.HierarchicalTestExecutor.execute(HierarchicalTestExecutor.java:57)
	at org.junit.platform.engine.support.hierarchical.HierarchicalTestEngine.execute(HierarchicalTestEngine.java:51)
	at org.junit.platform.launcher.core.EngineExecutionOrchestrator.execute(EngineExecutionOrchestrator.java:108)
	at org.junit.platform.launcher.core.EngineExecutionOrchestrator.execute(EngineExecutionOrchestrator.java:88)
	at org.junit.platform.launcher.core.EngineExecutionOrchestrator.lambda$execute$0(EngineExecutionOrchestrator.java:54)
	at org.junit.platform.launcher.core.EngineExecutionOrchestrator.withInterceptedStreams(EngineExecutionOrchestrator.java:67)
	at org.junit.platform.launcher.core.EngineExecutionOrchestrator.execute(EngineExecutionOrchestrator.java:52)
	at org.junit.platform.launcher.core.DefaultLauncher.execute(DefaultLauncher.java:96)
	at org.junit.platform.launcher.core.DefaultLauncher.execute(DefaultLauncher.java:75)
	at org.apache.maven.surefire.junitplatform.JUnitPlatformProvider.execute(JUnitPlatformProvider.java:188)
	at org.apache.maven.surefire.junitplatform.JUnitPlatformProvider.invokeAllTests(JUnitPlatformProvider.java:154)
	at org.apache.maven.surefire.junitplatform.JUnitPlatformProvider.invoke(JUnitPlatformProvider.java:128)
	at org.apache.maven.surefire.booter.ForkedBooter.runSuitesInProcess(ForkedBooter.java:428)
	at org.apache.maven.surefire.booter.ForkedBooter.execute(ForkedBooter.java:162)
	at org.apache.maven.surefire.booter.ForkedBooter.run(ForkedBooter.java:562)
	at org.apache.maven.surefire.booter.ForkedBooter.main(ForkedBooter.java:548)
[main] INFO org.apache.nifi.security.util.crypto.Argon2CipherProviderGroovyTest - IV: 0000000000 5
[main] WARN org.apache.nifi.security.util.crypto.Argon2SecureHasher - The provided memory size 1024 KiB is below the recommended minimum 65536 KiB.
[main] WARN org.apache.nifi.security.util.crypto.Argon2SecureHasher - The provided parallelization factor 1 is below the recommended minimum 8.
[main] WARN org.apache.nifi.security.util.crypto.Argon2SecureHasher - The provided iteration count 3 is below the recommended minimum 5.
[main] WARN org.apache.nifi.security.util.crypto.AESKeyedCipherProvider - An IV was provided of length 5 bytes for encryption but should be 16 bytes
[main] WARN org.apache.nifi.security.util.crypto.AESKeyedCipherProvider - Generating new IV. The value can be obtained in the calling code by invoking 'cipher.getIV()';
[main] WARN org.apache.nifi.security.util.crypto.Argon2SecureHasher - The provided memory size 1024 KiB is below the recommended minimum 65536 KiB.
[main] WARN org.apache.nifi.security.util.crypto.Argon2SecureHasher - The provided parallelization factor 1 is below the recommended minimum 8.
[main] WARN org.apache.nifi.security.util.crypto.Argon2SecureHasher - The provided iteration count 3 is below the recommended minimum 5.
[main] WARN org.apache.nifi.security.util.crypto.AESKeyedCipherProvider - An IV was provided of length 5 bytes for decryption but should be 16 bytes
[main] ERROR org.apache.nifi.security.util.crypto.Argon2CipherProvider - Encountered an error generating the Argon2 hash
java.lang.IllegalArgumentException: Cannot decrypt without a valid IV
	at org.apache.nifi.security.util.crypto.AESKeyedCipherProvider.getInitializedCipher(AESKeyedCipherProvider.java:128)
	at org.apache.nifi.security.util.crypto.AESKeyedCipherProvider.getCipher(AESKeyedCipherProvider.java:60)
	at org.apache.nifi.security.util.crypto.Argon2CipherProvider.getInitializedCipher(Argon2CipherProvider.java:177)
	at org.apache.nifi.security.util.crypto.Argon2CipherProvider.getCipher(Argon2CipherProvider.java:103)
	at org.apache.nifi.security.util.crypto.Argon2CipherProvider$getCipher$0.call(Unknown Source)
	at org.apache.nifi.security.util.crypto.Argon2CipherProviderGroovyTest$_testGetCipherShouldRejectInvalidIV_closure5$_closure13.doCall(Argon2CipherProviderGroovyTest.groovy:189)
	at org.apache.nifi.security.util.crypto.Argon2CipherProviderGroovyTest$_testGetCipherShouldRejectInvalidIV_closure5$_closure13.doCall(Argon2CipherProviderGroovyTest.groovy)
	at sun.reflect.NativeMethodAccessorImpl.invoke0(Native Method)
	at sun.reflect.NativeMethodAccessorImpl.invoke(NativeMethodAccessorImpl.java:62)
	at sun.reflect.DelegatingMethodAccessorImpl.invoke(DelegatingMethodAccessorImpl.java:43)
	at java.lang.reflect.Method.invoke(Method.java:498)
	at org.codehaus.groovy.reflection.CachedMethod.invoke(CachedMethod.java:101)
	at groovy.lang.MetaMethod.doMethodInvoke(MetaMethod.java:323)
	at org.codehaus.groovy.runtime.metaclass.ClosureMetaClass.invokeMethod(ClosureMetaClass.java:263)
	at groovy.lang.MetaClassImpl.invokeMethod(MetaClassImpl.java:1041)
	at groovy.lang.Closure.call(Closure.java:405)
	at groovy.lang.Closure.call(Closure.java:399)
	at groovy.test.GroovyAssert.shouldFail(GroovyAssert.java:118)
	at groovy.test.GroovyAssert$shouldFail.callStatic(Unknown Source)
	at org.apache.nifi.security.util.crypto.Argon2CipherProviderGroovyTest$_testGetCipherShouldRejectInvalidIV_closure5.doCall(Argon2CipherProviderGroovyTest.groovy:188)
	at sun.reflect.NativeMethodAccessorImpl.invoke0(Native Method)
	at sun.reflect.NativeMethodAccessorImpl.invoke(NativeMethodAccessorImpl.java:62)
	at sun.reflect.DelegatingMethodAccessorImpl.invoke(DelegatingMethodAccessorImpl.java:43)
	at java.lang.reflect.Method.invoke(Method.java:498)
	at org.codehaus.groovy.reflection.CachedMethod.invoke(CachedMethod.java:101)
	at groovy.lang.MetaMethod.doMethodInvoke(MetaMethod.java:323)
	at org.codehaus.groovy.runtime.metaclass.ClosureMetaClass.invokeMethod(ClosureMetaClass.java:263)
	at groovy.lang.MetaClassImpl.invokeMethod(MetaClassImpl.java:1041)
	at groovy.lang.Closure.call(Closure.java:405)
	at groovy.lang.Closure.call(Closure.java:421)
	at org.codehaus.groovy.runtime.DefaultGroovyMethods.each(DefaultGroovyMethods.java:2330)
	at org.codehaus.groovy.runtime.DefaultGroovyMethods.each(DefaultGroovyMethods.java:2315)
	at org.codehaus.groovy.runtime.DefaultGroovyMethods.each(DefaultGroovyMethods.java:2356)
	at org.codehaus.groovy.runtime.dgm$186.invoke(Unknown Source)
	at org.codehaus.groovy.runtime.callsite.PojoMetaMethodSite$PojoMetaMethodSiteNoUnwrapNoCoerce.invoke(PojoMetaMethodSite.java:244)
	at org.codehaus.groovy.runtime.callsite.PojoMetaMethodSite.call(PojoMetaMethodSite.java:53)
	at org.codehaus.groovy.runtime.callsite.CallSiteArray.defaultCall(CallSiteArray.java:47)
	at org.codehaus.groovy.runtime.callsite.AbstractCallSite.call(AbstractCallSite.java:115)
	at org.codehaus.groovy.runtime.callsite.AbstractCallSite.call(AbstractCallSite.java:127)
	at org.apache.nifi.security.util.crypto.Argon2CipherProviderGroovyTest.testGetCipherShouldRejectInvalidIV(Argon2CipherProviderGroovyTest.groovy:181)
	at sun.reflect.NativeMethodAccessorImpl.invoke0(Native Method)
	at sun.reflect.NativeMethodAccessorImpl.invoke(NativeMethodAccessorImpl.java:62)
	at sun.reflect.DelegatingMethodAccessorImpl.invoke(DelegatingMethodAccessorImpl.java:43)
	at java.lang.reflect.Method.invoke(Method.java:498)
	at org.junit.platform.commons.util.ReflectionUtils.invokeMethod(ReflectionUtils.java:688)
	at org.junit.jupiter.engine.execution.MethodInvocation.proceed(MethodInvocation.java:60)
	at org.junit.jupiter.engine.execution.InvocationInterceptorChain$ValidatingInvocation.proceed(InvocationInterceptorChain.java:131)
	at org.junit.jupiter.engine.extension.TimeoutExtension.intercept(TimeoutExtension.java:149)
	at org.junit.jupiter.engine.extension.TimeoutExtension.interceptTestableMethod(TimeoutExtension.java:140)
	at org.junit.jupiter.engine.extension.TimeoutExtension.interceptTestMethod(TimeoutExtension.java:84)
	at org.junit.jupiter.engine.execution.ExecutableInvoker$ReflectiveInterceptorCall.lambda$ofVoidMethod$0(ExecutableInvoker.java:115)
	at org.junit.jupiter.engine.execution.ExecutableInvoker.lambda$invoke$0(ExecutableInvoker.java:105)
	at org.junit.jupiter.engine.execution.InvocationInterceptorChain$InterceptedInvocation.proceed(InvocationInterceptorChain.java:106)
	at org.junit.jupiter.engine.execution.InvocationInterceptorChain.proceed(InvocationInterceptorChain.java:64)
	at org.junit.jupiter.engine.execution.InvocationInterceptorChain.chainAndInvoke(InvocationInterceptorChain.java:45)
	at org.junit.jupiter.engine.execution.InvocationInterceptorChain.invoke(InvocationInterceptorChain.java:37)
	at org.junit.jupiter.engine.execution.ExecutableInvoker.invoke(ExecutableInvoker.java:104)
	at org.junit.jupiter.engine.execution.ExecutableInvoker.invoke(ExecutableInvoker.java:98)
	at org.junit.jupiter.engine.descriptor.TestMethodTestDescriptor.lambda$invokeTestMethod$6(TestMethodTestDescriptor.java:210)
	at org.junit.platform.engine.support.hierarchical.ThrowableCollector.execute(ThrowableCollector.java:73)
	at org.junit.jupiter.engine.descriptor.TestMethodTestDescriptor.invokeTestMethod(TestMethodTestDescriptor.java:206)
	at org.junit.jupiter.engine.descriptor.TestMethodTestDescriptor.execute(TestMethodTestDescriptor.java:131)
	at org.junit.jupiter.engine.descriptor.TestMethodTestDescriptor.execute(TestMethodTestDescriptor.java:65)
	at org.junit.platform.engine.support.hierarchical.NodeTestTask.lambda$executeRecursively$5(NodeTestTask.java:139)
	at org.junit.platform.engine.support.hierarchical.ThrowableCollector.execute(ThrowableCollector.java:73)
	at org.junit.platform.engine.support.hierarchical.NodeTestTask.lambda$executeRecursively$7(NodeTestTask.java:129)
	at org.junit.platform.engine.support.hierarchical.Node.around(Node.java:137)
	at org.junit.platform.engine.support.hierarchical.NodeTestTask.lambda$executeRecursively$8(NodeTestTask.java:127)
	at org.junit.platform.engine.support.hierarchical.ThrowableCollector.execute(ThrowableCollector.java:73)
	at org.junit.platform.engine.support.hierarchical.NodeTestTask.executeRecursively(NodeTestTask.java:126)
	at org.junit.platform.engine.support.hierarchical.NodeTestTask.execute(NodeTestTask.java:84)
	at java.util.ArrayList.forEach(ArrayList.java:1259)
	at org.junit.platform.engine.support.hierarchical.SameThreadHierarchicalTestExecutorService.invokeAll(SameThreadHierarchicalTestExecutorService.java:38)
	at org.junit.platform.engine.support.hierarchical.NodeTestTask.lambda$executeRecursively$5(NodeTestTask.java:143)
	at org.junit.platform.engine.support.hierarchical.ThrowableCollector.execute(ThrowableCollector.java:73)
	at org.junit.platform.engine.support.hierarchical.NodeTestTask.lambda$executeRecursively$7(NodeTestTask.java:129)
	at org.junit.platform.engine.support.hierarchical.Node.around(Node.java:137)
	at org.junit.platform.engine.support.hierarchical.NodeTestTask.lambda$executeRecursively$8(NodeTestTask.java:127)
	at org.junit.platform.engine.support.hierarchical.ThrowableCollector.execute(ThrowableCollector.java:73)
	at org.junit.platform.engine.support.hierarchical.NodeTestTask.executeRecursively(NodeTestTask.java:126)
	at org.junit.platform.engine.support.hierarchical.NodeTestTask.execute(NodeTestTask.java:84)
	at java.util.ArrayList.forEach(ArrayList.java:1259)
	at org.junit.platform.engine.support.hierarchical.SameThreadHierarchicalTestExecutorService.invokeAll(SameThreadHierarchicalTestExecutorService.java:38)
	at org.junit.platform.engine.support.hierarchical.NodeTestTask.lambda$executeRecursively$5(NodeTestTask.java:143)
	at org.junit.platform.engine.support.hierarchical.ThrowableCollector.execute(ThrowableCollector.java:73)
	at org.junit.platform.engine.support.hierarchical.NodeTestTask.lambda$executeRecursively$7(NodeTestTask.java:129)
	at org.junit.platform.engine.support.hierarchical.Node.around(Node.java:137)
	at org.junit.platform.engine.support.hierarchical.NodeTestTask.lambda$executeRecursively$8(NodeTestTask.java:127)
	at org.junit.platform.engine.support.hierarchical.ThrowableCollector.execute(ThrowableCollector.java:73)
	at org.junit.platform.engine.support.hierarchical.NodeTestTask.executeRecursively(NodeTestTask.java:126)
	at org.junit.platform.engine.support.hierarchical.NodeTestTask.execute(NodeTestTask.java:84)
	at org.junit.platform.engine.support.hierarchical.SameThreadHierarchicalTestExecutorService.submit(SameThreadHierarchicalTestExecutorService.java:32)
	at org.junit.platform.engine.support.hierarchical.HierarchicalTestExecutor.execute(HierarchicalTestExecutor.java:57)
	at org.junit.platform.engine.support.hierarchical.HierarchicalTestEngine.execute(HierarchicalTestEngine.java:51)
	at org.junit.platform.launcher.core.EngineExecutionOrchestrator.execute(EngineExecutionOrchestrator.java:108)
	at org.junit.platform.launcher.core.EngineExecutionOrchestrator.execute(EngineExecutionOrchestrator.java:88)
	at org.junit.platform.launcher.core.EngineExecutionOrchestrator.lambda$execute$0(EngineExecutionOrchestrator.java:54)
	at org.junit.platform.launcher.core.EngineExecutionOrchestrator.withInterceptedStreams(EngineExecutionOrchestrator.java:67)
	at org.junit.platform.launcher.core.EngineExecutionOrchestrator.execute(EngineExecutionOrchestrator.java:52)
	at org.junit.platform.launcher.core.DefaultLauncher.execute(DefaultLauncher.java:96)
	at org.junit.platform.launcher.core.DefaultLauncher.execute(DefaultLauncher.java:75)
	at org.apache.maven.surefire.junitplatform.JUnitPlatformProvider.execute(JUnitPlatformProvider.java:188)
	at org.apache.maven.surefire.junitplatform.JUnitPlatformProvider.invokeAllTests(JUnitPlatformProvider.java:154)
	at org.apache.maven.surefire.junitplatform.JUnitPlatformProvider.invoke(JUnitPlatformProvider.java:128)
	at org.apache.maven.surefire.booter.ForkedBooter.runSuitesInProcess(ForkedBooter.java:428)
	at org.apache.maven.surefire.booter.ForkedBooter.execute(ForkedBooter.java:162)
	at org.apache.maven.surefire.booter.ForkedBooter.run(ForkedBooter.java:562)
	at org.apache.maven.surefire.booter.ForkedBooter.main(ForkedBooter.java:548)
[main] INFO org.apache.nifi.security.util.crypto.Argon2CipherProviderGroovyTest - IV: 000000000000 6
[main] WARN org.apache.nifi.security.util.crypto.Argon2SecureHasher - The provided memory size 1024 KiB is below the recommended minimum 65536 KiB.
[main] WARN org.apache.nifi.security.util.crypto.Argon2SecureHasher - The provided parallelization factor 1 is below the recommended minimum 8.
[main] WARN org.apache.nifi.security.util.crypto.Argon2SecureHasher - The provided iteration count 3 is below the recommended minimum 5.
[main] WARN org.apache.nifi.security.util.crypto.AESKeyedCipherProvider - An IV was provided of length 6 bytes for encryption but should be 16 bytes
[main] WARN org.apache.nifi.security.util.crypto.AESKeyedCipherProvider - Generating new IV. The value can be obtained in the calling code by invoking 'cipher.getIV()';
[main] WARN org.apache.nifi.security.util.crypto.Argon2SecureHasher - The provided memory size 1024 KiB is below the recommended minimum 65536 KiB.
[main] WARN org.apache.nifi.security.util.crypto.Argon2SecureHasher - The provided parallelization factor 1 is below the recommended minimum 8.
[main] WARN org.apache.nifi.security.util.crypto.Argon2SecureHasher - The provided iteration count 3 is below the recommended minimum 5.
[main] WARN org.apache.nifi.security.util.crypto.AESKeyedCipherProvider - An IV was provided of length 6 bytes for decryption but should be 16 bytes
[main] ERROR org.apache.nifi.security.util.crypto.Argon2CipherProvider - Encountered an error generating the Argon2 hash
java.lang.IllegalArgumentException: Cannot decrypt without a valid IV
	at org.apache.nifi.security.util.crypto.AESKeyedCipherProvider.getInitializedCipher(AESKeyedCipherProvider.java:128)
	at org.apache.nifi.security.util.crypto.AESKeyedCipherProvider.getCipher(AESKeyedCipherProvider.java:60)
	at org.apache.nifi.security.util.crypto.Argon2CipherProvider.getInitializedCipher(Argon2CipherProvider.java:177)
	at org.apache.nifi.security.util.crypto.Argon2CipherProvider.getCipher(Argon2CipherProvider.java:103)
	at org.apache.nifi.security.util.crypto.Argon2CipherProvider$getCipher$0.call(Unknown Source)
	at org.apache.nifi.security.util.crypto.Argon2CipherProviderGroovyTest$_testGetCipherShouldRejectInvalidIV_closure5$_closure13.doCall(Argon2CipherProviderGroovyTest.groovy:189)
	at org.apache.nifi.security.util.crypto.Argon2CipherProviderGroovyTest$_testGetCipherShouldRejectInvalidIV_closure5$_closure13.doCall(Argon2CipherProviderGroovyTest.groovy)
	at sun.reflect.NativeMethodAccessorImpl.invoke0(Native Method)
	at sun.reflect.NativeMethodAccessorImpl.invoke(NativeMethodAccessorImpl.java:62)
	at sun.reflect.DelegatingMethodAccessorImpl.invoke(DelegatingMethodAccessorImpl.java:43)
	at java.lang.reflect.Method.invoke(Method.java:498)
	at org.codehaus.groovy.reflection.CachedMethod.invoke(CachedMethod.java:101)
	at groovy.lang.MetaMethod.doMethodInvoke(MetaMethod.java:323)
	at org.codehaus.groovy.runtime.metaclass.ClosureMetaClass.invokeMethod(ClosureMetaClass.java:263)
	at groovy.lang.MetaClassImpl.invokeMethod(MetaClassImpl.java:1041)
	at groovy.lang.Closure.call(Closure.java:405)
	at groovy.lang.Closure.call(Closure.java:399)
	at groovy.test.GroovyAssert.shouldFail(GroovyAssert.java:118)
	at groovy.test.GroovyAssert$shouldFail.callStatic(Unknown Source)
	at org.apache.nifi.security.util.crypto.Argon2CipherProviderGroovyTest$_testGetCipherShouldRejectInvalidIV_closure5.doCall(Argon2CipherProviderGroovyTest.groovy:188)
	at sun.reflect.NativeMethodAccessorImpl.invoke0(Native Method)
	at sun.reflect.NativeMethodAccessorImpl.invoke(NativeMethodAccessorImpl.java:62)
	at sun.reflect.DelegatingMethodAccessorImpl.invoke(DelegatingMethodAccessorImpl.java:43)
	at java.lang.reflect.Method.invoke(Method.java:498)
	at org.codehaus.groovy.reflection.CachedMethod.invoke(CachedMethod.java:101)
	at groovy.lang.MetaMethod.doMethodInvoke(MetaMethod.java:323)
	at org.codehaus.groovy.runtime.metaclass.ClosureMetaClass.invokeMethod(ClosureMetaClass.java:263)
	at groovy.lang.MetaClassImpl.invokeMethod(MetaClassImpl.java:1041)
	at groovy.lang.Closure.call(Closure.java:405)
	at groovy.lang.Closure.call(Closure.java:421)
	at org.codehaus.groovy.runtime.DefaultGroovyMethods.each(DefaultGroovyMethods.java:2330)
	at org.codehaus.groovy.runtime.DefaultGroovyMethods.each(DefaultGroovyMethods.java:2315)
	at org.codehaus.groovy.runtime.DefaultGroovyMethods.each(DefaultGroovyMethods.java:2356)
	at org.codehaus.groovy.runtime.dgm$186.invoke(Unknown Source)
	at org.codehaus.groovy.runtime.callsite.PojoMetaMethodSite$PojoMetaMethodSiteNoUnwrapNoCoerce.invoke(PojoMetaMethodSite.java:244)
	at org.codehaus.groovy.runtime.callsite.PojoMetaMethodSite.call(PojoMetaMethodSite.java:53)
	at org.codehaus.groovy.runtime.callsite.CallSiteArray.defaultCall(CallSiteArray.java:47)
	at org.codehaus.groovy.runtime.callsite.AbstractCallSite.call(AbstractCallSite.java:115)
	at org.codehaus.groovy.runtime.callsite.AbstractCallSite.call(AbstractCallSite.java:127)
	at org.apache.nifi.security.util.crypto.Argon2CipherProviderGroovyTest.testGetCipherShouldRejectInvalidIV(Argon2CipherProviderGroovyTest.groovy:181)
	at sun.reflect.NativeMethodAccessorImpl.invoke0(Native Method)
	at sun.reflect.NativeMethodAccessorImpl.invoke(NativeMethodAccessorImpl.java:62)
	at sun.reflect.DelegatingMethodAccessorImpl.invoke(DelegatingMethodAccessorImpl.java:43)
	at java.lang.reflect.Method.invoke(Method.java:498)
	at org.junit.platform.commons.util.ReflectionUtils.invokeMethod(ReflectionUtils.java:688)
	at org.junit.jupiter.engine.execution.MethodInvocation.proceed(MethodInvocation.java:60)
	at org.junit.jupiter.engine.execution.InvocationInterceptorChain$ValidatingInvocation.proceed(InvocationInterceptorChain.java:131)
	at org.junit.jupiter.engine.extension.TimeoutExtension.intercept(TimeoutExtension.java:149)
	at org.junit.jupiter.engine.extension.TimeoutExtension.interceptTestableMethod(TimeoutExtension.java:140)
	at org.junit.jupiter.engine.extension.TimeoutExtension.interceptTestMethod(TimeoutExtension.java:84)
	at org.junit.jupiter.engine.execution.ExecutableInvoker$ReflectiveInterceptorCall.lambda$ofVoidMethod$0(ExecutableInvoker.java:115)
	at org.junit.jupiter.engine.execution.ExecutableInvoker.lambda$invoke$0(ExecutableInvoker.java:105)
	at org.junit.jupiter.engine.execution.InvocationInterceptorChain$InterceptedInvocation.proceed(InvocationInterceptorChain.java:106)
	at org.junit.jupiter.engine.execution.InvocationInterceptorChain.proceed(InvocationInterceptorChain.java:64)
	at org.junit.jupiter.engine.execution.InvocationInterceptorChain.chainAndInvoke(InvocationInterceptorChain.java:45)
	at org.junit.jupiter.engine.execution.InvocationInterceptorChain.invoke(InvocationInterceptorChain.java:37)
	at org.junit.jupiter.engine.execution.ExecutableInvoker.invoke(ExecutableInvoker.java:104)
	at org.junit.jupiter.engine.execution.ExecutableInvoker.invoke(ExecutableInvoker.java:98)
	at org.junit.jupiter.engine.descriptor.TestMethodTestDescriptor.lambda$invokeTestMethod$6(TestMethodTestDescriptor.java:210)
	at org.junit.platform.engine.support.hierarchical.ThrowableCollector.execute(ThrowableCollector.java:73)
	at org.junit.jupiter.engine.descriptor.TestMethodTestDescriptor.invokeTestMethod(TestMethodTestDescriptor.java:206)
	at org.junit.jupiter.engine.descriptor.TestMethodTestDescriptor.execute(TestMethodTestDescriptor.java:131)
	at org.junit.jupiter.engine.descriptor.TestMethodTestDescriptor.execute(TestMethodTestDescriptor.java:65)
	at org.junit.platform.engine.support.hierarchical.NodeTestTask.lambda$executeRecursively$5(NodeTestTask.java:139)
	at org.junit.platform.engine.support.hierarchical.ThrowableCollector.execute(ThrowableCollector.java:73)
	at org.junit.platform.engine.support.hierarchical.NodeTestTask.lambda$executeRecursively$7(NodeTestTask.java:129)
	at org.junit.platform.engine.support.hierarchical.Node.around(Node.java:137)
	at org.junit.platform.engine.support.hierarchical.NodeTestTask.lambda$executeRecursively$8(NodeTestTask.java:127)
	at org.junit.platform.engine.support.hierarchical.ThrowableCollector.execute(ThrowableCollector.java:73)
	at org.junit.platform.engine.support.hierarchical.NodeTestTask.executeRecursively(NodeTestTask.java:126)
	at org.junit.platform.engine.support.hierarchical.NodeTestTask.execute(NodeTestTask.java:84)
	at java.util.ArrayList.forEach(ArrayList.java:1259)
	at org.junit.platform.engine.support.hierarchical.SameThreadHierarchicalTestExecutorService.invokeAll(SameThreadHierarchicalTestExecutorService.java:38)
	at org.junit.platform.engine.support.hierarchical.NodeTestTask.lambda$executeRecursively$5(NodeTestTask.java:143)
	at org.junit.platform.engine.support.hierarchical.ThrowableCollector.execute(ThrowableCollector.java:73)
	at org.junit.platform.engine.support.hierarchical.NodeTestTask.lambda$executeRecursively$7(NodeTestTask.java:129)
	at org.junit.platform.engine.support.hierarchical.Node.around(Node.java:137)
	at org.junit.platform.engine.support.hierarchical.NodeTestTask.lambda$executeRecursively$8(NodeTestTask.java:127)
	at org.junit.platform.engine.support.hierarchical.ThrowableCollector.execute(ThrowableCollector.java:73)
	at org.junit.platform.engine.support.hierarchical.NodeTestTask.executeRecursively(NodeTestTask.java:126)
	at org.junit.platform.engine.support.hierarchical.NodeTestTask.execute(NodeTestTask.java:84)
	at java.util.ArrayList.forEach(ArrayList.java:1259)
	at org.junit.platform.engine.support.hierarchical.SameThreadHierarchicalTestExecutorService.invokeAll(SameThreadHierarchicalTestExecutorService.java:38)
	at org.junit.platform.engine.support.hierarchical.NodeTestTask.lambda$executeRecursively$5(NodeTestTask.java:143)
	at org.junit.platform.engine.support.hierarchical.ThrowableCollector.execute(ThrowableCollector.java:73)
	at org.junit.platform.engine.support.hierarchical.NodeTestTask.lambda$executeRecursively$7(NodeTestTask.java:129)
	at org.junit.platform.engine.support.hierarchical.Node.around(Node.java:137)
	at org.junit.platform.engine.support.hierarchical.NodeTestTask.lambda$executeRecursively$8(NodeTestTask.java:127)
	at org.junit.platform.engine.support.hierarchical.ThrowableCollector.execute(ThrowableCollector.java:73)
	at org.junit.platform.engine.support.hierarchical.NodeTestTask.executeRecursively(NodeTestTask.java:126)
	at org.junit.platform.engine.support.hierarchical.NodeTestTask.execute(NodeTestTask.java:84)
	at org.junit.platform.engine.support.hierarchical.SameThreadHierarchicalTestExecutorService.submit(SameThreadHierarchicalTestExecutorService.java:32)
	at org.junit.platform.engine.support.hierarchical.HierarchicalTestExecutor.execute(HierarchicalTestExecutor.java:57)
	at org.junit.platform.engine.support.hierarchical.HierarchicalTestEngine.execute(HierarchicalTestEngine.java:51)
	at org.junit.platform.launcher.core.EngineExecutionOrchestrator.execute(EngineExecutionOrchestrator.java:108)
	at org.junit.platform.launcher.core.EngineExecutionOrchestrator.execute(EngineExecutionOrchestrator.java:88)
	at org.junit.platform.launcher.core.EngineExecutionOrchestrator.lambda$execute$0(EngineExecutionOrchestrator.java:54)
	at org.junit.platform.launcher.core.EngineExecutionOrchestrator.withInterceptedStreams(EngineExecutionOrchestrator.java:67)
	at org.junit.platform.launcher.core.EngineExecutionOrchestrator.execute(EngineExecutionOrchestrator.java:52)
	at org.junit.platform.launcher.core.DefaultLauncher.execute(DefaultLauncher.java:96)
	at org.junit.platform.launcher.core.DefaultLauncher.execute(DefaultLauncher.java:75)
	at org.apache.maven.surefire.junitplatform.JUnitPlatformProvider.execute(JUnitPlatformProvider.java:188)
	at org.apache.maven.surefire.junitplatform.JUnitPlatformProvider.invokeAllTests(JUnitPlatformProvider.java:154)
	at org.apache.maven.surefire.junitplatform.JUnitPlatformProvider.invoke(JUnitPlatformProvider.java:128)
	at org.apache.maven.surefire.booter.ForkedBooter.runSuitesInProcess(ForkedBooter.java:428)
	at org.apache.maven.surefire.booter.ForkedBooter.execute(ForkedBooter.java:162)
	at org.apache.maven.surefire.booter.ForkedBooter.run(ForkedBooter.java:562)
	at org.apache.maven.surefire.booter.ForkedBooter.main(ForkedBooter.java:548)
[main] INFO org.apache.nifi.security.util.crypto.Argon2CipherProviderGroovyTest - IV: 00000000000000 7
[main] WARN org.apache.nifi.security.util.crypto.Argon2SecureHasher - The provided memory size 1024 KiB is below the recommended minimum 65536 KiB.
[main] WARN org.apache.nifi.security.util.crypto.Argon2SecureHasher - The provided parallelization factor 1 is below the recommended minimum 8.
[main] WARN org.apache.nifi.security.util.crypto.Argon2SecureHasher - The provided iteration count 3 is below the recommended minimum 5.
[main] WARN org.apache.nifi.security.util.crypto.AESKeyedCipherProvider - An IV was provided of length 7 bytes for encryption but should be 16 bytes
[main] WARN org.apache.nifi.security.util.crypto.AESKeyedCipherProvider - Generating new IV. The value can be obtained in the calling code by invoking 'cipher.getIV()';
[main] WARN org.apache.nifi.security.util.crypto.Argon2SecureHasher - The provided memory size 1024 KiB is below the recommended minimum 65536 KiB.
[main] WARN org.apache.nifi.security.util.crypto.Argon2SecureHasher - The provided parallelization factor 1 is below the recommended minimum 8.
[main] WARN org.apache.nifi.security.util.crypto.Argon2SecureHasher - The provided iteration count 3 is below the recommended minimum 5.
[main] WARN org.apache.nifi.security.util.crypto.AESKeyedCipherProvider - An IV was provided of length 7 bytes for decryption but should be 16 bytes
[main] ERROR org.apache.nifi.security.util.crypto.Argon2CipherProvider - Encountered an error generating the Argon2 hash
java.lang.IllegalArgumentException: Cannot decrypt without a valid IV
	at org.apache.nifi.security.util.crypto.AESKeyedCipherProvider.getInitializedCipher(AESKeyedCipherProvider.java:128)
	at org.apache.nifi.security.util.crypto.AESKeyedCipherProvider.getCipher(AESKeyedCipherProvider.java:60)
	at org.apache.nifi.security.util.crypto.Argon2CipherProvider.getInitializedCipher(Argon2CipherProvider.java:177)
	at org.apache.nifi.security.util.crypto.Argon2CipherProvider.getCipher(Argon2CipherProvider.java:103)
	at org.apache.nifi.security.util.crypto.Argon2CipherProvider$getCipher$0.call(Unknown Source)
	at org.apache.nifi.security.util.crypto.Argon2CipherProviderGroovyTest$_testGetCipherShouldRejectInvalidIV_closure5$_closure13.doCall(Argon2CipherProviderGroovyTest.groovy:189)
	at org.apache.nifi.security.util.crypto.Argon2CipherProviderGroovyTest$_testGetCipherShouldRejectInvalidIV_closure5$_closure13.doCall(Argon2CipherProviderGroovyTest.groovy)
	at sun.reflect.NativeMethodAccessorImpl.invoke0(Native Method)
	at sun.reflect.NativeMethodAccessorImpl.invoke(NativeMethodAccessorImpl.java:62)
	at sun.reflect.DelegatingMethodAccessorImpl.invoke(DelegatingMethodAccessorImpl.java:43)
	at java.lang.reflect.Method.invoke(Method.java:498)
	at org.codehaus.groovy.reflection.CachedMethod.invoke(CachedMethod.java:101)
	at groovy.lang.MetaMethod.doMethodInvoke(MetaMethod.java:323)
	at org.codehaus.groovy.runtime.metaclass.ClosureMetaClass.invokeMethod(ClosureMetaClass.java:263)
	at groovy.lang.MetaClassImpl.invokeMethod(MetaClassImpl.java:1041)
	at groovy.lang.Closure.call(Closure.java:405)
	at groovy.lang.Closure.call(Closure.java:399)
	at groovy.test.GroovyAssert.shouldFail(GroovyAssert.java:118)
	at groovy.test.GroovyAssert$shouldFail.callStatic(Unknown Source)
	at org.apache.nifi.security.util.crypto.Argon2CipherProviderGroovyTest$_testGetCipherShouldRejectInvalidIV_closure5.doCall(Argon2CipherProviderGroovyTest.groovy:188)
	at sun.reflect.NativeMethodAccessorImpl.invoke0(Native Method)
	at sun.reflect.NativeMethodAccessorImpl.invoke(NativeMethodAccessorImpl.java:62)
	at sun.reflect.DelegatingMethodAccessorImpl.invoke(DelegatingMethodAccessorImpl.java:43)
	at java.lang.reflect.Method.invoke(Method.java:498)
	at org.codehaus.groovy.reflection.CachedMethod.invoke(CachedMethod.java:101)
	at groovy.lang.MetaMethod.doMethodInvoke(MetaMethod.java:323)
	at org.codehaus.groovy.runtime.metaclass.ClosureMetaClass.invokeMethod(ClosureMetaClass.java:263)
	at groovy.lang.MetaClassImpl.invokeMethod(MetaClassImpl.java:1041)
	at groovy.lang.Closure.call(Closure.java:405)
	at groovy.lang.Closure.call(Closure.java:421)
	at org.codehaus.groovy.runtime.DefaultGroovyMethods.each(DefaultGroovyMethods.java:2330)
	at org.codehaus.groovy.runtime.DefaultGroovyMethods.each(DefaultGroovyMethods.java:2315)
	at org.codehaus.groovy.runtime.DefaultGroovyMethods.each(DefaultGroovyMethods.java:2356)
	at org.codehaus.groovy.runtime.dgm$186.invoke(Unknown Source)
	at org.codehaus.groovy.runtime.callsite.PojoMetaMethodSite$PojoMetaMethodSiteNoUnwrapNoCoerce.invoke(PojoMetaMethodSite.java:244)
	at org.codehaus.groovy.runtime.callsite.PojoMetaMethodSite.call(PojoMetaMethodSite.java:53)
	at org.codehaus.groovy.runtime.callsite.CallSiteArray.defaultCall(CallSiteArray.java:47)
	at org.codehaus.groovy.runtime.callsite.AbstractCallSite.call(AbstractCallSite.java:115)
	at org.codehaus.groovy.runtime.callsite.AbstractCallSite.call(AbstractCallSite.java:127)
	at org.apache.nifi.security.util.crypto.Argon2CipherProviderGroovyTest.testGetCipherShouldRejectInvalidIV(Argon2CipherProviderGroovyTest.groovy:181)
	at sun.reflect.NativeMethodAccessorImpl.invoke0(Native Method)
	at sun.reflect.NativeMethodAccessorImpl.invoke(NativeMethodAccessorImpl.java:62)
	at sun.reflect.DelegatingMethodAccessorImpl.invoke(DelegatingMethodAccessorImpl.java:43)
	at java.lang.reflect.Method.invoke(Method.java:498)
	at org.junit.platform.commons.util.ReflectionUtils.invokeMethod(ReflectionUtils.java:688)
	at org.junit.jupiter.engine.execution.MethodInvocation.proceed(MethodInvocation.java:60)
	at org.junit.jupiter.engine.execution.InvocationInterceptorChain$ValidatingInvocation.proceed(InvocationInterceptorChain.java:131)
	at org.junit.jupiter.engine.extension.TimeoutExtension.intercept(TimeoutExtension.java:149)
	at org.junit.jupiter.engine.extension.TimeoutExtension.interceptTestableMethod(TimeoutExtension.java:140)
	at org.junit.jupiter.engine.extension.TimeoutExtension.interceptTestMethod(TimeoutExtension.java:84)
	at org.junit.jupiter.engine.execution.ExecutableInvoker$ReflectiveInterceptorCall.lambda$ofVoidMethod$0(ExecutableInvoker.java:115)
	at org.junit.jupiter.engine.execution.ExecutableInvoker.lambda$invoke$0(ExecutableInvoker.java:105)
	at org.junit.jupiter.engine.execution.InvocationInterceptorChain$InterceptedInvocation.proceed(InvocationInterceptorChain.java:106)
	at org.junit.jupiter.engine.execution.InvocationInterceptorChain.proceed(InvocationInterceptorChain.java:64)
	at org.junit.jupiter.engine.execution.InvocationInterceptorChain.chainAndInvoke(InvocationInterceptorChain.java:45)
	at org.junit.jupiter.engine.execution.InvocationInterceptorChain.invoke(InvocationInterceptorChain.java:37)
	at org.junit.jupiter.engine.execution.ExecutableInvoker.invoke(ExecutableInvoker.java:104)
	at org.junit.jupiter.engine.execution.ExecutableInvoker.invoke(ExecutableInvoker.java:98)
	at org.junit.jupiter.engine.descriptor.TestMethodTestDescriptor.lambda$invokeTestMethod$6(TestMethodTestDescriptor.java:210)
	at org.junit.platform.engine.support.hierarchical.ThrowableCollector.execute(ThrowableCollector.java:73)
	at org.junit.jupiter.engine.descriptor.TestMethodTestDescriptor.invokeTestMethod(TestMethodTestDescriptor.java:206)
	at org.junit.jupiter.engine.descriptor.TestMethodTestDescriptor.execute(TestMethodTestDescriptor.java:131)
	at org.junit.jupiter.engine.descriptor.TestMethodTestDescriptor.execute(TestMethodTestDescriptor.java:65)
	at org.junit.platform.engine.support.hierarchical.NodeTestTask.lambda$executeRecursively$5(NodeTestTask.java:139)
	at org.junit.platform.engine.support.hierarchical.ThrowableCollector.execute(ThrowableCollector.java:73)
	at org.junit.platform.engine.support.hierarchical.NodeTestTask.lambda$executeRecursively$7(NodeTestTask.java:129)
	at org.junit.platform.engine.support.hierarchical.Node.around(Node.java:137)
	at org.junit.platform.engine.support.hierarchical.NodeTestTask.lambda$executeRecursively$8(NodeTestTask.java:127)
	at org.junit.platform.engine.support.hierarchical.ThrowableCollector.execute(ThrowableCollector.java:73)
	at org.junit.platform.engine.support.hierarchical.NodeTestTask.executeRecursively(NodeTestTask.java:126)
	at org.junit.platform.engine.support.hierarchical.NodeTestTask.execute(NodeTestTask.java:84)
	at java.util.ArrayList.forEach(ArrayList.java:1259)
	at org.junit.platform.engine.support.hierarchical.SameThreadHierarchicalTestExecutorService.invokeAll(SameThreadHierarchicalTestExecutorService.java:38)
	at org.junit.platform.engine.support.hierarchical.NodeTestTask.lambda$executeRecursively$5(NodeTestTask.java:143)
	at org.junit.platform.engine.support.hierarchical.ThrowableCollector.execute(ThrowableCollector.java:73)
	at org.junit.platform.engine.support.hierarchical.NodeTestTask.lambda$executeRecursively$7(NodeTestTask.java:129)
	at org.junit.platform.engine.support.hierarchical.Node.around(Node.java:137)
	at org.junit.platform.engine.support.hierarchical.NodeTestTask.lambda$executeRecursively$8(NodeTestTask.java:127)
	at org.junit.platform.engine.support.hierarchical.ThrowableCollector.execute(ThrowableCollector.java:73)
	at org.junit.platform.engine.support.hierarchical.NodeTestTask.executeRecursively(NodeTestTask.java:126)
	at org.junit.platform.engine.support.hierarchical.NodeTestTask.execute(NodeTestTask.java:84)
	at java.util.ArrayList.forEach(ArrayList.java:1259)
	at org.junit.platform.engine.support.hierarchical.SameThreadHierarchicalTestExecutorService.invokeAll(SameThreadHierarchicalTestExecutorService.java:38)
	at org.junit.platform.engine.support.hierarchical.NodeTestTask.lambda$executeRecursively$5(NodeTestTask.java:143)
	at org.junit.platform.engine.support.hierarchical.ThrowableCollector.execute(ThrowableCollector.java:73)
	at org.junit.platform.engine.support.hierarchical.NodeTestTask.lambda$executeRecursively$7(NodeTestTask.java:129)
	at org.junit.platform.engine.support.hierarchical.Node.around(Node.java:137)
	at org.junit.platform.engine.support.hierarchical.NodeTestTask.lambda$executeRecursively$8(NodeTestTask.java:127)
	at org.junit.platform.engine.support.hierarchical.ThrowableCollector.execute(ThrowableCollector.java:73)
	at org.junit.platform.engine.support.hierarchical.NodeTestTask.executeRecursively(NodeTestTask.java:126)
	at org.junit.platform.engine.support.hierarchical.NodeTestTask.execute(NodeTestTask.java:84)
	at org.junit.platform.engine.support.hierarchical.SameThreadHierarchicalTestExecutorService.submit(SameThreadHierarchicalTestExecutorService.java:32)
	at org.junit.platform.engine.support.hierarchical.HierarchicalTestExecutor.execute(HierarchicalTestExecutor.java:57)
	at org.junit.platform.engine.support.hierarchical.HierarchicalTestEngine.execute(HierarchicalTestEngine.java:51)
	at org.junit.platform.launcher.core.EngineExecutionOrchestrator.execute(EngineExecutionOrchestrator.java:108)
	at org.junit.platform.launcher.core.EngineExecutionOrchestrator.execute(EngineExecutionOrchestrator.java:88)
	at org.junit.platform.launcher.core.EngineExecutionOrchestrator.lambda$execute$0(EngineExecutionOrchestrator.java:54)
	at org.junit.platform.launcher.core.EngineExecutionOrchestrator.withInterceptedStreams(EngineExecutionOrchestrator.java:67)
	at org.junit.platform.launcher.core.EngineExecutionOrchestrator.execute(EngineExecutionOrchestrator.java:52)
	at org.junit.platform.launcher.core.DefaultLauncher.execute(DefaultLauncher.java:96)
	at org.junit.platform.launcher.core.DefaultLauncher.execute(DefaultLauncher.java:75)
	at org.apache.maven.surefire.junitplatform.JUnitPlatformProvider.execute(JUnitPlatformProvider.java:188)
	at org.apache.maven.surefire.junitplatform.JUnitPlatformProvider.invokeAllTests(JUnitPlatformProvider.java:154)
	at org.apache.maven.surefire.junitplatform.JUnitPlatformProvider.invoke(JUnitPlatformProvider.java:128)
	at org.apache.maven.surefire.booter.ForkedBooter.runSuitesInProcess(ForkedBooter.java:428)
	at org.apache.maven.surefire.booter.ForkedBooter.execute(ForkedBooter.java:162)
	at org.apache.maven.surefire.booter.ForkedBooter.run(ForkedBooter.java:562)
	at org.apache.maven.surefire.booter.ForkedBooter.main(ForkedBooter.java:548)
[main] INFO org.apache.nifi.security.util.crypto.Argon2CipherProviderGroovyTest - IV: 0000000000000000 8
[main] WARN org.apache.nifi.security.util.crypto.Argon2SecureHasher - The provided memory size 1024 KiB is below the recommended minimum 65536 KiB.
[main] WARN org.apache.nifi.security.util.crypto.Argon2SecureHasher - The provided parallelization factor 1 is below the recommended minimum 8.
[main] WARN org.apache.nifi.security.util.crypto.Argon2SecureHasher - The provided iteration count 3 is below the recommended minimum 5.
[main] WARN org.apache.nifi.security.util.crypto.AESKeyedCipherProvider - An IV was provided of length 8 bytes for encryption but should be 16 bytes
[main] WARN org.apache.nifi.security.util.crypto.AESKeyedCipherProvider - Generating new IV. The value can be obtained in the calling code by invoking 'cipher.getIV()';
[main] WARN org.apache.nifi.security.util.crypto.Argon2SecureHasher - The provided memory size 1024 KiB is below the recommended minimum 65536 KiB.
[main] WARN org.apache.nifi.security.util.crypto.Argon2SecureHasher - The provided parallelization factor 1 is below the recommended minimum 8.
[main] WARN org.apache.nifi.security.util.crypto.Argon2SecureHasher - The provided iteration count 3 is below the recommended minimum 5.
[main] WARN org.apache.nifi.security.util.crypto.AESKeyedCipherProvider - An IV was provided of length 8 bytes for decryption but should be 16 bytes
[main] ERROR org.apache.nifi.security.util.crypto.Argon2CipherProvider - Encountered an error generating the Argon2 hash
java.lang.IllegalArgumentException: Cannot decrypt without a valid IV
	at org.apache.nifi.security.util.crypto.AESKeyedCipherProvider.getInitializedCipher(AESKeyedCipherProvider.java:128)
	at org.apache.nifi.security.util.crypto.AESKeyedCipherProvider.getCipher(AESKeyedCipherProvider.java:60)
	at org.apache.nifi.security.util.crypto.Argon2CipherProvider.getInitializedCipher(Argon2CipherProvider.java:177)
	at org.apache.nifi.security.util.crypto.Argon2CipherProvider.getCipher(Argon2CipherProvider.java:103)
	at org.apache.nifi.security.util.crypto.Argon2CipherProvider$getCipher$0.call(Unknown Source)
	at org.apache.nifi.security.util.crypto.Argon2CipherProviderGroovyTest$_testGetCipherShouldRejectInvalidIV_closure5$_closure13.doCall(Argon2CipherProviderGroovyTest.groovy:189)
	at org.apache.nifi.security.util.crypto.Argon2CipherProviderGroovyTest$_testGetCipherShouldRejectInvalidIV_closure5$_closure13.doCall(Argon2CipherProviderGroovyTest.groovy)
	at sun.reflect.NativeMethodAccessorImpl.invoke0(Native Method)
	at sun.reflect.NativeMethodAccessorImpl.invoke(NativeMethodAccessorImpl.java:62)
	at sun.reflect.DelegatingMethodAccessorImpl.invoke(DelegatingMethodAccessorImpl.java:43)
	at java.lang.reflect.Method.invoke(Method.java:498)
	at org.codehaus.groovy.reflection.CachedMethod.invoke(CachedMethod.java:101)
	at groovy.lang.MetaMethod.doMethodInvoke(MetaMethod.java:323)
	at org.codehaus.groovy.runtime.metaclass.ClosureMetaClass.invokeMethod(ClosureMetaClass.java:263)
	at groovy.lang.MetaClassImpl.invokeMethod(MetaClassImpl.java:1041)
	at groovy.lang.Closure.call(Closure.java:405)
	at groovy.lang.Closure.call(Closure.java:399)
	at groovy.test.GroovyAssert.shouldFail(GroovyAssert.java:118)
	at groovy.test.GroovyAssert$shouldFail.callStatic(Unknown Source)
	at org.apache.nifi.security.util.crypto.Argon2CipherProviderGroovyTest$_testGetCipherShouldRejectInvalidIV_closure5.doCall(Argon2CipherProviderGroovyTest.groovy:188)
	at sun.reflect.NativeMethodAccessorImpl.invoke0(Native Method)
	at sun.reflect.NativeMethodAccessorImpl.invoke(NativeMethodAccessorImpl.java:62)
	at sun.reflect.DelegatingMethodAccessorImpl.invoke(DelegatingMethodAccessorImpl.java:43)
	at java.lang.reflect.Method.invoke(Method.java:498)
	at org.codehaus.groovy.reflection.CachedMethod.invoke(CachedMethod.java:101)
	at groovy.lang.MetaMethod.doMethodInvoke(MetaMethod.java:323)
	at org.codehaus.groovy.runtime.metaclass.ClosureMetaClass.invokeMethod(ClosureMetaClass.java:263)
	at groovy.lang.MetaClassImpl.invokeMethod(MetaClassImpl.java:1041)
	at groovy.lang.Closure.call(Closure.java:405)
	at groovy.lang.Closure.call(Closure.java:421)
	at org.codehaus.groovy.runtime.DefaultGroovyMethods.each(DefaultGroovyMethods.java:2330)
	at org.codehaus.groovy.runtime.DefaultGroovyMethods.each(DefaultGroovyMethods.java:2315)
	at org.codehaus.groovy.runtime.DefaultGroovyMethods.each(DefaultGroovyMethods.java:2356)
	at org.codehaus.groovy.runtime.dgm$186.invoke(Unknown Source)
	at org.codehaus.groovy.runtime.callsite.PojoMetaMethodSite$PojoMetaMethodSiteNoUnwrapNoCoerce.invoke(PojoMetaMethodSite.java:244)
	at org.codehaus.groovy.runtime.callsite.PojoMetaMethodSite.call(PojoMetaMethodSite.java:53)
	at org.codehaus.groovy.runtime.callsite.CallSiteArray.defaultCall(CallSiteArray.java:47)
	at org.codehaus.groovy.runtime.callsite.AbstractCallSite.call(AbstractCallSite.java:115)
	at org.codehaus.groovy.runtime.callsite.AbstractCallSite.call(AbstractCallSite.java:127)
	at org.apache.nifi.security.util.crypto.Argon2CipherProviderGroovyTest.testGetCipherShouldRejectInvalidIV(Argon2CipherProviderGroovyTest.groovy:181)
	at sun.reflect.NativeMethodAccessorImpl.invoke0(Native Method)
	at sun.reflect.NativeMethodAccessorImpl.invoke(NativeMethodAccessorImpl.java:62)
	at sun.reflect.DelegatingMethodAccessorImpl.invoke(DelegatingMethodAccessorImpl.java:43)
	at java.lang.reflect.Method.invoke(Method.java:498)
	at org.junit.platform.commons.util.ReflectionUtils.invokeMethod(ReflectionUtils.java:688)
	at org.junit.jupiter.engine.execution.MethodInvocation.proceed(MethodInvocation.java:60)
	at org.junit.jupiter.engine.execution.InvocationInterceptorChain$ValidatingInvocation.proceed(InvocationInterceptorChain.java:131)
	at org.junit.jupiter.engine.extension.TimeoutExtension.intercept(TimeoutExtension.java:149)
	at org.junit.jupiter.engine.extension.TimeoutExtension.interceptTestableMethod(TimeoutExtension.java:140)
	at org.junit.jupiter.engine.extension.TimeoutExtension.interceptTestMethod(TimeoutExtension.java:84)
	at org.junit.jupiter.engine.execution.ExecutableInvoker$ReflectiveInterceptorCall.lambda$ofVoidMethod$0(ExecutableInvoker.java:115)
	at org.junit.jupiter.engine.execution.ExecutableInvoker.lambda$invoke$0(ExecutableInvoker.java:105)
	at org.junit.jupiter.engine.execution.InvocationInterceptorChain$InterceptedInvocation.proceed(InvocationInterceptorChain.java:106)
	at org.junit.jupiter.engine.execution.InvocationInterceptorChain.proceed(InvocationInterceptorChain.java:64)
	at org.junit.jupiter.engine.execution.InvocationInterceptorChain.chainAndInvoke(InvocationInterceptorChain.java:45)
	at org.junit.jupiter.engine.execution.InvocationInterceptorChain.invoke(InvocationInterceptorChain.java:37)
	at org.junit.jupiter.engine.execution.ExecutableInvoker.invoke(ExecutableInvoker.java:104)
	at org.junit.jupiter.engine.execution.ExecutableInvoker.invoke(ExecutableInvoker.java:98)
	at org.junit.jupiter.engine.descriptor.TestMethodTestDescriptor.lambda$invokeTestMethod$6(TestMethodTestDescriptor.java:210)
	at org.junit.platform.engine.support.hierarchical.ThrowableCollector.execute(ThrowableCollector.java:73)
	at org.junit.jupiter.engine.descriptor.TestMethodTestDescriptor.invokeTestMethod(TestMethodTestDescriptor.java:206)
	at org.junit.jupiter.engine.descriptor.TestMethodTestDescriptor.execute(TestMethodTestDescriptor.java:131)
	at org.junit.jupiter.engine.descriptor.TestMethodTestDescriptor.execute(TestMethodTestDescriptor.java:65)
	at org.junit.platform.engine.support.hierarchical.NodeTestTask.lambda$executeRecursively$5(NodeTestTask.java:139)
	at org.junit.platform.engine.support.hierarchical.ThrowableCollector.execute(ThrowableCollector.java:73)
	at org.junit.platform.engine.support.hierarchical.NodeTestTask.lambda$executeRecursively$7(NodeTestTask.java:129)
	at org.junit.platform.engine.support.hierarchical.Node.around(Node.java:137)
	at org.junit.platform.engine.support.hierarchical.NodeTestTask.lambda$executeRecursively$8(NodeTestTask.java:127)
	at org.junit.platform.engine.support.hierarchical.ThrowableCollector.execute(ThrowableCollector.java:73)
	at org.junit.platform.engine.support.hierarchical.NodeTestTask.executeRecursively(NodeTestTask.java:126)
	at org.junit.platform.engine.support.hierarchical.NodeTestTask.execute(NodeTestTask.java:84)
	at java.util.ArrayList.forEach(ArrayList.java:1259)
	at org.junit.platform.engine.support.hierarchical.SameThreadHierarchicalTestExecutorService.invokeAll(SameThreadHierarchicalTestExecutorService.java:38)
	at org.junit.platform.engine.support.hierarchical.NodeTestTask.lambda$executeRecursively$5(NodeTestTask.java:143)
	at org.junit.platform.engine.support.hierarchical.ThrowableCollector.execute(ThrowableCollector.java:73)
	at org.junit.platform.engine.support.hierarchical.NodeTestTask.lambda$executeRecursively$7(NodeTestTask.java:129)
	at org.junit.platform.engine.support.hierarchical.Node.around(Node.java:137)
	at org.junit.platform.engine.support.hierarchical.NodeTestTask.lambda$executeRecursively$8(NodeTestTask.java:127)
	at org.junit.platform.engine.support.hierarchical.ThrowableCollector.execute(ThrowableCollector.java:73)
	at org.junit.platform.engine.support.hierarchical.NodeTestTask.executeRecursively(NodeTestTask.java:126)
	at org.junit.platform.engine.support.hierarchical.NodeTestTask.execute(NodeTestTask.java:84)
	at java.util.ArrayList.forEach(ArrayList.java:1259)
	at org.junit.platform.engine.support.hierarchical.SameThreadHierarchicalTestExecutorService.invokeAll(SameThreadHierarchicalTestExecutorService.java:38)
	at org.junit.platform.engine.support.hierarchical.NodeTestTask.lambda$executeRecursively$5(NodeTestTask.java:143)
	at org.junit.platform.engine.support.hierarchical.ThrowableCollector.execute(ThrowableCollector.java:73)
	at org.junit.platform.engine.support.hierarchical.NodeTestTask.lambda$executeRecursively$7(NodeTestTask.java:129)
	at org.junit.platform.engine.support.hierarchical.Node.around(Node.java:137)
	at org.junit.platform.engine.support.hierarchical.NodeTestTask.lambda$executeRecursively$8(NodeTestTask.java:127)
	at org.junit.platform.engine.support.hierarchical.ThrowableCollector.execute(ThrowableCollector.java:73)
	at org.junit.platform.engine.support.hierarchical.NodeTestTask.executeRecursively(NodeTestTask.java:126)
	at org.junit.platform.engine.support.hierarchical.NodeTestTask.execute(NodeTestTask.java:84)
	at org.junit.platform.engine.support.hierarchical.SameThreadHierarchicalTestExecutorService.submit(SameThreadHierarchicalTestExecutorService.java:32)
	at org.junit.platform.engine.support.hierarchical.HierarchicalTestExecutor.execute(HierarchicalTestExecutor.java:57)
	at org.junit.platform.engine.support.hierarchical.HierarchicalTestEngine.execute(HierarchicalTestEngine.java:51)
	at org.junit.platform.launcher.core.EngineExecutionOrchestrator.execute(EngineExecutionOrchestrator.java:108)
	at org.junit.platform.launcher.core.EngineExecutionOrchestrator.execute(EngineExecutionOrchestrator.java:88)
	at org.junit.platform.launcher.core.EngineExecutionOrchestrator.lambda$execute$0(EngineExecutionOrchestrator.java:54)
	at org.junit.platform.launcher.core.EngineExecutionOrchestrator.withInterceptedStreams(EngineExecutionOrchestrator.java:67)
	at org.junit.platform.launcher.core.EngineExecutionOrchestrator.execute(EngineExecutionOrchestrator.java:52)
	at org.junit.platform.launcher.core.DefaultLauncher.execute(DefaultLauncher.java:96)
	at org.junit.platform.launcher.core.DefaultLauncher.execute(DefaultLauncher.java:75)
	at org.apache.maven.surefire.junitplatform.JUnitPlatformProvider.execute(JUnitPlatformProvider.java:188)
	at org.apache.maven.surefire.junitplatform.JUnitPlatformProvider.invokeAllTests(JUnitPlatformProvider.java:154)
	at org.apache.maven.surefire.junitplatform.JUnitPlatformProvider.invoke(JUnitPlatformProvider.java:128)
	at org.apache.maven.surefire.booter.ForkedBooter.runSuitesInProcess(ForkedBooter.java:428)
	at org.apache.maven.surefire.booter.ForkedBooter.execute(ForkedBooter.java:162)
	at org.apache.maven.surefire.booter.ForkedBooter.run(ForkedBooter.java:562)
	at org.apache.maven.surefire.booter.ForkedBooter.main(ForkedBooter.java:548)
[main] INFO org.apache.nifi.security.util.crypto.Argon2CipherProviderGroovyTest - IV: 000000000000000000 9
[main] WARN org.apache.nifi.security.util.crypto.Argon2SecureHasher - The provided memory size 1024 KiB is below the recommended minimum 65536 KiB.
[main] WARN org.apache.nifi.security.util.crypto.Argon2SecureHasher - The provided parallelization factor 1 is below the recommended minimum 8.
[main] WARN org.apache.nifi.security.util.crypto.Argon2SecureHasher - The provided iteration count 3 is below the recommended minimum 5.
[main] WARN org.apache.nifi.security.util.crypto.AESKeyedCipherProvider - An IV was provided of length 9 bytes for encryption but should be 16 bytes
[main] WARN org.apache.nifi.security.util.crypto.AESKeyedCipherProvider - Generating new IV. The value can be obtained in the calling code by invoking 'cipher.getIV()';
[main] WARN org.apache.nifi.security.util.crypto.Argon2SecureHasher - The provided memory size 1024 KiB is below the recommended minimum 65536 KiB.
[main] WARN org.apache.nifi.security.util.crypto.Argon2SecureHasher - The provided parallelization factor 1 is below the recommended minimum 8.
[main] WARN org.apache.nifi.security.util.crypto.Argon2SecureHasher - The provided iteration count 3 is below the recommended minimum 5.
[main] WARN org.apache.nifi.security.util.crypto.AESKeyedCipherProvider - An IV was provided of length 9 bytes for decryption but should be 16 bytes
[main] ERROR org.apache.nifi.security.util.crypto.Argon2CipherProvider - Encountered an error generating the Argon2 hash
java.lang.IllegalArgumentException: Cannot decrypt without a valid IV
	at org.apache.nifi.security.util.crypto.AESKeyedCipherProvider.getInitializedCipher(AESKeyedCipherProvider.java:128)
	at org.apache.nifi.security.util.crypto.AESKeyedCipherProvider.getCipher(AESKeyedCipherProvider.java:60)
	at org.apache.nifi.security.util.crypto.Argon2CipherProvider.getInitializedCipher(Argon2CipherProvider.java:177)
	at org.apache.nifi.security.util.crypto.Argon2CipherProvider.getCipher(Argon2CipherProvider.java:103)
	at org.apache.nifi.security.util.crypto.Argon2CipherProvider$getCipher$0.call(Unknown Source)
	at org.apache.nifi.security.util.crypto.Argon2CipherProviderGroovyTest$_testGetCipherShouldRejectInvalidIV_closure5$_closure13.doCall(Argon2CipherProviderGroovyTest.groovy:189)
	at org.apache.nifi.security.util.crypto.Argon2CipherProviderGroovyTest$_testGetCipherShouldRejectInvalidIV_closure5$_closure13.doCall(Argon2CipherProviderGroovyTest.groovy)
	at sun.reflect.NativeMethodAccessorImpl.invoke0(Native Method)
	at sun.reflect.NativeMethodAccessorImpl.invoke(NativeMethodAccessorImpl.java:62)
	at sun.reflect.DelegatingMethodAccessorImpl.invoke(DelegatingMethodAccessorImpl.java:43)
	at java.lang.reflect.Method.invoke(Method.java:498)
	at org.codehaus.groovy.reflection.CachedMethod.invoke(CachedMethod.java:101)
	at groovy.lang.MetaMethod.doMethodInvoke(MetaMethod.java:323)
	at org.codehaus.groovy.runtime.metaclass.ClosureMetaClass.invokeMethod(ClosureMetaClass.java:263)
	at groovy.lang.MetaClassImpl.invokeMethod(MetaClassImpl.java:1041)
	at groovy.lang.Closure.call(Closure.java:405)
	at groovy.lang.Closure.call(Closure.java:399)
	at groovy.test.GroovyAssert.shouldFail(GroovyAssert.java:118)
	at groovy.test.GroovyAssert$shouldFail.callStatic(Unknown Source)
	at org.apache.nifi.security.util.crypto.Argon2CipherProviderGroovyTest$_testGetCipherShouldRejectInvalidIV_closure5.doCall(Argon2CipherProviderGroovyTest.groovy:188)
	at sun.reflect.NativeMethodAccessorImpl.invoke0(Native Method)
	at sun.reflect.NativeMethodAccessorImpl.invoke(NativeMethodAccessorImpl.java:62)
	at sun.reflect.DelegatingMethodAccessorImpl.invoke(DelegatingMethodAccessorImpl.java:43)
	at java.lang.reflect.Method.invoke(Method.java:498)
	at org.codehaus.groovy.reflection.CachedMethod.invoke(CachedMethod.java:101)
	at groovy.lang.MetaMethod.doMethodInvoke(MetaMethod.java:323)
	at org.codehaus.groovy.runtime.metaclass.ClosureMetaClass.invokeMethod(ClosureMetaClass.java:263)
	at groovy.lang.MetaClassImpl.invokeMethod(MetaClassImpl.java:1041)
	at groovy.lang.Closure.call(Closure.java:405)
	at groovy.lang.Closure.call(Closure.java:421)
	at org.codehaus.groovy.runtime.DefaultGroovyMethods.each(DefaultGroovyMethods.java:2330)
	at org.codehaus.groovy.runtime.DefaultGroovyMethods.each(DefaultGroovyMethods.java:2315)
	at org.codehaus.groovy.runtime.DefaultGroovyMethods.each(DefaultGroovyMethods.java:2356)
	at org.codehaus.groovy.runtime.dgm$186.invoke(Unknown Source)
	at org.codehaus.groovy.runtime.callsite.PojoMetaMethodSite$PojoMetaMethodSiteNoUnwrapNoCoerce.invoke(PojoMetaMethodSite.java:244)
	at org.codehaus.groovy.runtime.callsite.PojoMetaMethodSite.call(PojoMetaMethodSite.java:53)
	at org.codehaus.groovy.runtime.callsite.CallSiteArray.defaultCall(CallSiteArray.java:47)
	at org.codehaus.groovy.runtime.callsite.AbstractCallSite.call(AbstractCallSite.java:115)
	at org.codehaus.groovy.runtime.callsite.AbstractCallSite.call(AbstractCallSite.java:127)
	at org.apache.nifi.security.util.crypto.Argon2CipherProviderGroovyTest.testGetCipherShouldRejectInvalidIV(Argon2CipherProviderGroovyTest.groovy:181)
	at sun.reflect.NativeMethodAccessorImpl.invoke0(Native Method)
	at sun.reflect.NativeMethodAccessorImpl.invoke(NativeMethodAccessorImpl.java:62)
	at sun.reflect.DelegatingMethodAccessorImpl.invoke(DelegatingMethodAccessorImpl.java:43)
	at java.lang.reflect.Method.invoke(Method.java:498)
	at org.junit.platform.commons.util.ReflectionUtils.invokeMethod(ReflectionUtils.java:688)
	at org.junit.jupiter.engine.execution.MethodInvocation.proceed(MethodInvocation.java:60)
	at org.junit.jupiter.engine.execution.InvocationInterceptorChain$ValidatingInvocation.proceed(InvocationInterceptorChain.java:131)
	at org.junit.jupiter.engine.extension.TimeoutExtension.intercept(TimeoutExtension.java:149)
	at org.junit.jupiter.engine.extension.TimeoutExtension.interceptTestableMethod(TimeoutExtension.java:140)
	at org.junit.jupiter.engine.extension.TimeoutExtension.interceptTestMethod(TimeoutExtension.java:84)
	at org.junit.jupiter.engine.execution.ExecutableInvoker$ReflectiveInterceptorCall.lambda$ofVoidMethod$0(ExecutableInvoker.java:115)
	at org.junit.jupiter.engine.execution.ExecutableInvoker.lambda$invoke$0(ExecutableInvoker.java:105)
	at org.junit.jupiter.engine.execution.InvocationInterceptorChain$InterceptedInvocation.proceed(InvocationInterceptorChain.java:106)
	at org.junit.jupiter.engine.execution.InvocationInterceptorChain.proceed(InvocationInterceptorChain.java:64)
	at org.junit.jupiter.engine.execution.InvocationInterceptorChain.chainAndInvoke(InvocationInterceptorChain.java:45)
	at org.junit.jupiter.engine.execution.InvocationInterceptorChain.invoke(InvocationInterceptorChain.java:37)
	at org.junit.jupiter.engine.execution.ExecutableInvoker.invoke(ExecutableInvoker.java:104)
	at org.junit.jupiter.engine.execution.ExecutableInvoker.invoke(ExecutableInvoker.java:98)
	at org.junit.jupiter.engine.descriptor.TestMethodTestDescriptor.lambda$invokeTestMethod$6(TestMethodTestDescriptor.java:210)
	at org.junit.platform.engine.support.hierarchical.ThrowableCollector.execute(ThrowableCollector.java:73)
	at org.junit.jupiter.engine.descriptor.TestMethodTestDescriptor.invokeTestMethod(TestMethodTestDescriptor.java:206)
	at org.junit.jupiter.engine.descriptor.TestMethodTestDescriptor.execute(TestMethodTestDescriptor.java:131)
	at org.junit.jupiter.engine.descriptor.TestMethodTestDescriptor.execute(TestMethodTestDescriptor.java:65)
	at org.junit.platform.engine.support.hierarchical.NodeTestTask.lambda$executeRecursively$5(NodeTestTask.java:139)
	at org.junit.platform.engine.support.hierarchical.ThrowableCollector.execute(ThrowableCollector.java:73)
	at org.junit.platform.engine.support.hierarchical.NodeTestTask.lambda$executeRecursively$7(NodeTestTask.java:129)
	at org.junit.platform.engine.support.hierarchical.Node.around(Node.java:137)
	at org.junit.platform.engine.support.hierarchical.NodeTestTask.lambda$executeRecursively$8(NodeTestTask.java:127)
	at org.junit.platform.engine.support.hierarchical.ThrowableCollector.execute(ThrowableCollector.java:73)
	at org.junit.platform.engine.support.hierarchical.NodeTestTask.executeRecursively(NodeTestTask.java:126)
	at org.junit.platform.engine.support.hierarchical.NodeTestTask.execute(NodeTestTask.java:84)
	at java.util.ArrayList.forEach(ArrayList.java:1259)
	at org.junit.platform.engine.support.hierarchical.SameThreadHierarchicalTestExecutorService.invokeAll(SameThreadHierarchicalTestExecutorService.java:38)
	at org.junit.platform.engine.support.hierarchical.NodeTestTask.lambda$executeRecursively$5(NodeTestTask.java:143)
	at org.junit.platform.engine.support.hierarchical.ThrowableCollector.execute(ThrowableCollector.java:73)
	at org.junit.platform.engine.support.hierarchical.NodeTestTask.lambda$executeRecursively$7(NodeTestTask.java:129)
	at org.junit.platform.engine.support.hierarchical.Node.around(Node.java:137)
	at org.junit.platform.engine.support.hierarchical.NodeTestTask.lambda$executeRecursively$8(NodeTestTask.java:127)
	at org.junit.platform.engine.support.hierarchical.ThrowableCollector.execute(ThrowableCollector.java:73)
	at org.junit.platform.engine.support.hierarchical.NodeTestTask.executeRecursively(NodeTestTask.java:126)
	at org.junit.platform.engine.support.hierarchical.NodeTestTask.execute(NodeTestTask.java:84)
	at java.util.ArrayList.forEach(ArrayList.java:1259)
	at org.junit.platform.engine.support.hierarchical.SameThreadHierarchicalTestExecutorService.invokeAll(SameThreadHierarchicalTestExecutorService.java:38)
	at org.junit.platform.engine.support.hierarchical.NodeTestTask.lambda$executeRecursively$5(NodeTestTask.java:143)
	at org.junit.platform.engine.support.hierarchical.ThrowableCollector.execute(ThrowableCollector.java:73)
	at org.junit.platform.engine.support.hierarchical.NodeTestTask.lambda$executeRecursively$7(NodeTestTask.java:129)
	at org.junit.platform.engine.support.hierarchical.Node.around(Node.java:137)
	at org.junit.platform.engine.support.hierarchical.NodeTestTask.lambda$executeRecursively$8(NodeTestTask.java:127)
	at org.junit.platform.engine.support.hierarchical.ThrowableCollector.execute(ThrowableCollector.java:73)
	at org.junit.platform.engine.support.hierarchical.NodeTestTask.executeRecursively(NodeTestTask.java:126)
	at org.junit.platform.engine.support.hierarchical.NodeTestTask.execute(NodeTestTask.java:84)
	at org.junit.platform.engine.support.hierarchical.SameThreadHierarchicalTestExecutorService.submit(SameThreadHierarchicalTestExecutorService.java:32)
	at org.junit.platform.engine.support.hierarchical.HierarchicalTestExecutor.execute(HierarchicalTestExecutor.java:57)
	at org.junit.platform.engine.support.hierarchical.HierarchicalTestEngine.execute(HierarchicalTestEngine.java:51)
	at org.junit.platform.launcher.core.EngineExecutionOrchestrator.execute(EngineExecutionOrchestrator.java:108)
	at org.junit.platform.launcher.core.EngineExecutionOrchestrator.execute(EngineExecutionOrchestrator.java:88)
	at org.junit.platform.launcher.core.EngineExecutionOrchestrator.lambda$execute$0(EngineExecutionOrchestrator.java:54)
	at org.junit.platform.launcher.core.EngineExecutionOrchestrator.withInterceptedStreams(EngineExecutionOrchestrator.java:67)
	at org.junit.platform.launcher.core.EngineExecutionOrchestrator.execute(EngineExecutionOrchestrator.java:52)
	at org.junit.platform.launcher.core.DefaultLauncher.execute(DefaultLauncher.java:96)
	at org.junit.platform.launcher.core.DefaultLauncher.execute(DefaultLauncher.java:75)
	at org.apache.maven.surefire.junitplatform.JUnitPlatformProvider.execute(JUnitPlatformProvider.java:188)
	at org.apache.maven.surefire.junitplatform.JUnitPlatformProvider.invokeAllTests(JUnitPlatformProvider.java:154)
	at org.apache.maven.surefire.junitplatform.JUnitPlatformProvider.invoke(JUnitPlatformProvider.java:128)
	at org.apache.maven.surefire.booter.ForkedBooter.runSuitesInProcess(ForkedBooter.java:428)
	at org.apache.maven.surefire.booter.ForkedBooter.execute(ForkedBooter.java:162)
	at org.apache.maven.surefire.booter.ForkedBooter.run(ForkedBooter.java:562)
	at org.apache.maven.surefire.booter.ForkedBooter.main(ForkedBooter.java:548)
[main] INFO org.apache.nifi.security.util.crypto.Argon2CipherProviderGroovyTest - IV: 00000000000000000000 10
[main] WARN org.apache.nifi.security.util.crypto.Argon2SecureHasher - The provided memory size 1024 KiB is below the recommended minimum 65536 KiB.
[main] WARN org.apache.nifi.security.util.crypto.Argon2SecureHasher - The provided parallelization factor 1 is below the recommended minimum 8.
[main] WARN org.apache.nifi.security.util.crypto.Argon2SecureHasher - The provided iteration count 3 is below the recommended minimum 5.
[main] WARN org.apache.nifi.security.util.crypto.AESKeyedCipherProvider - An IV was provided of length 10 bytes for encryption but should be 16 bytes
[main] WARN org.apache.nifi.security.util.crypto.AESKeyedCipherProvider - Generating new IV. The value can be obtained in the calling code by invoking 'cipher.getIV()';
[main] WARN org.apache.nifi.security.util.crypto.Argon2SecureHasher - The provided memory size 1024 KiB is below the recommended minimum 65536 KiB.
[main] WARN org.apache.nifi.security.util.crypto.Argon2SecureHasher - The provided parallelization factor 1 is below the recommended minimum 8.
[main] WARN org.apache.nifi.security.util.crypto.Argon2SecureHasher - The provided iteration count 3 is below the recommended minimum 5.
[main] WARN org.apache.nifi.security.util.crypto.AESKeyedCipherProvider - An IV was provided of length 10 bytes for decryption but should be 16 bytes
[main] ERROR org.apache.nifi.security.util.crypto.Argon2CipherProvider - Encountered an error generating the Argon2 hash
java.lang.IllegalArgumentException: Cannot decrypt without a valid IV
	at org.apache.nifi.security.util.crypto.AESKeyedCipherProvider.getInitializedCipher(AESKeyedCipherProvider.java:128)
	at org.apache.nifi.security.util.crypto.AESKeyedCipherProvider.getCipher(AESKeyedCipherProvider.java:60)
	at org.apache.nifi.security.util.crypto.Argon2CipherProvider.getInitializedCipher(Argon2CipherProvider.java:177)
	at org.apache.nifi.security.util.crypto.Argon2CipherProvider.getCipher(Argon2CipherProvider.java:103)
	at org.apache.nifi.security.util.crypto.Argon2CipherProvider$getCipher$0.call(Unknown Source)
	at org.apache.nifi.security.util.crypto.Argon2CipherProviderGroovyTest$_testGetCipherShouldRejectInvalidIV_closure5$_closure13.doCall(Argon2CipherProviderGroovyTest.groovy:189)
	at org.apache.nifi.security.util.crypto.Argon2CipherProviderGroovyTest$_testGetCipherShouldRejectInvalidIV_closure5$_closure13.doCall(Argon2CipherProviderGroovyTest.groovy)
	at sun.reflect.NativeMethodAccessorImpl.invoke0(Native Method)
	at sun.reflect.NativeMethodAccessorImpl.invoke(NativeMethodAccessorImpl.java:62)
	at sun.reflect.DelegatingMethodAccessorImpl.invoke(DelegatingMethodAccessorImpl.java:43)
	at java.lang.reflect.Method.invoke(Method.java:498)
	at org.codehaus.groovy.reflection.CachedMethod.invoke(CachedMethod.java:101)
	at groovy.lang.MetaMethod.doMethodInvoke(MetaMethod.java:323)
	at org.codehaus.groovy.runtime.metaclass.ClosureMetaClass.invokeMethod(ClosureMetaClass.java:263)
	at groovy.lang.MetaClassImpl.invokeMethod(MetaClassImpl.java:1041)
	at groovy.lang.Closure.call(Closure.java:405)
	at groovy.lang.Closure.call(Closure.java:399)
	at groovy.test.GroovyAssert.shouldFail(GroovyAssert.java:118)
	at groovy.test.GroovyAssert$shouldFail.callStatic(Unknown Source)
	at org.apache.nifi.security.util.crypto.Argon2CipherProviderGroovyTest$_testGetCipherShouldRejectInvalidIV_closure5.doCall(Argon2CipherProviderGroovyTest.groovy:188)
	at sun.reflect.NativeMethodAccessorImpl.invoke0(Native Method)
	at sun.reflect.NativeMethodAccessorImpl.invoke(NativeMethodAccessorImpl.java:62)
	at sun.reflect.DelegatingMethodAccessorImpl.invoke(DelegatingMethodAccessorImpl.java:43)
	at java.lang.reflect.Method.invoke(Method.java:498)
	at org.codehaus.groovy.reflection.CachedMethod.invoke(CachedMethod.java:101)
	at groovy.lang.MetaMethod.doMethodInvoke(MetaMethod.java:323)
	at org.codehaus.groovy.runtime.metaclass.ClosureMetaClass.invokeMethod(ClosureMetaClass.java:263)
	at groovy.lang.MetaClassImpl.invokeMethod(MetaClassImpl.java:1041)
	at groovy.lang.Closure.call(Closure.java:405)
	at groovy.lang.Closure.call(Closure.java:421)
	at org.codehaus.groovy.runtime.DefaultGroovyMethods.each(DefaultGroovyMethods.java:2330)
	at org.codehaus.groovy.runtime.DefaultGroovyMethods.each(DefaultGroovyMethods.java:2315)
	at org.codehaus.groovy.runtime.DefaultGroovyMethods.each(DefaultGroovyMethods.java:2356)
	at org.codehaus.groovy.runtime.dgm$186.invoke(Unknown Source)
	at org.codehaus.groovy.runtime.callsite.PojoMetaMethodSite$PojoMetaMethodSiteNoUnwrapNoCoerce.invoke(PojoMetaMethodSite.java:244)
	at org.codehaus.groovy.runtime.callsite.PojoMetaMethodSite.call(PojoMetaMethodSite.java:53)
	at org.codehaus.groovy.runtime.callsite.CallSiteArray.defaultCall(CallSiteArray.java:47)
	at org.codehaus.groovy.runtime.callsite.AbstractCallSite.call(AbstractCallSite.java:115)
	at org.codehaus.groovy.runtime.callsite.AbstractCallSite.call(AbstractCallSite.java:127)
	at org.apache.nifi.security.util.crypto.Argon2CipherProviderGroovyTest.testGetCipherShouldRejectInvalidIV(Argon2CipherProviderGroovyTest.groovy:181)
	at sun.reflect.NativeMethodAccessorImpl.invoke0(Native Method)
	at sun.reflect.NativeMethodAccessorImpl.invoke(NativeMethodAccessorImpl.java:62)
	at sun.reflect.DelegatingMethodAccessorImpl.invoke(DelegatingMethodAccessorImpl.java:43)
	at java.lang.reflect.Method.invoke(Method.java:498)
	at org.junit.platform.commons.util.ReflectionUtils.invokeMethod(ReflectionUtils.java:688)
	at org.junit.jupiter.engine.execution.MethodInvocation.proceed(MethodInvocation.java:60)
	at org.junit.jupiter.engine.execution.InvocationInterceptorChain$ValidatingInvocation.proceed(InvocationInterceptorChain.java:131)
	at org.junit.jupiter.engine.extension.TimeoutExtension.intercept(TimeoutExtension.java:149)
	at org.junit.jupiter.engine.extension.TimeoutExtension.interceptTestableMethod(TimeoutExtension.java:140)
	at org.junit.jupiter.engine.extension.TimeoutExtension.interceptTestMethod(TimeoutExtension.java:84)
	at org.junit.jupiter.engine.execution.ExecutableInvoker$ReflectiveInterceptorCall.lambda$ofVoidMethod$0(ExecutableInvoker.java:115)
	at org.junit.jupiter.engine.execution.ExecutableInvoker.lambda$invoke$0(ExecutableInvoker.java:105)
	at org.junit.jupiter.engine.execution.InvocationInterceptorChain$InterceptedInvocation.proceed(InvocationInterceptorChain.java:106)
	at org.junit.jupiter.engine.execution.InvocationInterceptorChain.proceed(InvocationInterceptorChain.java:64)
	at org.junit.jupiter.engine.execution.InvocationInterceptorChain.chainAndInvoke(InvocationInterceptorChain.java:45)
	at org.junit.jupiter.engine.execution.InvocationInterceptorChain.invoke(InvocationInterceptorChain.java:37)
	at org.junit.jupiter.engine.execution.ExecutableInvoker.invoke(ExecutableInvoker.java:104)
	at org.junit.jupiter.engine.execution.ExecutableInvoker.invoke(ExecutableInvoker.java:98)
	at org.junit.jupiter.engine.descriptor.TestMethodTestDescriptor.lambda$invokeTestMethod$6(TestMethodTestDescriptor.java:210)
	at org.junit.platform.engine.support.hierarchical.ThrowableCollector.execute(ThrowableCollector.java:73)
	at org.junit.jupiter.engine.descriptor.TestMethodTestDescriptor.invokeTestMethod(TestMethodTestDescriptor.java:206)
	at org.junit.jupiter.engine.descriptor.TestMethodTestDescriptor.execute(TestMethodTestDescriptor.java:131)
	at org.junit.jupiter.engine.descriptor.TestMethodTestDescriptor.execute(TestMethodTestDescriptor.java:65)
	at org.junit.platform.engine.support.hierarchical.NodeTestTask.lambda$executeRecursively$5(NodeTestTask.java:139)
	at org.junit.platform.engine.support.hierarchical.ThrowableCollector.execute(ThrowableCollector.java:73)
	at org.junit.platform.engine.support.hierarchical.NodeTestTask.lambda$executeRecursively$7(NodeTestTask.java:129)
	at org.junit.platform.engine.support.hierarchical.Node.around(Node.java:137)
	at org.junit.platform.engine.support.hierarchical.NodeTestTask.lambda$executeRecursively$8(NodeTestTask.java:127)
	at org.junit.platform.engine.support.hierarchical.ThrowableCollector.execute(ThrowableCollector.java:73)
	at org.junit.platform.engine.support.hierarchical.NodeTestTask.executeRecursively(NodeTestTask.java:126)
	at org.junit.platform.engine.support.hierarchical.NodeTestTask.execute(NodeTestTask.java:84)
	at java.util.ArrayList.forEach(ArrayList.java:1259)
	at org.junit.platform.engine.support.hierarchical.SameThreadHierarchicalTestExecutorService.invokeAll(SameThreadHierarchicalTestExecutorService.java:38)
	at org.junit.platform.engine.support.hierarchical.NodeTestTask.lambda$executeRecursively$5(NodeTestTask.java:143)
	at org.junit.platform.engine.support.hierarchical.ThrowableCollector.execute(ThrowableCollector.java:73)
	at org.junit.platform.engine.support.hierarchical.NodeTestTask.lambda$executeRecursively$7(NodeTestTask.java:129)
	at org.junit.platform.engine.support.hierarchical.Node.around(Node.java:137)
	at org.junit.platform.engine.support.hierarchical.NodeTestTask.lambda$executeRecursively$8(NodeTestTask.java:127)
	at org.junit.platform.engine.support.hierarchical.ThrowableCollector.execute(ThrowableCollector.java:73)
	at org.junit.platform.engine.support.hierarchical.NodeTestTask.executeRecursively(NodeTestTask.java:126)
	at org.junit.platform.engine.support.hierarchical.NodeTestTask.execute(NodeTestTask.java:84)
	at java.util.ArrayList.forEach(ArrayList.java:1259)
	at org.junit.platform.engine.support.hierarchical.SameThreadHierarchicalTestExecutorService.invokeAll(SameThreadHierarchicalTestExecutorService.java:38)
	at org.junit.platform.engine.support.hierarchical.NodeTestTask.lambda$executeRecursively$5(NodeTestTask.java:143)
	at org.junit.platform.engine.support.hierarchical.ThrowableCollector.execute(ThrowableCollector.java:73)
	at org.junit.platform.engine.support.hierarchical.NodeTestTask.lambda$executeRecursively$7(NodeTestTask.java:129)
	at org.junit.platform.engine.support.hierarchical.Node.around(Node.java:137)
	at org.junit.platform.engine.support.hierarchical.NodeTestTask.lambda$executeRecursively$8(NodeTestTask.java:127)
	at org.junit.platform.engine.support.hierarchical.ThrowableCollector.execute(ThrowableCollector.java:73)
	at org.junit.platform.engine.support.hierarchical.NodeTestTask.executeRecursively(NodeTestTask.java:126)
	at org.junit.platform.engine.support.hierarchical.NodeTestTask.execute(NodeTestTask.java:84)
	at org.junit.platform.engine.support.hierarchical.SameThreadHierarchicalTestExecutorService.submit(SameThreadHierarchicalTestExecutorService.java:32)
	at org.junit.platform.engine.support.hierarchical.HierarchicalTestExecutor.execute(HierarchicalTestExecutor.java:57)
	at org.junit.platform.engine.support.hierarchical.HierarchicalTestEngine.execute(HierarchicalTestEngine.java:51)
	at org.junit.platform.launcher.core.EngineExecutionOrchestrator.execute(EngineExecutionOrchestrator.java:108)
	at org.junit.platform.launcher.core.EngineExecutionOrchestrator.execute(EngineExecutionOrchestrator.java:88)
	at org.junit.platform.launcher.core.EngineExecutionOrchestrator.lambda$execute$0(EngineExecutionOrchestrator.java:54)
	at org.junit.platform.launcher.core.EngineExecutionOrchestrator.withInterceptedStreams(EngineExecutionOrchestrator.java:67)
	at org.junit.platform.launcher.core.EngineExecutionOrchestrator.execute(EngineExecutionOrchestrator.java:52)
	at org.junit.platform.launcher.core.DefaultLauncher.execute(DefaultLauncher.java:96)
	at org.junit.platform.launcher.core.DefaultLauncher.execute(DefaultLauncher.java:75)
	at org.apache.maven.surefire.junitplatform.JUnitPlatformProvider.execute(JUnitPlatformProvider.java:188)
	at org.apache.maven.surefire.junitplatform.JUnitPlatformProvider.invokeAllTests(JUnitPlatformProvider.java:154)
	at org.apache.maven.surefire.junitplatform.JUnitPlatformProvider.invoke(JUnitPlatformProvider.java:128)
	at org.apache.maven.surefire.booter.ForkedBooter.runSuitesInProcess(ForkedBooter.java:428)
	at org.apache.maven.surefire.booter.ForkedBooter.execute(ForkedBooter.java:162)
	at org.apache.maven.surefire.booter.ForkedBooter.run(ForkedBooter.java:562)
	at org.apache.maven.surefire.booter.ForkedBooter.main(ForkedBooter.java:548)
[main] INFO org.apache.nifi.security.util.crypto.Argon2CipherProviderGroovyTest - IV: 0000000000000000000000 11
[main] WARN org.apache.nifi.security.util.crypto.Argon2SecureHasher - The provided memory size 1024 KiB is below the recommended minimum 65536 KiB.
[main] WARN org.apache.nifi.security.util.crypto.Argon2SecureHasher - The provided parallelization factor 1 is below the recommended minimum 8.
[main] WARN org.apache.nifi.security.util.crypto.Argon2SecureHasher - The provided iteration count 3 is below the recommended minimum 5.
[main] WARN org.apache.nifi.security.util.crypto.AESKeyedCipherProvider - An IV was provided of length 11 bytes for encryption but should be 16 bytes
[main] WARN org.apache.nifi.security.util.crypto.AESKeyedCipherProvider - Generating new IV. The value can be obtained in the calling code by invoking 'cipher.getIV()';
[main] WARN org.apache.nifi.security.util.crypto.Argon2SecureHasher - The provided memory size 1024 KiB is below the recommended minimum 65536 KiB.
[main] WARN org.apache.nifi.security.util.crypto.Argon2SecureHasher - The provided parallelization factor 1 is below the recommended minimum 8.
[main] WARN org.apache.nifi.security.util.crypto.Argon2SecureHasher - The provided iteration count 3 is below the recommended minimum 5.
[main] WARN org.apache.nifi.security.util.crypto.AESKeyedCipherProvider - An IV was provided of length 11 bytes for decryption but should be 16 bytes
[main] ERROR org.apache.nifi.security.util.crypto.Argon2CipherProvider - Encountered an error generating the Argon2 hash
java.lang.IllegalArgumentException: Cannot decrypt without a valid IV
	at org.apache.nifi.security.util.crypto.AESKeyedCipherProvider.getInitializedCipher(AESKeyedCipherProvider.java:128)
	at org.apache.nifi.security.util.crypto.AESKeyedCipherProvider.getCipher(AESKeyedCipherProvider.java:60)
	at org.apache.nifi.security.util.crypto.Argon2CipherProvider.getInitializedCipher(Argon2CipherProvider.java:177)
	at org.apache.nifi.security.util.crypto.Argon2CipherProvider.getCipher(Argon2CipherProvider.java:103)
	at org.apache.nifi.security.util.crypto.Argon2CipherProvider$getCipher$0.call(Unknown Source)
	at org.apache.nifi.security.util.crypto.Argon2CipherProviderGroovyTest$_testGetCipherShouldRejectInvalidIV_closure5$_closure13.doCall(Argon2CipherProviderGroovyTest.groovy:189)
	at org.apache.nifi.security.util.crypto.Argon2CipherProviderGroovyTest$_testGetCipherShouldRejectInvalidIV_closure5$_closure13.doCall(Argon2CipherProviderGroovyTest.groovy)
	at sun.reflect.NativeMethodAccessorImpl.invoke0(Native Method)
	at sun.reflect.NativeMethodAccessorImpl.invoke(NativeMethodAccessorImpl.java:62)
	at sun.reflect.DelegatingMethodAccessorImpl.invoke(DelegatingMethodAccessorImpl.java:43)
	at java.lang.reflect.Method.invoke(Method.java:498)
	at org.codehaus.groovy.reflection.CachedMethod.invoke(CachedMethod.java:101)
	at groovy.lang.MetaMethod.doMethodInvoke(MetaMethod.java:323)
	at org.codehaus.groovy.runtime.metaclass.ClosureMetaClass.invokeMethod(ClosureMetaClass.java:263)
	at groovy.lang.MetaClassImpl.invokeMethod(MetaClassImpl.java:1041)
	at groovy.lang.Closure.call(Closure.java:405)
	at groovy.lang.Closure.call(Closure.java:399)
	at groovy.test.GroovyAssert.shouldFail(GroovyAssert.java:118)
	at groovy.test.GroovyAssert$shouldFail.callStatic(Unknown Source)
	at org.apache.nifi.security.util.crypto.Argon2CipherProviderGroovyTest$_testGetCipherShouldRejectInvalidIV_closure5.doCall(Argon2CipherProviderGroovyTest.groovy:188)
	at sun.reflect.NativeMethodAccessorImpl.invoke0(Native Method)
	at sun.reflect.NativeMethodAccessorImpl.invoke(NativeMethodAccessorImpl.java:62)
	at sun.reflect.DelegatingMethodAccessorImpl.invoke(DelegatingMethodAccessorImpl.java:43)
	at java.lang.reflect.Method.invoke(Method.java:498)
	at org.codehaus.groovy.reflection.CachedMethod.invoke(CachedMethod.java:101)
	at groovy.lang.MetaMethod.doMethodInvoke(MetaMethod.java:323)
	at org.codehaus.groovy.runtime.metaclass.ClosureMetaClass.invokeMethod(ClosureMetaClass.java:263)
	at groovy.lang.MetaClassImpl.invokeMethod(MetaClassImpl.java:1041)
	at groovy.lang.Closure.call(Closure.java:405)
	at groovy.lang.Closure.call(Closure.java:421)
	at org.codehaus.groovy.runtime.DefaultGroovyMethods.each(DefaultGroovyMethods.java:2330)
	at org.codehaus.groovy.runtime.DefaultGroovyMethods.each(DefaultGroovyMethods.java:2315)
	at org.codehaus.groovy.runtime.DefaultGroovyMethods.each(DefaultGroovyMethods.java:2356)
	at org.codehaus.groovy.runtime.dgm$186.invoke(Unknown Source)
	at org.codehaus.groovy.runtime.callsite.PojoMetaMethodSite$PojoMetaMethodSiteNoUnwrapNoCoerce.invoke(PojoMetaMethodSite.java:244)
	at org.codehaus.groovy.runtime.callsite.PojoMetaMethodSite.call(PojoMetaMethodSite.java:53)
	at org.codehaus.groovy.runtime.callsite.CallSiteArray.defaultCall(CallSiteArray.java:47)
	at org.codehaus.groovy.runtime.callsite.AbstractCallSite.call(AbstractCallSite.java:115)
	at org.codehaus.groovy.runtime.callsite.AbstractCallSite.call(AbstractCallSite.java:127)
	at org.apache.nifi.security.util.crypto.Argon2CipherProviderGroovyTest.testGetCipherShouldRejectInvalidIV(Argon2CipherProviderGroovyTest.groovy:181)
	at sun.reflect.NativeMethodAccessorImpl.invoke0(Native Method)
	at sun.reflect.NativeMethodAccessorImpl.invoke(NativeMethodAccessorImpl.java:62)
	at sun.reflect.DelegatingMethodAccessorImpl.invoke(DelegatingMethodAccessorImpl.java:43)
	at java.lang.reflect.Method.invoke(Method.java:498)
	at org.junit.platform.commons.util.ReflectionUtils.invokeMethod(ReflectionUtils.java:688)
	at org.junit.jupiter.engine.execution.MethodInvocation.proceed(MethodInvocation.java:60)
	at org.junit.jupiter.engine.execution.InvocationInterceptorChain$ValidatingInvocation.proceed(InvocationInterceptorChain.java:131)
	at org.junit.jupiter.engine.extension.TimeoutExtension.intercept(TimeoutExtension.java:149)
	at org.junit.jupiter.engine.extension.TimeoutExtension.interceptTestableMethod(TimeoutExtension.java:140)
	at org.junit.jupiter.engine.extension.TimeoutExtension.interceptTestMethod(TimeoutExtension.java:84)
	at org.junit.jupiter.engine.execution.ExecutableInvoker$ReflectiveInterceptorCall.lambda$ofVoidMethod$0(ExecutableInvoker.java:115)
	at org.junit.jupiter.engine.execution.ExecutableInvoker.lambda$invoke$0(ExecutableInvoker.java:105)
	at org.junit.jupiter.engine.execution.InvocationInterceptorChain$InterceptedInvocation.proceed(InvocationInterceptorChain.java:106)
	at org.junit.jupiter.engine.execution.InvocationInterceptorChain.proceed(InvocationInterceptorChain.java:64)
	at org.junit.jupiter.engine.execution.InvocationInterceptorChain.chainAndInvoke(InvocationInterceptorChain.java:45)
	at org.junit.jupiter.engine.execution.InvocationInterceptorChain.invoke(InvocationInterceptorChain.java:37)
	at org.junit.jupiter.engine.execution.ExecutableInvoker.invoke(ExecutableInvoker.java:104)
	at org.junit.jupiter.engine.execution.ExecutableInvoker.invoke(ExecutableInvoker.java:98)
	at org.junit.jupiter.engine.descriptor.TestMethodTestDescriptor.lambda$invokeTestMethod$6(TestMethodTestDescriptor.java:210)
	at org.junit.platform.engine.support.hierarchical.ThrowableCollector.execute(ThrowableCollector.java:73)
	at org.junit.jupiter.engine.descriptor.TestMethodTestDescriptor.invokeTestMethod(TestMethodTestDescriptor.java:206)
	at org.junit.jupiter.engine.descriptor.TestMethodTestDescriptor.execute(TestMethodTestDescriptor.java:131)
	at org.junit.jupiter.engine.descriptor.TestMethodTestDescriptor.execute(TestMethodTestDescriptor.java:65)
	at org.junit.platform.engine.support.hierarchical.NodeTestTask.lambda$executeRecursively$5(NodeTestTask.java:139)
	at org.junit.platform.engine.support.hierarchical.ThrowableCollector.execute(ThrowableCollector.java:73)
	at org.junit.platform.engine.support.hierarchical.NodeTestTask.lambda$executeRecursively$7(NodeTestTask.java:129)
	at org.junit.platform.engine.support.hierarchical.Node.around(Node.java:137)
	at org.junit.platform.engine.support.hierarchical.NodeTestTask.lambda$executeRecursively$8(NodeTestTask.java:127)
	at org.junit.platform.engine.support.hierarchical.ThrowableCollector.execute(ThrowableCollector.java:73)
	at org.junit.platform.engine.support.hierarchical.NodeTestTask.executeRecursively(NodeTestTask.java:126)
	at org.junit.platform.engine.support.hierarchical.NodeTestTask.execute(NodeTestTask.java:84)
	at java.util.ArrayList.forEach(ArrayList.java:1259)
	at org.junit.platform.engine.support.hierarchical.SameThreadHierarchicalTestExecutorService.invokeAll(SameThreadHierarchicalTestExecutorService.java:38)
	at org.junit.platform.engine.support.hierarchical.NodeTestTask.lambda$executeRecursively$5(NodeTestTask.java:143)
	at org.junit.platform.engine.support.hierarchical.ThrowableCollector.execute(ThrowableCollector.java:73)
	at org.junit.platform.engine.support.hierarchical.NodeTestTask.lambda$executeRecursively$7(NodeTestTask.java:129)
	at org.junit.platform.engine.support.hierarchical.Node.around(Node.java:137)
	at org.junit.platform.engine.support.hierarchical.NodeTestTask.lambda$executeRecursively$8(NodeTestTask.java:127)
	at org.junit.platform.engine.support.hierarchical.ThrowableCollector.execute(ThrowableCollector.java:73)
	at org.junit.platform.engine.support.hierarchical.NodeTestTask.executeRecursively(NodeTestTask.java:126)
	at org.junit.platform.engine.support.hierarchical.NodeTestTask.execute(NodeTestTask.java:84)
	at java.util.ArrayList.forEach(ArrayList.java:1259)
	at org.junit.platform.engine.support.hierarchical.SameThreadHierarchicalTestExecutorService.invokeAll(SameThreadHierarchicalTestExecutorService.java:38)
	at org.junit.platform.engine.support.hierarchical.NodeTestTask.lambda$executeRecursively$5(NodeTestTask.java:143)
	at org.junit.platform.engine.support.hierarchical.ThrowableCollector.execute(ThrowableCollector.java:73)
	at org.junit.platform.engine.support.hierarchical.NodeTestTask.lambda$executeRecursively$7(NodeTestTask.java:129)
	at org.junit.platform.engine.support.hierarchical.Node.around(Node.java:137)
	at org.junit.platform.engine.support.hierarchical.NodeTestTask.lambda$executeRecursively$8(NodeTestTask.java:127)
	at org.junit.platform.engine.support.hierarchical.ThrowableCollector.execute(ThrowableCollector.java:73)
	at org.junit.platform.engine.support.hierarchical.NodeTestTask.executeRecursively(NodeTestTask.java:126)
	at org.junit.platform.engine.support.hierarchical.NodeTestTask.execute(NodeTestTask.java:84)
	at org.junit.platform.engine.support.hierarchical.SameThreadHierarchicalTestExecutorService.submit(SameThreadHierarchicalTestExecutorService.java:32)
	at org.junit.platform.engine.support.hierarchical.HierarchicalTestExecutor.execute(HierarchicalTestExecutor.java:57)
	at org.junit.platform.engine.support.hierarchical.HierarchicalTestEngine.execute(HierarchicalTestEngine.java:51)
	at org.junit.platform.launcher.core.EngineExecutionOrchestrator.execute(EngineExecutionOrchestrator.java:108)
	at org.junit.platform.launcher.core.EngineExecutionOrchestrator.execute(EngineExecutionOrchestrator.java:88)
	at org.junit.platform.launcher.core.EngineExecutionOrchestrator.lambda$execute$0(EngineExecutionOrchestrator.java:54)
	at org.junit.platform.launcher.core.EngineExecutionOrchestrator.withInterceptedStreams(EngineExecutionOrchestrator.java:67)
	at org.junit.platform.launcher.core.EngineExecutionOrchestrator.execute(EngineExecutionOrchestrator.java:52)
	at org.junit.platform.launcher.core.DefaultLauncher.execute(DefaultLauncher.java:96)
	at org.junit.platform.launcher.core.DefaultLauncher.execute(DefaultLauncher.java:75)
	at org.apache.maven.surefire.junitplatform.JUnitPlatformProvider.execute(JUnitPlatformProvider.java:188)
	at org.apache.maven.surefire.junitplatform.JUnitPlatformProvider.invokeAllTests(JUnitPlatformProvider.java:154)
	at org.apache.maven.surefire.junitplatform.JUnitPlatformProvider.invoke(JUnitPlatformProvider.java:128)
	at org.apache.maven.surefire.booter.ForkedBooter.runSuitesInProcess(ForkedBooter.java:428)
	at org.apache.maven.surefire.booter.ForkedBooter.execute(ForkedBooter.java:162)
	at org.apache.maven.surefire.booter.ForkedBooter.run(ForkedBooter.java:562)
	at org.apache.maven.surefire.booter.ForkedBooter.main(ForkedBooter.java:548)
[main] INFO org.apache.nifi.security.util.crypto.Argon2CipherProviderGroovyTest - IV: 000000000000000000000000 12
[main] WARN org.apache.nifi.security.util.crypto.Argon2SecureHasher - The provided memory size 1024 KiB is below the recommended minimum 65536 KiB.
[main] WARN org.apache.nifi.security.util.crypto.Argon2SecureHasher - The provided parallelization factor 1 is below the recommended minimum 8.
[main] WARN org.apache.nifi.security.util.crypto.Argon2SecureHasher - The provided iteration count 3 is below the recommended minimum 5.
[main] WARN org.apache.nifi.security.util.crypto.AESKeyedCipherProvider - An IV was provided of length 12 bytes for encryption but should be 16 bytes
[main] WARN org.apache.nifi.security.util.crypto.AESKeyedCipherProvider - Generating new IV. The value can be obtained in the calling code by invoking 'cipher.getIV()';
[main] WARN org.apache.nifi.security.util.crypto.Argon2SecureHasher - The provided memory size 1024 KiB is below the recommended minimum 65536 KiB.
[main] WARN org.apache.nifi.security.util.crypto.Argon2SecureHasher - The provided parallelization factor 1 is below the recommended minimum 8.
[main] WARN org.apache.nifi.security.util.crypto.Argon2SecureHasher - The provided iteration count 3 is below the recommended minimum 5.
[main] WARN org.apache.nifi.security.util.crypto.AESKeyedCipherProvider - An IV was provided of length 12 bytes for decryption but should be 16 bytes
[main] ERROR org.apache.nifi.security.util.crypto.Argon2CipherProvider - Encountered an error generating the Argon2 hash
java.lang.IllegalArgumentException: Cannot decrypt without a valid IV
	at org.apache.nifi.security.util.crypto.AESKeyedCipherProvider.getInitializedCipher(AESKeyedCipherProvider.java:128)
	at org.apache.nifi.security.util.crypto.AESKeyedCipherProvider.getCipher(AESKeyedCipherProvider.java:60)
	at org.apache.nifi.security.util.crypto.Argon2CipherProvider.getInitializedCipher(Argon2CipherProvider.java:177)
	at org.apache.nifi.security.util.crypto.Argon2CipherProvider.getCipher(Argon2CipherProvider.java:103)
	at org.apache.nifi.security.util.crypto.Argon2CipherProvider$getCipher$0.call(Unknown Source)
	at org.apache.nifi.security.util.crypto.Argon2CipherProviderGroovyTest$_testGetCipherShouldRejectInvalidIV_closure5$_closure13.doCall(Argon2CipherProviderGroovyTest.groovy:189)
	at org.apache.nifi.security.util.crypto.Argon2CipherProviderGroovyTest$_testGetCipherShouldRejectInvalidIV_closure5$_closure13.doCall(Argon2CipherProviderGroovyTest.groovy)
	at sun.reflect.NativeMethodAccessorImpl.invoke0(Native Method)
	at sun.reflect.NativeMethodAccessorImpl.invoke(NativeMethodAccessorImpl.java:62)
	at sun.reflect.DelegatingMethodAccessorImpl.invoke(DelegatingMethodAccessorImpl.java:43)
	at java.lang.reflect.Method.invoke(Method.java:498)
	at org.codehaus.groovy.reflection.CachedMethod.invoke(CachedMethod.java:101)
	at groovy.lang.MetaMethod.doMethodInvoke(MetaMethod.java:323)
	at org.codehaus.groovy.runtime.metaclass.ClosureMetaClass.invokeMethod(ClosureMetaClass.java:263)
	at groovy.lang.MetaClassImpl.invokeMethod(MetaClassImpl.java:1041)
	at groovy.lang.Closure.call(Closure.java:405)
	at groovy.lang.Closure.call(Closure.java:399)
	at groovy.test.GroovyAssert.shouldFail(GroovyAssert.java:118)
	at groovy.test.GroovyAssert$shouldFail.callStatic(Unknown Source)
	at org.apache.nifi.security.util.crypto.Argon2CipherProviderGroovyTest$_testGetCipherShouldRejectInvalidIV_closure5.doCall(Argon2CipherProviderGroovyTest.groovy:188)
	at sun.reflect.NativeMethodAccessorImpl.invoke0(Native Method)
	at sun.reflect.NativeMethodAccessorImpl.invoke(NativeMethodAccessorImpl.java:62)
	at sun.reflect.DelegatingMethodAccessorImpl.invoke(DelegatingMethodAccessorImpl.java:43)
	at java.lang.reflect.Method.invoke(Method.java:498)
	at org.codehaus.groovy.reflection.CachedMethod.invoke(CachedMethod.java:101)
	at groovy.lang.MetaMethod.doMethodInvoke(MetaMethod.java:323)
	at org.codehaus.groovy.runtime.metaclass.ClosureMetaClass.invokeMethod(ClosureMetaClass.java:263)
	at groovy.lang.MetaClassImpl.invokeMethod(MetaClassImpl.java:1041)
	at groovy.lang.Closure.call(Closure.java:405)
	at groovy.lang.Closure.call(Closure.java:421)
	at org.codehaus.groovy.runtime.DefaultGroovyMethods.each(DefaultGroovyMethods.java:2330)
	at org.codehaus.groovy.runtime.DefaultGroovyMethods.each(DefaultGroovyMethods.java:2315)
	at org.codehaus.groovy.runtime.DefaultGroovyMethods.each(DefaultGroovyMethods.java:2356)
	at org.codehaus.groovy.runtime.dgm$186.invoke(Unknown Source)
	at org.codehaus.groovy.runtime.callsite.PojoMetaMethodSite$PojoMetaMethodSiteNoUnwrapNoCoerce.invoke(PojoMetaMethodSite.java:244)
	at org.codehaus.groovy.runtime.callsite.PojoMetaMethodSite.call(PojoMetaMethodSite.java:53)
	at org.codehaus.groovy.runtime.callsite.CallSiteArray.defaultCall(CallSiteArray.java:47)
	at org.codehaus.groovy.runtime.callsite.AbstractCallSite.call(AbstractCallSite.java:115)
	at org.codehaus.groovy.runtime.callsite.AbstractCallSite.call(AbstractCallSite.java:127)
	at org.apache.nifi.security.util.crypto.Argon2CipherProviderGroovyTest.testGetCipherShouldRejectInvalidIV(Argon2CipherProviderGroovyTest.groovy:181)
	at sun.reflect.NativeMethodAccessorImpl.invoke0(Native Method)
	at sun.reflect.NativeMethodAccessorImpl.invoke(NativeMethodAccessorImpl.java:62)
	at sun.reflect.DelegatingMethodAccessorImpl.invoke(DelegatingMethodAccessorImpl.java:43)
	at java.lang.reflect.Method.invoke(Method.java:498)
	at org.junit.platform.commons.util.ReflectionUtils.invokeMethod(ReflectionUtils.java:688)
	at org.junit.jupiter.engine.execution.MethodInvocation.proceed(MethodInvocation.java:60)
	at org.junit.jupiter.engine.execution.InvocationInterceptorChain$ValidatingInvocation.proceed(InvocationInterceptorChain.java:131)
	at org.junit.jupiter.engine.extension.TimeoutExtension.intercept(TimeoutExtension.java:149)
	at org.junit.jupiter.engine.extension.TimeoutExtension.interceptTestableMethod(TimeoutExtension.java:140)
	at org.junit.jupiter.engine.extension.TimeoutExtension.interceptTestMethod(TimeoutExtension.java:84)
	at org.junit.jupiter.engine.execution.ExecutableInvoker$ReflectiveInterceptorCall.lambda$ofVoidMethod$0(ExecutableInvoker.java:115)
	at org.junit.jupiter.engine.execution.ExecutableInvoker.lambda$invoke$0(ExecutableInvoker.java:105)
	at org.junit.jupiter.engine.execution.InvocationInterceptorChain$InterceptedInvocation.proceed(InvocationInterceptorChain.java:106)
	at org.junit.jupiter.engine.execution.InvocationInterceptorChain.proceed(InvocationInterceptorChain.java:64)
	at org.junit.jupiter.engine.execution.InvocationInterceptorChain.chainAndInvoke(InvocationInterceptorChain.java:45)
	at org.junit.jupiter.engine.execution.InvocationInterceptorChain.invoke(InvocationInterceptorChain.java:37)
	at org.junit.jupiter.engine.execution.ExecutableInvoker.invoke(ExecutableInvoker.java:104)
	at org.junit.jupiter.engine.execution.ExecutableInvoker.invoke(ExecutableInvoker.java:98)
	at org.junit.jupiter.engine.descriptor.TestMethodTestDescriptor.lambda$invokeTestMethod$6(TestMethodTestDescriptor.java:210)
	at org.junit.platform.engine.support.hierarchical.ThrowableCollector.execute(ThrowableCollector.java:73)
	at org.junit.jupiter.engine.descriptor.TestMethodTestDescriptor.invokeTestMethod(TestMethodTestDescriptor.java:206)
	at org.junit.jupiter.engine.descriptor.TestMethodTestDescriptor.execute(TestMethodTestDescriptor.java:131)
	at org.junit.jupiter.engine.descriptor.TestMethodTestDescriptor.execute(TestMethodTestDescriptor.java:65)
	at org.junit.platform.engine.support.hierarchical.NodeTestTask.lambda$executeRecursively$5(NodeTestTask.java:139)
	at org.junit.platform.engine.support.hierarchical.ThrowableCollector.execute(ThrowableCollector.java:73)
	at org.junit.platform.engine.support.hierarchical.NodeTestTask.lambda$executeRecursively$7(NodeTestTask.java:129)
	at org.junit.platform.engine.support.hierarchical.Node.around(Node.java:137)
	at org.junit.platform.engine.support.hierarchical.NodeTestTask.lambda$executeRecursively$8(NodeTestTask.java:127)
	at org.junit.platform.engine.support.hierarchical.ThrowableCollector.execute(ThrowableCollector.java:73)
	at org.junit.platform.engine.support.hierarchical.NodeTestTask.executeRecursively(NodeTestTask.java:126)
	at org.junit.platform.engine.support.hierarchical.NodeTestTask.execute(NodeTestTask.java:84)
	at java.util.ArrayList.forEach(ArrayList.java:1259)
	at org.junit.platform.engine.support.hierarchical.SameThreadHierarchicalTestExecutorService.invokeAll(SameThreadHierarchicalTestExecutorService.java:38)
	at org.junit.platform.engine.support.hierarchical.NodeTestTask.lambda$executeRecursively$5(NodeTestTask.java:143)
	at org.junit.platform.engine.support.hierarchical.ThrowableCollector.execute(ThrowableCollector.java:73)
	at org.junit.platform.engine.support.hierarchical.NodeTestTask.lambda$executeRecursively$7(NodeTestTask.java:129)
	at org.junit.platform.engine.support.hierarchical.Node.around(Node.java:137)
	at org.junit.platform.engine.support.hierarchical.NodeTestTask.lambda$executeRecursively$8(NodeTestTask.java:127)
	at org.junit.platform.engine.support.hierarchical.ThrowableCollector.execute(ThrowableCollector.java:73)
	at org.junit.platform.engine.support.hierarchical.NodeTestTask.executeRecursively(NodeTestTask.java:126)
	at org.junit.platform.engine.support.hierarchical.NodeTestTask.execute(NodeTestTask.java:84)
	at java.util.ArrayList.forEach(ArrayList.java:1259)
	at org.junit.platform.engine.support.hierarchical.SameThreadHierarchicalTestExecutorService.invokeAll(SameThreadHierarchicalTestExecutorService.java:38)
	at org.junit.platform.engine.support.hierarchical.NodeTestTask.lambda$executeRecursively$5(NodeTestTask.java:143)
	at org.junit.platform.engine.support.hierarchical.ThrowableCollector.execute(ThrowableCollector.java:73)
	at org.junit.platform.engine.support.hierarchical.NodeTestTask.lambda$executeRecursively$7(NodeTestTask.java:129)
	at org.junit.platform.engine.support.hierarchical.Node.around(Node.java:137)
	at org.junit.platform.engine.support.hierarchical.NodeTestTask.lambda$executeRecursively$8(NodeTestTask.java:127)
	at org.junit.platform.engine.support.hierarchical.ThrowableCollector.execute(ThrowableCollector.java:73)
	at org.junit.platform.engine.support.hierarchical.NodeTestTask.executeRecursively(NodeTestTask.java:126)
	at org.junit.platform.engine.support.hierarchical.NodeTestTask.execute(NodeTestTask.java:84)
	at org.junit.platform.engine.support.hierarchical.SameThreadHierarchicalTestExecutorService.submit(SameThreadHierarchicalTestExecutorService.java:32)
	at org.junit.platform.engine.support.hierarchical.HierarchicalTestExecutor.execute(HierarchicalTestExecutor.java:57)
	at org.junit.platform.engine.support.hierarchical.HierarchicalTestEngine.execute(HierarchicalTestEngine.java:51)
	at org.junit.platform.launcher.core.EngineExecutionOrchestrator.execute(EngineExecutionOrchestrator.java:108)
	at org.junit.platform.launcher.core.EngineExecutionOrchestrator.execute(EngineExecutionOrchestrator.java:88)
	at org.junit.platform.launcher.core.EngineExecutionOrchestrator.lambda$execute$0(EngineExecutionOrchestrator.java:54)
	at org.junit.platform.launcher.core.EngineExecutionOrchestrator.withInterceptedStreams(EngineExecutionOrchestrator.java:67)
	at org.junit.platform.launcher.core.EngineExecutionOrchestrator.execute(EngineExecutionOrchestrator.java:52)
	at org.junit.platform.launcher.core.DefaultLauncher.execute(DefaultLauncher.java:96)
	at org.junit.platform.launcher.core.DefaultLauncher.execute(DefaultLauncher.java:75)
	at org.apache.maven.surefire.junitplatform.JUnitPlatformProvider.execute(JUnitPlatformProvider.java:188)
	at org.apache.maven.surefire.junitplatform.JUnitPlatformProvider.invokeAllTests(JUnitPlatformProvider.java:154)
	at org.apache.maven.surefire.junitplatform.JUnitPlatformProvider.invoke(JUnitPlatformProvider.java:128)
	at org.apache.maven.surefire.booter.ForkedBooter.runSuitesInProcess(ForkedBooter.java:428)
	at org.apache.maven.surefire.booter.ForkedBooter.execute(ForkedBooter.java:162)
	at org.apache.maven.surefire.booter.ForkedBooter.run(ForkedBooter.java:562)
	at org.apache.maven.surefire.booter.ForkedBooter.main(ForkedBooter.java:548)
[main] INFO org.apache.nifi.security.util.crypto.Argon2CipherProviderGroovyTest - IV: 00000000000000000000000000 13
[main] WARN org.apache.nifi.security.util.crypto.Argon2SecureHasher - The provided memory size 1024 KiB is below the recommended minimum 65536 KiB.
[main] WARN org.apache.nifi.security.util.crypto.Argon2SecureHasher - The provided parallelization factor 1 is below the recommended minimum 8.
[main] WARN org.apache.nifi.security.util.crypto.Argon2SecureHasher - The provided iteration count 3 is below the recommended minimum 5.
[main] WARN org.apache.nifi.security.util.crypto.AESKeyedCipherProvider - An IV was provided of length 13 bytes for encryption but should be 16 bytes
[main] WARN org.apache.nifi.security.util.crypto.AESKeyedCipherProvider - Generating new IV. The value can be obtained in the calling code by invoking 'cipher.getIV()';
[main] WARN org.apache.nifi.security.util.crypto.Argon2SecureHasher - The provided memory size 1024 KiB is below the recommended minimum 65536 KiB.
[main] WARN org.apache.nifi.security.util.crypto.Argon2SecureHasher - The provided parallelization factor 1 is below the recommended minimum 8.
[main] WARN org.apache.nifi.security.util.crypto.Argon2SecureHasher - The provided iteration count 3 is below the recommended minimum 5.
[main] WARN org.apache.nifi.security.util.crypto.AESKeyedCipherProvider - An IV was provided of length 13 bytes for decryption but should be 16 bytes
[main] ERROR org.apache.nifi.security.util.crypto.Argon2CipherProvider - Encountered an error generating the Argon2 hash
java.lang.IllegalArgumentException: Cannot decrypt without a valid IV
	at org.apache.nifi.security.util.crypto.AESKeyedCipherProvider.getInitializedCipher(AESKeyedCipherProvider.java:128)
	at org.apache.nifi.security.util.crypto.AESKeyedCipherProvider.getCipher(AESKeyedCipherProvider.java:60)
	at org.apache.nifi.security.util.crypto.Argon2CipherProvider.getInitializedCipher(Argon2CipherProvider.java:177)
	at org.apache.nifi.security.util.crypto.Argon2CipherProvider.getCipher(Argon2CipherProvider.java:103)
	at org.apache.nifi.security.util.crypto.Argon2CipherProvider$getCipher$0.call(Unknown Source)
	at org.apache.nifi.security.util.crypto.Argon2CipherProviderGroovyTest$_testGetCipherShouldRejectInvalidIV_closure5$_closure13.doCall(Argon2CipherProviderGroovyTest.groovy:189)
	at org.apache.nifi.security.util.crypto.Argon2CipherProviderGroovyTest$_testGetCipherShouldRejectInvalidIV_closure5$_closure13.doCall(Argon2CipherProviderGroovyTest.groovy)
	at sun.reflect.NativeMethodAccessorImpl.invoke0(Native Method)
	at sun.reflect.NativeMethodAccessorImpl.invoke(NativeMethodAccessorImpl.java:62)
	at sun.reflect.DelegatingMethodAccessorImpl.invoke(DelegatingMethodAccessorImpl.java:43)
	at java.lang.reflect.Method.invoke(Method.java:498)
	at org.codehaus.groovy.reflection.CachedMethod.invoke(CachedMethod.java:101)
	at groovy.lang.MetaMethod.doMethodInvoke(MetaMethod.java:323)
	at org.codehaus.groovy.runtime.metaclass.ClosureMetaClass.invokeMethod(ClosureMetaClass.java:263)
	at groovy.lang.MetaClassImpl.invokeMethod(MetaClassImpl.java:1041)
	at groovy.lang.Closure.call(Closure.java:405)
	at groovy.lang.Closure.call(Closure.java:399)
	at groovy.test.GroovyAssert.shouldFail(GroovyAssert.java:118)
	at groovy.test.GroovyAssert$shouldFail.callStatic(Unknown Source)
	at org.apache.nifi.security.util.crypto.Argon2CipherProviderGroovyTest$_testGetCipherShouldRejectInvalidIV_closure5.doCall(Argon2CipherProviderGroovyTest.groovy:188)
	at sun.reflect.NativeMethodAccessorImpl.invoke0(Native Method)
	at sun.reflect.NativeMethodAccessorImpl.invoke(NativeMethodAccessorImpl.java:62)
	at sun.reflect.DelegatingMethodAccessorImpl.invoke(DelegatingMethodAccessorImpl.java:43)
	at java.lang.reflect.Method.invoke(Method.java:498)
	at org.codehaus.groovy.reflection.CachedMethod.invoke(CachedMethod.java:101)
	at groovy.lang.MetaMethod.doMethodInvoke(MetaMethod.java:323)
	at org.codehaus.groovy.runtime.metaclass.ClosureMetaClass.invokeMethod(ClosureMetaClass.java:263)
	at groovy.lang.MetaClassImpl.invokeMethod(MetaClassImpl.java:1041)
	at groovy.lang.Closure.call(Closure.java:405)
	at groovy.lang.Closure.call(Closure.java:421)
	at org.codehaus.groovy.runtime.DefaultGroovyMethods.each(DefaultGroovyMethods.java:2330)
	at org.codehaus.groovy.runtime.DefaultGroovyMethods.each(DefaultGroovyMethods.java:2315)
	at org.codehaus.groovy.runtime.DefaultGroovyMethods.each(DefaultGroovyMethods.java:2356)
	at org.codehaus.groovy.runtime.dgm$186.invoke(Unknown Source)
	at org.codehaus.groovy.runtime.callsite.PojoMetaMethodSite$PojoMetaMethodSiteNoUnwrapNoCoerce.invoke(PojoMetaMethodSite.java:244)
	at org.codehaus.groovy.runtime.callsite.PojoMetaMethodSite.call(PojoMetaMethodSite.java:53)
	at org.codehaus.groovy.runtime.callsite.CallSiteArray.defaultCall(CallSiteArray.java:47)
	at org.codehaus.groovy.runtime.callsite.AbstractCallSite.call(AbstractCallSite.java:115)
	at org.codehaus.groovy.runtime.callsite.AbstractCallSite.call(AbstractCallSite.java:127)
	at org.apache.nifi.security.util.crypto.Argon2CipherProviderGroovyTest.testGetCipherShouldRejectInvalidIV(Argon2CipherProviderGroovyTest.groovy:181)
	at sun.reflect.NativeMethodAccessorImpl.invoke0(Native Method)
	at sun.reflect.NativeMethodAccessorImpl.invoke(NativeMethodAccessorImpl.java:62)
	at sun.reflect.DelegatingMethodAccessorImpl.invoke(DelegatingMethodAccessorImpl.java:43)
	at java.lang.reflect.Method.invoke(Method.java:498)
	at org.junit.platform.commons.util.ReflectionUtils.invokeMethod(ReflectionUtils.java:688)
	at org.junit.jupiter.engine.execution.MethodInvocation.proceed(MethodInvocation.java:60)
	at org.junit.jupiter.engine.execution.InvocationInterceptorChain$ValidatingInvocation.proceed(InvocationInterceptorChain.java:131)
	at org.junit.jupiter.engine.extension.TimeoutExtension.intercept(TimeoutExtension.java:149)
	at org.junit.jupiter.engine.extension.TimeoutExtension.interceptTestableMethod(TimeoutExtension.java:140)
	at org.junit.jupiter.engine.extension.TimeoutExtension.interceptTestMethod(TimeoutExtension.java:84)
	at org.junit.jupiter.engine.execution.ExecutableInvoker$ReflectiveInterceptorCall.lambda$ofVoidMethod$0(ExecutableInvoker.java:115)
	at org.junit.jupiter.engine.execution.ExecutableInvoker.lambda$invoke$0(ExecutableInvoker.java:105)
	at org.junit.jupiter.engine.execution.InvocationInterceptorChain$InterceptedInvocation.proceed(InvocationInterceptorChain.java:106)
	at org.junit.jupiter.engine.execution.InvocationInterceptorChain.proceed(InvocationInterceptorChain.java:64)
	at org.junit.jupiter.engine.execution.InvocationInterceptorChain.chainAndInvoke(InvocationInterceptorChain.java:45)
	at org.junit.jupiter.engine.execution.InvocationInterceptorChain.invoke(InvocationInterceptorChain.java:37)
	at org.junit.jupiter.engine.execution.ExecutableInvoker.invoke(ExecutableInvoker.java:104)
	at org.junit.jupiter.engine.execution.ExecutableInvoker.invoke(ExecutableInvoker.java:98)
	at org.junit.jupiter.engine.descriptor.TestMethodTestDescriptor.lambda$invokeTestMethod$6(TestMethodTestDescriptor.java:210)
	at org.junit.platform.engine.support.hierarchical.ThrowableCollector.execute(ThrowableCollector.java:73)
	at org.junit.jupiter.engine.descriptor.TestMethodTestDescriptor.invokeTestMethod(TestMethodTestDescriptor.java:206)
	at org.junit.jupiter.engine.descriptor.TestMethodTestDescriptor.execute(TestMethodTestDescriptor.java:131)
	at org.junit.jupiter.engine.descriptor.TestMethodTestDescriptor.execute(TestMethodTestDescriptor.java:65)
	at org.junit.platform.engine.support.hierarchical.NodeTestTask.lambda$executeRecursively$5(NodeTestTask.java:139)
	at org.junit.platform.engine.support.hierarchical.ThrowableCollector.execute(ThrowableCollector.java:73)
	at org.junit.platform.engine.support.hierarchical.NodeTestTask.lambda$executeRecursively$7(NodeTestTask.java:129)
	at org.junit.platform.engine.support.hierarchical.Node.around(Node.java:137)
	at org.junit.platform.engine.support.hierarchical.NodeTestTask.lambda$executeRecursively$8(NodeTestTask.java:127)
	at org.junit.platform.engine.support.hierarchical.ThrowableCollector.execute(ThrowableCollector.java:73)
	at org.junit.platform.engine.support.hierarchical.NodeTestTask.executeRecursively(NodeTestTask.java:126)
	at org.junit.platform.engine.support.hierarchical.NodeTestTask.execute(NodeTestTask.java:84)
	at java.util.ArrayList.forEach(ArrayList.java:1259)
	at org.junit.platform.engine.support.hierarchical.SameThreadHierarchicalTestExecutorService.invokeAll(SameThreadHierarchicalTestExecutorService.java:38)
	at org.junit.platform.engine.support.hierarchical.NodeTestTask.lambda$executeRecursively$5(NodeTestTask.java:143)
	at org.junit.platform.engine.support.hierarchical.ThrowableCollector.execute(ThrowableCollector.java:73)
	at org.junit.platform.engine.support.hierarchical.NodeTestTask.lambda$executeRecursively$7(NodeTestTask.java:129)
	at org.junit.platform.engine.support.hierarchical.Node.around(Node.java:137)
	at org.junit.platform.engine.support.hierarchical.NodeTestTask.lambda$executeRecursively$8(NodeTestTask.java:127)
	at org.junit.platform.engine.support.hierarchical.ThrowableCollector.execute(ThrowableCollector.java:73)
	at org.junit.platform.engine.support.hierarchical.NodeTestTask.executeRecursively(NodeTestTask.java:126)
	at org.junit.platform.engine.support.hierarchical.NodeTestTask.execute(NodeTestTask.java:84)
	at java.util.ArrayList.forEach(ArrayList.java:1259)
	at org.junit.platform.engine.support.hierarchical.SameThreadHierarchicalTestExecutorService.invokeAll(SameThreadHierarchicalTestExecutorService.java:38)
	at org.junit.platform.engine.support.hierarchical.NodeTestTask.lambda$executeRecursively$5(NodeTestTask.java:143)
	at org.junit.platform.engine.support.hierarchical.ThrowableCollector.execute(ThrowableCollector.java:73)
	at org.junit.platform.engine.support.hierarchical.NodeTestTask.lambda$executeRecursively$7(NodeTestTask.java:129)
	at org.junit.platform.engine.support.hierarchical.Node.around(Node.java:137)
	at org.junit.platform.engine.support.hierarchical.NodeTestTask.lambda$executeRecursively$8(NodeTestTask.java:127)
	at org.junit.platform.engine.support.hierarchical.ThrowableCollector.execute(ThrowableCollector.java:73)
	at org.junit.platform.engine.support.hierarchical.NodeTestTask.executeRecursively(NodeTestTask.java:126)
	at org.junit.platform.engine.support.hierarchical.NodeTestTask.execute(NodeTestTask.java:84)
	at org.junit.platform.engine.support.hierarchical.SameThreadHierarchicalTestExecutorService.submit(SameThreadHierarchicalTestExecutorService.java:32)
	at org.junit.platform.engine.support.hierarchical.HierarchicalTestExecutor.execute(HierarchicalTestExecutor.java:57)
	at org.junit.platform.engine.support.hierarchical.HierarchicalTestEngine.execute(HierarchicalTestEngine.java:51)
	at org.junit.platform.launcher.core.EngineExecutionOrchestrator.execute(EngineExecutionOrchestrator.java:108)
	at org.junit.platform.launcher.core.EngineExecutionOrchestrator.execute(EngineExecutionOrchestrator.java:88)
	at org.junit.platform.launcher.core.EngineExecutionOrchestrator.lambda$execute$0(EngineExecutionOrchestrator.java:54)
	at org.junit.platform.launcher.core.EngineExecutionOrchestrator.withInterceptedStreams(EngineExecutionOrchestrator.java:67)
	at org.junit.platform.launcher.core.EngineExecutionOrchestrator.execute(EngineExecutionOrchestrator.java:52)
	at org.junit.platform.launcher.core.DefaultLauncher.execute(DefaultLauncher.java:96)
	at org.junit.platform.launcher.core.DefaultLauncher.execute(DefaultLauncher.java:75)
	at org.apache.maven.surefire.junitplatform.JUnitPlatformProvider.execute(JUnitPlatformProvider.java:188)
	at org.apache.maven.surefire.junitplatform.JUnitPlatformProvider.invokeAllTests(JUnitPlatformProvider.java:154)
	at org.apache.maven.surefire.junitplatform.JUnitPlatformProvider.invoke(JUnitPlatformProvider.java:128)
	at org.apache.maven.surefire.booter.ForkedBooter.runSuitesInProcess(ForkedBooter.java:428)
	at org.apache.maven.surefire.booter.ForkedBooter.execute(ForkedBooter.java:162)
	at org.apache.maven.surefire.booter.ForkedBooter.run(ForkedBooter.java:562)
	at org.apache.maven.surefire.booter.ForkedBooter.main(ForkedBooter.java:548)
[main] INFO org.apache.nifi.security.util.crypto.Argon2CipherProviderGroovyTest - IV: 0000000000000000000000000000 14
[main] WARN org.apache.nifi.security.util.crypto.Argon2SecureHasher - The provided memory size 1024 KiB is below the recommended minimum 65536 KiB.
[main] WARN org.apache.nifi.security.util.crypto.Argon2SecureHasher - The provided parallelization factor 1 is below the recommended minimum 8.
[main] WARN org.apache.nifi.security.util.crypto.Argon2SecureHasher - The provided iteration count 3 is below the recommended minimum 5.
[main] WARN org.apache.nifi.security.util.crypto.AESKeyedCipherProvider - An IV was provided of length 14 bytes for encryption but should be 16 bytes
[main] WARN org.apache.nifi.security.util.crypto.AESKeyedCipherProvider - Generating new IV. The value can be obtained in the calling code by invoking 'cipher.getIV()';
[main] WARN org.apache.nifi.security.util.crypto.Argon2SecureHasher - The provided memory size 1024 KiB is below the recommended minimum 65536 KiB.
[main] WARN org.apache.nifi.security.util.crypto.Argon2SecureHasher - The provided parallelization factor 1 is below the recommended minimum 8.
[main] WARN org.apache.nifi.security.util.crypto.Argon2SecureHasher - The provided iteration count 3 is below the recommended minimum 5.
[main] WARN org.apache.nifi.security.util.crypto.AESKeyedCipherProvider - An IV was provided of length 14 bytes for decryption but should be 16 bytes
[main] ERROR org.apache.nifi.security.util.crypto.Argon2CipherProvider - Encountered an error generating the Argon2 hash
java.lang.IllegalArgumentException: Cannot decrypt without a valid IV
	at org.apache.nifi.security.util.crypto.AESKeyedCipherProvider.getInitializedCipher(AESKeyedCipherProvider.java:128)
	at org.apache.nifi.security.util.crypto.AESKeyedCipherProvider.getCipher(AESKeyedCipherProvider.java:60)
	at org.apache.nifi.security.util.crypto.Argon2CipherProvider.getInitializedCipher(Argon2CipherProvider.java:177)
	at org.apache.nifi.security.util.crypto.Argon2CipherProvider.getCipher(Argon2CipherProvider.java:103)
	at org.apache.nifi.security.util.crypto.Argon2CipherProvider$getCipher$0.call(Unknown Source)
	at org.apache.nifi.security.util.crypto.Argon2CipherProviderGroovyTest$_testGetCipherShouldRejectInvalidIV_closure5$_closure13.doCall(Argon2CipherProviderGroovyTest.groovy:189)
	at org.apache.nifi.security.util.crypto.Argon2CipherProviderGroovyTest$_testGetCipherShouldRejectInvalidIV_closure5$_closure13.doCall(Argon2CipherProviderGroovyTest.groovy)
	at sun.reflect.NativeMethodAccessorImpl.invoke0(Native Method)
	at sun.reflect.NativeMethodAccessorImpl.invoke(NativeMethodAccessorImpl.java:62)
	at sun.reflect.DelegatingMethodAccessorImpl.invoke(DelegatingMethodAccessorImpl.java:43)
	at java.lang.reflect.Method.invoke(Method.java:498)
	at org.codehaus.groovy.reflection.CachedMethod.invoke(CachedMethod.java:101)
	at groovy.lang.MetaMethod.doMethodInvoke(MetaMethod.java:323)
	at org.codehaus.groovy.runtime.metaclass.ClosureMetaClass.invokeMethod(ClosureMetaClass.java:263)
	at groovy.lang.MetaClassImpl.invokeMethod(MetaClassImpl.java:1041)
	at groovy.lang.Closure.call(Closure.java:405)
	at groovy.lang.Closure.call(Closure.java:399)
	at groovy.test.GroovyAssert.shouldFail(GroovyAssert.java:118)
	at groovy.test.GroovyAssert$shouldFail.callStatic(Unknown Source)
	at org.apache.nifi.security.util.crypto.Argon2CipherProviderGroovyTest$_testGetCipherShouldRejectInvalidIV_closure5.doCall(Argon2CipherProviderGroovyTest.groovy:188)
	at sun.reflect.NativeMethodAccessorImpl.invoke0(Native Method)
	at sun.reflect.NativeMethodAccessorImpl.invoke(NativeMethodAccessorImpl.java:62)
	at sun.reflect.DelegatingMethodAccessorImpl.invoke(DelegatingMethodAccessorImpl.java:43)
	at java.lang.reflect.Method.invoke(Method.java:498)
	at org.codehaus.groovy.reflection.CachedMethod.invoke(CachedMethod.java:101)
	at groovy.lang.MetaMethod.doMethodInvoke(MetaMethod.java:323)
	at org.codehaus.groovy.runtime.metaclass.ClosureMetaClass.invokeMethod(ClosureMetaClass.java:263)
	at groovy.lang.MetaClassImpl.invokeMethod(MetaClassImpl.java:1041)
	at groovy.lang.Closure.call(Closure.java:405)
	at groovy.lang.Closure.call(Closure.java:421)
	at org.codehaus.groovy.runtime.DefaultGroovyMethods.each(DefaultGroovyMethods.java:2330)
	at org.codehaus.groovy.runtime.DefaultGroovyMethods.each(DefaultGroovyMethods.java:2315)
	at org.codehaus.groovy.runtime.DefaultGroovyMethods.each(DefaultGroovyMethods.java:2356)
	at org.codehaus.groovy.runtime.dgm$186.invoke(Unknown Source)
	at org.codehaus.groovy.runtime.callsite.PojoMetaMethodSite$PojoMetaMethodSiteNoUnwrapNoCoerce.invoke(PojoMetaMethodSite.java:244)
	at org.codehaus.groovy.runtime.callsite.PojoMetaMethodSite.call(PojoMetaMethodSite.java:53)
	at org.codehaus.groovy.runtime.callsite.CallSiteArray.defaultCall(CallSiteArray.java:47)
	at org.codehaus.groovy.runtime.callsite.AbstractCallSite.call(AbstractCallSite.java:115)
	at org.codehaus.groovy.runtime.callsite.AbstractCallSite.call(AbstractCallSite.java:127)
	at org.apache.nifi.security.util.crypto.Argon2CipherProviderGroovyTest.testGetCipherShouldRejectInvalidIV(Argon2CipherProviderGroovyTest.groovy:181)
	at sun.reflect.NativeMethodAccessorImpl.invoke0(Native Method)
	at sun.reflect.NativeMethodAccessorImpl.invoke(NativeMethodAccessorImpl.java:62)
	at sun.reflect.DelegatingMethodAccessorImpl.invoke(DelegatingMethodAccessorImpl.java:43)
	at java.lang.reflect.Method.invoke(Method.java:498)
	at org.junit.platform.commons.util.ReflectionUtils.invokeMethod(ReflectionUtils.java:688)
	at org.junit.jupiter.engine.execution.MethodInvocation.proceed(MethodInvocation.java:60)
	at org.junit.jupiter.engine.execution.InvocationInterceptorChain$ValidatingInvocation.proceed(InvocationInterceptorChain.java:131)
	at org.junit.jupiter.engine.extension.TimeoutExtension.intercept(TimeoutExtension.java:149)
	at org.junit.jupiter.engine.extension.TimeoutExtension.interceptTestableMethod(TimeoutExtension.java:140)
	at org.junit.jupiter.engine.extension.TimeoutExtension.interceptTestMethod(TimeoutExtension.java:84)
	at org.junit.jupiter.engine.execution.ExecutableInvoker$ReflectiveInterceptorCall.lambda$ofVoidMethod$0(ExecutableInvoker.java:115)
	at org.junit.jupiter.engine.execution.ExecutableInvoker.lambda$invoke$0(ExecutableInvoker.java:105)
	at org.junit.jupiter.engine.execution.InvocationInterceptorChain$InterceptedInvocation.proceed(InvocationInterceptorChain.java:106)
	at org.junit.jupiter.engine.execution.InvocationInterceptorChain.proceed(InvocationInterceptorChain.java:64)
	at org.junit.jupiter.engine.execution.InvocationInterceptorChain.chainAndInvoke(InvocationInterceptorChain.java:45)
	at org.junit.jupiter.engine.execution.InvocationInterceptorChain.invoke(InvocationInterceptorChain.java:37)
	at org.junit.jupiter.engine.execution.ExecutableInvoker.invoke(ExecutableInvoker.java:104)
	at org.junit.jupiter.engine.execution.ExecutableInvoker.invoke(ExecutableInvoker.java:98)
	at org.junit.jupiter.engine.descriptor.TestMethodTestDescriptor.lambda$invokeTestMethod$6(TestMethodTestDescriptor.java:210)
	at org.junit.platform.engine.support.hierarchical.ThrowableCollector.execute(ThrowableCollector.java:73)
	at org.junit.jupiter.engine.descriptor.TestMethodTestDescriptor.invokeTestMethod(TestMethodTestDescriptor.java:206)
	at org.junit.jupiter.engine.descriptor.TestMethodTestDescriptor.execute(TestMethodTestDescriptor.java:131)
	at org.junit.jupiter.engine.descriptor.TestMethodTestDescriptor.execute(TestMethodTestDescriptor.java:65)
	at org.junit.platform.engine.support.hierarchical.NodeTestTask.lambda$executeRecursively$5(NodeTestTask.java:139)
	at org.junit.platform.engine.support.hierarchical.ThrowableCollector.execute(ThrowableCollector.java:73)
	at org.junit.platform.engine.support.hierarchical.NodeTestTask.lambda$executeRecursively$7(NodeTestTask.java:129)
	at org.junit.platform.engine.support.hierarchical.Node.around(Node.java:137)
	at org.junit.platform.engine.support.hierarchical.NodeTestTask.lambda$executeRecursively$8(NodeTestTask.java:127)
	at org.junit.platform.engine.support.hierarchical.ThrowableCollector.execute(ThrowableCollector.java:73)
	at org.junit.platform.engine.support.hierarchical.NodeTestTask.executeRecursively(NodeTestTask.java:126)
	at org.junit.platform.engine.support.hierarchical.NodeTestTask.execute(NodeTestTask.java:84)
	at java.util.ArrayList.forEach(ArrayList.java:1259)
	at org.junit.platform.engine.support.hierarchical.SameThreadHierarchicalTestExecutorService.invokeAll(SameThreadHierarchicalTestExecutorService.java:38)
	at org.junit.platform.engine.support.hierarchical.NodeTestTask.lambda$executeRecursively$5(NodeTestTask.java:143)
	at org.junit.platform.engine.support.hierarchical.ThrowableCollector.execute(ThrowableCollector.java:73)
	at org.junit.platform.engine.support.hierarchical.NodeTestTask.lambda$executeRecursively$7(NodeTestTask.java:129)
	at org.junit.platform.engine.support.hierarchical.Node.around(Node.java:137)
	at org.junit.platform.engine.support.hierarchical.NodeTestTask.lambda$executeRecursively$8(NodeTestTask.java:127)
	at org.junit.platform.engine.support.hierarchical.ThrowableCollector.execute(ThrowableCollector.java:73)
	at org.junit.platform.engine.support.hierarchical.NodeTestTask.executeRecursively(NodeTestTask.java:126)
	at org.junit.platform.engine.support.hierarchical.NodeTestTask.execute(NodeTestTask.java:84)
	at java.util.ArrayList.forEach(ArrayList.java:1259)
	at org.junit.platform.engine.support.hierarchical.SameThreadHierarchicalTestExecutorService.invokeAll(SameThreadHierarchicalTestExecutorService.java:38)
	at org.junit.platform.engine.support.hierarchical.NodeTestTask.lambda$executeRecursively$5(NodeTestTask.java:143)
	at org.junit.platform.engine.support.hierarchical.ThrowableCollector.execute(ThrowableCollector.java:73)
	at org.junit.platform.engine.support.hierarchical.NodeTestTask.lambda$executeRecursively$7(NodeTestTask.java:129)
	at org.junit.platform.engine.support.hierarchical.Node.around(Node.java:137)
	at org.junit.platform.engine.support.hierarchical.NodeTestTask.lambda$executeRecursively$8(NodeTestTask.java:127)
	at org.junit.platform.engine.support.hierarchical.ThrowableCollector.execute(ThrowableCollector.java:73)
	at org.junit.platform.engine.support.hierarchical.NodeTestTask.executeRecursively(NodeTestTask.java:126)
	at org.junit.platform.engine.support.hierarchical.NodeTestTask.execute(NodeTestTask.java:84)
	at org.junit.platform.engine.support.hierarchical.SameThreadHierarchicalTestExecutorService.submit(SameThreadHierarchicalTestExecutorService.java:32)
	at org.junit.platform.engine.support.hierarchical.HierarchicalTestExecutor.execute(HierarchicalTestExecutor.java:57)
	at org.junit.platform.engine.support.hierarchical.HierarchicalTestEngine.execute(HierarchicalTestEngine.java:51)
	at org.junit.platform.launcher.core.EngineExecutionOrchestrator.execute(EngineExecutionOrchestrator.java:108)
	at org.junit.platform.launcher.core.EngineExecutionOrchestrator.execute(EngineExecutionOrchestrator.java:88)
	at org.junit.platform.launcher.core.EngineExecutionOrchestrator.lambda$execute$0(EngineExecutionOrchestrator.java:54)
	at org.junit.platform.launcher.core.EngineExecutionOrchestrator.withInterceptedStreams(EngineExecutionOrchestrator.java:67)
	at org.junit.platform.launcher.core.EngineExecutionOrchestrator.execute(EngineExecutionOrchestrator.java:52)
	at org.junit.platform.launcher.core.DefaultLauncher.execute(DefaultLauncher.java:96)
	at org.junit.platform.launcher.core.DefaultLauncher.execute(DefaultLauncher.java:75)
	at org.apache.maven.surefire.junitplatform.JUnitPlatformProvider.execute(JUnitPlatformProvider.java:188)
	at org.apache.maven.surefire.junitplatform.JUnitPlatformProvider.invokeAllTests(JUnitPlatformProvider.java:154)
	at org.apache.maven.surefire.junitplatform.JUnitPlatformProvider.invoke(JUnitPlatformProvider.java:128)
	at org.apache.maven.surefire.booter.ForkedBooter.runSuitesInProcess(ForkedBooter.java:428)
	at org.apache.maven.surefire.booter.ForkedBooter.execute(ForkedBooter.java:162)
	at org.apache.maven.surefire.booter.ForkedBooter.run(ForkedBooter.java:562)
	at org.apache.maven.surefire.booter.ForkedBooter.main(ForkedBooter.java:548)
[main] INFO org.apache.nifi.security.util.crypto.Argon2CipherProviderGroovyTest - IV: 000000000000000000000000000000 15
[main] WARN org.apache.nifi.security.util.crypto.Argon2SecureHasher - The provided memory size 1024 KiB is below the recommended minimum 65536 KiB.
[main] WARN org.apache.nifi.security.util.crypto.Argon2SecureHasher - The provided parallelization factor 1 is below the recommended minimum 8.
[main] WARN org.apache.nifi.security.util.crypto.Argon2SecureHasher - The provided iteration count 3 is below the recommended minimum 5.
[main] WARN org.apache.nifi.security.util.crypto.AESKeyedCipherProvider - An IV was provided of length 15 bytes for encryption but should be 16 bytes
[main] WARN org.apache.nifi.security.util.crypto.AESKeyedCipherProvider - Generating new IV. The value can be obtained in the calling code by invoking 'cipher.getIV()';
[main] WARN org.apache.nifi.security.util.crypto.Argon2SecureHasher - The provided memory size 1024 KiB is below the recommended minimum 65536 KiB.
[main] WARN org.apache.nifi.security.util.crypto.Argon2SecureHasher - The provided parallelization factor 1 is below the recommended minimum 8.
[main] WARN org.apache.nifi.security.util.crypto.Argon2SecureHasher - The provided iteration count 3 is below the recommended minimum 5.
[main] WARN org.apache.nifi.security.util.crypto.AESKeyedCipherProvider - An IV was provided of length 15 bytes for decryption but should be 16 bytes
[main] ERROR org.apache.nifi.security.util.crypto.Argon2CipherProvider - Encountered an error generating the Argon2 hash
java.lang.IllegalArgumentException: Cannot decrypt without a valid IV
	at org.apache.nifi.security.util.crypto.AESKeyedCipherProvider.getInitializedCipher(AESKeyedCipherProvider.java:128)
	at org.apache.nifi.security.util.crypto.AESKeyedCipherProvider.getCipher(AESKeyedCipherProvider.java:60)
	at org.apache.nifi.security.util.crypto.Argon2CipherProvider.getInitializedCipher(Argon2CipherProvider.java:177)
	at org.apache.nifi.security.util.crypto.Argon2CipherProvider.getCipher(Argon2CipherProvider.java:103)
	at org.apache.nifi.security.util.crypto.Argon2CipherProvider$getCipher$0.call(Unknown Source)
	at org.apache.nifi.security.util.crypto.Argon2CipherProviderGroovyTest$_testGetCipherShouldRejectInvalidIV_closure5$_closure13.doCall(Argon2CipherProviderGroovyTest.groovy:189)
	at org.apache.nifi.security.util.crypto.Argon2CipherProviderGroovyTest$_testGetCipherShouldRejectInvalidIV_closure5$_closure13.doCall(Argon2CipherProviderGroovyTest.groovy)
	at sun.reflect.NativeMethodAccessorImpl.invoke0(Native Method)
	at sun.reflect.NativeMethodAccessorImpl.invoke(NativeMethodAccessorImpl.java:62)
	at sun.reflect.DelegatingMethodAccessorImpl.invoke(DelegatingMethodAccessorImpl.java:43)
	at java.lang.reflect.Method.invoke(Method.java:498)
	at org.codehaus.groovy.reflection.CachedMethod.invoke(CachedMethod.java:101)
	at groovy.lang.MetaMethod.doMethodInvoke(MetaMethod.java:323)
	at org.codehaus.groovy.runtime.metaclass.ClosureMetaClass.invokeMethod(ClosureMetaClass.java:263)
	at groovy.lang.MetaClassImpl.invokeMethod(MetaClassImpl.java:1041)
	at groovy.lang.Closure.call(Closure.java:405)
	at groovy.lang.Closure.call(Closure.java:399)
	at groovy.test.GroovyAssert.shouldFail(GroovyAssert.java:118)
	at groovy.test.GroovyAssert$shouldFail.callStatic(Unknown Source)
	at org.apache.nifi.security.util.crypto.Argon2CipherProviderGroovyTest$_testGetCipherShouldRejectInvalidIV_closure5.doCall(Argon2CipherProviderGroovyTest.groovy:188)
	at sun.reflect.NativeMethodAccessorImpl.invoke0(Native Method)
	at sun.reflect.NativeMethodAccessorImpl.invoke(NativeMethodAccessorImpl.java:62)
	at sun.reflect.DelegatingMethodAccessorImpl.invoke(DelegatingMethodAccessorImpl.java:43)
	at java.lang.reflect.Method.invoke(Method.java:498)
	at org.codehaus.groovy.reflection.CachedMethod.invoke(CachedMethod.java:101)
	at groovy.lang.MetaMethod.doMethodInvoke(MetaMethod.java:323)
	at org.codehaus.groovy.runtime.metaclass.ClosureMetaClass.invokeMethod(ClosureMetaClass.java:263)
	at groovy.lang.MetaClassImpl.invokeMethod(MetaClassImpl.java:1041)
	at groovy.lang.Closure.call(Closure.java:405)
	at groovy.lang.Closure.call(Closure.java:421)
	at org.codehaus.groovy.runtime.DefaultGroovyMethods.each(DefaultGroovyMethods.java:2330)
	at org.codehaus.groovy.runtime.DefaultGroovyMethods.each(DefaultGroovyMethods.java:2315)
	at org.codehaus.groovy.runtime.DefaultGroovyMethods.each(DefaultGroovyMethods.java:2356)
	at org.codehaus.groovy.runtime.dgm$186.invoke(Unknown Source)
	at org.codehaus.groovy.runtime.callsite.PojoMetaMethodSite$PojoMetaMethodSiteNoUnwrapNoCoerce.invoke(PojoMetaMethodSite.java:244)
	at org.codehaus.groovy.runtime.callsite.PojoMetaMethodSite.call(PojoMetaMethodSite.java:53)
	at org.codehaus.groovy.runtime.callsite.CallSiteArray.defaultCall(CallSiteArray.java:47)
	at org.codehaus.groovy.runtime.callsite.AbstractCallSite.call(AbstractCallSite.java:115)
	at org.codehaus.groovy.runtime.callsite.AbstractCallSite.call(AbstractCallSite.java:127)
	at org.apache.nifi.security.util.crypto.Argon2CipherProviderGroovyTest.testGetCipherShouldRejectInvalidIV(Argon2CipherProviderGroovyTest.groovy:181)
	at sun.reflect.NativeMethodAccessorImpl.invoke0(Native Method)
	at sun.reflect.NativeMethodAccessorImpl.invoke(NativeMethodAccessorImpl.java:62)
	at sun.reflect.DelegatingMethodAccessorImpl.invoke(DelegatingMethodAccessorImpl.java:43)
	at java.lang.reflect.Method.invoke(Method.java:498)
	at org.junit.platform.commons.util.ReflectionUtils.invokeMethod(ReflectionUtils.java:688)
	at org.junit.jupiter.engine.execution.MethodInvocation.proceed(MethodInvocation.java:60)
	at org.junit.jupiter.engine.execution.InvocationInterceptorChain$ValidatingInvocation.proceed(InvocationInterceptorChain.java:131)
	at org.junit.jupiter.engine.extension.TimeoutExtension.intercept(TimeoutExtension.java:149)
	at org.junit.jupiter.engine.extension.TimeoutExtension.interceptTestableMethod(TimeoutExtension.java:140)
	at org.junit.jupiter.engine.extension.TimeoutExtension.interceptTestMethod(TimeoutExtension.java:84)
	at org.junit.jupiter.engine.execution.ExecutableInvoker$ReflectiveInterceptorCall.lambda$ofVoidMethod$0(ExecutableInvoker.java:115)
	at org.junit.jupiter.engine.execution.ExecutableInvoker.lambda$invoke$0(ExecutableInvoker.java:105)
	at org.junit.jupiter.engine.execution.InvocationInterceptorChain$InterceptedInvocation.proceed(InvocationInterceptorChain.java:106)
	at org.junit.jupiter.engine.execution.InvocationInterceptorChain.proceed(InvocationInterceptorChain.java:64)
	at org.junit.jupiter.engine.execution.InvocationInterceptorChain.chainAndInvoke(InvocationInterceptorChain.java:45)
	at org.junit.jupiter.engine.execution.InvocationInterceptorChain.invoke(InvocationInterceptorChain.java:37)
	at org.junit.jupiter.engine.execution.ExecutableInvoker.invoke(ExecutableInvoker.java:104)
	at org.junit.jupiter.engine.execution.ExecutableInvoker.invoke(ExecutableInvoker.java:98)
	at org.junit.jupiter.engine.descriptor.TestMethodTestDescriptor.lambda$invokeTestMethod$6(TestMethodTestDescriptor.java:210)
	at org.junit.platform.engine.support.hierarchical.ThrowableCollector.execute(ThrowableCollector.java:73)
	at org.junit.jupiter.engine.descriptor.TestMethodTestDescriptor.invokeTestMethod(TestMethodTestDescriptor.java:206)
	at org.junit.jupiter.engine.descriptor.TestMethodTestDescriptor.execute(TestMethodTestDescriptor.java:131)
	at org.junit.jupiter.engine.descriptor.TestMethodTestDescriptor.execute(TestMethodTestDescriptor.java:65)
	at org.junit.platform.engine.support.hierarchical.NodeTestTask.lambda$executeRecursively$5(NodeTestTask.java:139)
	at org.junit.platform.engine.support.hierarchical.ThrowableCollector.execute(ThrowableCollector.java:73)
	at org.junit.platform.engine.support.hierarchical.NodeTestTask.lambda$executeRecursively$7(NodeTestTask.java:129)
	at org.junit.platform.engine.support.hierarchical.Node.around(Node.java:137)
	at org.junit.platform.engine.support.hierarchical.NodeTestTask.lambda$executeRecursively$8(NodeTestTask.java:127)
	at org.junit.platform.engine.support.hierarchical.ThrowableCollector.execute(ThrowableCollector.java:73)
	at org.junit.platform.engine.support.hierarchical.NodeTestTask.executeRecursively(NodeTestTask.java:126)
	at org.junit.platform.engine.support.hierarchical.NodeTestTask.execute(NodeTestTask.java:84)
	at java.util.ArrayList.forEach(ArrayList.java:1259)
	at org.junit.platform.engine.support.hierarchical.SameThreadHierarchicalTestExecutorService.invokeAll(SameThreadHierarchicalTestExecutorService.java:38)
	at org.junit.platform.engine.support.hierarchical.NodeTestTask.lambda$executeRecursively$5(NodeTestTask.java:143)
	at org.junit.platform.engine.support.hierarchical.ThrowableCollector.execute(ThrowableCollector.java:73)
	at org.junit.platform.engine.support.hierarchical.NodeTestTask.lambda$executeRecursively$7(NodeTestTask.java:129)
	at org.junit.platform.engine.support.hierarchical.Node.around(Node.java:137)
	at org.junit.platform.engine.support.hierarchical.NodeTestTask.lambda$executeRecursively$8(NodeTestTask.java:127)
	at org.junit.platform.engine.support.hierarchical.ThrowableCollector.execute(ThrowableCollector.java:73)
	at org.junit.platform.engine.support.hierarchical.NodeTestTask.executeRecursively(NodeTestTask.java:126)
	at org.junit.platform.engine.support.hierarchical.NodeTestTask.execute(NodeTestTask.java:84)
	at java.util.ArrayList.forEach(ArrayList.java:1259)
	at org.junit.platform.engine.support.hierarchical.SameThreadHierarchicalTestExecutorService.invokeAll(SameThreadHierarchicalTestExecutorService.java:38)
	at org.junit.platform.engine.support.hierarchical.NodeTestTask.lambda$executeRecursively$5(NodeTestTask.java:143)
	at org.junit.platform.engine.support.hierarchical.ThrowableCollector.execute(ThrowableCollector.java:73)
	at org.junit.platform.engine.support.hierarchical.NodeTestTask.lambda$executeRecursively$7(NodeTestTask.java:129)
	at org.junit.platform.engine.support.hierarchical.Node.around(Node.java:137)
	at org.junit.platform.engine.support.hierarchical.NodeTestTask.lambda$executeRecursively$8(NodeTestTask.java:127)
	at org.junit.platform.engine.support.hierarchical.ThrowableCollector.execute(ThrowableCollector.java:73)
	at org.junit.platform.engine.support.hierarchical.NodeTestTask.executeRecursively(NodeTestTask.java:126)
	at org.junit.platform.engine.support.hierarchical.NodeTestTask.execute(NodeTestTask.java:84)
	at org.junit.platform.engine.support.hierarchical.SameThreadHierarchicalTestExecutorService.submit(SameThreadHierarchicalTestExecutorService.java:32)
	at org.junit.platform.engine.support.hierarchical.HierarchicalTestExecutor.execute(HierarchicalTestExecutor.java:57)
	at org.junit.platform.engine.support.hierarchical.HierarchicalTestEngine.execute(HierarchicalTestEngine.java:51)
	at org.junit.platform.launcher.core.EngineExecutionOrchestrator.execute(EngineExecutionOrchestrator.java:108)
	at org.junit.platform.launcher.core.EngineExecutionOrchestrator.execute(EngineExecutionOrchestrator.java:88)
	at org.junit.platform.launcher.core.EngineExecutionOrchestrator.lambda$execute$0(EngineExecutionOrchestrator.java:54)
	at org.junit.platform.launcher.core.EngineExecutionOrchestrator.withInterceptedStreams(EngineExecutionOrchestrator.java:67)
	at org.junit.platform.launcher.core.EngineExecutionOrchestrator.execute(EngineExecutionOrchestrator.java:52)
	at org.junit.platform.launcher.core.DefaultLauncher.execute(DefaultLauncher.java:96)
	at org.junit.platform.launcher.core.DefaultLauncher.execute(DefaultLauncher.java:75)
	at org.apache.maven.surefire.junitplatform.JUnitPlatformProvider.execute(JUnitPlatformProvider.java:188)
	at org.apache.maven.surefire.junitplatform.JUnitPlatformProvider.invokeAllTests(JUnitPlatformProvider.java:154)
	at org.apache.maven.surefire.junitplatform.JUnitPlatformProvider.invoke(JUnitPlatformProvider.java:128)
	at org.apache.maven.surefire.booter.ForkedBooter.runSuitesInProcess(ForkedBooter.java:428)
	at org.apache.maven.surefire.booter.ForkedBooter.execute(ForkedBooter.java:162)
	at org.apache.maven.surefire.booter.ForkedBooter.run(ForkedBooter.java:562)
	at org.apache.maven.surefire.booter.ForkedBooter.main(ForkedBooter.java:548)
]]></system-err>
  </testcase>
  <testcase name="testGetCipherShouldRejectInvalidIV" classname="org.apache.nifi.security.util.crypto.Argon2CipherProviderGroovyTest" time="0.089">
    <system-err><![CDATA[[main] WARN org.apache.nifi.security.util.crypto.Argon2CipherProvider - The provided memory size 1024 KiB is below the recommended minimum 65536 KiB
[main] WARN org.apache.nifi.security.util.crypto.Argon2CipherProvider - The provided parallelization factor 1 is below the recommended minimum 8
[main] WARN org.apache.nifi.security.util.crypto.Argon2CipherProvider - The provided iterations count 3 is below the recommended minimum 5
[main] INFO org.apache.nifi.security.util.crypto.Argon2CipherProviderGroovyTest - IV:  0
[main] WARN org.apache.nifi.security.util.crypto.Argon2SecureHasher - The provided memory size 1024 KiB is below the recommended minimum 65536 KiB.
[main] WARN org.apache.nifi.security.util.crypto.Argon2SecureHasher - The provided parallelization factor 1 is below the recommended minimum 8.
[main] WARN org.apache.nifi.security.util.crypto.Argon2SecureHasher - The provided iteration count 3 is below the recommended minimum 5.
[main] WARN org.apache.nifi.security.util.crypto.AESKeyedCipherProvider - An IV was provided of length 0 bytes for encryption but should be 16 bytes
[main] WARN org.apache.nifi.security.util.crypto.AESKeyedCipherProvider - Generating new IV. The value can be obtained in the calling code by invoking 'cipher.getIV()';
[main] WARN org.apache.nifi.security.util.crypto.Argon2SecureHasher - The provided memory size 1024 KiB is below the recommended minimum 65536 KiB.
[main] WARN org.apache.nifi.security.util.crypto.Argon2SecureHasher - The provided parallelization factor 1 is below the recommended minimum 8.
[main] WARN org.apache.nifi.security.util.crypto.Argon2SecureHasher - The provided iteration count 3 is below the recommended minimum 5.
[main] WARN org.apache.nifi.security.util.crypto.AESKeyedCipherProvider - An IV was provided of length 0 bytes for decryption but should be 16 bytes
[main] ERROR org.apache.nifi.security.util.crypto.Argon2CipherProvider - Encountered an error generating the Argon2 hash
java.lang.IllegalArgumentException: Cannot decrypt without a valid IV
	at org.apache.nifi.security.util.crypto.AESKeyedCipherProvider.getInitializedCipher(AESKeyedCipherProvider.java:128)
	at org.apache.nifi.security.util.crypto.AESKeyedCipherProvider.getCipher(AESKeyedCipherProvider.java:60)
	at org.apache.nifi.security.util.crypto.Argon2CipherProvider.getInitializedCipher(Argon2CipherProvider.java:177)
	at org.apache.nifi.security.util.crypto.Argon2CipherProvider.getCipher(Argon2CipherProvider.java:103)
	at org.apache.nifi.security.util.crypto.Argon2CipherProvider$getCipher$0.call(Unknown Source)
	at org.apache.nifi.security.util.crypto.Argon2CipherProviderGroovyTest$_testGetCipherShouldRejectInvalidIV_closure5$_closure13.doCall(Argon2CipherProviderGroovyTest.groovy:189)
	at org.apache.nifi.security.util.crypto.Argon2CipherProviderGroovyTest$_testGetCipherShouldRejectInvalidIV_closure5$_closure13.doCall(Argon2CipherProviderGroovyTest.groovy)
	at sun.reflect.GeneratedMethodAccessor77.invoke(Unknown Source)
	at sun.reflect.DelegatingMethodAccessorImpl.invoke(DelegatingMethodAccessorImpl.java:43)
	at java.lang.reflect.Method.invoke(Method.java:498)
	at org.codehaus.groovy.reflection.CachedMethod.invoke(CachedMethod.java:101)
	at groovy.lang.MetaMethod.doMethodInvoke(MetaMethod.java:323)
	at org.codehaus.groovy.runtime.metaclass.ClosureMetaClass.invokeMethod(ClosureMetaClass.java:263)
	at groovy.lang.MetaClassImpl.invokeMethod(MetaClassImpl.java:1041)
	at groovy.lang.Closure.call(Closure.java:405)
	at groovy.lang.Closure.call(Closure.java:399)
	at groovy.test.GroovyAssert.shouldFail(GroovyAssert.java:118)
	at groovy.test.GroovyAssert$shouldFail.callStatic(Unknown Source)
	at org.apache.nifi.security.util.crypto.Argon2CipherProviderGroovyTest$_testGetCipherShouldRejectInvalidIV_closure5.doCall(Argon2CipherProviderGroovyTest.groovy:188)
	at sun.reflect.GeneratedMethodAccessor76.invoke(Unknown Source)
	at sun.reflect.DelegatingMethodAccessorImpl.invoke(DelegatingMethodAccessorImpl.java:43)
	at java.lang.reflect.Method.invoke(Method.java:498)
	at org.codehaus.groovy.reflection.CachedMethod.invoke(CachedMethod.java:101)
	at groovy.lang.MetaMethod.doMethodInvoke(MetaMethod.java:323)
	at org.codehaus.groovy.runtime.metaclass.ClosureMetaClass.invokeMethod(ClosureMetaClass.java:263)
	at groovy.lang.MetaClassImpl.invokeMethod(MetaClassImpl.java:1041)
	at groovy.lang.Closure.call(Closure.java:405)
	at groovy.lang.Closure.call(Closure.java:421)
	at org.codehaus.groovy.runtime.DefaultGroovyMethods.each(DefaultGroovyMethods.java:2330)
	at org.codehaus.groovy.runtime.DefaultGroovyMethods.each(DefaultGroovyMethods.java:2315)
	at org.codehaus.groovy.runtime.DefaultGroovyMethods.each(DefaultGroovyMethods.java:2356)
	at org.codehaus.groovy.runtime.dgm$186.invoke(Unknown Source)
	at org.codehaus.groovy.runtime.callsite.PojoMetaMethodSite$PojoMetaMethodSiteNoUnwrapNoCoerce.invoke(PojoMetaMethodSite.java:244)
	at org.codehaus.groovy.runtime.callsite.PojoMetaMethodSite.call(PojoMetaMethodSite.java:53)
	at org.codehaus.groovy.runtime.callsite.AbstractCallSite.call(AbstractCallSite.java:127)
	at org.apache.nifi.security.util.crypto.Argon2CipherProviderGroovyTest.testGetCipherShouldRejectInvalidIV(Argon2CipherProviderGroovyTest.groovy:181)
	at sun.reflect.NativeMethodAccessorImpl.invoke0(Native Method)
	at sun.reflect.NativeMethodAccessorImpl.invoke(NativeMethodAccessorImpl.java:62)
	at sun.reflect.DelegatingMethodAccessorImpl.invoke(DelegatingMethodAccessorImpl.java:43)
	at java.lang.reflect.Method.invoke(Method.java:498)
	at junit.framework.TestCase.runTest(TestCase.java:177)
	at junit.framework.TestCase.runBare(TestCase.java:142)
	at junit.framework.TestResult$1.protect(TestResult.java:122)
	at junit.framework.TestResult.runProtected(TestResult.java:142)
	at junit.framework.TestResult.run(TestResult.java:125)
	at junit.framework.TestCase.run(TestCase.java:130)
	at junit.framework.TestSuite.runTest(TestSuite.java:241)
	at junit.framework.TestSuite.run(TestSuite.java:236)
	at org.junit.internal.runners.JUnit38ClassRunner.run(JUnit38ClassRunner.java:90)
	at org.junit.runner.JUnitCore.run(JUnitCore.java:137)
	at org.junit.runner.JUnitCore.run(JUnitCore.java:115)
	at org.junit.vintage.engine.execution.RunnerExecutor.execute(RunnerExecutor.java:43)
	at java.util.stream.ForEachOps$ForEachOp$OfRef.accept(ForEachOps.java:183)
	at java.util.stream.ReferencePipeline$3$1.accept(ReferencePipeline.java:193)
	at java.util.Iterator.forEachRemaining(Iterator.java:116)
	at java.util.Spliterators$IteratorSpliterator.forEachRemaining(Spliterators.java:1801)
	at java.util.stream.AbstractPipeline.copyInto(AbstractPipeline.java:482)
	at java.util.stream.AbstractPipeline.wrapAndCopyInto(AbstractPipeline.java:472)
	at java.util.stream.ForEachOps$ForEachOp.evaluateSequential(ForEachOps.java:150)
	at java.util.stream.ForEachOps$ForEachOp$OfRef.evaluateSequential(ForEachOps.java:173)
	at java.util.stream.AbstractPipeline.evaluate(AbstractPipeline.java:234)
	at java.util.stream.ReferencePipeline.forEach(ReferencePipeline.java:485)
	at org.junit.vintage.engine.VintageTestEngine.executeAllChildren(VintageTestEngine.java:82)
	at org.junit.vintage.engine.VintageTestEngine.execute(VintageTestEngine.java:73)
	at org.junit.platform.launcher.core.EngineExecutionOrchestrator.execute(EngineExecutionOrchestrator.java:108)
	at org.junit.platform.launcher.core.EngineExecutionOrchestrator.execute(EngineExecutionOrchestrator.java:88)
	at org.junit.platform.launcher.core.EngineExecutionOrchestrator.lambda$execute$0(EngineExecutionOrchestrator.java:54)
	at org.junit.platform.launcher.core.EngineExecutionOrchestrator.withInterceptedStreams(EngineExecutionOrchestrator.java:67)
	at org.junit.platform.launcher.core.EngineExecutionOrchestrator.execute(EngineExecutionOrchestrator.java:52)
	at org.junit.platform.launcher.core.DefaultLauncher.execute(DefaultLauncher.java:96)
	at org.junit.platform.launcher.core.DefaultLauncher.execute(DefaultLauncher.java:75)
	at org.apache.maven.surefire.junitplatform.JUnitPlatformProvider.execute(JUnitPlatformProvider.java:188)
	at org.apache.maven.surefire.junitplatform.JUnitPlatformProvider.invokeAllTests(JUnitPlatformProvider.java:154)
	at org.apache.maven.surefire.junitplatform.JUnitPlatformProvider.invoke(JUnitPlatformProvider.java:128)
	at org.apache.maven.surefire.booter.ForkedBooter.runSuitesInProcess(ForkedBooter.java:428)
	at org.apache.maven.surefire.booter.ForkedBooter.execute(ForkedBooter.java:162)
	at org.apache.maven.surefire.booter.ForkedBooter.run(ForkedBooter.java:562)
	at org.apache.maven.surefire.booter.ForkedBooter.main(ForkedBooter.java:548)
[main] INFO org.apache.nifi.security.util.crypto.Argon2CipherProviderGroovyTest - IV: 00 1
[main] WARN org.apache.nifi.security.util.crypto.Argon2SecureHasher - The provided memory size 1024 KiB is below the recommended minimum 65536 KiB.
[main] WARN org.apache.nifi.security.util.crypto.Argon2SecureHasher - The provided parallelization factor 1 is below the recommended minimum 8.
[main] WARN org.apache.nifi.security.util.crypto.Argon2SecureHasher - The provided iteration count 3 is below the recommended minimum 5.
[main] WARN org.apache.nifi.security.util.crypto.AESKeyedCipherProvider - An IV was provided of length 1 bytes for encryption but should be 16 bytes
[main] WARN org.apache.nifi.security.util.crypto.AESKeyedCipherProvider - Generating new IV. The value can be obtained in the calling code by invoking 'cipher.getIV()';
[main] WARN org.apache.nifi.security.util.crypto.Argon2SecureHasher - The provided memory size 1024 KiB is below the recommended minimum 65536 KiB.
[main] WARN org.apache.nifi.security.util.crypto.Argon2SecureHasher - The provided parallelization factor 1 is below the recommended minimum 8.
[main] WARN org.apache.nifi.security.util.crypto.Argon2SecureHasher - The provided iteration count 3 is below the recommended minimum 5.
[main] WARN org.apache.nifi.security.util.crypto.AESKeyedCipherProvider - An IV was provided of length 1 bytes for decryption but should be 16 bytes
[main] ERROR org.apache.nifi.security.util.crypto.Argon2CipherProvider - Encountered an error generating the Argon2 hash
java.lang.IllegalArgumentException: Cannot decrypt without a valid IV
	at org.apache.nifi.security.util.crypto.AESKeyedCipherProvider.getInitializedCipher(AESKeyedCipherProvider.java:128)
	at org.apache.nifi.security.util.crypto.AESKeyedCipherProvider.getCipher(AESKeyedCipherProvider.java:60)
	at org.apache.nifi.security.util.crypto.Argon2CipherProvider.getInitializedCipher(Argon2CipherProvider.java:177)
	at org.apache.nifi.security.util.crypto.Argon2CipherProvider.getCipher(Argon2CipherProvider.java:103)
	at org.apache.nifi.security.util.crypto.Argon2CipherProvider$getCipher$0.call(Unknown Source)
	at org.apache.nifi.security.util.crypto.Argon2CipherProviderGroovyTest$_testGetCipherShouldRejectInvalidIV_closure5$_closure13.doCall(Argon2CipherProviderGroovyTest.groovy:189)
	at org.apache.nifi.security.util.crypto.Argon2CipherProviderGroovyTest$_testGetCipherShouldRejectInvalidIV_closure5$_closure13.doCall(Argon2CipherProviderGroovyTest.groovy)
	at sun.reflect.GeneratedMethodAccessor77.invoke(Unknown Source)
	at sun.reflect.DelegatingMethodAccessorImpl.invoke(DelegatingMethodAccessorImpl.java:43)
	at java.lang.reflect.Method.invoke(Method.java:498)
	at org.codehaus.groovy.reflection.CachedMethod.invoke(CachedMethod.java:101)
	at groovy.lang.MetaMethod.doMethodInvoke(MetaMethod.java:323)
	at org.codehaus.groovy.runtime.metaclass.ClosureMetaClass.invokeMethod(ClosureMetaClass.java:263)
	at groovy.lang.MetaClassImpl.invokeMethod(MetaClassImpl.java:1041)
	at groovy.lang.Closure.call(Closure.java:405)
	at groovy.lang.Closure.call(Closure.java:399)
	at groovy.test.GroovyAssert.shouldFail(GroovyAssert.java:118)
	at groovy.test.GroovyAssert$shouldFail.callStatic(Unknown Source)
	at org.apache.nifi.security.util.crypto.Argon2CipherProviderGroovyTest$_testGetCipherShouldRejectInvalidIV_closure5.doCall(Argon2CipherProviderGroovyTest.groovy:188)
	at sun.reflect.GeneratedMethodAccessor76.invoke(Unknown Source)
	at sun.reflect.DelegatingMethodAccessorImpl.invoke(DelegatingMethodAccessorImpl.java:43)
	at java.lang.reflect.Method.invoke(Method.java:498)
	at org.codehaus.groovy.reflection.CachedMethod.invoke(CachedMethod.java:101)
	at groovy.lang.MetaMethod.doMethodInvoke(MetaMethod.java:323)
	at org.codehaus.groovy.runtime.metaclass.ClosureMetaClass.invokeMethod(ClosureMetaClass.java:263)
	at groovy.lang.MetaClassImpl.invokeMethod(MetaClassImpl.java:1041)
	at groovy.lang.Closure.call(Closure.java:405)
	at groovy.lang.Closure.call(Closure.java:421)
	at org.codehaus.groovy.runtime.DefaultGroovyMethods.each(DefaultGroovyMethods.java:2330)
	at org.codehaus.groovy.runtime.DefaultGroovyMethods.each(DefaultGroovyMethods.java:2315)
	at org.codehaus.groovy.runtime.DefaultGroovyMethods.each(DefaultGroovyMethods.java:2356)
	at org.codehaus.groovy.runtime.dgm$186.invoke(Unknown Source)
	at org.codehaus.groovy.runtime.callsite.PojoMetaMethodSite$PojoMetaMethodSiteNoUnwrapNoCoerce.invoke(PojoMetaMethodSite.java:244)
	at org.codehaus.groovy.runtime.callsite.PojoMetaMethodSite.call(PojoMetaMethodSite.java:53)
	at org.codehaus.groovy.runtime.callsite.AbstractCallSite.call(AbstractCallSite.java:127)
	at org.apache.nifi.security.util.crypto.Argon2CipherProviderGroovyTest.testGetCipherShouldRejectInvalidIV(Argon2CipherProviderGroovyTest.groovy:181)
	at sun.reflect.NativeMethodAccessorImpl.invoke0(Native Method)
	at sun.reflect.NativeMethodAccessorImpl.invoke(NativeMethodAccessorImpl.java:62)
	at sun.reflect.DelegatingMethodAccessorImpl.invoke(DelegatingMethodAccessorImpl.java:43)
	at java.lang.reflect.Method.invoke(Method.java:498)
	at junit.framework.TestCase.runTest(TestCase.java:177)
	at junit.framework.TestCase.runBare(TestCase.java:142)
	at junit.framework.TestResult$1.protect(TestResult.java:122)
	at junit.framework.TestResult.runProtected(TestResult.java:142)
	at junit.framework.TestResult.run(TestResult.java:125)
	at junit.framework.TestCase.run(TestCase.java:130)
	at junit.framework.TestSuite.runTest(TestSuite.java:241)
	at junit.framework.TestSuite.run(TestSuite.java:236)
	at org.junit.internal.runners.JUnit38ClassRunner.run(JUnit38ClassRunner.java:90)
	at org.junit.runner.JUnitCore.run(JUnitCore.java:137)
	at org.junit.runner.JUnitCore.run(JUnitCore.java:115)
	at org.junit.vintage.engine.execution.RunnerExecutor.execute(RunnerExecutor.java:43)
	at java.util.stream.ForEachOps$ForEachOp$OfRef.accept(ForEachOps.java:183)
	at java.util.stream.ReferencePipeline$3$1.accept(ReferencePipeline.java:193)
	at java.util.Iterator.forEachRemaining(Iterator.java:116)
	at java.util.Spliterators$IteratorSpliterator.forEachRemaining(Spliterators.java:1801)
	at java.util.stream.AbstractPipeline.copyInto(AbstractPipeline.java:482)
	at java.util.stream.AbstractPipeline.wrapAndCopyInto(AbstractPipeline.java:472)
	at java.util.stream.ForEachOps$ForEachOp.evaluateSequential(ForEachOps.java:150)
	at java.util.stream.ForEachOps$ForEachOp$OfRef.evaluateSequential(ForEachOps.java:173)
	at java.util.stream.AbstractPipeline.evaluate(AbstractPipeline.java:234)
	at java.util.stream.ReferencePipeline.forEach(ReferencePipeline.java:485)
	at org.junit.vintage.engine.VintageTestEngine.executeAllChildren(VintageTestEngine.java:82)
	at org.junit.vintage.engine.VintageTestEngine.execute(VintageTestEngine.java:73)
	at org.junit.platform.launcher.core.EngineExecutionOrchestrator.execute(EngineExecutionOrchestrator.java:108)
	at org.junit.platform.launcher.core.EngineExecutionOrchestrator.execute(EngineExecutionOrchestrator.java:88)
	at org.junit.platform.launcher.core.EngineExecutionOrchestrator.lambda$execute$0(EngineExecutionOrchestrator.java:54)
	at org.junit.platform.launcher.core.EngineExecutionOrchestrator.withInterceptedStreams(EngineExecutionOrchestrator.java:67)
	at org.junit.platform.launcher.core.EngineExecutionOrchestrator.execute(EngineExecutionOrchestrator.java:52)
	at org.junit.platform.launcher.core.DefaultLauncher.execute(DefaultLauncher.java:96)
	at org.junit.platform.launcher.core.DefaultLauncher.execute(DefaultLauncher.java:75)
	at org.apache.maven.surefire.junitplatform.JUnitPlatformProvider.execute(JUnitPlatformProvider.java:188)
	at org.apache.maven.surefire.junitplatform.JUnitPlatformProvider.invokeAllTests(JUnitPlatformProvider.java:154)
	at org.apache.maven.surefire.junitplatform.JUnitPlatformProvider.invoke(JUnitPlatformProvider.java:128)
	at org.apache.maven.surefire.booter.ForkedBooter.runSuitesInProcess(ForkedBooter.java:428)
	at org.apache.maven.surefire.booter.ForkedBooter.execute(ForkedBooter.java:162)
	at org.apache.maven.surefire.booter.ForkedBooter.run(ForkedBooter.java:562)
	at org.apache.maven.surefire.booter.ForkedBooter.main(ForkedBooter.java:548)
[main] INFO org.apache.nifi.security.util.crypto.Argon2CipherProviderGroovyTest - IV: 0000 2
[main] WARN org.apache.nifi.security.util.crypto.Argon2SecureHasher - The provided memory size 1024 KiB is below the recommended minimum 65536 KiB.
[main] WARN org.apache.nifi.security.util.crypto.Argon2SecureHasher - The provided parallelization factor 1 is below the recommended minimum 8.
[main] WARN org.apache.nifi.security.util.crypto.Argon2SecureHasher - The provided iteration count 3 is below the recommended minimum 5.
[main] WARN org.apache.nifi.security.util.crypto.AESKeyedCipherProvider - An IV was provided of length 2 bytes for encryption but should be 16 bytes
[main] WARN org.apache.nifi.security.util.crypto.AESKeyedCipherProvider - Generating new IV. The value can be obtained in the calling code by invoking 'cipher.getIV()';
[main] WARN org.apache.nifi.security.util.crypto.Argon2SecureHasher - The provided memory size 1024 KiB is below the recommended minimum 65536 KiB.
[main] WARN org.apache.nifi.security.util.crypto.Argon2SecureHasher - The provided parallelization factor 1 is below the recommended minimum 8.
[main] WARN org.apache.nifi.security.util.crypto.Argon2SecureHasher - The provided iteration count 3 is below the recommended minimum 5.
[main] WARN org.apache.nifi.security.util.crypto.AESKeyedCipherProvider - An IV was provided of length 2 bytes for decryption but should be 16 bytes
[main] ERROR org.apache.nifi.security.util.crypto.Argon2CipherProvider - Encountered an error generating the Argon2 hash
java.lang.IllegalArgumentException: Cannot decrypt without a valid IV
	at org.apache.nifi.security.util.crypto.AESKeyedCipherProvider.getInitializedCipher(AESKeyedCipherProvider.java:128)
	at org.apache.nifi.security.util.crypto.AESKeyedCipherProvider.getCipher(AESKeyedCipherProvider.java:60)
	at org.apache.nifi.security.util.crypto.Argon2CipherProvider.getInitializedCipher(Argon2CipherProvider.java:177)
	at org.apache.nifi.security.util.crypto.Argon2CipherProvider.getCipher(Argon2CipherProvider.java:103)
	at org.apache.nifi.security.util.crypto.Argon2CipherProvider$getCipher$0.call(Unknown Source)
	at org.apache.nifi.security.util.crypto.Argon2CipherProviderGroovyTest$_testGetCipherShouldRejectInvalidIV_closure5$_closure13.doCall(Argon2CipherProviderGroovyTest.groovy:189)
	at org.apache.nifi.security.util.crypto.Argon2CipherProviderGroovyTest$_testGetCipherShouldRejectInvalidIV_closure5$_closure13.doCall(Argon2CipherProviderGroovyTest.groovy)
	at sun.reflect.GeneratedMethodAccessor77.invoke(Unknown Source)
	at sun.reflect.DelegatingMethodAccessorImpl.invoke(DelegatingMethodAccessorImpl.java:43)
	at java.lang.reflect.Method.invoke(Method.java:498)
	at org.codehaus.groovy.reflection.CachedMethod.invoke(CachedMethod.java:101)
	at groovy.lang.MetaMethod.doMethodInvoke(MetaMethod.java:323)
	at org.codehaus.groovy.runtime.metaclass.ClosureMetaClass.invokeMethod(ClosureMetaClass.java:263)
	at groovy.lang.MetaClassImpl.invokeMethod(MetaClassImpl.java:1041)
	at groovy.lang.Closure.call(Closure.java:405)
	at groovy.lang.Closure.call(Closure.java:399)
	at groovy.test.GroovyAssert.shouldFail(GroovyAssert.java:118)
	at groovy.test.GroovyAssert$shouldFail.callStatic(Unknown Source)
	at org.apache.nifi.security.util.crypto.Argon2CipherProviderGroovyTest$_testGetCipherShouldRejectInvalidIV_closure5.doCall(Argon2CipherProviderGroovyTest.groovy:188)
	at sun.reflect.GeneratedMethodAccessor76.invoke(Unknown Source)
	at sun.reflect.DelegatingMethodAccessorImpl.invoke(DelegatingMethodAccessorImpl.java:43)
	at java.lang.reflect.Method.invoke(Method.java:498)
	at org.codehaus.groovy.reflection.CachedMethod.invoke(CachedMethod.java:101)
	at groovy.lang.MetaMethod.doMethodInvoke(MetaMethod.java:323)
	at org.codehaus.groovy.runtime.metaclass.ClosureMetaClass.invokeMethod(ClosureMetaClass.java:263)
	at groovy.lang.MetaClassImpl.invokeMethod(MetaClassImpl.java:1041)
	at groovy.lang.Closure.call(Closure.java:405)
	at groovy.lang.Closure.call(Closure.java:421)
	at org.codehaus.groovy.runtime.DefaultGroovyMethods.each(DefaultGroovyMethods.java:2330)
	at org.codehaus.groovy.runtime.DefaultGroovyMethods.each(DefaultGroovyMethods.java:2315)
	at org.codehaus.groovy.runtime.DefaultGroovyMethods.each(DefaultGroovyMethods.java:2356)
	at org.codehaus.groovy.runtime.dgm$186.invoke(Unknown Source)
	at org.codehaus.groovy.runtime.callsite.PojoMetaMethodSite$PojoMetaMethodSiteNoUnwrapNoCoerce.invoke(PojoMetaMethodSite.java:244)
	at org.codehaus.groovy.runtime.callsite.PojoMetaMethodSite.call(PojoMetaMethodSite.java:53)
	at org.codehaus.groovy.runtime.callsite.AbstractCallSite.call(AbstractCallSite.java:127)
	at org.apache.nifi.security.util.crypto.Argon2CipherProviderGroovyTest.testGetCipherShouldRejectInvalidIV(Argon2CipherProviderGroovyTest.groovy:181)
	at sun.reflect.NativeMethodAccessorImpl.invoke0(Native Method)
	at sun.reflect.NativeMethodAccessorImpl.invoke(NativeMethodAccessorImpl.java:62)
	at sun.reflect.DelegatingMethodAccessorImpl.invoke(DelegatingMethodAccessorImpl.java:43)
	at java.lang.reflect.Method.invoke(Method.java:498)
	at junit.framework.TestCase.runTest(TestCase.java:177)
	at junit.framework.TestCase.runBare(TestCase.java:142)
	at junit.framework.TestResult$1.protect(TestResult.java:122)
	at junit.framework.TestResult.runProtected(TestResult.java:142)
	at junit.framework.TestResult.run(TestResult.java:125)
	at junit.framework.TestCase.run(TestCase.java:130)
	at junit.framework.TestSuite.runTest(TestSuite.java:241)
	at junit.framework.TestSuite.run(TestSuite.java:236)
	at org.junit.internal.runners.JUnit38ClassRunner.run(JUnit38ClassRunner.java:90)
	at org.junit.runner.JUnitCore.run(JUnitCore.java:137)
	at org.junit.runner.JUnitCore.run(JUnitCore.java:115)
	at org.junit.vintage.engine.execution.RunnerExecutor.execute(RunnerExecutor.java:43)
	at java.util.stream.ForEachOps$ForEachOp$OfRef.accept(ForEachOps.java:183)
	at java.util.stream.ReferencePipeline$3$1.accept(ReferencePipeline.java:193)
	at java.util.Iterator.forEachRemaining(Iterator.java:116)
	at java.util.Spliterators$IteratorSpliterator.forEachRemaining(Spliterators.java:1801)
	at java.util.stream.AbstractPipeline.copyInto(AbstractPipeline.java:482)
	at java.util.stream.AbstractPipeline.wrapAndCopyInto(AbstractPipeline.java:472)
	at java.util.stream.ForEachOps$ForEachOp.evaluateSequential(ForEachOps.java:150)
	at java.util.stream.ForEachOps$ForEachOp$OfRef.evaluateSequential(ForEachOps.java:173)
	at java.util.stream.AbstractPipeline.evaluate(AbstractPipeline.java:234)
	at java.util.stream.ReferencePipeline.forEach(ReferencePipeline.java:485)
	at org.junit.vintage.engine.VintageTestEngine.executeAllChildren(VintageTestEngine.java:82)
	at org.junit.vintage.engine.VintageTestEngine.execute(VintageTestEngine.java:73)
	at org.junit.platform.launcher.core.EngineExecutionOrchestrator.execute(EngineExecutionOrchestrator.java:108)
	at org.junit.platform.launcher.core.EngineExecutionOrchestrator.execute(EngineExecutionOrchestrator.java:88)
	at org.junit.platform.launcher.core.EngineExecutionOrchestrator.lambda$execute$0(EngineExecutionOrchestrator.java:54)
	at org.junit.platform.launcher.core.EngineExecutionOrchestrator.withInterceptedStreams(EngineExecutionOrchestrator.java:67)
	at org.junit.platform.launcher.core.EngineExecutionOrchestrator.execute(EngineExecutionOrchestrator.java:52)
	at org.junit.platform.launcher.core.DefaultLauncher.execute(DefaultLauncher.java:96)
	at org.junit.platform.launcher.core.DefaultLauncher.execute(DefaultLauncher.java:75)
	at org.apache.maven.surefire.junitplatform.JUnitPlatformProvider.execute(JUnitPlatformProvider.java:188)
	at org.apache.maven.surefire.junitplatform.JUnitPlatformProvider.invokeAllTests(JUnitPlatformProvider.java:154)
	at org.apache.maven.surefire.junitplatform.JUnitPlatformProvider.invoke(JUnitPlatformProvider.java:128)
	at org.apache.maven.surefire.booter.ForkedBooter.runSuitesInProcess(ForkedBooter.java:428)
	at org.apache.maven.surefire.booter.ForkedBooter.execute(ForkedBooter.java:162)
	at org.apache.maven.surefire.booter.ForkedBooter.run(ForkedBooter.java:562)
	at org.apache.maven.surefire.booter.ForkedBooter.main(ForkedBooter.java:548)
[main] INFO org.apache.nifi.security.util.crypto.Argon2CipherProviderGroovyTest - IV: 000000 3
[main] WARN org.apache.nifi.security.util.crypto.Argon2SecureHasher - The provided memory size 1024 KiB is below the recommended minimum 65536 KiB.
[main] WARN org.apache.nifi.security.util.crypto.Argon2SecureHasher - The provided parallelization factor 1 is below the recommended minimum 8.
[main] WARN org.apache.nifi.security.util.crypto.Argon2SecureHasher - The provided iteration count 3 is below the recommended minimum 5.
[main] WARN org.apache.nifi.security.util.crypto.AESKeyedCipherProvider - An IV was provided of length 3 bytes for encryption but should be 16 bytes
[main] WARN org.apache.nifi.security.util.crypto.AESKeyedCipherProvider - Generating new IV. The value can be obtained in the calling code by invoking 'cipher.getIV()';
[main] WARN org.apache.nifi.security.util.crypto.Argon2SecureHasher - The provided memory size 1024 KiB is below the recommended minimum 65536 KiB.
[main] WARN org.apache.nifi.security.util.crypto.Argon2SecureHasher - The provided parallelization factor 1 is below the recommended minimum 8.
[main] WARN org.apache.nifi.security.util.crypto.Argon2SecureHasher - The provided iteration count 3 is below the recommended minimum 5.
[main] WARN org.apache.nifi.security.util.crypto.AESKeyedCipherProvider - An IV was provided of length 3 bytes for decryption but should be 16 bytes
[main] ERROR org.apache.nifi.security.util.crypto.Argon2CipherProvider - Encountered an error generating the Argon2 hash
java.lang.IllegalArgumentException: Cannot decrypt without a valid IV
	at org.apache.nifi.security.util.crypto.AESKeyedCipherProvider.getInitializedCipher(AESKeyedCipherProvider.java:128)
	at org.apache.nifi.security.util.crypto.AESKeyedCipherProvider.getCipher(AESKeyedCipherProvider.java:60)
	at org.apache.nifi.security.util.crypto.Argon2CipherProvider.getInitializedCipher(Argon2CipherProvider.java:177)
	at org.apache.nifi.security.util.crypto.Argon2CipherProvider.getCipher(Argon2CipherProvider.java:103)
	at org.apache.nifi.security.util.crypto.Argon2CipherProvider$getCipher$0.call(Unknown Source)
	at org.apache.nifi.security.util.crypto.Argon2CipherProviderGroovyTest$_testGetCipherShouldRejectInvalidIV_closure5$_closure13.doCall(Argon2CipherProviderGroovyTest.groovy:189)
	at org.apache.nifi.security.util.crypto.Argon2CipherProviderGroovyTest$_testGetCipherShouldRejectInvalidIV_closure5$_closure13.doCall(Argon2CipherProviderGroovyTest.groovy)
	at sun.reflect.GeneratedMethodAccessor77.invoke(Unknown Source)
	at sun.reflect.DelegatingMethodAccessorImpl.invoke(DelegatingMethodAccessorImpl.java:43)
	at java.lang.reflect.Method.invoke(Method.java:498)
	at org.codehaus.groovy.reflection.CachedMethod.invoke(CachedMethod.java:101)
	at groovy.lang.MetaMethod.doMethodInvoke(MetaMethod.java:323)
	at org.codehaus.groovy.runtime.metaclass.ClosureMetaClass.invokeMethod(ClosureMetaClass.java:263)
	at groovy.lang.MetaClassImpl.invokeMethod(MetaClassImpl.java:1041)
	at groovy.lang.Closure.call(Closure.java:405)
	at groovy.lang.Closure.call(Closure.java:399)
	at groovy.test.GroovyAssert.shouldFail(GroovyAssert.java:118)
	at groovy.test.GroovyAssert$shouldFail.callStatic(Unknown Source)
	at org.apache.nifi.security.util.crypto.Argon2CipherProviderGroovyTest$_testGetCipherShouldRejectInvalidIV_closure5.doCall(Argon2CipherProviderGroovyTest.groovy:188)
	at sun.reflect.GeneratedMethodAccessor76.invoke(Unknown Source)
	at sun.reflect.DelegatingMethodAccessorImpl.invoke(DelegatingMethodAccessorImpl.java:43)
	at java.lang.reflect.Method.invoke(Method.java:498)
	at org.codehaus.groovy.reflection.CachedMethod.invoke(CachedMethod.java:101)
	at groovy.lang.MetaMethod.doMethodInvoke(MetaMethod.java:323)
	at org.codehaus.groovy.runtime.metaclass.ClosureMetaClass.invokeMethod(ClosureMetaClass.java:263)
	at groovy.lang.MetaClassImpl.invokeMethod(MetaClassImpl.java:1041)
	at groovy.lang.Closure.call(Closure.java:405)
	at groovy.lang.Closure.call(Closure.java:421)
	at org.codehaus.groovy.runtime.DefaultGroovyMethods.each(DefaultGroovyMethods.java:2330)
	at org.codehaus.groovy.runtime.DefaultGroovyMethods.each(DefaultGroovyMethods.java:2315)
	at org.codehaus.groovy.runtime.DefaultGroovyMethods.each(DefaultGroovyMethods.java:2356)
	at org.codehaus.groovy.runtime.dgm$186.invoke(Unknown Source)
	at org.codehaus.groovy.runtime.callsite.PojoMetaMethodSite$PojoMetaMethodSiteNoUnwrapNoCoerce.invoke(PojoMetaMethodSite.java:244)
	at org.codehaus.groovy.runtime.callsite.PojoMetaMethodSite.call(PojoMetaMethodSite.java:53)
	at org.codehaus.groovy.runtime.callsite.AbstractCallSite.call(AbstractCallSite.java:127)
	at org.apache.nifi.security.util.crypto.Argon2CipherProviderGroovyTest.testGetCipherShouldRejectInvalidIV(Argon2CipherProviderGroovyTest.groovy:181)
	at sun.reflect.NativeMethodAccessorImpl.invoke0(Native Method)
	at sun.reflect.NativeMethodAccessorImpl.invoke(NativeMethodAccessorImpl.java:62)
	at sun.reflect.DelegatingMethodAccessorImpl.invoke(DelegatingMethodAccessorImpl.java:43)
	at java.lang.reflect.Method.invoke(Method.java:498)
	at junit.framework.TestCase.runTest(TestCase.java:177)
	at junit.framework.TestCase.runBare(TestCase.java:142)
	at junit.framework.TestResult$1.protect(TestResult.java:122)
	at junit.framework.TestResult.runProtected(TestResult.java:142)
	at junit.framework.TestResult.run(TestResult.java:125)
	at junit.framework.TestCase.run(TestCase.java:130)
	at junit.framework.TestSuite.runTest(TestSuite.java:241)
	at junit.framework.TestSuite.run(TestSuite.java:236)
	at org.junit.internal.runners.JUnit38ClassRunner.run(JUnit38ClassRunner.java:90)
	at org.junit.runner.JUnitCore.run(JUnitCore.java:137)
	at org.junit.runner.JUnitCore.run(JUnitCore.java:115)
	at org.junit.vintage.engine.execution.RunnerExecutor.execute(RunnerExecutor.java:43)
	at java.util.stream.ForEachOps$ForEachOp$OfRef.accept(ForEachOps.java:183)
	at java.util.stream.ReferencePipeline$3$1.accept(ReferencePipeline.java:193)
	at java.util.Iterator.forEachRemaining(Iterator.java:116)
	at java.util.Spliterators$IteratorSpliterator.forEachRemaining(Spliterators.java:1801)
	at java.util.stream.AbstractPipeline.copyInto(AbstractPipeline.java:482)
	at java.util.stream.AbstractPipeline.wrapAndCopyInto(AbstractPipeline.java:472)
	at java.util.stream.ForEachOps$ForEachOp.evaluateSequential(ForEachOps.java:150)
	at java.util.stream.ForEachOps$ForEachOp$OfRef.evaluateSequential(ForEachOps.java:173)
	at java.util.stream.AbstractPipeline.evaluate(AbstractPipeline.java:234)
	at java.util.stream.ReferencePipeline.forEach(ReferencePipeline.java:485)
	at org.junit.vintage.engine.VintageTestEngine.executeAllChildren(VintageTestEngine.java:82)
	at org.junit.vintage.engine.VintageTestEngine.execute(VintageTestEngine.java:73)
	at org.junit.platform.launcher.core.EngineExecutionOrchestrator.execute(EngineExecutionOrchestrator.java:108)
	at org.junit.platform.launcher.core.EngineExecutionOrchestrator.execute(EngineExecutionOrchestrator.java:88)
	at org.junit.platform.launcher.core.EngineExecutionOrchestrator.lambda$execute$0(EngineExecutionOrchestrator.java:54)
	at org.junit.platform.launcher.core.EngineExecutionOrchestrator.withInterceptedStreams(EngineExecutionOrchestrator.java:67)
	at org.junit.platform.launcher.core.EngineExecutionOrchestrator.execute(EngineExecutionOrchestrator.java:52)
	at org.junit.platform.launcher.core.DefaultLauncher.execute(DefaultLauncher.java:96)
	at org.junit.platform.launcher.core.DefaultLauncher.execute(DefaultLauncher.java:75)
	at org.apache.maven.surefire.junitplatform.JUnitPlatformProvider.execute(JUnitPlatformProvider.java:188)
	at org.apache.maven.surefire.junitplatform.JUnitPlatformProvider.invokeAllTests(JUnitPlatformProvider.java:154)
	at org.apache.maven.surefire.junitplatform.JUnitPlatformProvider.invoke(JUnitPlatformProvider.java:128)
	at org.apache.maven.surefire.booter.ForkedBooter.runSuitesInProcess(ForkedBooter.java:428)
	at org.apache.maven.surefire.booter.ForkedBooter.execute(ForkedBooter.java:162)
	at org.apache.maven.surefire.booter.ForkedBooter.run(ForkedBooter.java:562)
	at org.apache.maven.surefire.booter.ForkedBooter.main(ForkedBooter.java:548)
[main] INFO org.apache.nifi.security.util.crypto.Argon2CipherProviderGroovyTest - IV: 00000000 4
[main] WARN org.apache.nifi.security.util.crypto.Argon2SecureHasher - The provided memory size 1024 KiB is below the recommended minimum 65536 KiB.
[main] WARN org.apache.nifi.security.util.crypto.Argon2SecureHasher - The provided parallelization factor 1 is below the recommended minimum 8.
[main] WARN org.apache.nifi.security.util.crypto.Argon2SecureHasher - The provided iteration count 3 is below the recommended minimum 5.
[main] WARN org.apache.nifi.security.util.crypto.AESKeyedCipherProvider - An IV was provided of length 4 bytes for encryption but should be 16 bytes
[main] WARN org.apache.nifi.security.util.crypto.AESKeyedCipherProvider - Generating new IV. The value can be obtained in the calling code by invoking 'cipher.getIV()';
[main] WARN org.apache.nifi.security.util.crypto.Argon2SecureHasher - The provided memory size 1024 KiB is below the recommended minimum 65536 KiB.
[main] WARN org.apache.nifi.security.util.crypto.Argon2SecureHasher - The provided parallelization factor 1 is below the recommended minimum 8.
[main] WARN org.apache.nifi.security.util.crypto.Argon2SecureHasher - The provided iteration count 3 is below the recommended minimum 5.
[main] WARN org.apache.nifi.security.util.crypto.AESKeyedCipherProvider - An IV was provided of length 4 bytes for decryption but should be 16 bytes
[main] ERROR org.apache.nifi.security.util.crypto.Argon2CipherProvider - Encountered an error generating the Argon2 hash
java.lang.IllegalArgumentException: Cannot decrypt without a valid IV
	at org.apache.nifi.security.util.crypto.AESKeyedCipherProvider.getInitializedCipher(AESKeyedCipherProvider.java:128)
	at org.apache.nifi.security.util.crypto.AESKeyedCipherProvider.getCipher(AESKeyedCipherProvider.java:60)
	at org.apache.nifi.security.util.crypto.Argon2CipherProvider.getInitializedCipher(Argon2CipherProvider.java:177)
	at org.apache.nifi.security.util.crypto.Argon2CipherProvider.getCipher(Argon2CipherProvider.java:103)
	at org.apache.nifi.security.util.crypto.Argon2CipherProvider$getCipher$0.call(Unknown Source)
	at org.apache.nifi.security.util.crypto.Argon2CipherProviderGroovyTest$_testGetCipherShouldRejectInvalidIV_closure5$_closure13.doCall(Argon2CipherProviderGroovyTest.groovy:189)
	at org.apache.nifi.security.util.crypto.Argon2CipherProviderGroovyTest$_testGetCipherShouldRejectInvalidIV_closure5$_closure13.doCall(Argon2CipherProviderGroovyTest.groovy)
	at sun.reflect.GeneratedMethodAccessor77.invoke(Unknown Source)
	at sun.reflect.DelegatingMethodAccessorImpl.invoke(DelegatingMethodAccessorImpl.java:43)
	at java.lang.reflect.Method.invoke(Method.java:498)
	at org.codehaus.groovy.reflection.CachedMethod.invoke(CachedMethod.java:101)
	at groovy.lang.MetaMethod.doMethodInvoke(MetaMethod.java:323)
	at org.codehaus.groovy.runtime.metaclass.ClosureMetaClass.invokeMethod(ClosureMetaClass.java:263)
	at groovy.lang.MetaClassImpl.invokeMethod(MetaClassImpl.java:1041)
	at groovy.lang.Closure.call(Closure.java:405)
	at groovy.lang.Closure.call(Closure.java:399)
	at groovy.test.GroovyAssert.shouldFail(GroovyAssert.java:118)
	at groovy.test.GroovyAssert$shouldFail.callStatic(Unknown Source)
	at org.apache.nifi.security.util.crypto.Argon2CipherProviderGroovyTest$_testGetCipherShouldRejectInvalidIV_closure5.doCall(Argon2CipherProviderGroovyTest.groovy:188)
	at sun.reflect.GeneratedMethodAccessor76.invoke(Unknown Source)
	at sun.reflect.DelegatingMethodAccessorImpl.invoke(DelegatingMethodAccessorImpl.java:43)
	at java.lang.reflect.Method.invoke(Method.java:498)
	at org.codehaus.groovy.reflection.CachedMethod.invoke(CachedMethod.java:101)
	at groovy.lang.MetaMethod.doMethodInvoke(MetaMethod.java:323)
	at org.codehaus.groovy.runtime.metaclass.ClosureMetaClass.invokeMethod(ClosureMetaClass.java:263)
	at groovy.lang.MetaClassImpl.invokeMethod(MetaClassImpl.java:1041)
	at groovy.lang.Closure.call(Closure.java:405)
	at groovy.lang.Closure.call(Closure.java:421)
	at org.codehaus.groovy.runtime.DefaultGroovyMethods.each(DefaultGroovyMethods.java:2330)
	at org.codehaus.groovy.runtime.DefaultGroovyMethods.each(DefaultGroovyMethods.java:2315)
	at org.codehaus.groovy.runtime.DefaultGroovyMethods.each(DefaultGroovyMethods.java:2356)
	at org.codehaus.groovy.runtime.dgm$186.invoke(Unknown Source)
	at org.codehaus.groovy.runtime.callsite.PojoMetaMethodSite$PojoMetaMethodSiteNoUnwrapNoCoerce.invoke(PojoMetaMethodSite.java:244)
	at org.codehaus.groovy.runtime.callsite.PojoMetaMethodSite.call(PojoMetaMethodSite.java:53)
	at org.codehaus.groovy.runtime.callsite.AbstractCallSite.call(AbstractCallSite.java:127)
	at org.apache.nifi.security.util.crypto.Argon2CipherProviderGroovyTest.testGetCipherShouldRejectInvalidIV(Argon2CipherProviderGroovyTest.groovy:181)
	at sun.reflect.NativeMethodAccessorImpl.invoke0(Native Method)
	at sun.reflect.NativeMethodAccessorImpl.invoke(NativeMethodAccessorImpl.java:62)
	at sun.reflect.DelegatingMethodAccessorImpl.invoke(DelegatingMethodAccessorImpl.java:43)
	at java.lang.reflect.Method.invoke(Method.java:498)
	at junit.framework.TestCase.runTest(TestCase.java:177)
	at junit.framework.TestCase.runBare(TestCase.java:142)
	at junit.framework.TestResult$1.protect(TestResult.java:122)
	at junit.framework.TestResult.runProtected(TestResult.java:142)
	at junit.framework.TestResult.run(TestResult.java:125)
	at junit.framework.TestCase.run(TestCase.java:130)
	at junit.framework.TestSuite.runTest(TestSuite.java:241)
	at junit.framework.TestSuite.run(TestSuite.java:236)
	at org.junit.internal.runners.JUnit38ClassRunner.run(JUnit38ClassRunner.java:90)
	at org.junit.runner.JUnitCore.run(JUnitCore.java:137)
	at org.junit.runner.JUnitCore.run(JUnitCore.java:115)
	at org.junit.vintage.engine.execution.RunnerExecutor.execute(RunnerExecutor.java:43)
	at java.util.stream.ForEachOps$ForEachOp$OfRef.accept(ForEachOps.java:183)
	at java.util.stream.ReferencePipeline$3$1.accept(ReferencePipeline.java:193)
	at java.util.Iterator.forEachRemaining(Iterator.java:116)
	at java.util.Spliterators$IteratorSpliterator.forEachRemaining(Spliterators.java:1801)
	at java.util.stream.AbstractPipeline.copyInto(AbstractPipeline.java:482)
	at java.util.stream.AbstractPipeline.wrapAndCopyInto(AbstractPipeline.java:472)
	at java.util.stream.ForEachOps$ForEachOp.evaluateSequential(ForEachOps.java:150)
	at java.util.stream.ForEachOps$ForEachOp$OfRef.evaluateSequential(ForEachOps.java:173)
	at java.util.stream.AbstractPipeline.evaluate(AbstractPipeline.java:234)
	at java.util.stream.ReferencePipeline.forEach(ReferencePipeline.java:485)
	at org.junit.vintage.engine.VintageTestEngine.executeAllChildren(VintageTestEngine.java:82)
	at org.junit.vintage.engine.VintageTestEngine.execute(VintageTestEngine.java:73)
	at org.junit.platform.launcher.core.EngineExecutionOrchestrator.execute(EngineExecutionOrchestrator.java:108)
	at org.junit.platform.launcher.core.EngineExecutionOrchestrator.execute(EngineExecutionOrchestrator.java:88)
	at org.junit.platform.launcher.core.EngineExecutionOrchestrator.lambda$execute$0(EngineExecutionOrchestrator.java:54)
	at org.junit.platform.launcher.core.EngineExecutionOrchestrator.withInterceptedStreams(EngineExecutionOrchestrator.java:67)
	at org.junit.platform.launcher.core.EngineExecutionOrchestrator.execute(EngineExecutionOrchestrator.java:52)
	at org.junit.platform.launcher.core.DefaultLauncher.execute(DefaultLauncher.java:96)
	at org.junit.platform.launcher.core.DefaultLauncher.execute(DefaultLauncher.java:75)
	at org.apache.maven.surefire.junitplatform.JUnitPlatformProvider.execute(JUnitPlatformProvider.java:188)
	at org.apache.maven.surefire.junitplatform.JUnitPlatformProvider.invokeAllTests(JUnitPlatformProvider.java:154)
	at org.apache.maven.surefire.junitplatform.JUnitPlatformProvider.invoke(JUnitPlatformProvider.java:128)
	at org.apache.maven.surefire.booter.ForkedBooter.runSuitesInProcess(ForkedBooter.java:428)
	at org.apache.maven.surefire.booter.ForkedBooter.execute(ForkedBooter.java:162)
	at org.apache.maven.surefire.booter.ForkedBooter.run(ForkedBooter.java:562)
	at org.apache.maven.surefire.booter.ForkedBooter.main(ForkedBooter.java:548)
[main] INFO org.apache.nifi.security.util.crypto.Argon2CipherProviderGroovyTest - IV: 0000000000 5
[main] WARN org.apache.nifi.security.util.crypto.Argon2SecureHasher - The provided memory size 1024 KiB is below the recommended minimum 65536 KiB.
[main] WARN org.apache.nifi.security.util.crypto.Argon2SecureHasher - The provided parallelization factor 1 is below the recommended minimum 8.
[main] WARN org.apache.nifi.security.util.crypto.Argon2SecureHasher - The provided iteration count 3 is below the recommended minimum 5.
[main] WARN org.apache.nifi.security.util.crypto.AESKeyedCipherProvider - An IV was provided of length 5 bytes for encryption but should be 16 bytes
[main] WARN org.apache.nifi.security.util.crypto.AESKeyedCipherProvider - Generating new IV. The value can be obtained in the calling code by invoking 'cipher.getIV()';
[main] WARN org.apache.nifi.security.util.crypto.Argon2SecureHasher - The provided memory size 1024 KiB is below the recommended minimum 65536 KiB.
[main] WARN org.apache.nifi.security.util.crypto.Argon2SecureHasher - The provided parallelization factor 1 is below the recommended minimum 8.
[main] WARN org.apache.nifi.security.util.crypto.Argon2SecureHasher - The provided iteration count 3 is below the recommended minimum 5.
[main] WARN org.apache.nifi.security.util.crypto.AESKeyedCipherProvider - An IV was provided of length 5 bytes for decryption but should be 16 bytes
[main] ERROR org.apache.nifi.security.util.crypto.Argon2CipherProvider - Encountered an error generating the Argon2 hash
java.lang.IllegalArgumentException: Cannot decrypt without a valid IV
	at org.apache.nifi.security.util.crypto.AESKeyedCipherProvider.getInitializedCipher(AESKeyedCipherProvider.java:128)
	at org.apache.nifi.security.util.crypto.AESKeyedCipherProvider.getCipher(AESKeyedCipherProvider.java:60)
	at org.apache.nifi.security.util.crypto.Argon2CipherProvider.getInitializedCipher(Argon2CipherProvider.java:177)
	at org.apache.nifi.security.util.crypto.Argon2CipherProvider.getCipher(Argon2CipherProvider.java:103)
	at org.apache.nifi.security.util.crypto.Argon2CipherProvider$getCipher$0.call(Unknown Source)
	at org.apache.nifi.security.util.crypto.Argon2CipherProviderGroovyTest$_testGetCipherShouldRejectInvalidIV_closure5$_closure13.doCall(Argon2CipherProviderGroovyTest.groovy:189)
	at org.apache.nifi.security.util.crypto.Argon2CipherProviderGroovyTest$_testGetCipherShouldRejectInvalidIV_closure5$_closure13.doCall(Argon2CipherProviderGroovyTest.groovy)
	at sun.reflect.GeneratedMethodAccessor77.invoke(Unknown Source)
	at sun.reflect.DelegatingMethodAccessorImpl.invoke(DelegatingMethodAccessorImpl.java:43)
	at java.lang.reflect.Method.invoke(Method.java:498)
	at org.codehaus.groovy.reflection.CachedMethod.invoke(CachedMethod.java:101)
	at groovy.lang.MetaMethod.doMethodInvoke(MetaMethod.java:323)
	at org.codehaus.groovy.runtime.metaclass.ClosureMetaClass.invokeMethod(ClosureMetaClass.java:263)
	at groovy.lang.MetaClassImpl.invokeMethod(MetaClassImpl.java:1041)
	at groovy.lang.Closure.call(Closure.java:405)
	at groovy.lang.Closure.call(Closure.java:399)
	at groovy.test.GroovyAssert.shouldFail(GroovyAssert.java:118)
	at groovy.test.GroovyAssert$shouldFail.callStatic(Unknown Source)
	at org.apache.nifi.security.util.crypto.Argon2CipherProviderGroovyTest$_testGetCipherShouldRejectInvalidIV_closure5.doCall(Argon2CipherProviderGroovyTest.groovy:188)
	at sun.reflect.GeneratedMethodAccessor76.invoke(Unknown Source)
	at sun.reflect.DelegatingMethodAccessorImpl.invoke(DelegatingMethodAccessorImpl.java:43)
	at java.lang.reflect.Method.invoke(Method.java:498)
	at org.codehaus.groovy.reflection.CachedMethod.invoke(CachedMethod.java:101)
	at groovy.lang.MetaMethod.doMethodInvoke(MetaMethod.java:323)
	at org.codehaus.groovy.runtime.metaclass.ClosureMetaClass.invokeMethod(ClosureMetaClass.java:263)
	at groovy.lang.MetaClassImpl.invokeMethod(MetaClassImpl.java:1041)
	at groovy.lang.Closure.call(Closure.java:405)
	at groovy.lang.Closure.call(Closure.java:421)
	at org.codehaus.groovy.runtime.DefaultGroovyMethods.each(DefaultGroovyMethods.java:2330)
	at org.codehaus.groovy.runtime.DefaultGroovyMethods.each(DefaultGroovyMethods.java:2315)
	at org.codehaus.groovy.runtime.DefaultGroovyMethods.each(DefaultGroovyMethods.java:2356)
	at org.codehaus.groovy.runtime.dgm$186.invoke(Unknown Source)
	at org.codehaus.groovy.runtime.callsite.PojoMetaMethodSite$PojoMetaMethodSiteNoUnwrapNoCoerce.invoke(PojoMetaMethodSite.java:244)
	at org.codehaus.groovy.runtime.callsite.PojoMetaMethodSite.call(PojoMetaMethodSite.java:53)
	at org.codehaus.groovy.runtime.callsite.AbstractCallSite.call(AbstractCallSite.java:127)
	at org.apache.nifi.security.util.crypto.Argon2CipherProviderGroovyTest.testGetCipherShouldRejectInvalidIV(Argon2CipherProviderGroovyTest.groovy:181)
	at sun.reflect.NativeMethodAccessorImpl.invoke0(Native Method)
	at sun.reflect.NativeMethodAccessorImpl.invoke(NativeMethodAccessorImpl.java:62)
	at sun.reflect.DelegatingMethodAccessorImpl.invoke(DelegatingMethodAccessorImpl.java:43)
	at java.lang.reflect.Method.invoke(Method.java:498)
	at junit.framework.TestCase.runTest(TestCase.java:177)
	at junit.framework.TestCase.runBare(TestCase.java:142)
	at junit.framework.TestResult$1.protect(TestResult.java:122)
	at junit.framework.TestResult.runProtected(TestResult.java:142)
	at junit.framework.TestResult.run(TestResult.java:125)
	at junit.framework.TestCase.run(TestCase.java:130)
	at junit.framework.TestSuite.runTest(TestSuite.java:241)
	at junit.framework.TestSuite.run(TestSuite.java:236)
	at org.junit.internal.runners.JUnit38ClassRunner.run(JUnit38ClassRunner.java:90)
	at org.junit.runner.JUnitCore.run(JUnitCore.java:137)
	at org.junit.runner.JUnitCore.run(JUnitCore.java:115)
	at org.junit.vintage.engine.execution.RunnerExecutor.execute(RunnerExecutor.java:43)
	at java.util.stream.ForEachOps$ForEachOp$OfRef.accept(ForEachOps.java:183)
	at java.util.stream.ReferencePipeline$3$1.accept(ReferencePipeline.java:193)
	at java.util.Iterator.forEachRemaining(Iterator.java:116)
	at java.util.Spliterators$IteratorSpliterator.forEachRemaining(Spliterators.java:1801)
	at java.util.stream.AbstractPipeline.copyInto(AbstractPipeline.java:482)
	at java.util.stream.AbstractPipeline.wrapAndCopyInto(AbstractPipeline.java:472)
	at java.util.stream.ForEachOps$ForEachOp.evaluateSequential(ForEachOps.java:150)
	at java.util.stream.ForEachOps$ForEachOp$OfRef.evaluateSequential(ForEachOps.java:173)
	at java.util.stream.AbstractPipeline.evaluate(AbstractPipeline.java:234)
	at java.util.stream.ReferencePipeline.forEach(ReferencePipeline.java:485)
	at org.junit.vintage.engine.VintageTestEngine.executeAllChildren(VintageTestEngine.java:82)
	at org.junit.vintage.engine.VintageTestEngine.execute(VintageTestEngine.java:73)
	at org.junit.platform.launcher.core.EngineExecutionOrchestrator.execute(EngineExecutionOrchestrator.java:108)
	at org.junit.platform.launcher.core.EngineExecutionOrchestrator.execute(EngineExecutionOrchestrator.java:88)
	at org.junit.platform.launcher.core.EngineExecutionOrchestrator.lambda$execute$0(EngineExecutionOrchestrator.java:54)
	at org.junit.platform.launcher.core.EngineExecutionOrchestrator.withInterceptedStreams(EngineExecutionOrchestrator.java:67)
	at org.junit.platform.launcher.core.EngineExecutionOrchestrator.execute(EngineExecutionOrchestrator.java:52)
	at org.junit.platform.launcher.core.DefaultLauncher.execute(DefaultLauncher.java:96)
	at org.junit.platform.launcher.core.DefaultLauncher.execute(DefaultLauncher.java:75)
	at org.apache.maven.surefire.junitplatform.JUnitPlatformProvider.execute(JUnitPlatformProvider.java:188)
	at org.apache.maven.surefire.junitplatform.JUnitPlatformProvider.invokeAllTests(JUnitPlatformProvider.java:154)
	at org.apache.maven.surefire.junitplatform.JUnitPlatformProvider.invoke(JUnitPlatformProvider.java:128)
	at org.apache.maven.surefire.booter.ForkedBooter.runSuitesInProcess(ForkedBooter.java:428)
	at org.apache.maven.surefire.booter.ForkedBooter.execute(ForkedBooter.java:162)
	at org.apache.maven.surefire.booter.ForkedBooter.run(ForkedBooter.java:562)
	at org.apache.maven.surefire.booter.ForkedBooter.main(ForkedBooter.java:548)
[main] INFO org.apache.nifi.security.util.crypto.Argon2CipherProviderGroovyTest - IV: 000000000000 6
[main] WARN org.apache.nifi.security.util.crypto.Argon2SecureHasher - The provided memory size 1024 KiB is below the recommended minimum 65536 KiB.
[main] WARN org.apache.nifi.security.util.crypto.Argon2SecureHasher - The provided parallelization factor 1 is below the recommended minimum 8.
[main] WARN org.apache.nifi.security.util.crypto.Argon2SecureHasher - The provided iteration count 3 is below the recommended minimum 5.
[main] WARN org.apache.nifi.security.util.crypto.AESKeyedCipherProvider - An IV was provided of length 6 bytes for encryption but should be 16 bytes
[main] WARN org.apache.nifi.security.util.crypto.AESKeyedCipherProvider - Generating new IV. The value can be obtained in the calling code by invoking 'cipher.getIV()';
[main] WARN org.apache.nifi.security.util.crypto.Argon2SecureHasher - The provided memory size 1024 KiB is below the recommended minimum 65536 KiB.
[main] WARN org.apache.nifi.security.util.crypto.Argon2SecureHasher - The provided parallelization factor 1 is below the recommended minimum 8.
[main] WARN org.apache.nifi.security.util.crypto.Argon2SecureHasher - The provided iteration count 3 is below the recommended minimum 5.
[main] WARN org.apache.nifi.security.util.crypto.AESKeyedCipherProvider - An IV was provided of length 6 bytes for decryption but should be 16 bytes
[main] ERROR org.apache.nifi.security.util.crypto.Argon2CipherProvider - Encountered an error generating the Argon2 hash
java.lang.IllegalArgumentException: Cannot decrypt without a valid IV
	at org.apache.nifi.security.util.crypto.AESKeyedCipherProvider.getInitializedCipher(AESKeyedCipherProvider.java:128)
	at org.apache.nifi.security.util.crypto.AESKeyedCipherProvider.getCipher(AESKeyedCipherProvider.java:60)
	at org.apache.nifi.security.util.crypto.Argon2CipherProvider.getInitializedCipher(Argon2CipherProvider.java:177)
	at org.apache.nifi.security.util.crypto.Argon2CipherProvider.getCipher(Argon2CipherProvider.java:103)
	at org.apache.nifi.security.util.crypto.Argon2CipherProvider$getCipher$0.call(Unknown Source)
	at org.apache.nifi.security.util.crypto.Argon2CipherProviderGroovyTest$_testGetCipherShouldRejectInvalidIV_closure5$_closure13.doCall(Argon2CipherProviderGroovyTest.groovy:189)
	at org.apache.nifi.security.util.crypto.Argon2CipherProviderGroovyTest$_testGetCipherShouldRejectInvalidIV_closure5$_closure13.doCall(Argon2CipherProviderGroovyTest.groovy)
	at sun.reflect.GeneratedMethodAccessor77.invoke(Unknown Source)
	at sun.reflect.DelegatingMethodAccessorImpl.invoke(DelegatingMethodAccessorImpl.java:43)
	at java.lang.reflect.Method.invoke(Method.java:498)
	at org.codehaus.groovy.reflection.CachedMethod.invoke(CachedMethod.java:101)
	at groovy.lang.MetaMethod.doMethodInvoke(MetaMethod.java:323)
	at org.codehaus.groovy.runtime.metaclass.ClosureMetaClass.invokeMethod(ClosureMetaClass.java:263)
	at groovy.lang.MetaClassImpl.invokeMethod(MetaClassImpl.java:1041)
	at groovy.lang.Closure.call(Closure.java:405)
	at groovy.lang.Closure.call(Closure.java:399)
	at groovy.test.GroovyAssert.shouldFail(GroovyAssert.java:118)
	at groovy.test.GroovyAssert$shouldFail.callStatic(Unknown Source)
	at org.apache.nifi.security.util.crypto.Argon2CipherProviderGroovyTest$_testGetCipherShouldRejectInvalidIV_closure5.doCall(Argon2CipherProviderGroovyTest.groovy:188)
	at sun.reflect.GeneratedMethodAccessor76.invoke(Unknown Source)
	at sun.reflect.DelegatingMethodAccessorImpl.invoke(DelegatingMethodAccessorImpl.java:43)
	at java.lang.reflect.Method.invoke(Method.java:498)
	at org.codehaus.groovy.reflection.CachedMethod.invoke(CachedMethod.java:101)
	at groovy.lang.MetaMethod.doMethodInvoke(MetaMethod.java:323)
	at org.codehaus.groovy.runtime.metaclass.ClosureMetaClass.invokeMethod(ClosureMetaClass.java:263)
	at groovy.lang.MetaClassImpl.invokeMethod(MetaClassImpl.java:1041)
	at groovy.lang.Closure.call(Closure.java:405)
	at groovy.lang.Closure.call(Closure.java:421)
	at org.codehaus.groovy.runtime.DefaultGroovyMethods.each(DefaultGroovyMethods.java:2330)
	at org.codehaus.groovy.runtime.DefaultGroovyMethods.each(DefaultGroovyMethods.java:2315)
	at org.codehaus.groovy.runtime.DefaultGroovyMethods.each(DefaultGroovyMethods.java:2356)
	at org.codehaus.groovy.runtime.dgm$186.invoke(Unknown Source)
	at org.codehaus.groovy.runtime.callsite.PojoMetaMethodSite$PojoMetaMethodSiteNoUnwrapNoCoerce.invoke(PojoMetaMethodSite.java:244)
	at org.codehaus.groovy.runtime.callsite.PojoMetaMethodSite.call(PojoMetaMethodSite.java:53)
	at org.codehaus.groovy.runtime.callsite.AbstractCallSite.call(AbstractCallSite.java:127)
	at org.apache.nifi.security.util.crypto.Argon2CipherProviderGroovyTest.testGetCipherShouldRejectInvalidIV(Argon2CipherProviderGroovyTest.groovy:181)
	at sun.reflect.NativeMethodAccessorImpl.invoke0(Native Method)
	at sun.reflect.NativeMethodAccessorImpl.invoke(NativeMethodAccessorImpl.java:62)
	at sun.reflect.DelegatingMethodAccessorImpl.invoke(DelegatingMethodAccessorImpl.java:43)
	at java.lang.reflect.Method.invoke(Method.java:498)
	at junit.framework.TestCase.runTest(TestCase.java:177)
	at junit.framework.TestCase.runBare(TestCase.java:142)
	at junit.framework.TestResult$1.protect(TestResult.java:122)
	at junit.framework.TestResult.runProtected(TestResult.java:142)
	at junit.framework.TestResult.run(TestResult.java:125)
	at junit.framework.TestCase.run(TestCase.java:130)
	at junit.framework.TestSuite.runTest(TestSuite.java:241)
	at junit.framework.TestSuite.run(TestSuite.java:236)
	at org.junit.internal.runners.JUnit38ClassRunner.run(JUnit38ClassRunner.java:90)
	at org.junit.runner.JUnitCore.run(JUnitCore.java:137)
	at org.junit.runner.JUnitCore.run(JUnitCore.java:115)
	at org.junit.vintage.engine.execution.RunnerExecutor.execute(RunnerExecutor.java:43)
	at java.util.stream.ForEachOps$ForEachOp$OfRef.accept(ForEachOps.java:183)
	at java.util.stream.ReferencePipeline$3$1.accept(ReferencePipeline.java:193)
	at java.util.Iterator.forEachRemaining(Iterator.java:116)
	at java.util.Spliterators$IteratorSpliterator.forEachRemaining(Spliterators.java:1801)
	at java.util.stream.AbstractPipeline.copyInto(AbstractPipeline.java:482)
	at java.util.stream.AbstractPipeline.wrapAndCopyInto(AbstractPipeline.java:472)
	at java.util.stream.ForEachOps$ForEachOp.evaluateSequential(ForEachOps.java:150)
	at java.util.stream.ForEachOps$ForEachOp$OfRef.evaluateSequential(ForEachOps.java:173)
	at java.util.stream.AbstractPipeline.evaluate(AbstractPipeline.java:234)
	at java.util.stream.ReferencePipeline.forEach(ReferencePipeline.java:485)
	at org.junit.vintage.engine.VintageTestEngine.executeAllChildren(VintageTestEngine.java:82)
	at org.junit.vintage.engine.VintageTestEngine.execute(VintageTestEngine.java:73)
	at org.junit.platform.launcher.core.EngineExecutionOrchestrator.execute(EngineExecutionOrchestrator.java:108)
	at org.junit.platform.launcher.core.EngineExecutionOrchestrator.execute(EngineExecutionOrchestrator.java:88)
	at org.junit.platform.launcher.core.EngineExecutionOrchestrator.lambda$execute$0(EngineExecutionOrchestrator.java:54)
	at org.junit.platform.launcher.core.EngineExecutionOrchestrator.withInterceptedStreams(EngineExecutionOrchestrator.java:67)
	at org.junit.platform.launcher.core.EngineExecutionOrchestrator.execute(EngineExecutionOrchestrator.java:52)
	at org.junit.platform.launcher.core.DefaultLauncher.execute(DefaultLauncher.java:96)
	at org.junit.platform.launcher.core.DefaultLauncher.execute(DefaultLauncher.java:75)
	at org.apache.maven.surefire.junitplatform.JUnitPlatformProvider.execute(JUnitPlatformProvider.java:188)
	at org.apache.maven.surefire.junitplatform.JUnitPlatformProvider.invokeAllTests(JUnitPlatformProvider.java:154)
	at org.apache.maven.surefire.junitplatform.JUnitPlatformProvider.invoke(JUnitPlatformProvider.java:128)
	at org.apache.maven.surefire.booter.ForkedBooter.runSuitesInProcess(ForkedBooter.java:428)
	at org.apache.maven.surefire.booter.ForkedBooter.execute(ForkedBooter.java:162)
	at org.apache.maven.surefire.booter.ForkedBooter.run(ForkedBooter.java:562)
	at org.apache.maven.surefire.booter.ForkedBooter.main(ForkedBooter.java:548)
[main] INFO org.apache.nifi.security.util.crypto.Argon2CipherProviderGroovyTest - IV: 00000000000000 7
[main] WARN org.apache.nifi.security.util.crypto.Argon2SecureHasher - The provided memory size 1024 KiB is below the recommended minimum 65536 KiB.
[main] WARN org.apache.nifi.security.util.crypto.Argon2SecureHasher - The provided parallelization factor 1 is below the recommended minimum 8.
[main] WARN org.apache.nifi.security.util.crypto.Argon2SecureHasher - The provided iteration count 3 is below the recommended minimum 5.
[main] WARN org.apache.nifi.security.util.crypto.AESKeyedCipherProvider - An IV was provided of length 7 bytes for encryption but should be 16 bytes
[main] WARN org.apache.nifi.security.util.crypto.AESKeyedCipherProvider - Generating new IV. The value can be obtained in the calling code by invoking 'cipher.getIV()';
[main] WARN org.apache.nifi.security.util.crypto.Argon2SecureHasher - The provided memory size 1024 KiB is below the recommended minimum 65536 KiB.
[main] WARN org.apache.nifi.security.util.crypto.Argon2SecureHasher - The provided parallelization factor 1 is below the recommended minimum 8.
[main] WARN org.apache.nifi.security.util.crypto.Argon2SecureHasher - The provided iteration count 3 is below the recommended minimum 5.
[main] WARN org.apache.nifi.security.util.crypto.AESKeyedCipherProvider - An IV was provided of length 7 bytes for decryption but should be 16 bytes
[main] ERROR org.apache.nifi.security.util.crypto.Argon2CipherProvider - Encountered an error generating the Argon2 hash
java.lang.IllegalArgumentException: Cannot decrypt without a valid IV
	at org.apache.nifi.security.util.crypto.AESKeyedCipherProvider.getInitializedCipher(AESKeyedCipherProvider.java:128)
	at org.apache.nifi.security.util.crypto.AESKeyedCipherProvider.getCipher(AESKeyedCipherProvider.java:60)
	at org.apache.nifi.security.util.crypto.Argon2CipherProvider.getInitializedCipher(Argon2CipherProvider.java:177)
	at org.apache.nifi.security.util.crypto.Argon2CipherProvider.getCipher(Argon2CipherProvider.java:103)
	at org.apache.nifi.security.util.crypto.Argon2CipherProvider$getCipher$0.call(Unknown Source)
	at org.apache.nifi.security.util.crypto.Argon2CipherProviderGroovyTest$_testGetCipherShouldRejectInvalidIV_closure5$_closure13.doCall(Argon2CipherProviderGroovyTest.groovy:189)
	at org.apache.nifi.security.util.crypto.Argon2CipherProviderGroovyTest$_testGetCipherShouldRejectInvalidIV_closure5$_closure13.doCall(Argon2CipherProviderGroovyTest.groovy)
	at sun.reflect.GeneratedMethodAccessor77.invoke(Unknown Source)
	at sun.reflect.DelegatingMethodAccessorImpl.invoke(DelegatingMethodAccessorImpl.java:43)
	at java.lang.reflect.Method.invoke(Method.java:498)
	at org.codehaus.groovy.reflection.CachedMethod.invoke(CachedMethod.java:101)
	at groovy.lang.MetaMethod.doMethodInvoke(MetaMethod.java:323)
	at org.codehaus.groovy.runtime.metaclass.ClosureMetaClass.invokeMethod(ClosureMetaClass.java:263)
	at groovy.lang.MetaClassImpl.invokeMethod(MetaClassImpl.java:1041)
	at groovy.lang.Closure.call(Closure.java:405)
	at groovy.lang.Closure.call(Closure.java:399)
	at groovy.test.GroovyAssert.shouldFail(GroovyAssert.java:118)
	at groovy.test.GroovyAssert$shouldFail.callStatic(Unknown Source)
	at org.apache.nifi.security.util.crypto.Argon2CipherProviderGroovyTest$_testGetCipherShouldRejectInvalidIV_closure5.doCall(Argon2CipherProviderGroovyTest.groovy:188)
	at sun.reflect.GeneratedMethodAccessor76.invoke(Unknown Source)
	at sun.reflect.DelegatingMethodAccessorImpl.invoke(DelegatingMethodAccessorImpl.java:43)
	at java.lang.reflect.Method.invoke(Method.java:498)
	at org.codehaus.groovy.reflection.CachedMethod.invoke(CachedMethod.java:101)
	at groovy.lang.MetaMethod.doMethodInvoke(MetaMethod.java:323)
	at org.codehaus.groovy.runtime.metaclass.ClosureMetaClass.invokeMethod(ClosureMetaClass.java:263)
	at groovy.lang.MetaClassImpl.invokeMethod(MetaClassImpl.java:1041)
	at groovy.lang.Closure.call(Closure.java:405)
	at groovy.lang.Closure.call(Closure.java:421)
	at org.codehaus.groovy.runtime.DefaultGroovyMethods.each(DefaultGroovyMethods.java:2330)
	at org.codehaus.groovy.runtime.DefaultGroovyMethods.each(DefaultGroovyMethods.java:2315)
	at org.codehaus.groovy.runtime.DefaultGroovyMethods.each(DefaultGroovyMethods.java:2356)
	at org.codehaus.groovy.runtime.dgm$186.invoke(Unknown Source)
	at org.codehaus.groovy.runtime.callsite.PojoMetaMethodSite$PojoMetaMethodSiteNoUnwrapNoCoerce.invoke(PojoMetaMethodSite.java:244)
	at org.codehaus.groovy.runtime.callsite.PojoMetaMethodSite.call(PojoMetaMethodSite.java:53)
	at org.codehaus.groovy.runtime.callsite.AbstractCallSite.call(AbstractCallSite.java:127)
	at org.apache.nifi.security.util.crypto.Argon2CipherProviderGroovyTest.testGetCipherShouldRejectInvalidIV(Argon2CipherProviderGroovyTest.groovy:181)
	at sun.reflect.NativeMethodAccessorImpl.invoke0(Native Method)
	at sun.reflect.NativeMethodAccessorImpl.invoke(NativeMethodAccessorImpl.java:62)
	at sun.reflect.DelegatingMethodAccessorImpl.invoke(DelegatingMethodAccessorImpl.java:43)
	at java.lang.reflect.Method.invoke(Method.java:498)
	at junit.framework.TestCase.runTest(TestCase.java:177)
	at junit.framework.TestCase.runBare(TestCase.java:142)
	at junit.framework.TestResult$1.protect(TestResult.java:122)
	at junit.framework.TestResult.runProtected(TestResult.java:142)
	at junit.framework.TestResult.run(TestResult.java:125)
	at junit.framework.TestCase.run(TestCase.java:130)
	at junit.framework.TestSuite.runTest(TestSuite.java:241)
	at junit.framework.TestSuite.run(TestSuite.java:236)
	at org.junit.internal.runners.JUnit38ClassRunner.run(JUnit38ClassRunner.java:90)
	at org.junit.runner.JUnitCore.run(JUnitCore.java:137)
	at org.junit.runner.JUnitCore.run(JUnitCore.java:115)
	at org.junit.vintage.engine.execution.RunnerExecutor.execute(RunnerExecutor.java:43)
	at java.util.stream.ForEachOps$ForEachOp$OfRef.accept(ForEachOps.java:183)
	at java.util.stream.ReferencePipeline$3$1.accept(ReferencePipeline.java:193)
	at java.util.Iterator.forEachRemaining(Iterator.java:116)
	at java.util.Spliterators$IteratorSpliterator.forEachRemaining(Spliterators.java:1801)
	at java.util.stream.AbstractPipeline.copyInto(AbstractPipeline.java:482)
	at java.util.stream.AbstractPipeline.wrapAndCopyInto(AbstractPipeline.java:472)
	at java.util.stream.ForEachOps$ForEachOp.evaluateSequential(ForEachOps.java:150)
	at java.util.stream.ForEachOps$ForEachOp$OfRef.evaluateSequential(ForEachOps.java:173)
	at java.util.stream.AbstractPipeline.evaluate(AbstractPipeline.java:234)
	at java.util.stream.ReferencePipeline.forEach(ReferencePipeline.java:485)
	at org.junit.vintage.engine.VintageTestEngine.executeAllChildren(VintageTestEngine.java:82)
	at org.junit.vintage.engine.VintageTestEngine.execute(VintageTestEngine.java:73)
	at org.junit.platform.launcher.core.EngineExecutionOrchestrator.execute(EngineExecutionOrchestrator.java:108)
	at org.junit.platform.launcher.core.EngineExecutionOrchestrator.execute(EngineExecutionOrchestrator.java:88)
	at org.junit.platform.launcher.core.EngineExecutionOrchestrator.lambda$execute$0(EngineExecutionOrchestrator.java:54)
	at org.junit.platform.launcher.core.EngineExecutionOrchestrator.withInterceptedStreams(EngineExecutionOrchestrator.java:67)
	at org.junit.platform.launcher.core.EngineExecutionOrchestrator.execute(EngineExecutionOrchestrator.java:52)
	at org.junit.platform.launcher.core.DefaultLauncher.execute(DefaultLauncher.java:96)
	at org.junit.platform.launcher.core.DefaultLauncher.execute(DefaultLauncher.java:75)
	at org.apache.maven.surefire.junitplatform.JUnitPlatformProvider.execute(JUnitPlatformProvider.java:188)
	at org.apache.maven.surefire.junitplatform.JUnitPlatformProvider.invokeAllTests(JUnitPlatformProvider.java:154)
	at org.apache.maven.surefire.junitplatform.JUnitPlatformProvider.invoke(JUnitPlatformProvider.java:128)
	at org.apache.maven.surefire.booter.ForkedBooter.runSuitesInProcess(ForkedBooter.java:428)
	at org.apache.maven.surefire.booter.ForkedBooter.execute(ForkedBooter.java:162)
	at org.apache.maven.surefire.booter.ForkedBooter.run(ForkedBooter.java:562)
	at org.apache.maven.surefire.booter.ForkedBooter.main(ForkedBooter.java:548)
[main] INFO org.apache.nifi.security.util.crypto.Argon2CipherProviderGroovyTest - IV: 0000000000000000 8
[main] WARN org.apache.nifi.security.util.crypto.Argon2SecureHasher - The provided memory size 1024 KiB is below the recommended minimum 65536 KiB.
[main] WARN org.apache.nifi.security.util.crypto.Argon2SecureHasher - The provided parallelization factor 1 is below the recommended minimum 8.
[main] WARN org.apache.nifi.security.util.crypto.Argon2SecureHasher - The provided iteration count 3 is below the recommended minimum 5.
[main] WARN org.apache.nifi.security.util.crypto.AESKeyedCipherProvider - An IV was provided of length 8 bytes for encryption but should be 16 bytes
[main] WARN org.apache.nifi.security.util.crypto.AESKeyedCipherProvider - Generating new IV. The value can be obtained in the calling code by invoking 'cipher.getIV()';
[main] WARN org.apache.nifi.security.util.crypto.Argon2SecureHasher - The provided memory size 1024 KiB is below the recommended minimum 65536 KiB.
[main] WARN org.apache.nifi.security.util.crypto.Argon2SecureHasher - The provided parallelization factor 1 is below the recommended minimum 8.
[main] WARN org.apache.nifi.security.util.crypto.Argon2SecureHasher - The provided iteration count 3 is below the recommended minimum 5.
[main] WARN org.apache.nifi.security.util.crypto.AESKeyedCipherProvider - An IV was provided of length 8 bytes for decryption but should be 16 bytes
[main] ERROR org.apache.nifi.security.util.crypto.Argon2CipherProvider - Encountered an error generating the Argon2 hash
java.lang.IllegalArgumentException: Cannot decrypt without a valid IV
	at org.apache.nifi.security.util.crypto.AESKeyedCipherProvider.getInitializedCipher(AESKeyedCipherProvider.java:128)
	at org.apache.nifi.security.util.crypto.AESKeyedCipherProvider.getCipher(AESKeyedCipherProvider.java:60)
	at org.apache.nifi.security.util.crypto.Argon2CipherProvider.getInitializedCipher(Argon2CipherProvider.java:177)
	at org.apache.nifi.security.util.crypto.Argon2CipherProvider.getCipher(Argon2CipherProvider.java:103)
	at org.apache.nifi.security.util.crypto.Argon2CipherProvider$getCipher$0.call(Unknown Source)
	at org.apache.nifi.security.util.crypto.Argon2CipherProviderGroovyTest$_testGetCipherShouldRejectInvalidIV_closure5$_closure13.doCall(Argon2CipherProviderGroovyTest.groovy:189)
	at org.apache.nifi.security.util.crypto.Argon2CipherProviderGroovyTest$_testGetCipherShouldRejectInvalidIV_closure5$_closure13.doCall(Argon2CipherProviderGroovyTest.groovy)
	at sun.reflect.GeneratedMethodAccessor77.invoke(Unknown Source)
	at sun.reflect.DelegatingMethodAccessorImpl.invoke(DelegatingMethodAccessorImpl.java:43)
	at java.lang.reflect.Method.invoke(Method.java:498)
	at org.codehaus.groovy.reflection.CachedMethod.invoke(CachedMethod.java:101)
	at groovy.lang.MetaMethod.doMethodInvoke(MetaMethod.java:323)
	at org.codehaus.groovy.runtime.metaclass.ClosureMetaClass.invokeMethod(ClosureMetaClass.java:263)
	at groovy.lang.MetaClassImpl.invokeMethod(MetaClassImpl.java:1041)
	at groovy.lang.Closure.call(Closure.java:405)
	at groovy.lang.Closure.call(Closure.java:399)
	at groovy.test.GroovyAssert.shouldFail(GroovyAssert.java:118)
	at groovy.test.GroovyAssert$shouldFail.callStatic(Unknown Source)
	at org.apache.nifi.security.util.crypto.Argon2CipherProviderGroovyTest$_testGetCipherShouldRejectInvalidIV_closure5.doCall(Argon2CipherProviderGroovyTest.groovy:188)
	at sun.reflect.GeneratedMethodAccessor76.invoke(Unknown Source)
	at sun.reflect.DelegatingMethodAccessorImpl.invoke(DelegatingMethodAccessorImpl.java:43)
	at java.lang.reflect.Method.invoke(Method.java:498)
	at org.codehaus.groovy.reflection.CachedMethod.invoke(CachedMethod.java:101)
	at groovy.lang.MetaMethod.doMethodInvoke(MetaMethod.java:323)
	at org.codehaus.groovy.runtime.metaclass.ClosureMetaClass.invokeMethod(ClosureMetaClass.java:263)
	at groovy.lang.MetaClassImpl.invokeMethod(MetaClassImpl.java:1041)
	at groovy.lang.Closure.call(Closure.java:405)
	at groovy.lang.Closure.call(Closure.java:421)
	at org.codehaus.groovy.runtime.DefaultGroovyMethods.each(DefaultGroovyMethods.java:2330)
	at org.codehaus.groovy.runtime.DefaultGroovyMethods.each(DefaultGroovyMethods.java:2315)
	at org.codehaus.groovy.runtime.DefaultGroovyMethods.each(DefaultGroovyMethods.java:2356)
	at org.codehaus.groovy.runtime.dgm$186.invoke(Unknown Source)
	at org.codehaus.groovy.runtime.callsite.PojoMetaMethodSite$PojoMetaMethodSiteNoUnwrapNoCoerce.invoke(PojoMetaMethodSite.java:244)
	at org.codehaus.groovy.runtime.callsite.PojoMetaMethodSite.call(PojoMetaMethodSite.java:53)
	at org.codehaus.groovy.runtime.callsite.AbstractCallSite.call(AbstractCallSite.java:127)
	at org.apache.nifi.security.util.crypto.Argon2CipherProviderGroovyTest.testGetCipherShouldRejectInvalidIV(Argon2CipherProviderGroovyTest.groovy:181)
	at sun.reflect.NativeMethodAccessorImpl.invoke0(Native Method)
	at sun.reflect.NativeMethodAccessorImpl.invoke(NativeMethodAccessorImpl.java:62)
	at sun.reflect.DelegatingMethodAccessorImpl.invoke(DelegatingMethodAccessorImpl.java:43)
	at java.lang.reflect.Method.invoke(Method.java:498)
	at junit.framework.TestCase.runTest(TestCase.java:177)
	at junit.framework.TestCase.runBare(TestCase.java:142)
	at junit.framework.TestResult$1.protect(TestResult.java:122)
	at junit.framework.TestResult.runProtected(TestResult.java:142)
	at junit.framework.TestResult.run(TestResult.java:125)
	at junit.framework.TestCase.run(TestCase.java:130)
	at junit.framework.TestSuite.runTest(TestSuite.java:241)
	at junit.framework.TestSuite.run(TestSuite.java:236)
	at org.junit.internal.runners.JUnit38ClassRunner.run(JUnit38ClassRunner.java:90)
	at org.junit.runner.JUnitCore.run(JUnitCore.java:137)
	at org.junit.runner.JUnitCore.run(JUnitCore.java:115)
	at org.junit.vintage.engine.execution.RunnerExecutor.execute(RunnerExecutor.java:43)
	at java.util.stream.ForEachOps$ForEachOp$OfRef.accept(ForEachOps.java:183)
	at java.util.stream.ReferencePipeline$3$1.accept(ReferencePipeline.java:193)
	at java.util.Iterator.forEachRemaining(Iterator.java:116)
	at java.util.Spliterators$IteratorSpliterator.forEachRemaining(Spliterators.java:1801)
	at java.util.stream.AbstractPipeline.copyInto(AbstractPipeline.java:482)
	at java.util.stream.AbstractPipeline.wrapAndCopyInto(AbstractPipeline.java:472)
	at java.util.stream.ForEachOps$ForEachOp.evaluateSequential(ForEachOps.java:150)
	at java.util.stream.ForEachOps$ForEachOp$OfRef.evaluateSequential(ForEachOps.java:173)
	at java.util.stream.AbstractPipeline.evaluate(AbstractPipeline.java:234)
	at java.util.stream.ReferencePipeline.forEach(ReferencePipeline.java:485)
	at org.junit.vintage.engine.VintageTestEngine.executeAllChildren(VintageTestEngine.java:82)
	at org.junit.vintage.engine.VintageTestEngine.execute(VintageTestEngine.java:73)
	at org.junit.platform.launcher.core.EngineExecutionOrchestrator.execute(EngineExecutionOrchestrator.java:108)
	at org.junit.platform.launcher.core.EngineExecutionOrchestrator.execute(EngineExecutionOrchestrator.java:88)
	at org.junit.platform.launcher.core.EngineExecutionOrchestrator.lambda$execute$0(EngineExecutionOrchestrator.java:54)
	at org.junit.platform.launcher.core.EngineExecutionOrchestrator.withInterceptedStreams(EngineExecutionOrchestrator.java:67)
	at org.junit.platform.launcher.core.EngineExecutionOrchestrator.execute(EngineExecutionOrchestrator.java:52)
	at org.junit.platform.launcher.core.DefaultLauncher.execute(DefaultLauncher.java:96)
	at org.junit.platform.launcher.core.DefaultLauncher.execute(DefaultLauncher.java:75)
	at org.apache.maven.surefire.junitplatform.JUnitPlatformProvider.execute(JUnitPlatformProvider.java:188)
	at org.apache.maven.surefire.junitplatform.JUnitPlatformProvider.invokeAllTests(JUnitPlatformProvider.java:154)
	at org.apache.maven.surefire.junitplatform.JUnitPlatformProvider.invoke(JUnitPlatformProvider.java:128)
	at org.apache.maven.surefire.booter.ForkedBooter.runSuitesInProcess(ForkedBooter.java:428)
	at org.apache.maven.surefire.booter.ForkedBooter.execute(ForkedBooter.java:162)
	at org.apache.maven.surefire.booter.ForkedBooter.run(ForkedBooter.java:562)
	at org.apache.maven.surefire.booter.ForkedBooter.main(ForkedBooter.java:548)
[main] INFO org.apache.nifi.security.util.crypto.Argon2CipherProviderGroovyTest - IV: 000000000000000000 9
[main] WARN org.apache.nifi.security.util.crypto.Argon2SecureHasher - The provided memory size 1024 KiB is below the recommended minimum 65536 KiB.
[main] WARN org.apache.nifi.security.util.crypto.Argon2SecureHasher - The provided parallelization factor 1 is below the recommended minimum 8.
[main] WARN org.apache.nifi.security.util.crypto.Argon2SecureHasher - The provided iteration count 3 is below the recommended minimum 5.
[main] WARN org.apache.nifi.security.util.crypto.AESKeyedCipherProvider - An IV was provided of length 9 bytes for encryption but should be 16 bytes
[main] WARN org.apache.nifi.security.util.crypto.AESKeyedCipherProvider - Generating new IV. The value can be obtained in the calling code by invoking 'cipher.getIV()';
[main] WARN org.apache.nifi.security.util.crypto.Argon2SecureHasher - The provided memory size 1024 KiB is below the recommended minimum 65536 KiB.
[main] WARN org.apache.nifi.security.util.crypto.Argon2SecureHasher - The provided parallelization factor 1 is below the recommended minimum 8.
[main] WARN org.apache.nifi.security.util.crypto.Argon2SecureHasher - The provided iteration count 3 is below the recommended minimum 5.
[main] WARN org.apache.nifi.security.util.crypto.AESKeyedCipherProvider - An IV was provided of length 9 bytes for decryption but should be 16 bytes
[main] ERROR org.apache.nifi.security.util.crypto.Argon2CipherProvider - Encountered an error generating the Argon2 hash
java.lang.IllegalArgumentException: Cannot decrypt without a valid IV
	at org.apache.nifi.security.util.crypto.AESKeyedCipherProvider.getInitializedCipher(AESKeyedCipherProvider.java:128)
	at org.apache.nifi.security.util.crypto.AESKeyedCipherProvider.getCipher(AESKeyedCipherProvider.java:60)
	at org.apache.nifi.security.util.crypto.Argon2CipherProvider.getInitializedCipher(Argon2CipherProvider.java:177)
	at org.apache.nifi.security.util.crypto.Argon2CipherProvider.getCipher(Argon2CipherProvider.java:103)
	at org.apache.nifi.security.util.crypto.Argon2CipherProvider$getCipher$0.call(Unknown Source)
	at org.apache.nifi.security.util.crypto.Argon2CipherProviderGroovyTest$_testGetCipherShouldRejectInvalidIV_closure5$_closure13.doCall(Argon2CipherProviderGroovyTest.groovy:189)
	at org.apache.nifi.security.util.crypto.Argon2CipherProviderGroovyTest$_testGetCipherShouldRejectInvalidIV_closure5$_closure13.doCall(Argon2CipherProviderGroovyTest.groovy)
	at sun.reflect.GeneratedMethodAccessor77.invoke(Unknown Source)
	at sun.reflect.DelegatingMethodAccessorImpl.invoke(DelegatingMethodAccessorImpl.java:43)
	at java.lang.reflect.Method.invoke(Method.java:498)
	at org.codehaus.groovy.reflection.CachedMethod.invoke(CachedMethod.java:101)
	at groovy.lang.MetaMethod.doMethodInvoke(MetaMethod.java:323)
	at org.codehaus.groovy.runtime.metaclass.ClosureMetaClass.invokeMethod(ClosureMetaClass.java:263)
	at groovy.lang.MetaClassImpl.invokeMethod(MetaClassImpl.java:1041)
	at groovy.lang.Closure.call(Closure.java:405)
	at groovy.lang.Closure.call(Closure.java:399)
	at groovy.test.GroovyAssert.shouldFail(GroovyAssert.java:118)
	at groovy.test.GroovyAssert$shouldFail.callStatic(Unknown Source)
	at org.apache.nifi.security.util.crypto.Argon2CipherProviderGroovyTest$_testGetCipherShouldRejectInvalidIV_closure5.doCall(Argon2CipherProviderGroovyTest.groovy:188)
	at sun.reflect.GeneratedMethodAccessor76.invoke(Unknown Source)
	at sun.reflect.DelegatingMethodAccessorImpl.invoke(DelegatingMethodAccessorImpl.java:43)
	at java.lang.reflect.Method.invoke(Method.java:498)
	at org.codehaus.groovy.reflection.CachedMethod.invoke(CachedMethod.java:101)
	at groovy.lang.MetaMethod.doMethodInvoke(MetaMethod.java:323)
	at org.codehaus.groovy.runtime.metaclass.ClosureMetaClass.invokeMethod(ClosureMetaClass.java:263)
	at groovy.lang.MetaClassImpl.invokeMethod(MetaClassImpl.java:1041)
	at groovy.lang.Closure.call(Closure.java:405)
	at groovy.lang.Closure.call(Closure.java:421)
	at org.codehaus.groovy.runtime.DefaultGroovyMethods.each(DefaultGroovyMethods.java:2330)
	at org.codehaus.groovy.runtime.DefaultGroovyMethods.each(DefaultGroovyMethods.java:2315)
	at org.codehaus.groovy.runtime.DefaultGroovyMethods.each(DefaultGroovyMethods.java:2356)
	at org.codehaus.groovy.runtime.dgm$186.invoke(Unknown Source)
	at org.codehaus.groovy.runtime.callsite.PojoMetaMethodSite$PojoMetaMethodSiteNoUnwrapNoCoerce.invoke(PojoMetaMethodSite.java:244)
	at org.codehaus.groovy.runtime.callsite.PojoMetaMethodSite.call(PojoMetaMethodSite.java:53)
	at org.codehaus.groovy.runtime.callsite.AbstractCallSite.call(AbstractCallSite.java:127)
	at org.apache.nifi.security.util.crypto.Argon2CipherProviderGroovyTest.testGetCipherShouldRejectInvalidIV(Argon2CipherProviderGroovyTest.groovy:181)
	at sun.reflect.NativeMethodAccessorImpl.invoke0(Native Method)
	at sun.reflect.NativeMethodAccessorImpl.invoke(NativeMethodAccessorImpl.java:62)
	at sun.reflect.DelegatingMethodAccessorImpl.invoke(DelegatingMethodAccessorImpl.java:43)
	at java.lang.reflect.Method.invoke(Method.java:498)
	at junit.framework.TestCase.runTest(TestCase.java:177)
	at junit.framework.TestCase.runBare(TestCase.java:142)
	at junit.framework.TestResult$1.protect(TestResult.java:122)
	at junit.framework.TestResult.runProtected(TestResult.java:142)
	at junit.framework.TestResult.run(TestResult.java:125)
	at junit.framework.TestCase.run(TestCase.java:130)
	at junit.framework.TestSuite.runTest(TestSuite.java:241)
	at junit.framework.TestSuite.run(TestSuite.java:236)
	at org.junit.internal.runners.JUnit38ClassRunner.run(JUnit38ClassRunner.java:90)
	at org.junit.runner.JUnitCore.run(JUnitCore.java:137)
	at org.junit.runner.JUnitCore.run(JUnitCore.java:115)
	at org.junit.vintage.engine.execution.RunnerExecutor.execute(RunnerExecutor.java:43)
	at java.util.stream.ForEachOps$ForEachOp$OfRef.accept(ForEachOps.java:183)
	at java.util.stream.ReferencePipeline$3$1.accept(ReferencePipeline.java:193)
	at java.util.Iterator.forEachRemaining(Iterator.java:116)
	at java.util.Spliterators$IteratorSpliterator.forEachRemaining(Spliterators.java:1801)
	at java.util.stream.AbstractPipeline.copyInto(AbstractPipeline.java:482)
	at java.util.stream.AbstractPipeline.wrapAndCopyInto(AbstractPipeline.java:472)
	at java.util.stream.ForEachOps$ForEachOp.evaluateSequential(ForEachOps.java:150)
	at java.util.stream.ForEachOps$ForEachOp$OfRef.evaluateSequential(ForEachOps.java:173)
	at java.util.stream.AbstractPipeline.evaluate(AbstractPipeline.java:234)
	at java.util.stream.ReferencePipeline.forEach(ReferencePipeline.java:485)
	at org.junit.vintage.engine.VintageTestEngine.executeAllChildren(VintageTestEngine.java:82)
	at org.junit.vintage.engine.VintageTestEngine.execute(VintageTestEngine.java:73)
	at org.junit.platform.launcher.core.EngineExecutionOrchestrator.execute(EngineExecutionOrchestrator.java:108)
	at org.junit.platform.launcher.core.EngineExecutionOrchestrator.execute(EngineExecutionOrchestrator.java:88)
	at org.junit.platform.launcher.core.EngineExecutionOrchestrator.lambda$execute$0(EngineExecutionOrchestrator.java:54)
	at org.junit.platform.launcher.core.EngineExecutionOrchestrator.withInterceptedStreams(EngineExecutionOrchestrator.java:67)
	at org.junit.platform.launcher.core.EngineExecutionOrchestrator.execute(EngineExecutionOrchestrator.java:52)
	at org.junit.platform.launcher.core.DefaultLauncher.execute(DefaultLauncher.java:96)
	at org.junit.platform.launcher.core.DefaultLauncher.execute(DefaultLauncher.java:75)
	at org.apache.maven.surefire.junitplatform.JUnitPlatformProvider.execute(JUnitPlatformProvider.java:188)
	at org.apache.maven.surefire.junitplatform.JUnitPlatformProvider.invokeAllTests(JUnitPlatformProvider.java:154)
	at org.apache.maven.surefire.junitplatform.JUnitPlatformProvider.invoke(JUnitPlatformProvider.java:128)
	at org.apache.maven.surefire.booter.ForkedBooter.runSuitesInProcess(ForkedBooter.java:428)
	at org.apache.maven.surefire.booter.ForkedBooter.execute(ForkedBooter.java:162)
	at org.apache.maven.surefire.booter.ForkedBooter.run(ForkedBooter.java:562)
	at org.apache.maven.surefire.booter.ForkedBooter.main(ForkedBooter.java:548)
[main] INFO org.apache.nifi.security.util.crypto.Argon2CipherProviderGroovyTest - IV: 00000000000000000000 10
[main] WARN org.apache.nifi.security.util.crypto.Argon2SecureHasher - The provided memory size 1024 KiB is below the recommended minimum 65536 KiB.
[main] WARN org.apache.nifi.security.util.crypto.Argon2SecureHasher - The provided parallelization factor 1 is below the recommended minimum 8.
[main] WARN org.apache.nifi.security.util.crypto.Argon2SecureHasher - The provided iteration count 3 is below the recommended minimum 5.
[main] WARN org.apache.nifi.security.util.crypto.AESKeyedCipherProvider - An IV was provided of length 10 bytes for encryption but should be 16 bytes
[main] WARN org.apache.nifi.security.util.crypto.AESKeyedCipherProvider - Generating new IV. The value can be obtained in the calling code by invoking 'cipher.getIV()';
[main] WARN org.apache.nifi.security.util.crypto.Argon2SecureHasher - The provided memory size 1024 KiB is below the recommended minimum 65536 KiB.
[main] WARN org.apache.nifi.security.util.crypto.Argon2SecureHasher - The provided parallelization factor 1 is below the recommended minimum 8.
[main] WARN org.apache.nifi.security.util.crypto.Argon2SecureHasher - The provided iteration count 3 is below the recommended minimum 5.
[main] WARN org.apache.nifi.security.util.crypto.AESKeyedCipherProvider - An IV was provided of length 10 bytes for decryption but should be 16 bytes
[main] ERROR org.apache.nifi.security.util.crypto.Argon2CipherProvider - Encountered an error generating the Argon2 hash
java.lang.IllegalArgumentException: Cannot decrypt without a valid IV
	at org.apache.nifi.security.util.crypto.AESKeyedCipherProvider.getInitializedCipher(AESKeyedCipherProvider.java:128)
	at org.apache.nifi.security.util.crypto.AESKeyedCipherProvider.getCipher(AESKeyedCipherProvider.java:60)
	at org.apache.nifi.security.util.crypto.Argon2CipherProvider.getInitializedCipher(Argon2CipherProvider.java:177)
	at org.apache.nifi.security.util.crypto.Argon2CipherProvider.getCipher(Argon2CipherProvider.java:103)
	at org.apache.nifi.security.util.crypto.Argon2CipherProvider$getCipher$0.call(Unknown Source)
	at org.apache.nifi.security.util.crypto.Argon2CipherProviderGroovyTest$_testGetCipherShouldRejectInvalidIV_closure5$_closure13.doCall(Argon2CipherProviderGroovyTest.groovy:189)
	at org.apache.nifi.security.util.crypto.Argon2CipherProviderGroovyTest$_testGetCipherShouldRejectInvalidIV_closure5$_closure13.doCall(Argon2CipherProviderGroovyTest.groovy)
	at sun.reflect.GeneratedMethodAccessor77.invoke(Unknown Source)
	at sun.reflect.DelegatingMethodAccessorImpl.invoke(DelegatingMethodAccessorImpl.java:43)
	at java.lang.reflect.Method.invoke(Method.java:498)
	at org.codehaus.groovy.reflection.CachedMethod.invoke(CachedMethod.java:101)
	at groovy.lang.MetaMethod.doMethodInvoke(MetaMethod.java:323)
	at org.codehaus.groovy.runtime.metaclass.ClosureMetaClass.invokeMethod(ClosureMetaClass.java:263)
	at groovy.lang.MetaClassImpl.invokeMethod(MetaClassImpl.java:1041)
	at groovy.lang.Closure.call(Closure.java:405)
	at groovy.lang.Closure.call(Closure.java:399)
	at groovy.test.GroovyAssert.shouldFail(GroovyAssert.java:118)
	at groovy.test.GroovyAssert$shouldFail.callStatic(Unknown Source)
	at org.apache.nifi.security.util.crypto.Argon2CipherProviderGroovyTest$_testGetCipherShouldRejectInvalidIV_closure5.doCall(Argon2CipherProviderGroovyTest.groovy:188)
	at sun.reflect.GeneratedMethodAccessor76.invoke(Unknown Source)
	at sun.reflect.DelegatingMethodAccessorImpl.invoke(DelegatingMethodAccessorImpl.java:43)
	at java.lang.reflect.Method.invoke(Method.java:498)
	at org.codehaus.groovy.reflection.CachedMethod.invoke(CachedMethod.java:101)
	at groovy.lang.MetaMethod.doMethodInvoke(MetaMethod.java:323)
	at org.codehaus.groovy.runtime.metaclass.ClosureMetaClass.invokeMethod(ClosureMetaClass.java:263)
	at groovy.lang.MetaClassImpl.invokeMethod(MetaClassImpl.java:1041)
	at groovy.lang.Closure.call(Closure.java:405)
	at groovy.lang.Closure.call(Closure.java:421)
	at org.codehaus.groovy.runtime.DefaultGroovyMethods.each(DefaultGroovyMethods.java:2330)
	at org.codehaus.groovy.runtime.DefaultGroovyMethods.each(DefaultGroovyMethods.java:2315)
	at org.codehaus.groovy.runtime.DefaultGroovyMethods.each(DefaultGroovyMethods.java:2356)
	at org.codehaus.groovy.runtime.dgm$186.invoke(Unknown Source)
	at org.codehaus.groovy.runtime.callsite.PojoMetaMethodSite$PojoMetaMethodSiteNoUnwrapNoCoerce.invoke(PojoMetaMethodSite.java:244)
	at org.codehaus.groovy.runtime.callsite.PojoMetaMethodSite.call(PojoMetaMethodSite.java:53)
	at org.codehaus.groovy.runtime.callsite.AbstractCallSite.call(AbstractCallSite.java:127)
	at org.apache.nifi.security.util.crypto.Argon2CipherProviderGroovyTest.testGetCipherShouldRejectInvalidIV(Argon2CipherProviderGroovyTest.groovy:181)
	at sun.reflect.NativeMethodAccessorImpl.invoke0(Native Method)
	at sun.reflect.NativeMethodAccessorImpl.invoke(NativeMethodAccessorImpl.java:62)
	at sun.reflect.DelegatingMethodAccessorImpl.invoke(DelegatingMethodAccessorImpl.java:43)
	at java.lang.reflect.Method.invoke(Method.java:498)
	at junit.framework.TestCase.runTest(TestCase.java:177)
	at junit.framework.TestCase.runBare(TestCase.java:142)
	at junit.framework.TestResult$1.protect(TestResult.java:122)
	at junit.framework.TestResult.runProtected(TestResult.java:142)
	at junit.framework.TestResult.run(TestResult.java:125)
	at junit.framework.TestCase.run(TestCase.java:130)
	at junit.framework.TestSuite.runTest(TestSuite.java:241)
	at junit.framework.TestSuite.run(TestSuite.java:236)
	at org.junit.internal.runners.JUnit38ClassRunner.run(JUnit38ClassRunner.java:90)
	at org.junit.runner.JUnitCore.run(JUnitCore.java:137)
	at org.junit.runner.JUnitCore.run(JUnitCore.java:115)
	at org.junit.vintage.engine.execution.RunnerExecutor.execute(RunnerExecutor.java:43)
	at java.util.stream.ForEachOps$ForEachOp$OfRef.accept(ForEachOps.java:183)
	at java.util.stream.ReferencePipeline$3$1.accept(ReferencePipeline.java:193)
	at java.util.Iterator.forEachRemaining(Iterator.java:116)
	at java.util.Spliterators$IteratorSpliterator.forEachRemaining(Spliterators.java:1801)
	at java.util.stream.AbstractPipeline.copyInto(AbstractPipeline.java:482)
	at java.util.stream.AbstractPipeline.wrapAndCopyInto(AbstractPipeline.java:472)
	at java.util.stream.ForEachOps$ForEachOp.evaluateSequential(ForEachOps.java:150)
	at java.util.stream.ForEachOps$ForEachOp$OfRef.evaluateSequential(ForEachOps.java:173)
	at java.util.stream.AbstractPipeline.evaluate(AbstractPipeline.java:234)
	at java.util.stream.ReferencePipeline.forEach(ReferencePipeline.java:485)
	at org.junit.vintage.engine.VintageTestEngine.executeAllChildren(VintageTestEngine.java:82)
	at org.junit.vintage.engine.VintageTestEngine.execute(VintageTestEngine.java:73)
	at org.junit.platform.launcher.core.EngineExecutionOrchestrator.execute(EngineExecutionOrchestrator.java:108)
	at org.junit.platform.launcher.core.EngineExecutionOrchestrator.execute(EngineExecutionOrchestrator.java:88)
	at org.junit.platform.launcher.core.EngineExecutionOrchestrator.lambda$execute$0(EngineExecutionOrchestrator.java:54)
	at org.junit.platform.launcher.core.EngineExecutionOrchestrator.withInterceptedStreams(EngineExecutionOrchestrator.java:67)
	at org.junit.platform.launcher.core.EngineExecutionOrchestrator.execute(EngineExecutionOrchestrator.java:52)
	at org.junit.platform.launcher.core.DefaultLauncher.execute(DefaultLauncher.java:96)
	at org.junit.platform.launcher.core.DefaultLauncher.execute(DefaultLauncher.java:75)
	at org.apache.maven.surefire.junitplatform.JUnitPlatformProvider.execute(JUnitPlatformProvider.java:188)
	at org.apache.maven.surefire.junitplatform.JUnitPlatformProvider.invokeAllTests(JUnitPlatformProvider.java:154)
	at org.apache.maven.surefire.junitplatform.JUnitPlatformProvider.invoke(JUnitPlatformProvider.java:128)
	at org.apache.maven.surefire.booter.ForkedBooter.runSuitesInProcess(ForkedBooter.java:428)
	at org.apache.maven.surefire.booter.ForkedBooter.execute(ForkedBooter.java:162)
	at org.apache.maven.surefire.booter.ForkedBooter.run(ForkedBooter.java:562)
	at org.apache.maven.surefire.booter.ForkedBooter.main(ForkedBooter.java:548)
[main] INFO org.apache.nifi.security.util.crypto.Argon2CipherProviderGroovyTest - IV: 0000000000000000000000 11
[main] WARN org.apache.nifi.security.util.crypto.Argon2SecureHasher - The provided memory size 1024 KiB is below the recommended minimum 65536 KiB.
[main] WARN org.apache.nifi.security.util.crypto.Argon2SecureHasher - The provided parallelization factor 1 is below the recommended minimum 8.
[main] WARN org.apache.nifi.security.util.crypto.Argon2SecureHasher - The provided iteration count 3 is below the recommended minimum 5.
[main] WARN org.apache.nifi.security.util.crypto.AESKeyedCipherProvider - An IV was provided of length 11 bytes for encryption but should be 16 bytes
[main] WARN org.apache.nifi.security.util.crypto.AESKeyedCipherProvider - Generating new IV. The value can be obtained in the calling code by invoking 'cipher.getIV()';
[main] WARN org.apache.nifi.security.util.crypto.Argon2SecureHasher - The provided memory size 1024 KiB is below the recommended minimum 65536 KiB.
[main] WARN org.apache.nifi.security.util.crypto.Argon2SecureHasher - The provided parallelization factor 1 is below the recommended minimum 8.
[main] WARN org.apache.nifi.security.util.crypto.Argon2SecureHasher - The provided iteration count 3 is below the recommended minimum 5.
[main] WARN org.apache.nifi.security.util.crypto.AESKeyedCipherProvider - An IV was provided of length 11 bytes for decryption but should be 16 bytes
[main] ERROR org.apache.nifi.security.util.crypto.Argon2CipherProvider - Encountered an error generating the Argon2 hash
java.lang.IllegalArgumentException: Cannot decrypt without a valid IV
	at org.apache.nifi.security.util.crypto.AESKeyedCipherProvider.getInitializedCipher(AESKeyedCipherProvider.java:128)
	at org.apache.nifi.security.util.crypto.AESKeyedCipherProvider.getCipher(AESKeyedCipherProvider.java:60)
	at org.apache.nifi.security.util.crypto.Argon2CipherProvider.getInitializedCipher(Argon2CipherProvider.java:177)
	at org.apache.nifi.security.util.crypto.Argon2CipherProvider.getCipher(Argon2CipherProvider.java:103)
	at org.apache.nifi.security.util.crypto.Argon2CipherProvider$getCipher$0.call(Unknown Source)
	at org.apache.nifi.security.util.crypto.Argon2CipherProviderGroovyTest$_testGetCipherShouldRejectInvalidIV_closure5$_closure13.doCall(Argon2CipherProviderGroovyTest.groovy:189)
	at org.apache.nifi.security.util.crypto.Argon2CipherProviderGroovyTest$_testGetCipherShouldRejectInvalidIV_closure5$_closure13.doCall(Argon2CipherProviderGroovyTest.groovy)
	at sun.reflect.GeneratedMethodAccessor77.invoke(Unknown Source)
	at sun.reflect.DelegatingMethodAccessorImpl.invoke(DelegatingMethodAccessorImpl.java:43)
	at java.lang.reflect.Method.invoke(Method.java:498)
	at org.codehaus.groovy.reflection.CachedMethod.invoke(CachedMethod.java:101)
	at groovy.lang.MetaMethod.doMethodInvoke(MetaMethod.java:323)
	at org.codehaus.groovy.runtime.metaclass.ClosureMetaClass.invokeMethod(ClosureMetaClass.java:263)
	at groovy.lang.MetaClassImpl.invokeMethod(MetaClassImpl.java:1041)
	at groovy.lang.Closure.call(Closure.java:405)
	at groovy.lang.Closure.call(Closure.java:399)
	at groovy.test.GroovyAssert.shouldFail(GroovyAssert.java:118)
	at groovy.test.GroovyAssert$shouldFail.callStatic(Unknown Source)
	at org.apache.nifi.security.util.crypto.Argon2CipherProviderGroovyTest$_testGetCipherShouldRejectInvalidIV_closure5.doCall(Argon2CipherProviderGroovyTest.groovy:188)
	at sun.reflect.GeneratedMethodAccessor76.invoke(Unknown Source)
	at sun.reflect.DelegatingMethodAccessorImpl.invoke(DelegatingMethodAccessorImpl.java:43)
	at java.lang.reflect.Method.invoke(Method.java:498)
	at org.codehaus.groovy.reflection.CachedMethod.invoke(CachedMethod.java:101)
	at groovy.lang.MetaMethod.doMethodInvoke(MetaMethod.java:323)
	at org.codehaus.groovy.runtime.metaclass.ClosureMetaClass.invokeMethod(ClosureMetaClass.java:263)
	at groovy.lang.MetaClassImpl.invokeMethod(MetaClassImpl.java:1041)
	at groovy.lang.Closure.call(Closure.java:405)
	at groovy.lang.Closure.call(Closure.java:421)
	at org.codehaus.groovy.runtime.DefaultGroovyMethods.each(DefaultGroovyMethods.java:2330)
	at org.codehaus.groovy.runtime.DefaultGroovyMethods.each(DefaultGroovyMethods.java:2315)
	at org.codehaus.groovy.runtime.DefaultGroovyMethods.each(DefaultGroovyMethods.java:2356)
	at org.codehaus.groovy.runtime.dgm$186.invoke(Unknown Source)
	at org.codehaus.groovy.runtime.callsite.PojoMetaMethodSite$PojoMetaMethodSiteNoUnwrapNoCoerce.invoke(PojoMetaMethodSite.java:244)
	at org.codehaus.groovy.runtime.callsite.PojoMetaMethodSite.call(PojoMetaMethodSite.java:53)
	at org.codehaus.groovy.runtime.callsite.AbstractCallSite.call(AbstractCallSite.java:127)
	at org.apache.nifi.security.util.crypto.Argon2CipherProviderGroovyTest.testGetCipherShouldRejectInvalidIV(Argon2CipherProviderGroovyTest.groovy:181)
	at sun.reflect.NativeMethodAccessorImpl.invoke0(Native Method)
	at sun.reflect.NativeMethodAccessorImpl.invoke(NativeMethodAccessorImpl.java:62)
	at sun.reflect.DelegatingMethodAccessorImpl.invoke(DelegatingMethodAccessorImpl.java:43)
	at java.lang.reflect.Method.invoke(Method.java:498)
	at junit.framework.TestCase.runTest(TestCase.java:177)
	at junit.framework.TestCase.runBare(TestCase.java:142)
	at junit.framework.TestResult$1.protect(TestResult.java:122)
	at junit.framework.TestResult.runProtected(TestResult.java:142)
	at junit.framework.TestResult.run(TestResult.java:125)
	at junit.framework.TestCase.run(TestCase.java:130)
	at junit.framework.TestSuite.runTest(TestSuite.java:241)
	at junit.framework.TestSuite.run(TestSuite.java:236)
	at org.junit.internal.runners.JUnit38ClassRunner.run(JUnit38ClassRunner.java:90)
	at org.junit.runner.JUnitCore.run(JUnitCore.java:137)
	at org.junit.runner.JUnitCore.run(JUnitCore.java:115)
	at org.junit.vintage.engine.execution.RunnerExecutor.execute(RunnerExecutor.java:43)
	at java.util.stream.ForEachOps$ForEachOp$OfRef.accept(ForEachOps.java:183)
	at java.util.stream.ReferencePipeline$3$1.accept(ReferencePipeline.java:193)
	at java.util.Iterator.forEachRemaining(Iterator.java:116)
	at java.util.Spliterators$IteratorSpliterator.forEachRemaining(Spliterators.java:1801)
	at java.util.stream.AbstractPipeline.copyInto(AbstractPipeline.java:482)
	at java.util.stream.AbstractPipeline.wrapAndCopyInto(AbstractPipeline.java:472)
	at java.util.stream.ForEachOps$ForEachOp.evaluateSequential(ForEachOps.java:150)
	at java.util.stream.ForEachOps$ForEachOp$OfRef.evaluateSequential(ForEachOps.java:173)
	at java.util.stream.AbstractPipeline.evaluate(AbstractPipeline.java:234)
	at java.util.stream.ReferencePipeline.forEach(ReferencePipeline.java:485)
	at org.junit.vintage.engine.VintageTestEngine.executeAllChildren(VintageTestEngine.java:82)
	at org.junit.vintage.engine.VintageTestEngine.execute(VintageTestEngine.java:73)
	at org.junit.platform.launcher.core.EngineExecutionOrchestrator.execute(EngineExecutionOrchestrator.java:108)
	at org.junit.platform.launcher.core.EngineExecutionOrchestrator.execute(EngineExecutionOrchestrator.java:88)
	at org.junit.platform.launcher.core.EngineExecutionOrchestrator.lambda$execute$0(EngineExecutionOrchestrator.java:54)
	at org.junit.platform.launcher.core.EngineExecutionOrchestrator.withInterceptedStreams(EngineExecutionOrchestrator.java:67)
	at org.junit.platform.launcher.core.EngineExecutionOrchestrator.execute(EngineExecutionOrchestrator.java:52)
	at org.junit.platform.launcher.core.DefaultLauncher.execute(DefaultLauncher.java:96)
	at org.junit.platform.launcher.core.DefaultLauncher.execute(DefaultLauncher.java:75)
	at org.apache.maven.surefire.junitplatform.JUnitPlatformProvider.execute(JUnitPlatformProvider.java:188)
	at org.apache.maven.surefire.junitplatform.JUnitPlatformProvider.invokeAllTests(JUnitPlatformProvider.java:154)
	at org.apache.maven.surefire.junitplatform.JUnitPlatformProvider.invoke(JUnitPlatformProvider.java:128)
	at org.apache.maven.surefire.booter.ForkedBooter.runSuitesInProcess(ForkedBooter.java:428)
	at org.apache.maven.surefire.booter.ForkedBooter.execute(ForkedBooter.java:162)
	at org.apache.maven.surefire.booter.ForkedBooter.run(ForkedBooter.java:562)
	at org.apache.maven.surefire.booter.ForkedBooter.main(ForkedBooter.java:548)
[main] INFO org.apache.nifi.security.util.crypto.Argon2CipherProviderGroovyTest - IV: 000000000000000000000000 12
[main] WARN org.apache.nifi.security.util.crypto.Argon2SecureHasher - The provided memory size 1024 KiB is below the recommended minimum 65536 KiB.
[main] WARN org.apache.nifi.security.util.crypto.Argon2SecureHasher - The provided parallelization factor 1 is below the recommended minimum 8.
[main] WARN org.apache.nifi.security.util.crypto.Argon2SecureHasher - The provided iteration count 3 is below the recommended minimum 5.
[main] WARN org.apache.nifi.security.util.crypto.AESKeyedCipherProvider - An IV was provided of length 12 bytes for encryption but should be 16 bytes
[main] WARN org.apache.nifi.security.util.crypto.AESKeyedCipherProvider - Generating new IV. The value can be obtained in the calling code by invoking 'cipher.getIV()';
[main] WARN org.apache.nifi.security.util.crypto.Argon2SecureHasher - The provided memory size 1024 KiB is below the recommended minimum 65536 KiB.
[main] WARN org.apache.nifi.security.util.crypto.Argon2SecureHasher - The provided parallelization factor 1 is below the recommended minimum 8.
[main] WARN org.apache.nifi.security.util.crypto.Argon2SecureHasher - The provided iteration count 3 is below the recommended minimum 5.
[main] WARN org.apache.nifi.security.util.crypto.AESKeyedCipherProvider - An IV was provided of length 12 bytes for decryption but should be 16 bytes
[main] ERROR org.apache.nifi.security.util.crypto.Argon2CipherProvider - Encountered an error generating the Argon2 hash
java.lang.IllegalArgumentException: Cannot decrypt without a valid IV
	at org.apache.nifi.security.util.crypto.AESKeyedCipherProvider.getInitializedCipher(AESKeyedCipherProvider.java:128)
	at org.apache.nifi.security.util.crypto.AESKeyedCipherProvider.getCipher(AESKeyedCipherProvider.java:60)
	at org.apache.nifi.security.util.crypto.Argon2CipherProvider.getInitializedCipher(Argon2CipherProvider.java:177)
	at org.apache.nifi.security.util.crypto.Argon2CipherProvider.getCipher(Argon2CipherProvider.java:103)
	at org.apache.nifi.security.util.crypto.Argon2CipherProvider$getCipher$0.call(Unknown Source)
	at org.apache.nifi.security.util.crypto.Argon2CipherProviderGroovyTest$_testGetCipherShouldRejectInvalidIV_closure5$_closure13.doCall(Argon2CipherProviderGroovyTest.groovy:189)
	at org.apache.nifi.security.util.crypto.Argon2CipherProviderGroovyTest$_testGetCipherShouldRejectInvalidIV_closure5$_closure13.doCall(Argon2CipherProviderGroovyTest.groovy)
	at sun.reflect.GeneratedMethodAccessor77.invoke(Unknown Source)
	at sun.reflect.DelegatingMethodAccessorImpl.invoke(DelegatingMethodAccessorImpl.java:43)
	at java.lang.reflect.Method.invoke(Method.java:498)
	at org.codehaus.groovy.reflection.CachedMethod.invoke(CachedMethod.java:101)
	at groovy.lang.MetaMethod.doMethodInvoke(MetaMethod.java:323)
	at org.codehaus.groovy.runtime.metaclass.ClosureMetaClass.invokeMethod(ClosureMetaClass.java:263)
	at groovy.lang.MetaClassImpl.invokeMethod(MetaClassImpl.java:1041)
	at groovy.lang.Closure.call(Closure.java:405)
	at groovy.lang.Closure.call(Closure.java:399)
	at groovy.test.GroovyAssert.shouldFail(GroovyAssert.java:118)
	at groovy.test.GroovyAssert$shouldFail.callStatic(Unknown Source)
	at org.apache.nifi.security.util.crypto.Argon2CipherProviderGroovyTest$_testGetCipherShouldRejectInvalidIV_closure5.doCall(Argon2CipherProviderGroovyTest.groovy:188)
	at sun.reflect.GeneratedMethodAccessor76.invoke(Unknown Source)
	at sun.reflect.DelegatingMethodAccessorImpl.invoke(DelegatingMethodAccessorImpl.java:43)
	at java.lang.reflect.Method.invoke(Method.java:498)
	at org.codehaus.groovy.reflection.CachedMethod.invoke(CachedMethod.java:101)
	at groovy.lang.MetaMethod.doMethodInvoke(MetaMethod.java:323)
	at org.codehaus.groovy.runtime.metaclass.ClosureMetaClass.invokeMethod(ClosureMetaClass.java:263)
	at groovy.lang.MetaClassImpl.invokeMethod(MetaClassImpl.java:1041)
	at groovy.lang.Closure.call(Closure.java:405)
	at groovy.lang.Closure.call(Closure.java:421)
	at org.codehaus.groovy.runtime.DefaultGroovyMethods.each(DefaultGroovyMethods.java:2330)
	at org.codehaus.groovy.runtime.DefaultGroovyMethods.each(DefaultGroovyMethods.java:2315)
	at org.codehaus.groovy.runtime.DefaultGroovyMethods.each(DefaultGroovyMethods.java:2356)
	at org.codehaus.groovy.runtime.dgm$186.invoke(Unknown Source)
	at org.codehaus.groovy.runtime.callsite.PojoMetaMethodSite$PojoMetaMethodSiteNoUnwrapNoCoerce.invoke(PojoMetaMethodSite.java:244)
	at org.codehaus.groovy.runtime.callsite.PojoMetaMethodSite.call(PojoMetaMethodSite.java:53)
	at org.codehaus.groovy.runtime.callsite.AbstractCallSite.call(AbstractCallSite.java:127)
	at org.apache.nifi.security.util.crypto.Argon2CipherProviderGroovyTest.testGetCipherShouldRejectInvalidIV(Argon2CipherProviderGroovyTest.groovy:181)
	at sun.reflect.NativeMethodAccessorImpl.invoke0(Native Method)
	at sun.reflect.NativeMethodAccessorImpl.invoke(NativeMethodAccessorImpl.java:62)
	at sun.reflect.DelegatingMethodAccessorImpl.invoke(DelegatingMethodAccessorImpl.java:43)
	at java.lang.reflect.Method.invoke(Method.java:498)
	at junit.framework.TestCase.runTest(TestCase.java:177)
	at junit.framework.TestCase.runBare(TestCase.java:142)
	at junit.framework.TestResult$1.protect(TestResult.java:122)
	at junit.framework.TestResult.runProtected(TestResult.java:142)
	at junit.framework.TestResult.run(TestResult.java:125)
	at junit.framework.TestCase.run(TestCase.java:130)
	at junit.framework.TestSuite.runTest(TestSuite.java:241)
	at junit.framework.TestSuite.run(TestSuite.java:236)
	at org.junit.internal.runners.JUnit38ClassRunner.run(JUnit38ClassRunner.java:90)
	at org.junit.runner.JUnitCore.run(JUnitCore.java:137)
	at org.junit.runner.JUnitCore.run(JUnitCore.java:115)
	at org.junit.vintage.engine.execution.RunnerExecutor.execute(RunnerExecutor.java:43)
	at java.util.stream.ForEachOps$ForEachOp$OfRef.accept(ForEachOps.java:183)
	at java.util.stream.ReferencePipeline$3$1.accept(ReferencePipeline.java:193)
	at java.util.Iterator.forEachRemaining(Iterator.java:116)
	at java.util.Spliterators$IteratorSpliterator.forEachRemaining(Spliterators.java:1801)
	at java.util.stream.AbstractPipeline.copyInto(AbstractPipeline.java:482)
	at java.util.stream.AbstractPipeline.wrapAndCopyInto(AbstractPipeline.java:472)
	at java.util.stream.ForEachOps$ForEachOp.evaluateSequential(ForEachOps.java:150)
	at java.util.stream.ForEachOps$ForEachOp$OfRef.evaluateSequential(ForEachOps.java:173)
	at java.util.stream.AbstractPipeline.evaluate(AbstractPipeline.java:234)
	at java.util.stream.ReferencePipeline.forEach(ReferencePipeline.java:485)
	at org.junit.vintage.engine.VintageTestEngine.executeAllChildren(VintageTestEngine.java:82)
	at org.junit.vintage.engine.VintageTestEngine.execute(VintageTestEngine.java:73)
	at org.junit.platform.launcher.core.EngineExecutionOrchestrator.execute(EngineExecutionOrchestrator.java:108)
	at org.junit.platform.launcher.core.EngineExecutionOrchestrator.execute(EngineExecutionOrchestrator.java:88)
	at org.junit.platform.launcher.core.EngineExecutionOrchestrator.lambda$execute$0(EngineExecutionOrchestrator.java:54)
	at org.junit.platform.launcher.core.EngineExecutionOrchestrator.withInterceptedStreams(EngineExecutionOrchestrator.java:67)
	at org.junit.platform.launcher.core.EngineExecutionOrchestrator.execute(EngineExecutionOrchestrator.java:52)
	at org.junit.platform.launcher.core.DefaultLauncher.execute(DefaultLauncher.java:96)
	at org.junit.platform.launcher.core.DefaultLauncher.execute(DefaultLauncher.java:75)
	at org.apache.maven.surefire.junitplatform.JUnitPlatformProvider.execute(JUnitPlatformProvider.java:188)
	at org.apache.maven.surefire.junitplatform.JUnitPlatformProvider.invokeAllTests(JUnitPlatformProvider.java:154)
	at org.apache.maven.surefire.junitplatform.JUnitPlatformProvider.invoke(JUnitPlatformProvider.java:128)
	at org.apache.maven.surefire.booter.ForkedBooter.runSuitesInProcess(ForkedBooter.java:428)
	at org.apache.maven.surefire.booter.ForkedBooter.execute(ForkedBooter.java:162)
	at org.apache.maven.surefire.booter.ForkedBooter.run(ForkedBooter.java:562)
	at org.apache.maven.surefire.booter.ForkedBooter.main(ForkedBooter.java:548)
[main] INFO org.apache.nifi.security.util.crypto.Argon2CipherProviderGroovyTest - IV: 00000000000000000000000000 13
[main] WARN org.apache.nifi.security.util.crypto.Argon2SecureHasher - The provided memory size 1024 KiB is below the recommended minimum 65536 KiB.
[main] WARN org.apache.nifi.security.util.crypto.Argon2SecureHasher - The provided parallelization factor 1 is below the recommended minimum 8.
[main] WARN org.apache.nifi.security.util.crypto.Argon2SecureHasher - The provided iteration count 3 is below the recommended minimum 5.
[main] WARN org.apache.nifi.security.util.crypto.AESKeyedCipherProvider - An IV was provided of length 13 bytes for encryption but should be 16 bytes
[main] WARN org.apache.nifi.security.util.crypto.AESKeyedCipherProvider - Generating new IV. The value can be obtained in the calling code by invoking 'cipher.getIV()';
[main] WARN org.apache.nifi.security.util.crypto.Argon2SecureHasher - The provided memory size 1024 KiB is below the recommended minimum 65536 KiB.
[main] WARN org.apache.nifi.security.util.crypto.Argon2SecureHasher - The provided parallelization factor 1 is below the recommended minimum 8.
[main] WARN org.apache.nifi.security.util.crypto.Argon2SecureHasher - The provided iteration count 3 is below the recommended minimum 5.
[main] WARN org.apache.nifi.security.util.crypto.AESKeyedCipherProvider - An IV was provided of length 13 bytes for decryption but should be 16 bytes
[main] ERROR org.apache.nifi.security.util.crypto.Argon2CipherProvider - Encountered an error generating the Argon2 hash
java.lang.IllegalArgumentException: Cannot decrypt without a valid IV
	at org.apache.nifi.security.util.crypto.AESKeyedCipherProvider.getInitializedCipher(AESKeyedCipherProvider.java:128)
	at org.apache.nifi.security.util.crypto.AESKeyedCipherProvider.getCipher(AESKeyedCipherProvider.java:60)
	at org.apache.nifi.security.util.crypto.Argon2CipherProvider.getInitializedCipher(Argon2CipherProvider.java:177)
	at org.apache.nifi.security.util.crypto.Argon2CipherProvider.getCipher(Argon2CipherProvider.java:103)
	at org.apache.nifi.security.util.crypto.Argon2CipherProvider$getCipher$0.call(Unknown Source)
	at org.apache.nifi.security.util.crypto.Argon2CipherProviderGroovyTest$_testGetCipherShouldRejectInvalidIV_closure5$_closure13.doCall(Argon2CipherProviderGroovyTest.groovy:189)
	at org.apache.nifi.security.util.crypto.Argon2CipherProviderGroovyTest$_testGetCipherShouldRejectInvalidIV_closure5$_closure13.doCall(Argon2CipherProviderGroovyTest.groovy)
	at sun.reflect.GeneratedMethodAccessor77.invoke(Unknown Source)
	at sun.reflect.DelegatingMethodAccessorImpl.invoke(DelegatingMethodAccessorImpl.java:43)
	at java.lang.reflect.Method.invoke(Method.java:498)
	at org.codehaus.groovy.reflection.CachedMethod.invoke(CachedMethod.java:101)
	at groovy.lang.MetaMethod.doMethodInvoke(MetaMethod.java:323)
	at org.codehaus.groovy.runtime.metaclass.ClosureMetaClass.invokeMethod(ClosureMetaClass.java:263)
	at groovy.lang.MetaClassImpl.invokeMethod(MetaClassImpl.java:1041)
	at groovy.lang.Closure.call(Closure.java:405)
	at groovy.lang.Closure.call(Closure.java:399)
	at groovy.test.GroovyAssert.shouldFail(GroovyAssert.java:118)
	at groovy.test.GroovyAssert$shouldFail.callStatic(Unknown Source)
	at org.apache.nifi.security.util.crypto.Argon2CipherProviderGroovyTest$_testGetCipherShouldRejectInvalidIV_closure5.doCall(Argon2CipherProviderGroovyTest.groovy:188)
	at sun.reflect.GeneratedMethodAccessor76.invoke(Unknown Source)
	at sun.reflect.DelegatingMethodAccessorImpl.invoke(DelegatingMethodAccessorImpl.java:43)
	at java.lang.reflect.Method.invoke(Method.java:498)
	at org.codehaus.groovy.reflection.CachedMethod.invoke(CachedMethod.java:101)
	at groovy.lang.MetaMethod.doMethodInvoke(MetaMethod.java:323)
	at org.codehaus.groovy.runtime.metaclass.ClosureMetaClass.invokeMethod(ClosureMetaClass.java:263)
	at groovy.lang.MetaClassImpl.invokeMethod(MetaClassImpl.java:1041)
	at groovy.lang.Closure.call(Closure.java:405)
	at groovy.lang.Closure.call(Closure.java:421)
	at org.codehaus.groovy.runtime.DefaultGroovyMethods.each(DefaultGroovyMethods.java:2330)
	at org.codehaus.groovy.runtime.DefaultGroovyMethods.each(DefaultGroovyMethods.java:2315)
	at org.codehaus.groovy.runtime.DefaultGroovyMethods.each(DefaultGroovyMethods.java:2356)
	at org.codehaus.groovy.runtime.dgm$186.invoke(Unknown Source)
	at org.codehaus.groovy.runtime.callsite.PojoMetaMethodSite$PojoMetaMethodSiteNoUnwrapNoCoerce.invoke(PojoMetaMethodSite.java:244)
	at org.codehaus.groovy.runtime.callsite.PojoMetaMethodSite.call(PojoMetaMethodSite.java:53)
	at org.codehaus.groovy.runtime.callsite.AbstractCallSite.call(AbstractCallSite.java:127)
	at org.apache.nifi.security.util.crypto.Argon2CipherProviderGroovyTest.testGetCipherShouldRejectInvalidIV(Argon2CipherProviderGroovyTest.groovy:181)
	at sun.reflect.NativeMethodAccessorImpl.invoke0(Native Method)
	at sun.reflect.NativeMethodAccessorImpl.invoke(NativeMethodAccessorImpl.java:62)
	at sun.reflect.DelegatingMethodAccessorImpl.invoke(DelegatingMethodAccessorImpl.java:43)
	at java.lang.reflect.Method.invoke(Method.java:498)
	at junit.framework.TestCase.runTest(TestCase.java:177)
	at junit.framework.TestCase.runBare(TestCase.java:142)
	at junit.framework.TestResult$1.protect(TestResult.java:122)
	at junit.framework.TestResult.runProtected(TestResult.java:142)
	at junit.framework.TestResult.run(TestResult.java:125)
	at junit.framework.TestCase.run(TestCase.java:130)
	at junit.framework.TestSuite.runTest(TestSuite.java:241)
	at junit.framework.TestSuite.run(TestSuite.java:236)
	at org.junit.internal.runners.JUnit38ClassRunner.run(JUnit38ClassRunner.java:90)
	at org.junit.runner.JUnitCore.run(JUnitCore.java:137)
	at org.junit.runner.JUnitCore.run(JUnitCore.java:115)
	at org.junit.vintage.engine.execution.RunnerExecutor.execute(RunnerExecutor.java:43)
	at java.util.stream.ForEachOps$ForEachOp$OfRef.accept(ForEachOps.java:183)
	at java.util.stream.ReferencePipeline$3$1.accept(ReferencePipeline.java:193)
	at java.util.Iterator.forEachRemaining(Iterator.java:116)
	at java.util.Spliterators$IteratorSpliterator.forEachRemaining(Spliterators.java:1801)
	at java.util.stream.AbstractPipeline.copyInto(AbstractPipeline.java:482)
	at java.util.stream.AbstractPipeline.wrapAndCopyInto(AbstractPipeline.java:472)
	at java.util.stream.ForEachOps$ForEachOp.evaluateSequential(ForEachOps.java:150)
	at java.util.stream.ForEachOps$ForEachOp$OfRef.evaluateSequential(ForEachOps.java:173)
	at java.util.stream.AbstractPipeline.evaluate(AbstractPipeline.java:234)
	at java.util.stream.ReferencePipeline.forEach(ReferencePipeline.java:485)
	at org.junit.vintage.engine.VintageTestEngine.executeAllChildren(VintageTestEngine.java:82)
	at org.junit.vintage.engine.VintageTestEngine.execute(VintageTestEngine.java:73)
	at org.junit.platform.launcher.core.EngineExecutionOrchestrator.execute(EngineExecutionOrchestrator.java:108)
	at org.junit.platform.launcher.core.EngineExecutionOrchestrator.execute(EngineExecutionOrchestrator.java:88)
	at org.junit.platform.launcher.core.EngineExecutionOrchestrator.lambda$execute$0(EngineExecutionOrchestrator.java:54)
	at org.junit.platform.launcher.core.EngineExecutionOrchestrator.withInterceptedStreams(EngineExecutionOrchestrator.java:67)
	at org.junit.platform.launcher.core.EngineExecutionOrchestrator.execute(EngineExecutionOrchestrator.java:52)
	at org.junit.platform.launcher.core.DefaultLauncher.execute(DefaultLauncher.java:96)
	at org.junit.platform.launcher.core.DefaultLauncher.execute(DefaultLauncher.java:75)
	at org.apache.maven.surefire.junitplatform.JUnitPlatformProvider.execute(JUnitPlatformProvider.java:188)
	at org.apache.maven.surefire.junitplatform.JUnitPlatformProvider.invokeAllTests(JUnitPlatformProvider.java:154)
	at org.apache.maven.surefire.junitplatform.JUnitPlatformProvider.invoke(JUnitPlatformProvider.java:128)
	at org.apache.maven.surefire.booter.ForkedBooter.runSuitesInProcess(ForkedBooter.java:428)
	at org.apache.maven.surefire.booter.ForkedBooter.execute(ForkedBooter.java:162)
	at org.apache.maven.surefire.booter.ForkedBooter.run(ForkedBooter.java:562)
	at org.apache.maven.surefire.booter.ForkedBooter.main(ForkedBooter.java:548)
[main] INFO org.apache.nifi.security.util.crypto.Argon2CipherProviderGroovyTest - IV: 0000000000000000000000000000 14
[main] WARN org.apache.nifi.security.util.crypto.Argon2SecureHasher - The provided memory size 1024 KiB is below the recommended minimum 65536 KiB.
[main] WARN org.apache.nifi.security.util.crypto.Argon2SecureHasher - The provided parallelization factor 1 is below the recommended minimum 8.
[main] WARN org.apache.nifi.security.util.crypto.Argon2SecureHasher - The provided iteration count 3 is below the recommended minimum 5.
[main] WARN org.apache.nifi.security.util.crypto.AESKeyedCipherProvider - An IV was provided of length 14 bytes for encryption but should be 16 bytes
[main] WARN org.apache.nifi.security.util.crypto.AESKeyedCipherProvider - Generating new IV. The value can be obtained in the calling code by invoking 'cipher.getIV()';
[main] WARN org.apache.nifi.security.util.crypto.Argon2SecureHasher - The provided memory size 1024 KiB is below the recommended minimum 65536 KiB.
[main] WARN org.apache.nifi.security.util.crypto.Argon2SecureHasher - The provided parallelization factor 1 is below the recommended minimum 8.
[main] WARN org.apache.nifi.security.util.crypto.Argon2SecureHasher - The provided iteration count 3 is below the recommended minimum 5.
[main] WARN org.apache.nifi.security.util.crypto.AESKeyedCipherProvider - An IV was provided of length 14 bytes for decryption but should be 16 bytes
[main] ERROR org.apache.nifi.security.util.crypto.Argon2CipherProvider - Encountered an error generating the Argon2 hash
java.lang.IllegalArgumentException: Cannot decrypt without a valid IV
	at org.apache.nifi.security.util.crypto.AESKeyedCipherProvider.getInitializedCipher(AESKeyedCipherProvider.java:128)
	at org.apache.nifi.security.util.crypto.AESKeyedCipherProvider.getCipher(AESKeyedCipherProvider.java:60)
	at org.apache.nifi.security.util.crypto.Argon2CipherProvider.getInitializedCipher(Argon2CipherProvider.java:177)
	at org.apache.nifi.security.util.crypto.Argon2CipherProvider.getCipher(Argon2CipherProvider.java:103)
	at org.apache.nifi.security.util.crypto.Argon2CipherProvider$getCipher$0.call(Unknown Source)
	at org.apache.nifi.security.util.crypto.Argon2CipherProviderGroovyTest$_testGetCipherShouldRejectInvalidIV_closure5$_closure13.doCall(Argon2CipherProviderGroovyTest.groovy:189)
	at org.apache.nifi.security.util.crypto.Argon2CipherProviderGroovyTest$_testGetCipherShouldRejectInvalidIV_closure5$_closure13.doCall(Argon2CipherProviderGroovyTest.groovy)
	at sun.reflect.GeneratedMethodAccessor77.invoke(Unknown Source)
	at sun.reflect.DelegatingMethodAccessorImpl.invoke(DelegatingMethodAccessorImpl.java:43)
	at java.lang.reflect.Method.invoke(Method.java:498)
	at org.codehaus.groovy.reflection.CachedMethod.invoke(CachedMethod.java:101)
	at groovy.lang.MetaMethod.doMethodInvoke(MetaMethod.java:323)
	at org.codehaus.groovy.runtime.metaclass.ClosureMetaClass.invokeMethod(ClosureMetaClass.java:263)
	at groovy.lang.MetaClassImpl.invokeMethod(MetaClassImpl.java:1041)
	at groovy.lang.Closure.call(Closure.java:405)
	at groovy.lang.Closure.call(Closure.java:399)
	at groovy.test.GroovyAssert.shouldFail(GroovyAssert.java:118)
	at groovy.test.GroovyAssert$shouldFail.callStatic(Unknown Source)
	at org.apache.nifi.security.util.crypto.Argon2CipherProviderGroovyTest$_testGetCipherShouldRejectInvalidIV_closure5.doCall(Argon2CipherProviderGroovyTest.groovy:188)
	at sun.reflect.GeneratedMethodAccessor76.invoke(Unknown Source)
	at sun.reflect.DelegatingMethodAccessorImpl.invoke(DelegatingMethodAccessorImpl.java:43)
	at java.lang.reflect.Method.invoke(Method.java:498)
	at org.codehaus.groovy.reflection.CachedMethod.invoke(CachedMethod.java:101)
	at groovy.lang.MetaMethod.doMethodInvoke(MetaMethod.java:323)
	at org.codehaus.groovy.runtime.metaclass.ClosureMetaClass.invokeMethod(ClosureMetaClass.java:263)
	at groovy.lang.MetaClassImpl.invokeMethod(MetaClassImpl.java:1041)
	at groovy.lang.Closure.call(Closure.java:405)
	at groovy.lang.Closure.call(Closure.java:421)
	at org.codehaus.groovy.runtime.DefaultGroovyMethods.each(DefaultGroovyMethods.java:2330)
	at org.codehaus.groovy.runtime.DefaultGroovyMethods.each(DefaultGroovyMethods.java:2315)
	at org.codehaus.groovy.runtime.DefaultGroovyMethods.each(DefaultGroovyMethods.java:2356)
	at org.codehaus.groovy.runtime.dgm$186.invoke(Unknown Source)
	at org.codehaus.groovy.runtime.callsite.PojoMetaMethodSite$PojoMetaMethodSiteNoUnwrapNoCoerce.invoke(PojoMetaMethodSite.java:244)
	at org.codehaus.groovy.runtime.callsite.PojoMetaMethodSite.call(PojoMetaMethodSite.java:53)
	at org.codehaus.groovy.runtime.callsite.AbstractCallSite.call(AbstractCallSite.java:127)
	at org.apache.nifi.security.util.crypto.Argon2CipherProviderGroovyTest.testGetCipherShouldRejectInvalidIV(Argon2CipherProviderGroovyTest.groovy:181)
	at sun.reflect.NativeMethodAccessorImpl.invoke0(Native Method)
	at sun.reflect.NativeMethodAccessorImpl.invoke(NativeMethodAccessorImpl.java:62)
	at sun.reflect.DelegatingMethodAccessorImpl.invoke(DelegatingMethodAccessorImpl.java:43)
	at java.lang.reflect.Method.invoke(Method.java:498)
	at junit.framework.TestCase.runTest(TestCase.java:177)
	at junit.framework.TestCase.runBare(TestCase.java:142)
	at junit.framework.TestResult$1.protect(TestResult.java:122)
	at junit.framework.TestResult.runProtected(TestResult.java:142)
	at junit.framework.TestResult.run(TestResult.java:125)
	at junit.framework.TestCase.run(TestCase.java:130)
	at junit.framework.TestSuite.runTest(TestSuite.java:241)
	at junit.framework.TestSuite.run(TestSuite.java:236)
	at org.junit.internal.runners.JUnit38ClassRunner.run(JUnit38ClassRunner.java:90)
	at org.junit.runner.JUnitCore.run(JUnitCore.java:137)
	at org.junit.runner.JUnitCore.run(JUnitCore.java:115)
	at org.junit.vintage.engine.execution.RunnerExecutor.execute(RunnerExecutor.java:43)
	at java.util.stream.ForEachOps$ForEachOp$OfRef.accept(ForEachOps.java:183)
	at java.util.stream.ReferencePipeline$3$1.accept(ReferencePipeline.java:193)
	at java.util.Iterator.forEachRemaining(Iterator.java:116)
	at java.util.Spliterators$IteratorSpliterator.forEachRemaining(Spliterators.java:1801)
	at java.util.stream.AbstractPipeline.copyInto(AbstractPipeline.java:482)
	at java.util.stream.AbstractPipeline.wrapAndCopyInto(AbstractPipeline.java:472)
	at java.util.stream.ForEachOps$ForEachOp.evaluateSequential(ForEachOps.java:150)
	at java.util.stream.ForEachOps$ForEachOp$OfRef.evaluateSequential(ForEachOps.java:173)
	at java.util.stream.AbstractPipeline.evaluate(AbstractPipeline.java:234)
	at java.util.stream.ReferencePipeline.forEach(ReferencePipeline.java:485)
	at org.junit.vintage.engine.VintageTestEngine.executeAllChildren(VintageTestEngine.java:82)
	at org.junit.vintage.engine.VintageTestEngine.execute(VintageTestEngine.java:73)
	at org.junit.platform.launcher.core.EngineExecutionOrchestrator.execute(EngineExecutionOrchestrator.java:108)
	at org.junit.platform.launcher.core.EngineExecutionOrchestrator.execute(EngineExecutionOrchestrator.java:88)
	at org.junit.platform.launcher.core.EngineExecutionOrchestrator.lambda$execute$0(EngineExecutionOrchestrator.java:54)
	at org.junit.platform.launcher.core.EngineExecutionOrchestrator.withInterceptedStreams(EngineExecutionOrchestrator.java:67)
	at org.junit.platform.launcher.core.EngineExecutionOrchestrator.execute(EngineExecutionOrchestrator.java:52)
	at org.junit.platform.launcher.core.DefaultLauncher.execute(DefaultLauncher.java:96)
	at org.junit.platform.launcher.core.DefaultLauncher.execute(DefaultLauncher.java:75)
	at org.apache.maven.surefire.junitplatform.JUnitPlatformProvider.execute(JUnitPlatformProvider.java:188)
	at org.apache.maven.surefire.junitplatform.JUnitPlatformProvider.invokeAllTests(JUnitPlatformProvider.java:154)
	at org.apache.maven.surefire.junitplatform.JUnitPlatformProvider.invoke(JUnitPlatformProvider.java:128)
	at org.apache.maven.surefire.booter.ForkedBooter.runSuitesInProcess(ForkedBooter.java:428)
	at org.apache.maven.surefire.booter.ForkedBooter.execute(ForkedBooter.java:162)
	at org.apache.maven.surefire.booter.ForkedBooter.run(ForkedBooter.java:562)
	at org.apache.maven.surefire.booter.ForkedBooter.main(ForkedBooter.java:548)
[main] INFO org.apache.nifi.security.util.crypto.Argon2CipherProviderGroovyTest - IV: 000000000000000000000000000000 15
[main] WARN org.apache.nifi.security.util.crypto.Argon2SecureHasher - The provided memory size 1024 KiB is below the recommended minimum 65536 KiB.
[main] WARN org.apache.nifi.security.util.crypto.Argon2SecureHasher - The provided parallelization factor 1 is below the recommended minimum 8.
[main] WARN org.apache.nifi.security.util.crypto.Argon2SecureHasher - The provided iteration count 3 is below the recommended minimum 5.
[main] WARN org.apache.nifi.security.util.crypto.AESKeyedCipherProvider - An IV was provided of length 15 bytes for encryption but should be 16 bytes
[main] WARN org.apache.nifi.security.util.crypto.AESKeyedCipherProvider - Generating new IV. The value can be obtained in the calling code by invoking 'cipher.getIV()';
[main] WARN org.apache.nifi.security.util.crypto.Argon2SecureHasher - The provided memory size 1024 KiB is below the recommended minimum 65536 KiB.
[main] WARN org.apache.nifi.security.util.crypto.Argon2SecureHasher - The provided parallelization factor 1 is below the recommended minimum 8.
[main] WARN org.apache.nifi.security.util.crypto.Argon2SecureHasher - The provided iteration count 3 is below the recommended minimum 5.
[main] WARN org.apache.nifi.security.util.crypto.AESKeyedCipherProvider - An IV was provided of length 15 bytes for decryption but should be 16 bytes
[main] ERROR org.apache.nifi.security.util.crypto.Argon2CipherProvider - Encountered an error generating the Argon2 hash
java.lang.IllegalArgumentException: Cannot decrypt without a valid IV
	at org.apache.nifi.security.util.crypto.AESKeyedCipherProvider.getInitializedCipher(AESKeyedCipherProvider.java:128)
	at org.apache.nifi.security.util.crypto.AESKeyedCipherProvider.getCipher(AESKeyedCipherProvider.java:60)
	at org.apache.nifi.security.util.crypto.Argon2CipherProvider.getInitializedCipher(Argon2CipherProvider.java:177)
	at org.apache.nifi.security.util.crypto.Argon2CipherProvider.getCipher(Argon2CipherProvider.java:103)
	at org.apache.nifi.security.util.crypto.Argon2CipherProvider$getCipher$0.call(Unknown Source)
	at org.apache.nifi.security.util.crypto.Argon2CipherProviderGroovyTest$_testGetCipherShouldRejectInvalidIV_closure5$_closure13.doCall(Argon2CipherProviderGroovyTest.groovy:189)
	at org.apache.nifi.security.util.crypto.Argon2CipherProviderGroovyTest$_testGetCipherShouldRejectInvalidIV_closure5$_closure13.doCall(Argon2CipherProviderGroovyTest.groovy)
	at sun.reflect.GeneratedMethodAccessor77.invoke(Unknown Source)
	at sun.reflect.DelegatingMethodAccessorImpl.invoke(DelegatingMethodAccessorImpl.java:43)
	at java.lang.reflect.Method.invoke(Method.java:498)
	at org.codehaus.groovy.reflection.CachedMethod.invoke(CachedMethod.java:101)
	at groovy.lang.MetaMethod.doMethodInvoke(MetaMethod.java:323)
	at org.codehaus.groovy.runtime.metaclass.ClosureMetaClass.invokeMethod(ClosureMetaClass.java:263)
	at groovy.lang.MetaClassImpl.invokeMethod(MetaClassImpl.java:1041)
	at groovy.lang.Closure.call(Closure.java:405)
	at groovy.lang.Closure.call(Closure.java:399)
	at groovy.test.GroovyAssert.shouldFail(GroovyAssert.java:118)
	at groovy.test.GroovyAssert$shouldFail.callStatic(Unknown Source)
	at org.apache.nifi.security.util.crypto.Argon2CipherProviderGroovyTest$_testGetCipherShouldRejectInvalidIV_closure5.doCall(Argon2CipherProviderGroovyTest.groovy:188)
	at sun.reflect.GeneratedMethodAccessor76.invoke(Unknown Source)
	at sun.reflect.DelegatingMethodAccessorImpl.invoke(DelegatingMethodAccessorImpl.java:43)
	at java.lang.reflect.Method.invoke(Method.java:498)
	at org.codehaus.groovy.reflection.CachedMethod.invoke(CachedMethod.java:101)
	at groovy.lang.MetaMethod.doMethodInvoke(MetaMethod.java:323)
	at org.codehaus.groovy.runtime.metaclass.ClosureMetaClass.invokeMethod(ClosureMetaClass.java:263)
	at groovy.lang.MetaClassImpl.invokeMethod(MetaClassImpl.java:1041)
	at groovy.lang.Closure.call(Closure.java:405)
	at groovy.lang.Closure.call(Closure.java:421)
	at org.codehaus.groovy.runtime.DefaultGroovyMethods.each(DefaultGroovyMethods.java:2330)
	at org.codehaus.groovy.runtime.DefaultGroovyMethods.each(DefaultGroovyMethods.java:2315)
	at org.codehaus.groovy.runtime.DefaultGroovyMethods.each(DefaultGroovyMethods.java:2356)
	at org.codehaus.groovy.runtime.dgm$186.invoke(Unknown Source)
	at org.codehaus.groovy.runtime.callsite.PojoMetaMethodSite$PojoMetaMethodSiteNoUnwrapNoCoerce.invoke(PojoMetaMethodSite.java:244)
	at org.codehaus.groovy.runtime.callsite.PojoMetaMethodSite.call(PojoMetaMethodSite.java:53)
	at org.codehaus.groovy.runtime.callsite.AbstractCallSite.call(AbstractCallSite.java:127)
	at org.apache.nifi.security.util.crypto.Argon2CipherProviderGroovyTest.testGetCipherShouldRejectInvalidIV(Argon2CipherProviderGroovyTest.groovy:181)
	at sun.reflect.NativeMethodAccessorImpl.invoke0(Native Method)
	at sun.reflect.NativeMethodAccessorImpl.invoke(NativeMethodAccessorImpl.java:62)
	at sun.reflect.DelegatingMethodAccessorImpl.invoke(DelegatingMethodAccessorImpl.java:43)
	at java.lang.reflect.Method.invoke(Method.java:498)
	at junit.framework.TestCase.runTest(TestCase.java:177)
	at junit.framework.TestCase.runBare(TestCase.java:142)
	at junit.framework.TestResult$1.protect(TestResult.java:122)
	at junit.framework.TestResult.runProtected(TestResult.java:142)
	at junit.framework.TestResult.run(TestResult.java:125)
	at junit.framework.TestCase.run(TestCase.java:130)
	at junit.framework.TestSuite.runTest(TestSuite.java:241)
	at junit.framework.TestSuite.run(TestSuite.java:236)
	at org.junit.internal.runners.JUnit38ClassRunner.run(JUnit38ClassRunner.java:90)
	at org.junit.runner.JUnitCore.run(JUnitCore.java:137)
	at org.junit.runner.JUnitCore.run(JUnitCore.java:115)
	at org.junit.vintage.engine.execution.RunnerExecutor.execute(RunnerExecutor.java:43)
	at java.util.stream.ForEachOps$ForEachOp$OfRef.accept(ForEachOps.java:183)
	at java.util.stream.ReferencePipeline$3$1.accept(ReferencePipeline.java:193)
	at java.util.Iterator.forEachRemaining(Iterator.java:116)
	at java.util.Spliterators$IteratorSpliterator.forEachRemaining(Spliterators.java:1801)
	at java.util.stream.AbstractPipeline.copyInto(AbstractPipeline.java:482)
	at java.util.stream.AbstractPipeline.wrapAndCopyInto(AbstractPipeline.java:472)
	at java.util.stream.ForEachOps$ForEachOp.evaluateSequential(ForEachOps.java:150)
	at java.util.stream.ForEachOps$ForEachOp$OfRef.evaluateSequential(ForEachOps.java:173)
	at java.util.stream.AbstractPipeline.evaluate(AbstractPipeline.java:234)
	at java.util.stream.ReferencePipeline.forEach(ReferencePipeline.java:485)
	at org.junit.vintage.engine.VintageTestEngine.executeAllChildren(VintageTestEngine.java:82)
	at org.junit.vintage.engine.VintageTestEngine.execute(VintageTestEngine.java:73)
	at org.junit.platform.launcher.core.EngineExecutionOrchestrator.execute(EngineExecutionOrchestrator.java:108)
	at org.junit.platform.launcher.core.EngineExecutionOrchestrator.execute(EngineExecutionOrchestrator.java:88)
	at org.junit.platform.launcher.core.EngineExecutionOrchestrator.lambda$execute$0(EngineExecutionOrchestrator.java:54)
	at org.junit.platform.launcher.core.EngineExecutionOrchestrator.withInterceptedStreams(EngineExecutionOrchestrator.java:67)
	at org.junit.platform.launcher.core.EngineExecutionOrchestrator.execute(EngineExecutionOrchestrator.java:52)
	at org.junit.platform.launcher.core.DefaultLauncher.execute(DefaultLauncher.java:96)
	at org.junit.platform.launcher.core.DefaultLauncher.execute(DefaultLauncher.java:75)
	at org.apache.maven.surefire.junitplatform.JUnitPlatformProvider.execute(JUnitPlatformProvider.java:188)
	at org.apache.maven.surefire.junitplatform.JUnitPlatformProvider.invokeAllTests(JUnitPlatformProvider.java:154)
	at org.apache.maven.surefire.junitplatform.JUnitPlatformProvider.invoke(JUnitPlatformProvider.java:128)
	at org.apache.maven.surefire.booter.ForkedBooter.runSuitesInProcess(ForkedBooter.java:428)
	at org.apache.maven.surefire.booter.ForkedBooter.execute(ForkedBooter.java:162)
	at org.apache.maven.surefire.booter.ForkedBooter.run(ForkedBooter.java:562)
	at org.apache.maven.surefire.booter.ForkedBooter.main(ForkedBooter.java:548)
]]></system-err>
  </testcase>
  <testcase name="testGetCipherShouldRejectEmptySalt" classname="org.apache.nifi.security.util.crypto.Argon2CipherProviderGroovyTest" time="0.001">
    <system-err><![CDATA[[main] WARN org.apache.nifi.security.util.crypto.Argon2CipherProvider - The provided memory size 1024 KiB is below the recommended minimum 65536 KiB
[main] WARN org.apache.nifi.security.util.crypto.Argon2CipherProvider - The provided parallelization factor 1 is below the recommended minimum 8
[main] WARN org.apache.nifi.security.util.crypto.Argon2CipherProvider - The provided iterations count 3 is below the recommended minimum 5
[main] INFO org.apache.nifi.security.util.crypto.Argon2CipherProviderGroovyTest - Using algorithm: AES/CBC/PKCS7Padding
[main] INFO org.apache.nifi.security.util.crypto.Argon2CipherProviderGroovyTest - [EXPECTED] java.lang.IllegalArgumentException: The salt cannot be empty. To generate a salt, use Argon2CipherProvider#generateSalt()
]]></system-err>
  </testcase>
  <testcase name="testGetCipherShouldRejectEmptySalt" classname="org.apache.nifi.security.util.crypto.Argon2CipherProviderGroovyTest" time="0">
    <system-err><![CDATA[[main] WARN org.apache.nifi.security.util.crypto.Argon2CipherProvider - The provided memory size 1024 KiB is below the recommended minimum 65536 KiB
[main] WARN org.apache.nifi.security.util.crypto.Argon2CipherProvider - The provided parallelization factor 1 is below the recommended minimum 8
[main] WARN org.apache.nifi.security.util.crypto.Argon2CipherProvider - The provided iterations count 3 is below the recommended minimum 5
[main] INFO org.apache.nifi.security.util.crypto.Argon2CipherProviderGroovyTest - Using algorithm: AES/CBC/PKCS7Padding
[main] INFO org.apache.nifi.security.util.crypto.Argon2CipherProviderGroovyTest - [EXPECTED] java.lang.IllegalArgumentException: The salt cannot be empty. To generate a salt, use Argon2CipherProvider#generateSalt()
]]></system-err>
  </testcase>
  <testcase name="testGenerateSaltShouldProvideValidSalt" classname="org.apache.nifi.security.util.crypto.Argon2CipherProviderGroovyTest" time="0.002">
    <system-err><![CDATA[[main] WARN org.apache.nifi.security.util.crypto.Argon2CipherProvider - The provided memory size 1024 KiB is below the recommended minimum 65536 KiB
[main] WARN org.apache.nifi.security.util.crypto.Argon2CipherProvider - The provided parallelization factor 1 is below the recommended minimum 8
[main] WARN org.apache.nifi.security.util.crypto.Argon2CipherProvider - The provided iterations count 3 is below the recommended minimum 5
[main] INFO org.apache.nifi.security.util.crypto.Argon2CipherProviderGroovyTest - Generated salt 246172676f6e32696424763d3139246d3d36353533362c743d352c703d382469566f676e454a3268567844495543365671582f5151
[main] INFO org.apache.nifi.security.util.crypto.Argon2CipherProviderGroovyTest - Generated salt (53): $argon2id$v=19$m=65536,t=5,p=8$iVognEJ2hVxDIUC6VqX/QQ
[main] INFO org.apache.nifi.security.util.crypto.Argon2CipherProviderGroovyTest - Extracted B64 raw salt (22): iVognEJ2hVxDIUC6VqX/QQ
[main] INFO org.apache.nifi.security.util.crypto.Argon2CipherProviderGroovyTest - Salt is Argon2 format: true
[main] INFO org.apache.nifi.security.util.crypto.Argon2CipherProviderGroovyTest - Salt length (53) in valid range ([49, 50, 51, 52, 53])
]]></system-err>
  </testcase>
  <testcase name="testGenerateSaltShouldProvideValidSalt" classname="org.apache.nifi.security.util.crypto.Argon2CipherProviderGroovyTest" time="0.001">
    <system-err><![CDATA[[main] WARN org.apache.nifi.security.util.crypto.Argon2CipherProvider - The provided memory size 1024 KiB is below the recommended minimum 65536 KiB
[main] WARN org.apache.nifi.security.util.crypto.Argon2CipherProvider - The provided parallelization factor 1 is below the recommended minimum 8
[main] WARN org.apache.nifi.security.util.crypto.Argon2CipherProvider - The provided iterations count 3 is below the recommended minimum 5
[main] INFO org.apache.nifi.security.util.crypto.Argon2CipherProviderGroovyTest - Generated salt 246172676f6e32696424763d3139246d3d36353533362c743d352c703d38244e5238476764543578577530796d4a315a5049686267
[main] INFO org.apache.nifi.security.util.crypto.Argon2CipherProviderGroovyTest - Generated salt (53): $argon2id$v=19$m=65536,t=5,p=8$NR8GgdT5xWu0ymJ1ZPIhbg
[main] INFO org.apache.nifi.security.util.crypto.Argon2CipherProviderGroovyTest - Extracted B64 raw salt (22): NR8GgdT5xWu0ymJ1ZPIhbg
[main] INFO org.apache.nifi.security.util.crypto.Argon2CipherProviderGroovyTest - Salt is Argon2 format: true
[main] INFO org.apache.nifi.security.util.crypto.Argon2CipherProviderGroovyTest - Salt length (53) in valid range ([49, 50, 51, 52, 53])
]]></system-err>
  </testcase>
  <testcase name="testGetCipherWithExternalIVShouldBeInternallyConsistent" classname="org.apache.nifi.security.util.crypto.Argon2CipherProviderGroovyTest" time="0.02">
    <system-err><![CDATA[[main] WARN org.apache.nifi.security.util.crypto.Argon2CipherProvider - The provided memory size 1024 KiB is below the recommended minimum 65536 KiB
[main] WARN org.apache.nifi.security.util.crypto.Argon2CipherProvider - The provided parallelization factor 1 is below the recommended minimum 8
[main] WARN org.apache.nifi.security.util.crypto.Argon2CipherProvider - The provided iterations count 3 is below the recommended minimum 5
[main] INFO org.apache.nifi.security.util.crypto.Argon2CipherProviderGroovyTest - Using algorithm: AES/CBC/NoPadding
[main] WARN org.apache.nifi.security.util.crypto.Argon2SecureHasher - The provided memory size 1024 KiB is below the recommended minimum 65536 KiB.
[main] WARN org.apache.nifi.security.util.crypto.Argon2SecureHasher - The provided parallelization factor 1 is below the recommended minimum 8.
[main] WARN org.apache.nifi.security.util.crypto.Argon2SecureHasher - The provided iteration count 3 is below the recommended minimum 5.
[main] INFO org.apache.nifi.security.util.crypto.Argon2CipherProviderGroovyTest - IV: 01010101010101010101010101010101
[main] INFO org.apache.nifi.security.util.crypto.Argon2CipherProviderGroovyTest - Cipher text: 688f2c2111ea1d62f83499f42e0aff78073b28eae7c78e272242b4b37c96d1cc 32
[main] WARN org.apache.nifi.security.util.crypto.Argon2SecureHasher - The provided memory size 1024 KiB is below the recommended minimum 65536 KiB.
[main] WARN org.apache.nifi.security.util.crypto.Argon2SecureHasher - The provided parallelization factor 1 is below the recommended minimum 8.
[main] WARN org.apache.nifi.security.util.crypto.Argon2SecureHasher - The provided iteration count 3 is below the recommended minimum 5.
[main] INFO org.apache.nifi.security.util.crypto.Argon2CipherProviderGroovyTest - Recovered: ExactBlockSizeRequiredForProcess
[main] INFO org.apache.nifi.security.util.crypto.Argon2CipherProviderGroovyTest - Using algorithm: AES/CBC/PKCS7Padding
[main] WARN org.apache.nifi.security.util.crypto.Argon2SecureHasher - The provided memory size 1024 KiB is below the recommended minimum 65536 KiB.
[main] WARN org.apache.nifi.security.util.crypto.Argon2SecureHasher - The provided parallelization factor 1 is below the recommended minimum 8.
[main] WARN org.apache.nifi.security.util.crypto.Argon2SecureHasher - The provided iteration count 3 is below the recommended minimum 5.
[main] INFO org.apache.nifi.security.util.crypto.Argon2CipherProviderGroovyTest - IV: 01010101010101010101010101010101
[main] INFO org.apache.nifi.security.util.crypto.Argon2CipherProviderGroovyTest - Cipher text: 688f2c2111ea1d62f83499f42e0aff78073b28eae7c78e272242b4b37c96d1cca09e7f73bfb9d994bd7a0d2337e8cd53 48
[main] WARN org.apache.nifi.security.util.crypto.Argon2SecureHasher - The provided memory size 1024 KiB is below the recommended minimum 65536 KiB.
[main] WARN org.apache.nifi.security.util.crypto.Argon2SecureHasher - The provided parallelization factor 1 is below the recommended minimum 8.
[main] WARN org.apache.nifi.security.util.crypto.Argon2SecureHasher - The provided iteration count 3 is below the recommended minimum 5.
[main] INFO org.apache.nifi.security.util.crypto.Argon2CipherProviderGroovyTest - Recovered: ExactBlockSizeRequiredForProcess
[main] INFO org.apache.nifi.security.util.crypto.Argon2CipherProviderGroovyTest - Using algorithm: AES/CTR/NoPadding
[main] WARN org.apache.nifi.security.util.crypto.Argon2SecureHasher - The provided memory size 1024 KiB is below the recommended minimum 65536 KiB.
[main] WARN org.apache.nifi.security.util.crypto.Argon2SecureHasher - The provided parallelization factor 1 is below the recommended minimum 8.
[main] WARN org.apache.nifi.security.util.crypto.Argon2SecureHasher - The provided iteration count 3 is below the recommended minimum 5.
[main] INFO org.apache.nifi.security.util.crypto.Argon2CipherProviderGroovyTest - IV: 01010101010101010101010101010101
[main] INFO org.apache.nifi.security.util.crypto.Argon2CipherProviderGroovyTest - Cipher text: 42888b496a5cfc784c5f5a04e6092ffe67a49cb005d649da49b7d1bb8578a744 32
[main] WARN org.apache.nifi.security.util.crypto.Argon2SecureHasher - The provided memory size 1024 KiB is below the recommended minimum 65536 KiB.
[main] WARN org.apache.nifi.security.util.crypto.Argon2SecureHasher - The provided parallelization factor 1 is below the recommended minimum 8.
[main] WARN org.apache.nifi.security.util.crypto.Argon2SecureHasher - The provided iteration count 3 is below the recommended minimum 5.
[main] INFO org.apache.nifi.security.util.crypto.Argon2CipherProviderGroovyTest - Recovered: ExactBlockSizeRequiredForProcess
[main] INFO org.apache.nifi.security.util.crypto.Argon2CipherProviderGroovyTest - Using algorithm: AES/GCM/NoPadding
[main] WARN org.apache.nifi.security.util.crypto.Argon2SecureHasher - The provided memory size 1024 KiB is below the recommended minimum 65536 KiB.
[main] WARN org.apache.nifi.security.util.crypto.Argon2SecureHasher - The provided parallelization factor 1 is below the recommended minimum 8.
[main] WARN org.apache.nifi.security.util.crypto.Argon2SecureHasher - The provided iteration count 3 is below the recommended minimum 5.
[main] INFO org.apache.nifi.security.util.crypto.Argon2CipherProviderGroovyTest - IV: 01010101010101010101010101010101
[main] INFO org.apache.nifi.security.util.crypto.Argon2CipherProviderGroovyTest - Cipher text: a8800e5ce953267fab907eaacaee03e25ad77c793d3426eda19b36e90cbfc37f014a7b6013bcc550cece22310333a7a3 48
[main] WARN org.apache.nifi.security.util.crypto.Argon2SecureHasher - The provided memory size 1024 KiB is below the recommended minimum 65536 KiB.
[main] WARN org.apache.nifi.security.util.crypto.Argon2SecureHasher - The provided parallelization factor 1 is below the recommended minimum 8.
[main] WARN org.apache.nifi.security.util.crypto.Argon2SecureHasher - The provided iteration count 3 is below the recommended minimum 5.
[main] INFO org.apache.nifi.security.util.crypto.Argon2CipherProviderGroovyTest - Recovered: ExactBlockSizeRequiredForProcess
]]></system-err>
  </testcase>
  <testcase name="testGetCipherWithExternalIVShouldBeInternallyConsistent" classname="org.apache.nifi.security.util.crypto.Argon2CipherProviderGroovyTest" time="0.021">
    <system-err><![CDATA[[main] WARN org.apache.nifi.security.util.crypto.Argon2CipherProvider - The provided memory size 1024 KiB is below the recommended minimum 65536 KiB
[main] WARN org.apache.nifi.security.util.crypto.Argon2CipherProvider - The provided parallelization factor 1 is below the recommended minimum 8
[main] WARN org.apache.nifi.security.util.crypto.Argon2CipherProvider - The provided iterations count 3 is below the recommended minimum 5
[main] INFO org.apache.nifi.security.util.crypto.Argon2CipherProviderGroovyTest - Using algorithm: AES/CBC/NoPadding
[main] WARN org.apache.nifi.security.util.crypto.Argon2SecureHasher - The provided memory size 1024 KiB is below the recommended minimum 65536 KiB.
[main] WARN org.apache.nifi.security.util.crypto.Argon2SecureHasher - The provided parallelization factor 1 is below the recommended minimum 8.
[main] WARN org.apache.nifi.security.util.crypto.Argon2SecureHasher - The provided iteration count 3 is below the recommended minimum 5.
[main] INFO org.apache.nifi.security.util.crypto.Argon2CipherProviderGroovyTest - IV: 01010101010101010101010101010101
[main] INFO org.apache.nifi.security.util.crypto.Argon2CipherProviderGroovyTest - Cipher text: 10b2a86391298f2b5dc647a0ba2ea5c7d56b4c48e3a9b6a2593ae4253fb6892f 32
[main] WARN org.apache.nifi.security.util.crypto.Argon2SecureHasher - The provided memory size 1024 KiB is below the recommended minimum 65536 KiB.
[main] WARN org.apache.nifi.security.util.crypto.Argon2SecureHasher - The provided parallelization factor 1 is below the recommended minimum 8.
[main] WARN org.apache.nifi.security.util.crypto.Argon2SecureHasher - The provided iteration count 3 is below the recommended minimum 5.
[main] INFO org.apache.nifi.security.util.crypto.Argon2CipherProviderGroovyTest - Recovered: ExactBlockSizeRequiredForProcess
[main] INFO org.apache.nifi.security.util.crypto.Argon2CipherProviderGroovyTest - Using algorithm: AES/CBC/PKCS7Padding
[main] WARN org.apache.nifi.security.util.crypto.Argon2SecureHasher - The provided memory size 1024 KiB is below the recommended minimum 65536 KiB.
[main] WARN org.apache.nifi.security.util.crypto.Argon2SecureHasher - The provided parallelization factor 1 is below the recommended minimum 8.
[main] WARN org.apache.nifi.security.util.crypto.Argon2SecureHasher - The provided iteration count 3 is below the recommended minimum 5.
[main] INFO org.apache.nifi.security.util.crypto.Argon2CipherProviderGroovyTest - IV: 01010101010101010101010101010101
[main] INFO org.apache.nifi.security.util.crypto.Argon2CipherProviderGroovyTest - Cipher text: 10b2a86391298f2b5dc647a0ba2ea5c7d56b4c48e3a9b6a2593ae4253fb6892f7cbc2c57e66906109e7082352812a24c 48
[main] WARN org.apache.nifi.security.util.crypto.Argon2SecureHasher - The provided memory size 1024 KiB is below the recommended minimum 65536 KiB.
[main] WARN org.apache.nifi.security.util.crypto.Argon2SecureHasher - The provided parallelization factor 1 is below the recommended minimum 8.
[main] WARN org.apache.nifi.security.util.crypto.Argon2SecureHasher - The provided iteration count 3 is below the recommended minimum 5.
[main] INFO org.apache.nifi.security.util.crypto.Argon2CipherProviderGroovyTest - Recovered: ExactBlockSizeRequiredForProcess
[main] INFO org.apache.nifi.security.util.crypto.Argon2CipherProviderGroovyTest - Using algorithm: AES/CTR/NoPadding
[main] WARN org.apache.nifi.security.util.crypto.Argon2SecureHasher - The provided memory size 1024 KiB is below the recommended minimum 65536 KiB.
[main] WARN org.apache.nifi.security.util.crypto.Argon2SecureHasher - The provided parallelization factor 1 is below the recommended minimum 8.
[main] WARN org.apache.nifi.security.util.crypto.Argon2SecureHasher - The provided iteration count 3 is below the recommended minimum 5.
[main] INFO org.apache.nifi.security.util.crypto.Argon2CipherProviderGroovyTest - IV: 01010101010101010101010101010101
[main] INFO org.apache.nifi.security.util.crypto.Argon2CipherProviderGroovyTest - Cipher text: 2663dcc42e21485955f95acdaf6a7a5e4e7f66d30c1548dc4e7ae24fb0c062e6 32
[main] WARN org.apache.nifi.security.util.crypto.Argon2SecureHasher - The provided memory size 1024 KiB is below the recommended minimum 65536 KiB.
[main] WARN org.apache.nifi.security.util.crypto.Argon2SecureHasher - The provided parallelization factor 1 is below the recommended minimum 8.
[main] WARN org.apache.nifi.security.util.crypto.Argon2SecureHasher - The provided iteration count 3 is below the recommended minimum 5.
[main] INFO org.apache.nifi.security.util.crypto.Argon2CipherProviderGroovyTest - Recovered: ExactBlockSizeRequiredForProcess
[main] INFO org.apache.nifi.security.util.crypto.Argon2CipherProviderGroovyTest - Using algorithm: AES/GCM/NoPadding
[main] WARN org.apache.nifi.security.util.crypto.Argon2SecureHasher - The provided memory size 1024 KiB is below the recommended minimum 65536 KiB.
[main] WARN org.apache.nifi.security.util.crypto.Argon2SecureHasher - The provided parallelization factor 1 is below the recommended minimum 8.
[main] WARN org.apache.nifi.security.util.crypto.Argon2SecureHasher - The provided iteration count 3 is below the recommended minimum 5.
[main] INFO org.apache.nifi.security.util.crypto.Argon2CipherProviderGroovyTest - IV: 01010101010101010101010101010101
[main] INFO org.apache.nifi.security.util.crypto.Argon2CipherProviderGroovyTest - Cipher text: 1b308b12e4751eb52d417aa88044a7d818bf74c340a74fb5f15bfb5c6eefcd3eb7285ad67041849242cecc293f754101 48
[main] WARN org.apache.nifi.security.util.crypto.Argon2SecureHasher - The provided memory size 1024 KiB is below the recommended minimum 65536 KiB.
[main] WARN org.apache.nifi.security.util.crypto.Argon2SecureHasher - The provided parallelization factor 1 is below the recommended minimum 8.
[main] WARN org.apache.nifi.security.util.crypto.Argon2SecureHasher - The provided iteration count 3 is below the recommended minimum 5.
[main] INFO org.apache.nifi.security.util.crypto.Argon2CipherProviderGroovyTest - Recovered: ExactBlockSizeRequiredForProcess
]]></system-err>
  </testcase>
  <testcase name="testShouldParseSalt" classname="org.apache.nifi.security.util.crypto.Argon2CipherProviderGroovyTest" time="0.001">
    <system-err><![CDATA[[main] WARN org.apache.nifi.security.util.crypto.Argon2CipherProvider - The provided memory size 1024 KiB is below the recommended minimum 65536 KiB
[main] WARN org.apache.nifi.security.util.crypto.Argon2CipherProvider - The provided parallelization factor 1 is below the recommended minimum 8
[main] WARN org.apache.nifi.security.util.crypto.Argon2CipherProvider - The provided iterations count 3 is below the recommended minimum 5
[main] INFO org.apache.nifi.security.util.crypto.Argon2CipherProviderGroovyTest - Using salt: $argon2id$v=19$m=1024,t=4,p=1$hiKyaQbZyQBmCmD1zGcyMw
]]></system-err>
  </testcase>
  <testcase name="testShouldParseSalt" classname="org.apache.nifi.security.util.crypto.Argon2CipherProviderGroovyTest" time="0">
    <system-err><![CDATA[[main] WARN org.apache.nifi.security.util.crypto.Argon2CipherProvider - The provided memory size 1024 KiB is below the recommended minimum 65536 KiB
[main] WARN org.apache.nifi.security.util.crypto.Argon2CipherProvider - The provided parallelization factor 1 is below the recommended minimum 8
[main] WARN org.apache.nifi.security.util.crypto.Argon2CipherProvider - The provided iterations count 3 is below the recommended minimum 5
[main] INFO org.apache.nifi.security.util.crypto.Argon2CipherProviderGroovyTest - Using salt: $argon2id$v=19$m=1024,t=4,p=1$hiKyaQbZyQBmCmD1zGcyMw
]]></system-err>
  </testcase>
</testsuite>