<?xml version="1.0" encoding="UTF-8"?>
<testsuite xmlns:xsi="http://www.w3.org/2001/XMLSchema-instance" xsi:noNamespaceSchemaLocation="https://maven.apache.org/surefire/maven-surefire-plugin/xsd/surefire-test-report-3.0.xsd" version="3.0" name="org.apache.nifi.processors.druid.PutDruidRecordTest" time="1.639" tests="2" errors="0" skipped="0" failures="0">
  <properties>
    <property name="sun.desktop" value="gnome"/>
    <property name="awt.toolkit" value="sun.awt.X11.XToolkit"/>
    <property name="file.encoding.pkg" value="sun.io"/>
    <property name="java.specification.version" value="1.8"/>
    <property name="sun.cpu.isalist" value=""/>
    <property name="sun.jnu.encoding" value="UTF-8"/>
    <property name="java.class.path" value="/home/alex/Repositories/nifi/nifi-nar-bundles/nifi-druid-bundle/nifi-druid-processors/target/test-classes:/home/alex/Repositories/nifi/nifi-nar-bundles/nifi-druid-bundle/nifi-druid-processors/target/classes:/home/alex/Repositories/nifi/nifi-api/target/classes:/home/alex/Repositories/nifi/nifi-commons/nifi-utils/target/classes:/home/alex/Repositories/nifi/nifi-commons/nifi-record/target/classes:/home/alex/Repositories/nifi/nifi-nar-bundles/nifi-standard-services/nifi-record-serialization-service-api/target/classes:/home/alex/Repositories/nifi/nifi-nar-bundles/nifi-druid-bundle/nifi-druid-controller-service-api/target/classes:/home/alex/.m2/repository/commons-collections/commons-collections/3.2.2/commons-collections-3.2.2.jar:/home/alex/.m2/repository/io/druid/druid-server/0.9.1/druid-server-0.9.1.jar:/home/alex/.m2/repository/io/druid/druid-processing/0.9.1/druid-processing-0.9.1.jar:/home/alex/.m2/repository/io/druid/druid-common/0.9.1/druid-common-0.9.1.jar:/home/alex/.m2/repository/io/druid/druid-api/0.9.1/druid-api-0.9.1.jar:/home/alex/.m2/repository/org/apache/commons/commons-dbcp2/2.0.1/commons-dbcp2-2.0.1.jar:/home/alex/.m2/repository/org/apache/commons/commons-pool2/2.2/commons-pool2-2.2.jar:/home/alex/.m2/repository/commons-pool/commons-pool/1.6/commons-pool-1.6.jar:/home/alex/.m2/repository/org/hibernate/hibernate-validator/5.1.3.Final/hibernate-validator-5.1.3.Final.jar:/home/alex/.m2/repository/org/jboss/logging/jboss-logging/3.1.3.GA/jboss-logging-3.1.3.GA.jar:/home/alex/.m2/repository/com/fasterxml/classmate/1.0.0/classmate-1.0.0.jar:/home/alex/.m2/repository/javax/el/javax.el-api/3.0.0/javax.el-api-3.0.0.jar:/home/alex/.m2/repository/com/fasterxml/jackson/datatype/jackson-datatype-guava/2.4.6/jackson-datatype-guava-2.4.6.jar:/home/alex/.m2/repository/org/apache/logging/log4j/log4j-api/2.14.1/log4j-api-2.14.1.jar:/home/alex/.m2/repository/org/apache/logging/log4j/log4j-core/2.14.1/log4j-core-2.14.1.jar:/home/alex/.m2/repository/org/apache/logging/log4j/log4j-slf4j-impl/2.14.1/log4j-slf4j-impl-2.14.1.jar:/home/alex/.m2/repository/org/apache/logging/log4j/log4j-jul/2.14.1/log4j-jul-2.14.1.jar:/home/alex/.m2/repository/org/apache/logging/log4j/log4j-1.2-api/2.14.1/log4j-1.2-api-2.14.1.jar:/home/alex/.m2/repository/org/slf4j/jcl-over-slf4j/1.7.32/jcl-over-slf4j-1.7.32.jar:/home/alex/.m2/repository/com/lmax/disruptor/3.3.0/disruptor-3.3.0.jar:/home/alex/.m2/repository/org/antlr/antlr4-runtime/4.5.1/antlr4-runtime-4.5.1.jar:/home/alex/.m2/repository/com/metamx/bytebuffer-collections/0.2.4/bytebuffer-collections-0.2.4.jar:/home/alex/.m2/repository/com/metamx/extendedset/1.3.9/extendedset-1.3.9.jar:/home/alex/.m2/repository/org/roaringbitmap/RoaringBitmap/0.5.16/RoaringBitmap-0.5.16.jar:/home/alex/.m2/repository/com/metamx/emitter/0.3.6/emitter-0.3.6.jar:/home/alex/.m2/repository/com/metamx/server-metrics/0.2.8/server-metrics-0.2.8.jar:/home/alex/.m2/repository/com/ning/compress-lzf/1.0.3/compress-lzf-1.0.3.jar:/home/alex/.m2/repository/org/skife/config/config-magic/0.9/config-magic-0.9.jar:/home/alex/.m2/repository/com/google/protobuf/protobuf-java/2.5.0/protobuf-java-2.5.0.jar:/home/alex/.m2/repository/commons-io/commons-io/2.10.0/commons-io-2.10.0.jar:/home/alex/.m2/repository/com/ibm/icu/icu4j/4.8.1/icu4j-4.8.1.jar:/home/alex/.m2/repository/org/mozilla/rhino/1.7R5/rhino-1.7R5.jar:/home/alex/.m2/repository/net/jpountz/lz4/lz4/1.3.0/lz4-1.3.0.jar:/home/alex/.m2/repository/org/mapdb/mapdb/1.0.8/mapdb-1.0.8.jar:/home/alex/.m2/repository/commons-lang/commons-lang/2.6/commons-lang-2.6.jar:/home/alex/.m2/repository/com/github/stephenc/findbugs/findbugs-annotations/1.3.9-1/findbugs-annotations-1.3.9-1.jar:/home/alex/.m2/repository/io/druid/tranquility-core_2.11/0.8.3/tranquility-core_2.11-0.8.3.jar:/home/alex/.m2/repository/org/scala-lang/scala-library/2.11.8/scala-library-2.11.8.jar:/home/alex/.m2/repository/com/metamx/scala-util_2.11/1.13.6/scala-util_2.11-1.13.6.jar:/home/alex/.m2/repository/com/metamx/http-client/1.1.0/http-client-1.1.0.jar:/home/alex/.m2/repository/joda-time/joda-time/2.9.7/joda-time-2.9.7.jar:/home/alex/.m2/repository/org/joda/joda-convert/1.8.1/joda-convert-1.8.1.jar:/home/alex/.m2/repository/com/google/guava/guava/16.0.1/guava-16.0.1.jar:/home/alex/.m2/repository/org/yaml/snakeyaml/1.29/snakeyaml-1.29.jar:/home/alex/.m2/repository/com/github/nscala-time/nscala-time_2.11/2.16.0/nscala-time_2.11-2.16.0.jar:/home/alex/.m2/repository/org/jdbi/jdbi/2.70/jdbi-2.70.jar:/home/alex/.m2/repository/com/h2database/h2/1.3.158/h2-1.3.158.jar:/home/alex/.m2/repository/c3p0/c3p0/0.9.1.2/c3p0-0.9.1.2.jar:/home/alex/.m2/repository/org/apache/zookeeper/zookeeper/3.4.14/zookeeper-3.4.14.jar:/home/alex/.m2/repository/com/github/spotbugs/spotbugs-annotations/3.1.9/spotbugs-annotations-3.1.9.jar:/home/alex/.m2/repository/jline/jline/0.9.94/jline-0.9.94.jar:/home/alex/.m2/repository/org/apache/yetus/audience-annotations/0.5.0/audience-annotations-0.5.0.jar:/home/alex/.m2/repository/com/metamx/java-util/0.28.2/java-util-0.28.2.jar:/home/alex/.m2/repository/net/sf/opencsv/opencsv/2.3/opencsv-2.3.jar:/home/alex/.m2/repository/com/jayway/jsonpath/json-path/2.1.0/json-path-2.1.0.jar:/home/alex/.m2/repository/io/netty/netty/3.10.6.Final/netty-3.10.6.Final.jar:/home/alex/.m2/repository/org/apache/curator/curator-client/2.12.0/curator-client-2.12.0.jar:/home/alex/.m2/repository/org/apache/curator/curator-framework/2.12.0/curator-framework-2.12.0.jar:/home/alex/.m2/repository/org/apache/curator/curator-recipes/2.12.0/curator-recipes-2.12.0.jar:/home/alex/.m2/repository/org/apache/curator/curator-x-discovery/2.12.0/curator-x-discovery-2.12.0.jar:/home/alex/.m2/repository/com/twitter/util-core_2.11/6.42.0/util-core_2.11-6.42.0.jar:/home/alex/.m2/repository/com/twitter/util-function_2.11/6.42.0/util-function_2.11-6.42.0.jar:/home/alex/.m2/repository/org/scala-lang/scala-reflect/2.11.8/scala-reflect-2.11.8.jar:/home/alex/.m2/repository/org/scala-lang/modules/scala-parser-combinators_2.11/1.0.4/scala-parser-combinators_2.11-1.0.4.jar:/home/alex/.m2/repository/com/twitter/finagle-core_2.11/6.43.0/finagle-core_2.11-6.43.0.jar:/home/alex/.m2/repository/com/twitter/finagle-toggle_2.11/6.43.0/finagle-toggle_2.11-6.43.0.jar:/home/alex/.m2/repository/com/twitter/util-app_2.11/6.42.0/util-app_2.11-6.42.0.jar:/home/alex/.m2/repository/com/twitter/util-cache_2.11/6.42.0/util-cache_2.11-6.42.0.jar:/home/alex/.m2/repository/com/twitter/util-codec_2.11/6.42.0/util-codec_2.11-6.42.0.jar:/home/alex/.m2/repository/com/twitter/util-hashing_2.11/6.42.0/util-hashing_2.11-6.42.0.jar:/home/alex/.m2/repository/com/twitter/util-jvm_2.11/6.42.0/util-jvm_2.11-6.42.0.jar:/home/alex/.m2/repository/com/twitter/util-lint_2.11/6.42.0/util-lint_2.11-6.42.0.jar:/home/alex/.m2/repository/com/twitter/util-logging_2.11/6.42.0/util-logging_2.11-6.42.0.jar:/home/alex/.m2/repository/com/twitter/util-registry_2.11/6.42.0/util-registry_2.11-6.42.0.jar:/home/alex/.m2/repository/com/twitter/util-security_2.11/6.42.0/util-security_2.11-6.42.0.jar:/home/alex/.m2/repository/com/twitter/util-stats_2.11/6.42.0/util-stats_2.11-6.42.0.jar:/home/alex/.m2/repository/com/twitter/util-tunable_2.11/6.42.0/util-tunable_2.11-6.42.0.jar:/home/alex/.m2/repository/com/github/ben-manes/caffeine/caffeine/2.3.4/caffeine-2.3.4.jar:/home/alex/.m2/repository/com/twitter/finagle-http_2.11/6.43.0/finagle-http_2.11-6.43.0.jar:/home/alex/.m2/repository/com/twitter/finagle-base-http_2.11/6.43.0/finagle-base-http_2.11-6.43.0.jar:/home/alex/.m2/repository/com/twitter/finagle-netty4-http_2.11/6.43.0/finagle-netty4-http_2.11-6.43.0.jar:/home/alex/.m2/repository/com/twitter/finagle-netty4_2.11/6.43.0/finagle-netty4_2.11-6.43.0.jar:/home/alex/.m2/repository/io/netty/netty-codec-http/4.1.8.Final/netty-codec-http-4.1.8.Final.jar:/home/alex/.m2/repository/io/netty/netty-codec/4.1.8.Final/netty-codec-4.1.8.Final.jar:/home/alex/.m2/repository/com/twitter/finagle-http2_2.11/6.43.0/finagle-http2_2.11-6.43.0.jar:/home/alex/.m2/repository/io/netty/netty-codec-http2/4.1.8.Final/netty-codec-http2-4.1.8.Final.jar:/home/alex/.m2/repository/io/netty/netty-handler/4.1.8.Final/netty-handler-4.1.8.Final.jar:/home/alex/.m2/repository/io/netty/netty-buffer/4.1.8.Final/netty-buffer-4.1.8.Final.jar:/home/alex/.m2/repository/io/netty/netty-transport/4.1.69.Final/netty-transport-4.1.69.Final.jar:/home/alex/.m2/repository/io/netty/netty-common/4.1.69.Final/netty-common-4.1.69.Final.jar:/home/alex/.m2/repository/io/netty/netty-resolver/4.1.69.Final/netty-resolver-4.1.69.Final.jar:/home/alex/.m2/repository/io/netty/netty-transport-native-epoll/4.1.8.Final/netty-transport-native-epoll-4.1.8.Final-linux-x86_64.jar:/home/alex/.m2/repository/io/netty/netty-handler-proxy/4.1.8.Final/netty-handler-proxy-4.1.8.Final.jar:/home/alex/.m2/repository/io/netty/netty-codec-socks/4.1.8.Final/netty-codec-socks-4.1.8.Final.jar:/home/alex/.m2/repository/com/twitter/util-collection_2.11/6.42.0/util-collection_2.11-6.42.0.jar:/home/alex/.m2/repository/com/github/finagle/finagle-http-auth_2.11/0.1.0/finagle-http-auth_2.11-0.1.0.jar:/home/alex/.m2/repository/org/slf4j/slf4j-api/1.7.32/slf4j-api-1.7.32.jar:/home/alex/.m2/repository/org/apache/httpcomponents/httpclient/4.3.3/httpclient-4.3.3.jar:/home/alex/.m2/repository/commons-logging/commons-logging/1.1.3/commons-logging-1.1.3.jar:/home/alex/.m2/repository/commons-codec/commons-codec/1.6/commons-codec-1.6.jar:/home/alex/.m2/repository/org/apache/httpcomponents/httpcore/4.3.3/httpcore-4.3.3.jar:/home/alex/.m2/repository/com/google/code/findbugs/jsr305/2.0.1/jsr305-2.0.1.jar:/home/alex/.m2/repository/org/codehaus/jackson/jackson-core-asl/1.9.13/jackson-core-asl-1.9.13.jar:/home/alex/.m2/repository/org/codehaus/jackson/jackson-mapper-asl/1.9.13/jackson-mapper-asl-1.9.13.jar:/home/alex/.m2/repository/com/fasterxml/jackson/core/jackson-core/2.12.3/jackson-core-2.12.3.jar:/home/alex/.m2/repository/com/fasterxml/jackson/core/jackson-annotations/2.12.3/jackson-annotations-2.12.3.jar:/home/alex/.m2/repository/com/fasterxml/jackson/core/jackson-databind/2.12.3/jackson-databind-2.12.3.jar:/home/alex/.m2/repository/com/fasterxml/jackson/dataformat/jackson-dataformat-smile/2.4.6/jackson-dataformat-smile-2.4.6.jar:/home/alex/.m2/repository/com/fasterxml/jackson/datatype/jackson-datatype-joda/2.4.6/jackson-datatype-joda-2.4.6.jar:/home/alex/.m2/repository/com/fasterxml/jackson/module/jackson-module-scala_2.11/2.12.3/jackson-module-scala_2.11-2.12.3.jar:/home/alex/.m2/repository/com/thoughtworks/paranamer/paranamer/2.8/paranamer-2.8.jar:/home/alex/.m2/repository/com/google/inject/guice/4.0/guice-4.0.jar:/home/alex/.m2/repository/javax/inject/javax.inject/1/javax.inject-1.jar:/home/alex/.m2/repository/aopalliance/aopalliance/1.0/aopalliance-1.0.jar:/home/alex/.m2/repository/com/google/inject/extensions/guice-servlet/4.0/guice-servlet-4.0.jar:/home/alex/.m2/repository/com/google/inject/extensions/guice-multibindings/4.0/guice-multibindings-4.0.jar:/home/alex/.m2/repository/javax/validation/validation-api/1.1.0.Final/validation-api-1.1.0.Final.jar:/home/alex/Repositories/nifi/nifi-mock/target/classes:/home/alex/Repositories/nifi/nifi-framework-api/target/classes:/home/alex/Repositories/nifi/nifi-commons/nifi-parameter/target/classes:/home/alex/Repositories/nifi/nifi-nar-bundles/nifi-framework-bundle/nifi-framework/nifi-framework-core-api/target/classes:/home/alex/Repositories/nifi/nifi-nar-bundles/nifi-framework-bundle/nifi-framework/nifi-framework-nar-utils/target/classes:/home/alex/Repositories/nifi/nifi-nar-bundles/nifi-framework-bundle/nifi-framework/nifi-client-dto/target/classes:/home/alex/.m2/repository/io/swagger/swagger-annotations/1.6.0/swagger-annotations-1.6.0.jar:/home/alex/Repositories/nifi/nifi-commons/nifi-site-to-site-client/target/classes:/home/alex/Repositories/nifi/nifi-commons/nifi-security-utils/target/classes:/home/alex/Repositories/nifi/nifi-commons/nifi-security-kms/target/classes:/home/alex/.m2/repository/org/bouncycastle/bcprov-jdk15on/1.69/bcprov-jdk15on-1.69.jar:/home/alex/.m2/repository/org/bouncycastle/bcpkix-jdk15on/1.69/bcpkix-jdk15on-1.69.jar:/home/alex/.m2/repository/org/bouncycastle/bcutil-jdk15on/1.69/bcutil-jdk15on-1.69.jar:/home/alex/Repositories/nifi/nifi-commons/nifi-properties/target/classes:/home/alex/Repositories/nifi/nifi-commons/nifi-property-utils/target/classes:/home/alex/.m2/repository/at/favre/lib/bcrypt/0.9.0/bcrypt-0.9.0.jar:/home/alex/.m2/repository/at/favre/lib/bytes/1.3.0/bytes-1.3.0.jar:/home/alex/.m2/repository/org/apache/commons/commons-configuration2/2.7/commons-configuration2-2.7.jar:/home/alex/.m2/repository/org/apache/httpcomponents/httpasyncclient/4.1.4/httpasyncclient-4.1.4.jar:/home/alex/.m2/repository/org/apache/httpcomponents/httpcore-nio/4.4.10/httpcore-nio-4.4.10.jar:/home/alex/.m2/repository/org/apache/commons/commons-lang3/3.9/commons-lang3-3.9.jar:/home/alex/Repositories/nifi/nifi-nar-bundles/nifi-framework-bundle/nifi-framework/nifi-framework-authorization/target/classes:/home/alex/Repositories/nifi/nifi-registry/nifi-registry-core/nifi-registry-data-model/target/classes:/home/alex/.m2/repository/javax/ws/rs/javax.ws.rs-api/2.1/javax.ws.rs-api-2.1.jar:/home/alex/Repositories/nifi/nifi-registry/nifi-registry-core/nifi-registry-revision/nifi-registry-revision-entity-model/target/classes:/home/alex/Repositories/nifi/nifi-registry/nifi-registry-core/nifi-registry-client/target/classes:/home/alex/Repositories/nifi/nifi-registry/nifi-registry-core/nifi-registry-security-utils/target/classes:/home/alex/.m2/repository/org/glassfish/jersey/core/jersey-client/2.33/jersey-client-2.33.jar:/home/alex/.m2/repository/jakarta/ws/rs/jakarta.ws.rs-api/2.1.6/jakarta.ws.rs-api-2.1.6.jar:/home/alex/.m2/repository/org/glassfish/hk2/external/jakarta.inject/2.6.1/jakarta.inject-2.6.1.jar:/home/alex/.m2/repository/org/glassfish/jersey/media/jersey-media-json-jackson/2.33/jersey-media-json-jackson-2.33.jar:/home/alex/.m2/repository/org/glassfish/jersey/ext/jersey-entity-filtering/2.33/jersey-entity-filtering-2.33.jar:/home/alex/.m2/repository/com/fasterxml/jackson/module/jackson-module-jaxb-annotations/2.11.3/jackson-module-jaxb-annotations-2.11.3.jar:/home/alex/.m2/repository/jakarta/xml/bind/jakarta.xml.bind-api/2.3.2/jakarta.xml.bind-api-2.3.2.jar:/home/alex/.m2/repository/jakarta/activation/jakarta.activation-api/1.2.1/jakarta.activation-api-1.2.1.jar:/home/alex/.m2/repository/org/glassfish/jersey/inject/jersey-hk2/2.33/jersey-hk2-2.33.jar:/home/alex/.m2/repository/org/glassfish/hk2/hk2-locator/2.6.1/hk2-locator-2.6.1.jar:/home/alex/.m2/repository/org/glassfish/hk2/external/aopalliance-repackaged/2.6.1/aopalliance-repackaged-2.6.1.jar:/home/alex/.m2/repository/org/glassfish/hk2/hk2-api/2.6.1/hk2-api-2.6.1.jar:/home/alex/.m2/repository/org/glassfish/hk2/hk2-utils/2.6.1/hk2-utils-2.6.1.jar:/home/alex/.m2/repository/org/javassist/javassist/3.25.0-GA/javassist-3.25.0-GA.jar:/home/alex/.m2/repository/org/glassfish/jersey/core/jersey-common/2.33/jersey-common-2.33.jar:/home/alex/.m2/repository/jakarta/annotation/jakarta.annotation-api/1.3.5/jakarta.annotation-api-1.3.5.jar:/home/alex/.m2/repository/org/glassfish/hk2/osgi-resource-locator/1.0.3/osgi-resource-locator-1.0.3.jar:/home/alex/.m2/repository/org/glassfish/jersey/media/jersey-media-multipart/2.33/jersey-media-multipart-2.33.jar:/home/alex/.m2/repository/org/jvnet/mimepull/mimepull/1.9.13/mimepull-1.9.13.jar:/home/alex/Repositories/nifi/nifi-commons/nifi-expression-language/target/classes:/home/alex/.m2/repository/org/antlr/antlr-runtime/3.5.2/antlr-runtime-3.5.2.jar:/home/alex/Repositories/nifi/nifi-commons/nifi-uuid5/target/classes:/home/alex/.m2/repository/org/apache/commons/commons-text/1.8/commons-text-1.8.jar:/home/alex/Repositories/nifi/nifi-commons/nifi-data-provenance-utils/target/classes:/home/alex/Repositories/nifi/nifi-nar-bundles/nifi-extension-utils/nifi-record-utils/nifi-mock-record-utils/target/classes:/home/alex/Repositories/nifi/nifi-nar-bundles/nifi-druid-bundle/nifi-druid-controller-service/target/classes:/home/alex/.m2/repository/io/druid/extensions/druid-histogram/0.9.1/druid-histogram-0.9.1.jar:/home/alex/.m2/repository/io/druid/extensions/druid-datasketches/0.9.1/druid-datasketches-0.9.1.jar:/home/alex/.m2/repository/com/yahoo/datasketches/sketches-core/0.2.2/sketches-core-0.2.2.jar:/home/alex/Repositories/nifi/nifi-nar-bundles/nifi-standard-services/nifi-ssl-context-service-api/target/classes:/home/alex/Repositories/nifi/nifi-commons/nifi-security-utils-api/target/classes:/home/alex/.m2/repository/org/junit/jupiter/junit-jupiter-api/5.7.2/junit-jupiter-api-5.7.2.jar:/home/alex/.m2/repository/org/apiguardian/apiguardian-api/1.1.0/apiguardian-api-1.1.0.jar:/home/alex/.m2/repository/org/opentest4j/opentest4j/1.2.0/opentest4j-1.2.0.jar:/home/alex/.m2/repository/org/junit/platform/junit-platform-commons/1.7.2/junit-platform-commons-1.7.2.jar:/home/alex/.m2/repository/org/junit/jupiter/junit-jupiter-engine/5.7.2/junit-jupiter-engine-5.7.2.jar:/home/alex/.m2/repository/org/junit/platform/junit-platform-engine/1.7.2/junit-platform-engine-1.7.2.jar:/home/alex/.m2/repository/org/junit/vintage/junit-vintage-engine/5.7.2/junit-vintage-engine-5.7.2.jar:/home/alex/.m2/repository/junit/junit/4.13.2/junit-4.13.2.jar:/home/alex/.m2/repository/org/hamcrest/hamcrest-core/1.3/hamcrest-core-1.3.jar:/home/alex/.m2/repository/org/junit/jupiter/junit-jupiter-params/5.7.2/junit-jupiter-params-5.7.2.jar:/home/alex/.m2/repository/org/mockito/mockito-core/3.11.2/mockito-core-3.11.2.jar:/home/alex/.m2/repository/net/bytebuddy/byte-buddy/1.11.3/byte-buddy-1.11.3.jar:/home/alex/.m2/repository/net/bytebuddy/byte-buddy-agent/1.11.3/byte-buddy-agent-1.11.3.jar:/home/alex/.m2/repository/org/objenesis/objenesis/3.2/objenesis-3.2.jar:/home/alex/.m2/repository/org/mockito/mockito-junit-jupiter/3.11.2/mockito-junit-jupiter-3.11.2.jar:/home/alex/.m2/repository/org/slf4j/slf4j-simple/1.7.32/slf4j-simple-1.7.32.jar:/home/alex/.m2/repository/org/codehaus/groovy/groovy-test/2.5.14/groovy-test-2.5.14.jar:/home/alex/.m2/repository/org/codehaus/groovy/groovy/2.5.14/groovy-2.5.14.jar:"/>
    <property name="java.vm.vendor" value="Private Build"/>
    <property name="sun.arch.data.model" value="64"/>
    <property name="java.vendor.url" value="http://java.oracle.com/"/>
    <property name="user.timezone" value="Europe/Lisbon"/>
    <property name="java.vm.specification.version" value="1.8"/>
    <property name="os.name" value="Linux"/>
    <property name="user.country" value="US"/>
    <property name="sun.java.launcher" value="SUN_STANDARD"/>
    <property name="sun.boot.library.path" value="/usr/lib/jvm/java-8-openjdk-amd64/jre/lib/amd64"/>
    <property name="sun.java.command" value="/home/alex/Repositories/nifi/nifi-nar-bundles/nifi-druid-bundle/nifi-druid-processors/target/surefire/surefirebooter4404728316010648850.jar /home/alex/Repositories/nifi/nifi-nar-bundles/nifi-druid-bundle/nifi-druid-processors/target/surefire 2024-05-02T01-23-45_285-jvmRun1 surefire1876805107222451444tmp surefire_1612111686051563521979tmp"/>
    <property name="surefire.test.class.path" value="/home/alex/Repositories/nifi/nifi-nar-bundles/nifi-druid-bundle/nifi-druid-processors/target/test-classes:/home/alex/Repositories/nifi/nifi-nar-bundles/nifi-druid-bundle/nifi-druid-processors/target/classes:/home/alex/Repositories/nifi/nifi-api/target/classes:/home/alex/Repositories/nifi/nifi-commons/nifi-utils/target/classes:/home/alex/Repositories/nifi/nifi-commons/nifi-record/target/classes:/home/alex/Repositories/nifi/nifi-nar-bundles/nifi-standard-services/nifi-record-serialization-service-api/target/classes:/home/alex/Repositories/nifi/nifi-nar-bundles/nifi-druid-bundle/nifi-druid-controller-service-api/target/classes:/home/alex/.m2/repository/commons-collections/commons-collections/3.2.2/commons-collections-3.2.2.jar:/home/alex/.m2/repository/io/druid/druid-server/0.9.1/druid-server-0.9.1.jar:/home/alex/.m2/repository/io/druid/druid-processing/0.9.1/druid-processing-0.9.1.jar:/home/alex/.m2/repository/io/druid/druid-common/0.9.1/druid-common-0.9.1.jar:/home/alex/.m2/repository/io/druid/druid-api/0.9.1/druid-api-0.9.1.jar:/home/alex/.m2/repository/org/apache/commons/commons-dbcp2/2.0.1/commons-dbcp2-2.0.1.jar:/home/alex/.m2/repository/org/apache/commons/commons-pool2/2.2/commons-pool2-2.2.jar:/home/alex/.m2/repository/commons-pool/commons-pool/1.6/commons-pool-1.6.jar:/home/alex/.m2/repository/org/hibernate/hibernate-validator/5.1.3.Final/hibernate-validator-5.1.3.Final.jar:/home/alex/.m2/repository/org/jboss/logging/jboss-logging/3.1.3.GA/jboss-logging-3.1.3.GA.jar:/home/alex/.m2/repository/com/fasterxml/classmate/1.0.0/classmate-1.0.0.jar:/home/alex/.m2/repository/javax/el/javax.el-api/3.0.0/javax.el-api-3.0.0.jar:/home/alex/.m2/repository/com/fasterxml/jackson/datatype/jackson-datatype-guava/2.4.6/jackson-datatype-guava-2.4.6.jar:/home/alex/.m2/repository/org/apache/logging/log4j/log4j-api/2.14.1/log4j-api-2.14.1.jar:/home/alex/.m2/repository/org/apache/logging/log4j/log4j-core/2.14.1/log4j-core-2.14.1.jar:/home/alex/.m2/repository/org/apache/logging/log4j/log4j-slf4j-impl/2.14.1/log4j-slf4j-impl-2.14.1.jar:/home/alex/.m2/repository/org/apache/logging/log4j/log4j-jul/2.14.1/log4j-jul-2.14.1.jar:/home/alex/.m2/repository/org/apache/logging/log4j/log4j-1.2-api/2.14.1/log4j-1.2-api-2.14.1.jar:/home/alex/.m2/repository/org/slf4j/jcl-over-slf4j/1.7.32/jcl-over-slf4j-1.7.32.jar:/home/alex/.m2/repository/com/lmax/disruptor/3.3.0/disruptor-3.3.0.jar:/home/alex/.m2/repository/org/antlr/antlr4-runtime/4.5.1/antlr4-runtime-4.5.1.jar:/home/alex/.m2/repository/com/metamx/bytebuffer-collections/0.2.4/bytebuffer-collections-0.2.4.jar:/home/alex/.m2/repository/com/metamx/extendedset/1.3.9/extendedset-1.3.9.jar:/home/alex/.m2/repository/org/roaringbitmap/RoaringBitmap/0.5.16/RoaringBitmap-0.5.16.jar:/home/alex/.m2/repository/com/metamx/emitter/0.3.6/emitter-0.3.6.jar:/home/alex/.m2/repository/com/metamx/server-metrics/0.2.8/server-metrics-0.2.8.jar:/home/alex/.m2/repository/com/ning/compress-lzf/1.0.3/compress-lzf-1.0.3.jar:/home/alex/.m2/repository/org/skife/config/config-magic/0.9/config-magic-0.9.jar:/home/alex/.m2/repository/com/google/protobuf/protobuf-java/2.5.0/protobuf-java-2.5.0.jar:/home/alex/.m2/repository/commons-io/commons-io/2.10.0/commons-io-2.10.0.jar:/home/alex/.m2/repository/com/ibm/icu/icu4j/4.8.1/icu4j-4.8.1.jar:/home/alex/.m2/repository/org/mozilla/rhino/1.7R5/rhino-1.7R5.jar:/home/alex/.m2/repository/net/jpountz/lz4/lz4/1.3.0/lz4-1.3.0.jar:/home/alex/.m2/repository/org/mapdb/mapdb/1.0.8/mapdb-1.0.8.jar:/home/alex/.m2/repository/commons-lang/commons-lang/2.6/commons-lang-2.6.jar:/home/alex/.m2/repository/com/github/stephenc/findbugs/findbugs-annotations/1.3.9-1/findbugs-annotations-1.3.9-1.jar:/home/alex/.m2/repository/io/druid/tranquility-core_2.11/0.8.3/tranquility-core_2.11-0.8.3.jar:/home/alex/.m2/repository/org/scala-lang/scala-library/2.11.8/scala-library-2.11.8.jar:/home/alex/.m2/repository/com/metamx/scala-util_2.11/1.13.6/scala-util_2.11-1.13.6.jar:/home/alex/.m2/repository/com/metamx/http-client/1.1.0/http-client-1.1.0.jar:/home/alex/.m2/repository/joda-time/joda-time/2.9.7/joda-time-2.9.7.jar:/home/alex/.m2/repository/org/joda/joda-convert/1.8.1/joda-convert-1.8.1.jar:/home/alex/.m2/repository/com/google/guava/guava/16.0.1/guava-16.0.1.jar:/home/alex/.m2/repository/org/yaml/snakeyaml/1.29/snakeyaml-1.29.jar:/home/alex/.m2/repository/com/github/nscala-time/nscala-time_2.11/2.16.0/nscala-time_2.11-2.16.0.jar:/home/alex/.m2/repository/org/jdbi/jdbi/2.70/jdbi-2.70.jar:/home/alex/.m2/repository/com/h2database/h2/1.3.158/h2-1.3.158.jar:/home/alex/.m2/repository/c3p0/c3p0/0.9.1.2/c3p0-0.9.1.2.jar:/home/alex/.m2/repository/org/apache/zookeeper/zookeeper/3.4.14/zookeeper-3.4.14.jar:/home/alex/.m2/repository/com/github/spotbugs/spotbugs-annotations/3.1.9/spotbugs-annotations-3.1.9.jar:/home/alex/.m2/repository/jline/jline/0.9.94/jline-0.9.94.jar:/home/alex/.m2/repository/org/apache/yetus/audience-annotations/0.5.0/audience-annotations-0.5.0.jar:/home/alex/.m2/repository/com/metamx/java-util/0.28.2/java-util-0.28.2.jar:/home/alex/.m2/repository/net/sf/opencsv/opencsv/2.3/opencsv-2.3.jar:/home/alex/.m2/repository/com/jayway/jsonpath/json-path/2.1.0/json-path-2.1.0.jar:/home/alex/.m2/repository/io/netty/netty/3.10.6.Final/netty-3.10.6.Final.jar:/home/alex/.m2/repository/org/apache/curator/curator-client/2.12.0/curator-client-2.12.0.jar:/home/alex/.m2/repository/org/apache/curator/curator-framework/2.12.0/curator-framework-2.12.0.jar:/home/alex/.m2/repository/org/apache/curator/curator-recipes/2.12.0/curator-recipes-2.12.0.jar:/home/alex/.m2/repository/org/apache/curator/curator-x-discovery/2.12.0/curator-x-discovery-2.12.0.jar:/home/alex/.m2/repository/com/twitter/util-core_2.11/6.42.0/util-core_2.11-6.42.0.jar:/home/alex/.m2/repository/com/twitter/util-function_2.11/6.42.0/util-function_2.11-6.42.0.jar:/home/alex/.m2/repository/org/scala-lang/scala-reflect/2.11.8/scala-reflect-2.11.8.jar:/home/alex/.m2/repository/org/scala-lang/modules/scala-parser-combinators_2.11/1.0.4/scala-parser-combinators_2.11-1.0.4.jar:/home/alex/.m2/repository/com/twitter/finagle-core_2.11/6.43.0/finagle-core_2.11-6.43.0.jar:/home/alex/.m2/repository/com/twitter/finagle-toggle_2.11/6.43.0/finagle-toggle_2.11-6.43.0.jar:/home/alex/.m2/repository/com/twitter/util-app_2.11/6.42.0/util-app_2.11-6.42.0.jar:/home/alex/.m2/repository/com/twitter/util-cache_2.11/6.42.0/util-cache_2.11-6.42.0.jar:/home/alex/.m2/repository/com/twitter/util-codec_2.11/6.42.0/util-codec_2.11-6.42.0.jar:/home/alex/.m2/repository/com/twitter/util-hashing_2.11/6.42.0/util-hashing_2.11-6.42.0.jar:/home/alex/.m2/repository/com/twitter/util-jvm_2.11/6.42.0/util-jvm_2.11-6.42.0.jar:/home/alex/.m2/repository/com/twitter/util-lint_2.11/6.42.0/util-lint_2.11-6.42.0.jar:/home/alex/.m2/repository/com/twitter/util-logging_2.11/6.42.0/util-logging_2.11-6.42.0.jar:/home/alex/.m2/repository/com/twitter/util-registry_2.11/6.42.0/util-registry_2.11-6.42.0.jar:/home/alex/.m2/repository/com/twitter/util-security_2.11/6.42.0/util-security_2.11-6.42.0.jar:/home/alex/.m2/repository/com/twitter/util-stats_2.11/6.42.0/util-stats_2.11-6.42.0.jar:/home/alex/.m2/repository/com/twitter/util-tunable_2.11/6.42.0/util-tunable_2.11-6.42.0.jar:/home/alex/.m2/repository/com/github/ben-manes/caffeine/caffeine/2.3.4/caffeine-2.3.4.jar:/home/alex/.m2/repository/com/twitter/finagle-http_2.11/6.43.0/finagle-http_2.11-6.43.0.jar:/home/alex/.m2/repository/com/twitter/finagle-base-http_2.11/6.43.0/finagle-base-http_2.11-6.43.0.jar:/home/alex/.m2/repository/com/twitter/finagle-netty4-http_2.11/6.43.0/finagle-netty4-http_2.11-6.43.0.jar:/home/alex/.m2/repository/com/twitter/finagle-netty4_2.11/6.43.0/finagle-netty4_2.11-6.43.0.jar:/home/alex/.m2/repository/io/netty/netty-codec-http/4.1.8.Final/netty-codec-http-4.1.8.Final.jar:/home/alex/.m2/repository/io/netty/netty-codec/4.1.8.Final/netty-codec-4.1.8.Final.jar:/home/alex/.m2/repository/com/twitter/finagle-http2_2.11/6.43.0/finagle-http2_2.11-6.43.0.jar:/home/alex/.m2/repository/io/netty/netty-codec-http2/4.1.8.Final/netty-codec-http2-4.1.8.Final.jar:/home/alex/.m2/repository/io/netty/netty-handler/4.1.8.Final/netty-handler-4.1.8.Final.jar:/home/alex/.m2/repository/io/netty/netty-buffer/4.1.8.Final/netty-buffer-4.1.8.Final.jar:/home/alex/.m2/repository/io/netty/netty-transport/4.1.69.Final/netty-transport-4.1.69.Final.jar:/home/alex/.m2/repository/io/netty/netty-common/4.1.69.Final/netty-common-4.1.69.Final.jar:/home/alex/.m2/repository/io/netty/netty-resolver/4.1.69.Final/netty-resolver-4.1.69.Final.jar:/home/alex/.m2/repository/io/netty/netty-transport-native-epoll/4.1.8.Final/netty-transport-native-epoll-4.1.8.Final-linux-x86_64.jar:/home/alex/.m2/repository/io/netty/netty-handler-proxy/4.1.8.Final/netty-handler-proxy-4.1.8.Final.jar:/home/alex/.m2/repository/io/netty/netty-codec-socks/4.1.8.Final/netty-codec-socks-4.1.8.Final.jar:/home/alex/.m2/repository/com/twitter/util-collection_2.11/6.42.0/util-collection_2.11-6.42.0.jar:/home/alex/.m2/repository/com/github/finagle/finagle-http-auth_2.11/0.1.0/finagle-http-auth_2.11-0.1.0.jar:/home/alex/.m2/repository/org/slf4j/slf4j-api/1.7.32/slf4j-api-1.7.32.jar:/home/alex/.m2/repository/org/apache/httpcomponents/httpclient/4.3.3/httpclient-4.3.3.jar:/home/alex/.m2/repository/commons-logging/commons-logging/1.1.3/commons-logging-1.1.3.jar:/home/alex/.m2/repository/commons-codec/commons-codec/1.6/commons-codec-1.6.jar:/home/alex/.m2/repository/org/apache/httpcomponents/httpcore/4.3.3/httpcore-4.3.3.jar:/home/alex/.m2/repository/com/google/code/findbugs/jsr305/2.0.1/jsr305-2.0.1.jar:/home/alex/.m2/repository/org/codehaus/jackson/jackson-core-asl/1.9.13/jackson-core-asl-1.9.13.jar:/home/alex/.m2/repository/org/codehaus/jackson/jackson-mapper-asl/1.9.13/jackson-mapper-asl-1.9.13.jar:/home/alex/.m2/repository/com/fasterxml/jackson/core/jackson-core/2.12.3/jackson-core-2.12.3.jar:/home/alex/.m2/repository/com/fasterxml/jackson/core/jackson-annotations/2.12.3/jackson-annotations-2.12.3.jar:/home/alex/.m2/repository/com/fasterxml/jackson/core/jackson-databind/2.12.3/jackson-databind-2.12.3.jar:/home/alex/.m2/repository/com/fasterxml/jackson/dataformat/jackson-dataformat-smile/2.4.6/jackson-dataformat-smile-2.4.6.jar:/home/alex/.m2/repository/com/fasterxml/jackson/datatype/jackson-datatype-joda/2.4.6/jackson-datatype-joda-2.4.6.jar:/home/alex/.m2/repository/com/fasterxml/jackson/module/jackson-module-scala_2.11/2.12.3/jackson-module-scala_2.11-2.12.3.jar:/home/alex/.m2/repository/com/thoughtworks/paranamer/paranamer/2.8/paranamer-2.8.jar:/home/alex/.m2/repository/com/google/inject/guice/4.0/guice-4.0.jar:/home/alex/.m2/repository/javax/inject/javax.inject/1/javax.inject-1.jar:/home/alex/.m2/repository/aopalliance/aopalliance/1.0/aopalliance-1.0.jar:/home/alex/.m2/repository/com/google/inject/extensions/guice-servlet/4.0/guice-servlet-4.0.jar:/home/alex/.m2/repository/com/google/inject/extensions/guice-multibindings/4.0/guice-multibindings-4.0.jar:/home/alex/.m2/repository/javax/validation/validation-api/1.1.0.Final/validation-api-1.1.0.Final.jar:/home/alex/Repositories/nifi/nifi-mock/target/classes:/home/alex/Repositories/nifi/nifi-framework-api/target/classes:/home/alex/Repositories/nifi/nifi-commons/nifi-parameter/target/classes:/home/alex/Repositories/nifi/nifi-nar-bundles/nifi-framework-bundle/nifi-framework/nifi-framework-core-api/target/classes:/home/alex/Repositories/nifi/nifi-nar-bundles/nifi-framework-bundle/nifi-framework/nifi-framework-nar-utils/target/classes:/home/alex/Repositories/nifi/nifi-nar-bundles/nifi-framework-bundle/nifi-framework/nifi-client-dto/target/classes:/home/alex/.m2/repository/io/swagger/swagger-annotations/1.6.0/swagger-annotations-1.6.0.jar:/home/alex/Repositories/nifi/nifi-commons/nifi-site-to-site-client/target/classes:/home/alex/Repositories/nifi/nifi-commons/nifi-security-utils/target/classes:/home/alex/Repositories/nifi/nifi-commons/nifi-security-kms/target/classes:/home/alex/.m2/repository/org/bouncycastle/bcprov-jdk15on/1.69/bcprov-jdk15on-1.69.jar:/home/alex/.m2/repository/org/bouncycastle/bcpkix-jdk15on/1.69/bcpkix-jdk15on-1.69.jar:/home/alex/.m2/repository/org/bouncycastle/bcutil-jdk15on/1.69/bcutil-jdk15on-1.69.jar:/home/alex/Repositories/nifi/nifi-commons/nifi-properties/target/classes:/home/alex/Repositories/nifi/nifi-commons/nifi-property-utils/target/classes:/home/alex/.m2/repository/at/favre/lib/bcrypt/0.9.0/bcrypt-0.9.0.jar:/home/alex/.m2/repository/at/favre/lib/bytes/1.3.0/bytes-1.3.0.jar:/home/alex/.m2/repository/org/apache/commons/commons-configuration2/2.7/commons-configuration2-2.7.jar:/home/alex/.m2/repository/org/apache/httpcomponents/httpasyncclient/4.1.4/httpasyncclient-4.1.4.jar:/home/alex/.m2/repository/org/apache/httpcomponents/httpcore-nio/4.4.10/httpcore-nio-4.4.10.jar:/home/alex/.m2/repository/org/apache/commons/commons-lang3/3.9/commons-lang3-3.9.jar:/home/alex/Repositories/nifi/nifi-nar-bundles/nifi-framework-bundle/nifi-framework/nifi-framework-authorization/target/classes:/home/alex/Repositories/nifi/nifi-registry/nifi-registry-core/nifi-registry-data-model/target/classes:/home/alex/.m2/repository/javax/ws/rs/javax.ws.rs-api/2.1/javax.ws.rs-api-2.1.jar:/home/alex/Repositories/nifi/nifi-registry/nifi-registry-core/nifi-registry-revision/nifi-registry-revision-entity-model/target/classes:/home/alex/Repositories/nifi/nifi-registry/nifi-registry-core/nifi-registry-client/target/classes:/home/alex/Repositories/nifi/nifi-registry/nifi-registry-core/nifi-registry-security-utils/target/classes:/home/alex/.m2/repository/org/glassfish/jersey/core/jersey-client/2.33/jersey-client-2.33.jar:/home/alex/.m2/repository/jakarta/ws/rs/jakarta.ws.rs-api/2.1.6/jakarta.ws.rs-api-2.1.6.jar:/home/alex/.m2/repository/org/glassfish/hk2/external/jakarta.inject/2.6.1/jakarta.inject-2.6.1.jar:/home/alex/.m2/repository/org/glassfish/jersey/media/jersey-media-json-jackson/2.33/jersey-media-json-jackson-2.33.jar:/home/alex/.m2/repository/org/glassfish/jersey/ext/jersey-entity-filtering/2.33/jersey-entity-filtering-2.33.jar:/home/alex/.m2/repository/com/fasterxml/jackson/module/jackson-module-jaxb-annotations/2.11.3/jackson-module-jaxb-annotations-2.11.3.jar:/home/alex/.m2/repository/jakarta/xml/bind/jakarta.xml.bind-api/2.3.2/jakarta.xml.bind-api-2.3.2.jar:/home/alex/.m2/repository/jakarta/activation/jakarta.activation-api/1.2.1/jakarta.activation-api-1.2.1.jar:/home/alex/.m2/repository/org/glassfish/jersey/inject/jersey-hk2/2.33/jersey-hk2-2.33.jar:/home/alex/.m2/repository/org/glassfish/hk2/hk2-locator/2.6.1/hk2-locator-2.6.1.jar:/home/alex/.m2/repository/org/glassfish/hk2/external/aopalliance-repackaged/2.6.1/aopalliance-repackaged-2.6.1.jar:/home/alex/.m2/repository/org/glassfish/hk2/hk2-api/2.6.1/hk2-api-2.6.1.jar:/home/alex/.m2/repository/org/glassfish/hk2/hk2-utils/2.6.1/hk2-utils-2.6.1.jar:/home/alex/.m2/repository/org/javassist/javassist/3.25.0-GA/javassist-3.25.0-GA.jar:/home/alex/.m2/repository/org/glassfish/jersey/core/jersey-common/2.33/jersey-common-2.33.jar:/home/alex/.m2/repository/jakarta/annotation/jakarta.annotation-api/1.3.5/jakarta.annotation-api-1.3.5.jar:/home/alex/.m2/repository/org/glassfish/hk2/osgi-resource-locator/1.0.3/osgi-resource-locator-1.0.3.jar:/home/alex/.m2/repository/org/glassfish/jersey/media/jersey-media-multipart/2.33/jersey-media-multipart-2.33.jar:/home/alex/.m2/repository/org/jvnet/mimepull/mimepull/1.9.13/mimepull-1.9.13.jar:/home/alex/Repositories/nifi/nifi-commons/nifi-expression-language/target/classes:/home/alex/.m2/repository/org/antlr/antlr-runtime/3.5.2/antlr-runtime-3.5.2.jar:/home/alex/Repositories/nifi/nifi-commons/nifi-uuid5/target/classes:/home/alex/.m2/repository/org/apache/commons/commons-text/1.8/commons-text-1.8.jar:/home/alex/Repositories/nifi/nifi-commons/nifi-data-provenance-utils/target/classes:/home/alex/Repositories/nifi/nifi-nar-bundles/nifi-extension-utils/nifi-record-utils/nifi-mock-record-utils/target/classes:/home/alex/Repositories/nifi/nifi-nar-bundles/nifi-druid-bundle/nifi-druid-controller-service/target/classes:/home/alex/.m2/repository/io/druid/extensions/druid-histogram/0.9.1/druid-histogram-0.9.1.jar:/home/alex/.m2/repository/io/druid/extensions/druid-datasketches/0.9.1/druid-datasketches-0.9.1.jar:/home/alex/.m2/repository/com/yahoo/datasketches/sketches-core/0.2.2/sketches-core-0.2.2.jar:/home/alex/Repositories/nifi/nifi-nar-bundles/nifi-standard-services/nifi-ssl-context-service-api/target/classes:/home/alex/Repositories/nifi/nifi-commons/nifi-security-utils-api/target/classes:/home/alex/.m2/repository/org/junit/jupiter/junit-jupiter-api/5.7.2/junit-jupiter-api-5.7.2.jar:/home/alex/.m2/repository/org/apiguardian/apiguardian-api/1.1.0/apiguardian-api-1.1.0.jar:/home/alex/.m2/repository/org/opentest4j/opentest4j/1.2.0/opentest4j-1.2.0.jar:/home/alex/.m2/repository/org/junit/platform/junit-platform-commons/1.7.2/junit-platform-commons-1.7.2.jar:/home/alex/.m2/repository/org/junit/jupiter/junit-jupiter-engine/5.7.2/junit-jupiter-engine-5.7.2.jar:/home/alex/.m2/repository/org/junit/platform/junit-platform-engine/1.7.2/junit-platform-engine-1.7.2.jar:/home/alex/.m2/repository/org/junit/vintage/junit-vintage-engine/5.7.2/junit-vintage-engine-5.7.2.jar:/home/alex/.m2/repository/junit/junit/4.13.2/junit-4.13.2.jar:/home/alex/.m2/repository/org/hamcrest/hamcrest-core/1.3/hamcrest-core-1.3.jar:/home/alex/.m2/repository/org/junit/jupiter/junit-jupiter-params/5.7.2/junit-jupiter-params-5.7.2.jar:/home/alex/.m2/repository/org/mockito/mockito-core/3.11.2/mockito-core-3.11.2.jar:/home/alex/.m2/repository/net/bytebuddy/byte-buddy/1.11.3/byte-buddy-1.11.3.jar:/home/alex/.m2/repository/net/bytebuddy/byte-buddy-agent/1.11.3/byte-buddy-agent-1.11.3.jar:/home/alex/.m2/repository/org/objenesis/objenesis/3.2/objenesis-3.2.jar:/home/alex/.m2/repository/org/mockito/mockito-junit-jupiter/3.11.2/mockito-junit-jupiter-3.11.2.jar:/home/alex/.m2/repository/org/slf4j/slf4j-simple/1.7.32/slf4j-simple-1.7.32.jar:/home/alex/.m2/repository/org/codehaus/groovy/groovy-test/2.5.14/groovy-test-2.5.14.jar:/home/alex/.m2/repository/org/codehaus/groovy/groovy/2.5.14/groovy-2.5.14.jar:"/>
    <property name="sun.cpu.endian" value="little"/>
    <property name="user.home" value="/home/alex"/>
    <property name="user.language" value="en"/>
    <property name="java.specification.vendor" value="Oracle Corporation"/>
    <property name="java.home" value="/usr/lib/jvm/java-8-openjdk-amd64/jre"/>
    <property name="basedir" value="/home/alex/Repositories/nifi/nifi-nar-bundles/nifi-druid-bundle/nifi-druid-processors"/>
    <property name="file.separator" value="/"/>
    <property name="line.separator" value="&#10;"/>
    <property name="java.vm.specification.vendor" value="Oracle Corporation"/>
    <property name="java.specification.name" value="Java Platform API Specification"/>
    <property name="java.awt.graphicsenv" value="sun.awt.X11GraphicsEnvironment"/>
    <property name="java.awt.headless" value="true"/>
    <property name="surefire.real.class.path" value="/home/alex/Repositories/nifi/nifi-nar-bundles/nifi-druid-bundle/nifi-druid-processors/target/surefire/surefirebooter4404728316010648850.jar"/>
    <property name="sun.boot.class.path" value="/usr/lib/jvm/java-8-openjdk-amd64/jre/lib/resources.jar:/usr/lib/jvm/java-8-openjdk-amd64/jre/lib/rt.jar:/usr/lib/jvm/java-8-openjdk-amd64/jre/lib/sunrsasign.jar:/usr/lib/jvm/java-8-openjdk-amd64/jre/lib/jsse.jar:/usr/lib/jvm/java-8-openjdk-amd64/jre/lib/jce.jar:/usr/lib/jvm/java-8-openjdk-amd64/jre/lib/charsets.jar:/usr/lib/jvm/java-8-openjdk-amd64/jre/lib/jfr.jar:/usr/lib/jvm/java-8-openjdk-amd64/jre/classes"/>
    <property name="sun.management.compiler" value="HotSpot 64-Bit Tiered Compilers"/>
    <property name="java.runtime.version" value="1.8.0_402-8u402-ga-2ubuntu1~22.04-b06"/>
    <property name="java.net.preferIPv4Stack" value="true"/>
    <property name="user.name" value="alex"/>
    <property name="path.separator" value=":"/>
    <property name="os.version" value="6.5.0-28-generic"/>
    <property name="java.endorsed.dirs" value="/usr/lib/jvm/java-8-openjdk-amd64/jre/lib/endorsed"/>
    <property name="java.runtime.name" value="OpenJDK Runtime Environment"/>
    <property name="file.encoding" value="UTF-8"/>
    <property name="java.vm.name" value="OpenJDK 64-Bit Server VM"/>
    <property name="localRepository" value="/home/alex/.m2/repository"/>
    <property name="java.vendor.url.bug" value="http://bugreport.sun.com/bugreport/"/>
    <property name="java.io.tmpdir" value="/tmp"/>
    <property name="java.version" value="1.8.0_402"/>
    <property name="user.dir" value="/home/alex/Repositories/nifi/nifi-nar-bundles/nifi-druid-bundle/nifi-druid-processors"/>
    <property name="os.arch" value="amd64"/>
    <property name="java.vm.specification.name" value="Java Virtual Machine Specification"/>
    <property name="java.awt.printerjob" value="sun.print.PSPrinterJob"/>
    <property name="sun.os.patch.level" value="unknown"/>
    <property name="java.library.path" value="/usr/java/packages/lib/amd64:/usr/lib/x86_64-linux-gnu/jni:/lib/x86_64-linux-gnu:/usr/lib/x86_64-linux-gnu:/usr/lib/jni:/lib:/usr/lib"/>
    <property name="java.vm.info" value="mixed mode"/>
    <property name="java.vendor" value="Private Build"/>
    <property name="java.vm.version" value="25.402-b06"/>
    <property name="java.specification.maintenance.version" value="5"/>
    <property name="java.ext.dirs" value="/usr/lib/jvm/java-8-openjdk-amd64/jre/lib/ext:/usr/java/packages/lib/ext"/>
    <property name="sun.io.unicode.encoding" value="UnicodeLittle"/>
    <property name="java.class.version" value="52.0"/>
  </properties>
  <testcase name="testEmptyRecord" classname="org.apache.nifi.processors.druid.PutDruidRecordTest" time="1.574">
    <system-out><![CDATA[2024-05-02T01:45:01,086 INFO [main] org.apache.nifi.controller.druid.MockDruidTranquilityController - MockDruidTranquilityController[id=tranquility] Starting Druid Tranquility Controller Service...
]]></system-out>
    <system-err><![CDATA[SLF4J: Class path contains multiple SLF4J bindings.
SLF4J: Found binding in [jar:file:/home/alex/.m2/repository/org/apache/logging/log4j/log4j-slf4j-impl/2.14.1/log4j-slf4j-impl-2.14.1.jar!/org/slf4j/impl/StaticLoggerBinder.class]
SLF4J: Found binding in [jar:file:/home/alex/.m2/repository/org/slf4j/slf4j-simple/1.7.32/slf4j-simple-1.7.32.jar!/org/slf4j/impl/StaticLoggerBinder.class]
SLF4J: See http://www.slf4j.org/codes.html#multiple_bindings for an explanation.
SLF4J: Actual binding is of type [org.apache.logging.slf4j.Log4jLoggerFactory]
]]></system-err>
  </testcase>
  <testcase name="testPutRecords" classname="org.apache.nifi.processors.druid.PutDruidRecordTest" time="0.049">
    <system-out><![CDATA[2024-05-02T01:45:01,319 INFO [main] org.apache.nifi.controller.druid.MockDruidTranquilityController - MockDruidTranquilityController[id=tranquility] Starting Druid Tranquility Controller Service...
2024-05-02T01:45:01,347 ERROR [pool-4-thread-1] org.apache.nifi.processors.druid.PutDruidRecord - PutDruidRecord[id=d43f0f59-011e-4b48-9d85-aa723533df3b] FlowFile Processing Failed due to: null: java.lang.Exception
java.lang.Exception: null
	at org.apache.nifi.controller.druid.MockDruidTranquilityController$1.addEventListener(MockDruidTranquilityController.java:73) [test-classes/:?]
	at org.apache.nifi.processors.druid.PutDruidRecord.onTrigger(PutDruidRecord.java:207) [classes/:?]
	at org.apache.nifi.processor.AbstractProcessor.onTrigger(AbstractProcessor.java:27) [classes/:?]
	at org.apache.nifi.util.StandardProcessorTestRunner$RunProcessor.call(StandardProcessorTestRunner.java:284) [classes/:?]
	at org.apache.nifi.util.StandardProcessorTestRunner$RunProcessor.call(StandardProcessorTestRunner.java:278) [classes/:?]
	at java.util.concurrent.FutureTask.run(FutureTask.java:266) [?:1.8.0_402]
	at java.util.concurrent.ScheduledThreadPoolExecutor$ScheduledFutureTask.access$201(ScheduledThreadPoolExecutor.java:180) [?:1.8.0_402]
	at java.util.concurrent.ScheduledThreadPoolExecutor$ScheduledFutureTask.run(ScheduledThreadPoolExecutor.java:293) [?:1.8.0_402]
	at java.util.concurrent.ThreadPoolExecutor.runWorker(ThreadPoolExecutor.java:1149) [?:1.8.0_402]
	at java.util.concurrent.ThreadPoolExecutor$Worker.run(ThreadPoolExecutor.java:624) [?:1.8.0_402]
	at java.lang.Thread.run(Thread.java:750) [?:1.8.0_402]
2024-05-02T01:45:01,354 ERROR [pool-4-thread-1] org.apache.nifi.processors.druid.PutDruidRecord - PutDruidRecord[id=d43f0f59-011e-4b48-9d85-aa723533df3b] FlowFile Processing Failed due to: null: java.lang.Exception
java.lang.Exception: null
	at org.apache.nifi.controller.druid.MockDruidTranquilityController$1.addEventListener(MockDruidTranquilityController.java:73) [test-classes/:?]
	at org.apache.nifi.processors.druid.PutDruidRecord.onTrigger(PutDruidRecord.java:207) [classes/:?]
	at org.apache.nifi.processor.AbstractProcessor.onTrigger(AbstractProcessor.java:27) [classes/:?]
	at org.apache.nifi.util.StandardProcessorTestRunner$RunProcessor.call(StandardProcessorTestRunner.java:284) [classes/:?]
	at org.apache.nifi.util.StandardProcessorTestRunner$RunProcessor.call(StandardProcessorTestRunner.java:278) [classes/:?]
	at java.util.concurrent.FutureTask.run(FutureTask.java:266) [?:1.8.0_402]
	at java.util.concurrent.ScheduledThreadPoolExecutor$ScheduledFutureTask.access$201(ScheduledThreadPoolExecutor.java:180) [?:1.8.0_402]
	at java.util.concurrent.ScheduledThreadPoolExecutor$ScheduledFutureTask.run(ScheduledThreadPoolExecutor.java:293) [?:1.8.0_402]
	at java.util.concurrent.ThreadPoolExecutor.runWorker(ThreadPoolExecutor.java:1149) [?:1.8.0_402]
	at java.util.concurrent.ThreadPoolExecutor$Worker.run(ThreadPoolExecutor.java:624) [?:1.8.0_402]
	at java.lang.Thread.run(Thread.java:750) [?:1.8.0_402]
2024-05-02T01:45:01,355 ERROR [pool-4-thread-1] org.apache.nifi.processors.druid.PutDruidRecord - PutDruidRecord[id=d43f0f59-011e-4b48-9d85-aa723533df3b] FlowFile Processing Failed due to: null: java.lang.Exception
java.lang.Exception: null
	at org.apache.nifi.controller.druid.MockDruidTranquilityController$1.addEventListener(MockDruidTranquilityController.java:73) [test-classes/:?]
	at org.apache.nifi.processors.druid.PutDruidRecord.onTrigger(PutDruidRecord.java:207) [classes/:?]
	at org.apache.nifi.processor.AbstractProcessor.onTrigger(AbstractProcessor.java:27) [classes/:?]
	at org.apache.nifi.util.StandardProcessorTestRunner$RunProcessor.call(StandardProcessorTestRunner.java:284) [classes/:?]
	at org.apache.nifi.util.StandardProcessorTestRunner$RunProcessor.call(StandardProcessorTestRunner.java:278) [classes/:?]
	at java.util.concurrent.FutureTask.run(FutureTask.java:266) [?:1.8.0_402]
	at java.util.concurrent.ScheduledThreadPoolExecutor$ScheduledFutureTask.access$201(ScheduledThreadPoolExecutor.java:180) [?:1.8.0_402]
	at java.util.concurrent.ScheduledThreadPoolExecutor$ScheduledFutureTask.run(ScheduledThreadPoolExecutor.java:293) [?:1.8.0_402]
	at java.util.concurrent.ThreadPoolExecutor.runWorker(ThreadPoolExecutor.java:1149) [?:1.8.0_402]
	at java.util.concurrent.ThreadPoolExecutor$Worker.run(ThreadPoolExecutor.java:624) [?:1.8.0_402]
	at java.lang.Thread.run(Thread.java:750) [?:1.8.0_402]
2024-05-02T01:45:01,356 ERROR [pool-4-thread-1] org.apache.nifi.processors.druid.PutDruidRecord - PutDruidRecord[id=d43f0f59-011e-4b48-9d85-aa723533df3b] Error transferring record to failure, this may result in data loss.: Unit Test intentionally throwing IOException after 2 records were written
java.io.IOException: Unit Test intentionally throwing IOException after 2 records were written
	at org.apache.nifi.serialization.record.MockRecordWriter$1.write(MockRecordWriter.java:133) ~[classes/:?]
	at org.apache.nifi.processors.druid.PutDruidRecord$1.onFailure(PutDruidRecord.java:228) [classes/:?]
	at org.apache.nifi.controller.druid.MockDruidTranquilityController$1.addEventListener(MockDruidTranquilityController.java:73) [test-classes/:?]
	at org.apache.nifi.processors.druid.PutDruidRecord.onTrigger(PutDruidRecord.java:207) [classes/:?]
	at org.apache.nifi.processor.AbstractProcessor.onTrigger(AbstractProcessor.java:27) [classes/:?]
	at org.apache.nifi.util.StandardProcessorTestRunner$RunProcessor.call(StandardProcessorTestRunner.java:284) [classes/:?]
	at org.apache.nifi.util.StandardProcessorTestRunner$RunProcessor.call(StandardProcessorTestRunner.java:278) [classes/:?]
	at java.util.concurrent.FutureTask.run(FutureTask.java:266) [?:1.8.0_402]
	at java.util.concurrent.ScheduledThreadPoolExecutor$ScheduledFutureTask.access$201(ScheduledThreadPoolExecutor.java:180) [?:1.8.0_402]
	at java.util.concurrent.ScheduledThreadPoolExecutor$ScheduledFutureTask.run(ScheduledThreadPoolExecutor.java:293) [?:1.8.0_402]
	at java.util.concurrent.ThreadPoolExecutor.runWorker(ThreadPoolExecutor.java:1149) [?:1.8.0_402]
	at java.util.concurrent.ThreadPoolExecutor$Worker.run(ThreadPoolExecutor.java:624) [?:1.8.0_402]
	at java.lang.Thread.run(Thread.java:750) [?:1.8.0_402]
]]></system-out>
  </testcase>
</testsuite>