<?xml version="1.0" encoding="UTF-8"?>
<testsuite xmlns:xsi="http://www.w3.org/2001/XMLSchema-instance" xsi:noNamespaceSchemaLocation="https://maven.apache.org/surefire/maven-surefire-plugin/xsd/surefire-test-report-3.0.xsd" version="3.0" name="org.apache.nifi.security.util.crypto.OpenSSLPKCS5CipherProviderGroovyTest" time="0.038" tests="9" errors="0" skipped="0" failures="0">
  <properties>
    <property name="sun.desktop" value="gnome"/>
    <property name="awt.toolkit" value="sun.awt.X11.XToolkit"/>
    <property name="file.encoding.pkg" value="sun.io"/>
    <property name="java.specification.version" value="1.8"/>
    <property name="sun.cpu.isalist" value=""/>
    <property name="sun.jnu.encoding" value="UTF-8"/>
    <property name="java.class.path" value="/home/alex/Repositories/nifi/nifi-commons/nifi-security-utils/target/test-classes:/home/alex/Repositories/nifi/nifi-commons/nifi-security-utils/target/classes:/home/alex/Repositories/nifi/nifi-api/target/classes:/home/alex/Repositories/nifi/nifi-commons/nifi-utils/target/classes:/home/alex/Repositories/nifi/nifi-commons/nifi-security-utils-api/target/classes:/home/alex/Repositories/nifi/nifi-commons/nifi-security-kms/target/classes:/home/alex/.m2/repository/org/apache/commons/commons-lang3/3.12.0/commons-lang3-3.12.0.jar:/home/alex/.m2/repository/commons-codec/commons-codec/1.14/commons-codec-1.14.jar:/home/alex/.m2/repository/org/bouncycastle/bcprov-jdk15on/1.69/bcprov-jdk15on-1.69.jar:/home/alex/.m2/repository/org/bouncycastle/bcpkix-jdk15on/1.69/bcpkix-jdk15on-1.69.jar:/home/alex/.m2/repository/org/bouncycastle/bcutil-jdk15on/1.69/bcutil-jdk15on-1.69.jar:/home/alex/Repositories/nifi/nifi-commons/nifi-properties/target/classes:/home/alex/Repositories/nifi/nifi-commons/nifi-property-utils/target/classes:/home/alex/.m2/repository/at/favre/lib/bcrypt/0.9.0/bcrypt-0.9.0.jar:/home/alex/.m2/repository/at/favre/lib/bytes/1.3.0/bytes-1.3.0.jar:/home/alex/.m2/repository/org/apache/commons/commons-configuration2/2.7/commons-configuration2-2.7.jar:/home/alex/.m2/repository/org/apache/commons/commons-text/1.8/commons-text-1.8.jar:/home/alex/.m2/repository/org/slf4j/jcl-over-slf4j/1.7.32/jcl-over-slf4j-1.7.32.jar:/home/alex/.m2/repository/org/slf4j/slf4j-api/1.7.32/slf4j-api-1.7.32.jar:/home/alex/.m2/repository/org/junit/jupiter/junit-jupiter-api/5.7.2/junit-jupiter-api-5.7.2.jar:/home/alex/.m2/repository/org/apiguardian/apiguardian-api/1.1.0/apiguardian-api-1.1.0.jar:/home/alex/.m2/repository/org/opentest4j/opentest4j/1.2.0/opentest4j-1.2.0.jar:/home/alex/.m2/repository/org/junit/platform/junit-platform-commons/1.7.2/junit-platform-commons-1.7.2.jar:/home/alex/.m2/repository/org/junit/jupiter/junit-jupiter-engine/5.7.2/junit-jupiter-engine-5.7.2.jar:/home/alex/.m2/repository/org/junit/platform/junit-platform-engine/1.7.2/junit-platform-engine-1.7.2.jar:/home/alex/.m2/repository/org/junit/vintage/junit-vintage-engine/5.7.2/junit-vintage-engine-5.7.2.jar:/home/alex/.m2/repository/junit/junit/4.13.2/junit-4.13.2.jar:/home/alex/.m2/repository/org/hamcrest/hamcrest-core/1.3/hamcrest-core-1.3.jar:/home/alex/.m2/repository/org/junit/jupiter/junit-jupiter-params/5.7.2/junit-jupiter-params-5.7.2.jar:/home/alex/.m2/repository/org/mockito/mockito-core/3.11.2/mockito-core-3.11.2.jar:/home/alex/.m2/repository/net/bytebuddy/byte-buddy/1.11.3/byte-buddy-1.11.3.jar:/home/alex/.m2/repository/net/bytebuddy/byte-buddy-agent/1.11.3/byte-buddy-agent-1.11.3.jar:/home/alex/.m2/repository/org/objenesis/objenesis/3.2/objenesis-3.2.jar:/home/alex/.m2/repository/org/mockito/mockito-junit-jupiter/3.11.2/mockito-junit-jupiter-3.11.2.jar:/home/alex/.m2/repository/org/slf4j/slf4j-simple/1.7.32/slf4j-simple-1.7.32.jar:/home/alex/.m2/repository/org/codehaus/groovy/groovy-test/2.5.14/groovy-test-2.5.14.jar:/home/alex/.m2/repository/org/codehaus/groovy/groovy/2.5.14/groovy-2.5.14.jar:"/>
    <property name="java.vm.vendor" value="Private Build"/>
    <property name="sun.arch.data.model" value="64"/>
    <property name="java.vendor.url" value="http://java.oracle.com/"/>
    <property name="user.timezone" value=""/>
    <property name="java.vm.specification.version" value="1.8"/>
    <property name="os.name" value="Linux"/>
    <property name="user.country" value="US"/>
    <property name="sun.java.launcher" value="SUN_STANDARD"/>
    <property name="sun.boot.library.path" value="/usr/lib/jvm/java-8-openjdk-amd64/jre/lib/amd64"/>
    <property name="sun.java.command" value="/home/alex/Repositories/nifi/nifi-commons/nifi-security-utils/target/surefire/surefirebooter2484183974892880044.jar /home/alex/Repositories/nifi/nifi-commons/nifi-security-utils/target/surefire 2024-05-02T01-23-45_285-jvmRun1 surefire3200246400180549808tmp surefire_63750338899853254368tmp"/>
    <property name="surefire.test.class.path" value="/home/alex/Repositories/nifi/nifi-commons/nifi-security-utils/target/test-classes:/home/alex/Repositories/nifi/nifi-commons/nifi-security-utils/target/classes:/home/alex/Repositories/nifi/nifi-api/target/classes:/home/alex/Repositories/nifi/nifi-commons/nifi-utils/target/classes:/home/alex/Repositories/nifi/nifi-commons/nifi-security-utils-api/target/classes:/home/alex/Repositories/nifi/nifi-commons/nifi-security-kms/target/classes:/home/alex/.m2/repository/org/apache/commons/commons-lang3/3.12.0/commons-lang3-3.12.0.jar:/home/alex/.m2/repository/commons-codec/commons-codec/1.14/commons-codec-1.14.jar:/home/alex/.m2/repository/org/bouncycastle/bcprov-jdk15on/1.69/bcprov-jdk15on-1.69.jar:/home/alex/.m2/repository/org/bouncycastle/bcpkix-jdk15on/1.69/bcpkix-jdk15on-1.69.jar:/home/alex/.m2/repository/org/bouncycastle/bcutil-jdk15on/1.69/bcutil-jdk15on-1.69.jar:/home/alex/Repositories/nifi/nifi-commons/nifi-properties/target/classes:/home/alex/Repositories/nifi/nifi-commons/nifi-property-utils/target/classes:/home/alex/.m2/repository/at/favre/lib/bcrypt/0.9.0/bcrypt-0.9.0.jar:/home/alex/.m2/repository/at/favre/lib/bytes/1.3.0/bytes-1.3.0.jar:/home/alex/.m2/repository/org/apache/commons/commons-configuration2/2.7/commons-configuration2-2.7.jar:/home/alex/.m2/repository/org/apache/commons/commons-text/1.8/commons-text-1.8.jar:/home/alex/.m2/repository/org/slf4j/jcl-over-slf4j/1.7.32/jcl-over-slf4j-1.7.32.jar:/home/alex/.m2/repository/org/slf4j/slf4j-api/1.7.32/slf4j-api-1.7.32.jar:/home/alex/.m2/repository/org/junit/jupiter/junit-jupiter-api/5.7.2/junit-jupiter-api-5.7.2.jar:/home/alex/.m2/repository/org/apiguardian/apiguardian-api/1.1.0/apiguardian-api-1.1.0.jar:/home/alex/.m2/repository/org/opentest4j/opentest4j/1.2.0/opentest4j-1.2.0.jar:/home/alex/.m2/repository/org/junit/platform/junit-platform-commons/1.7.2/junit-platform-commons-1.7.2.jar:/home/alex/.m2/repository/org/junit/jupiter/junit-jupiter-engine/5.7.2/junit-jupiter-engine-5.7.2.jar:/home/alex/.m2/repository/org/junit/platform/junit-platform-engine/1.7.2/junit-platform-engine-1.7.2.jar:/home/alex/.m2/repository/org/junit/vintage/junit-vintage-engine/5.7.2/junit-vintage-engine-5.7.2.jar:/home/alex/.m2/repository/junit/junit/4.13.2/junit-4.13.2.jar:/home/alex/.m2/repository/org/hamcrest/hamcrest-core/1.3/hamcrest-core-1.3.jar:/home/alex/.m2/repository/org/junit/jupiter/junit-jupiter-params/5.7.2/junit-jupiter-params-5.7.2.jar:/home/alex/.m2/repository/org/mockito/mockito-core/3.11.2/mockito-core-3.11.2.jar:/home/alex/.m2/repository/net/bytebuddy/byte-buddy/1.11.3/byte-buddy-1.11.3.jar:/home/alex/.m2/repository/net/bytebuddy/byte-buddy-agent/1.11.3/byte-buddy-agent-1.11.3.jar:/home/alex/.m2/repository/org/objenesis/objenesis/3.2/objenesis-3.2.jar:/home/alex/.m2/repository/org/mockito/mockito-junit-jupiter/3.11.2/mockito-junit-jupiter-3.11.2.jar:/home/alex/.m2/repository/org/slf4j/slf4j-simple/1.7.32/slf4j-simple-1.7.32.jar:/home/alex/.m2/repository/org/codehaus/groovy/groovy-test/2.5.14/groovy-test-2.5.14.jar:/home/alex/.m2/repository/org/codehaus/groovy/groovy/2.5.14/groovy-2.5.14.jar:"/>
    <property name="sun.cpu.endian" value="little"/>
    <property name="user.home" value="/home/alex"/>
    <property name="user.language" value="en"/>
    <property name="java.specification.vendor" value="Oracle Corporation"/>
    <property name="java.home" value="/usr/lib/jvm/java-8-openjdk-amd64/jre"/>
    <property name="basedir" value="/home/alex/Repositories/nifi/nifi-commons/nifi-security-utils"/>
    <property name="file.separator" value="/"/>
    <property name="line.separator" value="&#10;"/>
    <property name="java.vm.specification.vendor" value="Oracle Corporation"/>
    <property name="java.specification.name" value="Java Platform API Specification"/>
    <property name="java.awt.graphicsenv" value="sun.awt.X11GraphicsEnvironment"/>
    <property name="java.awt.headless" value="true"/>
    <property name="surefire.real.class.path" value="/home/alex/Repositories/nifi/nifi-commons/nifi-security-utils/target/surefire/surefirebooter2484183974892880044.jar"/>
    <property name="sun.boot.class.path" value="/usr/lib/jvm/java-8-openjdk-amd64/jre/lib/resources.jar:/usr/lib/jvm/java-8-openjdk-amd64/jre/lib/rt.jar:/usr/lib/jvm/java-8-openjdk-amd64/jre/lib/sunrsasign.jar:/usr/lib/jvm/java-8-openjdk-amd64/jre/lib/jsse.jar:/usr/lib/jvm/java-8-openjdk-amd64/jre/lib/jce.jar:/usr/lib/jvm/java-8-openjdk-amd64/jre/lib/charsets.jar:/usr/lib/jvm/java-8-openjdk-amd64/jre/lib/jfr.jar:/usr/lib/jvm/java-8-openjdk-amd64/jre/classes"/>
    <property name="sun.management.compiler" value="HotSpot 64-Bit Tiered Compilers"/>
    <property name="java.runtime.version" value="1.8.0_402-8u402-ga-2ubuntu1~22.04-b06"/>
    <property name="java.net.preferIPv4Stack" value="true"/>
    <property name="user.name" value="alex"/>
    <property name="path.separator" value=":"/>
    <property name="os.version" value="6.5.0-28-generic"/>
    <property name="java.endorsed.dirs" value="/usr/lib/jvm/java-8-openjdk-amd64/jre/lib/endorsed"/>
    <property name="java.runtime.name" value="OpenJDK Runtime Environment"/>
    <property name="file.encoding" value="UTF-8"/>
    <property name="java.vm.name" value="OpenJDK 64-Bit Server VM"/>
    <property name="localRepository" value="/home/alex/.m2/repository"/>
    <property name="java.vendor.url.bug" value="http://bugreport.sun.com/bugreport/"/>
    <property name="java.io.tmpdir" value="/tmp"/>
    <property name="java.version" value="1.8.0_402"/>
    <property name="user.dir" value="/home/alex/Repositories/nifi/nifi-commons/nifi-security-utils"/>
    <property name="os.arch" value="amd64"/>
    <property name="java.vm.specification.name" value="Java Virtual Machine Specification"/>
    <property name="java.awt.printerjob" value="sun.print.PSPrinterJob"/>
    <property name="sun.os.patch.level" value="unknown"/>
    <property name="java.library.path" value="/usr/java/packages/lib/amd64:/usr/lib/x86_64-linux-gnu/jni:/lib/x86_64-linux-gnu:/usr/lib/x86_64-linux-gnu:/usr/lib/jni:/lib:/usr/lib"/>
    <property name="java.vm.info" value="mixed mode"/>
    <property name="java.vendor" value="Private Build"/>
    <property name="java.vm.version" value="25.402-b06"/>
    <property name="java.specification.maintenance.version" value="5"/>
    <property name="java.ext.dirs" value="/usr/lib/jvm/java-8-openjdk-amd64/jre/lib/ext:/usr/java/packages/lib/ext"/>
    <property name="sun.io.unicode.encoding" value="UnicodeLittle"/>
    <property name="java.class.version" value="52.0"/>
  </properties>
  <testcase name="testGetCipherShouldSupportLegacyCode" classname="org.apache.nifi.security.util.crypto.OpenSSLPKCS5CipherProviderGroovyTest" time="0.002">
    <system-err><![CDATA[[main] INFO org.apache.nifi.security.util.crypto.OpenSSLPKCS5CipherProviderGroovyTest - Using algorithm: PBEWITHMD5AND128BITAES-CBC-OPENSSL
[main] INFO org.apache.nifi.security.util.crypto.OpenSSLPKCS5CipherProviderGroovyTest - Cipher text: 79ff5ed87feb76e997b533f88fc284d7e6dba38c8bf119561bc96bdbac5087ff 32
[main] INFO org.apache.nifi.security.util.crypto.OpenSSLPKCS5CipherProviderGroovyTest - Using algorithm: PBEWITHMD5ANDDES
[main] INFO org.apache.nifi.security.util.crypto.OpenSSLPKCS5CipherProviderGroovyTest - Cipher text: 5e01189beeccbcc7f480d280e85269bf1e471c6b281c6b017703b6176816899b 32
[main] INFO org.apache.nifi.security.util.crypto.OpenSSLPKCS5CipherProviderGroovyTest - Using algorithm: PBEWITHMD5ANDRC2
[main] INFO org.apache.nifi.security.util.crypto.OpenSSLPKCS5CipherProviderGroovyTest - Cipher text: 17dd2a1e878b85cfb3ecfb314f6a94661c86fe2966242462ba1b86e5960f4582 32
[main] INFO org.apache.nifi.security.util.crypto.OpenSSLPKCS5CipherProviderGroovyTest - Using algorithm: PBEWITHSHA1ANDRC2
[main] INFO org.apache.nifi.security.util.crypto.OpenSSLPKCS5CipherProviderGroovyTest - Cipher text: aae7af3dc2867d7294fa3191c8d884d5de0bc5ad6dd8feae6bd76c16016c01d0 32
[main] INFO org.apache.nifi.security.util.crypto.OpenSSLPKCS5CipherProviderGroovyTest - Using algorithm: PBEWITHSHA1ANDDES
[main] INFO org.apache.nifi.security.util.crypto.OpenSSLPKCS5CipherProviderGroovyTest - Cipher text: c28cec96e24dc947abbc2ad78b60dcc9a3711955ffa84be005257f1ac898520b 32
[main] INFO org.apache.nifi.security.util.crypto.OpenSSLPKCS5CipherProviderGroovyTest - Using algorithm: PBEWITHSHAAND128BITAES-CBC-BC
[main] WARN org.apache.nifi.security.util.crypto.OpenSSLPKCS5CipherProviderGroovyTest - This test is skipped because the password length exceeds the undocumented limit BouncyCastle imposes on a JVM with limited strength crypto policies
[main] INFO org.apache.nifi.security.util.crypto.OpenSSLPKCS5CipherProviderGroovyTest - Using algorithm: PBEWITHSHAAND40BITRC2-CBC
[main] WARN org.apache.nifi.security.util.crypto.OpenSSLPKCS5CipherProviderGroovyTest - This test is skipped because the password length exceeds the undocumented limit BouncyCastle imposes on a JVM with limited strength crypto policies
[main] INFO org.apache.nifi.security.util.crypto.OpenSSLPKCS5CipherProviderGroovyTest - Using algorithm: PBEWITHSHAAND128BITRC2-CBC
[main] WARN org.apache.nifi.security.util.crypto.OpenSSLPKCS5CipherProviderGroovyTest - This test is skipped because the password length exceeds the undocumented limit BouncyCastle imposes on a JVM with limited strength crypto policies
[main] INFO org.apache.nifi.security.util.crypto.OpenSSLPKCS5CipherProviderGroovyTest - Using algorithm: PBEWITHSHAAND40BITRC4
[main] WARN org.apache.nifi.security.util.crypto.OpenSSLPKCS5CipherProviderGroovyTest - This test is skipped because the password length exceeds the undocumented limit BouncyCastle imposes on a JVM with limited strength crypto policies
[main] INFO org.apache.nifi.security.util.crypto.OpenSSLPKCS5CipherProviderGroovyTest - Using algorithm: PBEWITHSHAAND128BITRC4
[main] WARN org.apache.nifi.security.util.crypto.OpenSSLPKCS5CipherProviderGroovyTest - This test is skipped because the password length exceeds the undocumented limit BouncyCastle imposes on a JVM with limited strength crypto policies
[main] INFO org.apache.nifi.security.util.crypto.OpenSSLPKCS5CipherProviderGroovyTest - Using algorithm: PBEWITHSHA256AND128BITAES-CBC-BC
[main] WARN org.apache.nifi.security.util.crypto.OpenSSLPKCS5CipherProviderGroovyTest - This test is skipped because the password length exceeds the undocumented limit BouncyCastle imposes on a JVM with limited strength crypto policies
[main] INFO org.apache.nifi.security.util.crypto.OpenSSLPKCS5CipherProviderGroovyTest - Using algorithm: PBEWITHSHAAND2-KEYTRIPLEDES-CBC
[main] WARN org.apache.nifi.security.util.crypto.OpenSSLPKCS5CipherProviderGroovyTest - This test is skipped because the password length exceeds the undocumented limit BouncyCastle imposes on a JVM with limited strength crypto policies
[main] INFO org.apache.nifi.security.util.crypto.OpenSSLPKCS5CipherProviderGroovyTest - Using algorithm: PBEWITHSHAAND3-KEYTRIPLEDES-CBC
[main] WARN org.apache.nifi.security.util.crypto.OpenSSLPKCS5CipherProviderGroovyTest - This test is skipped because the password length exceeds the undocumented limit BouncyCastle imposes on a JVM with limited strength crypto policies
[main] INFO org.apache.nifi.security.util.crypto.OpenSSLPKCS5CipherProviderGroovyTest - Using algorithm: PBEWITHSHAANDTWOFISH-CBC
[main] WARN org.apache.nifi.security.util.crypto.OpenSSLPKCS5CipherProviderGroovyTest - This test is skipped because the password length exceeds the undocumented limit BouncyCastle imposes on a JVM with limited strength crypto policies
]]></system-err>
  </testcase>
  <testcase name="testGetCipherWithUnlimitedStrengthShouldBeInternallyConsistent" classname="org.apache.nifi.security.util.crypto.OpenSSLPKCS5CipherProviderGroovyTest" time="0.005">
    <system-err><![CDATA[[main] INFO org.apache.nifi.security.util.crypto.OpenSSLPKCS5CipherProviderGroovyTest - Using algorithm: PBEWITHMD5AND128BITAES-CBC-OPENSSL
[main] INFO org.apache.nifi.security.util.crypto.OpenSSLPKCS5CipherProviderGroovyTest - Cipher text: 47972607296f80b99816d2059bf899f48e8eb8dff37dac28370da3a605865894 32
[main] INFO org.apache.nifi.security.util.crypto.OpenSSLPKCS5CipherProviderGroovyTest - Using algorithm: PBEWITHMD5AND192BITAES-CBC-OPENSSL
[main] INFO org.apache.nifi.security.util.crypto.OpenSSLPKCS5CipherProviderGroovyTest - Cipher text: 062f138fbffdb5d7b49a8fe5ff4e373886522615c5ca9453ae212501568efcc7 32
[main] INFO org.apache.nifi.security.util.crypto.OpenSSLPKCS5CipherProviderGroovyTest - Using algorithm: PBEWITHMD5AND256BITAES-CBC-OPENSSL
[main] INFO org.apache.nifi.security.util.crypto.OpenSSLPKCS5CipherProviderGroovyTest - Cipher text: 4f17e1c3627f248535dfbda0ac8889d2ab7ba6ae128e99481afec5a3cbfa815f 32
[main] INFO org.apache.nifi.security.util.crypto.OpenSSLPKCS5CipherProviderGroovyTest - Using algorithm: PBEWITHMD5ANDDES
[main] INFO org.apache.nifi.security.util.crypto.OpenSSLPKCS5CipherProviderGroovyTest - Cipher text: 645a6e1d8112e1f88271f6770309e0172f547df2d88db202e8486ec8e78b7492 32
[main] INFO org.apache.nifi.security.util.crypto.OpenSSLPKCS5CipherProviderGroovyTest - Using algorithm: PBEWITHMD5ANDRC2
[main] INFO org.apache.nifi.security.util.crypto.OpenSSLPKCS5CipherProviderGroovyTest - Cipher text: c6d94febeff3275c484264d6ec5e6b07116f1ae385bf4811ae762bd7f7d7fcdd 32
[main] INFO org.apache.nifi.security.util.crypto.OpenSSLPKCS5CipherProviderGroovyTest - Using algorithm: PBEWITHSHA1ANDRC2
[main] INFO org.apache.nifi.security.util.crypto.OpenSSLPKCS5CipherProviderGroovyTest - Cipher text: 69eb0043b14095da2cf1ed88a3fd0d52de165bf779e4743a0d02c73fbafde5cf 32
[main] INFO org.apache.nifi.security.util.crypto.OpenSSLPKCS5CipherProviderGroovyTest - Using algorithm: PBEWITHSHA1ANDDES
[main] INFO org.apache.nifi.security.util.crypto.OpenSSLPKCS5CipherProviderGroovyTest - Cipher text: 5516703aaab91b32e87a5dc495993c51caacd75ea9ada24896a14437ab107091 32
[main] INFO org.apache.nifi.security.util.crypto.OpenSSLPKCS5CipherProviderGroovyTest - Using algorithm: PBEWITHSHAAND128BITAES-CBC-BC
[main] INFO org.apache.nifi.security.util.crypto.OpenSSLPKCS5CipherProviderGroovyTest - Cipher text: 5c79ebd756af2129d695658c9c4c6adf89cb377e732d04fa7fbc1be1bb5bc402 32
[main] INFO org.apache.nifi.security.util.crypto.OpenSSLPKCS5CipherProviderGroovyTest - Using algorithm: PBEWITHSHAAND192BITAES-CBC-BC
[main] INFO org.apache.nifi.security.util.crypto.OpenSSLPKCS5CipherProviderGroovyTest - Cipher text: 52e3fff4440ee3df0d6cf6d9e27044b225e28b707c0902cb433882b302cb454d 32
[main] INFO org.apache.nifi.security.util.crypto.OpenSSLPKCS5CipherProviderGroovyTest - Using algorithm: PBEWITHSHAAND256BITAES-CBC-BC
[main] INFO org.apache.nifi.security.util.crypto.OpenSSLPKCS5CipherProviderGroovyTest - Cipher text: 2aca3803da5e815f5c2759fa77e5295ac1000e62cc756bc14324ddb7cb3c9aaf 32
[main] INFO org.apache.nifi.security.util.crypto.OpenSSLPKCS5CipherProviderGroovyTest - Using algorithm: PBEWITHSHAAND40BITRC2-CBC
[main] INFO org.apache.nifi.security.util.crypto.OpenSSLPKCS5CipherProviderGroovyTest - Cipher text: 9c3e78ea82329345a9b0e6061e05484ce06d4cc2473d99c7e37a7c6b635df5a1 32
[main] INFO org.apache.nifi.security.util.crypto.OpenSSLPKCS5CipherProviderGroovyTest - Using algorithm: PBEWITHSHAAND128BITRC2-CBC
[main] INFO org.apache.nifi.security.util.crypto.OpenSSLPKCS5CipherProviderGroovyTest - Cipher text: f073dc0f81b9fcdaa28448df004fae236900bcd03067bbe06bc58480a9098ba7 32
[main] INFO org.apache.nifi.security.util.crypto.OpenSSLPKCS5CipherProviderGroovyTest - Using algorithm: PBEWITHSHAAND40BITRC4
[main] INFO org.apache.nifi.security.util.crypto.OpenSSLPKCS5CipherProviderGroovyTest - Cipher text: 96aee12a1791316c8bce79c09a980cf8b850aa4368742e6b304f363f 28
[main] INFO org.apache.nifi.security.util.crypto.OpenSSLPKCS5CipherProviderGroovyTest - Using algorithm: PBEWITHSHAAND128BITRC4
[main] INFO org.apache.nifi.security.util.crypto.OpenSSLPKCS5CipherProviderGroovyTest - Cipher text: e147be401a5edd5ca280859e41edd5a9e03693374d0e3ca2eaaed639 28
[main] INFO org.apache.nifi.security.util.crypto.OpenSSLPKCS5CipherProviderGroovyTest - Using algorithm: PBEWITHSHA256AND128BITAES-CBC-BC
[main] INFO org.apache.nifi.security.util.crypto.OpenSSLPKCS5CipherProviderGroovyTest - Cipher text: d938478aeba3dcece7dd9e2b451804b70816e1ca5d7b028cc0f7f9753ad57035 32
[main] INFO org.apache.nifi.security.util.crypto.OpenSSLPKCS5CipherProviderGroovyTest - Using algorithm: PBEWITHSHA256AND192BITAES-CBC-BC
[main] INFO org.apache.nifi.security.util.crypto.OpenSSLPKCS5CipherProviderGroovyTest - Cipher text: 0eae4c4738280c873da41d0c20d36f7f7baed2b539288516e727a77f92ec44b2 32
[main] INFO org.apache.nifi.security.util.crypto.OpenSSLPKCS5CipherProviderGroovyTest - Using algorithm: PBEWITHSHA256AND256BITAES-CBC-BC
[main] INFO org.apache.nifi.security.util.crypto.OpenSSLPKCS5CipherProviderGroovyTest - Cipher text: c1236cf470cc56296a4e76f6eead859fe837f6e7887b2b1e6ba51ddfaa6919a1 32
[main] INFO org.apache.nifi.security.util.crypto.OpenSSLPKCS5CipherProviderGroovyTest - Using algorithm: PBEWITHSHAAND2-KEYTRIPLEDES-CBC
[main] INFO org.apache.nifi.security.util.crypto.OpenSSLPKCS5CipherProviderGroovyTest - Cipher text: d732a68a67c122345d5fb6d1d51d1c51f0e3cf6c1b8ff4e9de8da943ef165da7 32
[main] INFO org.apache.nifi.security.util.crypto.OpenSSLPKCS5CipherProviderGroovyTest - Using algorithm: PBEWITHSHAAND3-KEYTRIPLEDES-CBC
[main] INFO org.apache.nifi.security.util.crypto.OpenSSLPKCS5CipherProviderGroovyTest - Cipher text: 3b3b00753ed89fef9d8f2ac81461f7244df68ff2de3907eb0bffe584827a4a9d 32
[main] INFO org.apache.nifi.security.util.crypto.OpenSSLPKCS5CipherProviderGroovyTest - Using algorithm: PBEWITHSHAANDTWOFISH-CBC
[main] INFO org.apache.nifi.security.util.crypto.OpenSSLPKCS5CipherProviderGroovyTest - Cipher text: c14416d2273fd93ffaa89f4a13fa8ea75a32c2bfc7c3df3a5cd70b8781fa2372 32
]]></system-err>
  </testcase>
  <testcase name="testGetCipherWithoutSaltShouldSupportLegacyCode" classname="org.apache.nifi.security.util.crypto.OpenSSLPKCS5CipherProviderGroovyTest" time="0.01">
    <system-err><![CDATA[[main] INFO org.apache.nifi.security.util.crypto.OpenSSLPKCS5CipherProviderGroovyTest - Using algorithm: PBEWITHMD5AND128BITAES-CBC-OPENSSL
[main] INFO org.apache.nifi.security.util.crypto.OpenSSLPKCS5CipherProviderGroovyTest - Cipher text: b29275ae7f922502db83b1d1481274e4968562614236068154cb3f8a8535ef43 32
[main] INFO org.apache.nifi.security.util.crypto.OpenSSLPKCS5CipherProviderGroovyTest - Using algorithm: PBEWITHMD5ANDDES
[main] INFO org.apache.nifi.security.util.crypto.OpenSSLPKCS5CipherProviderGroovyTest - Cipher text: b9bc700db8054eb7f97e8a3c404a65869121ac77737c1ccb5f5018fea714da7d 32
[main] INFO org.apache.nifi.security.util.crypto.OpenSSLPKCS5CipherProviderGroovyTest - Using algorithm: PBEWITHMD5ANDRC2
[main] INFO org.apache.nifi.security.util.crypto.OpenSSLPKCS5CipherProviderGroovyTest - Cipher text: dcc7ee2f237532ff2a67986f4b3ef64f972a116c238129fd8126c2456d859866 32
[main] INFO org.apache.nifi.security.util.crypto.OpenSSLPKCS5CipherProviderGroovyTest - Using algorithm: PBEWITHSHA1ANDRC2
[main] INFO org.apache.nifi.security.util.crypto.OpenSSLPKCS5CipherProviderGroovyTest - Cipher text: 7a05376f169c5ffd8e56579ebf7bc598bce970014ce68fafcc89c515ce0b6cc0 32
[main] INFO org.apache.nifi.security.util.crypto.OpenSSLPKCS5CipherProviderGroovyTest - Using algorithm: PBEWITHSHA1ANDDES
[main] INFO org.apache.nifi.security.util.crypto.OpenSSLPKCS5CipherProviderGroovyTest - Cipher text: a6d30dc6579e80a0ff12f4de3ceac0bc4e32d2a8e03baa97b35d99214bec362b 32
[main] INFO org.apache.nifi.security.util.crypto.OpenSSLPKCS5CipherProviderGroovyTest - Using algorithm: PBEWITHSHAAND128BITAES-CBC-BC
[main] INFO org.apache.nifi.security.util.crypto.OpenSSLPKCS5CipherProviderGroovyTest - Cipher text: 6a258dd1275e36d9c3e10627b71af608f181e532bc4102bf6d21d15caedd5fbf 32
[main] INFO org.apache.nifi.security.util.crypto.OpenSSLPKCS5CipherProviderGroovyTest - Using algorithm: PBEWITHSHAAND40BITRC2-CBC
[main] INFO org.apache.nifi.security.util.crypto.OpenSSLPKCS5CipherProviderGroovyTest - Cipher text: 3b9d626bbe868692168cec9ebb21cf4debe68c242186af33b75c7c9c98712d1c 32
[main] INFO org.apache.nifi.security.util.crypto.OpenSSLPKCS5CipherProviderGroovyTest - Using algorithm: PBEWITHSHAAND128BITRC2-CBC
[main] INFO org.apache.nifi.security.util.crypto.OpenSSLPKCS5CipherProviderGroovyTest - Cipher text: 6ff8c832f43c33be72f19532b91af785658acf1720ec0cdb8d982b2e02db4653 32
[main] INFO org.apache.nifi.security.util.crypto.OpenSSLPKCS5CipherProviderGroovyTest - Using algorithm: PBEWITHSHAAND40BITRC4
[main] INFO org.apache.nifi.security.util.crypto.OpenSSLPKCS5CipherProviderGroovyTest - Cipher text: c0d3ec986ea971b7648c78ea32403e4ca78ac29ddc5161070570d3d6 28
[main] INFO org.apache.nifi.security.util.crypto.OpenSSLPKCS5CipherProviderGroovyTest - Using algorithm: PBEWITHSHAAND128BITRC4
[main] INFO org.apache.nifi.security.util.crypto.OpenSSLPKCS5CipherProviderGroovyTest - Cipher text: b46045bb5b6d08420bdaeb313b7265caabee2e5e60b8b98acacbec8a 28
[main] INFO org.apache.nifi.security.util.crypto.OpenSSLPKCS5CipherProviderGroovyTest - Using algorithm: PBEWITHSHA256AND128BITAES-CBC-BC
[main] INFO org.apache.nifi.security.util.crypto.OpenSSLPKCS5CipherProviderGroovyTest - Cipher text: a78bc97083ba1092abaa6a4878ab5fbc02b02553bb07802ad9a5dff5286e5069 32
[main] INFO org.apache.nifi.security.util.crypto.OpenSSLPKCS5CipherProviderGroovyTest - Using algorithm: PBEWITHSHAAND2-KEYTRIPLEDES-CBC
[main] INFO org.apache.nifi.security.util.crypto.OpenSSLPKCS5CipherProviderGroovyTest - Cipher text: e4f71b155923bd672670341d3cfa4162520509afb039a1008c5347bb687b7724 32
[main] INFO org.apache.nifi.security.util.crypto.OpenSSLPKCS5CipherProviderGroovyTest - Using algorithm: PBEWITHSHAAND3-KEYTRIPLEDES-CBC
[main] INFO org.apache.nifi.security.util.crypto.OpenSSLPKCS5CipherProviderGroovyTest - Cipher text: 49e9083ed760d3bc1c8b2d6a21344a9125db22780c03f20290ca62ef6a710d56 32
[main] INFO org.apache.nifi.security.util.crypto.OpenSSLPKCS5CipherProviderGroovyTest - Using algorithm: PBEWITHSHAANDTWOFISH-CBC
[main] INFO org.apache.nifi.security.util.crypto.OpenSSLPKCS5CipherProviderGroovyTest - Cipher text: cb8c3d3f602ac6620daa108a3ad1cfd7411b0810a90b9965ffab775d240a98f5 32
]]></system-err>
  </testcase>
  <testcase name="testGetCipherShouldBeInternallyConsistent" classname="org.apache.nifi.security.util.crypto.OpenSSLPKCS5CipherProviderGroovyTest" time="0.006">
    <system-err><![CDATA[[main] INFO org.apache.nifi.security.util.crypto.OpenSSLPKCS5CipherProviderGroovyTest - Using algorithm: PBEWITHMD5AND128BITAES-CBC-OPENSSL
[main] INFO org.apache.nifi.security.util.crypto.OpenSSLPKCS5CipherProviderGroovyTest - Cipher text: 2753d4e3ff3f4ae68881d232f6c98671d7182076cc86049d3a200dbf34efb709 32
[main] INFO org.apache.nifi.security.util.crypto.OpenSSLPKCS5CipherProviderGroovyTest - Using algorithm: PBEWITHMD5ANDDES
[main] INFO org.apache.nifi.security.util.crypto.OpenSSLPKCS5CipherProviderGroovyTest - Cipher text: b5ac4cb997e4143b7f31566ea13716fc905059e4fea834424815056e01f521e5 32
[main] INFO org.apache.nifi.security.util.crypto.OpenSSLPKCS5CipherProviderGroovyTest - Using algorithm: PBEWITHMD5ANDRC2
[main] INFO org.apache.nifi.security.util.crypto.OpenSSLPKCS5CipherProviderGroovyTest - Cipher text: 3197e714d865768f8226db380a16d2e5a57428730eb5e67ccfd38559a15cbf31 32
[main] INFO org.apache.nifi.security.util.crypto.OpenSSLPKCS5CipherProviderGroovyTest - Using algorithm: PBEWITHSHA1ANDRC2
[main] INFO org.apache.nifi.security.util.crypto.OpenSSLPKCS5CipherProviderGroovyTest - Cipher text: 6bc00b096b4c7abc440ecc9fb2233a85527ab71879edc218952e9168714dbde2 32
[main] INFO org.apache.nifi.security.util.crypto.OpenSSLPKCS5CipherProviderGroovyTest - Using algorithm: PBEWITHSHA1ANDDES
[main] INFO org.apache.nifi.security.util.crypto.OpenSSLPKCS5CipherProviderGroovyTest - Cipher text: 19485ca385cf6435ea474e5386478c0b1271d899c552995cbc5af9d53df94099 32
[main] INFO org.apache.nifi.security.util.crypto.OpenSSLPKCS5CipherProviderGroovyTest - Using algorithm: PBEWITHSHAAND128BITAES-CBC-BC
[main] INFO org.apache.nifi.security.util.crypto.OpenSSLPKCS5CipherProviderGroovyTest - Cipher text: 7e8f5f8c008954be8d8415ae6241984d0fa76412a4626a1b59e0b1c5b2639f99 32
[main] INFO org.apache.nifi.security.util.crypto.OpenSSLPKCS5CipherProviderGroovyTest - Using algorithm: PBEWITHSHAAND40BITRC2-CBC
[main] INFO org.apache.nifi.security.util.crypto.OpenSSLPKCS5CipherProviderGroovyTest - Cipher text: c119864b848c5840fa980c6370dce2c88508e4bd5c727f30597401f21a47f166 32
[main] INFO org.apache.nifi.security.util.crypto.OpenSSLPKCS5CipherProviderGroovyTest - Using algorithm: PBEWITHSHAAND128BITRC2-CBC
[main] INFO org.apache.nifi.security.util.crypto.OpenSSLPKCS5CipherProviderGroovyTest - Cipher text: 2808d4c8fc5c8bfb40fac4a9b9eea72f080b89d1e0a05727f4e03bec873139d4 32
[main] INFO org.apache.nifi.security.util.crypto.OpenSSLPKCS5CipherProviderGroovyTest - Using algorithm: PBEWITHSHAAND40BITRC4
[main] INFO org.apache.nifi.security.util.crypto.OpenSSLPKCS5CipherProviderGroovyTest - Cipher text: 9dfd5efa7b781a4830440993717902a8a51a2633cb180f749bb509fe 28
[main] INFO org.apache.nifi.security.util.crypto.OpenSSLPKCS5CipherProviderGroovyTest - Using algorithm: PBEWITHSHAAND128BITRC4
[main] INFO org.apache.nifi.security.util.crypto.OpenSSLPKCS5CipherProviderGroovyTest - Cipher text: 855ddcae3268b6e449f1935aa621cd4068c095ef4e75af56e87cbd19 28
[main] INFO org.apache.nifi.security.util.crypto.OpenSSLPKCS5CipherProviderGroovyTest - Using algorithm: PBEWITHSHA256AND128BITAES-CBC-BC
[main] INFO org.apache.nifi.security.util.crypto.OpenSSLPKCS5CipherProviderGroovyTest - Cipher text: abea97d3634d056c862c0103518751a71bd8f171a2c5d7a27bae6fe0b15c6c2f 32
[main] INFO org.apache.nifi.security.util.crypto.OpenSSLPKCS5CipherProviderGroovyTest - Using algorithm: PBEWITHSHAAND2-KEYTRIPLEDES-CBC
[main] INFO org.apache.nifi.security.util.crypto.OpenSSLPKCS5CipherProviderGroovyTest - Cipher text: 3775d12deaa8511d9d8d9fe74938e44a688ab15a3960727b065eee61fe653869 32
[main] INFO org.apache.nifi.security.util.crypto.OpenSSLPKCS5CipherProviderGroovyTest - Using algorithm: PBEWITHSHAAND3-KEYTRIPLEDES-CBC
[main] INFO org.apache.nifi.security.util.crypto.OpenSSLPKCS5CipherProviderGroovyTest - Cipher text: a6603417baebbdf4b8df1f37d15c696db863b6ac7563b213725f618e21731fd1 32
[main] INFO org.apache.nifi.security.util.crypto.OpenSSLPKCS5CipherProviderGroovyTest - Using algorithm: PBEWITHSHAANDTWOFISH-CBC
[main] INFO org.apache.nifi.security.util.crypto.OpenSSLPKCS5CipherProviderGroovyTest - Cipher text: 4ccb9f13bda2754ae07e1925a9b86645ff618ba46380562025837ac5d91d223e 32
]]></system-err>
  </testcase>
  <testcase name="testGetCipherShouldIgnoreKeyLength" classname="org.apache.nifi.security.util.crypto.OpenSSLPKCS5CipherProviderGroovyTest" time="0.002">
    <system-err><![CDATA[[main] INFO org.apache.nifi.security.util.crypto.OpenSSLPKCS5CipherProviderGroovyTest - Cipher text: 47972607296f80b99816d2059bf899f48e8eb8dff37dac28370da3a605865894 32
[main] INFO org.apache.nifi.security.util.crypto.OpenSSLPKCS5CipherProviderGroovyTest - Decrypting with 'requested' key length: -1
[main] INFO org.apache.nifi.security.util.crypto.OpenSSLPKCS5CipherProviderGroovyTest - Decrypting with 'requested' key length: 40
[main] INFO org.apache.nifi.security.util.crypto.OpenSSLPKCS5CipherProviderGroovyTest - Decrypting with 'requested' key length: 64
[main] INFO org.apache.nifi.security.util.crypto.OpenSSLPKCS5CipherProviderGroovyTest - Decrypting with 'requested' key length: 128
[main] INFO org.apache.nifi.security.util.crypto.OpenSSLPKCS5CipherProviderGroovyTest - Decrypting with 'requested' key length: 192
[main] INFO org.apache.nifi.security.util.crypto.OpenSSLPKCS5CipherProviderGroovyTest - Decrypting with 'requested' key length: 256
]]></system-err>
  </testcase>
  <testcase name="testGetCipherShouldRequireEncryptionMethod" classname="org.apache.nifi.security.util.crypto.OpenSSLPKCS5CipherProviderGroovyTest" time="0.002">
    <system-err><![CDATA[[main] INFO org.apache.nifi.security.util.crypto.OpenSSLPKCS5CipherProviderGroovyTest - Using algorithm: null
]]></system-err>
  </testcase>
  <testcase name="testGenerateSaltShouldProvideValidSalt" classname="org.apache.nifi.security.util.crypto.OpenSSLPKCS5CipherProviderGroovyTest" time="0">
    <system-err><![CDATA[[main] INFO org.apache.nifi.security.util.crypto.OpenSSLPKCS5CipherProviderGroovyTest - Checking salt bab86a50c7c65130
]]></system-err>
  </testcase>
  <testcase name="testGetCipherShouldValidateSaltLength" classname="org.apache.nifi.security.util.crypto.OpenSSLPKCS5CipherProviderGroovyTest" time="0.001">
    <system-err><![CDATA[[main] INFO org.apache.nifi.security.util.crypto.OpenSSLPKCS5CipherProviderGroovyTest - Using algorithm: EncryptionMethod[Algorithm name=PBEWITHMD5AND128BITAES-CBC-OPENSSL,Requires unlimited strength JCE policy=false,Algorithm Provider=BC,Compatible with strong KDFs=false,Keyed cipher=false]
]]></system-err>
  </testcase>
  <testcase name="testGetCipherShouldRequirePassword" classname="org.apache.nifi.security.util.crypto.OpenSSLPKCS5CipherProviderGroovyTest" time="0.001">
    <system-err><![CDATA[[main] INFO org.apache.nifi.security.util.crypto.OpenSSLPKCS5CipherProviderGroovyTest - Using algorithm: EncryptionMethod[Algorithm name=PBEWITHMD5AND128BITAES-CBC-OPENSSL,Requires unlimited strength JCE policy=false,Algorithm Provider=BC,Compatible with strong KDFs=false,Keyed cipher=false]
]]></system-err>
  </testcase>
</testsuite>